<?xml version="1.0" encoding="UTF-8"?>
<testsuite xmlns:xsi="http://www.w3.org/2001/XMLSchema-instance" xsi:noNamespaceSchemaLocation="https://maven.apache.org/surefire/maven-surefire-plugin/xsd/surefire-test-report.xsd" name="org.apache.hadoop.ozone.client.rpc.TestWatchForCommit" time="242.802" tests="5" errors="1" skipped="0" failures="1">
  <properties>
    <property name="awt.toolkit" value="sun.awt.X11.XToolkit"/>
    <property name="file.encoding.pkg" value="sun.io"/>
    <property name="java.specification.version" value="1.8"/>
    <property name="sun.cpu.isalist" value=""/>
    <property name="sun.jnu.encoding" value="UTF-8"/>
    <property name="java.class.path" value="/workdir/hadoop-ozone/integration-test/target/test-classes:/workdir/hadoop-ozone/integration-test/target/classes:/home/user/.m2/repository/org/apache/hadoop/hadoop-ozone-common/0.5.0-SNAPSHOT/hadoop-ozone-common-0.5.0-SNAPSHOT.jar:/home/user/.m2/repository/org/apache/commons/commons-compress/1.4.1/commons-compress-1.4.1.jar:/home/user/.m2/repository/org/tukaani/xz/1.0/xz-1.0.jar:/home/user/.m2/repository/org/apache/hadoop/hadoop-common/3.2.0/hadoop-common-3.2.0.jar:/home/user/.m2/repository/org/apache/hadoop/hadoop-hdfs/3.2.0/hadoop-hdfs-3.2.0.jar:/home/user/.m2/repository/org/apache/hadoop/hadoop-hdfs-client/3.2.0/hadoop-hdfs-client-3.2.0.jar:/home/user/.m2/repository/com/fasterxml/jackson/core/jackson-annotations/2.9.9/jackson-annotations-2.9.9.jar:/home/user/.m2/repository/org/apache/hadoop/hadoop-hdds-common/0.5.0-SNAPSHOT/hadoop-hdds-common-0.5.0-SNAPSHOT.jar:/home/user/.m2/repository/javax/annotation/javax.annotation-api/1.2/javax.annotation-api-1.2.jar:/home/user/.m2/repository/org/apache/ratis/ratis-server/0.5.0-201fc85-SNAPSHOT/ratis-server-0.5.0-201fc85-SNAPSHOT.jar:/home/user/.m2/repository/org/apache/ratis/ratis-thirdparty-misc/0.2.0/ratis-thirdparty-misc-0.2.0.jar:/home/user/.m2/repository/org/apache/ratis/ratis-proto/0.5.0-201fc85-SNAPSHOT/ratis-proto-0.5.0-201fc85-SNAPSHOT.jar:/home/user/.m2/repository/org/apache/ratis/ratis-common/0.5.0-201fc85-SNAPSHOT/ratis-common-0.5.0-201fc85-SNAPSHOT.jar:/home/user/.m2/repository/org/apache/ratis/ratis-client/0.5.0-201fc85-SNAPSHOT/ratis-client-0.5.0-201fc85-SNAPSHOT.jar:/home/user/.m2/repository/org/apache/ratis/ratis-metrics/0.5.0-201fc85-SNAPSHOT/ratis-metrics-0.5.0-201fc85-SNAPSHOT.jar:/home/user/.m2/repository/com/github/joshelser/dropwizard-metrics-hadoop-metrics2-reporter/0.1.2/dropwizard-metrics-hadoop-metrics2-reporter-0.1.2.jar:/home/user/.m2/repository/io/dropwizard/metrics/metrics-jvm/3.2.5/metrics-jvm-3.2.5.jar:/home/user/.m2/repository/io/dropwizard/metrics/metrics-ganglia/3.2.5/metrics-ganglia-3.2.5.jar:/home/user/.m2/repository/info/ganglia/gmetric4j/gmetric4j/1.0.7/gmetric4j-1.0.7.jar:/home/user/.m2/repository/org/apache/ratis/ratis-netty/0.5.0-201fc85-SNAPSHOT/ratis-netty-0.5.0-201fc85-SNAPSHOT.jar:/home/user/.m2/repository/org/apache/ratis/ratis-grpc/0.5.0-201fc85-SNAPSHOT/ratis-grpc-0.5.0-201fc85-SNAPSHOT.jar:/home/user/.m2/repository/org/rocksdb/rocksdbjni/6.0.1/rocksdbjni-6.0.1.jar:/home/user/.m2/repository/org/apache/logging/log4j/log4j-api/2.11.0/log4j-api-2.11.0.jar:/home/user/.m2/repository/org/apache/logging/log4j/log4j-core/2.11.0/log4j-core-2.11.0.jar:/home/user/.m2/repository/com/lmax/disruptor/3.4.2/disruptor-3.4.2.jar:/home/user/.m2/repository/org/apache/commons/commons-pool2/2.6.0/commons-pool2-2.6.0.jar:/home/user/.m2/repository/org/bouncycastle/bcpkix-jdk15on/1.60/bcpkix-jdk15on-1.60.jar:/home/user/.m2/repository/commons-validator/commons-validator/1.6/commons-validator-1.6.jar:/home/user/.m2/repository/commons-digester/commons-digester/1.8.1/commons-digester-1.8.1.jar:/home/user/.m2/repository/io/jaegertracing/jaeger-client/0.34.0/jaeger-client-0.34.0.jar:/home/user/.m2/repository/io/jaegertracing/jaeger-thrift/0.34.0/jaeger-thrift-0.34.0.jar:/home/user/.m2/repository/org/apache/thrift/libthrift/0.12.0/libthrift-0.12.0.jar:/home/user/.m2/repository/com/squareup/okhttp3/okhttp/3.9.0/okhttp-3.9.0.jar:/home/user/.m2/repository/com/squareup/okio/okio/1.13.0/okio-1.13.0.jar:/home/user/.m2/repository/io/jaegertracing/jaeger-core/0.34.0/jaeger-core-0.34.0.jar:/home/user/.m2/repository/io/jaegertracing/jaeger-tracerresolver/0.34.0/jaeger-tracerresolver-0.34.0.jar:/home/user/.m2/repository/io/opentracing/contrib/opentracing-tracerresolver/0.1.5/opentracing-tracerresolver-0.1.5.jar:/home/user/.m2/repository/io/opentracing/opentracing-util/0.31.0/opentracing-util-0.31.0.jar:/home/user/.m2/repository/io/opentracing/opentracing-api/0.31.0/opentracing-api-0.31.0.jar:/home/user/.m2/repository/io/opentracing/opentracing-noop/0.31.0/opentracing-noop-0.31.0.jar:/home/user/.m2/repository/org/apache/hadoop/hadoop-hdds-server-framework/0.5.0-SNAPSHOT/hadoop-hdds-server-framework-0.5.0-SNAPSHOT.jar:/home/user/.m2/repository/org/apache/hadoop/hadoop-hdds-container-service/0.5.0-SNAPSHOT/hadoop-hdds-container-service-0.5.0-SNAPSHOT.jar:/home/user/.m2/repository/org/apache/hadoop/hadoop-hdds-client/0.5.0-SNAPSHOT/hadoop-hdds-client-0.5.0-SNAPSHOT.jar:/home/user/.m2/repository/org/apache/hadoop/hadoop-hdds-tools/0.5.0-SNAPSHOT/hadoop-hdds-tools-0.5.0-SNAPSHOT.jar:/home/user/.m2/repository/org/apache/hadoop/hadoop-hdds-server-scm/0.5.0-SNAPSHOT/hadoop-hdds-server-scm-0.5.0-SNAPSHOT.jar:/home/user/.m2/repository/org/apache/hadoop/hadoop-hdds-docs/0.5.0-SNAPSHOT/hadoop-hdds-docs-0.5.0-SNAPSHOT.jar:/home/user/.m2/repository/io/dropwizard/metrics/metrics-core/3.2.4/metrics-core-3.2.4.jar:/home/user/.m2/repository/org/hamcrest/hamcrest-all/1.3/hamcrest-all-1.3.jar:/home/user/.m2/repository/org/bouncycastle/bcprov-jdk15on/1.60/bcprov-jdk15on-1.60.jar:/home/user/.m2/repository/info/picocli/picocli/3.9.6/picocli-3.9.6.jar:/home/user/.m2/repository/com/google/protobuf/protobuf-java/2.5.0/protobuf-java-2.5.0.jar:/home/user/.m2/repository/com/google/guava/guava/11.0.2/guava-11.0.2.jar:/home/user/.m2/repository/org/apache/hadoop/hadoop-ozone-ozone-manager/0.5.0-SNAPSHOT/hadoop-ozone-ozone-manager-0.5.0-SNAPSHOT.jar:/home/user/.m2/repository/org/apache/hadoop/hadoop-minikdc/3.2.0/hadoop-minikdc-3.2.0.jar:/home/user/.m2/repository/commons-io/commons-io/2.5/commons-io-2.5.jar:/home/user/.m2/repository/org/apache/kerby/kerb-simplekdc/1.0.1/kerb-simplekdc-1.0.1.jar:/home/user/.m2/repository/org/apache/kerby/kerb-client/1.0.1/kerb-client-1.0.1.jar:/home/user/.m2/repository/org/apache/kerby/kerby-config/1.0.1/kerby-config-1.0.1.jar:/home/user/.m2/repository/org/apache/kerby/kerb-core/1.0.1/kerb-core-1.0.1.jar:/home/user/.m2/repository/org/apache/kerby/kerby-pkix/1.0.1/kerby-pkix-1.0.1.jar:/home/user/.m2/repository/org/apache/kerby/kerby-asn1/1.0.1/kerby-asn1-1.0.1.jar:/home/user/.m2/repository/org/apache/kerby/kerby-util/1.0.1/kerby-util-1.0.1.jar:/home/user/.m2/repository/org/apache/kerby/kerb-common/1.0.1/kerb-common-1.0.1.jar:/home/user/.m2/repository/org/apache/kerby/kerb-crypto/1.0.1/kerb-crypto-1.0.1.jar:/home/user/.m2/repository/org/apache/kerby/kerb-util/1.0.1/kerb-util-1.0.1.jar:/home/user/.m2/repository/org/apache/kerby/token-provider/1.0.1/token-provider-1.0.1.jar:/home/user/.m2/repository/org/apache/kerby/kerb-admin/1.0.1/kerb-admin-1.0.1.jar:/home/user/.m2/repository/org/apache/kerby/kerb-server/1.0.1/kerb-server-1.0.1.jar:/home/user/.m2/repository/org/apache/kerby/kerb-identity/1.0.1/kerb-identity-1.0.1.jar:/home/user/.m2/repository/org/apache/kerby/kerby-xdr/1.0.1/kerby-xdr-1.0.1.jar:/home/user/.m2/repository/org/slf4j/slf4j-log4j12/1.7.25/slf4j-log4j12-1.7.25.jar:/home/user/.m2/repository/org/apache/hadoop/hadoop-ozone-s3gateway/0.5.0-SNAPSHOT/hadoop-ozone-s3gateway-0.5.0-SNAPSHOT.jar:/home/user/.m2/repository/org/jboss/weld/servlet/weld-servlet/2.4.7.Final/weld-servlet-2.4.7.Final.jar:/home/user/.m2/repository/org/glassfish/jersey/containers/jersey-container-servlet-core/2.27/jersey-container-servlet-core-2.27.jar:/home/user/.m2/repository/org/glassfish/hk2/external/javax.inject/2.5.0-b42/javax.inject-2.5.0-b42.jar:/home/user/.m2/repository/org/glassfish/jersey/core/jersey-common/2.27/jersey-common-2.27.jar:/home/user/.m2/repository/org/glassfish/hk2/osgi-resource-locator/1.0.1/osgi-resource-locator-1.0.1.jar:/home/user/.m2/repository/javax/ws/rs/javax.ws.rs-api/2.1/javax.ws.rs-api-2.1.jar:/home/user/.m2/repository/org/glassfish/jersey/ext/cdi/jersey-cdi1x/2.27/jersey-cdi1x-2.27.jar:/home/user/.m2/repository/org/glassfish/jersey/inject/jersey-hk2/2.27/jersey-hk2-2.27.jar:/home/user/.m2/repository/org/glassfish/hk2/hk2-locator/2.5.0-b42/hk2-locator-2.5.0-b42.jar:/home/user/.m2/repository/org/javassist/javassist/3.22.0-CR2/javassist-3.22.0-CR2.jar:/home/user/.m2/repository/org/glassfish/hk2/hk2-api/2.5.0/hk2-api-2.5.0.jar:/home/user/.m2/repository/org/glassfish/hk2/external/jakarta.inject/2.5.0/jakarta.inject-2.5.0.jar:/home/user/.m2/repository/org/glassfish/hk2/hk2-utils/2.5.0/hk2-utils-2.5.0.jar:/home/user/.m2/repository/jakarta/annotation/jakarta.annotation-api/1.3.4/jakarta.annotation-api-1.3.4.jar:/home/user/.m2/repository/org/glassfish/hk2/external/aopalliance-repackaged/2.5.0/aopalliance-repackaged-2.5.0.jar:/home/user/.m2/repository/com/fasterxml/jackson/dataformat/jackson-dataformat-xml/2.9.0/jackson-dataformat-xml-2.9.0.jar:/home/user/.m2/repository/com/fasterxml/jackson/core/jackson-core/2.9.9/jackson-core-2.9.9.jar:/home/user/.m2/repository/com/fasterxml/jackson/module/jackson-module-jaxb-annotations/2.9.9/jackson-module-jaxb-annotations-2.9.9.jar:/home/user/.m2/repository/javax/enterprise/cdi-api/1.2/cdi-api-1.2.jar:/home/user/.m2/repository/javax/el/javax.el-api/3.0.0/javax.el-api-3.0.0.jar:/home/user/.m2/repository/javax/interceptor/javax.interceptor-api/1.2/javax.interceptor-api-1.2.jar:/home/user/.m2/repository/javax/inject/javax.inject/1/javax.inject-1.jar:/home/user/.m2/repository/com/sun/xml/bind/jaxb-impl/2.3.0.1/jaxb-impl-2.3.0.1.jar:/home/user/.m2/repository/com/sun/xml/bind/jaxb-core/2.3.0.1/jaxb-core-2.3.0.1.jar:/home/user/.m2/repository/javax/xml/bind/jaxb-api/2.3.0/jaxb-api-2.3.0.jar:/home/user/.m2/repository/javax/activation/activation/1.1.1/activation-1.1.1.jar:/home/user/.m2/repository/org/apache/hadoop/hadoop-ozone-csi/0.5.0-SNAPSHOT/hadoop-ozone-csi-0.5.0-SNAPSHOT.jar:/home/user/.m2/repository/com/google/protobuf/protobuf-java-util/3.5.1/protobuf-java-util-3.5.1.jar:/home/user/.m2/repository/org/apache/hadoop/hadoop-hdds-config/0.5.0-SNAPSHOT/hadoop-hdds-config-0.5.0-SNAPSHOT.jar:/home/user/.m2/repository/io/grpc/grpc-netty/1.17.1/grpc-netty-1.17.1.jar:/home/user/.m2/repository/io/grpc/grpc-core/1.17.1/grpc-core-1.17.1.jar:/home/user/.m2/repository/io/grpc/grpc-context/1.17.1/grpc-context-1.17.1.jar:/home/user/.m2/repository/com/google/errorprone/error_prone_annotations/2.2.0/error_prone_annotations-2.2.0.jar:/home/user/.m2/repository/org/codehaus/mojo/animal-sniffer-annotations/1.17/animal-sniffer-annotations-1.17.jar:/home/user/.m2/repository/io/opencensus/opencensus-api/0.17.0/opencensus-api-0.17.0.jar:/home/user/.m2/repository/io/opencensus/opencensus-contrib-grpc-metrics/0.17.0/opencensus-contrib-grpc-metrics-0.17.0.jar:/home/user/.m2/repository/io/netty/netty-codec-http2/4.1.30.Final/netty-codec-http2-4.1.30.Final.jar:/home/user/.m2/repository/io/netty/netty-codec-http/4.1.30.Final/netty-codec-http-4.1.30.Final.jar:/home/user/.m2/repository/io/netty/netty-codec/4.1.30.Final/netty-codec-4.1.30.Final.jar:/home/user/.m2/repository/io/netty/netty-handler/4.1.30.Final/netty-handler-4.1.30.Final.jar:/home/user/.m2/repository/io/netty/netty-handler-proxy/4.1.30.Final/netty-handler-proxy-4.1.30.Final.jar:/home/user/.m2/repository/io/netty/netty-codec-socks/4.1.30.Final/netty-codec-socks-4.1.30.Final.jar:/home/user/.m2/repository/io/netty/netty-transport-native-epoll/4.1.30.Final/netty-transport-native-epoll-4.1.30.Final.jar:/home/user/.m2/repository/io/netty/netty-common/4.1.30.Final/netty-common-4.1.30.Final.jar:/home/user/.m2/repository/io/netty/netty-buffer/4.1.30.Final/netty-buffer-4.1.30.Final.jar:/home/user/.m2/repository/io/netty/netty-transport/4.1.30.Final/netty-transport-4.1.30.Final.jar:/home/user/.m2/repository/io/netty/netty-resolver/4.1.30.Final/netty-resolver-4.1.30.Final.jar:/home/user/.m2/repository/io/netty/netty-transport-native-unix-common/4.1.30.Final/netty-transport-native-unix-common-4.1.30.Final.jar:/home/user/.m2/repository/io/grpc/grpc-protobuf/1.17.1/grpc-protobuf-1.17.1.jar:/home/user/.m2/repository/com/google/api/grpc/proto-google-common-protos/1.0.0/proto-google-common-protos-1.0.0.jar:/home/user/.m2/repository/io/grpc/grpc-protobuf-lite/1.17.1/grpc-protobuf-lite-1.17.1.jar:/home/user/.m2/repository/io/grpc/grpc-stub/1.17.1/grpc-stub-1.17.1.jar:/home/user/.m2/repository/org/apache/hadoop/hadoop-ozone-recon/0.5.0-SNAPSHOT/hadoop-ozone-recon-0.5.0-SNAPSHOT.jar:/home/user/.m2/repository/org/apache/hadoop/hadoop-ozone-reconcodegen/0.5.0-SNAPSHOT/hadoop-ozone-reconcodegen-0.5.0-SNAPSHOT.jar:/home/user/.m2/repository/com/google/inject/extensions/guice-multibindings/4.0/guice-multibindings-4.0.jar:/home/user/.m2/repository/com/google/inject/guice/4.0/guice-4.0.jar:/home/user/.m2/repository/aopalliance/aopalliance/1.0/aopalliance-1.0.jar:/home/user/.m2/repository/com/google/inject/extensions/guice-servlet/4.0/guice-servlet-4.0.jar:/home/user/.m2/repository/org/glassfish/jersey/containers/jersey-container-servlet/2.27/jersey-container-servlet-2.27.jar:/home/user/.m2/repository/org/glassfish/hk2/guice-bridge/2.5.0/guice-bridge-2.5.0.jar:/home/user/.m2/repository/org/glassfish/jersey/core/jersey-server/2.27/jersey-server-2.27.jar:/home/user/.m2/repository/org/glassfish/jersey/core/jersey-client/2.27/jersey-client-2.27.jar:/home/user/.m2/repository/org/glassfish/jersey/media/jersey-media-jaxb/2.27/jersey-media-jaxb-2.27.jar:/home/user/.m2/repository/javax/validation/validation-api/1.1.0.Final/validation-api-1.1.0.Final.jar:/home/user/.m2/repository/org/glassfish/jersey/media/jersey-media-json-jackson/2.27/jersey-media-json-jackson-2.27.jar:/home/user/.m2/repository/org/glassfish/jersey/ext/jersey-entity-filtering/2.27/jersey-entity-filtering-2.27.jar:/home/user/.m2/repository/com/google/inject/extensions/guice-assistedinject/4.0/guice-assistedinject-4.0.jar:/home/user/.m2/repository/org/jooq/jooq/3.11.10/jooq-3.11.10.jar:/home/user/.m2/repository/org/jooq/jooq-meta/3.11.10/jooq-meta-3.11.10.jar:/home/user/.m2/repository/org/jooq/jooq-codegen/3.11.10/jooq-codegen-3.11.10.jar:/home/user/.m2/repository/com/jolbox/bonecp/0.8.0.RELEASE/bonecp-0.8.0.RELEASE.jar:/home/user/.m2/repository/org/xerial/sqlite-jdbc/3.25.2/sqlite-jdbc-3.25.2.jar:/home/user/.m2/repository/org/springframework/spring-jdbc/5.1.3.RELEASE/spring-jdbc-5.1.3.RELEASE.jar:/home/user/.m2/repository/org/springframework/spring-beans/5.1.3.RELEASE/spring-beans-5.1.3.RELEASE.jar:/home/user/.m2/repository/org/springframework/spring-core/5.1.3.RELEASE/spring-core-5.1.3.RELEASE.jar:/home/user/.m2/repository/org/springframework/spring-jcl/5.1.3.RELEASE/spring-jcl-5.1.3.RELEASE.jar:/home/user/.m2/repository/org/springframework/spring-tx/5.1.3.RELEASE/spring-tx-5.1.3.RELEASE.jar:/home/user/.m2/repository/org/apache/hadoop/hadoop-ozone-client/0.5.0-SNAPSHOT/hadoop-ozone-client-0.5.0-SNAPSHOT.jar:/home/user/.m2/repository/commons-lang/commons-lang/2.6/commons-lang-2.6.jar:/home/user/.m2/repository/org/apache/hadoop/hadoop-ozone-ozone-manager/0.5.0-SNAPSHOT/hadoop-ozone-ozone-manager-0.5.0-SNAPSHOT-tests.jar:/home/user/.m2/repository/junit/junit/4.11/junit-4.11.jar:/home/user/.m2/repository/org/hamcrest/hamcrest-core/1.3/hamcrest-core-1.3.jar:/home/user/.m2/repository/org/openjdk/jmh/jmh-core/1.19/jmh-core-1.19.jar:/home/user/.m2/repository/net/sf/jopt-simple/jopt-simple/4.6/jopt-simple-4.6.jar:/home/user/.m2/repository/org/apache/commons/commons-math3/3.1.1/commons-math3-3.1.1.jar:/home/user/.m2/repository/org/openjdk/jmh/jmh-generator-annprocess/1.19/jmh-generator-annprocess-1.19.jar:/home/user/.m2/repository/org/mockito/mockito-all/1.8.5/mockito-all-1.8.5.jar:/home/user/.m2/repository/org/apache/hadoop/hadoop-kms/3.2.0/hadoop-kms-3.2.0.jar:/home/user/.m2/repository/org/apache/hadoop/hadoop-auth/3.2.0/hadoop-auth-3.2.0.jar:/home/user/.m2/repository/com/nimbusds/nimbus-jose-jwt/4.41.1/nimbus-jose-jwt-4.41.1.jar:/home/user/.m2/repository/com/github/stephenc/jcip/jcip-annotations/1.0-1/jcip-annotations-1.0-1.jar:/home/user/.m2/repository/net/minidev/json-smart/2.3/json-smart-2.3.jar:/home/user/.m2/repository/net/minidev/accessors-smart/1.2/accessors-smart-1.2.jar:/home/user/.m2/repository/org/ow2/asm/asm/5.0.4/asm-5.0.4.jar:/home/user/.m2/repository/org/apache/curator/curator-framework/2.12.0/curator-framework-2.12.0.jar:/home/user/.m2/repository/com/sun/jersey/jersey-core/1.19/jersey-core-1.19.jar:/home/user/.m2/repository/javax/ws/rs/jsr311-api/1.1.1/jsr311-api-1.1.1.jar:/home/user/.m2/repository/com/sun/jersey/jersey-server/1.19/jersey-server-1.19.jar:/home/user/.m2/repository/javax/servlet/javax.servlet-api/3.1.0/javax.servlet-api-3.1.0.jar:/home/user/.m2/repository/org/eclipse/jetty/jetty-server/9.3.25.v20180904/jetty-server-9.3.25.v20180904.jar:/home/user/.m2/repository/org/eclipse/jetty/jetty-http/9.3.25.v20180904/jetty-http-9.3.25.v20180904.jar:/home/user/.m2/repository/org/eclipse/jetty/jetty-io/9.3.25.v20180904/jetty-io-9.3.25.v20180904.jar:/home/user/.m2/repository/org/eclipse/jetty/jetty-webapp/9.3.25.v20180904/jetty-webapp-9.3.25.v20180904.jar:/home/user/.m2/repository/org/eclipse/jetty/jetty-xml/9.3.25.v20180904/jetty-xml-9.3.25.v20180904.jar:/home/user/.m2/repository/log4j/log4j/1.2.17/log4j-1.2.17.jar:/home/user/.m2/repository/org/slf4j/slf4j-api/1.7.25/slf4j-api-1.7.25.jar:/home/user/.m2/repository/org/slf4j/jul-to-slf4j/1.7.25/jul-to-slf4j-1.7.25.jar:/home/user/.m2/repository/org/eclipse/jetty/jetty-util/9.3.25.v20180904/jetty-util-9.3.25.v20180904.jar:/home/user/.m2/repository/com/fasterxml/jackson/core/jackson-databind/2.9.9/jackson-databind-2.9.9.jar:/home/user/.m2/repository/org/apache/hadoop/hadoop-kms/3.2.0/hadoop-kms-3.2.0-tests.jar:/home/user/.m2/repository/org/apache/hadoop/hadoop-hdds-server-scm/0.5.0-SNAPSHOT/hadoop-hdds-server-scm-0.5.0-SNAPSHOT-tests.jar:/home/user/.m2/repository/org/apache/hadoop/hadoop-hdds-container-service/0.5.0-SNAPSHOT/hadoop-hdds-container-service-0.5.0-SNAPSHOT-tests.jar:/home/user/.m2/repository/org/yaml/snakeyaml/1.16/snakeyaml-1.16.jar:/home/user/.m2/repository/org/apache/hadoop/hadoop-common/3.2.0/hadoop-common-3.2.0-tests.jar:/home/user/.m2/repository/org/apache/hadoop/hadoop-annotations/3.2.0/hadoop-annotations-3.2.0.jar:/usr/lib/jvm/java-1.8-openjdk/jre/../lib/tools.jar:/home/user/.m2/repository/commons-cli/commons-cli/1.2/commons-cli-1.2.jar:/home/user/.m2/repository/org/apache/httpcomponents/httpclient/4.5.2/httpclient-4.5.2.jar:/home/user/.m2/repository/org/apache/httpcomponents/httpcore/4.4.4/httpcore-4.4.4.jar:/home/user/.m2/repository/commons-codec/commons-codec/1.11/commons-codec-1.11.jar:/home/user/.m2/repository/commons-net/commons-net/3.6/commons-net-3.6.jar:/home/user/.m2/repository/commons-collections/commons-collections/3.2.2/commons-collections-3.2.2.jar:/home/user/.m2/repository/org/eclipse/jetty/jetty-servlet/9.3.25.v20180904/jetty-servlet-9.3.25.v20180904.jar:/home/user/.m2/repository/org/eclipse/jetty/jetty-security/9.3.25.v20180904/jetty-security-9.3.25.v20180904.jar:/home/user/.m2/repository/javax/servlet/jsp/jsp-api/2.1/jsp-api-2.1.jar:/home/user/.m2/repository/com/sun/jersey/jersey-servlet/1.19/jersey-servlet-1.19.jar:/home/user/.m2/repository/com/sun/jersey/jersey-json/1.19/jersey-json-1.19.jar:/home/user/.m2/repository/org/codehaus/jettison/jettison/1.1/jettison-1.1.jar:/home/user/.m2/repository/org/codehaus/jackson/jackson-core-asl/1.9.13/jackson-core-asl-1.9.13.jar:/home/user/.m2/repository/org/codehaus/jackson/jackson-mapper-asl/1.9.13/jackson-mapper-asl-1.9.13.jar:/home/user/.m2/repository/org/codehaus/jackson/jackson-jaxrs/1.9.13/jackson-jaxrs-1.9.13.jar:/home/user/.m2/repository/org/codehaus/jackson/jackson-xc/1.9.13/jackson-xc-1.9.13.jar:/home/user/.m2/repository/commons-logging/commons-logging/1.1.3/commons-logging-1.1.3.jar:/home/user/.m2/repository/commons-beanutils/commons-beanutils/1.9.4/commons-beanutils-1.9.4.jar:/home/user/.m2/repository/org/apache/commons/commons-configuration2/2.1.1/commons-configuration2-2.1.1.jar:/home/user/.m2/repository/org/apache/commons/commons-lang3/3.7/commons-lang3-3.7.jar:/home/user/.m2/repository/org/apache/commons/commons-text/1.4/commons-text-1.4.jar:/home/user/.m2/repository/org/apache/avro/avro/1.7.7/avro-1.7.7.jar:/home/user/.m2/repository/com/thoughtworks/paranamer/paranamer/2.3/paranamer-2.3.jar:/home/user/.m2/repository/org/xerial/snappy/snappy-java/1.0.5/snappy-java-1.0.5.jar:/home/user/.m2/repository/com/google/re2j/re2j/1.1/re2j-1.1.jar:/home/user/.m2/repository/com/google/code/gson/gson/2.2.4/gson-2.2.4.jar:/home/user/.m2/repository/com/jcraft/jsch/0.1.54/jsch-0.1.54.jar:/home/user/.m2/repository/org/apache/curator/curator-client/2.12.0/curator-client-2.12.0.jar:/home/user/.m2/repository/org/apache/curator/curator-recipes/2.12.0/curator-recipes-2.12.0.jar:/home/user/.m2/repository/com/google/code/findbugs/jsr305/3.0.0/jsr305-3.0.0.jar:/home/user/.m2/repository/org/apache/htrace/htrace-core4/4.1.0-incubating/htrace-core4-4.1.0-incubating.jar:/home/user/.m2/repository/org/apache/zookeeper/zookeeper/3.4.13/zookeeper-3.4.13.jar:/home/user/.m2/repository/jline/jline/0.9.94/jline-0.9.94.jar:/home/user/.m2/repository/org/apache/yetus/audience-annotations/0.5.0/audience-annotations-0.5.0.jar:/home/user/.m2/repository/org/codehaus/woodstox/stax2-api/3.1.4/stax2-api-3.1.4.jar:/home/user/.m2/repository/com/fasterxml/woodstox/woodstox-core/5.0.3/woodstox-core-5.0.3.jar:/home/user/.m2/repository/dnsjava/dnsjava/2.1.7/dnsjava-2.1.7.jar:/home/user/.m2/repository/org/apache/hadoop/hadoop-hdfs/3.2.0/hadoop-hdfs-3.2.0-tests.jar:/home/user/.m2/repository/org/eclipse/jetty/jetty-util-ajax/9.3.25.v20180904/jetty-util-ajax-9.3.25.v20180904.jar:/home/user/.m2/repository/commons-daemon/commons-daemon/1.0.13/commons-daemon-1.0.13.jar:/home/user/.m2/repository/io/netty/netty/3.10.5.Final/netty-3.10.5.Final.jar:/home/user/.m2/repository/io/netty/netty-all/4.0.52.Final/netty-all-4.0.52.Final.jar:/home/user/.m2/repository/org/fusesource/leveldbjni/leveldbjni-all/1.8/leveldbjni-all-1.8.jar:"/>
    <property name="java.vm.vendor" value="IcedTea"/>
    <property name="sun.arch.data.model" value="64"/>
    <property name="test.build.dir" value="/workdir/hadoop-ozone/integration-test/target/test-dir"/>
    <property name="test.cache.data" value=""/>
    <property name="java.vendor.url" value="https://icedtea.classpath.org"/>
    <property name="user.timezone" value=""/>
    <property name="java.vm.specification.version" value="1.8"/>
    <property name="os.name" value="Linux"/>
    <property name="test.build.data" value="/workdir/hadoop-ozone/integration-test/target/test-dir"/>
    <property name="user.country" value="US"/>
    <property name="sun.java.launcher" value="SUN_STANDARD"/>
    <property name="sun.boot.library.path" value="/usr/lib/jvm/java-1.8-openjdk/jre/lib/amd64"/>
    <property name="sun.java.command" value="/workdir/hadoop-ozone/integration-test/target/surefire/surefirebooter7323267234432128317.jar /workdir/hadoop-ozone/integration-test/target/surefire 2019-10-03T07-24-34_290-jvmRun1 surefire3782105545510394079tmp surefire_75980954303865185537tmp"/>
    <property name="test" value="!TestMiniChaosOzoneCluster"/>
    <property name="surefire.test.class.path" value="/workdir/hadoop-ozone/integration-test/target/test-classes:/workdir/hadoop-ozone/integration-test/target/classes:/home/user/.m2/repository/org/apache/hadoop/hadoop-ozone-common/0.5.0-SNAPSHOT/hadoop-ozone-common-0.5.0-SNAPSHOT.jar:/home/user/.m2/repository/org/apache/commons/commons-compress/1.4.1/commons-compress-1.4.1.jar:/home/user/.m2/repository/org/tukaani/xz/1.0/xz-1.0.jar:/home/user/.m2/repository/org/apache/hadoop/hadoop-common/3.2.0/hadoop-common-3.2.0.jar:/home/user/.m2/repository/org/apache/hadoop/hadoop-hdfs/3.2.0/hadoop-hdfs-3.2.0.jar:/home/user/.m2/repository/org/apache/hadoop/hadoop-hdfs-client/3.2.0/hadoop-hdfs-client-3.2.0.jar:/home/user/.m2/repository/com/fasterxml/jackson/core/jackson-annotations/2.9.9/jackson-annotations-2.9.9.jar:/home/user/.m2/repository/org/apache/hadoop/hadoop-hdds-common/0.5.0-SNAPSHOT/hadoop-hdds-common-0.5.0-SNAPSHOT.jar:/home/user/.m2/repository/javax/annotation/javax.annotation-api/1.2/javax.annotation-api-1.2.jar:/home/user/.m2/repository/org/apache/ratis/ratis-server/0.5.0-201fc85-SNAPSHOT/ratis-server-0.5.0-201fc85-SNAPSHOT.jar:/home/user/.m2/repository/org/apache/ratis/ratis-thirdparty-misc/0.2.0/ratis-thirdparty-misc-0.2.0.jar:/home/user/.m2/repository/org/apache/ratis/ratis-proto/0.5.0-201fc85-SNAPSHOT/ratis-proto-0.5.0-201fc85-SNAPSHOT.jar:/home/user/.m2/repository/org/apache/ratis/ratis-common/0.5.0-201fc85-SNAPSHOT/ratis-common-0.5.0-201fc85-SNAPSHOT.jar:/home/user/.m2/repository/org/apache/ratis/ratis-client/0.5.0-201fc85-SNAPSHOT/ratis-client-0.5.0-201fc85-SNAPSHOT.jar:/home/user/.m2/repository/org/apache/ratis/ratis-metrics/0.5.0-201fc85-SNAPSHOT/ratis-metrics-0.5.0-201fc85-SNAPSHOT.jar:/home/user/.m2/repository/com/github/joshelser/dropwizard-metrics-hadoop-metrics2-reporter/0.1.2/dropwizard-metrics-hadoop-metrics2-reporter-0.1.2.jar:/home/user/.m2/repository/io/dropwizard/metrics/metrics-jvm/3.2.5/metrics-jvm-3.2.5.jar:/home/user/.m2/repository/io/dropwizard/metrics/metrics-ganglia/3.2.5/metrics-ganglia-3.2.5.jar:/home/user/.m2/repository/info/ganglia/gmetric4j/gmetric4j/1.0.7/gmetric4j-1.0.7.jar:/home/user/.m2/repository/org/apache/ratis/ratis-netty/0.5.0-201fc85-SNAPSHOT/ratis-netty-0.5.0-201fc85-SNAPSHOT.jar:/home/user/.m2/repository/org/apache/ratis/ratis-grpc/0.5.0-201fc85-SNAPSHOT/ratis-grpc-0.5.0-201fc85-SNAPSHOT.jar:/home/user/.m2/repository/org/rocksdb/rocksdbjni/6.0.1/rocksdbjni-6.0.1.jar:/home/user/.m2/repository/org/apache/logging/log4j/log4j-api/2.11.0/log4j-api-2.11.0.jar:/home/user/.m2/repository/org/apache/logging/log4j/log4j-core/2.11.0/log4j-core-2.11.0.jar:/home/user/.m2/repository/com/lmax/disruptor/3.4.2/disruptor-3.4.2.jar:/home/user/.m2/repository/org/apache/commons/commons-pool2/2.6.0/commons-pool2-2.6.0.jar:/home/user/.m2/repository/org/bouncycastle/bcpkix-jdk15on/1.60/bcpkix-jdk15on-1.60.jar:/home/user/.m2/repository/commons-validator/commons-validator/1.6/commons-validator-1.6.jar:/home/user/.m2/repository/commons-digester/commons-digester/1.8.1/commons-digester-1.8.1.jar:/home/user/.m2/repository/io/jaegertracing/jaeger-client/0.34.0/jaeger-client-0.34.0.jar:/home/user/.m2/repository/io/jaegertracing/jaeger-thrift/0.34.0/jaeger-thrift-0.34.0.jar:/home/user/.m2/repository/org/apache/thrift/libthrift/0.12.0/libthrift-0.12.0.jar:/home/user/.m2/repository/com/squareup/okhttp3/okhttp/3.9.0/okhttp-3.9.0.jar:/home/user/.m2/repository/com/squareup/okio/okio/1.13.0/okio-1.13.0.jar:/home/user/.m2/repository/io/jaegertracing/jaeger-core/0.34.0/jaeger-core-0.34.0.jar:/home/user/.m2/repository/io/jaegertracing/jaeger-tracerresolver/0.34.0/jaeger-tracerresolver-0.34.0.jar:/home/user/.m2/repository/io/opentracing/contrib/opentracing-tracerresolver/0.1.5/opentracing-tracerresolver-0.1.5.jar:/home/user/.m2/repository/io/opentracing/opentracing-util/0.31.0/opentracing-util-0.31.0.jar:/home/user/.m2/repository/io/opentracing/opentracing-api/0.31.0/opentracing-api-0.31.0.jar:/home/user/.m2/repository/io/opentracing/opentracing-noop/0.31.0/opentracing-noop-0.31.0.jar:/home/user/.m2/repository/org/apache/hadoop/hadoop-hdds-server-framework/0.5.0-SNAPSHOT/hadoop-hdds-server-framework-0.5.0-SNAPSHOT.jar:/home/user/.m2/repository/org/apache/hadoop/hadoop-hdds-container-service/0.5.0-SNAPSHOT/hadoop-hdds-container-service-0.5.0-SNAPSHOT.jar:/home/user/.m2/repository/org/apache/hadoop/hadoop-hdds-client/0.5.0-SNAPSHOT/hadoop-hdds-client-0.5.0-SNAPSHOT.jar:/home/user/.m2/repository/org/apache/hadoop/hadoop-hdds-tools/0.5.0-SNAPSHOT/hadoop-hdds-tools-0.5.0-SNAPSHOT.jar:/home/user/.m2/repository/org/apache/hadoop/hadoop-hdds-server-scm/0.5.0-SNAPSHOT/hadoop-hdds-server-scm-0.5.0-SNAPSHOT.jar:/home/user/.m2/repository/org/apache/hadoop/hadoop-hdds-docs/0.5.0-SNAPSHOT/hadoop-hdds-docs-0.5.0-SNAPSHOT.jar:/home/user/.m2/repository/io/dropwizard/metrics/metrics-core/3.2.4/metrics-core-3.2.4.jar:/home/user/.m2/repository/org/hamcrest/hamcrest-all/1.3/hamcrest-all-1.3.jar:/home/user/.m2/repository/org/bouncycastle/bcprov-jdk15on/1.60/bcprov-jdk15on-1.60.jar:/home/user/.m2/repository/info/picocli/picocli/3.9.6/picocli-3.9.6.jar:/home/user/.m2/repository/com/google/protobuf/protobuf-java/2.5.0/protobuf-java-2.5.0.jar:/home/user/.m2/repository/com/google/guava/guava/11.0.2/guava-11.0.2.jar:/home/user/.m2/repository/org/apache/hadoop/hadoop-ozone-ozone-manager/0.5.0-SNAPSHOT/hadoop-ozone-ozone-manager-0.5.0-SNAPSHOT.jar:/home/user/.m2/repository/org/apache/hadoop/hadoop-minikdc/3.2.0/hadoop-minikdc-3.2.0.jar:/home/user/.m2/repository/commons-io/commons-io/2.5/commons-io-2.5.jar:/home/user/.m2/repository/org/apache/kerby/kerb-simplekdc/1.0.1/kerb-simplekdc-1.0.1.jar:/home/user/.m2/repository/org/apache/kerby/kerb-client/1.0.1/kerb-client-1.0.1.jar:/home/user/.m2/repository/org/apache/kerby/kerby-config/1.0.1/kerby-config-1.0.1.jar:/home/user/.m2/repository/org/apache/kerby/kerb-core/1.0.1/kerb-core-1.0.1.jar:/home/user/.m2/repository/org/apache/kerby/kerby-pkix/1.0.1/kerby-pkix-1.0.1.jar:/home/user/.m2/repository/org/apache/kerby/kerby-asn1/1.0.1/kerby-asn1-1.0.1.jar:/home/user/.m2/repository/org/apache/kerby/kerby-util/1.0.1/kerby-util-1.0.1.jar:/home/user/.m2/repository/org/apache/kerby/kerb-common/1.0.1/kerb-common-1.0.1.jar:/home/user/.m2/repository/org/apache/kerby/kerb-crypto/1.0.1/kerb-crypto-1.0.1.jar:/home/user/.m2/repository/org/apache/kerby/kerb-util/1.0.1/kerb-util-1.0.1.jar:/home/user/.m2/repository/org/apache/kerby/token-provider/1.0.1/token-provider-1.0.1.jar:/home/user/.m2/repository/org/apache/kerby/kerb-admin/1.0.1/kerb-admin-1.0.1.jar:/home/user/.m2/repository/org/apache/kerby/kerb-server/1.0.1/kerb-server-1.0.1.jar:/home/user/.m2/repository/org/apache/kerby/kerb-identity/1.0.1/kerb-identity-1.0.1.jar:/home/user/.m2/repository/org/apache/kerby/kerby-xdr/1.0.1/kerby-xdr-1.0.1.jar:/home/user/.m2/repository/org/slf4j/slf4j-log4j12/1.7.25/slf4j-log4j12-1.7.25.jar:/home/user/.m2/repository/org/apache/hadoop/hadoop-ozone-s3gateway/0.5.0-SNAPSHOT/hadoop-ozone-s3gateway-0.5.0-SNAPSHOT.jar:/home/user/.m2/repository/org/jboss/weld/servlet/weld-servlet/2.4.7.Final/weld-servlet-2.4.7.Final.jar:/home/user/.m2/repository/org/glassfish/jersey/containers/jersey-container-servlet-core/2.27/jersey-container-servlet-core-2.27.jar:/home/user/.m2/repository/org/glassfish/hk2/external/javax.inject/2.5.0-b42/javax.inject-2.5.0-b42.jar:/home/user/.m2/repository/org/glassfish/jersey/core/jersey-common/2.27/jersey-common-2.27.jar:/home/user/.m2/repository/org/glassfish/hk2/osgi-resource-locator/1.0.1/osgi-resource-locator-1.0.1.jar:/home/user/.m2/repository/javax/ws/rs/javax.ws.rs-api/2.1/javax.ws.rs-api-2.1.jar:/home/user/.m2/repository/org/glassfish/jersey/ext/cdi/jersey-cdi1x/2.27/jersey-cdi1x-2.27.jar:/home/user/.m2/repository/org/glassfish/jersey/inject/jersey-hk2/2.27/jersey-hk2-2.27.jar:/home/user/.m2/repository/org/glassfish/hk2/hk2-locator/2.5.0-b42/hk2-locator-2.5.0-b42.jar:/home/user/.m2/repository/org/javassist/javassist/3.22.0-CR2/javassist-3.22.0-CR2.jar:/home/user/.m2/repository/org/glassfish/hk2/hk2-api/2.5.0/hk2-api-2.5.0.jar:/home/user/.m2/repository/org/glassfish/hk2/external/jakarta.inject/2.5.0/jakarta.inject-2.5.0.jar:/home/user/.m2/repository/org/glassfish/hk2/hk2-utils/2.5.0/hk2-utils-2.5.0.jar:/home/user/.m2/repository/jakarta/annotation/jakarta.annotation-api/1.3.4/jakarta.annotation-api-1.3.4.jar:/home/user/.m2/repository/org/glassfish/hk2/external/aopalliance-repackaged/2.5.0/aopalliance-repackaged-2.5.0.jar:/home/user/.m2/repository/com/fasterxml/jackson/dataformat/jackson-dataformat-xml/2.9.0/jackson-dataformat-xml-2.9.0.jar:/home/user/.m2/repository/com/fasterxml/jackson/core/jackson-core/2.9.9/jackson-core-2.9.9.jar:/home/user/.m2/repository/com/fasterxml/jackson/module/jackson-module-jaxb-annotations/2.9.9/jackson-module-jaxb-annotations-2.9.9.jar:/home/user/.m2/repository/javax/enterprise/cdi-api/1.2/cdi-api-1.2.jar:/home/user/.m2/repository/javax/el/javax.el-api/3.0.0/javax.el-api-3.0.0.jar:/home/user/.m2/repository/javax/interceptor/javax.interceptor-api/1.2/javax.interceptor-api-1.2.jar:/home/user/.m2/repository/javax/inject/javax.inject/1/javax.inject-1.jar:/home/user/.m2/repository/com/sun/xml/bind/jaxb-impl/2.3.0.1/jaxb-impl-2.3.0.1.jar:/home/user/.m2/repository/com/sun/xml/bind/jaxb-core/2.3.0.1/jaxb-core-2.3.0.1.jar:/home/user/.m2/repository/javax/xml/bind/jaxb-api/2.3.0/jaxb-api-2.3.0.jar:/home/user/.m2/repository/javax/activation/activation/1.1.1/activation-1.1.1.jar:/home/user/.m2/repository/org/apache/hadoop/hadoop-ozone-csi/0.5.0-SNAPSHOT/hadoop-ozone-csi-0.5.0-SNAPSHOT.jar:/home/user/.m2/repository/com/google/protobuf/protobuf-java-util/3.5.1/protobuf-java-util-3.5.1.jar:/home/user/.m2/repository/org/apache/hadoop/hadoop-hdds-config/0.5.0-SNAPSHOT/hadoop-hdds-config-0.5.0-SNAPSHOT.jar:/home/user/.m2/repository/io/grpc/grpc-netty/1.17.1/grpc-netty-1.17.1.jar:/home/user/.m2/repository/io/grpc/grpc-core/1.17.1/grpc-core-1.17.1.jar:/home/user/.m2/repository/io/grpc/grpc-context/1.17.1/grpc-context-1.17.1.jar:/home/user/.m2/repository/com/google/errorprone/error_prone_annotations/2.2.0/error_prone_annotations-2.2.0.jar:/home/user/.m2/repository/org/codehaus/mojo/animal-sniffer-annotations/1.17/animal-sniffer-annotations-1.17.jar:/home/user/.m2/repository/io/opencensus/opencensus-api/0.17.0/opencensus-api-0.17.0.jar:/home/user/.m2/repository/io/opencensus/opencensus-contrib-grpc-metrics/0.17.0/opencensus-contrib-grpc-metrics-0.17.0.jar:/home/user/.m2/repository/io/netty/netty-codec-http2/4.1.30.Final/netty-codec-http2-4.1.30.Final.jar:/home/user/.m2/repository/io/netty/netty-codec-http/4.1.30.Final/netty-codec-http-4.1.30.Final.jar:/home/user/.m2/repository/io/netty/netty-codec/4.1.30.Final/netty-codec-4.1.30.Final.jar:/home/user/.m2/repository/io/netty/netty-handler/4.1.30.Final/netty-handler-4.1.30.Final.jar:/home/user/.m2/repository/io/netty/netty-handler-proxy/4.1.30.Final/netty-handler-proxy-4.1.30.Final.jar:/home/user/.m2/repository/io/netty/netty-codec-socks/4.1.30.Final/netty-codec-socks-4.1.30.Final.jar:/home/user/.m2/repository/io/netty/netty-transport-native-epoll/4.1.30.Final/netty-transport-native-epoll-4.1.30.Final.jar:/home/user/.m2/repository/io/netty/netty-common/4.1.30.Final/netty-common-4.1.30.Final.jar:/home/user/.m2/repository/io/netty/netty-buffer/4.1.30.Final/netty-buffer-4.1.30.Final.jar:/home/user/.m2/repository/io/netty/netty-transport/4.1.30.Final/netty-transport-4.1.30.Final.jar:/home/user/.m2/repository/io/netty/netty-resolver/4.1.30.Final/netty-resolver-4.1.30.Final.jar:/home/user/.m2/repository/io/netty/netty-transport-native-unix-common/4.1.30.Final/netty-transport-native-unix-common-4.1.30.Final.jar:/home/user/.m2/repository/io/grpc/grpc-protobuf/1.17.1/grpc-protobuf-1.17.1.jar:/home/user/.m2/repository/com/google/api/grpc/proto-google-common-protos/1.0.0/proto-google-common-protos-1.0.0.jar:/home/user/.m2/repository/io/grpc/grpc-protobuf-lite/1.17.1/grpc-protobuf-lite-1.17.1.jar:/home/user/.m2/repository/io/grpc/grpc-stub/1.17.1/grpc-stub-1.17.1.jar:/home/user/.m2/repository/org/apache/hadoop/hadoop-ozone-recon/0.5.0-SNAPSHOT/hadoop-ozone-recon-0.5.0-SNAPSHOT.jar:/home/user/.m2/repository/org/apache/hadoop/hadoop-ozone-reconcodegen/0.5.0-SNAPSHOT/hadoop-ozone-reconcodegen-0.5.0-SNAPSHOT.jar:/home/user/.m2/repository/com/google/inject/extensions/guice-multibindings/4.0/guice-multibindings-4.0.jar:/home/user/.m2/repository/com/google/inject/guice/4.0/guice-4.0.jar:/home/user/.m2/repository/aopalliance/aopalliance/1.0/aopalliance-1.0.jar:/home/user/.m2/repository/com/google/inject/extensions/guice-servlet/4.0/guice-servlet-4.0.jar:/home/user/.m2/repository/org/glassfish/jersey/containers/jersey-container-servlet/2.27/jersey-container-servlet-2.27.jar:/home/user/.m2/repository/org/glassfish/hk2/guice-bridge/2.5.0/guice-bridge-2.5.0.jar:/home/user/.m2/repository/org/glassfish/jersey/core/jersey-server/2.27/jersey-server-2.27.jar:/home/user/.m2/repository/org/glassfish/jersey/core/jersey-client/2.27/jersey-client-2.27.jar:/home/user/.m2/repository/org/glassfish/jersey/media/jersey-media-jaxb/2.27/jersey-media-jaxb-2.27.jar:/home/user/.m2/repository/javax/validation/validation-api/1.1.0.Final/validation-api-1.1.0.Final.jar:/home/user/.m2/repository/org/glassfish/jersey/media/jersey-media-json-jackson/2.27/jersey-media-json-jackson-2.27.jar:/home/user/.m2/repository/org/glassfish/jersey/ext/jersey-entity-filtering/2.27/jersey-entity-filtering-2.27.jar:/home/user/.m2/repository/com/google/inject/extensions/guice-assistedinject/4.0/guice-assistedinject-4.0.jar:/home/user/.m2/repository/org/jooq/jooq/3.11.10/jooq-3.11.10.jar:/home/user/.m2/repository/org/jooq/jooq-meta/3.11.10/jooq-meta-3.11.10.jar:/home/user/.m2/repository/org/jooq/jooq-codegen/3.11.10/jooq-codegen-3.11.10.jar:/home/user/.m2/repository/com/jolbox/bonecp/0.8.0.RELEASE/bonecp-0.8.0.RELEASE.jar:/home/user/.m2/repository/org/xerial/sqlite-jdbc/3.25.2/sqlite-jdbc-3.25.2.jar:/home/user/.m2/repository/org/springframework/spring-jdbc/5.1.3.RELEASE/spring-jdbc-5.1.3.RELEASE.jar:/home/user/.m2/repository/org/springframework/spring-beans/5.1.3.RELEASE/spring-beans-5.1.3.RELEASE.jar:/home/user/.m2/repository/org/springframework/spring-core/5.1.3.RELEASE/spring-core-5.1.3.RELEASE.jar:/home/user/.m2/repository/org/springframework/spring-jcl/5.1.3.RELEASE/spring-jcl-5.1.3.RELEASE.jar:/home/user/.m2/repository/org/springframework/spring-tx/5.1.3.RELEASE/spring-tx-5.1.3.RELEASE.jar:/home/user/.m2/repository/org/apache/hadoop/hadoop-ozone-client/0.5.0-SNAPSHOT/hadoop-ozone-client-0.5.0-SNAPSHOT.jar:/home/user/.m2/repository/commons-lang/commons-lang/2.6/commons-lang-2.6.jar:/home/user/.m2/repository/org/apache/hadoop/hadoop-ozone-ozone-manager/0.5.0-SNAPSHOT/hadoop-ozone-ozone-manager-0.5.0-SNAPSHOT-tests.jar:/home/user/.m2/repository/junit/junit/4.11/junit-4.11.jar:/home/user/.m2/repository/org/hamcrest/hamcrest-core/1.3/hamcrest-core-1.3.jar:/home/user/.m2/repository/org/openjdk/jmh/jmh-core/1.19/jmh-core-1.19.jar:/home/user/.m2/repository/net/sf/jopt-simple/jopt-simple/4.6/jopt-simple-4.6.jar:/home/user/.m2/repository/org/apache/commons/commons-math3/3.1.1/commons-math3-3.1.1.jar:/home/user/.m2/repository/org/openjdk/jmh/jmh-generator-annprocess/1.19/jmh-generator-annprocess-1.19.jar:/home/user/.m2/repository/org/mockito/mockito-all/1.8.5/mockito-all-1.8.5.jar:/home/user/.m2/repository/org/apache/hadoop/hadoop-kms/3.2.0/hadoop-kms-3.2.0.jar:/home/user/.m2/repository/org/apache/hadoop/hadoop-auth/3.2.0/hadoop-auth-3.2.0.jar:/home/user/.m2/repository/com/nimbusds/nimbus-jose-jwt/4.41.1/nimbus-jose-jwt-4.41.1.jar:/home/user/.m2/repository/com/github/stephenc/jcip/jcip-annotations/1.0-1/jcip-annotations-1.0-1.jar:/home/user/.m2/repository/net/minidev/json-smart/2.3/json-smart-2.3.jar:/home/user/.m2/repository/net/minidev/accessors-smart/1.2/accessors-smart-1.2.jar:/home/user/.m2/repository/org/ow2/asm/asm/5.0.4/asm-5.0.4.jar:/home/user/.m2/repository/org/apache/curator/curator-framework/2.12.0/curator-framework-2.12.0.jar:/home/user/.m2/repository/com/sun/jersey/jersey-core/1.19/jersey-core-1.19.jar:/home/user/.m2/repository/javax/ws/rs/jsr311-api/1.1.1/jsr311-api-1.1.1.jar:/home/user/.m2/repository/com/sun/jersey/jersey-server/1.19/jersey-server-1.19.jar:/home/user/.m2/repository/javax/servlet/javax.servlet-api/3.1.0/javax.servlet-api-3.1.0.jar:/home/user/.m2/repository/org/eclipse/jetty/jetty-server/9.3.25.v20180904/jetty-server-9.3.25.v20180904.jar:/home/user/.m2/repository/org/eclipse/jetty/jetty-http/9.3.25.v20180904/jetty-http-9.3.25.v20180904.jar:/home/user/.m2/repository/org/eclipse/jetty/jetty-io/9.3.25.v20180904/jetty-io-9.3.25.v20180904.jar:/home/user/.m2/repository/org/eclipse/jetty/jetty-webapp/9.3.25.v20180904/jetty-webapp-9.3.25.v20180904.jar:/home/user/.m2/repository/org/eclipse/jetty/jetty-xml/9.3.25.v20180904/jetty-xml-9.3.25.v20180904.jar:/home/user/.m2/repository/log4j/log4j/1.2.17/log4j-1.2.17.jar:/home/user/.m2/repository/org/slf4j/slf4j-api/1.7.25/slf4j-api-1.7.25.jar:/home/user/.m2/repository/org/slf4j/jul-to-slf4j/1.7.25/jul-to-slf4j-1.7.25.jar:/home/user/.m2/repository/org/eclipse/jetty/jetty-util/9.3.25.v20180904/jetty-util-9.3.25.v20180904.jar:/home/user/.m2/repository/com/fasterxml/jackson/core/jackson-databind/2.9.9/jackson-databind-2.9.9.jar:/home/user/.m2/repository/org/apache/hadoop/hadoop-kms/3.2.0/hadoop-kms-3.2.0-tests.jar:/home/user/.m2/repository/org/apache/hadoop/hadoop-hdds-server-scm/0.5.0-SNAPSHOT/hadoop-hdds-server-scm-0.5.0-SNAPSHOT-tests.jar:/home/user/.m2/repository/org/apache/hadoop/hadoop-hdds-container-service/0.5.0-SNAPSHOT/hadoop-hdds-container-service-0.5.0-SNAPSHOT-tests.jar:/home/user/.m2/repository/org/yaml/snakeyaml/1.16/snakeyaml-1.16.jar:/home/user/.m2/repository/org/apache/hadoop/hadoop-common/3.2.0/hadoop-common-3.2.0-tests.jar:/home/user/.m2/repository/org/apache/hadoop/hadoop-annotations/3.2.0/hadoop-annotations-3.2.0.jar:/usr/lib/jvm/java-1.8-openjdk/jre/../lib/tools.jar:/home/user/.m2/repository/commons-cli/commons-cli/1.2/commons-cli-1.2.jar:/home/user/.m2/repository/org/apache/httpcomponents/httpclient/4.5.2/httpclient-4.5.2.jar:/home/user/.m2/repository/org/apache/httpcomponents/httpcore/4.4.4/httpcore-4.4.4.jar:/home/user/.m2/repository/commons-codec/commons-codec/1.11/commons-codec-1.11.jar:/home/user/.m2/repository/commons-net/commons-net/3.6/commons-net-3.6.jar:/home/user/.m2/repository/commons-collections/commons-collections/3.2.2/commons-collections-3.2.2.jar:/home/user/.m2/repository/org/eclipse/jetty/jetty-servlet/9.3.25.v20180904/jetty-servlet-9.3.25.v20180904.jar:/home/user/.m2/repository/org/eclipse/jetty/jetty-security/9.3.25.v20180904/jetty-security-9.3.25.v20180904.jar:/home/user/.m2/repository/javax/servlet/jsp/jsp-api/2.1/jsp-api-2.1.jar:/home/user/.m2/repository/com/sun/jersey/jersey-servlet/1.19/jersey-servlet-1.19.jar:/home/user/.m2/repository/com/sun/jersey/jersey-json/1.19/jersey-json-1.19.jar:/home/user/.m2/repository/org/codehaus/jettison/jettison/1.1/jettison-1.1.jar:/home/user/.m2/repository/org/codehaus/jackson/jackson-core-asl/1.9.13/jackson-core-asl-1.9.13.jar:/home/user/.m2/repository/org/codehaus/jackson/jackson-mapper-asl/1.9.13/jackson-mapper-asl-1.9.13.jar:/home/user/.m2/repository/org/codehaus/jackson/jackson-jaxrs/1.9.13/jackson-jaxrs-1.9.13.jar:/home/user/.m2/repository/org/codehaus/jackson/jackson-xc/1.9.13/jackson-xc-1.9.13.jar:/home/user/.m2/repository/commons-logging/commons-logging/1.1.3/commons-logging-1.1.3.jar:/home/user/.m2/repository/commons-beanutils/commons-beanutils/1.9.4/commons-beanutils-1.9.4.jar:/home/user/.m2/repository/org/apache/commons/commons-configuration2/2.1.1/commons-configuration2-2.1.1.jar:/home/user/.m2/repository/org/apache/commons/commons-lang3/3.7/commons-lang3-3.7.jar:/home/user/.m2/repository/org/apache/commons/commons-text/1.4/commons-text-1.4.jar:/home/user/.m2/repository/org/apache/avro/avro/1.7.7/avro-1.7.7.jar:/home/user/.m2/repository/com/thoughtworks/paranamer/paranamer/2.3/paranamer-2.3.jar:/home/user/.m2/repository/org/xerial/snappy/snappy-java/1.0.5/snappy-java-1.0.5.jar:/home/user/.m2/repository/com/google/re2j/re2j/1.1/re2j-1.1.jar:/home/user/.m2/repository/com/google/code/gson/gson/2.2.4/gson-2.2.4.jar:/home/user/.m2/repository/com/jcraft/jsch/0.1.54/jsch-0.1.54.jar:/home/user/.m2/repository/org/apache/curator/curator-client/2.12.0/curator-client-2.12.0.jar:/home/user/.m2/repository/org/apache/curator/curator-recipes/2.12.0/curator-recipes-2.12.0.jar:/home/user/.m2/repository/com/google/code/findbugs/jsr305/3.0.0/jsr305-3.0.0.jar:/home/user/.m2/repository/org/apache/htrace/htrace-core4/4.1.0-incubating/htrace-core4-4.1.0-incubating.jar:/home/user/.m2/repository/org/apache/zookeeper/zookeeper/3.4.13/zookeeper-3.4.13.jar:/home/user/.m2/repository/jline/jline/0.9.94/jline-0.9.94.jar:/home/user/.m2/repository/org/apache/yetus/audience-annotations/0.5.0/audience-annotations-0.5.0.jar:/home/user/.m2/repository/org/codehaus/woodstox/stax2-api/3.1.4/stax2-api-3.1.4.jar:/home/user/.m2/repository/com/fasterxml/woodstox/woodstox-core/5.0.3/woodstox-core-5.0.3.jar:/home/user/.m2/repository/dnsjava/dnsjava/2.1.7/dnsjava-2.1.7.jar:/home/user/.m2/repository/org/apache/hadoop/hadoop-hdfs/3.2.0/hadoop-hdfs-3.2.0-tests.jar:/home/user/.m2/repository/org/eclipse/jetty/jetty-util-ajax/9.3.25.v20180904/jetty-util-ajax-9.3.25.v20180904.jar:/home/user/.m2/repository/commons-daemon/commons-daemon/1.0.13/commons-daemon-1.0.13.jar:/home/user/.m2/repository/io/netty/netty/3.10.5.Final/netty-3.10.5.Final.jar:/home/user/.m2/repository/io/netty/netty-all/4.0.52.Final/netty-all-4.0.52.Final.jar:/home/user/.m2/repository/org/fusesource/leveldbjni/leveldbjni-all/1.8/leveldbjni-all-1.8.jar:"/>
    <property name="sun.cpu.endian" value="little"/>
    <property name="user.home" value="/home/user"/>
    <property name="user.language" value="en"/>
    <property name="java.specification.vendor" value="Oracle Corporation"/>
    <property name="java.home" value="/usr/lib/jvm/java-1.8-openjdk/jre"/>
    <property name="java.security.krb5.conf" value="/workdir/hadoop-ozone/integration-test/target/test-classes/krb5.conf"/>
    <property name="basedir" value="/workdir/hadoop-ozone/integration-test"/>
    <property name="file.separator" value="/"/>
    <property name="line.separator" value="&#10;"/>
    <property name="java.vm.specification.vendor" value="Oracle Corporation"/>
    <property name="java.specification.name" value="Java Platform API Specification"/>
    <property name="java.awt.graphicsenv" value="sun.awt.X11GraphicsEnvironment"/>
    <property name="surefire.real.class.path" value="/workdir/hadoop-ozone/integration-test/target/surefire/surefirebooter7323267234432128317.jar"/>
    <property name="hadoop.log.dir" value="/workdir/hadoop-ozone/integration-test/target/log"/>
    <property name="sun.boot.class.path" value="/usr/lib/jvm/java-1.8-openjdk/jre/lib/resources.jar:/usr/lib/jvm/java-1.8-openjdk/jre/lib/rt.jar:/usr/lib/jvm/java-1.8-openjdk/jre/lib/sunrsasign.jar:/usr/lib/jvm/java-1.8-openjdk/jre/lib/jsse.jar:/usr/lib/jvm/java-1.8-openjdk/jre/lib/jce.jar:/usr/lib/jvm/java-1.8-openjdk/jre/lib/charsets.jar:/usr/lib/jvm/java-1.8-openjdk/jre/lib/jfr.jar:/usr/lib/jvm/java-1.8-openjdk/jre/classes"/>
    <property name="sun.management.compiler" value="HotSpot 64-Bit Tiered Compilers"/>
    <property name="java.runtime.version" value="1.8.0_212-b04"/>
    <property name="java.net.preferIPv4Stack" value="true"/>
    <property name="user.name" value="jenkins1000"/>
    <property name="path.separator" value=":"/>
    <property name="java.security.egd" value="file:///dev/urandom"/>
    <property name="os.version" value="3.10.0-957.12.2.el7.x86_64"/>
    <property name="java.endorsed.dirs" value="/usr/lib/jvm/java-1.8-openjdk/jre/lib/endorsed"/>
    <property name="java.runtime.name" value="OpenJDK Runtime Environment"/>
    <property name="file.encoding" value="UTF-8"/>
    <property name="java.vm.name" value="OpenJDK 64-Bit Server VM"/>
    <property name="test.build.webapps" value=""/>
    <property name="localRepository" value="/home/user/.m2/repository"/>
    <property name="java.vendor.url.bug" value="https://icedtea.classpath.org/bugzilla"/>
    <property name="java.io.tmpdir" value="/tmp"/>
    <property name="require.test.libhadoop" value=""/>
    <property name="java.version" value="1.8.0_212"/>
    <property name="user.dir" value="/workdir/hadoop-ozone/integration-test"/>
    <property name="os.arch" value="amd64"/>
    <property name="java.vm.specification.name" value="Java Virtual Machine Specification"/>
    <property name="test.build.classes" value="/workdir/hadoop-ozone/integration-test/target/test-classes"/>
    <property name="java.awt.printerjob" value="sun.print.PSPrinterJob"/>
    <property name="sun.os.patch.level" value="unknown"/>
    <property name="hadoop.tmp.dir" value="/workdir/hadoop-ozone/integration-test/target/tmp"/>
    <property name="java.library.path" value="/usr/lib/jvm/java-1.8-openjdk/jre/lib/amd64/server:/usr/lib/jvm/java-1.8-openjdk/jre/lib/amd64:/usr/lib/jvm/java-1.8-openjdk/jre/../lib/amd64:/workdir/hadoop-ozone/integration-test/target/native/target/usr/local/lib:/workdir/hadoop-ozone/integration-test/../../hadoop-common-project/hadoop-common/target/native/target/usr/local/lib:/usr/java/packages/lib/amd64:/usr/lib64:/lib64:/lib:/usr/lib"/>
    <property name="java.vm.info" value="mixed mode"/>
    <property name="java.vendor" value="IcedTea"/>
    <property name="java.vm.version" value="25.212-b04"/>
    <property name="java.ext.dirs" value="/usr/lib/jvm/java-1.8-openjdk/jre/lib/ext:/usr/java/packages/lib/ext"/>
    <property name="sun.io.unicode.encoding" value="UnicodeLittle"/>
    <property name="java.class.version" value="52.0"/>
  </properties>
  <testcase name="testWatchForCommitWithKeyWrite" classname="org.apache.hadoop.ozone.client.rpc.TestWatchForCommit" time="78.996"/>
  <testcase name="testWatchForCommitWithSmallerTimeoutValue" classname="org.apache.hadoop.ozone.client.rpc.TestWatchForCommit" time="42.432"/>
  <testcase name="testWatchForCommitForRetryfailure" classname="org.apache.hadoop.ozone.client.rpc.TestWatchForCommit" time="66.157">
    <failure type="java.lang.AssertionError">java.lang.AssertionError
	at org.junit.Assert.fail(Assert.java:86)
	at org.junit.Assert.assertTrue(Assert.java:41)
	at org.junit.Assert.assertTrue(Assert.java:52)
	at org.apache.hadoop.ozone.client.rpc.TestWatchForCommit.testWatchForCommitForRetryfailure(TestWatchForCommit.java:348)
	at sun.reflect.NativeMethodAccessorImpl.invoke0(Native Method)
	at sun.reflect.NativeMethodAccessorImpl.invoke(NativeMethodAccessorImpl.java:62)
	at sun.reflect.DelegatingMethodAccessorImpl.invoke(DelegatingMethodAccessorImpl.java:43)
	at java.lang.reflect.Method.invoke(Method.java:498)
	at org.junit.runners.model.FrameworkMethod$1.runReflectiveCall(FrameworkMethod.java:47)
	at org.junit.internal.runners.model.ReflectiveCallable.run(ReflectiveCallable.java:12)
	at org.junit.runners.model.FrameworkMethod.invokeExplosively(FrameworkMethod.java:44)
	at org.junit.internal.runners.statements.InvokeMethod.evaluate(InvokeMethod.java:17)
	at org.junit.runners.ParentRunner.runLeaf(ParentRunner.java:271)
	at org.junit.runners.BlockJUnit4ClassRunner.runChild(BlockJUnit4ClassRunner.java:70)
	at org.junit.runners.BlockJUnit4ClassRunner.runChild(BlockJUnit4ClassRunner.java:50)
	at org.junit.runners.ParentRunner$3.run(ParentRunner.java:238)
	at org.junit.runners.ParentRunner$1.schedule(ParentRunner.java:63)
	at org.junit.runners.ParentRunner.runChildren(ParentRunner.java:236)
	at org.junit.runners.ParentRunner.access$000(ParentRunner.java:53)
	at org.junit.runners.ParentRunner$2.evaluate(ParentRunner.java:229)
	at org.junit.runners.ParentRunner.run(ParentRunner.java:309)
	at org.apache.maven.surefire.junit4.JUnit4Provider.execute(JUnit4Provider.java:365)
	at org.apache.maven.surefire.junit4.JUnit4Provider.executeWithRerun(JUnit4Provider.java:273)
	at org.apache.maven.surefire.junit4.JUnit4Provider.executeTestSet(JUnit4Provider.java:238)
	at org.apache.maven.surefire.junit4.JUnit4Provider.invoke(JUnit4Provider.java:159)
	at org.apache.maven.surefire.booter.ForkedBooter.invokeProviderInSameClassLoader(ForkedBooter.java:384)
	at org.apache.maven.surefire.booter.ForkedBooter.runSuitesInProcess(ForkedBooter.java:345)
	at org.apache.maven.surefire.booter.ForkedBooter.execute(ForkedBooter.java:126)
	at org.apache.maven.surefire.booter.ForkedBooter.main(ForkedBooter.java:418)
</failure>
    <system-out><![CDATA[2019-10-03 08:29:16,809 [main] WARN  server.ServerUtils (ServerUtils.java:getScmDbDir(145)) - ozone.scm.db.dirs is not configured. We recommend adding this setting. Falling back to ozone.metadata.dirs instead.
2019-10-03 08:29:16,836 [main] WARN  server.ServerUtils (ServerUtils.java:getScmDbDir(145)) - ozone.scm.db.dirs is not configured. We recommend adding this setting. Falling back to ozone.metadata.dirs instead.
2019-10-03 08:29:16,836 [main] WARN  server.ServerUtils (ServerUtils.java:getScmDbDir(145)) - ozone.scm.db.dirs is not configured. We recommend adding this setting. Falling back to ozone.metadata.dirs instead.
2019-10-03 08:29:16,837 [main] INFO  db.DBStoreBuilder (DBStoreBuilder.java:addTable(110)) - using custom profile for table: deletedBlocks
2019-10-03 08:29:16,837 [main] INFO  db.DBStoreBuilder (DBStoreBuilder.java:processTables(161)) - Using default column profile:DBProfile.DISK for Table:deletedBlocks
2019-10-03 08:29:16,838 [main] INFO  db.DBStoreBuilder (DBStoreBuilder.java:addTable(110)) - using custom profile for table: validCerts
2019-10-03 08:29:16,838 [main] INFO  db.DBStoreBuilder (DBStoreBuilder.java:processTables(161)) - Using default column profile:DBProfile.DISK for Table:validCerts
2019-10-03 08:29:16,838 [main] INFO  db.DBStoreBuilder (DBStoreBuilder.java:addTable(110)) - using custom profile for table: revokedCerts
2019-10-03 08:29:16,839 [main] INFO  db.DBStoreBuilder (DBStoreBuilder.java:processTables(161)) - Using default column profile:DBProfile.DISK for Table:revokedCerts
2019-10-03 08:29:16,839 [main] INFO  db.DBStoreBuilder (DBStoreBuilder.java:addTable(110)) - using custom profile for table: default
2019-10-03 08:29:16,839 [main] INFO  db.DBStoreBuilder (DBStoreBuilder.java:processTables(167)) - Using default column profile:DBProfile.DISK for Table:default
2019-10-03 08:29:16,840 [main] INFO  db.DBStoreBuilder (DBStoreBuilder.java:getDbProfile(198)) - Using default options. DBProfile.DISK
2019-10-03 08:29:17,007 [main] INFO  net.NodeSchemaLoader (NodeSchemaLoader.java:loadSchemaFromFile(125)) - Loading file from sun.misc.CompoundEnumeration@5b40de43
2019-10-03 08:29:17,008 [main] INFO  net.NodeSchemaLoader (NodeSchemaLoader.java:loadSchema(171)) - Loading network topology layer schema file
2019-10-03 08:29:17,013 [main] WARN  server.ServerUtils (ServerUtils.java:sanitizeUserArgs(70)) - ozone.scm.stale.node.interval value = 300000 is larger than max = 100000 based on the key value of ozone.scm.heartbeat.thread.interval, reset to the max value 100000.
2019-10-03 08:29:17,013 [main] WARN  server.ServerUtils (ServerUtils.java:sanitizeUserArgs(70)) - ozone.scm.stale.node.interval value = 300000 is larger than max = 100000 based on the key value of ozone.scm.heartbeat.thread.interval, reset to the max value 100000.
2019-10-03 08:29:17,014 [main] INFO  node.SCMNodeManager (SCMNodeManager.java:<init>(114)) - Entering startup safe mode.
2019-10-03 08:29:17,015 [main] INFO  algorithms.ContainerPlacementPolicyFactory (ContainerPlacementPolicyFactory.java:getPolicy(57)) - Create container placement policy of type org.apache.hadoop.hdds.scm.container.placement.algorithms.SCMContainerPlacementRandom
2019-10-03 08:29:17,015 [main] WARN  server.ServerUtils (ServerUtils.java:getScmDbDir(145)) - ozone.scm.db.dirs is not configured. We recommend adding this setting. Falling back to ozone.metadata.dirs instead.
2019-10-03 08:29:17,037 [main] INFO  pipeline.SCMPipelineManager (SCMPipelineManager.java:initializePipelineState(132)) - No pipeline exists in current db
2019-10-03 08:29:17,037 [main] WARN  server.ServerUtils (ServerUtils.java:getScmDbDir(145)) - ozone.scm.db.dirs is not configured. We recommend adding this setting. Falling back to ozone.metadata.dirs instead.
2019-10-03 08:29:17,061 [main] WARN  events.EventQueue (EventQueue.java:fireEvent(183)) - No event handler registered for event TypedEvent{payloadType=SafeModeStatus, name='SafeModeStatus'}
2019-10-03 08:29:17,062 [main] INFO  ipc.CallQueueManager (CallQueueManager.java:<init>(84)) - Using callQueue: class java.util.concurrent.LinkedBlockingQueue, queueCapacity: 2000, scheduler: class org.apache.hadoop.ipc.DefaultRpcScheduler, ipcBackoff: false.
2019-10-03 08:29:17,062 [Socket Reader #1 for port 36758] INFO  ipc.Server (Server.java:run(1074)) - Starting Socket Reader #1 for port 36758
2019-10-03 08:29:17,065 [main] INFO  ipc.CallQueueManager (CallQueueManager.java:<init>(84)) - Using callQueue: class java.util.concurrent.LinkedBlockingQueue, queueCapacity: 2000, scheduler: class org.apache.hadoop.ipc.DefaultRpcScheduler, ipcBackoff: false.
2019-10-03 08:29:17,065 [Socket Reader #1 for port 40706] INFO  ipc.Server (Server.java:run(1074)) - Starting Socket Reader #1 for port 40706
2019-10-03 08:29:17,067 [main] INFO  ipc.CallQueueManager (CallQueueManager.java:<init>(84)) - Using callQueue: class java.util.concurrent.LinkedBlockingQueue, queueCapacity: 2000, scheduler: class org.apache.hadoop.ipc.DefaultRpcScheduler, ipcBackoff: false.
2019-10-03 08:29:17,068 [Socket Reader #1 for port 33402] INFO  ipc.Server (Server.java:run(1074)) - Starting Socket Reader #1 for port 33402
2019-10-03 08:29:17,070 [main] INFO  hdfs.DFSUtil (DFSUtil.java:httpServerTemplateForNNAndJN(1641)) - Starting Web-server for scm at: http://0.0.0.0:0
2019-10-03 08:29:17,072 [main] INFO  server.AuthenticationFilter (AuthenticationFilter.java:constructSecretProvider(240)) - Unable to initialize FileSignerSecretProvider, falling back to use random secrets.
2019-10-03 08:29:17,073 [main] WARN  http.HttpRequestLog (HttpRequestLog.java:getRequestLog(97)) - Jetty request log can only be enabled using Log4j
2019-10-03 08:29:17,076 [main] INFO  http.HttpServer2 (HttpServer2.java:addGlobalFilter(975)) - Added global filter 'safety' (class=org.apache.hadoop.http.HttpServer2$QuotingInputFilter)
2019-10-03 08:29:17,076 [main] INFO  http.HttpServer2 (HttpServer2.java:addFilter(948)) - Added filter static_user_filter (class=org.apache.hadoop.http.lib.StaticUserWebFilter$StaticUserFilter) to context scm
2019-10-03 08:29:17,077 [main] INFO  http.HttpServer2 (HttpServer2.java:addFilter(958)) - Added filter static_user_filter (class=org.apache.hadoop.http.lib.StaticUserWebFilter$StaticUserFilter) to context static
2019-10-03 08:29:17,077 [main] INFO  http.HttpServer2 (HttpServer2.java:addFilter(958)) - Added filter static_user_filter (class=org.apache.hadoop.http.lib.StaticUserWebFilter$StaticUserFilter) to context logs
2019-10-03 08:29:17,080 [main] INFO  server.StorageContainerManager (StorageContainerManager.java:start(770)) - StorageContainerLocationProtocol RPC server is listening at /0.0.0.0:33402
2019-10-03 08:29:17,082 [main] WARN  impl.MetricsConfig (MetricsConfig.java:loadFirst(134)) - Cannot locate configuration: tried hadoop-metrics2-storagecontainermanager.properties,hadoop-metrics2.properties
2019-10-03 08:29:17,083 [main] INFO  impl.MetricsSystemImpl (MetricsSystemImpl.java:startTimer(374)) - Scheduled Metric snapshot period at 10 second(s).
2019-10-03 08:29:17,084 [main] INFO  impl.MetricsSystemImpl (MetricsSystemImpl.java:start(191)) - StorageContainerManager metrics system started
2019-10-03 08:29:17,112 [main] INFO  lib.Interns (Interns.java:removeEldestEntry(50)) - Metrics intern cache overflow at 2011 for MetricsSystem={MetricsSystem=MetricsInfoImpl{name=MetricsSystem, description=MetricsSystem}, MetricsSystem record=MetricsInfoImpl{name=MetricsSystem, description=MetricsSystem record}}
2019-10-03 08:29:17,129 [main] WARN  impl.MetricsSystemImpl (MetricsSystemImpl.java:register(276)) - Sink prometheus already exists!
2019-10-03 08:29:17,174 [main] INFO  server.SCMClientProtocolServer (SCMClientProtocolServer.java:start(150)) - RPC server for Client  is listening at /0.0.0.0:33402
2019-10-03 08:29:17,174 [IPC Server Responder] INFO  ipc.Server (Server.java:run(1314)) - IPC Server Responder: starting
2019-10-03 08:29:17,174 [IPC Server listener on 33402] INFO  ipc.Server (Server.java:run(1153)) - IPC Server listener on 33402: starting
2019-10-03 08:29:17,179 [main] INFO  server.StorageContainerManager (StorageContainerManager.java:start(780)) - ScmBlockLocationProtocol RPC server is listening at /0.0.0.0:40706
2019-10-03 08:29:17,179 [main] INFO  server.SCMBlockProtocolServer (SCMBlockProtocolServer.java:start(146)) - RPC server for Block Protocol is listening at /0.0.0.0:40706
2019-10-03 08:29:17,180 [IPC Server Responder] INFO  ipc.Server (Server.java:run(1314)) - IPC Server Responder: starting
2019-10-03 08:29:17,180 [IPC Server listener on 40706] INFO  ipc.Server (Server.java:run(1153)) - IPC Server listener on 40706: starting
2019-10-03 08:29:17,184 [main] INFO  server.StorageContainerManager (StorageContainerManager.java:start(784)) - ScmDatanodeProtocl RPC server is listening at /0.0.0.0:36758
2019-10-03 08:29:17,184 [main] INFO  server.SCMDatanodeProtocolServer (SCMDatanodeProtocolServer.java:start(169)) - RPC server for DataNodes is listening at /0.0.0.0:36758
2019-10-03 08:29:17,184 [IPC Server Responder] INFO  ipc.Server (Server.java:run(1314)) - IPC Server Responder: starting
2019-10-03 08:29:17,184 [IPC Server listener on 36758] INFO  ipc.Server (Server.java:run(1153)) - IPC Server listener on 36758: starting
2019-10-03 08:29:17,188 [main] INFO  http.HttpServer2 (HttpServer2.java:bindListener(1191)) - Jetty bound to port 39418
2019-10-03 08:29:17,188 [main] INFO  server.Server (Server.java:doStart(351)) - jetty-9.3.25.v20180904, build timestamp: 2018-09-04T21:11:46Z, git hash: 3ce520221d0240229c862b122d2b06c12a625732
2019-10-03 08:29:17,190 [main] INFO  handler.ContextHandler (ContextHandler.java:doStart(781)) - Started o.e.j.s.ServletContextHandler@712ac7e6{/logs,file:///workdir/hadoop-ozone/integration-test/target/log,AVAILABLE}
2019-10-03 08:29:17,191 [main] INFO  handler.ContextHandler (ContextHandler.java:doStart(781)) - Started o.e.j.s.ServletContextHandler@2fbe26da{/static,file:///workdir/hadoop-ozone/integration-test/target/test-classes/webapps/static,AVAILABLE}
2019-10-03 08:29:17,195 [main] INFO  handler.ContextHandler (ContextHandler.java:doStart(781)) - Started o.e.j.w.WebAppContext@6cfbbff7{/,file:///workdir/hadoop-ozone/integration-test/target/test-classes/webapps/scm/,AVAILABLE}{/scm}
2019-10-03 08:29:17,195 [main] INFO  server.AbstractConnector (AbstractConnector.java:doStart(278)) - Started ServerConnector@30db5536{HTTP/1.1,[http/1.1]}{0.0.0.0:39418}
2019-10-03 08:29:17,196 [main] INFO  server.Server (Server.java:doStart(419)) - Started @122253ms
2019-10-03 08:29:17,196 [main] WARN  impl.MetricsSystemImpl (MetricsSystemImpl.java:register(276)) - Sink prometheus already exists!
2019-10-03 08:29:17,197 [main] INFO  server.BaseHttpServer (BaseHttpServer.java:updateConnectorAddress(215)) - HTTP server of SCM is listening at http://0.0.0.0:39418
2019-10-03 08:29:17,198 [main] WARN  server.ServerUtils (ServerUtils.java:getDBPath(222)) - ozone.om.db.dirs is not configured. We recommend adding this setting. Falling back to ozone.metadata.dirs instead.
2019-10-03 08:29:17,198 [org.apache.hadoop.util.JvmPauseMonitor$Monitor@136ccbfe] INFO  util.JvmPauseMonitor (JvmPauseMonitor.java:run(188)) - Starting JVM pause monitor
2019-10-03 08:29:17,213 [main] INFO  ha.OMHANodeDetails (OMHANodeDetails.java:loadOMHAConfig(190)) - Configuration either no ozone.om.address set. Falling back to the default OM address /127.0.0.1:0
2019-10-03 08:29:17,214 [main] INFO  ha.OMHANodeDetails (OMHANodeDetails.java:getOMNodeDetails(220)) - OM Service ID is not set. Setting it to the default ID: omServiceIdDefault
2019-10-03 08:29:17,214 [main] WARN  server.ServerUtils (ServerUtils.java:getDBPath(222)) - ozone.om.db.dirs is not configured. We recommend adding this setting. Falling back to ozone.metadata.dirs instead.
2019-10-03 08:29:17,215 [main] WARN  server.ServerUtils (ServerUtils.java:getDBPath(222)) - ozone.om.db.dirs is not configured. We recommend adding this setting. Falling back to ozone.metadata.dirs instead.
2019-10-03 08:29:17,229 [main] WARN  server.ServerUtils (ServerUtils.java:getDBPath(222)) - ozone.om.db.dirs is not configured. We recommend adding this setting. Falling back to ozone.metadata.dirs instead.
2019-10-03 08:29:17,230 [main] INFO  db.DBStoreBuilder (DBStoreBuilder.java:addTable(110)) - using custom profile for table: userTable
2019-10-03 08:29:17,230 [main] INFO  db.DBStoreBuilder (DBStoreBuilder.java:processTables(161)) - Using default column profile:DBProfile.DISK for Table:userTable
2019-10-03 08:29:17,230 [main] INFO  db.DBStoreBuilder (DBStoreBuilder.java:addTable(110)) - using custom profile for table: volumeTable
2019-10-03 08:29:17,230 [main] INFO  db.DBStoreBuilder (DBStoreBuilder.java:processTables(161)) - Using default column profile:DBProfile.DISK for Table:volumeTable
2019-10-03 08:29:17,231 [main] INFO  db.DBStoreBuilder (DBStoreBuilder.java:addTable(110)) - using custom profile for table: bucketTable
2019-10-03 08:29:17,231 [main] INFO  db.DBStoreBuilder (DBStoreBuilder.java:processTables(161)) - Using default column profile:DBProfile.DISK for Table:bucketTable
2019-10-03 08:29:17,231 [main] INFO  db.DBStoreBuilder (DBStoreBuilder.java:addTable(110)) - using custom profile for table: keyTable
2019-10-03 08:29:17,232 [main] INFO  db.DBStoreBuilder (DBStoreBuilder.java:processTables(161)) - Using default column profile:DBProfile.DISK for Table:keyTable
2019-10-03 08:29:17,232 [main] INFO  db.DBStoreBuilder (DBStoreBuilder.java:addTable(110)) - using custom profile for table: deletedTable
2019-10-03 08:29:17,232 [main] INFO  db.DBStoreBuilder (DBStoreBuilder.java:processTables(161)) - Using default column profile:DBProfile.DISK for Table:deletedTable
2019-10-03 08:29:17,232 [main] INFO  db.DBStoreBuilder (DBStoreBuilder.java:addTable(110)) - using custom profile for table: openKeyTable
2019-10-03 08:29:17,232 [main] INFO  db.DBStoreBuilder (DBStoreBuilder.java:processTables(161)) - Using default column profile:DBProfile.DISK for Table:openKeyTable
2019-10-03 08:29:17,233 [main] INFO  db.DBStoreBuilder (DBStoreBuilder.java:addTable(110)) - using custom profile for table: s3Table
2019-10-03 08:29:17,233 [main] INFO  db.DBStoreBuilder (DBStoreBuilder.java:processTables(161)) - Using default column profile:DBProfile.DISK for Table:s3Table
2019-10-03 08:29:17,233 [main] INFO  db.DBStoreBuilder (DBStoreBuilder.java:addTable(110)) - using custom profile for table: multipartInfoTable
2019-10-03 08:29:17,233 [main] INFO  db.DBStoreBuilder (DBStoreBuilder.java:processTables(161)) - Using default column profile:DBProfile.DISK for Table:multipartInfoTable
2019-10-03 08:29:17,234 [main] INFO  db.DBStoreBuilder (DBStoreBuilder.java:addTable(110)) - using custom profile for table: dTokenTable
2019-10-03 08:29:17,234 [main] INFO  db.DBStoreBuilder (DBStoreBuilder.java:processTables(161)) - Using default column profile:DBProfile.DISK for Table:dTokenTable
2019-10-03 08:29:17,234 [main] INFO  db.DBStoreBuilder (DBStoreBuilder.java:addTable(110)) - using custom profile for table: s3SecretTable
2019-10-03 08:29:17,234 [main] INFO  db.DBStoreBuilder (DBStoreBuilder.java:processTables(161)) - Using default column profile:DBProfile.DISK for Table:s3SecretTable
2019-10-03 08:29:17,234 [main] INFO  db.DBStoreBuilder (DBStoreBuilder.java:addTable(110)) - using custom profile for table: prefixTable
2019-10-03 08:29:17,235 [main] INFO  db.DBStoreBuilder (DBStoreBuilder.java:processTables(161)) - Using default column profile:DBProfile.DISK for Table:prefixTable
2019-10-03 08:29:17,235 [main] INFO  db.DBStoreBuilder (DBStoreBuilder.java:addTable(110)) - using custom profile for table: default
2019-10-03 08:29:17,235 [main] INFO  db.DBStoreBuilder (DBStoreBuilder.java:processTables(167)) - Using default column profile:DBProfile.DISK for Table:default
2019-10-03 08:29:17,235 [main] INFO  db.DBStoreBuilder (DBStoreBuilder.java:getDbProfile(198)) - Using default options. DBProfile.DISK
2019-10-03 08:29:17,688 [main] INFO  ipc.CallQueueManager (CallQueueManager.java:<init>(84)) - Using callQueue: class java.util.concurrent.LinkedBlockingQueue, queueCapacity: 2000, scheduler: class org.apache.hadoop.ipc.DefaultRpcScheduler, ipcBackoff: false.
2019-10-03 08:29:17,689 [Socket Reader #1 for port 37690] INFO  ipc.Server (Server.java:run(1074)) - Starting Socket Reader #1 for port 37690
2019-10-03 08:29:17,711 [main] INFO  om.OzoneManager (OzoneManager.java:start(1069)) - OzoneManager RPC server is listening at localhost/127.0.0.1:37690
2019-10-03 08:29:17,711 [main] INFO  impl.MetricsSystemImpl (MetricsSystemImpl.java:init(158)) - OzoneManager metrics system started (again)
2019-10-03 08:29:17,712 [IPC Server Responder] INFO  ipc.Server (Server.java:run(1314)) - IPC Server Responder: starting
2019-10-03 08:29:17,712 [IPC Server listener on 37690] INFO  ipc.Server (Server.java:run(1153)) - IPC Server listener on 37690: starting
2019-10-03 08:29:17,719 [main] INFO  hdfs.DFSUtil (DFSUtil.java:httpServerTemplateForNNAndJN(1641)) - Starting Web-server for ozoneManager at: http://0.0.0.0:0
2019-10-03 08:29:17,721 [main] INFO  server.AuthenticationFilter (AuthenticationFilter.java:constructSecretProvider(240)) - Unable to initialize FileSignerSecretProvider, falling back to use random secrets.
2019-10-03 08:29:17,722 [main] WARN  http.HttpRequestLog (HttpRequestLog.java:getRequestLog(97)) - Jetty request log can only be enabled using Log4j
2019-10-03 08:29:17,724 [main] INFO  http.HttpServer2 (HttpServer2.java:addGlobalFilter(975)) - Added global filter 'safety' (class=org.apache.hadoop.http.HttpServer2$QuotingInputFilter)
2019-10-03 08:29:17,725 [main] INFO  http.HttpServer2 (HttpServer2.java:addFilter(948)) - Added filter static_user_filter (class=org.apache.hadoop.http.lib.StaticUserWebFilter$StaticUserFilter) to context ozoneManager
2019-10-03 08:29:17,725 [main] INFO  http.HttpServer2 (HttpServer2.java:addFilter(958)) - Added filter static_user_filter (class=org.apache.hadoop.http.lib.StaticUserWebFilter$StaticUserFilter) to context static
2019-10-03 08:29:17,726 [main] INFO  http.HttpServer2 (HttpServer2.java:addFilter(958)) - Added filter static_user_filter (class=org.apache.hadoop.http.lib.StaticUserWebFilter$StaticUserFilter) to context logs
2019-10-03 08:29:17,727 [main] INFO  http.HttpServer2 (HttpServer2.java:bindListener(1191)) - Jetty bound to port 35848
2019-10-03 08:29:17,727 [main] INFO  server.Server (Server.java:doStart(351)) - jetty-9.3.25.v20180904, build timestamp: 2018-09-04T21:11:46Z, git hash: 3ce520221d0240229c862b122d2b06c12a625732
2019-10-03 08:29:17,729 [main] INFO  handler.ContextHandler (ContextHandler.java:doStart(781)) - Started o.e.j.s.ServletContextHandler@7a8341c1{/logs,file:///workdir/hadoop-ozone/integration-test/target/log,AVAILABLE}
2019-10-03 08:29:17,729 [main] INFO  handler.ContextHandler (ContextHandler.java:doStart(781)) - Started o.e.j.s.ServletContextHandler@17043b04{/static,file:///workdir/hadoop-ozone/integration-test/target/test-classes/webapps/static,AVAILABLE}
2019-10-03 08:29:17,735 [main] INFO  handler.ContextHandler (ContextHandler.java:doStart(781)) - Started o.e.j.w.WebAppContext@2e4389ed{/,file:///workdir/hadoop-ozone/integration-test/target/test-classes/webapps/ozoneManager/,AVAILABLE}{/ozoneManager}
2019-10-03 08:29:17,735 [main] INFO  server.AbstractConnector (AbstractConnector.java:doStart(278)) - Started ServerConnector@1b90fee4{HTTP/1.1,[http/1.1]}{0.0.0.0:35848}
2019-10-03 08:29:17,736 [main] INFO  server.Server (Server.java:doStart(419)) - Started @122794ms
2019-10-03 08:29:17,737 [main] WARN  impl.MetricsSystemImpl (MetricsSystemImpl.java:register(276)) - Sink prometheus already exists!
2019-10-03 08:29:17,737 [main] INFO  server.BaseHttpServer (BaseHttpServer.java:updateConnectorAddress(215)) - HTTP server of OZONEMANAGER is listening at http://0.0.0.0:35848
2019-10-03 08:29:17,760 [main] INFO  impl.MetricsSystemImpl (MetricsSystemImpl.java:init(158)) - HddsDatanode metrics system started (again)
2019-10-03 08:29:17,763 [main] INFO  ozone.HddsDatanodeService (HddsDatanodeService.java:start(184)) - HddsDatanodeService host:pr-hdds2217-2mkdc-371598885 ip:192.168.151.98
2019-10-03 08:29:17,769 [main] INFO  volume.HddsVolume (HddsVolume.java:<init>(176)) - Creating Volume: /workdir/hadoop-ozone/integration-test/target/test-dir/MiniOzoneClusterImpl-60ce1093-8766-48da-b969-ec4fc1066279/datanode-0/data/containers/hdds of  storage type : DISK and capacity : 1482555576320
2019-10-03 08:29:17,770 [main] INFO  volume.VolumeSet (VolumeSet.java:initializeVolumeSet(170)) - Added Volume : /workdir/hadoop-ozone/integration-test/target/test-dir/MiniOzoneClusterImpl-60ce1093-8766-48da-b969-ec4fc1066279/datanode-0/data/containers/hdds to VolumeSet
2019-10-03 08:29:17,770 [main] INFO  volume.ThrottledAsyncChecker (ThrottledAsyncChecker.java:schedule(139)) - Scheduling a check for org.apache.hadoop.ozone.container.common.volume.HddsVolume@2d2b6960
2019-10-03 08:29:17,771 [main] INFO  volume.HddsVolumeChecker (HddsVolumeChecker.java:checkAllVolumes(202)) - Scheduled health check for volume org.apache.hadoop.ozone.container.common.volume.HddsVolume@2d2b6960
2019-10-03 08:29:17,787 [main] INFO  impl.RaftServerProxy (ConfUtils.java:logGet(43)) - raft.rpc.type = GRPC (default)
2019-10-03 08:29:17,787 [main] INFO  grpc.GrpcFactory (GrpcFactory.java:checkPooledByteBufAllocatorUseCacheForAllThreads(45)) - PERFORMANCE WARNING: useCacheForAllThreads is true that may cause Netty to create a lot garbage objects and, as a result, trigger GC.
	It is recommended to disable useCacheForAllThreads by setting -Dorg.apache.ratis.thirdparty.io.netty.allocator.useCacheForAllThreads=false in command line.
2019-10-03 08:29:17,787 [main] INFO  grpc.GrpcConfigKeys$Server (ConfUtils.java:logGet(43)) - raft.grpc.server.port = 0 (default)
2019-10-03 08:29:17,787 [main] INFO  server.GrpcService (ConfUtils.java:logGet(43)) - raft.grpc.message.size.max = 33570816 (custom)
2019-10-03 08:29:17,788 [main] INFO  server.RaftServerConfigKeys (ConfUtils.java:logGet(43)) - raft.server.log.appender.buffer.byte-limit = 33554432 (custom)
2019-10-03 08:29:17,788 [main] INFO  server.GrpcService (ConfUtils.java:logGet(43)) - raft.grpc.flow.control.window = 1MB (=1048576) (default)
2019-10-03 08:29:17,788 [main] INFO  server.RaftServerConfigKeys (ConfUtils.java:logGet(43)) - raft.server.rpc.request.timeout = 3000ms (default)
2019-10-03 08:29:17,789 [main] INFO  server.RaftServerConfigKeys (ConfUtils.java:logGet(43)) - raft.server.storage.dir = [/workdir/hadoop-ozone/integration-test/target/test-dir/MiniOzoneClusterImpl-60ce1093-8766-48da-b969-ec4fc1066279/datanode-0/data/ratis] (custom)
2019-10-03 08:29:17,790 [main] INFO  hdfs.DFSUtil (DFSUtil.java:httpServerTemplateForNNAndJN(1641)) - Starting Web-server for hddsDatanode at: http://0.0.0.0:0
2019-10-03 08:29:17,791 [main] INFO  server.AuthenticationFilter (AuthenticationFilter.java:constructSecretProvider(240)) - Unable to initialize FileSignerSecretProvider, falling back to use random secrets.
2019-10-03 08:29:17,792 [main] WARN  http.HttpRequestLog (HttpRequestLog.java:getRequestLog(97)) - Jetty request log can only be enabled using Log4j
2019-10-03 08:29:17,794 [main] INFO  http.HttpServer2 (HttpServer2.java:addGlobalFilter(975)) - Added global filter 'safety' (class=org.apache.hadoop.http.HttpServer2$QuotingInputFilter)
2019-10-03 08:29:17,794 [main] INFO  http.HttpServer2 (HttpServer2.java:addFilter(948)) - Added filter static_user_filter (class=org.apache.hadoop.http.lib.StaticUserWebFilter$StaticUserFilter) to context hddsDatanode
2019-10-03 08:29:17,795 [main] INFO  http.HttpServer2 (HttpServer2.java:addFilter(958)) - Added filter static_user_filter (class=org.apache.hadoop.http.lib.StaticUserWebFilter$StaticUserFilter) to context static
2019-10-03 08:29:17,795 [main] INFO  http.HttpServer2 (HttpServer2.java:addFilter(958)) - Added filter static_user_filter (class=org.apache.hadoop.http.lib.StaticUserWebFilter$StaticUserFilter) to context logs
2019-10-03 08:29:17,796 [main] INFO  http.HttpServer2 (HttpServer2.java:bindListener(1191)) - Jetty bound to port 37919
2019-10-03 08:29:17,796 [main] INFO  server.Server (Server.java:doStart(351)) - jetty-9.3.25.v20180904, build timestamp: 2018-09-04T21:11:46Z, git hash: 3ce520221d0240229c862b122d2b06c12a625732
2019-10-03 08:29:17,798 [main] INFO  handler.ContextHandler (ContextHandler.java:doStart(781)) - Started o.e.j.s.ServletContextHandler@47acd13b{/logs,file:///workdir/hadoop-ozone/integration-test/target/log,AVAILABLE}
2019-10-03 08:29:17,799 [main] INFO  handler.ContextHandler (ContextHandler.java:doStart(781)) - Started o.e.j.s.ServletContextHandler@77d381e6{/static,jar:file:/home/user/.m2/repository/org/apache/hadoop/hadoop-hdds-container-service/0.5.0-SNAPSHOT/hadoop-hdds-container-service-0.5.0-SNAPSHOT.jar!/webapps/static,AVAILABLE}
2019-10-03 08:29:17,840 [main] INFO  handler.ContextHandler (ContextHandler.java:doStart(781)) - Started o.e.j.w.WebAppContext@52ae997b{/,file:///tmp/jetty-0.0.0.0-37919-hddsDatanode-_-any-8723145415815320212.dir/webapp/,AVAILABLE}{/hddsDatanode}
2019-10-03 08:29:17,841 [main] INFO  server.AbstractConnector (AbstractConnector.java:doStart(278)) - Started ServerConnector@f557c37{HTTP/1.1,[http/1.1]}{0.0.0.0:37919}
2019-10-03 08:29:17,842 [main] INFO  server.Server (Server.java:doStart(419)) - Started @122900ms
2019-10-03 08:29:17,843 [main] WARN  impl.MetricsSystemImpl (MetricsSystemImpl.java:register(276)) - Sink prometheus already exists!
2019-10-03 08:29:17,844 [main] INFO  server.BaseHttpServer (BaseHttpServer.java:updateConnectorAddress(215)) - HTTP server of HDDSDATANODE is listening at http://0.0.0.0:37919
2019-10-03 08:29:17,844 [main] INFO  impl.MetricsSystemImpl (MetricsSystemImpl.java:init(158)) - HddsDatanode metrics system started (again)
2019-10-03 08:29:17,845 [org.apache.hadoop.util.JvmPauseMonitor$Monitor@5f17ede1] INFO  util.JvmPauseMonitor (JvmPauseMonitor.java:run(188)) - Starting JVM pause monitor
2019-10-03 08:29:17,849 [main] INFO  ozone.HddsDatanodeService (HddsDatanodeService.java:start(184)) - HddsDatanodeService host:pr-hdds2217-2mkdc-371598885 ip:192.168.151.98
2019-10-03 08:29:17,854 [Datanode State Machine Thread - 0] INFO  datanode.InitDatanodeState (InitDatanodeState.java:persistContainerDatanodeDetails(140)) - DatanodeDetails is persisted to /workdir/hadoop-ozone/integration-test/target/test-dir/MiniOzoneClusterImpl-60ce1093-8766-48da-b969-ec4fc1066279/datanode-0/meta/datanode.id
2019-10-03 08:29:17,861 [main] INFO  volume.HddsVolume (HddsVolume.java:<init>(176)) - Creating Volume: /workdir/hadoop-ozone/integration-test/target/test-dir/MiniOzoneClusterImpl-60ce1093-8766-48da-b969-ec4fc1066279/datanode-1/data/containers/hdds of  storage type : DISK and capacity : 1482555576320
2019-10-03 08:29:17,862 [main] INFO  volume.VolumeSet (VolumeSet.java:initializeVolumeSet(170)) - Added Volume : /workdir/hadoop-ozone/integration-test/target/test-dir/MiniOzoneClusterImpl-60ce1093-8766-48da-b969-ec4fc1066279/datanode-1/data/containers/hdds to VolumeSet
2019-10-03 08:29:17,862 [main] INFO  volume.ThrottledAsyncChecker (ThrottledAsyncChecker.java:schedule(139)) - Scheduling a check for org.apache.hadoop.ozone.container.common.volume.HddsVolume@61db86bf
2019-10-03 08:29:17,863 [main] INFO  volume.HddsVolumeChecker (HddsVolumeChecker.java:checkAllVolumes(202)) - Scheduled health check for volume org.apache.hadoop.ozone.container.common.volume.HddsVolume@61db86bf
2019-10-03 08:29:17,884 [main] INFO  impl.RaftServerProxy (ConfUtils.java:logGet(43)) - raft.rpc.type = GRPC (default)
2019-10-03 08:29:17,884 [main] INFO  grpc.GrpcFactory (GrpcFactory.java:checkPooledByteBufAllocatorUseCacheForAllThreads(45)) - PERFORMANCE WARNING: useCacheForAllThreads is true that may cause Netty to create a lot garbage objects and, as a result, trigger GC.
	It is recommended to disable useCacheForAllThreads by setting -Dorg.apache.ratis.thirdparty.io.netty.allocator.useCacheForAllThreads=false in command line.
2019-10-03 08:29:17,884 [main] INFO  grpc.GrpcConfigKeys$Server (ConfUtils.java:logGet(43)) - raft.grpc.server.port = 0 (default)
2019-10-03 08:29:17,885 [main] INFO  server.GrpcService (ConfUtils.java:logGet(43)) - raft.grpc.message.size.max = 33570816 (custom)
2019-10-03 08:29:17,885 [main] INFO  server.RaftServerConfigKeys (ConfUtils.java:logGet(43)) - raft.server.log.appender.buffer.byte-limit = 33554432 (custom)
2019-10-03 08:29:17,885 [main] INFO  server.GrpcService (ConfUtils.java:logGet(43)) - raft.grpc.flow.control.window = 1MB (=1048576) (default)
2019-10-03 08:29:17,885 [main] INFO  server.RaftServerConfigKeys (ConfUtils.java:logGet(43)) - raft.server.rpc.request.timeout = 3000ms (default)
2019-10-03 08:29:17,886 [main] INFO  server.RaftServerConfigKeys (ConfUtils.java:logGet(43)) - raft.server.storage.dir = [/workdir/hadoop-ozone/integration-test/target/test-dir/MiniOzoneClusterImpl-60ce1093-8766-48da-b969-ec4fc1066279/datanode-1/data/ratis] (custom)
2019-10-03 08:29:17,889 [main] INFO  hdfs.DFSUtil (DFSUtil.java:httpServerTemplateForNNAndJN(1641)) - Starting Web-server for hddsDatanode at: http://0.0.0.0:0
2019-10-03 08:29:17,893 [main] INFO  server.AuthenticationFilter (AuthenticationFilter.java:constructSecretProvider(240)) - Unable to initialize FileSignerSecretProvider, falling back to use random secrets.
2019-10-03 08:29:17,893 [main] WARN  http.HttpRequestLog (HttpRequestLog.java:getRequestLog(97)) - Jetty request log can only be enabled using Log4j
2019-10-03 08:29:17,895 [main] INFO  http.HttpServer2 (HttpServer2.java:addGlobalFilter(975)) - Added global filter 'safety' (class=org.apache.hadoop.http.HttpServer2$QuotingInputFilter)
2019-10-03 08:29:17,896 [main] INFO  http.HttpServer2 (HttpServer2.java:addFilter(948)) - Added filter static_user_filter (class=org.apache.hadoop.http.lib.StaticUserWebFilter$StaticUserFilter) to context hddsDatanode
2019-10-03 08:29:17,896 [main] INFO  http.HttpServer2 (HttpServer2.java:addFilter(958)) - Added filter static_user_filter (class=org.apache.hadoop.http.lib.StaticUserWebFilter$StaticUserFilter) to context static
2019-10-03 08:29:17,896 [main] INFO  http.HttpServer2 (HttpServer2.java:addFilter(958)) - Added filter static_user_filter (class=org.apache.hadoop.http.lib.StaticUserWebFilter$StaticUserFilter) to context logs
2019-10-03 08:29:17,897 [main] INFO  http.HttpServer2 (HttpServer2.java:bindListener(1191)) - Jetty bound to port 35059
2019-10-03 08:29:17,897 [main] INFO  server.Server (Server.java:doStart(351)) - jetty-9.3.25.v20180904, build timestamp: 2018-09-04T21:11:46Z, git hash: 3ce520221d0240229c862b122d2b06c12a625732
2019-10-03 08:29:17,899 [main] INFO  handler.ContextHandler (ContextHandler.java:doStart(781)) - Started o.e.j.s.ServletContextHandler@7e1ffe70{/logs,file:///workdir/hadoop-ozone/integration-test/target/log,AVAILABLE}
2019-10-03 08:29:17,900 [main] INFO  handler.ContextHandler (ContextHandler.java:doStart(781)) - Started o.e.j.s.ServletContextHandler@1235151c{/static,jar:file:/home/user/.m2/repository/org/apache/hadoop/hadoop-hdds-container-service/0.5.0-SNAPSHOT/hadoop-hdds-container-service-0.5.0-SNAPSHOT.jar!/webapps/static,AVAILABLE}
2019-10-03 08:29:17,934 [main] INFO  handler.ContextHandler (ContextHandler.java:doStart(781)) - Started o.e.j.w.WebAppContext@25a94b55{/,file:///tmp/jetty-0.0.0.0-35059-hddsDatanode-_-any-8938981799845652585.dir/webapp/,AVAILABLE}{/hddsDatanode}
2019-10-03 08:29:17,934 [main] INFO  server.AbstractConnector (AbstractConnector.java:doStart(278)) - Started ServerConnector@6adc5b9c{HTTP/1.1,[http/1.1]}{0.0.0.0:35059}
2019-10-03 08:29:17,936 [main] INFO  server.Server (Server.java:doStart(419)) - Started @122993ms
2019-10-03 08:29:17,936 [main] WARN  impl.MetricsSystemImpl (MetricsSystemImpl.java:register(276)) - Sink prometheus already exists!
2019-10-03 08:29:17,937 [main] INFO  server.BaseHttpServer (BaseHttpServer.java:updateConnectorAddress(215)) - HTTP server of HDDSDATANODE is listening at http://0.0.0.0:35059
2019-10-03 08:29:17,937 [main] INFO  impl.MetricsSystemImpl (MetricsSystemImpl.java:init(158)) - HddsDatanode metrics system started (again)
2019-10-03 08:29:17,941 [org.apache.hadoop.util.JvmPauseMonitor$Monitor@30f83044] INFO  util.JvmPauseMonitor (JvmPauseMonitor.java:run(188)) - Starting JVM pause monitor
2019-10-03 08:29:17,941 [main] INFO  ozone.HddsDatanodeService (HddsDatanodeService.java:start(184)) - HddsDatanodeService host:pr-hdds2217-2mkdc-371598885 ip:192.168.151.98
2019-10-03 08:29:17,943 [Datanode State Machine Thread - 0] INFO  datanode.InitDatanodeState (InitDatanodeState.java:persistContainerDatanodeDetails(140)) - DatanodeDetails is persisted to /workdir/hadoop-ozone/integration-test/target/test-dir/MiniOzoneClusterImpl-60ce1093-8766-48da-b969-ec4fc1066279/datanode-1/meta/datanode.id
2019-10-03 08:29:17,947 [main] INFO  volume.HddsVolume (HddsVolume.java:<init>(176)) - Creating Volume: /workdir/hadoop-ozone/integration-test/target/test-dir/MiniOzoneClusterImpl-60ce1093-8766-48da-b969-ec4fc1066279/datanode-2/data/containers/hdds of  storage type : DISK and capacity : 1482555576320
2019-10-03 08:29:17,947 [main] INFO  volume.VolumeSet (VolumeSet.java:initializeVolumeSet(170)) - Added Volume : /workdir/hadoop-ozone/integration-test/target/test-dir/MiniOzoneClusterImpl-60ce1093-8766-48da-b969-ec4fc1066279/datanode-2/data/containers/hdds to VolumeSet
2019-10-03 08:29:17,948 [main] INFO  volume.ThrottledAsyncChecker (ThrottledAsyncChecker.java:schedule(139)) - Scheduling a check for org.apache.hadoop.ozone.container.common.volume.HddsVolume@2a8a3ada
2019-10-03 08:29:17,948 [main] INFO  volume.HddsVolumeChecker (HddsVolumeChecker.java:checkAllVolumes(202)) - Scheduled health check for volume org.apache.hadoop.ozone.container.common.volume.HddsVolume@2a8a3ada
2019-10-03 08:29:17,965 [main] INFO  impl.RaftServerProxy (ConfUtils.java:logGet(43)) - raft.rpc.type = GRPC (default)
2019-10-03 08:29:17,965 [main] INFO  grpc.GrpcFactory (GrpcFactory.java:checkPooledByteBufAllocatorUseCacheForAllThreads(45)) - PERFORMANCE WARNING: useCacheForAllThreads is true that may cause Netty to create a lot garbage objects and, as a result, trigger GC.
	It is recommended to disable useCacheForAllThreads by setting -Dorg.apache.ratis.thirdparty.io.netty.allocator.useCacheForAllThreads=false in command line.
2019-10-03 08:29:17,965 [main] INFO  grpc.GrpcConfigKeys$Server (ConfUtils.java:logGet(43)) - raft.grpc.server.port = 0 (default)
2019-10-03 08:29:17,966 [main] INFO  server.GrpcService (ConfUtils.java:logGet(43)) - raft.grpc.message.size.max = 33570816 (custom)
2019-10-03 08:29:17,966 [main] INFO  server.RaftServerConfigKeys (ConfUtils.java:logGet(43)) - raft.server.log.appender.buffer.byte-limit = 33554432 (custom)
2019-10-03 08:29:17,966 [main] INFO  server.GrpcService (ConfUtils.java:logGet(43)) - raft.grpc.flow.control.window = 1MB (=1048576) (default)
2019-10-03 08:29:17,966 [main] INFO  server.RaftServerConfigKeys (ConfUtils.java:logGet(43)) - raft.server.rpc.request.timeout = 3000ms (default)
2019-10-03 08:29:17,967 [main] INFO  server.RaftServerConfigKeys (ConfUtils.java:logGet(43)) - raft.server.storage.dir = [/workdir/hadoop-ozone/integration-test/target/test-dir/MiniOzoneClusterImpl-60ce1093-8766-48da-b969-ec4fc1066279/datanode-2/data/ratis] (custom)
2019-10-03 08:29:17,968 [main] INFO  hdfs.DFSUtil (DFSUtil.java:httpServerTemplateForNNAndJN(1641)) - Starting Web-server for hddsDatanode at: http://0.0.0.0:0
2019-10-03 08:29:17,970 [main] INFO  server.AuthenticationFilter (AuthenticationFilter.java:constructSecretProvider(240)) - Unable to initialize FileSignerSecretProvider, falling back to use random secrets.
2019-10-03 08:29:17,970 [main] WARN  http.HttpRequestLog (HttpRequestLog.java:getRequestLog(97)) - Jetty request log can only be enabled using Log4j
2019-10-03 08:29:17,972 [main] INFO  http.HttpServer2 (HttpServer2.java:addGlobalFilter(975)) - Added global filter 'safety' (class=org.apache.hadoop.http.HttpServer2$QuotingInputFilter)
2019-10-03 08:29:17,972 [main] INFO  http.HttpServer2 (HttpServer2.java:addFilter(948)) - Added filter static_user_filter (class=org.apache.hadoop.http.lib.StaticUserWebFilter$StaticUserFilter) to context hddsDatanode
2019-10-03 08:29:17,972 [main] INFO  http.HttpServer2 (HttpServer2.java:addFilter(958)) - Added filter static_user_filter (class=org.apache.hadoop.http.lib.StaticUserWebFilter$StaticUserFilter) to context static
2019-10-03 08:29:17,973 [main] INFO  http.HttpServer2 (HttpServer2.java:addFilter(958)) - Added filter static_user_filter (class=org.apache.hadoop.http.lib.StaticUserWebFilter$StaticUserFilter) to context logs
2019-10-03 08:29:17,973 [main] INFO  http.HttpServer2 (HttpServer2.java:bindListener(1191)) - Jetty bound to port 42575
2019-10-03 08:29:17,974 [main] INFO  server.Server (Server.java:doStart(351)) - jetty-9.3.25.v20180904, build timestamp: 2018-09-04T21:11:46Z, git hash: 3ce520221d0240229c862b122d2b06c12a625732
2019-10-03 08:29:17,975 [main] INFO  handler.ContextHandler (ContextHandler.java:doStart(781)) - Started o.e.j.s.ServletContextHandler@654e6a90{/logs,file:///workdir/hadoop-ozone/integration-test/target/log,AVAILABLE}
2019-10-03 08:29:17,976 [main] INFO  handler.ContextHandler (ContextHandler.java:doStart(781)) - Started o.e.j.s.ServletContextHandler@16a5c7e4{/static,jar:file:/home/user/.m2/repository/org/apache/hadoop/hadoop-hdds-container-service/0.5.0-SNAPSHOT/hadoop-hdds-container-service-0.5.0-SNAPSHOT.jar!/webapps/static,AVAILABLE}
2019-10-03 08:29:18,007 [main] INFO  handler.ContextHandler (ContextHandler.java:doStart(781)) - Started o.e.j.w.WebAppContext@ea04cab{/,file:///tmp/jetty-0.0.0.0-42575-hddsDatanode-_-any-8208053103468685461.dir/webapp/,AVAILABLE}{/hddsDatanode}
2019-10-03 08:29:18,008 [main] INFO  server.AbstractConnector (AbstractConnector.java:doStart(278)) - Started ServerConnector@134f8ef6{HTTP/1.1,[http/1.1]}{0.0.0.0:42575}
2019-10-03 08:29:18,009 [main] INFO  server.Server (Server.java:doStart(419)) - Started @123066ms
2019-10-03 08:29:18,009 [main] WARN  impl.MetricsSystemImpl (MetricsSystemImpl.java:register(276)) - Sink prometheus already exists!
2019-10-03 08:29:18,010 [main] INFO  server.BaseHttpServer (BaseHttpServer.java:updateConnectorAddress(215)) - HTTP server of HDDSDATANODE is listening at http://0.0.0.0:42575
2019-10-03 08:29:18,010 [main] INFO  impl.MetricsSystemImpl (MetricsSystemImpl.java:init(158)) - HddsDatanode metrics system started (again)
2019-10-03 08:29:18,013 [org.apache.hadoop.util.JvmPauseMonitor$Monitor@44d8ae1a] INFO  util.JvmPauseMonitor (JvmPauseMonitor.java:run(188)) - Starting JVM pause monitor
2019-10-03 08:29:18,014 [main] INFO  ozone.HddsDatanodeService (HddsDatanodeService.java:start(184)) - HddsDatanodeService host:pr-hdds2217-2mkdc-371598885 ip:192.168.151.98
2019-10-03 08:29:18,015 [Datanode State Machine Thread - 0] INFO  datanode.InitDatanodeState (InitDatanodeState.java:persistContainerDatanodeDetails(140)) - DatanodeDetails is persisted to /workdir/hadoop-ozone/integration-test/target/test-dir/MiniOzoneClusterImpl-60ce1093-8766-48da-b969-ec4fc1066279/datanode-2/meta/datanode.id
2019-10-03 08:29:18,020 [main] INFO  volume.HddsVolume (HddsVolume.java:<init>(176)) - Creating Volume: /workdir/hadoop-ozone/integration-test/target/test-dir/MiniOzoneClusterImpl-60ce1093-8766-48da-b969-ec4fc1066279/datanode-3/data/containers/hdds of  storage type : DISK and capacity : 1482555576320
2019-10-03 08:29:18,020 [main] INFO  volume.VolumeSet (VolumeSet.java:initializeVolumeSet(170)) - Added Volume : /workdir/hadoop-ozone/integration-test/target/test-dir/MiniOzoneClusterImpl-60ce1093-8766-48da-b969-ec4fc1066279/datanode-3/data/containers/hdds to VolumeSet
2019-10-03 08:29:18,020 [main] INFO  volume.ThrottledAsyncChecker (ThrottledAsyncChecker.java:schedule(139)) - Scheduling a check for org.apache.hadoop.ozone.container.common.volume.HddsVolume@65ef48f2
2019-10-03 08:29:18,021 [main] INFO  volume.HddsVolumeChecker (HddsVolumeChecker.java:checkAllVolumes(202)) - Scheduled health check for volume org.apache.hadoop.ozone.container.common.volume.HddsVolume@65ef48f2
2019-10-03 08:29:18,034 [main] INFO  impl.RaftServerProxy (ConfUtils.java:logGet(43)) - raft.rpc.type = GRPC (default)
2019-10-03 08:29:18,034 [main] INFO  grpc.GrpcFactory (GrpcFactory.java:checkPooledByteBufAllocatorUseCacheForAllThreads(45)) - PERFORMANCE WARNING: useCacheForAllThreads is true that may cause Netty to create a lot garbage objects and, as a result, trigger GC.
	It is recommended to disable useCacheForAllThreads by setting -Dorg.apache.ratis.thirdparty.io.netty.allocator.useCacheForAllThreads=false in command line.
2019-10-03 08:29:18,034 [main] INFO  grpc.GrpcConfigKeys$Server (ConfUtils.java:logGet(43)) - raft.grpc.server.port = 0 (default)
2019-10-03 08:29:18,035 [main] INFO  server.GrpcService (ConfUtils.java:logGet(43)) - raft.grpc.message.size.max = 33570816 (custom)
2019-10-03 08:29:18,035 [main] INFO  server.RaftServerConfigKeys (ConfUtils.java:logGet(43)) - raft.server.log.appender.buffer.byte-limit = 33554432 (custom)
2019-10-03 08:29:18,035 [main] INFO  server.GrpcService (ConfUtils.java:logGet(43)) - raft.grpc.flow.control.window = 1MB (=1048576) (default)
2019-10-03 08:29:18,035 [main] INFO  server.RaftServerConfigKeys (ConfUtils.java:logGet(43)) - raft.server.rpc.request.timeout = 3000ms (default)
2019-10-03 08:29:18,036 [main] INFO  server.RaftServerConfigKeys (ConfUtils.java:logGet(43)) - raft.server.storage.dir = [/workdir/hadoop-ozone/integration-test/target/test-dir/MiniOzoneClusterImpl-60ce1093-8766-48da-b969-ec4fc1066279/datanode-3/data/ratis] (custom)
2019-10-03 08:29:18,037 [main] INFO  hdfs.DFSUtil (DFSUtil.java:httpServerTemplateForNNAndJN(1641)) - Starting Web-server for hddsDatanode at: http://0.0.0.0:0
2019-10-03 08:29:18,038 [main] INFO  server.AuthenticationFilter (AuthenticationFilter.java:constructSecretProvider(240)) - Unable to initialize FileSignerSecretProvider, falling back to use random secrets.
2019-10-03 08:29:18,038 [main] WARN  http.HttpRequestLog (HttpRequestLog.java:getRequestLog(97)) - Jetty request log can only be enabled using Log4j
2019-10-03 08:29:18,040 [main] INFO  http.HttpServer2 (HttpServer2.java:addGlobalFilter(975)) - Added global filter 'safety' (class=org.apache.hadoop.http.HttpServer2$QuotingInputFilter)
2019-10-03 08:29:18,040 [main] INFO  http.HttpServer2 (HttpServer2.java:addFilter(948)) - Added filter static_user_filter (class=org.apache.hadoop.http.lib.StaticUserWebFilter$StaticUserFilter) to context hddsDatanode
2019-10-03 08:29:18,040 [main] INFO  http.HttpServer2 (HttpServer2.java:addFilter(958)) - Added filter static_user_filter (class=org.apache.hadoop.http.lib.StaticUserWebFilter$StaticUserFilter) to context logs
2019-10-03 08:29:18,041 [main] INFO  http.HttpServer2 (HttpServer2.java:addFilter(958)) - Added filter static_user_filter (class=org.apache.hadoop.http.lib.StaticUserWebFilter$StaticUserFilter) to context static
2019-10-03 08:29:18,041 [main] INFO  http.HttpServer2 (HttpServer2.java:bindListener(1191)) - Jetty bound to port 43203
2019-10-03 08:29:18,041 [main] INFO  server.Server (Server.java:doStart(351)) - jetty-9.3.25.v20180904, build timestamp: 2018-09-04T21:11:46Z, git hash: 3ce520221d0240229c862b122d2b06c12a625732
2019-10-03 08:29:18,043 [main] INFO  handler.ContextHandler (ContextHandler.java:doStart(781)) - Started o.e.j.s.ServletContextHandler@25ffd826{/logs,file:///workdir/hadoop-ozone/integration-test/target/log,AVAILABLE}
2019-10-03 08:29:18,044 [main] INFO  handler.ContextHandler (ContextHandler.java:doStart(781)) - Started o.e.j.s.ServletContextHandler@e29f4f6{/static,jar:file:/home/user/.m2/repository/org/apache/hadoop/hadoop-hdds-container-service/0.5.0-SNAPSHOT/hadoop-hdds-container-service-0.5.0-SNAPSHOT.jar!/webapps/static,AVAILABLE}
2019-10-03 08:29:18,070 [main] INFO  handler.ContextHandler (ContextHandler.java:doStart(781)) - Started o.e.j.w.WebAppContext@5ff00507{/,file:///tmp/jetty-0.0.0.0-43203-hddsDatanode-_-any-733221769467246121.dir/webapp/,AVAILABLE}{/hddsDatanode}
2019-10-03 08:29:18,070 [main] INFO  server.AbstractConnector (AbstractConnector.java:doStart(278)) - Started ServerConnector@603cabc4{HTTP/1.1,[http/1.1]}{0.0.0.0:43203}
2019-10-03 08:29:18,071 [main] INFO  server.Server (Server.java:doStart(419)) - Started @123129ms
2019-10-03 08:29:18,071 [main] WARN  impl.MetricsSystemImpl (MetricsSystemImpl.java:register(276)) - Sink prometheus already exists!
2019-10-03 08:29:18,072 [main] INFO  server.BaseHttpServer (BaseHttpServer.java:updateConnectorAddress(215)) - HTTP server of HDDSDATANODE is listening at http://0.0.0.0:43203
2019-10-03 08:29:18,072 [main] INFO  impl.MetricsSystemImpl (MetricsSystemImpl.java:init(158)) - HddsDatanode metrics system started (again)
2019-10-03 08:29:18,075 [org.apache.hadoop.util.JvmPauseMonitor$Monitor@13ca407f] INFO  util.JvmPauseMonitor (JvmPauseMonitor.java:run(188)) - Starting JVM pause monitor
2019-10-03 08:29:18,076 [main] INFO  ozone.HddsDatanodeService (HddsDatanodeService.java:start(184)) - HddsDatanodeService host:pr-hdds2217-2mkdc-371598885 ip:192.168.151.98
2019-10-03 08:29:18,077 [Datanode State Machine Thread - 0] INFO  datanode.InitDatanodeState (InitDatanodeState.java:persistContainerDatanodeDetails(140)) - DatanodeDetails is persisted to /workdir/hadoop-ozone/integration-test/target/test-dir/MiniOzoneClusterImpl-60ce1093-8766-48da-b969-ec4fc1066279/datanode-3/meta/datanode.id
2019-10-03 08:29:18,084 [main] INFO  volume.HddsVolume (HddsVolume.java:<init>(176)) - Creating Volume: /workdir/hadoop-ozone/integration-test/target/test-dir/MiniOzoneClusterImpl-60ce1093-8766-48da-b969-ec4fc1066279/datanode-4/data/containers/hdds of  storage type : DISK and capacity : 1482555576320
2019-10-03 08:29:18,084 [main] INFO  volume.VolumeSet (VolumeSet.java:initializeVolumeSet(170)) - Added Volume : /workdir/hadoop-ozone/integration-test/target/test-dir/MiniOzoneClusterImpl-60ce1093-8766-48da-b969-ec4fc1066279/datanode-4/data/containers/hdds to VolumeSet
2019-10-03 08:29:18,084 [main] INFO  volume.ThrottledAsyncChecker (ThrottledAsyncChecker.java:schedule(139)) - Scheduling a check for org.apache.hadoop.ozone.container.common.volume.HddsVolume@cfd1075
2019-10-03 08:29:18,085 [main] INFO  volume.HddsVolumeChecker (HddsVolumeChecker.java:checkAllVolumes(202)) - Scheduled health check for volume org.apache.hadoop.ozone.container.common.volume.HddsVolume@cfd1075
2019-10-03 08:29:18,097 [main] INFO  impl.RaftServerProxy (ConfUtils.java:logGet(43)) - raft.rpc.type = GRPC (default)
2019-10-03 08:29:18,097 [main] INFO  grpc.GrpcFactory (GrpcFactory.java:checkPooledByteBufAllocatorUseCacheForAllThreads(45)) - PERFORMANCE WARNING: useCacheForAllThreads is true that may cause Netty to create a lot garbage objects and, as a result, trigger GC.
	It is recommended to disable useCacheForAllThreads by setting -Dorg.apache.ratis.thirdparty.io.netty.allocator.useCacheForAllThreads=false in command line.
2019-10-03 08:29:18,097 [main] INFO  grpc.GrpcConfigKeys$Server (ConfUtils.java:logGet(43)) - raft.grpc.server.port = 0 (default)
2019-10-03 08:29:18,098 [main] INFO  server.GrpcService (ConfUtils.java:logGet(43)) - raft.grpc.message.size.max = 33570816 (custom)
2019-10-03 08:29:18,098 [main] INFO  server.RaftServerConfigKeys (ConfUtils.java:logGet(43)) - raft.server.log.appender.buffer.byte-limit = 33554432 (custom)
2019-10-03 08:29:18,098 [main] INFO  server.GrpcService (ConfUtils.java:logGet(43)) - raft.grpc.flow.control.window = 1MB (=1048576) (default)
2019-10-03 08:29:18,098 [main] INFO  server.RaftServerConfigKeys (ConfUtils.java:logGet(43)) - raft.server.rpc.request.timeout = 3000ms (default)
2019-10-03 08:29:18,099 [main] INFO  server.RaftServerConfigKeys (ConfUtils.java:logGet(43)) - raft.server.storage.dir = [/workdir/hadoop-ozone/integration-test/target/test-dir/MiniOzoneClusterImpl-60ce1093-8766-48da-b969-ec4fc1066279/datanode-4/data/ratis] (custom)
2019-10-03 08:29:18,100 [main] INFO  hdfs.DFSUtil (DFSUtil.java:httpServerTemplateForNNAndJN(1641)) - Starting Web-server for hddsDatanode at: http://0.0.0.0:0
2019-10-03 08:29:18,101 [main] INFO  server.AuthenticationFilter (AuthenticationFilter.java:constructSecretProvider(240)) - Unable to initialize FileSignerSecretProvider, falling back to use random secrets.
2019-10-03 08:29:18,102 [main] WARN  http.HttpRequestLog (HttpRequestLog.java:getRequestLog(97)) - Jetty request log can only be enabled using Log4j
2019-10-03 08:29:18,103 [main] INFO  http.HttpServer2 (HttpServer2.java:addGlobalFilter(975)) - Added global filter 'safety' (class=org.apache.hadoop.http.HttpServer2$QuotingInputFilter)
2019-10-03 08:29:18,104 [main] INFO  http.HttpServer2 (HttpServer2.java:addFilter(948)) - Added filter static_user_filter (class=org.apache.hadoop.http.lib.StaticUserWebFilter$StaticUserFilter) to context hddsDatanode
2019-10-03 08:29:18,104 [main] INFO  http.HttpServer2 (HttpServer2.java:addFilter(958)) - Added filter static_user_filter (class=org.apache.hadoop.http.lib.StaticUserWebFilter$StaticUserFilter) to context static
2019-10-03 08:29:18,104 [main] INFO  http.HttpServer2 (HttpServer2.java:addFilter(958)) - Added filter static_user_filter (class=org.apache.hadoop.http.lib.StaticUserWebFilter$StaticUserFilter) to context logs
2019-10-03 08:29:18,105 [main] INFO  http.HttpServer2 (HttpServer2.java:bindListener(1191)) - Jetty bound to port 43440
2019-10-03 08:29:18,105 [main] INFO  server.Server (Server.java:doStart(351)) - jetty-9.3.25.v20180904, build timestamp: 2018-09-04T21:11:46Z, git hash: 3ce520221d0240229c862b122d2b06c12a625732
2019-10-03 08:29:18,106 [main] INFO  handler.ContextHandler (ContextHandler.java:doStart(781)) - Started o.e.j.s.ServletContextHandler@602f8f94{/logs,file:///workdir/hadoop-ozone/integration-test/target/log,AVAILABLE}
2019-10-03 08:29:18,107 [main] INFO  handler.ContextHandler (ContextHandler.java:doStart(781)) - Started o.e.j.s.ServletContextHandler@4dfe8b37{/static,jar:file:/home/user/.m2/repository/org/apache/hadoop/hadoop-hdds-container-service/0.5.0-SNAPSHOT/hadoop-hdds-container-service-0.5.0-SNAPSHOT.jar!/webapps/static,AVAILABLE}
2019-10-03 08:29:18,138 [main] INFO  handler.ContextHandler (ContextHandler.java:doStart(781)) - Started o.e.j.w.WebAppContext@18dd5ed3{/,file:///tmp/jetty-0.0.0.0-43440-hddsDatanode-_-any-8411422790782941113.dir/webapp/,AVAILABLE}{/hddsDatanode}
2019-10-03 08:29:18,138 [main] INFO  server.AbstractConnector (AbstractConnector.java:doStart(278)) - Started ServerConnector@6042d663{HTTP/1.1,[http/1.1]}{0.0.0.0:43440}
2019-10-03 08:29:18,139 [main] INFO  server.Server (Server.java:doStart(419)) - Started @123197ms
2019-10-03 08:29:18,139 [main] WARN  impl.MetricsSystemImpl (MetricsSystemImpl.java:register(276)) - Sink prometheus already exists!
2019-10-03 08:29:18,140 [main] INFO  server.BaseHttpServer (BaseHttpServer.java:updateConnectorAddress(215)) - HTTP server of HDDSDATANODE is listening at http://0.0.0.0:43440
2019-10-03 08:29:18,140 [main] INFO  impl.MetricsSystemImpl (MetricsSystemImpl.java:init(158)) - HddsDatanode metrics system started (again)
2019-10-03 08:29:18,144 [org.apache.hadoop.util.JvmPauseMonitor$Monitor@251f7353] INFO  util.JvmPauseMonitor (JvmPauseMonitor.java:run(188)) - Starting JVM pause monitor
2019-10-03 08:29:18,145 [main] INFO  ozone.HddsDatanodeService (HddsDatanodeService.java:start(184)) - HddsDatanodeService host:pr-hdds2217-2mkdc-371598885 ip:192.168.151.98
2019-10-03 08:29:18,146 [Datanode State Machine Thread - 0] INFO  datanode.InitDatanodeState (InitDatanodeState.java:persistContainerDatanodeDetails(140)) - DatanodeDetails is persisted to /workdir/hadoop-ozone/integration-test/target/test-dir/MiniOzoneClusterImpl-60ce1093-8766-48da-b969-ec4fc1066279/datanode-4/meta/datanode.id
2019-10-03 08:29:18,150 [main] INFO  volume.HddsVolume (HddsVolume.java:<init>(176)) - Creating Volume: /workdir/hadoop-ozone/integration-test/target/test-dir/MiniOzoneClusterImpl-60ce1093-8766-48da-b969-ec4fc1066279/datanode-5/data/containers/hdds of  storage type : DISK and capacity : 1482555576320
2019-10-03 08:29:18,151 [main] INFO  volume.VolumeSet (VolumeSet.java:initializeVolumeSet(170)) - Added Volume : /workdir/hadoop-ozone/integration-test/target/test-dir/MiniOzoneClusterImpl-60ce1093-8766-48da-b969-ec4fc1066279/datanode-5/data/containers/hdds to VolumeSet
2019-10-03 08:29:18,151 [main] INFO  volume.ThrottledAsyncChecker (ThrottledAsyncChecker.java:schedule(139)) - Scheduling a check for org.apache.hadoop.ozone.container.common.volume.HddsVolume@5f8d9767
2019-10-03 08:29:18,152 [main] INFO  volume.HddsVolumeChecker (HddsVolumeChecker.java:checkAllVolumes(202)) - Scheduled health check for volume org.apache.hadoop.ozone.container.common.volume.HddsVolume@5f8d9767
2019-10-03 08:29:18,170 [main] INFO  impl.RaftServerProxy (ConfUtils.java:logGet(43)) - raft.rpc.type = GRPC (default)
2019-10-03 08:29:18,171 [main] INFO  grpc.GrpcFactory (GrpcFactory.java:checkPooledByteBufAllocatorUseCacheForAllThreads(45)) - PERFORMANCE WARNING: useCacheForAllThreads is true that may cause Netty to create a lot garbage objects and, as a result, trigger GC.
	It is recommended to disable useCacheForAllThreads by setting -Dorg.apache.ratis.thirdparty.io.netty.allocator.useCacheForAllThreads=false in command line.
2019-10-03 08:29:18,171 [main] INFO  grpc.GrpcConfigKeys$Server (ConfUtils.java:logGet(43)) - raft.grpc.server.port = 0 (default)
2019-10-03 08:29:18,171 [main] INFO  server.GrpcService (ConfUtils.java:logGet(43)) - raft.grpc.message.size.max = 33570816 (custom)
2019-10-03 08:29:18,172 [main] INFO  server.RaftServerConfigKeys (ConfUtils.java:logGet(43)) - raft.server.log.appender.buffer.byte-limit = 33554432 (custom)
2019-10-03 08:29:18,172 [main] INFO  server.GrpcService (ConfUtils.java:logGet(43)) - raft.grpc.flow.control.window = 1MB (=1048576) (default)
2019-10-03 08:29:18,172 [main] INFO  server.RaftServerConfigKeys (ConfUtils.java:logGet(43)) - raft.server.rpc.request.timeout = 3000ms (default)
2019-10-03 08:29:18,173 [main] INFO  server.RaftServerConfigKeys (ConfUtils.java:logGet(43)) - raft.server.storage.dir = [/workdir/hadoop-ozone/integration-test/target/test-dir/MiniOzoneClusterImpl-60ce1093-8766-48da-b969-ec4fc1066279/datanode-5/data/ratis] (custom)
2019-10-03 08:29:18,174 [main] INFO  hdfs.DFSUtil (DFSUtil.java:httpServerTemplateForNNAndJN(1641)) - Starting Web-server for hddsDatanode at: http://0.0.0.0:0
2019-10-03 08:29:18,175 [main] INFO  server.AuthenticationFilter (AuthenticationFilter.java:constructSecretProvider(240)) - Unable to initialize FileSignerSecretProvider, falling back to use random secrets.
2019-10-03 08:29:18,175 [main] WARN  http.HttpRequestLog (HttpRequestLog.java:getRequestLog(97)) - Jetty request log can only be enabled using Log4j
2019-10-03 08:29:18,177 [main] INFO  http.HttpServer2 (HttpServer2.java:addGlobalFilter(975)) - Added global filter 'safety' (class=org.apache.hadoop.http.HttpServer2$QuotingInputFilter)
2019-10-03 08:29:18,177 [main] INFO  http.HttpServer2 (HttpServer2.java:addFilter(948)) - Added filter static_user_filter (class=org.apache.hadoop.http.lib.StaticUserWebFilter$StaticUserFilter) to context hddsDatanode
2019-10-03 08:29:18,177 [main] INFO  http.HttpServer2 (HttpServer2.java:addFilter(958)) - Added filter static_user_filter (class=org.apache.hadoop.http.lib.StaticUserWebFilter$StaticUserFilter) to context logs
2019-10-03 08:29:18,178 [main] INFO  http.HttpServer2 (HttpServer2.java:addFilter(958)) - Added filter static_user_filter (class=org.apache.hadoop.http.lib.StaticUserWebFilter$StaticUserFilter) to context static
2019-10-03 08:29:18,178 [main] INFO  http.HttpServer2 (HttpServer2.java:bindListener(1191)) - Jetty bound to port 34118
2019-10-03 08:29:18,178 [main] INFO  server.Server (Server.java:doStart(351)) - jetty-9.3.25.v20180904, build timestamp: 2018-09-04T21:11:46Z, git hash: 3ce520221d0240229c862b122d2b06c12a625732
2019-10-03 08:29:18,180 [main] INFO  handler.ContextHandler (ContextHandler.java:doStart(781)) - Started o.e.j.s.ServletContextHandler@1e8fb66f{/logs,file:///workdir/hadoop-ozone/integration-test/target/log,AVAILABLE}
2019-10-03 08:29:18,181 [main] INFO  handler.ContextHandler (ContextHandler.java:doStart(781)) - Started o.e.j.s.ServletContextHandler@ac91282{/static,jar:file:/home/user/.m2/repository/org/apache/hadoop/hadoop-hdds-container-service/0.5.0-SNAPSHOT/hadoop-hdds-container-service-0.5.0-SNAPSHOT.jar!/webapps/static,AVAILABLE}
2019-10-03 08:29:18,207 [main] INFO  handler.ContextHandler (ContextHandler.java:doStart(781)) - Started o.e.j.w.WebAppContext@fd413fb{/,file:///tmp/jetty-0.0.0.0-34118-hddsDatanode-_-any-7811659497755379044.dir/webapp/,AVAILABLE}{/hddsDatanode}
2019-10-03 08:29:18,207 [main] INFO  server.AbstractConnector (AbstractConnector.java:doStart(278)) - Started ServerConnector@1e1232cf{HTTP/1.1,[http/1.1]}{0.0.0.0:34118}
2019-10-03 08:29:18,208 [main] INFO  server.Server (Server.java:doStart(419)) - Started @123266ms
2019-10-03 08:29:18,208 [main] WARN  impl.MetricsSystemImpl (MetricsSystemImpl.java:register(276)) - Sink prometheus already exists!
2019-10-03 08:29:18,209 [main] INFO  server.BaseHttpServer (BaseHttpServer.java:updateConnectorAddress(215)) - HTTP server of HDDSDATANODE is listening at http://0.0.0.0:34118
2019-10-03 08:29:18,209 [main] INFO  impl.MetricsSystemImpl (MetricsSystemImpl.java:init(158)) - HddsDatanode metrics system started (again)
2019-10-03 08:29:18,213 [org.apache.hadoop.util.JvmPauseMonitor$Monitor@726d1bf3] INFO  util.JvmPauseMonitor (JvmPauseMonitor.java:run(188)) - Starting JVM pause monitor
2019-10-03 08:29:18,213 [main] INFO  ozone.HddsDatanodeService (HddsDatanodeService.java:start(184)) - HddsDatanodeService host:pr-hdds2217-2mkdc-371598885 ip:192.168.151.98
2019-10-03 08:29:18,215 [Datanode State Machine Thread - 0] INFO  datanode.InitDatanodeState (InitDatanodeState.java:persistContainerDatanodeDetails(140)) - DatanodeDetails is persisted to /workdir/hadoop-ozone/integration-test/target/test-dir/MiniOzoneClusterImpl-60ce1093-8766-48da-b969-ec4fc1066279/datanode-5/meta/datanode.id
2019-10-03 08:29:18,219 [main] INFO  volume.HddsVolume (HddsVolume.java:<init>(176)) - Creating Volume: /workdir/hadoop-ozone/integration-test/target/test-dir/MiniOzoneClusterImpl-60ce1093-8766-48da-b969-ec4fc1066279/datanode-6/data/containers/hdds of  storage type : DISK and capacity : 1482555576320
2019-10-03 08:29:18,219 [main] INFO  volume.VolumeSet (VolumeSet.java:initializeVolumeSet(170)) - Added Volume : /workdir/hadoop-ozone/integration-test/target/test-dir/MiniOzoneClusterImpl-60ce1093-8766-48da-b969-ec4fc1066279/datanode-6/data/containers/hdds to VolumeSet
2019-10-03 08:29:18,219 [main] INFO  volume.ThrottledAsyncChecker (ThrottledAsyncChecker.java:schedule(139)) - Scheduling a check for org.apache.hadoop.ozone.container.common.volume.HddsVolume@15a3b42
2019-10-03 08:29:18,220 [main] INFO  volume.HddsVolumeChecker (HddsVolumeChecker.java:checkAllVolumes(202)) - Scheduled health check for volume org.apache.hadoop.ozone.container.common.volume.HddsVolume@15a3b42
2019-10-03 08:29:18,232 [main] INFO  impl.RaftServerProxy (ConfUtils.java:logGet(43)) - raft.rpc.type = GRPC (default)
2019-10-03 08:29:18,233 [main] INFO  grpc.GrpcFactory (GrpcFactory.java:checkPooledByteBufAllocatorUseCacheForAllThreads(45)) - PERFORMANCE WARNING: useCacheForAllThreads is true that may cause Netty to create a lot garbage objects and, as a result, trigger GC.
	It is recommended to disable useCacheForAllThreads by setting -Dorg.apache.ratis.thirdparty.io.netty.allocator.useCacheForAllThreads=false in command line.
2019-10-03 08:29:18,233 [main] INFO  grpc.GrpcConfigKeys$Server (ConfUtils.java:logGet(43)) - raft.grpc.server.port = 0 (default)
2019-10-03 08:29:18,233 [main] INFO  server.GrpcService (ConfUtils.java:logGet(43)) - raft.grpc.message.size.max = 33570816 (custom)
2019-10-03 08:29:18,233 [main] INFO  server.RaftServerConfigKeys (ConfUtils.java:logGet(43)) - raft.server.log.appender.buffer.byte-limit = 33554432 (custom)
2019-10-03 08:29:18,233 [main] INFO  server.GrpcService (ConfUtils.java:logGet(43)) - raft.grpc.flow.control.window = 1MB (=1048576) (default)
2019-10-03 08:29:18,234 [main] INFO  server.RaftServerConfigKeys (ConfUtils.java:logGet(43)) - raft.server.rpc.request.timeout = 3000ms (default)
2019-10-03 08:29:18,234 [main] INFO  server.RaftServerConfigKeys (ConfUtils.java:logGet(43)) - raft.server.storage.dir = [/workdir/hadoop-ozone/integration-test/target/test-dir/MiniOzoneClusterImpl-60ce1093-8766-48da-b969-ec4fc1066279/datanode-6/data/ratis] (custom)
2019-10-03 08:29:18,235 [main] INFO  hdfs.DFSUtil (DFSUtil.java:httpServerTemplateForNNAndJN(1641)) - Starting Web-server for hddsDatanode at: http://0.0.0.0:0
2019-10-03 08:29:18,236 [main] INFO  server.AuthenticationFilter (AuthenticationFilter.java:constructSecretProvider(240)) - Unable to initialize FileSignerSecretProvider, falling back to use random secrets.
2019-10-03 08:29:18,236 [main] WARN  http.HttpRequestLog (HttpRequestLog.java:getRequestLog(97)) - Jetty request log can only be enabled using Log4j
2019-10-03 08:29:18,237 [main] INFO  http.HttpServer2 (HttpServer2.java:addGlobalFilter(975)) - Added global filter 'safety' (class=org.apache.hadoop.http.HttpServer2$QuotingInputFilter)
2019-10-03 08:29:18,238 [main] INFO  http.HttpServer2 (HttpServer2.java:addFilter(948)) - Added filter static_user_filter (class=org.apache.hadoop.http.lib.StaticUserWebFilter$StaticUserFilter) to context hddsDatanode
2019-10-03 08:29:18,238 [main] INFO  http.HttpServer2 (HttpServer2.java:addFilter(958)) - Added filter static_user_filter (class=org.apache.hadoop.http.lib.StaticUserWebFilter$StaticUserFilter) to context logs
2019-10-03 08:29:18,238 [main] INFO  http.HttpServer2 (HttpServer2.java:addFilter(958)) - Added filter static_user_filter (class=org.apache.hadoop.http.lib.StaticUserWebFilter$StaticUserFilter) to context static
2019-10-03 08:29:18,239 [main] INFO  http.HttpServer2 (HttpServer2.java:bindListener(1191)) - Jetty bound to port 35567
2019-10-03 08:29:18,239 [main] INFO  server.Server (Server.java:doStart(351)) - jetty-9.3.25.v20180904, build timestamp: 2018-09-04T21:11:46Z, git hash: 3ce520221d0240229c862b122d2b06c12a625732
2019-10-03 08:29:18,241 [main] INFO  handler.ContextHandler (ContextHandler.java:doStart(781)) - Started o.e.j.s.ServletContextHandler@5f0bab7e{/logs,file:///workdir/hadoop-ozone/integration-test/target/log,AVAILABLE}
2019-10-03 08:29:18,241 [main] INFO  handler.ContextHandler (ContextHandler.java:doStart(781)) - Started o.e.j.s.ServletContextHandler@337a6d30{/static,jar:file:/home/user/.m2/repository/org/apache/hadoop/hadoop-hdds-container-service/0.5.0-SNAPSHOT/hadoop-hdds-container-service-0.5.0-SNAPSHOT.jar!/webapps/static,AVAILABLE}
2019-10-03 08:29:18,274 [main] INFO  handler.ContextHandler (ContextHandler.java:doStart(781)) - Started o.e.j.w.WebAppContext@7d4d8579{/,file:///tmp/jetty-0.0.0.0-35567-hddsDatanode-_-any-1031272647455052176.dir/webapp/,AVAILABLE}{/hddsDatanode}
2019-10-03 08:29:18,274 [main] INFO  server.AbstractConnector (AbstractConnector.java:doStart(278)) - Started ServerConnector@159424e2{HTTP/1.1,[http/1.1]}{0.0.0.0:35567}
2019-10-03 08:29:18,275 [main] INFO  server.Server (Server.java:doStart(419)) - Started @123333ms
2019-10-03 08:29:18,275 [main] WARN  impl.MetricsSystemImpl (MetricsSystemImpl.java:register(276)) - Sink prometheus already exists!
2019-10-03 08:29:18,276 [main] INFO  server.BaseHttpServer (BaseHttpServer.java:updateConnectorAddress(215)) - HTTP server of HDDSDATANODE is listening at http://0.0.0.0:35567
2019-10-03 08:29:18,277 [main] INFO  ozone.MiniOzoneClusterImpl (MiniOzoneClusterImpl.java:lambda$waitForClusterToBeReady$0(147)) - Waiting for cluster to be ready. Got 0 of 7 DN Heartbeats.
2019-10-03 08:29:18,278 [org.apache.hadoop.util.JvmPauseMonitor$Monitor@718600b0] INFO  util.JvmPauseMonitor (JvmPauseMonitor.java:run(188)) - Starting JVM pause monitor
2019-10-03 08:29:18,280 [Datanode State Machine Thread - 0] INFO  datanode.InitDatanodeState (InitDatanodeState.java:persistContainerDatanodeDetails(140)) - DatanodeDetails is persisted to /workdir/hadoop-ozone/integration-test/target/test-dir/MiniOzoneClusterImpl-60ce1093-8766-48da-b969-ec4fc1066279/datanode-6/meta/datanode.id
2019-10-03 08:29:19,277 [main] INFO  ozone.MiniOzoneClusterImpl (MiniOzoneClusterImpl.java:lambda$waitForClusterToBeReady$0(147)) - Waiting for cluster to be ready. Got 0 of 7 DN Heartbeats.
2019-10-03 08:29:19,875 [Datanode State Machine Thread - 0] INFO  ozoneimpl.OzoneContainer (OzoneContainer.java:start(217)) - Attempting to start container services.
2019-10-03 08:29:19,876 [Datanode State Machine Thread - 0] INFO  ozoneimpl.OzoneContainer (OzoneContainer.java:startContainerScrub(179)) - Background container scanner has been disabled.
2019-10-03 08:29:19,876 [Datanode State Machine Thread - 0] INFO  ratis.XceiverServerRatis (XceiverServerRatis.java:start(417)) - Starting XceiverServerRatis e99ec86c-eb11-4984-811e-cb8f4c6ed7f5 at port 0
2019-10-03 08:29:19,884 [Datanode State Machine Thread - 0] INFO  impl.RaftServerProxy (RaftServerProxy.java:lambda$start$3(299)) - e99ec86c-eb11-4984-811e-cb8f4c6ed7f5: start RPC server
2019-10-03 08:29:19,886 [Datanode State Machine Thread - 0] INFO  server.GrpcService (GrpcService.java:startImpl(158)) - e99ec86c-eb11-4984-811e-cb8f4c6ed7f5: GrpcService started, listening on 0.0.0.0/0.0.0.0:36669
2019-10-03 08:29:19,886 [Datanode State Machine Thread - 0] INFO  ratis.XceiverServerRatis (XceiverServerRatis.java:start(427)) - XceiverServerRatis e99ec86c-eb11-4984-811e-cb8f4c6ed7f5 is started using port 36669
2019-10-03 08:29:19,887 [Datanode State Machine Thread - 0] INFO  server.XceiverServerGrpc (XceiverServerGrpc.java:start(149)) - XceiverServerGrpc e99ec86c-eb11-4984-811e-cb8f4c6ed7f5 is started using port 36227
2019-10-03 08:29:19,957 [Datanode State Machine Thread - 0] INFO  ozoneimpl.OzoneContainer (OzoneContainer.java:start(217)) - Attempting to start container services.
2019-10-03 08:29:19,958 [Datanode State Machine Thread - 0] INFO  ozoneimpl.OzoneContainer (OzoneContainer.java:startContainerScrub(179)) - Background container scanner has been disabled.
2019-10-03 08:29:19,958 [Datanode State Machine Thread - 0] INFO  ratis.XceiverServerRatis (XceiverServerRatis.java:start(417)) - Starting XceiverServerRatis f69a3bb4-5ce3-4f3a-a5ec-57530bf8bb38 at port 0
2019-10-03 08:29:19,964 [Datanode State Machine Thread - 0] INFO  impl.RaftServerProxy (RaftServerProxy.java:lambda$start$3(299)) - f69a3bb4-5ce3-4f3a-a5ec-57530bf8bb38: start RPC server
2019-10-03 08:29:19,964 [Datanode State Machine Thread - 0] INFO  server.GrpcService (GrpcService.java:startImpl(158)) - f69a3bb4-5ce3-4f3a-a5ec-57530bf8bb38: GrpcService started, listening on 0.0.0.0/0.0.0.0:33249
2019-10-03 08:29:19,964 [Datanode State Machine Thread - 0] INFO  ratis.XceiverServerRatis (XceiverServerRatis.java:start(427)) - XceiverServerRatis f69a3bb4-5ce3-4f3a-a5ec-57530bf8bb38 is started using port 33249
2019-10-03 08:29:19,965 [Datanode State Machine Thread - 0] INFO  server.XceiverServerGrpc (XceiverServerGrpc.java:start(149)) - XceiverServerGrpc f69a3bb4-5ce3-4f3a-a5ec-57530bf8bb38 is started using port 45582
2019-10-03 08:29:20,028 [Datanode State Machine Thread - 0] INFO  ozoneimpl.OzoneContainer (OzoneContainer.java:start(217)) - Attempting to start container services.
2019-10-03 08:29:20,028 [Datanode State Machine Thread - 0] INFO  ozoneimpl.OzoneContainer (OzoneContainer.java:startContainerScrub(179)) - Background container scanner has been disabled.
2019-10-03 08:29:20,028 [Datanode State Machine Thread - 0] INFO  ratis.XceiverServerRatis (XceiverServerRatis.java:start(417)) - Starting XceiverServerRatis 027d15f8-0321-42a1-b7d1-02f58cd1cf17 at port 0
2019-10-03 08:29:20,033 [Datanode State Machine Thread - 0] INFO  impl.RaftServerProxy (RaftServerProxy.java:lambda$start$3(299)) - 027d15f8-0321-42a1-b7d1-02f58cd1cf17: start RPC server
2019-10-03 08:29:20,034 [Datanode State Machine Thread - 0] INFO  server.GrpcService (GrpcService.java:startImpl(158)) - 027d15f8-0321-42a1-b7d1-02f58cd1cf17: GrpcService started, listening on 0.0.0.0/0.0.0.0:37781
2019-10-03 08:29:20,034 [Datanode State Machine Thread - 0] INFO  ratis.XceiverServerRatis (XceiverServerRatis.java:start(427)) - XceiverServerRatis 027d15f8-0321-42a1-b7d1-02f58cd1cf17 is started using port 37781
2019-10-03 08:29:20,034 [Datanode State Machine Thread - 0] INFO  server.XceiverServerGrpc (XceiverServerGrpc.java:start(149)) - XceiverServerGrpc 027d15f8-0321-42a1-b7d1-02f58cd1cf17 is started using port 35679
2019-10-03 08:29:20,089 [Datanode State Machine Thread - 0] INFO  ozoneimpl.OzoneContainer (OzoneContainer.java:start(217)) - Attempting to start container services.
2019-10-03 08:29:20,089 [Datanode State Machine Thread - 0] INFO  ozoneimpl.OzoneContainer (OzoneContainer.java:startContainerScrub(179)) - Background container scanner has been disabled.
2019-10-03 08:29:20,089 [Datanode State Machine Thread - 0] INFO  ratis.XceiverServerRatis (XceiverServerRatis.java:start(417)) - Starting XceiverServerRatis 3b7cc910-10f8-4979-8256-e97d5cd0d810 at port 0
2019-10-03 08:29:20,094 [Datanode State Machine Thread - 0] INFO  impl.RaftServerProxy (RaftServerProxy.java:lambda$start$3(299)) - 3b7cc910-10f8-4979-8256-e97d5cd0d810: start RPC server
2019-10-03 08:29:20,095 [Datanode State Machine Thread - 0] INFO  server.GrpcService (GrpcService.java:startImpl(158)) - 3b7cc910-10f8-4979-8256-e97d5cd0d810: GrpcService started, listening on 0.0.0.0/0.0.0.0:45006
2019-10-03 08:29:20,095 [Datanode State Machine Thread - 0] INFO  ratis.XceiverServerRatis (XceiverServerRatis.java:start(427)) - XceiverServerRatis 3b7cc910-10f8-4979-8256-e97d5cd0d810 is started using port 45006
2019-10-03 08:29:20,095 [Datanode State Machine Thread - 0] INFO  server.XceiverServerGrpc (XceiverServerGrpc.java:start(149)) - XceiverServerGrpc 3b7cc910-10f8-4979-8256-e97d5cd0d810 is started using port 33089
2019-10-03 08:29:20,157 [Datanode State Machine Thread - 0] INFO  ozoneimpl.OzoneContainer (OzoneContainer.java:start(217)) - Attempting to start container services.
2019-10-03 08:29:20,158 [Datanode State Machine Thread - 0] INFO  ozoneimpl.OzoneContainer (OzoneContainer.java:startContainerScrub(179)) - Background container scanner has been disabled.
2019-10-03 08:29:20,158 [Datanode State Machine Thread - 0] INFO  ratis.XceiverServerRatis (XceiverServerRatis.java:start(417)) - Starting XceiverServerRatis 38f53f2a-cf58-47fe-b3dc-c7b51a12a8a1 at port 0
2019-10-03 08:29:20,165 [Datanode State Machine Thread - 0] INFO  impl.RaftServerProxy (RaftServerProxy.java:lambda$start$3(299)) - 38f53f2a-cf58-47fe-b3dc-c7b51a12a8a1: start RPC server
2019-10-03 08:29:20,166 [Datanode State Machine Thread - 0] INFO  server.GrpcService (GrpcService.java:startImpl(158)) - 38f53f2a-cf58-47fe-b3dc-c7b51a12a8a1: GrpcService started, listening on 0.0.0.0/0.0.0.0:35394
2019-10-03 08:29:20,167 [Datanode State Machine Thread - 0] INFO  ratis.XceiverServerRatis (XceiverServerRatis.java:start(427)) - XceiverServerRatis 38f53f2a-cf58-47fe-b3dc-c7b51a12a8a1 is started using port 35394
2019-10-03 08:29:20,167 [Datanode State Machine Thread - 0] INFO  server.XceiverServerGrpc (XceiverServerGrpc.java:start(149)) - XceiverServerGrpc 38f53f2a-cf58-47fe-b3dc-c7b51a12a8a1 is started using port 39471
2019-10-03 08:29:20,228 [Datanode State Machine Thread - 0] INFO  ozoneimpl.OzoneContainer (OzoneContainer.java:start(217)) - Attempting to start container services.
2019-10-03 08:29:20,228 [Datanode State Machine Thread - 0] INFO  ozoneimpl.OzoneContainer (OzoneContainer.java:startContainerScrub(179)) - Background container scanner has been disabled.
2019-10-03 08:29:20,228 [Datanode State Machine Thread - 0] INFO  ratis.XceiverServerRatis (XceiverServerRatis.java:start(417)) - Starting XceiverServerRatis ee0c9867-92ce-4d9b-aa3b-f8b15b6fea11 at port 0
2019-10-03 08:29:20,234 [Datanode State Machine Thread - 0] INFO  impl.RaftServerProxy (RaftServerProxy.java:lambda$start$3(299)) - ee0c9867-92ce-4d9b-aa3b-f8b15b6fea11: start RPC server
2019-10-03 08:29:20,235 [Datanode State Machine Thread - 0] INFO  server.GrpcService (GrpcService.java:startImpl(158)) - ee0c9867-92ce-4d9b-aa3b-f8b15b6fea11: GrpcService started, listening on 0.0.0.0/0.0.0.0:38561
2019-10-03 08:29:20,235 [Datanode State Machine Thread - 0] INFO  ratis.XceiverServerRatis (XceiverServerRatis.java:start(427)) - XceiverServerRatis ee0c9867-92ce-4d9b-aa3b-f8b15b6fea11 is started using port 38561
2019-10-03 08:29:20,235 [Datanode State Machine Thread - 0] INFO  server.XceiverServerGrpc (XceiverServerGrpc.java:start(149)) - XceiverServerGrpc ee0c9867-92ce-4d9b-aa3b-f8b15b6fea11 is started using port 37053
2019-10-03 08:29:20,278 [main] INFO  ozone.MiniOzoneClusterImpl (MiniOzoneClusterImpl.java:lambda$waitForClusterToBeReady$0(147)) - Waiting for cluster to be ready. Got 0 of 7 DN Heartbeats.
2019-10-03 08:29:20,293 [Datanode State Machine Thread - 0] INFO  ozoneimpl.OzoneContainer (OzoneContainer.java:start(217)) - Attempting to start container services.
2019-10-03 08:29:20,293 [Datanode State Machine Thread - 0] INFO  ozoneimpl.OzoneContainer (OzoneContainer.java:startContainerScrub(179)) - Background container scanner has been disabled.
2019-10-03 08:29:20,293 [Datanode State Machine Thread - 0] INFO  ratis.XceiverServerRatis (XceiverServerRatis.java:start(417)) - Starting XceiverServerRatis c06ef47c-1ddd-452c-8af6-f1545fd4e968 at port 0
2019-10-03 08:29:20,300 [Datanode State Machine Thread - 0] INFO  impl.RaftServerProxy (RaftServerProxy.java:lambda$start$3(299)) - c06ef47c-1ddd-452c-8af6-f1545fd4e968: start RPC server
2019-10-03 08:29:20,303 [Datanode State Machine Thread - 0] INFO  server.GrpcService (GrpcService.java:startImpl(158)) - c06ef47c-1ddd-452c-8af6-f1545fd4e968: GrpcService started, listening on 0.0.0.0/0.0.0.0:36884
2019-10-03 08:29:20,304 [Datanode State Machine Thread - 0] INFO  ratis.XceiverServerRatis (XceiverServerRatis.java:start(427)) - XceiverServerRatis c06ef47c-1ddd-452c-8af6-f1545fd4e968 is started using port 36884
2019-10-03 08:29:20,304 [Datanode State Machine Thread - 0] INFO  server.XceiverServerGrpc (XceiverServerGrpc.java:start(149)) - XceiverServerGrpc c06ef47c-1ddd-452c-8af6-f1545fd4e968 is started using port 33740
2019-10-03 08:29:21,278 [main] INFO  ozone.MiniOzoneClusterImpl (MiniOzoneClusterImpl.java:lambda$waitForClusterToBeReady$0(147)) - Waiting for cluster to be ready. Got 0 of 7 DN Heartbeats.
2019-10-03 08:29:21,850 [IPC Server handler 3 on 36758] INFO  net.NetworkTopology (NetworkTopologyImpl.java:add(111)) - Added a new node: /default-rack/e99ec86c-eb11-4984-811e-cb8f4c6ed7f5
2019-10-03 08:29:21,853 [IPC Server handler 3 on 36758] INFO  node.SCMNodeManager (SCMNodeManager.java:register(266)) - Registered Data node : e99ec86c-eb11-4984-811e-cb8f4c6ed7f5{ip: 192.168.151.98, host: pr-hdds2217-2mkdc-371598885, networkLocation: /default-rack, certSerialId: null}
2019-10-03 08:29:21,854 [EventQueue-NodeRegistrationContainerReportForDataNodeSafeModeRule] INFO  safemode.SCMSafeModeManager (DataNodeSafeModeRule.java:process(71)) - SCM in safe mode. 1 DataNodes registered, 1 required.
2019-10-03 08:29:21,856 [EventQueue-NodeRegistrationContainerReportForDataNodeSafeModeRule] INFO  safemode.SCMSafeModeManager (SCMSafeModeManager.java:validateSafeModeExitRules(177)) - ScmSafeModeManager, all rules are successfully validated
2019-10-03 08:29:21,856 [EventQueue-NodeRegistrationContainerReportForDataNodeSafeModeRule] INFO  safemode.SCMSafeModeManager (SCMSafeModeManager.java:exitSafeMode(193)) - SCM exiting safe mode.
2019-10-03 08:29:21,885 [grpc-default-executor-8] INFO  impl.RaftServerProxy (RaftServerProxy.java:addNew(89)) - e99ec86c-eb11-4984-811e-cb8f4c6ed7f5: addNew group-9336E1143D74:[e99ec86c-eb11-4984-811e-cb8f4c6ed7f5:192.168.151.98:36669] returns group-9336E1143D74:java.util.concurrent.CompletableFuture@70200fa8[Not completed]
2019-10-03 08:29:21,886 [pool-207-thread-1] INFO  impl.RaftServerImpl (RaftServerImpl.java:<init>(95)) - e99ec86c-eb11-4984-811e-cb8f4c6ed7f5: new RaftServerImpl for group-9336E1143D74:[e99ec86c-eb11-4984-811e-cb8f4c6ed7f5:192.168.151.98:36669] with ContainerStateMachine:uninitialized
2019-10-03 08:29:21,886 [pool-207-thread-1] INFO  server.RaftServerConfigKeys (ConfUtils.java:logGet(43)) - raft.server.rpc.timeout.min = 5s (custom)
2019-10-03 08:29:21,886 [pool-207-thread-1] INFO  server.RaftServerConfigKeys (ConfUtils.java:logGet(43)) - raft.server.rpc.timeout.max = 5200ms (custom)
2019-10-03 08:29:21,886 [pool-207-thread-1] INFO  server.RaftServerConfigKeys (ConfUtils.java:logGet(43)) - raft.server.rpcslowness.timeout = 120s (custom)
2019-10-03 08:29:21,886 [pool-207-thread-1] INFO  server.RaftServerConfigKeys (ConfUtils.java:logGet(43)) - raft.server.sleep.deviation.threshold = 300 (default)
2019-10-03 08:29:21,887 [pool-207-thread-1] INFO  server.RaftServerConfigKeys (ConfUtils.java:logGet(43)) - raft.server.log.appender.install.snapshot.enabled = false (custom)
2019-10-03 08:29:21,887 [pool-207-thread-1] INFO  impl.RaftServerImpl (ServerState.java:<init>(103)) - e99ec86c-eb11-4984-811e-cb8f4c6ed7f5@group-9336E1143D74: ConfigurationManager, init=-1: [e99ec86c-eb11-4984-811e-cb8f4c6ed7f5:192.168.151.98:36669], old=null, confs=<EMPTY_MAP>
2019-10-03 08:29:21,887 [pool-207-thread-1] INFO  server.RaftServerConfigKeys (ConfUtils.java:logGet(43)) - raft.server.storage.dir = [/workdir/hadoop-ozone/integration-test/target/test-dir/MiniOzoneClusterImpl-60ce1093-8766-48da-b969-ec4fc1066279/datanode-0/data/ratis] (custom)
2019-10-03 08:29:21,887 [pool-207-thread-1] INFO  server.RaftServerConfigKeys (ConfUtils.java:logGet(43)) - raft.server.log.corruption.policy = EXCEPTION (default)
2019-10-03 08:29:21,887 [pool-207-thread-1] INFO  storage.RaftStorageDirectory (RaftStorageDirectory.java:analyzeStorage(246)) - The storage directory /workdir/hadoop-ozone/integration-test/target/test-dir/MiniOzoneClusterImpl-60ce1093-8766-48da-b969-ec4fc1066279/datanode-0/data/ratis/9a7ec2a3-155b-4f6f-b6ee-9336e1143d74 does not exist. Creating ...
2019-10-03 08:29:21,900 [pool-207-thread-1] INFO  storage.RaftStorageDirectory (RaftStorageDirectory.java:tryLock(328)) - Lock on /workdir/hadoop-ozone/integration-test/target/test-dir/MiniOzoneClusterImpl-60ce1093-8766-48da-b969-ec4fc1066279/datanode-0/data/ratis/9a7ec2a3-155b-4f6f-b6ee-9336e1143d74/in_use.lock acquired by nodename 14310@pr-hdds2217-2mkdc-371598885
2019-10-03 08:29:21,913 [pool-207-thread-1] INFO  storage.RaftStorage (RaftStorage.java:format(84)) - Storage directory /workdir/hadoop-ozone/integration-test/target/test-dir/MiniOzoneClusterImpl-60ce1093-8766-48da-b969-ec4fc1066279/datanode-0/data/ratis/9a7ec2a3-155b-4f6f-b6ee-9336e1143d74 has been successfully formatted.
2019-10-03 08:29:21,913 [pool-207-thread-1] INFO  ratis.ContainerStateMachine (ContainerStateMachine.java:loadSnapshot(230)) - group-9336E1143D74: The snapshot info is null. Setting the last applied indexto:(t:0, i:~)
2019-10-03 08:29:21,913 [pool-207-thread-1] INFO  server.RaftServerConfigKeys (ConfUtils.java:logGet(43)) - raft.server.notification.no-leader.timeout = 120s (custom)
2019-10-03 08:29:21,913 [pool-207-thread-1] INFO  server.RaftServerConfigKeys (ConfUtils.java:logGet(43)) - raft.server.log.use.memory = false (default)
2019-10-03 08:29:21,913 [pool-207-thread-1] INFO  server.RaftServerConfigKeys (ConfUtils.java:logGet(43)) - raft.server.log.purge.gap = 1000000 (custom)
2019-10-03 08:29:21,913 [pool-207-thread-1] INFO  server.RaftServerConfigKeys (ConfUtils.java:logGet(43)) - raft.server.log.appender.buffer.byte-limit = 33554432 (custom)
2019-10-03 08:29:21,913 [pool-207-thread-1] INFO  server.RaftServerConfigKeys (ConfUtils.java:logGet(43)) - raft.server.log.segment.size.max = 1048576 (custom)
2019-10-03 08:29:21,915 [pool-207-thread-1] INFO  server.RaftServerConfigKeys (ConfUtils.java:logGet(43)) - raft.server.log.segment.cache.num.max = 2 (custom)
2019-10-03 08:29:21,915 [pool-207-thread-1] INFO  segmented.SegmentedRaftLogWorker (SegmentedRaftLogWorker.java:<init>(173)) - new e99ec86c-eb11-4984-811e-cb8f4c6ed7f5@group-9336E1143D74-SegmentedRaftLogWorker for RaftStorage:Storage Directory /workdir/hadoop-ozone/integration-test/target/test-dir/MiniOzoneClusterImpl-60ce1093-8766-48da-b969-ec4fc1066279/datanode-0/data/ratis/9a7ec2a3-155b-4f6f-b6ee-9336e1143d74
2019-10-03 08:29:21,915 [pool-207-thread-1] INFO  server.RaftServerConfigKeys (ConfUtils.java:logGet(43)) - raft.server.log.queue.byte-limit = 2147483647 (custom)
2019-10-03 08:29:21,915 [pool-207-thread-1] INFO  server.RaftServerConfigKeys (ConfUtils.java:logGet(43)) - raft.server.log.queue.element-limit = 1024 (custom)
2019-10-03 08:29:21,915 [pool-207-thread-1] INFO  server.RaftServerConfigKeys (ConfUtils.java:logGet(43)) - raft.server.log.segment.size.max = 1048576 (custom)
2019-10-03 08:29:21,915 [pool-207-thread-1] INFO  server.RaftServerConfigKeys (ConfUtils.java:logGet(43)) - raft.server.log.preallocated.size = 16384 (custom)
2019-10-03 08:29:21,915 [pool-207-thread-1] INFO  server.RaftServerConfigKeys (ConfUtils.java:logGet(43)) - raft.server.log.write.buffer.size = 33554432 (custom)
2019-10-03 08:29:21,915 [pool-207-thread-1] INFO  server.RaftServerConfigKeys (ConfUtils.java:logGet(43)) - raft.server.log.force.sync.num = 128 (default)
2019-10-03 08:29:21,916 [pool-207-thread-1] INFO  server.RaftServerConfigKeys (ConfUtils.java:logGet(43)) - raft.server.log.statemachine.data.sync = true (default)
2019-10-03 08:29:21,916 [pool-207-thread-1] INFO  server.RaftServerConfigKeys (ConfUtils.java:logGet(43)) - raft.server.log.statemachine.data.sync.timeout = 10s (default)
2019-10-03 08:29:21,916 [pool-207-thread-1] INFO  server.RaftServerConfigKeys (ConfUtils.java:logGet(43)) - raft.server.log.statemachine.data.sync.timeout.retry = -1 (default)
2019-10-03 08:29:21,916 [pool-207-thread-1] INFO  server.RaftServerConfigKeys (ConfUtils.java:logGet(43)) - raft.server.log.statemachine.data.caching.enabled = true (custom)
2019-10-03 08:29:21,916 [pool-207-thread-1] INFO  segmented.SegmentedRaftLogWorker (SegmentedRaftLogWorker.java:lambda$new$0(128)) - e99ec86c-eb11-4984-811e-cb8f4c6ed7f5@group-9336E1143D74-SegmentedRaftLogWorker: flushIndex: setUnconditionally 0 -> -1
2019-10-03 08:29:21,917 [pool-207-thread-1] INFO  server.RaftServerConfigKeys (ConfUtils.java:logGet(43)) - raft.server.snapshot.auto.trigger.enabled = true (custom)
2019-10-03 08:29:21,917 [pool-207-thread-1] INFO  server.RaftServerConfigKeys (ConfUtils.java:logGet(43)) - raft.server.snapshot.auto.trigger.threshold = 10000 (custom)
2019-10-03 08:29:21,917 [pool-207-thread-1] INFO  server.RaftServerConfigKeys (ConfUtils.java:logGet(43)) - raft.server.snapshot.retention.file.num = 5 (custom)
2019-10-03 08:29:21,917 [pool-207-thread-1] INFO  server.RaftServerConfigKeys (ConfUtils.java:logGet(43)) - raft.server.retrycache.expirytime = 600000ms (custom)
2019-10-03 08:29:21,918 [pool-207-thread-1] INFO  impl.RaftServerImpl (RaftServerImpl.java:start(181)) - e99ec86c-eb11-4984-811e-cb8f4c6ed7f5@group-9336E1143D74: start as a follower, conf=-1: [e99ec86c-eb11-4984-811e-cb8f4c6ed7f5:192.168.151.98:36669], old=null
2019-10-03 08:29:21,918 [pool-207-thread-1] INFO  impl.RaftServerImpl (RaftServerImpl.java:setRole(170)) - e99ec86c-eb11-4984-811e-cb8f4c6ed7f5@group-9336E1143D74: changes role from      null to FOLLOWER at term 0 for startAsFollower
2019-10-03 08:29:21,918 [pool-207-thread-1] INFO  impl.RoleInfo (RoleInfo.java:updateAndGet(143)) - e99ec86c-eb11-4984-811e-cb8f4c6ed7f5: start FollowerState
2019-10-03 08:29:21,919 [pool-207-thread-1] INFO  util.JmxRegister (JmxRegister.java:tryRegister(44)) - Successfully registered JMX Bean with object name Ratis:service=RaftServer,group=group-9336E1143D74,id=e99ec86c-eb11-4984-811e-cb8f4c6ed7f5
2019-10-03 08:29:21,925 [RatisPipelineUtilsThread] INFO  pipeline.PipelineStateManager (PipelineStateManager.java:addPipeline(56)) - Created pipeline Pipeline[ Id: 9a7ec2a3-155b-4f6f-b6ee-9336e1143d74, Nodes: e99ec86c-eb11-4984-811e-cb8f4c6ed7f5{ip: 192.168.151.98, host: pr-hdds2217-2mkdc-371598885, networkLocation: /default-rack, certSerialId: null}, Type:RATIS, Factor:ONE, State:OPEN]
2019-10-03 08:29:21,941 [IPC Server handler 4 on 36758] INFO  net.NetworkTopology (NetworkTopologyImpl.java:add(111)) - Added a new node: /default-rack/f69a3bb4-5ce3-4f3a-a5ec-57530bf8bb38
2019-10-03 08:29:21,942 [IPC Server handler 4 on 36758] INFO  node.SCMNodeManager (SCMNodeManager.java:register(266)) - Registered Data node : f69a3bb4-5ce3-4f3a-a5ec-57530bf8bb38{ip: 192.168.151.98, host: pr-hdds2217-2mkdc-371598885, networkLocation: /default-rack, certSerialId: null}
2019-10-03 08:29:21,956 [grpc-default-executor-8] INFO  impl.RaftServerProxy (RaftServerProxy.java:addNew(89)) - f69a3bb4-5ce3-4f3a-a5ec-57530bf8bb38: addNew group-A9145A93A23D:[f69a3bb4-5ce3-4f3a-a5ec-57530bf8bb38:192.168.151.98:33249] returns group-A9145A93A23D:java.util.concurrent.CompletableFuture@49151ca9[Not completed]
2019-10-03 08:29:21,958 [pool-217-thread-1] INFO  impl.RaftServerImpl (RaftServerImpl.java:<init>(95)) - f69a3bb4-5ce3-4f3a-a5ec-57530bf8bb38: new RaftServerImpl for group-A9145A93A23D:[f69a3bb4-5ce3-4f3a-a5ec-57530bf8bb38:192.168.151.98:33249] with ContainerStateMachine:uninitialized
2019-10-03 08:29:21,958 [pool-217-thread-1] INFO  server.RaftServerConfigKeys (ConfUtils.java:logGet(43)) - raft.server.rpc.timeout.min = 5s (custom)
2019-10-03 08:29:21,958 [pool-217-thread-1] INFO  server.RaftServerConfigKeys (ConfUtils.java:logGet(43)) - raft.server.rpc.timeout.max = 5200ms (custom)
2019-10-03 08:29:21,958 [pool-217-thread-1] INFO  server.RaftServerConfigKeys (ConfUtils.java:logGet(43)) - raft.server.rpcslowness.timeout = 120s (custom)
2019-10-03 08:29:21,958 [pool-217-thread-1] INFO  server.RaftServerConfigKeys (ConfUtils.java:logGet(43)) - raft.server.sleep.deviation.threshold = 300 (default)
2019-10-03 08:29:21,959 [pool-217-thread-1] INFO  server.RaftServerConfigKeys (ConfUtils.java:logGet(43)) - raft.server.log.appender.install.snapshot.enabled = false (custom)
2019-10-03 08:29:21,959 [pool-217-thread-1] INFO  impl.RaftServerImpl (ServerState.java:<init>(103)) - f69a3bb4-5ce3-4f3a-a5ec-57530bf8bb38@group-A9145A93A23D: ConfigurationManager, init=-1: [f69a3bb4-5ce3-4f3a-a5ec-57530bf8bb38:192.168.151.98:33249], old=null, confs=<EMPTY_MAP>
2019-10-03 08:29:21,959 [pool-217-thread-1] INFO  server.RaftServerConfigKeys (ConfUtils.java:logGet(43)) - raft.server.storage.dir = [/workdir/hadoop-ozone/integration-test/target/test-dir/MiniOzoneClusterImpl-60ce1093-8766-48da-b969-ec4fc1066279/datanode-1/data/ratis] (custom)
2019-10-03 08:29:21,959 [pool-217-thread-1] INFO  server.RaftServerConfigKeys (ConfUtils.java:logGet(43)) - raft.server.log.corruption.policy = EXCEPTION (default)
2019-10-03 08:29:21,960 [pool-217-thread-1] INFO  storage.RaftStorageDirectory (RaftStorageDirectory.java:analyzeStorage(246)) - The storage directory /workdir/hadoop-ozone/integration-test/target/test-dir/MiniOzoneClusterImpl-60ce1093-8766-48da-b969-ec4fc1066279/datanode-1/data/ratis/b1bd3893-2dc8-45e8-9269-a9145a93a23d does not exist. Creating ...
2019-10-03 08:29:21,972 [pool-217-thread-1] INFO  storage.RaftStorageDirectory (RaftStorageDirectory.java:tryLock(328)) - Lock on /workdir/hadoop-ozone/integration-test/target/test-dir/MiniOzoneClusterImpl-60ce1093-8766-48da-b969-ec4fc1066279/datanode-1/data/ratis/b1bd3893-2dc8-45e8-9269-a9145a93a23d/in_use.lock acquired by nodename 14310@pr-hdds2217-2mkdc-371598885
2019-10-03 08:29:21,985 [pool-217-thread-1] INFO  storage.RaftStorage (RaftStorage.java:format(84)) - Storage directory /workdir/hadoop-ozone/integration-test/target/test-dir/MiniOzoneClusterImpl-60ce1093-8766-48da-b969-ec4fc1066279/datanode-1/data/ratis/b1bd3893-2dc8-45e8-9269-a9145a93a23d has been successfully formatted.
2019-10-03 08:29:21,985 [pool-217-thread-1] INFO  ratis.ContainerStateMachine (ContainerStateMachine.java:loadSnapshot(230)) - group-A9145A93A23D: The snapshot info is null. Setting the last applied indexto:(t:0, i:~)
2019-10-03 08:29:21,986 [pool-217-thread-1] INFO  server.RaftServerConfigKeys (ConfUtils.java:logGet(43)) - raft.server.notification.no-leader.timeout = 120s (custom)
2019-10-03 08:29:21,986 [pool-217-thread-1] INFO  server.RaftServerConfigKeys (ConfUtils.java:logGet(43)) - raft.server.log.use.memory = false (default)
2019-10-03 08:29:21,986 [pool-217-thread-1] INFO  server.RaftServerConfigKeys (ConfUtils.java:logGet(43)) - raft.server.log.purge.gap = 1000000 (custom)
2019-10-03 08:29:21,986 [pool-217-thread-1] INFO  server.RaftServerConfigKeys (ConfUtils.java:logGet(43)) - raft.server.log.appender.buffer.byte-limit = 33554432 (custom)
2019-10-03 08:29:21,986 [pool-217-thread-1] INFO  server.RaftServerConfigKeys (ConfUtils.java:logGet(43)) - raft.server.log.segment.size.max = 1048576 (custom)
2019-10-03 08:29:21,988 [pool-217-thread-1] INFO  server.RaftServerConfigKeys (ConfUtils.java:logGet(43)) - raft.server.log.segment.cache.num.max = 2 (custom)
2019-10-03 08:29:21,989 [pool-217-thread-1] INFO  segmented.SegmentedRaftLogWorker (SegmentedRaftLogWorker.java:<init>(173)) - new f69a3bb4-5ce3-4f3a-a5ec-57530bf8bb38@group-A9145A93A23D-SegmentedRaftLogWorker for RaftStorage:Storage Directory /workdir/hadoop-ozone/integration-test/target/test-dir/MiniOzoneClusterImpl-60ce1093-8766-48da-b969-ec4fc1066279/datanode-1/data/ratis/b1bd3893-2dc8-45e8-9269-a9145a93a23d
2019-10-03 08:29:21,989 [pool-217-thread-1] INFO  server.RaftServerConfigKeys (ConfUtils.java:logGet(43)) - raft.server.log.queue.byte-limit = 2147483647 (custom)
2019-10-03 08:29:21,989 [pool-217-thread-1] INFO  server.RaftServerConfigKeys (ConfUtils.java:logGet(43)) - raft.server.log.queue.element-limit = 1024 (custom)
2019-10-03 08:29:21,989 [pool-217-thread-1] INFO  server.RaftServerConfigKeys (ConfUtils.java:logGet(43)) - raft.server.log.segment.size.max = 1048576 (custom)
2019-10-03 08:29:21,989 [pool-217-thread-1] INFO  server.RaftServerConfigKeys (ConfUtils.java:logGet(43)) - raft.server.log.preallocated.size = 16384 (custom)
2019-10-03 08:29:21,989 [pool-217-thread-1] INFO  server.RaftServerConfigKeys (ConfUtils.java:logGet(43)) - raft.server.log.write.buffer.size = 33554432 (custom)
2019-10-03 08:29:21,990 [pool-217-thread-1] INFO  server.RaftServerConfigKeys (ConfUtils.java:logGet(43)) - raft.server.log.force.sync.num = 128 (default)
2019-10-03 08:29:21,990 [pool-217-thread-1] INFO  server.RaftServerConfigKeys (ConfUtils.java:logGet(43)) - raft.server.log.statemachine.data.sync = true (default)
2019-10-03 08:29:21,990 [pool-217-thread-1] INFO  server.RaftServerConfigKeys (ConfUtils.java:logGet(43)) - raft.server.log.statemachine.data.sync.timeout = 10s (default)
2019-10-03 08:29:21,990 [pool-217-thread-1] INFO  server.RaftServerConfigKeys (ConfUtils.java:logGet(43)) - raft.server.log.statemachine.data.sync.timeout.retry = -1 (default)
2019-10-03 08:29:21,991 [pool-217-thread-1] INFO  server.RaftServerConfigKeys (ConfUtils.java:logGet(43)) - raft.server.log.statemachine.data.caching.enabled = true (custom)
2019-10-03 08:29:21,992 [pool-217-thread-1] INFO  segmented.SegmentedRaftLogWorker (SegmentedRaftLogWorker.java:lambda$new$0(128)) - f69a3bb4-5ce3-4f3a-a5ec-57530bf8bb38@group-A9145A93A23D-SegmentedRaftLogWorker: flushIndex: setUnconditionally 0 -> -1
2019-10-03 08:29:21,993 [pool-217-thread-1] INFO  server.RaftServerConfigKeys (ConfUtils.java:logGet(43)) - raft.server.snapshot.auto.trigger.enabled = true (custom)
2019-10-03 08:29:21,993 [pool-217-thread-1] INFO  server.RaftServerConfigKeys (ConfUtils.java:logGet(43)) - raft.server.snapshot.auto.trigger.threshold = 10000 (custom)
2019-10-03 08:29:21,993 [pool-217-thread-1] INFO  server.RaftServerConfigKeys (ConfUtils.java:logGet(43)) - raft.server.snapshot.retention.file.num = 5 (custom)
2019-10-03 08:29:21,993 [pool-217-thread-1] INFO  server.RaftServerConfigKeys (ConfUtils.java:logGet(43)) - raft.server.retrycache.expirytime = 600000ms (custom)
2019-10-03 08:29:21,997 [pool-217-thread-1] INFO  impl.RaftServerImpl (RaftServerImpl.java:start(181)) - f69a3bb4-5ce3-4f3a-a5ec-57530bf8bb38@group-A9145A93A23D: start as a follower, conf=-1: [f69a3bb4-5ce3-4f3a-a5ec-57530bf8bb38:192.168.151.98:33249], old=null
2019-10-03 08:29:21,997 [pool-217-thread-1] INFO  impl.RaftServerImpl (RaftServerImpl.java:setRole(170)) - f69a3bb4-5ce3-4f3a-a5ec-57530bf8bb38@group-A9145A93A23D: changes role from      null to FOLLOWER at term 0 for startAsFollower
2019-10-03 08:29:21,997 [pool-217-thread-1] INFO  impl.RoleInfo (RoleInfo.java:updateAndGet(143)) - f69a3bb4-5ce3-4f3a-a5ec-57530bf8bb38: start FollowerState
2019-10-03 08:29:21,998 [pool-217-thread-1] INFO  util.JmxRegister (JmxRegister.java:tryRegister(44)) - Successfully registered JMX Bean with object name Ratis:service=RaftServer,group=group-A9145A93A23D,id=f69a3bb4-5ce3-4f3a-a5ec-57530bf8bb38
2019-10-03 08:29:22,005 [RatisPipelineUtilsThread] INFO  pipeline.PipelineStateManager (PipelineStateManager.java:addPipeline(56)) - Created pipeline Pipeline[ Id: b1bd3893-2dc8-45e8-9269-a9145a93a23d, Nodes: f69a3bb4-5ce3-4f3a-a5ec-57530bf8bb38{ip: 192.168.151.98, host: pr-hdds2217-2mkdc-371598885, networkLocation: /default-rack, certSerialId: null}, Type:RATIS, Factor:ONE, State:OPEN]
2019-10-03 08:29:22,015 [IPC Server handler 11 on 36758] INFO  net.NetworkTopology (NetworkTopologyImpl.java:add(111)) - Added a new node: /default-rack/027d15f8-0321-42a1-b7d1-02f58cd1cf17
2019-10-03 08:29:22,015 [IPC Server handler 11 on 36758] INFO  node.SCMNodeManager (SCMNodeManager.java:register(266)) - Registered Data node : 027d15f8-0321-42a1-b7d1-02f58cd1cf17{ip: 192.168.151.98, host: pr-hdds2217-2mkdc-371598885, networkLocation: /default-rack, certSerialId: null}
2019-10-03 08:29:22,024 [grpc-default-executor-8] INFO  impl.RaftServerProxy (RaftServerProxy.java:addNew(89)) - 027d15f8-0321-42a1-b7d1-02f58cd1cf17: addNew group-03369A945C4D:[027d15f8-0321-42a1-b7d1-02f58cd1cf17:192.168.151.98:37781] returns group-03369A945C4D:java.util.concurrent.CompletableFuture@3e2299a1[Not completed]
2019-10-03 08:29:22,026 [pool-227-thread-1] INFO  impl.RaftServerImpl (RaftServerImpl.java:<init>(95)) - 027d15f8-0321-42a1-b7d1-02f58cd1cf17: new RaftServerImpl for group-03369A945C4D:[027d15f8-0321-42a1-b7d1-02f58cd1cf17:192.168.151.98:37781] with ContainerStateMachine:uninitialized
2019-10-03 08:29:22,026 [pool-227-thread-1] INFO  server.RaftServerConfigKeys (ConfUtils.java:logGet(43)) - raft.server.rpc.timeout.min = 5s (custom)
2019-10-03 08:29:22,026 [pool-227-thread-1] INFO  server.RaftServerConfigKeys (ConfUtils.java:logGet(43)) - raft.server.rpc.timeout.max = 5200ms (custom)
2019-10-03 08:29:22,026 [pool-227-thread-1] INFO  server.RaftServerConfigKeys (ConfUtils.java:logGet(43)) - raft.server.rpcslowness.timeout = 120s (custom)
2019-10-03 08:29:22,026 [pool-227-thread-1] INFO  server.RaftServerConfigKeys (ConfUtils.java:logGet(43)) - raft.server.sleep.deviation.threshold = 300 (default)
2019-10-03 08:29:22,026 [pool-227-thread-1] INFO  server.RaftServerConfigKeys (ConfUtils.java:logGet(43)) - raft.server.log.appender.install.snapshot.enabled = false (custom)
2019-10-03 08:29:22,026 [pool-227-thread-1] INFO  impl.RaftServerImpl (ServerState.java:<init>(103)) - 027d15f8-0321-42a1-b7d1-02f58cd1cf17@group-03369A945C4D: ConfigurationManager, init=-1: [027d15f8-0321-42a1-b7d1-02f58cd1cf17:192.168.151.98:37781], old=null, confs=<EMPTY_MAP>
2019-10-03 08:29:22,027 [pool-227-thread-1] INFO  server.RaftServerConfigKeys (ConfUtils.java:logGet(43)) - raft.server.storage.dir = [/workdir/hadoop-ozone/integration-test/target/test-dir/MiniOzoneClusterImpl-60ce1093-8766-48da-b969-ec4fc1066279/datanode-2/data/ratis] (custom)
2019-10-03 08:29:22,027 [pool-227-thread-1] INFO  server.RaftServerConfigKeys (ConfUtils.java:logGet(43)) - raft.server.log.corruption.policy = EXCEPTION (default)
2019-10-03 08:29:22,027 [pool-227-thread-1] INFO  storage.RaftStorageDirectory (RaftStorageDirectory.java:analyzeStorage(246)) - The storage directory /workdir/hadoop-ozone/integration-test/target/test-dir/MiniOzoneClusterImpl-60ce1093-8766-48da-b969-ec4fc1066279/datanode-2/data/ratis/2bff9f21-e619-4511-b67f-03369a945c4d does not exist. Creating ...
2019-10-03 08:29:22,039 [pool-227-thread-1] INFO  storage.RaftStorageDirectory (RaftStorageDirectory.java:tryLock(328)) - Lock on /workdir/hadoop-ozone/integration-test/target/test-dir/MiniOzoneClusterImpl-60ce1093-8766-48da-b969-ec4fc1066279/datanode-2/data/ratis/2bff9f21-e619-4511-b67f-03369a945c4d/in_use.lock acquired by nodename 14310@pr-hdds2217-2mkdc-371598885
2019-10-03 08:29:22,052 [pool-227-thread-1] INFO  storage.RaftStorage (RaftStorage.java:format(84)) - Storage directory /workdir/hadoop-ozone/integration-test/target/test-dir/MiniOzoneClusterImpl-60ce1093-8766-48da-b969-ec4fc1066279/datanode-2/data/ratis/2bff9f21-e619-4511-b67f-03369a945c4d has been successfully formatted.
2019-10-03 08:29:22,052 [pool-227-thread-1] INFO  ratis.ContainerStateMachine (ContainerStateMachine.java:loadSnapshot(230)) - group-03369A945C4D: The snapshot info is null. Setting the last applied indexto:(t:0, i:~)
2019-10-03 08:29:22,052 [pool-227-thread-1] INFO  server.RaftServerConfigKeys (ConfUtils.java:logGet(43)) - raft.server.notification.no-leader.timeout = 120s (custom)
2019-10-03 08:29:22,052 [pool-227-thread-1] INFO  server.RaftServerConfigKeys (ConfUtils.java:logGet(43)) - raft.server.log.use.memory = false (default)
2019-10-03 08:29:22,052 [pool-227-thread-1] INFO  server.RaftServerConfigKeys (ConfUtils.java:logGet(43)) - raft.server.log.purge.gap = 1000000 (custom)
2019-10-03 08:29:22,052 [pool-227-thread-1] INFO  server.RaftServerConfigKeys (ConfUtils.java:logGet(43)) - raft.server.log.appender.buffer.byte-limit = 33554432 (custom)
2019-10-03 08:29:22,053 [pool-227-thread-1] INFO  server.RaftServerConfigKeys (ConfUtils.java:logGet(43)) - raft.server.log.segment.size.max = 1048576 (custom)
2019-10-03 08:29:22,054 [pool-227-thread-1] INFO  server.RaftServerConfigKeys (ConfUtils.java:logGet(43)) - raft.server.log.segment.cache.num.max = 2 (custom)
2019-10-03 08:29:22,054 [pool-227-thread-1] INFO  segmented.SegmentedRaftLogWorker (SegmentedRaftLogWorker.java:<init>(173)) - new 027d15f8-0321-42a1-b7d1-02f58cd1cf17@group-03369A945C4D-SegmentedRaftLogWorker for RaftStorage:Storage Directory /workdir/hadoop-ozone/integration-test/target/test-dir/MiniOzoneClusterImpl-60ce1093-8766-48da-b969-ec4fc1066279/datanode-2/data/ratis/2bff9f21-e619-4511-b67f-03369a945c4d
2019-10-03 08:29:22,055 [pool-227-thread-1] INFO  server.RaftServerConfigKeys (ConfUtils.java:logGet(43)) - raft.server.log.queue.byte-limit = 2147483647 (custom)
2019-10-03 08:29:22,055 [pool-227-thread-1] INFO  server.RaftServerConfigKeys (ConfUtils.java:logGet(43)) - raft.server.log.queue.element-limit = 1024 (custom)
2019-10-03 08:29:22,055 [pool-227-thread-1] INFO  server.RaftServerConfigKeys (ConfUtils.java:logGet(43)) - raft.server.log.segment.size.max = 1048576 (custom)
2019-10-03 08:29:22,055 [pool-227-thread-1] INFO  server.RaftServerConfigKeys (ConfUtils.java:logGet(43)) - raft.server.log.preallocated.size = 16384 (custom)
2019-10-03 08:29:22,055 [pool-227-thread-1] INFO  server.RaftServerConfigKeys (ConfUtils.java:logGet(43)) - raft.server.log.write.buffer.size = 33554432 (custom)
2019-10-03 08:29:22,055 [pool-227-thread-1] INFO  server.RaftServerConfigKeys (ConfUtils.java:logGet(43)) - raft.server.log.force.sync.num = 128 (default)
2019-10-03 08:29:22,055 [pool-227-thread-1] INFO  server.RaftServerConfigKeys (ConfUtils.java:logGet(43)) - raft.server.log.statemachine.data.sync = true (default)
2019-10-03 08:29:22,055 [pool-227-thread-1] INFO  server.RaftServerConfigKeys (ConfUtils.java:logGet(43)) - raft.server.log.statemachine.data.sync.timeout = 10s (default)
2019-10-03 08:29:22,055 [pool-227-thread-1] INFO  server.RaftServerConfigKeys (ConfUtils.java:logGet(43)) - raft.server.log.statemachine.data.sync.timeout.retry = -1 (default)
2019-10-03 08:29:22,056 [pool-227-thread-1] INFO  server.RaftServerConfigKeys (ConfUtils.java:logGet(43)) - raft.server.log.statemachine.data.caching.enabled = true (custom)
2019-10-03 08:29:22,056 [pool-227-thread-1] INFO  segmented.SegmentedRaftLogWorker (SegmentedRaftLogWorker.java:lambda$new$0(128)) - 027d15f8-0321-42a1-b7d1-02f58cd1cf17@group-03369A945C4D-SegmentedRaftLogWorker: flushIndex: setUnconditionally 0 -> -1
2019-10-03 08:29:22,056 [pool-227-thread-1] INFO  server.RaftServerConfigKeys (ConfUtils.java:logGet(43)) - raft.server.snapshot.auto.trigger.enabled = true (custom)
2019-10-03 08:29:22,056 [pool-227-thread-1] INFO  server.RaftServerConfigKeys (ConfUtils.java:logGet(43)) - raft.server.snapshot.auto.trigger.threshold = 10000 (custom)
2019-10-03 08:29:22,057 [pool-227-thread-1] INFO  server.RaftServerConfigKeys (ConfUtils.java:logGet(43)) - raft.server.snapshot.retention.file.num = 5 (custom)
2019-10-03 08:29:22,057 [pool-227-thread-1] INFO  server.RaftServerConfigKeys (ConfUtils.java:logGet(43)) - raft.server.retrycache.expirytime = 600000ms (custom)
2019-10-03 08:29:22,059 [pool-227-thread-1] INFO  impl.RaftServerImpl (RaftServerImpl.java:start(181)) - 027d15f8-0321-42a1-b7d1-02f58cd1cf17@group-03369A945C4D: start as a follower, conf=-1: [027d15f8-0321-42a1-b7d1-02f58cd1cf17:192.168.151.98:37781], old=null
2019-10-03 08:29:22,059 [pool-227-thread-1] INFO  impl.RaftServerImpl (RaftServerImpl.java:setRole(170)) - 027d15f8-0321-42a1-b7d1-02f58cd1cf17@group-03369A945C4D: changes role from      null to FOLLOWER at term 0 for startAsFollower
2019-10-03 08:29:22,059 [pool-227-thread-1] INFO  impl.RoleInfo (RoleInfo.java:updateAndGet(143)) - 027d15f8-0321-42a1-b7d1-02f58cd1cf17: start FollowerState
2019-10-03 08:29:22,060 [pool-227-thread-1] INFO  util.JmxRegister (JmxRegister.java:tryRegister(44)) - Successfully registered JMX Bean with object name Ratis:service=RaftServer,group=group-03369A945C4D,id=027d15f8-0321-42a1-b7d1-02f58cd1cf17
2019-10-03 08:29:22,067 [RatisPipelineUtilsThread] INFO  pipeline.PipelineStateManager (PipelineStateManager.java:addPipeline(56)) - Created pipeline Pipeline[ Id: 2bff9f21-e619-4511-b67f-03369a945c4d, Nodes: 027d15f8-0321-42a1-b7d1-02f58cd1cf17{ip: 192.168.151.98, host: pr-hdds2217-2mkdc-371598885, networkLocation: /default-rack, certSerialId: null}, Type:RATIS, Factor:ONE, State:OPEN]
2019-10-03 08:29:22,077 [IPC Server handler 10 on 36758] INFO  net.NetworkTopology (NetworkTopologyImpl.java:add(111)) - Added a new node: /default-rack/3b7cc910-10f8-4979-8256-e97d5cd0d810
2019-10-03 08:29:22,077 [IPC Server handler 10 on 36758] INFO  node.SCMNodeManager (SCMNodeManager.java:register(266)) - Registered Data node : 3b7cc910-10f8-4979-8256-e97d5cd0d810{ip: 192.168.151.98, host: pr-hdds2217-2mkdc-371598885, networkLocation: /default-rack, certSerialId: null}
2019-10-03 08:29:22,081 [grpc-default-executor-6] INFO  impl.RaftServerProxy (RaftServerProxy.java:addNew(89)) - e99ec86c-eb11-4984-811e-cb8f4c6ed7f5: addNew group-269E35724743:[027d15f8-0321-42a1-b7d1-02f58cd1cf17:192.168.151.98:37781, f69a3bb4-5ce3-4f3a-a5ec-57530bf8bb38:192.168.151.98:33249, e99ec86c-eb11-4984-811e-cb8f4c6ed7f5:192.168.151.98:36669] returns group-269E35724743:java.util.concurrent.CompletableFuture@6fb94503[Not completed]
2019-10-03 08:29:22,081 [grpc-default-executor-8] INFO  impl.RaftServerProxy (RaftServerProxy.java:addNew(89)) - 027d15f8-0321-42a1-b7d1-02f58cd1cf17: addNew group-269E35724743:[027d15f8-0321-42a1-b7d1-02f58cd1cf17:192.168.151.98:37781, f69a3bb4-5ce3-4f3a-a5ec-57530bf8bb38:192.168.151.98:33249, e99ec86c-eb11-4984-811e-cb8f4c6ed7f5:192.168.151.98:36669] returns group-269E35724743:java.util.concurrent.CompletableFuture@2649c575[Not completed]
2019-10-03 08:29:22,081 [grpc-default-executor-4] INFO  impl.RaftServerProxy (RaftServerProxy.java:addNew(89)) - f69a3bb4-5ce3-4f3a-a5ec-57530bf8bb38: addNew group-269E35724743:[027d15f8-0321-42a1-b7d1-02f58cd1cf17:192.168.151.98:37781, f69a3bb4-5ce3-4f3a-a5ec-57530bf8bb38:192.168.151.98:33249, e99ec86c-eb11-4984-811e-cb8f4c6ed7f5:192.168.151.98:36669] returns group-269E35724743:java.util.concurrent.CompletableFuture@5e7ab65e[Not completed]
2019-10-03 08:29:22,082 [pool-207-thread-1] INFO  impl.RaftServerImpl (RaftServerImpl.java:<init>(95)) - e99ec86c-eb11-4984-811e-cb8f4c6ed7f5: new RaftServerImpl for group-269E35724743:[027d15f8-0321-42a1-b7d1-02f58cd1cf17:192.168.151.98:37781, f69a3bb4-5ce3-4f3a-a5ec-57530bf8bb38:192.168.151.98:33249, e99ec86c-eb11-4984-811e-cb8f4c6ed7f5:192.168.151.98:36669] with ContainerStateMachine:uninitialized
2019-10-03 08:29:22,082 [pool-207-thread-1] INFO  server.RaftServerConfigKeys (ConfUtils.java:logGet(43)) - raft.server.rpc.timeout.min = 5s (custom)
2019-10-03 08:29:22,082 [pool-207-thread-1] INFO  server.RaftServerConfigKeys (ConfUtils.java:logGet(43)) - raft.server.rpc.timeout.max = 5200ms (custom)
2019-10-03 08:29:22,082 [pool-207-thread-1] INFO  server.RaftServerConfigKeys (ConfUtils.java:logGet(43)) - raft.server.rpcslowness.timeout = 120s (custom)
2019-10-03 08:29:22,082 [pool-207-thread-1] INFO  server.RaftServerConfigKeys (ConfUtils.java:logGet(43)) - raft.server.sleep.deviation.threshold = 300 (default)
2019-10-03 08:29:22,083 [pool-217-thread-1] INFO  impl.RaftServerImpl (RaftServerImpl.java:<init>(95)) - f69a3bb4-5ce3-4f3a-a5ec-57530bf8bb38: new RaftServerImpl for group-269E35724743:[027d15f8-0321-42a1-b7d1-02f58cd1cf17:192.168.151.98:37781, f69a3bb4-5ce3-4f3a-a5ec-57530bf8bb38:192.168.151.98:33249, e99ec86c-eb11-4984-811e-cb8f4c6ed7f5:192.168.151.98:36669] with ContainerStateMachine:uninitialized
2019-10-03 08:29:22,083 [pool-207-thread-1] INFO  server.RaftServerConfigKeys (ConfUtils.java:logGet(43)) - raft.server.log.appender.install.snapshot.enabled = false (custom)
2019-10-03 08:29:22,083 [pool-217-thread-1] INFO  server.RaftServerConfigKeys (ConfUtils.java:logGet(43)) - raft.server.rpc.timeout.min = 5s (custom)
2019-10-03 08:29:22,083 [pool-207-thread-1] INFO  impl.RaftServerImpl (ServerState.java:<init>(103)) - e99ec86c-eb11-4984-811e-cb8f4c6ed7f5@group-269E35724743: ConfigurationManager, init=-1: [027d15f8-0321-42a1-b7d1-02f58cd1cf17:192.168.151.98:37781, f69a3bb4-5ce3-4f3a-a5ec-57530bf8bb38:192.168.151.98:33249, e99ec86c-eb11-4984-811e-cb8f4c6ed7f5:192.168.151.98:36669], old=null, confs=<EMPTY_MAP>
2019-10-03 08:29:22,083 [pool-217-thread-1] INFO  server.RaftServerConfigKeys (ConfUtils.java:logGet(43)) - raft.server.rpc.timeout.max = 5200ms (custom)
2019-10-03 08:29:22,083 [pool-207-thread-1] INFO  server.RaftServerConfigKeys (ConfUtils.java:logGet(43)) - raft.server.storage.dir = [/workdir/hadoop-ozone/integration-test/target/test-dir/MiniOzoneClusterImpl-60ce1093-8766-48da-b969-ec4fc1066279/datanode-0/data/ratis] (custom)
2019-10-03 08:29:22,083 [pool-227-thread-1] INFO  impl.RaftServerImpl (RaftServerImpl.java:<init>(95)) - 027d15f8-0321-42a1-b7d1-02f58cd1cf17: new RaftServerImpl for group-269E35724743:[027d15f8-0321-42a1-b7d1-02f58cd1cf17:192.168.151.98:37781, f69a3bb4-5ce3-4f3a-a5ec-57530bf8bb38:192.168.151.98:33249, e99ec86c-eb11-4984-811e-cb8f4c6ed7f5:192.168.151.98:36669] with ContainerStateMachine:uninitialized
2019-10-03 08:29:22,083 [pool-207-thread-1] INFO  server.RaftServerConfigKeys (ConfUtils.java:logGet(43)) - raft.server.log.corruption.policy = EXCEPTION (default)
2019-10-03 08:29:22,083 [pool-217-thread-1] INFO  server.RaftServerConfigKeys (ConfUtils.java:logGet(43)) - raft.server.rpcslowness.timeout = 120s (custom)
2019-10-03 08:29:22,084 [pool-207-thread-1] INFO  storage.RaftStorageDirectory (RaftStorageDirectory.java:analyzeStorage(246)) - The storage directory /workdir/hadoop-ozone/integration-test/target/test-dir/MiniOzoneClusterImpl-60ce1093-8766-48da-b969-ec4fc1066279/datanode-0/data/ratis/bc72e4a1-cb30-47ad-bb55-269e35724743 does not exist. Creating ...
2019-10-03 08:29:22,083 [pool-227-thread-1] INFO  server.RaftServerConfigKeys (ConfUtils.java:logGet(43)) - raft.server.rpc.timeout.min = 5s (custom)
2019-10-03 08:29:22,084 [pool-217-thread-1] INFO  server.RaftServerConfigKeys (ConfUtils.java:logGet(43)) - raft.server.sleep.deviation.threshold = 300 (default)
2019-10-03 08:29:22,084 [pool-227-thread-1] INFO  server.RaftServerConfigKeys (ConfUtils.java:logGet(43)) - raft.server.rpc.timeout.max = 5200ms (custom)
2019-10-03 08:29:22,084 [pool-217-thread-1] INFO  server.RaftServerConfigKeys (ConfUtils.java:logGet(43)) - raft.server.log.appender.install.snapshot.enabled = false (custom)
2019-10-03 08:29:22,084 [pool-227-thread-1] INFO  server.RaftServerConfigKeys (ConfUtils.java:logGet(43)) - raft.server.rpcslowness.timeout = 120s (custom)
2019-10-03 08:29:22,084 [pool-217-thread-1] INFO  impl.RaftServerImpl (ServerState.java:<init>(103)) - f69a3bb4-5ce3-4f3a-a5ec-57530bf8bb38@group-269E35724743: ConfigurationManager, init=-1: [027d15f8-0321-42a1-b7d1-02f58cd1cf17:192.168.151.98:37781, f69a3bb4-5ce3-4f3a-a5ec-57530bf8bb38:192.168.151.98:33249, e99ec86c-eb11-4984-811e-cb8f4c6ed7f5:192.168.151.98:36669], old=null, confs=<EMPTY_MAP>
2019-10-03 08:29:22,085 [pool-227-thread-1] INFO  server.RaftServerConfigKeys (ConfUtils.java:logGet(43)) - raft.server.sleep.deviation.threshold = 300 (default)
2019-10-03 08:29:22,085 [pool-217-thread-1] INFO  server.RaftServerConfigKeys (ConfUtils.java:logGet(43)) - raft.server.storage.dir = [/workdir/hadoop-ozone/integration-test/target/test-dir/MiniOzoneClusterImpl-60ce1093-8766-48da-b969-ec4fc1066279/datanode-1/data/ratis] (custom)
2019-10-03 08:29:22,085 [pool-227-thread-1] INFO  server.RaftServerConfigKeys (ConfUtils.java:logGet(43)) - raft.server.log.appender.install.snapshot.enabled = false (custom)
2019-10-03 08:29:22,085 [pool-217-thread-1] INFO  server.RaftServerConfigKeys (ConfUtils.java:logGet(43)) - raft.server.log.corruption.policy = EXCEPTION (default)
2019-10-03 08:29:22,085 [pool-227-thread-1] INFO  impl.RaftServerImpl (ServerState.java:<init>(103)) - 027d15f8-0321-42a1-b7d1-02f58cd1cf17@group-269E35724743: ConfigurationManager, init=-1: [027d15f8-0321-42a1-b7d1-02f58cd1cf17:192.168.151.98:37781, f69a3bb4-5ce3-4f3a-a5ec-57530bf8bb38:192.168.151.98:33249, e99ec86c-eb11-4984-811e-cb8f4c6ed7f5:192.168.151.98:36669], old=null, confs=<EMPTY_MAP>
2019-10-03 08:29:22,085 [pool-217-thread-1] INFO  storage.RaftStorageDirectory (RaftStorageDirectory.java:analyzeStorage(246)) - The storage directory /workdir/hadoop-ozone/integration-test/target/test-dir/MiniOzoneClusterImpl-60ce1093-8766-48da-b969-ec4fc1066279/datanode-1/data/ratis/bc72e4a1-cb30-47ad-bb55-269e35724743 does not exist. Creating ...
2019-10-03 08:29:22,085 [pool-227-thread-1] INFO  server.RaftServerConfigKeys (ConfUtils.java:logGet(43)) - raft.server.storage.dir = [/workdir/hadoop-ozone/integration-test/target/test-dir/MiniOzoneClusterImpl-60ce1093-8766-48da-b969-ec4fc1066279/datanode-2/data/ratis] (custom)
2019-10-03 08:29:22,086 [pool-227-thread-1] INFO  server.RaftServerConfigKeys (ConfUtils.java:logGet(43)) - raft.server.log.corruption.policy = EXCEPTION (default)
2019-10-03 08:29:22,086 [pool-227-thread-1] INFO  storage.RaftStorageDirectory (RaftStorageDirectory.java:analyzeStorage(246)) - The storage directory /workdir/hadoop-ozone/integration-test/target/test-dir/MiniOzoneClusterImpl-60ce1093-8766-48da-b969-ec4fc1066279/datanode-2/data/ratis/bc72e4a1-cb30-47ad-bb55-269e35724743 does not exist. Creating ...
2019-10-03 08:29:22,097 [pool-207-thread-1] INFO  storage.RaftStorageDirectory (RaftStorageDirectory.java:tryLock(328)) - Lock on /workdir/hadoop-ozone/integration-test/target/test-dir/MiniOzoneClusterImpl-60ce1093-8766-48da-b969-ec4fc1066279/datanode-0/data/ratis/bc72e4a1-cb30-47ad-bb55-269e35724743/in_use.lock acquired by nodename 14310@pr-hdds2217-2mkdc-371598885
2019-10-03 08:29:22,097 [pool-217-thread-1] INFO  storage.RaftStorageDirectory (RaftStorageDirectory.java:tryLock(328)) - Lock on /workdir/hadoop-ozone/integration-test/target/test-dir/MiniOzoneClusterImpl-60ce1093-8766-48da-b969-ec4fc1066279/datanode-1/data/ratis/bc72e4a1-cb30-47ad-bb55-269e35724743/in_use.lock acquired by nodename 14310@pr-hdds2217-2mkdc-371598885
2019-10-03 08:29:22,097 [pool-227-thread-1] INFO  storage.RaftStorageDirectory (RaftStorageDirectory.java:tryLock(328)) - Lock on /workdir/hadoop-ozone/integration-test/target/test-dir/MiniOzoneClusterImpl-60ce1093-8766-48da-b969-ec4fc1066279/datanode-2/data/ratis/bc72e4a1-cb30-47ad-bb55-269e35724743/in_use.lock acquired by nodename 14310@pr-hdds2217-2mkdc-371598885
2019-10-03 08:29:22,111 [pool-207-thread-1] INFO  storage.RaftStorage (RaftStorage.java:format(84)) - Storage directory /workdir/hadoop-ozone/integration-test/target/test-dir/MiniOzoneClusterImpl-60ce1093-8766-48da-b969-ec4fc1066279/datanode-0/data/ratis/bc72e4a1-cb30-47ad-bb55-269e35724743 has been successfully formatted.
2019-10-03 08:29:22,111 [pool-227-thread-1] INFO  storage.RaftStorage (RaftStorage.java:format(84)) - Storage directory /workdir/hadoop-ozone/integration-test/target/test-dir/MiniOzoneClusterImpl-60ce1093-8766-48da-b969-ec4fc1066279/datanode-2/data/ratis/bc72e4a1-cb30-47ad-bb55-269e35724743 has been successfully formatted.
2019-10-03 08:29:22,111 [pool-217-thread-1] INFO  storage.RaftStorage (RaftStorage.java:format(84)) - Storage directory /workdir/hadoop-ozone/integration-test/target/test-dir/MiniOzoneClusterImpl-60ce1093-8766-48da-b969-ec4fc1066279/datanode-1/data/ratis/bc72e4a1-cb30-47ad-bb55-269e35724743 has been successfully formatted.
2019-10-03 08:29:22,111 [pool-207-thread-1] INFO  ratis.ContainerStateMachine (ContainerStateMachine.java:loadSnapshot(230)) - group-269E35724743: The snapshot info is null. Setting the last applied indexto:(t:0, i:~)
2019-10-03 08:29:22,111 [pool-227-thread-1] INFO  ratis.ContainerStateMachine (ContainerStateMachine.java:loadSnapshot(230)) - group-269E35724743: The snapshot info is null. Setting the last applied indexto:(t:0, i:~)
2019-10-03 08:29:22,111 [pool-207-thread-1] INFO  server.RaftServerConfigKeys (ConfUtils.java:logGet(43)) - raft.server.notification.no-leader.timeout = 120s (custom)
2019-10-03 08:29:22,111 [pool-217-thread-1] INFO  ratis.ContainerStateMachine (ContainerStateMachine.java:loadSnapshot(230)) - group-269E35724743: The snapshot info is null. Setting the last applied indexto:(t:0, i:~)
2019-10-03 08:29:22,112 [pool-207-thread-1] INFO  server.RaftServerConfigKeys (ConfUtils.java:logGet(43)) - raft.server.log.use.memory = false (default)
2019-10-03 08:29:22,111 [pool-227-thread-1] INFO  server.RaftServerConfigKeys (ConfUtils.java:logGet(43)) - raft.server.notification.no-leader.timeout = 120s (custom)
2019-10-03 08:29:22,112 [pool-207-thread-1] INFO  server.RaftServerConfigKeys (ConfUtils.java:logGet(43)) - raft.server.log.purge.gap = 1000000 (custom)
2019-10-03 08:29:22,112 [pool-217-thread-1] INFO  server.RaftServerConfigKeys (ConfUtils.java:logGet(43)) - raft.server.notification.no-leader.timeout = 120s (custom)
2019-10-03 08:29:22,112 [pool-207-thread-1] INFO  server.RaftServerConfigKeys (ConfUtils.java:logGet(43)) - raft.server.log.appender.buffer.byte-limit = 33554432 (custom)
2019-10-03 08:29:22,112 [pool-227-thread-1] INFO  server.RaftServerConfigKeys (ConfUtils.java:logGet(43)) - raft.server.log.use.memory = false (default)
2019-10-03 08:29:22,112 [pool-207-thread-1] INFO  server.RaftServerConfigKeys (ConfUtils.java:logGet(43)) - raft.server.log.segment.size.max = 1048576 (custom)
2019-10-03 08:29:22,112 [pool-217-thread-1] INFO  server.RaftServerConfigKeys (ConfUtils.java:logGet(43)) - raft.server.log.use.memory = false (default)
2019-10-03 08:29:22,112 [pool-207-thread-1] INFO  server.RaftServerConfigKeys (ConfUtils.java:logGet(43)) - raft.server.log.segment.cache.num.max = 2 (custom)
2019-10-03 08:29:22,112 [pool-227-thread-1] INFO  server.RaftServerConfigKeys (ConfUtils.java:logGet(43)) - raft.server.log.purge.gap = 1000000 (custom)
2019-10-03 08:29:22,113 [pool-207-thread-1] INFO  segmented.SegmentedRaftLogWorker (SegmentedRaftLogWorker.java:<init>(173)) - new e99ec86c-eb11-4984-811e-cb8f4c6ed7f5@group-269E35724743-SegmentedRaftLogWorker for RaftStorage:Storage Directory /workdir/hadoop-ozone/integration-test/target/test-dir/MiniOzoneClusterImpl-60ce1093-8766-48da-b969-ec4fc1066279/datanode-0/data/ratis/bc72e4a1-cb30-47ad-bb55-269e35724743
2019-10-03 08:29:22,113 [pool-217-thread-1] INFO  server.RaftServerConfigKeys (ConfUtils.java:logGet(43)) - raft.server.log.purge.gap = 1000000 (custom)
2019-10-03 08:29:22,113 [pool-207-thread-1] INFO  server.RaftServerConfigKeys (ConfUtils.java:logGet(43)) - raft.server.log.queue.byte-limit = 2147483647 (custom)
2019-10-03 08:29:22,113 [pool-227-thread-1] INFO  server.RaftServerConfigKeys (ConfUtils.java:logGet(43)) - raft.server.log.appender.buffer.byte-limit = 33554432 (custom)
2019-10-03 08:29:22,113 [pool-207-thread-1] INFO  server.RaftServerConfigKeys (ConfUtils.java:logGet(43)) - raft.server.log.queue.element-limit = 1024 (custom)
2019-10-03 08:29:22,113 [pool-217-thread-1] INFO  server.RaftServerConfigKeys (ConfUtils.java:logGet(43)) - raft.server.log.appender.buffer.byte-limit = 33554432 (custom)
2019-10-03 08:29:22,113 [pool-207-thread-1] INFO  server.RaftServerConfigKeys (ConfUtils.java:logGet(43)) - raft.server.log.segment.size.max = 1048576 (custom)
2019-10-03 08:29:22,113 [pool-227-thread-1] INFO  server.RaftServerConfigKeys (ConfUtils.java:logGet(43)) - raft.server.log.segment.size.max = 1048576 (custom)
2019-10-03 08:29:22,113 [pool-207-thread-1] INFO  server.RaftServerConfigKeys (ConfUtils.java:logGet(43)) - raft.server.log.preallocated.size = 16384 (custom)
2019-10-03 08:29:22,114 [pool-207-thread-1] INFO  server.RaftServerConfigKeys (ConfUtils.java:logGet(43)) - raft.server.log.write.buffer.size = 33554432 (custom)
2019-10-03 08:29:22,113 [pool-217-thread-1] INFO  server.RaftServerConfigKeys (ConfUtils.java:logGet(43)) - raft.server.log.segment.size.max = 1048576 (custom)
2019-10-03 08:29:22,114 [pool-207-thread-1] INFO  server.RaftServerConfigKeys (ConfUtils.java:logGet(43)) - raft.server.log.force.sync.num = 128 (default)
2019-10-03 08:29:22,114 [pool-207-thread-1] INFO  server.RaftServerConfigKeys (ConfUtils.java:logGet(43)) - raft.server.log.statemachine.data.sync = true (default)
2019-10-03 08:29:22,114 [pool-227-thread-1] INFO  server.RaftServerConfigKeys (ConfUtils.java:logGet(43)) - raft.server.log.segment.cache.num.max = 2 (custom)
2019-10-03 08:29:22,114 [pool-207-thread-1] INFO  server.RaftServerConfigKeys (ConfUtils.java:logGet(43)) - raft.server.log.statemachine.data.sync.timeout = 10s (default)
2019-10-03 08:29:22,114 [pool-217-thread-1] INFO  server.RaftServerConfigKeys (ConfUtils.java:logGet(43)) - raft.server.log.segment.cache.num.max = 2 (custom)
2019-10-03 08:29:22,114 [pool-207-thread-1] INFO  server.RaftServerConfigKeys (ConfUtils.java:logGet(43)) - raft.server.log.statemachine.data.sync.timeout.retry = -1 (default)
2019-10-03 08:29:22,114 [pool-227-thread-1] INFO  segmented.SegmentedRaftLogWorker (SegmentedRaftLogWorker.java:<init>(173)) - new 027d15f8-0321-42a1-b7d1-02f58cd1cf17@group-269E35724743-SegmentedRaftLogWorker for RaftStorage:Storage Directory /workdir/hadoop-ozone/integration-test/target/test-dir/MiniOzoneClusterImpl-60ce1093-8766-48da-b969-ec4fc1066279/datanode-2/data/ratis/bc72e4a1-cb30-47ad-bb55-269e35724743
2019-10-03 08:29:22,115 [pool-207-thread-1] INFO  server.RaftServerConfigKeys (ConfUtils.java:logGet(43)) - raft.server.log.statemachine.data.caching.enabled = true (custom)
2019-10-03 08:29:22,114 [pool-217-thread-1] INFO  segmented.SegmentedRaftLogWorker (SegmentedRaftLogWorker.java:<init>(173)) - new f69a3bb4-5ce3-4f3a-a5ec-57530bf8bb38@group-269E35724743-SegmentedRaftLogWorker for RaftStorage:Storage Directory /workdir/hadoop-ozone/integration-test/target/test-dir/MiniOzoneClusterImpl-60ce1093-8766-48da-b969-ec4fc1066279/datanode-1/data/ratis/bc72e4a1-cb30-47ad-bb55-269e35724743
2019-10-03 08:29:22,115 [pool-207-thread-1] INFO  segmented.SegmentedRaftLogWorker (SegmentedRaftLogWorker.java:lambda$new$0(128)) - e99ec86c-eb11-4984-811e-cb8f4c6ed7f5@group-269E35724743-SegmentedRaftLogWorker: flushIndex: setUnconditionally 0 -> -1
2019-10-03 08:29:22,115 [pool-227-thread-1] INFO  server.RaftServerConfigKeys (ConfUtils.java:logGet(43)) - raft.server.log.queue.byte-limit = 2147483647 (custom)
2019-10-03 08:29:22,115 [pool-207-thread-1] INFO  server.RaftServerConfigKeys (ConfUtils.java:logGet(43)) - raft.server.snapshot.auto.trigger.enabled = true (custom)
2019-10-03 08:29:22,115 [pool-217-thread-1] INFO  server.RaftServerConfigKeys (ConfUtils.java:logGet(43)) - raft.server.log.queue.byte-limit = 2147483647 (custom)
2019-10-03 08:29:22,115 [pool-207-thread-1] INFO  server.RaftServerConfigKeys (ConfUtils.java:logGet(43)) - raft.server.snapshot.auto.trigger.threshold = 10000 (custom)
2019-10-03 08:29:22,115 [pool-207-thread-1] INFO  server.RaftServerConfigKeys (ConfUtils.java:logGet(43)) - raft.server.snapshot.retention.file.num = 5 (custom)
2019-10-03 08:29:22,115 [pool-227-thread-1] INFO  server.RaftServerConfigKeys (ConfUtils.java:logGet(43)) - raft.server.log.queue.element-limit = 1024 (custom)
2019-10-03 08:29:22,116 [pool-207-thread-1] INFO  server.RaftServerConfigKeys (ConfUtils.java:logGet(43)) - raft.server.retrycache.expirytime = 600000ms (custom)
2019-10-03 08:29:22,115 [pool-217-thread-1] INFO  server.RaftServerConfigKeys (ConfUtils.java:logGet(43)) - raft.server.log.queue.element-limit = 1024 (custom)
2019-10-03 08:29:22,116 [pool-227-thread-1] INFO  server.RaftServerConfigKeys (ConfUtils.java:logGet(43)) - raft.server.log.segment.size.max = 1048576 (custom)
2019-10-03 08:29:22,116 [pool-217-thread-1] INFO  server.RaftServerConfigKeys (ConfUtils.java:logGet(43)) - raft.server.log.segment.size.max = 1048576 (custom)
2019-10-03 08:29:22,116 [pool-227-thread-1] INFO  server.RaftServerConfigKeys (ConfUtils.java:logGet(43)) - raft.server.log.preallocated.size = 16384 (custom)
2019-10-03 08:29:22,116 [pool-217-thread-1] INFO  server.RaftServerConfigKeys (ConfUtils.java:logGet(43)) - raft.server.log.preallocated.size = 16384 (custom)
2019-10-03 08:29:22,116 [pool-227-thread-1] INFO  server.RaftServerConfigKeys (ConfUtils.java:logGet(43)) - raft.server.log.write.buffer.size = 33554432 (custom)
2019-10-03 08:29:22,116 [pool-217-thread-1] INFO  server.RaftServerConfigKeys (ConfUtils.java:logGet(43)) - raft.server.log.write.buffer.size = 33554432 (custom)
2019-10-03 08:29:22,117 [pool-227-thread-1] INFO  server.RaftServerConfigKeys (ConfUtils.java:logGet(43)) - raft.server.log.force.sync.num = 128 (default)
2019-10-03 08:29:22,117 [pool-217-thread-1] INFO  server.RaftServerConfigKeys (ConfUtils.java:logGet(43)) - raft.server.log.force.sync.num = 128 (default)
2019-10-03 08:29:22,117 [pool-227-thread-1] INFO  server.RaftServerConfigKeys (ConfUtils.java:logGet(43)) - raft.server.log.statemachine.data.sync = true (default)
2019-10-03 08:29:22,117 [pool-217-thread-1] INFO  server.RaftServerConfigKeys (ConfUtils.java:logGet(43)) - raft.server.log.statemachine.data.sync = true (default)
2019-10-03 08:29:22,117 [pool-227-thread-1] INFO  server.RaftServerConfigKeys (ConfUtils.java:logGet(43)) - raft.server.log.statemachine.data.sync.timeout = 10s (default)
2019-10-03 08:29:22,117 [pool-207-thread-1] INFO  impl.RaftServerImpl (RaftServerImpl.java:start(181)) - e99ec86c-eb11-4984-811e-cb8f4c6ed7f5@group-269E35724743: start as a follower, conf=-1: [027d15f8-0321-42a1-b7d1-02f58cd1cf17:192.168.151.98:37781, f69a3bb4-5ce3-4f3a-a5ec-57530bf8bb38:192.168.151.98:33249, e99ec86c-eb11-4984-811e-cb8f4c6ed7f5:192.168.151.98:36669], old=null
2019-10-03 08:29:22,117 [pool-217-thread-1] INFO  server.RaftServerConfigKeys (ConfUtils.java:logGet(43)) - raft.server.log.statemachine.data.sync.timeout = 10s (default)
2019-10-03 08:29:22,118 [pool-207-thread-1] INFO  impl.RaftServerImpl (RaftServerImpl.java:setRole(170)) - e99ec86c-eb11-4984-811e-cb8f4c6ed7f5@group-269E35724743: changes role from      null to FOLLOWER at term 0 for startAsFollower
2019-10-03 08:29:22,117 [pool-227-thread-1] INFO  server.RaftServerConfigKeys (ConfUtils.java:logGet(43)) - raft.server.log.statemachine.data.sync.timeout.retry = -1 (default)
2019-10-03 08:29:22,118 [pool-207-thread-1] INFO  impl.RoleInfo (RoleInfo.java:updateAndGet(143)) - e99ec86c-eb11-4984-811e-cb8f4c6ed7f5: start FollowerState
2019-10-03 08:29:22,118 [pool-217-thread-1] INFO  server.RaftServerConfigKeys (ConfUtils.java:logGet(43)) - raft.server.log.statemachine.data.sync.timeout.retry = -1 (default)
2019-10-03 08:29:22,118 [pool-227-thread-1] INFO  server.RaftServerConfigKeys (ConfUtils.java:logGet(43)) - raft.server.log.statemachine.data.caching.enabled = true (custom)
2019-10-03 08:29:22,118 [pool-217-thread-1] INFO  server.RaftServerConfigKeys (ConfUtils.java:logGet(43)) - raft.server.log.statemachine.data.caching.enabled = true (custom)
2019-10-03 08:29:22,118 [pool-207-thread-1] INFO  util.JmxRegister (JmxRegister.java:tryRegister(44)) - Successfully registered JMX Bean with object name Ratis:service=RaftServer,group=group-269E35724743,id=e99ec86c-eb11-4984-811e-cb8f4c6ed7f5
2019-10-03 08:29:22,118 [pool-227-thread-1] INFO  segmented.SegmentedRaftLogWorker (SegmentedRaftLogWorker.java:lambda$new$0(128)) - 027d15f8-0321-42a1-b7d1-02f58cd1cf17@group-269E35724743-SegmentedRaftLogWorker: flushIndex: setUnconditionally 0 -> -1
2019-10-03 08:29:22,119 [pool-217-thread-1] INFO  segmented.SegmentedRaftLogWorker (SegmentedRaftLogWorker.java:lambda$new$0(128)) - f69a3bb4-5ce3-4f3a-a5ec-57530bf8bb38@group-269E35724743-SegmentedRaftLogWorker: flushIndex: setUnconditionally 0 -> -1
2019-10-03 08:29:22,119 [pool-227-thread-1] INFO  server.RaftServerConfigKeys (ConfUtils.java:logGet(43)) - raft.server.snapshot.auto.trigger.enabled = true (custom)
2019-10-03 08:29:22,119 [pool-217-thread-1] INFO  server.RaftServerConfigKeys (ConfUtils.java:logGet(43)) - raft.server.snapshot.auto.trigger.enabled = true (custom)
2019-10-03 08:29:22,119 [pool-227-thread-1] INFO  server.RaftServerConfigKeys (ConfUtils.java:logGet(43)) - raft.server.snapshot.auto.trigger.threshold = 10000 (custom)
2019-10-03 08:29:22,119 [pool-217-thread-1] INFO  server.RaftServerConfigKeys (ConfUtils.java:logGet(43)) - raft.server.snapshot.auto.trigger.threshold = 10000 (custom)
2019-10-03 08:29:22,119 [pool-227-thread-1] INFO  server.RaftServerConfigKeys (ConfUtils.java:logGet(43)) - raft.server.snapshot.retention.file.num = 5 (custom)
2019-10-03 08:29:22,119 [pool-217-thread-1] INFO  server.RaftServerConfigKeys (ConfUtils.java:logGet(43)) - raft.server.snapshot.retention.file.num = 5 (custom)
2019-10-03 08:29:22,120 [pool-227-thread-1] INFO  server.RaftServerConfigKeys (ConfUtils.java:logGet(43)) - raft.server.retrycache.expirytime = 600000ms (custom)
2019-10-03 08:29:22,120 [pool-217-thread-1] INFO  server.RaftServerConfigKeys (ConfUtils.java:logGet(43)) - raft.server.retrycache.expirytime = 600000ms (custom)
2019-10-03 08:29:22,125 [pool-227-thread-1] INFO  impl.RaftServerImpl (RaftServerImpl.java:start(181)) - 027d15f8-0321-42a1-b7d1-02f58cd1cf17@group-269E35724743: start as a follower, conf=-1: [027d15f8-0321-42a1-b7d1-02f58cd1cf17:192.168.151.98:37781, f69a3bb4-5ce3-4f3a-a5ec-57530bf8bb38:192.168.151.98:33249, e99ec86c-eb11-4984-811e-cb8f4c6ed7f5:192.168.151.98:36669], old=null
2019-10-03 08:29:22,125 [pool-217-thread-1] INFO  impl.RaftServerImpl (RaftServerImpl.java:start(181)) - f69a3bb4-5ce3-4f3a-a5ec-57530bf8bb38@group-269E35724743: start as a follower, conf=-1: [027d15f8-0321-42a1-b7d1-02f58cd1cf17:192.168.151.98:37781, f69a3bb4-5ce3-4f3a-a5ec-57530bf8bb38:192.168.151.98:33249, e99ec86c-eb11-4984-811e-cb8f4c6ed7f5:192.168.151.98:36669], old=null
2019-10-03 08:29:22,125 [pool-227-thread-1] INFO  impl.RaftServerImpl (RaftServerImpl.java:setRole(170)) - 027d15f8-0321-42a1-b7d1-02f58cd1cf17@group-269E35724743: changes role from      null to FOLLOWER at term 0 for startAsFollower
2019-10-03 08:29:22,125 [pool-217-thread-1] INFO  impl.RaftServerImpl (RaftServerImpl.java:setRole(170)) - f69a3bb4-5ce3-4f3a-a5ec-57530bf8bb38@group-269E35724743: changes role from      null to FOLLOWER at term 0 for startAsFollower
2019-10-03 08:29:22,125 [pool-227-thread-1] INFO  impl.RoleInfo (RoleInfo.java:updateAndGet(143)) - 027d15f8-0321-42a1-b7d1-02f58cd1cf17: start FollowerState
2019-10-03 08:29:22,125 [pool-217-thread-1] INFO  impl.RoleInfo (RoleInfo.java:updateAndGet(143)) - f69a3bb4-5ce3-4f3a-a5ec-57530bf8bb38: start FollowerState
2019-10-03 08:29:22,126 [pool-227-thread-1] INFO  util.JmxRegister (JmxRegister.java:tryRegister(44)) - Successfully registered JMX Bean with object name Ratis:service=RaftServer,group=group-269E35724743,id=027d15f8-0321-42a1-b7d1-02f58cd1cf17
2019-10-03 08:29:22,126 [pool-217-thread-1] INFO  util.JmxRegister (JmxRegister.java:tryRegister(44)) - Successfully registered JMX Bean with object name Ratis:service=RaftServer,group=group-269E35724743,id=f69a3bb4-5ce3-4f3a-a5ec-57530bf8bb38
2019-10-03 08:29:22,134 [RatisPipelineUtilsThread] INFO  pipeline.PipelineStateManager (PipelineStateManager.java:addPipeline(56)) - Created pipeline Pipeline[ Id: bc72e4a1-cb30-47ad-bb55-269e35724743, Nodes: 027d15f8-0321-42a1-b7d1-02f58cd1cf17{ip: 192.168.151.98, host: pr-hdds2217-2mkdc-371598885, networkLocation: /default-rack, certSerialId: null}f69a3bb4-5ce3-4f3a-a5ec-57530bf8bb38{ip: 192.168.151.98, host: pr-hdds2217-2mkdc-371598885, networkLocation: /default-rack, certSerialId: null}e99ec86c-eb11-4984-811e-cb8f4c6ed7f5{ip: 192.168.151.98, host: pr-hdds2217-2mkdc-371598885, networkLocation: /default-rack, certSerialId: null}, Type:RATIS, Factor:THREE, State:OPEN]
2019-10-03 08:29:22,144 [IPC Server handler 6 on 36758] INFO  net.NetworkTopology (NetworkTopologyImpl.java:add(111)) - Added a new node: /default-rack/38f53f2a-cf58-47fe-b3dc-c7b51a12a8a1
2019-10-03 08:29:22,145 [IPC Server handler 6 on 36758] INFO  node.SCMNodeManager (SCMNodeManager.java:register(266)) - Registered Data node : 38f53f2a-cf58-47fe-b3dc-c7b51a12a8a1{ip: 192.168.151.98, host: pr-hdds2217-2mkdc-371598885, networkLocation: /default-rack, certSerialId: null}
2019-10-03 08:29:22,151 [grpc-default-executor-4] INFO  impl.RaftServerProxy (RaftServerProxy.java:addNew(89)) - 38f53f2a-cf58-47fe-b3dc-c7b51a12a8a1: addNew group-01B9197FB186:[38f53f2a-cf58-47fe-b3dc-c7b51a12a8a1:192.168.151.98:35394] returns group-01B9197FB186:java.util.concurrent.CompletableFuture@3951515d[Not completed]
2019-10-03 08:29:22,153 [pool-247-thread-1] INFO  impl.RaftServerImpl (RaftServerImpl.java:<init>(95)) - 38f53f2a-cf58-47fe-b3dc-c7b51a12a8a1: new RaftServerImpl for group-01B9197FB186:[38f53f2a-cf58-47fe-b3dc-c7b51a12a8a1:192.168.151.98:35394] with ContainerStateMachine:uninitialized
2019-10-03 08:29:22,153 [pool-247-thread-1] INFO  server.RaftServerConfigKeys (ConfUtils.java:logGet(43)) - raft.server.rpc.timeout.min = 5s (custom)
2019-10-03 08:29:22,154 [pool-247-thread-1] INFO  server.RaftServerConfigKeys (ConfUtils.java:logGet(43)) - raft.server.rpc.timeout.max = 5200ms (custom)
2019-10-03 08:29:22,154 [pool-247-thread-1] INFO  server.RaftServerConfigKeys (ConfUtils.java:logGet(43)) - raft.server.rpcslowness.timeout = 120s (custom)
2019-10-03 08:29:22,154 [pool-247-thread-1] INFO  server.RaftServerConfigKeys (ConfUtils.java:logGet(43)) - raft.server.sleep.deviation.threshold = 300 (default)
2019-10-03 08:29:22,154 [pool-247-thread-1] INFO  server.RaftServerConfigKeys (ConfUtils.java:logGet(43)) - raft.server.log.appender.install.snapshot.enabled = false (custom)
2019-10-03 08:29:22,154 [pool-247-thread-1] INFO  impl.RaftServerImpl (ServerState.java:<init>(103)) - 38f53f2a-cf58-47fe-b3dc-c7b51a12a8a1@group-01B9197FB186: ConfigurationManager, init=-1: [38f53f2a-cf58-47fe-b3dc-c7b51a12a8a1:192.168.151.98:35394], old=null, confs=<EMPTY_MAP>
2019-10-03 08:29:22,154 [pool-247-thread-1] INFO  server.RaftServerConfigKeys (ConfUtils.java:logGet(43)) - raft.server.storage.dir = [/workdir/hadoop-ozone/integration-test/target/test-dir/MiniOzoneClusterImpl-60ce1093-8766-48da-b969-ec4fc1066279/datanode-4/data/ratis] (custom)
2019-10-03 08:29:22,154 [pool-247-thread-1] INFO  server.RaftServerConfigKeys (ConfUtils.java:logGet(43)) - raft.server.log.corruption.policy = EXCEPTION (default)
2019-10-03 08:29:22,154 [pool-247-thread-1] INFO  storage.RaftStorageDirectory (RaftStorageDirectory.java:analyzeStorage(246)) - The storage directory /workdir/hadoop-ozone/integration-test/target/test-dir/MiniOzoneClusterImpl-60ce1093-8766-48da-b969-ec4fc1066279/datanode-4/data/ratis/4171549f-9cb0-45ab-beec-01b9197fb186 does not exist. Creating ...
2019-10-03 08:29:22,167 [pool-247-thread-1] INFO  storage.RaftStorageDirectory (RaftStorageDirectory.java:tryLock(328)) - Lock on /workdir/hadoop-ozone/integration-test/target/test-dir/MiniOzoneClusterImpl-60ce1093-8766-48da-b969-ec4fc1066279/datanode-4/data/ratis/4171549f-9cb0-45ab-beec-01b9197fb186/in_use.lock acquired by nodename 14310@pr-hdds2217-2mkdc-371598885
2019-10-03 08:29:22,180 [pool-247-thread-1] INFO  storage.RaftStorage (RaftStorage.java:format(84)) - Storage directory /workdir/hadoop-ozone/integration-test/target/test-dir/MiniOzoneClusterImpl-60ce1093-8766-48da-b969-ec4fc1066279/datanode-4/data/ratis/4171549f-9cb0-45ab-beec-01b9197fb186 has been successfully formatted.
2019-10-03 08:29:22,180 [pool-247-thread-1] INFO  ratis.ContainerStateMachine (ContainerStateMachine.java:loadSnapshot(230)) - group-01B9197FB186: The snapshot info is null. Setting the last applied indexto:(t:0, i:~)
2019-10-03 08:29:22,181 [pool-247-thread-1] INFO  server.RaftServerConfigKeys (ConfUtils.java:logGet(43)) - raft.server.notification.no-leader.timeout = 120s (custom)
2019-10-03 08:29:22,181 [pool-247-thread-1] INFO  server.RaftServerConfigKeys (ConfUtils.java:logGet(43)) - raft.server.log.use.memory = false (default)
2019-10-03 08:29:22,181 [pool-247-thread-1] INFO  server.RaftServerConfigKeys (ConfUtils.java:logGet(43)) - raft.server.log.purge.gap = 1000000 (custom)
2019-10-03 08:29:22,181 [pool-247-thread-1] INFO  server.RaftServerConfigKeys (ConfUtils.java:logGet(43)) - raft.server.log.appender.buffer.byte-limit = 33554432 (custom)
2019-10-03 08:29:22,181 [pool-247-thread-1] INFO  server.RaftServerConfigKeys (ConfUtils.java:logGet(43)) - raft.server.log.segment.size.max = 1048576 (custom)
2019-10-03 08:29:22,182 [pool-247-thread-1] INFO  server.RaftServerConfigKeys (ConfUtils.java:logGet(43)) - raft.server.log.segment.cache.num.max = 2 (custom)
2019-10-03 08:29:22,183 [pool-247-thread-1] INFO  segmented.SegmentedRaftLogWorker (SegmentedRaftLogWorker.java:<init>(173)) - new 38f53f2a-cf58-47fe-b3dc-c7b51a12a8a1@group-01B9197FB186-SegmentedRaftLogWorker for RaftStorage:Storage Directory /workdir/hadoop-ozone/integration-test/target/test-dir/MiniOzoneClusterImpl-60ce1093-8766-48da-b969-ec4fc1066279/datanode-4/data/ratis/4171549f-9cb0-45ab-beec-01b9197fb186
2019-10-03 08:29:22,183 [pool-247-thread-1] INFO  server.RaftServerConfigKeys (ConfUtils.java:logGet(43)) - raft.server.log.queue.byte-limit = 2147483647 (custom)
2019-10-03 08:29:22,183 [pool-247-thread-1] INFO  server.RaftServerConfigKeys (ConfUtils.java:logGet(43)) - raft.server.log.queue.element-limit = 1024 (custom)
2019-10-03 08:29:22,183 [pool-247-thread-1] INFO  server.RaftServerConfigKeys (ConfUtils.java:logGet(43)) - raft.server.log.segment.size.max = 1048576 (custom)
2019-10-03 08:29:22,183 [pool-247-thread-1] INFO  server.RaftServerConfigKeys (ConfUtils.java:logGet(43)) - raft.server.log.preallocated.size = 16384 (custom)
2019-10-03 08:29:22,183 [pool-247-thread-1] INFO  server.RaftServerConfigKeys (ConfUtils.java:logGet(43)) - raft.server.log.write.buffer.size = 33554432 (custom)
2019-10-03 08:29:22,183 [pool-247-thread-1] INFO  server.RaftServerConfigKeys (ConfUtils.java:logGet(43)) - raft.server.log.force.sync.num = 128 (default)
2019-10-03 08:29:22,183 [pool-247-thread-1] INFO  server.RaftServerConfigKeys (ConfUtils.java:logGet(43)) - raft.server.log.statemachine.data.sync = true (default)
2019-10-03 08:29:22,183 [pool-247-thread-1] INFO  server.RaftServerConfigKeys (ConfUtils.java:logGet(43)) - raft.server.log.statemachine.data.sync.timeout = 10s (default)
2019-10-03 08:29:22,183 [pool-247-thread-1] INFO  server.RaftServerConfigKeys (ConfUtils.java:logGet(43)) - raft.server.log.statemachine.data.sync.timeout.retry = -1 (default)
2019-10-03 08:29:22,184 [pool-247-thread-1] INFO  server.RaftServerConfigKeys (ConfUtils.java:logGet(43)) - raft.server.log.statemachine.data.caching.enabled = true (custom)
2019-10-03 08:29:22,184 [pool-247-thread-1] INFO  segmented.SegmentedRaftLogWorker (SegmentedRaftLogWorker.java:lambda$new$0(128)) - 38f53f2a-cf58-47fe-b3dc-c7b51a12a8a1@group-01B9197FB186-SegmentedRaftLogWorker: flushIndex: setUnconditionally 0 -> -1
2019-10-03 08:29:22,184 [pool-247-thread-1] INFO  server.RaftServerConfigKeys (ConfUtils.java:logGet(43)) - raft.server.snapshot.auto.trigger.enabled = true (custom)
2019-10-03 08:29:22,184 [pool-247-thread-1] INFO  server.RaftServerConfigKeys (ConfUtils.java:logGet(43)) - raft.server.snapshot.auto.trigger.threshold = 10000 (custom)
2019-10-03 08:29:22,184 [pool-247-thread-1] INFO  server.RaftServerConfigKeys (ConfUtils.java:logGet(43)) - raft.server.snapshot.retention.file.num = 5 (custom)
2019-10-03 08:29:22,185 [pool-247-thread-1] INFO  server.RaftServerConfigKeys (ConfUtils.java:logGet(43)) - raft.server.retrycache.expirytime = 600000ms (custom)
2019-10-03 08:29:22,186 [pool-247-thread-1] INFO  impl.RaftServerImpl (RaftServerImpl.java:start(181)) - 38f53f2a-cf58-47fe-b3dc-c7b51a12a8a1@group-01B9197FB186: start as a follower, conf=-1: [38f53f2a-cf58-47fe-b3dc-c7b51a12a8a1:192.168.151.98:35394], old=null
2019-10-03 08:29:22,186 [pool-247-thread-1] INFO  impl.RaftServerImpl (RaftServerImpl.java:setRole(170)) - 38f53f2a-cf58-47fe-b3dc-c7b51a12a8a1@group-01B9197FB186: changes role from      null to FOLLOWER at term 0 for startAsFollower
2019-10-03 08:29:22,186 [pool-247-thread-1] INFO  impl.RoleInfo (RoleInfo.java:updateAndGet(143)) - 38f53f2a-cf58-47fe-b3dc-c7b51a12a8a1: start FollowerState
2019-10-03 08:29:22,187 [pool-247-thread-1] INFO  util.JmxRegister (JmxRegister.java:tryRegister(44)) - Successfully registered JMX Bean with object name Ratis:service=RaftServer,group=group-01B9197FB186,id=38f53f2a-cf58-47fe-b3dc-c7b51a12a8a1
2019-10-03 08:29:22,192 [RatisPipelineUtilsThread] INFO  pipeline.PipelineStateManager (PipelineStateManager.java:addPipeline(56)) - Created pipeline Pipeline[ Id: 4171549f-9cb0-45ab-beec-01b9197fb186, Nodes: 38f53f2a-cf58-47fe-b3dc-c7b51a12a8a1{ip: 192.168.151.98, host: pr-hdds2217-2mkdc-371598885, networkLocation: /default-rack, certSerialId: null}, Type:RATIS, Factor:ONE, State:OPEN]
2019-10-03 08:29:22,210 [grpc-default-executor-4] INFO  impl.RaftServerProxy (RaftServerProxy.java:addNew(89)) - 3b7cc910-10f8-4979-8256-e97d5cd0d810: addNew group-C04BC4AB960A:[3b7cc910-10f8-4979-8256-e97d5cd0d810:192.168.151.98:45006] returns group-C04BC4AB960A:java.util.concurrent.CompletableFuture@4c51cbf8[Not completed]
2019-10-03 08:29:22,211 [pool-237-thread-1] INFO  impl.RaftServerImpl (RaftServerImpl.java:<init>(95)) - 3b7cc910-10f8-4979-8256-e97d5cd0d810: new RaftServerImpl for group-C04BC4AB960A:[3b7cc910-10f8-4979-8256-e97d5cd0d810:192.168.151.98:45006] with ContainerStateMachine:uninitialized
2019-10-03 08:29:22,211 [pool-237-thread-1] INFO  server.RaftServerConfigKeys (ConfUtils.java:logGet(43)) - raft.server.rpc.timeout.min = 5s (custom)
2019-10-03 08:29:22,211 [pool-237-thread-1] INFO  server.RaftServerConfigKeys (ConfUtils.java:logGet(43)) - raft.server.rpc.timeout.max = 5200ms (custom)
2019-10-03 08:29:22,211 [pool-237-thread-1] INFO  server.RaftServerConfigKeys (ConfUtils.java:logGet(43)) - raft.server.rpcslowness.timeout = 120s (custom)
2019-10-03 08:29:22,211 [pool-237-thread-1] INFO  server.RaftServerConfigKeys (ConfUtils.java:logGet(43)) - raft.server.sleep.deviation.threshold = 300 (default)
2019-10-03 08:29:22,211 [pool-237-thread-1] INFO  server.RaftServerConfigKeys (ConfUtils.java:logGet(43)) - raft.server.log.appender.install.snapshot.enabled = false (custom)
2019-10-03 08:29:22,211 [pool-237-thread-1] INFO  impl.RaftServerImpl (ServerState.java:<init>(103)) - 3b7cc910-10f8-4979-8256-e97d5cd0d810@group-C04BC4AB960A: ConfigurationManager, init=-1: [3b7cc910-10f8-4979-8256-e97d5cd0d810:192.168.151.98:45006], old=null, confs=<EMPTY_MAP>
2019-10-03 08:29:22,211 [pool-237-thread-1] INFO  server.RaftServerConfigKeys (ConfUtils.java:logGet(43)) - raft.server.storage.dir = [/workdir/hadoop-ozone/integration-test/target/test-dir/MiniOzoneClusterImpl-60ce1093-8766-48da-b969-ec4fc1066279/datanode-3/data/ratis] (custom)
2019-10-03 08:29:22,212 [pool-237-thread-1] INFO  server.RaftServerConfigKeys (ConfUtils.java:logGet(43)) - raft.server.log.corruption.policy = EXCEPTION (default)
2019-10-03 08:29:22,212 [pool-237-thread-1] INFO  storage.RaftStorageDirectory (RaftStorageDirectory.java:analyzeStorage(246)) - The storage directory /workdir/hadoop-ozone/integration-test/target/test-dir/MiniOzoneClusterImpl-60ce1093-8766-48da-b969-ec4fc1066279/datanode-3/data/ratis/b6315005-5585-4c89-b8f8-c04bc4ab960a does not exist. Creating ...
2019-10-03 08:29:22,215 [IPC Server handler 1 on 36758] INFO  net.NetworkTopology (NetworkTopologyImpl.java:add(111)) - Added a new node: /default-rack/ee0c9867-92ce-4d9b-aa3b-f8b15b6fea11
2019-10-03 08:29:22,215 [IPC Server handler 1 on 36758] INFO  node.SCMNodeManager (SCMNodeManager.java:register(266)) - Registered Data node : ee0c9867-92ce-4d9b-aa3b-f8b15b6fea11{ip: 192.168.151.98, host: pr-hdds2217-2mkdc-371598885, networkLocation: /default-rack, certSerialId: null}
2019-10-03 08:29:22,224 [pool-237-thread-1] INFO  storage.RaftStorageDirectory (RaftStorageDirectory.java:tryLock(328)) - Lock on /workdir/hadoop-ozone/integration-test/target/test-dir/MiniOzoneClusterImpl-60ce1093-8766-48da-b969-ec4fc1066279/datanode-3/data/ratis/b6315005-5585-4c89-b8f8-c04bc4ab960a/in_use.lock acquired by nodename 14310@pr-hdds2217-2mkdc-371598885
2019-10-03 08:29:22,237 [pool-237-thread-1] INFO  storage.RaftStorage (RaftStorage.java:format(84)) - Storage directory /workdir/hadoop-ozone/integration-test/target/test-dir/MiniOzoneClusterImpl-60ce1093-8766-48da-b969-ec4fc1066279/datanode-3/data/ratis/b6315005-5585-4c89-b8f8-c04bc4ab960a has been successfully formatted.
2019-10-03 08:29:22,237 [pool-237-thread-1] INFO  ratis.ContainerStateMachine (ContainerStateMachine.java:loadSnapshot(230)) - group-C04BC4AB960A: The snapshot info is null. Setting the last applied indexto:(t:0, i:~)
2019-10-03 08:29:22,237 [pool-237-thread-1] INFO  server.RaftServerConfigKeys (ConfUtils.java:logGet(43)) - raft.server.notification.no-leader.timeout = 120s (custom)
2019-10-03 08:29:22,237 [pool-237-thread-1] INFO  server.RaftServerConfigKeys (ConfUtils.java:logGet(43)) - raft.server.log.use.memory = false (default)
2019-10-03 08:29:22,237 [pool-237-thread-1] INFO  server.RaftServerConfigKeys (ConfUtils.java:logGet(43)) - raft.server.log.purge.gap = 1000000 (custom)
2019-10-03 08:29:22,237 [pool-237-thread-1] INFO  server.RaftServerConfigKeys (ConfUtils.java:logGet(43)) - raft.server.log.appender.buffer.byte-limit = 33554432 (custom)
2019-10-03 08:29:22,238 [pool-237-thread-1] INFO  server.RaftServerConfigKeys (ConfUtils.java:logGet(43)) - raft.server.log.segment.size.max = 1048576 (custom)
2019-10-03 08:29:22,239 [pool-237-thread-1] INFO  server.RaftServerConfigKeys (ConfUtils.java:logGet(43)) - raft.server.log.segment.cache.num.max = 2 (custom)
2019-10-03 08:29:22,239 [pool-237-thread-1] INFO  segmented.SegmentedRaftLogWorker (SegmentedRaftLogWorker.java:<init>(173)) - new 3b7cc910-10f8-4979-8256-e97d5cd0d810@group-C04BC4AB960A-SegmentedRaftLogWorker for RaftStorage:Storage Directory /workdir/hadoop-ozone/integration-test/target/test-dir/MiniOzoneClusterImpl-60ce1093-8766-48da-b969-ec4fc1066279/datanode-3/data/ratis/b6315005-5585-4c89-b8f8-c04bc4ab960a
2019-10-03 08:29:22,239 [pool-237-thread-1] INFO  server.RaftServerConfigKeys (ConfUtils.java:logGet(43)) - raft.server.log.queue.byte-limit = 2147483647 (custom)
2019-10-03 08:29:22,239 [pool-237-thread-1] INFO  server.RaftServerConfigKeys (ConfUtils.java:logGet(43)) - raft.server.log.queue.element-limit = 1024 (custom)
2019-10-03 08:29:22,239 [pool-237-thread-1] INFO  server.RaftServerConfigKeys (ConfUtils.java:logGet(43)) - raft.server.log.segment.size.max = 1048576 (custom)
2019-10-03 08:29:22,239 [pool-237-thread-1] INFO  server.RaftServerConfigKeys (ConfUtils.java:logGet(43)) - raft.server.log.preallocated.size = 16384 (custom)
2019-10-03 08:29:22,240 [pool-237-thread-1] INFO  server.RaftServerConfigKeys (ConfUtils.java:logGet(43)) - raft.server.log.write.buffer.size = 33554432 (custom)
2019-10-03 08:29:22,240 [pool-237-thread-1] INFO  server.RaftServerConfigKeys (ConfUtils.java:logGet(43)) - raft.server.log.force.sync.num = 128 (default)
2019-10-03 08:29:22,240 [pool-237-thread-1] INFO  server.RaftServerConfigKeys (ConfUtils.java:logGet(43)) - raft.server.log.statemachine.data.sync = true (default)
2019-10-03 08:29:22,240 [pool-237-thread-1] INFO  server.RaftServerConfigKeys (ConfUtils.java:logGet(43)) - raft.server.log.statemachine.data.sync.timeout = 10s (default)
2019-10-03 08:29:22,240 [pool-237-thread-1] INFO  server.RaftServerConfigKeys (ConfUtils.java:logGet(43)) - raft.server.log.statemachine.data.sync.timeout.retry = -1 (default)
2019-10-03 08:29:22,240 [pool-237-thread-1] INFO  server.RaftServerConfigKeys (ConfUtils.java:logGet(43)) - raft.server.log.statemachine.data.caching.enabled = true (custom)
2019-10-03 08:29:22,240 [pool-237-thread-1] INFO  segmented.SegmentedRaftLogWorker (SegmentedRaftLogWorker.java:lambda$new$0(128)) - 3b7cc910-10f8-4979-8256-e97d5cd0d810@group-C04BC4AB960A-SegmentedRaftLogWorker: flushIndex: setUnconditionally 0 -> -1
2019-10-03 08:29:22,241 [pool-237-thread-1] INFO  server.RaftServerConfigKeys (ConfUtils.java:logGet(43)) - raft.server.snapshot.auto.trigger.enabled = true (custom)
2019-10-03 08:29:22,241 [pool-237-thread-1] INFO  server.RaftServerConfigKeys (ConfUtils.java:logGet(43)) - raft.server.snapshot.auto.trigger.threshold = 10000 (custom)
2019-10-03 08:29:22,241 [pool-237-thread-1] INFO  server.RaftServerConfigKeys (ConfUtils.java:logGet(43)) - raft.server.snapshot.retention.file.num = 5 (custom)
2019-10-03 08:29:22,241 [pool-237-thread-1] INFO  server.RaftServerConfigKeys (ConfUtils.java:logGet(43)) - raft.server.retrycache.expirytime = 600000ms (custom)
2019-10-03 08:29:22,242 [pool-237-thread-1] INFO  impl.RaftServerImpl (RaftServerImpl.java:start(181)) - 3b7cc910-10f8-4979-8256-e97d5cd0d810@group-C04BC4AB960A: start as a follower, conf=-1: [3b7cc910-10f8-4979-8256-e97d5cd0d810:192.168.151.98:45006], old=null
2019-10-03 08:29:22,242 [pool-237-thread-1] INFO  impl.RaftServerImpl (RaftServerImpl.java:setRole(170)) - 3b7cc910-10f8-4979-8256-e97d5cd0d810@group-C04BC4AB960A: changes role from      null to FOLLOWER at term 0 for startAsFollower
2019-10-03 08:29:22,243 [pool-237-thread-1] INFO  impl.RoleInfo (RoleInfo.java:updateAndGet(143)) - 3b7cc910-10f8-4979-8256-e97d5cd0d810: start FollowerState
2019-10-03 08:29:22,243 [pool-237-thread-1] INFO  util.JmxRegister (JmxRegister.java:tryRegister(44)) - Successfully registered JMX Bean with object name Ratis:service=RaftServer,group=group-C04BC4AB960A,id=3b7cc910-10f8-4979-8256-e97d5cd0d810
2019-10-03 08:29:22,249 [RatisPipelineUtilsThread] INFO  pipeline.PipelineStateManager (PipelineStateManager.java:addPipeline(56)) - Created pipeline Pipeline[ Id: b6315005-5585-4c89-b8f8-c04bc4ab960a, Nodes: 3b7cc910-10f8-4979-8256-e97d5cd0d810{ip: 192.168.151.98, host: pr-hdds2217-2mkdc-371598885, networkLocation: /default-rack, certSerialId: null}, Type:RATIS, Factor:ONE, State:OPEN]
2019-10-03 08:29:22,266 [grpc-default-executor-4] INFO  impl.RaftServerProxy (RaftServerProxy.java:addNew(89)) - ee0c9867-92ce-4d9b-aa3b-f8b15b6fea11: addNew group-9F7DFE70B23D:[ee0c9867-92ce-4d9b-aa3b-f8b15b6fea11:192.168.151.98:38561] returns group-9F7DFE70B23D:java.util.concurrent.CompletableFuture@1c181cf0[Not completed]
2019-10-03 08:29:22,268 [pool-257-thread-1] INFO  impl.RaftServerImpl (RaftServerImpl.java:<init>(95)) - ee0c9867-92ce-4d9b-aa3b-f8b15b6fea11: new RaftServerImpl for group-9F7DFE70B23D:[ee0c9867-92ce-4d9b-aa3b-f8b15b6fea11:192.168.151.98:38561] with ContainerStateMachine:uninitialized
2019-10-03 08:29:22,268 [pool-257-thread-1] INFO  server.RaftServerConfigKeys (ConfUtils.java:logGet(43)) - raft.server.rpc.timeout.min = 5s (custom)
2019-10-03 08:29:22,268 [pool-257-thread-1] INFO  server.RaftServerConfigKeys (ConfUtils.java:logGet(43)) - raft.server.rpc.timeout.max = 5200ms (custom)
2019-10-03 08:29:22,268 [pool-257-thread-1] INFO  server.RaftServerConfigKeys (ConfUtils.java:logGet(43)) - raft.server.rpcslowness.timeout = 120s (custom)
2019-10-03 08:29:22,268 [pool-257-thread-1] INFO  server.RaftServerConfigKeys (ConfUtils.java:logGet(43)) - raft.server.sleep.deviation.threshold = 300 (default)
2019-10-03 08:29:22,268 [pool-257-thread-1] INFO  server.RaftServerConfigKeys (ConfUtils.java:logGet(43)) - raft.server.log.appender.install.snapshot.enabled = false (custom)
2019-10-03 08:29:22,268 [pool-257-thread-1] INFO  impl.RaftServerImpl (ServerState.java:<init>(103)) - ee0c9867-92ce-4d9b-aa3b-f8b15b6fea11@group-9F7DFE70B23D: ConfigurationManager, init=-1: [ee0c9867-92ce-4d9b-aa3b-f8b15b6fea11:192.168.151.98:38561], old=null, confs=<EMPTY_MAP>
2019-10-03 08:29:22,269 [pool-257-thread-1] INFO  server.RaftServerConfigKeys (ConfUtils.java:logGet(43)) - raft.server.storage.dir = [/workdir/hadoop-ozone/integration-test/target/test-dir/MiniOzoneClusterImpl-60ce1093-8766-48da-b969-ec4fc1066279/datanode-5/data/ratis] (custom)
2019-10-03 08:29:22,269 [pool-257-thread-1] INFO  server.RaftServerConfigKeys (ConfUtils.java:logGet(43)) - raft.server.log.corruption.policy = EXCEPTION (default)
2019-10-03 08:29:22,269 [pool-257-thread-1] INFO  storage.RaftStorageDirectory (RaftStorageDirectory.java:analyzeStorage(246)) - The storage directory /workdir/hadoop-ozone/integration-test/target/test-dir/MiniOzoneClusterImpl-60ce1093-8766-48da-b969-ec4fc1066279/datanode-5/data/ratis/1b164768-1e61-43d7-a7aa-9f7dfe70b23d does not exist. Creating ...
2019-10-03 08:29:22,279 [main] INFO  ozone.MiniOzoneClusterImpl (MiniOzoneClusterImpl.java:lambda$waitForClusterToBeReady$0(147)) - Waiting for cluster to be ready. Got 6 of 7 DN Heartbeats.
2019-10-03 08:29:22,280 [IPC Server handler 3 on 36758] INFO  net.NetworkTopology (NetworkTopologyImpl.java:add(111)) - Added a new node: /default-rack/c06ef47c-1ddd-452c-8af6-f1545fd4e968
2019-10-03 08:29:22,280 [IPC Server handler 3 on 36758] INFO  node.SCMNodeManager (SCMNodeManager.java:register(266)) - Registered Data node : c06ef47c-1ddd-452c-8af6-f1545fd4e968{ip: 192.168.151.98, host: pr-hdds2217-2mkdc-371598885, networkLocation: /default-rack, certSerialId: null}
2019-10-03 08:29:22,282 [pool-257-thread-1] INFO  storage.RaftStorageDirectory (RaftStorageDirectory.java:tryLock(328)) - Lock on /workdir/hadoop-ozone/integration-test/target/test-dir/MiniOzoneClusterImpl-60ce1093-8766-48da-b969-ec4fc1066279/datanode-5/data/ratis/1b164768-1e61-43d7-a7aa-9f7dfe70b23d/in_use.lock acquired by nodename 14310@pr-hdds2217-2mkdc-371598885
2019-10-03 08:29:22,295 [pool-257-thread-1] INFO  storage.RaftStorage (RaftStorage.java:format(84)) - Storage directory /workdir/hadoop-ozone/integration-test/target/test-dir/MiniOzoneClusterImpl-60ce1093-8766-48da-b969-ec4fc1066279/datanode-5/data/ratis/1b164768-1e61-43d7-a7aa-9f7dfe70b23d has been successfully formatted.
2019-10-03 08:29:22,295 [pool-257-thread-1] INFO  ratis.ContainerStateMachine (ContainerStateMachine.java:loadSnapshot(230)) - group-9F7DFE70B23D: The snapshot info is null. Setting the last applied indexto:(t:0, i:~)
2019-10-03 08:29:22,295 [pool-257-thread-1] INFO  server.RaftServerConfigKeys (ConfUtils.java:logGet(43)) - raft.server.notification.no-leader.timeout = 120s (custom)
2019-10-03 08:29:22,295 [pool-257-thread-1] INFO  server.RaftServerConfigKeys (ConfUtils.java:logGet(43)) - raft.server.log.use.memory = false (default)
2019-10-03 08:29:22,296 [pool-257-thread-1] INFO  server.RaftServerConfigKeys (ConfUtils.java:logGet(43)) - raft.server.log.purge.gap = 1000000 (custom)
2019-10-03 08:29:22,296 [pool-257-thread-1] INFO  server.RaftServerConfigKeys (ConfUtils.java:logGet(43)) - raft.server.log.appender.buffer.byte-limit = 33554432 (custom)
2019-10-03 08:29:22,296 [pool-257-thread-1] INFO  server.RaftServerConfigKeys (ConfUtils.java:logGet(43)) - raft.server.log.segment.size.max = 1048576 (custom)
2019-10-03 08:29:22,298 [pool-257-thread-1] INFO  server.RaftServerConfigKeys (ConfUtils.java:logGet(43)) - raft.server.log.segment.cache.num.max = 2 (custom)
2019-10-03 08:29:22,298 [pool-257-thread-1] INFO  segmented.SegmentedRaftLogWorker (SegmentedRaftLogWorker.java:<init>(173)) - new ee0c9867-92ce-4d9b-aa3b-f8b15b6fea11@group-9F7DFE70B23D-SegmentedRaftLogWorker for RaftStorage:Storage Directory /workdir/hadoop-ozone/integration-test/target/test-dir/MiniOzoneClusterImpl-60ce1093-8766-48da-b969-ec4fc1066279/datanode-5/data/ratis/1b164768-1e61-43d7-a7aa-9f7dfe70b23d
2019-10-03 08:29:22,299 [pool-257-thread-1] INFO  server.RaftServerConfigKeys (ConfUtils.java:logGet(43)) - raft.server.log.queue.byte-limit = 2147483647 (custom)
2019-10-03 08:29:22,299 [pool-257-thread-1] INFO  server.RaftServerConfigKeys (ConfUtils.java:logGet(43)) - raft.server.log.queue.element-limit = 1024 (custom)
2019-10-03 08:29:22,299 [pool-257-thread-1] INFO  server.RaftServerConfigKeys (ConfUtils.java:logGet(43)) - raft.server.log.segment.size.max = 1048576 (custom)
2019-10-03 08:29:22,299 [pool-257-thread-1] INFO  server.RaftServerConfigKeys (ConfUtils.java:logGet(43)) - raft.server.log.preallocated.size = 16384 (custom)
2019-10-03 08:29:22,299 [pool-257-thread-1] INFO  server.RaftServerConfigKeys (ConfUtils.java:logGet(43)) - raft.server.log.write.buffer.size = 33554432 (custom)
2019-10-03 08:29:22,299 [pool-257-thread-1] INFO  server.RaftServerConfigKeys (ConfUtils.java:logGet(43)) - raft.server.log.force.sync.num = 128 (default)
2019-10-03 08:29:22,299 [pool-257-thread-1] INFO  server.RaftServerConfigKeys (ConfUtils.java:logGet(43)) - raft.server.log.statemachine.data.sync = true (default)
2019-10-03 08:29:22,299 [pool-257-thread-1] INFO  server.RaftServerConfigKeys (ConfUtils.java:logGet(43)) - raft.server.log.statemachine.data.sync.timeout = 10s (default)
2019-10-03 08:29:22,300 [pool-257-thread-1] INFO  server.RaftServerConfigKeys (ConfUtils.java:logGet(43)) - raft.server.log.statemachine.data.sync.timeout.retry = -1 (default)
2019-10-03 08:29:22,300 [pool-257-thread-1] INFO  server.RaftServerConfigKeys (ConfUtils.java:logGet(43)) - raft.server.log.statemachine.data.caching.enabled = true (custom)
2019-10-03 08:29:22,300 [pool-257-thread-1] INFO  segmented.SegmentedRaftLogWorker (SegmentedRaftLogWorker.java:lambda$new$0(128)) - ee0c9867-92ce-4d9b-aa3b-f8b15b6fea11@group-9F7DFE70B23D-SegmentedRaftLogWorker: flushIndex: setUnconditionally 0 -> -1
2019-10-03 08:29:22,301 [pool-257-thread-1] INFO  server.RaftServerConfigKeys (ConfUtils.java:logGet(43)) - raft.server.snapshot.auto.trigger.enabled = true (custom)
2019-10-03 08:29:22,301 [pool-257-thread-1] INFO  server.RaftServerConfigKeys (ConfUtils.java:logGet(43)) - raft.server.snapshot.auto.trigger.threshold = 10000 (custom)
2019-10-03 08:29:22,301 [pool-257-thread-1] INFO  server.RaftServerConfigKeys (ConfUtils.java:logGet(43)) - raft.server.snapshot.retention.file.num = 5 (custom)
2019-10-03 08:29:22,301 [pool-257-thread-1] INFO  server.RaftServerConfigKeys (ConfUtils.java:logGet(43)) - raft.server.retrycache.expirytime = 600000ms (custom)
2019-10-03 08:29:22,303 [pool-257-thread-1] INFO  impl.RaftServerImpl (RaftServerImpl.java:start(181)) - ee0c9867-92ce-4d9b-aa3b-f8b15b6fea11@group-9F7DFE70B23D: start as a follower, conf=-1: [ee0c9867-92ce-4d9b-aa3b-f8b15b6fea11:192.168.151.98:38561], old=null
2019-10-03 08:29:22,303 [pool-257-thread-1] INFO  impl.RaftServerImpl (RaftServerImpl.java:setRole(170)) - ee0c9867-92ce-4d9b-aa3b-f8b15b6fea11@group-9F7DFE70B23D: changes role from      null to FOLLOWER at term 0 for startAsFollower
2019-10-03 08:29:22,303 [pool-257-thread-1] INFO  impl.RoleInfo (RoleInfo.java:updateAndGet(143)) - ee0c9867-92ce-4d9b-aa3b-f8b15b6fea11: start FollowerState
2019-10-03 08:29:22,304 [pool-257-thread-1] INFO  util.JmxRegister (JmxRegister.java:tryRegister(44)) - Successfully registered JMX Bean with object name Ratis:service=RaftServer,group=group-9F7DFE70B23D,id=ee0c9867-92ce-4d9b-aa3b-f8b15b6fea11
2019-10-03 08:29:22,310 [RatisPipelineUtilsThread] INFO  pipeline.PipelineStateManager (PipelineStateManager.java:addPipeline(56)) - Created pipeline Pipeline[ Id: 1b164768-1e61-43d7-a7aa-9f7dfe70b23d, Nodes: ee0c9867-92ce-4d9b-aa3b-f8b15b6fea11{ip: 192.168.151.98, host: pr-hdds2217-2mkdc-371598885, networkLocation: /default-rack, certSerialId: null}, Type:RATIS, Factor:ONE, State:OPEN]
2019-10-03 08:29:22,319 [grpc-default-executor-4] INFO  impl.RaftServerProxy (RaftServerProxy.java:addNew(89)) - c06ef47c-1ddd-452c-8af6-f1545fd4e968: addNew group-78C05A27F679:[c06ef47c-1ddd-452c-8af6-f1545fd4e968:192.168.151.98:36884] returns group-78C05A27F679:java.util.concurrent.CompletableFuture@51dfa6c7[Not completed]
2019-10-03 08:29:22,320 [pool-267-thread-1] INFO  impl.RaftServerImpl (RaftServerImpl.java:<init>(95)) - c06ef47c-1ddd-452c-8af6-f1545fd4e968: new RaftServerImpl for group-78C05A27F679:[c06ef47c-1ddd-452c-8af6-f1545fd4e968:192.168.151.98:36884] with ContainerStateMachine:uninitialized
2019-10-03 08:29:22,320 [pool-267-thread-1] INFO  server.RaftServerConfigKeys (ConfUtils.java:logGet(43)) - raft.server.rpc.timeout.min = 5s (custom)
2019-10-03 08:29:22,320 [pool-267-thread-1] INFO  server.RaftServerConfigKeys (ConfUtils.java:logGet(43)) - raft.server.rpc.timeout.max = 5200ms (custom)
2019-10-03 08:29:22,320 [pool-267-thread-1] INFO  server.RaftServerConfigKeys (ConfUtils.java:logGet(43)) - raft.server.rpcslowness.timeout = 120s (custom)
2019-10-03 08:29:22,320 [pool-267-thread-1] INFO  server.RaftServerConfigKeys (ConfUtils.java:logGet(43)) - raft.server.sleep.deviation.threshold = 300 (default)
2019-10-03 08:29:22,320 [pool-267-thread-1] INFO  server.RaftServerConfigKeys (ConfUtils.java:logGet(43)) - raft.server.log.appender.install.snapshot.enabled = false (custom)
2019-10-03 08:29:22,320 [pool-267-thread-1] INFO  impl.RaftServerImpl (ServerState.java:<init>(103)) - c06ef47c-1ddd-452c-8af6-f1545fd4e968@group-78C05A27F679: ConfigurationManager, init=-1: [c06ef47c-1ddd-452c-8af6-f1545fd4e968:192.168.151.98:36884], old=null, confs=<EMPTY_MAP>
2019-10-03 08:29:22,321 [pool-267-thread-1] INFO  server.RaftServerConfigKeys (ConfUtils.java:logGet(43)) - raft.server.storage.dir = [/workdir/hadoop-ozone/integration-test/target/test-dir/MiniOzoneClusterImpl-60ce1093-8766-48da-b969-ec4fc1066279/datanode-6/data/ratis] (custom)
2019-10-03 08:29:22,321 [pool-267-thread-1] INFO  server.RaftServerConfigKeys (ConfUtils.java:logGet(43)) - raft.server.log.corruption.policy = EXCEPTION (default)
2019-10-03 08:29:22,321 [pool-267-thread-1] INFO  storage.RaftStorageDirectory (RaftStorageDirectory.java:analyzeStorage(246)) - The storage directory /workdir/hadoop-ozone/integration-test/target/test-dir/MiniOzoneClusterImpl-60ce1093-8766-48da-b969-ec4fc1066279/datanode-6/data/ratis/dcdd7b48-4d25-426d-b925-78c05a27f679 does not exist. Creating ...
2019-10-03 08:29:22,334 [pool-267-thread-1] INFO  storage.RaftStorageDirectory (RaftStorageDirectory.java:tryLock(328)) - Lock on /workdir/hadoop-ozone/integration-test/target/test-dir/MiniOzoneClusterImpl-60ce1093-8766-48da-b969-ec4fc1066279/datanode-6/data/ratis/dcdd7b48-4d25-426d-b925-78c05a27f679/in_use.lock acquired by nodename 14310@pr-hdds2217-2mkdc-371598885
2019-10-03 08:29:22,346 [pool-267-thread-1] INFO  storage.RaftStorage (RaftStorage.java:format(84)) - Storage directory /workdir/hadoop-ozone/integration-test/target/test-dir/MiniOzoneClusterImpl-60ce1093-8766-48da-b969-ec4fc1066279/datanode-6/data/ratis/dcdd7b48-4d25-426d-b925-78c05a27f679 has been successfully formatted.
2019-10-03 08:29:22,347 [pool-267-thread-1] INFO  ratis.ContainerStateMachine (ContainerStateMachine.java:loadSnapshot(230)) - group-78C05A27F679: The snapshot info is null. Setting the last applied indexto:(t:0, i:~)
2019-10-03 08:29:22,347 [pool-267-thread-1] INFO  server.RaftServerConfigKeys (ConfUtils.java:logGet(43)) - raft.server.notification.no-leader.timeout = 120s (custom)
2019-10-03 08:29:22,347 [pool-267-thread-1] INFO  server.RaftServerConfigKeys (ConfUtils.java:logGet(43)) - raft.server.log.use.memory = false (default)
2019-10-03 08:29:22,347 [pool-267-thread-1] INFO  server.RaftServerConfigKeys (ConfUtils.java:logGet(43)) - raft.server.log.purge.gap = 1000000 (custom)
2019-10-03 08:29:22,347 [pool-267-thread-1] INFO  server.RaftServerConfigKeys (ConfUtils.java:logGet(43)) - raft.server.log.appender.buffer.byte-limit = 33554432 (custom)
2019-10-03 08:29:22,347 [pool-267-thread-1] INFO  server.RaftServerConfigKeys (ConfUtils.java:logGet(43)) - raft.server.log.segment.size.max = 1048576 (custom)
2019-10-03 08:29:22,349 [pool-267-thread-1] INFO  server.RaftServerConfigKeys (ConfUtils.java:logGet(43)) - raft.server.log.segment.cache.num.max = 2 (custom)
2019-10-03 08:29:22,349 [pool-267-thread-1] INFO  segmented.SegmentedRaftLogWorker (SegmentedRaftLogWorker.java:<init>(173)) - new c06ef47c-1ddd-452c-8af6-f1545fd4e968@group-78C05A27F679-SegmentedRaftLogWorker for RaftStorage:Storage Directory /workdir/hadoop-ozone/integration-test/target/test-dir/MiniOzoneClusterImpl-60ce1093-8766-48da-b969-ec4fc1066279/datanode-6/data/ratis/dcdd7b48-4d25-426d-b925-78c05a27f679
2019-10-03 08:29:22,349 [pool-267-thread-1] INFO  server.RaftServerConfigKeys (ConfUtils.java:logGet(43)) - raft.server.log.queue.byte-limit = 2147483647 (custom)
2019-10-03 08:29:22,349 [pool-267-thread-1] INFO  server.RaftServerConfigKeys (ConfUtils.java:logGet(43)) - raft.server.log.queue.element-limit = 1024 (custom)
2019-10-03 08:29:22,349 [pool-267-thread-1] INFO  server.RaftServerConfigKeys (ConfUtils.java:logGet(43)) - raft.server.log.segment.size.max = 1048576 (custom)
2019-10-03 08:29:22,349 [pool-267-thread-1] INFO  server.RaftServerConfigKeys (ConfUtils.java:logGet(43)) - raft.server.log.preallocated.size = 16384 (custom)
2019-10-03 08:29:22,349 [pool-267-thread-1] INFO  server.RaftServerConfigKeys (ConfUtils.java:logGet(43)) - raft.server.log.write.buffer.size = 33554432 (custom)
2019-10-03 08:29:22,350 [pool-267-thread-1] INFO  server.RaftServerConfigKeys (ConfUtils.java:logGet(43)) - raft.server.log.force.sync.num = 128 (default)
2019-10-03 08:29:22,350 [pool-267-thread-1] INFO  server.RaftServerConfigKeys (ConfUtils.java:logGet(43)) - raft.server.log.statemachine.data.sync = true (default)
2019-10-03 08:29:22,350 [pool-267-thread-1] INFO  server.RaftServerConfigKeys (ConfUtils.java:logGet(43)) - raft.server.log.statemachine.data.sync.timeout = 10s (default)
2019-10-03 08:29:22,350 [pool-267-thread-1] INFO  server.RaftServerConfigKeys (ConfUtils.java:logGet(43)) - raft.server.log.statemachine.data.sync.timeout.retry = -1 (default)
2019-10-03 08:29:22,350 [pool-267-thread-1] INFO  server.RaftServerConfigKeys (ConfUtils.java:logGet(43)) - raft.server.log.statemachine.data.caching.enabled = true (custom)
2019-10-03 08:29:22,350 [pool-267-thread-1] INFO  segmented.SegmentedRaftLogWorker (SegmentedRaftLogWorker.java:lambda$new$0(128)) - c06ef47c-1ddd-452c-8af6-f1545fd4e968@group-78C05A27F679-SegmentedRaftLogWorker: flushIndex: setUnconditionally 0 -> -1
2019-10-03 08:29:22,351 [pool-267-thread-1] INFO  server.RaftServerConfigKeys (ConfUtils.java:logGet(43)) - raft.server.snapshot.auto.trigger.enabled = true (custom)
2019-10-03 08:29:22,351 [pool-267-thread-1] INFO  server.RaftServerConfigKeys (ConfUtils.java:logGet(43)) - raft.server.snapshot.auto.trigger.threshold = 10000 (custom)
2019-10-03 08:29:22,351 [pool-267-thread-1] INFO  server.RaftServerConfigKeys (ConfUtils.java:logGet(43)) - raft.server.snapshot.retention.file.num = 5 (custom)
2019-10-03 08:29:22,351 [pool-267-thread-1] INFO  server.RaftServerConfigKeys (ConfUtils.java:logGet(43)) - raft.server.retrycache.expirytime = 600000ms (custom)
2019-10-03 08:29:22,352 [pool-267-thread-1] INFO  impl.RaftServerImpl (RaftServerImpl.java:start(181)) - c06ef47c-1ddd-452c-8af6-f1545fd4e968@group-78C05A27F679: start as a follower, conf=-1: [c06ef47c-1ddd-452c-8af6-f1545fd4e968:192.168.151.98:36884], old=null
2019-10-03 08:29:22,353 [pool-267-thread-1] INFO  impl.RaftServerImpl (RaftServerImpl.java:setRole(170)) - c06ef47c-1ddd-452c-8af6-f1545fd4e968@group-78C05A27F679: changes role from      null to FOLLOWER at term 0 for startAsFollower
2019-10-03 08:29:22,353 [pool-267-thread-1] INFO  impl.RoleInfo (RoleInfo.java:updateAndGet(143)) - c06ef47c-1ddd-452c-8af6-f1545fd4e968: start FollowerState
2019-10-03 08:29:22,353 [pool-267-thread-1] INFO  util.JmxRegister (JmxRegister.java:tryRegister(44)) - Successfully registered JMX Bean with object name Ratis:service=RaftServer,group=group-78C05A27F679,id=c06ef47c-1ddd-452c-8af6-f1545fd4e968
2019-10-03 08:29:22,358 [RatisPipelineUtilsThread] INFO  pipeline.PipelineStateManager (PipelineStateManager.java:addPipeline(56)) - Created pipeline Pipeline[ Id: dcdd7b48-4d25-426d-b925-78c05a27f679, Nodes: c06ef47c-1ddd-452c-8af6-f1545fd4e968{ip: 192.168.151.98, host: pr-hdds2217-2mkdc-371598885, networkLocation: /default-rack, certSerialId: null}, Type:RATIS, Factor:ONE, State:OPEN]
2019-10-03 08:29:22,368 [grpc-default-executor-8] INFO  impl.RaftServerProxy (RaftServerProxy.java:addNew(89)) - 3b7cc910-10f8-4979-8256-e97d5cd0d810: addNew group-E7C963F93172:[38f53f2a-cf58-47fe-b3dc-c7b51a12a8a1:192.168.151.98:35394, ee0c9867-92ce-4d9b-aa3b-f8b15b6fea11:192.168.151.98:38561, 3b7cc910-10f8-4979-8256-e97d5cd0d810:192.168.151.98:45006] returns group-E7C963F93172:java.util.concurrent.CompletableFuture@18d7913f[Not completed]
2019-10-03 08:29:22,370 [grpc-default-executor-4] INFO  impl.RaftServerProxy (RaftServerProxy.java:addNew(89)) - 38f53f2a-cf58-47fe-b3dc-c7b51a12a8a1: addNew group-E7C963F93172:[38f53f2a-cf58-47fe-b3dc-c7b51a12a8a1:192.168.151.98:35394, ee0c9867-92ce-4d9b-aa3b-f8b15b6fea11:192.168.151.98:38561, 3b7cc910-10f8-4979-8256-e97d5cd0d810:192.168.151.98:45006] returns group-E7C963F93172:java.util.concurrent.CompletableFuture@730244b5[Not completed]
2019-10-03 08:29:22,372 [grpc-default-executor-4] INFO  impl.RaftServerProxy (RaftServerProxy.java:addNew(89)) - ee0c9867-92ce-4d9b-aa3b-f8b15b6fea11: addNew group-E7C963F93172:[38f53f2a-cf58-47fe-b3dc-c7b51a12a8a1:192.168.151.98:35394, ee0c9867-92ce-4d9b-aa3b-f8b15b6fea11:192.168.151.98:38561, 3b7cc910-10f8-4979-8256-e97d5cd0d810:192.168.151.98:45006] returns group-E7C963F93172:java.util.concurrent.CompletableFuture@460a3bc5[Not completed]
2019-10-03 08:29:22,372 [pool-237-thread-1] INFO  impl.RaftServerImpl (RaftServerImpl.java:<init>(95)) - 3b7cc910-10f8-4979-8256-e97d5cd0d810: new RaftServerImpl for group-E7C963F93172:[38f53f2a-cf58-47fe-b3dc-c7b51a12a8a1:192.168.151.98:35394, ee0c9867-92ce-4d9b-aa3b-f8b15b6fea11:192.168.151.98:38561, 3b7cc910-10f8-4979-8256-e97d5cd0d810:192.168.151.98:45006] with ContainerStateMachine:uninitialized
2019-10-03 08:29:22,373 [pool-237-thread-1] INFO  server.RaftServerConfigKeys (ConfUtils.java:logGet(43)) - raft.server.rpc.timeout.min = 5s (custom)
2019-10-03 08:29:22,373 [pool-247-thread-1] INFO  impl.RaftServerImpl (RaftServerImpl.java:<init>(95)) - 38f53f2a-cf58-47fe-b3dc-c7b51a12a8a1: new RaftServerImpl for group-E7C963F93172:[38f53f2a-cf58-47fe-b3dc-c7b51a12a8a1:192.168.151.98:35394, ee0c9867-92ce-4d9b-aa3b-f8b15b6fea11:192.168.151.98:38561, 3b7cc910-10f8-4979-8256-e97d5cd0d810:192.168.151.98:45006] with ContainerStateMachine:uninitialized
2019-10-03 08:29:22,373 [pool-237-thread-1] INFO  server.RaftServerConfigKeys (ConfUtils.java:logGet(43)) - raft.server.rpc.timeout.max = 5200ms (custom)
2019-10-03 08:29:22,373 [pool-247-thread-1] INFO  server.RaftServerConfigKeys (ConfUtils.java:logGet(43)) - raft.server.rpc.timeout.min = 5s (custom)
2019-10-03 08:29:22,373 [pool-237-thread-1] INFO  server.RaftServerConfigKeys (ConfUtils.java:logGet(43)) - raft.server.rpcslowness.timeout = 120s (custom)
2019-10-03 08:29:22,373 [pool-257-thread-1] INFO  impl.RaftServerImpl (RaftServerImpl.java:<init>(95)) - ee0c9867-92ce-4d9b-aa3b-f8b15b6fea11: new RaftServerImpl for group-E7C963F93172:[38f53f2a-cf58-47fe-b3dc-c7b51a12a8a1:192.168.151.98:35394, ee0c9867-92ce-4d9b-aa3b-f8b15b6fea11:192.168.151.98:38561, 3b7cc910-10f8-4979-8256-e97d5cd0d810:192.168.151.98:45006] with ContainerStateMachine:uninitialized
2019-10-03 08:29:22,373 [pool-247-thread-1] INFO  server.RaftServerConfigKeys (ConfUtils.java:logGet(43)) - raft.server.rpc.timeout.max = 5200ms (custom)
2019-10-03 08:29:22,373 [pool-257-thread-1] INFO  server.RaftServerConfigKeys (ConfUtils.java:logGet(43)) - raft.server.rpc.timeout.min = 5s (custom)
2019-10-03 08:29:22,373 [pool-237-thread-1] INFO  server.RaftServerConfigKeys (ConfUtils.java:logGet(43)) - raft.server.sleep.deviation.threshold = 300 (default)
2019-10-03 08:29:22,374 [pool-257-thread-1] INFO  server.RaftServerConfigKeys (ConfUtils.java:logGet(43)) - raft.server.rpc.timeout.max = 5200ms (custom)
2019-10-03 08:29:22,373 [pool-247-thread-1] INFO  server.RaftServerConfigKeys (ConfUtils.java:logGet(43)) - raft.server.rpcslowness.timeout = 120s (custom)
2019-10-03 08:29:22,374 [pool-257-thread-1] INFO  server.RaftServerConfigKeys (ConfUtils.java:logGet(43)) - raft.server.rpcslowness.timeout = 120s (custom)
2019-10-03 08:29:22,374 [pool-237-thread-1] INFO  server.RaftServerConfigKeys (ConfUtils.java:logGet(43)) - raft.server.log.appender.install.snapshot.enabled = false (custom)
2019-10-03 08:29:22,374 [pool-257-thread-1] INFO  server.RaftServerConfigKeys (ConfUtils.java:logGet(43)) - raft.server.sleep.deviation.threshold = 300 (default)
2019-10-03 08:29:22,374 [pool-247-thread-1] INFO  server.RaftServerConfigKeys (ConfUtils.java:logGet(43)) - raft.server.sleep.deviation.threshold = 300 (default)
2019-10-03 08:29:22,374 [pool-237-thread-1] INFO  impl.RaftServerImpl (ServerState.java:<init>(103)) - 3b7cc910-10f8-4979-8256-e97d5cd0d810@group-E7C963F93172: ConfigurationManager, init=-1: [38f53f2a-cf58-47fe-b3dc-c7b51a12a8a1:192.168.151.98:35394, ee0c9867-92ce-4d9b-aa3b-f8b15b6fea11:192.168.151.98:38561, 3b7cc910-10f8-4979-8256-e97d5cd0d810:192.168.151.98:45006], old=null, confs=<EMPTY_MAP>
2019-10-03 08:29:22,374 [pool-257-thread-1] INFO  server.RaftServerConfigKeys (ConfUtils.java:logGet(43)) - raft.server.log.appender.install.snapshot.enabled = false (custom)
2019-10-03 08:29:22,374 [pool-237-thread-1] INFO  server.RaftServerConfigKeys (ConfUtils.java:logGet(43)) - raft.server.storage.dir = [/workdir/hadoop-ozone/integration-test/target/test-dir/MiniOzoneClusterImpl-60ce1093-8766-48da-b969-ec4fc1066279/datanode-3/data/ratis] (custom)
2019-10-03 08:29:22,374 [pool-247-thread-1] INFO  server.RaftServerConfigKeys (ConfUtils.java:logGet(43)) - raft.server.log.appender.install.snapshot.enabled = false (custom)
2019-10-03 08:29:22,374 [pool-257-thread-1] INFO  impl.RaftServerImpl (ServerState.java:<init>(103)) - ee0c9867-92ce-4d9b-aa3b-f8b15b6fea11@group-E7C963F93172: ConfigurationManager, init=-1: [38f53f2a-cf58-47fe-b3dc-c7b51a12a8a1:192.168.151.98:35394, ee0c9867-92ce-4d9b-aa3b-f8b15b6fea11:192.168.151.98:38561, 3b7cc910-10f8-4979-8256-e97d5cd0d810:192.168.151.98:45006], old=null, confs=<EMPTY_MAP>
2019-10-03 08:29:22,375 [pool-247-thread-1] INFO  impl.RaftServerImpl (ServerState.java:<init>(103)) - 38f53f2a-cf58-47fe-b3dc-c7b51a12a8a1@group-E7C963F93172: ConfigurationManager, init=-1: [38f53f2a-cf58-47fe-b3dc-c7b51a12a8a1:192.168.151.98:35394, ee0c9867-92ce-4d9b-aa3b-f8b15b6fea11:192.168.151.98:38561, 3b7cc910-10f8-4979-8256-e97d5cd0d810:192.168.151.98:45006], old=null, confs=<EMPTY_MAP>
2019-10-03 08:29:22,375 [pool-257-thread-1] INFO  server.RaftServerConfigKeys (ConfUtils.java:logGet(43)) - raft.server.storage.dir = [/workdir/hadoop-ozone/integration-test/target/test-dir/MiniOzoneClusterImpl-60ce1093-8766-48da-b969-ec4fc1066279/datanode-5/data/ratis] (custom)
2019-10-03 08:29:22,375 [pool-237-thread-1] INFO  server.RaftServerConfigKeys (ConfUtils.java:logGet(43)) - raft.server.log.corruption.policy = EXCEPTION (default)
2019-10-03 08:29:22,375 [pool-257-thread-1] INFO  server.RaftServerConfigKeys (ConfUtils.java:logGet(43)) - raft.server.log.corruption.policy = EXCEPTION (default)
2019-10-03 08:29:22,375 [pool-247-thread-1] INFO  server.RaftServerConfigKeys (ConfUtils.java:logGet(43)) - raft.server.storage.dir = [/workdir/hadoop-ozone/integration-test/target/test-dir/MiniOzoneClusterImpl-60ce1093-8766-48da-b969-ec4fc1066279/datanode-4/data/ratis] (custom)
2019-10-03 08:29:22,375 [pool-257-thread-1] INFO  storage.RaftStorageDirectory (RaftStorageDirectory.java:analyzeStorage(246)) - The storage directory /workdir/hadoop-ozone/integration-test/target/test-dir/MiniOzoneClusterImpl-60ce1093-8766-48da-b969-ec4fc1066279/datanode-5/data/ratis/5f4781aa-9046-4646-8675-e7c963f93172 does not exist. Creating ...
2019-10-03 08:29:22,375 [pool-247-thread-1] INFO  server.RaftServerConfigKeys (ConfUtils.java:logGet(43)) - raft.server.log.corruption.policy = EXCEPTION (default)
2019-10-03 08:29:22,375 [pool-237-thread-1] INFO  storage.RaftStorageDirectory (RaftStorageDirectory.java:analyzeStorage(246)) - The storage directory /workdir/hadoop-ozone/integration-test/target/test-dir/MiniOzoneClusterImpl-60ce1093-8766-48da-b969-ec4fc1066279/datanode-3/data/ratis/5f4781aa-9046-4646-8675-e7c963f93172 does not exist. Creating ...
2019-10-03 08:29:22,376 [pool-247-thread-1] INFO  storage.RaftStorageDirectory (RaftStorageDirectory.java:analyzeStorage(246)) - The storage directory /workdir/hadoop-ozone/integration-test/target/test-dir/MiniOzoneClusterImpl-60ce1093-8766-48da-b969-ec4fc1066279/datanode-4/data/ratis/5f4781aa-9046-4646-8675-e7c963f93172 does not exist. Creating ...
2019-10-03 08:29:22,389 [pool-247-thread-1] INFO  storage.RaftStorageDirectory (RaftStorageDirectory.java:tryLock(328)) - Lock on /workdir/hadoop-ozone/integration-test/target/test-dir/MiniOzoneClusterImpl-60ce1093-8766-48da-b969-ec4fc1066279/datanode-4/data/ratis/5f4781aa-9046-4646-8675-e7c963f93172/in_use.lock acquired by nodename 14310@pr-hdds2217-2mkdc-371598885
2019-10-03 08:29:22,389 [pool-257-thread-1] INFO  storage.RaftStorageDirectory (RaftStorageDirectory.java:tryLock(328)) - Lock on /workdir/hadoop-ozone/integration-test/target/test-dir/MiniOzoneClusterImpl-60ce1093-8766-48da-b969-ec4fc1066279/datanode-5/data/ratis/5f4781aa-9046-4646-8675-e7c963f93172/in_use.lock acquired by nodename 14310@pr-hdds2217-2mkdc-371598885
2019-10-03 08:29:22,389 [pool-237-thread-1] INFO  storage.RaftStorageDirectory (RaftStorageDirectory.java:tryLock(328)) - Lock on /workdir/hadoop-ozone/integration-test/target/test-dir/MiniOzoneClusterImpl-60ce1093-8766-48da-b969-ec4fc1066279/datanode-3/data/ratis/5f4781aa-9046-4646-8675-e7c963f93172/in_use.lock acquired by nodename 14310@pr-hdds2217-2mkdc-371598885
2019-10-03 08:29:22,403 [pool-257-thread-1] INFO  storage.RaftStorage (RaftStorage.java:format(84)) - Storage directory /workdir/hadoop-ozone/integration-test/target/test-dir/MiniOzoneClusterImpl-60ce1093-8766-48da-b969-ec4fc1066279/datanode-5/data/ratis/5f4781aa-9046-4646-8675-e7c963f93172 has been successfully formatted.
2019-10-03 08:29:22,403 [pool-237-thread-1] INFO  storage.RaftStorage (RaftStorage.java:format(84)) - Storage directory /workdir/hadoop-ozone/integration-test/target/test-dir/MiniOzoneClusterImpl-60ce1093-8766-48da-b969-ec4fc1066279/datanode-3/data/ratis/5f4781aa-9046-4646-8675-e7c963f93172 has been successfully formatted.
2019-10-03 08:29:22,403 [pool-247-thread-1] INFO  storage.RaftStorage (RaftStorage.java:format(84)) - Storage directory /workdir/hadoop-ozone/integration-test/target/test-dir/MiniOzoneClusterImpl-60ce1093-8766-48da-b969-ec4fc1066279/datanode-4/data/ratis/5f4781aa-9046-4646-8675-e7c963f93172 has been successfully formatted.
2019-10-03 08:29:22,403 [pool-257-thread-1] INFO  ratis.ContainerStateMachine (ContainerStateMachine.java:loadSnapshot(230)) - group-E7C963F93172: The snapshot info is null. Setting the last applied indexto:(t:0, i:~)
2019-10-03 08:29:22,404 [pool-247-thread-1] INFO  ratis.ContainerStateMachine (ContainerStateMachine.java:loadSnapshot(230)) - group-E7C963F93172: The snapshot info is null. Setting the last applied indexto:(t:0, i:~)
2019-10-03 08:29:22,403 [pool-237-thread-1] INFO  ratis.ContainerStateMachine (ContainerStateMachine.java:loadSnapshot(230)) - group-E7C963F93172: The snapshot info is null. Setting the last applied indexto:(t:0, i:~)
2019-10-03 08:29:22,404 [pool-247-thread-1] INFO  server.RaftServerConfigKeys (ConfUtils.java:logGet(43)) - raft.server.notification.no-leader.timeout = 120s (custom)
2019-10-03 08:29:22,404 [pool-257-thread-1] INFO  server.RaftServerConfigKeys (ConfUtils.java:logGet(43)) - raft.server.notification.no-leader.timeout = 120s (custom)
2019-10-03 08:29:22,404 [pool-247-thread-1] INFO  server.RaftServerConfigKeys (ConfUtils.java:logGet(43)) - raft.server.log.use.memory = false (default)
2019-10-03 08:29:22,404 [pool-237-thread-1] INFO  server.RaftServerConfigKeys (ConfUtils.java:logGet(43)) - raft.server.notification.no-leader.timeout = 120s (custom)
2019-10-03 08:29:22,404 [pool-247-thread-1] INFO  server.RaftServerConfigKeys (ConfUtils.java:logGet(43)) - raft.server.log.purge.gap = 1000000 (custom)
2019-10-03 08:29:22,404 [pool-257-thread-1] INFO  server.RaftServerConfigKeys (ConfUtils.java:logGet(43)) - raft.server.log.use.memory = false (default)
2019-10-03 08:29:22,404 [pool-247-thread-1] INFO  server.RaftServerConfigKeys (ConfUtils.java:logGet(43)) - raft.server.log.appender.buffer.byte-limit = 33554432 (custom)
2019-10-03 08:29:22,404 [pool-237-thread-1] INFO  server.RaftServerConfigKeys (ConfUtils.java:logGet(43)) - raft.server.log.use.memory = false (default)
2019-10-03 08:29:22,404 [pool-247-thread-1] INFO  server.RaftServerConfigKeys (ConfUtils.java:logGet(43)) - raft.server.log.segment.size.max = 1048576 (custom)
2019-10-03 08:29:22,404 [pool-257-thread-1] INFO  server.RaftServerConfigKeys (ConfUtils.java:logGet(43)) - raft.server.log.purge.gap = 1000000 (custom)
2019-10-03 08:29:22,405 [pool-247-thread-1] INFO  server.RaftServerConfigKeys (ConfUtils.java:logGet(43)) - raft.server.log.segment.cache.num.max = 2 (custom)
2019-10-03 08:29:22,405 [pool-237-thread-1] INFO  server.RaftServerConfigKeys (ConfUtils.java:logGet(43)) - raft.server.log.purge.gap = 1000000 (custom)
2019-10-03 08:29:22,405 [pool-247-thread-1] INFO  segmented.SegmentedRaftLogWorker (SegmentedRaftLogWorker.java:<init>(173)) - new 38f53f2a-cf58-47fe-b3dc-c7b51a12a8a1@group-E7C963F93172-SegmentedRaftLogWorker for RaftStorage:Storage Directory /workdir/hadoop-ozone/integration-test/target/test-dir/MiniOzoneClusterImpl-60ce1093-8766-48da-b969-ec4fc1066279/datanode-4/data/ratis/5f4781aa-9046-4646-8675-e7c963f93172
2019-10-03 08:29:22,405 [pool-257-thread-1] INFO  server.RaftServerConfigKeys (ConfUtils.java:logGet(43)) - raft.server.log.appender.buffer.byte-limit = 33554432 (custom)
2019-10-03 08:29:22,405 [pool-247-thread-1] INFO  server.RaftServerConfigKeys (ConfUtils.java:logGet(43)) - raft.server.log.queue.byte-limit = 2147483647 (custom)
2019-10-03 08:29:22,405 [pool-237-thread-1] INFO  server.RaftServerConfigKeys (ConfUtils.java:logGet(43)) - raft.server.log.appender.buffer.byte-limit = 33554432 (custom)
2019-10-03 08:29:22,405 [pool-247-thread-1] INFO  server.RaftServerConfigKeys (ConfUtils.java:logGet(43)) - raft.server.log.queue.element-limit = 1024 (custom)
2019-10-03 08:29:22,405 [pool-257-thread-1] INFO  server.RaftServerConfigKeys (ConfUtils.java:logGet(43)) - raft.server.log.segment.size.max = 1048576 (custom)
2019-10-03 08:29:22,405 [pool-247-thread-1] INFO  server.RaftServerConfigKeys (ConfUtils.java:logGet(43)) - raft.server.log.segment.size.max = 1048576 (custom)
2019-10-03 08:29:22,405 [pool-237-thread-1] INFO  server.RaftServerConfigKeys (ConfUtils.java:logGet(43)) - raft.server.log.segment.size.max = 1048576 (custom)
2019-10-03 08:29:22,406 [pool-247-thread-1] INFO  server.RaftServerConfigKeys (ConfUtils.java:logGet(43)) - raft.server.log.preallocated.size = 16384 (custom)
2019-10-03 08:29:22,406 [pool-257-thread-1] INFO  server.RaftServerConfigKeys (ConfUtils.java:logGet(43)) - raft.server.log.segment.cache.num.max = 2 (custom)
2019-10-03 08:29:22,406 [pool-247-thread-1] INFO  server.RaftServerConfigKeys (ConfUtils.java:logGet(43)) - raft.server.log.write.buffer.size = 33554432 (custom)
2019-10-03 08:29:22,406 [pool-237-thread-1] INFO  server.RaftServerConfigKeys (ConfUtils.java:logGet(43)) - raft.server.log.segment.cache.num.max = 2 (custom)
2019-10-03 08:29:22,406 [pool-247-thread-1] INFO  server.RaftServerConfigKeys (ConfUtils.java:logGet(43)) - raft.server.log.force.sync.num = 128 (default)
2019-10-03 08:29:22,406 [pool-257-thread-1] INFO  segmented.SegmentedRaftLogWorker (SegmentedRaftLogWorker.java:<init>(173)) - new ee0c9867-92ce-4d9b-aa3b-f8b15b6fea11@group-E7C963F93172-SegmentedRaftLogWorker for RaftStorage:Storage Directory /workdir/hadoop-ozone/integration-test/target/test-dir/MiniOzoneClusterImpl-60ce1093-8766-48da-b969-ec4fc1066279/datanode-5/data/ratis/5f4781aa-9046-4646-8675-e7c963f93172
2019-10-03 08:29:22,406 [pool-247-thread-1] INFO  server.RaftServerConfigKeys (ConfUtils.java:logGet(43)) - raft.server.log.statemachine.data.sync = true (default)
2019-10-03 08:29:22,406 [pool-237-thread-1] INFO  segmented.SegmentedRaftLogWorker (SegmentedRaftLogWorker.java:<init>(173)) - new 3b7cc910-10f8-4979-8256-e97d5cd0d810@group-E7C963F93172-SegmentedRaftLogWorker for RaftStorage:Storage Directory /workdir/hadoop-ozone/integration-test/target/test-dir/MiniOzoneClusterImpl-60ce1093-8766-48da-b969-ec4fc1066279/datanode-3/data/ratis/5f4781aa-9046-4646-8675-e7c963f93172
2019-10-03 08:29:22,407 [pool-247-thread-1] INFO  server.RaftServerConfigKeys (ConfUtils.java:logGet(43)) - raft.server.log.statemachine.data.sync.timeout = 10s (default)
2019-10-03 08:29:22,406 [pool-257-thread-1] INFO  server.RaftServerConfigKeys (ConfUtils.java:logGet(43)) - raft.server.log.queue.byte-limit = 2147483647 (custom)
2019-10-03 08:29:22,407 [pool-247-thread-1] INFO  server.RaftServerConfigKeys (ConfUtils.java:logGet(43)) - raft.server.log.statemachine.data.sync.timeout.retry = -1 (default)
2019-10-03 08:29:22,407 [pool-237-thread-1] INFO  server.RaftServerConfigKeys (ConfUtils.java:logGet(43)) - raft.server.log.queue.byte-limit = 2147483647 (custom)
2019-10-03 08:29:22,407 [pool-247-thread-1] INFO  server.RaftServerConfigKeys (ConfUtils.java:logGet(43)) - raft.server.log.statemachine.data.caching.enabled = true (custom)
2019-10-03 08:29:22,407 [pool-257-thread-1] INFO  server.RaftServerConfigKeys (ConfUtils.java:logGet(43)) - raft.server.log.queue.element-limit = 1024 (custom)
2019-10-03 08:29:22,407 [pool-237-thread-1] INFO  server.RaftServerConfigKeys (ConfUtils.java:logGet(43)) - raft.server.log.queue.element-limit = 1024 (custom)
2019-10-03 08:29:22,407 [pool-247-thread-1] INFO  segmented.SegmentedRaftLogWorker (SegmentedRaftLogWorker.java:lambda$new$0(128)) - 38f53f2a-cf58-47fe-b3dc-c7b51a12a8a1@group-E7C963F93172-SegmentedRaftLogWorker: flushIndex: setUnconditionally 0 -> -1
2019-10-03 08:29:22,407 [pool-257-thread-1] INFO  server.RaftServerConfigKeys (ConfUtils.java:logGet(43)) - raft.server.log.segment.size.max = 1048576 (custom)
2019-10-03 08:29:22,408 [pool-237-thread-1] INFO  server.RaftServerConfigKeys (ConfUtils.java:logGet(43)) - raft.server.log.segment.size.max = 1048576 (custom)
2019-10-03 08:29:22,408 [pool-247-thread-1] INFO  server.RaftServerConfigKeys (ConfUtils.java:logGet(43)) - raft.server.snapshot.auto.trigger.enabled = true (custom)
2019-10-03 08:29:22,408 [pool-257-thread-1] INFO  server.RaftServerConfigKeys (ConfUtils.java:logGet(43)) - raft.server.log.preallocated.size = 16384 (custom)
2019-10-03 08:29:22,408 [pool-247-thread-1] INFO  server.RaftServerConfigKeys (ConfUtils.java:logGet(43)) - raft.server.snapshot.auto.trigger.threshold = 10000 (custom)
2019-10-03 08:29:22,408 [pool-237-thread-1] INFO  server.RaftServerConfigKeys (ConfUtils.java:logGet(43)) - raft.server.log.preallocated.size = 16384 (custom)
2019-10-03 08:29:22,408 [pool-247-thread-1] INFO  server.RaftServerConfigKeys (ConfUtils.java:logGet(43)) - raft.server.snapshot.retention.file.num = 5 (custom)
2019-10-03 08:29:22,408 [pool-257-thread-1] INFO  server.RaftServerConfigKeys (ConfUtils.java:logGet(43)) - raft.server.log.write.buffer.size = 33554432 (custom)
2019-10-03 08:29:22,408 [pool-247-thread-1] INFO  server.RaftServerConfigKeys (ConfUtils.java:logGet(43)) - raft.server.retrycache.expirytime = 600000ms (custom)
2019-10-03 08:29:22,408 [pool-237-thread-1] INFO  server.RaftServerConfigKeys (ConfUtils.java:logGet(43)) - raft.server.log.write.buffer.size = 33554432 (custom)
2019-10-03 08:29:22,409 [pool-257-thread-1] INFO  server.RaftServerConfigKeys (ConfUtils.java:logGet(43)) - raft.server.log.force.sync.num = 128 (default)
2019-10-03 08:29:22,409 [pool-237-thread-1] INFO  server.RaftServerConfigKeys (ConfUtils.java:logGet(43)) - raft.server.log.force.sync.num = 128 (default)
2019-10-03 08:29:22,409 [pool-257-thread-1] INFO  server.RaftServerConfigKeys (ConfUtils.java:logGet(43)) - raft.server.log.statemachine.data.sync = true (default)
2019-10-03 08:29:22,409 [pool-237-thread-1] INFO  server.RaftServerConfigKeys (ConfUtils.java:logGet(43)) - raft.server.log.statemachine.data.sync = true (default)
2019-10-03 08:29:22,409 [pool-257-thread-1] INFO  server.RaftServerConfigKeys (ConfUtils.java:logGet(43)) - raft.server.log.statemachine.data.sync.timeout = 10s (default)
2019-10-03 08:29:22,409 [pool-237-thread-1] INFO  server.RaftServerConfigKeys (ConfUtils.java:logGet(43)) - raft.server.log.statemachine.data.sync.timeout = 10s (default)
2019-10-03 08:29:22,409 [pool-257-thread-1] INFO  server.RaftServerConfigKeys (ConfUtils.java:logGet(43)) - raft.server.log.statemachine.data.sync.timeout.retry = -1 (default)
2019-10-03 08:29:22,409 [pool-237-thread-1] INFO  server.RaftServerConfigKeys (ConfUtils.java:logGet(43)) - raft.server.log.statemachine.data.sync.timeout.retry = -1 (default)
2019-10-03 08:29:22,410 [pool-257-thread-1] INFO  server.RaftServerConfigKeys (ConfUtils.java:logGet(43)) - raft.server.log.statemachine.data.caching.enabled = true (custom)
2019-10-03 08:29:22,410 [pool-237-thread-1] INFO  server.RaftServerConfigKeys (ConfUtils.java:logGet(43)) - raft.server.log.statemachine.data.caching.enabled = true (custom)
2019-10-03 08:29:22,410 [pool-257-thread-1] INFO  segmented.SegmentedRaftLogWorker (SegmentedRaftLogWorker.java:lambda$new$0(128)) - ee0c9867-92ce-4d9b-aa3b-f8b15b6fea11@group-E7C963F93172-SegmentedRaftLogWorker: flushIndex: setUnconditionally 0 -> -1
2019-10-03 08:29:22,410 [pool-237-thread-1] INFO  segmented.SegmentedRaftLogWorker (SegmentedRaftLogWorker.java:lambda$new$0(128)) - 3b7cc910-10f8-4979-8256-e97d5cd0d810@group-E7C963F93172-SegmentedRaftLogWorker: flushIndex: setUnconditionally 0 -> -1
2019-10-03 08:29:22,410 [pool-257-thread-1] INFO  server.RaftServerConfigKeys (ConfUtils.java:logGet(43)) - raft.server.snapshot.auto.trigger.enabled = true (custom)
2019-10-03 08:29:22,410 [pool-257-thread-1] INFO  server.RaftServerConfigKeys (ConfUtils.java:logGet(43)) - raft.server.snapshot.auto.trigger.threshold = 10000 (custom)
2019-10-03 08:29:22,410 [pool-247-thread-1] INFO  impl.RaftServerImpl (RaftServerImpl.java:start(181)) - 38f53f2a-cf58-47fe-b3dc-c7b51a12a8a1@group-E7C963F93172: start as a follower, conf=-1: [38f53f2a-cf58-47fe-b3dc-c7b51a12a8a1:192.168.151.98:35394, ee0c9867-92ce-4d9b-aa3b-f8b15b6fea11:192.168.151.98:38561, 3b7cc910-10f8-4979-8256-e97d5cd0d810:192.168.151.98:45006], old=null
2019-10-03 08:29:22,410 [pool-237-thread-1] INFO  server.RaftServerConfigKeys (ConfUtils.java:logGet(43)) - raft.server.snapshot.auto.trigger.enabled = true (custom)
2019-10-03 08:29:22,411 [pool-247-thread-1] INFO  impl.RaftServerImpl (RaftServerImpl.java:setRole(170)) - 38f53f2a-cf58-47fe-b3dc-c7b51a12a8a1@group-E7C963F93172: changes role from      null to FOLLOWER at term 0 for startAsFollower
2019-10-03 08:29:22,410 [pool-257-thread-1] INFO  server.RaftServerConfigKeys (ConfUtils.java:logGet(43)) - raft.server.snapshot.retention.file.num = 5 (custom)
2019-10-03 08:29:22,411 [pool-247-thread-1] INFO  impl.RoleInfo (RoleInfo.java:updateAndGet(143)) - 38f53f2a-cf58-47fe-b3dc-c7b51a12a8a1: start FollowerState
2019-10-03 08:29:22,411 [pool-237-thread-1] INFO  server.RaftServerConfigKeys (ConfUtils.java:logGet(43)) - raft.server.snapshot.auto.trigger.threshold = 10000 (custom)
2019-10-03 08:29:22,411 [pool-247-thread-1] INFO  util.JmxRegister (JmxRegister.java:tryRegister(44)) - Successfully registered JMX Bean with object name Ratis:service=RaftServer,group=group-E7C963F93172,id=38f53f2a-cf58-47fe-b3dc-c7b51a12a8a1
2019-10-03 08:29:22,411 [pool-257-thread-1] INFO  server.RaftServerConfigKeys (ConfUtils.java:logGet(43)) - raft.server.retrycache.expirytime = 600000ms (custom)
2019-10-03 08:29:22,411 [pool-237-thread-1] INFO  server.RaftServerConfigKeys (ConfUtils.java:logGet(43)) - raft.server.snapshot.retention.file.num = 5 (custom)
2019-10-03 08:29:22,411 [pool-237-thread-1] INFO  server.RaftServerConfigKeys (ConfUtils.java:logGet(43)) - raft.server.retrycache.expirytime = 600000ms (custom)
2019-10-03 08:29:22,414 [pool-257-thread-1] INFO  impl.RaftServerImpl (RaftServerImpl.java:start(181)) - ee0c9867-92ce-4d9b-aa3b-f8b15b6fea11@group-E7C963F93172: start as a follower, conf=-1: [38f53f2a-cf58-47fe-b3dc-c7b51a12a8a1:192.168.151.98:35394, ee0c9867-92ce-4d9b-aa3b-f8b15b6fea11:192.168.151.98:38561, 3b7cc910-10f8-4979-8256-e97d5cd0d810:192.168.151.98:45006], old=null
2019-10-03 08:29:22,415 [pool-257-thread-1] INFO  impl.RaftServerImpl (RaftServerImpl.java:setRole(170)) - ee0c9867-92ce-4d9b-aa3b-f8b15b6fea11@group-E7C963F93172: changes role from      null to FOLLOWER at term 0 for startAsFollower
2019-10-03 08:29:22,415 [pool-237-thread-1] INFO  impl.RaftServerImpl (RaftServerImpl.java:start(181)) - 3b7cc910-10f8-4979-8256-e97d5cd0d810@group-E7C963F93172: start as a follower, conf=-1: [38f53f2a-cf58-47fe-b3dc-c7b51a12a8a1:192.168.151.98:35394, ee0c9867-92ce-4d9b-aa3b-f8b15b6fea11:192.168.151.98:38561, 3b7cc910-10f8-4979-8256-e97d5cd0d810:192.168.151.98:45006], old=null
2019-10-03 08:29:22,415 [pool-257-thread-1] INFO  impl.RoleInfo (RoleInfo.java:updateAndGet(143)) - ee0c9867-92ce-4d9b-aa3b-f8b15b6fea11: start FollowerState
2019-10-03 08:29:22,415 [pool-237-thread-1] INFO  impl.RaftServerImpl (RaftServerImpl.java:setRole(170)) - 3b7cc910-10f8-4979-8256-e97d5cd0d810@group-E7C963F93172: changes role from      null to FOLLOWER at term 0 for startAsFollower
2019-10-03 08:29:22,415 [pool-257-thread-1] INFO  util.JmxRegister (JmxRegister.java:tryRegister(44)) - Successfully registered JMX Bean with object name Ratis:service=RaftServer,group=group-E7C963F93172,id=ee0c9867-92ce-4d9b-aa3b-f8b15b6fea11
2019-10-03 08:29:22,415 [pool-237-thread-1] INFO  impl.RoleInfo (RoleInfo.java:updateAndGet(143)) - 3b7cc910-10f8-4979-8256-e97d5cd0d810: start FollowerState
2019-10-03 08:29:22,418 [pool-237-thread-1] INFO  util.JmxRegister (JmxRegister.java:tryRegister(44)) - Successfully registered JMX Bean with object name Ratis:service=RaftServer,group=group-E7C963F93172,id=3b7cc910-10f8-4979-8256-e97d5cd0d810
2019-10-03 08:29:22,426 [RatisPipelineUtilsThread] INFO  pipeline.PipelineStateManager (PipelineStateManager.java:addPipeline(56)) - Created pipeline Pipeline[ Id: 5f4781aa-9046-4646-8675-e7c963f93172, Nodes: 38f53f2a-cf58-47fe-b3dc-c7b51a12a8a1{ip: 192.168.151.98, host: pr-hdds2217-2mkdc-371598885, networkLocation: /default-rack, certSerialId: null}3b7cc910-10f8-4979-8256-e97d5cd0d810{ip: 192.168.151.98, host: pr-hdds2217-2mkdc-371598885, networkLocation: /default-rack, certSerialId: null}ee0c9867-92ce-4d9b-aa3b-f8b15b6fea11{ip: 192.168.151.98, host: pr-hdds2217-2mkdc-371598885, networkLocation: /default-rack, certSerialId: null}, Type:RATIS, Factor:THREE, State:OPEN]
2019-10-03 08:29:23,279 [main] INFO  ozone.MiniOzoneClusterImpl (MiniOzoneClusterImpl.java:lambda$waitForClusterToBeReady$0(147)) - Cluster is ready. Got 7 of 7 DN Heartbeats.
2019-10-03 08:29:23,323 [main] INFO  rpc.RpcClient (RpcClient.java:createVolume(277)) - Creating Volume: watchforcommithandlingtest, with jenkins1000 as owner.
2019-10-03 08:29:23,327 [IPC Server handler 1 on 37690] INFO  volume.OMVolumeCreateRequest (OMVolumeCreateRequest.java:validateAndUpdateCache(193)) - created volume:watchforcommithandlingtest for user:jenkins1000
2019-10-03 08:29:23,338 [main] INFO  rpc.RpcClient (RpcClient.java:createBucket(416)) - Creating Bucket: watchforcommithandlingtest/watchforcommithandlingtest, with Versioning false and Storage Type set to DISK and Encryption set to false 
2019-10-03 08:29:23,342 [main] INFO  ozone.MiniOzoneClusterImpl (MiniOzoneClusterImpl.java:getStorageContainerLocationClient(234)) - Creating StorageContainerLocationProtocol RPC client with address /0.0.0.0:33402
2019-10-03 08:29:24,858 [Thread-1387] INFO  container.ReplicationManager (ReplicationManager.java:start(162)) - Starting Replication Monitor Thread.
2019-10-03 08:29:24,863 [ReplicationMonitor] INFO  container.ReplicationManager (ReplicationManager.java:run(225)) - Replication Monitor Thread took 0 milliseconds for processing 1 containers.
2019-10-03 08:29:26,987 [Thread-1389] INFO  impl.FollowerState (FollowerState.java:run(108)) - e99ec86c-eb11-4984-811e-cb8f4c6ed7f5@group-9336E1143D74-FollowerState: change to CANDIDATE, lastRpcTime:5068ms, electionTimeout:5068ms
2019-10-03 08:29:26,987 [Thread-1389] INFO  impl.RoleInfo (RoleInfo.java:shutdownFollowerState(121)) - e99ec86c-eb11-4984-811e-cb8f4c6ed7f5: shutdown FollowerState
2019-10-03 08:29:26,987 [Thread-1389] INFO  impl.RaftServerImpl (RaftServerImpl.java:setRole(170)) - e99ec86c-eb11-4984-811e-cb8f4c6ed7f5@group-9336E1143D74: changes role from  FOLLOWER to CANDIDATE at term 0 for changeToCandidate
2019-10-03 08:29:26,988 [Thread-1389] INFO  impl.RoleInfo (RoleInfo.java:updateAndGet(143)) - e99ec86c-eb11-4984-811e-cb8f4c6ed7f5: start LeaderElection
2019-10-03 08:29:27,010 [e99ec86c-eb11-4984-811e-cb8f4c6ed7f5@group-9336E1143D74-LeaderElection27] INFO  impl.LeaderElection (LeaderElection.java:askForVotes(178)) - e99ec86c-eb11-4984-811e-cb8f4c6ed7f5@group-9336E1143D74-LeaderElection27: begin an election at term 1 for -1: [e99ec86c-eb11-4984-811e-cb8f4c6ed7f5:192.168.151.98:36669], old=null
2019-10-03 08:29:27,010 [e99ec86c-eb11-4984-811e-cb8f4c6ed7f5@group-9336E1143D74-LeaderElection27] INFO  impl.RoleInfo (RoleInfo.java:shutdownLeaderElection(134)) - e99ec86c-eb11-4984-811e-cb8f4c6ed7f5: shutdown LeaderElection
2019-10-03 08:29:27,011 [e99ec86c-eb11-4984-811e-cb8f4c6ed7f5@group-9336E1143D74-LeaderElection27] INFO  impl.RaftServerImpl (RaftServerImpl.java:setRole(170)) - e99ec86c-eb11-4984-811e-cb8f4c6ed7f5@group-9336E1143D74: changes role from CANDIDATE to LEADER at term 1 for changeToLeader
2019-10-03 08:29:27,011 [e99ec86c-eb11-4984-811e-cb8f4c6ed7f5@group-9336E1143D74-LeaderElection27] INFO  impl.RaftServerImpl (ServerState.java:setLeader(255)) - e99ec86c-eb11-4984-811e-cb8f4c6ed7f5@group-9336E1143D74: change Leader from null to e99ec86c-eb11-4984-811e-cb8f4c6ed7f5 at term 1 for becomeLeader, leader elected after 5097ms
2019-10-03 08:29:27,011 [e99ec86c-eb11-4984-811e-cb8f4c6ed7f5@group-9336E1143D74-LeaderElection27] INFO  server.RaftServerConfigKeys (ConfUtils.java:logGet(43)) - raft.server.staging.catchup.gap = 1000 (default)
2019-10-03 08:29:27,011 [e99ec86c-eb11-4984-811e-cb8f4c6ed7f5@group-9336E1143D74-LeaderElection27] INFO  server.RaftServerConfigKeys (ConfUtils.java:logGet(43)) - raft.server.rpc.sleep.time = 25ms (default)
2019-10-03 08:29:27,012 [e99ec86c-eb11-4984-811e-cb8f4c6ed7f5@group-9336E1143D74-LeaderElection27] INFO  server.RaftServerConfigKeys (ConfUtils.java:logGet(43)) - raft.server.write.element-limit = 4096 (default)
2019-10-03 08:29:27,012 [e99ec86c-eb11-4984-811e-cb8f4c6ed7f5@group-9336E1143D74-LeaderElection27] INFO  server.RaftServerConfigKeys (ConfUtils.java:logGet(43)) - raft.server.watch.timeout = 10s (default)
2019-10-03 08:29:27,012 [e99ec86c-eb11-4984-811e-cb8f4c6ed7f5@group-9336E1143D74-LeaderElection27] INFO  server.RaftServerConfigKeys (ConfUtils.java:logGet(43)) - raft.server.watch.timeout.denomination = 1s (default)
2019-10-03 08:29:27,012 [e99ec86c-eb11-4984-811e-cb8f4c6ed7f5@group-9336E1143D74-LeaderElection27] INFO  server.RaftServerConfigKeys (ConfUtils.java:logGet(43)) - raft.server.watch.element-limit = 65536 (default)
2019-10-03 08:29:27,015 [e99ec86c-eb11-4984-811e-cb8f4c6ed7f5@group-9336E1143D74-LeaderElection27] INFO  impl.RoleInfo (RoleInfo.java:updateAndGet(143)) - e99ec86c-eb11-4984-811e-cb8f4c6ed7f5: start LeaderState
2019-10-03 08:29:27,016 [e99ec86c-eb11-4984-811e-cb8f4c6ed7f5@group-9336E1143D74-LeaderElection27] INFO  segmented.SegmentedRaftLogWorker (SegmentedRaftLogWorker.java:startLogSegment(385)) - e99ec86c-eb11-4984-811e-cb8f4c6ed7f5@group-9336E1143D74-SegmentedRaftLogWorker: Starting segment from index:0
2019-10-03 08:29:27,017 [e99ec86c-eb11-4984-811e-cb8f4c6ed7f5@group-9336E1143D74-LeaderElection27] INFO  impl.RaftServerImpl (ServerState.java:setRaftConf(356)) - e99ec86c-eb11-4984-811e-cb8f4c6ed7f5@group-9336E1143D74: set configuration 0: [e99ec86c-eb11-4984-811e-cb8f4c6ed7f5:192.168.151.98:36669], old=null at 0
2019-10-03 08:29:27,067 [e99ec86c-eb11-4984-811e-cb8f4c6ed7f5@group-9336E1143D74-SegmentedRaftLogWorker] INFO  segmented.SegmentedRaftLogWorker (SegmentedRaftLogWorker.java:execute(574)) - e99ec86c-eb11-4984-811e-cb8f4c6ed7f5@group-9336E1143D74-SegmentedRaftLogWorker: created new log segment /workdir/hadoop-ozone/integration-test/target/test-dir/MiniOzoneClusterImpl-60ce1093-8766-48da-b969-ec4fc1066279/datanode-0/data/ratis/9a7ec2a3-155b-4f6f-b6ee-9336e1143d74/current/log_inprogress_0
2019-10-03 08:29:27,098 [Thread-1392] INFO  impl.FollowerState (FollowerState.java:run(108)) - f69a3bb4-5ce3-4f3a-a5ec-57530bf8bb38@group-A9145A93A23D-FollowerState: change to CANDIDATE, lastRpcTime:5100ms, electionTimeout:5100ms
2019-10-03 08:29:27,098 [Thread-1392] INFO  impl.RoleInfo (RoleInfo.java:shutdownFollowerState(121)) - f69a3bb4-5ce3-4f3a-a5ec-57530bf8bb38: shutdown FollowerState
2019-10-03 08:29:27,098 [Thread-1392] INFO  impl.RaftServerImpl (RaftServerImpl.java:setRole(170)) - f69a3bb4-5ce3-4f3a-a5ec-57530bf8bb38@group-A9145A93A23D: changes role from  FOLLOWER to CANDIDATE at term 0 for changeToCandidate
2019-10-03 08:29:27,098 [Thread-1392] INFO  impl.RoleInfo (RoleInfo.java:updateAndGet(143)) - f69a3bb4-5ce3-4f3a-a5ec-57530bf8bb38: start LeaderElection
2019-10-03 08:29:27,119 [f69a3bb4-5ce3-4f3a-a5ec-57530bf8bb38@group-A9145A93A23D-LeaderElection28] INFO  impl.LeaderElection (LeaderElection.java:askForVotes(178)) - f69a3bb4-5ce3-4f3a-a5ec-57530bf8bb38@group-A9145A93A23D-LeaderElection28: begin an election at term 1 for -1: [f69a3bb4-5ce3-4f3a-a5ec-57530bf8bb38:192.168.151.98:33249], old=null
2019-10-03 08:29:27,119 [f69a3bb4-5ce3-4f3a-a5ec-57530bf8bb38@group-A9145A93A23D-LeaderElection28] INFO  impl.RoleInfo (RoleInfo.java:shutdownLeaderElection(134)) - f69a3bb4-5ce3-4f3a-a5ec-57530bf8bb38: shutdown LeaderElection
2019-10-03 08:29:27,120 [f69a3bb4-5ce3-4f3a-a5ec-57530bf8bb38@group-A9145A93A23D-LeaderElection28] INFO  impl.RaftServerImpl (RaftServerImpl.java:setRole(170)) - f69a3bb4-5ce3-4f3a-a5ec-57530bf8bb38@group-A9145A93A23D: changes role from CANDIDATE to LEADER at term 1 for changeToLeader
2019-10-03 08:29:27,120 [f69a3bb4-5ce3-4f3a-a5ec-57530bf8bb38@group-A9145A93A23D-LeaderElection28] INFO  impl.RaftServerImpl (ServerState.java:setLeader(255)) - f69a3bb4-5ce3-4f3a-a5ec-57530bf8bb38@group-A9145A93A23D: change Leader from null to f69a3bb4-5ce3-4f3a-a5ec-57530bf8bb38 at term 1 for becomeLeader, leader elected after 5134ms
2019-10-03 08:29:27,120 [f69a3bb4-5ce3-4f3a-a5ec-57530bf8bb38@group-A9145A93A23D-LeaderElection28] INFO  server.RaftServerConfigKeys (ConfUtils.java:logGet(43)) - raft.server.staging.catchup.gap = 1000 (default)
2019-10-03 08:29:27,120 [f69a3bb4-5ce3-4f3a-a5ec-57530bf8bb38@group-A9145A93A23D-LeaderElection28] INFO  server.RaftServerConfigKeys (ConfUtils.java:logGet(43)) - raft.server.rpc.sleep.time = 25ms (default)
2019-10-03 08:29:27,120 [f69a3bb4-5ce3-4f3a-a5ec-57530bf8bb38@group-A9145A93A23D-LeaderElection28] INFO  server.RaftServerConfigKeys (ConfUtils.java:logGet(43)) - raft.server.write.element-limit = 4096 (default)
2019-10-03 08:29:27,120 [f69a3bb4-5ce3-4f3a-a5ec-57530bf8bb38@group-A9145A93A23D-LeaderElection28] INFO  server.RaftServerConfigKeys (ConfUtils.java:logGet(43)) - raft.server.watch.timeout = 10s (default)
2019-10-03 08:29:27,121 [f69a3bb4-5ce3-4f3a-a5ec-57530bf8bb38@group-A9145A93A23D-LeaderElection28] INFO  server.RaftServerConfigKeys (ConfUtils.java:logGet(43)) - raft.server.watch.timeout.denomination = 1s (default)
2019-10-03 08:29:27,121 [f69a3bb4-5ce3-4f3a-a5ec-57530bf8bb38@group-A9145A93A23D-LeaderElection28] INFO  server.RaftServerConfigKeys (ConfUtils.java:logGet(43)) - raft.server.watch.element-limit = 65536 (default)
2019-10-03 08:29:27,123 [f69a3bb4-5ce3-4f3a-a5ec-57530bf8bb38@group-A9145A93A23D-LeaderElection28] INFO  impl.RoleInfo (RoleInfo.java:updateAndGet(143)) - f69a3bb4-5ce3-4f3a-a5ec-57530bf8bb38: start LeaderState
2019-10-03 08:29:27,123 [f69a3bb4-5ce3-4f3a-a5ec-57530bf8bb38@group-A9145A93A23D-LeaderElection28] INFO  segmented.SegmentedRaftLogWorker (SegmentedRaftLogWorker.java:startLogSegment(385)) - f69a3bb4-5ce3-4f3a-a5ec-57530bf8bb38@group-A9145A93A23D-SegmentedRaftLogWorker: Starting segment from index:0
2019-10-03 08:29:27,124 [f69a3bb4-5ce3-4f3a-a5ec-57530bf8bb38@group-A9145A93A23D-LeaderElection28] INFO  impl.RaftServerImpl (ServerState.java:setRaftConf(356)) - f69a3bb4-5ce3-4f3a-a5ec-57530bf8bb38@group-A9145A93A23D: set configuration 0: [f69a3bb4-5ce3-4f3a-a5ec-57530bf8bb38:192.168.151.98:33249], old=null at 0
2019-10-03 08:29:27,171 [f69a3bb4-5ce3-4f3a-a5ec-57530bf8bb38@group-A9145A93A23D-SegmentedRaftLogWorker] INFO  segmented.SegmentedRaftLogWorker (SegmentedRaftLogWorker.java:execute(574)) - f69a3bb4-5ce3-4f3a-a5ec-57530bf8bb38@group-A9145A93A23D-SegmentedRaftLogWorker: created new log segment /workdir/hadoop-ozone/integration-test/target/test-dir/MiniOzoneClusterImpl-60ce1093-8766-48da-b969-ec4fc1066279/datanode-1/data/ratis/b1bd3893-2dc8-45e8-9269-a9145a93a23d/current/log_inprogress_0
2019-10-03 08:29:27,176 [Thread-1402] INFO  impl.FollowerState (FollowerState.java:run(108)) - 027d15f8-0321-42a1-b7d1-02f58cd1cf17@group-269E35724743-FollowerState: change to CANDIDATE, lastRpcTime:5050ms, electionTimeout:5050ms
2019-10-03 08:29:27,176 [Thread-1402] INFO  impl.RoleInfo (RoleInfo.java:shutdownFollowerState(121)) - 027d15f8-0321-42a1-b7d1-02f58cd1cf17: shutdown FollowerState
2019-10-03 08:29:27,176 [Thread-1402] INFO  impl.RaftServerImpl (RaftServerImpl.java:setRole(170)) - 027d15f8-0321-42a1-b7d1-02f58cd1cf17@group-269E35724743: changes role from  FOLLOWER to CANDIDATE at term 0 for changeToCandidate
2019-10-03 08:29:27,176 [Thread-1402] INFO  impl.RoleInfo (RoleInfo.java:updateAndGet(143)) - 027d15f8-0321-42a1-b7d1-02f58cd1cf17: start LeaderElection
2019-10-03 08:29:27,188 [027d15f8-0321-42a1-b7d1-02f58cd1cf17@group-269E35724743-LeaderElection29] INFO  impl.LeaderElection (LeaderElection.java:askForVotes(178)) - 027d15f8-0321-42a1-b7d1-02f58cd1cf17@group-269E35724743-LeaderElection29: begin an election at term 1 for -1: [027d15f8-0321-42a1-b7d1-02f58cd1cf17:192.168.151.98:37781, f69a3bb4-5ce3-4f3a-a5ec-57530bf8bb38:192.168.151.98:33249, e99ec86c-eb11-4984-811e-cb8f4c6ed7f5:192.168.151.98:36669], old=null
2019-10-03 08:29:27,194 [Thread-1403] INFO  impl.FollowerState (FollowerState.java:run(108)) - f69a3bb4-5ce3-4f3a-a5ec-57530bf8bb38@group-269E35724743-FollowerState: change to CANDIDATE, lastRpcTime:5068ms, electionTimeout:5068ms
2019-10-03 08:29:27,194 [Thread-1403] INFO  impl.RoleInfo (RoleInfo.java:shutdownFollowerState(121)) - f69a3bb4-5ce3-4f3a-a5ec-57530bf8bb38: shutdown FollowerState
2019-10-03 08:29:27,194 [Thread-1403] INFO  impl.RaftServerImpl (RaftServerImpl.java:setRole(170)) - f69a3bb4-5ce3-4f3a-a5ec-57530bf8bb38@group-269E35724743: changes role from  FOLLOWER to CANDIDATE at term 0 for changeToCandidate
2019-10-03 08:29:27,194 [Thread-1403] INFO  impl.RoleInfo (RoleInfo.java:updateAndGet(143)) - f69a3bb4-5ce3-4f3a-a5ec-57530bf8bb38: start LeaderElection
2019-10-03 08:29:27,197 [Thread-1398] INFO  impl.FollowerState (FollowerState.java:run(108)) - e99ec86c-eb11-4984-811e-cb8f4c6ed7f5@group-269E35724743-FollowerState: change to CANDIDATE, lastRpcTime:5079ms, electionTimeout:5077ms
2019-10-03 08:29:27,200 [Thread-1398] INFO  impl.RoleInfo (RoleInfo.java:shutdownFollowerState(121)) - e99ec86c-eb11-4984-811e-cb8f4c6ed7f5: shutdown FollowerState
2019-10-03 08:29:27,202 [Thread-1398] INFO  impl.RaftServerImpl (RaftServerImpl.java:setRole(170)) - e99ec86c-eb11-4984-811e-cb8f4c6ed7f5@group-269E35724743: changes role from  FOLLOWER to CANDIDATE at term 0 for changeToCandidate
2019-10-03 08:29:27,202 [Thread-1398] INFO  impl.RoleInfo (RoleInfo.java:updateAndGet(143)) - e99ec86c-eb11-4984-811e-cb8f4c6ed7f5: start LeaderElection
2019-10-03 08:29:27,205 [grpc-default-executor-4] INFO  impl.RaftServerImpl (RaftServerImpl.java:setRole(170)) - e99ec86c-eb11-4984-811e-cb8f4c6ed7f5@group-269E35724743: changes role from CANDIDATE to FOLLOWER at term 1 for recognizeCandidate:027d15f8-0321-42a1-b7d1-02f58cd1cf17
2019-10-03 08:29:27,205 [grpc-default-executor-4] INFO  impl.RoleInfo (RoleInfo.java:shutdownLeaderElection(134)) - e99ec86c-eb11-4984-811e-cb8f4c6ed7f5: shutdown LeaderElection
2019-10-03 08:29:27,206 [grpc-default-executor-4] INFO  impl.RoleInfo (RoleInfo.java:updateAndGet(143)) - e99ec86c-eb11-4984-811e-cb8f4c6ed7f5: start FollowerState
2019-10-03 08:29:27,206 [f69a3bb4-5ce3-4f3a-a5ec-57530bf8bb38@group-269E35724743-LeaderElection30] INFO  impl.LeaderElection (LeaderElection.java:askForVotes(178)) - f69a3bb4-5ce3-4f3a-a5ec-57530bf8bb38@group-269E35724743-LeaderElection30: begin an election at term 1 for -1: [027d15f8-0321-42a1-b7d1-02f58cd1cf17:192.168.151.98:37781, f69a3bb4-5ce3-4f3a-a5ec-57530bf8bb38:192.168.151.98:33249, e99ec86c-eb11-4984-811e-cb8f4c6ed7f5:192.168.151.98:36669], old=null
2019-10-03 08:29:27,222 [Thread-1395] INFO  impl.FollowerState (FollowerState.java:run(108)) - 027d15f8-0321-42a1-b7d1-02f58cd1cf17@group-03369A945C4D-FollowerState: change to CANDIDATE, lastRpcTime:5162ms, electionTimeout:5151ms
2019-10-03 08:29:27,222 [e99ec86c-eb11-4984-811e-cb8f4c6ed7f5@group-269E35724743-LeaderElection31] INFO  impl.LeaderElection (LeaderElection.java:askForVotes(178)) - e99ec86c-eb11-4984-811e-cb8f4c6ed7f5@group-269E35724743-LeaderElection31: begin an election at term 2 for -1: [027d15f8-0321-42a1-b7d1-02f58cd1cf17:192.168.151.98:37781, f69a3bb4-5ce3-4f3a-a5ec-57530bf8bb38:192.168.151.98:33249, e99ec86c-eb11-4984-811e-cb8f4c6ed7f5:192.168.151.98:36669], old=null
2019-10-03 08:29:27,223 [Thread-1395] INFO  impl.RoleInfo (RoleInfo.java:shutdownFollowerState(121)) - 027d15f8-0321-42a1-b7d1-02f58cd1cf17: shutdown FollowerState
2019-10-03 08:29:27,223 [027d15f8-0321-42a1-b7d1-02f58cd1cf17@group-269E35724743-LeaderElection29] INFO  impl.LeaderElection (LeaderElection.java:logAndReturn(56)) - 027d15f8-0321-42a1-b7d1-02f58cd1cf17@group-269E35724743-LeaderElection29: Election REJECTED; received 2 response(s) [027d15f8-0321-42a1-b7d1-02f58cd1cf17<-f69a3bb4-5ce3-4f3a-a5ec-57530bf8bb38#0:FAIL-t1, 027d15f8-0321-42a1-b7d1-02f58cd1cf17<-e99ec86c-eb11-4984-811e-cb8f4c6ed7f5#0:FAIL-t1] and 0 exception(s); 027d15f8-0321-42a1-b7d1-02f58cd1cf17@group-269E35724743:t1, leader=null, voted=027d15f8-0321-42a1-b7d1-02f58cd1cf17, raftlog=027d15f8-0321-42a1-b7d1-02f58cd1cf17@group-269E35724743-SegmentedRaftLog:OPENED:c-1,f-1,i0, conf=-1: [027d15f8-0321-42a1-b7d1-02f58cd1cf17:192.168.151.98:37781, f69a3bb4-5ce3-4f3a-a5ec-57530bf8bb38:192.168.151.98:33249, e99ec86c-eb11-4984-811e-cb8f4c6ed7f5:192.168.151.98:36669], old=null
2019-10-03 08:29:27,223 [Thread-1395] INFO  impl.RaftServerImpl (RaftServerImpl.java:setRole(170)) - 027d15f8-0321-42a1-b7d1-02f58cd1cf17@group-03369A945C4D: changes role from  FOLLOWER to CANDIDATE at term 0 for changeToCandidate
2019-10-03 08:29:27,223 [027d15f8-0321-42a1-b7d1-02f58cd1cf17@group-269E35724743-LeaderElection29] INFO  impl.RaftServerImpl (RaftServerImpl.java:setRole(170)) - 027d15f8-0321-42a1-b7d1-02f58cd1cf17@group-269E35724743: changes role from CANDIDATE to FOLLOWER at term 1 for DISCOVERED_A_NEW_TERM
2019-10-03 08:29:27,225 [Thread-1395] INFO  impl.RoleInfo (RoleInfo.java:updateAndGet(143)) - 027d15f8-0321-42a1-b7d1-02f58cd1cf17: start LeaderElection
2019-10-03 08:29:27,225 [e99ec86c-eb11-4984-811e-cb8f4c6ed7f5@group-269E35724743-LeaderElection31] INFO  impl.LeaderElection (LeaderElection.java:logAndReturn(56)) - e99ec86c-eb11-4984-811e-cb8f4c6ed7f5@group-269E35724743-LeaderElection31: Election REJECTED; received 0 response(s) [] and 0 exception(s); e99ec86c-eb11-4984-811e-cb8f4c6ed7f5@group-269E35724743:t2, leader=null, voted=e99ec86c-eb11-4984-811e-cb8f4c6ed7f5, raftlog=e99ec86c-eb11-4984-811e-cb8f4c6ed7f5@group-269E35724743-SegmentedRaftLog:OPENED:c-1,f-1,i0, conf=-1: [027d15f8-0321-42a1-b7d1-02f58cd1cf17:192.168.151.98:37781, f69a3bb4-5ce3-4f3a-a5ec-57530bf8bb38:192.168.151.98:33249, e99ec86c-eb11-4984-811e-cb8f4c6ed7f5:192.168.151.98:36669], old=null
2019-10-03 08:29:27,225 [027d15f8-0321-42a1-b7d1-02f58cd1cf17@group-269E35724743-LeaderElection29] INFO  impl.RoleInfo (RoleInfo.java:shutdownLeaderElection(134)) - 027d15f8-0321-42a1-b7d1-02f58cd1cf17: shutdown LeaderElection
2019-10-03 08:29:27,226 [027d15f8-0321-42a1-b7d1-02f58cd1cf17@group-269E35724743-LeaderElection29] INFO  impl.RoleInfo (RoleInfo.java:updateAndGet(143)) - 027d15f8-0321-42a1-b7d1-02f58cd1cf17: start FollowerState
2019-10-03 08:29:27,233 [027d15f8-0321-42a1-b7d1-02f58cd1cf17@group-03369A945C4D-LeaderElection32] INFO  impl.LeaderElection (LeaderElection.java:askForVotes(178)) - 027d15f8-0321-42a1-b7d1-02f58cd1cf17@group-03369A945C4D-LeaderElection32: begin an election at term 1 for -1: [027d15f8-0321-42a1-b7d1-02f58cd1cf17:192.168.151.98:37781], old=null
2019-10-03 08:29:27,235 [027d15f8-0321-42a1-b7d1-02f58cd1cf17@group-03369A945C4D-LeaderElection32] INFO  impl.RoleInfo (RoleInfo.java:shutdownLeaderElection(134)) - 027d15f8-0321-42a1-b7d1-02f58cd1cf17: shutdown LeaderElection
2019-10-03 08:29:27,235 [027d15f8-0321-42a1-b7d1-02f58cd1cf17@group-03369A945C4D-LeaderElection32] INFO  impl.RaftServerImpl (RaftServerImpl.java:setRole(170)) - 027d15f8-0321-42a1-b7d1-02f58cd1cf17@group-03369A945C4D: changes role from CANDIDATE to LEADER at term 1 for changeToLeader
2019-10-03 08:29:27,235 [027d15f8-0321-42a1-b7d1-02f58cd1cf17@group-03369A945C4D-LeaderElection32] INFO  impl.RaftServerImpl (ServerState.java:setLeader(255)) - 027d15f8-0321-42a1-b7d1-02f58cd1cf17@group-03369A945C4D: change Leader from null to 027d15f8-0321-42a1-b7d1-02f58cd1cf17 at term 1 for becomeLeader, leader elected after 5183ms
2019-10-03 08:29:27,242 [027d15f8-0321-42a1-b7d1-02f58cd1cf17@group-03369A945C4D-LeaderElection32] INFO  server.RaftServerConfigKeys (ConfUtils.java:logGet(43)) - raft.server.staging.catchup.gap = 1000 (default)
2019-10-03 08:29:27,243 [027d15f8-0321-42a1-b7d1-02f58cd1cf17@group-03369A945C4D-LeaderElection32] INFO  server.RaftServerConfigKeys (ConfUtils.java:logGet(43)) - raft.server.rpc.sleep.time = 25ms (default)
2019-10-03 08:29:27,243 [027d15f8-0321-42a1-b7d1-02f58cd1cf17@group-03369A945C4D-LeaderElection32] INFO  server.RaftServerConfigKeys (ConfUtils.java:logGet(43)) - raft.server.write.element-limit = 4096 (default)
2019-10-03 08:29:27,245 [027d15f8-0321-42a1-b7d1-02f58cd1cf17@group-03369A945C4D-LeaderElection32] INFO  server.RaftServerConfigKeys (ConfUtils.java:logGet(43)) - raft.server.watch.timeout = 10s (default)
2019-10-03 08:29:27,245 [027d15f8-0321-42a1-b7d1-02f58cd1cf17@group-03369A945C4D-LeaderElection32] INFO  server.RaftServerConfigKeys (ConfUtils.java:logGet(43)) - raft.server.watch.timeout.denomination = 1s (default)
2019-10-03 08:29:27,245 [027d15f8-0321-42a1-b7d1-02f58cd1cf17@group-03369A945C4D-LeaderElection32] INFO  server.RaftServerConfigKeys (ConfUtils.java:logGet(43)) - raft.server.watch.element-limit = 65536 (default)
2019-10-03 08:29:27,245 [f69a3bb4-5ce3-4f3a-a5ec-57530bf8bb38@group-269E35724743-LeaderElection30] INFO  impl.LeaderElection (LeaderElection.java:logAndReturn(56)) - f69a3bb4-5ce3-4f3a-a5ec-57530bf8bb38@group-269E35724743-LeaderElection30: Election DISCOVERED_A_NEW_TERM; received 1 response(s) [f69a3bb4-5ce3-4f3a-a5ec-57530bf8bb38<-e99ec86c-eb11-4984-811e-cb8f4c6ed7f5#0:FAIL-t2] and 0 exception(s); f69a3bb4-5ce3-4f3a-a5ec-57530bf8bb38@group-269E35724743:t1, leader=null, voted=f69a3bb4-5ce3-4f3a-a5ec-57530bf8bb38, raftlog=f69a3bb4-5ce3-4f3a-a5ec-57530bf8bb38@group-269E35724743-SegmentedRaftLog:OPENED:c-1,f-1,i0, conf=-1: [027d15f8-0321-42a1-b7d1-02f58cd1cf17:192.168.151.98:37781, f69a3bb4-5ce3-4f3a-a5ec-57530bf8bb38:192.168.151.98:33249, e99ec86c-eb11-4984-811e-cb8f4c6ed7f5:192.168.151.98:36669], old=null
2019-10-03 08:29:27,245 [f69a3bb4-5ce3-4f3a-a5ec-57530bf8bb38@group-269E35724743-LeaderElection30] INFO  impl.RaftServerImpl (RaftServerImpl.java:setRole(170)) - f69a3bb4-5ce3-4f3a-a5ec-57530bf8bb38@group-269E35724743: changes role from CANDIDATE to FOLLOWER at term 2 for DISCOVERED_A_NEW_TERM
2019-10-03 08:29:27,245 [f69a3bb4-5ce3-4f3a-a5ec-57530bf8bb38@group-269E35724743-LeaderElection30] INFO  impl.RoleInfo (RoleInfo.java:shutdownLeaderElection(134)) - f69a3bb4-5ce3-4f3a-a5ec-57530bf8bb38: shutdown LeaderElection
2019-10-03 08:29:27,246 [f69a3bb4-5ce3-4f3a-a5ec-57530bf8bb38@group-269E35724743-LeaderElection30] INFO  impl.RoleInfo (RoleInfo.java:updateAndGet(143)) - f69a3bb4-5ce3-4f3a-a5ec-57530bf8bb38: start FollowerState
2019-10-03 08:29:27,246 [grpc-default-executor-8] INFO  impl.RaftServerImpl (RaftServerImpl.java:setRole(170)) - 027d15f8-0321-42a1-b7d1-02f58cd1cf17@group-269E35724743: changes role from  FOLLOWER to FOLLOWER at term 2 for recognizeCandidate:e99ec86c-eb11-4984-811e-cb8f4c6ed7f5
2019-10-03 08:29:27,248 [grpc-default-executor-8] INFO  impl.RoleInfo (RoleInfo.java:shutdownFollowerState(121)) - 027d15f8-0321-42a1-b7d1-02f58cd1cf17: shutdown FollowerState
2019-10-03 08:29:27,248 [grpc-default-executor-8] INFO  impl.RoleInfo (RoleInfo.java:updateAndGet(143)) - 027d15f8-0321-42a1-b7d1-02f58cd1cf17: start FollowerState
2019-10-03 08:29:27,248 [Thread-1457] INFO  impl.FollowerState (FollowerState.java:run(117)) - 027d15f8-0321-42a1-b7d1-02f58cd1cf17@group-269E35724743-FollowerState was interrupted: java.lang.InterruptedException: sleep interrupted
2019-10-03 08:29:27,252 [grpc-default-executor-4] INFO  impl.RaftServerImpl (RaftServerImpl.java:setRole(170)) - f69a3bb4-5ce3-4f3a-a5ec-57530bf8bb38@group-269E35724743: changes role from  FOLLOWER to FOLLOWER at term 2 for recognizeCandidate:e99ec86c-eb11-4984-811e-cb8f4c6ed7f5
2019-10-03 08:29:27,252 [grpc-default-executor-4] INFO  impl.RoleInfo (RoleInfo.java:shutdownFollowerState(121)) - f69a3bb4-5ce3-4f3a-a5ec-57530bf8bb38: shutdown FollowerState
2019-10-03 08:29:27,252 [grpc-default-executor-4] INFO  impl.RoleInfo (RoleInfo.java:updateAndGet(143)) - f69a3bb4-5ce3-4f3a-a5ec-57530bf8bb38: start FollowerState
2019-10-03 08:29:27,252 [Thread-1459] INFO  impl.FollowerState (FollowerState.java:run(117)) - f69a3bb4-5ce3-4f3a-a5ec-57530bf8bb38@group-269E35724743-FollowerState was interrupted: java.lang.InterruptedException: sleep interrupted
2019-10-03 08:29:27,253 [027d15f8-0321-42a1-b7d1-02f58cd1cf17@group-03369A945C4D-LeaderElection32] INFO  impl.RoleInfo (RoleInfo.java:updateAndGet(143)) - 027d15f8-0321-42a1-b7d1-02f58cd1cf17: start LeaderState
2019-10-03 08:29:27,255 [027d15f8-0321-42a1-b7d1-02f58cd1cf17@group-03369A945C4D-LeaderElection32] INFO  segmented.SegmentedRaftLogWorker (SegmentedRaftLogWorker.java:startLogSegment(385)) - 027d15f8-0321-42a1-b7d1-02f58cd1cf17@group-03369A945C4D-SegmentedRaftLogWorker: Starting segment from index:0
2019-10-03 08:29:27,255 [027d15f8-0321-42a1-b7d1-02f58cd1cf17@group-03369A945C4D-LeaderElection32] INFO  impl.RaftServerImpl (ServerState.java:setRaftConf(356)) - 027d15f8-0321-42a1-b7d1-02f58cd1cf17@group-03369A945C4D: set configuration 0: [027d15f8-0321-42a1-b7d1-02f58cd1cf17:192.168.151.98:37781], old=null at 0
2019-10-03 08:29:27,287 [027d15f8-0321-42a1-b7d1-02f58cd1cf17@group-03369A945C4D-SegmentedRaftLogWorker] INFO  segmented.SegmentedRaftLogWorker (SegmentedRaftLogWorker.java:execute(574)) - 027d15f8-0321-42a1-b7d1-02f58cd1cf17@group-03369A945C4D-SegmentedRaftLogWorker: created new log segment /workdir/hadoop-ozone/integration-test/target/test-dir/MiniOzoneClusterImpl-60ce1093-8766-48da-b969-ec4fc1066279/datanode-2/data/ratis/2bff9f21-e619-4511-b67f-03369a945c4d/current/log_inprogress_0
2019-10-03 08:29:27,294 [Thread-1407] INFO  impl.FollowerState (FollowerState.java:run(108)) - 38f53f2a-cf58-47fe-b3dc-c7b51a12a8a1@group-01B9197FB186-FollowerState: change to CANDIDATE, lastRpcTime:5107ms, electionTimeout:5107ms
2019-10-03 08:29:27,294 [Thread-1407] INFO  impl.RoleInfo (RoleInfo.java:shutdownFollowerState(121)) - 38f53f2a-cf58-47fe-b3dc-c7b51a12a8a1: shutdown FollowerState
2019-10-03 08:29:27,294 [Thread-1407] INFO  impl.RaftServerImpl (RaftServerImpl.java:setRole(170)) - 38f53f2a-cf58-47fe-b3dc-c7b51a12a8a1@group-01B9197FB186: changes role from  FOLLOWER to CANDIDATE at term 0 for changeToCandidate
2019-10-03 08:29:27,294 [Thread-1407] INFO  impl.RoleInfo (RoleInfo.java:updateAndGet(143)) - 38f53f2a-cf58-47fe-b3dc-c7b51a12a8a1: start LeaderElection
2019-10-03 08:29:27,314 [38f53f2a-cf58-47fe-b3dc-c7b51a12a8a1@group-01B9197FB186-LeaderElection33] INFO  impl.LeaderElection (LeaderElection.java:askForVotes(178)) - 38f53f2a-cf58-47fe-b3dc-c7b51a12a8a1@group-01B9197FB186-LeaderElection33: begin an election at term 1 for -1: [38f53f2a-cf58-47fe-b3dc-c7b51a12a8a1:192.168.151.98:35394], old=null
2019-10-03 08:29:27,314 [38f53f2a-cf58-47fe-b3dc-c7b51a12a8a1@group-01B9197FB186-LeaderElection33] INFO  impl.RoleInfo (RoleInfo.java:shutdownLeaderElection(134)) - 38f53f2a-cf58-47fe-b3dc-c7b51a12a8a1: shutdown LeaderElection
2019-10-03 08:29:27,314 [38f53f2a-cf58-47fe-b3dc-c7b51a12a8a1@group-01B9197FB186-LeaderElection33] INFO  impl.RaftServerImpl (RaftServerImpl.java:setRole(170)) - 38f53f2a-cf58-47fe-b3dc-c7b51a12a8a1@group-01B9197FB186: changes role from CANDIDATE to LEADER at term 1 for changeToLeader
2019-10-03 08:29:27,314 [38f53f2a-cf58-47fe-b3dc-c7b51a12a8a1@group-01B9197FB186-LeaderElection33] INFO  impl.RaftServerImpl (ServerState.java:setLeader(255)) - 38f53f2a-cf58-47fe-b3dc-c7b51a12a8a1@group-01B9197FB186: change Leader from null to 38f53f2a-cf58-47fe-b3dc-c7b51a12a8a1 at term 1 for becomeLeader, leader elected after 5133ms
2019-10-03 08:29:27,314 [38f53f2a-cf58-47fe-b3dc-c7b51a12a8a1@group-01B9197FB186-LeaderElection33] INFO  server.RaftServerConfigKeys (ConfUtils.java:logGet(43)) - raft.server.staging.catchup.gap = 1000 (default)
2019-10-03 08:29:27,315 [38f53f2a-cf58-47fe-b3dc-c7b51a12a8a1@group-01B9197FB186-LeaderElection33] INFO  server.RaftServerConfigKeys (ConfUtils.java:logGet(43)) - raft.server.rpc.sleep.time = 25ms (default)
2019-10-03 08:29:27,315 [38f53f2a-cf58-47fe-b3dc-c7b51a12a8a1@group-01B9197FB186-LeaderElection33] INFO  server.RaftServerConfigKeys (ConfUtils.java:logGet(43)) - raft.server.write.element-limit = 4096 (default)
2019-10-03 08:29:27,315 [38f53f2a-cf58-47fe-b3dc-c7b51a12a8a1@group-01B9197FB186-LeaderElection33] INFO  server.RaftServerConfigKeys (ConfUtils.java:logGet(43)) - raft.server.watch.timeout = 10s (default)
2019-10-03 08:29:27,315 [38f53f2a-cf58-47fe-b3dc-c7b51a12a8a1@group-01B9197FB186-LeaderElection33] INFO  server.RaftServerConfigKeys (ConfUtils.java:logGet(43)) - raft.server.watch.timeout.denomination = 1s (default)
2019-10-03 08:29:27,315 [38f53f2a-cf58-47fe-b3dc-c7b51a12a8a1@group-01B9197FB186-LeaderElection33] INFO  server.RaftServerConfigKeys (ConfUtils.java:logGet(43)) - raft.server.watch.element-limit = 65536 (default)
2019-10-03 08:29:27,316 [38f53f2a-cf58-47fe-b3dc-c7b51a12a8a1@group-01B9197FB186-LeaderElection33] INFO  impl.RoleInfo (RoleInfo.java:updateAndGet(143)) - 38f53f2a-cf58-47fe-b3dc-c7b51a12a8a1: start LeaderState
2019-10-03 08:29:27,316 [38f53f2a-cf58-47fe-b3dc-c7b51a12a8a1@group-01B9197FB186-LeaderElection33] INFO  segmented.SegmentedRaftLogWorker (SegmentedRaftLogWorker.java:startLogSegment(385)) - 38f53f2a-cf58-47fe-b3dc-c7b51a12a8a1@group-01B9197FB186-SegmentedRaftLogWorker: Starting segment from index:0
2019-10-03 08:29:27,317 [38f53f2a-cf58-47fe-b3dc-c7b51a12a8a1@group-01B9197FB186-LeaderElection33] INFO  impl.RaftServerImpl (ServerState.java:setRaftConf(356)) - 38f53f2a-cf58-47fe-b3dc-c7b51a12a8a1@group-01B9197FB186: set configuration 0: [38f53f2a-cf58-47fe-b3dc-c7b51a12a8a1:192.168.151.98:35394], old=null at 0
2019-10-03 08:29:27,355 [38f53f2a-cf58-47fe-b3dc-c7b51a12a8a1@group-01B9197FB186-SegmentedRaftLogWorker] INFO  segmented.SegmentedRaftLogWorker (SegmentedRaftLogWorker.java:execute(574)) - 38f53f2a-cf58-47fe-b3dc-c7b51a12a8a1@group-01B9197FB186-SegmentedRaftLogWorker: created new log segment /workdir/hadoop-ozone/integration-test/target/test-dir/MiniOzoneClusterImpl-60ce1093-8766-48da-b969-ec4fc1066279/datanode-4/data/ratis/4171549f-9cb0-45ab-beec-01b9197fb186/current/log_inprogress_0
2019-10-03 08:29:27,373 [Thread-1416] INFO  impl.FollowerState (FollowerState.java:run(108)) - c06ef47c-1ddd-452c-8af6-f1545fd4e968@group-78C05A27F679-FollowerState: change to CANDIDATE, lastRpcTime:5020ms, electionTimeout:5020ms
2019-10-03 08:29:27,373 [Thread-1416] INFO  impl.RoleInfo (RoleInfo.java:shutdownFollowerState(121)) - c06ef47c-1ddd-452c-8af6-f1545fd4e968: shutdown FollowerState
2019-10-03 08:29:27,373 [Thread-1416] INFO  impl.RaftServerImpl (RaftServerImpl.java:setRole(170)) - c06ef47c-1ddd-452c-8af6-f1545fd4e968@group-78C05A27F679: changes role from  FOLLOWER to CANDIDATE at term 0 for changeToCandidate
2019-10-03 08:29:27,374 [Thread-1416] INFO  impl.RoleInfo (RoleInfo.java:updateAndGet(143)) - c06ef47c-1ddd-452c-8af6-f1545fd4e968: start LeaderElection
2019-10-03 08:29:27,393 [c06ef47c-1ddd-452c-8af6-f1545fd4e968@group-78C05A27F679-LeaderElection34] INFO  impl.LeaderElection (LeaderElection.java:askForVotes(178)) - c06ef47c-1ddd-452c-8af6-f1545fd4e968@group-78C05A27F679-LeaderElection34: begin an election at term 1 for -1: [c06ef47c-1ddd-452c-8af6-f1545fd4e968:192.168.151.98:36884], old=null
2019-10-03 08:29:27,393 [c06ef47c-1ddd-452c-8af6-f1545fd4e968@group-78C05A27F679-LeaderElection34] INFO  impl.RoleInfo (RoleInfo.java:shutdownLeaderElection(134)) - c06ef47c-1ddd-452c-8af6-f1545fd4e968: shutdown LeaderElection
2019-10-03 08:29:27,393 [c06ef47c-1ddd-452c-8af6-f1545fd4e968@group-78C05A27F679-LeaderElection34] INFO  impl.RaftServerImpl (RaftServerImpl.java:setRole(170)) - c06ef47c-1ddd-452c-8af6-f1545fd4e968@group-78C05A27F679: changes role from CANDIDATE to LEADER at term 1 for changeToLeader
2019-10-03 08:29:27,393 [c06ef47c-1ddd-452c-8af6-f1545fd4e968@group-78C05A27F679-LeaderElection34] INFO  impl.RaftServerImpl (ServerState.java:setLeader(255)) - c06ef47c-1ddd-452c-8af6-f1545fd4e968@group-78C05A27F679: change Leader from null to c06ef47c-1ddd-452c-8af6-f1545fd4e968 at term 1 for becomeLeader, leader elected after 5046ms
2019-10-03 08:29:27,393 [c06ef47c-1ddd-452c-8af6-f1545fd4e968@group-78C05A27F679-LeaderElection34] INFO  server.RaftServerConfigKeys (ConfUtils.java:logGet(43)) - raft.server.staging.catchup.gap = 1000 (default)
2019-10-03 08:29:27,393 [c06ef47c-1ddd-452c-8af6-f1545fd4e968@group-78C05A27F679-LeaderElection34] INFO  server.RaftServerConfigKeys (ConfUtils.java:logGet(43)) - raft.server.rpc.sleep.time = 25ms (default)
2019-10-03 08:29:27,394 [c06ef47c-1ddd-452c-8af6-f1545fd4e968@group-78C05A27F679-LeaderElection34] INFO  server.RaftServerConfigKeys (ConfUtils.java:logGet(43)) - raft.server.write.element-limit = 4096 (default)
2019-10-03 08:29:27,394 [c06ef47c-1ddd-452c-8af6-f1545fd4e968@group-78C05A27F679-LeaderElection34] INFO  server.RaftServerConfigKeys (ConfUtils.java:logGet(43)) - raft.server.watch.timeout = 10s (default)
2019-10-03 08:29:27,394 [c06ef47c-1ddd-452c-8af6-f1545fd4e968@group-78C05A27F679-LeaderElection34] INFO  server.RaftServerConfigKeys (ConfUtils.java:logGet(43)) - raft.server.watch.timeout.denomination = 1s (default)
2019-10-03 08:29:27,394 [c06ef47c-1ddd-452c-8af6-f1545fd4e968@group-78C05A27F679-LeaderElection34] INFO  server.RaftServerConfigKeys (ConfUtils.java:logGet(43)) - raft.server.watch.element-limit = 65536 (default)
2019-10-03 08:29:27,396 [c06ef47c-1ddd-452c-8af6-f1545fd4e968@group-78C05A27F679-LeaderElection34] INFO  impl.RoleInfo (RoleInfo.java:updateAndGet(143)) - c06ef47c-1ddd-452c-8af6-f1545fd4e968: start LeaderState
2019-10-03 08:29:27,397 [c06ef47c-1ddd-452c-8af6-f1545fd4e968@group-78C05A27F679-LeaderElection34] INFO  segmented.SegmentedRaftLogWorker (SegmentedRaftLogWorker.java:startLogSegment(385)) - c06ef47c-1ddd-452c-8af6-f1545fd4e968@group-78C05A27F679-SegmentedRaftLogWorker: Starting segment from index:0
2019-10-03 08:29:27,397 [c06ef47c-1ddd-452c-8af6-f1545fd4e968@group-78C05A27F679-LeaderElection34] INFO  impl.RaftServerImpl (ServerState.java:setRaftConf(356)) - c06ef47c-1ddd-452c-8af6-f1545fd4e968@group-78C05A27F679: set configuration 0: [c06ef47c-1ddd-452c-8af6-f1545fd4e968:192.168.151.98:36884], old=null at 0
2019-10-03 08:29:27,413 [Thread-1410] INFO  impl.FollowerState (FollowerState.java:run(108)) - 3b7cc910-10f8-4979-8256-e97d5cd0d810@group-C04BC4AB960A-FollowerState: change to CANDIDATE, lastRpcTime:5170ms, electionTimeout:5170ms
2019-10-03 08:29:27,413 [Thread-1410] INFO  impl.RoleInfo (RoleInfo.java:shutdownFollowerState(121)) - 3b7cc910-10f8-4979-8256-e97d5cd0d810: shutdown FollowerState
2019-10-03 08:29:27,413 [Thread-1410] INFO  impl.RaftServerImpl (RaftServerImpl.java:setRole(170)) - 3b7cc910-10f8-4979-8256-e97d5cd0d810@group-C04BC4AB960A: changes role from  FOLLOWER to CANDIDATE at term 0 for changeToCandidate
2019-10-03 08:29:27,414 [Thread-1410] INFO  impl.RoleInfo (RoleInfo.java:updateAndGet(143)) - 3b7cc910-10f8-4979-8256-e97d5cd0d810: start LeaderElection
2019-10-03 08:29:27,439 [Thread-1423] INFO  impl.FollowerState (FollowerState.java:run(108)) - ee0c9867-92ce-4d9b-aa3b-f8b15b6fea11@group-E7C963F93172-FollowerState: change to CANDIDATE, lastRpcTime:5024ms, electionTimeout:5021ms
2019-10-03 08:29:27,444 [Thread-1423] INFO  impl.RoleInfo (RoleInfo.java:shutdownFollowerState(121)) - ee0c9867-92ce-4d9b-aa3b-f8b15b6fea11: shutdown FollowerState
2019-10-03 08:29:27,444 [Thread-1423] INFO  impl.RaftServerImpl (RaftServerImpl.java:setRole(170)) - ee0c9867-92ce-4d9b-aa3b-f8b15b6fea11@group-E7C963F93172: changes role from  FOLLOWER to CANDIDATE at term 0 for changeToCandidate
2019-10-03 08:29:27,445 [Thread-1423] INFO  impl.RoleInfo (RoleInfo.java:updateAndGet(143)) - ee0c9867-92ce-4d9b-aa3b-f8b15b6fea11: start LeaderElection
2019-10-03 08:29:27,453 [c06ef47c-1ddd-452c-8af6-f1545fd4e968@group-78C05A27F679-SegmentedRaftLogWorker] INFO  segmented.SegmentedRaftLogWorker (SegmentedRaftLogWorker.java:execute(574)) - c06ef47c-1ddd-452c-8af6-f1545fd4e968@group-78C05A27F679-SegmentedRaftLogWorker: created new log segment /workdir/hadoop-ozone/integration-test/target/test-dir/MiniOzoneClusterImpl-60ce1093-8766-48da-b969-ec4fc1066279/datanode-6/data/ratis/dcdd7b48-4d25-426d-b925-78c05a27f679/current/log_inprogress_0
2019-10-03 08:29:27,453 [3b7cc910-10f8-4979-8256-e97d5cd0d810@group-C04BC4AB960A-LeaderElection35] INFO  impl.LeaderElection (LeaderElection.java:askForVotes(178)) - 3b7cc910-10f8-4979-8256-e97d5cd0d810@group-C04BC4AB960A-LeaderElection35: begin an election at term 1 for -1: [3b7cc910-10f8-4979-8256-e97d5cd0d810:192.168.151.98:45006], old=null
2019-10-03 08:29:27,453 [3b7cc910-10f8-4979-8256-e97d5cd0d810@group-C04BC4AB960A-LeaderElection35] INFO  impl.RoleInfo (RoleInfo.java:shutdownLeaderElection(134)) - 3b7cc910-10f8-4979-8256-e97d5cd0d810: shutdown LeaderElection
2019-10-03 08:29:27,453 [3b7cc910-10f8-4979-8256-e97d5cd0d810@group-C04BC4AB960A-LeaderElection35] INFO  impl.RaftServerImpl (RaftServerImpl.java:setRole(170)) - 3b7cc910-10f8-4979-8256-e97d5cd0d810@group-C04BC4AB960A: changes role from CANDIDATE to LEADER at term 1 for changeToLeader
2019-10-03 08:29:27,454 [3b7cc910-10f8-4979-8256-e97d5cd0d810@group-C04BC4AB960A-LeaderElection35] INFO  impl.RaftServerImpl (ServerState.java:setLeader(255)) - 3b7cc910-10f8-4979-8256-e97d5cd0d810@group-C04BC4AB960A: change Leader from null to 3b7cc910-10f8-4979-8256-e97d5cd0d810 at term 1 for becomeLeader, leader elected after 5216ms
2019-10-03 08:29:27,454 [3b7cc910-10f8-4979-8256-e97d5cd0d810@group-C04BC4AB960A-LeaderElection35] INFO  server.RaftServerConfigKeys (ConfUtils.java:logGet(43)) - raft.server.staging.catchup.gap = 1000 (default)
2019-10-03 08:29:27,454 [3b7cc910-10f8-4979-8256-e97d5cd0d810@group-C04BC4AB960A-LeaderElection35] INFO  server.RaftServerConfigKeys (ConfUtils.java:logGet(43)) - raft.server.rpc.sleep.time = 25ms (default)
2019-10-03 08:29:27,454 [ee0c9867-92ce-4d9b-aa3b-f8b15b6fea11@group-E7C963F93172-LeaderElection36] INFO  impl.LeaderElection (LeaderElection.java:askForVotes(178)) - ee0c9867-92ce-4d9b-aa3b-f8b15b6fea11@group-E7C963F93172-LeaderElection36: begin an election at term 1 for -1: [38f53f2a-cf58-47fe-b3dc-c7b51a12a8a1:192.168.151.98:35394, ee0c9867-92ce-4d9b-aa3b-f8b15b6fea11:192.168.151.98:38561, 3b7cc910-10f8-4979-8256-e97d5cd0d810:192.168.151.98:45006], old=null
2019-10-03 08:29:27,454 [3b7cc910-10f8-4979-8256-e97d5cd0d810@group-C04BC4AB960A-LeaderElection35] INFO  server.RaftServerConfigKeys (ConfUtils.java:logGet(43)) - raft.server.write.element-limit = 4096 (default)
2019-10-03 08:29:27,454 [3b7cc910-10f8-4979-8256-e97d5cd0d810@group-C04BC4AB960A-LeaderElection35] INFO  server.RaftServerConfigKeys (ConfUtils.java:logGet(43)) - raft.server.watch.timeout = 10s (default)
2019-10-03 08:29:27,454 [3b7cc910-10f8-4979-8256-e97d5cd0d810@group-C04BC4AB960A-LeaderElection35] INFO  server.RaftServerConfigKeys (ConfUtils.java:logGet(43)) - raft.server.watch.timeout.denomination = 1s (default)
2019-10-03 08:29:27,454 [3b7cc910-10f8-4979-8256-e97d5cd0d810@group-C04BC4AB960A-LeaderElection35] INFO  server.RaftServerConfigKeys (ConfUtils.java:logGet(43)) - raft.server.watch.element-limit = 65536 (default)
2019-10-03 08:29:27,457 [3b7cc910-10f8-4979-8256-e97d5cd0d810@group-C04BC4AB960A-LeaderElection35] INFO  impl.RoleInfo (RoleInfo.java:updateAndGet(143)) - 3b7cc910-10f8-4979-8256-e97d5cd0d810: start LeaderState
2019-10-03 08:29:27,458 [3b7cc910-10f8-4979-8256-e97d5cd0d810@group-C04BC4AB960A-LeaderElection35] INFO  segmented.SegmentedRaftLogWorker (SegmentedRaftLogWorker.java:startLogSegment(385)) - 3b7cc910-10f8-4979-8256-e97d5cd0d810@group-C04BC4AB960A-SegmentedRaftLogWorker: Starting segment from index:0
2019-10-03 08:29:27,461 [3b7cc910-10f8-4979-8256-e97d5cd0d810@group-C04BC4AB960A-LeaderElection35] INFO  impl.RaftServerImpl (ServerState.java:setRaftConf(356)) - 3b7cc910-10f8-4979-8256-e97d5cd0d810@group-C04BC4AB960A: set configuration 0: [3b7cc910-10f8-4979-8256-e97d5cd0d810:192.168.151.98:45006], old=null at 0
2019-10-03 08:29:27,461 [grpc-default-executor-4] INFO  impl.RaftServerImpl (RaftServerImpl.java:setRole(170)) - 3b7cc910-10f8-4979-8256-e97d5cd0d810@group-E7C963F93172: changes role from  FOLLOWER to FOLLOWER at term 1 for recognizeCandidate:ee0c9867-92ce-4d9b-aa3b-f8b15b6fea11
2019-10-03 08:29:27,498 [grpc-default-executor-8] INFO  impl.RaftServerImpl (RaftServerImpl.java:setRole(170)) - 38f53f2a-cf58-47fe-b3dc-c7b51a12a8a1@group-E7C963F93172: changes role from  FOLLOWER to FOLLOWER at term 1 for recognizeCandidate:ee0c9867-92ce-4d9b-aa3b-f8b15b6fea11
2019-10-03 08:29:27,498 [Thread-1413] INFO  impl.FollowerState (FollowerState.java:run(108)) - ee0c9867-92ce-4d9b-aa3b-f8b15b6fea11@group-9F7DFE70B23D-FollowerState: change to CANDIDATE, lastRpcTime:5194ms, electionTimeout:5179ms
2019-10-03 08:29:27,499 [grpc-default-executor-4] INFO  impl.RoleInfo (RoleInfo.java:shutdownFollowerState(121)) - 3b7cc910-10f8-4979-8256-e97d5cd0d810: shutdown FollowerState
2019-10-03 08:29:27,498 [grpc-default-executor-8] INFO  impl.RoleInfo (RoleInfo.java:shutdownFollowerState(121)) - 38f53f2a-cf58-47fe-b3dc-c7b51a12a8a1: shutdown FollowerState
2019-10-03 08:29:27,499 [Thread-1424] INFO  impl.FollowerState (FollowerState.java:run(117)) - 3b7cc910-10f8-4979-8256-e97d5cd0d810@group-E7C963F93172-FollowerState was interrupted: java.lang.InterruptedException: sleep interrupted
2019-10-03 08:29:27,499 [grpc-default-executor-4] INFO  impl.RoleInfo (RoleInfo.java:updateAndGet(143)) - 3b7cc910-10f8-4979-8256-e97d5cd0d810: start FollowerState
2019-10-03 08:29:27,499 [Thread-1413] INFO  impl.RoleInfo (RoleInfo.java:shutdownFollowerState(121)) - ee0c9867-92ce-4d9b-aa3b-f8b15b6fea11: shutdown FollowerState
2019-10-03 08:29:27,499 [Thread-1419] INFO  impl.FollowerState (FollowerState.java:run(117)) - 38f53f2a-cf58-47fe-b3dc-c7b51a12a8a1@group-E7C963F93172-FollowerState was interrupted: java.lang.InterruptedException: sleep interrupted
2019-10-03 08:29:27,499 [grpc-default-executor-8] INFO  impl.RoleInfo (RoleInfo.java:updateAndGet(143)) - 38f53f2a-cf58-47fe-b3dc-c7b51a12a8a1: start FollowerState
2019-10-03 08:29:27,505 [Thread-1413] INFO  impl.RaftServerImpl (RaftServerImpl.java:setRole(170)) - ee0c9867-92ce-4d9b-aa3b-f8b15b6fea11@group-9F7DFE70B23D: changes role from  FOLLOWER to CANDIDATE at term 0 for changeToCandidate
2019-10-03 08:29:27,505 [Thread-1413] INFO  impl.RoleInfo (RoleInfo.java:updateAndGet(143)) - ee0c9867-92ce-4d9b-aa3b-f8b15b6fea11: start LeaderElection
2019-10-03 08:29:27,512 [3b7cc910-10f8-4979-8256-e97d5cd0d810@group-C04BC4AB960A-SegmentedRaftLogWorker] INFO  segmented.SegmentedRaftLogWorker (SegmentedRaftLogWorker.java:execute(574)) - 3b7cc910-10f8-4979-8256-e97d5cd0d810@group-C04BC4AB960A-SegmentedRaftLogWorker: created new log segment /workdir/hadoop-ozone/integration-test/target/test-dir/MiniOzoneClusterImpl-60ce1093-8766-48da-b969-ec4fc1066279/datanode-3/data/ratis/b6315005-5585-4c89-b8f8-c04bc4ab960a/current/log_inprogress_0
2019-10-03 08:29:27,522 [ee0c9867-92ce-4d9b-aa3b-f8b15b6fea11@group-E7C963F93172-LeaderElection36] INFO  impl.LeaderElection (LeaderElection.java:logAndReturn(56)) - ee0c9867-92ce-4d9b-aa3b-f8b15b6fea11@group-E7C963F93172-LeaderElection36: Election PASSED; received 1 response(s) [ee0c9867-92ce-4d9b-aa3b-f8b15b6fea11<-38f53f2a-cf58-47fe-b3dc-c7b51a12a8a1#0:OK-t1] and 0 exception(s); ee0c9867-92ce-4d9b-aa3b-f8b15b6fea11@group-E7C963F93172:t1, leader=null, voted=ee0c9867-92ce-4d9b-aa3b-f8b15b6fea11, raftlog=ee0c9867-92ce-4d9b-aa3b-f8b15b6fea11@group-E7C963F93172-SegmentedRaftLog:OPENED:c-1,f-1,i0, conf=-1: [38f53f2a-cf58-47fe-b3dc-c7b51a12a8a1:192.168.151.98:35394, ee0c9867-92ce-4d9b-aa3b-f8b15b6fea11:192.168.151.98:38561, 3b7cc910-10f8-4979-8256-e97d5cd0d810:192.168.151.98:45006], old=null
2019-10-03 08:29:27,523 [ee0c9867-92ce-4d9b-aa3b-f8b15b6fea11@group-E7C963F93172-LeaderElection36] INFO  impl.RoleInfo (RoleInfo.java:shutdownLeaderElection(134)) - ee0c9867-92ce-4d9b-aa3b-f8b15b6fea11: shutdown LeaderElection
2019-10-03 08:29:27,524 [ee0c9867-92ce-4d9b-aa3b-f8b15b6fea11@group-E7C963F93172-LeaderElection36] INFO  impl.RaftServerImpl (RaftServerImpl.java:setRole(170)) - ee0c9867-92ce-4d9b-aa3b-f8b15b6fea11@group-E7C963F93172: changes role from CANDIDATE to LEADER at term 1 for changeToLeader
2019-10-03 08:29:27,524 [ee0c9867-92ce-4d9b-aa3b-f8b15b6fea11@group-E7C963F93172-LeaderElection36] INFO  impl.RaftServerImpl (ServerState.java:setLeader(255)) - ee0c9867-92ce-4d9b-aa3b-f8b15b6fea11@group-E7C963F93172: change Leader from null to ee0c9867-92ce-4d9b-aa3b-f8b15b6fea11 at term 1 for becomeLeader, leader elected after 5120ms
2019-10-03 08:29:27,524 [ee0c9867-92ce-4d9b-aa3b-f8b15b6fea11@group-E7C963F93172-LeaderElection36] INFO  server.RaftServerConfigKeys (ConfUtils.java:logGet(43)) - raft.server.staging.catchup.gap = 1000 (default)
2019-10-03 08:29:27,524 [ee0c9867-92ce-4d9b-aa3b-f8b15b6fea11@group-E7C963F93172-LeaderElection36] INFO  server.RaftServerConfigKeys (ConfUtils.java:logGet(43)) - raft.server.rpc.sleep.time = 25ms (default)
2019-10-03 08:29:27,524 [ee0c9867-92ce-4d9b-aa3b-f8b15b6fea11@group-E7C963F93172-LeaderElection36] INFO  server.RaftServerConfigKeys (ConfUtils.java:logGet(43)) - raft.server.write.element-limit = 4096 (default)
2019-10-03 08:29:27,524 [ee0c9867-92ce-4d9b-aa3b-f8b15b6fea11@group-E7C963F93172-LeaderElection36] INFO  server.RaftServerConfigKeys (ConfUtils.java:logGet(43)) - raft.server.watch.timeout = 10s (default)
2019-10-03 08:29:27,525 [ee0c9867-92ce-4d9b-aa3b-f8b15b6fea11@group-E7C963F93172-LeaderElection36] INFO  server.RaftServerConfigKeys (ConfUtils.java:logGet(43)) - raft.server.watch.timeout.denomination = 1s (default)
2019-10-03 08:29:27,525 [ee0c9867-92ce-4d9b-aa3b-f8b15b6fea11@group-E7C963F93172-LeaderElection36] INFO  server.RaftServerConfigKeys (ConfUtils.java:logGet(43)) - raft.server.watch.element-limit = 65536 (default)
2019-10-03 08:29:27,527 [ee0c9867-92ce-4d9b-aa3b-f8b15b6fea11@group-E7C963F93172-LeaderElection36] INFO  server.RaftServerConfigKeys (ConfUtils.java:logGet(43)) - raft.server.log.appender.snapshot.chunk.size.max = 16MB (=16777216) (default)
2019-10-03 08:29:27,528 [ee0c9867-92ce-4d9b-aa3b-f8b15b6fea11@group-E7C963F93172-LeaderElection36] INFO  server.RaftServerConfigKeys (ConfUtils.java:logGet(43)) - raft.server.log.appender.buffer.byte-limit = 33554432 (custom)
2019-10-03 08:29:27,528 [ee0c9867-92ce-4d9b-aa3b-f8b15b6fea11@group-E7C963F93172-LeaderElection36] INFO  server.RaftServerConfigKeys (ConfUtils.java:logGet(43)) - raft.server.log.appender.buffer.element-limit = 1 (custom)
2019-10-03 08:29:27,528 [ee0c9867-92ce-4d9b-aa3b-f8b15b6fea11@group-E7C963F93172-LeaderElection36] INFO  grpc.GrpcConfigKeys$Server (ConfUtils.java:logGet(43)) - raft.grpc.server.leader.outstanding.appends.max = 128 (default)
2019-10-03 08:29:27,528 [ee0c9867-92ce-4d9b-aa3b-f8b15b6fea11@group-E7C963F93172-LeaderElection36] INFO  server.RaftServerConfigKeys (ConfUtils.java:logGet(43)) - raft.server.rpc.request.timeout = 3000ms (default)
2019-10-03 08:29:27,528 [ee0c9867-92ce-4d9b-aa3b-f8b15b6fea11@group-E7C963F93172-LeaderElection36] INFO  server.RaftServerConfigKeys (ConfUtils.java:logGet(43)) - raft.server.log.appender.install.snapshot.enabled = false (custom)
2019-10-03 08:29:27,529 [ee0c9867-92ce-4d9b-aa3b-f8b15b6fea11@group-E7C963F93172-LeaderElection36] INFO  server.RaftServerConfigKeys (ConfUtils.java:logGet(43)) - raft.server.log.appender.snapshot.chunk.size.max = 16MB (=16777216) (default)
2019-10-03 08:29:27,529 [ee0c9867-92ce-4d9b-aa3b-f8b15b6fea11@group-E7C963F93172-LeaderElection36] INFO  server.RaftServerConfigKeys (ConfUtils.java:logGet(43)) - raft.server.log.appender.buffer.byte-limit = 33554432 (custom)
2019-10-03 08:29:27,529 [ee0c9867-92ce-4d9b-aa3b-f8b15b6fea11@group-E7C963F93172-LeaderElection36] INFO  server.RaftServerConfigKeys (ConfUtils.java:logGet(43)) - raft.server.log.appender.buffer.element-limit = 1 (custom)
2019-10-03 08:29:27,529 [ee0c9867-92ce-4d9b-aa3b-f8b15b6fea11@group-E7C963F93172-LeaderElection36] INFO  grpc.GrpcConfigKeys$Server (ConfUtils.java:logGet(43)) - raft.grpc.server.leader.outstanding.appends.max = 128 (default)
2019-10-03 08:29:27,529 [ee0c9867-92ce-4d9b-aa3b-f8b15b6fea11@group-E7C963F93172-LeaderElection36] INFO  server.RaftServerConfigKeys (ConfUtils.java:logGet(43)) - raft.server.rpc.request.timeout = 3000ms (default)
2019-10-03 08:29:27,530 [ee0c9867-92ce-4d9b-aa3b-f8b15b6fea11@group-E7C963F93172-LeaderElection36] INFO  server.RaftServerConfigKeys (ConfUtils.java:logGet(43)) - raft.server.log.appender.install.snapshot.enabled = false (custom)
2019-10-03 08:29:27,530 [ee0c9867-92ce-4d9b-aa3b-f8b15b6fea11@group-E7C963F93172-LeaderElection36] INFO  impl.RoleInfo (RoleInfo.java:updateAndGet(143)) - ee0c9867-92ce-4d9b-aa3b-f8b15b6fea11: start LeaderState
2019-10-03 08:29:27,530 [ee0c9867-92ce-4d9b-aa3b-f8b15b6fea11@group-E7C963F93172-LeaderElection36] INFO  segmented.SegmentedRaftLogWorker (SegmentedRaftLogWorker.java:startLogSegment(385)) - ee0c9867-92ce-4d9b-aa3b-f8b15b6fea11@group-E7C963F93172-SegmentedRaftLogWorker: Starting segment from index:0
2019-10-03 08:29:27,531 [ee0c9867-92ce-4d9b-aa3b-f8b15b6fea11@group-E7C963F93172-LeaderElection36] INFO  impl.RaftServerImpl (ServerState.java:setRaftConf(356)) - ee0c9867-92ce-4d9b-aa3b-f8b15b6fea11@group-E7C963F93172: set configuration 0: [38f53f2a-cf58-47fe-b3dc-c7b51a12a8a1:192.168.151.98:35394, ee0c9867-92ce-4d9b-aa3b-f8b15b6fea11:192.168.151.98:38561, 3b7cc910-10f8-4979-8256-e97d5cd0d810:192.168.151.98:45006], old=null at 0
2019-10-03 08:29:27,532 [ee0c9867-92ce-4d9b-aa3b-f8b15b6fea11@group-9F7DFE70B23D-LeaderElection37] INFO  impl.LeaderElection (LeaderElection.java:askForVotes(178)) - ee0c9867-92ce-4d9b-aa3b-f8b15b6fea11@group-9F7DFE70B23D-LeaderElection37: begin an election at term 1 for -1: [ee0c9867-92ce-4d9b-aa3b-f8b15b6fea11:192.168.151.98:38561], old=null
2019-10-03 08:29:27,559 [ee0c9867-92ce-4d9b-aa3b-f8b15b6fea11@group-9F7DFE70B23D-LeaderElection37] INFO  impl.RoleInfo (RoleInfo.java:shutdownLeaderElection(134)) - ee0c9867-92ce-4d9b-aa3b-f8b15b6fea11: shutdown LeaderElection
2019-10-03 08:29:27,559 [ee0c9867-92ce-4d9b-aa3b-f8b15b6fea11@group-9F7DFE70B23D-LeaderElection37] INFO  impl.RaftServerImpl (RaftServerImpl.java:setRole(170)) - ee0c9867-92ce-4d9b-aa3b-f8b15b6fea11@group-9F7DFE70B23D: changes role from CANDIDATE to LEADER at term 1 for changeToLeader
2019-10-03 08:29:27,560 [ee0c9867-92ce-4d9b-aa3b-f8b15b6fea11@group-9F7DFE70B23D-LeaderElection37] INFO  impl.RaftServerImpl (ServerState.java:setLeader(255)) - ee0c9867-92ce-4d9b-aa3b-f8b15b6fea11@group-9F7DFE70B23D: change Leader from null to ee0c9867-92ce-4d9b-aa3b-f8b15b6fea11 at term 1 for becomeLeader, leader elected after 5264ms
2019-10-03 08:29:27,560 [ee0c9867-92ce-4d9b-aa3b-f8b15b6fea11@group-9F7DFE70B23D-LeaderElection37] INFO  server.RaftServerConfigKeys (ConfUtils.java:logGet(43)) - raft.server.staging.catchup.gap = 1000 (default)
2019-10-03 08:29:27,560 [ee0c9867-92ce-4d9b-aa3b-f8b15b6fea11@group-9F7DFE70B23D-LeaderElection37] INFO  server.RaftServerConfigKeys (ConfUtils.java:logGet(43)) - raft.server.rpc.sleep.time = 25ms (default)
2019-10-03 08:29:27,560 [ee0c9867-92ce-4d9b-aa3b-f8b15b6fea11@group-9F7DFE70B23D-LeaderElection37] INFO  server.RaftServerConfigKeys (ConfUtils.java:logGet(43)) - raft.server.write.element-limit = 4096 (default)
2019-10-03 08:29:27,560 [ee0c9867-92ce-4d9b-aa3b-f8b15b6fea11@group-9F7DFE70B23D-LeaderElection37] INFO  server.RaftServerConfigKeys (ConfUtils.java:logGet(43)) - raft.server.watch.timeout = 10s (default)
2019-10-03 08:29:27,560 [ee0c9867-92ce-4d9b-aa3b-f8b15b6fea11@group-9F7DFE70B23D-LeaderElection37] INFO  server.RaftServerConfigKeys (ConfUtils.java:logGet(43)) - raft.server.watch.timeout.denomination = 1s (default)
2019-10-03 08:29:27,560 [grpc-default-executor-8] INFO  impl.RaftServerImpl (ServerState.java:setLeader(255)) - 38f53f2a-cf58-47fe-b3dc-c7b51a12a8a1@group-E7C963F93172: change Leader from null to ee0c9867-92ce-4d9b-aa3b-f8b15b6fea11 at term 1 for appendEntries, leader elected after 5156ms
2019-10-03 08:29:27,563 [grpc-default-executor-6] INFO  impl.RaftServerImpl (ServerState.java:setLeader(255)) - 3b7cc910-10f8-4979-8256-e97d5cd0d810@group-E7C963F93172: change Leader from null to ee0c9867-92ce-4d9b-aa3b-f8b15b6fea11 at term 1 for appendEntries, leader elected after 5159ms
2019-10-03 08:29:27,560 [ee0c9867-92ce-4d9b-aa3b-f8b15b6fea11@group-9F7DFE70B23D-LeaderElection37] INFO  server.RaftServerConfigKeys (ConfUtils.java:logGet(43)) - raft.server.watch.element-limit = 65536 (default)
2019-10-03 08:29:27,567 [ee0c9867-92ce-4d9b-aa3b-f8b15b6fea11@group-9F7DFE70B23D-LeaderElection37] INFO  impl.RoleInfo (RoleInfo.java:updateAndGet(143)) - ee0c9867-92ce-4d9b-aa3b-f8b15b6fea11: start LeaderState
2019-10-03 08:29:27,567 [grpc-default-executor-6] INFO  impl.RaftServerImpl (ServerState.java:setRaftConf(356)) - 3b7cc910-10f8-4979-8256-e97d5cd0d810@group-E7C963F93172: set configuration 0: [38f53f2a-cf58-47fe-b3dc-c7b51a12a8a1:192.168.151.98:35394, ee0c9867-92ce-4d9b-aa3b-f8b15b6fea11:192.168.151.98:38561, 3b7cc910-10f8-4979-8256-e97d5cd0d810:192.168.151.98:45006], old=null at 0
2019-10-03 08:29:27,567 [ee0c9867-92ce-4d9b-aa3b-f8b15b6fea11@group-9F7DFE70B23D-LeaderElection37] INFO  segmented.SegmentedRaftLogWorker (SegmentedRaftLogWorker.java:startLogSegment(385)) - ee0c9867-92ce-4d9b-aa3b-f8b15b6fea11@group-9F7DFE70B23D-SegmentedRaftLogWorker: Starting segment from index:0
2019-10-03 08:29:27,567 [grpc-default-executor-8] INFO  impl.RaftServerImpl (ServerState.java:setRaftConf(356)) - 38f53f2a-cf58-47fe-b3dc-c7b51a12a8a1@group-E7C963F93172: set configuration 0: [38f53f2a-cf58-47fe-b3dc-c7b51a12a8a1:192.168.151.98:35394, ee0c9867-92ce-4d9b-aa3b-f8b15b6fea11:192.168.151.98:38561, 3b7cc910-10f8-4979-8256-e97d5cd0d810:192.168.151.98:45006], old=null at 0
2019-10-03 08:29:27,567 [grpc-default-executor-6] INFO  segmented.SegmentedRaftLogWorker (SegmentedRaftLogWorker.java:startLogSegment(385)) - 3b7cc910-10f8-4979-8256-e97d5cd0d810@group-E7C963F93172-SegmentedRaftLogWorker: Starting segment from index:0
2019-10-03 08:29:27,568 [ee0c9867-92ce-4d9b-aa3b-f8b15b6fea11@group-9F7DFE70B23D-LeaderElection37] INFO  impl.RaftServerImpl (ServerState.java:setRaftConf(356)) - ee0c9867-92ce-4d9b-aa3b-f8b15b6fea11@group-9F7DFE70B23D: set configuration 0: [ee0c9867-92ce-4d9b-aa3b-f8b15b6fea11:192.168.151.98:38561], old=null at 0
2019-10-03 08:29:27,568 [grpc-default-executor-8] INFO  segmented.SegmentedRaftLogWorker (SegmentedRaftLogWorker.java:startLogSegment(385)) - 38f53f2a-cf58-47fe-b3dc-c7b51a12a8a1@group-E7C963F93172-SegmentedRaftLogWorker: Starting segment from index:0
2019-10-03 08:29:27,572 [ee0c9867-92ce-4d9b-aa3b-f8b15b6fea11@group-E7C963F93172-SegmentedRaftLogWorker] INFO  segmented.SegmentedRaftLogWorker (SegmentedRaftLogWorker.java:execute(574)) - ee0c9867-92ce-4d9b-aa3b-f8b15b6fea11@group-E7C963F93172-SegmentedRaftLogWorker: created new log segment /workdir/hadoop-ozone/integration-test/target/test-dir/MiniOzoneClusterImpl-60ce1093-8766-48da-b969-ec4fc1066279/datanode-5/data/ratis/5f4781aa-9046-4646-8675-e7c963f93172/current/log_inprogress_0
2019-10-03 08:29:27,609 [3b7cc910-10f8-4979-8256-e97d5cd0d810@group-E7C963F93172-SegmentedRaftLogWorker] INFO  segmented.SegmentedRaftLogWorker (SegmentedRaftLogWorker.java:execute(574)) - 3b7cc910-10f8-4979-8256-e97d5cd0d810@group-E7C963F93172-SegmentedRaftLogWorker: created new log segment /workdir/hadoop-ozone/integration-test/target/test-dir/MiniOzoneClusterImpl-60ce1093-8766-48da-b969-ec4fc1066279/datanode-3/data/ratis/5f4781aa-9046-4646-8675-e7c963f93172/current/log_inprogress_0
2019-10-03 08:29:27,609 [ee0c9867-92ce-4d9b-aa3b-f8b15b6fea11@group-9F7DFE70B23D-SegmentedRaftLogWorker] INFO  segmented.SegmentedRaftLogWorker (SegmentedRaftLogWorker.java:execute(574)) - ee0c9867-92ce-4d9b-aa3b-f8b15b6fea11@group-9F7DFE70B23D-SegmentedRaftLogWorker: created new log segment /workdir/hadoop-ozone/integration-test/target/test-dir/MiniOzoneClusterImpl-60ce1093-8766-48da-b969-ec4fc1066279/datanode-5/data/ratis/1b164768-1e61-43d7-a7aa-9f7dfe70b23d/current/log_inprogress_0
2019-10-03 08:29:27,609 [38f53f2a-cf58-47fe-b3dc-c7b51a12a8a1@group-E7C963F93172-SegmentedRaftLogWorker] INFO  segmented.SegmentedRaftLogWorker (SegmentedRaftLogWorker.java:execute(574)) - 38f53f2a-cf58-47fe-b3dc-c7b51a12a8a1@group-E7C963F93172-SegmentedRaftLogWorker: created new log segment /workdir/hadoop-ozone/integration-test/target/test-dir/MiniOzoneClusterImpl-60ce1093-8766-48da-b969-ec4fc1066279/datanode-4/data/ratis/5f4781aa-9046-4646-8675-e7c963f93172/current/log_inprogress_0
2019-10-03 08:29:32,291 [Thread-1460] INFO  impl.FollowerState (FollowerState.java:run(108)) - 027d15f8-0321-42a1-b7d1-02f58cd1cf17@group-269E35724743-FollowerState: change to CANDIDATE, lastRpcTime:5043ms, electionTimeout:5041ms
2019-10-03 08:29:32,292 [Thread-1460] INFO  impl.RoleInfo (RoleInfo.java:shutdownFollowerState(121)) - 027d15f8-0321-42a1-b7d1-02f58cd1cf17: shutdown FollowerState
2019-10-03 08:29:32,292 [Thread-1460] INFO  impl.RaftServerImpl (RaftServerImpl.java:setRole(170)) - 027d15f8-0321-42a1-b7d1-02f58cd1cf17@group-269E35724743: changes role from  FOLLOWER to CANDIDATE at term 2 for changeToCandidate
2019-10-03 08:29:32,292 [Thread-1460] INFO  impl.RoleInfo (RoleInfo.java:updateAndGet(143)) - 027d15f8-0321-42a1-b7d1-02f58cd1cf17: start LeaderElection
2019-10-03 08:29:32,304 [Thread-1451] INFO  impl.FollowerState (FollowerState.java:run(108)) - e99ec86c-eb11-4984-811e-cb8f4c6ed7f5@group-269E35724743-FollowerState: change to CANDIDATE, lastRpcTime:5098ms, electionTimeout:5095ms
2019-10-03 08:29:32,304 [Thread-1451] INFO  impl.RoleInfo (RoleInfo.java:shutdownFollowerState(121)) - e99ec86c-eb11-4984-811e-cb8f4c6ed7f5: shutdown FollowerState
2019-10-03 08:29:32,304 [Thread-1451] INFO  impl.RaftServerImpl (RaftServerImpl.java:setRole(170)) - e99ec86c-eb11-4984-811e-cb8f4c6ed7f5@group-269E35724743: changes role from  FOLLOWER to CANDIDATE at term 2 for changeToCandidate
2019-10-03 08:29:32,304 [Thread-1451] INFO  impl.RoleInfo (RoleInfo.java:updateAndGet(143)) - e99ec86c-eb11-4984-811e-cb8f4c6ed7f5: start LeaderElection
2019-10-03 08:29:32,318 [e99ec86c-eb11-4984-811e-cb8f4c6ed7f5@group-269E35724743-LeaderElection39] INFO  impl.LeaderElection (LeaderElection.java:askForVotes(178)) - e99ec86c-eb11-4984-811e-cb8f4c6ed7f5@group-269E35724743-LeaderElection39: begin an election at term 3 for -1: [027d15f8-0321-42a1-b7d1-02f58cd1cf17:192.168.151.98:37781, f69a3bb4-5ce3-4f3a-a5ec-57530bf8bb38:192.168.151.98:33249, e99ec86c-eb11-4984-811e-cb8f4c6ed7f5:192.168.151.98:36669], old=null
2019-10-03 08:29:32,318 [027d15f8-0321-42a1-b7d1-02f58cd1cf17@group-269E35724743-LeaderElection38] INFO  impl.LeaderElection (LeaderElection.java:askForVotes(178)) - 027d15f8-0321-42a1-b7d1-02f58cd1cf17@group-269E35724743-LeaderElection38: begin an election at term 3 for -1: [027d15f8-0321-42a1-b7d1-02f58cd1cf17:192.168.151.98:37781, f69a3bb4-5ce3-4f3a-a5ec-57530bf8bb38:192.168.151.98:33249, e99ec86c-eb11-4984-811e-cb8f4c6ed7f5:192.168.151.98:36669], old=null
2019-10-03 08:29:32,323 [grpc-default-executor-6] INFO  impl.RaftServerImpl (RaftServerImpl.java:setRole(170)) - f69a3bb4-5ce3-4f3a-a5ec-57530bf8bb38@group-269E35724743: changes role from  FOLLOWER to FOLLOWER at term 3 for recognizeCandidate:e99ec86c-eb11-4984-811e-cb8f4c6ed7f5
2019-10-03 08:29:32,323 [grpc-default-executor-6] INFO  impl.RoleInfo (RoleInfo.java:shutdownFollowerState(121)) - f69a3bb4-5ce3-4f3a-a5ec-57530bf8bb38: shutdown FollowerState
2019-10-03 08:29:32,323 [grpc-default-executor-6] INFO  impl.RoleInfo (RoleInfo.java:updateAndGet(143)) - f69a3bb4-5ce3-4f3a-a5ec-57530bf8bb38: start FollowerState
2019-10-03 08:29:32,323 [Thread-1461] INFO  impl.FollowerState (FollowerState.java:run(117)) - f69a3bb4-5ce3-4f3a-a5ec-57530bf8bb38@group-269E35724743-FollowerState was interrupted: java.lang.InterruptedException: sleep interrupted
2019-10-03 08:29:32,337 [027d15f8-0321-42a1-b7d1-02f58cd1cf17@group-269E35724743-LeaderElection38] INFO  impl.LeaderElection (LeaderElection.java:logAndReturn(56)) - 027d15f8-0321-42a1-b7d1-02f58cd1cf17@group-269E35724743-LeaderElection38: Election REJECTED; received 2 response(s) [027d15f8-0321-42a1-b7d1-02f58cd1cf17<-f69a3bb4-5ce3-4f3a-a5ec-57530bf8bb38#0:FAIL-t3, 027d15f8-0321-42a1-b7d1-02f58cd1cf17<-e99ec86c-eb11-4984-811e-cb8f4c6ed7f5#0:FAIL-t3] and 0 exception(s); 027d15f8-0321-42a1-b7d1-02f58cd1cf17@group-269E35724743:t3, leader=null, voted=027d15f8-0321-42a1-b7d1-02f58cd1cf17, raftlog=027d15f8-0321-42a1-b7d1-02f58cd1cf17@group-269E35724743-SegmentedRaftLog:OPENED:c-1,f-1,i0, conf=-1: [027d15f8-0321-42a1-b7d1-02f58cd1cf17:192.168.151.98:37781, f69a3bb4-5ce3-4f3a-a5ec-57530bf8bb38:192.168.151.98:33249, e99ec86c-eb11-4984-811e-cb8f4c6ed7f5:192.168.151.98:36669], old=null
2019-10-03 08:29:32,338 [e99ec86c-eb11-4984-811e-cb8f4c6ed7f5@group-269E35724743-LeaderElection39] INFO  impl.LeaderElection (LeaderElection.java:logAndReturn(56)) - e99ec86c-eb11-4984-811e-cb8f4c6ed7f5@group-269E35724743-LeaderElection39: Election PASSED; received 2 response(s) [e99ec86c-eb11-4984-811e-cb8f4c6ed7f5<-027d15f8-0321-42a1-b7d1-02f58cd1cf17#0:FAIL-t3, e99ec86c-eb11-4984-811e-cb8f4c6ed7f5<-f69a3bb4-5ce3-4f3a-a5ec-57530bf8bb38#0:OK-t3] and 0 exception(s); e99ec86c-eb11-4984-811e-cb8f4c6ed7f5@group-269E35724743:t3, leader=null, voted=e99ec86c-eb11-4984-811e-cb8f4c6ed7f5, raftlog=e99ec86c-eb11-4984-811e-cb8f4c6ed7f5@group-269E35724743-SegmentedRaftLog:OPENED:c-1,f-1,i0, conf=-1: [027d15f8-0321-42a1-b7d1-02f58cd1cf17:192.168.151.98:37781, f69a3bb4-5ce3-4f3a-a5ec-57530bf8bb38:192.168.151.98:33249, e99ec86c-eb11-4984-811e-cb8f4c6ed7f5:192.168.151.98:36669], old=null
2019-10-03 08:29:32,338 [027d15f8-0321-42a1-b7d1-02f58cd1cf17@group-269E35724743-LeaderElection38] INFO  impl.RaftServerImpl (RaftServerImpl.java:setRole(170)) - 027d15f8-0321-42a1-b7d1-02f58cd1cf17@group-269E35724743: changes role from CANDIDATE to FOLLOWER at term 3 for DISCOVERED_A_NEW_TERM
2019-10-03 08:29:32,341 [027d15f8-0321-42a1-b7d1-02f58cd1cf17@group-269E35724743-LeaderElection38] INFO  impl.RoleInfo (RoleInfo.java:shutdownLeaderElection(134)) - 027d15f8-0321-42a1-b7d1-02f58cd1cf17: shutdown LeaderElection
2019-10-03 08:29:32,341 [e99ec86c-eb11-4984-811e-cb8f4c6ed7f5@group-269E35724743-LeaderElection39] INFO  impl.RoleInfo (RoleInfo.java:shutdownLeaderElection(134)) - e99ec86c-eb11-4984-811e-cb8f4c6ed7f5: shutdown LeaderElection
2019-10-03 08:29:32,343 [027d15f8-0321-42a1-b7d1-02f58cd1cf17@group-269E35724743-LeaderElection38] INFO  impl.RoleInfo (RoleInfo.java:updateAndGet(143)) - 027d15f8-0321-42a1-b7d1-02f58cd1cf17: start FollowerState
2019-10-03 08:29:32,343 [e99ec86c-eb11-4984-811e-cb8f4c6ed7f5@group-269E35724743-LeaderElection39] INFO  impl.RaftServerImpl (RaftServerImpl.java:setRole(170)) - e99ec86c-eb11-4984-811e-cb8f4c6ed7f5@group-269E35724743: changes role from CANDIDATE to LEADER at term 3 for changeToLeader
2019-10-03 08:29:32,343 [e99ec86c-eb11-4984-811e-cb8f4c6ed7f5@group-269E35724743-LeaderElection39] INFO  impl.RaftServerImpl (ServerState.java:setLeader(255)) - e99ec86c-eb11-4984-811e-cb8f4c6ed7f5@group-269E35724743: change Leader from null to e99ec86c-eb11-4984-811e-cb8f4c6ed7f5 at term 3 for becomeLeader, leader elected after 10231ms
2019-10-03 08:29:32,343 [e99ec86c-eb11-4984-811e-cb8f4c6ed7f5@group-269E35724743-LeaderElection39] INFO  server.RaftServerConfigKeys (ConfUtils.java:logGet(43)) - raft.server.staging.catchup.gap = 1000 (default)
2019-10-03 08:29:32,344 [e99ec86c-eb11-4984-811e-cb8f4c6ed7f5@group-269E35724743-LeaderElection39] INFO  server.RaftServerConfigKeys (ConfUtils.java:logGet(43)) - raft.server.rpc.sleep.time = 25ms (default)
2019-10-03 08:29:32,344 [e99ec86c-eb11-4984-811e-cb8f4c6ed7f5@group-269E35724743-LeaderElection39] INFO  server.RaftServerConfigKeys (ConfUtils.java:logGet(43)) - raft.server.write.element-limit = 4096 (default)
2019-10-03 08:29:32,344 [e99ec86c-eb11-4984-811e-cb8f4c6ed7f5@group-269E35724743-LeaderElection39] INFO  server.RaftServerConfigKeys (ConfUtils.java:logGet(43)) - raft.server.watch.timeout = 10s (default)
2019-10-03 08:29:32,344 [e99ec86c-eb11-4984-811e-cb8f4c6ed7f5@group-269E35724743-LeaderElection39] INFO  server.RaftServerConfigKeys (ConfUtils.java:logGet(43)) - raft.server.watch.timeout.denomination = 1s (default)
2019-10-03 08:29:32,344 [e99ec86c-eb11-4984-811e-cb8f4c6ed7f5@group-269E35724743-LeaderElection39] INFO  server.RaftServerConfigKeys (ConfUtils.java:logGet(43)) - raft.server.watch.element-limit = 65536 (default)
2019-10-03 08:29:32,347 [e99ec86c-eb11-4984-811e-cb8f4c6ed7f5@group-269E35724743-LeaderElection39] INFO  server.RaftServerConfigKeys (ConfUtils.java:logGet(43)) - raft.server.log.appender.snapshot.chunk.size.max = 16MB (=16777216) (default)
2019-10-03 08:29:32,347 [e99ec86c-eb11-4984-811e-cb8f4c6ed7f5@group-269E35724743-LeaderElection39] INFO  server.RaftServerConfigKeys (ConfUtils.java:logGet(43)) - raft.server.log.appender.buffer.byte-limit = 33554432 (custom)
2019-10-03 08:29:32,348 [e99ec86c-eb11-4984-811e-cb8f4c6ed7f5@group-269E35724743-LeaderElection39] INFO  server.RaftServerConfigKeys (ConfUtils.java:logGet(43)) - raft.server.log.appender.buffer.element-limit = 1 (custom)
2019-10-03 08:29:32,348 [e99ec86c-eb11-4984-811e-cb8f4c6ed7f5@group-269E35724743-LeaderElection39] INFO  grpc.GrpcConfigKeys$Server (ConfUtils.java:logGet(43)) - raft.grpc.server.leader.outstanding.appends.max = 128 (default)
2019-10-03 08:29:32,348 [e99ec86c-eb11-4984-811e-cb8f4c6ed7f5@group-269E35724743-LeaderElection39] INFO  server.RaftServerConfigKeys (ConfUtils.java:logGet(43)) - raft.server.rpc.request.timeout = 3000ms (default)
2019-10-03 08:29:32,348 [e99ec86c-eb11-4984-811e-cb8f4c6ed7f5@group-269E35724743-LeaderElection39] INFO  server.RaftServerConfigKeys (ConfUtils.java:logGet(43)) - raft.server.log.appender.install.snapshot.enabled = false (custom)
2019-10-03 08:29:32,349 [e99ec86c-eb11-4984-811e-cb8f4c6ed7f5@group-269E35724743-LeaderElection39] INFO  server.RaftServerConfigKeys (ConfUtils.java:logGet(43)) - raft.server.log.appender.snapshot.chunk.size.max = 16MB (=16777216) (default)
2019-10-03 08:29:32,349 [e99ec86c-eb11-4984-811e-cb8f4c6ed7f5@group-269E35724743-LeaderElection39] INFO  server.RaftServerConfigKeys (ConfUtils.java:logGet(43)) - raft.server.log.appender.buffer.byte-limit = 33554432 (custom)
2019-10-03 08:29:32,349 [e99ec86c-eb11-4984-811e-cb8f4c6ed7f5@group-269E35724743-LeaderElection39] INFO  server.RaftServerConfigKeys (ConfUtils.java:logGet(43)) - raft.server.log.appender.buffer.element-limit = 1 (custom)
2019-10-03 08:29:32,349 [e99ec86c-eb11-4984-811e-cb8f4c6ed7f5@group-269E35724743-LeaderElection39] INFO  grpc.GrpcConfigKeys$Server (ConfUtils.java:logGet(43)) - raft.grpc.server.leader.outstanding.appends.max = 128 (default)
2019-10-03 08:29:32,349 [e99ec86c-eb11-4984-811e-cb8f4c6ed7f5@group-269E35724743-LeaderElection39] INFO  server.RaftServerConfigKeys (ConfUtils.java:logGet(43)) - raft.server.rpc.request.timeout = 3000ms (default)
2019-10-03 08:29:32,349 [e99ec86c-eb11-4984-811e-cb8f4c6ed7f5@group-269E35724743-LeaderElection39] INFO  server.RaftServerConfigKeys (ConfUtils.java:logGet(43)) - raft.server.log.appender.install.snapshot.enabled = false (custom)
2019-10-03 08:29:32,350 [e99ec86c-eb11-4984-811e-cb8f4c6ed7f5@group-269E35724743-LeaderElection39] INFO  impl.RoleInfo (RoleInfo.java:updateAndGet(143)) - e99ec86c-eb11-4984-811e-cb8f4c6ed7f5: start LeaderState
2019-10-03 08:29:32,350 [e99ec86c-eb11-4984-811e-cb8f4c6ed7f5@group-269E35724743-LeaderElection39] INFO  segmented.SegmentedRaftLogWorker (SegmentedRaftLogWorker.java:startLogSegment(385)) - e99ec86c-eb11-4984-811e-cb8f4c6ed7f5@group-269E35724743-SegmentedRaftLogWorker: Starting segment from index:0
2019-10-03 08:29:32,389 [e99ec86c-eb11-4984-811e-cb8f4c6ed7f5@group-269E35724743-LeaderElection39] INFO  impl.RaftServerImpl (ServerState.java:setRaftConf(356)) - e99ec86c-eb11-4984-811e-cb8f4c6ed7f5@group-269E35724743: set configuration 0: [027d15f8-0321-42a1-b7d1-02f58cd1cf17:192.168.151.98:37781, f69a3bb4-5ce3-4f3a-a5ec-57530bf8bb38:192.168.151.98:33249, e99ec86c-eb11-4984-811e-cb8f4c6ed7f5:192.168.151.98:36669], old=null at 0
2019-10-03 08:29:32,391 [grpc-default-executor-6] INFO  impl.RaftServerImpl (ServerState.java:setLeader(255)) - 027d15f8-0321-42a1-b7d1-02f58cd1cf17@group-269E35724743: change Leader from null to e99ec86c-eb11-4984-811e-cb8f4c6ed7f5 at term 3 for appendEntries, leader elected after 10279ms
2019-10-03 08:29:32,391 [grpc-default-executor-8] INFO  impl.RaftServerImpl (ServerState.java:setLeader(255)) - f69a3bb4-5ce3-4f3a-a5ec-57530bf8bb38@group-269E35724743: change Leader from null to e99ec86c-eb11-4984-811e-cb8f4c6ed7f5 at term 3 for appendEntries, leader elected after 10279ms
2019-10-03 08:29:32,394 [grpc-default-executor-8] INFO  impl.RaftServerImpl (ServerState.java:setRaftConf(356)) - 027d15f8-0321-42a1-b7d1-02f58cd1cf17@group-269E35724743: set configuration 0: [027d15f8-0321-42a1-b7d1-02f58cd1cf17:192.168.151.98:37781, f69a3bb4-5ce3-4f3a-a5ec-57530bf8bb38:192.168.151.98:33249, e99ec86c-eb11-4984-811e-cb8f4c6ed7f5:192.168.151.98:36669], old=null at 0
2019-10-03 08:29:32,394 [grpc-default-executor-6] INFO  impl.RaftServerImpl (ServerState.java:setRaftConf(356)) - f69a3bb4-5ce3-4f3a-a5ec-57530bf8bb38@group-269E35724743: set configuration 0: [027d15f8-0321-42a1-b7d1-02f58cd1cf17:192.168.151.98:37781, f69a3bb4-5ce3-4f3a-a5ec-57530bf8bb38:192.168.151.98:33249, e99ec86c-eb11-4984-811e-cb8f4c6ed7f5:192.168.151.98:36669], old=null at 0
2019-10-03 08:29:32,394 [grpc-default-executor-8] INFO  segmented.SegmentedRaftLogWorker (SegmentedRaftLogWorker.java:startLogSegment(385)) - 027d15f8-0321-42a1-b7d1-02f58cd1cf17@group-269E35724743-SegmentedRaftLogWorker: Starting segment from index:0
2019-10-03 08:29:32,395 [grpc-default-executor-6] INFO  segmented.SegmentedRaftLogWorker (SegmentedRaftLogWorker.java:startLogSegment(385)) - f69a3bb4-5ce3-4f3a-a5ec-57530bf8bb38@group-269E35724743-SegmentedRaftLogWorker: Starting segment from index:0
2019-10-03 08:29:32,401 [e99ec86c-eb11-4984-811e-cb8f4c6ed7f5@group-269E35724743-SegmentedRaftLogWorker] INFO  segmented.SegmentedRaftLogWorker (SegmentedRaftLogWorker.java:execute(574)) - e99ec86c-eb11-4984-811e-cb8f4c6ed7f5@group-269E35724743-SegmentedRaftLogWorker: created new log segment /workdir/hadoop-ozone/integration-test/target/test-dir/MiniOzoneClusterImpl-60ce1093-8766-48da-b969-ec4fc1066279/datanode-0/data/ratis/bc72e4a1-cb30-47ad-bb55-269e35724743/current/log_inprogress_0
2019-10-03 08:29:32,444 [027d15f8-0321-42a1-b7d1-02f58cd1cf17@group-269E35724743-SegmentedRaftLogWorker] INFO  segmented.SegmentedRaftLogWorker (SegmentedRaftLogWorker.java:execute(574)) - 027d15f8-0321-42a1-b7d1-02f58cd1cf17@group-269E35724743-SegmentedRaftLogWorker: created new log segment /workdir/hadoop-ozone/integration-test/target/test-dir/MiniOzoneClusterImpl-60ce1093-8766-48da-b969-ec4fc1066279/datanode-2/data/ratis/bc72e4a1-cb30-47ad-bb55-269e35724743/current/log_inprogress_0
2019-10-03 08:29:32,444 [f69a3bb4-5ce3-4f3a-a5ec-57530bf8bb38@group-269E35724743-SegmentedRaftLogWorker] INFO  segmented.SegmentedRaftLogWorker (SegmentedRaftLogWorker.java:execute(574)) - f69a3bb4-5ce3-4f3a-a5ec-57530bf8bb38@group-269E35724743-SegmentedRaftLogWorker: created new log segment /workdir/hadoop-ozone/integration-test/target/test-dir/MiniOzoneClusterImpl-60ce1093-8766-48da-b969-ec4fc1066279/datanode-1/data/ratis/bc72e4a1-cb30-47ad-bb55-269e35724743/current/log_inprogress_0
2019-10-03 08:29:32,771 [Datanode State Machine Thread - 0] INFO  statemachine.DatanodeStateMachine (DatanodeStateMachine.java:lambda$startDaemon$0(350)) - Ozone container server started.
2019-10-03 08:29:37,752 [main] INFO  ozoneimpl.OzoneContainer (OzoneContainer.java:stop(231)) - Attempting to stop container services.
2019-10-03 08:29:37,753 [main] INFO  impl.RaftServerProxy (RaftServerProxy.java:lambda$close$4(314)) - 027d15f8-0321-42a1-b7d1-02f58cd1cf17: close
2019-10-03 08:29:37,754 [main] INFO  impl.RaftServerImpl (RaftServerImpl.java:lambda$shutdown$3(247)) - 027d15f8-0321-42a1-b7d1-02f58cd1cf17@group-269E35724743: shutdown
2019-10-03 08:29:37,754 [main] INFO  util.JmxRegister (JmxRegister.java:unregister(73)) - Successfully un-registered JMX Bean with object name Ratis:service=RaftServer,group=group-269E35724743,id=027d15f8-0321-42a1-b7d1-02f58cd1cf17
2019-10-03 08:29:37,754 [main] INFO  impl.RoleInfo (RoleInfo.java:shutdownFollowerState(121)) - 027d15f8-0321-42a1-b7d1-02f58cd1cf17: shutdown FollowerState
2019-10-03 08:29:37,755 [main] INFO  impl.StateMachineUpdater (StateMachineUpdater.java:stopAndJoin(136)) - 027d15f8-0321-42a1-b7d1-02f58cd1cf17@group-269E35724743-StateMachineUpdater: set stopIndex = 2
2019-10-03 08:29:37,755 [027d15f8-0321-42a1-b7d1-02f58cd1cf17@group-269E35724743-StateMachineUpdater] INFO  ratis.ContainerStateMachine (ContainerStateMachine.java:takeSnapshot(293)) - group-269E35724743: Taking a snapshot at:(t:3, i:1) file /workdir/hadoop-ozone/integration-test/target/test-dir/MiniOzoneClusterImpl-60ce1093-8766-48da-b969-ec4fc1066279/datanode-2/data/ratis/bc72e4a1-cb30-47ad-bb55-269e35724743/sm/snapshot.3_1
2019-10-03 08:29:37,755 [Thread-1503] INFO  impl.FollowerState (FollowerState.java:run(117)) - 027d15f8-0321-42a1-b7d1-02f58cd1cf17@group-269E35724743-FollowerState was interrupted: java.lang.InterruptedException: sleep interrupted
2019-10-03 08:29:37,772 [027d15f8-0321-42a1-b7d1-02f58cd1cf17@group-269E35724743-StateMachineUpdater] INFO  ratis.ContainerStateMachine (ContainerStateMachine.java:takeSnapshot(304)) - group-269E35724743: Finished taking a snapshot at:(t:3, i:1) file:/workdir/hadoop-ozone/integration-test/target/test-dir/MiniOzoneClusterImpl-60ce1093-8766-48da-b969-ec4fc1066279/datanode-2/data/ratis/bc72e4a1-cb30-47ad-bb55-269e35724743/sm/snapshot.3_1 time:18
2019-10-03 08:29:37,773 [027d15f8-0321-42a1-b7d1-02f58cd1cf17@group-269E35724743-StateMachineUpdater] INFO  impl.StateMachineUpdater (StateMachineUpdater.java:takeSnapshot(269)) - 027d15f8-0321-42a1-b7d1-02f58cd1cf17@group-269E35724743-StateMachineUpdater: Took a snapshot at index 1
2019-10-03 08:29:37,773 [027d15f8-0321-42a1-b7d1-02f58cd1cf17@group-269E35724743-StateMachineUpdater] INFO  impl.StateMachineUpdater (StateMachineUpdater.java:lambda$new$0(84)) - 027d15f8-0321-42a1-b7d1-02f58cd1cf17@group-269E35724743-StateMachineUpdater: snapshotIndex: updateIncreasingly -1 -> 1
2019-10-03 08:29:37,773 [027d15f8-0321-42a1-b7d1-02f58cd1cf17@group-269E35724743-StateMachineUpdater] INFO  ratis.ContainerStateMachine (ContainerStateMachine.java:takeSnapshot(293)) - group-269E35724743: Taking a snapshot at:(t:3, i:1) file /workdir/hadoop-ozone/integration-test/target/test-dir/MiniOzoneClusterImpl-60ce1093-8766-48da-b969-ec4fc1066279/datanode-2/data/ratis/bc72e4a1-cb30-47ad-bb55-269e35724743/sm/snapshot.3_1
2019-10-03 08:29:37,785 [027d15f8-0321-42a1-b7d1-02f58cd1cf17@group-269E35724743-StateMachineUpdater] INFO  ratis.ContainerStateMachine (ContainerStateMachine.java:takeSnapshot(304)) - group-269E35724743: Finished taking a snapshot at:(t:3, i:1) file:/workdir/hadoop-ozone/integration-test/target/test-dir/MiniOzoneClusterImpl-60ce1093-8766-48da-b969-ec4fc1066279/datanode-2/data/ratis/bc72e4a1-cb30-47ad-bb55-269e35724743/sm/snapshot.3_1 time:12
2019-10-03 08:29:37,785 [027d15f8-0321-42a1-b7d1-02f58cd1cf17@group-269E35724743-StateMachineUpdater] INFO  impl.StateMachineUpdater (StateMachineUpdater.java:takeSnapshot(269)) - 027d15f8-0321-42a1-b7d1-02f58cd1cf17@group-269E35724743-StateMachineUpdater: Took a snapshot at index 1
2019-10-03 08:29:37,786 [027d15f8-0321-42a1-b7d1-02f58cd1cf17@group-269E35724743-StateMachineUpdater] INFO  impl.StateMachineUpdater (StateMachineUpdater.java:lambda$new$0(84)) - 027d15f8-0321-42a1-b7d1-02f58cd1cf17@group-269E35724743-StateMachineUpdater: snapshotIndex: updateIncreasingly 1 -> 1
2019-10-03 08:29:37,786 [main] INFO  impl.RaftServerImpl (ServerState.java:close(387)) - 027d15f8-0321-42a1-b7d1-02f58cd1cf17@group-269E35724743: closes. applyIndex: 2
2019-10-03 08:29:37,787 [027d15f8-0321-42a1-b7d1-02f58cd1cf17@group-269E35724743-SegmentedRaftLogWorker] INFO  segmented.SegmentedRaftLogWorker (SegmentedRaftLogWorker.java:run(316)) - 027d15f8-0321-42a1-b7d1-02f58cd1cf17@group-269E35724743-SegmentedRaftLogWorker was interrupted, exiting. There are 0 tasks remaining in the queue.
2019-10-03 08:29:37,790 [main] INFO  segmented.SegmentedRaftLogWorker (SegmentedRaftLogWorker.java:close(224)) - 027d15f8-0321-42a1-b7d1-02f58cd1cf17@group-269E35724743-SegmentedRaftLogWorker close()
2019-10-03 08:29:37,795 [main] INFO  impl.RaftServerImpl (RaftServerImpl.java:lambda$shutdown$3(247)) - 027d15f8-0321-42a1-b7d1-02f58cd1cf17@group-03369A945C4D: shutdown
2019-10-03 08:29:37,796 [main] INFO  util.JmxRegister (JmxRegister.java:unregister(73)) - Successfully un-registered JMX Bean with object name Ratis:service=RaftServer,group=group-03369A945C4D,id=027d15f8-0321-42a1-b7d1-02f58cd1cf17
2019-10-03 08:29:37,796 [main] INFO  impl.RoleInfo (RoleInfo.java:shutdownLeaderState(104)) - 027d15f8-0321-42a1-b7d1-02f58cd1cf17: shutdown LeaderState
2019-10-03 08:29:37,796 [main] INFO  impl.PendingRequests (PendingRequests.java:sendNotLeaderResponses(202)) - 027d15f8-0321-42a1-b7d1-02f58cd1cf17@group-03369A945C4D-PendingRequests: sendNotLeaderResponses
2019-10-03 08:29:37,797 [main] INFO  impl.StateMachineUpdater (StateMachineUpdater.java:stopAndJoin(136)) - 027d15f8-0321-42a1-b7d1-02f58cd1cf17@group-03369A945C4D-StateMachineUpdater: set stopIndex = 0
2019-10-03 08:29:37,797 [main] INFO  impl.RaftServerImpl (ServerState.java:close(387)) - 027d15f8-0321-42a1-b7d1-02f58cd1cf17@group-03369A945C4D: closes. applyIndex: 0
2019-10-03 08:29:37,798 [027d15f8-0321-42a1-b7d1-02f58cd1cf17@group-03369A945C4D-SegmentedRaftLogWorker] INFO  segmented.SegmentedRaftLogWorker (SegmentedRaftLogWorker.java:run(316)) - 027d15f8-0321-42a1-b7d1-02f58cd1cf17@group-03369A945C4D-SegmentedRaftLogWorker was interrupted, exiting. There are 0 tasks remaining in the queue.
2019-10-03 08:29:37,800 [main] INFO  segmented.SegmentedRaftLogWorker (SegmentedRaftLogWorker.java:close(224)) - 027d15f8-0321-42a1-b7d1-02f58cd1cf17@group-03369A945C4D-SegmentedRaftLogWorker close()
2019-10-03 08:29:37,803 [main] INFO  server.GrpcService (GrpcService.java:closeImpl(164)) - 027d15f8-0321-42a1-b7d1-02f58cd1cf17: shutdown server with port 37781 now
2019-10-03 08:29:37,805 [grpc-default-executor-8] WARN  server.GrpcServerProtocolService (LogUtils.java:warn(134)) - 027d15f8-0321-42a1-b7d1-02f58cd1cf17: installSnapshot onError, lastRequest: e99ec86c-eb11-4984-811e-cb8f4c6ed7f5->027d15f8-0321-42a1-b7d1-02f58cd1cf17#5-t3, previous=(t:3, i:2), leaderCommit=2, initializing? false, entries: <empty>: org.apache.ratis.thirdparty.io.grpc.StatusRuntimeException: CANCELLED: cancelled before receiving half close
2019-10-03 08:29:37,805 [main] INFO  server.GrpcService (GrpcService.java:closeImpl(172)) - 027d15f8-0321-42a1-b7d1-02f58cd1cf17: shutdown server with port 37781 successfully
2019-10-03 08:29:37,805 [grpc-default-executor-7] WARN  server.GrpcLogAppender (LogUtils.java:warn(134)) - e99ec86c-eb11-4984-811e-cb8f4c6ed7f5@group-269E35724743->027d15f8-0321-42a1-b7d1-02f58cd1cf17-AppendLogResponseHandler: Failed appendEntries: org.apache.ratis.thirdparty.io.grpc.StatusRuntimeException: CANCELLED: HTTP/2 error code: CANCEL
Received Rst Stream
2019-10-03 08:29:37,817 [grpc-default-executor-7] INFO  impl.FollowerInfo (FollowerInfo.java:lambda$new$0(51)) - e99ec86c-eb11-4984-811e-cb8f4c6ed7f5@group-269E35724743->027d15f8-0321-42a1-b7d1-02f58cd1cf17: nextIndex: updateUnconditionally 3 -> 2
2019-10-03 08:29:37,822 [refreshUsed-/workdir/hadoop-ozone/integration-test/target/test-dir/MiniOzoneClusterImpl-60ce1093-8766-48da-b969-ec4fc1066279/datanode-2/data/containers] WARN  fs.CachingGetSpaceUsed (CachingGetSpaceUsed.java:run(183)) - Thread Interrupted waiting to refresh disk information: sleep interrupted
2019-10-03 08:29:37,841 [main] INFO  utils.BackgroundService (BackgroundService.java:shutdown(148)) - Shutting down service BlockDeletingService
2019-10-03 08:29:37,847 [main] INFO  statemachine.DatanodeStateMachine (DatanodeStateMachine.java:stopDaemon(395)) - Ozone container server stopped.
2019-10-03 08:29:37,849 [main] INFO  handler.ContextHandler (ContextHandler.java:doStop(910)) - Stopped o.e.j.w.WebAppContext@ea04cab{/,null,UNAVAILABLE}{/hddsDatanode}
2019-10-03 08:29:37,850 [main] INFO  server.AbstractConnector (AbstractConnector.java:doStop(318)) - Stopped ServerConnector@134f8ef6{HTTP/1.1,[http/1.1]}{0.0.0.0:0}
2019-10-03 08:29:37,850 [main] INFO  handler.ContextHandler (ContextHandler.java:doStop(910)) - Stopped o.e.j.s.ServletContextHandler@16a5c7e4{/static,jar:file:/home/user/.m2/repository/org/apache/hadoop/hadoop-hdds-container-service/0.5.0-SNAPSHOT/hadoop-hdds-container-service-0.5.0-SNAPSHOT.jar!/webapps/static,UNAVAILABLE}
2019-10-03 08:29:37,850 [main] INFO  handler.ContextHandler (ContextHandler.java:doStop(910)) - Stopped o.e.j.s.ServletContextHandler@654e6a90{/logs,file:///workdir/hadoop-ozone/integration-test/target/log,UNAVAILABLE}
2019-10-03 08:29:38,771 [Datanode State Machine Thread - 0] INFO  statemachine.DatanodeStateMachine (DatanodeStateMachine.java:lambda$startDaemon$0(350)) - Ozone container server started.
2019-10-03 08:29:40,194 [grpc-default-executor-7] WARN  server.GrpcLogAppender (LogUtils.java:warn(134)) - e99ec86c-eb11-4984-811e-cb8f4c6ed7f5@group-269E35724743->027d15f8-0321-42a1-b7d1-02f58cd1cf17-AppendLogResponseHandler: Failed appendEntries: org.apache.ratis.thirdparty.io.grpc.StatusRuntimeException: UNAVAILABLE: io exception
2019-10-03 08:29:40,195 [grpc-default-executor-7] INFO  impl.FollowerInfo (FollowerInfo.java:lambda$new$0(51)) - e99ec86c-eb11-4984-811e-cb8f4c6ed7f5@group-269E35724743->027d15f8-0321-42a1-b7d1-02f58cd1cf17: nextIndex: updateUnconditionally 2 -> 1
2019-10-03 08:29:42,695 [grpc-default-executor-8] WARN  server.GrpcLogAppender (LogUtils.java:warn(134)) - e99ec86c-eb11-4984-811e-cb8f4c6ed7f5@group-269E35724743->027d15f8-0321-42a1-b7d1-02f58cd1cf17-AppendLogResponseHandler: Failed appendEntries: org.apache.ratis.thirdparty.io.grpc.StatusRuntimeException: UNAVAILABLE: io exception
2019-10-03 08:29:42,696 [grpc-default-executor-8] INFO  impl.FollowerInfo (FollowerInfo.java:lambda$new$0(51)) - e99ec86c-eb11-4984-811e-cb8f4c6ed7f5@group-269E35724743->027d15f8-0321-42a1-b7d1-02f58cd1cf17: nextIndex: updateUnconditionally 1 -> 0
2019-10-03 08:29:42,852 [main] INFO  ozoneimpl.OzoneContainer (OzoneContainer.java:stop(231)) - Attempting to stop container services.
2019-10-03 08:29:42,853 [main] INFO  impl.RaftServerProxy (RaftServerProxy.java:lambda$close$4(314)) - f69a3bb4-5ce3-4f3a-a5ec-57530bf8bb38: close
2019-10-03 08:29:42,853 [main] INFO  impl.RaftServerImpl (RaftServerImpl.java:lambda$shutdown$3(247)) - f69a3bb4-5ce3-4f3a-a5ec-57530bf8bb38@group-269E35724743: shutdown
2019-10-03 08:29:42,854 [ForkJoinPool.commonPool-worker-0] INFO  impl.RaftServerImpl (RaftServerImpl.java:lambda$shutdown$3(247)) - f69a3bb4-5ce3-4f3a-a5ec-57530bf8bb38@group-A9145A93A23D: shutdown
2019-10-03 08:29:42,854 [main] INFO  util.JmxRegister (JmxRegister.java:unregister(73)) - Successfully un-registered JMX Bean with object name Ratis:service=RaftServer,group=group-269E35724743,id=f69a3bb4-5ce3-4f3a-a5ec-57530bf8bb38
2019-10-03 08:29:42,854 [ForkJoinPool.commonPool-worker-0] INFO  util.JmxRegister (JmxRegister.java:unregister(73)) - Successfully un-registered JMX Bean with object name Ratis:service=RaftServer,group=group-A9145A93A23D,id=f69a3bb4-5ce3-4f3a-a5ec-57530bf8bb38
2019-10-03 08:29:42,854 [main] INFO  impl.RoleInfo (RoleInfo.java:shutdownFollowerState(121)) - f69a3bb4-5ce3-4f3a-a5ec-57530bf8bb38: shutdown FollowerState
2019-10-03 08:29:42,855 [ForkJoinPool.commonPool-worker-0] INFO  impl.RoleInfo (RoleInfo.java:shutdownLeaderState(104)) - f69a3bb4-5ce3-4f3a-a5ec-57530bf8bb38: shutdown LeaderState
2019-10-03 08:29:42,855 [Thread-1502] INFO  impl.FollowerState (FollowerState.java:run(117)) - f69a3bb4-5ce3-4f3a-a5ec-57530bf8bb38@group-269E35724743-FollowerState was interrupted: java.lang.InterruptedException: sleep interrupted
2019-10-03 08:29:42,855 [main] INFO  impl.StateMachineUpdater (StateMachineUpdater.java:stopAndJoin(136)) - f69a3bb4-5ce3-4f3a-a5ec-57530bf8bb38@group-269E35724743-StateMachineUpdater: set stopIndex = 2
2019-10-03 08:29:42,855 [f69a3bb4-5ce3-4f3a-a5ec-57530bf8bb38@group-269E35724743-StateMachineUpdater] INFO  ratis.ContainerStateMachine (ContainerStateMachine.java:takeSnapshot(293)) - group-269E35724743: Taking a snapshot at:(t:3, i:1) file /workdir/hadoop-ozone/integration-test/target/test-dir/MiniOzoneClusterImpl-60ce1093-8766-48da-b969-ec4fc1066279/datanode-1/data/ratis/bc72e4a1-cb30-47ad-bb55-269e35724743/sm/snapshot.3_1
2019-10-03 08:29:42,855 [ForkJoinPool.commonPool-worker-0] INFO  impl.PendingRequests (PendingRequests.java:sendNotLeaderResponses(202)) - f69a3bb4-5ce3-4f3a-a5ec-57530bf8bb38@group-A9145A93A23D-PendingRequests: sendNotLeaderResponses
2019-10-03 08:29:42,859 [ForkJoinPool.commonPool-worker-0] INFO  impl.StateMachineUpdater (StateMachineUpdater.java:stopAndJoin(136)) - f69a3bb4-5ce3-4f3a-a5ec-57530bf8bb38@group-A9145A93A23D-StateMachineUpdater: set stopIndex = 0
2019-10-03 08:29:42,860 [ForkJoinPool.commonPool-worker-0] INFO  impl.RaftServerImpl (ServerState.java:close(387)) - f69a3bb4-5ce3-4f3a-a5ec-57530bf8bb38@group-A9145A93A23D: closes. applyIndex: 0
2019-10-03 08:29:42,860 [f69a3bb4-5ce3-4f3a-a5ec-57530bf8bb38@group-A9145A93A23D-SegmentedRaftLogWorker] INFO  segmented.SegmentedRaftLogWorker (SegmentedRaftLogWorker.java:run(316)) - f69a3bb4-5ce3-4f3a-a5ec-57530bf8bb38@group-A9145A93A23D-SegmentedRaftLogWorker was interrupted, exiting. There are 0 tasks remaining in the queue.
2019-10-03 08:29:42,863 [ForkJoinPool.commonPool-worker-0] INFO  segmented.SegmentedRaftLogWorker (SegmentedRaftLogWorker.java:close(224)) - f69a3bb4-5ce3-4f3a-a5ec-57530bf8bb38@group-A9145A93A23D-SegmentedRaftLogWorker close()
2019-10-03 08:29:42,873 [f69a3bb4-5ce3-4f3a-a5ec-57530bf8bb38@group-269E35724743-StateMachineUpdater] INFO  ratis.ContainerStateMachine (ContainerStateMachine.java:takeSnapshot(304)) - group-269E35724743: Finished taking a snapshot at:(t:3, i:1) file:/workdir/hadoop-ozone/integration-test/target/test-dir/MiniOzoneClusterImpl-60ce1093-8766-48da-b969-ec4fc1066279/datanode-1/data/ratis/bc72e4a1-cb30-47ad-bb55-269e35724743/sm/snapshot.3_1 time:18
2019-10-03 08:29:42,873 [f69a3bb4-5ce3-4f3a-a5ec-57530bf8bb38@group-269E35724743-StateMachineUpdater] INFO  impl.StateMachineUpdater (StateMachineUpdater.java:takeSnapshot(269)) - f69a3bb4-5ce3-4f3a-a5ec-57530bf8bb38@group-269E35724743-StateMachineUpdater: Took a snapshot at index 1
2019-10-03 08:29:42,873 [f69a3bb4-5ce3-4f3a-a5ec-57530bf8bb38@group-269E35724743-StateMachineUpdater] INFO  impl.StateMachineUpdater (StateMachineUpdater.java:lambda$new$0(84)) - f69a3bb4-5ce3-4f3a-a5ec-57530bf8bb38@group-269E35724743-StateMachineUpdater: snapshotIndex: updateIncreasingly -1 -> 1
2019-10-03 08:29:42,874 [f69a3bb4-5ce3-4f3a-a5ec-57530bf8bb38@group-269E35724743-StateMachineUpdater] INFO  ratis.ContainerStateMachine (ContainerStateMachine.java:takeSnapshot(293)) - group-269E35724743: Taking a snapshot at:(t:3, i:1) file /workdir/hadoop-ozone/integration-test/target/test-dir/MiniOzoneClusterImpl-60ce1093-8766-48da-b969-ec4fc1066279/datanode-1/data/ratis/bc72e4a1-cb30-47ad-bb55-269e35724743/sm/snapshot.3_1
2019-10-03 08:29:42,886 [f69a3bb4-5ce3-4f3a-a5ec-57530bf8bb38@group-269E35724743-StateMachineUpdater] INFO  ratis.ContainerStateMachine (ContainerStateMachine.java:takeSnapshot(304)) - group-269E35724743: Finished taking a snapshot at:(t:3, i:1) file:/workdir/hadoop-ozone/integration-test/target/test-dir/MiniOzoneClusterImpl-60ce1093-8766-48da-b969-ec4fc1066279/datanode-1/data/ratis/bc72e4a1-cb30-47ad-bb55-269e35724743/sm/snapshot.3_1 time:12
2019-10-03 08:29:42,886 [f69a3bb4-5ce3-4f3a-a5ec-57530bf8bb38@group-269E35724743-StateMachineUpdater] INFO  impl.StateMachineUpdater (StateMachineUpdater.java:takeSnapshot(269)) - f69a3bb4-5ce3-4f3a-a5ec-57530bf8bb38@group-269E35724743-StateMachineUpdater: Took a snapshot at index 1
2019-10-03 08:29:42,886 [f69a3bb4-5ce3-4f3a-a5ec-57530bf8bb38@group-269E35724743-StateMachineUpdater] INFO  impl.StateMachineUpdater (StateMachineUpdater.java:lambda$new$0(84)) - f69a3bb4-5ce3-4f3a-a5ec-57530bf8bb38@group-269E35724743-StateMachineUpdater: snapshotIndex: updateIncreasingly 1 -> 1
2019-10-03 08:29:42,887 [main] INFO  impl.RaftServerImpl (ServerState.java:close(387)) - f69a3bb4-5ce3-4f3a-a5ec-57530bf8bb38@group-269E35724743: closes. applyIndex: 2
2019-10-03 08:29:42,887 [f69a3bb4-5ce3-4f3a-a5ec-57530bf8bb38@group-269E35724743-SegmentedRaftLogWorker] INFO  segmented.SegmentedRaftLogWorker (SegmentedRaftLogWorker.java:run(316)) - f69a3bb4-5ce3-4f3a-a5ec-57530bf8bb38@group-269E35724743-SegmentedRaftLogWorker was interrupted, exiting. There are 0 tasks remaining in the queue.
2019-10-03 08:29:42,889 [main] INFO  segmented.SegmentedRaftLogWorker (SegmentedRaftLogWorker.java:close(224)) - f69a3bb4-5ce3-4f3a-a5ec-57530bf8bb38@group-269E35724743-SegmentedRaftLogWorker close()
2019-10-03 08:29:42,893 [main] INFO  server.GrpcService (GrpcService.java:closeImpl(164)) - f69a3bb4-5ce3-4f3a-a5ec-57530bf8bb38: shutdown server with port 33249 now
2019-10-03 08:29:42,896 [grpc-default-executor-7] WARN  server.GrpcServerProtocolService (LogUtils.java:warn(134)) - f69a3bb4-5ce3-4f3a-a5ec-57530bf8bb38: installSnapshot onError, lastRequest: e99ec86c-eb11-4984-811e-cb8f4c6ed7f5->f69a3bb4-5ce3-4f3a-a5ec-57530bf8bb38#7-t3, previous=(t:3, i:2), leaderCommit=2, initializing? false, entries: <empty>: org.apache.ratis.thirdparty.io.grpc.StatusRuntimeException: CANCELLED: cancelled before receiving half close
2019-10-03 08:29:42,896 [main] INFO  server.GrpcService (GrpcService.java:closeImpl(172)) - f69a3bb4-5ce3-4f3a-a5ec-57530bf8bb38: shutdown server with port 33249 successfully
2019-10-03 08:29:42,896 [grpc-default-executor-8] WARN  server.GrpcLogAppender (LogUtils.java:warn(134)) - e99ec86c-eb11-4984-811e-cb8f4c6ed7f5@group-269E35724743->f69a3bb4-5ce3-4f3a-a5ec-57530bf8bb38-AppendLogResponseHandler: Failed appendEntries: org.apache.ratis.thirdparty.io.grpc.StatusRuntimeException: CANCELLED: HTTP/2 error code: CANCEL
Received Rst Stream
2019-10-03 08:29:42,897 [grpc-default-executor-8] INFO  impl.FollowerInfo (FollowerInfo.java:lambda$new$0(51)) - e99ec86c-eb11-4984-811e-cb8f4c6ed7f5@group-269E35724743->f69a3bb4-5ce3-4f3a-a5ec-57530bf8bb38: nextIndex: updateUnconditionally 3 -> 2
2019-10-03 08:29:42,898 [refreshUsed-/workdir/hadoop-ozone/integration-test/target/test-dir/MiniOzoneClusterImpl-60ce1093-8766-48da-b969-ec4fc1066279/datanode-1/data/containers] WARN  fs.CachingGetSpaceUsed (CachingGetSpaceUsed.java:run(183)) - Thread Interrupted waiting to refresh disk information: sleep interrupted
2019-10-03 08:29:42,917 [main] INFO  utils.BackgroundService (BackgroundService.java:shutdown(148)) - Shutting down service BlockDeletingService
2019-10-03 08:29:42,925 [main] INFO  statemachine.DatanodeStateMachine (DatanodeStateMachine.java:stopDaemon(395)) - Ozone container server stopped.
2019-10-03 08:29:42,926 [main] INFO  handler.ContextHandler (ContextHandler.java:doStop(910)) - Stopped o.e.j.w.WebAppContext@25a94b55{/,null,UNAVAILABLE}{/hddsDatanode}
2019-10-03 08:29:42,928 [main] INFO  server.AbstractConnector (AbstractConnector.java:doStop(318)) - Stopped ServerConnector@6adc5b9c{HTTP/1.1,[http/1.1]}{0.0.0.0:0}
2019-10-03 08:29:42,928 [main] INFO  handler.ContextHandler (ContextHandler.java:doStop(910)) - Stopped o.e.j.s.ServletContextHandler@1235151c{/static,jar:file:/home/user/.m2/repository/org/apache/hadoop/hadoop-hdds-container-service/0.5.0-SNAPSHOT/hadoop-hdds-container-service-0.5.0-SNAPSHOT.jar!/webapps/static,UNAVAILABLE}
2019-10-03 08:29:42,929 [main] INFO  handler.ContextHandler (ContextHandler.java:doStop(910)) - Stopped o.e.j.s.ServletContextHandler@7e1ffe70{/logs,file:///workdir/hadoop-ozone/integration-test/target/log,UNAVAILABLE}
2019-10-03 08:29:45,196 [grpc-default-executor-6] WARN  server.GrpcLogAppender (LogUtils.java:warn(134)) - e99ec86c-eb11-4984-811e-cb8f4c6ed7f5@group-269E35724743->027d15f8-0321-42a1-b7d1-02f58cd1cf17-AppendLogResponseHandler: Failed appendEntries: org.apache.ratis.thirdparty.io.grpc.StatusRuntimeException: UNAVAILABLE: io exception
2019-10-03 08:29:45,197 [grpc-default-executor-6] INFO  impl.FollowerInfo (FollowerInfo.java:lambda$new$0(51)) - e99ec86c-eb11-4984-811e-cb8f4c6ed7f5@group-269E35724743->027d15f8-0321-42a1-b7d1-02f58cd1cf17: nextIndex: updateUnconditionally 0 -> 0
2019-10-03 08:29:45,198 [grpc-default-executor-8] WARN  server.GrpcLogAppender (LogUtils.java:warn(134)) - e99ec86c-eb11-4984-811e-cb8f4c6ed7f5@group-269E35724743->f69a3bb4-5ce3-4f3a-a5ec-57530bf8bb38-AppendLogResponseHandler: Failed appendEntries: org.apache.ratis.thirdparty.io.grpc.StatusRuntimeException: UNAVAILABLE: io exception
2019-10-03 08:29:45,198 [grpc-default-executor-8] INFO  impl.FollowerInfo (FollowerInfo.java:lambda$new$0(51)) - e99ec86c-eb11-4984-811e-cb8f4c6ed7f5@group-269E35724743->f69a3bb4-5ce3-4f3a-a5ec-57530bf8bb38: nextIndex: updateUnconditionally 2 -> 1
2019-10-03 08:29:47,699 [grpc-default-executor-8] WARN  server.GrpcLogAppender (LogUtils.java:warn(134)) - e99ec86c-eb11-4984-811e-cb8f4c6ed7f5@group-269E35724743->f69a3bb4-5ce3-4f3a-a5ec-57530bf8bb38-AppendLogResponseHandler: Failed appendEntries: org.apache.ratis.thirdparty.io.grpc.StatusRuntimeException: UNAVAILABLE: io exception
2019-10-03 08:29:47,699 [grpc-default-executor-7] WARN  server.GrpcLogAppender (LogUtils.java:warn(134)) - e99ec86c-eb11-4984-811e-cb8f4c6ed7f5@group-269E35724743->027d15f8-0321-42a1-b7d1-02f58cd1cf17-AppendLogResponseHandler: Failed appendEntries: org.apache.ratis.thirdparty.io.grpc.StatusRuntimeException: UNAVAILABLE: io exception
2019-10-03 08:29:47,700 [grpc-default-executor-8] INFO  impl.FollowerInfo (FollowerInfo.java:lambda$new$0(51)) - e99ec86c-eb11-4984-811e-cb8f4c6ed7f5@group-269E35724743->f69a3bb4-5ce3-4f3a-a5ec-57530bf8bb38: nextIndex: updateUnconditionally 1 -> 0
2019-10-03 08:29:47,700 [grpc-default-executor-7] INFO  impl.FollowerInfo (FollowerInfo.java:lambda$new$0(51)) - e99ec86c-eb11-4984-811e-cb8f4c6ed7f5@group-269E35724743->027d15f8-0321-42a1-b7d1-02f58cd1cf17: nextIndex: updateUnconditionally 0 -> 0
2019-10-03 08:29:50,203 [grpc-default-executor-2] WARN  server.GrpcLogAppender (LogUtils.java:warn(134)) - e99ec86c-eb11-4984-811e-cb8f4c6ed7f5@group-269E35724743->027d15f8-0321-42a1-b7d1-02f58cd1cf17-AppendLogResponseHandler: Failed appendEntries: org.apache.ratis.thirdparty.io.grpc.StatusRuntimeException: UNAVAILABLE: io exception
2019-10-03 08:29:50,203 [grpc-default-executor-7] WARN  server.GrpcLogAppender (LogUtils.java:warn(134)) - e99ec86c-eb11-4984-811e-cb8f4c6ed7f5@group-269E35724743->f69a3bb4-5ce3-4f3a-a5ec-57530bf8bb38-AppendLogResponseHandler: Failed appendEntries: org.apache.ratis.thirdparty.io.grpc.StatusRuntimeException: UNAVAILABLE: io exception
2019-10-03 08:29:50,204 [grpc-default-executor-2] INFO  impl.FollowerInfo (FollowerInfo.java:lambda$new$0(51)) - e99ec86c-eb11-4984-811e-cb8f4c6ed7f5@group-269E35724743->027d15f8-0321-42a1-b7d1-02f58cd1cf17: nextIndex: updateUnconditionally 0 -> 0
2019-10-03 08:29:50,204 [grpc-default-executor-7] INFO  impl.FollowerInfo (FollowerInfo.java:lambda$new$0(51)) - e99ec86c-eb11-4984-811e-cb8f4c6ed7f5@group-269E35724743->f69a3bb4-5ce3-4f3a-a5ec-57530bf8bb38: nextIndex: updateUnconditionally 0 -> 0
2019-10-03 08:29:52,700 [grpc-default-executor-2] WARN  server.GrpcLogAppender (LogUtils.java:warn(134)) - e99ec86c-eb11-4984-811e-cb8f4c6ed7f5@group-269E35724743->027d15f8-0321-42a1-b7d1-02f58cd1cf17-AppendLogResponseHandler: Failed appendEntries: org.apache.ratis.thirdparty.io.grpc.StatusRuntimeException: UNAVAILABLE: io exception
2019-10-03 08:29:52,700 [grpc-default-executor-7] WARN  server.GrpcLogAppender (LogUtils.java:warn(134)) - e99ec86c-eb11-4984-811e-cb8f4c6ed7f5@group-269E35724743->f69a3bb4-5ce3-4f3a-a5ec-57530bf8bb38-AppendLogResponseHandler: Failed appendEntries: org.apache.ratis.thirdparty.io.grpc.StatusRuntimeException: UNAVAILABLE: io exception
2019-10-03 08:29:52,701 [grpc-default-executor-2] INFO  impl.FollowerInfo (FollowerInfo.java:lambda$new$0(51)) - e99ec86c-eb11-4984-811e-cb8f4c6ed7f5@group-269E35724743->027d15f8-0321-42a1-b7d1-02f58cd1cf17: nextIndex: updateUnconditionally 0 -> 0
2019-10-03 08:29:52,701 [grpc-default-executor-7] INFO  impl.FollowerInfo (FollowerInfo.java:lambda$new$0(51)) - e99ec86c-eb11-4984-811e-cb8f4c6ed7f5@group-269E35724743->f69a3bb4-5ce3-4f3a-a5ec-57530bf8bb38: nextIndex: updateUnconditionally 0 -> 0
2019-10-03 08:29:53,056 [Thread-1555] INFO  client.GrpcClientProtocolService (GrpcClientProtocolService.java:lambda$processClientRequest$0(278)) - Failed RaftClientRequest:client-B7BAF71EEAD3->e99ec86c-eb11-4984-811e-cb8f4c6ed7f5@group-269E35724743, cid=67, seq=0, Watch-ALL_COMMITTED(13), Message:<EMPTY>, reply=RaftClientReply:client-B7BAF71EEAD3->e99ec86c-eb11-4984-811e-cb8f4c6ed7f5@group-269E35724743, cid=67, FAILED org.apache.ratis.protocol.NotReplicatedException: Request with call Id 67 and log index 13 is not yet replicated to ALL_COMMITTED, logIndex=13, commits[e99ec86c-eb11-4984-811e-cb8f4c6ed7f5:c2, 027d15f8-0321-42a1-b7d1-02f58cd1cf17:c2, f69a3bb4-5ce3-4f3a-a5ec-57530bf8bb38:c2]
2019-10-03 08:29:55,201 [grpc-default-executor-7] WARN  server.GrpcLogAppender (LogUtils.java:warn(134)) - e99ec86c-eb11-4984-811e-cb8f4c6ed7f5@group-269E35724743->f69a3bb4-5ce3-4f3a-a5ec-57530bf8bb38-AppendLogResponseHandler: Failed appendEntries: org.apache.ratis.thirdparty.io.grpc.StatusRuntimeException: UNAVAILABLE: io exception
2019-10-03 08:29:55,201 [grpc-default-executor-4] WARN  server.GrpcLogAppender (LogUtils.java:warn(134)) - e99ec86c-eb11-4984-811e-cb8f4c6ed7f5@group-269E35724743->027d15f8-0321-42a1-b7d1-02f58cd1cf17-AppendLogResponseHandler: Failed appendEntries: org.apache.ratis.thirdparty.io.grpc.StatusRuntimeException: UNAVAILABLE: io exception
2019-10-03 08:29:55,204 [grpc-default-executor-7] INFO  impl.FollowerInfo (FollowerInfo.java:lambda$new$0(51)) - e99ec86c-eb11-4984-811e-cb8f4c6ed7f5@group-269E35724743->f69a3bb4-5ce3-4f3a-a5ec-57530bf8bb38: nextIndex: updateUnconditionally 0 -> 0
2019-10-03 08:29:55,204 [grpc-default-executor-4] INFO  impl.FollowerInfo (FollowerInfo.java:lambda$new$0(51)) - e99ec86c-eb11-4984-811e-cb8f4c6ed7f5@group-269E35724743->027d15f8-0321-42a1-b7d1-02f58cd1cf17: nextIndex: updateUnconditionally 0 -> 0
2019-10-03 08:29:57,701 [grpc-default-executor-6] WARN  server.GrpcLogAppender (LogUtils.java:warn(134)) - e99ec86c-eb11-4984-811e-cb8f4c6ed7f5@group-269E35724743->f69a3bb4-5ce3-4f3a-a5ec-57530bf8bb38-AppendLogResponseHandler: Failed appendEntries: org.apache.ratis.thirdparty.io.grpc.StatusRuntimeException: UNAVAILABLE: io exception
2019-10-03 08:29:57,701 [grpc-default-executor-2] WARN  server.GrpcLogAppender (LogUtils.java:warn(134)) - e99ec86c-eb11-4984-811e-cb8f4c6ed7f5@group-269E35724743->027d15f8-0321-42a1-b7d1-02f58cd1cf17-AppendLogResponseHandler: Failed appendEntries: org.apache.ratis.thirdparty.io.grpc.StatusRuntimeException: UNAVAILABLE: io exception
2019-10-03 08:29:57,702 [grpc-default-executor-6] INFO  impl.FollowerInfo (FollowerInfo.java:lambda$new$0(51)) - e99ec86c-eb11-4984-811e-cb8f4c6ed7f5@group-269E35724743->f69a3bb4-5ce3-4f3a-a5ec-57530bf8bb38: nextIndex: updateUnconditionally 0 -> 0
2019-10-03 08:29:57,702 [grpc-default-executor-2] INFO  impl.FollowerInfo (FollowerInfo.java:lambda$new$0(51)) - e99ec86c-eb11-4984-811e-cb8f4c6ed7f5@group-269E35724743->027d15f8-0321-42a1-b7d1-02f58cd1cf17: nextIndex: updateUnconditionally 0 -> 0
2019-10-03 08:30:00,203 [grpc-default-executor-4] WARN  server.GrpcLogAppender (LogUtils.java:warn(134)) - e99ec86c-eb11-4984-811e-cb8f4c6ed7f5@group-269E35724743->f69a3bb4-5ce3-4f3a-a5ec-57530bf8bb38-AppendLogResponseHandler: Failed appendEntries: org.apache.ratis.thirdparty.io.grpc.StatusRuntimeException: UNAVAILABLE: io exception
2019-10-03 08:30:00,203 [grpc-default-executor-2] WARN  server.GrpcLogAppender (LogUtils.java:warn(134)) - e99ec86c-eb11-4984-811e-cb8f4c6ed7f5@group-269E35724743->027d15f8-0321-42a1-b7d1-02f58cd1cf17-AppendLogResponseHandler: Failed appendEntries: org.apache.ratis.thirdparty.io.grpc.StatusRuntimeException: UNAVAILABLE: io exception
2019-10-03 08:30:00,203 [grpc-default-executor-4] INFO  impl.FollowerInfo (FollowerInfo.java:lambda$new$0(51)) - e99ec86c-eb11-4984-811e-cb8f4c6ed7f5@group-269E35724743->f69a3bb4-5ce3-4f3a-a5ec-57530bf8bb38: nextIndex: updateUnconditionally 0 -> 0
2019-10-03 08:30:00,203 [grpc-default-executor-2] INFO  impl.FollowerInfo (FollowerInfo.java:lambda$new$0(51)) - e99ec86c-eb11-4984-811e-cb8f4c6ed7f5@group-269E35724743->027d15f8-0321-42a1-b7d1-02f58cd1cf17: nextIndex: updateUnconditionally 0 -> 0
2019-10-03 08:30:02,704 [grpc-default-executor-4] WARN  server.GrpcLogAppender (LogUtils.java:warn(134)) - e99ec86c-eb11-4984-811e-cb8f4c6ed7f5@group-269E35724743->f69a3bb4-5ce3-4f3a-a5ec-57530bf8bb38-AppendLogResponseHandler: Failed appendEntries: org.apache.ratis.thirdparty.io.grpc.StatusRuntimeException: UNAVAILABLE: io exception
2019-10-03 08:30:02,704 [grpc-default-executor-2] WARN  server.GrpcLogAppender (LogUtils.java:warn(134)) - e99ec86c-eb11-4984-811e-cb8f4c6ed7f5@group-269E35724743->027d15f8-0321-42a1-b7d1-02f58cd1cf17-AppendLogResponseHandler: Failed appendEntries: org.apache.ratis.thirdparty.io.grpc.StatusRuntimeException: UNAVAILABLE: io exception
2019-10-03 08:30:02,705 [grpc-default-executor-4] INFO  impl.FollowerInfo (FollowerInfo.java:lambda$new$0(51)) - e99ec86c-eb11-4984-811e-cb8f4c6ed7f5@group-269E35724743->f69a3bb4-5ce3-4f3a-a5ec-57530bf8bb38: nextIndex: updateUnconditionally 0 -> 0
2019-10-03 08:30:02,705 [grpc-default-executor-2] INFO  impl.FollowerInfo (FollowerInfo.java:lambda$new$0(51)) - e99ec86c-eb11-4984-811e-cb8f4c6ed7f5@group-269E35724743->027d15f8-0321-42a1-b7d1-02f58cd1cf17: nextIndex: updateUnconditionally 0 -> 0
2019-10-03 08:30:02,931 [main] WARN  scm.XceiverClientRatis (XceiverClientRatis.java:watchForCommit(292)) - 3 way commit failed on pipeline Pipeline[ Id: bc72e4a1-cb30-47ad-bb55-269e35724743, Nodes: 027d15f8-0321-42a1-b7d1-02f58cd1cf17{ip: 192.168.151.98, host: pr-hdds2217-2mkdc-371598885, networkLocation: /default-rack, certSerialId: null}f69a3bb4-5ce3-4f3a-a5ec-57530bf8bb38{ip: 192.168.151.98, host: pr-hdds2217-2mkdc-371598885, networkLocation: /default-rack, certSerialId: null}e99ec86c-eb11-4984-811e-cb8f4c6ed7f5{ip: 192.168.151.98, host: pr-hdds2217-2mkdc-371598885, networkLocation: /default-rack, certSerialId: null}, Type:RATIS, Factor:THREE, State:OPEN]
java.util.concurrent.TimeoutException
	at java.util.concurrent.CompletableFuture.timedGet(CompletableFuture.java:1771)
	at java.util.concurrent.CompletableFuture.get(CompletableFuture.java:1915)
	at org.apache.hadoop.hdds.scm.XceiverClientRatis.watchForCommit(XceiverClientRatis.java:289)
	at org.apache.hadoop.ozone.client.rpc.TestWatchForCommit.testWatchForCommitForRetryfailure(TestWatchForCommit.java:345)
	at sun.reflect.NativeMethodAccessorImpl.invoke0(Native Method)
	at sun.reflect.NativeMethodAccessorImpl.invoke(NativeMethodAccessorImpl.java:62)
	at sun.reflect.DelegatingMethodAccessorImpl.invoke(DelegatingMethodAccessorImpl.java:43)
	at java.lang.reflect.Method.invoke(Method.java:498)
	at org.junit.runners.model.FrameworkMethod$1.runReflectiveCall(FrameworkMethod.java:47)
	at org.junit.internal.runners.model.ReflectiveCallable.run(ReflectiveCallable.java:12)
	at org.junit.runners.model.FrameworkMethod.invokeExplosively(FrameworkMethod.java:44)
	at org.junit.internal.runners.statements.InvokeMethod.evaluate(InvokeMethod.java:17)
	at org.junit.runners.ParentRunner.runLeaf(ParentRunner.java:271)
	at org.junit.runners.BlockJUnit4ClassRunner.runChild(BlockJUnit4ClassRunner.java:70)
	at org.junit.runners.BlockJUnit4ClassRunner.runChild(BlockJUnit4ClassRunner.java:50)
	at org.junit.runners.ParentRunner$3.run(ParentRunner.java:238)
	at org.junit.runners.ParentRunner$1.schedule(ParentRunner.java:63)
	at org.junit.runners.ParentRunner.runChildren(ParentRunner.java:236)
	at org.junit.runners.ParentRunner.access$000(ParentRunner.java:53)
	at org.junit.runners.ParentRunner$2.evaluate(ParentRunner.java:229)
	at org.junit.runners.ParentRunner.run(ParentRunner.java:309)
	at org.apache.maven.surefire.junit4.JUnit4Provider.execute(JUnit4Provider.java:365)
	at org.apache.maven.surefire.junit4.JUnit4Provider.executeWithRerun(JUnit4Provider.java:273)
	at org.apache.maven.surefire.junit4.JUnit4Provider.executeTestSet(JUnit4Provider.java:238)
	at org.apache.maven.surefire.junit4.JUnit4Provider.invoke(JUnit4Provider.java:159)
	at org.apache.maven.surefire.booter.ForkedBooter.invokeProviderInSameClassLoader(ForkedBooter.java:384)
	at org.apache.maven.surefire.booter.ForkedBooter.runSuitesInProcess(ForkedBooter.java:345)
	at org.apache.maven.surefire.booter.ForkedBooter.execute(ForkedBooter.java:126)
	at org.apache.maven.surefire.booter.ForkedBooter.main(ForkedBooter.java:418)
2019-10-03 08:30:05,056 [Thread-1576] INFO  client.GrpcClientProtocolService (GrpcClientProtocolService.java:lambda$processClientRequest$0(278)) - Failed RaftClientRequest:client-B7BAF71EEAD3->e99ec86c-eb11-4984-811e-cb8f4c6ed7f5@group-269E35724743, cid=67, seq=0, Watch-ALL_COMMITTED(13), Message:<EMPTY>, reply=RaftClientReply:client-B7BAF71EEAD3->e99ec86c-eb11-4984-811e-cb8f4c6ed7f5@group-269E35724743, cid=67, FAILED org.apache.ratis.protocol.NotReplicatedException: Request with call Id 67 and log index 13 is not yet replicated to ALL_COMMITTED, logIndex=13, commits[e99ec86c-eb11-4984-811e-cb8f4c6ed7f5:c2, 027d15f8-0321-42a1-b7d1-02f58cd1cf17:c2, f69a3bb4-5ce3-4f3a-a5ec-57530bf8bb38:c2]
2019-10-03 08:30:05,204 [grpc-default-executor-8] WARN  server.GrpcLogAppender (LogUtils.java:warn(134)) - e99ec86c-eb11-4984-811e-cb8f4c6ed7f5@group-269E35724743->f69a3bb4-5ce3-4f3a-a5ec-57530bf8bb38-AppendLogResponseHandler: Failed appendEntries: org.apache.ratis.thirdparty.io.grpc.StatusRuntimeException: UNAVAILABLE: io exception
2019-10-03 08:30:05,207 [grpc-default-executor-6] WARN  server.GrpcLogAppender (LogUtils.java:warn(134)) - e99ec86c-eb11-4984-811e-cb8f4c6ed7f5@group-269E35724743->027d15f8-0321-42a1-b7d1-02f58cd1cf17-AppendLogResponseHandler: Failed appendEntries: org.apache.ratis.thirdparty.io.grpc.StatusRuntimeException: UNAVAILABLE: io exception
2019-10-03 08:30:05,209 [grpc-default-executor-8] INFO  impl.FollowerInfo (FollowerInfo.java:lambda$new$0(51)) - e99ec86c-eb11-4984-811e-cb8f4c6ed7f5@group-269E35724743->f69a3bb4-5ce3-4f3a-a5ec-57530bf8bb38: nextIndex: updateUnconditionally 0 -> 0
2019-10-03 08:30:05,209 [grpc-default-executor-6] INFO  impl.FollowerInfo (FollowerInfo.java:lambda$new$0(51)) - e99ec86c-eb11-4984-811e-cb8f4c6ed7f5@group-269E35724743->027d15f8-0321-42a1-b7d1-02f58cd1cf17: nextIndex: updateUnconditionally 0 -> 0
2019-10-03 08:30:07,705 [grpc-default-executor-4] WARN  server.GrpcLogAppender (LogUtils.java:warn(134)) - e99ec86c-eb11-4984-811e-cb8f4c6ed7f5@group-269E35724743->027d15f8-0321-42a1-b7d1-02f58cd1cf17-AppendLogResponseHandler: Failed appendEntries: org.apache.ratis.thirdparty.io.grpc.StatusRuntimeException: UNAVAILABLE: io exception
2019-10-03 08:30:07,705 [grpc-default-executor-6] WARN  server.GrpcLogAppender (LogUtils.java:warn(134)) - e99ec86c-eb11-4984-811e-cb8f4c6ed7f5@group-269E35724743->f69a3bb4-5ce3-4f3a-a5ec-57530bf8bb38-AppendLogResponseHandler: Failed appendEntries: org.apache.ratis.thirdparty.io.grpc.StatusRuntimeException: UNAVAILABLE: io exception
2019-10-03 08:30:07,706 [grpc-default-executor-4] INFO  impl.FollowerInfo (FollowerInfo.java:lambda$new$0(51)) - e99ec86c-eb11-4984-811e-cb8f4c6ed7f5@group-269E35724743->027d15f8-0321-42a1-b7d1-02f58cd1cf17: nextIndex: updateUnconditionally 0 -> 0
2019-10-03 08:30:07,706 [grpc-default-executor-6] INFO  impl.FollowerInfo (FollowerInfo.java:lambda$new$0(51)) - e99ec86c-eb11-4984-811e-cb8f4c6ed7f5@group-269E35724743->f69a3bb4-5ce3-4f3a-a5ec-57530bf8bb38: nextIndex: updateUnconditionally 0 -> 0
2019-10-03 08:30:10,205 [grpc-default-executor-2] WARN  server.GrpcLogAppender (LogUtils.java:warn(134)) - e99ec86c-eb11-4984-811e-cb8f4c6ed7f5@group-269E35724743->f69a3bb4-5ce3-4f3a-a5ec-57530bf8bb38-AppendLogResponseHandler: Failed appendEntries: org.apache.ratis.thirdparty.io.grpc.StatusRuntimeException: UNAVAILABLE: io exception
2019-10-03 08:30:10,205 [grpc-default-executor-4] WARN  server.GrpcLogAppender (LogUtils.java:warn(134)) - e99ec86c-eb11-4984-811e-cb8f4c6ed7f5@group-269E35724743->027d15f8-0321-42a1-b7d1-02f58cd1cf17-AppendLogResponseHandler: Failed appendEntries: org.apache.ratis.thirdparty.io.grpc.StatusRuntimeException: UNAVAILABLE: io exception
2019-10-03 08:30:10,206 [grpc-default-executor-2] INFO  impl.FollowerInfo (FollowerInfo.java:lambda$new$0(51)) - e99ec86c-eb11-4984-811e-cb8f4c6ed7f5@group-269E35724743->f69a3bb4-5ce3-4f3a-a5ec-57530bf8bb38: nextIndex: updateUnconditionally 0 -> 0
2019-10-03 08:30:10,206 [grpc-default-executor-4] INFO  impl.FollowerInfo (FollowerInfo.java:lambda$new$0(51)) - e99ec86c-eb11-4984-811e-cb8f4c6ed7f5@group-269E35724743->027d15f8-0321-42a1-b7d1-02f58cd1cf17: nextIndex: updateUnconditionally 0 -> 0
2019-10-03 08:30:12,706 [grpc-default-executor-2] WARN  server.GrpcLogAppender (LogUtils.java:warn(134)) - e99ec86c-eb11-4984-811e-cb8f4c6ed7f5@group-269E35724743->027d15f8-0321-42a1-b7d1-02f58cd1cf17-AppendLogResponseHandler: Failed appendEntries: org.apache.ratis.thirdparty.io.grpc.StatusRuntimeException: UNAVAILABLE: io exception
2019-10-03 08:30:12,706 [grpc-default-executor-4] WARN  server.GrpcLogAppender (LogUtils.java:warn(134)) - e99ec86c-eb11-4984-811e-cb8f4c6ed7f5@group-269E35724743->f69a3bb4-5ce3-4f3a-a5ec-57530bf8bb38-AppendLogResponseHandler: Failed appendEntries: org.apache.ratis.thirdparty.io.grpc.StatusRuntimeException: UNAVAILABLE: io exception
2019-10-03 08:30:12,707 [grpc-default-executor-2] INFO  impl.FollowerInfo (FollowerInfo.java:lambda$new$0(51)) - e99ec86c-eb11-4984-811e-cb8f4c6ed7f5@group-269E35724743->027d15f8-0321-42a1-b7d1-02f58cd1cf17: nextIndex: updateUnconditionally 0 -> 0
2019-10-03 08:30:12,707 [grpc-default-executor-4] INFO  impl.FollowerInfo (FollowerInfo.java:lambda$new$0(51)) - e99ec86c-eb11-4984-811e-cb8f4c6ed7f5@group-269E35724743->f69a3bb4-5ce3-4f3a-a5ec-57530bf8bb38: nextIndex: updateUnconditionally 0 -> 0
2019-10-03 08:30:15,207 [grpc-default-executor-4] WARN  server.GrpcLogAppender (LogUtils.java:warn(134)) - e99ec86c-eb11-4984-811e-cb8f4c6ed7f5@group-269E35724743->027d15f8-0321-42a1-b7d1-02f58cd1cf17-AppendLogResponseHandler: Failed appendEntries: org.apache.ratis.thirdparty.io.grpc.StatusRuntimeException: UNAVAILABLE: io exception
2019-10-03 08:30:15,207 [grpc-default-executor-6] WARN  server.GrpcLogAppender (LogUtils.java:warn(134)) - e99ec86c-eb11-4984-811e-cb8f4c6ed7f5@group-269E35724743->f69a3bb4-5ce3-4f3a-a5ec-57530bf8bb38-AppendLogResponseHandler: Failed appendEntries: org.apache.ratis.thirdparty.io.grpc.StatusRuntimeException: UNAVAILABLE: io exception
2019-10-03 08:30:15,208 [grpc-default-executor-4] INFO  impl.FollowerInfo (FollowerInfo.java:lambda$new$0(51)) - e99ec86c-eb11-4984-811e-cb8f4c6ed7f5@group-269E35724743->027d15f8-0321-42a1-b7d1-02f58cd1cf17: nextIndex: updateUnconditionally 0 -> 0
2019-10-03 08:30:15,208 [grpc-default-executor-6] INFO  impl.FollowerInfo (FollowerInfo.java:lambda$new$0(51)) - e99ec86c-eb11-4984-811e-cb8f4c6ed7f5@group-269E35724743->f69a3bb4-5ce3-4f3a-a5ec-57530bf8bb38: nextIndex: updateUnconditionally 0 -> 0
2019-10-03 08:30:16,057 [Thread-1593] INFO  client.GrpcClientProtocolService (GrpcClientProtocolService.java:lambda$processClientRequest$0(278)) - Failed RaftClientRequest:client-B7BAF71EEAD3->e99ec86c-eb11-4984-811e-cb8f4c6ed7f5@group-269E35724743, cid=67, seq=0, Watch-ALL_COMMITTED(13), Message:<EMPTY>, reply=RaftClientReply:client-B7BAF71EEAD3->e99ec86c-eb11-4984-811e-cb8f4c6ed7f5@group-269E35724743, cid=67, FAILED org.apache.ratis.protocol.NotReplicatedException: Request with call Id 67 and log index 13 is not yet replicated to ALL_COMMITTED, logIndex=13, commits[e99ec86c-eb11-4984-811e-cb8f4c6ed7f5:c2, 027d15f8-0321-42a1-b7d1-02f58cd1cf17:c2, f69a3bb4-5ce3-4f3a-a5ec-57530bf8bb38:c2]
2019-10-03 08:30:16,058 [Thread-1594] INFO  client.GrpcClientProtocolService (GrpcClientProtocolService.java:lambda$processClientRequest$0(278)) - Failed RaftClientRequest:client-B7BAF71EEAD3->e99ec86c-eb11-4984-811e-cb8f4c6ed7f5@group-269E35724743, cid=68, seq=0, Watch-MAJORITY_COMMITTED(13), Message:<EMPTY>, reply=RaftClientReply:client-B7BAF71EEAD3->e99ec86c-eb11-4984-811e-cb8f4c6ed7f5@group-269E35724743, cid=68, FAILED org.apache.ratis.protocol.NotReplicatedException: Request with call Id 68 and log index 13 is not yet replicated to MAJORITY_COMMITTED, logIndex=13, commits[e99ec86c-eb11-4984-811e-cb8f4c6ed7f5:c2, 027d15f8-0321-42a1-b7d1-02f58cd1cf17:c2, f69a3bb4-5ce3-4f3a-a5ec-57530bf8bb38:c2]
2019-10-03 08:30:17,711 [grpc-default-executor-7] WARN  server.GrpcLogAppender (LogUtils.java:warn(134)) - e99ec86c-eb11-4984-811e-cb8f4c6ed7f5@group-269E35724743->027d15f8-0321-42a1-b7d1-02f58cd1cf17-AppendLogResponseHandler: Failed appendEntries: org.apache.ratis.thirdparty.io.grpc.StatusRuntimeException: UNAVAILABLE: io exception
2019-10-03 08:30:17,716 [grpc-default-executor-9] WARN  server.GrpcLogAppender (LogUtils.java:warn(134)) - e99ec86c-eb11-4984-811e-cb8f4c6ed7f5@group-269E35724743->f69a3bb4-5ce3-4f3a-a5ec-57530bf8bb38-AppendLogResponseHandler: Failed appendEntries: org.apache.ratis.thirdparty.io.grpc.StatusRuntimeException: UNAVAILABLE: io exception
2019-10-03 08:30:17,718 [grpc-default-executor-7] INFO  impl.FollowerInfo (FollowerInfo.java:lambda$new$0(51)) - e99ec86c-eb11-4984-811e-cb8f4c6ed7f5@group-269E35724743->027d15f8-0321-42a1-b7d1-02f58cd1cf17: nextIndex: updateUnconditionally 0 -> 0
2019-10-03 08:30:17,719 [grpc-default-executor-9] INFO  impl.FollowerInfo (FollowerInfo.java:lambda$new$0(51)) - e99ec86c-eb11-4984-811e-cb8f4c6ed7f5@group-269E35724743->f69a3bb4-5ce3-4f3a-a5ec-57530bf8bb38: nextIndex: updateUnconditionally 0 -> 0
2019-10-03 08:30:18,011 [java.util.concurrent.ThreadPoolExecutor$Worker@3ecd9de1[State = -1, empty queue]] WARN  util.TimeoutScheduler (LogUtils.java:runAndLog(55)) - Failed to task #1: java.lang.NullPointerException
2019-10-03 08:30:20,209 [grpc-default-executor-8] WARN  server.GrpcLogAppender (LogUtils.java:warn(134)) - e99ec86c-eb11-4984-811e-cb8f4c6ed7f5@group-269E35724743->f69a3bb4-5ce3-4f3a-a5ec-57530bf8bb38-AppendLogResponseHandler: Failed appendEntries: org.apache.ratis.thirdparty.io.grpc.StatusRuntimeException: UNAVAILABLE: io exception
2019-10-03 08:30:20,209 [grpc-default-executor-2] WARN  server.GrpcLogAppender (LogUtils.java:warn(134)) - e99ec86c-eb11-4984-811e-cb8f4c6ed7f5@group-269E35724743->027d15f8-0321-42a1-b7d1-02f58cd1cf17-AppendLogResponseHandler: Failed appendEntries: org.apache.ratis.thirdparty.io.grpc.StatusRuntimeException: UNAVAILABLE: io exception
2019-10-03 08:30:20,210 [grpc-default-executor-8] INFO  impl.FollowerInfo (FollowerInfo.java:lambda$new$0(51)) - e99ec86c-eb11-4984-811e-cb8f4c6ed7f5@group-269E35724743->f69a3bb4-5ce3-4f3a-a5ec-57530bf8bb38: nextIndex: updateUnconditionally 0 -> 0
2019-10-03 08:30:20,210 [grpc-default-executor-2] INFO  impl.FollowerInfo (FollowerInfo.java:lambda$new$0(51)) - e99ec86c-eb11-4984-811e-cb8f4c6ed7f5@group-269E35724743->027d15f8-0321-42a1-b7d1-02f58cd1cf17: nextIndex: updateUnconditionally 0 -> 0
2019-10-03 08:30:22,710 [grpc-default-executor-2] WARN  server.GrpcLogAppender (LogUtils.java:warn(134)) - e99ec86c-eb11-4984-811e-cb8f4c6ed7f5@group-269E35724743->027d15f8-0321-42a1-b7d1-02f58cd1cf17-AppendLogResponseHandler: Failed appendEntries: org.apache.ratis.thirdparty.io.grpc.StatusRuntimeException: UNAVAILABLE: io exception
2019-10-03 08:30:22,710 [grpc-default-executor-4] WARN  server.GrpcLogAppender (LogUtils.java:warn(134)) - e99ec86c-eb11-4984-811e-cb8f4c6ed7f5@group-269E35724743->f69a3bb4-5ce3-4f3a-a5ec-57530bf8bb38-AppendLogResponseHandler: Failed appendEntries: org.apache.ratis.thirdparty.io.grpc.StatusRuntimeException: UNAVAILABLE: io exception
2019-10-03 08:30:22,710 [grpc-default-executor-2] INFO  impl.FollowerInfo (FollowerInfo.java:lambda$new$0(51)) - e99ec86c-eb11-4984-811e-cb8f4c6ed7f5@group-269E35724743->027d15f8-0321-42a1-b7d1-02f58cd1cf17: nextIndex: updateUnconditionally 0 -> 0
2019-10-03 08:30:22,711 [grpc-default-executor-4] INFO  impl.FollowerInfo (FollowerInfo.java:lambda$new$0(51)) - e99ec86c-eb11-4984-811e-cb8f4c6ed7f5@group-269E35724743->f69a3bb4-5ce3-4f3a-a5ec-57530bf8bb38: nextIndex: updateUnconditionally 0 -> 0
]]></system-out>
    <system-err><![CDATA[Oct 03, 2019 8:29:37 AM org.apache.ratis.thirdparty.io.grpc.internal.SerializingExecutor run
SEVERE: Exception while executing runnable org.apache.ratis.thirdparty.io.grpc.internal.ServerImpl$JumpToApplicationThreadServerStreamListener$1Closed@33c1cd6c
org.apache.ratis.thirdparty.io.grpc.StatusRuntimeException: CANCELLED: call already cancelled
	at org.apache.ratis.thirdparty.io.grpc.Status.asRuntimeException(Status.java:517)
	at org.apache.ratis.thirdparty.io.grpc.stub.ServerCalls$ServerCallStreamObserverImpl.onCompleted(ServerCalls.java:356)
	at org.apache.ratis.grpc.server.GrpcServerProtocolService$ServerRequestStreamObserver.onError(GrpcServerProtocolService.java:121)
	at org.apache.ratis.thirdparty.io.grpc.stub.ServerCalls$StreamingServerCallHandler$StreamingServerCallListener.onCancel(ServerCalls.java:269)
	at org.apache.ratis.thirdparty.io.grpc.internal.ServerCallImpl$ServerStreamListenerImpl.closed(ServerCallImpl.java:293)
	at org.apache.ratis.thirdparty.io.grpc.internal.ServerImpl$JumpToApplicationThreadServerStreamListener$1Closed.runInContext(ServerImpl.java:741)
	at org.apache.ratis.thirdparty.io.grpc.internal.ContextRunnable.run(ContextRunnable.java:37)
	at org.apache.ratis.thirdparty.io.grpc.internal.SerializingExecutor.run(SerializingExecutor.java:123)
	at java.util.concurrent.ThreadPoolExecutor.runWorker(ThreadPoolExecutor.java:1149)
	at java.util.concurrent.ThreadPoolExecutor$Worker.run(ThreadPoolExecutor.java:624)
	at java.lang.Thread.run(Thread.java:748)

Oct 03, 2019 8:29:42 AM org.apache.ratis.thirdparty.io.grpc.internal.SerializingExecutor run
SEVERE: Exception while executing runnable org.apache.ratis.thirdparty.io.grpc.internal.ServerImpl$JumpToApplicationThreadServerStreamListener$1Closed@67854c3b
org.apache.ratis.thirdparty.io.grpc.StatusRuntimeException: CANCELLED: call already cancelled
	at org.apache.ratis.thirdparty.io.grpc.Status.asRuntimeException(Status.java:517)
	at org.apache.ratis.thirdparty.io.grpc.stub.ServerCalls$ServerCallStreamObserverImpl.onCompleted(ServerCalls.java:356)
	at org.apache.ratis.grpc.server.GrpcServerProtocolService$ServerRequestStreamObserver.onError(GrpcServerProtocolService.java:121)
	at org.apache.ratis.thirdparty.io.grpc.stub.ServerCalls$StreamingServerCallHandler$StreamingServerCallListener.onCancel(ServerCalls.java:269)
	at org.apache.ratis.thirdparty.io.grpc.internal.ServerCallImpl$ServerStreamListenerImpl.closed(ServerCallImpl.java:293)
	at org.apache.ratis.thirdparty.io.grpc.internal.ServerImpl$JumpToApplicationThreadServerStreamListener$1Closed.runInContext(ServerImpl.java:741)
	at org.apache.ratis.thirdparty.io.grpc.internal.ContextRunnable.run(ContextRunnable.java:37)
	at org.apache.ratis.thirdparty.io.grpc.internal.SerializingExecutor.run(SerializingExecutor.java:123)
	at java.util.concurrent.ThreadPoolExecutor.runWorker(ThreadPoolExecutor.java:1149)
	at java.util.concurrent.ThreadPoolExecutor$Worker.run(ThreadPoolExecutor.java:624)
	at java.lang.Thread.run(Thread.java:748)

]]></system-err>
  </testcase>
  <testcase name="testWatchForCommitForGroupMismatchException" classname="org.apache.hadoop.ozone.client.rpc.TestWatchForCommit" time="32.223"/>
  <testcase name="test2WayCommitForTimeoutException" classname="org.apache.hadoop.ozone.client.rpc.TestWatchForCommit" time="22.932">
    <error type="java.util.concurrent.TimeoutException">java.util.concurrent.TimeoutException
	at java.util.concurrent.CompletableFuture.timedGet(CompletableFuture.java:1771)
	at java.util.concurrent.CompletableFuture.get(CompletableFuture.java:1915)
	at org.apache.hadoop.hdds.scm.XceiverClientRatis.watchForCommit(XceiverClientRatis.java:298)
	at org.apache.hadoop.ozone.client.rpc.TestWatchForCommit.test2WayCommitForTimeoutException(TestWatchForCommit.java:391)
	at sun.reflect.NativeMethodAccessorImpl.invoke0(Native Method)
	at sun.reflect.NativeMethodAccessorImpl.invoke(NativeMethodAccessorImpl.java:62)
	at sun.reflect.DelegatingMethodAccessorImpl.invoke(DelegatingMethodAccessorImpl.java:43)
	at java.lang.reflect.Method.invoke(Method.java:498)
	at org.junit.runners.model.FrameworkMethod$1.runReflectiveCall(FrameworkMethod.java:47)
	at org.junit.internal.runners.model.ReflectiveCallable.run(ReflectiveCallable.java:12)
	at org.junit.runners.model.FrameworkMethod.invokeExplosively(FrameworkMethod.java:44)
	at org.junit.internal.runners.statements.InvokeMethod.evaluate(InvokeMethod.java:17)
	at org.junit.runners.ParentRunner.runLeaf(ParentRunner.java:271)
	at org.junit.runners.BlockJUnit4ClassRunner.runChild(BlockJUnit4ClassRunner.java:70)
	at org.junit.runners.BlockJUnit4ClassRunner.runChild(BlockJUnit4ClassRunner.java:50)
	at org.junit.runners.ParentRunner$3.run(ParentRunner.java:238)
	at org.junit.runners.ParentRunner$1.schedule(ParentRunner.java:63)
	at org.junit.runners.ParentRunner.runChildren(ParentRunner.java:236)
	at org.junit.runners.ParentRunner.access$000(ParentRunner.java:53)
	at org.junit.runners.ParentRunner$2.evaluate(ParentRunner.java:229)
	at org.junit.runners.ParentRunner.run(ParentRunner.java:309)
	at org.apache.maven.surefire.junit4.JUnit4Provider.execute(JUnit4Provider.java:365)
	at org.apache.maven.surefire.junit4.JUnit4Provider.executeWithRerun(JUnit4Provider.java:273)
	at org.apache.maven.surefire.junit4.JUnit4Provider.executeTestSet(JUnit4Provider.java:238)
	at org.apache.maven.surefire.junit4.JUnit4Provider.invoke(JUnit4Provider.java:159)
	at org.apache.maven.surefire.booter.ForkedBooter.invokeProviderInSameClassLoader(ForkedBooter.java:384)
	at org.apache.maven.surefire.booter.ForkedBooter.runSuitesInProcess(ForkedBooter.java:345)
	at org.apache.maven.surefire.booter.ForkedBooter.execute(ForkedBooter.java:126)
	at org.apache.maven.surefire.booter.ForkedBooter.main(ForkedBooter.java:418)
</error>
    <system-out><![CDATA[2019-10-03 08:30:55,187 [main] WARN  server.ServerUtils (ServerUtils.java:getScmDbDir(145)) - ozone.scm.db.dirs is not configured. We recommend adding this setting. Falling back to ozone.metadata.dirs instead.
2019-10-03 08:30:55,203 [main] WARN  server.ServerUtils (ServerUtils.java:getScmDbDir(145)) - ozone.scm.db.dirs is not configured. We recommend adding this setting. Falling back to ozone.metadata.dirs instead.
2019-10-03 08:30:55,203 [main] WARN  server.ServerUtils (ServerUtils.java:getScmDbDir(145)) - ozone.scm.db.dirs is not configured. We recommend adding this setting. Falling back to ozone.metadata.dirs instead.
2019-10-03 08:30:55,203 [main] INFO  db.DBStoreBuilder (DBStoreBuilder.java:addTable(110)) - using custom profile for table: deletedBlocks
2019-10-03 08:30:55,204 [main] INFO  db.DBStoreBuilder (DBStoreBuilder.java:processTables(161)) - Using default column profile:DBProfile.DISK for Table:deletedBlocks
2019-10-03 08:30:55,204 [main] INFO  db.DBStoreBuilder (DBStoreBuilder.java:addTable(110)) - using custom profile for table: validCerts
2019-10-03 08:30:55,204 [main] INFO  db.DBStoreBuilder (DBStoreBuilder.java:processTables(161)) - Using default column profile:DBProfile.DISK for Table:validCerts
2019-10-03 08:30:55,204 [main] INFO  db.DBStoreBuilder (DBStoreBuilder.java:addTable(110)) - using custom profile for table: revokedCerts
2019-10-03 08:30:55,204 [main] INFO  db.DBStoreBuilder (DBStoreBuilder.java:processTables(161)) - Using default column profile:DBProfile.DISK for Table:revokedCerts
2019-10-03 08:30:55,205 [main] INFO  db.DBStoreBuilder (DBStoreBuilder.java:addTable(110)) - using custom profile for table: default
2019-10-03 08:30:55,205 [main] INFO  db.DBStoreBuilder (DBStoreBuilder.java:processTables(167)) - Using default column profile:DBProfile.DISK for Table:default
2019-10-03 08:30:55,205 [main] INFO  db.DBStoreBuilder (DBStoreBuilder.java:getDbProfile(198)) - Using default options. DBProfile.DISK
2019-10-03 08:30:55,222 [grpc-default-executor-2] WARN  server.GrpcLogAppender (LogUtils.java:warn(134)) - e99ec86c-eb11-4984-811e-cb8f4c6ed7f5@group-269E35724743->027d15f8-0321-42a1-b7d1-02f58cd1cf17-AppendLogResponseHandler: Failed appendEntries: org.apache.ratis.thirdparty.io.grpc.StatusRuntimeException: UNAVAILABLE: io exception
2019-10-03 08:30:55,222 [grpc-default-executor-6] WARN  server.GrpcLogAppender (LogUtils.java:warn(134)) - e99ec86c-eb11-4984-811e-cb8f4c6ed7f5@group-269E35724743->f69a3bb4-5ce3-4f3a-a5ec-57530bf8bb38-AppendLogResponseHandler: Failed appendEntries: org.apache.ratis.thirdparty.io.grpc.StatusRuntimeException: UNAVAILABLE: io exception
2019-10-03 08:30:55,223 [grpc-default-executor-2] INFO  impl.FollowerInfo (FollowerInfo.java:lambda$new$0(51)) - e99ec86c-eb11-4984-811e-cb8f4c6ed7f5@group-269E35724743->027d15f8-0321-42a1-b7d1-02f58cd1cf17: nextIndex: updateUnconditionally 0 -> 0
2019-10-03 08:30:55,223 [grpc-default-executor-6] INFO  impl.FollowerInfo (FollowerInfo.java:lambda$new$0(51)) - e99ec86c-eb11-4984-811e-cb8f4c6ed7f5@group-269E35724743->f69a3bb4-5ce3-4f3a-a5ec-57530bf8bb38: nextIndex: updateUnconditionally 0 -> 0
2019-10-03 08:30:55,349 [main] INFO  net.NodeSchemaLoader (NodeSchemaLoader.java:loadSchemaFromFile(125)) - Loading file from sun.misc.CompoundEnumeration@209f3887
2019-10-03 08:30:55,349 [main] INFO  net.NodeSchemaLoader (NodeSchemaLoader.java:loadSchema(171)) - Loading network topology layer schema file
2019-10-03 08:30:55,354 [main] WARN  server.ServerUtils (ServerUtils.java:sanitizeUserArgs(70)) - ozone.scm.stale.node.interval value = 300000 is larger than max = 100000 based on the key value of ozone.scm.heartbeat.thread.interval, reset to the max value 100000.
2019-10-03 08:30:55,354 [main] WARN  server.ServerUtils (ServerUtils.java:sanitizeUserArgs(70)) - ozone.scm.stale.node.interval value = 300000 is larger than max = 100000 based on the key value of ozone.scm.heartbeat.thread.interval, reset to the max value 100000.
2019-10-03 08:30:55,354 [main] INFO  node.SCMNodeManager (SCMNodeManager.java:<init>(114)) - Entering startup safe mode.
2019-10-03 08:30:55,355 [main] INFO  algorithms.ContainerPlacementPolicyFactory (ContainerPlacementPolicyFactory.java:getPolicy(57)) - Create container placement policy of type org.apache.hadoop.hdds.scm.container.placement.algorithms.SCMContainerPlacementRandom
2019-10-03 08:30:55,355 [main] WARN  server.ServerUtils (ServerUtils.java:getScmDbDir(145)) - ozone.scm.db.dirs is not configured. We recommend adding this setting. Falling back to ozone.metadata.dirs instead.
2019-10-03 08:30:55,408 [main] INFO  pipeline.SCMPipelineManager (SCMPipelineManager.java:initializePipelineState(132)) - No pipeline exists in current db
2019-10-03 08:30:55,409 [main] WARN  server.ServerUtils (ServerUtils.java:getScmDbDir(145)) - ozone.scm.db.dirs is not configured. We recommend adding this setting. Falling back to ozone.metadata.dirs instead.
2019-10-03 08:30:55,457 [main] WARN  events.EventQueue (EventQueue.java:fireEvent(183)) - No event handler registered for event TypedEvent{payloadType=SafeModeStatus, name='SafeModeStatus'}
2019-10-03 08:30:55,458 [main] INFO  ipc.CallQueueManager (CallQueueManager.java:<init>(84)) - Using callQueue: class java.util.concurrent.LinkedBlockingQueue, queueCapacity: 2000, scheduler: class org.apache.hadoop.ipc.DefaultRpcScheduler, ipcBackoff: false.
2019-10-03 08:30:55,458 [Socket Reader #1 for port 43207] INFO  ipc.Server (Server.java:run(1074)) - Starting Socket Reader #1 for port 43207
2019-10-03 08:30:55,472 [main] INFO  ipc.CallQueueManager (CallQueueManager.java:<init>(84)) - Using callQueue: class java.util.concurrent.LinkedBlockingQueue, queueCapacity: 2000, scheduler: class org.apache.hadoop.ipc.DefaultRpcScheduler, ipcBackoff: false.
2019-10-03 08:30:55,473 [Socket Reader #1 for port 38333] INFO  ipc.Server (Server.java:run(1074)) - Starting Socket Reader #1 for port 38333
2019-10-03 08:30:55,475 [main] INFO  ipc.CallQueueManager (CallQueueManager.java:<init>(84)) - Using callQueue: class java.util.concurrent.LinkedBlockingQueue, queueCapacity: 2000, scheduler: class org.apache.hadoop.ipc.DefaultRpcScheduler, ipcBackoff: false.
2019-10-03 08:30:55,476 [Socket Reader #1 for port 40186] INFO  ipc.Server (Server.java:run(1074)) - Starting Socket Reader #1 for port 40186
2019-10-03 08:30:55,481 [main] INFO  hdfs.DFSUtil (DFSUtil.java:httpServerTemplateForNNAndJN(1641)) - Starting Web-server for scm at: http://0.0.0.0:0
2019-10-03 08:30:55,484 [main] INFO  server.AuthenticationFilter (AuthenticationFilter.java:constructSecretProvider(240)) - Unable to initialize FileSignerSecretProvider, falling back to use random secrets.
2019-10-03 08:30:55,485 [main] WARN  http.HttpRequestLog (HttpRequestLog.java:getRequestLog(97)) - Jetty request log can only be enabled using Log4j
2019-10-03 08:30:55,487 [main] INFO  http.HttpServer2 (HttpServer2.java:addGlobalFilter(975)) - Added global filter 'safety' (class=org.apache.hadoop.http.HttpServer2$QuotingInputFilter)
2019-10-03 08:30:55,488 [main] INFO  http.HttpServer2 (HttpServer2.java:addFilter(948)) - Added filter static_user_filter (class=org.apache.hadoop.http.lib.StaticUserWebFilter$StaticUserFilter) to context scm
2019-10-03 08:30:55,488 [main] INFO  http.HttpServer2 (HttpServer2.java:addFilter(958)) - Added filter static_user_filter (class=org.apache.hadoop.http.lib.StaticUserWebFilter$StaticUserFilter) to context logs
2019-10-03 08:30:55,489 [main] INFO  http.HttpServer2 (HttpServer2.java:addFilter(958)) - Added filter static_user_filter (class=org.apache.hadoop.http.lib.StaticUserWebFilter$StaticUserFilter) to context static
2019-10-03 08:30:55,492 [main] INFO  server.StorageContainerManager (StorageContainerManager.java:start(770)) - StorageContainerLocationProtocol RPC server is listening at /0.0.0.0:40186
2019-10-03 08:30:55,495 [main] WARN  impl.MetricsConfig (MetricsConfig.java:loadFirst(134)) - Cannot locate configuration: tried hadoop-metrics2-storagecontainermanager.properties,hadoop-metrics2.properties
2019-10-03 08:30:55,496 [main] INFO  impl.MetricsSystemImpl (MetricsSystemImpl.java:startTimer(374)) - Scheduled Metric snapshot period at 10 second(s).
2019-10-03 08:30:55,496 [main] INFO  impl.MetricsSystemImpl (MetricsSystemImpl.java:start(191)) - StorageContainerManager metrics system started
2019-10-03 08:30:55,812 [main] WARN  impl.MetricsSystemImpl (MetricsSystemImpl.java:register(276)) - Sink prometheus already exists!
2019-10-03 08:30:56,160 [main] INFO  server.SCMClientProtocolServer (SCMClientProtocolServer.java:start(150)) - RPC server for Client  is listening at /0.0.0.0:40186
2019-10-03 08:30:56,161 [IPC Server Responder] INFO  ipc.Server (Server.java:run(1314)) - IPC Server Responder: starting
2019-10-03 08:30:56,161 [IPC Server listener on 40186] INFO  ipc.Server (Server.java:run(1153)) - IPC Server listener on 40186: starting
2019-10-03 08:30:56,167 [main] INFO  server.StorageContainerManager (StorageContainerManager.java:start(780)) - ScmBlockLocationProtocol RPC server is listening at /0.0.0.0:38333
2019-10-03 08:30:56,167 [main] INFO  server.SCMBlockProtocolServer (SCMBlockProtocolServer.java:start(146)) - RPC server for Block Protocol is listening at /0.0.0.0:38333
2019-10-03 08:30:56,168 [IPC Server Responder] INFO  ipc.Server (Server.java:run(1314)) - IPC Server Responder: starting
2019-10-03 08:30:56,168 [IPC Server listener on 38333] INFO  ipc.Server (Server.java:run(1153)) - IPC Server listener on 38333: starting
2019-10-03 08:30:56,179 [main] INFO  server.StorageContainerManager (StorageContainerManager.java:start(784)) - ScmDatanodeProtocl RPC server is listening at /0.0.0.0:43207
2019-10-03 08:30:56,179 [main] INFO  server.SCMDatanodeProtocolServer (SCMDatanodeProtocolServer.java:start(169)) - RPC server for DataNodes is listening at /0.0.0.0:43207
2019-10-03 08:30:56,179 [IPC Server Responder] INFO  ipc.Server (Server.java:run(1314)) - IPC Server Responder: starting
2019-10-03 08:30:56,179 [IPC Server listener on 43207] INFO  ipc.Server (Server.java:run(1153)) - IPC Server listener on 43207: starting
2019-10-03 08:30:56,184 [main] INFO  http.HttpServer2 (HttpServer2.java:bindListener(1191)) - Jetty bound to port 35160
2019-10-03 08:30:56,184 [main] INFO  server.Server (Server.java:doStart(351)) - jetty-9.3.25.v20180904, build timestamp: 2018-09-04T21:11:46Z, git hash: 3ce520221d0240229c862b122d2b06c12a625732
2019-10-03 08:30:56,186 [main] INFO  handler.ContextHandler (ContextHandler.java:doStart(781)) - Started o.e.j.s.ServletContextHandler@49580ca8{/logs,file:///workdir/hadoop-ozone/integration-test/target/log,AVAILABLE}
2019-10-03 08:30:56,186 [main] INFO  handler.ContextHandler (ContextHandler.java:doStart(781)) - Started o.e.j.s.ServletContextHandler@42fc4ac4{/static,file:///workdir/hadoop-ozone/integration-test/target/test-classes/webapps/static,AVAILABLE}
2019-10-03 08:30:56,190 [main] INFO  handler.ContextHandler (ContextHandler.java:doStart(781)) - Started o.e.j.w.WebAppContext@1edccfd4{/,file:///workdir/hadoop-ozone/integration-test/target/test-classes/webapps/scm/,AVAILABLE}{/scm}
2019-10-03 08:30:56,190 [main] INFO  server.AbstractConnector (AbstractConnector.java:doStart(278)) - Started ServerConnector@8c43966{HTTP/1.1,[http/1.1]}{0.0.0.0:35160}
2019-10-03 08:30:56,192 [main] INFO  server.Server (Server.java:doStart(419)) - Started @221249ms
2019-10-03 08:30:56,192 [main] WARN  impl.MetricsSystemImpl (MetricsSystemImpl.java:register(276)) - Sink prometheus already exists!
2019-10-03 08:30:56,193 [main] INFO  server.BaseHttpServer (BaseHttpServer.java:updateConnectorAddress(215)) - HTTP server of SCM is listening at http://0.0.0.0:35160
2019-10-03 08:30:56,196 [main] WARN  server.ServerUtils (ServerUtils.java:getDBPath(222)) - ozone.om.db.dirs is not configured. We recommend adding this setting. Falling back to ozone.metadata.dirs instead.
2019-10-03 08:30:56,196 [org.apache.hadoop.util.JvmPauseMonitor$Monitor@11a3a45f] INFO  util.JvmPauseMonitor (JvmPauseMonitor.java:run(188)) - Starting JVM pause monitor
2019-10-03 08:30:56,210 [main] INFO  ha.OMHANodeDetails (OMHANodeDetails.java:loadOMHAConfig(190)) - Configuration either no ozone.om.address set. Falling back to the default OM address /127.0.0.1:0
2019-10-03 08:30:56,210 [main] INFO  ha.OMHANodeDetails (OMHANodeDetails.java:getOMNodeDetails(220)) - OM Service ID is not set. Setting it to the default ID: omServiceIdDefault
2019-10-03 08:30:56,211 [main] WARN  server.ServerUtils (ServerUtils.java:getDBPath(222)) - ozone.om.db.dirs is not configured. We recommend adding this setting. Falling back to ozone.metadata.dirs instead.
2019-10-03 08:30:56,212 [main] WARN  server.ServerUtils (ServerUtils.java:getDBPath(222)) - ozone.om.db.dirs is not configured. We recommend adding this setting. Falling back to ozone.metadata.dirs instead.
2019-10-03 08:30:56,224 [main] WARN  server.ServerUtils (ServerUtils.java:getDBPath(222)) - ozone.om.db.dirs is not configured. We recommend adding this setting. Falling back to ozone.metadata.dirs instead.
2019-10-03 08:30:56,224 [main] INFO  db.DBStoreBuilder (DBStoreBuilder.java:addTable(110)) - using custom profile for table: userTable
2019-10-03 08:30:56,225 [main] INFO  db.DBStoreBuilder (DBStoreBuilder.java:processTables(161)) - Using default column profile:DBProfile.DISK for Table:userTable
2019-10-03 08:30:56,225 [main] INFO  db.DBStoreBuilder (DBStoreBuilder.java:addTable(110)) - using custom profile for table: volumeTable
2019-10-03 08:30:56,225 [main] INFO  db.DBStoreBuilder (DBStoreBuilder.java:processTables(161)) - Using default column profile:DBProfile.DISK for Table:volumeTable
2019-10-03 08:30:56,225 [main] INFO  db.DBStoreBuilder (DBStoreBuilder.java:addTable(110)) - using custom profile for table: bucketTable
2019-10-03 08:30:56,226 [main] INFO  db.DBStoreBuilder (DBStoreBuilder.java:processTables(161)) - Using default column profile:DBProfile.DISK for Table:bucketTable
2019-10-03 08:30:56,226 [main] INFO  db.DBStoreBuilder (DBStoreBuilder.java:addTable(110)) - using custom profile for table: keyTable
2019-10-03 08:30:56,226 [main] INFO  db.DBStoreBuilder (DBStoreBuilder.java:processTables(161)) - Using default column profile:DBProfile.DISK for Table:keyTable
2019-10-03 08:30:56,227 [main] INFO  db.DBStoreBuilder (DBStoreBuilder.java:addTable(110)) - using custom profile for table: deletedTable
2019-10-03 08:30:56,227 [main] INFO  db.DBStoreBuilder (DBStoreBuilder.java:processTables(161)) - Using default column profile:DBProfile.DISK for Table:deletedTable
2019-10-03 08:30:56,227 [main] INFO  db.DBStoreBuilder (DBStoreBuilder.java:addTable(110)) - using custom profile for table: openKeyTable
2019-10-03 08:30:56,227 [main] INFO  db.DBStoreBuilder (DBStoreBuilder.java:processTables(161)) - Using default column profile:DBProfile.DISK for Table:openKeyTable
2019-10-03 08:30:56,228 [main] INFO  db.DBStoreBuilder (DBStoreBuilder.java:addTable(110)) - using custom profile for table: s3Table
2019-10-03 08:30:56,228 [main] INFO  db.DBStoreBuilder (DBStoreBuilder.java:processTables(161)) - Using default column profile:DBProfile.DISK for Table:s3Table
2019-10-03 08:30:56,228 [main] INFO  db.DBStoreBuilder (DBStoreBuilder.java:addTable(110)) - using custom profile for table: multipartInfoTable
2019-10-03 08:30:56,229 [main] INFO  db.DBStoreBuilder (DBStoreBuilder.java:processTables(161)) - Using default column profile:DBProfile.DISK for Table:multipartInfoTable
2019-10-03 08:30:56,229 [main] INFO  db.DBStoreBuilder (DBStoreBuilder.java:addTable(110)) - using custom profile for table: dTokenTable
2019-10-03 08:30:56,229 [main] INFO  db.DBStoreBuilder (DBStoreBuilder.java:processTables(161)) - Using default column profile:DBProfile.DISK for Table:dTokenTable
2019-10-03 08:30:56,229 [main] INFO  db.DBStoreBuilder (DBStoreBuilder.java:addTable(110)) - using custom profile for table: s3SecretTable
2019-10-03 08:30:56,230 [main] INFO  db.DBStoreBuilder (DBStoreBuilder.java:processTables(161)) - Using default column profile:DBProfile.DISK for Table:s3SecretTable
2019-10-03 08:30:56,230 [main] INFO  db.DBStoreBuilder (DBStoreBuilder.java:addTable(110)) - using custom profile for table: prefixTable
2019-10-03 08:30:56,230 [main] INFO  db.DBStoreBuilder (DBStoreBuilder.java:processTables(161)) - Using default column profile:DBProfile.DISK for Table:prefixTable
2019-10-03 08:30:56,230 [main] INFO  db.DBStoreBuilder (DBStoreBuilder.java:addTable(110)) - using custom profile for table: default
2019-10-03 08:30:56,231 [main] INFO  db.DBStoreBuilder (DBStoreBuilder.java:processTables(167)) - Using default column profile:DBProfile.DISK for Table:default
2019-10-03 08:30:56,231 [main] INFO  db.DBStoreBuilder (DBStoreBuilder.java:getDbProfile(198)) - Using default options. DBProfile.DISK
2019-10-03 08:30:56,724 [main] INFO  ipc.CallQueueManager (CallQueueManager.java:<init>(84)) - Using callQueue: class java.util.concurrent.LinkedBlockingQueue, queueCapacity: 2000, scheduler: class org.apache.hadoop.ipc.DefaultRpcScheduler, ipcBackoff: false.
2019-10-03 08:30:56,725 [Socket Reader #1 for port 43729] INFO  ipc.Server (Server.java:run(1074)) - Starting Socket Reader #1 for port 43729
2019-10-03 08:30:56,744 [main] INFO  om.OzoneManager (OzoneManager.java:start(1069)) - OzoneManager RPC server is listening at localhost/127.0.0.1:43729
2019-10-03 08:30:56,745 [main] INFO  impl.MetricsSystemImpl (MetricsSystemImpl.java:init(158)) - OzoneManager metrics system started (again)
2019-10-03 08:30:56,745 [IPC Server Responder] INFO  ipc.Server (Server.java:run(1314)) - IPC Server Responder: starting
2019-10-03 08:30:56,749 [IPC Server listener on 43729] INFO  ipc.Server (Server.java:run(1153)) - IPC Server listener on 43729: starting
2019-10-03 08:30:56,756 [main] INFO  hdfs.DFSUtil (DFSUtil.java:httpServerTemplateForNNAndJN(1641)) - Starting Web-server for ozoneManager at: http://0.0.0.0:0
2019-10-03 08:30:56,758 [main] INFO  server.AuthenticationFilter (AuthenticationFilter.java:constructSecretProvider(240)) - Unable to initialize FileSignerSecretProvider, falling back to use random secrets.
2019-10-03 08:30:56,759 [main] WARN  http.HttpRequestLog (HttpRequestLog.java:getRequestLog(97)) - Jetty request log can only be enabled using Log4j
2019-10-03 08:30:56,761 [main] INFO  http.HttpServer2 (HttpServer2.java:addGlobalFilter(975)) - Added global filter 'safety' (class=org.apache.hadoop.http.HttpServer2$QuotingInputFilter)
2019-10-03 08:30:56,762 [main] INFO  http.HttpServer2 (HttpServer2.java:addFilter(948)) - Added filter static_user_filter (class=org.apache.hadoop.http.lib.StaticUserWebFilter$StaticUserFilter) to context ozoneManager
2019-10-03 08:30:56,762 [main] INFO  http.HttpServer2 (HttpServer2.java:addFilter(958)) - Added filter static_user_filter (class=org.apache.hadoop.http.lib.StaticUserWebFilter$StaticUserFilter) to context static
2019-10-03 08:30:56,762 [main] INFO  http.HttpServer2 (HttpServer2.java:addFilter(958)) - Added filter static_user_filter (class=org.apache.hadoop.http.lib.StaticUserWebFilter$StaticUserFilter) to context logs
2019-10-03 08:30:56,763 [main] INFO  http.HttpServer2 (HttpServer2.java:bindListener(1191)) - Jetty bound to port 42878
2019-10-03 08:30:56,764 [main] INFO  server.Server (Server.java:doStart(351)) - jetty-9.3.25.v20180904, build timestamp: 2018-09-04T21:11:46Z, git hash: 3ce520221d0240229c862b122d2b06c12a625732
2019-10-03 08:30:56,768 [main] INFO  handler.ContextHandler (ContextHandler.java:doStart(781)) - Started o.e.j.s.ServletContextHandler@6af65f29{/logs,file:///workdir/hadoop-ozone/integration-test/target/log,AVAILABLE}
2019-10-03 08:30:56,769 [main] INFO  handler.ContextHandler (ContextHandler.java:doStart(781)) - Started o.e.j.s.ServletContextHandler@3c81cd82{/static,file:///workdir/hadoop-ozone/integration-test/target/test-classes/webapps/static,AVAILABLE}
2019-10-03 08:30:56,774 [main] INFO  handler.ContextHandler (ContextHandler.java:doStart(781)) - Started o.e.j.w.WebAppContext@6897a4a{/,file:///workdir/hadoop-ozone/integration-test/target/test-classes/webapps/ozoneManager/,AVAILABLE}{/ozoneManager}
2019-10-03 08:30:56,774 [main] INFO  server.AbstractConnector (AbstractConnector.java:doStart(278)) - Started ServerConnector@6986f93e{HTTP/1.1,[http/1.1]}{0.0.0.0:42878}
2019-10-03 08:30:56,777 [main] INFO  server.Server (Server.java:doStart(419)) - Started @221834ms
2019-10-03 08:30:56,777 [main] WARN  impl.MetricsSystemImpl (MetricsSystemImpl.java:register(276)) - Sink prometheus already exists!
2019-10-03 08:30:56,778 [main] INFO  server.BaseHttpServer (BaseHttpServer.java:updateConnectorAddress(215)) - HTTP server of OZONEMANAGER is listening at http://0.0.0.0:42878
2019-10-03 08:30:56,796 [main] INFO  impl.MetricsSystemImpl (MetricsSystemImpl.java:init(158)) - HddsDatanode metrics system started (again)
2019-10-03 08:30:56,818 [main] INFO  ozone.HddsDatanodeService (HddsDatanodeService.java:start(184)) - HddsDatanodeService host:pr-hdds2217-2mkdc-371598885 ip:192.168.151.98
2019-10-03 08:30:56,828 [main] INFO  volume.HddsVolume (HddsVolume.java:<init>(176)) - Creating Volume: /workdir/hadoop-ozone/integration-test/target/test-dir/MiniOzoneClusterImpl-dbc006c8-6e38-4b9c-8623-68d6a10c783f/datanode-0/data/containers/hdds of  storage type : DISK and capacity : 1482555576320
2019-10-03 08:30:56,829 [main] INFO  volume.VolumeSet (VolumeSet.java:initializeVolumeSet(170)) - Added Volume : /workdir/hadoop-ozone/integration-test/target/test-dir/MiniOzoneClusterImpl-dbc006c8-6e38-4b9c-8623-68d6a10c783f/datanode-0/data/containers/hdds to VolumeSet
2019-10-03 08:30:56,829 [main] INFO  volume.ThrottledAsyncChecker (ThrottledAsyncChecker.java:schedule(139)) - Scheduling a check for org.apache.hadoop.ozone.container.common.volume.HddsVolume@447fa959
2019-10-03 08:30:56,830 [main] INFO  volume.HddsVolumeChecker (HddsVolumeChecker.java:checkAllVolumes(202)) - Scheduled health check for volume org.apache.hadoop.ozone.container.common.volume.HddsVolume@447fa959
2019-10-03 08:30:56,847 [main] INFO  impl.RaftServerProxy (ConfUtils.java:logGet(43)) - raft.rpc.type = GRPC (default)
2019-10-03 08:30:56,848 [main] INFO  grpc.GrpcFactory (GrpcFactory.java:checkPooledByteBufAllocatorUseCacheForAllThreads(45)) - PERFORMANCE WARNING: useCacheForAllThreads is true that may cause Netty to create a lot garbage objects and, as a result, trigger GC.
	It is recommended to disable useCacheForAllThreads by setting -Dorg.apache.ratis.thirdparty.io.netty.allocator.useCacheForAllThreads=false in command line.
2019-10-03 08:30:56,848 [main] INFO  grpc.GrpcConfigKeys$Server (ConfUtils.java:logGet(43)) - raft.grpc.server.port = 0 (default)
2019-10-03 08:30:56,848 [main] INFO  server.GrpcService (ConfUtils.java:logGet(43)) - raft.grpc.message.size.max = 33570816 (custom)
2019-10-03 08:30:56,848 [main] INFO  server.RaftServerConfigKeys (ConfUtils.java:logGet(43)) - raft.server.log.appender.buffer.byte-limit = 33554432 (custom)
2019-10-03 08:30:56,848 [main] INFO  server.GrpcService (ConfUtils.java:logGet(43)) - raft.grpc.flow.control.window = 1MB (=1048576) (default)
2019-10-03 08:30:56,849 [main] INFO  server.RaftServerConfigKeys (ConfUtils.java:logGet(43)) - raft.server.rpc.request.timeout = 3000ms (default)
2019-10-03 08:30:56,849 [main] INFO  server.RaftServerConfigKeys (ConfUtils.java:logGet(43)) - raft.server.storage.dir = [/workdir/hadoop-ozone/integration-test/target/test-dir/MiniOzoneClusterImpl-dbc006c8-6e38-4b9c-8623-68d6a10c783f/datanode-0/data/ratis] (custom)
2019-10-03 08:30:56,852 [main] INFO  hdfs.DFSUtil (DFSUtil.java:httpServerTemplateForNNAndJN(1641)) - Starting Web-server for hddsDatanode at: http://0.0.0.0:0
2019-10-03 08:30:56,853 [main] INFO  server.AuthenticationFilter (AuthenticationFilter.java:constructSecretProvider(240)) - Unable to initialize FileSignerSecretProvider, falling back to use random secrets.
2019-10-03 08:30:56,853 [main] WARN  http.HttpRequestLog (HttpRequestLog.java:getRequestLog(97)) - Jetty request log can only be enabled using Log4j
2019-10-03 08:30:56,855 [main] INFO  http.HttpServer2 (HttpServer2.java:addGlobalFilter(975)) - Added global filter 'safety' (class=org.apache.hadoop.http.HttpServer2$QuotingInputFilter)
2019-10-03 08:30:56,855 [main] INFO  http.HttpServer2 (HttpServer2.java:addFilter(948)) - Added filter static_user_filter (class=org.apache.hadoop.http.lib.StaticUserWebFilter$StaticUserFilter) to context hddsDatanode
2019-10-03 08:30:56,855 [main] INFO  http.HttpServer2 (HttpServer2.java:addFilter(958)) - Added filter static_user_filter (class=org.apache.hadoop.http.lib.StaticUserWebFilter$StaticUserFilter) to context logs
2019-10-03 08:30:56,856 [main] INFO  http.HttpServer2 (HttpServer2.java:addFilter(958)) - Added filter static_user_filter (class=org.apache.hadoop.http.lib.StaticUserWebFilter$StaticUserFilter) to context static
2019-10-03 08:30:56,856 [main] INFO  http.HttpServer2 (HttpServer2.java:bindListener(1191)) - Jetty bound to port 38364
2019-10-03 08:30:56,856 [main] INFO  server.Server (Server.java:doStart(351)) - jetty-9.3.25.v20180904, build timestamp: 2018-09-04T21:11:46Z, git hash: 3ce520221d0240229c862b122d2b06c12a625732
2019-10-03 08:30:56,858 [main] INFO  handler.ContextHandler (ContextHandler.java:doStart(781)) - Started o.e.j.s.ServletContextHandler@67328bcb{/logs,file:///workdir/hadoop-ozone/integration-test/target/log,AVAILABLE}
2019-10-03 08:30:56,859 [main] INFO  handler.ContextHandler (ContextHandler.java:doStart(781)) - Started o.e.j.s.ServletContextHandler@2416c658{/static,jar:file:/home/user/.m2/repository/org/apache/hadoop/hadoop-hdds-container-service/0.5.0-SNAPSHOT/hadoop-hdds-container-service-0.5.0-SNAPSHOT.jar!/webapps/static,AVAILABLE}
2019-10-03 08:30:56,896 [main] INFO  handler.ContextHandler (ContextHandler.java:doStart(781)) - Started o.e.j.w.WebAppContext@1cd2143b{/,file:///tmp/jetty-0.0.0.0-38364-hddsDatanode-_-any-9150025121564463886.dir/webapp/,AVAILABLE}{/hddsDatanode}
2019-10-03 08:30:56,896 [main] INFO  server.AbstractConnector (AbstractConnector.java:doStart(278)) - Started ServerConnector@1118d539{HTTP/1.1,[http/1.1]}{0.0.0.0:38364}
2019-10-03 08:30:56,898 [main] INFO  server.Server (Server.java:doStart(419)) - Started @221956ms
2019-10-03 08:30:56,899 [main] WARN  impl.MetricsSystemImpl (MetricsSystemImpl.java:register(276)) - Sink prometheus already exists!
2019-10-03 08:30:56,899 [main] INFO  server.BaseHttpServer (BaseHttpServer.java:updateConnectorAddress(215)) - HTTP server of HDDSDATANODE is listening at http://0.0.0.0:38364
2019-10-03 08:30:56,900 [main] INFO  impl.MetricsSystemImpl (MetricsSystemImpl.java:init(158)) - HddsDatanode metrics system started (again)
2019-10-03 08:30:56,920 [org.apache.hadoop.util.JvmPauseMonitor$Monitor@18f30bd7] INFO  util.JvmPauseMonitor (JvmPauseMonitor.java:run(188)) - Starting JVM pause monitor
2019-10-03 08:30:56,922 [Datanode State Machine Thread - 0] INFO  datanode.InitDatanodeState (InitDatanodeState.java:persistContainerDatanodeDetails(140)) - DatanodeDetails is persisted to /workdir/hadoop-ozone/integration-test/target/test-dir/MiniOzoneClusterImpl-dbc006c8-6e38-4b9c-8623-68d6a10c783f/datanode-0/meta/datanode.id
2019-10-03 08:30:56,924 [main] INFO  ozone.HddsDatanodeService (HddsDatanodeService.java:start(184)) - HddsDatanodeService host:pr-hdds2217-2mkdc-371598885 ip:192.168.151.98
2019-10-03 08:30:56,934 [main] INFO  volume.HddsVolume (HddsVolume.java:<init>(176)) - Creating Volume: /workdir/hadoop-ozone/integration-test/target/test-dir/MiniOzoneClusterImpl-dbc006c8-6e38-4b9c-8623-68d6a10c783f/datanode-1/data/containers/hdds of  storage type : DISK and capacity : 1482555576320
2019-10-03 08:30:56,934 [main] INFO  volume.VolumeSet (VolumeSet.java:initializeVolumeSet(170)) - Added Volume : /workdir/hadoop-ozone/integration-test/target/test-dir/MiniOzoneClusterImpl-dbc006c8-6e38-4b9c-8623-68d6a10c783f/datanode-1/data/containers/hdds to VolumeSet
2019-10-03 08:30:56,935 [main] INFO  volume.ThrottledAsyncChecker (ThrottledAsyncChecker.java:schedule(139)) - Scheduling a check for org.apache.hadoop.ozone.container.common.volume.HddsVolume@3fde2209
2019-10-03 08:30:56,935 [main] INFO  volume.HddsVolumeChecker (HddsVolumeChecker.java:checkAllVolumes(202)) - Scheduled health check for volume org.apache.hadoop.ozone.container.common.volume.HddsVolume@3fde2209
2019-10-03 08:30:56,957 [main] INFO  impl.RaftServerProxy (ConfUtils.java:logGet(43)) - raft.rpc.type = GRPC (default)
2019-10-03 08:30:56,957 [main] INFO  grpc.GrpcFactory (GrpcFactory.java:checkPooledByteBufAllocatorUseCacheForAllThreads(45)) - PERFORMANCE WARNING: useCacheForAllThreads is true that may cause Netty to create a lot garbage objects and, as a result, trigger GC.
	It is recommended to disable useCacheForAllThreads by setting -Dorg.apache.ratis.thirdparty.io.netty.allocator.useCacheForAllThreads=false in command line.
2019-10-03 08:30:56,957 [main] INFO  grpc.GrpcConfigKeys$Server (ConfUtils.java:logGet(43)) - raft.grpc.server.port = 0 (default)
2019-10-03 08:30:56,958 [main] INFO  server.GrpcService (ConfUtils.java:logGet(43)) - raft.grpc.message.size.max = 33570816 (custom)
2019-10-03 08:30:56,958 [main] INFO  server.RaftServerConfigKeys (ConfUtils.java:logGet(43)) - raft.server.log.appender.buffer.byte-limit = 33554432 (custom)
2019-10-03 08:30:56,958 [main] INFO  server.GrpcService (ConfUtils.java:logGet(43)) - raft.grpc.flow.control.window = 1MB (=1048576) (default)
2019-10-03 08:30:56,958 [main] INFO  server.RaftServerConfigKeys (ConfUtils.java:logGet(43)) - raft.server.rpc.request.timeout = 3000ms (default)
2019-10-03 08:30:56,961 [main] INFO  server.RaftServerConfigKeys (ConfUtils.java:logGet(43)) - raft.server.storage.dir = [/workdir/hadoop-ozone/integration-test/target/test-dir/MiniOzoneClusterImpl-dbc006c8-6e38-4b9c-8623-68d6a10c783f/datanode-1/data/ratis] (custom)
2019-10-03 08:30:56,963 [main] INFO  hdfs.DFSUtil (DFSUtil.java:httpServerTemplateForNNAndJN(1641)) - Starting Web-server for hddsDatanode at: http://0.0.0.0:0
2019-10-03 08:30:56,964 [main] INFO  server.AuthenticationFilter (AuthenticationFilter.java:constructSecretProvider(240)) - Unable to initialize FileSignerSecretProvider, falling back to use random secrets.
2019-10-03 08:30:56,965 [main] WARN  http.HttpRequestLog (HttpRequestLog.java:getRequestLog(97)) - Jetty request log can only be enabled using Log4j
2019-10-03 08:30:56,966 [main] INFO  http.HttpServer2 (HttpServer2.java:addGlobalFilter(975)) - Added global filter 'safety' (class=org.apache.hadoop.http.HttpServer2$QuotingInputFilter)
2019-10-03 08:30:56,967 [main] INFO  http.HttpServer2 (HttpServer2.java:addFilter(948)) - Added filter static_user_filter (class=org.apache.hadoop.http.lib.StaticUserWebFilter$StaticUserFilter) to context hddsDatanode
2019-10-03 08:30:56,967 [main] INFO  http.HttpServer2 (HttpServer2.java:addFilter(958)) - Added filter static_user_filter (class=org.apache.hadoop.http.lib.StaticUserWebFilter$StaticUserFilter) to context logs
2019-10-03 08:30:56,968 [main] INFO  http.HttpServer2 (HttpServer2.java:addFilter(958)) - Added filter static_user_filter (class=org.apache.hadoop.http.lib.StaticUserWebFilter$StaticUserFilter) to context static
2019-10-03 08:30:56,968 [main] INFO  http.HttpServer2 (HttpServer2.java:bindListener(1191)) - Jetty bound to port 35218
2019-10-03 08:30:56,969 [main] INFO  server.Server (Server.java:doStart(351)) - jetty-9.3.25.v20180904, build timestamp: 2018-09-04T21:11:46Z, git hash: 3ce520221d0240229c862b122d2b06c12a625732
2019-10-03 08:30:56,971 [main] INFO  handler.ContextHandler (ContextHandler.java:doStart(781)) - Started o.e.j.s.ServletContextHandler@33ec2c0c{/logs,file:///workdir/hadoop-ozone/integration-test/target/log,AVAILABLE}
2019-10-03 08:30:56,971 [main] INFO  handler.ContextHandler (ContextHandler.java:doStart(781)) - Started o.e.j.s.ServletContextHandler@3887c7d7{/static,jar:file:/home/user/.m2/repository/org/apache/hadoop/hadoop-hdds-container-service/0.5.0-SNAPSHOT/hadoop-hdds-container-service-0.5.0-SNAPSHOT.jar!/webapps/static,AVAILABLE}
2019-10-03 08:30:57,012 [main] INFO  handler.ContextHandler (ContextHandler.java:doStart(781)) - Started o.e.j.w.WebAppContext@7b96de8d{/,file:///tmp/jetty-0.0.0.0-35218-hddsDatanode-_-any-4271808463625983048.dir/webapp/,AVAILABLE}{/hddsDatanode}
2019-10-03 08:30:57,013 [main] INFO  server.AbstractConnector (AbstractConnector.java:doStart(278)) - Started ServerConnector@7ccd611e{HTTP/1.1,[http/1.1]}{0.0.0.0:35218}
2019-10-03 08:30:57,016 [main] INFO  server.Server (Server.java:doStart(419)) - Started @222073ms
2019-10-03 08:30:57,016 [main] WARN  impl.MetricsSystemImpl (MetricsSystemImpl.java:register(276)) - Sink prometheus already exists!
2019-10-03 08:30:57,017 [main] INFO  server.BaseHttpServer (BaseHttpServer.java:updateConnectorAddress(215)) - HTTP server of HDDSDATANODE is listening at http://0.0.0.0:35218
2019-10-03 08:30:57,017 [main] INFO  impl.MetricsSystemImpl (MetricsSystemImpl.java:init(158)) - HddsDatanode metrics system started (again)
2019-10-03 08:30:57,038 [org.apache.hadoop.util.JvmPauseMonitor$Monitor@7cd253c0] INFO  util.JvmPauseMonitor (JvmPauseMonitor.java:run(188)) - Starting JVM pause monitor
2019-10-03 08:30:57,039 [main] INFO  ozone.HddsDatanodeService (HddsDatanodeService.java:start(184)) - HddsDatanodeService host:pr-hdds2217-2mkdc-371598885 ip:192.168.151.98
2019-10-03 08:30:57,039 [Datanode State Machine Thread - 0] INFO  datanode.InitDatanodeState (InitDatanodeState.java:persistContainerDatanodeDetails(140)) - DatanodeDetails is persisted to /workdir/hadoop-ozone/integration-test/target/test-dir/MiniOzoneClusterImpl-dbc006c8-6e38-4b9c-8623-68d6a10c783f/datanode-1/meta/datanode.id
2019-10-03 08:30:57,049 [main] INFO  volume.HddsVolume (HddsVolume.java:<init>(176)) - Creating Volume: /workdir/hadoop-ozone/integration-test/target/test-dir/MiniOzoneClusterImpl-dbc006c8-6e38-4b9c-8623-68d6a10c783f/datanode-2/data/containers/hdds of  storage type : DISK and capacity : 1482555576320
2019-10-03 08:30:57,049 [main] INFO  volume.VolumeSet (VolumeSet.java:initializeVolumeSet(170)) - Added Volume : /workdir/hadoop-ozone/integration-test/target/test-dir/MiniOzoneClusterImpl-dbc006c8-6e38-4b9c-8623-68d6a10c783f/datanode-2/data/containers/hdds to VolumeSet
2019-10-03 08:30:57,050 [main] INFO  volume.ThrottledAsyncChecker (ThrottledAsyncChecker.java:schedule(139)) - Scheduling a check for org.apache.hadoop.ozone.container.common.volume.HddsVolume@2e6d76ba
2019-10-03 08:30:57,050 [main] INFO  volume.HddsVolumeChecker (HddsVolumeChecker.java:checkAllVolumes(202)) - Scheduled health check for volume org.apache.hadoop.ozone.container.common.volume.HddsVolume@2e6d76ba
2019-10-03 08:30:57,066 [main] INFO  impl.RaftServerProxy (ConfUtils.java:logGet(43)) - raft.rpc.type = GRPC (default)
2019-10-03 08:30:57,066 [main] INFO  grpc.GrpcFactory (GrpcFactory.java:checkPooledByteBufAllocatorUseCacheForAllThreads(45)) - PERFORMANCE WARNING: useCacheForAllThreads is true that may cause Netty to create a lot garbage objects and, as a result, trigger GC.
	It is recommended to disable useCacheForAllThreads by setting -Dorg.apache.ratis.thirdparty.io.netty.allocator.useCacheForAllThreads=false in command line.
2019-10-03 08:30:57,066 [main] INFO  grpc.GrpcConfigKeys$Server (ConfUtils.java:logGet(43)) - raft.grpc.server.port = 0 (default)
2019-10-03 08:30:57,066 [main] INFO  server.GrpcService (ConfUtils.java:logGet(43)) - raft.grpc.message.size.max = 33570816 (custom)
2019-10-03 08:30:57,066 [main] INFO  server.RaftServerConfigKeys (ConfUtils.java:logGet(43)) - raft.server.log.appender.buffer.byte-limit = 33554432 (custom)
2019-10-03 08:30:57,067 [main] INFO  server.GrpcService (ConfUtils.java:logGet(43)) - raft.grpc.flow.control.window = 1MB (=1048576) (default)
2019-10-03 08:30:57,067 [main] INFO  server.RaftServerConfigKeys (ConfUtils.java:logGet(43)) - raft.server.rpc.request.timeout = 3000ms (default)
2019-10-03 08:30:57,067 [main] INFO  server.RaftServerConfigKeys (ConfUtils.java:logGet(43)) - raft.server.storage.dir = [/workdir/hadoop-ozone/integration-test/target/test-dir/MiniOzoneClusterImpl-dbc006c8-6e38-4b9c-8623-68d6a10c783f/datanode-2/data/ratis] (custom)
2019-10-03 08:30:57,068 [main] INFO  hdfs.DFSUtil (DFSUtil.java:httpServerTemplateForNNAndJN(1641)) - Starting Web-server for hddsDatanode at: http://0.0.0.0:0
2019-10-03 08:30:57,069 [main] INFO  server.AuthenticationFilter (AuthenticationFilter.java:constructSecretProvider(240)) - Unable to initialize FileSignerSecretProvider, falling back to use random secrets.
2019-10-03 08:30:57,070 [main] WARN  http.HttpRequestLog (HttpRequestLog.java:getRequestLog(97)) - Jetty request log can only be enabled using Log4j
2019-10-03 08:30:57,071 [main] INFO  http.HttpServer2 (HttpServer2.java:addGlobalFilter(975)) - Added global filter 'safety' (class=org.apache.hadoop.http.HttpServer2$QuotingInputFilter)
2019-10-03 08:30:57,071 [main] INFO  http.HttpServer2 (HttpServer2.java:addFilter(948)) - Added filter static_user_filter (class=org.apache.hadoop.http.lib.StaticUserWebFilter$StaticUserFilter) to context hddsDatanode
2019-10-03 08:30:57,072 [main] INFO  http.HttpServer2 (HttpServer2.java:addFilter(958)) - Added filter static_user_filter (class=org.apache.hadoop.http.lib.StaticUserWebFilter$StaticUserFilter) to context static
2019-10-03 08:30:57,072 [main] INFO  http.HttpServer2 (HttpServer2.java:addFilter(958)) - Added filter static_user_filter (class=org.apache.hadoop.http.lib.StaticUserWebFilter$StaticUserFilter) to context logs
2019-10-03 08:30:57,072 [main] INFO  http.HttpServer2 (HttpServer2.java:bindListener(1191)) - Jetty bound to port 38837
2019-10-03 08:30:57,073 [main] INFO  server.Server (Server.java:doStart(351)) - jetty-9.3.25.v20180904, build timestamp: 2018-09-04T21:11:46Z, git hash: 3ce520221d0240229c862b122d2b06c12a625732
2019-10-03 08:30:57,074 [main] INFO  handler.ContextHandler (ContextHandler.java:doStart(781)) - Started o.e.j.s.ServletContextHandler@691567ea{/logs,file:///workdir/hadoop-ozone/integration-test/target/log,AVAILABLE}
2019-10-03 08:30:57,075 [main] INFO  handler.ContextHandler (ContextHandler.java:doStart(781)) - Started o.e.j.s.ServletContextHandler@5c8d58ed{/static,jar:file:/home/user/.m2/repository/org/apache/hadoop/hadoop-hdds-container-service/0.5.0-SNAPSHOT/hadoop-hdds-container-service-0.5.0-SNAPSHOT.jar!/webapps/static,AVAILABLE}
2019-10-03 08:30:57,103 [main] INFO  handler.ContextHandler (ContextHandler.java:doStart(781)) - Started o.e.j.w.WebAppContext@61359e87{/,file:///tmp/jetty-0.0.0.0-38837-hddsDatanode-_-any-4922534612721217217.dir/webapp/,AVAILABLE}{/hddsDatanode}
2019-10-03 08:30:57,103 [main] INFO  server.AbstractConnector (AbstractConnector.java:doStart(278)) - Started ServerConnector@2dc39b53{HTTP/1.1,[http/1.1]}{0.0.0.0:38837}
2019-10-03 08:30:57,106 [main] INFO  server.Server (Server.java:doStart(419)) - Started @222163ms
2019-10-03 08:30:57,106 [main] WARN  impl.MetricsSystemImpl (MetricsSystemImpl.java:register(276)) - Sink prometheus already exists!
2019-10-03 08:30:57,107 [main] INFO  server.BaseHttpServer (BaseHttpServer.java:updateConnectorAddress(215)) - HTTP server of HDDSDATANODE is listening at http://0.0.0.0:38837
2019-10-03 08:30:57,107 [main] INFO  impl.MetricsSystemImpl (MetricsSystemImpl.java:init(158)) - HddsDatanode metrics system started (again)
2019-10-03 08:30:57,125 [org.apache.hadoop.util.JvmPauseMonitor$Monitor@1b086e84] INFO  util.JvmPauseMonitor (JvmPauseMonitor.java:run(188)) - Starting JVM pause monitor
2019-10-03 08:30:57,126 [Datanode State Machine Thread - 0] INFO  datanode.InitDatanodeState (InitDatanodeState.java:persistContainerDatanodeDetails(140)) - DatanodeDetails is persisted to /workdir/hadoop-ozone/integration-test/target/test-dir/MiniOzoneClusterImpl-dbc006c8-6e38-4b9c-8623-68d6a10c783f/datanode-2/meta/datanode.id
2019-10-03 08:30:57,126 [main] INFO  ozone.HddsDatanodeService (HddsDatanodeService.java:start(184)) - HddsDatanodeService host:pr-hdds2217-2mkdc-371598885 ip:192.168.151.98
2019-10-03 08:30:57,135 [main] INFO  volume.HddsVolume (HddsVolume.java:<init>(176)) - Creating Volume: /workdir/hadoop-ozone/integration-test/target/test-dir/MiniOzoneClusterImpl-dbc006c8-6e38-4b9c-8623-68d6a10c783f/datanode-3/data/containers/hdds of  storage type : DISK and capacity : 1482555576320
2019-10-03 08:30:57,135 [main] INFO  volume.VolumeSet (VolumeSet.java:initializeVolumeSet(170)) - Added Volume : /workdir/hadoop-ozone/integration-test/target/test-dir/MiniOzoneClusterImpl-dbc006c8-6e38-4b9c-8623-68d6a10c783f/datanode-3/data/containers/hdds to VolumeSet
2019-10-03 08:30:57,135 [main] INFO  volume.ThrottledAsyncChecker (ThrottledAsyncChecker.java:schedule(139)) - Scheduling a check for org.apache.hadoop.ozone.container.common.volume.HddsVolume@37606fee
2019-10-03 08:30:57,135 [main] INFO  volume.HddsVolumeChecker (HddsVolumeChecker.java:checkAllVolumes(202)) - Scheduled health check for volume org.apache.hadoop.ozone.container.common.volume.HddsVolume@37606fee
2019-10-03 08:30:57,148 [main] INFO  impl.RaftServerProxy (ConfUtils.java:logGet(43)) - raft.rpc.type = GRPC (default)
2019-10-03 08:30:57,148 [main] INFO  grpc.GrpcFactory (GrpcFactory.java:checkPooledByteBufAllocatorUseCacheForAllThreads(45)) - PERFORMANCE WARNING: useCacheForAllThreads is true that may cause Netty to create a lot garbage objects and, as a result, trigger GC.
	It is recommended to disable useCacheForAllThreads by setting -Dorg.apache.ratis.thirdparty.io.netty.allocator.useCacheForAllThreads=false in command line.
2019-10-03 08:30:57,148 [main] INFO  grpc.GrpcConfigKeys$Server (ConfUtils.java:logGet(43)) - raft.grpc.server.port = 0 (default)
2019-10-03 08:30:57,149 [main] INFO  server.GrpcService (ConfUtils.java:logGet(43)) - raft.grpc.message.size.max = 33570816 (custom)
2019-10-03 08:30:57,149 [main] INFO  server.RaftServerConfigKeys (ConfUtils.java:logGet(43)) - raft.server.log.appender.buffer.byte-limit = 33554432 (custom)
2019-10-03 08:30:57,149 [main] INFO  server.GrpcService (ConfUtils.java:logGet(43)) - raft.grpc.flow.control.window = 1MB (=1048576) (default)
2019-10-03 08:30:57,149 [main] INFO  server.RaftServerConfigKeys (ConfUtils.java:logGet(43)) - raft.server.rpc.request.timeout = 3000ms (default)
2019-10-03 08:30:57,149 [main] INFO  server.RaftServerConfigKeys (ConfUtils.java:logGet(43)) - raft.server.storage.dir = [/workdir/hadoop-ozone/integration-test/target/test-dir/MiniOzoneClusterImpl-dbc006c8-6e38-4b9c-8623-68d6a10c783f/datanode-3/data/ratis] (custom)
2019-10-03 08:30:57,151 [main] INFO  hdfs.DFSUtil (DFSUtil.java:httpServerTemplateForNNAndJN(1641)) - Starting Web-server for hddsDatanode at: http://0.0.0.0:0
2019-10-03 08:30:57,152 [main] INFO  server.AuthenticationFilter (AuthenticationFilter.java:constructSecretProvider(240)) - Unable to initialize FileSignerSecretProvider, falling back to use random secrets.
2019-10-03 08:30:57,152 [main] WARN  http.HttpRequestLog (HttpRequestLog.java:getRequestLog(97)) - Jetty request log can only be enabled using Log4j
2019-10-03 08:30:57,153 [main] INFO  http.HttpServer2 (HttpServer2.java:addGlobalFilter(975)) - Added global filter 'safety' (class=org.apache.hadoop.http.HttpServer2$QuotingInputFilter)
2019-10-03 08:30:57,153 [main] INFO  http.HttpServer2 (HttpServer2.java:addFilter(948)) - Added filter static_user_filter (class=org.apache.hadoop.http.lib.StaticUserWebFilter$StaticUserFilter) to context hddsDatanode
2019-10-03 08:30:57,154 [main] INFO  http.HttpServer2 (HttpServer2.java:addFilter(958)) - Added filter static_user_filter (class=org.apache.hadoop.http.lib.StaticUserWebFilter$StaticUserFilter) to context logs
2019-10-03 08:30:57,154 [main] INFO  http.HttpServer2 (HttpServer2.java:addFilter(958)) - Added filter static_user_filter (class=org.apache.hadoop.http.lib.StaticUserWebFilter$StaticUserFilter) to context static
2019-10-03 08:30:57,154 [main] INFO  http.HttpServer2 (HttpServer2.java:bindListener(1191)) - Jetty bound to port 43290
2019-10-03 08:30:57,154 [main] INFO  server.Server (Server.java:doStart(351)) - jetty-9.3.25.v20180904, build timestamp: 2018-09-04T21:11:46Z, git hash: 3ce520221d0240229c862b122d2b06c12a625732
2019-10-03 08:30:57,156 [main] INFO  handler.ContextHandler (ContextHandler.java:doStart(781)) - Started o.e.j.s.ServletContextHandler@4b7ed03e{/logs,file:///workdir/hadoop-ozone/integration-test/target/log,AVAILABLE}
2019-10-03 08:30:57,156 [main] INFO  handler.ContextHandler (ContextHandler.java:doStart(781)) - Started o.e.j.s.ServletContextHandler@6f91fbda{/static,jar:file:/home/user/.m2/repository/org/apache/hadoop/hadoop-hdds-container-service/0.5.0-SNAPSHOT/hadoop-hdds-container-service-0.5.0-SNAPSHOT.jar!/webapps/static,AVAILABLE}
2019-10-03 08:30:57,185 [main] INFO  handler.ContextHandler (ContextHandler.java:doStart(781)) - Started o.e.j.w.WebAppContext@599f1b7{/,file:///tmp/jetty-0.0.0.0-43290-hddsDatanode-_-any-5814227491126463019.dir/webapp/,AVAILABLE}{/hddsDatanode}
2019-10-03 08:30:57,185 [main] INFO  server.AbstractConnector (AbstractConnector.java:doStart(278)) - Started ServerConnector@22791b75{HTTP/1.1,[http/1.1]}{0.0.0.0:43290}
2019-10-03 08:30:57,187 [main] INFO  server.Server (Server.java:doStart(419)) - Started @222245ms
2019-10-03 08:30:57,187 [main] WARN  impl.MetricsSystemImpl (MetricsSystemImpl.java:register(276)) - Sink prometheus already exists!
2019-10-03 08:30:57,188 [main] INFO  server.BaseHttpServer (BaseHttpServer.java:updateConnectorAddress(215)) - HTTP server of HDDSDATANODE is listening at http://0.0.0.0:43290
2019-10-03 08:30:57,188 [main] INFO  impl.MetricsSystemImpl (MetricsSystemImpl.java:init(158)) - HddsDatanode metrics system started (again)
2019-10-03 08:30:57,207 [org.apache.hadoop.util.JvmPauseMonitor$Monitor@cdc5ca7] INFO  util.JvmPauseMonitor (JvmPauseMonitor.java:run(188)) - Starting JVM pause monitor
2019-10-03 08:30:57,208 [Datanode State Machine Thread - 0] INFO  datanode.InitDatanodeState (InitDatanodeState.java:persistContainerDatanodeDetails(140)) - DatanodeDetails is persisted to /workdir/hadoop-ozone/integration-test/target/test-dir/MiniOzoneClusterImpl-dbc006c8-6e38-4b9c-8623-68d6a10c783f/datanode-3/meta/datanode.id
2019-10-03 08:30:57,209 [main] INFO  ozone.HddsDatanodeService (HddsDatanodeService.java:start(184)) - HddsDatanodeService host:pr-hdds2217-2mkdc-371598885 ip:192.168.151.98
2019-10-03 08:30:57,218 [main] INFO  volume.HddsVolume (HddsVolume.java:<init>(176)) - Creating Volume: /workdir/hadoop-ozone/integration-test/target/test-dir/MiniOzoneClusterImpl-dbc006c8-6e38-4b9c-8623-68d6a10c783f/datanode-4/data/containers/hdds of  storage type : DISK and capacity : 1482555576320
2019-10-03 08:30:57,218 [main] INFO  volume.VolumeSet (VolumeSet.java:initializeVolumeSet(170)) - Added Volume : /workdir/hadoop-ozone/integration-test/target/test-dir/MiniOzoneClusterImpl-dbc006c8-6e38-4b9c-8623-68d6a10c783f/datanode-4/data/containers/hdds to VolumeSet
2019-10-03 08:30:57,218 [main] INFO  volume.ThrottledAsyncChecker (ThrottledAsyncChecker.java:schedule(139)) - Scheduling a check for org.apache.hadoop.ozone.container.common.volume.HddsVolume@1a914089
2019-10-03 08:30:57,219 [main] INFO  volume.HddsVolumeChecker (HddsVolumeChecker.java:checkAllVolumes(202)) - Scheduled health check for volume org.apache.hadoop.ozone.container.common.volume.HddsVolume@1a914089
2019-10-03 08:30:57,233 [main] INFO  impl.RaftServerProxy (ConfUtils.java:logGet(43)) - raft.rpc.type = GRPC (default)
2019-10-03 08:30:57,233 [main] INFO  grpc.GrpcFactory (GrpcFactory.java:checkPooledByteBufAllocatorUseCacheForAllThreads(45)) - PERFORMANCE WARNING: useCacheForAllThreads is true that may cause Netty to create a lot garbage objects and, as a result, trigger GC.
	It is recommended to disable useCacheForAllThreads by setting -Dorg.apache.ratis.thirdparty.io.netty.allocator.useCacheForAllThreads=false in command line.
2019-10-03 08:30:57,233 [main] INFO  grpc.GrpcConfigKeys$Server (ConfUtils.java:logGet(43)) - raft.grpc.server.port = 0 (default)
2019-10-03 08:30:57,233 [main] INFO  server.GrpcService (ConfUtils.java:logGet(43)) - raft.grpc.message.size.max = 33570816 (custom)
2019-10-03 08:30:57,234 [main] INFO  server.RaftServerConfigKeys (ConfUtils.java:logGet(43)) - raft.server.log.appender.buffer.byte-limit = 33554432 (custom)
2019-10-03 08:30:57,234 [main] INFO  server.GrpcService (ConfUtils.java:logGet(43)) - raft.grpc.flow.control.window = 1MB (=1048576) (default)
2019-10-03 08:30:57,234 [main] INFO  server.RaftServerConfigKeys (ConfUtils.java:logGet(43)) - raft.server.rpc.request.timeout = 3000ms (default)
2019-10-03 08:30:57,234 [main] INFO  server.RaftServerConfigKeys (ConfUtils.java:logGet(43)) - raft.server.storage.dir = [/workdir/hadoop-ozone/integration-test/target/test-dir/MiniOzoneClusterImpl-dbc006c8-6e38-4b9c-8623-68d6a10c783f/datanode-4/data/ratis] (custom)
2019-10-03 08:30:57,235 [main] INFO  hdfs.DFSUtil (DFSUtil.java:httpServerTemplateForNNAndJN(1641)) - Starting Web-server for hddsDatanode at: http://0.0.0.0:0
2019-10-03 08:30:57,236 [main] INFO  server.AuthenticationFilter (AuthenticationFilter.java:constructSecretProvider(240)) - Unable to initialize FileSignerSecretProvider, falling back to use random secrets.
2019-10-03 08:30:57,237 [main] WARN  http.HttpRequestLog (HttpRequestLog.java:getRequestLog(97)) - Jetty request log can only be enabled using Log4j
2019-10-03 08:30:57,238 [main] INFO  http.HttpServer2 (HttpServer2.java:addGlobalFilter(975)) - Added global filter 'safety' (class=org.apache.hadoop.http.HttpServer2$QuotingInputFilter)
2019-10-03 08:30:57,238 [main] INFO  http.HttpServer2 (HttpServer2.java:addFilter(948)) - Added filter static_user_filter (class=org.apache.hadoop.http.lib.StaticUserWebFilter$StaticUserFilter) to context hddsDatanode
2019-10-03 08:30:57,238 [main] INFO  http.HttpServer2 (HttpServer2.java:addFilter(958)) - Added filter static_user_filter (class=org.apache.hadoop.http.lib.StaticUserWebFilter$StaticUserFilter) to context static
2019-10-03 08:30:57,239 [main] INFO  http.HttpServer2 (HttpServer2.java:addFilter(958)) - Added filter static_user_filter (class=org.apache.hadoop.http.lib.StaticUserWebFilter$StaticUserFilter) to context logs
2019-10-03 08:30:57,239 [main] INFO  http.HttpServer2 (HttpServer2.java:bindListener(1191)) - Jetty bound to port 44336
2019-10-03 08:30:57,239 [main] INFO  server.Server (Server.java:doStart(351)) - jetty-9.3.25.v20180904, build timestamp: 2018-09-04T21:11:46Z, git hash: 3ce520221d0240229c862b122d2b06c12a625732
2019-10-03 08:30:57,241 [main] INFO  handler.ContextHandler (ContextHandler.java:doStart(781)) - Started o.e.j.s.ServletContextHandler@3002e397{/logs,file:///workdir/hadoop-ozone/integration-test/target/log,AVAILABLE}
2019-10-03 08:30:57,241 [main] INFO  handler.ContextHandler (ContextHandler.java:doStart(781)) - Started o.e.j.s.ServletContextHandler@38159384{/static,jar:file:/home/user/.m2/repository/org/apache/hadoop/hadoop-hdds-container-service/0.5.0-SNAPSHOT/hadoop-hdds-container-service-0.5.0-SNAPSHOT.jar!/webapps/static,AVAILABLE}
2019-10-03 08:30:57,269 [main] INFO  handler.ContextHandler (ContextHandler.java:doStart(781)) - Started o.e.j.w.WebAppContext@4584304{/,file:///tmp/jetty-0.0.0.0-44336-hddsDatanode-_-any-2803592231405748859.dir/webapp/,AVAILABLE}{/hddsDatanode}
2019-10-03 08:30:57,269 [main] INFO  server.AbstractConnector (AbstractConnector.java:doStart(278)) - Started ServerConnector@51888019{HTTP/1.1,[http/1.1]}{0.0.0.0:44336}
2019-10-03 08:30:57,272 [main] INFO  server.Server (Server.java:doStart(419)) - Started @222330ms
2019-10-03 08:30:57,272 [main] WARN  impl.MetricsSystemImpl (MetricsSystemImpl.java:register(276)) - Sink prometheus already exists!
2019-10-03 08:30:57,273 [main] INFO  server.BaseHttpServer (BaseHttpServer.java:updateConnectorAddress(215)) - HTTP server of HDDSDATANODE is listening at http://0.0.0.0:44336
2019-10-03 08:30:57,273 [main] INFO  impl.MetricsSystemImpl (MetricsSystemImpl.java:init(158)) - HddsDatanode metrics system started (again)
2019-10-03 08:30:57,293 [org.apache.hadoop.util.JvmPauseMonitor$Monitor@3e96efa5] INFO  util.JvmPauseMonitor (JvmPauseMonitor.java:run(188)) - Starting JVM pause monitor
2019-10-03 08:30:57,294 [Datanode State Machine Thread - 0] INFO  datanode.InitDatanodeState (InitDatanodeState.java:persistContainerDatanodeDetails(140)) - DatanodeDetails is persisted to /workdir/hadoop-ozone/integration-test/target/test-dir/MiniOzoneClusterImpl-dbc006c8-6e38-4b9c-8623-68d6a10c783f/datanode-4/meta/datanode.id
2019-10-03 08:30:57,294 [main] INFO  ozone.HddsDatanodeService (HddsDatanodeService.java:start(184)) - HddsDatanodeService host:pr-hdds2217-2mkdc-371598885 ip:192.168.151.98
2019-10-03 08:30:57,304 [main] INFO  volume.HddsVolume (HddsVolume.java:<init>(176)) - Creating Volume: /workdir/hadoop-ozone/integration-test/target/test-dir/MiniOzoneClusterImpl-dbc006c8-6e38-4b9c-8623-68d6a10c783f/datanode-5/data/containers/hdds of  storage type : DISK and capacity : 1482555576320
2019-10-03 08:30:57,304 [main] INFO  volume.VolumeSet (VolumeSet.java:initializeVolumeSet(170)) - Added Volume : /workdir/hadoop-ozone/integration-test/target/test-dir/MiniOzoneClusterImpl-dbc006c8-6e38-4b9c-8623-68d6a10c783f/datanode-5/data/containers/hdds to VolumeSet
2019-10-03 08:30:57,304 [main] INFO  volume.ThrottledAsyncChecker (ThrottledAsyncChecker.java:schedule(139)) - Scheduling a check for org.apache.hadoop.ozone.container.common.volume.HddsVolume@22cb3d59
2019-10-03 08:30:57,305 [main] INFO  volume.HddsVolumeChecker (HddsVolumeChecker.java:checkAllVolumes(202)) - Scheduled health check for volume org.apache.hadoop.ozone.container.common.volume.HddsVolume@22cb3d59
2019-10-03 08:30:57,319 [main] INFO  impl.RaftServerProxy (ConfUtils.java:logGet(43)) - raft.rpc.type = GRPC (default)
2019-10-03 08:30:57,319 [main] INFO  grpc.GrpcFactory (GrpcFactory.java:checkPooledByteBufAllocatorUseCacheForAllThreads(45)) - PERFORMANCE WARNING: useCacheForAllThreads is true that may cause Netty to create a lot garbage objects and, as a result, trigger GC.
	It is recommended to disable useCacheForAllThreads by setting -Dorg.apache.ratis.thirdparty.io.netty.allocator.useCacheForAllThreads=false in command line.
2019-10-03 08:30:57,320 [main] INFO  grpc.GrpcConfigKeys$Server (ConfUtils.java:logGet(43)) - raft.grpc.server.port = 0 (default)
2019-10-03 08:30:57,320 [main] INFO  server.GrpcService (ConfUtils.java:logGet(43)) - raft.grpc.message.size.max = 33570816 (custom)
2019-10-03 08:30:57,320 [main] INFO  server.RaftServerConfigKeys (ConfUtils.java:logGet(43)) - raft.server.log.appender.buffer.byte-limit = 33554432 (custom)
2019-10-03 08:30:57,320 [main] INFO  server.GrpcService (ConfUtils.java:logGet(43)) - raft.grpc.flow.control.window = 1MB (=1048576) (default)
2019-10-03 08:30:57,320 [main] INFO  server.RaftServerConfigKeys (ConfUtils.java:logGet(43)) - raft.server.rpc.request.timeout = 3000ms (default)
2019-10-03 08:30:57,321 [main] INFO  server.RaftServerConfigKeys (ConfUtils.java:logGet(43)) - raft.server.storage.dir = [/workdir/hadoop-ozone/integration-test/target/test-dir/MiniOzoneClusterImpl-dbc006c8-6e38-4b9c-8623-68d6a10c783f/datanode-5/data/ratis] (custom)
2019-10-03 08:30:57,322 [main] INFO  hdfs.DFSUtil (DFSUtil.java:httpServerTemplateForNNAndJN(1641)) - Starting Web-server for hddsDatanode at: http://0.0.0.0:0
2019-10-03 08:30:57,323 [main] INFO  server.AuthenticationFilter (AuthenticationFilter.java:constructSecretProvider(240)) - Unable to initialize FileSignerSecretProvider, falling back to use random secrets.
2019-10-03 08:30:57,323 [main] WARN  http.HttpRequestLog (HttpRequestLog.java:getRequestLog(97)) - Jetty request log can only be enabled using Log4j
2019-10-03 08:30:57,324 [main] INFO  http.HttpServer2 (HttpServer2.java:addGlobalFilter(975)) - Added global filter 'safety' (class=org.apache.hadoop.http.HttpServer2$QuotingInputFilter)
2019-10-03 08:30:57,324 [main] INFO  http.HttpServer2 (HttpServer2.java:addFilter(948)) - Added filter static_user_filter (class=org.apache.hadoop.http.lib.StaticUserWebFilter$StaticUserFilter) to context hddsDatanode
2019-10-03 08:30:57,325 [main] INFO  http.HttpServer2 (HttpServer2.java:addFilter(958)) - Added filter static_user_filter (class=org.apache.hadoop.http.lib.StaticUserWebFilter$StaticUserFilter) to context logs
2019-10-03 08:30:57,325 [main] INFO  http.HttpServer2 (HttpServer2.java:addFilter(958)) - Added filter static_user_filter (class=org.apache.hadoop.http.lib.StaticUserWebFilter$StaticUserFilter) to context static
2019-10-03 08:30:57,325 [main] INFO  http.HttpServer2 (HttpServer2.java:bindListener(1191)) - Jetty bound to port 40148
2019-10-03 08:30:57,325 [main] INFO  server.Server (Server.java:doStart(351)) - jetty-9.3.25.v20180904, build timestamp: 2018-09-04T21:11:46Z, git hash: 3ce520221d0240229c862b122d2b06c12a625732
2019-10-03 08:30:57,328 [main] INFO  handler.ContextHandler (ContextHandler.java:doStart(781)) - Started o.e.j.s.ServletContextHandler@530ee28b{/logs,file:///workdir/hadoop-ozone/integration-test/target/log,AVAILABLE}
2019-10-03 08:30:57,328 [main] INFO  handler.ContextHandler (ContextHandler.java:doStart(781)) - Started o.e.j.s.ServletContextHandler@4def7d36{/static,jar:file:/home/user/.m2/repository/org/apache/hadoop/hadoop-hdds-container-service/0.5.0-SNAPSHOT/hadoop-hdds-container-service-0.5.0-SNAPSHOT.jar!/webapps/static,AVAILABLE}
2019-10-03 08:30:57,373 [main] INFO  handler.ContextHandler (ContextHandler.java:doStart(781)) - Started o.e.j.w.WebAppContext@66e341e9{/,file:///tmp/jetty-0.0.0.0-40148-hddsDatanode-_-any-3683580764911474649.dir/webapp/,AVAILABLE}{/hddsDatanode}
2019-10-03 08:30:57,373 [main] INFO  server.AbstractConnector (AbstractConnector.java:doStart(278)) - Started ServerConnector@5b48f0f4{HTTP/1.1,[http/1.1]}{0.0.0.0:40148}
2019-10-03 08:30:57,377 [main] INFO  server.Server (Server.java:doStart(419)) - Started @222434ms
2019-10-03 08:30:57,377 [main] WARN  impl.MetricsSystemImpl (MetricsSystemImpl.java:register(276)) - Sink prometheus already exists!
2019-10-03 08:30:57,378 [main] INFO  server.BaseHttpServer (BaseHttpServer.java:updateConnectorAddress(215)) - HTTP server of HDDSDATANODE is listening at http://0.0.0.0:40148
2019-10-03 08:30:57,378 [main] INFO  impl.MetricsSystemImpl (MetricsSystemImpl.java:init(158)) - HddsDatanode metrics system started (again)
2019-10-03 08:30:57,410 [org.apache.hadoop.util.JvmPauseMonitor$Monitor@c16b78b] INFO  util.JvmPauseMonitor (JvmPauseMonitor.java:run(188)) - Starting JVM pause monitor
2019-10-03 08:30:57,411 [Datanode State Machine Thread - 0] INFO  datanode.InitDatanodeState (InitDatanodeState.java:persistContainerDatanodeDetails(140)) - DatanodeDetails is persisted to /workdir/hadoop-ozone/integration-test/target/test-dir/MiniOzoneClusterImpl-dbc006c8-6e38-4b9c-8623-68d6a10c783f/datanode-5/meta/datanode.id
2019-10-03 08:30:57,412 [main] INFO  ozone.HddsDatanodeService (HddsDatanodeService.java:start(184)) - HddsDatanodeService host:pr-hdds2217-2mkdc-371598885 ip:192.168.151.98
2019-10-03 08:30:57,423 [main] INFO  volume.HddsVolume (HddsVolume.java:<init>(176)) - Creating Volume: /workdir/hadoop-ozone/integration-test/target/test-dir/MiniOzoneClusterImpl-dbc006c8-6e38-4b9c-8623-68d6a10c783f/datanode-6/data/containers/hdds of  storage type : DISK and capacity : 1482555576320
2019-10-03 08:30:57,423 [main] INFO  volume.VolumeSet (VolumeSet.java:initializeVolumeSet(170)) - Added Volume : /workdir/hadoop-ozone/integration-test/target/test-dir/MiniOzoneClusterImpl-dbc006c8-6e38-4b9c-8623-68d6a10c783f/datanode-6/data/containers/hdds to VolumeSet
2019-10-03 08:30:57,423 [main] INFO  volume.ThrottledAsyncChecker (ThrottledAsyncChecker.java:schedule(139)) - Scheduling a check for org.apache.hadoop.ozone.container.common.volume.HddsVolume@310d57b1
2019-10-03 08:30:57,424 [main] INFO  volume.HddsVolumeChecker (HddsVolumeChecker.java:checkAllVolumes(202)) - Scheduled health check for volume org.apache.hadoop.ozone.container.common.volume.HddsVolume@310d57b1
2019-10-03 08:30:57,440 [main] INFO  impl.RaftServerProxy (ConfUtils.java:logGet(43)) - raft.rpc.type = GRPC (default)
2019-10-03 08:30:57,440 [main] INFO  grpc.GrpcFactory (GrpcFactory.java:checkPooledByteBufAllocatorUseCacheForAllThreads(45)) - PERFORMANCE WARNING: useCacheForAllThreads is true that may cause Netty to create a lot garbage objects and, as a result, trigger GC.
	It is recommended to disable useCacheForAllThreads by setting -Dorg.apache.ratis.thirdparty.io.netty.allocator.useCacheForAllThreads=false in command line.
2019-10-03 08:30:57,440 [main] INFO  grpc.GrpcConfigKeys$Server (ConfUtils.java:logGet(43)) - raft.grpc.server.port = 0 (default)
2019-10-03 08:30:57,440 [main] INFO  server.GrpcService (ConfUtils.java:logGet(43)) - raft.grpc.message.size.max = 33570816 (custom)
2019-10-03 08:30:57,440 [main] INFO  server.RaftServerConfigKeys (ConfUtils.java:logGet(43)) - raft.server.log.appender.buffer.byte-limit = 33554432 (custom)
2019-10-03 08:30:57,441 [main] INFO  server.GrpcService (ConfUtils.java:logGet(43)) - raft.grpc.flow.control.window = 1MB (=1048576) (default)
2019-10-03 08:30:57,441 [main] INFO  server.RaftServerConfigKeys (ConfUtils.java:logGet(43)) - raft.server.rpc.request.timeout = 3000ms (default)
2019-10-03 08:30:57,441 [main] INFO  server.RaftServerConfigKeys (ConfUtils.java:logGet(43)) - raft.server.storage.dir = [/workdir/hadoop-ozone/integration-test/target/test-dir/MiniOzoneClusterImpl-dbc006c8-6e38-4b9c-8623-68d6a10c783f/datanode-6/data/ratis] (custom)
2019-10-03 08:30:57,443 [main] INFO  hdfs.DFSUtil (DFSUtil.java:httpServerTemplateForNNAndJN(1641)) - Starting Web-server for hddsDatanode at: http://0.0.0.0:0
2019-10-03 08:30:57,444 [main] INFO  server.AuthenticationFilter (AuthenticationFilter.java:constructSecretProvider(240)) - Unable to initialize FileSignerSecretProvider, falling back to use random secrets.
2019-10-03 08:30:57,444 [main] WARN  http.HttpRequestLog (HttpRequestLog.java:getRequestLog(97)) - Jetty request log can only be enabled using Log4j
2019-10-03 08:30:57,445 [main] INFO  http.HttpServer2 (HttpServer2.java:addGlobalFilter(975)) - Added global filter 'safety' (class=org.apache.hadoop.http.HttpServer2$QuotingInputFilter)
2019-10-03 08:30:57,446 [main] INFO  http.HttpServer2 (HttpServer2.java:addFilter(948)) - Added filter static_user_filter (class=org.apache.hadoop.http.lib.StaticUserWebFilter$StaticUserFilter) to context hddsDatanode
2019-10-03 08:30:57,446 [main] INFO  http.HttpServer2 (HttpServer2.java:addFilter(958)) - Added filter static_user_filter (class=org.apache.hadoop.http.lib.StaticUserWebFilter$StaticUserFilter) to context logs
2019-10-03 08:30:57,446 [main] INFO  http.HttpServer2 (HttpServer2.java:addFilter(958)) - Added filter static_user_filter (class=org.apache.hadoop.http.lib.StaticUserWebFilter$StaticUserFilter) to context static
2019-10-03 08:30:57,447 [main] INFO  http.HttpServer2 (HttpServer2.java:bindListener(1191)) - Jetty bound to port 40548
2019-10-03 08:30:57,447 [main] INFO  server.Server (Server.java:doStart(351)) - jetty-9.3.25.v20180904, build timestamp: 2018-09-04T21:11:46Z, git hash: 3ce520221d0240229c862b122d2b06c12a625732
2019-10-03 08:30:57,448 [main] INFO  handler.ContextHandler (ContextHandler.java:doStart(781)) - Started o.e.j.s.ServletContextHandler@2997ddfc{/logs,file:///workdir/hadoop-ozone/integration-test/target/log,AVAILABLE}
2019-10-03 08:30:57,449 [main] INFO  handler.ContextHandler (ContextHandler.java:doStart(781)) - Started o.e.j.s.ServletContextHandler@78d73b1b{/static,jar:file:/home/user/.m2/repository/org/apache/hadoop/hadoop-hdds-container-service/0.5.0-SNAPSHOT/hadoop-hdds-container-service-0.5.0-SNAPSHOT.jar!/webapps/static,AVAILABLE}
2019-10-03 08:30:57,477 [main] INFO  handler.ContextHandler (ContextHandler.java:doStart(781)) - Started o.e.j.w.WebAppContext@39c87b42{/,file:///tmp/jetty-0.0.0.0-40548-hddsDatanode-_-any-1483998758225283458.dir/webapp/,AVAILABLE}{/hddsDatanode}
2019-10-03 08:30:57,477 [main] INFO  server.AbstractConnector (AbstractConnector.java:doStart(278)) - Started ServerConnector@47fcefb3{HTTP/1.1,[http/1.1]}{0.0.0.0:40548}
2019-10-03 08:30:57,480 [main] INFO  server.Server (Server.java:doStart(419)) - Started @222538ms
2019-10-03 08:30:57,481 [main] WARN  impl.MetricsSystemImpl (MetricsSystemImpl.java:register(276)) - Sink prometheus already exists!
2019-10-03 08:30:57,481 [main] INFO  server.BaseHttpServer (BaseHttpServer.java:updateConnectorAddress(215)) - HTTP server of HDDSDATANODE is listening at http://0.0.0.0:40548
2019-10-03 08:30:57,482 [main] INFO  ozone.MiniOzoneClusterImpl (MiniOzoneClusterImpl.java:lambda$waitForClusterToBeReady$0(147)) - Waiting for cluster to be ready. Got 0 of 7 DN Heartbeats.
2019-10-03 08:30:57,483 [org.apache.hadoop.util.JvmPauseMonitor$Monitor@7c1a2213] INFO  util.JvmPauseMonitor (JvmPauseMonitor.java:run(188)) - Starting JVM pause monitor
2019-10-03 08:30:57,484 [Datanode State Machine Thread - 0] INFO  datanode.InitDatanodeState (InitDatanodeState.java:persistContainerDatanodeDetails(140)) - DatanodeDetails is persisted to /workdir/hadoop-ozone/integration-test/target/test-dir/MiniOzoneClusterImpl-dbc006c8-6e38-4b9c-8623-68d6a10c783f/datanode-6/meta/datanode.id
2019-10-03 08:30:57,723 [grpc-default-executor-6] WARN  server.GrpcLogAppender (LogUtils.java:warn(134)) - e99ec86c-eb11-4984-811e-cb8f4c6ed7f5@group-269E35724743->f69a3bb4-5ce3-4f3a-a5ec-57530bf8bb38-AppendLogResponseHandler: Failed appendEntries: org.apache.ratis.thirdparty.io.grpc.StatusRuntimeException: UNAVAILABLE: io exception
2019-10-03 08:30:57,723 [grpc-default-executor-7] WARN  server.GrpcLogAppender (LogUtils.java:warn(134)) - e99ec86c-eb11-4984-811e-cb8f4c6ed7f5@group-269E35724743->027d15f8-0321-42a1-b7d1-02f58cd1cf17-AppendLogResponseHandler: Failed appendEntries: org.apache.ratis.thirdparty.io.grpc.StatusRuntimeException: UNAVAILABLE: io exception
2019-10-03 08:30:57,724 [grpc-default-executor-6] INFO  impl.FollowerInfo (FollowerInfo.java:lambda$new$0(51)) - e99ec86c-eb11-4984-811e-cb8f4c6ed7f5@group-269E35724743->f69a3bb4-5ce3-4f3a-a5ec-57530bf8bb38: nextIndex: updateUnconditionally 0 -> 0
2019-10-03 08:30:57,724 [grpc-default-executor-7] INFO  impl.FollowerInfo (FollowerInfo.java:lambda$new$0(51)) - e99ec86c-eb11-4984-811e-cb8f4c6ed7f5@group-269E35724743->027d15f8-0321-42a1-b7d1-02f58cd1cf17: nextIndex: updateUnconditionally 0 -> 0
2019-10-03 08:30:58,482 [main] INFO  ozone.MiniOzoneClusterImpl (MiniOzoneClusterImpl.java:lambda$waitForClusterToBeReady$0(147)) - Waiting for cluster to be ready. Got 0 of 7 DN Heartbeats.
2019-10-03 08:30:58,979 [Datanode State Machine Thread - 0] INFO  ozoneimpl.OzoneContainer (OzoneContainer.java:start(217)) - Attempting to start container services.
2019-10-03 08:30:58,980 [Datanode State Machine Thread - 0] INFO  ozoneimpl.OzoneContainer (OzoneContainer.java:startContainerScrub(179)) - Background container scanner has been disabled.
2019-10-03 08:30:58,980 [Datanode State Machine Thread - 0] INFO  ratis.XceiverServerRatis (XceiverServerRatis.java:start(417)) - Starting XceiverServerRatis a0579777-64ad-43dd-9cc9-d89f7d8424a8 at port 0
2019-10-03 08:30:58,985 [Datanode State Machine Thread - 0] INFO  impl.RaftServerProxy (RaftServerProxy.java:lambda$start$3(299)) - a0579777-64ad-43dd-9cc9-d89f7d8424a8: start RPC server
2019-10-03 08:30:58,986 [Datanode State Machine Thread - 0] INFO  server.GrpcService (GrpcService.java:startImpl(158)) - a0579777-64ad-43dd-9cc9-d89f7d8424a8: GrpcService started, listening on 0.0.0.0/0.0.0.0:46774
2019-10-03 08:30:58,986 [Datanode State Machine Thread - 0] INFO  ratis.XceiverServerRatis (XceiverServerRatis.java:start(427)) - XceiverServerRatis a0579777-64ad-43dd-9cc9-d89f7d8424a8 is started using port 46774
2019-10-03 08:30:58,995 [Datanode State Machine Thread - 0] INFO  server.XceiverServerGrpc (XceiverServerGrpc.java:start(149)) - XceiverServerGrpc a0579777-64ad-43dd-9cc9-d89f7d8424a8 is started using port 43582
2019-10-03 08:30:59,058 [Datanode State Machine Thread - 0] INFO  ozoneimpl.OzoneContainer (OzoneContainer.java:start(217)) - Attempting to start container services.
2019-10-03 08:30:59,058 [Datanode State Machine Thread - 0] INFO  ozoneimpl.OzoneContainer (OzoneContainer.java:startContainerScrub(179)) - Background container scanner has been disabled.
2019-10-03 08:30:59,058 [Datanode State Machine Thread - 0] INFO  ratis.XceiverServerRatis (XceiverServerRatis.java:start(417)) - Starting XceiverServerRatis 018a42ba-2560-403a-9985-3e26b1a2fca3 at port 0
2019-10-03 08:30:59,064 [Datanode State Machine Thread - 0] INFO  impl.RaftServerProxy (RaftServerProxy.java:lambda$start$3(299)) - 018a42ba-2560-403a-9985-3e26b1a2fca3: start RPC server
2019-10-03 08:30:59,065 [Datanode State Machine Thread - 0] INFO  server.GrpcService (GrpcService.java:startImpl(158)) - 018a42ba-2560-403a-9985-3e26b1a2fca3: GrpcService started, listening on 0.0.0.0/0.0.0.0:45535
2019-10-03 08:30:59,065 [Datanode State Machine Thread - 0] INFO  ratis.XceiverServerRatis (XceiverServerRatis.java:start(427)) - XceiverServerRatis 018a42ba-2560-403a-9985-3e26b1a2fca3 is started using port 45535
2019-10-03 08:30:59,066 [Datanode State Machine Thread - 0] INFO  server.XceiverServerGrpc (XceiverServerGrpc.java:start(149)) - XceiverServerGrpc 018a42ba-2560-403a-9985-3e26b1a2fca3 is started using port 39017
2019-10-03 08:30:59,140 [Datanode State Machine Thread - 0] INFO  ozoneimpl.OzoneContainer (OzoneContainer.java:start(217)) - Attempting to start container services.
2019-10-03 08:30:59,140 [Datanode State Machine Thread - 0] INFO  ozoneimpl.OzoneContainer (OzoneContainer.java:startContainerScrub(179)) - Background container scanner has been disabled.
2019-10-03 08:30:59,140 [Datanode State Machine Thread - 0] INFO  ratis.XceiverServerRatis (XceiverServerRatis.java:start(417)) - Starting XceiverServerRatis 3f80a612-2f76-4eb3-b73b-53e4707867d7 at port 0
2019-10-03 08:30:59,145 [Datanode State Machine Thread - 0] INFO  impl.RaftServerProxy (RaftServerProxy.java:lambda$start$3(299)) - 3f80a612-2f76-4eb3-b73b-53e4707867d7: start RPC server
2019-10-03 08:30:59,148 [Datanode State Machine Thread - 0] INFO  server.GrpcService (GrpcService.java:startImpl(158)) - 3f80a612-2f76-4eb3-b73b-53e4707867d7: GrpcService started, listening on 0.0.0.0/0.0.0.0:35183
2019-10-03 08:30:59,148 [Datanode State Machine Thread - 0] INFO  ratis.XceiverServerRatis (XceiverServerRatis.java:start(427)) - XceiverServerRatis 3f80a612-2f76-4eb3-b73b-53e4707867d7 is started using port 35183
2019-10-03 08:30:59,149 [Datanode State Machine Thread - 0] INFO  server.XceiverServerGrpc (XceiverServerGrpc.java:start(149)) - XceiverServerGrpc 3f80a612-2f76-4eb3-b73b-53e4707867d7 is started using port 40474
2019-10-03 08:30:59,221 [Datanode State Machine Thread - 0] INFO  ozoneimpl.OzoneContainer (OzoneContainer.java:start(217)) - Attempting to start container services.
2019-10-03 08:30:59,222 [Datanode State Machine Thread - 0] INFO  ozoneimpl.OzoneContainer (OzoneContainer.java:startContainerScrub(179)) - Background container scanner has been disabled.
2019-10-03 08:30:59,222 [Datanode State Machine Thread - 0] INFO  ratis.XceiverServerRatis (XceiverServerRatis.java:start(417)) - Starting XceiverServerRatis 30a64e9b-985d-4964-b544-8d3e40d29219 at port 0
2019-10-03 08:30:59,226 [Datanode State Machine Thread - 0] INFO  impl.RaftServerProxy (RaftServerProxy.java:lambda$start$3(299)) - 30a64e9b-985d-4964-b544-8d3e40d29219: start RPC server
2019-10-03 08:30:59,226 [Datanode State Machine Thread - 0] INFO  server.GrpcService (GrpcService.java:startImpl(158)) - 30a64e9b-985d-4964-b544-8d3e40d29219: GrpcService started, listening on 0.0.0.0/0.0.0.0:45279
2019-10-03 08:30:59,227 [Datanode State Machine Thread - 0] INFO  ratis.XceiverServerRatis (XceiverServerRatis.java:start(427)) - XceiverServerRatis 30a64e9b-985d-4964-b544-8d3e40d29219 is started using port 45279
2019-10-03 08:30:59,232 [Datanode State Machine Thread - 0] INFO  server.XceiverServerGrpc (XceiverServerGrpc.java:start(149)) - XceiverServerGrpc 30a64e9b-985d-4964-b544-8d3e40d29219 is started using port 40011
2019-10-03 08:30:59,307 [Datanode State Machine Thread - 0] INFO  ozoneimpl.OzoneContainer (OzoneContainer.java:start(217)) - Attempting to start container services.
2019-10-03 08:30:59,307 [Datanode State Machine Thread - 0] INFO  ozoneimpl.OzoneContainer (OzoneContainer.java:startContainerScrub(179)) - Background container scanner has been disabled.
2019-10-03 08:30:59,307 [Datanode State Machine Thread - 0] INFO  ratis.XceiverServerRatis (XceiverServerRatis.java:start(417)) - Starting XceiverServerRatis 59d4bb91-9fc5-42e8-8efc-b590ab97d065 at port 0
2019-10-03 08:30:59,312 [Datanode State Machine Thread - 0] INFO  impl.RaftServerProxy (RaftServerProxy.java:lambda$start$3(299)) - 59d4bb91-9fc5-42e8-8efc-b590ab97d065: start RPC server
2019-10-03 08:30:59,316 [Datanode State Machine Thread - 0] INFO  server.GrpcService (GrpcService.java:startImpl(158)) - 59d4bb91-9fc5-42e8-8efc-b590ab97d065: GrpcService started, listening on 0.0.0.0/0.0.0.0:40984
2019-10-03 08:30:59,316 [Datanode State Machine Thread - 0] INFO  ratis.XceiverServerRatis (XceiverServerRatis.java:start(427)) - XceiverServerRatis 59d4bb91-9fc5-42e8-8efc-b590ab97d065 is started using port 40984
2019-10-03 08:30:59,316 [Datanode State Machine Thread - 0] INFO  server.XceiverServerGrpc (XceiverServerGrpc.java:start(149)) - XceiverServerGrpc 59d4bb91-9fc5-42e8-8efc-b590ab97d065 is started using port 33670
2019-10-03 08:30:59,423 [Datanode State Machine Thread - 0] INFO  ozoneimpl.OzoneContainer (OzoneContainer.java:start(217)) - Attempting to start container services.
2019-10-03 08:30:59,423 [Datanode State Machine Thread - 0] INFO  ozoneimpl.OzoneContainer (OzoneContainer.java:startContainerScrub(179)) - Background container scanner has been disabled.
2019-10-03 08:30:59,423 [Datanode State Machine Thread - 0] INFO  ratis.XceiverServerRatis (XceiverServerRatis.java:start(417)) - Starting XceiverServerRatis c931c312-2e95-4295-b950-dec7e7b275c0 at port 0
2019-10-03 08:30:59,427 [Datanode State Machine Thread - 0] INFO  impl.RaftServerProxy (RaftServerProxy.java:lambda$start$3(299)) - c931c312-2e95-4295-b950-dec7e7b275c0: start RPC server
2019-10-03 08:30:59,431 [Datanode State Machine Thread - 0] INFO  server.GrpcService (GrpcService.java:startImpl(158)) - c931c312-2e95-4295-b950-dec7e7b275c0: GrpcService started, listening on 0.0.0.0/0.0.0.0:37442
2019-10-03 08:30:59,431 [Datanode State Machine Thread - 0] INFO  ratis.XceiverServerRatis (XceiverServerRatis.java:start(427)) - XceiverServerRatis c931c312-2e95-4295-b950-dec7e7b275c0 is started using port 37442
2019-10-03 08:30:59,434 [Datanode State Machine Thread - 0] INFO  server.XceiverServerGrpc (XceiverServerGrpc.java:start(149)) - XceiverServerGrpc c931c312-2e95-4295-b950-dec7e7b275c0 is started using port 37894
2019-10-03 08:30:59,482 [main] INFO  ozone.MiniOzoneClusterImpl (MiniOzoneClusterImpl.java:lambda$waitForClusterToBeReady$0(147)) - Waiting for cluster to be ready. Got 0 of 7 DN Heartbeats.
2019-10-03 08:30:59,497 [Datanode State Machine Thread - 0] INFO  ozoneimpl.OzoneContainer (OzoneContainer.java:start(217)) - Attempting to start container services.
2019-10-03 08:30:59,497 [Datanode State Machine Thread - 0] INFO  ozoneimpl.OzoneContainer (OzoneContainer.java:startContainerScrub(179)) - Background container scanner has been disabled.
2019-10-03 08:30:59,498 [Datanode State Machine Thread - 0] INFO  ratis.XceiverServerRatis (XceiverServerRatis.java:start(417)) - Starting XceiverServerRatis be6de44b-445d-4432-b000-1d9dce3dfcc8 at port 0
2019-10-03 08:30:59,501 [Datanode State Machine Thread - 0] INFO  impl.RaftServerProxy (RaftServerProxy.java:lambda$start$3(299)) - be6de44b-445d-4432-b000-1d9dce3dfcc8: start RPC server
2019-10-03 08:30:59,502 [Datanode State Machine Thread - 0] INFO  server.GrpcService (GrpcService.java:startImpl(158)) - be6de44b-445d-4432-b000-1d9dce3dfcc8: GrpcService started, listening on 0.0.0.0/0.0.0.0:44087
2019-10-03 08:30:59,502 [Datanode State Machine Thread - 0] INFO  ratis.XceiverServerRatis (XceiverServerRatis.java:start(427)) - XceiverServerRatis be6de44b-445d-4432-b000-1d9dce3dfcc8 is started using port 44087
2019-10-03 08:30:59,506 [Datanode State Machine Thread - 0] INFO  server.XceiverServerGrpc (XceiverServerGrpc.java:start(149)) - XceiverServerGrpc be6de44b-445d-4432-b000-1d9dce3dfcc8 is started using port 44699
2019-10-03 08:31:00,225 [grpc-default-executor-2] WARN  server.GrpcLogAppender (LogUtils.java:warn(134)) - e99ec86c-eb11-4984-811e-cb8f4c6ed7f5@group-269E35724743->027d15f8-0321-42a1-b7d1-02f58cd1cf17-AppendLogResponseHandler: Failed appendEntries: org.apache.ratis.thirdparty.io.grpc.StatusRuntimeException: UNAVAILABLE: io exception
2019-10-03 08:31:00,225 [grpc-default-executor-8] WARN  server.GrpcLogAppender (LogUtils.java:warn(134)) - e99ec86c-eb11-4984-811e-cb8f4c6ed7f5@group-269E35724743->f69a3bb4-5ce3-4f3a-a5ec-57530bf8bb38-AppendLogResponseHandler: Failed appendEntries: org.apache.ratis.thirdparty.io.grpc.StatusRuntimeException: UNAVAILABLE: io exception
2019-10-03 08:31:00,226 [grpc-default-executor-2] INFO  impl.FollowerInfo (FollowerInfo.java:lambda$new$0(51)) - e99ec86c-eb11-4984-811e-cb8f4c6ed7f5@group-269E35724743->027d15f8-0321-42a1-b7d1-02f58cd1cf17: nextIndex: updateUnconditionally 0 -> 0
2019-10-03 08:31:00,226 [grpc-default-executor-8] INFO  impl.FollowerInfo (FollowerInfo.java:lambda$new$0(51)) - e99ec86c-eb11-4984-811e-cb8f4c6ed7f5@group-269E35724743->f69a3bb4-5ce3-4f3a-a5ec-57530bf8bb38: nextIndex: updateUnconditionally 0 -> 0
2019-10-03 08:31:00,483 [main] INFO  ozone.MiniOzoneClusterImpl (MiniOzoneClusterImpl.java:lambda$waitForClusterToBeReady$0(147)) - Waiting for cluster to be ready. Got 0 of 7 DN Heartbeats.
2019-10-03 08:31:00,927 [IPC Server handler 5 on 43207] INFO  net.NetworkTopology (NetworkTopologyImpl.java:add(111)) - Added a new node: /default-rack/a0579777-64ad-43dd-9cc9-d89f7d8424a8
2019-10-03 08:31:00,931 [IPC Server handler 5 on 43207] INFO  node.SCMNodeManager (SCMNodeManager.java:register(266)) - Registered Data node : a0579777-64ad-43dd-9cc9-d89f7d8424a8{ip: 192.168.151.98, host: pr-hdds2217-2mkdc-371598885, networkLocation: /default-rack, certSerialId: null}
2019-10-03 08:31:00,932 [EventQueue-NodeRegistrationContainerReportForDataNodeSafeModeRule] INFO  safemode.SCMSafeModeManager (DataNodeSafeModeRule.java:process(71)) - SCM in safe mode. 1 DataNodes registered, 1 required.
2019-10-03 08:31:00,936 [EventQueue-NodeRegistrationContainerReportForDataNodeSafeModeRule] INFO  safemode.SCMSafeModeManager (SCMSafeModeManager.java:validateSafeModeExitRules(177)) - ScmSafeModeManager, all rules are successfully validated
2019-10-03 08:31:00,936 [EventQueue-NodeRegistrationContainerReportForDataNodeSafeModeRule] INFO  safemode.SCMSafeModeManager (SCMSafeModeManager.java:exitSafeMode(193)) - SCM exiting safe mode.
2019-10-03 08:31:00,944 [grpc-default-executor-8] INFO  impl.RaftServerProxy (RaftServerProxy.java:addNew(89)) - a0579777-64ad-43dd-9cc9-d89f7d8424a8: addNew group-BDFDD53EC2F9:[a0579777-64ad-43dd-9cc9-d89f7d8424a8:192.168.151.98:46774] returns group-BDFDD53EC2F9:java.util.concurrent.CompletableFuture@4dc99be4[Not completed]
2019-10-03 08:31:00,946 [pool-383-thread-1] INFO  impl.RaftServerImpl (RaftServerImpl.java:<init>(95)) - a0579777-64ad-43dd-9cc9-d89f7d8424a8: new RaftServerImpl for group-BDFDD53EC2F9:[a0579777-64ad-43dd-9cc9-d89f7d8424a8:192.168.151.98:46774] with ContainerStateMachine:uninitialized
2019-10-03 08:31:00,947 [pool-383-thread-1] INFO  server.RaftServerConfigKeys (ConfUtils.java:logGet(43)) - raft.server.rpc.timeout.min = 5s (custom)
2019-10-03 08:31:00,947 [pool-383-thread-1] INFO  server.RaftServerConfigKeys (ConfUtils.java:logGet(43)) - raft.server.rpc.timeout.max = 5200ms (custom)
2019-10-03 08:31:00,947 [pool-383-thread-1] INFO  server.RaftServerConfigKeys (ConfUtils.java:logGet(43)) - raft.server.rpcslowness.timeout = 120s (custom)
2019-10-03 08:31:00,947 [pool-383-thread-1] INFO  server.RaftServerConfigKeys (ConfUtils.java:logGet(43)) - raft.server.sleep.deviation.threshold = 300 (default)
2019-10-03 08:31:00,947 [pool-383-thread-1] INFO  server.RaftServerConfigKeys (ConfUtils.java:logGet(43)) - raft.server.log.appender.install.snapshot.enabled = false (custom)
2019-10-03 08:31:00,947 [pool-383-thread-1] INFO  impl.RaftServerImpl (ServerState.java:<init>(103)) - a0579777-64ad-43dd-9cc9-d89f7d8424a8@group-BDFDD53EC2F9: ConfigurationManager, init=-1: [a0579777-64ad-43dd-9cc9-d89f7d8424a8:192.168.151.98:46774], old=null, confs=<EMPTY_MAP>
2019-10-03 08:31:00,948 [pool-383-thread-1] INFO  server.RaftServerConfigKeys (ConfUtils.java:logGet(43)) - raft.server.storage.dir = [/workdir/hadoop-ozone/integration-test/target/test-dir/MiniOzoneClusterImpl-dbc006c8-6e38-4b9c-8623-68d6a10c783f/datanode-0/data/ratis] (custom)
2019-10-03 08:31:00,948 [pool-383-thread-1] INFO  server.RaftServerConfigKeys (ConfUtils.java:logGet(43)) - raft.server.log.corruption.policy = EXCEPTION (default)
2019-10-03 08:31:00,948 [pool-383-thread-1] INFO  storage.RaftStorageDirectory (RaftStorageDirectory.java:analyzeStorage(246)) - The storage directory /workdir/hadoop-ozone/integration-test/target/test-dir/MiniOzoneClusterImpl-dbc006c8-6e38-4b9c-8623-68d6a10c783f/datanode-0/data/ratis/6708ad44-55d5-4306-a0cf-bdfdd53ec2f9 does not exist. Creating ...
2019-10-03 08:31:00,962 [pool-383-thread-1] INFO  storage.RaftStorageDirectory (RaftStorageDirectory.java:tryLock(328)) - Lock on /workdir/hadoop-ozone/integration-test/target/test-dir/MiniOzoneClusterImpl-dbc006c8-6e38-4b9c-8623-68d6a10c783f/datanode-0/data/ratis/6708ad44-55d5-4306-a0cf-bdfdd53ec2f9/in_use.lock acquired by nodename 14310@pr-hdds2217-2mkdc-371598885
2019-10-03 08:31:00,968 [pool-383-thread-1] INFO  storage.RaftStorage (RaftStorage.java:format(84)) - Storage directory /workdir/hadoop-ozone/integration-test/target/test-dir/MiniOzoneClusterImpl-dbc006c8-6e38-4b9c-8623-68d6a10c783f/datanode-0/data/ratis/6708ad44-55d5-4306-a0cf-bdfdd53ec2f9 has been successfully formatted.
2019-10-03 08:31:00,968 [pool-383-thread-1] INFO  ratis.ContainerStateMachine (ContainerStateMachine.java:loadSnapshot(230)) - group-BDFDD53EC2F9: The snapshot info is null. Setting the last applied indexto:(t:0, i:~)
2019-10-03 08:31:00,968 [pool-383-thread-1] INFO  server.RaftServerConfigKeys (ConfUtils.java:logGet(43)) - raft.server.notification.no-leader.timeout = 120s (custom)
2019-10-03 08:31:00,969 [pool-383-thread-1] INFO  server.RaftServerConfigKeys (ConfUtils.java:logGet(43)) - raft.server.log.use.memory = false (default)
2019-10-03 08:31:00,969 [pool-383-thread-1] INFO  server.RaftServerConfigKeys (ConfUtils.java:logGet(43)) - raft.server.log.purge.gap = 1000000 (custom)
2019-10-03 08:31:00,969 [pool-383-thread-1] INFO  server.RaftServerConfigKeys (ConfUtils.java:logGet(43)) - raft.server.log.appender.buffer.byte-limit = 33554432 (custom)
2019-10-03 08:31:00,969 [pool-383-thread-1] INFO  server.RaftServerConfigKeys (ConfUtils.java:logGet(43)) - raft.server.log.segment.size.max = 1048576 (custom)
2019-10-03 08:31:00,972 [pool-383-thread-1] INFO  server.RaftServerConfigKeys (ConfUtils.java:logGet(43)) - raft.server.log.segment.cache.num.max = 2 (custom)
2019-10-03 08:31:00,972 [pool-383-thread-1] INFO  segmented.SegmentedRaftLogWorker (SegmentedRaftLogWorker.java:<init>(173)) - new a0579777-64ad-43dd-9cc9-d89f7d8424a8@group-BDFDD53EC2F9-SegmentedRaftLogWorker for RaftStorage:Storage Directory /workdir/hadoop-ozone/integration-test/target/test-dir/MiniOzoneClusterImpl-dbc006c8-6e38-4b9c-8623-68d6a10c783f/datanode-0/data/ratis/6708ad44-55d5-4306-a0cf-bdfdd53ec2f9
2019-10-03 08:31:00,972 [pool-383-thread-1] INFO  server.RaftServerConfigKeys (ConfUtils.java:logGet(43)) - raft.server.log.queue.byte-limit = 2147483647 (custom)
2019-10-03 08:31:00,973 [pool-383-thread-1] INFO  server.RaftServerConfigKeys (ConfUtils.java:logGet(43)) - raft.server.log.queue.element-limit = 1024 (custom)
2019-10-03 08:31:00,973 [pool-383-thread-1] INFO  server.RaftServerConfigKeys (ConfUtils.java:logGet(43)) - raft.server.log.segment.size.max = 1048576 (custom)
2019-10-03 08:31:00,973 [pool-383-thread-1] INFO  server.RaftServerConfigKeys (ConfUtils.java:logGet(43)) - raft.server.log.preallocated.size = 16384 (custom)
2019-10-03 08:31:00,973 [pool-383-thread-1] INFO  server.RaftServerConfigKeys (ConfUtils.java:logGet(43)) - raft.server.log.write.buffer.size = 33554432 (custom)
2019-10-03 08:31:00,973 [pool-383-thread-1] INFO  server.RaftServerConfigKeys (ConfUtils.java:logGet(43)) - raft.server.log.force.sync.num = 128 (default)
2019-10-03 08:31:00,974 [pool-383-thread-1] INFO  server.RaftServerConfigKeys (ConfUtils.java:logGet(43)) - raft.server.log.statemachine.data.sync = true (default)
2019-10-03 08:31:00,974 [pool-383-thread-1] INFO  server.RaftServerConfigKeys (ConfUtils.java:logGet(43)) - raft.server.log.statemachine.data.sync.timeout = 10s (default)
2019-10-03 08:31:00,974 [pool-383-thread-1] INFO  server.RaftServerConfigKeys (ConfUtils.java:logGet(43)) - raft.server.log.statemachine.data.sync.timeout.retry = -1 (default)
2019-10-03 08:31:00,974 [pool-383-thread-1] INFO  server.RaftServerConfigKeys (ConfUtils.java:logGet(43)) - raft.server.log.statemachine.data.caching.enabled = true (custom)
2019-10-03 08:31:00,975 [pool-383-thread-1] INFO  segmented.SegmentedRaftLogWorker (SegmentedRaftLogWorker.java:lambda$new$0(128)) - a0579777-64ad-43dd-9cc9-d89f7d8424a8@group-BDFDD53EC2F9-SegmentedRaftLogWorker: flushIndex: setUnconditionally 0 -> -1
2019-10-03 08:31:00,975 [pool-383-thread-1] INFO  server.RaftServerConfigKeys (ConfUtils.java:logGet(43)) - raft.server.snapshot.auto.trigger.enabled = true (custom)
2019-10-03 08:31:00,975 [pool-383-thread-1] INFO  server.RaftServerConfigKeys (ConfUtils.java:logGet(43)) - raft.server.snapshot.auto.trigger.threshold = 10000 (custom)
2019-10-03 08:31:00,975 [pool-383-thread-1] INFO  server.RaftServerConfigKeys (ConfUtils.java:logGet(43)) - raft.server.snapshot.retention.file.num = 5 (custom)
2019-10-03 08:31:00,975 [pool-383-thread-1] INFO  server.RaftServerConfigKeys (ConfUtils.java:logGet(43)) - raft.server.retrycache.expirytime = 600000ms (custom)
2019-10-03 08:31:00,977 [pool-383-thread-1] INFO  impl.RaftServerImpl (RaftServerImpl.java:start(181)) - a0579777-64ad-43dd-9cc9-d89f7d8424a8@group-BDFDD53EC2F9: start as a follower, conf=-1: [a0579777-64ad-43dd-9cc9-d89f7d8424a8:192.168.151.98:46774], old=null
2019-10-03 08:31:00,977 [pool-383-thread-1] INFO  impl.RaftServerImpl (RaftServerImpl.java:setRole(170)) - a0579777-64ad-43dd-9cc9-d89f7d8424a8@group-BDFDD53EC2F9: changes role from      null to FOLLOWER at term 0 for startAsFollower
2019-10-03 08:31:00,977 [pool-383-thread-1] INFO  impl.RoleInfo (RoleInfo.java:updateAndGet(143)) - a0579777-64ad-43dd-9cc9-d89f7d8424a8: start FollowerState
2019-10-03 08:31:00,978 [pool-383-thread-1] INFO  util.JmxRegister (JmxRegister.java:tryRegister(44)) - Successfully registered JMX Bean with object name Ratis:service=RaftServer,group=group-BDFDD53EC2F9,id=a0579777-64ad-43dd-9cc9-d89f7d8424a8
2019-10-03 08:31:00,987 [RatisPipelineUtilsThread] INFO  pipeline.PipelineStateManager (PipelineStateManager.java:addPipeline(56)) - Created pipeline Pipeline[ Id: 6708ad44-55d5-4306-a0cf-bdfdd53ec2f9, Nodes: a0579777-64ad-43dd-9cc9-d89f7d8424a8{ip: 192.168.151.98, host: pr-hdds2217-2mkdc-371598885, networkLocation: /default-rack, certSerialId: null}, Type:RATIS, Factor:ONE, State:OPEN]
2019-10-03 08:31:01,038 [IPC Server handler 3 on 43207] INFO  net.NetworkTopology (NetworkTopologyImpl.java:add(111)) - Added a new node: /default-rack/018a42ba-2560-403a-9985-3e26b1a2fca3
2019-10-03 08:31:01,039 [IPC Server handler 3 on 43207] INFO  node.SCMNodeManager (SCMNodeManager.java:register(266)) - Registered Data node : 018a42ba-2560-403a-9985-3e26b1a2fca3{ip: 192.168.151.98, host: pr-hdds2217-2mkdc-371598885, networkLocation: /default-rack, certSerialId: null}
2019-10-03 08:31:01,048 [grpc-default-executor-8] INFO  impl.RaftServerProxy (RaftServerProxy.java:addNew(89)) - 018a42ba-2560-403a-9985-3e26b1a2fca3: addNew group-63D403655ACD:[018a42ba-2560-403a-9985-3e26b1a2fca3:192.168.151.98:45535] returns group-63D403655ACD:java.util.concurrent.CompletableFuture@1d23d7e6[Not completed]
2019-10-03 08:31:01,049 [pool-393-thread-1] INFO  impl.RaftServerImpl (RaftServerImpl.java:<init>(95)) - 018a42ba-2560-403a-9985-3e26b1a2fca3: new RaftServerImpl for group-63D403655ACD:[018a42ba-2560-403a-9985-3e26b1a2fca3:192.168.151.98:45535] with ContainerStateMachine:uninitialized
2019-10-03 08:31:01,049 [pool-393-thread-1] INFO  server.RaftServerConfigKeys (ConfUtils.java:logGet(43)) - raft.server.rpc.timeout.min = 5s (custom)
2019-10-03 08:31:01,050 [pool-393-thread-1] INFO  server.RaftServerConfigKeys (ConfUtils.java:logGet(43)) - raft.server.rpc.timeout.max = 5200ms (custom)
2019-10-03 08:31:01,050 [pool-393-thread-1] INFO  server.RaftServerConfigKeys (ConfUtils.java:logGet(43)) - raft.server.rpcslowness.timeout = 120s (custom)
2019-10-03 08:31:01,050 [pool-393-thread-1] INFO  server.RaftServerConfigKeys (ConfUtils.java:logGet(43)) - raft.server.sleep.deviation.threshold = 300 (default)
2019-10-03 08:31:01,050 [pool-393-thread-1] INFO  server.RaftServerConfigKeys (ConfUtils.java:logGet(43)) - raft.server.log.appender.install.snapshot.enabled = false (custom)
2019-10-03 08:31:01,050 [pool-393-thread-1] INFO  impl.RaftServerImpl (ServerState.java:<init>(103)) - 018a42ba-2560-403a-9985-3e26b1a2fca3@group-63D403655ACD: ConfigurationManager, init=-1: [018a42ba-2560-403a-9985-3e26b1a2fca3:192.168.151.98:45535], old=null, confs=<EMPTY_MAP>
2019-10-03 08:31:01,050 [pool-393-thread-1] INFO  server.RaftServerConfigKeys (ConfUtils.java:logGet(43)) - raft.server.storage.dir = [/workdir/hadoop-ozone/integration-test/target/test-dir/MiniOzoneClusterImpl-dbc006c8-6e38-4b9c-8623-68d6a10c783f/datanode-1/data/ratis] (custom)
2019-10-03 08:31:01,050 [pool-393-thread-1] INFO  server.RaftServerConfigKeys (ConfUtils.java:logGet(43)) - raft.server.log.corruption.policy = EXCEPTION (default)
2019-10-03 08:31:01,051 [pool-393-thread-1] INFO  storage.RaftStorageDirectory (RaftStorageDirectory.java:analyzeStorage(246)) - The storage directory /workdir/hadoop-ozone/integration-test/target/test-dir/MiniOzoneClusterImpl-dbc006c8-6e38-4b9c-8623-68d6a10c783f/datanode-1/data/ratis/cac841ed-da8d-4b14-b8fa-63d403655acd does not exist. Creating ...
2019-10-03 08:31:01,056 [Thread-2301] INFO  client.GrpcClientProtocolService (GrpcClientProtocolService.java:lambda$processClientRequest$0(278)) - Failed RaftClientRequest:client-B7BAF71EEAD3->e99ec86c-eb11-4984-811e-cb8f4c6ed7f5@group-269E35724743, cid=67, seq=0, Watch-ALL_COMMITTED(13), Message:<EMPTY>, reply=RaftClientReply:client-B7BAF71EEAD3->e99ec86c-eb11-4984-811e-cb8f4c6ed7f5@group-269E35724743, cid=67, FAILED org.apache.ratis.protocol.NotReplicatedException: Request with call Id 67 and log index 13 is not yet replicated to ALL_COMMITTED, logIndex=13, commits[e99ec86c-eb11-4984-811e-cb8f4c6ed7f5:c2, 027d15f8-0321-42a1-b7d1-02f58cd1cf17:c2, f69a3bb4-5ce3-4f3a-a5ec-57530bf8bb38:c2]
2019-10-03 08:31:01,056 [Thread-2302] INFO  client.GrpcClientProtocolService (GrpcClientProtocolService.java:lambda$processClientRequest$0(278)) - Failed RaftClientRequest:client-B7BAF71EEAD3->e99ec86c-eb11-4984-811e-cb8f4c6ed7f5@group-269E35724743, cid=68, seq=0, Watch-MAJORITY_COMMITTED(13), Message:<EMPTY>, reply=RaftClientReply:client-B7BAF71EEAD3->e99ec86c-eb11-4984-811e-cb8f4c6ed7f5@group-269E35724743, cid=68, FAILED org.apache.ratis.protocol.NotReplicatedException: Request with call Id 68 and log index 13 is not yet replicated to MAJORITY_COMMITTED, logIndex=13, commits[e99ec86c-eb11-4984-811e-cb8f4c6ed7f5:c2, 027d15f8-0321-42a1-b7d1-02f58cd1cf17:c2, f69a3bb4-5ce3-4f3a-a5ec-57530bf8bb38:c2]
2019-10-03 08:31:01,063 [pool-393-thread-1] INFO  storage.RaftStorageDirectory (RaftStorageDirectory.java:tryLock(328)) - Lock on /workdir/hadoop-ozone/integration-test/target/test-dir/MiniOzoneClusterImpl-dbc006c8-6e38-4b9c-8623-68d6a10c783f/datanode-1/data/ratis/cac841ed-da8d-4b14-b8fa-63d403655acd/in_use.lock acquired by nodename 14310@pr-hdds2217-2mkdc-371598885
2019-10-03 08:31:01,071 [pool-393-thread-1] INFO  storage.RaftStorage (RaftStorage.java:format(84)) - Storage directory /workdir/hadoop-ozone/integration-test/target/test-dir/MiniOzoneClusterImpl-dbc006c8-6e38-4b9c-8623-68d6a10c783f/datanode-1/data/ratis/cac841ed-da8d-4b14-b8fa-63d403655acd has been successfully formatted.
2019-10-03 08:31:01,071 [pool-393-thread-1] INFO  ratis.ContainerStateMachine (ContainerStateMachine.java:loadSnapshot(230)) - group-63D403655ACD: The snapshot info is null. Setting the last applied indexto:(t:0, i:~)
2019-10-03 08:31:01,071 [pool-393-thread-1] INFO  server.RaftServerConfigKeys (ConfUtils.java:logGet(43)) - raft.server.notification.no-leader.timeout = 120s (custom)
2019-10-03 08:31:01,071 [pool-393-thread-1] INFO  server.RaftServerConfigKeys (ConfUtils.java:logGet(43)) - raft.server.log.use.memory = false (default)
2019-10-03 08:31:01,071 [pool-393-thread-1] INFO  server.RaftServerConfigKeys (ConfUtils.java:logGet(43)) - raft.server.log.purge.gap = 1000000 (custom)
2019-10-03 08:31:01,071 [pool-393-thread-1] INFO  server.RaftServerConfigKeys (ConfUtils.java:logGet(43)) - raft.server.log.appender.buffer.byte-limit = 33554432 (custom)
2019-10-03 08:31:01,071 [pool-393-thread-1] INFO  server.RaftServerConfigKeys (ConfUtils.java:logGet(43)) - raft.server.log.segment.size.max = 1048576 (custom)
2019-10-03 08:31:01,073 [pool-393-thread-1] INFO  server.RaftServerConfigKeys (ConfUtils.java:logGet(43)) - raft.server.log.segment.cache.num.max = 2 (custom)
2019-10-03 08:31:01,073 [pool-393-thread-1] INFO  segmented.SegmentedRaftLogWorker (SegmentedRaftLogWorker.java:<init>(173)) - new 018a42ba-2560-403a-9985-3e26b1a2fca3@group-63D403655ACD-SegmentedRaftLogWorker for RaftStorage:Storage Directory /workdir/hadoop-ozone/integration-test/target/test-dir/MiniOzoneClusterImpl-dbc006c8-6e38-4b9c-8623-68d6a10c783f/datanode-1/data/ratis/cac841ed-da8d-4b14-b8fa-63d403655acd
2019-10-03 08:31:01,073 [pool-393-thread-1] INFO  server.RaftServerConfigKeys (ConfUtils.java:logGet(43)) - raft.server.log.queue.byte-limit = 2147483647 (custom)
2019-10-03 08:31:01,073 [pool-393-thread-1] INFO  server.RaftServerConfigKeys (ConfUtils.java:logGet(43)) - raft.server.log.queue.element-limit = 1024 (custom)
2019-10-03 08:31:01,073 [pool-393-thread-1] INFO  server.RaftServerConfigKeys (ConfUtils.java:logGet(43)) - raft.server.log.segment.size.max = 1048576 (custom)
2019-10-03 08:31:01,073 [pool-393-thread-1] INFO  server.RaftServerConfigKeys (ConfUtils.java:logGet(43)) - raft.server.log.preallocated.size = 16384 (custom)
2019-10-03 08:31:01,074 [pool-393-thread-1] INFO  server.RaftServerConfigKeys (ConfUtils.java:logGet(43)) - raft.server.log.write.buffer.size = 33554432 (custom)
2019-10-03 08:31:01,074 [pool-393-thread-1] INFO  server.RaftServerConfigKeys (ConfUtils.java:logGet(43)) - raft.server.log.force.sync.num = 128 (default)
2019-10-03 08:31:01,074 [pool-393-thread-1] INFO  server.RaftServerConfigKeys (ConfUtils.java:logGet(43)) - raft.server.log.statemachine.data.sync = true (default)
2019-10-03 08:31:01,074 [pool-393-thread-1] INFO  server.RaftServerConfigKeys (ConfUtils.java:logGet(43)) - raft.server.log.statemachine.data.sync.timeout = 10s (default)
2019-10-03 08:31:01,074 [pool-393-thread-1] INFO  server.RaftServerConfigKeys (ConfUtils.java:logGet(43)) - raft.server.log.statemachine.data.sync.timeout.retry = -1 (default)
2019-10-03 08:31:01,074 [pool-393-thread-1] INFO  server.RaftServerConfigKeys (ConfUtils.java:logGet(43)) - raft.server.log.statemachine.data.caching.enabled = true (custom)
2019-10-03 08:31:01,074 [pool-393-thread-1] INFO  segmented.SegmentedRaftLogWorker (SegmentedRaftLogWorker.java:lambda$new$0(128)) - 018a42ba-2560-403a-9985-3e26b1a2fca3@group-63D403655ACD-SegmentedRaftLogWorker: flushIndex: setUnconditionally 0 -> -1
2019-10-03 08:31:01,075 [pool-393-thread-1] INFO  server.RaftServerConfigKeys (ConfUtils.java:logGet(43)) - raft.server.snapshot.auto.trigger.enabled = true (custom)
2019-10-03 08:31:01,075 [pool-393-thread-1] INFO  server.RaftServerConfigKeys (ConfUtils.java:logGet(43)) - raft.server.snapshot.auto.trigger.threshold = 10000 (custom)
2019-10-03 08:31:01,075 [pool-393-thread-1] INFO  server.RaftServerConfigKeys (ConfUtils.java:logGet(43)) - raft.server.snapshot.retention.file.num = 5 (custom)
2019-10-03 08:31:01,075 [pool-393-thread-1] INFO  server.RaftServerConfigKeys (ConfUtils.java:logGet(43)) - raft.server.retrycache.expirytime = 600000ms (custom)
2019-10-03 08:31:01,076 [pool-393-thread-1] INFO  impl.RaftServerImpl (RaftServerImpl.java:start(181)) - 018a42ba-2560-403a-9985-3e26b1a2fca3@group-63D403655ACD: start as a follower, conf=-1: [018a42ba-2560-403a-9985-3e26b1a2fca3:192.168.151.98:45535], old=null
2019-10-03 08:31:01,077 [pool-393-thread-1] INFO  impl.RaftServerImpl (RaftServerImpl.java:setRole(170)) - 018a42ba-2560-403a-9985-3e26b1a2fca3@group-63D403655ACD: changes role from      null to FOLLOWER at term 0 for startAsFollower
2019-10-03 08:31:01,077 [pool-393-thread-1] INFO  impl.RoleInfo (RoleInfo.java:updateAndGet(143)) - 018a42ba-2560-403a-9985-3e26b1a2fca3: start FollowerState
2019-10-03 08:31:01,077 [pool-393-thread-1] INFO  util.JmxRegister (JmxRegister.java:tryRegister(44)) - Successfully registered JMX Bean with object name Ratis:service=RaftServer,group=group-63D403655ACD,id=018a42ba-2560-403a-9985-3e26b1a2fca3
2019-10-03 08:31:01,084 [RatisPipelineUtilsThread] INFO  pipeline.PipelineStateManager (PipelineStateManager.java:addPipeline(56)) - Created pipeline Pipeline[ Id: cac841ed-da8d-4b14-b8fa-63d403655acd, Nodes: 018a42ba-2560-403a-9985-3e26b1a2fca3{ip: 192.168.151.98, host: pr-hdds2217-2mkdc-371598885, networkLocation: /default-rack, certSerialId: null}, Type:RATIS, Factor:ONE, State:OPEN]
2019-10-03 08:31:01,126 [IPC Server handler 7 on 43207] INFO  net.NetworkTopology (NetworkTopologyImpl.java:add(111)) - Added a new node: /default-rack/3f80a612-2f76-4eb3-b73b-53e4707867d7
2019-10-03 08:31:01,126 [IPC Server handler 7 on 43207] INFO  node.SCMNodeManager (SCMNodeManager.java:register(266)) - Registered Data node : 3f80a612-2f76-4eb3-b73b-53e4707867d7{ip: 192.168.151.98, host: pr-hdds2217-2mkdc-371598885, networkLocation: /default-rack, certSerialId: null}
2019-10-03 08:31:01,134 [grpc-default-executor-8] INFO  impl.RaftServerProxy (RaftServerProxy.java:addNew(89)) - 3f80a612-2f76-4eb3-b73b-53e4707867d7: addNew group-0097D52499D9:[3f80a612-2f76-4eb3-b73b-53e4707867d7:192.168.151.98:35183] returns group-0097D52499D9:java.util.concurrent.CompletableFuture@2484a9f7[Not completed]
2019-10-03 08:31:01,135 [pool-403-thread-1] INFO  impl.RaftServerImpl (RaftServerImpl.java:<init>(95)) - 3f80a612-2f76-4eb3-b73b-53e4707867d7: new RaftServerImpl for group-0097D52499D9:[3f80a612-2f76-4eb3-b73b-53e4707867d7:192.168.151.98:35183] with ContainerStateMachine:uninitialized
2019-10-03 08:31:01,135 [pool-403-thread-1] INFO  server.RaftServerConfigKeys (ConfUtils.java:logGet(43)) - raft.server.rpc.timeout.min = 5s (custom)
2019-10-03 08:31:01,136 [pool-403-thread-1] INFO  server.RaftServerConfigKeys (ConfUtils.java:logGet(43)) - raft.server.rpc.timeout.max = 5200ms (custom)
2019-10-03 08:31:01,136 [pool-403-thread-1] INFO  server.RaftServerConfigKeys (ConfUtils.java:logGet(43)) - raft.server.rpcslowness.timeout = 120s (custom)
2019-10-03 08:31:01,136 [pool-403-thread-1] INFO  server.RaftServerConfigKeys (ConfUtils.java:logGet(43)) - raft.server.sleep.deviation.threshold = 300 (default)
2019-10-03 08:31:01,136 [pool-403-thread-1] INFO  server.RaftServerConfigKeys (ConfUtils.java:logGet(43)) - raft.server.log.appender.install.snapshot.enabled = false (custom)
2019-10-03 08:31:01,136 [pool-403-thread-1] INFO  impl.RaftServerImpl (ServerState.java:<init>(103)) - 3f80a612-2f76-4eb3-b73b-53e4707867d7@group-0097D52499D9: ConfigurationManager, init=-1: [3f80a612-2f76-4eb3-b73b-53e4707867d7:192.168.151.98:35183], old=null, confs=<EMPTY_MAP>
2019-10-03 08:31:01,136 [pool-403-thread-1] INFO  server.RaftServerConfigKeys (ConfUtils.java:logGet(43)) - raft.server.storage.dir = [/workdir/hadoop-ozone/integration-test/target/test-dir/MiniOzoneClusterImpl-dbc006c8-6e38-4b9c-8623-68d6a10c783f/datanode-2/data/ratis] (custom)
2019-10-03 08:31:01,136 [pool-403-thread-1] INFO  server.RaftServerConfigKeys (ConfUtils.java:logGet(43)) - raft.server.log.corruption.policy = EXCEPTION (default)
2019-10-03 08:31:01,137 [pool-403-thread-1] INFO  storage.RaftStorageDirectory (RaftStorageDirectory.java:analyzeStorage(246)) - The storage directory /workdir/hadoop-ozone/integration-test/target/test-dir/MiniOzoneClusterImpl-dbc006c8-6e38-4b9c-8623-68d6a10c783f/datanode-2/data/ratis/2ff3a3d7-eae4-4146-98e3-0097d52499d9 does not exist. Creating ...
2019-10-03 08:31:01,149 [pool-403-thread-1] INFO  storage.RaftStorageDirectory (RaftStorageDirectory.java:tryLock(328)) - Lock on /workdir/hadoop-ozone/integration-test/target/test-dir/MiniOzoneClusterImpl-dbc006c8-6e38-4b9c-8623-68d6a10c783f/datanode-2/data/ratis/2ff3a3d7-eae4-4146-98e3-0097d52499d9/in_use.lock acquired by nodename 14310@pr-hdds2217-2mkdc-371598885
2019-10-03 08:31:01,153 [pool-403-thread-1] INFO  storage.RaftStorage (RaftStorage.java:format(84)) - Storage directory /workdir/hadoop-ozone/integration-test/target/test-dir/MiniOzoneClusterImpl-dbc006c8-6e38-4b9c-8623-68d6a10c783f/datanode-2/data/ratis/2ff3a3d7-eae4-4146-98e3-0097d52499d9 has been successfully formatted.
2019-10-03 08:31:01,154 [pool-403-thread-1] INFO  ratis.ContainerStateMachine (ContainerStateMachine.java:loadSnapshot(230)) - group-0097D52499D9: The snapshot info is null. Setting the last applied indexto:(t:0, i:~)
2019-10-03 08:31:01,154 [pool-403-thread-1] INFO  server.RaftServerConfigKeys (ConfUtils.java:logGet(43)) - raft.server.notification.no-leader.timeout = 120s (custom)
2019-10-03 08:31:01,154 [pool-403-thread-1] INFO  server.RaftServerConfigKeys (ConfUtils.java:logGet(43)) - raft.server.log.use.memory = false (default)
2019-10-03 08:31:01,154 [pool-403-thread-1] INFO  server.RaftServerConfigKeys (ConfUtils.java:logGet(43)) - raft.server.log.purge.gap = 1000000 (custom)
2019-10-03 08:31:01,154 [pool-403-thread-1] INFO  server.RaftServerConfigKeys (ConfUtils.java:logGet(43)) - raft.server.log.appender.buffer.byte-limit = 33554432 (custom)
2019-10-03 08:31:01,154 [pool-403-thread-1] INFO  server.RaftServerConfigKeys (ConfUtils.java:logGet(43)) - raft.server.log.segment.size.max = 1048576 (custom)
2019-10-03 08:31:01,155 [pool-403-thread-1] INFO  server.RaftServerConfigKeys (ConfUtils.java:logGet(43)) - raft.server.log.segment.cache.num.max = 2 (custom)
2019-10-03 08:31:01,156 [pool-403-thread-1] INFO  segmented.SegmentedRaftLogWorker (SegmentedRaftLogWorker.java:<init>(173)) - new 3f80a612-2f76-4eb3-b73b-53e4707867d7@group-0097D52499D9-SegmentedRaftLogWorker for RaftStorage:Storage Directory /workdir/hadoop-ozone/integration-test/target/test-dir/MiniOzoneClusterImpl-dbc006c8-6e38-4b9c-8623-68d6a10c783f/datanode-2/data/ratis/2ff3a3d7-eae4-4146-98e3-0097d52499d9
2019-10-03 08:31:01,156 [pool-403-thread-1] INFO  server.RaftServerConfigKeys (ConfUtils.java:logGet(43)) - raft.server.log.queue.byte-limit = 2147483647 (custom)
2019-10-03 08:31:01,156 [pool-403-thread-1] INFO  server.RaftServerConfigKeys (ConfUtils.java:logGet(43)) - raft.server.log.queue.element-limit = 1024 (custom)
2019-10-03 08:31:01,156 [pool-403-thread-1] INFO  server.RaftServerConfigKeys (ConfUtils.java:logGet(43)) - raft.server.log.segment.size.max = 1048576 (custom)
2019-10-03 08:31:01,156 [pool-403-thread-1] INFO  server.RaftServerConfigKeys (ConfUtils.java:logGet(43)) - raft.server.log.preallocated.size = 16384 (custom)
2019-10-03 08:31:01,156 [pool-403-thread-1] INFO  server.RaftServerConfigKeys (ConfUtils.java:logGet(43)) - raft.server.log.write.buffer.size = 33554432 (custom)
2019-10-03 08:31:01,156 [pool-403-thread-1] INFO  server.RaftServerConfigKeys (ConfUtils.java:logGet(43)) - raft.server.log.force.sync.num = 128 (default)
2019-10-03 08:31:01,156 [pool-403-thread-1] INFO  server.RaftServerConfigKeys (ConfUtils.java:logGet(43)) - raft.server.log.statemachine.data.sync = true (default)
2019-10-03 08:31:01,156 [pool-403-thread-1] INFO  server.RaftServerConfigKeys (ConfUtils.java:logGet(43)) - raft.server.log.statemachine.data.sync.timeout = 10s (default)
2019-10-03 08:31:01,157 [pool-403-thread-1] INFO  server.RaftServerConfigKeys (ConfUtils.java:logGet(43)) - raft.server.log.statemachine.data.sync.timeout.retry = -1 (default)
2019-10-03 08:31:01,157 [pool-403-thread-1] INFO  server.RaftServerConfigKeys (ConfUtils.java:logGet(43)) - raft.server.log.statemachine.data.caching.enabled = true (custom)
2019-10-03 08:31:01,157 [pool-403-thread-1] INFO  segmented.SegmentedRaftLogWorker (SegmentedRaftLogWorker.java:lambda$new$0(128)) - 3f80a612-2f76-4eb3-b73b-53e4707867d7@group-0097D52499D9-SegmentedRaftLogWorker: flushIndex: setUnconditionally 0 -> -1
2019-10-03 08:31:01,157 [pool-403-thread-1] INFO  server.RaftServerConfigKeys (ConfUtils.java:logGet(43)) - raft.server.snapshot.auto.trigger.enabled = true (custom)
2019-10-03 08:31:01,158 [pool-403-thread-1] INFO  server.RaftServerConfigKeys (ConfUtils.java:logGet(43)) - raft.server.snapshot.auto.trigger.threshold = 10000 (custom)
2019-10-03 08:31:01,158 [pool-403-thread-1] INFO  server.RaftServerConfigKeys (ConfUtils.java:logGet(43)) - raft.server.snapshot.retention.file.num = 5 (custom)
2019-10-03 08:31:01,158 [pool-403-thread-1] INFO  server.RaftServerConfigKeys (ConfUtils.java:logGet(43)) - raft.server.retrycache.expirytime = 600000ms (custom)
2019-10-03 08:31:01,159 [pool-403-thread-1] INFO  impl.RaftServerImpl (RaftServerImpl.java:start(181)) - 3f80a612-2f76-4eb3-b73b-53e4707867d7@group-0097D52499D9: start as a follower, conf=-1: [3f80a612-2f76-4eb3-b73b-53e4707867d7:192.168.151.98:35183], old=null
2019-10-03 08:31:01,159 [pool-403-thread-1] INFO  impl.RaftServerImpl (RaftServerImpl.java:setRole(170)) - 3f80a612-2f76-4eb3-b73b-53e4707867d7@group-0097D52499D9: changes role from      null to FOLLOWER at term 0 for startAsFollower
2019-10-03 08:31:01,159 [pool-403-thread-1] INFO  impl.RoleInfo (RoleInfo.java:updateAndGet(143)) - 3f80a612-2f76-4eb3-b73b-53e4707867d7: start FollowerState
2019-10-03 08:31:01,159 [pool-403-thread-1] INFO  util.JmxRegister (JmxRegister.java:tryRegister(44)) - Successfully registered JMX Bean with object name Ratis:service=RaftServer,group=group-0097D52499D9,id=3f80a612-2f76-4eb3-b73b-53e4707867d7
2019-10-03 08:31:01,167 [RatisPipelineUtilsThread] INFO  pipeline.PipelineStateManager (PipelineStateManager.java:addPipeline(56)) - Created pipeline Pipeline[ Id: 2ff3a3d7-eae4-4146-98e3-0097d52499d9, Nodes: 3f80a612-2f76-4eb3-b73b-53e4707867d7{ip: 192.168.151.98, host: pr-hdds2217-2mkdc-371598885, networkLocation: /default-rack, certSerialId: null}, Type:RATIS, Factor:ONE, State:OPEN]
2019-10-03 08:31:01,182 [grpc-default-executor-4] INFO  impl.RaftServerProxy (RaftServerProxy.java:addNew(89)) - 018a42ba-2560-403a-9985-3e26b1a2fca3: addNew group-8E48EECBEEE0:[a0579777-64ad-43dd-9cc9-d89f7d8424a8:192.168.151.98:46774, 018a42ba-2560-403a-9985-3e26b1a2fca3:192.168.151.98:45535, 3f80a612-2f76-4eb3-b73b-53e4707867d7:192.168.151.98:35183] returns group-8E48EECBEEE0:java.util.concurrent.CompletableFuture@f1106e4[Not completed]
2019-10-03 08:31:01,182 [grpc-default-executor-2] INFO  impl.RaftServerProxy (RaftServerProxy.java:addNew(89)) - 3f80a612-2f76-4eb3-b73b-53e4707867d7: addNew group-8E48EECBEEE0:[a0579777-64ad-43dd-9cc9-d89f7d8424a8:192.168.151.98:46774, 018a42ba-2560-403a-9985-3e26b1a2fca3:192.168.151.98:45535, 3f80a612-2f76-4eb3-b73b-53e4707867d7:192.168.151.98:35183] returns group-8E48EECBEEE0:java.util.concurrent.CompletableFuture@150f5d94[Not completed]
2019-10-03 08:31:01,183 [grpc-default-executor-8] INFO  impl.RaftServerProxy (RaftServerProxy.java:addNew(89)) - a0579777-64ad-43dd-9cc9-d89f7d8424a8: addNew group-8E48EECBEEE0:[a0579777-64ad-43dd-9cc9-d89f7d8424a8:192.168.151.98:46774, 018a42ba-2560-403a-9985-3e26b1a2fca3:192.168.151.98:45535, 3f80a612-2f76-4eb3-b73b-53e4707867d7:192.168.151.98:35183] returns group-8E48EECBEEE0:java.util.concurrent.CompletableFuture@1858bf09[Not completed]
2019-10-03 08:31:01,184 [pool-403-thread-1] INFO  impl.RaftServerImpl (RaftServerImpl.java:<init>(95)) - 3f80a612-2f76-4eb3-b73b-53e4707867d7: new RaftServerImpl for group-8E48EECBEEE0:[a0579777-64ad-43dd-9cc9-d89f7d8424a8:192.168.151.98:46774, 018a42ba-2560-403a-9985-3e26b1a2fca3:192.168.151.98:45535, 3f80a612-2f76-4eb3-b73b-53e4707867d7:192.168.151.98:35183] with ContainerStateMachine:uninitialized
2019-10-03 08:31:01,184 [pool-403-thread-1] INFO  server.RaftServerConfigKeys (ConfUtils.java:logGet(43)) - raft.server.rpc.timeout.min = 5s (custom)
2019-10-03 08:31:01,184 [pool-403-thread-1] INFO  server.RaftServerConfigKeys (ConfUtils.java:logGet(43)) - raft.server.rpc.timeout.max = 5200ms (custom)
2019-10-03 08:31:01,184 [pool-403-thread-1] INFO  server.RaftServerConfigKeys (ConfUtils.java:logGet(43)) - raft.server.rpcslowness.timeout = 120s (custom)
2019-10-03 08:31:01,184 [pool-403-thread-1] INFO  server.RaftServerConfigKeys (ConfUtils.java:logGet(43)) - raft.server.sleep.deviation.threshold = 300 (default)
2019-10-03 08:31:01,184 [pool-393-thread-1] INFO  impl.RaftServerImpl (RaftServerImpl.java:<init>(95)) - 018a42ba-2560-403a-9985-3e26b1a2fca3: new RaftServerImpl for group-8E48EECBEEE0:[a0579777-64ad-43dd-9cc9-d89f7d8424a8:192.168.151.98:46774, 018a42ba-2560-403a-9985-3e26b1a2fca3:192.168.151.98:45535, 3f80a612-2f76-4eb3-b73b-53e4707867d7:192.168.151.98:35183] with ContainerStateMachine:uninitialized
2019-10-03 08:31:01,184 [pool-403-thread-1] INFO  server.RaftServerConfigKeys (ConfUtils.java:logGet(43)) - raft.server.log.appender.install.snapshot.enabled = false (custom)
2019-10-03 08:31:01,184 [pool-393-thread-1] INFO  server.RaftServerConfigKeys (ConfUtils.java:logGet(43)) - raft.server.rpc.timeout.min = 5s (custom)
2019-10-03 08:31:01,184 [pool-403-thread-1] INFO  impl.RaftServerImpl (ServerState.java:<init>(103)) - 3f80a612-2f76-4eb3-b73b-53e4707867d7@group-8E48EECBEEE0: ConfigurationManager, init=-1: [a0579777-64ad-43dd-9cc9-d89f7d8424a8:192.168.151.98:46774, 018a42ba-2560-403a-9985-3e26b1a2fca3:192.168.151.98:45535, 3f80a612-2f76-4eb3-b73b-53e4707867d7:192.168.151.98:35183], old=null, confs=<EMPTY_MAP>
2019-10-03 08:31:01,185 [pool-393-thread-1] INFO  server.RaftServerConfigKeys (ConfUtils.java:logGet(43)) - raft.server.rpc.timeout.max = 5200ms (custom)
2019-10-03 08:31:01,185 [pool-403-thread-1] INFO  server.RaftServerConfigKeys (ConfUtils.java:logGet(43)) - raft.server.storage.dir = [/workdir/hadoop-ozone/integration-test/target/test-dir/MiniOzoneClusterImpl-dbc006c8-6e38-4b9c-8623-68d6a10c783f/datanode-2/data/ratis] (custom)
2019-10-03 08:31:01,185 [pool-383-thread-1] INFO  impl.RaftServerImpl (RaftServerImpl.java:<init>(95)) - a0579777-64ad-43dd-9cc9-d89f7d8424a8: new RaftServerImpl for group-8E48EECBEEE0:[a0579777-64ad-43dd-9cc9-d89f7d8424a8:192.168.151.98:46774, 018a42ba-2560-403a-9985-3e26b1a2fca3:192.168.151.98:45535, 3f80a612-2f76-4eb3-b73b-53e4707867d7:192.168.151.98:35183] with ContainerStateMachine:uninitialized
2019-10-03 08:31:01,185 [pool-393-thread-1] INFO  server.RaftServerConfigKeys (ConfUtils.java:logGet(43)) - raft.server.rpcslowness.timeout = 120s (custom)
2019-10-03 08:31:01,185 [pool-383-thread-1] INFO  server.RaftServerConfigKeys (ConfUtils.java:logGet(43)) - raft.server.rpc.timeout.min = 5s (custom)
2019-10-03 08:31:01,185 [pool-403-thread-1] INFO  server.RaftServerConfigKeys (ConfUtils.java:logGet(43)) - raft.server.log.corruption.policy = EXCEPTION (default)
2019-10-03 08:31:01,185 [pool-383-thread-1] INFO  server.RaftServerConfigKeys (ConfUtils.java:logGet(43)) - raft.server.rpc.timeout.max = 5200ms (custom)
2019-10-03 08:31:01,185 [pool-393-thread-1] INFO  server.RaftServerConfigKeys (ConfUtils.java:logGet(43)) - raft.server.sleep.deviation.threshold = 300 (default)
2019-10-03 08:31:01,186 [pool-383-thread-1] INFO  server.RaftServerConfigKeys (ConfUtils.java:logGet(43)) - raft.server.rpcslowness.timeout = 120s (custom)
2019-10-03 08:31:01,185 [pool-403-thread-1] INFO  storage.RaftStorageDirectory (RaftStorageDirectory.java:analyzeStorage(246)) - The storage directory /workdir/hadoop-ozone/integration-test/target/test-dir/MiniOzoneClusterImpl-dbc006c8-6e38-4b9c-8623-68d6a10c783f/datanode-2/data/ratis/86d3518b-e3d0-425a-9834-8e48eecbeee0 does not exist. Creating ...
2019-10-03 08:31:01,186 [pool-383-thread-1] INFO  server.RaftServerConfigKeys (ConfUtils.java:logGet(43)) - raft.server.sleep.deviation.threshold = 300 (default)
2019-10-03 08:31:01,186 [pool-393-thread-1] INFO  server.RaftServerConfigKeys (ConfUtils.java:logGet(43)) - raft.server.log.appender.install.snapshot.enabled = false (custom)
2019-10-03 08:31:01,186 [pool-383-thread-1] INFO  server.RaftServerConfigKeys (ConfUtils.java:logGet(43)) - raft.server.log.appender.install.snapshot.enabled = false (custom)
2019-10-03 08:31:01,186 [pool-393-thread-1] INFO  impl.RaftServerImpl (ServerState.java:<init>(103)) - 018a42ba-2560-403a-9985-3e26b1a2fca3@group-8E48EECBEEE0: ConfigurationManager, init=-1: [a0579777-64ad-43dd-9cc9-d89f7d8424a8:192.168.151.98:46774, 018a42ba-2560-403a-9985-3e26b1a2fca3:192.168.151.98:45535, 3f80a612-2f76-4eb3-b73b-53e4707867d7:192.168.151.98:35183], old=null, confs=<EMPTY_MAP>
2019-10-03 08:31:01,186 [pool-383-thread-1] INFO  impl.RaftServerImpl (ServerState.java:<init>(103)) - a0579777-64ad-43dd-9cc9-d89f7d8424a8@group-8E48EECBEEE0: ConfigurationManager, init=-1: [a0579777-64ad-43dd-9cc9-d89f7d8424a8:192.168.151.98:46774, 018a42ba-2560-403a-9985-3e26b1a2fca3:192.168.151.98:45535, 3f80a612-2f76-4eb3-b73b-53e4707867d7:192.168.151.98:35183], old=null, confs=<EMPTY_MAP>
2019-10-03 08:31:01,186 [pool-393-thread-1] INFO  server.RaftServerConfigKeys (ConfUtils.java:logGet(43)) - raft.server.storage.dir = [/workdir/hadoop-ozone/integration-test/target/test-dir/MiniOzoneClusterImpl-dbc006c8-6e38-4b9c-8623-68d6a10c783f/datanode-1/data/ratis] (custom)
2019-10-03 08:31:01,187 [pool-383-thread-1] INFO  server.RaftServerConfigKeys (ConfUtils.java:logGet(43)) - raft.server.storage.dir = [/workdir/hadoop-ozone/integration-test/target/test-dir/MiniOzoneClusterImpl-dbc006c8-6e38-4b9c-8623-68d6a10c783f/datanode-0/data/ratis] (custom)
2019-10-03 08:31:01,187 [pool-393-thread-1] INFO  server.RaftServerConfigKeys (ConfUtils.java:logGet(43)) - raft.server.log.corruption.policy = EXCEPTION (default)
2019-10-03 08:31:01,187 [pool-383-thread-1] INFO  server.RaftServerConfigKeys (ConfUtils.java:logGet(43)) - raft.server.log.corruption.policy = EXCEPTION (default)
2019-10-03 08:31:01,187 [pool-393-thread-1] INFO  storage.RaftStorageDirectory (RaftStorageDirectory.java:analyzeStorage(246)) - The storage directory /workdir/hadoop-ozone/integration-test/target/test-dir/MiniOzoneClusterImpl-dbc006c8-6e38-4b9c-8623-68d6a10c783f/datanode-1/data/ratis/86d3518b-e3d0-425a-9834-8e48eecbeee0 does not exist. Creating ...
2019-10-03 08:31:01,187 [pool-383-thread-1] INFO  storage.RaftStorageDirectory (RaftStorageDirectory.java:analyzeStorage(246)) - The storage directory /workdir/hadoop-ozone/integration-test/target/test-dir/MiniOzoneClusterImpl-dbc006c8-6e38-4b9c-8623-68d6a10c783f/datanode-0/data/ratis/86d3518b-e3d0-425a-9834-8e48eecbeee0 does not exist. Creating ...
2019-10-03 08:31:01,189 [pool-403-thread-1] INFO  storage.RaftStorageDirectory (RaftStorageDirectory.java:tryLock(328)) - Lock on /workdir/hadoop-ozone/integration-test/target/test-dir/MiniOzoneClusterImpl-dbc006c8-6e38-4b9c-8623-68d6a10c783f/datanode-2/data/ratis/86d3518b-e3d0-425a-9834-8e48eecbeee0/in_use.lock acquired by nodename 14310@pr-hdds2217-2mkdc-371598885
2019-10-03 08:31:01,191 [pool-393-thread-1] INFO  storage.RaftStorageDirectory (RaftStorageDirectory.java:tryLock(328)) - Lock on /workdir/hadoop-ozone/integration-test/target/test-dir/MiniOzoneClusterImpl-dbc006c8-6e38-4b9c-8623-68d6a10c783f/datanode-1/data/ratis/86d3518b-e3d0-425a-9834-8e48eecbeee0/in_use.lock acquired by nodename 14310@pr-hdds2217-2mkdc-371598885
2019-10-03 08:31:01,191 [pool-383-thread-1] INFO  storage.RaftStorageDirectory (RaftStorageDirectory.java:tryLock(328)) - Lock on /workdir/hadoop-ozone/integration-test/target/test-dir/MiniOzoneClusterImpl-dbc006c8-6e38-4b9c-8623-68d6a10c783f/datanode-0/data/ratis/86d3518b-e3d0-425a-9834-8e48eecbeee0/in_use.lock acquired by nodename 14310@pr-hdds2217-2mkdc-371598885
2019-10-03 08:31:01,193 [pool-403-thread-1] INFO  storage.RaftStorage (RaftStorage.java:format(84)) - Storage directory /workdir/hadoop-ozone/integration-test/target/test-dir/MiniOzoneClusterImpl-dbc006c8-6e38-4b9c-8623-68d6a10c783f/datanode-2/data/ratis/86d3518b-e3d0-425a-9834-8e48eecbeee0 has been successfully formatted.
2019-10-03 08:31:01,193 [pool-393-thread-1] INFO  storage.RaftStorage (RaftStorage.java:format(84)) - Storage directory /workdir/hadoop-ozone/integration-test/target/test-dir/MiniOzoneClusterImpl-dbc006c8-6e38-4b9c-8623-68d6a10c783f/datanode-1/data/ratis/86d3518b-e3d0-425a-9834-8e48eecbeee0 has been successfully formatted.
2019-10-03 08:31:01,193 [pool-403-thread-1] INFO  ratis.ContainerStateMachine (ContainerStateMachine.java:loadSnapshot(230)) - group-8E48EECBEEE0: The snapshot info is null. Setting the last applied indexto:(t:0, i:~)
2019-10-03 08:31:01,193 [pool-393-thread-1] INFO  ratis.ContainerStateMachine (ContainerStateMachine.java:loadSnapshot(230)) - group-8E48EECBEEE0: The snapshot info is null. Setting the last applied indexto:(t:0, i:~)
2019-10-03 08:31:01,193 [pool-403-thread-1] INFO  server.RaftServerConfigKeys (ConfUtils.java:logGet(43)) - raft.server.notification.no-leader.timeout = 120s (custom)
2019-10-03 08:31:01,193 [pool-393-thread-1] INFO  server.RaftServerConfigKeys (ConfUtils.java:logGet(43)) - raft.server.notification.no-leader.timeout = 120s (custom)
2019-10-03 08:31:01,193 [pool-403-thread-1] INFO  server.RaftServerConfigKeys (ConfUtils.java:logGet(43)) - raft.server.log.use.memory = false (default)
2019-10-03 08:31:01,194 [pool-393-thread-1] INFO  server.RaftServerConfigKeys (ConfUtils.java:logGet(43)) - raft.server.log.use.memory = false (default)
2019-10-03 08:31:01,194 [pool-403-thread-1] INFO  server.RaftServerConfigKeys (ConfUtils.java:logGet(43)) - raft.server.log.purge.gap = 1000000 (custom)
2019-10-03 08:31:01,194 [pool-393-thread-1] INFO  server.RaftServerConfigKeys (ConfUtils.java:logGet(43)) - raft.server.log.purge.gap = 1000000 (custom)
2019-10-03 08:31:01,194 [pool-403-thread-1] INFO  server.RaftServerConfigKeys (ConfUtils.java:logGet(43)) - raft.server.log.appender.buffer.byte-limit = 33554432 (custom)
2019-10-03 08:31:01,194 [pool-393-thread-1] INFO  server.RaftServerConfigKeys (ConfUtils.java:logGet(43)) - raft.server.log.appender.buffer.byte-limit = 33554432 (custom)
2019-10-03 08:31:01,194 [pool-403-thread-1] INFO  server.RaftServerConfigKeys (ConfUtils.java:logGet(43)) - raft.server.log.segment.size.max = 1048576 (custom)
2019-10-03 08:31:01,194 [pool-393-thread-1] INFO  server.RaftServerConfigKeys (ConfUtils.java:logGet(43)) - raft.server.log.segment.size.max = 1048576 (custom)
2019-10-03 08:31:01,194 [pool-403-thread-1] INFO  server.RaftServerConfigKeys (ConfUtils.java:logGet(43)) - raft.server.log.segment.cache.num.max = 2 (custom)
2019-10-03 08:31:01,194 [pool-393-thread-1] INFO  server.RaftServerConfigKeys (ConfUtils.java:logGet(43)) - raft.server.log.segment.cache.num.max = 2 (custom)
2019-10-03 08:31:01,195 [pool-403-thread-1] INFO  segmented.SegmentedRaftLogWorker (SegmentedRaftLogWorker.java:<init>(173)) - new 3f80a612-2f76-4eb3-b73b-53e4707867d7@group-8E48EECBEEE0-SegmentedRaftLogWorker for RaftStorage:Storage Directory /workdir/hadoop-ozone/integration-test/target/test-dir/MiniOzoneClusterImpl-dbc006c8-6e38-4b9c-8623-68d6a10c783f/datanode-2/data/ratis/86d3518b-e3d0-425a-9834-8e48eecbeee0
2019-10-03 08:31:01,195 [pool-383-thread-1] INFO  storage.RaftStorage (RaftStorage.java:format(84)) - Storage directory /workdir/hadoop-ozone/integration-test/target/test-dir/MiniOzoneClusterImpl-dbc006c8-6e38-4b9c-8623-68d6a10c783f/datanode-0/data/ratis/86d3518b-e3d0-425a-9834-8e48eecbeee0 has been successfully formatted.
2019-10-03 08:31:01,195 [pool-393-thread-1] INFO  segmented.SegmentedRaftLogWorker (SegmentedRaftLogWorker.java:<init>(173)) - new 018a42ba-2560-403a-9985-3e26b1a2fca3@group-8E48EECBEEE0-SegmentedRaftLogWorker for RaftStorage:Storage Directory /workdir/hadoop-ozone/integration-test/target/test-dir/MiniOzoneClusterImpl-dbc006c8-6e38-4b9c-8623-68d6a10c783f/datanode-1/data/ratis/86d3518b-e3d0-425a-9834-8e48eecbeee0
2019-10-03 08:31:01,195 [pool-383-thread-1] INFO  ratis.ContainerStateMachine (ContainerStateMachine.java:loadSnapshot(230)) - group-8E48EECBEEE0: The snapshot info is null. Setting the last applied indexto:(t:0, i:~)
2019-10-03 08:31:01,195 [pool-403-thread-1] INFO  server.RaftServerConfigKeys (ConfUtils.java:logGet(43)) - raft.server.log.queue.byte-limit = 2147483647 (custom)
2019-10-03 08:31:01,195 [pool-383-thread-1] INFO  server.RaftServerConfigKeys (ConfUtils.java:logGet(43)) - raft.server.notification.no-leader.timeout = 120s (custom)
2019-10-03 08:31:01,195 [pool-393-thread-1] INFO  server.RaftServerConfigKeys (ConfUtils.java:logGet(43)) - raft.server.log.queue.byte-limit = 2147483647 (custom)
2019-10-03 08:31:01,195 [pool-383-thread-1] INFO  server.RaftServerConfigKeys (ConfUtils.java:logGet(43)) - raft.server.log.use.memory = false (default)
2019-10-03 08:31:01,195 [pool-403-thread-1] INFO  server.RaftServerConfigKeys (ConfUtils.java:logGet(43)) - raft.server.log.queue.element-limit = 1024 (custom)
2019-10-03 08:31:01,196 [pool-383-thread-1] INFO  server.RaftServerConfigKeys (ConfUtils.java:logGet(43)) - raft.server.log.purge.gap = 1000000 (custom)
2019-10-03 08:31:01,196 [pool-393-thread-1] INFO  server.RaftServerConfigKeys (ConfUtils.java:logGet(43)) - raft.server.log.queue.element-limit = 1024 (custom)
2019-10-03 08:31:01,196 [pool-383-thread-1] INFO  server.RaftServerConfigKeys (ConfUtils.java:logGet(43)) - raft.server.log.appender.buffer.byte-limit = 33554432 (custom)
2019-10-03 08:31:01,196 [pool-403-thread-1] INFO  server.RaftServerConfigKeys (ConfUtils.java:logGet(43)) - raft.server.log.segment.size.max = 1048576 (custom)
2019-10-03 08:31:01,196 [pool-383-thread-1] INFO  server.RaftServerConfigKeys (ConfUtils.java:logGet(43)) - raft.server.log.segment.size.max = 1048576 (custom)
2019-10-03 08:31:01,196 [pool-393-thread-1] INFO  server.RaftServerConfigKeys (ConfUtils.java:logGet(43)) - raft.server.log.segment.size.max = 1048576 (custom)
2019-10-03 08:31:01,196 [pool-383-thread-1] INFO  server.RaftServerConfigKeys (ConfUtils.java:logGet(43)) - raft.server.log.segment.cache.num.max = 2 (custom)
2019-10-03 08:31:01,196 [pool-403-thread-1] INFO  server.RaftServerConfigKeys (ConfUtils.java:logGet(43)) - raft.server.log.preallocated.size = 16384 (custom)
2019-10-03 08:31:01,197 [pool-383-thread-1] INFO  segmented.SegmentedRaftLogWorker (SegmentedRaftLogWorker.java:<init>(173)) - new a0579777-64ad-43dd-9cc9-d89f7d8424a8@group-8E48EECBEEE0-SegmentedRaftLogWorker for RaftStorage:Storage Directory /workdir/hadoop-ozone/integration-test/target/test-dir/MiniOzoneClusterImpl-dbc006c8-6e38-4b9c-8623-68d6a10c783f/datanode-0/data/ratis/86d3518b-e3d0-425a-9834-8e48eecbeee0
2019-10-03 08:31:01,197 [pool-393-thread-1] INFO  server.RaftServerConfigKeys (ConfUtils.java:logGet(43)) - raft.server.log.preallocated.size = 16384 (custom)
2019-10-03 08:31:01,197 [pool-383-thread-1] INFO  server.RaftServerConfigKeys (ConfUtils.java:logGet(43)) - raft.server.log.queue.byte-limit = 2147483647 (custom)
2019-10-03 08:31:01,197 [pool-403-thread-1] INFO  server.RaftServerConfigKeys (ConfUtils.java:logGet(43)) - raft.server.log.write.buffer.size = 33554432 (custom)
2019-10-03 08:31:01,197 [pool-383-thread-1] INFO  server.RaftServerConfigKeys (ConfUtils.java:logGet(43)) - raft.server.log.queue.element-limit = 1024 (custom)
2019-10-03 08:31:01,197 [pool-393-thread-1] INFO  server.RaftServerConfigKeys (ConfUtils.java:logGet(43)) - raft.server.log.write.buffer.size = 33554432 (custom)
2019-10-03 08:31:01,197 [pool-383-thread-1] INFO  server.RaftServerConfigKeys (ConfUtils.java:logGet(43)) - raft.server.log.segment.size.max = 1048576 (custom)
2019-10-03 08:31:01,197 [pool-403-thread-1] INFO  server.RaftServerConfigKeys (ConfUtils.java:logGet(43)) - raft.server.log.force.sync.num = 128 (default)
2019-10-03 08:31:01,198 [pool-383-thread-1] INFO  server.RaftServerConfigKeys (ConfUtils.java:logGet(43)) - raft.server.log.preallocated.size = 16384 (custom)
2019-10-03 08:31:01,198 [pool-393-thread-1] INFO  server.RaftServerConfigKeys (ConfUtils.java:logGet(43)) - raft.server.log.force.sync.num = 128 (default)
2019-10-03 08:31:01,198 [pool-383-thread-1] INFO  server.RaftServerConfigKeys (ConfUtils.java:logGet(43)) - raft.server.log.write.buffer.size = 33554432 (custom)
2019-10-03 08:31:01,198 [pool-403-thread-1] INFO  server.RaftServerConfigKeys (ConfUtils.java:logGet(43)) - raft.server.log.statemachine.data.sync = true (default)
2019-10-03 08:31:01,198 [pool-383-thread-1] INFO  server.RaftServerConfigKeys (ConfUtils.java:logGet(43)) - raft.server.log.force.sync.num = 128 (default)
2019-10-03 08:31:01,198 [pool-383-thread-1] INFO  server.RaftServerConfigKeys (ConfUtils.java:logGet(43)) - raft.server.log.statemachine.data.sync = true (default)
2019-10-03 08:31:01,198 [pool-393-thread-1] INFO  server.RaftServerConfigKeys (ConfUtils.java:logGet(43)) - raft.server.log.statemachine.data.sync = true (default)
2019-10-03 08:31:01,198 [pool-383-thread-1] INFO  server.RaftServerConfigKeys (ConfUtils.java:logGet(43)) - raft.server.log.statemachine.data.sync.timeout = 10s (default)
2019-10-03 08:31:01,198 [pool-403-thread-1] INFO  server.RaftServerConfigKeys (ConfUtils.java:logGet(43)) - raft.server.log.statemachine.data.sync.timeout = 10s (default)
2019-10-03 08:31:01,199 [pool-383-thread-1] INFO  server.RaftServerConfigKeys (ConfUtils.java:logGet(43)) - raft.server.log.statemachine.data.sync.timeout.retry = -1 (default)
2019-10-03 08:31:01,199 [pool-393-thread-1] INFO  server.RaftServerConfigKeys (ConfUtils.java:logGet(43)) - raft.server.log.statemachine.data.sync.timeout = 10s (default)
2019-10-03 08:31:01,199 [pool-383-thread-1] INFO  server.RaftServerConfigKeys (ConfUtils.java:logGet(43)) - raft.server.log.statemachine.data.caching.enabled = true (custom)
2019-10-03 08:31:01,199 [pool-403-thread-1] INFO  server.RaftServerConfigKeys (ConfUtils.java:logGet(43)) - raft.server.log.statemachine.data.sync.timeout.retry = -1 (default)
2019-10-03 08:31:01,199 [pool-383-thread-1] INFO  segmented.SegmentedRaftLogWorker (SegmentedRaftLogWorker.java:lambda$new$0(128)) - a0579777-64ad-43dd-9cc9-d89f7d8424a8@group-8E48EECBEEE0-SegmentedRaftLogWorker: flushIndex: setUnconditionally 0 -> -1
2019-10-03 08:31:01,199 [pool-393-thread-1] INFO  server.RaftServerConfigKeys (ConfUtils.java:logGet(43)) - raft.server.log.statemachine.data.sync.timeout.retry = -1 (default)
2019-10-03 08:31:01,200 [pool-383-thread-1] INFO  server.RaftServerConfigKeys (ConfUtils.java:logGet(43)) - raft.server.snapshot.auto.trigger.enabled = true (custom)
2019-10-03 08:31:01,199 [pool-403-thread-1] INFO  server.RaftServerConfigKeys (ConfUtils.java:logGet(43)) - raft.server.log.statemachine.data.caching.enabled = true (custom)
2019-10-03 08:31:01,200 [pool-383-thread-1] INFO  server.RaftServerConfigKeys (ConfUtils.java:logGet(43)) - raft.server.snapshot.auto.trigger.threshold = 10000 (custom)
2019-10-03 08:31:01,200 [pool-403-thread-1] INFO  segmented.SegmentedRaftLogWorker (SegmentedRaftLogWorker.java:lambda$new$0(128)) - 3f80a612-2f76-4eb3-b73b-53e4707867d7@group-8E48EECBEEE0-SegmentedRaftLogWorker: flushIndex: setUnconditionally 0 -> -1
2019-10-03 08:31:01,200 [pool-393-thread-1] INFO  server.RaftServerConfigKeys (ConfUtils.java:logGet(43)) - raft.server.log.statemachine.data.caching.enabled = true (custom)
2019-10-03 08:31:01,200 [pool-403-thread-1] INFO  server.RaftServerConfigKeys (ConfUtils.java:logGet(43)) - raft.server.snapshot.auto.trigger.enabled = true (custom)
2019-10-03 08:31:01,200 [pool-383-thread-1] INFO  server.RaftServerConfigKeys (ConfUtils.java:logGet(43)) - raft.server.snapshot.retention.file.num = 5 (custom)
2019-10-03 08:31:01,200 [pool-393-thread-1] INFO  segmented.SegmentedRaftLogWorker (SegmentedRaftLogWorker.java:lambda$new$0(128)) - 018a42ba-2560-403a-9985-3e26b1a2fca3@group-8E48EECBEEE0-SegmentedRaftLogWorker: flushIndex: setUnconditionally 0 -> -1
2019-10-03 08:31:01,200 [pool-403-thread-1] INFO  server.RaftServerConfigKeys (ConfUtils.java:logGet(43)) - raft.server.snapshot.auto.trigger.threshold = 10000 (custom)
2019-10-03 08:31:01,201 [pool-383-thread-1] INFO  server.RaftServerConfigKeys (ConfUtils.java:logGet(43)) - raft.server.retrycache.expirytime = 600000ms (custom)
2019-10-03 08:31:01,201 [pool-393-thread-1] INFO  server.RaftServerConfigKeys (ConfUtils.java:logGet(43)) - raft.server.snapshot.auto.trigger.enabled = true (custom)
2019-10-03 08:31:01,201 [pool-403-thread-1] INFO  server.RaftServerConfigKeys (ConfUtils.java:logGet(43)) - raft.server.snapshot.retention.file.num = 5 (custom)
2019-10-03 08:31:01,201 [pool-393-thread-1] INFO  server.RaftServerConfigKeys (ConfUtils.java:logGet(43)) - raft.server.snapshot.auto.trigger.threshold = 10000 (custom)
2019-10-03 08:31:01,201 [pool-403-thread-1] INFO  server.RaftServerConfigKeys (ConfUtils.java:logGet(43)) - raft.server.retrycache.expirytime = 600000ms (custom)
2019-10-03 08:31:01,201 [pool-393-thread-1] INFO  server.RaftServerConfigKeys (ConfUtils.java:logGet(43)) - raft.server.snapshot.retention.file.num = 5 (custom)
2019-10-03 08:31:01,202 [pool-393-thread-1] INFO  server.RaftServerConfigKeys (ConfUtils.java:logGet(43)) - raft.server.retrycache.expirytime = 600000ms (custom)
2019-10-03 08:31:01,204 [pool-383-thread-1] INFO  impl.RaftServerImpl (RaftServerImpl.java:start(181)) - a0579777-64ad-43dd-9cc9-d89f7d8424a8@group-8E48EECBEEE0: start as a follower, conf=-1: [a0579777-64ad-43dd-9cc9-d89f7d8424a8:192.168.151.98:46774, 018a42ba-2560-403a-9985-3e26b1a2fca3:192.168.151.98:45535, 3f80a612-2f76-4eb3-b73b-53e4707867d7:192.168.151.98:35183], old=null
2019-10-03 08:31:01,204 [pool-383-thread-1] INFO  impl.RaftServerImpl (RaftServerImpl.java:setRole(170)) - a0579777-64ad-43dd-9cc9-d89f7d8424a8@group-8E48EECBEEE0: changes role from      null to FOLLOWER at term 0 for startAsFollower
2019-10-03 08:31:01,204 [pool-383-thread-1] INFO  impl.RoleInfo (RoleInfo.java:updateAndGet(143)) - a0579777-64ad-43dd-9cc9-d89f7d8424a8: start FollowerState
2019-10-03 08:31:01,205 [pool-403-thread-1] INFO  impl.RaftServerImpl (RaftServerImpl.java:start(181)) - 3f80a612-2f76-4eb3-b73b-53e4707867d7@group-8E48EECBEEE0: start as a follower, conf=-1: [a0579777-64ad-43dd-9cc9-d89f7d8424a8:192.168.151.98:46774, 018a42ba-2560-403a-9985-3e26b1a2fca3:192.168.151.98:45535, 3f80a612-2f76-4eb3-b73b-53e4707867d7:192.168.151.98:35183], old=null
2019-10-03 08:31:01,205 [pool-393-thread-1] INFO  impl.RaftServerImpl (RaftServerImpl.java:start(181)) - 018a42ba-2560-403a-9985-3e26b1a2fca3@group-8E48EECBEEE0: start as a follower, conf=-1: [a0579777-64ad-43dd-9cc9-d89f7d8424a8:192.168.151.98:46774, 018a42ba-2560-403a-9985-3e26b1a2fca3:192.168.151.98:45535, 3f80a612-2f76-4eb3-b73b-53e4707867d7:192.168.151.98:35183], old=null
2019-10-03 08:31:01,205 [pool-383-thread-1] INFO  util.JmxRegister (JmxRegister.java:tryRegister(44)) - Successfully registered JMX Bean with object name Ratis:service=RaftServer,group=group-8E48EECBEEE0,id=a0579777-64ad-43dd-9cc9-d89f7d8424a8
2019-10-03 08:31:01,205 [pool-403-thread-1] INFO  impl.RaftServerImpl (RaftServerImpl.java:setRole(170)) - 3f80a612-2f76-4eb3-b73b-53e4707867d7@group-8E48EECBEEE0: changes role from      null to FOLLOWER at term 0 for startAsFollower
2019-10-03 08:31:01,205 [pool-393-thread-1] INFO  impl.RaftServerImpl (RaftServerImpl.java:setRole(170)) - 018a42ba-2560-403a-9985-3e26b1a2fca3@group-8E48EECBEEE0: changes role from      null to FOLLOWER at term 0 for startAsFollower
2019-10-03 08:31:01,205 [pool-403-thread-1] INFO  impl.RoleInfo (RoleInfo.java:updateAndGet(143)) - 3f80a612-2f76-4eb3-b73b-53e4707867d7: start FollowerState
2019-10-03 08:31:01,205 [pool-393-thread-1] INFO  impl.RoleInfo (RoleInfo.java:updateAndGet(143)) - 018a42ba-2560-403a-9985-3e26b1a2fca3: start FollowerState
2019-10-03 08:31:01,206 [pool-403-thread-1] INFO  util.JmxRegister (JmxRegister.java:tryRegister(44)) - Successfully registered JMX Bean with object name Ratis:service=RaftServer,group=group-8E48EECBEEE0,id=3f80a612-2f76-4eb3-b73b-53e4707867d7
2019-10-03 08:31:01,206 [pool-393-thread-1] INFO  util.JmxRegister (JmxRegister.java:tryRegister(44)) - Successfully registered JMX Bean with object name Ratis:service=RaftServer,group=group-8E48EECBEEE0,id=018a42ba-2560-403a-9985-3e26b1a2fca3
2019-10-03 08:31:01,230 [IPC Server handler 0 on 43207] INFO  net.NetworkTopology (NetworkTopologyImpl.java:add(111)) - Added a new node: /default-rack/30a64e9b-985d-4964-b544-8d3e40d29219
2019-10-03 08:31:01,230 [IPC Server handler 0 on 43207] INFO  node.SCMNodeManager (SCMNodeManager.java:register(266)) - Registered Data node : 30a64e9b-985d-4964-b544-8d3e40d29219{ip: 192.168.151.98, host: pr-hdds2217-2mkdc-371598885, networkLocation: /default-rack, certSerialId: null}
2019-10-03 08:31:01,233 [RatisPipelineUtilsThread] INFO  pipeline.PipelineStateManager (PipelineStateManager.java:addPipeline(56)) - Created pipeline Pipeline[ Id: 86d3518b-e3d0-425a-9834-8e48eecbeee0, Nodes: 3f80a612-2f76-4eb3-b73b-53e4707867d7{ip: 192.168.151.98, host: pr-hdds2217-2mkdc-371598885, networkLocation: /default-rack, certSerialId: null}018a42ba-2560-403a-9985-3e26b1a2fca3{ip: 192.168.151.98, host: pr-hdds2217-2mkdc-371598885, networkLocation: /default-rack, certSerialId: null}a0579777-64ad-43dd-9cc9-d89f7d8424a8{ip: 192.168.151.98, host: pr-hdds2217-2mkdc-371598885, networkLocation: /default-rack, certSerialId: null}, Type:RATIS, Factor:THREE, State:OPEN]
2019-10-03 08:31:01,295 [IPC Server handler 1 on 43207] INFO  net.NetworkTopology (NetworkTopologyImpl.java:add(111)) - Added a new node: /default-rack/59d4bb91-9fc5-42e8-8efc-b590ab97d065
2019-10-03 08:31:01,295 [IPC Server handler 1 on 43207] INFO  node.SCMNodeManager (SCMNodeManager.java:register(266)) - Registered Data node : 59d4bb91-9fc5-42e8-8efc-b590ab97d065{ip: 192.168.151.98, host: pr-hdds2217-2mkdc-371598885, networkLocation: /default-rack, certSerialId: null}
2019-10-03 08:31:01,304 [grpc-default-executor-8] INFO  impl.RaftServerProxy (RaftServerProxy.java:addNew(89)) - 30a64e9b-985d-4964-b544-8d3e40d29219: addNew group-8D8B55F35F5E:[30a64e9b-985d-4964-b544-8d3e40d29219:192.168.151.98:45279] returns group-8D8B55F35F5E:java.util.concurrent.CompletableFuture@3d78f1e0[Not completed]
2019-10-03 08:31:01,310 [pool-413-thread-1] INFO  impl.RaftServerImpl (RaftServerImpl.java:<init>(95)) - 30a64e9b-985d-4964-b544-8d3e40d29219: new RaftServerImpl for group-8D8B55F35F5E:[30a64e9b-985d-4964-b544-8d3e40d29219:192.168.151.98:45279] with ContainerStateMachine:uninitialized
2019-10-03 08:31:01,310 [pool-413-thread-1] INFO  server.RaftServerConfigKeys (ConfUtils.java:logGet(43)) - raft.server.rpc.timeout.min = 5s (custom)
2019-10-03 08:31:01,310 [pool-413-thread-1] INFO  server.RaftServerConfigKeys (ConfUtils.java:logGet(43)) - raft.server.rpc.timeout.max = 5200ms (custom)
2019-10-03 08:31:01,310 [pool-413-thread-1] INFO  server.RaftServerConfigKeys (ConfUtils.java:logGet(43)) - raft.server.rpcslowness.timeout = 120s (custom)
2019-10-03 08:31:01,311 [pool-413-thread-1] INFO  server.RaftServerConfigKeys (ConfUtils.java:logGet(43)) - raft.server.sleep.deviation.threshold = 300 (default)
2019-10-03 08:31:01,311 [pool-413-thread-1] INFO  server.RaftServerConfigKeys (ConfUtils.java:logGet(43)) - raft.server.log.appender.install.snapshot.enabled = false (custom)
2019-10-03 08:31:01,311 [pool-413-thread-1] INFO  impl.RaftServerImpl (ServerState.java:<init>(103)) - 30a64e9b-985d-4964-b544-8d3e40d29219@group-8D8B55F35F5E: ConfigurationManager, init=-1: [30a64e9b-985d-4964-b544-8d3e40d29219:192.168.151.98:45279], old=null, confs=<EMPTY_MAP>
2019-10-03 08:31:01,311 [pool-413-thread-1] INFO  server.RaftServerConfigKeys (ConfUtils.java:logGet(43)) - raft.server.storage.dir = [/workdir/hadoop-ozone/integration-test/target/test-dir/MiniOzoneClusterImpl-dbc006c8-6e38-4b9c-8623-68d6a10c783f/datanode-3/data/ratis] (custom)
2019-10-03 08:31:01,311 [pool-413-thread-1] INFO  server.RaftServerConfigKeys (ConfUtils.java:logGet(43)) - raft.server.log.corruption.policy = EXCEPTION (default)
2019-10-03 08:31:01,311 [pool-413-thread-1] INFO  storage.RaftStorageDirectory (RaftStorageDirectory.java:analyzeStorage(246)) - The storage directory /workdir/hadoop-ozone/integration-test/target/test-dir/MiniOzoneClusterImpl-dbc006c8-6e38-4b9c-8623-68d6a10c783f/datanode-3/data/ratis/ab347d84-750c-498a-b9f4-8d8b55f35f5e does not exist. Creating ...
2019-10-03 08:31:01,324 [pool-413-thread-1] INFO  storage.RaftStorageDirectory (RaftStorageDirectory.java:tryLock(328)) - Lock on /workdir/hadoop-ozone/integration-test/target/test-dir/MiniOzoneClusterImpl-dbc006c8-6e38-4b9c-8623-68d6a10c783f/datanode-3/data/ratis/ab347d84-750c-498a-b9f4-8d8b55f35f5e/in_use.lock acquired by nodename 14310@pr-hdds2217-2mkdc-371598885
2019-10-03 08:31:01,337 [pool-413-thread-1] INFO  storage.RaftStorage (RaftStorage.java:format(84)) - Storage directory /workdir/hadoop-ozone/integration-test/target/test-dir/MiniOzoneClusterImpl-dbc006c8-6e38-4b9c-8623-68d6a10c783f/datanode-3/data/ratis/ab347d84-750c-498a-b9f4-8d8b55f35f5e has been successfully formatted.
2019-10-03 08:31:01,338 [pool-413-thread-1] INFO  ratis.ContainerStateMachine (ContainerStateMachine.java:loadSnapshot(230)) - group-8D8B55F35F5E: The snapshot info is null. Setting the last applied indexto:(t:0, i:~)
2019-10-03 08:31:01,338 [pool-413-thread-1] INFO  server.RaftServerConfigKeys (ConfUtils.java:logGet(43)) - raft.server.notification.no-leader.timeout = 120s (custom)
2019-10-03 08:31:01,338 [pool-413-thread-1] INFO  server.RaftServerConfigKeys (ConfUtils.java:logGet(43)) - raft.server.log.use.memory = false (default)
2019-10-03 08:31:01,338 [pool-413-thread-1] INFO  server.RaftServerConfigKeys (ConfUtils.java:logGet(43)) - raft.server.log.purge.gap = 1000000 (custom)
2019-10-03 08:31:01,338 [pool-413-thread-1] INFO  server.RaftServerConfigKeys (ConfUtils.java:logGet(43)) - raft.server.log.appender.buffer.byte-limit = 33554432 (custom)
2019-10-03 08:31:01,338 [pool-413-thread-1] INFO  server.RaftServerConfigKeys (ConfUtils.java:logGet(43)) - raft.server.log.segment.size.max = 1048576 (custom)
2019-10-03 08:31:01,340 [pool-413-thread-1] INFO  server.RaftServerConfigKeys (ConfUtils.java:logGet(43)) - raft.server.log.segment.cache.num.max = 2 (custom)
2019-10-03 08:31:01,340 [pool-413-thread-1] INFO  segmented.SegmentedRaftLogWorker (SegmentedRaftLogWorker.java:<init>(173)) - new 30a64e9b-985d-4964-b544-8d3e40d29219@group-8D8B55F35F5E-SegmentedRaftLogWorker for RaftStorage:Storage Directory /workdir/hadoop-ozone/integration-test/target/test-dir/MiniOzoneClusterImpl-dbc006c8-6e38-4b9c-8623-68d6a10c783f/datanode-3/data/ratis/ab347d84-750c-498a-b9f4-8d8b55f35f5e
2019-10-03 08:31:01,340 [pool-413-thread-1] INFO  server.RaftServerConfigKeys (ConfUtils.java:logGet(43)) - raft.server.log.queue.byte-limit = 2147483647 (custom)
2019-10-03 08:31:01,340 [pool-413-thread-1] INFO  server.RaftServerConfigKeys (ConfUtils.java:logGet(43)) - raft.server.log.queue.element-limit = 1024 (custom)
2019-10-03 08:31:01,340 [pool-413-thread-1] INFO  server.RaftServerConfigKeys (ConfUtils.java:logGet(43)) - raft.server.log.segment.size.max = 1048576 (custom)
2019-10-03 08:31:01,341 [pool-413-thread-1] INFO  server.RaftServerConfigKeys (ConfUtils.java:logGet(43)) - raft.server.log.preallocated.size = 16384 (custom)
2019-10-03 08:31:01,341 [pool-413-thread-1] INFO  server.RaftServerConfigKeys (ConfUtils.java:logGet(43)) - raft.server.log.write.buffer.size = 33554432 (custom)
2019-10-03 08:31:01,341 [pool-413-thread-1] INFO  server.RaftServerConfigKeys (ConfUtils.java:logGet(43)) - raft.server.log.force.sync.num = 128 (default)
2019-10-03 08:31:01,341 [pool-413-thread-1] INFO  server.RaftServerConfigKeys (ConfUtils.java:logGet(43)) - raft.server.log.statemachine.data.sync = true (default)
2019-10-03 08:31:01,341 [pool-413-thread-1] INFO  server.RaftServerConfigKeys (ConfUtils.java:logGet(43)) - raft.server.log.statemachine.data.sync.timeout = 10s (default)
2019-10-03 08:31:01,341 [pool-413-thread-1] INFO  server.RaftServerConfigKeys (ConfUtils.java:logGet(43)) - raft.server.log.statemachine.data.sync.timeout.retry = -1 (default)
2019-10-03 08:31:01,341 [pool-413-thread-1] INFO  server.RaftServerConfigKeys (ConfUtils.java:logGet(43)) - raft.server.log.statemachine.data.caching.enabled = true (custom)
2019-10-03 08:31:01,342 [pool-413-thread-1] INFO  segmented.SegmentedRaftLogWorker (SegmentedRaftLogWorker.java:lambda$new$0(128)) - 30a64e9b-985d-4964-b544-8d3e40d29219@group-8D8B55F35F5E-SegmentedRaftLogWorker: flushIndex: setUnconditionally 0 -> -1
2019-10-03 08:31:01,342 [pool-413-thread-1] INFO  server.RaftServerConfigKeys (ConfUtils.java:logGet(43)) - raft.server.snapshot.auto.trigger.enabled = true (custom)
2019-10-03 08:31:01,342 [pool-413-thread-1] INFO  server.RaftServerConfigKeys (ConfUtils.java:logGet(43)) - raft.server.snapshot.auto.trigger.threshold = 10000 (custom)
2019-10-03 08:31:01,342 [pool-413-thread-1] INFO  server.RaftServerConfigKeys (ConfUtils.java:logGet(43)) - raft.server.snapshot.retention.file.num = 5 (custom)
2019-10-03 08:31:01,342 [pool-413-thread-1] INFO  server.RaftServerConfigKeys (ConfUtils.java:logGet(43)) - raft.server.retrycache.expirytime = 600000ms (custom)
2019-10-03 08:31:01,344 [pool-413-thread-1] INFO  impl.RaftServerImpl (RaftServerImpl.java:start(181)) - 30a64e9b-985d-4964-b544-8d3e40d29219@group-8D8B55F35F5E: start as a follower, conf=-1: [30a64e9b-985d-4964-b544-8d3e40d29219:192.168.151.98:45279], old=null
2019-10-03 08:31:01,344 [pool-413-thread-1] INFO  impl.RaftServerImpl (RaftServerImpl.java:setRole(170)) - 30a64e9b-985d-4964-b544-8d3e40d29219@group-8D8B55F35F5E: changes role from      null to FOLLOWER at term 0 for startAsFollower
2019-10-03 08:31:01,344 [pool-413-thread-1] INFO  impl.RoleInfo (RoleInfo.java:updateAndGet(143)) - 30a64e9b-985d-4964-b544-8d3e40d29219: start FollowerState
2019-10-03 08:31:01,344 [pool-413-thread-1] INFO  util.JmxRegister (JmxRegister.java:tryRegister(44)) - Successfully registered JMX Bean with object name Ratis:service=RaftServer,group=group-8D8B55F35F5E,id=30a64e9b-985d-4964-b544-8d3e40d29219
2019-10-03 08:31:01,353 [RatisPipelineUtilsThread] INFO  pipeline.PipelineStateManager (PipelineStateManager.java:addPipeline(56)) - Created pipeline Pipeline[ Id: ab347d84-750c-498a-b9f4-8d8b55f35f5e, Nodes: 30a64e9b-985d-4964-b544-8d3e40d29219{ip: 192.168.151.98, host: pr-hdds2217-2mkdc-371598885, networkLocation: /default-rack, certSerialId: null}, Type:RATIS, Factor:ONE, State:OPEN]
2019-10-03 08:31:01,366 [grpc-default-executor-8] INFO  impl.RaftServerProxy (RaftServerProxy.java:addNew(89)) - 59d4bb91-9fc5-42e8-8efc-b590ab97d065: addNew group-8896B97A1CAF:[59d4bb91-9fc5-42e8-8efc-b590ab97d065:192.168.151.98:40984] returns group-8896B97A1CAF:java.util.concurrent.CompletableFuture@370a703b[Not completed]
2019-10-03 08:31:01,367 [pool-423-thread-1] INFO  impl.RaftServerImpl (RaftServerImpl.java:<init>(95)) - 59d4bb91-9fc5-42e8-8efc-b590ab97d065: new RaftServerImpl for group-8896B97A1CAF:[59d4bb91-9fc5-42e8-8efc-b590ab97d065:192.168.151.98:40984] with ContainerStateMachine:uninitialized
2019-10-03 08:31:01,367 [pool-423-thread-1] INFO  server.RaftServerConfigKeys (ConfUtils.java:logGet(43)) - raft.server.rpc.timeout.min = 5s (custom)
2019-10-03 08:31:01,368 [pool-423-thread-1] INFO  server.RaftServerConfigKeys (ConfUtils.java:logGet(43)) - raft.server.rpc.timeout.max = 5200ms (custom)
2019-10-03 08:31:01,368 [pool-423-thread-1] INFO  server.RaftServerConfigKeys (ConfUtils.java:logGet(43)) - raft.server.rpcslowness.timeout = 120s (custom)
2019-10-03 08:31:01,368 [pool-423-thread-1] INFO  server.RaftServerConfigKeys (ConfUtils.java:logGet(43)) - raft.server.sleep.deviation.threshold = 300 (default)
2019-10-03 08:31:01,368 [pool-423-thread-1] INFO  server.RaftServerConfigKeys (ConfUtils.java:logGet(43)) - raft.server.log.appender.install.snapshot.enabled = false (custom)
2019-10-03 08:31:01,368 [pool-423-thread-1] INFO  impl.RaftServerImpl (ServerState.java:<init>(103)) - 59d4bb91-9fc5-42e8-8efc-b590ab97d065@group-8896B97A1CAF: ConfigurationManager, init=-1: [59d4bb91-9fc5-42e8-8efc-b590ab97d065:192.168.151.98:40984], old=null, confs=<EMPTY_MAP>
2019-10-03 08:31:01,368 [pool-423-thread-1] INFO  server.RaftServerConfigKeys (ConfUtils.java:logGet(43)) - raft.server.storage.dir = [/workdir/hadoop-ozone/integration-test/target/test-dir/MiniOzoneClusterImpl-dbc006c8-6e38-4b9c-8623-68d6a10c783f/datanode-4/data/ratis] (custom)
2019-10-03 08:31:01,368 [pool-423-thread-1] INFO  server.RaftServerConfigKeys (ConfUtils.java:logGet(43)) - raft.server.log.corruption.policy = EXCEPTION (default)
2019-10-03 08:31:01,369 [pool-423-thread-1] INFO  storage.RaftStorageDirectory (RaftStorageDirectory.java:analyzeStorage(246)) - The storage directory /workdir/hadoop-ozone/integration-test/target/test-dir/MiniOzoneClusterImpl-dbc006c8-6e38-4b9c-8623-68d6a10c783f/datanode-4/data/ratis/59db33cc-5bcf-43dd-be42-8896b97a1caf does not exist. Creating ...
2019-10-03 08:31:01,382 [pool-423-thread-1] INFO  storage.RaftStorageDirectory (RaftStorageDirectory.java:tryLock(328)) - Lock on /workdir/hadoop-ozone/integration-test/target/test-dir/MiniOzoneClusterImpl-dbc006c8-6e38-4b9c-8623-68d6a10c783f/datanode-4/data/ratis/59db33cc-5bcf-43dd-be42-8896b97a1caf/in_use.lock acquired by nodename 14310@pr-hdds2217-2mkdc-371598885
2019-10-03 08:31:01,394 [pool-423-thread-1] INFO  storage.RaftStorage (RaftStorage.java:format(84)) - Storage directory /workdir/hadoop-ozone/integration-test/target/test-dir/MiniOzoneClusterImpl-dbc006c8-6e38-4b9c-8623-68d6a10c783f/datanode-4/data/ratis/59db33cc-5bcf-43dd-be42-8896b97a1caf has been successfully formatted.
2019-10-03 08:31:01,395 [pool-423-thread-1] INFO  ratis.ContainerStateMachine (ContainerStateMachine.java:loadSnapshot(230)) - group-8896B97A1CAF: The snapshot info is null. Setting the last applied indexto:(t:0, i:~)
2019-10-03 08:31:01,395 [pool-423-thread-1] INFO  server.RaftServerConfigKeys (ConfUtils.java:logGet(43)) - raft.server.notification.no-leader.timeout = 120s (custom)
2019-10-03 08:31:01,395 [pool-423-thread-1] INFO  server.RaftServerConfigKeys (ConfUtils.java:logGet(43)) - raft.server.log.use.memory = false (default)
2019-10-03 08:31:01,395 [pool-423-thread-1] INFO  server.RaftServerConfigKeys (ConfUtils.java:logGet(43)) - raft.server.log.purge.gap = 1000000 (custom)
2019-10-03 08:31:01,395 [pool-423-thread-1] INFO  server.RaftServerConfigKeys (ConfUtils.java:logGet(43)) - raft.server.log.appender.buffer.byte-limit = 33554432 (custom)
2019-10-03 08:31:01,395 [pool-423-thread-1] INFO  server.RaftServerConfigKeys (ConfUtils.java:logGet(43)) - raft.server.log.segment.size.max = 1048576 (custom)
2019-10-03 08:31:01,397 [pool-423-thread-1] INFO  server.RaftServerConfigKeys (ConfUtils.java:logGet(43)) - raft.server.log.segment.cache.num.max = 2 (custom)
2019-10-03 08:31:01,397 [pool-423-thread-1] INFO  segmented.SegmentedRaftLogWorker (SegmentedRaftLogWorker.java:<init>(173)) - new 59d4bb91-9fc5-42e8-8efc-b590ab97d065@group-8896B97A1CAF-SegmentedRaftLogWorker for RaftStorage:Storage Directory /workdir/hadoop-ozone/integration-test/target/test-dir/MiniOzoneClusterImpl-dbc006c8-6e38-4b9c-8623-68d6a10c783f/datanode-4/data/ratis/59db33cc-5bcf-43dd-be42-8896b97a1caf
2019-10-03 08:31:01,397 [pool-423-thread-1] INFO  server.RaftServerConfigKeys (ConfUtils.java:logGet(43)) - raft.server.log.queue.byte-limit = 2147483647 (custom)
2019-10-03 08:31:01,397 [pool-423-thread-1] INFO  server.RaftServerConfigKeys (ConfUtils.java:logGet(43)) - raft.server.log.queue.element-limit = 1024 (custom)
2019-10-03 08:31:01,397 [pool-423-thread-1] INFO  server.RaftServerConfigKeys (ConfUtils.java:logGet(43)) - raft.server.log.segment.size.max = 1048576 (custom)
2019-10-03 08:31:01,398 [pool-423-thread-1] INFO  server.RaftServerConfigKeys (ConfUtils.java:logGet(43)) - raft.server.log.preallocated.size = 16384 (custom)
2019-10-03 08:31:01,398 [pool-423-thread-1] INFO  server.RaftServerConfigKeys (ConfUtils.java:logGet(43)) - raft.server.log.write.buffer.size = 33554432 (custom)
2019-10-03 08:31:01,398 [pool-423-thread-1] INFO  server.RaftServerConfigKeys (ConfUtils.java:logGet(43)) - raft.server.log.force.sync.num = 128 (default)
2019-10-03 08:31:01,398 [pool-423-thread-1] INFO  server.RaftServerConfigKeys (ConfUtils.java:logGet(43)) - raft.server.log.statemachine.data.sync = true (default)
2019-10-03 08:31:01,398 [pool-423-thread-1] INFO  server.RaftServerConfigKeys (ConfUtils.java:logGet(43)) - raft.server.log.statemachine.data.sync.timeout = 10s (default)
2019-10-03 08:31:01,398 [pool-423-thread-1] INFO  server.RaftServerConfigKeys (ConfUtils.java:logGet(43)) - raft.server.log.statemachine.data.sync.timeout.retry = -1 (default)
2019-10-03 08:31:01,398 [pool-423-thread-1] INFO  server.RaftServerConfigKeys (ConfUtils.java:logGet(43)) - raft.server.log.statemachine.data.caching.enabled = true (custom)
2019-10-03 08:31:01,399 [pool-423-thread-1] INFO  segmented.SegmentedRaftLogWorker (SegmentedRaftLogWorker.java:lambda$new$0(128)) - 59d4bb91-9fc5-42e8-8efc-b590ab97d065@group-8896B97A1CAF-SegmentedRaftLogWorker: flushIndex: setUnconditionally 0 -> -1
2019-10-03 08:31:01,399 [pool-423-thread-1] INFO  server.RaftServerConfigKeys (ConfUtils.java:logGet(43)) - raft.server.snapshot.auto.trigger.enabled = true (custom)
2019-10-03 08:31:01,399 [pool-423-thread-1] INFO  server.RaftServerConfigKeys (ConfUtils.java:logGet(43)) - raft.server.snapshot.auto.trigger.threshold = 10000 (custom)
2019-10-03 08:31:01,399 [pool-423-thread-1] INFO  server.RaftServerConfigKeys (ConfUtils.java:logGet(43)) - raft.server.snapshot.retention.file.num = 5 (custom)
2019-10-03 08:31:01,399 [pool-423-thread-1] INFO  server.RaftServerConfigKeys (ConfUtils.java:logGet(43)) - raft.server.retrycache.expirytime = 600000ms (custom)
2019-10-03 08:31:01,401 [pool-423-thread-1] INFO  impl.RaftServerImpl (RaftServerImpl.java:start(181)) - 59d4bb91-9fc5-42e8-8efc-b590ab97d065@group-8896B97A1CAF: start as a follower, conf=-1: [59d4bb91-9fc5-42e8-8efc-b590ab97d065:192.168.151.98:40984], old=null
2019-10-03 08:31:01,401 [pool-423-thread-1] INFO  impl.RaftServerImpl (RaftServerImpl.java:setRole(170)) - 59d4bb91-9fc5-42e8-8efc-b590ab97d065@group-8896B97A1CAF: changes role from      null to FOLLOWER at term 0 for startAsFollower
2019-10-03 08:31:01,401 [pool-423-thread-1] INFO  impl.RoleInfo (RoleInfo.java:updateAndGet(143)) - 59d4bb91-9fc5-42e8-8efc-b590ab97d065: start FollowerState
2019-10-03 08:31:01,401 [pool-423-thread-1] INFO  util.JmxRegister (JmxRegister.java:tryRegister(44)) - Successfully registered JMX Bean with object name Ratis:service=RaftServer,group=group-8896B97A1CAF,id=59d4bb91-9fc5-42e8-8efc-b590ab97d065
2019-10-03 08:31:01,410 [IPC Server handler 4 on 43207] INFO  net.NetworkTopology (NetworkTopologyImpl.java:add(111)) - Added a new node: /default-rack/c931c312-2e95-4295-b950-dec7e7b275c0
2019-10-03 08:31:01,410 [IPC Server handler 4 on 43207] INFO  node.SCMNodeManager (SCMNodeManager.java:register(266)) - Registered Data node : c931c312-2e95-4295-b950-dec7e7b275c0{ip: 192.168.151.98, host: pr-hdds2217-2mkdc-371598885, networkLocation: /default-rack, certSerialId: null}
2019-10-03 08:31:01,410 [RatisPipelineUtilsThread] INFO  pipeline.PipelineStateManager (PipelineStateManager.java:addPipeline(56)) - Created pipeline Pipeline[ Id: 59db33cc-5bcf-43dd-be42-8896b97a1caf, Nodes: 59d4bb91-9fc5-42e8-8efc-b590ab97d065{ip: 192.168.151.98, host: pr-hdds2217-2mkdc-371598885, networkLocation: /default-rack, certSerialId: null}, Type:RATIS, Factor:ONE, State:OPEN]
2019-10-03 08:31:01,418 [grpc-default-executor-8] INFO  impl.RaftServerProxy (RaftServerProxy.java:addNew(89)) - c931c312-2e95-4295-b950-dec7e7b275c0: addNew group-0A60BCAA9871:[c931c312-2e95-4295-b950-dec7e7b275c0:192.168.151.98:37442] returns group-0A60BCAA9871:java.util.concurrent.CompletableFuture@11b25f8e[Not completed]
2019-10-03 08:31:01,419 [pool-433-thread-1] INFO  impl.RaftServerImpl (RaftServerImpl.java:<init>(95)) - c931c312-2e95-4295-b950-dec7e7b275c0: new RaftServerImpl for group-0A60BCAA9871:[c931c312-2e95-4295-b950-dec7e7b275c0:192.168.151.98:37442] with ContainerStateMachine:uninitialized
2019-10-03 08:31:01,419 [pool-433-thread-1] INFO  server.RaftServerConfigKeys (ConfUtils.java:logGet(43)) - raft.server.rpc.timeout.min = 5s (custom)
2019-10-03 08:31:01,419 [pool-433-thread-1] INFO  server.RaftServerConfigKeys (ConfUtils.java:logGet(43)) - raft.server.rpc.timeout.max = 5200ms (custom)
2019-10-03 08:31:01,419 [pool-433-thread-1] INFO  server.RaftServerConfigKeys (ConfUtils.java:logGet(43)) - raft.server.rpcslowness.timeout = 120s (custom)
2019-10-03 08:31:01,419 [pool-433-thread-1] INFO  server.RaftServerConfigKeys (ConfUtils.java:logGet(43)) - raft.server.sleep.deviation.threshold = 300 (default)
2019-10-03 08:31:01,420 [pool-433-thread-1] INFO  server.RaftServerConfigKeys (ConfUtils.java:logGet(43)) - raft.server.log.appender.install.snapshot.enabled = false (custom)
2019-10-03 08:31:01,420 [pool-433-thread-1] INFO  impl.RaftServerImpl (ServerState.java:<init>(103)) - c931c312-2e95-4295-b950-dec7e7b275c0@group-0A60BCAA9871: ConfigurationManager, init=-1: [c931c312-2e95-4295-b950-dec7e7b275c0:192.168.151.98:37442], old=null, confs=<EMPTY_MAP>
2019-10-03 08:31:01,420 [pool-433-thread-1] INFO  server.RaftServerConfigKeys (ConfUtils.java:logGet(43)) - raft.server.storage.dir = [/workdir/hadoop-ozone/integration-test/target/test-dir/MiniOzoneClusterImpl-dbc006c8-6e38-4b9c-8623-68d6a10c783f/datanode-5/data/ratis] (custom)
2019-10-03 08:31:01,420 [pool-433-thread-1] INFO  server.RaftServerConfigKeys (ConfUtils.java:logGet(43)) - raft.server.log.corruption.policy = EXCEPTION (default)
2019-10-03 08:31:01,420 [pool-433-thread-1] INFO  storage.RaftStorageDirectory (RaftStorageDirectory.java:analyzeStorage(246)) - The storage directory /workdir/hadoop-ozone/integration-test/target/test-dir/MiniOzoneClusterImpl-dbc006c8-6e38-4b9c-8623-68d6a10c783f/datanode-5/data/ratis/3eaadc57-59e4-4763-80b9-0a60bcaa9871 does not exist. Creating ...
2019-10-03 08:31:01,432 [pool-433-thread-1] INFO  storage.RaftStorageDirectory (RaftStorageDirectory.java:tryLock(328)) - Lock on /workdir/hadoop-ozone/integration-test/target/test-dir/MiniOzoneClusterImpl-dbc006c8-6e38-4b9c-8623-68d6a10c783f/datanode-5/data/ratis/3eaadc57-59e4-4763-80b9-0a60bcaa9871/in_use.lock acquired by nodename 14310@pr-hdds2217-2mkdc-371598885
2019-10-03 08:31:01,445 [pool-433-thread-1] INFO  storage.RaftStorage (RaftStorage.java:format(84)) - Storage directory /workdir/hadoop-ozone/integration-test/target/test-dir/MiniOzoneClusterImpl-dbc006c8-6e38-4b9c-8623-68d6a10c783f/datanode-5/data/ratis/3eaadc57-59e4-4763-80b9-0a60bcaa9871 has been successfully formatted.
2019-10-03 08:31:01,445 [pool-433-thread-1] INFO  ratis.ContainerStateMachine (ContainerStateMachine.java:loadSnapshot(230)) - group-0A60BCAA9871: The snapshot info is null. Setting the last applied indexto:(t:0, i:~)
2019-10-03 08:31:01,445 [pool-433-thread-1] INFO  server.RaftServerConfigKeys (ConfUtils.java:logGet(43)) - raft.server.notification.no-leader.timeout = 120s (custom)
2019-10-03 08:31:01,446 [pool-433-thread-1] INFO  server.RaftServerConfigKeys (ConfUtils.java:logGet(43)) - raft.server.log.use.memory = false (default)
2019-10-03 08:31:01,446 [pool-433-thread-1] INFO  server.RaftServerConfigKeys (ConfUtils.java:logGet(43)) - raft.server.log.purge.gap = 1000000 (custom)
2019-10-03 08:31:01,446 [pool-433-thread-1] INFO  server.RaftServerConfigKeys (ConfUtils.java:logGet(43)) - raft.server.log.appender.buffer.byte-limit = 33554432 (custom)
2019-10-03 08:31:01,446 [pool-433-thread-1] INFO  server.RaftServerConfigKeys (ConfUtils.java:logGet(43)) - raft.server.log.segment.size.max = 1048576 (custom)
2019-10-03 08:31:01,447 [pool-433-thread-1] INFO  server.RaftServerConfigKeys (ConfUtils.java:logGet(43)) - raft.server.log.segment.cache.num.max = 2 (custom)
2019-10-03 08:31:01,447 [pool-433-thread-1] INFO  segmented.SegmentedRaftLogWorker (SegmentedRaftLogWorker.java:<init>(173)) - new c931c312-2e95-4295-b950-dec7e7b275c0@group-0A60BCAA9871-SegmentedRaftLogWorker for RaftStorage:Storage Directory /workdir/hadoop-ozone/integration-test/target/test-dir/MiniOzoneClusterImpl-dbc006c8-6e38-4b9c-8623-68d6a10c783f/datanode-5/data/ratis/3eaadc57-59e4-4763-80b9-0a60bcaa9871
2019-10-03 08:31:01,447 [pool-433-thread-1] INFO  server.RaftServerConfigKeys (ConfUtils.java:logGet(43)) - raft.server.log.queue.byte-limit = 2147483647 (custom)
2019-10-03 08:31:01,447 [pool-433-thread-1] INFO  server.RaftServerConfigKeys (ConfUtils.java:logGet(43)) - raft.server.log.queue.element-limit = 1024 (custom)
2019-10-03 08:31:01,448 [pool-433-thread-1] INFO  server.RaftServerConfigKeys (ConfUtils.java:logGet(43)) - raft.server.log.segment.size.max = 1048576 (custom)
2019-10-03 08:31:01,448 [pool-433-thread-1] INFO  server.RaftServerConfigKeys (ConfUtils.java:logGet(43)) - raft.server.log.preallocated.size = 16384 (custom)
2019-10-03 08:31:01,448 [pool-433-thread-1] INFO  server.RaftServerConfigKeys (ConfUtils.java:logGet(43)) - raft.server.log.write.buffer.size = 33554432 (custom)
2019-10-03 08:31:01,448 [pool-433-thread-1] INFO  server.RaftServerConfigKeys (ConfUtils.java:logGet(43)) - raft.server.log.force.sync.num = 128 (default)
2019-10-03 08:31:01,448 [pool-433-thread-1] INFO  server.RaftServerConfigKeys (ConfUtils.java:logGet(43)) - raft.server.log.statemachine.data.sync = true (default)
2019-10-03 08:31:01,448 [pool-433-thread-1] INFO  server.RaftServerConfigKeys (ConfUtils.java:logGet(43)) - raft.server.log.statemachine.data.sync.timeout = 10s (default)
2019-10-03 08:31:01,448 [pool-433-thread-1] INFO  server.RaftServerConfigKeys (ConfUtils.java:logGet(43)) - raft.server.log.statemachine.data.sync.timeout.retry = -1 (default)
2019-10-03 08:31:01,448 [pool-433-thread-1] INFO  server.RaftServerConfigKeys (ConfUtils.java:logGet(43)) - raft.server.log.statemachine.data.caching.enabled = true (custom)
2019-10-03 08:31:01,449 [pool-433-thread-1] INFO  segmented.SegmentedRaftLogWorker (SegmentedRaftLogWorker.java:lambda$new$0(128)) - c931c312-2e95-4295-b950-dec7e7b275c0@group-0A60BCAA9871-SegmentedRaftLogWorker: flushIndex: setUnconditionally 0 -> -1
2019-10-03 08:31:01,449 [pool-433-thread-1] INFO  server.RaftServerConfigKeys (ConfUtils.java:logGet(43)) - raft.server.snapshot.auto.trigger.enabled = true (custom)
2019-10-03 08:31:01,449 [pool-433-thread-1] INFO  server.RaftServerConfigKeys (ConfUtils.java:logGet(43)) - raft.server.snapshot.auto.trigger.threshold = 10000 (custom)
2019-10-03 08:31:01,449 [pool-433-thread-1] INFO  server.RaftServerConfigKeys (ConfUtils.java:logGet(43)) - raft.server.snapshot.retention.file.num = 5 (custom)
2019-10-03 08:31:01,449 [pool-433-thread-1] INFO  server.RaftServerConfigKeys (ConfUtils.java:logGet(43)) - raft.server.retrycache.expirytime = 600000ms (custom)
2019-10-03 08:31:01,450 [pool-433-thread-1] INFO  impl.RaftServerImpl (RaftServerImpl.java:start(181)) - c931c312-2e95-4295-b950-dec7e7b275c0@group-0A60BCAA9871: start as a follower, conf=-1: [c931c312-2e95-4295-b950-dec7e7b275c0:192.168.151.98:37442], old=null
2019-10-03 08:31:01,450 [pool-433-thread-1] INFO  impl.RaftServerImpl (RaftServerImpl.java:setRole(170)) - c931c312-2e95-4295-b950-dec7e7b275c0@group-0A60BCAA9871: changes role from      null to FOLLOWER at term 0 for startAsFollower
2019-10-03 08:31:01,450 [pool-433-thread-1] INFO  impl.RoleInfo (RoleInfo.java:updateAndGet(143)) - c931c312-2e95-4295-b950-dec7e7b275c0: start FollowerState
2019-10-03 08:31:01,451 [pool-433-thread-1] INFO  util.JmxRegister (JmxRegister.java:tryRegister(44)) - Successfully registered JMX Bean with object name Ratis:service=RaftServer,group=group-0A60BCAA9871,id=c931c312-2e95-4295-b950-dec7e7b275c0
2019-10-03 08:31:01,460 [RatisPipelineUtilsThread] INFO  pipeline.PipelineStateManager (PipelineStateManager.java:addPipeline(56)) - Created pipeline Pipeline[ Id: 3eaadc57-59e4-4763-80b9-0a60bcaa9871, Nodes: c931c312-2e95-4295-b950-dec7e7b275c0{ip: 192.168.151.98, host: pr-hdds2217-2mkdc-371598885, networkLocation: /default-rack, certSerialId: null}, Type:RATIS, Factor:ONE, State:OPEN]
2019-10-03 08:31:01,477 [grpc-default-executor-8] INFO  impl.RaftServerProxy (RaftServerProxy.java:addNew(89)) - 59d4bb91-9fc5-42e8-8efc-b590ab97d065: addNew group-73141152DA82:[30a64e9b-985d-4964-b544-8d3e40d29219:192.168.151.98:45279, c931c312-2e95-4295-b950-dec7e7b275c0:192.168.151.98:37442, 59d4bb91-9fc5-42e8-8efc-b590ab97d065:192.168.151.98:40984] returns group-73141152DA82:java.util.concurrent.CompletableFuture@32ad963[Not completed]
2019-10-03 08:31:01,477 [grpc-default-executor-2] INFO  impl.RaftServerProxy (RaftServerProxy.java:addNew(89)) - c931c312-2e95-4295-b950-dec7e7b275c0: addNew group-73141152DA82:[30a64e9b-985d-4964-b544-8d3e40d29219:192.168.151.98:45279, c931c312-2e95-4295-b950-dec7e7b275c0:192.168.151.98:37442, 59d4bb91-9fc5-42e8-8efc-b590ab97d065:192.168.151.98:40984] returns group-73141152DA82:java.util.concurrent.CompletableFuture@66321f4f[Not completed]
2019-10-03 08:31:01,477 [pool-423-thread-1] INFO  impl.RaftServerImpl (RaftServerImpl.java:<init>(95)) - 59d4bb91-9fc5-42e8-8efc-b590ab97d065: new RaftServerImpl for group-73141152DA82:[30a64e9b-985d-4964-b544-8d3e40d29219:192.168.151.98:45279, c931c312-2e95-4295-b950-dec7e7b275c0:192.168.151.98:37442, 59d4bb91-9fc5-42e8-8efc-b590ab97d065:192.168.151.98:40984] with ContainerStateMachine:uninitialized
2019-10-03 08:31:01,478 [pool-423-thread-1] INFO  server.RaftServerConfigKeys (ConfUtils.java:logGet(43)) - raft.server.rpc.timeout.min = 5s (custom)
2019-10-03 08:31:01,478 [pool-423-thread-1] INFO  server.RaftServerConfigKeys (ConfUtils.java:logGet(43)) - raft.server.rpc.timeout.max = 5200ms (custom)
2019-10-03 08:31:01,478 [grpc-default-executor-8] INFO  impl.RaftServerProxy (RaftServerProxy.java:addNew(89)) - 30a64e9b-985d-4964-b544-8d3e40d29219: addNew group-73141152DA82:[30a64e9b-985d-4964-b544-8d3e40d29219:192.168.151.98:45279, c931c312-2e95-4295-b950-dec7e7b275c0:192.168.151.98:37442, 59d4bb91-9fc5-42e8-8efc-b590ab97d065:192.168.151.98:40984] returns group-73141152DA82:java.util.concurrent.CompletableFuture@15390ca5[Not completed]
2019-10-03 08:31:01,478 [pool-433-thread-1] INFO  impl.RaftServerImpl (RaftServerImpl.java:<init>(95)) - c931c312-2e95-4295-b950-dec7e7b275c0: new RaftServerImpl for group-73141152DA82:[30a64e9b-985d-4964-b544-8d3e40d29219:192.168.151.98:45279, c931c312-2e95-4295-b950-dec7e7b275c0:192.168.151.98:37442, 59d4bb91-9fc5-42e8-8efc-b590ab97d065:192.168.151.98:40984] with ContainerStateMachine:uninitialized
2019-10-03 08:31:01,478 [pool-423-thread-1] INFO  server.RaftServerConfigKeys (ConfUtils.java:logGet(43)) - raft.server.rpcslowness.timeout = 120s (custom)
2019-10-03 08:31:01,478 [pool-433-thread-1] INFO  server.RaftServerConfigKeys (ConfUtils.java:logGet(43)) - raft.server.rpc.timeout.min = 5s (custom)
2019-10-03 08:31:01,478 [pool-423-thread-1] INFO  server.RaftServerConfigKeys (ConfUtils.java:logGet(43)) - raft.server.sleep.deviation.threshold = 300 (default)
2019-10-03 08:31:01,478 [pool-433-thread-1] INFO  server.RaftServerConfigKeys (ConfUtils.java:logGet(43)) - raft.server.rpc.timeout.max = 5200ms (custom)
2019-10-03 08:31:01,478 [pool-423-thread-1] INFO  server.RaftServerConfigKeys (ConfUtils.java:logGet(43)) - raft.server.log.appender.install.snapshot.enabled = false (custom)
2019-10-03 08:31:01,478 [pool-433-thread-1] INFO  server.RaftServerConfigKeys (ConfUtils.java:logGet(43)) - raft.server.rpcslowness.timeout = 120s (custom)
2019-10-03 08:31:01,478 [pool-423-thread-1] INFO  impl.RaftServerImpl (ServerState.java:<init>(103)) - 59d4bb91-9fc5-42e8-8efc-b590ab97d065@group-73141152DA82: ConfigurationManager, init=-1: [30a64e9b-985d-4964-b544-8d3e40d29219:192.168.151.98:45279, c931c312-2e95-4295-b950-dec7e7b275c0:192.168.151.98:37442, 59d4bb91-9fc5-42e8-8efc-b590ab97d065:192.168.151.98:40984], old=null, confs=<EMPTY_MAP>
2019-10-03 08:31:01,478 [pool-413-thread-1] INFO  impl.RaftServerImpl (RaftServerImpl.java:<init>(95)) - 30a64e9b-985d-4964-b544-8d3e40d29219: new RaftServerImpl for group-73141152DA82:[30a64e9b-985d-4964-b544-8d3e40d29219:192.168.151.98:45279, c931c312-2e95-4295-b950-dec7e7b275c0:192.168.151.98:37442, 59d4bb91-9fc5-42e8-8efc-b590ab97d065:192.168.151.98:40984] with ContainerStateMachine:uninitialized
2019-10-03 08:31:01,479 [pool-423-thread-1] INFO  server.RaftServerConfigKeys (ConfUtils.java:logGet(43)) - raft.server.storage.dir = [/workdir/hadoop-ozone/integration-test/target/test-dir/MiniOzoneClusterImpl-dbc006c8-6e38-4b9c-8623-68d6a10c783f/datanode-4/data/ratis] (custom)
2019-10-03 08:31:01,478 [pool-433-thread-1] INFO  server.RaftServerConfigKeys (ConfUtils.java:logGet(43)) - raft.server.sleep.deviation.threshold = 300 (default)
2019-10-03 08:31:01,479 [pool-413-thread-1] INFO  server.RaftServerConfigKeys (ConfUtils.java:logGet(43)) - raft.server.rpc.timeout.min = 5s (custom)
2019-10-03 08:31:01,479 [pool-423-thread-1] INFO  server.RaftServerConfigKeys (ConfUtils.java:logGet(43)) - raft.server.log.corruption.policy = EXCEPTION (default)
2019-10-03 08:31:01,479 [pool-433-thread-1] INFO  server.RaftServerConfigKeys (ConfUtils.java:logGet(43)) - raft.server.log.appender.install.snapshot.enabled = false (custom)
2019-10-03 08:31:01,479 [pool-413-thread-1] INFO  server.RaftServerConfigKeys (ConfUtils.java:logGet(43)) - raft.server.rpc.timeout.max = 5200ms (custom)
2019-10-03 08:31:01,479 [pool-423-thread-1] INFO  storage.RaftStorageDirectory (RaftStorageDirectory.java:analyzeStorage(246)) - The storage directory /workdir/hadoop-ozone/integration-test/target/test-dir/MiniOzoneClusterImpl-dbc006c8-6e38-4b9c-8623-68d6a10c783f/datanode-4/data/ratis/094ac4ea-87a0-4e9c-afb5-73141152da82 does not exist. Creating ...
2019-10-03 08:31:01,479 [pool-433-thread-1] INFO  impl.RaftServerImpl (ServerState.java:<init>(103)) - c931c312-2e95-4295-b950-dec7e7b275c0@group-73141152DA82: ConfigurationManager, init=-1: [30a64e9b-985d-4964-b544-8d3e40d29219:192.168.151.98:45279, c931c312-2e95-4295-b950-dec7e7b275c0:192.168.151.98:37442, 59d4bb91-9fc5-42e8-8efc-b590ab97d065:192.168.151.98:40984], old=null, confs=<EMPTY_MAP>
2019-10-03 08:31:01,479 [pool-413-thread-1] INFO  server.RaftServerConfigKeys (ConfUtils.java:logGet(43)) - raft.server.rpcslowness.timeout = 120s (custom)
2019-10-03 08:31:01,479 [pool-433-thread-1] INFO  server.RaftServerConfigKeys (ConfUtils.java:logGet(43)) - raft.server.storage.dir = [/workdir/hadoop-ozone/integration-test/target/test-dir/MiniOzoneClusterImpl-dbc006c8-6e38-4b9c-8623-68d6a10c783f/datanode-5/data/ratis] (custom)
2019-10-03 08:31:01,479 [pool-413-thread-1] INFO  server.RaftServerConfigKeys (ConfUtils.java:logGet(43)) - raft.server.sleep.deviation.threshold = 300 (default)
2019-10-03 08:31:01,480 [pool-433-thread-1] INFO  server.RaftServerConfigKeys (ConfUtils.java:logGet(43)) - raft.server.log.corruption.policy = EXCEPTION (default)
2019-10-03 08:31:01,480 [pool-413-thread-1] INFO  server.RaftServerConfigKeys (ConfUtils.java:logGet(43)) - raft.server.log.appender.install.snapshot.enabled = false (custom)
2019-10-03 08:31:01,480 [pool-433-thread-1] INFO  storage.RaftStorageDirectory (RaftStorageDirectory.java:analyzeStorage(246)) - The storage directory /workdir/hadoop-ozone/integration-test/target/test-dir/MiniOzoneClusterImpl-dbc006c8-6e38-4b9c-8623-68d6a10c783f/datanode-5/data/ratis/094ac4ea-87a0-4e9c-afb5-73141152da82 does not exist. Creating ...
2019-10-03 08:31:01,480 [pool-413-thread-1] INFO  impl.RaftServerImpl (ServerState.java:<init>(103)) - 30a64e9b-985d-4964-b544-8d3e40d29219@group-73141152DA82: ConfigurationManager, init=-1: [30a64e9b-985d-4964-b544-8d3e40d29219:192.168.151.98:45279, c931c312-2e95-4295-b950-dec7e7b275c0:192.168.151.98:37442, 59d4bb91-9fc5-42e8-8efc-b590ab97d065:192.168.151.98:40984], old=null, confs=<EMPTY_MAP>
2019-10-03 08:31:01,480 [pool-413-thread-1] INFO  server.RaftServerConfigKeys (ConfUtils.java:logGet(43)) - raft.server.storage.dir = [/workdir/hadoop-ozone/integration-test/target/test-dir/MiniOzoneClusterImpl-dbc006c8-6e38-4b9c-8623-68d6a10c783f/datanode-3/data/ratis] (custom)
2019-10-03 08:31:01,480 [pool-413-thread-1] INFO  server.RaftServerConfigKeys (ConfUtils.java:logGet(43)) - raft.server.log.corruption.policy = EXCEPTION (default)
2019-10-03 08:31:01,481 [pool-413-thread-1] INFO  storage.RaftStorageDirectory (RaftStorageDirectory.java:analyzeStorage(246)) - The storage directory /workdir/hadoop-ozone/integration-test/target/test-dir/MiniOzoneClusterImpl-dbc006c8-6e38-4b9c-8623-68d6a10c783f/datanode-3/data/ratis/094ac4ea-87a0-4e9c-afb5-73141152da82 does not exist. Creating ...
2019-10-03 08:31:01,483 [IPC Server handler 5 on 43207] INFO  net.NetworkTopology (NetworkTopologyImpl.java:add(111)) - Added a new node: /default-rack/be6de44b-445d-4432-b000-1d9dce3dfcc8
2019-10-03 08:31:01,483 [IPC Server handler 5 on 43207] INFO  node.SCMNodeManager (SCMNodeManager.java:register(266)) - Registered Data node : be6de44b-445d-4432-b000-1d9dce3dfcc8{ip: 192.168.151.98, host: pr-hdds2217-2mkdc-371598885, networkLocation: /default-rack, certSerialId: null}
2019-10-03 08:31:01,483 [main] INFO  ozone.MiniOzoneClusterImpl (MiniOzoneClusterImpl.java:lambda$waitForClusterToBeReady$0(147)) - Cluster is ready. Got 7 of 7 DN Heartbeats.
2019-10-03 08:31:01,492 [pool-433-thread-1] INFO  storage.RaftStorageDirectory (RaftStorageDirectory.java:tryLock(328)) - Lock on /workdir/hadoop-ozone/integration-test/target/test-dir/MiniOzoneClusterImpl-dbc006c8-6e38-4b9c-8623-68d6a10c783f/datanode-5/data/ratis/094ac4ea-87a0-4e9c-afb5-73141152da82/in_use.lock acquired by nodename 14310@pr-hdds2217-2mkdc-371598885
2019-10-03 08:31:01,492 [pool-413-thread-1] INFO  storage.RaftStorageDirectory (RaftStorageDirectory.java:tryLock(328)) - Lock on /workdir/hadoop-ozone/integration-test/target/test-dir/MiniOzoneClusterImpl-dbc006c8-6e38-4b9c-8623-68d6a10c783f/datanode-3/data/ratis/094ac4ea-87a0-4e9c-afb5-73141152da82/in_use.lock acquired by nodename 14310@pr-hdds2217-2mkdc-371598885
2019-10-03 08:31:01,492 [pool-423-thread-1] INFO  storage.RaftStorageDirectory (RaftStorageDirectory.java:tryLock(328)) - Lock on /workdir/hadoop-ozone/integration-test/target/test-dir/MiniOzoneClusterImpl-dbc006c8-6e38-4b9c-8623-68d6a10c783f/datanode-4/data/ratis/094ac4ea-87a0-4e9c-afb5-73141152da82/in_use.lock acquired by nodename 14310@pr-hdds2217-2mkdc-371598885
2019-10-03 08:31:01,511 [pool-423-thread-1] INFO  storage.RaftStorage (RaftStorage.java:format(84)) - Storage directory /workdir/hadoop-ozone/integration-test/target/test-dir/MiniOzoneClusterImpl-dbc006c8-6e38-4b9c-8623-68d6a10c783f/datanode-4/data/ratis/094ac4ea-87a0-4e9c-afb5-73141152da82 has been successfully formatted.
2019-10-03 08:31:01,511 [pool-413-thread-1] INFO  storage.RaftStorage (RaftStorage.java:format(84)) - Storage directory /workdir/hadoop-ozone/integration-test/target/test-dir/MiniOzoneClusterImpl-dbc006c8-6e38-4b9c-8623-68d6a10c783f/datanode-3/data/ratis/094ac4ea-87a0-4e9c-afb5-73141152da82 has been successfully formatted.
2019-10-03 08:31:01,511 [pool-433-thread-1] INFO  storage.RaftStorage (RaftStorage.java:format(84)) - Storage directory /workdir/hadoop-ozone/integration-test/target/test-dir/MiniOzoneClusterImpl-dbc006c8-6e38-4b9c-8623-68d6a10c783f/datanode-5/data/ratis/094ac4ea-87a0-4e9c-afb5-73141152da82 has been successfully formatted.
2019-10-03 08:31:01,511 [pool-413-thread-1] INFO  ratis.ContainerStateMachine (ContainerStateMachine.java:loadSnapshot(230)) - group-73141152DA82: The snapshot info is null. Setting the last applied indexto:(t:0, i:~)
2019-10-03 08:31:01,511 [pool-423-thread-1] INFO  ratis.ContainerStateMachine (ContainerStateMachine.java:loadSnapshot(230)) - group-73141152DA82: The snapshot info is null. Setting the last applied indexto:(t:0, i:~)
2019-10-03 08:31:01,511 [pool-433-thread-1] INFO  ratis.ContainerStateMachine (ContainerStateMachine.java:loadSnapshot(230)) - group-73141152DA82: The snapshot info is null. Setting the last applied indexto:(t:0, i:~)
2019-10-03 08:31:01,511 [pool-413-thread-1] INFO  server.RaftServerConfigKeys (ConfUtils.java:logGet(43)) - raft.server.notification.no-leader.timeout = 120s (custom)
2019-10-03 08:31:01,515 [pool-433-thread-1] INFO  server.RaftServerConfigKeys (ConfUtils.java:logGet(43)) - raft.server.notification.no-leader.timeout = 120s (custom)
2019-10-03 08:31:01,511 [pool-423-thread-1] INFO  server.RaftServerConfigKeys (ConfUtils.java:logGet(43)) - raft.server.notification.no-leader.timeout = 120s (custom)
2019-10-03 08:31:01,516 [pool-433-thread-1] INFO  server.RaftServerConfigKeys (ConfUtils.java:logGet(43)) - raft.server.log.use.memory = false (default)
2019-10-03 08:31:01,515 [pool-413-thread-1] INFO  server.RaftServerConfigKeys (ConfUtils.java:logGet(43)) - raft.server.log.use.memory = false (default)
2019-10-03 08:31:01,516 [pool-433-thread-1] INFO  server.RaftServerConfigKeys (ConfUtils.java:logGet(43)) - raft.server.log.purge.gap = 1000000 (custom)
2019-10-03 08:31:01,516 [pool-423-thread-1] INFO  server.RaftServerConfigKeys (ConfUtils.java:logGet(43)) - raft.server.log.use.memory = false (default)
2019-10-03 08:31:01,516 [pool-433-thread-1] INFO  server.RaftServerConfigKeys (ConfUtils.java:logGet(43)) - raft.server.log.appender.buffer.byte-limit = 33554432 (custom)
2019-10-03 08:31:01,516 [pool-413-thread-1] INFO  server.RaftServerConfigKeys (ConfUtils.java:logGet(43)) - raft.server.log.purge.gap = 1000000 (custom)
2019-10-03 08:31:01,516 [pool-433-thread-1] INFO  server.RaftServerConfigKeys (ConfUtils.java:logGet(43)) - raft.server.log.segment.size.max = 1048576 (custom)
2019-10-03 08:31:01,516 [pool-423-thread-1] INFO  server.RaftServerConfigKeys (ConfUtils.java:logGet(43)) - raft.server.log.purge.gap = 1000000 (custom)
2019-10-03 08:31:01,517 [pool-433-thread-1] INFO  server.RaftServerConfigKeys (ConfUtils.java:logGet(43)) - raft.server.log.segment.cache.num.max = 2 (custom)
2019-10-03 08:31:01,516 [pool-413-thread-1] INFO  server.RaftServerConfigKeys (ConfUtils.java:logGet(43)) - raft.server.log.appender.buffer.byte-limit = 33554432 (custom)
2019-10-03 08:31:01,517 [pool-433-thread-1] INFO  segmented.SegmentedRaftLogWorker (SegmentedRaftLogWorker.java:<init>(173)) - new c931c312-2e95-4295-b950-dec7e7b275c0@group-73141152DA82-SegmentedRaftLogWorker for RaftStorage:Storage Directory /workdir/hadoop-ozone/integration-test/target/test-dir/MiniOzoneClusterImpl-dbc006c8-6e38-4b9c-8623-68d6a10c783f/datanode-5/data/ratis/094ac4ea-87a0-4e9c-afb5-73141152da82
2019-10-03 08:31:01,517 [pool-423-thread-1] INFO  server.RaftServerConfigKeys (ConfUtils.java:logGet(43)) - raft.server.log.appender.buffer.byte-limit = 33554432 (custom)
2019-10-03 08:31:01,517 [pool-433-thread-1] INFO  server.RaftServerConfigKeys (ConfUtils.java:logGet(43)) - raft.server.log.queue.byte-limit = 2147483647 (custom)
2019-10-03 08:31:01,517 [pool-413-thread-1] INFO  server.RaftServerConfigKeys (ConfUtils.java:logGet(43)) - raft.server.log.segment.size.max = 1048576 (custom)
2019-10-03 08:31:01,520 [pool-433-thread-1] INFO  server.RaftServerConfigKeys (ConfUtils.java:logGet(43)) - raft.server.log.queue.element-limit = 1024 (custom)
2019-10-03 08:31:01,517 [pool-423-thread-1] INFO  server.RaftServerConfigKeys (ConfUtils.java:logGet(43)) - raft.server.log.segment.size.max = 1048576 (custom)
2019-10-03 08:31:01,520 [pool-433-thread-1] INFO  server.RaftServerConfigKeys (ConfUtils.java:logGet(43)) - raft.server.log.segment.size.max = 1048576 (custom)
2019-10-03 08:31:01,520 [pool-413-thread-1] INFO  server.RaftServerConfigKeys (ConfUtils.java:logGet(43)) - raft.server.log.segment.cache.num.max = 2 (custom)
2019-10-03 08:31:01,525 [pool-433-thread-1] INFO  server.RaftServerConfigKeys (ConfUtils.java:logGet(43)) - raft.server.log.preallocated.size = 16384 (custom)
2019-10-03 08:31:01,525 [pool-423-thread-1] INFO  server.RaftServerConfigKeys (ConfUtils.java:logGet(43)) - raft.server.log.segment.cache.num.max = 2 (custom)
2019-10-03 08:31:01,525 [pool-433-thread-1] INFO  server.RaftServerConfigKeys (ConfUtils.java:logGet(43)) - raft.server.log.write.buffer.size = 33554432 (custom)
2019-10-03 08:31:01,525 [pool-413-thread-1] INFO  segmented.SegmentedRaftLogWorker (SegmentedRaftLogWorker.java:<init>(173)) - new 30a64e9b-985d-4964-b544-8d3e40d29219@group-73141152DA82-SegmentedRaftLogWorker for RaftStorage:Storage Directory /workdir/hadoop-ozone/integration-test/target/test-dir/MiniOzoneClusterImpl-dbc006c8-6e38-4b9c-8623-68d6a10c783f/datanode-3/data/ratis/094ac4ea-87a0-4e9c-afb5-73141152da82
2019-10-03 08:31:01,525 [pool-433-thread-1] INFO  server.RaftServerConfigKeys (ConfUtils.java:logGet(43)) - raft.server.log.force.sync.num = 128 (default)
2019-10-03 08:31:01,525 [pool-423-thread-1] INFO  segmented.SegmentedRaftLogWorker (SegmentedRaftLogWorker.java:<init>(173)) - new 59d4bb91-9fc5-42e8-8efc-b590ab97d065@group-73141152DA82-SegmentedRaftLogWorker for RaftStorage:Storage Directory /workdir/hadoop-ozone/integration-test/target/test-dir/MiniOzoneClusterImpl-dbc006c8-6e38-4b9c-8623-68d6a10c783f/datanode-4/data/ratis/094ac4ea-87a0-4e9c-afb5-73141152da82
2019-10-03 08:31:01,526 [pool-433-thread-1] INFO  server.RaftServerConfigKeys (ConfUtils.java:logGet(43)) - raft.server.log.statemachine.data.sync = true (default)
2019-10-03 08:31:01,525 [pool-413-thread-1] INFO  server.RaftServerConfigKeys (ConfUtils.java:logGet(43)) - raft.server.log.queue.byte-limit = 2147483647 (custom)
2019-10-03 08:31:01,526 [pool-433-thread-1] INFO  server.RaftServerConfigKeys (ConfUtils.java:logGet(43)) - raft.server.log.statemachine.data.sync.timeout = 10s (default)
2019-10-03 08:31:01,526 [main] INFO  rpc.RpcClient (RpcClient.java:createVolume(277)) - Creating Volume: watchforcommithandlingtest, with jenkins1000 as owner.
2019-10-03 08:31:01,526 [pool-423-thread-1] INFO  server.RaftServerConfigKeys (ConfUtils.java:logGet(43)) - raft.server.log.queue.byte-limit = 2147483647 (custom)
2019-10-03 08:31:01,526 [pool-433-thread-1] INFO  server.RaftServerConfigKeys (ConfUtils.java:logGet(43)) - raft.server.log.statemachine.data.sync.timeout.retry = -1 (default)
2019-10-03 08:31:01,526 [pool-413-thread-1] INFO  server.RaftServerConfigKeys (ConfUtils.java:logGet(43)) - raft.server.log.queue.element-limit = 1024 (custom)
2019-10-03 08:31:01,527 [pool-433-thread-1] INFO  server.RaftServerConfigKeys (ConfUtils.java:logGet(43)) - raft.server.log.statemachine.data.caching.enabled = true (custom)
2019-10-03 08:31:01,526 [pool-423-thread-1] INFO  server.RaftServerConfigKeys (ConfUtils.java:logGet(43)) - raft.server.log.queue.element-limit = 1024 (custom)
2019-10-03 08:31:01,527 [pool-413-thread-1] INFO  server.RaftServerConfigKeys (ConfUtils.java:logGet(43)) - raft.server.log.segment.size.max = 1048576 (custom)
2019-10-03 08:31:01,527 [pool-433-thread-1] INFO  segmented.SegmentedRaftLogWorker (SegmentedRaftLogWorker.java:lambda$new$0(128)) - c931c312-2e95-4295-b950-dec7e7b275c0@group-73141152DA82-SegmentedRaftLogWorker: flushIndex: setUnconditionally 0 -> -1
2019-10-03 08:31:01,527 [pool-423-thread-1] INFO  server.RaftServerConfigKeys (ConfUtils.java:logGet(43)) - raft.server.log.segment.size.max = 1048576 (custom)
2019-10-03 08:31:01,527 [pool-413-thread-1] INFO  server.RaftServerConfigKeys (ConfUtils.java:logGet(43)) - raft.server.log.preallocated.size = 16384 (custom)
2019-10-03 08:31:01,527 [pool-433-thread-1] INFO  server.RaftServerConfigKeys (ConfUtils.java:logGet(43)) - raft.server.snapshot.auto.trigger.enabled = true (custom)
2019-10-03 08:31:01,527 [pool-423-thread-1] INFO  server.RaftServerConfigKeys (ConfUtils.java:logGet(43)) - raft.server.log.preallocated.size = 16384 (custom)
2019-10-03 08:31:01,528 [pool-433-thread-1] INFO  server.RaftServerConfigKeys (ConfUtils.java:logGet(43)) - raft.server.snapshot.auto.trigger.threshold = 10000 (custom)
2019-10-03 08:31:01,527 [pool-413-thread-1] INFO  server.RaftServerConfigKeys (ConfUtils.java:logGet(43)) - raft.server.log.write.buffer.size = 33554432 (custom)
2019-10-03 08:31:01,528 [pool-433-thread-1] INFO  server.RaftServerConfigKeys (ConfUtils.java:logGet(43)) - raft.server.snapshot.retention.file.num = 5 (custom)
2019-10-03 08:31:01,528 [pool-423-thread-1] INFO  server.RaftServerConfigKeys (ConfUtils.java:logGet(43)) - raft.server.log.write.buffer.size = 33554432 (custom)
2019-10-03 08:31:01,528 [pool-433-thread-1] INFO  server.RaftServerConfigKeys (ConfUtils.java:logGet(43)) - raft.server.retrycache.expirytime = 600000ms (custom)
2019-10-03 08:31:01,528 [pool-413-thread-1] INFO  server.RaftServerConfigKeys (ConfUtils.java:logGet(43)) - raft.server.log.force.sync.num = 128 (default)
2019-10-03 08:31:01,528 [IPC Server handler 1 on 43729] INFO  volume.OMVolumeCreateRequest (OMVolumeCreateRequest.java:validateAndUpdateCache(193)) - created volume:watchforcommithandlingtest for user:jenkins1000
2019-10-03 08:31:01,528 [pool-423-thread-1] INFO  server.RaftServerConfigKeys (ConfUtils.java:logGet(43)) - raft.server.log.force.sync.num = 128 (default)
2019-10-03 08:31:01,528 [pool-413-thread-1] INFO  server.RaftServerConfigKeys (ConfUtils.java:logGet(43)) - raft.server.log.statemachine.data.sync = true (default)
2019-10-03 08:31:01,528 [pool-423-thread-1] INFO  server.RaftServerConfigKeys (ConfUtils.java:logGet(43)) - raft.server.log.statemachine.data.sync = true (default)
2019-10-03 08:31:01,529 [pool-413-thread-1] INFO  server.RaftServerConfigKeys (ConfUtils.java:logGet(43)) - raft.server.log.statemachine.data.sync.timeout = 10s (default)
2019-10-03 08:31:01,529 [pool-423-thread-1] INFO  server.RaftServerConfigKeys (ConfUtils.java:logGet(43)) - raft.server.log.statemachine.data.sync.timeout = 10s (default)
2019-10-03 08:31:01,529 [pool-413-thread-1] INFO  server.RaftServerConfigKeys (ConfUtils.java:logGet(43)) - raft.server.log.statemachine.data.sync.timeout.retry = -1 (default)
2019-10-03 08:31:01,529 [pool-423-thread-1] INFO  server.RaftServerConfigKeys (ConfUtils.java:logGet(43)) - raft.server.log.statemachine.data.sync.timeout.retry = -1 (default)
2019-10-03 08:31:01,529 [pool-413-thread-1] INFO  server.RaftServerConfigKeys (ConfUtils.java:logGet(43)) - raft.server.log.statemachine.data.caching.enabled = true (custom)
2019-10-03 08:31:01,529 [pool-423-thread-1] INFO  server.RaftServerConfigKeys (ConfUtils.java:logGet(43)) - raft.server.log.statemachine.data.caching.enabled = true (custom)
2019-10-03 08:31:01,529 [pool-413-thread-1] INFO  segmented.SegmentedRaftLogWorker (SegmentedRaftLogWorker.java:lambda$new$0(128)) - 30a64e9b-985d-4964-b544-8d3e40d29219@group-73141152DA82-SegmentedRaftLogWorker: flushIndex: setUnconditionally 0 -> -1
2019-10-03 08:31:01,530 [pool-423-thread-1] INFO  segmented.SegmentedRaftLogWorker (SegmentedRaftLogWorker.java:lambda$new$0(128)) - 59d4bb91-9fc5-42e8-8efc-b590ab97d065@group-73141152DA82-SegmentedRaftLogWorker: flushIndex: setUnconditionally 0 -> -1
2019-10-03 08:31:01,530 [pool-413-thread-1] INFO  server.RaftServerConfigKeys (ConfUtils.java:logGet(43)) - raft.server.snapshot.auto.trigger.enabled = true (custom)
2019-10-03 08:31:01,530 [pool-423-thread-1] INFO  server.RaftServerConfigKeys (ConfUtils.java:logGet(43)) - raft.server.snapshot.auto.trigger.enabled = true (custom)
2019-10-03 08:31:01,530 [pool-413-thread-1] INFO  server.RaftServerConfigKeys (ConfUtils.java:logGet(43)) - raft.server.snapshot.auto.trigger.threshold = 10000 (custom)
2019-10-03 08:31:01,530 [pool-423-thread-1] INFO  server.RaftServerConfigKeys (ConfUtils.java:logGet(43)) - raft.server.snapshot.auto.trigger.threshold = 10000 (custom)
2019-10-03 08:31:01,530 [pool-413-thread-1] INFO  server.RaftServerConfigKeys (ConfUtils.java:logGet(43)) - raft.server.snapshot.retention.file.num = 5 (custom)
2019-10-03 08:31:01,531 [pool-423-thread-1] INFO  server.RaftServerConfigKeys (ConfUtils.java:logGet(43)) - raft.server.snapshot.retention.file.num = 5 (custom)
2019-10-03 08:31:01,533 [pool-413-thread-1] INFO  server.RaftServerConfigKeys (ConfUtils.java:logGet(43)) - raft.server.retrycache.expirytime = 600000ms (custom)
2019-10-03 08:31:01,534 [pool-433-thread-1] INFO  impl.RaftServerImpl (RaftServerImpl.java:start(181)) - c931c312-2e95-4295-b950-dec7e7b275c0@group-73141152DA82: start as a follower, conf=-1: [30a64e9b-985d-4964-b544-8d3e40d29219:192.168.151.98:45279, c931c312-2e95-4295-b950-dec7e7b275c0:192.168.151.98:37442, 59d4bb91-9fc5-42e8-8efc-b590ab97d065:192.168.151.98:40984], old=null
2019-10-03 08:31:01,533 [pool-423-thread-1] INFO  server.RaftServerConfigKeys (ConfUtils.java:logGet(43)) - raft.server.retrycache.expirytime = 600000ms (custom)
2019-10-03 08:31:01,534 [pool-433-thread-1] INFO  impl.RaftServerImpl (RaftServerImpl.java:setRole(170)) - c931c312-2e95-4295-b950-dec7e7b275c0@group-73141152DA82: changes role from      null to FOLLOWER at term 0 for startAsFollower
2019-10-03 08:31:01,534 [pool-433-thread-1] INFO  impl.RoleInfo (RoleInfo.java:updateAndGet(143)) - c931c312-2e95-4295-b950-dec7e7b275c0: start FollowerState
2019-10-03 08:31:01,544 [main] INFO  rpc.RpcClient (RpcClient.java:createBucket(416)) - Creating Bucket: watchforcommithandlingtest/watchforcommithandlingtest, with Versioning false and Storage Type set to DISK and Encryption set to false 
2019-10-03 08:31:01,544 [pool-433-thread-1] INFO  util.JmxRegister (JmxRegister.java:tryRegister(44)) - Successfully registered JMX Bean with object name Ratis:service=RaftServer,group=group-73141152DA82,id=c931c312-2e95-4295-b950-dec7e7b275c0
2019-10-03 08:31:01,545 [pool-413-thread-1] INFO  impl.RaftServerImpl (RaftServerImpl.java:start(181)) - 30a64e9b-985d-4964-b544-8d3e40d29219@group-73141152DA82: start as a follower, conf=-1: [30a64e9b-985d-4964-b544-8d3e40d29219:192.168.151.98:45279, c931c312-2e95-4295-b950-dec7e7b275c0:192.168.151.98:37442, 59d4bb91-9fc5-42e8-8efc-b590ab97d065:192.168.151.98:40984], old=null
2019-10-03 08:31:01,545 [pool-413-thread-1] INFO  impl.RaftServerImpl (RaftServerImpl.java:setRole(170)) - 30a64e9b-985d-4964-b544-8d3e40d29219@group-73141152DA82: changes role from      null to FOLLOWER at term 0 for startAsFollower
2019-10-03 08:31:01,545 [pool-413-thread-1] INFO  impl.RoleInfo (RoleInfo.java:updateAndGet(143)) - 30a64e9b-985d-4964-b544-8d3e40d29219: start FollowerState
2019-10-03 08:31:01,545 [pool-423-thread-1] INFO  impl.RaftServerImpl (RaftServerImpl.java:start(181)) - 59d4bb91-9fc5-42e8-8efc-b590ab97d065@group-73141152DA82: start as a follower, conf=-1: [30a64e9b-985d-4964-b544-8d3e40d29219:192.168.151.98:45279, c931c312-2e95-4295-b950-dec7e7b275c0:192.168.151.98:37442, 59d4bb91-9fc5-42e8-8efc-b590ab97d065:192.168.151.98:40984], old=null
2019-10-03 08:31:01,545 [pool-413-thread-1] INFO  util.JmxRegister (JmxRegister.java:tryRegister(44)) - Successfully registered JMX Bean with object name Ratis:service=RaftServer,group=group-73141152DA82,id=30a64e9b-985d-4964-b544-8d3e40d29219
2019-10-03 08:31:01,545 [pool-423-thread-1] INFO  impl.RaftServerImpl (RaftServerImpl.java:setRole(170)) - 59d4bb91-9fc5-42e8-8efc-b590ab97d065@group-73141152DA82: changes role from      null to FOLLOWER at term 0 for startAsFollower
2019-10-03 08:31:01,545 [pool-423-thread-1] INFO  impl.RoleInfo (RoleInfo.java:updateAndGet(143)) - 59d4bb91-9fc5-42e8-8efc-b590ab97d065: start FollowerState
2019-10-03 08:31:01,546 [pool-423-thread-1] INFO  util.JmxRegister (JmxRegister.java:tryRegister(44)) - Successfully registered JMX Bean with object name Ratis:service=RaftServer,group=group-73141152DA82,id=59d4bb91-9fc5-42e8-8efc-b590ab97d065
2019-10-03 08:31:01,549 [main] INFO  ozone.MiniOzoneClusterImpl (MiniOzoneClusterImpl.java:getStorageContainerLocationClient(234)) - Creating StorageContainerLocationProtocol RPC client with address /0.0.0.0:40186
2019-10-03 08:31:01,559 [RatisPipelineUtilsThread] INFO  pipeline.PipelineStateManager (PipelineStateManager.java:addPipeline(56)) - Created pipeline Pipeline[ Id: 094ac4ea-87a0-4e9c-afb5-73141152da82, Nodes: 30a64e9b-985d-4964-b544-8d3e40d29219{ip: 192.168.151.98, host: pr-hdds2217-2mkdc-371598885, networkLocation: /default-rack, certSerialId: null}59d4bb91-9fc5-42e8-8efc-b590ab97d065{ip: 192.168.151.98, host: pr-hdds2217-2mkdc-371598885, networkLocation: /default-rack, certSerialId: null}c931c312-2e95-4295-b950-dec7e7b275c0{ip: 192.168.151.98, host: pr-hdds2217-2mkdc-371598885, networkLocation: /default-rack, certSerialId: null}, Type:RATIS, Factor:THREE, State:OPEN]
2019-10-03 08:31:02,725 [grpc-default-executor-7] WARN  server.GrpcLogAppender (LogUtils.java:warn(134)) - e99ec86c-eb11-4984-811e-cb8f4c6ed7f5@group-269E35724743->027d15f8-0321-42a1-b7d1-02f58cd1cf17-AppendLogResponseHandler: Failed appendEntries: org.apache.ratis.thirdparty.io.grpc.StatusRuntimeException: UNAVAILABLE: io exception
2019-10-03 08:31:02,725 [grpc-default-executor-2] WARN  server.GrpcLogAppender (LogUtils.java:warn(134)) - e99ec86c-eb11-4984-811e-cb8f4c6ed7f5@group-269E35724743->f69a3bb4-5ce3-4f3a-a5ec-57530bf8bb38-AppendLogResponseHandler: Failed appendEntries: org.apache.ratis.thirdparty.io.grpc.StatusRuntimeException: UNAVAILABLE: io exception
2019-10-03 08:31:02,731 [grpc-default-executor-7] INFO  impl.FollowerInfo (FollowerInfo.java:lambda$new$0(51)) - e99ec86c-eb11-4984-811e-cb8f4c6ed7f5@group-269E35724743->027d15f8-0321-42a1-b7d1-02f58cd1cf17: nextIndex: updateUnconditionally 0 -> 0
2019-10-03 08:31:02,731 [grpc-default-executor-2] INFO  impl.FollowerInfo (FollowerInfo.java:lambda$new$0(51)) - e99ec86c-eb11-4984-811e-cb8f4c6ed7f5@group-269E35724743->f69a3bb4-5ce3-4f3a-a5ec-57530bf8bb38: nextIndex: updateUnconditionally 0 -> 0
2019-10-03 08:31:03,937 [Thread-2297] INFO  container.ReplicationManager (ReplicationManager.java:start(162)) - Starting Replication Monitor Thread.
2019-10-03 08:31:03,944 [ReplicationMonitor] INFO  container.ReplicationManager (ReplicationManager.java:run(225)) - Replication Monitor Thread took 0 milliseconds for processing 1 containers.
2019-10-03 08:31:05,226 [grpc-default-executor-6] WARN  server.GrpcLogAppender (LogUtils.java:warn(134)) - e99ec86c-eb11-4984-811e-cb8f4c6ed7f5@group-269E35724743->027d15f8-0321-42a1-b7d1-02f58cd1cf17-AppendLogResponseHandler: Failed appendEntries: org.apache.ratis.thirdparty.io.grpc.StatusRuntimeException: UNAVAILABLE: io exception
2019-10-03 08:31:05,226 [grpc-default-executor-7] WARN  server.GrpcLogAppender (LogUtils.java:warn(134)) - e99ec86c-eb11-4984-811e-cb8f4c6ed7f5@group-269E35724743->f69a3bb4-5ce3-4f3a-a5ec-57530bf8bb38-AppendLogResponseHandler: Failed appendEntries: org.apache.ratis.thirdparty.io.grpc.StatusRuntimeException: UNAVAILABLE: io exception
2019-10-03 08:31:05,226 [grpc-default-executor-6] INFO  impl.FollowerInfo (FollowerInfo.java:lambda$new$0(51)) - e99ec86c-eb11-4984-811e-cb8f4c6ed7f5@group-269E35724743->027d15f8-0321-42a1-b7d1-02f58cd1cf17: nextIndex: updateUnconditionally 0 -> 0
2019-10-03 08:31:05,226 [grpc-default-executor-7] INFO  impl.FollowerInfo (FollowerInfo.java:lambda$new$0(51)) - e99ec86c-eb11-4984-811e-cb8f4c6ed7f5@group-269E35724743->f69a3bb4-5ce3-4f3a-a5ec-57530bf8bb38: nextIndex: updateUnconditionally 0 -> 0
2019-10-03 08:31:06,029 [Thread-2299] INFO  impl.FollowerState (FollowerState.java:run(108)) - a0579777-64ad-43dd-9cc9-d89f7d8424a8@group-BDFDD53EC2F9-FollowerState: change to CANDIDATE, lastRpcTime:5051ms, electionTimeout:5051ms
2019-10-03 08:31:06,029 [Thread-2299] INFO  impl.RoleInfo (RoleInfo.java:shutdownFollowerState(121)) - a0579777-64ad-43dd-9cc9-d89f7d8424a8: shutdown FollowerState
2019-10-03 08:31:06,029 [Thread-2299] INFO  impl.RaftServerImpl (RaftServerImpl.java:setRole(170)) - a0579777-64ad-43dd-9cc9-d89f7d8424a8@group-BDFDD53EC2F9: changes role from  FOLLOWER to CANDIDATE at term 0 for changeToCandidate
2019-10-03 08:31:06,029 [Thread-2299] INFO  impl.RoleInfo (RoleInfo.java:updateAndGet(143)) - a0579777-64ad-43dd-9cc9-d89f7d8424a8: start LeaderElection
2019-10-03 08:31:06,058 [a0579777-64ad-43dd-9cc9-d89f7d8424a8@group-BDFDD53EC2F9-LeaderElection54] INFO  impl.LeaderElection (LeaderElection.java:askForVotes(178)) - a0579777-64ad-43dd-9cc9-d89f7d8424a8@group-BDFDD53EC2F9-LeaderElection54: begin an election at term 1 for -1: [a0579777-64ad-43dd-9cc9-d89f7d8424a8:192.168.151.98:46774], old=null
2019-10-03 08:31:06,058 [a0579777-64ad-43dd-9cc9-d89f7d8424a8@group-BDFDD53EC2F9-LeaderElection54] INFO  impl.RoleInfo (RoleInfo.java:shutdownLeaderElection(134)) - a0579777-64ad-43dd-9cc9-d89f7d8424a8: shutdown LeaderElection
2019-10-03 08:31:06,058 [a0579777-64ad-43dd-9cc9-d89f7d8424a8@group-BDFDD53EC2F9-LeaderElection54] INFO  impl.RaftServerImpl (RaftServerImpl.java:setRole(170)) - a0579777-64ad-43dd-9cc9-d89f7d8424a8@group-BDFDD53EC2F9: changes role from CANDIDATE to LEADER at term 1 for changeToLeader
2019-10-03 08:31:06,058 [a0579777-64ad-43dd-9cc9-d89f7d8424a8@group-BDFDD53EC2F9-LeaderElection54] INFO  impl.RaftServerImpl (ServerState.java:setLeader(255)) - a0579777-64ad-43dd-9cc9-d89f7d8424a8@group-BDFDD53EC2F9: change Leader from null to a0579777-64ad-43dd-9cc9-d89f7d8424a8 at term 1 for becomeLeader, leader elected after 5089ms
2019-10-03 08:31:06,059 [a0579777-64ad-43dd-9cc9-d89f7d8424a8@group-BDFDD53EC2F9-LeaderElection54] INFO  server.RaftServerConfigKeys (ConfUtils.java:logGet(43)) - raft.server.staging.catchup.gap = 1000 (default)
2019-10-03 08:31:06,059 [a0579777-64ad-43dd-9cc9-d89f7d8424a8@group-BDFDD53EC2F9-LeaderElection54] INFO  server.RaftServerConfigKeys (ConfUtils.java:logGet(43)) - raft.server.rpc.sleep.time = 25ms (default)
2019-10-03 08:31:06,059 [a0579777-64ad-43dd-9cc9-d89f7d8424a8@group-BDFDD53EC2F9-LeaderElection54] INFO  server.RaftServerConfigKeys (ConfUtils.java:logGet(43)) - raft.server.write.element-limit = 4096 (default)
2019-10-03 08:31:06,059 [a0579777-64ad-43dd-9cc9-d89f7d8424a8@group-BDFDD53EC2F9-LeaderElection54] INFO  server.RaftServerConfigKeys (ConfUtils.java:logGet(43)) - raft.server.watch.timeout = 10s (default)
2019-10-03 08:31:06,059 [a0579777-64ad-43dd-9cc9-d89f7d8424a8@group-BDFDD53EC2F9-LeaderElection54] INFO  server.RaftServerConfigKeys (ConfUtils.java:logGet(43)) - raft.server.watch.timeout.denomination = 1s (default)
2019-10-03 08:31:06,059 [a0579777-64ad-43dd-9cc9-d89f7d8424a8@group-BDFDD53EC2F9-LeaderElection54] INFO  server.RaftServerConfigKeys (ConfUtils.java:logGet(43)) - raft.server.watch.element-limit = 65536 (default)
2019-10-03 08:31:06,062 [a0579777-64ad-43dd-9cc9-d89f7d8424a8@group-BDFDD53EC2F9-LeaderElection54] INFO  impl.RoleInfo (RoleInfo.java:updateAndGet(143)) - a0579777-64ad-43dd-9cc9-d89f7d8424a8: start LeaderState
2019-10-03 08:31:06,062 [a0579777-64ad-43dd-9cc9-d89f7d8424a8@group-BDFDD53EC2F9-LeaderElection54] INFO  segmented.SegmentedRaftLogWorker (SegmentedRaftLogWorker.java:startLogSegment(385)) - a0579777-64ad-43dd-9cc9-d89f7d8424a8@group-BDFDD53EC2F9-SegmentedRaftLogWorker: Starting segment from index:0
2019-10-03 08:31:06,063 [a0579777-64ad-43dd-9cc9-d89f7d8424a8@group-BDFDD53EC2F9-LeaderElection54] INFO  impl.RaftServerImpl (ServerState.java:setRaftConf(356)) - a0579777-64ad-43dd-9cc9-d89f7d8424a8@group-BDFDD53EC2F9: set configuration 0: [a0579777-64ad-43dd-9cc9-d89f7d8424a8:192.168.151.98:46774], old=null at 0
2019-10-03 08:31:06,095 [a0579777-64ad-43dd-9cc9-d89f7d8424a8@group-BDFDD53EC2F9-SegmentedRaftLogWorker] INFO  segmented.SegmentedRaftLogWorker (SegmentedRaftLogWorker.java:execute(574)) - a0579777-64ad-43dd-9cc9-d89f7d8424a8@group-BDFDD53EC2F9-SegmentedRaftLogWorker: created new log segment /workdir/hadoop-ozone/integration-test/target/test-dir/MiniOzoneClusterImpl-dbc006c8-6e38-4b9c-8623-68d6a10c783f/datanode-0/data/ratis/6708ad44-55d5-4306-a0cf-bdfdd53ec2f9/current/log_inprogress_0
2019-10-03 08:31:06,107 [Thread-2304] INFO  impl.FollowerState (FollowerState.java:run(108)) - 018a42ba-2560-403a-9985-3e26b1a2fca3@group-63D403655ACD-FollowerState: change to CANDIDATE, lastRpcTime:5030ms, electionTimeout:5030ms
2019-10-03 08:31:06,107 [Thread-2304] INFO  impl.RoleInfo (RoleInfo.java:shutdownFollowerState(121)) - 018a42ba-2560-403a-9985-3e26b1a2fca3: shutdown FollowerState
2019-10-03 08:31:06,107 [Thread-2304] INFO  impl.RaftServerImpl (RaftServerImpl.java:setRole(170)) - 018a42ba-2560-403a-9985-3e26b1a2fca3@group-63D403655ACD: changes role from  FOLLOWER to CANDIDATE at term 0 for changeToCandidate
2019-10-03 08:31:06,108 [Thread-2304] INFO  impl.RoleInfo (RoleInfo.java:updateAndGet(143)) - 018a42ba-2560-403a-9985-3e26b1a2fca3: start LeaderElection
2019-10-03 08:31:06,121 [018a42ba-2560-403a-9985-3e26b1a2fca3@group-63D403655ACD-LeaderElection55] INFO  impl.LeaderElection (LeaderElection.java:askForVotes(178)) - 018a42ba-2560-403a-9985-3e26b1a2fca3@group-63D403655ACD-LeaderElection55: begin an election at term 1 for -1: [018a42ba-2560-403a-9985-3e26b1a2fca3:192.168.151.98:45535], old=null
2019-10-03 08:31:06,121 [018a42ba-2560-403a-9985-3e26b1a2fca3@group-63D403655ACD-LeaderElection55] INFO  impl.RoleInfo (RoleInfo.java:shutdownLeaderElection(134)) - 018a42ba-2560-403a-9985-3e26b1a2fca3: shutdown LeaderElection
2019-10-03 08:31:06,121 [018a42ba-2560-403a-9985-3e26b1a2fca3@group-63D403655ACD-LeaderElection55] INFO  impl.RaftServerImpl (RaftServerImpl.java:setRole(170)) - 018a42ba-2560-403a-9985-3e26b1a2fca3@group-63D403655ACD: changes role from CANDIDATE to LEADER at term 1 for changeToLeader
2019-10-03 08:31:06,121 [018a42ba-2560-403a-9985-3e26b1a2fca3@group-63D403655ACD-LeaderElection55] INFO  impl.RaftServerImpl (ServerState.java:setLeader(255)) - 018a42ba-2560-403a-9985-3e26b1a2fca3@group-63D403655ACD: change Leader from null to 018a42ba-2560-403a-9985-3e26b1a2fca3 at term 1 for becomeLeader, leader elected after 5050ms
2019-10-03 08:31:06,122 [018a42ba-2560-403a-9985-3e26b1a2fca3@group-63D403655ACD-LeaderElection55] INFO  server.RaftServerConfigKeys (ConfUtils.java:logGet(43)) - raft.server.staging.catchup.gap = 1000 (default)
2019-10-03 08:31:06,122 [018a42ba-2560-403a-9985-3e26b1a2fca3@group-63D403655ACD-LeaderElection55] INFO  server.RaftServerConfigKeys (ConfUtils.java:logGet(43)) - raft.server.rpc.sleep.time = 25ms (default)
2019-10-03 08:31:06,122 [018a42ba-2560-403a-9985-3e26b1a2fca3@group-63D403655ACD-LeaderElection55] INFO  server.RaftServerConfigKeys (ConfUtils.java:logGet(43)) - raft.server.write.element-limit = 4096 (default)
2019-10-03 08:31:06,122 [018a42ba-2560-403a-9985-3e26b1a2fca3@group-63D403655ACD-LeaderElection55] INFO  server.RaftServerConfigKeys (ConfUtils.java:logGet(43)) - raft.server.watch.timeout = 10s (default)
2019-10-03 08:31:06,122 [018a42ba-2560-403a-9985-3e26b1a2fca3@group-63D403655ACD-LeaderElection55] INFO  server.RaftServerConfigKeys (ConfUtils.java:logGet(43)) - raft.server.watch.timeout.denomination = 1s (default)
2019-10-03 08:31:06,122 [018a42ba-2560-403a-9985-3e26b1a2fca3@group-63D403655ACD-LeaderElection55] INFO  server.RaftServerConfigKeys (ConfUtils.java:logGet(43)) - raft.server.watch.element-limit = 65536 (default)
2019-10-03 08:31:06,123 [018a42ba-2560-403a-9985-3e26b1a2fca3@group-63D403655ACD-LeaderElection55] INFO  impl.RoleInfo (RoleInfo.java:updateAndGet(143)) - 018a42ba-2560-403a-9985-3e26b1a2fca3: start LeaderState
2019-10-03 08:31:06,123 [018a42ba-2560-403a-9985-3e26b1a2fca3@group-63D403655ACD-LeaderElection55] INFO  segmented.SegmentedRaftLogWorker (SegmentedRaftLogWorker.java:startLogSegment(385)) - 018a42ba-2560-403a-9985-3e26b1a2fca3@group-63D403655ACD-SegmentedRaftLogWorker: Starting segment from index:0
2019-10-03 08:31:06,124 [018a42ba-2560-403a-9985-3e26b1a2fca3@group-63D403655ACD-LeaderElection55] INFO  impl.RaftServerImpl (ServerState.java:setRaftConf(356)) - 018a42ba-2560-403a-9985-3e26b1a2fca3@group-63D403655ACD: set configuration 0: [018a42ba-2560-403a-9985-3e26b1a2fca3:192.168.151.98:45535], old=null at 0
2019-10-03 08:31:06,155 [018a42ba-2560-403a-9985-3e26b1a2fca3@group-63D403655ACD-SegmentedRaftLogWorker] INFO  segmented.SegmentedRaftLogWorker (SegmentedRaftLogWorker.java:execute(574)) - 018a42ba-2560-403a-9985-3e26b1a2fca3@group-63D403655ACD-SegmentedRaftLogWorker: created new log segment /workdir/hadoop-ozone/integration-test/target/test-dir/MiniOzoneClusterImpl-dbc006c8-6e38-4b9c-8623-68d6a10c783f/datanode-1/data/ratis/cac841ed-da8d-4b14-b8fa-63d403655acd/current/log_inprogress_0
2019-10-03 08:31:06,224 [Thread-2307] INFO  impl.FollowerState (FollowerState.java:run(108)) - 3f80a612-2f76-4eb3-b73b-53e4707867d7@group-0097D52499D9-FollowerState: change to CANDIDATE, lastRpcTime:5064ms, electionTimeout:5064ms
2019-10-03 08:31:06,224 [Thread-2307] INFO  impl.RoleInfo (RoleInfo.java:shutdownFollowerState(121)) - 3f80a612-2f76-4eb3-b73b-53e4707867d7: shutdown FollowerState
2019-10-03 08:31:06,224 [Thread-2307] INFO  impl.RaftServerImpl (RaftServerImpl.java:setRole(170)) - 3f80a612-2f76-4eb3-b73b-53e4707867d7@group-0097D52499D9: changes role from  FOLLOWER to CANDIDATE at term 0 for changeToCandidate
2019-10-03 08:31:06,224 [Thread-2307] INFO  impl.RoleInfo (RoleInfo.java:updateAndGet(143)) - 3f80a612-2f76-4eb3-b73b-53e4707867d7: start LeaderElection
2019-10-03 08:31:06,249 [3f80a612-2f76-4eb3-b73b-53e4707867d7@group-0097D52499D9-LeaderElection56] INFO  impl.LeaderElection (LeaderElection.java:askForVotes(178)) - 3f80a612-2f76-4eb3-b73b-53e4707867d7@group-0097D52499D9-LeaderElection56: begin an election at term 1 for -1: [3f80a612-2f76-4eb3-b73b-53e4707867d7:192.168.151.98:35183], old=null
2019-10-03 08:31:06,250 [3f80a612-2f76-4eb3-b73b-53e4707867d7@group-0097D52499D9-LeaderElection56] INFO  impl.RoleInfo (RoleInfo.java:shutdownLeaderElection(134)) - 3f80a612-2f76-4eb3-b73b-53e4707867d7: shutdown LeaderElection
2019-10-03 08:31:06,250 [3f80a612-2f76-4eb3-b73b-53e4707867d7@group-0097D52499D9-LeaderElection56] INFO  impl.RaftServerImpl (RaftServerImpl.java:setRole(170)) - 3f80a612-2f76-4eb3-b73b-53e4707867d7@group-0097D52499D9: changes role from CANDIDATE to LEADER at term 1 for changeToLeader
2019-10-03 08:31:06,250 [3f80a612-2f76-4eb3-b73b-53e4707867d7@group-0097D52499D9-LeaderElection56] INFO  impl.RaftServerImpl (ServerState.java:setLeader(255)) - 3f80a612-2f76-4eb3-b73b-53e4707867d7@group-0097D52499D9: change Leader from null to 3f80a612-2f76-4eb3-b73b-53e4707867d7 at term 1 for becomeLeader, leader elected after 5096ms
2019-10-03 08:31:06,250 [3f80a612-2f76-4eb3-b73b-53e4707867d7@group-0097D52499D9-LeaderElection56] INFO  server.RaftServerConfigKeys (ConfUtils.java:logGet(43)) - raft.server.staging.catchup.gap = 1000 (default)
2019-10-03 08:31:06,250 [3f80a612-2f76-4eb3-b73b-53e4707867d7@group-0097D52499D9-LeaderElection56] INFO  server.RaftServerConfigKeys (ConfUtils.java:logGet(43)) - raft.server.rpc.sleep.time = 25ms (default)
2019-10-03 08:31:06,251 [3f80a612-2f76-4eb3-b73b-53e4707867d7@group-0097D52499D9-LeaderElection56] INFO  server.RaftServerConfigKeys (ConfUtils.java:logGet(43)) - raft.server.write.element-limit = 4096 (default)
2019-10-03 08:31:06,251 [3f80a612-2f76-4eb3-b73b-53e4707867d7@group-0097D52499D9-LeaderElection56] INFO  server.RaftServerConfigKeys (ConfUtils.java:logGet(43)) - raft.server.watch.timeout = 10s (default)
2019-10-03 08:31:06,251 [3f80a612-2f76-4eb3-b73b-53e4707867d7@group-0097D52499D9-LeaderElection56] INFO  server.RaftServerConfigKeys (ConfUtils.java:logGet(43)) - raft.server.watch.timeout.denomination = 1s (default)
2019-10-03 08:31:06,251 [3f80a612-2f76-4eb3-b73b-53e4707867d7@group-0097D52499D9-LeaderElection56] INFO  server.RaftServerConfigKeys (ConfUtils.java:logGet(43)) - raft.server.watch.element-limit = 65536 (default)
2019-10-03 08:31:06,254 [3f80a612-2f76-4eb3-b73b-53e4707867d7@group-0097D52499D9-LeaderElection56] INFO  impl.RoleInfo (RoleInfo.java:updateAndGet(143)) - 3f80a612-2f76-4eb3-b73b-53e4707867d7: start LeaderState
2019-10-03 08:31:06,254 [3f80a612-2f76-4eb3-b73b-53e4707867d7@group-0097D52499D9-LeaderElection56] INFO  segmented.SegmentedRaftLogWorker (SegmentedRaftLogWorker.java:startLogSegment(385)) - 3f80a612-2f76-4eb3-b73b-53e4707867d7@group-0097D52499D9-SegmentedRaftLogWorker: Starting segment from index:0
2019-10-03 08:31:06,255 [3f80a612-2f76-4eb3-b73b-53e4707867d7@group-0097D52499D9-LeaderElection56] INFO  impl.RaftServerImpl (ServerState.java:setRaftConf(356)) - 3f80a612-2f76-4eb3-b73b-53e4707867d7@group-0097D52499D9: set configuration 0: [3f80a612-2f76-4eb3-b73b-53e4707867d7:192.168.151.98:35183], old=null at 0
2019-10-03 08:31:06,281 [Thread-2312] INFO  impl.FollowerState (FollowerState.java:run(108)) - a0579777-64ad-43dd-9cc9-d89f7d8424a8@group-8E48EECBEEE0-FollowerState: change to CANDIDATE, lastRpcTime:5076ms, electionTimeout:5076ms
2019-10-03 08:31:06,281 [Thread-2312] INFO  impl.RoleInfo (RoleInfo.java:shutdownFollowerState(121)) - a0579777-64ad-43dd-9cc9-d89f7d8424a8: shutdown FollowerState
2019-10-03 08:31:06,281 [Thread-2312] INFO  impl.RaftServerImpl (RaftServerImpl.java:setRole(170)) - a0579777-64ad-43dd-9cc9-d89f7d8424a8@group-8E48EECBEEE0: changes role from  FOLLOWER to CANDIDATE at term 0 for changeToCandidate
2019-10-03 08:31:06,281 [Thread-2312] INFO  impl.RoleInfo (RoleInfo.java:updateAndGet(143)) - a0579777-64ad-43dd-9cc9-d89f7d8424a8: start LeaderElection
2019-10-03 08:31:06,301 [3f80a612-2f76-4eb3-b73b-53e4707867d7@group-0097D52499D9-SegmentedRaftLogWorker] INFO  segmented.SegmentedRaftLogWorker (SegmentedRaftLogWorker.java:execute(574)) - 3f80a612-2f76-4eb3-b73b-53e4707867d7@group-0097D52499D9-SegmentedRaftLogWorker: created new log segment /workdir/hadoop-ozone/integration-test/target/test-dir/MiniOzoneClusterImpl-dbc006c8-6e38-4b9c-8623-68d6a10c783f/datanode-2/data/ratis/2ff3a3d7-eae4-4146-98e3-0097d52499d9/current/log_inprogress_0
2019-10-03 08:31:06,301 [a0579777-64ad-43dd-9cc9-d89f7d8424a8@group-8E48EECBEEE0-LeaderElection57] INFO  impl.LeaderElection (LeaderElection.java:askForVotes(178)) - a0579777-64ad-43dd-9cc9-d89f7d8424a8@group-8E48EECBEEE0-LeaderElection57: begin an election at term 1 for -1: [a0579777-64ad-43dd-9cc9-d89f7d8424a8:192.168.151.98:46774, 018a42ba-2560-403a-9985-3e26b1a2fca3:192.168.151.98:45535, 3f80a612-2f76-4eb3-b73b-53e4707867d7:192.168.151.98:35183], old=null
2019-10-03 08:31:06,306 [grpc-default-executor-6] INFO  impl.RaftServerImpl (RaftServerImpl.java:setRole(170)) - 018a42ba-2560-403a-9985-3e26b1a2fca3@group-8E48EECBEEE0: changes role from  FOLLOWER to FOLLOWER at term 1 for recognizeCandidate:a0579777-64ad-43dd-9cc9-d89f7d8424a8
2019-10-03 08:31:06,306 [grpc-default-executor-6] INFO  impl.RoleInfo (RoleInfo.java:shutdownFollowerState(121)) - 018a42ba-2560-403a-9985-3e26b1a2fca3: shutdown FollowerState
2019-10-03 08:31:06,306 [grpc-default-executor-6] INFO  impl.RoleInfo (RoleInfo.java:updateAndGet(143)) - 018a42ba-2560-403a-9985-3e26b1a2fca3: start FollowerState
2019-10-03 08:31:06,306 [Thread-2314] INFO  impl.FollowerState (FollowerState.java:run(117)) - 018a42ba-2560-403a-9985-3e26b1a2fca3@group-8E48EECBEEE0-FollowerState was interrupted: java.lang.InterruptedException: sleep interrupted
2019-10-03 08:31:06,306 [grpc-default-executor-7] INFO  impl.RaftServerImpl (RaftServerImpl.java:setRole(170)) - 3f80a612-2f76-4eb3-b73b-53e4707867d7@group-8E48EECBEEE0: changes role from  FOLLOWER to FOLLOWER at term 1 for recognizeCandidate:a0579777-64ad-43dd-9cc9-d89f7d8424a8
2019-10-03 08:31:06,309 [grpc-default-executor-7] INFO  impl.RoleInfo (RoleInfo.java:shutdownFollowerState(121)) - 3f80a612-2f76-4eb3-b73b-53e4707867d7: shutdown FollowerState
2019-10-03 08:31:06,309 [grpc-default-executor-7] INFO  impl.RoleInfo (RoleInfo.java:updateAndGet(143)) - 3f80a612-2f76-4eb3-b73b-53e4707867d7: start FollowerState
2019-10-03 08:31:06,309 [Thread-2313] INFO  impl.FollowerState (FollowerState.java:run(117)) - 3f80a612-2f76-4eb3-b73b-53e4707867d7@group-8E48EECBEEE0-FollowerState was interrupted: java.lang.InterruptedException: sleep interrupted
2019-10-03 08:31:06,338 [a0579777-64ad-43dd-9cc9-d89f7d8424a8@group-8E48EECBEEE0-LeaderElection57] INFO  impl.LeaderElection (LeaderElection.java:logAndReturn(56)) - a0579777-64ad-43dd-9cc9-d89f7d8424a8@group-8E48EECBEEE0-LeaderElection57: Election PASSED; received 1 response(s) [a0579777-64ad-43dd-9cc9-d89f7d8424a8<-018a42ba-2560-403a-9985-3e26b1a2fca3#0:OK-t1] and 0 exception(s); a0579777-64ad-43dd-9cc9-d89f7d8424a8@group-8E48EECBEEE0:t1, leader=null, voted=a0579777-64ad-43dd-9cc9-d89f7d8424a8, raftlog=a0579777-64ad-43dd-9cc9-d89f7d8424a8@group-8E48EECBEEE0-SegmentedRaftLog:OPENED:c-1,f-1,i0, conf=-1: [a0579777-64ad-43dd-9cc9-d89f7d8424a8:192.168.151.98:46774, 018a42ba-2560-403a-9985-3e26b1a2fca3:192.168.151.98:45535, 3f80a612-2f76-4eb3-b73b-53e4707867d7:192.168.151.98:35183], old=null
2019-10-03 08:31:06,338 [a0579777-64ad-43dd-9cc9-d89f7d8424a8@group-8E48EECBEEE0-LeaderElection57] INFO  impl.RoleInfo (RoleInfo.java:shutdownLeaderElection(134)) - a0579777-64ad-43dd-9cc9-d89f7d8424a8: shutdown LeaderElection
2019-10-03 08:31:06,338 [a0579777-64ad-43dd-9cc9-d89f7d8424a8@group-8E48EECBEEE0-LeaderElection57] INFO  impl.RaftServerImpl (RaftServerImpl.java:setRole(170)) - a0579777-64ad-43dd-9cc9-d89f7d8424a8@group-8E48EECBEEE0: changes role from CANDIDATE to LEADER at term 1 for changeToLeader
2019-10-03 08:31:06,339 [a0579777-64ad-43dd-9cc9-d89f7d8424a8@group-8E48EECBEEE0-LeaderElection57] INFO  impl.RaftServerImpl (ServerState.java:setLeader(255)) - a0579777-64ad-43dd-9cc9-d89f7d8424a8@group-8E48EECBEEE0: change Leader from null to a0579777-64ad-43dd-9cc9-d89f7d8424a8 at term 1 for becomeLeader, leader elected after 5143ms
2019-10-03 08:31:06,339 [a0579777-64ad-43dd-9cc9-d89f7d8424a8@group-8E48EECBEEE0-LeaderElection57] INFO  server.RaftServerConfigKeys (ConfUtils.java:logGet(43)) - raft.server.staging.catchup.gap = 1000 (default)
2019-10-03 08:31:06,339 [a0579777-64ad-43dd-9cc9-d89f7d8424a8@group-8E48EECBEEE0-LeaderElection57] INFO  server.RaftServerConfigKeys (ConfUtils.java:logGet(43)) - raft.server.rpc.sleep.time = 25ms (default)
2019-10-03 08:31:06,339 [a0579777-64ad-43dd-9cc9-d89f7d8424a8@group-8E48EECBEEE0-LeaderElection57] INFO  server.RaftServerConfigKeys (ConfUtils.java:logGet(43)) - raft.server.write.element-limit = 4096 (default)
2019-10-03 08:31:06,340 [a0579777-64ad-43dd-9cc9-d89f7d8424a8@group-8E48EECBEEE0-LeaderElection57] INFO  server.RaftServerConfigKeys (ConfUtils.java:logGet(43)) - raft.server.watch.timeout = 10s (default)
2019-10-03 08:31:06,340 [a0579777-64ad-43dd-9cc9-d89f7d8424a8@group-8E48EECBEEE0-LeaderElection57] INFO  server.RaftServerConfigKeys (ConfUtils.java:logGet(43)) - raft.server.watch.timeout.denomination = 1s (default)
2019-10-03 08:31:06,340 [a0579777-64ad-43dd-9cc9-d89f7d8424a8@group-8E48EECBEEE0-LeaderElection57] INFO  server.RaftServerConfigKeys (ConfUtils.java:logGet(43)) - raft.server.watch.element-limit = 65536 (default)
2019-10-03 08:31:06,343 [a0579777-64ad-43dd-9cc9-d89f7d8424a8@group-8E48EECBEEE0-LeaderElection57] INFO  server.RaftServerConfigKeys (ConfUtils.java:logGet(43)) - raft.server.log.appender.snapshot.chunk.size.max = 16MB (=16777216) (default)
2019-10-03 08:31:06,343 [a0579777-64ad-43dd-9cc9-d89f7d8424a8@group-8E48EECBEEE0-LeaderElection57] INFO  server.RaftServerConfigKeys (ConfUtils.java:logGet(43)) - raft.server.log.appender.buffer.byte-limit = 33554432 (custom)
2019-10-03 08:31:06,343 [a0579777-64ad-43dd-9cc9-d89f7d8424a8@group-8E48EECBEEE0-LeaderElection57] INFO  server.RaftServerConfigKeys (ConfUtils.java:logGet(43)) - raft.server.log.appender.buffer.element-limit = 1 (custom)
2019-10-03 08:31:06,344 [a0579777-64ad-43dd-9cc9-d89f7d8424a8@group-8E48EECBEEE0-LeaderElection57] INFO  grpc.GrpcConfigKeys$Server (ConfUtils.java:logGet(43)) - raft.grpc.server.leader.outstanding.appends.max = 128 (default)
2019-10-03 08:31:06,344 [a0579777-64ad-43dd-9cc9-d89f7d8424a8@group-8E48EECBEEE0-LeaderElection57] INFO  server.RaftServerConfigKeys (ConfUtils.java:logGet(43)) - raft.server.rpc.request.timeout = 3000ms (default)
2019-10-03 08:31:06,344 [a0579777-64ad-43dd-9cc9-d89f7d8424a8@group-8E48EECBEEE0-LeaderElection57] INFO  server.RaftServerConfigKeys (ConfUtils.java:logGet(43)) - raft.server.log.appender.install.snapshot.enabled = false (custom)
2019-10-03 08:31:06,344 [a0579777-64ad-43dd-9cc9-d89f7d8424a8@group-8E48EECBEEE0-LeaderElection57] INFO  server.RaftServerConfigKeys (ConfUtils.java:logGet(43)) - raft.server.log.appender.snapshot.chunk.size.max = 16MB (=16777216) (default)
2019-10-03 08:31:06,345 [a0579777-64ad-43dd-9cc9-d89f7d8424a8@group-8E48EECBEEE0-LeaderElection57] INFO  server.RaftServerConfigKeys (ConfUtils.java:logGet(43)) - raft.server.log.appender.buffer.byte-limit = 33554432 (custom)
2019-10-03 08:31:06,345 [a0579777-64ad-43dd-9cc9-d89f7d8424a8@group-8E48EECBEEE0-LeaderElection57] INFO  server.RaftServerConfigKeys (ConfUtils.java:logGet(43)) - raft.server.log.appender.buffer.element-limit = 1 (custom)
2019-10-03 08:31:06,345 [a0579777-64ad-43dd-9cc9-d89f7d8424a8@group-8E48EECBEEE0-LeaderElection57] INFO  grpc.GrpcConfigKeys$Server (ConfUtils.java:logGet(43)) - raft.grpc.server.leader.outstanding.appends.max = 128 (default)
2019-10-03 08:31:06,345 [a0579777-64ad-43dd-9cc9-d89f7d8424a8@group-8E48EECBEEE0-LeaderElection57] INFO  server.RaftServerConfigKeys (ConfUtils.java:logGet(43)) - raft.server.rpc.request.timeout = 3000ms (default)
2019-10-03 08:31:06,345 [a0579777-64ad-43dd-9cc9-d89f7d8424a8@group-8E48EECBEEE0-LeaderElection57] INFO  server.RaftServerConfigKeys (ConfUtils.java:logGet(43)) - raft.server.log.appender.install.snapshot.enabled = false (custom)
2019-10-03 08:31:06,346 [a0579777-64ad-43dd-9cc9-d89f7d8424a8@group-8E48EECBEEE0-LeaderElection57] INFO  impl.RoleInfo (RoleInfo.java:updateAndGet(143)) - a0579777-64ad-43dd-9cc9-d89f7d8424a8: start LeaderState
2019-10-03 08:31:06,346 [a0579777-64ad-43dd-9cc9-d89f7d8424a8@group-8E48EECBEEE0-LeaderElection57] INFO  segmented.SegmentedRaftLogWorker (SegmentedRaftLogWorker.java:startLogSegment(385)) - a0579777-64ad-43dd-9cc9-d89f7d8424a8@group-8E48EECBEEE0-SegmentedRaftLogWorker: Starting segment from index:0
2019-10-03 08:31:06,347 [a0579777-64ad-43dd-9cc9-d89f7d8424a8@group-8E48EECBEEE0-LeaderElection57] INFO  impl.RaftServerImpl (ServerState.java:setRaftConf(356)) - a0579777-64ad-43dd-9cc9-d89f7d8424a8@group-8E48EECBEEE0: set configuration 0: [a0579777-64ad-43dd-9cc9-d89f7d8424a8:192.168.151.98:46774, 018a42ba-2560-403a-9985-3e26b1a2fca3:192.168.151.98:45535, 3f80a612-2f76-4eb3-b73b-53e4707867d7:192.168.151.98:35183], old=null at 0
2019-10-03 08:31:06,374 [grpc-default-executor-7] INFO  impl.RaftServerImpl (ServerState.java:setLeader(255)) - 018a42ba-2560-403a-9985-3e26b1a2fca3@group-8E48EECBEEE0: change Leader from null to a0579777-64ad-43dd-9cc9-d89f7d8424a8 at term 1 for appendEntries, leader elected after 5180ms
2019-10-03 08:31:06,405 [Thread-2319] INFO  impl.FollowerState (FollowerState.java:run(108)) - 30a64e9b-985d-4964-b544-8d3e40d29219@group-8D8B55F35F5E-FollowerState: change to CANDIDATE, lastRpcTime:5060ms, electionTimeout:5048ms
2019-10-03 08:31:06,405 [a0579777-64ad-43dd-9cc9-d89f7d8424a8@group-8E48EECBEEE0-SegmentedRaftLogWorker] INFO  segmented.SegmentedRaftLogWorker (SegmentedRaftLogWorker.java:execute(574)) - a0579777-64ad-43dd-9cc9-d89f7d8424a8@group-8E48EECBEEE0-SegmentedRaftLogWorker: created new log segment /workdir/hadoop-ozone/integration-test/target/test-dir/MiniOzoneClusterImpl-dbc006c8-6e38-4b9c-8623-68d6a10c783f/datanode-0/data/ratis/86d3518b-e3d0-425a-9834-8e48eecbeee0/current/log_inprogress_0
2019-10-03 08:31:06,405 [Thread-2319] INFO  impl.RoleInfo (RoleInfo.java:shutdownFollowerState(121)) - 30a64e9b-985d-4964-b544-8d3e40d29219: shutdown FollowerState
2019-10-03 08:31:06,405 [Thread-2319] INFO  impl.RaftServerImpl (RaftServerImpl.java:setRole(170)) - 30a64e9b-985d-4964-b544-8d3e40d29219@group-8D8B55F35F5E: changes role from  FOLLOWER to CANDIDATE at term 0 for changeToCandidate
2019-10-03 08:31:06,405 [Thread-2319] INFO  impl.RoleInfo (RoleInfo.java:updateAndGet(143)) - 30a64e9b-985d-4964-b544-8d3e40d29219: start LeaderElection
2019-10-03 08:31:06,405 [grpc-default-executor-7] INFO  impl.RaftServerImpl (ServerState.java:setLeader(255)) - 3f80a612-2f76-4eb3-b73b-53e4707867d7@group-8E48EECBEEE0: change Leader from null to a0579777-64ad-43dd-9cc9-d89f7d8424a8 at term 1 for appendEntries, leader elected after 5212ms
2019-10-03 08:31:06,423 [grpc-default-executor-7] INFO  impl.RaftServerImpl (ServerState.java:setRaftConf(356)) - 018a42ba-2560-403a-9985-3e26b1a2fca3@group-8E48EECBEEE0: set configuration 0: [a0579777-64ad-43dd-9cc9-d89f7d8424a8:192.168.151.98:46774, 018a42ba-2560-403a-9985-3e26b1a2fca3:192.168.151.98:45535, 3f80a612-2f76-4eb3-b73b-53e4707867d7:192.168.151.98:35183], old=null at 0
2019-10-03 08:31:06,424 [grpc-default-executor-6] INFO  impl.RaftServerImpl (ServerState.java:setRaftConf(356)) - 3f80a612-2f76-4eb3-b73b-53e4707867d7@group-8E48EECBEEE0: set configuration 0: [a0579777-64ad-43dd-9cc9-d89f7d8424a8:192.168.151.98:46774, 018a42ba-2560-403a-9985-3e26b1a2fca3:192.168.151.98:45535, 3f80a612-2f76-4eb3-b73b-53e4707867d7:192.168.151.98:35183], old=null at 0
2019-10-03 08:31:06,424 [grpc-default-executor-7] INFO  segmented.SegmentedRaftLogWorker (SegmentedRaftLogWorker.java:startLogSegment(385)) - 018a42ba-2560-403a-9985-3e26b1a2fca3@group-8E48EECBEEE0-SegmentedRaftLogWorker: Starting segment from index:0
2019-10-03 08:31:06,424 [grpc-default-executor-6] INFO  segmented.SegmentedRaftLogWorker (SegmentedRaftLogWorker.java:startLogSegment(385)) - 3f80a612-2f76-4eb3-b73b-53e4707867d7@group-8E48EECBEEE0-SegmentedRaftLogWorker: Starting segment from index:0
2019-10-03 08:31:06,436 [30a64e9b-985d-4964-b544-8d3e40d29219@group-8D8B55F35F5E-LeaderElection58] INFO  impl.LeaderElection (LeaderElection.java:askForVotes(178)) - 30a64e9b-985d-4964-b544-8d3e40d29219@group-8D8B55F35F5E-LeaderElection58: begin an election at term 1 for -1: [30a64e9b-985d-4964-b544-8d3e40d29219:192.168.151.98:45279], old=null
2019-10-03 08:31:06,436 [30a64e9b-985d-4964-b544-8d3e40d29219@group-8D8B55F35F5E-LeaderElection58] INFO  impl.RoleInfo (RoleInfo.java:shutdownLeaderElection(134)) - 30a64e9b-985d-4964-b544-8d3e40d29219: shutdown LeaderElection
2019-10-03 08:31:06,436 [30a64e9b-985d-4964-b544-8d3e40d29219@group-8D8B55F35F5E-LeaderElection58] INFO  impl.RaftServerImpl (RaftServerImpl.java:setRole(170)) - 30a64e9b-985d-4964-b544-8d3e40d29219@group-8D8B55F35F5E: changes role from CANDIDATE to LEADER at term 1 for changeToLeader
2019-10-03 08:31:06,436 [30a64e9b-985d-4964-b544-8d3e40d29219@group-8D8B55F35F5E-LeaderElection58] INFO  impl.RaftServerImpl (ServerState.java:setLeader(255)) - 30a64e9b-985d-4964-b544-8d3e40d29219@group-8D8B55F35F5E: change Leader from null to 30a64e9b-985d-4964-b544-8d3e40d29219 at term 1 for becomeLeader, leader elected after 5098ms
2019-10-03 08:31:06,436 [30a64e9b-985d-4964-b544-8d3e40d29219@group-8D8B55F35F5E-LeaderElection58] INFO  server.RaftServerConfigKeys (ConfUtils.java:logGet(43)) - raft.server.staging.catchup.gap = 1000 (default)
2019-10-03 08:31:06,437 [30a64e9b-985d-4964-b544-8d3e40d29219@group-8D8B55F35F5E-LeaderElection58] INFO  server.RaftServerConfigKeys (ConfUtils.java:logGet(43)) - raft.server.rpc.sleep.time = 25ms (default)
2019-10-03 08:31:06,437 [30a64e9b-985d-4964-b544-8d3e40d29219@group-8D8B55F35F5E-LeaderElection58] INFO  server.RaftServerConfigKeys (ConfUtils.java:logGet(43)) - raft.server.write.element-limit = 4096 (default)
2019-10-03 08:31:06,437 [30a64e9b-985d-4964-b544-8d3e40d29219@group-8D8B55F35F5E-LeaderElection58] INFO  server.RaftServerConfigKeys (ConfUtils.java:logGet(43)) - raft.server.watch.timeout = 10s (default)
2019-10-03 08:31:06,437 [30a64e9b-985d-4964-b544-8d3e40d29219@group-8D8B55F35F5E-LeaderElection58] INFO  server.RaftServerConfigKeys (ConfUtils.java:logGet(43)) - raft.server.watch.timeout.denomination = 1s (default)
2019-10-03 08:31:06,437 [30a64e9b-985d-4964-b544-8d3e40d29219@group-8D8B55F35F5E-LeaderElection58] INFO  server.RaftServerConfigKeys (ConfUtils.java:logGet(43)) - raft.server.watch.element-limit = 65536 (default)
2019-10-03 08:31:06,440 [30a64e9b-985d-4964-b544-8d3e40d29219@group-8D8B55F35F5E-LeaderElection58] INFO  impl.RoleInfo (RoleInfo.java:updateAndGet(143)) - 30a64e9b-985d-4964-b544-8d3e40d29219: start LeaderState
2019-10-03 08:31:06,440 [30a64e9b-985d-4964-b544-8d3e40d29219@group-8D8B55F35F5E-LeaderElection58] INFO  segmented.SegmentedRaftLogWorker (SegmentedRaftLogWorker.java:startLogSegment(385)) - 30a64e9b-985d-4964-b544-8d3e40d29219@group-8D8B55F35F5E-SegmentedRaftLogWorker: Starting segment from index:0
2019-10-03 08:31:06,441 [30a64e9b-985d-4964-b544-8d3e40d29219@group-8D8B55F35F5E-LeaderElection58] INFO  impl.RaftServerImpl (ServerState.java:setRaftConf(356)) - 30a64e9b-985d-4964-b544-8d3e40d29219@group-8D8B55F35F5E: set configuration 0: [30a64e9b-985d-4964-b544-8d3e40d29219:192.168.151.98:45279], old=null at 0
2019-10-03 08:31:06,468 [018a42ba-2560-403a-9985-3e26b1a2fca3@group-8E48EECBEEE0-SegmentedRaftLogWorker] INFO  segmented.SegmentedRaftLogWorker (SegmentedRaftLogWorker.java:execute(574)) - 018a42ba-2560-403a-9985-3e26b1a2fca3@group-8E48EECBEEE0-SegmentedRaftLogWorker: created new log segment /workdir/hadoop-ozone/integration-test/target/test-dir/MiniOzoneClusterImpl-dbc006c8-6e38-4b9c-8623-68d6a10c783f/datanode-1/data/ratis/86d3518b-e3d0-425a-9834-8e48eecbeee0/current/log_inprogress_0
2019-10-03 08:31:06,468 [3f80a612-2f76-4eb3-b73b-53e4707867d7@group-8E48EECBEEE0-SegmentedRaftLogWorker] INFO  segmented.SegmentedRaftLogWorker (SegmentedRaftLogWorker.java:execute(574)) - 3f80a612-2f76-4eb3-b73b-53e4707867d7@group-8E48EECBEEE0-SegmentedRaftLogWorker: created new log segment /workdir/hadoop-ozone/integration-test/target/test-dir/MiniOzoneClusterImpl-dbc006c8-6e38-4b9c-8623-68d6a10c783f/datanode-2/data/ratis/86d3518b-e3d0-425a-9834-8e48eecbeee0/current/log_inprogress_0
2019-10-03 08:31:06,481 [30a64e9b-985d-4964-b544-8d3e40d29219@group-8D8B55F35F5E-SegmentedRaftLogWorker] INFO  segmented.SegmentedRaftLogWorker (SegmentedRaftLogWorker.java:execute(574)) - 30a64e9b-985d-4964-b544-8d3e40d29219@group-8D8B55F35F5E-SegmentedRaftLogWorker: created new log segment /workdir/hadoop-ozone/integration-test/target/test-dir/MiniOzoneClusterImpl-dbc006c8-6e38-4b9c-8623-68d6a10c783f/datanode-3/data/ratis/ab347d84-750c-498a-b9f4-8d8b55f35f5e/current/log_inprogress_0
2019-10-03 08:31:06,517 [Thread-2325] INFO  impl.FollowerState (FollowerState.java:run(108)) - c931c312-2e95-4295-b950-dec7e7b275c0@group-0A60BCAA9871-FollowerState: change to CANDIDATE, lastRpcTime:5066ms, electionTimeout:5066ms
2019-10-03 08:31:06,517 [Thread-2325] INFO  impl.RoleInfo (RoleInfo.java:shutdownFollowerState(121)) - c931c312-2e95-4295-b950-dec7e7b275c0: shutdown FollowerState
2019-10-03 08:31:06,517 [Thread-2325] INFO  impl.RaftServerImpl (RaftServerImpl.java:setRole(170)) - c931c312-2e95-4295-b950-dec7e7b275c0@group-0A60BCAA9871: changes role from  FOLLOWER to CANDIDATE at term 0 for changeToCandidate
2019-10-03 08:31:06,518 [Thread-2325] INFO  impl.RoleInfo (RoleInfo.java:updateAndGet(143)) - c931c312-2e95-4295-b950-dec7e7b275c0: start LeaderElection
2019-10-03 08:31:06,540 [c931c312-2e95-4295-b950-dec7e7b275c0@group-0A60BCAA9871-LeaderElection59] INFO  impl.LeaderElection (LeaderElection.java:askForVotes(178)) - c931c312-2e95-4295-b950-dec7e7b275c0@group-0A60BCAA9871-LeaderElection59: begin an election at term 1 for -1: [c931c312-2e95-4295-b950-dec7e7b275c0:192.168.151.98:37442], old=null
2019-10-03 08:31:06,540 [c931c312-2e95-4295-b950-dec7e7b275c0@group-0A60BCAA9871-LeaderElection59] INFO  impl.RoleInfo (RoleInfo.java:shutdownLeaderElection(134)) - c931c312-2e95-4295-b950-dec7e7b275c0: shutdown LeaderElection
2019-10-03 08:31:06,540 [c931c312-2e95-4295-b950-dec7e7b275c0@group-0A60BCAA9871-LeaderElection59] INFO  impl.RaftServerImpl (RaftServerImpl.java:setRole(170)) - c931c312-2e95-4295-b950-dec7e7b275c0@group-0A60BCAA9871: changes role from CANDIDATE to LEADER at term 1 for changeToLeader
2019-10-03 08:31:06,540 [c931c312-2e95-4295-b950-dec7e7b275c0@group-0A60BCAA9871-LeaderElection59] INFO  impl.RaftServerImpl (ServerState.java:setLeader(255)) - c931c312-2e95-4295-b950-dec7e7b275c0@group-0A60BCAA9871: change Leader from null to c931c312-2e95-4295-b950-dec7e7b275c0 at term 1 for becomeLeader, leader elected after 5094ms
2019-10-03 08:31:06,541 [c931c312-2e95-4295-b950-dec7e7b275c0@group-0A60BCAA9871-LeaderElection59] INFO  server.RaftServerConfigKeys (ConfUtils.java:logGet(43)) - raft.server.staging.catchup.gap = 1000 (default)
2019-10-03 08:31:06,541 [c931c312-2e95-4295-b950-dec7e7b275c0@group-0A60BCAA9871-LeaderElection59] INFO  server.RaftServerConfigKeys (ConfUtils.java:logGet(43)) - raft.server.rpc.sleep.time = 25ms (default)
2019-10-03 08:31:06,541 [c931c312-2e95-4295-b950-dec7e7b275c0@group-0A60BCAA9871-LeaderElection59] INFO  server.RaftServerConfigKeys (ConfUtils.java:logGet(43)) - raft.server.write.element-limit = 4096 (default)
2019-10-03 08:31:06,541 [c931c312-2e95-4295-b950-dec7e7b275c0@group-0A60BCAA9871-LeaderElection59] INFO  server.RaftServerConfigKeys (ConfUtils.java:logGet(43)) - raft.server.watch.timeout = 10s (default)
2019-10-03 08:31:06,541 [c931c312-2e95-4295-b950-dec7e7b275c0@group-0A60BCAA9871-LeaderElection59] INFO  server.RaftServerConfigKeys (ConfUtils.java:logGet(43)) - raft.server.watch.timeout.denomination = 1s (default)
2019-10-03 08:31:06,542 [c931c312-2e95-4295-b950-dec7e7b275c0@group-0A60BCAA9871-LeaderElection59] INFO  server.RaftServerConfigKeys (ConfUtils.java:logGet(43)) - raft.server.watch.element-limit = 65536 (default)
2019-10-03 08:31:06,544 [c931c312-2e95-4295-b950-dec7e7b275c0@group-0A60BCAA9871-LeaderElection59] INFO  impl.RoleInfo (RoleInfo.java:updateAndGet(143)) - c931c312-2e95-4295-b950-dec7e7b275c0: start LeaderState
2019-10-03 08:31:06,544 [c931c312-2e95-4295-b950-dec7e7b275c0@group-0A60BCAA9871-LeaderElection59] INFO  segmented.SegmentedRaftLogWorker (SegmentedRaftLogWorker.java:startLogSegment(385)) - c931c312-2e95-4295-b950-dec7e7b275c0@group-0A60BCAA9871-SegmentedRaftLogWorker: Starting segment from index:0
2019-10-03 08:31:06,545 [c931c312-2e95-4295-b950-dec7e7b275c0@group-0A60BCAA9871-LeaderElection59] INFO  impl.RaftServerImpl (ServerState.java:setRaftConf(356)) - c931c312-2e95-4295-b950-dec7e7b275c0@group-0A60BCAA9871: set configuration 0: [c931c312-2e95-4295-b950-dec7e7b275c0:192.168.151.98:37442], old=null at 0
2019-10-03 08:31:06,554 [Thread-2322] INFO  impl.FollowerState (FollowerState.java:run(108)) - 59d4bb91-9fc5-42e8-8efc-b590ab97d065@group-8896B97A1CAF-FollowerState: change to CANDIDATE, lastRpcTime:5152ms, electionTimeout:5152ms
2019-10-03 08:31:06,554 [Thread-2322] INFO  impl.RoleInfo (RoleInfo.java:shutdownFollowerState(121)) - 59d4bb91-9fc5-42e8-8efc-b590ab97d065: shutdown FollowerState
2019-10-03 08:31:06,554 [Thread-2322] INFO  impl.RaftServerImpl (RaftServerImpl.java:setRole(170)) - 59d4bb91-9fc5-42e8-8efc-b590ab97d065@group-8896B97A1CAF: changes role from  FOLLOWER to CANDIDATE at term 0 for changeToCandidate
2019-10-03 08:31:06,554 [Thread-2322] INFO  impl.RoleInfo (RoleInfo.java:updateAndGet(143)) - 59d4bb91-9fc5-42e8-8efc-b590ab97d065: start LeaderElection
2019-10-03 08:31:06,583 [Thread-2333] INFO  impl.FollowerState (FollowerState.java:run(108)) - 30a64e9b-985d-4964-b544-8d3e40d29219@group-73141152DA82-FollowerState: change to CANDIDATE, lastRpcTime:5038ms, electionTimeout:5033ms
2019-10-03 08:31:06,583 [Thread-2333] INFO  impl.RoleInfo (RoleInfo.java:shutdownFollowerState(121)) - 30a64e9b-985d-4964-b544-8d3e40d29219: shutdown FollowerState
2019-10-03 08:31:06,583 [Thread-2333] INFO  impl.RaftServerImpl (RaftServerImpl.java:setRole(170)) - 30a64e9b-985d-4964-b544-8d3e40d29219@group-73141152DA82: changes role from  FOLLOWER to CANDIDATE at term 0 for changeToCandidate
2019-10-03 08:31:06,583 [Thread-2333] INFO  impl.RoleInfo (RoleInfo.java:updateAndGet(143)) - 30a64e9b-985d-4964-b544-8d3e40d29219: start LeaderElection
2019-10-03 08:31:06,596 [c931c312-2e95-4295-b950-dec7e7b275c0@group-0A60BCAA9871-SegmentedRaftLogWorker] INFO  segmented.SegmentedRaftLogWorker (SegmentedRaftLogWorker.java:execute(574)) - c931c312-2e95-4295-b950-dec7e7b275c0@group-0A60BCAA9871-SegmentedRaftLogWorker: created new log segment /workdir/hadoop-ozone/integration-test/target/test-dir/MiniOzoneClusterImpl-dbc006c8-6e38-4b9c-8623-68d6a10c783f/datanode-5/data/ratis/3eaadc57-59e4-4763-80b9-0a60bcaa9871/current/log_inprogress_0
2019-10-03 08:31:06,614 [59d4bb91-9fc5-42e8-8efc-b590ab97d065@group-8896B97A1CAF-LeaderElection60] INFO  impl.LeaderElection (LeaderElection.java:askForVotes(178)) - 59d4bb91-9fc5-42e8-8efc-b590ab97d065@group-8896B97A1CAF-LeaderElection60: begin an election at term 1 for -1: [59d4bb91-9fc5-42e8-8efc-b590ab97d065:192.168.151.98:40984], old=null
2019-10-03 08:31:06,614 [30a64e9b-985d-4964-b544-8d3e40d29219@group-73141152DA82-LeaderElection61] INFO  impl.LeaderElection (LeaderElection.java:askForVotes(178)) - 30a64e9b-985d-4964-b544-8d3e40d29219@group-73141152DA82-LeaderElection61: begin an election at term 1 for -1: [30a64e9b-985d-4964-b544-8d3e40d29219:192.168.151.98:45279, c931c312-2e95-4295-b950-dec7e7b275c0:192.168.151.98:37442, 59d4bb91-9fc5-42e8-8efc-b590ab97d065:192.168.151.98:40984], old=null
2019-10-03 08:31:06,615 [59d4bb91-9fc5-42e8-8efc-b590ab97d065@group-8896B97A1CAF-LeaderElection60] INFO  impl.RoleInfo (RoleInfo.java:shutdownLeaderElection(134)) - 59d4bb91-9fc5-42e8-8efc-b590ab97d065: shutdown LeaderElection
2019-10-03 08:31:06,615 [59d4bb91-9fc5-42e8-8efc-b590ab97d065@group-8896B97A1CAF-LeaderElection60] INFO  impl.RaftServerImpl (RaftServerImpl.java:setRole(170)) - 59d4bb91-9fc5-42e8-8efc-b590ab97d065@group-8896B97A1CAF: changes role from CANDIDATE to LEADER at term 1 for changeToLeader
2019-10-03 08:31:06,615 [59d4bb91-9fc5-42e8-8efc-b590ab97d065@group-8896B97A1CAF-LeaderElection60] INFO  impl.RaftServerImpl (ServerState.java:setLeader(255)) - 59d4bb91-9fc5-42e8-8efc-b590ab97d065@group-8896B97A1CAF: change Leader from null to 59d4bb91-9fc5-42e8-8efc-b590ab97d065 at term 1 for becomeLeader, leader elected after 5220ms
2019-10-03 08:31:06,615 [59d4bb91-9fc5-42e8-8efc-b590ab97d065@group-8896B97A1CAF-LeaderElection60] INFO  server.RaftServerConfigKeys (ConfUtils.java:logGet(43)) - raft.server.staging.catchup.gap = 1000 (default)
2019-10-03 08:31:06,615 [59d4bb91-9fc5-42e8-8efc-b590ab97d065@group-8896B97A1CAF-LeaderElection60] INFO  server.RaftServerConfigKeys (ConfUtils.java:logGet(43)) - raft.server.rpc.sleep.time = 25ms (default)
2019-10-03 08:31:06,616 [59d4bb91-9fc5-42e8-8efc-b590ab97d065@group-8896B97A1CAF-LeaderElection60] INFO  server.RaftServerConfigKeys (ConfUtils.java:logGet(43)) - raft.server.write.element-limit = 4096 (default)
2019-10-03 08:31:06,616 [59d4bb91-9fc5-42e8-8efc-b590ab97d065@group-8896B97A1CAF-LeaderElection60] INFO  server.RaftServerConfigKeys (ConfUtils.java:logGet(43)) - raft.server.watch.timeout = 10s (default)
2019-10-03 08:31:06,616 [59d4bb91-9fc5-42e8-8efc-b590ab97d065@group-8896B97A1CAF-LeaderElection60] INFO  server.RaftServerConfigKeys (ConfUtils.java:logGet(43)) - raft.server.watch.timeout.denomination = 1s (default)
2019-10-03 08:31:06,616 [59d4bb91-9fc5-42e8-8efc-b590ab97d065@group-8896B97A1CAF-LeaderElection60] INFO  server.RaftServerConfigKeys (ConfUtils.java:logGet(43)) - raft.server.watch.element-limit = 65536 (default)
2019-10-03 08:31:06,619 [59d4bb91-9fc5-42e8-8efc-b590ab97d065@group-8896B97A1CAF-LeaderElection60] INFO  impl.RoleInfo (RoleInfo.java:updateAndGet(143)) - 59d4bb91-9fc5-42e8-8efc-b590ab97d065: start LeaderState
2019-10-03 08:31:06,622 [grpc-default-executor-7] INFO  impl.RaftServerImpl (RaftServerImpl.java:setRole(170)) - c931c312-2e95-4295-b950-dec7e7b275c0@group-73141152DA82: changes role from  FOLLOWER to FOLLOWER at term 1 for recognizeCandidate:30a64e9b-985d-4964-b544-8d3e40d29219
2019-10-03 08:31:06,622 [grpc-default-executor-7] INFO  impl.RoleInfo (RoleInfo.java:shutdownFollowerState(121)) - c931c312-2e95-4295-b950-dec7e7b275c0: shutdown FollowerState
2019-10-03 08:31:06,623 [grpc-default-executor-7] INFO  impl.RoleInfo (RoleInfo.java:updateAndGet(143)) - c931c312-2e95-4295-b950-dec7e7b275c0: start FollowerState
2019-10-03 08:31:06,623 [Thread-2332] INFO  impl.FollowerState (FollowerState.java:run(117)) - c931c312-2e95-4295-b950-dec7e7b275c0@group-73141152DA82-FollowerState was interrupted: java.lang.InterruptedException: sleep interrupted
2019-10-03 08:31:06,626 [grpc-default-executor-6] INFO  impl.RaftServerImpl (RaftServerImpl.java:setRole(170)) - 59d4bb91-9fc5-42e8-8efc-b590ab97d065@group-73141152DA82: changes role from  FOLLOWER to FOLLOWER at term 1 for recognizeCandidate:30a64e9b-985d-4964-b544-8d3e40d29219
2019-10-03 08:31:06,626 [grpc-default-executor-6] INFO  impl.RoleInfo (RoleInfo.java:shutdownFollowerState(121)) - 59d4bb91-9fc5-42e8-8efc-b590ab97d065: shutdown FollowerState
2019-10-03 08:31:06,626 [59d4bb91-9fc5-42e8-8efc-b590ab97d065@group-8896B97A1CAF-LeaderElection60] INFO  segmented.SegmentedRaftLogWorker (SegmentedRaftLogWorker.java:startLogSegment(385)) - 59d4bb91-9fc5-42e8-8efc-b590ab97d065@group-8896B97A1CAF-SegmentedRaftLogWorker: Starting segment from index:0
2019-10-03 08:31:06,626 [Thread-2334] INFO  impl.FollowerState (FollowerState.java:run(117)) - 59d4bb91-9fc5-42e8-8efc-b590ab97d065@group-73141152DA82-FollowerState was interrupted: java.lang.InterruptedException: sleep interrupted
2019-10-03 08:31:06,626 [grpc-default-executor-6] INFO  impl.RoleInfo (RoleInfo.java:updateAndGet(143)) - 59d4bb91-9fc5-42e8-8efc-b590ab97d065: start FollowerState
2019-10-03 08:31:06,630 [59d4bb91-9fc5-42e8-8efc-b590ab97d065@group-8896B97A1CAF-LeaderElection60] INFO  impl.RaftServerImpl (ServerState.java:setRaftConf(356)) - 59d4bb91-9fc5-42e8-8efc-b590ab97d065@group-8896B97A1CAF: set configuration 0: [59d4bb91-9fc5-42e8-8efc-b590ab97d065:192.168.151.98:40984], old=null at 0
2019-10-03 08:31:06,662 [30a64e9b-985d-4964-b544-8d3e40d29219@group-73141152DA82-LeaderElection61] INFO  impl.LeaderElection (LeaderElection.java:logAndReturn(56)) - 30a64e9b-985d-4964-b544-8d3e40d29219@group-73141152DA82-LeaderElection61: Election PASSED; received 1 response(s) [30a64e9b-985d-4964-b544-8d3e40d29219<-59d4bb91-9fc5-42e8-8efc-b590ab97d065#0:OK-t1] and 0 exception(s); 30a64e9b-985d-4964-b544-8d3e40d29219@group-73141152DA82:t1, leader=null, voted=30a64e9b-985d-4964-b544-8d3e40d29219, raftlog=30a64e9b-985d-4964-b544-8d3e40d29219@group-73141152DA82-SegmentedRaftLog:OPENED:c-1,f-1,i0, conf=-1: [30a64e9b-985d-4964-b544-8d3e40d29219:192.168.151.98:45279, c931c312-2e95-4295-b950-dec7e7b275c0:192.168.151.98:37442, 59d4bb91-9fc5-42e8-8efc-b590ab97d065:192.168.151.98:40984], old=null
2019-10-03 08:31:06,665 [30a64e9b-985d-4964-b544-8d3e40d29219@group-73141152DA82-LeaderElection61] INFO  impl.RoleInfo (RoleInfo.java:shutdownLeaderElection(134)) - 30a64e9b-985d-4964-b544-8d3e40d29219: shutdown LeaderElection
2019-10-03 08:31:06,665 [30a64e9b-985d-4964-b544-8d3e40d29219@group-73141152DA82-LeaderElection61] INFO  impl.RaftServerImpl (RaftServerImpl.java:setRole(170)) - 30a64e9b-985d-4964-b544-8d3e40d29219@group-73141152DA82: changes role from CANDIDATE to LEADER at term 1 for changeToLeader
2019-10-03 08:31:06,665 [30a64e9b-985d-4964-b544-8d3e40d29219@group-73141152DA82-LeaderElection61] INFO  impl.RaftServerImpl (ServerState.java:setLeader(255)) - 30a64e9b-985d-4964-b544-8d3e40d29219@group-73141152DA82: change Leader from null to 30a64e9b-985d-4964-b544-8d3e40d29219 at term 1 for becomeLeader, leader elected after 5154ms
2019-10-03 08:31:06,666 [30a64e9b-985d-4964-b544-8d3e40d29219@group-73141152DA82-LeaderElection61] INFO  server.RaftServerConfigKeys (ConfUtils.java:logGet(43)) - raft.server.staging.catchup.gap = 1000 (default)
2019-10-03 08:31:06,666 [30a64e9b-985d-4964-b544-8d3e40d29219@group-73141152DA82-LeaderElection61] INFO  server.RaftServerConfigKeys (ConfUtils.java:logGet(43)) - raft.server.rpc.sleep.time = 25ms (default)
2019-10-03 08:31:06,666 [30a64e9b-985d-4964-b544-8d3e40d29219@group-73141152DA82-LeaderElection61] INFO  server.RaftServerConfigKeys (ConfUtils.java:logGet(43)) - raft.server.write.element-limit = 4096 (default)
2019-10-03 08:31:06,666 [30a64e9b-985d-4964-b544-8d3e40d29219@group-73141152DA82-LeaderElection61] INFO  server.RaftServerConfigKeys (ConfUtils.java:logGet(43)) - raft.server.watch.timeout = 10s (default)
2019-10-03 08:31:06,666 [30a64e9b-985d-4964-b544-8d3e40d29219@group-73141152DA82-LeaderElection61] INFO  server.RaftServerConfigKeys (ConfUtils.java:logGet(43)) - raft.server.watch.timeout.denomination = 1s (default)
2019-10-03 08:31:06,666 [30a64e9b-985d-4964-b544-8d3e40d29219@group-73141152DA82-LeaderElection61] INFO  server.RaftServerConfigKeys (ConfUtils.java:logGet(43)) - raft.server.watch.element-limit = 65536 (default)
2019-10-03 08:31:06,668 [30a64e9b-985d-4964-b544-8d3e40d29219@group-73141152DA82-LeaderElection61] INFO  server.RaftServerConfigKeys (ConfUtils.java:logGet(43)) - raft.server.log.appender.snapshot.chunk.size.max = 16MB (=16777216) (default)
2019-10-03 08:31:06,668 [30a64e9b-985d-4964-b544-8d3e40d29219@group-73141152DA82-LeaderElection61] INFO  server.RaftServerConfigKeys (ConfUtils.java:logGet(43)) - raft.server.log.appender.buffer.byte-limit = 33554432 (custom)
2019-10-03 08:31:06,668 [30a64e9b-985d-4964-b544-8d3e40d29219@group-73141152DA82-LeaderElection61] INFO  server.RaftServerConfigKeys (ConfUtils.java:logGet(43)) - raft.server.log.appender.buffer.element-limit = 1 (custom)
2019-10-03 08:31:06,669 [30a64e9b-985d-4964-b544-8d3e40d29219@group-73141152DA82-LeaderElection61] INFO  grpc.GrpcConfigKeys$Server (ConfUtils.java:logGet(43)) - raft.grpc.server.leader.outstanding.appends.max = 128 (default)
2019-10-03 08:31:06,669 [30a64e9b-985d-4964-b544-8d3e40d29219@group-73141152DA82-LeaderElection61] INFO  server.RaftServerConfigKeys (ConfUtils.java:logGet(43)) - raft.server.rpc.request.timeout = 3000ms (default)
2019-10-03 08:31:06,669 [30a64e9b-985d-4964-b544-8d3e40d29219@group-73141152DA82-LeaderElection61] INFO  server.RaftServerConfigKeys (ConfUtils.java:logGet(43)) - raft.server.log.appender.install.snapshot.enabled = false (custom)
2019-10-03 08:31:06,669 [30a64e9b-985d-4964-b544-8d3e40d29219@group-73141152DA82-LeaderElection61] INFO  server.RaftServerConfigKeys (ConfUtils.java:logGet(43)) - raft.server.log.appender.snapshot.chunk.size.max = 16MB (=16777216) (default)
2019-10-03 08:31:06,669 [30a64e9b-985d-4964-b544-8d3e40d29219@group-73141152DA82-LeaderElection61] INFO  server.RaftServerConfigKeys (ConfUtils.java:logGet(43)) - raft.server.log.appender.buffer.byte-limit = 33554432 (custom)
2019-10-03 08:31:06,669 [30a64e9b-985d-4964-b544-8d3e40d29219@group-73141152DA82-LeaderElection61] INFO  server.RaftServerConfigKeys (ConfUtils.java:logGet(43)) - raft.server.log.appender.buffer.element-limit = 1 (custom)
2019-10-03 08:31:06,669 [30a64e9b-985d-4964-b544-8d3e40d29219@group-73141152DA82-LeaderElection61] INFO  grpc.GrpcConfigKeys$Server (ConfUtils.java:logGet(43)) - raft.grpc.server.leader.outstanding.appends.max = 128 (default)
2019-10-03 08:31:06,670 [30a64e9b-985d-4964-b544-8d3e40d29219@group-73141152DA82-LeaderElection61] INFO  server.RaftServerConfigKeys (ConfUtils.java:logGet(43)) - raft.server.rpc.request.timeout = 3000ms (default)
2019-10-03 08:31:06,670 [30a64e9b-985d-4964-b544-8d3e40d29219@group-73141152DA82-LeaderElection61] INFO  server.RaftServerConfigKeys (ConfUtils.java:logGet(43)) - raft.server.log.appender.install.snapshot.enabled = false (custom)
2019-10-03 08:31:06,670 [30a64e9b-985d-4964-b544-8d3e40d29219@group-73141152DA82-LeaderElection61] INFO  impl.RoleInfo (RoleInfo.java:updateAndGet(143)) - 30a64e9b-985d-4964-b544-8d3e40d29219: start LeaderState
2019-10-03 08:31:06,670 [30a64e9b-985d-4964-b544-8d3e40d29219@group-73141152DA82-LeaderElection61] INFO  segmented.SegmentedRaftLogWorker (SegmentedRaftLogWorker.java:startLogSegment(385)) - 30a64e9b-985d-4964-b544-8d3e40d29219@group-73141152DA82-SegmentedRaftLogWorker: Starting segment from index:0
2019-10-03 08:31:06,671 [30a64e9b-985d-4964-b544-8d3e40d29219@group-73141152DA82-LeaderElection61] INFO  impl.RaftServerImpl (ServerState.java:setRaftConf(356)) - 30a64e9b-985d-4964-b544-8d3e40d29219@group-73141152DA82: set configuration 0: [30a64e9b-985d-4964-b544-8d3e40d29219:192.168.151.98:45279, c931c312-2e95-4295-b950-dec7e7b275c0:192.168.151.98:37442, 59d4bb91-9fc5-42e8-8efc-b590ab97d065:192.168.151.98:40984], old=null at 0
2019-10-03 08:31:06,703 [grpc-default-executor-6] INFO  impl.RaftServerImpl (ServerState.java:setLeader(255)) - c931c312-2e95-4295-b950-dec7e7b275c0@group-73141152DA82: change Leader from null to 30a64e9b-985d-4964-b544-8d3e40d29219 at term 1 for appendEntries, leader elected after 5187ms
2019-10-03 08:31:06,706 [59d4bb91-9fc5-42e8-8efc-b590ab97d065@group-8896B97A1CAF-SegmentedRaftLogWorker] INFO  segmented.SegmentedRaftLogWorker (SegmentedRaftLogWorker.java:execute(574)) - 59d4bb91-9fc5-42e8-8efc-b590ab97d065@group-8896B97A1CAF-SegmentedRaftLogWorker: created new log segment /workdir/hadoop-ozone/integration-test/target/test-dir/MiniOzoneClusterImpl-dbc006c8-6e38-4b9c-8623-68d6a10c783f/datanode-4/data/ratis/59db33cc-5bcf-43dd-be42-8896b97a1caf/current/log_inprogress_0
2019-10-03 08:31:06,708 [grpc-default-executor-6] INFO  impl.RaftServerImpl (ServerState.java:setLeader(255)) - 59d4bb91-9fc5-42e8-8efc-b590ab97d065@group-73141152DA82: change Leader from null to 30a64e9b-985d-4964-b544-8d3e40d29219 at term 1 for appendEntries, leader elected after 5196ms
2019-10-03 08:31:06,712 [grpc-default-executor-6] INFO  impl.RaftServerImpl (ServerState.java:setRaftConf(356)) - c931c312-2e95-4295-b950-dec7e7b275c0@group-73141152DA82: set configuration 0: [30a64e9b-985d-4964-b544-8d3e40d29219:192.168.151.98:45279, c931c312-2e95-4295-b950-dec7e7b275c0:192.168.151.98:37442, 59d4bb91-9fc5-42e8-8efc-b590ab97d065:192.168.151.98:40984], old=null at 0
2019-10-03 08:31:06,712 [grpc-default-executor-6] INFO  segmented.SegmentedRaftLogWorker (SegmentedRaftLogWorker.java:startLogSegment(385)) - c931c312-2e95-4295-b950-dec7e7b275c0@group-73141152DA82-SegmentedRaftLogWorker: Starting segment from index:0
2019-10-03 08:31:06,713 [grpc-default-executor-6] INFO  impl.RaftServerImpl (ServerState.java:setRaftConf(356)) - 59d4bb91-9fc5-42e8-8efc-b590ab97d065@group-73141152DA82: set configuration 0: [30a64e9b-985d-4964-b544-8d3e40d29219:192.168.151.98:45279, c931c312-2e95-4295-b950-dec7e7b275c0:192.168.151.98:37442, 59d4bb91-9fc5-42e8-8efc-b590ab97d065:192.168.151.98:40984], old=null at 0
2019-10-03 08:31:06,713 [grpc-default-executor-6] INFO  segmented.SegmentedRaftLogWorker (SegmentedRaftLogWorker.java:startLogSegment(385)) - 59d4bb91-9fc5-42e8-8efc-b590ab97d065@group-73141152DA82-SegmentedRaftLogWorker: Starting segment from index:0
2019-10-03 08:31:06,719 [30a64e9b-985d-4964-b544-8d3e40d29219@group-73141152DA82-SegmentedRaftLogWorker] INFO  segmented.SegmentedRaftLogWorker (SegmentedRaftLogWorker.java:execute(574)) - 30a64e9b-985d-4964-b544-8d3e40d29219@group-73141152DA82-SegmentedRaftLogWorker: created new log segment /workdir/hadoop-ozone/integration-test/target/test-dir/MiniOzoneClusterImpl-dbc006c8-6e38-4b9c-8623-68d6a10c783f/datanode-3/data/ratis/094ac4ea-87a0-4e9c-afb5-73141152da82/current/log_inprogress_0
2019-10-03 08:31:06,762 [c931c312-2e95-4295-b950-dec7e7b275c0@group-73141152DA82-SegmentedRaftLogWorker] INFO  segmented.SegmentedRaftLogWorker (SegmentedRaftLogWorker.java:execute(574)) - c931c312-2e95-4295-b950-dec7e7b275c0@group-73141152DA82-SegmentedRaftLogWorker: created new log segment /workdir/hadoop-ozone/integration-test/target/test-dir/MiniOzoneClusterImpl-dbc006c8-6e38-4b9c-8623-68d6a10c783f/datanode-5/data/ratis/094ac4ea-87a0-4e9c-afb5-73141152da82/current/log_inprogress_0
2019-10-03 08:31:06,762 [59d4bb91-9fc5-42e8-8efc-b590ab97d065@group-73141152DA82-SegmentedRaftLogWorker] INFO  segmented.SegmentedRaftLogWorker (SegmentedRaftLogWorker.java:execute(574)) - 59d4bb91-9fc5-42e8-8efc-b590ab97d065@group-73141152DA82-SegmentedRaftLogWorker: created new log segment /workdir/hadoop-ozone/integration-test/target/test-dir/MiniOzoneClusterImpl-dbc006c8-6e38-4b9c-8623-68d6a10c783f/datanode-4/data/ratis/094ac4ea-87a0-4e9c-afb5-73141152da82/current/log_inprogress_0
2019-10-03 08:31:06,898 [Datanode State Machine Thread - 0] INFO  statemachine.DatanodeStateMachine (DatanodeStateMachine.java:lambda$startDaemon$0(350)) - Ozone container server started.
2019-10-03 08:31:07,726 [grpc-default-executor-7] WARN  server.GrpcLogAppender (LogUtils.java:warn(134)) - e99ec86c-eb11-4984-811e-cb8f4c6ed7f5@group-269E35724743->027d15f8-0321-42a1-b7d1-02f58cd1cf17-AppendLogResponseHandler: Failed appendEntries: org.apache.ratis.thirdparty.io.grpc.StatusRuntimeException: UNAVAILABLE: io exception
2019-10-03 08:31:07,726 [grpc-default-executor-2] WARN  server.GrpcLogAppender (LogUtils.java:warn(134)) - e99ec86c-eb11-4984-811e-cb8f4c6ed7f5@group-269E35724743->f69a3bb4-5ce3-4f3a-a5ec-57530bf8bb38-AppendLogResponseHandler: Failed appendEntries: org.apache.ratis.thirdparty.io.grpc.StatusRuntimeException: UNAVAILABLE: io exception
2019-10-03 08:31:07,727 [grpc-default-executor-7] INFO  impl.FollowerInfo (FollowerInfo.java:lambda$new$0(51)) - e99ec86c-eb11-4984-811e-cb8f4c6ed7f5@group-269E35724743->027d15f8-0321-42a1-b7d1-02f58cd1cf17: nextIndex: updateUnconditionally 0 -> 0
2019-10-03 08:31:07,727 [grpc-default-executor-2] INFO  impl.FollowerInfo (FollowerInfo.java:lambda$new$0(51)) - e99ec86c-eb11-4984-811e-cb8f4c6ed7f5@group-269E35724743->f69a3bb4-5ce3-4f3a-a5ec-57530bf8bb38: nextIndex: updateUnconditionally 0 -> 0
2019-10-03 08:31:10,227 [grpc-default-executor-7] WARN  server.GrpcLogAppender (LogUtils.java:warn(134)) - e99ec86c-eb11-4984-811e-cb8f4c6ed7f5@group-269E35724743->027d15f8-0321-42a1-b7d1-02f58cd1cf17-AppendLogResponseHandler: Failed appendEntries: org.apache.ratis.thirdparty.io.grpc.StatusRuntimeException: UNAVAILABLE: io exception
2019-10-03 08:31:10,227 [grpc-default-executor-2] WARN  server.GrpcLogAppender (LogUtils.java:warn(134)) - e99ec86c-eb11-4984-811e-cb8f4c6ed7f5@group-269E35724743->f69a3bb4-5ce3-4f3a-a5ec-57530bf8bb38-AppendLogResponseHandler: Failed appendEntries: org.apache.ratis.thirdparty.io.grpc.StatusRuntimeException: UNAVAILABLE: io exception
2019-10-03 08:31:10,228 [grpc-default-executor-7] INFO  impl.FollowerInfo (FollowerInfo.java:lambda$new$0(51)) - e99ec86c-eb11-4984-811e-cb8f4c6ed7f5@group-269E35724743->027d15f8-0321-42a1-b7d1-02f58cd1cf17: nextIndex: updateUnconditionally 0 -> 0
2019-10-03 08:31:10,228 [grpc-default-executor-2] INFO  impl.FollowerInfo (FollowerInfo.java:lambda$new$0(51)) - e99ec86c-eb11-4984-811e-cb8f4c6ed7f5@group-269E35724743->f69a3bb4-5ce3-4f3a-a5ec-57530bf8bb38: nextIndex: updateUnconditionally 0 -> 0
2019-10-03 08:31:11,872 [main] INFO  ozoneimpl.OzoneContainer (OzoneContainer.java:stop(231)) - Attempting to stop container services.
2019-10-03 08:31:11,873 [main] INFO  impl.RaftServerProxy (RaftServerProxy.java:lambda$close$4(314)) - 3f80a612-2f76-4eb3-b73b-53e4707867d7: close
2019-10-03 08:31:11,874 [main] INFO  impl.RaftServerImpl (RaftServerImpl.java:lambda$shutdown$3(247)) - 3f80a612-2f76-4eb3-b73b-53e4707867d7@group-8E48EECBEEE0: shutdown
2019-10-03 08:31:11,874 [ForkJoinPool.commonPool-worker-1] INFO  impl.RaftServerImpl (RaftServerImpl.java:lambda$shutdown$3(247)) - 3f80a612-2f76-4eb3-b73b-53e4707867d7@group-0097D52499D9: shutdown
2019-10-03 08:31:11,874 [main] INFO  util.JmxRegister (JmxRegister.java:unregister(73)) - Successfully un-registered JMX Bean with object name Ratis:service=RaftServer,group=group-8E48EECBEEE0,id=3f80a612-2f76-4eb3-b73b-53e4707867d7
2019-10-03 08:31:11,875 [ForkJoinPool.commonPool-worker-1] INFO  util.JmxRegister (JmxRegister.java:unregister(73)) - Successfully un-registered JMX Bean with object name Ratis:service=RaftServer,group=group-0097D52499D9,id=3f80a612-2f76-4eb3-b73b-53e4707867d7
2019-10-03 08:31:11,875 [main] INFO  impl.RoleInfo (RoleInfo.java:shutdownFollowerState(121)) - 3f80a612-2f76-4eb3-b73b-53e4707867d7: shutdown FollowerState
2019-10-03 08:31:11,875 [ForkJoinPool.commonPool-worker-1] INFO  impl.RoleInfo (RoleInfo.java:shutdownLeaderState(104)) - 3f80a612-2f76-4eb3-b73b-53e4707867d7: shutdown LeaderState
2019-10-03 08:31:11,876 [3f80a612-2f76-4eb3-b73b-53e4707867d7@group-8E48EECBEEE0-StateMachineUpdater] INFO  ratis.ContainerStateMachine (ContainerStateMachine.java:takeSnapshot(293)) - group-8E48EECBEEE0: Taking a snapshot at:(t:1, i:1) file /workdir/hadoop-ozone/integration-test/target/test-dir/MiniOzoneClusterImpl-dbc006c8-6e38-4b9c-8623-68d6a10c783f/datanode-2/data/ratis/86d3518b-e3d0-425a-9834-8e48eecbeee0/sm/snapshot.1_1
2019-10-03 08:31:11,876 [Thread-2364] INFO  impl.FollowerState (FollowerState.java:run(117)) - 3f80a612-2f76-4eb3-b73b-53e4707867d7@group-8E48EECBEEE0-FollowerState was interrupted: java.lang.InterruptedException: sleep interrupted
2019-10-03 08:31:11,876 [main] INFO  impl.StateMachineUpdater (StateMachineUpdater.java:stopAndJoin(136)) - 3f80a612-2f76-4eb3-b73b-53e4707867d7@group-8E48EECBEEE0-StateMachineUpdater: set stopIndex = 2
2019-10-03 08:31:11,876 [ForkJoinPool.commonPool-worker-1] INFO  impl.PendingRequests (PendingRequests.java:sendNotLeaderResponses(202)) - 3f80a612-2f76-4eb3-b73b-53e4707867d7@group-0097D52499D9-PendingRequests: sendNotLeaderResponses
2019-10-03 08:31:11,886 [ForkJoinPool.commonPool-worker-1] INFO  impl.StateMachineUpdater (StateMachineUpdater.java:stopAndJoin(136)) - 3f80a612-2f76-4eb3-b73b-53e4707867d7@group-0097D52499D9-StateMachineUpdater: set stopIndex = 0
2019-10-03 08:31:11,886 [ForkJoinPool.commonPool-worker-1] INFO  impl.RaftServerImpl (ServerState.java:close(387)) - 3f80a612-2f76-4eb3-b73b-53e4707867d7@group-0097D52499D9: closes. applyIndex: 0
2019-10-03 08:31:11,886 [3f80a612-2f76-4eb3-b73b-53e4707867d7@group-0097D52499D9-SegmentedRaftLogWorker] INFO  segmented.SegmentedRaftLogWorker (SegmentedRaftLogWorker.java:run(316)) - 3f80a612-2f76-4eb3-b73b-53e4707867d7@group-0097D52499D9-SegmentedRaftLogWorker was interrupted, exiting. There are 0 tasks remaining in the queue.
2019-10-03 08:31:11,905 [ForkJoinPool.commonPool-worker-1] INFO  segmented.SegmentedRaftLogWorker (SegmentedRaftLogWorker.java:close(224)) - 3f80a612-2f76-4eb3-b73b-53e4707867d7@group-0097D52499D9-SegmentedRaftLogWorker close()
2019-10-03 08:31:11,911 [3f80a612-2f76-4eb3-b73b-53e4707867d7@group-8E48EECBEEE0-StateMachineUpdater] INFO  ratis.ContainerStateMachine (ContainerStateMachine.java:takeSnapshot(304)) - group-8E48EECBEEE0: Finished taking a snapshot at:(t:1, i:1) file:/workdir/hadoop-ozone/integration-test/target/test-dir/MiniOzoneClusterImpl-dbc006c8-6e38-4b9c-8623-68d6a10c783f/datanode-2/data/ratis/86d3518b-e3d0-425a-9834-8e48eecbeee0/sm/snapshot.1_1 time:33
2019-10-03 08:31:11,912 [3f80a612-2f76-4eb3-b73b-53e4707867d7@group-8E48EECBEEE0-StateMachineUpdater] INFO  impl.StateMachineUpdater (StateMachineUpdater.java:takeSnapshot(269)) - 3f80a612-2f76-4eb3-b73b-53e4707867d7@group-8E48EECBEEE0-StateMachineUpdater: Took a snapshot at index 1
2019-10-03 08:31:11,912 [3f80a612-2f76-4eb3-b73b-53e4707867d7@group-8E48EECBEEE0-StateMachineUpdater] INFO  impl.StateMachineUpdater (StateMachineUpdater.java:lambda$new$0(84)) - 3f80a612-2f76-4eb3-b73b-53e4707867d7@group-8E48EECBEEE0-StateMachineUpdater: snapshotIndex: updateIncreasingly -1 -> 1
2019-10-03 08:31:11,913 [3f80a612-2f76-4eb3-b73b-53e4707867d7@group-8E48EECBEEE0-StateMachineUpdater] INFO  ratis.ContainerStateMachine (ContainerStateMachine.java:takeSnapshot(293)) - group-8E48EECBEEE0: Taking a snapshot at:(t:1, i:1) file /workdir/hadoop-ozone/integration-test/target/test-dir/MiniOzoneClusterImpl-dbc006c8-6e38-4b9c-8623-68d6a10c783f/datanode-2/data/ratis/86d3518b-e3d0-425a-9834-8e48eecbeee0/sm/snapshot.1_1
2019-10-03 08:31:11,925 [3f80a612-2f76-4eb3-b73b-53e4707867d7@group-8E48EECBEEE0-StateMachineUpdater] INFO  ratis.ContainerStateMachine (ContainerStateMachine.java:takeSnapshot(304)) - group-8E48EECBEEE0: Finished taking a snapshot at:(t:1, i:1) file:/workdir/hadoop-ozone/integration-test/target/test-dir/MiniOzoneClusterImpl-dbc006c8-6e38-4b9c-8623-68d6a10c783f/datanode-2/data/ratis/86d3518b-e3d0-425a-9834-8e48eecbeee0/sm/snapshot.1_1 time:13
2019-10-03 08:31:11,925 [3f80a612-2f76-4eb3-b73b-53e4707867d7@group-8E48EECBEEE0-StateMachineUpdater] INFO  impl.StateMachineUpdater (StateMachineUpdater.java:takeSnapshot(269)) - 3f80a612-2f76-4eb3-b73b-53e4707867d7@group-8E48EECBEEE0-StateMachineUpdater: Took a snapshot at index 1
2019-10-03 08:31:11,925 [3f80a612-2f76-4eb3-b73b-53e4707867d7@group-8E48EECBEEE0-StateMachineUpdater] INFO  impl.StateMachineUpdater (StateMachineUpdater.java:lambda$new$0(84)) - 3f80a612-2f76-4eb3-b73b-53e4707867d7@group-8E48EECBEEE0-StateMachineUpdater: snapshotIndex: updateIncreasingly 1 -> 1
2019-10-03 08:31:11,926 [main] INFO  impl.RaftServerImpl (ServerState.java:close(387)) - 3f80a612-2f76-4eb3-b73b-53e4707867d7@group-8E48EECBEEE0: closes. applyIndex: 2
2019-10-03 08:31:11,926 [3f80a612-2f76-4eb3-b73b-53e4707867d7@group-8E48EECBEEE0-SegmentedRaftLogWorker] INFO  segmented.SegmentedRaftLogWorker (SegmentedRaftLogWorker.java:run(316)) - 3f80a612-2f76-4eb3-b73b-53e4707867d7@group-8E48EECBEEE0-SegmentedRaftLogWorker was interrupted, exiting. There are 0 tasks remaining in the queue.
2019-10-03 08:31:11,929 [main] INFO  segmented.SegmentedRaftLogWorker (SegmentedRaftLogWorker.java:close(224)) - 3f80a612-2f76-4eb3-b73b-53e4707867d7@group-8E48EECBEEE0-SegmentedRaftLogWorker close()
2019-10-03 08:31:11,934 [main] INFO  server.GrpcService (GrpcService.java:closeImpl(164)) - 3f80a612-2f76-4eb3-b73b-53e4707867d7: shutdown server with port 35183 now
2019-10-03 08:31:11,935 [grpc-default-executor-7] WARN  server.GrpcServerProtocolService (LogUtils.java:warn(134)) - 3f80a612-2f76-4eb3-b73b-53e4707867d7: installSnapshot onError, lastRequest: a0579777-64ad-43dd-9cc9-d89f7d8424a8->3f80a612-2f76-4eb3-b73b-53e4707867d7#5-t1, previous=(t:1, i:2), leaderCommit=2, initializing? false, entries: <empty>: org.apache.ratis.thirdparty.io.grpc.StatusRuntimeException: CANCELLED: cancelled before receiving half close
2019-10-03 08:31:11,935 [grpc-default-executor-8] WARN  server.GrpcLogAppender (LogUtils.java:warn(134)) - a0579777-64ad-43dd-9cc9-d89f7d8424a8@group-8E48EECBEEE0->3f80a612-2f76-4eb3-b73b-53e4707867d7-AppendLogResponseHandler: Failed appendEntries: org.apache.ratis.thirdparty.io.grpc.StatusRuntimeException: CANCELLED: HTTP/2 error code: CANCEL
Received Rst Stream
2019-10-03 08:31:11,935 [main] INFO  server.GrpcService (GrpcService.java:closeImpl(172)) - 3f80a612-2f76-4eb3-b73b-53e4707867d7: shutdown server with port 35183 successfully
2019-10-03 08:31:11,936 [grpc-default-executor-8] INFO  impl.FollowerInfo (FollowerInfo.java:lambda$new$0(51)) - a0579777-64ad-43dd-9cc9-d89f7d8424a8@group-8E48EECBEEE0->3f80a612-2f76-4eb3-b73b-53e4707867d7: nextIndex: updateUnconditionally 3 -> 2
2019-10-03 08:31:11,937 [refreshUsed-/workdir/hadoop-ozone/integration-test/target/test-dir/MiniOzoneClusterImpl-dbc006c8-6e38-4b9c-8623-68d6a10c783f/datanode-2/data/containers] WARN  fs.CachingGetSpaceUsed (CachingGetSpaceUsed.java:run(183)) - Thread Interrupted waiting to refresh disk information: sleep interrupted
2019-10-03 08:31:11,951 [main] INFO  utils.BackgroundService (BackgroundService.java:shutdown(148)) - Shutting down service BlockDeletingService
2019-10-03 08:31:11,959 [main] INFO  statemachine.DatanodeStateMachine (DatanodeStateMachine.java:stopDaemon(395)) - Ozone container server stopped.
2019-10-03 08:31:11,960 [main] INFO  handler.ContextHandler (ContextHandler.java:doStop(910)) - Stopped o.e.j.w.WebAppContext@61359e87{/,null,UNAVAILABLE}{/hddsDatanode}
2019-10-03 08:31:11,960 [main] INFO  server.AbstractConnector (AbstractConnector.java:doStop(318)) - Stopped ServerConnector@2dc39b53{HTTP/1.1,[http/1.1]}{0.0.0.0:0}
2019-10-03 08:31:11,960 [main] INFO  handler.ContextHandler (ContextHandler.java:doStop(910)) - Stopped o.e.j.s.ServletContextHandler@5c8d58ed{/static,jar:file:/home/user/.m2/repository/org/apache/hadoop/hadoop-hdds-container-service/0.5.0-SNAPSHOT/hadoop-hdds-container-service-0.5.0-SNAPSHOT.jar!/webapps/static,UNAVAILABLE}
2019-10-03 08:31:11,961 [main] INFO  handler.ContextHandler (ContextHandler.java:doStop(910)) - Stopped o.e.j.s.ServletContextHandler@691567ea{/logs,file:///workdir/hadoop-ozone/integration-test/target/log,UNAVAILABLE}
2019-10-03 08:31:11,973 [grpc-default-executor-7] WARN  server.GrpcLogAppender (LogUtils.java:warn(134)) - a0579777-64ad-43dd-9cc9-d89f7d8424a8@group-8E48EECBEEE0->3f80a612-2f76-4eb3-b73b-53e4707867d7-AppendLogResponseHandler: Failed appendEntries: org.apache.ratis.thirdparty.io.grpc.StatusRuntimeException: UNAVAILABLE: io exception
2019-10-03 08:31:11,973 [grpc-default-executor-7] INFO  impl.FollowerInfo (FollowerInfo.java:lambda$new$0(51)) - a0579777-64ad-43dd-9cc9-d89f7d8424a8@group-8E48EECBEEE0->3f80a612-2f76-4eb3-b73b-53e4707867d7: nextIndex: updateUnconditionally 3 -> 2
2019-10-03 08:31:11,985 [grpc-default-executor-2] WARN  server.GrpcLogAppender (LogUtils.java:warn(134)) - a0579777-64ad-43dd-9cc9-d89f7d8424a8@group-8E48EECBEEE0->3f80a612-2f76-4eb3-b73b-53e4707867d7-AppendLogResponseHandler: Failed appendEntries: org.apache.ratis.thirdparty.io.grpc.StatusRuntimeException: UNAVAILABLE: io exception
2019-10-03 08:31:11,985 [grpc-default-executor-2] INFO  impl.FollowerInfo (FollowerInfo.java:lambda$new$0(51)) - a0579777-64ad-43dd-9cc9-d89f7d8424a8@group-8E48EECBEEE0->3f80a612-2f76-4eb3-b73b-53e4707867d7: nextIndex: updateUnconditionally 3 -> 2
2019-10-03 08:31:11,997 [grpc-default-executor-2] WARN  server.GrpcLogAppender (LogUtils.java:warn(134)) - a0579777-64ad-43dd-9cc9-d89f7d8424a8@group-8E48EECBEEE0->3f80a612-2f76-4eb3-b73b-53e4707867d7-AppendLogResponseHandler: Failed appendEntries: org.apache.ratis.thirdparty.io.grpc.StatusRuntimeException: UNAVAILABLE: io exception
2019-10-03 08:31:11,997 [grpc-default-executor-2] INFO  impl.FollowerInfo (FollowerInfo.java:lambda$new$0(51)) - a0579777-64ad-43dd-9cc9-d89f7d8424a8@group-8E48EECBEEE0->3f80a612-2f76-4eb3-b73b-53e4707867d7: nextIndex: updateUnconditionally 3 -> 2
2019-10-03 08:31:11,999 [EventQueue-IncrementalContainerReportForIncrementalContainerReportHandler] WARN  container.IncrementalContainerReportHandler (AbstractContainerReportHandler.java:updateContainerState(143)) - Container #1 is in OPEN state, but the datanode a0579777-64ad-43dd-9cc9-d89f7d8424a8{ip: 192.168.151.98, host: pr-hdds2217-2mkdc-371598885, networkLocation: /default-rack, certSerialId: null} reports an CLOSING replica.
2019-10-03 08:31:12,012 [EventQueue-IncrementalContainerReportForIncrementalContainerReportHandler] WARN  container.IncrementalContainerReportHandler (AbstractContainerReportHandler.java:updateContainerState(143)) - Container #1 is in OPEN state, but the datanode 018a42ba-2560-403a-9985-3e26b1a2fca3{ip: 192.168.151.98, host: pr-hdds2217-2mkdc-371598885, networkLocation: /default-rack, certSerialId: null} reports an CLOSING replica.
2019-10-03 08:31:12,023 [RatisApplyTransactionExecutor 1] INFO  interfaces.Container (KeyValueContainer.java:flushAndSyncDB(386)) - Container 1 is synced with bcsId 0.
2019-10-03 08:31:12,036 [EventQueue-StaleNodeForStaleNodeHandler] INFO  node.StaleNodeHandler (StaleNodeHandler.java:onMessage(58)) - Datanode 027d15f8-0321-42a1-b7d1-02f58cd1cf17{ip: 192.168.151.98, host: pr-hdds2217-2mkdc-371598885, networkLocation: /default-rack, certSerialId: null} moved to stale state. Finalizing its pipelines [PipelineID=bc72e4a1-cb30-47ad-bb55-269e35724743, PipelineID=2bff9f21-e619-4511-b67f-03369a945c4d]
2019-10-03 08:31:12,036 [EventQueue-StaleNodeForStaleNodeHandler] INFO  pipeline.SCMPipelineManager (SCMPipelineManager.java:finalizeAndDestroyPipeline(315)) - destroying pipeline:Pipeline[ Id: bc72e4a1-cb30-47ad-bb55-269e35724743, Nodes: 027d15f8-0321-42a1-b7d1-02f58cd1cf17{ip: 192.168.151.98, host: pr-hdds2217-2mkdc-371598885, networkLocation: /default-rack, certSerialId: null}f69a3bb4-5ce3-4f3a-a5ec-57530bf8bb38{ip: 192.168.151.98, host: pr-hdds2217-2mkdc-371598885, networkLocation: /default-rack, certSerialId: null}e99ec86c-eb11-4984-811e-cb8f4c6ed7f5{ip: 192.168.151.98, host: pr-hdds2217-2mkdc-371598885, networkLocation: /default-rack, certSerialId: null}, Type:RATIS, Factor:THREE, State:OPEN]
2019-10-03 08:31:12,037 [EventQueue-StaleNodeForStaleNodeHandler] INFO  pipeline.PipelineStateManager (PipelineStateManager.java:finalizePipeline(123)) - Pipeline Pipeline[ Id: bc72e4a1-cb30-47ad-bb55-269e35724743, Nodes: 027d15f8-0321-42a1-b7d1-02f58cd1cf17{ip: 192.168.151.98, host: pr-hdds2217-2mkdc-371598885, networkLocation: /default-rack, certSerialId: null}f69a3bb4-5ce3-4f3a-a5ec-57530bf8bb38{ip: 192.168.151.98, host: pr-hdds2217-2mkdc-371598885, networkLocation: /default-rack, certSerialId: null}e99ec86c-eb11-4984-811e-cb8f4c6ed7f5{ip: 192.168.151.98, host: pr-hdds2217-2mkdc-371598885, networkLocation: /default-rack, certSerialId: null}, Type:RATIS, Factor:THREE, State:CLOSED] moved to CLOSED state
2019-10-03 08:31:12,037 [EventQueue-CloseContainerForCloseContainerEventHandler] INFO  container.CloseContainerEventHandler (CloseContainerEventHandler.java:onMessage(61)) - Close container Event triggered for container : #1
2019-10-03 08:31:12,037 [EventQueue-StaleNodeForStaleNodeHandler] INFO  pipeline.SCMPipelineManager (SCMPipelineManager.java:finalizeAndDestroyPipeline(315)) - destroying pipeline:Pipeline[ Id: 2bff9f21-e619-4511-b67f-03369a945c4d, Nodes: 027d15f8-0321-42a1-b7d1-02f58cd1cf17{ip: 192.168.151.98, host: pr-hdds2217-2mkdc-371598885, networkLocation: /default-rack, certSerialId: null}, Type:RATIS, Factor:ONE, State:OPEN]
2019-10-03 08:31:12,042 [EventQueue-StaleNodeForStaleNodeHandler] INFO  pipeline.PipelineStateManager (PipelineStateManager.java:finalizePipeline(123)) - Pipeline Pipeline[ Id: 2bff9f21-e619-4511-b67f-03369a945c4d, Nodes: 027d15f8-0321-42a1-b7d1-02f58cd1cf17{ip: 192.168.151.98, host: pr-hdds2217-2mkdc-371598885, networkLocation: /default-rack, certSerialId: null}, Type:RATIS, Factor:ONE, State:CLOSED] moved to CLOSED state
2019-10-03 08:31:12,042 [RatisApplyTransactionExecutor 1] INFO  interfaces.Container (KeyValueContainer.java:flushAndSyncDB(386)) - Container 1 is synced with bcsId 0.
2019-10-03 08:31:12,042 [RatisApplyTransactionExecutor 1] INFO  interfaces.Container (KeyValueContainer.java:flushAndSyncDB(386)) - Container 1 is synced with bcsId 0.
2019-10-03 08:31:12,043 [RatisApplyTransactionExecutor 1] INFO  interfaces.Container (KeyValueContainer.java:flushAndSyncDB(386)) - Container 1 is synced with bcsId 0.
2019-10-03 08:31:12,056 [RatisApplyTransactionExecutor 1] INFO  interfaces.Container (KeyValueContainer.java:close(335)) - Container 1 is closed with bcsId 0.
2019-10-03 08:31:12,056 [RatisApplyTransactionExecutor 1] INFO  interfaces.Container (KeyValueContainer.java:close(335)) - Container 1 is closed with bcsId 0.
2019-10-03 08:31:12,065 [EventQueue-IncrementalContainerReportForIncrementalContainerReportHandler] WARN  container.IncrementalContainerReportHandler (AbstractContainerReportHandler.java:updateContainerState(143)) - Container #1 is in OPEN state, but the datanode 018a42ba-2560-403a-9985-3e26b1a2fca3{ip: 192.168.151.98, host: pr-hdds2217-2mkdc-371598885, networkLocation: /default-rack, certSerialId: null} reports an CLOSED replica.
2019-10-03 08:31:12,065 [EventQueue-IncrementalContainerReportForIncrementalContainerReportHandler] WARN  container.IncrementalContainerReportHandler (AbstractContainerReportHandler.java:updateContainerState(143)) - Container #1 is in OPEN state, but the datanode a0579777-64ad-43dd-9cc9-d89f7d8424a8{ip: 192.168.151.98, host: pr-hdds2217-2mkdc-371598885, networkLocation: /default-rack, certSerialId: null} reports an CLOSED replica.
2019-10-03 08:31:12,728 [grpc-default-executor-8] WARN  server.GrpcLogAppender (LogUtils.java:warn(134)) - e99ec86c-eb11-4984-811e-cb8f4c6ed7f5@group-269E35724743->f69a3bb4-5ce3-4f3a-a5ec-57530bf8bb38-AppendLogResponseHandler: Failed appendEntries: org.apache.ratis.thirdparty.io.grpc.StatusRuntimeException: UNAVAILABLE: io exception
2019-10-03 08:31:12,728 [grpc-default-executor-6] WARN  server.GrpcLogAppender (LogUtils.java:warn(134)) - e99ec86c-eb11-4984-811e-cb8f4c6ed7f5@group-269E35724743->027d15f8-0321-42a1-b7d1-02f58cd1cf17-AppendLogResponseHandler: Failed appendEntries: org.apache.ratis.thirdparty.io.grpc.StatusRuntimeException: UNAVAILABLE: io exception
2019-10-03 08:31:12,728 [grpc-default-executor-8] INFO  impl.FollowerInfo (FollowerInfo.java:lambda$new$0(51)) - e99ec86c-eb11-4984-811e-cb8f4c6ed7f5@group-269E35724743->f69a3bb4-5ce3-4f3a-a5ec-57530bf8bb38: nextIndex: updateUnconditionally 0 -> 0
2019-10-03 08:31:12,728 [grpc-default-executor-6] INFO  impl.FollowerInfo (FollowerInfo.java:lambda$new$0(51)) - e99ec86c-eb11-4984-811e-cb8f4c6ed7f5@group-269E35724743->027d15f8-0321-42a1-b7d1-02f58cd1cf17: nextIndex: updateUnconditionally 0 -> 0
2019-10-03 08:31:13,785 [grpc-default-executor-6] WARN  server.GrpcLogAppender (LogUtils.java:warn(134)) - e99ec86c-eb11-4984-811e-cb8f4c6ed7f5@group-269E35724743->f69a3bb4-5ce3-4f3a-a5ec-57530bf8bb38-AppendLogResponseHandler: Failed appendEntries: org.apache.ratis.thirdparty.io.grpc.StatusRuntimeException: UNAVAILABLE: io exception
2019-10-03 08:31:13,785 [grpc-default-executor-8] WARN  server.GrpcLogAppender (LogUtils.java:warn(134)) - e99ec86c-eb11-4984-811e-cb8f4c6ed7f5@group-269E35724743->027d15f8-0321-42a1-b7d1-02f58cd1cf17-AppendLogResponseHandler: Failed appendEntries: org.apache.ratis.thirdparty.io.grpc.StatusRuntimeException: UNAVAILABLE: io exception
2019-10-03 08:31:13,785 [grpc-default-executor-6] INFO  impl.FollowerInfo (FollowerInfo.java:lambda$new$0(51)) - e99ec86c-eb11-4984-811e-cb8f4c6ed7f5@group-269E35724743->f69a3bb4-5ce3-4f3a-a5ec-57530bf8bb38: nextIndex: updateUnconditionally 1 -> 0
2019-10-03 08:31:13,785 [grpc-default-executor-8] INFO  impl.FollowerInfo (FollowerInfo.java:lambda$new$0(51)) - e99ec86c-eb11-4984-811e-cb8f4c6ed7f5@group-269E35724743->027d15f8-0321-42a1-b7d1-02f58cd1cf17: nextIndex: updateUnconditionally 1 -> 0
2019-10-03 08:31:14,498 [grpc-default-executor-7] WARN  server.GrpcLogAppender (LogUtils.java:warn(134)) - a0579777-64ad-43dd-9cc9-d89f7d8424a8@group-8E48EECBEEE0->3f80a612-2f76-4eb3-b73b-53e4707867d7-AppendLogResponseHandler: Failed appendEntries: org.apache.ratis.thirdparty.io.grpc.StatusRuntimeException: UNAVAILABLE: io exception
2019-10-03 08:31:14,499 [grpc-default-executor-7] INFO  impl.FollowerInfo (FollowerInfo.java:lambda$new$0(51)) - a0579777-64ad-43dd-9cc9-d89f7d8424a8@group-8E48EECBEEE0->3f80a612-2f76-4eb3-b73b-53e4707867d7: nextIndex: updateUnconditionally 2 -> 1
2019-10-03 08:31:15,091 [main] WARN  scm.XceiverClientRatis (XceiverClientRatis.java:watchForCommit(292)) - 3 way commit failed on pipeline Pipeline[ Id: 86d3518b-e3d0-425a-9834-8e48eecbeee0, Nodes: 3f80a612-2f76-4eb3-b73b-53e4707867d7{ip: 192.168.151.98, host: pr-hdds2217-2mkdc-371598885, networkLocation: /default-rack, certSerialId: null}018a42ba-2560-403a-9985-3e26b1a2fca3{ip: 192.168.151.98, host: pr-hdds2217-2mkdc-371598885, networkLocation: /default-rack, certSerialId: null}a0579777-64ad-43dd-9cc9-d89f7d8424a8{ip: 192.168.151.98, host: pr-hdds2217-2mkdc-371598885, networkLocation: /default-rack, certSerialId: null}, Type:RATIS, Factor:THREE, State:OPEN]
java.util.concurrent.TimeoutException
	at java.util.concurrent.CompletableFuture.timedGet(CompletableFuture.java:1771)
	at java.util.concurrent.CompletableFuture.get(CompletableFuture.java:1915)
	at org.apache.hadoop.hdds.scm.XceiverClientRatis.watchForCommit(XceiverClientRatis.java:289)
	at org.apache.hadoop.ozone.client.rpc.TestWatchForCommit.test2WayCommitForTimeoutException(TestWatchForCommit.java:391)
	at sun.reflect.NativeMethodAccessorImpl.invoke0(Native Method)
	at sun.reflect.NativeMethodAccessorImpl.invoke(NativeMethodAccessorImpl.java:62)
	at sun.reflect.DelegatingMethodAccessorImpl.invoke(DelegatingMethodAccessorImpl.java:43)
	at java.lang.reflect.Method.invoke(Method.java:498)
	at org.junit.runners.model.FrameworkMethod$1.runReflectiveCall(FrameworkMethod.java:47)
	at org.junit.internal.runners.model.ReflectiveCallable.run(ReflectiveCallable.java:12)
	at org.junit.runners.model.FrameworkMethod.invokeExplosively(FrameworkMethod.java:44)
	at org.junit.internal.runners.statements.InvokeMethod.evaluate(InvokeMethod.java:17)
	at org.junit.runners.ParentRunner.runLeaf(ParentRunner.java:271)
	at org.junit.runners.BlockJUnit4ClassRunner.runChild(BlockJUnit4ClassRunner.java:70)
	at org.junit.runners.BlockJUnit4ClassRunner.runChild(BlockJUnit4ClassRunner.java:50)
	at org.junit.runners.ParentRunner$3.run(ParentRunner.java:238)
	at org.junit.runners.ParentRunner$1.schedule(ParentRunner.java:63)
	at org.junit.runners.ParentRunner.runChildren(ParentRunner.java:236)
	at org.junit.runners.ParentRunner.access$000(ParentRunner.java:53)
	at org.junit.runners.ParentRunner$2.evaluate(ParentRunner.java:229)
	at org.junit.runners.ParentRunner.run(ParentRunner.java:309)
	at org.apache.maven.surefire.junit4.JUnit4Provider.execute(JUnit4Provider.java:365)
	at org.apache.maven.surefire.junit4.JUnit4Provider.executeWithRerun(JUnit4Provider.java:273)
	at org.apache.maven.surefire.junit4.JUnit4Provider.executeTestSet(JUnit4Provider.java:238)
	at org.apache.maven.surefire.junit4.JUnit4Provider.invoke(JUnit4Provider.java:159)
	at org.apache.maven.surefire.booter.ForkedBooter.invokeProviderInSameClassLoader(ForkedBooter.java:384)
	at org.apache.maven.surefire.booter.ForkedBooter.runSuitesInProcess(ForkedBooter.java:345)
	at org.apache.maven.surefire.booter.ForkedBooter.execute(ForkedBooter.java:126)
	at org.apache.maven.surefire.booter.ForkedBooter.main(ForkedBooter.java:418)
2019-10-03 08:31:15,107 [Thread-2432] INFO  client.GrpcClientProtocolService (GrpcClientProtocolService.java:lambda$processClientRequest$0(278)) - Failed RaftClientRequest:client-F514E8394934->018a42ba-2560-403a-9985-3e26b1a2fca3@group-8E48EECBEEE0, cid=105, seq=0, Watch-MAJORITY_COMMITTED(3), Message:<EMPTY>, reply=RaftClientReply:client-F514E8394934->018a42ba-2560-403a-9985-3e26b1a2fca3@group-8E48EECBEEE0, cid=105, FAILED org.apache.ratis.protocol.NotLeaderException: Server 018a42ba-2560-403a-9985-3e26b1a2fca3@group-8E48EECBEEE0 is not the leader a0579777-64ad-43dd-9cc9-d89f7d8424a8:192.168.151.98:46774, logIndex=0, commits[018a42ba-2560-403a-9985-3e26b1a2fca3:c4, a0579777-64ad-43dd-9cc9-d89f7d8424a8:c4, 3f80a612-2f76-4eb3-b73b-53e4707867d7:c2]
2019-10-03 08:31:16,285 [grpc-default-executor-7] WARN  server.GrpcLogAppender (LogUtils.java:warn(134)) - e99ec86c-eb11-4984-811e-cb8f4c6ed7f5@group-269E35724743->f69a3bb4-5ce3-4f3a-a5ec-57530bf8bb38-AppendLogResponseHandler: Failed appendEntries: org.apache.ratis.thirdparty.io.grpc.StatusRuntimeException: UNAVAILABLE: io exception
2019-10-03 08:31:16,285 [grpc-default-executor-4] WARN  server.GrpcLogAppender (LogUtils.java:warn(134)) - e99ec86c-eb11-4984-811e-cb8f4c6ed7f5@group-269E35724743->027d15f8-0321-42a1-b7d1-02f58cd1cf17-AppendLogResponseHandler: Failed appendEntries: org.apache.ratis.thirdparty.io.grpc.StatusRuntimeException: UNAVAILABLE: io exception
2019-10-03 08:31:16,297 [grpc-default-executor-7] INFO  impl.FollowerInfo (FollowerInfo.java:lambda$new$0(51)) - e99ec86c-eb11-4984-811e-cb8f4c6ed7f5@group-269E35724743->f69a3bb4-5ce3-4f3a-a5ec-57530bf8bb38: nextIndex: updateUnconditionally 0 -> 0
2019-10-03 08:31:16,297 [grpc-default-executor-4] INFO  impl.FollowerInfo (FollowerInfo.java:lambda$new$0(51)) - e99ec86c-eb11-4984-811e-cb8f4c6ed7f5@group-269E35724743->027d15f8-0321-42a1-b7d1-02f58cd1cf17: nextIndex: updateUnconditionally 0 -> 0
2019-10-03 08:31:17,001 [grpc-default-executor-4] WARN  server.GrpcLogAppender (LogUtils.java:warn(134)) - a0579777-64ad-43dd-9cc9-d89f7d8424a8@group-8E48EECBEEE0->3f80a612-2f76-4eb3-b73b-53e4707867d7-AppendLogResponseHandler: Failed appendEntries: org.apache.ratis.thirdparty.io.grpc.StatusRuntimeException: UNAVAILABLE: io exception
2019-10-03 08:31:17,001 [grpc-default-executor-4] INFO  impl.FollowerInfo (FollowerInfo.java:lambda$new$0(51)) - a0579777-64ad-43dd-9cc9-d89f7d8424a8@group-8E48EECBEEE0->3f80a612-2f76-4eb3-b73b-53e4707867d7: nextIndex: updateUnconditionally 1 -> 0
2019-10-03 08:31:17,843 [EventQueue-StaleNodeForStaleNodeHandler] INFO  node.StaleNodeHandler (StaleNodeHandler.java:onMessage(58)) - Datanode f69a3bb4-5ce3-4f3a-a5ec-57530bf8bb38{ip: 192.168.151.98, host: pr-hdds2217-2mkdc-371598885, networkLocation: /default-rack, certSerialId: null} moved to stale state. Finalizing its pipelines [PipelineID=bc72e4a1-cb30-47ad-bb55-269e35724743, PipelineID=b1bd3893-2dc8-45e8-9269-a9145a93a23d]
2019-10-03 08:31:17,844 [EventQueue-StaleNodeForStaleNodeHandler] INFO  pipeline.SCMPipelineManager (SCMPipelineManager.java:finalizeAndDestroyPipeline(315)) - destroying pipeline:Pipeline[ Id: bc72e4a1-cb30-47ad-bb55-269e35724743, Nodes: 027d15f8-0321-42a1-b7d1-02f58cd1cf17{ip: 192.168.151.98, host: pr-hdds2217-2mkdc-371598885, networkLocation: /default-rack, certSerialId: null}f69a3bb4-5ce3-4f3a-a5ec-57530bf8bb38{ip: 192.168.151.98, host: pr-hdds2217-2mkdc-371598885, networkLocation: /default-rack, certSerialId: null}e99ec86c-eb11-4984-811e-cb8f4c6ed7f5{ip: 192.168.151.98, host: pr-hdds2217-2mkdc-371598885, networkLocation: /default-rack, certSerialId: null}, Type:RATIS, Factor:THREE, State:CLOSED]
2019-10-03 08:31:17,844 [EventQueue-StaleNodeForStaleNodeHandler] INFO  pipeline.SCMPipelineManager (SCMPipelineManager.java:finalizeAndDestroyPipeline(315)) - destroying pipeline:Pipeline[ Id: b1bd3893-2dc8-45e8-9269-a9145a93a23d, Nodes: f69a3bb4-5ce3-4f3a-a5ec-57530bf8bb38{ip: 192.168.151.98, host: pr-hdds2217-2mkdc-371598885, networkLocation: /default-rack, certSerialId: null}, Type:RATIS, Factor:ONE, State:OPEN]
2019-10-03 08:31:17,844 [EventQueue-StaleNodeForStaleNodeHandler] INFO  pipeline.PipelineStateManager (PipelineStateManager.java:finalizePipeline(123)) - Pipeline Pipeline[ Id: b1bd3893-2dc8-45e8-9269-a9145a93a23d, Nodes: f69a3bb4-5ce3-4f3a-a5ec-57530bf8bb38{ip: 192.168.151.98, host: pr-hdds2217-2mkdc-371598885, networkLocation: /default-rack, certSerialId: null}, Type:RATIS, Factor:ONE, State:CLOSED] moved to CLOSED state
]]></system-out>
    <system-err><![CDATA[Oct 03, 2019 8:31:11 AM org.apache.ratis.thirdparty.io.grpc.internal.SerializingExecutor run
SEVERE: Exception while executing runnable org.apache.ratis.thirdparty.io.grpc.internal.ServerImpl$JumpToApplicationThreadServerStreamListener$1Closed@4612b93b
org.apache.ratis.thirdparty.io.grpc.StatusRuntimeException: CANCELLED: call already cancelled
	at org.apache.ratis.thirdparty.io.grpc.Status.asRuntimeException(Status.java:517)
	at org.apache.ratis.thirdparty.io.grpc.stub.ServerCalls$ServerCallStreamObserverImpl.onCompleted(ServerCalls.java:356)
	at org.apache.ratis.grpc.server.GrpcServerProtocolService$ServerRequestStreamObserver.onError(GrpcServerProtocolService.java:121)
	at org.apache.ratis.thirdparty.io.grpc.stub.ServerCalls$StreamingServerCallHandler$StreamingServerCallListener.onCancel(ServerCalls.java:269)
	at org.apache.ratis.thirdparty.io.grpc.internal.ServerCallImpl$ServerStreamListenerImpl.closed(ServerCallImpl.java:293)
	at org.apache.ratis.thirdparty.io.grpc.internal.ServerImpl$JumpToApplicationThreadServerStreamListener$1Closed.runInContext(ServerImpl.java:741)
	at org.apache.ratis.thirdparty.io.grpc.internal.ContextRunnable.run(ContextRunnable.java:37)
	at org.apache.ratis.thirdparty.io.grpc.internal.SerializingExecutor.run(SerializingExecutor.java:123)
	at java.util.concurrent.ThreadPoolExecutor.runWorker(ThreadPoolExecutor.java:1149)
	at java.util.concurrent.ThreadPoolExecutor$Worker.run(ThreadPoolExecutor.java:624)
	at java.lang.Thread.run(Thread.java:748)

]]></system-err>
  </testcase>
</testsuite>