<?xml version="1.0" encoding="UTF-8"?>
<testsuite xmlns:xsi="http://www.w3.org/2001/XMLSchema-instance" xsi:noNamespaceSchemaLocation="https://maven.apache.org/surefire/maven-surefire-plugin/xsd/surefire-test-report.xsd" name="org.apache.hadoop.ozone.client.rpc.TestDeleteWithSlowFollower" time="137.339" tests="1" errors="0" skipped="0" failures="1">
  <properties>
    <property name="awt.toolkit" value="sun.awt.X11.XToolkit"/>
    <property name="file.encoding.pkg" value="sun.io"/>
    <property name="java.specification.version" value="1.8"/>
    <property name="sun.cpu.isalist" value=""/>
    <property name="sun.jnu.encoding" value="UTF-8"/>
    <property name="java.class.path" value="/workdir/hadoop-ozone/integration-test/target/test-classes:/workdir/hadoop-ozone/integration-test/target/classes:/home/user/.m2/repository/org/apache/hadoop/hadoop-ozone-common/0.5.0-SNAPSHOT/hadoop-ozone-common-0.5.0-SNAPSHOT.jar:/home/user/.m2/repository/org/apache/commons/commons-compress/1.4.1/commons-compress-1.4.1.jar:/home/user/.m2/repository/org/tukaani/xz/1.0/xz-1.0.jar:/home/user/.m2/repository/org/apache/hadoop/hadoop-common/3.2.0/hadoop-common-3.2.0.jar:/home/user/.m2/repository/org/apache/hadoop/hadoop-hdfs/3.2.0/hadoop-hdfs-3.2.0.jar:/home/user/.m2/repository/org/apache/hadoop/hadoop-hdfs-client/3.2.0/hadoop-hdfs-client-3.2.0.jar:/home/user/.m2/repository/com/fasterxml/jackson/core/jackson-annotations/2.9.9/jackson-annotations-2.9.9.jar:/home/user/.m2/repository/org/apache/hadoop/hadoop-hdds-common/0.5.0-SNAPSHOT/hadoop-hdds-common-0.5.0-SNAPSHOT.jar:/home/user/.m2/repository/javax/annotation/javax.annotation-api/1.2/javax.annotation-api-1.2.jar:/home/user/.m2/repository/org/apache/ratis/ratis-server/0.5.0-201fc85-SNAPSHOT/ratis-server-0.5.0-201fc85-SNAPSHOT.jar:/home/user/.m2/repository/org/apache/ratis/ratis-thirdparty-misc/0.2.0/ratis-thirdparty-misc-0.2.0.jar:/home/user/.m2/repository/org/apache/ratis/ratis-proto/0.5.0-201fc85-SNAPSHOT/ratis-proto-0.5.0-201fc85-SNAPSHOT.jar:/home/user/.m2/repository/org/apache/ratis/ratis-common/0.5.0-201fc85-SNAPSHOT/ratis-common-0.5.0-201fc85-SNAPSHOT.jar:/home/user/.m2/repository/org/apache/ratis/ratis-client/0.5.0-201fc85-SNAPSHOT/ratis-client-0.5.0-201fc85-SNAPSHOT.jar:/home/user/.m2/repository/org/apache/ratis/ratis-metrics/0.5.0-201fc85-SNAPSHOT/ratis-metrics-0.5.0-201fc85-SNAPSHOT.jar:/home/user/.m2/repository/com/github/joshelser/dropwizard-metrics-hadoop-metrics2-reporter/0.1.2/dropwizard-metrics-hadoop-metrics2-reporter-0.1.2.jar:/home/user/.m2/repository/io/dropwizard/metrics/metrics-jvm/3.2.5/metrics-jvm-3.2.5.jar:/home/user/.m2/repository/io/dropwizard/metrics/metrics-ganglia/3.2.5/metrics-ganglia-3.2.5.jar:/home/user/.m2/repository/info/ganglia/gmetric4j/gmetric4j/1.0.7/gmetric4j-1.0.7.jar:/home/user/.m2/repository/org/apache/ratis/ratis-netty/0.5.0-201fc85-SNAPSHOT/ratis-netty-0.5.0-201fc85-SNAPSHOT.jar:/home/user/.m2/repository/org/apache/ratis/ratis-grpc/0.5.0-201fc85-SNAPSHOT/ratis-grpc-0.5.0-201fc85-SNAPSHOT.jar:/home/user/.m2/repository/org/rocksdb/rocksdbjni/6.0.1/rocksdbjni-6.0.1.jar:/home/user/.m2/repository/org/apache/logging/log4j/log4j-api/2.11.0/log4j-api-2.11.0.jar:/home/user/.m2/repository/org/apache/logging/log4j/log4j-core/2.11.0/log4j-core-2.11.0.jar:/home/user/.m2/repository/com/lmax/disruptor/3.4.2/disruptor-3.4.2.jar:/home/user/.m2/repository/org/apache/commons/commons-pool2/2.6.0/commons-pool2-2.6.0.jar:/home/user/.m2/repository/org/bouncycastle/bcpkix-jdk15on/1.60/bcpkix-jdk15on-1.60.jar:/home/user/.m2/repository/commons-validator/commons-validator/1.6/commons-validator-1.6.jar:/home/user/.m2/repository/commons-digester/commons-digester/1.8.1/commons-digester-1.8.1.jar:/home/user/.m2/repository/io/jaegertracing/jaeger-client/0.34.0/jaeger-client-0.34.0.jar:/home/user/.m2/repository/io/jaegertracing/jaeger-thrift/0.34.0/jaeger-thrift-0.34.0.jar:/home/user/.m2/repository/org/apache/thrift/libthrift/0.12.0/libthrift-0.12.0.jar:/home/user/.m2/repository/com/squareup/okhttp3/okhttp/3.9.0/okhttp-3.9.0.jar:/home/user/.m2/repository/com/squareup/okio/okio/1.13.0/okio-1.13.0.jar:/home/user/.m2/repository/io/jaegertracing/jaeger-core/0.34.0/jaeger-core-0.34.0.jar:/home/user/.m2/repository/io/jaegertracing/jaeger-tracerresolver/0.34.0/jaeger-tracerresolver-0.34.0.jar:/home/user/.m2/repository/io/opentracing/contrib/opentracing-tracerresolver/0.1.5/opentracing-tracerresolver-0.1.5.jar:/home/user/.m2/repository/io/opentracing/opentracing-util/0.31.0/opentracing-util-0.31.0.jar:/home/user/.m2/repository/io/opentracing/opentracing-api/0.31.0/opentracing-api-0.31.0.jar:/home/user/.m2/repository/io/opentracing/opentracing-noop/0.31.0/opentracing-noop-0.31.0.jar:/home/user/.m2/repository/org/apache/hadoop/hadoop-hdds-server-framework/0.5.0-SNAPSHOT/hadoop-hdds-server-framework-0.5.0-SNAPSHOT.jar:/home/user/.m2/repository/org/apache/hadoop/hadoop-hdds-container-service/0.5.0-SNAPSHOT/hadoop-hdds-container-service-0.5.0-SNAPSHOT.jar:/home/user/.m2/repository/org/apache/hadoop/hadoop-hdds-client/0.5.0-SNAPSHOT/hadoop-hdds-client-0.5.0-SNAPSHOT.jar:/home/user/.m2/repository/org/apache/hadoop/hadoop-hdds-tools/0.5.0-SNAPSHOT/hadoop-hdds-tools-0.5.0-SNAPSHOT.jar:/home/user/.m2/repository/org/apache/hadoop/hadoop-hdds-server-scm/0.5.0-SNAPSHOT/hadoop-hdds-server-scm-0.5.0-SNAPSHOT.jar:/home/user/.m2/repository/org/apache/hadoop/hadoop-hdds-docs/0.5.0-SNAPSHOT/hadoop-hdds-docs-0.5.0-SNAPSHOT.jar:/home/user/.m2/repository/io/dropwizard/metrics/metrics-core/3.2.4/metrics-core-3.2.4.jar:/home/user/.m2/repository/org/hamcrest/hamcrest-all/1.3/hamcrest-all-1.3.jar:/home/user/.m2/repository/org/bouncycastle/bcprov-jdk15on/1.60/bcprov-jdk15on-1.60.jar:/home/user/.m2/repository/info/picocli/picocli/3.9.6/picocli-3.9.6.jar:/home/user/.m2/repository/com/google/protobuf/protobuf-java/2.5.0/protobuf-java-2.5.0.jar:/home/user/.m2/repository/com/google/guava/guava/11.0.2/guava-11.0.2.jar:/home/user/.m2/repository/org/apache/hadoop/hadoop-ozone-ozone-manager/0.5.0-SNAPSHOT/hadoop-ozone-ozone-manager-0.5.0-SNAPSHOT.jar:/home/user/.m2/repository/org/apache/hadoop/hadoop-minikdc/3.2.0/hadoop-minikdc-3.2.0.jar:/home/user/.m2/repository/commons-io/commons-io/2.5/commons-io-2.5.jar:/home/user/.m2/repository/org/apache/kerby/kerb-simplekdc/1.0.1/kerb-simplekdc-1.0.1.jar:/home/user/.m2/repository/org/apache/kerby/kerb-client/1.0.1/kerb-client-1.0.1.jar:/home/user/.m2/repository/org/apache/kerby/kerby-config/1.0.1/kerby-config-1.0.1.jar:/home/user/.m2/repository/org/apache/kerby/kerb-core/1.0.1/kerb-core-1.0.1.jar:/home/user/.m2/repository/org/apache/kerby/kerby-pkix/1.0.1/kerby-pkix-1.0.1.jar:/home/user/.m2/repository/org/apache/kerby/kerby-asn1/1.0.1/kerby-asn1-1.0.1.jar:/home/user/.m2/repository/org/apache/kerby/kerby-util/1.0.1/kerby-util-1.0.1.jar:/home/user/.m2/repository/org/apache/kerby/kerb-common/1.0.1/kerb-common-1.0.1.jar:/home/user/.m2/repository/org/apache/kerby/kerb-crypto/1.0.1/kerb-crypto-1.0.1.jar:/home/user/.m2/repository/org/apache/kerby/kerb-util/1.0.1/kerb-util-1.0.1.jar:/home/user/.m2/repository/org/apache/kerby/token-provider/1.0.1/token-provider-1.0.1.jar:/home/user/.m2/repository/org/apache/kerby/kerb-admin/1.0.1/kerb-admin-1.0.1.jar:/home/user/.m2/repository/org/apache/kerby/kerb-server/1.0.1/kerb-server-1.0.1.jar:/home/user/.m2/repository/org/apache/kerby/kerb-identity/1.0.1/kerb-identity-1.0.1.jar:/home/user/.m2/repository/org/apache/kerby/kerby-xdr/1.0.1/kerby-xdr-1.0.1.jar:/home/user/.m2/repository/org/slf4j/slf4j-log4j12/1.7.25/slf4j-log4j12-1.7.25.jar:/home/user/.m2/repository/org/apache/hadoop/hadoop-ozone-s3gateway/0.5.0-SNAPSHOT/hadoop-ozone-s3gateway-0.5.0-SNAPSHOT.jar:/home/user/.m2/repository/org/jboss/weld/servlet/weld-servlet/2.4.7.Final/weld-servlet-2.4.7.Final.jar:/home/user/.m2/repository/org/glassfish/jersey/containers/jersey-container-servlet-core/2.27/jersey-container-servlet-core-2.27.jar:/home/user/.m2/repository/org/glassfish/hk2/external/javax.inject/2.5.0-b42/javax.inject-2.5.0-b42.jar:/home/user/.m2/repository/org/glassfish/jersey/core/jersey-common/2.27/jersey-common-2.27.jar:/home/user/.m2/repository/org/glassfish/hk2/osgi-resource-locator/1.0.1/osgi-resource-locator-1.0.1.jar:/home/user/.m2/repository/javax/ws/rs/javax.ws.rs-api/2.1/javax.ws.rs-api-2.1.jar:/home/user/.m2/repository/org/glassfish/jersey/ext/cdi/jersey-cdi1x/2.27/jersey-cdi1x-2.27.jar:/home/user/.m2/repository/org/glassfish/jersey/inject/jersey-hk2/2.27/jersey-hk2-2.27.jar:/home/user/.m2/repository/org/glassfish/hk2/hk2-locator/2.5.0-b42/hk2-locator-2.5.0-b42.jar:/home/user/.m2/repository/org/javassist/javassist/3.22.0-CR2/javassist-3.22.0-CR2.jar:/home/user/.m2/repository/org/glassfish/hk2/hk2-api/2.5.0/hk2-api-2.5.0.jar:/home/user/.m2/repository/org/glassfish/hk2/external/jakarta.inject/2.5.0/jakarta.inject-2.5.0.jar:/home/user/.m2/repository/org/glassfish/hk2/hk2-utils/2.5.0/hk2-utils-2.5.0.jar:/home/user/.m2/repository/jakarta/annotation/jakarta.annotation-api/1.3.4/jakarta.annotation-api-1.3.4.jar:/home/user/.m2/repository/org/glassfish/hk2/external/aopalliance-repackaged/2.5.0/aopalliance-repackaged-2.5.0.jar:/home/user/.m2/repository/com/fasterxml/jackson/dataformat/jackson-dataformat-xml/2.9.0/jackson-dataformat-xml-2.9.0.jar:/home/user/.m2/repository/com/fasterxml/jackson/core/jackson-core/2.9.9/jackson-core-2.9.9.jar:/home/user/.m2/repository/com/fasterxml/jackson/module/jackson-module-jaxb-annotations/2.9.9/jackson-module-jaxb-annotations-2.9.9.jar:/home/user/.m2/repository/javax/enterprise/cdi-api/1.2/cdi-api-1.2.jar:/home/user/.m2/repository/javax/el/javax.el-api/3.0.0/javax.el-api-3.0.0.jar:/home/user/.m2/repository/javax/interceptor/javax.interceptor-api/1.2/javax.interceptor-api-1.2.jar:/home/user/.m2/repository/javax/inject/javax.inject/1/javax.inject-1.jar:/home/user/.m2/repository/com/sun/xml/bind/jaxb-impl/2.3.0.1/jaxb-impl-2.3.0.1.jar:/home/user/.m2/repository/com/sun/xml/bind/jaxb-core/2.3.0.1/jaxb-core-2.3.0.1.jar:/home/user/.m2/repository/javax/xml/bind/jaxb-api/2.3.0/jaxb-api-2.3.0.jar:/home/user/.m2/repository/javax/activation/activation/1.1.1/activation-1.1.1.jar:/home/user/.m2/repository/org/apache/hadoop/hadoop-ozone-csi/0.5.0-SNAPSHOT/hadoop-ozone-csi-0.5.0-SNAPSHOT.jar:/home/user/.m2/repository/com/google/protobuf/protobuf-java-util/3.5.1/protobuf-java-util-3.5.1.jar:/home/user/.m2/repository/org/apache/hadoop/hadoop-hdds-config/0.5.0-SNAPSHOT/hadoop-hdds-config-0.5.0-SNAPSHOT.jar:/home/user/.m2/repository/io/grpc/grpc-netty/1.17.1/grpc-netty-1.17.1.jar:/home/user/.m2/repository/io/grpc/grpc-core/1.17.1/grpc-core-1.17.1.jar:/home/user/.m2/repository/io/grpc/grpc-context/1.17.1/grpc-context-1.17.1.jar:/home/user/.m2/repository/com/google/errorprone/error_prone_annotations/2.2.0/error_prone_annotations-2.2.0.jar:/home/user/.m2/repository/org/codehaus/mojo/animal-sniffer-annotations/1.17/animal-sniffer-annotations-1.17.jar:/home/user/.m2/repository/io/opencensus/opencensus-api/0.17.0/opencensus-api-0.17.0.jar:/home/user/.m2/repository/io/opencensus/opencensus-contrib-grpc-metrics/0.17.0/opencensus-contrib-grpc-metrics-0.17.0.jar:/home/user/.m2/repository/io/netty/netty-codec-http2/4.1.30.Final/netty-codec-http2-4.1.30.Final.jar:/home/user/.m2/repository/io/netty/netty-codec-http/4.1.30.Final/netty-codec-http-4.1.30.Final.jar:/home/user/.m2/repository/io/netty/netty-codec/4.1.30.Final/netty-codec-4.1.30.Final.jar:/home/user/.m2/repository/io/netty/netty-handler/4.1.30.Final/netty-handler-4.1.30.Final.jar:/home/user/.m2/repository/io/netty/netty-handler-proxy/4.1.30.Final/netty-handler-proxy-4.1.30.Final.jar:/home/user/.m2/repository/io/netty/netty-codec-socks/4.1.30.Final/netty-codec-socks-4.1.30.Final.jar:/home/user/.m2/repository/io/netty/netty-transport-native-epoll/4.1.30.Final/netty-transport-native-epoll-4.1.30.Final.jar:/home/user/.m2/repository/io/netty/netty-common/4.1.30.Final/netty-common-4.1.30.Final.jar:/home/user/.m2/repository/io/netty/netty-buffer/4.1.30.Final/netty-buffer-4.1.30.Final.jar:/home/user/.m2/repository/io/netty/netty-transport/4.1.30.Final/netty-transport-4.1.30.Final.jar:/home/user/.m2/repository/io/netty/netty-resolver/4.1.30.Final/netty-resolver-4.1.30.Final.jar:/home/user/.m2/repository/io/netty/netty-transport-native-unix-common/4.1.30.Final/netty-transport-native-unix-common-4.1.30.Final.jar:/home/user/.m2/repository/io/grpc/grpc-protobuf/1.17.1/grpc-protobuf-1.17.1.jar:/home/user/.m2/repository/com/google/api/grpc/proto-google-common-protos/1.0.0/proto-google-common-protos-1.0.0.jar:/home/user/.m2/repository/io/grpc/grpc-protobuf-lite/1.17.1/grpc-protobuf-lite-1.17.1.jar:/home/user/.m2/repository/io/grpc/grpc-stub/1.17.1/grpc-stub-1.17.1.jar:/home/user/.m2/repository/org/apache/hadoop/hadoop-ozone-recon/0.5.0-SNAPSHOT/hadoop-ozone-recon-0.5.0-SNAPSHOT.jar:/home/user/.m2/repository/org/apache/hadoop/hadoop-ozone-reconcodegen/0.5.0-SNAPSHOT/hadoop-ozone-reconcodegen-0.5.0-SNAPSHOT.jar:/home/user/.m2/repository/com/google/inject/extensions/guice-multibindings/4.0/guice-multibindings-4.0.jar:/home/user/.m2/repository/com/google/inject/guice/4.0/guice-4.0.jar:/home/user/.m2/repository/aopalliance/aopalliance/1.0/aopalliance-1.0.jar:/home/user/.m2/repository/com/google/inject/extensions/guice-servlet/4.0/guice-servlet-4.0.jar:/home/user/.m2/repository/org/glassfish/jersey/containers/jersey-container-servlet/2.27/jersey-container-servlet-2.27.jar:/home/user/.m2/repository/org/glassfish/hk2/guice-bridge/2.5.0/guice-bridge-2.5.0.jar:/home/user/.m2/repository/org/glassfish/jersey/core/jersey-server/2.27/jersey-server-2.27.jar:/home/user/.m2/repository/org/glassfish/jersey/core/jersey-client/2.27/jersey-client-2.27.jar:/home/user/.m2/repository/org/glassfish/jersey/media/jersey-media-jaxb/2.27/jersey-media-jaxb-2.27.jar:/home/user/.m2/repository/javax/validation/validation-api/1.1.0.Final/validation-api-1.1.0.Final.jar:/home/user/.m2/repository/org/glassfish/jersey/media/jersey-media-json-jackson/2.27/jersey-media-json-jackson-2.27.jar:/home/user/.m2/repository/org/glassfish/jersey/ext/jersey-entity-filtering/2.27/jersey-entity-filtering-2.27.jar:/home/user/.m2/repository/com/google/inject/extensions/guice-assistedinject/4.0/guice-assistedinject-4.0.jar:/home/user/.m2/repository/org/jooq/jooq/3.11.10/jooq-3.11.10.jar:/home/user/.m2/repository/org/jooq/jooq-meta/3.11.10/jooq-meta-3.11.10.jar:/home/user/.m2/repository/org/jooq/jooq-codegen/3.11.10/jooq-codegen-3.11.10.jar:/home/user/.m2/repository/com/jolbox/bonecp/0.8.0.RELEASE/bonecp-0.8.0.RELEASE.jar:/home/user/.m2/repository/org/xerial/sqlite-jdbc/3.25.2/sqlite-jdbc-3.25.2.jar:/home/user/.m2/repository/org/springframework/spring-jdbc/5.1.3.RELEASE/spring-jdbc-5.1.3.RELEASE.jar:/home/user/.m2/repository/org/springframework/spring-beans/5.1.3.RELEASE/spring-beans-5.1.3.RELEASE.jar:/home/user/.m2/repository/org/springframework/spring-core/5.1.3.RELEASE/spring-core-5.1.3.RELEASE.jar:/home/user/.m2/repository/org/springframework/spring-jcl/5.1.3.RELEASE/spring-jcl-5.1.3.RELEASE.jar:/home/user/.m2/repository/org/springframework/spring-tx/5.1.3.RELEASE/spring-tx-5.1.3.RELEASE.jar:/home/user/.m2/repository/org/apache/hadoop/hadoop-ozone-client/0.5.0-SNAPSHOT/hadoop-ozone-client-0.5.0-SNAPSHOT.jar:/home/user/.m2/repository/commons-lang/commons-lang/2.6/commons-lang-2.6.jar:/home/user/.m2/repository/org/apache/hadoop/hadoop-ozone-ozone-manager/0.5.0-SNAPSHOT/hadoop-ozone-ozone-manager-0.5.0-SNAPSHOT-tests.jar:/home/user/.m2/repository/junit/junit/4.11/junit-4.11.jar:/home/user/.m2/repository/org/hamcrest/hamcrest-core/1.3/hamcrest-core-1.3.jar:/home/user/.m2/repository/org/openjdk/jmh/jmh-core/1.19/jmh-core-1.19.jar:/home/user/.m2/repository/net/sf/jopt-simple/jopt-simple/4.6/jopt-simple-4.6.jar:/home/user/.m2/repository/org/apache/commons/commons-math3/3.1.1/commons-math3-3.1.1.jar:/home/user/.m2/repository/org/openjdk/jmh/jmh-generator-annprocess/1.19/jmh-generator-annprocess-1.19.jar:/home/user/.m2/repository/org/mockito/mockito-all/1.8.5/mockito-all-1.8.5.jar:/home/user/.m2/repository/org/apache/hadoop/hadoop-kms/3.2.0/hadoop-kms-3.2.0.jar:/home/user/.m2/repository/org/apache/hadoop/hadoop-auth/3.2.0/hadoop-auth-3.2.0.jar:/home/user/.m2/repository/com/nimbusds/nimbus-jose-jwt/4.41.1/nimbus-jose-jwt-4.41.1.jar:/home/user/.m2/repository/com/github/stephenc/jcip/jcip-annotations/1.0-1/jcip-annotations-1.0-1.jar:/home/user/.m2/repository/net/minidev/json-smart/2.3/json-smart-2.3.jar:/home/user/.m2/repository/net/minidev/accessors-smart/1.2/accessors-smart-1.2.jar:/home/user/.m2/repository/org/ow2/asm/asm/5.0.4/asm-5.0.4.jar:/home/user/.m2/repository/org/apache/curator/curator-framework/2.12.0/curator-framework-2.12.0.jar:/home/user/.m2/repository/com/sun/jersey/jersey-core/1.19/jersey-core-1.19.jar:/home/user/.m2/repository/javax/ws/rs/jsr311-api/1.1.1/jsr311-api-1.1.1.jar:/home/user/.m2/repository/com/sun/jersey/jersey-server/1.19/jersey-server-1.19.jar:/home/user/.m2/repository/javax/servlet/javax.servlet-api/3.1.0/javax.servlet-api-3.1.0.jar:/home/user/.m2/repository/org/eclipse/jetty/jetty-server/9.3.25.v20180904/jetty-server-9.3.25.v20180904.jar:/home/user/.m2/repository/org/eclipse/jetty/jetty-http/9.3.25.v20180904/jetty-http-9.3.25.v20180904.jar:/home/user/.m2/repository/org/eclipse/jetty/jetty-io/9.3.25.v20180904/jetty-io-9.3.25.v20180904.jar:/home/user/.m2/repository/org/eclipse/jetty/jetty-webapp/9.3.25.v20180904/jetty-webapp-9.3.25.v20180904.jar:/home/user/.m2/repository/org/eclipse/jetty/jetty-xml/9.3.25.v20180904/jetty-xml-9.3.25.v20180904.jar:/home/user/.m2/repository/log4j/log4j/1.2.17/log4j-1.2.17.jar:/home/user/.m2/repository/org/slf4j/slf4j-api/1.7.25/slf4j-api-1.7.25.jar:/home/user/.m2/repository/org/slf4j/jul-to-slf4j/1.7.25/jul-to-slf4j-1.7.25.jar:/home/user/.m2/repository/org/eclipse/jetty/jetty-util/9.3.25.v20180904/jetty-util-9.3.25.v20180904.jar:/home/user/.m2/repository/com/fasterxml/jackson/core/jackson-databind/2.9.9/jackson-databind-2.9.9.jar:/home/user/.m2/repository/org/apache/hadoop/hadoop-kms/3.2.0/hadoop-kms-3.2.0-tests.jar:/home/user/.m2/repository/org/apache/hadoop/hadoop-hdds-server-scm/0.5.0-SNAPSHOT/hadoop-hdds-server-scm-0.5.0-SNAPSHOT-tests.jar:/home/user/.m2/repository/org/apache/hadoop/hadoop-hdds-container-service/0.5.0-SNAPSHOT/hadoop-hdds-container-service-0.5.0-SNAPSHOT-tests.jar:/home/user/.m2/repository/org/yaml/snakeyaml/1.16/snakeyaml-1.16.jar:/home/user/.m2/repository/org/apache/hadoop/hadoop-common/3.2.0/hadoop-common-3.2.0-tests.jar:/home/user/.m2/repository/org/apache/hadoop/hadoop-annotations/3.2.0/hadoop-annotations-3.2.0.jar:/usr/lib/jvm/java-1.8-openjdk/jre/../lib/tools.jar:/home/user/.m2/repository/commons-cli/commons-cli/1.2/commons-cli-1.2.jar:/home/user/.m2/repository/org/apache/httpcomponents/httpclient/4.5.2/httpclient-4.5.2.jar:/home/user/.m2/repository/org/apache/httpcomponents/httpcore/4.4.4/httpcore-4.4.4.jar:/home/user/.m2/repository/commons-codec/commons-codec/1.11/commons-codec-1.11.jar:/home/user/.m2/repository/commons-net/commons-net/3.6/commons-net-3.6.jar:/home/user/.m2/repository/commons-collections/commons-collections/3.2.2/commons-collections-3.2.2.jar:/home/user/.m2/repository/org/eclipse/jetty/jetty-servlet/9.3.25.v20180904/jetty-servlet-9.3.25.v20180904.jar:/home/user/.m2/repository/org/eclipse/jetty/jetty-security/9.3.25.v20180904/jetty-security-9.3.25.v20180904.jar:/home/user/.m2/repository/javax/servlet/jsp/jsp-api/2.1/jsp-api-2.1.jar:/home/user/.m2/repository/com/sun/jersey/jersey-servlet/1.19/jersey-servlet-1.19.jar:/home/user/.m2/repository/com/sun/jersey/jersey-json/1.19/jersey-json-1.19.jar:/home/user/.m2/repository/org/codehaus/jettison/jettison/1.1/jettison-1.1.jar:/home/user/.m2/repository/org/codehaus/jackson/jackson-core-asl/1.9.13/jackson-core-asl-1.9.13.jar:/home/user/.m2/repository/org/codehaus/jackson/jackson-mapper-asl/1.9.13/jackson-mapper-asl-1.9.13.jar:/home/user/.m2/repository/org/codehaus/jackson/jackson-jaxrs/1.9.13/jackson-jaxrs-1.9.13.jar:/home/user/.m2/repository/org/codehaus/jackson/jackson-xc/1.9.13/jackson-xc-1.9.13.jar:/home/user/.m2/repository/commons-logging/commons-logging/1.1.3/commons-logging-1.1.3.jar:/home/user/.m2/repository/commons-beanutils/commons-beanutils/1.9.4/commons-beanutils-1.9.4.jar:/home/user/.m2/repository/org/apache/commons/commons-configuration2/2.1.1/commons-configuration2-2.1.1.jar:/home/user/.m2/repository/org/apache/commons/commons-lang3/3.7/commons-lang3-3.7.jar:/home/user/.m2/repository/org/apache/commons/commons-text/1.4/commons-text-1.4.jar:/home/user/.m2/repository/org/apache/avro/avro/1.7.7/avro-1.7.7.jar:/home/user/.m2/repository/com/thoughtworks/paranamer/paranamer/2.3/paranamer-2.3.jar:/home/user/.m2/repository/org/xerial/snappy/snappy-java/1.0.5/snappy-java-1.0.5.jar:/home/user/.m2/repository/com/google/re2j/re2j/1.1/re2j-1.1.jar:/home/user/.m2/repository/com/google/code/gson/gson/2.2.4/gson-2.2.4.jar:/home/user/.m2/repository/com/jcraft/jsch/0.1.54/jsch-0.1.54.jar:/home/user/.m2/repository/org/apache/curator/curator-client/2.12.0/curator-client-2.12.0.jar:/home/user/.m2/repository/org/apache/curator/curator-recipes/2.12.0/curator-recipes-2.12.0.jar:/home/user/.m2/repository/com/google/code/findbugs/jsr305/3.0.0/jsr305-3.0.0.jar:/home/user/.m2/repository/org/apache/htrace/htrace-core4/4.1.0-incubating/htrace-core4-4.1.0-incubating.jar:/home/user/.m2/repository/org/apache/zookeeper/zookeeper/3.4.13/zookeeper-3.4.13.jar:/home/user/.m2/repository/jline/jline/0.9.94/jline-0.9.94.jar:/home/user/.m2/repository/org/apache/yetus/audience-annotations/0.5.0/audience-annotations-0.5.0.jar:/home/user/.m2/repository/org/codehaus/woodstox/stax2-api/3.1.4/stax2-api-3.1.4.jar:/home/user/.m2/repository/com/fasterxml/woodstox/woodstox-core/5.0.3/woodstox-core-5.0.3.jar:/home/user/.m2/repository/dnsjava/dnsjava/2.1.7/dnsjava-2.1.7.jar:/home/user/.m2/repository/org/apache/hadoop/hadoop-hdfs/3.2.0/hadoop-hdfs-3.2.0-tests.jar:/home/user/.m2/repository/org/eclipse/jetty/jetty-util-ajax/9.3.25.v20180904/jetty-util-ajax-9.3.25.v20180904.jar:/home/user/.m2/repository/commons-daemon/commons-daemon/1.0.13/commons-daemon-1.0.13.jar:/home/user/.m2/repository/io/netty/netty/3.10.5.Final/netty-3.10.5.Final.jar:/home/user/.m2/repository/io/netty/netty-all/4.0.52.Final/netty-all-4.0.52.Final.jar:/home/user/.m2/repository/org/fusesource/leveldbjni/leveldbjni-all/1.8/leveldbjni-all-1.8.jar:"/>
    <property name="java.vm.vendor" value="IcedTea"/>
    <property name="sun.arch.data.model" value="64"/>
    <property name="test.build.dir" value="/workdir/hadoop-ozone/integration-test/target/test-dir"/>
    <property name="test.cache.data" value=""/>
    <property name="java.vendor.url" value="https://icedtea.classpath.org"/>
    <property name="user.timezone" value=""/>
    <property name="java.vm.specification.version" value="1.8"/>
    <property name="os.name" value="Linux"/>
    <property name="test.build.data" value="/workdir/hadoop-ozone/integration-test/target/test-dir"/>
    <property name="user.country" value="US"/>
    <property name="sun.java.launcher" value="SUN_STANDARD"/>
    <property name="sun.boot.library.path" value="/usr/lib/jvm/java-1.8-openjdk/jre/lib/amd64"/>
    <property name="sun.java.command" value="/workdir/hadoop-ozone/integration-test/target/surefire/surefirebooter8355483690592083550.jar /workdir/hadoop-ozone/integration-test/target/surefire 2019-10-13T19-32-15_511-jvmRun1 surefire1797967170225768251tmp surefire_606770397946265376157tmp"/>
    <property name="surefire.test.class.path" value="/workdir/hadoop-ozone/integration-test/target/test-classes:/workdir/hadoop-ozone/integration-test/target/classes:/home/user/.m2/repository/org/apache/hadoop/hadoop-ozone-common/0.5.0-SNAPSHOT/hadoop-ozone-common-0.5.0-SNAPSHOT.jar:/home/user/.m2/repository/org/apache/commons/commons-compress/1.4.1/commons-compress-1.4.1.jar:/home/user/.m2/repository/org/tukaani/xz/1.0/xz-1.0.jar:/home/user/.m2/repository/org/apache/hadoop/hadoop-common/3.2.0/hadoop-common-3.2.0.jar:/home/user/.m2/repository/org/apache/hadoop/hadoop-hdfs/3.2.0/hadoop-hdfs-3.2.0.jar:/home/user/.m2/repository/org/apache/hadoop/hadoop-hdfs-client/3.2.0/hadoop-hdfs-client-3.2.0.jar:/home/user/.m2/repository/com/fasterxml/jackson/core/jackson-annotations/2.9.9/jackson-annotations-2.9.9.jar:/home/user/.m2/repository/org/apache/hadoop/hadoop-hdds-common/0.5.0-SNAPSHOT/hadoop-hdds-common-0.5.0-SNAPSHOT.jar:/home/user/.m2/repository/javax/annotation/javax.annotation-api/1.2/javax.annotation-api-1.2.jar:/home/user/.m2/repository/org/apache/ratis/ratis-server/0.5.0-201fc85-SNAPSHOT/ratis-server-0.5.0-201fc85-SNAPSHOT.jar:/home/user/.m2/repository/org/apache/ratis/ratis-thirdparty-misc/0.2.0/ratis-thirdparty-misc-0.2.0.jar:/home/user/.m2/repository/org/apache/ratis/ratis-proto/0.5.0-201fc85-SNAPSHOT/ratis-proto-0.5.0-201fc85-SNAPSHOT.jar:/home/user/.m2/repository/org/apache/ratis/ratis-common/0.5.0-201fc85-SNAPSHOT/ratis-common-0.5.0-201fc85-SNAPSHOT.jar:/home/user/.m2/repository/org/apache/ratis/ratis-client/0.5.0-201fc85-SNAPSHOT/ratis-client-0.5.0-201fc85-SNAPSHOT.jar:/home/user/.m2/repository/org/apache/ratis/ratis-metrics/0.5.0-201fc85-SNAPSHOT/ratis-metrics-0.5.0-201fc85-SNAPSHOT.jar:/home/user/.m2/repository/com/github/joshelser/dropwizard-metrics-hadoop-metrics2-reporter/0.1.2/dropwizard-metrics-hadoop-metrics2-reporter-0.1.2.jar:/home/user/.m2/repository/io/dropwizard/metrics/metrics-jvm/3.2.5/metrics-jvm-3.2.5.jar:/home/user/.m2/repository/io/dropwizard/metrics/metrics-ganglia/3.2.5/metrics-ganglia-3.2.5.jar:/home/user/.m2/repository/info/ganglia/gmetric4j/gmetric4j/1.0.7/gmetric4j-1.0.7.jar:/home/user/.m2/repository/org/apache/ratis/ratis-netty/0.5.0-201fc85-SNAPSHOT/ratis-netty-0.5.0-201fc85-SNAPSHOT.jar:/home/user/.m2/repository/org/apache/ratis/ratis-grpc/0.5.0-201fc85-SNAPSHOT/ratis-grpc-0.5.0-201fc85-SNAPSHOT.jar:/home/user/.m2/repository/org/rocksdb/rocksdbjni/6.0.1/rocksdbjni-6.0.1.jar:/home/user/.m2/repository/org/apache/logging/log4j/log4j-api/2.11.0/log4j-api-2.11.0.jar:/home/user/.m2/repository/org/apache/logging/log4j/log4j-core/2.11.0/log4j-core-2.11.0.jar:/home/user/.m2/repository/com/lmax/disruptor/3.4.2/disruptor-3.4.2.jar:/home/user/.m2/repository/org/apache/commons/commons-pool2/2.6.0/commons-pool2-2.6.0.jar:/home/user/.m2/repository/org/bouncycastle/bcpkix-jdk15on/1.60/bcpkix-jdk15on-1.60.jar:/home/user/.m2/repository/commons-validator/commons-validator/1.6/commons-validator-1.6.jar:/home/user/.m2/repository/commons-digester/commons-digester/1.8.1/commons-digester-1.8.1.jar:/home/user/.m2/repository/io/jaegertracing/jaeger-client/0.34.0/jaeger-client-0.34.0.jar:/home/user/.m2/repository/io/jaegertracing/jaeger-thrift/0.34.0/jaeger-thrift-0.34.0.jar:/home/user/.m2/repository/org/apache/thrift/libthrift/0.12.0/libthrift-0.12.0.jar:/home/user/.m2/repository/com/squareup/okhttp3/okhttp/3.9.0/okhttp-3.9.0.jar:/home/user/.m2/repository/com/squareup/okio/okio/1.13.0/okio-1.13.0.jar:/home/user/.m2/repository/io/jaegertracing/jaeger-core/0.34.0/jaeger-core-0.34.0.jar:/home/user/.m2/repository/io/jaegertracing/jaeger-tracerresolver/0.34.0/jaeger-tracerresolver-0.34.0.jar:/home/user/.m2/repository/io/opentracing/contrib/opentracing-tracerresolver/0.1.5/opentracing-tracerresolver-0.1.5.jar:/home/user/.m2/repository/io/opentracing/opentracing-util/0.31.0/opentracing-util-0.31.0.jar:/home/user/.m2/repository/io/opentracing/opentracing-api/0.31.0/opentracing-api-0.31.0.jar:/home/user/.m2/repository/io/opentracing/opentracing-noop/0.31.0/opentracing-noop-0.31.0.jar:/home/user/.m2/repository/org/apache/hadoop/hadoop-hdds-server-framework/0.5.0-SNAPSHOT/hadoop-hdds-server-framework-0.5.0-SNAPSHOT.jar:/home/user/.m2/repository/org/apache/hadoop/hadoop-hdds-container-service/0.5.0-SNAPSHOT/hadoop-hdds-container-service-0.5.0-SNAPSHOT.jar:/home/user/.m2/repository/org/apache/hadoop/hadoop-hdds-client/0.5.0-SNAPSHOT/hadoop-hdds-client-0.5.0-SNAPSHOT.jar:/home/user/.m2/repository/org/apache/hadoop/hadoop-hdds-tools/0.5.0-SNAPSHOT/hadoop-hdds-tools-0.5.0-SNAPSHOT.jar:/home/user/.m2/repository/org/apache/hadoop/hadoop-hdds-server-scm/0.5.0-SNAPSHOT/hadoop-hdds-server-scm-0.5.0-SNAPSHOT.jar:/home/user/.m2/repository/org/apache/hadoop/hadoop-hdds-docs/0.5.0-SNAPSHOT/hadoop-hdds-docs-0.5.0-SNAPSHOT.jar:/home/user/.m2/repository/io/dropwizard/metrics/metrics-core/3.2.4/metrics-core-3.2.4.jar:/home/user/.m2/repository/org/hamcrest/hamcrest-all/1.3/hamcrest-all-1.3.jar:/home/user/.m2/repository/org/bouncycastle/bcprov-jdk15on/1.60/bcprov-jdk15on-1.60.jar:/home/user/.m2/repository/info/picocli/picocli/3.9.6/picocli-3.9.6.jar:/home/user/.m2/repository/com/google/protobuf/protobuf-java/2.5.0/protobuf-java-2.5.0.jar:/home/user/.m2/repository/com/google/guava/guava/11.0.2/guava-11.0.2.jar:/home/user/.m2/repository/org/apache/hadoop/hadoop-ozone-ozone-manager/0.5.0-SNAPSHOT/hadoop-ozone-ozone-manager-0.5.0-SNAPSHOT.jar:/home/user/.m2/repository/org/apache/hadoop/hadoop-minikdc/3.2.0/hadoop-minikdc-3.2.0.jar:/home/user/.m2/repository/commons-io/commons-io/2.5/commons-io-2.5.jar:/home/user/.m2/repository/org/apache/kerby/kerb-simplekdc/1.0.1/kerb-simplekdc-1.0.1.jar:/home/user/.m2/repository/org/apache/kerby/kerb-client/1.0.1/kerb-client-1.0.1.jar:/home/user/.m2/repository/org/apache/kerby/kerby-config/1.0.1/kerby-config-1.0.1.jar:/home/user/.m2/repository/org/apache/kerby/kerb-core/1.0.1/kerb-core-1.0.1.jar:/home/user/.m2/repository/org/apache/kerby/kerby-pkix/1.0.1/kerby-pkix-1.0.1.jar:/home/user/.m2/repository/org/apache/kerby/kerby-asn1/1.0.1/kerby-asn1-1.0.1.jar:/home/user/.m2/repository/org/apache/kerby/kerby-util/1.0.1/kerby-util-1.0.1.jar:/home/user/.m2/repository/org/apache/kerby/kerb-common/1.0.1/kerb-common-1.0.1.jar:/home/user/.m2/repository/org/apache/kerby/kerb-crypto/1.0.1/kerb-crypto-1.0.1.jar:/home/user/.m2/repository/org/apache/kerby/kerb-util/1.0.1/kerb-util-1.0.1.jar:/home/user/.m2/repository/org/apache/kerby/token-provider/1.0.1/token-provider-1.0.1.jar:/home/user/.m2/repository/org/apache/kerby/kerb-admin/1.0.1/kerb-admin-1.0.1.jar:/home/user/.m2/repository/org/apache/kerby/kerb-server/1.0.1/kerb-server-1.0.1.jar:/home/user/.m2/repository/org/apache/kerby/kerb-identity/1.0.1/kerb-identity-1.0.1.jar:/home/user/.m2/repository/org/apache/kerby/kerby-xdr/1.0.1/kerby-xdr-1.0.1.jar:/home/user/.m2/repository/org/slf4j/slf4j-log4j12/1.7.25/slf4j-log4j12-1.7.25.jar:/home/user/.m2/repository/org/apache/hadoop/hadoop-ozone-s3gateway/0.5.0-SNAPSHOT/hadoop-ozone-s3gateway-0.5.0-SNAPSHOT.jar:/home/user/.m2/repository/org/jboss/weld/servlet/weld-servlet/2.4.7.Final/weld-servlet-2.4.7.Final.jar:/home/user/.m2/repository/org/glassfish/jersey/containers/jersey-container-servlet-core/2.27/jersey-container-servlet-core-2.27.jar:/home/user/.m2/repository/org/glassfish/hk2/external/javax.inject/2.5.0-b42/javax.inject-2.5.0-b42.jar:/home/user/.m2/repository/org/glassfish/jersey/core/jersey-common/2.27/jersey-common-2.27.jar:/home/user/.m2/repository/org/glassfish/hk2/osgi-resource-locator/1.0.1/osgi-resource-locator-1.0.1.jar:/home/user/.m2/repository/javax/ws/rs/javax.ws.rs-api/2.1/javax.ws.rs-api-2.1.jar:/home/user/.m2/repository/org/glassfish/jersey/ext/cdi/jersey-cdi1x/2.27/jersey-cdi1x-2.27.jar:/home/user/.m2/repository/org/glassfish/jersey/inject/jersey-hk2/2.27/jersey-hk2-2.27.jar:/home/user/.m2/repository/org/glassfish/hk2/hk2-locator/2.5.0-b42/hk2-locator-2.5.0-b42.jar:/home/user/.m2/repository/org/javassist/javassist/3.22.0-CR2/javassist-3.22.0-CR2.jar:/home/user/.m2/repository/org/glassfish/hk2/hk2-api/2.5.0/hk2-api-2.5.0.jar:/home/user/.m2/repository/org/glassfish/hk2/external/jakarta.inject/2.5.0/jakarta.inject-2.5.0.jar:/home/user/.m2/repository/org/glassfish/hk2/hk2-utils/2.5.0/hk2-utils-2.5.0.jar:/home/user/.m2/repository/jakarta/annotation/jakarta.annotation-api/1.3.4/jakarta.annotation-api-1.3.4.jar:/home/user/.m2/repository/org/glassfish/hk2/external/aopalliance-repackaged/2.5.0/aopalliance-repackaged-2.5.0.jar:/home/user/.m2/repository/com/fasterxml/jackson/dataformat/jackson-dataformat-xml/2.9.0/jackson-dataformat-xml-2.9.0.jar:/home/user/.m2/repository/com/fasterxml/jackson/core/jackson-core/2.9.9/jackson-core-2.9.9.jar:/home/user/.m2/repository/com/fasterxml/jackson/module/jackson-module-jaxb-annotations/2.9.9/jackson-module-jaxb-annotations-2.9.9.jar:/home/user/.m2/repository/javax/enterprise/cdi-api/1.2/cdi-api-1.2.jar:/home/user/.m2/repository/javax/el/javax.el-api/3.0.0/javax.el-api-3.0.0.jar:/home/user/.m2/repository/javax/interceptor/javax.interceptor-api/1.2/javax.interceptor-api-1.2.jar:/home/user/.m2/repository/javax/inject/javax.inject/1/javax.inject-1.jar:/home/user/.m2/repository/com/sun/xml/bind/jaxb-impl/2.3.0.1/jaxb-impl-2.3.0.1.jar:/home/user/.m2/repository/com/sun/xml/bind/jaxb-core/2.3.0.1/jaxb-core-2.3.0.1.jar:/home/user/.m2/repository/javax/xml/bind/jaxb-api/2.3.0/jaxb-api-2.3.0.jar:/home/user/.m2/repository/javax/activation/activation/1.1.1/activation-1.1.1.jar:/home/user/.m2/repository/org/apache/hadoop/hadoop-ozone-csi/0.5.0-SNAPSHOT/hadoop-ozone-csi-0.5.0-SNAPSHOT.jar:/home/user/.m2/repository/com/google/protobuf/protobuf-java-util/3.5.1/protobuf-java-util-3.5.1.jar:/home/user/.m2/repository/org/apache/hadoop/hadoop-hdds-config/0.5.0-SNAPSHOT/hadoop-hdds-config-0.5.0-SNAPSHOT.jar:/home/user/.m2/repository/io/grpc/grpc-netty/1.17.1/grpc-netty-1.17.1.jar:/home/user/.m2/repository/io/grpc/grpc-core/1.17.1/grpc-core-1.17.1.jar:/home/user/.m2/repository/io/grpc/grpc-context/1.17.1/grpc-context-1.17.1.jar:/home/user/.m2/repository/com/google/errorprone/error_prone_annotations/2.2.0/error_prone_annotations-2.2.0.jar:/home/user/.m2/repository/org/codehaus/mojo/animal-sniffer-annotations/1.17/animal-sniffer-annotations-1.17.jar:/home/user/.m2/repository/io/opencensus/opencensus-api/0.17.0/opencensus-api-0.17.0.jar:/home/user/.m2/repository/io/opencensus/opencensus-contrib-grpc-metrics/0.17.0/opencensus-contrib-grpc-metrics-0.17.0.jar:/home/user/.m2/repository/io/netty/netty-codec-http2/4.1.30.Final/netty-codec-http2-4.1.30.Final.jar:/home/user/.m2/repository/io/netty/netty-codec-http/4.1.30.Final/netty-codec-http-4.1.30.Final.jar:/home/user/.m2/repository/io/netty/netty-codec/4.1.30.Final/netty-codec-4.1.30.Final.jar:/home/user/.m2/repository/io/netty/netty-handler/4.1.30.Final/netty-handler-4.1.30.Final.jar:/home/user/.m2/repository/io/netty/netty-handler-proxy/4.1.30.Final/netty-handler-proxy-4.1.30.Final.jar:/home/user/.m2/repository/io/netty/netty-codec-socks/4.1.30.Final/netty-codec-socks-4.1.30.Final.jar:/home/user/.m2/repository/io/netty/netty-transport-native-epoll/4.1.30.Final/netty-transport-native-epoll-4.1.30.Final.jar:/home/user/.m2/repository/io/netty/netty-common/4.1.30.Final/netty-common-4.1.30.Final.jar:/home/user/.m2/repository/io/netty/netty-buffer/4.1.30.Final/netty-buffer-4.1.30.Final.jar:/home/user/.m2/repository/io/netty/netty-transport/4.1.30.Final/netty-transport-4.1.30.Final.jar:/home/user/.m2/repository/io/netty/netty-resolver/4.1.30.Final/netty-resolver-4.1.30.Final.jar:/home/user/.m2/repository/io/netty/netty-transport-native-unix-common/4.1.30.Final/netty-transport-native-unix-common-4.1.30.Final.jar:/home/user/.m2/repository/io/grpc/grpc-protobuf/1.17.1/grpc-protobuf-1.17.1.jar:/home/user/.m2/repository/com/google/api/grpc/proto-google-common-protos/1.0.0/proto-google-common-protos-1.0.0.jar:/home/user/.m2/repository/io/grpc/grpc-protobuf-lite/1.17.1/grpc-protobuf-lite-1.17.1.jar:/home/user/.m2/repository/io/grpc/grpc-stub/1.17.1/grpc-stub-1.17.1.jar:/home/user/.m2/repository/org/apache/hadoop/hadoop-ozone-recon/0.5.0-SNAPSHOT/hadoop-ozone-recon-0.5.0-SNAPSHOT.jar:/home/user/.m2/repository/org/apache/hadoop/hadoop-ozone-reconcodegen/0.5.0-SNAPSHOT/hadoop-ozone-reconcodegen-0.5.0-SNAPSHOT.jar:/home/user/.m2/repository/com/google/inject/extensions/guice-multibindings/4.0/guice-multibindings-4.0.jar:/home/user/.m2/repository/com/google/inject/guice/4.0/guice-4.0.jar:/home/user/.m2/repository/aopalliance/aopalliance/1.0/aopalliance-1.0.jar:/home/user/.m2/repository/com/google/inject/extensions/guice-servlet/4.0/guice-servlet-4.0.jar:/home/user/.m2/repository/org/glassfish/jersey/containers/jersey-container-servlet/2.27/jersey-container-servlet-2.27.jar:/home/user/.m2/repository/org/glassfish/hk2/guice-bridge/2.5.0/guice-bridge-2.5.0.jar:/home/user/.m2/repository/org/glassfish/jersey/core/jersey-server/2.27/jersey-server-2.27.jar:/home/user/.m2/repository/org/glassfish/jersey/core/jersey-client/2.27/jersey-client-2.27.jar:/home/user/.m2/repository/org/glassfish/jersey/media/jersey-media-jaxb/2.27/jersey-media-jaxb-2.27.jar:/home/user/.m2/repository/javax/validation/validation-api/1.1.0.Final/validation-api-1.1.0.Final.jar:/home/user/.m2/repository/org/glassfish/jersey/media/jersey-media-json-jackson/2.27/jersey-media-json-jackson-2.27.jar:/home/user/.m2/repository/org/glassfish/jersey/ext/jersey-entity-filtering/2.27/jersey-entity-filtering-2.27.jar:/home/user/.m2/repository/com/google/inject/extensions/guice-assistedinject/4.0/guice-assistedinject-4.0.jar:/home/user/.m2/repository/org/jooq/jooq/3.11.10/jooq-3.11.10.jar:/home/user/.m2/repository/org/jooq/jooq-meta/3.11.10/jooq-meta-3.11.10.jar:/home/user/.m2/repository/org/jooq/jooq-codegen/3.11.10/jooq-codegen-3.11.10.jar:/home/user/.m2/repository/com/jolbox/bonecp/0.8.0.RELEASE/bonecp-0.8.0.RELEASE.jar:/home/user/.m2/repository/org/xerial/sqlite-jdbc/3.25.2/sqlite-jdbc-3.25.2.jar:/home/user/.m2/repository/org/springframework/spring-jdbc/5.1.3.RELEASE/spring-jdbc-5.1.3.RELEASE.jar:/home/user/.m2/repository/org/springframework/spring-beans/5.1.3.RELEASE/spring-beans-5.1.3.RELEASE.jar:/home/user/.m2/repository/org/springframework/spring-core/5.1.3.RELEASE/spring-core-5.1.3.RELEASE.jar:/home/user/.m2/repository/org/springframework/spring-jcl/5.1.3.RELEASE/spring-jcl-5.1.3.RELEASE.jar:/home/user/.m2/repository/org/springframework/spring-tx/5.1.3.RELEASE/spring-tx-5.1.3.RELEASE.jar:/home/user/.m2/repository/org/apache/hadoop/hadoop-ozone-client/0.5.0-SNAPSHOT/hadoop-ozone-client-0.5.0-SNAPSHOT.jar:/home/user/.m2/repository/commons-lang/commons-lang/2.6/commons-lang-2.6.jar:/home/user/.m2/repository/org/apache/hadoop/hadoop-ozone-ozone-manager/0.5.0-SNAPSHOT/hadoop-ozone-ozone-manager-0.5.0-SNAPSHOT-tests.jar:/home/user/.m2/repository/junit/junit/4.11/junit-4.11.jar:/home/user/.m2/repository/org/hamcrest/hamcrest-core/1.3/hamcrest-core-1.3.jar:/home/user/.m2/repository/org/openjdk/jmh/jmh-core/1.19/jmh-core-1.19.jar:/home/user/.m2/repository/net/sf/jopt-simple/jopt-simple/4.6/jopt-simple-4.6.jar:/home/user/.m2/repository/org/apache/commons/commons-math3/3.1.1/commons-math3-3.1.1.jar:/home/user/.m2/repository/org/openjdk/jmh/jmh-generator-annprocess/1.19/jmh-generator-annprocess-1.19.jar:/home/user/.m2/repository/org/mockito/mockito-all/1.8.5/mockito-all-1.8.5.jar:/home/user/.m2/repository/org/apache/hadoop/hadoop-kms/3.2.0/hadoop-kms-3.2.0.jar:/home/user/.m2/repository/org/apache/hadoop/hadoop-auth/3.2.0/hadoop-auth-3.2.0.jar:/home/user/.m2/repository/com/nimbusds/nimbus-jose-jwt/4.41.1/nimbus-jose-jwt-4.41.1.jar:/home/user/.m2/repository/com/github/stephenc/jcip/jcip-annotations/1.0-1/jcip-annotations-1.0-1.jar:/home/user/.m2/repository/net/minidev/json-smart/2.3/json-smart-2.3.jar:/home/user/.m2/repository/net/minidev/accessors-smart/1.2/accessors-smart-1.2.jar:/home/user/.m2/repository/org/ow2/asm/asm/5.0.4/asm-5.0.4.jar:/home/user/.m2/repository/org/apache/curator/curator-framework/2.12.0/curator-framework-2.12.0.jar:/home/user/.m2/repository/com/sun/jersey/jersey-core/1.19/jersey-core-1.19.jar:/home/user/.m2/repository/javax/ws/rs/jsr311-api/1.1.1/jsr311-api-1.1.1.jar:/home/user/.m2/repository/com/sun/jersey/jersey-server/1.19/jersey-server-1.19.jar:/home/user/.m2/repository/javax/servlet/javax.servlet-api/3.1.0/javax.servlet-api-3.1.0.jar:/home/user/.m2/repository/org/eclipse/jetty/jetty-server/9.3.25.v20180904/jetty-server-9.3.25.v20180904.jar:/home/user/.m2/repository/org/eclipse/jetty/jetty-http/9.3.25.v20180904/jetty-http-9.3.25.v20180904.jar:/home/user/.m2/repository/org/eclipse/jetty/jetty-io/9.3.25.v20180904/jetty-io-9.3.25.v20180904.jar:/home/user/.m2/repository/org/eclipse/jetty/jetty-webapp/9.3.25.v20180904/jetty-webapp-9.3.25.v20180904.jar:/home/user/.m2/repository/org/eclipse/jetty/jetty-xml/9.3.25.v20180904/jetty-xml-9.3.25.v20180904.jar:/home/user/.m2/repository/log4j/log4j/1.2.17/log4j-1.2.17.jar:/home/user/.m2/repository/org/slf4j/slf4j-api/1.7.25/slf4j-api-1.7.25.jar:/home/user/.m2/repository/org/slf4j/jul-to-slf4j/1.7.25/jul-to-slf4j-1.7.25.jar:/home/user/.m2/repository/org/eclipse/jetty/jetty-util/9.3.25.v20180904/jetty-util-9.3.25.v20180904.jar:/home/user/.m2/repository/com/fasterxml/jackson/core/jackson-databind/2.9.9/jackson-databind-2.9.9.jar:/home/user/.m2/repository/org/apache/hadoop/hadoop-kms/3.2.0/hadoop-kms-3.2.0-tests.jar:/home/user/.m2/repository/org/apache/hadoop/hadoop-hdds-server-scm/0.5.0-SNAPSHOT/hadoop-hdds-server-scm-0.5.0-SNAPSHOT-tests.jar:/home/user/.m2/repository/org/apache/hadoop/hadoop-hdds-container-service/0.5.0-SNAPSHOT/hadoop-hdds-container-service-0.5.0-SNAPSHOT-tests.jar:/home/user/.m2/repository/org/yaml/snakeyaml/1.16/snakeyaml-1.16.jar:/home/user/.m2/repository/org/apache/hadoop/hadoop-common/3.2.0/hadoop-common-3.2.0-tests.jar:/home/user/.m2/repository/org/apache/hadoop/hadoop-annotations/3.2.0/hadoop-annotations-3.2.0.jar:/usr/lib/jvm/java-1.8-openjdk/jre/../lib/tools.jar:/home/user/.m2/repository/commons-cli/commons-cli/1.2/commons-cli-1.2.jar:/home/user/.m2/repository/org/apache/httpcomponents/httpclient/4.5.2/httpclient-4.5.2.jar:/home/user/.m2/repository/org/apache/httpcomponents/httpcore/4.4.4/httpcore-4.4.4.jar:/home/user/.m2/repository/commons-codec/commons-codec/1.11/commons-codec-1.11.jar:/home/user/.m2/repository/commons-net/commons-net/3.6/commons-net-3.6.jar:/home/user/.m2/repository/commons-collections/commons-collections/3.2.2/commons-collections-3.2.2.jar:/home/user/.m2/repository/org/eclipse/jetty/jetty-servlet/9.3.25.v20180904/jetty-servlet-9.3.25.v20180904.jar:/home/user/.m2/repository/org/eclipse/jetty/jetty-security/9.3.25.v20180904/jetty-security-9.3.25.v20180904.jar:/home/user/.m2/repository/javax/servlet/jsp/jsp-api/2.1/jsp-api-2.1.jar:/home/user/.m2/repository/com/sun/jersey/jersey-servlet/1.19/jersey-servlet-1.19.jar:/home/user/.m2/repository/com/sun/jersey/jersey-json/1.19/jersey-json-1.19.jar:/home/user/.m2/repository/org/codehaus/jettison/jettison/1.1/jettison-1.1.jar:/home/user/.m2/repository/org/codehaus/jackson/jackson-core-asl/1.9.13/jackson-core-asl-1.9.13.jar:/home/user/.m2/repository/org/codehaus/jackson/jackson-mapper-asl/1.9.13/jackson-mapper-asl-1.9.13.jar:/home/user/.m2/repository/org/codehaus/jackson/jackson-jaxrs/1.9.13/jackson-jaxrs-1.9.13.jar:/home/user/.m2/repository/org/codehaus/jackson/jackson-xc/1.9.13/jackson-xc-1.9.13.jar:/home/user/.m2/repository/commons-logging/commons-logging/1.1.3/commons-logging-1.1.3.jar:/home/user/.m2/repository/commons-beanutils/commons-beanutils/1.9.4/commons-beanutils-1.9.4.jar:/home/user/.m2/repository/org/apache/commons/commons-configuration2/2.1.1/commons-configuration2-2.1.1.jar:/home/user/.m2/repository/org/apache/commons/commons-lang3/3.7/commons-lang3-3.7.jar:/home/user/.m2/repository/org/apache/commons/commons-text/1.4/commons-text-1.4.jar:/home/user/.m2/repository/org/apache/avro/avro/1.7.7/avro-1.7.7.jar:/home/user/.m2/repository/com/thoughtworks/paranamer/paranamer/2.3/paranamer-2.3.jar:/home/user/.m2/repository/org/xerial/snappy/snappy-java/1.0.5/snappy-java-1.0.5.jar:/home/user/.m2/repository/com/google/re2j/re2j/1.1/re2j-1.1.jar:/home/user/.m2/repository/com/google/code/gson/gson/2.2.4/gson-2.2.4.jar:/home/user/.m2/repository/com/jcraft/jsch/0.1.54/jsch-0.1.54.jar:/home/user/.m2/repository/org/apache/curator/curator-client/2.12.0/curator-client-2.12.0.jar:/home/user/.m2/repository/org/apache/curator/curator-recipes/2.12.0/curator-recipes-2.12.0.jar:/home/user/.m2/repository/com/google/code/findbugs/jsr305/3.0.0/jsr305-3.0.0.jar:/home/user/.m2/repository/org/apache/htrace/htrace-core4/4.1.0-incubating/htrace-core4-4.1.0-incubating.jar:/home/user/.m2/repository/org/apache/zookeeper/zookeeper/3.4.13/zookeeper-3.4.13.jar:/home/user/.m2/repository/jline/jline/0.9.94/jline-0.9.94.jar:/home/user/.m2/repository/org/apache/yetus/audience-annotations/0.5.0/audience-annotations-0.5.0.jar:/home/user/.m2/repository/org/codehaus/woodstox/stax2-api/3.1.4/stax2-api-3.1.4.jar:/home/user/.m2/repository/com/fasterxml/woodstox/woodstox-core/5.0.3/woodstox-core-5.0.3.jar:/home/user/.m2/repository/dnsjava/dnsjava/2.1.7/dnsjava-2.1.7.jar:/home/user/.m2/repository/org/apache/hadoop/hadoop-hdfs/3.2.0/hadoop-hdfs-3.2.0-tests.jar:/home/user/.m2/repository/org/eclipse/jetty/jetty-util-ajax/9.3.25.v20180904/jetty-util-ajax-9.3.25.v20180904.jar:/home/user/.m2/repository/commons-daemon/commons-daemon/1.0.13/commons-daemon-1.0.13.jar:/home/user/.m2/repository/io/netty/netty/3.10.5.Final/netty-3.10.5.Final.jar:/home/user/.m2/repository/io/netty/netty-all/4.0.52.Final/netty-all-4.0.52.Final.jar:/home/user/.m2/repository/org/fusesource/leveldbjni/leveldbjni-all/1.8/leveldbjni-all-1.8.jar:"/>
    <property name="sun.cpu.endian" value="little"/>
    <property name="user.home" value="/home/user"/>
    <property name="user.language" value="en"/>
    <property name="java.specification.vendor" value="Oracle Corporation"/>
    <property name="java.home" value="/usr/lib/jvm/java-1.8-openjdk/jre"/>
    <property name="surefire.excludesFile" value="/tools/ozone-bad-unit-tests"/>
    <property name="java.security.krb5.conf" value="/workdir/hadoop-ozone/integration-test/target/test-classes/krb5.conf"/>
    <property name="basedir" value="/workdir/hadoop-ozone/integration-test"/>
    <property name="file.separator" value="/"/>
    <property name="line.separator" value="&#10;"/>
    <property name="java.vm.specification.vendor" value="Oracle Corporation"/>
    <property name="java.specification.name" value="Java Platform API Specification"/>
    <property name="java.awt.graphicsenv" value="sun.awt.X11GraphicsEnvironment"/>
    <property name="surefire.real.class.path" value="/workdir/hadoop-ozone/integration-test/target/surefire/surefirebooter8355483690592083550.jar"/>
    <property name="hadoop.log.dir" value="/workdir/hadoop-ozone/integration-test/target/log"/>
    <property name="sun.boot.class.path" value="/usr/lib/jvm/java-1.8-openjdk/jre/lib/resources.jar:/usr/lib/jvm/java-1.8-openjdk/jre/lib/rt.jar:/usr/lib/jvm/java-1.8-openjdk/jre/lib/sunrsasign.jar:/usr/lib/jvm/java-1.8-openjdk/jre/lib/jsse.jar:/usr/lib/jvm/java-1.8-openjdk/jre/lib/jce.jar:/usr/lib/jvm/java-1.8-openjdk/jre/lib/charsets.jar:/usr/lib/jvm/java-1.8-openjdk/jre/lib/jfr.jar:/usr/lib/jvm/java-1.8-openjdk/jre/classes"/>
    <property name="sun.management.compiler" value="HotSpot 64-Bit Tiered Compilers"/>
    <property name="java.runtime.version" value="1.8.0_212-b04"/>
    <property name="java.net.preferIPv4Stack" value="true"/>
    <property name="user.name" value="jenkins1000"/>
    <property name="path.separator" value=":"/>
    <property name="java.security.egd" value="file:///dev/urandom"/>
    <property name="os.version" value="3.10.0-957.12.2.el7.x86_64"/>
    <property name="java.endorsed.dirs" value="/usr/lib/jvm/java-1.8-openjdk/jre/lib/endorsed"/>
    <property name="java.runtime.name" value="OpenJDK Runtime Environment"/>
    <property name="file.encoding" value="UTF-8"/>
    <property name="java.vm.name" value="OpenJDK 64-Bit Server VM"/>
    <property name="test.build.webapps" value=""/>
    <property name="localRepository" value="/home/user/.m2/repository"/>
    <property name="java.vendor.url.bug" value="https://icedtea.classpath.org/bugzilla"/>
    <property name="java.io.tmpdir" value="/tmp"/>
    <property name="require.test.libhadoop" value=""/>
    <property name="java.version" value="1.8.0_212"/>
    <property name="user.dir" value="/workdir/hadoop-ozone/integration-test"/>
    <property name="os.arch" value="amd64"/>
    <property name="java.vm.specification.name" value="Java Virtual Machine Specification"/>
    <property name="test.build.classes" value="/workdir/hadoop-ozone/integration-test/target/test-classes"/>
    <property name="java.awt.printerjob" value="sun.print.PSPrinterJob"/>
    <property name="sun.os.patch.level" value="unknown"/>
    <property name="hadoop.tmp.dir" value="/workdir/hadoop-ozone/integration-test/target/tmp"/>
    <property name="java.library.path" value="/usr/lib/jvm/java-1.8-openjdk/jre/lib/amd64/server:/usr/lib/jvm/java-1.8-openjdk/jre/lib/amd64:/usr/lib/jvm/java-1.8-openjdk/jre/../lib/amd64:/workdir/hadoop-ozone/integration-test/target/native/target/usr/local/lib:/workdir/hadoop-ozone/integration-test/../../hadoop-common-project/hadoop-common/target/native/target/usr/local/lib:/usr/java/packages/lib/amd64:/usr/lib64:/lib64:/lib:/usr/lib"/>
    <property name="java.vm.info" value="mixed mode"/>
    <property name="java.vendor" value="IcedTea"/>
    <property name="java.vm.version" value="25.212-b04"/>
    <property name="java.ext.dirs" value="/usr/lib/jvm/java-1.8-openjdk/jre/lib/ext:/usr/java/packages/lib/ext"/>
    <property name="sun.io.unicode.encoding" value="UnicodeLittle"/>
    <property name="java.class.version" value="52.0"/>
  </properties>
  <testcase name="testDeleteKeyWithSlowFollower" classname="org.apache.hadoop.ozone.client.rpc.TestDeleteWithSlowFollower" time="116.313">
    <failure type="java.lang.AssertionError">java.lang.AssertionError
	at org.junit.Assert.fail(Assert.java:86)
	at org.junit.Assert.assertTrue(Assert.java:41)
	at org.junit.Assert.assertTrue(Assert.java:52)
	at org.apache.hadoop.ozone.client.rpc.TestDeleteWithSlowFollower.testDeleteKeyWithSlowFollower(TestDeleteWithSlowFollower.java:265)
	at sun.reflect.NativeMethodAccessorImpl.invoke0(Native Method)
	at sun.reflect.NativeMethodAccessorImpl.invoke(NativeMethodAccessorImpl.java:62)
	at sun.reflect.DelegatingMethodAccessorImpl.invoke(DelegatingMethodAccessorImpl.java:43)
	at java.lang.reflect.Method.invoke(Method.java:498)
	at org.junit.runners.model.FrameworkMethod$1.runReflectiveCall(FrameworkMethod.java:47)
	at org.junit.internal.runners.model.ReflectiveCallable.run(ReflectiveCallable.java:12)
	at org.junit.runners.model.FrameworkMethod.invokeExplosively(FrameworkMethod.java:44)
	at org.junit.internal.runners.statements.InvokeMethod.evaluate(InvokeMethod.java:17)
	at org.junit.runners.ParentRunner.runLeaf(ParentRunner.java:271)
	at org.junit.runners.BlockJUnit4ClassRunner.runChild(BlockJUnit4ClassRunner.java:70)
	at org.junit.runners.BlockJUnit4ClassRunner.runChild(BlockJUnit4ClassRunner.java:50)
	at org.junit.runners.ParentRunner$3.run(ParentRunner.java:238)
	at org.junit.runners.ParentRunner$1.schedule(ParentRunner.java:63)
	at org.junit.runners.ParentRunner.runChildren(ParentRunner.java:236)
	at org.junit.runners.ParentRunner.access$000(ParentRunner.java:53)
	at org.junit.runners.ParentRunner$2.evaluate(ParentRunner.java:229)
	at org.junit.internal.runners.statements.RunBefores.evaluate(RunBefores.java:26)
	at org.junit.internal.runners.statements.RunAfters.evaluate(RunAfters.java:27)
	at org.junit.runners.ParentRunner.run(ParentRunner.java:309)
	at org.apache.maven.surefire.junit4.JUnit4Provider.execute(JUnit4Provider.java:365)
	at org.apache.maven.surefire.junit4.JUnit4Provider.executeWithRerun(JUnit4Provider.java:273)
	at org.apache.maven.surefire.junit4.JUnit4Provider.executeTestSet(JUnit4Provider.java:238)
	at org.apache.maven.surefire.junit4.JUnit4Provider.invoke(JUnit4Provider.java:159)
	at org.apache.maven.surefire.booter.ForkedBooter.invokeProviderInSameClassLoader(ForkedBooter.java:384)
	at org.apache.maven.surefire.booter.ForkedBooter.runSuitesInProcess(ForkedBooter.java:345)
	at org.apache.maven.surefire.booter.ForkedBooter.execute(ForkedBooter.java:126)
	at org.apache.maven.surefire.booter.ForkedBooter.main(ForkedBooter.java:418)
</failure>
    <system-out><![CDATA[2019-10-13 20:15:19,644 [main] WARN  server.ServerUtils (ServerUtils.java:getScmDbDir(145)) - ozone.scm.db.dirs is not configured. We recommend adding this setting. Falling back to ozone.metadata.dirs instead.
2019-10-13 20:15:19,740 [main] WARN  server.ServerUtils (ServerUtils.java:getScmDbDir(145)) - ozone.scm.db.dirs is not configured. We recommend adding this setting. Falling back to ozone.metadata.dirs instead.
2019-10-13 20:15:19,743 [main] WARN  server.ServerUtils (ServerUtils.java:getScmDbDir(145)) - ozone.scm.db.dirs is not configured. We recommend adding this setting. Falling back to ozone.metadata.dirs instead.
2019-10-13 20:15:19,769 [main] INFO  util.log (Log.java:initialized(192)) - Logging initialized @928ms
2019-10-13 20:15:19,863 [main] INFO  db.DBStoreBuilder (DBStoreBuilder.java:addTable(117)) - using custom profile for table: deletedBlocks
2019-10-13 20:15:19,863 [main] INFO  db.DBStoreBuilder (DBStoreBuilder.java:processTables(168)) - Using default column profile:DBProfile.DISK for Table:deletedBlocks
2019-10-13 20:15:19,864 [main] INFO  db.DBStoreBuilder (DBStoreBuilder.java:addTable(117)) - using custom profile for table: validCerts
2019-10-13 20:15:19,864 [main] INFO  db.DBStoreBuilder (DBStoreBuilder.java:processTables(168)) - Using default column profile:DBProfile.DISK for Table:validCerts
2019-10-13 20:15:19,864 [main] INFO  db.DBStoreBuilder (DBStoreBuilder.java:addTable(117)) - using custom profile for table: revokedCerts
2019-10-13 20:15:19,865 [main] INFO  db.DBStoreBuilder (DBStoreBuilder.java:processTables(168)) - Using default column profile:DBProfile.DISK for Table:revokedCerts
2019-10-13 20:15:19,885 [main] INFO  db.DBStoreBuilder (DBStoreBuilder.java:addTable(117)) - using custom profile for table: default
2019-10-13 20:15:19,886 [main] INFO  db.DBStoreBuilder (DBStoreBuilder.java:processTables(174)) - Using default column profile:DBProfile.DISK for Table:default
2019-10-13 20:15:19,888 [main] INFO  db.DBStoreBuilder (DBStoreBuilder.java:getDbProfile(205)) - Using default options. DBProfile.DISK
2019-10-13 20:15:20,097 [main] INFO  net.NodeSchemaLoader (NodeSchemaLoader.java:loadSchemaFromFile(125)) - Loading file from sun.misc.CompoundEnumeration@618b19ad
2019-10-13 20:15:20,098 [main] INFO  net.NodeSchemaLoader (NodeSchemaLoader.java:loadSchema(171)) - Loading network topology layer schema file
2019-10-13 20:15:20,166 [main] WARN  server.ServerUtils (ServerUtils.java:sanitizeUserArgs(70)) - ozone.scm.stale.node.interval value = 1000000 is larger than max = 100000 based on the key value of ozone.scm.heartbeat.thread.interval, reset to the max value 100000.
2019-10-13 20:15:20,168 [main] WARN  server.ServerUtils (ServerUtils.java:sanitizeUserArgs(70)) - ozone.scm.stale.node.interval value = 1000000 is larger than max = 100000 based on the key value of ozone.scm.heartbeat.thread.interval, reset to the max value 100000.
2019-10-13 20:15:20,170 [main] INFO  node.SCMNodeManager (SCMNodeManager.java:<init>(116)) - Entering startup safe mode.
2019-10-13 20:15:20,240 [main] INFO  algorithms.ContainerPlacementPolicyFactory (ContainerPlacementPolicyFactory.java:getPolicy(57)) - Create container placement policy of type org.apache.hadoop.hdds.scm.container.placement.algorithms.SCMContainerPlacementRandom
2019-10-13 20:15:20,260 [main] WARN  server.ServerUtils (ServerUtils.java:getScmDbDir(145)) - ozone.scm.db.dirs is not configured. We recommend adding this setting. Falling back to ozone.metadata.dirs instead.
2019-10-13 20:15:20,338 [main] INFO  pipeline.SCMPipelineManager (SCMPipelineManager.java:initializePipelineState(132)) - No pipeline exists in current db
2019-10-13 20:15:20,341 [main] WARN  server.ServerUtils (ServerUtils.java:getScmDbDir(145)) - ozone.scm.db.dirs is not configured. We recommend adding this setting. Falling back to ozone.metadata.dirs instead.
2019-10-13 20:15:20,445 [main] WARN  events.EventQueue (EventQueue.java:fireEvent(183)) - No event handler registered for event TypedEvent{payloadType=SafeModeStatus, name='SafeModeStatus'}
2019-10-13 20:15:20,794 [main] INFO  ipc.CallQueueManager (CallQueueManager.java:<init>(84)) - Using callQueue: class java.util.concurrent.LinkedBlockingQueue, queueCapacity: 2000, scheduler: class org.apache.hadoop.ipc.DefaultRpcScheduler, ipcBackoff: false.
2019-10-13 20:15:20,826 [Socket Reader #1 for port 38362] INFO  ipc.Server (Server.java:run(1074)) - Starting Socket Reader #1 for port 38362
2019-10-13 20:15:20,951 [main] INFO  ipc.CallQueueManager (CallQueueManager.java:<init>(84)) - Using callQueue: class java.util.concurrent.LinkedBlockingQueue, queueCapacity: 2000, scheduler: class org.apache.hadoop.ipc.DefaultRpcScheduler, ipcBackoff: false.
2019-10-13 20:15:20,952 [Socket Reader #1 for port 38060] INFO  ipc.Server (Server.java:run(1074)) - Starting Socket Reader #1 for port 38060
2019-10-13 20:15:20,960 [main] INFO  ipc.CallQueueManager (CallQueueManager.java:<init>(84)) - Using callQueue: class java.util.concurrent.LinkedBlockingQueue, queueCapacity: 2000, scheduler: class org.apache.hadoop.ipc.DefaultRpcScheduler, ipcBackoff: false.
2019-10-13 20:15:20,961 [Socket Reader #1 for port 45893] INFO  ipc.Server (Server.java:run(1074)) - Starting Socket Reader #1 for port 45893
2019-10-13 20:15:20,981 [main] INFO  hdfs.DFSUtil (DFSUtil.java:httpServerTemplateForNNAndJN(1641)) - Starting Web-server for scm at: http://0.0.0.0:0
2019-10-13 20:15:21,125 [main] INFO  server.AuthenticationFilter (AuthenticationFilter.java:constructSecretProvider(240)) - Unable to initialize FileSignerSecretProvider, falling back to use random secrets.
2019-10-13 20:15:21,136 [main] WARN  http.HttpRequestLog (HttpRequestLog.java:getRequestLog(97)) - Jetty request log can only be enabled using Log4j
2019-10-13 20:15:21,151 [main] INFO  http.HttpServer2 (HttpServer2.java:addGlobalFilter(975)) - Added global filter 'safety' (class=org.apache.hadoop.http.HttpServer2$QuotingInputFilter)
2019-10-13 20:15:21,154 [main] INFO  http.HttpServer2 (HttpServer2.java:addFilter(948)) - Added filter static_user_filter (class=org.apache.hadoop.http.lib.StaticUserWebFilter$StaticUserFilter) to context scm
2019-10-13 20:15:21,155 [main] INFO  http.HttpServer2 (HttpServer2.java:addFilter(958)) - Added filter static_user_filter (class=org.apache.hadoop.http.lib.StaticUserWebFilter$StaticUserFilter) to context static
2019-10-13 20:15:21,155 [main] INFO  http.HttpServer2 (HttpServer2.java:addFilter(958)) - Added filter static_user_filter (class=org.apache.hadoop.http.lib.StaticUserWebFilter$StaticUserFilter) to context logs
2019-10-13 20:15:21,205 [main] INFO  server.StorageContainerManager (StorageContainerManager.java:start(772)) - StorageContainerLocationProtocol RPC server is listening at /0.0.0.0:45893
2019-10-13 20:15:21,291 [main] WARN  impl.MetricsConfig (MetricsConfig.java:loadFirst(134)) - Cannot locate configuration: tried hadoop-metrics2-storagecontainermanager.properties,hadoop-metrics2.properties
2019-10-13 20:15:21,305 [main] INFO  impl.MetricsSystemImpl (MetricsSystemImpl.java:startTimer(374)) - Scheduled Metric snapshot period at 10 second(s).
2019-10-13 20:15:21,305 [main] INFO  impl.MetricsSystemImpl (MetricsSystemImpl.java:start(191)) - StorageContainerManager metrics system started
2019-10-13 20:15:21,565 [main] INFO  server.SCMClientProtocolServer (SCMClientProtocolServer.java:start(159)) - RPC server for Client  is listening at /0.0.0.0:45893
2019-10-13 20:15:21,565 [IPC Server listener on 45893] INFO  ipc.Server (Server.java:run(1153)) - IPC Server listener on 45893: starting
2019-10-13 20:15:21,565 [IPC Server Responder] INFO  ipc.Server (Server.java:run(1314)) - IPC Server Responder: starting
2019-10-13 20:15:21,567 [main] INFO  server.StorageContainerManager (StorageContainerManager.java:start(782)) - ScmBlockLocationProtocol RPC server is listening at /0.0.0.0:38060
2019-10-13 20:15:21,568 [main] INFO  server.SCMBlockProtocolServer (SCMBlockProtocolServer.java:start(146)) - RPC server for Block Protocol is listening at /0.0.0.0:38060
2019-10-13 20:15:21,569 [IPC Server Responder] INFO  ipc.Server (Server.java:run(1314)) - IPC Server Responder: starting
2019-10-13 20:15:21,570 [IPC Server listener on 38060] INFO  ipc.Server (Server.java:run(1153)) - IPC Server listener on 38060: starting
2019-10-13 20:15:21,574 [main] INFO  server.StorageContainerManager (StorageContainerManager.java:start(786)) - ScmDatanodeProtocl RPC server is listening at /0.0.0.0:38362
2019-10-13 20:15:21,574 [main] INFO  server.SCMDatanodeProtocolServer (SCMDatanodeProtocolServer.java:start(169)) - RPC server for DataNodes is listening at /0.0.0.0:38362
2019-10-13 20:15:21,575 [IPC Server Responder] INFO  ipc.Server (Server.java:run(1314)) - IPC Server Responder: starting
2019-10-13 20:15:21,575 [IPC Server listener on 38362] INFO  ipc.Server (Server.java:run(1153)) - IPC Server listener on 38362: starting
2019-10-13 20:15:21,578 [main] INFO  http.HttpServer2 (HttpServer2.java:bindListener(1191)) - Jetty bound to port 43601
2019-10-13 20:15:21,580 [main] INFO  server.Server (Server.java:doStart(351)) - jetty-9.3.25.v20180904, build timestamp: 2018-09-04T21:11:46Z, git hash: 3ce520221d0240229c862b122d2b06c12a625732
2019-10-13 20:15:21,618 [main] INFO  handler.ContextHandler (ContextHandler.java:doStart(781)) - Started o.e.j.s.ServletContextHandler@26bab2f1{/logs,file:///workdir/hadoop-ozone/integration-test/target/log,AVAILABLE}
2019-10-13 20:15:21,619 [main] INFO  handler.ContextHandler (ContextHandler.java:doStart(781)) - Started o.e.j.s.ServletContextHandler@68ead359{/static,file:///workdir/hadoop-ozone/integration-test/target/test-classes/webapps/static,AVAILABLE}
2019-10-13 20:15:21,655 [main] INFO  handler.ContextHandler (ContextHandler.java:doStart(781)) - Started o.e.j.w.WebAppContext@56102e1c{/,file:///workdir/hadoop-ozone/integration-test/target/test-classes/webapps/scm/,AVAILABLE}{/scm}
2019-10-13 20:15:21,661 [main] INFO  server.AbstractConnector (AbstractConnector.java:doStart(278)) - Started ServerConnector@466cf502{HTTP/1.1,[http/1.1]}{0.0.0.0:43601}
2019-10-13 20:15:21,662 [main] INFO  server.Server (Server.java:doStart(419)) - Started @2820ms
2019-10-13 20:15:21,664 [main] INFO  impl.MetricsSinkAdapter (MetricsSinkAdapter.java:start(204)) - Sink prometheus started
2019-10-13 20:15:21,664 [main] INFO  impl.MetricsSystemImpl (MetricsSystemImpl.java:registerSink(301)) - Registered sink prometheus
2019-10-13 20:15:21,666 [main] INFO  server.BaseHttpServer (BaseHttpServer.java:updateConnectorAddress(215)) - HTTP server of SCM is listening at http://0.0.0.0:43601
2019-10-13 20:15:21,672 [org.apache.hadoop.util.JvmPauseMonitor$Monitor@70925b45] INFO  util.JvmPauseMonitor (JvmPauseMonitor.java:run(188)) - Starting JVM pause monitor
2019-10-13 20:15:21,676 [main] WARN  server.ServerUtils (ServerUtils.java:getDBPath(222)) - ozone.om.db.dirs is not configured. We recommend adding this setting. Falling back to ozone.metadata.dirs instead.
2019-10-13 20:15:21,783 [main] INFO  ha.OMHANodeDetails (OMHANodeDetails.java:loadOMHAConfig(190)) - Configuration either no ozone.om.address set. Falling back to the default OM address /127.0.0.1:0
2019-10-13 20:15:21,783 [main] INFO  ha.OMHANodeDetails (OMHANodeDetails.java:getOMNodeDetails(220)) - OM Service ID is not set. Setting it to the default ID: omServiceIdDefault
2019-10-13 20:15:21,785 [main] WARN  server.ServerUtils (ServerUtils.java:getDBPath(222)) - ozone.om.db.dirs is not configured. We recommend adding this setting. Falling back to ozone.metadata.dirs instead.
2019-10-13 20:15:21,785 [main] WARN  server.ServerUtils (ServerUtils.java:getDBPath(222)) - ozone.om.db.dirs is not configured. We recommend adding this setting. Falling back to ozone.metadata.dirs instead.
2019-10-13 20:15:22,492 [main] WARN  server.ServerUtils (ServerUtils.java:getDBPath(222)) - ozone.om.db.dirs is not configured. We recommend adding this setting. Falling back to ozone.metadata.dirs instead.
2019-10-13 20:15:22,504 [main] INFO  db.DBStoreBuilder (DBStoreBuilder.java:addTable(117)) - using custom profile for table: userTable
2019-10-13 20:15:22,504 [main] INFO  db.DBStoreBuilder (DBStoreBuilder.java:processTables(168)) - Using default column profile:DBProfile.DISK for Table:userTable
2019-10-13 20:15:22,505 [main] INFO  db.DBStoreBuilder (DBStoreBuilder.java:addTable(117)) - using custom profile for table: volumeTable
2019-10-13 20:15:22,505 [main] INFO  db.DBStoreBuilder (DBStoreBuilder.java:processTables(168)) - Using default column profile:DBProfile.DISK for Table:volumeTable
2019-10-13 20:15:22,505 [main] INFO  db.DBStoreBuilder (DBStoreBuilder.java:addTable(117)) - using custom profile for table: bucketTable
2019-10-13 20:15:22,506 [main] INFO  db.DBStoreBuilder (DBStoreBuilder.java:processTables(168)) - Using default column profile:DBProfile.DISK for Table:bucketTable
2019-10-13 20:15:22,506 [main] INFO  db.DBStoreBuilder (DBStoreBuilder.java:addTable(117)) - using custom profile for table: keyTable
2019-10-13 20:15:22,506 [main] INFO  db.DBStoreBuilder (DBStoreBuilder.java:processTables(168)) - Using default column profile:DBProfile.DISK for Table:keyTable
2019-10-13 20:15:22,507 [main] INFO  db.DBStoreBuilder (DBStoreBuilder.java:addTable(117)) - using custom profile for table: deletedTable
2019-10-13 20:15:22,507 [main] INFO  db.DBStoreBuilder (DBStoreBuilder.java:processTables(168)) - Using default column profile:DBProfile.DISK for Table:deletedTable
2019-10-13 20:15:22,507 [main] INFO  db.DBStoreBuilder (DBStoreBuilder.java:addTable(117)) - using custom profile for table: openKeyTable
2019-10-13 20:15:22,508 [main] INFO  db.DBStoreBuilder (DBStoreBuilder.java:processTables(168)) - Using default column profile:DBProfile.DISK for Table:openKeyTable
2019-10-13 20:15:22,508 [main] INFO  db.DBStoreBuilder (DBStoreBuilder.java:addTable(117)) - using custom profile for table: s3Table
2019-10-13 20:15:22,508 [main] INFO  db.DBStoreBuilder (DBStoreBuilder.java:processTables(168)) - Using default column profile:DBProfile.DISK for Table:s3Table
2019-10-13 20:15:22,508 [main] INFO  db.DBStoreBuilder (DBStoreBuilder.java:addTable(117)) - using custom profile for table: multipartInfoTable
2019-10-13 20:15:22,508 [main] INFO  db.DBStoreBuilder (DBStoreBuilder.java:processTables(168)) - Using default column profile:DBProfile.DISK for Table:multipartInfoTable
2019-10-13 20:15:22,509 [main] INFO  db.DBStoreBuilder (DBStoreBuilder.java:addTable(117)) - using custom profile for table: dTokenTable
2019-10-13 20:15:22,509 [main] INFO  db.DBStoreBuilder (DBStoreBuilder.java:processTables(168)) - Using default column profile:DBProfile.DISK for Table:dTokenTable
2019-10-13 20:15:22,509 [main] INFO  db.DBStoreBuilder (DBStoreBuilder.java:addTable(117)) - using custom profile for table: s3SecretTable
2019-10-13 20:15:22,509 [main] INFO  db.DBStoreBuilder (DBStoreBuilder.java:processTables(168)) - Using default column profile:DBProfile.DISK for Table:s3SecretTable
2019-10-13 20:15:22,510 [main] INFO  db.DBStoreBuilder (DBStoreBuilder.java:addTable(117)) - using custom profile for table: prefixTable
2019-10-13 20:15:22,510 [main] INFO  db.DBStoreBuilder (DBStoreBuilder.java:processTables(168)) - Using default column profile:DBProfile.DISK for Table:prefixTable
2019-10-13 20:15:22,510 [main] INFO  db.DBStoreBuilder (DBStoreBuilder.java:addTable(117)) - using custom profile for table: default
2019-10-13 20:15:22,510 [main] INFO  db.DBStoreBuilder (DBStoreBuilder.java:processTables(174)) - Using default column profile:DBProfile.DISK for Table:default
2019-10-13 20:15:22,510 [main] INFO  db.DBStoreBuilder (DBStoreBuilder.java:getDbProfile(205)) - Using default options. DBProfile.DISK
2019-10-13 20:15:22,874 [main] INFO  ipc.CallQueueManager (CallQueueManager.java:<init>(84)) - Using callQueue: class java.util.concurrent.LinkedBlockingQueue, queueCapacity: 2000, scheduler: class org.apache.hadoop.ipc.DefaultRpcScheduler, ipcBackoff: false.
2019-10-13 20:15:22,875 [Socket Reader #1 for port 45780] INFO  ipc.Server (Server.java:run(1074)) - Starting Socket Reader #1 for port 45780
2019-10-13 20:15:22,894 [main] INFO  om.OzoneManager (OzoneManager.java:start(1073)) - OzoneManager RPC server is listening at localhost/127.0.0.1:45780
2019-10-13 20:15:22,894 [main] INFO  impl.MetricsSystemImpl (MetricsSystemImpl.java:init(158)) - OzoneManager metrics system started (again)
2019-10-13 20:15:22,902 [IPC Server Responder] INFO  ipc.Server (Server.java:run(1314)) - IPC Server Responder: starting
2019-10-13 20:15:22,902 [IPC Server listener on 45780] INFO  ipc.Server (Server.java:run(1153)) - IPC Server listener on 45780: starting
2019-10-13 20:15:22,906 [main] INFO  hdfs.DFSUtil (DFSUtil.java:httpServerTemplateForNNAndJN(1641)) - Starting Web-server for ozoneManager at: http://0.0.0.0:0
2019-10-13 20:15:22,909 [main] INFO  server.AuthenticationFilter (AuthenticationFilter.java:constructSecretProvider(240)) - Unable to initialize FileSignerSecretProvider, falling back to use random secrets.
2019-10-13 20:15:22,909 [main] WARN  http.HttpRequestLog (HttpRequestLog.java:getRequestLog(97)) - Jetty request log can only be enabled using Log4j
2019-10-13 20:15:22,912 [main] INFO  http.HttpServer2 (HttpServer2.java:addGlobalFilter(975)) - Added global filter 'safety' (class=org.apache.hadoop.http.HttpServer2$QuotingInputFilter)
2019-10-13 20:15:22,914 [main] INFO  http.HttpServer2 (HttpServer2.java:addFilter(948)) - Added filter static_user_filter (class=org.apache.hadoop.http.lib.StaticUserWebFilter$StaticUserFilter) to context ozoneManager
2019-10-13 20:15:22,914 [main] INFO  http.HttpServer2 (HttpServer2.java:addFilter(958)) - Added filter static_user_filter (class=org.apache.hadoop.http.lib.StaticUserWebFilter$StaticUserFilter) to context static
2019-10-13 20:15:22,914 [main] INFO  http.HttpServer2 (HttpServer2.java:addFilter(958)) - Added filter static_user_filter (class=org.apache.hadoop.http.lib.StaticUserWebFilter$StaticUserFilter) to context logs
2019-10-13 20:15:22,918 [main] INFO  http.HttpServer2 (HttpServer2.java:bindListener(1191)) - Jetty bound to port 43963
2019-10-13 20:15:22,918 [main] INFO  server.Server (Server.java:doStart(351)) - jetty-9.3.25.v20180904, build timestamp: 2018-09-04T21:11:46Z, git hash: 3ce520221d0240229c862b122d2b06c12a625732
2019-10-13 20:15:22,920 [main] INFO  handler.ContextHandler (ContextHandler.java:doStart(781)) - Started o.e.j.s.ServletContextHandler@3a627c80{/logs,file:///workdir/hadoop-ozone/integration-test/target/log,AVAILABLE}
2019-10-13 20:15:22,921 [main] INFO  handler.ContextHandler (ContextHandler.java:doStart(781)) - Started o.e.j.s.ServletContextHandler@963176{/static,file:///workdir/hadoop-ozone/integration-test/target/test-classes/webapps/static,AVAILABLE}
2019-10-13 20:15:22,930 [main] INFO  handler.ContextHandler (ContextHandler.java:doStart(781)) - Started o.e.j.w.WebAppContext@4af46df3{/,file:///workdir/hadoop-ozone/integration-test/target/test-classes/webapps/ozoneManager/,AVAILABLE}{/ozoneManager}
2019-10-13 20:15:22,930 [main] INFO  server.AbstractConnector (AbstractConnector.java:doStart(278)) - Started ServerConnector@4158debd{HTTP/1.1,[http/1.1]}{0.0.0.0:43963}
2019-10-13 20:15:22,931 [main] INFO  server.Server (Server.java:doStart(419)) - Started @4089ms
2019-10-13 20:15:22,931 [main] WARN  impl.MetricsSystemImpl (MetricsSystemImpl.java:register(276)) - Sink prometheus already exists!
2019-10-13 20:15:22,932 [main] INFO  server.BaseHttpServer (BaseHttpServer.java:updateConnectorAddress(215)) - HTTP server of OZONEMANAGER is listening at http://0.0.0.0:43963
2019-10-13 20:15:23,247 [main] INFO  impl.MetricsSystemImpl (MetricsSystemImpl.java:init(158)) - HddsDatanode metrics system started (again)
2019-10-13 20:15:23,295 [main] INFO  ozone.HddsDatanodeService (HddsDatanodeService.java:start(184)) - HddsDatanodeService host:pr-hdds-2240-9psb4-3492037919 ip:192.168.151.93
2019-10-13 20:15:23,327 [main] INFO  volume.HddsVolume (HddsVolume.java:<init>(176)) - Creating Volume: /workdir/hadoop-ozone/integration-test/target/test-dir/MiniOzoneClusterImpl-e4384097-ef4f-4dd8-bde8-8af0a93d1d9c/datanode-0/data/containers/hdds of  storage type : DISK and capacity : 1482555576320
2019-10-13 20:15:23,329 [main] INFO  volume.VolumeSet (VolumeSet.java:initializeVolumeSet(170)) - Added Volume : /workdir/hadoop-ozone/integration-test/target/test-dir/MiniOzoneClusterImpl-e4384097-ef4f-4dd8-bde8-8af0a93d1d9c/datanode-0/data/containers/hdds to VolumeSet
2019-10-13 20:15:23,332 [main] INFO  volume.ThrottledAsyncChecker (ThrottledAsyncChecker.java:schedule(141)) - Scheduling a check for org.apache.hadoop.ozone.container.common.volume.HddsVolume@290aeb20
2019-10-13 20:15:23,351 [main] INFO  volume.HddsVolumeChecker (HddsVolumeChecker.java:checkAllVolumes(204)) - Scheduled health check for volume org.apache.hadoop.ozone.container.common.volume.HddsVolume@290aeb20
2019-10-13 20:15:23,464 [main] INFO  impl.RaftServerProxy (ConfUtils.java:logGet(43)) - raft.rpc.type = GRPC (default)
2019-10-13 20:15:23,534 [main] INFO  grpc.GrpcFactory (GrpcFactory.java:checkPooledByteBufAllocatorUseCacheForAllThreads(45)) - PERFORMANCE WARNING: useCacheForAllThreads is true that may cause Netty to create a lot garbage objects and, as a result, trigger GC.
	It is recommended to disable useCacheForAllThreads by setting -Dorg.apache.ratis.thirdparty.io.netty.allocator.useCacheForAllThreads=false in command line.
2019-10-13 20:15:23,539 [main] INFO  grpc.GrpcConfigKeys$Server (ConfUtils.java:logGet(43)) - raft.grpc.server.port = 0 (default)
2019-10-13 20:15:23,540 [main] INFO  server.GrpcService (ConfUtils.java:logGet(43)) - raft.grpc.message.size.max = 33570816 (custom)
2019-10-13 20:15:23,542 [main] INFO  server.RaftServerConfigKeys (ConfUtils.java:logGet(43)) - raft.server.log.appender.buffer.byte-limit = 33554432 (custom)
2019-10-13 20:15:23,543 [main] INFO  server.GrpcService (ConfUtils.java:logGet(43)) - raft.grpc.flow.control.window = 1MB (=1048576) (default)
2019-10-13 20:15:23,544 [main] INFO  server.RaftServerConfigKeys (ConfUtils.java:logGet(43)) - raft.server.rpc.request.timeout = 3000ms (default)
2019-10-13 20:15:23,725 [main] INFO  server.RaftServerConfigKeys (ConfUtils.java:logGet(43)) - raft.server.storage.dir = [/workdir/hadoop-ozone/integration-test/target/test-dir/MiniOzoneClusterImpl-e4384097-ef4f-4dd8-bde8-8af0a93d1d9c/datanode-0/data/ratis] (custom)
2019-10-13 20:15:23,808 [main] INFO  hdfs.DFSUtil (DFSUtil.java:httpServerTemplateForNNAndJN(1641)) - Starting Web-server for hddsDatanode at: http://0.0.0.0:0
2019-10-13 20:15:23,811 [main] INFO  server.AuthenticationFilter (AuthenticationFilter.java:constructSecretProvider(240)) - Unable to initialize FileSignerSecretProvider, falling back to use random secrets.
2019-10-13 20:15:23,812 [main] WARN  http.HttpRequestLog (HttpRequestLog.java:getRequestLog(97)) - Jetty request log can only be enabled using Log4j
2019-10-13 20:15:23,814 [main] INFO  http.HttpServer2 (HttpServer2.java:addGlobalFilter(975)) - Added global filter 'safety' (class=org.apache.hadoop.http.HttpServer2$QuotingInputFilter)
2019-10-13 20:15:23,815 [main] INFO  http.HttpServer2 (HttpServer2.java:addFilter(948)) - Added filter static_user_filter (class=org.apache.hadoop.http.lib.StaticUserWebFilter$StaticUserFilter) to context hddsDatanode
2019-10-13 20:15:23,815 [main] INFO  http.HttpServer2 (HttpServer2.java:addFilter(958)) - Added filter static_user_filter (class=org.apache.hadoop.http.lib.StaticUserWebFilter$StaticUserFilter) to context static
2019-10-13 20:15:23,815 [main] INFO  http.HttpServer2 (HttpServer2.java:addFilter(958)) - Added filter static_user_filter (class=org.apache.hadoop.http.lib.StaticUserWebFilter$StaticUserFilter) to context logs
2019-10-13 20:15:23,817 [main] INFO  http.HttpServer2 (HttpServer2.java:bindListener(1191)) - Jetty bound to port 37284
2019-10-13 20:15:23,817 [main] INFO  server.Server (Server.java:doStart(351)) - jetty-9.3.25.v20180904, build timestamp: 2018-09-04T21:11:46Z, git hash: 3ce520221d0240229c862b122d2b06c12a625732
2019-10-13 20:15:23,820 [main] INFO  handler.ContextHandler (ContextHandler.java:doStart(781)) - Started o.e.j.s.ServletContextHandler@26f46fa6{/logs,file:///workdir/hadoop-ozone/integration-test/target/log,AVAILABLE}
2019-10-13 20:15:23,820 [main] INFO  handler.ContextHandler (ContextHandler.java:doStart(781)) - Started o.e.j.s.ServletContextHandler@9596ce8{/static,jar:file:/home/user/.m2/repository/org/apache/hadoop/hadoop-hdds-container-service/0.5.0-SNAPSHOT/hadoop-hdds-container-service-0.5.0-SNAPSHOT.jar!/webapps/static,AVAILABLE}
2019-10-13 20:15:23,855 [main] INFO  handler.ContextHandler (ContextHandler.java:doStart(781)) - Started o.e.j.w.WebAppContext@2eae4349{/,file:///tmp/jetty-0.0.0.0-37284-hddsDatanode-_-any-2399973684182672335.dir/webapp/,AVAILABLE}{/hddsDatanode}
2019-10-13 20:15:23,856 [main] INFO  server.AbstractConnector (AbstractConnector.java:doStart(278)) - Started ServerConnector@e84fb85{HTTP/1.1,[http/1.1]}{0.0.0.0:37284}
2019-10-13 20:15:23,857 [main] INFO  server.Server (Server.java:doStart(419)) - Started @5016ms
2019-10-13 20:15:23,857 [main] WARN  impl.MetricsSystemImpl (MetricsSystemImpl.java:register(276)) - Sink prometheus already exists!
2019-10-13 20:15:23,858 [main] INFO  server.BaseHttpServer (BaseHttpServer.java:updateConnectorAddress(215)) - HTTP server of HDDSDATANODE is listening at http://0.0.0.0:37284
2019-10-13 20:15:23,860 [main] INFO  impl.MetricsSystemImpl (MetricsSystemImpl.java:init(158)) - HddsDatanode metrics system started (again)
2019-10-13 20:15:23,865 [main] INFO  ozone.HddsDatanodeService (HddsDatanodeService.java:start(184)) - HddsDatanodeService host:pr-hdds-2240-9psb4-3492037919 ip:192.168.151.93
2019-10-13 20:15:23,865 [org.apache.hadoop.util.JvmPauseMonitor$Monitor@7064b10f] INFO  util.JvmPauseMonitor (JvmPauseMonitor.java:run(188)) - Starting JVM pause monitor
2019-10-13 20:15:23,873 [main] INFO  volume.HddsVolume (HddsVolume.java:<init>(176)) - Creating Volume: /workdir/hadoop-ozone/integration-test/target/test-dir/MiniOzoneClusterImpl-e4384097-ef4f-4dd8-bde8-8af0a93d1d9c/datanode-1/data/containers/hdds of  storage type : DISK and capacity : 1482555576320
2019-10-13 20:15:23,874 [main] INFO  volume.VolumeSet (VolumeSet.java:initializeVolumeSet(170)) - Added Volume : /workdir/hadoop-ozone/integration-test/target/test-dir/MiniOzoneClusterImpl-e4384097-ef4f-4dd8-bde8-8af0a93d1d9c/datanode-1/data/containers/hdds to VolumeSet
2019-10-13 20:15:23,874 [main] INFO  volume.ThrottledAsyncChecker (ThrottledAsyncChecker.java:schedule(141)) - Scheduling a check for org.apache.hadoop.ozone.container.common.volume.HddsVolume@26cb5207
2019-10-13 20:15:23,875 [main] INFO  volume.HddsVolumeChecker (HddsVolumeChecker.java:checkAllVolumes(204)) - Scheduled health check for volume org.apache.hadoop.ozone.container.common.volume.HddsVolume@26cb5207
2019-10-13 20:15:23,891 [main] INFO  impl.RaftServerProxy (ConfUtils.java:logGet(43)) - raft.rpc.type = GRPC (default)
2019-10-13 20:15:23,892 [main] INFO  grpc.GrpcFactory (GrpcFactory.java:checkPooledByteBufAllocatorUseCacheForAllThreads(45)) - PERFORMANCE WARNING: useCacheForAllThreads is true that may cause Netty to create a lot garbage objects and, as a result, trigger GC.
	It is recommended to disable useCacheForAllThreads by setting -Dorg.apache.ratis.thirdparty.io.netty.allocator.useCacheForAllThreads=false in command line.
2019-10-13 20:15:23,892 [main] INFO  grpc.GrpcConfigKeys$Server (ConfUtils.java:logGet(43)) - raft.grpc.server.port = 0 (default)
2019-10-13 20:15:23,892 [main] INFO  server.GrpcService (ConfUtils.java:logGet(43)) - raft.grpc.message.size.max = 33570816 (custom)
2019-10-13 20:15:23,893 [main] INFO  server.RaftServerConfigKeys (ConfUtils.java:logGet(43)) - raft.server.log.appender.buffer.byte-limit = 33554432 (custom)
2019-10-13 20:15:23,893 [main] INFO  server.GrpcService (ConfUtils.java:logGet(43)) - raft.grpc.flow.control.window = 1MB (=1048576) (default)
2019-10-13 20:15:23,894 [main] INFO  server.RaftServerConfigKeys (ConfUtils.java:logGet(43)) - raft.server.rpc.request.timeout = 3000ms (default)
2019-10-13 20:15:23,895 [main] INFO  server.RaftServerConfigKeys (ConfUtils.java:logGet(43)) - raft.server.storage.dir = [/workdir/hadoop-ozone/integration-test/target/test-dir/MiniOzoneClusterImpl-e4384097-ef4f-4dd8-bde8-8af0a93d1d9c/datanode-1/data/ratis] (custom)
2019-10-13 20:15:23,897 [main] INFO  hdfs.DFSUtil (DFSUtil.java:httpServerTemplateForNNAndJN(1641)) - Starting Web-server for hddsDatanode at: http://0.0.0.0:0
2019-10-13 20:15:23,899 [main] INFO  server.AuthenticationFilter (AuthenticationFilter.java:constructSecretProvider(240)) - Unable to initialize FileSignerSecretProvider, falling back to use random secrets.
2019-10-13 20:15:23,899 [main] WARN  http.HttpRequestLog (HttpRequestLog.java:getRequestLog(97)) - Jetty request log can only be enabled using Log4j
2019-10-13 20:15:23,904 [main] INFO  http.HttpServer2 (HttpServer2.java:addGlobalFilter(975)) - Added global filter 'safety' (class=org.apache.hadoop.http.HttpServer2$QuotingInputFilter)
2019-10-13 20:15:23,905 [main] INFO  http.HttpServer2 (HttpServer2.java:addFilter(948)) - Added filter static_user_filter (class=org.apache.hadoop.http.lib.StaticUserWebFilter$StaticUserFilter) to context hddsDatanode
2019-10-13 20:15:23,906 [main] INFO  http.HttpServer2 (HttpServer2.java:addFilter(958)) - Added filter static_user_filter (class=org.apache.hadoop.http.lib.StaticUserWebFilter$StaticUserFilter) to context logs
2019-10-13 20:15:23,906 [main] INFO  http.HttpServer2 (HttpServer2.java:addFilter(958)) - Added filter static_user_filter (class=org.apache.hadoop.http.lib.StaticUserWebFilter$StaticUserFilter) to context static
2019-10-13 20:15:23,906 [main] INFO  http.HttpServer2 (HttpServer2.java:bindListener(1191)) - Jetty bound to port 34161
2019-10-13 20:15:23,907 [main] INFO  server.Server (Server.java:doStart(351)) - jetty-9.3.25.v20180904, build timestamp: 2018-09-04T21:11:46Z, git hash: 3ce520221d0240229c862b122d2b06c12a625732
2019-10-13 20:15:23,908 [main] INFO  handler.ContextHandler (ContextHandler.java:doStart(781)) - Started o.e.j.s.ServletContextHandler@3bbf841e{/logs,file:///workdir/hadoop-ozone/integration-test/target/log,AVAILABLE}
2019-10-13 20:15:23,909 [main] INFO  handler.ContextHandler (ContextHandler.java:doStart(781)) - Started o.e.j.s.ServletContextHandler@56a4f272{/static,jar:file:/home/user/.m2/repository/org/apache/hadoop/hadoop-hdds-container-service/0.5.0-SNAPSHOT/hadoop-hdds-container-service-0.5.0-SNAPSHOT.jar!/webapps/static,AVAILABLE}
2019-10-13 20:15:23,939 [main] INFO  handler.ContextHandler (ContextHandler.java:doStart(781)) - Started o.e.j.w.WebAppContext@6cff61fc{/,file:///tmp/jetty-0.0.0.0-34161-hddsDatanode-_-any-1505780166834400218.dir/webapp/,AVAILABLE}{/hddsDatanode}
2019-10-13 20:15:23,940 [main] INFO  server.AbstractConnector (AbstractConnector.java:doStart(278)) - Started ServerConnector@6e0c6a7a{HTTP/1.1,[http/1.1]}{0.0.0.0:34161}
2019-10-13 20:15:23,942 [main] INFO  server.Server (Server.java:doStart(419)) - Started @5100ms
2019-10-13 20:15:23,942 [main] WARN  impl.MetricsSystemImpl (MetricsSystemImpl.java:register(276)) - Sink prometheus already exists!
2019-10-13 20:15:23,943 [main] INFO  server.BaseHttpServer (BaseHttpServer.java:updateConnectorAddress(215)) - HTTP server of HDDSDATANODE is listening at http://0.0.0.0:34161
2019-10-13 20:15:23,943 [main] INFO  impl.MetricsSystemImpl (MetricsSystemImpl.java:init(158)) - HddsDatanode metrics system started (again)
2019-10-13 20:15:23,945 [org.apache.hadoop.util.JvmPauseMonitor$Monitor@6fa9ea5a] INFO  util.JvmPauseMonitor (JvmPauseMonitor.java:run(188)) - Starting JVM pause monitor
2019-10-13 20:15:23,946 [main] INFO  ozone.HddsDatanodeService (HddsDatanodeService.java:start(184)) - HddsDatanodeService host:pr-hdds-2240-9psb4-3492037919 ip:192.168.151.93
2019-10-13 20:15:23,954 [main] INFO  volume.HddsVolume (HddsVolume.java:<init>(176)) - Creating Volume: /workdir/hadoop-ozone/integration-test/target/test-dir/MiniOzoneClusterImpl-e4384097-ef4f-4dd8-bde8-8af0a93d1d9c/datanode-2/data/containers/hdds of  storage type : DISK and capacity : 1482555576320
2019-10-13 20:15:23,955 [main] INFO  volume.VolumeSet (VolumeSet.java:initializeVolumeSet(170)) - Added Volume : /workdir/hadoop-ozone/integration-test/target/test-dir/MiniOzoneClusterImpl-e4384097-ef4f-4dd8-bde8-8af0a93d1d9c/datanode-2/data/containers/hdds to VolumeSet
2019-10-13 20:15:23,955 [main] INFO  volume.ThrottledAsyncChecker (ThrottledAsyncChecker.java:schedule(141)) - Scheduling a check for org.apache.hadoop.ozone.container.common.volume.HddsVolume@799ed4e8
2019-10-13 20:15:23,955 [main] INFO  volume.HddsVolumeChecker (HddsVolumeChecker.java:checkAllVolumes(204)) - Scheduled health check for volume org.apache.hadoop.ozone.container.common.volume.HddsVolume@799ed4e8
2019-10-13 20:15:23,968 [main] INFO  impl.RaftServerProxy (ConfUtils.java:logGet(43)) - raft.rpc.type = GRPC (default)
2019-10-13 20:15:23,968 [main] INFO  grpc.GrpcFactory (GrpcFactory.java:checkPooledByteBufAllocatorUseCacheForAllThreads(45)) - PERFORMANCE WARNING: useCacheForAllThreads is true that may cause Netty to create a lot garbage objects and, as a result, trigger GC.
	It is recommended to disable useCacheForAllThreads by setting -Dorg.apache.ratis.thirdparty.io.netty.allocator.useCacheForAllThreads=false in command line.
2019-10-13 20:15:23,968 [main] INFO  grpc.GrpcConfigKeys$Server (ConfUtils.java:logGet(43)) - raft.grpc.server.port = 0 (default)
2019-10-13 20:15:23,969 [main] INFO  server.GrpcService (ConfUtils.java:logGet(43)) - raft.grpc.message.size.max = 33570816 (custom)
2019-10-13 20:15:23,969 [main] INFO  server.RaftServerConfigKeys (ConfUtils.java:logGet(43)) - raft.server.log.appender.buffer.byte-limit = 33554432 (custom)
2019-10-13 20:15:23,969 [main] INFO  server.GrpcService (ConfUtils.java:logGet(43)) - raft.grpc.flow.control.window = 1MB (=1048576) (default)
2019-10-13 20:15:23,969 [main] INFO  server.RaftServerConfigKeys (ConfUtils.java:logGet(43)) - raft.server.rpc.request.timeout = 3000ms (default)
2019-10-13 20:15:23,970 [main] INFO  server.RaftServerConfigKeys (ConfUtils.java:logGet(43)) - raft.server.storage.dir = [/workdir/hadoop-ozone/integration-test/target/test-dir/MiniOzoneClusterImpl-e4384097-ef4f-4dd8-bde8-8af0a93d1d9c/datanode-2/data/ratis] (custom)
2019-10-13 20:15:23,972 [main] INFO  hdfs.DFSUtil (DFSUtil.java:httpServerTemplateForNNAndJN(1641)) - Starting Web-server for hddsDatanode at: http://0.0.0.0:0
2019-10-13 20:15:23,973 [main] INFO  server.AuthenticationFilter (AuthenticationFilter.java:constructSecretProvider(240)) - Unable to initialize FileSignerSecretProvider, falling back to use random secrets.
2019-10-13 20:15:23,974 [main] WARN  http.HttpRequestLog (HttpRequestLog.java:getRequestLog(97)) - Jetty request log can only be enabled using Log4j
2019-10-13 20:15:23,975 [main] INFO  http.HttpServer2 (HttpServer2.java:addGlobalFilter(975)) - Added global filter 'safety' (class=org.apache.hadoop.http.HttpServer2$QuotingInputFilter)
2019-10-13 20:15:23,976 [main] INFO  http.HttpServer2 (HttpServer2.java:addFilter(948)) - Added filter static_user_filter (class=org.apache.hadoop.http.lib.StaticUserWebFilter$StaticUserFilter) to context hddsDatanode
2019-10-13 20:15:23,976 [main] INFO  http.HttpServer2 (HttpServer2.java:addFilter(958)) - Added filter static_user_filter (class=org.apache.hadoop.http.lib.StaticUserWebFilter$StaticUserFilter) to context logs
2019-10-13 20:15:23,976 [main] INFO  http.HttpServer2 (HttpServer2.java:addFilter(958)) - Added filter static_user_filter (class=org.apache.hadoop.http.lib.StaticUserWebFilter$StaticUserFilter) to context static
2019-10-13 20:15:23,977 [main] INFO  http.HttpServer2 (HttpServer2.java:bindListener(1191)) - Jetty bound to port 39521
2019-10-13 20:15:23,977 [main] INFO  server.Server (Server.java:doStart(351)) - jetty-9.3.25.v20180904, build timestamp: 2018-09-04T21:11:46Z, git hash: 3ce520221d0240229c862b122d2b06c12a625732
2019-10-13 20:15:23,980 [main] INFO  handler.ContextHandler (ContextHandler.java:doStart(781)) - Started o.e.j.s.ServletContextHandler@5a6d30e2{/logs,file:///workdir/hadoop-ozone/integration-test/target/log,AVAILABLE}
2019-10-13 20:15:23,980 [main] INFO  handler.ContextHandler (ContextHandler.java:doStart(781)) - Started o.e.j.s.ServletContextHandler@a098d76{/static,jar:file:/home/user/.m2/repository/org/apache/hadoop/hadoop-hdds-container-service/0.5.0-SNAPSHOT/hadoop-hdds-container-service-0.5.0-SNAPSHOT.jar!/webapps/static,AVAILABLE}
2019-10-13 20:15:23,990 [Datanode State Machine Thread - 0] INFO  datanode.InitDatanodeState (InitDatanodeState.java:persistContainerDatanodeDetails(140)) - DatanodeDetails is persisted to /workdir/hadoop-ozone/integration-test/target/test-dir/MiniOzoneClusterImpl-e4384097-ef4f-4dd8-bde8-8af0a93d1d9c/datanode-0/meta/datanode.id
2019-10-13 20:15:23,993 [Datanode State Machine Thread - 0] INFO  datanode.InitDatanodeState (InitDatanodeState.java:persistContainerDatanodeDetails(140)) - DatanodeDetails is persisted to /workdir/hadoop-ozone/integration-test/target/test-dir/MiniOzoneClusterImpl-e4384097-ef4f-4dd8-bde8-8af0a93d1d9c/datanode-1/meta/datanode.id
2019-10-13 20:15:24,011 [main] INFO  handler.ContextHandler (ContextHandler.java:doStart(781)) - Started o.e.j.w.WebAppContext@784abd3e{/,file:///tmp/jetty-0.0.0.0-39521-hddsDatanode-_-any-8847220859024068441.dir/webapp/,AVAILABLE}{/hddsDatanode}
2019-10-13 20:15:24,012 [main] INFO  server.AbstractConnector (AbstractConnector.java:doStart(278)) - Started ServerConnector@36c2b646{HTTP/1.1,[http/1.1]}{0.0.0.0:39521}
2019-10-13 20:15:24,012 [main] INFO  server.Server (Server.java:doStart(419)) - Started @5171ms
2019-10-13 20:15:24,014 [main] WARN  impl.MetricsSystemImpl (MetricsSystemImpl.java:register(276)) - Sink prometheus already exists!
2019-10-13 20:15:24,015 [main] INFO  server.BaseHttpServer (BaseHttpServer.java:updateConnectorAddress(215)) - HTTP server of HDDSDATANODE is listening at http://0.0.0.0:39521
2019-10-13 20:15:24,017 [main] INFO  ozone.MiniOzoneClusterImpl (MiniOzoneClusterImpl.java:lambda$waitForClusterToBeReady$0(147)) - Waiting for cluster to be ready. Got 0 of 3 DN Heartbeats.
2019-10-13 20:15:24,017 [org.apache.hadoop.util.JvmPauseMonitor$Monitor@7ea3360e] INFO  util.JvmPauseMonitor (JvmPauseMonitor.java:run(188)) - Starting JVM pause monitor
2019-10-13 20:15:24,021 [Datanode State Machine Thread - 0] INFO  datanode.InitDatanodeState (InitDatanodeState.java:persistContainerDatanodeDetails(140)) - DatanodeDetails is persisted to /workdir/hadoop-ozone/integration-test/target/test-dir/MiniOzoneClusterImpl-e4384097-ef4f-4dd8-bde8-8af0a93d1d9c/datanode-2/meta/datanode.id
2019-10-13 20:15:25,017 [main] INFO  ozone.MiniOzoneClusterImpl (MiniOzoneClusterImpl.java:lambda$waitForClusterToBeReady$0(147)) - Waiting for cluster to be ready. Got 0 of 3 DN Heartbeats.
2019-10-13 20:15:25,930 [Datanode State Machine Thread - 0] INFO  ozoneimpl.OzoneContainer (OzoneContainer.java:start(213)) - Attempting to start container services.
2019-10-13 20:15:25,932 [Datanode State Machine Thread - 0] INFO  ozoneimpl.OzoneContainer (OzoneContainer.java:startContainerScrub(177)) - Background container scanner has been disabled.
2019-10-13 20:15:25,932 [Datanode State Machine Thread - 0] INFO  ratis.XceiverServerRatis (XceiverServerRatis.java:start(418)) - Starting XceiverServerRatis d7b6d0b0-5bea-41cc-bfbb-05e0db699ec7 at port 0
2019-10-13 20:15:25,951 [Datanode State Machine Thread - 0] INFO  impl.RaftServerProxy (RaftServerProxy.java:lambda$start$3(299)) - d7b6d0b0-5bea-41cc-bfbb-05e0db699ec7: start RPC server
2019-10-13 20:15:25,964 [Datanode State Machine Thread - 0] INFO  ozoneimpl.OzoneContainer (OzoneContainer.java:start(213)) - Attempting to start container services.
2019-10-13 20:15:25,970 [Datanode State Machine Thread - 0] INFO  ozoneimpl.OzoneContainer (OzoneContainer.java:startContainerScrub(177)) - Background container scanner has been disabled.
2019-10-13 20:15:25,970 [Datanode State Machine Thread - 0] INFO  ratis.XceiverServerRatis (XceiverServerRatis.java:start(418)) - Starting XceiverServerRatis b1e61060-76d7-4fe3-930c-321a9145abdb at port 0
2019-10-13 20:15:25,980 [Datanode State Machine Thread - 0] INFO  impl.RaftServerProxy (RaftServerProxy.java:lambda$start$3(299)) - b1e61060-76d7-4fe3-930c-321a9145abdb: start RPC server
2019-10-13 20:15:26,018 [main] INFO  ozone.MiniOzoneClusterImpl (MiniOzoneClusterImpl.java:lambda$waitForClusterToBeReady$0(147)) - Waiting for cluster to be ready. Got 0 of 3 DN Heartbeats.
2019-10-13 20:15:26,033 [Datanode State Machine Thread - 0] INFO  ozoneimpl.OzoneContainer (OzoneContainer.java:start(213)) - Attempting to start container services.
2019-10-13 20:15:26,035 [Datanode State Machine Thread - 0] INFO  ozoneimpl.OzoneContainer (OzoneContainer.java:startContainerScrub(177)) - Background container scanner has been disabled.
2019-10-13 20:15:26,035 [Datanode State Machine Thread - 0] INFO  ratis.XceiverServerRatis (XceiverServerRatis.java:start(418)) - Starting XceiverServerRatis 1d13c680-5537-46cb-94e2-eb83f4d4b3d3 at port 0
2019-10-13 20:15:26,044 [Datanode State Machine Thread - 0] INFO  impl.RaftServerProxy (RaftServerProxy.java:lambda$start$3(299)) - 1d13c680-5537-46cb-94e2-eb83f4d4b3d3: start RPC server
2019-10-13 20:15:26,096 [Datanode State Machine Thread - 0] INFO  server.GrpcService (GrpcService.java:startImpl(158)) - d7b6d0b0-5bea-41cc-bfbb-05e0db699ec7: GrpcService started, listening on 0.0.0.0/0.0.0.0:33569
2019-10-13 20:15:26,096 [Datanode State Machine Thread - 0] INFO  server.GrpcService (GrpcService.java:startImpl(158)) - b1e61060-76d7-4fe3-930c-321a9145abdb: GrpcService started, listening on 0.0.0.0/0.0.0.0:33129
2019-10-13 20:15:26,096 [Datanode State Machine Thread - 0] INFO  server.GrpcService (GrpcService.java:startImpl(158)) - 1d13c680-5537-46cb-94e2-eb83f4d4b3d3: GrpcService started, listening on 0.0.0.0/0.0.0.0:46245
2019-10-13 20:15:26,098 [Datanode State Machine Thread - 0] INFO  ratis.XceiverServerRatis (XceiverServerRatis.java:start(428)) - XceiverServerRatis b1e61060-76d7-4fe3-930c-321a9145abdb is started using port 33129
2019-10-13 20:15:26,097 [Datanode State Machine Thread - 0] INFO  ratis.XceiverServerRatis (XceiverServerRatis.java:start(428)) - XceiverServerRatis d7b6d0b0-5bea-41cc-bfbb-05e0db699ec7 is started using port 33569
2019-10-13 20:15:26,098 [Datanode State Machine Thread - 0] INFO  ratis.XceiverServerRatis (XceiverServerRatis.java:start(428)) - XceiverServerRatis 1d13c680-5537-46cb-94e2-eb83f4d4b3d3 is started using port 46245
2019-10-13 20:15:26,103 [Datanode State Machine Thread - 0] INFO  server.XceiverServerGrpc (XceiverServerGrpc.java:start(149)) - XceiverServerGrpc d7b6d0b0-5bea-41cc-bfbb-05e0db699ec7 is started using port 35830
2019-10-13 20:15:26,103 [Datanode State Machine Thread - 0] INFO  server.XceiverServerGrpc (XceiverServerGrpc.java:start(149)) - XceiverServerGrpc 1d13c680-5537-46cb-94e2-eb83f4d4b3d3 is started using port 35950
2019-10-13 20:15:26,103 [Datanode State Machine Thread - 0] INFO  server.XceiverServerGrpc (XceiverServerGrpc.java:start(149)) - XceiverServerGrpc b1e61060-76d7-4fe3-930c-321a9145abdb is started using port 44036
2019-10-13 20:15:27,019 [main] INFO  ozone.MiniOzoneClusterImpl (MiniOzoneClusterImpl.java:lambda$waitForClusterToBeReady$0(147)) - Waiting for cluster to be ready. Got 0 of 3 DN Heartbeats.
2019-10-13 20:15:27,893 [IPC Server handler 1 on 38362] INFO  net.NetworkTopology (NetworkTopologyImpl.java:add(111)) - Added a new node: /default-rack/d7b6d0b0-5bea-41cc-bfbb-05e0db699ec7
2019-10-13 20:15:27,894 [IPC Server handler 1 on 38362] INFO  node.SCMNodeManager (SCMNodeManager.java:register(268)) - Registered Data node : d7b6d0b0-5bea-41cc-bfbb-05e0db699ec7{ip: 192.168.151.93, host: pr-hdds-2240-9psb4-3492037919, networkLocation: /default-rack, certSerialId: null}
2019-10-13 20:15:27,896 [EventQueue-NodeRegistrationContainerReportForDataNodeSafeModeRule] INFO  safemode.SCMSafeModeManager (DataNodeSafeModeRule.java:process(71)) - SCM in safe mode. 1 DataNodes registered, 1 required.
2019-10-13 20:15:27,896 [EventQueue-NodeRegistrationContainerReportForDataNodeSafeModeRule] INFO  safemode.SCMSafeModeManager (SCMSafeModeManager.java:validateSafeModeExitRules(177)) - ScmSafeModeManager, all rules are successfully validated
2019-10-13 20:15:27,896 [EventQueue-NodeRegistrationContainerReportForDataNodeSafeModeRule] INFO  safemode.SCMSafeModeManager (SCMSafeModeManager.java:exitSafeMode(193)) - SCM exiting safe mode.
2019-10-13 20:15:27,948 [IPC Server handler 0 on 38362] INFO  net.NetworkTopology (NetworkTopologyImpl.java:add(111)) - Added a new node: /default-rack/b1e61060-76d7-4fe3-930c-321a9145abdb
2019-10-13 20:15:27,948 [IPC Server handler 0 on 38362] INFO  node.SCMNodeManager (SCMNodeManager.java:register(268)) - Registered Data node : b1e61060-76d7-4fe3-930c-321a9145abdb{ip: 192.168.151.93, host: pr-hdds-2240-9psb4-3492037919, networkLocation: /default-rack, certSerialId: null}
2019-10-13 20:15:28,019 [main] INFO  ozone.MiniOzoneClusterImpl (MiniOzoneClusterImpl.java:lambda$waitForClusterToBeReady$0(147)) - Waiting for cluster to be ready. Got 2 of 3 DN Heartbeats.
2019-10-13 20:15:28,020 [IPC Server handler 2 on 38362] INFO  net.NetworkTopology (NetworkTopologyImpl.java:add(111)) - Added a new node: /default-rack/1d13c680-5537-46cb-94e2-eb83f4d4b3d3
2019-10-13 20:15:28,020 [IPC Server handler 2 on 38362] INFO  node.SCMNodeManager (SCMNodeManager.java:register(268)) - Registered Data node : 1d13c680-5537-46cb-94e2-eb83f4d4b3d3{ip: 192.168.151.93, host: pr-hdds-2240-9psb4-3492037919, networkLocation: /default-rack, certSerialId: null}
2019-10-13 20:15:28,359 [grpc-default-executor-0] INFO  impl.RaftServerProxy (RaftServerProxy.java:addNew(89)) - d7b6d0b0-5bea-41cc-bfbb-05e0db699ec7: addNew group-53441AC77188:[d7b6d0b0-5bea-41cc-bfbb-05e0db699ec7:192.168.151.93:33569] returns group-53441AC77188:java.util.concurrent.CompletableFuture@40e1f9d0[Not completed]
2019-10-13 20:15:28,374 [pool-27-thread-1] INFO  impl.RaftServerImpl (RaftServerImpl.java:<init>(95)) - d7b6d0b0-5bea-41cc-bfbb-05e0db699ec7: new RaftServerImpl for group-53441AC77188:[d7b6d0b0-5bea-41cc-bfbb-05e0db699ec7:192.168.151.93:33569] with ContainerStateMachine:uninitialized
2019-10-13 20:15:28,377 [pool-27-thread-1] INFO  server.RaftServerConfigKeys (ConfUtils.java:logGet(43)) - raft.server.rpc.timeout.min = 5s (custom)
2019-10-13 20:15:28,378 [pool-27-thread-1] INFO  server.RaftServerConfigKeys (ConfUtils.java:logGet(43)) - raft.server.rpc.timeout.max = 5200ms (custom)
2019-10-13 20:15:28,379 [pool-27-thread-1] INFO  server.RaftServerConfigKeys (ConfUtils.java:logGet(43)) - raft.server.rpcslowness.timeout = 1000s (custom)
2019-10-13 20:15:28,379 [pool-27-thread-1] INFO  server.RaftServerConfigKeys (ConfUtils.java:logGet(43)) - raft.server.sleep.deviation.threshold = 300 (default)
2019-10-13 20:15:28,380 [pool-27-thread-1] INFO  server.RaftServerConfigKeys (ConfUtils.java:logGet(43)) - raft.server.log.appender.install.snapshot.enabled = false (custom)
2019-10-13 20:15:28,390 [pool-27-thread-1] INFO  impl.RaftServerImpl (ServerState.java:<init>(103)) - d7b6d0b0-5bea-41cc-bfbb-05e0db699ec7@group-53441AC77188: ConfigurationManager, init=-1: [d7b6d0b0-5bea-41cc-bfbb-05e0db699ec7:192.168.151.93:33569], old=null, confs=<EMPTY_MAP>
2019-10-13 20:15:28,391 [pool-27-thread-1] INFO  server.RaftServerConfigKeys (ConfUtils.java:logGet(43)) - raft.server.storage.dir = [/workdir/hadoop-ozone/integration-test/target/test-dir/MiniOzoneClusterImpl-e4384097-ef4f-4dd8-bde8-8af0a93d1d9c/datanode-0/data/ratis] (custom)
2019-10-13 20:15:28,399 [pool-27-thread-1] INFO  server.RaftServerConfigKeys (ConfUtils.java:logGet(43)) - raft.server.log.corruption.policy = EXCEPTION (default)
2019-10-13 20:15:28,401 [pool-27-thread-1] INFO  storage.RaftStorageDirectory (RaftStorageDirectory.java:analyzeStorage(246)) - The storage directory /workdir/hadoop-ozone/integration-test/target/test-dir/MiniOzoneClusterImpl-e4384097-ef4f-4dd8-bde8-8af0a93d1d9c/datanode-0/data/ratis/e63015d1-1fbf-4b59-9f66-53441ac77188 does not exist. Creating ...
2019-10-13 20:15:28,419 [pool-27-thread-1] INFO  storage.RaftStorageDirectory (RaftStorageDirectory.java:tryLock(328)) - Lock on /workdir/hadoop-ozone/integration-test/target/test-dir/MiniOzoneClusterImpl-e4384097-ef4f-4dd8-bde8-8af0a93d1d9c/datanode-0/data/ratis/e63015d1-1fbf-4b59-9f66-53441ac77188/in_use.lock acquired by nodename 19020@pr-hdds-2240-9psb4-3492037919
2019-10-13 20:15:28,434 [pool-27-thread-1] INFO  storage.RaftStorage (RaftStorage.java:format(84)) - Storage directory /workdir/hadoop-ozone/integration-test/target/test-dir/MiniOzoneClusterImpl-e4384097-ef4f-4dd8-bde8-8af0a93d1d9c/datanode-0/data/ratis/e63015d1-1fbf-4b59-9f66-53441ac77188 has been successfully formatted.
2019-10-13 20:15:28,437 [pool-27-thread-1] INFO  ratis.ContainerStateMachine (ContainerStateMachine.java:loadSnapshot(231)) - group-53441AC77188: The snapshot info is null. Setting the last applied indexto:(t:0, i:~)
2019-10-13 20:15:28,437 [pool-27-thread-1] INFO  server.RaftServerConfigKeys (ConfUtils.java:logGet(43)) - raft.server.notification.no-leader.timeout = 1000s (custom)
2019-10-13 20:15:28,439 [pool-27-thread-1] INFO  server.RaftServerConfigKeys (ConfUtils.java:logGet(43)) - raft.server.log.use.memory = false (default)
2019-10-13 20:15:28,446 [pool-27-thread-1] INFO  server.RaftServerConfigKeys (ConfUtils.java:logGet(43)) - raft.server.log.purge.gap = 1000000 (custom)
2019-10-13 20:15:28,447 [pool-27-thread-1] INFO  server.RaftServerConfigKeys (ConfUtils.java:logGet(43)) - raft.server.log.appender.buffer.byte-limit = 33554432 (custom)
2019-10-13 20:15:28,455 [pool-27-thread-1] INFO  server.RaftServerConfigKeys (ConfUtils.java:logGet(43)) - raft.server.log.segment.size.max = 1048576 (custom)
2019-10-13 20:15:28,458 [pool-27-thread-1] INFO  impl.MetricsSystemImpl (MetricsSystemImpl.java:init(158)) - ratis metrics system started (again)
2019-10-13 20:15:28,462 [pool-27-thread-1] INFO  metrics.MetricRegistries (MetricRegistriesLoader.java:load(64)) - Loaded MetricRegistries class org.apache.ratis.metrics.impl.MetricRegistriesImpl
2019-10-13 20:15:28,510 [pool-27-thread-1] INFO  server.RaftServerConfigKeys (ConfUtils.java:logGet(43)) - raft.server.log.segment.cache.num.max = 2 (custom)
2019-10-13 20:15:28,517 [pool-27-thread-1] INFO  segmented.SegmentedRaftLogWorker (SegmentedRaftLogWorker.java:<init>(173)) - new d7b6d0b0-5bea-41cc-bfbb-05e0db699ec7@group-53441AC77188-SegmentedRaftLogWorker for RaftStorage:Storage Directory /workdir/hadoop-ozone/integration-test/target/test-dir/MiniOzoneClusterImpl-e4384097-ef4f-4dd8-bde8-8af0a93d1d9c/datanode-0/data/ratis/e63015d1-1fbf-4b59-9f66-53441ac77188
2019-10-13 20:15:28,517 [pool-27-thread-1] INFO  server.RaftServerConfigKeys (ConfUtils.java:logGet(43)) - raft.server.log.queue.byte-limit = 2147483647 (custom)
2019-10-13 20:15:28,518 [pool-27-thread-1] INFO  server.RaftServerConfigKeys (ConfUtils.java:logGet(43)) - raft.server.log.queue.element-limit = 1024 (custom)
2019-10-13 20:15:28,520 [pool-27-thread-1] INFO  server.RaftServerConfigKeys (ConfUtils.java:logGet(43)) - raft.server.log.segment.size.max = 1048576 (custom)
2019-10-13 20:15:28,520 [pool-27-thread-1] INFO  server.RaftServerConfigKeys (ConfUtils.java:logGet(43)) - raft.server.log.preallocated.size = 16384 (custom)
2019-10-13 20:15:28,521 [pool-27-thread-1] INFO  server.RaftServerConfigKeys (ConfUtils.java:logGet(43)) - raft.server.log.write.buffer.size = 33554432 (custom)
2019-10-13 20:15:28,522 [pool-27-thread-1] INFO  server.RaftServerConfigKeys (ConfUtils.java:logGet(43)) - raft.server.log.force.sync.num = 128 (default)
2019-10-13 20:15:28,523 [pool-27-thread-1] INFO  server.RaftServerConfigKeys (ConfUtils.java:logGet(43)) - raft.server.log.statemachine.data.sync = true (default)
2019-10-13 20:15:28,524 [pool-27-thread-1] INFO  server.RaftServerConfigKeys (ConfUtils.java:logGet(43)) - raft.server.log.statemachine.data.sync.timeout = 10s (default)
2019-10-13 20:15:28,525 [pool-27-thread-1] INFO  server.RaftServerConfigKeys (ConfUtils.java:logGet(43)) - raft.server.log.statemachine.data.sync.timeout.retry = -1 (default)
2019-10-13 20:15:28,543 [pool-27-thread-1] INFO  server.RaftServerConfigKeys (ConfUtils.java:logGet(43)) - raft.server.log.statemachine.data.caching.enabled = true (custom)
2019-10-13 20:15:28,550 [pool-27-thread-1] INFO  segmented.SegmentedRaftLogWorker (SegmentedRaftLogWorker.java:lambda$new$0(128)) - d7b6d0b0-5bea-41cc-bfbb-05e0db699ec7@group-53441AC77188-SegmentedRaftLogWorker: flushIndex: setUnconditionally 0 -> -1
2019-10-13 20:15:28,556 [pool-27-thread-1] INFO  server.RaftServerConfigKeys (ConfUtils.java:logGet(43)) - raft.server.snapshot.auto.trigger.enabled = true (custom)
2019-10-13 20:15:28,557 [pool-27-thread-1] INFO  server.RaftServerConfigKeys (ConfUtils.java:logGet(43)) - raft.server.snapshot.auto.trigger.threshold = 10000 (custom)
2019-10-13 20:15:28,557 [pool-27-thread-1] INFO  server.RaftServerConfigKeys (ConfUtils.java:logGet(43)) - raft.server.snapshot.retention.file.num = 5 (custom)
2019-10-13 20:15:28,558 [pool-27-thread-1] INFO  server.RaftServerConfigKeys (ConfUtils.java:logGet(43)) - raft.server.retrycache.expirytime = 600000ms (custom)
2019-10-13 20:15:28,602 [pool-27-thread-1] INFO  impl.RaftServerImpl (RaftServerImpl.java:start(181)) - d7b6d0b0-5bea-41cc-bfbb-05e0db699ec7@group-53441AC77188: start as a follower, conf=-1: [d7b6d0b0-5bea-41cc-bfbb-05e0db699ec7:192.168.151.93:33569], old=null
2019-10-13 20:15:28,603 [pool-27-thread-1] INFO  impl.RaftServerImpl (RaftServerImpl.java:setRole(170)) - d7b6d0b0-5bea-41cc-bfbb-05e0db699ec7@group-53441AC77188: changes role from      null to FOLLOWER at term 0 for startAsFollower
2019-10-13 20:15:28,605 [pool-27-thread-1] INFO  impl.RoleInfo (RoleInfo.java:updateAndGet(143)) - d7b6d0b0-5bea-41cc-bfbb-05e0db699ec7: start FollowerState
2019-10-13 20:15:28,608 [pool-27-thread-1] INFO  util.JmxRegister (JmxRegister.java:tryRegister(44)) - Successfully registered JMX Bean with object name Ratis:service=RaftServer,group=group-53441AC77188,id=d7b6d0b0-5bea-41cc-bfbb-05e0db699ec7
2019-10-13 20:15:28,691 [RatisPipelineUtilsThread] INFO  pipeline.PipelineStateManager (PipelineStateManager.java:addPipeline(56)) - Created pipeline Pipeline[ Id: e63015d1-1fbf-4b59-9f66-53441ac77188, Nodes: d7b6d0b0-5bea-41cc-bfbb-05e0db699ec7{ip: 192.168.151.93, host: pr-hdds-2240-9psb4-3492037919, networkLocation: /default-rack, certSerialId: null}, Type:RATIS, Factor:ONE, State:OPEN]
2019-10-13 20:15:28,714 [grpc-default-executor-0] INFO  impl.RaftServerProxy (RaftServerProxy.java:addNew(89)) - 1d13c680-5537-46cb-94e2-eb83f4d4b3d3: addNew group-C295518C1A02:[1d13c680-5537-46cb-94e2-eb83f4d4b3d3:192.168.151.93:46245] returns group-C295518C1A02:java.util.concurrent.CompletableFuture@2cceef1d[Not completed]
2019-10-13 20:15:28,740 [pool-47-thread-1] INFO  impl.RaftServerImpl (RaftServerImpl.java:<init>(95)) - 1d13c680-5537-46cb-94e2-eb83f4d4b3d3: new RaftServerImpl for group-C295518C1A02:[1d13c680-5537-46cb-94e2-eb83f4d4b3d3:192.168.151.93:46245] with ContainerStateMachine:uninitialized
2019-10-13 20:15:28,742 [pool-47-thread-1] INFO  server.RaftServerConfigKeys (ConfUtils.java:logGet(43)) - raft.server.rpc.timeout.min = 5s (custom)
2019-10-13 20:15:28,742 [pool-47-thread-1] INFO  server.RaftServerConfigKeys (ConfUtils.java:logGet(43)) - raft.server.rpc.timeout.max = 5200ms (custom)
2019-10-13 20:15:28,743 [pool-47-thread-1] INFO  server.RaftServerConfigKeys (ConfUtils.java:logGet(43)) - raft.server.rpcslowness.timeout = 1000s (custom)
2019-10-13 20:15:28,743 [pool-47-thread-1] INFO  server.RaftServerConfigKeys (ConfUtils.java:logGet(43)) - raft.server.sleep.deviation.threshold = 300 (default)
2019-10-13 20:15:28,743 [pool-47-thread-1] INFO  server.RaftServerConfigKeys (ConfUtils.java:logGet(43)) - raft.server.log.appender.install.snapshot.enabled = false (custom)
2019-10-13 20:15:28,743 [pool-47-thread-1] INFO  impl.RaftServerImpl (ServerState.java:<init>(103)) - 1d13c680-5537-46cb-94e2-eb83f4d4b3d3@group-C295518C1A02: ConfigurationManager, init=-1: [1d13c680-5537-46cb-94e2-eb83f4d4b3d3:192.168.151.93:46245], old=null, confs=<EMPTY_MAP>
2019-10-13 20:15:28,744 [pool-47-thread-1] INFO  server.RaftServerConfigKeys (ConfUtils.java:logGet(43)) - raft.server.storage.dir = [/workdir/hadoop-ozone/integration-test/target/test-dir/MiniOzoneClusterImpl-e4384097-ef4f-4dd8-bde8-8af0a93d1d9c/datanode-2/data/ratis] (custom)
2019-10-13 20:15:28,744 [pool-47-thread-1] INFO  server.RaftServerConfigKeys (ConfUtils.java:logGet(43)) - raft.server.log.corruption.policy = EXCEPTION (default)
2019-10-13 20:15:28,744 [pool-47-thread-1] INFO  storage.RaftStorageDirectory (RaftStorageDirectory.java:analyzeStorage(246)) - The storage directory /workdir/hadoop-ozone/integration-test/target/test-dir/MiniOzoneClusterImpl-e4384097-ef4f-4dd8-bde8-8af0a93d1d9c/datanode-2/data/ratis/90a0e125-082a-4c29-91ec-c295518c1a02 does not exist. Creating ...
2019-10-13 20:15:28,754 [pool-47-thread-1] INFO  storage.RaftStorageDirectory (RaftStorageDirectory.java:tryLock(328)) - Lock on /workdir/hadoop-ozone/integration-test/target/test-dir/MiniOzoneClusterImpl-e4384097-ef4f-4dd8-bde8-8af0a93d1d9c/datanode-2/data/ratis/90a0e125-082a-4c29-91ec-c295518c1a02/in_use.lock acquired by nodename 19020@pr-hdds-2240-9psb4-3492037919
2019-10-13 20:15:28,768 [pool-47-thread-1] INFO  storage.RaftStorage (RaftStorage.java:format(84)) - Storage directory /workdir/hadoop-ozone/integration-test/target/test-dir/MiniOzoneClusterImpl-e4384097-ef4f-4dd8-bde8-8af0a93d1d9c/datanode-2/data/ratis/90a0e125-082a-4c29-91ec-c295518c1a02 has been successfully formatted.
2019-10-13 20:15:28,770 [pool-47-thread-1] INFO  ratis.ContainerStateMachine (ContainerStateMachine.java:loadSnapshot(231)) - group-C295518C1A02: The snapshot info is null. Setting the last applied indexto:(t:0, i:~)
2019-10-13 20:15:28,771 [pool-47-thread-1] INFO  server.RaftServerConfigKeys (ConfUtils.java:logGet(43)) - raft.server.notification.no-leader.timeout = 1000s (custom)
2019-10-13 20:15:28,771 [pool-47-thread-1] INFO  server.RaftServerConfigKeys (ConfUtils.java:logGet(43)) - raft.server.log.use.memory = false (default)
2019-10-13 20:15:28,771 [pool-47-thread-1] INFO  server.RaftServerConfigKeys (ConfUtils.java:logGet(43)) - raft.server.log.purge.gap = 1000000 (custom)
2019-10-13 20:15:28,771 [pool-47-thread-1] INFO  server.RaftServerConfigKeys (ConfUtils.java:logGet(43)) - raft.server.log.appender.buffer.byte-limit = 33554432 (custom)
2019-10-13 20:15:28,772 [pool-47-thread-1] INFO  server.RaftServerConfigKeys (ConfUtils.java:logGet(43)) - raft.server.log.segment.size.max = 1048576 (custom)
2019-10-13 20:15:28,778 [pool-47-thread-1] INFO  server.RaftServerConfigKeys (ConfUtils.java:logGet(43)) - raft.server.log.segment.cache.num.max = 2 (custom)
2019-10-13 20:15:28,778 [pool-47-thread-1] INFO  segmented.SegmentedRaftLogWorker (SegmentedRaftLogWorker.java:<init>(173)) - new 1d13c680-5537-46cb-94e2-eb83f4d4b3d3@group-C295518C1A02-SegmentedRaftLogWorker for RaftStorage:Storage Directory /workdir/hadoop-ozone/integration-test/target/test-dir/MiniOzoneClusterImpl-e4384097-ef4f-4dd8-bde8-8af0a93d1d9c/datanode-2/data/ratis/90a0e125-082a-4c29-91ec-c295518c1a02
2019-10-13 20:15:28,779 [pool-47-thread-1] INFO  server.RaftServerConfigKeys (ConfUtils.java:logGet(43)) - raft.server.log.queue.byte-limit = 2147483647 (custom)
2019-10-13 20:15:28,779 [pool-47-thread-1] INFO  server.RaftServerConfigKeys (ConfUtils.java:logGet(43)) - raft.server.log.queue.element-limit = 1024 (custom)
2019-10-13 20:15:28,779 [pool-47-thread-1] INFO  server.RaftServerConfigKeys (ConfUtils.java:logGet(43)) - raft.server.log.segment.size.max = 1048576 (custom)
2019-10-13 20:15:28,780 [pool-47-thread-1] INFO  server.RaftServerConfigKeys (ConfUtils.java:logGet(43)) - raft.server.log.preallocated.size = 16384 (custom)
2019-10-13 20:15:28,780 [pool-47-thread-1] INFO  server.RaftServerConfigKeys (ConfUtils.java:logGet(43)) - raft.server.log.write.buffer.size = 33554432 (custom)
2019-10-13 20:15:28,780 [pool-47-thread-1] INFO  server.RaftServerConfigKeys (ConfUtils.java:logGet(43)) - raft.server.log.force.sync.num = 128 (default)
2019-10-13 20:15:28,780 [pool-47-thread-1] INFO  server.RaftServerConfigKeys (ConfUtils.java:logGet(43)) - raft.server.log.statemachine.data.sync = true (default)
2019-10-13 20:15:28,780 [pool-47-thread-1] INFO  server.RaftServerConfigKeys (ConfUtils.java:logGet(43)) - raft.server.log.statemachine.data.sync.timeout = 10s (default)
2019-10-13 20:15:28,781 [pool-47-thread-1] INFO  server.RaftServerConfigKeys (ConfUtils.java:logGet(43)) - raft.server.log.statemachine.data.sync.timeout.retry = -1 (default)
2019-10-13 20:15:28,782 [pool-47-thread-1] INFO  server.RaftServerConfigKeys (ConfUtils.java:logGet(43)) - raft.server.log.statemachine.data.caching.enabled = true (custom)
2019-10-13 20:15:28,782 [pool-47-thread-1] INFO  segmented.SegmentedRaftLogWorker (SegmentedRaftLogWorker.java:lambda$new$0(128)) - 1d13c680-5537-46cb-94e2-eb83f4d4b3d3@group-C295518C1A02-SegmentedRaftLogWorker: flushIndex: setUnconditionally 0 -> -1
2019-10-13 20:15:28,782 [pool-47-thread-1] INFO  server.RaftServerConfigKeys (ConfUtils.java:logGet(43)) - raft.server.snapshot.auto.trigger.enabled = true (custom)
2019-10-13 20:15:28,783 [pool-47-thread-1] INFO  server.RaftServerConfigKeys (ConfUtils.java:logGet(43)) - raft.server.snapshot.auto.trigger.threshold = 10000 (custom)
2019-10-13 20:15:28,783 [pool-47-thread-1] INFO  server.RaftServerConfigKeys (ConfUtils.java:logGet(43)) - raft.server.snapshot.retention.file.num = 5 (custom)
2019-10-13 20:15:28,783 [pool-47-thread-1] INFO  server.RaftServerConfigKeys (ConfUtils.java:logGet(43)) - raft.server.retrycache.expirytime = 600000ms (custom)
2019-10-13 20:15:28,788 [pool-47-thread-1] INFO  impl.RaftServerImpl (RaftServerImpl.java:start(181)) - 1d13c680-5537-46cb-94e2-eb83f4d4b3d3@group-C295518C1A02: start as a follower, conf=-1: [1d13c680-5537-46cb-94e2-eb83f4d4b3d3:192.168.151.93:46245], old=null
2019-10-13 20:15:28,789 [pool-47-thread-1] INFO  impl.RaftServerImpl (RaftServerImpl.java:setRole(170)) - 1d13c680-5537-46cb-94e2-eb83f4d4b3d3@group-C295518C1A02: changes role from      null to FOLLOWER at term 0 for startAsFollower
2019-10-13 20:15:28,789 [pool-47-thread-1] INFO  impl.RoleInfo (RoleInfo.java:updateAndGet(143)) - 1d13c680-5537-46cb-94e2-eb83f4d4b3d3: start FollowerState
2019-10-13 20:15:28,790 [pool-47-thread-1] INFO  util.JmxRegister (JmxRegister.java:tryRegister(44)) - Successfully registered JMX Bean with object name Ratis:service=RaftServer,group=group-C295518C1A02,id=1d13c680-5537-46cb-94e2-eb83f4d4b3d3
2019-10-13 20:15:28,805 [RatisPipelineUtilsThread] INFO  pipeline.PipelineStateManager (PipelineStateManager.java:addPipeline(56)) - Created pipeline Pipeline[ Id: 90a0e125-082a-4c29-91ec-c295518c1a02, Nodes: 1d13c680-5537-46cb-94e2-eb83f4d4b3d3{ip: 192.168.151.93, host: pr-hdds-2240-9psb4-3492037919, networkLocation: /default-rack, certSerialId: null}, Type:RATIS, Factor:ONE, State:OPEN]
2019-10-13 20:15:28,821 [grpc-default-executor-0] INFO  impl.RaftServerProxy (RaftServerProxy.java:addNew(89)) - b1e61060-76d7-4fe3-930c-321a9145abdb: addNew group-CEA374DA8836:[b1e61060-76d7-4fe3-930c-321a9145abdb:192.168.151.93:33129] returns group-CEA374DA8836:java.util.concurrent.CompletableFuture@27510529[Not completed]
2019-10-13 20:15:28,837 [pool-37-thread-1] INFO  impl.RaftServerImpl (RaftServerImpl.java:<init>(95)) - b1e61060-76d7-4fe3-930c-321a9145abdb: new RaftServerImpl for group-CEA374DA8836:[b1e61060-76d7-4fe3-930c-321a9145abdb:192.168.151.93:33129] with ContainerStateMachine:uninitialized
2019-10-13 20:15:28,838 [pool-37-thread-1] INFO  server.RaftServerConfigKeys (ConfUtils.java:logGet(43)) - raft.server.rpc.timeout.min = 5s (custom)
2019-10-13 20:15:28,838 [pool-37-thread-1] INFO  server.RaftServerConfigKeys (ConfUtils.java:logGet(43)) - raft.server.rpc.timeout.max = 5200ms (custom)
2019-10-13 20:15:28,838 [pool-37-thread-1] INFO  server.RaftServerConfigKeys (ConfUtils.java:logGet(43)) - raft.server.rpcslowness.timeout = 1000s (custom)
2019-10-13 20:15:28,839 [pool-37-thread-1] INFO  server.RaftServerConfigKeys (ConfUtils.java:logGet(43)) - raft.server.sleep.deviation.threshold = 300 (default)
2019-10-13 20:15:28,839 [pool-37-thread-1] INFO  server.RaftServerConfigKeys (ConfUtils.java:logGet(43)) - raft.server.log.appender.install.snapshot.enabled = false (custom)
2019-10-13 20:15:28,839 [pool-37-thread-1] INFO  impl.RaftServerImpl (ServerState.java:<init>(103)) - b1e61060-76d7-4fe3-930c-321a9145abdb@group-CEA374DA8836: ConfigurationManager, init=-1: [b1e61060-76d7-4fe3-930c-321a9145abdb:192.168.151.93:33129], old=null, confs=<EMPTY_MAP>
2019-10-13 20:15:28,839 [pool-37-thread-1] INFO  server.RaftServerConfigKeys (ConfUtils.java:logGet(43)) - raft.server.storage.dir = [/workdir/hadoop-ozone/integration-test/target/test-dir/MiniOzoneClusterImpl-e4384097-ef4f-4dd8-bde8-8af0a93d1d9c/datanode-1/data/ratis] (custom)
2019-10-13 20:15:28,840 [pool-37-thread-1] INFO  server.RaftServerConfigKeys (ConfUtils.java:logGet(43)) - raft.server.log.corruption.policy = EXCEPTION (default)
2019-10-13 20:15:28,840 [pool-37-thread-1] INFO  storage.RaftStorageDirectory (RaftStorageDirectory.java:analyzeStorage(246)) - The storage directory /workdir/hadoop-ozone/integration-test/target/test-dir/MiniOzoneClusterImpl-e4384097-ef4f-4dd8-bde8-8af0a93d1d9c/datanode-1/data/ratis/a5797936-8a65-46f0-b29a-cea374da8836 does not exist. Creating ...
2019-10-13 20:15:28,854 [pool-37-thread-1] INFO  storage.RaftStorageDirectory (RaftStorageDirectory.java:tryLock(328)) - Lock on /workdir/hadoop-ozone/integration-test/target/test-dir/MiniOzoneClusterImpl-e4384097-ef4f-4dd8-bde8-8af0a93d1d9c/datanode-1/data/ratis/a5797936-8a65-46f0-b29a-cea374da8836/in_use.lock acquired by nodename 19020@pr-hdds-2240-9psb4-3492037919
2019-10-13 20:15:28,869 [pool-37-thread-1] INFO  storage.RaftStorage (RaftStorage.java:format(84)) - Storage directory /workdir/hadoop-ozone/integration-test/target/test-dir/MiniOzoneClusterImpl-e4384097-ef4f-4dd8-bde8-8af0a93d1d9c/datanode-1/data/ratis/a5797936-8a65-46f0-b29a-cea374da8836 has been successfully formatted.
2019-10-13 20:15:28,870 [pool-37-thread-1] INFO  ratis.ContainerStateMachine (ContainerStateMachine.java:loadSnapshot(231)) - group-CEA374DA8836: The snapshot info is null. Setting the last applied indexto:(t:0, i:~)
2019-10-13 20:15:28,870 [pool-37-thread-1] INFO  server.RaftServerConfigKeys (ConfUtils.java:logGet(43)) - raft.server.notification.no-leader.timeout = 1000s (custom)
2019-10-13 20:15:28,870 [pool-37-thread-1] INFO  server.RaftServerConfigKeys (ConfUtils.java:logGet(43)) - raft.server.log.use.memory = false (default)
2019-10-13 20:15:28,870 [pool-37-thread-1] INFO  server.RaftServerConfigKeys (ConfUtils.java:logGet(43)) - raft.server.log.purge.gap = 1000000 (custom)
2019-10-13 20:15:28,870 [pool-37-thread-1] INFO  server.RaftServerConfigKeys (ConfUtils.java:logGet(43)) - raft.server.log.appender.buffer.byte-limit = 33554432 (custom)
2019-10-13 20:15:28,871 [pool-37-thread-1] INFO  server.RaftServerConfigKeys (ConfUtils.java:logGet(43)) - raft.server.log.segment.size.max = 1048576 (custom)
2019-10-13 20:15:28,888 [pool-37-thread-1] INFO  server.RaftServerConfigKeys (ConfUtils.java:logGet(43)) - raft.server.log.segment.cache.num.max = 2 (custom)
2019-10-13 20:15:28,889 [pool-37-thread-1] INFO  segmented.SegmentedRaftLogWorker (SegmentedRaftLogWorker.java:<init>(173)) - new b1e61060-76d7-4fe3-930c-321a9145abdb@group-CEA374DA8836-SegmentedRaftLogWorker for RaftStorage:Storage Directory /workdir/hadoop-ozone/integration-test/target/test-dir/MiniOzoneClusterImpl-e4384097-ef4f-4dd8-bde8-8af0a93d1d9c/datanode-1/data/ratis/a5797936-8a65-46f0-b29a-cea374da8836
2019-10-13 20:15:28,889 [pool-37-thread-1] INFO  server.RaftServerConfigKeys (ConfUtils.java:logGet(43)) - raft.server.log.queue.byte-limit = 2147483647 (custom)
2019-10-13 20:15:28,889 [pool-37-thread-1] INFO  server.RaftServerConfigKeys (ConfUtils.java:logGet(43)) - raft.server.log.queue.element-limit = 1024 (custom)
2019-10-13 20:15:28,889 [pool-37-thread-1] INFO  server.RaftServerConfigKeys (ConfUtils.java:logGet(43)) - raft.server.log.segment.size.max = 1048576 (custom)
2019-10-13 20:15:28,889 [pool-37-thread-1] INFO  server.RaftServerConfigKeys (ConfUtils.java:logGet(43)) - raft.server.log.preallocated.size = 16384 (custom)
2019-10-13 20:15:28,889 [pool-37-thread-1] INFO  server.RaftServerConfigKeys (ConfUtils.java:logGet(43)) - raft.server.log.write.buffer.size = 33554432 (custom)
2019-10-13 20:15:28,890 [pool-37-thread-1] INFO  server.RaftServerConfigKeys (ConfUtils.java:logGet(43)) - raft.server.log.force.sync.num = 128 (default)
2019-10-13 20:15:28,890 [pool-37-thread-1] INFO  server.RaftServerConfigKeys (ConfUtils.java:logGet(43)) - raft.server.log.statemachine.data.sync = true (default)
2019-10-13 20:15:28,890 [pool-37-thread-1] INFO  server.RaftServerConfigKeys (ConfUtils.java:logGet(43)) - raft.server.log.statemachine.data.sync.timeout = 10s (default)
2019-10-13 20:15:28,890 [pool-37-thread-1] INFO  server.RaftServerConfigKeys (ConfUtils.java:logGet(43)) - raft.server.log.statemachine.data.sync.timeout.retry = -1 (default)
2019-10-13 20:15:28,891 [pool-37-thread-1] INFO  server.RaftServerConfigKeys (ConfUtils.java:logGet(43)) - raft.server.log.statemachine.data.caching.enabled = true (custom)
2019-10-13 20:15:28,891 [pool-37-thread-1] INFO  segmented.SegmentedRaftLogWorker (SegmentedRaftLogWorker.java:lambda$new$0(128)) - b1e61060-76d7-4fe3-930c-321a9145abdb@group-CEA374DA8836-SegmentedRaftLogWorker: flushIndex: setUnconditionally 0 -> -1
2019-10-13 20:15:28,892 [pool-37-thread-1] INFO  server.RaftServerConfigKeys (ConfUtils.java:logGet(43)) - raft.server.snapshot.auto.trigger.enabled = true (custom)
2019-10-13 20:15:28,892 [pool-37-thread-1] INFO  server.RaftServerConfigKeys (ConfUtils.java:logGet(43)) - raft.server.snapshot.auto.trigger.threshold = 10000 (custom)
2019-10-13 20:15:28,892 [pool-37-thread-1] INFO  server.RaftServerConfigKeys (ConfUtils.java:logGet(43)) - raft.server.snapshot.retention.file.num = 5 (custom)
2019-10-13 20:15:28,892 [pool-37-thread-1] INFO  server.RaftServerConfigKeys (ConfUtils.java:logGet(43)) - raft.server.retrycache.expirytime = 600000ms (custom)
2019-10-13 20:15:28,896 [pool-37-thread-1] INFO  impl.RaftServerImpl (RaftServerImpl.java:start(181)) - b1e61060-76d7-4fe3-930c-321a9145abdb@group-CEA374DA8836: start as a follower, conf=-1: [b1e61060-76d7-4fe3-930c-321a9145abdb:192.168.151.93:33129], old=null
2019-10-13 20:15:28,896 [pool-37-thread-1] INFO  impl.RaftServerImpl (RaftServerImpl.java:setRole(170)) - b1e61060-76d7-4fe3-930c-321a9145abdb@group-CEA374DA8836: changes role from      null to FOLLOWER at term 0 for startAsFollower
2019-10-13 20:15:28,897 [pool-37-thread-1] INFO  impl.RoleInfo (RoleInfo.java:updateAndGet(143)) - b1e61060-76d7-4fe3-930c-321a9145abdb: start FollowerState
2019-10-13 20:15:28,897 [pool-37-thread-1] INFO  util.JmxRegister (JmxRegister.java:tryRegister(44)) - Successfully registered JMX Bean with object name Ratis:service=RaftServer,group=group-CEA374DA8836,id=b1e61060-76d7-4fe3-930c-321a9145abdb
2019-10-13 20:15:28,910 [RatisPipelineUtilsThread] INFO  pipeline.PipelineStateManager (PipelineStateManager.java:addPipeline(56)) - Created pipeline Pipeline[ Id: a5797936-8a65-46f0-b29a-cea374da8836, Nodes: b1e61060-76d7-4fe3-930c-321a9145abdb{ip: 192.168.151.93, host: pr-hdds-2240-9psb4-3492037919, networkLocation: /default-rack, certSerialId: null}, Type:RATIS, Factor:ONE, State:OPEN]
2019-10-13 20:15:28,942 [grpc-default-executor-1] INFO  impl.RaftServerProxy (RaftServerProxy.java:addNew(89)) - d7b6d0b0-5bea-41cc-bfbb-05e0db699ec7: addNew group-FB92401AD5CF:[b1e61060-76d7-4fe3-930c-321a9145abdb:192.168.151.93:33129, 1d13c680-5537-46cb-94e2-eb83f4d4b3d3:192.168.151.93:46245, d7b6d0b0-5bea-41cc-bfbb-05e0db699ec7:192.168.151.93:33569] returns group-FB92401AD5CF:java.util.concurrent.CompletableFuture@19f9b888[Not completed]
2019-10-13 20:15:28,944 [grpc-default-executor-1] INFO  impl.RaftServerProxy (RaftServerProxy.java:addNew(89)) - b1e61060-76d7-4fe3-930c-321a9145abdb: addNew group-FB92401AD5CF:[b1e61060-76d7-4fe3-930c-321a9145abdb:192.168.151.93:33129, 1d13c680-5537-46cb-94e2-eb83f4d4b3d3:192.168.151.93:46245, d7b6d0b0-5bea-41cc-bfbb-05e0db699ec7:192.168.151.93:33569] returns group-FB92401AD5CF:java.util.concurrent.CompletableFuture@4178b3a7[Not completed]
2019-10-13 20:15:28,946 [pool-27-thread-1] INFO  impl.RaftServerImpl (RaftServerImpl.java:<init>(95)) - d7b6d0b0-5bea-41cc-bfbb-05e0db699ec7: new RaftServerImpl for group-FB92401AD5CF:[b1e61060-76d7-4fe3-930c-321a9145abdb:192.168.151.93:33129, 1d13c680-5537-46cb-94e2-eb83f4d4b3d3:192.168.151.93:46245, d7b6d0b0-5bea-41cc-bfbb-05e0db699ec7:192.168.151.93:33569] with ContainerStateMachine:uninitialized
2019-10-13 20:15:28,946 [grpc-default-executor-1] INFO  impl.RaftServerProxy (RaftServerProxy.java:addNew(89)) - 1d13c680-5537-46cb-94e2-eb83f4d4b3d3: addNew group-FB92401AD5CF:[b1e61060-76d7-4fe3-930c-321a9145abdb:192.168.151.93:33129, 1d13c680-5537-46cb-94e2-eb83f4d4b3d3:192.168.151.93:46245, d7b6d0b0-5bea-41cc-bfbb-05e0db699ec7:192.168.151.93:33569] returns group-FB92401AD5CF:java.util.concurrent.CompletableFuture@6d6d7d0f[Not completed]
2019-10-13 20:15:28,946 [pool-27-thread-1] INFO  server.RaftServerConfigKeys (ConfUtils.java:logGet(43)) - raft.server.rpc.timeout.min = 5s (custom)
2019-10-13 20:15:28,946 [pool-27-thread-1] INFO  server.RaftServerConfigKeys (ConfUtils.java:logGet(43)) - raft.server.rpc.timeout.max = 5200ms (custom)
2019-10-13 20:15:28,946 [pool-27-thread-1] INFO  server.RaftServerConfigKeys (ConfUtils.java:logGet(43)) - raft.server.rpcslowness.timeout = 1000s (custom)
2019-10-13 20:15:28,947 [pool-27-thread-1] INFO  server.RaftServerConfigKeys (ConfUtils.java:logGet(43)) - raft.server.sleep.deviation.threshold = 300 (default)
2019-10-13 20:15:28,947 [pool-27-thread-1] INFO  server.RaftServerConfigKeys (ConfUtils.java:logGet(43)) - raft.server.log.appender.install.snapshot.enabled = false (custom)
2019-10-13 20:15:28,947 [pool-37-thread-1] INFO  impl.RaftServerImpl (RaftServerImpl.java:<init>(95)) - b1e61060-76d7-4fe3-930c-321a9145abdb: new RaftServerImpl for group-FB92401AD5CF:[b1e61060-76d7-4fe3-930c-321a9145abdb:192.168.151.93:33129, 1d13c680-5537-46cb-94e2-eb83f4d4b3d3:192.168.151.93:46245, d7b6d0b0-5bea-41cc-bfbb-05e0db699ec7:192.168.151.93:33569] with ContainerStateMachine:uninitialized
2019-10-13 20:15:28,947 [pool-27-thread-1] INFO  impl.RaftServerImpl (ServerState.java:<init>(103)) - d7b6d0b0-5bea-41cc-bfbb-05e0db699ec7@group-FB92401AD5CF: ConfigurationManager, init=-1: [b1e61060-76d7-4fe3-930c-321a9145abdb:192.168.151.93:33129, 1d13c680-5537-46cb-94e2-eb83f4d4b3d3:192.168.151.93:46245, d7b6d0b0-5bea-41cc-bfbb-05e0db699ec7:192.168.151.93:33569], old=null, confs=<EMPTY_MAP>
2019-10-13 20:15:28,947 [pool-37-thread-1] INFO  server.RaftServerConfigKeys (ConfUtils.java:logGet(43)) - raft.server.rpc.timeout.min = 5s (custom)
2019-10-13 20:15:28,947 [pool-27-thread-1] INFO  server.RaftServerConfigKeys (ConfUtils.java:logGet(43)) - raft.server.storage.dir = [/workdir/hadoop-ozone/integration-test/target/test-dir/MiniOzoneClusterImpl-e4384097-ef4f-4dd8-bde8-8af0a93d1d9c/datanode-0/data/ratis] (custom)
2019-10-13 20:15:28,947 [pool-37-thread-1] INFO  server.RaftServerConfigKeys (ConfUtils.java:logGet(43)) - raft.server.rpc.timeout.max = 5200ms (custom)
2019-10-13 20:15:28,947 [pool-37-thread-1] INFO  server.RaftServerConfigKeys (ConfUtils.java:logGet(43)) - raft.server.rpcslowness.timeout = 1000s (custom)
2019-10-13 20:15:28,947 [pool-27-thread-1] INFO  server.RaftServerConfigKeys (ConfUtils.java:logGet(43)) - raft.server.log.corruption.policy = EXCEPTION (default)
2019-10-13 20:15:28,947 [pool-47-thread-1] INFO  impl.RaftServerImpl (RaftServerImpl.java:<init>(95)) - 1d13c680-5537-46cb-94e2-eb83f4d4b3d3: new RaftServerImpl for group-FB92401AD5CF:[b1e61060-76d7-4fe3-930c-321a9145abdb:192.168.151.93:33129, 1d13c680-5537-46cb-94e2-eb83f4d4b3d3:192.168.151.93:46245, d7b6d0b0-5bea-41cc-bfbb-05e0db699ec7:192.168.151.93:33569] with ContainerStateMachine:uninitialized
2019-10-13 20:15:28,947 [pool-37-thread-1] INFO  server.RaftServerConfigKeys (ConfUtils.java:logGet(43)) - raft.server.sleep.deviation.threshold = 300 (default)
2019-10-13 20:15:28,948 [pool-47-thread-1] INFO  server.RaftServerConfigKeys (ConfUtils.java:logGet(43)) - raft.server.rpc.timeout.min = 5s (custom)
2019-10-13 20:15:28,948 [pool-27-thread-1] INFO  storage.RaftStorageDirectory (RaftStorageDirectory.java:analyzeStorage(246)) - The storage directory /workdir/hadoop-ozone/integration-test/target/test-dir/MiniOzoneClusterImpl-e4384097-ef4f-4dd8-bde8-8af0a93d1d9c/datanode-0/data/ratis/d3b06565-bf46-4447-bfd8-fb92401ad5cf does not exist. Creating ...
2019-10-13 20:15:28,948 [pool-47-thread-1] INFO  server.RaftServerConfigKeys (ConfUtils.java:logGet(43)) - raft.server.rpc.timeout.max = 5200ms (custom)
2019-10-13 20:15:28,948 [pool-37-thread-1] INFO  server.RaftServerConfigKeys (ConfUtils.java:logGet(43)) - raft.server.log.appender.install.snapshot.enabled = false (custom)
2019-10-13 20:15:28,948 [pool-47-thread-1] INFO  server.RaftServerConfigKeys (ConfUtils.java:logGet(43)) - raft.server.rpcslowness.timeout = 1000s (custom)
2019-10-13 20:15:28,948 [pool-37-thread-1] INFO  impl.RaftServerImpl (ServerState.java:<init>(103)) - b1e61060-76d7-4fe3-930c-321a9145abdb@group-FB92401AD5CF: ConfigurationManager, init=-1: [b1e61060-76d7-4fe3-930c-321a9145abdb:192.168.151.93:33129, 1d13c680-5537-46cb-94e2-eb83f4d4b3d3:192.168.151.93:46245, d7b6d0b0-5bea-41cc-bfbb-05e0db699ec7:192.168.151.93:33569], old=null, confs=<EMPTY_MAP>
2019-10-13 20:15:28,948 [pool-47-thread-1] INFO  server.RaftServerConfigKeys (ConfUtils.java:logGet(43)) - raft.server.sleep.deviation.threshold = 300 (default)
2019-10-13 20:15:28,948 [pool-37-thread-1] INFO  server.RaftServerConfigKeys (ConfUtils.java:logGet(43)) - raft.server.storage.dir = [/workdir/hadoop-ozone/integration-test/target/test-dir/MiniOzoneClusterImpl-e4384097-ef4f-4dd8-bde8-8af0a93d1d9c/datanode-1/data/ratis] (custom)
2019-10-13 20:15:28,948 [pool-47-thread-1] INFO  server.RaftServerConfigKeys (ConfUtils.java:logGet(43)) - raft.server.log.appender.install.snapshot.enabled = false (custom)
2019-10-13 20:15:28,949 [pool-37-thread-1] INFO  server.RaftServerConfigKeys (ConfUtils.java:logGet(43)) - raft.server.log.corruption.policy = EXCEPTION (default)
2019-10-13 20:15:28,949 [pool-47-thread-1] INFO  impl.RaftServerImpl (ServerState.java:<init>(103)) - 1d13c680-5537-46cb-94e2-eb83f4d4b3d3@group-FB92401AD5CF: ConfigurationManager, init=-1: [b1e61060-76d7-4fe3-930c-321a9145abdb:192.168.151.93:33129, 1d13c680-5537-46cb-94e2-eb83f4d4b3d3:192.168.151.93:46245, d7b6d0b0-5bea-41cc-bfbb-05e0db699ec7:192.168.151.93:33569], old=null, confs=<EMPTY_MAP>
2019-10-13 20:15:28,949 [pool-37-thread-1] INFO  storage.RaftStorageDirectory (RaftStorageDirectory.java:analyzeStorage(246)) - The storage directory /workdir/hadoop-ozone/integration-test/target/test-dir/MiniOzoneClusterImpl-e4384097-ef4f-4dd8-bde8-8af0a93d1d9c/datanode-1/data/ratis/d3b06565-bf46-4447-bfd8-fb92401ad5cf does not exist. Creating ...
2019-10-13 20:15:28,949 [pool-47-thread-1] INFO  server.RaftServerConfigKeys (ConfUtils.java:logGet(43)) - raft.server.storage.dir = [/workdir/hadoop-ozone/integration-test/target/test-dir/MiniOzoneClusterImpl-e4384097-ef4f-4dd8-bde8-8af0a93d1d9c/datanode-2/data/ratis] (custom)
2019-10-13 20:15:28,949 [pool-47-thread-1] INFO  server.RaftServerConfigKeys (ConfUtils.java:logGet(43)) - raft.server.log.corruption.policy = EXCEPTION (default)
2019-10-13 20:15:28,949 [pool-47-thread-1] INFO  storage.RaftStorageDirectory (RaftStorageDirectory.java:analyzeStorage(246)) - The storage directory /workdir/hadoop-ozone/integration-test/target/test-dir/MiniOzoneClusterImpl-e4384097-ef4f-4dd8-bde8-8af0a93d1d9c/datanode-2/data/ratis/d3b06565-bf46-4447-bfd8-fb92401ad5cf does not exist. Creating ...
2019-10-13 20:15:28,961 [pool-37-thread-1] INFO  storage.RaftStorageDirectory (RaftStorageDirectory.java:tryLock(328)) - Lock on /workdir/hadoop-ozone/integration-test/target/test-dir/MiniOzoneClusterImpl-e4384097-ef4f-4dd8-bde8-8af0a93d1d9c/datanode-1/data/ratis/d3b06565-bf46-4447-bfd8-fb92401ad5cf/in_use.lock acquired by nodename 19020@pr-hdds-2240-9psb4-3492037919
2019-10-13 20:15:28,962 [pool-27-thread-1] INFO  storage.RaftStorageDirectory (RaftStorageDirectory.java:tryLock(328)) - Lock on /workdir/hadoop-ozone/integration-test/target/test-dir/MiniOzoneClusterImpl-e4384097-ef4f-4dd8-bde8-8af0a93d1d9c/datanode-0/data/ratis/d3b06565-bf46-4447-bfd8-fb92401ad5cf/in_use.lock acquired by nodename 19020@pr-hdds-2240-9psb4-3492037919
2019-10-13 20:15:28,961 [pool-47-thread-1] INFO  storage.RaftStorageDirectory (RaftStorageDirectory.java:tryLock(328)) - Lock on /workdir/hadoop-ozone/integration-test/target/test-dir/MiniOzoneClusterImpl-e4384097-ef4f-4dd8-bde8-8af0a93d1d9c/datanode-2/data/ratis/d3b06565-bf46-4447-bfd8-fb92401ad5cf/in_use.lock acquired by nodename 19020@pr-hdds-2240-9psb4-3492037919
2019-10-13 20:15:28,975 [pool-27-thread-1] INFO  storage.RaftStorage (RaftStorage.java:format(84)) - Storage directory /workdir/hadoop-ozone/integration-test/target/test-dir/MiniOzoneClusterImpl-e4384097-ef4f-4dd8-bde8-8af0a93d1d9c/datanode-0/data/ratis/d3b06565-bf46-4447-bfd8-fb92401ad5cf has been successfully formatted.
2019-10-13 20:15:28,975 [pool-47-thread-1] INFO  storage.RaftStorage (RaftStorage.java:format(84)) - Storage directory /workdir/hadoop-ozone/integration-test/target/test-dir/MiniOzoneClusterImpl-e4384097-ef4f-4dd8-bde8-8af0a93d1d9c/datanode-2/data/ratis/d3b06565-bf46-4447-bfd8-fb92401ad5cf has been successfully formatted.
2019-10-13 20:15:28,976 [pool-27-thread-1] INFO  ratis.ContainerStateMachine (ContainerStateMachine.java:loadSnapshot(231)) - group-FB92401AD5CF: The snapshot info is null. Setting the last applied indexto:(t:0, i:~)
2019-10-13 20:15:28,976 [pool-47-thread-1] INFO  ratis.ContainerStateMachine (ContainerStateMachine.java:loadSnapshot(231)) - group-FB92401AD5CF: The snapshot info is null. Setting the last applied indexto:(t:0, i:~)
2019-10-13 20:15:28,976 [pool-37-thread-1] INFO  storage.RaftStorage (RaftStorage.java:format(84)) - Storage directory /workdir/hadoop-ozone/integration-test/target/test-dir/MiniOzoneClusterImpl-e4384097-ef4f-4dd8-bde8-8af0a93d1d9c/datanode-1/data/ratis/d3b06565-bf46-4447-bfd8-fb92401ad5cf has been successfully formatted.
2019-10-13 20:15:28,977 [pool-37-thread-1] INFO  ratis.ContainerStateMachine (ContainerStateMachine.java:loadSnapshot(231)) - group-FB92401AD5CF: The snapshot info is null. Setting the last applied indexto:(t:0, i:~)
2019-10-13 20:15:28,977 [pool-37-thread-1] INFO  server.RaftServerConfigKeys (ConfUtils.java:logGet(43)) - raft.server.notification.no-leader.timeout = 1000s (custom)
2019-10-13 20:15:28,977 [pool-37-thread-1] INFO  server.RaftServerConfigKeys (ConfUtils.java:logGet(43)) - raft.server.log.use.memory = false (default)
2019-10-13 20:15:28,977 [pool-37-thread-1] INFO  server.RaftServerConfigKeys (ConfUtils.java:logGet(43)) - raft.server.log.purge.gap = 1000000 (custom)
2019-10-13 20:15:28,977 [pool-37-thread-1] INFO  server.RaftServerConfigKeys (ConfUtils.java:logGet(43)) - raft.server.log.appender.buffer.byte-limit = 33554432 (custom)
2019-10-13 20:15:28,978 [pool-37-thread-1] INFO  server.RaftServerConfigKeys (ConfUtils.java:logGet(43)) - raft.server.log.segment.size.max = 1048576 (custom)
2019-10-13 20:15:28,978 [pool-37-thread-1] INFO  server.RaftServerConfigKeys (ConfUtils.java:logGet(43)) - raft.server.log.segment.cache.num.max = 2 (custom)
2019-10-13 20:15:28,976 [pool-47-thread-1] INFO  server.RaftServerConfigKeys (ConfUtils.java:logGet(43)) - raft.server.notification.no-leader.timeout = 1000s (custom)
2019-10-13 20:15:28,976 [pool-27-thread-1] INFO  server.RaftServerConfigKeys (ConfUtils.java:logGet(43)) - raft.server.notification.no-leader.timeout = 1000s (custom)
2019-10-13 20:15:28,978 [pool-47-thread-1] INFO  server.RaftServerConfigKeys (ConfUtils.java:logGet(43)) - raft.server.log.use.memory = false (default)
2019-10-13 20:15:28,978 [pool-37-thread-1] INFO  segmented.SegmentedRaftLogWorker (SegmentedRaftLogWorker.java:<init>(173)) - new b1e61060-76d7-4fe3-930c-321a9145abdb@group-FB92401AD5CF-SegmentedRaftLogWorker for RaftStorage:Storage Directory /workdir/hadoop-ozone/integration-test/target/test-dir/MiniOzoneClusterImpl-e4384097-ef4f-4dd8-bde8-8af0a93d1d9c/datanode-1/data/ratis/d3b06565-bf46-4447-bfd8-fb92401ad5cf
2019-10-13 20:15:28,978 [pool-47-thread-1] INFO  server.RaftServerConfigKeys (ConfUtils.java:logGet(43)) - raft.server.log.purge.gap = 1000000 (custom)
2019-10-13 20:15:28,978 [pool-27-thread-1] INFO  server.RaftServerConfigKeys (ConfUtils.java:logGet(43)) - raft.server.log.use.memory = false (default)
2019-10-13 20:15:28,979 [pool-47-thread-1] INFO  server.RaftServerConfigKeys (ConfUtils.java:logGet(43)) - raft.server.log.appender.buffer.byte-limit = 33554432 (custom)
2019-10-13 20:15:28,978 [pool-37-thread-1] INFO  server.RaftServerConfigKeys (ConfUtils.java:logGet(43)) - raft.server.log.queue.byte-limit = 2147483647 (custom)
2019-10-13 20:15:28,979 [pool-47-thread-1] INFO  server.RaftServerConfigKeys (ConfUtils.java:logGet(43)) - raft.server.log.segment.size.max = 1048576 (custom)
2019-10-13 20:15:28,979 [pool-27-thread-1] INFO  server.RaftServerConfigKeys (ConfUtils.java:logGet(43)) - raft.server.log.purge.gap = 1000000 (custom)
2019-10-13 20:15:28,979 [pool-47-thread-1] INFO  server.RaftServerConfigKeys (ConfUtils.java:logGet(43)) - raft.server.log.segment.cache.num.max = 2 (custom)
2019-10-13 20:15:28,979 [pool-37-thread-1] INFO  server.RaftServerConfigKeys (ConfUtils.java:logGet(43)) - raft.server.log.queue.element-limit = 1024 (custom)
2019-10-13 20:15:28,979 [pool-47-thread-1] INFO  segmented.SegmentedRaftLogWorker (SegmentedRaftLogWorker.java:<init>(173)) - new 1d13c680-5537-46cb-94e2-eb83f4d4b3d3@group-FB92401AD5CF-SegmentedRaftLogWorker for RaftStorage:Storage Directory /workdir/hadoop-ozone/integration-test/target/test-dir/MiniOzoneClusterImpl-e4384097-ef4f-4dd8-bde8-8af0a93d1d9c/datanode-2/data/ratis/d3b06565-bf46-4447-bfd8-fb92401ad5cf
2019-10-13 20:15:28,979 [pool-27-thread-1] INFO  server.RaftServerConfigKeys (ConfUtils.java:logGet(43)) - raft.server.log.appender.buffer.byte-limit = 33554432 (custom)
2019-10-13 20:15:28,979 [pool-47-thread-1] INFO  server.RaftServerConfigKeys (ConfUtils.java:logGet(43)) - raft.server.log.queue.byte-limit = 2147483647 (custom)
2019-10-13 20:15:28,979 [pool-37-thread-1] INFO  server.RaftServerConfigKeys (ConfUtils.java:logGet(43)) - raft.server.log.segment.size.max = 1048576 (custom)
2019-10-13 20:15:28,980 [pool-47-thread-1] INFO  server.RaftServerConfigKeys (ConfUtils.java:logGet(43)) - raft.server.log.queue.element-limit = 1024 (custom)
2019-10-13 20:15:28,979 [pool-27-thread-1] INFO  server.RaftServerConfigKeys (ConfUtils.java:logGet(43)) - raft.server.log.segment.size.max = 1048576 (custom)
2019-10-13 20:15:28,980 [pool-47-thread-1] INFO  server.RaftServerConfigKeys (ConfUtils.java:logGet(43)) - raft.server.log.segment.size.max = 1048576 (custom)
2019-10-13 20:15:28,980 [pool-37-thread-1] INFO  server.RaftServerConfigKeys (ConfUtils.java:logGet(43)) - raft.server.log.preallocated.size = 16384 (custom)
2019-10-13 20:15:28,980 [pool-47-thread-1] INFO  server.RaftServerConfigKeys (ConfUtils.java:logGet(43)) - raft.server.log.preallocated.size = 16384 (custom)
2019-10-13 20:15:28,980 [pool-27-thread-1] INFO  server.RaftServerConfigKeys (ConfUtils.java:logGet(43)) - raft.server.log.segment.cache.num.max = 2 (custom)
2019-10-13 20:15:28,980 [pool-47-thread-1] INFO  server.RaftServerConfigKeys (ConfUtils.java:logGet(43)) - raft.server.log.write.buffer.size = 33554432 (custom)
2019-10-13 20:15:28,980 [pool-37-thread-1] INFO  server.RaftServerConfigKeys (ConfUtils.java:logGet(43)) - raft.server.log.write.buffer.size = 33554432 (custom)
2019-10-13 20:15:28,980 [pool-47-thread-1] INFO  server.RaftServerConfigKeys (ConfUtils.java:logGet(43)) - raft.server.log.force.sync.num = 128 (default)
2019-10-13 20:15:28,980 [pool-27-thread-1] INFO  segmented.SegmentedRaftLogWorker (SegmentedRaftLogWorker.java:<init>(173)) - new d7b6d0b0-5bea-41cc-bfbb-05e0db699ec7@group-FB92401AD5CF-SegmentedRaftLogWorker for RaftStorage:Storage Directory /workdir/hadoop-ozone/integration-test/target/test-dir/MiniOzoneClusterImpl-e4384097-ef4f-4dd8-bde8-8af0a93d1d9c/datanode-0/data/ratis/d3b06565-bf46-4447-bfd8-fb92401ad5cf
2019-10-13 20:15:28,980 [pool-47-thread-1] INFO  server.RaftServerConfigKeys (ConfUtils.java:logGet(43)) - raft.server.log.statemachine.data.sync = true (default)
2019-10-13 20:15:28,980 [pool-37-thread-1] INFO  server.RaftServerConfigKeys (ConfUtils.java:logGet(43)) - raft.server.log.force.sync.num = 128 (default)
2019-10-13 20:15:28,981 [pool-47-thread-1] INFO  server.RaftServerConfigKeys (ConfUtils.java:logGet(43)) - raft.server.log.statemachine.data.sync.timeout = 10s (default)
2019-10-13 20:15:28,981 [pool-27-thread-1] INFO  server.RaftServerConfigKeys (ConfUtils.java:logGet(43)) - raft.server.log.queue.byte-limit = 2147483647 (custom)
2019-10-13 20:15:28,981 [pool-47-thread-1] INFO  server.RaftServerConfigKeys (ConfUtils.java:logGet(43)) - raft.server.log.statemachine.data.sync.timeout.retry = -1 (default)
2019-10-13 20:15:28,981 [pool-37-thread-1] INFO  server.RaftServerConfigKeys (ConfUtils.java:logGet(43)) - raft.server.log.statemachine.data.sync = true (default)
2019-10-13 20:15:28,981 [pool-27-thread-1] INFO  server.RaftServerConfigKeys (ConfUtils.java:logGet(43)) - raft.server.log.queue.element-limit = 1024 (custom)
2019-10-13 20:15:28,981 [pool-47-thread-1] INFO  server.RaftServerConfigKeys (ConfUtils.java:logGet(43)) - raft.server.log.statemachine.data.caching.enabled = true (custom)
2019-10-13 20:15:28,981 [pool-37-thread-1] INFO  server.RaftServerConfigKeys (ConfUtils.java:logGet(43)) - raft.server.log.statemachine.data.sync.timeout = 10s (default)
2019-10-13 20:15:28,981 [pool-27-thread-1] INFO  server.RaftServerConfigKeys (ConfUtils.java:logGet(43)) - raft.server.log.segment.size.max = 1048576 (custom)
2019-10-13 20:15:28,982 [pool-47-thread-1] INFO  segmented.SegmentedRaftLogWorker (SegmentedRaftLogWorker.java:lambda$new$0(128)) - 1d13c680-5537-46cb-94e2-eb83f4d4b3d3@group-FB92401AD5CF-SegmentedRaftLogWorker: flushIndex: setUnconditionally 0 -> -1
2019-10-13 20:15:28,981 [pool-37-thread-1] INFO  server.RaftServerConfigKeys (ConfUtils.java:logGet(43)) - raft.server.log.statemachine.data.sync.timeout.retry = -1 (default)
2019-10-13 20:15:28,982 [pool-27-thread-1] INFO  server.RaftServerConfigKeys (ConfUtils.java:logGet(43)) - raft.server.log.preallocated.size = 16384 (custom)
2019-10-13 20:15:28,982 [pool-37-thread-1] INFO  server.RaftServerConfigKeys (ConfUtils.java:logGet(43)) - raft.server.log.statemachine.data.caching.enabled = true (custom)
2019-10-13 20:15:28,982 [pool-27-thread-1] INFO  server.RaftServerConfigKeys (ConfUtils.java:logGet(43)) - raft.server.log.write.buffer.size = 33554432 (custom)
2019-10-13 20:15:28,982 [pool-47-thread-1] INFO  server.RaftServerConfigKeys (ConfUtils.java:logGet(43)) - raft.server.snapshot.auto.trigger.enabled = true (custom)
2019-10-13 20:15:28,982 [pool-37-thread-1] INFO  segmented.SegmentedRaftLogWorker (SegmentedRaftLogWorker.java:lambda$new$0(128)) - b1e61060-76d7-4fe3-930c-321a9145abdb@group-FB92401AD5CF-SegmentedRaftLogWorker: flushIndex: setUnconditionally 0 -> -1
2019-10-13 20:15:28,982 [pool-27-thread-1] INFO  server.RaftServerConfigKeys (ConfUtils.java:logGet(43)) - raft.server.log.force.sync.num = 128 (default)
2019-10-13 20:15:28,982 [pool-37-thread-1] INFO  server.RaftServerConfigKeys (ConfUtils.java:logGet(43)) - raft.server.snapshot.auto.trigger.enabled = true (custom)
2019-10-13 20:15:28,982 [pool-47-thread-1] INFO  server.RaftServerConfigKeys (ConfUtils.java:logGet(43)) - raft.server.snapshot.auto.trigger.threshold = 10000 (custom)
2019-10-13 20:15:28,984 [pool-37-thread-1] INFO  server.RaftServerConfigKeys (ConfUtils.java:logGet(43)) - raft.server.snapshot.auto.trigger.threshold = 10000 (custom)
2019-10-13 20:15:28,982 [pool-27-thread-1] INFO  server.RaftServerConfigKeys (ConfUtils.java:logGet(43)) - raft.server.log.statemachine.data.sync = true (default)
2019-10-13 20:15:28,984 [pool-37-thread-1] INFO  server.RaftServerConfigKeys (ConfUtils.java:logGet(43)) - raft.server.snapshot.retention.file.num = 5 (custom)
2019-10-13 20:15:28,984 [pool-47-thread-1] INFO  server.RaftServerConfigKeys (ConfUtils.java:logGet(43)) - raft.server.snapshot.retention.file.num = 5 (custom)
2019-10-13 20:15:28,984 [pool-37-thread-1] INFO  server.RaftServerConfigKeys (ConfUtils.java:logGet(43)) - raft.server.retrycache.expirytime = 600000ms (custom)
2019-10-13 20:15:28,984 [pool-27-thread-1] INFO  server.RaftServerConfigKeys (ConfUtils.java:logGet(43)) - raft.server.log.statemachine.data.sync.timeout = 10s (default)
2019-10-13 20:15:28,984 [pool-47-thread-1] INFO  server.RaftServerConfigKeys (ConfUtils.java:logGet(43)) - raft.server.retrycache.expirytime = 600000ms (custom)
2019-10-13 20:15:28,984 [pool-27-thread-1] INFO  server.RaftServerConfigKeys (ConfUtils.java:logGet(43)) - raft.server.log.statemachine.data.sync.timeout.retry = -1 (default)
2019-10-13 20:15:28,985 [pool-27-thread-1] INFO  server.RaftServerConfigKeys (ConfUtils.java:logGet(43)) - raft.server.log.statemachine.data.caching.enabled = true (custom)
2019-10-13 20:15:28,985 [pool-27-thread-1] INFO  segmented.SegmentedRaftLogWorker (SegmentedRaftLogWorker.java:lambda$new$0(128)) - d7b6d0b0-5bea-41cc-bfbb-05e0db699ec7@group-FB92401AD5CF-SegmentedRaftLogWorker: flushIndex: setUnconditionally 0 -> -1
2019-10-13 20:15:28,985 [pool-27-thread-1] INFO  server.RaftServerConfigKeys (ConfUtils.java:logGet(43)) - raft.server.snapshot.auto.trigger.enabled = true (custom)
2019-10-13 20:15:28,985 [pool-27-thread-1] INFO  server.RaftServerConfigKeys (ConfUtils.java:logGet(43)) - raft.server.snapshot.auto.trigger.threshold = 10000 (custom)
2019-10-13 20:15:28,985 [pool-27-thread-1] INFO  server.RaftServerConfigKeys (ConfUtils.java:logGet(43)) - raft.server.snapshot.retention.file.num = 5 (custom)
2019-10-13 20:15:28,986 [pool-27-thread-1] INFO  server.RaftServerConfigKeys (ConfUtils.java:logGet(43)) - raft.server.retrycache.expirytime = 600000ms (custom)
2019-10-13 20:15:28,988 [pool-37-thread-1] INFO  impl.RaftServerImpl (RaftServerImpl.java:start(181)) - b1e61060-76d7-4fe3-930c-321a9145abdb@group-FB92401AD5CF: start as a follower, conf=-1: [b1e61060-76d7-4fe3-930c-321a9145abdb:192.168.151.93:33129, 1d13c680-5537-46cb-94e2-eb83f4d4b3d3:192.168.151.93:46245, d7b6d0b0-5bea-41cc-bfbb-05e0db699ec7:192.168.151.93:33569], old=null
2019-10-13 20:15:28,988 [pool-37-thread-1] INFO  impl.RaftServerImpl (RaftServerImpl.java:setRole(170)) - b1e61060-76d7-4fe3-930c-321a9145abdb@group-FB92401AD5CF: changes role from      null to FOLLOWER at term 0 for startAsFollower
2019-10-13 20:15:28,988 [pool-47-thread-1] INFO  impl.RaftServerImpl (RaftServerImpl.java:start(181)) - 1d13c680-5537-46cb-94e2-eb83f4d4b3d3@group-FB92401AD5CF: start as a follower, conf=-1: [b1e61060-76d7-4fe3-930c-321a9145abdb:192.168.151.93:33129, 1d13c680-5537-46cb-94e2-eb83f4d4b3d3:192.168.151.93:46245, d7b6d0b0-5bea-41cc-bfbb-05e0db699ec7:192.168.151.93:33569], old=null
2019-10-13 20:15:28,988 [pool-37-thread-1] INFO  impl.RoleInfo (RoleInfo.java:updateAndGet(143)) - b1e61060-76d7-4fe3-930c-321a9145abdb: start FollowerState
2019-10-13 20:15:28,988 [pool-47-thread-1] INFO  impl.RaftServerImpl (RaftServerImpl.java:setRole(170)) - 1d13c680-5537-46cb-94e2-eb83f4d4b3d3@group-FB92401AD5CF: changes role from      null to FOLLOWER at term 0 for startAsFollower
2019-10-13 20:15:28,988 [pool-47-thread-1] INFO  impl.RoleInfo (RoleInfo.java:updateAndGet(143)) - 1d13c680-5537-46cb-94e2-eb83f4d4b3d3: start FollowerState
2019-10-13 20:15:28,988 [pool-37-thread-1] INFO  util.JmxRegister (JmxRegister.java:tryRegister(44)) - Successfully registered JMX Bean with object name Ratis:service=RaftServer,group=group-FB92401AD5CF,id=b1e61060-76d7-4fe3-930c-321a9145abdb
2019-10-13 20:15:28,988 [pool-47-thread-1] INFO  util.JmxRegister (JmxRegister.java:tryRegister(44)) - Successfully registered JMX Bean with object name Ratis:service=RaftServer,group=group-FB92401AD5CF,id=1d13c680-5537-46cb-94e2-eb83f4d4b3d3
2019-10-13 20:15:28,989 [pool-27-thread-1] INFO  impl.RaftServerImpl (RaftServerImpl.java:start(181)) - d7b6d0b0-5bea-41cc-bfbb-05e0db699ec7@group-FB92401AD5CF: start as a follower, conf=-1: [b1e61060-76d7-4fe3-930c-321a9145abdb:192.168.151.93:33129, 1d13c680-5537-46cb-94e2-eb83f4d4b3d3:192.168.151.93:46245, d7b6d0b0-5bea-41cc-bfbb-05e0db699ec7:192.168.151.93:33569], old=null
2019-10-13 20:15:28,989 [pool-27-thread-1] INFO  impl.RaftServerImpl (RaftServerImpl.java:setRole(170)) - d7b6d0b0-5bea-41cc-bfbb-05e0db699ec7@group-FB92401AD5CF: changes role from      null to FOLLOWER at term 0 for startAsFollower
2019-10-13 20:15:28,989 [pool-27-thread-1] INFO  impl.RoleInfo (RoleInfo.java:updateAndGet(143)) - d7b6d0b0-5bea-41cc-bfbb-05e0db699ec7: start FollowerState
2019-10-13 20:15:28,989 [pool-27-thread-1] INFO  util.JmxRegister (JmxRegister.java:tryRegister(44)) - Successfully registered JMX Bean with object name Ratis:service=RaftServer,group=group-FB92401AD5CF,id=d7b6d0b0-5bea-41cc-bfbb-05e0db699ec7
2019-10-13 20:15:29,013 [RatisPipelineUtilsThread] INFO  pipeline.PipelineStateManager (PipelineStateManager.java:addPipeline(56)) - Created pipeline Pipeline[ Id: d3b06565-bf46-4447-bfd8-fb92401ad5cf, Nodes: d7b6d0b0-5bea-41cc-bfbb-05e0db699ec7{ip: 192.168.151.93, host: pr-hdds-2240-9psb4-3492037919, networkLocation: /default-rack, certSerialId: null}1d13c680-5537-46cb-94e2-eb83f4d4b3d3{ip: 192.168.151.93, host: pr-hdds-2240-9psb4-3492037919, networkLocation: /default-rack, certSerialId: null}b1e61060-76d7-4fe3-930c-321a9145abdb{ip: 192.168.151.93, host: pr-hdds-2240-9psb4-3492037919, networkLocation: /default-rack, certSerialId: null}, Type:RATIS, Factor:THREE, State:OPEN]
2019-10-13 20:15:29,020 [main] INFO  ozone.MiniOzoneClusterImpl (MiniOzoneClusterImpl.java:lambda$waitForClusterToBeReady$0(147)) - Cluster is ready. Got 3 of 3 DN Heartbeats.
2019-10-13 20:15:29,478 [main] INFO  rpc.RpcClient (RpcClient.java:createVolume(273)) - Creating Volume: testcontainerstatemachinefailures, with jenkins1000 as owner.
2019-10-13 20:15:29,869 [IPC Server handler 1 on 45780] INFO  volume.OMVolumeCreateRequest (OMVolumeCreateRequest.java:validateAndUpdateCache(193)) - created volume:testcontainerstatemachinefailures for user:jenkins1000
2019-10-13 20:15:29,905 [main] INFO  rpc.RpcClient (RpcClient.java:createBucket(412)) - Creating Bucket: testcontainerstatemachinefailures/testcontainerstatemachinefailures, with Versioning false and Storage Type set to DISK and Encryption set to false 
2019-10-13 20:15:30,050 [main] INFO  impl.MetricsSystemImpl (MetricsSystemImpl.java:init(158)) - XceiverClientMetrics metrics system started (again)
2019-10-13 20:15:30,900 [Thread-181] INFO  container.ReplicationManager (ReplicationManager.java:start(162)) - Starting Replication Monitor Thread.
2019-10-13 20:15:30,904 [ReplicationMonitor] INFO  container.ReplicationManager (ReplicationManager.java:run(225)) - Replication Monitor Thread took 4 milliseconds for processing 1 containers.
2019-10-13 20:15:33,738 [Thread-186] INFO  impl.FollowerState (FollowerState.java:run(108)) - d7b6d0b0-5bea-41cc-bfbb-05e0db699ec7@group-53441AC77188-FollowerState: change to CANDIDATE, lastRpcTime:5133ms, electionTimeout:5132ms
2019-10-13 20:15:33,740 [Thread-186] INFO  impl.RoleInfo (RoleInfo.java:shutdownFollowerState(121)) - d7b6d0b0-5bea-41cc-bfbb-05e0db699ec7: shutdown FollowerState
2019-10-13 20:15:33,740 [Thread-186] INFO  impl.RaftServerImpl (RaftServerImpl.java:setRole(170)) - d7b6d0b0-5bea-41cc-bfbb-05e0db699ec7@group-53441AC77188: changes role from  FOLLOWER to CANDIDATE at term 0 for changeToCandidate
2019-10-13 20:15:33,747 [Thread-186] INFO  impl.RoleInfo (RoleInfo.java:updateAndGet(143)) - d7b6d0b0-5bea-41cc-bfbb-05e0db699ec7: start LeaderElection
2019-10-13 20:15:33,765 [d7b6d0b0-5bea-41cc-bfbb-05e0db699ec7@group-53441AC77188-LeaderElection1] INFO  impl.LeaderElection (LeaderElection.java:askForVotes(178)) - d7b6d0b0-5bea-41cc-bfbb-05e0db699ec7@group-53441AC77188-LeaderElection1: begin an election at term 1 for -1: [d7b6d0b0-5bea-41cc-bfbb-05e0db699ec7:192.168.151.93:33569], old=null
2019-10-13 20:15:33,767 [d7b6d0b0-5bea-41cc-bfbb-05e0db699ec7@group-53441AC77188-LeaderElection1] INFO  impl.RoleInfo (RoleInfo.java:shutdownLeaderElection(134)) - d7b6d0b0-5bea-41cc-bfbb-05e0db699ec7: shutdown LeaderElection
2019-10-13 20:15:33,768 [d7b6d0b0-5bea-41cc-bfbb-05e0db699ec7@group-53441AC77188-LeaderElection1] INFO  impl.RaftServerImpl (RaftServerImpl.java:setRole(170)) - d7b6d0b0-5bea-41cc-bfbb-05e0db699ec7@group-53441AC77188: changes role from CANDIDATE to LEADER at term 1 for changeToLeader
2019-10-13 20:15:33,768 [d7b6d0b0-5bea-41cc-bfbb-05e0db699ec7@group-53441AC77188-LeaderElection1] INFO  impl.RaftServerImpl (ServerState.java:setLeader(255)) - d7b6d0b0-5bea-41cc-bfbb-05e0db699ec7@group-53441AC77188: change Leader from null to d7b6d0b0-5bea-41cc-bfbb-05e0db699ec7 at term 1 for becomeLeader, leader elected after 5330ms
2019-10-13 20:15:33,775 [d7b6d0b0-5bea-41cc-bfbb-05e0db699ec7@group-53441AC77188-LeaderElection1] INFO  server.RaftServerConfigKeys (ConfUtils.java:logGet(43)) - raft.server.staging.catchup.gap = 1000 (default)
2019-10-13 20:15:33,775 [d7b6d0b0-5bea-41cc-bfbb-05e0db699ec7@group-53441AC77188-LeaderElection1] INFO  server.RaftServerConfigKeys (ConfUtils.java:logGet(43)) - raft.server.rpc.sleep.time = 25ms (default)
2019-10-13 20:15:33,781 [d7b6d0b0-5bea-41cc-bfbb-05e0db699ec7@group-53441AC77188-LeaderElection1] INFO  server.RaftServerConfigKeys (ConfUtils.java:logGet(43)) - raft.server.write.element-limit = 4096 (default)
2019-10-13 20:15:33,786 [d7b6d0b0-5bea-41cc-bfbb-05e0db699ec7@group-53441AC77188-LeaderElection1] INFO  server.RaftServerConfigKeys (ConfUtils.java:logGet(43)) - raft.server.watch.timeout = 10s (default)
2019-10-13 20:15:33,786 [d7b6d0b0-5bea-41cc-bfbb-05e0db699ec7@group-53441AC77188-LeaderElection1] INFO  server.RaftServerConfigKeys (ConfUtils.java:logGet(43)) - raft.server.watch.timeout.denomination = 1s (default)
2019-10-13 20:15:33,790 [Thread-189] INFO  impl.FollowerState (FollowerState.java:run(108)) - 1d13c680-5537-46cb-94e2-eb83f4d4b3d3@group-C295518C1A02-FollowerState: change to CANDIDATE, lastRpcTime:5001ms, electionTimeout:5000ms
2019-10-13 20:15:33,792 [Thread-189] INFO  impl.RoleInfo (RoleInfo.java:shutdownFollowerState(121)) - 1d13c680-5537-46cb-94e2-eb83f4d4b3d3: shutdown FollowerState
2019-10-13 20:15:33,792 [Thread-189] INFO  impl.RaftServerImpl (RaftServerImpl.java:setRole(170)) - 1d13c680-5537-46cb-94e2-eb83f4d4b3d3@group-C295518C1A02: changes role from  FOLLOWER to CANDIDATE at term 0 for changeToCandidate
2019-10-13 20:15:33,793 [Thread-189] INFO  impl.RoleInfo (RoleInfo.java:updateAndGet(143)) - 1d13c680-5537-46cb-94e2-eb83f4d4b3d3: start LeaderElection
2019-10-13 20:15:33,795 [d7b6d0b0-5bea-41cc-bfbb-05e0db699ec7@group-53441AC77188-LeaderElection1] INFO  server.RaftServerConfigKeys (ConfUtils.java:logGet(43)) - raft.server.watch.element-limit = 65536 (default)
2019-10-13 20:15:33,806 [d7b6d0b0-5bea-41cc-bfbb-05e0db699ec7@group-53441AC77188-LeaderElection1] INFO  impl.RoleInfo (RoleInfo.java:updateAndGet(143)) - d7b6d0b0-5bea-41cc-bfbb-05e0db699ec7: start LeaderState
2019-10-13 20:15:33,808 [1d13c680-5537-46cb-94e2-eb83f4d4b3d3@group-C295518C1A02-LeaderElection2] INFO  impl.LeaderElection (LeaderElection.java:askForVotes(178)) - 1d13c680-5537-46cb-94e2-eb83f4d4b3d3@group-C295518C1A02-LeaderElection2: begin an election at term 1 for -1: [1d13c680-5537-46cb-94e2-eb83f4d4b3d3:192.168.151.93:46245], old=null
2019-10-13 20:15:33,810 [1d13c680-5537-46cb-94e2-eb83f4d4b3d3@group-C295518C1A02-LeaderElection2] INFO  impl.RoleInfo (RoleInfo.java:shutdownLeaderElection(134)) - 1d13c680-5537-46cb-94e2-eb83f4d4b3d3: shutdown LeaderElection
2019-10-13 20:15:33,811 [1d13c680-5537-46cb-94e2-eb83f4d4b3d3@group-C295518C1A02-LeaderElection2] INFO  impl.RaftServerImpl (RaftServerImpl.java:setRole(170)) - 1d13c680-5537-46cb-94e2-eb83f4d4b3d3@group-C295518C1A02: changes role from CANDIDATE to LEADER at term 1 for changeToLeader
2019-10-13 20:15:33,811 [1d13c680-5537-46cb-94e2-eb83f4d4b3d3@group-C295518C1A02-LeaderElection2] INFO  impl.RaftServerImpl (ServerState.java:setLeader(255)) - 1d13c680-5537-46cb-94e2-eb83f4d4b3d3@group-C295518C1A02: change Leader from null to 1d13c680-5537-46cb-94e2-eb83f4d4b3d3 at term 1 for becomeLeader, leader elected after 5040ms
2019-10-13 20:15:33,811 [1d13c680-5537-46cb-94e2-eb83f4d4b3d3@group-C295518C1A02-LeaderElection2] INFO  server.RaftServerConfigKeys (ConfUtils.java:logGet(43)) - raft.server.staging.catchup.gap = 1000 (default)
2019-10-13 20:15:33,811 [1d13c680-5537-46cb-94e2-eb83f4d4b3d3@group-C295518C1A02-LeaderElection2] INFO  server.RaftServerConfigKeys (ConfUtils.java:logGet(43)) - raft.server.rpc.sleep.time = 25ms (default)
2019-10-13 20:15:33,811 [1d13c680-5537-46cb-94e2-eb83f4d4b3d3@group-C295518C1A02-LeaderElection2] INFO  server.RaftServerConfigKeys (ConfUtils.java:logGet(43)) - raft.server.write.element-limit = 4096 (default)
2019-10-13 20:15:33,811 [1d13c680-5537-46cb-94e2-eb83f4d4b3d3@group-C295518C1A02-LeaderElection2] INFO  server.RaftServerConfigKeys (ConfUtils.java:logGet(43)) - raft.server.watch.timeout = 10s (default)
2019-10-13 20:15:33,811 [1d13c680-5537-46cb-94e2-eb83f4d4b3d3@group-C295518C1A02-LeaderElection2] INFO  server.RaftServerConfigKeys (ConfUtils.java:logGet(43)) - raft.server.watch.timeout.denomination = 1s (default)
2019-10-13 20:15:33,811 [1d13c680-5537-46cb-94e2-eb83f4d4b3d3@group-C295518C1A02-LeaderElection2] INFO  server.RaftServerConfigKeys (ConfUtils.java:logGet(43)) - raft.server.watch.element-limit = 65536 (default)
2019-10-13 20:15:33,813 [1d13c680-5537-46cb-94e2-eb83f4d4b3d3@group-C295518C1A02-LeaderElection2] INFO  impl.RoleInfo (RoleInfo.java:updateAndGet(143)) - 1d13c680-5537-46cb-94e2-eb83f4d4b3d3: start LeaderState
2019-10-13 20:15:33,828 [1d13c680-5537-46cb-94e2-eb83f4d4b3d3@group-C295518C1A02-LeaderElection2] INFO  segmented.SegmentedRaftLogWorker (SegmentedRaftLogWorker.java:startLogSegment(385)) - 1d13c680-5537-46cb-94e2-eb83f4d4b3d3@group-C295518C1A02-SegmentedRaftLogWorker: Starting segment from index:0
2019-10-13 20:15:33,828 [d7b6d0b0-5bea-41cc-bfbb-05e0db699ec7@group-53441AC77188-LeaderElection1] INFO  segmented.SegmentedRaftLogWorker (SegmentedRaftLogWorker.java:startLogSegment(385)) - d7b6d0b0-5bea-41cc-bfbb-05e0db699ec7@group-53441AC77188-SegmentedRaftLogWorker: Starting segment from index:0
2019-10-13 20:15:33,837 [1d13c680-5537-46cb-94e2-eb83f4d4b3d3@group-C295518C1A02-LeaderElection2] INFO  impl.RaftServerImpl (ServerState.java:setRaftConf(356)) - 1d13c680-5537-46cb-94e2-eb83f4d4b3d3@group-C295518C1A02: set configuration 0: [1d13c680-5537-46cb-94e2-eb83f4d4b3d3:192.168.151.93:46245], old=null at 0
2019-10-13 20:15:33,837 [d7b6d0b0-5bea-41cc-bfbb-05e0db699ec7@group-53441AC77188-LeaderElection1] INFO  impl.RaftServerImpl (ServerState.java:setRaftConf(356)) - d7b6d0b0-5bea-41cc-bfbb-05e0db699ec7@group-53441AC77188: set configuration 0: [d7b6d0b0-5bea-41cc-bfbb-05e0db699ec7:192.168.151.93:33569], old=null at 0
2019-10-13 20:15:33,991 [d7b6d0b0-5bea-41cc-bfbb-05e0db699ec7@group-53441AC77188-SegmentedRaftLogWorker] INFO  segmented.SegmentedRaftLogWorker (SegmentedRaftLogWorker.java:execute(574)) - d7b6d0b0-5bea-41cc-bfbb-05e0db699ec7@group-53441AC77188-SegmentedRaftLogWorker: created new log segment /workdir/hadoop-ozone/integration-test/target/test-dir/MiniOzoneClusterImpl-e4384097-ef4f-4dd8-bde8-8af0a93d1d9c/datanode-0/data/ratis/e63015d1-1fbf-4b59-9f66-53441ac77188/current/log_inprogress_0
2019-10-13 20:15:33,991 [1d13c680-5537-46cb-94e2-eb83f4d4b3d3@group-C295518C1A02-SegmentedRaftLogWorker] INFO  segmented.SegmentedRaftLogWorker (SegmentedRaftLogWorker.java:execute(574)) - 1d13c680-5537-46cb-94e2-eb83f4d4b3d3@group-C295518C1A02-SegmentedRaftLogWorker: created new log segment /workdir/hadoop-ozone/integration-test/target/test-dir/MiniOzoneClusterImpl-e4384097-ef4f-4dd8-bde8-8af0a93d1d9c/datanode-2/data/ratis/90a0e125-082a-4c29-91ec-c295518c1a02/current/log_inprogress_0
2019-10-13 20:15:34,045 [Thread-198] INFO  impl.FollowerState (FollowerState.java:run(108)) - 1d13c680-5537-46cb-94e2-eb83f4d4b3d3@group-FB92401AD5CF-FollowerState: change to CANDIDATE, lastRpcTime:5056ms, electionTimeout:5056ms
2019-10-13 20:15:34,045 [Thread-198] INFO  impl.RoleInfo (RoleInfo.java:shutdownFollowerState(121)) - 1d13c680-5537-46cb-94e2-eb83f4d4b3d3: shutdown FollowerState
2019-10-13 20:15:34,045 [Thread-198] INFO  impl.RaftServerImpl (RaftServerImpl.java:setRole(170)) - 1d13c680-5537-46cb-94e2-eb83f4d4b3d3@group-FB92401AD5CF: changes role from  FOLLOWER to CANDIDATE at term 0 for changeToCandidate
2019-10-13 20:15:34,046 [Thread-198] INFO  impl.RoleInfo (RoleInfo.java:updateAndGet(143)) - 1d13c680-5537-46cb-94e2-eb83f4d4b3d3: start LeaderElection
2019-10-13 20:15:34,068 [Thread-192] INFO  impl.FollowerState (FollowerState.java:run(108)) - b1e61060-76d7-4fe3-930c-321a9145abdb@group-CEA374DA8836-FollowerState: change to CANDIDATE, lastRpcTime:5171ms, electionTimeout:5171ms
2019-10-13 20:15:34,068 [Thread-192] INFO  impl.RoleInfo (RoleInfo.java:shutdownFollowerState(121)) - b1e61060-76d7-4fe3-930c-321a9145abdb: shutdown FollowerState
2019-10-13 20:15:34,068 [Thread-192] INFO  impl.RaftServerImpl (RaftServerImpl.java:setRole(170)) - b1e61060-76d7-4fe3-930c-321a9145abdb@group-CEA374DA8836: changes role from  FOLLOWER to CANDIDATE at term 0 for changeToCandidate
2019-10-13 20:15:34,068 [Thread-192] INFO  impl.RoleInfo (RoleInfo.java:updateAndGet(143)) - b1e61060-76d7-4fe3-930c-321a9145abdb: start LeaderElection
2019-10-13 20:15:34,080 [b1e61060-76d7-4fe3-930c-321a9145abdb@group-CEA374DA8836-LeaderElection4] INFO  impl.LeaderElection (LeaderElection.java:askForVotes(178)) - b1e61060-76d7-4fe3-930c-321a9145abdb@group-CEA374DA8836-LeaderElection4: begin an election at term 1 for -1: [b1e61060-76d7-4fe3-930c-321a9145abdb:192.168.151.93:33129], old=null
2019-10-13 20:15:34,080 [1d13c680-5537-46cb-94e2-eb83f4d4b3d3@group-FB92401AD5CF-LeaderElection3] INFO  impl.LeaderElection (LeaderElection.java:askForVotes(178)) - 1d13c680-5537-46cb-94e2-eb83f4d4b3d3@group-FB92401AD5CF-LeaderElection3: begin an election at term 1 for -1: [b1e61060-76d7-4fe3-930c-321a9145abdb:192.168.151.93:33129, 1d13c680-5537-46cb-94e2-eb83f4d4b3d3:192.168.151.93:46245, d7b6d0b0-5bea-41cc-bfbb-05e0db699ec7:192.168.151.93:33569], old=null
2019-10-13 20:15:34,080 [b1e61060-76d7-4fe3-930c-321a9145abdb@group-CEA374DA8836-LeaderElection4] INFO  impl.RoleInfo (RoleInfo.java:shutdownLeaderElection(134)) - b1e61060-76d7-4fe3-930c-321a9145abdb: shutdown LeaderElection
2019-10-13 20:15:34,080 [b1e61060-76d7-4fe3-930c-321a9145abdb@group-CEA374DA8836-LeaderElection4] INFO  impl.RaftServerImpl (RaftServerImpl.java:setRole(170)) - b1e61060-76d7-4fe3-930c-321a9145abdb@group-CEA374DA8836: changes role from CANDIDATE to LEADER at term 1 for changeToLeader
2019-10-13 20:15:34,080 [b1e61060-76d7-4fe3-930c-321a9145abdb@group-CEA374DA8836-LeaderElection4] INFO  impl.RaftServerImpl (ServerState.java:setLeader(255)) - b1e61060-76d7-4fe3-930c-321a9145abdb@group-CEA374DA8836: change Leader from null to b1e61060-76d7-4fe3-930c-321a9145abdb at term 1 for becomeLeader, leader elected after 5210ms
2019-10-13 20:15:34,080 [b1e61060-76d7-4fe3-930c-321a9145abdb@group-CEA374DA8836-LeaderElection4] INFO  server.RaftServerConfigKeys (ConfUtils.java:logGet(43)) - raft.server.staging.catchup.gap = 1000 (default)
2019-10-13 20:15:34,080 [b1e61060-76d7-4fe3-930c-321a9145abdb@group-CEA374DA8836-LeaderElection4] INFO  server.RaftServerConfigKeys (ConfUtils.java:logGet(43)) - raft.server.rpc.sleep.time = 25ms (default)
2019-10-13 20:15:34,081 [b1e61060-76d7-4fe3-930c-321a9145abdb@group-CEA374DA8836-LeaderElection4] INFO  server.RaftServerConfigKeys (ConfUtils.java:logGet(43)) - raft.server.write.element-limit = 4096 (default)
2019-10-13 20:15:34,081 [b1e61060-76d7-4fe3-930c-321a9145abdb@group-CEA374DA8836-LeaderElection4] INFO  server.RaftServerConfigKeys (ConfUtils.java:logGet(43)) - raft.server.watch.timeout = 10s (default)
2019-10-13 20:15:34,081 [b1e61060-76d7-4fe3-930c-321a9145abdb@group-CEA374DA8836-LeaderElection4] INFO  server.RaftServerConfigKeys (ConfUtils.java:logGet(43)) - raft.server.watch.timeout.denomination = 1s (default)
2019-10-13 20:15:34,081 [b1e61060-76d7-4fe3-930c-321a9145abdb@group-CEA374DA8836-LeaderElection4] INFO  server.RaftServerConfigKeys (ConfUtils.java:logGet(43)) - raft.server.watch.element-limit = 65536 (default)
2019-10-13 20:15:34,084 [b1e61060-76d7-4fe3-930c-321a9145abdb@group-CEA374DA8836-LeaderElection4] INFO  impl.RoleInfo (RoleInfo.java:updateAndGet(143)) - b1e61060-76d7-4fe3-930c-321a9145abdb: start LeaderState
2019-10-13 20:15:34,084 [b1e61060-76d7-4fe3-930c-321a9145abdb@group-CEA374DA8836-LeaderElection4] INFO  segmented.SegmentedRaftLogWorker (SegmentedRaftLogWorker.java:startLogSegment(385)) - b1e61060-76d7-4fe3-930c-321a9145abdb@group-CEA374DA8836-SegmentedRaftLogWorker: Starting segment from index:0
2019-10-13 20:15:34,085 [b1e61060-76d7-4fe3-930c-321a9145abdb@group-CEA374DA8836-LeaderElection4] INFO  impl.RaftServerImpl (ServerState.java:setRaftConf(356)) - b1e61060-76d7-4fe3-930c-321a9145abdb@group-CEA374DA8836: set configuration 0: [b1e61060-76d7-4fe3-930c-321a9145abdb:192.168.151.93:33129], old=null at 0
2019-10-13 20:15:34,125 [Thread-197] INFO  impl.FollowerState (FollowerState.java:run(108)) - b1e61060-76d7-4fe3-930c-321a9145abdb@group-FB92401AD5CF-FollowerState: change to CANDIDATE, lastRpcTime:5137ms, electionTimeout:5134ms
2019-10-13 20:15:34,125 [Thread-197] INFO  impl.RoleInfo (RoleInfo.java:shutdownFollowerState(121)) - b1e61060-76d7-4fe3-930c-321a9145abdb: shutdown FollowerState
2019-10-13 20:15:34,125 [Thread-197] INFO  impl.RaftServerImpl (RaftServerImpl.java:setRole(170)) - b1e61060-76d7-4fe3-930c-321a9145abdb@group-FB92401AD5CF: changes role from  FOLLOWER to CANDIDATE at term 0 for changeToCandidate
2019-10-13 20:15:34,126 [Thread-197] INFO  impl.RoleInfo (RoleInfo.java:updateAndGet(143)) - b1e61060-76d7-4fe3-930c-321a9145abdb: start LeaderElection
2019-10-13 20:15:34,138 [b1e61060-76d7-4fe3-930c-321a9145abdb@group-CEA374DA8836-SegmentedRaftLogWorker] INFO  segmented.SegmentedRaftLogWorker (SegmentedRaftLogWorker.java:execute(574)) - b1e61060-76d7-4fe3-930c-321a9145abdb@group-CEA374DA8836-SegmentedRaftLogWorker: created new log segment /workdir/hadoop-ozone/integration-test/target/test-dir/MiniOzoneClusterImpl-e4384097-ef4f-4dd8-bde8-8af0a93d1d9c/datanode-1/data/ratis/a5797936-8a65-46f0-b29a-cea374da8836/current/log_inprogress_0
2019-10-13 20:15:34,138 [b1e61060-76d7-4fe3-930c-321a9145abdb@group-FB92401AD5CF-LeaderElection5] INFO  impl.LeaderElection (LeaderElection.java:askForVotes(178)) - b1e61060-76d7-4fe3-930c-321a9145abdb@group-FB92401AD5CF-LeaderElection5: begin an election at term 1 for -1: [b1e61060-76d7-4fe3-930c-321a9145abdb:192.168.151.93:33129, 1d13c680-5537-46cb-94e2-eb83f4d4b3d3:192.168.151.93:46245, d7b6d0b0-5bea-41cc-bfbb-05e0db699ec7:192.168.151.93:33569], old=null
2019-10-13 20:15:34,141 [grpc-default-executor-1] INFO  impl.RaftServerImpl (RaftServerImpl.java:setRole(170)) - d7b6d0b0-5bea-41cc-bfbb-05e0db699ec7@group-FB92401AD5CF: changes role from  FOLLOWER to FOLLOWER at term 1 for recognizeCandidate:1d13c680-5537-46cb-94e2-eb83f4d4b3d3
2019-10-13 20:15:34,143 [grpc-default-executor-1] INFO  impl.RoleInfo (RoleInfo.java:shutdownFollowerState(121)) - d7b6d0b0-5bea-41cc-bfbb-05e0db699ec7: shutdown FollowerState
2019-10-13 20:15:34,143 [grpc-default-executor-1] INFO  impl.RoleInfo (RoleInfo.java:updateAndGet(143)) - d7b6d0b0-5bea-41cc-bfbb-05e0db699ec7: start FollowerState
2019-10-13 20:15:34,144 [Thread-199] INFO  impl.FollowerState (FollowerState.java:run(117)) - d7b6d0b0-5bea-41cc-bfbb-05e0db699ec7@group-FB92401AD5CF-FollowerState was interrupted: java.lang.InterruptedException: sleep interrupted
2019-10-13 20:15:34,174 [1d13c680-5537-46cb-94e2-eb83f4d4b3d3@group-FB92401AD5CF-LeaderElection3] INFO  impl.LeaderElection (LeaderElection.java:logAndReturn(56)) - 1d13c680-5537-46cb-94e2-eb83f4d4b3d3@group-FB92401AD5CF-LeaderElection3: Election PASSED; received 2 response(s) [1d13c680-5537-46cb-94e2-eb83f4d4b3d3<-b1e61060-76d7-4fe3-930c-321a9145abdb#0:FAIL-t1, 1d13c680-5537-46cb-94e2-eb83f4d4b3d3<-d7b6d0b0-5bea-41cc-bfbb-05e0db699ec7#0:OK-t1] and 0 exception(s); 1d13c680-5537-46cb-94e2-eb83f4d4b3d3@group-FB92401AD5CF:t1, leader=null, voted=1d13c680-5537-46cb-94e2-eb83f4d4b3d3, raftlog=1d13c680-5537-46cb-94e2-eb83f4d4b3d3@group-FB92401AD5CF-SegmentedRaftLog:OPENED:c-1,f-1,i0, conf=-1: [b1e61060-76d7-4fe3-930c-321a9145abdb:192.168.151.93:33129, 1d13c680-5537-46cb-94e2-eb83f4d4b3d3:192.168.151.93:46245, d7b6d0b0-5bea-41cc-bfbb-05e0db699ec7:192.168.151.93:33569], old=null
2019-10-13 20:15:34,174 [b1e61060-76d7-4fe3-930c-321a9145abdb@group-FB92401AD5CF-LeaderElection5] INFO  impl.LeaderElection (LeaderElection.java:logAndReturn(56)) - b1e61060-76d7-4fe3-930c-321a9145abdb@group-FB92401AD5CF-LeaderElection5: Election REJECTED; received 2 response(s) [b1e61060-76d7-4fe3-930c-321a9145abdb<-1d13c680-5537-46cb-94e2-eb83f4d4b3d3#0:FAIL-t1, b1e61060-76d7-4fe3-930c-321a9145abdb<-d7b6d0b0-5bea-41cc-bfbb-05e0db699ec7#0:FAIL-t1] and 0 exception(s); b1e61060-76d7-4fe3-930c-321a9145abdb@group-FB92401AD5CF:t1, leader=null, voted=b1e61060-76d7-4fe3-930c-321a9145abdb, raftlog=b1e61060-76d7-4fe3-930c-321a9145abdb@group-FB92401AD5CF-SegmentedRaftLog:OPENED:c-1,f-1,i0, conf=-1: [b1e61060-76d7-4fe3-930c-321a9145abdb:192.168.151.93:33129, 1d13c680-5537-46cb-94e2-eb83f4d4b3d3:192.168.151.93:46245, d7b6d0b0-5bea-41cc-bfbb-05e0db699ec7:192.168.151.93:33569], old=null
2019-10-13 20:15:34,174 [1d13c680-5537-46cb-94e2-eb83f4d4b3d3@group-FB92401AD5CF-LeaderElection3] INFO  impl.RoleInfo (RoleInfo.java:shutdownLeaderElection(134)) - 1d13c680-5537-46cb-94e2-eb83f4d4b3d3: shutdown LeaderElection
2019-10-13 20:15:34,174 [b1e61060-76d7-4fe3-930c-321a9145abdb@group-FB92401AD5CF-LeaderElection5] INFO  impl.RaftServerImpl (RaftServerImpl.java:setRole(170)) - b1e61060-76d7-4fe3-930c-321a9145abdb@group-FB92401AD5CF: changes role from CANDIDATE to FOLLOWER at term 1 for DISCOVERED_A_NEW_TERM
2019-10-13 20:15:34,177 [1d13c680-5537-46cb-94e2-eb83f4d4b3d3@group-FB92401AD5CF-LeaderElection3] INFO  impl.RaftServerImpl (RaftServerImpl.java:setRole(170)) - 1d13c680-5537-46cb-94e2-eb83f4d4b3d3@group-FB92401AD5CF: changes role from CANDIDATE to LEADER at term 1 for changeToLeader
2019-10-13 20:15:34,177 [b1e61060-76d7-4fe3-930c-321a9145abdb@group-FB92401AD5CF-LeaderElection5] INFO  impl.RoleInfo (RoleInfo.java:shutdownLeaderElection(134)) - b1e61060-76d7-4fe3-930c-321a9145abdb: shutdown LeaderElection
2019-10-13 20:15:34,177 [1d13c680-5537-46cb-94e2-eb83f4d4b3d3@group-FB92401AD5CF-LeaderElection3] INFO  impl.RaftServerImpl (ServerState.java:setLeader(255)) - 1d13c680-5537-46cb-94e2-eb83f4d4b3d3@group-FB92401AD5CF: change Leader from null to 1d13c680-5537-46cb-94e2-eb83f4d4b3d3 at term 1 for becomeLeader, leader elected after 5200ms
2019-10-13 20:15:34,177 [b1e61060-76d7-4fe3-930c-321a9145abdb@group-FB92401AD5CF-LeaderElection5] INFO  impl.RoleInfo (RoleInfo.java:updateAndGet(143)) - b1e61060-76d7-4fe3-930c-321a9145abdb: start FollowerState
2019-10-13 20:15:34,177 [1d13c680-5537-46cb-94e2-eb83f4d4b3d3@group-FB92401AD5CF-LeaderElection3] INFO  server.RaftServerConfigKeys (ConfUtils.java:logGet(43)) - raft.server.staging.catchup.gap = 1000 (default)
2019-10-13 20:15:34,178 [1d13c680-5537-46cb-94e2-eb83f4d4b3d3@group-FB92401AD5CF-LeaderElection3] INFO  server.RaftServerConfigKeys (ConfUtils.java:logGet(43)) - raft.server.rpc.sleep.time = 25ms (default)
2019-10-13 20:15:34,179 [1d13c680-5537-46cb-94e2-eb83f4d4b3d3@group-FB92401AD5CF-LeaderElection3] INFO  server.RaftServerConfigKeys (ConfUtils.java:logGet(43)) - raft.server.write.element-limit = 4096 (default)
2019-10-13 20:15:34,179 [1d13c680-5537-46cb-94e2-eb83f4d4b3d3@group-FB92401AD5CF-LeaderElection3] INFO  server.RaftServerConfigKeys (ConfUtils.java:logGet(43)) - raft.server.watch.timeout = 10s (default)
2019-10-13 20:15:34,179 [1d13c680-5537-46cb-94e2-eb83f4d4b3d3@group-FB92401AD5CF-LeaderElection3] INFO  server.RaftServerConfigKeys (ConfUtils.java:logGet(43)) - raft.server.watch.timeout.denomination = 1s (default)
2019-10-13 20:15:34,179 [1d13c680-5537-46cb-94e2-eb83f4d4b3d3@group-FB92401AD5CF-LeaderElection3] INFO  server.RaftServerConfigKeys (ConfUtils.java:logGet(43)) - raft.server.watch.element-limit = 65536 (default)
2019-10-13 20:15:34,185 [1d13c680-5537-46cb-94e2-eb83f4d4b3d3@group-FB92401AD5CF-LeaderElection3] INFO  server.RaftServerConfigKeys (ConfUtils.java:logGet(43)) - raft.server.log.appender.snapshot.chunk.size.max = 16MB (=16777216) (default)
2019-10-13 20:15:34,185 [1d13c680-5537-46cb-94e2-eb83f4d4b3d3@group-FB92401AD5CF-LeaderElection3] INFO  server.RaftServerConfigKeys (ConfUtils.java:logGet(43)) - raft.server.log.appender.buffer.byte-limit = 33554432 (custom)
2019-10-13 20:15:34,186 [1d13c680-5537-46cb-94e2-eb83f4d4b3d3@group-FB92401AD5CF-LeaderElection3] INFO  server.RaftServerConfigKeys (ConfUtils.java:logGet(43)) - raft.server.log.appender.buffer.element-limit = 1 (custom)
2019-10-13 20:15:34,189 [1d13c680-5537-46cb-94e2-eb83f4d4b3d3@group-FB92401AD5CF-LeaderElection3] INFO  grpc.GrpcConfigKeys$Server (ConfUtils.java:logGet(43)) - raft.grpc.server.leader.outstanding.appends.max = 128 (default)
2019-10-13 20:15:34,193 [1d13c680-5537-46cb-94e2-eb83f4d4b3d3@group-FB92401AD5CF-LeaderElection3] INFO  server.RaftServerConfigKeys (ConfUtils.java:logGet(43)) - raft.server.rpc.request.timeout = 3000ms (default)
2019-10-13 20:15:34,193 [1d13c680-5537-46cb-94e2-eb83f4d4b3d3@group-FB92401AD5CF-LeaderElection3] INFO  server.RaftServerConfigKeys (ConfUtils.java:logGet(43)) - raft.server.log.appender.install.snapshot.enabled = false (custom)
2019-10-13 20:15:34,194 [1d13c680-5537-46cb-94e2-eb83f4d4b3d3@group-FB92401AD5CF-LeaderElection3] INFO  server.RaftServerConfigKeys (ConfUtils.java:logGet(43)) - raft.server.log.appender.snapshot.chunk.size.max = 16MB (=16777216) (default)
2019-10-13 20:15:34,194 [1d13c680-5537-46cb-94e2-eb83f4d4b3d3@group-FB92401AD5CF-LeaderElection3] INFO  server.RaftServerConfigKeys (ConfUtils.java:logGet(43)) - raft.server.log.appender.buffer.byte-limit = 33554432 (custom)
2019-10-13 20:15:34,194 [1d13c680-5537-46cb-94e2-eb83f4d4b3d3@group-FB92401AD5CF-LeaderElection3] INFO  server.RaftServerConfigKeys (ConfUtils.java:logGet(43)) - raft.server.log.appender.buffer.element-limit = 1 (custom)
2019-10-13 20:15:34,195 [1d13c680-5537-46cb-94e2-eb83f4d4b3d3@group-FB92401AD5CF-LeaderElection3] INFO  grpc.GrpcConfigKeys$Server (ConfUtils.java:logGet(43)) - raft.grpc.server.leader.outstanding.appends.max = 128 (default)
2019-10-13 20:15:34,195 [1d13c680-5537-46cb-94e2-eb83f4d4b3d3@group-FB92401AD5CF-LeaderElection3] INFO  server.RaftServerConfigKeys (ConfUtils.java:logGet(43)) - raft.server.rpc.request.timeout = 3000ms (default)
2019-10-13 20:15:34,195 [1d13c680-5537-46cb-94e2-eb83f4d4b3d3@group-FB92401AD5CF-LeaderElection3] INFO  server.RaftServerConfigKeys (ConfUtils.java:logGet(43)) - raft.server.log.appender.install.snapshot.enabled = false (custom)
2019-10-13 20:15:34,196 [1d13c680-5537-46cb-94e2-eb83f4d4b3d3@group-FB92401AD5CF-LeaderElection3] INFO  impl.RoleInfo (RoleInfo.java:updateAndGet(143)) - 1d13c680-5537-46cb-94e2-eb83f4d4b3d3: start LeaderState
2019-10-13 20:15:34,197 [1d13c680-5537-46cb-94e2-eb83f4d4b3d3@group-FB92401AD5CF-LeaderElection3] INFO  segmented.SegmentedRaftLogWorker (SegmentedRaftLogWorker.java:startLogSegment(385)) - 1d13c680-5537-46cb-94e2-eb83f4d4b3d3@group-FB92401AD5CF-SegmentedRaftLogWorker: Starting segment from index:0
2019-10-13 20:15:34,205 [1d13c680-5537-46cb-94e2-eb83f4d4b3d3@group-FB92401AD5CF-LeaderElection3] INFO  impl.RaftServerImpl (ServerState.java:setRaftConf(356)) - 1d13c680-5537-46cb-94e2-eb83f4d4b3d3@group-FB92401AD5CF: set configuration 0: [b1e61060-76d7-4fe3-930c-321a9145abdb:192.168.151.93:33129, 1d13c680-5537-46cb-94e2-eb83f4d4b3d3:192.168.151.93:46245, d7b6d0b0-5bea-41cc-bfbb-05e0db699ec7:192.168.151.93:33569], old=null at 0
2019-10-13 20:15:34,236 [grpc-default-executor-1] INFO  impl.RaftServerImpl (ServerState.java:setLeader(255)) - d7b6d0b0-5bea-41cc-bfbb-05e0db699ec7@group-FB92401AD5CF: change Leader from null to 1d13c680-5537-46cb-94e2-eb83f4d4b3d3 at term 1 for appendEntries, leader elected after 5259ms
2019-10-13 20:15:34,236 [1d13c680-5537-46cb-94e2-eb83f4d4b3d3@group-FB92401AD5CF-SegmentedRaftLogWorker] INFO  segmented.SegmentedRaftLogWorker (SegmentedRaftLogWorker.java:execute(574)) - 1d13c680-5537-46cb-94e2-eb83f4d4b3d3@group-FB92401AD5CF-SegmentedRaftLogWorker: created new log segment /workdir/hadoop-ozone/integration-test/target/test-dir/MiniOzoneClusterImpl-e4384097-ef4f-4dd8-bde8-8af0a93d1d9c/datanode-2/data/ratis/d3b06565-bf46-4447-bfd8-fb92401ad5cf/current/log_inprogress_0
2019-10-13 20:15:34,236 [grpc-default-executor-3] INFO  impl.RaftServerImpl (ServerState.java:setLeader(255)) - b1e61060-76d7-4fe3-930c-321a9145abdb@group-FB92401AD5CF: change Leader from null to 1d13c680-5537-46cb-94e2-eb83f4d4b3d3 at term 1 for appendEntries, leader elected after 5259ms
2019-10-13 20:15:34,265 [grpc-default-executor-3] INFO  impl.RaftServerImpl (ServerState.java:setRaftConf(356)) - d7b6d0b0-5bea-41cc-bfbb-05e0db699ec7@group-FB92401AD5CF: set configuration 0: [b1e61060-76d7-4fe3-930c-321a9145abdb:192.168.151.93:33129, 1d13c680-5537-46cb-94e2-eb83f4d4b3d3:192.168.151.93:46245, d7b6d0b0-5bea-41cc-bfbb-05e0db699ec7:192.168.151.93:33569], old=null at 0
2019-10-13 20:15:34,265 [grpc-default-executor-2] INFO  impl.RaftServerImpl (ServerState.java:setRaftConf(356)) - b1e61060-76d7-4fe3-930c-321a9145abdb@group-FB92401AD5CF: set configuration 0: [b1e61060-76d7-4fe3-930c-321a9145abdb:192.168.151.93:33129, 1d13c680-5537-46cb-94e2-eb83f4d4b3d3:192.168.151.93:46245, d7b6d0b0-5bea-41cc-bfbb-05e0db699ec7:192.168.151.93:33569], old=null at 0
2019-10-13 20:15:34,265 [grpc-default-executor-3] INFO  segmented.SegmentedRaftLogWorker (SegmentedRaftLogWorker.java:startLogSegment(385)) - d7b6d0b0-5bea-41cc-bfbb-05e0db699ec7@group-FB92401AD5CF-SegmentedRaftLogWorker: Starting segment from index:0
2019-10-13 20:15:34,265 [grpc-default-executor-2] INFO  segmented.SegmentedRaftLogWorker (SegmentedRaftLogWorker.java:startLogSegment(385)) - b1e61060-76d7-4fe3-930c-321a9145abdb@group-FB92401AD5CF-SegmentedRaftLogWorker: Starting segment from index:0
2019-10-13 20:15:34,299 [d7b6d0b0-5bea-41cc-bfbb-05e0db699ec7@group-FB92401AD5CF-SegmentedRaftLogWorker] INFO  segmented.SegmentedRaftLogWorker (SegmentedRaftLogWorker.java:execute(574)) - d7b6d0b0-5bea-41cc-bfbb-05e0db699ec7@group-FB92401AD5CF-SegmentedRaftLogWorker: created new log segment /workdir/hadoop-ozone/integration-test/target/test-dir/MiniOzoneClusterImpl-e4384097-ef4f-4dd8-bde8-8af0a93d1d9c/datanode-0/data/ratis/d3b06565-bf46-4447-bfd8-fb92401ad5cf/current/log_inprogress_0
2019-10-13 20:15:34,299 [b1e61060-76d7-4fe3-930c-321a9145abdb@group-FB92401AD5CF-SegmentedRaftLogWorker] INFO  segmented.SegmentedRaftLogWorker (SegmentedRaftLogWorker.java:execute(574)) - b1e61060-76d7-4fe3-930c-321a9145abdb@group-FB92401AD5CF-SegmentedRaftLogWorker: created new log segment /workdir/hadoop-ozone/integration-test/target/test-dir/MiniOzoneClusterImpl-e4384097-ef4f-4dd8-bde8-8af0a93d1d9c/datanode-1/data/ratis/d3b06565-bf46-4447-bfd8-fb92401ad5cf/current/log_inprogress_0
2019-10-13 20:15:34,648 [Datanode State Machine Thread - 0] INFO  statemachine.DatanodeStateMachine (DatanodeStateMachine.java:lambda$startDaemon$0(350)) - Ozone container server started.
2019-10-13 20:15:39,615 [main] INFO  ozoneimpl.OzoneContainer (OzoneContainer.java:stop(227)) - Attempting to stop container services.
2019-10-13 20:15:39,616 [main] INFO  impl.RaftServerProxy (RaftServerProxy.java:lambda$close$4(314)) - b1e61060-76d7-4fe3-930c-321a9145abdb: close
2019-10-13 20:15:39,617 [main] INFO  impl.RaftServerImpl (RaftServerImpl.java:lambda$shutdown$3(247)) - b1e61060-76d7-4fe3-930c-321a9145abdb@group-FB92401AD5CF: shutdown
2019-10-13 20:15:39,617 [main] INFO  util.JmxRegister (JmxRegister.java:unregister(73)) - Successfully un-registered JMX Bean with object name Ratis:service=RaftServer,group=group-FB92401AD5CF,id=b1e61060-76d7-4fe3-930c-321a9145abdb
2019-10-13 20:15:39,618 [main] INFO  impl.RoleInfo (RoleInfo.java:shutdownFollowerState(121)) - b1e61060-76d7-4fe3-930c-321a9145abdb: shutdown FollowerState
2019-10-13 20:15:39,618 [main] INFO  impl.StateMachineUpdater (StateMachineUpdater.java:stopAndJoin(136)) - b1e61060-76d7-4fe3-930c-321a9145abdb@group-FB92401AD5CF-StateMachineUpdater: set stopIndex = 4
2019-10-13 20:15:39,618 [b1e61060-76d7-4fe3-930c-321a9145abdb@group-FB92401AD5CF-StateMachineUpdater] INFO  ratis.ContainerStateMachine (ContainerStateMachine.java:takeSnapshot(294)) - group-FB92401AD5CF: Taking a snapshot at:(t:1, i:3) file /workdir/hadoop-ozone/integration-test/target/test-dir/MiniOzoneClusterImpl-e4384097-ef4f-4dd8-bde8-8af0a93d1d9c/datanode-1/data/ratis/d3b06565-bf46-4447-bfd8-fb92401ad5cf/sm/snapshot.1_3
2019-10-13 20:15:39,618 [Thread-247] INFO  impl.FollowerState (FollowerState.java:run(117)) - b1e61060-76d7-4fe3-930c-321a9145abdb@group-FB92401AD5CF-FollowerState was interrupted: java.lang.InterruptedException: sleep interrupted
2019-10-13 20:15:39,717 [b1e61060-76d7-4fe3-930c-321a9145abdb@group-FB92401AD5CF-StateMachineUpdater] INFO  ratis.ContainerStateMachine (ContainerStateMachine.java:takeSnapshot(305)) - group-FB92401AD5CF: Finished taking a snapshot at:(t:1, i:3) file:/workdir/hadoop-ozone/integration-test/target/test-dir/MiniOzoneClusterImpl-e4384097-ef4f-4dd8-bde8-8af0a93d1d9c/datanode-1/data/ratis/d3b06565-bf46-4447-bfd8-fb92401ad5cf/sm/snapshot.1_3 time:99
2019-10-13 20:15:39,719 [b1e61060-76d7-4fe3-930c-321a9145abdb@group-FB92401AD5CF-StateMachineUpdater] INFO  impl.StateMachineUpdater (StateMachineUpdater.java:takeSnapshot(269)) - b1e61060-76d7-4fe3-930c-321a9145abdb@group-FB92401AD5CF-StateMachineUpdater: Took a snapshot at index 3
2019-10-13 20:15:39,721 [b1e61060-76d7-4fe3-930c-321a9145abdb@group-FB92401AD5CF-StateMachineUpdater] INFO  impl.StateMachineUpdater (StateMachineUpdater.java:lambda$new$0(84)) - b1e61060-76d7-4fe3-930c-321a9145abdb@group-FB92401AD5CF-StateMachineUpdater: snapshotIndex: updateIncreasingly -1 -> 3
2019-10-13 20:15:39,724 [b1e61060-76d7-4fe3-930c-321a9145abdb@group-FB92401AD5CF-StateMachineUpdater] INFO  ratis.ContainerStateMachine (ContainerStateMachine.java:takeSnapshot(294)) - group-FB92401AD5CF: Taking a snapshot at:(t:1, i:3) file /workdir/hadoop-ozone/integration-test/target/test-dir/MiniOzoneClusterImpl-e4384097-ef4f-4dd8-bde8-8af0a93d1d9c/datanode-1/data/ratis/d3b06565-bf46-4447-bfd8-fb92401ad5cf/sm/snapshot.1_3
2019-10-13 20:15:39,737 [b1e61060-76d7-4fe3-930c-321a9145abdb@group-FB92401AD5CF-StateMachineUpdater] INFO  ratis.ContainerStateMachine (ContainerStateMachine.java:takeSnapshot(305)) - group-FB92401AD5CF: Finished taking a snapshot at:(t:1, i:3) file:/workdir/hadoop-ozone/integration-test/target/test-dir/MiniOzoneClusterImpl-e4384097-ef4f-4dd8-bde8-8af0a93d1d9c/datanode-1/data/ratis/d3b06565-bf46-4447-bfd8-fb92401ad5cf/sm/snapshot.1_3 time:13
2019-10-13 20:15:39,738 [b1e61060-76d7-4fe3-930c-321a9145abdb@group-FB92401AD5CF-StateMachineUpdater] INFO  impl.StateMachineUpdater (StateMachineUpdater.java:takeSnapshot(269)) - b1e61060-76d7-4fe3-930c-321a9145abdb@group-FB92401AD5CF-StateMachineUpdater: Took a snapshot at index 3
2019-10-13 20:15:39,738 [b1e61060-76d7-4fe3-930c-321a9145abdb@group-FB92401AD5CF-StateMachineUpdater] INFO  impl.StateMachineUpdater (StateMachineUpdater.java:lambda$new$0(84)) - b1e61060-76d7-4fe3-930c-321a9145abdb@group-FB92401AD5CF-StateMachineUpdater: snapshotIndex: updateIncreasingly 3 -> 3
2019-10-13 20:15:39,738 [main] INFO  impl.RaftServerImpl (ServerState.java:close(387)) - b1e61060-76d7-4fe3-930c-321a9145abdb@group-FB92401AD5CF: closes. applyIndex: 4
2019-10-13 20:15:39,740 [b1e61060-76d7-4fe3-930c-321a9145abdb@group-FB92401AD5CF-SegmentedRaftLogWorker] INFO  segmented.SegmentedRaftLogWorker (SegmentedRaftLogWorker.java:run(316)) - b1e61060-76d7-4fe3-930c-321a9145abdb@group-FB92401AD5CF-SegmentedRaftLogWorker was interrupted, exiting. There are 0 tasks remaining in the queue.
2019-10-13 20:15:39,743 [main] INFO  segmented.SegmentedRaftLogWorker (SegmentedRaftLogWorker.java:close(224)) - b1e61060-76d7-4fe3-930c-321a9145abdb@group-FB92401AD5CF-SegmentedRaftLogWorker close()
2019-10-13 20:15:39,745 [main] INFO  impl.RaftServerImpl (RaftServerImpl.java:lambda$shutdown$3(247)) - b1e61060-76d7-4fe3-930c-321a9145abdb@group-CEA374DA8836: shutdown
2019-10-13 20:15:39,745 [main] INFO  util.JmxRegister (JmxRegister.java:unregister(73)) - Successfully un-registered JMX Bean with object name Ratis:service=RaftServer,group=group-CEA374DA8836,id=b1e61060-76d7-4fe3-930c-321a9145abdb
2019-10-13 20:15:39,745 [main] INFO  impl.RoleInfo (RoleInfo.java:shutdownLeaderState(104)) - b1e61060-76d7-4fe3-930c-321a9145abdb: shutdown LeaderState
2019-10-13 20:15:39,746 [main] INFO  impl.PendingRequests (PendingRequests.java:sendNotLeaderResponses(202)) - b1e61060-76d7-4fe3-930c-321a9145abdb@group-CEA374DA8836-PendingRequests: sendNotLeaderResponses
2019-10-13 20:15:39,747 [main] INFO  impl.StateMachineUpdater (StateMachineUpdater.java:stopAndJoin(136)) - b1e61060-76d7-4fe3-930c-321a9145abdb@group-CEA374DA8836-StateMachineUpdater: set stopIndex = 0
2019-10-13 20:15:39,749 [main] INFO  impl.RaftServerImpl (ServerState.java:close(387)) - b1e61060-76d7-4fe3-930c-321a9145abdb@group-CEA374DA8836: closes. applyIndex: 0
2019-10-13 20:15:39,749 [b1e61060-76d7-4fe3-930c-321a9145abdb@group-CEA374DA8836-SegmentedRaftLogWorker] INFO  segmented.SegmentedRaftLogWorker (SegmentedRaftLogWorker.java:run(316)) - b1e61060-76d7-4fe3-930c-321a9145abdb@group-CEA374DA8836-SegmentedRaftLogWorker was interrupted, exiting. There are 0 tasks remaining in the queue.
2019-10-13 20:15:39,751 [main] INFO  segmented.SegmentedRaftLogWorker (SegmentedRaftLogWorker.java:close(224)) - b1e61060-76d7-4fe3-930c-321a9145abdb@group-CEA374DA8836-SegmentedRaftLogWorker close()
2019-10-13 20:15:39,753 [main] INFO  server.GrpcService (GrpcService.java:closeImpl(164)) - b1e61060-76d7-4fe3-930c-321a9145abdb: shutdown server with port 33129 now
2019-10-13 20:15:39,761 [grpc-default-executor-1] WARN  server.GrpcServerProtocolService (LogUtils.java:warn(134)) - b1e61060-76d7-4fe3-930c-321a9145abdb: installSnapshot onError, lastRequest: 1d13c680-5537-46cb-94e2-eb83f4d4b3d3->b1e61060-76d7-4fe3-930c-321a9145abdb#7-t1, previous=(t:1, i:4), leaderCommit=4, initializing? false, entries: <empty>: org.apache.ratis.thirdparty.io.grpc.StatusRuntimeException: CANCELLED: cancelled before receiving half close
2019-10-13 20:15:39,764 [main] INFO  server.GrpcService (GrpcService.java:closeImpl(172)) - b1e61060-76d7-4fe3-930c-321a9145abdb: shutdown server with port 33129 successfully
2019-10-13 20:15:39,767 [refreshUsed-/workdir/hadoop-ozone/integration-test/target/test-dir/MiniOzoneClusterImpl-e4384097-ef4f-4dd8-bde8-8af0a93d1d9c/datanode-1/data/containers] WARN  fs.CachingGetSpaceUsed (CachingGetSpaceUsed.java:run(183)) - Thread Interrupted waiting to refresh disk information: sleep interrupted
2019-10-13 20:15:39,767 [grpc-default-executor-3] WARN  server.GrpcLogAppender (LogUtils.java:warn(134)) - 1d13c680-5537-46cb-94e2-eb83f4d4b3d3@group-FB92401AD5CF->b1e61060-76d7-4fe3-930c-321a9145abdb-AppendLogResponseHandler: Failed appendEntries: org.apache.ratis.thirdparty.io.grpc.StatusRuntimeException: CANCELLED: HTTP/2 error code: CANCEL
Received Rst Stream
2019-10-13 20:15:39,770 [grpc-default-executor-3] INFO  impl.FollowerInfo (FollowerInfo.java:lambda$new$0(51)) - 1d13c680-5537-46cb-94e2-eb83f4d4b3d3@group-FB92401AD5CF->b1e61060-76d7-4fe3-930c-321a9145abdb: nextIndex: updateUnconditionally 5 -> 4
2019-10-13 20:15:39,784 [main] INFO  utils.BackgroundService (BackgroundService.java:shutdown(151)) - Shutting down service BlockDeletingService
2019-10-13 20:15:39,788 [main] INFO  statemachine.DatanodeStateMachine (DatanodeStateMachine.java:stopDaemon(395)) - Ozone container server stopped.
2019-10-13 20:15:39,791 [main] INFO  handler.ContextHandler (ContextHandler.java:doStop(910)) - Stopped o.e.j.w.WebAppContext@6cff61fc{/,null,UNAVAILABLE}{/hddsDatanode}
2019-10-13 20:15:39,796 [main] INFO  server.AbstractConnector (AbstractConnector.java:doStop(318)) - Stopped ServerConnector@6e0c6a7a{HTTP/1.1,[http/1.1]}{0.0.0.0:0}
2019-10-13 20:15:39,797 [main] INFO  handler.ContextHandler (ContextHandler.java:doStop(910)) - Stopped o.e.j.s.ServletContextHandler@56a4f272{/static,jar:file:/home/user/.m2/repository/org/apache/hadoop/hadoop-hdds-container-service/0.5.0-SNAPSHOT/hadoop-hdds-container-service-0.5.0-SNAPSHOT.jar!/webapps/static,UNAVAILABLE}
2019-10-13 20:15:39,797 [main] INFO  handler.ContextHandler (ContextHandler.java:doStop(910)) - Stopped o.e.j.s.ServletContextHandler@3bbf841e{/logs,file:///workdir/hadoop-ozone/integration-test/target/log,UNAVAILABLE}
2019-10-13 20:15:39,813 [grpc-default-executor-2] WARN  server.GrpcLogAppender (LogUtils.java:warn(134)) - 1d13c680-5537-46cb-94e2-eb83f4d4b3d3@group-FB92401AD5CF->b1e61060-76d7-4fe3-930c-321a9145abdb-AppendLogResponseHandler: Failed appendEntries: org.apache.ratis.thirdparty.io.grpc.StatusRuntimeException: UNAVAILABLE: io exception
2019-10-13 20:15:39,817 [grpc-default-executor-2] INFO  impl.FollowerInfo (FollowerInfo.java:lambda$new$0(51)) - 1d13c680-5537-46cb-94e2-eb83f4d4b3d3@group-FB92401AD5CF->b1e61060-76d7-4fe3-930c-321a9145abdb: nextIndex: updateUnconditionally 5 -> 4
2019-10-13 20:15:39,826 [grpc-default-executor-1] WARN  server.GrpcLogAppender (LogUtils.java:warn(134)) - 1d13c680-5537-46cb-94e2-eb83f4d4b3d3@group-FB92401AD5CF->b1e61060-76d7-4fe3-930c-321a9145abdb-AppendLogResponseHandler: Failed appendEntries: org.apache.ratis.thirdparty.io.grpc.StatusRuntimeException: UNAVAILABLE: io exception
2019-10-13 20:15:39,828 [grpc-default-executor-1] INFO  impl.FollowerInfo (FollowerInfo.java:lambda$new$0(51)) - 1d13c680-5537-46cb-94e2-eb83f4d4b3d3@group-FB92401AD5CF->b1e61060-76d7-4fe3-930c-321a9145abdb: nextIndex: updateUnconditionally 5 -> 4
2019-10-13 20:15:39,835 [grpc-default-executor-1] WARN  server.GrpcLogAppender (LogUtils.java:warn(134)) - 1d13c680-5537-46cb-94e2-eb83f4d4b3d3@group-FB92401AD5CF->b1e61060-76d7-4fe3-930c-321a9145abdb-AppendLogResponseHandler: Failed appendEntries: org.apache.ratis.thirdparty.io.grpc.StatusRuntimeException: UNAVAILABLE: io exception
2019-10-13 20:15:39,837 [grpc-default-executor-1] INFO  impl.FollowerInfo (FollowerInfo.java:lambda$new$0(51)) - 1d13c680-5537-46cb-94e2-eb83f4d4b3d3@group-FB92401AD5CF->b1e61060-76d7-4fe3-930c-321a9145abdb: nextIndex: updateUnconditionally 5 -> 4
2019-10-13 20:15:39,855 [grpc-default-executor-1] WARN  server.GrpcLogAppender (LogUtils.java:warn(134)) - 1d13c680-5537-46cb-94e2-eb83f4d4b3d3@group-FB92401AD5CF->b1e61060-76d7-4fe3-930c-321a9145abdb-AppendLogResponseHandler: Failed appendEntries: org.apache.ratis.thirdparty.io.grpc.StatusRuntimeException: UNAVAILABLE: io exception
2019-10-13 20:15:39,857 [grpc-default-executor-1] INFO  impl.FollowerInfo (FollowerInfo.java:lambda$new$0(51)) - 1d13c680-5537-46cb-94e2-eb83f4d4b3d3@group-FB92401AD5CF->b1e61060-76d7-4fe3-930c-321a9145abdb: nextIndex: updateUnconditionally 5 -> 4
2019-10-13 20:15:42,355 [grpc-default-executor-3] WARN  server.GrpcLogAppender (LogUtils.java:warn(134)) - 1d13c680-5537-46cb-94e2-eb83f4d4b3d3@group-FB92401AD5CF->b1e61060-76d7-4fe3-930c-321a9145abdb-AppendLogResponseHandler: Failed appendEntries: org.apache.ratis.thirdparty.io.grpc.StatusRuntimeException: UNAVAILABLE: io exception
2019-10-13 20:15:42,357 [grpc-default-executor-3] INFO  impl.FollowerInfo (FollowerInfo.java:lambda$new$0(51)) - 1d13c680-5537-46cb-94e2-eb83f4d4b3d3@group-FB92401AD5CF->b1e61060-76d7-4fe3-930c-321a9145abdb: nextIndex: updateUnconditionally 4 -> 3
2019-10-13 20:15:44,861 [grpc-default-executor-1] WARN  server.GrpcLogAppender (LogUtils.java:warn(134)) - 1d13c680-5537-46cb-94e2-eb83f4d4b3d3@group-FB92401AD5CF->b1e61060-76d7-4fe3-930c-321a9145abdb-AppendLogResponseHandler: Failed appendEntries: org.apache.ratis.thirdparty.io.grpc.StatusRuntimeException: UNAVAILABLE: io exception
2019-10-13 20:15:44,863 [grpc-default-executor-1] INFO  impl.FollowerInfo (FollowerInfo.java:lambda$new$0(51)) - 1d13c680-5537-46cb-94e2-eb83f4d4b3d3@group-FB92401AD5CF->b1e61060-76d7-4fe3-930c-321a9145abdb: nextIndex: updateUnconditionally 3 -> 2
2019-10-13 20:15:47,360 [grpc-default-executor-0] WARN  server.GrpcLogAppender (LogUtils.java:warn(134)) - 1d13c680-5537-46cb-94e2-eb83f4d4b3d3@group-FB92401AD5CF->b1e61060-76d7-4fe3-930c-321a9145abdb-AppendLogResponseHandler: Failed appendEntries: org.apache.ratis.thirdparty.io.grpc.StatusRuntimeException: UNAVAILABLE: io exception
2019-10-13 20:15:47,362 [grpc-default-executor-0] INFO  impl.FollowerInfo (FollowerInfo.java:lambda$new$0(51)) - 1d13c680-5537-46cb-94e2-eb83f4d4b3d3@group-FB92401AD5CF->b1e61060-76d7-4fe3-930c-321a9145abdb: nextIndex: updateUnconditionally 2 -> 1
2019-10-13 20:15:49,864 [grpc-default-executor-1] WARN  server.GrpcLogAppender (LogUtils.java:warn(134)) - 1d13c680-5537-46cb-94e2-eb83f4d4b3d3@group-FB92401AD5CF->b1e61060-76d7-4fe3-930c-321a9145abdb-AppendLogResponseHandler: Failed appendEntries: org.apache.ratis.thirdparty.io.grpc.StatusRuntimeException: UNAVAILABLE: io exception
2019-10-13 20:15:49,866 [grpc-default-executor-1] INFO  impl.FollowerInfo (FollowerInfo.java:lambda$new$0(51)) - 1d13c680-5537-46cb-94e2-eb83f4d4b3d3@group-FB92401AD5CF->b1e61060-76d7-4fe3-930c-321a9145abdb: nextIndex: updateUnconditionally 1 -> 0
2019-10-13 20:15:50,061 [Thread-293] INFO  client.GrpcClientProtocolService (GrpcClientProtocolService.java:lambda$processClientRequest$0(278)) - Failed RaftClientRequest:client-8C69C1D6A99A->1d13c680-5537-46cb-94e2-eb83f4d4b3d3@group-FB92401AD5CF, cid=10, seq=0, Watch-ALL_COMMITTED(6), Message:<EMPTY>, reply=RaftClientReply:client-8C69C1D6A99A->1d13c680-5537-46cb-94e2-eb83f4d4b3d3@group-FB92401AD5CF, cid=10, FAILED org.apache.ratis.protocol.NotReplicatedException: Request with call Id 10 and log index 6 is not yet replicated to ALL_COMMITTED, logIndex=6, commits[1d13c680-5537-46cb-94e2-eb83f4d4b3d3:c8, b1e61060-76d7-4fe3-930c-321a9145abdb:c4, d7b6d0b0-5bea-41cc-bfbb-05e0db699ec7:c8]
2019-10-13 20:15:52,366 [grpc-default-executor-2] WARN  server.GrpcLogAppender (LogUtils.java:warn(134)) - 1d13c680-5537-46cb-94e2-eb83f4d4b3d3@group-FB92401AD5CF->b1e61060-76d7-4fe3-930c-321a9145abdb-AppendLogResponseHandler: Failed appendEntries: org.apache.ratis.thirdparty.io.grpc.StatusRuntimeException: UNAVAILABLE: io exception
2019-10-13 20:15:52,367 [grpc-default-executor-2] INFO  impl.FollowerInfo (FollowerInfo.java:lambda$new$0(51)) - 1d13c680-5537-46cb-94e2-eb83f4d4b3d3@group-FB92401AD5CF->b1e61060-76d7-4fe3-930c-321a9145abdb: nextIndex: updateUnconditionally 0 -> 0
2019-10-13 20:15:54,868 [grpc-default-executor-1] WARN  server.GrpcLogAppender (LogUtils.java:warn(134)) - 1d13c680-5537-46cb-94e2-eb83f4d4b3d3@group-FB92401AD5CF->b1e61060-76d7-4fe3-930c-321a9145abdb-AppendLogResponseHandler: Failed appendEntries: org.apache.ratis.thirdparty.io.grpc.StatusRuntimeException: UNAVAILABLE: io exception
2019-10-13 20:15:54,870 [grpc-default-executor-1] INFO  impl.FollowerInfo (FollowerInfo.java:lambda$new$0(51)) - 1d13c680-5537-46cb-94e2-eb83f4d4b3d3@group-FB92401AD5CF->b1e61060-76d7-4fe3-930c-321a9145abdb: nextIndex: updateUnconditionally 0 -> 0
2019-10-13 20:15:57,378 [grpc-default-executor-0] WARN  server.GrpcLogAppender (LogUtils.java:warn(134)) - 1d13c680-5537-46cb-94e2-eb83f4d4b3d3@group-FB92401AD5CF->b1e61060-76d7-4fe3-930c-321a9145abdb-AppendLogResponseHandler: Failed appendEntries: org.apache.ratis.thirdparty.io.grpc.StatusRuntimeException: UNAVAILABLE: io exception
2019-10-13 20:15:57,380 [grpc-default-executor-0] INFO  impl.FollowerInfo (FollowerInfo.java:lambda$new$0(51)) - 1d13c680-5537-46cb-94e2-eb83f4d4b3d3@group-FB92401AD5CF->b1e61060-76d7-4fe3-930c-321a9145abdb: nextIndex: updateUnconditionally 0 -> 0
2019-10-13 20:15:59,884 [grpc-default-executor-0] WARN  server.GrpcLogAppender (LogUtils.java:warn(134)) - 1d13c680-5537-46cb-94e2-eb83f4d4b3d3@group-FB92401AD5CF->b1e61060-76d7-4fe3-930c-321a9145abdb-AppendLogResponseHandler: Failed appendEntries: org.apache.ratis.thirdparty.io.grpc.StatusRuntimeException: UNAVAILABLE: io exception
2019-10-13 20:15:59,888 [grpc-default-executor-0] INFO  impl.FollowerInfo (FollowerInfo.java:lambda$new$0(51)) - 1d13c680-5537-46cb-94e2-eb83f4d4b3d3@group-FB92401AD5CF->b1e61060-76d7-4fe3-930c-321a9145abdb: nextIndex: updateUnconditionally 0 -> 0
2019-10-13 20:15:59,916 [Thread-302] INFO  client.GrpcClientProtocolService (GrpcClientProtocolService.java:lambda$processClientRequest$0(278)) - Failed RaftClientRequest:client-8C69C1D6A99A->d7b6d0b0-5bea-41cc-bfbb-05e0db699ec7@group-FB92401AD5CF, cid=10, seq=0, Watch-ALL_COMMITTED(6), Message:<EMPTY>, reply=RaftClientReply:client-8C69C1D6A99A->d7b6d0b0-5bea-41cc-bfbb-05e0db699ec7@group-FB92401AD5CF, cid=10, FAILED org.apache.ratis.protocol.NotLeaderException: Server d7b6d0b0-5bea-41cc-bfbb-05e0db699ec7@group-FB92401AD5CF is not the leader 1d13c680-5537-46cb-94e2-eb83f4d4b3d3:192.168.151.93:46245, logIndex=0, commits[d7b6d0b0-5bea-41cc-bfbb-05e0db699ec7:c8, b1e61060-76d7-4fe3-930c-321a9145abdb:c4, 1d13c680-5537-46cb-94e2-eb83f4d4b3d3:c8]
2019-10-13 20:16:00,057 [Thread-305] INFO  client.GrpcClientProtocolService (GrpcClientProtocolService.java:lambda$processClientRequest$0(278)) - Failed RaftClientRequest:client-8C69C1D6A99A->1d13c680-5537-46cb-94e2-eb83f4d4b3d3@group-FB92401AD5CF, cid=10, seq=0, Watch-ALL_COMMITTED(6), Message:<EMPTY>, reply=RaftClientReply:client-8C69C1D6A99A->1d13c680-5537-46cb-94e2-eb83f4d4b3d3@group-FB92401AD5CF, cid=10, FAILED org.apache.ratis.protocol.NotReplicatedException: Request with call Id 10 and log index 6 is not yet replicated to ALL_COMMITTED, logIndex=6, commits[1d13c680-5537-46cb-94e2-eb83f4d4b3d3:c8, b1e61060-76d7-4fe3-930c-321a9145abdb:c4, d7b6d0b0-5bea-41cc-bfbb-05e0db699ec7:c8]
2019-10-13 20:16:02,390 [grpc-default-executor-2] WARN  server.GrpcLogAppender (LogUtils.java:warn(134)) - 1d13c680-5537-46cb-94e2-eb83f4d4b3d3@group-FB92401AD5CF->b1e61060-76d7-4fe3-930c-321a9145abdb-AppendLogResponseHandler: Failed appendEntries: org.apache.ratis.thirdparty.io.grpc.StatusRuntimeException: UNAVAILABLE: io exception
2019-10-13 20:16:02,397 [grpc-default-executor-2] INFO  impl.FollowerInfo (FollowerInfo.java:lambda$new$0(51)) - 1d13c680-5537-46cb-94e2-eb83f4d4b3d3@group-FB92401AD5CF->b1e61060-76d7-4fe3-930c-321a9145abdb: nextIndex: updateUnconditionally 0 -> 0
2019-10-13 20:16:04,891 [grpc-default-executor-2] WARN  server.GrpcLogAppender (LogUtils.java:warn(134)) - 1d13c680-5537-46cb-94e2-eb83f4d4b3d3@group-FB92401AD5CF->b1e61060-76d7-4fe3-930c-321a9145abdb-AppendLogResponseHandler: Failed appendEntries: org.apache.ratis.thirdparty.io.grpc.StatusRuntimeException: UNAVAILABLE: io exception
2019-10-13 20:16:04,893 [grpc-default-executor-2] INFO  impl.FollowerInfo (FollowerInfo.java:lambda$new$0(51)) - 1d13c680-5537-46cb-94e2-eb83f4d4b3d3@group-FB92401AD5CF->b1e61060-76d7-4fe3-930c-321a9145abdb: nextIndex: updateUnconditionally 0 -> 0
2019-10-13 20:16:07,394 [grpc-default-executor-1] WARN  server.GrpcLogAppender (LogUtils.java:warn(134)) - 1d13c680-5537-46cb-94e2-eb83f4d4b3d3@group-FB92401AD5CF->b1e61060-76d7-4fe3-930c-321a9145abdb-AppendLogResponseHandler: Failed appendEntries: org.apache.ratis.thirdparty.io.grpc.StatusRuntimeException: UNAVAILABLE: io exception
2019-10-13 20:16:07,396 [grpc-default-executor-1] INFO  impl.FollowerInfo (FollowerInfo.java:lambda$new$0(51)) - 1d13c680-5537-46cb-94e2-eb83f4d4b3d3@group-FB92401AD5CF->b1e61060-76d7-4fe3-930c-321a9145abdb: nextIndex: updateUnconditionally 0 -> 0
2019-10-13 20:16:09,863 [main] WARN  scm.XceiverClientRatis (XceiverClientRatis.java:watchForCommit(277)) - 3 way commit failed on pipeline Pipeline[ Id: d3b06565-bf46-4447-bfd8-fb92401ad5cf, Nodes: d7b6d0b0-5bea-41cc-bfbb-05e0db699ec7{ip: 192.168.151.93, host: pr-hdds-2240-9psb4-3492037919, networkLocation: /default-rack, certSerialId: null}1d13c680-5537-46cb-94e2-eb83f4d4b3d3{ip: 192.168.151.93, host: pr-hdds-2240-9psb4-3492037919, networkLocation: /default-rack, certSerialId: null}b1e61060-76d7-4fe3-930c-321a9145abdb{ip: 192.168.151.93, host: pr-hdds-2240-9psb4-3492037919, networkLocation: /default-rack, certSerialId: null}, Type:RATIS, Factor:THREE, State:OPEN]
java.util.concurrent.TimeoutException
	at java.util.concurrent.CompletableFuture.timedGet(CompletableFuture.java:1771)
	at java.util.concurrent.CompletableFuture.get(CompletableFuture.java:1915)
	at org.apache.hadoop.hdds.scm.XceiverClientRatis.watchForCommit(XceiverClientRatis.java:274)
	at org.apache.hadoop.hdds.scm.storage.CommitWatcher.watchForCommit(CommitWatcher.java:198)
	at org.apache.hadoop.hdds.scm.storage.CommitWatcher.watchOnLastIndex(CommitWatcher.java:161)
	at org.apache.hadoop.hdds.scm.storage.BlockOutputStream.watchForCommit(BlockOutputStream.java:346)
	at org.apache.hadoop.hdds.scm.storage.BlockOutputStream.handleFlush(BlockOutputStream.java:482)
	at org.apache.hadoop.hdds.scm.storage.BlockOutputStream.close(BlockOutputStream.java:496)
	at org.apache.hadoop.ozone.client.io.BlockOutputStreamEntry.close(BlockOutputStreamEntry.java:143)
	at org.apache.hadoop.ozone.client.io.KeyOutputStream.handleFlushOrClose(KeyOutputStream.java:435)
	at org.apache.hadoop.ozone.client.io.KeyOutputStream.close(KeyOutputStream.java:473)
	at org.apache.hadoop.ozone.client.io.OzoneOutputStream.close(OzoneOutputStream.java:60)
	at org.apache.hadoop.ozone.client.rpc.TestDeleteWithSlowFollower.testDeleteKeyWithSlowFollower(TestDeleteWithSlowFollower.java:193)
	at sun.reflect.NativeMethodAccessorImpl.invoke0(Native Method)
	at sun.reflect.NativeMethodAccessorImpl.invoke(NativeMethodAccessorImpl.java:62)
	at sun.reflect.DelegatingMethodAccessorImpl.invoke(DelegatingMethodAccessorImpl.java:43)
	at java.lang.reflect.Method.invoke(Method.java:498)
	at org.junit.runners.model.FrameworkMethod$1.runReflectiveCall(FrameworkMethod.java:47)
	at org.junit.internal.runners.model.ReflectiveCallable.run(ReflectiveCallable.java:12)
	at org.junit.runners.model.FrameworkMethod.invokeExplosively(FrameworkMethod.java:44)
	at org.junit.internal.runners.statements.InvokeMethod.evaluate(InvokeMethod.java:17)
	at org.junit.runners.ParentRunner.runLeaf(ParentRunner.java:271)
	at org.junit.runners.BlockJUnit4ClassRunner.runChild(BlockJUnit4ClassRunner.java:70)
	at org.junit.runners.BlockJUnit4ClassRunner.runChild(BlockJUnit4ClassRunner.java:50)
	at org.junit.runners.ParentRunner$3.run(ParentRunner.java:238)
	at org.junit.runners.ParentRunner$1.schedule(ParentRunner.java:63)
	at org.junit.runners.ParentRunner.runChildren(ParentRunner.java:236)
	at org.junit.runners.ParentRunner.access$000(ParentRunner.java:53)
	at org.junit.runners.ParentRunner$2.evaluate(ParentRunner.java:229)
	at org.junit.internal.runners.statements.RunBefores.evaluate(RunBefores.java:26)
	at org.junit.internal.runners.statements.RunAfters.evaluate(RunAfters.java:27)
	at org.junit.runners.ParentRunner.run(ParentRunner.java:309)
	at org.apache.maven.surefire.junit4.JUnit4Provider.execute(JUnit4Provider.java:365)
	at org.apache.maven.surefire.junit4.JUnit4Provider.executeWithRerun(JUnit4Provider.java:273)
	at org.apache.maven.surefire.junit4.JUnit4Provider.executeTestSet(JUnit4Provider.java:238)
	at org.apache.maven.surefire.junit4.JUnit4Provider.invoke(JUnit4Provider.java:159)
	at org.apache.maven.surefire.booter.ForkedBooter.invokeProviderInSameClassLoader(ForkedBooter.java:384)
	at org.apache.maven.surefire.booter.ForkedBooter.runSuitesInProcess(ForkedBooter.java:345)
	at org.apache.maven.surefire.booter.ForkedBooter.execute(ForkedBooter.java:126)
	at org.apache.maven.surefire.booter.ForkedBooter.main(ForkedBooter.java:418)
2019-10-13 20:16:09,873 [Thread-313] INFO  client.GrpcClientProtocolService (GrpcClientProtocolService.java:lambda$processClientRequest$0(278)) - Failed RaftClientRequest:client-8C69C1D6A99A->d7b6d0b0-5bea-41cc-bfbb-05e0db699ec7@group-FB92401AD5CF, cid=11, seq=0, Watch-MAJORITY_COMMITTED(6), Message:<EMPTY>, reply=RaftClientReply:client-8C69C1D6A99A->d7b6d0b0-5bea-41cc-bfbb-05e0db699ec7@group-FB92401AD5CF, cid=11, FAILED org.apache.ratis.protocol.NotLeaderException: Server d7b6d0b0-5bea-41cc-bfbb-05e0db699ec7@group-FB92401AD5CF is not the leader 1d13c680-5537-46cb-94e2-eb83f4d4b3d3:192.168.151.93:46245, logIndex=0, commits[d7b6d0b0-5bea-41cc-bfbb-05e0db699ec7:c8, b1e61060-76d7-4fe3-930c-321a9145abdb:c4, 1d13c680-5537-46cb-94e2-eb83f4d4b3d3:c8]
2019-10-13 20:16:09,896 [grpc-default-executor-2] WARN  server.GrpcLogAppender (LogUtils.java:warn(134)) - 1d13c680-5537-46cb-94e2-eb83f4d4b3d3@group-FB92401AD5CF->b1e61060-76d7-4fe3-930c-321a9145abdb-AppendLogResponseHandler: Failed appendEntries: org.apache.ratis.thirdparty.io.grpc.StatusRuntimeException: UNAVAILABLE: io exception
2019-10-13 20:16:09,899 [grpc-default-executor-2] INFO  impl.FollowerInfo (FollowerInfo.java:lambda$new$0(51)) - 1d13c680-5537-46cb-94e2-eb83f4d4b3d3@group-FB92401AD5CF->b1e61060-76d7-4fe3-930c-321a9145abdb: nextIndex: updateUnconditionally 0 -> 0
2019-10-13 20:16:09,900 [main] INFO  scm.XceiverClientRatis (XceiverClientRatis.java:lambda$watchForCommit$5(295)) - Could not commit index 6 on pipeline Pipeline[ Id: d3b06565-bf46-4447-bfd8-fb92401ad5cf, Nodes: d7b6d0b0-5bea-41cc-bfbb-05e0db699ec7{ip: 192.168.151.93, host: pr-hdds-2240-9psb4-3492037919, networkLocation: /default-rack, certSerialId: null}1d13c680-5537-46cb-94e2-eb83f4d4b3d3{ip: 192.168.151.93, host: pr-hdds-2240-9psb4-3492037919, networkLocation: /default-rack, certSerialId: null}b1e61060-76d7-4fe3-930c-321a9145abdb{ip: 192.168.151.93, host: pr-hdds-2240-9psb4-3492037919, networkLocation: /default-rack, certSerialId: null}, Type:RATIS, Factor:THREE, State:OPEN] to all the nodes. Server b1e61060-76d7-4fe3-930c-321a9145abdb has failed. Committed by majority.
2019-10-13 20:16:09,901 [main] WARN  storage.BlockOutputStream (BlockOutputStream.java:watchForCommit(352)) - Failed to commit BlockId conID: 1 locID: 102956907231444992 bcsId: 6 on Pipeline[ Id: d3b06565-bf46-4447-bfd8-fb92401ad5cf, Nodes: d7b6d0b0-5bea-41cc-bfbb-05e0db699ec7{ip: 192.168.151.93, host: pr-hdds-2240-9psb4-3492037919, networkLocation: /default-rack, certSerialId: null}1d13c680-5537-46cb-94e2-eb83f4d4b3d3{ip: 192.168.151.93, host: pr-hdds-2240-9psb4-3492037919, networkLocation: /default-rack, certSerialId: null}b1e61060-76d7-4fe3-930c-321a9145abdb{ip: 192.168.151.93, host: pr-hdds-2240-9psb4-3492037919, networkLocation: /default-rack, certSerialId: null}, Type:RATIS, Factor:THREE, State:OPEN]. Failed nodes: [b1e61060-76d7-4fe3-930c-321a9145abdb{ip: null, host: null, networkLocation: /default-rack, certSerialId: null}]
2019-10-13 20:16:09,974 [grpc-default-executor-3] WARN  server.GrpcLogAppender (LogUtils.java:warn(134)) - 1d13c680-5537-46cb-94e2-eb83f4d4b3d3@group-FB92401AD5CF->b1e61060-76d7-4fe3-930c-321a9145abdb-AppendLogResponseHandler: Failed appendEntries: org.apache.ratis.thirdparty.io.grpc.StatusRuntimeException: UNAVAILABLE: io exception
2019-10-13 20:16:09,977 [grpc-default-executor-3] INFO  impl.FollowerInfo (FollowerInfo.java:lambda$new$0(51)) - 1d13c680-5537-46cb-94e2-eb83f4d4b3d3@group-FB92401AD5CF->b1e61060-76d7-4fe3-930c-321a9145abdb: nextIndex: updateUnconditionally 1 -> 0
2019-10-13 20:16:09,999 [grpc-default-executor-1] WARN  server.GrpcLogAppender (LogUtils.java:warn(134)) - 1d13c680-5537-46cb-94e2-eb83f4d4b3d3@group-FB92401AD5CF->b1e61060-76d7-4fe3-930c-321a9145abdb-AppendLogResponseHandler: Failed appendEntries: org.apache.ratis.thirdparty.io.grpc.StatusRuntimeException: UNAVAILABLE: io exception
2019-10-13 20:16:10,001 [grpc-default-executor-1] INFO  impl.FollowerInfo (FollowerInfo.java:lambda$new$0(51)) - 1d13c680-5537-46cb-94e2-eb83f4d4b3d3@group-FB92401AD5CF->b1e61060-76d7-4fe3-930c-321a9145abdb: nextIndex: updateUnconditionally 1 -> 0
2019-10-13 20:16:10,002 [EventQueue-IncrementalContainerReportForIncrementalContainerReportHandler] WARN  container.IncrementalContainerReportHandler (AbstractContainerReportHandler.java:updateContainerState(145)) - Container #1 is in OPEN state, but the datanode 1d13c680-5537-46cb-94e2-eb83f4d4b3d3{ip: 192.168.151.93, host: pr-hdds-2240-9psb4-3492037919, networkLocation: /default-rack, certSerialId: null} reports an CLOSING replica.
2019-10-13 20:16:10,004 [grpc-default-executor-0] WARN  server.GrpcLogAppender (LogUtils.java:warn(134)) - 1d13c680-5537-46cb-94e2-eb83f4d4b3d3@group-FB92401AD5CF->b1e61060-76d7-4fe3-930c-321a9145abdb-AppendLogResponseHandler: Failed appendEntries: org.apache.ratis.thirdparty.io.grpc.StatusRuntimeException: UNAVAILABLE: io exception
2019-10-13 20:16:10,005 [grpc-default-executor-0] INFO  impl.FollowerInfo (FollowerInfo.java:lambda$new$0(51)) - 1d13c680-5537-46cb-94e2-eb83f4d4b3d3@group-FB92401AD5CF->b1e61060-76d7-4fe3-930c-321a9145abdb: nextIndex: updateUnconditionally 1 -> 0
2019-10-13 20:16:10,014 [RatisApplyTransactionExecutor 1] INFO  interfaces.Container (KeyValueContainer.java:flushAndSyncDB(386)) - Container 1 is synced with bcsId 6.
2019-10-13 20:16:10,015 [RatisApplyTransactionExecutor 1] INFO  interfaces.Container (KeyValueContainer.java:flushAndSyncDB(386)) - Container 1 is synced with bcsId 6.
2019-10-13 20:16:10,027 [RatisApplyTransactionExecutor 1] INFO  interfaces.Container (KeyValueContainer.java:close(335)) - Container 1 is closed with bcsId 6.
2019-10-13 20:16:10,031 [EventQueue-IncrementalContainerReportForIncrementalContainerReportHandler] WARN  container.IncrementalContainerReportHandler (AbstractContainerReportHandler.java:updateContainerState(145)) - Container #1 is in OPEN state, but the datanode 1d13c680-5537-46cb-94e2-eb83f4d4b3d3{ip: 192.168.151.93, host: pr-hdds-2240-9psb4-3492037919, networkLocation: /default-rack, certSerialId: null} reports an CLOSED replica.
2019-10-13 20:16:10,031 [EventQueue-IncrementalContainerReportForIncrementalContainerReportHandler] WARN  container.IncrementalContainerReportHandler (AbstractContainerReportHandler.java:updateContainerState(145)) - Container #1 is in OPEN state, but the datanode d7b6d0b0-5bea-41cc-bfbb-05e0db699ec7{ip: 192.168.151.93, host: pr-hdds-2240-9psb4-3492037919, networkLocation: /default-rack, certSerialId: null} reports an CLOSING replica.
2019-10-13 20:16:10,039 [RatisApplyTransactionExecutor 1] INFO  interfaces.Container (KeyValueContainer.java:flushAndSyncDB(386)) - Container 1 is synced with bcsId 6.
2019-10-13 20:16:10,040 [RatisApplyTransactionExecutor 1] INFO  interfaces.Container (KeyValueContainer.java:flushAndSyncDB(386)) - Container 1 is synced with bcsId 6.
2019-10-13 20:16:10,055 [RatisApplyTransactionExecutor 1] INFO  interfaces.Container (KeyValueContainer.java:close(335)) - Container 1 is closed with bcsId 6.
2019-10-13 20:16:10,056 [Thread-327] INFO  client.GrpcClientProtocolService (GrpcClientProtocolService.java:lambda$processClientRequest$0(278)) - Failed RaftClientRequest:client-8C69C1D6A99A->1d13c680-5537-46cb-94e2-eb83f4d4b3d3@group-FB92401AD5CF, cid=10, seq=0, Watch-ALL_COMMITTED(6), Message:<EMPTY>, reply=RaftClientReply:client-8C69C1D6A99A->1d13c680-5537-46cb-94e2-eb83f4d4b3d3@group-FB92401AD5CF, cid=10, FAILED org.apache.ratis.protocol.NotReplicatedException: Request with call Id 10 and log index 6 is not yet replicated to ALL_COMMITTED, logIndex=6, commits[1d13c680-5537-46cb-94e2-eb83f4d4b3d3:c10, b1e61060-76d7-4fe3-930c-321a9145abdb:c4, d7b6d0b0-5bea-41cc-bfbb-05e0db699ec7:c9]
2019-10-13 20:16:10,058 [EventQueue-IncrementalContainerReportForIncrementalContainerReportHandler] WARN  container.IncrementalContainerReportHandler (AbstractContainerReportHandler.java:updateContainerState(145)) - Container #1 is in OPEN state, but the datanode d7b6d0b0-5bea-41cc-bfbb-05e0db699ec7{ip: 192.168.151.93, host: pr-hdds-2240-9psb4-3492037919, networkLocation: /default-rack, certSerialId: null} reports an CLOSED replica.
2019-10-13 20:16:10,153 [BlockDeletingService#2] WARN  background.BlockDeletingService (BlockDeletingService.java:isDeletionAllowed(187)) - Close Container log Index 6 is not replicated across allthe servers in the pipeline d3b06565-bf46-4447-bfd8-fb92401ad5cf as the min replicated index is 4. Deletion is not allowed in this container yet.
2019-10-13 20:16:10,156 [BlockDeletingService#2] WARN  background.BlockDeletingService (BlockDeletingService.java:isDeletionAllowed(187)) - Close Container log Index 6 is not replicated across allthe servers in the pipeline d3b06565-bf46-4447-bfd8-fb92401ad5cf as the min replicated index is 4. Deletion is not allowed in this container yet.
2019-10-13 20:16:10,256 [EventQueue-ContainerReportForContainerReportHandler] WARN  container.ContainerReportHandler (AbstractContainerReportHandler.java:updateContainerState(145)) - Container #1 is in OPEN state, but the datanode d7b6d0b0-5bea-41cc-bfbb-05e0db699ec7{ip: 192.168.151.93, host: pr-hdds-2240-9psb4-3492037919, networkLocation: /default-rack, certSerialId: null} reports an CLOSED replica.
2019-10-13 20:16:10,329 [EventQueue-ContainerReportForContainerReportHandler] WARN  container.ContainerReportHandler (AbstractContainerReportHandler.java:updateContainerState(145)) - Container #1 is in OPEN state, but the datanode 1d13c680-5537-46cb-94e2-eb83f4d4b3d3{ip: 192.168.151.93, host: pr-hdds-2240-9psb4-3492037919, networkLocation: /default-rack, certSerialId: null} reports an CLOSED replica.
2019-10-13 20:16:10,557 [EventQueue-ContainerReportForContainerReportHandler] WARN  container.ContainerReportHandler (AbstractContainerReportHandler.java:updateContainerState(145)) - Container #1 is in OPEN state, but the datanode d7b6d0b0-5bea-41cc-bfbb-05e0db699ec7{ip: 192.168.151.93, host: pr-hdds-2240-9psb4-3492037919, networkLocation: /default-rack, certSerialId: null} reports an CLOSED replica.
2019-10-13 20:16:10,629 [EventQueue-ContainerReportForContainerReportHandler] WARN  container.ContainerReportHandler (AbstractContainerReportHandler.java:updateContainerState(145)) - Container #1 is in OPEN state, but the datanode 1d13c680-5537-46cb-94e2-eb83f4d4b3d3{ip: 192.168.151.93, host: pr-hdds-2240-9psb4-3492037919, networkLocation: /default-rack, certSerialId: null} reports an CLOSED replica.
2019-10-13 20:16:10,829 [EventQueue-ContainerReportForContainerReportHandler] WARN  container.ContainerReportHandler (AbstractContainerReportHandler.java:updateContainerState(145)) - Container #1 is in OPEN state, but the datanode 1d13c680-5537-46cb-94e2-eb83f4d4b3d3{ip: 192.168.151.93, host: pr-hdds-2240-9psb4-3492037919, networkLocation: /default-rack, certSerialId: null} reports an CLOSED replica.
2019-10-13 20:16:10,937 [IPC Server handler 0 on 38060] INFO  server.SCMBlockProtocolServer (SCMBlockProtocolServer.java:deleteKeyBlocks(212)) - SCM is informed by OM to delete 1 blocks
2019-10-13 20:16:10,938 [IPC Server handler 0 on 38060] INFO  block.BlockManagerImpl (BlockManagerImpl.java:deleteBlocks(273)) - Deleting blocks conID: 1 locID: 102956907231444992 bcsId: 0
2019-10-13 20:16:10,957 [EventQueue-ContainerReportForContainerReportHandler] WARN  container.ContainerReportHandler (AbstractContainerReportHandler.java:updateContainerState(145)) - Container #1 is in OPEN state, but the datanode d7b6d0b0-5bea-41cc-bfbb-05e0db699ec7{ip: 192.168.151.93, host: pr-hdds-2240-9psb4-3492037919, networkLocation: /default-rack, certSerialId: null} reports an CLOSED replica.
2019-10-13 20:16:11,155 [BlockDeletingService#2] WARN  background.BlockDeletingService (BlockDeletingService.java:isDeletionAllowed(187)) - Close Container log Index 6 is not replicated across allthe servers in the pipeline d3b06565-bf46-4447-bfd8-fb92401ad5cf as the min replicated index is 4. Deletion is not allowed in this container yet.
2019-10-13 20:16:11,157 [BlockDeletingService#2] WARN  background.BlockDeletingService (BlockDeletingService.java:isDeletionAllowed(187)) - Close Container log Index 6 is not replicated across allthe servers in the pipeline d3b06565-bf46-4447-bfd8-fb92401ad5cf as the min replicated index is 4. Deletion is not allowed in this container yet.
2019-10-13 20:16:11,229 [EventQueue-ContainerReportForContainerReportHandler] WARN  container.ContainerReportHandler (AbstractContainerReportHandler.java:updateContainerState(145)) - Container #1 is in OPEN state, but the datanode 1d13c680-5537-46cb-94e2-eb83f4d4b3d3{ip: 192.168.151.93, host: pr-hdds-2240-9psb4-3492037919, networkLocation: /default-rack, certSerialId: null} reports an CLOSED replica.
2019-10-13 20:16:11,257 [EventQueue-ContainerReportForContainerReportHandler] WARN  container.ContainerReportHandler (AbstractContainerReportHandler.java:updateContainerState(145)) - Container #1 is in OPEN state, but the datanode d7b6d0b0-5bea-41cc-bfbb-05e0db699ec7{ip: 192.168.151.93, host: pr-hdds-2240-9psb4-3492037919, networkLocation: /default-rack, certSerialId: null} reports an CLOSED replica.
2019-10-13 20:16:11,457 [EventQueue-ContainerReportForContainerReportHandler] WARN  container.ContainerReportHandler (AbstractContainerReportHandler.java:updateContainerState(145)) - Container #1 is in OPEN state, but the datanode d7b6d0b0-5bea-41cc-bfbb-05e0db699ec7{ip: 192.168.151.93, host: pr-hdds-2240-9psb4-3492037919, networkLocation: /default-rack, certSerialId: null} reports an CLOSED replica.
2019-10-13 20:16:11,530 [EventQueue-ContainerReportForContainerReportHandler] WARN  container.ContainerReportHandler (AbstractContainerReportHandler.java:updateContainerState(145)) - Container #1 is in OPEN state, but the datanode 1d13c680-5537-46cb-94e2-eb83f4d4b3d3{ip: 192.168.151.93, host: pr-hdds-2240-9psb4-3492037919, networkLocation: /default-rack, certSerialId: null} reports an CLOSED replica.
2019-10-13 20:16:11,657 [EventQueue-ContainerReportForContainerReportHandler] WARN  container.ContainerReportHandler (AbstractContainerReportHandler.java:updateContainerState(145)) - Container #1 is in OPEN state, but the datanode d7b6d0b0-5bea-41cc-bfbb-05e0db699ec7{ip: 192.168.151.93, host: pr-hdds-2240-9psb4-3492037919, networkLocation: /default-rack, certSerialId: null} reports an CLOSED replica.
2019-10-13 20:16:11,830 [EventQueue-ContainerReportForContainerReportHandler] WARN  container.ContainerReportHandler (AbstractContainerReportHandler.java:updateContainerState(145)) - Container #1 is in OPEN state, but the datanode 1d13c680-5537-46cb-94e2-eb83f4d4b3d3{ip: 192.168.151.93, host: pr-hdds-2240-9psb4-3492037919, networkLocation: /default-rack, certSerialId: null} reports an CLOSED replica.
2019-10-13 20:16:11,857 [EventQueue-ContainerReportForContainerReportHandler] WARN  container.ContainerReportHandler (AbstractContainerReportHandler.java:updateContainerState(145)) - Container #1 is in OPEN state, but the datanode d7b6d0b0-5bea-41cc-bfbb-05e0db699ec7{ip: 192.168.151.93, host: pr-hdds-2240-9psb4-3492037919, networkLocation: /default-rack, certSerialId: null} reports an CLOSED replica.
2019-10-13 20:16:12,156 [BlockDeletingService#2] WARN  background.BlockDeletingService (BlockDeletingService.java:isDeletionAllowed(187)) - Close Container log Index 6 is not replicated across allthe servers in the pipeline d3b06565-bf46-4447-bfd8-fb92401ad5cf as the min replicated index is 4. Deletion is not allowed in this container yet.
2019-10-13 20:16:12,158 [BlockDeletingService#2] WARN  background.BlockDeletingService (BlockDeletingService.java:isDeletionAllowed(187)) - Close Container log Index 6 is not replicated across allthe servers in the pipeline d3b06565-bf46-4447-bfd8-fb92401ad5cf as the min replicated index is 4. Deletion is not allowed in this container yet.
2019-10-13 20:16:12,230 [EventQueue-ContainerReportForContainerReportHandler] WARN  container.ContainerReportHandler (AbstractContainerReportHandler.java:updateContainerState(145)) - Container #1 is in OPEN state, but the datanode 1d13c680-5537-46cb-94e2-eb83f4d4b3d3{ip: 192.168.151.93, host: pr-hdds-2240-9psb4-3492037919, networkLocation: /default-rack, certSerialId: null} reports an CLOSED replica.
2019-10-13 20:16:12,263 [EventQueue-ContainerReportForContainerReportHandler] WARN  container.ContainerReportHandler (AbstractContainerReportHandler.java:updateContainerState(145)) - Container #1 is in OPEN state, but the datanode d7b6d0b0-5bea-41cc-bfbb-05e0db699ec7{ip: 192.168.151.93, host: pr-hdds-2240-9psb4-3492037919, networkLocation: /default-rack, certSerialId: null} reports an CLOSED replica.
2019-10-13 20:16:12,507 [grpc-default-executor-3] WARN  server.GrpcLogAppender (LogUtils.java:warn(134)) - 1d13c680-5537-46cb-94e2-eb83f4d4b3d3@group-FB92401AD5CF->b1e61060-76d7-4fe3-930c-321a9145abdb-AppendLogResponseHandler: Failed appendEntries: org.apache.ratis.thirdparty.io.grpc.StatusRuntimeException: UNAVAILABLE: io exception
2019-10-13 20:16:12,508 [grpc-default-executor-3] INFO  impl.FollowerInfo (FollowerInfo.java:lambda$new$0(51)) - 1d13c680-5537-46cb-94e2-eb83f4d4b3d3@group-FB92401AD5CF->b1e61060-76d7-4fe3-930c-321a9145abdb: nextIndex: updateUnconditionally 0 -> 0
2019-10-13 20:16:12,531 [EventQueue-ContainerReportForContainerReportHandler] WARN  container.ContainerReportHandler (AbstractContainerReportHandler.java:updateContainerState(145)) - Container #1 is in OPEN state, but the datanode 1d13c680-5537-46cb-94e2-eb83f4d4b3d3{ip: 192.168.151.93, host: pr-hdds-2240-9psb4-3492037919, networkLocation: /default-rack, certSerialId: null} reports an CLOSED replica.
2019-10-13 20:16:12,664 [EventQueue-ContainerReportForContainerReportHandler] WARN  container.ContainerReportHandler (AbstractContainerReportHandler.java:updateContainerState(145)) - Container #1 is in OPEN state, but the datanode d7b6d0b0-5bea-41cc-bfbb-05e0db699ec7{ip: 192.168.151.93, host: pr-hdds-2240-9psb4-3492037919, networkLocation: /default-rack, certSerialId: null} reports an CLOSED replica.
2019-10-13 20:16:12,832 [EventQueue-ContainerReportForContainerReportHandler] WARN  container.ContainerReportHandler (AbstractContainerReportHandler.java:updateContainerState(145)) - Container #1 is in OPEN state, but the datanode 1d13c680-5537-46cb-94e2-eb83f4d4b3d3{ip: 192.168.151.93, host: pr-hdds-2240-9psb4-3492037919, networkLocation: /default-rack, certSerialId: null} reports an CLOSED replica.
2019-10-13 20:16:12,964 [EventQueue-ContainerReportForContainerReportHandler] WARN  container.ContainerReportHandler (AbstractContainerReportHandler.java:updateContainerState(145)) - Container #1 is in OPEN state, but the datanode d7b6d0b0-5bea-41cc-bfbb-05e0db699ec7{ip: 192.168.151.93, host: pr-hdds-2240-9psb4-3492037919, networkLocation: /default-rack, certSerialId: null} reports an CLOSED replica.
2019-10-13 20:16:13,133 [EventQueue-ContainerReportForContainerReportHandler] WARN  container.ContainerReportHandler (AbstractContainerReportHandler.java:updateContainerState(145)) - Container #1 is in OPEN state, but the datanode 1d13c680-5537-46cb-94e2-eb83f4d4b3d3{ip: 192.168.151.93, host: pr-hdds-2240-9psb4-3492037919, networkLocation: /default-rack, certSerialId: null} reports an CLOSED replica.
2019-10-13 20:16:13,158 [BlockDeletingService#2] WARN  background.BlockDeletingService (BlockDeletingService.java:isDeletionAllowed(187)) - Close Container log Index 6 is not replicated across allthe servers in the pipeline d3b06565-bf46-4447-bfd8-fb92401ad5cf as the min replicated index is 4. Deletion is not allowed in this container yet.
2019-10-13 20:16:13,159 [BlockDeletingService#2] WARN  background.BlockDeletingService (BlockDeletingService.java:isDeletionAllowed(187)) - Close Container log Index 6 is not replicated across allthe servers in the pipeline d3b06565-bf46-4447-bfd8-fb92401ad5cf as the min replicated index is 4. Deletion is not allowed in this container yet.
2019-10-13 20:16:13,264 [EventQueue-ContainerReportForContainerReportHandler] WARN  container.ContainerReportHandler (AbstractContainerReportHandler.java:updateContainerState(145)) - Container #1 is in OPEN state, but the datanode d7b6d0b0-5bea-41cc-bfbb-05e0db699ec7{ip: 192.168.151.93, host: pr-hdds-2240-9psb4-3492037919, networkLocation: /default-rack, certSerialId: null} reports an CLOSED replica.
2019-10-13 20:16:13,532 [EventQueue-ContainerReportForContainerReportHandler] WARN  container.ContainerReportHandler (AbstractContainerReportHandler.java:updateContainerState(145)) - Container #1 is in OPEN state, but the datanode 1d13c680-5537-46cb-94e2-eb83f4d4b3d3{ip: 192.168.151.93, host: pr-hdds-2240-9psb4-3492037919, networkLocation: /default-rack, certSerialId: null} reports an CLOSED replica.
2019-10-13 20:16:13,565 [EventQueue-ContainerReportForContainerReportHandler] WARN  container.ContainerReportHandler (AbstractContainerReportHandler.java:updateContainerState(145)) - Container #1 is in OPEN state, but the datanode d7b6d0b0-5bea-41cc-bfbb-05e0db699ec7{ip: 192.168.151.93, host: pr-hdds-2240-9psb4-3492037919, networkLocation: /default-rack, certSerialId: null} reports an CLOSED replica.
2019-10-13 20:16:13,933 [EventQueue-ContainerReportForContainerReportHandler] WARN  container.ContainerReportHandler (AbstractContainerReportHandler.java:updateContainerState(145)) - Container #1 is in OPEN state, but the datanode 1d13c680-5537-46cb-94e2-eb83f4d4b3d3{ip: 192.168.151.93, host: pr-hdds-2240-9psb4-3492037919, networkLocation: /default-rack, certSerialId: null} reports an CLOSED replica.
2019-10-13 20:16:13,964 [EventQueue-ContainerReportForContainerReportHandler] WARN  container.ContainerReportHandler (AbstractContainerReportHandler.java:updateContainerState(145)) - Container #1 is in OPEN state, but the datanode d7b6d0b0-5bea-41cc-bfbb-05e0db699ec7{ip: 192.168.151.93, host: pr-hdds-2240-9psb4-3492037919, networkLocation: /default-rack, certSerialId: null} reports an CLOSED replica.
2019-10-13 20:16:14,160 [BlockDeletingService#2] WARN  background.BlockDeletingService (BlockDeletingService.java:isDeletionAllowed(187)) - Close Container log Index 6 is not replicated across allthe servers in the pipeline d3b06565-bf46-4447-bfd8-fb92401ad5cf as the min replicated index is 4. Deletion is not allowed in this container yet.
2019-10-13 20:16:14,160 [BlockDeletingService#2] WARN  background.BlockDeletingService (BlockDeletingService.java:isDeletionAllowed(187)) - Close Container log Index 6 is not replicated across allthe servers in the pipeline d3b06565-bf46-4447-bfd8-fb92401ad5cf as the min replicated index is 4. Deletion is not allowed in this container yet.
2019-10-13 20:16:14,164 [EventQueue-ContainerReportForContainerReportHandler] WARN  container.ContainerReportHandler (AbstractContainerReportHandler.java:updateContainerState(145)) - Container #1 is in OPEN state, but the datanode d7b6d0b0-5bea-41cc-bfbb-05e0db699ec7{ip: 192.168.151.93, host: pr-hdds-2240-9psb4-3492037919, networkLocation: /default-rack, certSerialId: null} reports an CLOSED replica.
2019-10-13 20:16:14,233 [EventQueue-ContainerReportForContainerReportHandler] WARN  container.ContainerReportHandler (AbstractContainerReportHandler.java:updateContainerState(145)) - Container #1 is in OPEN state, but the datanode 1d13c680-5537-46cb-94e2-eb83f4d4b3d3{ip: 192.168.151.93, host: pr-hdds-2240-9psb4-3492037919, networkLocation: /default-rack, certSerialId: null} reports an CLOSED replica.
2019-10-13 20:16:14,465 [EventQueue-ContainerReportForContainerReportHandler] WARN  container.ContainerReportHandler (AbstractContainerReportHandler.java:updateContainerState(145)) - Container #1 is in OPEN state, but the datanode d7b6d0b0-5bea-41cc-bfbb-05e0db699ec7{ip: 192.168.151.93, host: pr-hdds-2240-9psb4-3492037919, networkLocation: /default-rack, certSerialId: null} reports an CLOSED replica.
2019-10-13 20:16:14,534 [EventQueue-ContainerReportForContainerReportHandler] WARN  container.ContainerReportHandler (AbstractContainerReportHandler.java:updateContainerState(145)) - Container #1 is in OPEN state, but the datanode 1d13c680-5537-46cb-94e2-eb83f4d4b3d3{ip: 192.168.151.93, host: pr-hdds-2240-9psb4-3492037919, networkLocation: /default-rack, certSerialId: null} reports an CLOSED replica.
2019-10-13 20:16:14,665 [EventQueue-ContainerReportForContainerReportHandler] WARN  container.ContainerReportHandler (AbstractContainerReportHandler.java:updateContainerState(145)) - Container #1 is in OPEN state, but the datanode d7b6d0b0-5bea-41cc-bfbb-05e0db699ec7{ip: 192.168.151.93, host: pr-hdds-2240-9psb4-3492037919, networkLocation: /default-rack, certSerialId: null} reports an CLOSED replica.
2019-10-13 20:16:14,866 [EventQueue-ContainerReportForContainerReportHandler] WARN  container.ContainerReportHandler (AbstractContainerReportHandler.java:updateContainerState(145)) - Container #1 is in OPEN state, but the datanode d7b6d0b0-5bea-41cc-bfbb-05e0db699ec7{ip: 192.168.151.93, host: pr-hdds-2240-9psb4-3492037919, networkLocation: /default-rack, certSerialId: null} reports an CLOSED replica.
2019-10-13 20:16:14,933 [EventQueue-ContainerReportForContainerReportHandler] WARN  container.ContainerReportHandler (AbstractContainerReportHandler.java:updateContainerState(145)) - Container #1 is in OPEN state, but the datanode 1d13c680-5537-46cb-94e2-eb83f4d4b3d3{ip: 192.168.151.93, host: pr-hdds-2240-9psb4-3492037919, networkLocation: /default-rack, certSerialId: null} reports an CLOSED replica.
2019-10-13 20:16:15,013 [grpc-default-executor-0] WARN  server.GrpcLogAppender (LogUtils.java:warn(134)) - 1d13c680-5537-46cb-94e2-eb83f4d4b3d3@group-FB92401AD5CF->b1e61060-76d7-4fe3-930c-321a9145abdb-AppendLogResponseHandler: Failed appendEntries: org.apache.ratis.thirdparty.io.grpc.StatusRuntimeException: UNAVAILABLE: io exception
2019-10-13 20:16:15,014 [grpc-default-executor-0] INFO  impl.FollowerInfo (FollowerInfo.java:lambda$new$0(51)) - 1d13c680-5537-46cb-94e2-eb83f4d4b3d3@group-FB92401AD5CF->b1e61060-76d7-4fe3-930c-321a9145abdb: nextIndex: updateUnconditionally 0 -> 0
2019-10-13 20:16:15,133 [EventQueue-ContainerReportForContainerReportHandler] WARN  container.ContainerReportHandler (AbstractContainerReportHandler.java:updateContainerState(145)) - Container #1 is in OPEN state, but the datanode 1d13c680-5537-46cb-94e2-eb83f4d4b3d3{ip: 192.168.151.93, host: pr-hdds-2240-9psb4-3492037919, networkLocation: /default-rack, certSerialId: null} reports an CLOSED replica.
2019-10-13 20:16:15,162 [BlockDeletingService#2] WARN  background.BlockDeletingService (BlockDeletingService.java:isDeletionAllowed(187)) - Close Container log Index 6 is not replicated across allthe servers in the pipeline d3b06565-bf46-4447-bfd8-fb92401ad5cf as the min replicated index is 4. Deletion is not allowed in this container yet.
2019-10-13 20:16:15,162 [BlockDeletingService#2] WARN  background.BlockDeletingService (BlockDeletingService.java:isDeletionAllowed(187)) - Close Container log Index 6 is not replicated across allthe servers in the pipeline d3b06565-bf46-4447-bfd8-fb92401ad5cf as the min replicated index is 4. Deletion is not allowed in this container yet.
2019-10-13 20:16:15,265 [EventQueue-ContainerReportForContainerReportHandler] WARN  container.ContainerReportHandler (AbstractContainerReportHandler.java:updateContainerState(145)) - Container #1 is in OPEN state, but the datanode d7b6d0b0-5bea-41cc-bfbb-05e0db699ec7{ip: 192.168.151.93, host: pr-hdds-2240-9psb4-3492037919, networkLocation: /default-rack, certSerialId: null} reports an CLOSED replica.
2019-10-13 20:16:15,441 [EventQueue-ContainerReportForContainerReportHandler] WARN  container.ContainerReportHandler (AbstractContainerReportHandler.java:updateContainerState(145)) - Container #1 is in OPEN state, but the datanode 1d13c680-5537-46cb-94e2-eb83f4d4b3d3{ip: 192.168.151.93, host: pr-hdds-2240-9psb4-3492037919, networkLocation: /default-rack, certSerialId: null} reports an CLOSED replica.
2019-10-13 20:16:15,641 [EventQueue-ContainerReportForContainerReportHandler] WARN  container.ContainerReportHandler (AbstractContainerReportHandler.java:updateContainerState(145)) - Container #1 is in OPEN state, but the datanode 1d13c680-5537-46cb-94e2-eb83f4d4b3d3{ip: 192.168.151.93, host: pr-hdds-2240-9psb4-3492037919, networkLocation: /default-rack, certSerialId: null} reports an CLOSED replica.
2019-10-13 20:16:15,668 [EventQueue-ContainerReportForContainerReportHandler] WARN  container.ContainerReportHandler (AbstractContainerReportHandler.java:updateContainerState(145)) - Container #1 is in OPEN state, but the datanode d7b6d0b0-5bea-41cc-bfbb-05e0db699ec7{ip: 192.168.151.93, host: pr-hdds-2240-9psb4-3492037919, networkLocation: /default-rack, certSerialId: null} reports an CLOSED replica.
2019-10-13 20:16:15,941 [EventQueue-ContainerReportForContainerReportHandler] WARN  container.ContainerReportHandler (AbstractContainerReportHandler.java:updateContainerState(145)) - Container #1 is in OPEN state, but the datanode 1d13c680-5537-46cb-94e2-eb83f4d4b3d3{ip: 192.168.151.93, host: pr-hdds-2240-9psb4-3492037919, networkLocation: /default-rack, certSerialId: null} reports an CLOSED replica.
2019-10-13 20:16:15,966 [EventQueue-ContainerReportForContainerReportHandler] WARN  container.ContainerReportHandler (AbstractContainerReportHandler.java:updateContainerState(145)) - Container #1 is in OPEN state, but the datanode d7b6d0b0-5bea-41cc-bfbb-05e0db699ec7{ip: 192.168.151.93, host: pr-hdds-2240-9psb4-3492037919, networkLocation: /default-rack, certSerialId: null} reports an CLOSED replica.
2019-10-13 20:16:16,142 [EventQueue-ContainerReportForContainerReportHandler] WARN  container.ContainerReportHandler (AbstractContainerReportHandler.java:updateContainerState(145)) - Container #1 is in OPEN state, but the datanode 1d13c680-5537-46cb-94e2-eb83f4d4b3d3{ip: 192.168.151.93, host: pr-hdds-2240-9psb4-3492037919, networkLocation: /default-rack, certSerialId: null} reports an CLOSED replica.
2019-10-13 20:16:16,163 [BlockDeletingService#2] WARN  background.BlockDeletingService (BlockDeletingService.java:isDeletionAllowed(187)) - Close Container log Index 6 is not replicated across allthe servers in the pipeline d3b06565-bf46-4447-bfd8-fb92401ad5cf as the min replicated index is 4. Deletion is not allowed in this container yet.
2019-10-13 20:16:16,163 [BlockDeletingService#2] WARN  background.BlockDeletingService (BlockDeletingService.java:isDeletionAllowed(187)) - Close Container log Index 6 is not replicated across allthe servers in the pipeline d3b06565-bf46-4447-bfd8-fb92401ad5cf as the min replicated index is 4. Deletion is not allowed in this container yet.
2019-10-13 20:16:16,167 [EventQueue-ContainerReportForContainerReportHandler] WARN  container.ContainerReportHandler (AbstractContainerReportHandler.java:updateContainerState(145)) - Container #1 is in OPEN state, but the datanode d7b6d0b0-5bea-41cc-bfbb-05e0db699ec7{ip: 192.168.151.93, host: pr-hdds-2240-9psb4-3492037919, networkLocation: /default-rack, certSerialId: null} reports an CLOSED replica.
2019-10-13 20:16:16,341 [EventQueue-ContainerReportForContainerReportHandler] WARN  container.ContainerReportHandler (AbstractContainerReportHandler.java:updateContainerState(145)) - Container #1 is in OPEN state, but the datanode 1d13c680-5537-46cb-94e2-eb83f4d4b3d3{ip: 192.168.151.93, host: pr-hdds-2240-9psb4-3492037919, networkLocation: /default-rack, certSerialId: null} reports an CLOSED replica.
2019-10-13 20:16:16,469 [EventQueue-ContainerReportForContainerReportHandler] WARN  container.ContainerReportHandler (AbstractContainerReportHandler.java:updateContainerState(145)) - Container #1 is in OPEN state, but the datanode d7b6d0b0-5bea-41cc-bfbb-05e0db699ec7{ip: 192.168.151.93, host: pr-hdds-2240-9psb4-3492037919, networkLocation: /default-rack, certSerialId: null} reports an CLOSED replica.
2019-10-13 20:16:16,642 [EventQueue-ContainerReportForContainerReportHandler] WARN  container.ContainerReportHandler (AbstractContainerReportHandler.java:updateContainerState(145)) - Container #1 is in OPEN state, but the datanode 1d13c680-5537-46cb-94e2-eb83f4d4b3d3{ip: 192.168.151.93, host: pr-hdds-2240-9psb4-3492037919, networkLocation: /default-rack, certSerialId: null} reports an CLOSED replica.
2019-10-13 20:16:16,870 [EventQueue-ContainerReportForContainerReportHandler] WARN  container.ContainerReportHandler (AbstractContainerReportHandler.java:updateContainerState(145)) - Container #1 is in OPEN state, but the datanode d7b6d0b0-5bea-41cc-bfbb-05e0db699ec7{ip: 192.168.151.93, host: pr-hdds-2240-9psb4-3492037919, networkLocation: /default-rack, certSerialId: null} reports an CLOSED replica.
2019-10-13 20:16:16,943 [EventQueue-ContainerReportForContainerReportHandler] WARN  container.ContainerReportHandler (AbstractContainerReportHandler.java:updateContainerState(145)) - Container #1 is in OPEN state, but the datanode 1d13c680-5537-46cb-94e2-eb83f4d4b3d3{ip: 192.168.151.93, host: pr-hdds-2240-9psb4-3492037919, networkLocation: /default-rack, certSerialId: null} reports an CLOSED replica.
2019-10-13 20:16:17,166 [BlockDeletingService#2] WARN  background.BlockDeletingService (BlockDeletingService.java:isDeletionAllowed(187)) - Close Container log Index 6 is not replicated across allthe servers in the pipeline d3b06565-bf46-4447-bfd8-fb92401ad5cf as the min replicated index is 4. Deletion is not allowed in this container yet.
2019-10-13 20:16:17,166 [BlockDeletingService#2] WARN  background.BlockDeletingService (BlockDeletingService.java:isDeletionAllowed(187)) - Close Container log Index 6 is not replicated across allthe servers in the pipeline d3b06565-bf46-4447-bfd8-fb92401ad5cf as the min replicated index is 4. Deletion is not allowed in this container yet.
2019-10-13 20:16:17,272 [EventQueue-ContainerReportForContainerReportHandler] WARN  container.ContainerReportHandler (AbstractContainerReportHandler.java:updateContainerState(145)) - Container #1 is in OPEN state, but the datanode d7b6d0b0-5bea-41cc-bfbb-05e0db699ec7{ip: 192.168.151.93, host: pr-hdds-2240-9psb4-3492037919, networkLocation: /default-rack, certSerialId: null} reports an CLOSED replica.
2019-10-13 20:16:17,345 [EventQueue-ContainerReportForContainerReportHandler] WARN  container.ContainerReportHandler (AbstractContainerReportHandler.java:updateContainerState(145)) - Container #1 is in OPEN state, but the datanode 1d13c680-5537-46cb-94e2-eb83f4d4b3d3{ip: 192.168.151.93, host: pr-hdds-2240-9psb4-3492037919, networkLocation: /default-rack, certSerialId: null} reports an CLOSED replica.
2019-10-13 20:16:17,473 [EventQueue-ContainerReportForContainerReportHandler] WARN  container.ContainerReportHandler (AbstractContainerReportHandler.java:updateContainerState(145)) - Container #1 is in OPEN state, but the datanode d7b6d0b0-5bea-41cc-bfbb-05e0db699ec7{ip: 192.168.151.93, host: pr-hdds-2240-9psb4-3492037919, networkLocation: /default-rack, certSerialId: null} reports an CLOSED replica.
2019-10-13 20:16:17,516 [grpc-default-executor-3] WARN  server.GrpcLogAppender (LogUtils.java:warn(134)) - 1d13c680-5537-46cb-94e2-eb83f4d4b3d3@group-FB92401AD5CF->b1e61060-76d7-4fe3-930c-321a9145abdb-AppendLogResponseHandler: Failed appendEntries: org.apache.ratis.thirdparty.io.grpc.StatusRuntimeException: UNAVAILABLE: io exception
2019-10-13 20:16:17,521 [grpc-default-executor-3] INFO  impl.FollowerInfo (FollowerInfo.java:lambda$new$0(51)) - 1d13c680-5537-46cb-94e2-eb83f4d4b3d3@group-FB92401AD5CF->b1e61060-76d7-4fe3-930c-321a9145abdb: nextIndex: updateUnconditionally 0 -> 0
2019-10-13 20:16:17,746 [EventQueue-ContainerReportForContainerReportHandler] WARN  container.ContainerReportHandler (AbstractContainerReportHandler.java:updateContainerState(145)) - Container #1 is in OPEN state, but the datanode 1d13c680-5537-46cb-94e2-eb83f4d4b3d3{ip: 192.168.151.93, host: pr-hdds-2240-9psb4-3492037919, networkLocation: /default-rack, certSerialId: null} reports an CLOSED replica.
2019-10-13 20:16:17,773 [EventQueue-ContainerReportForContainerReportHandler] WARN  container.ContainerReportHandler (AbstractContainerReportHandler.java:updateContainerState(145)) - Container #1 is in OPEN state, but the datanode d7b6d0b0-5bea-41cc-bfbb-05e0db699ec7{ip: 192.168.151.93, host: pr-hdds-2240-9psb4-3492037919, networkLocation: /default-rack, certSerialId: null} reports an CLOSED replica.
2019-10-13 20:16:18,047 [EventQueue-ContainerReportForContainerReportHandler] WARN  container.ContainerReportHandler (AbstractContainerReportHandler.java:updateContainerState(145)) - Container #1 is in OPEN state, but the datanode 1d13c680-5537-46cb-94e2-eb83f4d4b3d3{ip: 192.168.151.93, host: pr-hdds-2240-9psb4-3492037919, networkLocation: /default-rack, certSerialId: null} reports an CLOSED replica.
2019-10-13 20:16:18,168 [BlockDeletingService#2] WARN  background.BlockDeletingService (BlockDeletingService.java:isDeletionAllowed(187)) - Close Container log Index 6 is not replicated across allthe servers in the pipeline d3b06565-bf46-4447-bfd8-fb92401ad5cf as the min replicated index is 4. Deletion is not allowed in this container yet.
2019-10-13 20:16:18,168 [BlockDeletingService#2] WARN  background.BlockDeletingService (BlockDeletingService.java:isDeletionAllowed(187)) - Close Container log Index 6 is not replicated across allthe servers in the pipeline d3b06565-bf46-4447-bfd8-fb92401ad5cf as the min replicated index is 4. Deletion is not allowed in this container yet.
2019-10-13 20:16:18,176 [EventQueue-ContainerReportForContainerReportHandler] WARN  container.ContainerReportHandler (AbstractContainerReportHandler.java:updateContainerState(145)) - Container #1 is in OPEN state, but the datanode d7b6d0b0-5bea-41cc-bfbb-05e0db699ec7{ip: 192.168.151.93, host: pr-hdds-2240-9psb4-3492037919, networkLocation: /default-rack, certSerialId: null} reports an CLOSED replica.
2019-10-13 20:16:18,247 [EventQueue-ContainerReportForContainerReportHandler] WARN  container.ContainerReportHandler (AbstractContainerReportHandler.java:updateContainerState(145)) - Container #1 is in OPEN state, but the datanode 1d13c680-5537-46cb-94e2-eb83f4d4b3d3{ip: 192.168.151.93, host: pr-hdds-2240-9psb4-3492037919, networkLocation: /default-rack, certSerialId: null} reports an CLOSED replica.
2019-10-13 20:16:18,476 [EventQueue-ContainerReportForContainerReportHandler] WARN  container.ContainerReportHandler (AbstractContainerReportHandler.java:updateContainerState(145)) - Container #1 is in OPEN state, but the datanode d7b6d0b0-5bea-41cc-bfbb-05e0db699ec7{ip: 192.168.151.93, host: pr-hdds-2240-9psb4-3492037919, networkLocation: /default-rack, certSerialId: null} reports an CLOSED replica.
2019-10-13 20:16:18,647 [EventQueue-ContainerReportForContainerReportHandler] WARN  container.ContainerReportHandler (AbstractContainerReportHandler.java:updateContainerState(145)) - Container #1 is in OPEN state, but the datanode 1d13c680-5537-46cb-94e2-eb83f4d4b3d3{ip: 192.168.151.93, host: pr-hdds-2240-9psb4-3492037919, networkLocation: /default-rack, certSerialId: null} reports an CLOSED replica.
2019-10-13 20:16:18,675 [EventQueue-ContainerReportForContainerReportHandler] WARN  container.ContainerReportHandler (AbstractContainerReportHandler.java:updateContainerState(145)) - Container #1 is in OPEN state, but the datanode d7b6d0b0-5bea-41cc-bfbb-05e0db699ec7{ip: 192.168.151.93, host: pr-hdds-2240-9psb4-3492037919, networkLocation: /default-rack, certSerialId: null} reports an CLOSED replica.
2019-10-13 20:16:18,948 [EventQueue-ContainerReportForContainerReportHandler] WARN  container.ContainerReportHandler (AbstractContainerReportHandler.java:updateContainerState(145)) - Container #1 is in OPEN state, but the datanode 1d13c680-5537-46cb-94e2-eb83f4d4b3d3{ip: 192.168.151.93, host: pr-hdds-2240-9psb4-3492037919, networkLocation: /default-rack, certSerialId: null} reports an CLOSED replica.
2019-10-13 20:16:18,965 [Thread-352] INFO  client.GrpcClientProtocolService (GrpcClientProtocolService.java:lambda$processClientRequest$0(278)) - Failed RaftClientRequest:client-8C69C1D6A99A->d7b6d0b0-5bea-41cc-bfbb-05e0db699ec7@group-FB92401AD5CF, cid=10, seq=0, Watch-ALL_COMMITTED(6), Message:<EMPTY>, reply=RaftClientReply:client-8C69C1D6A99A->d7b6d0b0-5bea-41cc-bfbb-05e0db699ec7@group-FB92401AD5CF, cid=10, FAILED org.apache.ratis.protocol.NotLeaderException: Server d7b6d0b0-5bea-41cc-bfbb-05e0db699ec7@group-FB92401AD5CF is not the leader 1d13c680-5537-46cb-94e2-eb83f4d4b3d3:192.168.151.93:46245, logIndex=0, commits[d7b6d0b0-5bea-41cc-bfbb-05e0db699ec7:c10, b1e61060-76d7-4fe3-930c-321a9145abdb:c4, 1d13c680-5537-46cb-94e2-eb83f4d4b3d3:c10]
2019-10-13 20:16:19,075 [EventQueue-ContainerReportForContainerReportHandler] WARN  container.ContainerReportHandler (AbstractContainerReportHandler.java:updateContainerState(145)) - Container #1 is in OPEN state, but the datanode d7b6d0b0-5bea-41cc-bfbb-05e0db699ec7{ip: 192.168.151.93, host: pr-hdds-2240-9psb4-3492037919, networkLocation: /default-rack, certSerialId: null} reports an CLOSED replica.
2019-10-13 20:16:19,149 [EventQueue-ContainerReportForContainerReportHandler] WARN  container.ContainerReportHandler (AbstractContainerReportHandler.java:updateContainerState(145)) - Container #1 is in OPEN state, but the datanode 1d13c680-5537-46cb-94e2-eb83f4d4b3d3{ip: 192.168.151.93, host: pr-hdds-2240-9psb4-3492037919, networkLocation: /default-rack, certSerialId: null} reports an CLOSED replica.
2019-10-13 20:16:19,170 [BlockDeletingService#2] WARN  background.BlockDeletingService (BlockDeletingService.java:isDeletionAllowed(187)) - Close Container log Index 6 is not replicated across allthe servers in the pipeline d3b06565-bf46-4447-bfd8-fb92401ad5cf as the min replicated index is 4. Deletion is not allowed in this container yet.
2019-10-13 20:16:19,170 [BlockDeletingService#2] WARN  background.BlockDeletingService (BlockDeletingService.java:isDeletionAllowed(187)) - Close Container log Index 6 is not replicated across allthe servers in the pipeline d3b06565-bf46-4447-bfd8-fb92401ad5cf as the min replicated index is 4. Deletion is not allowed in this container yet.
2019-10-13 20:16:19,483 [EventQueue-ContainerReportForContainerReportHandler] WARN  container.ContainerReportHandler (AbstractContainerReportHandler.java:updateContainerState(145)) - Container #1 is in OPEN state, but the datanode d7b6d0b0-5bea-41cc-bfbb-05e0db699ec7{ip: 192.168.151.93, host: pr-hdds-2240-9psb4-3492037919, networkLocation: /default-rack, certSerialId: null} reports an CLOSED replica.
2019-10-13 20:16:19,550 [EventQueue-ContainerReportForContainerReportHandler] WARN  container.ContainerReportHandler (AbstractContainerReportHandler.java:updateContainerState(145)) - Container #1 is in OPEN state, but the datanode 1d13c680-5537-46cb-94e2-eb83f4d4b3d3{ip: 192.168.151.93, host: pr-hdds-2240-9psb4-3492037919, networkLocation: /default-rack, certSerialId: null} reports an CLOSED replica.
2019-10-13 20:16:19,850 [EventQueue-ContainerReportForContainerReportHandler] WARN  container.ContainerReportHandler (AbstractContainerReportHandler.java:updateContainerState(145)) - Container #1 is in OPEN state, but the datanode 1d13c680-5537-46cb-94e2-eb83f4d4b3d3{ip: 192.168.151.93, host: pr-hdds-2240-9psb4-3492037919, networkLocation: /default-rack, certSerialId: null} reports an CLOSED replica.
2019-10-13 20:16:19,875 [EventQueue-ContainerReportForContainerReportHandler] WARN  container.ContainerReportHandler (AbstractContainerReportHandler.java:updateContainerState(145)) - Container #1 is in OPEN state, but the datanode d7b6d0b0-5bea-41cc-bfbb-05e0db699ec7{ip: 192.168.151.93, host: pr-hdds-2240-9psb4-3492037919, networkLocation: /default-rack, certSerialId: null} reports an CLOSED replica.
2019-10-13 20:16:20,019 [grpc-default-executor-1] WARN  server.GrpcLogAppender (LogUtils.java:warn(134)) - 1d13c680-5537-46cb-94e2-eb83f4d4b3d3@group-FB92401AD5CF->b1e61060-76d7-4fe3-930c-321a9145abdb-AppendLogResponseHandler: Failed appendEntries: org.apache.ratis.thirdparty.io.grpc.StatusRuntimeException: UNAVAILABLE: io exception
2019-10-13 20:16:20,019 [grpc-default-executor-1] INFO  impl.FollowerInfo (FollowerInfo.java:lambda$new$0(51)) - 1d13c680-5537-46cb-94e2-eb83f4d4b3d3@group-FB92401AD5CF->b1e61060-76d7-4fe3-930c-321a9145abdb: nextIndex: updateUnconditionally 0 -> 0
2019-10-13 20:16:20,056 [Thread-358] INFO  client.GrpcClientProtocolService (GrpcClientProtocolService.java:lambda$processClientRequest$0(278)) - Failed RaftClientRequest:client-8C69C1D6A99A->1d13c680-5537-46cb-94e2-eb83f4d4b3d3@group-FB92401AD5CF, cid=10, seq=0, Watch-ALL_COMMITTED(6), Message:<EMPTY>, reply=RaftClientReply:client-8C69C1D6A99A->1d13c680-5537-46cb-94e2-eb83f4d4b3d3@group-FB92401AD5CF, cid=10, FAILED org.apache.ratis.protocol.NotReplicatedException: Request with call Id 10 and log index 6 is not yet replicated to ALL_COMMITTED, logIndex=6, commits[1d13c680-5537-46cb-94e2-eb83f4d4b3d3:c10, b1e61060-76d7-4fe3-930c-321a9145abdb:c4, d7b6d0b0-5bea-41cc-bfbb-05e0db699ec7:c10]
2019-10-13 20:16:20,151 [EventQueue-ContainerReportForContainerReportHandler] WARN  container.ContainerReportHandler (AbstractContainerReportHandler.java:updateContainerState(145)) - Container #1 is in OPEN state, but the datanode 1d13c680-5537-46cb-94e2-eb83f4d4b3d3{ip: 192.168.151.93, host: pr-hdds-2240-9psb4-3492037919, networkLocation: /default-rack, certSerialId: null} reports an CLOSED replica.
2019-10-13 20:16:20,174 [BlockDeletingService#2] WARN  background.BlockDeletingService (BlockDeletingService.java:isDeletionAllowed(187)) - Close Container log Index 6 is not replicated across allthe servers in the pipeline d3b06565-bf46-4447-bfd8-fb92401ad5cf as the min replicated index is 4. Deletion is not allowed in this container yet.
2019-10-13 20:16:20,175 [BlockDeletingService#2] WARN  background.BlockDeletingService (BlockDeletingService.java:isDeletionAllowed(187)) - Close Container log Index 6 is not replicated across allthe servers in the pipeline d3b06565-bf46-4447-bfd8-fb92401ad5cf as the min replicated index is 4. Deletion is not allowed in this container yet.
2019-10-13 20:16:20,176 [EventQueue-ContainerReportForContainerReportHandler] WARN  container.ContainerReportHandler (AbstractContainerReportHandler.java:updateContainerState(145)) - Container #1 is in OPEN state, but the datanode d7b6d0b0-5bea-41cc-bfbb-05e0db699ec7{ip: 192.168.151.93, host: pr-hdds-2240-9psb4-3492037919, networkLocation: /default-rack, certSerialId: null} reports an CLOSED replica.
2019-10-13 20:16:20,450 [EventQueue-ContainerReportForContainerReportHandler] WARN  container.ContainerReportHandler (AbstractContainerReportHandler.java:updateContainerState(145)) - Container #1 is in OPEN state, but the datanode 1d13c680-5537-46cb-94e2-eb83f4d4b3d3{ip: 192.168.151.93, host: pr-hdds-2240-9psb4-3492037919, networkLocation: /default-rack, certSerialId: null} reports an CLOSED replica.
2019-10-13 20:16:20,576 [EventQueue-ContainerReportForContainerReportHandler] WARN  container.ContainerReportHandler (AbstractContainerReportHandler.java:updateContainerState(145)) - Container #1 is in OPEN state, but the datanode d7b6d0b0-5bea-41cc-bfbb-05e0db699ec7{ip: 192.168.151.93, host: pr-hdds-2240-9psb4-3492037919, networkLocation: /default-rack, certSerialId: null} reports an CLOSED replica.
2019-10-13 20:16:20,751 [EventQueue-ContainerReportForContainerReportHandler] WARN  container.ContainerReportHandler (AbstractContainerReportHandler.java:updateContainerState(145)) - Container #1 is in OPEN state, but the datanode 1d13c680-5537-46cb-94e2-eb83f4d4b3d3{ip: 192.168.151.93, host: pr-hdds-2240-9psb4-3492037919, networkLocation: /default-rack, certSerialId: null} reports an CLOSED replica.
2019-10-13 20:16:20,876 [EventQueue-ContainerReportForContainerReportHandler] WARN  container.ContainerReportHandler (AbstractContainerReportHandler.java:updateContainerState(145)) - Container #1 is in OPEN state, but the datanode d7b6d0b0-5bea-41cc-bfbb-05e0db699ec7{ip: 192.168.151.93, host: pr-hdds-2240-9psb4-3492037919, networkLocation: /default-rack, certSerialId: null} reports an CLOSED replica.
2019-10-13 20:16:21,151 [EventQueue-ContainerReportForContainerReportHandler] WARN  container.ContainerReportHandler (AbstractContainerReportHandler.java:updateContainerState(145)) - Container #1 is in OPEN state, but the datanode 1d13c680-5537-46cb-94e2-eb83f4d4b3d3{ip: 192.168.151.93, host: pr-hdds-2240-9psb4-3492037919, networkLocation: /default-rack, certSerialId: null} reports an CLOSED replica.
2019-10-13 20:16:21,177 [EventQueue-ContainerReportForContainerReportHandler] WARN  container.ContainerReportHandler (AbstractContainerReportHandler.java:updateContainerState(145)) - Container #1 is in OPEN state, but the datanode d7b6d0b0-5bea-41cc-bfbb-05e0db699ec7{ip: 192.168.151.93, host: pr-hdds-2240-9psb4-3492037919, networkLocation: /default-rack, certSerialId: null} reports an CLOSED replica.
2019-10-13 20:16:21,177 [BlockDeletingService#2] WARN  background.BlockDeletingService (BlockDeletingService.java:isDeletionAllowed(187)) - Close Container log Index 6 is not replicated across allthe servers in the pipeline d3b06565-bf46-4447-bfd8-fb92401ad5cf as the min replicated index is 4. Deletion is not allowed in this container yet.
2019-10-13 20:16:21,177 [BlockDeletingService#2] WARN  background.BlockDeletingService (BlockDeletingService.java:isDeletionAllowed(187)) - Close Container log Index 6 is not replicated across allthe servers in the pipeline d3b06565-bf46-4447-bfd8-fb92401ad5cf as the min replicated index is 4. Deletion is not allowed in this container yet.
2019-10-13 20:16:21,351 [EventQueue-ContainerReportForContainerReportHandler] WARN  container.ContainerReportHandler (AbstractContainerReportHandler.java:updateContainerState(145)) - Container #1 is in OPEN state, but the datanode 1d13c680-5537-46cb-94e2-eb83f4d4b3d3{ip: 192.168.151.93, host: pr-hdds-2240-9psb4-3492037919, networkLocation: /default-rack, certSerialId: null} reports an CLOSED replica.
2019-10-13 20:16:21,377 [EventQueue-ContainerReportForContainerReportHandler] WARN  container.ContainerReportHandler (AbstractContainerReportHandler.java:updateContainerState(145)) - Container #1 is in OPEN state, but the datanode d7b6d0b0-5bea-41cc-bfbb-05e0db699ec7{ip: 192.168.151.93, host: pr-hdds-2240-9psb4-3492037919, networkLocation: /default-rack, certSerialId: null} reports an CLOSED replica.
2019-10-13 20:16:21,652 [EventQueue-ContainerReportForContainerReportHandler] WARN  container.ContainerReportHandler (AbstractContainerReportHandler.java:updateContainerState(145)) - Container #1 is in OPEN state, but the datanode 1d13c680-5537-46cb-94e2-eb83f4d4b3d3{ip: 192.168.151.93, host: pr-hdds-2240-9psb4-3492037919, networkLocation: /default-rack, certSerialId: null} reports an CLOSED replica.
2019-10-13 20:16:21,779 [EventQueue-ContainerReportForContainerReportHandler] WARN  container.ContainerReportHandler (AbstractContainerReportHandler.java:updateContainerState(145)) - Container #1 is in OPEN state, but the datanode d7b6d0b0-5bea-41cc-bfbb-05e0db699ec7{ip: 192.168.151.93, host: pr-hdds-2240-9psb4-3492037919, networkLocation: /default-rack, certSerialId: null} reports an CLOSED replica.
2019-10-13 20:16:21,851 [EventQueue-ContainerReportForContainerReportHandler] WARN  container.ContainerReportHandler (AbstractContainerReportHandler.java:updateContainerState(145)) - Container #1 is in OPEN state, but the datanode 1d13c680-5537-46cb-94e2-eb83f4d4b3d3{ip: 192.168.151.93, host: pr-hdds-2240-9psb4-3492037919, networkLocation: /default-rack, certSerialId: null} reports an CLOSED replica.
2019-10-13 20:16:22,051 [EventQueue-ContainerReportForContainerReportHandler] WARN  container.ContainerReportHandler (AbstractContainerReportHandler.java:updateContainerState(145)) - Container #1 is in OPEN state, but the datanode 1d13c680-5537-46cb-94e2-eb83f4d4b3d3{ip: 192.168.151.93, host: pr-hdds-2240-9psb4-3492037919, networkLocation: /default-rack, certSerialId: null} reports an CLOSED replica.
2019-10-13 20:16:22,178 [BlockDeletingService#2] WARN  background.BlockDeletingService (BlockDeletingService.java:isDeletionAllowed(187)) - Close Container log Index 6 is not replicated across allthe servers in the pipeline d3b06565-bf46-4447-bfd8-fb92401ad5cf as the min replicated index is 4. Deletion is not allowed in this container yet.
2019-10-13 20:16:22,178 [BlockDeletingService#2] WARN  background.BlockDeletingService (BlockDeletingService.java:isDeletionAllowed(187)) - Close Container log Index 6 is not replicated across allthe servers in the pipeline d3b06565-bf46-4447-bfd8-fb92401ad5cf as the min replicated index is 4. Deletion is not allowed in this container yet.
2019-10-13 20:16:22,180 [EventQueue-ContainerReportForContainerReportHandler] WARN  container.ContainerReportHandler (AbstractContainerReportHandler.java:updateContainerState(145)) - Container #1 is in OPEN state, but the datanode d7b6d0b0-5bea-41cc-bfbb-05e0db699ec7{ip: 192.168.151.93, host: pr-hdds-2240-9psb4-3492037919, networkLocation: /default-rack, certSerialId: null} reports an CLOSED replica.
2019-10-13 20:16:22,352 [EventQueue-ContainerReportForContainerReportHandler] WARN  container.ContainerReportHandler (AbstractContainerReportHandler.java:updateContainerState(145)) - Container #1 is in OPEN state, but the datanode 1d13c680-5537-46cb-94e2-eb83f4d4b3d3{ip: 192.168.151.93, host: pr-hdds-2240-9psb4-3492037919, networkLocation: /default-rack, certSerialId: null} reports an CLOSED replica.
2019-10-13 20:16:22,380 [EventQueue-ContainerReportForContainerReportHandler] WARN  container.ContainerReportHandler (AbstractContainerReportHandler.java:updateContainerState(145)) - Container #1 is in OPEN state, but the datanode d7b6d0b0-5bea-41cc-bfbb-05e0db699ec7{ip: 192.168.151.93, host: pr-hdds-2240-9psb4-3492037919, networkLocation: /default-rack, certSerialId: null} reports an CLOSED replica.
2019-10-13 20:16:22,519 [grpc-default-executor-3] WARN  server.GrpcLogAppender (LogUtils.java:warn(134)) - 1d13c680-5537-46cb-94e2-eb83f4d4b3d3@group-FB92401AD5CF->b1e61060-76d7-4fe3-930c-321a9145abdb-AppendLogResponseHandler: Failed appendEntries: org.apache.ratis.thirdparty.io.grpc.StatusRuntimeException: UNAVAILABLE: io exception
2019-10-13 20:16:22,520 [grpc-default-executor-3] INFO  impl.FollowerInfo (FollowerInfo.java:lambda$new$0(51)) - 1d13c680-5537-46cb-94e2-eb83f4d4b3d3@group-FB92401AD5CF->b1e61060-76d7-4fe3-930c-321a9145abdb: nextIndex: updateUnconditionally 0 -> 0
2019-10-13 20:16:22,652 [EventQueue-ContainerReportForContainerReportHandler] WARN  container.ContainerReportHandler (AbstractContainerReportHandler.java:updateContainerState(145)) - Container #1 is in OPEN state, but the datanode 1d13c680-5537-46cb-94e2-eb83f4d4b3d3{ip: 192.168.151.93, host: pr-hdds-2240-9psb4-3492037919, networkLocation: /default-rack, certSerialId: null} reports an CLOSED replica.
2019-10-13 20:16:22,681 [EventQueue-ContainerReportForContainerReportHandler] WARN  container.ContainerReportHandler (AbstractContainerReportHandler.java:updateContainerState(145)) - Container #1 is in OPEN state, but the datanode d7b6d0b0-5bea-41cc-bfbb-05e0db699ec7{ip: 192.168.151.93, host: pr-hdds-2240-9psb4-3492037919, networkLocation: /default-rack, certSerialId: null} reports an CLOSED replica.
2019-10-13 20:16:22,952 [EventQueue-ContainerReportForContainerReportHandler] WARN  container.ContainerReportHandler (AbstractContainerReportHandler.java:updateContainerState(145)) - Container #1 is in OPEN state, but the datanode 1d13c680-5537-46cb-94e2-eb83f4d4b3d3{ip: 192.168.151.93, host: pr-hdds-2240-9psb4-3492037919, networkLocation: /default-rack, certSerialId: null} reports an CLOSED replica.
2019-10-13 20:16:22,981 [EventQueue-ContainerReportForContainerReportHandler] WARN  container.ContainerReportHandler (AbstractContainerReportHandler.java:updateContainerState(145)) - Container #1 is in OPEN state, but the datanode d7b6d0b0-5bea-41cc-bfbb-05e0db699ec7{ip: 192.168.151.93, host: pr-hdds-2240-9psb4-3492037919, networkLocation: /default-rack, certSerialId: null} reports an CLOSED replica.
2019-10-13 20:16:23,180 [BlockDeletingService#2] WARN  background.BlockDeletingService (BlockDeletingService.java:isDeletionAllowed(187)) - Close Container log Index 6 is not replicated across allthe servers in the pipeline d3b06565-bf46-4447-bfd8-fb92401ad5cf as the min replicated index is 4. Deletion is not allowed in this container yet.
2019-10-13 20:16:23,180 [BlockDeletingService#2] WARN  background.BlockDeletingService (BlockDeletingService.java:isDeletionAllowed(187)) - Close Container log Index 6 is not replicated across allthe servers in the pipeline d3b06565-bf46-4447-bfd8-fb92401ad5cf as the min replicated index is 4. Deletion is not allowed in this container yet.
2019-10-13 20:16:23,183 [EventQueue-ContainerReportForContainerReportHandler] WARN  container.ContainerReportHandler (AbstractContainerReportHandler.java:updateContainerState(145)) - Container #1 is in OPEN state, but the datanode d7b6d0b0-5bea-41cc-bfbb-05e0db699ec7{ip: 192.168.151.93, host: pr-hdds-2240-9psb4-3492037919, networkLocation: /default-rack, certSerialId: null} reports an CLOSED replica.
2019-10-13 20:16:23,352 [EventQueue-ContainerReportForContainerReportHandler] WARN  container.ContainerReportHandler (AbstractContainerReportHandler.java:updateContainerState(145)) - Container #1 is in OPEN state, but the datanode 1d13c680-5537-46cb-94e2-eb83f4d4b3d3{ip: 192.168.151.93, host: pr-hdds-2240-9psb4-3492037919, networkLocation: /default-rack, certSerialId: null} reports an CLOSED replica.
2019-10-13 20:16:23,384 [EventQueue-ContainerReportForContainerReportHandler] WARN  container.ContainerReportHandler (AbstractContainerReportHandler.java:updateContainerState(145)) - Container #1 is in OPEN state, but the datanode d7b6d0b0-5bea-41cc-bfbb-05e0db699ec7{ip: 192.168.151.93, host: pr-hdds-2240-9psb4-3492037919, networkLocation: /default-rack, certSerialId: null} reports an CLOSED replica.
2019-10-13 20:16:23,652 [EventQueue-ContainerReportForContainerReportHandler] WARN  container.ContainerReportHandler (AbstractContainerReportHandler.java:updateContainerState(145)) - Container #1 is in OPEN state, but the datanode 1d13c680-5537-46cb-94e2-eb83f4d4b3d3{ip: 192.168.151.93, host: pr-hdds-2240-9psb4-3492037919, networkLocation: /default-rack, certSerialId: null} reports an CLOSED replica.
2019-10-13 20:16:23,684 [EventQueue-ContainerReportForContainerReportHandler] WARN  container.ContainerReportHandler (AbstractContainerReportHandler.java:updateContainerState(145)) - Container #1 is in OPEN state, but the datanode d7b6d0b0-5bea-41cc-bfbb-05e0db699ec7{ip: 192.168.151.93, host: pr-hdds-2240-9psb4-3492037919, networkLocation: /default-rack, certSerialId: null} reports an CLOSED replica.
2019-10-13 20:16:23,952 [EventQueue-ContainerReportForContainerReportHandler] WARN  container.ContainerReportHandler (AbstractContainerReportHandler.java:updateContainerState(145)) - Container #1 is in OPEN state, but the datanode 1d13c680-5537-46cb-94e2-eb83f4d4b3d3{ip: 192.168.151.93, host: pr-hdds-2240-9psb4-3492037919, networkLocation: /default-rack, certSerialId: null} reports an CLOSED replica.
2019-10-13 20:16:24,085 [EventQueue-ContainerReportForContainerReportHandler] WARN  container.ContainerReportHandler (AbstractContainerReportHandler.java:updateContainerState(145)) - Container #1 is in OPEN state, but the datanode d7b6d0b0-5bea-41cc-bfbb-05e0db699ec7{ip: 192.168.151.93, host: pr-hdds-2240-9psb4-3492037919, networkLocation: /default-rack, certSerialId: null} reports an CLOSED replica.
2019-10-13 20:16:24,181 [BlockDeletingService#2] WARN  background.BlockDeletingService (BlockDeletingService.java:isDeletionAllowed(187)) - Close Container log Index 6 is not replicated across allthe servers in the pipeline d3b06565-bf46-4447-bfd8-fb92401ad5cf as the min replicated index is 4. Deletion is not allowed in this container yet.
2019-10-13 20:16:24,181 [BlockDeletingService#2] WARN  background.BlockDeletingService (BlockDeletingService.java:isDeletionAllowed(187)) - Close Container log Index 6 is not replicated across allthe servers in the pipeline d3b06565-bf46-4447-bfd8-fb92401ad5cf as the min replicated index is 4. Deletion is not allowed in this container yet.
2019-10-13 20:16:24,285 [EventQueue-ContainerReportForContainerReportHandler] WARN  container.ContainerReportHandler (AbstractContainerReportHandler.java:updateContainerState(145)) - Container #1 is in OPEN state, but the datanode d7b6d0b0-5bea-41cc-bfbb-05e0db699ec7{ip: 192.168.151.93, host: pr-hdds-2240-9psb4-3492037919, networkLocation: /default-rack, certSerialId: null} reports an CLOSED replica.
2019-10-13 20:16:24,352 [EventQueue-ContainerReportForContainerReportHandler] WARN  container.ContainerReportHandler (AbstractContainerReportHandler.java:updateContainerState(145)) - Container #1 is in OPEN state, but the datanode 1d13c680-5537-46cb-94e2-eb83f4d4b3d3{ip: 192.168.151.93, host: pr-hdds-2240-9psb4-3492037919, networkLocation: /default-rack, certSerialId: null} reports an CLOSED replica.
2019-10-13 20:16:24,553 [EventQueue-ContainerReportForContainerReportHandler] WARN  container.ContainerReportHandler (AbstractContainerReportHandler.java:updateContainerState(145)) - Container #1 is in OPEN state, but the datanode 1d13c680-5537-46cb-94e2-eb83f4d4b3d3{ip: 192.168.151.93, host: pr-hdds-2240-9psb4-3492037919, networkLocation: /default-rack, certSerialId: null} reports an CLOSED replica.
2019-10-13 20:16:24,586 [EventQueue-ContainerReportForContainerReportHandler] WARN  container.ContainerReportHandler (AbstractContainerReportHandler.java:updateContainerState(145)) - Container #1 is in OPEN state, but the datanode d7b6d0b0-5bea-41cc-bfbb-05e0db699ec7{ip: 192.168.151.93, host: pr-hdds-2240-9psb4-3492037919, networkLocation: /default-rack, certSerialId: null} reports an CLOSED replica.
2019-10-13 20:16:24,786 [EventQueue-ContainerReportForContainerReportHandler] WARN  container.ContainerReportHandler (AbstractContainerReportHandler.java:updateContainerState(145)) - Container #1 is in OPEN state, but the datanode d7b6d0b0-5bea-41cc-bfbb-05e0db699ec7{ip: 192.168.151.93, host: pr-hdds-2240-9psb4-3492037919, networkLocation: /default-rack, certSerialId: null} reports an CLOSED replica.
2019-10-13 20:16:24,853 [EventQueue-ContainerReportForContainerReportHandler] WARN  container.ContainerReportHandler (AbstractContainerReportHandler.java:updateContainerState(145)) - Container #1 is in OPEN state, but the datanode 1d13c680-5537-46cb-94e2-eb83f4d4b3d3{ip: 192.168.151.93, host: pr-hdds-2240-9psb4-3492037919, networkLocation: /default-rack, certSerialId: null} reports an CLOSED replica.
2019-10-13 20:16:25,022 [grpc-default-executor-0] WARN  server.GrpcLogAppender (LogUtils.java:warn(134)) - 1d13c680-5537-46cb-94e2-eb83f4d4b3d3@group-FB92401AD5CF->b1e61060-76d7-4fe3-930c-321a9145abdb-AppendLogResponseHandler: Failed appendEntries: org.apache.ratis.thirdparty.io.grpc.StatusRuntimeException: UNAVAILABLE: io exception
2019-10-13 20:16:25,022 [grpc-default-executor-0] INFO  impl.FollowerInfo (FollowerInfo.java:lambda$new$0(51)) - 1d13c680-5537-46cb-94e2-eb83f4d4b3d3@group-FB92401AD5CF->b1e61060-76d7-4fe3-930c-321a9145abdb: nextIndex: updateUnconditionally 0 -> 0
2019-10-13 20:16:25,153 [EventQueue-ContainerReportForContainerReportHandler] WARN  container.ContainerReportHandler (AbstractContainerReportHandler.java:updateContainerState(145)) - Container #1 is in OPEN state, but the datanode 1d13c680-5537-46cb-94e2-eb83f4d4b3d3{ip: 192.168.151.93, host: pr-hdds-2240-9psb4-3492037919, networkLocation: /default-rack, certSerialId: null} reports an CLOSED replica.
2019-10-13 20:16:25,182 [BlockDeletingService#2] WARN  background.BlockDeletingService (BlockDeletingService.java:isDeletionAllowed(187)) - Close Container log Index 6 is not replicated across allthe servers in the pipeline d3b06565-bf46-4447-bfd8-fb92401ad5cf as the min replicated index is 4. Deletion is not allowed in this container yet.
2019-10-13 20:16:25,182 [BlockDeletingService#2] WARN  background.BlockDeletingService (BlockDeletingService.java:isDeletionAllowed(187)) - Close Container log Index 6 is not replicated across allthe servers in the pipeline d3b06565-bf46-4447-bfd8-fb92401ad5cf as the min replicated index is 4. Deletion is not allowed in this container yet.
2019-10-13 20:16:25,186 [EventQueue-ContainerReportForContainerReportHandler] WARN  container.ContainerReportHandler (AbstractContainerReportHandler.java:updateContainerState(145)) - Container #1 is in OPEN state, but the datanode d7b6d0b0-5bea-41cc-bfbb-05e0db699ec7{ip: 192.168.151.93, host: pr-hdds-2240-9psb4-3492037919, networkLocation: /default-rack, certSerialId: null} reports an CLOSED replica.
2019-10-13 20:16:25,387 [EventQueue-ContainerReportForContainerReportHandler] WARN  container.ContainerReportHandler (AbstractContainerReportHandler.java:updateContainerState(145)) - Container #1 is in OPEN state, but the datanode d7b6d0b0-5bea-41cc-bfbb-05e0db699ec7{ip: 192.168.151.93, host: pr-hdds-2240-9psb4-3492037919, networkLocation: /default-rack, certSerialId: null} reports an CLOSED replica.
2019-10-13 20:16:25,553 [EventQueue-ContainerReportForContainerReportHandler] WARN  container.ContainerReportHandler (AbstractContainerReportHandler.java:updateContainerState(145)) - Container #1 is in OPEN state, but the datanode 1d13c680-5537-46cb-94e2-eb83f4d4b3d3{ip: 192.168.151.93, host: pr-hdds-2240-9psb4-3492037919, networkLocation: /default-rack, certSerialId: null} reports an CLOSED replica.
2019-10-13 20:16:25,588 [EventQueue-ContainerReportForContainerReportHandler] WARN  container.ContainerReportHandler (AbstractContainerReportHandler.java:updateContainerState(145)) - Container #1 is in OPEN state, but the datanode d7b6d0b0-5bea-41cc-bfbb-05e0db699ec7{ip: 192.168.151.93, host: pr-hdds-2240-9psb4-3492037919, networkLocation: /default-rack, certSerialId: null} reports an CLOSED replica.
2019-10-13 20:16:25,753 [EventQueue-ContainerReportForContainerReportHandler] WARN  container.ContainerReportHandler (AbstractContainerReportHandler.java:updateContainerState(145)) - Container #1 is in OPEN state, but the datanode 1d13c680-5537-46cb-94e2-eb83f4d4b3d3{ip: 192.168.151.93, host: pr-hdds-2240-9psb4-3492037919, networkLocation: /default-rack, certSerialId: null} reports an CLOSED replica.
2019-10-13 20:16:25,991 [EventQueue-ContainerReportForContainerReportHandler] WARN  container.ContainerReportHandler (AbstractContainerReportHandler.java:updateContainerState(145)) - Container #1 is in OPEN state, but the datanode d7b6d0b0-5bea-41cc-bfbb-05e0db699ec7{ip: 192.168.151.93, host: pr-hdds-2240-9psb4-3492037919, networkLocation: /default-rack, certSerialId: null} reports an CLOSED replica.
2019-10-13 20:16:26,153 [EventQueue-ContainerReportForContainerReportHandler] WARN  container.ContainerReportHandler (AbstractContainerReportHandler.java:updateContainerState(145)) - Container #1 is in OPEN state, but the datanode 1d13c680-5537-46cb-94e2-eb83f4d4b3d3{ip: 192.168.151.93, host: pr-hdds-2240-9psb4-3492037919, networkLocation: /default-rack, certSerialId: null} reports an CLOSED replica.
2019-10-13 20:16:26,183 [BlockDeletingService#2] WARN  background.BlockDeletingService (BlockDeletingService.java:isDeletionAllowed(187)) - Close Container log Index 6 is not replicated across allthe servers in the pipeline d3b06565-bf46-4447-bfd8-fb92401ad5cf as the min replicated index is 4. Deletion is not allowed in this container yet.
2019-10-13 20:16:26,184 [BlockDeletingService#2] WARN  background.BlockDeletingService (BlockDeletingService.java:isDeletionAllowed(187)) - Close Container log Index 6 is not replicated across allthe servers in the pipeline d3b06565-bf46-4447-bfd8-fb92401ad5cf as the min replicated index is 4. Deletion is not allowed in this container yet.
2019-10-13 20:16:26,291 [EventQueue-ContainerReportForContainerReportHandler] WARN  container.ContainerReportHandler (AbstractContainerReportHandler.java:updateContainerState(145)) - Container #1 is in OPEN state, but the datanode d7b6d0b0-5bea-41cc-bfbb-05e0db699ec7{ip: 192.168.151.93, host: pr-hdds-2240-9psb4-3492037919, networkLocation: /default-rack, certSerialId: null} reports an CLOSED replica.
2019-10-13 20:16:26,453 [EventQueue-ContainerReportForContainerReportHandler] WARN  container.ContainerReportHandler (AbstractContainerReportHandler.java:updateContainerState(145)) - Container #1 is in OPEN state, but the datanode 1d13c680-5537-46cb-94e2-eb83f4d4b3d3{ip: 192.168.151.93, host: pr-hdds-2240-9psb4-3492037919, networkLocation: /default-rack, certSerialId: null} reports an CLOSED replica.
2019-10-13 20:16:26,591 [EventQueue-ContainerReportForContainerReportHandler] WARN  container.ContainerReportHandler (AbstractContainerReportHandler.java:updateContainerState(145)) - Container #1 is in OPEN state, but the datanode d7b6d0b0-5bea-41cc-bfbb-05e0db699ec7{ip: 192.168.151.93, host: pr-hdds-2240-9psb4-3492037919, networkLocation: /default-rack, certSerialId: null} reports an CLOSED replica.
2019-10-13 20:16:26,753 [EventQueue-ContainerReportForContainerReportHandler] WARN  container.ContainerReportHandler (AbstractContainerReportHandler.java:updateContainerState(145)) - Container #1 is in OPEN state, but the datanode 1d13c680-5537-46cb-94e2-eb83f4d4b3d3{ip: 192.168.151.93, host: pr-hdds-2240-9psb4-3492037919, networkLocation: /default-rack, certSerialId: null} reports an CLOSED replica.
2019-10-13 20:16:26,791 [EventQueue-ContainerReportForContainerReportHandler] WARN  container.ContainerReportHandler (AbstractContainerReportHandler.java:updateContainerState(145)) - Container #1 is in OPEN state, but the datanode d7b6d0b0-5bea-41cc-bfbb-05e0db699ec7{ip: 192.168.151.93, host: pr-hdds-2240-9psb4-3492037919, networkLocation: /default-rack, certSerialId: null} reports an CLOSED replica.
2019-10-13 20:16:26,953 [EventQueue-ContainerReportForContainerReportHandler] WARN  container.ContainerReportHandler (AbstractContainerReportHandler.java:updateContainerState(145)) - Container #1 is in OPEN state, but the datanode 1d13c680-5537-46cb-94e2-eb83f4d4b3d3{ip: 192.168.151.93, host: pr-hdds-2240-9psb4-3492037919, networkLocation: /default-rack, certSerialId: null} reports an CLOSED replica.
2019-10-13 20:16:27,091 [EventQueue-ContainerReportForContainerReportHandler] WARN  container.ContainerReportHandler (AbstractContainerReportHandler.java:updateContainerState(145)) - Container #1 is in OPEN state, but the datanode d7b6d0b0-5bea-41cc-bfbb-05e0db699ec7{ip: 192.168.151.93, host: pr-hdds-2240-9psb4-3492037919, networkLocation: /default-rack, certSerialId: null} reports an CLOSED replica.
2019-10-13 20:16:27,186 [BlockDeletingService#2] WARN  background.BlockDeletingService (BlockDeletingService.java:isDeletionAllowed(187)) - Close Container log Index 6 is not replicated across allthe servers in the pipeline d3b06565-bf46-4447-bfd8-fb92401ad5cf as the min replicated index is 4. Deletion is not allowed in this container yet.
2019-10-13 20:16:27,186 [BlockDeletingService#2] WARN  background.BlockDeletingService (BlockDeletingService.java:isDeletionAllowed(187)) - Close Container log Index 6 is not replicated across allthe servers in the pipeline d3b06565-bf46-4447-bfd8-fb92401ad5cf as the min replicated index is 4. Deletion is not allowed in this container yet.
2019-10-13 20:16:27,253 [EventQueue-ContainerReportForContainerReportHandler] WARN  container.ContainerReportHandler (AbstractContainerReportHandler.java:updateContainerState(145)) - Container #1 is in OPEN state, but the datanode 1d13c680-5537-46cb-94e2-eb83f4d4b3d3{ip: 192.168.151.93, host: pr-hdds-2240-9psb4-3492037919, networkLocation: /default-rack, certSerialId: null} reports an CLOSED replica.
2019-10-13 20:16:27,392 [EventQueue-ContainerReportForContainerReportHandler] WARN  container.ContainerReportHandler (AbstractContainerReportHandler.java:updateContainerState(145)) - Container #1 is in OPEN state, but the datanode d7b6d0b0-5bea-41cc-bfbb-05e0db699ec7{ip: 192.168.151.93, host: pr-hdds-2240-9psb4-3492037919, networkLocation: /default-rack, certSerialId: null} reports an CLOSED replica.
2019-10-13 20:16:27,454 [EventQueue-ContainerReportForContainerReportHandler] WARN  container.ContainerReportHandler (AbstractContainerReportHandler.java:updateContainerState(145)) - Container #1 is in OPEN state, but the datanode 1d13c680-5537-46cb-94e2-eb83f4d4b3d3{ip: 192.168.151.93, host: pr-hdds-2240-9psb4-3492037919, networkLocation: /default-rack, certSerialId: null} reports an CLOSED replica.
2019-10-13 20:16:27,537 [grpc-default-executor-1] WARN  server.GrpcLogAppender (LogUtils.java:warn(134)) - 1d13c680-5537-46cb-94e2-eb83f4d4b3d3@group-FB92401AD5CF->b1e61060-76d7-4fe3-930c-321a9145abdb-AppendLogResponseHandler: Failed appendEntries: org.apache.ratis.thirdparty.io.grpc.StatusRuntimeException: UNAVAILABLE: io exception
2019-10-13 20:16:27,537 [grpc-default-executor-1] INFO  impl.FollowerInfo (FollowerInfo.java:lambda$new$0(51)) - 1d13c680-5537-46cb-94e2-eb83f4d4b3d3@group-FB92401AD5CF->b1e61060-76d7-4fe3-930c-321a9145abdb: nextIndex: updateUnconditionally 0 -> 0
2019-10-13 20:16:27,654 [EventQueue-ContainerReportForContainerReportHandler] WARN  container.ContainerReportHandler (AbstractContainerReportHandler.java:updateContainerState(145)) - Container #1 is in OPEN state, but the datanode 1d13c680-5537-46cb-94e2-eb83f4d4b3d3{ip: 192.168.151.93, host: pr-hdds-2240-9psb4-3492037919, networkLocation: /default-rack, certSerialId: null} reports an CLOSED replica.
2019-10-13 20:16:27,691 [EventQueue-ContainerReportForContainerReportHandler] WARN  container.ContainerReportHandler (AbstractContainerReportHandler.java:updateContainerState(145)) - Container #1 is in OPEN state, but the datanode d7b6d0b0-5bea-41cc-bfbb-05e0db699ec7{ip: 192.168.151.93, host: pr-hdds-2240-9psb4-3492037919, networkLocation: /default-rack, certSerialId: null} reports an CLOSED replica.
2019-10-13 20:16:27,891 [EventQueue-ContainerReportForContainerReportHandler] WARN  container.ContainerReportHandler (AbstractContainerReportHandler.java:updateContainerState(145)) - Container #1 is in OPEN state, but the datanode d7b6d0b0-5bea-41cc-bfbb-05e0db699ec7{ip: 192.168.151.93, host: pr-hdds-2240-9psb4-3492037919, networkLocation: /default-rack, certSerialId: null} reports an CLOSED replica.
2019-10-13 20:16:27,954 [EventQueue-ContainerReportForContainerReportHandler] WARN  container.ContainerReportHandler (AbstractContainerReportHandler.java:updateContainerState(145)) - Container #1 is in OPEN state, but the datanode 1d13c680-5537-46cb-94e2-eb83f4d4b3d3{ip: 192.168.151.93, host: pr-hdds-2240-9psb4-3492037919, networkLocation: /default-rack, certSerialId: null} reports an CLOSED replica.
2019-10-13 20:16:27,988 [Thread-381] INFO  client.GrpcClientProtocolService (GrpcClientProtocolService.java:lambda$processClientRequest$0(278)) - Failed RaftClientRequest:client-8C69C1D6A99A->d7b6d0b0-5bea-41cc-bfbb-05e0db699ec7@group-FB92401AD5CF, cid=10, seq=0, Watch-ALL_COMMITTED(6), Message:<EMPTY>, reply=RaftClientReply:client-8C69C1D6A99A->d7b6d0b0-5bea-41cc-bfbb-05e0db699ec7@group-FB92401AD5CF, cid=10, FAILED org.apache.ratis.protocol.NotLeaderException: Server d7b6d0b0-5bea-41cc-bfbb-05e0db699ec7@group-FB92401AD5CF is not the leader 1d13c680-5537-46cb-94e2-eb83f4d4b3d3:192.168.151.93:46245, logIndex=0, commits[d7b6d0b0-5bea-41cc-bfbb-05e0db699ec7:c10, b1e61060-76d7-4fe3-930c-321a9145abdb:c4, 1d13c680-5537-46cb-94e2-eb83f4d4b3d3:c10]
2019-10-13 20:16:28,092 [EventQueue-ContainerReportForContainerReportHandler] WARN  container.ContainerReportHandler (AbstractContainerReportHandler.java:updateContainerState(145)) - Container #1 is in OPEN state, but the datanode d7b6d0b0-5bea-41cc-bfbb-05e0db699ec7{ip: 192.168.151.93, host: pr-hdds-2240-9psb4-3492037919, networkLocation: /default-rack, certSerialId: null} reports an CLOSED replica.
2019-10-13 20:16:28,188 [BlockDeletingService#2] WARN  background.BlockDeletingService (BlockDeletingService.java:isDeletionAllowed(187)) - Close Container log Index 6 is not replicated across allthe servers in the pipeline d3b06565-bf46-4447-bfd8-fb92401ad5cf as the min replicated index is 4. Deletion is not allowed in this container yet.
2019-10-13 20:16:28,188 [BlockDeletingService#2] WARN  background.BlockDeletingService (BlockDeletingService.java:isDeletionAllowed(187)) - Close Container log Index 6 is not replicated across allthe servers in the pipeline d3b06565-bf46-4447-bfd8-fb92401ad5cf as the min replicated index is 4. Deletion is not allowed in this container yet.
2019-10-13 20:16:28,259 [EventQueue-ContainerReportForContainerReportHandler] WARN  container.ContainerReportHandler (AbstractContainerReportHandler.java:updateContainerState(145)) - Container #1 is in OPEN state, but the datanode 1d13c680-5537-46cb-94e2-eb83f4d4b3d3{ip: 192.168.151.93, host: pr-hdds-2240-9psb4-3492037919, networkLocation: /default-rack, certSerialId: null} reports an CLOSED replica.
2019-10-13 20:16:28,492 [EventQueue-ContainerReportForContainerReportHandler] WARN  container.ContainerReportHandler (AbstractContainerReportHandler.java:updateContainerState(145)) - Container #1 is in OPEN state, but the datanode d7b6d0b0-5bea-41cc-bfbb-05e0db699ec7{ip: 192.168.151.93, host: pr-hdds-2240-9psb4-3492037919, networkLocation: /default-rack, certSerialId: null} reports an CLOSED replica.
2019-10-13 20:16:28,658 [EventQueue-ContainerReportForContainerReportHandler] WARN  container.ContainerReportHandler (AbstractContainerReportHandler.java:updateContainerState(145)) - Container #1 is in OPEN state, but the datanode 1d13c680-5537-46cb-94e2-eb83f4d4b3d3{ip: 192.168.151.93, host: pr-hdds-2240-9psb4-3492037919, networkLocation: /default-rack, certSerialId: null} reports an CLOSED replica.
2019-10-13 20:16:28,792 [EventQueue-ContainerReportForContainerReportHandler] WARN  container.ContainerReportHandler (AbstractContainerReportHandler.java:updateContainerState(145)) - Container #1 is in OPEN state, but the datanode d7b6d0b0-5bea-41cc-bfbb-05e0db699ec7{ip: 192.168.151.93, host: pr-hdds-2240-9psb4-3492037919, networkLocation: /default-rack, certSerialId: null} reports an CLOSED replica.
2019-10-13 20:16:28,858 [EventQueue-ContainerReportForContainerReportHandler] WARN  container.ContainerReportHandler (AbstractContainerReportHandler.java:updateContainerState(145)) - Container #1 is in OPEN state, but the datanode 1d13c680-5537-46cb-94e2-eb83f4d4b3d3{ip: 192.168.151.93, host: pr-hdds-2240-9psb4-3492037919, networkLocation: /default-rack, certSerialId: null} reports an CLOSED replica.
2019-10-13 20:16:29,056 [Thread-386] INFO  client.GrpcClientProtocolService (GrpcClientProtocolService.java:lambda$processClientRequest$0(278)) - Failed RaftClientRequest:client-8C69C1D6A99A->1d13c680-5537-46cb-94e2-eb83f4d4b3d3@group-FB92401AD5CF, cid=10, seq=0, Watch-ALL_COMMITTED(6), Message:<EMPTY>, reply=RaftClientReply:client-8C69C1D6A99A->1d13c680-5537-46cb-94e2-eb83f4d4b3d3@group-FB92401AD5CF, cid=10, FAILED org.apache.ratis.protocol.NotReplicatedException: Request with call Id 10 and log index 6 is not yet replicated to ALL_COMMITTED, logIndex=6, commits[1d13c680-5537-46cb-94e2-eb83f4d4b3d3:c10, b1e61060-76d7-4fe3-930c-321a9145abdb:c4, d7b6d0b0-5bea-41cc-bfbb-05e0db699ec7:c10]
2019-10-13 20:16:29,092 [EventQueue-ContainerReportForContainerReportHandler] WARN  container.ContainerReportHandler (AbstractContainerReportHandler.java:updateContainerState(145)) - Container #1 is in OPEN state, but the datanode d7b6d0b0-5bea-41cc-bfbb-05e0db699ec7{ip: 192.168.151.93, host: pr-hdds-2240-9psb4-3492037919, networkLocation: /default-rack, certSerialId: null} reports an CLOSED replica.
2019-10-13 20:16:29,190 [BlockDeletingService#2] WARN  background.BlockDeletingService (BlockDeletingService.java:isDeletionAllowed(187)) - Close Container log Index 6 is not replicated across allthe servers in the pipeline d3b06565-bf46-4447-bfd8-fb92401ad5cf as the min replicated index is 4. Deletion is not allowed in this container yet.
2019-10-13 20:16:29,193 [BlockDeletingService#2] WARN  background.BlockDeletingService (BlockDeletingService.java:isDeletionAllowed(187)) - Close Container log Index 6 is not replicated across allthe servers in the pipeline d3b06565-bf46-4447-bfd8-fb92401ad5cf as the min replicated index is 4. Deletion is not allowed in this container yet.
2019-10-13 20:16:29,260 [EventQueue-ContainerReportForContainerReportHandler] WARN  container.ContainerReportHandler (AbstractContainerReportHandler.java:updateContainerState(145)) - Container #1 is in OPEN state, but the datanode 1d13c680-5537-46cb-94e2-eb83f4d4b3d3{ip: 192.168.151.93, host: pr-hdds-2240-9psb4-3492037919, networkLocation: /default-rack, certSerialId: null} reports an CLOSED replica.
2019-10-13 20:16:29,393 [EventQueue-ContainerReportForContainerReportHandler] WARN  container.ContainerReportHandler (AbstractContainerReportHandler.java:updateContainerState(145)) - Container #1 is in OPEN state, but the datanode d7b6d0b0-5bea-41cc-bfbb-05e0db699ec7{ip: 192.168.151.93, host: pr-hdds-2240-9psb4-3492037919, networkLocation: /default-rack, certSerialId: null} reports an CLOSED replica.
2019-10-13 20:16:29,461 [EventQueue-ContainerReportForContainerReportHandler] WARN  container.ContainerReportHandler (AbstractContainerReportHandler.java:updateContainerState(145)) - Container #1 is in OPEN state, but the datanode 1d13c680-5537-46cb-94e2-eb83f4d4b3d3{ip: 192.168.151.93, host: pr-hdds-2240-9psb4-3492037919, networkLocation: /default-rack, certSerialId: null} reports an CLOSED replica.
2019-10-13 20:16:29,694 [EventQueue-ContainerReportForContainerReportHandler] WARN  container.ContainerReportHandler (AbstractContainerReportHandler.java:updateContainerState(145)) - Container #1 is in OPEN state, but the datanode d7b6d0b0-5bea-41cc-bfbb-05e0db699ec7{ip: 192.168.151.93, host: pr-hdds-2240-9psb4-3492037919, networkLocation: /default-rack, certSerialId: null} reports an CLOSED replica.
2019-10-13 20:16:29,761 [EventQueue-ContainerReportForContainerReportHandler] WARN  container.ContainerReportHandler (AbstractContainerReportHandler.java:updateContainerState(145)) - Container #1 is in OPEN state, but the datanode 1d13c680-5537-46cb-94e2-eb83f4d4b3d3{ip: 192.168.151.93, host: pr-hdds-2240-9psb4-3492037919, networkLocation: /default-rack, certSerialId: null} reports an CLOSED replica.
2019-10-13 20:16:29,896 [EventQueue-ContainerReportForContainerReportHandler] WARN  container.ContainerReportHandler (AbstractContainerReportHandler.java:updateContainerState(145)) - Container #1 is in OPEN state, but the datanode d7b6d0b0-5bea-41cc-bfbb-05e0db699ec7{ip: 192.168.151.93, host: pr-hdds-2240-9psb4-3492037919, networkLocation: /default-rack, certSerialId: null} reports an CLOSED replica.
2019-10-13 20:16:29,964 [EventQueue-ContainerReportForContainerReportHandler] WARN  container.ContainerReportHandler (AbstractContainerReportHandler.java:updateContainerState(145)) - Container #1 is in OPEN state, but the datanode 1d13c680-5537-46cb-94e2-eb83f4d4b3d3{ip: 192.168.151.93, host: pr-hdds-2240-9psb4-3492037919, networkLocation: /default-rack, certSerialId: null} reports an CLOSED replica.
2019-10-13 20:16:30,038 [grpc-default-executor-0] WARN  server.GrpcLogAppender (LogUtils.java:warn(134)) - 1d13c680-5537-46cb-94e2-eb83f4d4b3d3@group-FB92401AD5CF->b1e61060-76d7-4fe3-930c-321a9145abdb-AppendLogResponseHandler: Failed appendEntries: org.apache.ratis.thirdparty.io.grpc.StatusRuntimeException: UNAVAILABLE: io exception
2019-10-13 20:16:30,039 [grpc-default-executor-0] INFO  impl.FollowerInfo (FollowerInfo.java:lambda$new$0(51)) - 1d13c680-5537-46cb-94e2-eb83f4d4b3d3@group-FB92401AD5CF->b1e61060-76d7-4fe3-930c-321a9145abdb: nextIndex: updateUnconditionally 0 -> 0
2019-10-13 20:16:30,193 [BlockDeletingService#2] WARN  background.BlockDeletingService (BlockDeletingService.java:isDeletionAllowed(187)) - Close Container log Index 6 is not replicated across allthe servers in the pipeline d3b06565-bf46-4447-bfd8-fb92401ad5cf as the min replicated index is 4. Deletion is not allowed in this container yet.
2019-10-13 20:16:30,194 [BlockDeletingService#2] WARN  background.BlockDeletingService (BlockDeletingService.java:isDeletionAllowed(187)) - Close Container log Index 6 is not replicated across allthe servers in the pipeline d3b06565-bf46-4447-bfd8-fb92401ad5cf as the min replicated index is 4. Deletion is not allowed in this container yet.
2019-10-13 20:16:30,196 [EventQueue-ContainerReportForContainerReportHandler] WARN  container.ContainerReportHandler (AbstractContainerReportHandler.java:updateContainerState(145)) - Container #1 is in OPEN state, but the datanode d7b6d0b0-5bea-41cc-bfbb-05e0db699ec7{ip: 192.168.151.93, host: pr-hdds-2240-9psb4-3492037919, networkLocation: /default-rack, certSerialId: null} reports an CLOSED replica.
2019-10-13 20:16:30,366 [EventQueue-ContainerReportForContainerReportHandler] WARN  container.ContainerReportHandler (AbstractContainerReportHandler.java:updateContainerState(145)) - Container #1 is in OPEN state, but the datanode 1d13c680-5537-46cb-94e2-eb83f4d4b3d3{ip: 192.168.151.93, host: pr-hdds-2240-9psb4-3492037919, networkLocation: /default-rack, certSerialId: null} reports an CLOSED replica.
2019-10-13 20:16:30,396 [EventQueue-ContainerReportForContainerReportHandler] WARN  container.ContainerReportHandler (AbstractContainerReportHandler.java:updateContainerState(145)) - Container #1 is in OPEN state, but the datanode d7b6d0b0-5bea-41cc-bfbb-05e0db699ec7{ip: 192.168.151.93, host: pr-hdds-2240-9psb4-3492037919, networkLocation: /default-rack, certSerialId: null} reports an CLOSED replica.
2019-10-13 20:16:30,566 [EventQueue-ContainerReportForContainerReportHandler] WARN  container.ContainerReportHandler (AbstractContainerReportHandler.java:updateContainerState(145)) - Container #1 is in OPEN state, but the datanode 1d13c680-5537-46cb-94e2-eb83f4d4b3d3{ip: 192.168.151.93, host: pr-hdds-2240-9psb4-3492037919, networkLocation: /default-rack, certSerialId: null} reports an CLOSED replica.
2019-10-13 20:16:30,796 [EventQueue-ContainerReportForContainerReportHandler] WARN  container.ContainerReportHandler (AbstractContainerReportHandler.java:updateContainerState(145)) - Container #1 is in OPEN state, but the datanode d7b6d0b0-5bea-41cc-bfbb-05e0db699ec7{ip: 192.168.151.93, host: pr-hdds-2240-9psb4-3492037919, networkLocation: /default-rack, certSerialId: null} reports an CLOSED replica.
2019-10-13 20:16:30,966 [EventQueue-ContainerReportForContainerReportHandler] WARN  container.ContainerReportHandler (AbstractContainerReportHandler.java:updateContainerState(145)) - Container #1 is in OPEN state, but the datanode 1d13c680-5537-46cb-94e2-eb83f4d4b3d3{ip: 192.168.151.93, host: pr-hdds-2240-9psb4-3492037919, networkLocation: /default-rack, certSerialId: null} reports an CLOSED replica.
2019-10-13 20:16:31,195 [BlockDeletingService#2] WARN  background.BlockDeletingService (BlockDeletingService.java:isDeletionAllowed(187)) - Close Container log Index 6 is not replicated across allthe servers in the pipeline d3b06565-bf46-4447-bfd8-fb92401ad5cf as the min replicated index is 4. Deletion is not allowed in this container yet.
2019-10-13 20:16:31,195 [BlockDeletingService#2] WARN  background.BlockDeletingService (BlockDeletingService.java:isDeletionAllowed(187)) - Close Container log Index 6 is not replicated across allthe servers in the pipeline d3b06565-bf46-4447-bfd8-fb92401ad5cf as the min replicated index is 4. Deletion is not allowed in this container yet.
2019-10-13 20:16:31,196 [EventQueue-ContainerReportForContainerReportHandler] WARN  container.ContainerReportHandler (AbstractContainerReportHandler.java:updateContainerState(145)) - Container #1 is in OPEN state, but the datanode d7b6d0b0-5bea-41cc-bfbb-05e0db699ec7{ip: 192.168.151.93, host: pr-hdds-2240-9psb4-3492037919, networkLocation: /default-rack, certSerialId: null} reports an CLOSED replica.
2019-10-13 20:16:31,266 [EventQueue-ContainerReportForContainerReportHandler] WARN  container.ContainerReportHandler (AbstractContainerReportHandler.java:updateContainerState(145)) - Container #1 is in OPEN state, but the datanode 1d13c680-5537-46cb-94e2-eb83f4d4b3d3{ip: 192.168.151.93, host: pr-hdds-2240-9psb4-3492037919, networkLocation: /default-rack, certSerialId: null} reports an CLOSED replica.
2019-10-13 20:16:31,396 [EventQueue-ContainerReportForContainerReportHandler] WARN  container.ContainerReportHandler (AbstractContainerReportHandler.java:updateContainerState(145)) - Container #1 is in OPEN state, but the datanode d7b6d0b0-5bea-41cc-bfbb-05e0db699ec7{ip: 192.168.151.93, host: pr-hdds-2240-9psb4-3492037919, networkLocation: /default-rack, certSerialId: null} reports an CLOSED replica.
2019-10-13 20:16:31,668 [EventQueue-ContainerReportForContainerReportHandler] WARN  container.ContainerReportHandler (AbstractContainerReportHandler.java:updateContainerState(145)) - Container #1 is in OPEN state, but the datanode 1d13c680-5537-46cb-94e2-eb83f4d4b3d3{ip: 192.168.151.93, host: pr-hdds-2240-9psb4-3492037919, networkLocation: /default-rack, certSerialId: null} reports an CLOSED replica.
2019-10-13 20:16:31,798 [EventQueue-ContainerReportForContainerReportHandler] WARN  container.ContainerReportHandler (AbstractContainerReportHandler.java:updateContainerState(145)) - Container #1 is in OPEN state, but the datanode d7b6d0b0-5bea-41cc-bfbb-05e0db699ec7{ip: 192.168.151.93, host: pr-hdds-2240-9psb4-3492037919, networkLocation: /default-rack, certSerialId: null} reports an CLOSED replica.
2019-10-13 20:16:31,968 [EventQueue-ContainerReportForContainerReportHandler] WARN  container.ContainerReportHandler (AbstractContainerReportHandler.java:updateContainerState(145)) - Container #1 is in OPEN state, but the datanode 1d13c680-5537-46cb-94e2-eb83f4d4b3d3{ip: 192.168.151.93, host: pr-hdds-2240-9psb4-3492037919, networkLocation: /default-rack, certSerialId: null} reports an CLOSED replica.
2019-10-13 20:16:31,998 [EventQueue-ContainerReportForContainerReportHandler] WARN  container.ContainerReportHandler (AbstractContainerReportHandler.java:updateContainerState(145)) - Container #1 is in OPEN state, but the datanode d7b6d0b0-5bea-41cc-bfbb-05e0db699ec7{ip: 192.168.151.93, host: pr-hdds-2240-9psb4-3492037919, networkLocation: /default-rack, certSerialId: null} reports an CLOSED replica.
2019-10-13 20:16:32,196 [BlockDeletingService#2] WARN  background.BlockDeletingService (BlockDeletingService.java:isDeletionAllowed(187)) - Close Container log Index 6 is not replicated across allthe servers in the pipeline d3b06565-bf46-4447-bfd8-fb92401ad5cf as the min replicated index is 4. Deletion is not allowed in this container yet.
2019-10-13 20:16:32,196 [BlockDeletingService#2] WARN  background.BlockDeletingService (BlockDeletingService.java:isDeletionAllowed(187)) - Close Container log Index 6 is not replicated across allthe servers in the pipeline d3b06565-bf46-4447-bfd8-fb92401ad5cf as the min replicated index is 4. Deletion is not allowed in this container yet.
2019-10-13 20:16:32,269 [EventQueue-ContainerReportForContainerReportHandler] WARN  container.ContainerReportHandler (AbstractContainerReportHandler.java:updateContainerState(145)) - Container #1 is in OPEN state, but the datanode 1d13c680-5537-46cb-94e2-eb83f4d4b3d3{ip: 192.168.151.93, host: pr-hdds-2240-9psb4-3492037919, networkLocation: /default-rack, certSerialId: null} reports an CLOSED replica.
2019-10-13 20:16:32,298 [EventQueue-ContainerReportForContainerReportHandler] WARN  container.ContainerReportHandler (AbstractContainerReportHandler.java:updateContainerState(145)) - Container #1 is in OPEN state, but the datanode d7b6d0b0-5bea-41cc-bfbb-05e0db699ec7{ip: 192.168.151.93, host: pr-hdds-2240-9psb4-3492037919, networkLocation: /default-rack, certSerialId: null} reports an CLOSED replica.
2019-10-13 20:16:32,541 [grpc-default-executor-0] WARN  server.GrpcLogAppender (LogUtils.java:warn(134)) - 1d13c680-5537-46cb-94e2-eb83f4d4b3d3@group-FB92401AD5CF->b1e61060-76d7-4fe3-930c-321a9145abdb-AppendLogResponseHandler: Failed appendEntries: org.apache.ratis.thirdparty.io.grpc.StatusRuntimeException: UNAVAILABLE: io exception
2019-10-13 20:16:32,541 [grpc-default-executor-0] INFO  impl.FollowerInfo (FollowerInfo.java:lambda$new$0(51)) - 1d13c680-5537-46cb-94e2-eb83f4d4b3d3@group-FB92401AD5CF->b1e61060-76d7-4fe3-930c-321a9145abdb: nextIndex: updateUnconditionally 0 -> 0
2019-10-13 20:16:32,570 [EventQueue-ContainerReportForContainerReportHandler] WARN  container.ContainerReportHandler (AbstractContainerReportHandler.java:updateContainerState(145)) - Container #1 is in OPEN state, but the datanode 1d13c680-5537-46cb-94e2-eb83f4d4b3d3{ip: 192.168.151.93, host: pr-hdds-2240-9psb4-3492037919, networkLocation: /default-rack, certSerialId: null} reports an CLOSED replica.
2019-10-13 20:16:32,698 [EventQueue-ContainerReportForContainerReportHandler] WARN  container.ContainerReportHandler (AbstractContainerReportHandler.java:updateContainerState(145)) - Container #1 is in OPEN state, but the datanode d7b6d0b0-5bea-41cc-bfbb-05e0db699ec7{ip: 192.168.151.93, host: pr-hdds-2240-9psb4-3492037919, networkLocation: /default-rack, certSerialId: null} reports an CLOSED replica.
2019-10-13 20:16:32,869 [EventQueue-ContainerReportForContainerReportHandler] WARN  container.ContainerReportHandler (AbstractContainerReportHandler.java:updateContainerState(145)) - Container #1 is in OPEN state, but the datanode 1d13c680-5537-46cb-94e2-eb83f4d4b3d3{ip: 192.168.151.93, host: pr-hdds-2240-9psb4-3492037919, networkLocation: /default-rack, certSerialId: null} reports an CLOSED replica.
2019-10-13 20:16:33,098 [EventQueue-ContainerReportForContainerReportHandler] WARN  container.ContainerReportHandler (AbstractContainerReportHandler.java:updateContainerState(145)) - Container #1 is in OPEN state, but the datanode d7b6d0b0-5bea-41cc-bfbb-05e0db699ec7{ip: 192.168.151.93, host: pr-hdds-2240-9psb4-3492037919, networkLocation: /default-rack, certSerialId: null} reports an CLOSED replica.
2019-10-13 20:16:33,169 [EventQueue-ContainerReportForContainerReportHandler] WARN  container.ContainerReportHandler (AbstractContainerReportHandler.java:updateContainerState(145)) - Container #1 is in OPEN state, but the datanode 1d13c680-5537-46cb-94e2-eb83f4d4b3d3{ip: 192.168.151.93, host: pr-hdds-2240-9psb4-3492037919, networkLocation: /default-rack, certSerialId: null} reports an CLOSED replica.
2019-10-13 20:16:33,197 [BlockDeletingService#2] WARN  background.BlockDeletingService (BlockDeletingService.java:isDeletionAllowed(187)) - Close Container log Index 6 is not replicated across allthe servers in the pipeline d3b06565-bf46-4447-bfd8-fb92401ad5cf as the min replicated index is 4. Deletion is not allowed in this container yet.
2019-10-13 20:16:33,197 [BlockDeletingService#2] WARN  background.BlockDeletingService (BlockDeletingService.java:isDeletionAllowed(187)) - Close Container log Index 6 is not replicated across allthe servers in the pipeline d3b06565-bf46-4447-bfd8-fb92401ad5cf as the min replicated index is 4. Deletion is not allowed in this container yet.
2019-10-13 20:16:33,299 [EventQueue-ContainerReportForContainerReportHandler] WARN  container.ContainerReportHandler (AbstractContainerReportHandler.java:updateContainerState(145)) - Container #1 is in OPEN state, but the datanode d7b6d0b0-5bea-41cc-bfbb-05e0db699ec7{ip: 192.168.151.93, host: pr-hdds-2240-9psb4-3492037919, networkLocation: /default-rack, certSerialId: null} reports an CLOSED replica.
2019-10-13 20:16:33,471 [EventQueue-ContainerReportForContainerReportHandler] WARN  container.ContainerReportHandler (AbstractContainerReportHandler.java:updateContainerState(145)) - Container #1 is in OPEN state, but the datanode 1d13c680-5537-46cb-94e2-eb83f4d4b3d3{ip: 192.168.151.93, host: pr-hdds-2240-9psb4-3492037919, networkLocation: /default-rack, certSerialId: null} reports an CLOSED replica.
2019-10-13 20:16:33,673 [EventQueue-ContainerReportForContainerReportHandler] WARN  container.ContainerReportHandler (AbstractContainerReportHandler.java:updateContainerState(145)) - Container #1 is in OPEN state, but the datanode 1d13c680-5537-46cb-94e2-eb83f4d4b3d3{ip: 192.168.151.93, host: pr-hdds-2240-9psb4-3492037919, networkLocation: /default-rack, certSerialId: null} reports an CLOSED replica.
2019-10-13 20:16:33,699 [EventQueue-ContainerReportForContainerReportHandler] WARN  container.ContainerReportHandler (AbstractContainerReportHandler.java:updateContainerState(145)) - Container #1 is in OPEN state, but the datanode d7b6d0b0-5bea-41cc-bfbb-05e0db699ec7{ip: 192.168.151.93, host: pr-hdds-2240-9psb4-3492037919, networkLocation: /default-rack, certSerialId: null} reports an CLOSED replica.
2019-10-13 20:16:33,908 [EventQueue-ContainerReportForContainerReportHandler] WARN  container.ContainerReportHandler (AbstractContainerReportHandler.java:updateContainerState(145)) - Container #1 is in OPEN state, but the datanode d7b6d0b0-5bea-41cc-bfbb-05e0db699ec7{ip: 192.168.151.93, host: pr-hdds-2240-9psb4-3492037919, networkLocation: /default-rack, certSerialId: null} reports an CLOSED replica.
2019-10-13 20:16:34,074 [EventQueue-ContainerReportForContainerReportHandler] WARN  container.ContainerReportHandler (AbstractContainerReportHandler.java:updateContainerState(145)) - Container #1 is in OPEN state, but the datanode 1d13c680-5537-46cb-94e2-eb83f4d4b3d3{ip: 192.168.151.93, host: pr-hdds-2240-9psb4-3492037919, networkLocation: /default-rack, certSerialId: null} reports an CLOSED replica.
2019-10-13 20:16:34,199 [BlockDeletingService#2] WARN  background.BlockDeletingService (BlockDeletingService.java:isDeletionAllowed(187)) - Close Container log Index 6 is not replicated across allthe servers in the pipeline d3b06565-bf46-4447-bfd8-fb92401ad5cf as the min replicated index is 4. Deletion is not allowed in this container yet.
2019-10-13 20:16:34,199 [BlockDeletingService#2] WARN  background.BlockDeletingService (BlockDeletingService.java:isDeletionAllowed(187)) - Close Container log Index 6 is not replicated across allthe servers in the pipeline d3b06565-bf46-4447-bfd8-fb92401ad5cf as the min replicated index is 4. Deletion is not allowed in this container yet.
2019-10-13 20:16:34,308 [EventQueue-ContainerReportForContainerReportHandler] WARN  container.ContainerReportHandler (AbstractContainerReportHandler.java:updateContainerState(145)) - Container #1 is in OPEN state, but the datanode d7b6d0b0-5bea-41cc-bfbb-05e0db699ec7{ip: 192.168.151.93, host: pr-hdds-2240-9psb4-3492037919, networkLocation: /default-rack, certSerialId: null} reports an CLOSED replica.
2019-10-13 20:16:34,378 [EventQueue-ContainerReportForContainerReportHandler] WARN  container.ContainerReportHandler (AbstractContainerReportHandler.java:updateContainerState(145)) - Container #1 is in OPEN state, but the datanode 1d13c680-5537-46cb-94e2-eb83f4d4b3d3{ip: 192.168.151.93, host: pr-hdds-2240-9psb4-3492037919, networkLocation: /default-rack, certSerialId: null} reports an CLOSED replica.
2019-10-13 20:16:34,708 [EventQueue-ContainerReportForContainerReportHandler] WARN  container.ContainerReportHandler (AbstractContainerReportHandler.java:updateContainerState(145)) - Container #1 is in OPEN state, but the datanode d7b6d0b0-5bea-41cc-bfbb-05e0db699ec7{ip: 192.168.151.93, host: pr-hdds-2240-9psb4-3492037919, networkLocation: /default-rack, certSerialId: null} reports an CLOSED replica.
2019-10-13 20:16:34,778 [EventQueue-ContainerReportForContainerReportHandler] WARN  container.ContainerReportHandler (AbstractContainerReportHandler.java:updateContainerState(145)) - Container #1 is in OPEN state, but the datanode 1d13c680-5537-46cb-94e2-eb83f4d4b3d3{ip: 192.168.151.93, host: pr-hdds-2240-9psb4-3492037919, networkLocation: /default-rack, certSerialId: null} reports an CLOSED replica.
2019-10-13 20:16:35,009 [EventQueue-ContainerReportForContainerReportHandler] WARN  container.ContainerReportHandler (AbstractContainerReportHandler.java:updateContainerState(145)) - Container #1 is in OPEN state, but the datanode d7b6d0b0-5bea-41cc-bfbb-05e0db699ec7{ip: 192.168.151.93, host: pr-hdds-2240-9psb4-3492037919, networkLocation: /default-rack, certSerialId: null} reports an CLOSED replica.
2019-10-13 20:16:35,045 [grpc-default-executor-0] WARN  server.GrpcLogAppender (LogUtils.java:warn(134)) - 1d13c680-5537-46cb-94e2-eb83f4d4b3d3@group-FB92401AD5CF->b1e61060-76d7-4fe3-930c-321a9145abdb-AppendLogResponseHandler: Failed appendEntries: org.apache.ratis.thirdparty.io.grpc.StatusRuntimeException: UNAVAILABLE: io exception
2019-10-13 20:16:35,045 [grpc-default-executor-0] INFO  impl.FollowerInfo (FollowerInfo.java:lambda$new$0(51)) - 1d13c680-5537-46cb-94e2-eb83f4d4b3d3@group-FB92401AD5CF->b1e61060-76d7-4fe3-930c-321a9145abdb: nextIndex: updateUnconditionally 0 -> 0
2019-10-13 20:16:35,178 [EventQueue-ContainerReportForContainerReportHandler] WARN  container.ContainerReportHandler (AbstractContainerReportHandler.java:updateContainerState(145)) - Container #1 is in OPEN state, but the datanode 1d13c680-5537-46cb-94e2-eb83f4d4b3d3{ip: 192.168.151.93, host: pr-hdds-2240-9psb4-3492037919, networkLocation: /default-rack, certSerialId: null} reports an CLOSED replica.
2019-10-13 20:16:35,200 [BlockDeletingService#2] WARN  background.BlockDeletingService (BlockDeletingService.java:isDeletionAllowed(187)) - Close Container log Index 6 is not replicated across allthe servers in the pipeline d3b06565-bf46-4447-bfd8-fb92401ad5cf as the min replicated index is 4. Deletion is not allowed in this container yet.
2019-10-13 20:16:35,200 [BlockDeletingService#2] WARN  background.BlockDeletingService (BlockDeletingService.java:isDeletionAllowed(187)) - Close Container log Index 6 is not replicated across allthe servers in the pipeline d3b06565-bf46-4447-bfd8-fb92401ad5cf as the min replicated index is 4. Deletion is not allowed in this container yet.
2019-10-13 20:16:35,209 [EventQueue-ContainerReportForContainerReportHandler] WARN  container.ContainerReportHandler (AbstractContainerReportHandler.java:updateContainerState(145)) - Container #1 is in OPEN state, but the datanode d7b6d0b0-5bea-41cc-bfbb-05e0db699ec7{ip: 192.168.151.93, host: pr-hdds-2240-9psb4-3492037919, networkLocation: /default-rack, certSerialId: null} reports an CLOSED replica.
2019-10-13 20:16:35,479 [EventQueue-ContainerReportForContainerReportHandler] WARN  container.ContainerReportHandler (AbstractContainerReportHandler.java:updateContainerState(145)) - Container #1 is in OPEN state, but the datanode 1d13c680-5537-46cb-94e2-eb83f4d4b3d3{ip: 192.168.151.93, host: pr-hdds-2240-9psb4-3492037919, networkLocation: /default-rack, certSerialId: null} reports an CLOSED replica.
2019-10-13 20:16:35,611 [EventQueue-ContainerReportForContainerReportHandler] WARN  container.ContainerReportHandler (AbstractContainerReportHandler.java:updateContainerState(145)) - Container #1 is in OPEN state, but the datanode d7b6d0b0-5bea-41cc-bfbb-05e0db699ec7{ip: 192.168.151.93, host: pr-hdds-2240-9psb4-3492037919, networkLocation: /default-rack, certSerialId: null} reports an CLOSED replica.
2019-10-13 20:16:35,779 [EventQueue-ContainerReportForContainerReportHandler] WARN  container.ContainerReportHandler (AbstractContainerReportHandler.java:updateContainerState(145)) - Container #1 is in OPEN state, but the datanode 1d13c680-5537-46cb-94e2-eb83f4d4b3d3{ip: 192.168.151.93, host: pr-hdds-2240-9psb4-3492037919, networkLocation: /default-rack, certSerialId: null} reports an CLOSED replica.
2019-10-13 20:16:35,911 [EventQueue-ContainerReportForContainerReportHandler] WARN  container.ContainerReportHandler (AbstractContainerReportHandler.java:updateContainerState(145)) - Container #1 is in OPEN state, but the datanode d7b6d0b0-5bea-41cc-bfbb-05e0db699ec7{ip: 192.168.151.93, host: pr-hdds-2240-9psb4-3492037919, networkLocation: /default-rack, certSerialId: null} reports an CLOSED replica.
2019-10-13 20:16:36,179 [EventQueue-ContainerReportForContainerReportHandler] WARN  container.ContainerReportHandler (AbstractContainerReportHandler.java:updateContainerState(145)) - Container #1 is in OPEN state, but the datanode 1d13c680-5537-46cb-94e2-eb83f4d4b3d3{ip: 192.168.151.93, host: pr-hdds-2240-9psb4-3492037919, networkLocation: /default-rack, certSerialId: null} reports an CLOSED replica.
2019-10-13 20:16:36,201 [BlockDeletingService#2] WARN  background.BlockDeletingService (BlockDeletingService.java:isDeletionAllowed(187)) - Close Container log Index 6 is not replicated across allthe servers in the pipeline d3b06565-bf46-4447-bfd8-fb92401ad5cf as the min replicated index is 4. Deletion is not allowed in this container yet.
2019-10-13 20:16:36,201 [BlockDeletingService#2] WARN  background.BlockDeletingService (BlockDeletingService.java:isDeletionAllowed(187)) - Close Container log Index 6 is not replicated across allthe servers in the pipeline d3b06565-bf46-4447-bfd8-fb92401ad5cf as the min replicated index is 4. Deletion is not allowed in this container yet.
2019-10-13 20:16:36,211 [EventQueue-ContainerReportForContainerReportHandler] WARN  container.ContainerReportHandler (AbstractContainerReportHandler.java:updateContainerState(145)) - Container #1 is in OPEN state, but the datanode d7b6d0b0-5bea-41cc-bfbb-05e0db699ec7{ip: 192.168.151.93, host: pr-hdds-2240-9psb4-3492037919, networkLocation: /default-rack, certSerialId: null} reports an CLOSED replica.
2019-10-13 20:16:36,480 [EventQueue-ContainerReportForContainerReportHandler] WARN  container.ContainerReportHandler (AbstractContainerReportHandler.java:updateContainerState(145)) - Container #1 is in OPEN state, but the datanode 1d13c680-5537-46cb-94e2-eb83f4d4b3d3{ip: 192.168.151.93, host: pr-hdds-2240-9psb4-3492037919, networkLocation: /default-rack, certSerialId: null} reports an CLOSED replica.
2019-10-13 20:16:36,511 [EventQueue-ContainerReportForContainerReportHandler] WARN  container.ContainerReportHandler (AbstractContainerReportHandler.java:updateContainerState(145)) - Container #1 is in OPEN state, but the datanode d7b6d0b0-5bea-41cc-bfbb-05e0db699ec7{ip: 192.168.151.93, host: pr-hdds-2240-9psb4-3492037919, networkLocation: /default-rack, certSerialId: null} reports an CLOSED replica.
2019-10-13 20:16:36,679 [EventQueue-ContainerReportForContainerReportHandler] WARN  container.ContainerReportHandler (AbstractContainerReportHandler.java:updateContainerState(145)) - Container #1 is in OPEN state, but the datanode 1d13c680-5537-46cb-94e2-eb83f4d4b3d3{ip: 192.168.151.93, host: pr-hdds-2240-9psb4-3492037919, networkLocation: /default-rack, certSerialId: null} reports an CLOSED replica.
2019-10-13 20:16:36,711 [EventQueue-ContainerReportForContainerReportHandler] WARN  container.ContainerReportHandler (AbstractContainerReportHandler.java:updateContainerState(145)) - Container #1 is in OPEN state, but the datanode d7b6d0b0-5bea-41cc-bfbb-05e0db699ec7{ip: 192.168.151.93, host: pr-hdds-2240-9psb4-3492037919, networkLocation: /default-rack, certSerialId: null} reports an CLOSED replica.
2019-10-13 20:16:37,011 [EventQueue-ContainerReportForContainerReportHandler] WARN  container.ContainerReportHandler (AbstractContainerReportHandler.java:updateContainerState(145)) - Container #1 is in OPEN state, but the datanode d7b6d0b0-5bea-41cc-bfbb-05e0db699ec7{ip: 192.168.151.93, host: pr-hdds-2240-9psb4-3492037919, networkLocation: /default-rack, certSerialId: null} reports an CLOSED replica.
2019-10-13 20:16:37,079 [EventQueue-ContainerReportForContainerReportHandler] WARN  container.ContainerReportHandler (AbstractContainerReportHandler.java:updateContainerState(145)) - Container #1 is in OPEN state, but the datanode 1d13c680-5537-46cb-94e2-eb83f4d4b3d3{ip: 192.168.151.93, host: pr-hdds-2240-9psb4-3492037919, networkLocation: /default-rack, certSerialId: null} reports an CLOSED replica.
2019-10-13 20:16:37,202 [BlockDeletingService#2] WARN  background.BlockDeletingService (BlockDeletingService.java:isDeletionAllowed(187)) - Close Container log Index 6 is not replicated across allthe servers in the pipeline d3b06565-bf46-4447-bfd8-fb92401ad5cf as the min replicated index is 4. Deletion is not allowed in this container yet.
2019-10-13 20:16:37,203 [BlockDeletingService#2] WARN  background.BlockDeletingService (BlockDeletingService.java:isDeletionAllowed(187)) - Close Container log Index 6 is not replicated across allthe servers in the pipeline d3b06565-bf46-4447-bfd8-fb92401ad5cf as the min replicated index is 4. Deletion is not allowed in this container yet.
2019-10-13 20:16:37,311 [EventQueue-ContainerReportForContainerReportHandler] WARN  container.ContainerReportHandler (AbstractContainerReportHandler.java:updateContainerState(145)) - Container #1 is in OPEN state, but the datanode d7b6d0b0-5bea-41cc-bfbb-05e0db699ec7{ip: 192.168.151.93, host: pr-hdds-2240-9psb4-3492037919, networkLocation: /default-rack, certSerialId: null} reports an CLOSED replica.
2019-10-13 20:16:37,379 [EventQueue-ContainerReportForContainerReportHandler] WARN  container.ContainerReportHandler (AbstractContainerReportHandler.java:updateContainerState(145)) - Container #1 is in OPEN state, but the datanode 1d13c680-5537-46cb-94e2-eb83f4d4b3d3{ip: 192.168.151.93, host: pr-hdds-2240-9psb4-3492037919, networkLocation: /default-rack, certSerialId: null} reports an CLOSED replica.
2019-10-13 20:16:37,548 [grpc-default-executor-0] WARN  server.GrpcLogAppender (LogUtils.java:warn(134)) - 1d13c680-5537-46cb-94e2-eb83f4d4b3d3@group-FB92401AD5CF->b1e61060-76d7-4fe3-930c-321a9145abdb-AppendLogResponseHandler: Failed appendEntries: org.apache.ratis.thirdparty.io.grpc.StatusRuntimeException: UNAVAILABLE: io exception
2019-10-13 20:16:37,548 [grpc-default-executor-0] INFO  impl.FollowerInfo (FollowerInfo.java:lambda$new$0(51)) - 1d13c680-5537-46cb-94e2-eb83f4d4b3d3@group-FB92401AD5CF->b1e61060-76d7-4fe3-930c-321a9145abdb: nextIndex: updateUnconditionally 0 -> 0
2019-10-13 20:16:37,711 [EventQueue-ContainerReportForContainerReportHandler] WARN  container.ContainerReportHandler (AbstractContainerReportHandler.java:updateContainerState(145)) - Container #1 is in OPEN state, but the datanode d7b6d0b0-5bea-41cc-bfbb-05e0db699ec7{ip: 192.168.151.93, host: pr-hdds-2240-9psb4-3492037919, networkLocation: /default-rack, certSerialId: null} reports an CLOSED replica.
2019-10-13 20:16:37,779 [EventQueue-ContainerReportForContainerReportHandler] WARN  container.ContainerReportHandler (AbstractContainerReportHandler.java:updateContainerState(145)) - Container #1 is in OPEN state, but the datanode 1d13c680-5537-46cb-94e2-eb83f4d4b3d3{ip: 192.168.151.93, host: pr-hdds-2240-9psb4-3492037919, networkLocation: /default-rack, certSerialId: null} reports an CLOSED replica.
2019-10-13 20:16:37,911 [EventQueue-ContainerReportForContainerReportHandler] WARN  container.ContainerReportHandler (AbstractContainerReportHandler.java:updateContainerState(145)) - Container #1 is in OPEN state, but the datanode d7b6d0b0-5bea-41cc-bfbb-05e0db699ec7{ip: 192.168.151.93, host: pr-hdds-2240-9psb4-3492037919, networkLocation: /default-rack, certSerialId: null} reports an CLOSED replica.
2019-10-13 20:16:38,056 [Thread-412] INFO  client.GrpcClientProtocolService (GrpcClientProtocolService.java:lambda$processClientRequest$0(278)) - Failed RaftClientRequest:client-8C69C1D6A99A->1d13c680-5537-46cb-94e2-eb83f4d4b3d3@group-FB92401AD5CF, cid=10, seq=0, Watch-ALL_COMMITTED(6), Message:<EMPTY>, reply=RaftClientReply:client-8C69C1D6A99A->1d13c680-5537-46cb-94e2-eb83f4d4b3d3@group-FB92401AD5CF, cid=10, FAILED org.apache.ratis.protocol.NotReplicatedException: Request with call Id 10 and log index 6 is not yet replicated to ALL_COMMITTED, logIndex=6, commits[1d13c680-5537-46cb-94e2-eb83f4d4b3d3:c10, b1e61060-76d7-4fe3-930c-321a9145abdb:c4, d7b6d0b0-5bea-41cc-bfbb-05e0db699ec7:c10]
2019-10-13 20:16:38,069 [Thread-414] INFO  client.GrpcClientProtocolService (GrpcClientProtocolService.java:lambda$processClientRequest$0(278)) - Failed RaftClientRequest:client-8C69C1D6A99A->d7b6d0b0-5bea-41cc-bfbb-05e0db699ec7@group-FB92401AD5CF, cid=10, seq=0, Watch-ALL_COMMITTED(6), Message:<EMPTY>, reply=RaftClientReply:client-8C69C1D6A99A->d7b6d0b0-5bea-41cc-bfbb-05e0db699ec7@group-FB92401AD5CF, cid=10, FAILED org.apache.ratis.protocol.NotLeaderException: Server d7b6d0b0-5bea-41cc-bfbb-05e0db699ec7@group-FB92401AD5CF is not the leader 1d13c680-5537-46cb-94e2-eb83f4d4b3d3:192.168.151.93:46245, logIndex=0, commits[d7b6d0b0-5bea-41cc-bfbb-05e0db699ec7:c10, b1e61060-76d7-4fe3-930c-321a9145abdb:c4, 1d13c680-5537-46cb-94e2-eb83f4d4b3d3:c10]
2019-10-13 20:16:38,111 [EventQueue-ContainerReportForContainerReportHandler] WARN  container.ContainerReportHandler (AbstractContainerReportHandler.java:updateContainerState(145)) - Container #1 is in OPEN state, but the datanode d7b6d0b0-5bea-41cc-bfbb-05e0db699ec7{ip: 192.168.151.93, host: pr-hdds-2240-9psb4-3492037919, networkLocation: /default-rack, certSerialId: null} reports an CLOSED replica.
2019-10-13 20:16:38,179 [EventQueue-ContainerReportForContainerReportHandler] WARN  container.ContainerReportHandler (AbstractContainerReportHandler.java:updateContainerState(145)) - Container #1 is in OPEN state, but the datanode 1d13c680-5537-46cb-94e2-eb83f4d4b3d3{ip: 192.168.151.93, host: pr-hdds-2240-9psb4-3492037919, networkLocation: /default-rack, certSerialId: null} reports an CLOSED replica.
2019-10-13 20:16:38,204 [BlockDeletingService#2] WARN  background.BlockDeletingService (BlockDeletingService.java:isDeletionAllowed(187)) - Close Container log Index 6 is not replicated across allthe servers in the pipeline d3b06565-bf46-4447-bfd8-fb92401ad5cf as the min replicated index is 4. Deletion is not allowed in this container yet.
2019-10-13 20:16:38,204 [BlockDeletingService#2] WARN  background.BlockDeletingService (BlockDeletingService.java:isDeletionAllowed(187)) - Close Container log Index 6 is not replicated across allthe servers in the pipeline d3b06565-bf46-4447-bfd8-fb92401ad5cf as the min replicated index is 4. Deletion is not allowed in this container yet.
2019-10-13 20:16:38,411 [EventQueue-ContainerReportForContainerReportHandler] WARN  container.ContainerReportHandler (AbstractContainerReportHandler.java:updateContainerState(145)) - Container #1 is in OPEN state, but the datanode d7b6d0b0-5bea-41cc-bfbb-05e0db699ec7{ip: 192.168.151.93, host: pr-hdds-2240-9psb4-3492037919, networkLocation: /default-rack, certSerialId: null} reports an CLOSED replica.
2019-10-13 20:16:38,479 [EventQueue-ContainerReportForContainerReportHandler] WARN  container.ContainerReportHandler (AbstractContainerReportHandler.java:updateContainerState(145)) - Container #1 is in OPEN state, but the datanode 1d13c680-5537-46cb-94e2-eb83f4d4b3d3{ip: 192.168.151.93, host: pr-hdds-2240-9psb4-3492037919, networkLocation: /default-rack, certSerialId: null} reports an CLOSED replica.
2019-10-13 20:16:38,611 [EventQueue-ContainerReportForContainerReportHandler] WARN  container.ContainerReportHandler (AbstractContainerReportHandler.java:updateContainerState(145)) - Container #1 is in OPEN state, but the datanode d7b6d0b0-5bea-41cc-bfbb-05e0db699ec7{ip: 192.168.151.93, host: pr-hdds-2240-9psb4-3492037919, networkLocation: /default-rack, certSerialId: null} reports an CLOSED replica.
2019-10-13 20:16:38,779 [EventQueue-ContainerReportForContainerReportHandler] WARN  container.ContainerReportHandler (AbstractContainerReportHandler.java:updateContainerState(145)) - Container #1 is in OPEN state, but the datanode 1d13c680-5537-46cb-94e2-eb83f4d4b3d3{ip: 192.168.151.93, host: pr-hdds-2240-9psb4-3492037919, networkLocation: /default-rack, certSerialId: null} reports an CLOSED replica.
2019-10-13 20:16:39,011 [EventQueue-ContainerReportForContainerReportHandler] WARN  container.ContainerReportHandler (AbstractContainerReportHandler.java:updateContainerState(145)) - Container #1 is in OPEN state, but the datanode d7b6d0b0-5bea-41cc-bfbb-05e0db699ec7{ip: 192.168.151.93, host: pr-hdds-2240-9psb4-3492037919, networkLocation: /default-rack, certSerialId: null} reports an CLOSED replica.
2019-10-13 20:16:39,180 [EventQueue-ContainerReportForContainerReportHandler] WARN  container.ContainerReportHandler (AbstractContainerReportHandler.java:updateContainerState(145)) - Container #1 is in OPEN state, but the datanode 1d13c680-5537-46cb-94e2-eb83f4d4b3d3{ip: 192.168.151.93, host: pr-hdds-2240-9psb4-3492037919, networkLocation: /default-rack, certSerialId: null} reports an CLOSED replica.
2019-10-13 20:16:39,207 [BlockDeletingService#2] WARN  background.BlockDeletingService (BlockDeletingService.java:isDeletionAllowed(187)) - Close Container log Index 6 is not replicated across allthe servers in the pipeline d3b06565-bf46-4447-bfd8-fb92401ad5cf as the min replicated index is 4. Deletion is not allowed in this container yet.
2019-10-13 20:16:39,207 [BlockDeletingService#2] WARN  background.BlockDeletingService (BlockDeletingService.java:isDeletionAllowed(187)) - Close Container log Index 6 is not replicated across allthe servers in the pipeline d3b06565-bf46-4447-bfd8-fb92401ad5cf as the min replicated index is 4. Deletion is not allowed in this container yet.
2019-10-13 20:16:39,211 [EventQueue-ContainerReportForContainerReportHandler] WARN  container.ContainerReportHandler (AbstractContainerReportHandler.java:updateContainerState(145)) - Container #1 is in OPEN state, but the datanode d7b6d0b0-5bea-41cc-bfbb-05e0db699ec7{ip: 192.168.151.93, host: pr-hdds-2240-9psb4-3492037919, networkLocation: /default-rack, certSerialId: null} reports an CLOSED replica.
2019-10-13 20:16:39,412 [EventQueue-ContainerReportForContainerReportHandler] WARN  container.ContainerReportHandler (AbstractContainerReportHandler.java:updateContainerState(145)) - Container #1 is in OPEN state, but the datanode d7b6d0b0-5bea-41cc-bfbb-05e0db699ec7{ip: 192.168.151.93, host: pr-hdds-2240-9psb4-3492037919, networkLocation: /default-rack, certSerialId: null} reports an CLOSED replica.
2019-10-13 20:16:39,480 [EventQueue-ContainerReportForContainerReportHandler] WARN  container.ContainerReportHandler (AbstractContainerReportHandler.java:updateContainerState(145)) - Container #1 is in OPEN state, but the datanode 1d13c680-5537-46cb-94e2-eb83f4d4b3d3{ip: 192.168.151.93, host: pr-hdds-2240-9psb4-3492037919, networkLocation: /default-rack, certSerialId: null} reports an CLOSED replica.
2019-10-13 20:16:39,681 [EventQueue-ContainerReportForContainerReportHandler] WARN  container.ContainerReportHandler (AbstractContainerReportHandler.java:updateContainerState(145)) - Container #1 is in OPEN state, but the datanode 1d13c680-5537-46cb-94e2-eb83f4d4b3d3{ip: 192.168.151.93, host: pr-hdds-2240-9psb4-3492037919, networkLocation: /default-rack, certSerialId: null} reports an CLOSED replica.
2019-10-13 20:16:39,712 [EventQueue-ContainerReportForContainerReportHandler] WARN  container.ContainerReportHandler (AbstractContainerReportHandler.java:updateContainerState(145)) - Container #1 is in OPEN state, but the datanode d7b6d0b0-5bea-41cc-bfbb-05e0db699ec7{ip: 192.168.151.93, host: pr-hdds-2240-9psb4-3492037919, networkLocation: /default-rack, certSerialId: null} reports an CLOSED replica.
2019-10-13 20:16:40,014 [EventQueue-ContainerReportForContainerReportHandler] WARN  container.ContainerReportHandler (AbstractContainerReportHandler.java:updateContainerState(145)) - Container #1 is in OPEN state, but the datanode d7b6d0b0-5bea-41cc-bfbb-05e0db699ec7{ip: 192.168.151.93, host: pr-hdds-2240-9psb4-3492037919, networkLocation: /default-rack, certSerialId: null} reports an CLOSED replica.
2019-10-13 20:16:40,052 [grpc-default-executor-3] WARN  server.GrpcLogAppender (LogUtils.java:warn(134)) - 1d13c680-5537-46cb-94e2-eb83f4d4b3d3@group-FB92401AD5CF->b1e61060-76d7-4fe3-930c-321a9145abdb-AppendLogResponseHandler: Failed appendEntries: org.apache.ratis.thirdparty.io.grpc.StatusRuntimeException: UNAVAILABLE: io exception
2019-10-13 20:16:40,052 [grpc-default-executor-3] INFO  impl.FollowerInfo (FollowerInfo.java:lambda$new$0(51)) - 1d13c680-5537-46cb-94e2-eb83f4d4b3d3@group-FB92401AD5CF->b1e61060-76d7-4fe3-930c-321a9145abdb: nextIndex: updateUnconditionally 0 -> 0
2019-10-13 20:16:40,080 [EventQueue-ContainerReportForContainerReportHandler] WARN  container.ContainerReportHandler (AbstractContainerReportHandler.java:updateContainerState(145)) - Container #1 is in OPEN state, but the datanode 1d13c680-5537-46cb-94e2-eb83f4d4b3d3{ip: 192.168.151.93, host: pr-hdds-2240-9psb4-3492037919, networkLocation: /default-rack, certSerialId: null} reports an CLOSED replica.
2019-10-13 20:16:40,209 [BlockDeletingService#2] WARN  background.BlockDeletingService (BlockDeletingService.java:isDeletionAllowed(187)) - Close Container log Index 6 is not replicated across allthe servers in the pipeline d3b06565-bf46-4447-bfd8-fb92401ad5cf as the min replicated index is 4. Deletion is not allowed in this container yet.
2019-10-13 20:16:40,210 [BlockDeletingService#2] WARN  background.BlockDeletingService (BlockDeletingService.java:isDeletionAllowed(187)) - Close Container log Index 6 is not replicated across allthe servers in the pipeline d3b06565-bf46-4447-bfd8-fb92401ad5cf as the min replicated index is 4. Deletion is not allowed in this container yet.
2019-10-13 20:16:40,280 [EventQueue-ContainerReportForContainerReportHandler] WARN  container.ContainerReportHandler (AbstractContainerReportHandler.java:updateContainerState(145)) - Container #1 is in OPEN state, but the datanode 1d13c680-5537-46cb-94e2-eb83f4d4b3d3{ip: 192.168.151.93, host: pr-hdds-2240-9psb4-3492037919, networkLocation: /default-rack, certSerialId: null} reports an CLOSED replica.
2019-10-13 20:16:40,414 [EventQueue-ContainerReportForContainerReportHandler] WARN  container.ContainerReportHandler (AbstractContainerReportHandler.java:updateContainerState(145)) - Container #1 is in OPEN state, but the datanode d7b6d0b0-5bea-41cc-bfbb-05e0db699ec7{ip: 192.168.151.93, host: pr-hdds-2240-9psb4-3492037919, networkLocation: /default-rack, certSerialId: null} reports an CLOSED replica.
2019-10-13 20:16:40,680 [EventQueue-ContainerReportForContainerReportHandler] WARN  container.ContainerReportHandler (AbstractContainerReportHandler.java:updateContainerState(145)) - Container #1 is in OPEN state, but the datanode 1d13c680-5537-46cb-94e2-eb83f4d4b3d3{ip: 192.168.151.93, host: pr-hdds-2240-9psb4-3492037919, networkLocation: /default-rack, certSerialId: null} reports an CLOSED replica.
2019-10-13 20:16:40,716 [EventQueue-ContainerReportForContainerReportHandler] WARN  container.ContainerReportHandler (AbstractContainerReportHandler.java:updateContainerState(145)) - Container #1 is in OPEN state, but the datanode d7b6d0b0-5bea-41cc-bfbb-05e0db699ec7{ip: 192.168.151.93, host: pr-hdds-2240-9psb4-3492037919, networkLocation: /default-rack, certSerialId: null} reports an CLOSED replica.
2019-10-13 20:16:40,980 [EventQueue-ContainerReportForContainerReportHandler] WARN  container.ContainerReportHandler (AbstractContainerReportHandler.java:updateContainerState(145)) - Container #1 is in OPEN state, but the datanode 1d13c680-5537-46cb-94e2-eb83f4d4b3d3{ip: 192.168.151.93, host: pr-hdds-2240-9psb4-3492037919, networkLocation: /default-rack, certSerialId: null} reports an CLOSED replica.
2019-10-13 20:16:41,018 [EventQueue-ContainerReportForContainerReportHandler] WARN  container.ContainerReportHandler (AbstractContainerReportHandler.java:updateContainerState(145)) - Container #1 is in OPEN state, but the datanode d7b6d0b0-5bea-41cc-bfbb-05e0db699ec7{ip: 192.168.151.93, host: pr-hdds-2240-9psb4-3492037919, networkLocation: /default-rack, certSerialId: null} reports an CLOSED replica.
2019-10-13 20:16:41,210 [BlockDeletingService#2] WARN  background.BlockDeletingService (BlockDeletingService.java:isDeletionAllowed(187)) - Close Container log Index 6 is not replicated across allthe servers in the pipeline d3b06565-bf46-4447-bfd8-fb92401ad5cf as the min replicated index is 4. Deletion is not allowed in this container yet.
2019-10-13 20:16:41,211 [BlockDeletingService#2] WARN  background.BlockDeletingService (BlockDeletingService.java:isDeletionAllowed(187)) - Close Container log Index 6 is not replicated across allthe servers in the pipeline d3b06565-bf46-4447-bfd8-fb92401ad5cf as the min replicated index is 4. Deletion is not allowed in this container yet.
2019-10-13 20:16:41,280 [EventQueue-ContainerReportForContainerReportHandler] WARN  container.ContainerReportHandler (AbstractContainerReportHandler.java:updateContainerState(145)) - Container #1 is in OPEN state, but the datanode 1d13c680-5537-46cb-94e2-eb83f4d4b3d3{ip: 192.168.151.93, host: pr-hdds-2240-9psb4-3492037919, networkLocation: /default-rack, certSerialId: null} reports an CLOSED replica.
2019-10-13 20:16:41,319 [EventQueue-ContainerReportForContainerReportHandler] WARN  container.ContainerReportHandler (AbstractContainerReportHandler.java:updateContainerState(145)) - Container #1 is in OPEN state, but the datanode d7b6d0b0-5bea-41cc-bfbb-05e0db699ec7{ip: 192.168.151.93, host: pr-hdds-2240-9psb4-3492037919, networkLocation: /default-rack, certSerialId: null} reports an CLOSED replica.
2019-10-13 20:16:41,680 [EventQueue-ContainerReportForContainerReportHandler] WARN  container.ContainerReportHandler (AbstractContainerReportHandler.java:updateContainerState(145)) - Container #1 is in OPEN state, but the datanode 1d13c680-5537-46cb-94e2-eb83f4d4b3d3{ip: 192.168.151.93, host: pr-hdds-2240-9psb4-3492037919, networkLocation: /default-rack, certSerialId: null} reports an CLOSED replica.
2019-10-13 20:16:41,719 [EventQueue-ContainerReportForContainerReportHandler] WARN  container.ContainerReportHandler (AbstractContainerReportHandler.java:updateContainerState(145)) - Container #1 is in OPEN state, but the datanode d7b6d0b0-5bea-41cc-bfbb-05e0db699ec7{ip: 192.168.151.93, host: pr-hdds-2240-9psb4-3492037919, networkLocation: /default-rack, certSerialId: null} reports an CLOSED replica.
2019-10-13 20:16:41,980 [EventQueue-ContainerReportForContainerReportHandler] WARN  container.ContainerReportHandler (AbstractContainerReportHandler.java:updateContainerState(145)) - Container #1 is in OPEN state, but the datanode 1d13c680-5537-46cb-94e2-eb83f4d4b3d3{ip: 192.168.151.93, host: pr-hdds-2240-9psb4-3492037919, networkLocation: /default-rack, certSerialId: null} reports an CLOSED replica.
2019-10-13 20:16:42,120 [EventQueue-ContainerReportForContainerReportHandler] WARN  container.ContainerReportHandler (AbstractContainerReportHandler.java:updateContainerState(145)) - Container #1 is in OPEN state, but the datanode d7b6d0b0-5bea-41cc-bfbb-05e0db699ec7{ip: 192.168.151.93, host: pr-hdds-2240-9psb4-3492037919, networkLocation: /default-rack, certSerialId: null} reports an CLOSED replica.
2019-10-13 20:16:42,211 [BlockDeletingService#2] WARN  background.BlockDeletingService (BlockDeletingService.java:isDeletionAllowed(187)) - Close Container log Index 6 is not replicated across allthe servers in the pipeline d3b06565-bf46-4447-bfd8-fb92401ad5cf as the min replicated index is 4. Deletion is not allowed in this container yet.
2019-10-13 20:16:42,212 [BlockDeletingService#2] WARN  background.BlockDeletingService (BlockDeletingService.java:isDeletionAllowed(187)) - Close Container log Index 6 is not replicated across allthe servers in the pipeline d3b06565-bf46-4447-bfd8-fb92401ad5cf as the min replicated index is 4. Deletion is not allowed in this container yet.
2019-10-13 20:16:42,280 [EventQueue-ContainerReportForContainerReportHandler] WARN  container.ContainerReportHandler (AbstractContainerReportHandler.java:updateContainerState(145)) - Container #1 is in OPEN state, but the datanode 1d13c680-5537-46cb-94e2-eb83f4d4b3d3{ip: 192.168.151.93, host: pr-hdds-2240-9psb4-3492037919, networkLocation: /default-rack, certSerialId: null} reports an CLOSED replica.
2019-10-13 20:16:42,520 [EventQueue-ContainerReportForContainerReportHandler] WARN  container.ContainerReportHandler (AbstractContainerReportHandler.java:updateContainerState(145)) - Container #1 is in OPEN state, but the datanode d7b6d0b0-5bea-41cc-bfbb-05e0db699ec7{ip: 192.168.151.93, host: pr-hdds-2240-9psb4-3492037919, networkLocation: /default-rack, certSerialId: null} reports an CLOSED replica.
2019-10-13 20:16:42,555 [grpc-default-executor-0] WARN  server.GrpcLogAppender (LogUtils.java:warn(134)) - 1d13c680-5537-46cb-94e2-eb83f4d4b3d3@group-FB92401AD5CF->b1e61060-76d7-4fe3-930c-321a9145abdb-AppendLogResponseHandler: Failed appendEntries: org.apache.ratis.thirdparty.io.grpc.StatusRuntimeException: UNAVAILABLE: io exception
2019-10-13 20:16:42,555 [grpc-default-executor-0] INFO  impl.FollowerInfo (FollowerInfo.java:lambda$new$0(51)) - 1d13c680-5537-46cb-94e2-eb83f4d4b3d3@group-FB92401AD5CF->b1e61060-76d7-4fe3-930c-321a9145abdb: nextIndex: updateUnconditionally 0 -> 0
2019-10-13 20:16:42,581 [EventQueue-ContainerReportForContainerReportHandler] WARN  container.ContainerReportHandler (AbstractContainerReportHandler.java:updateContainerState(145)) - Container #1 is in OPEN state, but the datanode 1d13c680-5537-46cb-94e2-eb83f4d4b3d3{ip: 192.168.151.93, host: pr-hdds-2240-9psb4-3492037919, networkLocation: /default-rack, certSerialId: null} reports an CLOSED replica.
2019-10-13 20:16:42,720 [EventQueue-ContainerReportForContainerReportHandler] WARN  container.ContainerReportHandler (AbstractContainerReportHandler.java:updateContainerState(145)) - Container #1 is in OPEN state, but the datanode d7b6d0b0-5bea-41cc-bfbb-05e0db699ec7{ip: 192.168.151.93, host: pr-hdds-2240-9psb4-3492037919, networkLocation: /default-rack, certSerialId: null} reports an CLOSED replica.
2019-10-13 20:16:42,883 [EventQueue-ContainerReportForContainerReportHandler] WARN  container.ContainerReportHandler (AbstractContainerReportHandler.java:updateContainerState(145)) - Container #1 is in OPEN state, but the datanode 1d13c680-5537-46cb-94e2-eb83f4d4b3d3{ip: 192.168.151.93, host: pr-hdds-2240-9psb4-3492037919, networkLocation: /default-rack, certSerialId: null} reports an CLOSED replica.
2019-10-13 20:16:43,020 [EventQueue-ContainerReportForContainerReportHandler] WARN  container.ContainerReportHandler (AbstractContainerReportHandler.java:updateContainerState(145)) - Container #1 is in OPEN state, but the datanode d7b6d0b0-5bea-41cc-bfbb-05e0db699ec7{ip: 192.168.151.93, host: pr-hdds-2240-9psb4-3492037919, networkLocation: /default-rack, certSerialId: null} reports an CLOSED replica.
2019-10-13 20:16:43,185 [EventQueue-ContainerReportForContainerReportHandler] WARN  container.ContainerReportHandler (AbstractContainerReportHandler.java:updateContainerState(145)) - Container #1 is in OPEN state, but the datanode 1d13c680-5537-46cb-94e2-eb83f4d4b3d3{ip: 192.168.151.93, host: pr-hdds-2240-9psb4-3492037919, networkLocation: /default-rack, certSerialId: null} reports an CLOSED replica.
2019-10-13 20:16:43,213 [BlockDeletingService#2] WARN  background.BlockDeletingService (BlockDeletingService.java:isDeletionAllowed(187)) - Close Container log Index 6 is not replicated across allthe servers in the pipeline d3b06565-bf46-4447-bfd8-fb92401ad5cf as the min replicated index is 4. Deletion is not allowed in this container yet.
2019-10-13 20:16:43,213 [BlockDeletingService#2] WARN  background.BlockDeletingService (BlockDeletingService.java:isDeletionAllowed(187)) - Close Container log Index 6 is not replicated across allthe servers in the pipeline d3b06565-bf46-4447-bfd8-fb92401ad5cf as the min replicated index is 4. Deletion is not allowed in this container yet.
2019-10-13 20:16:43,221 [EventQueue-ContainerReportForContainerReportHandler] WARN  container.ContainerReportHandler (AbstractContainerReportHandler.java:updateContainerState(145)) - Container #1 is in OPEN state, but the datanode d7b6d0b0-5bea-41cc-bfbb-05e0db699ec7{ip: 192.168.151.93, host: pr-hdds-2240-9psb4-3492037919, networkLocation: /default-rack, certSerialId: null} reports an CLOSED replica.
2019-10-13 20:16:43,523 [EventQueue-ContainerReportForContainerReportHandler] WARN  container.ContainerReportHandler (AbstractContainerReportHandler.java:updateContainerState(145)) - Container #1 is in OPEN state, but the datanode d7b6d0b0-5bea-41cc-bfbb-05e0db699ec7{ip: 192.168.151.93, host: pr-hdds-2240-9psb4-3492037919, networkLocation: /default-rack, certSerialId: null} reports an CLOSED replica.
2019-10-13 20:16:43,583 [EventQueue-ContainerReportForContainerReportHandler] WARN  container.ContainerReportHandler (AbstractContainerReportHandler.java:updateContainerState(145)) - Container #1 is in OPEN state, but the datanode 1d13c680-5537-46cb-94e2-eb83f4d4b3d3{ip: 192.168.151.93, host: pr-hdds-2240-9psb4-3492037919, networkLocation: /default-rack, certSerialId: null} reports an CLOSED replica.
2019-10-13 20:16:43,722 [EventQueue-ContainerReportForContainerReportHandler] WARN  container.ContainerReportHandler (AbstractContainerReportHandler.java:updateContainerState(145)) - Container #1 is in OPEN state, but the datanode d7b6d0b0-5bea-41cc-bfbb-05e0db699ec7{ip: 192.168.151.93, host: pr-hdds-2240-9psb4-3492037919, networkLocation: /default-rack, certSerialId: null} reports an CLOSED replica.
2019-10-13 20:16:43,882 [EventQueue-ContainerReportForContainerReportHandler] WARN  container.ContainerReportHandler (AbstractContainerReportHandler.java:updateContainerState(145)) - Container #1 is in OPEN state, but the datanode 1d13c680-5537-46cb-94e2-eb83f4d4b3d3{ip: 192.168.151.93, host: pr-hdds-2240-9psb4-3492037919, networkLocation: /default-rack, certSerialId: null} reports an CLOSED replica.
2019-10-13 20:16:44,122 [EventQueue-ContainerReportForContainerReportHandler] WARN  container.ContainerReportHandler (AbstractContainerReportHandler.java:updateContainerState(145)) - Container #1 is in OPEN state, but the datanode d7b6d0b0-5bea-41cc-bfbb-05e0db699ec7{ip: 192.168.151.93, host: pr-hdds-2240-9psb4-3492037919, networkLocation: /default-rack, certSerialId: null} reports an CLOSED replica.
2019-10-13 20:16:44,215 [BlockDeletingService#2] WARN  background.BlockDeletingService (BlockDeletingService.java:isDeletionAllowed(187)) - Close Container log Index 6 is not replicated across allthe servers in the pipeline d3b06565-bf46-4447-bfd8-fb92401ad5cf as the min replicated index is 4. Deletion is not allowed in this container yet.
2019-10-13 20:16:44,215 [BlockDeletingService#2] WARN  background.BlockDeletingService (BlockDeletingService.java:isDeletionAllowed(187)) - Close Container log Index 6 is not replicated across allthe servers in the pipeline d3b06565-bf46-4447-bfd8-fb92401ad5cf as the min replicated index is 4. Deletion is not allowed in this container yet.
2019-10-13 20:16:44,284 [EventQueue-ContainerReportForContainerReportHandler] WARN  container.ContainerReportHandler (AbstractContainerReportHandler.java:updateContainerState(145)) - Container #1 is in OPEN state, but the datanode 1d13c680-5537-46cb-94e2-eb83f4d4b3d3{ip: 192.168.151.93, host: pr-hdds-2240-9psb4-3492037919, networkLocation: /default-rack, certSerialId: null} reports an CLOSED replica.
2019-10-13 20:16:44,525 [EventQueue-ContainerReportForContainerReportHandler] WARN  container.ContainerReportHandler (AbstractContainerReportHandler.java:updateContainerState(145)) - Container #1 is in OPEN state, but the datanode d7b6d0b0-5bea-41cc-bfbb-05e0db699ec7{ip: 192.168.151.93, host: pr-hdds-2240-9psb4-3492037919, networkLocation: /default-rack, certSerialId: null} reports an CLOSED replica.
2019-10-13 20:16:44,584 [EventQueue-ContainerReportForContainerReportHandler] WARN  container.ContainerReportHandler (AbstractContainerReportHandler.java:updateContainerState(145)) - Container #1 is in OPEN state, but the datanode 1d13c680-5537-46cb-94e2-eb83f4d4b3d3{ip: 192.168.151.93, host: pr-hdds-2240-9psb4-3492037919, networkLocation: /default-rack, certSerialId: null} reports an CLOSED replica.
2019-10-13 20:16:44,784 [EventQueue-ContainerReportForContainerReportHandler] WARN  container.ContainerReportHandler (AbstractContainerReportHandler.java:updateContainerState(145)) - Container #1 is in OPEN state, but the datanode 1d13c680-5537-46cb-94e2-eb83f4d4b3d3{ip: 192.168.151.93, host: pr-hdds-2240-9psb4-3492037919, networkLocation: /default-rack, certSerialId: null} reports an CLOSED replica.
2019-10-13 20:16:44,926 [EventQueue-ContainerReportForContainerReportHandler] WARN  container.ContainerReportHandler (AbstractContainerReportHandler.java:updateContainerState(145)) - Container #1 is in OPEN state, but the datanode d7b6d0b0-5bea-41cc-bfbb-05e0db699ec7{ip: 192.168.151.93, host: pr-hdds-2240-9psb4-3492037919, networkLocation: /default-rack, certSerialId: null} reports an CLOSED replica.
2019-10-13 20:16:45,057 [grpc-default-executor-0] WARN  server.GrpcLogAppender (LogUtils.java:warn(134)) - 1d13c680-5537-46cb-94e2-eb83f4d4b3d3@group-FB92401AD5CF->b1e61060-76d7-4fe3-930c-321a9145abdb-AppendLogResponseHandler: Failed appendEntries: org.apache.ratis.thirdparty.io.grpc.StatusRuntimeException: UNAVAILABLE: io exception
2019-10-13 20:16:45,058 [grpc-default-executor-0] INFO  impl.FollowerInfo (FollowerInfo.java:lambda$new$0(51)) - 1d13c680-5537-46cb-94e2-eb83f4d4b3d3@group-FB92401AD5CF->b1e61060-76d7-4fe3-930c-321a9145abdb: nextIndex: updateUnconditionally 0 -> 0
2019-10-13 20:16:45,084 [EventQueue-ContainerReportForContainerReportHandler] WARN  container.ContainerReportHandler (AbstractContainerReportHandler.java:updateContainerState(145)) - Container #1 is in OPEN state, but the datanode 1d13c680-5537-46cb-94e2-eb83f4d4b3d3{ip: 192.168.151.93, host: pr-hdds-2240-9psb4-3492037919, networkLocation: /default-rack, certSerialId: null} reports an CLOSED replica.
2019-10-13 20:16:45,216 [BlockDeletingService#2] WARN  background.BlockDeletingService (BlockDeletingService.java:isDeletionAllowed(187)) - Close Container log Index 6 is not replicated across allthe servers in the pipeline d3b06565-bf46-4447-bfd8-fb92401ad5cf as the min replicated index is 4. Deletion is not allowed in this container yet.
2019-10-13 20:16:45,216 [BlockDeletingService#2] WARN  background.BlockDeletingService (BlockDeletingService.java:isDeletionAllowed(187)) - Close Container log Index 6 is not replicated across allthe servers in the pipeline d3b06565-bf46-4447-bfd8-fb92401ad5cf as the min replicated index is 4. Deletion is not allowed in this container yet.
2019-10-13 20:16:45,332 [EventQueue-ContainerReportForContainerReportHandler] WARN  container.ContainerReportHandler (AbstractContainerReportHandler.java:updateContainerState(145)) - Container #1 is in OPEN state, but the datanode d7b6d0b0-5bea-41cc-bfbb-05e0db699ec7{ip: 192.168.151.93, host: pr-hdds-2240-9psb4-3492037919, networkLocation: /default-rack, certSerialId: null} reports an CLOSED replica.
2019-10-13 20:16:45,384 [EventQueue-ContainerReportForContainerReportHandler] WARN  container.ContainerReportHandler (AbstractContainerReportHandler.java:updateContainerState(145)) - Container #1 is in OPEN state, but the datanode 1d13c680-5537-46cb-94e2-eb83f4d4b3d3{ip: 192.168.151.93, host: pr-hdds-2240-9psb4-3492037919, networkLocation: /default-rack, certSerialId: null} reports an CLOSED replica.
2019-10-13 20:16:45,629 [EventQueue-ContainerReportForContainerReportHandler] WARN  container.ContainerReportHandler (AbstractContainerReportHandler.java:updateContainerState(145)) - Container #1 is in OPEN state, but the datanode d7b6d0b0-5bea-41cc-bfbb-05e0db699ec7{ip: 192.168.151.93, host: pr-hdds-2240-9psb4-3492037919, networkLocation: /default-rack, certSerialId: null} reports an CLOSED replica.
2019-10-13 20:16:45,784 [EventQueue-ContainerReportForContainerReportHandler] WARN  container.ContainerReportHandler (AbstractContainerReportHandler.java:updateContainerState(145)) - Container #1 is in OPEN state, but the datanode 1d13c680-5537-46cb-94e2-eb83f4d4b3d3{ip: 192.168.151.93, host: pr-hdds-2240-9psb4-3492037919, networkLocation: /default-rack, certSerialId: null} reports an CLOSED replica.
2019-10-13 20:16:45,929 [EventQueue-ContainerReportForContainerReportHandler] WARN  container.ContainerReportHandler (AbstractContainerReportHandler.java:updateContainerState(145)) - Container #1 is in OPEN state, but the datanode d7b6d0b0-5bea-41cc-bfbb-05e0db699ec7{ip: 192.168.151.93, host: pr-hdds-2240-9psb4-3492037919, networkLocation: /default-rack, certSerialId: null} reports an CLOSED replica.
2019-10-13 20:16:46,085 [EventQueue-ContainerReportForContainerReportHandler] WARN  container.ContainerReportHandler (AbstractContainerReportHandler.java:updateContainerState(145)) - Container #1 is in OPEN state, but the datanode 1d13c680-5537-46cb-94e2-eb83f4d4b3d3{ip: 192.168.151.93, host: pr-hdds-2240-9psb4-3492037919, networkLocation: /default-rack, certSerialId: null} reports an CLOSED replica.
2019-10-13 20:16:46,129 [EventQueue-ContainerReportForContainerReportHandler] WARN  container.ContainerReportHandler (AbstractContainerReportHandler.java:updateContainerState(145)) - Container #1 is in OPEN state, but the datanode d7b6d0b0-5bea-41cc-bfbb-05e0db699ec7{ip: 192.168.151.93, host: pr-hdds-2240-9psb4-3492037919, networkLocation: /default-rack, certSerialId: null} reports an CLOSED replica.
2019-10-13 20:16:46,217 [BlockDeletingService#2] WARN  background.BlockDeletingService (BlockDeletingService.java:isDeletionAllowed(187)) - Close Container log Index 6 is not replicated across allthe servers in the pipeline d3b06565-bf46-4447-bfd8-fb92401ad5cf as the min replicated index is 4. Deletion is not allowed in this container yet.
2019-10-13 20:16:46,217 [BlockDeletingService#2] WARN  background.BlockDeletingService (BlockDeletingService.java:isDeletionAllowed(187)) - Close Container log Index 6 is not replicated across allthe servers in the pipeline d3b06565-bf46-4447-bfd8-fb92401ad5cf as the min replicated index is 4. Deletion is not allowed in this container yet.
2019-10-13 20:16:46,429 [EventQueue-ContainerReportForContainerReportHandler] WARN  container.ContainerReportHandler (AbstractContainerReportHandler.java:updateContainerState(145)) - Container #1 is in OPEN state, but the datanode d7b6d0b0-5bea-41cc-bfbb-05e0db699ec7{ip: 192.168.151.93, host: pr-hdds-2240-9psb4-3492037919, networkLocation: /default-rack, certSerialId: null} reports an CLOSED replica.
2019-10-13 20:16:46,485 [EventQueue-ContainerReportForContainerReportHandler] WARN  container.ContainerReportHandler (AbstractContainerReportHandler.java:updateContainerState(145)) - Container #1 is in OPEN state, but the datanode 1d13c680-5537-46cb-94e2-eb83f4d4b3d3{ip: 192.168.151.93, host: pr-hdds-2240-9psb4-3492037919, networkLocation: /default-rack, certSerialId: null} reports an CLOSED replica.
2019-10-13 20:16:46,685 [EventQueue-ContainerReportForContainerReportHandler] WARN  container.ContainerReportHandler (AbstractContainerReportHandler.java:updateContainerState(145)) - Container #1 is in OPEN state, but the datanode 1d13c680-5537-46cb-94e2-eb83f4d4b3d3{ip: 192.168.151.93, host: pr-hdds-2240-9psb4-3492037919, networkLocation: /default-rack, certSerialId: null} reports an CLOSED replica.
2019-10-13 20:16:46,829 [EventQueue-ContainerReportForContainerReportHandler] WARN  container.ContainerReportHandler (AbstractContainerReportHandler.java:updateContainerState(145)) - Container #1 is in OPEN state, but the datanode d7b6d0b0-5bea-41cc-bfbb-05e0db699ec7{ip: 192.168.151.93, host: pr-hdds-2240-9psb4-3492037919, networkLocation: /default-rack, certSerialId: null} reports an CLOSED replica.
2019-10-13 20:16:47,085 [EventQueue-ContainerReportForContainerReportHandler] WARN  container.ContainerReportHandler (AbstractContainerReportHandler.java:updateContainerState(145)) - Container #1 is in OPEN state, but the datanode 1d13c680-5537-46cb-94e2-eb83f4d4b3d3{ip: 192.168.151.93, host: pr-hdds-2240-9psb4-3492037919, networkLocation: /default-rack, certSerialId: null} reports an CLOSED replica.
2019-10-13 20:16:47,219 [BlockDeletingService#2] WARN  background.BlockDeletingService (BlockDeletingService.java:isDeletionAllowed(187)) - Close Container log Index 6 is not replicated across allthe servers in the pipeline d3b06565-bf46-4447-bfd8-fb92401ad5cf as the min replicated index is 4. Deletion is not allowed in this container yet.
2019-10-13 20:16:47,219 [BlockDeletingService#2] WARN  background.BlockDeletingService (BlockDeletingService.java:isDeletionAllowed(187)) - Close Container log Index 6 is not replicated across allthe servers in the pipeline d3b06565-bf46-4447-bfd8-fb92401ad5cf as the min replicated index is 4. Deletion is not allowed in this container yet.
2019-10-13 20:16:47,229 [EventQueue-ContainerReportForContainerReportHandler] WARN  container.ContainerReportHandler (AbstractContainerReportHandler.java:updateContainerState(145)) - Container #1 is in OPEN state, but the datanode d7b6d0b0-5bea-41cc-bfbb-05e0db699ec7{ip: 192.168.151.93, host: pr-hdds-2240-9psb4-3492037919, networkLocation: /default-rack, certSerialId: null} reports an CLOSED replica.
2019-10-13 20:16:47,385 [EventQueue-ContainerReportForContainerReportHandler] WARN  container.ContainerReportHandler (AbstractContainerReportHandler.java:updateContainerState(145)) - Container #1 is in OPEN state, but the datanode 1d13c680-5537-46cb-94e2-eb83f4d4b3d3{ip: 192.168.151.93, host: pr-hdds-2240-9psb4-3492037919, networkLocation: /default-rack, certSerialId: null} reports an CLOSED replica.
2019-10-13 20:16:47,529 [EventQueue-ContainerReportForContainerReportHandler] WARN  container.ContainerReportHandler (AbstractContainerReportHandler.java:updateContainerState(145)) - Container #1 is in OPEN state, but the datanode d7b6d0b0-5bea-41cc-bfbb-05e0db699ec7{ip: 192.168.151.93, host: pr-hdds-2240-9psb4-3492037919, networkLocation: /default-rack, certSerialId: null} reports an CLOSED replica.
2019-10-13 20:16:47,559 [grpc-default-executor-3] WARN  server.GrpcLogAppender (LogUtils.java:warn(134)) - 1d13c680-5537-46cb-94e2-eb83f4d4b3d3@group-FB92401AD5CF->b1e61060-76d7-4fe3-930c-321a9145abdb-AppendLogResponseHandler: Failed appendEntries: org.apache.ratis.thirdparty.io.grpc.StatusRuntimeException: UNAVAILABLE: io exception
2019-10-13 20:16:47,559 [grpc-default-executor-3] INFO  impl.FollowerInfo (FollowerInfo.java:lambda$new$0(51)) - 1d13c680-5537-46cb-94e2-eb83f4d4b3d3@group-FB92401AD5CF->b1e61060-76d7-4fe3-930c-321a9145abdb: nextIndex: updateUnconditionally 0 -> 0
2019-10-13 20:16:47,686 [EventQueue-ContainerReportForContainerReportHandler] WARN  container.ContainerReportHandler (AbstractContainerReportHandler.java:updateContainerState(145)) - Container #1 is in OPEN state, but the datanode 1d13c680-5537-46cb-94e2-eb83f4d4b3d3{ip: 192.168.151.93, host: pr-hdds-2240-9psb4-3492037919, networkLocation: /default-rack, certSerialId: null} reports an CLOSED replica.
2019-10-13 20:16:47,830 [EventQueue-ContainerReportForContainerReportHandler] WARN  container.ContainerReportHandler (AbstractContainerReportHandler.java:updateContainerState(145)) - Container #1 is in OPEN state, but the datanode d7b6d0b0-5bea-41cc-bfbb-05e0db699ec7{ip: 192.168.151.93, host: pr-hdds-2240-9psb4-3492037919, networkLocation: /default-rack, certSerialId: null} reports an CLOSED replica.
2019-10-13 20:16:47,988 [EventQueue-ContainerReportForContainerReportHandler] WARN  container.ContainerReportHandler (AbstractContainerReportHandler.java:updateContainerState(145)) - Container #1 is in OPEN state, but the datanode 1d13c680-5537-46cb-94e2-eb83f4d4b3d3{ip: 192.168.151.93, host: pr-hdds-2240-9psb4-3492037919, networkLocation: /default-rack, certSerialId: null} reports an CLOSED replica.
2019-10-13 20:16:48,100 [Thread-445] INFO  client.GrpcClientProtocolService (GrpcClientProtocolService.java:lambda$processClientRequest$0(278)) - Failed RaftClientRequest:client-8C69C1D6A99A->d7b6d0b0-5bea-41cc-bfbb-05e0db699ec7@group-FB92401AD5CF, cid=10, seq=0, Watch-ALL_COMMITTED(6), Message:<EMPTY>, reply=RaftClientReply:client-8C69C1D6A99A->d7b6d0b0-5bea-41cc-bfbb-05e0db699ec7@group-FB92401AD5CF, cid=10, FAILED org.apache.ratis.protocol.NotLeaderException: Server d7b6d0b0-5bea-41cc-bfbb-05e0db699ec7@group-FB92401AD5CF is not the leader 1d13c680-5537-46cb-94e2-eb83f4d4b3d3:192.168.151.93:46245, logIndex=0, commits[d7b6d0b0-5bea-41cc-bfbb-05e0db699ec7:c10, b1e61060-76d7-4fe3-930c-321a9145abdb:c4, 1d13c680-5537-46cb-94e2-eb83f4d4b3d3:c10]
2019-10-13 20:16:48,129 [EventQueue-ContainerReportForContainerReportHandler] WARN  container.ContainerReportHandler (AbstractContainerReportHandler.java:updateContainerState(145)) - Container #1 is in OPEN state, but the datanode d7b6d0b0-5bea-41cc-bfbb-05e0db699ec7{ip: 192.168.151.93, host: pr-hdds-2240-9psb4-3492037919, networkLocation: /default-rack, certSerialId: null} reports an CLOSED replica.
2019-10-13 20:16:48,221 [BlockDeletingService#2] WARN  background.BlockDeletingService (BlockDeletingService.java:isDeletionAllowed(187)) - Close Container log Index 6 is not replicated across allthe servers in the pipeline d3b06565-bf46-4447-bfd8-fb92401ad5cf as the min replicated index is 4. Deletion is not allowed in this container yet.
2019-10-13 20:16:48,221 [BlockDeletingService#2] WARN  background.BlockDeletingService (BlockDeletingService.java:isDeletionAllowed(187)) - Close Container log Index 6 is not replicated across allthe servers in the pipeline d3b06565-bf46-4447-bfd8-fb92401ad5cf as the min replicated index is 4. Deletion is not allowed in this container yet.
2019-10-13 20:16:48,388 [EventQueue-ContainerReportForContainerReportHandler] WARN  container.ContainerReportHandler (AbstractContainerReportHandler.java:updateContainerState(145)) - Container #1 is in OPEN state, but the datanode 1d13c680-5537-46cb-94e2-eb83f4d4b3d3{ip: 192.168.151.93, host: pr-hdds-2240-9psb4-3492037919, networkLocation: /default-rack, certSerialId: null} reports an CLOSED replica.
2019-10-13 20:16:48,429 [EventQueue-ContainerReportForContainerReportHandler] WARN  container.ContainerReportHandler (AbstractContainerReportHandler.java:updateContainerState(145)) - Container #1 is in OPEN state, but the datanode d7b6d0b0-5bea-41cc-bfbb-05e0db699ec7{ip: 192.168.151.93, host: pr-hdds-2240-9psb4-3492037919, networkLocation: /default-rack, certSerialId: null} reports an CLOSED replica.
2019-10-13 20:16:48,629 [EventQueue-ContainerReportForContainerReportHandler] WARN  container.ContainerReportHandler (AbstractContainerReportHandler.java:updateContainerState(145)) - Container #1 is in OPEN state, but the datanode d7b6d0b0-5bea-41cc-bfbb-05e0db699ec7{ip: 192.168.151.93, host: pr-hdds-2240-9psb4-3492037919, networkLocation: /default-rack, certSerialId: null} reports an CLOSED replica.
2019-10-13 20:16:48,688 [EventQueue-ContainerReportForContainerReportHandler] WARN  container.ContainerReportHandler (AbstractContainerReportHandler.java:updateContainerState(145)) - Container #1 is in OPEN state, but the datanode 1d13c680-5537-46cb-94e2-eb83f4d4b3d3{ip: 192.168.151.93, host: pr-hdds-2240-9psb4-3492037919, networkLocation: /default-rack, certSerialId: null} reports an CLOSED replica.
2019-10-13 20:16:49,029 [EventQueue-ContainerReportForContainerReportHandler] WARN  container.ContainerReportHandler (AbstractContainerReportHandler.java:updateContainerState(145)) - Container #1 is in OPEN state, but the datanode d7b6d0b0-5bea-41cc-bfbb-05e0db699ec7{ip: 192.168.151.93, host: pr-hdds-2240-9psb4-3492037919, networkLocation: /default-rack, certSerialId: null} reports an CLOSED replica.
2019-10-13 20:16:49,056 [Thread-450] INFO  client.GrpcClientProtocolService (GrpcClientProtocolService.java:lambda$processClientRequest$0(278)) - Failed RaftClientRequest:client-8C69C1D6A99A->1d13c680-5537-46cb-94e2-eb83f4d4b3d3@group-FB92401AD5CF, cid=10, seq=0, Watch-ALL_COMMITTED(6), Message:<EMPTY>, reply=RaftClientReply:client-8C69C1D6A99A->1d13c680-5537-46cb-94e2-eb83f4d4b3d3@group-FB92401AD5CF, cid=10, FAILED org.apache.ratis.protocol.NotReplicatedException: Request with call Id 10 and log index 6 is not yet replicated to ALL_COMMITTED, logIndex=6, commits[1d13c680-5537-46cb-94e2-eb83f4d4b3d3:c10, b1e61060-76d7-4fe3-930c-321a9145abdb:c4, d7b6d0b0-5bea-41cc-bfbb-05e0db699ec7:c10]
2019-10-13 20:16:49,088 [EventQueue-ContainerReportForContainerReportHandler] WARN  container.ContainerReportHandler (AbstractContainerReportHandler.java:updateContainerState(145)) - Container #1 is in OPEN state, but the datanode 1d13c680-5537-46cb-94e2-eb83f4d4b3d3{ip: 192.168.151.93, host: pr-hdds-2240-9psb4-3492037919, networkLocation: /default-rack, certSerialId: null} reports an CLOSED replica.
2019-10-13 20:16:49,226 [BlockDeletingService#2] WARN  background.BlockDeletingService (BlockDeletingService.java:isDeletionAllowed(187)) - Close Container log Index 6 is not replicated across allthe servers in the pipeline d3b06565-bf46-4447-bfd8-fb92401ad5cf as the min replicated index is 4. Deletion is not allowed in this container yet.
2019-10-13 20:16:49,226 [BlockDeletingService#2] WARN  background.BlockDeletingService (BlockDeletingService.java:isDeletionAllowed(187)) - Close Container log Index 6 is not replicated across allthe servers in the pipeline d3b06565-bf46-4447-bfd8-fb92401ad5cf as the min replicated index is 4. Deletion is not allowed in this container yet.
2019-10-13 20:16:49,229 [EventQueue-ContainerReportForContainerReportHandler] WARN  container.ContainerReportHandler (AbstractContainerReportHandler.java:updateContainerState(145)) - Container #1 is in OPEN state, but the datanode d7b6d0b0-5bea-41cc-bfbb-05e0db699ec7{ip: 192.168.151.93, host: pr-hdds-2240-9psb4-3492037919, networkLocation: /default-rack, certSerialId: null} reports an CLOSED replica.
2019-10-13 20:16:49,388 [EventQueue-ContainerReportForContainerReportHandler] WARN  container.ContainerReportHandler (AbstractContainerReportHandler.java:updateContainerState(145)) - Container #1 is in OPEN state, but the datanode 1d13c680-5537-46cb-94e2-eb83f4d4b3d3{ip: 192.168.151.93, host: pr-hdds-2240-9psb4-3492037919, networkLocation: /default-rack, certSerialId: null} reports an CLOSED replica.
2019-10-13 20:16:49,631 [EventQueue-ContainerReportForContainerReportHandler] WARN  container.ContainerReportHandler (AbstractContainerReportHandler.java:updateContainerState(145)) - Container #1 is in OPEN state, but the datanode d7b6d0b0-5bea-41cc-bfbb-05e0db699ec7{ip: 192.168.151.93, host: pr-hdds-2240-9psb4-3492037919, networkLocation: /default-rack, certSerialId: null} reports an CLOSED replica.
2019-10-13 20:16:49,688 [EventQueue-ContainerReportForContainerReportHandler] WARN  container.ContainerReportHandler (AbstractContainerReportHandler.java:updateContainerState(145)) - Container #1 is in OPEN state, but the datanode 1d13c680-5537-46cb-94e2-eb83f4d4b3d3{ip: 192.168.151.93, host: pr-hdds-2240-9psb4-3492037919, networkLocation: /default-rack, certSerialId: null} reports an CLOSED replica.
2019-10-13 20:16:49,888 [EventQueue-ContainerReportForContainerReportHandler] WARN  container.ContainerReportHandler (AbstractContainerReportHandler.java:updateContainerState(145)) - Container #1 is in OPEN state, but the datanode 1d13c680-5537-46cb-94e2-eb83f4d4b3d3{ip: 192.168.151.93, host: pr-hdds-2240-9psb4-3492037919, networkLocation: /default-rack, certSerialId: null} reports an CLOSED replica.
2019-10-13 20:16:49,929 [EventQueue-ContainerReportForContainerReportHandler] WARN  container.ContainerReportHandler (AbstractContainerReportHandler.java:updateContainerState(145)) - Container #1 is in OPEN state, but the datanode d7b6d0b0-5bea-41cc-bfbb-05e0db699ec7{ip: 192.168.151.93, host: pr-hdds-2240-9psb4-3492037919, networkLocation: /default-rack, certSerialId: null} reports an CLOSED replica.
2019-10-13 20:16:50,063 [grpc-default-executor-3] WARN  server.GrpcLogAppender (LogUtils.java:warn(134)) - 1d13c680-5537-46cb-94e2-eb83f4d4b3d3@group-FB92401AD5CF->b1e61060-76d7-4fe3-930c-321a9145abdb-AppendLogResponseHandler: Failed appendEntries: org.apache.ratis.thirdparty.io.grpc.StatusRuntimeException: UNAVAILABLE: io exception
2019-10-13 20:16:50,064 [grpc-default-executor-3] INFO  impl.FollowerInfo (FollowerInfo.java:lambda$new$0(51)) - 1d13c680-5537-46cb-94e2-eb83f4d4b3d3@group-FB92401AD5CF->b1e61060-76d7-4fe3-930c-321a9145abdb: nextIndex: updateUnconditionally 0 -> 0
2019-10-13 20:16:50,229 [BlockDeletingService#2] WARN  background.BlockDeletingService (BlockDeletingService.java:isDeletionAllowed(187)) - Close Container log Index 6 is not replicated across allthe servers in the pipeline d3b06565-bf46-4447-bfd8-fb92401ad5cf as the min replicated index is 4. Deletion is not allowed in this container yet.
2019-10-13 20:16:50,229 [BlockDeletingService#2] WARN  background.BlockDeletingService (BlockDeletingService.java:isDeletionAllowed(187)) - Close Container log Index 6 is not replicated across allthe servers in the pipeline d3b06565-bf46-4447-bfd8-fb92401ad5cf as the min replicated index is 4. Deletion is not allowed in this container yet.
2019-10-13 20:16:50,231 [EventQueue-ContainerReportForContainerReportHandler] WARN  container.ContainerReportHandler (AbstractContainerReportHandler.java:updateContainerState(145)) - Container #1 is in OPEN state, but the datanode d7b6d0b0-5bea-41cc-bfbb-05e0db699ec7{ip: 192.168.151.93, host: pr-hdds-2240-9psb4-3492037919, networkLocation: /default-rack, certSerialId: null} reports an CLOSED replica.
2019-10-13 20:16:50,288 [EventQueue-ContainerReportForContainerReportHandler] WARN  container.ContainerReportHandler (AbstractContainerReportHandler.java:updateContainerState(145)) - Container #1 is in OPEN state, but the datanode 1d13c680-5537-46cb-94e2-eb83f4d4b3d3{ip: 192.168.151.93, host: pr-hdds-2240-9psb4-3492037919, networkLocation: /default-rack, certSerialId: null} reports an CLOSED replica.
2019-10-13 20:16:50,530 [EventQueue-ContainerReportForContainerReportHandler] WARN  container.ContainerReportHandler (AbstractContainerReportHandler.java:updateContainerState(145)) - Container #1 is in OPEN state, but the datanode d7b6d0b0-5bea-41cc-bfbb-05e0db699ec7{ip: 192.168.151.93, host: pr-hdds-2240-9psb4-3492037919, networkLocation: /default-rack, certSerialId: null} reports an CLOSED replica.
2019-10-13 20:16:50,588 [EventQueue-ContainerReportForContainerReportHandler] WARN  container.ContainerReportHandler (AbstractContainerReportHandler.java:updateContainerState(145)) - Container #1 is in OPEN state, but the datanode 1d13c680-5537-46cb-94e2-eb83f4d4b3d3{ip: 192.168.151.93, host: pr-hdds-2240-9psb4-3492037919, networkLocation: /default-rack, certSerialId: null} reports an CLOSED replica.
2019-10-13 20:16:50,831 [EventQueue-ContainerReportForContainerReportHandler] WARN  container.ContainerReportHandler (AbstractContainerReportHandler.java:updateContainerState(145)) - Container #1 is in OPEN state, but the datanode d7b6d0b0-5bea-41cc-bfbb-05e0db699ec7{ip: 192.168.151.93, host: pr-hdds-2240-9psb4-3492037919, networkLocation: /default-rack, certSerialId: null} reports an CLOSED replica.
2019-10-13 20:16:50,888 [EventQueue-ContainerReportForContainerReportHandler] WARN  container.ContainerReportHandler (AbstractContainerReportHandler.java:updateContainerState(145)) - Container #1 is in OPEN state, but the datanode 1d13c680-5537-46cb-94e2-eb83f4d4b3d3{ip: 192.168.151.93, host: pr-hdds-2240-9psb4-3492037919, networkLocation: /default-rack, certSerialId: null} reports an CLOSED replica.
2019-10-13 20:16:51,089 [EventQueue-ContainerReportForContainerReportHandler] WARN  container.ContainerReportHandler (AbstractContainerReportHandler.java:updateContainerState(145)) - Container #1 is in OPEN state, but the datanode 1d13c680-5537-46cb-94e2-eb83f4d4b3d3{ip: 192.168.151.93, host: pr-hdds-2240-9psb4-3492037919, networkLocation: /default-rack, certSerialId: null} reports an CLOSED replica.
2019-10-13 20:16:51,132 [EventQueue-ContainerReportForContainerReportHandler] WARN  container.ContainerReportHandler (AbstractContainerReportHandler.java:updateContainerState(145)) - Container #1 is in OPEN state, but the datanode d7b6d0b0-5bea-41cc-bfbb-05e0db699ec7{ip: 192.168.151.93, host: pr-hdds-2240-9psb4-3492037919, networkLocation: /default-rack, certSerialId: null} reports an CLOSED replica.
2019-10-13 20:16:51,231 [BlockDeletingService#2] WARN  background.BlockDeletingService (BlockDeletingService.java:isDeletionAllowed(187)) - Close Container log Index 6 is not replicated across allthe servers in the pipeline d3b06565-bf46-4447-bfd8-fb92401ad5cf as the min replicated index is 4. Deletion is not allowed in this container yet.
2019-10-13 20:16:51,231 [BlockDeletingService#2] WARN  background.BlockDeletingService (BlockDeletingService.java:isDeletionAllowed(187)) - Close Container log Index 6 is not replicated across allthe servers in the pipeline d3b06565-bf46-4447-bfd8-fb92401ad5cf as the min replicated index is 4. Deletion is not allowed in this container yet.
2019-10-13 20:16:51,289 [EventQueue-ContainerReportForContainerReportHandler] WARN  container.ContainerReportHandler (AbstractContainerReportHandler.java:updateContainerState(145)) - Container #1 is in OPEN state, but the datanode 1d13c680-5537-46cb-94e2-eb83f4d4b3d3{ip: 192.168.151.93, host: pr-hdds-2240-9psb4-3492037919, networkLocation: /default-rack, certSerialId: null} reports an CLOSED replica.
2019-10-13 20:16:51,533 [EventQueue-ContainerReportForContainerReportHandler] WARN  container.ContainerReportHandler (AbstractContainerReportHandler.java:updateContainerState(145)) - Container #1 is in OPEN state, but the datanode d7b6d0b0-5bea-41cc-bfbb-05e0db699ec7{ip: 192.168.151.93, host: pr-hdds-2240-9psb4-3492037919, networkLocation: /default-rack, certSerialId: null} reports an CLOSED replica.
2019-10-13 20:16:51,589 [EventQueue-ContainerReportForContainerReportHandler] WARN  container.ContainerReportHandler (AbstractContainerReportHandler.java:updateContainerState(145)) - Container #1 is in OPEN state, but the datanode 1d13c680-5537-46cb-94e2-eb83f4d4b3d3{ip: 192.168.151.93, host: pr-hdds-2240-9psb4-3492037919, networkLocation: /default-rack, certSerialId: null} reports an CLOSED replica.
2019-10-13 20:16:51,733 [EventQueue-ContainerReportForContainerReportHandler] WARN  container.ContainerReportHandler (AbstractContainerReportHandler.java:updateContainerState(145)) - Container #1 is in OPEN state, but the datanode d7b6d0b0-5bea-41cc-bfbb-05e0db699ec7{ip: 192.168.151.93, host: pr-hdds-2240-9psb4-3492037919, networkLocation: /default-rack, certSerialId: null} reports an CLOSED replica.
2019-10-13 20:16:51,990 [EventQueue-ContainerReportForContainerReportHandler] WARN  container.ContainerReportHandler (AbstractContainerReportHandler.java:updateContainerState(145)) - Container #1 is in OPEN state, but the datanode 1d13c680-5537-46cb-94e2-eb83f4d4b3d3{ip: 192.168.151.93, host: pr-hdds-2240-9psb4-3492037919, networkLocation: /default-rack, certSerialId: null} reports an CLOSED replica.
2019-10-13 20:16:52,033 [EventQueue-ContainerReportForContainerReportHandler] WARN  container.ContainerReportHandler (AbstractContainerReportHandler.java:updateContainerState(145)) - Container #1 is in OPEN state, but the datanode d7b6d0b0-5bea-41cc-bfbb-05e0db699ec7{ip: 192.168.151.93, host: pr-hdds-2240-9psb4-3492037919, networkLocation: /default-rack, certSerialId: null} reports an CLOSED replica.
2019-10-13 20:16:52,233 [BlockDeletingService#2] WARN  background.BlockDeletingService (BlockDeletingService.java:isDeletionAllowed(187)) - Close Container log Index 6 is not replicated across allthe servers in the pipeline d3b06565-bf46-4447-bfd8-fb92401ad5cf as the min replicated index is 4. Deletion is not allowed in this container yet.
2019-10-13 20:16:52,233 [BlockDeletingService#2] WARN  background.BlockDeletingService (BlockDeletingService.java:isDeletionAllowed(187)) - Close Container log Index 6 is not replicated across allthe servers in the pipeline d3b06565-bf46-4447-bfd8-fb92401ad5cf as the min replicated index is 4. Deletion is not allowed in this container yet.
2019-10-13 20:16:52,291 [EventQueue-ContainerReportForContainerReportHandler] WARN  container.ContainerReportHandler (AbstractContainerReportHandler.java:updateContainerState(145)) - Container #1 is in OPEN state, but the datanode 1d13c680-5537-46cb-94e2-eb83f4d4b3d3{ip: 192.168.151.93, host: pr-hdds-2240-9psb4-3492037919, networkLocation: /default-rack, certSerialId: null} reports an CLOSED replica.
2019-10-13 20:16:52,333 [EventQueue-ContainerReportForContainerReportHandler] WARN  container.ContainerReportHandler (AbstractContainerReportHandler.java:updateContainerState(145)) - Container #1 is in OPEN state, but the datanode d7b6d0b0-5bea-41cc-bfbb-05e0db699ec7{ip: 192.168.151.93, host: pr-hdds-2240-9psb4-3492037919, networkLocation: /default-rack, certSerialId: null} reports an CLOSED replica.
2019-10-13 20:16:52,567 [grpc-default-executor-3] WARN  server.GrpcLogAppender (LogUtils.java:warn(134)) - 1d13c680-5537-46cb-94e2-eb83f4d4b3d3@group-FB92401AD5CF->b1e61060-76d7-4fe3-930c-321a9145abdb-AppendLogResponseHandler: Failed appendEntries: org.apache.ratis.thirdparty.io.grpc.StatusRuntimeException: UNAVAILABLE: io exception
2019-10-13 20:16:52,567 [grpc-default-executor-3] INFO  impl.FollowerInfo (FollowerInfo.java:lambda$new$0(51)) - 1d13c680-5537-46cb-94e2-eb83f4d4b3d3@group-FB92401AD5CF->b1e61060-76d7-4fe3-930c-321a9145abdb: nextIndex: updateUnconditionally 0 -> 0
2019-10-13 20:16:52,691 [EventQueue-ContainerReportForContainerReportHandler] WARN  container.ContainerReportHandler (AbstractContainerReportHandler.java:updateContainerState(145)) - Container #1 is in OPEN state, but the datanode 1d13c680-5537-46cb-94e2-eb83f4d4b3d3{ip: 192.168.151.93, host: pr-hdds-2240-9psb4-3492037919, networkLocation: /default-rack, certSerialId: null} reports an CLOSED replica.
2019-10-13 20:16:52,734 [EventQueue-ContainerReportForContainerReportHandler] WARN  container.ContainerReportHandler (AbstractContainerReportHandler.java:updateContainerState(145)) - Container #1 is in OPEN state, but the datanode d7b6d0b0-5bea-41cc-bfbb-05e0db699ec7{ip: 192.168.151.93, host: pr-hdds-2240-9psb4-3492037919, networkLocation: /default-rack, certSerialId: null} reports an CLOSED replica.
2019-10-13 20:16:52,892 [EventQueue-ContainerReportForContainerReportHandler] WARN  container.ContainerReportHandler (AbstractContainerReportHandler.java:updateContainerState(145)) - Container #1 is in OPEN state, but the datanode 1d13c680-5537-46cb-94e2-eb83f4d4b3d3{ip: 192.168.151.93, host: pr-hdds-2240-9psb4-3492037919, networkLocation: /default-rack, certSerialId: null} reports an CLOSED replica.
2019-10-13 20:16:52,934 [EventQueue-ContainerReportForContainerReportHandler] WARN  container.ContainerReportHandler (AbstractContainerReportHandler.java:updateContainerState(145)) - Container #1 is in OPEN state, but the datanode d7b6d0b0-5bea-41cc-bfbb-05e0db699ec7{ip: 192.168.151.93, host: pr-hdds-2240-9psb4-3492037919, networkLocation: /default-rack, certSerialId: null} reports an CLOSED replica.
2019-10-13 20:16:53,134 [EventQueue-ContainerReportForContainerReportHandler] WARN  container.ContainerReportHandler (AbstractContainerReportHandler.java:updateContainerState(145)) - Container #1 is in OPEN state, but the datanode d7b6d0b0-5bea-41cc-bfbb-05e0db699ec7{ip: 192.168.151.93, host: pr-hdds-2240-9psb4-3492037919, networkLocation: /default-rack, certSerialId: null} reports an CLOSED replica.
2019-10-13 20:16:53,192 [EventQueue-ContainerReportForContainerReportHandler] WARN  container.ContainerReportHandler (AbstractContainerReportHandler.java:updateContainerState(145)) - Container #1 is in OPEN state, but the datanode 1d13c680-5537-46cb-94e2-eb83f4d4b3d3{ip: 192.168.151.93, host: pr-hdds-2240-9psb4-3492037919, networkLocation: /default-rack, certSerialId: null} reports an CLOSED replica.
2019-10-13 20:16:53,235 [BlockDeletingService#2] WARN  background.BlockDeletingService (BlockDeletingService.java:isDeletionAllowed(187)) - Close Container log Index 6 is not replicated across allthe servers in the pipeline d3b06565-bf46-4447-bfd8-fb92401ad5cf as the min replicated index is 4. Deletion is not allowed in this container yet.
2019-10-13 20:16:53,235 [BlockDeletingService#2] WARN  background.BlockDeletingService (BlockDeletingService.java:isDeletionAllowed(187)) - Close Container log Index 6 is not replicated across allthe servers in the pipeline d3b06565-bf46-4447-bfd8-fb92401ad5cf as the min replicated index is 4. Deletion is not allowed in this container yet.
2019-10-13 20:16:53,434 [EventQueue-ContainerReportForContainerReportHandler] WARN  container.ContainerReportHandler (AbstractContainerReportHandler.java:updateContainerState(145)) - Container #1 is in OPEN state, but the datanode d7b6d0b0-5bea-41cc-bfbb-05e0db699ec7{ip: 192.168.151.93, host: pr-hdds-2240-9psb4-3492037919, networkLocation: /default-rack, certSerialId: null} reports an CLOSED replica.
2019-10-13 20:16:53,494 [EventQueue-ContainerReportForContainerReportHandler] WARN  container.ContainerReportHandler (AbstractContainerReportHandler.java:updateContainerState(145)) - Container #1 is in OPEN state, but the datanode 1d13c680-5537-46cb-94e2-eb83f4d4b3d3{ip: 192.168.151.93, host: pr-hdds-2240-9psb4-3492037919, networkLocation: /default-rack, certSerialId: null} reports an CLOSED replica.
2019-10-13 20:16:53,792 [EventQueue-ContainerReportForContainerReportHandler] WARN  container.ContainerReportHandler (AbstractContainerReportHandler.java:updateContainerState(145)) - Container #1 is in OPEN state, but the datanode 1d13c680-5537-46cb-94e2-eb83f4d4b3d3{ip: 192.168.151.93, host: pr-hdds-2240-9psb4-3492037919, networkLocation: /default-rack, certSerialId: null} reports an CLOSED replica.
2019-10-13 20:16:53,834 [EventQueue-ContainerReportForContainerReportHandler] WARN  container.ContainerReportHandler (AbstractContainerReportHandler.java:updateContainerState(145)) - Container #1 is in OPEN state, but the datanode d7b6d0b0-5bea-41cc-bfbb-05e0db699ec7{ip: 192.168.151.93, host: pr-hdds-2240-9psb4-3492037919, networkLocation: /default-rack, certSerialId: null} reports an CLOSED replica.
2019-10-13 20:16:53,992 [EventQueue-ContainerReportForContainerReportHandler] WARN  container.ContainerReportHandler (AbstractContainerReportHandler.java:updateContainerState(145)) - Container #1 is in OPEN state, but the datanode 1d13c680-5537-46cb-94e2-eb83f4d4b3d3{ip: 192.168.151.93, host: pr-hdds-2240-9psb4-3492037919, networkLocation: /default-rack, certSerialId: null} reports an CLOSED replica.
2019-10-13 20:16:54,034 [EventQueue-ContainerReportForContainerReportHandler] WARN  container.ContainerReportHandler (AbstractContainerReportHandler.java:updateContainerState(145)) - Container #1 is in OPEN state, but the datanode d7b6d0b0-5bea-41cc-bfbb-05e0db699ec7{ip: 192.168.151.93, host: pr-hdds-2240-9psb4-3492037919, networkLocation: /default-rack, certSerialId: null} reports an CLOSED replica.
2019-10-13 20:16:54,237 [BlockDeletingService#2] WARN  background.BlockDeletingService (BlockDeletingService.java:isDeletionAllowed(187)) - Close Container log Index 6 is not replicated across allthe servers in the pipeline d3b06565-bf46-4447-bfd8-fb92401ad5cf as the min replicated index is 4. Deletion is not allowed in this container yet.
2019-10-13 20:16:54,237 [BlockDeletingService#2] WARN  background.BlockDeletingService (BlockDeletingService.java:isDeletionAllowed(187)) - Close Container log Index 6 is not replicated across allthe servers in the pipeline d3b06565-bf46-4447-bfd8-fb92401ad5cf as the min replicated index is 4. Deletion is not allowed in this container yet.
2019-10-13 20:16:54,334 [EventQueue-ContainerReportForContainerReportHandler] WARN  container.ContainerReportHandler (AbstractContainerReportHandler.java:updateContainerState(145)) - Container #1 is in OPEN state, but the datanode d7b6d0b0-5bea-41cc-bfbb-05e0db699ec7{ip: 192.168.151.93, host: pr-hdds-2240-9psb4-3492037919, networkLocation: /default-rack, certSerialId: null} reports an CLOSED replica.
2019-10-13 20:16:54,392 [EventQueue-ContainerReportForContainerReportHandler] WARN  container.ContainerReportHandler (AbstractContainerReportHandler.java:updateContainerState(145)) - Container #1 is in OPEN state, but the datanode 1d13c680-5537-46cb-94e2-eb83f4d4b3d3{ip: 192.168.151.93, host: pr-hdds-2240-9psb4-3492037919, networkLocation: /default-rack, certSerialId: null} reports an CLOSED replica.
2019-10-13 20:16:54,534 [EventQueue-ContainerReportForContainerReportHandler] WARN  container.ContainerReportHandler (AbstractContainerReportHandler.java:updateContainerState(145)) - Container #1 is in OPEN state, but the datanode d7b6d0b0-5bea-41cc-bfbb-05e0db699ec7{ip: 192.168.151.93, host: pr-hdds-2240-9psb4-3492037919, networkLocation: /default-rack, certSerialId: null} reports an CLOSED replica.
2019-10-13 20:16:54,692 [EventQueue-ContainerReportForContainerReportHandler] WARN  container.ContainerReportHandler (AbstractContainerReportHandler.java:updateContainerState(145)) - Container #1 is in OPEN state, but the datanode 1d13c680-5537-46cb-94e2-eb83f4d4b3d3{ip: 192.168.151.93, host: pr-hdds-2240-9psb4-3492037919, networkLocation: /default-rack, certSerialId: null} reports an CLOSED replica.
2019-10-13 20:16:54,892 [EventQueue-ContainerReportForContainerReportHandler] WARN  container.ContainerReportHandler (AbstractContainerReportHandler.java:updateContainerState(145)) - Container #1 is in OPEN state, but the datanode 1d13c680-5537-46cb-94e2-eb83f4d4b3d3{ip: 192.168.151.93, host: pr-hdds-2240-9psb4-3492037919, networkLocation: /default-rack, certSerialId: null} reports an CLOSED replica.
2019-10-13 20:16:54,934 [EventQueue-ContainerReportForContainerReportHandler] WARN  container.ContainerReportHandler (AbstractContainerReportHandler.java:updateContainerState(145)) - Container #1 is in OPEN state, but the datanode d7b6d0b0-5bea-41cc-bfbb-05e0db699ec7{ip: 192.168.151.93, host: pr-hdds-2240-9psb4-3492037919, networkLocation: /default-rack, certSerialId: null} reports an CLOSED replica.
2019-10-13 20:16:55,069 [grpc-default-executor-0] WARN  server.GrpcLogAppender (LogUtils.java:warn(134)) - 1d13c680-5537-46cb-94e2-eb83f4d4b3d3@group-FB92401AD5CF->b1e61060-76d7-4fe3-930c-321a9145abdb-AppendLogResponseHandler: Failed appendEntries: org.apache.ratis.thirdparty.io.grpc.StatusRuntimeException: UNAVAILABLE: io exception
2019-10-13 20:16:55,070 [grpc-default-executor-0] INFO  impl.FollowerInfo (FollowerInfo.java:lambda$new$0(51)) - 1d13c680-5537-46cb-94e2-eb83f4d4b3d3@group-FB92401AD5CF->b1e61060-76d7-4fe3-930c-321a9145abdb: nextIndex: updateUnconditionally 0 -> 0
2019-10-13 20:16:55,092 [EventQueue-ContainerReportForContainerReportHandler] WARN  container.ContainerReportHandler (AbstractContainerReportHandler.java:updateContainerState(145)) - Container #1 is in OPEN state, but the datanode 1d13c680-5537-46cb-94e2-eb83f4d4b3d3{ip: 192.168.151.93, host: pr-hdds-2240-9psb4-3492037919, networkLocation: /default-rack, certSerialId: null} reports an CLOSED replica.
2019-10-13 20:16:55,134 [EventQueue-ContainerReportForContainerReportHandler] WARN  container.ContainerReportHandler (AbstractContainerReportHandler.java:updateContainerState(145)) - Container #1 is in OPEN state, but the datanode d7b6d0b0-5bea-41cc-bfbb-05e0db699ec7{ip: 192.168.151.93, host: pr-hdds-2240-9psb4-3492037919, networkLocation: /default-rack, certSerialId: null} reports an CLOSED replica.
2019-10-13 20:16:55,238 [BlockDeletingService#2] WARN  background.BlockDeletingService (BlockDeletingService.java:isDeletionAllowed(187)) - Close Container log Index 6 is not replicated across allthe servers in the pipeline d3b06565-bf46-4447-bfd8-fb92401ad5cf as the min replicated index is 4. Deletion is not allowed in this container yet.
2019-10-13 20:16:55,238 [BlockDeletingService#2] WARN  background.BlockDeletingService (BlockDeletingService.java:isDeletionAllowed(187)) - Close Container log Index 6 is not replicated across allthe servers in the pipeline d3b06565-bf46-4447-bfd8-fb92401ad5cf as the min replicated index is 4. Deletion is not allowed in this container yet.
2019-10-13 20:16:55,392 [EventQueue-ContainerReportForContainerReportHandler] WARN  container.ContainerReportHandler (AbstractContainerReportHandler.java:updateContainerState(145)) - Container #1 is in OPEN state, but the datanode 1d13c680-5537-46cb-94e2-eb83f4d4b3d3{ip: 192.168.151.93, host: pr-hdds-2240-9psb4-3492037919, networkLocation: /default-rack, certSerialId: null} reports an CLOSED replica.
2019-10-13 20:16:55,434 [EventQueue-ContainerReportForContainerReportHandler] WARN  container.ContainerReportHandler (AbstractContainerReportHandler.java:updateContainerState(145)) - Container #1 is in OPEN state, but the datanode d7b6d0b0-5bea-41cc-bfbb-05e0db699ec7{ip: 192.168.151.93, host: pr-hdds-2240-9psb4-3492037919, networkLocation: /default-rack, certSerialId: null} reports an CLOSED replica.
2019-10-13 20:16:55,692 [EventQueue-ContainerReportForContainerReportHandler] WARN  container.ContainerReportHandler (AbstractContainerReportHandler.java:updateContainerState(145)) - Container #1 is in OPEN state, but the datanode 1d13c680-5537-46cb-94e2-eb83f4d4b3d3{ip: 192.168.151.93, host: pr-hdds-2240-9psb4-3492037919, networkLocation: /default-rack, certSerialId: null} reports an CLOSED replica.
2019-10-13 20:16:55,734 [EventQueue-ContainerReportForContainerReportHandler] WARN  container.ContainerReportHandler (AbstractContainerReportHandler.java:updateContainerState(145)) - Container #1 is in OPEN state, but the datanode d7b6d0b0-5bea-41cc-bfbb-05e0db699ec7{ip: 192.168.151.93, host: pr-hdds-2240-9psb4-3492037919, networkLocation: /default-rack, certSerialId: null} reports an CLOSED replica.
2019-10-13 20:16:55,934 [EventQueue-ContainerReportForContainerReportHandler] WARN  container.ContainerReportHandler (AbstractContainerReportHandler.java:updateContainerState(145)) - Container #1 is in OPEN state, but the datanode d7b6d0b0-5bea-41cc-bfbb-05e0db699ec7{ip: 192.168.151.93, host: pr-hdds-2240-9psb4-3492037919, networkLocation: /default-rack, certSerialId: null} reports an CLOSED replica.
2019-10-13 20:16:56,092 [EventQueue-ContainerReportForContainerReportHandler] WARN  container.ContainerReportHandler (AbstractContainerReportHandler.java:updateContainerState(145)) - Container #1 is in OPEN state, but the datanode 1d13c680-5537-46cb-94e2-eb83f4d4b3d3{ip: 192.168.151.93, host: pr-hdds-2240-9psb4-3492037919, networkLocation: /default-rack, certSerialId: null} reports an CLOSED replica.
2019-10-13 20:16:56,239 [BlockDeletingService#2] WARN  background.BlockDeletingService (BlockDeletingService.java:isDeletionAllowed(187)) - Close Container log Index 6 is not replicated across allthe servers in the pipeline d3b06565-bf46-4447-bfd8-fb92401ad5cf as the min replicated index is 4. Deletion is not allowed in this container yet.
2019-10-13 20:16:56,239 [BlockDeletingService#2] WARN  background.BlockDeletingService (BlockDeletingService.java:isDeletionAllowed(187)) - Close Container log Index 6 is not replicated across allthe servers in the pipeline d3b06565-bf46-4447-bfd8-fb92401ad5cf as the min replicated index is 4. Deletion is not allowed in this container yet.
2019-10-13 20:16:56,292 [EventQueue-ContainerReportForContainerReportHandler] WARN  container.ContainerReportHandler (AbstractContainerReportHandler.java:updateContainerState(145)) - Container #1 is in OPEN state, but the datanode 1d13c680-5537-46cb-94e2-eb83f4d4b3d3{ip: 192.168.151.93, host: pr-hdds-2240-9psb4-3492037919, networkLocation: /default-rack, certSerialId: null} reports an CLOSED replica.
2019-10-13 20:16:56,334 [EventQueue-ContainerReportForContainerReportHandler] WARN  container.ContainerReportHandler (AbstractContainerReportHandler.java:updateContainerState(145)) - Container #1 is in OPEN state, but the datanode d7b6d0b0-5bea-41cc-bfbb-05e0db699ec7{ip: 192.168.151.93, host: pr-hdds-2240-9psb4-3492037919, networkLocation: /default-rack, certSerialId: null} reports an CLOSED replica.
2019-10-13 20:16:56,534 [EventQueue-ContainerReportForContainerReportHandler] WARN  container.ContainerReportHandler (AbstractContainerReportHandler.java:updateContainerState(145)) - Container #1 is in OPEN state, but the datanode d7b6d0b0-5bea-41cc-bfbb-05e0db699ec7{ip: 192.168.151.93, host: pr-hdds-2240-9psb4-3492037919, networkLocation: /default-rack, certSerialId: null} reports an CLOSED replica.
2019-10-13 20:16:56,592 [EventQueue-ContainerReportForContainerReportHandler] WARN  container.ContainerReportHandler (AbstractContainerReportHandler.java:updateContainerState(145)) - Container #1 is in OPEN state, but the datanode 1d13c680-5537-46cb-94e2-eb83f4d4b3d3{ip: 192.168.151.93, host: pr-hdds-2240-9psb4-3492037919, networkLocation: /default-rack, certSerialId: null} reports an CLOSED replica.
2019-10-13 20:16:56,734 [EventQueue-ContainerReportForContainerReportHandler] WARN  container.ContainerReportHandler (AbstractContainerReportHandler.java:updateContainerState(145)) - Container #1 is in OPEN state, but the datanode d7b6d0b0-5bea-41cc-bfbb-05e0db699ec7{ip: 192.168.151.93, host: pr-hdds-2240-9psb4-3492037919, networkLocation: /default-rack, certSerialId: null} reports an CLOSED replica.
2019-10-13 20:16:56,792 [EventQueue-ContainerReportForContainerReportHandler] WARN  container.ContainerReportHandler (AbstractContainerReportHandler.java:updateContainerState(145)) - Container #1 is in OPEN state, but the datanode 1d13c680-5537-46cb-94e2-eb83f4d4b3d3{ip: 192.168.151.93, host: pr-hdds-2240-9psb4-3492037919, networkLocation: /default-rack, certSerialId: null} reports an CLOSED replica.
2019-10-13 20:16:56,993 [EventQueue-ContainerReportForContainerReportHandler] WARN  container.ContainerReportHandler (AbstractContainerReportHandler.java:updateContainerState(145)) - Container #1 is in OPEN state, but the datanode 1d13c680-5537-46cb-94e2-eb83f4d4b3d3{ip: 192.168.151.93, host: pr-hdds-2240-9psb4-3492037919, networkLocation: /default-rack, certSerialId: null} reports an CLOSED replica.
2019-10-13 20:16:57,034 [EventQueue-ContainerReportForContainerReportHandler] WARN  container.ContainerReportHandler (AbstractContainerReportHandler.java:updateContainerState(145)) - Container #1 is in OPEN state, but the datanode d7b6d0b0-5bea-41cc-bfbb-05e0db699ec7{ip: 192.168.151.93, host: pr-hdds-2240-9psb4-3492037919, networkLocation: /default-rack, certSerialId: null} reports an CLOSED replica.
2019-10-13 20:16:57,123 [Thread-472] INFO  client.GrpcClientProtocolService (GrpcClientProtocolService.java:lambda$processClientRequest$0(278)) - Failed RaftClientRequest:client-8C69C1D6A99A->d7b6d0b0-5bea-41cc-bfbb-05e0db699ec7@group-FB92401AD5CF, cid=10, seq=0, Watch-ALL_COMMITTED(6), Message:<EMPTY>, reply=RaftClientReply:client-8C69C1D6A99A->d7b6d0b0-5bea-41cc-bfbb-05e0db699ec7@group-FB92401AD5CF, cid=10, FAILED org.apache.ratis.protocol.NotLeaderException: Server d7b6d0b0-5bea-41cc-bfbb-05e0db699ec7@group-FB92401AD5CF is not the leader 1d13c680-5537-46cb-94e2-eb83f4d4b3d3:192.168.151.93:46245, logIndex=0, commits[d7b6d0b0-5bea-41cc-bfbb-05e0db699ec7:c10, b1e61060-76d7-4fe3-930c-321a9145abdb:c4, 1d13c680-5537-46cb-94e2-eb83f4d4b3d3:c10]
2019-10-13 20:16:57,240 [BlockDeletingService#2] WARN  background.BlockDeletingService (BlockDeletingService.java:isDeletionAllowed(187)) - Close Container log Index 6 is not replicated across allthe servers in the pipeline d3b06565-bf46-4447-bfd8-fb92401ad5cf as the min replicated index is 4. Deletion is not allowed in this container yet.
2019-10-13 20:16:57,240 [BlockDeletingService#2] WARN  background.BlockDeletingService (BlockDeletingService.java:isDeletionAllowed(187)) - Close Container log Index 6 is not replicated across allthe servers in the pipeline d3b06565-bf46-4447-bfd8-fb92401ad5cf as the min replicated index is 4. Deletion is not allowed in this container yet.
2019-10-13 20:16:57,334 [EventQueue-ContainerReportForContainerReportHandler] WARN  container.ContainerReportHandler (AbstractContainerReportHandler.java:updateContainerState(145)) - Container #1 is in OPEN state, but the datanode d7b6d0b0-5bea-41cc-bfbb-05e0db699ec7{ip: 192.168.151.93, host: pr-hdds-2240-9psb4-3492037919, networkLocation: /default-rack, certSerialId: null} reports an CLOSED replica.
2019-10-13 20:16:57,394 [EventQueue-ContainerReportForContainerReportHandler] WARN  container.ContainerReportHandler (AbstractContainerReportHandler.java:updateContainerState(145)) - Container #1 is in OPEN state, but the datanode 1d13c680-5537-46cb-94e2-eb83f4d4b3d3{ip: 192.168.151.93, host: pr-hdds-2240-9psb4-3492037919, networkLocation: /default-rack, certSerialId: null} reports an CLOSED replica.
2019-10-13 20:16:57,570 [grpc-default-executor-1] WARN  server.GrpcLogAppender (LogUtils.java:warn(134)) - 1d13c680-5537-46cb-94e2-eb83f4d4b3d3@group-FB92401AD5CF->b1e61060-76d7-4fe3-930c-321a9145abdb-AppendLogResponseHandler: Failed appendEntries: org.apache.ratis.thirdparty.io.grpc.StatusRuntimeException: UNAVAILABLE: io exception
2019-10-13 20:16:57,570 [grpc-default-executor-1] INFO  impl.FollowerInfo (FollowerInfo.java:lambda$new$0(51)) - 1d13c680-5537-46cb-94e2-eb83f4d4b3d3@group-FB92401AD5CF->b1e61060-76d7-4fe3-930c-321a9145abdb: nextIndex: updateUnconditionally 0 -> 0
2019-10-13 20:16:57,596 [EventQueue-ContainerReportForContainerReportHandler] WARN  container.ContainerReportHandler (AbstractContainerReportHandler.java:updateContainerState(145)) - Container #1 is in OPEN state, but the datanode 1d13c680-5537-46cb-94e2-eb83f4d4b3d3{ip: 192.168.151.93, host: pr-hdds-2240-9psb4-3492037919, networkLocation: /default-rack, certSerialId: null} reports an CLOSED replica.
2019-10-13 20:16:57,734 [EventQueue-ContainerReportForContainerReportHandler] WARN  container.ContainerReportHandler (AbstractContainerReportHandler.java:updateContainerState(145)) - Container #1 is in OPEN state, but the datanode d7b6d0b0-5bea-41cc-bfbb-05e0db699ec7{ip: 192.168.151.93, host: pr-hdds-2240-9psb4-3492037919, networkLocation: /default-rack, certSerialId: null} reports an CLOSED replica.
2019-10-13 20:16:57,934 [EventQueue-ContainerReportForContainerReportHandler] WARN  container.ContainerReportHandler (AbstractContainerReportHandler.java:updateContainerState(145)) - Container #1 is in OPEN state, but the datanode d7b6d0b0-5bea-41cc-bfbb-05e0db699ec7{ip: 192.168.151.93, host: pr-hdds-2240-9psb4-3492037919, networkLocation: /default-rack, certSerialId: null} reports an CLOSED replica.
2019-10-13 20:16:57,995 [EventQueue-ContainerReportForContainerReportHandler] WARN  container.ContainerReportHandler (AbstractContainerReportHandler.java:updateContainerState(145)) - Container #1 is in OPEN state, but the datanode 1d13c680-5537-46cb-94e2-eb83f4d4b3d3{ip: 192.168.151.93, host: pr-hdds-2240-9psb4-3492037919, networkLocation: /default-rack, certSerialId: null} reports an CLOSED replica.
2019-10-13 20:16:58,134 [EventQueue-ContainerReportForContainerReportHandler] WARN  container.ContainerReportHandler (AbstractContainerReportHandler.java:updateContainerState(145)) - Container #1 is in OPEN state, but the datanode d7b6d0b0-5bea-41cc-bfbb-05e0db699ec7{ip: 192.168.151.93, host: pr-hdds-2240-9psb4-3492037919, networkLocation: /default-rack, certSerialId: null} reports an CLOSED replica.
2019-10-13 20:16:58,241 [BlockDeletingService#2] WARN  background.BlockDeletingService (BlockDeletingService.java:isDeletionAllowed(187)) - Close Container log Index 6 is not replicated across allthe servers in the pipeline d3b06565-bf46-4447-bfd8-fb92401ad5cf as the min replicated index is 4. Deletion is not allowed in this container yet.
2019-10-13 20:16:58,245 [BlockDeletingService#2] WARN  background.BlockDeletingService (BlockDeletingService.java:isDeletionAllowed(187)) - Close Container log Index 6 is not replicated across allthe servers in the pipeline d3b06565-bf46-4447-bfd8-fb92401ad5cf as the min replicated index is 4. Deletion is not allowed in this container yet.
2019-10-13 20:16:58,295 [EventQueue-ContainerReportForContainerReportHandler] WARN  container.ContainerReportHandler (AbstractContainerReportHandler.java:updateContainerState(145)) - Container #1 is in OPEN state, but the datanode 1d13c680-5537-46cb-94e2-eb83f4d4b3d3{ip: 192.168.151.93, host: pr-hdds-2240-9psb4-3492037919, networkLocation: /default-rack, certSerialId: null} reports an CLOSED replica.
2019-10-13 20:16:58,534 [EventQueue-ContainerReportForContainerReportHandler] WARN  container.ContainerReportHandler (AbstractContainerReportHandler.java:updateContainerState(145)) - Container #1 is in OPEN state, but the datanode d7b6d0b0-5bea-41cc-bfbb-05e0db699ec7{ip: 192.168.151.93, host: pr-hdds-2240-9psb4-3492037919, networkLocation: /default-rack, certSerialId: null} reports an CLOSED replica.
2019-10-13 20:16:58,595 [EventQueue-ContainerReportForContainerReportHandler] WARN  container.ContainerReportHandler (AbstractContainerReportHandler.java:updateContainerState(145)) - Container #1 is in OPEN state, but the datanode 1d13c680-5537-46cb-94e2-eb83f4d4b3d3{ip: 192.168.151.93, host: pr-hdds-2240-9psb4-3492037919, networkLocation: /default-rack, certSerialId: null} reports an CLOSED replica.
2019-10-13 20:16:58,895 [EventQueue-ContainerReportForContainerReportHandler] WARN  container.ContainerReportHandler (AbstractContainerReportHandler.java:updateContainerState(145)) - Container #1 is in OPEN state, but the datanode 1d13c680-5537-46cb-94e2-eb83f4d4b3d3{ip: 192.168.151.93, host: pr-hdds-2240-9psb4-3492037919, networkLocation: /default-rack, certSerialId: null} reports an CLOSED replica.
2019-10-13 20:16:58,934 [EventQueue-ContainerReportForContainerReportHandler] WARN  container.ContainerReportHandler (AbstractContainerReportHandler.java:updateContainerState(145)) - Container #1 is in OPEN state, but the datanode d7b6d0b0-5bea-41cc-bfbb-05e0db699ec7{ip: 192.168.151.93, host: pr-hdds-2240-9psb4-3492037919, networkLocation: /default-rack, certSerialId: null} reports an CLOSED replica.
2019-10-13 20:16:59,056 [Thread-480] INFO  client.GrpcClientProtocolService (GrpcClientProtocolService.java:lambda$processClientRequest$0(278)) - Failed RaftClientRequest:client-8C69C1D6A99A->1d13c680-5537-46cb-94e2-eb83f4d4b3d3@group-FB92401AD5CF, cid=10, seq=0, Watch-ALL_COMMITTED(6), Message:<EMPTY>, reply=RaftClientReply:client-8C69C1D6A99A->1d13c680-5537-46cb-94e2-eb83f4d4b3d3@group-FB92401AD5CF, cid=10, FAILED org.apache.ratis.protocol.NotReplicatedException: Request with call Id 10 and log index 6 is not yet replicated to ALL_COMMITTED, logIndex=6, commits[1d13c680-5537-46cb-94e2-eb83f4d4b3d3:c10, b1e61060-76d7-4fe3-930c-321a9145abdb:c4, d7b6d0b0-5bea-41cc-bfbb-05e0db699ec7:c10]
2019-10-13 20:16:59,242 [BlockDeletingService#2] WARN  background.BlockDeletingService (BlockDeletingService.java:isDeletionAllowed(187)) - Close Container log Index 6 is not replicated across allthe servers in the pipeline d3b06565-bf46-4447-bfd8-fb92401ad5cf as the min replicated index is 4. Deletion is not allowed in this container yet.
2019-10-13 20:16:59,246 [BlockDeletingService#2] WARN  background.BlockDeletingService (BlockDeletingService.java:isDeletionAllowed(187)) - Close Container log Index 6 is not replicated across allthe servers in the pipeline d3b06565-bf46-4447-bfd8-fb92401ad5cf as the min replicated index is 4. Deletion is not allowed in this container yet.
2019-10-13 20:16:59,295 [EventQueue-ContainerReportForContainerReportHandler] WARN  container.ContainerReportHandler (AbstractContainerReportHandler.java:updateContainerState(145)) - Container #1 is in OPEN state, but the datanode 1d13c680-5537-46cb-94e2-eb83f4d4b3d3{ip: 192.168.151.93, host: pr-hdds-2240-9psb4-3492037919, networkLocation: /default-rack, certSerialId: null} reports an CLOSED replica.
2019-10-13 20:16:59,334 [EventQueue-ContainerReportForContainerReportHandler] WARN  container.ContainerReportHandler (AbstractContainerReportHandler.java:updateContainerState(145)) - Container #1 is in OPEN state, but the datanode d7b6d0b0-5bea-41cc-bfbb-05e0db699ec7{ip: 192.168.151.93, host: pr-hdds-2240-9psb4-3492037919, networkLocation: /default-rack, certSerialId: null} reports an CLOSED replica.
2019-10-13 20:16:59,534 [EventQueue-ContainerReportForContainerReportHandler] WARN  container.ContainerReportHandler (AbstractContainerReportHandler.java:updateContainerState(145)) - Container #1 is in OPEN state, but the datanode d7b6d0b0-5bea-41cc-bfbb-05e0db699ec7{ip: 192.168.151.93, host: pr-hdds-2240-9psb4-3492037919, networkLocation: /default-rack, certSerialId: null} reports an CLOSED replica.
2019-10-13 20:16:59,595 [EventQueue-ContainerReportForContainerReportHandler] WARN  container.ContainerReportHandler (AbstractContainerReportHandler.java:updateContainerState(145)) - Container #1 is in OPEN state, but the datanode 1d13c680-5537-46cb-94e2-eb83f4d4b3d3{ip: 192.168.151.93, host: pr-hdds-2240-9psb4-3492037919, networkLocation: /default-rack, certSerialId: null} reports an CLOSED replica.
2019-10-13 20:16:59,934 [EventQueue-ContainerReportForContainerReportHandler] WARN  container.ContainerReportHandler (AbstractContainerReportHandler.java:updateContainerState(145)) - Container #1 is in OPEN state, but the datanode d7b6d0b0-5bea-41cc-bfbb-05e0db699ec7{ip: 192.168.151.93, host: pr-hdds-2240-9psb4-3492037919, networkLocation: /default-rack, certSerialId: null} reports an CLOSED replica.
2019-10-13 20:16:59,997 [EventQueue-ContainerReportForContainerReportHandler] WARN  container.ContainerReportHandler (AbstractContainerReportHandler.java:updateContainerState(145)) - Container #1 is in OPEN state, but the datanode 1d13c680-5537-46cb-94e2-eb83f4d4b3d3{ip: 192.168.151.93, host: pr-hdds-2240-9psb4-3492037919, networkLocation: /default-rack, certSerialId: null} reports an CLOSED replica.
2019-10-13 20:17:00,071 [grpc-default-executor-3] WARN  server.GrpcLogAppender (LogUtils.java:warn(134)) - 1d13c680-5537-46cb-94e2-eb83f4d4b3d3@group-FB92401AD5CF->b1e61060-76d7-4fe3-930c-321a9145abdb-AppendLogResponseHandler: Failed appendEntries: org.apache.ratis.thirdparty.io.grpc.StatusRuntimeException: UNAVAILABLE: io exception
2019-10-13 20:17:00,071 [grpc-default-executor-3] INFO  impl.FollowerInfo (FollowerInfo.java:lambda$new$0(51)) - 1d13c680-5537-46cb-94e2-eb83f4d4b3d3@group-FB92401AD5CF->b1e61060-76d7-4fe3-930c-321a9145abdb: nextIndex: updateUnconditionally 0 -> 0
2019-10-13 20:17:00,134 [EventQueue-ContainerReportForContainerReportHandler] WARN  container.ContainerReportHandler (AbstractContainerReportHandler.java:updateContainerState(145)) - Container #1 is in OPEN state, but the datanode d7b6d0b0-5bea-41cc-bfbb-05e0db699ec7{ip: 192.168.151.93, host: pr-hdds-2240-9psb4-3492037919, networkLocation: /default-rack, certSerialId: null} reports an CLOSED replica.
2019-10-13 20:17:00,199 [EventQueue-ContainerReportForContainerReportHandler] WARN  container.ContainerReportHandler (AbstractContainerReportHandler.java:updateContainerState(145)) - Container #1 is in OPEN state, but the datanode 1d13c680-5537-46cb-94e2-eb83f4d4b3d3{ip: 192.168.151.93, host: pr-hdds-2240-9psb4-3492037919, networkLocation: /default-rack, certSerialId: null} reports an CLOSED replica.
2019-10-13 20:17:00,243 [BlockDeletingService#2] WARN  background.BlockDeletingService (BlockDeletingService.java:isDeletionAllowed(187)) - Close Container log Index 6 is not replicated across allthe servers in the pipeline d3b06565-bf46-4447-bfd8-fb92401ad5cf as the min replicated index is 4. Deletion is not allowed in this container yet.
2019-10-13 20:17:00,248 [BlockDeletingService#2] WARN  background.BlockDeletingService (BlockDeletingService.java:isDeletionAllowed(187)) - Close Container log Index 6 is not replicated across allthe servers in the pipeline d3b06565-bf46-4447-bfd8-fb92401ad5cf as the min replicated index is 4. Deletion is not allowed in this container yet.
2019-10-13 20:17:00,434 [EventQueue-ContainerReportForContainerReportHandler] WARN  container.ContainerReportHandler (AbstractContainerReportHandler.java:updateContainerState(145)) - Container #1 is in OPEN state, but the datanode d7b6d0b0-5bea-41cc-bfbb-05e0db699ec7{ip: 192.168.151.93, host: pr-hdds-2240-9psb4-3492037919, networkLocation: /default-rack, certSerialId: null} reports an CLOSED replica.
2019-10-13 20:17:00,501 [EventQueue-ContainerReportForContainerReportHandler] WARN  container.ContainerReportHandler (AbstractContainerReportHandler.java:updateContainerState(145)) - Container #1 is in OPEN state, but the datanode 1d13c680-5537-46cb-94e2-eb83f4d4b3d3{ip: 192.168.151.93, host: pr-hdds-2240-9psb4-3492037919, networkLocation: /default-rack, certSerialId: null} reports an CLOSED replica.
2019-10-13 20:17:00,734 [EventQueue-ContainerReportForContainerReportHandler] WARN  container.ContainerReportHandler (AbstractContainerReportHandler.java:updateContainerState(145)) - Container #1 is in OPEN state, but the datanode d7b6d0b0-5bea-41cc-bfbb-05e0db699ec7{ip: 192.168.151.93, host: pr-hdds-2240-9psb4-3492037919, networkLocation: /default-rack, certSerialId: null} reports an CLOSED replica.
2019-10-13 20:17:00,902 [EventQueue-ContainerReportForContainerReportHandler] WARN  container.ContainerReportHandler (AbstractContainerReportHandler.java:updateContainerState(145)) - Container #1 is in OPEN state, but the datanode 1d13c680-5537-46cb-94e2-eb83f4d4b3d3{ip: 192.168.151.93, host: pr-hdds-2240-9psb4-3492037919, networkLocation: /default-rack, certSerialId: null} reports an CLOSED replica.
2019-10-13 20:17:01,034 [EventQueue-ContainerReportForContainerReportHandler] WARN  container.ContainerReportHandler (AbstractContainerReportHandler.java:updateContainerState(145)) - Container #1 is in OPEN state, but the datanode d7b6d0b0-5bea-41cc-bfbb-05e0db699ec7{ip: 192.168.151.93, host: pr-hdds-2240-9psb4-3492037919, networkLocation: /default-rack, certSerialId: null} reports an CLOSED replica.
2019-10-13 20:17:01,244 [BlockDeletingService#2] WARN  background.BlockDeletingService (BlockDeletingService.java:isDeletionAllowed(187)) - Close Container log Index 6 is not replicated across allthe servers in the pipeline d3b06565-bf46-4447-bfd8-fb92401ad5cf as the min replicated index is 4. Deletion is not allowed in this container yet.
2019-10-13 20:17:01,249 [BlockDeletingService#2] WARN  background.BlockDeletingService (BlockDeletingService.java:isDeletionAllowed(187)) - Close Container log Index 6 is not replicated across allthe servers in the pipeline d3b06565-bf46-4447-bfd8-fb92401ad5cf as the min replicated index is 4. Deletion is not allowed in this container yet.
2019-10-13 20:17:01,303 [EventQueue-ContainerReportForContainerReportHandler] WARN  container.ContainerReportHandler (AbstractContainerReportHandler.java:updateContainerState(145)) - Container #1 is in OPEN state, but the datanode 1d13c680-5537-46cb-94e2-eb83f4d4b3d3{ip: 192.168.151.93, host: pr-hdds-2240-9psb4-3492037919, networkLocation: /default-rack, certSerialId: null} reports an CLOSED replica.
2019-10-13 20:17:01,435 [EventQueue-ContainerReportForContainerReportHandler] WARN  container.ContainerReportHandler (AbstractContainerReportHandler.java:updateContainerState(145)) - Container #1 is in OPEN state, but the datanode d7b6d0b0-5bea-41cc-bfbb-05e0db699ec7{ip: 192.168.151.93, host: pr-hdds-2240-9psb4-3492037919, networkLocation: /default-rack, certSerialId: null} reports an CLOSED replica.
2019-10-13 20:17:01,602 [EventQueue-ContainerReportForContainerReportHandler] WARN  container.ContainerReportHandler (AbstractContainerReportHandler.java:updateContainerState(145)) - Container #1 is in OPEN state, but the datanode 1d13c680-5537-46cb-94e2-eb83f4d4b3d3{ip: 192.168.151.93, host: pr-hdds-2240-9psb4-3492037919, networkLocation: /default-rack, certSerialId: null} reports an CLOSED replica.
2019-10-13 20:17:01,636 [EventQueue-ContainerReportForContainerReportHandler] WARN  container.ContainerReportHandler (AbstractContainerReportHandler.java:updateContainerState(145)) - Container #1 is in OPEN state, but the datanode d7b6d0b0-5bea-41cc-bfbb-05e0db699ec7{ip: 192.168.151.93, host: pr-hdds-2240-9psb4-3492037919, networkLocation: /default-rack, certSerialId: null} reports an CLOSED replica.
2019-10-13 20:17:01,802 [EventQueue-ContainerReportForContainerReportHandler] WARN  container.ContainerReportHandler (AbstractContainerReportHandler.java:updateContainerState(145)) - Container #1 is in OPEN state, but the datanode 1d13c680-5537-46cb-94e2-eb83f4d4b3d3{ip: 192.168.151.93, host: pr-hdds-2240-9psb4-3492037919, networkLocation: /default-rack, certSerialId: null} reports an CLOSED replica.
2019-10-13 20:17:01,837 [EventQueue-ContainerReportForContainerReportHandler] WARN  container.ContainerReportHandler (AbstractContainerReportHandler.java:updateContainerState(145)) - Container #1 is in OPEN state, but the datanode d7b6d0b0-5bea-41cc-bfbb-05e0db699ec7{ip: 192.168.151.93, host: pr-hdds-2240-9psb4-3492037919, networkLocation: /default-rack, certSerialId: null} reports an CLOSED replica.
2019-10-13 20:17:02,102 [EventQueue-ContainerReportForContainerReportHandler] WARN  container.ContainerReportHandler (AbstractContainerReportHandler.java:updateContainerState(145)) - Container #1 is in OPEN state, but the datanode 1d13c680-5537-46cb-94e2-eb83f4d4b3d3{ip: 192.168.151.93, host: pr-hdds-2240-9psb4-3492037919, networkLocation: /default-rack, certSerialId: null} reports an CLOSED replica.
2019-10-13 20:17:02,138 [EventQueue-ContainerReportForContainerReportHandler] WARN  container.ContainerReportHandler (AbstractContainerReportHandler.java:updateContainerState(145)) - Container #1 is in OPEN state, but the datanode d7b6d0b0-5bea-41cc-bfbb-05e0db699ec7{ip: 192.168.151.93, host: pr-hdds-2240-9psb4-3492037919, networkLocation: /default-rack, certSerialId: null} reports an CLOSED replica.
2019-10-13 20:17:02,245 [BlockDeletingService#2] WARN  background.BlockDeletingService (BlockDeletingService.java:isDeletionAllowed(187)) - Close Container log Index 6 is not replicated across allthe servers in the pipeline d3b06565-bf46-4447-bfd8-fb92401ad5cf as the min replicated index is 4. Deletion is not allowed in this container yet.
2019-10-13 20:17:02,250 [BlockDeletingService#2] WARN  background.BlockDeletingService (BlockDeletingService.java:isDeletionAllowed(187)) - Close Container log Index 6 is not replicated across allthe servers in the pipeline d3b06565-bf46-4447-bfd8-fb92401ad5cf as the min replicated index is 4. Deletion is not allowed in this container yet.
2019-10-13 20:17:02,338 [EventQueue-ContainerReportForContainerReportHandler] WARN  container.ContainerReportHandler (AbstractContainerReportHandler.java:updateContainerState(145)) - Container #1 is in OPEN state, but the datanode d7b6d0b0-5bea-41cc-bfbb-05e0db699ec7{ip: 192.168.151.93, host: pr-hdds-2240-9psb4-3492037919, networkLocation: /default-rack, certSerialId: null} reports an CLOSED replica.
2019-10-13 20:17:02,502 [EventQueue-ContainerReportForContainerReportHandler] WARN  container.ContainerReportHandler (AbstractContainerReportHandler.java:updateContainerState(145)) - Container #1 is in OPEN state, but the datanode 1d13c680-5537-46cb-94e2-eb83f4d4b3d3{ip: 192.168.151.93, host: pr-hdds-2240-9psb4-3492037919, networkLocation: /default-rack, certSerialId: null} reports an CLOSED replica.
2019-10-13 20:17:02,574 [grpc-default-executor-3] WARN  server.GrpcLogAppender (LogUtils.java:warn(134)) - 1d13c680-5537-46cb-94e2-eb83f4d4b3d3@group-FB92401AD5CF->b1e61060-76d7-4fe3-930c-321a9145abdb-AppendLogResponseHandler: Failed appendEntries: org.apache.ratis.thirdparty.io.grpc.StatusRuntimeException: UNAVAILABLE: io exception
2019-10-13 20:17:02,574 [grpc-default-executor-3] INFO  impl.FollowerInfo (FollowerInfo.java:lambda$new$0(51)) - 1d13c680-5537-46cb-94e2-eb83f4d4b3d3@group-FB92401AD5CF->b1e61060-76d7-4fe3-930c-321a9145abdb: nextIndex: updateUnconditionally 0 -> 0
2019-10-13 20:17:02,638 [EventQueue-ContainerReportForContainerReportHandler] WARN  container.ContainerReportHandler (AbstractContainerReportHandler.java:updateContainerState(145)) - Container #1 is in OPEN state, but the datanode d7b6d0b0-5bea-41cc-bfbb-05e0db699ec7{ip: 192.168.151.93, host: pr-hdds-2240-9psb4-3492037919, networkLocation: /default-rack, certSerialId: null} reports an CLOSED replica.
2019-10-13 20:17:02,802 [EventQueue-ContainerReportForContainerReportHandler] WARN  container.ContainerReportHandler (AbstractContainerReportHandler.java:updateContainerState(145)) - Container #1 is in OPEN state, but the datanode 1d13c680-5537-46cb-94e2-eb83f4d4b3d3{ip: 192.168.151.93, host: pr-hdds-2240-9psb4-3492037919, networkLocation: /default-rack, certSerialId: null} reports an CLOSED replica.
2019-10-13 20:17:02,838 [EventQueue-ContainerReportForContainerReportHandler] WARN  container.ContainerReportHandler (AbstractContainerReportHandler.java:updateContainerState(145)) - Container #1 is in OPEN state, but the datanode d7b6d0b0-5bea-41cc-bfbb-05e0db699ec7{ip: 192.168.151.93, host: pr-hdds-2240-9psb4-3492037919, networkLocation: /default-rack, certSerialId: null} reports an CLOSED replica.
2019-10-13 20:17:03,144 [EventQueue-ContainerReportForContainerReportHandler] WARN  container.ContainerReportHandler (AbstractContainerReportHandler.java:updateContainerState(145)) - Container #1 is in OPEN state, but the datanode d7b6d0b0-5bea-41cc-bfbb-05e0db699ec7{ip: 192.168.151.93, host: pr-hdds-2240-9psb4-3492037919, networkLocation: /default-rack, certSerialId: null} reports an CLOSED replica.
2019-10-13 20:17:03,202 [EventQueue-ContainerReportForContainerReportHandler] WARN  container.ContainerReportHandler (AbstractContainerReportHandler.java:updateContainerState(145)) - Container #1 is in OPEN state, but the datanode 1d13c680-5537-46cb-94e2-eb83f4d4b3d3{ip: 192.168.151.93, host: pr-hdds-2240-9psb4-3492037919, networkLocation: /default-rack, certSerialId: null} reports an CLOSED replica.
2019-10-13 20:17:03,246 [BlockDeletingService#2] WARN  background.BlockDeletingService (BlockDeletingService.java:isDeletionAllowed(187)) - Close Container log Index 6 is not replicated across allthe servers in the pipeline d3b06565-bf46-4447-bfd8-fb92401ad5cf as the min replicated index is 4. Deletion is not allowed in this container yet.
2019-10-13 20:17:03,251 [BlockDeletingService#2] WARN  background.BlockDeletingService (BlockDeletingService.java:isDeletionAllowed(187)) - Close Container log Index 6 is not replicated across allthe servers in the pipeline d3b06565-bf46-4447-bfd8-fb92401ad5cf as the min replicated index is 4. Deletion is not allowed in this container yet.
2019-10-13 20:17:03,502 [EventQueue-ContainerReportForContainerReportHandler] WARN  container.ContainerReportHandler (AbstractContainerReportHandler.java:updateContainerState(145)) - Container #1 is in OPEN state, but the datanode 1d13c680-5537-46cb-94e2-eb83f4d4b3d3{ip: 192.168.151.93, host: pr-hdds-2240-9psb4-3492037919, networkLocation: /default-rack, certSerialId: null} reports an CLOSED replica.
2019-10-13 20:17:03,539 [EventQueue-ContainerReportForContainerReportHandler] WARN  container.ContainerReportHandler (AbstractContainerReportHandler.java:updateContainerState(145)) - Container #1 is in OPEN state, but the datanode d7b6d0b0-5bea-41cc-bfbb-05e0db699ec7{ip: 192.168.151.93, host: pr-hdds-2240-9psb4-3492037919, networkLocation: /default-rack, certSerialId: null} reports an CLOSED replica.
2019-10-13 20:17:03,739 [EventQueue-ContainerReportForContainerReportHandler] WARN  container.ContainerReportHandler (AbstractContainerReportHandler.java:updateContainerState(145)) - Container #1 is in OPEN state, but the datanode d7b6d0b0-5bea-41cc-bfbb-05e0db699ec7{ip: 192.168.151.93, host: pr-hdds-2240-9psb4-3492037919, networkLocation: /default-rack, certSerialId: null} reports an CLOSED replica.
2019-10-13 20:17:03,804 [EventQueue-ContainerReportForContainerReportHandler] WARN  container.ContainerReportHandler (AbstractContainerReportHandler.java:updateContainerState(145)) - Container #1 is in OPEN state, but the datanode 1d13c680-5537-46cb-94e2-eb83f4d4b3d3{ip: 192.168.151.93, host: pr-hdds-2240-9psb4-3492037919, networkLocation: /default-rack, certSerialId: null} reports an CLOSED replica.
2019-10-13 20:17:03,942 [EventQueue-ContainerReportForContainerReportHandler] WARN  container.ContainerReportHandler (AbstractContainerReportHandler.java:updateContainerState(145)) - Container #1 is in OPEN state, but the datanode d7b6d0b0-5bea-41cc-bfbb-05e0db699ec7{ip: 192.168.151.93, host: pr-hdds-2240-9psb4-3492037919, networkLocation: /default-rack, certSerialId: null} reports an CLOSED replica.
2019-10-13 20:17:04,142 [EventQueue-ContainerReportForContainerReportHandler] WARN  container.ContainerReportHandler (AbstractContainerReportHandler.java:updateContainerState(145)) - Container #1 is in OPEN state, but the datanode d7b6d0b0-5bea-41cc-bfbb-05e0db699ec7{ip: 192.168.151.93, host: pr-hdds-2240-9psb4-3492037919, networkLocation: /default-rack, certSerialId: null} reports an CLOSED replica.
2019-10-13 20:17:04,204 [EventQueue-ContainerReportForContainerReportHandler] WARN  container.ContainerReportHandler (AbstractContainerReportHandler.java:updateContainerState(145)) - Container #1 is in OPEN state, but the datanode 1d13c680-5537-46cb-94e2-eb83f4d4b3d3{ip: 192.168.151.93, host: pr-hdds-2240-9psb4-3492037919, networkLocation: /default-rack, certSerialId: null} reports an CLOSED replica.
2019-10-13 20:17:04,247 [BlockDeletingService#2] WARN  background.BlockDeletingService (BlockDeletingService.java:isDeletionAllowed(187)) - Close Container log Index 6 is not replicated across allthe servers in the pipeline d3b06565-bf46-4447-bfd8-fb92401ad5cf as the min replicated index is 4. Deletion is not allowed in this container yet.
2019-10-13 20:17:04,252 [BlockDeletingService#2] WARN  background.BlockDeletingService (BlockDeletingService.java:isDeletionAllowed(187)) - Close Container log Index 6 is not replicated across allthe servers in the pipeline d3b06565-bf46-4447-bfd8-fb92401ad5cf as the min replicated index is 4. Deletion is not allowed in this container yet.
2019-10-13 20:17:04,442 [EventQueue-ContainerReportForContainerReportHandler] WARN  container.ContainerReportHandler (AbstractContainerReportHandler.java:updateContainerState(145)) - Container #1 is in OPEN state, but the datanode d7b6d0b0-5bea-41cc-bfbb-05e0db699ec7{ip: 192.168.151.93, host: pr-hdds-2240-9psb4-3492037919, networkLocation: /default-rack, certSerialId: null} reports an CLOSED replica.
2019-10-13 20:17:04,604 [EventQueue-ContainerReportForContainerReportHandler] WARN  container.ContainerReportHandler (AbstractContainerReportHandler.java:updateContainerState(145)) - Container #1 is in OPEN state, but the datanode 1d13c680-5537-46cb-94e2-eb83f4d4b3d3{ip: 192.168.151.93, host: pr-hdds-2240-9psb4-3492037919, networkLocation: /default-rack, certSerialId: null} reports an CLOSED replica.
2019-10-13 20:17:04,643 [EventQueue-ContainerReportForContainerReportHandler] WARN  container.ContainerReportHandler (AbstractContainerReportHandler.java:updateContainerState(145)) - Container #1 is in OPEN state, but the datanode d7b6d0b0-5bea-41cc-bfbb-05e0db699ec7{ip: 192.168.151.93, host: pr-hdds-2240-9psb4-3492037919, networkLocation: /default-rack, certSerialId: null} reports an CLOSED replica.
2019-10-13 20:17:05,004 [EventQueue-ContainerReportForContainerReportHandler] WARN  container.ContainerReportHandler (AbstractContainerReportHandler.java:updateContainerState(145)) - Container #1 is in OPEN state, but the datanode 1d13c680-5537-46cb-94e2-eb83f4d4b3d3{ip: 192.168.151.93, host: pr-hdds-2240-9psb4-3492037919, networkLocation: /default-rack, certSerialId: null} reports an CLOSED replica.
2019-10-13 20:17:05,044 [EventQueue-ContainerReportForContainerReportHandler] WARN  container.ContainerReportHandler (AbstractContainerReportHandler.java:updateContainerState(145)) - Container #1 is in OPEN state, but the datanode d7b6d0b0-5bea-41cc-bfbb-05e0db699ec7{ip: 192.168.151.93, host: pr-hdds-2240-9psb4-3492037919, networkLocation: /default-rack, certSerialId: null} reports an CLOSED replica.
2019-10-13 20:17:05,076 [grpc-default-executor-1] WARN  server.GrpcLogAppender (LogUtils.java:warn(134)) - 1d13c680-5537-46cb-94e2-eb83f4d4b3d3@group-FB92401AD5CF->b1e61060-76d7-4fe3-930c-321a9145abdb-AppendLogResponseHandler: Failed appendEntries: org.apache.ratis.thirdparty.io.grpc.StatusRuntimeException: UNAVAILABLE: io exception
2019-10-13 20:17:05,077 [grpc-default-executor-1] INFO  impl.FollowerInfo (FollowerInfo.java:lambda$new$0(51)) - 1d13c680-5537-46cb-94e2-eb83f4d4b3d3@group-FB92401AD5CF->b1e61060-76d7-4fe3-930c-321a9145abdb: nextIndex: updateUnconditionally 0 -> 0
2019-10-13 20:17:05,248 [BlockDeletingService#2] WARN  background.BlockDeletingService (BlockDeletingService.java:isDeletionAllowed(187)) - Close Container log Index 6 is not replicated across allthe servers in the pipeline d3b06565-bf46-4447-bfd8-fb92401ad5cf as the min replicated index is 4. Deletion is not allowed in this container yet.
2019-10-13 20:17:05,253 [BlockDeletingService#2] WARN  background.BlockDeletingService (BlockDeletingService.java:isDeletionAllowed(187)) - Close Container log Index 6 is not replicated across allthe servers in the pipeline d3b06565-bf46-4447-bfd8-fb92401ad5cf as the min replicated index is 4. Deletion is not allowed in this container yet.
2019-10-13 20:17:05,304 [EventQueue-ContainerReportForContainerReportHandler] WARN  container.ContainerReportHandler (AbstractContainerReportHandler.java:updateContainerState(145)) - Container #1 is in OPEN state, but the datanode 1d13c680-5537-46cb-94e2-eb83f4d4b3d3{ip: 192.168.151.93, host: pr-hdds-2240-9psb4-3492037919, networkLocation: /default-rack, certSerialId: null} reports an CLOSED replica.
2019-10-13 20:17:05,344 [EventQueue-ContainerReportForContainerReportHandler] WARN  container.ContainerReportHandler (AbstractContainerReportHandler.java:updateContainerState(145)) - Container #1 is in OPEN state, but the datanode d7b6d0b0-5bea-41cc-bfbb-05e0db699ec7{ip: 192.168.151.93, host: pr-hdds-2240-9psb4-3492037919, networkLocation: /default-rack, certSerialId: null} reports an CLOSED replica.
2019-10-13 20:17:05,504 [EventQueue-ContainerReportForContainerReportHandler] WARN  container.ContainerReportHandler (AbstractContainerReportHandler.java:updateContainerState(145)) - Container #1 is in OPEN state, but the datanode 1d13c680-5537-46cb-94e2-eb83f4d4b3d3{ip: 192.168.151.93, host: pr-hdds-2240-9psb4-3492037919, networkLocation: /default-rack, certSerialId: null} reports an CLOSED replica.
2019-10-13 20:17:05,643 [EventQueue-ContainerReportForContainerReportHandler] WARN  container.ContainerReportHandler (AbstractContainerReportHandler.java:updateContainerState(145)) - Container #1 is in OPEN state, but the datanode d7b6d0b0-5bea-41cc-bfbb-05e0db699ec7{ip: 192.168.151.93, host: pr-hdds-2240-9psb4-3492037919, networkLocation: /default-rack, certSerialId: null} reports an CLOSED replica.
2019-10-13 20:17:05,904 [EventQueue-ContainerReportForContainerReportHandler] WARN  container.ContainerReportHandler (AbstractContainerReportHandler.java:updateContainerState(145)) - Container #1 is in OPEN state, but the datanode 1d13c680-5537-46cb-94e2-eb83f4d4b3d3{ip: 192.168.151.93, host: pr-hdds-2240-9psb4-3492037919, networkLocation: /default-rack, certSerialId: null} reports an CLOSED replica.
2019-10-13 20:17:05,944 [EventQueue-ContainerReportForContainerReportHandler] WARN  container.ContainerReportHandler (AbstractContainerReportHandler.java:updateContainerState(145)) - Container #1 is in OPEN state, but the datanode d7b6d0b0-5bea-41cc-bfbb-05e0db699ec7{ip: 192.168.151.93, host: pr-hdds-2240-9psb4-3492037919, networkLocation: /default-rack, certSerialId: null} reports an CLOSED replica.
2019-10-13 20:17:06,145 [EventQueue-ContainerReportForContainerReportHandler] WARN  container.ContainerReportHandler (AbstractContainerReportHandler.java:updateContainerState(145)) - Container #1 is in OPEN state, but the datanode d7b6d0b0-5bea-41cc-bfbb-05e0db699ec7{ip: 192.168.151.93, host: pr-hdds-2240-9psb4-3492037919, networkLocation: /default-rack, certSerialId: null} reports an CLOSED replica.
2019-10-13 20:17:06,150 [Thread-500] INFO  client.GrpcClientProtocolService (GrpcClientProtocolService.java:lambda$processClientRequest$0(278)) - Failed RaftClientRequest:client-8C69C1D6A99A->d7b6d0b0-5bea-41cc-bfbb-05e0db699ec7@group-FB92401AD5CF, cid=10, seq=0, Watch-ALL_COMMITTED(6), Message:<EMPTY>, reply=RaftClientReply:client-8C69C1D6A99A->d7b6d0b0-5bea-41cc-bfbb-05e0db699ec7@group-FB92401AD5CF, cid=10, FAILED org.apache.ratis.protocol.NotLeaderException: Server d7b6d0b0-5bea-41cc-bfbb-05e0db699ec7@group-FB92401AD5CF is not the leader 1d13c680-5537-46cb-94e2-eb83f4d4b3d3:192.168.151.93:46245, logIndex=0, commits[d7b6d0b0-5bea-41cc-bfbb-05e0db699ec7:c10, b1e61060-76d7-4fe3-930c-321a9145abdb:c4, 1d13c680-5537-46cb-94e2-eb83f4d4b3d3:c10]
2019-10-13 20:17:06,205 [EventQueue-ContainerReportForContainerReportHandler] WARN  container.ContainerReportHandler (AbstractContainerReportHandler.java:updateContainerState(145)) - Container #1 is in OPEN state, but the datanode 1d13c680-5537-46cb-94e2-eb83f4d4b3d3{ip: 192.168.151.93, host: pr-hdds-2240-9psb4-3492037919, networkLocation: /default-rack, certSerialId: null} reports an CLOSED replica.
2019-10-13 20:17:06,249 [BlockDeletingService#2] WARN  background.BlockDeletingService (BlockDeletingService.java:isDeletionAllowed(187)) - Close Container log Index 6 is not replicated across allthe servers in the pipeline d3b06565-bf46-4447-bfd8-fb92401ad5cf as the min replicated index is 4. Deletion is not allowed in this container yet.
2019-10-13 20:17:06,254 [BlockDeletingService#2] WARN  background.BlockDeletingService (BlockDeletingService.java:isDeletionAllowed(187)) - Close Container log Index 6 is not replicated across allthe servers in the pipeline d3b06565-bf46-4447-bfd8-fb92401ad5cf as the min replicated index is 4. Deletion is not allowed in this container yet.
2019-10-13 20:17:06,446 [EventQueue-ContainerReportForContainerReportHandler] WARN  container.ContainerReportHandler (AbstractContainerReportHandler.java:updateContainerState(145)) - Container #1 is in OPEN state, but the datanode d7b6d0b0-5bea-41cc-bfbb-05e0db699ec7{ip: 192.168.151.93, host: pr-hdds-2240-9psb4-3492037919, networkLocation: /default-rack, certSerialId: null} reports an CLOSED replica.
2019-10-13 20:17:06,605 [EventQueue-ContainerReportForContainerReportHandler] WARN  container.ContainerReportHandler (AbstractContainerReportHandler.java:updateContainerState(145)) - Container #1 is in OPEN state, but the datanode 1d13c680-5537-46cb-94e2-eb83f4d4b3d3{ip: 192.168.151.93, host: pr-hdds-2240-9psb4-3492037919, networkLocation: /default-rack, certSerialId: null} reports an CLOSED replica.
2019-10-13 20:17:06,805 [EventQueue-ContainerReportForContainerReportHandler] WARN  container.ContainerReportHandler (AbstractContainerReportHandler.java:updateContainerState(145)) - Container #1 is in OPEN state, but the datanode 1d13c680-5537-46cb-94e2-eb83f4d4b3d3{ip: 192.168.151.93, host: pr-hdds-2240-9psb4-3492037919, networkLocation: /default-rack, certSerialId: null} reports an CLOSED replica.
2019-10-13 20:17:06,847 [EventQueue-ContainerReportForContainerReportHandler] WARN  container.ContainerReportHandler (AbstractContainerReportHandler.java:updateContainerState(145)) - Container #1 is in OPEN state, but the datanode d7b6d0b0-5bea-41cc-bfbb-05e0db699ec7{ip: 192.168.151.93, host: pr-hdds-2240-9psb4-3492037919, networkLocation: /default-rack, certSerialId: null} reports an CLOSED replica.
2019-10-13 20:17:07,209 [EventQueue-ContainerReportForContainerReportHandler] WARN  container.ContainerReportHandler (AbstractContainerReportHandler.java:updateContainerState(145)) - Container #1 is in OPEN state, but the datanode 1d13c680-5537-46cb-94e2-eb83f4d4b3d3{ip: 192.168.151.93, host: pr-hdds-2240-9psb4-3492037919, networkLocation: /default-rack, certSerialId: null} reports an CLOSED replica.
2019-10-13 20:17:07,248 [EventQueue-ContainerReportForContainerReportHandler] WARN  container.ContainerReportHandler (AbstractContainerReportHandler.java:updateContainerState(145)) - Container #1 is in OPEN state, but the datanode d7b6d0b0-5bea-41cc-bfbb-05e0db699ec7{ip: 192.168.151.93, host: pr-hdds-2240-9psb4-3492037919, networkLocation: /default-rack, certSerialId: null} reports an CLOSED replica.
2019-10-13 20:17:07,252 [BlockDeletingService#2] WARN  background.BlockDeletingService (BlockDeletingService.java:isDeletionAllowed(187)) - Close Container log Index 6 is not replicated across allthe servers in the pipeline d3b06565-bf46-4447-bfd8-fb92401ad5cf as the min replicated index is 4. Deletion is not allowed in this container yet.
2019-10-13 20:17:07,254 [BlockDeletingService#2] WARN  background.BlockDeletingService (BlockDeletingService.java:isDeletionAllowed(187)) - Close Container log Index 6 is not replicated across allthe servers in the pipeline d3b06565-bf46-4447-bfd8-fb92401ad5cf as the min replicated index is 4. Deletion is not allowed in this container yet.
2019-10-13 20:17:07,448 [EventQueue-ContainerReportForContainerReportHandler] WARN  container.ContainerReportHandler (AbstractContainerReportHandler.java:updateContainerState(145)) - Container #1 is in OPEN state, but the datanode d7b6d0b0-5bea-41cc-bfbb-05e0db699ec7{ip: 192.168.151.93, host: pr-hdds-2240-9psb4-3492037919, networkLocation: /default-rack, certSerialId: null} reports an CLOSED replica.
2019-10-13 20:17:07,509 [EventQueue-ContainerReportForContainerReportHandler] WARN  container.ContainerReportHandler (AbstractContainerReportHandler.java:updateContainerState(145)) - Container #1 is in OPEN state, but the datanode 1d13c680-5537-46cb-94e2-eb83f4d4b3d3{ip: 192.168.151.93, host: pr-hdds-2240-9psb4-3492037919, networkLocation: /default-rack, certSerialId: null} reports an CLOSED replica.
2019-10-13 20:17:07,587 [grpc-default-executor-1] WARN  server.GrpcLogAppender (LogUtils.java:warn(134)) - 1d13c680-5537-46cb-94e2-eb83f4d4b3d3@group-FB92401AD5CF->b1e61060-76d7-4fe3-930c-321a9145abdb-AppendLogResponseHandler: Failed appendEntries: org.apache.ratis.thirdparty.io.grpc.StatusRuntimeException: UNAVAILABLE: io exception
2019-10-13 20:17:07,587 [grpc-default-executor-1] INFO  impl.FollowerInfo (FollowerInfo.java:lambda$new$0(51)) - 1d13c680-5537-46cb-94e2-eb83f4d4b3d3@group-FB92401AD5CF->b1e61060-76d7-4fe3-930c-321a9145abdb: nextIndex: updateUnconditionally 0 -> 0
2019-10-13 20:17:07,749 [EventQueue-ContainerReportForContainerReportHandler] WARN  container.ContainerReportHandler (AbstractContainerReportHandler.java:updateContainerState(145)) - Container #1 is in OPEN state, but the datanode d7b6d0b0-5bea-41cc-bfbb-05e0db699ec7{ip: 192.168.151.93, host: pr-hdds-2240-9psb4-3492037919, networkLocation: /default-rack, certSerialId: null} reports an CLOSED replica.
2019-10-13 20:17:07,911 [EventQueue-ContainerReportForContainerReportHandler] WARN  container.ContainerReportHandler (AbstractContainerReportHandler.java:updateContainerState(145)) - Container #1 is in OPEN state, but the datanode 1d13c680-5537-46cb-94e2-eb83f4d4b3d3{ip: 192.168.151.93, host: pr-hdds-2240-9psb4-3492037919, networkLocation: /default-rack, certSerialId: null} reports an CLOSED replica.
2019-10-13 20:17:07,948 [EventQueue-ContainerReportForContainerReportHandler] WARN  container.ContainerReportHandler (AbstractContainerReportHandler.java:updateContainerState(145)) - Container #1 is in OPEN state, but the datanode d7b6d0b0-5bea-41cc-bfbb-05e0db699ec7{ip: 192.168.151.93, host: pr-hdds-2240-9psb4-3492037919, networkLocation: /default-rack, certSerialId: null} reports an CLOSED replica.
2019-10-13 20:17:08,056 [Thread-508] INFO  client.GrpcClientProtocolService (GrpcClientProtocolService.java:lambda$processClientRequest$0(278)) - Failed RaftClientRequest:client-8C69C1D6A99A->1d13c680-5537-46cb-94e2-eb83f4d4b3d3@group-FB92401AD5CF, cid=10, seq=0, Watch-ALL_COMMITTED(6), Message:<EMPTY>, reply=RaftClientReply:client-8C69C1D6A99A->1d13c680-5537-46cb-94e2-eb83f4d4b3d3@group-FB92401AD5CF, cid=10, FAILED org.apache.ratis.protocol.NotReplicatedException: Request with call Id 10 and log index 6 is not yet replicated to ALL_COMMITTED, logIndex=6, commits[1d13c680-5537-46cb-94e2-eb83f4d4b3d3:c10, b1e61060-76d7-4fe3-930c-321a9145abdb:c4, d7b6d0b0-5bea-41cc-bfbb-05e0db699ec7:c10]
2019-10-13 20:17:08,212 [EventQueue-ContainerReportForContainerReportHandler] WARN  container.ContainerReportHandler (AbstractContainerReportHandler.java:updateContainerState(145)) - Container #1 is in OPEN state, but the datanode 1d13c680-5537-46cb-94e2-eb83f4d4b3d3{ip: 192.168.151.93, host: pr-hdds-2240-9psb4-3492037919, networkLocation: /default-rack, certSerialId: null} reports an CLOSED replica.
2019-10-13 20:17:08,253 [BlockDeletingService#2] WARN  background.BlockDeletingService (BlockDeletingService.java:isDeletionAllowed(187)) - Close Container log Index 6 is not replicated across allthe servers in the pipeline d3b06565-bf46-4447-bfd8-fb92401ad5cf as the min replicated index is 4. Deletion is not allowed in this container yet.
2019-10-13 20:17:08,255 [BlockDeletingService#2] WARN  background.BlockDeletingService (BlockDeletingService.java:isDeletionAllowed(187)) - Close Container log Index 6 is not replicated across allthe servers in the pipeline d3b06565-bf46-4447-bfd8-fb92401ad5cf as the min replicated index is 4. Deletion is not allowed in this container yet.
2019-10-13 20:17:08,348 [EventQueue-ContainerReportForContainerReportHandler] WARN  container.ContainerReportHandler (AbstractContainerReportHandler.java:updateContainerState(145)) - Container #1 is in OPEN state, but the datanode d7b6d0b0-5bea-41cc-bfbb-05e0db699ec7{ip: 192.168.151.93, host: pr-hdds-2240-9psb4-3492037919, networkLocation: /default-rack, certSerialId: null} reports an CLOSED replica.
2019-10-13 20:17:08,512 [EventQueue-ContainerReportForContainerReportHandler] WARN  container.ContainerReportHandler (AbstractContainerReportHandler.java:updateContainerState(145)) - Container #1 is in OPEN state, but the datanode 1d13c680-5537-46cb-94e2-eb83f4d4b3d3{ip: 192.168.151.93, host: pr-hdds-2240-9psb4-3492037919, networkLocation: /default-rack, certSerialId: null} reports an CLOSED replica.
2019-10-13 20:17:08,648 [EventQueue-ContainerReportForContainerReportHandler] WARN  container.ContainerReportHandler (AbstractContainerReportHandler.java:updateContainerState(145)) - Container #1 is in OPEN state, but the datanode d7b6d0b0-5bea-41cc-bfbb-05e0db699ec7{ip: 192.168.151.93, host: pr-hdds-2240-9psb4-3492037919, networkLocation: /default-rack, certSerialId: null} reports an CLOSED replica.
2019-10-13 20:17:08,812 [EventQueue-ContainerReportForContainerReportHandler] WARN  container.ContainerReportHandler (AbstractContainerReportHandler.java:updateContainerState(145)) - Container #1 is in OPEN state, but the datanode 1d13c680-5537-46cb-94e2-eb83f4d4b3d3{ip: 192.168.151.93, host: pr-hdds-2240-9psb4-3492037919, networkLocation: /default-rack, certSerialId: null} reports an CLOSED replica.
2019-10-13 20:17:09,012 [EventQueue-ContainerReportForContainerReportHandler] WARN  container.ContainerReportHandler (AbstractContainerReportHandler.java:updateContainerState(145)) - Container #1 is in OPEN state, but the datanode 1d13c680-5537-46cb-94e2-eb83f4d4b3d3{ip: 192.168.151.93, host: pr-hdds-2240-9psb4-3492037919, networkLocation: /default-rack, certSerialId: null} reports an CLOSED replica.
2019-10-13 20:17:09,048 [EventQueue-ContainerReportForContainerReportHandler] WARN  container.ContainerReportHandler (AbstractContainerReportHandler.java:updateContainerState(145)) - Container #1 is in OPEN state, but the datanode d7b6d0b0-5bea-41cc-bfbb-05e0db699ec7{ip: 192.168.151.93, host: pr-hdds-2240-9psb4-3492037919, networkLocation: /default-rack, certSerialId: null} reports an CLOSED replica.
2019-10-13 20:17:09,256 [BlockDeletingService#2] WARN  background.BlockDeletingService (BlockDeletingService.java:isDeletionAllowed(187)) - Close Container log Index 6 is not replicated across allthe servers in the pipeline d3b06565-bf46-4447-bfd8-fb92401ad5cf as the min replicated index is 4. Deletion is not allowed in this container yet.
2019-10-13 20:17:09,256 [BlockDeletingService#2] WARN  background.BlockDeletingService (BlockDeletingService.java:isDeletionAllowed(187)) - Close Container log Index 6 is not replicated across allthe servers in the pipeline d3b06565-bf46-4447-bfd8-fb92401ad5cf as the min replicated index is 4. Deletion is not allowed in this container yet.
2019-10-13 20:17:09,312 [EventQueue-ContainerReportForContainerReportHandler] WARN  container.ContainerReportHandler (AbstractContainerReportHandler.java:updateContainerState(145)) - Container #1 is in OPEN state, but the datanode 1d13c680-5537-46cb-94e2-eb83f4d4b3d3{ip: 192.168.151.93, host: pr-hdds-2240-9psb4-3492037919, networkLocation: /default-rack, certSerialId: null} reports an CLOSED replica.
2019-10-13 20:17:09,348 [EventQueue-ContainerReportForContainerReportHandler] WARN  container.ContainerReportHandler (AbstractContainerReportHandler.java:updateContainerState(145)) - Container #1 is in OPEN state, but the datanode d7b6d0b0-5bea-41cc-bfbb-05e0db699ec7{ip: 192.168.151.93, host: pr-hdds-2240-9psb4-3492037919, networkLocation: /default-rack, certSerialId: null} reports an CLOSED replica.
2019-10-13 20:17:09,548 [EventQueue-ContainerReportForContainerReportHandler] WARN  container.ContainerReportHandler (AbstractContainerReportHandler.java:updateContainerState(145)) - Container #1 is in OPEN state, but the datanode d7b6d0b0-5bea-41cc-bfbb-05e0db699ec7{ip: 192.168.151.93, host: pr-hdds-2240-9psb4-3492037919, networkLocation: /default-rack, certSerialId: null} reports an CLOSED replica.
2019-10-13 20:17:09,612 [EventQueue-ContainerReportForContainerReportHandler] WARN  container.ContainerReportHandler (AbstractContainerReportHandler.java:updateContainerState(145)) - Container #1 is in OPEN state, but the datanode 1d13c680-5537-46cb-94e2-eb83f4d4b3d3{ip: 192.168.151.93, host: pr-hdds-2240-9psb4-3492037919, networkLocation: /default-rack, certSerialId: null} reports an CLOSED replica.
2019-10-13 20:17:09,912 [EventQueue-ContainerReportForContainerReportHandler] WARN  container.ContainerReportHandler (AbstractContainerReportHandler.java:updateContainerState(145)) - Container #1 is in OPEN state, but the datanode 1d13c680-5537-46cb-94e2-eb83f4d4b3d3{ip: 192.168.151.93, host: pr-hdds-2240-9psb4-3492037919, networkLocation: /default-rack, certSerialId: null} reports an CLOSED replica.
2019-10-13 20:17:09,949 [EventQueue-ContainerReportForContainerReportHandler] WARN  container.ContainerReportHandler (AbstractContainerReportHandler.java:updateContainerState(145)) - Container #1 is in OPEN state, but the datanode d7b6d0b0-5bea-41cc-bfbb-05e0db699ec7{ip: 192.168.151.93, host: pr-hdds-2240-9psb4-3492037919, networkLocation: /default-rack, certSerialId: null} reports an CLOSED replica.
2019-10-13 20:17:10,090 [grpc-default-executor-0] WARN  server.GrpcLogAppender (LogUtils.java:warn(134)) - 1d13c680-5537-46cb-94e2-eb83f4d4b3d3@group-FB92401AD5CF->b1e61060-76d7-4fe3-930c-321a9145abdb-AppendLogResponseHandler: Failed appendEntries: org.apache.ratis.thirdparty.io.grpc.StatusRuntimeException: UNAVAILABLE: io exception
2019-10-13 20:17:10,091 [grpc-default-executor-0] INFO  impl.FollowerInfo (FollowerInfo.java:lambda$new$0(51)) - 1d13c680-5537-46cb-94e2-eb83f4d4b3d3@group-FB92401AD5CF->b1e61060-76d7-4fe3-930c-321a9145abdb: nextIndex: updateUnconditionally 0 -> 0
2019-10-13 20:17:10,149 [EventQueue-ContainerReportForContainerReportHandler] WARN  container.ContainerReportHandler (AbstractContainerReportHandler.java:updateContainerState(145)) - Container #1 is in OPEN state, but the datanode d7b6d0b0-5bea-41cc-bfbb-05e0db699ec7{ip: 192.168.151.93, host: pr-hdds-2240-9psb4-3492037919, networkLocation: /default-rack, certSerialId: null} reports an CLOSED replica.
2019-10-13 20:17:10,212 [EventQueue-ContainerReportForContainerReportHandler] WARN  container.ContainerReportHandler (AbstractContainerReportHandler.java:updateContainerState(145)) - Container #1 is in OPEN state, but the datanode 1d13c680-5537-46cb-94e2-eb83f4d4b3d3{ip: 192.168.151.93, host: pr-hdds-2240-9psb4-3492037919, networkLocation: /default-rack, certSerialId: null} reports an CLOSED replica.
2019-10-13 20:17:10,257 [BlockDeletingService#2] WARN  background.BlockDeletingService (BlockDeletingService.java:isDeletionAllowed(187)) - Close Container log Index 6 is not replicated across allthe servers in the pipeline d3b06565-bf46-4447-bfd8-fb92401ad5cf as the min replicated index is 4. Deletion is not allowed in this container yet.
2019-10-13 20:17:10,257 [BlockDeletingService#2] WARN  background.BlockDeletingService (BlockDeletingService.java:isDeletionAllowed(187)) - Close Container log Index 6 is not replicated across allthe servers in the pipeline d3b06565-bf46-4447-bfd8-fb92401ad5cf as the min replicated index is 4. Deletion is not allowed in this container yet.
2019-10-13 20:17:10,350 [EventQueue-ContainerReportForContainerReportHandler] WARN  container.ContainerReportHandler (AbstractContainerReportHandler.java:updateContainerState(145)) - Container #1 is in OPEN state, but the datanode d7b6d0b0-5bea-41cc-bfbb-05e0db699ec7{ip: 192.168.151.93, host: pr-hdds-2240-9psb4-3492037919, networkLocation: /default-rack, certSerialId: null} reports an CLOSED replica.
2019-10-13 20:17:10,512 [EventQueue-ContainerReportForContainerReportHandler] WARN  container.ContainerReportHandler (AbstractContainerReportHandler.java:updateContainerState(145)) - Container #1 is in OPEN state, but the datanode 1d13c680-5537-46cb-94e2-eb83f4d4b3d3{ip: 192.168.151.93, host: pr-hdds-2240-9psb4-3492037919, networkLocation: /default-rack, certSerialId: null} reports an CLOSED replica.
2019-10-13 20:17:10,550 [EventQueue-ContainerReportForContainerReportHandler] WARN  container.ContainerReportHandler (AbstractContainerReportHandler.java:updateContainerState(145)) - Container #1 is in OPEN state, but the datanode d7b6d0b0-5bea-41cc-bfbb-05e0db699ec7{ip: 192.168.151.93, host: pr-hdds-2240-9psb4-3492037919, networkLocation: /default-rack, certSerialId: null} reports an CLOSED replica.
2019-10-13 20:17:10,812 [EventQueue-ContainerReportForContainerReportHandler] WARN  container.ContainerReportHandler (AbstractContainerReportHandler.java:updateContainerState(145)) - Container #1 is in OPEN state, but the datanode 1d13c680-5537-46cb-94e2-eb83f4d4b3d3{ip: 192.168.151.93, host: pr-hdds-2240-9psb4-3492037919, networkLocation: /default-rack, certSerialId: null} reports an CLOSED replica.
2019-10-13 20:17:10,850 [EventQueue-ContainerReportForContainerReportHandler] WARN  container.ContainerReportHandler (AbstractContainerReportHandler.java:updateContainerState(145)) - Container #1 is in OPEN state, but the datanode d7b6d0b0-5bea-41cc-bfbb-05e0db699ec7{ip: 192.168.151.93, host: pr-hdds-2240-9psb4-3492037919, networkLocation: /default-rack, certSerialId: null} reports an CLOSED replica.
2019-10-13 20:17:11,150 [EventQueue-ContainerReportForContainerReportHandler] WARN  container.ContainerReportHandler (AbstractContainerReportHandler.java:updateContainerState(145)) - Container #1 is in OPEN state, but the datanode d7b6d0b0-5bea-41cc-bfbb-05e0db699ec7{ip: 192.168.151.93, host: pr-hdds-2240-9psb4-3492037919, networkLocation: /default-rack, certSerialId: null} reports an CLOSED replica.
2019-10-13 20:17:11,214 [EventQueue-ContainerReportForContainerReportHandler] WARN  container.ContainerReportHandler (AbstractContainerReportHandler.java:updateContainerState(145)) - Container #1 is in OPEN state, but the datanode 1d13c680-5537-46cb-94e2-eb83f4d4b3d3{ip: 192.168.151.93, host: pr-hdds-2240-9psb4-3492037919, networkLocation: /default-rack, certSerialId: null} reports an CLOSED replica.
2019-10-13 20:17:11,262 [BlockDeletingService#2] WARN  background.BlockDeletingService (BlockDeletingService.java:isDeletionAllowed(187)) - Close Container log Index 6 is not replicated across allthe servers in the pipeline d3b06565-bf46-4447-bfd8-fb92401ad5cf as the min replicated index is 4. Deletion is not allowed in this container yet.
2019-10-13 20:17:11,262 [BlockDeletingService#2] WARN  background.BlockDeletingService (BlockDeletingService.java:isDeletionAllowed(187)) - Close Container log Index 6 is not replicated across allthe servers in the pipeline d3b06565-bf46-4447-bfd8-fb92401ad5cf as the min replicated index is 4. Deletion is not allowed in this container yet.
2019-10-13 20:17:11,454 [EventQueue-ContainerReportForContainerReportHandler] WARN  container.ContainerReportHandler (AbstractContainerReportHandler.java:updateContainerState(145)) - Container #1 is in OPEN state, but the datanode d7b6d0b0-5bea-41cc-bfbb-05e0db699ec7{ip: 192.168.151.93, host: pr-hdds-2240-9psb4-3492037919, networkLocation: /default-rack, certSerialId: null} reports an CLOSED replica.
2019-10-13 20:17:11,614 [EventQueue-ContainerReportForContainerReportHandler] WARN  container.ContainerReportHandler (AbstractContainerReportHandler.java:updateContainerState(145)) - Container #1 is in OPEN state, but the datanode 1d13c680-5537-46cb-94e2-eb83f4d4b3d3{ip: 192.168.151.93, host: pr-hdds-2240-9psb4-3492037919, networkLocation: /default-rack, certSerialId: null} reports an CLOSED replica.
2019-10-13 20:17:11,654 [EventQueue-ContainerReportForContainerReportHandler] WARN  container.ContainerReportHandler (AbstractContainerReportHandler.java:updateContainerState(145)) - Container #1 is in OPEN state, but the datanode d7b6d0b0-5bea-41cc-bfbb-05e0db699ec7{ip: 192.168.151.93, host: pr-hdds-2240-9psb4-3492037919, networkLocation: /default-rack, certSerialId: null} reports an CLOSED replica.
2019-10-13 20:17:11,815 [EventQueue-ContainerReportForContainerReportHandler] WARN  container.ContainerReportHandler (AbstractContainerReportHandler.java:updateContainerState(145)) - Container #1 is in OPEN state, but the datanode 1d13c680-5537-46cb-94e2-eb83f4d4b3d3{ip: 192.168.151.93, host: pr-hdds-2240-9psb4-3492037919, networkLocation: /default-rack, certSerialId: null} reports an CLOSED replica.
2019-10-13 20:17:12,054 [EventQueue-ContainerReportForContainerReportHandler] WARN  container.ContainerReportHandler (AbstractContainerReportHandler.java:updateContainerState(145)) - Container #1 is in OPEN state, but the datanode d7b6d0b0-5bea-41cc-bfbb-05e0db699ec7{ip: 192.168.151.93, host: pr-hdds-2240-9psb4-3492037919, networkLocation: /default-rack, certSerialId: null} reports an CLOSED replica.
2019-10-13 20:17:12,215 [EventQueue-ContainerReportForContainerReportHandler] WARN  container.ContainerReportHandler (AbstractContainerReportHandler.java:updateContainerState(145)) - Container #1 is in OPEN state, but the datanode 1d13c680-5537-46cb-94e2-eb83f4d4b3d3{ip: 192.168.151.93, host: pr-hdds-2240-9psb4-3492037919, networkLocation: /default-rack, certSerialId: null} reports an CLOSED replica.
2019-10-13 20:17:12,263 [BlockDeletingService#2] WARN  background.BlockDeletingService (BlockDeletingService.java:isDeletionAllowed(187)) - Close Container log Index 6 is not replicated across allthe servers in the pipeline d3b06565-bf46-4447-bfd8-fb92401ad5cf as the min replicated index is 4. Deletion is not allowed in this container yet.
2019-10-13 20:17:12,263 [BlockDeletingService#2] WARN  background.BlockDeletingService (BlockDeletingService.java:isDeletionAllowed(187)) - Close Container log Index 6 is not replicated across allthe servers in the pipeline d3b06565-bf46-4447-bfd8-fb92401ad5cf as the min replicated index is 4. Deletion is not allowed in this container yet.
2019-10-13 20:17:12,354 [EventQueue-ContainerReportForContainerReportHandler] WARN  container.ContainerReportHandler (AbstractContainerReportHandler.java:updateContainerState(145)) - Container #1 is in OPEN state, but the datanode d7b6d0b0-5bea-41cc-bfbb-05e0db699ec7{ip: 192.168.151.93, host: pr-hdds-2240-9psb4-3492037919, networkLocation: /default-rack, certSerialId: null} reports an CLOSED replica.
2019-10-13 20:17:12,415 [EventQueue-ContainerReportForContainerReportHandler] WARN  container.ContainerReportHandler (AbstractContainerReportHandler.java:updateContainerState(145)) - Container #1 is in OPEN state, but the datanode 1d13c680-5537-46cb-94e2-eb83f4d4b3d3{ip: 192.168.151.93, host: pr-hdds-2240-9psb4-3492037919, networkLocation: /default-rack, certSerialId: null} reports an CLOSED replica.
2019-10-13 20:17:12,554 [EventQueue-ContainerReportForContainerReportHandler] WARN  container.ContainerReportHandler (AbstractContainerReportHandler.java:updateContainerState(145)) - Container #1 is in OPEN state, but the datanode d7b6d0b0-5bea-41cc-bfbb-05e0db699ec7{ip: 192.168.151.93, host: pr-hdds-2240-9psb4-3492037919, networkLocation: /default-rack, certSerialId: null} reports an CLOSED replica.
2019-10-13 20:17:12,590 [grpc-default-executor-3] WARN  server.GrpcLogAppender (LogUtils.java:warn(134)) - 1d13c680-5537-46cb-94e2-eb83f4d4b3d3@group-FB92401AD5CF->b1e61060-76d7-4fe3-930c-321a9145abdb-AppendLogResponseHandler: Failed appendEntries: org.apache.ratis.thirdparty.io.grpc.StatusRuntimeException: UNAVAILABLE: io exception
2019-10-13 20:17:12,591 [grpc-default-executor-3] INFO  impl.FollowerInfo (FollowerInfo.java:lambda$new$0(51)) - 1d13c680-5537-46cb-94e2-eb83f4d4b3d3@group-FB92401AD5CF->b1e61060-76d7-4fe3-930c-321a9145abdb: nextIndex: updateUnconditionally 0 -> 0
2019-10-13 20:17:12,816 [EventQueue-ContainerReportForContainerReportHandler] WARN  container.ContainerReportHandler (AbstractContainerReportHandler.java:updateContainerState(145)) - Container #1 is in OPEN state, but the datanode 1d13c680-5537-46cb-94e2-eb83f4d4b3d3{ip: 192.168.151.93, host: pr-hdds-2240-9psb4-3492037919, networkLocation: /default-rack, certSerialId: null} reports an CLOSED replica.
2019-10-13 20:17:12,854 [EventQueue-ContainerReportForContainerReportHandler] WARN  container.ContainerReportHandler (AbstractContainerReportHandler.java:updateContainerState(145)) - Container #1 is in OPEN state, but the datanode d7b6d0b0-5bea-41cc-bfbb-05e0db699ec7{ip: 192.168.151.93, host: pr-hdds-2240-9psb4-3492037919, networkLocation: /default-rack, certSerialId: null} reports an CLOSED replica.
2019-10-13 20:17:13,055 [EventQueue-ContainerReportForContainerReportHandler] WARN  container.ContainerReportHandler (AbstractContainerReportHandler.java:updateContainerState(145)) - Container #1 is in OPEN state, but the datanode d7b6d0b0-5bea-41cc-bfbb-05e0db699ec7{ip: 192.168.151.93, host: pr-hdds-2240-9psb4-3492037919, networkLocation: /default-rack, certSerialId: null} reports an CLOSED replica.
2019-10-13 20:17:13,117 [EventQueue-ContainerReportForContainerReportHandler] WARN  container.ContainerReportHandler (AbstractContainerReportHandler.java:updateContainerState(145)) - Container #1 is in OPEN state, but the datanode 1d13c680-5537-46cb-94e2-eb83f4d4b3d3{ip: 192.168.151.93, host: pr-hdds-2240-9psb4-3492037919, networkLocation: /default-rack, certSerialId: null} reports an CLOSED replica.
2019-10-13 20:17:13,257 [EventQueue-ContainerReportForContainerReportHandler] WARN  container.ContainerReportHandler (AbstractContainerReportHandler.java:updateContainerState(145)) - Container #1 is in OPEN state, but the datanode d7b6d0b0-5bea-41cc-bfbb-05e0db699ec7{ip: 192.168.151.93, host: pr-hdds-2240-9psb4-3492037919, networkLocation: /default-rack, certSerialId: null} reports an CLOSED replica.
2019-10-13 20:17:13,264 [BlockDeletingService#2] WARN  background.BlockDeletingService (BlockDeletingService.java:isDeletionAllowed(187)) - Close Container log Index 6 is not replicated across allthe servers in the pipeline d3b06565-bf46-4447-bfd8-fb92401ad5cf as the min replicated index is 4. Deletion is not allowed in this container yet.
2019-10-13 20:17:13,264 [BlockDeletingService#2] WARN  background.BlockDeletingService (BlockDeletingService.java:isDeletionAllowed(187)) - Close Container log Index 6 is not replicated across allthe servers in the pipeline d3b06565-bf46-4447-bfd8-fb92401ad5cf as the min replicated index is 4. Deletion is not allowed in this container yet.
2019-10-13 20:17:13,458 [EventQueue-ContainerReportForContainerReportHandler] WARN  container.ContainerReportHandler (AbstractContainerReportHandler.java:updateContainerState(145)) - Container #1 is in OPEN state, but the datanode d7b6d0b0-5bea-41cc-bfbb-05e0db699ec7{ip: 192.168.151.93, host: pr-hdds-2240-9psb4-3492037919, networkLocation: /default-rack, certSerialId: null} reports an CLOSED replica.
2019-10-13 20:17:13,517 [EventQueue-ContainerReportForContainerReportHandler] WARN  container.ContainerReportHandler (AbstractContainerReportHandler.java:updateContainerState(145)) - Container #1 is in OPEN state, but the datanode 1d13c680-5537-46cb-94e2-eb83f4d4b3d3{ip: 192.168.151.93, host: pr-hdds-2240-9psb4-3492037919, networkLocation: /default-rack, certSerialId: null} reports an CLOSED replica.
2019-10-13 20:17:13,758 [EventQueue-ContainerReportForContainerReportHandler] WARN  container.ContainerReportHandler (AbstractContainerReportHandler.java:updateContainerState(145)) - Container #1 is in OPEN state, but the datanode d7b6d0b0-5bea-41cc-bfbb-05e0db699ec7{ip: 192.168.151.93, host: pr-hdds-2240-9psb4-3492037919, networkLocation: /default-rack, certSerialId: null} reports an CLOSED replica.
2019-10-13 20:17:13,817 [EventQueue-ContainerReportForContainerReportHandler] WARN  container.ContainerReportHandler (AbstractContainerReportHandler.java:updateContainerState(145)) - Container #1 is in OPEN state, but the datanode 1d13c680-5537-46cb-94e2-eb83f4d4b3d3{ip: 192.168.151.93, host: pr-hdds-2240-9psb4-3492037919, networkLocation: /default-rack, certSerialId: null} reports an CLOSED replica.
2019-10-13 20:17:13,958 [EventQueue-ContainerReportForContainerReportHandler] WARN  container.ContainerReportHandler (AbstractContainerReportHandler.java:updateContainerState(145)) - Container #1 is in OPEN state, but the datanode d7b6d0b0-5bea-41cc-bfbb-05e0db699ec7{ip: 192.168.151.93, host: pr-hdds-2240-9psb4-3492037919, networkLocation: /default-rack, certSerialId: null} reports an CLOSED replica.
2019-10-13 20:17:14,117 [EventQueue-ContainerReportForContainerReportHandler] WARN  container.ContainerReportHandler (AbstractContainerReportHandler.java:updateContainerState(145)) - Container #1 is in OPEN state, but the datanode 1d13c680-5537-46cb-94e2-eb83f4d4b3d3{ip: 192.168.151.93, host: pr-hdds-2240-9psb4-3492037919, networkLocation: /default-rack, certSerialId: null} reports an CLOSED replica.
2019-10-13 20:17:14,259 [EventQueue-ContainerReportForContainerReportHandler] WARN  container.ContainerReportHandler (AbstractContainerReportHandler.java:updateContainerState(145)) - Container #1 is in OPEN state, but the datanode d7b6d0b0-5bea-41cc-bfbb-05e0db699ec7{ip: 192.168.151.93, host: pr-hdds-2240-9psb4-3492037919, networkLocation: /default-rack, certSerialId: null} reports an CLOSED replica.
2019-10-13 20:17:14,265 [BlockDeletingService#2] WARN  background.BlockDeletingService (BlockDeletingService.java:isDeletionAllowed(187)) - Close Container log Index 6 is not replicated across allthe servers in the pipeline d3b06565-bf46-4447-bfd8-fb92401ad5cf as the min replicated index is 4. Deletion is not allowed in this container yet.
2019-10-13 20:17:14,265 [BlockDeletingService#2] WARN  background.BlockDeletingService (BlockDeletingService.java:isDeletionAllowed(187)) - Close Container log Index 6 is not replicated across allthe servers in the pipeline d3b06565-bf46-4447-bfd8-fb92401ad5cf as the min replicated index is 4. Deletion is not allowed in this container yet.
2019-10-13 20:17:14,417 [EventQueue-ContainerReportForContainerReportHandler] WARN  container.ContainerReportHandler (AbstractContainerReportHandler.java:updateContainerState(145)) - Container #1 is in OPEN state, but the datanode 1d13c680-5537-46cb-94e2-eb83f4d4b3d3{ip: 192.168.151.93, host: pr-hdds-2240-9psb4-3492037919, networkLocation: /default-rack, certSerialId: null} reports an CLOSED replica.
2019-10-13 20:17:14,459 [EventQueue-ContainerReportForContainerReportHandler] WARN  container.ContainerReportHandler (AbstractContainerReportHandler.java:updateContainerState(145)) - Container #1 is in OPEN state, but the datanode d7b6d0b0-5bea-41cc-bfbb-05e0db699ec7{ip: 192.168.151.93, host: pr-hdds-2240-9psb4-3492037919, networkLocation: /default-rack, certSerialId: null} reports an CLOSED replica.
2019-10-13 20:17:14,609 [EventQueue-StaleNodeForStaleNodeHandler] INFO  node.StaleNodeHandler (StaleNodeHandler.java:onMessage(58)) - Datanode b1e61060-76d7-4fe3-930c-321a9145abdb{ip: 192.168.151.93, host: pr-hdds-2240-9psb4-3492037919, networkLocation: /default-rack, certSerialId: null} moved to stale state. Finalizing its pipelines [PipelineID=d3b06565-bf46-4447-bfd8-fb92401ad5cf, PipelineID=a5797936-8a65-46f0-b29a-cea374da8836]
2019-10-13 20:17:14,609 [EventQueue-StaleNodeForStaleNodeHandler] INFO  pipeline.SCMPipelineManager (SCMPipelineManager.java:finalizeAndDestroyPipeline(315)) - destroying pipeline:Pipeline[ Id: d3b06565-bf46-4447-bfd8-fb92401ad5cf, Nodes: d7b6d0b0-5bea-41cc-bfbb-05e0db699ec7{ip: 192.168.151.93, host: pr-hdds-2240-9psb4-3492037919, networkLocation: /default-rack, certSerialId: null}1d13c680-5537-46cb-94e2-eb83f4d4b3d3{ip: 192.168.151.93, host: pr-hdds-2240-9psb4-3492037919, networkLocation: /default-rack, certSerialId: null}b1e61060-76d7-4fe3-930c-321a9145abdb{ip: 192.168.151.93, host: pr-hdds-2240-9psb4-3492037919, networkLocation: /default-rack, certSerialId: null}, Type:RATIS, Factor:THREE, State:OPEN]
2019-10-13 20:17:14,611 [EventQueue-StaleNodeForStaleNodeHandler] INFO  pipeline.PipelineStateManager (PipelineStateManager.java:finalizePipeline(123)) - Pipeline Pipeline[ Id: d3b06565-bf46-4447-bfd8-fb92401ad5cf, Nodes: d7b6d0b0-5bea-41cc-bfbb-05e0db699ec7{ip: 192.168.151.93, host: pr-hdds-2240-9psb4-3492037919, networkLocation: /default-rack, certSerialId: null}1d13c680-5537-46cb-94e2-eb83f4d4b3d3{ip: 192.168.151.93, host: pr-hdds-2240-9psb4-3492037919, networkLocation: /default-rack, certSerialId: null}b1e61060-76d7-4fe3-930c-321a9145abdb{ip: 192.168.151.93, host: pr-hdds-2240-9psb4-3492037919, networkLocation: /default-rack, certSerialId: null}, Type:RATIS, Factor:THREE, State:CLOSED] moved to CLOSED state
2019-10-13 20:17:14,611 [EventQueue-CloseContainerForCloseContainerEventHandler] INFO  container.CloseContainerEventHandler (CloseContainerEventHandler.java:onMessage(61)) - Close container Event triggered for container : #1
2019-10-13 20:17:14,614 [EventQueue-StaleNodeForStaleNodeHandler] INFO  pipeline.SCMPipelineManager (SCMPipelineManager.java:finalizeAndDestroyPipeline(315)) - destroying pipeline:Pipeline[ Id: a5797936-8a65-46f0-b29a-cea374da8836, Nodes: b1e61060-76d7-4fe3-930c-321a9145abdb{ip: 192.168.151.93, host: pr-hdds-2240-9psb4-3492037919, networkLocation: /default-rack, certSerialId: null}, Type:RATIS, Factor:ONE, State:OPEN]
2019-10-13 20:17:14,615 [EventQueue-StaleNodeForStaleNodeHandler] INFO  pipeline.PipelineStateManager (PipelineStateManager.java:finalizePipeline(123)) - Pipeline Pipeline[ Id: a5797936-8a65-46f0-b29a-cea374da8836, Nodes: b1e61060-76d7-4fe3-930c-321a9145abdb{ip: 192.168.151.93, host: pr-hdds-2240-9psb4-3492037919, networkLocation: /default-rack, certSerialId: null}, Type:RATIS, Factor:ONE, State:CLOSED] moved to CLOSED state
2019-10-13 20:17:14,718 [EventQueue-ContainerReportForContainerReportHandler] INFO  container.ContainerReportHandler (AbstractContainerReportHandler.java:updateContainerState(178)) - Moving container #1 to CLOSED state, datanode 1d13c680-5537-46cb-94e2-eb83f4d4b3d3{ip: 192.168.151.93, host: pr-hdds-2240-9psb4-3492037919, networkLocation: /default-rack, certSerialId: null} reported CLOSED replica.
2019-10-13 20:17:14,888 [SCMBlockDeletingService#1] INFO  block.SCMBlockDeletingService (SCMBlockDeletingService.java:call(184)) - Totally added 3 delete blocks command for 3 datanodes, task elapsed time: 4ms
2019-10-13 20:17:15,093 [grpc-default-executor-0] WARN  server.GrpcLogAppender (LogUtils.java:warn(134)) - 1d13c680-5537-46cb-94e2-eb83f4d4b3d3@group-FB92401AD5CF->b1e61060-76d7-4fe3-930c-321a9145abdb-AppendLogResponseHandler: Failed appendEntries: org.apache.ratis.thirdparty.io.grpc.StatusRuntimeException: UNAVAILABLE: io exception
2019-10-13 20:17:15,093 [grpc-default-executor-0] INFO  impl.FollowerInfo (FollowerInfo.java:lambda$new$0(51)) - 1d13c680-5537-46cb-94e2-eb83f4d4b3d3@group-FB92401AD5CF->b1e61060-76d7-4fe3-930c-321a9145abdb: nextIndex: updateUnconditionally 0 -> 0
2019-10-13 20:17:15,119 [EventQueue-PendingDeleteStatusForPendingDeleteHandler] INFO  block.SCMBlockDeletingService (SCMBlockDeletingService.java:handlePendingDeletes(115)) - Block deletion txnID mismatch in datanode 1d13c680-5537-46cb-94e2-eb83f4d4b3d3 for containerID 1. Datanode delete txnID: 0, SCM txnID: 1
2019-10-13 20:17:15,159 [EventQueue-PendingDeleteStatusForPendingDeleteHandler] INFO  block.SCMBlockDeletingService (SCMBlockDeletingService.java:handlePendingDeletes(115)) - Block deletion txnID mismatch in datanode d7b6d0b0-5bea-41cc-bfbb-05e0db699ec7 for containerID 1. Datanode delete txnID: 0, SCM txnID: 1
2019-10-13 20:17:15,170 [Thread-534] INFO  client.GrpcClientProtocolService (GrpcClientProtocolService.java:lambda$processClientRequest$0(278)) - Failed RaftClientRequest:client-8C69C1D6A99A->d7b6d0b0-5bea-41cc-bfbb-05e0db699ec7@group-FB92401AD5CF, cid=10, seq=0, Watch-ALL_COMMITTED(6), Message:<EMPTY>, reply=RaftClientReply:client-8C69C1D6A99A->d7b6d0b0-5bea-41cc-bfbb-05e0db699ec7@group-FB92401AD5CF, cid=10, FAILED org.apache.ratis.protocol.NotLeaderException: Server d7b6d0b0-5bea-41cc-bfbb-05e0db699ec7@group-FB92401AD5CF is not the leader 1d13c680-5537-46cb-94e2-eb83f4d4b3d3:192.168.151.93:46245, logIndex=0, commits[d7b6d0b0-5bea-41cc-bfbb-05e0db699ec7:c10, b1e61060-76d7-4fe3-930c-321a9145abdb:c4, 1d13c680-5537-46cb-94e2-eb83f4d4b3d3:c10]
2019-10-13 20:17:15,266 [BlockDeletingService#2] WARN  background.BlockDeletingService (BlockDeletingService.java:isDeletionAllowed(187)) - Close Container log Index 6 is not replicated across allthe servers in the pipeline d3b06565-bf46-4447-bfd8-fb92401ad5cf as the min replicated index is 4. Deletion is not allowed in this container yet.
2019-10-13 20:17:15,266 [BlockDeletingService#2] WARN  background.BlockDeletingService (BlockDeletingService.java:isDeletionAllowed(187)) - Close Container log Index 6 is not replicated across allthe servers in the pipeline d3b06565-bf46-4447-bfd8-fb92401ad5cf as the min replicated index is 4. Deletion is not allowed in this container yet.
2019-10-13 20:17:15,418 [EventQueue-PendingDeleteStatusForPendingDeleteHandler] INFO  block.SCMBlockDeletingService (SCMBlockDeletingService.java:handlePendingDeletes(115)) - Block deletion txnID mismatch in datanode 1d13c680-5537-46cb-94e2-eb83f4d4b3d3 for containerID 1. Datanode delete txnID: 0, SCM txnID: 1
2019-10-13 20:17:15,459 [EventQueue-PendingDeleteStatusForPendingDeleteHandler] INFO  block.SCMBlockDeletingService (SCMBlockDeletingService.java:handlePendingDeletes(115)) - Block deletion txnID mismatch in datanode d7b6d0b0-5bea-41cc-bfbb-05e0db699ec7 for containerID 1. Datanode delete txnID: 0, SCM txnID: 1
2019-10-13 20:17:15,661 [Command processor thread] INFO  commandhandler.DeleteBlocksCommandHandler (DeleteBlocksCommandHandler.java:handle(106)) - Start to delete container blocks, TXIDs=[1(0)], numOfContainers=1, numOfBlocks=1
2019-10-13 20:17:15,719 [EventQueue-PendingDeleteStatusForPendingDeleteHandler] INFO  block.SCMBlockDeletingService (SCMBlockDeletingService.java:handlePendingDeletes(115)) - Block deletion txnID mismatch in datanode 1d13c680-5537-46cb-94e2-eb83f4d4b3d3 for containerID 1. Datanode delete txnID: 0, SCM txnID: 1
2019-10-13 20:17:15,890 [SCMBlockDeletingService#1] INFO  block.SCMBlockDeletingService (SCMBlockDeletingService.java:call(184)) - Totally added 2 delete blocks command for 2 datanodes, task elapsed time: 0ms
2019-10-13 20:17:15,891 [pool-7-thread-1] INFO  commands.RetriableDatanodeEventWatcher (RetriableDatanodeEventWatcher.java:onTimeout(47)) - RetriableDatanodeCommand type=deleteBlocksCommand with id=1570997834889 timed out. Retrying.
2019-10-13 20:17:15,891 [pool-7-thread-2] INFO  commands.RetriableDatanodeEventWatcher (RetriableDatanodeEventWatcher.java:onTimeout(47)) - RetriableDatanodeCommand type=deleteBlocksCommand with id=1570997834890 timed out. Retrying.
2019-10-13 20:17:15,918 [Command processor thread] INFO  commandhandler.DeleteBlocksCommandHandler (DeleteBlocksCommandHandler.java:handle(106)) - Start to delete container blocks, TXIDs=[1(0)], numOfContainers=1, numOfBlocks=1
2019-10-13 20:17:16,071 [main] INFO  impl.MetricsSystemImpl (MetricsSystemImpl.java:init(158)) - HddsDatanode metrics system started (again)
2019-10-13 20:17:16,111 [main] INFO  ozone.HddsDatanodeService (HddsDatanodeService.java:start(184)) - HddsDatanodeService host:pr-hdds-2240-9psb4-3492037919 ip:192.168.151.93
2019-10-13 20:17:16,115 [main] INFO  volume.VolumeUsage (VolumeUsage.java:loadScmUsed(144)) - Cached ScmUsed found for /workdir/hadoop-ozone/integration-test/target/test-dir/MiniOzoneClusterImpl-e4384097-ef4f-4dd8-bde8-8af0a93d1d9c/datanode-1/data/containers : 4096 
2019-10-13 20:17:16,115 [main] INFO  volume.HddsVolume (HddsVolume.java:<init>(176)) - Creating Volume: /workdir/hadoop-ozone/integration-test/target/test-dir/MiniOzoneClusterImpl-e4384097-ef4f-4dd8-bde8-8af0a93d1d9c/datanode-1/data/containers/hdds of  storage type : DISK and capacity : 1482555576320
2019-10-13 20:17:16,116 [main] INFO  volume.VolumeSet (VolumeSet.java:initializeVolumeSet(170)) - Added Volume : /workdir/hadoop-ozone/integration-test/target/test-dir/MiniOzoneClusterImpl-e4384097-ef4f-4dd8-bde8-8af0a93d1d9c/datanode-1/data/containers/hdds to VolumeSet
2019-10-13 20:17:16,116 [main] INFO  volume.ThrottledAsyncChecker (ThrottledAsyncChecker.java:schedule(141)) - Scheduling a check for org.apache.hadoop.ozone.container.common.volume.HddsVolume@4f4c88f9
2019-10-13 20:17:16,118 [main] INFO  volume.HddsVolumeChecker (HddsVolumeChecker.java:checkAllVolumes(204)) - Scheduled health check for volume org.apache.hadoop.ozone.container.common.volume.HddsVolume@4f4c88f9
2019-10-13 20:17:16,172 [main] INFO  impl.RaftServerProxy (ConfUtils.java:logGet(43)) - raft.rpc.type = GRPC (default)
2019-10-13 20:17:16,172 [main] INFO  grpc.GrpcFactory (GrpcFactory.java:checkPooledByteBufAllocatorUseCacheForAllThreads(45)) - PERFORMANCE WARNING: useCacheForAllThreads is true that may cause Netty to create a lot garbage objects and, as a result, trigger GC.
	It is recommended to disable useCacheForAllThreads by setting -Dorg.apache.ratis.thirdparty.io.netty.allocator.useCacheForAllThreads=false in command line.
2019-10-13 20:17:16,172 [main] INFO  grpc.GrpcConfigKeys$Server (ConfUtils.java:logGet(43)) - raft.grpc.server.port = 33129 (custom)
2019-10-13 20:17:16,174 [main] INFO  server.GrpcService (ConfUtils.java:logGet(43)) - raft.grpc.message.size.max = 33570816 (custom)
2019-10-13 20:17:16,174 [main] INFO  server.RaftServerConfigKeys (ConfUtils.java:logGet(43)) - raft.server.log.appender.buffer.byte-limit = 33554432 (custom)
2019-10-13 20:17:16,174 [main] INFO  server.GrpcService (ConfUtils.java:logGet(43)) - raft.grpc.flow.control.window = 1MB (=1048576) (default)
2019-10-13 20:17:16,174 [main] INFO  server.RaftServerConfigKeys (ConfUtils.java:logGet(43)) - raft.server.rpc.request.timeout = 3000ms (default)
2019-10-13 20:17:16,175 [main] INFO  server.RaftServerConfigKeys (ConfUtils.java:logGet(43)) - raft.server.storage.dir = [/workdir/hadoop-ozone/integration-test/target/test-dir/MiniOzoneClusterImpl-e4384097-ef4f-4dd8-bde8-8af0a93d1d9c/datanode-1/data/ratis] (custom)
2019-10-13 20:17:16,176 [main] INFO  impl.RaftServerProxy (RaftServerProxy.java:lambda$null$0(191)) - b1e61060-76d7-4fe3-930c-321a9145abdb: found a subdirectory /workdir/hadoop-ozone/integration-test/target/test-dir/MiniOzoneClusterImpl-e4384097-ef4f-4dd8-bde8-8af0a93d1d9c/datanode-1/data/ratis/d3b06565-bf46-4447-bfd8-fb92401ad5cf
2019-10-13 20:17:16,177 [main] INFO  impl.RaftServerProxy (RaftServerProxy.java:addNew(89)) - b1e61060-76d7-4fe3-930c-321a9145abdb: addNew group-FB92401AD5CF:[] returns group-FB92401AD5CF:java.util.concurrent.CompletableFuture@6ee99964[Not completed]
2019-10-13 20:17:16,177 [main] INFO  impl.RaftServerProxy (RaftServerProxy.java:lambda$null$0(191)) - b1e61060-76d7-4fe3-930c-321a9145abdb: found a subdirectory /workdir/hadoop-ozone/integration-test/target/test-dir/MiniOzoneClusterImpl-e4384097-ef4f-4dd8-bde8-8af0a93d1d9c/datanode-1/data/ratis/a5797936-8a65-46f0-b29a-cea374da8836
2019-10-13 20:17:16,177 [main] INFO  impl.RaftServerProxy (RaftServerProxy.java:addNew(89)) - b1e61060-76d7-4fe3-930c-321a9145abdb: addNew group-CEA374DA8836:[] returns group-CEA374DA8836:java.util.concurrent.CompletableFuture@257ef9ed[Not completed]
2019-10-13 20:17:16,180 [pool-59-thread-1] INFO  impl.RaftServerImpl (RaftServerImpl.java:<init>(95)) - b1e61060-76d7-4fe3-930c-321a9145abdb: new RaftServerImpl for group-FB92401AD5CF:[] with ContainerStateMachine:uninitialized
2019-10-13 20:17:16,181 [pool-59-thread-1] INFO  server.RaftServerConfigKeys (ConfUtils.java:logGet(43)) - raft.server.rpc.timeout.min = 5s (custom)
2019-10-13 20:17:16,181 [pool-59-thread-1] INFO  server.RaftServerConfigKeys (ConfUtils.java:logGet(43)) - raft.server.rpc.timeout.max = 5200ms (custom)
2019-10-13 20:17:16,181 [pool-59-thread-1] INFO  server.RaftServerConfigKeys (ConfUtils.java:logGet(43)) - raft.server.rpcslowness.timeout = 1000s (custom)
2019-10-13 20:17:16,181 [pool-59-thread-1] INFO  server.RaftServerConfigKeys (ConfUtils.java:logGet(43)) - raft.server.sleep.deviation.threshold = 300 (default)
2019-10-13 20:17:16,181 [pool-59-thread-1] INFO  server.RaftServerConfigKeys (ConfUtils.java:logGet(43)) - raft.server.log.appender.install.snapshot.enabled = false (custom)
2019-10-13 20:17:16,181 [pool-59-thread-1] INFO  impl.RaftServerImpl (ServerState.java:<init>(103)) - b1e61060-76d7-4fe3-930c-321a9145abdb@group-FB92401AD5CF: ConfigurationManager, init=-1: [], old=null, confs=<EMPTY_MAP>
2019-10-13 20:17:16,181 [pool-59-thread-1] INFO  server.RaftServerConfigKeys (ConfUtils.java:logGet(43)) - raft.server.storage.dir = [/workdir/hadoop-ozone/integration-test/target/test-dir/MiniOzoneClusterImpl-e4384097-ef4f-4dd8-bde8-8af0a93d1d9c/datanode-1/data/ratis] (custom)
2019-10-13 20:17:16,181 [main] INFO  hdfs.DFSUtil (DFSUtil.java:httpServerTemplateForNNAndJN(1641)) - Starting Web-server for hddsDatanode at: http://0.0.0.0:34161
2019-10-13 20:17:16,181 [pool-59-thread-1] INFO  server.RaftServerConfigKeys (ConfUtils.java:logGet(43)) - raft.server.log.corruption.policy = EXCEPTION (default)
2019-10-13 20:17:16,184 [main] INFO  server.AuthenticationFilter (AuthenticationFilter.java:constructSecretProvider(240)) - Unable to initialize FileSignerSecretProvider, falling back to use random secrets.
2019-10-13 20:17:16,184 [main] WARN  http.HttpRequestLog (HttpRequestLog.java:getRequestLog(97)) - Jetty request log can only be enabled using Log4j
2019-10-13 20:17:16,186 [main] INFO  http.HttpServer2 (HttpServer2.java:addGlobalFilter(975)) - Added global filter 'safety' (class=org.apache.hadoop.http.HttpServer2$QuotingInputFilter)
2019-10-13 20:17:16,187 [main] INFO  http.HttpServer2 (HttpServer2.java:addFilter(948)) - Added filter static_user_filter (class=org.apache.hadoop.http.lib.StaticUserWebFilter$StaticUserFilter) to context hddsDatanode
2019-10-13 20:17:16,187 [main] INFO  http.HttpServer2 (HttpServer2.java:addFilter(958)) - Added filter static_user_filter (class=org.apache.hadoop.http.lib.StaticUserWebFilter$StaticUserFilter) to context static
2019-10-13 20:17:16,187 [main] INFO  http.HttpServer2 (HttpServer2.java:addFilter(958)) - Added filter static_user_filter (class=org.apache.hadoop.http.lib.StaticUserWebFilter$StaticUserFilter) to context logs
2019-10-13 20:17:16,188 [main] INFO  http.HttpServer2 (HttpServer2.java:bindListener(1191)) - Jetty bound to port 34161
2019-10-13 20:17:16,188 [main] INFO  server.Server (Server.java:doStart(351)) - jetty-9.3.25.v20180904, build timestamp: 2018-09-04T21:11:46Z, git hash: 3ce520221d0240229c862b122d2b06c12a625732
2019-10-13 20:17:16,190 [main] INFO  handler.ContextHandler (ContextHandler.java:doStart(781)) - Started o.e.j.s.ServletContextHandler@59bbb974{/logs,file:///workdir/hadoop-ozone/integration-test/target/log,AVAILABLE}
2019-10-13 20:17:16,190 [main] INFO  handler.ContextHandler (ContextHandler.java:doStart(781)) - Started o.e.j.s.ServletContextHandler@12f49ca8{/static,jar:file:/home/user/.m2/repository/org/apache/hadoop/hadoop-hdds-container-service/0.5.0-SNAPSHOT/hadoop-hdds-container-service-0.5.0-SNAPSHOT.jar!/webapps/static,AVAILABLE}
2019-10-13 20:17:16,220 [main] INFO  handler.ContextHandler (ContextHandler.java:doStart(781)) - Started o.e.j.w.WebAppContext@13dbed9e{/,file:///tmp/jetty-0.0.0.0-34161-hddsDatanode-_-any-1205944317045502249.dir/webapp/,AVAILABLE}{/hddsDatanode}
2019-10-13 20:17:16,221 [main] INFO  server.AbstractConnector (AbstractConnector.java:doStart(278)) - Started ServerConnector@4004c950{HTTP/1.1,[http/1.1]}{0.0.0.0:34161}
2019-10-13 20:17:16,222 [main] INFO  server.Server (Server.java:doStart(419)) - Started @117380ms
2019-10-13 20:17:16,222 [main] WARN  impl.MetricsSystemImpl (MetricsSystemImpl.java:register(276)) - Sink prometheus already exists!
2019-10-13 20:17:16,222 [main] INFO  server.BaseHttpServer (BaseHttpServer.java:updateConnectorAddress(215)) - HTTP server of HDDSDATANODE is listening at http://0.0.0.0:34161
2019-10-13 20:17:16,224 [org.apache.hadoop.util.JvmPauseMonitor$Monitor@44a27a99] INFO  util.JvmPauseMonitor (JvmPauseMonitor.java:run(188)) - Starting JVM pause monitor
2019-10-13 20:17:16,267 [BlockDeletingService#2] WARN  background.BlockDeletingService (BlockDeletingService.java:isDeletionAllowed(187)) - Close Container log Index 6 is not replicated across allthe servers in the pipeline d3b06565-bf46-4447-bfd8-fb92401ad5cf as the min replicated index is 4. Deletion is not allowed in this container yet.
2019-10-13 20:17:16,268 [BlockDeletingService#2] WARN  background.BlockDeletingService (BlockDeletingService.java:isDeletionAllowed(187)) - Close Container log Index 6 is not replicated across allthe servers in the pipeline d3b06565-bf46-4447-bfd8-fb92401ad5cf as the min replicated index is 4. Deletion is not allowed in this container yet.
2019-10-13 20:17:16,890 [pool-7-thread-1] INFO  commands.RetriableDatanodeEventWatcher (RetriableDatanodeEventWatcher.java:onTimeout(47)) - RetriableDatanodeCommand type=deleteBlocksCommand with id=1570997834892 timed out. Retrying.
2019-10-13 20:17:16,890 [pool-7-thread-2] INFO  commands.RetriableDatanodeEventWatcher (RetriableDatanodeEventWatcher.java:onTimeout(47)) - RetriableDatanodeCommand type=deleteBlocksCommand with id=1570997834891 timed out. Retrying.
2019-10-13 20:17:16,891 [SCMBlockDeletingService#1] INFO  block.SCMBlockDeletingService (SCMBlockDeletingService.java:call(184)) - Totally added 2 delete blocks command for 2 datanodes, task elapsed time: 0ms
2019-10-13 20:17:16,892 [pool-7-thread-2] INFO  commands.RetriableDatanodeEventWatcher (RetriableDatanodeEventWatcher.java:onTimeout(47)) - RetriableDatanodeCommand type=deleteBlocksCommand with id=1570997834889 timed out. Retrying.
2019-10-13 20:17:16,892 [pool-7-thread-1] INFO  commands.RetriableDatanodeEventWatcher (RetriableDatanodeEventWatcher.java:onTimeout(47)) - RetriableDatanodeCommand type=deleteBlocksCommand with id=1570997834890 timed out. Retrying.
2019-10-13 20:17:17,018 [Command processor thread] INFO  commandhandler.DeleteBlocksCommandHandler (DeleteBlocksCommandHandler.java:handle(106)) - Start to delete container blocks, TXIDs=[1(2)], numOfContainers=1, numOfBlocks=1
2019-10-13 20:17:17,019 [Command processor thread] INFO  commandhandler.DeleteBlocksCommandHandler (DeleteBlocksCommandHandler.java:handle(106)) - Start to delete container blocks, TXIDs=[1(0)], numOfContainers=1, numOfBlocks=1
2019-10-13 20:17:17,019 [Command processor thread] INFO  commandhandler.DeleteBlocksCommandHandler (DeleteBlocksCommandHandler.java:handle(106)) - Start to delete container blocks, TXIDs=[1(2)], numOfContainers=1, numOfBlocks=1
2019-10-13 20:17:17,019 [Command processor thread] INFO  commandhandler.DeleteBlocksCommandHandler (DeleteBlocksCommandHandler.java:handle(106)) - Start to delete container blocks, TXIDs=[1(4)], numOfContainers=1, numOfBlocks=1
2019-10-13 20:17:17,019 [Command processor thread] INFO  commandhandler.DeleteBlocksCommandHandler (DeleteBlocksCommandHandler.java:handle(106)) - Start to delete container blocks, TXIDs=[1(0)], numOfContainers=1, numOfBlocks=1
2019-10-13 20:17:17,056 [Thread-556] INFO  client.GrpcClientProtocolService (GrpcClientProtocolService.java:lambda$processClientRequest$0(278)) - Failed RaftClientRequest:client-8C69C1D6A99A->1d13c680-5537-46cb-94e2-eb83f4d4b3d3@group-FB92401AD5CF, cid=10, seq=0, Watch-ALL_COMMITTED(6), Message:<EMPTY>, reply=RaftClientReply:client-8C69C1D6A99A->1d13c680-5537-46cb-94e2-eb83f4d4b3d3@group-FB92401AD5CF, cid=10, FAILED org.apache.ratis.protocol.NotReplicatedException: Request with call Id 10 and log index 6 is not yet replicated to ALL_COMMITTED, logIndex=6, commits[1d13c680-5537-46cb-94e2-eb83f4d4b3d3:c10, b1e61060-76d7-4fe3-930c-321a9145abdb:c4, d7b6d0b0-5bea-41cc-bfbb-05e0db699ec7:c10]
2019-10-13 20:17:17,268 [BlockDeletingService#2] WARN  background.BlockDeletingService (BlockDeletingService.java:isDeletionAllowed(187)) - Close Container log Index 6 is not replicated across allthe servers in the pipeline d3b06565-bf46-4447-bfd8-fb92401ad5cf as the min replicated index is 4. Deletion is not allowed in this container yet.
2019-10-13 20:17:17,269 [BlockDeletingService#2] WARN  background.BlockDeletingService (BlockDeletingService.java:isDeletionAllowed(187)) - Close Container log Index 6 is not replicated across allthe servers in the pipeline d3b06565-bf46-4447-bfd8-fb92401ad5cf as the min replicated index is 4. Deletion is not allowed in this container yet.
2019-10-13 20:17:17,602 [grpc-default-executor-1] WARN  server.GrpcLogAppender (LogUtils.java:warn(134)) - 1d13c680-5537-46cb-94e2-eb83f4d4b3d3@group-FB92401AD5CF->b1e61060-76d7-4fe3-930c-321a9145abdb-AppendLogResponseHandler: Failed appendEntries: org.apache.ratis.thirdparty.io.grpc.StatusRuntimeException: UNAVAILABLE: io exception
2019-10-13 20:17:17,602 [grpc-default-executor-1] INFO  impl.FollowerInfo (FollowerInfo.java:lambda$new$0(51)) - 1d13c680-5537-46cb-94e2-eb83f4d4b3d3@group-FB92401AD5CF->b1e61060-76d7-4fe3-930c-321a9145abdb: nextIndex: updateUnconditionally 0 -> 0
2019-10-13 20:17:17,890 [pool-7-thread-1] INFO  commands.RetriableDatanodeEventWatcher (RetriableDatanodeEventWatcher.java:onTimeout(47)) - RetriableDatanodeCommand type=deleteBlocksCommand with id=1570997834892 timed out. Retrying.
2019-10-13 20:17:17,891 [pool-7-thread-2] INFO  commands.RetriableDatanodeEventWatcher (RetriableDatanodeEventWatcher.java:onTimeout(47)) - RetriableDatanodeCommand type=deleteBlocksCommand with id=1570997834894 timed out. Retrying.
2019-10-13 20:17:17,892 [pool-7-thread-2] INFO  commands.RetriableDatanodeEventWatcher (RetriableDatanodeEventWatcher.java:onTimeout(47)) - RetriableDatanodeCommand type=deleteBlocksCommand with id=1570997834890 timed out. Retrying.
2019-10-13 20:17:18,226 [Datanode State Machine Thread - 0] INFO  ozoneimpl.OzoneContainer (OzoneContainer.java:start(213)) - Attempting to start container services.
2019-10-13 20:17:18,226 [Datanode State Machine Thread - 0] INFO  ozoneimpl.OzoneContainer (OzoneContainer.java:startContainerScrub(177)) - Background container scanner has been disabled.
2019-10-13 20:17:18,227 [Datanode State Machine Thread - 0] INFO  ratis.XceiverServerRatis (XceiverServerRatis.java:start(418)) - Starting XceiverServerRatis b1e61060-76d7-4fe3-930c-321a9145abdb at port 33129
2019-10-13 20:17:18,270 [BlockDeletingService#2] WARN  background.BlockDeletingService (BlockDeletingService.java:isDeletionAllowed(187)) - Close Container log Index 6 is not replicated across allthe servers in the pipeline d3b06565-bf46-4447-bfd8-fb92401ad5cf as the min replicated index is 4. Deletion is not allowed in this container yet.
2019-10-13 20:17:18,272 [BlockDeletingService#2] WARN  background.BlockDeletingService (BlockDeletingService.java:isDeletionAllowed(187)) - Close Container log Index 6 is not replicated across allthe servers in the pipeline d3b06565-bf46-4447-bfd8-fb92401ad5cf as the min replicated index is 4. Deletion is not allowed in this container yet.
2019-10-13 20:17:18,422 [SCMBlockDeletingService#1] INFO  block.SCMBlockDeletingService (SCMBlockDeletingService.java:call(184)) - Totally added 1 delete blocks command for 1 datanodes, task elapsed time: 531ms
2019-10-13 20:17:18,891 [pool-7-thread-2] INFO  commands.RetriableDatanodeEventWatcher (RetriableDatanodeEventWatcher.java:onTimeout(47)) - RetriableDatanodeCommand type=deleteBlocksCommand with id=1570997834892 timed out. Retrying.
2019-10-13 20:17:18,892 [pool-7-thread-3] INFO  commands.RetriableDatanodeEventWatcher (RetriableDatanodeEventWatcher.java:onTimeout(47)) - RetriableDatanodeCommand type=deleteBlocksCommand with id=1570997834894 timed out. Retrying.
2019-10-13 20:17:18,893 [pool-7-thread-1] INFO  commands.RetriableDatanodeEventWatcher (RetriableDatanodeEventWatcher.java:onTimeout(47)) - RetriableDatanodeCommand type=deleteBlocksCommand with id=1570997834895 timed out. Retrying.
2019-10-13 20:17:18,893 [pool-7-thread-2] INFO  commands.RetriableDatanodeEventWatcher (RetriableDatanodeEventWatcher.java:onTimeout(47)) - RetriableDatanodeCommand type=deleteBlocksCommand with id=1570997834890 timed out. Retrying.
2019-10-13 20:17:19,272 [BlockDeletingService#2] WARN  background.BlockDeletingService (BlockDeletingService.java:isDeletionAllowed(187)) - Close Container log Index 6 is not replicated across allthe servers in the pipeline d3b06565-bf46-4447-bfd8-fb92401ad5cf as the min replicated index is 4. Deletion is not allowed in this container yet.
2019-10-13 20:17:19,272 [BlockDeletingService#2] WARN  background.BlockDeletingService (BlockDeletingService.java:isDeletionAllowed(187)) - Close Container log Index 6 is not replicated across allthe servers in the pipeline d3b06565-bf46-4447-bfd8-fb92401ad5cf as the min replicated index is 4. Deletion is not allowed in this container yet.
2019-10-13 20:17:19,424 [SCMBlockDeletingService#1] INFO  block.SCMBlockDeletingService (SCMBlockDeletingService.java:call(184)) - Totally added 1 delete blocks command for 1 datanodes, task elapsed time: 1ms
2019-10-13 20:17:19,893 [pool-7-thread-2] INFO  commands.RetriableDatanodeEventWatcher (RetriableDatanodeEventWatcher.java:onTimeout(47)) - RetriableDatanodeCommand type=deleteBlocksCommand with id=1570997834890 timed out. Retrying.
2019-10-13 20:17:19,894 [pool-7-thread-1] INFO  commands.RetriableDatanodeEventWatcher (RetriableDatanodeEventWatcher.java:onTimeout(47)) - RetriableDatanodeCommand type=deleteBlocksCommand with id=1570997834892 timed out. Retrying.
2019-10-13 20:17:19,894 [pool-7-thread-3] INFO  commands.RetriableDatanodeEventWatcher (RetriableDatanodeEventWatcher.java:onTimeout(47)) - RetriableDatanodeCommand type=deleteBlocksCommand with id=1570997834895 timed out. Retrying.
2019-10-13 20:17:19,894 [pool-7-thread-4] INFO  commands.RetriableDatanodeEventWatcher (RetriableDatanodeEventWatcher.java:onTimeout(47)) - RetriableDatanodeCommand type=deleteBlocksCommand with id=1570997834894 timed out. Retrying.
2019-10-13 20:17:20,101 [grpc-default-executor-3] WARN  server.GrpcLogAppender (LogUtils.java:warn(134)) - 1d13c680-5537-46cb-94e2-eb83f4d4b3d3@group-FB92401AD5CF->b1e61060-76d7-4fe3-930c-321a9145abdb-AppendLogResponseHandler: Failed appendEntries: org.apache.ratis.thirdparty.io.grpc.StatusRuntimeException: UNAVAILABLE: io exception
2019-10-13 20:17:20,101 [grpc-default-executor-3] INFO  impl.FollowerInfo (FollowerInfo.java:lambda$new$0(51)) - 1d13c680-5537-46cb-94e2-eb83f4d4b3d3@group-FB92401AD5CF->b1e61060-76d7-4fe3-930c-321a9145abdb: nextIndex: updateUnconditionally 0 -> 0
2019-10-13 20:17:20,273 [BlockDeletingService#2] WARN  background.BlockDeletingService (BlockDeletingService.java:isDeletionAllowed(187)) - Close Container log Index 6 is not replicated across allthe servers in the pipeline d3b06565-bf46-4447-bfd8-fb92401ad5cf as the min replicated index is 4. Deletion is not allowed in this container yet.
2019-10-13 20:17:20,273 [BlockDeletingService#2] WARN  background.BlockDeletingService (BlockDeletingService.java:isDeletionAllowed(187)) - Close Container log Index 6 is not replicated across allthe servers in the pipeline d3b06565-bf46-4447-bfd8-fb92401ad5cf as the min replicated index is 4. Deletion is not allowed in this container yet.
2019-10-13 20:17:20,424 [pool-7-thread-4] INFO  commands.RetriableDatanodeEventWatcher (RetriableDatanodeEventWatcher.java:onTimeout(47)) - RetriableDatanodeCommand type=deleteBlocksCommand with id=1570997834896 timed out. Retrying.
2019-10-13 20:17:20,425 [SCMBlockDeletingService#1] INFO  block.SCMBlockDeletingService (SCMBlockDeletingService.java:call(184)) - Totally added 1 delete blocks command for 1 datanodes, task elapsed time: 0ms
2019-10-13 20:17:20,895 [pool-7-thread-4] INFO  commands.RetriableDatanodeEventWatcher (RetriableDatanodeEventWatcher.java:onTimeout(47)) - RetriableDatanodeCommand type=deleteBlocksCommand with id=1570997834890 timed out. Retrying.
2019-10-13 20:17:20,895 [pool-7-thread-3] INFO  commands.RetriableDatanodeEventWatcher (RetriableDatanodeEventWatcher.java:onTimeout(47)) - RetriableDatanodeCommand type=deleteBlocksCommand with id=1570997834892 timed out. Retrying.
2019-10-13 20:17:20,895 [pool-7-thread-1] INFO  commands.RetriableDatanodeEventWatcher (RetriableDatanodeEventWatcher.java:onTimeout(47)) - RetriableDatanodeCommand type=deleteBlocksCommand with id=1570997834895 timed out. Retrying.
2019-10-13 20:17:20,896 [pool-7-thread-2] INFO  commands.RetriableDatanodeEventWatcher (RetriableDatanodeEventWatcher.java:onTimeout(47)) - RetriableDatanodeCommand type=deleteBlocksCommand with id=1570997834894 timed out. Retrying.
2019-10-13 20:17:21,274 [BlockDeletingService#2] WARN  background.BlockDeletingService (BlockDeletingService.java:isDeletionAllowed(187)) - Close Container log Index 6 is not replicated across allthe servers in the pipeline d3b06565-bf46-4447-bfd8-fb92401ad5cf as the min replicated index is 4. Deletion is not allowed in this container yet.
2019-10-13 20:17:21,275 [BlockDeletingService#2] WARN  background.BlockDeletingService (BlockDeletingService.java:isDeletionAllowed(187)) - Close Container log Index 6 is not replicated across allthe servers in the pipeline d3b06565-bf46-4447-bfd8-fb92401ad5cf as the min replicated index is 4. Deletion is not allowed in this container yet.
2019-10-13 20:17:21,424 [pool-7-thread-2] INFO  commands.RetriableDatanodeEventWatcher (RetriableDatanodeEventWatcher.java:onTimeout(47)) - RetriableDatanodeCommand type=deleteBlocksCommand with id=1570997834897 timed out. Retrying.
2019-10-13 20:17:21,424 [pool-7-thread-1] INFO  commands.RetriableDatanodeEventWatcher (RetriableDatanodeEventWatcher.java:onTimeout(47)) - RetriableDatanodeCommand type=deleteBlocksCommand with id=1570997834896 timed out. Retrying.
2019-10-13 20:17:21,426 [SCMBlockDeletingService#1] INFO  block.SCMBlockDeletingService (SCMBlockDeletingService.java:call(184)) - Totally added 1 delete blocks command for 1 datanodes, task elapsed time: 0ms
2019-10-13 20:17:21,896 [pool-7-thread-1] INFO  commands.RetriableDatanodeEventWatcher (RetriableDatanodeEventWatcher.java:onTimeout(47)) - RetriableDatanodeCommand type=deleteBlocksCommand with id=1570997834890 timed out. Retrying.
2019-10-13 20:17:21,896 [pool-7-thread-4] INFO  commands.RetriableDatanodeEventWatcher (RetriableDatanodeEventWatcher.java:onTimeout(47)) - RetriableDatanodeCommand type=deleteBlocksCommand with id=1570997834894 timed out. Retrying.
2019-10-13 20:17:21,896 [pool-7-thread-2] INFO  commands.RetriableDatanodeEventWatcher (RetriableDatanodeEventWatcher.java:onTimeout(47)) - RetriableDatanodeCommand type=deleteBlocksCommand with id=1570997834892 timed out. Retrying.
2019-10-13 20:17:21,897 [pool-7-thread-3] INFO  commands.RetriableDatanodeEventWatcher (RetriableDatanodeEventWatcher.java:onTimeout(47)) - RetriableDatanodeCommand type=deleteBlocksCommand with id=1570997834895 timed out. Retrying.
2019-10-13 20:17:22,276 [BlockDeletingService#2] WARN  background.BlockDeletingService (BlockDeletingService.java:isDeletionAllowed(187)) - Close Container log Index 6 is not replicated across allthe servers in the pipeline d3b06565-bf46-4447-bfd8-fb92401ad5cf as the min replicated index is 4. Deletion is not allowed in this container yet.
2019-10-13 20:17:22,276 [BlockDeletingService#2] WARN  background.BlockDeletingService (BlockDeletingService.java:isDeletionAllowed(187)) - Close Container log Index 6 is not replicated across allthe servers in the pipeline d3b06565-bf46-4447-bfd8-fb92401ad5cf as the min replicated index is 4. Deletion is not allowed in this container yet.
2019-10-13 20:17:22,425 [pool-7-thread-3] INFO  commands.RetriableDatanodeEventWatcher (RetriableDatanodeEventWatcher.java:onTimeout(47)) - RetriableDatanodeCommand type=deleteBlocksCommand with id=1570997834897 timed out. Retrying.
2019-10-13 20:17:22,425 [pool-7-thread-2] INFO  commands.RetriableDatanodeEventWatcher (RetriableDatanodeEventWatcher.java:onTimeout(47)) - RetriableDatanodeCommand type=deleteBlocksCommand with id=1570997834896 timed out. Retrying.
2019-10-13 20:17:22,426 [pool-7-thread-4] INFO  commands.RetriableDatanodeEventWatcher (RetriableDatanodeEventWatcher.java:onTimeout(47)) - RetriableDatanodeCommand type=deleteBlocksCommand with id=1570997834898 timed out. Retrying.
2019-10-13 20:17:22,427 [SCMBlockDeletingService#1] INFO  block.SCMBlockDeletingService (SCMBlockDeletingService.java:call(184)) - Totally added 1 delete blocks command for 1 datanodes, task elapsed time: 0ms
2019-10-13 20:17:22,602 [grpc-default-executor-3] WARN  server.GrpcLogAppender (LogUtils.java:warn(134)) - 1d13c680-5537-46cb-94e2-eb83f4d4b3d3@group-FB92401AD5CF->b1e61060-76d7-4fe3-930c-321a9145abdb-AppendLogResponseHandler: Failed appendEntries: org.apache.ratis.thirdparty.io.grpc.StatusRuntimeException: UNAVAILABLE: io exception
2019-10-13 20:17:22,602 [grpc-default-executor-3] INFO  impl.FollowerInfo (FollowerInfo.java:lambda$new$0(51)) - 1d13c680-5537-46cb-94e2-eb83f4d4b3d3@group-FB92401AD5CF->b1e61060-76d7-4fe3-930c-321a9145abdb: nextIndex: updateUnconditionally 0 -> 0
2019-10-13 20:17:22,898 [pool-7-thread-2] INFO  commands.RetriableDatanodeEventWatcher (RetriableDatanodeEventWatcher.java:onTimeout(47)) - RetriableDatanodeCommand type=deleteBlocksCommand with id=1570997834892 timed out. Retrying.
2019-10-13 20:17:22,898 [pool-7-thread-1] INFO  commands.RetriableDatanodeEventWatcher (RetriableDatanodeEventWatcher.java:onTimeout(47)) - RetriableDatanodeCommand type=deleteBlocksCommand with id=1570997834894 timed out. Retrying.
2019-10-13 20:17:22,899 [pool-7-thread-4] INFO  commands.RetriableDatanodeEventWatcher (RetriableDatanodeEventWatcher.java:onTimeout(47)) - RetriableDatanodeCommand type=deleteBlocksCommand with id=1570997834890 timed out. Retrying.
2019-10-13 20:17:22,899 [pool-7-thread-3] INFO  commands.RetriableDatanodeEventWatcher (RetriableDatanodeEventWatcher.java:onTimeout(47)) - RetriableDatanodeCommand type=deleteBlocksCommand with id=1570997834895 timed out. Retrying.
2019-10-13 20:17:23,278 [BlockDeletingService#2] WARN  background.BlockDeletingService (BlockDeletingService.java:isDeletionAllowed(187)) - Close Container log Index 6 is not replicated across allthe servers in the pipeline d3b06565-bf46-4447-bfd8-fb92401ad5cf as the min replicated index is 4. Deletion is not allowed in this container yet.
2019-10-13 20:17:23,278 [BlockDeletingService#2] WARN  background.BlockDeletingService (BlockDeletingService.java:isDeletionAllowed(187)) - Close Container log Index 6 is not replicated across allthe servers in the pipeline d3b06565-bf46-4447-bfd8-fb92401ad5cf as the min replicated index is 4. Deletion is not allowed in this container yet.
2019-10-13 20:17:23,427 [pool-7-thread-3] INFO  commands.RetriableDatanodeEventWatcher (RetriableDatanodeEventWatcher.java:onTimeout(47)) - RetriableDatanodeCommand type=deleteBlocksCommand with id=1570997834897 timed out. Retrying.
2019-10-13 20:17:23,427 [pool-7-thread-2] INFO  commands.RetriableDatanodeEventWatcher (RetriableDatanodeEventWatcher.java:onTimeout(47)) - RetriableDatanodeCommand type=deleteBlocksCommand with id=1570997834898 timed out. Retrying.
2019-10-13 20:17:23,428 [pool-7-thread-4] INFO  commands.RetriableDatanodeEventWatcher (RetriableDatanodeEventWatcher.java:onTimeout(47)) - RetriableDatanodeCommand type=deleteBlocksCommand with id=1570997834896 timed out. Retrying.
2019-10-13 20:17:23,428 [pool-7-thread-1] INFO  commands.RetriableDatanodeEventWatcher (RetriableDatanodeEventWatcher.java:onTimeout(47)) - RetriableDatanodeCommand type=deleteBlocksCommand with id=1570997834899 timed out. Retrying.
2019-10-13 20:17:23,428 [SCMBlockDeletingService#1] INFO  block.SCMBlockDeletingService (SCMBlockDeletingService.java:call(184)) - Totally added 1 delete blocks command for 1 datanodes, task elapsed time: 1ms
2019-10-13 20:17:23,900 [pool-7-thread-1] INFO  commands.RetriableDatanodeEventWatcher (RetriableDatanodeEventWatcher.java:onTimeout(47)) - RetriableDatanodeCommand type=deleteBlocksCommand with id=1570997834890 timed out. Retrying.
2019-10-13 20:17:23,901 [pool-7-thread-2] INFO  commands.RetriableDatanodeEventWatcher (RetriableDatanodeEventWatcher.java:onTimeout(47)) - RetriableDatanodeCommand type=deleteBlocksCommand with id=1570997834895 timed out. Retrying.
2019-10-13 20:17:23,901 [pool-7-thread-3] INFO  commands.RetriableDatanodeEventWatcher (RetriableDatanodeEventWatcher.java:onTimeout(47)) - RetriableDatanodeCommand type=deleteBlocksCommand with id=1570997834894 timed out. Retrying.
2019-10-13 20:17:23,901 [pool-7-thread-4] INFO  commands.RetriableDatanodeEventWatcher (RetriableDatanodeEventWatcher.java:onTimeout(47)) - RetriableDatanodeCommand type=deleteBlocksCommand with id=1570997834892 timed out. Retrying.
2019-10-13 20:17:24,202 [Thread-576] INFO  client.GrpcClientProtocolService (GrpcClientProtocolService.java:lambda$processClientRequest$0(278)) - Failed RaftClientRequest:client-8C69C1D6A99A->d7b6d0b0-5bea-41cc-bfbb-05e0db699ec7@group-FB92401AD5CF, cid=10, seq=0, Watch-ALL_COMMITTED(6), Message:<EMPTY>, reply=RaftClientReply:client-8C69C1D6A99A->d7b6d0b0-5bea-41cc-bfbb-05e0db699ec7@group-FB92401AD5CF, cid=10, FAILED org.apache.ratis.protocol.NotLeaderException: Server d7b6d0b0-5bea-41cc-bfbb-05e0db699ec7@group-FB92401AD5CF is not the leader 1d13c680-5537-46cb-94e2-eb83f4d4b3d3:192.168.151.93:46245, logIndex=0, commits[d7b6d0b0-5bea-41cc-bfbb-05e0db699ec7:c10, b1e61060-76d7-4fe3-930c-321a9145abdb:c4, 1d13c680-5537-46cb-94e2-eb83f4d4b3d3:c10]
2019-10-13 20:17:24,280 [BlockDeletingService#2] WARN  background.BlockDeletingService (BlockDeletingService.java:isDeletionAllowed(187)) - Close Container log Index 6 is not replicated across allthe servers in the pipeline d3b06565-bf46-4447-bfd8-fb92401ad5cf as the min replicated index is 4. Deletion is not allowed in this container yet.
2019-10-13 20:17:24,280 [BlockDeletingService#2] WARN  background.BlockDeletingService (BlockDeletingService.java:isDeletionAllowed(187)) - Close Container log Index 6 is not replicated across allthe servers in the pipeline d3b06565-bf46-4447-bfd8-fb92401ad5cf as the min replicated index is 4. Deletion is not allowed in this container yet.
2019-10-13 20:17:24,428 [pool-7-thread-4] INFO  commands.RetriableDatanodeEventWatcher (RetriableDatanodeEventWatcher.java:onTimeout(47)) - RetriableDatanodeCommand type=deleteBlocksCommand with id=1570997834897 timed out. Retrying.
2019-10-13 20:17:24,429 [pool-7-thread-2] INFO  commands.RetriableDatanodeEventWatcher (RetriableDatanodeEventWatcher.java:onTimeout(47)) - RetriableDatanodeCommand type=deleteBlocksCommand with id=1570997834899 timed out. Retrying.
2019-10-13 20:17:24,429 [pool-7-thread-1] INFO  commands.RetriableDatanodeEventWatcher (RetriableDatanodeEventWatcher.java:onTimeout(47)) - RetriableDatanodeCommand type=deleteBlocksCommand with id=1570997834898 timed out. Retrying.
2019-10-13 20:17:24,429 [pool-7-thread-3] INFO  commands.RetriableDatanodeEventWatcher (RetriableDatanodeEventWatcher.java:onTimeout(47)) - RetriableDatanodeCommand type=deleteBlocksCommand with id=1570997834896 timed out. Retrying.
2019-10-13 20:17:24,429 [pool-7-thread-5] INFO  commands.RetriableDatanodeEventWatcher (RetriableDatanodeEventWatcher.java:onTimeout(47)) - RetriableDatanodeCommand type=deleteBlocksCommand with id=1570997834900 timed out. Retrying.
2019-10-13 20:17:24,430 [SCMBlockDeletingService#1] INFO  block.SCMBlockDeletingService (SCMBlockDeletingService.java:call(184)) - Totally added 1 delete blocks command for 1 datanodes, task elapsed time: 1ms
2019-10-13 20:17:24,902 [pool-7-thread-5] INFO  commands.RetriableDatanodeEventWatcher (RetriableDatanodeEventWatcher.java:onTimeout(47)) - RetriableDatanodeCommand type=deleteBlocksCommand with id=1570997834890 timed out. Retrying.
2019-10-13 20:17:24,902 [pool-7-thread-5] INFO  commands.RetriableDatanodeEventWatcher (RetriableDatanodeEventWatcher.java:onTimeout(47)) - RetriableDatanodeCommand type=deleteBlocksCommand with id=1570997834892 timed out. Retrying.
2019-10-13 20:17:24,902 [pool-7-thread-3] INFO  commands.RetriableDatanodeEventWatcher (RetriableDatanodeEventWatcher.java:onTimeout(47)) - RetriableDatanodeCommand type=deleteBlocksCommand with id=1570997834895 timed out. Retrying.
2019-10-13 20:17:24,903 [pool-7-thread-1] INFO  commands.RetriableDatanodeEventWatcher (RetriableDatanodeEventWatcher.java:onTimeout(47)) - RetriableDatanodeCommand type=deleteBlocksCommand with id=1570997834894 timed out. Retrying.
2019-10-13 20:17:25,105 [grpc-default-executor-1] WARN  server.GrpcLogAppender (LogUtils.java:warn(134)) - 1d13c680-5537-46cb-94e2-eb83f4d4b3d3@group-FB92401AD5CF->b1e61060-76d7-4fe3-930c-321a9145abdb-AppendLogResponseHandler: Failed appendEntries: org.apache.ratis.thirdparty.io.grpc.StatusRuntimeException: UNAVAILABLE: io exception
2019-10-13 20:17:25,106 [grpc-default-executor-1] INFO  impl.FollowerInfo (FollowerInfo.java:lambda$new$0(51)) - 1d13c680-5537-46cb-94e2-eb83f4d4b3d3@group-FB92401AD5CF->b1e61060-76d7-4fe3-930c-321a9145abdb: nextIndex: updateUnconditionally 0 -> 0
2019-10-13 20:17:25,281 [BlockDeletingService#2] WARN  background.BlockDeletingService (BlockDeletingService.java:isDeletionAllowed(187)) - Close Container log Index 6 is not replicated across allthe servers in the pipeline d3b06565-bf46-4447-bfd8-fb92401ad5cf as the min replicated index is 4. Deletion is not allowed in this container yet.
2019-10-13 20:17:25,283 [BlockDeletingService#2] WARN  background.BlockDeletingService (BlockDeletingService.java:isDeletionAllowed(187)) - Close Container log Index 6 is not replicated across allthe servers in the pipeline d3b06565-bf46-4447-bfd8-fb92401ad5cf as the min replicated index is 4. Deletion is not allowed in this container yet.
2019-10-13 20:17:25,429 [pool-7-thread-3] INFO  commands.RetriableDatanodeEventWatcher (RetriableDatanodeEventWatcher.java:onTimeout(47)) - RetriableDatanodeCommand type=deleteBlocksCommand with id=1570997834896 timed out. Retrying.
2019-10-13 20:17:25,430 [pool-7-thread-6] INFO  commands.RetriableDatanodeEventWatcher (RetriableDatanodeEventWatcher.java:onTimeout(47)) - RetriableDatanodeCommand type=deleteBlocksCommand with id=1570997834900 timed out. Retrying.
2019-10-13 20:17:25,430 [pool-7-thread-4] INFO  commands.RetriableDatanodeEventWatcher (RetriableDatanodeEventWatcher.java:onTimeout(47)) - RetriableDatanodeCommand type=deleteBlocksCommand with id=1570997834901 timed out. Retrying.
2019-10-13 20:17:25,430 [pool-7-thread-2] INFO  commands.RetriableDatanodeEventWatcher (RetriableDatanodeEventWatcher.java:onTimeout(47)) - RetriableDatanodeCommand type=deleteBlocksCommand with id=1570997834898 timed out. Retrying.
2019-10-13 20:17:25,431 [SCMBlockDeletingService#1] INFO  block.SCMBlockDeletingService (SCMBlockDeletingService.java:call(184)) - Totally added 1 delete blocks command for 1 datanodes, task elapsed time: 0ms
2019-10-13 20:17:25,434 [pool-7-thread-5] INFO  commands.RetriableDatanodeEventWatcher (RetriableDatanodeEventWatcher.java:onTimeout(47)) - RetriableDatanodeCommand type=deleteBlocksCommand with id=1570997834899 timed out. Retrying.
2019-10-13 20:17:25,434 [pool-7-thread-1] INFO  commands.RetriableDatanodeEventWatcher (RetriableDatanodeEventWatcher.java:onTimeout(47)) - RetriableDatanodeCommand type=deleteBlocksCommand with id=1570997834897 timed out. Retrying.
2019-10-13 20:17:25,902 [pool-7-thread-1] INFO  commands.RetriableDatanodeEventWatcher (RetriableDatanodeEventWatcher.java:onTimeout(47)) - RetriableDatanodeCommand type=deleteBlocksCommand with id=1570997834890 timed out. Retrying.
2019-10-13 20:17:25,903 [pool-7-thread-5] INFO  commands.RetriableDatanodeEventWatcher (RetriableDatanodeEventWatcher.java:onTimeout(47)) - RetriableDatanodeCommand type=deleteBlocksCommand with id=1570997834892 timed out. Retrying.
2019-10-13 20:17:25,903 [pool-7-thread-2] INFO  commands.RetriableDatanodeEventWatcher (RetriableDatanodeEventWatcher.java:onTimeout(47)) - RetriableDatanodeCommand type=deleteBlocksCommand with id=1570997834895 timed out. Retrying.
2019-10-13 20:17:25,904 [pool-7-thread-1] INFO  commands.RetriableDatanodeEventWatcher (RetriableDatanodeEventWatcher.java:onTimeout(47)) - RetriableDatanodeCommand type=deleteBlocksCommand with id=1570997834894 timed out. Retrying.
2019-10-13 20:17:26,056 [Thread-584] INFO  client.GrpcClientProtocolService (GrpcClientProtocolService.java:lambda$processClientRequest$0(278)) - Failed RaftClientRequest:client-8C69C1D6A99A->1d13c680-5537-46cb-94e2-eb83f4d4b3d3@group-FB92401AD5CF, cid=10, seq=0, Watch-ALL_COMMITTED(6), Message:<EMPTY>, reply=RaftClientReply:client-8C69C1D6A99A->1d13c680-5537-46cb-94e2-eb83f4d4b3d3@group-FB92401AD5CF, cid=10, FAILED org.apache.ratis.protocol.NotReplicatedException: Request with call Id 10 and log index 6 is not yet replicated to ALL_COMMITTED, logIndex=6, commits[1d13c680-5537-46cb-94e2-eb83f4d4b3d3:c10, b1e61060-76d7-4fe3-930c-321a9145abdb:c4, d7b6d0b0-5bea-41cc-bfbb-05e0db699ec7:c10]
]]></system-out>
    <system-err><![CDATA[ERROR StatusLogger No Log4j 2 configuration file found. Using default configuration (logging only errors to the console), or user programmatically provided configurations. Set system property 'log4j2.debug' to show Log4j 2 internal initialization logging. See https://logging.apache.org/log4j/2.x/manual/configuration.html for instructions on how to configure Log4j 2
Oct 13, 2019 8:15:39 PM org.apache.ratis.thirdparty.io.grpc.internal.SerializingExecutor run
SEVERE: Exception while executing runnable org.apache.ratis.thirdparty.io.grpc.internal.ServerImpl$JumpToApplicationThreadServerStreamListener$1Closed@68137754
org.apache.ratis.thirdparty.io.grpc.StatusRuntimeException: CANCELLED: call already cancelled
	at org.apache.ratis.thirdparty.io.grpc.Status.asRuntimeException(Status.java:517)
	at org.apache.ratis.thirdparty.io.grpc.stub.ServerCalls$ServerCallStreamObserverImpl.onCompleted(ServerCalls.java:356)
	at org.apache.ratis.grpc.server.GrpcServerProtocolService$ServerRequestStreamObserver.onError(GrpcServerProtocolService.java:121)
	at org.apache.ratis.thirdparty.io.grpc.stub.ServerCalls$StreamingServerCallHandler$StreamingServerCallListener.onCancel(ServerCalls.java:269)
	at org.apache.ratis.thirdparty.io.grpc.internal.ServerCallImpl$ServerStreamListenerImpl.closed(ServerCallImpl.java:293)
	at org.apache.ratis.thirdparty.io.grpc.internal.ServerImpl$JumpToApplicationThreadServerStreamListener$1Closed.runInContext(ServerImpl.java:741)
	at org.apache.ratis.thirdparty.io.grpc.internal.ContextRunnable.run(ContextRunnable.java:37)
	at org.apache.ratis.thirdparty.io.grpc.internal.SerializingExecutor.run(SerializingExecutor.java:123)
	at java.util.concurrent.ThreadPoolExecutor.runWorker(ThreadPoolExecutor.java:1149)
	at java.util.concurrent.ThreadPoolExecutor$Worker.run(ThreadPoolExecutor.java:624)
	at java.lang.Thread.run(Thread.java:748)

]]></system-err>
  </testcase>
</testsuite>