<?xml version="1.0" encoding="UTF-8"?>
<testsuite xmlns:xsi="http://www.w3.org/2001/XMLSchema-instance" xsi:noNamespaceSchemaLocation="https://maven.apache.org/surefire/maven-surefire-plugin/xsd/surefire-test-report.xsd" name="org.apache.hadoop.ozone.client.rpc.TestFailureHandlingByClient" time="275.635" tests="5" errors="1" skipped="0" failures="0">
  <properties>
    <property name="awt.toolkit" value="sun.awt.X11.XToolkit"/>
    <property name="file.encoding.pkg" value="sun.io"/>
    <property name="java.specification.version" value="1.8"/>
    <property name="sun.cpu.isalist" value=""/>
    <property name="sun.jnu.encoding" value="UTF-8"/>
    <property name="java.class.path" value="/workdir/hadoop-ozone/integration-test/target/test-classes:/workdir/hadoop-ozone/integration-test/target/classes:/home/user/.m2/repository/org/apache/hadoop/hadoop-ozone-common/0.5.0-SNAPSHOT/hadoop-ozone-common-0.5.0-SNAPSHOT.jar:/home/user/.m2/repository/org/apache/commons/commons-compress/1.4.1/commons-compress-1.4.1.jar:/home/user/.m2/repository/org/tukaani/xz/1.0/xz-1.0.jar:/home/user/.m2/repository/org/apache/hadoop/hadoop-common/3.2.0/hadoop-common-3.2.0.jar:/home/user/.m2/repository/org/apache/hadoop/hadoop-hdfs/3.2.0/hadoop-hdfs-3.2.0.jar:/home/user/.m2/repository/org/apache/hadoop/hadoop-hdfs-client/3.2.0/hadoop-hdfs-client-3.2.0.jar:/home/user/.m2/repository/com/fasterxml/jackson/core/jackson-annotations/2.9.9/jackson-annotations-2.9.9.jar:/home/user/.m2/repository/org/apache/hadoop/hadoop-hdds-common/0.5.0-SNAPSHOT/hadoop-hdds-common-0.5.0-SNAPSHOT.jar:/home/user/.m2/repository/javax/annotation/javax.annotation-api/1.2/javax.annotation-api-1.2.jar:/home/user/.m2/repository/org/apache/ratis/ratis-server/0.5.0-201fc85-SNAPSHOT/ratis-server-0.5.0-201fc85-SNAPSHOT.jar:/home/user/.m2/repository/org/apache/ratis/ratis-thirdparty-misc/0.2.0/ratis-thirdparty-misc-0.2.0.jar:/home/user/.m2/repository/org/apache/ratis/ratis-proto/0.5.0-201fc85-SNAPSHOT/ratis-proto-0.5.0-201fc85-SNAPSHOT.jar:/home/user/.m2/repository/org/apache/ratis/ratis-common/0.5.0-201fc85-SNAPSHOT/ratis-common-0.5.0-201fc85-SNAPSHOT.jar:/home/user/.m2/repository/org/apache/ratis/ratis-client/0.5.0-201fc85-SNAPSHOT/ratis-client-0.5.0-201fc85-SNAPSHOT.jar:/home/user/.m2/repository/org/apache/ratis/ratis-metrics/0.5.0-201fc85-SNAPSHOT/ratis-metrics-0.5.0-201fc85-SNAPSHOT.jar:/home/user/.m2/repository/com/github/joshelser/dropwizard-metrics-hadoop-metrics2-reporter/0.1.2/dropwizard-metrics-hadoop-metrics2-reporter-0.1.2.jar:/home/user/.m2/repository/io/dropwizard/metrics/metrics-jvm/3.2.5/metrics-jvm-3.2.5.jar:/home/user/.m2/repository/io/dropwizard/metrics/metrics-ganglia/3.2.5/metrics-ganglia-3.2.5.jar:/home/user/.m2/repository/info/ganglia/gmetric4j/gmetric4j/1.0.7/gmetric4j-1.0.7.jar:/home/user/.m2/repository/org/apache/ratis/ratis-netty/0.5.0-201fc85-SNAPSHOT/ratis-netty-0.5.0-201fc85-SNAPSHOT.jar:/home/user/.m2/repository/org/apache/ratis/ratis-grpc/0.5.0-201fc85-SNAPSHOT/ratis-grpc-0.5.0-201fc85-SNAPSHOT.jar:/home/user/.m2/repository/org/rocksdb/rocksdbjni/6.0.1/rocksdbjni-6.0.1.jar:/home/user/.m2/repository/org/apache/logging/log4j/log4j-api/2.11.0/log4j-api-2.11.0.jar:/home/user/.m2/repository/org/apache/logging/log4j/log4j-core/2.11.0/log4j-core-2.11.0.jar:/home/user/.m2/repository/com/lmax/disruptor/3.4.2/disruptor-3.4.2.jar:/home/user/.m2/repository/org/apache/commons/commons-pool2/2.6.0/commons-pool2-2.6.0.jar:/home/user/.m2/repository/org/bouncycastle/bcpkix-jdk15on/1.60/bcpkix-jdk15on-1.60.jar:/home/user/.m2/repository/commons-validator/commons-validator/1.6/commons-validator-1.6.jar:/home/user/.m2/repository/commons-digester/commons-digester/1.8.1/commons-digester-1.8.1.jar:/home/user/.m2/repository/io/jaegertracing/jaeger-client/0.34.0/jaeger-client-0.34.0.jar:/home/user/.m2/repository/io/jaegertracing/jaeger-thrift/0.34.0/jaeger-thrift-0.34.0.jar:/home/user/.m2/repository/org/apache/thrift/libthrift/0.12.0/libthrift-0.12.0.jar:/home/user/.m2/repository/com/squareup/okhttp3/okhttp/3.9.0/okhttp-3.9.0.jar:/home/user/.m2/repository/com/squareup/okio/okio/1.13.0/okio-1.13.0.jar:/home/user/.m2/repository/io/jaegertracing/jaeger-core/0.34.0/jaeger-core-0.34.0.jar:/home/user/.m2/repository/io/jaegertracing/jaeger-tracerresolver/0.34.0/jaeger-tracerresolver-0.34.0.jar:/home/user/.m2/repository/io/opentracing/contrib/opentracing-tracerresolver/0.1.5/opentracing-tracerresolver-0.1.5.jar:/home/user/.m2/repository/io/opentracing/opentracing-util/0.31.0/opentracing-util-0.31.0.jar:/home/user/.m2/repository/io/opentracing/opentracing-api/0.31.0/opentracing-api-0.31.0.jar:/home/user/.m2/repository/io/opentracing/opentracing-noop/0.31.0/opentracing-noop-0.31.0.jar:/home/user/.m2/repository/org/apache/hadoop/hadoop-hdds-server-framework/0.5.0-SNAPSHOT/hadoop-hdds-server-framework-0.5.0-SNAPSHOT.jar:/home/user/.m2/repository/org/apache/hadoop/hadoop-hdds-container-service/0.5.0-SNAPSHOT/hadoop-hdds-container-service-0.5.0-SNAPSHOT.jar:/home/user/.m2/repository/org/apache/hadoop/hadoop-hdds-client/0.5.0-SNAPSHOT/hadoop-hdds-client-0.5.0-SNAPSHOT.jar:/home/user/.m2/repository/org/apache/hadoop/hadoop-hdds-tools/0.5.0-SNAPSHOT/hadoop-hdds-tools-0.5.0-SNAPSHOT.jar:/home/user/.m2/repository/org/apache/hadoop/hadoop-hdds-server-scm/0.5.0-SNAPSHOT/hadoop-hdds-server-scm-0.5.0-SNAPSHOT.jar:/home/user/.m2/repository/org/apache/hadoop/hadoop-hdds-docs/0.5.0-SNAPSHOT/hadoop-hdds-docs-0.5.0-SNAPSHOT.jar:/home/user/.m2/repository/io/dropwizard/metrics/metrics-core/3.2.4/metrics-core-3.2.4.jar:/home/user/.m2/repository/org/hamcrest/hamcrest-all/1.3/hamcrest-all-1.3.jar:/home/user/.m2/repository/org/bouncycastle/bcprov-jdk15on/1.60/bcprov-jdk15on-1.60.jar:/home/user/.m2/repository/info/picocli/picocli/3.9.6/picocli-3.9.6.jar:/home/user/.m2/repository/com/google/protobuf/protobuf-java/2.5.0/protobuf-java-2.5.0.jar:/home/user/.m2/repository/com/google/guava/guava/11.0.2/guava-11.0.2.jar:/home/user/.m2/repository/org/apache/hadoop/hadoop-ozone-ozone-manager/0.5.0-SNAPSHOT/hadoop-ozone-ozone-manager-0.5.0-SNAPSHOT.jar:/home/user/.m2/repository/org/apache/hadoop/hadoop-minikdc/3.2.0/hadoop-minikdc-3.2.0.jar:/home/user/.m2/repository/commons-io/commons-io/2.5/commons-io-2.5.jar:/home/user/.m2/repository/org/apache/kerby/kerb-simplekdc/1.0.1/kerb-simplekdc-1.0.1.jar:/home/user/.m2/repository/org/apache/kerby/kerb-client/1.0.1/kerb-client-1.0.1.jar:/home/user/.m2/repository/org/apache/kerby/kerby-config/1.0.1/kerby-config-1.0.1.jar:/home/user/.m2/repository/org/apache/kerby/kerb-core/1.0.1/kerb-core-1.0.1.jar:/home/user/.m2/repository/org/apache/kerby/kerby-pkix/1.0.1/kerby-pkix-1.0.1.jar:/home/user/.m2/repository/org/apache/kerby/kerby-asn1/1.0.1/kerby-asn1-1.0.1.jar:/home/user/.m2/repository/org/apache/kerby/kerby-util/1.0.1/kerby-util-1.0.1.jar:/home/user/.m2/repository/org/apache/kerby/kerb-common/1.0.1/kerb-common-1.0.1.jar:/home/user/.m2/repository/org/apache/kerby/kerb-crypto/1.0.1/kerb-crypto-1.0.1.jar:/home/user/.m2/repository/org/apache/kerby/kerb-util/1.0.1/kerb-util-1.0.1.jar:/home/user/.m2/repository/org/apache/kerby/token-provider/1.0.1/token-provider-1.0.1.jar:/home/user/.m2/repository/org/apache/kerby/kerb-admin/1.0.1/kerb-admin-1.0.1.jar:/home/user/.m2/repository/org/apache/kerby/kerb-server/1.0.1/kerb-server-1.0.1.jar:/home/user/.m2/repository/org/apache/kerby/kerb-identity/1.0.1/kerb-identity-1.0.1.jar:/home/user/.m2/repository/org/apache/kerby/kerby-xdr/1.0.1/kerby-xdr-1.0.1.jar:/home/user/.m2/repository/org/slf4j/slf4j-log4j12/1.7.25/slf4j-log4j12-1.7.25.jar:/home/user/.m2/repository/org/apache/hadoop/hadoop-ozone-s3gateway/0.5.0-SNAPSHOT/hadoop-ozone-s3gateway-0.5.0-SNAPSHOT.jar:/home/user/.m2/repository/org/jboss/weld/servlet/weld-servlet/2.4.7.Final/weld-servlet-2.4.7.Final.jar:/home/user/.m2/repository/org/glassfish/jersey/containers/jersey-container-servlet-core/2.27/jersey-container-servlet-core-2.27.jar:/home/user/.m2/repository/org/glassfish/hk2/external/javax.inject/2.5.0-b42/javax.inject-2.5.0-b42.jar:/home/user/.m2/repository/org/glassfish/jersey/core/jersey-common/2.27/jersey-common-2.27.jar:/home/user/.m2/repository/org/glassfish/hk2/osgi-resource-locator/1.0.1/osgi-resource-locator-1.0.1.jar:/home/user/.m2/repository/javax/ws/rs/javax.ws.rs-api/2.1/javax.ws.rs-api-2.1.jar:/home/user/.m2/repository/org/glassfish/jersey/ext/cdi/jersey-cdi1x/2.27/jersey-cdi1x-2.27.jar:/home/user/.m2/repository/org/glassfish/jersey/inject/jersey-hk2/2.27/jersey-hk2-2.27.jar:/home/user/.m2/repository/org/glassfish/hk2/hk2-locator/2.5.0-b42/hk2-locator-2.5.0-b42.jar:/home/user/.m2/repository/org/javassist/javassist/3.22.0-CR2/javassist-3.22.0-CR2.jar:/home/user/.m2/repository/org/glassfish/hk2/hk2-api/2.5.0/hk2-api-2.5.0.jar:/home/user/.m2/repository/org/glassfish/hk2/external/jakarta.inject/2.5.0/jakarta.inject-2.5.0.jar:/home/user/.m2/repository/org/glassfish/hk2/hk2-utils/2.5.0/hk2-utils-2.5.0.jar:/home/user/.m2/repository/jakarta/annotation/jakarta.annotation-api/1.3.4/jakarta.annotation-api-1.3.4.jar:/home/user/.m2/repository/org/glassfish/hk2/external/aopalliance-repackaged/2.5.0/aopalliance-repackaged-2.5.0.jar:/home/user/.m2/repository/com/fasterxml/jackson/dataformat/jackson-dataformat-xml/2.9.0/jackson-dataformat-xml-2.9.0.jar:/home/user/.m2/repository/com/fasterxml/jackson/core/jackson-core/2.9.9/jackson-core-2.9.9.jar:/home/user/.m2/repository/com/fasterxml/jackson/module/jackson-module-jaxb-annotations/2.9.9/jackson-module-jaxb-annotations-2.9.9.jar:/home/user/.m2/repository/javax/enterprise/cdi-api/1.2/cdi-api-1.2.jar:/home/user/.m2/repository/javax/el/javax.el-api/3.0.0/javax.el-api-3.0.0.jar:/home/user/.m2/repository/javax/interceptor/javax.interceptor-api/1.2/javax.interceptor-api-1.2.jar:/home/user/.m2/repository/javax/inject/javax.inject/1/javax.inject-1.jar:/home/user/.m2/repository/com/sun/xml/bind/jaxb-impl/2.3.0.1/jaxb-impl-2.3.0.1.jar:/home/user/.m2/repository/com/sun/xml/bind/jaxb-core/2.3.0.1/jaxb-core-2.3.0.1.jar:/home/user/.m2/repository/javax/xml/bind/jaxb-api/2.3.0/jaxb-api-2.3.0.jar:/home/user/.m2/repository/javax/activation/activation/1.1.1/activation-1.1.1.jar:/home/user/.m2/repository/org/apache/hadoop/hadoop-ozone-csi/0.5.0-SNAPSHOT/hadoop-ozone-csi-0.5.0-SNAPSHOT.jar:/home/user/.m2/repository/com/google/protobuf/protobuf-java-util/3.5.1/protobuf-java-util-3.5.1.jar:/home/user/.m2/repository/org/apache/hadoop/hadoop-hdds-config/0.5.0-SNAPSHOT/hadoop-hdds-config-0.5.0-SNAPSHOT.jar:/home/user/.m2/repository/io/grpc/grpc-netty/1.17.1/grpc-netty-1.17.1.jar:/home/user/.m2/repository/io/grpc/grpc-core/1.17.1/grpc-core-1.17.1.jar:/home/user/.m2/repository/io/grpc/grpc-context/1.17.1/grpc-context-1.17.1.jar:/home/user/.m2/repository/com/google/errorprone/error_prone_annotations/2.2.0/error_prone_annotations-2.2.0.jar:/home/user/.m2/repository/org/codehaus/mojo/animal-sniffer-annotations/1.17/animal-sniffer-annotations-1.17.jar:/home/user/.m2/repository/io/opencensus/opencensus-api/0.17.0/opencensus-api-0.17.0.jar:/home/user/.m2/repository/io/opencensus/opencensus-contrib-grpc-metrics/0.17.0/opencensus-contrib-grpc-metrics-0.17.0.jar:/home/user/.m2/repository/io/netty/netty-codec-http2/4.1.30.Final/netty-codec-http2-4.1.30.Final.jar:/home/user/.m2/repository/io/netty/netty-codec-http/4.1.30.Final/netty-codec-http-4.1.30.Final.jar:/home/user/.m2/repository/io/netty/netty-codec/4.1.30.Final/netty-codec-4.1.30.Final.jar:/home/user/.m2/repository/io/netty/netty-handler/4.1.30.Final/netty-handler-4.1.30.Final.jar:/home/user/.m2/repository/io/netty/netty-handler-proxy/4.1.30.Final/netty-handler-proxy-4.1.30.Final.jar:/home/user/.m2/repository/io/netty/netty-codec-socks/4.1.30.Final/netty-codec-socks-4.1.30.Final.jar:/home/user/.m2/repository/io/netty/netty-transport-native-epoll/4.1.30.Final/netty-transport-native-epoll-4.1.30.Final.jar:/home/user/.m2/repository/io/netty/netty-common/4.1.30.Final/netty-common-4.1.30.Final.jar:/home/user/.m2/repository/io/netty/netty-buffer/4.1.30.Final/netty-buffer-4.1.30.Final.jar:/home/user/.m2/repository/io/netty/netty-transport/4.1.30.Final/netty-transport-4.1.30.Final.jar:/home/user/.m2/repository/io/netty/netty-resolver/4.1.30.Final/netty-resolver-4.1.30.Final.jar:/home/user/.m2/repository/io/netty/netty-transport-native-unix-common/4.1.30.Final/netty-transport-native-unix-common-4.1.30.Final.jar:/home/user/.m2/repository/io/grpc/grpc-protobuf/1.17.1/grpc-protobuf-1.17.1.jar:/home/user/.m2/repository/com/google/api/grpc/proto-google-common-protos/1.0.0/proto-google-common-protos-1.0.0.jar:/home/user/.m2/repository/io/grpc/grpc-protobuf-lite/1.17.1/grpc-protobuf-lite-1.17.1.jar:/home/user/.m2/repository/io/grpc/grpc-stub/1.17.1/grpc-stub-1.17.1.jar:/home/user/.m2/repository/org/apache/hadoop/hadoop-ozone-recon/0.5.0-SNAPSHOT/hadoop-ozone-recon-0.5.0-SNAPSHOT.jar:/home/user/.m2/repository/org/apache/hadoop/hadoop-ozone-reconcodegen/0.5.0-SNAPSHOT/hadoop-ozone-reconcodegen-0.5.0-SNAPSHOT.jar:/home/user/.m2/repository/com/google/inject/extensions/guice-multibindings/4.0/guice-multibindings-4.0.jar:/home/user/.m2/repository/com/google/inject/guice/4.0/guice-4.0.jar:/home/user/.m2/repository/aopalliance/aopalliance/1.0/aopalliance-1.0.jar:/home/user/.m2/repository/com/google/inject/extensions/guice-servlet/4.0/guice-servlet-4.0.jar:/home/user/.m2/repository/org/glassfish/jersey/containers/jersey-container-servlet/2.27/jersey-container-servlet-2.27.jar:/home/user/.m2/repository/org/glassfish/hk2/guice-bridge/2.5.0/guice-bridge-2.5.0.jar:/home/user/.m2/repository/org/glassfish/jersey/core/jersey-server/2.27/jersey-server-2.27.jar:/home/user/.m2/repository/org/glassfish/jersey/core/jersey-client/2.27/jersey-client-2.27.jar:/home/user/.m2/repository/org/glassfish/jersey/media/jersey-media-jaxb/2.27/jersey-media-jaxb-2.27.jar:/home/user/.m2/repository/javax/validation/validation-api/1.1.0.Final/validation-api-1.1.0.Final.jar:/home/user/.m2/repository/org/glassfish/jersey/media/jersey-media-json-jackson/2.27/jersey-media-json-jackson-2.27.jar:/home/user/.m2/repository/org/glassfish/jersey/ext/jersey-entity-filtering/2.27/jersey-entity-filtering-2.27.jar:/home/user/.m2/repository/com/google/inject/extensions/guice-assistedinject/4.0/guice-assistedinject-4.0.jar:/home/user/.m2/repository/org/jooq/jooq/3.11.10/jooq-3.11.10.jar:/home/user/.m2/repository/org/jooq/jooq-meta/3.11.10/jooq-meta-3.11.10.jar:/home/user/.m2/repository/org/jooq/jooq-codegen/3.11.10/jooq-codegen-3.11.10.jar:/home/user/.m2/repository/com/jolbox/bonecp/0.8.0.RELEASE/bonecp-0.8.0.RELEASE.jar:/home/user/.m2/repository/org/xerial/sqlite-jdbc/3.25.2/sqlite-jdbc-3.25.2.jar:/home/user/.m2/repository/org/springframework/spring-jdbc/5.1.3.RELEASE/spring-jdbc-5.1.3.RELEASE.jar:/home/user/.m2/repository/org/springframework/spring-beans/5.1.3.RELEASE/spring-beans-5.1.3.RELEASE.jar:/home/user/.m2/repository/org/springframework/spring-core/5.1.3.RELEASE/spring-core-5.1.3.RELEASE.jar:/home/user/.m2/repository/org/springframework/spring-jcl/5.1.3.RELEASE/spring-jcl-5.1.3.RELEASE.jar:/home/user/.m2/repository/org/springframework/spring-tx/5.1.3.RELEASE/spring-tx-5.1.3.RELEASE.jar:/home/user/.m2/repository/org/apache/hadoop/hadoop-ozone-client/0.5.0-SNAPSHOT/hadoop-ozone-client-0.5.0-SNAPSHOT.jar:/home/user/.m2/repository/commons-lang/commons-lang/2.6/commons-lang-2.6.jar:/home/user/.m2/repository/org/apache/hadoop/hadoop-ozone-ozone-manager/0.5.0-SNAPSHOT/hadoop-ozone-ozone-manager-0.5.0-SNAPSHOT-tests.jar:/home/user/.m2/repository/junit/junit/4.11/junit-4.11.jar:/home/user/.m2/repository/org/hamcrest/hamcrest-core/1.3/hamcrest-core-1.3.jar:/home/user/.m2/repository/org/openjdk/jmh/jmh-core/1.19/jmh-core-1.19.jar:/home/user/.m2/repository/net/sf/jopt-simple/jopt-simple/4.6/jopt-simple-4.6.jar:/home/user/.m2/repository/org/apache/commons/commons-math3/3.1.1/commons-math3-3.1.1.jar:/home/user/.m2/repository/org/openjdk/jmh/jmh-generator-annprocess/1.19/jmh-generator-annprocess-1.19.jar:/home/user/.m2/repository/org/mockito/mockito-all/1.8.5/mockito-all-1.8.5.jar:/home/user/.m2/repository/org/apache/hadoop/hadoop-kms/3.2.0/hadoop-kms-3.2.0.jar:/home/user/.m2/repository/org/apache/hadoop/hadoop-auth/3.2.0/hadoop-auth-3.2.0.jar:/home/user/.m2/repository/com/nimbusds/nimbus-jose-jwt/4.41.1/nimbus-jose-jwt-4.41.1.jar:/home/user/.m2/repository/com/github/stephenc/jcip/jcip-annotations/1.0-1/jcip-annotations-1.0-1.jar:/home/user/.m2/repository/net/minidev/json-smart/2.3/json-smart-2.3.jar:/home/user/.m2/repository/net/minidev/accessors-smart/1.2/accessors-smart-1.2.jar:/home/user/.m2/repository/org/ow2/asm/asm/5.0.4/asm-5.0.4.jar:/home/user/.m2/repository/org/apache/curator/curator-framework/2.12.0/curator-framework-2.12.0.jar:/home/user/.m2/repository/com/sun/jersey/jersey-core/1.19/jersey-core-1.19.jar:/home/user/.m2/repository/javax/ws/rs/jsr311-api/1.1.1/jsr311-api-1.1.1.jar:/home/user/.m2/repository/com/sun/jersey/jersey-server/1.19/jersey-server-1.19.jar:/home/user/.m2/repository/javax/servlet/javax.servlet-api/3.1.0/javax.servlet-api-3.1.0.jar:/home/user/.m2/repository/org/eclipse/jetty/jetty-server/9.3.25.v20180904/jetty-server-9.3.25.v20180904.jar:/home/user/.m2/repository/org/eclipse/jetty/jetty-http/9.3.25.v20180904/jetty-http-9.3.25.v20180904.jar:/home/user/.m2/repository/org/eclipse/jetty/jetty-io/9.3.25.v20180904/jetty-io-9.3.25.v20180904.jar:/home/user/.m2/repository/org/eclipse/jetty/jetty-webapp/9.3.25.v20180904/jetty-webapp-9.3.25.v20180904.jar:/home/user/.m2/repository/org/eclipse/jetty/jetty-xml/9.3.25.v20180904/jetty-xml-9.3.25.v20180904.jar:/home/user/.m2/repository/log4j/log4j/1.2.17/log4j-1.2.17.jar:/home/user/.m2/repository/org/slf4j/slf4j-api/1.7.25/slf4j-api-1.7.25.jar:/home/user/.m2/repository/org/slf4j/jul-to-slf4j/1.7.25/jul-to-slf4j-1.7.25.jar:/home/user/.m2/repository/org/eclipse/jetty/jetty-util/9.3.25.v20180904/jetty-util-9.3.25.v20180904.jar:/home/user/.m2/repository/com/fasterxml/jackson/core/jackson-databind/2.9.9/jackson-databind-2.9.9.jar:/home/user/.m2/repository/org/apache/hadoop/hadoop-kms/3.2.0/hadoop-kms-3.2.0-tests.jar:/home/user/.m2/repository/org/apache/hadoop/hadoop-hdds-server-scm/0.5.0-SNAPSHOT/hadoop-hdds-server-scm-0.5.0-SNAPSHOT-tests.jar:/home/user/.m2/repository/org/apache/hadoop/hadoop-hdds-container-service/0.5.0-SNAPSHOT/hadoop-hdds-container-service-0.5.0-SNAPSHOT-tests.jar:/home/user/.m2/repository/org/yaml/snakeyaml/1.16/snakeyaml-1.16.jar:/home/user/.m2/repository/org/apache/hadoop/hadoop-common/3.2.0/hadoop-common-3.2.0-tests.jar:/home/user/.m2/repository/org/apache/hadoop/hadoop-annotations/3.2.0/hadoop-annotations-3.2.0.jar:/usr/lib/jvm/java-1.8-openjdk/jre/../lib/tools.jar:/home/user/.m2/repository/commons-cli/commons-cli/1.2/commons-cli-1.2.jar:/home/user/.m2/repository/org/apache/httpcomponents/httpclient/4.5.2/httpclient-4.5.2.jar:/home/user/.m2/repository/org/apache/httpcomponents/httpcore/4.4.4/httpcore-4.4.4.jar:/home/user/.m2/repository/commons-codec/commons-codec/1.11/commons-codec-1.11.jar:/home/user/.m2/repository/commons-net/commons-net/3.6/commons-net-3.6.jar:/home/user/.m2/repository/commons-collections/commons-collections/3.2.2/commons-collections-3.2.2.jar:/home/user/.m2/repository/org/eclipse/jetty/jetty-servlet/9.3.25.v20180904/jetty-servlet-9.3.25.v20180904.jar:/home/user/.m2/repository/org/eclipse/jetty/jetty-security/9.3.25.v20180904/jetty-security-9.3.25.v20180904.jar:/home/user/.m2/repository/javax/servlet/jsp/jsp-api/2.1/jsp-api-2.1.jar:/home/user/.m2/repository/com/sun/jersey/jersey-servlet/1.19/jersey-servlet-1.19.jar:/home/user/.m2/repository/com/sun/jersey/jersey-json/1.19/jersey-json-1.19.jar:/home/user/.m2/repository/org/codehaus/jettison/jettison/1.1/jettison-1.1.jar:/home/user/.m2/repository/org/codehaus/jackson/jackson-core-asl/1.9.13/jackson-core-asl-1.9.13.jar:/home/user/.m2/repository/org/codehaus/jackson/jackson-mapper-asl/1.9.13/jackson-mapper-asl-1.9.13.jar:/home/user/.m2/repository/org/codehaus/jackson/jackson-jaxrs/1.9.13/jackson-jaxrs-1.9.13.jar:/home/user/.m2/repository/org/codehaus/jackson/jackson-xc/1.9.13/jackson-xc-1.9.13.jar:/home/user/.m2/repository/commons-logging/commons-logging/1.1.3/commons-logging-1.1.3.jar:/home/user/.m2/repository/commons-beanutils/commons-beanutils/1.9.4/commons-beanutils-1.9.4.jar:/home/user/.m2/repository/org/apache/commons/commons-configuration2/2.1.1/commons-configuration2-2.1.1.jar:/home/user/.m2/repository/org/apache/commons/commons-lang3/3.7/commons-lang3-3.7.jar:/home/user/.m2/repository/org/apache/commons/commons-text/1.4/commons-text-1.4.jar:/home/user/.m2/repository/org/apache/avro/avro/1.7.7/avro-1.7.7.jar:/home/user/.m2/repository/com/thoughtworks/paranamer/paranamer/2.3/paranamer-2.3.jar:/home/user/.m2/repository/org/xerial/snappy/snappy-java/1.0.5/snappy-java-1.0.5.jar:/home/user/.m2/repository/com/google/re2j/re2j/1.1/re2j-1.1.jar:/home/user/.m2/repository/com/google/code/gson/gson/2.2.4/gson-2.2.4.jar:/home/user/.m2/repository/com/jcraft/jsch/0.1.54/jsch-0.1.54.jar:/home/user/.m2/repository/org/apache/curator/curator-client/2.12.0/curator-client-2.12.0.jar:/home/user/.m2/repository/org/apache/curator/curator-recipes/2.12.0/curator-recipes-2.12.0.jar:/home/user/.m2/repository/com/google/code/findbugs/jsr305/3.0.0/jsr305-3.0.0.jar:/home/user/.m2/repository/org/apache/htrace/htrace-core4/4.1.0-incubating/htrace-core4-4.1.0-incubating.jar:/home/user/.m2/repository/org/apache/zookeeper/zookeeper/3.4.13/zookeeper-3.4.13.jar:/home/user/.m2/repository/jline/jline/0.9.94/jline-0.9.94.jar:/home/user/.m2/repository/org/apache/yetus/audience-annotations/0.5.0/audience-annotations-0.5.0.jar:/home/user/.m2/repository/org/codehaus/woodstox/stax2-api/3.1.4/stax2-api-3.1.4.jar:/home/user/.m2/repository/com/fasterxml/woodstox/woodstox-core/5.0.3/woodstox-core-5.0.3.jar:/home/user/.m2/repository/dnsjava/dnsjava/2.1.7/dnsjava-2.1.7.jar:/home/user/.m2/repository/org/apache/hadoop/hadoop-hdfs/3.2.0/hadoop-hdfs-3.2.0-tests.jar:/home/user/.m2/repository/org/eclipse/jetty/jetty-util-ajax/9.3.25.v20180904/jetty-util-ajax-9.3.25.v20180904.jar:/home/user/.m2/repository/commons-daemon/commons-daemon/1.0.13/commons-daemon-1.0.13.jar:/home/user/.m2/repository/io/netty/netty/3.10.5.Final/netty-3.10.5.Final.jar:/home/user/.m2/repository/io/netty/netty-all/4.0.52.Final/netty-all-4.0.52.Final.jar:/home/user/.m2/repository/org/fusesource/leveldbjni/leveldbjni-all/1.8/leveldbjni-all-1.8.jar:"/>
    <property name="java.vm.vendor" value="IcedTea"/>
    <property name="sun.arch.data.model" value="64"/>
    <property name="test.build.dir" value="/workdir/hadoop-ozone/integration-test/target/test-dir"/>
    <property name="test.cache.data" value=""/>
    <property name="java.vendor.url" value="https://icedtea.classpath.org"/>
    <property name="user.timezone" value=""/>
    <property name="java.vm.specification.version" value="1.8"/>
    <property name="os.name" value="Linux"/>
    <property name="test.build.data" value="/workdir/hadoop-ozone/integration-test/target/test-dir"/>
    <property name="user.country" value="US"/>
    <property name="sun.java.launcher" value="SUN_STANDARD"/>
    <property name="sun.boot.library.path" value="/usr/lib/jvm/java-1.8-openjdk/jre/lib/amd64"/>
    <property name="sun.java.command" value="/workdir/hadoop-ozone/integration-test/target/surefire/surefirebooter8931611248126787895.jar /workdir/hadoop-ozone/integration-test/target/surefire 2019-10-04T13-03-01_302-jvmRun1 surefire772952798437001877tmp surefire_516897403919015288423tmp"/>
    <property name="test" value="!TestMiniChaosOzoneCluster"/>
    <property name="surefire.test.class.path" value="/workdir/hadoop-ozone/integration-test/target/test-classes:/workdir/hadoop-ozone/integration-test/target/classes:/home/user/.m2/repository/org/apache/hadoop/hadoop-ozone-common/0.5.0-SNAPSHOT/hadoop-ozone-common-0.5.0-SNAPSHOT.jar:/home/user/.m2/repository/org/apache/commons/commons-compress/1.4.1/commons-compress-1.4.1.jar:/home/user/.m2/repository/org/tukaani/xz/1.0/xz-1.0.jar:/home/user/.m2/repository/org/apache/hadoop/hadoop-common/3.2.0/hadoop-common-3.2.0.jar:/home/user/.m2/repository/org/apache/hadoop/hadoop-hdfs/3.2.0/hadoop-hdfs-3.2.0.jar:/home/user/.m2/repository/org/apache/hadoop/hadoop-hdfs-client/3.2.0/hadoop-hdfs-client-3.2.0.jar:/home/user/.m2/repository/com/fasterxml/jackson/core/jackson-annotations/2.9.9/jackson-annotations-2.9.9.jar:/home/user/.m2/repository/org/apache/hadoop/hadoop-hdds-common/0.5.0-SNAPSHOT/hadoop-hdds-common-0.5.0-SNAPSHOT.jar:/home/user/.m2/repository/javax/annotation/javax.annotation-api/1.2/javax.annotation-api-1.2.jar:/home/user/.m2/repository/org/apache/ratis/ratis-server/0.5.0-201fc85-SNAPSHOT/ratis-server-0.5.0-201fc85-SNAPSHOT.jar:/home/user/.m2/repository/org/apache/ratis/ratis-thirdparty-misc/0.2.0/ratis-thirdparty-misc-0.2.0.jar:/home/user/.m2/repository/org/apache/ratis/ratis-proto/0.5.0-201fc85-SNAPSHOT/ratis-proto-0.5.0-201fc85-SNAPSHOT.jar:/home/user/.m2/repository/org/apache/ratis/ratis-common/0.5.0-201fc85-SNAPSHOT/ratis-common-0.5.0-201fc85-SNAPSHOT.jar:/home/user/.m2/repository/org/apache/ratis/ratis-client/0.5.0-201fc85-SNAPSHOT/ratis-client-0.5.0-201fc85-SNAPSHOT.jar:/home/user/.m2/repository/org/apache/ratis/ratis-metrics/0.5.0-201fc85-SNAPSHOT/ratis-metrics-0.5.0-201fc85-SNAPSHOT.jar:/home/user/.m2/repository/com/github/joshelser/dropwizard-metrics-hadoop-metrics2-reporter/0.1.2/dropwizard-metrics-hadoop-metrics2-reporter-0.1.2.jar:/home/user/.m2/repository/io/dropwizard/metrics/metrics-jvm/3.2.5/metrics-jvm-3.2.5.jar:/home/user/.m2/repository/io/dropwizard/metrics/metrics-ganglia/3.2.5/metrics-ganglia-3.2.5.jar:/home/user/.m2/repository/info/ganglia/gmetric4j/gmetric4j/1.0.7/gmetric4j-1.0.7.jar:/home/user/.m2/repository/org/apache/ratis/ratis-netty/0.5.0-201fc85-SNAPSHOT/ratis-netty-0.5.0-201fc85-SNAPSHOT.jar:/home/user/.m2/repository/org/apache/ratis/ratis-grpc/0.5.0-201fc85-SNAPSHOT/ratis-grpc-0.5.0-201fc85-SNAPSHOT.jar:/home/user/.m2/repository/org/rocksdb/rocksdbjni/6.0.1/rocksdbjni-6.0.1.jar:/home/user/.m2/repository/org/apache/logging/log4j/log4j-api/2.11.0/log4j-api-2.11.0.jar:/home/user/.m2/repository/org/apache/logging/log4j/log4j-core/2.11.0/log4j-core-2.11.0.jar:/home/user/.m2/repository/com/lmax/disruptor/3.4.2/disruptor-3.4.2.jar:/home/user/.m2/repository/org/apache/commons/commons-pool2/2.6.0/commons-pool2-2.6.0.jar:/home/user/.m2/repository/org/bouncycastle/bcpkix-jdk15on/1.60/bcpkix-jdk15on-1.60.jar:/home/user/.m2/repository/commons-validator/commons-validator/1.6/commons-validator-1.6.jar:/home/user/.m2/repository/commons-digester/commons-digester/1.8.1/commons-digester-1.8.1.jar:/home/user/.m2/repository/io/jaegertracing/jaeger-client/0.34.0/jaeger-client-0.34.0.jar:/home/user/.m2/repository/io/jaegertracing/jaeger-thrift/0.34.0/jaeger-thrift-0.34.0.jar:/home/user/.m2/repository/org/apache/thrift/libthrift/0.12.0/libthrift-0.12.0.jar:/home/user/.m2/repository/com/squareup/okhttp3/okhttp/3.9.0/okhttp-3.9.0.jar:/home/user/.m2/repository/com/squareup/okio/okio/1.13.0/okio-1.13.0.jar:/home/user/.m2/repository/io/jaegertracing/jaeger-core/0.34.0/jaeger-core-0.34.0.jar:/home/user/.m2/repository/io/jaegertracing/jaeger-tracerresolver/0.34.0/jaeger-tracerresolver-0.34.0.jar:/home/user/.m2/repository/io/opentracing/contrib/opentracing-tracerresolver/0.1.5/opentracing-tracerresolver-0.1.5.jar:/home/user/.m2/repository/io/opentracing/opentracing-util/0.31.0/opentracing-util-0.31.0.jar:/home/user/.m2/repository/io/opentracing/opentracing-api/0.31.0/opentracing-api-0.31.0.jar:/home/user/.m2/repository/io/opentracing/opentracing-noop/0.31.0/opentracing-noop-0.31.0.jar:/home/user/.m2/repository/org/apache/hadoop/hadoop-hdds-server-framework/0.5.0-SNAPSHOT/hadoop-hdds-server-framework-0.5.0-SNAPSHOT.jar:/home/user/.m2/repository/org/apache/hadoop/hadoop-hdds-container-service/0.5.0-SNAPSHOT/hadoop-hdds-container-service-0.5.0-SNAPSHOT.jar:/home/user/.m2/repository/org/apache/hadoop/hadoop-hdds-client/0.5.0-SNAPSHOT/hadoop-hdds-client-0.5.0-SNAPSHOT.jar:/home/user/.m2/repository/org/apache/hadoop/hadoop-hdds-tools/0.5.0-SNAPSHOT/hadoop-hdds-tools-0.5.0-SNAPSHOT.jar:/home/user/.m2/repository/org/apache/hadoop/hadoop-hdds-server-scm/0.5.0-SNAPSHOT/hadoop-hdds-server-scm-0.5.0-SNAPSHOT.jar:/home/user/.m2/repository/org/apache/hadoop/hadoop-hdds-docs/0.5.0-SNAPSHOT/hadoop-hdds-docs-0.5.0-SNAPSHOT.jar:/home/user/.m2/repository/io/dropwizard/metrics/metrics-core/3.2.4/metrics-core-3.2.4.jar:/home/user/.m2/repository/org/hamcrest/hamcrest-all/1.3/hamcrest-all-1.3.jar:/home/user/.m2/repository/org/bouncycastle/bcprov-jdk15on/1.60/bcprov-jdk15on-1.60.jar:/home/user/.m2/repository/info/picocli/picocli/3.9.6/picocli-3.9.6.jar:/home/user/.m2/repository/com/google/protobuf/protobuf-java/2.5.0/protobuf-java-2.5.0.jar:/home/user/.m2/repository/com/google/guava/guava/11.0.2/guava-11.0.2.jar:/home/user/.m2/repository/org/apache/hadoop/hadoop-ozone-ozone-manager/0.5.0-SNAPSHOT/hadoop-ozone-ozone-manager-0.5.0-SNAPSHOT.jar:/home/user/.m2/repository/org/apache/hadoop/hadoop-minikdc/3.2.0/hadoop-minikdc-3.2.0.jar:/home/user/.m2/repository/commons-io/commons-io/2.5/commons-io-2.5.jar:/home/user/.m2/repository/org/apache/kerby/kerb-simplekdc/1.0.1/kerb-simplekdc-1.0.1.jar:/home/user/.m2/repository/org/apache/kerby/kerb-client/1.0.1/kerb-client-1.0.1.jar:/home/user/.m2/repository/org/apache/kerby/kerby-config/1.0.1/kerby-config-1.0.1.jar:/home/user/.m2/repository/org/apache/kerby/kerb-core/1.0.1/kerb-core-1.0.1.jar:/home/user/.m2/repository/org/apache/kerby/kerby-pkix/1.0.1/kerby-pkix-1.0.1.jar:/home/user/.m2/repository/org/apache/kerby/kerby-asn1/1.0.1/kerby-asn1-1.0.1.jar:/home/user/.m2/repository/org/apache/kerby/kerby-util/1.0.1/kerby-util-1.0.1.jar:/home/user/.m2/repository/org/apache/kerby/kerb-common/1.0.1/kerb-common-1.0.1.jar:/home/user/.m2/repository/org/apache/kerby/kerb-crypto/1.0.1/kerb-crypto-1.0.1.jar:/home/user/.m2/repository/org/apache/kerby/kerb-util/1.0.1/kerb-util-1.0.1.jar:/home/user/.m2/repository/org/apache/kerby/token-provider/1.0.1/token-provider-1.0.1.jar:/home/user/.m2/repository/org/apache/kerby/kerb-admin/1.0.1/kerb-admin-1.0.1.jar:/home/user/.m2/repository/org/apache/kerby/kerb-server/1.0.1/kerb-server-1.0.1.jar:/home/user/.m2/repository/org/apache/kerby/kerb-identity/1.0.1/kerb-identity-1.0.1.jar:/home/user/.m2/repository/org/apache/kerby/kerby-xdr/1.0.1/kerby-xdr-1.0.1.jar:/home/user/.m2/repository/org/slf4j/slf4j-log4j12/1.7.25/slf4j-log4j12-1.7.25.jar:/home/user/.m2/repository/org/apache/hadoop/hadoop-ozone-s3gateway/0.5.0-SNAPSHOT/hadoop-ozone-s3gateway-0.5.0-SNAPSHOT.jar:/home/user/.m2/repository/org/jboss/weld/servlet/weld-servlet/2.4.7.Final/weld-servlet-2.4.7.Final.jar:/home/user/.m2/repository/org/glassfish/jersey/containers/jersey-container-servlet-core/2.27/jersey-container-servlet-core-2.27.jar:/home/user/.m2/repository/org/glassfish/hk2/external/javax.inject/2.5.0-b42/javax.inject-2.5.0-b42.jar:/home/user/.m2/repository/org/glassfish/jersey/core/jersey-common/2.27/jersey-common-2.27.jar:/home/user/.m2/repository/org/glassfish/hk2/osgi-resource-locator/1.0.1/osgi-resource-locator-1.0.1.jar:/home/user/.m2/repository/javax/ws/rs/javax.ws.rs-api/2.1/javax.ws.rs-api-2.1.jar:/home/user/.m2/repository/org/glassfish/jersey/ext/cdi/jersey-cdi1x/2.27/jersey-cdi1x-2.27.jar:/home/user/.m2/repository/org/glassfish/jersey/inject/jersey-hk2/2.27/jersey-hk2-2.27.jar:/home/user/.m2/repository/org/glassfish/hk2/hk2-locator/2.5.0-b42/hk2-locator-2.5.0-b42.jar:/home/user/.m2/repository/org/javassist/javassist/3.22.0-CR2/javassist-3.22.0-CR2.jar:/home/user/.m2/repository/org/glassfish/hk2/hk2-api/2.5.0/hk2-api-2.5.0.jar:/home/user/.m2/repository/org/glassfish/hk2/external/jakarta.inject/2.5.0/jakarta.inject-2.5.0.jar:/home/user/.m2/repository/org/glassfish/hk2/hk2-utils/2.5.0/hk2-utils-2.5.0.jar:/home/user/.m2/repository/jakarta/annotation/jakarta.annotation-api/1.3.4/jakarta.annotation-api-1.3.4.jar:/home/user/.m2/repository/org/glassfish/hk2/external/aopalliance-repackaged/2.5.0/aopalliance-repackaged-2.5.0.jar:/home/user/.m2/repository/com/fasterxml/jackson/dataformat/jackson-dataformat-xml/2.9.0/jackson-dataformat-xml-2.9.0.jar:/home/user/.m2/repository/com/fasterxml/jackson/core/jackson-core/2.9.9/jackson-core-2.9.9.jar:/home/user/.m2/repository/com/fasterxml/jackson/module/jackson-module-jaxb-annotations/2.9.9/jackson-module-jaxb-annotations-2.9.9.jar:/home/user/.m2/repository/javax/enterprise/cdi-api/1.2/cdi-api-1.2.jar:/home/user/.m2/repository/javax/el/javax.el-api/3.0.0/javax.el-api-3.0.0.jar:/home/user/.m2/repository/javax/interceptor/javax.interceptor-api/1.2/javax.interceptor-api-1.2.jar:/home/user/.m2/repository/javax/inject/javax.inject/1/javax.inject-1.jar:/home/user/.m2/repository/com/sun/xml/bind/jaxb-impl/2.3.0.1/jaxb-impl-2.3.0.1.jar:/home/user/.m2/repository/com/sun/xml/bind/jaxb-core/2.3.0.1/jaxb-core-2.3.0.1.jar:/home/user/.m2/repository/javax/xml/bind/jaxb-api/2.3.0/jaxb-api-2.3.0.jar:/home/user/.m2/repository/javax/activation/activation/1.1.1/activation-1.1.1.jar:/home/user/.m2/repository/org/apache/hadoop/hadoop-ozone-csi/0.5.0-SNAPSHOT/hadoop-ozone-csi-0.5.0-SNAPSHOT.jar:/home/user/.m2/repository/com/google/protobuf/protobuf-java-util/3.5.1/protobuf-java-util-3.5.1.jar:/home/user/.m2/repository/org/apache/hadoop/hadoop-hdds-config/0.5.0-SNAPSHOT/hadoop-hdds-config-0.5.0-SNAPSHOT.jar:/home/user/.m2/repository/io/grpc/grpc-netty/1.17.1/grpc-netty-1.17.1.jar:/home/user/.m2/repository/io/grpc/grpc-core/1.17.1/grpc-core-1.17.1.jar:/home/user/.m2/repository/io/grpc/grpc-context/1.17.1/grpc-context-1.17.1.jar:/home/user/.m2/repository/com/google/errorprone/error_prone_annotations/2.2.0/error_prone_annotations-2.2.0.jar:/home/user/.m2/repository/org/codehaus/mojo/animal-sniffer-annotations/1.17/animal-sniffer-annotations-1.17.jar:/home/user/.m2/repository/io/opencensus/opencensus-api/0.17.0/opencensus-api-0.17.0.jar:/home/user/.m2/repository/io/opencensus/opencensus-contrib-grpc-metrics/0.17.0/opencensus-contrib-grpc-metrics-0.17.0.jar:/home/user/.m2/repository/io/netty/netty-codec-http2/4.1.30.Final/netty-codec-http2-4.1.30.Final.jar:/home/user/.m2/repository/io/netty/netty-codec-http/4.1.30.Final/netty-codec-http-4.1.30.Final.jar:/home/user/.m2/repository/io/netty/netty-codec/4.1.30.Final/netty-codec-4.1.30.Final.jar:/home/user/.m2/repository/io/netty/netty-handler/4.1.30.Final/netty-handler-4.1.30.Final.jar:/home/user/.m2/repository/io/netty/netty-handler-proxy/4.1.30.Final/netty-handler-proxy-4.1.30.Final.jar:/home/user/.m2/repository/io/netty/netty-codec-socks/4.1.30.Final/netty-codec-socks-4.1.30.Final.jar:/home/user/.m2/repository/io/netty/netty-transport-native-epoll/4.1.30.Final/netty-transport-native-epoll-4.1.30.Final.jar:/home/user/.m2/repository/io/netty/netty-common/4.1.30.Final/netty-common-4.1.30.Final.jar:/home/user/.m2/repository/io/netty/netty-buffer/4.1.30.Final/netty-buffer-4.1.30.Final.jar:/home/user/.m2/repository/io/netty/netty-transport/4.1.30.Final/netty-transport-4.1.30.Final.jar:/home/user/.m2/repository/io/netty/netty-resolver/4.1.30.Final/netty-resolver-4.1.30.Final.jar:/home/user/.m2/repository/io/netty/netty-transport-native-unix-common/4.1.30.Final/netty-transport-native-unix-common-4.1.30.Final.jar:/home/user/.m2/repository/io/grpc/grpc-protobuf/1.17.1/grpc-protobuf-1.17.1.jar:/home/user/.m2/repository/com/google/api/grpc/proto-google-common-protos/1.0.0/proto-google-common-protos-1.0.0.jar:/home/user/.m2/repository/io/grpc/grpc-protobuf-lite/1.17.1/grpc-protobuf-lite-1.17.1.jar:/home/user/.m2/repository/io/grpc/grpc-stub/1.17.1/grpc-stub-1.17.1.jar:/home/user/.m2/repository/org/apache/hadoop/hadoop-ozone-recon/0.5.0-SNAPSHOT/hadoop-ozone-recon-0.5.0-SNAPSHOT.jar:/home/user/.m2/repository/org/apache/hadoop/hadoop-ozone-reconcodegen/0.5.0-SNAPSHOT/hadoop-ozone-reconcodegen-0.5.0-SNAPSHOT.jar:/home/user/.m2/repository/com/google/inject/extensions/guice-multibindings/4.0/guice-multibindings-4.0.jar:/home/user/.m2/repository/com/google/inject/guice/4.0/guice-4.0.jar:/home/user/.m2/repository/aopalliance/aopalliance/1.0/aopalliance-1.0.jar:/home/user/.m2/repository/com/google/inject/extensions/guice-servlet/4.0/guice-servlet-4.0.jar:/home/user/.m2/repository/org/glassfish/jersey/containers/jersey-container-servlet/2.27/jersey-container-servlet-2.27.jar:/home/user/.m2/repository/org/glassfish/hk2/guice-bridge/2.5.0/guice-bridge-2.5.0.jar:/home/user/.m2/repository/org/glassfish/jersey/core/jersey-server/2.27/jersey-server-2.27.jar:/home/user/.m2/repository/org/glassfish/jersey/core/jersey-client/2.27/jersey-client-2.27.jar:/home/user/.m2/repository/org/glassfish/jersey/media/jersey-media-jaxb/2.27/jersey-media-jaxb-2.27.jar:/home/user/.m2/repository/javax/validation/validation-api/1.1.0.Final/validation-api-1.1.0.Final.jar:/home/user/.m2/repository/org/glassfish/jersey/media/jersey-media-json-jackson/2.27/jersey-media-json-jackson-2.27.jar:/home/user/.m2/repository/org/glassfish/jersey/ext/jersey-entity-filtering/2.27/jersey-entity-filtering-2.27.jar:/home/user/.m2/repository/com/google/inject/extensions/guice-assistedinject/4.0/guice-assistedinject-4.0.jar:/home/user/.m2/repository/org/jooq/jooq/3.11.10/jooq-3.11.10.jar:/home/user/.m2/repository/org/jooq/jooq-meta/3.11.10/jooq-meta-3.11.10.jar:/home/user/.m2/repository/org/jooq/jooq-codegen/3.11.10/jooq-codegen-3.11.10.jar:/home/user/.m2/repository/com/jolbox/bonecp/0.8.0.RELEASE/bonecp-0.8.0.RELEASE.jar:/home/user/.m2/repository/org/xerial/sqlite-jdbc/3.25.2/sqlite-jdbc-3.25.2.jar:/home/user/.m2/repository/org/springframework/spring-jdbc/5.1.3.RELEASE/spring-jdbc-5.1.3.RELEASE.jar:/home/user/.m2/repository/org/springframework/spring-beans/5.1.3.RELEASE/spring-beans-5.1.3.RELEASE.jar:/home/user/.m2/repository/org/springframework/spring-core/5.1.3.RELEASE/spring-core-5.1.3.RELEASE.jar:/home/user/.m2/repository/org/springframework/spring-jcl/5.1.3.RELEASE/spring-jcl-5.1.3.RELEASE.jar:/home/user/.m2/repository/org/springframework/spring-tx/5.1.3.RELEASE/spring-tx-5.1.3.RELEASE.jar:/home/user/.m2/repository/org/apache/hadoop/hadoop-ozone-client/0.5.0-SNAPSHOT/hadoop-ozone-client-0.5.0-SNAPSHOT.jar:/home/user/.m2/repository/commons-lang/commons-lang/2.6/commons-lang-2.6.jar:/home/user/.m2/repository/org/apache/hadoop/hadoop-ozone-ozone-manager/0.5.0-SNAPSHOT/hadoop-ozone-ozone-manager-0.5.0-SNAPSHOT-tests.jar:/home/user/.m2/repository/junit/junit/4.11/junit-4.11.jar:/home/user/.m2/repository/org/hamcrest/hamcrest-core/1.3/hamcrest-core-1.3.jar:/home/user/.m2/repository/org/openjdk/jmh/jmh-core/1.19/jmh-core-1.19.jar:/home/user/.m2/repository/net/sf/jopt-simple/jopt-simple/4.6/jopt-simple-4.6.jar:/home/user/.m2/repository/org/apache/commons/commons-math3/3.1.1/commons-math3-3.1.1.jar:/home/user/.m2/repository/org/openjdk/jmh/jmh-generator-annprocess/1.19/jmh-generator-annprocess-1.19.jar:/home/user/.m2/repository/org/mockito/mockito-all/1.8.5/mockito-all-1.8.5.jar:/home/user/.m2/repository/org/apache/hadoop/hadoop-kms/3.2.0/hadoop-kms-3.2.0.jar:/home/user/.m2/repository/org/apache/hadoop/hadoop-auth/3.2.0/hadoop-auth-3.2.0.jar:/home/user/.m2/repository/com/nimbusds/nimbus-jose-jwt/4.41.1/nimbus-jose-jwt-4.41.1.jar:/home/user/.m2/repository/com/github/stephenc/jcip/jcip-annotations/1.0-1/jcip-annotations-1.0-1.jar:/home/user/.m2/repository/net/minidev/json-smart/2.3/json-smart-2.3.jar:/home/user/.m2/repository/net/minidev/accessors-smart/1.2/accessors-smart-1.2.jar:/home/user/.m2/repository/org/ow2/asm/asm/5.0.4/asm-5.0.4.jar:/home/user/.m2/repository/org/apache/curator/curator-framework/2.12.0/curator-framework-2.12.0.jar:/home/user/.m2/repository/com/sun/jersey/jersey-core/1.19/jersey-core-1.19.jar:/home/user/.m2/repository/javax/ws/rs/jsr311-api/1.1.1/jsr311-api-1.1.1.jar:/home/user/.m2/repository/com/sun/jersey/jersey-server/1.19/jersey-server-1.19.jar:/home/user/.m2/repository/javax/servlet/javax.servlet-api/3.1.0/javax.servlet-api-3.1.0.jar:/home/user/.m2/repository/org/eclipse/jetty/jetty-server/9.3.25.v20180904/jetty-server-9.3.25.v20180904.jar:/home/user/.m2/repository/org/eclipse/jetty/jetty-http/9.3.25.v20180904/jetty-http-9.3.25.v20180904.jar:/home/user/.m2/repository/org/eclipse/jetty/jetty-io/9.3.25.v20180904/jetty-io-9.3.25.v20180904.jar:/home/user/.m2/repository/org/eclipse/jetty/jetty-webapp/9.3.25.v20180904/jetty-webapp-9.3.25.v20180904.jar:/home/user/.m2/repository/org/eclipse/jetty/jetty-xml/9.3.25.v20180904/jetty-xml-9.3.25.v20180904.jar:/home/user/.m2/repository/log4j/log4j/1.2.17/log4j-1.2.17.jar:/home/user/.m2/repository/org/slf4j/slf4j-api/1.7.25/slf4j-api-1.7.25.jar:/home/user/.m2/repository/org/slf4j/jul-to-slf4j/1.7.25/jul-to-slf4j-1.7.25.jar:/home/user/.m2/repository/org/eclipse/jetty/jetty-util/9.3.25.v20180904/jetty-util-9.3.25.v20180904.jar:/home/user/.m2/repository/com/fasterxml/jackson/core/jackson-databind/2.9.9/jackson-databind-2.9.9.jar:/home/user/.m2/repository/org/apache/hadoop/hadoop-kms/3.2.0/hadoop-kms-3.2.0-tests.jar:/home/user/.m2/repository/org/apache/hadoop/hadoop-hdds-server-scm/0.5.0-SNAPSHOT/hadoop-hdds-server-scm-0.5.0-SNAPSHOT-tests.jar:/home/user/.m2/repository/org/apache/hadoop/hadoop-hdds-container-service/0.5.0-SNAPSHOT/hadoop-hdds-container-service-0.5.0-SNAPSHOT-tests.jar:/home/user/.m2/repository/org/yaml/snakeyaml/1.16/snakeyaml-1.16.jar:/home/user/.m2/repository/org/apache/hadoop/hadoop-common/3.2.0/hadoop-common-3.2.0-tests.jar:/home/user/.m2/repository/org/apache/hadoop/hadoop-annotations/3.2.0/hadoop-annotations-3.2.0.jar:/usr/lib/jvm/java-1.8-openjdk/jre/../lib/tools.jar:/home/user/.m2/repository/commons-cli/commons-cli/1.2/commons-cli-1.2.jar:/home/user/.m2/repository/org/apache/httpcomponents/httpclient/4.5.2/httpclient-4.5.2.jar:/home/user/.m2/repository/org/apache/httpcomponents/httpcore/4.4.4/httpcore-4.4.4.jar:/home/user/.m2/repository/commons-codec/commons-codec/1.11/commons-codec-1.11.jar:/home/user/.m2/repository/commons-net/commons-net/3.6/commons-net-3.6.jar:/home/user/.m2/repository/commons-collections/commons-collections/3.2.2/commons-collections-3.2.2.jar:/home/user/.m2/repository/org/eclipse/jetty/jetty-servlet/9.3.25.v20180904/jetty-servlet-9.3.25.v20180904.jar:/home/user/.m2/repository/org/eclipse/jetty/jetty-security/9.3.25.v20180904/jetty-security-9.3.25.v20180904.jar:/home/user/.m2/repository/javax/servlet/jsp/jsp-api/2.1/jsp-api-2.1.jar:/home/user/.m2/repository/com/sun/jersey/jersey-servlet/1.19/jersey-servlet-1.19.jar:/home/user/.m2/repository/com/sun/jersey/jersey-json/1.19/jersey-json-1.19.jar:/home/user/.m2/repository/org/codehaus/jettison/jettison/1.1/jettison-1.1.jar:/home/user/.m2/repository/org/codehaus/jackson/jackson-core-asl/1.9.13/jackson-core-asl-1.9.13.jar:/home/user/.m2/repository/org/codehaus/jackson/jackson-mapper-asl/1.9.13/jackson-mapper-asl-1.9.13.jar:/home/user/.m2/repository/org/codehaus/jackson/jackson-jaxrs/1.9.13/jackson-jaxrs-1.9.13.jar:/home/user/.m2/repository/org/codehaus/jackson/jackson-xc/1.9.13/jackson-xc-1.9.13.jar:/home/user/.m2/repository/commons-logging/commons-logging/1.1.3/commons-logging-1.1.3.jar:/home/user/.m2/repository/commons-beanutils/commons-beanutils/1.9.4/commons-beanutils-1.9.4.jar:/home/user/.m2/repository/org/apache/commons/commons-configuration2/2.1.1/commons-configuration2-2.1.1.jar:/home/user/.m2/repository/org/apache/commons/commons-lang3/3.7/commons-lang3-3.7.jar:/home/user/.m2/repository/org/apache/commons/commons-text/1.4/commons-text-1.4.jar:/home/user/.m2/repository/org/apache/avro/avro/1.7.7/avro-1.7.7.jar:/home/user/.m2/repository/com/thoughtworks/paranamer/paranamer/2.3/paranamer-2.3.jar:/home/user/.m2/repository/org/xerial/snappy/snappy-java/1.0.5/snappy-java-1.0.5.jar:/home/user/.m2/repository/com/google/re2j/re2j/1.1/re2j-1.1.jar:/home/user/.m2/repository/com/google/code/gson/gson/2.2.4/gson-2.2.4.jar:/home/user/.m2/repository/com/jcraft/jsch/0.1.54/jsch-0.1.54.jar:/home/user/.m2/repository/org/apache/curator/curator-client/2.12.0/curator-client-2.12.0.jar:/home/user/.m2/repository/org/apache/curator/curator-recipes/2.12.0/curator-recipes-2.12.0.jar:/home/user/.m2/repository/com/google/code/findbugs/jsr305/3.0.0/jsr305-3.0.0.jar:/home/user/.m2/repository/org/apache/htrace/htrace-core4/4.1.0-incubating/htrace-core4-4.1.0-incubating.jar:/home/user/.m2/repository/org/apache/zookeeper/zookeeper/3.4.13/zookeeper-3.4.13.jar:/home/user/.m2/repository/jline/jline/0.9.94/jline-0.9.94.jar:/home/user/.m2/repository/org/apache/yetus/audience-annotations/0.5.0/audience-annotations-0.5.0.jar:/home/user/.m2/repository/org/codehaus/woodstox/stax2-api/3.1.4/stax2-api-3.1.4.jar:/home/user/.m2/repository/com/fasterxml/woodstox/woodstox-core/5.0.3/woodstox-core-5.0.3.jar:/home/user/.m2/repository/dnsjava/dnsjava/2.1.7/dnsjava-2.1.7.jar:/home/user/.m2/repository/org/apache/hadoop/hadoop-hdfs/3.2.0/hadoop-hdfs-3.2.0-tests.jar:/home/user/.m2/repository/org/eclipse/jetty/jetty-util-ajax/9.3.25.v20180904/jetty-util-ajax-9.3.25.v20180904.jar:/home/user/.m2/repository/commons-daemon/commons-daemon/1.0.13/commons-daemon-1.0.13.jar:/home/user/.m2/repository/io/netty/netty/3.10.5.Final/netty-3.10.5.Final.jar:/home/user/.m2/repository/io/netty/netty-all/4.0.52.Final/netty-all-4.0.52.Final.jar:/home/user/.m2/repository/org/fusesource/leveldbjni/leveldbjni-all/1.8/leveldbjni-all-1.8.jar:"/>
    <property name="sun.cpu.endian" value="little"/>
    <property name="user.home" value="/home/user"/>
    <property name="user.language" value="en"/>
    <property name="java.specification.vendor" value="Oracle Corporation"/>
    <property name="java.home" value="/usr/lib/jvm/java-1.8-openjdk/jre"/>
    <property name="java.security.krb5.conf" value="/workdir/hadoop-ozone/integration-test/target/test-classes/krb5.conf"/>
    <property name="basedir" value="/workdir/hadoop-ozone/integration-test"/>
    <property name="file.separator" value="/"/>
    <property name="line.separator" value="&#10;"/>
    <property name="java.vm.specification.vendor" value="Oracle Corporation"/>
    <property name="java.specification.name" value="Java Platform API Specification"/>
    <property name="java.awt.graphicsenv" value="sun.awt.X11GraphicsEnvironment"/>
    <property name="surefire.real.class.path" value="/workdir/hadoop-ozone/integration-test/target/surefire/surefirebooter8931611248126787895.jar"/>
    <property name="hadoop.log.dir" value="/workdir/hadoop-ozone/integration-test/target/log"/>
    <property name="sun.boot.class.path" value="/usr/lib/jvm/java-1.8-openjdk/jre/lib/resources.jar:/usr/lib/jvm/java-1.8-openjdk/jre/lib/rt.jar:/usr/lib/jvm/java-1.8-openjdk/jre/lib/sunrsasign.jar:/usr/lib/jvm/java-1.8-openjdk/jre/lib/jsse.jar:/usr/lib/jvm/java-1.8-openjdk/jre/lib/jce.jar:/usr/lib/jvm/java-1.8-openjdk/jre/lib/charsets.jar:/usr/lib/jvm/java-1.8-openjdk/jre/lib/jfr.jar:/usr/lib/jvm/java-1.8-openjdk/jre/classes"/>
    <property name="sun.management.compiler" value="HotSpot 64-Bit Tiered Compilers"/>
    <property name="java.runtime.version" value="1.8.0_212-b04"/>
    <property name="java.net.preferIPv4Stack" value="true"/>
    <property name="user.name" value="jenkins1000"/>
    <property name="path.separator" value=":"/>
    <property name="java.security.egd" value="file:///dev/urandom"/>
    <property name="os.version" value="3.10.0-957.12.2.el7.x86_64"/>
    <property name="java.endorsed.dirs" value="/usr/lib/jvm/java-1.8-openjdk/jre/lib/endorsed"/>
    <property name="java.runtime.name" value="OpenJDK Runtime Environment"/>
    <property name="file.encoding" value="UTF-8"/>
    <property name="java.vm.name" value="OpenJDK 64-Bit Server VM"/>
    <property name="test.build.webapps" value=""/>
    <property name="localRepository" value="/home/user/.m2/repository"/>
    <property name="java.vendor.url.bug" value="https://icedtea.classpath.org/bugzilla"/>
    <property name="java.io.tmpdir" value="/tmp"/>
    <property name="require.test.libhadoop" value=""/>
    <property name="java.version" value="1.8.0_212"/>
    <property name="user.dir" value="/workdir/hadoop-ozone/integration-test"/>
    <property name="os.arch" value="amd64"/>
    <property name="java.vm.specification.name" value="Java Virtual Machine Specification"/>
    <property name="test.build.classes" value="/workdir/hadoop-ozone/integration-test/target/test-classes"/>
    <property name="java.awt.printerjob" value="sun.print.PSPrinterJob"/>
    <property name="sun.os.patch.level" value="unknown"/>
    <property name="hadoop.tmp.dir" value="/workdir/hadoop-ozone/integration-test/target/tmp"/>
    <property name="java.library.path" value="/usr/lib/jvm/java-1.8-openjdk/jre/lib/amd64/server:/usr/lib/jvm/java-1.8-openjdk/jre/lib/amd64:/usr/lib/jvm/java-1.8-openjdk/jre/../lib/amd64:/workdir/hadoop-ozone/integration-test/target/native/target/usr/local/lib:/workdir/hadoop-ozone/integration-test/../../hadoop-common-project/hadoop-common/target/native/target/usr/local/lib:/usr/java/packages/lib/amd64:/usr/lib64:/lib64:/lib:/usr/lib"/>
    <property name="java.vm.info" value="mixed mode"/>
    <property name="java.vendor" value="IcedTea"/>
    <property name="java.vm.version" value="25.212-b04"/>
    <property name="java.ext.dirs" value="/usr/lib/jvm/java-1.8-openjdk/jre/lib/ext:/usr/java/packages/lib/ext"/>
    <property name="sun.io.unicode.encoding" value="UnicodeLittle"/>
    <property name="java.class.version" value="52.0"/>
  </properties>
  <testcase name="testPipelineExclusionWithPipelineFailure" classname="org.apache.hadoop.ozone.client.rpc.TestFailureHandlingByClient" time="53.578"/>
  <testcase name="testContainerExclusionWithClosedContainerException" classname="org.apache.hadoop.ozone.client.rpc.TestFailureHandlingByClient" time="37.334"/>
  <testcase name="testWriteSmallFile" classname="org.apache.hadoop.ozone.client.rpc.TestFailureHandlingByClient" time="67.039"/>
  <testcase name="testBlockWritesWithDnFailures" classname="org.apache.hadoop.ozone.client.rpc.TestFailureHandlingByClient" time="48.079"/>
  <testcase name="testDatanodeExclusionWithMajorityCommit" classname="org.apache.hadoop.ozone.client.rpc.TestFailureHandlingByClient" time="69.529">
    <error message="Allocated 0 blocks. Requested 1 blocks" type="INTERNAL_ERROR org.apache.hadoop.ozone.om.exceptions.OMException">INTERNAL_ERROR org.apache.hadoop.ozone.om.exceptions.OMException: Allocated 0 blocks. Requested 1 blocks
	at org.apache.hadoop.ozone.om.protocolPB.OzoneManagerProtocolClientSideTranslatorPB.handleError(OzoneManagerProtocolClientSideTranslatorPB.java:732)
	at org.apache.hadoop.ozone.om.protocolPB.OzoneManagerProtocolClientSideTranslatorPB.allocateBlock(OzoneManagerProtocolClientSideTranslatorPB.java:764)
	at sun.reflect.NativeMethodAccessorImpl.invoke0(Native Method)
	at sun.reflect.NativeMethodAccessorImpl.invoke(NativeMethodAccessorImpl.java:62)
	at sun.reflect.DelegatingMethodAccessorImpl.invoke(DelegatingMethodAccessorImpl.java:43)
	at java.lang.reflect.Method.invoke(Method.java:498)
	at org.apache.hadoop.hdds.tracing.TraceAllMethod.invoke(TraceAllMethod.java:66)
	at com.sun.proxy.$Proxy36.allocateBlock(Unknown Source)
	at org.apache.hadoop.ozone.client.io.BlockOutputStreamEntryPool.allocateNewBlock(BlockOutputStreamEntryPool.java:256)
	at org.apache.hadoop.ozone.client.io.BlockOutputStreamEntryPool.allocateBlockIfNeeded(BlockOutputStreamEntryPool.java:304)
	at org.apache.hadoop.ozone.client.io.KeyOutputStream.handleWrite(KeyOutputStream.java:198)
	at org.apache.hadoop.ozone.client.io.KeyOutputStream.handleRetry(KeyOutputStream.java:375)
	at org.apache.hadoop.ozone.client.io.KeyOutputStream.handleException(KeyOutputStream.java:324)
	at org.apache.hadoop.ozone.client.io.KeyOutputStream.handleFlushOrClose(KeyOutputStream.java:449)
	at org.apache.hadoop.ozone.client.io.KeyOutputStream.flush(KeyOutputStream.java:397)
	at org.apache.hadoop.ozone.client.io.OzoneOutputStream.flush(OzoneOutputStream.java:54)
	at org.apache.hadoop.ozone.client.rpc.TestFailureHandlingByClient.testDatanodeExclusionWithMajorityCommit(TestFailureHandlingByClient.java:299)
	at sun.reflect.NativeMethodAccessorImpl.invoke0(Native Method)
	at sun.reflect.NativeMethodAccessorImpl.invoke(NativeMethodAccessorImpl.java:62)
	at sun.reflect.DelegatingMethodAccessorImpl.invoke(DelegatingMethodAccessorImpl.java:43)
	at java.lang.reflect.Method.invoke(Method.java:498)
	at org.junit.runners.model.FrameworkMethod$1.runReflectiveCall(FrameworkMethod.java:47)
	at org.junit.internal.runners.model.ReflectiveCallable.run(ReflectiveCallable.java:12)
	at org.junit.runners.model.FrameworkMethod.invokeExplosively(FrameworkMethod.java:44)
	at org.junit.internal.runners.statements.InvokeMethod.evaluate(InvokeMethod.java:17)
	at org.junit.internal.runners.statements.RunAfters.evaluate(RunAfters.java:27)
	at org.junit.runners.ParentRunner.runLeaf(ParentRunner.java:271)
	at org.junit.runners.BlockJUnit4ClassRunner.runChild(BlockJUnit4ClassRunner.java:70)
	at org.junit.runners.BlockJUnit4ClassRunner.runChild(BlockJUnit4ClassRunner.java:50)
	at org.junit.runners.ParentRunner$3.run(ParentRunner.java:238)
	at org.junit.runners.ParentRunner$1.schedule(ParentRunner.java:63)
	at org.junit.runners.ParentRunner.runChildren(ParentRunner.java:236)
	at org.junit.runners.ParentRunner.access$000(ParentRunner.java:53)
	at org.junit.runners.ParentRunner$2.evaluate(ParentRunner.java:229)
	at org.junit.runners.ParentRunner.run(ParentRunner.java:309)
	at org.apache.maven.surefire.junit4.JUnit4Provider.execute(JUnit4Provider.java:365)
	at org.apache.maven.surefire.junit4.JUnit4Provider.executeWithRerun(JUnit4Provider.java:273)
	at org.apache.maven.surefire.junit4.JUnit4Provider.executeTestSet(JUnit4Provider.java:238)
	at org.apache.maven.surefire.junit4.JUnit4Provider.invoke(JUnit4Provider.java:159)
	at org.apache.maven.surefire.booter.ForkedBooter.invokeProviderInSameClassLoader(ForkedBooter.java:384)
	at org.apache.maven.surefire.booter.ForkedBooter.runSuitesInProcess(ForkedBooter.java:345)
	at org.apache.maven.surefire.booter.ForkedBooter.execute(ForkedBooter.java:126)
	at org.apache.maven.surefire.booter.ForkedBooter.main(ForkedBooter.java:418)
</error>
    <system-out><![CDATA[2019-10-04 13:46:18,828 [main] WARN  server.ServerUtils (ServerUtils.java:getScmDbDir(145)) - ozone.scm.db.dirs is not configured. We recommend adding this setting. Falling back to ozone.metadata.dirs instead.
2019-10-04 13:46:18,843 [main] WARN  server.ServerUtils (ServerUtils.java:getScmDbDir(145)) - ozone.scm.db.dirs is not configured. We recommend adding this setting. Falling back to ozone.metadata.dirs instead.
2019-10-04 13:46:18,843 [main] WARN  server.ServerUtils (ServerUtils.java:getScmDbDir(145)) - ozone.scm.db.dirs is not configured. We recommend adding this setting. Falling back to ozone.metadata.dirs instead.
2019-10-04 13:46:18,844 [main] INFO  db.DBStoreBuilder (DBStoreBuilder.java:addTable(117)) - using custom profile for table: deletedBlocks
2019-10-04 13:46:18,844 [main] INFO  db.DBStoreBuilder (DBStoreBuilder.java:processTables(168)) - Using default column profile:DBProfile.DISK for Table:deletedBlocks
2019-10-04 13:46:18,844 [main] INFO  db.DBStoreBuilder (DBStoreBuilder.java:addTable(117)) - using custom profile for table: validCerts
2019-10-04 13:46:18,844 [main] INFO  db.DBStoreBuilder (DBStoreBuilder.java:processTables(168)) - Using default column profile:DBProfile.DISK for Table:validCerts
2019-10-04 13:46:18,845 [main] INFO  db.DBStoreBuilder (DBStoreBuilder.java:addTable(117)) - using custom profile for table: revokedCerts
2019-10-04 13:46:18,845 [main] INFO  db.DBStoreBuilder (DBStoreBuilder.java:processTables(168)) - Using default column profile:DBProfile.DISK for Table:revokedCerts
2019-10-04 13:46:18,845 [main] INFO  db.DBStoreBuilder (DBStoreBuilder.java:addTable(117)) - using custom profile for table: default
2019-10-04 13:46:18,845 [main] INFO  db.DBStoreBuilder (DBStoreBuilder.java:processTables(174)) - Using default column profile:DBProfile.DISK for Table:default
2019-10-04 13:46:18,845 [main] INFO  db.DBStoreBuilder (DBStoreBuilder.java:getDbProfile(205)) - Using default options. DBProfile.DISK
2019-10-04 13:46:19,031 [main] INFO  net.NodeSchemaLoader (NodeSchemaLoader.java:loadSchemaFromFile(125)) - Loading file from sun.misc.CompoundEnumeration@242ff747
2019-10-04 13:46:19,031 [main] INFO  net.NodeSchemaLoader (NodeSchemaLoader.java:loadSchema(171)) - Loading network topology layer schema file
2019-10-04 13:46:19,035 [main] INFO  node.SCMNodeManager (SCMNodeManager.java:<init>(114)) - Entering startup safe mode.
2019-10-04 13:46:19,036 [main] INFO  algorithms.ContainerPlacementPolicyFactory (ContainerPlacementPolicyFactory.java:getPolicy(57)) - Create container placement policy of type org.apache.hadoop.hdds.scm.container.placement.algorithms.SCMContainerPlacementRandom
2019-10-04 13:46:19,036 [main] WARN  server.ServerUtils (ServerUtils.java:getScmDbDir(145)) - ozone.scm.db.dirs is not configured. We recommend adding this setting. Falling back to ozone.metadata.dirs instead.
2019-10-04 13:46:19,111 [main] INFO  pipeline.SCMPipelineManager (SCMPipelineManager.java:initializePipelineState(132)) - No pipeline exists in current db
2019-10-04 13:46:19,111 [main] WARN  server.ServerUtils (ServerUtils.java:getScmDbDir(145)) - ozone.scm.db.dirs is not configured. We recommend adding this setting. Falling back to ozone.metadata.dirs instead.
2019-10-04 13:46:19,247 [main] WARN  events.EventQueue (EventQueue.java:fireEvent(183)) - No event handler registered for event TypedEvent{payloadType=SafeModeStatus, name='SafeModeStatus'}
2019-10-04 13:46:19,248 [main] INFO  ipc.CallQueueManager (CallQueueManager.java:<init>(84)) - Using callQueue: class java.util.concurrent.LinkedBlockingQueue, queueCapacity: 2000, scheduler: class org.apache.hadoop.ipc.DefaultRpcScheduler, ipcBackoff: false.
2019-10-04 13:46:19,249 [Socket Reader #1 for port 39117] INFO  ipc.Server (Server.java:run(1074)) - Starting Socket Reader #1 for port 39117
2019-10-04 13:46:19,251 [main] INFO  ipc.CallQueueManager (CallQueueManager.java:<init>(84)) - Using callQueue: class java.util.concurrent.LinkedBlockingQueue, queueCapacity: 2000, scheduler: class org.apache.hadoop.ipc.DefaultRpcScheduler, ipcBackoff: false.
2019-10-04 13:46:19,251 [Socket Reader #1 for port 42892] INFO  ipc.Server (Server.java:run(1074)) - Starting Socket Reader #1 for port 42892
2019-10-04 13:46:19,253 [main] INFO  ipc.CallQueueManager (CallQueueManager.java:<init>(84)) - Using callQueue: class java.util.concurrent.LinkedBlockingQueue, queueCapacity: 2000, scheduler: class org.apache.hadoop.ipc.DefaultRpcScheduler, ipcBackoff: false.
2019-10-04 13:46:19,253 [Socket Reader #1 for port 42557] INFO  ipc.Server (Server.java:run(1074)) - Starting Socket Reader #1 for port 42557
2019-10-04 13:46:19,255 [main] INFO  hdfs.DFSUtil (DFSUtil.java:httpServerTemplateForNNAndJN(1641)) - Starting Web-server for scm at: http://0.0.0.0:0
2019-10-04 13:46:19,256 [main] INFO  server.AuthenticationFilter (AuthenticationFilter.java:constructSecretProvider(240)) - Unable to initialize FileSignerSecretProvider, falling back to use random secrets.
2019-10-04 13:46:19,257 [main] WARN  http.HttpRequestLog (HttpRequestLog.java:getRequestLog(97)) - Jetty request log can only be enabled using Log4j
2019-10-04 13:46:19,259 [main] INFO  http.HttpServer2 (HttpServer2.java:addGlobalFilter(975)) - Added global filter 'safety' (class=org.apache.hadoop.http.HttpServer2$QuotingInputFilter)
2019-10-04 13:46:19,259 [main] INFO  http.HttpServer2 (HttpServer2.java:addFilter(948)) - Added filter static_user_filter (class=org.apache.hadoop.http.lib.StaticUserWebFilter$StaticUserFilter) to context scm
2019-10-04 13:46:19,259 [main] INFO  http.HttpServer2 (HttpServer2.java:addFilter(958)) - Added filter static_user_filter (class=org.apache.hadoop.http.lib.StaticUserWebFilter$StaticUserFilter) to context static
2019-10-04 13:46:19,259 [main] INFO  http.HttpServer2 (HttpServer2.java:addFilter(958)) - Added filter static_user_filter (class=org.apache.hadoop.http.lib.StaticUserWebFilter$StaticUserFilter) to context logs
2019-10-04 13:46:19,262 [main] INFO  server.StorageContainerManager (StorageContainerManager.java:start(770)) - StorageContainerLocationProtocol RPC server is listening at /0.0.0.0:42557
2019-10-04 13:46:19,264 [main] WARN  impl.MetricsConfig (MetricsConfig.java:loadFirst(134)) - Cannot locate configuration: tried hadoop-metrics2-storagecontainermanager.properties,hadoop-metrics2.properties
2019-10-04 13:46:19,264 [main] INFO  impl.MetricsSystemImpl (MetricsSystemImpl.java:startTimer(374)) - Scheduled Metric snapshot period at 10 second(s).
2019-10-04 13:46:19,264 [main] INFO  impl.MetricsSystemImpl (MetricsSystemImpl.java:start(191)) - StorageContainerManager metrics system started
2019-10-04 13:46:19,421 [main] WARN  impl.MetricsSystemImpl (MetricsSystemImpl.java:register(276)) - Sink prometheus already exists!
2019-10-04 13:46:19,485 [main] INFO  server.SCMClientProtocolServer (SCMClientProtocolServer.java:start(159)) - RPC server for Client  is listening at /0.0.0.0:42557
2019-10-04 13:46:19,485 [IPC Server Responder] INFO  ipc.Server (Server.java:run(1314)) - IPC Server Responder: starting
2019-10-04 13:46:19,485 [IPC Server listener on 42557] INFO  ipc.Server (Server.java:run(1153)) - IPC Server listener on 42557: starting
2019-10-04 13:46:19,489 [main] INFO  server.StorageContainerManager (StorageContainerManager.java:start(780)) - ScmBlockLocationProtocol RPC server is listening at /0.0.0.0:42892
2019-10-04 13:46:19,489 [main] INFO  server.SCMBlockProtocolServer (SCMBlockProtocolServer.java:start(146)) - RPC server for Block Protocol is listening at /0.0.0.0:42892
2019-10-04 13:46:19,489 [IPC Server Responder] INFO  ipc.Server (Server.java:run(1314)) - IPC Server Responder: starting
2019-10-04 13:46:19,489 [IPC Server listener on 42892] INFO  ipc.Server (Server.java:run(1153)) - IPC Server listener on 42892: starting
2019-10-04 13:46:19,493 [main] INFO  server.StorageContainerManager (StorageContainerManager.java:start(784)) - ScmDatanodeProtocl RPC server is listening at /0.0.0.0:39117
2019-10-04 13:46:19,493 [main] INFO  server.SCMDatanodeProtocolServer (SCMDatanodeProtocolServer.java:start(169)) - RPC server for DataNodes is listening at /0.0.0.0:39117
2019-10-04 13:46:19,493 [IPC Server Responder] INFO  ipc.Server (Server.java:run(1314)) - IPC Server Responder: starting
2019-10-04 13:46:19,493 [IPC Server listener on 39117] INFO  ipc.Server (Server.java:run(1153)) - IPC Server listener on 39117: starting
2019-10-04 13:46:19,497 [main] INFO  http.HttpServer2 (HttpServer2.java:bindListener(1191)) - Jetty bound to port 39448
2019-10-04 13:46:19,497 [main] INFO  server.Server (Server.java:doStart(351)) - jetty-9.3.25.v20180904, build timestamp: 2018-09-04T21:11:46Z, git hash: 3ce520221d0240229c862b122d2b06c12a625732
2019-10-04 13:46:19,498 [main] INFO  handler.ContextHandler (ContextHandler.java:doStart(781)) - Started o.e.j.s.ServletContextHandler@1ea930eb{/logs,file:///workdir/hadoop-ozone/integration-test/target/log,AVAILABLE}
2019-10-04 13:46:19,499 [main] INFO  handler.ContextHandler (ContextHandler.java:doStart(781)) - Started o.e.j.s.ServletContextHandler@1fe8f5e8{/static,file:///workdir/hadoop-ozone/integration-test/target/test-classes/webapps/static,AVAILABLE}
2019-10-04 13:46:19,502 [main] INFO  handler.ContextHandler (ContextHandler.java:doStart(781)) - Started o.e.j.w.WebAppContext@2b0454d2{/,file:///workdir/hadoop-ozone/integration-test/target/test-classes/webapps/scm/,AVAILABLE}{/scm}
2019-10-04 13:46:19,502 [main] INFO  server.AbstractConnector (AbstractConnector.java:doStart(278)) - Started ServerConnector@2616b618{HTTP/1.1,[http/1.1]}{0.0.0.0:39448}
2019-10-04 13:46:19,504 [main] INFO  server.Server (Server.java:doStart(419)) - Started @207161ms
2019-10-04 13:46:19,504 [main] WARN  impl.MetricsSystemImpl (MetricsSystemImpl.java:register(276)) - Sink prometheus already exists!
2019-10-04 13:46:19,505 [main] INFO  server.BaseHttpServer (BaseHttpServer.java:updateConnectorAddress(215)) - HTTP server of SCM is listening at http://0.0.0.0:39448
2019-10-04 13:46:19,505 [main] WARN  server.ServerUtils (ServerUtils.java:getDBPath(222)) - ozone.om.db.dirs is not configured. We recommend adding this setting. Falling back to ozone.metadata.dirs instead.
2019-10-04 13:46:19,506 [org.apache.hadoop.util.JvmPauseMonitor$Monitor@7ac058a0] INFO  util.JvmPauseMonitor (JvmPauseMonitor.java:run(188)) - Starting JVM pause monitor
2019-10-04 13:46:19,533 [main] INFO  ha.OMHANodeDetails (OMHANodeDetails.java:loadOMHAConfig(190)) - Configuration either no ozone.om.address set. Falling back to the default OM address /127.0.0.1:0
2019-10-04 13:46:19,533 [main] INFO  ha.OMHANodeDetails (OMHANodeDetails.java:getOMNodeDetails(220)) - OM Service ID is not set. Setting it to the default ID: omServiceIdDefault
2019-10-04 13:46:19,533 [main] WARN  server.ServerUtils (ServerUtils.java:getDBPath(222)) - ozone.om.db.dirs is not configured. We recommend adding this setting. Falling back to ozone.metadata.dirs instead.
2019-10-04 13:46:19,533 [main] WARN  server.ServerUtils (ServerUtils.java:getDBPath(222)) - ozone.om.db.dirs is not configured. We recommend adding this setting. Falling back to ozone.metadata.dirs instead.
2019-10-04 13:46:19,538 [main] WARN  server.ServerUtils (ServerUtils.java:getDBPath(222)) - ozone.om.db.dirs is not configured. We recommend adding this setting. Falling back to ozone.metadata.dirs instead.
2019-10-04 13:46:19,539 [main] INFO  db.DBStoreBuilder (DBStoreBuilder.java:addTable(117)) - using custom profile for table: userTable
2019-10-04 13:46:19,539 [main] INFO  db.DBStoreBuilder (DBStoreBuilder.java:processTables(168)) - Using default column profile:DBProfile.DISK for Table:userTable
2019-10-04 13:46:19,539 [main] INFO  db.DBStoreBuilder (DBStoreBuilder.java:addTable(117)) - using custom profile for table: volumeTable
2019-10-04 13:46:19,539 [main] INFO  db.DBStoreBuilder (DBStoreBuilder.java:processTables(168)) - Using default column profile:DBProfile.DISK for Table:volumeTable
2019-10-04 13:46:19,539 [main] INFO  db.DBStoreBuilder (DBStoreBuilder.java:addTable(117)) - using custom profile for table: bucketTable
2019-10-04 13:46:19,540 [main] INFO  db.DBStoreBuilder (DBStoreBuilder.java:processTables(168)) - Using default column profile:DBProfile.DISK for Table:bucketTable
2019-10-04 13:46:19,540 [main] INFO  db.DBStoreBuilder (DBStoreBuilder.java:addTable(117)) - using custom profile for table: keyTable
2019-10-04 13:46:19,540 [main] INFO  db.DBStoreBuilder (DBStoreBuilder.java:processTables(168)) - Using default column profile:DBProfile.DISK for Table:keyTable
2019-10-04 13:46:19,540 [main] INFO  db.DBStoreBuilder (DBStoreBuilder.java:addTable(117)) - using custom profile for table: deletedTable
2019-10-04 13:46:19,540 [main] INFO  db.DBStoreBuilder (DBStoreBuilder.java:processTables(168)) - Using default column profile:DBProfile.DISK for Table:deletedTable
2019-10-04 13:46:19,540 [main] INFO  db.DBStoreBuilder (DBStoreBuilder.java:addTable(117)) - using custom profile for table: openKeyTable
2019-10-04 13:46:19,540 [main] INFO  db.DBStoreBuilder (DBStoreBuilder.java:processTables(168)) - Using default column profile:DBProfile.DISK for Table:openKeyTable
2019-10-04 13:46:19,541 [main] INFO  db.DBStoreBuilder (DBStoreBuilder.java:addTable(117)) - using custom profile for table: s3Table
2019-10-04 13:46:19,541 [main] INFO  db.DBStoreBuilder (DBStoreBuilder.java:processTables(168)) - Using default column profile:DBProfile.DISK for Table:s3Table
2019-10-04 13:46:19,541 [main] INFO  db.DBStoreBuilder (DBStoreBuilder.java:addTable(117)) - using custom profile for table: multipartInfoTable
2019-10-04 13:46:19,541 [main] INFO  db.DBStoreBuilder (DBStoreBuilder.java:processTables(168)) - Using default column profile:DBProfile.DISK for Table:multipartInfoTable
2019-10-04 13:46:19,541 [main] INFO  db.DBStoreBuilder (DBStoreBuilder.java:addTable(117)) - using custom profile for table: dTokenTable
2019-10-04 13:46:19,541 [main] INFO  db.DBStoreBuilder (DBStoreBuilder.java:processTables(168)) - Using default column profile:DBProfile.DISK for Table:dTokenTable
2019-10-04 13:46:19,541 [main] INFO  db.DBStoreBuilder (DBStoreBuilder.java:addTable(117)) - using custom profile for table: s3SecretTable
2019-10-04 13:46:19,542 [main] INFO  db.DBStoreBuilder (DBStoreBuilder.java:processTables(168)) - Using default column profile:DBProfile.DISK for Table:s3SecretTable
2019-10-04 13:46:19,542 [main] INFO  db.DBStoreBuilder (DBStoreBuilder.java:addTable(117)) - using custom profile for table: prefixTable
2019-10-04 13:46:19,542 [main] INFO  db.DBStoreBuilder (DBStoreBuilder.java:processTables(168)) - Using default column profile:DBProfile.DISK for Table:prefixTable
2019-10-04 13:46:19,542 [main] INFO  db.DBStoreBuilder (DBStoreBuilder.java:addTable(117)) - using custom profile for table: default
2019-10-04 13:46:19,542 [main] INFO  db.DBStoreBuilder (DBStoreBuilder.java:processTables(174)) - Using default column profile:DBProfile.DISK for Table:default
2019-10-04 13:46:19,542 [main] INFO  db.DBStoreBuilder (DBStoreBuilder.java:getDbProfile(205)) - Using default options. DBProfile.DISK
2019-10-04 13:46:20,283 [main] INFO  ipc.CallQueueManager (CallQueueManager.java:<init>(84)) - Using callQueue: class java.util.concurrent.LinkedBlockingQueue, queueCapacity: 2000, scheduler: class org.apache.hadoop.ipc.DefaultRpcScheduler, ipcBackoff: false.
2019-10-04 13:46:20,284 [Socket Reader #1 for port 44546] INFO  ipc.Server (Server.java:run(1074)) - Starting Socket Reader #1 for port 44546
2019-10-04 13:46:20,295 [main] INFO  om.OzoneManager (OzoneManager.java:start(1069)) - OzoneManager RPC server is listening at localhost/127.0.0.1:44546
2019-10-04 13:46:20,295 [main] INFO  impl.MetricsSystemImpl (MetricsSystemImpl.java:init(158)) - OzoneManager metrics system started (again)
2019-10-04 13:46:20,296 [IPC Server Responder] INFO  ipc.Server (Server.java:run(1314)) - IPC Server Responder: starting
2019-10-04 13:46:20,298 [IPC Server listener on 44546] INFO  ipc.Server (Server.java:run(1153)) - IPC Server listener on 44546: starting
2019-10-04 13:46:20,302 [main] INFO  hdfs.DFSUtil (DFSUtil.java:httpServerTemplateForNNAndJN(1641)) - Starting Web-server for ozoneManager at: http://0.0.0.0:0
2019-10-04 13:46:20,303 [main] INFO  server.AuthenticationFilter (AuthenticationFilter.java:constructSecretProvider(240)) - Unable to initialize FileSignerSecretProvider, falling back to use random secrets.
2019-10-04 13:46:20,303 [main] WARN  http.HttpRequestLog (HttpRequestLog.java:getRequestLog(97)) - Jetty request log can only be enabled using Log4j
2019-10-04 13:46:20,304 [main] INFO  http.HttpServer2 (HttpServer2.java:addGlobalFilter(975)) - Added global filter 'safety' (class=org.apache.hadoop.http.HttpServer2$QuotingInputFilter)
2019-10-04 13:46:20,305 [main] INFO  http.HttpServer2 (HttpServer2.java:addFilter(948)) - Added filter static_user_filter (class=org.apache.hadoop.http.lib.StaticUserWebFilter$StaticUserFilter) to context ozoneManager
2019-10-04 13:46:20,305 [main] INFO  http.HttpServer2 (HttpServer2.java:addFilter(958)) - Added filter static_user_filter (class=org.apache.hadoop.http.lib.StaticUserWebFilter$StaticUserFilter) to context logs
2019-10-04 13:46:20,305 [main] INFO  http.HttpServer2 (HttpServer2.java:addFilter(958)) - Added filter static_user_filter (class=org.apache.hadoop.http.lib.StaticUserWebFilter$StaticUserFilter) to context static
2019-10-04 13:46:20,305 [main] INFO  http.HttpServer2 (HttpServer2.java:bindListener(1191)) - Jetty bound to port 36390
2019-10-04 13:46:20,306 [main] INFO  server.Server (Server.java:doStart(351)) - jetty-9.3.25.v20180904, build timestamp: 2018-09-04T21:11:46Z, git hash: 3ce520221d0240229c862b122d2b06c12a625732
2019-10-04 13:46:20,307 [main] INFO  handler.ContextHandler (ContextHandler.java:doStart(781)) - Started o.e.j.s.ServletContextHandler@66756662{/logs,file:///workdir/hadoop-ozone/integration-test/target/log,AVAILABLE}
2019-10-04 13:46:20,307 [main] INFO  handler.ContextHandler (ContextHandler.java:doStart(781)) - Started o.e.j.s.ServletContextHandler@38cfecf3{/static,file:///workdir/hadoop-ozone/integration-test/target/test-classes/webapps/static,AVAILABLE}
2019-10-04 13:46:20,310 [main] INFO  handler.ContextHandler (ContextHandler.java:doStart(781)) - Started o.e.j.w.WebAppContext@1b30a54e{/,file:///workdir/hadoop-ozone/integration-test/target/test-classes/webapps/ozoneManager/,AVAILABLE}{/ozoneManager}
2019-10-04 13:46:20,310 [main] INFO  server.AbstractConnector (AbstractConnector.java:doStart(278)) - Started ServerConnector@26275b46{HTTP/1.1,[http/1.1]}{0.0.0.0:36390}
2019-10-04 13:46:20,311 [main] INFO  server.Server (Server.java:doStart(419)) - Started @207969ms
2019-10-04 13:46:20,312 [main] WARN  impl.MetricsSystemImpl (MetricsSystemImpl.java:register(276)) - Sink prometheus already exists!
2019-10-04 13:46:20,312 [main] INFO  server.BaseHttpServer (BaseHttpServer.java:updateConnectorAddress(215)) - HTTP server of OZONEMANAGER is listening at http://0.0.0.0:36390
2019-10-04 13:46:20,333 [main] INFO  impl.MetricsSystemImpl (MetricsSystemImpl.java:init(158)) - HddsDatanode metrics system started (again)
2019-10-04 13:46:20,338 [main] INFO  ozone.HddsDatanodeService (HddsDatanodeService.java:start(184)) - HddsDatanodeService host:pr-hdds-2233-hr7xq-248966361 ip:192.168.30.33
2019-10-04 13:46:20,345 [main] INFO  volume.HddsVolume (HddsVolume.java:<init>(176)) - Creating Volume: /workdir/hadoop-ozone/integration-test/target/test-dir/MiniOzoneClusterImpl-7f8d01bd-209a-4bb2-b348-2961670ba14e/datanode-0/data/containers/hdds of  storage type : DISK and capacity : 1482555576320
2019-10-04 13:46:20,345 [main] INFO  volume.VolumeSet (VolumeSet.java:initializeVolumeSet(170)) - Added Volume : /workdir/hadoop-ozone/integration-test/target/test-dir/MiniOzoneClusterImpl-7f8d01bd-209a-4bb2-b348-2961670ba14e/datanode-0/data/containers/hdds to VolumeSet
2019-10-04 13:46:20,346 [main] INFO  volume.ThrottledAsyncChecker (ThrottledAsyncChecker.java:schedule(139)) - Scheduling a check for org.apache.hadoop.ozone.container.common.volume.HddsVolume@134a8ead
2019-10-04 13:46:20,346 [main] INFO  volume.HddsVolumeChecker (HddsVolumeChecker.java:checkAllVolumes(202)) - Scheduled health check for volume org.apache.hadoop.ozone.container.common.volume.HddsVolume@134a8ead
2019-10-04 13:46:20,361 [main] INFO  impl.RaftServerProxy (ConfUtils.java:logGet(43)) - raft.rpc.type = GRPC (default)
2019-10-04 13:46:20,362 [main] INFO  grpc.GrpcFactory (GrpcFactory.java:checkPooledByteBufAllocatorUseCacheForAllThreads(45)) - PERFORMANCE WARNING: useCacheForAllThreads is true that may cause Netty to create a lot garbage objects and, as a result, trigger GC.
	It is recommended to disable useCacheForAllThreads by setting -Dorg.apache.ratis.thirdparty.io.netty.allocator.useCacheForAllThreads=false in command line.
2019-10-04 13:46:20,362 [main] INFO  grpc.GrpcConfigKeys$Server (ConfUtils.java:logGet(43)) - raft.grpc.server.port = 0 (default)
2019-10-04 13:46:20,362 [main] INFO  server.GrpcService (ConfUtils.java:logGet(43)) - raft.grpc.message.size.max = 33570816 (custom)
2019-10-04 13:46:20,362 [main] INFO  server.RaftServerConfigKeys (ConfUtils.java:logGet(43)) - raft.server.log.appender.buffer.byte-limit = 33554432 (custom)
2019-10-04 13:46:20,363 [main] INFO  server.GrpcService (ConfUtils.java:logGet(43)) - raft.grpc.flow.control.window = 1MB (=1048576) (default)
2019-10-04 13:46:20,363 [main] INFO  server.RaftServerConfigKeys (ConfUtils.java:logGet(43)) - raft.server.rpc.request.timeout = 3000ms (default)
2019-10-04 13:46:20,363 [main] INFO  server.RaftServerConfigKeys (ConfUtils.java:logGet(43)) - raft.server.storage.dir = [/workdir/hadoop-ozone/integration-test/target/test-dir/MiniOzoneClusterImpl-7f8d01bd-209a-4bb2-b348-2961670ba14e/datanode-0/data/ratis] (custom)
2019-10-04 13:46:20,365 [main] INFO  hdfs.DFSUtil (DFSUtil.java:httpServerTemplateForNNAndJN(1641)) - Starting Web-server for hddsDatanode at: http://0.0.0.0:0
2019-10-04 13:46:20,366 [main] INFO  server.AuthenticationFilter (AuthenticationFilter.java:constructSecretProvider(240)) - Unable to initialize FileSignerSecretProvider, falling back to use random secrets.
2019-10-04 13:46:20,367 [main] WARN  http.HttpRequestLog (HttpRequestLog.java:getRequestLog(97)) - Jetty request log can only be enabled using Log4j
2019-10-04 13:46:20,368 [main] INFO  http.HttpServer2 (HttpServer2.java:addGlobalFilter(975)) - Added global filter 'safety' (class=org.apache.hadoop.http.HttpServer2$QuotingInputFilter)
2019-10-04 13:46:20,369 [main] INFO  http.HttpServer2 (HttpServer2.java:addFilter(948)) - Added filter static_user_filter (class=org.apache.hadoop.http.lib.StaticUserWebFilter$StaticUserFilter) to context hddsDatanode
2019-10-04 13:46:20,369 [main] INFO  http.HttpServer2 (HttpServer2.java:addFilter(958)) - Added filter static_user_filter (class=org.apache.hadoop.http.lib.StaticUserWebFilter$StaticUserFilter) to context logs
2019-10-04 13:46:20,369 [main] INFO  http.HttpServer2 (HttpServer2.java:addFilter(958)) - Added filter static_user_filter (class=org.apache.hadoop.http.lib.StaticUserWebFilter$StaticUserFilter) to context static
2019-10-04 13:46:20,370 [main] INFO  http.HttpServer2 (HttpServer2.java:bindListener(1191)) - Jetty bound to port 36253
2019-10-04 13:46:20,370 [main] INFO  server.Server (Server.java:doStart(351)) - jetty-9.3.25.v20180904, build timestamp: 2018-09-04T21:11:46Z, git hash: 3ce520221d0240229c862b122d2b06c12a625732
2019-10-04 13:46:20,371 [main] INFO  handler.ContextHandler (ContextHandler.java:doStart(781)) - Started o.e.j.s.ServletContextHandler@207dd1b7{/logs,file:///workdir/hadoop-ozone/integration-test/target/log,AVAILABLE}
2019-10-04 13:46:20,372 [main] INFO  handler.ContextHandler (ContextHandler.java:doStart(781)) - Started o.e.j.s.ServletContextHandler@23ad2d17{/static,jar:file:/home/user/.m2/repository/org/apache/hadoop/hadoop-hdds-container-service/0.5.0-SNAPSHOT/hadoop-hdds-container-service-0.5.0-SNAPSHOT.jar!/webapps/static,AVAILABLE}
2019-10-04 13:46:20,407 [main] INFO  handler.ContextHandler (ContextHandler.java:doStart(781)) - Started o.e.j.w.WebAppContext@1c74d19{/,file:///tmp/jetty-0.0.0.0-36253-hddsDatanode-_-any-846737773607181657.dir/webapp/,AVAILABLE}{/hddsDatanode}
2019-10-04 13:46:20,407 [main] INFO  server.AbstractConnector (AbstractConnector.java:doStart(278)) - Started ServerConnector@24197b13{HTTP/1.1,[http/1.1]}{0.0.0.0:36253}
2019-10-04 13:46:20,409 [main] INFO  server.Server (Server.java:doStart(419)) - Started @208066ms
2019-10-04 13:46:20,409 [main] WARN  impl.MetricsSystemImpl (MetricsSystemImpl.java:register(276)) - Sink prometheus already exists!
2019-10-04 13:46:20,410 [main] INFO  server.BaseHttpServer (BaseHttpServer.java:updateConnectorAddress(215)) - HTTP server of HDDSDATANODE is listening at http://0.0.0.0:36253
2019-10-04 13:46:20,410 [main] INFO  impl.MetricsSystemImpl (MetricsSystemImpl.java:init(158)) - HddsDatanode metrics system started (again)
2019-10-04 13:46:20,415 [org.apache.hadoop.util.JvmPauseMonitor$Monitor@2bed4104] INFO  util.JvmPauseMonitor (JvmPauseMonitor.java:run(188)) - Starting JVM pause monitor
2019-10-04 13:46:20,416 [Datanode State Machine Thread - 0] INFO  datanode.InitDatanodeState (InitDatanodeState.java:persistContainerDatanodeDetails(140)) - DatanodeDetails is persisted to /workdir/hadoop-ozone/integration-test/target/test-dir/MiniOzoneClusterImpl-7f8d01bd-209a-4bb2-b348-2961670ba14e/datanode-0/meta/datanode.id
2019-10-04 13:46:20,416 [main] INFO  ozone.HddsDatanodeService (HddsDatanodeService.java:start(184)) - HddsDatanodeService host:pr-hdds-2233-hr7xq-248966361 ip:192.168.30.33
2019-10-04 13:46:20,425 [main] INFO  volume.HddsVolume (HddsVolume.java:<init>(176)) - Creating Volume: /workdir/hadoop-ozone/integration-test/target/test-dir/MiniOzoneClusterImpl-7f8d01bd-209a-4bb2-b348-2961670ba14e/datanode-1/data/containers/hdds of  storage type : DISK and capacity : 1482555576320
2019-10-04 13:46:20,435 [main] INFO  volume.VolumeSet (VolumeSet.java:initializeVolumeSet(170)) - Added Volume : /workdir/hadoop-ozone/integration-test/target/test-dir/MiniOzoneClusterImpl-7f8d01bd-209a-4bb2-b348-2961670ba14e/datanode-1/data/containers/hdds to VolumeSet
2019-10-04 13:46:20,435 [main] INFO  volume.ThrottledAsyncChecker (ThrottledAsyncChecker.java:schedule(139)) - Scheduling a check for org.apache.hadoop.ozone.container.common.volume.HddsVolume@164d01ba
2019-10-04 13:46:20,436 [main] INFO  volume.HddsVolumeChecker (HddsVolumeChecker.java:checkAllVolumes(202)) - Scheduled health check for volume org.apache.hadoop.ozone.container.common.volume.HddsVolume@164d01ba
2019-10-04 13:46:20,450 [main] INFO  impl.RaftServerProxy (ConfUtils.java:logGet(43)) - raft.rpc.type = GRPC (default)
2019-10-04 13:46:20,450 [main] INFO  grpc.GrpcFactory (GrpcFactory.java:checkPooledByteBufAllocatorUseCacheForAllThreads(45)) - PERFORMANCE WARNING: useCacheForAllThreads is true that may cause Netty to create a lot garbage objects and, as a result, trigger GC.
	It is recommended to disable useCacheForAllThreads by setting -Dorg.apache.ratis.thirdparty.io.netty.allocator.useCacheForAllThreads=false in command line.
2019-10-04 13:46:20,450 [main] INFO  grpc.GrpcConfigKeys$Server (ConfUtils.java:logGet(43)) - raft.grpc.server.port = 0 (default)
2019-10-04 13:46:20,450 [main] INFO  server.GrpcService (ConfUtils.java:logGet(43)) - raft.grpc.message.size.max = 33570816 (custom)
2019-10-04 13:46:20,450 [main] INFO  server.RaftServerConfigKeys (ConfUtils.java:logGet(43)) - raft.server.log.appender.buffer.byte-limit = 33554432 (custom)
2019-10-04 13:46:20,450 [main] INFO  server.GrpcService (ConfUtils.java:logGet(43)) - raft.grpc.flow.control.window = 1MB (=1048576) (default)
2019-10-04 13:46:20,451 [main] INFO  server.RaftServerConfigKeys (ConfUtils.java:logGet(43)) - raft.server.rpc.request.timeout = 3000ms (default)
2019-10-04 13:46:20,451 [main] INFO  server.RaftServerConfigKeys (ConfUtils.java:logGet(43)) - raft.server.storage.dir = [/workdir/hadoop-ozone/integration-test/target/test-dir/MiniOzoneClusterImpl-7f8d01bd-209a-4bb2-b348-2961670ba14e/datanode-1/data/ratis] (custom)
2019-10-04 13:46:20,452 [main] INFO  hdfs.DFSUtil (DFSUtil.java:httpServerTemplateForNNAndJN(1641)) - Starting Web-server for hddsDatanode at: http://0.0.0.0:0
2019-10-04 13:46:20,453 [main] INFO  server.AuthenticationFilter (AuthenticationFilter.java:constructSecretProvider(240)) - Unable to initialize FileSignerSecretProvider, falling back to use random secrets.
2019-10-04 13:46:20,454 [main] WARN  http.HttpRequestLog (HttpRequestLog.java:getRequestLog(97)) - Jetty request log can only be enabled using Log4j
2019-10-04 13:46:20,455 [main] INFO  http.HttpServer2 (HttpServer2.java:addGlobalFilter(975)) - Added global filter 'safety' (class=org.apache.hadoop.http.HttpServer2$QuotingInputFilter)
2019-10-04 13:46:20,456 [main] INFO  http.HttpServer2 (HttpServer2.java:addFilter(948)) - Added filter static_user_filter (class=org.apache.hadoop.http.lib.StaticUserWebFilter$StaticUserFilter) to context hddsDatanode
2019-10-04 13:46:20,456 [main] INFO  http.HttpServer2 (HttpServer2.java:addFilter(958)) - Added filter static_user_filter (class=org.apache.hadoop.http.lib.StaticUserWebFilter$StaticUserFilter) to context logs
2019-10-04 13:46:20,456 [main] INFO  http.HttpServer2 (HttpServer2.java:addFilter(958)) - Added filter static_user_filter (class=org.apache.hadoop.http.lib.StaticUserWebFilter$StaticUserFilter) to context static
2019-10-04 13:46:20,457 [main] INFO  http.HttpServer2 (HttpServer2.java:bindListener(1191)) - Jetty bound to port 41662
2019-10-04 13:46:20,457 [main] INFO  server.Server (Server.java:doStart(351)) - jetty-9.3.25.v20180904, build timestamp: 2018-09-04T21:11:46Z, git hash: 3ce520221d0240229c862b122d2b06c12a625732
2019-10-04 13:46:20,458 [main] INFO  handler.ContextHandler (ContextHandler.java:doStart(781)) - Started o.e.j.s.ServletContextHandler@2e362407{/logs,file:///workdir/hadoop-ozone/integration-test/target/log,AVAILABLE}
2019-10-04 13:46:20,458 [main] INFO  handler.ContextHandler (ContextHandler.java:doStart(781)) - Started o.e.j.s.ServletContextHandler@440ef8d{/static,jar:file:/home/user/.m2/repository/org/apache/hadoop/hadoop-hdds-container-service/0.5.0-SNAPSHOT/hadoop-hdds-container-service-0.5.0-SNAPSHOT.jar!/webapps/static,AVAILABLE}
2019-10-04 13:46:20,485 [main] INFO  handler.ContextHandler (ContextHandler.java:doStart(781)) - Started o.e.j.w.WebAppContext@693f2213{/,file:///tmp/jetty-0.0.0.0-41662-hddsDatanode-_-any-7023147424679574853.dir/webapp/,AVAILABLE}{/hddsDatanode}
2019-10-04 13:46:20,485 [main] INFO  server.AbstractConnector (AbstractConnector.java:doStart(278)) - Started ServerConnector@514377fc{HTTP/1.1,[http/1.1]}{0.0.0.0:41662}
2019-10-04 13:46:20,487 [main] INFO  server.Server (Server.java:doStart(419)) - Started @208145ms
2019-10-04 13:46:20,487 [main] WARN  impl.MetricsSystemImpl (MetricsSystemImpl.java:register(276)) - Sink prometheus already exists!
2019-10-04 13:46:20,488 [main] INFO  server.BaseHttpServer (BaseHttpServer.java:updateConnectorAddress(215)) - HTTP server of HDDSDATANODE is listening at http://0.0.0.0:41662
2019-10-04 13:46:20,488 [main] INFO  impl.MetricsSystemImpl (MetricsSystemImpl.java:init(158)) - HddsDatanode metrics system started (again)
2019-10-04 13:46:20,493 [org.apache.hadoop.util.JvmPauseMonitor$Monitor@6ca39ec4] INFO  util.JvmPauseMonitor (JvmPauseMonitor.java:run(188)) - Starting JVM pause monitor
2019-10-04 13:46:20,494 [Datanode State Machine Thread - 0] INFO  datanode.InitDatanodeState (InitDatanodeState.java:persistContainerDatanodeDetails(140)) - DatanodeDetails is persisted to /workdir/hadoop-ozone/integration-test/target/test-dir/MiniOzoneClusterImpl-7f8d01bd-209a-4bb2-b348-2961670ba14e/datanode-1/meta/datanode.id
2019-10-04 13:46:20,494 [main] INFO  ozone.HddsDatanodeService (HddsDatanodeService.java:start(184)) - HddsDatanodeService host:pr-hdds-2233-hr7xq-248966361 ip:192.168.30.33
2019-10-04 13:46:20,501 [main] INFO  volume.HddsVolume (HddsVolume.java:<init>(176)) - Creating Volume: /workdir/hadoop-ozone/integration-test/target/test-dir/MiniOzoneClusterImpl-7f8d01bd-209a-4bb2-b348-2961670ba14e/datanode-2/data/containers/hdds of  storage type : DISK and capacity : 1482555576320
2019-10-04 13:46:20,502 [main] INFO  volume.VolumeSet (VolumeSet.java:initializeVolumeSet(170)) - Added Volume : /workdir/hadoop-ozone/integration-test/target/test-dir/MiniOzoneClusterImpl-7f8d01bd-209a-4bb2-b348-2961670ba14e/datanode-2/data/containers/hdds to VolumeSet
2019-10-04 13:46:20,502 [main] INFO  volume.ThrottledAsyncChecker (ThrottledAsyncChecker.java:schedule(139)) - Scheduling a check for org.apache.hadoop.ozone.container.common.volume.HddsVolume@59b492ec
2019-10-04 13:46:20,502 [main] INFO  volume.HddsVolumeChecker (HddsVolumeChecker.java:checkAllVolumes(202)) - Scheduled health check for volume org.apache.hadoop.ozone.container.common.volume.HddsVolume@59b492ec
2019-10-04 13:46:20,519 [main] INFO  impl.RaftServerProxy (ConfUtils.java:logGet(43)) - raft.rpc.type = GRPC (default)
2019-10-04 13:46:20,519 [main] INFO  grpc.GrpcFactory (GrpcFactory.java:checkPooledByteBufAllocatorUseCacheForAllThreads(45)) - PERFORMANCE WARNING: useCacheForAllThreads is true that may cause Netty to create a lot garbage objects and, as a result, trigger GC.
	It is recommended to disable useCacheForAllThreads by setting -Dorg.apache.ratis.thirdparty.io.netty.allocator.useCacheForAllThreads=false in command line.
2019-10-04 13:46:20,519 [main] INFO  grpc.GrpcConfigKeys$Server (ConfUtils.java:logGet(43)) - raft.grpc.server.port = 0 (default)
2019-10-04 13:46:20,520 [main] INFO  server.GrpcService (ConfUtils.java:logGet(43)) - raft.grpc.message.size.max = 33570816 (custom)
2019-10-04 13:46:20,520 [main] INFO  server.RaftServerConfigKeys (ConfUtils.java:logGet(43)) - raft.server.log.appender.buffer.byte-limit = 33554432 (custom)
2019-10-04 13:46:20,520 [main] INFO  server.GrpcService (ConfUtils.java:logGet(43)) - raft.grpc.flow.control.window = 1MB (=1048576) (default)
2019-10-04 13:46:20,520 [main] INFO  server.RaftServerConfigKeys (ConfUtils.java:logGet(43)) - raft.server.rpc.request.timeout = 3000ms (default)
2019-10-04 13:46:20,521 [main] INFO  server.RaftServerConfigKeys (ConfUtils.java:logGet(43)) - raft.server.storage.dir = [/workdir/hadoop-ozone/integration-test/target/test-dir/MiniOzoneClusterImpl-7f8d01bd-209a-4bb2-b348-2961670ba14e/datanode-2/data/ratis] (custom)
2019-10-04 13:46:20,522 [main] INFO  hdfs.DFSUtil (DFSUtil.java:httpServerTemplateForNNAndJN(1641)) - Starting Web-server for hddsDatanode at: http://0.0.0.0:0
2019-10-04 13:46:20,524 [main] INFO  server.AuthenticationFilter (AuthenticationFilter.java:constructSecretProvider(240)) - Unable to initialize FileSignerSecretProvider, falling back to use random secrets.
2019-10-04 13:46:20,524 [main] WARN  http.HttpRequestLog (HttpRequestLog.java:getRequestLog(97)) - Jetty request log can only be enabled using Log4j
2019-10-04 13:46:20,526 [main] INFO  http.HttpServer2 (HttpServer2.java:addGlobalFilter(975)) - Added global filter 'safety' (class=org.apache.hadoop.http.HttpServer2$QuotingInputFilter)
2019-10-04 13:46:20,527 [main] INFO  http.HttpServer2 (HttpServer2.java:addFilter(948)) - Added filter static_user_filter (class=org.apache.hadoop.http.lib.StaticUserWebFilter$StaticUserFilter) to context hddsDatanode
2019-10-04 13:46:20,527 [main] INFO  http.HttpServer2 (HttpServer2.java:addFilter(958)) - Added filter static_user_filter (class=org.apache.hadoop.http.lib.StaticUserWebFilter$StaticUserFilter) to context static
2019-10-04 13:46:20,527 [main] INFO  http.HttpServer2 (HttpServer2.java:addFilter(958)) - Added filter static_user_filter (class=org.apache.hadoop.http.lib.StaticUserWebFilter$StaticUserFilter) to context logs
2019-10-04 13:46:20,528 [main] INFO  http.HttpServer2 (HttpServer2.java:bindListener(1191)) - Jetty bound to port 46544
2019-10-04 13:46:20,528 [main] INFO  server.Server (Server.java:doStart(351)) - jetty-9.3.25.v20180904, build timestamp: 2018-09-04T21:11:46Z, git hash: 3ce520221d0240229c862b122d2b06c12a625732
2019-10-04 13:46:20,530 [main] INFO  handler.ContextHandler (ContextHandler.java:doStart(781)) - Started o.e.j.s.ServletContextHandler@4f5c30b1{/logs,file:///workdir/hadoop-ozone/integration-test/target/log,AVAILABLE}
2019-10-04 13:46:20,530 [main] INFO  handler.ContextHandler (ContextHandler.java:doStart(781)) - Started o.e.j.s.ServletContextHandler@5d7f8467{/static,jar:file:/home/user/.m2/repository/org/apache/hadoop/hadoop-hdds-container-service/0.5.0-SNAPSHOT/hadoop-hdds-container-service-0.5.0-SNAPSHOT.jar!/webapps/static,AVAILABLE}
2019-10-04 13:46:20,559 [main] INFO  handler.ContextHandler (ContextHandler.java:doStart(781)) - Started o.e.j.w.WebAppContext@661e1399{/,file:///tmp/jetty-0.0.0.0-46544-hddsDatanode-_-any-5758694559780046391.dir/webapp/,AVAILABLE}{/hddsDatanode}
2019-10-04 13:46:20,560 [main] INFO  server.AbstractConnector (AbstractConnector.java:doStart(278)) - Started ServerConnector@3ffd4b12{HTTP/1.1,[http/1.1]}{0.0.0.0:46544}
2019-10-04 13:46:20,561 [main] INFO  server.Server (Server.java:doStart(419)) - Started @208219ms
2019-10-04 13:46:20,561 [main] WARN  impl.MetricsSystemImpl (MetricsSystemImpl.java:register(276)) - Sink prometheus already exists!
2019-10-04 13:46:20,562 [main] INFO  server.BaseHttpServer (BaseHttpServer.java:updateConnectorAddress(215)) - HTTP server of HDDSDATANODE is listening at http://0.0.0.0:46544
2019-10-04 13:46:20,563 [main] INFO  impl.MetricsSystemImpl (MetricsSystemImpl.java:init(158)) - HddsDatanode metrics system started (again)
2019-10-04 13:46:20,567 [org.apache.hadoop.util.JvmPauseMonitor$Monitor@8c9f55f] INFO  util.JvmPauseMonitor (JvmPauseMonitor.java:run(188)) - Starting JVM pause monitor
2019-10-04 13:46:20,568 [main] INFO  ozone.HddsDatanodeService (HddsDatanodeService.java:start(184)) - HddsDatanodeService host:pr-hdds-2233-hr7xq-248966361 ip:192.168.30.33
2019-10-04 13:46:20,569 [Datanode State Machine Thread - 0] INFO  datanode.InitDatanodeState (InitDatanodeState.java:persistContainerDatanodeDetails(140)) - DatanodeDetails is persisted to /workdir/hadoop-ozone/integration-test/target/test-dir/MiniOzoneClusterImpl-7f8d01bd-209a-4bb2-b348-2961670ba14e/datanode-2/meta/datanode.id
2019-10-04 13:46:20,574 [main] INFO  volume.HddsVolume (HddsVolume.java:<init>(176)) - Creating Volume: /workdir/hadoop-ozone/integration-test/target/test-dir/MiniOzoneClusterImpl-7f8d01bd-209a-4bb2-b348-2961670ba14e/datanode-3/data/containers/hdds of  storage type : DISK and capacity : 1482555576320
2019-10-04 13:46:20,575 [main] INFO  volume.VolumeSet (VolumeSet.java:initializeVolumeSet(170)) - Added Volume : /workdir/hadoop-ozone/integration-test/target/test-dir/MiniOzoneClusterImpl-7f8d01bd-209a-4bb2-b348-2961670ba14e/datanode-3/data/containers/hdds to VolumeSet
2019-10-04 13:46:20,575 [main] INFO  volume.ThrottledAsyncChecker (ThrottledAsyncChecker.java:schedule(139)) - Scheduling a check for org.apache.hadoop.ozone.container.common.volume.HddsVolume@1471b98d
2019-10-04 13:46:20,575 [main] INFO  volume.HddsVolumeChecker (HddsVolumeChecker.java:checkAllVolumes(202)) - Scheduled health check for volume org.apache.hadoop.ozone.container.common.volume.HddsVolume@1471b98d
2019-10-04 13:46:20,591 [main] INFO  impl.RaftServerProxy (ConfUtils.java:logGet(43)) - raft.rpc.type = GRPC (default)
2019-10-04 13:46:20,591 [main] INFO  grpc.GrpcFactory (GrpcFactory.java:checkPooledByteBufAllocatorUseCacheForAllThreads(45)) - PERFORMANCE WARNING: useCacheForAllThreads is true that may cause Netty to create a lot garbage objects and, as a result, trigger GC.
	It is recommended to disable useCacheForAllThreads by setting -Dorg.apache.ratis.thirdparty.io.netty.allocator.useCacheForAllThreads=false in command line.
2019-10-04 13:46:20,592 [main] INFO  grpc.GrpcConfigKeys$Server (ConfUtils.java:logGet(43)) - raft.grpc.server.port = 0 (default)
2019-10-04 13:46:20,592 [main] INFO  server.GrpcService (ConfUtils.java:logGet(43)) - raft.grpc.message.size.max = 33570816 (custom)
2019-10-04 13:46:20,592 [main] INFO  server.RaftServerConfigKeys (ConfUtils.java:logGet(43)) - raft.server.log.appender.buffer.byte-limit = 33554432 (custom)
2019-10-04 13:46:20,593 [main] INFO  server.GrpcService (ConfUtils.java:logGet(43)) - raft.grpc.flow.control.window = 1MB (=1048576) (default)
2019-10-04 13:46:20,593 [main] INFO  server.RaftServerConfigKeys (ConfUtils.java:logGet(43)) - raft.server.rpc.request.timeout = 3000ms (default)
2019-10-04 13:46:20,593 [main] INFO  server.RaftServerConfigKeys (ConfUtils.java:logGet(43)) - raft.server.storage.dir = [/workdir/hadoop-ozone/integration-test/target/test-dir/MiniOzoneClusterImpl-7f8d01bd-209a-4bb2-b348-2961670ba14e/datanode-3/data/ratis] (custom)
2019-10-04 13:46:20,595 [main] INFO  hdfs.DFSUtil (DFSUtil.java:httpServerTemplateForNNAndJN(1641)) - Starting Web-server for hddsDatanode at: http://0.0.0.0:0
2019-10-04 13:46:20,596 [main] INFO  server.AuthenticationFilter (AuthenticationFilter.java:constructSecretProvider(240)) - Unable to initialize FileSignerSecretProvider, falling back to use random secrets.
2019-10-04 13:46:20,597 [main] WARN  http.HttpRequestLog (HttpRequestLog.java:getRequestLog(97)) - Jetty request log can only be enabled using Log4j
2019-10-04 13:46:20,598 [main] INFO  http.HttpServer2 (HttpServer2.java:addGlobalFilter(975)) - Added global filter 'safety' (class=org.apache.hadoop.http.HttpServer2$QuotingInputFilter)
2019-10-04 13:46:20,599 [main] INFO  http.HttpServer2 (HttpServer2.java:addFilter(948)) - Added filter static_user_filter (class=org.apache.hadoop.http.lib.StaticUserWebFilter$StaticUserFilter) to context hddsDatanode
2019-10-04 13:46:20,599 [main] INFO  http.HttpServer2 (HttpServer2.java:addFilter(958)) - Added filter static_user_filter (class=org.apache.hadoop.http.lib.StaticUserWebFilter$StaticUserFilter) to context logs
2019-10-04 13:46:20,599 [main] INFO  http.HttpServer2 (HttpServer2.java:addFilter(958)) - Added filter static_user_filter (class=org.apache.hadoop.http.lib.StaticUserWebFilter$StaticUserFilter) to context static
2019-10-04 13:46:20,600 [main] INFO  http.HttpServer2 (HttpServer2.java:bindListener(1191)) - Jetty bound to port 37631
2019-10-04 13:46:20,600 [main] INFO  server.Server (Server.java:doStart(351)) - jetty-9.3.25.v20180904, build timestamp: 2018-09-04T21:11:46Z, git hash: 3ce520221d0240229c862b122d2b06c12a625732
2019-10-04 13:46:20,602 [main] INFO  handler.ContextHandler (ContextHandler.java:doStart(781)) - Started o.e.j.s.ServletContextHandler@29170a47{/logs,file:///workdir/hadoop-ozone/integration-test/target/log,AVAILABLE}
2019-10-04 13:46:20,602 [main] INFO  handler.ContextHandler (ContextHandler.java:doStart(781)) - Started o.e.j.s.ServletContextHandler@402b4f81{/static,jar:file:/home/user/.m2/repository/org/apache/hadoop/hadoop-hdds-container-service/0.5.0-SNAPSHOT/hadoop-hdds-container-service-0.5.0-SNAPSHOT.jar!/webapps/static,AVAILABLE}
2019-10-04 13:46:20,633 [main] INFO  handler.ContextHandler (ContextHandler.java:doStart(781)) - Started o.e.j.w.WebAppContext@57e03347{/,file:///tmp/jetty-0.0.0.0-37631-hddsDatanode-_-any-7589261841432216769.dir/webapp/,AVAILABLE}{/hddsDatanode}
2019-10-04 13:46:20,634 [main] INFO  server.AbstractConnector (AbstractConnector.java:doStart(278)) - Started ServerConnector@2edb2f8b{HTTP/1.1,[http/1.1]}{0.0.0.0:37631}
2019-10-04 13:46:20,634 [main] INFO  server.Server (Server.java:doStart(419)) - Started @208292ms
2019-10-04 13:46:20,636 [main] WARN  impl.MetricsSystemImpl (MetricsSystemImpl.java:register(276)) - Sink prometheus already exists!
2019-10-04 13:46:20,636 [main] INFO  server.BaseHttpServer (BaseHttpServer.java:updateConnectorAddress(215)) - HTTP server of HDDSDATANODE is listening at http://0.0.0.0:37631
2019-10-04 13:46:20,637 [main] INFO  impl.MetricsSystemImpl (MetricsSystemImpl.java:init(158)) - HddsDatanode metrics system started (again)
2019-10-04 13:46:20,642 [org.apache.hadoop.util.JvmPauseMonitor$Monitor@666c7430] INFO  util.JvmPauseMonitor (JvmPauseMonitor.java:run(188)) - Starting JVM pause monitor
2019-10-04 13:46:20,643 [main] INFO  ozone.HddsDatanodeService (HddsDatanodeService.java:start(184)) - HddsDatanodeService host:pr-hdds-2233-hr7xq-248966361 ip:192.168.30.33
2019-10-04 13:46:20,644 [Datanode State Machine Thread - 0] INFO  datanode.InitDatanodeState (InitDatanodeState.java:persistContainerDatanodeDetails(140)) - DatanodeDetails is persisted to /workdir/hadoop-ozone/integration-test/target/test-dir/MiniOzoneClusterImpl-7f8d01bd-209a-4bb2-b348-2961670ba14e/datanode-3/meta/datanode.id
2019-10-04 13:46:20,649 [main] INFO  volume.HddsVolume (HddsVolume.java:<init>(176)) - Creating Volume: /workdir/hadoop-ozone/integration-test/target/test-dir/MiniOzoneClusterImpl-7f8d01bd-209a-4bb2-b348-2961670ba14e/datanode-4/data/containers/hdds of  storage type : DISK and capacity : 1482555576320
2019-10-04 13:46:20,649 [main] INFO  volume.VolumeSet (VolumeSet.java:initializeVolumeSet(170)) - Added Volume : /workdir/hadoop-ozone/integration-test/target/test-dir/MiniOzoneClusterImpl-7f8d01bd-209a-4bb2-b348-2961670ba14e/datanode-4/data/containers/hdds to VolumeSet
2019-10-04 13:46:20,649 [main] INFO  volume.ThrottledAsyncChecker (ThrottledAsyncChecker.java:schedule(139)) - Scheduling a check for org.apache.hadoop.ozone.container.common.volume.HddsVolume@6b832551
2019-10-04 13:46:20,650 [main] INFO  volume.HddsVolumeChecker (HddsVolumeChecker.java:checkAllVolumes(202)) - Scheduled health check for volume org.apache.hadoop.ozone.container.common.volume.HddsVolume@6b832551
2019-10-04 13:46:20,664 [main] INFO  impl.RaftServerProxy (ConfUtils.java:logGet(43)) - raft.rpc.type = GRPC (default)
2019-10-04 13:46:20,664 [main] INFO  grpc.GrpcFactory (GrpcFactory.java:checkPooledByteBufAllocatorUseCacheForAllThreads(45)) - PERFORMANCE WARNING: useCacheForAllThreads is true that may cause Netty to create a lot garbage objects and, as a result, trigger GC.
	It is recommended to disable useCacheForAllThreads by setting -Dorg.apache.ratis.thirdparty.io.netty.allocator.useCacheForAllThreads=false in command line.
2019-10-04 13:46:20,664 [main] INFO  grpc.GrpcConfigKeys$Server (ConfUtils.java:logGet(43)) - raft.grpc.server.port = 0 (default)
2019-10-04 13:46:20,664 [main] INFO  server.GrpcService (ConfUtils.java:logGet(43)) - raft.grpc.message.size.max = 33570816 (custom)
2019-10-04 13:46:20,665 [main] INFO  server.RaftServerConfigKeys (ConfUtils.java:logGet(43)) - raft.server.log.appender.buffer.byte-limit = 33554432 (custom)
2019-10-04 13:46:20,665 [main] INFO  server.GrpcService (ConfUtils.java:logGet(43)) - raft.grpc.flow.control.window = 1MB (=1048576) (default)
2019-10-04 13:46:20,665 [main] INFO  server.RaftServerConfigKeys (ConfUtils.java:logGet(43)) - raft.server.rpc.request.timeout = 3000ms (default)
2019-10-04 13:46:20,665 [main] INFO  server.RaftServerConfigKeys (ConfUtils.java:logGet(43)) - raft.server.storage.dir = [/workdir/hadoop-ozone/integration-test/target/test-dir/MiniOzoneClusterImpl-7f8d01bd-209a-4bb2-b348-2961670ba14e/datanode-4/data/ratis] (custom)
2019-10-04 13:46:20,666 [main] INFO  hdfs.DFSUtil (DFSUtil.java:httpServerTemplateForNNAndJN(1641)) - Starting Web-server for hddsDatanode at: http://0.0.0.0:0
2019-10-04 13:46:20,667 [main] INFO  server.AuthenticationFilter (AuthenticationFilter.java:constructSecretProvider(240)) - Unable to initialize FileSignerSecretProvider, falling back to use random secrets.
2019-10-04 13:46:20,668 [main] WARN  http.HttpRequestLog (HttpRequestLog.java:getRequestLog(97)) - Jetty request log can only be enabled using Log4j
2019-10-04 13:46:20,669 [main] INFO  http.HttpServer2 (HttpServer2.java:addGlobalFilter(975)) - Added global filter 'safety' (class=org.apache.hadoop.http.HttpServer2$QuotingInputFilter)
2019-10-04 13:46:20,669 [main] INFO  http.HttpServer2 (HttpServer2.java:addFilter(948)) - Added filter static_user_filter (class=org.apache.hadoop.http.lib.StaticUserWebFilter$StaticUserFilter) to context hddsDatanode
2019-10-04 13:46:20,669 [main] INFO  http.HttpServer2 (HttpServer2.java:addFilter(958)) - Added filter static_user_filter (class=org.apache.hadoop.http.lib.StaticUserWebFilter$StaticUserFilter) to context static
2019-10-04 13:46:20,669 [main] INFO  http.HttpServer2 (HttpServer2.java:addFilter(958)) - Added filter static_user_filter (class=org.apache.hadoop.http.lib.StaticUserWebFilter$StaticUserFilter) to context logs
2019-10-04 13:46:20,670 [main] INFO  http.HttpServer2 (HttpServer2.java:bindListener(1191)) - Jetty bound to port 41709
2019-10-04 13:46:20,670 [main] INFO  server.Server (Server.java:doStart(351)) - jetty-9.3.25.v20180904, build timestamp: 2018-09-04T21:11:46Z, git hash: 3ce520221d0240229c862b122d2b06c12a625732
2019-10-04 13:46:20,671 [main] INFO  handler.ContextHandler (ContextHandler.java:doStart(781)) - Started o.e.j.s.ServletContextHandler@72b2c5ed{/logs,file:///workdir/hadoop-ozone/integration-test/target/log,AVAILABLE}
2019-10-04 13:46:20,672 [main] INFO  handler.ContextHandler (ContextHandler.java:doStart(781)) - Started o.e.j.s.ServletContextHandler@6c9a3661{/static,jar:file:/home/user/.m2/repository/org/apache/hadoop/hadoop-hdds-container-service/0.5.0-SNAPSHOT/hadoop-hdds-container-service-0.5.0-SNAPSHOT.jar!/webapps/static,AVAILABLE}
2019-10-04 13:46:20,699 [main] INFO  handler.ContextHandler (ContextHandler.java:doStart(781)) - Started o.e.j.w.WebAppContext@52aa7742{/,file:///tmp/jetty-0.0.0.0-41709-hddsDatanode-_-any-3767481288569747132.dir/webapp/,AVAILABLE}{/hddsDatanode}
2019-10-04 13:46:20,699 [main] INFO  server.AbstractConnector (AbstractConnector.java:doStart(278)) - Started ServerConnector@3d0d120b{HTTP/1.1,[http/1.1]}{0.0.0.0:41709}
2019-10-04 13:46:20,701 [main] INFO  server.Server (Server.java:doStart(419)) - Started @208359ms
2019-10-04 13:46:20,704 [main] WARN  impl.MetricsSystemImpl (MetricsSystemImpl.java:register(276)) - Sink prometheus already exists!
2019-10-04 13:46:20,704 [main] INFO  server.BaseHttpServer (BaseHttpServer.java:updateConnectorAddress(215)) - HTTP server of HDDSDATANODE is listening at http://0.0.0.0:41709
2019-10-04 13:46:20,705 [main] INFO  impl.MetricsSystemImpl (MetricsSystemImpl.java:init(158)) - HddsDatanode metrics system started (again)
2019-10-04 13:46:20,710 [org.apache.hadoop.util.JvmPauseMonitor$Monitor@3e299931] INFO  util.JvmPauseMonitor (JvmPauseMonitor.java:run(188)) - Starting JVM pause monitor
2019-10-04 13:46:20,711 [main] INFO  ozone.HddsDatanodeService (HddsDatanodeService.java:start(184)) - HddsDatanodeService host:pr-hdds-2233-hr7xq-248966361 ip:192.168.30.33
2019-10-04 13:46:20,711 [Datanode State Machine Thread - 0] INFO  datanode.InitDatanodeState (InitDatanodeState.java:persistContainerDatanodeDetails(140)) - DatanodeDetails is persisted to /workdir/hadoop-ozone/integration-test/target/test-dir/MiniOzoneClusterImpl-7f8d01bd-209a-4bb2-b348-2961670ba14e/datanode-4/meta/datanode.id
2019-10-04 13:46:20,717 [main] INFO  volume.HddsVolume (HddsVolume.java:<init>(176)) - Creating Volume: /workdir/hadoop-ozone/integration-test/target/test-dir/MiniOzoneClusterImpl-7f8d01bd-209a-4bb2-b348-2961670ba14e/datanode-5/data/containers/hdds of  storage type : DISK and capacity : 1482555576320
2019-10-04 13:46:20,717 [main] INFO  volume.VolumeSet (VolumeSet.java:initializeVolumeSet(170)) - Added Volume : /workdir/hadoop-ozone/integration-test/target/test-dir/MiniOzoneClusterImpl-7f8d01bd-209a-4bb2-b348-2961670ba14e/datanode-5/data/containers/hdds to VolumeSet
2019-10-04 13:46:20,717 [main] INFO  volume.ThrottledAsyncChecker (ThrottledAsyncChecker.java:schedule(139)) - Scheduling a check for org.apache.hadoop.ozone.container.common.volume.HddsVolume@2e3f324e
2019-10-04 13:46:20,718 [main] INFO  volume.HddsVolumeChecker (HddsVolumeChecker.java:checkAllVolumes(202)) - Scheduled health check for volume org.apache.hadoop.ozone.container.common.volume.HddsVolume@2e3f324e
2019-10-04 13:46:20,728 [main] INFO  impl.RaftServerProxy (ConfUtils.java:logGet(43)) - raft.rpc.type = GRPC (default)
2019-10-04 13:46:20,728 [main] INFO  grpc.GrpcFactory (GrpcFactory.java:checkPooledByteBufAllocatorUseCacheForAllThreads(45)) - PERFORMANCE WARNING: useCacheForAllThreads is true that may cause Netty to create a lot garbage objects and, as a result, trigger GC.
	It is recommended to disable useCacheForAllThreads by setting -Dorg.apache.ratis.thirdparty.io.netty.allocator.useCacheForAllThreads=false in command line.
2019-10-04 13:46:20,729 [main] INFO  grpc.GrpcConfigKeys$Server (ConfUtils.java:logGet(43)) - raft.grpc.server.port = 0 (default)
2019-10-04 13:46:20,729 [main] INFO  server.GrpcService (ConfUtils.java:logGet(43)) - raft.grpc.message.size.max = 33570816 (custom)
2019-10-04 13:46:20,729 [main] INFO  server.RaftServerConfigKeys (ConfUtils.java:logGet(43)) - raft.server.log.appender.buffer.byte-limit = 33554432 (custom)
2019-10-04 13:46:20,729 [main] INFO  server.GrpcService (ConfUtils.java:logGet(43)) - raft.grpc.flow.control.window = 1MB (=1048576) (default)
2019-10-04 13:46:20,729 [main] INFO  server.RaftServerConfigKeys (ConfUtils.java:logGet(43)) - raft.server.rpc.request.timeout = 3000ms (default)
2019-10-04 13:46:20,730 [main] INFO  server.RaftServerConfigKeys (ConfUtils.java:logGet(43)) - raft.server.storage.dir = [/workdir/hadoop-ozone/integration-test/target/test-dir/MiniOzoneClusterImpl-7f8d01bd-209a-4bb2-b348-2961670ba14e/datanode-5/data/ratis] (custom)
2019-10-04 13:46:20,731 [main] INFO  hdfs.DFSUtil (DFSUtil.java:httpServerTemplateForNNAndJN(1641)) - Starting Web-server for hddsDatanode at: http://0.0.0.0:0
2019-10-04 13:46:20,732 [main] INFO  server.AuthenticationFilter (AuthenticationFilter.java:constructSecretProvider(240)) - Unable to initialize FileSignerSecretProvider, falling back to use random secrets.
2019-10-04 13:46:20,732 [main] WARN  http.HttpRequestLog (HttpRequestLog.java:getRequestLog(97)) - Jetty request log can only be enabled using Log4j
2019-10-04 13:46:20,733 [main] INFO  http.HttpServer2 (HttpServer2.java:addGlobalFilter(975)) - Added global filter 'safety' (class=org.apache.hadoop.http.HttpServer2$QuotingInputFilter)
2019-10-04 13:46:20,734 [main] INFO  http.HttpServer2 (HttpServer2.java:addFilter(948)) - Added filter static_user_filter (class=org.apache.hadoop.http.lib.StaticUserWebFilter$StaticUserFilter) to context hddsDatanode
2019-10-04 13:46:20,734 [main] INFO  http.HttpServer2 (HttpServer2.java:addFilter(958)) - Added filter static_user_filter (class=org.apache.hadoop.http.lib.StaticUserWebFilter$StaticUserFilter) to context logs
2019-10-04 13:46:20,734 [main] INFO  http.HttpServer2 (HttpServer2.java:addFilter(958)) - Added filter static_user_filter (class=org.apache.hadoop.http.lib.StaticUserWebFilter$StaticUserFilter) to context static
2019-10-04 13:46:20,734 [main] INFO  http.HttpServer2 (HttpServer2.java:bindListener(1191)) - Jetty bound to port 35272
2019-10-04 13:46:20,735 [main] INFO  server.Server (Server.java:doStart(351)) - jetty-9.3.25.v20180904, build timestamp: 2018-09-04T21:11:46Z, git hash: 3ce520221d0240229c862b122d2b06c12a625732
2019-10-04 13:46:20,736 [main] INFO  handler.ContextHandler (ContextHandler.java:doStart(781)) - Started o.e.j.s.ServletContextHandler@6b16de91{/logs,file:///workdir/hadoop-ozone/integration-test/target/log,AVAILABLE}
2019-10-04 13:46:20,736 [main] INFO  handler.ContextHandler (ContextHandler.java:doStart(781)) - Started o.e.j.s.ServletContextHandler@197ce367{/static,jar:file:/home/user/.m2/repository/org/apache/hadoop/hadoop-hdds-container-service/0.5.0-SNAPSHOT/hadoop-hdds-container-service-0.5.0-SNAPSHOT.jar!/webapps/static,AVAILABLE}
2019-10-04 13:46:20,763 [main] INFO  handler.ContextHandler (ContextHandler.java:doStart(781)) - Started o.e.j.w.WebAppContext@7f4e5a39{/,file:///tmp/jetty-0.0.0.0-35272-hddsDatanode-_-any-8144696311049283383.dir/webapp/,AVAILABLE}{/hddsDatanode}
2019-10-04 13:46:20,763 [main] INFO  server.AbstractConnector (AbstractConnector.java:doStart(278)) - Started ServerConnector@33de7f3d{HTTP/1.1,[http/1.1]}{0.0.0.0:35272}
2019-10-04 13:46:20,763 [main] INFO  server.Server (Server.java:doStart(419)) - Started @208421ms
2019-10-04 13:46:20,765 [main] WARN  impl.MetricsSystemImpl (MetricsSystemImpl.java:register(276)) - Sink prometheus already exists!
2019-10-04 13:46:20,765 [main] INFO  server.BaseHttpServer (BaseHttpServer.java:updateConnectorAddress(215)) - HTTP server of HDDSDATANODE is listening at http://0.0.0.0:35272
2019-10-04 13:46:20,766 [main] INFO  impl.MetricsSystemImpl (MetricsSystemImpl.java:init(158)) - HddsDatanode metrics system started (again)
2019-10-04 13:46:20,772 [org.apache.hadoop.util.JvmPauseMonitor$Monitor@562deeef] INFO  util.JvmPauseMonitor (JvmPauseMonitor.java:run(188)) - Starting JVM pause monitor
2019-10-04 13:46:20,772 [main] INFO  ozone.HddsDatanodeService (HddsDatanodeService.java:start(184)) - HddsDatanodeService host:pr-hdds-2233-hr7xq-248966361 ip:192.168.30.33
2019-10-04 13:46:20,773 [Datanode State Machine Thread - 0] INFO  datanode.InitDatanodeState (InitDatanodeState.java:persistContainerDatanodeDetails(140)) - DatanodeDetails is persisted to /workdir/hadoop-ozone/integration-test/target/test-dir/MiniOzoneClusterImpl-7f8d01bd-209a-4bb2-b348-2961670ba14e/datanode-5/meta/datanode.id
2019-10-04 13:46:20,778 [main] INFO  volume.HddsVolume (HddsVolume.java:<init>(176)) - Creating Volume: /workdir/hadoop-ozone/integration-test/target/test-dir/MiniOzoneClusterImpl-7f8d01bd-209a-4bb2-b348-2961670ba14e/datanode-6/data/containers/hdds of  storage type : DISK and capacity : 1482555576320
2019-10-04 13:46:20,778 [main] INFO  volume.VolumeSet (VolumeSet.java:initializeVolumeSet(170)) - Added Volume : /workdir/hadoop-ozone/integration-test/target/test-dir/MiniOzoneClusterImpl-7f8d01bd-209a-4bb2-b348-2961670ba14e/datanode-6/data/containers/hdds to VolumeSet
2019-10-04 13:46:20,779 [main] INFO  volume.ThrottledAsyncChecker (ThrottledAsyncChecker.java:schedule(139)) - Scheduling a check for org.apache.hadoop.ozone.container.common.volume.HddsVolume@37c1cfa
2019-10-04 13:46:20,779 [main] INFO  volume.HddsVolumeChecker (HddsVolumeChecker.java:checkAllVolumes(202)) - Scheduled health check for volume org.apache.hadoop.ozone.container.common.volume.HddsVolume@37c1cfa
2019-10-04 13:46:20,795 [main] INFO  impl.RaftServerProxy (ConfUtils.java:logGet(43)) - raft.rpc.type = GRPC (default)
2019-10-04 13:46:20,795 [main] INFO  grpc.GrpcFactory (GrpcFactory.java:checkPooledByteBufAllocatorUseCacheForAllThreads(45)) - PERFORMANCE WARNING: useCacheForAllThreads is true that may cause Netty to create a lot garbage objects and, as a result, trigger GC.
	It is recommended to disable useCacheForAllThreads by setting -Dorg.apache.ratis.thirdparty.io.netty.allocator.useCacheForAllThreads=false in command line.
2019-10-04 13:46:20,796 [main] INFO  grpc.GrpcConfigKeys$Server (ConfUtils.java:logGet(43)) - raft.grpc.server.port = 0 (default)
2019-10-04 13:46:20,796 [main] INFO  server.GrpcService (ConfUtils.java:logGet(43)) - raft.grpc.message.size.max = 33570816 (custom)
2019-10-04 13:46:20,796 [main] INFO  server.RaftServerConfigKeys (ConfUtils.java:logGet(43)) - raft.server.log.appender.buffer.byte-limit = 33554432 (custom)
2019-10-04 13:46:20,796 [main] INFO  server.GrpcService (ConfUtils.java:logGet(43)) - raft.grpc.flow.control.window = 1MB (=1048576) (default)
2019-10-04 13:46:20,797 [main] INFO  server.RaftServerConfigKeys (ConfUtils.java:logGet(43)) - raft.server.rpc.request.timeout = 3000ms (default)
2019-10-04 13:46:20,797 [main] INFO  server.RaftServerConfigKeys (ConfUtils.java:logGet(43)) - raft.server.storage.dir = [/workdir/hadoop-ozone/integration-test/target/test-dir/MiniOzoneClusterImpl-7f8d01bd-209a-4bb2-b348-2961670ba14e/datanode-6/data/ratis] (custom)
2019-10-04 13:46:20,798 [main] INFO  hdfs.DFSUtil (DFSUtil.java:httpServerTemplateForNNAndJN(1641)) - Starting Web-server for hddsDatanode at: http://0.0.0.0:0
2019-10-04 13:46:20,800 [main] INFO  server.AuthenticationFilter (AuthenticationFilter.java:constructSecretProvider(240)) - Unable to initialize FileSignerSecretProvider, falling back to use random secrets.
2019-10-04 13:46:20,800 [main] WARN  http.HttpRequestLog (HttpRequestLog.java:getRequestLog(97)) - Jetty request log can only be enabled using Log4j
2019-10-04 13:46:20,802 [main] INFO  http.HttpServer2 (HttpServer2.java:addGlobalFilter(975)) - Added global filter 'safety' (class=org.apache.hadoop.http.HttpServer2$QuotingInputFilter)
2019-10-04 13:46:20,802 [main] INFO  http.HttpServer2 (HttpServer2.java:addFilter(948)) - Added filter static_user_filter (class=org.apache.hadoop.http.lib.StaticUserWebFilter$StaticUserFilter) to context hddsDatanode
2019-10-04 13:46:20,802 [main] INFO  http.HttpServer2 (HttpServer2.java:addFilter(958)) - Added filter static_user_filter (class=org.apache.hadoop.http.lib.StaticUserWebFilter$StaticUserFilter) to context static
2019-10-04 13:46:20,803 [main] INFO  http.HttpServer2 (HttpServer2.java:addFilter(958)) - Added filter static_user_filter (class=org.apache.hadoop.http.lib.StaticUserWebFilter$StaticUserFilter) to context logs
2019-10-04 13:46:20,803 [main] INFO  http.HttpServer2 (HttpServer2.java:bindListener(1191)) - Jetty bound to port 40055
2019-10-04 13:46:20,803 [main] INFO  server.Server (Server.java:doStart(351)) - jetty-9.3.25.v20180904, build timestamp: 2018-09-04T21:11:46Z, git hash: 3ce520221d0240229c862b122d2b06c12a625732
2019-10-04 13:46:20,805 [main] INFO  handler.ContextHandler (ContextHandler.java:doStart(781)) - Started o.e.j.s.ServletContextHandler@4628a02b{/logs,file:///workdir/hadoop-ozone/integration-test/target/log,AVAILABLE}
2019-10-04 13:46:20,805 [main] INFO  handler.ContextHandler (ContextHandler.java:doStart(781)) - Started o.e.j.s.ServletContextHandler@51424203{/static,jar:file:/home/user/.m2/repository/org/apache/hadoop/hadoop-hdds-container-service/0.5.0-SNAPSHOT/hadoop-hdds-container-service-0.5.0-SNAPSHOT.jar!/webapps/static,AVAILABLE}
2019-10-04 13:46:20,841 [main] INFO  handler.ContextHandler (ContextHandler.java:doStart(781)) - Started o.e.j.w.WebAppContext@1f949ab9{/,file:///tmp/jetty-0.0.0.0-40055-hddsDatanode-_-any-3792069195450093528.dir/webapp/,AVAILABLE}{/hddsDatanode}
2019-10-04 13:46:20,842 [main] INFO  server.AbstractConnector (AbstractConnector.java:doStart(278)) - Started ServerConnector@5a7b6b75{HTTP/1.1,[http/1.1]}{0.0.0.0:40055}
2019-10-04 13:46:20,843 [main] INFO  server.Server (Server.java:doStart(419)) - Started @208501ms
2019-10-04 13:46:20,844 [main] WARN  impl.MetricsSystemImpl (MetricsSystemImpl.java:register(276)) - Sink prometheus already exists!
2019-10-04 13:46:20,844 [main] INFO  server.BaseHttpServer (BaseHttpServer.java:updateConnectorAddress(215)) - HTTP server of HDDSDATANODE is listening at http://0.0.0.0:40055
2019-10-04 13:46:20,845 [main] INFO  impl.MetricsSystemImpl (MetricsSystemImpl.java:init(158)) - HddsDatanode metrics system started (again)
2019-10-04 13:46:20,851 [org.apache.hadoop.util.JvmPauseMonitor$Monitor@6d445a05] INFO  util.JvmPauseMonitor (JvmPauseMonitor.java:run(188)) - Starting JVM pause monitor
2019-10-04 13:46:20,852 [Datanode State Machine Thread - 0] INFO  datanode.InitDatanodeState (InitDatanodeState.java:persistContainerDatanodeDetails(140)) - DatanodeDetails is persisted to /workdir/hadoop-ozone/integration-test/target/test-dir/MiniOzoneClusterImpl-7f8d01bd-209a-4bb2-b348-2961670ba14e/datanode-6/meta/datanode.id
2019-10-04 13:46:20,852 [main] INFO  ozone.HddsDatanodeService (HddsDatanodeService.java:start(184)) - HddsDatanodeService host:pr-hdds-2233-hr7xq-248966361 ip:192.168.30.33
2019-10-04 13:46:20,859 [main] INFO  volume.HddsVolume (HddsVolume.java:<init>(176)) - Creating Volume: /workdir/hadoop-ozone/integration-test/target/test-dir/MiniOzoneClusterImpl-7f8d01bd-209a-4bb2-b348-2961670ba14e/datanode-7/data/containers/hdds of  storage type : DISK and capacity : 1482555576320
2019-10-04 13:46:20,859 [main] INFO  volume.VolumeSet (VolumeSet.java:initializeVolumeSet(170)) - Added Volume : /workdir/hadoop-ozone/integration-test/target/test-dir/MiniOzoneClusterImpl-7f8d01bd-209a-4bb2-b348-2961670ba14e/datanode-7/data/containers/hdds to VolumeSet
2019-10-04 13:46:20,860 [main] INFO  volume.ThrottledAsyncChecker (ThrottledAsyncChecker.java:schedule(139)) - Scheduling a check for org.apache.hadoop.ozone.container.common.volume.HddsVolume@d6b532f
2019-10-04 13:46:20,860 [main] INFO  volume.HddsVolumeChecker (HddsVolumeChecker.java:checkAllVolumes(202)) - Scheduled health check for volume org.apache.hadoop.ozone.container.common.volume.HddsVolume@d6b532f
2019-10-04 13:46:20,873 [main] INFO  impl.RaftServerProxy (ConfUtils.java:logGet(43)) - raft.rpc.type = GRPC (default)
2019-10-04 13:46:20,874 [main] INFO  grpc.GrpcFactory (GrpcFactory.java:checkPooledByteBufAllocatorUseCacheForAllThreads(45)) - PERFORMANCE WARNING: useCacheForAllThreads is true that may cause Netty to create a lot garbage objects and, as a result, trigger GC.
	It is recommended to disable useCacheForAllThreads by setting -Dorg.apache.ratis.thirdparty.io.netty.allocator.useCacheForAllThreads=false in command line.
2019-10-04 13:46:20,874 [main] INFO  grpc.GrpcConfigKeys$Server (ConfUtils.java:logGet(43)) - raft.grpc.server.port = 0 (default)
2019-10-04 13:46:20,874 [main] INFO  server.GrpcService (ConfUtils.java:logGet(43)) - raft.grpc.message.size.max = 33570816 (custom)
2019-10-04 13:46:20,874 [main] INFO  server.RaftServerConfigKeys (ConfUtils.java:logGet(43)) - raft.server.log.appender.buffer.byte-limit = 33554432 (custom)
2019-10-04 13:46:20,874 [main] INFO  server.GrpcService (ConfUtils.java:logGet(43)) - raft.grpc.flow.control.window = 1MB (=1048576) (default)
2019-10-04 13:46:20,875 [main] INFO  server.RaftServerConfigKeys (ConfUtils.java:logGet(43)) - raft.server.rpc.request.timeout = 3000ms (default)
2019-10-04 13:46:20,875 [main] INFO  server.RaftServerConfigKeys (ConfUtils.java:logGet(43)) - raft.server.storage.dir = [/workdir/hadoop-ozone/integration-test/target/test-dir/MiniOzoneClusterImpl-7f8d01bd-209a-4bb2-b348-2961670ba14e/datanode-7/data/ratis] (custom)
2019-10-04 13:46:20,876 [main] INFO  hdfs.DFSUtil (DFSUtil.java:httpServerTemplateForNNAndJN(1641)) - Starting Web-server for hddsDatanode at: http://0.0.0.0:0
2019-10-04 13:46:20,877 [main] INFO  server.AuthenticationFilter (AuthenticationFilter.java:constructSecretProvider(240)) - Unable to initialize FileSignerSecretProvider, falling back to use random secrets.
2019-10-04 13:46:20,878 [main] WARN  http.HttpRequestLog (HttpRequestLog.java:getRequestLog(97)) - Jetty request log can only be enabled using Log4j
2019-10-04 13:46:20,879 [main] INFO  http.HttpServer2 (HttpServer2.java:addGlobalFilter(975)) - Added global filter 'safety' (class=org.apache.hadoop.http.HttpServer2$QuotingInputFilter)
2019-10-04 13:46:20,880 [main] INFO  http.HttpServer2 (HttpServer2.java:addFilter(948)) - Added filter static_user_filter (class=org.apache.hadoop.http.lib.StaticUserWebFilter$StaticUserFilter) to context hddsDatanode
2019-10-04 13:46:20,880 [main] INFO  http.HttpServer2 (HttpServer2.java:addFilter(958)) - Added filter static_user_filter (class=org.apache.hadoop.http.lib.StaticUserWebFilter$StaticUserFilter) to context static
2019-10-04 13:46:20,880 [main] INFO  http.HttpServer2 (HttpServer2.java:addFilter(958)) - Added filter static_user_filter (class=org.apache.hadoop.http.lib.StaticUserWebFilter$StaticUserFilter) to context logs
2019-10-04 13:46:20,880 [main] INFO  http.HttpServer2 (HttpServer2.java:bindListener(1191)) - Jetty bound to port 44807
2019-10-04 13:46:20,881 [main] INFO  server.Server (Server.java:doStart(351)) - jetty-9.3.25.v20180904, build timestamp: 2018-09-04T21:11:46Z, git hash: 3ce520221d0240229c862b122d2b06c12a625732
2019-10-04 13:46:20,882 [main] INFO  handler.ContextHandler (ContextHandler.java:doStart(781)) - Started o.e.j.s.ServletContextHandler@1ae924f1{/logs,file:///workdir/hadoop-ozone/integration-test/target/log,AVAILABLE}
2019-10-04 13:46:20,883 [main] INFO  handler.ContextHandler (ContextHandler.java:doStart(781)) - Started o.e.j.s.ServletContextHandler@27bcb4ad{/static,jar:file:/home/user/.m2/repository/org/apache/hadoop/hadoop-hdds-container-service/0.5.0-SNAPSHOT/hadoop-hdds-container-service-0.5.0-SNAPSHOT.jar!/webapps/static,AVAILABLE}
2019-10-04 13:46:20,912 [main] INFO  handler.ContextHandler (ContextHandler.java:doStart(781)) - Started o.e.j.w.WebAppContext@9281d19{/,file:///tmp/jetty-0.0.0.0-44807-hddsDatanode-_-any-2507760879303400522.dir/webapp/,AVAILABLE}{/hddsDatanode}
2019-10-04 13:46:20,912 [main] INFO  server.AbstractConnector (AbstractConnector.java:doStart(278)) - Started ServerConnector@36ad5f2a{HTTP/1.1,[http/1.1]}{0.0.0.0:44807}
2019-10-04 13:46:20,915 [main] INFO  server.Server (Server.java:doStart(419)) - Started @208572ms
2019-10-04 13:46:20,915 [main] WARN  impl.MetricsSystemImpl (MetricsSystemImpl.java:register(276)) - Sink prometheus already exists!
2019-10-04 13:46:20,915 [main] INFO  server.BaseHttpServer (BaseHttpServer.java:updateConnectorAddress(215)) - HTTP server of HDDSDATANODE is listening at http://0.0.0.0:44807
2019-10-04 13:46:20,916 [main] INFO  impl.MetricsSystemImpl (MetricsSystemImpl.java:init(158)) - HddsDatanode metrics system started (again)
2019-10-04 13:46:20,922 [org.apache.hadoop.util.JvmPauseMonitor$Monitor@26d1936a] INFO  util.JvmPauseMonitor (JvmPauseMonitor.java:run(188)) - Starting JVM pause monitor
2019-10-04 13:46:20,924 [main] INFO  ozone.HddsDatanodeService (HddsDatanodeService.java:start(184)) - HddsDatanodeService host:pr-hdds-2233-hr7xq-248966361 ip:192.168.30.33
2019-10-04 13:46:20,924 [Datanode State Machine Thread - 0] INFO  datanode.InitDatanodeState (InitDatanodeState.java:persistContainerDatanodeDetails(140)) - DatanodeDetails is persisted to /workdir/hadoop-ozone/integration-test/target/test-dir/MiniOzoneClusterImpl-7f8d01bd-209a-4bb2-b348-2961670ba14e/datanode-7/meta/datanode.id
2019-10-04 13:46:20,930 [main] INFO  volume.HddsVolume (HddsVolume.java:<init>(176)) - Creating Volume: /workdir/hadoop-ozone/integration-test/target/test-dir/MiniOzoneClusterImpl-7f8d01bd-209a-4bb2-b348-2961670ba14e/datanode-8/data/containers/hdds of  storage type : DISK and capacity : 1482555576320
2019-10-04 13:46:20,930 [main] INFO  volume.VolumeSet (VolumeSet.java:initializeVolumeSet(170)) - Added Volume : /workdir/hadoop-ozone/integration-test/target/test-dir/MiniOzoneClusterImpl-7f8d01bd-209a-4bb2-b348-2961670ba14e/datanode-8/data/containers/hdds to VolumeSet
2019-10-04 13:46:20,931 [main] INFO  volume.ThrottledAsyncChecker (ThrottledAsyncChecker.java:schedule(139)) - Scheduling a check for org.apache.hadoop.ozone.container.common.volume.HddsVolume@120350eb
2019-10-04 13:46:20,931 [main] INFO  volume.HddsVolumeChecker (HddsVolumeChecker.java:checkAllVolumes(202)) - Scheduled health check for volume org.apache.hadoop.ozone.container.common.volume.HddsVolume@120350eb
2019-10-04 13:46:20,943 [main] INFO  impl.RaftServerProxy (ConfUtils.java:logGet(43)) - raft.rpc.type = GRPC (default)
2019-10-04 13:46:20,943 [main] INFO  grpc.GrpcFactory (GrpcFactory.java:checkPooledByteBufAllocatorUseCacheForAllThreads(45)) - PERFORMANCE WARNING: useCacheForAllThreads is true that may cause Netty to create a lot garbage objects and, as a result, trigger GC.
	It is recommended to disable useCacheForAllThreads by setting -Dorg.apache.ratis.thirdparty.io.netty.allocator.useCacheForAllThreads=false in command line.
2019-10-04 13:46:20,943 [main] INFO  grpc.GrpcConfigKeys$Server (ConfUtils.java:logGet(43)) - raft.grpc.server.port = 0 (default)
2019-10-04 13:46:20,943 [main] INFO  server.GrpcService (ConfUtils.java:logGet(43)) - raft.grpc.message.size.max = 33570816 (custom)
2019-10-04 13:46:20,943 [main] INFO  server.RaftServerConfigKeys (ConfUtils.java:logGet(43)) - raft.server.log.appender.buffer.byte-limit = 33554432 (custom)
2019-10-04 13:46:20,944 [main] INFO  server.GrpcService (ConfUtils.java:logGet(43)) - raft.grpc.flow.control.window = 1MB (=1048576) (default)
2019-10-04 13:46:20,944 [main] INFO  server.RaftServerConfigKeys (ConfUtils.java:logGet(43)) - raft.server.rpc.request.timeout = 3000ms (default)
2019-10-04 13:46:20,944 [main] INFO  server.RaftServerConfigKeys (ConfUtils.java:logGet(43)) - raft.server.storage.dir = [/workdir/hadoop-ozone/integration-test/target/test-dir/MiniOzoneClusterImpl-7f8d01bd-209a-4bb2-b348-2961670ba14e/datanode-8/data/ratis] (custom)
2019-10-04 13:46:20,945 [main] INFO  hdfs.DFSUtil (DFSUtil.java:httpServerTemplateForNNAndJN(1641)) - Starting Web-server for hddsDatanode at: http://0.0.0.0:0
2019-10-04 13:46:20,946 [main] INFO  server.AuthenticationFilter (AuthenticationFilter.java:constructSecretProvider(240)) - Unable to initialize FileSignerSecretProvider, falling back to use random secrets.
2019-10-04 13:46:20,947 [main] WARN  http.HttpRequestLog (HttpRequestLog.java:getRequestLog(97)) - Jetty request log can only be enabled using Log4j
2019-10-04 13:46:20,948 [main] INFO  http.HttpServer2 (HttpServer2.java:addGlobalFilter(975)) - Added global filter 'safety' (class=org.apache.hadoop.http.HttpServer2$QuotingInputFilter)
2019-10-04 13:46:20,948 [main] INFO  http.HttpServer2 (HttpServer2.java:addFilter(948)) - Added filter static_user_filter (class=org.apache.hadoop.http.lib.StaticUserWebFilter$StaticUserFilter) to context hddsDatanode
2019-10-04 13:46:20,949 [main] INFO  http.HttpServer2 (HttpServer2.java:addFilter(958)) - Added filter static_user_filter (class=org.apache.hadoop.http.lib.StaticUserWebFilter$StaticUserFilter) to context static
2019-10-04 13:46:20,949 [main] INFO  http.HttpServer2 (HttpServer2.java:addFilter(958)) - Added filter static_user_filter (class=org.apache.hadoop.http.lib.StaticUserWebFilter$StaticUserFilter) to context logs
2019-10-04 13:46:20,949 [main] INFO  http.HttpServer2 (HttpServer2.java:bindListener(1191)) - Jetty bound to port 40879
2019-10-04 13:46:20,950 [main] INFO  server.Server (Server.java:doStart(351)) - jetty-9.3.25.v20180904, build timestamp: 2018-09-04T21:11:46Z, git hash: 3ce520221d0240229c862b122d2b06c12a625732
2019-10-04 13:46:20,951 [main] INFO  handler.ContextHandler (ContextHandler.java:doStart(781)) - Started o.e.j.s.ServletContextHandler@677cb96e{/logs,file:///workdir/hadoop-ozone/integration-test/target/log,AVAILABLE}
2019-10-04 13:46:20,951 [main] INFO  handler.ContextHandler (ContextHandler.java:doStart(781)) - Started o.e.j.s.ServletContextHandler@19d53ab4{/static,jar:file:/home/user/.m2/repository/org/apache/hadoop/hadoop-hdds-container-service/0.5.0-SNAPSHOT/hadoop-hdds-container-service-0.5.0-SNAPSHOT.jar!/webapps/static,AVAILABLE}
2019-10-04 13:46:20,977 [main] INFO  handler.ContextHandler (ContextHandler.java:doStart(781)) - Started o.e.j.w.WebAppContext@74431b9c{/,file:///tmp/jetty-0.0.0.0-40879-hddsDatanode-_-any-963513248823820022.dir/webapp/,AVAILABLE}{/hddsDatanode}
2019-10-04 13:46:20,977 [main] INFO  server.AbstractConnector (AbstractConnector.java:doStart(278)) - Started ServerConnector@f2fb225{HTTP/1.1,[http/1.1]}{0.0.0.0:40879}
2019-10-04 13:46:20,979 [main] INFO  server.Server (Server.java:doStart(419)) - Started @208637ms
2019-10-04 13:46:20,980 [main] WARN  impl.MetricsSystemImpl (MetricsSystemImpl.java:register(276)) - Sink prometheus already exists!
2019-10-04 13:46:20,980 [main] INFO  server.BaseHttpServer (BaseHttpServer.java:updateConnectorAddress(215)) - HTTP server of HDDSDATANODE is listening at http://0.0.0.0:40879
2019-10-04 13:46:20,981 [main] INFO  impl.MetricsSystemImpl (MetricsSystemImpl.java:init(158)) - HddsDatanode metrics system started (again)
2019-10-04 13:46:20,981 [org.apache.hadoop.util.JvmPauseMonitor$Monitor@12f0abd1] INFO  util.JvmPauseMonitor (JvmPauseMonitor.java:run(188)) - Starting JVM pause monitor
2019-10-04 13:46:20,989 [Datanode State Machine Thread - 0] INFO  datanode.InitDatanodeState (InitDatanodeState.java:persistContainerDatanodeDetails(140)) - DatanodeDetails is persisted to /workdir/hadoop-ozone/integration-test/target/test-dir/MiniOzoneClusterImpl-7f8d01bd-209a-4bb2-b348-2961670ba14e/datanode-8/meta/datanode.id
2019-10-04 13:46:20,990 [main] INFO  ozone.HddsDatanodeService (HddsDatanodeService.java:start(184)) - HddsDatanodeService host:pr-hdds-2233-hr7xq-248966361 ip:192.168.30.33
2019-10-04 13:46:20,995 [main] INFO  volume.HddsVolume (HddsVolume.java:<init>(176)) - Creating Volume: /workdir/hadoop-ozone/integration-test/target/test-dir/MiniOzoneClusterImpl-7f8d01bd-209a-4bb2-b348-2961670ba14e/datanode-9/data/containers/hdds of  storage type : DISK and capacity : 1482555576320
2019-10-04 13:46:20,996 [main] INFO  volume.VolumeSet (VolumeSet.java:initializeVolumeSet(170)) - Added Volume : /workdir/hadoop-ozone/integration-test/target/test-dir/MiniOzoneClusterImpl-7f8d01bd-209a-4bb2-b348-2961670ba14e/datanode-9/data/containers/hdds to VolumeSet
2019-10-04 13:46:20,996 [main] INFO  volume.ThrottledAsyncChecker (ThrottledAsyncChecker.java:schedule(139)) - Scheduling a check for org.apache.hadoop.ozone.container.common.volume.HddsVolume@21516c88
2019-10-04 13:46:20,996 [main] INFO  volume.HddsVolumeChecker (HddsVolumeChecker.java:checkAllVolumes(202)) - Scheduled health check for volume org.apache.hadoop.ozone.container.common.volume.HddsVolume@21516c88
2019-10-04 13:46:21,008 [main] INFO  impl.RaftServerProxy (ConfUtils.java:logGet(43)) - raft.rpc.type = GRPC (default)
2019-10-04 13:46:21,008 [main] INFO  grpc.GrpcFactory (GrpcFactory.java:checkPooledByteBufAllocatorUseCacheForAllThreads(45)) - PERFORMANCE WARNING: useCacheForAllThreads is true that may cause Netty to create a lot garbage objects and, as a result, trigger GC.
	It is recommended to disable useCacheForAllThreads by setting -Dorg.apache.ratis.thirdparty.io.netty.allocator.useCacheForAllThreads=false in command line.
2019-10-04 13:46:21,008 [main] INFO  grpc.GrpcConfigKeys$Server (ConfUtils.java:logGet(43)) - raft.grpc.server.port = 0 (default)
2019-10-04 13:46:21,009 [main] INFO  server.GrpcService (ConfUtils.java:logGet(43)) - raft.grpc.message.size.max = 33570816 (custom)
2019-10-04 13:46:21,009 [main] INFO  server.RaftServerConfigKeys (ConfUtils.java:logGet(43)) - raft.server.log.appender.buffer.byte-limit = 33554432 (custom)
2019-10-04 13:46:21,009 [main] INFO  server.GrpcService (ConfUtils.java:logGet(43)) - raft.grpc.flow.control.window = 1MB (=1048576) (default)
2019-10-04 13:46:21,009 [main] INFO  server.RaftServerConfigKeys (ConfUtils.java:logGet(43)) - raft.server.rpc.request.timeout = 3000ms (default)
2019-10-04 13:46:21,010 [main] INFO  server.RaftServerConfigKeys (ConfUtils.java:logGet(43)) - raft.server.storage.dir = [/workdir/hadoop-ozone/integration-test/target/test-dir/MiniOzoneClusterImpl-7f8d01bd-209a-4bb2-b348-2961670ba14e/datanode-9/data/ratis] (custom)
2019-10-04 13:46:21,011 [main] INFO  hdfs.DFSUtil (DFSUtil.java:httpServerTemplateForNNAndJN(1641)) - Starting Web-server for hddsDatanode at: http://0.0.0.0:0
2019-10-04 13:46:21,013 [main] INFO  server.AuthenticationFilter (AuthenticationFilter.java:constructSecretProvider(240)) - Unable to initialize FileSignerSecretProvider, falling back to use random secrets.
2019-10-04 13:46:21,013 [main] WARN  http.HttpRequestLog (HttpRequestLog.java:getRequestLog(97)) - Jetty request log can only be enabled using Log4j
2019-10-04 13:46:21,014 [main] INFO  http.HttpServer2 (HttpServer2.java:addGlobalFilter(975)) - Added global filter 'safety' (class=org.apache.hadoop.http.HttpServer2$QuotingInputFilter)
2019-10-04 13:46:21,015 [main] INFO  http.HttpServer2 (HttpServer2.java:addFilter(948)) - Added filter static_user_filter (class=org.apache.hadoop.http.lib.StaticUserWebFilter$StaticUserFilter) to context hddsDatanode
2019-10-04 13:46:21,015 [main] INFO  http.HttpServer2 (HttpServer2.java:addFilter(958)) - Added filter static_user_filter (class=org.apache.hadoop.http.lib.StaticUserWebFilter$StaticUserFilter) to context static
2019-10-04 13:46:21,015 [main] INFO  http.HttpServer2 (HttpServer2.java:addFilter(958)) - Added filter static_user_filter (class=org.apache.hadoop.http.lib.StaticUserWebFilter$StaticUserFilter) to context logs
2019-10-04 13:46:21,016 [main] INFO  http.HttpServer2 (HttpServer2.java:bindListener(1191)) - Jetty bound to port 42276
2019-10-04 13:46:21,016 [main] INFO  server.Server (Server.java:doStart(351)) - jetty-9.3.25.v20180904, build timestamp: 2018-09-04T21:11:46Z, git hash: 3ce520221d0240229c862b122d2b06c12a625732
2019-10-04 13:46:21,017 [main] INFO  handler.ContextHandler (ContextHandler.java:doStart(781)) - Started o.e.j.s.ServletContextHandler@3214bad{/logs,file:///workdir/hadoop-ozone/integration-test/target/log,AVAILABLE}
2019-10-04 13:46:21,017 [main] INFO  handler.ContextHandler (ContextHandler.java:doStart(781)) - Started o.e.j.s.ServletContextHandler@f95d64d{/static,jar:file:/home/user/.m2/repository/org/apache/hadoop/hadoop-hdds-container-service/0.5.0-SNAPSHOT/hadoop-hdds-container-service-0.5.0-SNAPSHOT.jar!/webapps/static,AVAILABLE}
2019-10-04 13:46:21,043 [main] INFO  handler.ContextHandler (ContextHandler.java:doStart(781)) - Started o.e.j.w.WebAppContext@baa9ce4{/,file:///tmp/jetty-0.0.0.0-42276-hddsDatanode-_-any-7486674063239346119.dir/webapp/,AVAILABLE}{/hddsDatanode}
2019-10-04 13:46:21,043 [main] INFO  server.AbstractConnector (AbstractConnector.java:doStart(278)) - Started ServerConnector@5b332439{HTTP/1.1,[http/1.1]}{0.0.0.0:42276}
2019-10-04 13:46:21,045 [main] INFO  server.Server (Server.java:doStart(419)) - Started @208703ms
2019-10-04 13:46:21,045 [main] WARN  impl.MetricsSystemImpl (MetricsSystemImpl.java:register(276)) - Sink prometheus already exists!
2019-10-04 13:46:21,046 [main] INFO  server.BaseHttpServer (BaseHttpServer.java:updateConnectorAddress(215)) - HTTP server of HDDSDATANODE is listening at http://0.0.0.0:42276
2019-10-04 13:46:21,046 [main] INFO  ozone.MiniOzoneClusterImpl (MiniOzoneClusterImpl.java:lambda$waitForClusterToBeReady$0(147)) - Waiting for cluster to be ready. Got 0 of 10 DN Heartbeats.
2019-10-04 13:46:21,047 [org.apache.hadoop.util.JvmPauseMonitor$Monitor@3d76c950] INFO  util.JvmPauseMonitor (JvmPauseMonitor.java:run(188)) - Starting JVM pause monitor
2019-10-04 13:46:21,048 [Datanode State Machine Thread - 0] INFO  datanode.InitDatanodeState (InitDatanodeState.java:persistContainerDatanodeDetails(140)) - DatanodeDetails is persisted to /workdir/hadoop-ozone/integration-test/target/test-dir/MiniOzoneClusterImpl-7f8d01bd-209a-4bb2-b348-2961670ba14e/datanode-9/meta/datanode.id
2019-10-04 13:46:22,047 [main] INFO  ozone.MiniOzoneClusterImpl (MiniOzoneClusterImpl.java:lambda$waitForClusterToBeReady$0(147)) - Waiting for cluster to be ready. Got 0 of 10 DN Heartbeats.
2019-10-04 13:46:22,447 [Datanode State Machine Thread - 0] INFO  ozoneimpl.OzoneContainer (OzoneContainer.java:start(217)) - Attempting to start container services.
2019-10-04 13:46:22,447 [Datanode State Machine Thread - 0] INFO  ozoneimpl.OzoneContainer (OzoneContainer.java:startContainerScrub(179)) - Background container scanner has been disabled.
2019-10-04 13:46:22,447 [Datanode State Machine Thread - 0] INFO  ratis.XceiverServerRatis (XceiverServerRatis.java:start(417)) - Starting XceiverServerRatis a9f2dbb7-43c3-4367-8346-947b48bd4d79 at port 0
2019-10-04 13:46:22,452 [Datanode State Machine Thread - 0] INFO  impl.RaftServerProxy (RaftServerProxy.java:lambda$start$3(299)) - a9f2dbb7-43c3-4367-8346-947b48bd4d79: start RPC server
2019-10-04 13:46:22,454 [Datanode State Machine Thread - 0] INFO  server.GrpcService (GrpcService.java:startImpl(158)) - a9f2dbb7-43c3-4367-8346-947b48bd4d79: GrpcService started, listening on 0.0.0.0/0.0.0.0:34618
2019-10-04 13:46:22,454 [Datanode State Machine Thread - 0] INFO  ratis.XceiverServerRatis (XceiverServerRatis.java:start(427)) - XceiverServerRatis a9f2dbb7-43c3-4367-8346-947b48bd4d79 is started using port 34618
2019-10-04 13:46:22,455 [Datanode State Machine Thread - 0] INFO  server.XceiverServerGrpc (XceiverServerGrpc.java:start(149)) - XceiverServerGrpc a9f2dbb7-43c3-4367-8346-947b48bd4d79 is started using port 40330
2019-10-04 13:46:22,519 [Datanode State Machine Thread - 0] INFO  ozoneimpl.OzoneContainer (OzoneContainer.java:start(217)) - Attempting to start container services.
2019-10-04 13:46:22,520 [Datanode State Machine Thread - 0] INFO  ozoneimpl.OzoneContainer (OzoneContainer.java:startContainerScrub(179)) - Background container scanner has been disabled.
2019-10-04 13:46:22,520 [Datanode State Machine Thread - 0] INFO  ratis.XceiverServerRatis (XceiverServerRatis.java:start(417)) - Starting XceiverServerRatis 4da2f670-0e5c-4bde-934c-3cd05d8a50a4 at port 0
2019-10-04 13:46:22,525 [Datanode State Machine Thread - 0] INFO  impl.RaftServerProxy (RaftServerProxy.java:lambda$start$3(299)) - 4da2f670-0e5c-4bde-934c-3cd05d8a50a4: start RPC server
2019-10-04 13:46:22,529 [Datanode State Machine Thread - 0] INFO  server.GrpcService (GrpcService.java:startImpl(158)) - 4da2f670-0e5c-4bde-934c-3cd05d8a50a4: GrpcService started, listening on 0.0.0.0/0.0.0.0:45990
2019-10-04 13:46:22,529 [Datanode State Machine Thread - 0] INFO  ratis.XceiverServerRatis (XceiverServerRatis.java:start(427)) - XceiverServerRatis 4da2f670-0e5c-4bde-934c-3cd05d8a50a4 is started using port 45990
2019-10-04 13:46:22,529 [Datanode State Machine Thread - 0] INFO  server.XceiverServerGrpc (XceiverServerGrpc.java:start(149)) - XceiverServerGrpc 4da2f670-0e5c-4bde-934c-3cd05d8a50a4 is started using port 33641
2019-10-04 13:46:22,574 [Datanode State Machine Thread - 0] INFO  ozoneimpl.OzoneContainer (OzoneContainer.java:start(217)) - Attempting to start container services.
2019-10-04 13:46:22,574 [Datanode State Machine Thread - 0] INFO  ozoneimpl.OzoneContainer (OzoneContainer.java:startContainerScrub(179)) - Background container scanner has been disabled.
2019-10-04 13:46:22,574 [Datanode State Machine Thread - 0] INFO  ratis.XceiverServerRatis (XceiverServerRatis.java:start(417)) - Starting XceiverServerRatis abf7bc81-30d5-42c0-a0af-45d0cecf5915 at port 0
2019-10-04 13:46:22,580 [Datanode State Machine Thread - 0] INFO  impl.RaftServerProxy (RaftServerProxy.java:lambda$start$3(299)) - abf7bc81-30d5-42c0-a0af-45d0cecf5915: start RPC server
2019-10-04 13:46:22,580 [Datanode State Machine Thread - 0] INFO  server.GrpcService (GrpcService.java:startImpl(158)) - abf7bc81-30d5-42c0-a0af-45d0cecf5915: GrpcService started, listening on 0.0.0.0/0.0.0.0:35055
2019-10-04 13:46:22,580 [Datanode State Machine Thread - 0] INFO  ratis.XceiverServerRatis (XceiverServerRatis.java:start(427)) - XceiverServerRatis abf7bc81-30d5-42c0-a0af-45d0cecf5915 is started using port 35055
2019-10-04 13:46:22,584 [Datanode State Machine Thread - 0] INFO  server.XceiverServerGrpc (XceiverServerGrpc.java:start(149)) - XceiverServerGrpc abf7bc81-30d5-42c0-a0af-45d0cecf5915 is started using port 45681
2019-10-04 13:46:22,665 [Datanode State Machine Thread - 0] INFO  ozoneimpl.OzoneContainer (OzoneContainer.java:start(217)) - Attempting to start container services.
2019-10-04 13:46:22,665 [Datanode State Machine Thread - 0] INFO  ozoneimpl.OzoneContainer (OzoneContainer.java:startContainerScrub(179)) - Background container scanner has been disabled.
2019-10-04 13:46:22,665 [Datanode State Machine Thread - 0] INFO  ratis.XceiverServerRatis (XceiverServerRatis.java:start(417)) - Starting XceiverServerRatis e7c9b6e5-8734-4888-9a82-5562d6bfa950 at port 0
2019-10-04 13:46:22,670 [Datanode State Machine Thread - 0] INFO  impl.RaftServerProxy (RaftServerProxy.java:lambda$start$3(299)) - e7c9b6e5-8734-4888-9a82-5562d6bfa950: start RPC server
2019-10-04 13:46:22,671 [Datanode State Machine Thread - 0] INFO  server.GrpcService (GrpcService.java:startImpl(158)) - e7c9b6e5-8734-4888-9a82-5562d6bfa950: GrpcService started, listening on 0.0.0.0/0.0.0.0:44869
2019-10-04 13:46:22,671 [Datanode State Machine Thread - 0] INFO  ratis.XceiverServerRatis (XceiverServerRatis.java:start(427)) - XceiverServerRatis e7c9b6e5-8734-4888-9a82-5562d6bfa950 is started using port 44869
2019-10-04 13:46:22,671 [Datanode State Machine Thread - 0] INFO  server.XceiverServerGrpc (XceiverServerGrpc.java:start(149)) - XceiverServerGrpc e7c9b6e5-8734-4888-9a82-5562d6bfa950 is started using port 33578
2019-10-04 13:46:22,737 [Datanode State Machine Thread - 0] INFO  ozoneimpl.OzoneContainer (OzoneContainer.java:start(217)) - Attempting to start container services.
2019-10-04 13:46:22,737 [Datanode State Machine Thread - 0] INFO  ozoneimpl.OzoneContainer (OzoneContainer.java:startContainerScrub(179)) - Background container scanner has been disabled.
2019-10-04 13:46:22,737 [Datanode State Machine Thread - 0] INFO  ratis.XceiverServerRatis (XceiverServerRatis.java:start(417)) - Starting XceiverServerRatis 1acd4a7f-a859-40e1-8534-5adb5341c727 at port 0
2019-10-04 13:46:22,741 [Datanode State Machine Thread - 0] INFO  impl.RaftServerProxy (RaftServerProxy.java:lambda$start$3(299)) - 1acd4a7f-a859-40e1-8534-5adb5341c727: start RPC server
2019-10-04 13:46:22,742 [Datanode State Machine Thread - 0] INFO  server.GrpcService (GrpcService.java:startImpl(158)) - 1acd4a7f-a859-40e1-8534-5adb5341c727: GrpcService started, listening on 0.0.0.0/0.0.0.0:43799
2019-10-04 13:46:22,742 [Datanode State Machine Thread - 0] INFO  ratis.XceiverServerRatis (XceiverServerRatis.java:start(427)) - XceiverServerRatis 1acd4a7f-a859-40e1-8534-5adb5341c727 is started using port 43799
2019-10-04 13:46:22,742 [Datanode State Machine Thread - 0] INFO  server.XceiverServerGrpc (XceiverServerGrpc.java:start(149)) - XceiverServerGrpc 1acd4a7f-a859-40e1-8534-5adb5341c727 is started using port 45273
2019-10-04 13:46:22,786 [Datanode State Machine Thread - 0] INFO  ozoneimpl.OzoneContainer (OzoneContainer.java:start(217)) - Attempting to start container services.
2019-10-04 13:46:22,787 [Datanode State Machine Thread - 0] INFO  ozoneimpl.OzoneContainer (OzoneContainer.java:startContainerScrub(179)) - Background container scanner has been disabled.
2019-10-04 13:46:22,787 [Datanode State Machine Thread - 0] INFO  ratis.XceiverServerRatis (XceiverServerRatis.java:start(417)) - Starting XceiverServerRatis 34bb4e64-1059-4030-8a56-fd9416faa756 at port 0
2019-10-04 13:46:22,791 [Datanode State Machine Thread - 0] INFO  impl.RaftServerProxy (RaftServerProxy.java:lambda$start$3(299)) - 34bb4e64-1059-4030-8a56-fd9416faa756: start RPC server
2019-10-04 13:46:22,792 [Datanode State Machine Thread - 0] INFO  server.GrpcService (GrpcService.java:startImpl(158)) - 34bb4e64-1059-4030-8a56-fd9416faa756: GrpcService started, listening on 0.0.0.0/0.0.0.0:39854
2019-10-04 13:46:22,792 [Datanode State Machine Thread - 0] INFO  ratis.XceiverServerRatis (XceiverServerRatis.java:start(427)) - XceiverServerRatis 34bb4e64-1059-4030-8a56-fd9416faa756 is started using port 39854
2019-10-04 13:46:22,803 [Datanode State Machine Thread - 0] INFO  server.XceiverServerGrpc (XceiverServerGrpc.java:start(149)) - XceiverServerGrpc 34bb4e64-1059-4030-8a56-fd9416faa756 is started using port 39953
2019-10-04 13:46:22,863 [Datanode State Machine Thread - 0] INFO  ozoneimpl.OzoneContainer (OzoneContainer.java:start(217)) - Attempting to start container services.
2019-10-04 13:46:22,863 [Datanode State Machine Thread - 0] INFO  ozoneimpl.OzoneContainer (OzoneContainer.java:startContainerScrub(179)) - Background container scanner has been disabled.
2019-10-04 13:46:22,863 [Datanode State Machine Thread - 0] INFO  ratis.XceiverServerRatis (XceiverServerRatis.java:start(417)) - Starting XceiverServerRatis 7e1c9ca0-e47b-440d-aa87-5a285336291c at port 0
2019-10-04 13:46:22,868 [Datanode State Machine Thread - 0] INFO  impl.RaftServerProxy (RaftServerProxy.java:lambda$start$3(299)) - 7e1c9ca0-e47b-440d-aa87-5a285336291c: start RPC server
2019-10-04 13:46:22,869 [Datanode State Machine Thread - 0] INFO  server.GrpcService (GrpcService.java:startImpl(158)) - 7e1c9ca0-e47b-440d-aa87-5a285336291c: GrpcService started, listening on 0.0.0.0/0.0.0.0:44642
2019-10-04 13:46:22,869 [Datanode State Machine Thread - 0] INFO  ratis.XceiverServerRatis (XceiverServerRatis.java:start(427)) - XceiverServerRatis 7e1c9ca0-e47b-440d-aa87-5a285336291c is started using port 44642
2019-10-04 13:46:22,869 [Datanode State Machine Thread - 0] INFO  server.XceiverServerGrpc (XceiverServerGrpc.java:start(149)) - XceiverServerGrpc 7e1c9ca0-e47b-440d-aa87-5a285336291c is started using port 43997
2019-10-04 13:46:22,929 [Datanode State Machine Thread - 0] INFO  ozoneimpl.OzoneContainer (OzoneContainer.java:start(217)) - Attempting to start container services.
2019-10-04 13:46:22,930 [Datanode State Machine Thread - 0] INFO  ozoneimpl.OzoneContainer (OzoneContainer.java:startContainerScrub(179)) - Background container scanner has been disabled.
2019-10-04 13:46:22,930 [Datanode State Machine Thread - 0] INFO  ratis.XceiverServerRatis (XceiverServerRatis.java:start(417)) - Starting XceiverServerRatis f7391afe-e883-4b58-900a-eef83ef5e847 at port 0
2019-10-04 13:46:22,934 [Datanode State Machine Thread - 0] INFO  impl.RaftServerProxy (RaftServerProxy.java:lambda$start$3(299)) - f7391afe-e883-4b58-900a-eef83ef5e847: start RPC server
2019-10-04 13:46:22,934 [Datanode State Machine Thread - 0] INFO  server.GrpcService (GrpcService.java:startImpl(158)) - f7391afe-e883-4b58-900a-eef83ef5e847: GrpcService started, listening on 0.0.0.0/0.0.0.0:36496
2019-10-04 13:46:22,934 [Datanode State Machine Thread - 0] INFO  ratis.XceiverServerRatis (XceiverServerRatis.java:start(427)) - XceiverServerRatis f7391afe-e883-4b58-900a-eef83ef5e847 is started using port 36496
2019-10-04 13:46:22,938 [Datanode State Machine Thread - 0] INFO  server.XceiverServerGrpc (XceiverServerGrpc.java:start(149)) - XceiverServerGrpc f7391afe-e883-4b58-900a-eef83ef5e847 is started using port 43961
2019-10-04 13:46:22,989 [Datanode State Machine Thread - 0] INFO  ozoneimpl.OzoneContainer (OzoneContainer.java:start(217)) - Attempting to start container services.
2019-10-04 13:46:22,989 [Datanode State Machine Thread - 0] INFO  ozoneimpl.OzoneContainer (OzoneContainer.java:startContainerScrub(179)) - Background container scanner has been disabled.
2019-10-04 13:46:22,989 [Datanode State Machine Thread - 0] INFO  ratis.XceiverServerRatis (XceiverServerRatis.java:start(417)) - Starting XceiverServerRatis 870a27db-da30-4d61-a408-9d113e1c9716 at port 0
2019-10-04 13:46:22,994 [Datanode State Machine Thread - 0] INFO  impl.RaftServerProxy (RaftServerProxy.java:lambda$start$3(299)) - 870a27db-da30-4d61-a408-9d113e1c9716: start RPC server
2019-10-04 13:46:22,994 [Datanode State Machine Thread - 0] INFO  server.GrpcService (GrpcService.java:startImpl(158)) - 870a27db-da30-4d61-a408-9d113e1c9716: GrpcService started, listening on 0.0.0.0/0.0.0.0:42515
2019-10-04 13:46:22,994 [Datanode State Machine Thread - 0] INFO  ratis.XceiverServerRatis (XceiverServerRatis.java:start(427)) - XceiverServerRatis 870a27db-da30-4d61-a408-9d113e1c9716 is started using port 42515
2019-10-04 13:46:22,995 [Datanode State Machine Thread - 0] INFO  server.XceiverServerGrpc (XceiverServerGrpc.java:start(149)) - XceiverServerGrpc 870a27db-da30-4d61-a408-9d113e1c9716 is started using port 44301
2019-10-04 13:46:23,047 [main] INFO  ozone.MiniOzoneClusterImpl (MiniOzoneClusterImpl.java:lambda$waitForClusterToBeReady$0(147)) - Waiting for cluster to be ready. Got 0 of 10 DN Heartbeats.
2019-10-04 13:46:23,055 [Datanode State Machine Thread - 0] INFO  ozoneimpl.OzoneContainer (OzoneContainer.java:start(217)) - Attempting to start container services.
2019-10-04 13:46:23,055 [Datanode State Machine Thread - 0] INFO  ozoneimpl.OzoneContainer (OzoneContainer.java:startContainerScrub(179)) - Background container scanner has been disabled.
2019-10-04 13:46:23,055 [Datanode State Machine Thread - 0] INFO  ratis.XceiverServerRatis (XceiverServerRatis.java:start(417)) - Starting XceiverServerRatis d30cfae4-72b5-4ec1-a6ad-4fabcec0d6f2 at port 0
2019-10-04 13:46:23,060 [Datanode State Machine Thread - 0] INFO  impl.RaftServerProxy (RaftServerProxy.java:lambda$start$3(299)) - d30cfae4-72b5-4ec1-a6ad-4fabcec0d6f2: start RPC server
2019-10-04 13:46:23,060 [Datanode State Machine Thread - 0] INFO  server.GrpcService (GrpcService.java:startImpl(158)) - d30cfae4-72b5-4ec1-a6ad-4fabcec0d6f2: GrpcService started, listening on 0.0.0.0/0.0.0.0:40495
2019-10-04 13:46:23,061 [Datanode State Machine Thread - 0] INFO  ratis.XceiverServerRatis (XceiverServerRatis.java:start(427)) - XceiverServerRatis d30cfae4-72b5-4ec1-a6ad-4fabcec0d6f2 is started using port 40495
2019-10-04 13:46:23,077 [Datanode State Machine Thread - 0] INFO  server.XceiverServerGrpc (XceiverServerGrpc.java:start(149)) - XceiverServerGrpc d30cfae4-72b5-4ec1-a6ad-4fabcec0d6f2 is started using port 44096
2019-10-04 13:46:24,048 [main] INFO  ozone.MiniOzoneClusterImpl (MiniOzoneClusterImpl.java:lambda$waitForClusterToBeReady$0(147)) - Waiting for cluster to be ready. Got 0 of 10 DN Heartbeats.
2019-10-04 13:46:24,420 [IPC Server handler 8 on 39117] INFO  net.NetworkTopology (NetworkTopologyImpl.java:add(111)) - Added a new node: /rack1/a9f2dbb7-43c3-4367-8346-947b48bd4d79
2019-10-04 13:46:24,422 [IPC Server handler 8 on 39117] INFO  node.SCMNodeManager (SCMNodeManager.java:register(266)) - Registered Data node : a9f2dbb7-43c3-4367-8346-947b48bd4d79{ip: 192.168.30.33, host: pr-hdds-2233-hr7xq-248966361, networkLocation: /rack1, certSerialId: null}
2019-10-04 13:46:24,423 [EventQueue-NodeRegistrationContainerReportForDataNodeSafeModeRule] INFO  safemode.SCMSafeModeManager (DataNodeSafeModeRule.java:process(71)) - SCM in safe mode. 1 DataNodes registered, 1 required.
2019-10-04 13:46:24,425 [EventQueue-NodeRegistrationContainerReportForDataNodeSafeModeRule] INFO  safemode.SCMSafeModeManager (SCMSafeModeManager.java:validateSafeModeExitRules(177)) - ScmSafeModeManager, all rules are successfully validated
2019-10-04 13:46:24,426 [EventQueue-NodeRegistrationContainerReportForDataNodeSafeModeRule] INFO  safemode.SCMSafeModeManager (SCMSafeModeManager.java:exitSafeMode(193)) - SCM exiting safe mode.
2019-10-04 13:46:24,435 [grpc-default-executor-6] INFO  impl.RaftServerProxy (RaftServerProxy.java:addNew(89)) - a9f2dbb7-43c3-4367-8346-947b48bd4d79: addNew group-29C3E7C0D313:[a9f2dbb7-43c3-4367-8346-947b48bd4d79:192.168.30.33:34618] returns group-29C3E7C0D313:java.util.concurrent.CompletableFuture@4419714c[Not completed]
2019-10-04 13:46:24,436 [pool-509-thread-1] INFO  impl.RaftServerImpl (RaftServerImpl.java:<init>(95)) - a9f2dbb7-43c3-4367-8346-947b48bd4d79: new RaftServerImpl for group-29C3E7C0D313:[a9f2dbb7-43c3-4367-8346-947b48bd4d79:192.168.30.33:34618] with ContainerStateMachine:uninitialized
2019-10-04 13:46:24,437 [pool-509-thread-1] INFO  server.RaftServerConfigKeys (ConfUtils.java:logGet(43)) - raft.server.rpc.timeout.min = 1s (custom)
2019-10-04 13:46:24,437 [pool-509-thread-1] INFO  server.RaftServerConfigKeys (ConfUtils.java:logGet(43)) - raft.server.rpc.timeout.max = 1200ms (custom)
2019-10-04 13:46:24,437 [pool-509-thread-1] INFO  server.RaftServerConfigKeys (ConfUtils.java:logGet(43)) - raft.server.rpcslowness.timeout = 120s (custom)
2019-10-04 13:46:24,437 [pool-509-thread-1] INFO  server.RaftServerConfigKeys (ConfUtils.java:logGet(43)) - raft.server.sleep.deviation.threshold = 300 (default)
2019-10-04 13:46:24,437 [pool-509-thread-1] INFO  server.RaftServerConfigKeys (ConfUtils.java:logGet(43)) - raft.server.log.appender.install.snapshot.enabled = false (custom)
2019-10-04 13:46:24,437 [pool-509-thread-1] INFO  impl.RaftServerImpl (ServerState.java:<init>(103)) - a9f2dbb7-43c3-4367-8346-947b48bd4d79@group-29C3E7C0D313: ConfigurationManager, init=-1: [a9f2dbb7-43c3-4367-8346-947b48bd4d79:192.168.30.33:34618], old=null, confs=<EMPTY_MAP>
2019-10-04 13:46:24,437 [pool-509-thread-1] INFO  server.RaftServerConfigKeys (ConfUtils.java:logGet(43)) - raft.server.storage.dir = [/workdir/hadoop-ozone/integration-test/target/test-dir/MiniOzoneClusterImpl-7f8d01bd-209a-4bb2-b348-2961670ba14e/datanode-0/data/ratis] (custom)
2019-10-04 13:46:24,437 [pool-509-thread-1] INFO  server.RaftServerConfigKeys (ConfUtils.java:logGet(43)) - raft.server.log.corruption.policy = EXCEPTION (default)
2019-10-04 13:46:24,438 [pool-509-thread-1] INFO  storage.RaftStorageDirectory (RaftStorageDirectory.java:analyzeStorage(246)) - The storage directory /workdir/hadoop-ozone/integration-test/target/test-dir/MiniOzoneClusterImpl-7f8d01bd-209a-4bb2-b348-2961670ba14e/datanode-0/data/ratis/f4c33182-99d3-40a1-b73d-29c3e7c0d313 does not exist. Creating ...
2019-10-04 13:46:24,441 [pool-509-thread-1] INFO  storage.RaftStorageDirectory (RaftStorageDirectory.java:tryLock(328)) - Lock on /workdir/hadoop-ozone/integration-test/target/test-dir/MiniOzoneClusterImpl-7f8d01bd-209a-4bb2-b348-2961670ba14e/datanode-0/data/ratis/f4c33182-99d3-40a1-b73d-29c3e7c0d313/in_use.lock acquired by nodename 10239@pr-hdds-2233-hr7xq-248966361
2019-10-04 13:46:24,455 [pool-509-thread-1] INFO  storage.RaftStorage (RaftStorage.java:format(84)) - Storage directory /workdir/hadoop-ozone/integration-test/target/test-dir/MiniOzoneClusterImpl-7f8d01bd-209a-4bb2-b348-2961670ba14e/datanode-0/data/ratis/f4c33182-99d3-40a1-b73d-29c3e7c0d313 has been successfully formatted.
2019-10-04 13:46:24,455 [pool-509-thread-1] INFO  ratis.ContainerStateMachine (ContainerStateMachine.java:loadSnapshot(230)) - group-29C3E7C0D313: The snapshot info is null. Setting the last applied indexto:(t:0, i:~)
2019-10-04 13:46:24,455 [pool-509-thread-1] INFO  server.RaftServerConfigKeys (ConfUtils.java:logGet(43)) - raft.server.notification.no-leader.timeout = 120s (custom)
2019-10-04 13:46:24,455 [pool-509-thread-1] INFO  server.RaftServerConfigKeys (ConfUtils.java:logGet(43)) - raft.server.log.use.memory = false (default)
2019-10-04 13:46:24,455 [pool-509-thread-1] INFO  server.RaftServerConfigKeys (ConfUtils.java:logGet(43)) - raft.server.log.purge.gap = 1000000 (custom)
2019-10-04 13:46:24,455 [pool-509-thread-1] INFO  server.RaftServerConfigKeys (ConfUtils.java:logGet(43)) - raft.server.log.appender.buffer.byte-limit = 33554432 (custom)
2019-10-04 13:46:24,456 [pool-509-thread-1] INFO  server.RaftServerConfigKeys (ConfUtils.java:logGet(43)) - raft.server.log.segment.size.max = 1048576 (custom)
2019-10-04 13:46:24,457 [pool-509-thread-1] INFO  server.RaftServerConfigKeys (ConfUtils.java:logGet(43)) - raft.server.log.segment.cache.num.max = 2 (custom)
2019-10-04 13:46:24,457 [pool-509-thread-1] INFO  segmented.SegmentedRaftLogWorker (SegmentedRaftLogWorker.java:<init>(173)) - new a9f2dbb7-43c3-4367-8346-947b48bd4d79@group-29C3E7C0D313-SegmentedRaftLogWorker for RaftStorage:Storage Directory /workdir/hadoop-ozone/integration-test/target/test-dir/MiniOzoneClusterImpl-7f8d01bd-209a-4bb2-b348-2961670ba14e/datanode-0/data/ratis/f4c33182-99d3-40a1-b73d-29c3e7c0d313
2019-10-04 13:46:24,457 [pool-509-thread-1] INFO  server.RaftServerConfigKeys (ConfUtils.java:logGet(43)) - raft.server.log.queue.byte-limit = 2147483647 (custom)
2019-10-04 13:46:24,457 [pool-509-thread-1] INFO  server.RaftServerConfigKeys (ConfUtils.java:logGet(43)) - raft.server.log.queue.element-limit = 1024 (custom)
2019-10-04 13:46:24,457 [pool-509-thread-1] INFO  server.RaftServerConfigKeys (ConfUtils.java:logGet(43)) - raft.server.log.segment.size.max = 1048576 (custom)
2019-10-04 13:46:24,457 [pool-509-thread-1] INFO  server.RaftServerConfigKeys (ConfUtils.java:logGet(43)) - raft.server.log.preallocated.size = 16384 (custom)
2019-10-04 13:46:24,457 [pool-509-thread-1] INFO  server.RaftServerConfigKeys (ConfUtils.java:logGet(43)) - raft.server.log.write.buffer.size = 33554432 (custom)
2019-10-04 13:46:24,457 [pool-509-thread-1] INFO  server.RaftServerConfigKeys (ConfUtils.java:logGet(43)) - raft.server.log.force.sync.num = 128 (default)
2019-10-04 13:46:24,458 [pool-509-thread-1] INFO  server.RaftServerConfigKeys (ConfUtils.java:logGet(43)) - raft.server.log.statemachine.data.sync = true (default)
2019-10-04 13:46:24,458 [pool-509-thread-1] INFO  server.RaftServerConfigKeys (ConfUtils.java:logGet(43)) - raft.server.log.statemachine.data.sync.timeout = 10s (default)
2019-10-04 13:46:24,458 [pool-509-thread-1] INFO  server.RaftServerConfigKeys (ConfUtils.java:logGet(43)) - raft.server.log.statemachine.data.sync.timeout.retry = -1 (default)
2019-10-04 13:46:24,458 [pool-509-thread-1] INFO  server.RaftServerConfigKeys (ConfUtils.java:logGet(43)) - raft.server.log.statemachine.data.caching.enabled = true (custom)
2019-10-04 13:46:24,458 [pool-509-thread-1] INFO  segmented.SegmentedRaftLogWorker (SegmentedRaftLogWorker.java:lambda$new$0(128)) - a9f2dbb7-43c3-4367-8346-947b48bd4d79@group-29C3E7C0D313-SegmentedRaftLogWorker: flushIndex: setUnconditionally 0 -> -1
2019-10-04 13:46:24,458 [pool-509-thread-1] INFO  server.RaftServerConfigKeys (ConfUtils.java:logGet(43)) - raft.server.snapshot.auto.trigger.enabled = true (custom)
2019-10-04 13:46:24,459 [pool-509-thread-1] INFO  server.RaftServerConfigKeys (ConfUtils.java:logGet(43)) - raft.server.snapshot.auto.trigger.threshold = 10000 (custom)
2019-10-04 13:46:24,459 [pool-509-thread-1] INFO  server.RaftServerConfigKeys (ConfUtils.java:logGet(43)) - raft.server.snapshot.retention.file.num = 5 (custom)
2019-10-04 13:46:24,459 [pool-509-thread-1] INFO  server.RaftServerConfigKeys (ConfUtils.java:logGet(43)) - raft.server.retrycache.expirytime = 600000ms (custom)
2019-10-04 13:46:24,460 [pool-509-thread-1] INFO  impl.RaftServerImpl (RaftServerImpl.java:start(181)) - a9f2dbb7-43c3-4367-8346-947b48bd4d79@group-29C3E7C0D313: start as a follower, conf=-1: [a9f2dbb7-43c3-4367-8346-947b48bd4d79:192.168.30.33:34618], old=null
2019-10-04 13:46:24,460 [pool-509-thread-1] INFO  impl.RaftServerImpl (RaftServerImpl.java:setRole(170)) - a9f2dbb7-43c3-4367-8346-947b48bd4d79@group-29C3E7C0D313: changes role from      null to FOLLOWER at term 0 for startAsFollower
2019-10-04 13:46:24,460 [pool-509-thread-1] INFO  impl.RoleInfo (RoleInfo.java:updateAndGet(143)) - a9f2dbb7-43c3-4367-8346-947b48bd4d79: start FollowerState
2019-10-04 13:46:24,460 [pool-509-thread-1] INFO  util.JmxRegister (JmxRegister.java:tryRegister(44)) - Successfully registered JMX Bean with object name Ratis:service=RaftServer,group=group-29C3E7C0D313,id=a9f2dbb7-43c3-4367-8346-947b48bd4d79
2019-10-04 13:46:24,464 [RatisPipelineUtilsThread] INFO  pipeline.PipelineStateManager (PipelineStateManager.java:addPipeline(56)) - Created pipeline Pipeline[ Id: f4c33182-99d3-40a1-b73d-29c3e7c0d313, Nodes: a9f2dbb7-43c3-4367-8346-947b48bd4d79{ip: 192.168.30.33, host: pr-hdds-2233-hr7xq-248966361, networkLocation: /rack1, certSerialId: null}, Type:RATIS, Factor:ONE, State:OPEN]
2019-10-04 13:46:24,493 [IPC Server handler 9 on 39117] INFO  net.NetworkTopology (NetworkTopologyImpl.java:add(111)) - Added a new node: /rack1/4da2f670-0e5c-4bde-934c-3cd05d8a50a4
2019-10-04 13:46:24,494 [IPC Server handler 9 on 39117] INFO  node.SCMNodeManager (SCMNodeManager.java:register(266)) - Registered Data node : 4da2f670-0e5c-4bde-934c-3cd05d8a50a4{ip: 192.168.30.33, host: pr-hdds-2233-hr7xq-248966361, networkLocation: /rack1, certSerialId: null}
2019-10-04 13:46:24,501 [grpc-default-executor-6] INFO  impl.RaftServerProxy (RaftServerProxy.java:addNew(89)) - 4da2f670-0e5c-4bde-934c-3cd05d8a50a4: addNew group-524DA528E1B4:[4da2f670-0e5c-4bde-934c-3cd05d8a50a4:192.168.30.33:45990] returns group-524DA528E1B4:java.util.concurrent.CompletableFuture@32aaf143[Not completed]
2019-10-04 13:46:24,502 [pool-519-thread-1] INFO  impl.RaftServerImpl (RaftServerImpl.java:<init>(95)) - 4da2f670-0e5c-4bde-934c-3cd05d8a50a4: new RaftServerImpl for group-524DA528E1B4:[4da2f670-0e5c-4bde-934c-3cd05d8a50a4:192.168.30.33:45990] with ContainerStateMachine:uninitialized
2019-10-04 13:46:24,502 [pool-519-thread-1] INFO  server.RaftServerConfigKeys (ConfUtils.java:logGet(43)) - raft.server.rpc.timeout.min = 1s (custom)
2019-10-04 13:46:24,502 [pool-519-thread-1] INFO  server.RaftServerConfigKeys (ConfUtils.java:logGet(43)) - raft.server.rpc.timeout.max = 1200ms (custom)
2019-10-04 13:46:24,502 [pool-519-thread-1] INFO  server.RaftServerConfigKeys (ConfUtils.java:logGet(43)) - raft.server.rpcslowness.timeout = 120s (custom)
2019-10-04 13:46:24,502 [pool-519-thread-1] INFO  server.RaftServerConfigKeys (ConfUtils.java:logGet(43)) - raft.server.sleep.deviation.threshold = 300 (default)
2019-10-04 13:46:24,502 [pool-519-thread-1] INFO  server.RaftServerConfigKeys (ConfUtils.java:logGet(43)) - raft.server.log.appender.install.snapshot.enabled = false (custom)
2019-10-04 13:46:24,502 [pool-519-thread-1] INFO  impl.RaftServerImpl (ServerState.java:<init>(103)) - 4da2f670-0e5c-4bde-934c-3cd05d8a50a4@group-524DA528E1B4: ConfigurationManager, init=-1: [4da2f670-0e5c-4bde-934c-3cd05d8a50a4:192.168.30.33:45990], old=null, confs=<EMPTY_MAP>
2019-10-04 13:46:24,503 [pool-519-thread-1] INFO  server.RaftServerConfigKeys (ConfUtils.java:logGet(43)) - raft.server.storage.dir = [/workdir/hadoop-ozone/integration-test/target/test-dir/MiniOzoneClusterImpl-7f8d01bd-209a-4bb2-b348-2961670ba14e/datanode-1/data/ratis] (custom)
2019-10-04 13:46:24,503 [pool-519-thread-1] INFO  server.RaftServerConfigKeys (ConfUtils.java:logGet(43)) - raft.server.log.corruption.policy = EXCEPTION (default)
2019-10-04 13:46:24,503 [pool-519-thread-1] INFO  storage.RaftStorageDirectory (RaftStorageDirectory.java:analyzeStorage(246)) - The storage directory /workdir/hadoop-ozone/integration-test/target/test-dir/MiniOzoneClusterImpl-7f8d01bd-209a-4bb2-b348-2961670ba14e/datanode-1/data/ratis/683e95d9-5f3e-451c-b6ab-524da528e1b4 does not exist. Creating ...
2019-10-04 13:46:24,516 [pool-519-thread-1] INFO  storage.RaftStorageDirectory (RaftStorageDirectory.java:tryLock(328)) - Lock on /workdir/hadoop-ozone/integration-test/target/test-dir/MiniOzoneClusterImpl-7f8d01bd-209a-4bb2-b348-2961670ba14e/datanode-1/data/ratis/683e95d9-5f3e-451c-b6ab-524da528e1b4/in_use.lock acquired by nodename 10239@pr-hdds-2233-hr7xq-248966361
2019-10-04 13:46:24,540 [pool-519-thread-1] INFO  storage.RaftStorage (RaftStorage.java:format(84)) - Storage directory /workdir/hadoop-ozone/integration-test/target/test-dir/MiniOzoneClusterImpl-7f8d01bd-209a-4bb2-b348-2961670ba14e/datanode-1/data/ratis/683e95d9-5f3e-451c-b6ab-524da528e1b4 has been successfully formatted.
2019-10-04 13:46:24,540 [pool-519-thread-1] INFO  ratis.ContainerStateMachine (ContainerStateMachine.java:loadSnapshot(230)) - group-524DA528E1B4: The snapshot info is null. Setting the last applied indexto:(t:0, i:~)
2019-10-04 13:46:24,540 [pool-519-thread-1] INFO  server.RaftServerConfigKeys (ConfUtils.java:logGet(43)) - raft.server.notification.no-leader.timeout = 120s (custom)
2019-10-04 13:46:24,540 [pool-519-thread-1] INFO  server.RaftServerConfigKeys (ConfUtils.java:logGet(43)) - raft.server.log.use.memory = false (default)
2019-10-04 13:46:24,541 [pool-519-thread-1] INFO  server.RaftServerConfigKeys (ConfUtils.java:logGet(43)) - raft.server.log.purge.gap = 1000000 (custom)
2019-10-04 13:46:24,541 [pool-519-thread-1] INFO  server.RaftServerConfigKeys (ConfUtils.java:logGet(43)) - raft.server.log.appender.buffer.byte-limit = 33554432 (custom)
2019-10-04 13:46:24,541 [pool-519-thread-1] INFO  server.RaftServerConfigKeys (ConfUtils.java:logGet(43)) - raft.server.log.segment.size.max = 1048576 (custom)
2019-10-04 13:46:24,542 [pool-519-thread-1] INFO  server.RaftServerConfigKeys (ConfUtils.java:logGet(43)) - raft.server.log.segment.cache.num.max = 2 (custom)
2019-10-04 13:46:24,543 [pool-519-thread-1] INFO  segmented.SegmentedRaftLogWorker (SegmentedRaftLogWorker.java:<init>(173)) - new 4da2f670-0e5c-4bde-934c-3cd05d8a50a4@group-524DA528E1B4-SegmentedRaftLogWorker for RaftStorage:Storage Directory /workdir/hadoop-ozone/integration-test/target/test-dir/MiniOzoneClusterImpl-7f8d01bd-209a-4bb2-b348-2961670ba14e/datanode-1/data/ratis/683e95d9-5f3e-451c-b6ab-524da528e1b4
2019-10-04 13:46:24,543 [pool-519-thread-1] INFO  server.RaftServerConfigKeys (ConfUtils.java:logGet(43)) - raft.server.log.queue.byte-limit = 2147483647 (custom)
2019-10-04 13:46:24,543 [pool-519-thread-1] INFO  server.RaftServerConfigKeys (ConfUtils.java:logGet(43)) - raft.server.log.queue.element-limit = 1024 (custom)
2019-10-04 13:46:24,543 [pool-519-thread-1] INFO  server.RaftServerConfigKeys (ConfUtils.java:logGet(43)) - raft.server.log.segment.size.max = 1048576 (custom)
2019-10-04 13:46:24,543 [pool-519-thread-1] INFO  server.RaftServerConfigKeys (ConfUtils.java:logGet(43)) - raft.server.log.preallocated.size = 16384 (custom)
2019-10-04 13:46:24,543 [pool-519-thread-1] INFO  server.RaftServerConfigKeys (ConfUtils.java:logGet(43)) - raft.server.log.write.buffer.size = 33554432 (custom)
2019-10-04 13:46:24,544 [pool-519-thread-1] INFO  server.RaftServerConfigKeys (ConfUtils.java:logGet(43)) - raft.server.log.force.sync.num = 128 (default)
2019-10-04 13:46:24,544 [pool-519-thread-1] INFO  server.RaftServerConfigKeys (ConfUtils.java:logGet(43)) - raft.server.log.statemachine.data.sync = true (default)
2019-10-04 13:46:24,544 [pool-519-thread-1] INFO  server.RaftServerConfigKeys (ConfUtils.java:logGet(43)) - raft.server.log.statemachine.data.sync.timeout = 10s (default)
2019-10-04 13:46:24,544 [pool-519-thread-1] INFO  server.RaftServerConfigKeys (ConfUtils.java:logGet(43)) - raft.server.log.statemachine.data.sync.timeout.retry = -1 (default)
2019-10-04 13:46:24,544 [pool-519-thread-1] INFO  server.RaftServerConfigKeys (ConfUtils.java:logGet(43)) - raft.server.log.statemachine.data.caching.enabled = true (custom)
2019-10-04 13:46:24,545 [pool-519-thread-1] INFO  segmented.SegmentedRaftLogWorker (SegmentedRaftLogWorker.java:lambda$new$0(128)) - 4da2f670-0e5c-4bde-934c-3cd05d8a50a4@group-524DA528E1B4-SegmentedRaftLogWorker: flushIndex: setUnconditionally 0 -> -1
2019-10-04 13:46:24,545 [pool-519-thread-1] INFO  server.RaftServerConfigKeys (ConfUtils.java:logGet(43)) - raft.server.snapshot.auto.trigger.enabled = true (custom)
2019-10-04 13:46:24,545 [pool-519-thread-1] INFO  server.RaftServerConfigKeys (ConfUtils.java:logGet(43)) - raft.server.snapshot.auto.trigger.threshold = 10000 (custom)
2019-10-04 13:46:24,545 [pool-519-thread-1] INFO  server.RaftServerConfigKeys (ConfUtils.java:logGet(43)) - raft.server.snapshot.retention.file.num = 5 (custom)
2019-10-04 13:46:24,546 [pool-519-thread-1] INFO  server.RaftServerConfigKeys (ConfUtils.java:logGet(43)) - raft.server.retrycache.expirytime = 600000ms (custom)
2019-10-04 13:46:24,547 [pool-519-thread-1] INFO  impl.RaftServerImpl (RaftServerImpl.java:start(181)) - 4da2f670-0e5c-4bde-934c-3cd05d8a50a4@group-524DA528E1B4: start as a follower, conf=-1: [4da2f670-0e5c-4bde-934c-3cd05d8a50a4:192.168.30.33:45990], old=null
2019-10-04 13:46:24,548 [pool-519-thread-1] INFO  impl.RaftServerImpl (RaftServerImpl.java:setRole(170)) - 4da2f670-0e5c-4bde-934c-3cd05d8a50a4@group-524DA528E1B4: changes role from      null to FOLLOWER at term 0 for startAsFollower
2019-10-04 13:46:24,548 [pool-519-thread-1] INFO  impl.RoleInfo (RoleInfo.java:updateAndGet(143)) - 4da2f670-0e5c-4bde-934c-3cd05d8a50a4: start FollowerState
2019-10-04 13:46:24,548 [pool-519-thread-1] INFO  util.JmxRegister (JmxRegister.java:tryRegister(44)) - Successfully registered JMX Bean with object name Ratis:service=RaftServer,group=group-524DA528E1B4,id=4da2f670-0e5c-4bde-934c-3cd05d8a50a4
2019-10-04 13:46:24,553 [RatisPipelineUtilsThread] INFO  pipeline.PipelineStateManager (PipelineStateManager.java:addPipeline(56)) - Created pipeline Pipeline[ Id: 683e95d9-5f3e-451c-b6ab-524da528e1b4, Nodes: 4da2f670-0e5c-4bde-934c-3cd05d8a50a4{ip: 192.168.30.33, host: pr-hdds-2233-hr7xq-248966361, networkLocation: /rack1, certSerialId: null}, Type:RATIS, Factor:ONE, State:OPEN]
2019-10-04 13:46:24,568 [IPC Server handler 0 on 39117] INFO  net.NetworkTopology (NetworkTopologyImpl.java:add(111)) - Added a new node: /rack1/abf7bc81-30d5-42c0-a0af-45d0cecf5915
2019-10-04 13:46:24,568 [IPC Server handler 0 on 39117] INFO  node.SCMNodeManager (SCMNodeManager.java:register(266)) - Registered Data node : abf7bc81-30d5-42c0-a0af-45d0cecf5915{ip: 192.168.30.33, host: pr-hdds-2233-hr7xq-248966361, networkLocation: /rack1, certSerialId: null}
2019-10-04 13:46:24,574 [grpc-default-executor-6] INFO  impl.RaftServerProxy (RaftServerProxy.java:addNew(89)) - abf7bc81-30d5-42c0-a0af-45d0cecf5915: addNew group-9712D27F1C42:[abf7bc81-30d5-42c0-a0af-45d0cecf5915:192.168.30.33:35055] returns group-9712D27F1C42:java.util.concurrent.CompletableFuture@35a5b07e[Not completed]
2019-10-04 13:46:24,575 [pool-529-thread-1] INFO  impl.RaftServerImpl (RaftServerImpl.java:<init>(95)) - abf7bc81-30d5-42c0-a0af-45d0cecf5915: new RaftServerImpl for group-9712D27F1C42:[abf7bc81-30d5-42c0-a0af-45d0cecf5915:192.168.30.33:35055] with ContainerStateMachine:uninitialized
2019-10-04 13:46:24,575 [pool-529-thread-1] INFO  server.RaftServerConfigKeys (ConfUtils.java:logGet(43)) - raft.server.rpc.timeout.min = 1s (custom)
2019-10-04 13:46:24,575 [pool-529-thread-1] INFO  server.RaftServerConfigKeys (ConfUtils.java:logGet(43)) - raft.server.rpc.timeout.max = 1200ms (custom)
2019-10-04 13:46:24,575 [pool-529-thread-1] INFO  server.RaftServerConfigKeys (ConfUtils.java:logGet(43)) - raft.server.rpcslowness.timeout = 120s (custom)
2019-10-04 13:46:24,575 [pool-529-thread-1] INFO  server.RaftServerConfigKeys (ConfUtils.java:logGet(43)) - raft.server.sleep.deviation.threshold = 300 (default)
2019-10-04 13:46:24,575 [pool-529-thread-1] INFO  server.RaftServerConfigKeys (ConfUtils.java:logGet(43)) - raft.server.log.appender.install.snapshot.enabled = false (custom)
2019-10-04 13:46:24,575 [pool-529-thread-1] INFO  impl.RaftServerImpl (ServerState.java:<init>(103)) - abf7bc81-30d5-42c0-a0af-45d0cecf5915@group-9712D27F1C42: ConfigurationManager, init=-1: [abf7bc81-30d5-42c0-a0af-45d0cecf5915:192.168.30.33:35055], old=null, confs=<EMPTY_MAP>
2019-10-04 13:46:24,575 [pool-529-thread-1] INFO  server.RaftServerConfigKeys (ConfUtils.java:logGet(43)) - raft.server.storage.dir = [/workdir/hadoop-ozone/integration-test/target/test-dir/MiniOzoneClusterImpl-7f8d01bd-209a-4bb2-b348-2961670ba14e/datanode-2/data/ratis] (custom)
2019-10-04 13:46:24,576 [pool-529-thread-1] INFO  server.RaftServerConfigKeys (ConfUtils.java:logGet(43)) - raft.server.log.corruption.policy = EXCEPTION (default)
2019-10-04 13:46:24,576 [pool-529-thread-1] INFO  storage.RaftStorageDirectory (RaftStorageDirectory.java:analyzeStorage(246)) - The storage directory /workdir/hadoop-ozone/integration-test/target/test-dir/MiniOzoneClusterImpl-7f8d01bd-209a-4bb2-b348-2961670ba14e/datanode-2/data/ratis/65e7c169-2104-4724-afbe-9712d27f1c42 does not exist. Creating ...
2019-10-04 13:46:24,581 [pool-529-thread-1] INFO  storage.RaftStorageDirectory (RaftStorageDirectory.java:tryLock(328)) - Lock on /workdir/hadoop-ozone/integration-test/target/test-dir/MiniOzoneClusterImpl-7f8d01bd-209a-4bb2-b348-2961670ba14e/datanode-2/data/ratis/65e7c169-2104-4724-afbe-9712d27f1c42/in_use.lock acquired by nodename 10239@pr-hdds-2233-hr7xq-248966361
2019-10-04 13:46:24,587 [pool-529-thread-1] INFO  storage.RaftStorage (RaftStorage.java:format(84)) - Storage directory /workdir/hadoop-ozone/integration-test/target/test-dir/MiniOzoneClusterImpl-7f8d01bd-209a-4bb2-b348-2961670ba14e/datanode-2/data/ratis/65e7c169-2104-4724-afbe-9712d27f1c42 has been successfully formatted.
2019-10-04 13:46:24,587 [pool-529-thread-1] INFO  ratis.ContainerStateMachine (ContainerStateMachine.java:loadSnapshot(230)) - group-9712D27F1C42: The snapshot info is null. Setting the last applied indexto:(t:0, i:~)
2019-10-04 13:46:24,587 [pool-529-thread-1] INFO  server.RaftServerConfigKeys (ConfUtils.java:logGet(43)) - raft.server.notification.no-leader.timeout = 120s (custom)
2019-10-04 13:46:24,587 [pool-529-thread-1] INFO  server.RaftServerConfigKeys (ConfUtils.java:logGet(43)) - raft.server.log.use.memory = false (default)
2019-10-04 13:46:24,587 [pool-529-thread-1] INFO  server.RaftServerConfigKeys (ConfUtils.java:logGet(43)) - raft.server.log.purge.gap = 1000000 (custom)
2019-10-04 13:46:24,587 [pool-529-thread-1] INFO  server.RaftServerConfigKeys (ConfUtils.java:logGet(43)) - raft.server.log.appender.buffer.byte-limit = 33554432 (custom)
2019-10-04 13:46:24,588 [pool-529-thread-1] INFO  server.RaftServerConfigKeys (ConfUtils.java:logGet(43)) - raft.server.log.segment.size.max = 1048576 (custom)
2019-10-04 13:46:24,589 [pool-529-thread-1] INFO  server.RaftServerConfigKeys (ConfUtils.java:logGet(43)) - raft.server.log.segment.cache.num.max = 2 (custom)
2019-10-04 13:46:24,589 [pool-529-thread-1] INFO  segmented.SegmentedRaftLogWorker (SegmentedRaftLogWorker.java:<init>(173)) - new abf7bc81-30d5-42c0-a0af-45d0cecf5915@group-9712D27F1C42-SegmentedRaftLogWorker for RaftStorage:Storage Directory /workdir/hadoop-ozone/integration-test/target/test-dir/MiniOzoneClusterImpl-7f8d01bd-209a-4bb2-b348-2961670ba14e/datanode-2/data/ratis/65e7c169-2104-4724-afbe-9712d27f1c42
2019-10-04 13:46:24,589 [pool-529-thread-1] INFO  server.RaftServerConfigKeys (ConfUtils.java:logGet(43)) - raft.server.log.queue.byte-limit = 2147483647 (custom)
2019-10-04 13:46:24,589 [pool-529-thread-1] INFO  server.RaftServerConfigKeys (ConfUtils.java:logGet(43)) - raft.server.log.queue.element-limit = 1024 (custom)
2019-10-04 13:46:24,589 [pool-529-thread-1] INFO  server.RaftServerConfigKeys (ConfUtils.java:logGet(43)) - raft.server.log.segment.size.max = 1048576 (custom)
2019-10-04 13:46:24,589 [pool-529-thread-1] INFO  server.RaftServerConfigKeys (ConfUtils.java:logGet(43)) - raft.server.log.preallocated.size = 16384 (custom)
2019-10-04 13:46:24,589 [pool-529-thread-1] INFO  server.RaftServerConfigKeys (ConfUtils.java:logGet(43)) - raft.server.log.write.buffer.size = 33554432 (custom)
2019-10-04 13:46:24,589 [pool-529-thread-1] INFO  server.RaftServerConfigKeys (ConfUtils.java:logGet(43)) - raft.server.log.force.sync.num = 128 (default)
2019-10-04 13:46:24,589 [pool-529-thread-1] INFO  server.RaftServerConfigKeys (ConfUtils.java:logGet(43)) - raft.server.log.statemachine.data.sync = true (default)
2019-10-04 13:46:24,589 [pool-529-thread-1] INFO  server.RaftServerConfigKeys (ConfUtils.java:logGet(43)) - raft.server.log.statemachine.data.sync.timeout = 10s (default)
2019-10-04 13:46:24,589 [pool-529-thread-1] INFO  server.RaftServerConfigKeys (ConfUtils.java:logGet(43)) - raft.server.log.statemachine.data.sync.timeout.retry = -1 (default)
2019-10-04 13:46:24,590 [pool-529-thread-1] INFO  server.RaftServerConfigKeys (ConfUtils.java:logGet(43)) - raft.server.log.statemachine.data.caching.enabled = true (custom)
2019-10-04 13:46:24,590 [pool-529-thread-1] INFO  segmented.SegmentedRaftLogWorker (SegmentedRaftLogWorker.java:lambda$new$0(128)) - abf7bc81-30d5-42c0-a0af-45d0cecf5915@group-9712D27F1C42-SegmentedRaftLogWorker: flushIndex: setUnconditionally 0 -> -1
2019-10-04 13:46:24,590 [pool-529-thread-1] INFO  server.RaftServerConfigKeys (ConfUtils.java:logGet(43)) - raft.server.snapshot.auto.trigger.enabled = true (custom)
2019-10-04 13:46:24,590 [pool-529-thread-1] INFO  server.RaftServerConfigKeys (ConfUtils.java:logGet(43)) - raft.server.snapshot.auto.trigger.threshold = 10000 (custom)
2019-10-04 13:46:24,590 [pool-529-thread-1] INFO  server.RaftServerConfigKeys (ConfUtils.java:logGet(43)) - raft.server.snapshot.retention.file.num = 5 (custom)
2019-10-04 13:46:24,590 [pool-529-thread-1] INFO  server.RaftServerConfigKeys (ConfUtils.java:logGet(43)) - raft.server.retrycache.expirytime = 600000ms (custom)
2019-10-04 13:46:24,591 [pool-529-thread-1] INFO  impl.RaftServerImpl (RaftServerImpl.java:start(181)) - abf7bc81-30d5-42c0-a0af-45d0cecf5915@group-9712D27F1C42: start as a follower, conf=-1: [abf7bc81-30d5-42c0-a0af-45d0cecf5915:192.168.30.33:35055], old=null
2019-10-04 13:46:24,591 [pool-529-thread-1] INFO  impl.RaftServerImpl (RaftServerImpl.java:setRole(170)) - abf7bc81-30d5-42c0-a0af-45d0cecf5915@group-9712D27F1C42: changes role from      null to FOLLOWER at term 0 for startAsFollower
2019-10-04 13:46:24,591 [pool-529-thread-1] INFO  impl.RoleInfo (RoleInfo.java:updateAndGet(143)) - abf7bc81-30d5-42c0-a0af-45d0cecf5915: start FollowerState
2019-10-04 13:46:24,592 [pool-529-thread-1] INFO  util.JmxRegister (JmxRegister.java:tryRegister(44)) - Successfully registered JMX Bean with object name Ratis:service=RaftServer,group=group-9712D27F1C42,id=abf7bc81-30d5-42c0-a0af-45d0cecf5915
2019-10-04 13:46:24,594 [RatisPipelineUtilsThread] INFO  pipeline.PipelineStateManager (PipelineStateManager.java:addPipeline(56)) - Created pipeline Pipeline[ Id: 65e7c169-2104-4724-afbe-9712d27f1c42, Nodes: abf7bc81-30d5-42c0-a0af-45d0cecf5915{ip: 192.168.30.33, host: pr-hdds-2233-hr7xq-248966361, networkLocation: /rack1, certSerialId: null}, Type:RATIS, Factor:ONE, State:OPEN]
2019-10-04 13:46:24,603 [grpc-default-executor-6] INFO  impl.RaftServerProxy (RaftServerProxy.java:addNew(89)) - a9f2dbb7-43c3-4367-8346-947b48bd4d79: addNew group-39017AAFEA81:[4da2f670-0e5c-4bde-934c-3cd05d8a50a4:192.168.30.33:45990, a9f2dbb7-43c3-4367-8346-947b48bd4d79:192.168.30.33:34618, abf7bc81-30d5-42c0-a0af-45d0cecf5915:192.168.30.33:35055] returns group-39017AAFEA81:java.util.concurrent.CompletableFuture@5ef2441a[Not completed]
2019-10-04 13:46:24,603 [grpc-default-executor-0] INFO  impl.RaftServerProxy (RaftServerProxy.java:addNew(89)) - abf7bc81-30d5-42c0-a0af-45d0cecf5915: addNew group-39017AAFEA81:[4da2f670-0e5c-4bde-934c-3cd05d8a50a4:192.168.30.33:45990, a9f2dbb7-43c3-4367-8346-947b48bd4d79:192.168.30.33:34618, abf7bc81-30d5-42c0-a0af-45d0cecf5915:192.168.30.33:35055] returns group-39017AAFEA81:java.util.concurrent.CompletableFuture@7e5ace92[Not completed]
2019-10-04 13:46:24,603 [grpc-default-executor-6] INFO  impl.RaftServerProxy (RaftServerProxy.java:addNew(89)) - 4da2f670-0e5c-4bde-934c-3cd05d8a50a4: addNew group-39017AAFEA81:[4da2f670-0e5c-4bde-934c-3cd05d8a50a4:192.168.30.33:45990, a9f2dbb7-43c3-4367-8346-947b48bd4d79:192.168.30.33:34618, abf7bc81-30d5-42c0-a0af-45d0cecf5915:192.168.30.33:35055] returns group-39017AAFEA81:java.util.concurrent.CompletableFuture@5c440ea0[Not completed]
2019-10-04 13:46:24,604 [pool-509-thread-1] INFO  impl.RaftServerImpl (RaftServerImpl.java:<init>(95)) - a9f2dbb7-43c3-4367-8346-947b48bd4d79: new RaftServerImpl for group-39017AAFEA81:[4da2f670-0e5c-4bde-934c-3cd05d8a50a4:192.168.30.33:45990, a9f2dbb7-43c3-4367-8346-947b48bd4d79:192.168.30.33:34618, abf7bc81-30d5-42c0-a0af-45d0cecf5915:192.168.30.33:35055] with ContainerStateMachine:uninitialized
2019-10-04 13:46:24,604 [pool-509-thread-1] INFO  server.RaftServerConfigKeys (ConfUtils.java:logGet(43)) - raft.server.rpc.timeout.min = 1s (custom)
2019-10-04 13:46:24,604 [pool-509-thread-1] INFO  server.RaftServerConfigKeys (ConfUtils.java:logGet(43)) - raft.server.rpc.timeout.max = 1200ms (custom)
2019-10-04 13:46:24,604 [pool-519-thread-1] INFO  impl.RaftServerImpl (RaftServerImpl.java:<init>(95)) - 4da2f670-0e5c-4bde-934c-3cd05d8a50a4: new RaftServerImpl for group-39017AAFEA81:[4da2f670-0e5c-4bde-934c-3cd05d8a50a4:192.168.30.33:45990, a9f2dbb7-43c3-4367-8346-947b48bd4d79:192.168.30.33:34618, abf7bc81-30d5-42c0-a0af-45d0cecf5915:192.168.30.33:35055] with ContainerStateMachine:uninitialized
2019-10-04 13:46:24,604 [pool-509-thread-1] INFO  server.RaftServerConfigKeys (ConfUtils.java:logGet(43)) - raft.server.rpcslowness.timeout = 120s (custom)
2019-10-04 13:46:24,604 [pool-519-thread-1] INFO  server.RaftServerConfigKeys (ConfUtils.java:logGet(43)) - raft.server.rpc.timeout.min = 1s (custom)
2019-10-04 13:46:24,604 [pool-529-thread-1] INFO  impl.RaftServerImpl (RaftServerImpl.java:<init>(95)) - abf7bc81-30d5-42c0-a0af-45d0cecf5915: new RaftServerImpl for group-39017AAFEA81:[4da2f670-0e5c-4bde-934c-3cd05d8a50a4:192.168.30.33:45990, a9f2dbb7-43c3-4367-8346-947b48bd4d79:192.168.30.33:34618, abf7bc81-30d5-42c0-a0af-45d0cecf5915:192.168.30.33:35055] with ContainerStateMachine:uninitialized
2019-10-04 13:46:24,604 [pool-509-thread-1] INFO  server.RaftServerConfigKeys (ConfUtils.java:logGet(43)) - raft.server.sleep.deviation.threshold = 300 (default)
2019-10-04 13:46:24,605 [pool-529-thread-1] INFO  server.RaftServerConfigKeys (ConfUtils.java:logGet(43)) - raft.server.rpc.timeout.min = 1s (custom)
2019-10-04 13:46:24,604 [pool-519-thread-1] INFO  server.RaftServerConfigKeys (ConfUtils.java:logGet(43)) - raft.server.rpc.timeout.max = 1200ms (custom)
2019-10-04 13:46:24,605 [pool-529-thread-1] INFO  server.RaftServerConfigKeys (ConfUtils.java:logGet(43)) - raft.server.rpc.timeout.max = 1200ms (custom)
2019-10-04 13:46:24,605 [pool-509-thread-1] INFO  server.RaftServerConfigKeys (ConfUtils.java:logGet(43)) - raft.server.log.appender.install.snapshot.enabled = false (custom)
2019-10-04 13:46:24,605 [pool-529-thread-1] INFO  server.RaftServerConfigKeys (ConfUtils.java:logGet(43)) - raft.server.rpcslowness.timeout = 120s (custom)
2019-10-04 13:46:24,605 [pool-519-thread-1] INFO  server.RaftServerConfigKeys (ConfUtils.java:logGet(43)) - raft.server.rpcslowness.timeout = 120s (custom)
2019-10-04 13:46:24,605 [pool-529-thread-1] INFO  server.RaftServerConfigKeys (ConfUtils.java:logGet(43)) - raft.server.sleep.deviation.threshold = 300 (default)
2019-10-04 13:46:24,605 [pool-509-thread-1] INFO  impl.RaftServerImpl (ServerState.java:<init>(103)) - a9f2dbb7-43c3-4367-8346-947b48bd4d79@group-39017AAFEA81: ConfigurationManager, init=-1: [4da2f670-0e5c-4bde-934c-3cd05d8a50a4:192.168.30.33:45990, a9f2dbb7-43c3-4367-8346-947b48bd4d79:192.168.30.33:34618, abf7bc81-30d5-42c0-a0af-45d0cecf5915:192.168.30.33:35055], old=null, confs=<EMPTY_MAP>
2019-10-04 13:46:24,605 [pool-529-thread-1] INFO  server.RaftServerConfigKeys (ConfUtils.java:logGet(43)) - raft.server.log.appender.install.snapshot.enabled = false (custom)
2019-10-04 13:46:24,605 [pool-519-thread-1] INFO  server.RaftServerConfigKeys (ConfUtils.java:logGet(43)) - raft.server.sleep.deviation.threshold = 300 (default)
2019-10-04 13:46:24,605 [pool-529-thread-1] INFO  impl.RaftServerImpl (ServerState.java:<init>(103)) - abf7bc81-30d5-42c0-a0af-45d0cecf5915@group-39017AAFEA81: ConfigurationManager, init=-1: [4da2f670-0e5c-4bde-934c-3cd05d8a50a4:192.168.30.33:45990, a9f2dbb7-43c3-4367-8346-947b48bd4d79:192.168.30.33:34618, abf7bc81-30d5-42c0-a0af-45d0cecf5915:192.168.30.33:35055], old=null, confs=<EMPTY_MAP>
2019-10-04 13:46:24,605 [pool-509-thread-1] INFO  server.RaftServerConfigKeys (ConfUtils.java:logGet(43)) - raft.server.storage.dir = [/workdir/hadoop-ozone/integration-test/target/test-dir/MiniOzoneClusterImpl-7f8d01bd-209a-4bb2-b348-2961670ba14e/datanode-0/data/ratis] (custom)
2019-10-04 13:46:24,606 [pool-529-thread-1] INFO  server.RaftServerConfigKeys (ConfUtils.java:logGet(43)) - raft.server.storage.dir = [/workdir/hadoop-ozone/integration-test/target/test-dir/MiniOzoneClusterImpl-7f8d01bd-209a-4bb2-b348-2961670ba14e/datanode-2/data/ratis] (custom)
2019-10-04 13:46:24,606 [pool-519-thread-1] INFO  server.RaftServerConfigKeys (ConfUtils.java:logGet(43)) - raft.server.log.appender.install.snapshot.enabled = false (custom)
2019-10-04 13:46:24,606 [pool-529-thread-1] INFO  server.RaftServerConfigKeys (ConfUtils.java:logGet(43)) - raft.server.log.corruption.policy = EXCEPTION (default)
2019-10-04 13:46:24,606 [pool-509-thread-1] INFO  server.RaftServerConfigKeys (ConfUtils.java:logGet(43)) - raft.server.log.corruption.policy = EXCEPTION (default)
2019-10-04 13:46:24,606 [pool-529-thread-1] INFO  storage.RaftStorageDirectory (RaftStorageDirectory.java:analyzeStorage(246)) - The storage directory /workdir/hadoop-ozone/integration-test/target/test-dir/MiniOzoneClusterImpl-7f8d01bd-209a-4bb2-b348-2961670ba14e/datanode-2/data/ratis/bbc16807-e44a-48c9-81bc-39017aafea81 does not exist. Creating ...
2019-10-04 13:46:24,606 [pool-519-thread-1] INFO  impl.RaftServerImpl (ServerState.java:<init>(103)) - 4da2f670-0e5c-4bde-934c-3cd05d8a50a4@group-39017AAFEA81: ConfigurationManager, init=-1: [4da2f670-0e5c-4bde-934c-3cd05d8a50a4:192.168.30.33:45990, a9f2dbb7-43c3-4367-8346-947b48bd4d79:192.168.30.33:34618, abf7bc81-30d5-42c0-a0af-45d0cecf5915:192.168.30.33:35055], old=null, confs=<EMPTY_MAP>
2019-10-04 13:46:24,606 [pool-509-thread-1] INFO  storage.RaftStorageDirectory (RaftStorageDirectory.java:analyzeStorage(246)) - The storage directory /workdir/hadoop-ozone/integration-test/target/test-dir/MiniOzoneClusterImpl-7f8d01bd-209a-4bb2-b348-2961670ba14e/datanode-0/data/ratis/bbc16807-e44a-48c9-81bc-39017aafea81 does not exist. Creating ...
2019-10-04 13:46:24,606 [pool-519-thread-1] INFO  server.RaftServerConfigKeys (ConfUtils.java:logGet(43)) - raft.server.storage.dir = [/workdir/hadoop-ozone/integration-test/target/test-dir/MiniOzoneClusterImpl-7f8d01bd-209a-4bb2-b348-2961670ba14e/datanode-1/data/ratis] (custom)
2019-10-04 13:46:24,607 [pool-519-thread-1] INFO  server.RaftServerConfigKeys (ConfUtils.java:logGet(43)) - raft.server.log.corruption.policy = EXCEPTION (default)
2019-10-04 13:46:24,607 [pool-519-thread-1] INFO  storage.RaftStorageDirectory (RaftStorageDirectory.java:analyzeStorage(246)) - The storage directory /workdir/hadoop-ozone/integration-test/target/test-dir/MiniOzoneClusterImpl-7f8d01bd-209a-4bb2-b348-2961670ba14e/datanode-1/data/ratis/bbc16807-e44a-48c9-81bc-39017aafea81 does not exist. Creating ...
2019-10-04 13:46:24,615 [pool-519-thread-1] INFO  storage.RaftStorageDirectory (RaftStorageDirectory.java:tryLock(328)) - Lock on /workdir/hadoop-ozone/integration-test/target/test-dir/MiniOzoneClusterImpl-7f8d01bd-209a-4bb2-b348-2961670ba14e/datanode-1/data/ratis/bbc16807-e44a-48c9-81bc-39017aafea81/in_use.lock acquired by nodename 10239@pr-hdds-2233-hr7xq-248966361
2019-10-04 13:46:24,615 [pool-529-thread-1] INFO  storage.RaftStorageDirectory (RaftStorageDirectory.java:tryLock(328)) - Lock on /workdir/hadoop-ozone/integration-test/target/test-dir/MiniOzoneClusterImpl-7f8d01bd-209a-4bb2-b348-2961670ba14e/datanode-2/data/ratis/bbc16807-e44a-48c9-81bc-39017aafea81/in_use.lock acquired by nodename 10239@pr-hdds-2233-hr7xq-248966361
2019-10-04 13:46:24,615 [pool-509-thread-1] INFO  storage.RaftStorageDirectory (RaftStorageDirectory.java:tryLock(328)) - Lock on /workdir/hadoop-ozone/integration-test/target/test-dir/MiniOzoneClusterImpl-7f8d01bd-209a-4bb2-b348-2961670ba14e/datanode-0/data/ratis/bbc16807-e44a-48c9-81bc-39017aafea81/in_use.lock acquired by nodename 10239@pr-hdds-2233-hr7xq-248966361
2019-10-04 13:46:24,630 [pool-529-thread-1] INFO  storage.RaftStorage (RaftStorage.java:format(84)) - Storage directory /workdir/hadoop-ozone/integration-test/target/test-dir/MiniOzoneClusterImpl-7f8d01bd-209a-4bb2-b348-2961670ba14e/datanode-2/data/ratis/bbc16807-e44a-48c9-81bc-39017aafea81 has been successfully formatted.
2019-10-04 13:46:24,630 [pool-509-thread-1] INFO  storage.RaftStorage (RaftStorage.java:format(84)) - Storage directory /workdir/hadoop-ozone/integration-test/target/test-dir/MiniOzoneClusterImpl-7f8d01bd-209a-4bb2-b348-2961670ba14e/datanode-0/data/ratis/bbc16807-e44a-48c9-81bc-39017aafea81 has been successfully formatted.
2019-10-04 13:46:24,630 [pool-529-thread-1] INFO  ratis.ContainerStateMachine (ContainerStateMachine.java:loadSnapshot(230)) - group-39017AAFEA81: The snapshot info is null. Setting the last applied indexto:(t:0, i:~)
2019-10-04 13:46:24,630 [pool-509-thread-1] INFO  ratis.ContainerStateMachine (ContainerStateMachine.java:loadSnapshot(230)) - group-39017AAFEA81: The snapshot info is null. Setting the last applied indexto:(t:0, i:~)
2019-10-04 13:46:24,630 [pool-519-thread-1] INFO  storage.RaftStorage (RaftStorage.java:format(84)) - Storage directory /workdir/hadoop-ozone/integration-test/target/test-dir/MiniOzoneClusterImpl-7f8d01bd-209a-4bb2-b348-2961670ba14e/datanode-1/data/ratis/bbc16807-e44a-48c9-81bc-39017aafea81 has been successfully formatted.
2019-10-04 13:46:24,630 [pool-509-thread-1] INFO  server.RaftServerConfigKeys (ConfUtils.java:logGet(43)) - raft.server.notification.no-leader.timeout = 120s (custom)
2019-10-04 13:46:24,630 [pool-529-thread-1] INFO  server.RaftServerConfigKeys (ConfUtils.java:logGet(43)) - raft.server.notification.no-leader.timeout = 120s (custom)
2019-10-04 13:46:24,630 [pool-509-thread-1] INFO  server.RaftServerConfigKeys (ConfUtils.java:logGet(43)) - raft.server.log.use.memory = false (default)
2019-10-04 13:46:24,630 [pool-519-thread-1] INFO  ratis.ContainerStateMachine (ContainerStateMachine.java:loadSnapshot(230)) - group-39017AAFEA81: The snapshot info is null. Setting the last applied indexto:(t:0, i:~)
2019-10-04 13:46:24,630 [pool-509-thread-1] INFO  server.RaftServerConfigKeys (ConfUtils.java:logGet(43)) - raft.server.log.purge.gap = 1000000 (custom)
2019-10-04 13:46:24,630 [pool-529-thread-1] INFO  server.RaftServerConfigKeys (ConfUtils.java:logGet(43)) - raft.server.log.use.memory = false (default)
2019-10-04 13:46:24,631 [pool-509-thread-1] INFO  server.RaftServerConfigKeys (ConfUtils.java:logGet(43)) - raft.server.log.appender.buffer.byte-limit = 33554432 (custom)
2019-10-04 13:46:24,630 [pool-519-thread-1] INFO  server.RaftServerConfigKeys (ConfUtils.java:logGet(43)) - raft.server.notification.no-leader.timeout = 120s (custom)
2019-10-04 13:46:24,631 [pool-509-thread-1] INFO  server.RaftServerConfigKeys (ConfUtils.java:logGet(43)) - raft.server.log.segment.size.max = 1048576 (custom)
2019-10-04 13:46:24,631 [pool-529-thread-1] INFO  server.RaftServerConfigKeys (ConfUtils.java:logGet(43)) - raft.server.log.purge.gap = 1000000 (custom)
2019-10-04 13:46:24,631 [pool-509-thread-1] INFO  server.RaftServerConfigKeys (ConfUtils.java:logGet(43)) - raft.server.log.segment.cache.num.max = 2 (custom)
2019-10-04 13:46:24,631 [pool-519-thread-1] INFO  server.RaftServerConfigKeys (ConfUtils.java:logGet(43)) - raft.server.log.use.memory = false (default)
2019-10-04 13:46:24,631 [pool-509-thread-1] INFO  segmented.SegmentedRaftLogWorker (SegmentedRaftLogWorker.java:<init>(173)) - new a9f2dbb7-43c3-4367-8346-947b48bd4d79@group-39017AAFEA81-SegmentedRaftLogWorker for RaftStorage:Storage Directory /workdir/hadoop-ozone/integration-test/target/test-dir/MiniOzoneClusterImpl-7f8d01bd-209a-4bb2-b348-2961670ba14e/datanode-0/data/ratis/bbc16807-e44a-48c9-81bc-39017aafea81
2019-10-04 13:46:24,631 [pool-529-thread-1] INFO  server.RaftServerConfigKeys (ConfUtils.java:logGet(43)) - raft.server.log.appender.buffer.byte-limit = 33554432 (custom)
2019-10-04 13:46:24,631 [pool-509-thread-1] INFO  server.RaftServerConfigKeys (ConfUtils.java:logGet(43)) - raft.server.log.queue.byte-limit = 2147483647 (custom)
2019-10-04 13:46:24,631 [pool-519-thread-1] INFO  server.RaftServerConfigKeys (ConfUtils.java:logGet(43)) - raft.server.log.purge.gap = 1000000 (custom)
2019-10-04 13:46:24,632 [pool-509-thread-1] INFO  server.RaftServerConfigKeys (ConfUtils.java:logGet(43)) - raft.server.log.queue.element-limit = 1024 (custom)
2019-10-04 13:46:24,632 [pool-529-thread-1] INFO  server.RaftServerConfigKeys (ConfUtils.java:logGet(43)) - raft.server.log.segment.size.max = 1048576 (custom)
2019-10-04 13:46:24,632 [pool-509-thread-1] INFO  server.RaftServerConfigKeys (ConfUtils.java:logGet(43)) - raft.server.log.segment.size.max = 1048576 (custom)
2019-10-04 13:46:24,632 [pool-519-thread-1] INFO  server.RaftServerConfigKeys (ConfUtils.java:logGet(43)) - raft.server.log.appender.buffer.byte-limit = 33554432 (custom)
2019-10-04 13:46:24,632 [pool-509-thread-1] INFO  server.RaftServerConfigKeys (ConfUtils.java:logGet(43)) - raft.server.log.preallocated.size = 16384 (custom)
2019-10-04 13:46:24,632 [pool-529-thread-1] INFO  server.RaftServerConfigKeys (ConfUtils.java:logGet(43)) - raft.server.log.segment.cache.num.max = 2 (custom)
2019-10-04 13:46:24,632 [pool-509-thread-1] INFO  server.RaftServerConfigKeys (ConfUtils.java:logGet(43)) - raft.server.log.write.buffer.size = 33554432 (custom)
2019-10-04 13:46:24,632 [pool-519-thread-1] INFO  server.RaftServerConfigKeys (ConfUtils.java:logGet(43)) - raft.server.log.segment.size.max = 1048576 (custom)
2019-10-04 13:46:24,632 [pool-509-thread-1] INFO  server.RaftServerConfigKeys (ConfUtils.java:logGet(43)) - raft.server.log.force.sync.num = 128 (default)
2019-10-04 13:46:24,632 [pool-529-thread-1] INFO  segmented.SegmentedRaftLogWorker (SegmentedRaftLogWorker.java:<init>(173)) - new abf7bc81-30d5-42c0-a0af-45d0cecf5915@group-39017AAFEA81-SegmentedRaftLogWorker for RaftStorage:Storage Directory /workdir/hadoop-ozone/integration-test/target/test-dir/MiniOzoneClusterImpl-7f8d01bd-209a-4bb2-b348-2961670ba14e/datanode-2/data/ratis/bbc16807-e44a-48c9-81bc-39017aafea81
2019-10-04 13:46:24,633 [pool-509-thread-1] INFO  server.RaftServerConfigKeys (ConfUtils.java:logGet(43)) - raft.server.log.statemachine.data.sync = true (default)
2019-10-04 13:46:24,633 [pool-519-thread-1] INFO  server.RaftServerConfigKeys (ConfUtils.java:logGet(43)) - raft.server.log.segment.cache.num.max = 2 (custom)
2019-10-04 13:46:24,633 [pool-509-thread-1] INFO  server.RaftServerConfigKeys (ConfUtils.java:logGet(43)) - raft.server.log.statemachine.data.sync.timeout = 10s (default)
2019-10-04 13:46:24,633 [pool-529-thread-1] INFO  server.RaftServerConfigKeys (ConfUtils.java:logGet(43)) - raft.server.log.queue.byte-limit = 2147483647 (custom)
2019-10-04 13:46:24,633 [pool-509-thread-1] INFO  server.RaftServerConfigKeys (ConfUtils.java:logGet(43)) - raft.server.log.statemachine.data.sync.timeout.retry = -1 (default)
2019-10-04 13:46:24,633 [pool-519-thread-1] INFO  segmented.SegmentedRaftLogWorker (SegmentedRaftLogWorker.java:<init>(173)) - new 4da2f670-0e5c-4bde-934c-3cd05d8a50a4@group-39017AAFEA81-SegmentedRaftLogWorker for RaftStorage:Storage Directory /workdir/hadoop-ozone/integration-test/target/test-dir/MiniOzoneClusterImpl-7f8d01bd-209a-4bb2-b348-2961670ba14e/datanode-1/data/ratis/bbc16807-e44a-48c9-81bc-39017aafea81
2019-10-04 13:46:24,633 [pool-509-thread-1] INFO  server.RaftServerConfigKeys (ConfUtils.java:logGet(43)) - raft.server.log.statemachine.data.caching.enabled = true (custom)
2019-10-04 13:46:24,633 [pool-529-thread-1] INFO  server.RaftServerConfigKeys (ConfUtils.java:logGet(43)) - raft.server.log.queue.element-limit = 1024 (custom)
2019-10-04 13:46:24,633 [pool-519-thread-1] INFO  server.RaftServerConfigKeys (ConfUtils.java:logGet(43)) - raft.server.log.queue.byte-limit = 2147483647 (custom)
2019-10-04 13:46:24,634 [pool-509-thread-1] INFO  segmented.SegmentedRaftLogWorker (SegmentedRaftLogWorker.java:lambda$new$0(128)) - a9f2dbb7-43c3-4367-8346-947b48bd4d79@group-39017AAFEA81-SegmentedRaftLogWorker: flushIndex: setUnconditionally 0 -> -1
2019-10-04 13:46:24,634 [pool-529-thread-1] INFO  server.RaftServerConfigKeys (ConfUtils.java:logGet(43)) - raft.server.log.segment.size.max = 1048576 (custom)
2019-10-04 13:46:24,634 [pool-519-thread-1] INFO  server.RaftServerConfigKeys (ConfUtils.java:logGet(43)) - raft.server.log.queue.element-limit = 1024 (custom)
2019-10-04 13:46:24,634 [pool-509-thread-1] INFO  server.RaftServerConfigKeys (ConfUtils.java:logGet(43)) - raft.server.snapshot.auto.trigger.enabled = true (custom)
2019-10-04 13:46:24,634 [pool-529-thread-1] INFO  server.RaftServerConfigKeys (ConfUtils.java:logGet(43)) - raft.server.log.preallocated.size = 16384 (custom)
2019-10-04 13:46:24,634 [pool-509-thread-1] INFO  server.RaftServerConfigKeys (ConfUtils.java:logGet(43)) - raft.server.snapshot.auto.trigger.threshold = 10000 (custom)
2019-10-04 13:46:24,634 [pool-519-thread-1] INFO  server.RaftServerConfigKeys (ConfUtils.java:logGet(43)) - raft.server.log.segment.size.max = 1048576 (custom)
2019-10-04 13:46:24,634 [pool-509-thread-1] INFO  server.RaftServerConfigKeys (ConfUtils.java:logGet(43)) - raft.server.snapshot.retention.file.num = 5 (custom)
2019-10-04 13:46:24,634 [pool-529-thread-1] INFO  server.RaftServerConfigKeys (ConfUtils.java:logGet(43)) - raft.server.log.write.buffer.size = 33554432 (custom)
2019-10-04 13:46:24,635 [pool-509-thread-1] INFO  server.RaftServerConfigKeys (ConfUtils.java:logGet(43)) - raft.server.retrycache.expirytime = 600000ms (custom)
2019-10-04 13:46:24,634 [pool-519-thread-1] INFO  server.RaftServerConfigKeys (ConfUtils.java:logGet(43)) - raft.server.log.preallocated.size = 16384 (custom)
2019-10-04 13:46:24,635 [pool-529-thread-1] INFO  server.RaftServerConfigKeys (ConfUtils.java:logGet(43)) - raft.server.log.force.sync.num = 128 (default)
2019-10-04 13:46:24,635 [pool-519-thread-1] INFO  server.RaftServerConfigKeys (ConfUtils.java:logGet(43)) - raft.server.log.write.buffer.size = 33554432 (custom)
2019-10-04 13:46:24,635 [pool-529-thread-1] INFO  server.RaftServerConfigKeys (ConfUtils.java:logGet(43)) - raft.server.log.statemachine.data.sync = true (default)
2019-10-04 13:46:24,635 [pool-519-thread-1] INFO  server.RaftServerConfigKeys (ConfUtils.java:logGet(43)) - raft.server.log.force.sync.num = 128 (default)
2019-10-04 13:46:24,635 [pool-529-thread-1] INFO  server.RaftServerConfigKeys (ConfUtils.java:logGet(43)) - raft.server.log.statemachine.data.sync.timeout = 10s (default)
2019-10-04 13:46:24,635 [pool-519-thread-1] INFO  server.RaftServerConfigKeys (ConfUtils.java:logGet(43)) - raft.server.log.statemachine.data.sync = true (default)
2019-10-04 13:46:24,635 [pool-529-thread-1] INFO  server.RaftServerConfigKeys (ConfUtils.java:logGet(43)) - raft.server.log.statemachine.data.sync.timeout.retry = -1 (default)
2019-10-04 13:46:24,635 [pool-519-thread-1] INFO  server.RaftServerConfigKeys (ConfUtils.java:logGet(43)) - raft.server.log.statemachine.data.sync.timeout = 10s (default)
2019-10-04 13:46:24,636 [pool-529-thread-1] INFO  server.RaftServerConfigKeys (ConfUtils.java:logGet(43)) - raft.server.log.statemachine.data.caching.enabled = true (custom)
2019-10-04 13:46:24,636 [pool-519-thread-1] INFO  server.RaftServerConfigKeys (ConfUtils.java:logGet(43)) - raft.server.log.statemachine.data.sync.timeout.retry = -1 (default)
2019-10-04 13:46:24,636 [pool-529-thread-1] INFO  segmented.SegmentedRaftLogWorker (SegmentedRaftLogWorker.java:lambda$new$0(128)) - abf7bc81-30d5-42c0-a0af-45d0cecf5915@group-39017AAFEA81-SegmentedRaftLogWorker: flushIndex: setUnconditionally 0 -> -1
2019-10-04 13:46:24,636 [pool-519-thread-1] INFO  server.RaftServerConfigKeys (ConfUtils.java:logGet(43)) - raft.server.log.statemachine.data.caching.enabled = true (custom)
2019-10-04 13:46:24,636 [pool-529-thread-1] INFO  server.RaftServerConfigKeys (ConfUtils.java:logGet(43)) - raft.server.snapshot.auto.trigger.enabled = true (custom)
2019-10-04 13:46:24,636 [pool-509-thread-1] INFO  impl.RaftServerImpl (RaftServerImpl.java:start(181)) - a9f2dbb7-43c3-4367-8346-947b48bd4d79@group-39017AAFEA81: start as a follower, conf=-1: [4da2f670-0e5c-4bde-934c-3cd05d8a50a4:192.168.30.33:45990, a9f2dbb7-43c3-4367-8346-947b48bd4d79:192.168.30.33:34618, abf7bc81-30d5-42c0-a0af-45d0cecf5915:192.168.30.33:35055], old=null
2019-10-04 13:46:24,636 [pool-519-thread-1] INFO  segmented.SegmentedRaftLogWorker (SegmentedRaftLogWorker.java:lambda$new$0(128)) - 4da2f670-0e5c-4bde-934c-3cd05d8a50a4@group-39017AAFEA81-SegmentedRaftLogWorker: flushIndex: setUnconditionally 0 -> -1
2019-10-04 13:46:24,636 [pool-529-thread-1] INFO  server.RaftServerConfigKeys (ConfUtils.java:logGet(43)) - raft.server.snapshot.auto.trigger.threshold = 10000 (custom)
2019-10-04 13:46:24,636 [pool-509-thread-1] INFO  impl.RaftServerImpl (RaftServerImpl.java:setRole(170)) - a9f2dbb7-43c3-4367-8346-947b48bd4d79@group-39017AAFEA81: changes role from      null to FOLLOWER at term 0 for startAsFollower
2019-10-04 13:46:24,637 [pool-519-thread-1] INFO  server.RaftServerConfigKeys (ConfUtils.java:logGet(43)) - raft.server.snapshot.auto.trigger.enabled = true (custom)
2019-10-04 13:46:24,637 [pool-529-thread-1] INFO  server.RaftServerConfigKeys (ConfUtils.java:logGet(43)) - raft.server.snapshot.retention.file.num = 5 (custom)
2019-10-04 13:46:24,637 [pool-519-thread-1] INFO  server.RaftServerConfigKeys (ConfUtils.java:logGet(43)) - raft.server.snapshot.auto.trigger.threshold = 10000 (custom)
2019-10-04 13:46:24,637 [pool-509-thread-1] INFO  impl.RoleInfo (RoleInfo.java:updateAndGet(143)) - a9f2dbb7-43c3-4367-8346-947b48bd4d79: start FollowerState
2019-10-04 13:46:24,637 [pool-519-thread-1] INFO  server.RaftServerConfigKeys (ConfUtils.java:logGet(43)) - raft.server.snapshot.retention.file.num = 5 (custom)
2019-10-04 13:46:24,637 [pool-529-thread-1] INFO  server.RaftServerConfigKeys (ConfUtils.java:logGet(43)) - raft.server.retrycache.expirytime = 600000ms (custom)
2019-10-04 13:46:24,637 [pool-519-thread-1] INFO  server.RaftServerConfigKeys (ConfUtils.java:logGet(43)) - raft.server.retrycache.expirytime = 600000ms (custom)
2019-10-04 13:46:24,637 [pool-509-thread-1] INFO  util.JmxRegister (JmxRegister.java:tryRegister(44)) - Successfully registered JMX Bean with object name Ratis:service=RaftServer,group=group-39017AAFEA81,id=a9f2dbb7-43c3-4367-8346-947b48bd4d79
2019-10-04 13:46:24,640 [pool-529-thread-1] INFO  impl.RaftServerImpl (RaftServerImpl.java:start(181)) - abf7bc81-30d5-42c0-a0af-45d0cecf5915@group-39017AAFEA81: start as a follower, conf=-1: [4da2f670-0e5c-4bde-934c-3cd05d8a50a4:192.168.30.33:45990, a9f2dbb7-43c3-4367-8346-947b48bd4d79:192.168.30.33:34618, abf7bc81-30d5-42c0-a0af-45d0cecf5915:192.168.30.33:35055], old=null
2019-10-04 13:46:24,640 [pool-529-thread-1] INFO  impl.RaftServerImpl (RaftServerImpl.java:setRole(170)) - abf7bc81-30d5-42c0-a0af-45d0cecf5915@group-39017AAFEA81: changes role from      null to FOLLOWER at term 0 for startAsFollower
2019-10-04 13:46:24,640 [pool-529-thread-1] INFO  impl.RoleInfo (RoleInfo.java:updateAndGet(143)) - abf7bc81-30d5-42c0-a0af-45d0cecf5915: start FollowerState
2019-10-04 13:46:24,640 [pool-519-thread-1] INFO  impl.RaftServerImpl (RaftServerImpl.java:start(181)) - 4da2f670-0e5c-4bde-934c-3cd05d8a50a4@group-39017AAFEA81: start as a follower, conf=-1: [4da2f670-0e5c-4bde-934c-3cd05d8a50a4:192.168.30.33:45990, a9f2dbb7-43c3-4367-8346-947b48bd4d79:192.168.30.33:34618, abf7bc81-30d5-42c0-a0af-45d0cecf5915:192.168.30.33:35055], old=null
2019-10-04 13:46:24,640 [pool-519-thread-1] INFO  impl.RaftServerImpl (RaftServerImpl.java:setRole(170)) - 4da2f670-0e5c-4bde-934c-3cd05d8a50a4@group-39017AAFEA81: changes role from      null to FOLLOWER at term 0 for startAsFollower
2019-10-04 13:46:24,640 [pool-529-thread-1] INFO  util.JmxRegister (JmxRegister.java:tryRegister(44)) - Successfully registered JMX Bean with object name Ratis:service=RaftServer,group=group-39017AAFEA81,id=abf7bc81-30d5-42c0-a0af-45d0cecf5915
2019-10-04 13:46:24,640 [pool-519-thread-1] INFO  impl.RoleInfo (RoleInfo.java:updateAndGet(143)) - 4da2f670-0e5c-4bde-934c-3cd05d8a50a4: start FollowerState
2019-10-04 13:46:24,641 [pool-519-thread-1] INFO  util.JmxRegister (JmxRegister.java:tryRegister(44)) - Successfully registered JMX Bean with object name Ratis:service=RaftServer,group=group-39017AAFEA81,id=4da2f670-0e5c-4bde-934c-3cd05d8a50a4
2019-10-04 13:46:24,643 [IPC Server handler 2 on 39117] INFO  net.NetworkTopology (NetworkTopologyImpl.java:add(111)) - Added a new node: /rack1/e7c9b6e5-8734-4888-9a82-5562d6bfa950
2019-10-04 13:46:24,643 [IPC Server handler 2 on 39117] INFO  node.SCMNodeManager (SCMNodeManager.java:register(266)) - Registered Data node : e7c9b6e5-8734-4888-9a82-5562d6bfa950{ip: 192.168.30.33, host: pr-hdds-2233-hr7xq-248966361, networkLocation: /rack1, certSerialId: null}
2019-10-04 13:46:24,644 [RatisPipelineUtilsThread] INFO  pipeline.PipelineStateManager (PipelineStateManager.java:addPipeline(56)) - Created pipeline Pipeline[ Id: bbc16807-e44a-48c9-81bc-39017aafea81, Nodes: 4da2f670-0e5c-4bde-934c-3cd05d8a50a4{ip: 192.168.30.33, host: pr-hdds-2233-hr7xq-248966361, networkLocation: /rack1, certSerialId: null}abf7bc81-30d5-42c0-a0af-45d0cecf5915{ip: 192.168.30.33, host: pr-hdds-2233-hr7xq-248966361, networkLocation: /rack1, certSerialId: null}a9f2dbb7-43c3-4367-8346-947b48bd4d79{ip: 192.168.30.33, host: pr-hdds-2233-hr7xq-248966361, networkLocation: /rack1, certSerialId: null}, Type:RATIS, Factor:THREE, State:OPEN]
2019-10-04 13:46:24,711 [IPC Server handler 1 on 39117] INFO  net.NetworkTopology (NetworkTopologyImpl.java:add(111)) - Added a new node: /rack1/1acd4a7f-a859-40e1-8534-5adb5341c727
2019-10-04 13:46:24,711 [IPC Server handler 1 on 39117] INFO  node.SCMNodeManager (SCMNodeManager.java:register(266)) - Registered Data node : 1acd4a7f-a859-40e1-8534-5adb5341c727{ip: 192.168.30.33, host: pr-hdds-2233-hr7xq-248966361, networkLocation: /rack1, certSerialId: null}
2019-10-04 13:46:24,718 [grpc-default-executor-6] INFO  impl.RaftServerProxy (RaftServerProxy.java:addNew(89)) - 1acd4a7f-a859-40e1-8534-5adb5341c727: addNew group-A3A684E11D17:[1acd4a7f-a859-40e1-8534-5adb5341c727:192.168.30.33:43799] returns group-A3A684E11D17:java.util.concurrent.CompletableFuture@5b2c4bee[Not completed]
2019-10-04 13:46:24,719 [pool-549-thread-1] INFO  impl.RaftServerImpl (RaftServerImpl.java:<init>(95)) - 1acd4a7f-a859-40e1-8534-5adb5341c727: new RaftServerImpl for group-A3A684E11D17:[1acd4a7f-a859-40e1-8534-5adb5341c727:192.168.30.33:43799] with ContainerStateMachine:uninitialized
2019-10-04 13:46:24,719 [pool-549-thread-1] INFO  server.RaftServerConfigKeys (ConfUtils.java:logGet(43)) - raft.server.rpc.timeout.min = 1s (custom)
2019-10-04 13:46:24,720 [pool-549-thread-1] INFO  server.RaftServerConfigKeys (ConfUtils.java:logGet(43)) - raft.server.rpc.timeout.max = 1200ms (custom)
2019-10-04 13:46:24,720 [pool-549-thread-1] INFO  server.RaftServerConfigKeys (ConfUtils.java:logGet(43)) - raft.server.rpcslowness.timeout = 120s (custom)
2019-10-04 13:46:24,720 [pool-549-thread-1] INFO  server.RaftServerConfigKeys (ConfUtils.java:logGet(43)) - raft.server.sleep.deviation.threshold = 300 (default)
2019-10-04 13:46:24,720 [pool-549-thread-1] INFO  server.RaftServerConfigKeys (ConfUtils.java:logGet(43)) - raft.server.log.appender.install.snapshot.enabled = false (custom)
2019-10-04 13:46:24,720 [pool-549-thread-1] INFO  impl.RaftServerImpl (ServerState.java:<init>(103)) - 1acd4a7f-a859-40e1-8534-5adb5341c727@group-A3A684E11D17: ConfigurationManager, init=-1: [1acd4a7f-a859-40e1-8534-5adb5341c727:192.168.30.33:43799], old=null, confs=<EMPTY_MAP>
2019-10-04 13:46:24,720 [pool-549-thread-1] INFO  server.RaftServerConfigKeys (ConfUtils.java:logGet(43)) - raft.server.storage.dir = [/workdir/hadoop-ozone/integration-test/target/test-dir/MiniOzoneClusterImpl-7f8d01bd-209a-4bb2-b348-2961670ba14e/datanode-4/data/ratis] (custom)
2019-10-04 13:46:24,720 [pool-549-thread-1] INFO  server.RaftServerConfigKeys (ConfUtils.java:logGet(43)) - raft.server.log.corruption.policy = EXCEPTION (default)
2019-10-04 13:46:24,720 [pool-549-thread-1] INFO  storage.RaftStorageDirectory (RaftStorageDirectory.java:analyzeStorage(246)) - The storage directory /workdir/hadoop-ozone/integration-test/target/test-dir/MiniOzoneClusterImpl-7f8d01bd-209a-4bb2-b348-2961670ba14e/datanode-4/data/ratis/f587e8fc-0af9-46c5-b1bd-a3a684e11d17 does not exist. Creating ...
2019-10-04 13:46:24,741 [pool-549-thread-1] INFO  storage.RaftStorageDirectory (RaftStorageDirectory.java:tryLock(328)) - Lock on /workdir/hadoop-ozone/integration-test/target/test-dir/MiniOzoneClusterImpl-7f8d01bd-209a-4bb2-b348-2961670ba14e/datanode-4/data/ratis/f587e8fc-0af9-46c5-b1bd-a3a684e11d17/in_use.lock acquired by nodename 10239@pr-hdds-2233-hr7xq-248966361
2019-10-04 13:46:24,760 [pool-549-thread-1] INFO  storage.RaftStorage (RaftStorage.java:format(84)) - Storage directory /workdir/hadoop-ozone/integration-test/target/test-dir/MiniOzoneClusterImpl-7f8d01bd-209a-4bb2-b348-2961670ba14e/datanode-4/data/ratis/f587e8fc-0af9-46c5-b1bd-a3a684e11d17 has been successfully formatted.
2019-10-04 13:46:24,760 [pool-549-thread-1] INFO  ratis.ContainerStateMachine (ContainerStateMachine.java:loadSnapshot(230)) - group-A3A684E11D17: The snapshot info is null. Setting the last applied indexto:(t:0, i:~)
2019-10-04 13:46:24,760 [pool-549-thread-1] INFO  server.RaftServerConfigKeys (ConfUtils.java:logGet(43)) - raft.server.notification.no-leader.timeout = 120s (custom)
2019-10-04 13:46:24,760 [pool-549-thread-1] INFO  server.RaftServerConfigKeys (ConfUtils.java:logGet(43)) - raft.server.log.use.memory = false (default)
2019-10-04 13:46:24,760 [pool-549-thread-1] INFO  server.RaftServerConfigKeys (ConfUtils.java:logGet(43)) - raft.server.log.purge.gap = 1000000 (custom)
2019-10-04 13:46:24,760 [pool-549-thread-1] INFO  server.RaftServerConfigKeys (ConfUtils.java:logGet(43)) - raft.server.log.appender.buffer.byte-limit = 33554432 (custom)
2019-10-04 13:46:24,761 [pool-549-thread-1] INFO  server.RaftServerConfigKeys (ConfUtils.java:logGet(43)) - raft.server.log.segment.size.max = 1048576 (custom)
2019-10-04 13:46:24,762 [pool-549-thread-1] INFO  server.RaftServerConfigKeys (ConfUtils.java:logGet(43)) - raft.server.log.segment.cache.num.max = 2 (custom)
2019-10-04 13:46:24,762 [pool-549-thread-1] INFO  segmented.SegmentedRaftLogWorker (SegmentedRaftLogWorker.java:<init>(173)) - new 1acd4a7f-a859-40e1-8534-5adb5341c727@group-A3A684E11D17-SegmentedRaftLogWorker for RaftStorage:Storage Directory /workdir/hadoop-ozone/integration-test/target/test-dir/MiniOzoneClusterImpl-7f8d01bd-209a-4bb2-b348-2961670ba14e/datanode-4/data/ratis/f587e8fc-0af9-46c5-b1bd-a3a684e11d17
2019-10-04 13:46:24,762 [pool-549-thread-1] INFO  server.RaftServerConfigKeys (ConfUtils.java:logGet(43)) - raft.server.log.queue.byte-limit = 2147483647 (custom)
2019-10-04 13:46:24,762 [pool-549-thread-1] INFO  server.RaftServerConfigKeys (ConfUtils.java:logGet(43)) - raft.server.log.queue.element-limit = 1024 (custom)
2019-10-04 13:46:24,762 [pool-549-thread-1] INFO  server.RaftServerConfigKeys (ConfUtils.java:logGet(43)) - raft.server.log.segment.size.max = 1048576 (custom)
2019-10-04 13:46:24,762 [pool-549-thread-1] INFO  server.RaftServerConfigKeys (ConfUtils.java:logGet(43)) - raft.server.log.preallocated.size = 16384 (custom)
2019-10-04 13:46:24,762 [pool-549-thread-1] INFO  server.RaftServerConfigKeys (ConfUtils.java:logGet(43)) - raft.server.log.write.buffer.size = 33554432 (custom)
2019-10-04 13:46:24,762 [pool-549-thread-1] INFO  server.RaftServerConfigKeys (ConfUtils.java:logGet(43)) - raft.server.log.force.sync.num = 128 (default)
2019-10-04 13:46:24,763 [pool-549-thread-1] INFO  server.RaftServerConfigKeys (ConfUtils.java:logGet(43)) - raft.server.log.statemachine.data.sync = true (default)
2019-10-04 13:46:24,763 [pool-549-thread-1] INFO  server.RaftServerConfigKeys (ConfUtils.java:logGet(43)) - raft.server.log.statemachine.data.sync.timeout = 10s (default)
2019-10-04 13:46:24,763 [pool-549-thread-1] INFO  server.RaftServerConfigKeys (ConfUtils.java:logGet(43)) - raft.server.log.statemachine.data.sync.timeout.retry = -1 (default)
2019-10-04 13:46:24,763 [pool-549-thread-1] INFO  server.RaftServerConfigKeys (ConfUtils.java:logGet(43)) - raft.server.log.statemachine.data.caching.enabled = true (custom)
2019-10-04 13:46:24,763 [pool-549-thread-1] INFO  segmented.SegmentedRaftLogWorker (SegmentedRaftLogWorker.java:lambda$new$0(128)) - 1acd4a7f-a859-40e1-8534-5adb5341c727@group-A3A684E11D17-SegmentedRaftLogWorker: flushIndex: setUnconditionally 0 -> -1
2019-10-04 13:46:24,763 [pool-549-thread-1] INFO  server.RaftServerConfigKeys (ConfUtils.java:logGet(43)) - raft.server.snapshot.auto.trigger.enabled = true (custom)
2019-10-04 13:46:24,764 [pool-549-thread-1] INFO  server.RaftServerConfigKeys (ConfUtils.java:logGet(43)) - raft.server.snapshot.auto.trigger.threshold = 10000 (custom)
2019-10-04 13:46:24,764 [pool-549-thread-1] INFO  server.RaftServerConfigKeys (ConfUtils.java:logGet(43)) - raft.server.snapshot.retention.file.num = 5 (custom)
2019-10-04 13:46:24,764 [pool-549-thread-1] INFO  server.RaftServerConfigKeys (ConfUtils.java:logGet(43)) - raft.server.retrycache.expirytime = 600000ms (custom)
2019-10-04 13:46:24,765 [pool-549-thread-1] INFO  impl.RaftServerImpl (RaftServerImpl.java:start(181)) - 1acd4a7f-a859-40e1-8534-5adb5341c727@group-A3A684E11D17: start as a follower, conf=-1: [1acd4a7f-a859-40e1-8534-5adb5341c727:192.168.30.33:43799], old=null
2019-10-04 13:46:24,765 [pool-549-thread-1] INFO  impl.RaftServerImpl (RaftServerImpl.java:setRole(170)) - 1acd4a7f-a859-40e1-8534-5adb5341c727@group-A3A684E11D17: changes role from      null to FOLLOWER at term 0 for startAsFollower
2019-10-04 13:46:24,766 [pool-549-thread-1] INFO  impl.RoleInfo (RoleInfo.java:updateAndGet(143)) - 1acd4a7f-a859-40e1-8534-5adb5341c727: start FollowerState
2019-10-04 13:46:24,766 [pool-549-thread-1] INFO  util.JmxRegister (JmxRegister.java:tryRegister(44)) - Successfully registered JMX Bean with object name Ratis:service=RaftServer,group=group-A3A684E11D17,id=1acd4a7f-a859-40e1-8534-5adb5341c727
2019-10-04 13:46:24,769 [RatisPipelineUtilsThread] INFO  pipeline.PipelineStateManager (PipelineStateManager.java:addPipeline(56)) - Created pipeline Pipeline[ Id: f587e8fc-0af9-46c5-b1bd-a3a684e11d17, Nodes: 1acd4a7f-a859-40e1-8534-5adb5341c727{ip: 192.168.30.33, host: pr-hdds-2233-hr7xq-248966361, networkLocation: /rack1, certSerialId: null}, Type:RATIS, Factor:ONE, State:OPEN]
2019-10-04 13:46:24,771 [IPC Server handler 3 on 39117] INFO  net.NetworkTopology (NetworkTopologyImpl.java:add(111)) - Added a new node: /rack1/34bb4e64-1059-4030-8a56-fd9416faa756
2019-10-04 13:46:24,772 [IPC Server handler 3 on 39117] INFO  node.SCMNodeManager (SCMNodeManager.java:register(266)) - Registered Data node : 34bb4e64-1059-4030-8a56-fd9416faa756{ip: 192.168.30.33, host: pr-hdds-2233-hr7xq-248966361, networkLocation: /rack1, certSerialId: null}
2019-10-04 13:46:24,778 [grpc-default-executor-6] INFO  impl.RaftServerProxy (RaftServerProxy.java:addNew(89)) - e7c9b6e5-8734-4888-9a82-5562d6bfa950: addNew group-F494998017DE:[e7c9b6e5-8734-4888-9a82-5562d6bfa950:192.168.30.33:44869] returns group-F494998017DE:java.util.concurrent.CompletableFuture@375dbda7[Not completed]
2019-10-04 13:46:24,779 [pool-539-thread-1] INFO  impl.RaftServerImpl (RaftServerImpl.java:<init>(95)) - e7c9b6e5-8734-4888-9a82-5562d6bfa950: new RaftServerImpl for group-F494998017DE:[e7c9b6e5-8734-4888-9a82-5562d6bfa950:192.168.30.33:44869] with ContainerStateMachine:uninitialized
2019-10-04 13:46:24,779 [pool-539-thread-1] INFO  server.RaftServerConfigKeys (ConfUtils.java:logGet(43)) - raft.server.rpc.timeout.min = 1s (custom)
2019-10-04 13:46:24,779 [pool-539-thread-1] INFO  server.RaftServerConfigKeys (ConfUtils.java:logGet(43)) - raft.server.rpc.timeout.max = 1200ms (custom)
2019-10-04 13:46:24,780 [pool-539-thread-1] INFO  server.RaftServerConfigKeys (ConfUtils.java:logGet(43)) - raft.server.rpcslowness.timeout = 120s (custom)
2019-10-04 13:46:24,780 [pool-539-thread-1] INFO  server.RaftServerConfigKeys (ConfUtils.java:logGet(43)) - raft.server.sleep.deviation.threshold = 300 (default)
2019-10-04 13:46:24,780 [pool-539-thread-1] INFO  server.RaftServerConfigKeys (ConfUtils.java:logGet(43)) - raft.server.log.appender.install.snapshot.enabled = false (custom)
2019-10-04 13:46:24,780 [pool-539-thread-1] INFO  impl.RaftServerImpl (ServerState.java:<init>(103)) - e7c9b6e5-8734-4888-9a82-5562d6bfa950@group-F494998017DE: ConfigurationManager, init=-1: [e7c9b6e5-8734-4888-9a82-5562d6bfa950:192.168.30.33:44869], old=null, confs=<EMPTY_MAP>
2019-10-04 13:46:24,780 [pool-539-thread-1] INFO  server.RaftServerConfigKeys (ConfUtils.java:logGet(43)) - raft.server.storage.dir = [/workdir/hadoop-ozone/integration-test/target/test-dir/MiniOzoneClusterImpl-7f8d01bd-209a-4bb2-b348-2961670ba14e/datanode-3/data/ratis] (custom)
2019-10-04 13:46:24,780 [pool-539-thread-1] INFO  server.RaftServerConfigKeys (ConfUtils.java:logGet(43)) - raft.server.log.corruption.policy = EXCEPTION (default)
2019-10-04 13:46:24,780 [pool-539-thread-1] INFO  storage.RaftStorageDirectory (RaftStorageDirectory.java:analyzeStorage(246)) - The storage directory /workdir/hadoop-ozone/integration-test/target/test-dir/MiniOzoneClusterImpl-7f8d01bd-209a-4bb2-b348-2961670ba14e/datanode-3/data/ratis/f12a5757-343a-4754-8423-f494998017de does not exist. Creating ...
2019-10-04 13:46:24,801 [pool-539-thread-1] INFO  storage.RaftStorageDirectory (RaftStorageDirectory.java:tryLock(328)) - Lock on /workdir/hadoop-ozone/integration-test/target/test-dir/MiniOzoneClusterImpl-7f8d01bd-209a-4bb2-b348-2961670ba14e/datanode-3/data/ratis/f12a5757-343a-4754-8423-f494998017de/in_use.lock acquired by nodename 10239@pr-hdds-2233-hr7xq-248966361
2019-10-04 13:46:24,806 [pool-539-thread-1] INFO  storage.RaftStorage (RaftStorage.java:format(84)) - Storage directory /workdir/hadoop-ozone/integration-test/target/test-dir/MiniOzoneClusterImpl-7f8d01bd-209a-4bb2-b348-2961670ba14e/datanode-3/data/ratis/f12a5757-343a-4754-8423-f494998017de has been successfully formatted.
2019-10-04 13:46:24,806 [pool-539-thread-1] INFO  ratis.ContainerStateMachine (ContainerStateMachine.java:loadSnapshot(230)) - group-F494998017DE: The snapshot info is null. Setting the last applied indexto:(t:0, i:~)
2019-10-04 13:46:24,807 [pool-539-thread-1] INFO  server.RaftServerConfigKeys (ConfUtils.java:logGet(43)) - raft.server.notification.no-leader.timeout = 120s (custom)
2019-10-04 13:46:24,807 [pool-539-thread-1] INFO  server.RaftServerConfigKeys (ConfUtils.java:logGet(43)) - raft.server.log.use.memory = false (default)
2019-10-04 13:46:24,807 [pool-539-thread-1] INFO  server.RaftServerConfigKeys (ConfUtils.java:logGet(43)) - raft.server.log.purge.gap = 1000000 (custom)
2019-10-04 13:46:24,807 [pool-539-thread-1] INFO  server.RaftServerConfigKeys (ConfUtils.java:logGet(43)) - raft.server.log.appender.buffer.byte-limit = 33554432 (custom)
2019-10-04 13:46:24,807 [pool-539-thread-1] INFO  server.RaftServerConfigKeys (ConfUtils.java:logGet(43)) - raft.server.log.segment.size.max = 1048576 (custom)
2019-10-04 13:46:24,809 [pool-539-thread-1] INFO  server.RaftServerConfigKeys (ConfUtils.java:logGet(43)) - raft.server.log.segment.cache.num.max = 2 (custom)
2019-10-04 13:46:24,809 [pool-539-thread-1] INFO  segmented.SegmentedRaftLogWorker (SegmentedRaftLogWorker.java:<init>(173)) - new e7c9b6e5-8734-4888-9a82-5562d6bfa950@group-F494998017DE-SegmentedRaftLogWorker for RaftStorage:Storage Directory /workdir/hadoop-ozone/integration-test/target/test-dir/MiniOzoneClusterImpl-7f8d01bd-209a-4bb2-b348-2961670ba14e/datanode-3/data/ratis/f12a5757-343a-4754-8423-f494998017de
2019-10-04 13:46:24,809 [pool-539-thread-1] INFO  server.RaftServerConfigKeys (ConfUtils.java:logGet(43)) - raft.server.log.queue.byte-limit = 2147483647 (custom)
2019-10-04 13:46:24,809 [pool-539-thread-1] INFO  server.RaftServerConfigKeys (ConfUtils.java:logGet(43)) - raft.server.log.queue.element-limit = 1024 (custom)
2019-10-04 13:46:24,809 [pool-539-thread-1] INFO  server.RaftServerConfigKeys (ConfUtils.java:logGet(43)) - raft.server.log.segment.size.max = 1048576 (custom)
2019-10-04 13:46:24,809 [pool-539-thread-1] INFO  server.RaftServerConfigKeys (ConfUtils.java:logGet(43)) - raft.server.log.preallocated.size = 16384 (custom)
2019-10-04 13:46:24,809 [pool-539-thread-1] INFO  server.RaftServerConfigKeys (ConfUtils.java:logGet(43)) - raft.server.log.write.buffer.size = 33554432 (custom)
2019-10-04 13:46:24,809 [pool-539-thread-1] INFO  server.RaftServerConfigKeys (ConfUtils.java:logGet(43)) - raft.server.log.force.sync.num = 128 (default)
2019-10-04 13:46:24,809 [pool-539-thread-1] INFO  server.RaftServerConfigKeys (ConfUtils.java:logGet(43)) - raft.server.log.statemachine.data.sync = true (default)
2019-10-04 13:46:24,810 [pool-539-thread-1] INFO  server.RaftServerConfigKeys (ConfUtils.java:logGet(43)) - raft.server.log.statemachine.data.sync.timeout = 10s (default)
2019-10-04 13:46:24,810 [pool-539-thread-1] INFO  server.RaftServerConfigKeys (ConfUtils.java:logGet(43)) - raft.server.log.statemachine.data.sync.timeout.retry = -1 (default)
2019-10-04 13:46:24,810 [pool-539-thread-1] INFO  server.RaftServerConfigKeys (ConfUtils.java:logGet(43)) - raft.server.log.statemachine.data.caching.enabled = true (custom)
2019-10-04 13:46:24,810 [pool-539-thread-1] INFO  segmented.SegmentedRaftLogWorker (SegmentedRaftLogWorker.java:lambda$new$0(128)) - e7c9b6e5-8734-4888-9a82-5562d6bfa950@group-F494998017DE-SegmentedRaftLogWorker: flushIndex: setUnconditionally 0 -> -1
2019-10-04 13:46:24,811 [pool-539-thread-1] INFO  server.RaftServerConfigKeys (ConfUtils.java:logGet(43)) - raft.server.snapshot.auto.trigger.enabled = true (custom)
2019-10-04 13:46:24,811 [pool-539-thread-1] INFO  server.RaftServerConfigKeys (ConfUtils.java:logGet(43)) - raft.server.snapshot.auto.trigger.threshold = 10000 (custom)
2019-10-04 13:46:24,811 [pool-539-thread-1] INFO  server.RaftServerConfigKeys (ConfUtils.java:logGet(43)) - raft.server.snapshot.retention.file.num = 5 (custom)
2019-10-04 13:46:24,811 [pool-539-thread-1] INFO  server.RaftServerConfigKeys (ConfUtils.java:logGet(43)) - raft.server.retrycache.expirytime = 600000ms (custom)
2019-10-04 13:46:24,812 [pool-539-thread-1] INFO  impl.RaftServerImpl (RaftServerImpl.java:start(181)) - e7c9b6e5-8734-4888-9a82-5562d6bfa950@group-F494998017DE: start as a follower, conf=-1: [e7c9b6e5-8734-4888-9a82-5562d6bfa950:192.168.30.33:44869], old=null
2019-10-04 13:46:24,812 [pool-539-thread-1] INFO  impl.RaftServerImpl (RaftServerImpl.java:setRole(170)) - e7c9b6e5-8734-4888-9a82-5562d6bfa950@group-F494998017DE: changes role from      null to FOLLOWER at term 0 for startAsFollower
2019-10-04 13:46:24,812 [pool-539-thread-1] INFO  impl.RoleInfo (RoleInfo.java:updateAndGet(143)) - e7c9b6e5-8734-4888-9a82-5562d6bfa950: start FollowerState
2019-10-04 13:46:24,813 [pool-539-thread-1] INFO  util.JmxRegister (JmxRegister.java:tryRegister(44)) - Successfully registered JMX Bean with object name Ratis:service=RaftServer,group=group-F494998017DE,id=e7c9b6e5-8734-4888-9a82-5562d6bfa950
2019-10-04 13:46:24,816 [RatisPipelineUtilsThread] INFO  pipeline.PipelineStateManager (PipelineStateManager.java:addPipeline(56)) - Created pipeline Pipeline[ Id: f12a5757-343a-4754-8423-f494998017de, Nodes: e7c9b6e5-8734-4888-9a82-5562d6bfa950{ip: 192.168.30.33, host: pr-hdds-2233-hr7xq-248966361, networkLocation: /rack1, certSerialId: null}, Type:RATIS, Factor:ONE, State:OPEN]
2019-10-04 13:46:24,824 [grpc-default-executor-6] INFO  impl.RaftServerProxy (RaftServerProxy.java:addNew(89)) - 34bb4e64-1059-4030-8a56-fd9416faa756: addNew group-A38712A5A57E:[34bb4e64-1059-4030-8a56-fd9416faa756:192.168.30.33:39854] returns group-A38712A5A57E:java.util.concurrent.CompletableFuture@3471c7cb[Not completed]
2019-10-04 13:46:24,825 [pool-559-thread-1] INFO  impl.RaftServerImpl (RaftServerImpl.java:<init>(95)) - 34bb4e64-1059-4030-8a56-fd9416faa756: new RaftServerImpl for group-A38712A5A57E:[34bb4e64-1059-4030-8a56-fd9416faa756:192.168.30.33:39854] with ContainerStateMachine:uninitialized
2019-10-04 13:46:24,825 [pool-559-thread-1] INFO  server.RaftServerConfigKeys (ConfUtils.java:logGet(43)) - raft.server.rpc.timeout.min = 1s (custom)
2019-10-04 13:46:24,825 [pool-559-thread-1] INFO  server.RaftServerConfigKeys (ConfUtils.java:logGet(43)) - raft.server.rpc.timeout.max = 1200ms (custom)
2019-10-04 13:46:24,825 [pool-559-thread-1] INFO  server.RaftServerConfigKeys (ConfUtils.java:logGet(43)) - raft.server.rpcslowness.timeout = 120s (custom)
2019-10-04 13:46:24,825 [pool-559-thread-1] INFO  server.RaftServerConfigKeys (ConfUtils.java:logGet(43)) - raft.server.sleep.deviation.threshold = 300 (default)
2019-10-04 13:46:24,825 [pool-559-thread-1] INFO  server.RaftServerConfigKeys (ConfUtils.java:logGet(43)) - raft.server.log.appender.install.snapshot.enabled = false (custom)
2019-10-04 13:46:24,825 [pool-559-thread-1] INFO  impl.RaftServerImpl (ServerState.java:<init>(103)) - 34bb4e64-1059-4030-8a56-fd9416faa756@group-A38712A5A57E: ConfigurationManager, init=-1: [34bb4e64-1059-4030-8a56-fd9416faa756:192.168.30.33:39854], old=null, confs=<EMPTY_MAP>
2019-10-04 13:46:24,825 [pool-559-thread-1] INFO  server.RaftServerConfigKeys (ConfUtils.java:logGet(43)) - raft.server.storage.dir = [/workdir/hadoop-ozone/integration-test/target/test-dir/MiniOzoneClusterImpl-7f8d01bd-209a-4bb2-b348-2961670ba14e/datanode-5/data/ratis] (custom)
2019-10-04 13:46:24,825 [pool-559-thread-1] INFO  server.RaftServerConfigKeys (ConfUtils.java:logGet(43)) - raft.server.log.corruption.policy = EXCEPTION (default)
2019-10-04 13:46:24,826 [pool-559-thread-1] INFO  storage.RaftStorageDirectory (RaftStorageDirectory.java:analyzeStorage(246)) - The storage directory /workdir/hadoop-ozone/integration-test/target/test-dir/MiniOzoneClusterImpl-7f8d01bd-209a-4bb2-b348-2961670ba14e/datanode-5/data/ratis/55733e7d-a289-443c-96e1-a38712a5a57e does not exist. Creating ...
2019-10-04 13:46:24,842 [pool-559-thread-1] INFO  storage.RaftStorageDirectory (RaftStorageDirectory.java:tryLock(328)) - Lock on /workdir/hadoop-ozone/integration-test/target/test-dir/MiniOzoneClusterImpl-7f8d01bd-209a-4bb2-b348-2961670ba14e/datanode-5/data/ratis/55733e7d-a289-443c-96e1-a38712a5a57e/in_use.lock acquired by nodename 10239@pr-hdds-2233-hr7xq-248966361
2019-10-04 13:46:24,853 [IPC Server handler 5 on 39117] INFO  net.NetworkTopology (NetworkTopologyImpl.java:add(111)) - Added a new node: /rack1/7e1c9ca0-e47b-440d-aa87-5a285336291c
2019-10-04 13:46:24,854 [IPC Server handler 5 on 39117] INFO  node.SCMNodeManager (SCMNodeManager.java:register(266)) - Registered Data node : 7e1c9ca0-e47b-440d-aa87-5a285336291c{ip: 192.168.30.33, host: pr-hdds-2233-hr7xq-248966361, networkLocation: /rack1, certSerialId: null}
2019-10-04 13:46:24,857 [pool-559-thread-1] INFO  storage.RaftStorage (RaftStorage.java:format(84)) - Storage directory /workdir/hadoop-ozone/integration-test/target/test-dir/MiniOzoneClusterImpl-7f8d01bd-209a-4bb2-b348-2961670ba14e/datanode-5/data/ratis/55733e7d-a289-443c-96e1-a38712a5a57e has been successfully formatted.
2019-10-04 13:46:24,857 [pool-559-thread-1] INFO  ratis.ContainerStateMachine (ContainerStateMachine.java:loadSnapshot(230)) - group-A38712A5A57E: The snapshot info is null. Setting the last applied indexto:(t:0, i:~)
2019-10-04 13:46:24,857 [pool-559-thread-1] INFO  server.RaftServerConfigKeys (ConfUtils.java:logGet(43)) - raft.server.notification.no-leader.timeout = 120s (custom)
2019-10-04 13:46:24,857 [pool-559-thread-1] INFO  server.RaftServerConfigKeys (ConfUtils.java:logGet(43)) - raft.server.log.use.memory = false (default)
2019-10-04 13:46:24,857 [pool-559-thread-1] INFO  server.RaftServerConfigKeys (ConfUtils.java:logGet(43)) - raft.server.log.purge.gap = 1000000 (custom)
2019-10-04 13:46:24,857 [pool-559-thread-1] INFO  server.RaftServerConfigKeys (ConfUtils.java:logGet(43)) - raft.server.log.appender.buffer.byte-limit = 33554432 (custom)
2019-10-04 13:46:24,857 [pool-559-thread-1] INFO  server.RaftServerConfigKeys (ConfUtils.java:logGet(43)) - raft.server.log.segment.size.max = 1048576 (custom)
2019-10-04 13:46:24,859 [pool-559-thread-1] INFO  server.RaftServerConfigKeys (ConfUtils.java:logGet(43)) - raft.server.log.segment.cache.num.max = 2 (custom)
2019-10-04 13:46:24,859 [pool-559-thread-1] INFO  segmented.SegmentedRaftLogWorker (SegmentedRaftLogWorker.java:<init>(173)) - new 34bb4e64-1059-4030-8a56-fd9416faa756@group-A38712A5A57E-SegmentedRaftLogWorker for RaftStorage:Storage Directory /workdir/hadoop-ozone/integration-test/target/test-dir/MiniOzoneClusterImpl-7f8d01bd-209a-4bb2-b348-2961670ba14e/datanode-5/data/ratis/55733e7d-a289-443c-96e1-a38712a5a57e
2019-10-04 13:46:24,859 [pool-559-thread-1] INFO  server.RaftServerConfigKeys (ConfUtils.java:logGet(43)) - raft.server.log.queue.byte-limit = 2147483647 (custom)
2019-10-04 13:46:24,859 [pool-559-thread-1] INFO  server.RaftServerConfigKeys (ConfUtils.java:logGet(43)) - raft.server.log.queue.element-limit = 1024 (custom)
2019-10-04 13:46:24,859 [pool-559-thread-1] INFO  server.RaftServerConfigKeys (ConfUtils.java:logGet(43)) - raft.server.log.segment.size.max = 1048576 (custom)
2019-10-04 13:46:24,859 [pool-559-thread-1] INFO  server.RaftServerConfigKeys (ConfUtils.java:logGet(43)) - raft.server.log.preallocated.size = 16384 (custom)
2019-10-04 13:46:24,859 [pool-559-thread-1] INFO  server.RaftServerConfigKeys (ConfUtils.java:logGet(43)) - raft.server.log.write.buffer.size = 33554432 (custom)
2019-10-04 13:46:24,859 [pool-559-thread-1] INFO  server.RaftServerConfigKeys (ConfUtils.java:logGet(43)) - raft.server.log.force.sync.num = 128 (default)
2019-10-04 13:46:24,859 [pool-559-thread-1] INFO  server.RaftServerConfigKeys (ConfUtils.java:logGet(43)) - raft.server.log.statemachine.data.sync = true (default)
2019-10-04 13:46:24,859 [pool-559-thread-1] INFO  server.RaftServerConfigKeys (ConfUtils.java:logGet(43)) - raft.server.log.statemachine.data.sync.timeout = 10s (default)
2019-10-04 13:46:24,859 [pool-559-thread-1] INFO  server.RaftServerConfigKeys (ConfUtils.java:logGet(43)) - raft.server.log.statemachine.data.sync.timeout.retry = -1 (default)
2019-10-04 13:46:24,860 [pool-559-thread-1] INFO  server.RaftServerConfigKeys (ConfUtils.java:logGet(43)) - raft.server.log.statemachine.data.caching.enabled = true (custom)
2019-10-04 13:46:24,860 [pool-559-thread-1] INFO  segmented.SegmentedRaftLogWorker (SegmentedRaftLogWorker.java:lambda$new$0(128)) - 34bb4e64-1059-4030-8a56-fd9416faa756@group-A38712A5A57E-SegmentedRaftLogWorker: flushIndex: setUnconditionally 0 -> -1
2019-10-04 13:46:24,860 [pool-559-thread-1] INFO  server.RaftServerConfigKeys (ConfUtils.java:logGet(43)) - raft.server.snapshot.auto.trigger.enabled = true (custom)
2019-10-04 13:46:24,860 [pool-559-thread-1] INFO  server.RaftServerConfigKeys (ConfUtils.java:logGet(43)) - raft.server.snapshot.auto.trigger.threshold = 10000 (custom)
2019-10-04 13:46:24,860 [pool-559-thread-1] INFO  server.RaftServerConfigKeys (ConfUtils.java:logGet(43)) - raft.server.snapshot.retention.file.num = 5 (custom)
2019-10-04 13:46:24,860 [pool-559-thread-1] INFO  server.RaftServerConfigKeys (ConfUtils.java:logGet(43)) - raft.server.retrycache.expirytime = 600000ms (custom)
2019-10-04 13:46:24,861 [pool-559-thread-1] INFO  impl.RaftServerImpl (RaftServerImpl.java:start(181)) - 34bb4e64-1059-4030-8a56-fd9416faa756@group-A38712A5A57E: start as a follower, conf=-1: [34bb4e64-1059-4030-8a56-fd9416faa756:192.168.30.33:39854], old=null
2019-10-04 13:46:24,861 [pool-559-thread-1] INFO  impl.RaftServerImpl (RaftServerImpl.java:setRole(170)) - 34bb4e64-1059-4030-8a56-fd9416faa756@group-A38712A5A57E: changes role from      null to FOLLOWER at term 0 for startAsFollower
2019-10-04 13:46:24,862 [pool-559-thread-1] INFO  impl.RoleInfo (RoleInfo.java:updateAndGet(143)) - 34bb4e64-1059-4030-8a56-fd9416faa756: start FollowerState
2019-10-04 13:46:24,862 [pool-559-thread-1] INFO  util.JmxRegister (JmxRegister.java:tryRegister(44)) - Successfully registered JMX Bean with object name Ratis:service=RaftServer,group=group-A38712A5A57E,id=34bb4e64-1059-4030-8a56-fd9416faa756
2019-10-04 13:46:24,864 [RatisPipelineUtilsThread] INFO  pipeline.PipelineStateManager (PipelineStateManager.java:addPipeline(56)) - Created pipeline Pipeline[ Id: 55733e7d-a289-443c-96e1-a38712a5a57e, Nodes: 34bb4e64-1059-4030-8a56-fd9416faa756{ip: 192.168.30.33, host: pr-hdds-2233-hr7xq-248966361, networkLocation: /rack1, certSerialId: null}, Type:RATIS, Factor:ONE, State:OPEN]
2019-10-04 13:46:24,872 [grpc-default-executor-6] INFO  impl.RaftServerProxy (RaftServerProxy.java:addNew(89)) - 7e1c9ca0-e47b-440d-aa87-5a285336291c: addNew group-B2722440210D:[7e1c9ca0-e47b-440d-aa87-5a285336291c:192.168.30.33:44642] returns group-B2722440210D:java.util.concurrent.CompletableFuture@60d47d2e[Not completed]
2019-10-04 13:46:24,873 [pool-569-thread-1] INFO  impl.RaftServerImpl (RaftServerImpl.java:<init>(95)) - 7e1c9ca0-e47b-440d-aa87-5a285336291c: new RaftServerImpl for group-B2722440210D:[7e1c9ca0-e47b-440d-aa87-5a285336291c:192.168.30.33:44642] with ContainerStateMachine:uninitialized
2019-10-04 13:46:24,874 [pool-569-thread-1] INFO  server.RaftServerConfigKeys (ConfUtils.java:logGet(43)) - raft.server.rpc.timeout.min = 1s (custom)
2019-10-04 13:46:24,874 [pool-569-thread-1] INFO  server.RaftServerConfigKeys (ConfUtils.java:logGet(43)) - raft.server.rpc.timeout.max = 1200ms (custom)
2019-10-04 13:46:24,874 [pool-569-thread-1] INFO  server.RaftServerConfigKeys (ConfUtils.java:logGet(43)) - raft.server.rpcslowness.timeout = 120s (custom)
2019-10-04 13:46:24,874 [pool-569-thread-1] INFO  server.RaftServerConfigKeys (ConfUtils.java:logGet(43)) - raft.server.sleep.deviation.threshold = 300 (default)
2019-10-04 13:46:24,874 [pool-569-thread-1] INFO  server.RaftServerConfigKeys (ConfUtils.java:logGet(43)) - raft.server.log.appender.install.snapshot.enabled = false (custom)
2019-10-04 13:46:24,874 [pool-569-thread-1] INFO  impl.RaftServerImpl (ServerState.java:<init>(103)) - 7e1c9ca0-e47b-440d-aa87-5a285336291c@group-B2722440210D: ConfigurationManager, init=-1: [7e1c9ca0-e47b-440d-aa87-5a285336291c:192.168.30.33:44642], old=null, confs=<EMPTY_MAP>
2019-10-04 13:46:24,874 [pool-569-thread-1] INFO  server.RaftServerConfigKeys (ConfUtils.java:logGet(43)) - raft.server.storage.dir = [/workdir/hadoop-ozone/integration-test/target/test-dir/MiniOzoneClusterImpl-7f8d01bd-209a-4bb2-b348-2961670ba14e/datanode-6/data/ratis] (custom)
2019-10-04 13:46:24,874 [pool-569-thread-1] INFO  server.RaftServerConfigKeys (ConfUtils.java:logGet(43)) - raft.server.log.corruption.policy = EXCEPTION (default)
2019-10-04 13:46:24,875 [pool-569-thread-1] INFO  storage.RaftStorageDirectory (RaftStorageDirectory.java:analyzeStorage(246)) - The storage directory /workdir/hadoop-ozone/integration-test/target/test-dir/MiniOzoneClusterImpl-7f8d01bd-209a-4bb2-b348-2961670ba14e/datanode-6/data/ratis/fdd4e6dd-a7d3-4b7c-821d-b2722440210d does not exist. Creating ...
2019-10-04 13:46:24,923 [IPC Server handler 6 on 39117] INFO  net.NetworkTopology (NetworkTopologyImpl.java:add(111)) - Added a new node: /rack1/f7391afe-e883-4b58-900a-eef83ef5e847
2019-10-04 13:46:24,923 [IPC Server handler 6 on 39117] INFO  node.SCMNodeManager (SCMNodeManager.java:register(266)) - Registered Data node : f7391afe-e883-4b58-900a-eef83ef5e847{ip: 192.168.30.33, host: pr-hdds-2233-hr7xq-248966361, networkLocation: /rack1, certSerialId: null}
2019-10-04 13:46:24,982 [IPC Server handler 7 on 39117] INFO  net.NetworkTopology (NetworkTopologyImpl.java:add(111)) - Added a new node: /rack1/870a27db-da30-4d61-a408-9d113e1c9716
2019-10-04 13:46:24,982 [IPC Server handler 7 on 39117] INFO  node.SCMNodeManager (SCMNodeManager.java:register(266)) - Registered Data node : 870a27db-da30-4d61-a408-9d113e1c9716{ip: 192.168.30.33, host: pr-hdds-2233-hr7xq-248966361, networkLocation: /rack1, certSerialId: null}
2019-10-04 13:46:25,048 [main] INFO  ozone.MiniOzoneClusterImpl (MiniOzoneClusterImpl.java:lambda$waitForClusterToBeReady$0(147)) - Waiting for cluster to be ready. Got 9 of 10 DN Heartbeats.
2019-10-04 13:46:25,049 [IPC Server handler 8 on 39117] INFO  net.NetworkTopology (NetworkTopologyImpl.java:add(111)) - Added a new node: /rack1/d30cfae4-72b5-4ec1-a6ad-4fabcec0d6f2
2019-10-04 13:46:25,049 [IPC Server handler 8 on 39117] INFO  node.SCMNodeManager (SCMNodeManager.java:register(266)) - Registered Data node : d30cfae4-72b5-4ec1-a6ad-4fabcec0d6f2{ip: 192.168.30.33, host: pr-hdds-2233-hr7xq-248966361, networkLocation: /rack1, certSerialId: null}
2019-10-04 13:46:25,079 [pool-569-thread-1] INFO  storage.RaftStorageDirectory (RaftStorageDirectory.java:tryLock(328)) - Lock on /workdir/hadoop-ozone/integration-test/target/test-dir/MiniOzoneClusterImpl-7f8d01bd-209a-4bb2-b348-2961670ba14e/datanode-6/data/ratis/fdd4e6dd-a7d3-4b7c-821d-b2722440210d/in_use.lock acquired by nodename 10239@pr-hdds-2233-hr7xq-248966361
2019-10-04 13:46:25,588 [Thread-3420] INFO  impl.FollowerState (FollowerState.java:run(108)) - a9f2dbb7-43c3-4367-8346-947b48bd4d79@group-29C3E7C0D313-FollowerState: change to CANDIDATE, lastRpcTime:1128ms, electionTimeout:1128ms
2019-10-04 13:46:25,589 [Thread-3420] INFO  impl.RoleInfo (RoleInfo.java:shutdownFollowerState(121)) - a9f2dbb7-43c3-4367-8346-947b48bd4d79: shutdown FollowerState
2019-10-04 13:46:25,589 [Thread-3420] INFO  impl.RaftServerImpl (RaftServerImpl.java:setRole(170)) - a9f2dbb7-43c3-4367-8346-947b48bd4d79@group-29C3E7C0D313: changes role from  FOLLOWER to CANDIDATE at term 0 for changeToCandidate
2019-10-04 13:46:25,589 [Thread-3420] INFO  impl.RoleInfo (RoleInfo.java:updateAndGet(143)) - a9f2dbb7-43c3-4367-8346-947b48bd4d79: start LeaderElection
2019-10-04 13:46:25,646 [pool-569-thread-1] INFO  storage.RaftStorage (RaftStorage.java:format(84)) - Storage directory /workdir/hadoop-ozone/integration-test/target/test-dir/MiniOzoneClusterImpl-7f8d01bd-209a-4bb2-b348-2961670ba14e/datanode-6/data/ratis/fdd4e6dd-a7d3-4b7c-821d-b2722440210d has been successfully formatted.
2019-10-04 13:46:25,646 [pool-569-thread-1] INFO  ratis.ContainerStateMachine (ContainerStateMachine.java:loadSnapshot(230)) - group-B2722440210D: The snapshot info is null. Setting the last applied indexto:(t:0, i:~)
2019-10-04 13:46:25,646 [pool-569-thread-1] INFO  server.RaftServerConfigKeys (ConfUtils.java:logGet(43)) - raft.server.notification.no-leader.timeout = 120s (custom)
2019-10-04 13:46:25,647 [pool-569-thread-1] INFO  server.RaftServerConfigKeys (ConfUtils.java:logGet(43)) - raft.server.log.use.memory = false (default)
2019-10-04 13:46:25,647 [pool-569-thread-1] INFO  server.RaftServerConfigKeys (ConfUtils.java:logGet(43)) - raft.server.log.purge.gap = 1000000 (custom)
2019-10-04 13:46:25,647 [pool-569-thread-1] INFO  server.RaftServerConfigKeys (ConfUtils.java:logGet(43)) - raft.server.log.appender.buffer.byte-limit = 33554432 (custom)
2019-10-04 13:46:25,647 [pool-569-thread-1] INFO  server.RaftServerConfigKeys (ConfUtils.java:logGet(43)) - raft.server.log.segment.size.max = 1048576 (custom)
2019-10-04 13:46:25,648 [pool-569-thread-1] INFO  server.RaftServerConfigKeys (ConfUtils.java:logGet(43)) - raft.server.log.segment.cache.num.max = 2 (custom)
2019-10-04 13:46:25,648 [pool-569-thread-1] INFO  segmented.SegmentedRaftLogWorker (SegmentedRaftLogWorker.java:<init>(173)) - new 7e1c9ca0-e47b-440d-aa87-5a285336291c@group-B2722440210D-SegmentedRaftLogWorker for RaftStorage:Storage Directory /workdir/hadoop-ozone/integration-test/target/test-dir/MiniOzoneClusterImpl-7f8d01bd-209a-4bb2-b348-2961670ba14e/datanode-6/data/ratis/fdd4e6dd-a7d3-4b7c-821d-b2722440210d
2019-10-04 13:46:25,648 [pool-569-thread-1] INFO  server.RaftServerConfigKeys (ConfUtils.java:logGet(43)) - raft.server.log.queue.byte-limit = 2147483647 (custom)
2019-10-04 13:46:25,648 [pool-569-thread-1] INFO  server.RaftServerConfigKeys (ConfUtils.java:logGet(43)) - raft.server.log.queue.element-limit = 1024 (custom)
2019-10-04 13:46:25,648 [pool-569-thread-1] INFO  server.RaftServerConfigKeys (ConfUtils.java:logGet(43)) - raft.server.log.segment.size.max = 1048576 (custom)
2019-10-04 13:46:25,649 [pool-569-thread-1] INFO  server.RaftServerConfigKeys (ConfUtils.java:logGet(43)) - raft.server.log.preallocated.size = 16384 (custom)
2019-10-04 13:46:25,649 [pool-569-thread-1] INFO  server.RaftServerConfigKeys (ConfUtils.java:logGet(43)) - raft.server.log.write.buffer.size = 33554432 (custom)
2019-10-04 13:46:25,649 [pool-569-thread-1] INFO  server.RaftServerConfigKeys (ConfUtils.java:logGet(43)) - raft.server.log.force.sync.num = 128 (default)
2019-10-04 13:46:25,649 [pool-569-thread-1] INFO  server.RaftServerConfigKeys (ConfUtils.java:logGet(43)) - raft.server.log.statemachine.data.sync = true (default)
2019-10-04 13:46:25,649 [pool-569-thread-1] INFO  server.RaftServerConfigKeys (ConfUtils.java:logGet(43)) - raft.server.log.statemachine.data.sync.timeout = 10s (default)
2019-10-04 13:46:25,649 [pool-569-thread-1] INFO  server.RaftServerConfigKeys (ConfUtils.java:logGet(43)) - raft.server.log.statemachine.data.sync.timeout.retry = -1 (default)
2019-10-04 13:46:25,649 [pool-569-thread-1] INFO  server.RaftServerConfigKeys (ConfUtils.java:logGet(43)) - raft.server.log.statemachine.data.caching.enabled = true (custom)
2019-10-04 13:46:25,650 [pool-569-thread-1] INFO  segmented.SegmentedRaftLogWorker (SegmentedRaftLogWorker.java:lambda$new$0(128)) - 7e1c9ca0-e47b-440d-aa87-5a285336291c@group-B2722440210D-SegmentedRaftLogWorker: flushIndex: setUnconditionally 0 -> -1
2019-10-04 13:46:25,650 [pool-569-thread-1] INFO  server.RaftServerConfigKeys (ConfUtils.java:logGet(43)) - raft.server.snapshot.auto.trigger.enabled = true (custom)
2019-10-04 13:46:25,650 [pool-569-thread-1] INFO  server.RaftServerConfigKeys (ConfUtils.java:logGet(43)) - raft.server.snapshot.auto.trigger.threshold = 10000 (custom)
2019-10-04 13:46:25,650 [pool-569-thread-1] INFO  server.RaftServerConfigKeys (ConfUtils.java:logGet(43)) - raft.server.snapshot.retention.file.num = 5 (custom)
2019-10-04 13:46:25,650 [pool-569-thread-1] INFO  server.RaftServerConfigKeys (ConfUtils.java:logGet(43)) - raft.server.retrycache.expirytime = 600000ms (custom)
2019-10-04 13:46:25,651 [pool-569-thread-1] INFO  impl.RaftServerImpl (RaftServerImpl.java:start(181)) - 7e1c9ca0-e47b-440d-aa87-5a285336291c@group-B2722440210D: start as a follower, conf=-1: [7e1c9ca0-e47b-440d-aa87-5a285336291c:192.168.30.33:44642], old=null
2019-10-04 13:46:25,651 [pool-569-thread-1] INFO  impl.RaftServerImpl (RaftServerImpl.java:setRole(170)) - 7e1c9ca0-e47b-440d-aa87-5a285336291c@group-B2722440210D: changes role from      null to FOLLOWER at term 0 for startAsFollower
2019-10-04 13:46:25,651 [pool-569-thread-1] INFO  impl.RoleInfo (RoleInfo.java:updateAndGet(143)) - 7e1c9ca0-e47b-440d-aa87-5a285336291c: start FollowerState
2019-10-04 13:46:25,652 [pool-569-thread-1] INFO  util.JmxRegister (JmxRegister.java:tryRegister(44)) - Successfully registered JMX Bean with object name Ratis:service=RaftServer,group=group-B2722440210D,id=7e1c9ca0-e47b-440d-aa87-5a285336291c
2019-10-04 13:46:25,655 [RatisPipelineUtilsThread] INFO  pipeline.PipelineStateManager (PipelineStateManager.java:addPipeline(56)) - Created pipeline Pipeline[ Id: fdd4e6dd-a7d3-4b7c-821d-b2722440210d, Nodes: 7e1c9ca0-e47b-440d-aa87-5a285336291c{ip: 192.168.30.33, host: pr-hdds-2233-hr7xq-248966361, networkLocation: /rack1, certSerialId: null}, Type:RATIS, Factor:ONE, State:OPEN]
2019-10-04 13:46:25,662 [grpc-default-executor-6] INFO  impl.RaftServerProxy (RaftServerProxy.java:addNew(89)) - 870a27db-da30-4d61-a408-9d113e1c9716: addNew group-BBC91C2F1F75:[870a27db-da30-4d61-a408-9d113e1c9716:192.168.30.33:42515] returns group-BBC91C2F1F75:java.util.concurrent.CompletableFuture@3e144395[Not completed]
2019-10-04 13:46:25,663 [pool-589-thread-1] INFO  impl.RaftServerImpl (RaftServerImpl.java:<init>(95)) - 870a27db-da30-4d61-a408-9d113e1c9716: new RaftServerImpl for group-BBC91C2F1F75:[870a27db-da30-4d61-a408-9d113e1c9716:192.168.30.33:42515] with ContainerStateMachine:uninitialized
2019-10-04 13:46:25,663 [pool-589-thread-1] INFO  server.RaftServerConfigKeys (ConfUtils.java:logGet(43)) - raft.server.rpc.timeout.min = 1s (custom)
2019-10-04 13:46:25,663 [pool-589-thread-1] INFO  server.RaftServerConfigKeys (ConfUtils.java:logGet(43)) - raft.server.rpc.timeout.max = 1200ms (custom)
2019-10-04 13:46:25,664 [pool-589-thread-1] INFO  server.RaftServerConfigKeys (ConfUtils.java:logGet(43)) - raft.server.rpcslowness.timeout = 120s (custom)
2019-10-04 13:46:25,664 [pool-589-thread-1] INFO  server.RaftServerConfigKeys (ConfUtils.java:logGet(43)) - raft.server.sleep.deviation.threshold = 300 (default)
2019-10-04 13:46:25,664 [pool-589-thread-1] INFO  server.RaftServerConfigKeys (ConfUtils.java:logGet(43)) - raft.server.log.appender.install.snapshot.enabled = false (custom)
2019-10-04 13:46:25,664 [pool-589-thread-1] INFO  impl.RaftServerImpl (ServerState.java:<init>(103)) - 870a27db-da30-4d61-a408-9d113e1c9716@group-BBC91C2F1F75: ConfigurationManager, init=-1: [870a27db-da30-4d61-a408-9d113e1c9716:192.168.30.33:42515], old=null, confs=<EMPTY_MAP>
2019-10-04 13:46:25,664 [pool-589-thread-1] INFO  server.RaftServerConfigKeys (ConfUtils.java:logGet(43)) - raft.server.storage.dir = [/workdir/hadoop-ozone/integration-test/target/test-dir/MiniOzoneClusterImpl-7f8d01bd-209a-4bb2-b348-2961670ba14e/datanode-8/data/ratis] (custom)
2019-10-04 13:46:25,664 [pool-589-thread-1] INFO  server.RaftServerConfigKeys (ConfUtils.java:logGet(43)) - raft.server.log.corruption.policy = EXCEPTION (default)
2019-10-04 13:46:25,665 [pool-589-thread-1] INFO  storage.RaftStorageDirectory (RaftStorageDirectory.java:analyzeStorage(246)) - The storage directory /workdir/hadoop-ozone/integration-test/target/test-dir/MiniOzoneClusterImpl-7f8d01bd-209a-4bb2-b348-2961670ba14e/datanode-8/data/ratis/32db6342-7031-4f34-bec4-bbc91c2f1f75 does not exist. Creating ...
2019-10-04 13:46:25,715 [Thread-3429] INFO  impl.FollowerState (FollowerState.java:run(108)) - a9f2dbb7-43c3-4367-8346-947b48bd4d79@group-39017AAFEA81-FollowerState: change to CANDIDATE, lastRpcTime:1078ms, electionTimeout:1078ms
2019-10-04 13:46:25,716 [Thread-3429] INFO  impl.RoleInfo (RoleInfo.java:shutdownFollowerState(121)) - a9f2dbb7-43c3-4367-8346-947b48bd4d79: shutdown FollowerState
2019-10-04 13:46:25,716 [Thread-3429] INFO  impl.RaftServerImpl (RaftServerImpl.java:setRole(170)) - a9f2dbb7-43c3-4367-8346-947b48bd4d79@group-39017AAFEA81: changes role from  FOLLOWER to CANDIDATE at term 0 for changeToCandidate
2019-10-04 13:46:25,716 [Thread-3429] INFO  impl.RoleInfo (RoleInfo.java:updateAndGet(143)) - a9f2dbb7-43c3-4367-8346-947b48bd4d79: start LeaderElection
2019-10-04 13:46:25,721 [Thread-3432] INFO  impl.FollowerState (FollowerState.java:run(108)) - abf7bc81-30d5-42c0-a0af-45d0cecf5915@group-39017AAFEA81-FollowerState: change to CANDIDATE, lastRpcTime:1081ms, electionTimeout:1079ms
2019-10-04 13:46:25,721 [Thread-3432] INFO  impl.RoleInfo (RoleInfo.java:shutdownFollowerState(121)) - abf7bc81-30d5-42c0-a0af-45d0cecf5915: shutdown FollowerState
2019-10-04 13:46:25,721 [Thread-3432] INFO  impl.RaftServerImpl (RaftServerImpl.java:setRole(170)) - abf7bc81-30d5-42c0-a0af-45d0cecf5915@group-39017AAFEA81: changes role from  FOLLOWER to CANDIDATE at term 0 for changeToCandidate
2019-10-04 13:46:25,722 [Thread-3432] INFO  impl.RoleInfo (RoleInfo.java:updateAndGet(143)) - abf7bc81-30d5-42c0-a0af-45d0cecf5915: start LeaderElection
2019-10-04 13:46:25,731 [Thread-3423] INFO  impl.FollowerState (FollowerState.java:run(108)) - 4da2f670-0e5c-4bde-934c-3cd05d8a50a4@group-524DA528E1B4-FollowerState: change to CANDIDATE, lastRpcTime:1183ms, electionTimeout:1182ms
2019-10-04 13:46:25,736 [Thread-3423] INFO  impl.RoleInfo (RoleInfo.java:shutdownFollowerState(121)) - 4da2f670-0e5c-4bde-934c-3cd05d8a50a4: shutdown FollowerState
2019-10-04 13:46:25,736 [Thread-3433] INFO  impl.FollowerState (FollowerState.java:run(108)) - 4da2f670-0e5c-4bde-934c-3cd05d8a50a4@group-39017AAFEA81-FollowerState: change to CANDIDATE, lastRpcTime:1095ms, electionTimeout:1094ms
2019-10-04 13:46:25,736 [Thread-3423] INFO  impl.RaftServerImpl (RaftServerImpl.java:setRole(170)) - 4da2f670-0e5c-4bde-934c-3cd05d8a50a4@group-524DA528E1B4: changes role from  FOLLOWER to CANDIDATE at term 0 for changeToCandidate
2019-10-04 13:46:25,736 [Thread-3433] INFO  impl.RoleInfo (RoleInfo.java:shutdownFollowerState(121)) - 4da2f670-0e5c-4bde-934c-3cd05d8a50a4: shutdown FollowerState
2019-10-04 13:46:25,736 [Thread-3423] INFO  impl.RoleInfo (RoleInfo.java:updateAndGet(143)) - 4da2f670-0e5c-4bde-934c-3cd05d8a50a4: start LeaderElection
2019-10-04 13:46:25,736 [Thread-3433] INFO  impl.RaftServerImpl (RaftServerImpl.java:setRole(170)) - 4da2f670-0e5c-4bde-934c-3cd05d8a50a4@group-39017AAFEA81: changes role from  FOLLOWER to CANDIDATE at term 0 for changeToCandidate
2019-10-04 13:46:25,736 [Thread-3433] INFO  impl.RoleInfo (RoleInfo.java:updateAndGet(143)) - 4da2f670-0e5c-4bde-934c-3cd05d8a50a4: start LeaderElection
2019-10-04 13:46:25,777 [Thread-3426] INFO  impl.FollowerState (FollowerState.java:run(108)) - abf7bc81-30d5-42c0-a0af-45d0cecf5915@group-9712D27F1C42-FollowerState: change to CANDIDATE, lastRpcTime:1185ms, electionTimeout:1185ms
2019-10-04 13:46:25,777 [Thread-3426] INFO  impl.RoleInfo (RoleInfo.java:shutdownFollowerState(121)) - abf7bc81-30d5-42c0-a0af-45d0cecf5915: shutdown FollowerState
2019-10-04 13:46:25,777 [Thread-3426] INFO  impl.RaftServerImpl (RaftServerImpl.java:setRole(170)) - abf7bc81-30d5-42c0-a0af-45d0cecf5915@group-9712D27F1C42: changes role from  FOLLOWER to CANDIDATE at term 0 for changeToCandidate
2019-10-04 13:46:25,777 [Thread-3426] INFO  impl.RoleInfo (RoleInfo.java:updateAndGet(143)) - abf7bc81-30d5-42c0-a0af-45d0cecf5915: start LeaderElection
2019-10-04 13:46:25,873 [Thread-3438] INFO  impl.FollowerState (FollowerState.java:run(108)) - 1acd4a7f-a859-40e1-8534-5adb5341c727@group-A3A684E11D17-FollowerState: change to CANDIDATE, lastRpcTime:1107ms, electionTimeout:1107ms
2019-10-04 13:46:25,873 [Thread-3438] INFO  impl.RoleInfo (RoleInfo.java:shutdownFollowerState(121)) - 1acd4a7f-a859-40e1-8534-5adb5341c727: shutdown FollowerState
2019-10-04 13:46:25,874 [Thread-3438] INFO  impl.RaftServerImpl (RaftServerImpl.java:setRole(170)) - 1acd4a7f-a859-40e1-8534-5adb5341c727@group-A3A684E11D17: changes role from  FOLLOWER to CANDIDATE at term 0 for changeToCandidate
2019-10-04 13:46:25,874 [Thread-3438] INFO  impl.RoleInfo (RoleInfo.java:updateAndGet(143)) - 1acd4a7f-a859-40e1-8534-5adb5341c727: start LeaderElection
2019-10-04 13:46:25,977 [Thread-3441] INFO  impl.FollowerState (FollowerState.java:run(108)) - e7c9b6e5-8734-4888-9a82-5562d6bfa950@group-F494998017DE-FollowerState: change to CANDIDATE, lastRpcTime:1164ms, electionTimeout:1164ms
2019-10-04 13:46:25,977 [Thread-3441] INFO  impl.RoleInfo (RoleInfo.java:shutdownFollowerState(121)) - e7c9b6e5-8734-4888-9a82-5562d6bfa950: shutdown FollowerState
2019-10-04 13:46:25,977 [Thread-3441] INFO  impl.RaftServerImpl (RaftServerImpl.java:setRole(170)) - e7c9b6e5-8734-4888-9a82-5562d6bfa950@group-F494998017DE: changes role from  FOLLOWER to CANDIDATE at term 0 for changeToCandidate
2019-10-04 13:46:25,978 [Thread-3441] INFO  impl.RoleInfo (RoleInfo.java:updateAndGet(143)) - e7c9b6e5-8734-4888-9a82-5562d6bfa950: start LeaderElection
2019-10-04 13:46:26,048 [main] INFO  ozone.MiniOzoneClusterImpl (MiniOzoneClusterImpl.java:lambda$waitForClusterToBeReady$0(147)) - Cluster is ready. Got 10 of 10 DN Heartbeats.
2019-10-04 13:46:26,058 [Thread-3444] INFO  impl.FollowerState (FollowerState.java:run(108)) - 34bb4e64-1059-4030-8a56-fd9416faa756@group-A38712A5A57E-FollowerState: change to CANDIDATE, lastRpcTime:1196ms, electionTimeout:1193ms
2019-10-04 13:46:26,058 [Thread-3444] INFO  impl.RoleInfo (RoleInfo.java:shutdownFollowerState(121)) - 34bb4e64-1059-4030-8a56-fd9416faa756: shutdown FollowerState
2019-10-04 13:46:26,063 [Thread-3444] INFO  impl.RaftServerImpl (RaftServerImpl.java:setRole(170)) - 34bb4e64-1059-4030-8a56-fd9416faa756@group-A38712A5A57E: changes role from  FOLLOWER to CANDIDATE at term 0 for changeToCandidate
2019-10-04 13:46:26,063 [Thread-3444] INFO  impl.RoleInfo (RoleInfo.java:updateAndGet(143)) - 34bb4e64-1059-4030-8a56-fd9416faa756: start LeaderElection
2019-10-04 13:46:26,077 [a9f2dbb7-43c3-4367-8346-947b48bd4d79@group-29C3E7C0D313-LeaderElection137] INFO  impl.LeaderElection (LeaderElection.java:askForVotes(178)) - a9f2dbb7-43c3-4367-8346-947b48bd4d79@group-29C3E7C0D313-LeaderElection137: begin an election at term 1 for -1: [a9f2dbb7-43c3-4367-8346-947b48bd4d79:192.168.30.33:34618], old=null
2019-10-04 13:46:26,078 [a9f2dbb7-43c3-4367-8346-947b48bd4d79@group-29C3E7C0D313-LeaderElection137] INFO  impl.RoleInfo (RoleInfo.java:shutdownLeaderElection(134)) - a9f2dbb7-43c3-4367-8346-947b48bd4d79: shutdown LeaderElection
2019-10-04 13:46:26,078 [a9f2dbb7-43c3-4367-8346-947b48bd4d79@group-29C3E7C0D313-LeaderElection137] INFO  impl.RaftServerImpl (RaftServerImpl.java:setRole(170)) - a9f2dbb7-43c3-4367-8346-947b48bd4d79@group-29C3E7C0D313: changes role from CANDIDATE to LEADER at term 1 for changeToLeader
2019-10-04 13:46:26,078 [a9f2dbb7-43c3-4367-8346-947b48bd4d79@group-29C3E7C0D313-LeaderElection137] INFO  impl.RaftServerImpl (ServerState.java:setLeader(255)) - a9f2dbb7-43c3-4367-8346-947b48bd4d79@group-29C3E7C0D313: change Leader from null to a9f2dbb7-43c3-4367-8346-947b48bd4d79 at term 1 for becomeLeader, leader elected after 1623ms
2019-10-04 13:46:26,111 [a9f2dbb7-43c3-4367-8346-947b48bd4d79@group-29C3E7C0D313-LeaderElection137] INFO  server.RaftServerConfigKeys (ConfUtils.java:logGet(43)) - raft.server.staging.catchup.gap = 1000 (default)
2019-10-04 13:46:26,111 [a9f2dbb7-43c3-4367-8346-947b48bd4d79@group-29C3E7C0D313-LeaderElection137] INFO  server.RaftServerConfigKeys (ConfUtils.java:logGet(43)) - raft.server.rpc.sleep.time = 25ms (default)
2019-10-04 13:46:26,111 [a9f2dbb7-43c3-4367-8346-947b48bd4d79@group-29C3E7C0D313-LeaderElection137] INFO  server.RaftServerConfigKeys (ConfUtils.java:logGet(43)) - raft.server.write.element-limit = 4096 (default)
2019-10-04 13:46:26,112 [a9f2dbb7-43c3-4367-8346-947b48bd4d79@group-29C3E7C0D313-LeaderElection137] INFO  server.RaftServerConfigKeys (ConfUtils.java:logGet(43)) - raft.server.watch.timeout = 10s (default)
2019-10-04 13:46:26,112 [a9f2dbb7-43c3-4367-8346-947b48bd4d79@group-29C3E7C0D313-LeaderElection137] INFO  server.RaftServerConfigKeys (ConfUtils.java:logGet(43)) - raft.server.watch.timeout.denomination = 1s (default)
2019-10-04 13:46:26,112 [a9f2dbb7-43c3-4367-8346-947b48bd4d79@group-29C3E7C0D313-LeaderElection137] INFO  server.RaftServerConfigKeys (ConfUtils.java:logGet(43)) - raft.server.watch.element-limit = 65536 (default)
2019-10-04 13:46:26,113 [a9f2dbb7-43c3-4367-8346-947b48bd4d79@group-29C3E7C0D313-LeaderElection137] INFO  impl.RoleInfo (RoleInfo.java:updateAndGet(143)) - a9f2dbb7-43c3-4367-8346-947b48bd4d79: start LeaderState
2019-10-04 13:46:26,114 [a9f2dbb7-43c3-4367-8346-947b48bd4d79@group-29C3E7C0D313-LeaderElection137] INFO  segmented.SegmentedRaftLogWorker (SegmentedRaftLogWorker.java:startLogSegment(385)) - a9f2dbb7-43c3-4367-8346-947b48bd4d79@group-29C3E7C0D313-SegmentedRaftLogWorker: Starting segment from index:0
2019-10-04 13:46:26,114 [a9f2dbb7-43c3-4367-8346-947b48bd4d79@group-29C3E7C0D313-LeaderElection137] INFO  impl.RaftServerImpl (ServerState.java:setRaftConf(356)) - a9f2dbb7-43c3-4367-8346-947b48bd4d79@group-29C3E7C0D313: set configuration 0: [a9f2dbb7-43c3-4367-8346-947b48bd4d79:192.168.30.33:34618], old=null at 0
2019-10-04 13:46:26,143 [main] INFO  rpc.RpcClient (RpcClient.java:createVolume(272)) - Creating Volume: datanodefailurehandlingtest, with jenkins1000 as owner.
2019-10-04 13:46:26,146 [IPC Server handler 3 on 44546] INFO  volume.OMVolumeCreateRequest (OMVolumeCreateRequest.java:validateAndUpdateCache(193)) - created volume:datanodefailurehandlingtest for user:jenkins1000
2019-10-04 13:46:26,172 [main] INFO  rpc.RpcClient (RpcClient.java:createBucket(411)) - Creating Bucket: datanodefailurehandlingtest/datanodefailurehandlingtest, with Versioning false and Storage Type set to DISK and Encryption set to false 
2019-10-04 13:46:26,729 [Thread-3448] INFO  impl.FollowerState (FollowerState.java:run(108)) - 7e1c9ca0-e47b-440d-aa87-5a285336291c@group-B2722440210D-FollowerState: change to CANDIDATE, lastRpcTime:1077ms, electionTimeout:1077ms
2019-10-04 13:46:26,729 [Thread-3448] INFO  impl.RoleInfo (RoleInfo.java:shutdownFollowerState(121)) - 7e1c9ca0-e47b-440d-aa87-5a285336291c: shutdown FollowerState
2019-10-04 13:46:26,729 [Thread-3448] INFO  impl.RaftServerImpl (RaftServerImpl.java:setRole(170)) - 7e1c9ca0-e47b-440d-aa87-5a285336291c@group-B2722440210D: changes role from  FOLLOWER to CANDIDATE at term 0 for changeToCandidate
2019-10-04 13:46:26,729 [Thread-3448] INFO  impl.RoleInfo (RoleInfo.java:updateAndGet(143)) - 7e1c9ca0-e47b-440d-aa87-5a285336291c: start LeaderElection
2019-10-04 13:46:27,233 [pool-589-thread-1] INFO  storage.RaftStorageDirectory (RaftStorageDirectory.java:tryLock(328)) - Lock on /workdir/hadoop-ozone/integration-test/target/test-dir/MiniOzoneClusterImpl-7f8d01bd-209a-4bb2-b348-2961670ba14e/datanode-8/data/ratis/32db6342-7031-4f34-bec4-bbc91c2f1f75/in_use.lock acquired by nodename 10239@pr-hdds-2233-hr7xq-248966361
2019-10-04 13:46:27,234 [4da2f670-0e5c-4bde-934c-3cd05d8a50a4@group-524DA528E1B4-LeaderElection140] INFO  impl.LeaderElection (LeaderElection.java:askForVotes(178)) - 4da2f670-0e5c-4bde-934c-3cd05d8a50a4@group-524DA528E1B4-LeaderElection140: begin an election at term 1 for -1: [4da2f670-0e5c-4bde-934c-3cd05d8a50a4:192.168.30.33:45990], old=null
2019-10-04 13:46:27,234 [abf7bc81-30d5-42c0-a0af-45d0cecf5915@group-39017AAFEA81-LeaderElection139] INFO  impl.LeaderElection (LeaderElection.java:askForVotes(178)) - abf7bc81-30d5-42c0-a0af-45d0cecf5915@group-39017AAFEA81-LeaderElection139: begin an election at term 1 for -1: [4da2f670-0e5c-4bde-934c-3cd05d8a50a4:192.168.30.33:45990, a9f2dbb7-43c3-4367-8346-947b48bd4d79:192.168.30.33:34618, abf7bc81-30d5-42c0-a0af-45d0cecf5915:192.168.30.33:35055], old=null
2019-10-04 13:46:27,234 [4da2f670-0e5c-4bde-934c-3cd05d8a50a4@group-524DA528E1B4-LeaderElection140] INFO  impl.RoleInfo (RoleInfo.java:shutdownLeaderElection(134)) - 4da2f670-0e5c-4bde-934c-3cd05d8a50a4: shutdown LeaderElection
2019-10-04 13:46:27,234 [4da2f670-0e5c-4bde-934c-3cd05d8a50a4@group-39017AAFEA81-LeaderElection141] INFO  impl.LeaderElection (LeaderElection.java:askForVotes(178)) - 4da2f670-0e5c-4bde-934c-3cd05d8a50a4@group-39017AAFEA81-LeaderElection141: begin an election at term 1 for -1: [4da2f670-0e5c-4bde-934c-3cd05d8a50a4:192.168.30.33:45990, a9f2dbb7-43c3-4367-8346-947b48bd4d79:192.168.30.33:34618, abf7bc81-30d5-42c0-a0af-45d0cecf5915:192.168.30.33:35055], old=null
2019-10-04 13:46:27,234 [a9f2dbb7-43c3-4367-8346-947b48bd4d79@group-39017AAFEA81-LeaderElection138] INFO  impl.LeaderElection (LeaderElection.java:askForVotes(178)) - a9f2dbb7-43c3-4367-8346-947b48bd4d79@group-39017AAFEA81-LeaderElection138: begin an election at term 1 for -1: [4da2f670-0e5c-4bde-934c-3cd05d8a50a4:192.168.30.33:45990, a9f2dbb7-43c3-4367-8346-947b48bd4d79:192.168.30.33:34618, abf7bc81-30d5-42c0-a0af-45d0cecf5915:192.168.30.33:35055], old=null
2019-10-04 13:46:27,234 [1acd4a7f-a859-40e1-8534-5adb5341c727@group-A3A684E11D17-LeaderElection143] INFO  impl.LeaderElection (LeaderElection.java:askForVotes(178)) - 1acd4a7f-a859-40e1-8534-5adb5341c727@group-A3A684E11D17-LeaderElection143: begin an election at term 1 for -1: [1acd4a7f-a859-40e1-8534-5adb5341c727:192.168.30.33:43799], old=null
2019-10-04 13:46:27,234 [e7c9b6e5-8734-4888-9a82-5562d6bfa950@group-F494998017DE-LeaderElection144] INFO  impl.LeaderElection (LeaderElection.java:askForVotes(178)) - e7c9b6e5-8734-4888-9a82-5562d6bfa950@group-F494998017DE-LeaderElection144: begin an election at term 1 for -1: [e7c9b6e5-8734-4888-9a82-5562d6bfa950:192.168.30.33:44869], old=null
2019-10-04 13:46:27,234 [abf7bc81-30d5-42c0-a0af-45d0cecf5915@group-9712D27F1C42-LeaderElection142] INFO  impl.LeaderElection (LeaderElection.java:askForVotes(178)) - abf7bc81-30d5-42c0-a0af-45d0cecf5915@group-9712D27F1C42-LeaderElection142: begin an election at term 1 for -1: [abf7bc81-30d5-42c0-a0af-45d0cecf5915:192.168.30.33:35055], old=null
2019-10-04 13:46:27,234 [34bb4e64-1059-4030-8a56-fd9416faa756@group-A38712A5A57E-LeaderElection145] INFO  impl.LeaderElection (LeaderElection.java:askForVotes(178)) - 34bb4e64-1059-4030-8a56-fd9416faa756@group-A38712A5A57E-LeaderElection145: begin an election at term 1 for -1: [34bb4e64-1059-4030-8a56-fd9416faa756:192.168.30.33:39854], old=null
2019-10-04 13:46:27,235 [abf7bc81-30d5-42c0-a0af-45d0cecf5915@group-9712D27F1C42-LeaderElection142] INFO  impl.RoleInfo (RoleInfo.java:shutdownLeaderElection(134)) - abf7bc81-30d5-42c0-a0af-45d0cecf5915: shutdown LeaderElection
2019-10-04 13:46:27,235 [e7c9b6e5-8734-4888-9a82-5562d6bfa950@group-F494998017DE-LeaderElection144] INFO  impl.RoleInfo (RoleInfo.java:shutdownLeaderElection(134)) - e7c9b6e5-8734-4888-9a82-5562d6bfa950: shutdown LeaderElection
2019-10-04 13:46:27,235 [1acd4a7f-a859-40e1-8534-5adb5341c727@group-A3A684E11D17-LeaderElection143] INFO  impl.RoleInfo (RoleInfo.java:shutdownLeaderElection(134)) - 1acd4a7f-a859-40e1-8534-5adb5341c727: shutdown LeaderElection
2019-10-04 13:46:27,234 [4da2f670-0e5c-4bde-934c-3cd05d8a50a4@group-524DA528E1B4-LeaderElection140] INFO  impl.RaftServerImpl (RaftServerImpl.java:setRole(170)) - 4da2f670-0e5c-4bde-934c-3cd05d8a50a4@group-524DA528E1B4: changes role from CANDIDATE to LEADER at term 1 for changeToLeader
2019-10-04 13:46:27,235 [1acd4a7f-a859-40e1-8534-5adb5341c727@group-A3A684E11D17-LeaderElection143] INFO  impl.RaftServerImpl (RaftServerImpl.java:setRole(170)) - 1acd4a7f-a859-40e1-8534-5adb5341c727@group-A3A684E11D17: changes role from CANDIDATE to LEADER at term 1 for changeToLeader
2019-10-04 13:46:27,235 [e7c9b6e5-8734-4888-9a82-5562d6bfa950@group-F494998017DE-LeaderElection144] INFO  impl.RaftServerImpl (RaftServerImpl.java:setRole(170)) - e7c9b6e5-8734-4888-9a82-5562d6bfa950@group-F494998017DE: changes role from CANDIDATE to LEADER at term 1 for changeToLeader
2019-10-04 13:46:27,235 [abf7bc81-30d5-42c0-a0af-45d0cecf5915@group-9712D27F1C42-LeaderElection142] INFO  impl.RaftServerImpl (RaftServerImpl.java:setRole(170)) - abf7bc81-30d5-42c0-a0af-45d0cecf5915@group-9712D27F1C42: changes role from CANDIDATE to LEADER at term 1 for changeToLeader
2019-10-04 13:46:27,235 [34bb4e64-1059-4030-8a56-fd9416faa756@group-A38712A5A57E-LeaderElection145] INFO  impl.RoleInfo (RoleInfo.java:shutdownLeaderElection(134)) - 34bb4e64-1059-4030-8a56-fd9416faa756: shutdown LeaderElection
2019-10-04 13:46:27,236 [abf7bc81-30d5-42c0-a0af-45d0cecf5915@group-9712D27F1C42-LeaderElection142] INFO  impl.RaftServerImpl (ServerState.java:setLeader(255)) - abf7bc81-30d5-42c0-a0af-45d0cecf5915@group-9712D27F1C42: change Leader from null to abf7bc81-30d5-42c0-a0af-45d0cecf5915 at term 1 for becomeLeader, leader elected after 2648ms
2019-10-04 13:46:27,236 [e7c9b6e5-8734-4888-9a82-5562d6bfa950@group-F494998017DE-LeaderElection144] INFO  impl.RaftServerImpl (ServerState.java:setLeader(255)) - e7c9b6e5-8734-4888-9a82-5562d6bfa950@group-F494998017DE: change Leader from null to e7c9b6e5-8734-4888-9a82-5562d6bfa950 at term 1 for becomeLeader, leader elected after 2429ms
2019-10-04 13:46:27,236 [1acd4a7f-a859-40e1-8534-5adb5341c727@group-A3A684E11D17-LeaderElection143] INFO  impl.RaftServerImpl (ServerState.java:setLeader(255)) - 1acd4a7f-a859-40e1-8534-5adb5341c727@group-A3A684E11D17: change Leader from null to 1acd4a7f-a859-40e1-8534-5adb5341c727 at term 1 for becomeLeader, leader elected after 2475ms
2019-10-04 13:46:27,236 [4da2f670-0e5c-4bde-934c-3cd05d8a50a4@group-524DA528E1B4-LeaderElection140] INFO  impl.RaftServerImpl (ServerState.java:setLeader(255)) - 4da2f670-0e5c-4bde-934c-3cd05d8a50a4@group-524DA528E1B4: change Leader from null to 4da2f670-0e5c-4bde-934c-3cd05d8a50a4 at term 1 for becomeLeader, leader elected after 2695ms
2019-10-04 13:46:27,237 [1acd4a7f-a859-40e1-8534-5adb5341c727@group-A3A684E11D17-LeaderElection143] INFO  server.RaftServerConfigKeys (ConfUtils.java:logGet(43)) - raft.server.staging.catchup.gap = 1000 (default)
2019-10-04 13:46:27,236 [e7c9b6e5-8734-4888-9a82-5562d6bfa950@group-F494998017DE-LeaderElection144] INFO  server.RaftServerConfigKeys (ConfUtils.java:logGet(43)) - raft.server.staging.catchup.gap = 1000 (default)
2019-10-04 13:46:27,236 [abf7bc81-30d5-42c0-a0af-45d0cecf5915@group-9712D27F1C42-LeaderElection142] INFO  server.RaftServerConfigKeys (ConfUtils.java:logGet(43)) - raft.server.staging.catchup.gap = 1000 (default)
2019-10-04 13:46:27,236 [34bb4e64-1059-4030-8a56-fd9416faa756@group-A38712A5A57E-LeaderElection145] INFO  impl.RaftServerImpl (RaftServerImpl.java:setRole(170)) - 34bb4e64-1059-4030-8a56-fd9416faa756@group-A38712A5A57E: changes role from CANDIDATE to LEADER at term 1 for changeToLeader
2019-10-04 13:46:27,242 [abf7bc81-30d5-42c0-a0af-45d0cecf5915@group-9712D27F1C42-LeaderElection142] INFO  server.RaftServerConfigKeys (ConfUtils.java:logGet(43)) - raft.server.rpc.sleep.time = 25ms (default)
2019-10-04 13:46:27,237 [e7c9b6e5-8734-4888-9a82-5562d6bfa950@group-F494998017DE-LeaderElection144] INFO  server.RaftServerConfigKeys (ConfUtils.java:logGet(43)) - raft.server.rpc.sleep.time = 25ms (default)
2019-10-04 13:46:27,237 [1acd4a7f-a859-40e1-8534-5adb5341c727@group-A3A684E11D17-LeaderElection143] INFO  server.RaftServerConfigKeys (ConfUtils.java:logGet(43)) - raft.server.rpc.sleep.time = 25ms (default)
2019-10-04 13:46:27,242 [e7c9b6e5-8734-4888-9a82-5562d6bfa950@group-F494998017DE-LeaderElection144] INFO  server.RaftServerConfigKeys (ConfUtils.java:logGet(43)) - raft.server.write.element-limit = 4096 (default)
2019-10-04 13:46:27,237 [4da2f670-0e5c-4bde-934c-3cd05d8a50a4@group-524DA528E1B4-LeaderElection140] INFO  server.RaftServerConfigKeys (ConfUtils.java:logGet(43)) - raft.server.staging.catchup.gap = 1000 (default)
2019-10-04 13:46:27,242 [e7c9b6e5-8734-4888-9a82-5562d6bfa950@group-F494998017DE-LeaderElection144] INFO  server.RaftServerConfigKeys (ConfUtils.java:logGet(43)) - raft.server.watch.timeout = 10s (default)
2019-10-04 13:46:27,242 [1acd4a7f-a859-40e1-8534-5adb5341c727@group-A3A684E11D17-LeaderElection143] INFO  server.RaftServerConfigKeys (ConfUtils.java:logGet(43)) - raft.server.write.element-limit = 4096 (default)
2019-10-04 13:46:27,243 [1acd4a7f-a859-40e1-8534-5adb5341c727@group-A3A684E11D17-LeaderElection143] INFO  server.RaftServerConfigKeys (ConfUtils.java:logGet(43)) - raft.server.watch.timeout = 10s (default)
2019-10-04 13:46:27,242 [abf7bc81-30d5-42c0-a0af-45d0cecf5915@group-9712D27F1C42-LeaderElection142] INFO  server.RaftServerConfigKeys (ConfUtils.java:logGet(43)) - raft.server.write.element-limit = 4096 (default)
2019-10-04 13:46:27,242 [34bb4e64-1059-4030-8a56-fd9416faa756@group-A38712A5A57E-LeaderElection145] INFO  impl.RaftServerImpl (ServerState.java:setLeader(255)) - 34bb4e64-1059-4030-8a56-fd9416faa756@group-A38712A5A57E: change Leader from null to 34bb4e64-1059-4030-8a56-fd9416faa756 at term 1 for becomeLeader, leader elected after 2384ms
2019-10-04 13:46:27,243 [34bb4e64-1059-4030-8a56-fd9416faa756@group-A38712A5A57E-LeaderElection145] INFO  server.RaftServerConfigKeys (ConfUtils.java:logGet(43)) - raft.server.staging.catchup.gap = 1000 (default)
2019-10-04 13:46:27,243 [34bb4e64-1059-4030-8a56-fd9416faa756@group-A38712A5A57E-LeaderElection145] INFO  server.RaftServerConfigKeys (ConfUtils.java:logGet(43)) - raft.server.rpc.sleep.time = 25ms (default)
2019-10-04 13:46:27,244 [34bb4e64-1059-4030-8a56-fd9416faa756@group-A38712A5A57E-LeaderElection145] INFO  server.RaftServerConfigKeys (ConfUtils.java:logGet(43)) - raft.server.write.element-limit = 4096 (default)
2019-10-04 13:46:27,244 [34bb4e64-1059-4030-8a56-fd9416faa756@group-A38712A5A57E-LeaderElection145] INFO  server.RaftServerConfigKeys (ConfUtils.java:logGet(43)) - raft.server.watch.timeout = 10s (default)
2019-10-04 13:46:27,244 [34bb4e64-1059-4030-8a56-fd9416faa756@group-A38712A5A57E-LeaderElection145] INFO  server.RaftServerConfigKeys (ConfUtils.java:logGet(43)) - raft.server.watch.timeout.denomination = 1s (default)
2019-10-04 13:46:27,244 [34bb4e64-1059-4030-8a56-fd9416faa756@group-A38712A5A57E-LeaderElection145] INFO  server.RaftServerConfigKeys (ConfUtils.java:logGet(43)) - raft.server.watch.element-limit = 65536 (default)
2019-10-04 13:46:27,243 [abf7bc81-30d5-42c0-a0af-45d0cecf5915@group-9712D27F1C42-LeaderElection142] INFO  server.RaftServerConfigKeys (ConfUtils.java:logGet(43)) - raft.server.watch.timeout = 10s (default)
2019-10-04 13:46:27,243 [1acd4a7f-a859-40e1-8534-5adb5341c727@group-A3A684E11D17-LeaderElection143] INFO  server.RaftServerConfigKeys (ConfUtils.java:logGet(43)) - raft.server.watch.timeout.denomination = 1s (default)
2019-10-04 13:46:27,243 [e7c9b6e5-8734-4888-9a82-5562d6bfa950@group-F494998017DE-LeaderElection144] INFO  server.RaftServerConfigKeys (ConfUtils.java:logGet(43)) - raft.server.watch.timeout.denomination = 1s (default)
2019-10-04 13:46:27,243 [4da2f670-0e5c-4bde-934c-3cd05d8a50a4@group-524DA528E1B4-LeaderElection140] INFO  server.RaftServerConfigKeys (ConfUtils.java:logGet(43)) - raft.server.rpc.sleep.time = 25ms (default)
2019-10-04 13:46:27,245 [e7c9b6e5-8734-4888-9a82-5562d6bfa950@group-F494998017DE-LeaderElection144] INFO  server.RaftServerConfigKeys (ConfUtils.java:logGet(43)) - raft.server.watch.element-limit = 65536 (default)
2019-10-04 13:46:27,245 [1acd4a7f-a859-40e1-8534-5adb5341c727@group-A3A684E11D17-LeaderElection143] INFO  server.RaftServerConfigKeys (ConfUtils.java:logGet(43)) - raft.server.watch.element-limit = 65536 (default)
2019-10-04 13:46:27,245 [34bb4e64-1059-4030-8a56-fd9416faa756@group-A38712A5A57E-LeaderElection145] INFO  impl.RoleInfo (RoleInfo.java:updateAndGet(143)) - 34bb4e64-1059-4030-8a56-fd9416faa756: start LeaderState
2019-10-04 13:46:27,245 [abf7bc81-30d5-42c0-a0af-45d0cecf5915@group-39017AAFEA81-LeaderElection139] INFO  impl.LeaderElection (LeaderElection.java:logAndReturn(56)) - abf7bc81-30d5-42c0-a0af-45d0cecf5915@group-39017AAFEA81-LeaderElection139: Election REJECTED; received 2 response(s) [abf7bc81-30d5-42c0-a0af-45d0cecf5915<-4da2f670-0e5c-4bde-934c-3cd05d8a50a4#0:FAIL-t1, abf7bc81-30d5-42c0-a0af-45d0cecf5915<-a9f2dbb7-43c3-4367-8346-947b48bd4d79#0:FAIL-t1] and 0 exception(s); abf7bc81-30d5-42c0-a0af-45d0cecf5915@group-39017AAFEA81:t1, leader=null, voted=abf7bc81-30d5-42c0-a0af-45d0cecf5915, raftlog=abf7bc81-30d5-42c0-a0af-45d0cecf5915@group-39017AAFEA81-SegmentedRaftLog:OPENED:c-1,f-1,i0, conf=-1: [4da2f670-0e5c-4bde-934c-3cd05d8a50a4:192.168.30.33:45990, a9f2dbb7-43c3-4367-8346-947b48bd4d79:192.168.30.33:34618, abf7bc81-30d5-42c0-a0af-45d0cecf5915:192.168.30.33:35055], old=null
2019-10-04 13:46:27,246 [34bb4e64-1059-4030-8a56-fd9416faa756@group-A38712A5A57E-LeaderElection145] INFO  segmented.SegmentedRaftLogWorker (SegmentedRaftLogWorker.java:startLogSegment(385)) - 34bb4e64-1059-4030-8a56-fd9416faa756@group-A38712A5A57E-SegmentedRaftLogWorker: Starting segment from index:0
2019-10-04 13:46:27,245 [abf7bc81-30d5-42c0-a0af-45d0cecf5915@group-9712D27F1C42-LeaderElection142] INFO  server.RaftServerConfigKeys (ConfUtils.java:logGet(43)) - raft.server.watch.timeout.denomination = 1s (default)
2019-10-04 13:46:27,246 [4da2f670-0e5c-4bde-934c-3cd05d8a50a4@group-39017AAFEA81-LeaderElection141] INFO  impl.LeaderElection (LeaderElection.java:logAndReturn(56)) - 4da2f670-0e5c-4bde-934c-3cd05d8a50a4@group-39017AAFEA81-LeaderElection141: Election REJECTED; received 2 response(s) [4da2f670-0e5c-4bde-934c-3cd05d8a50a4<-a9f2dbb7-43c3-4367-8346-947b48bd4d79#0:FAIL-t1, 4da2f670-0e5c-4bde-934c-3cd05d8a50a4<-abf7bc81-30d5-42c0-a0af-45d0cecf5915#0:FAIL-t1] and 0 exception(s); 4da2f670-0e5c-4bde-934c-3cd05d8a50a4@group-39017AAFEA81:t1, leader=null, voted=4da2f670-0e5c-4bde-934c-3cd05d8a50a4, raftlog=4da2f670-0e5c-4bde-934c-3cd05d8a50a4@group-39017AAFEA81-SegmentedRaftLog:OPENED:c-1,f-1,i0, conf=-1: [4da2f670-0e5c-4bde-934c-3cd05d8a50a4:192.168.30.33:45990, a9f2dbb7-43c3-4367-8346-947b48bd4d79:192.168.30.33:34618, abf7bc81-30d5-42c0-a0af-45d0cecf5915:192.168.30.33:35055], old=null
2019-10-04 13:46:27,246 [a9f2dbb7-43c3-4367-8346-947b48bd4d79@group-39017AAFEA81-LeaderElection138] INFO  impl.LeaderElection (LeaderElection.java:logAndReturn(56)) - a9f2dbb7-43c3-4367-8346-947b48bd4d79@group-39017AAFEA81-LeaderElection138: Election REJECTED; received 2 response(s) [a9f2dbb7-43c3-4367-8346-947b48bd4d79<-4da2f670-0e5c-4bde-934c-3cd05d8a50a4#0:FAIL-t1, a9f2dbb7-43c3-4367-8346-947b48bd4d79<-abf7bc81-30d5-42c0-a0af-45d0cecf5915#0:FAIL-t1] and 0 exception(s); a9f2dbb7-43c3-4367-8346-947b48bd4d79@group-39017AAFEA81:t1, leader=null, voted=a9f2dbb7-43c3-4367-8346-947b48bd4d79, raftlog=a9f2dbb7-43c3-4367-8346-947b48bd4d79@group-39017AAFEA81-SegmentedRaftLog:OPENED:c-1,f-1,i0, conf=-1: [4da2f670-0e5c-4bde-934c-3cd05d8a50a4:192.168.30.33:45990, a9f2dbb7-43c3-4367-8346-947b48bd4d79:192.168.30.33:34618, abf7bc81-30d5-42c0-a0af-45d0cecf5915:192.168.30.33:35055], old=null
2019-10-04 13:46:27,246 [abf7bc81-30d5-42c0-a0af-45d0cecf5915@group-39017AAFEA81-LeaderElection139] INFO  impl.RaftServerImpl (RaftServerImpl.java:setRole(170)) - abf7bc81-30d5-42c0-a0af-45d0cecf5915@group-39017AAFEA81: changes role from CANDIDATE to FOLLOWER at term 1 for DISCOVERED_A_NEW_TERM
2019-10-04 13:46:27,245 [4da2f670-0e5c-4bde-934c-3cd05d8a50a4@group-524DA528E1B4-LeaderElection140] INFO  server.RaftServerConfigKeys (ConfUtils.java:logGet(43)) - raft.server.write.element-limit = 4096 (default)
2019-10-04 13:46:27,247 [abf7bc81-30d5-42c0-a0af-45d0cecf5915@group-39017AAFEA81-LeaderElection139] INFO  impl.RoleInfo (RoleInfo.java:shutdownLeaderElection(134)) - abf7bc81-30d5-42c0-a0af-45d0cecf5915: shutdown LeaderElection
2019-10-04 13:46:27,246 [a9f2dbb7-43c3-4367-8346-947b48bd4d79@group-39017AAFEA81-LeaderElection138] INFO  impl.RaftServerImpl (RaftServerImpl.java:setRole(170)) - a9f2dbb7-43c3-4367-8346-947b48bd4d79@group-39017AAFEA81: changes role from CANDIDATE to FOLLOWER at term 1 for DISCOVERED_A_NEW_TERM
2019-10-04 13:46:27,246 [34bb4e64-1059-4030-8a56-fd9416faa756@group-A38712A5A57E-LeaderElection145] INFO  impl.RaftServerImpl (ServerState.java:setRaftConf(356)) - 34bb4e64-1059-4030-8a56-fd9416faa756@group-A38712A5A57E: set configuration 0: [34bb4e64-1059-4030-8a56-fd9416faa756:192.168.30.33:39854], old=null at 0
2019-10-04 13:46:27,246 [4da2f670-0e5c-4bde-934c-3cd05d8a50a4@group-39017AAFEA81-LeaderElection141] INFO  impl.RaftServerImpl (RaftServerImpl.java:setRole(170)) - 4da2f670-0e5c-4bde-934c-3cd05d8a50a4@group-39017AAFEA81: changes role from CANDIDATE to FOLLOWER at term 1 for DISCOVERED_A_NEW_TERM
2019-10-04 13:46:27,246 [abf7bc81-30d5-42c0-a0af-45d0cecf5915@group-9712D27F1C42-LeaderElection142] INFO  server.RaftServerConfigKeys (ConfUtils.java:logGet(43)) - raft.server.watch.element-limit = 65536 (default)
2019-10-04 13:46:27,247 [4da2f670-0e5c-4bde-934c-3cd05d8a50a4@group-39017AAFEA81-LeaderElection141] INFO  impl.RoleInfo (RoleInfo.java:shutdownLeaderElection(134)) - 4da2f670-0e5c-4bde-934c-3cd05d8a50a4: shutdown LeaderElection
2019-10-04 13:46:27,247 [a9f2dbb7-43c3-4367-8346-947b48bd4d79@group-39017AAFEA81-LeaderElection138] INFO  impl.RoleInfo (RoleInfo.java:shutdownLeaderElection(134)) - a9f2dbb7-43c3-4367-8346-947b48bd4d79: shutdown LeaderElection
2019-10-04 13:46:27,247 [abf7bc81-30d5-42c0-a0af-45d0cecf5915@group-39017AAFEA81-LeaderElection139] INFO  impl.RoleInfo (RoleInfo.java:updateAndGet(143)) - abf7bc81-30d5-42c0-a0af-45d0cecf5915: start FollowerState
2019-10-04 13:46:27,247 [4da2f670-0e5c-4bde-934c-3cd05d8a50a4@group-524DA528E1B4-LeaderElection140] INFO  server.RaftServerConfigKeys (ConfUtils.java:logGet(43)) - raft.server.watch.timeout = 10s (default)
2019-10-04 13:46:27,248 [a9f2dbb7-43c3-4367-8346-947b48bd4d79@group-39017AAFEA81-LeaderElection138] INFO  impl.RoleInfo (RoleInfo.java:updateAndGet(143)) - a9f2dbb7-43c3-4367-8346-947b48bd4d79: start FollowerState
2019-10-04 13:46:27,247 [4da2f670-0e5c-4bde-934c-3cd05d8a50a4@group-39017AAFEA81-LeaderElection141] INFO  impl.RoleInfo (RoleInfo.java:updateAndGet(143)) - 4da2f670-0e5c-4bde-934c-3cd05d8a50a4: start FollowerState
2019-10-04 13:46:27,248 [4da2f670-0e5c-4bde-934c-3cd05d8a50a4@group-524DA528E1B4-LeaderElection140] INFO  server.RaftServerConfigKeys (ConfUtils.java:logGet(43)) - raft.server.watch.timeout.denomination = 1s (default)
2019-10-04 13:46:27,248 [4da2f670-0e5c-4bde-934c-3cd05d8a50a4@group-524DA528E1B4-LeaderElection140] INFO  server.RaftServerConfigKeys (ConfUtils.java:logGet(43)) - raft.server.watch.element-limit = 65536 (default)
2019-10-04 13:46:27,249 [e7c9b6e5-8734-4888-9a82-5562d6bfa950@group-F494998017DE-LeaderElection144] INFO  impl.RoleInfo (RoleInfo.java:updateAndGet(143)) - e7c9b6e5-8734-4888-9a82-5562d6bfa950: start LeaderState
2019-10-04 13:46:27,250 [1acd4a7f-a859-40e1-8534-5adb5341c727@group-A3A684E11D17-LeaderElection143] INFO  impl.RoleInfo (RoleInfo.java:updateAndGet(143)) - 1acd4a7f-a859-40e1-8534-5adb5341c727: start LeaderState
2019-10-04 13:46:27,250 [e7c9b6e5-8734-4888-9a82-5562d6bfa950@group-F494998017DE-LeaderElection144] INFO  segmented.SegmentedRaftLogWorker (SegmentedRaftLogWorker.java:startLogSegment(385)) - e7c9b6e5-8734-4888-9a82-5562d6bfa950@group-F494998017DE-SegmentedRaftLogWorker: Starting segment from index:0
2019-10-04 13:46:27,250 [1acd4a7f-a859-40e1-8534-5adb5341c727@group-A3A684E11D17-LeaderElection143] INFO  segmented.SegmentedRaftLogWorker (SegmentedRaftLogWorker.java:startLogSegment(385)) - 1acd4a7f-a859-40e1-8534-5adb5341c727@group-A3A684E11D17-SegmentedRaftLogWorker: Starting segment from index:0
2019-10-04 13:46:27,250 [e7c9b6e5-8734-4888-9a82-5562d6bfa950@group-F494998017DE-LeaderElection144] INFO  impl.RaftServerImpl (ServerState.java:setRaftConf(356)) - e7c9b6e5-8734-4888-9a82-5562d6bfa950@group-F494998017DE: set configuration 0: [e7c9b6e5-8734-4888-9a82-5562d6bfa950:192.168.30.33:44869], old=null at 0
2019-10-04 13:46:27,250 [1acd4a7f-a859-40e1-8534-5adb5341c727@group-A3A684E11D17-LeaderElection143] INFO  impl.RaftServerImpl (ServerState.java:setRaftConf(356)) - 1acd4a7f-a859-40e1-8534-5adb5341c727@group-A3A684E11D17: set configuration 0: [1acd4a7f-a859-40e1-8534-5adb5341c727:192.168.30.33:43799], old=null at 0
2019-10-04 13:46:27,251 [abf7bc81-30d5-42c0-a0af-45d0cecf5915@group-9712D27F1C42-LeaderElection142] INFO  impl.RoleInfo (RoleInfo.java:updateAndGet(143)) - abf7bc81-30d5-42c0-a0af-45d0cecf5915: start LeaderState
2019-10-04 13:46:27,251 [4da2f670-0e5c-4bde-934c-3cd05d8a50a4@group-524DA528E1B4-LeaderElection140] INFO  impl.RoleInfo (RoleInfo.java:updateAndGet(143)) - 4da2f670-0e5c-4bde-934c-3cd05d8a50a4: start LeaderState
2019-10-04 13:46:27,251 [abf7bc81-30d5-42c0-a0af-45d0cecf5915@group-9712D27F1C42-LeaderElection142] INFO  segmented.SegmentedRaftLogWorker (SegmentedRaftLogWorker.java:startLogSegment(385)) - abf7bc81-30d5-42c0-a0af-45d0cecf5915@group-9712D27F1C42-SegmentedRaftLogWorker: Starting segment from index:0
2019-10-04 13:46:27,251 [4da2f670-0e5c-4bde-934c-3cd05d8a50a4@group-524DA528E1B4-LeaderElection140] INFO  segmented.SegmentedRaftLogWorker (SegmentedRaftLogWorker.java:startLogSegment(385)) - 4da2f670-0e5c-4bde-934c-3cd05d8a50a4@group-524DA528E1B4-SegmentedRaftLogWorker: Starting segment from index:0
2019-10-04 13:46:27,252 [abf7bc81-30d5-42c0-a0af-45d0cecf5915@group-9712D27F1C42-LeaderElection142] INFO  impl.RaftServerImpl (ServerState.java:setRaftConf(356)) - abf7bc81-30d5-42c0-a0af-45d0cecf5915@group-9712D27F1C42: set configuration 0: [abf7bc81-30d5-42c0-a0af-45d0cecf5915:192.168.30.33:35055], old=null at 0
2019-10-04 13:46:27,252 [4da2f670-0e5c-4bde-934c-3cd05d8a50a4@group-524DA528E1B4-LeaderElection140] INFO  impl.RaftServerImpl (ServerState.java:setRaftConf(356)) - 4da2f670-0e5c-4bde-934c-3cd05d8a50a4@group-524DA528E1B4: set configuration 0: [4da2f670-0e5c-4bde-934c-3cd05d8a50a4:192.168.30.33:45990], old=null at 0
2019-10-04 13:46:27,427 [Thread-3418] INFO  container.ReplicationManager (ReplicationManager.java:start(162)) - Starting Replication Monitor Thread.
2019-10-04 13:46:27,431 [ReplicationMonitor] INFO  container.ReplicationManager (ReplicationManager.java:run(225)) - Replication Monitor Thread took 0 milliseconds for processing 0 containers.
2019-10-04 13:46:27,637 [a9f2dbb7-43c3-4367-8346-947b48bd4d79@group-29C3E7C0D313-SegmentedRaftLogWorker] INFO  segmented.SegmentedRaftLogWorker (SegmentedRaftLogWorker.java:execute(574)) - a9f2dbb7-43c3-4367-8346-947b48bd4d79@group-29C3E7C0D313-SegmentedRaftLogWorker: created new log segment /workdir/hadoop-ozone/integration-test/target/test-dir/MiniOzoneClusterImpl-7f8d01bd-209a-4bb2-b348-2961670ba14e/datanode-0/data/ratis/f4c33182-99d3-40a1-b73d-29c3e7c0d313/current/log_inprogress_0
2019-10-04 13:46:27,639 [7e1c9ca0-e47b-440d-aa87-5a285336291c@group-B2722440210D-LeaderElection146] INFO  impl.LeaderElection (LeaderElection.java:askForVotes(178)) - 7e1c9ca0-e47b-440d-aa87-5a285336291c@group-B2722440210D-LeaderElection146: begin an election at term 1 for -1: [7e1c9ca0-e47b-440d-aa87-5a285336291c:192.168.30.33:44642], old=null
2019-10-04 13:46:27,639 [7e1c9ca0-e47b-440d-aa87-5a285336291c@group-B2722440210D-LeaderElection146] INFO  impl.RoleInfo (RoleInfo.java:shutdownLeaderElection(134)) - 7e1c9ca0-e47b-440d-aa87-5a285336291c: shutdown LeaderElection
2019-10-04 13:46:27,639 [7e1c9ca0-e47b-440d-aa87-5a285336291c@group-B2722440210D-LeaderElection146] INFO  impl.RaftServerImpl (RaftServerImpl.java:setRole(170)) - 7e1c9ca0-e47b-440d-aa87-5a285336291c@group-B2722440210D: changes role from CANDIDATE to LEADER at term 1 for changeToLeader
2019-10-04 13:46:27,639 [7e1c9ca0-e47b-440d-aa87-5a285336291c@group-B2722440210D-LeaderElection146] INFO  impl.RaftServerImpl (ServerState.java:setLeader(255)) - 7e1c9ca0-e47b-440d-aa87-5a285336291c@group-B2722440210D: change Leader from null to 7e1c9ca0-e47b-440d-aa87-5a285336291c at term 1 for becomeLeader, leader elected after 1992ms
2019-10-04 13:46:27,639 [7e1c9ca0-e47b-440d-aa87-5a285336291c@group-B2722440210D-LeaderElection146] INFO  server.RaftServerConfigKeys (ConfUtils.java:logGet(43)) - raft.server.staging.catchup.gap = 1000 (default)
2019-10-04 13:46:27,639 [7e1c9ca0-e47b-440d-aa87-5a285336291c@group-B2722440210D-LeaderElection146] INFO  server.RaftServerConfigKeys (ConfUtils.java:logGet(43)) - raft.server.rpc.sleep.time = 25ms (default)
2019-10-04 13:46:27,639 [7e1c9ca0-e47b-440d-aa87-5a285336291c@group-B2722440210D-LeaderElection146] INFO  server.RaftServerConfigKeys (ConfUtils.java:logGet(43)) - raft.server.write.element-limit = 4096 (default)
2019-10-04 13:46:27,640 [7e1c9ca0-e47b-440d-aa87-5a285336291c@group-B2722440210D-LeaderElection146] INFO  server.RaftServerConfigKeys (ConfUtils.java:logGet(43)) - raft.server.watch.timeout = 10s (default)
2019-10-04 13:46:27,640 [7e1c9ca0-e47b-440d-aa87-5a285336291c@group-B2722440210D-LeaderElection146] INFO  server.RaftServerConfigKeys (ConfUtils.java:logGet(43)) - raft.server.watch.timeout.denomination = 1s (default)
2019-10-04 13:46:27,640 [7e1c9ca0-e47b-440d-aa87-5a285336291c@group-B2722440210D-LeaderElection146] INFO  server.RaftServerConfigKeys (ConfUtils.java:logGet(43)) - raft.server.watch.element-limit = 65536 (default)
2019-10-04 13:46:27,642 [7e1c9ca0-e47b-440d-aa87-5a285336291c@group-B2722440210D-LeaderElection146] INFO  impl.RoleInfo (RoleInfo.java:updateAndGet(143)) - 7e1c9ca0-e47b-440d-aa87-5a285336291c: start LeaderState
2019-10-04 13:46:27,642 [7e1c9ca0-e47b-440d-aa87-5a285336291c@group-B2722440210D-LeaderElection146] INFO  segmented.SegmentedRaftLogWorker (SegmentedRaftLogWorker.java:startLogSegment(385)) - 7e1c9ca0-e47b-440d-aa87-5a285336291c@group-B2722440210D-SegmentedRaftLogWorker: Starting segment from index:0
2019-10-04 13:46:27,642 [7e1c9ca0-e47b-440d-aa87-5a285336291c@group-B2722440210D-LeaderElection146] INFO  impl.RaftServerImpl (ServerState.java:setRaftConf(356)) - 7e1c9ca0-e47b-440d-aa87-5a285336291c@group-B2722440210D: set configuration 0: [7e1c9ca0-e47b-440d-aa87-5a285336291c:192.168.30.33:44642], old=null at 0
2019-10-04 13:46:28,113 [1acd4a7f-a859-40e1-8534-5adb5341c727@group-A3A684E11D17-SegmentedRaftLogWorker] INFO  segmented.SegmentedRaftLogWorker (SegmentedRaftLogWorker.java:execute(574)) - 1acd4a7f-a859-40e1-8534-5adb5341c727@group-A3A684E11D17-SegmentedRaftLogWorker: created new log segment /workdir/hadoop-ozone/integration-test/target/test-dir/MiniOzoneClusterImpl-7f8d01bd-209a-4bb2-b348-2961670ba14e/datanode-4/data/ratis/f587e8fc-0af9-46c5-b1bd-a3a684e11d17/current/log_inprogress_0
2019-10-04 13:46:28,113 [pool-589-thread-1] INFO  storage.RaftStorage (RaftStorage.java:format(84)) - Storage directory /workdir/hadoop-ozone/integration-test/target/test-dir/MiniOzoneClusterImpl-7f8d01bd-209a-4bb2-b348-2961670ba14e/datanode-8/data/ratis/32db6342-7031-4f34-bec4-bbc91c2f1f75 has been successfully formatted.
2019-10-04 13:46:28,113 [34bb4e64-1059-4030-8a56-fd9416faa756@group-A38712A5A57E-SegmentedRaftLogWorker] INFO  segmented.SegmentedRaftLogWorker (SegmentedRaftLogWorker.java:execute(574)) - 34bb4e64-1059-4030-8a56-fd9416faa756@group-A38712A5A57E-SegmentedRaftLogWorker: created new log segment /workdir/hadoop-ozone/integration-test/target/test-dir/MiniOzoneClusterImpl-7f8d01bd-209a-4bb2-b348-2961670ba14e/datanode-5/data/ratis/55733e7d-a289-443c-96e1-a38712a5a57e/current/log_inprogress_0
2019-10-04 13:46:28,113 [e7c9b6e5-8734-4888-9a82-5562d6bfa950@group-F494998017DE-SegmentedRaftLogWorker] INFO  segmented.SegmentedRaftLogWorker (SegmentedRaftLogWorker.java:execute(574)) - e7c9b6e5-8734-4888-9a82-5562d6bfa950@group-F494998017DE-SegmentedRaftLogWorker: created new log segment /workdir/hadoop-ozone/integration-test/target/test-dir/MiniOzoneClusterImpl-7f8d01bd-209a-4bb2-b348-2961670ba14e/datanode-3/data/ratis/f12a5757-343a-4754-8423-f494998017de/current/log_inprogress_0
2019-10-04 13:46:28,113 [abf7bc81-30d5-42c0-a0af-45d0cecf5915@group-9712D27F1C42-SegmentedRaftLogWorker] INFO  segmented.SegmentedRaftLogWorker (SegmentedRaftLogWorker.java:execute(574)) - abf7bc81-30d5-42c0-a0af-45d0cecf5915@group-9712D27F1C42-SegmentedRaftLogWorker: created new log segment /workdir/hadoop-ozone/integration-test/target/test-dir/MiniOzoneClusterImpl-7f8d01bd-209a-4bb2-b348-2961670ba14e/datanode-2/data/ratis/65e7c169-2104-4724-afbe-9712d27f1c42/current/log_inprogress_0
2019-10-04 13:46:28,113 [4da2f670-0e5c-4bde-934c-3cd05d8a50a4@group-524DA528E1B4-SegmentedRaftLogWorker] INFO  segmented.SegmentedRaftLogWorker (SegmentedRaftLogWorker.java:execute(574)) - 4da2f670-0e5c-4bde-934c-3cd05d8a50a4@group-524DA528E1B4-SegmentedRaftLogWorker: created new log segment /workdir/hadoop-ozone/integration-test/target/test-dir/MiniOzoneClusterImpl-7f8d01bd-209a-4bb2-b348-2961670ba14e/datanode-1/data/ratis/683e95d9-5f3e-451c-b6ab-524da528e1b4/current/log_inprogress_0
2019-10-04 13:46:28,114 [pool-589-thread-1] INFO  ratis.ContainerStateMachine (ContainerStateMachine.java:loadSnapshot(230)) - group-BBC91C2F1F75: The snapshot info is null. Setting the last applied indexto:(t:0, i:~)
2019-10-04 13:46:28,114 [pool-589-thread-1] INFO  server.RaftServerConfigKeys (ConfUtils.java:logGet(43)) - raft.server.notification.no-leader.timeout = 120s (custom)
2019-10-04 13:46:28,114 [pool-589-thread-1] INFO  server.RaftServerConfigKeys (ConfUtils.java:logGet(43)) - raft.server.log.use.memory = false (default)
2019-10-04 13:46:28,115 [pool-589-thread-1] INFO  server.RaftServerConfigKeys (ConfUtils.java:logGet(43)) - raft.server.log.purge.gap = 1000000 (custom)
2019-10-04 13:46:28,115 [pool-589-thread-1] INFO  server.RaftServerConfigKeys (ConfUtils.java:logGet(43)) - raft.server.log.appender.buffer.byte-limit = 33554432 (custom)
2019-10-04 13:46:28,115 [pool-589-thread-1] INFO  server.RaftServerConfigKeys (ConfUtils.java:logGet(43)) - raft.server.log.segment.size.max = 1048576 (custom)
2019-10-04 13:46:28,116 [pool-589-thread-1] INFO  server.RaftServerConfigKeys (ConfUtils.java:logGet(43)) - raft.server.log.segment.cache.num.max = 2 (custom)
2019-10-04 13:46:28,116 [pool-589-thread-1] INFO  segmented.SegmentedRaftLogWorker (SegmentedRaftLogWorker.java:<init>(173)) - new 870a27db-da30-4d61-a408-9d113e1c9716@group-BBC91C2F1F75-SegmentedRaftLogWorker for RaftStorage:Storage Directory /workdir/hadoop-ozone/integration-test/target/test-dir/MiniOzoneClusterImpl-7f8d01bd-209a-4bb2-b348-2961670ba14e/datanode-8/data/ratis/32db6342-7031-4f34-bec4-bbc91c2f1f75
2019-10-04 13:46:28,116 [pool-589-thread-1] INFO  server.RaftServerConfigKeys (ConfUtils.java:logGet(43)) - raft.server.log.queue.byte-limit = 2147483647 (custom)
2019-10-04 13:46:28,116 [pool-589-thread-1] INFO  server.RaftServerConfigKeys (ConfUtils.java:logGet(43)) - raft.server.log.queue.element-limit = 1024 (custom)
2019-10-04 13:46:28,116 [pool-589-thread-1] INFO  server.RaftServerConfigKeys (ConfUtils.java:logGet(43)) - raft.server.log.segment.size.max = 1048576 (custom)
2019-10-04 13:46:28,116 [pool-589-thread-1] INFO  server.RaftServerConfigKeys (ConfUtils.java:logGet(43)) - raft.server.log.preallocated.size = 16384 (custom)
2019-10-04 13:46:28,116 [pool-589-thread-1] INFO  server.RaftServerConfigKeys (ConfUtils.java:logGet(43)) - raft.server.log.write.buffer.size = 33554432 (custom)
2019-10-04 13:46:28,116 [pool-589-thread-1] INFO  server.RaftServerConfigKeys (ConfUtils.java:logGet(43)) - raft.server.log.force.sync.num = 128 (default)
2019-10-04 13:46:28,117 [pool-589-thread-1] INFO  server.RaftServerConfigKeys (ConfUtils.java:logGet(43)) - raft.server.log.statemachine.data.sync = true (default)
2019-10-04 13:46:28,117 [pool-589-thread-1] INFO  server.RaftServerConfigKeys (ConfUtils.java:logGet(43)) - raft.server.log.statemachine.data.sync.timeout = 10s (default)
2019-10-04 13:46:28,117 [pool-589-thread-1] INFO  server.RaftServerConfigKeys (ConfUtils.java:logGet(43)) - raft.server.log.statemachine.data.sync.timeout.retry = -1 (default)
2019-10-04 13:46:28,117 [pool-589-thread-1] INFO  server.RaftServerConfigKeys (ConfUtils.java:logGet(43)) - raft.server.log.statemachine.data.caching.enabled = true (custom)
2019-10-04 13:46:28,117 [pool-589-thread-1] INFO  segmented.SegmentedRaftLogWorker (SegmentedRaftLogWorker.java:lambda$new$0(128)) - 870a27db-da30-4d61-a408-9d113e1c9716@group-BBC91C2F1F75-SegmentedRaftLogWorker: flushIndex: setUnconditionally 0 -> -1
2019-10-04 13:46:28,117 [pool-589-thread-1] INFO  server.RaftServerConfigKeys (ConfUtils.java:logGet(43)) - raft.server.snapshot.auto.trigger.enabled = true (custom)
2019-10-04 13:46:28,117 [pool-589-thread-1] INFO  server.RaftServerConfigKeys (ConfUtils.java:logGet(43)) - raft.server.snapshot.auto.trigger.threshold = 10000 (custom)
2019-10-04 13:46:28,118 [pool-589-thread-1] INFO  server.RaftServerConfigKeys (ConfUtils.java:logGet(43)) - raft.server.snapshot.retention.file.num = 5 (custom)
2019-10-04 13:46:28,118 [pool-589-thread-1] INFO  server.RaftServerConfigKeys (ConfUtils.java:logGet(43)) - raft.server.retrycache.expirytime = 600000ms (custom)
2019-10-04 13:46:28,119 [pool-589-thread-1] INFO  impl.RaftServerImpl (RaftServerImpl.java:start(181)) - 870a27db-da30-4d61-a408-9d113e1c9716@group-BBC91C2F1F75: start as a follower, conf=-1: [870a27db-da30-4d61-a408-9d113e1c9716:192.168.30.33:42515], old=null
2019-10-04 13:46:28,119 [pool-589-thread-1] INFO  impl.RaftServerImpl (RaftServerImpl.java:setRole(170)) - 870a27db-da30-4d61-a408-9d113e1c9716@group-BBC91C2F1F75: changes role from      null to FOLLOWER at term 0 for startAsFollower
2019-10-04 13:46:28,119 [pool-589-thread-1] INFO  impl.RoleInfo (RoleInfo.java:updateAndGet(143)) - 870a27db-da30-4d61-a408-9d113e1c9716: start FollowerState
2019-10-04 13:46:28,119 [pool-589-thread-1] INFO  util.JmxRegister (JmxRegister.java:tryRegister(44)) - Successfully registered JMX Bean with object name Ratis:service=RaftServer,group=group-BBC91C2F1F75,id=870a27db-da30-4d61-a408-9d113e1c9716
2019-10-04 13:46:28,122 [RatisPipelineUtilsThread] INFO  pipeline.PipelineStateManager (PipelineStateManager.java:addPipeline(56)) - Created pipeline Pipeline[ Id: 32db6342-7031-4f34-bec4-bbc91c2f1f75, Nodes: 870a27db-da30-4d61-a408-9d113e1c9716{ip: 192.168.30.33, host: pr-hdds-2233-hr7xq-248966361, networkLocation: /rack1, certSerialId: null}, Type:RATIS, Factor:ONE, State:OPEN]
2019-10-04 13:46:28,129 [grpc-default-executor-9] INFO  impl.RaftServerProxy (RaftServerProxy.java:addNew(89)) - d30cfae4-72b5-4ec1-a6ad-4fabcec0d6f2: addNew group-89A4CAE78966:[d30cfae4-72b5-4ec1-a6ad-4fabcec0d6f2:192.168.30.33:40495] returns group-89A4CAE78966:java.util.concurrent.CompletableFuture@78edbbeb[Not completed]
2019-10-04 13:46:28,129 [pool-599-thread-1] INFO  impl.RaftServerImpl (RaftServerImpl.java:<init>(95)) - d30cfae4-72b5-4ec1-a6ad-4fabcec0d6f2: new RaftServerImpl for group-89A4CAE78966:[d30cfae4-72b5-4ec1-a6ad-4fabcec0d6f2:192.168.30.33:40495] with ContainerStateMachine:uninitialized
2019-10-04 13:46:28,130 [pool-599-thread-1] INFO  server.RaftServerConfigKeys (ConfUtils.java:logGet(43)) - raft.server.rpc.timeout.min = 1s (custom)
2019-10-04 13:46:28,130 [pool-599-thread-1] INFO  server.RaftServerConfigKeys (ConfUtils.java:logGet(43)) - raft.server.rpc.timeout.max = 1200ms (custom)
2019-10-04 13:46:28,130 [pool-599-thread-1] INFO  server.RaftServerConfigKeys (ConfUtils.java:logGet(43)) - raft.server.rpcslowness.timeout = 120s (custom)
2019-10-04 13:46:28,130 [pool-599-thread-1] INFO  server.RaftServerConfigKeys (ConfUtils.java:logGet(43)) - raft.server.sleep.deviation.threshold = 300 (default)
2019-10-04 13:46:28,130 [pool-599-thread-1] INFO  server.RaftServerConfigKeys (ConfUtils.java:logGet(43)) - raft.server.log.appender.install.snapshot.enabled = false (custom)
2019-10-04 13:46:28,130 [pool-599-thread-1] INFO  impl.RaftServerImpl (ServerState.java:<init>(103)) - d30cfae4-72b5-4ec1-a6ad-4fabcec0d6f2@group-89A4CAE78966: ConfigurationManager, init=-1: [d30cfae4-72b5-4ec1-a6ad-4fabcec0d6f2:192.168.30.33:40495], old=null, confs=<EMPTY_MAP>
2019-10-04 13:46:28,130 [pool-599-thread-1] INFO  server.RaftServerConfigKeys (ConfUtils.java:logGet(43)) - raft.server.storage.dir = [/workdir/hadoop-ozone/integration-test/target/test-dir/MiniOzoneClusterImpl-7f8d01bd-209a-4bb2-b348-2961670ba14e/datanode-9/data/ratis] (custom)
2019-10-04 13:46:28,130 [pool-599-thread-1] INFO  server.RaftServerConfigKeys (ConfUtils.java:logGet(43)) - raft.server.log.corruption.policy = EXCEPTION (default)
2019-10-04 13:46:28,130 [pool-599-thread-1] INFO  storage.RaftStorageDirectory (RaftStorageDirectory.java:analyzeStorage(246)) - The storage directory /workdir/hadoop-ozone/integration-test/target/test-dir/MiniOzoneClusterImpl-7f8d01bd-209a-4bb2-b348-2961670ba14e/datanode-9/data/ratis/02e8c60a-f2fa-4cf6-989d-89a4cae78966 does not exist. Creating ...
2019-10-04 13:46:28,271 [Thread-3474] INFO  impl.FollowerState (FollowerState.java:run(108)) - 4da2f670-0e5c-4bde-934c-3cd05d8a50a4@group-39017AAFEA81-FollowerState: change to CANDIDATE, lastRpcTime:1023ms, electionTimeout:1022ms
2019-10-04 13:46:28,271 [Thread-3474] INFO  impl.RoleInfo (RoleInfo.java:shutdownFollowerState(121)) - 4da2f670-0e5c-4bde-934c-3cd05d8a50a4: shutdown FollowerState
2019-10-04 13:46:28,271 [Thread-3474] INFO  impl.RaftServerImpl (RaftServerImpl.java:setRole(170)) - 4da2f670-0e5c-4bde-934c-3cd05d8a50a4@group-39017AAFEA81: changes role from  FOLLOWER to CANDIDATE at term 1 for changeToCandidate
2019-10-04 13:46:28,271 [Thread-3474] INFO  impl.RoleInfo (RoleInfo.java:updateAndGet(143)) - 4da2f670-0e5c-4bde-934c-3cd05d8a50a4: start LeaderElection
2019-10-04 13:46:28,294 [Thread-3473] INFO  impl.FollowerState (FollowerState.java:run(108)) - abf7bc81-30d5-42c0-a0af-45d0cecf5915@group-39017AAFEA81-FollowerState: change to CANDIDATE, lastRpcTime:1047ms, electionTimeout:1046ms
2019-10-04 13:46:28,294 [Thread-3473] INFO  impl.RoleInfo (RoleInfo.java:shutdownFollowerState(121)) - abf7bc81-30d5-42c0-a0af-45d0cecf5915: shutdown FollowerState
2019-10-04 13:46:28,294 [Thread-3473] INFO  impl.RaftServerImpl (RaftServerImpl.java:setRole(170)) - abf7bc81-30d5-42c0-a0af-45d0cecf5915@group-39017AAFEA81: changes role from  FOLLOWER to CANDIDATE at term 1 for changeToCandidate
2019-10-04 13:46:28,295 [Thread-3473] INFO  impl.RoleInfo (RoleInfo.java:updateAndGet(143)) - abf7bc81-30d5-42c0-a0af-45d0cecf5915: start LeaderElection
2019-10-04 13:46:28,342 [Thread-3475] INFO  impl.FollowerState (FollowerState.java:run(108)) - a9f2dbb7-43c3-4367-8346-947b48bd4d79@group-39017AAFEA81-FollowerState: change to CANDIDATE, lastRpcTime:1094ms, electionTimeout:1094ms
2019-10-04 13:46:28,343 [Thread-3475] INFO  impl.RoleInfo (RoleInfo.java:shutdownFollowerState(121)) - a9f2dbb7-43c3-4367-8346-947b48bd4d79: shutdown FollowerState
2019-10-04 13:46:28,343 [Thread-3475] INFO  impl.RaftServerImpl (RaftServerImpl.java:setRole(170)) - a9f2dbb7-43c3-4367-8346-947b48bd4d79@group-39017AAFEA81: changes role from  FOLLOWER to CANDIDATE at term 1 for changeToCandidate
2019-10-04 13:46:28,343 [Thread-3475] INFO  impl.RoleInfo (RoleInfo.java:updateAndGet(143)) - a9f2dbb7-43c3-4367-8346-947b48bd4d79: start LeaderElection
2019-10-04 13:46:28,443 [7e1c9ca0-e47b-440d-aa87-5a285336291c@group-B2722440210D-SegmentedRaftLogWorker] INFO  segmented.SegmentedRaftLogWorker (SegmentedRaftLogWorker.java:execute(574)) - 7e1c9ca0-e47b-440d-aa87-5a285336291c@group-B2722440210D-SegmentedRaftLogWorker: created new log segment /workdir/hadoop-ozone/integration-test/target/test-dir/MiniOzoneClusterImpl-7f8d01bd-209a-4bb2-b348-2961670ba14e/datanode-6/data/ratis/fdd4e6dd-a7d3-4b7c-821d-b2722440210d/current/log_inprogress_0
2019-10-04 13:46:28,896 [pool-599-thread-1] INFO  storage.RaftStorageDirectory (RaftStorageDirectory.java:tryLock(328)) - Lock on /workdir/hadoop-ozone/integration-test/target/test-dir/MiniOzoneClusterImpl-7f8d01bd-209a-4bb2-b348-2961670ba14e/datanode-9/data/ratis/02e8c60a-f2fa-4cf6-989d-89a4cae78966/in_use.lock acquired by nodename 10239@pr-hdds-2233-hr7xq-248966361
2019-10-04 13:46:28,896 [a9f2dbb7-43c3-4367-8346-947b48bd4d79@group-39017AAFEA81-LeaderElection149] INFO  impl.LeaderElection (LeaderElection.java:askForVotes(178)) - a9f2dbb7-43c3-4367-8346-947b48bd4d79@group-39017AAFEA81-LeaderElection149: begin an election at term 2 for -1: [4da2f670-0e5c-4bde-934c-3cd05d8a50a4:192.168.30.33:45990, a9f2dbb7-43c3-4367-8346-947b48bd4d79:192.168.30.33:34618, abf7bc81-30d5-42c0-a0af-45d0cecf5915:192.168.30.33:35055], old=null
2019-10-04 13:46:28,896 [abf7bc81-30d5-42c0-a0af-45d0cecf5915@group-39017AAFEA81-LeaderElection148] INFO  impl.LeaderElection (LeaderElection.java:askForVotes(178)) - abf7bc81-30d5-42c0-a0af-45d0cecf5915@group-39017AAFEA81-LeaderElection148: begin an election at term 2 for -1: [4da2f670-0e5c-4bde-934c-3cd05d8a50a4:192.168.30.33:45990, a9f2dbb7-43c3-4367-8346-947b48bd4d79:192.168.30.33:34618, abf7bc81-30d5-42c0-a0af-45d0cecf5915:192.168.30.33:35055], old=null
2019-10-04 13:46:28,896 [4da2f670-0e5c-4bde-934c-3cd05d8a50a4@group-39017AAFEA81-LeaderElection147] INFO  impl.LeaderElection (LeaderElection.java:askForVotes(178)) - 4da2f670-0e5c-4bde-934c-3cd05d8a50a4@group-39017AAFEA81-LeaderElection147: begin an election at term 2 for -1: [4da2f670-0e5c-4bde-934c-3cd05d8a50a4:192.168.30.33:45990, a9f2dbb7-43c3-4367-8346-947b48bd4d79:192.168.30.33:34618, abf7bc81-30d5-42c0-a0af-45d0cecf5915:192.168.30.33:35055], old=null
2019-10-04 13:46:28,900 [abf7bc81-30d5-42c0-a0af-45d0cecf5915@group-39017AAFEA81-LeaderElection148] INFO  impl.LeaderElection (LeaderElection.java:logAndReturn(56)) - abf7bc81-30d5-42c0-a0af-45d0cecf5915@group-39017AAFEA81-LeaderElection148: Election REJECTED; received 2 response(s) [abf7bc81-30d5-42c0-a0af-45d0cecf5915<-4da2f670-0e5c-4bde-934c-3cd05d8a50a4#0:FAIL-t2, abf7bc81-30d5-42c0-a0af-45d0cecf5915<-a9f2dbb7-43c3-4367-8346-947b48bd4d79#0:FAIL-t2] and 0 exception(s); abf7bc81-30d5-42c0-a0af-45d0cecf5915@group-39017AAFEA81:t2, leader=null, voted=abf7bc81-30d5-42c0-a0af-45d0cecf5915, raftlog=abf7bc81-30d5-42c0-a0af-45d0cecf5915@group-39017AAFEA81-SegmentedRaftLog:OPENED:c-1,f-1,i0, conf=-1: [4da2f670-0e5c-4bde-934c-3cd05d8a50a4:192.168.30.33:45990, a9f2dbb7-43c3-4367-8346-947b48bd4d79:192.168.30.33:34618, abf7bc81-30d5-42c0-a0af-45d0cecf5915:192.168.30.33:35055], old=null
2019-10-04 13:46:28,900 [a9f2dbb7-43c3-4367-8346-947b48bd4d79@group-39017AAFEA81-LeaderElection149] INFO  impl.LeaderElection (LeaderElection.java:logAndReturn(56)) - a9f2dbb7-43c3-4367-8346-947b48bd4d79@group-39017AAFEA81-LeaderElection149: Election REJECTED; received 2 response(s) [a9f2dbb7-43c3-4367-8346-947b48bd4d79<-4da2f670-0e5c-4bde-934c-3cd05d8a50a4#0:FAIL-t2, a9f2dbb7-43c3-4367-8346-947b48bd4d79<-abf7bc81-30d5-42c0-a0af-45d0cecf5915#0:FAIL-t2] and 0 exception(s); a9f2dbb7-43c3-4367-8346-947b48bd4d79@group-39017AAFEA81:t2, leader=null, voted=a9f2dbb7-43c3-4367-8346-947b48bd4d79, raftlog=a9f2dbb7-43c3-4367-8346-947b48bd4d79@group-39017AAFEA81-SegmentedRaftLog:OPENED:c-1,f-1,i0, conf=-1: [4da2f670-0e5c-4bde-934c-3cd05d8a50a4:192.168.30.33:45990, a9f2dbb7-43c3-4367-8346-947b48bd4d79:192.168.30.33:34618, abf7bc81-30d5-42c0-a0af-45d0cecf5915:192.168.30.33:35055], old=null
2019-10-04 13:46:28,900 [abf7bc81-30d5-42c0-a0af-45d0cecf5915@group-39017AAFEA81-LeaderElection148] INFO  impl.RaftServerImpl (RaftServerImpl.java:setRole(170)) - abf7bc81-30d5-42c0-a0af-45d0cecf5915@group-39017AAFEA81: changes role from CANDIDATE to FOLLOWER at term 2 for DISCOVERED_A_NEW_TERM
2019-10-04 13:46:28,900 [abf7bc81-30d5-42c0-a0af-45d0cecf5915@group-39017AAFEA81-LeaderElection148] INFO  impl.RoleInfo (RoleInfo.java:shutdownLeaderElection(134)) - abf7bc81-30d5-42c0-a0af-45d0cecf5915: shutdown LeaderElection
2019-10-04 13:46:28,900 [a9f2dbb7-43c3-4367-8346-947b48bd4d79@group-39017AAFEA81-LeaderElection149] INFO  impl.RaftServerImpl (RaftServerImpl.java:setRole(170)) - a9f2dbb7-43c3-4367-8346-947b48bd4d79@group-39017AAFEA81: changes role from CANDIDATE to FOLLOWER at term 2 for DISCOVERED_A_NEW_TERM
2019-10-04 13:46:28,900 [4da2f670-0e5c-4bde-934c-3cd05d8a50a4@group-39017AAFEA81-LeaderElection147] INFO  impl.LeaderElection (LeaderElection.java:logAndReturn(56)) - 4da2f670-0e5c-4bde-934c-3cd05d8a50a4@group-39017AAFEA81-LeaderElection147: Election REJECTED; received 2 response(s) [4da2f670-0e5c-4bde-934c-3cd05d8a50a4<-a9f2dbb7-43c3-4367-8346-947b48bd4d79#0:FAIL-t2, 4da2f670-0e5c-4bde-934c-3cd05d8a50a4<-abf7bc81-30d5-42c0-a0af-45d0cecf5915#0:FAIL-t2] and 0 exception(s); 4da2f670-0e5c-4bde-934c-3cd05d8a50a4@group-39017AAFEA81:t2, leader=null, voted=4da2f670-0e5c-4bde-934c-3cd05d8a50a4, raftlog=4da2f670-0e5c-4bde-934c-3cd05d8a50a4@group-39017AAFEA81-SegmentedRaftLog:OPENED:c-1,f-1,i0, conf=-1: [4da2f670-0e5c-4bde-934c-3cd05d8a50a4:192.168.30.33:45990, a9f2dbb7-43c3-4367-8346-947b48bd4d79:192.168.30.33:34618, abf7bc81-30d5-42c0-a0af-45d0cecf5915:192.168.30.33:35055], old=null
2019-10-04 13:46:28,900 [a9f2dbb7-43c3-4367-8346-947b48bd4d79@group-39017AAFEA81-LeaderElection149] INFO  impl.RoleInfo (RoleInfo.java:shutdownLeaderElection(134)) - a9f2dbb7-43c3-4367-8346-947b48bd4d79: shutdown LeaderElection
2019-10-04 13:46:28,900 [abf7bc81-30d5-42c0-a0af-45d0cecf5915@group-39017AAFEA81-LeaderElection148] INFO  impl.RoleInfo (RoleInfo.java:updateAndGet(143)) - abf7bc81-30d5-42c0-a0af-45d0cecf5915: start FollowerState
2019-10-04 13:46:28,901 [a9f2dbb7-43c3-4367-8346-947b48bd4d79@group-39017AAFEA81-LeaderElection149] INFO  impl.RoleInfo (RoleInfo.java:updateAndGet(143)) - a9f2dbb7-43c3-4367-8346-947b48bd4d79: start FollowerState
2019-10-04 13:46:28,901 [4da2f670-0e5c-4bde-934c-3cd05d8a50a4@group-39017AAFEA81-LeaderElection147] INFO  impl.RaftServerImpl (RaftServerImpl.java:setRole(170)) - 4da2f670-0e5c-4bde-934c-3cd05d8a50a4@group-39017AAFEA81: changes role from CANDIDATE to FOLLOWER at term 2 for DISCOVERED_A_NEW_TERM
2019-10-04 13:46:28,901 [4da2f670-0e5c-4bde-934c-3cd05d8a50a4@group-39017AAFEA81-LeaderElection147] INFO  impl.RoleInfo (RoleInfo.java:shutdownLeaderElection(134)) - 4da2f670-0e5c-4bde-934c-3cd05d8a50a4: shutdown LeaderElection
2019-10-04 13:46:28,901 [4da2f670-0e5c-4bde-934c-3cd05d8a50a4@group-39017AAFEA81-LeaderElection147] INFO  impl.RoleInfo (RoleInfo.java:updateAndGet(143)) - 4da2f670-0e5c-4bde-934c-3cd05d8a50a4: start FollowerState
2019-10-04 13:46:29,282 [Thread-3479] INFO  impl.FollowerState (FollowerState.java:run(108)) - 870a27db-da30-4d61-a408-9d113e1c9716@group-BBC91C2F1F75-FollowerState: change to CANDIDATE, lastRpcTime:1163ms, electionTimeout:1163ms
2019-10-04 13:46:29,282 [Thread-3479] INFO  impl.RoleInfo (RoleInfo.java:shutdownFollowerState(121)) - 870a27db-da30-4d61-a408-9d113e1c9716: shutdown FollowerState
2019-10-04 13:46:29,283 [Thread-3479] INFO  impl.RaftServerImpl (RaftServerImpl.java:setRole(170)) - 870a27db-da30-4d61-a408-9d113e1c9716@group-BBC91C2F1F75: changes role from  FOLLOWER to CANDIDATE at term 0 for changeToCandidate
2019-10-04 13:46:29,283 [Thread-3479] INFO  impl.RoleInfo (RoleInfo.java:updateAndGet(143)) - 870a27db-da30-4d61-a408-9d113e1c9716: start LeaderElection
2019-10-04 13:46:29,547 [pool-599-thread-1] INFO  storage.RaftStorage (RaftStorage.java:format(84)) - Storage directory /workdir/hadoop-ozone/integration-test/target/test-dir/MiniOzoneClusterImpl-7f8d01bd-209a-4bb2-b348-2961670ba14e/datanode-9/data/ratis/02e8c60a-f2fa-4cf6-989d-89a4cae78966 has been successfully formatted.
2019-10-04 13:46:29,548 [pool-599-thread-1] INFO  ratis.ContainerStateMachine (ContainerStateMachine.java:loadSnapshot(230)) - group-89A4CAE78966: The snapshot info is null. Setting the last applied indexto:(t:0, i:~)
2019-10-04 13:46:29,548 [pool-599-thread-1] INFO  server.RaftServerConfigKeys (ConfUtils.java:logGet(43)) - raft.server.notification.no-leader.timeout = 120s (custom)
2019-10-04 13:46:29,548 [pool-599-thread-1] INFO  server.RaftServerConfigKeys (ConfUtils.java:logGet(43)) - raft.server.log.use.memory = false (default)
2019-10-04 13:46:29,548 [pool-599-thread-1] INFO  server.RaftServerConfigKeys (ConfUtils.java:logGet(43)) - raft.server.log.purge.gap = 1000000 (custom)
2019-10-04 13:46:29,548 [pool-599-thread-1] INFO  server.RaftServerConfigKeys (ConfUtils.java:logGet(43)) - raft.server.log.appender.buffer.byte-limit = 33554432 (custom)
2019-10-04 13:46:29,549 [pool-599-thread-1] INFO  server.RaftServerConfigKeys (ConfUtils.java:logGet(43)) - raft.server.log.segment.size.max = 1048576 (custom)
2019-10-04 13:46:29,550 [pool-599-thread-1] INFO  server.RaftServerConfigKeys (ConfUtils.java:logGet(43)) - raft.server.log.segment.cache.num.max = 2 (custom)
2019-10-04 13:46:29,550 [pool-599-thread-1] INFO  segmented.SegmentedRaftLogWorker (SegmentedRaftLogWorker.java:<init>(173)) - new d30cfae4-72b5-4ec1-a6ad-4fabcec0d6f2@group-89A4CAE78966-SegmentedRaftLogWorker for RaftStorage:Storage Directory /workdir/hadoop-ozone/integration-test/target/test-dir/MiniOzoneClusterImpl-7f8d01bd-209a-4bb2-b348-2961670ba14e/datanode-9/data/ratis/02e8c60a-f2fa-4cf6-989d-89a4cae78966
2019-10-04 13:46:29,550 [pool-599-thread-1] INFO  server.RaftServerConfigKeys (ConfUtils.java:logGet(43)) - raft.server.log.queue.byte-limit = 2147483647 (custom)
2019-10-04 13:46:29,550 [pool-599-thread-1] INFO  server.RaftServerConfigKeys (ConfUtils.java:logGet(43)) - raft.server.log.queue.element-limit = 1024 (custom)
2019-10-04 13:46:29,551 [pool-599-thread-1] INFO  server.RaftServerConfigKeys (ConfUtils.java:logGet(43)) - raft.server.log.segment.size.max = 1048576 (custom)
2019-10-04 13:46:29,551 [pool-599-thread-1] INFO  server.RaftServerConfigKeys (ConfUtils.java:logGet(43)) - raft.server.log.preallocated.size = 16384 (custom)
2019-10-04 13:46:29,551 [pool-599-thread-1] INFO  server.RaftServerConfigKeys (ConfUtils.java:logGet(43)) - raft.server.log.write.buffer.size = 33554432 (custom)
2019-10-04 13:46:29,551 [pool-599-thread-1] INFO  server.RaftServerConfigKeys (ConfUtils.java:logGet(43)) - raft.server.log.force.sync.num = 128 (default)
2019-10-04 13:46:29,551 [pool-599-thread-1] INFO  server.RaftServerConfigKeys (ConfUtils.java:logGet(43)) - raft.server.log.statemachine.data.sync = true (default)
2019-10-04 13:46:29,551 [pool-599-thread-1] INFO  server.RaftServerConfigKeys (ConfUtils.java:logGet(43)) - raft.server.log.statemachine.data.sync.timeout = 10s (default)
2019-10-04 13:46:29,551 [pool-599-thread-1] INFO  server.RaftServerConfigKeys (ConfUtils.java:logGet(43)) - raft.server.log.statemachine.data.sync.timeout.retry = -1 (default)
2019-10-04 13:46:29,552 [pool-599-thread-1] INFO  server.RaftServerConfigKeys (ConfUtils.java:logGet(43)) - raft.server.log.statemachine.data.caching.enabled = true (custom)
2019-10-04 13:46:29,552 [pool-599-thread-1] INFO  segmented.SegmentedRaftLogWorker (SegmentedRaftLogWorker.java:lambda$new$0(128)) - d30cfae4-72b5-4ec1-a6ad-4fabcec0d6f2@group-89A4CAE78966-SegmentedRaftLogWorker: flushIndex: setUnconditionally 0 -> -1
2019-10-04 13:46:29,552 [pool-599-thread-1] INFO  server.RaftServerConfigKeys (ConfUtils.java:logGet(43)) - raft.server.snapshot.auto.trigger.enabled = true (custom)
2019-10-04 13:46:29,552 [pool-599-thread-1] INFO  server.RaftServerConfigKeys (ConfUtils.java:logGet(43)) - raft.server.snapshot.auto.trigger.threshold = 10000 (custom)
2019-10-04 13:46:29,553 [pool-599-thread-1] INFO  server.RaftServerConfigKeys (ConfUtils.java:logGet(43)) - raft.server.snapshot.retention.file.num = 5 (custom)
2019-10-04 13:46:29,553 [pool-599-thread-1] INFO  server.RaftServerConfigKeys (ConfUtils.java:logGet(43)) - raft.server.retrycache.expirytime = 600000ms (custom)
2019-10-04 13:46:29,554 [pool-599-thread-1] INFO  impl.RaftServerImpl (RaftServerImpl.java:start(181)) - d30cfae4-72b5-4ec1-a6ad-4fabcec0d6f2@group-89A4CAE78966: start as a follower, conf=-1: [d30cfae4-72b5-4ec1-a6ad-4fabcec0d6f2:192.168.30.33:40495], old=null
2019-10-04 13:46:29,554 [pool-599-thread-1] INFO  impl.RaftServerImpl (RaftServerImpl.java:setRole(170)) - d30cfae4-72b5-4ec1-a6ad-4fabcec0d6f2@group-89A4CAE78966: changes role from      null to FOLLOWER at term 0 for startAsFollower
2019-10-04 13:46:29,554 [pool-599-thread-1] INFO  impl.RoleInfo (RoleInfo.java:updateAndGet(143)) - d30cfae4-72b5-4ec1-a6ad-4fabcec0d6f2: start FollowerState
2019-10-04 13:46:29,554 [pool-599-thread-1] INFO  util.JmxRegister (JmxRegister.java:tryRegister(44)) - Successfully registered JMX Bean with object name Ratis:service=RaftServer,group=group-89A4CAE78966,id=d30cfae4-72b5-4ec1-a6ad-4fabcec0d6f2
2019-10-04 13:46:29,558 [RatisPipelineUtilsThread] INFO  pipeline.PipelineStateManager (PipelineStateManager.java:addPipeline(56)) - Created pipeline Pipeline[ Id: 02e8c60a-f2fa-4cf6-989d-89a4cae78966, Nodes: d30cfae4-72b5-4ec1-a6ad-4fabcec0d6f2{ip: 192.168.30.33, host: pr-hdds-2233-hr7xq-248966361, networkLocation: /rack1, certSerialId: null}, Type:RATIS, Factor:ONE, State:OPEN]
2019-10-04 13:46:29,566 [grpc-default-executor-9] INFO  impl.RaftServerProxy (RaftServerProxy.java:addNew(89)) - f7391afe-e883-4b58-900a-eef83ef5e847: addNew group-18951069478A:[f7391afe-e883-4b58-900a-eef83ef5e847:192.168.30.33:36496] returns group-18951069478A:java.util.concurrent.CompletableFuture@de58410[Not completed]
2019-10-04 13:46:29,567 [pool-579-thread-1] INFO  impl.RaftServerImpl (RaftServerImpl.java:<init>(95)) - f7391afe-e883-4b58-900a-eef83ef5e847: new RaftServerImpl for group-18951069478A:[f7391afe-e883-4b58-900a-eef83ef5e847:192.168.30.33:36496] with ContainerStateMachine:uninitialized
2019-10-04 13:46:29,567 [pool-579-thread-1] INFO  server.RaftServerConfigKeys (ConfUtils.java:logGet(43)) - raft.server.rpc.timeout.min = 1s (custom)
2019-10-04 13:46:29,567 [pool-579-thread-1] INFO  server.RaftServerConfigKeys (ConfUtils.java:logGet(43)) - raft.server.rpc.timeout.max = 1200ms (custom)
2019-10-04 13:46:29,567 [pool-579-thread-1] INFO  server.RaftServerConfigKeys (ConfUtils.java:logGet(43)) - raft.server.rpcslowness.timeout = 120s (custom)
2019-10-04 13:46:29,567 [pool-579-thread-1] INFO  server.RaftServerConfigKeys (ConfUtils.java:logGet(43)) - raft.server.sleep.deviation.threshold = 300 (default)
2019-10-04 13:46:29,567 [pool-579-thread-1] INFO  server.RaftServerConfigKeys (ConfUtils.java:logGet(43)) - raft.server.log.appender.install.snapshot.enabled = false (custom)
2019-10-04 13:46:29,567 [pool-579-thread-1] INFO  impl.RaftServerImpl (ServerState.java:<init>(103)) - f7391afe-e883-4b58-900a-eef83ef5e847@group-18951069478A: ConfigurationManager, init=-1: [f7391afe-e883-4b58-900a-eef83ef5e847:192.168.30.33:36496], old=null, confs=<EMPTY_MAP>
2019-10-04 13:46:29,567 [pool-579-thread-1] INFO  server.RaftServerConfigKeys (ConfUtils.java:logGet(43)) - raft.server.storage.dir = [/workdir/hadoop-ozone/integration-test/target/test-dir/MiniOzoneClusterImpl-7f8d01bd-209a-4bb2-b348-2961670ba14e/datanode-7/data/ratis] (custom)
2019-10-04 13:46:29,568 [pool-579-thread-1] INFO  server.RaftServerConfigKeys (ConfUtils.java:logGet(43)) - raft.server.log.corruption.policy = EXCEPTION (default)
2019-10-04 13:46:29,568 [pool-579-thread-1] INFO  storage.RaftStorageDirectory (RaftStorageDirectory.java:analyzeStorage(246)) - The storage directory /workdir/hadoop-ozone/integration-test/target/test-dir/MiniOzoneClusterImpl-7f8d01bd-209a-4bb2-b348-2961670ba14e/datanode-7/data/ratis/ae3a3fdd-d5a9-44b1-afc9-18951069478a does not exist. Creating ...
2019-10-04 13:46:29,906 [Thread-3492] INFO  impl.FollowerState (FollowerState.java:run(108)) - 4da2f670-0e5c-4bde-934c-3cd05d8a50a4@group-39017AAFEA81-FollowerState: change to CANDIDATE, lastRpcTime:1004ms, electionTimeout:1004ms
2019-10-04 13:46:29,906 [Thread-3492] INFO  impl.RoleInfo (RoleInfo.java:shutdownFollowerState(121)) - 4da2f670-0e5c-4bde-934c-3cd05d8a50a4: shutdown FollowerState
2019-10-04 13:46:29,906 [Thread-3492] INFO  impl.RaftServerImpl (RaftServerImpl.java:setRole(170)) - 4da2f670-0e5c-4bde-934c-3cd05d8a50a4@group-39017AAFEA81: changes role from  FOLLOWER to CANDIDATE at term 2 for changeToCandidate
2019-10-04 13:46:29,906 [Thread-3492] INFO  impl.RoleInfo (RoleInfo.java:updateAndGet(143)) - 4da2f670-0e5c-4bde-934c-3cd05d8a50a4: start LeaderElection
2019-10-04 13:46:29,933 [870a27db-da30-4d61-a408-9d113e1c9716@group-BBC91C2F1F75-LeaderElection150] INFO  impl.LeaderElection (LeaderElection.java:askForVotes(178)) - 870a27db-da30-4d61-a408-9d113e1c9716@group-BBC91C2F1F75-LeaderElection150: begin an election at term 1 for -1: [870a27db-da30-4d61-a408-9d113e1c9716:192.168.30.33:42515], old=null
2019-10-04 13:46:29,933 [870a27db-da30-4d61-a408-9d113e1c9716@group-BBC91C2F1F75-LeaderElection150] INFO  impl.RoleInfo (RoleInfo.java:shutdownLeaderElection(134)) - 870a27db-da30-4d61-a408-9d113e1c9716: shutdown LeaderElection
2019-10-04 13:46:29,933 [870a27db-da30-4d61-a408-9d113e1c9716@group-BBC91C2F1F75-LeaderElection150] INFO  impl.RaftServerImpl (RaftServerImpl.java:setRole(170)) - 870a27db-da30-4d61-a408-9d113e1c9716@group-BBC91C2F1F75: changes role from CANDIDATE to LEADER at term 1 for changeToLeader
2019-10-04 13:46:29,933 [870a27db-da30-4d61-a408-9d113e1c9716@group-BBC91C2F1F75-LeaderElection150] INFO  impl.RaftServerImpl (ServerState.java:setLeader(255)) - 870a27db-da30-4d61-a408-9d113e1c9716@group-BBC91C2F1F75: change Leader from null to 870a27db-da30-4d61-a408-9d113e1c9716 at term 1 for becomeLeader, leader elected after 1818ms
2019-10-04 13:46:29,933 [870a27db-da30-4d61-a408-9d113e1c9716@group-BBC91C2F1F75-LeaderElection150] INFO  server.RaftServerConfigKeys (ConfUtils.java:logGet(43)) - raft.server.staging.catchup.gap = 1000 (default)
2019-10-04 13:46:29,933 [870a27db-da30-4d61-a408-9d113e1c9716@group-BBC91C2F1F75-LeaderElection150] INFO  server.RaftServerConfigKeys (ConfUtils.java:logGet(43)) - raft.server.rpc.sleep.time = 25ms (default)
2019-10-04 13:46:29,933 [870a27db-da30-4d61-a408-9d113e1c9716@group-BBC91C2F1F75-LeaderElection150] INFO  server.RaftServerConfigKeys (ConfUtils.java:logGet(43)) - raft.server.write.element-limit = 4096 (default)
2019-10-04 13:46:29,933 [870a27db-da30-4d61-a408-9d113e1c9716@group-BBC91C2F1F75-LeaderElection150] INFO  server.RaftServerConfigKeys (ConfUtils.java:logGet(43)) - raft.server.watch.timeout = 10s (default)
2019-10-04 13:46:29,933 [870a27db-da30-4d61-a408-9d113e1c9716@group-BBC91C2F1F75-LeaderElection150] INFO  server.RaftServerConfigKeys (ConfUtils.java:logGet(43)) - raft.server.watch.timeout.denomination = 1s (default)
2019-10-04 13:46:29,933 [870a27db-da30-4d61-a408-9d113e1c9716@group-BBC91C2F1F75-LeaderElection150] INFO  server.RaftServerConfigKeys (ConfUtils.java:logGet(43)) - raft.server.watch.element-limit = 65536 (default)
2019-10-04 13:46:29,934 [870a27db-da30-4d61-a408-9d113e1c9716@group-BBC91C2F1F75-LeaderElection150] INFO  impl.RoleInfo (RoleInfo.java:updateAndGet(143)) - 870a27db-da30-4d61-a408-9d113e1c9716: start LeaderState
2019-10-04 13:46:29,935 [870a27db-da30-4d61-a408-9d113e1c9716@group-BBC91C2F1F75-LeaderElection150] INFO  segmented.SegmentedRaftLogWorker (SegmentedRaftLogWorker.java:startLogSegment(385)) - 870a27db-da30-4d61-a408-9d113e1c9716@group-BBC91C2F1F75-SegmentedRaftLogWorker: Starting segment from index:0
2019-10-04 13:46:29,935 [870a27db-da30-4d61-a408-9d113e1c9716@group-BBC91C2F1F75-LeaderElection150] INFO  impl.RaftServerImpl (ServerState.java:setRaftConf(356)) - 870a27db-da30-4d61-a408-9d113e1c9716@group-BBC91C2F1F75: set configuration 0: [870a27db-da30-4d61-a408-9d113e1c9716:192.168.30.33:42515], old=null at 0
2019-10-04 13:46:29,950 [Thread-3490] INFO  impl.FollowerState (FollowerState.java:run(108)) - abf7bc81-30d5-42c0-a0af-45d0cecf5915@group-39017AAFEA81-FollowerState: change to CANDIDATE, lastRpcTime:1049ms, electionTimeout:1049ms
2019-10-04 13:46:29,950 [Thread-3490] INFO  impl.RoleInfo (RoleInfo.java:shutdownFollowerState(121)) - abf7bc81-30d5-42c0-a0af-45d0cecf5915: shutdown FollowerState
2019-10-04 13:46:29,950 [Thread-3490] INFO  impl.RaftServerImpl (RaftServerImpl.java:setRole(170)) - abf7bc81-30d5-42c0-a0af-45d0cecf5915@group-39017AAFEA81: changes role from  FOLLOWER to CANDIDATE at term 2 for changeToCandidate
2019-10-04 13:46:29,951 [Thread-3490] INFO  impl.RoleInfo (RoleInfo.java:updateAndGet(143)) - abf7bc81-30d5-42c0-a0af-45d0cecf5915: start LeaderElection
2019-10-04 13:46:29,989 [Thread-3491] INFO  impl.FollowerState (FollowerState.java:run(108)) - a9f2dbb7-43c3-4367-8346-947b48bd4d79@group-39017AAFEA81-FollowerState: change to CANDIDATE, lastRpcTime:1088ms, electionTimeout:1088ms
2019-10-04 13:46:29,989 [Thread-3491] INFO  impl.RoleInfo (RoleInfo.java:shutdownFollowerState(121)) - a9f2dbb7-43c3-4367-8346-947b48bd4d79: shutdown FollowerState
2019-10-04 13:46:29,990 [Thread-3491] INFO  impl.RaftServerImpl (RaftServerImpl.java:setRole(170)) - a9f2dbb7-43c3-4367-8346-947b48bd4d79@group-39017AAFEA81: changes role from  FOLLOWER to CANDIDATE at term 2 for changeToCandidate
2019-10-04 13:46:29,990 [Thread-3491] INFO  impl.RoleInfo (RoleInfo.java:updateAndGet(143)) - a9f2dbb7-43c3-4367-8346-947b48bd4d79: start LeaderElection
2019-10-04 13:46:30,342 [pool-579-thread-1] INFO  storage.RaftStorageDirectory (RaftStorageDirectory.java:tryLock(328)) - Lock on /workdir/hadoop-ozone/integration-test/target/test-dir/MiniOzoneClusterImpl-7f8d01bd-209a-4bb2-b348-2961670ba14e/datanode-7/data/ratis/ae3a3fdd-d5a9-44b1-afc9-18951069478a/in_use.lock acquired by nodename 10239@pr-hdds-2233-hr7xq-248966361
2019-10-04 13:46:30,346 [4da2f670-0e5c-4bde-934c-3cd05d8a50a4@group-39017AAFEA81-LeaderElection151] INFO  impl.LeaderElection (LeaderElection.java:askForVotes(178)) - 4da2f670-0e5c-4bde-934c-3cd05d8a50a4@group-39017AAFEA81-LeaderElection151: begin an election at term 3 for -1: [4da2f670-0e5c-4bde-934c-3cd05d8a50a4:192.168.30.33:45990, a9f2dbb7-43c3-4367-8346-947b48bd4d79:192.168.30.33:34618, abf7bc81-30d5-42c0-a0af-45d0cecf5915:192.168.30.33:35055], old=null
2019-10-04 13:46:30,682 [Thread-3495] INFO  impl.FollowerState (FollowerState.java:run(108)) - d30cfae4-72b5-4ec1-a6ad-4fabcec0d6f2@group-89A4CAE78966-FollowerState: change to CANDIDATE, lastRpcTime:1127ms, electionTimeout:1127ms
2019-10-04 13:46:30,682 [Thread-3495] INFO  impl.RoleInfo (RoleInfo.java:shutdownFollowerState(121)) - d30cfae4-72b5-4ec1-a6ad-4fabcec0d6f2: shutdown FollowerState
2019-10-04 13:46:30,682 [Thread-3495] INFO  impl.RaftServerImpl (RaftServerImpl.java:setRole(170)) - d30cfae4-72b5-4ec1-a6ad-4fabcec0d6f2@group-89A4CAE78966: changes role from  FOLLOWER to CANDIDATE at term 0 for changeToCandidate
2019-10-04 13:46:30,683 [Thread-3495] INFO  impl.RoleInfo (RoleInfo.java:updateAndGet(143)) - d30cfae4-72b5-4ec1-a6ad-4fabcec0d6f2: start LeaderElection
2019-10-04 13:46:31,005 [870a27db-da30-4d61-a408-9d113e1c9716@group-BBC91C2F1F75-SegmentedRaftLogWorker] INFO  segmented.SegmentedRaftLogWorker (SegmentedRaftLogWorker.java:execute(574)) - 870a27db-da30-4d61-a408-9d113e1c9716@group-BBC91C2F1F75-SegmentedRaftLogWorker: created new log segment /workdir/hadoop-ozone/integration-test/target/test-dir/MiniOzoneClusterImpl-7f8d01bd-209a-4bb2-b348-2961670ba14e/datanode-8/data/ratis/32db6342-7031-4f34-bec4-bbc91c2f1f75/current/log_inprogress_0
2019-10-04 13:46:31,008 [a9f2dbb7-43c3-4367-8346-947b48bd4d79@group-39017AAFEA81-LeaderElection153] INFO  impl.LeaderElection (LeaderElection.java:askForVotes(178)) - a9f2dbb7-43c3-4367-8346-947b48bd4d79@group-39017AAFEA81-LeaderElection153: begin an election at term 3 for -1: [4da2f670-0e5c-4bde-934c-3cd05d8a50a4:192.168.30.33:45990, a9f2dbb7-43c3-4367-8346-947b48bd4d79:192.168.30.33:34618, abf7bc81-30d5-42c0-a0af-45d0cecf5915:192.168.30.33:35055], old=null
2019-10-04 13:46:31,008 [abf7bc81-30d5-42c0-a0af-45d0cecf5915@group-39017AAFEA81-LeaderElection152] INFO  impl.LeaderElection (LeaderElection.java:askForVotes(178)) - abf7bc81-30d5-42c0-a0af-45d0cecf5915@group-39017AAFEA81-LeaderElection152: begin an election at term 3 for -1: [4da2f670-0e5c-4bde-934c-3cd05d8a50a4:192.168.30.33:45990, a9f2dbb7-43c3-4367-8346-947b48bd4d79:192.168.30.33:34618, abf7bc81-30d5-42c0-a0af-45d0cecf5915:192.168.30.33:35055], old=null
2019-10-04 13:46:31,009 [4da2f670-0e5c-4bde-934c-3cd05d8a50a4@group-39017AAFEA81-LeaderElection151] INFO  impl.LeaderElection (LeaderElection.java:logAndReturn(56)) - 4da2f670-0e5c-4bde-934c-3cd05d8a50a4@group-39017AAFEA81-LeaderElection151: Election REJECTED; received 2 response(s) [4da2f670-0e5c-4bde-934c-3cd05d8a50a4<-a9f2dbb7-43c3-4367-8346-947b48bd4d79#0:FAIL-t3, 4da2f670-0e5c-4bde-934c-3cd05d8a50a4<-abf7bc81-30d5-42c0-a0af-45d0cecf5915#0:FAIL-t3] and 0 exception(s); 4da2f670-0e5c-4bde-934c-3cd05d8a50a4@group-39017AAFEA81:t3, leader=null, voted=4da2f670-0e5c-4bde-934c-3cd05d8a50a4, raftlog=4da2f670-0e5c-4bde-934c-3cd05d8a50a4@group-39017AAFEA81-SegmentedRaftLog:OPENED:c-1,f-1,i0, conf=-1: [4da2f670-0e5c-4bde-934c-3cd05d8a50a4:192.168.30.33:45990, a9f2dbb7-43c3-4367-8346-947b48bd4d79:192.168.30.33:34618, abf7bc81-30d5-42c0-a0af-45d0cecf5915:192.168.30.33:35055], old=null
2019-10-04 13:46:31,009 [4da2f670-0e5c-4bde-934c-3cd05d8a50a4@group-39017AAFEA81-LeaderElection151] INFO  impl.RaftServerImpl (RaftServerImpl.java:setRole(170)) - 4da2f670-0e5c-4bde-934c-3cd05d8a50a4@group-39017AAFEA81: changes role from CANDIDATE to FOLLOWER at term 3 for DISCOVERED_A_NEW_TERM
2019-10-04 13:46:31,009 [4da2f670-0e5c-4bde-934c-3cd05d8a50a4@group-39017AAFEA81-LeaderElection151] INFO  impl.RoleInfo (RoleInfo.java:shutdownLeaderElection(134)) - 4da2f670-0e5c-4bde-934c-3cd05d8a50a4: shutdown LeaderElection
2019-10-04 13:46:31,009 [4da2f670-0e5c-4bde-934c-3cd05d8a50a4@group-39017AAFEA81-LeaderElection151] INFO  impl.RoleInfo (RoleInfo.java:updateAndGet(143)) - 4da2f670-0e5c-4bde-934c-3cd05d8a50a4: start FollowerState
2019-10-04 13:46:31,011 [a9f2dbb7-43c3-4367-8346-947b48bd4d79@group-39017AAFEA81-LeaderElection153] INFO  impl.LeaderElection (LeaderElection.java:logAndReturn(56)) - a9f2dbb7-43c3-4367-8346-947b48bd4d79@group-39017AAFEA81-LeaderElection153: Election REJECTED; received 2 response(s) [a9f2dbb7-43c3-4367-8346-947b48bd4d79<-4da2f670-0e5c-4bde-934c-3cd05d8a50a4#0:FAIL-t3, a9f2dbb7-43c3-4367-8346-947b48bd4d79<-abf7bc81-30d5-42c0-a0af-45d0cecf5915#0:FAIL-t3] and 0 exception(s); a9f2dbb7-43c3-4367-8346-947b48bd4d79@group-39017AAFEA81:t3, leader=null, voted=a9f2dbb7-43c3-4367-8346-947b48bd4d79, raftlog=a9f2dbb7-43c3-4367-8346-947b48bd4d79@group-39017AAFEA81-SegmentedRaftLog:OPENED:c-1,f-1,i0, conf=-1: [4da2f670-0e5c-4bde-934c-3cd05d8a50a4:192.168.30.33:45990, a9f2dbb7-43c3-4367-8346-947b48bd4d79:192.168.30.33:34618, abf7bc81-30d5-42c0-a0af-45d0cecf5915:192.168.30.33:35055], old=null
2019-10-04 13:46:31,011 [abf7bc81-30d5-42c0-a0af-45d0cecf5915@group-39017AAFEA81-LeaderElection152] INFO  impl.LeaderElection (LeaderElection.java:logAndReturn(56)) - abf7bc81-30d5-42c0-a0af-45d0cecf5915@group-39017AAFEA81-LeaderElection152: Election REJECTED; received 2 response(s) [abf7bc81-30d5-42c0-a0af-45d0cecf5915<-4da2f670-0e5c-4bde-934c-3cd05d8a50a4#0:FAIL-t3, abf7bc81-30d5-42c0-a0af-45d0cecf5915<-a9f2dbb7-43c3-4367-8346-947b48bd4d79#0:FAIL-t3] and 0 exception(s); abf7bc81-30d5-42c0-a0af-45d0cecf5915@group-39017AAFEA81:t3, leader=null, voted=abf7bc81-30d5-42c0-a0af-45d0cecf5915, raftlog=abf7bc81-30d5-42c0-a0af-45d0cecf5915@group-39017AAFEA81-SegmentedRaftLog:OPENED:c-1,f-1,i0, conf=-1: [4da2f670-0e5c-4bde-934c-3cd05d8a50a4:192.168.30.33:45990, a9f2dbb7-43c3-4367-8346-947b48bd4d79:192.168.30.33:34618, abf7bc81-30d5-42c0-a0af-45d0cecf5915:192.168.30.33:35055], old=null
2019-10-04 13:46:31,011 [a9f2dbb7-43c3-4367-8346-947b48bd4d79@group-39017AAFEA81-LeaderElection153] INFO  impl.RaftServerImpl (RaftServerImpl.java:setRole(170)) - a9f2dbb7-43c3-4367-8346-947b48bd4d79@group-39017AAFEA81: changes role from CANDIDATE to FOLLOWER at term 3 for DISCOVERED_A_NEW_TERM
2019-10-04 13:46:31,011 [abf7bc81-30d5-42c0-a0af-45d0cecf5915@group-39017AAFEA81-LeaderElection152] INFO  impl.RaftServerImpl (RaftServerImpl.java:setRole(170)) - abf7bc81-30d5-42c0-a0af-45d0cecf5915@group-39017AAFEA81: changes role from CANDIDATE to FOLLOWER at term 3 for DISCOVERED_A_NEW_TERM
2019-10-04 13:46:31,011 [a9f2dbb7-43c3-4367-8346-947b48bd4d79@group-39017AAFEA81-LeaderElection153] INFO  impl.RoleInfo (RoleInfo.java:shutdownLeaderElection(134)) - a9f2dbb7-43c3-4367-8346-947b48bd4d79: shutdown LeaderElection
2019-10-04 13:46:31,011 [abf7bc81-30d5-42c0-a0af-45d0cecf5915@group-39017AAFEA81-LeaderElection152] INFO  impl.RoleInfo (RoleInfo.java:shutdownLeaderElection(134)) - abf7bc81-30d5-42c0-a0af-45d0cecf5915: shutdown LeaderElection
2019-10-04 13:46:31,012 [a9f2dbb7-43c3-4367-8346-947b48bd4d79@group-39017AAFEA81-LeaderElection153] INFO  impl.RoleInfo (RoleInfo.java:updateAndGet(143)) - a9f2dbb7-43c3-4367-8346-947b48bd4d79: start FollowerState
2019-10-04 13:46:31,012 [abf7bc81-30d5-42c0-a0af-45d0cecf5915@group-39017AAFEA81-LeaderElection152] INFO  impl.RoleInfo (RoleInfo.java:updateAndGet(143)) - abf7bc81-30d5-42c0-a0af-45d0cecf5915: start FollowerState
2019-10-04 13:46:31,411 [pool-579-thread-1] INFO  storage.RaftStorage (RaftStorage.java:format(84)) - Storage directory /workdir/hadoop-ozone/integration-test/target/test-dir/MiniOzoneClusterImpl-7f8d01bd-209a-4bb2-b348-2961670ba14e/datanode-7/data/ratis/ae3a3fdd-d5a9-44b1-afc9-18951069478a has been successfully formatted.
2019-10-04 13:46:31,411 [d30cfae4-72b5-4ec1-a6ad-4fabcec0d6f2@group-89A4CAE78966-LeaderElection154] INFO  impl.LeaderElection (LeaderElection.java:askForVotes(178)) - d30cfae4-72b5-4ec1-a6ad-4fabcec0d6f2@group-89A4CAE78966-LeaderElection154: begin an election at term 1 for -1: [d30cfae4-72b5-4ec1-a6ad-4fabcec0d6f2:192.168.30.33:40495], old=null
2019-10-04 13:46:31,411 [pool-579-thread-1] INFO  ratis.ContainerStateMachine (ContainerStateMachine.java:loadSnapshot(230)) - group-18951069478A: The snapshot info is null. Setting the last applied indexto:(t:0, i:~)
2019-10-04 13:46:31,411 [d30cfae4-72b5-4ec1-a6ad-4fabcec0d6f2@group-89A4CAE78966-LeaderElection154] INFO  impl.RoleInfo (RoleInfo.java:shutdownLeaderElection(134)) - d30cfae4-72b5-4ec1-a6ad-4fabcec0d6f2: shutdown LeaderElection
2019-10-04 13:46:31,412 [pool-579-thread-1] INFO  server.RaftServerConfigKeys (ConfUtils.java:logGet(43)) - raft.server.notification.no-leader.timeout = 120s (custom)
2019-10-04 13:46:31,412 [d30cfae4-72b5-4ec1-a6ad-4fabcec0d6f2@group-89A4CAE78966-LeaderElection154] INFO  impl.RaftServerImpl (RaftServerImpl.java:setRole(170)) - d30cfae4-72b5-4ec1-a6ad-4fabcec0d6f2@group-89A4CAE78966: changes role from CANDIDATE to LEADER at term 1 for changeToLeader
2019-10-04 13:46:31,412 [pool-579-thread-1] INFO  server.RaftServerConfigKeys (ConfUtils.java:logGet(43)) - raft.server.log.use.memory = false (default)
2019-10-04 13:46:31,412 [d30cfae4-72b5-4ec1-a6ad-4fabcec0d6f2@group-89A4CAE78966-LeaderElection154] INFO  impl.RaftServerImpl (ServerState.java:setLeader(255)) - d30cfae4-72b5-4ec1-a6ad-4fabcec0d6f2@group-89A4CAE78966: change Leader from null to d30cfae4-72b5-4ec1-a6ad-4fabcec0d6f2 at term 1 for becomeLeader, leader elected after 1864ms
2019-10-04 13:46:31,412 [pool-579-thread-1] INFO  server.RaftServerConfigKeys (ConfUtils.java:logGet(43)) - raft.server.log.purge.gap = 1000000 (custom)
2019-10-04 13:46:31,412 [d30cfae4-72b5-4ec1-a6ad-4fabcec0d6f2@group-89A4CAE78966-LeaderElection154] INFO  server.RaftServerConfigKeys (ConfUtils.java:logGet(43)) - raft.server.staging.catchup.gap = 1000 (default)
2019-10-04 13:46:31,413 [pool-579-thread-1] INFO  server.RaftServerConfigKeys (ConfUtils.java:logGet(43)) - raft.server.log.appender.buffer.byte-limit = 33554432 (custom)
2019-10-04 13:46:31,413 [d30cfae4-72b5-4ec1-a6ad-4fabcec0d6f2@group-89A4CAE78966-LeaderElection154] INFO  server.RaftServerConfigKeys (ConfUtils.java:logGet(43)) - raft.server.rpc.sleep.time = 25ms (default)
2019-10-04 13:46:31,413 [pool-579-thread-1] INFO  server.RaftServerConfigKeys (ConfUtils.java:logGet(43)) - raft.server.log.segment.size.max = 1048576 (custom)
2019-10-04 13:46:31,413 [d30cfae4-72b5-4ec1-a6ad-4fabcec0d6f2@group-89A4CAE78966-LeaderElection154] INFO  server.RaftServerConfigKeys (ConfUtils.java:logGet(43)) - raft.server.write.element-limit = 4096 (default)
2019-10-04 13:46:31,413 [d30cfae4-72b5-4ec1-a6ad-4fabcec0d6f2@group-89A4CAE78966-LeaderElection154] INFO  server.RaftServerConfigKeys (ConfUtils.java:logGet(43)) - raft.server.watch.timeout = 10s (default)
2019-10-04 13:46:31,414 [d30cfae4-72b5-4ec1-a6ad-4fabcec0d6f2@group-89A4CAE78966-LeaderElection154] INFO  server.RaftServerConfigKeys (ConfUtils.java:logGet(43)) - raft.server.watch.timeout.denomination = 1s (default)
2019-10-04 13:46:31,414 [d30cfae4-72b5-4ec1-a6ad-4fabcec0d6f2@group-89A4CAE78966-LeaderElection154] INFO  server.RaftServerConfigKeys (ConfUtils.java:logGet(43)) - raft.server.watch.element-limit = 65536 (default)
2019-10-04 13:46:31,415 [pool-579-thread-1] INFO  server.RaftServerConfigKeys (ConfUtils.java:logGet(43)) - raft.server.log.segment.cache.num.max = 2 (custom)
2019-10-04 13:46:31,415 [pool-579-thread-1] INFO  segmented.SegmentedRaftLogWorker (SegmentedRaftLogWorker.java:<init>(173)) - new f7391afe-e883-4b58-900a-eef83ef5e847@group-18951069478A-SegmentedRaftLogWorker for RaftStorage:Storage Directory /workdir/hadoop-ozone/integration-test/target/test-dir/MiniOzoneClusterImpl-7f8d01bd-209a-4bb2-b348-2961670ba14e/datanode-7/data/ratis/ae3a3fdd-d5a9-44b1-afc9-18951069478a
2019-10-04 13:46:31,415 [pool-579-thread-1] INFO  server.RaftServerConfigKeys (ConfUtils.java:logGet(43)) - raft.server.log.queue.byte-limit = 2147483647 (custom)
2019-10-04 13:46:31,415 [pool-579-thread-1] INFO  server.RaftServerConfigKeys (ConfUtils.java:logGet(43)) - raft.server.log.queue.element-limit = 1024 (custom)
2019-10-04 13:46:31,415 [pool-579-thread-1] INFO  server.RaftServerConfigKeys (ConfUtils.java:logGet(43)) - raft.server.log.segment.size.max = 1048576 (custom)
2019-10-04 13:46:31,416 [pool-579-thread-1] INFO  server.RaftServerConfigKeys (ConfUtils.java:logGet(43)) - raft.server.log.preallocated.size = 16384 (custom)
2019-10-04 13:46:31,416 [pool-579-thread-1] INFO  server.RaftServerConfigKeys (ConfUtils.java:logGet(43)) - raft.server.log.write.buffer.size = 33554432 (custom)
2019-10-04 13:46:31,416 [pool-579-thread-1] INFO  server.RaftServerConfigKeys (ConfUtils.java:logGet(43)) - raft.server.log.force.sync.num = 128 (default)
2019-10-04 13:46:31,416 [pool-579-thread-1] INFO  server.RaftServerConfigKeys (ConfUtils.java:logGet(43)) - raft.server.log.statemachine.data.sync = true (default)
2019-10-04 13:46:31,416 [pool-579-thread-1] INFO  server.RaftServerConfigKeys (ConfUtils.java:logGet(43)) - raft.server.log.statemachine.data.sync.timeout = 10s (default)
2019-10-04 13:46:31,416 [pool-579-thread-1] INFO  server.RaftServerConfigKeys (ConfUtils.java:logGet(43)) - raft.server.log.statemachine.data.sync.timeout.retry = -1 (default)
2019-10-04 13:46:31,417 [d30cfae4-72b5-4ec1-a6ad-4fabcec0d6f2@group-89A4CAE78966-LeaderElection154] INFO  impl.RoleInfo (RoleInfo.java:updateAndGet(143)) - d30cfae4-72b5-4ec1-a6ad-4fabcec0d6f2: start LeaderState
2019-10-04 13:46:31,417 [pool-579-thread-1] INFO  server.RaftServerConfigKeys (ConfUtils.java:logGet(43)) - raft.server.log.statemachine.data.caching.enabled = true (custom)
2019-10-04 13:46:31,417 [d30cfae4-72b5-4ec1-a6ad-4fabcec0d6f2@group-89A4CAE78966-LeaderElection154] INFO  segmented.SegmentedRaftLogWorker (SegmentedRaftLogWorker.java:startLogSegment(385)) - d30cfae4-72b5-4ec1-a6ad-4fabcec0d6f2@group-89A4CAE78966-SegmentedRaftLogWorker: Starting segment from index:0
2019-10-04 13:46:31,417 [pool-579-thread-1] INFO  segmented.SegmentedRaftLogWorker (SegmentedRaftLogWorker.java:lambda$new$0(128)) - f7391afe-e883-4b58-900a-eef83ef5e847@group-18951069478A-SegmentedRaftLogWorker: flushIndex: setUnconditionally 0 -> -1
2019-10-04 13:46:31,418 [pool-579-thread-1] INFO  server.RaftServerConfigKeys (ConfUtils.java:logGet(43)) - raft.server.snapshot.auto.trigger.enabled = true (custom)
2019-10-04 13:46:31,418 [pool-579-thread-1] INFO  server.RaftServerConfigKeys (ConfUtils.java:logGet(43)) - raft.server.snapshot.auto.trigger.threshold = 10000 (custom)
2019-10-04 13:46:31,418 [d30cfae4-72b5-4ec1-a6ad-4fabcec0d6f2@group-89A4CAE78966-LeaderElection154] INFO  impl.RaftServerImpl (ServerState.java:setRaftConf(356)) - d30cfae4-72b5-4ec1-a6ad-4fabcec0d6f2@group-89A4CAE78966: set configuration 0: [d30cfae4-72b5-4ec1-a6ad-4fabcec0d6f2:192.168.30.33:40495], old=null at 0
2019-10-04 13:46:31,418 [pool-579-thread-1] INFO  server.RaftServerConfigKeys (ConfUtils.java:logGet(43)) - raft.server.snapshot.retention.file.num = 5 (custom)
2019-10-04 13:46:31,418 [pool-579-thread-1] INFO  server.RaftServerConfigKeys (ConfUtils.java:logGet(43)) - raft.server.retrycache.expirytime = 600000ms (custom)
2019-10-04 13:46:31,420 [pool-579-thread-1] INFO  impl.RaftServerImpl (RaftServerImpl.java:start(181)) - f7391afe-e883-4b58-900a-eef83ef5e847@group-18951069478A: start as a follower, conf=-1: [f7391afe-e883-4b58-900a-eef83ef5e847:192.168.30.33:36496], old=null
2019-10-04 13:46:31,420 [pool-579-thread-1] INFO  impl.RaftServerImpl (RaftServerImpl.java:setRole(170)) - f7391afe-e883-4b58-900a-eef83ef5e847@group-18951069478A: changes role from      null to FOLLOWER at term 0 for startAsFollower
2019-10-04 13:46:31,420 [pool-579-thread-1] INFO  impl.RoleInfo (RoleInfo.java:updateAndGet(143)) - f7391afe-e883-4b58-900a-eef83ef5e847: start FollowerState
2019-10-04 13:46:31,420 [pool-579-thread-1] INFO  util.JmxRegister (JmxRegister.java:tryRegister(44)) - Successfully registered JMX Bean with object name Ratis:service=RaftServer,group=group-18951069478A,id=f7391afe-e883-4b58-900a-eef83ef5e847
2019-10-04 13:46:31,424 [RatisPipelineUtilsThread] INFO  pipeline.PipelineStateManager (PipelineStateManager.java:addPipeline(56)) - Created pipeline Pipeline[ Id: ae3a3fdd-d5a9-44b1-afc9-18951069478a, Nodes: f7391afe-e883-4b58-900a-eef83ef5e847{ip: 192.168.30.33, host: pr-hdds-2233-hr7xq-248966361, networkLocation: /rack1, certSerialId: null}, Type:RATIS, Factor:ONE, State:OPEN]
2019-10-04 13:46:31,475 [grpc-default-executor-9] INFO  impl.RaftServerProxy (RaftServerProxy.java:addNew(89)) - 870a27db-da30-4d61-a408-9d113e1c9716: addNew group-B080C88A3813:[1acd4a7f-a859-40e1-8534-5adb5341c727:192.168.30.33:43799, 34bb4e64-1059-4030-8a56-fd9416faa756:192.168.30.33:39854, 870a27db-da30-4d61-a408-9d113e1c9716:192.168.30.33:42515] returns group-B080C88A3813:java.util.concurrent.CompletableFuture@464a589[Not completed]
2019-10-04 13:46:31,475 [grpc-default-executor-0] INFO  impl.RaftServerProxy (RaftServerProxy.java:addNew(89)) - 1acd4a7f-a859-40e1-8534-5adb5341c727: addNew group-B080C88A3813:[1acd4a7f-a859-40e1-8534-5adb5341c727:192.168.30.33:43799, 34bb4e64-1059-4030-8a56-fd9416faa756:192.168.30.33:39854, 870a27db-da30-4d61-a408-9d113e1c9716:192.168.30.33:42515] returns group-B080C88A3813:java.util.concurrent.CompletableFuture@6869548c[Not completed]
2019-10-04 13:46:31,475 [grpc-default-executor-10] INFO  impl.RaftServerProxy (RaftServerProxy.java:addNew(89)) - 34bb4e64-1059-4030-8a56-fd9416faa756: addNew group-B080C88A3813:[1acd4a7f-a859-40e1-8534-5adb5341c727:192.168.30.33:43799, 34bb4e64-1059-4030-8a56-fd9416faa756:192.168.30.33:39854, 870a27db-da30-4d61-a408-9d113e1c9716:192.168.30.33:42515] returns group-B080C88A3813:java.util.concurrent.CompletableFuture@204e8e41[Not completed]
2019-10-04 13:46:31,476 [pool-549-thread-1] INFO  impl.RaftServerImpl (RaftServerImpl.java:<init>(95)) - 1acd4a7f-a859-40e1-8534-5adb5341c727: new RaftServerImpl for group-B080C88A3813:[1acd4a7f-a859-40e1-8534-5adb5341c727:192.168.30.33:43799, 34bb4e64-1059-4030-8a56-fd9416faa756:192.168.30.33:39854, 870a27db-da30-4d61-a408-9d113e1c9716:192.168.30.33:42515] with ContainerStateMachine:uninitialized
2019-10-04 13:46:31,476 [pool-549-thread-1] INFO  server.RaftServerConfigKeys (ConfUtils.java:logGet(43)) - raft.server.rpc.timeout.min = 1s (custom)
2019-10-04 13:46:31,476 [pool-549-thread-1] INFO  server.RaftServerConfigKeys (ConfUtils.java:logGet(43)) - raft.server.rpc.timeout.max = 1200ms (custom)
2019-10-04 13:46:31,476 [pool-559-thread-1] INFO  impl.RaftServerImpl (RaftServerImpl.java:<init>(95)) - 34bb4e64-1059-4030-8a56-fd9416faa756: new RaftServerImpl for group-B080C88A3813:[1acd4a7f-a859-40e1-8534-5adb5341c727:192.168.30.33:43799, 34bb4e64-1059-4030-8a56-fd9416faa756:192.168.30.33:39854, 870a27db-da30-4d61-a408-9d113e1c9716:192.168.30.33:42515] with ContainerStateMachine:uninitialized
2019-10-04 13:46:31,476 [pool-549-thread-1] INFO  server.RaftServerConfigKeys (ConfUtils.java:logGet(43)) - raft.server.rpcslowness.timeout = 120s (custom)
2019-10-04 13:46:31,477 [pool-559-thread-1] INFO  server.RaftServerConfigKeys (ConfUtils.java:logGet(43)) - raft.server.rpc.timeout.min = 1s (custom)
2019-10-04 13:46:31,477 [pool-549-thread-1] INFO  server.RaftServerConfigKeys (ConfUtils.java:logGet(43)) - raft.server.sleep.deviation.threshold = 300 (default)
2019-10-04 13:46:31,477 [pool-559-thread-1] INFO  server.RaftServerConfigKeys (ConfUtils.java:logGet(43)) - raft.server.rpc.timeout.max = 1200ms (custom)
2019-10-04 13:46:31,477 [pool-549-thread-1] INFO  server.RaftServerConfigKeys (ConfUtils.java:logGet(43)) - raft.server.log.appender.install.snapshot.enabled = false (custom)
2019-10-04 13:46:31,477 [pool-589-thread-1] INFO  impl.RaftServerImpl (RaftServerImpl.java:<init>(95)) - 870a27db-da30-4d61-a408-9d113e1c9716: new RaftServerImpl for group-B080C88A3813:[1acd4a7f-a859-40e1-8534-5adb5341c727:192.168.30.33:43799, 34bb4e64-1059-4030-8a56-fd9416faa756:192.168.30.33:39854, 870a27db-da30-4d61-a408-9d113e1c9716:192.168.30.33:42515] with ContainerStateMachine:uninitialized
2019-10-04 13:46:31,477 [pool-559-thread-1] INFO  server.RaftServerConfigKeys (ConfUtils.java:logGet(43)) - raft.server.rpcslowness.timeout = 120s (custom)
2019-10-04 13:46:31,477 [pool-589-thread-1] INFO  server.RaftServerConfigKeys (ConfUtils.java:logGet(43)) - raft.server.rpc.timeout.min = 1s (custom)
2019-10-04 13:46:31,477 [pool-549-thread-1] INFO  impl.RaftServerImpl (ServerState.java:<init>(103)) - 1acd4a7f-a859-40e1-8534-5adb5341c727@group-B080C88A3813: ConfigurationManager, init=-1: [1acd4a7f-a859-40e1-8534-5adb5341c727:192.168.30.33:43799, 34bb4e64-1059-4030-8a56-fd9416faa756:192.168.30.33:39854, 870a27db-da30-4d61-a408-9d113e1c9716:192.168.30.33:42515], old=null, confs=<EMPTY_MAP>
2019-10-04 13:46:31,478 [pool-589-thread-1] INFO  server.RaftServerConfigKeys (ConfUtils.java:logGet(43)) - raft.server.rpc.timeout.max = 1200ms (custom)
2019-10-04 13:46:31,477 [pool-559-thread-1] INFO  server.RaftServerConfigKeys (ConfUtils.java:logGet(43)) - raft.server.sleep.deviation.threshold = 300 (default)
2019-10-04 13:46:31,478 [pool-589-thread-1] INFO  server.RaftServerConfigKeys (ConfUtils.java:logGet(43)) - raft.server.rpcslowness.timeout = 120s (custom)
2019-10-04 13:46:31,478 [pool-549-thread-1] INFO  server.RaftServerConfigKeys (ConfUtils.java:logGet(43)) - raft.server.storage.dir = [/workdir/hadoop-ozone/integration-test/target/test-dir/MiniOzoneClusterImpl-7f8d01bd-209a-4bb2-b348-2961670ba14e/datanode-4/data/ratis] (custom)
2019-10-04 13:46:31,478 [pool-589-thread-1] INFO  server.RaftServerConfigKeys (ConfUtils.java:logGet(43)) - raft.server.sleep.deviation.threshold = 300 (default)
2019-10-04 13:46:31,478 [pool-559-thread-1] INFO  server.RaftServerConfigKeys (ConfUtils.java:logGet(43)) - raft.server.log.appender.install.snapshot.enabled = false (custom)
2019-10-04 13:46:31,478 [pool-549-thread-1] INFO  server.RaftServerConfigKeys (ConfUtils.java:logGet(43)) - raft.server.log.corruption.policy = EXCEPTION (default)
2019-10-04 13:46:31,478 [pool-589-thread-1] INFO  server.RaftServerConfigKeys (ConfUtils.java:logGet(43)) - raft.server.log.appender.install.snapshot.enabled = false (custom)
2019-10-04 13:46:31,479 [pool-549-thread-1] INFO  storage.RaftStorageDirectory (RaftStorageDirectory.java:analyzeStorage(246)) - The storage directory /workdir/hadoop-ozone/integration-test/target/test-dir/MiniOzoneClusterImpl-7f8d01bd-209a-4bb2-b348-2961670ba14e/datanode-4/data/ratis/dc5b2a50-9bb3-4523-abb0-b080c88a3813 does not exist. Creating ...
2019-10-04 13:46:31,478 [pool-559-thread-1] INFO  impl.RaftServerImpl (ServerState.java:<init>(103)) - 34bb4e64-1059-4030-8a56-fd9416faa756@group-B080C88A3813: ConfigurationManager, init=-1: [1acd4a7f-a859-40e1-8534-5adb5341c727:192.168.30.33:43799, 34bb4e64-1059-4030-8a56-fd9416faa756:192.168.30.33:39854, 870a27db-da30-4d61-a408-9d113e1c9716:192.168.30.33:42515], old=null, confs=<EMPTY_MAP>
2019-10-04 13:46:31,479 [pool-589-thread-1] INFO  impl.RaftServerImpl (ServerState.java:<init>(103)) - 870a27db-da30-4d61-a408-9d113e1c9716@group-B080C88A3813: ConfigurationManager, init=-1: [1acd4a7f-a859-40e1-8534-5adb5341c727:192.168.30.33:43799, 34bb4e64-1059-4030-8a56-fd9416faa756:192.168.30.33:39854, 870a27db-da30-4d61-a408-9d113e1c9716:192.168.30.33:42515], old=null, confs=<EMPTY_MAP>
2019-10-04 13:46:31,479 [pool-559-thread-1] INFO  server.RaftServerConfigKeys (ConfUtils.java:logGet(43)) - raft.server.storage.dir = [/workdir/hadoop-ozone/integration-test/target/test-dir/MiniOzoneClusterImpl-7f8d01bd-209a-4bb2-b348-2961670ba14e/datanode-5/data/ratis] (custom)
2019-10-04 13:46:31,479 [pool-589-thread-1] INFO  server.RaftServerConfigKeys (ConfUtils.java:logGet(43)) - raft.server.storage.dir = [/workdir/hadoop-ozone/integration-test/target/test-dir/MiniOzoneClusterImpl-7f8d01bd-209a-4bb2-b348-2961670ba14e/datanode-8/data/ratis] (custom)
2019-10-04 13:46:31,479 [pool-559-thread-1] INFO  server.RaftServerConfigKeys (ConfUtils.java:logGet(43)) - raft.server.log.corruption.policy = EXCEPTION (default)
2019-10-04 13:46:31,479 [pool-589-thread-1] INFO  server.RaftServerConfigKeys (ConfUtils.java:logGet(43)) - raft.server.log.corruption.policy = EXCEPTION (default)
2019-10-04 13:46:31,479 [pool-559-thread-1] INFO  storage.RaftStorageDirectory (RaftStorageDirectory.java:analyzeStorage(246)) - The storage directory /workdir/hadoop-ozone/integration-test/target/test-dir/MiniOzoneClusterImpl-7f8d01bd-209a-4bb2-b348-2961670ba14e/datanode-5/data/ratis/dc5b2a50-9bb3-4523-abb0-b080c88a3813 does not exist. Creating ...
2019-10-04 13:46:31,479 [pool-589-thread-1] INFO  storage.RaftStorageDirectory (RaftStorageDirectory.java:analyzeStorage(246)) - The storage directory /workdir/hadoop-ozone/integration-test/target/test-dir/MiniOzoneClusterImpl-7f8d01bd-209a-4bb2-b348-2961670ba14e/datanode-8/data/ratis/dc5b2a50-9bb3-4523-abb0-b080c88a3813 does not exist. Creating ...
2019-10-04 13:46:31,862 [d30cfae4-72b5-4ec1-a6ad-4fabcec0d6f2@group-89A4CAE78966-SegmentedRaftLogWorker] INFO  segmented.SegmentedRaftLogWorker (SegmentedRaftLogWorker.java:execute(574)) - d30cfae4-72b5-4ec1-a6ad-4fabcec0d6f2@group-89A4CAE78966-SegmentedRaftLogWorker: created new log segment /workdir/hadoop-ozone/integration-test/target/test-dir/MiniOzoneClusterImpl-7f8d01bd-209a-4bb2-b348-2961670ba14e/datanode-9/data/ratis/02e8c60a-f2fa-4cf6-989d-89a4cae78966/current/log_inprogress_0
2019-10-04 13:46:32,037 [Thread-3508] INFO  impl.FollowerState (FollowerState.java:run(108)) - 4da2f670-0e5c-4bde-934c-3cd05d8a50a4@group-39017AAFEA81-FollowerState: change to CANDIDATE, lastRpcTime:1027ms, electionTimeout:1027ms
2019-10-04 13:46:32,037 [Thread-3508] INFO  impl.RoleInfo (RoleInfo.java:shutdownFollowerState(121)) - 4da2f670-0e5c-4bde-934c-3cd05d8a50a4: shutdown FollowerState
2019-10-04 13:46:32,037 [Thread-3508] INFO  impl.RaftServerImpl (RaftServerImpl.java:setRole(170)) - 4da2f670-0e5c-4bde-934c-3cd05d8a50a4@group-39017AAFEA81: changes role from  FOLLOWER to CANDIDATE at term 3 for changeToCandidate
2019-10-04 13:46:32,037 [Thread-3508] INFO  impl.RoleInfo (RoleInfo.java:updateAndGet(143)) - 4da2f670-0e5c-4bde-934c-3cd05d8a50a4: start LeaderElection
2019-10-04 13:46:32,073 [Thread-3510] INFO  impl.FollowerState (FollowerState.java:run(108)) - abf7bc81-30d5-42c0-a0af-45d0cecf5915@group-39017AAFEA81-FollowerState: change to CANDIDATE, lastRpcTime:1061ms, electionTimeout:1061ms
2019-10-04 13:46:32,073 [Thread-3510] INFO  impl.RoleInfo (RoleInfo.java:shutdownFollowerState(121)) - abf7bc81-30d5-42c0-a0af-45d0cecf5915: shutdown FollowerState
2019-10-04 13:46:32,073 [Thread-3510] INFO  impl.RaftServerImpl (RaftServerImpl.java:setRole(170)) - abf7bc81-30d5-42c0-a0af-45d0cecf5915@group-39017AAFEA81: changes role from  FOLLOWER to CANDIDATE at term 3 for changeToCandidate
2019-10-04 13:46:32,073 [Thread-3510] INFO  impl.RoleInfo (RoleInfo.java:updateAndGet(143)) - abf7bc81-30d5-42c0-a0af-45d0cecf5915: start LeaderElection
2019-10-04 13:46:32,199 [Thread-3509] INFO  impl.FollowerState (FollowerState.java:run(108)) - a9f2dbb7-43c3-4367-8346-947b48bd4d79@group-39017AAFEA81-FollowerState: change to CANDIDATE, lastRpcTime:1187ms, electionTimeout:1187ms
2019-10-04 13:46:32,199 [Thread-3509] INFO  impl.RoleInfo (RoleInfo.java:shutdownFollowerState(121)) - a9f2dbb7-43c3-4367-8346-947b48bd4d79: shutdown FollowerState
2019-10-04 13:46:32,199 [Thread-3509] INFO  impl.RaftServerImpl (RaftServerImpl.java:setRole(170)) - a9f2dbb7-43c3-4367-8346-947b48bd4d79@group-39017AAFEA81: changes role from  FOLLOWER to CANDIDATE at term 3 for changeToCandidate
2019-10-04 13:46:32,199 [Thread-3509] INFO  impl.RoleInfo (RoleInfo.java:updateAndGet(143)) - a9f2dbb7-43c3-4367-8346-947b48bd4d79: start LeaderElection
2019-10-04 13:46:32,499 [Thread-3513] INFO  impl.FollowerState (FollowerState.java:run(108)) - f7391afe-e883-4b58-900a-eef83ef5e847@group-18951069478A-FollowerState: change to CANDIDATE, lastRpcTime:1079ms, electionTimeout:1079ms
2019-10-04 13:46:32,500 [Thread-3513] INFO  impl.RoleInfo (RoleInfo.java:shutdownFollowerState(121)) - f7391afe-e883-4b58-900a-eef83ef5e847: shutdown FollowerState
2019-10-04 13:46:32,500 [Thread-3513] INFO  impl.RaftServerImpl (RaftServerImpl.java:setRole(170)) - f7391afe-e883-4b58-900a-eef83ef5e847@group-18951069478A: changes role from  FOLLOWER to CANDIDATE at term 0 for changeToCandidate
2019-10-04 13:46:32,500 [Thread-3513] INFO  impl.RoleInfo (RoleInfo.java:updateAndGet(143)) - f7391afe-e883-4b58-900a-eef83ef5e847: start LeaderElection
2019-10-04 13:46:32,590 [pool-549-thread-1] INFO  storage.RaftStorageDirectory (RaftStorageDirectory.java:tryLock(328)) - Lock on /workdir/hadoop-ozone/integration-test/target/test-dir/MiniOzoneClusterImpl-7f8d01bd-209a-4bb2-b348-2961670ba14e/datanode-4/data/ratis/dc5b2a50-9bb3-4523-abb0-b080c88a3813/in_use.lock acquired by nodename 10239@pr-hdds-2233-hr7xq-248966361
2019-10-04 13:46:32,590 [pool-589-thread-1] INFO  storage.RaftStorageDirectory (RaftStorageDirectory.java:tryLock(328)) - Lock on /workdir/hadoop-ozone/integration-test/target/test-dir/MiniOzoneClusterImpl-7f8d01bd-209a-4bb2-b348-2961670ba14e/datanode-8/data/ratis/dc5b2a50-9bb3-4523-abb0-b080c88a3813/in_use.lock acquired by nodename 10239@pr-hdds-2233-hr7xq-248966361
2019-10-04 13:46:32,590 [pool-559-thread-1] INFO  storage.RaftStorageDirectory (RaftStorageDirectory.java:tryLock(328)) - Lock on /workdir/hadoop-ozone/integration-test/target/test-dir/MiniOzoneClusterImpl-7f8d01bd-209a-4bb2-b348-2961670ba14e/datanode-5/data/ratis/dc5b2a50-9bb3-4523-abb0-b080c88a3813/in_use.lock acquired by nodename 10239@pr-hdds-2233-hr7xq-248966361
2019-10-04 13:46:33,001 [f7391afe-e883-4b58-900a-eef83ef5e847@group-18951069478A-LeaderElection158] INFO  impl.LeaderElection (LeaderElection.java:askForVotes(178)) - f7391afe-e883-4b58-900a-eef83ef5e847@group-18951069478A-LeaderElection158: begin an election at term 1 for -1: [f7391afe-e883-4b58-900a-eef83ef5e847:192.168.30.33:36496], old=null
2019-10-04 13:46:33,001 [4da2f670-0e5c-4bde-934c-3cd05d8a50a4@group-39017AAFEA81-LeaderElection155] INFO  impl.LeaderElection (LeaderElection.java:askForVotes(178)) - 4da2f670-0e5c-4bde-934c-3cd05d8a50a4@group-39017AAFEA81-LeaderElection155: begin an election at term 4 for -1: [4da2f670-0e5c-4bde-934c-3cd05d8a50a4:192.168.30.33:45990, a9f2dbb7-43c3-4367-8346-947b48bd4d79:192.168.30.33:34618, abf7bc81-30d5-42c0-a0af-45d0cecf5915:192.168.30.33:35055], old=null
2019-10-04 13:46:33,001 [abf7bc81-30d5-42c0-a0af-45d0cecf5915@group-39017AAFEA81-LeaderElection156] INFO  impl.LeaderElection (LeaderElection.java:askForVotes(178)) - abf7bc81-30d5-42c0-a0af-45d0cecf5915@group-39017AAFEA81-LeaderElection156: begin an election at term 4 for -1: [4da2f670-0e5c-4bde-934c-3cd05d8a50a4:192.168.30.33:45990, a9f2dbb7-43c3-4367-8346-947b48bd4d79:192.168.30.33:34618, abf7bc81-30d5-42c0-a0af-45d0cecf5915:192.168.30.33:35055], old=null
2019-10-04 13:46:33,001 [a9f2dbb7-43c3-4367-8346-947b48bd4d79@group-39017AAFEA81-LeaderElection157] INFO  impl.LeaderElection (LeaderElection.java:askForVotes(178)) - a9f2dbb7-43c3-4367-8346-947b48bd4d79@group-39017AAFEA81-LeaderElection157: begin an election at term 4 for -1: [4da2f670-0e5c-4bde-934c-3cd05d8a50a4:192.168.30.33:45990, a9f2dbb7-43c3-4367-8346-947b48bd4d79:192.168.30.33:34618, abf7bc81-30d5-42c0-a0af-45d0cecf5915:192.168.30.33:35055], old=null
2019-10-04 13:46:33,001 [f7391afe-e883-4b58-900a-eef83ef5e847@group-18951069478A-LeaderElection158] INFO  impl.RoleInfo (RoleInfo.java:shutdownLeaderElection(134)) - f7391afe-e883-4b58-900a-eef83ef5e847: shutdown LeaderElection
2019-10-04 13:46:33,002 [f7391afe-e883-4b58-900a-eef83ef5e847@group-18951069478A-LeaderElection158] INFO  impl.RaftServerImpl (RaftServerImpl.java:setRole(170)) - f7391afe-e883-4b58-900a-eef83ef5e847@group-18951069478A: changes role from CANDIDATE to LEADER at term 1 for changeToLeader
2019-10-04 13:46:33,002 [f7391afe-e883-4b58-900a-eef83ef5e847@group-18951069478A-LeaderElection158] INFO  impl.RaftServerImpl (ServerState.java:setLeader(255)) - f7391afe-e883-4b58-900a-eef83ef5e847@group-18951069478A: change Leader from null to f7391afe-e883-4b58-900a-eef83ef5e847 at term 1 for becomeLeader, leader elected after 1590ms
2019-10-04 13:46:33,002 [f7391afe-e883-4b58-900a-eef83ef5e847@group-18951069478A-LeaderElection158] INFO  server.RaftServerConfigKeys (ConfUtils.java:logGet(43)) - raft.server.staging.catchup.gap = 1000 (default)
2019-10-04 13:46:33,002 [f7391afe-e883-4b58-900a-eef83ef5e847@group-18951069478A-LeaderElection158] INFO  server.RaftServerConfigKeys (ConfUtils.java:logGet(43)) - raft.server.rpc.sleep.time = 25ms (default)
2019-10-04 13:46:33,002 [f7391afe-e883-4b58-900a-eef83ef5e847@group-18951069478A-LeaderElection158] INFO  server.RaftServerConfigKeys (ConfUtils.java:logGet(43)) - raft.server.write.element-limit = 4096 (default)
2019-10-04 13:46:33,003 [f7391afe-e883-4b58-900a-eef83ef5e847@group-18951069478A-LeaderElection158] INFO  server.RaftServerConfigKeys (ConfUtils.java:logGet(43)) - raft.server.watch.timeout = 10s (default)
2019-10-04 13:46:33,003 [f7391afe-e883-4b58-900a-eef83ef5e847@group-18951069478A-LeaderElection158] INFO  server.RaftServerConfigKeys (ConfUtils.java:logGet(43)) - raft.server.watch.timeout.denomination = 1s (default)
2019-10-04 13:46:33,003 [f7391afe-e883-4b58-900a-eef83ef5e847@group-18951069478A-LeaderElection158] INFO  server.RaftServerConfigKeys (ConfUtils.java:logGet(43)) - raft.server.watch.element-limit = 65536 (default)
2019-10-04 13:46:33,005 [f7391afe-e883-4b58-900a-eef83ef5e847@group-18951069478A-LeaderElection158] INFO  impl.RoleInfo (RoleInfo.java:updateAndGet(143)) - f7391afe-e883-4b58-900a-eef83ef5e847: start LeaderState
2019-10-04 13:46:33,005 [f7391afe-e883-4b58-900a-eef83ef5e847@group-18951069478A-LeaderElection158] INFO  segmented.SegmentedRaftLogWorker (SegmentedRaftLogWorker.java:startLogSegment(385)) - f7391afe-e883-4b58-900a-eef83ef5e847@group-18951069478A-SegmentedRaftLogWorker: Starting segment from index:0
2019-10-04 13:46:33,005 [f7391afe-e883-4b58-900a-eef83ef5e847@group-18951069478A-LeaderElection158] INFO  impl.RaftServerImpl (ServerState.java:setRaftConf(356)) - f7391afe-e883-4b58-900a-eef83ef5e847@group-18951069478A: set configuration 0: [f7391afe-e883-4b58-900a-eef83ef5e847:192.168.30.33:36496], old=null at 0
2019-10-04 13:46:33,006 [4da2f670-0e5c-4bde-934c-3cd05d8a50a4@group-39017AAFEA81-LeaderElection155] INFO  impl.LeaderElection (LeaderElection.java:logAndReturn(56)) - 4da2f670-0e5c-4bde-934c-3cd05d8a50a4@group-39017AAFEA81-LeaderElection155: Election REJECTED; received 2 response(s) [4da2f670-0e5c-4bde-934c-3cd05d8a50a4<-a9f2dbb7-43c3-4367-8346-947b48bd4d79#0:FAIL-t4, 4da2f670-0e5c-4bde-934c-3cd05d8a50a4<-abf7bc81-30d5-42c0-a0af-45d0cecf5915#0:FAIL-t4] and 0 exception(s); 4da2f670-0e5c-4bde-934c-3cd05d8a50a4@group-39017AAFEA81:t4, leader=null, voted=4da2f670-0e5c-4bde-934c-3cd05d8a50a4, raftlog=4da2f670-0e5c-4bde-934c-3cd05d8a50a4@group-39017AAFEA81-SegmentedRaftLog:OPENED:c-1,f-1,i0, conf=-1: [4da2f670-0e5c-4bde-934c-3cd05d8a50a4:192.168.30.33:45990, a9f2dbb7-43c3-4367-8346-947b48bd4d79:192.168.30.33:34618, abf7bc81-30d5-42c0-a0af-45d0cecf5915:192.168.30.33:35055], old=null
2019-10-04 13:46:33,006 [4da2f670-0e5c-4bde-934c-3cd05d8a50a4@group-39017AAFEA81-LeaderElection155] INFO  impl.RaftServerImpl (RaftServerImpl.java:setRole(170)) - 4da2f670-0e5c-4bde-934c-3cd05d8a50a4@group-39017AAFEA81: changes role from CANDIDATE to FOLLOWER at term 4 for DISCOVERED_A_NEW_TERM
2019-10-04 13:46:33,006 [4da2f670-0e5c-4bde-934c-3cd05d8a50a4@group-39017AAFEA81-LeaderElection155] INFO  impl.RoleInfo (RoleInfo.java:shutdownLeaderElection(134)) - 4da2f670-0e5c-4bde-934c-3cd05d8a50a4: shutdown LeaderElection
2019-10-04 13:46:33,006 [4da2f670-0e5c-4bde-934c-3cd05d8a50a4@group-39017AAFEA81-LeaderElection155] INFO  impl.RoleInfo (RoleInfo.java:updateAndGet(143)) - 4da2f670-0e5c-4bde-934c-3cd05d8a50a4: start FollowerState
2019-10-04 13:46:33,006 [a9f2dbb7-43c3-4367-8346-947b48bd4d79@group-39017AAFEA81-LeaderElection157] INFO  impl.LeaderElection (LeaderElection.java:logAndReturn(56)) - a9f2dbb7-43c3-4367-8346-947b48bd4d79@group-39017AAFEA81-LeaderElection157: Election REJECTED; received 2 response(s) [a9f2dbb7-43c3-4367-8346-947b48bd4d79<-4da2f670-0e5c-4bde-934c-3cd05d8a50a4#0:FAIL-t4, a9f2dbb7-43c3-4367-8346-947b48bd4d79<-abf7bc81-30d5-42c0-a0af-45d0cecf5915#0:FAIL-t4] and 0 exception(s); a9f2dbb7-43c3-4367-8346-947b48bd4d79@group-39017AAFEA81:t4, leader=null, voted=a9f2dbb7-43c3-4367-8346-947b48bd4d79, raftlog=a9f2dbb7-43c3-4367-8346-947b48bd4d79@group-39017AAFEA81-SegmentedRaftLog:OPENED:c-1,f-1,i0, conf=-1: [4da2f670-0e5c-4bde-934c-3cd05d8a50a4:192.168.30.33:45990, a9f2dbb7-43c3-4367-8346-947b48bd4d79:192.168.30.33:34618, abf7bc81-30d5-42c0-a0af-45d0cecf5915:192.168.30.33:35055], old=null
2019-10-04 13:46:33,006 [abf7bc81-30d5-42c0-a0af-45d0cecf5915@group-39017AAFEA81-LeaderElection156] INFO  impl.LeaderElection (LeaderElection.java:logAndReturn(56)) - abf7bc81-30d5-42c0-a0af-45d0cecf5915@group-39017AAFEA81-LeaderElection156: Election REJECTED; received 2 response(s) [abf7bc81-30d5-42c0-a0af-45d0cecf5915<-4da2f670-0e5c-4bde-934c-3cd05d8a50a4#0:FAIL-t4, abf7bc81-30d5-42c0-a0af-45d0cecf5915<-a9f2dbb7-43c3-4367-8346-947b48bd4d79#0:FAIL-t4] and 0 exception(s); abf7bc81-30d5-42c0-a0af-45d0cecf5915@group-39017AAFEA81:t4, leader=null, voted=abf7bc81-30d5-42c0-a0af-45d0cecf5915, raftlog=abf7bc81-30d5-42c0-a0af-45d0cecf5915@group-39017AAFEA81-SegmentedRaftLog:OPENED:c-1,f-1,i0, conf=-1: [4da2f670-0e5c-4bde-934c-3cd05d8a50a4:192.168.30.33:45990, a9f2dbb7-43c3-4367-8346-947b48bd4d79:192.168.30.33:34618, abf7bc81-30d5-42c0-a0af-45d0cecf5915:192.168.30.33:35055], old=null
2019-10-04 13:46:33,007 [a9f2dbb7-43c3-4367-8346-947b48bd4d79@group-39017AAFEA81-LeaderElection157] INFO  impl.RaftServerImpl (RaftServerImpl.java:setRole(170)) - a9f2dbb7-43c3-4367-8346-947b48bd4d79@group-39017AAFEA81: changes role from CANDIDATE to FOLLOWER at term 4 for DISCOVERED_A_NEW_TERM
2019-10-04 13:46:33,007 [abf7bc81-30d5-42c0-a0af-45d0cecf5915@group-39017AAFEA81-LeaderElection156] INFO  impl.RaftServerImpl (RaftServerImpl.java:setRole(170)) - abf7bc81-30d5-42c0-a0af-45d0cecf5915@group-39017AAFEA81: changes role from CANDIDATE to FOLLOWER at term 4 for DISCOVERED_A_NEW_TERM
2019-10-04 13:46:33,007 [a9f2dbb7-43c3-4367-8346-947b48bd4d79@group-39017AAFEA81-LeaderElection157] INFO  impl.RoleInfo (RoleInfo.java:shutdownLeaderElection(134)) - a9f2dbb7-43c3-4367-8346-947b48bd4d79: shutdown LeaderElection
2019-10-04 13:46:33,007 [abf7bc81-30d5-42c0-a0af-45d0cecf5915@group-39017AAFEA81-LeaderElection156] INFO  impl.RoleInfo (RoleInfo.java:shutdownLeaderElection(134)) - abf7bc81-30d5-42c0-a0af-45d0cecf5915: shutdown LeaderElection
2019-10-04 13:46:33,007 [a9f2dbb7-43c3-4367-8346-947b48bd4d79@group-39017AAFEA81-LeaderElection157] INFO  impl.RoleInfo (RoleInfo.java:updateAndGet(143)) - a9f2dbb7-43c3-4367-8346-947b48bd4d79: start FollowerState
2019-10-04 13:46:33,007 [abf7bc81-30d5-42c0-a0af-45d0cecf5915@group-39017AAFEA81-LeaderElection156] INFO  impl.RoleInfo (RoleInfo.java:updateAndGet(143)) - abf7bc81-30d5-42c0-a0af-45d0cecf5915: start FollowerState
2019-10-04 13:46:33,281 [pool-559-thread-1] INFO  storage.RaftStorage (RaftStorage.java:format(84)) - Storage directory /workdir/hadoop-ozone/integration-test/target/test-dir/MiniOzoneClusterImpl-7f8d01bd-209a-4bb2-b348-2961670ba14e/datanode-5/data/ratis/dc5b2a50-9bb3-4523-abb0-b080c88a3813 has been successfully formatted.
2019-10-04 13:46:33,281 [pool-549-thread-1] INFO  storage.RaftStorage (RaftStorage.java:format(84)) - Storage directory /workdir/hadoop-ozone/integration-test/target/test-dir/MiniOzoneClusterImpl-7f8d01bd-209a-4bb2-b348-2961670ba14e/datanode-4/data/ratis/dc5b2a50-9bb3-4523-abb0-b080c88a3813 has been successfully formatted.
2019-10-04 13:46:33,282 [pool-559-thread-1] INFO  ratis.ContainerStateMachine (ContainerStateMachine.java:loadSnapshot(230)) - group-B080C88A3813: The snapshot info is null. Setting the last applied indexto:(t:0, i:~)
2019-10-04 13:46:33,281 [pool-589-thread-1] INFO  storage.RaftStorage (RaftStorage.java:format(84)) - Storage directory /workdir/hadoop-ozone/integration-test/target/test-dir/MiniOzoneClusterImpl-7f8d01bd-209a-4bb2-b348-2961670ba14e/datanode-8/data/ratis/dc5b2a50-9bb3-4523-abb0-b080c88a3813 has been successfully formatted.
2019-10-04 13:46:33,282 [pool-549-thread-1] INFO  ratis.ContainerStateMachine (ContainerStateMachine.java:loadSnapshot(230)) - group-B080C88A3813: The snapshot info is null. Setting the last applied indexto:(t:0, i:~)
2019-10-04 13:46:33,282 [pool-559-thread-1] INFO  server.RaftServerConfigKeys (ConfUtils.java:logGet(43)) - raft.server.notification.no-leader.timeout = 120s (custom)
2019-10-04 13:46:33,282 [pool-589-thread-1] INFO  ratis.ContainerStateMachine (ContainerStateMachine.java:loadSnapshot(230)) - group-B080C88A3813: The snapshot info is null. Setting the last applied indexto:(t:0, i:~)
2019-10-04 13:46:33,282 [pool-549-thread-1] INFO  server.RaftServerConfigKeys (ConfUtils.java:logGet(43)) - raft.server.notification.no-leader.timeout = 120s (custom)
2019-10-04 13:46:33,282 [pool-589-thread-1] INFO  server.RaftServerConfigKeys (ConfUtils.java:logGet(43)) - raft.server.notification.no-leader.timeout = 120s (custom)
2019-10-04 13:46:33,282 [pool-559-thread-1] INFO  server.RaftServerConfigKeys (ConfUtils.java:logGet(43)) - raft.server.log.use.memory = false (default)
2019-10-04 13:46:33,282 [pool-589-thread-1] INFO  server.RaftServerConfigKeys (ConfUtils.java:logGet(43)) - raft.server.log.use.memory = false (default)
2019-10-04 13:46:33,282 [pool-549-thread-1] INFO  server.RaftServerConfigKeys (ConfUtils.java:logGet(43)) - raft.server.log.use.memory = false (default)
2019-10-04 13:46:33,283 [pool-589-thread-1] INFO  server.RaftServerConfigKeys (ConfUtils.java:logGet(43)) - raft.server.log.purge.gap = 1000000 (custom)
2019-10-04 13:46:33,282 [pool-559-thread-1] INFO  server.RaftServerConfigKeys (ConfUtils.java:logGet(43)) - raft.server.log.purge.gap = 1000000 (custom)
2019-10-04 13:46:33,283 [pool-589-thread-1] INFO  server.RaftServerConfigKeys (ConfUtils.java:logGet(43)) - raft.server.log.appender.buffer.byte-limit = 33554432 (custom)
2019-10-04 13:46:33,283 [pool-549-thread-1] INFO  server.RaftServerConfigKeys (ConfUtils.java:logGet(43)) - raft.server.log.purge.gap = 1000000 (custom)
2019-10-04 13:46:33,283 [pool-589-thread-1] INFO  server.RaftServerConfigKeys (ConfUtils.java:logGet(43)) - raft.server.log.segment.size.max = 1048576 (custom)
2019-10-04 13:46:33,283 [pool-589-thread-1] INFO  server.RaftServerConfigKeys (ConfUtils.java:logGet(43)) - raft.server.log.segment.cache.num.max = 2 (custom)
2019-10-04 13:46:33,283 [pool-589-thread-1] INFO  segmented.SegmentedRaftLogWorker (SegmentedRaftLogWorker.java:<init>(173)) - new 870a27db-da30-4d61-a408-9d113e1c9716@group-B080C88A3813-SegmentedRaftLogWorker for RaftStorage:Storage Directory /workdir/hadoop-ozone/integration-test/target/test-dir/MiniOzoneClusterImpl-7f8d01bd-209a-4bb2-b348-2961670ba14e/datanode-8/data/ratis/dc5b2a50-9bb3-4523-abb0-b080c88a3813
2019-10-04 13:46:33,284 [pool-589-thread-1] INFO  server.RaftServerConfigKeys (ConfUtils.java:logGet(43)) - raft.server.log.queue.byte-limit = 2147483647 (custom)
2019-10-04 13:46:33,284 [pool-589-thread-1] INFO  server.RaftServerConfigKeys (ConfUtils.java:logGet(43)) - raft.server.log.queue.element-limit = 1024 (custom)
2019-10-04 13:46:33,284 [pool-589-thread-1] INFO  server.RaftServerConfigKeys (ConfUtils.java:logGet(43)) - raft.server.log.segment.size.max = 1048576 (custom)
2019-10-04 13:46:33,284 [pool-589-thread-1] INFO  server.RaftServerConfigKeys (ConfUtils.java:logGet(43)) - raft.server.log.preallocated.size = 16384 (custom)
2019-10-04 13:46:33,284 [pool-589-thread-1] INFO  server.RaftServerConfigKeys (ConfUtils.java:logGet(43)) - raft.server.log.write.buffer.size = 33554432 (custom)
2019-10-04 13:46:33,284 [pool-589-thread-1] INFO  server.RaftServerConfigKeys (ConfUtils.java:logGet(43)) - raft.server.log.force.sync.num = 128 (default)
2019-10-04 13:46:33,284 [pool-589-thread-1] INFO  server.RaftServerConfigKeys (ConfUtils.java:logGet(43)) - raft.server.log.statemachine.data.sync = true (default)
2019-10-04 13:46:33,284 [pool-589-thread-1] INFO  server.RaftServerConfigKeys (ConfUtils.java:logGet(43)) - raft.server.log.statemachine.data.sync.timeout = 10s (default)
2019-10-04 13:46:33,285 [pool-589-thread-1] INFO  server.RaftServerConfigKeys (ConfUtils.java:logGet(43)) - raft.server.log.statemachine.data.sync.timeout.retry = -1 (default)
2019-10-04 13:46:33,285 [pool-589-thread-1] INFO  server.RaftServerConfigKeys (ConfUtils.java:logGet(43)) - raft.server.log.statemachine.data.caching.enabled = true (custom)
2019-10-04 13:46:33,285 [pool-589-thread-1] INFO  segmented.SegmentedRaftLogWorker (SegmentedRaftLogWorker.java:lambda$new$0(128)) - 870a27db-da30-4d61-a408-9d113e1c9716@group-B080C88A3813-SegmentedRaftLogWorker: flushIndex: setUnconditionally 0 -> -1
2019-10-04 13:46:33,286 [pool-589-thread-1] INFO  server.RaftServerConfigKeys (ConfUtils.java:logGet(43)) - raft.server.snapshot.auto.trigger.enabled = true (custom)
2019-10-04 13:46:33,286 [pool-589-thread-1] INFO  server.RaftServerConfigKeys (ConfUtils.java:logGet(43)) - raft.server.snapshot.auto.trigger.threshold = 10000 (custom)
2019-10-04 13:46:33,286 [pool-589-thread-1] INFO  server.RaftServerConfigKeys (ConfUtils.java:logGet(43)) - raft.server.snapshot.retention.file.num = 5 (custom)
2019-10-04 13:46:33,286 [pool-589-thread-1] INFO  server.RaftServerConfigKeys (ConfUtils.java:logGet(43)) - raft.server.retrycache.expirytime = 600000ms (custom)
2019-10-04 13:46:33,283 [pool-559-thread-1] INFO  server.RaftServerConfigKeys (ConfUtils.java:logGet(43)) - raft.server.log.appender.buffer.byte-limit = 33554432 (custom)
2019-10-04 13:46:33,283 [pool-549-thread-1] INFO  server.RaftServerConfigKeys (ConfUtils.java:logGet(43)) - raft.server.log.appender.buffer.byte-limit = 33554432 (custom)
2019-10-04 13:46:33,287 [pool-559-thread-1] INFO  server.RaftServerConfigKeys (ConfUtils.java:logGet(43)) - raft.server.log.segment.size.max = 1048576 (custom)
2019-10-04 13:46:33,287 [pool-549-thread-1] INFO  server.RaftServerConfigKeys (ConfUtils.java:logGet(43)) - raft.server.log.segment.size.max = 1048576 (custom)
2019-10-04 13:46:33,287 [pool-559-thread-1] INFO  server.RaftServerConfigKeys (ConfUtils.java:logGet(43)) - raft.server.log.segment.cache.num.max = 2 (custom)
2019-10-04 13:46:33,287 [pool-549-thread-1] INFO  server.RaftServerConfigKeys (ConfUtils.java:logGet(43)) - raft.server.log.segment.cache.num.max = 2 (custom)
2019-10-04 13:46:33,287 [pool-559-thread-1] INFO  segmented.SegmentedRaftLogWorker (SegmentedRaftLogWorker.java:<init>(173)) - new 34bb4e64-1059-4030-8a56-fd9416faa756@group-B080C88A3813-SegmentedRaftLogWorker for RaftStorage:Storage Directory /workdir/hadoop-ozone/integration-test/target/test-dir/MiniOzoneClusterImpl-7f8d01bd-209a-4bb2-b348-2961670ba14e/datanode-5/data/ratis/dc5b2a50-9bb3-4523-abb0-b080c88a3813
2019-10-04 13:46:33,288 [pool-559-thread-1] INFO  server.RaftServerConfigKeys (ConfUtils.java:logGet(43)) - raft.server.log.queue.byte-limit = 2147483647 (custom)
2019-10-04 13:46:33,288 [pool-559-thread-1] INFO  server.RaftServerConfigKeys (ConfUtils.java:logGet(43)) - raft.server.log.queue.element-limit = 1024 (custom)
2019-10-04 13:46:33,288 [pool-559-thread-1] INFO  server.RaftServerConfigKeys (ConfUtils.java:logGet(43)) - raft.server.log.segment.size.max = 1048576 (custom)
2019-10-04 13:46:33,288 [pool-559-thread-1] INFO  server.RaftServerConfigKeys (ConfUtils.java:logGet(43)) - raft.server.log.preallocated.size = 16384 (custom)
2019-10-04 13:46:33,288 [pool-559-thread-1] INFO  server.RaftServerConfigKeys (ConfUtils.java:logGet(43)) - raft.server.log.write.buffer.size = 33554432 (custom)
2019-10-04 13:46:33,288 [pool-559-thread-1] INFO  server.RaftServerConfigKeys (ConfUtils.java:logGet(43)) - raft.server.log.force.sync.num = 128 (default)
2019-10-04 13:46:33,288 [pool-559-thread-1] INFO  server.RaftServerConfigKeys (ConfUtils.java:logGet(43)) - raft.server.log.statemachine.data.sync = true (default)
2019-10-04 13:46:33,287 [pool-549-thread-1] INFO  segmented.SegmentedRaftLogWorker (SegmentedRaftLogWorker.java:<init>(173)) - new 1acd4a7f-a859-40e1-8534-5adb5341c727@group-B080C88A3813-SegmentedRaftLogWorker for RaftStorage:Storage Directory /workdir/hadoop-ozone/integration-test/target/test-dir/MiniOzoneClusterImpl-7f8d01bd-209a-4bb2-b348-2961670ba14e/datanode-4/data/ratis/dc5b2a50-9bb3-4523-abb0-b080c88a3813
2019-10-04 13:46:33,289 [pool-559-thread-1] INFO  server.RaftServerConfigKeys (ConfUtils.java:logGet(43)) - raft.server.log.statemachine.data.sync.timeout = 10s (default)
2019-10-04 13:46:33,288 [pool-589-thread-1] INFO  impl.RaftServerImpl (RaftServerImpl.java:start(181)) - 870a27db-da30-4d61-a408-9d113e1c9716@group-B080C88A3813: start as a follower, conf=-1: [1acd4a7f-a859-40e1-8534-5adb5341c727:192.168.30.33:43799, 34bb4e64-1059-4030-8a56-fd9416faa756:192.168.30.33:39854, 870a27db-da30-4d61-a408-9d113e1c9716:192.168.30.33:42515], old=null
2019-10-04 13:46:33,289 [pool-559-thread-1] INFO  server.RaftServerConfigKeys (ConfUtils.java:logGet(43)) - raft.server.log.statemachine.data.sync.timeout.retry = -1 (default)
2019-10-04 13:46:33,289 [pool-549-thread-1] INFO  server.RaftServerConfigKeys (ConfUtils.java:logGet(43)) - raft.server.log.queue.byte-limit = 2147483647 (custom)
2019-10-04 13:46:33,289 [pool-559-thread-1] INFO  server.RaftServerConfigKeys (ConfUtils.java:logGet(43)) - raft.server.log.statemachine.data.caching.enabled = true (custom)
2019-10-04 13:46:33,289 [pool-589-thread-1] INFO  impl.RaftServerImpl (RaftServerImpl.java:setRole(170)) - 870a27db-da30-4d61-a408-9d113e1c9716@group-B080C88A3813: changes role from      null to FOLLOWER at term 0 for startAsFollower
2019-10-04 13:46:33,289 [pool-549-thread-1] INFO  server.RaftServerConfigKeys (ConfUtils.java:logGet(43)) - raft.server.log.queue.element-limit = 1024 (custom)
2019-10-04 13:46:33,290 [pool-559-thread-1] INFO  segmented.SegmentedRaftLogWorker (SegmentedRaftLogWorker.java:lambda$new$0(128)) - 34bb4e64-1059-4030-8a56-fd9416faa756@group-B080C88A3813-SegmentedRaftLogWorker: flushIndex: setUnconditionally 0 -> -1
2019-10-04 13:46:33,290 [pool-589-thread-1] INFO  impl.RoleInfo (RoleInfo.java:updateAndGet(143)) - 870a27db-da30-4d61-a408-9d113e1c9716: start FollowerState
2019-10-04 13:46:33,290 [pool-549-thread-1] INFO  server.RaftServerConfigKeys (ConfUtils.java:logGet(43)) - raft.server.log.segment.size.max = 1048576 (custom)
2019-10-04 13:46:33,290 [pool-559-thread-1] INFO  server.RaftServerConfigKeys (ConfUtils.java:logGet(43)) - raft.server.snapshot.auto.trigger.enabled = true (custom)
2019-10-04 13:46:33,290 [pool-589-thread-1] INFO  util.JmxRegister (JmxRegister.java:tryRegister(44)) - Successfully registered JMX Bean with object name Ratis:service=RaftServer,group=group-B080C88A3813,id=870a27db-da30-4d61-a408-9d113e1c9716
2019-10-04 13:46:33,290 [pool-549-thread-1] INFO  server.RaftServerConfigKeys (ConfUtils.java:logGet(43)) - raft.server.log.preallocated.size = 16384 (custom)
2019-10-04 13:46:33,290 [pool-559-thread-1] INFO  server.RaftServerConfigKeys (ConfUtils.java:logGet(43)) - raft.server.snapshot.auto.trigger.threshold = 10000 (custom)
2019-10-04 13:46:33,291 [pool-559-thread-1] INFO  server.RaftServerConfigKeys (ConfUtils.java:logGet(43)) - raft.server.snapshot.retention.file.num = 5 (custom)
2019-10-04 13:46:33,291 [pool-549-thread-1] INFO  server.RaftServerConfigKeys (ConfUtils.java:logGet(43)) - raft.server.log.write.buffer.size = 33554432 (custom)
2019-10-04 13:46:33,291 [pool-559-thread-1] INFO  server.RaftServerConfigKeys (ConfUtils.java:logGet(43)) - raft.server.retrycache.expirytime = 600000ms (custom)
2019-10-04 13:46:33,291 [pool-549-thread-1] INFO  server.RaftServerConfigKeys (ConfUtils.java:logGet(43)) - raft.server.log.force.sync.num = 128 (default)
2019-10-04 13:46:33,291 [pool-549-thread-1] INFO  server.RaftServerConfigKeys (ConfUtils.java:logGet(43)) - raft.server.log.statemachine.data.sync = true (default)
2019-10-04 13:46:33,292 [pool-549-thread-1] INFO  server.RaftServerConfigKeys (ConfUtils.java:logGet(43)) - raft.server.log.statemachine.data.sync.timeout = 10s (default)
2019-10-04 13:46:33,292 [pool-549-thread-1] INFO  server.RaftServerConfigKeys (ConfUtils.java:logGet(43)) - raft.server.log.statemachine.data.sync.timeout.retry = -1 (default)
2019-10-04 13:46:33,292 [pool-549-thread-1] INFO  server.RaftServerConfigKeys (ConfUtils.java:logGet(43)) - raft.server.log.statemachine.data.caching.enabled = true (custom)
2019-10-04 13:46:33,292 [pool-549-thread-1] INFO  segmented.SegmentedRaftLogWorker (SegmentedRaftLogWorker.java:lambda$new$0(128)) - 1acd4a7f-a859-40e1-8534-5adb5341c727@group-B080C88A3813-SegmentedRaftLogWorker: flushIndex: setUnconditionally 0 -> -1
2019-10-04 13:46:33,293 [pool-549-thread-1] INFO  server.RaftServerConfigKeys (ConfUtils.java:logGet(43)) - raft.server.snapshot.auto.trigger.enabled = true (custom)
2019-10-04 13:46:33,293 [pool-549-thread-1] INFO  server.RaftServerConfigKeys (ConfUtils.java:logGet(43)) - raft.server.snapshot.auto.trigger.threshold = 10000 (custom)
2019-10-04 13:46:33,293 [pool-549-thread-1] INFO  server.RaftServerConfigKeys (ConfUtils.java:logGet(43)) - raft.server.snapshot.retention.file.num = 5 (custom)
2019-10-04 13:46:33,293 [pool-549-thread-1] INFO  server.RaftServerConfigKeys (ConfUtils.java:logGet(43)) - raft.server.retrycache.expirytime = 600000ms (custom)
2019-10-04 13:46:33,293 [pool-559-thread-1] INFO  impl.RaftServerImpl (RaftServerImpl.java:start(181)) - 34bb4e64-1059-4030-8a56-fd9416faa756@group-B080C88A3813: start as a follower, conf=-1: [1acd4a7f-a859-40e1-8534-5adb5341c727:192.168.30.33:43799, 34bb4e64-1059-4030-8a56-fd9416faa756:192.168.30.33:39854, 870a27db-da30-4d61-a408-9d113e1c9716:192.168.30.33:42515], old=null
2019-10-04 13:46:33,293 [pool-559-thread-1] INFO  impl.RaftServerImpl (RaftServerImpl.java:setRole(170)) - 34bb4e64-1059-4030-8a56-fd9416faa756@group-B080C88A3813: changes role from      null to FOLLOWER at term 0 for startAsFollower
2019-10-04 13:46:33,293 [pool-559-thread-1] INFO  impl.RoleInfo (RoleInfo.java:updateAndGet(143)) - 34bb4e64-1059-4030-8a56-fd9416faa756: start FollowerState
2019-10-04 13:46:33,294 [pool-559-thread-1] INFO  util.JmxRegister (JmxRegister.java:tryRegister(44)) - Successfully registered JMX Bean with object name Ratis:service=RaftServer,group=group-B080C88A3813,id=34bb4e64-1059-4030-8a56-fd9416faa756
2019-10-04 13:46:33,295 [pool-549-thread-1] INFO  impl.RaftServerImpl (RaftServerImpl.java:start(181)) - 1acd4a7f-a859-40e1-8534-5adb5341c727@group-B080C88A3813: start as a follower, conf=-1: [1acd4a7f-a859-40e1-8534-5adb5341c727:192.168.30.33:43799, 34bb4e64-1059-4030-8a56-fd9416faa756:192.168.30.33:39854, 870a27db-da30-4d61-a408-9d113e1c9716:192.168.30.33:42515], old=null
2019-10-04 13:46:33,295 [pool-549-thread-1] INFO  impl.RaftServerImpl (RaftServerImpl.java:setRole(170)) - 1acd4a7f-a859-40e1-8534-5adb5341c727@group-B080C88A3813: changes role from      null to FOLLOWER at term 0 for startAsFollower
2019-10-04 13:46:33,295 [pool-549-thread-1] INFO  impl.RoleInfo (RoleInfo.java:updateAndGet(143)) - 1acd4a7f-a859-40e1-8534-5adb5341c727: start FollowerState
2019-10-04 13:46:33,295 [pool-549-thread-1] INFO  util.JmxRegister (JmxRegister.java:tryRegister(44)) - Successfully registered JMX Bean with object name Ratis:service=RaftServer,group=group-B080C88A3813,id=1acd4a7f-a859-40e1-8534-5adb5341c727
2019-10-04 13:46:33,298 [RatisPipelineUtilsThread] INFO  pipeline.PipelineStateManager (PipelineStateManager.java:addPipeline(56)) - Created pipeline Pipeline[ Id: dc5b2a50-9bb3-4523-abb0-b080c88a3813, Nodes: 1acd4a7f-a859-40e1-8534-5adb5341c727{ip: 192.168.30.33, host: pr-hdds-2233-hr7xq-248966361, networkLocation: /rack1, certSerialId: null}870a27db-da30-4d61-a408-9d113e1c9716{ip: 192.168.30.33, host: pr-hdds-2233-hr7xq-248966361, networkLocation: /rack1, certSerialId: null}34bb4e64-1059-4030-8a56-fd9416faa756{ip: 192.168.30.33, host: pr-hdds-2233-hr7xq-248966361, networkLocation: /rack1, certSerialId: null}, Type:RATIS, Factor:THREE, State:OPEN]
2019-10-04 13:46:33,312 [grpc-default-executor-0] INFO  impl.RaftServerProxy (RaftServerProxy.java:addNew(89)) - f7391afe-e883-4b58-900a-eef83ef5e847: addNew group-6C24881946A3:[e7c9b6e5-8734-4888-9a82-5562d6bfa950:192.168.30.33:44869, d30cfae4-72b5-4ec1-a6ad-4fabcec0d6f2:192.168.30.33:40495, f7391afe-e883-4b58-900a-eef83ef5e847:192.168.30.33:36496] returns group-6C24881946A3:java.util.concurrent.CompletableFuture@30af3ab1[Not completed]
2019-10-04 13:46:33,312 [grpc-default-executor-9] INFO  impl.RaftServerProxy (RaftServerProxy.java:addNew(89)) - d30cfae4-72b5-4ec1-a6ad-4fabcec0d6f2: addNew group-6C24881946A3:[e7c9b6e5-8734-4888-9a82-5562d6bfa950:192.168.30.33:44869, d30cfae4-72b5-4ec1-a6ad-4fabcec0d6f2:192.168.30.33:40495, f7391afe-e883-4b58-900a-eef83ef5e847:192.168.30.33:36496] returns group-6C24881946A3:java.util.concurrent.CompletableFuture@16e129c3[Not completed]
2019-10-04 13:46:33,312 [grpc-default-executor-10] INFO  impl.RaftServerProxy (RaftServerProxy.java:addNew(89)) - e7c9b6e5-8734-4888-9a82-5562d6bfa950: addNew group-6C24881946A3:[e7c9b6e5-8734-4888-9a82-5562d6bfa950:192.168.30.33:44869, d30cfae4-72b5-4ec1-a6ad-4fabcec0d6f2:192.168.30.33:40495, f7391afe-e883-4b58-900a-eef83ef5e847:192.168.30.33:36496] returns group-6C24881946A3:java.util.concurrent.CompletableFuture@b623a[Not completed]
2019-10-04 13:46:33,313 [pool-579-thread-1] INFO  impl.RaftServerImpl (RaftServerImpl.java:<init>(95)) - f7391afe-e883-4b58-900a-eef83ef5e847: new RaftServerImpl for group-6C24881946A3:[e7c9b6e5-8734-4888-9a82-5562d6bfa950:192.168.30.33:44869, d30cfae4-72b5-4ec1-a6ad-4fabcec0d6f2:192.168.30.33:40495, f7391afe-e883-4b58-900a-eef83ef5e847:192.168.30.33:36496] with ContainerStateMachine:uninitialized
2019-10-04 13:46:33,314 [pool-579-thread-1] INFO  server.RaftServerConfigKeys (ConfUtils.java:logGet(43)) - raft.server.rpc.timeout.min = 1s (custom)
2019-10-04 13:46:33,314 [pool-579-thread-1] INFO  server.RaftServerConfigKeys (ConfUtils.java:logGet(43)) - raft.server.rpc.timeout.max = 1200ms (custom)
2019-10-04 13:46:33,314 [pool-579-thread-1] INFO  server.RaftServerConfigKeys (ConfUtils.java:logGet(43)) - raft.server.rpcslowness.timeout = 120s (custom)
2019-10-04 13:46:33,314 [pool-599-thread-1] INFO  impl.RaftServerImpl (RaftServerImpl.java:<init>(95)) - d30cfae4-72b5-4ec1-a6ad-4fabcec0d6f2: new RaftServerImpl for group-6C24881946A3:[e7c9b6e5-8734-4888-9a82-5562d6bfa950:192.168.30.33:44869, d30cfae4-72b5-4ec1-a6ad-4fabcec0d6f2:192.168.30.33:40495, f7391afe-e883-4b58-900a-eef83ef5e847:192.168.30.33:36496] with ContainerStateMachine:uninitialized
2019-10-04 13:46:33,314 [pool-579-thread-1] INFO  server.RaftServerConfigKeys (ConfUtils.java:logGet(43)) - raft.server.sleep.deviation.threshold = 300 (default)
2019-10-04 13:46:33,314 [pool-599-thread-1] INFO  server.RaftServerConfigKeys (ConfUtils.java:logGet(43)) - raft.server.rpc.timeout.min = 1s (custom)
2019-10-04 13:46:33,314 [pool-579-thread-1] INFO  server.RaftServerConfigKeys (ConfUtils.java:logGet(43)) - raft.server.log.appender.install.snapshot.enabled = false (custom)
2019-10-04 13:46:33,314 [pool-539-thread-1] INFO  impl.RaftServerImpl (RaftServerImpl.java:<init>(95)) - e7c9b6e5-8734-4888-9a82-5562d6bfa950: new RaftServerImpl for group-6C24881946A3:[e7c9b6e5-8734-4888-9a82-5562d6bfa950:192.168.30.33:44869, d30cfae4-72b5-4ec1-a6ad-4fabcec0d6f2:192.168.30.33:40495, f7391afe-e883-4b58-900a-eef83ef5e847:192.168.30.33:36496] with ContainerStateMachine:uninitialized
2019-10-04 13:46:33,314 [pool-599-thread-1] INFO  server.RaftServerConfigKeys (ConfUtils.java:logGet(43)) - raft.server.rpc.timeout.max = 1200ms (custom)
2019-10-04 13:46:33,314 [pool-539-thread-1] INFO  server.RaftServerConfigKeys (ConfUtils.java:logGet(43)) - raft.server.rpc.timeout.min = 1s (custom)
2019-10-04 13:46:33,314 [pool-579-thread-1] INFO  impl.RaftServerImpl (ServerState.java:<init>(103)) - f7391afe-e883-4b58-900a-eef83ef5e847@group-6C24881946A3: ConfigurationManager, init=-1: [e7c9b6e5-8734-4888-9a82-5562d6bfa950:192.168.30.33:44869, d30cfae4-72b5-4ec1-a6ad-4fabcec0d6f2:192.168.30.33:40495, f7391afe-e883-4b58-900a-eef83ef5e847:192.168.30.33:36496], old=null, confs=<EMPTY_MAP>
2019-10-04 13:46:33,315 [pool-539-thread-1] INFO  server.RaftServerConfigKeys (ConfUtils.java:logGet(43)) - raft.server.rpc.timeout.max = 1200ms (custom)
2019-10-04 13:46:33,314 [pool-599-thread-1] INFO  server.RaftServerConfigKeys (ConfUtils.java:logGet(43)) - raft.server.rpcslowness.timeout = 120s (custom)
2019-10-04 13:46:33,315 [pool-539-thread-1] INFO  server.RaftServerConfigKeys (ConfUtils.java:logGet(43)) - raft.server.rpcslowness.timeout = 120s (custom)
2019-10-04 13:46:33,315 [pool-579-thread-1] INFO  server.RaftServerConfigKeys (ConfUtils.java:logGet(43)) - raft.server.storage.dir = [/workdir/hadoop-ozone/integration-test/target/test-dir/MiniOzoneClusterImpl-7f8d01bd-209a-4bb2-b348-2961670ba14e/datanode-7/data/ratis] (custom)
2019-10-04 13:46:33,315 [pool-539-thread-1] INFO  server.RaftServerConfigKeys (ConfUtils.java:logGet(43)) - raft.server.sleep.deviation.threshold = 300 (default)
2019-10-04 13:46:33,315 [pool-599-thread-1] INFO  server.RaftServerConfigKeys (ConfUtils.java:logGet(43)) - raft.server.sleep.deviation.threshold = 300 (default)
2019-10-04 13:46:33,315 [pool-579-thread-1] INFO  server.RaftServerConfigKeys (ConfUtils.java:logGet(43)) - raft.server.log.corruption.policy = EXCEPTION (default)
2019-10-04 13:46:33,315 [pool-539-thread-1] INFO  server.RaftServerConfigKeys (ConfUtils.java:logGet(43)) - raft.server.log.appender.install.snapshot.enabled = false (custom)
2019-10-04 13:46:33,315 [pool-579-thread-1] INFO  storage.RaftStorageDirectory (RaftStorageDirectory.java:analyzeStorage(246)) - The storage directory /workdir/hadoop-ozone/integration-test/target/test-dir/MiniOzoneClusterImpl-7f8d01bd-209a-4bb2-b348-2961670ba14e/datanode-7/data/ratis/bf50c1f5-c1f7-41c7-9d91-6c24881946a3 does not exist. Creating ...
2019-10-04 13:46:33,315 [pool-599-thread-1] INFO  server.RaftServerConfigKeys (ConfUtils.java:logGet(43)) - raft.server.log.appender.install.snapshot.enabled = false (custom)
2019-10-04 13:46:33,315 [pool-539-thread-1] INFO  impl.RaftServerImpl (ServerState.java:<init>(103)) - e7c9b6e5-8734-4888-9a82-5562d6bfa950@group-6C24881946A3: ConfigurationManager, init=-1: [e7c9b6e5-8734-4888-9a82-5562d6bfa950:192.168.30.33:44869, d30cfae4-72b5-4ec1-a6ad-4fabcec0d6f2:192.168.30.33:40495, f7391afe-e883-4b58-900a-eef83ef5e847:192.168.30.33:36496], old=null, confs=<EMPTY_MAP>
2019-10-04 13:46:33,316 [pool-599-thread-1] INFO  impl.RaftServerImpl (ServerState.java:<init>(103)) - d30cfae4-72b5-4ec1-a6ad-4fabcec0d6f2@group-6C24881946A3: ConfigurationManager, init=-1: [e7c9b6e5-8734-4888-9a82-5562d6bfa950:192.168.30.33:44869, d30cfae4-72b5-4ec1-a6ad-4fabcec0d6f2:192.168.30.33:40495, f7391afe-e883-4b58-900a-eef83ef5e847:192.168.30.33:36496], old=null, confs=<EMPTY_MAP>
2019-10-04 13:46:33,316 [pool-539-thread-1] INFO  server.RaftServerConfigKeys (ConfUtils.java:logGet(43)) - raft.server.storage.dir = [/workdir/hadoop-ozone/integration-test/target/test-dir/MiniOzoneClusterImpl-7f8d01bd-209a-4bb2-b348-2961670ba14e/datanode-3/data/ratis] (custom)
2019-10-04 13:46:33,316 [pool-599-thread-1] INFO  server.RaftServerConfigKeys (ConfUtils.java:logGet(43)) - raft.server.storage.dir = [/workdir/hadoop-ozone/integration-test/target/test-dir/MiniOzoneClusterImpl-7f8d01bd-209a-4bb2-b348-2961670ba14e/datanode-9/data/ratis] (custom)
2019-10-04 13:46:33,316 [pool-539-thread-1] INFO  server.RaftServerConfigKeys (ConfUtils.java:logGet(43)) - raft.server.log.corruption.policy = EXCEPTION (default)
2019-10-04 13:46:33,316 [pool-599-thread-1] INFO  server.RaftServerConfigKeys (ConfUtils.java:logGet(43)) - raft.server.log.corruption.policy = EXCEPTION (default)
2019-10-04 13:46:33,316 [pool-539-thread-1] INFO  storage.RaftStorageDirectory (RaftStorageDirectory.java:analyzeStorage(246)) - The storage directory /workdir/hadoop-ozone/integration-test/target/test-dir/MiniOzoneClusterImpl-7f8d01bd-209a-4bb2-b348-2961670ba14e/datanode-3/data/ratis/bf50c1f5-c1f7-41c7-9d91-6c24881946a3 does not exist. Creating ...
2019-10-04 13:46:33,316 [pool-599-thread-1] INFO  storage.RaftStorageDirectory (RaftStorageDirectory.java:analyzeStorage(246)) - The storage directory /workdir/hadoop-ozone/integration-test/target/test-dir/MiniOzoneClusterImpl-7f8d01bd-209a-4bb2-b348-2961670ba14e/datanode-9/data/ratis/bf50c1f5-c1f7-41c7-9d91-6c24881946a3 does not exist. Creating ...
2019-10-04 13:46:33,448 [f7391afe-e883-4b58-900a-eef83ef5e847@group-18951069478A-SegmentedRaftLogWorker] INFO  segmented.SegmentedRaftLogWorker (SegmentedRaftLogWorker.java:execute(574)) - f7391afe-e883-4b58-900a-eef83ef5e847@group-18951069478A-SegmentedRaftLogWorker: created new log segment /workdir/hadoop-ozone/integration-test/target/test-dir/MiniOzoneClusterImpl-7f8d01bd-209a-4bb2-b348-2961670ba14e/datanode-7/data/ratis/ae3a3fdd-d5a9-44b1-afc9-18951069478a/current/log_inprogress_0
2019-10-04 13:46:33,766 [pool-599-thread-1] INFO  storage.RaftStorageDirectory (RaftStorageDirectory.java:tryLock(328)) - Lock on /workdir/hadoop-ozone/integration-test/target/test-dir/MiniOzoneClusterImpl-7f8d01bd-209a-4bb2-b348-2961670ba14e/datanode-9/data/ratis/bf50c1f5-c1f7-41c7-9d91-6c24881946a3/in_use.lock acquired by nodename 10239@pr-hdds-2233-hr7xq-248966361
2019-10-04 13:46:33,766 [pool-579-thread-1] INFO  storage.RaftStorageDirectory (RaftStorageDirectory.java:tryLock(328)) - Lock on /workdir/hadoop-ozone/integration-test/target/test-dir/MiniOzoneClusterImpl-7f8d01bd-209a-4bb2-b348-2961670ba14e/datanode-7/data/ratis/bf50c1f5-c1f7-41c7-9d91-6c24881946a3/in_use.lock acquired by nodename 10239@pr-hdds-2233-hr7xq-248966361
2019-10-04 13:46:33,766 [pool-539-thread-1] INFO  storage.RaftStorageDirectory (RaftStorageDirectory.java:tryLock(328)) - Lock on /workdir/hadoop-ozone/integration-test/target/test-dir/MiniOzoneClusterImpl-7f8d01bd-209a-4bb2-b348-2961670ba14e/datanode-3/data/ratis/bf50c1f5-c1f7-41c7-9d91-6c24881946a3/in_use.lock acquired by nodename 10239@pr-hdds-2233-hr7xq-248966361
2019-10-04 13:46:34,085 [Thread-3526] INFO  impl.FollowerState (FollowerState.java:run(108)) - 4da2f670-0e5c-4bde-934c-3cd05d8a50a4@group-39017AAFEA81-FollowerState: change to CANDIDATE, lastRpcTime:1078ms, electionTimeout:1078ms
2019-10-04 13:46:34,085 [Thread-3526] INFO  impl.RoleInfo (RoleInfo.java:shutdownFollowerState(121)) - 4da2f670-0e5c-4bde-934c-3cd05d8a50a4: shutdown FollowerState
2019-10-04 13:46:34,085 [Thread-3526] INFO  impl.RaftServerImpl (RaftServerImpl.java:setRole(170)) - 4da2f670-0e5c-4bde-934c-3cd05d8a50a4@group-39017AAFEA81: changes role from  FOLLOWER to CANDIDATE at term 4 for changeToCandidate
2019-10-04 13:46:34,085 [Thread-3526] INFO  impl.RoleInfo (RoleInfo.java:updateAndGet(143)) - 4da2f670-0e5c-4bde-934c-3cd05d8a50a4: start LeaderElection
2019-10-04 13:46:34,135 [Thread-3528] INFO  impl.FollowerState (FollowerState.java:run(108)) - abf7bc81-30d5-42c0-a0af-45d0cecf5915@group-39017AAFEA81-FollowerState: change to CANDIDATE, lastRpcTime:1127ms, electionTimeout:1127ms
2019-10-04 13:46:34,135 [Thread-3528] INFO  impl.RoleInfo (RoleInfo.java:shutdownFollowerState(121)) - abf7bc81-30d5-42c0-a0af-45d0cecf5915: shutdown FollowerState
2019-10-04 13:46:34,135 [Thread-3528] INFO  impl.RaftServerImpl (RaftServerImpl.java:setRole(170)) - abf7bc81-30d5-42c0-a0af-45d0cecf5915@group-39017AAFEA81: changes role from  FOLLOWER to CANDIDATE at term 4 for changeToCandidate
2019-10-04 13:46:34,135 [Thread-3528] INFO  impl.RoleInfo (RoleInfo.java:updateAndGet(143)) - abf7bc81-30d5-42c0-a0af-45d0cecf5915: start LeaderElection
2019-10-04 13:46:34,187 [Thread-3527] INFO  impl.FollowerState (FollowerState.java:run(108)) - a9f2dbb7-43c3-4367-8346-947b48bd4d79@group-39017AAFEA81-FollowerState: change to CANDIDATE, lastRpcTime:1179ms, electionTimeout:1179ms
2019-10-04 13:46:34,187 [Thread-3527] INFO  impl.RoleInfo (RoleInfo.java:shutdownFollowerState(121)) - a9f2dbb7-43c3-4367-8346-947b48bd4d79: shutdown FollowerState
2019-10-04 13:46:34,187 [Thread-3527] INFO  impl.RaftServerImpl (RaftServerImpl.java:setRole(170)) - a9f2dbb7-43c3-4367-8346-947b48bd4d79@group-39017AAFEA81: changes role from  FOLLOWER to CANDIDATE at term 4 for changeToCandidate
2019-10-04 13:46:34,187 [Thread-3527] INFO  impl.RoleInfo (RoleInfo.java:updateAndGet(143)) - a9f2dbb7-43c3-4367-8346-947b48bd4d79: start LeaderElection
2019-10-04 13:46:34,382 [Thread-3534] INFO  impl.FollowerState (FollowerState.java:run(108)) - 34bb4e64-1059-4030-8a56-fd9416faa756@group-B080C88A3813-FollowerState: change to CANDIDATE, lastRpcTime:1088ms, electionTimeout:1088ms
2019-10-04 13:46:34,382 [Thread-3534] INFO  impl.RoleInfo (RoleInfo.java:shutdownFollowerState(121)) - 34bb4e64-1059-4030-8a56-fd9416faa756: shutdown FollowerState
2019-10-04 13:46:34,382 [Thread-3534] INFO  impl.RaftServerImpl (RaftServerImpl.java:setRole(170)) - 34bb4e64-1059-4030-8a56-fd9416faa756@group-B080C88A3813: changes role from  FOLLOWER to CANDIDATE at term 0 for changeToCandidate
2019-10-04 13:46:34,382 [Thread-3534] INFO  impl.RoleInfo (RoleInfo.java:updateAndGet(143)) - 34bb4e64-1059-4030-8a56-fd9416faa756: start LeaderElection
2019-10-04 13:46:34,457 [Thread-3535] INFO  impl.FollowerState (FollowerState.java:run(108)) - 1acd4a7f-a859-40e1-8534-5adb5341c727@group-B080C88A3813-FollowerState: change to CANDIDATE, lastRpcTime:1162ms, electionTimeout:1162ms
2019-10-04 13:46:34,458 [Thread-3535] INFO  impl.RoleInfo (RoleInfo.java:shutdownFollowerState(121)) - 1acd4a7f-a859-40e1-8534-5adb5341c727: shutdown FollowerState
2019-10-04 13:46:34,458 [Thread-3535] INFO  impl.RaftServerImpl (RaftServerImpl.java:setRole(170)) - 1acd4a7f-a859-40e1-8534-5adb5341c727@group-B080C88A3813: changes role from  FOLLOWER to CANDIDATE at term 0 for changeToCandidate
2019-10-04 13:46:34,458 [Thread-3535] INFO  impl.RoleInfo (RoleInfo.java:updateAndGet(143)) - 1acd4a7f-a859-40e1-8534-5adb5341c727: start LeaderElection
2019-10-04 13:46:34,477 [Thread-3530] INFO  impl.FollowerState (FollowerState.java:run(108)) - 870a27db-da30-4d61-a408-9d113e1c9716@group-B080C88A3813-FollowerState: change to CANDIDATE, lastRpcTime:1187ms, electionTimeout:1187ms
2019-10-04 13:46:34,478 [Thread-3530] INFO  impl.RoleInfo (RoleInfo.java:shutdownFollowerState(121)) - 870a27db-da30-4d61-a408-9d113e1c9716: shutdown FollowerState
2019-10-04 13:46:34,478 [Thread-3530] INFO  impl.RaftServerImpl (RaftServerImpl.java:setRole(170)) - 870a27db-da30-4d61-a408-9d113e1c9716@group-B080C88A3813: changes role from  FOLLOWER to CANDIDATE at term 0 for changeToCandidate
2019-10-04 13:46:34,478 [Thread-3530] INFO  impl.RoleInfo (RoleInfo.java:updateAndGet(143)) - 870a27db-da30-4d61-a408-9d113e1c9716: start LeaderElection
2019-10-04 13:46:34,671 [pool-579-thread-1] INFO  storage.RaftStorage (RaftStorage.java:format(84)) - Storage directory /workdir/hadoop-ozone/integration-test/target/test-dir/MiniOzoneClusterImpl-7f8d01bd-209a-4bb2-b348-2961670ba14e/datanode-7/data/ratis/bf50c1f5-c1f7-41c7-9d91-6c24881946a3 has been successfully formatted.
2019-10-04 13:46:34,671 [a9f2dbb7-43c3-4367-8346-947b48bd4d79@group-39017AAFEA81-LeaderElection161] INFO  impl.LeaderElection (LeaderElection.java:askForVotes(178)) - a9f2dbb7-43c3-4367-8346-947b48bd4d79@group-39017AAFEA81-LeaderElection161: begin an election at term 5 for -1: [4da2f670-0e5c-4bde-934c-3cd05d8a50a4:192.168.30.33:45990, a9f2dbb7-43c3-4367-8346-947b48bd4d79:192.168.30.33:34618, abf7bc81-30d5-42c0-a0af-45d0cecf5915:192.168.30.33:35055], old=null
2019-10-04 13:46:34,671 [pool-579-thread-1] INFO  ratis.ContainerStateMachine (ContainerStateMachine.java:loadSnapshot(230)) - group-6C24881946A3: The snapshot info is null. Setting the last applied indexto:(t:0, i:~)
2019-10-04 13:46:34,671 [abf7bc81-30d5-42c0-a0af-45d0cecf5915@group-39017AAFEA81-LeaderElection160] INFO  impl.LeaderElection (LeaderElection.java:askForVotes(178)) - abf7bc81-30d5-42c0-a0af-45d0cecf5915@group-39017AAFEA81-LeaderElection160: begin an election at term 5 for -1: [4da2f670-0e5c-4bde-934c-3cd05d8a50a4:192.168.30.33:45990, a9f2dbb7-43c3-4367-8346-947b48bd4d79:192.168.30.33:34618, abf7bc81-30d5-42c0-a0af-45d0cecf5915:192.168.30.33:35055], old=null
2019-10-04 13:46:34,671 [pool-539-thread-1] INFO  storage.RaftStorage (RaftStorage.java:format(84)) - Storage directory /workdir/hadoop-ozone/integration-test/target/test-dir/MiniOzoneClusterImpl-7f8d01bd-209a-4bb2-b348-2961670ba14e/datanode-3/data/ratis/bf50c1f5-c1f7-41c7-9d91-6c24881946a3 has been successfully formatted.
2019-10-04 13:46:34,671 [4da2f670-0e5c-4bde-934c-3cd05d8a50a4@group-39017AAFEA81-LeaderElection159] INFO  impl.LeaderElection (LeaderElection.java:askForVotes(178)) - 4da2f670-0e5c-4bde-934c-3cd05d8a50a4@group-39017AAFEA81-LeaderElection159: begin an election at term 5 for -1: [4da2f670-0e5c-4bde-934c-3cd05d8a50a4:192.168.30.33:45990, a9f2dbb7-43c3-4367-8346-947b48bd4d79:192.168.30.33:34618, abf7bc81-30d5-42c0-a0af-45d0cecf5915:192.168.30.33:35055], old=null
2019-10-04 13:46:34,671 [pool-599-thread-1] INFO  storage.RaftStorage (RaftStorage.java:format(84)) - Storage directory /workdir/hadoop-ozone/integration-test/target/test-dir/MiniOzoneClusterImpl-7f8d01bd-209a-4bb2-b348-2961670ba14e/datanode-9/data/ratis/bf50c1f5-c1f7-41c7-9d91-6c24881946a3 has been successfully formatted.
2019-10-04 13:46:34,672 [pool-539-thread-1] INFO  ratis.ContainerStateMachine (ContainerStateMachine.java:loadSnapshot(230)) - group-6C24881946A3: The snapshot info is null. Setting the last applied indexto:(t:0, i:~)
2019-10-04 13:46:34,671 [pool-579-thread-1] INFO  server.RaftServerConfigKeys (ConfUtils.java:logGet(43)) - raft.server.notification.no-leader.timeout = 120s (custom)
2019-10-04 13:46:34,672 [pool-539-thread-1] INFO  server.RaftServerConfigKeys (ConfUtils.java:logGet(43)) - raft.server.notification.no-leader.timeout = 120s (custom)
2019-10-04 13:46:34,672 [pool-599-thread-1] INFO  ratis.ContainerStateMachine (ContainerStateMachine.java:loadSnapshot(230)) - group-6C24881946A3: The snapshot info is null. Setting the last applied indexto:(t:0, i:~)
2019-10-04 13:46:34,672 [pool-539-thread-1] INFO  server.RaftServerConfigKeys (ConfUtils.java:logGet(43)) - raft.server.log.use.memory = false (default)
2019-10-04 13:46:34,672 [pool-579-thread-1] INFO  server.RaftServerConfigKeys (ConfUtils.java:logGet(43)) - raft.server.log.use.memory = false (default)
2019-10-04 13:46:34,673 [pool-539-thread-1] INFO  server.RaftServerConfigKeys (ConfUtils.java:logGet(43)) - raft.server.log.purge.gap = 1000000 (custom)
2019-10-04 13:46:34,673 [pool-539-thread-1] INFO  server.RaftServerConfigKeys (ConfUtils.java:logGet(43)) - raft.server.log.appender.buffer.byte-limit = 33554432 (custom)
2019-10-04 13:46:34,673 [pool-599-thread-1] INFO  server.RaftServerConfigKeys (ConfUtils.java:logGet(43)) - raft.server.notification.no-leader.timeout = 120s (custom)
2019-10-04 13:46:34,673 [pool-539-thread-1] INFO  server.RaftServerConfigKeys (ConfUtils.java:logGet(43)) - raft.server.log.segment.size.max = 1048576 (custom)
2019-10-04 13:46:34,673 [pool-579-thread-1] INFO  server.RaftServerConfigKeys (ConfUtils.java:logGet(43)) - raft.server.log.purge.gap = 1000000 (custom)
2019-10-04 13:46:34,673 [pool-539-thread-1] INFO  server.RaftServerConfigKeys (ConfUtils.java:logGet(43)) - raft.server.log.segment.cache.num.max = 2 (custom)
2019-10-04 13:46:34,673 [pool-599-thread-1] INFO  server.RaftServerConfigKeys (ConfUtils.java:logGet(43)) - raft.server.log.use.memory = false (default)
2019-10-04 13:46:34,674 [pool-539-thread-1] INFO  segmented.SegmentedRaftLogWorker (SegmentedRaftLogWorker.java:<init>(173)) - new e7c9b6e5-8734-4888-9a82-5562d6bfa950@group-6C24881946A3-SegmentedRaftLogWorker for RaftStorage:Storage Directory /workdir/hadoop-ozone/integration-test/target/test-dir/MiniOzoneClusterImpl-7f8d01bd-209a-4bb2-b348-2961670ba14e/datanode-3/data/ratis/bf50c1f5-c1f7-41c7-9d91-6c24881946a3
2019-10-04 13:46:34,674 [pool-579-thread-1] INFO  server.RaftServerConfigKeys (ConfUtils.java:logGet(43)) - raft.server.log.appender.buffer.byte-limit = 33554432 (custom)
2019-10-04 13:46:34,674 [pool-539-thread-1] INFO  server.RaftServerConfigKeys (ConfUtils.java:logGet(43)) - raft.server.log.queue.byte-limit = 2147483647 (custom)
2019-10-04 13:46:34,674 [pool-599-thread-1] INFO  server.RaftServerConfigKeys (ConfUtils.java:logGet(43)) - raft.server.log.purge.gap = 1000000 (custom)
2019-10-04 13:46:34,674 [pool-539-thread-1] INFO  server.RaftServerConfigKeys (ConfUtils.java:logGet(43)) - raft.server.log.queue.element-limit = 1024 (custom)
2019-10-04 13:46:34,674 [pool-579-thread-1] INFO  server.RaftServerConfigKeys (ConfUtils.java:logGet(43)) - raft.server.log.segment.size.max = 1048576 (custom)
2019-10-04 13:46:34,674 [pool-539-thread-1] INFO  server.RaftServerConfigKeys (ConfUtils.java:logGet(43)) - raft.server.log.segment.size.max = 1048576 (custom)
2019-10-04 13:46:34,674 [pool-599-thread-1] INFO  server.RaftServerConfigKeys (ConfUtils.java:logGet(43)) - raft.server.log.appender.buffer.byte-limit = 33554432 (custom)
2019-10-04 13:46:34,675 [pool-539-thread-1] INFO  server.RaftServerConfigKeys (ConfUtils.java:logGet(43)) - raft.server.log.preallocated.size = 16384 (custom)
2019-10-04 13:46:34,675 [abf7bc81-30d5-42c0-a0af-45d0cecf5915@group-39017AAFEA81-LeaderElection160] INFO  impl.LeaderElection (LeaderElection.java:logAndReturn(56)) - abf7bc81-30d5-42c0-a0af-45d0cecf5915@group-39017AAFEA81-LeaderElection160: Election REJECTED; received 2 response(s) [abf7bc81-30d5-42c0-a0af-45d0cecf5915<-4da2f670-0e5c-4bde-934c-3cd05d8a50a4#0:FAIL-t5, abf7bc81-30d5-42c0-a0af-45d0cecf5915<-a9f2dbb7-43c3-4367-8346-947b48bd4d79#0:FAIL-t5] and 0 exception(s); abf7bc81-30d5-42c0-a0af-45d0cecf5915@group-39017AAFEA81:t5, leader=null, voted=abf7bc81-30d5-42c0-a0af-45d0cecf5915, raftlog=abf7bc81-30d5-42c0-a0af-45d0cecf5915@group-39017AAFEA81-SegmentedRaftLog:OPENED:c-1,f-1,i0, conf=-1: [4da2f670-0e5c-4bde-934c-3cd05d8a50a4:192.168.30.33:45990, a9f2dbb7-43c3-4367-8346-947b48bd4d79:192.168.30.33:34618, abf7bc81-30d5-42c0-a0af-45d0cecf5915:192.168.30.33:35055], old=null
2019-10-04 13:46:34,675 [pool-579-thread-1] INFO  server.RaftServerConfigKeys (ConfUtils.java:logGet(43)) - raft.server.log.segment.cache.num.max = 2 (custom)
2019-10-04 13:46:34,675 [abf7bc81-30d5-42c0-a0af-45d0cecf5915@group-39017AAFEA81-LeaderElection160] INFO  impl.RaftServerImpl (RaftServerImpl.java:setRole(170)) - abf7bc81-30d5-42c0-a0af-45d0cecf5915@group-39017AAFEA81: changes role from CANDIDATE to FOLLOWER at term 5 for DISCOVERED_A_NEW_TERM
2019-10-04 13:46:34,675 [pool-579-thread-1] INFO  segmented.SegmentedRaftLogWorker (SegmentedRaftLogWorker.java:<init>(173)) - new f7391afe-e883-4b58-900a-eef83ef5e847@group-6C24881946A3-SegmentedRaftLogWorker for RaftStorage:Storage Directory /workdir/hadoop-ozone/integration-test/target/test-dir/MiniOzoneClusterImpl-7f8d01bd-209a-4bb2-b348-2961670ba14e/datanode-7/data/ratis/bf50c1f5-c1f7-41c7-9d91-6c24881946a3
2019-10-04 13:46:34,675 [a9f2dbb7-43c3-4367-8346-947b48bd4d79@group-39017AAFEA81-LeaderElection161] INFO  impl.LeaderElection (LeaderElection.java:logAndReturn(56)) - a9f2dbb7-43c3-4367-8346-947b48bd4d79@group-39017AAFEA81-LeaderElection161: Election REJECTED; received 2 response(s) [a9f2dbb7-43c3-4367-8346-947b48bd4d79<-4da2f670-0e5c-4bde-934c-3cd05d8a50a4#0:FAIL-t5, a9f2dbb7-43c3-4367-8346-947b48bd4d79<-abf7bc81-30d5-42c0-a0af-45d0cecf5915#0:FAIL-t5] and 0 exception(s); a9f2dbb7-43c3-4367-8346-947b48bd4d79@group-39017AAFEA81:t5, leader=null, voted=a9f2dbb7-43c3-4367-8346-947b48bd4d79, raftlog=a9f2dbb7-43c3-4367-8346-947b48bd4d79@group-39017AAFEA81-SegmentedRaftLog:OPENED:c-1,f-1,i0, conf=-1: [4da2f670-0e5c-4bde-934c-3cd05d8a50a4:192.168.30.33:45990, a9f2dbb7-43c3-4367-8346-947b48bd4d79:192.168.30.33:34618, abf7bc81-30d5-42c0-a0af-45d0cecf5915:192.168.30.33:35055], old=null
2019-10-04 13:46:34,675 [pool-539-thread-1] INFO  server.RaftServerConfigKeys (ConfUtils.java:logGet(43)) - raft.server.log.write.buffer.size = 33554432 (custom)
2019-10-04 13:46:34,675 [4da2f670-0e5c-4bde-934c-3cd05d8a50a4@group-39017AAFEA81-LeaderElection159] INFO  impl.LeaderElection (LeaderElection.java:logAndReturn(56)) - 4da2f670-0e5c-4bde-934c-3cd05d8a50a4@group-39017AAFEA81-LeaderElection159: Election REJECTED; received 2 response(s) [4da2f670-0e5c-4bde-934c-3cd05d8a50a4<-a9f2dbb7-43c3-4367-8346-947b48bd4d79#0:FAIL-t5, 4da2f670-0e5c-4bde-934c-3cd05d8a50a4<-abf7bc81-30d5-42c0-a0af-45d0cecf5915#0:FAIL-t5] and 0 exception(s); 4da2f670-0e5c-4bde-934c-3cd05d8a50a4@group-39017AAFEA81:t5, leader=null, voted=4da2f670-0e5c-4bde-934c-3cd05d8a50a4, raftlog=4da2f670-0e5c-4bde-934c-3cd05d8a50a4@group-39017AAFEA81-SegmentedRaftLog:OPENED:c-1,f-1,i0, conf=-1: [4da2f670-0e5c-4bde-934c-3cd05d8a50a4:192.168.30.33:45990, a9f2dbb7-43c3-4367-8346-947b48bd4d79:192.168.30.33:34618, abf7bc81-30d5-42c0-a0af-45d0cecf5915:192.168.30.33:35055], old=null
2019-10-04 13:46:34,675 [pool-599-thread-1] INFO  server.RaftServerConfigKeys (ConfUtils.java:logGet(43)) - raft.server.log.segment.size.max = 1048576 (custom)
2019-10-04 13:46:34,676 [4da2f670-0e5c-4bde-934c-3cd05d8a50a4@group-39017AAFEA81-LeaderElection159] INFO  impl.RaftServerImpl (RaftServerImpl.java:setRole(170)) - 4da2f670-0e5c-4bde-934c-3cd05d8a50a4@group-39017AAFEA81: changes role from CANDIDATE to FOLLOWER at term 5 for DISCOVERED_A_NEW_TERM
2019-10-04 13:46:34,676 [pool-539-thread-1] INFO  server.RaftServerConfigKeys (ConfUtils.java:logGet(43)) - raft.server.log.force.sync.num = 128 (default)
2019-10-04 13:46:34,676 [a9f2dbb7-43c3-4367-8346-947b48bd4d79@group-39017AAFEA81-LeaderElection161] INFO  impl.RaftServerImpl (RaftServerImpl.java:setRole(170)) - a9f2dbb7-43c3-4367-8346-947b48bd4d79@group-39017AAFEA81: changes role from CANDIDATE to FOLLOWER at term 5 for DISCOVERED_A_NEW_TERM
2019-10-04 13:46:34,675 [pool-579-thread-1] INFO  server.RaftServerConfigKeys (ConfUtils.java:logGet(43)) - raft.server.log.queue.byte-limit = 2147483647 (custom)
2019-10-04 13:46:34,675 [abf7bc81-30d5-42c0-a0af-45d0cecf5915@group-39017AAFEA81-LeaderElection160] INFO  impl.RoleInfo (RoleInfo.java:shutdownLeaderElection(134)) - abf7bc81-30d5-42c0-a0af-45d0cecf5915: shutdown LeaderElection
2019-10-04 13:46:34,677 [pool-579-thread-1] INFO  server.RaftServerConfigKeys (ConfUtils.java:logGet(43)) - raft.server.log.queue.element-limit = 1024 (custom)
2019-10-04 13:46:34,676 [a9f2dbb7-43c3-4367-8346-947b48bd4d79@group-39017AAFEA81-LeaderElection161] INFO  impl.RoleInfo (RoleInfo.java:shutdownLeaderElection(134)) - a9f2dbb7-43c3-4367-8346-947b48bd4d79: shutdown LeaderElection
2019-10-04 13:46:34,676 [pool-539-thread-1] INFO  server.RaftServerConfigKeys (ConfUtils.java:logGet(43)) - raft.server.log.statemachine.data.sync = true (default)
2019-10-04 13:46:34,676 [4da2f670-0e5c-4bde-934c-3cd05d8a50a4@group-39017AAFEA81-LeaderElection159] INFO  impl.RoleInfo (RoleInfo.java:shutdownLeaderElection(134)) - 4da2f670-0e5c-4bde-934c-3cd05d8a50a4: shutdown LeaderElection
2019-10-04 13:46:34,676 [pool-599-thread-1] INFO  server.RaftServerConfigKeys (ConfUtils.java:logGet(43)) - raft.server.log.segment.cache.num.max = 2 (custom)
2019-10-04 13:46:34,677 [4da2f670-0e5c-4bde-934c-3cd05d8a50a4@group-39017AAFEA81-LeaderElection159] INFO  impl.RoleInfo (RoleInfo.java:updateAndGet(143)) - 4da2f670-0e5c-4bde-934c-3cd05d8a50a4: start FollowerState
2019-10-04 13:46:34,677 [pool-539-thread-1] INFO  server.RaftServerConfigKeys (ConfUtils.java:logGet(43)) - raft.server.log.statemachine.data.sync.timeout = 10s (default)
2019-10-04 13:46:34,677 [a9f2dbb7-43c3-4367-8346-947b48bd4d79@group-39017AAFEA81-LeaderElection161] INFO  impl.RoleInfo (RoleInfo.java:updateAndGet(143)) - a9f2dbb7-43c3-4367-8346-947b48bd4d79: start FollowerState
2019-10-04 13:46:34,677 [pool-579-thread-1] INFO  server.RaftServerConfigKeys (ConfUtils.java:logGet(43)) - raft.server.log.segment.size.max = 1048576 (custom)
2019-10-04 13:46:34,677 [abf7bc81-30d5-42c0-a0af-45d0cecf5915@group-39017AAFEA81-LeaderElection160] INFO  impl.RoleInfo (RoleInfo.java:updateAndGet(143)) - abf7bc81-30d5-42c0-a0af-45d0cecf5915: start FollowerState
2019-10-04 13:46:34,678 [pool-579-thread-1] INFO  server.RaftServerConfigKeys (ConfUtils.java:logGet(43)) - raft.server.log.preallocated.size = 16384 (custom)
2019-10-04 13:46:34,678 [pool-539-thread-1] INFO  server.RaftServerConfigKeys (ConfUtils.java:logGet(43)) - raft.server.log.statemachine.data.sync.timeout.retry = -1 (default)
2019-10-04 13:46:34,677 [pool-599-thread-1] INFO  segmented.SegmentedRaftLogWorker (SegmentedRaftLogWorker.java:<init>(173)) - new d30cfae4-72b5-4ec1-a6ad-4fabcec0d6f2@group-6C24881946A3-SegmentedRaftLogWorker for RaftStorage:Storage Directory /workdir/hadoop-ozone/integration-test/target/test-dir/MiniOzoneClusterImpl-7f8d01bd-209a-4bb2-b348-2961670ba14e/datanode-9/data/ratis/bf50c1f5-c1f7-41c7-9d91-6c24881946a3
2019-10-04 13:46:34,678 [pool-579-thread-1] INFO  server.RaftServerConfigKeys (ConfUtils.java:logGet(43)) - raft.server.log.write.buffer.size = 33554432 (custom)
2019-10-04 13:46:34,678 [pool-539-thread-1] INFO  server.RaftServerConfigKeys (ConfUtils.java:logGet(43)) - raft.server.log.statemachine.data.caching.enabled = true (custom)
2019-10-04 13:46:34,678 [pool-599-thread-1] INFO  server.RaftServerConfigKeys (ConfUtils.java:logGet(43)) - raft.server.log.queue.byte-limit = 2147483647 (custom)
2019-10-04 13:46:34,678 [pool-579-thread-1] INFO  server.RaftServerConfigKeys (ConfUtils.java:logGet(43)) - raft.server.log.force.sync.num = 128 (default)
2019-10-04 13:46:34,679 [pool-539-thread-1] INFO  segmented.SegmentedRaftLogWorker (SegmentedRaftLogWorker.java:lambda$new$0(128)) - e7c9b6e5-8734-4888-9a82-5562d6bfa950@group-6C24881946A3-SegmentedRaftLogWorker: flushIndex: setUnconditionally 0 -> -1
2019-10-04 13:46:34,679 [pool-599-thread-1] INFO  server.RaftServerConfigKeys (ConfUtils.java:logGet(43)) - raft.server.log.queue.element-limit = 1024 (custom)
2019-10-04 13:46:34,679 [pool-579-thread-1] INFO  server.RaftServerConfigKeys (ConfUtils.java:logGet(43)) - raft.server.log.statemachine.data.sync = true (default)
2019-10-04 13:46:34,679 [pool-599-thread-1] INFO  server.RaftServerConfigKeys (ConfUtils.java:logGet(43)) - raft.server.log.segment.size.max = 1048576 (custom)
2019-10-04 13:46:34,679 [pool-539-thread-1] INFO  server.RaftServerConfigKeys (ConfUtils.java:logGet(43)) - raft.server.snapshot.auto.trigger.enabled = true (custom)
2019-10-04 13:46:34,679 [pool-599-thread-1] INFO  server.RaftServerConfigKeys (ConfUtils.java:logGet(43)) - raft.server.log.preallocated.size = 16384 (custom)
2019-10-04 13:46:34,679 [pool-579-thread-1] INFO  server.RaftServerConfigKeys (ConfUtils.java:logGet(43)) - raft.server.log.statemachine.data.sync.timeout = 10s (default)
2019-10-04 13:46:34,679 [pool-599-thread-1] INFO  server.RaftServerConfigKeys (ConfUtils.java:logGet(43)) - raft.server.log.write.buffer.size = 33554432 (custom)
2019-10-04 13:46:34,679 [pool-539-thread-1] INFO  server.RaftServerConfigKeys (ConfUtils.java:logGet(43)) - raft.server.snapshot.auto.trigger.threshold = 10000 (custom)
2019-10-04 13:46:34,680 [pool-599-thread-1] INFO  server.RaftServerConfigKeys (ConfUtils.java:logGet(43)) - raft.server.log.force.sync.num = 128 (default)
2019-10-04 13:46:34,680 [pool-579-thread-1] INFO  server.RaftServerConfigKeys (ConfUtils.java:logGet(43)) - raft.server.log.statemachine.data.sync.timeout.retry = -1 (default)
2019-10-04 13:46:34,680 [pool-599-thread-1] INFO  server.RaftServerConfigKeys (ConfUtils.java:logGet(43)) - raft.server.log.statemachine.data.sync = true (default)
2019-10-04 13:46:34,680 [pool-539-thread-1] INFO  server.RaftServerConfigKeys (ConfUtils.java:logGet(43)) - raft.server.snapshot.retention.file.num = 5 (custom)
2019-10-04 13:46:34,680 [pool-599-thread-1] INFO  server.RaftServerConfigKeys (ConfUtils.java:logGet(43)) - raft.server.log.statemachine.data.sync.timeout = 10s (default)
2019-10-04 13:46:34,680 [pool-579-thread-1] INFO  server.RaftServerConfigKeys (ConfUtils.java:logGet(43)) - raft.server.log.statemachine.data.caching.enabled = true (custom)
2019-10-04 13:46:34,680 [pool-599-thread-1] INFO  server.RaftServerConfigKeys (ConfUtils.java:logGet(43)) - raft.server.log.statemachine.data.sync.timeout.retry = -1 (default)
2019-10-04 13:46:34,680 [pool-539-thread-1] INFO  server.RaftServerConfigKeys (ConfUtils.java:logGet(43)) - raft.server.retrycache.expirytime = 600000ms (custom)
2019-10-04 13:46:34,680 [pool-579-thread-1] INFO  segmented.SegmentedRaftLogWorker (SegmentedRaftLogWorker.java:lambda$new$0(128)) - f7391afe-e883-4b58-900a-eef83ef5e847@group-6C24881946A3-SegmentedRaftLogWorker: flushIndex: setUnconditionally 0 -> -1
2019-10-04 13:46:34,680 [pool-599-thread-1] INFO  server.RaftServerConfigKeys (ConfUtils.java:logGet(43)) - raft.server.log.statemachine.data.caching.enabled = true (custom)
2019-10-04 13:46:34,681 [pool-579-thread-1] INFO  server.RaftServerConfigKeys (ConfUtils.java:logGet(43)) - raft.server.snapshot.auto.trigger.enabled = true (custom)
2019-10-04 13:46:34,681 [pool-599-thread-1] INFO  segmented.SegmentedRaftLogWorker (SegmentedRaftLogWorker.java:lambda$new$0(128)) - d30cfae4-72b5-4ec1-a6ad-4fabcec0d6f2@group-6C24881946A3-SegmentedRaftLogWorker: flushIndex: setUnconditionally 0 -> -1
2019-10-04 13:46:34,681 [pool-579-thread-1] INFO  server.RaftServerConfigKeys (ConfUtils.java:logGet(43)) - raft.server.snapshot.auto.trigger.threshold = 10000 (custom)
2019-10-04 13:46:34,681 [pool-579-thread-1] INFO  server.RaftServerConfigKeys (ConfUtils.java:logGet(43)) - raft.server.snapshot.retention.file.num = 5 (custom)
2019-10-04 13:46:34,681 [pool-599-thread-1] INFO  server.RaftServerConfigKeys (ConfUtils.java:logGet(43)) - raft.server.snapshot.auto.trigger.enabled = true (custom)
2019-10-04 13:46:34,681 [pool-579-thread-1] INFO  server.RaftServerConfigKeys (ConfUtils.java:logGet(43)) - raft.server.retrycache.expirytime = 600000ms (custom)
2019-10-04 13:46:34,681 [pool-599-thread-1] INFO  server.RaftServerConfigKeys (ConfUtils.java:logGet(43)) - raft.server.snapshot.auto.trigger.threshold = 10000 (custom)
2019-10-04 13:46:34,681 [pool-599-thread-1] INFO  server.RaftServerConfigKeys (ConfUtils.java:logGet(43)) - raft.server.snapshot.retention.file.num = 5 (custom)
2019-10-04 13:46:34,682 [pool-599-thread-1] INFO  server.RaftServerConfigKeys (ConfUtils.java:logGet(43)) - raft.server.retrycache.expirytime = 600000ms (custom)
2019-10-04 13:46:34,682 [pool-539-thread-1] INFO  impl.RaftServerImpl (RaftServerImpl.java:start(181)) - e7c9b6e5-8734-4888-9a82-5562d6bfa950@group-6C24881946A3: start as a follower, conf=-1: [e7c9b6e5-8734-4888-9a82-5562d6bfa950:192.168.30.33:44869, d30cfae4-72b5-4ec1-a6ad-4fabcec0d6f2:192.168.30.33:40495, f7391afe-e883-4b58-900a-eef83ef5e847:192.168.30.33:36496], old=null
2019-10-04 13:46:34,682 [pool-539-thread-1] INFO  impl.RaftServerImpl (RaftServerImpl.java:setRole(170)) - e7c9b6e5-8734-4888-9a82-5562d6bfa950@group-6C24881946A3: changes role from      null to FOLLOWER at term 0 for startAsFollower
2019-10-04 13:46:34,682 [pool-539-thread-1] INFO  impl.RoleInfo (RoleInfo.java:updateAndGet(143)) - e7c9b6e5-8734-4888-9a82-5562d6bfa950: start FollowerState
2019-10-04 13:46:34,683 [pool-539-thread-1] INFO  util.JmxRegister (JmxRegister.java:tryRegister(44)) - Successfully registered JMX Bean with object name Ratis:service=RaftServer,group=group-6C24881946A3,id=e7c9b6e5-8734-4888-9a82-5562d6bfa950
2019-10-04 13:46:34,683 [pool-579-thread-1] INFO  impl.RaftServerImpl (RaftServerImpl.java:start(181)) - f7391afe-e883-4b58-900a-eef83ef5e847@group-6C24881946A3: start as a follower, conf=-1: [e7c9b6e5-8734-4888-9a82-5562d6bfa950:192.168.30.33:44869, d30cfae4-72b5-4ec1-a6ad-4fabcec0d6f2:192.168.30.33:40495, f7391afe-e883-4b58-900a-eef83ef5e847:192.168.30.33:36496], old=null
2019-10-04 13:46:34,683 [pool-599-thread-1] INFO  impl.RaftServerImpl (RaftServerImpl.java:start(181)) - d30cfae4-72b5-4ec1-a6ad-4fabcec0d6f2@group-6C24881946A3: start as a follower, conf=-1: [e7c9b6e5-8734-4888-9a82-5562d6bfa950:192.168.30.33:44869, d30cfae4-72b5-4ec1-a6ad-4fabcec0d6f2:192.168.30.33:40495, f7391afe-e883-4b58-900a-eef83ef5e847:192.168.30.33:36496], old=null
2019-10-04 13:46:34,683 [pool-579-thread-1] INFO  impl.RaftServerImpl (RaftServerImpl.java:setRole(170)) - f7391afe-e883-4b58-900a-eef83ef5e847@group-6C24881946A3: changes role from      null to FOLLOWER at term 0 for startAsFollower
2019-10-04 13:46:34,683 [pool-599-thread-1] INFO  impl.RaftServerImpl (RaftServerImpl.java:setRole(170)) - d30cfae4-72b5-4ec1-a6ad-4fabcec0d6f2@group-6C24881946A3: changes role from      null to FOLLOWER at term 0 for startAsFollower
2019-10-04 13:46:34,684 [pool-579-thread-1] INFO  impl.RoleInfo (RoleInfo.java:updateAndGet(143)) - f7391afe-e883-4b58-900a-eef83ef5e847: start FollowerState
2019-10-04 13:46:34,684 [pool-599-thread-1] INFO  impl.RoleInfo (RoleInfo.java:updateAndGet(143)) - d30cfae4-72b5-4ec1-a6ad-4fabcec0d6f2: start FollowerState
2019-10-04 13:46:34,684 [pool-579-thread-1] INFO  util.JmxRegister (JmxRegister.java:tryRegister(44)) - Successfully registered JMX Bean with object name Ratis:service=RaftServer,group=group-6C24881946A3,id=f7391afe-e883-4b58-900a-eef83ef5e847
2019-10-04 13:46:34,684 [pool-599-thread-1] INFO  util.JmxRegister (JmxRegister.java:tryRegister(44)) - Successfully registered JMX Bean with object name Ratis:service=RaftServer,group=group-6C24881946A3,id=d30cfae4-72b5-4ec1-a6ad-4fabcec0d6f2
2019-10-04 13:46:34,688 [RatisPipelineUtilsThread] INFO  pipeline.PipelineStateManager (PipelineStateManager.java:addPipeline(56)) - Created pipeline Pipeline[ Id: bf50c1f5-c1f7-41c7-9d91-6c24881946a3, Nodes: d30cfae4-72b5-4ec1-a6ad-4fabcec0d6f2{ip: 192.168.30.33, host: pr-hdds-2233-hr7xq-248966361, networkLocation: /rack1, certSerialId: null}f7391afe-e883-4b58-900a-eef83ef5e847{ip: 192.168.30.33, host: pr-hdds-2233-hr7xq-248966361, networkLocation: /rack1, certSerialId: null}e7c9b6e5-8734-4888-9a82-5562d6bfa950{ip: 192.168.30.33, host: pr-hdds-2233-hr7xq-248966361, networkLocation: /rack1, certSerialId: null}, Type:RATIS, Factor:THREE, State:OPEN]
2019-10-04 13:46:35,072 [1acd4a7f-a859-40e1-8534-5adb5341c727@group-B080C88A3813-LeaderElection163] INFO  impl.LeaderElection (LeaderElection.java:askForVotes(178)) - 1acd4a7f-a859-40e1-8534-5adb5341c727@group-B080C88A3813-LeaderElection163: begin an election at term 1 for -1: [1acd4a7f-a859-40e1-8534-5adb5341c727:192.168.30.33:43799, 34bb4e64-1059-4030-8a56-fd9416faa756:192.168.30.33:39854, 870a27db-da30-4d61-a408-9d113e1c9716:192.168.30.33:42515], old=null
2019-10-04 13:46:35,072 [870a27db-da30-4d61-a408-9d113e1c9716@group-B080C88A3813-LeaderElection164] INFO  impl.LeaderElection (LeaderElection.java:askForVotes(178)) - 870a27db-da30-4d61-a408-9d113e1c9716@group-B080C88A3813-LeaderElection164: begin an election at term 1 for -1: [1acd4a7f-a859-40e1-8534-5adb5341c727:192.168.30.33:43799, 34bb4e64-1059-4030-8a56-fd9416faa756:192.168.30.33:39854, 870a27db-da30-4d61-a408-9d113e1c9716:192.168.30.33:42515], old=null
2019-10-04 13:46:35,072 [34bb4e64-1059-4030-8a56-fd9416faa756@group-B080C88A3813-LeaderElection162] INFO  impl.LeaderElection (LeaderElection.java:askForVotes(178)) - 34bb4e64-1059-4030-8a56-fd9416faa756@group-B080C88A3813-LeaderElection162: begin an election at term 1 for -1: [1acd4a7f-a859-40e1-8534-5adb5341c727:192.168.30.33:43799, 34bb4e64-1059-4030-8a56-fd9416faa756:192.168.30.33:39854, 870a27db-da30-4d61-a408-9d113e1c9716:192.168.30.33:42515], old=null
2019-10-04 13:46:35,076 [34bb4e64-1059-4030-8a56-fd9416faa756@group-B080C88A3813-LeaderElection162] INFO  impl.LeaderElection (LeaderElection.java:logAndReturn(56)) - 34bb4e64-1059-4030-8a56-fd9416faa756@group-B080C88A3813-LeaderElection162: Election REJECTED; received 2 response(s) [34bb4e64-1059-4030-8a56-fd9416faa756<-1acd4a7f-a859-40e1-8534-5adb5341c727#0:FAIL-t1, 34bb4e64-1059-4030-8a56-fd9416faa756<-870a27db-da30-4d61-a408-9d113e1c9716#0:FAIL-t1] and 0 exception(s); 34bb4e64-1059-4030-8a56-fd9416faa756@group-B080C88A3813:t1, leader=null, voted=34bb4e64-1059-4030-8a56-fd9416faa756, raftlog=34bb4e64-1059-4030-8a56-fd9416faa756@group-B080C88A3813-SegmentedRaftLog:OPENED:c-1,f-1,i0, conf=-1: [1acd4a7f-a859-40e1-8534-5adb5341c727:192.168.30.33:43799, 34bb4e64-1059-4030-8a56-fd9416faa756:192.168.30.33:39854, 870a27db-da30-4d61-a408-9d113e1c9716:192.168.30.33:42515], old=null
2019-10-04 13:46:35,077 [870a27db-da30-4d61-a408-9d113e1c9716@group-B080C88A3813-LeaderElection164] INFO  impl.LeaderElection (LeaderElection.java:logAndReturn(56)) - 870a27db-da30-4d61-a408-9d113e1c9716@group-B080C88A3813-LeaderElection164: Election REJECTED; received 2 response(s) [870a27db-da30-4d61-a408-9d113e1c9716<-1acd4a7f-a859-40e1-8534-5adb5341c727#0:FAIL-t1, 870a27db-da30-4d61-a408-9d113e1c9716<-34bb4e64-1059-4030-8a56-fd9416faa756#0:FAIL-t1] and 0 exception(s); 870a27db-da30-4d61-a408-9d113e1c9716@group-B080C88A3813:t1, leader=null, voted=870a27db-da30-4d61-a408-9d113e1c9716, raftlog=870a27db-da30-4d61-a408-9d113e1c9716@group-B080C88A3813-SegmentedRaftLog:OPENED:c-1,f-1,i0, conf=-1: [1acd4a7f-a859-40e1-8534-5adb5341c727:192.168.30.33:43799, 34bb4e64-1059-4030-8a56-fd9416faa756:192.168.30.33:39854, 870a27db-da30-4d61-a408-9d113e1c9716:192.168.30.33:42515], old=null
2019-10-04 13:46:35,077 [1acd4a7f-a859-40e1-8534-5adb5341c727@group-B080C88A3813-LeaderElection163] INFO  impl.LeaderElection (LeaderElection.java:logAndReturn(56)) - 1acd4a7f-a859-40e1-8534-5adb5341c727@group-B080C88A3813-LeaderElection163: Election REJECTED; received 2 response(s) [1acd4a7f-a859-40e1-8534-5adb5341c727<-34bb4e64-1059-4030-8a56-fd9416faa756#0:FAIL-t1, 1acd4a7f-a859-40e1-8534-5adb5341c727<-870a27db-da30-4d61-a408-9d113e1c9716#0:FAIL-t1] and 0 exception(s); 1acd4a7f-a859-40e1-8534-5adb5341c727@group-B080C88A3813:t1, leader=null, voted=1acd4a7f-a859-40e1-8534-5adb5341c727, raftlog=1acd4a7f-a859-40e1-8534-5adb5341c727@group-B080C88A3813-SegmentedRaftLog:OPENED:c-1,f-1,i0, conf=-1: [1acd4a7f-a859-40e1-8534-5adb5341c727:192.168.30.33:43799, 34bb4e64-1059-4030-8a56-fd9416faa756:192.168.30.33:39854, 870a27db-da30-4d61-a408-9d113e1c9716:192.168.30.33:42515], old=null
2019-10-04 13:46:35,077 [34bb4e64-1059-4030-8a56-fd9416faa756@group-B080C88A3813-LeaderElection162] INFO  impl.RaftServerImpl (RaftServerImpl.java:setRole(170)) - 34bb4e64-1059-4030-8a56-fd9416faa756@group-B080C88A3813: changes role from CANDIDATE to FOLLOWER at term 1 for DISCOVERED_A_NEW_TERM
2019-10-04 13:46:35,077 [1acd4a7f-a859-40e1-8534-5adb5341c727@group-B080C88A3813-LeaderElection163] INFO  impl.RaftServerImpl (RaftServerImpl.java:setRole(170)) - 1acd4a7f-a859-40e1-8534-5adb5341c727@group-B080C88A3813: changes role from CANDIDATE to FOLLOWER at term 1 for DISCOVERED_A_NEW_TERM
2019-10-04 13:46:35,077 [1acd4a7f-a859-40e1-8534-5adb5341c727@group-B080C88A3813-LeaderElection163] INFO  impl.RoleInfo (RoleInfo.java:shutdownLeaderElection(134)) - 1acd4a7f-a859-40e1-8534-5adb5341c727: shutdown LeaderElection
2019-10-04 13:46:35,077 [870a27db-da30-4d61-a408-9d113e1c9716@group-B080C88A3813-LeaderElection164] INFO  impl.RaftServerImpl (RaftServerImpl.java:setRole(170)) - 870a27db-da30-4d61-a408-9d113e1c9716@group-B080C88A3813: changes role from CANDIDATE to FOLLOWER at term 1 for DISCOVERED_A_NEW_TERM
2019-10-04 13:46:35,078 [870a27db-da30-4d61-a408-9d113e1c9716@group-B080C88A3813-LeaderElection164] INFO  impl.RoleInfo (RoleInfo.java:shutdownLeaderElection(134)) - 870a27db-da30-4d61-a408-9d113e1c9716: shutdown LeaderElection
2019-10-04 13:46:35,077 [1acd4a7f-a859-40e1-8534-5adb5341c727@group-B080C88A3813-LeaderElection163] INFO  impl.RoleInfo (RoleInfo.java:updateAndGet(143)) - 1acd4a7f-a859-40e1-8534-5adb5341c727: start FollowerState
2019-10-04 13:46:35,077 [34bb4e64-1059-4030-8a56-fd9416faa756@group-B080C88A3813-LeaderElection162] INFO  impl.RoleInfo (RoleInfo.java:shutdownLeaderElection(134)) - 34bb4e64-1059-4030-8a56-fd9416faa756: shutdown LeaderElection
2019-10-04 13:46:35,078 [870a27db-da30-4d61-a408-9d113e1c9716@group-B080C88A3813-LeaderElection164] INFO  impl.RoleInfo (RoleInfo.java:updateAndGet(143)) - 870a27db-da30-4d61-a408-9d113e1c9716: start FollowerState
2019-10-04 13:46:35,078 [34bb4e64-1059-4030-8a56-fd9416faa756@group-B080C88A3813-LeaderElection162] INFO  impl.RoleInfo (RoleInfo.java:updateAndGet(143)) - 34bb4e64-1059-4030-8a56-fd9416faa756: start FollowerState
2019-10-04 13:46:35,704 [Thread-3551] INFO  impl.FollowerState (FollowerState.java:run(108)) - a9f2dbb7-43c3-4367-8346-947b48bd4d79@group-39017AAFEA81-FollowerState: change to CANDIDATE, lastRpcTime:1027ms, electionTimeout:1026ms
2019-10-04 13:46:35,704 [Thread-3551] INFO  impl.RoleInfo (RoleInfo.java:shutdownFollowerState(121)) - a9f2dbb7-43c3-4367-8346-947b48bd4d79: shutdown FollowerState
2019-10-04 13:46:35,704 [Thread-3551] INFO  impl.RaftServerImpl (RaftServerImpl.java:setRole(170)) - a9f2dbb7-43c3-4367-8346-947b48bd4d79@group-39017AAFEA81: changes role from  FOLLOWER to CANDIDATE at term 5 for changeToCandidate
2019-10-04 13:46:35,705 [Thread-3551] INFO  impl.RoleInfo (RoleInfo.java:updateAndGet(143)) - a9f2dbb7-43c3-4367-8346-947b48bd4d79: start LeaderElection
2019-10-04 13:46:35,753 [Thread-3557] INFO  impl.FollowerState (FollowerState.java:run(108)) - f7391afe-e883-4b58-900a-eef83ef5e847@group-6C24881946A3-FollowerState: change to CANDIDATE, lastRpcTime:1069ms, electionTimeout:1069ms
2019-10-04 13:46:35,753 [Thread-3557] INFO  impl.RoleInfo (RoleInfo.java:shutdownFollowerState(121)) - f7391afe-e883-4b58-900a-eef83ef5e847: shutdown FollowerState
2019-10-04 13:46:35,753 [Thread-3557] INFO  impl.RaftServerImpl (RaftServerImpl.java:setRole(170)) - f7391afe-e883-4b58-900a-eef83ef5e847@group-6C24881946A3: changes role from  FOLLOWER to CANDIDATE at term 0 for changeToCandidate
2019-10-04 13:46:35,754 [Thread-3557] INFO  impl.RoleInfo (RoleInfo.java:updateAndGet(143)) - f7391afe-e883-4b58-900a-eef83ef5e847: start LeaderElection
2019-10-04 13:46:35,837 [Thread-3552] INFO  impl.FollowerState (FollowerState.java:run(108)) - 4da2f670-0e5c-4bde-934c-3cd05d8a50a4@group-39017AAFEA81-FollowerState: change to CANDIDATE, lastRpcTime:1159ms, electionTimeout:1159ms
2019-10-04 13:46:35,837 [Thread-3552] INFO  impl.RoleInfo (RoleInfo.java:shutdownFollowerState(121)) - 4da2f670-0e5c-4bde-934c-3cd05d8a50a4: shutdown FollowerState
2019-10-04 13:46:35,837 [Thread-3552] INFO  impl.RaftServerImpl (RaftServerImpl.java:setRole(170)) - 4da2f670-0e5c-4bde-934c-3cd05d8a50a4@group-39017AAFEA81: changes role from  FOLLOWER to CANDIDATE at term 5 for changeToCandidate
2019-10-04 13:46:35,837 [Thread-3552] INFO  impl.RoleInfo (RoleInfo.java:updateAndGet(143)) - 4da2f670-0e5c-4bde-934c-3cd05d8a50a4: start LeaderElection
2019-10-04 13:46:35,846 [Thread-3550] INFO  impl.FollowerState (FollowerState.java:run(108)) - abf7bc81-30d5-42c0-a0af-45d0cecf5915@group-39017AAFEA81-FollowerState: change to CANDIDATE, lastRpcTime:1169ms, electionTimeout:1168ms
2019-10-04 13:46:35,846 [Thread-3550] INFO  impl.RoleInfo (RoleInfo.java:shutdownFollowerState(121)) - abf7bc81-30d5-42c0-a0af-45d0cecf5915: shutdown FollowerState
2019-10-04 13:46:35,846 [Thread-3550] INFO  impl.RaftServerImpl (RaftServerImpl.java:setRole(170)) - abf7bc81-30d5-42c0-a0af-45d0cecf5915@group-39017AAFEA81: changes role from  FOLLOWER to CANDIDATE at term 5 for changeToCandidate
2019-10-04 13:46:35,847 [Thread-3550] INFO  impl.RoleInfo (RoleInfo.java:updateAndGet(143)) - abf7bc81-30d5-42c0-a0af-45d0cecf5915: start LeaderElection
2019-10-04 13:46:35,855 [Thread-3558] INFO  impl.FollowerState (FollowerState.java:run(108)) - d30cfae4-72b5-4ec1-a6ad-4fabcec0d6f2@group-6C24881946A3-FollowerState: change to CANDIDATE, lastRpcTime:1171ms, electionTimeout:1171ms
2019-10-04 13:46:35,855 [Thread-3558] INFO  impl.RoleInfo (RoleInfo.java:shutdownFollowerState(121)) - d30cfae4-72b5-4ec1-a6ad-4fabcec0d6f2: shutdown FollowerState
2019-10-04 13:46:35,855 [Thread-3558] INFO  impl.RaftServerImpl (RaftServerImpl.java:setRole(170)) - d30cfae4-72b5-4ec1-a6ad-4fabcec0d6f2@group-6C24881946A3: changes role from  FOLLOWER to CANDIDATE at term 0 for changeToCandidate
2019-10-04 13:46:35,855 [Thread-3558] INFO  impl.RoleInfo (RoleInfo.java:updateAndGet(143)) - d30cfae4-72b5-4ec1-a6ad-4fabcec0d6f2: start LeaderElection
2019-10-04 13:46:35,866 [Thread-3556] INFO  impl.FollowerState (FollowerState.java:run(108)) - e7c9b6e5-8734-4888-9a82-5562d6bfa950@group-6C24881946A3-FollowerState: change to CANDIDATE, lastRpcTime:1183ms, electionTimeout:1183ms
2019-10-04 13:46:35,866 [Thread-3556] INFO  impl.RoleInfo (RoleInfo.java:shutdownFollowerState(121)) - e7c9b6e5-8734-4888-9a82-5562d6bfa950: shutdown FollowerState
2019-10-04 13:46:35,866 [Thread-3556] INFO  impl.RaftServerImpl (RaftServerImpl.java:setRole(170)) - e7c9b6e5-8734-4888-9a82-5562d6bfa950@group-6C24881946A3: changes role from  FOLLOWER to CANDIDATE at term 0 for changeToCandidate
2019-10-04 13:46:35,866 [Thread-3556] INFO  impl.RoleInfo (RoleInfo.java:updateAndGet(143)) - e7c9b6e5-8734-4888-9a82-5562d6bfa950: start LeaderElection
2019-10-04 13:46:36,086 [Thread-3573] INFO  impl.FollowerState (FollowerState.java:run(108)) - 34bb4e64-1059-4030-8a56-fd9416faa756@group-B080C88A3813-FollowerState: change to CANDIDATE, lastRpcTime:1008ms, electionTimeout:1008ms
2019-10-04 13:46:36,087 [Thread-3573] INFO  impl.RoleInfo (RoleInfo.java:shutdownFollowerState(121)) - 34bb4e64-1059-4030-8a56-fd9416faa756: shutdown FollowerState
2019-10-04 13:46:36,087 [Thread-3573] INFO  impl.RaftServerImpl (RaftServerImpl.java:setRole(170)) - 34bb4e64-1059-4030-8a56-fd9416faa756@group-B080C88A3813: changes role from  FOLLOWER to CANDIDATE at term 1 for changeToCandidate
2019-10-04 13:46:36,087 [Thread-3573] INFO  impl.RoleInfo (RoleInfo.java:updateAndGet(143)) - 34bb4e64-1059-4030-8a56-fd9416faa756: start LeaderElection
2019-10-04 13:46:36,101 [Thread-3572] INFO  impl.FollowerState (FollowerState.java:run(108)) - 870a27db-da30-4d61-a408-9d113e1c9716@group-B080C88A3813-FollowerState: change to CANDIDATE, lastRpcTime:1023ms, electionTimeout:1023ms
2019-10-04 13:46:36,101 [Thread-3572] INFO  impl.RoleInfo (RoleInfo.java:shutdownFollowerState(121)) - 870a27db-da30-4d61-a408-9d113e1c9716: shutdown FollowerState
2019-10-04 13:46:36,102 [Thread-3572] INFO  impl.RaftServerImpl (RaftServerImpl.java:setRole(170)) - 870a27db-da30-4d61-a408-9d113e1c9716@group-B080C88A3813: changes role from  FOLLOWER to CANDIDATE at term 1 for changeToCandidate
2019-10-04 13:46:36,102 [Thread-3572] INFO  impl.RoleInfo (RoleInfo.java:updateAndGet(143)) - 870a27db-da30-4d61-a408-9d113e1c9716: start LeaderElection
2019-10-04 13:46:36,206 [Thread-3571] INFO  impl.FollowerState (FollowerState.java:run(108)) - 1acd4a7f-a859-40e1-8534-5adb5341c727@group-B080C88A3813-FollowerState: change to CANDIDATE, lastRpcTime:1128ms, electionTimeout:1128ms
2019-10-04 13:46:36,206 [Thread-3571] INFO  impl.RoleInfo (RoleInfo.java:shutdownFollowerState(121)) - 1acd4a7f-a859-40e1-8534-5adb5341c727: shutdown FollowerState
2019-10-04 13:46:36,206 [Thread-3571] INFO  impl.RaftServerImpl (RaftServerImpl.java:setRole(170)) - 1acd4a7f-a859-40e1-8534-5adb5341c727@group-B080C88A3813: changes role from  FOLLOWER to CANDIDATE at term 1 for changeToCandidate
2019-10-04 13:46:36,206 [Thread-3571] INFO  impl.RoleInfo (RoleInfo.java:updateAndGet(143)) - 1acd4a7f-a859-40e1-8534-5adb5341c727: start LeaderElection
2019-10-04 13:46:36,588 [a9f2dbb7-43c3-4367-8346-947b48bd4d79@group-39017AAFEA81-LeaderElection165] INFO  impl.LeaderElection (LeaderElection.java:askForVotes(178)) - a9f2dbb7-43c3-4367-8346-947b48bd4d79@group-39017AAFEA81-LeaderElection165: begin an election at term 6 for -1: [4da2f670-0e5c-4bde-934c-3cd05d8a50a4:192.168.30.33:45990, a9f2dbb7-43c3-4367-8346-947b48bd4d79:192.168.30.33:34618, abf7bc81-30d5-42c0-a0af-45d0cecf5915:192.168.30.33:35055], old=null
2019-10-04 13:46:36,588 [f7391afe-e883-4b58-900a-eef83ef5e847@group-6C24881946A3-LeaderElection166] INFO  impl.LeaderElection (LeaderElection.java:askForVotes(178)) - f7391afe-e883-4b58-900a-eef83ef5e847@group-6C24881946A3-LeaderElection166: begin an election at term 1 for -1: [e7c9b6e5-8734-4888-9a82-5562d6bfa950:192.168.30.33:44869, d30cfae4-72b5-4ec1-a6ad-4fabcec0d6f2:192.168.30.33:40495, f7391afe-e883-4b58-900a-eef83ef5e847:192.168.30.33:36496], old=null
2019-10-04 13:46:36,901 [1acd4a7f-a859-40e1-8534-5adb5341c727@group-B080C88A3813-LeaderElection173] INFO  impl.LeaderElection (LeaderElection.java:askForVotes(178)) - 1acd4a7f-a859-40e1-8534-5adb5341c727@group-B080C88A3813-LeaderElection173: begin an election at term 2 for -1: [1acd4a7f-a859-40e1-8534-5adb5341c727:192.168.30.33:43799, 34bb4e64-1059-4030-8a56-fd9416faa756:192.168.30.33:39854, 870a27db-da30-4d61-a408-9d113e1c9716:192.168.30.33:42515], old=null
2019-10-04 13:46:36,902 [abf7bc81-30d5-42c0-a0af-45d0cecf5915@group-39017AAFEA81-LeaderElection168] INFO  impl.LeaderElection (LeaderElection.java:askForVotes(178)) - abf7bc81-30d5-42c0-a0af-45d0cecf5915@group-39017AAFEA81-LeaderElection168: begin an election at term 6 for -1: [4da2f670-0e5c-4bde-934c-3cd05d8a50a4:192.168.30.33:45990, a9f2dbb7-43c3-4367-8346-947b48bd4d79:192.168.30.33:34618, abf7bc81-30d5-42c0-a0af-45d0cecf5915:192.168.30.33:35055], old=null
2019-10-04 13:46:36,901 [e7c9b6e5-8734-4888-9a82-5562d6bfa950@group-6C24881946A3-LeaderElection170] INFO  impl.LeaderElection (LeaderElection.java:askForVotes(178)) - e7c9b6e5-8734-4888-9a82-5562d6bfa950@group-6C24881946A3-LeaderElection170: begin an election at term 1 for -1: [e7c9b6e5-8734-4888-9a82-5562d6bfa950:192.168.30.33:44869, d30cfae4-72b5-4ec1-a6ad-4fabcec0d6f2:192.168.30.33:40495, f7391afe-e883-4b58-900a-eef83ef5e847:192.168.30.33:36496], old=null
2019-10-04 13:46:36,901 [34bb4e64-1059-4030-8a56-fd9416faa756@group-B080C88A3813-LeaderElection171] INFO  impl.LeaderElection (LeaderElection.java:askForVotes(178)) - 34bb4e64-1059-4030-8a56-fd9416faa756@group-B080C88A3813-LeaderElection171: begin an election at term 2 for -1: [1acd4a7f-a859-40e1-8534-5adb5341c727:192.168.30.33:43799, 34bb4e64-1059-4030-8a56-fd9416faa756:192.168.30.33:39854, 870a27db-da30-4d61-a408-9d113e1c9716:192.168.30.33:42515], old=null
2019-10-04 13:46:36,901 [870a27db-da30-4d61-a408-9d113e1c9716@group-B080C88A3813-LeaderElection172] INFO  impl.LeaderElection (LeaderElection.java:askForVotes(178)) - 870a27db-da30-4d61-a408-9d113e1c9716@group-B080C88A3813-LeaderElection172: begin an election at term 2 for -1: [1acd4a7f-a859-40e1-8534-5adb5341c727:192.168.30.33:43799, 34bb4e64-1059-4030-8a56-fd9416faa756:192.168.30.33:39854, 870a27db-da30-4d61-a408-9d113e1c9716:192.168.30.33:42515], old=null
2019-10-04 13:46:36,901 [d30cfae4-72b5-4ec1-a6ad-4fabcec0d6f2@group-6C24881946A3-LeaderElection169] INFO  impl.LeaderElection (LeaderElection.java:askForVotes(178)) - d30cfae4-72b5-4ec1-a6ad-4fabcec0d6f2@group-6C24881946A3-LeaderElection169: begin an election at term 1 for -1: [e7c9b6e5-8734-4888-9a82-5562d6bfa950:192.168.30.33:44869, d30cfae4-72b5-4ec1-a6ad-4fabcec0d6f2:192.168.30.33:40495, f7391afe-e883-4b58-900a-eef83ef5e847:192.168.30.33:36496], old=null
2019-10-04 13:46:36,901 [4da2f670-0e5c-4bde-934c-3cd05d8a50a4@group-39017AAFEA81-LeaderElection167] INFO  impl.LeaderElection (LeaderElection.java:askForVotes(178)) - 4da2f670-0e5c-4bde-934c-3cd05d8a50a4@group-39017AAFEA81-LeaderElection167: begin an election at term 6 for -1: [4da2f670-0e5c-4bde-934c-3cd05d8a50a4:192.168.30.33:45990, a9f2dbb7-43c3-4367-8346-947b48bd4d79:192.168.30.33:34618, abf7bc81-30d5-42c0-a0af-45d0cecf5915:192.168.30.33:35055], old=null
2019-10-04 13:46:36,905 [a9f2dbb7-43c3-4367-8346-947b48bd4d79@group-39017AAFEA81-LeaderElection165] INFO  impl.LeaderElection (LeaderElection.java:logAndReturn(56)) - a9f2dbb7-43c3-4367-8346-947b48bd4d79@group-39017AAFEA81-LeaderElection165: Election REJECTED; received 2 response(s) [a9f2dbb7-43c3-4367-8346-947b48bd4d79<-4da2f670-0e5c-4bde-934c-3cd05d8a50a4#0:FAIL-t6, a9f2dbb7-43c3-4367-8346-947b48bd4d79<-abf7bc81-30d5-42c0-a0af-45d0cecf5915#0:FAIL-t6] and 0 exception(s); a9f2dbb7-43c3-4367-8346-947b48bd4d79@group-39017AAFEA81:t6, leader=null, voted=a9f2dbb7-43c3-4367-8346-947b48bd4d79, raftlog=a9f2dbb7-43c3-4367-8346-947b48bd4d79@group-39017AAFEA81-SegmentedRaftLog:OPENED:c-1,f-1,i0, conf=-1: [4da2f670-0e5c-4bde-934c-3cd05d8a50a4:192.168.30.33:45990, a9f2dbb7-43c3-4367-8346-947b48bd4d79:192.168.30.33:34618, abf7bc81-30d5-42c0-a0af-45d0cecf5915:192.168.30.33:35055], old=null
2019-10-04 13:46:36,905 [a9f2dbb7-43c3-4367-8346-947b48bd4d79@group-39017AAFEA81-LeaderElection165] INFO  impl.RaftServerImpl (RaftServerImpl.java:setRole(170)) - a9f2dbb7-43c3-4367-8346-947b48bd4d79@group-39017AAFEA81: changes role from CANDIDATE to FOLLOWER at term 6 for DISCOVERED_A_NEW_TERM
2019-10-04 13:46:36,905 [a9f2dbb7-43c3-4367-8346-947b48bd4d79@group-39017AAFEA81-LeaderElection165] INFO  impl.RoleInfo (RoleInfo.java:shutdownLeaderElection(134)) - a9f2dbb7-43c3-4367-8346-947b48bd4d79: shutdown LeaderElection
2019-10-04 13:46:36,905 [f7391afe-e883-4b58-900a-eef83ef5e847@group-6C24881946A3-LeaderElection166] INFO  impl.LeaderElection (LeaderElection.java:logAndReturn(56)) - f7391afe-e883-4b58-900a-eef83ef5e847@group-6C24881946A3-LeaderElection166: Election REJECTED; received 2 response(s) [f7391afe-e883-4b58-900a-eef83ef5e847<-e7c9b6e5-8734-4888-9a82-5562d6bfa950#0:FAIL-t1, f7391afe-e883-4b58-900a-eef83ef5e847<-d30cfae4-72b5-4ec1-a6ad-4fabcec0d6f2#0:FAIL-t1] and 0 exception(s); f7391afe-e883-4b58-900a-eef83ef5e847@group-6C24881946A3:t1, leader=null, voted=f7391afe-e883-4b58-900a-eef83ef5e847, raftlog=f7391afe-e883-4b58-900a-eef83ef5e847@group-6C24881946A3-SegmentedRaftLog:OPENED:c-1,f-1,i0, conf=-1: [e7c9b6e5-8734-4888-9a82-5562d6bfa950:192.168.30.33:44869, d30cfae4-72b5-4ec1-a6ad-4fabcec0d6f2:192.168.30.33:40495, f7391afe-e883-4b58-900a-eef83ef5e847:192.168.30.33:36496], old=null
2019-10-04 13:46:36,906 [f7391afe-e883-4b58-900a-eef83ef5e847@group-6C24881946A3-LeaderElection166] INFO  impl.RaftServerImpl (RaftServerImpl.java:setRole(170)) - f7391afe-e883-4b58-900a-eef83ef5e847@group-6C24881946A3: changes role from CANDIDATE to FOLLOWER at term 1 for DISCOVERED_A_NEW_TERM
2019-10-04 13:46:36,906 [f7391afe-e883-4b58-900a-eef83ef5e847@group-6C24881946A3-LeaderElection166] INFO  impl.RoleInfo (RoleInfo.java:shutdownLeaderElection(134)) - f7391afe-e883-4b58-900a-eef83ef5e847: shutdown LeaderElection
2019-10-04 13:46:36,906 [a9f2dbb7-43c3-4367-8346-947b48bd4d79@group-39017AAFEA81-LeaderElection165] INFO  impl.RoleInfo (RoleInfo.java:updateAndGet(143)) - a9f2dbb7-43c3-4367-8346-947b48bd4d79: start FollowerState
2019-10-04 13:46:36,906 [f7391afe-e883-4b58-900a-eef83ef5e847@group-6C24881946A3-LeaderElection166] INFO  impl.RoleInfo (RoleInfo.java:updateAndGet(143)) - f7391afe-e883-4b58-900a-eef83ef5e847: start FollowerState
2019-10-04 13:46:36,907 [1acd4a7f-a859-40e1-8534-5adb5341c727@group-B080C88A3813-LeaderElection173] INFO  impl.LeaderElection (LeaderElection.java:logAndReturn(56)) - 1acd4a7f-a859-40e1-8534-5adb5341c727@group-B080C88A3813-LeaderElection173: Election REJECTED; received 2 response(s) [1acd4a7f-a859-40e1-8534-5adb5341c727<-34bb4e64-1059-4030-8a56-fd9416faa756#0:FAIL-t2, 1acd4a7f-a859-40e1-8534-5adb5341c727<-870a27db-da30-4d61-a408-9d113e1c9716#0:FAIL-t2] and 0 exception(s); 1acd4a7f-a859-40e1-8534-5adb5341c727@group-B080C88A3813:t2, leader=null, voted=1acd4a7f-a859-40e1-8534-5adb5341c727, raftlog=1acd4a7f-a859-40e1-8534-5adb5341c727@group-B080C88A3813-SegmentedRaftLog:OPENED:c-1,f-1,i0, conf=-1: [1acd4a7f-a859-40e1-8534-5adb5341c727:192.168.30.33:43799, 34bb4e64-1059-4030-8a56-fd9416faa756:192.168.30.33:39854, 870a27db-da30-4d61-a408-9d113e1c9716:192.168.30.33:42515], old=null
2019-10-04 13:46:36,907 [1acd4a7f-a859-40e1-8534-5adb5341c727@group-B080C88A3813-LeaderElection173] INFO  impl.RaftServerImpl (RaftServerImpl.java:setRole(170)) - 1acd4a7f-a859-40e1-8534-5adb5341c727@group-B080C88A3813: changes role from CANDIDATE to FOLLOWER at term 2 for DISCOVERED_A_NEW_TERM
2019-10-04 13:46:36,907 [1acd4a7f-a859-40e1-8534-5adb5341c727@group-B080C88A3813-LeaderElection173] INFO  impl.RoleInfo (RoleInfo.java:shutdownLeaderElection(134)) - 1acd4a7f-a859-40e1-8534-5adb5341c727: shutdown LeaderElection
2019-10-04 13:46:36,907 [1acd4a7f-a859-40e1-8534-5adb5341c727@group-B080C88A3813-LeaderElection173] INFO  impl.RoleInfo (RoleInfo.java:updateAndGet(143)) - 1acd4a7f-a859-40e1-8534-5adb5341c727: start FollowerState
2019-10-04 13:46:36,908 [abf7bc81-30d5-42c0-a0af-45d0cecf5915@group-39017AAFEA81-LeaderElection168] INFO  impl.LeaderElection (LeaderElection.java:logAndReturn(56)) - abf7bc81-30d5-42c0-a0af-45d0cecf5915@group-39017AAFEA81-LeaderElection168: Election REJECTED; received 2 response(s) [abf7bc81-30d5-42c0-a0af-45d0cecf5915<-4da2f670-0e5c-4bde-934c-3cd05d8a50a4#0:FAIL-t6, abf7bc81-30d5-42c0-a0af-45d0cecf5915<-a9f2dbb7-43c3-4367-8346-947b48bd4d79#0:FAIL-t6] and 0 exception(s); abf7bc81-30d5-42c0-a0af-45d0cecf5915@group-39017AAFEA81:t6, leader=null, voted=abf7bc81-30d5-42c0-a0af-45d0cecf5915, raftlog=abf7bc81-30d5-42c0-a0af-45d0cecf5915@group-39017AAFEA81-SegmentedRaftLog:OPENED:c-1,f-1,i0, conf=-1: [4da2f670-0e5c-4bde-934c-3cd05d8a50a4:192.168.30.33:45990, a9f2dbb7-43c3-4367-8346-947b48bd4d79:192.168.30.33:34618, abf7bc81-30d5-42c0-a0af-45d0cecf5915:192.168.30.33:35055], old=null
2019-10-04 13:46:36,908 [abf7bc81-30d5-42c0-a0af-45d0cecf5915@group-39017AAFEA81-LeaderElection168] INFO  impl.RaftServerImpl (RaftServerImpl.java:setRole(170)) - abf7bc81-30d5-42c0-a0af-45d0cecf5915@group-39017AAFEA81: changes role from CANDIDATE to FOLLOWER at term 6 for DISCOVERED_A_NEW_TERM
2019-10-04 13:46:36,908 [abf7bc81-30d5-42c0-a0af-45d0cecf5915@group-39017AAFEA81-LeaderElection168] INFO  impl.RoleInfo (RoleInfo.java:shutdownLeaderElection(134)) - abf7bc81-30d5-42c0-a0af-45d0cecf5915: shutdown LeaderElection
2019-10-04 13:46:36,908 [4da2f670-0e5c-4bde-934c-3cd05d8a50a4@group-39017AAFEA81-LeaderElection167] INFO  impl.LeaderElection (LeaderElection.java:logAndReturn(56)) - 4da2f670-0e5c-4bde-934c-3cd05d8a50a4@group-39017AAFEA81-LeaderElection167: Election REJECTED; received 2 response(s) [4da2f670-0e5c-4bde-934c-3cd05d8a50a4<-a9f2dbb7-43c3-4367-8346-947b48bd4d79#0:FAIL-t6, 4da2f670-0e5c-4bde-934c-3cd05d8a50a4<-abf7bc81-30d5-42c0-a0af-45d0cecf5915#0:FAIL-t6] and 0 exception(s); 4da2f670-0e5c-4bde-934c-3cd05d8a50a4@group-39017AAFEA81:t6, leader=null, voted=4da2f670-0e5c-4bde-934c-3cd05d8a50a4, raftlog=4da2f670-0e5c-4bde-934c-3cd05d8a50a4@group-39017AAFEA81-SegmentedRaftLog:OPENED:c-1,f-1,i0, conf=-1: [4da2f670-0e5c-4bde-934c-3cd05d8a50a4:192.168.30.33:45990, a9f2dbb7-43c3-4367-8346-947b48bd4d79:192.168.30.33:34618, abf7bc81-30d5-42c0-a0af-45d0cecf5915:192.168.30.33:35055], old=null
2019-10-04 13:46:36,908 [34bb4e64-1059-4030-8a56-fd9416faa756@group-B080C88A3813-LeaderElection171] INFO  impl.LeaderElection (LeaderElection.java:logAndReturn(56)) - 34bb4e64-1059-4030-8a56-fd9416faa756@group-B080C88A3813-LeaderElection171: Election REJECTED; received 2 response(s) [34bb4e64-1059-4030-8a56-fd9416faa756<-1acd4a7f-a859-40e1-8534-5adb5341c727#0:FAIL-t2, 34bb4e64-1059-4030-8a56-fd9416faa756<-870a27db-da30-4d61-a408-9d113e1c9716#0:FAIL-t2] and 0 exception(s); 34bb4e64-1059-4030-8a56-fd9416faa756@group-B080C88A3813:t2, leader=null, voted=34bb4e64-1059-4030-8a56-fd9416faa756, raftlog=34bb4e64-1059-4030-8a56-fd9416faa756@group-B080C88A3813-SegmentedRaftLog:OPENED:c-1,f-1,i0, conf=-1: [1acd4a7f-a859-40e1-8534-5adb5341c727:192.168.30.33:43799, 34bb4e64-1059-4030-8a56-fd9416faa756:192.168.30.33:39854, 870a27db-da30-4d61-a408-9d113e1c9716:192.168.30.33:42515], old=null
2019-10-04 13:46:36,908 [abf7bc81-30d5-42c0-a0af-45d0cecf5915@group-39017AAFEA81-LeaderElection168] INFO  impl.RoleInfo (RoleInfo.java:updateAndGet(143)) - abf7bc81-30d5-42c0-a0af-45d0cecf5915: start FollowerState
2019-10-04 13:46:36,909 [d30cfae4-72b5-4ec1-a6ad-4fabcec0d6f2@group-6C24881946A3-LeaderElection169] INFO  impl.LeaderElection (LeaderElection.java:logAndReturn(56)) - d30cfae4-72b5-4ec1-a6ad-4fabcec0d6f2@group-6C24881946A3-LeaderElection169: Election REJECTED; received 2 response(s) [d30cfae4-72b5-4ec1-a6ad-4fabcec0d6f2<-e7c9b6e5-8734-4888-9a82-5562d6bfa950#0:FAIL-t1, d30cfae4-72b5-4ec1-a6ad-4fabcec0d6f2<-f7391afe-e883-4b58-900a-eef83ef5e847#0:FAIL-t1] and 0 exception(s); d30cfae4-72b5-4ec1-a6ad-4fabcec0d6f2@group-6C24881946A3:t1, leader=null, voted=d30cfae4-72b5-4ec1-a6ad-4fabcec0d6f2, raftlog=d30cfae4-72b5-4ec1-a6ad-4fabcec0d6f2@group-6C24881946A3-SegmentedRaftLog:OPENED:c-1,f-1,i0, conf=-1: [e7c9b6e5-8734-4888-9a82-5562d6bfa950:192.168.30.33:44869, d30cfae4-72b5-4ec1-a6ad-4fabcec0d6f2:192.168.30.33:40495, f7391afe-e883-4b58-900a-eef83ef5e847:192.168.30.33:36496], old=null
2019-10-04 13:46:36,909 [34bb4e64-1059-4030-8a56-fd9416faa756@group-B080C88A3813-LeaderElection171] INFO  impl.RaftServerImpl (RaftServerImpl.java:setRole(170)) - 34bb4e64-1059-4030-8a56-fd9416faa756@group-B080C88A3813: changes role from CANDIDATE to FOLLOWER at term 2 for DISCOVERED_A_NEW_TERM
2019-10-04 13:46:36,909 [4da2f670-0e5c-4bde-934c-3cd05d8a50a4@group-39017AAFEA81-LeaderElection167] INFO  impl.RaftServerImpl (RaftServerImpl.java:setRole(170)) - 4da2f670-0e5c-4bde-934c-3cd05d8a50a4@group-39017AAFEA81: changes role from CANDIDATE to FOLLOWER at term 6 for DISCOVERED_A_NEW_TERM
2019-10-04 13:46:36,909 [34bb4e64-1059-4030-8a56-fd9416faa756@group-B080C88A3813-LeaderElection171] INFO  impl.RoleInfo (RoleInfo.java:shutdownLeaderElection(134)) - 34bb4e64-1059-4030-8a56-fd9416faa756: shutdown LeaderElection
2019-10-04 13:46:36,909 [d30cfae4-72b5-4ec1-a6ad-4fabcec0d6f2@group-6C24881946A3-LeaderElection169] INFO  impl.RaftServerImpl (RaftServerImpl.java:setRole(170)) - d30cfae4-72b5-4ec1-a6ad-4fabcec0d6f2@group-6C24881946A3: changes role from CANDIDATE to FOLLOWER at term 1 for DISCOVERED_A_NEW_TERM
2019-10-04 13:46:36,909 [d30cfae4-72b5-4ec1-a6ad-4fabcec0d6f2@group-6C24881946A3-LeaderElection169] INFO  impl.RoleInfo (RoleInfo.java:shutdownLeaderElection(134)) - d30cfae4-72b5-4ec1-a6ad-4fabcec0d6f2: shutdown LeaderElection
2019-10-04 13:46:36,909 [870a27db-da30-4d61-a408-9d113e1c9716@group-B080C88A3813-LeaderElection172] INFO  impl.LeaderElection (LeaderElection.java:logAndReturn(56)) - 870a27db-da30-4d61-a408-9d113e1c9716@group-B080C88A3813-LeaderElection172: Election REJECTED; received 2 response(s) [870a27db-da30-4d61-a408-9d113e1c9716<-1acd4a7f-a859-40e1-8534-5adb5341c727#0:FAIL-t2, 870a27db-da30-4d61-a408-9d113e1c9716<-34bb4e64-1059-4030-8a56-fd9416faa756#0:FAIL-t2] and 0 exception(s); 870a27db-da30-4d61-a408-9d113e1c9716@group-B080C88A3813:t2, leader=null, voted=870a27db-da30-4d61-a408-9d113e1c9716, raftlog=870a27db-da30-4d61-a408-9d113e1c9716@group-B080C88A3813-SegmentedRaftLog:OPENED:c-1,f-1,i0, conf=-1: [1acd4a7f-a859-40e1-8534-5adb5341c727:192.168.30.33:43799, 34bb4e64-1059-4030-8a56-fd9416faa756:192.168.30.33:39854, 870a27db-da30-4d61-a408-9d113e1c9716:192.168.30.33:42515], old=null
2019-10-04 13:46:36,909 [d30cfae4-72b5-4ec1-a6ad-4fabcec0d6f2@group-6C24881946A3-LeaderElection169] INFO  impl.RoleInfo (RoleInfo.java:updateAndGet(143)) - d30cfae4-72b5-4ec1-a6ad-4fabcec0d6f2: start FollowerState
2019-10-04 13:46:36,909 [34bb4e64-1059-4030-8a56-fd9416faa756@group-B080C88A3813-LeaderElection171] INFO  impl.RoleInfo (RoleInfo.java:updateAndGet(143)) - 34bb4e64-1059-4030-8a56-fd9416faa756: start FollowerState
2019-10-04 13:46:36,909 [4da2f670-0e5c-4bde-934c-3cd05d8a50a4@group-39017AAFEA81-LeaderElection167] INFO  impl.RoleInfo (RoleInfo.java:shutdownLeaderElection(134)) - 4da2f670-0e5c-4bde-934c-3cd05d8a50a4: shutdown LeaderElection
2019-10-04 13:46:36,909 [870a27db-da30-4d61-a408-9d113e1c9716@group-B080C88A3813-LeaderElection172] INFO  impl.RaftServerImpl (RaftServerImpl.java:setRole(170)) - 870a27db-da30-4d61-a408-9d113e1c9716@group-B080C88A3813: changes role from CANDIDATE to FOLLOWER at term 2 for DISCOVERED_A_NEW_TERM
2019-10-04 13:46:36,911 [4da2f670-0e5c-4bde-934c-3cd05d8a50a4@group-39017AAFEA81-LeaderElection167] INFO  impl.RoleInfo (RoleInfo.java:updateAndGet(143)) - 4da2f670-0e5c-4bde-934c-3cd05d8a50a4: start FollowerState
2019-10-04 13:46:36,911 [870a27db-da30-4d61-a408-9d113e1c9716@group-B080C88A3813-LeaderElection172] INFO  impl.RoleInfo (RoleInfo.java:shutdownLeaderElection(134)) - 870a27db-da30-4d61-a408-9d113e1c9716: shutdown LeaderElection
2019-10-04 13:46:36,911 [870a27db-da30-4d61-a408-9d113e1c9716@group-B080C88A3813-LeaderElection172] INFO  impl.RoleInfo (RoleInfo.java:updateAndGet(143)) - 870a27db-da30-4d61-a408-9d113e1c9716: start FollowerState
2019-10-04 13:46:36,912 [e7c9b6e5-8734-4888-9a82-5562d6bfa950@group-6C24881946A3-LeaderElection170] INFO  impl.LeaderElection (LeaderElection.java:logAndReturn(56)) - e7c9b6e5-8734-4888-9a82-5562d6bfa950@group-6C24881946A3-LeaderElection170: Election REJECTED; received 2 response(s) [e7c9b6e5-8734-4888-9a82-5562d6bfa950<-d30cfae4-72b5-4ec1-a6ad-4fabcec0d6f2#0:FAIL-t1, e7c9b6e5-8734-4888-9a82-5562d6bfa950<-f7391afe-e883-4b58-900a-eef83ef5e847#0:FAIL-t1] and 0 exception(s); e7c9b6e5-8734-4888-9a82-5562d6bfa950@group-6C24881946A3:t1, leader=null, voted=e7c9b6e5-8734-4888-9a82-5562d6bfa950, raftlog=e7c9b6e5-8734-4888-9a82-5562d6bfa950@group-6C24881946A3-SegmentedRaftLog:OPENED:c-1,f-1,i0, conf=-1: [e7c9b6e5-8734-4888-9a82-5562d6bfa950:192.168.30.33:44869, d30cfae4-72b5-4ec1-a6ad-4fabcec0d6f2:192.168.30.33:40495, f7391afe-e883-4b58-900a-eef83ef5e847:192.168.30.33:36496], old=null
2019-10-04 13:46:36,912 [e7c9b6e5-8734-4888-9a82-5562d6bfa950@group-6C24881946A3-LeaderElection170] INFO  impl.RaftServerImpl (RaftServerImpl.java:setRole(170)) - e7c9b6e5-8734-4888-9a82-5562d6bfa950@group-6C24881946A3: changes role from CANDIDATE to FOLLOWER at term 1 for DISCOVERED_A_NEW_TERM
2019-10-04 13:46:36,912 [e7c9b6e5-8734-4888-9a82-5562d6bfa950@group-6C24881946A3-LeaderElection170] INFO  impl.RoleInfo (RoleInfo.java:shutdownLeaderElection(134)) - e7c9b6e5-8734-4888-9a82-5562d6bfa950: shutdown LeaderElection
2019-10-04 13:46:36,912 [e7c9b6e5-8734-4888-9a82-5562d6bfa950@group-6C24881946A3-LeaderElection170] INFO  impl.RoleInfo (RoleInfo.java:updateAndGet(143)) - e7c9b6e5-8734-4888-9a82-5562d6bfa950: start FollowerState
2019-10-04 13:46:37,934 [Thread-3608] INFO  impl.FollowerState (FollowerState.java:run(108)) - abf7bc81-30d5-42c0-a0af-45d0cecf5915@group-39017AAFEA81-FollowerState: change to CANDIDATE, lastRpcTime:1025ms, electionTimeout:1025ms
2019-10-04 13:46:37,934 [Thread-3608] INFO  impl.RoleInfo (RoleInfo.java:shutdownFollowerState(121)) - abf7bc81-30d5-42c0-a0af-45d0cecf5915: shutdown FollowerState
2019-10-04 13:46:37,934 [Thread-3608] INFO  impl.RaftServerImpl (RaftServerImpl.java:setRole(170)) - abf7bc81-30d5-42c0-a0af-45d0cecf5915@group-39017AAFEA81: changes role from  FOLLOWER to CANDIDATE at term 6 for changeToCandidate
2019-10-04 13:46:37,935 [Thread-3608] INFO  impl.RoleInfo (RoleInfo.java:updateAndGet(143)) - abf7bc81-30d5-42c0-a0af-45d0cecf5915: start LeaderElection
2019-10-04 13:46:37,938 [Thread-3613] INFO  impl.FollowerState (FollowerState.java:run(108)) - e7c9b6e5-8734-4888-9a82-5562d6bfa950@group-6C24881946A3-FollowerState: change to CANDIDATE, lastRpcTime:1025ms, electionTimeout:1025ms
2019-10-04 13:46:37,938 [Thread-3613] INFO  impl.RoleInfo (RoleInfo.java:shutdownFollowerState(121)) - e7c9b6e5-8734-4888-9a82-5562d6bfa950: shutdown FollowerState
2019-10-04 13:46:37,938 [Thread-3613] INFO  impl.RaftServerImpl (RaftServerImpl.java:setRole(170)) - e7c9b6e5-8734-4888-9a82-5562d6bfa950@group-6C24881946A3: changes role from  FOLLOWER to CANDIDATE at term 1 for changeToCandidate
2019-10-04 13:46:37,938 [Thread-3613] INFO  impl.RoleInfo (RoleInfo.java:updateAndGet(143)) - e7c9b6e5-8734-4888-9a82-5562d6bfa950: start LeaderElection
2019-10-04 13:46:37,954 [Thread-3605] INFO  impl.FollowerState (FollowerState.java:run(108)) - a9f2dbb7-43c3-4367-8346-947b48bd4d79@group-39017AAFEA81-FollowerState: change to CANDIDATE, lastRpcTime:1048ms, electionTimeout:1047ms
2019-10-04 13:46:37,954 [Thread-3605] INFO  impl.RoleInfo (RoleInfo.java:shutdownFollowerState(121)) - a9f2dbb7-43c3-4367-8346-947b48bd4d79: shutdown FollowerState
2019-10-04 13:46:37,954 [Thread-3605] INFO  impl.RaftServerImpl (RaftServerImpl.java:setRole(170)) - a9f2dbb7-43c3-4367-8346-947b48bd4d79@group-39017AAFEA81: changes role from  FOLLOWER to CANDIDATE at term 6 for changeToCandidate
2019-10-04 13:46:37,954 [Thread-3605] INFO  impl.RoleInfo (RoleInfo.java:updateAndGet(143)) - a9f2dbb7-43c3-4367-8346-947b48bd4d79: start LeaderElection
2019-10-04 13:46:37,967 [Thread-3612] INFO  impl.FollowerState (FollowerState.java:run(108)) - 870a27db-da30-4d61-a408-9d113e1c9716@group-B080C88A3813-FollowerState: change to CANDIDATE, lastRpcTime:1056ms, electionTimeout:1056ms
2019-10-04 13:46:37,967 [Thread-3612] INFO  impl.RoleInfo (RoleInfo.java:shutdownFollowerState(121)) - 870a27db-da30-4d61-a408-9d113e1c9716: shutdown FollowerState
2019-10-04 13:46:37,967 [Thread-3612] INFO  impl.RaftServerImpl (RaftServerImpl.java:setRole(170)) - 870a27db-da30-4d61-a408-9d113e1c9716@group-B080C88A3813: changes role from  FOLLOWER to CANDIDATE at term 2 for changeToCandidate
2019-10-04 13:46:37,968 [Thread-3612] INFO  impl.RoleInfo (RoleInfo.java:updateAndGet(143)) - 870a27db-da30-4d61-a408-9d113e1c9716: start LeaderElection
2019-10-04 13:46:38,001 [Thread-3610] INFO  impl.FollowerState (FollowerState.java:run(108)) - d30cfae4-72b5-4ec1-a6ad-4fabcec0d6f2@group-6C24881946A3-FollowerState: change to CANDIDATE, lastRpcTime:1091ms, electionTimeout:1090ms
2019-10-04 13:46:38,001 [Thread-3610] INFO  impl.RoleInfo (RoleInfo.java:shutdownFollowerState(121)) - d30cfae4-72b5-4ec1-a6ad-4fabcec0d6f2: shutdown FollowerState
2019-10-04 13:46:38,001 [Thread-3610] INFO  impl.RaftServerImpl (RaftServerImpl.java:setRole(170)) - d30cfae4-72b5-4ec1-a6ad-4fabcec0d6f2@group-6C24881946A3: changes role from  FOLLOWER to CANDIDATE at term 1 for changeToCandidate
2019-10-04 13:46:38,001 [Thread-3610] INFO  impl.RoleInfo (RoleInfo.java:updateAndGet(143)) - d30cfae4-72b5-4ec1-a6ad-4fabcec0d6f2: start LeaderElection
2019-10-04 13:46:38,004 [Thread-3607] INFO  impl.FollowerState (FollowerState.java:run(108)) - 1acd4a7f-a859-40e1-8534-5adb5341c727@group-B080C88A3813-FollowerState: change to CANDIDATE, lastRpcTime:1096ms, electionTimeout:1096ms
2019-10-04 13:46:38,004 [Thread-3607] INFO  impl.RoleInfo (RoleInfo.java:shutdownFollowerState(121)) - 1acd4a7f-a859-40e1-8534-5adb5341c727: shutdown FollowerState
2019-10-04 13:46:38,004 [Thread-3607] INFO  impl.RaftServerImpl (RaftServerImpl.java:setRole(170)) - 1acd4a7f-a859-40e1-8534-5adb5341c727@group-B080C88A3813: changes role from  FOLLOWER to CANDIDATE at term 2 for changeToCandidate
2019-10-04 13:46:38,004 [Thread-3607] INFO  impl.RoleInfo (RoleInfo.java:updateAndGet(143)) - 1acd4a7f-a859-40e1-8534-5adb5341c727: start LeaderElection
2019-10-04 13:46:38,034 [Thread-3609] INFO  impl.FollowerState (FollowerState.java:run(108)) - 34bb4e64-1059-4030-8a56-fd9416faa756@group-B080C88A3813-FollowerState: change to CANDIDATE, lastRpcTime:1124ms, electionTimeout:1123ms
2019-10-04 13:46:38,034 [Thread-3609] INFO  impl.RoleInfo (RoleInfo.java:shutdownFollowerState(121)) - 34bb4e64-1059-4030-8a56-fd9416faa756: shutdown FollowerState
2019-10-04 13:46:38,034 [Thread-3609] INFO  impl.RaftServerImpl (RaftServerImpl.java:setRole(170)) - 34bb4e64-1059-4030-8a56-fd9416faa756@group-B080C88A3813: changes role from  FOLLOWER to CANDIDATE at term 2 for changeToCandidate
2019-10-04 13:46:38,034 [Thread-3609] INFO  impl.RoleInfo (RoleInfo.java:updateAndGet(143)) - 34bb4e64-1059-4030-8a56-fd9416faa756: start LeaderElection
2019-10-04 13:46:38,088 [Thread-3611] INFO  impl.FollowerState (FollowerState.java:run(108)) - 4da2f670-0e5c-4bde-934c-3cd05d8a50a4@group-39017AAFEA81-FollowerState: change to CANDIDATE, lastRpcTime:1177ms, electionTimeout:1177ms
2019-10-04 13:46:38,088 [Thread-3611] INFO  impl.RoleInfo (RoleInfo.java:shutdownFollowerState(121)) - 4da2f670-0e5c-4bde-934c-3cd05d8a50a4: shutdown FollowerState
2019-10-04 13:46:38,088 [Thread-3611] INFO  impl.RaftServerImpl (RaftServerImpl.java:setRole(170)) - 4da2f670-0e5c-4bde-934c-3cd05d8a50a4@group-39017AAFEA81: changes role from  FOLLOWER to CANDIDATE at term 6 for changeToCandidate
2019-10-04 13:46:38,089 [Thread-3611] INFO  impl.RoleInfo (RoleInfo.java:updateAndGet(143)) - 4da2f670-0e5c-4bde-934c-3cd05d8a50a4: start LeaderElection
2019-10-04 13:46:38,091 [Thread-3606] INFO  impl.FollowerState (FollowerState.java:run(108)) - f7391afe-e883-4b58-900a-eef83ef5e847@group-6C24881946A3-FollowerState: change to CANDIDATE, lastRpcTime:1184ms, electionTimeout:1184ms
2019-10-04 13:46:38,091 [Thread-3606] INFO  impl.RoleInfo (RoleInfo.java:shutdownFollowerState(121)) - f7391afe-e883-4b58-900a-eef83ef5e847: shutdown FollowerState
2019-10-04 13:46:38,091 [Thread-3606] INFO  impl.RaftServerImpl (RaftServerImpl.java:setRole(170)) - f7391afe-e883-4b58-900a-eef83ef5e847@group-6C24881946A3: changes role from  FOLLOWER to CANDIDATE at term 1 for changeToCandidate
2019-10-04 13:46:38,091 [Thread-3606] INFO  impl.RoleInfo (RoleInfo.java:updateAndGet(143)) - f7391afe-e883-4b58-900a-eef83ef5e847: start LeaderElection
2019-10-04 13:46:39,826 [f7391afe-e883-4b58-900a-eef83ef5e847@group-6C24881946A3-LeaderElection182] INFO  impl.LeaderElection (LeaderElection.java:askForVotes(178)) - f7391afe-e883-4b58-900a-eef83ef5e847@group-6C24881946A3-LeaderElection182: begin an election at term 2 for -1: [e7c9b6e5-8734-4888-9a82-5562d6bfa950:192.168.30.33:44869, d30cfae4-72b5-4ec1-a6ad-4fabcec0d6f2:192.168.30.33:40495, f7391afe-e883-4b58-900a-eef83ef5e847:192.168.30.33:36496], old=null
2019-10-04 13:46:39,826 [4da2f670-0e5c-4bde-934c-3cd05d8a50a4@group-39017AAFEA81-LeaderElection181] INFO  impl.LeaderElection (LeaderElection.java:askForVotes(178)) - 4da2f670-0e5c-4bde-934c-3cd05d8a50a4@group-39017AAFEA81-LeaderElection181: begin an election at term 7 for -1: [4da2f670-0e5c-4bde-934c-3cd05d8a50a4:192.168.30.33:45990, a9f2dbb7-43c3-4367-8346-947b48bd4d79:192.168.30.33:34618, abf7bc81-30d5-42c0-a0af-45d0cecf5915:192.168.30.33:35055], old=null
2019-10-04 13:46:39,826 [870a27db-da30-4d61-a408-9d113e1c9716@group-B080C88A3813-LeaderElection177] INFO  impl.LeaderElection (LeaderElection.java:askForVotes(178)) - 870a27db-da30-4d61-a408-9d113e1c9716@group-B080C88A3813-LeaderElection177: begin an election at term 3 for -1: [1acd4a7f-a859-40e1-8534-5adb5341c727:192.168.30.33:43799, 34bb4e64-1059-4030-8a56-fd9416faa756:192.168.30.33:39854, 870a27db-da30-4d61-a408-9d113e1c9716:192.168.30.33:42515], old=null
2019-10-04 13:46:39,826 [a9f2dbb7-43c3-4367-8346-947b48bd4d79@group-39017AAFEA81-LeaderElection176] INFO  impl.LeaderElection (LeaderElection.java:askForVotes(178)) - a9f2dbb7-43c3-4367-8346-947b48bd4d79@group-39017AAFEA81-LeaderElection176: begin an election at term 7 for -1: [4da2f670-0e5c-4bde-934c-3cd05d8a50a4:192.168.30.33:45990, a9f2dbb7-43c3-4367-8346-947b48bd4d79:192.168.30.33:34618, abf7bc81-30d5-42c0-a0af-45d0cecf5915:192.168.30.33:35055], old=null
2019-10-04 13:46:39,826 [1acd4a7f-a859-40e1-8534-5adb5341c727@group-B080C88A3813-LeaderElection179] INFO  impl.LeaderElection (LeaderElection.java:askForVotes(178)) - 1acd4a7f-a859-40e1-8534-5adb5341c727@group-B080C88A3813-LeaderElection179: begin an election at term 3 for -1: [1acd4a7f-a859-40e1-8534-5adb5341c727:192.168.30.33:43799, 34bb4e64-1059-4030-8a56-fd9416faa756:192.168.30.33:39854, 870a27db-da30-4d61-a408-9d113e1c9716:192.168.30.33:42515], old=null
2019-10-04 13:46:39,826 [34bb4e64-1059-4030-8a56-fd9416faa756@group-B080C88A3813-LeaderElection180] INFO  impl.LeaderElection (LeaderElection.java:askForVotes(178)) - 34bb4e64-1059-4030-8a56-fd9416faa756@group-B080C88A3813-LeaderElection180: begin an election at term 3 for -1: [1acd4a7f-a859-40e1-8534-5adb5341c727:192.168.30.33:43799, 34bb4e64-1059-4030-8a56-fd9416faa756:192.168.30.33:39854, 870a27db-da30-4d61-a408-9d113e1c9716:192.168.30.33:42515], old=null
2019-10-04 13:46:39,826 [d30cfae4-72b5-4ec1-a6ad-4fabcec0d6f2@group-6C24881946A3-LeaderElection178] INFO  impl.LeaderElection (LeaderElection.java:askForVotes(178)) - d30cfae4-72b5-4ec1-a6ad-4fabcec0d6f2@group-6C24881946A3-LeaderElection178: begin an election at term 2 for -1: [e7c9b6e5-8734-4888-9a82-5562d6bfa950:192.168.30.33:44869, d30cfae4-72b5-4ec1-a6ad-4fabcec0d6f2:192.168.30.33:40495, f7391afe-e883-4b58-900a-eef83ef5e847:192.168.30.33:36496], old=null
2019-10-04 13:46:39,826 [abf7bc81-30d5-42c0-a0af-45d0cecf5915@group-39017AAFEA81-LeaderElection174] INFO  impl.LeaderElection (LeaderElection.java:askForVotes(178)) - abf7bc81-30d5-42c0-a0af-45d0cecf5915@group-39017AAFEA81-LeaderElection174: begin an election at term 7 for -1: [4da2f670-0e5c-4bde-934c-3cd05d8a50a4:192.168.30.33:45990, a9f2dbb7-43c3-4367-8346-947b48bd4d79:192.168.30.33:34618, abf7bc81-30d5-42c0-a0af-45d0cecf5915:192.168.30.33:35055], old=null
2019-10-04 13:46:39,826 [e7c9b6e5-8734-4888-9a82-5562d6bfa950@group-6C24881946A3-LeaderElection175] INFO  impl.LeaderElection (LeaderElection.java:askForVotes(178)) - e7c9b6e5-8734-4888-9a82-5562d6bfa950@group-6C24881946A3-LeaderElection175: begin an election at term 2 for -1: [e7c9b6e5-8734-4888-9a82-5562d6bfa950:192.168.30.33:44869, d30cfae4-72b5-4ec1-a6ad-4fabcec0d6f2:192.168.30.33:40495, f7391afe-e883-4b58-900a-eef83ef5e847:192.168.30.33:36496], old=null
2019-10-04 13:46:39,834 [d30cfae4-72b5-4ec1-a6ad-4fabcec0d6f2@group-6C24881946A3-LeaderElection178] INFO  impl.LeaderElection (LeaderElection.java:logAndReturn(56)) - d30cfae4-72b5-4ec1-a6ad-4fabcec0d6f2@group-6C24881946A3-LeaderElection178: Election REJECTED; received 2 response(s) [d30cfae4-72b5-4ec1-a6ad-4fabcec0d6f2<-e7c9b6e5-8734-4888-9a82-5562d6bfa950#0:FAIL-t2, d30cfae4-72b5-4ec1-a6ad-4fabcec0d6f2<-f7391afe-e883-4b58-900a-eef83ef5e847#0:FAIL-t2] and 0 exception(s); d30cfae4-72b5-4ec1-a6ad-4fabcec0d6f2@group-6C24881946A3:t2, leader=null, voted=d30cfae4-72b5-4ec1-a6ad-4fabcec0d6f2, raftlog=d30cfae4-72b5-4ec1-a6ad-4fabcec0d6f2@group-6C24881946A3-SegmentedRaftLog:OPENED:c-1,f-1,i0, conf=-1: [e7c9b6e5-8734-4888-9a82-5562d6bfa950:192.168.30.33:44869, d30cfae4-72b5-4ec1-a6ad-4fabcec0d6f2:192.168.30.33:40495, f7391afe-e883-4b58-900a-eef83ef5e847:192.168.30.33:36496], old=null
2019-10-04 13:46:39,834 [1acd4a7f-a859-40e1-8534-5adb5341c727@group-B080C88A3813-LeaderElection179] INFO  impl.LeaderElection (LeaderElection.java:logAndReturn(56)) - 1acd4a7f-a859-40e1-8534-5adb5341c727@group-B080C88A3813-LeaderElection179: Election REJECTED; received 2 response(s) [1acd4a7f-a859-40e1-8534-5adb5341c727<-34bb4e64-1059-4030-8a56-fd9416faa756#0:FAIL-t3, 1acd4a7f-a859-40e1-8534-5adb5341c727<-870a27db-da30-4d61-a408-9d113e1c9716#0:FAIL-t3] and 0 exception(s); 1acd4a7f-a859-40e1-8534-5adb5341c727@group-B080C88A3813:t3, leader=null, voted=1acd4a7f-a859-40e1-8534-5adb5341c727, raftlog=1acd4a7f-a859-40e1-8534-5adb5341c727@group-B080C88A3813-SegmentedRaftLog:OPENED:c-1,f-1,i0, conf=-1: [1acd4a7f-a859-40e1-8534-5adb5341c727:192.168.30.33:43799, 34bb4e64-1059-4030-8a56-fd9416faa756:192.168.30.33:39854, 870a27db-da30-4d61-a408-9d113e1c9716:192.168.30.33:42515], old=null
2019-10-04 13:46:39,834 [d30cfae4-72b5-4ec1-a6ad-4fabcec0d6f2@group-6C24881946A3-LeaderElection178] INFO  impl.RaftServerImpl (RaftServerImpl.java:setRole(170)) - d30cfae4-72b5-4ec1-a6ad-4fabcec0d6f2@group-6C24881946A3: changes role from CANDIDATE to FOLLOWER at term 2 for DISCOVERED_A_NEW_TERM
2019-10-04 13:46:39,834 [870a27db-da30-4d61-a408-9d113e1c9716@group-B080C88A3813-LeaderElection177] INFO  impl.LeaderElection (LeaderElection.java:logAndReturn(56)) - 870a27db-da30-4d61-a408-9d113e1c9716@group-B080C88A3813-LeaderElection177: Election REJECTED; received 2 response(s) [870a27db-da30-4d61-a408-9d113e1c9716<-1acd4a7f-a859-40e1-8534-5adb5341c727#0:FAIL-t3, 870a27db-da30-4d61-a408-9d113e1c9716<-34bb4e64-1059-4030-8a56-fd9416faa756#0:FAIL-t3] and 0 exception(s); 870a27db-da30-4d61-a408-9d113e1c9716@group-B080C88A3813:t3, leader=null, voted=870a27db-da30-4d61-a408-9d113e1c9716, raftlog=870a27db-da30-4d61-a408-9d113e1c9716@group-B080C88A3813-SegmentedRaftLog:OPENED:c-1,f-1,i0, conf=-1: [1acd4a7f-a859-40e1-8534-5adb5341c727:192.168.30.33:43799, 34bb4e64-1059-4030-8a56-fd9416faa756:192.168.30.33:39854, 870a27db-da30-4d61-a408-9d113e1c9716:192.168.30.33:42515], old=null
2019-10-04 13:46:39,834 [1acd4a7f-a859-40e1-8534-5adb5341c727@group-B080C88A3813-LeaderElection179] INFO  impl.RaftServerImpl (RaftServerImpl.java:setRole(170)) - 1acd4a7f-a859-40e1-8534-5adb5341c727@group-B080C88A3813: changes role from CANDIDATE to FOLLOWER at term 3 for DISCOVERED_A_NEW_TERM
2019-10-04 13:46:39,835 [870a27db-da30-4d61-a408-9d113e1c9716@group-B080C88A3813-LeaderElection177] INFO  impl.RaftServerImpl (RaftServerImpl.java:setRole(170)) - 870a27db-da30-4d61-a408-9d113e1c9716@group-B080C88A3813: changes role from CANDIDATE to FOLLOWER at term 3 for DISCOVERED_A_NEW_TERM
2019-10-04 13:46:39,835 [f7391afe-e883-4b58-900a-eef83ef5e847@group-6C24881946A3-LeaderElection182] INFO  impl.LeaderElection (LeaderElection.java:logAndReturn(56)) - f7391afe-e883-4b58-900a-eef83ef5e847@group-6C24881946A3-LeaderElection182: Election REJECTED; received 2 response(s) [f7391afe-e883-4b58-900a-eef83ef5e847<-e7c9b6e5-8734-4888-9a82-5562d6bfa950#0:FAIL-t2, f7391afe-e883-4b58-900a-eef83ef5e847<-d30cfae4-72b5-4ec1-a6ad-4fabcec0d6f2#0:FAIL-t2] and 0 exception(s); f7391afe-e883-4b58-900a-eef83ef5e847@group-6C24881946A3:t2, leader=null, voted=f7391afe-e883-4b58-900a-eef83ef5e847, raftlog=f7391afe-e883-4b58-900a-eef83ef5e847@group-6C24881946A3-SegmentedRaftLog:OPENED:c-1,f-1,i0, conf=-1: [e7c9b6e5-8734-4888-9a82-5562d6bfa950:192.168.30.33:44869, d30cfae4-72b5-4ec1-a6ad-4fabcec0d6f2:192.168.30.33:40495, f7391afe-e883-4b58-900a-eef83ef5e847:192.168.30.33:36496], old=null
2019-10-04 13:46:39,835 [abf7bc81-30d5-42c0-a0af-45d0cecf5915@group-39017AAFEA81-LeaderElection174] INFO  impl.LeaderElection (LeaderElection.java:logAndReturn(56)) - abf7bc81-30d5-42c0-a0af-45d0cecf5915@group-39017AAFEA81-LeaderElection174: Election REJECTED; received 2 response(s) [abf7bc81-30d5-42c0-a0af-45d0cecf5915<-4da2f670-0e5c-4bde-934c-3cd05d8a50a4#0:FAIL-t7, abf7bc81-30d5-42c0-a0af-45d0cecf5915<-a9f2dbb7-43c3-4367-8346-947b48bd4d79#0:FAIL-t7] and 0 exception(s); abf7bc81-30d5-42c0-a0af-45d0cecf5915@group-39017AAFEA81:t7, leader=null, voted=abf7bc81-30d5-42c0-a0af-45d0cecf5915, raftlog=abf7bc81-30d5-42c0-a0af-45d0cecf5915@group-39017AAFEA81-SegmentedRaftLog:OPENED:c-1,f-1,i0, conf=-1: [4da2f670-0e5c-4bde-934c-3cd05d8a50a4:192.168.30.33:45990, a9f2dbb7-43c3-4367-8346-947b48bd4d79:192.168.30.33:34618, abf7bc81-30d5-42c0-a0af-45d0cecf5915:192.168.30.33:35055], old=null
2019-10-04 13:46:39,836 [abf7bc81-30d5-42c0-a0af-45d0cecf5915@group-39017AAFEA81-LeaderElection174] INFO  impl.RaftServerImpl (RaftServerImpl.java:setRole(170)) - abf7bc81-30d5-42c0-a0af-45d0cecf5915@group-39017AAFEA81: changes role from CANDIDATE to FOLLOWER at term 7 for DISCOVERED_A_NEW_TERM
2019-10-04 13:46:39,835 [d30cfae4-72b5-4ec1-a6ad-4fabcec0d6f2@group-6C24881946A3-LeaderElection178] INFO  impl.RoleInfo (RoleInfo.java:shutdownLeaderElection(134)) - d30cfae4-72b5-4ec1-a6ad-4fabcec0d6f2: shutdown LeaderElection
2019-10-04 13:46:39,836 [e7c9b6e5-8734-4888-9a82-5562d6bfa950@group-6C24881946A3-LeaderElection175] INFO  impl.LeaderElection (LeaderElection.java:logAndReturn(56)) - e7c9b6e5-8734-4888-9a82-5562d6bfa950@group-6C24881946A3-LeaderElection175: Election REJECTED; received 2 response(s) [e7c9b6e5-8734-4888-9a82-5562d6bfa950<-d30cfae4-72b5-4ec1-a6ad-4fabcec0d6f2#0:FAIL-t2, e7c9b6e5-8734-4888-9a82-5562d6bfa950<-f7391afe-e883-4b58-900a-eef83ef5e847#0:FAIL-t2] and 0 exception(s); e7c9b6e5-8734-4888-9a82-5562d6bfa950@group-6C24881946A3:t2, leader=null, voted=e7c9b6e5-8734-4888-9a82-5562d6bfa950, raftlog=e7c9b6e5-8734-4888-9a82-5562d6bfa950@group-6C24881946A3-SegmentedRaftLog:OPENED:c-1,f-1,i0, conf=-1: [e7c9b6e5-8734-4888-9a82-5562d6bfa950:192.168.30.33:44869, d30cfae4-72b5-4ec1-a6ad-4fabcec0d6f2:192.168.30.33:40495, f7391afe-e883-4b58-900a-eef83ef5e847:192.168.30.33:36496], old=null
2019-10-04 13:46:39,836 [abf7bc81-30d5-42c0-a0af-45d0cecf5915@group-39017AAFEA81-LeaderElection174] INFO  impl.RoleInfo (RoleInfo.java:shutdownLeaderElection(134)) - abf7bc81-30d5-42c0-a0af-45d0cecf5915: shutdown LeaderElection
2019-10-04 13:46:39,836 [4da2f670-0e5c-4bde-934c-3cd05d8a50a4@group-39017AAFEA81-LeaderElection181] INFO  impl.LeaderElection (LeaderElection.java:logAndReturn(56)) - 4da2f670-0e5c-4bde-934c-3cd05d8a50a4@group-39017AAFEA81-LeaderElection181: Election REJECTED; received 2 response(s) [4da2f670-0e5c-4bde-934c-3cd05d8a50a4<-a9f2dbb7-43c3-4367-8346-947b48bd4d79#0:FAIL-t7, 4da2f670-0e5c-4bde-934c-3cd05d8a50a4<-abf7bc81-30d5-42c0-a0af-45d0cecf5915#0:FAIL-t7] and 0 exception(s); 4da2f670-0e5c-4bde-934c-3cd05d8a50a4@group-39017AAFEA81:t7, leader=null, voted=4da2f670-0e5c-4bde-934c-3cd05d8a50a4, raftlog=4da2f670-0e5c-4bde-934c-3cd05d8a50a4@group-39017AAFEA81-SegmentedRaftLog:OPENED:c-1,f-1,i0, conf=-1: [4da2f670-0e5c-4bde-934c-3cd05d8a50a4:192.168.30.33:45990, a9f2dbb7-43c3-4367-8346-947b48bd4d79:192.168.30.33:34618, abf7bc81-30d5-42c0-a0af-45d0cecf5915:192.168.30.33:35055], old=null
2019-10-04 13:46:39,835 [f7391afe-e883-4b58-900a-eef83ef5e847@group-6C24881946A3-LeaderElection182] INFO  impl.RaftServerImpl (RaftServerImpl.java:setRole(170)) - f7391afe-e883-4b58-900a-eef83ef5e847@group-6C24881946A3: changes role from CANDIDATE to FOLLOWER at term 2 for DISCOVERED_A_NEW_TERM
2019-10-04 13:46:39,836 [f7391afe-e883-4b58-900a-eef83ef5e847@group-6C24881946A3-LeaderElection182] INFO  impl.RoleInfo (RoleInfo.java:shutdownLeaderElection(134)) - f7391afe-e883-4b58-900a-eef83ef5e847: shutdown LeaderElection
2019-10-04 13:46:39,835 [870a27db-da30-4d61-a408-9d113e1c9716@group-B080C88A3813-LeaderElection177] INFO  impl.RoleInfo (RoleInfo.java:shutdownLeaderElection(134)) - 870a27db-da30-4d61-a408-9d113e1c9716: shutdown LeaderElection
2019-10-04 13:46:39,835 [1acd4a7f-a859-40e1-8534-5adb5341c727@group-B080C88A3813-LeaderElection179] INFO  impl.RoleInfo (RoleInfo.java:shutdownLeaderElection(134)) - 1acd4a7f-a859-40e1-8534-5adb5341c727: shutdown LeaderElection
2019-10-04 13:46:39,837 [870a27db-da30-4d61-a408-9d113e1c9716@group-B080C88A3813-LeaderElection177] INFO  impl.RoleInfo (RoleInfo.java:updateAndGet(143)) - 870a27db-da30-4d61-a408-9d113e1c9716: start FollowerState
2019-10-04 13:46:39,837 [f7391afe-e883-4b58-900a-eef83ef5e847@group-6C24881946A3-LeaderElection182] INFO  impl.RoleInfo (RoleInfo.java:updateAndGet(143)) - f7391afe-e883-4b58-900a-eef83ef5e847: start FollowerState
2019-10-04 13:46:39,836 [4da2f670-0e5c-4bde-934c-3cd05d8a50a4@group-39017AAFEA81-LeaderElection181] INFO  impl.RaftServerImpl (RaftServerImpl.java:setRole(170)) - 4da2f670-0e5c-4bde-934c-3cd05d8a50a4@group-39017AAFEA81: changes role from CANDIDATE to FOLLOWER at term 7 for DISCOVERED_A_NEW_TERM
2019-10-04 13:46:39,836 [abf7bc81-30d5-42c0-a0af-45d0cecf5915@group-39017AAFEA81-LeaderElection174] INFO  impl.RoleInfo (RoleInfo.java:updateAndGet(143)) - abf7bc81-30d5-42c0-a0af-45d0cecf5915: start FollowerState
2019-10-04 13:46:39,836 [a9f2dbb7-43c3-4367-8346-947b48bd4d79@group-39017AAFEA81-LeaderElection176] INFO  impl.LeaderElection (LeaderElection.java:logAndReturn(56)) - a9f2dbb7-43c3-4367-8346-947b48bd4d79@group-39017AAFEA81-LeaderElection176: Election REJECTED; received 2 response(s) [a9f2dbb7-43c3-4367-8346-947b48bd4d79<-4da2f670-0e5c-4bde-934c-3cd05d8a50a4#0:FAIL-t7, a9f2dbb7-43c3-4367-8346-947b48bd4d79<-abf7bc81-30d5-42c0-a0af-45d0cecf5915#0:FAIL-t7] and 0 exception(s); a9f2dbb7-43c3-4367-8346-947b48bd4d79@group-39017AAFEA81:t7, leader=null, voted=a9f2dbb7-43c3-4367-8346-947b48bd4d79, raftlog=a9f2dbb7-43c3-4367-8346-947b48bd4d79@group-39017AAFEA81-SegmentedRaftLog:OPENED:c-1,f-1,i0, conf=-1: [4da2f670-0e5c-4bde-934c-3cd05d8a50a4:192.168.30.33:45990, a9f2dbb7-43c3-4367-8346-947b48bd4d79:192.168.30.33:34618, abf7bc81-30d5-42c0-a0af-45d0cecf5915:192.168.30.33:35055], old=null
2019-10-04 13:46:39,836 [e7c9b6e5-8734-4888-9a82-5562d6bfa950@group-6C24881946A3-LeaderElection175] INFO  impl.RaftServerImpl (RaftServerImpl.java:setRole(170)) - e7c9b6e5-8734-4888-9a82-5562d6bfa950@group-6C24881946A3: changes role from CANDIDATE to FOLLOWER at term 2 for DISCOVERED_A_NEW_TERM
2019-10-04 13:46:39,838 [e7c9b6e5-8734-4888-9a82-5562d6bfa950@group-6C24881946A3-LeaderElection175] INFO  impl.RoleInfo (RoleInfo.java:shutdownLeaderElection(134)) - e7c9b6e5-8734-4888-9a82-5562d6bfa950: shutdown LeaderElection
2019-10-04 13:46:39,836 [34bb4e64-1059-4030-8a56-fd9416faa756@group-B080C88A3813-LeaderElection180] INFO  impl.LeaderElection (LeaderElection.java:logAndReturn(56)) - 34bb4e64-1059-4030-8a56-fd9416faa756@group-B080C88A3813-LeaderElection180: Election REJECTED; received 2 response(s) [34bb4e64-1059-4030-8a56-fd9416faa756<-1acd4a7f-a859-40e1-8534-5adb5341c727#0:FAIL-t3, 34bb4e64-1059-4030-8a56-fd9416faa756<-870a27db-da30-4d61-a408-9d113e1c9716#0:FAIL-t3] and 0 exception(s); 34bb4e64-1059-4030-8a56-fd9416faa756@group-B080C88A3813:t3, leader=null, voted=34bb4e64-1059-4030-8a56-fd9416faa756, raftlog=34bb4e64-1059-4030-8a56-fd9416faa756@group-B080C88A3813-SegmentedRaftLog:OPENED:c-1,f-1,i0, conf=-1: [1acd4a7f-a859-40e1-8534-5adb5341c727:192.168.30.33:43799, 34bb4e64-1059-4030-8a56-fd9416faa756:192.168.30.33:39854, 870a27db-da30-4d61-a408-9d113e1c9716:192.168.30.33:42515], old=null
2019-10-04 13:46:39,836 [d30cfae4-72b5-4ec1-a6ad-4fabcec0d6f2@group-6C24881946A3-LeaderElection178] INFO  impl.RoleInfo (RoleInfo.java:updateAndGet(143)) - d30cfae4-72b5-4ec1-a6ad-4fabcec0d6f2: start FollowerState
2019-10-04 13:46:39,838 [34bb4e64-1059-4030-8a56-fd9416faa756@group-B080C88A3813-LeaderElection180] INFO  impl.RaftServerImpl (RaftServerImpl.java:setRole(170)) - 34bb4e64-1059-4030-8a56-fd9416faa756@group-B080C88A3813: changes role from CANDIDATE to FOLLOWER at term 3 for DISCOVERED_A_NEW_TERM
2019-10-04 13:46:39,838 [e7c9b6e5-8734-4888-9a82-5562d6bfa950@group-6C24881946A3-LeaderElection175] INFO  impl.RoleInfo (RoleInfo.java:updateAndGet(143)) - e7c9b6e5-8734-4888-9a82-5562d6bfa950: start FollowerState
2019-10-04 13:46:39,838 [a9f2dbb7-43c3-4367-8346-947b48bd4d79@group-39017AAFEA81-LeaderElection176] INFO  impl.RaftServerImpl (RaftServerImpl.java:setRole(170)) - a9f2dbb7-43c3-4367-8346-947b48bd4d79@group-39017AAFEA81: changes role from CANDIDATE to FOLLOWER at term 7 for DISCOVERED_A_NEW_TERM
2019-10-04 13:46:39,837 [4da2f670-0e5c-4bde-934c-3cd05d8a50a4@group-39017AAFEA81-LeaderElection181] INFO  impl.RoleInfo (RoleInfo.java:shutdownLeaderElection(134)) - 4da2f670-0e5c-4bde-934c-3cd05d8a50a4: shutdown LeaderElection
2019-10-04 13:46:39,837 [1acd4a7f-a859-40e1-8534-5adb5341c727@group-B080C88A3813-LeaderElection179] INFO  impl.RoleInfo (RoleInfo.java:updateAndGet(143)) - 1acd4a7f-a859-40e1-8534-5adb5341c727: start FollowerState
2019-10-04 13:46:39,839 [4da2f670-0e5c-4bde-934c-3cd05d8a50a4@group-39017AAFEA81-LeaderElection181] INFO  impl.RoleInfo (RoleInfo.java:updateAndGet(143)) - 4da2f670-0e5c-4bde-934c-3cd05d8a50a4: start FollowerState
2019-10-04 13:46:39,839 [a9f2dbb7-43c3-4367-8346-947b48bd4d79@group-39017AAFEA81-LeaderElection176] INFO  impl.RoleInfo (RoleInfo.java:shutdownLeaderElection(134)) - a9f2dbb7-43c3-4367-8346-947b48bd4d79: shutdown LeaderElection
2019-10-04 13:46:39,838 [34bb4e64-1059-4030-8a56-fd9416faa756@group-B080C88A3813-LeaderElection180] INFO  impl.RoleInfo (RoleInfo.java:shutdownLeaderElection(134)) - 34bb4e64-1059-4030-8a56-fd9416faa756: shutdown LeaderElection
2019-10-04 13:46:39,839 [a9f2dbb7-43c3-4367-8346-947b48bd4d79@group-39017AAFEA81-LeaderElection176] INFO  impl.RoleInfo (RoleInfo.java:updateAndGet(143)) - a9f2dbb7-43c3-4367-8346-947b48bd4d79: start FollowerState
2019-10-04 13:46:39,839 [34bb4e64-1059-4030-8a56-fd9416faa756@group-B080C88A3813-LeaderElection180] INFO  impl.RoleInfo (RoleInfo.java:updateAndGet(143)) - 34bb4e64-1059-4030-8a56-fd9416faa756: start FollowerState
2019-10-04 13:46:40,859 [Thread-3652] INFO  impl.FollowerState (FollowerState.java:run(108)) - a9f2dbb7-43c3-4367-8346-947b48bd4d79@group-39017AAFEA81-FollowerState: change to CANDIDATE, lastRpcTime:1019ms, electionTimeout:1019ms
2019-10-04 13:46:40,859 [Thread-3652] INFO  impl.RoleInfo (RoleInfo.java:shutdownFollowerState(121)) - a9f2dbb7-43c3-4367-8346-947b48bd4d79: shutdown FollowerState
2019-10-04 13:46:40,859 [Thread-3652] INFO  impl.RaftServerImpl (RaftServerImpl.java:setRole(170)) - a9f2dbb7-43c3-4367-8346-947b48bd4d79@group-39017AAFEA81: changes role from  FOLLOWER to CANDIDATE at term 7 for changeToCandidate
2019-10-04 13:46:40,859 [Thread-3652] INFO  impl.RoleInfo (RoleInfo.java:updateAndGet(143)) - a9f2dbb7-43c3-4367-8346-947b48bd4d79: start LeaderElection
2019-10-04 13:46:40,927 [Thread-3651] INFO  impl.FollowerState (FollowerState.java:run(108)) - 4da2f670-0e5c-4bde-934c-3cd05d8a50a4@group-39017AAFEA81-FollowerState: change to CANDIDATE, lastRpcTime:1088ms, electionTimeout:1088ms
2019-10-04 13:46:40,928 [Thread-3651] INFO  impl.RoleInfo (RoleInfo.java:shutdownFollowerState(121)) - 4da2f670-0e5c-4bde-934c-3cd05d8a50a4: shutdown FollowerState
2019-10-04 13:46:40,928 [Thread-3651] INFO  impl.RaftServerImpl (RaftServerImpl.java:setRole(170)) - 4da2f670-0e5c-4bde-934c-3cd05d8a50a4@group-39017AAFEA81: changes role from  FOLLOWER to CANDIDATE at term 7 for changeToCandidate
2019-10-04 13:46:40,928 [Thread-3651] INFO  impl.RoleInfo (RoleInfo.java:updateAndGet(143)) - 4da2f670-0e5c-4bde-934c-3cd05d8a50a4: start LeaderElection
2019-10-04 13:46:40,960 [Thread-3646] INFO  impl.FollowerState (FollowerState.java:run(108)) - abf7bc81-30d5-42c0-a0af-45d0cecf5915@group-39017AAFEA81-FollowerState: change to CANDIDATE, lastRpcTime:1123ms, electionTimeout:1111ms
2019-10-04 13:46:40,960 [Thread-3653] INFO  impl.FollowerState (FollowerState.java:run(108)) - 34bb4e64-1059-4030-8a56-fd9416faa756@group-B080C88A3813-FollowerState: change to CANDIDATE, lastRpcTime:1120ms, electionTimeout:1113ms
2019-10-04 13:46:40,960 [Thread-3646] INFO  impl.RoleInfo (RoleInfo.java:shutdownFollowerState(121)) - abf7bc81-30d5-42c0-a0af-45d0cecf5915: shutdown FollowerState
2019-10-04 13:46:40,960 [Thread-3648] INFO  impl.FollowerState (FollowerState.java:run(108)) - 870a27db-da30-4d61-a408-9d113e1c9716@group-B080C88A3813-FollowerState: change to CANDIDATE, lastRpcTime:1123ms, electionTimeout:1120ms
2019-10-04 13:46:40,963 [Thread-3648] INFO  impl.RoleInfo (RoleInfo.java:shutdownFollowerState(121)) - 870a27db-da30-4d61-a408-9d113e1c9716: shutdown FollowerState
2019-10-04 13:46:40,963 [Thread-3646] INFO  impl.RaftServerImpl (RaftServerImpl.java:setRole(170)) - abf7bc81-30d5-42c0-a0af-45d0cecf5915@group-39017AAFEA81: changes role from  FOLLOWER to CANDIDATE at term 7 for changeToCandidate
2019-10-04 13:46:40,960 [Thread-3653] INFO  impl.RoleInfo (RoleInfo.java:shutdownFollowerState(121)) - 34bb4e64-1059-4030-8a56-fd9416faa756: shutdown FollowerState
2019-10-04 13:46:40,963 [Thread-3646] INFO  impl.RoleInfo (RoleInfo.java:updateAndGet(143)) - abf7bc81-30d5-42c0-a0af-45d0cecf5915: start LeaderElection
2019-10-04 13:46:40,963 [Thread-3648] INFO  impl.RaftServerImpl (RaftServerImpl.java:setRole(170)) - 870a27db-da30-4d61-a408-9d113e1c9716@group-B080C88A3813: changes role from  FOLLOWER to CANDIDATE at term 3 for changeToCandidate
2019-10-04 13:46:40,963 [Thread-3653] INFO  impl.RaftServerImpl (RaftServerImpl.java:setRole(170)) - 34bb4e64-1059-4030-8a56-fd9416faa756@group-B080C88A3813: changes role from  FOLLOWER to CANDIDATE at term 3 for changeToCandidate
2019-10-04 13:46:40,963 [Thread-3648] INFO  impl.RoleInfo (RoleInfo.java:updateAndGet(143)) - 870a27db-da30-4d61-a408-9d113e1c9716: start LeaderElection
2019-10-04 13:46:40,963 [Thread-3653] INFO  impl.RoleInfo (RoleInfo.java:updateAndGet(143)) - 34bb4e64-1059-4030-8a56-fd9416faa756: start LeaderElection
2019-10-04 13:46:40,984 [Thread-3645] INFO  impl.FollowerState (FollowerState.java:run(108)) - d30cfae4-72b5-4ec1-a6ad-4fabcec0d6f2@group-6C24881946A3-FollowerState: change to CANDIDATE, lastRpcTime:1147ms, electionTimeout:1145ms
2019-10-04 13:46:40,984 [Thread-3645] INFO  impl.RoleInfo (RoleInfo.java:shutdownFollowerState(121)) - d30cfae4-72b5-4ec1-a6ad-4fabcec0d6f2: shutdown FollowerState
2019-10-04 13:46:40,984 [Thread-3645] INFO  impl.RaftServerImpl (RaftServerImpl.java:setRole(170)) - d30cfae4-72b5-4ec1-a6ad-4fabcec0d6f2@group-6C24881946A3: changes role from  FOLLOWER to CANDIDATE at term 2 for changeToCandidate
2019-10-04 13:46:40,984 [Thread-3645] INFO  impl.RoleInfo (RoleInfo.java:updateAndGet(143)) - d30cfae4-72b5-4ec1-a6ad-4fabcec0d6f2: start LeaderElection
2019-10-04 13:46:40,985 [Thread-3649] INFO  impl.FollowerState (FollowerState.java:run(108)) - 1acd4a7f-a859-40e1-8534-5adb5341c727@group-B080C88A3813-FollowerState: change to CANDIDATE, lastRpcTime:1148ms, electionTimeout:1146ms
2019-10-04 13:46:40,985 [Thread-3649] INFO  impl.RoleInfo (RoleInfo.java:shutdownFollowerState(121)) - 1acd4a7f-a859-40e1-8534-5adb5341c727: shutdown FollowerState
2019-10-04 13:46:40,986 [Thread-3649] INFO  impl.RaftServerImpl (RaftServerImpl.java:setRole(170)) - 1acd4a7f-a859-40e1-8534-5adb5341c727@group-B080C88A3813: changes role from  FOLLOWER to CANDIDATE at term 3 for changeToCandidate
2019-10-04 13:46:40,986 [Thread-3649] INFO  impl.RoleInfo (RoleInfo.java:updateAndGet(143)) - 1acd4a7f-a859-40e1-8534-5adb5341c727: start LeaderElection
2019-10-04 13:46:40,990 [Thread-3647] INFO  impl.FollowerState (FollowerState.java:run(108)) - f7391afe-e883-4b58-900a-eef83ef5e847@group-6C24881946A3-FollowerState: change to CANDIDATE, lastRpcTime:1153ms, electionTimeout:1152ms
2019-10-04 13:46:40,990 [Thread-3647] INFO  impl.RoleInfo (RoleInfo.java:shutdownFollowerState(121)) - f7391afe-e883-4b58-900a-eef83ef5e847: shutdown FollowerState
2019-10-04 13:46:40,990 [Thread-3647] INFO  impl.RaftServerImpl (RaftServerImpl.java:setRole(170)) - f7391afe-e883-4b58-900a-eef83ef5e847@group-6C24881946A3: changes role from  FOLLOWER to CANDIDATE at term 2 for changeToCandidate
2019-10-04 13:46:40,990 [Thread-3647] INFO  impl.RoleInfo (RoleInfo.java:updateAndGet(143)) - f7391afe-e883-4b58-900a-eef83ef5e847: start LeaderElection
2019-10-04 13:46:41,014 [Thread-3650] INFO  impl.FollowerState (FollowerState.java:run(108)) - e7c9b6e5-8734-4888-9a82-5562d6bfa950@group-6C24881946A3-FollowerState: change to CANDIDATE, lastRpcTime:1176ms, electionTimeout:1175ms
2019-10-04 13:46:41,014 [Thread-3650] INFO  impl.RoleInfo (RoleInfo.java:shutdownFollowerState(121)) - e7c9b6e5-8734-4888-9a82-5562d6bfa950: shutdown FollowerState
2019-10-04 13:46:41,014 [Thread-3650] INFO  impl.RaftServerImpl (RaftServerImpl.java:setRole(170)) - e7c9b6e5-8734-4888-9a82-5562d6bfa950@group-6C24881946A3: changes role from  FOLLOWER to CANDIDATE at term 2 for changeToCandidate
2019-10-04 13:46:41,014 [Thread-3650] INFO  impl.RoleInfo (RoleInfo.java:updateAndGet(143)) - e7c9b6e5-8734-4888-9a82-5562d6bfa950: start LeaderElection
2019-10-04 13:46:42,880 [a9f2dbb7-43c3-4367-8346-947b48bd4d79@group-39017AAFEA81-LeaderElection183] INFO  impl.LeaderElection (LeaderElection.java:askForVotes(178)) - a9f2dbb7-43c3-4367-8346-947b48bd4d79@group-39017AAFEA81-LeaderElection183: begin an election at term 8 for -1: [4da2f670-0e5c-4bde-934c-3cd05d8a50a4:192.168.30.33:45990, a9f2dbb7-43c3-4367-8346-947b48bd4d79:192.168.30.33:34618, abf7bc81-30d5-42c0-a0af-45d0cecf5915:192.168.30.33:35055], old=null
2019-10-04 13:46:42,880 [4da2f670-0e5c-4bde-934c-3cd05d8a50a4@group-39017AAFEA81-LeaderElection184] INFO  impl.LeaderElection (LeaderElection.java:askForVotes(178)) - 4da2f670-0e5c-4bde-934c-3cd05d8a50a4@group-39017AAFEA81-LeaderElection184: begin an election at term 8 for -1: [4da2f670-0e5c-4bde-934c-3cd05d8a50a4:192.168.30.33:45990, a9f2dbb7-43c3-4367-8346-947b48bd4d79:192.168.30.33:34618, abf7bc81-30d5-42c0-a0af-45d0cecf5915:192.168.30.33:35055], old=null
2019-10-04 13:46:44,040 [a9f2dbb7-43c3-4367-8346-947b48bd4d79@group-39017AAFEA81-LeaderElection183] INFO  impl.LeaderElection (LeaderElection.java:logAndReturn(56)) - a9f2dbb7-43c3-4367-8346-947b48bd4d79@group-39017AAFEA81-LeaderElection183: Election TIMEOUT; received 1 response(s) [a9f2dbb7-43c3-4367-8346-947b48bd4d79<-4da2f670-0e5c-4bde-934c-3cd05d8a50a4#0:FAIL-t8] and 0 exception(s); a9f2dbb7-43c3-4367-8346-947b48bd4d79@group-39017AAFEA81:t8, leader=null, voted=a9f2dbb7-43c3-4367-8346-947b48bd4d79, raftlog=a9f2dbb7-43c3-4367-8346-947b48bd4d79@group-39017AAFEA81-SegmentedRaftLog:OPENED:c-1,f-1,i0, conf=-1: [4da2f670-0e5c-4bde-934c-3cd05d8a50a4:192.168.30.33:45990, a9f2dbb7-43c3-4367-8346-947b48bd4d79:192.168.30.33:34618, abf7bc81-30d5-42c0-a0af-45d0cecf5915:192.168.30.33:35055], old=null
2019-10-04 13:46:44,058 [main] WARN  io.KeyOutputStream (KeyOutputStream.java:handleException(274)) - Encountered exception java.io.IOException: Unexpected Storage Container Exception: java.util.concurrent.CompletionException: java.util.concurrent.CompletionException: org.apache.ratis.protocol.RaftRetryFailureException: Failed RaftClientRequest:client-502DDE2BB9B0->d30cfae4-72b5-4ec1-a6ad-4fabcec0d6f2@group-6C24881946A3, cid=119, seq=1*, RW, org.apache.hadoop.hdds.scm.XceiverClientRatis$$Lambda$543/509654105@3a39a134 for 10 attempts with RetryLimited(maxAttempts=10, sleepTime=1000ms) on the pipeline Pipeline[ Id: bf50c1f5-c1f7-41c7-9d91-6c24881946a3, Nodes: d30cfae4-72b5-4ec1-a6ad-4fabcec0d6f2{ip: 192.168.30.33, host: pr-hdds-2233-hr7xq-248966361, networkLocation: /rack1, certSerialId: null}f7391afe-e883-4b58-900a-eef83ef5e847{ip: 192.168.30.33, host: pr-hdds-2233-hr7xq-248966361, networkLocation: /rack1, certSerialId: null}e7c9b6e5-8734-4888-9a82-5562d6bfa950{ip: 192.168.30.33, host: pr-hdds-2233-hr7xq-248966361, networkLocation: /rack1, certSerialId: null}, Type:RATIS, Factor:THREE, State:OPEN]. The last committed block length is 0, uncommitted data length is 1048576 retry count 0
2019-10-04 13:46:44,077 [4da2f670-0e5c-4bde-934c-3cd05d8a50a4@group-39017AAFEA81-LeaderElection184] INFO  impl.LeaderElection (LeaderElection.java:logAndReturn(56)) - 4da2f670-0e5c-4bde-934c-3cd05d8a50a4@group-39017AAFEA81-LeaderElection184: Election TIMEOUT; received 1 response(s) [4da2f670-0e5c-4bde-934c-3cd05d8a50a4<-a9f2dbb7-43c3-4367-8346-947b48bd4d79#0:FAIL-t8] and 0 exception(s); 4da2f670-0e5c-4bde-934c-3cd05d8a50a4@group-39017AAFEA81:t8, leader=null, voted=4da2f670-0e5c-4bde-934c-3cd05d8a50a4, raftlog=4da2f670-0e5c-4bde-934c-3cd05d8a50a4@group-39017AAFEA81-SegmentedRaftLog:OPENED:c-1,f-1,i0, conf=-1: [4da2f670-0e5c-4bde-934c-3cd05d8a50a4:192.168.30.33:45990, a9f2dbb7-43c3-4367-8346-947b48bd4d79:192.168.30.33:34618, abf7bc81-30d5-42c0-a0af-45d0cecf5915:192.168.30.33:35055], old=null
2019-10-04 13:46:45,656 [1acd4a7f-a859-40e1-8534-5adb5341c727@group-B080C88A3813-LeaderElection189] INFO  impl.LeaderElection (LeaderElection.java:askForVotes(178)) - 1acd4a7f-a859-40e1-8534-5adb5341c727@group-B080C88A3813-LeaderElection189: begin an election at term 4 for -1: [1acd4a7f-a859-40e1-8534-5adb5341c727:192.168.30.33:43799, 34bb4e64-1059-4030-8a56-fd9416faa756:192.168.30.33:39854, 870a27db-da30-4d61-a408-9d113e1c9716:192.168.30.33:42515], old=null
2019-10-04 13:46:45,656 [e7c9b6e5-8734-4888-9a82-5562d6bfa950@group-6C24881946A3-LeaderElection191] INFO  impl.LeaderElection (LeaderElection.java:askForVotes(178)) - e7c9b6e5-8734-4888-9a82-5562d6bfa950@group-6C24881946A3-LeaderElection191: begin an election at term 3 for -1: [e7c9b6e5-8734-4888-9a82-5562d6bfa950:192.168.30.33:44869, d30cfae4-72b5-4ec1-a6ad-4fabcec0d6f2:192.168.30.33:40495, f7391afe-e883-4b58-900a-eef83ef5e847:192.168.30.33:36496], old=null
2019-10-04 13:46:45,656 [870a27db-da30-4d61-a408-9d113e1c9716@group-B080C88A3813-LeaderElection186] INFO  impl.LeaderElection (LeaderElection.java:askForVotes(178)) - 870a27db-da30-4d61-a408-9d113e1c9716@group-B080C88A3813-LeaderElection186: begin an election at term 4 for -1: [1acd4a7f-a859-40e1-8534-5adb5341c727:192.168.30.33:43799, 34bb4e64-1059-4030-8a56-fd9416faa756:192.168.30.33:39854, 870a27db-da30-4d61-a408-9d113e1c9716:192.168.30.33:42515], old=null
2019-10-04 13:46:45,656 [34bb4e64-1059-4030-8a56-fd9416faa756@group-B080C88A3813-LeaderElection187] INFO  impl.LeaderElection (LeaderElection.java:askForVotes(178)) - 34bb4e64-1059-4030-8a56-fd9416faa756@group-B080C88A3813-LeaderElection187: begin an election at term 4 for -1: [1acd4a7f-a859-40e1-8534-5adb5341c727:192.168.30.33:43799, 34bb4e64-1059-4030-8a56-fd9416faa756:192.168.30.33:39854, 870a27db-da30-4d61-a408-9d113e1c9716:192.168.30.33:42515], old=null
2019-10-04 13:46:45,656 [abf7bc81-30d5-42c0-a0af-45d0cecf5915@group-39017AAFEA81-LeaderElection185] INFO  impl.LeaderElection (LeaderElection.java:askForVotes(178)) - abf7bc81-30d5-42c0-a0af-45d0cecf5915@group-39017AAFEA81-LeaderElection185: begin an election at term 8 for -1: [4da2f670-0e5c-4bde-934c-3cd05d8a50a4:192.168.30.33:45990, a9f2dbb7-43c3-4367-8346-947b48bd4d79:192.168.30.33:34618, abf7bc81-30d5-42c0-a0af-45d0cecf5915:192.168.30.33:35055], old=null
2019-10-04 13:46:45,656 [d30cfae4-72b5-4ec1-a6ad-4fabcec0d6f2@group-6C24881946A3-LeaderElection188] INFO  impl.LeaderElection (LeaderElection.java:askForVotes(178)) - d30cfae4-72b5-4ec1-a6ad-4fabcec0d6f2@group-6C24881946A3-LeaderElection188: begin an election at term 3 for -1: [e7c9b6e5-8734-4888-9a82-5562d6bfa950:192.168.30.33:44869, d30cfae4-72b5-4ec1-a6ad-4fabcec0d6f2:192.168.30.33:40495, f7391afe-e883-4b58-900a-eef83ef5e847:192.168.30.33:36496], old=null
2019-10-04 13:46:45,656 [f7391afe-e883-4b58-900a-eef83ef5e847@group-6C24881946A3-LeaderElection190] INFO  impl.LeaderElection (LeaderElection.java:askForVotes(178)) - f7391afe-e883-4b58-900a-eef83ef5e847@group-6C24881946A3-LeaderElection190: begin an election at term 3 for -1: [e7c9b6e5-8734-4888-9a82-5562d6bfa950:192.168.30.33:44869, d30cfae4-72b5-4ec1-a6ad-4fabcec0d6f2:192.168.30.33:40495, f7391afe-e883-4b58-900a-eef83ef5e847:192.168.30.33:36496], old=null
2019-10-04 13:46:45,664 [1acd4a7f-a859-40e1-8534-5adb5341c727@group-B080C88A3813-LeaderElection189] INFO  impl.LeaderElection (LeaderElection.java:logAndReturn(56)) - 1acd4a7f-a859-40e1-8534-5adb5341c727@group-B080C88A3813-LeaderElection189: Election REJECTED; received 2 response(s) [1acd4a7f-a859-40e1-8534-5adb5341c727<-34bb4e64-1059-4030-8a56-fd9416faa756#0:FAIL-t4, 1acd4a7f-a859-40e1-8534-5adb5341c727<-870a27db-da30-4d61-a408-9d113e1c9716#0:FAIL-t4] and 0 exception(s); 1acd4a7f-a859-40e1-8534-5adb5341c727@group-B080C88A3813:t4, leader=null, voted=1acd4a7f-a859-40e1-8534-5adb5341c727, raftlog=1acd4a7f-a859-40e1-8534-5adb5341c727@group-B080C88A3813-SegmentedRaftLog:OPENED:c-1,f-1,i0, conf=-1: [1acd4a7f-a859-40e1-8534-5adb5341c727:192.168.30.33:43799, 34bb4e64-1059-4030-8a56-fd9416faa756:192.168.30.33:39854, 870a27db-da30-4d61-a408-9d113e1c9716:192.168.30.33:42515], old=null
2019-10-04 13:46:45,664 [1acd4a7f-a859-40e1-8534-5adb5341c727@group-B080C88A3813-LeaderElection189] INFO  impl.RaftServerImpl (RaftServerImpl.java:setRole(170)) - 1acd4a7f-a859-40e1-8534-5adb5341c727@group-B080C88A3813: changes role from CANDIDATE to FOLLOWER at term 4 for DISCOVERED_A_NEW_TERM
2019-10-04 13:46:45,664 [f7391afe-e883-4b58-900a-eef83ef5e847@group-6C24881946A3-LeaderElection190] INFO  impl.LeaderElection (LeaderElection.java:logAndReturn(56)) - f7391afe-e883-4b58-900a-eef83ef5e847@group-6C24881946A3-LeaderElection190: Election REJECTED; received 2 response(s) [f7391afe-e883-4b58-900a-eef83ef5e847<-e7c9b6e5-8734-4888-9a82-5562d6bfa950#0:FAIL-t3, f7391afe-e883-4b58-900a-eef83ef5e847<-d30cfae4-72b5-4ec1-a6ad-4fabcec0d6f2#0:FAIL-t3] and 0 exception(s); f7391afe-e883-4b58-900a-eef83ef5e847@group-6C24881946A3:t3, leader=null, voted=f7391afe-e883-4b58-900a-eef83ef5e847, raftlog=f7391afe-e883-4b58-900a-eef83ef5e847@group-6C24881946A3-SegmentedRaftLog:OPENED:c-1,f-1,i0, conf=-1: [e7c9b6e5-8734-4888-9a82-5562d6bfa950:192.168.30.33:44869, d30cfae4-72b5-4ec1-a6ad-4fabcec0d6f2:192.168.30.33:40495, f7391afe-e883-4b58-900a-eef83ef5e847:192.168.30.33:36496], old=null
2019-10-04 13:46:45,664 [1acd4a7f-a859-40e1-8534-5adb5341c727@group-B080C88A3813-LeaderElection189] INFO  impl.RoleInfo (RoleInfo.java:shutdownLeaderElection(134)) - 1acd4a7f-a859-40e1-8534-5adb5341c727: shutdown LeaderElection
2019-10-04 13:46:45,665 [870a27db-da30-4d61-a408-9d113e1c9716@group-B080C88A3813-LeaderElection186] INFO  impl.LeaderElection (LeaderElection.java:logAndReturn(56)) - 870a27db-da30-4d61-a408-9d113e1c9716@group-B080C88A3813-LeaderElection186: Election REJECTED; received 2 response(s) [870a27db-da30-4d61-a408-9d113e1c9716<-1acd4a7f-a859-40e1-8534-5adb5341c727#0:FAIL-t4, 870a27db-da30-4d61-a408-9d113e1c9716<-34bb4e64-1059-4030-8a56-fd9416faa756#0:FAIL-t4] and 0 exception(s); 870a27db-da30-4d61-a408-9d113e1c9716@group-B080C88A3813:t4, leader=null, voted=870a27db-da30-4d61-a408-9d113e1c9716, raftlog=870a27db-da30-4d61-a408-9d113e1c9716@group-B080C88A3813-SegmentedRaftLog:OPENED:c-1,f-1,i0, conf=-1: [1acd4a7f-a859-40e1-8534-5adb5341c727:192.168.30.33:43799, 34bb4e64-1059-4030-8a56-fd9416faa756:192.168.30.33:39854, 870a27db-da30-4d61-a408-9d113e1c9716:192.168.30.33:42515], old=null
2019-10-04 13:46:45,665 [f7391afe-e883-4b58-900a-eef83ef5e847@group-6C24881946A3-LeaderElection190] INFO  impl.RaftServerImpl (RaftServerImpl.java:setRole(170)) - f7391afe-e883-4b58-900a-eef83ef5e847@group-6C24881946A3: changes role from CANDIDATE to FOLLOWER at term 3 for DISCOVERED_A_NEW_TERM
2019-10-04 13:46:45,665 [870a27db-da30-4d61-a408-9d113e1c9716@group-B080C88A3813-LeaderElection186] INFO  impl.RaftServerImpl (RaftServerImpl.java:setRole(170)) - 870a27db-da30-4d61-a408-9d113e1c9716@group-B080C88A3813: changes role from CANDIDATE to FOLLOWER at term 4 for DISCOVERED_A_NEW_TERM
2019-10-04 13:46:45,665 [870a27db-da30-4d61-a408-9d113e1c9716@group-B080C88A3813-LeaderElection186] INFO  impl.RoleInfo (RoleInfo.java:shutdownLeaderElection(134)) - 870a27db-da30-4d61-a408-9d113e1c9716: shutdown LeaderElection
2019-10-04 13:46:45,665 [1acd4a7f-a859-40e1-8534-5adb5341c727@group-B080C88A3813-LeaderElection189] INFO  impl.RoleInfo (RoleInfo.java:updateAndGet(143)) - 1acd4a7f-a859-40e1-8534-5adb5341c727: start FollowerState
2019-10-04 13:46:45,666 [870a27db-da30-4d61-a408-9d113e1c9716@group-B080C88A3813-LeaderElection186] INFO  impl.RoleInfo (RoleInfo.java:updateAndGet(143)) - 870a27db-da30-4d61-a408-9d113e1c9716: start FollowerState
2019-10-04 13:46:45,665 [d30cfae4-72b5-4ec1-a6ad-4fabcec0d6f2@group-6C24881946A3-LeaderElection188] INFO  impl.LeaderElection (LeaderElection.java:logAndReturn(56)) - d30cfae4-72b5-4ec1-a6ad-4fabcec0d6f2@group-6C24881946A3-LeaderElection188: Election REJECTED; received 2 response(s) [d30cfae4-72b5-4ec1-a6ad-4fabcec0d6f2<-e7c9b6e5-8734-4888-9a82-5562d6bfa950#0:FAIL-t3, d30cfae4-72b5-4ec1-a6ad-4fabcec0d6f2<-f7391afe-e883-4b58-900a-eef83ef5e847#0:FAIL-t3] and 0 exception(s); d30cfae4-72b5-4ec1-a6ad-4fabcec0d6f2@group-6C24881946A3:t3, leader=null, voted=d30cfae4-72b5-4ec1-a6ad-4fabcec0d6f2, raftlog=d30cfae4-72b5-4ec1-a6ad-4fabcec0d6f2@group-6C24881946A3-SegmentedRaftLog:OPENED:c-1,f-1,i0, conf=-1: [e7c9b6e5-8734-4888-9a82-5562d6bfa950:192.168.30.33:44869, d30cfae4-72b5-4ec1-a6ad-4fabcec0d6f2:192.168.30.33:40495, f7391afe-e883-4b58-900a-eef83ef5e847:192.168.30.33:36496], old=null
2019-10-04 13:46:45,665 [f7391afe-e883-4b58-900a-eef83ef5e847@group-6C24881946A3-LeaderElection190] INFO  impl.RoleInfo (RoleInfo.java:shutdownLeaderElection(134)) - f7391afe-e883-4b58-900a-eef83ef5e847: shutdown LeaderElection
2019-10-04 13:46:45,666 [d30cfae4-72b5-4ec1-a6ad-4fabcec0d6f2@group-6C24881946A3-LeaderElection188] INFO  impl.RaftServerImpl (RaftServerImpl.java:setRole(170)) - d30cfae4-72b5-4ec1-a6ad-4fabcec0d6f2@group-6C24881946A3: changes role from CANDIDATE to FOLLOWER at term 3 for DISCOVERED_A_NEW_TERM
2019-10-04 13:46:45,666 [f7391afe-e883-4b58-900a-eef83ef5e847@group-6C24881946A3-LeaderElection190] INFO  impl.RoleInfo (RoleInfo.java:updateAndGet(143)) - f7391afe-e883-4b58-900a-eef83ef5e847: start FollowerState
2019-10-04 13:46:45,666 [d30cfae4-72b5-4ec1-a6ad-4fabcec0d6f2@group-6C24881946A3-LeaderElection188] INFO  impl.RoleInfo (RoleInfo.java:shutdownLeaderElection(134)) - d30cfae4-72b5-4ec1-a6ad-4fabcec0d6f2: shutdown LeaderElection
2019-10-04 13:46:45,667 [34bb4e64-1059-4030-8a56-fd9416faa756@group-B080C88A3813-LeaderElection187] INFO  impl.LeaderElection (LeaderElection.java:logAndReturn(56)) - 34bb4e64-1059-4030-8a56-fd9416faa756@group-B080C88A3813-LeaderElection187: Election REJECTED; received 2 response(s) [34bb4e64-1059-4030-8a56-fd9416faa756<-1acd4a7f-a859-40e1-8534-5adb5341c727#0:FAIL-t4, 34bb4e64-1059-4030-8a56-fd9416faa756<-870a27db-da30-4d61-a408-9d113e1c9716#0:FAIL-t4] and 0 exception(s); 34bb4e64-1059-4030-8a56-fd9416faa756@group-B080C88A3813:t4, leader=null, voted=34bb4e64-1059-4030-8a56-fd9416faa756, raftlog=34bb4e64-1059-4030-8a56-fd9416faa756@group-B080C88A3813-SegmentedRaftLog:OPENED:c-1,f-1,i0, conf=-1: [1acd4a7f-a859-40e1-8534-5adb5341c727:192.168.30.33:43799, 34bb4e64-1059-4030-8a56-fd9416faa756:192.168.30.33:39854, 870a27db-da30-4d61-a408-9d113e1c9716:192.168.30.33:42515], old=null
2019-10-04 13:46:45,667 [d30cfae4-72b5-4ec1-a6ad-4fabcec0d6f2@group-6C24881946A3-LeaderElection188] INFO  impl.RoleInfo (RoleInfo.java:updateAndGet(143)) - d30cfae4-72b5-4ec1-a6ad-4fabcec0d6f2: start FollowerState
2019-10-04 13:46:45,667 [34bb4e64-1059-4030-8a56-fd9416faa756@group-B080C88A3813-LeaderElection187] INFO  impl.RaftServerImpl (RaftServerImpl.java:setRole(170)) - 34bb4e64-1059-4030-8a56-fd9416faa756@group-B080C88A3813: changes role from CANDIDATE to FOLLOWER at term 4 for DISCOVERED_A_NEW_TERM
2019-10-04 13:46:45,667 [34bb4e64-1059-4030-8a56-fd9416faa756@group-B080C88A3813-LeaderElection187] INFO  impl.RoleInfo (RoleInfo.java:shutdownLeaderElection(134)) - 34bb4e64-1059-4030-8a56-fd9416faa756: shutdown LeaderElection
2019-10-04 13:46:45,668 [e7c9b6e5-8734-4888-9a82-5562d6bfa950@group-6C24881946A3-LeaderElection191] INFO  impl.LeaderElection (LeaderElection.java:logAndReturn(56)) - e7c9b6e5-8734-4888-9a82-5562d6bfa950@group-6C24881946A3-LeaderElection191: Election REJECTED; received 2 response(s) [e7c9b6e5-8734-4888-9a82-5562d6bfa950<-d30cfae4-72b5-4ec1-a6ad-4fabcec0d6f2#0:FAIL-t3, e7c9b6e5-8734-4888-9a82-5562d6bfa950<-f7391afe-e883-4b58-900a-eef83ef5e847#0:FAIL-t3] and 0 exception(s); e7c9b6e5-8734-4888-9a82-5562d6bfa950@group-6C24881946A3:t3, leader=null, voted=e7c9b6e5-8734-4888-9a82-5562d6bfa950, raftlog=e7c9b6e5-8734-4888-9a82-5562d6bfa950@group-6C24881946A3-SegmentedRaftLog:OPENED:c-1,f-1,i0, conf=-1: [e7c9b6e5-8734-4888-9a82-5562d6bfa950:192.168.30.33:44869, d30cfae4-72b5-4ec1-a6ad-4fabcec0d6f2:192.168.30.33:40495, f7391afe-e883-4b58-900a-eef83ef5e847:192.168.30.33:36496], old=null
2019-10-04 13:46:45,668 [34bb4e64-1059-4030-8a56-fd9416faa756@group-B080C88A3813-LeaderElection187] INFO  impl.RoleInfo (RoleInfo.java:updateAndGet(143)) - 34bb4e64-1059-4030-8a56-fd9416faa756: start FollowerState
2019-10-04 13:46:45,668 [e7c9b6e5-8734-4888-9a82-5562d6bfa950@group-6C24881946A3-LeaderElection191] INFO  impl.RaftServerImpl (RaftServerImpl.java:setRole(170)) - e7c9b6e5-8734-4888-9a82-5562d6bfa950@group-6C24881946A3: changes role from CANDIDATE to FOLLOWER at term 3 for DISCOVERED_A_NEW_TERM
2019-10-04 13:46:45,668 [e7c9b6e5-8734-4888-9a82-5562d6bfa950@group-6C24881946A3-LeaderElection191] INFO  impl.RoleInfo (RoleInfo.java:shutdownLeaderElection(134)) - e7c9b6e5-8734-4888-9a82-5562d6bfa950: shutdown LeaderElection
2019-10-04 13:46:45,668 [e7c9b6e5-8734-4888-9a82-5562d6bfa950@group-6C24881946A3-LeaderElection191] INFO  impl.RoleInfo (RoleInfo.java:updateAndGet(143)) - e7c9b6e5-8734-4888-9a82-5562d6bfa950: start FollowerState
2019-10-04 13:46:46,742 [Thread-3701] INFO  impl.FollowerState (FollowerState.java:run(108)) - d30cfae4-72b5-4ec1-a6ad-4fabcec0d6f2@group-6C24881946A3-FollowerState: change to CANDIDATE, lastRpcTime:1074ms, electionTimeout:1074ms
2019-10-04 13:46:46,742 [Thread-3701] INFO  impl.RoleInfo (RoleInfo.java:shutdownFollowerState(121)) - d30cfae4-72b5-4ec1-a6ad-4fabcec0d6f2: shutdown FollowerState
2019-10-04 13:46:46,742 [Thread-3701] INFO  impl.RaftServerImpl (RaftServerImpl.java:setRole(170)) - d30cfae4-72b5-4ec1-a6ad-4fabcec0d6f2@group-6C24881946A3: changes role from  FOLLOWER to CANDIDATE at term 3 for changeToCandidate
2019-10-04 13:46:46,742 [Thread-3701] INFO  impl.RoleInfo (RoleInfo.java:updateAndGet(143)) - d30cfae4-72b5-4ec1-a6ad-4fabcec0d6f2: start LeaderElection
2019-10-04 13:46:46,745 [Thread-3700] INFO  impl.FollowerState (FollowerState.java:run(108)) - f7391afe-e883-4b58-900a-eef83ef5e847@group-6C24881946A3-FollowerState: change to CANDIDATE, lastRpcTime:1078ms, electionTimeout:1078ms
2019-10-04 13:46:46,745 [Thread-3700] INFO  impl.RoleInfo (RoleInfo.java:shutdownFollowerState(121)) - f7391afe-e883-4b58-900a-eef83ef5e847: shutdown FollowerState
2019-10-04 13:46:46,745 [Thread-3700] INFO  impl.RaftServerImpl (RaftServerImpl.java:setRole(170)) - f7391afe-e883-4b58-900a-eef83ef5e847@group-6C24881946A3: changes role from  FOLLOWER to CANDIDATE at term 3 for changeToCandidate
2019-10-04 13:46:46,746 [Thread-3700] INFO  impl.RoleInfo (RoleInfo.java:updateAndGet(143)) - f7391afe-e883-4b58-900a-eef83ef5e847: start LeaderElection
2019-10-04 13:46:46,752 [Thread-3699] INFO  impl.FollowerState (FollowerState.java:run(108)) - 870a27db-da30-4d61-a408-9d113e1c9716@group-B080C88A3813-FollowerState: change to CANDIDATE, lastRpcTime:1085ms, electionTimeout:1085ms
2019-10-04 13:46:46,752 [Thread-3699] INFO  impl.RoleInfo (RoleInfo.java:shutdownFollowerState(121)) - 870a27db-da30-4d61-a408-9d113e1c9716: shutdown FollowerState
2019-10-04 13:46:46,752 [Thread-3699] INFO  impl.RaftServerImpl (RaftServerImpl.java:setRole(170)) - 870a27db-da30-4d61-a408-9d113e1c9716@group-B080C88A3813: changes role from  FOLLOWER to CANDIDATE at term 4 for changeToCandidate
2019-10-04 13:46:46,752 [Thread-3699] INFO  impl.RoleInfo (RoleInfo.java:updateAndGet(143)) - 870a27db-da30-4d61-a408-9d113e1c9716: start LeaderElection
2019-10-04 13:46:46,764 [Thread-3703] INFO  impl.FollowerState (FollowerState.java:run(108)) - e7c9b6e5-8734-4888-9a82-5562d6bfa950@group-6C24881946A3-FollowerState: change to CANDIDATE, lastRpcTime:1095ms, electionTimeout:1095ms
2019-10-04 13:46:46,764 [Thread-3703] INFO  impl.RoleInfo (RoleInfo.java:shutdownFollowerState(121)) - e7c9b6e5-8734-4888-9a82-5562d6bfa950: shutdown FollowerState
2019-10-04 13:46:46,764 [Thread-3703] INFO  impl.RaftServerImpl (RaftServerImpl.java:setRole(170)) - e7c9b6e5-8734-4888-9a82-5562d6bfa950@group-6C24881946A3: changes role from  FOLLOWER to CANDIDATE at term 3 for changeToCandidate
2019-10-04 13:46:46,764 [Thread-3703] INFO  impl.RoleInfo (RoleInfo.java:updateAndGet(143)) - e7c9b6e5-8734-4888-9a82-5562d6bfa950: start LeaderElection
2019-10-04 13:46:46,837 [abf7bc81-30d5-42c0-a0af-45d0cecf5915@group-39017AAFEA81-LeaderElection185] INFO  impl.LeaderElection (LeaderElection.java:logAndReturn(56)) - abf7bc81-30d5-42c0-a0af-45d0cecf5915@group-39017AAFEA81-LeaderElection185: Election TIMEOUT; received 0 response(s) [] and 0 exception(s); abf7bc81-30d5-42c0-a0af-45d0cecf5915@group-39017AAFEA81:t8, leader=null, voted=abf7bc81-30d5-42c0-a0af-45d0cecf5915, raftlog=abf7bc81-30d5-42c0-a0af-45d0cecf5915@group-39017AAFEA81-SegmentedRaftLog:OPENED:c-1,f-1,i0, conf=-1: [4da2f670-0e5c-4bde-934c-3cd05d8a50a4:192.168.30.33:45990, a9f2dbb7-43c3-4367-8346-947b48bd4d79:192.168.30.33:34618, abf7bc81-30d5-42c0-a0af-45d0cecf5915:192.168.30.33:35055], old=null
2019-10-04 13:46:46,844 [Thread-3698] INFO  impl.FollowerState (FollowerState.java:run(108)) - 1acd4a7f-a859-40e1-8534-5adb5341c727@group-B080C88A3813-FollowerState: change to CANDIDATE, lastRpcTime:1179ms, electionTimeout:1178ms
2019-10-04 13:46:46,844 [Thread-3698] INFO  impl.RoleInfo (RoleInfo.java:shutdownFollowerState(121)) - 1acd4a7f-a859-40e1-8534-5adb5341c727: shutdown FollowerState
2019-10-04 13:46:46,844 [Thread-3698] INFO  impl.RaftServerImpl (RaftServerImpl.java:setRole(170)) - 1acd4a7f-a859-40e1-8534-5adb5341c727@group-B080C88A3813: changes role from  FOLLOWER to CANDIDATE at term 4 for changeToCandidate
2019-10-04 13:46:46,845 [Thread-3698] INFO  impl.RoleInfo (RoleInfo.java:updateAndGet(143)) - 1acd4a7f-a859-40e1-8534-5adb5341c727: start LeaderElection
2019-10-04 13:46:46,864 [Thread-3702] INFO  impl.FollowerState (FollowerState.java:run(108)) - 34bb4e64-1059-4030-8a56-fd9416faa756@group-B080C88A3813-FollowerState: change to CANDIDATE, lastRpcTime:1196ms, electionTimeout:1196ms
2019-10-04 13:46:46,864 [Thread-3702] INFO  impl.RoleInfo (RoleInfo.java:shutdownFollowerState(121)) - 34bb4e64-1059-4030-8a56-fd9416faa756: shutdown FollowerState
2019-10-04 13:46:46,865 [Thread-3702] INFO  impl.RaftServerImpl (RaftServerImpl.java:setRole(170)) - 34bb4e64-1059-4030-8a56-fd9416faa756@group-B080C88A3813: changes role from  FOLLOWER to CANDIDATE at term 4 for changeToCandidate
2019-10-04 13:46:46,865 [Thread-3702] INFO  impl.RoleInfo (RoleInfo.java:updateAndGet(143)) - 34bb4e64-1059-4030-8a56-fd9416faa756: start LeaderElection
2019-10-04 13:46:47,456 [4da2f670-0e5c-4bde-934c-3cd05d8a50a4@group-39017AAFEA81-LeaderElection184] INFO  impl.LeaderElection (LeaderElection.java:askForVotes(178)) - 4da2f670-0e5c-4bde-934c-3cd05d8a50a4@group-39017AAFEA81-LeaderElection184: begin an election at term 9 for -1: [4da2f670-0e5c-4bde-934c-3cd05d8a50a4:192.168.30.33:45990, a9f2dbb7-43c3-4367-8346-947b48bd4d79:192.168.30.33:34618, abf7bc81-30d5-42c0-a0af-45d0cecf5915:192.168.30.33:35055], old=null
2019-10-04 13:46:47,456 [a9f2dbb7-43c3-4367-8346-947b48bd4d79@group-39017AAFEA81-LeaderElection183] INFO  impl.LeaderElection (LeaderElection.java:askForVotes(178)) - a9f2dbb7-43c3-4367-8346-947b48bd4d79@group-39017AAFEA81-LeaderElection183: begin an election at term 9 for -1: [4da2f670-0e5c-4bde-934c-3cd05d8a50a4:192.168.30.33:45990, a9f2dbb7-43c3-4367-8346-947b48bd4d79:192.168.30.33:34618, abf7bc81-30d5-42c0-a0af-45d0cecf5915:192.168.30.33:35055], old=null
2019-10-04 13:46:48,595 [a9f2dbb7-43c3-4367-8346-947b48bd4d79@group-39017AAFEA81-LeaderElection183] INFO  impl.LeaderElection (LeaderElection.java:logAndReturn(56)) - a9f2dbb7-43c3-4367-8346-947b48bd4d79@group-39017AAFEA81-LeaderElection183: Election TIMEOUT; received 1 response(s) [a9f2dbb7-43c3-4367-8346-947b48bd4d79<-4da2f670-0e5c-4bde-934c-3cd05d8a50a4#0:FAIL-t9] and 0 exception(s); a9f2dbb7-43c3-4367-8346-947b48bd4d79@group-39017AAFEA81:t9, leader=null, voted=a9f2dbb7-43c3-4367-8346-947b48bd4d79, raftlog=a9f2dbb7-43c3-4367-8346-947b48bd4d79@group-39017AAFEA81-SegmentedRaftLog:OPENED:c-1,f-1,i0, conf=-1: [4da2f670-0e5c-4bde-934c-3cd05d8a50a4:192.168.30.33:45990, a9f2dbb7-43c3-4367-8346-947b48bd4d79:192.168.30.33:34618, abf7bc81-30d5-42c0-a0af-45d0cecf5915:192.168.30.33:35055], old=null
2019-10-04 13:46:48,622 [4da2f670-0e5c-4bde-934c-3cd05d8a50a4@group-39017AAFEA81-LeaderElection184] INFO  impl.LeaderElection (LeaderElection.java:logAndReturn(56)) - 4da2f670-0e5c-4bde-934c-3cd05d8a50a4@group-39017AAFEA81-LeaderElection184: Election TIMEOUT; received 1 response(s) [4da2f670-0e5c-4bde-934c-3cd05d8a50a4<-a9f2dbb7-43c3-4367-8346-947b48bd4d79#0:FAIL-t9] and 0 exception(s); 4da2f670-0e5c-4bde-934c-3cd05d8a50a4@group-39017AAFEA81:t9, leader=null, voted=4da2f670-0e5c-4bde-934c-3cd05d8a50a4, raftlog=4da2f670-0e5c-4bde-934c-3cd05d8a50a4@group-39017AAFEA81-SegmentedRaftLog:OPENED:c-1,f-1,i0, conf=-1: [4da2f670-0e5c-4bde-934c-3cd05d8a50a4:192.168.30.33:45990, a9f2dbb7-43c3-4367-8346-947b48bd4d79:192.168.30.33:34618, abf7bc81-30d5-42c0-a0af-45d0cecf5915:192.168.30.33:35055], old=null
2019-10-04 13:46:49,723 [34bb4e64-1059-4030-8a56-fd9416faa756@group-B080C88A3813-LeaderElection197] INFO  impl.LeaderElection (LeaderElection.java:askForVotes(178)) - 34bb4e64-1059-4030-8a56-fd9416faa756@group-B080C88A3813-LeaderElection197: begin an election at term 5 for -1: [1acd4a7f-a859-40e1-8534-5adb5341c727:192.168.30.33:43799, 34bb4e64-1059-4030-8a56-fd9416faa756:192.168.30.33:39854, 870a27db-da30-4d61-a408-9d113e1c9716:192.168.30.33:42515], old=null
2019-10-04 13:46:49,723 [abf7bc81-30d5-42c0-a0af-45d0cecf5915@group-39017AAFEA81-LeaderElection185] INFO  impl.LeaderElection (LeaderElection.java:askForVotes(178)) - abf7bc81-30d5-42c0-a0af-45d0cecf5915@group-39017AAFEA81-LeaderElection185: begin an election at term 9 for -1: [4da2f670-0e5c-4bde-934c-3cd05d8a50a4:192.168.30.33:45990, a9f2dbb7-43c3-4367-8346-947b48bd4d79:192.168.30.33:34618, abf7bc81-30d5-42c0-a0af-45d0cecf5915:192.168.30.33:35055], old=null
2019-10-04 13:46:49,723 [870a27db-da30-4d61-a408-9d113e1c9716@group-B080C88A3813-LeaderElection194] INFO  impl.LeaderElection (LeaderElection.java:askForVotes(178)) - 870a27db-da30-4d61-a408-9d113e1c9716@group-B080C88A3813-LeaderElection194: begin an election at term 5 for -1: [1acd4a7f-a859-40e1-8534-5adb5341c727:192.168.30.33:43799, 34bb4e64-1059-4030-8a56-fd9416faa756:192.168.30.33:39854, 870a27db-da30-4d61-a408-9d113e1c9716:192.168.30.33:42515], old=null
2019-10-04 13:46:49,723 [e7c9b6e5-8734-4888-9a82-5562d6bfa950@group-6C24881946A3-LeaderElection195] INFO  impl.LeaderElection (LeaderElection.java:askForVotes(178)) - e7c9b6e5-8734-4888-9a82-5562d6bfa950@group-6C24881946A3-LeaderElection195: begin an election at term 4 for -1: [e7c9b6e5-8734-4888-9a82-5562d6bfa950:192.168.30.33:44869, d30cfae4-72b5-4ec1-a6ad-4fabcec0d6f2:192.168.30.33:40495, f7391afe-e883-4b58-900a-eef83ef5e847:192.168.30.33:36496], old=null
2019-10-04 13:46:49,723 [f7391afe-e883-4b58-900a-eef83ef5e847@group-6C24881946A3-LeaderElection193] INFO  impl.LeaderElection (LeaderElection.java:askForVotes(178)) - f7391afe-e883-4b58-900a-eef83ef5e847@group-6C24881946A3-LeaderElection193: begin an election at term 4 for -1: [e7c9b6e5-8734-4888-9a82-5562d6bfa950:192.168.30.33:44869, d30cfae4-72b5-4ec1-a6ad-4fabcec0d6f2:192.168.30.33:40495, f7391afe-e883-4b58-900a-eef83ef5e847:192.168.30.33:36496], old=null
2019-10-04 13:46:49,723 [d30cfae4-72b5-4ec1-a6ad-4fabcec0d6f2@group-6C24881946A3-LeaderElection192] INFO  impl.LeaderElection (LeaderElection.java:askForVotes(178)) - d30cfae4-72b5-4ec1-a6ad-4fabcec0d6f2@group-6C24881946A3-LeaderElection192: begin an election at term 4 for -1: [e7c9b6e5-8734-4888-9a82-5562d6bfa950:192.168.30.33:44869, d30cfae4-72b5-4ec1-a6ad-4fabcec0d6f2:192.168.30.33:40495, f7391afe-e883-4b58-900a-eef83ef5e847:192.168.30.33:36496], old=null
2019-10-04 13:46:49,723 [1acd4a7f-a859-40e1-8534-5adb5341c727@group-B080C88A3813-LeaderElection196] INFO  impl.LeaderElection (LeaderElection.java:askForVotes(178)) - 1acd4a7f-a859-40e1-8534-5adb5341c727@group-B080C88A3813-LeaderElection196: begin an election at term 5 for -1: [1acd4a7f-a859-40e1-8534-5adb5341c727:192.168.30.33:43799, 34bb4e64-1059-4030-8a56-fd9416faa756:192.168.30.33:39854, 870a27db-da30-4d61-a408-9d113e1c9716:192.168.30.33:42515], old=null
2019-10-04 13:46:49,729 [e7c9b6e5-8734-4888-9a82-5562d6bfa950@group-6C24881946A3-LeaderElection195] INFO  impl.LeaderElection (LeaderElection.java:logAndReturn(56)) - e7c9b6e5-8734-4888-9a82-5562d6bfa950@group-6C24881946A3-LeaderElection195: Election REJECTED; received 2 response(s) [e7c9b6e5-8734-4888-9a82-5562d6bfa950<-d30cfae4-72b5-4ec1-a6ad-4fabcec0d6f2#0:FAIL-t4, e7c9b6e5-8734-4888-9a82-5562d6bfa950<-f7391afe-e883-4b58-900a-eef83ef5e847#0:FAIL-t4] and 0 exception(s); e7c9b6e5-8734-4888-9a82-5562d6bfa950@group-6C24881946A3:t4, leader=null, voted=e7c9b6e5-8734-4888-9a82-5562d6bfa950, raftlog=e7c9b6e5-8734-4888-9a82-5562d6bfa950@group-6C24881946A3-SegmentedRaftLog:OPENED:c-1,f-1,i0, conf=-1: [e7c9b6e5-8734-4888-9a82-5562d6bfa950:192.168.30.33:44869, d30cfae4-72b5-4ec1-a6ad-4fabcec0d6f2:192.168.30.33:40495, f7391afe-e883-4b58-900a-eef83ef5e847:192.168.30.33:36496], old=null
2019-10-04 13:46:49,729 [e7c9b6e5-8734-4888-9a82-5562d6bfa950@group-6C24881946A3-LeaderElection195] INFO  impl.RaftServerImpl (RaftServerImpl.java:setRole(170)) - e7c9b6e5-8734-4888-9a82-5562d6bfa950@group-6C24881946A3: changes role from CANDIDATE to FOLLOWER at term 4 for DISCOVERED_A_NEW_TERM
2019-10-04 13:46:49,729 [e7c9b6e5-8734-4888-9a82-5562d6bfa950@group-6C24881946A3-LeaderElection195] INFO  impl.RoleInfo (RoleInfo.java:shutdownLeaderElection(134)) - e7c9b6e5-8734-4888-9a82-5562d6bfa950: shutdown LeaderElection
2019-10-04 13:46:49,729 [e7c9b6e5-8734-4888-9a82-5562d6bfa950@group-6C24881946A3-LeaderElection195] INFO  impl.RoleInfo (RoleInfo.java:updateAndGet(143)) - e7c9b6e5-8734-4888-9a82-5562d6bfa950: start FollowerState
2019-10-04 13:46:49,729 [34bb4e64-1059-4030-8a56-fd9416faa756@group-B080C88A3813-LeaderElection197] INFO  impl.LeaderElection (LeaderElection.java:logAndReturn(56)) - 34bb4e64-1059-4030-8a56-fd9416faa756@group-B080C88A3813-LeaderElection197: Election REJECTED; received 2 response(s) [34bb4e64-1059-4030-8a56-fd9416faa756<-1acd4a7f-a859-40e1-8534-5adb5341c727#0:FAIL-t5, 34bb4e64-1059-4030-8a56-fd9416faa756<-870a27db-da30-4d61-a408-9d113e1c9716#0:FAIL-t5] and 0 exception(s); 34bb4e64-1059-4030-8a56-fd9416faa756@group-B080C88A3813:t5, leader=null, voted=34bb4e64-1059-4030-8a56-fd9416faa756, raftlog=34bb4e64-1059-4030-8a56-fd9416faa756@group-B080C88A3813-SegmentedRaftLog:OPENED:c-1,f-1,i0, conf=-1: [1acd4a7f-a859-40e1-8534-5adb5341c727:192.168.30.33:43799, 34bb4e64-1059-4030-8a56-fd9416faa756:192.168.30.33:39854, 870a27db-da30-4d61-a408-9d113e1c9716:192.168.30.33:42515], old=null
2019-10-04 13:46:49,730 [34bb4e64-1059-4030-8a56-fd9416faa756@group-B080C88A3813-LeaderElection197] INFO  impl.RaftServerImpl (RaftServerImpl.java:setRole(170)) - 34bb4e64-1059-4030-8a56-fd9416faa756@group-B080C88A3813: changes role from CANDIDATE to FOLLOWER at term 5 for DISCOVERED_A_NEW_TERM
2019-10-04 13:46:49,730 [34bb4e64-1059-4030-8a56-fd9416faa756@group-B080C88A3813-LeaderElection197] INFO  impl.RoleInfo (RoleInfo.java:shutdownLeaderElection(134)) - 34bb4e64-1059-4030-8a56-fd9416faa756: shutdown LeaderElection
2019-10-04 13:46:49,730 [34bb4e64-1059-4030-8a56-fd9416faa756@group-B080C88A3813-LeaderElection197] INFO  impl.RoleInfo (RoleInfo.java:updateAndGet(143)) - 34bb4e64-1059-4030-8a56-fd9416faa756: start FollowerState
2019-10-04 13:46:49,730 [870a27db-da30-4d61-a408-9d113e1c9716@group-B080C88A3813-LeaderElection194] INFO  impl.LeaderElection (LeaderElection.java:logAndReturn(56)) - 870a27db-da30-4d61-a408-9d113e1c9716@group-B080C88A3813-LeaderElection194: Election REJECTED; received 2 response(s) [870a27db-da30-4d61-a408-9d113e1c9716<-1acd4a7f-a859-40e1-8534-5adb5341c727#0:FAIL-t5, 870a27db-da30-4d61-a408-9d113e1c9716<-34bb4e64-1059-4030-8a56-fd9416faa756#0:FAIL-t5] and 0 exception(s); 870a27db-da30-4d61-a408-9d113e1c9716@group-B080C88A3813:t5, leader=null, voted=870a27db-da30-4d61-a408-9d113e1c9716, raftlog=870a27db-da30-4d61-a408-9d113e1c9716@group-B080C88A3813-SegmentedRaftLog:OPENED:c-1,f-1,i0, conf=-1: [1acd4a7f-a859-40e1-8534-5adb5341c727:192.168.30.33:43799, 34bb4e64-1059-4030-8a56-fd9416faa756:192.168.30.33:39854, 870a27db-da30-4d61-a408-9d113e1c9716:192.168.30.33:42515], old=null
2019-10-04 13:46:49,731 [d30cfae4-72b5-4ec1-a6ad-4fabcec0d6f2@group-6C24881946A3-LeaderElection192] INFO  impl.LeaderElection (LeaderElection.java:logAndReturn(56)) - d30cfae4-72b5-4ec1-a6ad-4fabcec0d6f2@group-6C24881946A3-LeaderElection192: Election REJECTED; received 2 response(s) [d30cfae4-72b5-4ec1-a6ad-4fabcec0d6f2<-e7c9b6e5-8734-4888-9a82-5562d6bfa950#0:FAIL-t4, d30cfae4-72b5-4ec1-a6ad-4fabcec0d6f2<-f7391afe-e883-4b58-900a-eef83ef5e847#0:FAIL-t4] and 0 exception(s); d30cfae4-72b5-4ec1-a6ad-4fabcec0d6f2@group-6C24881946A3:t4, leader=null, voted=d30cfae4-72b5-4ec1-a6ad-4fabcec0d6f2, raftlog=d30cfae4-72b5-4ec1-a6ad-4fabcec0d6f2@group-6C24881946A3-SegmentedRaftLog:OPENED:c-1,f-1,i0, conf=-1: [e7c9b6e5-8734-4888-9a82-5562d6bfa950:192.168.30.33:44869, d30cfae4-72b5-4ec1-a6ad-4fabcec0d6f2:192.168.30.33:40495, f7391afe-e883-4b58-900a-eef83ef5e847:192.168.30.33:36496], old=null
2019-10-04 13:46:49,731 [870a27db-da30-4d61-a408-9d113e1c9716@group-B080C88A3813-LeaderElection194] INFO  impl.RaftServerImpl (RaftServerImpl.java:setRole(170)) - 870a27db-da30-4d61-a408-9d113e1c9716@group-B080C88A3813: changes role from CANDIDATE to FOLLOWER at term 5 for DISCOVERED_A_NEW_TERM
2019-10-04 13:46:49,731 [d30cfae4-72b5-4ec1-a6ad-4fabcec0d6f2@group-6C24881946A3-LeaderElection192] INFO  impl.RaftServerImpl (RaftServerImpl.java:setRole(170)) - d30cfae4-72b5-4ec1-a6ad-4fabcec0d6f2@group-6C24881946A3: changes role from CANDIDATE to FOLLOWER at term 4 for DISCOVERED_A_NEW_TERM
2019-10-04 13:46:49,731 [f7391afe-e883-4b58-900a-eef83ef5e847@group-6C24881946A3-LeaderElection193] INFO  impl.LeaderElection (LeaderElection.java:logAndReturn(56)) - f7391afe-e883-4b58-900a-eef83ef5e847@group-6C24881946A3-LeaderElection193: Election REJECTED; received 2 response(s) [f7391afe-e883-4b58-900a-eef83ef5e847<-e7c9b6e5-8734-4888-9a82-5562d6bfa950#0:FAIL-t4, f7391afe-e883-4b58-900a-eef83ef5e847<-d30cfae4-72b5-4ec1-a6ad-4fabcec0d6f2#0:FAIL-t4] and 0 exception(s); f7391afe-e883-4b58-900a-eef83ef5e847@group-6C24881946A3:t4, leader=null, voted=f7391afe-e883-4b58-900a-eef83ef5e847, raftlog=f7391afe-e883-4b58-900a-eef83ef5e847@group-6C24881946A3-SegmentedRaftLog:OPENED:c-1,f-1,i0, conf=-1: [e7c9b6e5-8734-4888-9a82-5562d6bfa950:192.168.30.33:44869, d30cfae4-72b5-4ec1-a6ad-4fabcec0d6f2:192.168.30.33:40495, f7391afe-e883-4b58-900a-eef83ef5e847:192.168.30.33:36496], old=null
2019-10-04 13:46:49,731 [870a27db-da30-4d61-a408-9d113e1c9716@group-B080C88A3813-LeaderElection194] INFO  impl.RoleInfo (RoleInfo.java:shutdownLeaderElection(134)) - 870a27db-da30-4d61-a408-9d113e1c9716: shutdown LeaderElection
2019-10-04 13:46:49,731 [f7391afe-e883-4b58-900a-eef83ef5e847@group-6C24881946A3-LeaderElection193] INFO  impl.RaftServerImpl (RaftServerImpl.java:setRole(170)) - f7391afe-e883-4b58-900a-eef83ef5e847@group-6C24881946A3: changes role from CANDIDATE to FOLLOWER at term 4 for DISCOVERED_A_NEW_TERM
2019-10-04 13:46:49,731 [870a27db-da30-4d61-a408-9d113e1c9716@group-B080C88A3813-LeaderElection194] INFO  impl.RoleInfo (RoleInfo.java:updateAndGet(143)) - 870a27db-da30-4d61-a408-9d113e1c9716: start FollowerState
2019-10-04 13:46:49,731 [d30cfae4-72b5-4ec1-a6ad-4fabcec0d6f2@group-6C24881946A3-LeaderElection192] INFO  impl.RoleInfo (RoleInfo.java:shutdownLeaderElection(134)) - d30cfae4-72b5-4ec1-a6ad-4fabcec0d6f2: shutdown LeaderElection
2019-10-04 13:46:49,731 [f7391afe-e883-4b58-900a-eef83ef5e847@group-6C24881946A3-LeaderElection193] INFO  impl.RoleInfo (RoleInfo.java:shutdownLeaderElection(134)) - f7391afe-e883-4b58-900a-eef83ef5e847: shutdown LeaderElection
2019-10-04 13:46:49,732 [d30cfae4-72b5-4ec1-a6ad-4fabcec0d6f2@group-6C24881946A3-LeaderElection192] INFO  impl.RoleInfo (RoleInfo.java:updateAndGet(143)) - d30cfae4-72b5-4ec1-a6ad-4fabcec0d6f2: start FollowerState
2019-10-04 13:46:49,732 [f7391afe-e883-4b58-900a-eef83ef5e847@group-6C24881946A3-LeaderElection193] INFO  impl.RoleInfo (RoleInfo.java:updateAndGet(143)) - f7391afe-e883-4b58-900a-eef83ef5e847: start FollowerState
2019-10-04 13:46:49,732 [1acd4a7f-a859-40e1-8534-5adb5341c727@group-B080C88A3813-LeaderElection196] INFO  impl.LeaderElection (LeaderElection.java:logAndReturn(56)) - 1acd4a7f-a859-40e1-8534-5adb5341c727@group-B080C88A3813-LeaderElection196: Election REJECTED; received 2 response(s) [1acd4a7f-a859-40e1-8534-5adb5341c727<-34bb4e64-1059-4030-8a56-fd9416faa756#0:FAIL-t5, 1acd4a7f-a859-40e1-8534-5adb5341c727<-870a27db-da30-4d61-a408-9d113e1c9716#0:FAIL-t5] and 0 exception(s); 1acd4a7f-a859-40e1-8534-5adb5341c727@group-B080C88A3813:t5, leader=null, voted=1acd4a7f-a859-40e1-8534-5adb5341c727, raftlog=1acd4a7f-a859-40e1-8534-5adb5341c727@group-B080C88A3813-SegmentedRaftLog:OPENED:c-1,f-1,i0, conf=-1: [1acd4a7f-a859-40e1-8534-5adb5341c727:192.168.30.33:43799, 34bb4e64-1059-4030-8a56-fd9416faa756:192.168.30.33:39854, 870a27db-da30-4d61-a408-9d113e1c9716:192.168.30.33:42515], old=null
2019-10-04 13:46:49,732 [1acd4a7f-a859-40e1-8534-5adb5341c727@group-B080C88A3813-LeaderElection196] INFO  impl.RaftServerImpl (RaftServerImpl.java:setRole(170)) - 1acd4a7f-a859-40e1-8534-5adb5341c727@group-B080C88A3813: changes role from CANDIDATE to FOLLOWER at term 5 for DISCOVERED_A_NEW_TERM
2019-10-04 13:46:49,732 [1acd4a7f-a859-40e1-8534-5adb5341c727@group-B080C88A3813-LeaderElection196] INFO  impl.RoleInfo (RoleInfo.java:shutdownLeaderElection(134)) - 1acd4a7f-a859-40e1-8534-5adb5341c727: shutdown LeaderElection
2019-10-04 13:46:49,732 [1acd4a7f-a859-40e1-8534-5adb5341c727@group-B080C88A3813-LeaderElection196] INFO  impl.RoleInfo (RoleInfo.java:updateAndGet(143)) - 1acd4a7f-a859-40e1-8534-5adb5341c727: start FollowerState
2019-10-04 13:46:50,745 [Thread-3741] INFO  impl.FollowerState (FollowerState.java:run(108)) - 1acd4a7f-a859-40e1-8534-5adb5341c727@group-B080C88A3813-FollowerState: change to CANDIDATE, lastRpcTime:1012ms, electionTimeout:1012ms
2019-10-04 13:46:50,745 [Thread-3741] INFO  impl.RoleInfo (RoleInfo.java:shutdownFollowerState(121)) - 1acd4a7f-a859-40e1-8534-5adb5341c727: shutdown FollowerState
2019-10-04 13:46:50,745 [Thread-3741] INFO  impl.RaftServerImpl (RaftServerImpl.java:setRole(170)) - 1acd4a7f-a859-40e1-8534-5adb5341c727@group-B080C88A3813: changes role from  FOLLOWER to CANDIDATE at term 5 for changeToCandidate
2019-10-04 13:46:50,745 [Thread-3741] INFO  impl.RoleInfo (RoleInfo.java:updateAndGet(143)) - 1acd4a7f-a859-40e1-8534-5adb5341c727: start LeaderElection
2019-10-04 13:46:50,781 [Thread-3736] INFO  impl.FollowerState (FollowerState.java:run(108)) - e7c9b6e5-8734-4888-9a82-5562d6bfa950@group-6C24881946A3-FollowerState: change to CANDIDATE, lastRpcTime:1051ms, electionTimeout:1051ms
2019-10-04 13:46:50,781 [Thread-3736] INFO  impl.RoleInfo (RoleInfo.java:shutdownFollowerState(121)) - e7c9b6e5-8734-4888-9a82-5562d6bfa950: shutdown FollowerState
2019-10-04 13:46:50,781 [Thread-3736] INFO  impl.RaftServerImpl (RaftServerImpl.java:setRole(170)) - e7c9b6e5-8734-4888-9a82-5562d6bfa950@group-6C24881946A3: changes role from  FOLLOWER to CANDIDATE at term 4 for changeToCandidate
2019-10-04 13:46:50,781 [Thread-3736] INFO  impl.RoleInfo (RoleInfo.java:updateAndGet(143)) - e7c9b6e5-8734-4888-9a82-5562d6bfa950: start LeaderElection
2019-10-04 13:46:50,808 [Thread-3740] INFO  impl.FollowerState (FollowerState.java:run(108)) - f7391afe-e883-4b58-900a-eef83ef5e847@group-6C24881946A3-FollowerState: change to CANDIDATE, lastRpcTime:1075ms, electionTimeout:1075ms
2019-10-04 13:46:50,808 [Thread-3740] INFO  impl.RoleInfo (RoleInfo.java:shutdownFollowerState(121)) - f7391afe-e883-4b58-900a-eef83ef5e847: shutdown FollowerState
2019-10-04 13:46:50,808 [Thread-3740] INFO  impl.RaftServerImpl (RaftServerImpl.java:setRole(170)) - f7391afe-e883-4b58-900a-eef83ef5e847@group-6C24881946A3: changes role from  FOLLOWER to CANDIDATE at term 4 for changeToCandidate
2019-10-04 13:46:50,808 [Thread-3740] INFO  impl.RoleInfo (RoleInfo.java:updateAndGet(143)) - f7391afe-e883-4b58-900a-eef83ef5e847: start LeaderElection
2019-10-04 13:46:50,874 [abf7bc81-30d5-42c0-a0af-45d0cecf5915@group-39017AAFEA81-LeaderElection185] INFO  impl.LeaderElection (LeaderElection.java:logAndReturn(56)) - abf7bc81-30d5-42c0-a0af-45d0cecf5915@group-39017AAFEA81-LeaderElection185: Election TIMEOUT; received 0 response(s) [] and 0 exception(s); abf7bc81-30d5-42c0-a0af-45d0cecf5915@group-39017AAFEA81:t9, leader=null, voted=abf7bc81-30d5-42c0-a0af-45d0cecf5915, raftlog=abf7bc81-30d5-42c0-a0af-45d0cecf5915@group-39017AAFEA81-SegmentedRaftLog:OPENED:c-1,f-1,i0, conf=-1: [4da2f670-0e5c-4bde-934c-3cd05d8a50a4:192.168.30.33:45990, a9f2dbb7-43c3-4367-8346-947b48bd4d79:192.168.30.33:34618, abf7bc81-30d5-42c0-a0af-45d0cecf5915:192.168.30.33:35055], old=null
2019-10-04 13:46:50,891 [Thread-3737] INFO  impl.FollowerState (FollowerState.java:run(108)) - 34bb4e64-1059-4030-8a56-fd9416faa756@group-B080C88A3813-FollowerState: change to CANDIDATE, lastRpcTime:1161ms, electionTimeout:1161ms
2019-10-04 13:46:50,892 [Thread-3737] INFO  impl.RoleInfo (RoleInfo.java:shutdownFollowerState(121)) - 34bb4e64-1059-4030-8a56-fd9416faa756: shutdown FollowerState
2019-10-04 13:46:50,892 [Thread-3737] INFO  impl.RaftServerImpl (RaftServerImpl.java:setRole(170)) - 34bb4e64-1059-4030-8a56-fd9416faa756@group-B080C88A3813: changes role from  FOLLOWER to CANDIDATE at term 5 for changeToCandidate
2019-10-04 13:46:50,892 [Thread-3737] INFO  impl.RoleInfo (RoleInfo.java:updateAndGet(143)) - 34bb4e64-1059-4030-8a56-fd9416faa756: start LeaderElection
2019-10-04 13:46:50,897 [Thread-3738] INFO  impl.FollowerState (FollowerState.java:run(108)) - 870a27db-da30-4d61-a408-9d113e1c9716@group-B080C88A3813-FollowerState: change to CANDIDATE, lastRpcTime:1165ms, electionTimeout:1165ms
2019-10-04 13:46:50,897 [Thread-3738] INFO  impl.RoleInfo (RoleInfo.java:shutdownFollowerState(121)) - 870a27db-da30-4d61-a408-9d113e1c9716: shutdown FollowerState
2019-10-04 13:46:50,897 [Thread-3738] INFO  impl.RaftServerImpl (RaftServerImpl.java:setRole(170)) - 870a27db-da30-4d61-a408-9d113e1c9716@group-B080C88A3813: changes role from  FOLLOWER to CANDIDATE at term 5 for changeToCandidate
2019-10-04 13:46:50,898 [Thread-3738] INFO  impl.RoleInfo (RoleInfo.java:updateAndGet(143)) - 870a27db-da30-4d61-a408-9d113e1c9716: start LeaderElection
2019-10-04 13:46:50,920 [Thread-3739] INFO  impl.FollowerState (FollowerState.java:run(108)) - d30cfae4-72b5-4ec1-a6ad-4fabcec0d6f2@group-6C24881946A3-FollowerState: change to CANDIDATE, lastRpcTime:1188ms, electionTimeout:1188ms
2019-10-04 13:46:50,920 [Thread-3739] INFO  impl.RoleInfo (RoleInfo.java:shutdownFollowerState(121)) - d30cfae4-72b5-4ec1-a6ad-4fabcec0d6f2: shutdown FollowerState
2019-10-04 13:46:50,920 [Thread-3739] INFO  impl.RaftServerImpl (RaftServerImpl.java:setRole(170)) - d30cfae4-72b5-4ec1-a6ad-4fabcec0d6f2@group-6C24881946A3: changes role from  FOLLOWER to CANDIDATE at term 4 for changeToCandidate
2019-10-04 13:46:50,921 [Thread-3739] INFO  impl.RoleInfo (RoleInfo.java:updateAndGet(143)) - d30cfae4-72b5-4ec1-a6ad-4fabcec0d6f2: start LeaderElection
2019-10-04 13:46:51,518 [4da2f670-0e5c-4bde-934c-3cd05d8a50a4@group-39017AAFEA81-LeaderElection184] INFO  impl.LeaderElection (LeaderElection.java:askForVotes(178)) - 4da2f670-0e5c-4bde-934c-3cd05d8a50a4@group-39017AAFEA81-LeaderElection184: begin an election at term 10 for -1: [4da2f670-0e5c-4bde-934c-3cd05d8a50a4:192.168.30.33:45990, a9f2dbb7-43c3-4367-8346-947b48bd4d79:192.168.30.33:34618, abf7bc81-30d5-42c0-a0af-45d0cecf5915:192.168.30.33:35055], old=null
2019-10-04 13:46:51,518 [a9f2dbb7-43c3-4367-8346-947b48bd4d79@group-39017AAFEA81-LeaderElection183] INFO  impl.LeaderElection (LeaderElection.java:askForVotes(178)) - a9f2dbb7-43c3-4367-8346-947b48bd4d79@group-39017AAFEA81-LeaderElection183: begin an election at term 10 for -1: [4da2f670-0e5c-4bde-934c-3cd05d8a50a4:192.168.30.33:45990, a9f2dbb7-43c3-4367-8346-947b48bd4d79:192.168.30.33:34618, abf7bc81-30d5-42c0-a0af-45d0cecf5915:192.168.30.33:35055], old=null
2019-10-04 13:46:52,569 [4da2f670-0e5c-4bde-934c-3cd05d8a50a4@group-39017AAFEA81-LeaderElection184] INFO  impl.LeaderElection (LeaderElection.java:logAndReturn(56)) - 4da2f670-0e5c-4bde-934c-3cd05d8a50a4@group-39017AAFEA81-LeaderElection184: Election TIMEOUT; received 1 response(s) [4da2f670-0e5c-4bde-934c-3cd05d8a50a4<-a9f2dbb7-43c3-4367-8346-947b48bd4d79#0:FAIL-t10] and 0 exception(s); 4da2f670-0e5c-4bde-934c-3cd05d8a50a4@group-39017AAFEA81:t10, leader=null, voted=4da2f670-0e5c-4bde-934c-3cd05d8a50a4, raftlog=4da2f670-0e5c-4bde-934c-3cd05d8a50a4@group-39017AAFEA81-SegmentedRaftLog:OPENED:c-1,f-1,i0, conf=-1: [4da2f670-0e5c-4bde-934c-3cd05d8a50a4:192.168.30.33:45990, a9f2dbb7-43c3-4367-8346-947b48bd4d79:192.168.30.33:34618, abf7bc81-30d5-42c0-a0af-45d0cecf5915:192.168.30.33:35055], old=null
2019-10-04 13:46:52,688 [a9f2dbb7-43c3-4367-8346-947b48bd4d79@group-39017AAFEA81-LeaderElection183] INFO  impl.LeaderElection (LeaderElection.java:logAndReturn(56)) - a9f2dbb7-43c3-4367-8346-947b48bd4d79@group-39017AAFEA81-LeaderElection183: Election TIMEOUT; received 1 response(s) [a9f2dbb7-43c3-4367-8346-947b48bd4d79<-4da2f670-0e5c-4bde-934c-3cd05d8a50a4#0:FAIL-t10] and 0 exception(s); a9f2dbb7-43c3-4367-8346-947b48bd4d79@group-39017AAFEA81:t10, leader=null, voted=a9f2dbb7-43c3-4367-8346-947b48bd4d79, raftlog=a9f2dbb7-43c3-4367-8346-947b48bd4d79@group-39017AAFEA81-SegmentedRaftLog:OPENED:c-1,f-1,i0, conf=-1: [4da2f670-0e5c-4bde-934c-3cd05d8a50a4:192.168.30.33:45990, a9f2dbb7-43c3-4367-8346-947b48bd4d79:192.168.30.33:34618, abf7bc81-30d5-42c0-a0af-45d0cecf5915:192.168.30.33:35055], old=null
2019-10-04 13:46:53,421 [main] WARN  io.KeyOutputStream (KeyOutputStream.java:handleException(274)) - Encountered exception java.io.IOException: Unexpected Storage Container Exception: java.util.concurrent.CompletionException: java.util.concurrent.CompletionException: org.apache.ratis.protocol.RaftRetryFailureException: Failed RaftClientRequest:client-E9B123707F7E->a9f2dbb7-43c3-4367-8346-947b48bd4d79@group-39017AAFEA81, cid=121, seq=1*, RW, org.apache.hadoop.hdds.scm.XceiverClientRatis$$Lambda$543/509654105@547204b9 for 10 attempts with RetryLimited(maxAttempts=10, sleepTime=1000ms) on the pipeline Pipeline[ Id: bbc16807-e44a-48c9-81bc-39017aafea81, Nodes: 4da2f670-0e5c-4bde-934c-3cd05d8a50a4{ip: 192.168.30.33, host: pr-hdds-2233-hr7xq-248966361, networkLocation: /rack1, certSerialId: null}abf7bc81-30d5-42c0-a0af-45d0cecf5915{ip: 192.168.30.33, host: pr-hdds-2233-hr7xq-248966361, networkLocation: /rack1, certSerialId: null}a9f2dbb7-43c3-4367-8346-947b48bd4d79{ip: 192.168.30.33, host: pr-hdds-2233-hr7xq-248966361, networkLocation: /rack1, certSerialId: null}, Type:RATIS, Factor:THREE, State:OPEN]. The last committed block length is 0, uncommitted data length is 1048576 retry count 0
2019-10-04 13:46:53,477 [870a27db-da30-4d61-a408-9d113e1c9716@group-B080C88A3813-LeaderElection202] INFO  impl.LeaderElection (LeaderElection.java:askForVotes(178)) - 870a27db-da30-4d61-a408-9d113e1c9716@group-B080C88A3813-LeaderElection202: begin an election at term 6 for -1: [1acd4a7f-a859-40e1-8534-5adb5341c727:192.168.30.33:43799, 34bb4e64-1059-4030-8a56-fd9416faa756:192.168.30.33:39854, 870a27db-da30-4d61-a408-9d113e1c9716:192.168.30.33:42515], old=null
2019-10-04 13:46:53,477 [34bb4e64-1059-4030-8a56-fd9416faa756@group-B080C88A3813-LeaderElection201] INFO  impl.LeaderElection (LeaderElection.java:askForVotes(178)) - 34bb4e64-1059-4030-8a56-fd9416faa756@group-B080C88A3813-LeaderElection201: begin an election at term 6 for -1: [1acd4a7f-a859-40e1-8534-5adb5341c727:192.168.30.33:43799, 34bb4e64-1059-4030-8a56-fd9416faa756:192.168.30.33:39854, 870a27db-da30-4d61-a408-9d113e1c9716:192.168.30.33:42515], old=null
2019-10-04 13:46:53,477 [e7c9b6e5-8734-4888-9a82-5562d6bfa950@group-6C24881946A3-LeaderElection199] INFO  impl.LeaderElection (LeaderElection.java:askForVotes(178)) - e7c9b6e5-8734-4888-9a82-5562d6bfa950@group-6C24881946A3-LeaderElection199: begin an election at term 5 for -1: [e7c9b6e5-8734-4888-9a82-5562d6bfa950:192.168.30.33:44869, d30cfae4-72b5-4ec1-a6ad-4fabcec0d6f2:192.168.30.33:40495, f7391afe-e883-4b58-900a-eef83ef5e847:192.168.30.33:36496], old=null
2019-10-04 13:46:53,477 [f7391afe-e883-4b58-900a-eef83ef5e847@group-6C24881946A3-LeaderElection200] INFO  impl.LeaderElection (LeaderElection.java:askForVotes(178)) - f7391afe-e883-4b58-900a-eef83ef5e847@group-6C24881946A3-LeaderElection200: begin an election at term 5 for -1: [e7c9b6e5-8734-4888-9a82-5562d6bfa950:192.168.30.33:44869, d30cfae4-72b5-4ec1-a6ad-4fabcec0d6f2:192.168.30.33:40495, f7391afe-e883-4b58-900a-eef83ef5e847:192.168.30.33:36496], old=null
2019-10-04 13:46:53,477 [abf7bc81-30d5-42c0-a0af-45d0cecf5915@group-39017AAFEA81-LeaderElection185] INFO  impl.LeaderElection (LeaderElection.java:askForVotes(178)) - abf7bc81-30d5-42c0-a0af-45d0cecf5915@group-39017AAFEA81-LeaderElection185: begin an election at term 10 for -1: [4da2f670-0e5c-4bde-934c-3cd05d8a50a4:192.168.30.33:45990, a9f2dbb7-43c3-4367-8346-947b48bd4d79:192.168.30.33:34618, abf7bc81-30d5-42c0-a0af-45d0cecf5915:192.168.30.33:35055], old=null
2019-10-04 13:46:53,477 [d30cfae4-72b5-4ec1-a6ad-4fabcec0d6f2@group-6C24881946A3-LeaderElection203] INFO  impl.LeaderElection (LeaderElection.java:askForVotes(178)) - d30cfae4-72b5-4ec1-a6ad-4fabcec0d6f2@group-6C24881946A3-LeaderElection203: begin an election at term 5 for -1: [e7c9b6e5-8734-4888-9a82-5562d6bfa950:192.168.30.33:44869, d30cfae4-72b5-4ec1-a6ad-4fabcec0d6f2:192.168.30.33:40495, f7391afe-e883-4b58-900a-eef83ef5e847:192.168.30.33:36496], old=null
2019-10-04 13:46:53,477 [1acd4a7f-a859-40e1-8534-5adb5341c727@group-B080C88A3813-LeaderElection198] INFO  impl.LeaderElection (LeaderElection.java:askForVotes(178)) - 1acd4a7f-a859-40e1-8534-5adb5341c727@group-B080C88A3813-LeaderElection198: begin an election at term 6 for -1: [1acd4a7f-a859-40e1-8534-5adb5341c727:192.168.30.33:43799, 34bb4e64-1059-4030-8a56-fd9416faa756:192.168.30.33:39854, 870a27db-da30-4d61-a408-9d113e1c9716:192.168.30.33:42515], old=null
2019-10-04 13:46:53,481 [870a27db-da30-4d61-a408-9d113e1c9716@group-B080C88A3813-LeaderElection202] INFO  impl.LeaderElection (LeaderElection.java:logAndReturn(56)) - 870a27db-da30-4d61-a408-9d113e1c9716@group-B080C88A3813-LeaderElection202: Election REJECTED; received 2 response(s) [870a27db-da30-4d61-a408-9d113e1c9716<-1acd4a7f-a859-40e1-8534-5adb5341c727#0:FAIL-t6, 870a27db-da30-4d61-a408-9d113e1c9716<-34bb4e64-1059-4030-8a56-fd9416faa756#0:FAIL-t6] and 0 exception(s); 870a27db-da30-4d61-a408-9d113e1c9716@group-B080C88A3813:t6, leader=null, voted=870a27db-da30-4d61-a408-9d113e1c9716, raftlog=870a27db-da30-4d61-a408-9d113e1c9716@group-B080C88A3813-SegmentedRaftLog:OPENED:c-1,f-1,i0, conf=-1: [1acd4a7f-a859-40e1-8534-5adb5341c727:192.168.30.33:43799, 34bb4e64-1059-4030-8a56-fd9416faa756:192.168.30.33:39854, 870a27db-da30-4d61-a408-9d113e1c9716:192.168.30.33:42515], old=null
2019-10-04 13:46:53,481 [870a27db-da30-4d61-a408-9d113e1c9716@group-B080C88A3813-LeaderElection202] INFO  impl.RaftServerImpl (RaftServerImpl.java:setRole(170)) - 870a27db-da30-4d61-a408-9d113e1c9716@group-B080C88A3813: changes role from CANDIDATE to FOLLOWER at term 6 for DISCOVERED_A_NEW_TERM
2019-10-04 13:46:53,482 [870a27db-da30-4d61-a408-9d113e1c9716@group-B080C88A3813-LeaderElection202] INFO  impl.RoleInfo (RoleInfo.java:shutdownLeaderElection(134)) - 870a27db-da30-4d61-a408-9d113e1c9716: shutdown LeaderElection
2019-10-04 13:46:53,482 [870a27db-da30-4d61-a408-9d113e1c9716@group-B080C88A3813-LeaderElection202] INFO  impl.RoleInfo (RoleInfo.java:updateAndGet(143)) - 870a27db-da30-4d61-a408-9d113e1c9716: start FollowerState
2019-10-04 13:46:53,483 [34bb4e64-1059-4030-8a56-fd9416faa756@group-B080C88A3813-LeaderElection201] INFO  impl.LeaderElection (LeaderElection.java:logAndReturn(56)) - 34bb4e64-1059-4030-8a56-fd9416faa756@group-B080C88A3813-LeaderElection201: Election REJECTED; received 2 response(s) [34bb4e64-1059-4030-8a56-fd9416faa756<-1acd4a7f-a859-40e1-8534-5adb5341c727#0:FAIL-t6, 34bb4e64-1059-4030-8a56-fd9416faa756<-870a27db-da30-4d61-a408-9d113e1c9716#0:FAIL-t6] and 0 exception(s); 34bb4e64-1059-4030-8a56-fd9416faa756@group-B080C88A3813:t6, leader=null, voted=34bb4e64-1059-4030-8a56-fd9416faa756, raftlog=34bb4e64-1059-4030-8a56-fd9416faa756@group-B080C88A3813-SegmentedRaftLog:OPENED:c-1,f-1,i0, conf=-1: [1acd4a7f-a859-40e1-8534-5adb5341c727:192.168.30.33:43799, 34bb4e64-1059-4030-8a56-fd9416faa756:192.168.30.33:39854, 870a27db-da30-4d61-a408-9d113e1c9716:192.168.30.33:42515], old=null
2019-10-04 13:46:53,483 [34bb4e64-1059-4030-8a56-fd9416faa756@group-B080C88A3813-LeaderElection201] INFO  impl.RaftServerImpl (RaftServerImpl.java:setRole(170)) - 34bb4e64-1059-4030-8a56-fd9416faa756@group-B080C88A3813: changes role from CANDIDATE to FOLLOWER at term 6 for DISCOVERED_A_NEW_TERM
2019-10-04 13:46:53,484 [34bb4e64-1059-4030-8a56-fd9416faa756@group-B080C88A3813-LeaderElection201] INFO  impl.RoleInfo (RoleInfo.java:shutdownLeaderElection(134)) - 34bb4e64-1059-4030-8a56-fd9416faa756: shutdown LeaderElection
2019-10-04 13:46:53,484 [34bb4e64-1059-4030-8a56-fd9416faa756@group-B080C88A3813-LeaderElection201] INFO  impl.RoleInfo (RoleInfo.java:updateAndGet(143)) - 34bb4e64-1059-4030-8a56-fd9416faa756: start FollowerState
2019-10-04 13:46:53,484 [e7c9b6e5-8734-4888-9a82-5562d6bfa950@group-6C24881946A3-LeaderElection199] INFO  impl.LeaderElection (LeaderElection.java:logAndReturn(56)) - e7c9b6e5-8734-4888-9a82-5562d6bfa950@group-6C24881946A3-LeaderElection199: Election REJECTED; received 2 response(s) [e7c9b6e5-8734-4888-9a82-5562d6bfa950<-d30cfae4-72b5-4ec1-a6ad-4fabcec0d6f2#0:FAIL-t5, e7c9b6e5-8734-4888-9a82-5562d6bfa950<-f7391afe-e883-4b58-900a-eef83ef5e847#0:FAIL-t5] and 0 exception(s); e7c9b6e5-8734-4888-9a82-5562d6bfa950@group-6C24881946A3:t5, leader=null, voted=e7c9b6e5-8734-4888-9a82-5562d6bfa950, raftlog=e7c9b6e5-8734-4888-9a82-5562d6bfa950@group-6C24881946A3-SegmentedRaftLog:OPENED:c-1,f-1,i0, conf=-1: [e7c9b6e5-8734-4888-9a82-5562d6bfa950:192.168.30.33:44869, d30cfae4-72b5-4ec1-a6ad-4fabcec0d6f2:192.168.30.33:40495, f7391afe-e883-4b58-900a-eef83ef5e847:192.168.30.33:36496], old=null
2019-10-04 13:46:53,484 [e7c9b6e5-8734-4888-9a82-5562d6bfa950@group-6C24881946A3-LeaderElection199] INFO  impl.RaftServerImpl (RaftServerImpl.java:setRole(170)) - e7c9b6e5-8734-4888-9a82-5562d6bfa950@group-6C24881946A3: changes role from CANDIDATE to FOLLOWER at term 5 for DISCOVERED_A_NEW_TERM
2019-10-04 13:46:53,484 [e7c9b6e5-8734-4888-9a82-5562d6bfa950@group-6C24881946A3-LeaderElection199] INFO  impl.RoleInfo (RoleInfo.java:shutdownLeaderElection(134)) - e7c9b6e5-8734-4888-9a82-5562d6bfa950: shutdown LeaderElection
2019-10-04 13:46:53,484 [d30cfae4-72b5-4ec1-a6ad-4fabcec0d6f2@group-6C24881946A3-LeaderElection203] INFO  impl.LeaderElection (LeaderElection.java:logAndReturn(56)) - d30cfae4-72b5-4ec1-a6ad-4fabcec0d6f2@group-6C24881946A3-LeaderElection203: Election REJECTED; received 2 response(s) [d30cfae4-72b5-4ec1-a6ad-4fabcec0d6f2<-e7c9b6e5-8734-4888-9a82-5562d6bfa950#0:FAIL-t5, d30cfae4-72b5-4ec1-a6ad-4fabcec0d6f2<-f7391afe-e883-4b58-900a-eef83ef5e847#0:FAIL-t5] and 0 exception(s); d30cfae4-72b5-4ec1-a6ad-4fabcec0d6f2@group-6C24881946A3:t5, leader=null, voted=d30cfae4-72b5-4ec1-a6ad-4fabcec0d6f2, raftlog=d30cfae4-72b5-4ec1-a6ad-4fabcec0d6f2@group-6C24881946A3-SegmentedRaftLog:OPENED:c-1,f-1,i0, conf=-1: [e7c9b6e5-8734-4888-9a82-5562d6bfa950:192.168.30.33:44869, d30cfae4-72b5-4ec1-a6ad-4fabcec0d6f2:192.168.30.33:40495, f7391afe-e883-4b58-900a-eef83ef5e847:192.168.30.33:36496], old=null
2019-10-04 13:46:53,485 [e7c9b6e5-8734-4888-9a82-5562d6bfa950@group-6C24881946A3-LeaderElection199] INFO  impl.RoleInfo (RoleInfo.java:updateAndGet(143)) - e7c9b6e5-8734-4888-9a82-5562d6bfa950: start FollowerState
2019-10-04 13:46:53,485 [d30cfae4-72b5-4ec1-a6ad-4fabcec0d6f2@group-6C24881946A3-LeaderElection203] INFO  impl.RaftServerImpl (RaftServerImpl.java:setRole(170)) - d30cfae4-72b5-4ec1-a6ad-4fabcec0d6f2@group-6C24881946A3: changes role from CANDIDATE to FOLLOWER at term 5 for DISCOVERED_A_NEW_TERM
2019-10-04 13:46:53,485 [d30cfae4-72b5-4ec1-a6ad-4fabcec0d6f2@group-6C24881946A3-LeaderElection203] INFO  impl.RoleInfo (RoleInfo.java:shutdownLeaderElection(134)) - d30cfae4-72b5-4ec1-a6ad-4fabcec0d6f2: shutdown LeaderElection
2019-10-04 13:46:53,485 [f7391afe-e883-4b58-900a-eef83ef5e847@group-6C24881946A3-LeaderElection200] INFO  impl.LeaderElection (LeaderElection.java:logAndReturn(56)) - f7391afe-e883-4b58-900a-eef83ef5e847@group-6C24881946A3-LeaderElection200: Election REJECTED; received 2 response(s) [f7391afe-e883-4b58-900a-eef83ef5e847<-e7c9b6e5-8734-4888-9a82-5562d6bfa950#0:FAIL-t5, f7391afe-e883-4b58-900a-eef83ef5e847<-d30cfae4-72b5-4ec1-a6ad-4fabcec0d6f2#0:FAIL-t5] and 0 exception(s); f7391afe-e883-4b58-900a-eef83ef5e847@group-6C24881946A3:t5, leader=null, voted=f7391afe-e883-4b58-900a-eef83ef5e847, raftlog=f7391afe-e883-4b58-900a-eef83ef5e847@group-6C24881946A3-SegmentedRaftLog:OPENED:c-1,f-1,i0, conf=-1: [e7c9b6e5-8734-4888-9a82-5562d6bfa950:192.168.30.33:44869, d30cfae4-72b5-4ec1-a6ad-4fabcec0d6f2:192.168.30.33:40495, f7391afe-e883-4b58-900a-eef83ef5e847:192.168.30.33:36496], old=null
2019-10-04 13:46:53,485 [d30cfae4-72b5-4ec1-a6ad-4fabcec0d6f2@group-6C24881946A3-LeaderElection203] INFO  impl.RoleInfo (RoleInfo.java:updateAndGet(143)) - d30cfae4-72b5-4ec1-a6ad-4fabcec0d6f2: start FollowerState
2019-10-04 13:46:53,485 [f7391afe-e883-4b58-900a-eef83ef5e847@group-6C24881946A3-LeaderElection200] INFO  impl.RaftServerImpl (RaftServerImpl.java:setRole(170)) - f7391afe-e883-4b58-900a-eef83ef5e847@group-6C24881946A3: changes role from CANDIDATE to FOLLOWER at term 5 for DISCOVERED_A_NEW_TERM
2019-10-04 13:46:53,485 [f7391afe-e883-4b58-900a-eef83ef5e847@group-6C24881946A3-LeaderElection200] INFO  impl.RoleInfo (RoleInfo.java:shutdownLeaderElection(134)) - f7391afe-e883-4b58-900a-eef83ef5e847: shutdown LeaderElection
2019-10-04 13:46:53,485 [f7391afe-e883-4b58-900a-eef83ef5e847@group-6C24881946A3-LeaderElection200] INFO  impl.RoleInfo (RoleInfo.java:updateAndGet(143)) - f7391afe-e883-4b58-900a-eef83ef5e847: start FollowerState
2019-10-04 13:46:53,486 [1acd4a7f-a859-40e1-8534-5adb5341c727@group-B080C88A3813-LeaderElection198] INFO  impl.LeaderElection (LeaderElection.java:logAndReturn(56)) - 1acd4a7f-a859-40e1-8534-5adb5341c727@group-B080C88A3813-LeaderElection198: Election REJECTED; received 2 response(s) [1acd4a7f-a859-40e1-8534-5adb5341c727<-34bb4e64-1059-4030-8a56-fd9416faa756#0:FAIL-t6, 1acd4a7f-a859-40e1-8534-5adb5341c727<-870a27db-da30-4d61-a408-9d113e1c9716#0:FAIL-t6] and 0 exception(s); 1acd4a7f-a859-40e1-8534-5adb5341c727@group-B080C88A3813:t6, leader=null, voted=1acd4a7f-a859-40e1-8534-5adb5341c727, raftlog=1acd4a7f-a859-40e1-8534-5adb5341c727@group-B080C88A3813-SegmentedRaftLog:OPENED:c-1,f-1,i0, conf=-1: [1acd4a7f-a859-40e1-8534-5adb5341c727:192.168.30.33:43799, 34bb4e64-1059-4030-8a56-fd9416faa756:192.168.30.33:39854, 870a27db-da30-4d61-a408-9d113e1c9716:192.168.30.33:42515], old=null
2019-10-04 13:46:53,486 [1acd4a7f-a859-40e1-8534-5adb5341c727@group-B080C88A3813-LeaderElection198] INFO  impl.RaftServerImpl (RaftServerImpl.java:setRole(170)) - 1acd4a7f-a859-40e1-8534-5adb5341c727@group-B080C88A3813: changes role from CANDIDATE to FOLLOWER at term 6 for DISCOVERED_A_NEW_TERM
2019-10-04 13:46:53,486 [1acd4a7f-a859-40e1-8534-5adb5341c727@group-B080C88A3813-LeaderElection198] INFO  impl.RoleInfo (RoleInfo.java:shutdownLeaderElection(134)) - 1acd4a7f-a859-40e1-8534-5adb5341c727: shutdown LeaderElection
2019-10-04 13:46:53,486 [1acd4a7f-a859-40e1-8534-5adb5341c727@group-B080C88A3813-LeaderElection198] INFO  impl.RoleInfo (RoleInfo.java:updateAndGet(143)) - 1acd4a7f-a859-40e1-8534-5adb5341c727: start FollowerState
2019-10-04 13:46:54,503 [Thread-3778] INFO  impl.FollowerState (FollowerState.java:run(108)) - 34bb4e64-1059-4030-8a56-fd9416faa756@group-B080C88A3813-FollowerState: change to CANDIDATE, lastRpcTime:1019ms, electionTimeout:1017ms
2019-10-04 13:46:54,506 [Thread-3778] INFO  impl.RoleInfo (RoleInfo.java:shutdownFollowerState(121)) - 34bb4e64-1059-4030-8a56-fd9416faa756: shutdown FollowerState
2019-10-04 13:46:54,508 [Thread-3778] INFO  impl.RaftServerImpl (RaftServerImpl.java:setRole(170)) - 34bb4e64-1059-4030-8a56-fd9416faa756@group-B080C88A3813: changes role from  FOLLOWER to CANDIDATE at term 6 for changeToCandidate
2019-10-04 13:46:54,508 [Thread-3778] INFO  impl.RoleInfo (RoleInfo.java:updateAndGet(143)) - 34bb4e64-1059-4030-8a56-fd9416faa756: start LeaderElection
2019-10-04 13:46:54,530 [Thread-3779] INFO  impl.FollowerState (FollowerState.java:run(108)) - e7c9b6e5-8734-4888-9a82-5562d6bfa950@group-6C24881946A3-FollowerState: change to CANDIDATE, lastRpcTime:1045ms, electionTimeout:1045ms
2019-10-04 13:46:54,530 [Thread-3779] INFO  impl.RoleInfo (RoleInfo.java:shutdownFollowerState(121)) - e7c9b6e5-8734-4888-9a82-5562d6bfa950: shutdown FollowerState
2019-10-04 13:46:54,530 [Thread-3779] INFO  impl.RaftServerImpl (RaftServerImpl.java:setRole(170)) - e7c9b6e5-8734-4888-9a82-5562d6bfa950@group-6C24881946A3: changes role from  FOLLOWER to CANDIDATE at term 5 for changeToCandidate
2019-10-04 13:46:54,530 [Thread-3779] INFO  impl.RoleInfo (RoleInfo.java:updateAndGet(143)) - e7c9b6e5-8734-4888-9a82-5562d6bfa950: start LeaderElection
2019-10-04 13:46:54,533 [Thread-3782] INFO  impl.FollowerState (FollowerState.java:run(108)) - 1acd4a7f-a859-40e1-8534-5adb5341c727@group-B080C88A3813-FollowerState: change to CANDIDATE, lastRpcTime:1047ms, electionTimeout:1047ms
2019-10-04 13:46:54,533 [Thread-3782] INFO  impl.RoleInfo (RoleInfo.java:shutdownFollowerState(121)) - 1acd4a7f-a859-40e1-8534-5adb5341c727: shutdown FollowerState
2019-10-04 13:46:54,533 [Thread-3782] INFO  impl.RaftServerImpl (RaftServerImpl.java:setRole(170)) - 1acd4a7f-a859-40e1-8534-5adb5341c727@group-B080C88A3813: changes role from  FOLLOWER to CANDIDATE at term 6 for changeToCandidate
2019-10-04 13:46:54,534 [Thread-3782] INFO  impl.RoleInfo (RoleInfo.java:updateAndGet(143)) - 1acd4a7f-a859-40e1-8534-5adb5341c727: start LeaderElection
2019-10-04 13:46:54,582 [Thread-3781] INFO  impl.FollowerState (FollowerState.java:run(108)) - f7391afe-e883-4b58-900a-eef83ef5e847@group-6C24881946A3-FollowerState: change to CANDIDATE, lastRpcTime:1096ms, electionTimeout:1096ms
2019-10-04 13:46:54,582 [Thread-3781] INFO  impl.RoleInfo (RoleInfo.java:shutdownFollowerState(121)) - f7391afe-e883-4b58-900a-eef83ef5e847: shutdown FollowerState
2019-10-04 13:46:54,582 [Thread-3781] INFO  impl.RaftServerImpl (RaftServerImpl.java:setRole(170)) - f7391afe-e883-4b58-900a-eef83ef5e847@group-6C24881946A3: changes role from  FOLLOWER to CANDIDATE at term 5 for changeToCandidate
2019-10-04 13:46:54,582 [Thread-3781] INFO  impl.RoleInfo (RoleInfo.java:updateAndGet(143)) - f7391afe-e883-4b58-900a-eef83ef5e847: start LeaderElection
2019-10-04 13:46:54,610 [Thread-3777] INFO  impl.FollowerState (FollowerState.java:run(108)) - 870a27db-da30-4d61-a408-9d113e1c9716@group-B080C88A3813-FollowerState: change to CANDIDATE, lastRpcTime:1128ms, electionTimeout:1128ms
2019-10-04 13:46:54,611 [Thread-3777] INFO  impl.RoleInfo (RoleInfo.java:shutdownFollowerState(121)) - 870a27db-da30-4d61-a408-9d113e1c9716: shutdown FollowerState
2019-10-04 13:46:54,611 [Thread-3777] INFO  impl.RaftServerImpl (RaftServerImpl.java:setRole(170)) - 870a27db-da30-4d61-a408-9d113e1c9716@group-B080C88A3813: changes role from  FOLLOWER to CANDIDATE at term 6 for changeToCandidate
2019-10-04 13:46:54,611 [Thread-3777] INFO  impl.RoleInfo (RoleInfo.java:updateAndGet(143)) - 870a27db-da30-4d61-a408-9d113e1c9716: start LeaderElection
2019-10-04 13:46:54,617 [abf7bc81-30d5-42c0-a0af-45d0cecf5915@group-39017AAFEA81-LeaderElection185] INFO  impl.LeaderElection (LeaderElection.java:logAndReturn(56)) - abf7bc81-30d5-42c0-a0af-45d0cecf5915@group-39017AAFEA81-LeaderElection185: Election TIMEOUT; received 0 response(s) [] and 0 exception(s); abf7bc81-30d5-42c0-a0af-45d0cecf5915@group-39017AAFEA81:t10, leader=null, voted=abf7bc81-30d5-42c0-a0af-45d0cecf5915, raftlog=abf7bc81-30d5-42c0-a0af-45d0cecf5915@group-39017AAFEA81-SegmentedRaftLog:OPENED:c-1,f-1,i0, conf=-1: [4da2f670-0e5c-4bde-934c-3cd05d8a50a4:192.168.30.33:45990, a9f2dbb7-43c3-4367-8346-947b48bd4d79:192.168.30.33:34618, abf7bc81-30d5-42c0-a0af-45d0cecf5915:192.168.30.33:35055], old=null
2019-10-04 13:46:54,648 [Thread-3780] INFO  impl.FollowerState (FollowerState.java:run(108)) - d30cfae4-72b5-4ec1-a6ad-4fabcec0d6f2@group-6C24881946A3-FollowerState: change to CANDIDATE, lastRpcTime:1163ms, electionTimeout:1163ms
2019-10-04 13:46:54,649 [Thread-3780] INFO  impl.RoleInfo (RoleInfo.java:shutdownFollowerState(121)) - d30cfae4-72b5-4ec1-a6ad-4fabcec0d6f2: shutdown FollowerState
2019-10-04 13:46:54,649 [Thread-3780] INFO  impl.RaftServerImpl (RaftServerImpl.java:setRole(170)) - d30cfae4-72b5-4ec1-a6ad-4fabcec0d6f2@group-6C24881946A3: changes role from  FOLLOWER to CANDIDATE at term 5 for changeToCandidate
2019-10-04 13:46:54,649 [Thread-3780] INFO  impl.RoleInfo (RoleInfo.java:updateAndGet(143)) - d30cfae4-72b5-4ec1-a6ad-4fabcec0d6f2: start LeaderElection
2019-10-04 13:46:55,187 [a9f2dbb7-43c3-4367-8346-947b48bd4d79@group-39017AAFEA81-LeaderElection183] INFO  impl.LeaderElection (LeaderElection.java:askForVotes(178)) - a9f2dbb7-43c3-4367-8346-947b48bd4d79@group-39017AAFEA81-LeaderElection183: begin an election at term 11 for -1: [4da2f670-0e5c-4bde-934c-3cd05d8a50a4:192.168.30.33:45990, a9f2dbb7-43c3-4367-8346-947b48bd4d79:192.168.30.33:34618, abf7bc81-30d5-42c0-a0af-45d0cecf5915:192.168.30.33:35055], old=null
2019-10-04 13:46:55,187 [4da2f670-0e5c-4bde-934c-3cd05d8a50a4@group-39017AAFEA81-LeaderElection184] INFO  impl.LeaderElection (LeaderElection.java:askForVotes(178)) - 4da2f670-0e5c-4bde-934c-3cd05d8a50a4@group-39017AAFEA81-LeaderElection184: begin an election at term 11 for -1: [4da2f670-0e5c-4bde-934c-3cd05d8a50a4:192.168.30.33:45990, a9f2dbb7-43c3-4367-8346-947b48bd4d79:192.168.30.33:34618, abf7bc81-30d5-42c0-a0af-45d0cecf5915:192.168.30.33:35055], old=null
2019-10-04 13:46:56,272 [4da2f670-0e5c-4bde-934c-3cd05d8a50a4@group-39017AAFEA81-LeaderElection184] INFO  impl.LeaderElection (LeaderElection.java:logAndReturn(56)) - 4da2f670-0e5c-4bde-934c-3cd05d8a50a4@group-39017AAFEA81-LeaderElection184: Election TIMEOUT; received 1 response(s) [4da2f670-0e5c-4bde-934c-3cd05d8a50a4<-a9f2dbb7-43c3-4367-8346-947b48bd4d79#0:FAIL-t11] and 0 exception(s); 4da2f670-0e5c-4bde-934c-3cd05d8a50a4@group-39017AAFEA81:t11, leader=null, voted=4da2f670-0e5c-4bde-934c-3cd05d8a50a4, raftlog=4da2f670-0e5c-4bde-934c-3cd05d8a50a4@group-39017AAFEA81-SegmentedRaftLog:OPENED:c-1,f-1,i0, conf=-1: [4da2f670-0e5c-4bde-934c-3cd05d8a50a4:192.168.30.33:45990, a9f2dbb7-43c3-4367-8346-947b48bd4d79:192.168.30.33:34618, abf7bc81-30d5-42c0-a0af-45d0cecf5915:192.168.30.33:35055], old=null
2019-10-04 13:46:56,437 [a9f2dbb7-43c3-4367-8346-947b48bd4d79@group-39017AAFEA81-LeaderElection183] INFO  impl.LeaderElection (LeaderElection.java:logAndReturn(56)) - a9f2dbb7-43c3-4367-8346-947b48bd4d79@group-39017AAFEA81-LeaderElection183: Election TIMEOUT; received 1 response(s) [a9f2dbb7-43c3-4367-8346-947b48bd4d79<-4da2f670-0e5c-4bde-934c-3cd05d8a50a4#0:FAIL-t11] and 0 exception(s); a9f2dbb7-43c3-4367-8346-947b48bd4d79@group-39017AAFEA81:t11, leader=null, voted=a9f2dbb7-43c3-4367-8346-947b48bd4d79, raftlog=a9f2dbb7-43c3-4367-8346-947b48bd4d79@group-39017AAFEA81-SegmentedRaftLog:OPENED:c-1,f-1,i0, conf=-1: [4da2f670-0e5c-4bde-934c-3cd05d8a50a4:192.168.30.33:45990, a9f2dbb7-43c3-4367-8346-947b48bd4d79:192.168.30.33:34618, abf7bc81-30d5-42c0-a0af-45d0cecf5915:192.168.30.33:35055], old=null
2019-10-04 13:46:56,879 [e7c9b6e5-8734-4888-9a82-5562d6bfa950@group-6C24881946A3-LeaderElection205] INFO  impl.LeaderElection (LeaderElection.java:askForVotes(178)) - e7c9b6e5-8734-4888-9a82-5562d6bfa950@group-6C24881946A3-LeaderElection205: begin an election at term 6 for -1: [e7c9b6e5-8734-4888-9a82-5562d6bfa950:192.168.30.33:44869, d30cfae4-72b5-4ec1-a6ad-4fabcec0d6f2:192.168.30.33:40495, f7391afe-e883-4b58-900a-eef83ef5e847:192.168.30.33:36496], old=null
2019-10-04 13:46:56,879 [1acd4a7f-a859-40e1-8534-5adb5341c727@group-B080C88A3813-LeaderElection206] INFO  impl.LeaderElection (LeaderElection.java:askForVotes(178)) - 1acd4a7f-a859-40e1-8534-5adb5341c727@group-B080C88A3813-LeaderElection206: begin an election at term 7 for -1: [1acd4a7f-a859-40e1-8534-5adb5341c727:192.168.30.33:43799, 34bb4e64-1059-4030-8a56-fd9416faa756:192.168.30.33:39854, 870a27db-da30-4d61-a408-9d113e1c9716:192.168.30.33:42515], old=null
2019-10-04 13:46:56,879 [f7391afe-e883-4b58-900a-eef83ef5e847@group-6C24881946A3-LeaderElection207] INFO  impl.LeaderElection (LeaderElection.java:askForVotes(178)) - f7391afe-e883-4b58-900a-eef83ef5e847@group-6C24881946A3-LeaderElection207: begin an election at term 6 for -1: [e7c9b6e5-8734-4888-9a82-5562d6bfa950:192.168.30.33:44869, d30cfae4-72b5-4ec1-a6ad-4fabcec0d6f2:192.168.30.33:40495, f7391afe-e883-4b58-900a-eef83ef5e847:192.168.30.33:36496], old=null
2019-10-04 13:46:56,879 [870a27db-da30-4d61-a408-9d113e1c9716@group-B080C88A3813-LeaderElection208] INFO  impl.LeaderElection (LeaderElection.java:askForVotes(178)) - 870a27db-da30-4d61-a408-9d113e1c9716@group-B080C88A3813-LeaderElection208: begin an election at term 7 for -1: [1acd4a7f-a859-40e1-8534-5adb5341c727:192.168.30.33:43799, 34bb4e64-1059-4030-8a56-fd9416faa756:192.168.30.33:39854, 870a27db-da30-4d61-a408-9d113e1c9716:192.168.30.33:42515], old=null
2019-10-04 13:46:56,879 [abf7bc81-30d5-42c0-a0af-45d0cecf5915@group-39017AAFEA81-LeaderElection185] INFO  impl.LeaderElection (LeaderElection.java:askForVotes(178)) - abf7bc81-30d5-42c0-a0af-45d0cecf5915@group-39017AAFEA81-LeaderElection185: begin an election at term 11 for -1: [4da2f670-0e5c-4bde-934c-3cd05d8a50a4:192.168.30.33:45990, a9f2dbb7-43c3-4367-8346-947b48bd4d79:192.168.30.33:34618, abf7bc81-30d5-42c0-a0af-45d0cecf5915:192.168.30.33:35055], old=null
2019-10-04 13:46:56,879 [d30cfae4-72b5-4ec1-a6ad-4fabcec0d6f2@group-6C24881946A3-LeaderElection209] INFO  impl.LeaderElection (LeaderElection.java:askForVotes(178)) - d30cfae4-72b5-4ec1-a6ad-4fabcec0d6f2@group-6C24881946A3-LeaderElection209: begin an election at term 6 for -1: [e7c9b6e5-8734-4888-9a82-5562d6bfa950:192.168.30.33:44869, d30cfae4-72b5-4ec1-a6ad-4fabcec0d6f2:192.168.30.33:40495, f7391afe-e883-4b58-900a-eef83ef5e847:192.168.30.33:36496], old=null
2019-10-04 13:46:56,879 [34bb4e64-1059-4030-8a56-fd9416faa756@group-B080C88A3813-LeaderElection204] INFO  impl.LeaderElection (LeaderElection.java:askForVotes(178)) - 34bb4e64-1059-4030-8a56-fd9416faa756@group-B080C88A3813-LeaderElection204: begin an election at term 7 for -1: [1acd4a7f-a859-40e1-8534-5adb5341c727:192.168.30.33:43799, 34bb4e64-1059-4030-8a56-fd9416faa756:192.168.30.33:39854, 870a27db-da30-4d61-a408-9d113e1c9716:192.168.30.33:42515], old=null
2019-10-04 13:46:56,885 [34bb4e64-1059-4030-8a56-fd9416faa756@group-B080C88A3813-LeaderElection204] INFO  impl.LeaderElection (LeaderElection.java:logAndReturn(56)) - 34bb4e64-1059-4030-8a56-fd9416faa756@group-B080C88A3813-LeaderElection204: Election REJECTED; received 2 response(s) [34bb4e64-1059-4030-8a56-fd9416faa756<-1acd4a7f-a859-40e1-8534-5adb5341c727#0:FAIL-t7, 34bb4e64-1059-4030-8a56-fd9416faa756<-870a27db-da30-4d61-a408-9d113e1c9716#0:FAIL-t7] and 0 exception(s); 34bb4e64-1059-4030-8a56-fd9416faa756@group-B080C88A3813:t7, leader=null, voted=34bb4e64-1059-4030-8a56-fd9416faa756, raftlog=34bb4e64-1059-4030-8a56-fd9416faa756@group-B080C88A3813-SegmentedRaftLog:OPENED:c-1,f-1,i0, conf=-1: [1acd4a7f-a859-40e1-8534-5adb5341c727:192.168.30.33:43799, 34bb4e64-1059-4030-8a56-fd9416faa756:192.168.30.33:39854, 870a27db-da30-4d61-a408-9d113e1c9716:192.168.30.33:42515], old=null
2019-10-04 13:46:56,885 [34bb4e64-1059-4030-8a56-fd9416faa756@group-B080C88A3813-LeaderElection204] INFO  impl.RaftServerImpl (RaftServerImpl.java:setRole(170)) - 34bb4e64-1059-4030-8a56-fd9416faa756@group-B080C88A3813: changes role from CANDIDATE to FOLLOWER at term 7 for DISCOVERED_A_NEW_TERM
2019-10-04 13:46:56,885 [34bb4e64-1059-4030-8a56-fd9416faa756@group-B080C88A3813-LeaderElection204] INFO  impl.RoleInfo (RoleInfo.java:shutdownLeaderElection(134)) - 34bb4e64-1059-4030-8a56-fd9416faa756: shutdown LeaderElection
2019-10-04 13:46:56,885 [34bb4e64-1059-4030-8a56-fd9416faa756@group-B080C88A3813-LeaderElection204] INFO  impl.RoleInfo (RoleInfo.java:updateAndGet(143)) - 34bb4e64-1059-4030-8a56-fd9416faa756: start FollowerState
2019-10-04 13:46:56,885 [f7391afe-e883-4b58-900a-eef83ef5e847@group-6C24881946A3-LeaderElection207] INFO  impl.LeaderElection (LeaderElection.java:logAndReturn(56)) - f7391afe-e883-4b58-900a-eef83ef5e847@group-6C24881946A3-LeaderElection207: Election REJECTED; received 2 response(s) [f7391afe-e883-4b58-900a-eef83ef5e847<-e7c9b6e5-8734-4888-9a82-5562d6bfa950#0:FAIL-t6, f7391afe-e883-4b58-900a-eef83ef5e847<-d30cfae4-72b5-4ec1-a6ad-4fabcec0d6f2#0:FAIL-t6] and 0 exception(s); f7391afe-e883-4b58-900a-eef83ef5e847@group-6C24881946A3:t6, leader=null, voted=f7391afe-e883-4b58-900a-eef83ef5e847, raftlog=f7391afe-e883-4b58-900a-eef83ef5e847@group-6C24881946A3-SegmentedRaftLog:OPENED:c-1,f-1,i0, conf=-1: [e7c9b6e5-8734-4888-9a82-5562d6bfa950:192.168.30.33:44869, d30cfae4-72b5-4ec1-a6ad-4fabcec0d6f2:192.168.30.33:40495, f7391afe-e883-4b58-900a-eef83ef5e847:192.168.30.33:36496], old=null
2019-10-04 13:46:56,886 [f7391afe-e883-4b58-900a-eef83ef5e847@group-6C24881946A3-LeaderElection207] INFO  impl.RaftServerImpl (RaftServerImpl.java:setRole(170)) - f7391afe-e883-4b58-900a-eef83ef5e847@group-6C24881946A3: changes role from CANDIDATE to FOLLOWER at term 6 for DISCOVERED_A_NEW_TERM
2019-10-04 13:46:56,886 [1acd4a7f-a859-40e1-8534-5adb5341c727@group-B080C88A3813-LeaderElection206] INFO  impl.LeaderElection (LeaderElection.java:logAndReturn(56)) - 1acd4a7f-a859-40e1-8534-5adb5341c727@group-B080C88A3813-LeaderElection206: Election REJECTED; received 2 response(s) [1acd4a7f-a859-40e1-8534-5adb5341c727<-34bb4e64-1059-4030-8a56-fd9416faa756#0:FAIL-t7, 1acd4a7f-a859-40e1-8534-5adb5341c727<-870a27db-da30-4d61-a408-9d113e1c9716#0:FAIL-t7] and 0 exception(s); 1acd4a7f-a859-40e1-8534-5adb5341c727@group-B080C88A3813:t7, leader=null, voted=1acd4a7f-a859-40e1-8534-5adb5341c727, raftlog=1acd4a7f-a859-40e1-8534-5adb5341c727@group-B080C88A3813-SegmentedRaftLog:OPENED:c-1,f-1,i0, conf=-1: [1acd4a7f-a859-40e1-8534-5adb5341c727:192.168.30.33:43799, 34bb4e64-1059-4030-8a56-fd9416faa756:192.168.30.33:39854, 870a27db-da30-4d61-a408-9d113e1c9716:192.168.30.33:42515], old=null
2019-10-04 13:46:56,886 [e7c9b6e5-8734-4888-9a82-5562d6bfa950@group-6C24881946A3-LeaderElection205] INFO  impl.LeaderElection (LeaderElection.java:logAndReturn(56)) - e7c9b6e5-8734-4888-9a82-5562d6bfa950@group-6C24881946A3-LeaderElection205: Election REJECTED; received 2 response(s) [e7c9b6e5-8734-4888-9a82-5562d6bfa950<-d30cfae4-72b5-4ec1-a6ad-4fabcec0d6f2#0:FAIL-t6, e7c9b6e5-8734-4888-9a82-5562d6bfa950<-f7391afe-e883-4b58-900a-eef83ef5e847#0:FAIL-t6] and 0 exception(s); e7c9b6e5-8734-4888-9a82-5562d6bfa950@group-6C24881946A3:t6, leader=null, voted=e7c9b6e5-8734-4888-9a82-5562d6bfa950, raftlog=e7c9b6e5-8734-4888-9a82-5562d6bfa950@group-6C24881946A3-SegmentedRaftLog:OPENED:c-1,f-1,i0, conf=-1: [e7c9b6e5-8734-4888-9a82-5562d6bfa950:192.168.30.33:44869, d30cfae4-72b5-4ec1-a6ad-4fabcec0d6f2:192.168.30.33:40495, f7391afe-e883-4b58-900a-eef83ef5e847:192.168.30.33:36496], old=null
2019-10-04 13:46:56,886 [d30cfae4-72b5-4ec1-a6ad-4fabcec0d6f2@group-6C24881946A3-LeaderElection209] INFO  impl.LeaderElection (LeaderElection.java:logAndReturn(56)) - d30cfae4-72b5-4ec1-a6ad-4fabcec0d6f2@group-6C24881946A3-LeaderElection209: Election REJECTED; received 2 response(s) [d30cfae4-72b5-4ec1-a6ad-4fabcec0d6f2<-e7c9b6e5-8734-4888-9a82-5562d6bfa950#0:FAIL-t6, d30cfae4-72b5-4ec1-a6ad-4fabcec0d6f2<-f7391afe-e883-4b58-900a-eef83ef5e847#0:FAIL-t6] and 0 exception(s); d30cfae4-72b5-4ec1-a6ad-4fabcec0d6f2@group-6C24881946A3:t6, leader=null, voted=d30cfae4-72b5-4ec1-a6ad-4fabcec0d6f2, raftlog=d30cfae4-72b5-4ec1-a6ad-4fabcec0d6f2@group-6C24881946A3-SegmentedRaftLog:OPENED:c-1,f-1,i0, conf=-1: [e7c9b6e5-8734-4888-9a82-5562d6bfa950:192.168.30.33:44869, d30cfae4-72b5-4ec1-a6ad-4fabcec0d6f2:192.168.30.33:40495, f7391afe-e883-4b58-900a-eef83ef5e847:192.168.30.33:36496], old=null
2019-10-04 13:46:56,886 [f7391afe-e883-4b58-900a-eef83ef5e847@group-6C24881946A3-LeaderElection207] INFO  impl.RoleInfo (RoleInfo.java:shutdownLeaderElection(134)) - f7391afe-e883-4b58-900a-eef83ef5e847: shutdown LeaderElection
2019-10-04 13:46:56,886 [870a27db-da30-4d61-a408-9d113e1c9716@group-B080C88A3813-LeaderElection208] INFO  impl.LeaderElection (LeaderElection.java:logAndReturn(56)) - 870a27db-da30-4d61-a408-9d113e1c9716@group-B080C88A3813-LeaderElection208: Election REJECTED; received 2 response(s) [870a27db-da30-4d61-a408-9d113e1c9716<-1acd4a7f-a859-40e1-8534-5adb5341c727#0:FAIL-t7, 870a27db-da30-4d61-a408-9d113e1c9716<-34bb4e64-1059-4030-8a56-fd9416faa756#0:FAIL-t7] and 0 exception(s); 870a27db-da30-4d61-a408-9d113e1c9716@group-B080C88A3813:t7, leader=null, voted=870a27db-da30-4d61-a408-9d113e1c9716, raftlog=870a27db-da30-4d61-a408-9d113e1c9716@group-B080C88A3813-SegmentedRaftLog:OPENED:c-1,f-1,i0, conf=-1: [1acd4a7f-a859-40e1-8534-5adb5341c727:192.168.30.33:43799, 34bb4e64-1059-4030-8a56-fd9416faa756:192.168.30.33:39854, 870a27db-da30-4d61-a408-9d113e1c9716:192.168.30.33:42515], old=null
2019-10-04 13:46:56,886 [d30cfae4-72b5-4ec1-a6ad-4fabcec0d6f2@group-6C24881946A3-LeaderElection209] INFO  impl.RaftServerImpl (RaftServerImpl.java:setRole(170)) - d30cfae4-72b5-4ec1-a6ad-4fabcec0d6f2@group-6C24881946A3: changes role from CANDIDATE to FOLLOWER at term 6 for DISCOVERED_A_NEW_TERM
2019-10-04 13:46:56,887 [d30cfae4-72b5-4ec1-a6ad-4fabcec0d6f2@group-6C24881946A3-LeaderElection209] INFO  impl.RoleInfo (RoleInfo.java:shutdownLeaderElection(134)) - d30cfae4-72b5-4ec1-a6ad-4fabcec0d6f2: shutdown LeaderElection
2019-10-04 13:46:56,886 [e7c9b6e5-8734-4888-9a82-5562d6bfa950@group-6C24881946A3-LeaderElection205] INFO  impl.RaftServerImpl (RaftServerImpl.java:setRole(170)) - e7c9b6e5-8734-4888-9a82-5562d6bfa950@group-6C24881946A3: changes role from CANDIDATE to FOLLOWER at term 6 for DISCOVERED_A_NEW_TERM
2019-10-04 13:46:56,886 [1acd4a7f-a859-40e1-8534-5adb5341c727@group-B080C88A3813-LeaderElection206] INFO  impl.RaftServerImpl (RaftServerImpl.java:setRole(170)) - 1acd4a7f-a859-40e1-8534-5adb5341c727@group-B080C88A3813: changes role from CANDIDATE to FOLLOWER at term 7 for DISCOVERED_A_NEW_TERM
2019-10-04 13:46:56,887 [e7c9b6e5-8734-4888-9a82-5562d6bfa950@group-6C24881946A3-LeaderElection205] INFO  impl.RoleInfo (RoleInfo.java:shutdownLeaderElection(134)) - e7c9b6e5-8734-4888-9a82-5562d6bfa950: shutdown LeaderElection
2019-10-04 13:46:56,887 [d30cfae4-72b5-4ec1-a6ad-4fabcec0d6f2@group-6C24881946A3-LeaderElection209] INFO  impl.RoleInfo (RoleInfo.java:updateAndGet(143)) - d30cfae4-72b5-4ec1-a6ad-4fabcec0d6f2: start FollowerState
2019-10-04 13:46:56,886 [870a27db-da30-4d61-a408-9d113e1c9716@group-B080C88A3813-LeaderElection208] INFO  impl.RaftServerImpl (RaftServerImpl.java:setRole(170)) - 870a27db-da30-4d61-a408-9d113e1c9716@group-B080C88A3813: changes role from CANDIDATE to FOLLOWER at term 7 for DISCOVERED_A_NEW_TERM
2019-10-04 13:46:56,886 [f7391afe-e883-4b58-900a-eef83ef5e847@group-6C24881946A3-LeaderElection207] INFO  impl.RoleInfo (RoleInfo.java:updateAndGet(143)) - f7391afe-e883-4b58-900a-eef83ef5e847: start FollowerState
2019-10-04 13:46:56,887 [870a27db-da30-4d61-a408-9d113e1c9716@group-B080C88A3813-LeaderElection208] INFO  impl.RoleInfo (RoleInfo.java:shutdownLeaderElection(134)) - 870a27db-da30-4d61-a408-9d113e1c9716: shutdown LeaderElection
2019-10-04 13:46:56,887 [e7c9b6e5-8734-4888-9a82-5562d6bfa950@group-6C24881946A3-LeaderElection205] INFO  impl.RoleInfo (RoleInfo.java:updateAndGet(143)) - e7c9b6e5-8734-4888-9a82-5562d6bfa950: start FollowerState
2019-10-04 13:46:56,887 [1acd4a7f-a859-40e1-8534-5adb5341c727@group-B080C88A3813-LeaderElection206] INFO  impl.RoleInfo (RoleInfo.java:shutdownLeaderElection(134)) - 1acd4a7f-a859-40e1-8534-5adb5341c727: shutdown LeaderElection
2019-10-04 13:46:56,888 [870a27db-da30-4d61-a408-9d113e1c9716@group-B080C88A3813-LeaderElection208] INFO  impl.RoleInfo (RoleInfo.java:updateAndGet(143)) - 870a27db-da30-4d61-a408-9d113e1c9716: start FollowerState
2019-10-04 13:46:56,888 [1acd4a7f-a859-40e1-8534-5adb5341c727@group-B080C88A3813-LeaderElection206] INFO  impl.RoleInfo (RoleInfo.java:updateAndGet(143)) - 1acd4a7f-a859-40e1-8534-5adb5341c727: start FollowerState
2019-10-04 13:46:57,894 [Thread-3818] INFO  impl.FollowerState (FollowerState.java:run(108)) - 1acd4a7f-a859-40e1-8534-5adb5341c727@group-B080C88A3813-FollowerState: change to CANDIDATE, lastRpcTime:1005ms, electionTimeout:1005ms
2019-10-04 13:46:57,894 [Thread-3818] INFO  impl.RoleInfo (RoleInfo.java:shutdownFollowerState(121)) - 1acd4a7f-a859-40e1-8534-5adb5341c727: shutdown FollowerState
2019-10-04 13:46:57,894 [Thread-3818] INFO  impl.RaftServerImpl (RaftServerImpl.java:setRole(170)) - 1acd4a7f-a859-40e1-8534-5adb5341c727@group-B080C88A3813: changes role from  FOLLOWER to CANDIDATE at term 7 for changeToCandidate
2019-10-04 13:46:57,894 [Thread-3817] INFO  impl.FollowerState (FollowerState.java:run(108)) - 870a27db-da30-4d61-a408-9d113e1c9716@group-B080C88A3813-FollowerState: change to CANDIDATE, lastRpcTime:1006ms, electionTimeout:1006ms
2019-10-04 13:46:57,894 [Thread-3817] INFO  impl.RoleInfo (RoleInfo.java:shutdownFollowerState(121)) - 870a27db-da30-4d61-a408-9d113e1c9716: shutdown FollowerState
2019-10-04 13:46:57,895 [Thread-3818] INFO  impl.RoleInfo (RoleInfo.java:updateAndGet(143)) - 1acd4a7f-a859-40e1-8534-5adb5341c727: start LeaderElection
2019-10-04 13:46:57,895 [Thread-3817] INFO  impl.RaftServerImpl (RaftServerImpl.java:setRole(170)) - 870a27db-da30-4d61-a408-9d113e1c9716@group-B080C88A3813: changes role from  FOLLOWER to CANDIDATE at term 7 for changeToCandidate
2019-10-04 13:46:57,895 [Thread-3817] INFO  impl.RoleInfo (RoleInfo.java:updateAndGet(143)) - 870a27db-da30-4d61-a408-9d113e1c9716: start LeaderElection
2019-10-04 13:46:57,896 [Thread-3813] INFO  impl.FollowerState (FollowerState.java:run(108)) - 34bb4e64-1059-4030-8a56-fd9416faa756@group-B080C88A3813-FollowerState: change to CANDIDATE, lastRpcTime:1010ms, electionTimeout:1010ms
2019-10-04 13:46:57,896 [Thread-3813] INFO  impl.RoleInfo (RoleInfo.java:shutdownFollowerState(121)) - 34bb4e64-1059-4030-8a56-fd9416faa756: shutdown FollowerState
2019-10-04 13:46:57,897 [Thread-3813] INFO  impl.RaftServerImpl (RaftServerImpl.java:setRole(170)) - 34bb4e64-1059-4030-8a56-fd9416faa756@group-B080C88A3813: changes role from  FOLLOWER to CANDIDATE at term 7 for changeToCandidate
2019-10-04 13:46:57,897 [Thread-3813] INFO  impl.RoleInfo (RoleInfo.java:updateAndGet(143)) - 34bb4e64-1059-4030-8a56-fd9416faa756: start LeaderElection
2019-10-04 13:46:57,985 [Thread-3815] INFO  impl.FollowerState (FollowerState.java:run(108)) - d30cfae4-72b5-4ec1-a6ad-4fabcec0d6f2@group-6C24881946A3-FollowerState: change to CANDIDATE, lastRpcTime:1098ms, electionTimeout:1097ms
2019-10-04 13:46:57,985 [Thread-3815] INFO  impl.RoleInfo (RoleInfo.java:shutdownFollowerState(121)) - d30cfae4-72b5-4ec1-a6ad-4fabcec0d6f2: shutdown FollowerState
2019-10-04 13:46:57,985 [Thread-3815] INFO  impl.RaftServerImpl (RaftServerImpl.java:setRole(170)) - d30cfae4-72b5-4ec1-a6ad-4fabcec0d6f2@group-6C24881946A3: changes role from  FOLLOWER to CANDIDATE at term 6 for changeToCandidate
2019-10-04 13:46:57,985 [Thread-3815] INFO  impl.RoleInfo (RoleInfo.java:updateAndGet(143)) - d30cfae4-72b5-4ec1-a6ad-4fabcec0d6f2: start LeaderElection
2019-10-04 13:46:57,998 [Thread-3816] INFO  impl.FollowerState (FollowerState.java:run(108)) - e7c9b6e5-8734-4888-9a82-5562d6bfa950@group-6C24881946A3-FollowerState: change to CANDIDATE, lastRpcTime:1111ms, electionTimeout:1110ms
2019-10-04 13:46:57,998 [Thread-3816] INFO  impl.RoleInfo (RoleInfo.java:shutdownFollowerState(121)) - e7c9b6e5-8734-4888-9a82-5562d6bfa950: shutdown FollowerState
2019-10-04 13:46:57,999 [Thread-3816] INFO  impl.RaftServerImpl (RaftServerImpl.java:setRole(170)) - e7c9b6e5-8734-4888-9a82-5562d6bfa950@group-6C24881946A3: changes role from  FOLLOWER to CANDIDATE at term 6 for changeToCandidate
2019-10-04 13:46:57,999 [Thread-3816] INFO  impl.RoleInfo (RoleInfo.java:updateAndGet(143)) - e7c9b6e5-8734-4888-9a82-5562d6bfa950: start LeaderElection
2019-10-04 13:46:58,042 [Thread-3814] INFO  impl.FollowerState (FollowerState.java:run(108)) - f7391afe-e883-4b58-900a-eef83ef5e847@group-6C24881946A3-FollowerState: change to CANDIDATE, lastRpcTime:1155ms, electionTimeout:1154ms
2019-10-04 13:46:58,042 [Thread-3814] INFO  impl.RoleInfo (RoleInfo.java:shutdownFollowerState(121)) - f7391afe-e883-4b58-900a-eef83ef5e847: shutdown FollowerState
2019-10-04 13:46:58,042 [Thread-3814] INFO  impl.RaftServerImpl (RaftServerImpl.java:setRole(170)) - f7391afe-e883-4b58-900a-eef83ef5e847@group-6C24881946A3: changes role from  FOLLOWER to CANDIDATE at term 6 for changeToCandidate
2019-10-04 13:46:58,043 [Thread-3814] INFO  impl.RoleInfo (RoleInfo.java:updateAndGet(143)) - f7391afe-e883-4b58-900a-eef83ef5e847: start LeaderElection
2019-10-04 13:46:58,057 [abf7bc81-30d5-42c0-a0af-45d0cecf5915@group-39017AAFEA81-LeaderElection185] INFO  impl.LeaderElection (LeaderElection.java:logAndReturn(56)) - abf7bc81-30d5-42c0-a0af-45d0cecf5915@group-39017AAFEA81-LeaderElection185: Election TIMEOUT; received 0 response(s) [] and 0 exception(s); abf7bc81-30d5-42c0-a0af-45d0cecf5915@group-39017AAFEA81:t11, leader=null, voted=abf7bc81-30d5-42c0-a0af-45d0cecf5915, raftlog=abf7bc81-30d5-42c0-a0af-45d0cecf5915@group-39017AAFEA81-SegmentedRaftLog:OPENED:c-1,f-1,i0, conf=-1: [4da2f670-0e5c-4bde-934c-3cd05d8a50a4:192.168.30.33:45990, a9f2dbb7-43c3-4367-8346-947b48bd4d79:192.168.30.33:34618, abf7bc81-30d5-42c0-a0af-45d0cecf5915:192.168.30.33:35055], old=null
2019-10-04 13:46:59,689 [a9f2dbb7-43c3-4367-8346-947b48bd4d79@group-39017AAFEA81-LeaderElection183] INFO  impl.LeaderElection (LeaderElection.java:askForVotes(178)) - a9f2dbb7-43c3-4367-8346-947b48bd4d79@group-39017AAFEA81-LeaderElection183: begin an election at term 12 for -1: [4da2f670-0e5c-4bde-934c-3cd05d8a50a4:192.168.30.33:45990, a9f2dbb7-43c3-4367-8346-947b48bd4d79:192.168.30.33:34618, abf7bc81-30d5-42c0-a0af-45d0cecf5915:192.168.30.33:35055], old=null
2019-10-04 13:46:59,689 [4da2f670-0e5c-4bde-934c-3cd05d8a50a4@group-39017AAFEA81-LeaderElection184] INFO  impl.LeaderElection (LeaderElection.java:askForVotes(178)) - 4da2f670-0e5c-4bde-934c-3cd05d8a50a4@group-39017AAFEA81-LeaderElection184: begin an election at term 12 for -1: [4da2f670-0e5c-4bde-934c-3cd05d8a50a4:192.168.30.33:45990, a9f2dbb7-43c3-4367-8346-947b48bd4d79:192.168.30.33:34618, abf7bc81-30d5-42c0-a0af-45d0cecf5915:192.168.30.33:35055], old=null
2019-10-04 13:47:00,823 [4da2f670-0e5c-4bde-934c-3cd05d8a50a4@group-39017AAFEA81-LeaderElection184] INFO  impl.LeaderElection (LeaderElection.java:logAndReturn(56)) - 4da2f670-0e5c-4bde-934c-3cd05d8a50a4@group-39017AAFEA81-LeaderElection184: Election TIMEOUT; received 1 response(s) [4da2f670-0e5c-4bde-934c-3cd05d8a50a4<-a9f2dbb7-43c3-4367-8346-947b48bd4d79#0:FAIL-t12] and 0 exception(s); 4da2f670-0e5c-4bde-934c-3cd05d8a50a4@group-39017AAFEA81:t12, leader=null, voted=4da2f670-0e5c-4bde-934c-3cd05d8a50a4, raftlog=4da2f670-0e5c-4bde-934c-3cd05d8a50a4@group-39017AAFEA81-SegmentedRaftLog:OPENED:c-1,f-1,i0, conf=-1: [4da2f670-0e5c-4bde-934c-3cd05d8a50a4:192.168.30.33:45990, a9f2dbb7-43c3-4367-8346-947b48bd4d79:192.168.30.33:34618, abf7bc81-30d5-42c0-a0af-45d0cecf5915:192.168.30.33:35055], old=null
2019-10-04 13:47:00,834 [a9f2dbb7-43c3-4367-8346-947b48bd4d79@group-39017AAFEA81-LeaderElection183] INFO  impl.LeaderElection (LeaderElection.java:logAndReturn(56)) - a9f2dbb7-43c3-4367-8346-947b48bd4d79@group-39017AAFEA81-LeaderElection183: Election TIMEOUT; received 1 response(s) [a9f2dbb7-43c3-4367-8346-947b48bd4d79<-4da2f670-0e5c-4bde-934c-3cd05d8a50a4#0:FAIL-t12] and 0 exception(s); a9f2dbb7-43c3-4367-8346-947b48bd4d79@group-39017AAFEA81:t12, leader=null, voted=a9f2dbb7-43c3-4367-8346-947b48bd4d79, raftlog=a9f2dbb7-43c3-4367-8346-947b48bd4d79@group-39017AAFEA81-SegmentedRaftLog:OPENED:c-1,f-1,i0, conf=-1: [4da2f670-0e5c-4bde-934c-3cd05d8a50a4:192.168.30.33:45990, a9f2dbb7-43c3-4367-8346-947b48bd4d79:192.168.30.33:34618, abf7bc81-30d5-42c0-a0af-45d0cecf5915:192.168.30.33:35055], old=null
2019-10-04 13:47:01,631 [f7391afe-e883-4b58-900a-eef83ef5e847@group-6C24881946A3-LeaderElection215] INFO  impl.LeaderElection (LeaderElection.java:askForVotes(178)) - f7391afe-e883-4b58-900a-eef83ef5e847@group-6C24881946A3-LeaderElection215: begin an election at term 7 for -1: [e7c9b6e5-8734-4888-9a82-5562d6bfa950:192.168.30.33:44869, d30cfae4-72b5-4ec1-a6ad-4fabcec0d6f2:192.168.30.33:40495, f7391afe-e883-4b58-900a-eef83ef5e847:192.168.30.33:36496], old=null
2019-10-04 13:47:01,631 [d30cfae4-72b5-4ec1-a6ad-4fabcec0d6f2@group-6C24881946A3-LeaderElection213] INFO  impl.LeaderElection (LeaderElection.java:askForVotes(178)) - d30cfae4-72b5-4ec1-a6ad-4fabcec0d6f2@group-6C24881946A3-LeaderElection213: begin an election at term 7 for -1: [e7c9b6e5-8734-4888-9a82-5562d6bfa950:192.168.30.33:44869, d30cfae4-72b5-4ec1-a6ad-4fabcec0d6f2:192.168.30.33:40495, f7391afe-e883-4b58-900a-eef83ef5e847:192.168.30.33:36496], old=null
2019-10-04 13:47:01,631 [870a27db-da30-4d61-a408-9d113e1c9716@group-B080C88A3813-LeaderElection211] INFO  impl.LeaderElection (LeaderElection.java:askForVotes(178)) - 870a27db-da30-4d61-a408-9d113e1c9716@group-B080C88A3813-LeaderElection211: begin an election at term 8 for -1: [1acd4a7f-a859-40e1-8534-5adb5341c727:192.168.30.33:43799, 34bb4e64-1059-4030-8a56-fd9416faa756:192.168.30.33:39854, 870a27db-da30-4d61-a408-9d113e1c9716:192.168.30.33:42515], old=null
2019-10-04 13:47:01,631 [34bb4e64-1059-4030-8a56-fd9416faa756@group-B080C88A3813-LeaderElection212] INFO  impl.LeaderElection (LeaderElection.java:askForVotes(178)) - 34bb4e64-1059-4030-8a56-fd9416faa756@group-B080C88A3813-LeaderElection212: begin an election at term 8 for -1: [1acd4a7f-a859-40e1-8534-5adb5341c727:192.168.30.33:43799, 34bb4e64-1059-4030-8a56-fd9416faa756:192.168.30.33:39854, 870a27db-da30-4d61-a408-9d113e1c9716:192.168.30.33:42515], old=null
2019-10-04 13:47:01,631 [abf7bc81-30d5-42c0-a0af-45d0cecf5915@group-39017AAFEA81-LeaderElection185] INFO  impl.LeaderElection (LeaderElection.java:askForVotes(178)) - abf7bc81-30d5-42c0-a0af-45d0cecf5915@group-39017AAFEA81-LeaderElection185: begin an election at term 12 for -1: [4da2f670-0e5c-4bde-934c-3cd05d8a50a4:192.168.30.33:45990, a9f2dbb7-43c3-4367-8346-947b48bd4d79:192.168.30.33:34618, abf7bc81-30d5-42c0-a0af-45d0cecf5915:192.168.30.33:35055], old=null
2019-10-04 13:47:01,631 [1acd4a7f-a859-40e1-8534-5adb5341c727@group-B080C88A3813-LeaderElection210] INFO  impl.LeaderElection (LeaderElection.java:askForVotes(178)) - 1acd4a7f-a859-40e1-8534-5adb5341c727@group-B080C88A3813-LeaderElection210: begin an election at term 8 for -1: [1acd4a7f-a859-40e1-8534-5adb5341c727:192.168.30.33:43799, 34bb4e64-1059-4030-8a56-fd9416faa756:192.168.30.33:39854, 870a27db-da30-4d61-a408-9d113e1c9716:192.168.30.33:42515], old=null
2019-10-04 13:47:01,631 [e7c9b6e5-8734-4888-9a82-5562d6bfa950@group-6C24881946A3-LeaderElection214] INFO  impl.LeaderElection (LeaderElection.java:askForVotes(178)) - e7c9b6e5-8734-4888-9a82-5562d6bfa950@group-6C24881946A3-LeaderElection214: begin an election at term 7 for -1: [e7c9b6e5-8734-4888-9a82-5562d6bfa950:192.168.30.33:44869, d30cfae4-72b5-4ec1-a6ad-4fabcec0d6f2:192.168.30.33:40495, f7391afe-e883-4b58-900a-eef83ef5e847:192.168.30.33:36496], old=null
2019-10-04 13:47:01,637 [f7391afe-e883-4b58-900a-eef83ef5e847@group-6C24881946A3-LeaderElection215] INFO  impl.LeaderElection (LeaderElection.java:logAndReturn(56)) - f7391afe-e883-4b58-900a-eef83ef5e847@group-6C24881946A3-LeaderElection215: Election REJECTED; received 2 response(s) [f7391afe-e883-4b58-900a-eef83ef5e847<-e7c9b6e5-8734-4888-9a82-5562d6bfa950#0:FAIL-t7, f7391afe-e883-4b58-900a-eef83ef5e847<-d30cfae4-72b5-4ec1-a6ad-4fabcec0d6f2#0:FAIL-t7] and 0 exception(s); f7391afe-e883-4b58-900a-eef83ef5e847@group-6C24881946A3:t7, leader=null, voted=f7391afe-e883-4b58-900a-eef83ef5e847, raftlog=f7391afe-e883-4b58-900a-eef83ef5e847@group-6C24881946A3-SegmentedRaftLog:OPENED:c-1,f-1,i0, conf=-1: [e7c9b6e5-8734-4888-9a82-5562d6bfa950:192.168.30.33:44869, d30cfae4-72b5-4ec1-a6ad-4fabcec0d6f2:192.168.30.33:40495, f7391afe-e883-4b58-900a-eef83ef5e847:192.168.30.33:36496], old=null
2019-10-04 13:47:01,637 [f7391afe-e883-4b58-900a-eef83ef5e847@group-6C24881946A3-LeaderElection215] INFO  impl.RaftServerImpl (RaftServerImpl.java:setRole(170)) - f7391afe-e883-4b58-900a-eef83ef5e847@group-6C24881946A3: changes role from CANDIDATE to FOLLOWER at term 7 for DISCOVERED_A_NEW_TERM
2019-10-04 13:47:01,637 [1acd4a7f-a859-40e1-8534-5adb5341c727@group-B080C88A3813-LeaderElection210] INFO  impl.LeaderElection (LeaderElection.java:logAndReturn(56)) - 1acd4a7f-a859-40e1-8534-5adb5341c727@group-B080C88A3813-LeaderElection210: Election REJECTED; received 2 response(s) [1acd4a7f-a859-40e1-8534-5adb5341c727<-34bb4e64-1059-4030-8a56-fd9416faa756#0:FAIL-t8, 1acd4a7f-a859-40e1-8534-5adb5341c727<-870a27db-da30-4d61-a408-9d113e1c9716#0:FAIL-t8] and 0 exception(s); 1acd4a7f-a859-40e1-8534-5adb5341c727@group-B080C88A3813:t8, leader=null, voted=1acd4a7f-a859-40e1-8534-5adb5341c727, raftlog=1acd4a7f-a859-40e1-8534-5adb5341c727@group-B080C88A3813-SegmentedRaftLog:OPENED:c-1,f-1,i0, conf=-1: [1acd4a7f-a859-40e1-8534-5adb5341c727:192.168.30.33:43799, 34bb4e64-1059-4030-8a56-fd9416faa756:192.168.30.33:39854, 870a27db-da30-4d61-a408-9d113e1c9716:192.168.30.33:42515], old=null
2019-10-04 13:47:01,637 [f7391afe-e883-4b58-900a-eef83ef5e847@group-6C24881946A3-LeaderElection215] INFO  impl.RoleInfo (RoleInfo.java:shutdownLeaderElection(134)) - f7391afe-e883-4b58-900a-eef83ef5e847: shutdown LeaderElection
2019-10-04 13:47:01,637 [1acd4a7f-a859-40e1-8534-5adb5341c727@group-B080C88A3813-LeaderElection210] INFO  impl.RaftServerImpl (RaftServerImpl.java:setRole(170)) - 1acd4a7f-a859-40e1-8534-5adb5341c727@group-B080C88A3813: changes role from CANDIDATE to FOLLOWER at term 8 for DISCOVERED_A_NEW_TERM
2019-10-04 13:47:01,637 [1acd4a7f-a859-40e1-8534-5adb5341c727@group-B080C88A3813-LeaderElection210] INFO  impl.RoleInfo (RoleInfo.java:shutdownLeaderElection(134)) - 1acd4a7f-a859-40e1-8534-5adb5341c727: shutdown LeaderElection
2019-10-04 13:47:01,638 [1acd4a7f-a859-40e1-8534-5adb5341c727@group-B080C88A3813-LeaderElection210] INFO  impl.RoleInfo (RoleInfo.java:updateAndGet(143)) - 1acd4a7f-a859-40e1-8534-5adb5341c727: start FollowerState
2019-10-04 13:47:01,638 [f7391afe-e883-4b58-900a-eef83ef5e847@group-6C24881946A3-LeaderElection215] INFO  impl.RoleInfo (RoleInfo.java:updateAndGet(143)) - f7391afe-e883-4b58-900a-eef83ef5e847: start FollowerState
2019-10-04 13:47:01,638 [d30cfae4-72b5-4ec1-a6ad-4fabcec0d6f2@group-6C24881946A3-LeaderElection213] INFO  impl.LeaderElection (LeaderElection.java:logAndReturn(56)) - d30cfae4-72b5-4ec1-a6ad-4fabcec0d6f2@group-6C24881946A3-LeaderElection213: Election REJECTED; received 2 response(s) [d30cfae4-72b5-4ec1-a6ad-4fabcec0d6f2<-e7c9b6e5-8734-4888-9a82-5562d6bfa950#0:FAIL-t7, d30cfae4-72b5-4ec1-a6ad-4fabcec0d6f2<-f7391afe-e883-4b58-900a-eef83ef5e847#0:FAIL-t7] and 0 exception(s); d30cfae4-72b5-4ec1-a6ad-4fabcec0d6f2@group-6C24881946A3:t7, leader=null, voted=d30cfae4-72b5-4ec1-a6ad-4fabcec0d6f2, raftlog=d30cfae4-72b5-4ec1-a6ad-4fabcec0d6f2@group-6C24881946A3-SegmentedRaftLog:OPENED:c-1,f-1,i0, conf=-1: [e7c9b6e5-8734-4888-9a82-5562d6bfa950:192.168.30.33:44869, d30cfae4-72b5-4ec1-a6ad-4fabcec0d6f2:192.168.30.33:40495, f7391afe-e883-4b58-900a-eef83ef5e847:192.168.30.33:36496], old=null
2019-10-04 13:47:01,638 [d30cfae4-72b5-4ec1-a6ad-4fabcec0d6f2@group-6C24881946A3-LeaderElection213] INFO  impl.RaftServerImpl (RaftServerImpl.java:setRole(170)) - d30cfae4-72b5-4ec1-a6ad-4fabcec0d6f2@group-6C24881946A3: changes role from CANDIDATE to FOLLOWER at term 7 for DISCOVERED_A_NEW_TERM
2019-10-04 13:47:01,639 [870a27db-da30-4d61-a408-9d113e1c9716@group-B080C88A3813-LeaderElection211] INFO  impl.LeaderElection (LeaderElection.java:logAndReturn(56)) - 870a27db-da30-4d61-a408-9d113e1c9716@group-B080C88A3813-LeaderElection211: Election REJECTED; received 2 response(s) [870a27db-da30-4d61-a408-9d113e1c9716<-1acd4a7f-a859-40e1-8534-5adb5341c727#0:FAIL-t8, 870a27db-da30-4d61-a408-9d113e1c9716<-34bb4e64-1059-4030-8a56-fd9416faa756#0:FAIL-t8] and 0 exception(s); 870a27db-da30-4d61-a408-9d113e1c9716@group-B080C88A3813:t8, leader=null, voted=870a27db-da30-4d61-a408-9d113e1c9716, raftlog=870a27db-da30-4d61-a408-9d113e1c9716@group-B080C88A3813-SegmentedRaftLog:OPENED:c-1,f-1,i0, conf=-1: [1acd4a7f-a859-40e1-8534-5adb5341c727:192.168.30.33:43799, 34bb4e64-1059-4030-8a56-fd9416faa756:192.168.30.33:39854, 870a27db-da30-4d61-a408-9d113e1c9716:192.168.30.33:42515], old=null
2019-10-04 13:47:01,639 [d30cfae4-72b5-4ec1-a6ad-4fabcec0d6f2@group-6C24881946A3-LeaderElection213] INFO  impl.RoleInfo (RoleInfo.java:shutdownLeaderElection(134)) - d30cfae4-72b5-4ec1-a6ad-4fabcec0d6f2: shutdown LeaderElection
2019-10-04 13:47:01,639 [870a27db-da30-4d61-a408-9d113e1c9716@group-B080C88A3813-LeaderElection211] INFO  impl.RaftServerImpl (RaftServerImpl.java:setRole(170)) - 870a27db-da30-4d61-a408-9d113e1c9716@group-B080C88A3813: changes role from CANDIDATE to FOLLOWER at term 8 for DISCOVERED_A_NEW_TERM
2019-10-04 13:47:01,639 [34bb4e64-1059-4030-8a56-fd9416faa756@group-B080C88A3813-LeaderElection212] INFO  impl.LeaderElection (LeaderElection.java:logAndReturn(56)) - 34bb4e64-1059-4030-8a56-fd9416faa756@group-B080C88A3813-LeaderElection212: Election REJECTED; received 2 response(s) [34bb4e64-1059-4030-8a56-fd9416faa756<-1acd4a7f-a859-40e1-8534-5adb5341c727#0:FAIL-t8, 34bb4e64-1059-4030-8a56-fd9416faa756<-870a27db-da30-4d61-a408-9d113e1c9716#0:FAIL-t8] and 0 exception(s); 34bb4e64-1059-4030-8a56-fd9416faa756@group-B080C88A3813:t8, leader=null, voted=34bb4e64-1059-4030-8a56-fd9416faa756, raftlog=34bb4e64-1059-4030-8a56-fd9416faa756@group-B080C88A3813-SegmentedRaftLog:OPENED:c-1,f-1,i0, conf=-1: [1acd4a7f-a859-40e1-8534-5adb5341c727:192.168.30.33:43799, 34bb4e64-1059-4030-8a56-fd9416faa756:192.168.30.33:39854, 870a27db-da30-4d61-a408-9d113e1c9716:192.168.30.33:42515], old=null
2019-10-04 13:47:01,639 [d30cfae4-72b5-4ec1-a6ad-4fabcec0d6f2@group-6C24881946A3-LeaderElection213] INFO  impl.RoleInfo (RoleInfo.java:updateAndGet(143)) - d30cfae4-72b5-4ec1-a6ad-4fabcec0d6f2: start FollowerState
2019-10-04 13:47:01,639 [34bb4e64-1059-4030-8a56-fd9416faa756@group-B080C88A3813-LeaderElection212] INFO  impl.RaftServerImpl (RaftServerImpl.java:setRole(170)) - 34bb4e64-1059-4030-8a56-fd9416faa756@group-B080C88A3813: changes role from CANDIDATE to FOLLOWER at term 8 for DISCOVERED_A_NEW_TERM
2019-10-04 13:47:01,640 [34bb4e64-1059-4030-8a56-fd9416faa756@group-B080C88A3813-LeaderElection212] INFO  impl.RoleInfo (RoleInfo.java:shutdownLeaderElection(134)) - 34bb4e64-1059-4030-8a56-fd9416faa756: shutdown LeaderElection
2019-10-04 13:47:01,639 [e7c9b6e5-8734-4888-9a82-5562d6bfa950@group-6C24881946A3-LeaderElection214] INFO  impl.LeaderElection (LeaderElection.java:logAndReturn(56)) - e7c9b6e5-8734-4888-9a82-5562d6bfa950@group-6C24881946A3-LeaderElection214: Election REJECTED; received 2 response(s) [e7c9b6e5-8734-4888-9a82-5562d6bfa950<-d30cfae4-72b5-4ec1-a6ad-4fabcec0d6f2#0:FAIL-t7, e7c9b6e5-8734-4888-9a82-5562d6bfa950<-f7391afe-e883-4b58-900a-eef83ef5e847#0:FAIL-t7] and 0 exception(s); e7c9b6e5-8734-4888-9a82-5562d6bfa950@group-6C24881946A3:t7, leader=null, voted=e7c9b6e5-8734-4888-9a82-5562d6bfa950, raftlog=e7c9b6e5-8734-4888-9a82-5562d6bfa950@group-6C24881946A3-SegmentedRaftLog:OPENED:c-1,f-1,i0, conf=-1: [e7c9b6e5-8734-4888-9a82-5562d6bfa950:192.168.30.33:44869, d30cfae4-72b5-4ec1-a6ad-4fabcec0d6f2:192.168.30.33:40495, f7391afe-e883-4b58-900a-eef83ef5e847:192.168.30.33:36496], old=null
2019-10-04 13:47:01,639 [870a27db-da30-4d61-a408-9d113e1c9716@group-B080C88A3813-LeaderElection211] INFO  impl.RoleInfo (RoleInfo.java:shutdownLeaderElection(134)) - 870a27db-da30-4d61-a408-9d113e1c9716: shutdown LeaderElection
2019-10-04 13:47:01,640 [e7c9b6e5-8734-4888-9a82-5562d6bfa950@group-6C24881946A3-LeaderElection214] INFO  impl.RaftServerImpl (RaftServerImpl.java:setRole(170)) - e7c9b6e5-8734-4888-9a82-5562d6bfa950@group-6C24881946A3: changes role from CANDIDATE to FOLLOWER at term 7 for DISCOVERED_A_NEW_TERM
2019-10-04 13:47:01,640 [34bb4e64-1059-4030-8a56-fd9416faa756@group-B080C88A3813-LeaderElection212] INFO  impl.RoleInfo (RoleInfo.java:updateAndGet(143)) - 34bb4e64-1059-4030-8a56-fd9416faa756: start FollowerState
2019-10-04 13:47:01,640 [e7c9b6e5-8734-4888-9a82-5562d6bfa950@group-6C24881946A3-LeaderElection214] INFO  impl.RoleInfo (RoleInfo.java:shutdownLeaderElection(134)) - e7c9b6e5-8734-4888-9a82-5562d6bfa950: shutdown LeaderElection
2019-10-04 13:47:01,640 [870a27db-da30-4d61-a408-9d113e1c9716@group-B080C88A3813-LeaderElection211] INFO  impl.RoleInfo (RoleInfo.java:updateAndGet(143)) - 870a27db-da30-4d61-a408-9d113e1c9716: start FollowerState
2019-10-04 13:47:01,641 [e7c9b6e5-8734-4888-9a82-5562d6bfa950@group-6C24881946A3-LeaderElection214] INFO  impl.RoleInfo (RoleInfo.java:updateAndGet(143)) - e7c9b6e5-8734-4888-9a82-5562d6bfa950: start FollowerState
2019-10-04 13:47:02,639 [abf7bc81-30d5-42c0-a0af-45d0cecf5915@group-39017AAFEA81-LeaderElection185] INFO  impl.LeaderElection (LeaderElection.java:logAndReturn(56)) - abf7bc81-30d5-42c0-a0af-45d0cecf5915@group-39017AAFEA81-LeaderElection185: Election TIMEOUT; received 0 response(s) [] and 0 exception(s); abf7bc81-30d5-42c0-a0af-45d0cecf5915@group-39017AAFEA81:t12, leader=null, voted=abf7bc81-30d5-42c0-a0af-45d0cecf5915, raftlog=abf7bc81-30d5-42c0-a0af-45d0cecf5915@group-39017AAFEA81-SegmentedRaftLog:OPENED:c-1,f-1,i0, conf=-1: [4da2f670-0e5c-4bde-934c-3cd05d8a50a4:192.168.30.33:45990, a9f2dbb7-43c3-4367-8346-947b48bd4d79:192.168.30.33:34618, abf7bc81-30d5-42c0-a0af-45d0cecf5915:192.168.30.33:35055], old=null
2019-10-04 13:47:02,639 [Thread-3852] INFO  impl.FollowerState (FollowerState.java:run(108)) - f7391afe-e883-4b58-900a-eef83ef5e847@group-6C24881946A3-FollowerState: change to CANDIDATE, lastRpcTime:1001ms, electionTimeout:1001ms
2019-10-04 13:47:02,640 [Thread-3852] INFO  impl.RoleInfo (RoleInfo.java:shutdownFollowerState(121)) - f7391afe-e883-4b58-900a-eef83ef5e847: shutdown FollowerState
2019-10-04 13:47:02,640 [Thread-3852] INFO  impl.RaftServerImpl (RaftServerImpl.java:setRole(170)) - f7391afe-e883-4b58-900a-eef83ef5e847@group-6C24881946A3: changes role from  FOLLOWER to CANDIDATE at term 7 for changeToCandidate
2019-10-04 13:47:02,640 [Thread-3852] INFO  impl.RoleInfo (RoleInfo.java:updateAndGet(143)) - f7391afe-e883-4b58-900a-eef83ef5e847: start LeaderElection
2019-10-04 13:47:02,669 [Thread-3856] INFO  impl.FollowerState (FollowerState.java:run(108)) - e7c9b6e5-8734-4888-9a82-5562d6bfa950@group-6C24881946A3-FollowerState: change to CANDIDATE, lastRpcTime:1028ms, electionTimeout:1028ms
2019-10-04 13:47:02,669 [Thread-3856] INFO  impl.RoleInfo (RoleInfo.java:shutdownFollowerState(121)) - e7c9b6e5-8734-4888-9a82-5562d6bfa950: shutdown FollowerState
2019-10-04 13:47:02,670 [Thread-3856] INFO  impl.RaftServerImpl (RaftServerImpl.java:setRole(170)) - e7c9b6e5-8734-4888-9a82-5562d6bfa950@group-6C24881946A3: changes role from  FOLLOWER to CANDIDATE at term 7 for changeToCandidate
2019-10-04 13:47:02,670 [Thread-3856] INFO  impl.RoleInfo (RoleInfo.java:updateAndGet(143)) - e7c9b6e5-8734-4888-9a82-5562d6bfa950: start LeaderElection
2019-10-04 13:47:02,710 [Thread-3854] INFO  impl.FollowerState (FollowerState.java:run(108)) - 34bb4e64-1059-4030-8a56-fd9416faa756@group-B080C88A3813-FollowerState: change to CANDIDATE, lastRpcTime:1070ms, electionTimeout:1069ms
2019-10-04 13:47:02,710 [Thread-3854] INFO  impl.RoleInfo (RoleInfo.java:shutdownFollowerState(121)) - 34bb4e64-1059-4030-8a56-fd9416faa756: shutdown FollowerState
2019-10-04 13:47:02,710 [Thread-3854] INFO  impl.RaftServerImpl (RaftServerImpl.java:setRole(170)) - 34bb4e64-1059-4030-8a56-fd9416faa756@group-B080C88A3813: changes role from  FOLLOWER to CANDIDATE at term 8 for changeToCandidate
2019-10-04 13:47:02,710 [Thread-3854] INFO  impl.RoleInfo (RoleInfo.java:updateAndGet(143)) - 34bb4e64-1059-4030-8a56-fd9416faa756: start LeaderElection
2019-10-04 13:47:02,749 [main] WARN  io.KeyOutputStream (KeyOutputStream.java:handleException(274)) - Encountered exception java.io.IOException: Unexpected Storage Container Exception: java.util.concurrent.CompletionException: java.util.concurrent.CompletionException: org.apache.ratis.protocol.RaftRetryFailureException: Failed RaftClientRequest:client-6C643E29D4AA->870a27db-da30-4d61-a408-9d113e1c9716@group-B080C88A3813, cid=123, seq=1*, RW, org.apache.hadoop.hdds.scm.XceiverClientRatis$$Lambda$543/509654105@7f6bf58d for 10 attempts with RetryLimited(maxAttempts=10, sleepTime=1000ms) on the pipeline Pipeline[ Id: dc5b2a50-9bb3-4523-abb0-b080c88a3813, Nodes: 1acd4a7f-a859-40e1-8534-5adb5341c727{ip: 192.168.30.33, host: pr-hdds-2233-hr7xq-248966361, networkLocation: /rack1, certSerialId: null}870a27db-da30-4d61-a408-9d113e1c9716{ip: 192.168.30.33, host: pr-hdds-2233-hr7xq-248966361, networkLocation: /rack1, certSerialId: null}34bb4e64-1059-4030-8a56-fd9416faa756{ip: 192.168.30.33, host: pr-hdds-2233-hr7xq-248966361, networkLocation: /rack1, certSerialId: null}, Type:RATIS, Factor:THREE, State:OPEN]. The last committed block length is 0, uncommitted data length is 1048576 retry count 0
2019-10-04 13:47:02,772 [IPC Server handler 1 on 42892] WARN  block.BlockManagerImpl (BlockManagerImpl.java:allocateBlock(192)) - Pipeline creation failed for type:RATIS factor:THREE. Retrying get pipelines call once.
org.apache.hadoop.hdds.scm.pipeline.InsufficientDatanodesException: Cannot create pipeline of factor 3 using 1 nodes.
	at org.apache.hadoop.hdds.scm.pipeline.RatisPipelineProvider.create(RatisPipelineProvider.java:153)
	at org.apache.hadoop.hdds.scm.pipeline.PipelineFactory.create(PipelineFactory.java:58)
	at org.apache.hadoop.hdds.scm.pipeline.SCMPipelineManager.createPipeline(SCMPipelineManager.java:155)
	at org.apache.hadoop.hdds.scm.block.BlockManagerImpl.allocateBlock(BlockManagerImpl.java:190)
	at org.apache.hadoop.hdds.scm.server.SCMBlockProtocolServer.allocateBlock(SCMBlockProtocolServer.java:182)
	at org.apache.hadoop.hdds.scm.protocol.ScmBlockLocationProtocolServerSideTranslatorPB.allocateScmBlock(ScmBlockLocationProtocolServerSideTranslatorPB.java:159)
	at org.apache.hadoop.hdds.scm.protocol.ScmBlockLocationProtocolServerSideTranslatorPB.processMessage(ScmBlockLocationProtocolServerSideTranslatorPB.java:117)
	at org.apache.hadoop.hdds.server.OzoneProtocolMessageDispatcher.processRequest(OzoneProtocolMessageDispatcher.java:72)
	at org.apache.hadoop.hdds.scm.protocol.ScmBlockLocationProtocolServerSideTranslatorPB.send(ScmBlockLocationProtocolServerSideTranslatorPB.java:98)
	at org.apache.hadoop.hdds.protocol.proto.ScmBlockLocationProtocolProtos$ScmBlockLocationProtocolService$2.callBlockingMethod(ScmBlockLocationProtocolProtos.java:13157)
	at org.apache.hadoop.ipc.ProtobufRpcEngine$Server$ProtoBufRpcInvoker.call(ProtobufRpcEngine.java:524)
	at org.apache.hadoop.ipc.RPC$Server.call(RPC.java:1025)
	at org.apache.hadoop.ipc.Server$RpcCall.run(Server.java:876)
	at org.apache.hadoop.ipc.Server$RpcCall.run(Server.java:822)
	at java.security.AccessController.doPrivileged(Native Method)
	at javax.security.auth.Subject.doAs(Subject.java:422)
	at org.apache.hadoop.security.UserGroupInformation.doAs(UserGroupInformation.java:1730)
	at org.apache.hadoop.ipc.Server$Handler.run(Server.java:2682)
2019-10-04 13:47:02,779 [IPC Server handler 1 on 42892] INFO  block.BlockManagerImpl (BlockManagerImpl.java:allocateBlock(198)) - Could not find available pipeline of type:RATIS and factor:THREE even after retrying
2019-10-04 13:47:02,779 [IPC Server handler 1 on 42892] ERROR block.BlockManagerImpl (BlockManagerImpl.java:allocateBlock(222)) - Unable to allocate a block for the size: 4194304, type: RATIS, factor: THREE
2019-10-04 13:47:02,784 [main] ERROR io.BlockOutputStreamEntryPool (BlockOutputStreamEntryPool.java:allocateBlockIfNeeded(307)) - Try to allocate more blocks for write failed, already allocated 0 blocks for this write.
INTERNAL_ERROR org.apache.hadoop.ozone.om.exceptions.OMException: Allocated 0 blocks. Requested 1 blocks
	at org.apache.hadoop.ozone.om.protocolPB.OzoneManagerProtocolClientSideTranslatorPB.handleError(OzoneManagerProtocolClientSideTranslatorPB.java:732)
	at org.apache.hadoop.ozone.om.protocolPB.OzoneManagerProtocolClientSideTranslatorPB.allocateBlock(OzoneManagerProtocolClientSideTranslatorPB.java:764)
	at sun.reflect.NativeMethodAccessorImpl.invoke0(Native Method)
	at sun.reflect.NativeMethodAccessorImpl.invoke(NativeMethodAccessorImpl.java:62)
	at sun.reflect.DelegatingMethodAccessorImpl.invoke(DelegatingMethodAccessorImpl.java:43)
	at java.lang.reflect.Method.invoke(Method.java:498)
	at org.apache.hadoop.hdds.tracing.TraceAllMethod.invoke(TraceAllMethod.java:66)
	at com.sun.proxy.$Proxy36.allocateBlock(Unknown Source)
	at org.apache.hadoop.ozone.client.io.BlockOutputStreamEntryPool.allocateNewBlock(BlockOutputStreamEntryPool.java:256)
	at org.apache.hadoop.ozone.client.io.BlockOutputStreamEntryPool.allocateBlockIfNeeded(BlockOutputStreamEntryPool.java:304)
	at org.apache.hadoop.ozone.client.io.KeyOutputStream.handleWrite(KeyOutputStream.java:198)
	at org.apache.hadoop.ozone.client.io.KeyOutputStream.handleRetry(KeyOutputStream.java:375)
	at org.apache.hadoop.ozone.client.io.KeyOutputStream.handleException(KeyOutputStream.java:324)
	at org.apache.hadoop.ozone.client.io.KeyOutputStream.handleFlushOrClose(KeyOutputStream.java:449)
	at org.apache.hadoop.ozone.client.io.KeyOutputStream.flush(KeyOutputStream.java:397)
	at org.apache.hadoop.ozone.client.io.OzoneOutputStream.flush(OzoneOutputStream.java:54)
	at org.apache.hadoop.ozone.client.rpc.TestFailureHandlingByClient.testDatanodeExclusionWithMajorityCommit(TestFailureHandlingByClient.java:299)
	at sun.reflect.NativeMethodAccessorImpl.invoke0(Native Method)
	at sun.reflect.NativeMethodAccessorImpl.invoke(NativeMethodAccessorImpl.java:62)
	at sun.reflect.DelegatingMethodAccessorImpl.invoke(DelegatingMethodAccessorImpl.java:43)
	at java.lang.reflect.Method.invoke(Method.java:498)
	at org.junit.runners.model.FrameworkMethod$1.runReflectiveCall(FrameworkMethod.java:47)
	at org.junit.internal.runners.model.ReflectiveCallable.run(ReflectiveCallable.java:12)
	at org.junit.runners.model.FrameworkMethod.invokeExplosively(FrameworkMethod.java:44)
	at org.junit.internal.runners.statements.InvokeMethod.evaluate(InvokeMethod.java:17)
	at org.junit.internal.runners.statements.RunAfters.evaluate(RunAfters.java:27)
	at org.junit.runners.ParentRunner.runLeaf(ParentRunner.java:271)
	at org.junit.runners.BlockJUnit4ClassRunner.runChild(BlockJUnit4ClassRunner.java:70)
	at org.junit.runners.BlockJUnit4ClassRunner.runChild(BlockJUnit4ClassRunner.java:50)
	at org.junit.runners.ParentRunner$3.run(ParentRunner.java:238)
	at org.junit.runners.ParentRunner$1.schedule(ParentRunner.java:63)
	at org.junit.runners.ParentRunner.runChildren(ParentRunner.java:236)
	at org.junit.runners.ParentRunner.access$000(ParentRunner.java:53)
	at org.junit.runners.ParentRunner$2.evaluate(ParentRunner.java:229)
	at org.junit.runners.ParentRunner.run(ParentRunner.java:309)
	at org.apache.maven.surefire.junit4.JUnit4Provider.execute(JUnit4Provider.java:365)
	at org.apache.maven.surefire.junit4.JUnit4Provider.executeWithRerun(JUnit4Provider.java:273)
	at org.apache.maven.surefire.junit4.JUnit4Provider.executeTestSet(JUnit4Provider.java:238)
	at org.apache.maven.surefire.junit4.JUnit4Provider.invoke(JUnit4Provider.java:159)
	at org.apache.maven.surefire.booter.ForkedBooter.invokeProviderInSameClassLoader(ForkedBooter.java:384)
	at org.apache.maven.surefire.booter.ForkedBooter.runSuitesInProcess(ForkedBooter.java:345)
	at org.apache.maven.surefire.booter.ForkedBooter.execute(ForkedBooter.java:126)
	at org.apache.maven.surefire.booter.ForkedBooter.main(ForkedBooter.java:418)
2019-10-04 13:47:02,785 [main] INFO  ozone.MiniOzoneClusterImpl (MiniOzoneClusterImpl.java:shutdown(314)) - Shutting down the Mini Ozone Cluster
2019-10-04 13:47:02,785 [main] INFO  ozone.MiniOzoneClusterImpl (MiniOzoneClusterImpl.java:stop(330)) - Stopping the Mini Ozone Cluster
2019-10-04 13:47:02,785 [main] INFO  ozone.MiniOzoneClusterImpl (MiniOzoneClusterImpl.java:stopOM(400)) - Stopping the OzoneManager
2019-10-04 13:47:02,786 [main] INFO  ipc.Server (Server.java:stop(3082)) - Stopping server on 44546
2019-10-04 13:47:02,794 [Thread-3853] INFO  impl.FollowerState (FollowerState.java:run(108)) - d30cfae4-72b5-4ec1-a6ad-4fabcec0d6f2@group-6C24881946A3-FollowerState: change to CANDIDATE, lastRpcTime:1155ms, electionTimeout:1153ms
2019-10-04 13:47:02,805 [main] INFO  ratis.OzoneManagerDoubleBuffer (OzoneManagerDoubleBuffer.java:stop(248)) - Stopping OMDoubleBuffer flush thread
2019-10-04 13:47:02,805 [IPC Server Responder] INFO  ipc.Server (Server.java:run(1319)) - Stopping IPC Server Responder
2019-10-04 13:47:02,805 [IPC Server listener on 44546] INFO  ipc.Server (Server.java:run(1185)) - Stopping IPC Server listener on 44546
2019-10-04 13:47:02,805 [Thread-3853] INFO  impl.RoleInfo (RoleInfo.java:shutdownFollowerState(121)) - d30cfae4-72b5-4ec1-a6ad-4fabcec0d6f2: shutdown FollowerState
2019-10-04 13:47:02,835 [Thread-3851] INFO  impl.FollowerState (FollowerState.java:run(108)) - 1acd4a7f-a859-40e1-8534-5adb5341c727@group-B080C88A3813-FollowerState: change to CANDIDATE, lastRpcTime:1197ms, electionTimeout:1188ms
2019-10-04 13:47:02,844 [Thread-3851] INFO  impl.RoleInfo (RoleInfo.java:shutdownFollowerState(121)) - 1acd4a7f-a859-40e1-8534-5adb5341c727: shutdown FollowerState
2019-10-04 13:47:02,813 [OMDoubleBufferFlushThread] INFO  ratis.OzoneManagerDoubleBuffer (OzoneManagerDoubleBuffer.java:flushTransactions(191)) - OMDoubleBuffer flush thread OMDoubleBufferFlushThread is interrupted and will exit. OMDoubleBufferFlushThread
2019-10-04 13:47:02,844 [Thread-3851] INFO  impl.RaftServerImpl (RaftServerImpl.java:setRole(170)) - 1acd4a7f-a859-40e1-8534-5adb5341c727@group-B080C88A3813: changes role from  FOLLOWER to CANDIDATE at term 8 for changeToCandidate
2019-10-04 13:47:02,844 [Thread-3855] INFO  impl.FollowerState (FollowerState.java:run(108)) - 870a27db-da30-4d61-a408-9d113e1c9716@group-B080C88A3813-FollowerState: change to CANDIDATE, lastRpcTime:1203ms, electionTimeout:1199ms
2019-10-04 13:47:02,835 [Thread-3853] INFO  impl.RaftServerImpl (RaftServerImpl.java:setRole(170)) - d30cfae4-72b5-4ec1-a6ad-4fabcec0d6f2@group-6C24881946A3: changes role from  FOLLOWER to CANDIDATE at term 7 for changeToCandidate
2019-10-04 13:47:02,844 [Thread-3855] INFO  impl.RoleInfo (RoleInfo.java:shutdownFollowerState(121)) - 870a27db-da30-4d61-a408-9d113e1c9716: shutdown FollowerState
2019-10-04 13:47:02,844 [main] INFO  utils.BackgroundService (BackgroundService.java:shutdown(148)) - Shutting down service KeyDeletingService
2019-10-04 13:47:02,844 [Thread-3851] INFO  impl.RoleInfo (RoleInfo.java:updateAndGet(143)) - 1acd4a7f-a859-40e1-8534-5adb5341c727: start LeaderElection
2019-10-04 13:47:02,844 [Thread-3855] INFO  impl.RaftServerImpl (RaftServerImpl.java:setRole(170)) - 870a27db-da30-4d61-a408-9d113e1c9716@group-B080C88A3813: changes role from  FOLLOWER to CANDIDATE at term 8 for changeToCandidate
2019-10-04 13:47:02,844 [Thread-3853] INFO  impl.RoleInfo (RoleInfo.java:updateAndGet(143)) - d30cfae4-72b5-4ec1-a6ad-4fabcec0d6f2: start LeaderElection
2019-10-04 13:47:02,845 [Thread-3855] INFO  impl.RoleInfo (RoleInfo.java:updateAndGet(143)) - 870a27db-da30-4d61-a408-9d113e1c9716: start LeaderElection
2019-10-04 13:47:02,846 [main] INFO  handler.ContextHandler (ContextHandler.java:doStop(910)) - Stopped o.e.j.w.WebAppContext@1b30a54e{/,null,UNAVAILABLE}{/ozoneManager}
2019-10-04 13:47:02,847 [main] INFO  server.AbstractConnector (AbstractConnector.java:doStop(318)) - Stopped ServerConnector@26275b46{HTTP/1.1,[http/1.1]}{0.0.0.0:0}
2019-10-04 13:47:02,847 [main] INFO  handler.ContextHandler (ContextHandler.java:doStop(910)) - Stopped o.e.j.s.ServletContextHandler@38cfecf3{/static,file:///workdir/hadoop-ozone/integration-test/target/test-classes/webapps/static,UNAVAILABLE}
2019-10-04 13:47:02,848 [main] INFO  handler.ContextHandler (ContextHandler.java:doStop(910)) - Stopped o.e.j.s.ServletContextHandler@66756662{/logs,file:///workdir/hadoop-ozone/integration-test/target/log,UNAVAILABLE}
2019-10-04 13:47:02,850 [main] INFO  ozone.MiniOzoneClusterImpl (MiniOzoneClusterImpl.java:stopDatanodes(377)) - Stopping the HddsDatanodes
2019-10-04 13:47:03,567 [Datanode State Machine Thread - 0] INFO  statemachine.DatanodeStateMachine (DatanodeStateMachine.java:lambda$startDaemon$0(350)) - Ozone container server started.
2019-10-04 13:47:03,783 [Datanode State Machine Thread - 0] INFO  statemachine.DatanodeStateMachine (DatanodeStateMachine.java:lambda$startDaemon$0(350)) - Ozone container server started.
2019-10-04 13:47:03,950 [a9f2dbb7-43c3-4367-8346-947b48bd4d79@group-39017AAFEA81-LeaderElection183] INFO  impl.LeaderElection (LeaderElection.java:askForVotes(178)) - a9f2dbb7-43c3-4367-8346-947b48bd4d79@group-39017AAFEA81-LeaderElection183: begin an election at term 13 for -1: [4da2f670-0e5c-4bde-934c-3cd05d8a50a4:192.168.30.33:45990, a9f2dbb7-43c3-4367-8346-947b48bd4d79:192.168.30.33:34618, abf7bc81-30d5-42c0-a0af-45d0cecf5915:192.168.30.33:35055], old=null
2019-10-04 13:47:03,950 [4da2f670-0e5c-4bde-934c-3cd05d8a50a4@group-39017AAFEA81-LeaderElection184] INFO  impl.LeaderElection (LeaderElection.java:askForVotes(178)) - 4da2f670-0e5c-4bde-934c-3cd05d8a50a4@group-39017AAFEA81-LeaderElection184: begin an election at term 13 for -1: [4da2f670-0e5c-4bde-934c-3cd05d8a50a4:192.168.30.33:45990, a9f2dbb7-43c3-4367-8346-947b48bd4d79:192.168.30.33:34618, abf7bc81-30d5-42c0-a0af-45d0cecf5915:192.168.30.33:35055], old=null
2019-10-04 13:47:04,634 [abf7bc81-30d5-42c0-a0af-45d0cecf5915@group-39017AAFEA81-LeaderElection185] INFO  impl.LeaderElection (LeaderElection.java:askForVotes(178)) - abf7bc81-30d5-42c0-a0af-45d0cecf5915@group-39017AAFEA81-LeaderElection185: begin an election at term 13 for -1: [4da2f670-0e5c-4bde-934c-3cd05d8a50a4:192.168.30.33:45990, a9f2dbb7-43c3-4367-8346-947b48bd4d79:192.168.30.33:34618, abf7bc81-30d5-42c0-a0af-45d0cecf5915:192.168.30.33:35055], old=null
2019-10-04 13:47:04,634 [34bb4e64-1059-4030-8a56-fd9416faa756@group-B080C88A3813-LeaderElection218] INFO  impl.LeaderElection (LeaderElection.java:askForVotes(178)) - 34bb4e64-1059-4030-8a56-fd9416faa756@group-B080C88A3813-LeaderElection218: begin an election at term 9 for -1: [1acd4a7f-a859-40e1-8534-5adb5341c727:192.168.30.33:43799, 34bb4e64-1059-4030-8a56-fd9416faa756:192.168.30.33:39854, 870a27db-da30-4d61-a408-9d113e1c9716:192.168.30.33:42515], old=null
2019-10-04 13:47:04,634 [1acd4a7f-a859-40e1-8534-5adb5341c727@group-B080C88A3813-LeaderElection219] INFO  impl.LeaderElection (LeaderElection.java:askForVotes(178)) - 1acd4a7f-a859-40e1-8534-5adb5341c727@group-B080C88A3813-LeaderElection219: begin an election at term 9 for -1: [1acd4a7f-a859-40e1-8534-5adb5341c727:192.168.30.33:43799, 34bb4e64-1059-4030-8a56-fd9416faa756:192.168.30.33:39854, 870a27db-da30-4d61-a408-9d113e1c9716:192.168.30.33:42515], old=null
2019-10-04 13:47:04,634 [e7c9b6e5-8734-4888-9a82-5562d6bfa950@group-6C24881946A3-LeaderElection217] INFO  impl.LeaderElection (LeaderElection.java:askForVotes(178)) - e7c9b6e5-8734-4888-9a82-5562d6bfa950@group-6C24881946A3-LeaderElection217: begin an election at term 8 for -1: [e7c9b6e5-8734-4888-9a82-5562d6bfa950:192.168.30.33:44869, d30cfae4-72b5-4ec1-a6ad-4fabcec0d6f2:192.168.30.33:40495, f7391afe-e883-4b58-900a-eef83ef5e847:192.168.30.33:36496], old=null
2019-10-04 13:47:04,634 [d30cfae4-72b5-4ec1-a6ad-4fabcec0d6f2@group-6C24881946A3-LeaderElection220] INFO  impl.LeaderElection (LeaderElection.java:askForVotes(178)) - d30cfae4-72b5-4ec1-a6ad-4fabcec0d6f2@group-6C24881946A3-LeaderElection220: begin an election at term 8 for -1: [e7c9b6e5-8734-4888-9a82-5562d6bfa950:192.168.30.33:44869, d30cfae4-72b5-4ec1-a6ad-4fabcec0d6f2:192.168.30.33:40495, f7391afe-e883-4b58-900a-eef83ef5e847:192.168.30.33:36496], old=null
2019-10-04 13:47:04,634 [870a27db-da30-4d61-a408-9d113e1c9716@group-B080C88A3813-LeaderElection221] INFO  impl.LeaderElection (LeaderElection.java:askForVotes(178)) - 870a27db-da30-4d61-a408-9d113e1c9716@group-B080C88A3813-LeaderElection221: begin an election at term 9 for -1: [1acd4a7f-a859-40e1-8534-5adb5341c727:192.168.30.33:43799, 34bb4e64-1059-4030-8a56-fd9416faa756:192.168.30.33:39854, 870a27db-da30-4d61-a408-9d113e1c9716:192.168.30.33:42515], old=null
2019-10-04 13:47:04,635 [a9f2dbb7-43c3-4367-8346-947b48bd4d79@group-39017AAFEA81-LeaderElection183] INFO  impl.LeaderElection (LeaderElection.java:logAndReturn(56)) - a9f2dbb7-43c3-4367-8346-947b48bd4d79@group-39017AAFEA81-LeaderElection183: Election REJECTED; received 2 response(s) [a9f2dbb7-43c3-4367-8346-947b48bd4d79<-4da2f670-0e5c-4bde-934c-3cd05d8a50a4#0:FAIL-t13, a9f2dbb7-43c3-4367-8346-947b48bd4d79<-abf7bc81-30d5-42c0-a0af-45d0cecf5915#0:FAIL-t13] and 0 exception(s); a9f2dbb7-43c3-4367-8346-947b48bd4d79@group-39017AAFEA81:t13, leader=null, voted=a9f2dbb7-43c3-4367-8346-947b48bd4d79, raftlog=a9f2dbb7-43c3-4367-8346-947b48bd4d79@group-39017AAFEA81-SegmentedRaftLog:OPENED:c-1,f-1,i0, conf=-1: [4da2f670-0e5c-4bde-934c-3cd05d8a50a4:192.168.30.33:45990, a9f2dbb7-43c3-4367-8346-947b48bd4d79:192.168.30.33:34618, abf7bc81-30d5-42c0-a0af-45d0cecf5915:192.168.30.33:35055], old=null
2019-10-04 13:47:04,635 [4da2f670-0e5c-4bde-934c-3cd05d8a50a4@group-39017AAFEA81-LeaderElection184] INFO  impl.LeaderElection (LeaderElection.java:logAndReturn(56)) - 4da2f670-0e5c-4bde-934c-3cd05d8a50a4@group-39017AAFEA81-LeaderElection184: Election REJECTED; received 2 response(s) [4da2f670-0e5c-4bde-934c-3cd05d8a50a4<-a9f2dbb7-43c3-4367-8346-947b48bd4d79#0:FAIL-t13, 4da2f670-0e5c-4bde-934c-3cd05d8a50a4<-abf7bc81-30d5-42c0-a0af-45d0cecf5915#0:FAIL-t13] and 0 exception(s); 4da2f670-0e5c-4bde-934c-3cd05d8a50a4@group-39017AAFEA81:t13, leader=null, voted=4da2f670-0e5c-4bde-934c-3cd05d8a50a4, raftlog=4da2f670-0e5c-4bde-934c-3cd05d8a50a4@group-39017AAFEA81-SegmentedRaftLog:OPENED:c-1,f-1,i0, conf=-1: [4da2f670-0e5c-4bde-934c-3cd05d8a50a4:192.168.30.33:45990, a9f2dbb7-43c3-4367-8346-947b48bd4d79:192.168.30.33:34618, abf7bc81-30d5-42c0-a0af-45d0cecf5915:192.168.30.33:35055], old=null
2019-10-04 13:47:04,635 [f7391afe-e883-4b58-900a-eef83ef5e847@group-6C24881946A3-LeaderElection216] INFO  impl.LeaderElection (LeaderElection.java:askForVotes(178)) - f7391afe-e883-4b58-900a-eef83ef5e847@group-6C24881946A3-LeaderElection216: begin an election at term 8 for -1: [e7c9b6e5-8734-4888-9a82-5562d6bfa950:192.168.30.33:44869, d30cfae4-72b5-4ec1-a6ad-4fabcec0d6f2:192.168.30.33:40495, f7391afe-e883-4b58-900a-eef83ef5e847:192.168.30.33:36496], old=null
2019-10-04 13:47:04,636 [4da2f670-0e5c-4bde-934c-3cd05d8a50a4@group-39017AAFEA81-LeaderElection184] INFO  impl.RaftServerImpl (RaftServerImpl.java:setRole(170)) - 4da2f670-0e5c-4bde-934c-3cd05d8a50a4@group-39017AAFEA81: changes role from CANDIDATE to FOLLOWER at term 13 for DISCOVERED_A_NEW_TERM
2019-10-04 13:47:04,636 [a9f2dbb7-43c3-4367-8346-947b48bd4d79@group-39017AAFEA81-LeaderElection183] INFO  impl.RaftServerImpl (RaftServerImpl.java:setRole(170)) - a9f2dbb7-43c3-4367-8346-947b48bd4d79@group-39017AAFEA81: changes role from CANDIDATE to FOLLOWER at term 13 for DISCOVERED_A_NEW_TERM
2019-10-04 13:47:04,637 [4da2f670-0e5c-4bde-934c-3cd05d8a50a4@group-39017AAFEA81-LeaderElection184] INFO  impl.RoleInfo (RoleInfo.java:shutdownLeaderElection(134)) - 4da2f670-0e5c-4bde-934c-3cd05d8a50a4: shutdown LeaderElection
2019-10-04 13:47:04,637 [a9f2dbb7-43c3-4367-8346-947b48bd4d79@group-39017AAFEA81-LeaderElection183] INFO  impl.RoleInfo (RoleInfo.java:shutdownLeaderElection(134)) - a9f2dbb7-43c3-4367-8346-947b48bd4d79: shutdown LeaderElection
2019-10-04 13:47:04,637 [4da2f670-0e5c-4bde-934c-3cd05d8a50a4@group-39017AAFEA81-LeaderElection184] INFO  impl.RoleInfo (RoleInfo.java:updateAndGet(143)) - 4da2f670-0e5c-4bde-934c-3cd05d8a50a4: start FollowerState
2019-10-04 13:47:04,637 [a9f2dbb7-43c3-4367-8346-947b48bd4d79@group-39017AAFEA81-LeaderElection183] INFO  impl.RoleInfo (RoleInfo.java:updateAndGet(143)) - a9f2dbb7-43c3-4367-8346-947b48bd4d79: start FollowerState
2019-10-04 13:47:04,643 [1acd4a7f-a859-40e1-8534-5adb5341c727@group-B080C88A3813-LeaderElection219] INFO  impl.LeaderElection (LeaderElection.java:logAndReturn(56)) - 1acd4a7f-a859-40e1-8534-5adb5341c727@group-B080C88A3813-LeaderElection219: Election REJECTED; received 2 response(s) [1acd4a7f-a859-40e1-8534-5adb5341c727<-34bb4e64-1059-4030-8a56-fd9416faa756#0:FAIL-t9, 1acd4a7f-a859-40e1-8534-5adb5341c727<-870a27db-da30-4d61-a408-9d113e1c9716#0:FAIL-t9] and 0 exception(s); 1acd4a7f-a859-40e1-8534-5adb5341c727@group-B080C88A3813:t9, leader=null, voted=1acd4a7f-a859-40e1-8534-5adb5341c727, raftlog=1acd4a7f-a859-40e1-8534-5adb5341c727@group-B080C88A3813-SegmentedRaftLog:OPENED:c-1,f-1,i0, conf=-1: [1acd4a7f-a859-40e1-8534-5adb5341c727:192.168.30.33:43799, 34bb4e64-1059-4030-8a56-fd9416faa756:192.168.30.33:39854, 870a27db-da30-4d61-a408-9d113e1c9716:192.168.30.33:42515], old=null
2019-10-04 13:47:04,643 [d30cfae4-72b5-4ec1-a6ad-4fabcec0d6f2@group-6C24881946A3-LeaderElection220] INFO  impl.LeaderElection (LeaderElection.java:logAndReturn(56)) - d30cfae4-72b5-4ec1-a6ad-4fabcec0d6f2@group-6C24881946A3-LeaderElection220: Election REJECTED; received 2 response(s) [d30cfae4-72b5-4ec1-a6ad-4fabcec0d6f2<-e7c9b6e5-8734-4888-9a82-5562d6bfa950#0:FAIL-t8, d30cfae4-72b5-4ec1-a6ad-4fabcec0d6f2<-f7391afe-e883-4b58-900a-eef83ef5e847#0:FAIL-t8] and 0 exception(s); d30cfae4-72b5-4ec1-a6ad-4fabcec0d6f2@group-6C24881946A3:t8, leader=null, voted=d30cfae4-72b5-4ec1-a6ad-4fabcec0d6f2, raftlog=d30cfae4-72b5-4ec1-a6ad-4fabcec0d6f2@group-6C24881946A3-SegmentedRaftLog:OPENED:c-1,f-1,i0, conf=-1: [e7c9b6e5-8734-4888-9a82-5562d6bfa950:192.168.30.33:44869, d30cfae4-72b5-4ec1-a6ad-4fabcec0d6f2:192.168.30.33:40495, f7391afe-e883-4b58-900a-eef83ef5e847:192.168.30.33:36496], old=null
2019-10-04 13:47:04,643 [1acd4a7f-a859-40e1-8534-5adb5341c727@group-B080C88A3813-LeaderElection219] INFO  impl.RaftServerImpl (RaftServerImpl.java:setRole(170)) - 1acd4a7f-a859-40e1-8534-5adb5341c727@group-B080C88A3813: changes role from CANDIDATE to FOLLOWER at term 9 for DISCOVERED_A_NEW_TERM
2019-10-04 13:47:04,643 [d30cfae4-72b5-4ec1-a6ad-4fabcec0d6f2@group-6C24881946A3-LeaderElection220] INFO  impl.RaftServerImpl (RaftServerImpl.java:setRole(170)) - d30cfae4-72b5-4ec1-a6ad-4fabcec0d6f2@group-6C24881946A3: changes role from CANDIDATE to FOLLOWER at term 8 for DISCOVERED_A_NEW_TERM
2019-10-04 13:47:04,643 [1acd4a7f-a859-40e1-8534-5adb5341c727@group-B080C88A3813-LeaderElection219] INFO  impl.RoleInfo (RoleInfo.java:shutdownLeaderElection(134)) - 1acd4a7f-a859-40e1-8534-5adb5341c727: shutdown LeaderElection
2019-10-04 13:47:04,644 [d30cfae4-72b5-4ec1-a6ad-4fabcec0d6f2@group-6C24881946A3-LeaderElection220] INFO  impl.RoleInfo (RoleInfo.java:shutdownLeaderElection(134)) - d30cfae4-72b5-4ec1-a6ad-4fabcec0d6f2: shutdown LeaderElection
2019-10-04 13:47:04,643 [870a27db-da30-4d61-a408-9d113e1c9716@group-B080C88A3813-LeaderElection221] INFO  impl.LeaderElection (LeaderElection.java:logAndReturn(56)) - 870a27db-da30-4d61-a408-9d113e1c9716@group-B080C88A3813-LeaderElection221: Election REJECTED; received 2 response(s) [870a27db-da30-4d61-a408-9d113e1c9716<-1acd4a7f-a859-40e1-8534-5adb5341c727#0:FAIL-t9, 870a27db-da30-4d61-a408-9d113e1c9716<-34bb4e64-1059-4030-8a56-fd9416faa756#0:FAIL-t9] and 0 exception(s); 870a27db-da30-4d61-a408-9d113e1c9716@group-B080C88A3813:t9, leader=null, voted=870a27db-da30-4d61-a408-9d113e1c9716, raftlog=870a27db-da30-4d61-a408-9d113e1c9716@group-B080C88A3813-SegmentedRaftLog:OPENED:c-1,f-1,i0, conf=-1: [1acd4a7f-a859-40e1-8534-5adb5341c727:192.168.30.33:43799, 34bb4e64-1059-4030-8a56-fd9416faa756:192.168.30.33:39854, 870a27db-da30-4d61-a408-9d113e1c9716:192.168.30.33:42515], old=null
2019-10-04 13:47:04,644 [e7c9b6e5-8734-4888-9a82-5562d6bfa950@group-6C24881946A3-LeaderElection217] INFO  impl.LeaderElection (LeaderElection.java:logAndReturn(56)) - e7c9b6e5-8734-4888-9a82-5562d6bfa950@group-6C24881946A3-LeaderElection217: Election REJECTED; received 2 response(s) [e7c9b6e5-8734-4888-9a82-5562d6bfa950<-d30cfae4-72b5-4ec1-a6ad-4fabcec0d6f2#0:FAIL-t8, e7c9b6e5-8734-4888-9a82-5562d6bfa950<-f7391afe-e883-4b58-900a-eef83ef5e847#0:FAIL-t8] and 0 exception(s); e7c9b6e5-8734-4888-9a82-5562d6bfa950@group-6C24881946A3:t8, leader=null, voted=e7c9b6e5-8734-4888-9a82-5562d6bfa950, raftlog=e7c9b6e5-8734-4888-9a82-5562d6bfa950@group-6C24881946A3-SegmentedRaftLog:OPENED:c-1,f-1,i0, conf=-1: [e7c9b6e5-8734-4888-9a82-5562d6bfa950:192.168.30.33:44869, d30cfae4-72b5-4ec1-a6ad-4fabcec0d6f2:192.168.30.33:40495, f7391afe-e883-4b58-900a-eef83ef5e847:192.168.30.33:36496], old=null
2019-10-04 13:47:04,644 [abf7bc81-30d5-42c0-a0af-45d0cecf5915@group-39017AAFEA81-LeaderElection185] INFO  impl.LeaderElection (LeaderElection.java:logAndReturn(56)) - abf7bc81-30d5-42c0-a0af-45d0cecf5915@group-39017AAFEA81-LeaderElection185: Election REJECTED; received 2 response(s) [abf7bc81-30d5-42c0-a0af-45d0cecf5915<-4da2f670-0e5c-4bde-934c-3cd05d8a50a4#0:FAIL-t13, abf7bc81-30d5-42c0-a0af-45d0cecf5915<-a9f2dbb7-43c3-4367-8346-947b48bd4d79#0:FAIL-t13] and 0 exception(s); abf7bc81-30d5-42c0-a0af-45d0cecf5915@group-39017AAFEA81:t13, leader=null, voted=abf7bc81-30d5-42c0-a0af-45d0cecf5915, raftlog=abf7bc81-30d5-42c0-a0af-45d0cecf5915@group-39017AAFEA81-SegmentedRaftLog:OPENED:c-1,f-1,i0, conf=-1: [4da2f670-0e5c-4bde-934c-3cd05d8a50a4:192.168.30.33:45990, a9f2dbb7-43c3-4367-8346-947b48bd4d79:192.168.30.33:34618, abf7bc81-30d5-42c0-a0af-45d0cecf5915:192.168.30.33:35055], old=null
2019-10-04 13:47:04,644 [f7391afe-e883-4b58-900a-eef83ef5e847@group-6C24881946A3-LeaderElection216] INFO  impl.LeaderElection (LeaderElection.java:logAndReturn(56)) - f7391afe-e883-4b58-900a-eef83ef5e847@group-6C24881946A3-LeaderElection216: Election REJECTED; received 2 response(s) [f7391afe-e883-4b58-900a-eef83ef5e847<-e7c9b6e5-8734-4888-9a82-5562d6bfa950#0:FAIL-t8, f7391afe-e883-4b58-900a-eef83ef5e847<-d30cfae4-72b5-4ec1-a6ad-4fabcec0d6f2#0:FAIL-t8] and 0 exception(s); f7391afe-e883-4b58-900a-eef83ef5e847@group-6C24881946A3:t8, leader=null, voted=f7391afe-e883-4b58-900a-eef83ef5e847, raftlog=f7391afe-e883-4b58-900a-eef83ef5e847@group-6C24881946A3-SegmentedRaftLog:OPENED:c-1,f-1,i0, conf=-1: [e7c9b6e5-8734-4888-9a82-5562d6bfa950:192.168.30.33:44869, d30cfae4-72b5-4ec1-a6ad-4fabcec0d6f2:192.168.30.33:40495, f7391afe-e883-4b58-900a-eef83ef5e847:192.168.30.33:36496], old=null
2019-10-04 13:47:04,644 [d30cfae4-72b5-4ec1-a6ad-4fabcec0d6f2@group-6C24881946A3-LeaderElection220] INFO  impl.RoleInfo (RoleInfo.java:updateAndGet(143)) - d30cfae4-72b5-4ec1-a6ad-4fabcec0d6f2: start FollowerState
2019-10-04 13:47:04,644 [1acd4a7f-a859-40e1-8534-5adb5341c727@group-B080C88A3813-LeaderElection219] INFO  impl.RoleInfo (RoleInfo.java:updateAndGet(143)) - 1acd4a7f-a859-40e1-8534-5adb5341c727: start FollowerState
2019-10-04 13:47:04,644 [f7391afe-e883-4b58-900a-eef83ef5e847@group-6C24881946A3-LeaderElection216] INFO  impl.RaftServerImpl (RaftServerImpl.java:setRole(170)) - f7391afe-e883-4b58-900a-eef83ef5e847@group-6C24881946A3: changes role from CANDIDATE to FOLLOWER at term 8 for DISCOVERED_A_NEW_TERM
2019-10-04 13:47:04,645 [f7391afe-e883-4b58-900a-eef83ef5e847@group-6C24881946A3-LeaderElection216] INFO  impl.RoleInfo (RoleInfo.java:shutdownLeaderElection(134)) - f7391afe-e883-4b58-900a-eef83ef5e847: shutdown LeaderElection
2019-10-04 13:47:04,644 [abf7bc81-30d5-42c0-a0af-45d0cecf5915@group-39017AAFEA81-LeaderElection185] INFO  impl.RaftServerImpl (RaftServerImpl.java:setRole(170)) - abf7bc81-30d5-42c0-a0af-45d0cecf5915@group-39017AAFEA81: changes role from CANDIDATE to FOLLOWER at term 13 for DISCOVERED_A_NEW_TERM
2019-10-04 13:47:04,645 [abf7bc81-30d5-42c0-a0af-45d0cecf5915@group-39017AAFEA81-LeaderElection185] INFO  impl.RoleInfo (RoleInfo.java:shutdownLeaderElection(134)) - abf7bc81-30d5-42c0-a0af-45d0cecf5915: shutdown LeaderElection
2019-10-04 13:47:04,644 [34bb4e64-1059-4030-8a56-fd9416faa756@group-B080C88A3813-LeaderElection218] INFO  impl.LeaderElection (LeaderElection.java:logAndReturn(56)) - 34bb4e64-1059-4030-8a56-fd9416faa756@group-B080C88A3813-LeaderElection218: Election REJECTED; received 2 response(s) [34bb4e64-1059-4030-8a56-fd9416faa756<-1acd4a7f-a859-40e1-8534-5adb5341c727#0:FAIL-t9, 34bb4e64-1059-4030-8a56-fd9416faa756<-870a27db-da30-4d61-a408-9d113e1c9716#0:FAIL-t9] and 0 exception(s); 34bb4e64-1059-4030-8a56-fd9416faa756@group-B080C88A3813:t9, leader=null, voted=34bb4e64-1059-4030-8a56-fd9416faa756, raftlog=34bb4e64-1059-4030-8a56-fd9416faa756@group-B080C88A3813-SegmentedRaftLog:OPENED:c-1,f-1,i0, conf=-1: [1acd4a7f-a859-40e1-8534-5adb5341c727:192.168.30.33:43799, 34bb4e64-1059-4030-8a56-fd9416faa756:192.168.30.33:39854, 870a27db-da30-4d61-a408-9d113e1c9716:192.168.30.33:42515], old=null
2019-10-04 13:47:04,644 [e7c9b6e5-8734-4888-9a82-5562d6bfa950@group-6C24881946A3-LeaderElection217] INFO  impl.RaftServerImpl (RaftServerImpl.java:setRole(170)) - e7c9b6e5-8734-4888-9a82-5562d6bfa950@group-6C24881946A3: changes role from CANDIDATE to FOLLOWER at term 8 for DISCOVERED_A_NEW_TERM
2019-10-04 13:47:04,645 [e7c9b6e5-8734-4888-9a82-5562d6bfa950@group-6C24881946A3-LeaderElection217] INFO  impl.RoleInfo (RoleInfo.java:shutdownLeaderElection(134)) - e7c9b6e5-8734-4888-9a82-5562d6bfa950: shutdown LeaderElection
2019-10-04 13:47:04,644 [870a27db-da30-4d61-a408-9d113e1c9716@group-B080C88A3813-LeaderElection221] INFO  impl.RaftServerImpl (RaftServerImpl.java:setRole(170)) - 870a27db-da30-4d61-a408-9d113e1c9716@group-B080C88A3813: changes role from CANDIDATE to FOLLOWER at term 9 for DISCOVERED_A_NEW_TERM
2019-10-04 13:47:04,645 [e7c9b6e5-8734-4888-9a82-5562d6bfa950@group-6C24881946A3-LeaderElection217] INFO  impl.RoleInfo (RoleInfo.java:updateAndGet(143)) - e7c9b6e5-8734-4888-9a82-5562d6bfa950: start FollowerState
2019-10-04 13:47:04,645 [34bb4e64-1059-4030-8a56-fd9416faa756@group-B080C88A3813-LeaderElection218] INFO  impl.RaftServerImpl (RaftServerImpl.java:setRole(170)) - 34bb4e64-1059-4030-8a56-fd9416faa756@group-B080C88A3813: changes role from CANDIDATE to FOLLOWER at term 9 for DISCOVERED_A_NEW_TERM
2019-10-04 13:47:04,646 [34bb4e64-1059-4030-8a56-fd9416faa756@group-B080C88A3813-LeaderElection218] INFO  impl.RoleInfo (RoleInfo.java:shutdownLeaderElection(134)) - 34bb4e64-1059-4030-8a56-fd9416faa756: shutdown LeaderElection
2019-10-04 13:47:04,645 [abf7bc81-30d5-42c0-a0af-45d0cecf5915@group-39017AAFEA81-LeaderElection185] INFO  impl.RoleInfo (RoleInfo.java:updateAndGet(143)) - abf7bc81-30d5-42c0-a0af-45d0cecf5915: start FollowerState
2019-10-04 13:47:04,645 [f7391afe-e883-4b58-900a-eef83ef5e847@group-6C24881946A3-LeaderElection216] INFO  impl.RoleInfo (RoleInfo.java:updateAndGet(143)) - f7391afe-e883-4b58-900a-eef83ef5e847: start FollowerState
2019-10-04 13:47:04,646 [34bb4e64-1059-4030-8a56-fd9416faa756@group-B080C88A3813-LeaderElection218] INFO  impl.RoleInfo (RoleInfo.java:updateAndGet(143)) - 34bb4e64-1059-4030-8a56-fd9416faa756: start FollowerState
2019-10-04 13:47:04,645 [870a27db-da30-4d61-a408-9d113e1c9716@group-B080C88A3813-LeaderElection221] INFO  impl.RoleInfo (RoleInfo.java:shutdownLeaderElection(134)) - 870a27db-da30-4d61-a408-9d113e1c9716: shutdown LeaderElection
2019-10-04 13:47:04,646 [870a27db-da30-4d61-a408-9d113e1c9716@group-B080C88A3813-LeaderElection221] INFO  impl.RoleInfo (RoleInfo.java:updateAndGet(143)) - 870a27db-da30-4d61-a408-9d113e1c9716: start FollowerState
2019-10-04 13:47:05,691 [Thread-3891] INFO  impl.FollowerState (FollowerState.java:run(108)) - e7c9b6e5-8734-4888-9a82-5562d6bfa950@group-6C24881946A3-FollowerState: change to CANDIDATE, lastRpcTime:1045ms, electionTimeout:1045ms
2019-10-04 13:47:05,691 [Thread-3891] INFO  impl.RoleInfo (RoleInfo.java:shutdownFollowerState(121)) - e7c9b6e5-8734-4888-9a82-5562d6bfa950: shutdown FollowerState
2019-10-04 13:47:05,691 [Thread-3891] INFO  impl.RaftServerImpl (RaftServerImpl.java:setRole(170)) - e7c9b6e5-8734-4888-9a82-5562d6bfa950@group-6C24881946A3: changes role from  FOLLOWER to CANDIDATE at term 8 for changeToCandidate
2019-10-04 13:47:05,691 [Thread-3891] INFO  impl.RoleInfo (RoleInfo.java:updateAndGet(143)) - e7c9b6e5-8734-4888-9a82-5562d6bfa950: start LeaderElection
2019-10-04 13:47:05,692 [Thread-3889] INFO  impl.FollowerState (FollowerState.java:run(108)) - f7391afe-e883-4b58-900a-eef83ef5e847@group-6C24881946A3-FollowerState: change to CANDIDATE, lastRpcTime:1046ms, electionTimeout:1045ms
2019-10-04 13:47:05,692 [Thread-3889] INFO  impl.RoleInfo (RoleInfo.java:shutdownFollowerState(121)) - f7391afe-e883-4b58-900a-eef83ef5e847: shutdown FollowerState
2019-10-04 13:47:05,692 [Thread-3889] INFO  impl.RaftServerImpl (RaftServerImpl.java:setRole(170)) - f7391afe-e883-4b58-900a-eef83ef5e847@group-6C24881946A3: changes role from  FOLLOWER to CANDIDATE at term 8 for changeToCandidate
2019-10-04 13:47:05,692 [Thread-3889] INFO  impl.RoleInfo (RoleInfo.java:updateAndGet(143)) - f7391afe-e883-4b58-900a-eef83ef5e847: start LeaderElection
2019-10-04 13:47:05,694 [Thread-3883] INFO  impl.FollowerState (FollowerState.java:run(108)) - 4da2f670-0e5c-4bde-934c-3cd05d8a50a4@group-39017AAFEA81-FollowerState: change to CANDIDATE, lastRpcTime:1056ms, electionTimeout:1055ms
2019-10-04 13:47:05,694 [Thread-3883] INFO  impl.RoleInfo (RoleInfo.java:shutdownFollowerState(121)) - 4da2f670-0e5c-4bde-934c-3cd05d8a50a4: shutdown FollowerState
2019-10-04 13:47:05,694 [Thread-3883] INFO  impl.RaftServerImpl (RaftServerImpl.java:setRole(170)) - 4da2f670-0e5c-4bde-934c-3cd05d8a50a4@group-39017AAFEA81: changes role from  FOLLOWER to CANDIDATE at term 13 for changeToCandidate
2019-10-04 13:47:05,694 [Thread-3883] INFO  impl.RoleInfo (RoleInfo.java:updateAndGet(143)) - 4da2f670-0e5c-4bde-934c-3cd05d8a50a4: start LeaderElection
2019-10-04 13:47:05,707 [Thread-3885] INFO  impl.FollowerState (FollowerState.java:run(108)) - a9f2dbb7-43c3-4367-8346-947b48bd4d79@group-39017AAFEA81-FollowerState: change to CANDIDATE, lastRpcTime:1069ms, electionTimeout:1069ms
2019-10-04 13:47:05,707 [Thread-3885] INFO  impl.RoleInfo (RoleInfo.java:shutdownFollowerState(121)) - a9f2dbb7-43c3-4367-8346-947b48bd4d79: shutdown FollowerState
2019-10-04 13:47:05,708 [Thread-3885] INFO  impl.RaftServerImpl (RaftServerImpl.java:setRole(170)) - a9f2dbb7-43c3-4367-8346-947b48bd4d79@group-39017AAFEA81: changes role from  FOLLOWER to CANDIDATE at term 13 for changeToCandidate
2019-10-04 13:47:05,708 [Thread-3885] INFO  impl.RoleInfo (RoleInfo.java:updateAndGet(143)) - a9f2dbb7-43c3-4367-8346-947b48bd4d79: start LeaderElection
2019-10-04 13:47:05,726 [Thread-3892] INFO  impl.FollowerState (FollowerState.java:run(108)) - 34bb4e64-1059-4030-8a56-fd9416faa756@group-B080C88A3813-FollowerState: change to CANDIDATE, lastRpcTime:1079ms, electionTimeout:1079ms
2019-10-04 13:47:05,726 [Thread-3892] INFO  impl.RoleInfo (RoleInfo.java:shutdownFollowerState(121)) - 34bb4e64-1059-4030-8a56-fd9416faa756: shutdown FollowerState
2019-10-04 13:47:05,726 [Thread-3892] INFO  impl.RaftServerImpl (RaftServerImpl.java:setRole(170)) - 34bb4e64-1059-4030-8a56-fd9416faa756@group-B080C88A3813: changes role from  FOLLOWER to CANDIDATE at term 9 for changeToCandidate
2019-10-04 13:47:05,726 [Thread-3892] INFO  impl.RoleInfo (RoleInfo.java:updateAndGet(143)) - 34bb4e64-1059-4030-8a56-fd9416faa756: start LeaderElection
2019-10-04 13:47:05,771 [Thread-3893] INFO  impl.FollowerState (FollowerState.java:run(108)) - 870a27db-da30-4d61-a408-9d113e1c9716@group-B080C88A3813-FollowerState: change to CANDIDATE, lastRpcTime:1124ms, electionTimeout:1124ms
2019-10-04 13:47:05,771 [Thread-3893] INFO  impl.RoleInfo (RoleInfo.java:shutdownFollowerState(121)) - 870a27db-da30-4d61-a408-9d113e1c9716: shutdown FollowerState
2019-10-04 13:47:05,771 [Thread-3893] INFO  impl.RaftServerImpl (RaftServerImpl.java:setRole(170)) - 870a27db-da30-4d61-a408-9d113e1c9716@group-B080C88A3813: changes role from  FOLLOWER to CANDIDATE at term 9 for changeToCandidate
2019-10-04 13:47:05,771 [Thread-3893] INFO  impl.RoleInfo (RoleInfo.java:updateAndGet(143)) - 870a27db-da30-4d61-a408-9d113e1c9716: start LeaderElection
2019-10-04 13:47:05,798 [Thread-3890] INFO  impl.FollowerState (FollowerState.java:run(108)) - abf7bc81-30d5-42c0-a0af-45d0cecf5915@group-39017AAFEA81-FollowerState: change to CANDIDATE, lastRpcTime:1153ms, electionTimeout:1152ms
2019-10-04 13:47:05,799 [Thread-3890] INFO  impl.RoleInfo (RoleInfo.java:shutdownFollowerState(121)) - abf7bc81-30d5-42c0-a0af-45d0cecf5915: shutdown FollowerState
2019-10-04 13:47:05,799 [Thread-3890] INFO  impl.RaftServerImpl (RaftServerImpl.java:setRole(170)) - abf7bc81-30d5-42c0-a0af-45d0cecf5915@group-39017AAFEA81: changes role from  FOLLOWER to CANDIDATE at term 13 for changeToCandidate
2019-10-04 13:47:05,799 [Thread-3890] INFO  impl.RoleInfo (RoleInfo.java:updateAndGet(143)) - abf7bc81-30d5-42c0-a0af-45d0cecf5915: start LeaderElection
2019-10-04 13:47:05,829 [Thread-3888] INFO  impl.FollowerState (FollowerState.java:run(108)) - d30cfae4-72b5-4ec1-a6ad-4fabcec0d6f2@group-6C24881946A3-FollowerState: change to CANDIDATE, lastRpcTime:1185ms, electionTimeout:1184ms
2019-10-04 13:47:05,829 [Thread-3888] INFO  impl.RoleInfo (RoleInfo.java:shutdownFollowerState(121)) - d30cfae4-72b5-4ec1-a6ad-4fabcec0d6f2: shutdown FollowerState
2019-10-04 13:47:05,829 [Thread-3888] INFO  impl.RaftServerImpl (RaftServerImpl.java:setRole(170)) - d30cfae4-72b5-4ec1-a6ad-4fabcec0d6f2@group-6C24881946A3: changes role from  FOLLOWER to CANDIDATE at term 8 for changeToCandidate
2019-10-04 13:47:05,829 [Thread-3888] INFO  impl.RoleInfo (RoleInfo.java:updateAndGet(143)) - d30cfae4-72b5-4ec1-a6ad-4fabcec0d6f2: start LeaderElection
2019-10-04 13:47:05,834 [Thread-3887] INFO  impl.FollowerState (FollowerState.java:run(108)) - 1acd4a7f-a859-40e1-8534-5adb5341c727@group-B080C88A3813-FollowerState: change to CANDIDATE, lastRpcTime:1190ms, electionTimeout:1189ms
2019-10-04 13:47:05,834 [Thread-3887] INFO  impl.RoleInfo (RoleInfo.java:shutdownFollowerState(121)) - 1acd4a7f-a859-40e1-8534-5adb5341c727: shutdown FollowerState
2019-10-04 13:47:05,834 [Thread-3887] INFO  impl.RaftServerImpl (RaftServerImpl.java:setRole(170)) - 1acd4a7f-a859-40e1-8534-5adb5341c727@group-B080C88A3813: changes role from  FOLLOWER to CANDIDATE at term 9 for changeToCandidate
2019-10-04 13:47:05,834 [Thread-3887] INFO  impl.RoleInfo (RoleInfo.java:updateAndGet(143)) - 1acd4a7f-a859-40e1-8534-5adb5341c727: start LeaderElection
2019-10-04 13:47:06,625 [a9f2dbb7-43c3-4367-8346-947b48bd4d79@group-39017AAFEA81-LeaderElection225] INFO  impl.LeaderElection (LeaderElection.java:askForVotes(178)) - a9f2dbb7-43c3-4367-8346-947b48bd4d79@group-39017AAFEA81-LeaderElection225: begin an election at term 14 for -1: [4da2f670-0e5c-4bde-934c-3cd05d8a50a4:192.168.30.33:45990, a9f2dbb7-43c3-4367-8346-947b48bd4d79:192.168.30.33:34618, abf7bc81-30d5-42c0-a0af-45d0cecf5915:192.168.30.33:35055], old=null
2019-10-04 13:47:06,626 [f7391afe-e883-4b58-900a-eef83ef5e847@group-6C24881946A3-LeaderElection223] INFO  impl.LeaderElection (LeaderElection.java:askForVotes(178)) - f7391afe-e883-4b58-900a-eef83ef5e847@group-6C24881946A3-LeaderElection223: begin an election at term 9 for -1: [e7c9b6e5-8734-4888-9a82-5562d6bfa950:192.168.30.33:44869, d30cfae4-72b5-4ec1-a6ad-4fabcec0d6f2:192.168.30.33:40495, f7391afe-e883-4b58-900a-eef83ef5e847:192.168.30.33:36496], old=null
2019-10-04 13:47:06,626 [870a27db-da30-4d61-a408-9d113e1c9716@group-B080C88A3813-LeaderElection227] INFO  impl.LeaderElection (LeaderElection.java:askForVotes(178)) - 870a27db-da30-4d61-a408-9d113e1c9716@group-B080C88A3813-LeaderElection227: begin an election at term 10 for -1: [1acd4a7f-a859-40e1-8534-5adb5341c727:192.168.30.33:43799, 34bb4e64-1059-4030-8a56-fd9416faa756:192.168.30.33:39854, 870a27db-da30-4d61-a408-9d113e1c9716:192.168.30.33:42515], old=null
2019-10-04 13:47:06,626 [4da2f670-0e5c-4bde-934c-3cd05d8a50a4@group-39017AAFEA81-LeaderElection224] INFO  impl.LeaderElection (LeaderElection.java:askForVotes(178)) - 4da2f670-0e5c-4bde-934c-3cd05d8a50a4@group-39017AAFEA81-LeaderElection224: begin an election at term 14 for -1: [4da2f670-0e5c-4bde-934c-3cd05d8a50a4:192.168.30.33:45990, a9f2dbb7-43c3-4367-8346-947b48bd4d79:192.168.30.33:34618, abf7bc81-30d5-42c0-a0af-45d0cecf5915:192.168.30.33:35055], old=null
2019-10-04 13:47:06,626 [1acd4a7f-a859-40e1-8534-5adb5341c727@group-B080C88A3813-LeaderElection230] INFO  impl.LeaderElection (LeaderElection.java:askForVotes(178)) - 1acd4a7f-a859-40e1-8534-5adb5341c727@group-B080C88A3813-LeaderElection230: begin an election at term 10 for -1: [1acd4a7f-a859-40e1-8534-5adb5341c727:192.168.30.33:43799, 34bb4e64-1059-4030-8a56-fd9416faa756:192.168.30.33:39854, 870a27db-da30-4d61-a408-9d113e1c9716:192.168.30.33:42515], old=null
2019-10-04 13:47:06,625 [abf7bc81-30d5-42c0-a0af-45d0cecf5915@group-39017AAFEA81-LeaderElection228] INFO  impl.LeaderElection (LeaderElection.java:askForVotes(178)) - abf7bc81-30d5-42c0-a0af-45d0cecf5915@group-39017AAFEA81-LeaderElection228: begin an election at term 14 for -1: [4da2f670-0e5c-4bde-934c-3cd05d8a50a4:192.168.30.33:45990, a9f2dbb7-43c3-4367-8346-947b48bd4d79:192.168.30.33:34618, abf7bc81-30d5-42c0-a0af-45d0cecf5915:192.168.30.33:35055], old=null
2019-10-04 13:47:06,625 [34bb4e64-1059-4030-8a56-fd9416faa756@group-B080C88A3813-LeaderElection226] INFO  impl.LeaderElection (LeaderElection.java:askForVotes(178)) - 34bb4e64-1059-4030-8a56-fd9416faa756@group-B080C88A3813-LeaderElection226: begin an election at term 10 for -1: [1acd4a7f-a859-40e1-8534-5adb5341c727:192.168.30.33:43799, 34bb4e64-1059-4030-8a56-fd9416faa756:192.168.30.33:39854, 870a27db-da30-4d61-a408-9d113e1c9716:192.168.30.33:42515], old=null
2019-10-04 13:47:06,625 [e7c9b6e5-8734-4888-9a82-5562d6bfa950@group-6C24881946A3-LeaderElection222] INFO  impl.LeaderElection (LeaderElection.java:askForVotes(178)) - e7c9b6e5-8734-4888-9a82-5562d6bfa950@group-6C24881946A3-LeaderElection222: begin an election at term 9 for -1: [e7c9b6e5-8734-4888-9a82-5562d6bfa950:192.168.30.33:44869, d30cfae4-72b5-4ec1-a6ad-4fabcec0d6f2:192.168.30.33:40495, f7391afe-e883-4b58-900a-eef83ef5e847:192.168.30.33:36496], old=null
2019-10-04 13:47:06,625 [d30cfae4-72b5-4ec1-a6ad-4fabcec0d6f2@group-6C24881946A3-LeaderElection229] INFO  impl.LeaderElection (LeaderElection.java:askForVotes(178)) - d30cfae4-72b5-4ec1-a6ad-4fabcec0d6f2@group-6C24881946A3-LeaderElection229: begin an election at term 9 for -1: [e7c9b6e5-8734-4888-9a82-5562d6bfa950:192.168.30.33:44869, d30cfae4-72b5-4ec1-a6ad-4fabcec0d6f2:192.168.30.33:40495, f7391afe-e883-4b58-900a-eef83ef5e847:192.168.30.33:36496], old=null
2019-10-04 13:47:06,630 [a9f2dbb7-43c3-4367-8346-947b48bd4d79@group-39017AAFEA81-LeaderElection225] INFO  impl.LeaderElection (LeaderElection.java:logAndReturn(56)) - a9f2dbb7-43c3-4367-8346-947b48bd4d79@group-39017AAFEA81-LeaderElection225: Election REJECTED; received 2 response(s) [a9f2dbb7-43c3-4367-8346-947b48bd4d79<-4da2f670-0e5c-4bde-934c-3cd05d8a50a4#0:FAIL-t14, a9f2dbb7-43c3-4367-8346-947b48bd4d79<-abf7bc81-30d5-42c0-a0af-45d0cecf5915#0:FAIL-t14] and 0 exception(s); a9f2dbb7-43c3-4367-8346-947b48bd4d79@group-39017AAFEA81:t14, leader=null, voted=a9f2dbb7-43c3-4367-8346-947b48bd4d79, raftlog=a9f2dbb7-43c3-4367-8346-947b48bd4d79@group-39017AAFEA81-SegmentedRaftLog:OPENED:c-1,f-1,i0, conf=-1: [4da2f670-0e5c-4bde-934c-3cd05d8a50a4:192.168.30.33:45990, a9f2dbb7-43c3-4367-8346-947b48bd4d79:192.168.30.33:34618, abf7bc81-30d5-42c0-a0af-45d0cecf5915:192.168.30.33:35055], old=null
2019-10-04 13:47:06,630 [a9f2dbb7-43c3-4367-8346-947b48bd4d79@group-39017AAFEA81-LeaderElection225] INFO  impl.RaftServerImpl (RaftServerImpl.java:setRole(170)) - a9f2dbb7-43c3-4367-8346-947b48bd4d79@group-39017AAFEA81: changes role from CANDIDATE to FOLLOWER at term 14 for DISCOVERED_A_NEW_TERM
2019-10-04 13:47:06,630 [a9f2dbb7-43c3-4367-8346-947b48bd4d79@group-39017AAFEA81-LeaderElection225] INFO  impl.RoleInfo (RoleInfo.java:shutdownLeaderElection(134)) - a9f2dbb7-43c3-4367-8346-947b48bd4d79: shutdown LeaderElection
2019-10-04 13:47:06,631 [a9f2dbb7-43c3-4367-8346-947b48bd4d79@group-39017AAFEA81-LeaderElection225] INFO  impl.RoleInfo (RoleInfo.java:updateAndGet(143)) - a9f2dbb7-43c3-4367-8346-947b48bd4d79: start FollowerState
2019-10-04 13:47:06,633 [d30cfae4-72b5-4ec1-a6ad-4fabcec0d6f2@group-6C24881946A3-LeaderElection229] INFO  impl.LeaderElection (LeaderElection.java:logAndReturn(56)) - d30cfae4-72b5-4ec1-a6ad-4fabcec0d6f2@group-6C24881946A3-LeaderElection229: Election REJECTED; received 2 response(s) [d30cfae4-72b5-4ec1-a6ad-4fabcec0d6f2<-e7c9b6e5-8734-4888-9a82-5562d6bfa950#0:FAIL-t9, d30cfae4-72b5-4ec1-a6ad-4fabcec0d6f2<-f7391afe-e883-4b58-900a-eef83ef5e847#0:FAIL-t9] and 0 exception(s); d30cfae4-72b5-4ec1-a6ad-4fabcec0d6f2@group-6C24881946A3:t9, leader=null, voted=d30cfae4-72b5-4ec1-a6ad-4fabcec0d6f2, raftlog=d30cfae4-72b5-4ec1-a6ad-4fabcec0d6f2@group-6C24881946A3-SegmentedRaftLog:OPENED:c-1,f-1,i0, conf=-1: [e7c9b6e5-8734-4888-9a82-5562d6bfa950:192.168.30.33:44869, d30cfae4-72b5-4ec1-a6ad-4fabcec0d6f2:192.168.30.33:40495, f7391afe-e883-4b58-900a-eef83ef5e847:192.168.30.33:36496], old=null
2019-10-04 13:47:06,633 [e7c9b6e5-8734-4888-9a82-5562d6bfa950@group-6C24881946A3-LeaderElection222] INFO  impl.LeaderElection (LeaderElection.java:logAndReturn(56)) - e7c9b6e5-8734-4888-9a82-5562d6bfa950@group-6C24881946A3-LeaderElection222: Election REJECTED; received 2 response(s) [e7c9b6e5-8734-4888-9a82-5562d6bfa950<-d30cfae4-72b5-4ec1-a6ad-4fabcec0d6f2#0:FAIL-t9, e7c9b6e5-8734-4888-9a82-5562d6bfa950<-f7391afe-e883-4b58-900a-eef83ef5e847#0:FAIL-t9] and 0 exception(s); e7c9b6e5-8734-4888-9a82-5562d6bfa950@group-6C24881946A3:t9, leader=null, voted=e7c9b6e5-8734-4888-9a82-5562d6bfa950, raftlog=e7c9b6e5-8734-4888-9a82-5562d6bfa950@group-6C24881946A3-SegmentedRaftLog:OPENED:c-1,f-1,i0, conf=-1: [e7c9b6e5-8734-4888-9a82-5562d6bfa950:192.168.30.33:44869, d30cfae4-72b5-4ec1-a6ad-4fabcec0d6f2:192.168.30.33:40495, f7391afe-e883-4b58-900a-eef83ef5e847:192.168.30.33:36496], old=null
2019-10-04 13:47:06,633 [d30cfae4-72b5-4ec1-a6ad-4fabcec0d6f2@group-6C24881946A3-LeaderElection229] INFO  impl.RaftServerImpl (RaftServerImpl.java:setRole(170)) - d30cfae4-72b5-4ec1-a6ad-4fabcec0d6f2@group-6C24881946A3: changes role from CANDIDATE to FOLLOWER at term 9 for DISCOVERED_A_NEW_TERM
2019-10-04 13:47:06,634 [d30cfae4-72b5-4ec1-a6ad-4fabcec0d6f2@group-6C24881946A3-LeaderElection229] INFO  impl.RoleInfo (RoleInfo.java:shutdownLeaderElection(134)) - d30cfae4-72b5-4ec1-a6ad-4fabcec0d6f2: shutdown LeaderElection
2019-10-04 13:47:06,634 [e7c9b6e5-8734-4888-9a82-5562d6bfa950@group-6C24881946A3-LeaderElection222] INFO  impl.RaftServerImpl (RaftServerImpl.java:setRole(170)) - e7c9b6e5-8734-4888-9a82-5562d6bfa950@group-6C24881946A3: changes role from CANDIDATE to FOLLOWER at term 9 for DISCOVERED_A_NEW_TERM
2019-10-04 13:47:06,634 [d30cfae4-72b5-4ec1-a6ad-4fabcec0d6f2@group-6C24881946A3-LeaderElection229] INFO  impl.RoleInfo (RoleInfo.java:updateAndGet(143)) - d30cfae4-72b5-4ec1-a6ad-4fabcec0d6f2: start FollowerState
2019-10-04 13:47:06,634 [e7c9b6e5-8734-4888-9a82-5562d6bfa950@group-6C24881946A3-LeaderElection222] INFO  impl.RoleInfo (RoleInfo.java:shutdownLeaderElection(134)) - e7c9b6e5-8734-4888-9a82-5562d6bfa950: shutdown LeaderElection
2019-10-04 13:47:06,634 [e7c9b6e5-8734-4888-9a82-5562d6bfa950@group-6C24881946A3-LeaderElection222] INFO  impl.RoleInfo (RoleInfo.java:updateAndGet(143)) - e7c9b6e5-8734-4888-9a82-5562d6bfa950: start FollowerState
2019-10-04 13:47:06,634 [1acd4a7f-a859-40e1-8534-5adb5341c727@group-B080C88A3813-LeaderElection230] INFO  impl.LeaderElection (LeaderElection.java:logAndReturn(56)) - 1acd4a7f-a859-40e1-8534-5adb5341c727@group-B080C88A3813-LeaderElection230: Election REJECTED; received 2 response(s) [1acd4a7f-a859-40e1-8534-5adb5341c727<-34bb4e64-1059-4030-8a56-fd9416faa756#0:FAIL-t10, 1acd4a7f-a859-40e1-8534-5adb5341c727<-870a27db-da30-4d61-a408-9d113e1c9716#0:FAIL-t10] and 0 exception(s); 1acd4a7f-a859-40e1-8534-5adb5341c727@group-B080C88A3813:t10, leader=null, voted=1acd4a7f-a859-40e1-8534-5adb5341c727, raftlog=1acd4a7f-a859-40e1-8534-5adb5341c727@group-B080C88A3813-SegmentedRaftLog:OPENED:c-1,f-1,i0, conf=-1: [1acd4a7f-a859-40e1-8534-5adb5341c727:192.168.30.33:43799, 34bb4e64-1059-4030-8a56-fd9416faa756:192.168.30.33:39854, 870a27db-da30-4d61-a408-9d113e1c9716:192.168.30.33:42515], old=null
2019-10-04 13:47:06,634 [1acd4a7f-a859-40e1-8534-5adb5341c727@group-B080C88A3813-LeaderElection230] INFO  impl.RaftServerImpl (RaftServerImpl.java:setRole(170)) - 1acd4a7f-a859-40e1-8534-5adb5341c727@group-B080C88A3813: changes role from CANDIDATE to FOLLOWER at term 10 for DISCOVERED_A_NEW_TERM
2019-10-04 13:47:06,634 [1acd4a7f-a859-40e1-8534-5adb5341c727@group-B080C88A3813-LeaderElection230] INFO  impl.RoleInfo (RoleInfo.java:shutdownLeaderElection(134)) - 1acd4a7f-a859-40e1-8534-5adb5341c727: shutdown LeaderElection
2019-10-04 13:47:06,635 [4da2f670-0e5c-4bde-934c-3cd05d8a50a4@group-39017AAFEA81-LeaderElection224] INFO  impl.LeaderElection (LeaderElection.java:logAndReturn(56)) - 4da2f670-0e5c-4bde-934c-3cd05d8a50a4@group-39017AAFEA81-LeaderElection224: Election REJECTED; received 2 response(s) [4da2f670-0e5c-4bde-934c-3cd05d8a50a4<-a9f2dbb7-43c3-4367-8346-947b48bd4d79#0:FAIL-t14, 4da2f670-0e5c-4bde-934c-3cd05d8a50a4<-abf7bc81-30d5-42c0-a0af-45d0cecf5915#0:FAIL-t14] and 0 exception(s); 4da2f670-0e5c-4bde-934c-3cd05d8a50a4@group-39017AAFEA81:t14, leader=null, voted=4da2f670-0e5c-4bde-934c-3cd05d8a50a4, raftlog=4da2f670-0e5c-4bde-934c-3cd05d8a50a4@group-39017AAFEA81-SegmentedRaftLog:OPENED:c-1,f-1,i0, conf=-1: [4da2f670-0e5c-4bde-934c-3cd05d8a50a4:192.168.30.33:45990, a9f2dbb7-43c3-4367-8346-947b48bd4d79:192.168.30.33:34618, abf7bc81-30d5-42c0-a0af-45d0cecf5915:192.168.30.33:35055], old=null
2019-10-04 13:47:06,635 [870a27db-da30-4d61-a408-9d113e1c9716@group-B080C88A3813-LeaderElection227] INFO  impl.LeaderElection (LeaderElection.java:logAndReturn(56)) - 870a27db-da30-4d61-a408-9d113e1c9716@group-B080C88A3813-LeaderElection227: Election REJECTED; received 2 response(s) [870a27db-da30-4d61-a408-9d113e1c9716<-1acd4a7f-a859-40e1-8534-5adb5341c727#0:FAIL-t10, 870a27db-da30-4d61-a408-9d113e1c9716<-34bb4e64-1059-4030-8a56-fd9416faa756#0:FAIL-t10] and 0 exception(s); 870a27db-da30-4d61-a408-9d113e1c9716@group-B080C88A3813:t10, leader=null, voted=870a27db-da30-4d61-a408-9d113e1c9716, raftlog=870a27db-da30-4d61-a408-9d113e1c9716@group-B080C88A3813-SegmentedRaftLog:OPENED:c-1,f-1,i0, conf=-1: [1acd4a7f-a859-40e1-8534-5adb5341c727:192.168.30.33:43799, 34bb4e64-1059-4030-8a56-fd9416faa756:192.168.30.33:39854, 870a27db-da30-4d61-a408-9d113e1c9716:192.168.30.33:42515], old=null
2019-10-04 13:47:06,635 [f7391afe-e883-4b58-900a-eef83ef5e847@group-6C24881946A3-LeaderElection223] INFO  impl.LeaderElection (LeaderElection.java:logAndReturn(56)) - f7391afe-e883-4b58-900a-eef83ef5e847@group-6C24881946A3-LeaderElection223: Election REJECTED; received 2 response(s) [f7391afe-e883-4b58-900a-eef83ef5e847<-e7c9b6e5-8734-4888-9a82-5562d6bfa950#0:FAIL-t9, f7391afe-e883-4b58-900a-eef83ef5e847<-d30cfae4-72b5-4ec1-a6ad-4fabcec0d6f2#0:FAIL-t9] and 0 exception(s); f7391afe-e883-4b58-900a-eef83ef5e847@group-6C24881946A3:t9, leader=null, voted=f7391afe-e883-4b58-900a-eef83ef5e847, raftlog=f7391afe-e883-4b58-900a-eef83ef5e847@group-6C24881946A3-SegmentedRaftLog:OPENED:c-1,f-1,i0, conf=-1: [e7c9b6e5-8734-4888-9a82-5562d6bfa950:192.168.30.33:44869, d30cfae4-72b5-4ec1-a6ad-4fabcec0d6f2:192.168.30.33:40495, f7391afe-e883-4b58-900a-eef83ef5e847:192.168.30.33:36496], old=null
2019-10-04 13:47:06,635 [abf7bc81-30d5-42c0-a0af-45d0cecf5915@group-39017AAFEA81-LeaderElection228] INFO  impl.LeaderElection (LeaderElection.java:logAndReturn(56)) - abf7bc81-30d5-42c0-a0af-45d0cecf5915@group-39017AAFEA81-LeaderElection228: Election REJECTED; received 2 response(s) [abf7bc81-30d5-42c0-a0af-45d0cecf5915<-4da2f670-0e5c-4bde-934c-3cd05d8a50a4#0:FAIL-t14, abf7bc81-30d5-42c0-a0af-45d0cecf5915<-a9f2dbb7-43c3-4367-8346-947b48bd4d79#0:FAIL-t14] and 0 exception(s); abf7bc81-30d5-42c0-a0af-45d0cecf5915@group-39017AAFEA81:t14, leader=null, voted=abf7bc81-30d5-42c0-a0af-45d0cecf5915, raftlog=abf7bc81-30d5-42c0-a0af-45d0cecf5915@group-39017AAFEA81-SegmentedRaftLog:OPENED:c-1,f-1,i0, conf=-1: [4da2f670-0e5c-4bde-934c-3cd05d8a50a4:192.168.30.33:45990, a9f2dbb7-43c3-4367-8346-947b48bd4d79:192.168.30.33:34618, abf7bc81-30d5-42c0-a0af-45d0cecf5915:192.168.30.33:35055], old=null
2019-10-04 13:47:06,635 [34bb4e64-1059-4030-8a56-fd9416faa756@group-B080C88A3813-LeaderElection226] INFO  impl.LeaderElection (LeaderElection.java:logAndReturn(56)) - 34bb4e64-1059-4030-8a56-fd9416faa756@group-B080C88A3813-LeaderElection226: Election REJECTED; received 2 response(s) [34bb4e64-1059-4030-8a56-fd9416faa756<-1acd4a7f-a859-40e1-8534-5adb5341c727#0:FAIL-t10, 34bb4e64-1059-4030-8a56-fd9416faa756<-870a27db-da30-4d61-a408-9d113e1c9716#0:FAIL-t10] and 0 exception(s); 34bb4e64-1059-4030-8a56-fd9416faa756@group-B080C88A3813:t10, leader=null, voted=34bb4e64-1059-4030-8a56-fd9416faa756, raftlog=34bb4e64-1059-4030-8a56-fd9416faa756@group-B080C88A3813-SegmentedRaftLog:OPENED:c-1,f-1,i0, conf=-1: [1acd4a7f-a859-40e1-8534-5adb5341c727:192.168.30.33:43799, 34bb4e64-1059-4030-8a56-fd9416faa756:192.168.30.33:39854, 870a27db-da30-4d61-a408-9d113e1c9716:192.168.30.33:42515], old=null
2019-10-04 13:47:06,635 [870a27db-da30-4d61-a408-9d113e1c9716@group-B080C88A3813-LeaderElection227] INFO  impl.RaftServerImpl (RaftServerImpl.java:setRole(170)) - 870a27db-da30-4d61-a408-9d113e1c9716@group-B080C88A3813: changes role from CANDIDATE to FOLLOWER at term 10 for DISCOVERED_A_NEW_TERM
2019-10-04 13:47:06,635 [4da2f670-0e5c-4bde-934c-3cd05d8a50a4@group-39017AAFEA81-LeaderElection224] INFO  impl.RaftServerImpl (RaftServerImpl.java:setRole(170)) - 4da2f670-0e5c-4bde-934c-3cd05d8a50a4@group-39017AAFEA81: changes role from CANDIDATE to FOLLOWER at term 14 for DISCOVERED_A_NEW_TERM
2019-10-04 13:47:06,636 [4da2f670-0e5c-4bde-934c-3cd05d8a50a4@group-39017AAFEA81-LeaderElection224] INFO  impl.RoleInfo (RoleInfo.java:shutdownLeaderElection(134)) - 4da2f670-0e5c-4bde-934c-3cd05d8a50a4: shutdown LeaderElection
2019-10-04 13:47:06,635 [1acd4a7f-a859-40e1-8534-5adb5341c727@group-B080C88A3813-LeaderElection230] INFO  impl.RoleInfo (RoleInfo.java:updateAndGet(143)) - 1acd4a7f-a859-40e1-8534-5adb5341c727: start FollowerState
2019-10-04 13:47:06,636 [4da2f670-0e5c-4bde-934c-3cd05d8a50a4@group-39017AAFEA81-LeaderElection224] INFO  impl.RoleInfo (RoleInfo.java:updateAndGet(143)) - 4da2f670-0e5c-4bde-934c-3cd05d8a50a4: start FollowerState
2019-10-04 13:47:06,636 [870a27db-da30-4d61-a408-9d113e1c9716@group-B080C88A3813-LeaderElection227] INFO  impl.RoleInfo (RoleInfo.java:shutdownLeaderElection(134)) - 870a27db-da30-4d61-a408-9d113e1c9716: shutdown LeaderElection
2019-10-04 13:47:06,636 [34bb4e64-1059-4030-8a56-fd9416faa756@group-B080C88A3813-LeaderElection226] INFO  impl.RaftServerImpl (RaftServerImpl.java:setRole(170)) - 34bb4e64-1059-4030-8a56-fd9416faa756@group-B080C88A3813: changes role from CANDIDATE to FOLLOWER at term 10 for DISCOVERED_A_NEW_TERM
2019-10-04 13:47:06,635 [abf7bc81-30d5-42c0-a0af-45d0cecf5915@group-39017AAFEA81-LeaderElection228] INFO  impl.RaftServerImpl (RaftServerImpl.java:setRole(170)) - abf7bc81-30d5-42c0-a0af-45d0cecf5915@group-39017AAFEA81: changes role from CANDIDATE to FOLLOWER at term 14 for DISCOVERED_A_NEW_TERM
2019-10-04 13:47:06,637 [abf7bc81-30d5-42c0-a0af-45d0cecf5915@group-39017AAFEA81-LeaderElection228] INFO  impl.RoleInfo (RoleInfo.java:shutdownLeaderElection(134)) - abf7bc81-30d5-42c0-a0af-45d0cecf5915: shutdown LeaderElection
2019-10-04 13:47:06,635 [f7391afe-e883-4b58-900a-eef83ef5e847@group-6C24881946A3-LeaderElection223] INFO  impl.RaftServerImpl (RaftServerImpl.java:setRole(170)) - f7391afe-e883-4b58-900a-eef83ef5e847@group-6C24881946A3: changes role from CANDIDATE to FOLLOWER at term 9 for DISCOVERED_A_NEW_TERM
2019-10-04 13:47:06,637 [abf7bc81-30d5-42c0-a0af-45d0cecf5915@group-39017AAFEA81-LeaderElection228] INFO  impl.RoleInfo (RoleInfo.java:updateAndGet(143)) - abf7bc81-30d5-42c0-a0af-45d0cecf5915: start FollowerState
2019-10-04 13:47:06,636 [34bb4e64-1059-4030-8a56-fd9416faa756@group-B080C88A3813-LeaderElection226] INFO  impl.RoleInfo (RoleInfo.java:shutdownLeaderElection(134)) - 34bb4e64-1059-4030-8a56-fd9416faa756: shutdown LeaderElection
2019-10-04 13:47:06,636 [870a27db-da30-4d61-a408-9d113e1c9716@group-B080C88A3813-LeaderElection227] INFO  impl.RoleInfo (RoleInfo.java:updateAndGet(143)) - 870a27db-da30-4d61-a408-9d113e1c9716: start FollowerState
2019-10-04 13:47:06,637 [34bb4e64-1059-4030-8a56-fd9416faa756@group-B080C88A3813-LeaderElection226] INFO  impl.RoleInfo (RoleInfo.java:updateAndGet(143)) - 34bb4e64-1059-4030-8a56-fd9416faa756: start FollowerState
2019-10-04 13:47:06,637 [f7391afe-e883-4b58-900a-eef83ef5e847@group-6C24881946A3-LeaderElection223] INFO  impl.RoleInfo (RoleInfo.java:shutdownLeaderElection(134)) - f7391afe-e883-4b58-900a-eef83ef5e847: shutdown LeaderElection
2019-10-04 13:47:06,637 [f7391afe-e883-4b58-900a-eef83ef5e847@group-6C24881946A3-LeaderElection223] INFO  impl.RoleInfo (RoleInfo.java:updateAndGet(143)) - f7391afe-e883-4b58-900a-eef83ef5e847: start FollowerState
2019-10-04 13:47:07,641 [Thread-3928] INFO  impl.FollowerState (FollowerState.java:run(108)) - 34bb4e64-1059-4030-8a56-fd9416faa756@group-B080C88A3813-FollowerState: change to CANDIDATE, lastRpcTime:1003ms, electionTimeout:1003ms
2019-10-04 13:47:07,641 [Thread-3928] INFO  impl.RoleInfo (RoleInfo.java:shutdownFollowerState(121)) - 34bb4e64-1059-4030-8a56-fd9416faa756: shutdown FollowerState
2019-10-04 13:47:07,641 [Thread-3928] INFO  impl.RaftServerImpl (RaftServerImpl.java:setRole(170)) - 34bb4e64-1059-4030-8a56-fd9416faa756@group-B080C88A3813: changes role from  FOLLOWER to CANDIDATE at term 10 for changeToCandidate
2019-10-04 13:47:07,641 [Thread-3928] INFO  impl.RoleInfo (RoleInfo.java:updateAndGet(143)) - 34bb4e64-1059-4030-8a56-fd9416faa756: start LeaderElection
2019-10-04 13:47:07,645 [Thread-3923] INFO  impl.FollowerState (FollowerState.java:run(108)) - e7c9b6e5-8734-4888-9a82-5562d6bfa950@group-6C24881946A3-FollowerState: change to CANDIDATE, lastRpcTime:1010ms, electionTimeout:1010ms
2019-10-04 13:47:07,645 [Thread-3923] INFO  impl.RoleInfo (RoleInfo.java:shutdownFollowerState(121)) - e7c9b6e5-8734-4888-9a82-5562d6bfa950: shutdown FollowerState
2019-10-04 13:47:07,645 [Thread-3923] INFO  impl.RaftServerImpl (RaftServerImpl.java:setRole(170)) - e7c9b6e5-8734-4888-9a82-5562d6bfa950@group-6C24881946A3: changes role from  FOLLOWER to CANDIDATE at term 9 for changeToCandidate
2019-10-04 13:47:07,645 [Thread-3923] INFO  impl.RoleInfo (RoleInfo.java:updateAndGet(143)) - e7c9b6e5-8734-4888-9a82-5562d6bfa950: start LeaderElection
2019-10-04 13:47:07,677 [Thread-3922] INFO  impl.FollowerState (FollowerState.java:run(108)) - d30cfae4-72b5-4ec1-a6ad-4fabcec0d6f2@group-6C24881946A3-FollowerState: change to CANDIDATE, lastRpcTime:1043ms, electionTimeout:1043ms
2019-10-04 13:47:07,677 [Thread-3922] INFO  impl.RoleInfo (RoleInfo.java:shutdownFollowerState(121)) - d30cfae4-72b5-4ec1-a6ad-4fabcec0d6f2: shutdown FollowerState
2019-10-04 13:47:07,677 [Thread-3922] INFO  impl.RaftServerImpl (RaftServerImpl.java:setRole(170)) - d30cfae4-72b5-4ec1-a6ad-4fabcec0d6f2@group-6C24881946A3: changes role from  FOLLOWER to CANDIDATE at term 9 for changeToCandidate
2019-10-04 13:47:07,677 [Thread-3922] INFO  impl.RoleInfo (RoleInfo.java:updateAndGet(143)) - d30cfae4-72b5-4ec1-a6ad-4fabcec0d6f2: start LeaderElection
2019-10-04 13:47:07,683 [Thread-3927] INFO  impl.FollowerState (FollowerState.java:run(108)) - abf7bc81-30d5-42c0-a0af-45d0cecf5915@group-39017AAFEA81-FollowerState: change to CANDIDATE, lastRpcTime:1046ms, electionTimeout:1046ms
2019-10-04 13:47:07,683 [Thread-3927] INFO  impl.RoleInfo (RoleInfo.java:shutdownFollowerState(121)) - abf7bc81-30d5-42c0-a0af-45d0cecf5915: shutdown FollowerState
2019-10-04 13:47:07,683 [Thread-3927] INFO  impl.RaftServerImpl (RaftServerImpl.java:setRole(170)) - abf7bc81-30d5-42c0-a0af-45d0cecf5915@group-39017AAFEA81: changes role from  FOLLOWER to CANDIDATE at term 14 for changeToCandidate
2019-10-04 13:47:07,684 [Thread-3927] INFO  impl.RoleInfo (RoleInfo.java:updateAndGet(143)) - abf7bc81-30d5-42c0-a0af-45d0cecf5915: start LeaderElection
2019-10-04 13:47:07,697 [Thread-3926] INFO  impl.FollowerState (FollowerState.java:run(108)) - 870a27db-da30-4d61-a408-9d113e1c9716@group-B080C88A3813-FollowerState: change to CANDIDATE, lastRpcTime:1060ms, electionTimeout:1059ms
2019-10-04 13:47:07,697 [Thread-3926] INFO  impl.RoleInfo (RoleInfo.java:shutdownFollowerState(121)) - 870a27db-da30-4d61-a408-9d113e1c9716: shutdown FollowerState
2019-10-04 13:47:07,697 [Thread-3926] INFO  impl.RaftServerImpl (RaftServerImpl.java:setRole(170)) - 870a27db-da30-4d61-a408-9d113e1c9716@group-B080C88A3813: changes role from  FOLLOWER to CANDIDATE at term 10 for changeToCandidate
2019-10-04 13:47:07,697 [Thread-3926] INFO  impl.RoleInfo (RoleInfo.java:updateAndGet(143)) - 870a27db-da30-4d61-a408-9d113e1c9716: start LeaderElection
2019-10-04 13:47:07,712 [Thread-3925] INFO  impl.FollowerState (FollowerState.java:run(108)) - 4da2f670-0e5c-4bde-934c-3cd05d8a50a4@group-39017AAFEA81-FollowerState: change to CANDIDATE, lastRpcTime:1075ms, electionTimeout:1075ms
2019-10-04 13:47:07,712 [Thread-3925] INFO  impl.RoleInfo (RoleInfo.java:shutdownFollowerState(121)) - 4da2f670-0e5c-4bde-934c-3cd05d8a50a4: shutdown FollowerState
2019-10-04 13:47:07,712 [Thread-3925] INFO  impl.RaftServerImpl (RaftServerImpl.java:setRole(170)) - 4da2f670-0e5c-4bde-934c-3cd05d8a50a4@group-39017AAFEA81: changes role from  FOLLOWER to CANDIDATE at term 14 for changeToCandidate
2019-10-04 13:47:07,712 [Thread-3925] INFO  impl.RoleInfo (RoleInfo.java:updateAndGet(143)) - 4da2f670-0e5c-4bde-934c-3cd05d8a50a4: start LeaderElection
2019-10-04 13:47:07,730 [Thread-3921] INFO  impl.FollowerState (FollowerState.java:run(108)) - a9f2dbb7-43c3-4367-8346-947b48bd4d79@group-39017AAFEA81-FollowerState: change to CANDIDATE, lastRpcTime:1098ms, electionTimeout:1097ms
2019-10-04 13:47:07,730 [Thread-3921] INFO  impl.RoleInfo (RoleInfo.java:shutdownFollowerState(121)) - a9f2dbb7-43c3-4367-8346-947b48bd4d79: shutdown FollowerState
2019-10-04 13:47:07,730 [Thread-3921] INFO  impl.RaftServerImpl (RaftServerImpl.java:setRole(170)) - a9f2dbb7-43c3-4367-8346-947b48bd4d79@group-39017AAFEA81: changes role from  FOLLOWER to CANDIDATE at term 14 for changeToCandidate
2019-10-04 13:47:07,730 [Thread-3921] INFO  impl.RoleInfo (RoleInfo.java:updateAndGet(143)) - a9f2dbb7-43c3-4367-8346-947b48bd4d79: start LeaderElection
2019-10-04 13:47:07,781 [Thread-3924] INFO  impl.FollowerState (FollowerState.java:run(108)) - 1acd4a7f-a859-40e1-8534-5adb5341c727@group-B080C88A3813-FollowerState: change to CANDIDATE, lastRpcTime:1146ms, electionTimeout:1145ms
2019-10-04 13:47:07,781 [Thread-3924] INFO  impl.RoleInfo (RoleInfo.java:shutdownFollowerState(121)) - 1acd4a7f-a859-40e1-8534-5adb5341c727: shutdown FollowerState
2019-10-04 13:47:07,782 [Thread-3924] INFO  impl.RaftServerImpl (RaftServerImpl.java:setRole(170)) - 1acd4a7f-a859-40e1-8534-5adb5341c727@group-B080C88A3813: changes role from  FOLLOWER to CANDIDATE at term 10 for changeToCandidate
2019-10-04 13:47:07,782 [Thread-3924] INFO  impl.RoleInfo (RoleInfo.java:updateAndGet(143)) - 1acd4a7f-a859-40e1-8534-5adb5341c727: start LeaderElection
2019-10-04 13:47:07,815 [Thread-3929] INFO  impl.FollowerState (FollowerState.java:run(108)) - f7391afe-e883-4b58-900a-eef83ef5e847@group-6C24881946A3-FollowerState: change to CANDIDATE, lastRpcTime:1177ms, electionTimeout:1177ms
2019-10-04 13:47:07,815 [Thread-3929] INFO  impl.RoleInfo (RoleInfo.java:shutdownFollowerState(121)) - f7391afe-e883-4b58-900a-eef83ef5e847: shutdown FollowerState
2019-10-04 13:47:07,815 [Thread-3929] INFO  impl.RaftServerImpl (RaftServerImpl.java:setRole(170)) - f7391afe-e883-4b58-900a-eef83ef5e847@group-6C24881946A3: changes role from  FOLLOWER to CANDIDATE at term 9 for changeToCandidate
2019-10-04 13:47:07,815 [Thread-3929] INFO  impl.RoleInfo (RoleInfo.java:updateAndGet(143)) - f7391afe-e883-4b58-900a-eef83ef5e847: start LeaderElection
2019-10-04 13:47:07,851 [main] INFO  ozoneimpl.OzoneContainer (OzoneContainer.java:stop(231)) - Attempting to stop container services.
2019-10-04 13:47:07,851 [ForkJoinPool.commonPool-worker-1] INFO  ozoneimpl.OzoneContainer (OzoneContainer.java:stop(231)) - Attempting to stop container services.
2019-10-04 13:47:07,852 [main] INFO  impl.RaftServerProxy (RaftServerProxy.java:lambda$close$4(314)) - 34bb4e64-1059-4030-8a56-fd9416faa756: close
2019-10-04 13:47:07,852 [ForkJoinPool.commonPool-worker-1] INFO  impl.RaftServerProxy (RaftServerProxy.java:lambda$close$4(314)) - abf7bc81-30d5-42c0-a0af-45d0cecf5915: close
2019-10-04 13:47:07,852 [main] INFO  impl.RaftServerImpl (RaftServerImpl.java:lambda$shutdown$3(247)) - 34bb4e64-1059-4030-8a56-fd9416faa756@group-B080C88A3813: shutdown
2019-10-04 13:47:07,852 [ForkJoinPool.commonPool-worker-1] INFO  impl.RaftServerImpl (RaftServerImpl.java:lambda$shutdown$3(247)) - abf7bc81-30d5-42c0-a0af-45d0cecf5915@group-39017AAFEA81: shutdown
2019-10-04 13:47:07,853 [main] INFO  util.JmxRegister (JmxRegister.java:unregister(73)) - Successfully un-registered JMX Bean with object name Ratis:service=RaftServer,group=group-B080C88A3813,id=34bb4e64-1059-4030-8a56-fd9416faa756
2019-10-04 13:47:07,853 [ForkJoinPool.commonPool-worker-1] INFO  util.JmxRegister (JmxRegister.java:unregister(73)) - Successfully un-registered JMX Bean with object name Ratis:service=RaftServer,group=group-39017AAFEA81,id=abf7bc81-30d5-42c0-a0af-45d0cecf5915
2019-10-04 13:47:07,853 [main] INFO  impl.RoleInfo (RoleInfo.java:shutdownLeaderElection(134)) - 34bb4e64-1059-4030-8a56-fd9416faa756: shutdown LeaderElection
2019-10-04 13:47:07,853 [ForkJoinPool.commonPool-worker-1] INFO  impl.RoleInfo (RoleInfo.java:shutdownLeaderElection(134)) - abf7bc81-30d5-42c0-a0af-45d0cecf5915: shutdown LeaderElection
2019-10-04 13:47:07,853 [main] INFO  impl.StateMachineUpdater (StateMachineUpdater.java:stopAndJoin(136)) - 34bb4e64-1059-4030-8a56-fd9416faa756@group-B080C88A3813-StateMachineUpdater: set stopIndex = -1
2019-10-04 13:47:07,854 [ForkJoinPool.commonPool-worker-1] INFO  impl.StateMachineUpdater (StateMachineUpdater.java:stopAndJoin(136)) - abf7bc81-30d5-42c0-a0af-45d0cecf5915@group-39017AAFEA81-StateMachineUpdater: set stopIndex = -1
2019-10-04 13:47:07,854 [main] INFO  impl.RaftServerImpl (ServerState.java:close(387)) - 34bb4e64-1059-4030-8a56-fd9416faa756@group-B080C88A3813: closes. applyIndex: -1
2019-10-04 13:47:07,854 [ForkJoinPool.commonPool-worker-1] INFO  impl.RaftServerImpl (ServerState.java:close(387)) - abf7bc81-30d5-42c0-a0af-45d0cecf5915@group-39017AAFEA81: closes. applyIndex: -1
2019-10-04 13:47:07,855 [34bb4e64-1059-4030-8a56-fd9416faa756@group-B080C88A3813-SegmentedRaftLogWorker] INFO  segmented.SegmentedRaftLogWorker (SegmentedRaftLogWorker.java:run(316)) - 34bb4e64-1059-4030-8a56-fd9416faa756@group-B080C88A3813-SegmentedRaftLogWorker was interrupted, exiting. There are 0 tasks remaining in the queue.
2019-10-04 13:47:07,855 [abf7bc81-30d5-42c0-a0af-45d0cecf5915@group-39017AAFEA81-SegmentedRaftLogWorker] INFO  segmented.SegmentedRaftLogWorker (SegmentedRaftLogWorker.java:run(316)) - abf7bc81-30d5-42c0-a0af-45d0cecf5915@group-39017AAFEA81-SegmentedRaftLogWorker was interrupted, exiting. There are 0 tasks remaining in the queue.
2019-10-04 13:47:07,855 [main] INFO  segmented.SegmentedRaftLogWorker (SegmentedRaftLogWorker.java:close(224)) - 34bb4e64-1059-4030-8a56-fd9416faa756@group-B080C88A3813-SegmentedRaftLogWorker close()
2019-10-04 13:47:07,855 [ForkJoinPool.commonPool-worker-1] INFO  segmented.SegmentedRaftLogWorker (SegmentedRaftLogWorker.java:close(224)) - abf7bc81-30d5-42c0-a0af-45d0cecf5915@group-39017AAFEA81-SegmentedRaftLogWorker close()
2019-10-04 13:47:07,864 [main] INFO  impl.RaftServerImpl (RaftServerImpl.java:lambda$shutdown$3(247)) - 34bb4e64-1059-4030-8a56-fd9416faa756@group-A38712A5A57E: shutdown
2019-10-04 13:47:07,869 [ForkJoinPool.commonPool-worker-1] INFO  impl.RaftServerImpl (RaftServerImpl.java:lambda$shutdown$3(247)) - abf7bc81-30d5-42c0-a0af-45d0cecf5915@group-9712D27F1C42: shutdown
2019-10-04 13:47:07,870 [main] INFO  util.JmxRegister (JmxRegister.java:unregister(73)) - Successfully un-registered JMX Bean with object name Ratis:service=RaftServer,group=group-A38712A5A57E,id=34bb4e64-1059-4030-8a56-fd9416faa756
2019-10-04 13:47:07,870 [ForkJoinPool.commonPool-worker-1] INFO  util.JmxRegister (JmxRegister.java:unregister(73)) - Successfully un-registered JMX Bean with object name Ratis:service=RaftServer,group=group-9712D27F1C42,id=abf7bc81-30d5-42c0-a0af-45d0cecf5915
2019-10-04 13:47:07,870 [ForkJoinPool.commonPool-worker-1] INFO  impl.RoleInfo (RoleInfo.java:shutdownLeaderState(104)) - abf7bc81-30d5-42c0-a0af-45d0cecf5915: shutdown LeaderState
2019-10-04 13:47:07,870 [main] INFO  impl.RoleInfo (RoleInfo.java:shutdownLeaderState(104)) - 34bb4e64-1059-4030-8a56-fd9416faa756: shutdown LeaderState
2019-10-04 13:47:07,871 [ForkJoinPool.commonPool-worker-1] INFO  impl.PendingRequests (PendingRequests.java:sendNotLeaderResponses(202)) - abf7bc81-30d5-42c0-a0af-45d0cecf5915@group-9712D27F1C42-PendingRequests: sendNotLeaderResponses
2019-10-04 13:47:07,871 [main] INFO  impl.PendingRequests (PendingRequests.java:sendNotLeaderResponses(202)) - 34bb4e64-1059-4030-8a56-fd9416faa756@group-A38712A5A57E-PendingRequests: sendNotLeaderResponses
2019-10-04 13:47:07,871 [ForkJoinPool.commonPool-worker-1] INFO  impl.StateMachineUpdater (StateMachineUpdater.java:stopAndJoin(136)) - abf7bc81-30d5-42c0-a0af-45d0cecf5915@group-9712D27F1C42-StateMachineUpdater: set stopIndex = 0
2019-10-04 13:47:07,871 [main] INFO  impl.StateMachineUpdater (StateMachineUpdater.java:stopAndJoin(136)) - 34bb4e64-1059-4030-8a56-fd9416faa756@group-A38712A5A57E-StateMachineUpdater: set stopIndex = 0
2019-10-04 13:47:07,872 [ForkJoinPool.commonPool-worker-1] INFO  impl.RaftServerImpl (ServerState.java:close(387)) - abf7bc81-30d5-42c0-a0af-45d0cecf5915@group-9712D27F1C42: closes. applyIndex: 0
2019-10-04 13:47:07,872 [main] INFO  impl.RaftServerImpl (ServerState.java:close(387)) - 34bb4e64-1059-4030-8a56-fd9416faa756@group-A38712A5A57E: closes. applyIndex: 0
2019-10-04 13:47:07,872 [abf7bc81-30d5-42c0-a0af-45d0cecf5915@group-9712D27F1C42-SegmentedRaftLogWorker] INFO  segmented.SegmentedRaftLogWorker (SegmentedRaftLogWorker.java:run(316)) - abf7bc81-30d5-42c0-a0af-45d0cecf5915@group-9712D27F1C42-SegmentedRaftLogWorker was interrupted, exiting. There are 0 tasks remaining in the queue.
2019-10-04 13:47:07,872 [34bb4e64-1059-4030-8a56-fd9416faa756@group-A38712A5A57E-SegmentedRaftLogWorker] INFO  segmented.SegmentedRaftLogWorker (SegmentedRaftLogWorker.java:run(316)) - 34bb4e64-1059-4030-8a56-fd9416faa756@group-A38712A5A57E-SegmentedRaftLogWorker was interrupted, exiting. There are 0 tasks remaining in the queue.
2019-10-04 13:47:07,880 [main] INFO  segmented.SegmentedRaftLogWorker (SegmentedRaftLogWorker.java:close(224)) - 34bb4e64-1059-4030-8a56-fd9416faa756@group-A38712A5A57E-SegmentedRaftLogWorker close()
2019-10-04 13:47:07,880 [ForkJoinPool.commonPool-worker-1] INFO  segmented.SegmentedRaftLogWorker (SegmentedRaftLogWorker.java:close(224)) - abf7bc81-30d5-42c0-a0af-45d0cecf5915@group-9712D27F1C42-SegmentedRaftLogWorker close()
2019-10-04 13:47:07,886 [main] INFO  server.GrpcService (GrpcService.java:closeImpl(164)) - 34bb4e64-1059-4030-8a56-fd9416faa756: shutdown server with port 39854 now
2019-10-04 13:47:07,893 [ForkJoinPool.commonPool-worker-1] INFO  server.GrpcService (GrpcService.java:closeImpl(164)) - abf7bc81-30d5-42c0-a0af-45d0cecf5915: shutdown server with port 35055 now
2019-10-04 13:47:07,894 [main] INFO  server.GrpcService (GrpcService.java:closeImpl(172)) - 34bb4e64-1059-4030-8a56-fd9416faa756: shutdown server with port 39854 successfully
2019-10-04 13:47:07,894 [ForkJoinPool.commonPool-worker-1] INFO  server.GrpcService (GrpcService.java:closeImpl(172)) - abf7bc81-30d5-42c0-a0af-45d0cecf5915: shutdown server with port 35055 successfully
2019-10-04 13:47:07,897 [refreshUsed-/workdir/hadoop-ozone/integration-test/target/test-dir/MiniOzoneClusterImpl-7f8d01bd-209a-4bb2-b348-2961670ba14e/datanode-5/data/containers] WARN  fs.CachingGetSpaceUsed (CachingGetSpaceUsed.java:run(183)) - Thread Interrupted waiting to refresh disk information: sleep interrupted
2019-10-04 13:47:07,898 [refreshUsed-/workdir/hadoop-ozone/integration-test/target/test-dir/MiniOzoneClusterImpl-7f8d01bd-209a-4bb2-b348-2961670ba14e/datanode-2/data/containers] WARN  fs.CachingGetSpaceUsed (CachingGetSpaceUsed.java:run(183)) - Thread Interrupted waiting to refresh disk information: sleep interrupted
2019-10-04 13:47:07,920 [ForkJoinPool.commonPool-worker-1] INFO  utils.BackgroundService (BackgroundService.java:shutdown(148)) - Shutting down service BlockDeletingService
2019-10-04 13:47:07,920 [main] INFO  utils.BackgroundService (BackgroundService.java:shutdown(148)) - Shutting down service BlockDeletingService
2019-10-04 13:47:07,950 [ForkJoinPool.commonPool-worker-1] INFO  statemachine.DatanodeStateMachine (DatanodeStateMachine.java:stopDaemon(395)) - Ozone container server stopped.
2019-10-04 13:47:07,959 [main] INFO  statemachine.DatanodeStateMachine (DatanodeStateMachine.java:stopDaemon(395)) - Ozone container server stopped.
2019-10-04 13:47:07,968 [ForkJoinPool.commonPool-worker-1] INFO  handler.ContextHandler (ContextHandler.java:doStop(910)) - Stopped o.e.j.w.WebAppContext@661e1399{/,null,UNAVAILABLE}{/hddsDatanode}
2019-10-04 13:47:07,968 [main] INFO  handler.ContextHandler (ContextHandler.java:doStop(910)) - Stopped o.e.j.w.WebAppContext@7f4e5a39{/,null,UNAVAILABLE}{/hddsDatanode}
2019-10-04 13:47:07,968 [ForkJoinPool.commonPool-worker-1] INFO  server.AbstractConnector (AbstractConnector.java:doStop(318)) - Stopped ServerConnector@3ffd4b12{HTTP/1.1,[http/1.1]}{0.0.0.0:0}
2019-10-04 13:47:07,968 [main] INFO  server.AbstractConnector (AbstractConnector.java:doStop(318)) - Stopped ServerConnector@33de7f3d{HTTP/1.1,[http/1.1]}{0.0.0.0:0}
2019-10-04 13:47:07,971 [ForkJoinPool.commonPool-worker-1] INFO  handler.ContextHandler (ContextHandler.java:doStop(910)) - Stopped o.e.j.s.ServletContextHandler@5d7f8467{/static,jar:file:/home/user/.m2/repository/org/apache/hadoop/hadoop-hdds-container-service/0.5.0-SNAPSHOT/hadoop-hdds-container-service-0.5.0-SNAPSHOT.jar!/webapps/static,UNAVAILABLE}
2019-10-04 13:47:07,971 [main] INFO  handler.ContextHandler (ContextHandler.java:doStop(910)) - Stopped o.e.j.s.ServletContextHandler@197ce367{/static,jar:file:/home/user/.m2/repository/org/apache/hadoop/hadoop-hdds-container-service/0.5.0-SNAPSHOT/hadoop-hdds-container-service-0.5.0-SNAPSHOT.jar!/webapps/static,UNAVAILABLE}
2019-10-04 13:47:07,973 [ForkJoinPool.commonPool-worker-1] INFO  handler.ContextHandler (ContextHandler.java:doStop(910)) - Stopped o.e.j.s.ServletContextHandler@4f5c30b1{/logs,file:///workdir/hadoop-ozone/integration-test/target/log,UNAVAILABLE}
2019-10-04 13:47:07,973 [main] INFO  handler.ContextHandler (ContextHandler.java:doStop(910)) - Stopped o.e.j.s.ServletContextHandler@6b16de91{/logs,file:///workdir/hadoop-ozone/integration-test/target/log,UNAVAILABLE}
2019-10-04 13:47:08,644 [Datanode State Machine Thread - 0] INFO  statemachine.DatanodeStateMachine (DatanodeStateMachine.java:lambda$startDaemon$0(350)) - Ozone container server started.
2019-10-04 13:47:08,864 [Datanode State Machine Thread - 0] INFO  statemachine.DatanodeStateMachine (DatanodeStateMachine.java:lambda$startDaemon$0(350)) - Ozone container server started.
2019-10-04 13:47:09,648 [34bb4e64-1059-4030-8a56-fd9416faa756@group-B080C88A3813-LeaderElection231] INFO  impl.LeaderElection (LeaderElection.java:askForVotes(178)) - 34bb4e64-1059-4030-8a56-fd9416faa756@group-B080C88A3813-LeaderElection231: begin an election at term 11 for -1: [1acd4a7f-a859-40e1-8534-5adb5341c727:192.168.30.33:43799, 34bb4e64-1059-4030-8a56-fd9416faa756:192.168.30.33:39854, 870a27db-da30-4d61-a408-9d113e1c9716:192.168.30.33:42515], old=null
2019-10-04 13:47:09,648 [e7c9b6e5-8734-4888-9a82-5562d6bfa950@group-6C24881946A3-LeaderElection232] INFO  impl.LeaderElection (LeaderElection.java:askForVotes(178)) - e7c9b6e5-8734-4888-9a82-5562d6bfa950@group-6C24881946A3-LeaderElection232: begin an election at term 10 for -1: [e7c9b6e5-8734-4888-9a82-5562d6bfa950:192.168.30.33:44869, d30cfae4-72b5-4ec1-a6ad-4fabcec0d6f2:192.168.30.33:40495, f7391afe-e883-4b58-900a-eef83ef5e847:192.168.30.33:36496], old=null
2019-10-04 13:47:09,649 [34bb4e64-1059-4030-8a56-fd9416faa756@group-B080C88A3813-LeaderElection231] INFO  impl.LeaderElection (LeaderElection.java:run(137)) - 34bb4e64-1059-4030-8a56-fd9416faa756@group-B080C88A3813-LeaderElection231: IllegalArgumentException is safely ignored since this is already CLOSING
java.lang.IllegalArgumentException: 34bb4e64-1059-4030-8a56-fd9416faa756@group-B080C88A3813-SegmentedRaftLog is expected to be opened but it is CLOSED
	at org.apache.ratis.util.OpenCloseState.assertOpen(OpenCloseState.java:63)
	at org.apache.ratis.server.raftlog.RaftLog.checkLogState(RaftLog.java:102)
	at org.apache.ratis.server.raftlog.segmented.SegmentedRaftLog.getLastEntryTermIndex(SegmentedRaftLog.java:345)
	at org.apache.ratis.server.impl.LeaderElection.askForVotes(LeaderElection.java:180)
	at org.apache.ratis.server.impl.LeaderElection.run(LeaderElection.java:133)
	at java.lang.Thread.run(Thread.java:748)
Caused by: org.apache.ratis.util.OpenCloseState$CloseTrace: Close 34bb4e64-1059-4030-8a56-fd9416faa756@group-B080C88A3813-SegmentedRaftLog
	at org.apache.ratis.util.OpenCloseState.lambda$close$1(OpenCloseState.java:109)
	at java.util.concurrent.atomic.AtomicReference.getAndUpdate(AtomicReference.java:160)
	at org.apache.ratis.util.OpenCloseState.close(OpenCloseState.java:109)
	at org.apache.ratis.server.raftlog.RaftLog.close(RaftLog.java:437)
	at org.apache.ratis.server.raftlog.segmented.SegmentedRaftLog.close(SegmentedRaftLog.java:500)
	at org.apache.ratis.server.impl.ServerState.close(ServerState.java:389)
	at org.apache.ratis.server.impl.RaftServerImpl.lambda$shutdown$3(RaftServerImpl.java:269)
	at org.apache.ratis.util.LifeCycle.lambda$checkStateAndClose$2(LifeCycle.java:231)
	at org.apache.ratis.util.LifeCycle.checkStateAndClose(LifeCycle.java:251)
	at org.apache.ratis.util.LifeCycle.checkStateAndClose(LifeCycle.java:229)
	at org.apache.ratis.server.impl.RaftServerImpl.shutdown(RaftServerImpl.java:246)
	at org.apache.ratis.server.impl.RaftServerProxy$ImplMap.lambda$close$0(RaftServerProxy.java:107)
	at java.util.stream.ForEachOps$ForEachOp$OfRef.accept(ForEachOps.java:184)
	at java.util.stream.ReferencePipeline$3$1.accept(ReferencePipeline.java:193)
	at java.util.concurrent.ConcurrentHashMap$ValueSpliterator.forEachRemaining(ConcurrentHashMap.java:3566)
	at java.util.stream.AbstractPipeline.copyInto(AbstractPipeline.java:482)
	at java.util.stream.ForEachOps$ForEachTask.compute(ForEachOps.java:291)
	at java.util.concurrent.CountedCompleter.exec(CountedCompleter.java:731)
	at java.util.concurrent.ForkJoinTask.doExec(ForkJoinTask.java:289)
	at java.util.concurrent.ForkJoinTask.doInvoke(ForkJoinTask.java:401)
	at java.util.concurrent.ForkJoinTask.invoke(ForkJoinTask.java:734)
	at java.util.stream.ForEachOps$ForEachOp.evaluateParallel(ForEachOps.java:160)
	at java.util.stream.ForEachOps$ForEachOp$OfRef.evaluateParallel(ForEachOps.java:174)
	at java.util.stream.AbstractPipeline.evaluate(AbstractPipeline.java:233)
	at java.util.stream.ReferencePipeline.forEach(ReferencePipeline.java:418)
	at org.apache.ratis.server.impl.RaftServerProxy$ImplMap.close(RaftServerProxy.java:107)
	at org.apache.ratis.server.impl.RaftServerProxy.lambda$close$4(RaftServerProxy.java:315)
	at org.apache.ratis.util.LifeCycle.lambda$checkStateAndClose$2(LifeCycle.java:231)
	at org.apache.ratis.util.LifeCycle.checkStateAndClose(LifeCycle.java:251)
	at org.apache.ratis.util.LifeCycle.checkStateAndClose(LifeCycle.java:229)
	at org.apache.ratis.server.impl.RaftServerProxy.close(RaftServerProxy.java:313)
	at org.apache.hadoop.ozone.container.common.transport.server.ratis.XceiverServerRatis.stop(XceiverServerRatis.java:447)
	at org.apache.hadoop.ozone.container.ozoneimpl.OzoneContainer.stop(OzoneContainer.java:233)
	at org.apache.hadoop.ozone.container.common.statemachine.DatanodeStateMachine.close(DatanodeStateMachine.java:270)
	at org.apache.hadoop.ozone.container.common.statemachine.DatanodeStateMachine.stopDaemon(DatanodeStateMachine.java:394)
	at org.apache.hadoop.ozone.HddsDatanodeService.stop(HddsDatanodeService.java:457)
	at org.apache.hadoop.ozone.MiniOzoneClusterImpl.stopDatanode(MiniOzoneClusterImpl.java:385)
	at java.util.stream.ForEachOps$ForEachOp$OfRef.accept(ForEachOps.java:184)
	at java.util.ArrayList$ArrayListSpliterator.forEachRemaining(ArrayList.java:1382)
	at java.util.stream.AbstractPipeline.copyInto(AbstractPipeline.java:482)
	at java.util.stream.ForEachOps$ForEachTask.compute(ForEachOps.java:291)
	at java.util.concurrent.CountedCompleter.exec(CountedCompleter.java:731)
	at java.util.concurrent.ForkJoinTask.doExec(ForkJoinTask.java:289)
	at java.util.concurrent.ForkJoinTask.doInvoke(ForkJoinTask.java:401)
	at java.util.concurrent.ForkJoinTask.invoke(ForkJoinTask.java:734)
	at java.util.stream.ForEachOps$ForEachOp.evaluateParallel(ForEachOps.java:160)
	at java.util.stream.ForEachOps$ForEachOp$OfRef.evaluateParallel(ForEachOps.java:174)
	at java.util.stream.AbstractPipeline.evaluate(AbstractPipeline.java:233)
	at java.util.stream.ReferencePipeline.forEach(ReferencePipeline.java:418)
	at java.util.stream.ReferencePipeline$Head.forEach(ReferencePipeline.java:583)
	at org.apache.hadoop.ozone.MiniOzoneClusterImpl.stopDatanodes(MiniOzoneClusterImpl.java:379)
	at org.apache.hadoop.ozone.MiniOzoneClusterImpl.stop(MiniOzoneClusterImpl.java:332)
	at org.apache.hadoop.ozone.MiniOzoneClusterImpl.shutdown(MiniOzoneClusterImpl.java:319)
	at org.apache.hadoop.ozone.client.rpc.TestFailureHandlingByClient.shutdown(TestFailureHandlingByClient.java:130)
	at sun.reflect.NativeMethodAccessorImpl.invoke0(Native Method)
	at sun.reflect.NativeMethodAccessorImpl.invoke(NativeMethodAccessorImpl.java:62)
	at sun.reflect.DelegatingMethodAccessorImpl.invoke(DelegatingMethodAccessorImpl.java:43)
	at java.lang.reflect.Method.invoke(Method.java:498)
	at org.junit.runners.model.FrameworkMethod$1.runReflectiveCall(FrameworkMethod.java:47)
	at org.junit.internal.runners.model.ReflectiveCallable.run(ReflectiveCallable.java:12)
	at org.junit.runners.model.FrameworkMethod.invokeExplosively(FrameworkMethod.java:44)
	at org.junit.internal.runners.statements.RunAfters.evaluate(RunAfters.java:33)
	at org.junit.runners.ParentRunner.runLeaf(ParentRunner.java:271)
	at org.junit.runners.BlockJUnit4ClassRunner.runChild(BlockJUnit4ClassRunner.java:70)
	at org.junit.runners.BlockJUnit4ClassRunner.runChild(BlockJUnit4ClassRunner.java:50)
	at org.junit.runners.ParentRunner$3.run(ParentRunner.java:238)
	at org.junit.runners.ParentRunner$1.schedule(ParentRunner.java:63)
	at org.junit.runners.ParentRunner.runChildren(ParentRunner.java:236)
	at org.junit.runners.ParentRunner.access$000(ParentRunner.java:53)
	at org.junit.runners.ParentRunner$2.evaluate(ParentRunner.java:229)
	at org.junit.runners.ParentRunner.run(ParentRunner.java:309)
	at org.apache.maven.surefire.junit4.JUnit4Provider.execute(JUnit4Provider.java:365)
	at org.apache.maven.surefire.junit4.JUnit4Provider.executeWithRerun(JUnit4Provider.java:273)
	at org.apache.maven.surefire.junit4.JUnit4Provider.executeTestSet(JUnit4Provider.java:238)
	at org.apache.maven.surefire.junit4.JUnit4Provider.invoke(JUnit4Provider.java:159)
	at org.apache.maven.surefire.booter.ForkedBooter.invokeProviderInSameClassLoader(ForkedBooter.java:384)
	at org.apache.maven.surefire.booter.ForkedBooter.runSuitesInProcess(ForkedBooter.java:345)
	at org.apache.maven.surefire.booter.ForkedBooter.execute(ForkedBooter.java:126)
	at org.apache.maven.surefire.booter.ForkedBooter.main(ForkedBooter.java:418)
2019-10-04 13:47:10,132 [4da2f670-0e5c-4bde-934c-3cd05d8a50a4@group-39017AAFEA81-LeaderElection236] INFO  impl.LeaderElection (LeaderElection.java:askForVotes(178)) - 4da2f670-0e5c-4bde-934c-3cd05d8a50a4@group-39017AAFEA81-LeaderElection236: begin an election at term 15 for -1: [4da2f670-0e5c-4bde-934c-3cd05d8a50a4:192.168.30.33:45990, a9f2dbb7-43c3-4367-8346-947b48bd4d79:192.168.30.33:34618, abf7bc81-30d5-42c0-a0af-45d0cecf5915:192.168.30.33:35055], old=null
2019-10-04 13:47:10,132 [d30cfae4-72b5-4ec1-a6ad-4fabcec0d6f2@group-6C24881946A3-LeaderElection233] INFO  impl.LeaderElection (LeaderElection.java:askForVotes(178)) - d30cfae4-72b5-4ec1-a6ad-4fabcec0d6f2@group-6C24881946A3-LeaderElection233: begin an election at term 10 for -1: [e7c9b6e5-8734-4888-9a82-5562d6bfa950:192.168.30.33:44869, d30cfae4-72b5-4ec1-a6ad-4fabcec0d6f2:192.168.30.33:40495, f7391afe-e883-4b58-900a-eef83ef5e847:192.168.30.33:36496], old=null
2019-10-04 13:47:10,132 [a9f2dbb7-43c3-4367-8346-947b48bd4d79@group-39017AAFEA81-LeaderElection237] INFO  impl.LeaderElection (LeaderElection.java:askForVotes(178)) - a9f2dbb7-43c3-4367-8346-947b48bd4d79@group-39017AAFEA81-LeaderElection237: begin an election at term 15 for -1: [4da2f670-0e5c-4bde-934c-3cd05d8a50a4:192.168.30.33:45990, a9f2dbb7-43c3-4367-8346-947b48bd4d79:192.168.30.33:34618, abf7bc81-30d5-42c0-a0af-45d0cecf5915:192.168.30.33:35055], old=null
2019-10-04 13:47:10,132 [870a27db-da30-4d61-a408-9d113e1c9716@group-B080C88A3813-LeaderElection235] INFO  impl.LeaderElection (LeaderElection.java:askForVotes(178)) - 870a27db-da30-4d61-a408-9d113e1c9716@group-B080C88A3813-LeaderElection235: begin an election at term 11 for -1: [1acd4a7f-a859-40e1-8534-5adb5341c727:192.168.30.33:43799, 34bb4e64-1059-4030-8a56-fd9416faa756:192.168.30.33:39854, 870a27db-da30-4d61-a408-9d113e1c9716:192.168.30.33:42515], old=null
2019-10-04 13:47:10,132 [abf7bc81-30d5-42c0-a0af-45d0cecf5915@group-39017AAFEA81-LeaderElection234] INFO  impl.LeaderElection (LeaderElection.java:askForVotes(178)) - abf7bc81-30d5-42c0-a0af-45d0cecf5915@group-39017AAFEA81-LeaderElection234: begin an election at term 15 for -1: [4da2f670-0e5c-4bde-934c-3cd05d8a50a4:192.168.30.33:45990, a9f2dbb7-43c3-4367-8346-947b48bd4d79:192.168.30.33:34618, abf7bc81-30d5-42c0-a0af-45d0cecf5915:192.168.30.33:35055], old=null
2019-10-04 13:47:10,132 [1acd4a7f-a859-40e1-8534-5adb5341c727@group-B080C88A3813-LeaderElection238] INFO  impl.LeaderElection (LeaderElection.java:askForVotes(178)) - 1acd4a7f-a859-40e1-8534-5adb5341c727@group-B080C88A3813-LeaderElection238: begin an election at term 11 for -1: [1acd4a7f-a859-40e1-8534-5adb5341c727:192.168.30.33:43799, 34bb4e64-1059-4030-8a56-fd9416faa756:192.168.30.33:39854, 870a27db-da30-4d61-a408-9d113e1c9716:192.168.30.33:42515], old=null
2019-10-04 13:47:10,132 [f7391afe-e883-4b58-900a-eef83ef5e847@group-6C24881946A3-LeaderElection239] INFO  impl.LeaderElection (LeaderElection.java:askForVotes(178)) - f7391afe-e883-4b58-900a-eef83ef5e847@group-6C24881946A3-LeaderElection239: begin an election at term 10 for -1: [e7c9b6e5-8734-4888-9a82-5562d6bfa950:192.168.30.33:44869, d30cfae4-72b5-4ec1-a6ad-4fabcec0d6f2:192.168.30.33:40495, f7391afe-e883-4b58-900a-eef83ef5e847:192.168.30.33:36496], old=null
2019-10-04 13:47:10,133 [abf7bc81-30d5-42c0-a0af-45d0cecf5915@group-39017AAFEA81-LeaderElection234] INFO  impl.LeaderElection (LeaderElection.java:run(137)) - abf7bc81-30d5-42c0-a0af-45d0cecf5915@group-39017AAFEA81-LeaderElection234: IllegalArgumentException is safely ignored since this is already CLOSING
java.lang.IllegalArgumentException: abf7bc81-30d5-42c0-a0af-45d0cecf5915@group-39017AAFEA81-SegmentedRaftLog is expected to be opened but it is CLOSED
	at org.apache.ratis.util.OpenCloseState.assertOpen(OpenCloseState.java:63)
	at org.apache.ratis.server.raftlog.RaftLog.checkLogState(RaftLog.java:102)
	at org.apache.ratis.server.raftlog.segmented.SegmentedRaftLog.getLastEntryTermIndex(SegmentedRaftLog.java:345)
	at org.apache.ratis.server.impl.LeaderElection.askForVotes(LeaderElection.java:180)
	at org.apache.ratis.server.impl.LeaderElection.run(LeaderElection.java:133)
	at java.lang.Thread.run(Thread.java:748)
Caused by: org.apache.ratis.util.OpenCloseState$CloseTrace: Close abf7bc81-30d5-42c0-a0af-45d0cecf5915@group-39017AAFEA81-SegmentedRaftLog
	at org.apache.ratis.util.OpenCloseState.lambda$close$1(OpenCloseState.java:109)
	at java.util.concurrent.atomic.AtomicReference.getAndUpdate(AtomicReference.java:160)
	at org.apache.ratis.util.OpenCloseState.close(OpenCloseState.java:109)
	at org.apache.ratis.server.raftlog.RaftLog.close(RaftLog.java:437)
	at org.apache.ratis.server.raftlog.segmented.SegmentedRaftLog.close(SegmentedRaftLog.java:500)
	at org.apache.ratis.server.impl.ServerState.close(ServerState.java:389)
	at org.apache.ratis.server.impl.RaftServerImpl.lambda$shutdown$3(RaftServerImpl.java:269)
	at org.apache.ratis.util.LifeCycle.lambda$checkStateAndClose$2(LifeCycle.java:231)
	at org.apache.ratis.util.LifeCycle.checkStateAndClose(LifeCycle.java:251)
	at org.apache.ratis.util.LifeCycle.checkStateAndClose(LifeCycle.java:229)
	at org.apache.ratis.server.impl.RaftServerImpl.shutdown(RaftServerImpl.java:246)
	at org.apache.ratis.server.impl.RaftServerProxy$ImplMap.lambda$close$0(RaftServerProxy.java:107)
	at java.util.stream.ForEachOps$ForEachOp$OfRef.accept(ForEachOps.java:184)
	at java.util.stream.ReferencePipeline$3$1.accept(ReferencePipeline.java:193)
	at java.util.concurrent.ConcurrentHashMap$ValueSpliterator.forEachRemaining(ConcurrentHashMap.java:3566)
	at java.util.stream.AbstractPipeline.copyInto(AbstractPipeline.java:482)
	at java.util.stream.ForEachOps$ForEachTask.compute(ForEachOps.java:291)
	at java.util.concurrent.CountedCompleter.exec(CountedCompleter.java:731)
	at java.util.concurrent.ForkJoinTask.doExec(ForkJoinTask.java:289)
	at java.util.concurrent.ForkJoinTask.doInvoke(ForkJoinTask.java:401)
	at java.util.concurrent.ForkJoinTask.invoke(ForkJoinTask.java:734)
	at java.util.stream.ForEachOps$ForEachOp.evaluateParallel(ForEachOps.java:160)
	at java.util.stream.ForEachOps$ForEachOp$OfRef.evaluateParallel(ForEachOps.java:174)
	at java.util.stream.AbstractPipeline.evaluate(AbstractPipeline.java:233)
	at java.util.stream.ReferencePipeline.forEach(ReferencePipeline.java:418)
	at org.apache.ratis.server.impl.RaftServerProxy$ImplMap.close(RaftServerProxy.java:107)
	at org.apache.ratis.server.impl.RaftServerProxy.lambda$close$4(RaftServerProxy.java:315)
	at org.apache.ratis.util.LifeCycle.lambda$checkStateAndClose$2(LifeCycle.java:231)
	at org.apache.ratis.util.LifeCycle.checkStateAndClose(LifeCycle.java:251)
	at org.apache.ratis.util.LifeCycle.checkStateAndClose(LifeCycle.java:229)
	at org.apache.ratis.server.impl.RaftServerProxy.close(RaftServerProxy.java:313)
	at org.apache.hadoop.ozone.container.common.transport.server.ratis.XceiverServerRatis.stop(XceiverServerRatis.java:447)
	at org.apache.hadoop.ozone.container.ozoneimpl.OzoneContainer.stop(OzoneContainer.java:233)
	at org.apache.hadoop.ozone.container.common.statemachine.DatanodeStateMachine.close(DatanodeStateMachine.java:270)
	at org.apache.hadoop.ozone.container.common.statemachine.DatanodeStateMachine.stopDaemon(DatanodeStateMachine.java:394)
	at org.apache.hadoop.ozone.HddsDatanodeService.stop(HddsDatanodeService.java:457)
	at org.apache.hadoop.ozone.MiniOzoneClusterImpl.stopDatanode(MiniOzoneClusterImpl.java:385)
	at java.util.stream.ForEachOps$ForEachOp$OfRef.accept(ForEachOps.java:184)
	at java.util.ArrayList$ArrayListSpliterator.forEachRemaining(ArrayList.java:1382)
	at java.util.stream.AbstractPipeline.copyInto(AbstractPipeline.java:482)
	at java.util.stream.ForEachOps$ForEachTask.compute(ForEachOps.java:291)
	at java.util.concurrent.CountedCompleter.exec(CountedCompleter.java:731)
	at java.util.concurrent.ForkJoinTask.doExec(ForkJoinTask.java:289)
	at java.util.concurrent.ForkJoinPool$WorkQueue.runTask(ForkJoinPool.java:1056)
	at java.util.concurrent.ForkJoinPool.runWorker(ForkJoinPool.java:1692)
	at java.util.concurrent.ForkJoinWorkerThread.run(ForkJoinWorkerThread.java:157)
2019-10-04 13:47:10,138 [e7c9b6e5-8734-4888-9a82-5562d6bfa950@group-6C24881946A3-LeaderElection232] INFO  impl.LeaderElection (LeaderElection.java:logAndReturn(56)) - e7c9b6e5-8734-4888-9a82-5562d6bfa950@group-6C24881946A3-LeaderElection232: Election REJECTED; received 2 response(s) [e7c9b6e5-8734-4888-9a82-5562d6bfa950<-d30cfae4-72b5-4ec1-a6ad-4fabcec0d6f2#0:FAIL-t10, e7c9b6e5-8734-4888-9a82-5562d6bfa950<-f7391afe-e883-4b58-900a-eef83ef5e847#0:FAIL-t10] and 0 exception(s); e7c9b6e5-8734-4888-9a82-5562d6bfa950@group-6C24881946A3:t10, leader=null, voted=e7c9b6e5-8734-4888-9a82-5562d6bfa950, raftlog=e7c9b6e5-8734-4888-9a82-5562d6bfa950@group-6C24881946A3-SegmentedRaftLog:OPENED:c-1,f-1,i0, conf=-1: [e7c9b6e5-8734-4888-9a82-5562d6bfa950:192.168.30.33:44869, d30cfae4-72b5-4ec1-a6ad-4fabcec0d6f2:192.168.30.33:40495, f7391afe-e883-4b58-900a-eef83ef5e847:192.168.30.33:36496], old=null
2019-10-04 13:47:10,138 [e7c9b6e5-8734-4888-9a82-5562d6bfa950@group-6C24881946A3-LeaderElection232] INFO  impl.RaftServerImpl (RaftServerImpl.java:setRole(170)) - e7c9b6e5-8734-4888-9a82-5562d6bfa950@group-6C24881946A3: changes role from CANDIDATE to FOLLOWER at term 10 for DISCOVERED_A_NEW_TERM
2019-10-04 13:47:10,139 [e7c9b6e5-8734-4888-9a82-5562d6bfa950@group-6C24881946A3-LeaderElection232] INFO  impl.RoleInfo (RoleInfo.java:shutdownLeaderElection(134)) - e7c9b6e5-8734-4888-9a82-5562d6bfa950: shutdown LeaderElection
2019-10-04 13:47:10,139 [e7c9b6e5-8734-4888-9a82-5562d6bfa950@group-6C24881946A3-LeaderElection232] INFO  impl.RoleInfo (RoleInfo.java:updateAndGet(143)) - e7c9b6e5-8734-4888-9a82-5562d6bfa950: start FollowerState
2019-10-04 13:47:10,139 [a9f2dbb7-43c3-4367-8346-947b48bd4d79@group-39017AAFEA81-LeaderElection237] INFO  impl.LeaderElection (LogUtils.java:infoOrTrace(149)) - a9f2dbb7-43c3-4367-8346-947b48bd4d79@group-39017AAFEA81-LeaderElection237 got exception when requesting votes: {}
java.util.concurrent.ExecutionException: org.apache.ratis.thirdparty.io.grpc.StatusRuntimeException: UNAVAILABLE: io exception
	at java.util.concurrent.FutureTask.report(FutureTask.java:122)
	at java.util.concurrent.FutureTask.get(FutureTask.java:192)
	at org.apache.ratis.server.impl.LeaderElection.waitForResults(LeaderElection.java:259)
	at org.apache.ratis.server.impl.LeaderElection.askForVotes(LeaderElection.java:197)
	at org.apache.ratis.server.impl.LeaderElection.run(LeaderElection.java:133)
	at java.lang.Thread.run(Thread.java:748)
Caused by: org.apache.ratis.thirdparty.io.grpc.StatusRuntimeException: UNAVAILABLE: io exception
	at org.apache.ratis.thirdparty.io.grpc.stub.ClientCalls.toStatusRuntimeException(ClientCalls.java:233)
	at org.apache.ratis.thirdparty.io.grpc.stub.ClientCalls.getUnchecked(ClientCalls.java:214)
	at org.apache.ratis.thirdparty.io.grpc.stub.ClientCalls.blockingUnaryCall(ClientCalls.java:139)
	at org.apache.ratis.proto.grpc.RaftServerProtocolServiceGrpc$RaftServerProtocolServiceBlockingStub.requestVote(RaftServerProtocolServiceGrpc.java:265)
	at org.apache.ratis.grpc.server.GrpcServerProtocolClient.requestVote(GrpcServerProtocolClient.java:99)
	at org.apache.ratis.grpc.server.GrpcService.requestVote(GrpcService.java:204)
	at org.apache.ratis.server.impl.LeaderElection.lambda$submitRequests$1(LeaderElection.java:234)
	at java.util.concurrent.FutureTask.run(FutureTask.java:266)
	at java.util.concurrent.Executors$RunnableAdapter.call(Executors.java:511)
	at java.util.concurrent.FutureTask.run(FutureTask.java:266)
	at java.util.concurrent.ThreadPoolExecutor.runWorker(ThreadPoolExecutor.java:1149)
	at java.util.concurrent.ThreadPoolExecutor$Worker.run(ThreadPoolExecutor.java:624)
	... 1 more
Caused by: org.apache.ratis.thirdparty.io.netty.channel.AbstractChannel$AnnotatedConnectException: Connection refused: /192.168.30.33:35055
	at sun.nio.ch.SocketChannelImpl.checkConnect(Native Method)
	at sun.nio.ch.SocketChannelImpl.finishConnect(SocketChannelImpl.java:717)
	at org.apache.ratis.thirdparty.io.netty.channel.socket.nio.NioSocketChannel.doFinishConnect(NioSocketChannel.java:327)
	at org.apache.ratis.thirdparty.io.netty.channel.nio.AbstractNioChannel$AbstractNioUnsafe.finishConnect(AbstractNioChannel.java:340)
	at org.apache.ratis.thirdparty.io.netty.channel.nio.NioEventLoop.processSelectedKey(NioEventLoop.java:632)
	at org.apache.ratis.thirdparty.io.netty.channel.nio.NioEventLoop.processSelectedKeysOptimized(NioEventLoop.java:579)
	at org.apache.ratis.thirdparty.io.netty.channel.nio.NioEventLoop.processSelectedKeys(NioEventLoop.java:496)
	at org.apache.ratis.thirdparty.io.netty.channel.nio.NioEventLoop.run(NioEventLoop.java:458)
	at org.apache.ratis.thirdparty.io.netty.util.concurrent.SingleThreadEventExecutor$5.run(SingleThreadEventExecutor.java:897)
	at org.apache.ratis.thirdparty.io.netty.util.concurrent.FastThreadLocalRunnable.run(FastThreadLocalRunnable.java:30)
	... 1 more
Caused by: java.net.ConnectException: Connection refused
	... 11 more
2019-10-04 13:47:10,140 [870a27db-da30-4d61-a408-9d113e1c9716@group-B080C88A3813-LeaderElection235] INFO  impl.LeaderElection (LogUtils.java:infoOrTrace(149)) - 870a27db-da30-4d61-a408-9d113e1c9716@group-B080C88A3813-LeaderElection235 got exception when requesting votes: {}
java.util.concurrent.ExecutionException: org.apache.ratis.thirdparty.io.grpc.StatusRuntimeException: UNAVAILABLE: io exception
	at java.util.concurrent.FutureTask.report(FutureTask.java:122)
	at java.util.concurrent.FutureTask.get(FutureTask.java:192)
	at org.apache.ratis.server.impl.LeaderElection.waitForResults(LeaderElection.java:259)
	at org.apache.ratis.server.impl.LeaderElection.askForVotes(LeaderElection.java:197)
	at org.apache.ratis.server.impl.LeaderElection.run(LeaderElection.java:133)
	at java.lang.Thread.run(Thread.java:748)
Caused by: org.apache.ratis.thirdparty.io.grpc.StatusRuntimeException: UNAVAILABLE: io exception
	at org.apache.ratis.thirdparty.io.grpc.stub.ClientCalls.toStatusRuntimeException(ClientCalls.java:233)
	at org.apache.ratis.thirdparty.io.grpc.stub.ClientCalls.getUnchecked(ClientCalls.java:214)
	at org.apache.ratis.thirdparty.io.grpc.stub.ClientCalls.blockingUnaryCall(ClientCalls.java:139)
	at org.apache.ratis.proto.grpc.RaftServerProtocolServiceGrpc$RaftServerProtocolServiceBlockingStub.requestVote(RaftServerProtocolServiceGrpc.java:265)
	at org.apache.ratis.grpc.server.GrpcServerProtocolClient.requestVote(GrpcServerProtocolClient.java:99)
	at org.apache.ratis.grpc.server.GrpcService.requestVote(GrpcService.java:204)
	at org.apache.ratis.server.impl.LeaderElection.lambda$submitRequests$1(LeaderElection.java:234)
	at java.util.concurrent.FutureTask.run(FutureTask.java:266)
	at java.util.concurrent.Executors$RunnableAdapter.call(Executors.java:511)
	at java.util.concurrent.FutureTask.run(FutureTask.java:266)
	at java.util.concurrent.ThreadPoolExecutor.runWorker(ThreadPoolExecutor.java:1149)
	at java.util.concurrent.ThreadPoolExecutor$Worker.run(ThreadPoolExecutor.java:624)
	... 1 more
Caused by: org.apache.ratis.thirdparty.io.netty.channel.AbstractChannel$AnnotatedConnectException: Connection refused: /192.168.30.33:39854
	at sun.nio.ch.SocketChannelImpl.checkConnect(Native Method)
	at sun.nio.ch.SocketChannelImpl.finishConnect(SocketChannelImpl.java:717)
	at org.apache.ratis.thirdparty.io.netty.channel.socket.nio.NioSocketChannel.doFinishConnect(NioSocketChannel.java:327)
	at org.apache.ratis.thirdparty.io.netty.channel.nio.AbstractNioChannel$AbstractNioUnsafe.finishConnect(AbstractNioChannel.java:340)
	at org.apache.ratis.thirdparty.io.netty.channel.nio.NioEventLoop.processSelectedKey(NioEventLoop.java:632)
	at org.apache.ratis.thirdparty.io.netty.channel.nio.NioEventLoop.processSelectedKeysOptimized(NioEventLoop.java:579)
	at org.apache.ratis.thirdparty.io.netty.channel.nio.NioEventLoop.processSelectedKeys(NioEventLoop.java:496)
	at org.apache.ratis.thirdparty.io.netty.channel.nio.NioEventLoop.run(NioEventLoop.java:458)
	at org.apache.ratis.thirdparty.io.netty.util.concurrent.SingleThreadEventExecutor$5.run(SingleThreadEventExecutor.java:897)
	at org.apache.ratis.thirdparty.io.netty.util.concurrent.FastThreadLocalRunnable.run(FastThreadLocalRunnable.java:30)
	... 1 more
Caused by: java.net.ConnectException: Connection refused
	... 11 more
2019-10-04 13:47:10,140 [1acd4a7f-a859-40e1-8534-5adb5341c727@group-B080C88A3813-LeaderElection238] INFO  impl.LeaderElection (LogUtils.java:infoOrTrace(149)) - 1acd4a7f-a859-40e1-8534-5adb5341c727@group-B080C88A3813-LeaderElection238 got exception when requesting votes: {}
java.util.concurrent.ExecutionException: org.apache.ratis.thirdparty.io.grpc.StatusRuntimeException: UNAVAILABLE: io exception
	at java.util.concurrent.FutureTask.report(FutureTask.java:122)
	at java.util.concurrent.FutureTask.get(FutureTask.java:192)
	at org.apache.ratis.server.impl.LeaderElection.waitForResults(LeaderElection.java:259)
	at org.apache.ratis.server.impl.LeaderElection.askForVotes(LeaderElection.java:197)
	at org.apache.ratis.server.impl.LeaderElection.run(LeaderElection.java:133)
	at java.lang.Thread.run(Thread.java:748)
Caused by: org.apache.ratis.thirdparty.io.grpc.StatusRuntimeException: UNAVAILABLE: io exception
	at org.apache.ratis.thirdparty.io.grpc.stub.ClientCalls.toStatusRuntimeException(ClientCalls.java:233)
	at org.apache.ratis.thirdparty.io.grpc.stub.ClientCalls.getUnchecked(ClientCalls.java:214)
	at org.apache.ratis.thirdparty.io.grpc.stub.ClientCalls.blockingUnaryCall(ClientCalls.java:139)
	at org.apache.ratis.proto.grpc.RaftServerProtocolServiceGrpc$RaftServerProtocolServiceBlockingStub.requestVote(RaftServerProtocolServiceGrpc.java:265)
	at org.apache.ratis.grpc.server.GrpcServerProtocolClient.requestVote(GrpcServerProtocolClient.java:99)
	at org.apache.ratis.grpc.server.GrpcService.requestVote(GrpcService.java:204)
	at org.apache.ratis.server.impl.LeaderElection.lambda$submitRequests$1(LeaderElection.java:234)
	at java.util.concurrent.FutureTask.run(FutureTask.java:266)
	at java.util.concurrent.Executors$RunnableAdapter.call(Executors.java:511)
	at java.util.concurrent.FutureTask.run(FutureTask.java:266)
	at java.util.concurrent.ThreadPoolExecutor.runWorker(ThreadPoolExecutor.java:1149)
	at java.util.concurrent.ThreadPoolExecutor$Worker.run(ThreadPoolExecutor.java:624)
	... 1 more
Caused by: org.apache.ratis.thirdparty.io.netty.channel.AbstractChannel$AnnotatedConnectException: Connection refused: /192.168.30.33:39854
	at sun.nio.ch.SocketChannelImpl.checkConnect(Native Method)
	at sun.nio.ch.SocketChannelImpl.finishConnect(SocketChannelImpl.java:717)
	at org.apache.ratis.thirdparty.io.netty.channel.socket.nio.NioSocketChannel.doFinishConnect(NioSocketChannel.java:327)
	at org.apache.ratis.thirdparty.io.netty.channel.nio.AbstractNioChannel$AbstractNioUnsafe.finishConnect(AbstractNioChannel.java:340)
	at org.apache.ratis.thirdparty.io.netty.channel.nio.NioEventLoop.processSelectedKey(NioEventLoop.java:632)
	at org.apache.ratis.thirdparty.io.netty.channel.nio.NioEventLoop.processSelectedKeysOptimized(NioEventLoop.java:579)
	at org.apache.ratis.thirdparty.io.netty.channel.nio.NioEventLoop.processSelectedKeys(NioEventLoop.java:496)
	at org.apache.ratis.thirdparty.io.netty.channel.nio.NioEventLoop.run(NioEventLoop.java:458)
	at org.apache.ratis.thirdparty.io.netty.util.concurrent.SingleThreadEventExecutor$5.run(SingleThreadEventExecutor.java:897)
	at org.apache.ratis.thirdparty.io.netty.util.concurrent.FastThreadLocalRunnable.run(FastThreadLocalRunnable.java:30)
	... 1 more
Caused by: java.net.ConnectException: Connection refused
	... 11 more
2019-10-04 13:47:10,139 [4da2f670-0e5c-4bde-934c-3cd05d8a50a4@group-39017AAFEA81-LeaderElection236] INFO  impl.LeaderElection (LogUtils.java:infoOrTrace(149)) - 4da2f670-0e5c-4bde-934c-3cd05d8a50a4@group-39017AAFEA81-LeaderElection236 got exception when requesting votes: {}
java.util.concurrent.ExecutionException: org.apache.ratis.thirdparty.io.grpc.StatusRuntimeException: UNAVAILABLE: io exception
	at java.util.concurrent.FutureTask.report(FutureTask.java:122)
	at java.util.concurrent.FutureTask.get(FutureTask.java:192)
	at org.apache.ratis.server.impl.LeaderElection.waitForResults(LeaderElection.java:259)
	at org.apache.ratis.server.impl.LeaderElection.askForVotes(LeaderElection.java:197)
	at org.apache.ratis.server.impl.LeaderElection.run(LeaderElection.java:133)
	at java.lang.Thread.run(Thread.java:748)
Caused by: org.apache.ratis.thirdparty.io.grpc.StatusRuntimeException: UNAVAILABLE: io exception
	at org.apache.ratis.thirdparty.io.grpc.stub.ClientCalls.toStatusRuntimeException(ClientCalls.java:233)
	at org.apache.ratis.thirdparty.io.grpc.stub.ClientCalls.getUnchecked(ClientCalls.java:214)
	at org.apache.ratis.thirdparty.io.grpc.stub.ClientCalls.blockingUnaryCall(ClientCalls.java:139)
	at org.apache.ratis.proto.grpc.RaftServerProtocolServiceGrpc$RaftServerProtocolServiceBlockingStub.requestVote(RaftServerProtocolServiceGrpc.java:265)
	at org.apache.ratis.grpc.server.GrpcServerProtocolClient.requestVote(GrpcServerProtocolClient.java:99)
	at org.apache.ratis.grpc.server.GrpcService.requestVote(GrpcService.java:204)
	at org.apache.ratis.server.impl.LeaderElection.lambda$submitRequests$1(LeaderElection.java:234)
	at java.util.concurrent.FutureTask.run(FutureTask.java:266)
	at java.util.concurrent.Executors$RunnableAdapter.call(Executors.java:511)
	at java.util.concurrent.FutureTask.run(FutureTask.java:266)
	at java.util.concurrent.ThreadPoolExecutor.runWorker(ThreadPoolExecutor.java:1149)
	at java.util.concurrent.ThreadPoolExecutor$Worker.run(ThreadPoolExecutor.java:624)
	... 1 more
Caused by: org.apache.ratis.thirdparty.io.netty.channel.AbstractChannel$AnnotatedConnectException: Connection refused: /192.168.30.33:35055
	at sun.nio.ch.SocketChannelImpl.checkConnect(Native Method)
	at sun.nio.ch.SocketChannelImpl.finishConnect(SocketChannelImpl.java:717)
	at org.apache.ratis.thirdparty.io.netty.channel.socket.nio.NioSocketChannel.doFinishConnect(NioSocketChannel.java:327)
	at org.apache.ratis.thirdparty.io.netty.channel.nio.AbstractNioChannel$AbstractNioUnsafe.finishConnect(AbstractNioChannel.java:340)
	at org.apache.ratis.thirdparty.io.netty.channel.nio.NioEventLoop.processSelectedKey(NioEventLoop.java:632)
	at org.apache.ratis.thirdparty.io.netty.channel.nio.NioEventLoop.processSelectedKeysOptimized(NioEventLoop.java:579)
	at org.apache.ratis.thirdparty.io.netty.channel.nio.NioEventLoop.processSelectedKeys(NioEventLoop.java:496)
	at org.apache.ratis.thirdparty.io.netty.channel.nio.NioEventLoop.run(NioEventLoop.java:458)
	at org.apache.ratis.thirdparty.io.netty.util.concurrent.SingleThreadEventExecutor$5.run(SingleThreadEventExecutor.java:897)
	at org.apache.ratis.thirdparty.io.netty.util.concurrent.FastThreadLocalRunnable.run(FastThreadLocalRunnable.java:30)
	... 1 more
Caused by: java.net.ConnectException: Connection refused
	... 11 more
2019-10-04 13:47:10,141 [f7391afe-e883-4b58-900a-eef83ef5e847@group-6C24881946A3-LeaderElection239] INFO  impl.LeaderElection (LeaderElection.java:logAndReturn(56)) - f7391afe-e883-4b58-900a-eef83ef5e847@group-6C24881946A3-LeaderElection239: Election REJECTED; received 2 response(s) [f7391afe-e883-4b58-900a-eef83ef5e847<-e7c9b6e5-8734-4888-9a82-5562d6bfa950#0:FAIL-t10, f7391afe-e883-4b58-900a-eef83ef5e847<-d30cfae4-72b5-4ec1-a6ad-4fabcec0d6f2#0:FAIL-t10] and 0 exception(s); f7391afe-e883-4b58-900a-eef83ef5e847@group-6C24881946A3:t10, leader=null, voted=f7391afe-e883-4b58-900a-eef83ef5e847, raftlog=f7391afe-e883-4b58-900a-eef83ef5e847@group-6C24881946A3-SegmentedRaftLog:OPENED:c-1,f-1,i0, conf=-1: [e7c9b6e5-8734-4888-9a82-5562d6bfa950:192.168.30.33:44869, d30cfae4-72b5-4ec1-a6ad-4fabcec0d6f2:192.168.30.33:40495, f7391afe-e883-4b58-900a-eef83ef5e847:192.168.30.33:36496], old=null
2019-10-04 13:47:10,142 [d30cfae4-72b5-4ec1-a6ad-4fabcec0d6f2@group-6C24881946A3-LeaderElection233] INFO  impl.LeaderElection (LeaderElection.java:logAndReturn(56)) - d30cfae4-72b5-4ec1-a6ad-4fabcec0d6f2@group-6C24881946A3-LeaderElection233: Election REJECTED; received 2 response(s) [d30cfae4-72b5-4ec1-a6ad-4fabcec0d6f2<-e7c9b6e5-8734-4888-9a82-5562d6bfa950#0:FAIL-t10, d30cfae4-72b5-4ec1-a6ad-4fabcec0d6f2<-f7391afe-e883-4b58-900a-eef83ef5e847#0:FAIL-t10] and 0 exception(s); d30cfae4-72b5-4ec1-a6ad-4fabcec0d6f2@group-6C24881946A3:t10, leader=null, voted=d30cfae4-72b5-4ec1-a6ad-4fabcec0d6f2, raftlog=d30cfae4-72b5-4ec1-a6ad-4fabcec0d6f2@group-6C24881946A3-SegmentedRaftLog:OPENED:c-1,f-1,i0, conf=-1: [e7c9b6e5-8734-4888-9a82-5562d6bfa950:192.168.30.33:44869, d30cfae4-72b5-4ec1-a6ad-4fabcec0d6f2:192.168.30.33:40495, f7391afe-e883-4b58-900a-eef83ef5e847:192.168.30.33:36496], old=null
2019-10-04 13:47:10,141 [870a27db-da30-4d61-a408-9d113e1c9716@group-B080C88A3813-LeaderElection235] INFO  impl.LeaderElection (LeaderElection.java:logAndReturn(56)) - 870a27db-da30-4d61-a408-9d113e1c9716@group-B080C88A3813-LeaderElection235: Election REJECTED; received 1 response(s) [870a27db-da30-4d61-a408-9d113e1c9716<-1acd4a7f-a859-40e1-8534-5adb5341c727#0:FAIL-t11] and 1 exception(s); 870a27db-da30-4d61-a408-9d113e1c9716@group-B080C88A3813:t11, leader=null, voted=870a27db-da30-4d61-a408-9d113e1c9716, raftlog=870a27db-da30-4d61-a408-9d113e1c9716@group-B080C88A3813-SegmentedRaftLog:OPENED:c-1,f-1,i0, conf=-1: [1acd4a7f-a859-40e1-8534-5adb5341c727:192.168.30.33:43799, 34bb4e64-1059-4030-8a56-fd9416faa756:192.168.30.33:39854, 870a27db-da30-4d61-a408-9d113e1c9716:192.168.30.33:42515], old=null
2019-10-04 13:47:10,140 [a9f2dbb7-43c3-4367-8346-947b48bd4d79@group-39017AAFEA81-LeaderElection237] INFO  impl.LeaderElection (LeaderElection.java:logAndReturn(56)) - a9f2dbb7-43c3-4367-8346-947b48bd4d79@group-39017AAFEA81-LeaderElection237: Election REJECTED; received 1 response(s) [a9f2dbb7-43c3-4367-8346-947b48bd4d79<-4da2f670-0e5c-4bde-934c-3cd05d8a50a4#0:FAIL-t15] and 1 exception(s); a9f2dbb7-43c3-4367-8346-947b48bd4d79@group-39017AAFEA81:t15, leader=null, voted=a9f2dbb7-43c3-4367-8346-947b48bd4d79, raftlog=a9f2dbb7-43c3-4367-8346-947b48bd4d79@group-39017AAFEA81-SegmentedRaftLog:OPENED:c-1,f-1,i0, conf=-1: [4da2f670-0e5c-4bde-934c-3cd05d8a50a4:192.168.30.33:45990, a9f2dbb7-43c3-4367-8346-947b48bd4d79:192.168.30.33:34618, abf7bc81-30d5-42c0-a0af-45d0cecf5915:192.168.30.33:35055], old=null
2019-10-04 13:47:10,142 [870a27db-da30-4d61-a408-9d113e1c9716@group-B080C88A3813-LeaderElection235] INFO  impl.LeaderElection (LogUtils.java:infoOrTrace(149)) -   Exception 0: {}
java.util.concurrent.ExecutionException: org.apache.ratis.thirdparty.io.grpc.StatusRuntimeException: UNAVAILABLE: io exception
	at java.util.concurrent.FutureTask.report(FutureTask.java:122)
	at java.util.concurrent.FutureTask.get(FutureTask.java:192)
	at org.apache.ratis.server.impl.LeaderElection.waitForResults(LeaderElection.java:259)
	at org.apache.ratis.server.impl.LeaderElection.askForVotes(LeaderElection.java:197)
	at org.apache.ratis.server.impl.LeaderElection.run(LeaderElection.java:133)
	at java.lang.Thread.run(Thread.java:748)
Caused by: org.apache.ratis.thirdparty.io.grpc.StatusRuntimeException: UNAVAILABLE: io exception
	at org.apache.ratis.thirdparty.io.grpc.stub.ClientCalls.toStatusRuntimeException(ClientCalls.java:233)
	at org.apache.ratis.thirdparty.io.grpc.stub.ClientCalls.getUnchecked(ClientCalls.java:214)
	at org.apache.ratis.thirdparty.io.grpc.stub.ClientCalls.blockingUnaryCall(ClientCalls.java:139)
	at org.apache.ratis.proto.grpc.RaftServerProtocolServiceGrpc$RaftServerProtocolServiceBlockingStub.requestVote(RaftServerProtocolServiceGrpc.java:265)
	at org.apache.ratis.grpc.server.GrpcServerProtocolClient.requestVote(GrpcServerProtocolClient.java:99)
	at org.apache.ratis.grpc.server.GrpcService.requestVote(GrpcService.java:204)
	at org.apache.ratis.server.impl.LeaderElection.lambda$submitRequests$1(LeaderElection.java:234)
	at java.util.concurrent.FutureTask.run(FutureTask.java:266)
	at java.util.concurrent.Executors$RunnableAdapter.call(Executors.java:511)
	at java.util.concurrent.FutureTask.run(FutureTask.java:266)
	at java.util.concurrent.ThreadPoolExecutor.runWorker(ThreadPoolExecutor.java:1149)
	at java.util.concurrent.ThreadPoolExecutor$Worker.run(ThreadPoolExecutor.java:624)
	... 1 more
Caused by: org.apache.ratis.thirdparty.io.netty.channel.AbstractChannel$AnnotatedConnectException: Connection refused: /192.168.30.33:39854
	at sun.nio.ch.SocketChannelImpl.checkConnect(Native Method)
	at sun.nio.ch.SocketChannelImpl.finishConnect(SocketChannelImpl.java:717)
	at org.apache.ratis.thirdparty.io.netty.channel.socket.nio.NioSocketChannel.doFinishConnect(NioSocketChannel.java:327)
	at org.apache.ratis.thirdparty.io.netty.channel.nio.AbstractNioChannel$AbstractNioUnsafe.finishConnect(AbstractNioChannel.java:340)
	at org.apache.ratis.thirdparty.io.netty.channel.nio.NioEventLoop.processSelectedKey(NioEventLoop.java:632)
	at org.apache.ratis.thirdparty.io.netty.channel.nio.NioEventLoop.processSelectedKeysOptimized(NioEventLoop.java:579)
	at org.apache.ratis.thirdparty.io.netty.channel.nio.NioEventLoop.processSelectedKeys(NioEventLoop.java:496)
	at org.apache.ratis.thirdparty.io.netty.channel.nio.NioEventLoop.run(NioEventLoop.java:458)
	at org.apache.ratis.thirdparty.io.netty.util.concurrent.SingleThreadEventExecutor$5.run(SingleThreadEventExecutor.java:897)
	at org.apache.ratis.thirdparty.io.netty.util.concurrent.FastThreadLocalRunnable.run(FastThreadLocalRunnable.java:30)
	... 1 more
Caused by: java.net.ConnectException: Connection refused
	... 11 more
2019-10-04 13:47:10,142 [d30cfae4-72b5-4ec1-a6ad-4fabcec0d6f2@group-6C24881946A3-LeaderElection233] INFO  impl.RaftServerImpl (RaftServerImpl.java:setRole(170)) - d30cfae4-72b5-4ec1-a6ad-4fabcec0d6f2@group-6C24881946A3: changes role from CANDIDATE to FOLLOWER at term 10 for DISCOVERED_A_NEW_TERM
2019-10-04 13:47:10,143 [d30cfae4-72b5-4ec1-a6ad-4fabcec0d6f2@group-6C24881946A3-LeaderElection233] INFO  impl.RoleInfo (RoleInfo.java:shutdownLeaderElection(134)) - d30cfae4-72b5-4ec1-a6ad-4fabcec0d6f2: shutdown LeaderElection
2019-10-04 13:47:10,142 [f7391afe-e883-4b58-900a-eef83ef5e847@group-6C24881946A3-LeaderElection239] INFO  impl.RaftServerImpl (RaftServerImpl.java:setRole(170)) - f7391afe-e883-4b58-900a-eef83ef5e847@group-6C24881946A3: changes role from CANDIDATE to FOLLOWER at term 10 for DISCOVERED_A_NEW_TERM
2019-10-04 13:47:10,143 [f7391afe-e883-4b58-900a-eef83ef5e847@group-6C24881946A3-LeaderElection239] INFO  impl.RoleInfo (RoleInfo.java:shutdownLeaderElection(134)) - f7391afe-e883-4b58-900a-eef83ef5e847: shutdown LeaderElection
2019-10-04 13:47:10,142 [1acd4a7f-a859-40e1-8534-5adb5341c727@group-B080C88A3813-LeaderElection238] INFO  impl.LeaderElection (LeaderElection.java:logAndReturn(56)) - 1acd4a7f-a859-40e1-8534-5adb5341c727@group-B080C88A3813-LeaderElection238: Election REJECTED; received 1 response(s) [1acd4a7f-a859-40e1-8534-5adb5341c727<-870a27db-da30-4d61-a408-9d113e1c9716#0:FAIL-t11] and 1 exception(s); 1acd4a7f-a859-40e1-8534-5adb5341c727@group-B080C88A3813:t11, leader=null, voted=1acd4a7f-a859-40e1-8534-5adb5341c727, raftlog=1acd4a7f-a859-40e1-8534-5adb5341c727@group-B080C88A3813-SegmentedRaftLog:OPENED:c-1,f-1,i0, conf=-1: [1acd4a7f-a859-40e1-8534-5adb5341c727:192.168.30.33:43799, 34bb4e64-1059-4030-8a56-fd9416faa756:192.168.30.33:39854, 870a27db-da30-4d61-a408-9d113e1c9716:192.168.30.33:42515], old=null
2019-10-04 13:47:10,143 [1acd4a7f-a859-40e1-8534-5adb5341c727@group-B080C88A3813-LeaderElection238] INFO  impl.LeaderElection (LogUtils.java:infoOrTrace(149)) -   Exception 0: {}
java.util.concurrent.ExecutionException: org.apache.ratis.thirdparty.io.grpc.StatusRuntimeException: UNAVAILABLE: io exception
	at java.util.concurrent.FutureTask.report(FutureTask.java:122)
	at java.util.concurrent.FutureTask.get(FutureTask.java:192)
	at org.apache.ratis.server.impl.LeaderElection.waitForResults(LeaderElection.java:259)
	at org.apache.ratis.server.impl.LeaderElection.askForVotes(LeaderElection.java:197)
	at org.apache.ratis.server.impl.LeaderElection.run(LeaderElection.java:133)
	at java.lang.Thread.run(Thread.java:748)
Caused by: org.apache.ratis.thirdparty.io.grpc.StatusRuntimeException: UNAVAILABLE: io exception
	at org.apache.ratis.thirdparty.io.grpc.stub.ClientCalls.toStatusRuntimeException(ClientCalls.java:233)
	at org.apache.ratis.thirdparty.io.grpc.stub.ClientCalls.getUnchecked(ClientCalls.java:214)
	at org.apache.ratis.thirdparty.io.grpc.stub.ClientCalls.blockingUnaryCall(ClientCalls.java:139)
	at org.apache.ratis.proto.grpc.RaftServerProtocolServiceGrpc$RaftServerProtocolServiceBlockingStub.requestVote(RaftServerProtocolServiceGrpc.java:265)
	at org.apache.ratis.grpc.server.GrpcServerProtocolClient.requestVote(GrpcServerProtocolClient.java:99)
	at org.apache.ratis.grpc.server.GrpcService.requestVote(GrpcService.java:204)
	at org.apache.ratis.server.impl.LeaderElection.lambda$submitRequests$1(LeaderElection.java:234)
	at java.util.concurrent.FutureTask.run(FutureTask.java:266)
	at java.util.concurrent.Executors$RunnableAdapter.call(Executors.java:511)
	at java.util.concurrent.FutureTask.run(FutureTask.java:266)
	at java.util.concurrent.ThreadPoolExecutor.runWorker(ThreadPoolExecutor.java:1149)
	at java.util.concurrent.ThreadPoolExecutor$Worker.run(ThreadPoolExecutor.java:624)
	... 1 more
Caused by: org.apache.ratis.thirdparty.io.netty.channel.AbstractChannel$AnnotatedConnectException: Connection refused: /192.168.30.33:39854
	at sun.nio.ch.SocketChannelImpl.checkConnect(Native Method)
	at sun.nio.ch.SocketChannelImpl.finishConnect(SocketChannelImpl.java:717)
	at org.apache.ratis.thirdparty.io.netty.channel.socket.nio.NioSocketChannel.doFinishConnect(NioSocketChannel.java:327)
	at org.apache.ratis.thirdparty.io.netty.channel.nio.AbstractNioChannel$AbstractNioUnsafe.finishConnect(AbstractNioChannel.java:340)
	at org.apache.ratis.thirdparty.io.netty.channel.nio.NioEventLoop.processSelectedKey(NioEventLoop.java:632)
	at org.apache.ratis.thirdparty.io.netty.channel.nio.NioEventLoop.processSelectedKeysOptimized(NioEventLoop.java:579)
	at org.apache.ratis.thirdparty.io.netty.channel.nio.NioEventLoop.processSelectedKeys(NioEventLoop.java:496)
	at org.apache.ratis.thirdparty.io.netty.channel.nio.NioEventLoop.run(NioEventLoop.java:458)
	at org.apache.ratis.thirdparty.io.netty.util.concurrent.SingleThreadEventExecutor$5.run(SingleThreadEventExecutor.java:897)
	at org.apache.ratis.thirdparty.io.netty.util.concurrent.FastThreadLocalRunnable.run(FastThreadLocalRunnable.java:30)
	... 1 more
Caused by: java.net.ConnectException: Connection refused
	... 11 more
2019-10-04 13:47:10,141 [4da2f670-0e5c-4bde-934c-3cd05d8a50a4@group-39017AAFEA81-LeaderElection236] INFO  impl.LeaderElection (LeaderElection.java:logAndReturn(56)) - 4da2f670-0e5c-4bde-934c-3cd05d8a50a4@group-39017AAFEA81-LeaderElection236: Election REJECTED; received 1 response(s) [4da2f670-0e5c-4bde-934c-3cd05d8a50a4<-a9f2dbb7-43c3-4367-8346-947b48bd4d79#0:FAIL-t15] and 1 exception(s); 4da2f670-0e5c-4bde-934c-3cd05d8a50a4@group-39017AAFEA81:t15, leader=null, voted=4da2f670-0e5c-4bde-934c-3cd05d8a50a4, raftlog=4da2f670-0e5c-4bde-934c-3cd05d8a50a4@group-39017AAFEA81-SegmentedRaftLog:OPENED:c-1,f-1,i0, conf=-1: [4da2f670-0e5c-4bde-934c-3cd05d8a50a4:192.168.30.33:45990, a9f2dbb7-43c3-4367-8346-947b48bd4d79:192.168.30.33:34618, abf7bc81-30d5-42c0-a0af-45d0cecf5915:192.168.30.33:35055], old=null
2019-10-04 13:47:10,143 [1acd4a7f-a859-40e1-8534-5adb5341c727@group-B080C88A3813-LeaderElection238] INFO  impl.RaftServerImpl (RaftServerImpl.java:setRole(170)) - 1acd4a7f-a859-40e1-8534-5adb5341c727@group-B080C88A3813: changes role from CANDIDATE to FOLLOWER at term 11 for DISCOVERED_A_NEW_TERM
2019-10-04 13:47:10,144 [1acd4a7f-a859-40e1-8534-5adb5341c727@group-B080C88A3813-LeaderElection238] INFO  impl.RoleInfo (RoleInfo.java:shutdownLeaderElection(134)) - 1acd4a7f-a859-40e1-8534-5adb5341c727: shutdown LeaderElection
2019-10-04 13:47:10,143 [f7391afe-e883-4b58-900a-eef83ef5e847@group-6C24881946A3-LeaderElection239] INFO  impl.RoleInfo (RoleInfo.java:updateAndGet(143)) - f7391afe-e883-4b58-900a-eef83ef5e847: start FollowerState
2019-10-04 13:47:10,143 [d30cfae4-72b5-4ec1-a6ad-4fabcec0d6f2@group-6C24881946A3-LeaderElection233] INFO  impl.RoleInfo (RoleInfo.java:updateAndGet(143)) - d30cfae4-72b5-4ec1-a6ad-4fabcec0d6f2: start FollowerState
2019-10-04 13:47:10,143 [870a27db-da30-4d61-a408-9d113e1c9716@group-B080C88A3813-LeaderElection235] INFO  impl.RaftServerImpl (RaftServerImpl.java:setRole(170)) - 870a27db-da30-4d61-a408-9d113e1c9716@group-B080C88A3813: changes role from CANDIDATE to FOLLOWER at term 11 for DISCOVERED_A_NEW_TERM
2019-10-04 13:47:10,144 [870a27db-da30-4d61-a408-9d113e1c9716@group-B080C88A3813-LeaderElection235] INFO  impl.RoleInfo (RoleInfo.java:shutdownLeaderElection(134)) - 870a27db-da30-4d61-a408-9d113e1c9716: shutdown LeaderElection
2019-10-04 13:47:10,142 [a9f2dbb7-43c3-4367-8346-947b48bd4d79@group-39017AAFEA81-LeaderElection237] INFO  impl.LeaderElection (LogUtils.java:infoOrTrace(149)) -   Exception 0: {}
java.util.concurrent.ExecutionException: org.apache.ratis.thirdparty.io.grpc.StatusRuntimeException: UNAVAILABLE: io exception
	at java.util.concurrent.FutureTask.report(FutureTask.java:122)
	at java.util.concurrent.FutureTask.get(FutureTask.java:192)
	at org.apache.ratis.server.impl.LeaderElection.waitForResults(LeaderElection.java:259)
	at org.apache.ratis.server.impl.LeaderElection.askForVotes(LeaderElection.java:197)
	at org.apache.ratis.server.impl.LeaderElection.run(LeaderElection.java:133)
	at java.lang.Thread.run(Thread.java:748)
Caused by: org.apache.ratis.thirdparty.io.grpc.StatusRuntimeException: UNAVAILABLE: io exception
	at org.apache.ratis.thirdparty.io.grpc.stub.ClientCalls.toStatusRuntimeException(ClientCalls.java:233)
	at org.apache.ratis.thirdparty.io.grpc.stub.ClientCalls.getUnchecked(ClientCalls.java:214)
	at org.apache.ratis.thirdparty.io.grpc.stub.ClientCalls.blockingUnaryCall(ClientCalls.java:139)
	at org.apache.ratis.proto.grpc.RaftServerProtocolServiceGrpc$RaftServerProtocolServiceBlockingStub.requestVote(RaftServerProtocolServiceGrpc.java:265)
	at org.apache.ratis.grpc.server.GrpcServerProtocolClient.requestVote(GrpcServerProtocolClient.java:99)
	at org.apache.ratis.grpc.server.GrpcService.requestVote(GrpcService.java:204)
	at org.apache.ratis.server.impl.LeaderElection.lambda$submitRequests$1(LeaderElection.java:234)
	at java.util.concurrent.FutureTask.run(FutureTask.java:266)
	at java.util.concurrent.Executors$RunnableAdapter.call(Executors.java:511)
	at java.util.concurrent.FutureTask.run(FutureTask.java:266)
	at java.util.concurrent.ThreadPoolExecutor.runWorker(ThreadPoolExecutor.java:1149)
	at java.util.concurrent.ThreadPoolExecutor$Worker.run(ThreadPoolExecutor.java:624)
	... 1 more
Caused by: org.apache.ratis.thirdparty.io.netty.channel.AbstractChannel$AnnotatedConnectException: Connection refused: /192.168.30.33:35055
	at sun.nio.ch.SocketChannelImpl.checkConnect(Native Method)
	at sun.nio.ch.SocketChannelImpl.finishConnect(SocketChannelImpl.java:717)
	at org.apache.ratis.thirdparty.io.netty.channel.socket.nio.NioSocketChannel.doFinishConnect(NioSocketChannel.java:327)
	at org.apache.ratis.thirdparty.io.netty.channel.nio.AbstractNioChannel$AbstractNioUnsafe.finishConnect(AbstractNioChannel.java:340)
	at org.apache.ratis.thirdparty.io.netty.channel.nio.NioEventLoop.processSelectedKey(NioEventLoop.java:632)
	at org.apache.ratis.thirdparty.io.netty.channel.nio.NioEventLoop.processSelectedKeysOptimized(NioEventLoop.java:579)
	at org.apache.ratis.thirdparty.io.netty.channel.nio.NioEventLoop.processSelectedKeys(NioEventLoop.java:496)
	at org.apache.ratis.thirdparty.io.netty.channel.nio.NioEventLoop.run(NioEventLoop.java:458)
	at org.apache.ratis.thirdparty.io.netty.util.concurrent.SingleThreadEventExecutor$5.run(SingleThreadEventExecutor.java:897)
	at org.apache.ratis.thirdparty.io.netty.util.concurrent.FastThreadLocalRunnable.run(FastThreadLocalRunnable.java:30)
	... 1 more
Caused by: java.net.ConnectException: Connection refused
	... 11 more
2019-10-04 13:47:10,144 [870a27db-da30-4d61-a408-9d113e1c9716@group-B080C88A3813-LeaderElection235] INFO  impl.RoleInfo (RoleInfo.java:updateAndGet(143)) - 870a27db-da30-4d61-a408-9d113e1c9716: start FollowerState
2019-10-04 13:47:10,144 [1acd4a7f-a859-40e1-8534-5adb5341c727@group-B080C88A3813-LeaderElection238] INFO  impl.RoleInfo (RoleInfo.java:updateAndGet(143)) - 1acd4a7f-a859-40e1-8534-5adb5341c727: start FollowerState
2019-10-04 13:47:10,144 [4da2f670-0e5c-4bde-934c-3cd05d8a50a4@group-39017AAFEA81-LeaderElection236] INFO  impl.LeaderElection (LogUtils.java:infoOrTrace(149)) -   Exception 0: {}
java.util.concurrent.ExecutionException: org.apache.ratis.thirdparty.io.grpc.StatusRuntimeException: UNAVAILABLE: io exception
	at java.util.concurrent.FutureTask.report(FutureTask.java:122)
	at java.util.concurrent.FutureTask.get(FutureTask.java:192)
	at org.apache.ratis.server.impl.LeaderElection.waitForResults(LeaderElection.java:259)
	at org.apache.ratis.server.impl.LeaderElection.askForVotes(LeaderElection.java:197)
	at org.apache.ratis.server.impl.LeaderElection.run(LeaderElection.java:133)
	at java.lang.Thread.run(Thread.java:748)
Caused by: org.apache.ratis.thirdparty.io.grpc.StatusRuntimeException: UNAVAILABLE: io exception
	at org.apache.ratis.thirdparty.io.grpc.stub.ClientCalls.toStatusRuntimeException(ClientCalls.java:233)
	at org.apache.ratis.thirdparty.io.grpc.stub.ClientCalls.getUnchecked(ClientCalls.java:214)
	at org.apache.ratis.thirdparty.io.grpc.stub.ClientCalls.blockingUnaryCall(ClientCalls.java:139)
	at org.apache.ratis.proto.grpc.RaftServerProtocolServiceGrpc$RaftServerProtocolServiceBlockingStub.requestVote(RaftServerProtocolServiceGrpc.java:265)
	at org.apache.ratis.grpc.server.GrpcServerProtocolClient.requestVote(GrpcServerProtocolClient.java:99)
	at org.apache.ratis.grpc.server.GrpcService.requestVote(GrpcService.java:204)
	at org.apache.ratis.server.impl.LeaderElection.lambda$submitRequests$1(LeaderElection.java:234)
	at java.util.concurrent.FutureTask.run(FutureTask.java:266)
	at java.util.concurrent.Executors$RunnableAdapter.call(Executors.java:511)
	at java.util.concurrent.FutureTask.run(FutureTask.java:266)
	at java.util.concurrent.ThreadPoolExecutor.runWorker(ThreadPoolExecutor.java:1149)
	at java.util.concurrent.ThreadPoolExecutor$Worker.run(ThreadPoolExecutor.java:624)
	... 1 more
Caused by: org.apache.ratis.thirdparty.io.netty.channel.AbstractChannel$AnnotatedConnectException: Connection refused: /192.168.30.33:35055
	at sun.nio.ch.SocketChannelImpl.checkConnect(Native Method)
	at sun.nio.ch.SocketChannelImpl.finishConnect(SocketChannelImpl.java:717)
	at org.apache.ratis.thirdparty.io.netty.channel.socket.nio.NioSocketChannel.doFinishConnect(NioSocketChannel.java:327)
	at org.apache.ratis.thirdparty.io.netty.channel.nio.AbstractNioChannel$AbstractNioUnsafe.finishConnect(AbstractNioChannel.java:340)
	at org.apache.ratis.thirdparty.io.netty.channel.nio.NioEventLoop.processSelectedKey(NioEventLoop.java:632)
	at org.apache.ratis.thirdparty.io.netty.channel.nio.NioEventLoop.processSelectedKeysOptimized(NioEventLoop.java:579)
	at org.apache.ratis.thirdparty.io.netty.channel.nio.NioEventLoop.processSelectedKeys(NioEventLoop.java:496)
	at org.apache.ratis.thirdparty.io.netty.channel.nio.NioEventLoop.run(NioEventLoop.java:458)
	at org.apache.ratis.thirdparty.io.netty.util.concurrent.SingleThreadEventExecutor$5.run(SingleThreadEventExecutor.java:897)
	at org.apache.ratis.thirdparty.io.netty.util.concurrent.FastThreadLocalRunnable.run(FastThreadLocalRunnable.java:30)
	... 1 more
Caused by: java.net.ConnectException: Connection refused
	... 11 more
2019-10-04 13:47:10,145 [a9f2dbb7-43c3-4367-8346-947b48bd4d79@group-39017AAFEA81-LeaderElection237] INFO  impl.RaftServerImpl (RaftServerImpl.java:setRole(170)) - a9f2dbb7-43c3-4367-8346-947b48bd4d79@group-39017AAFEA81: changes role from CANDIDATE to FOLLOWER at term 15 for DISCOVERED_A_NEW_TERM
2019-10-04 13:47:10,146 [a9f2dbb7-43c3-4367-8346-947b48bd4d79@group-39017AAFEA81-LeaderElection237] INFO  impl.RoleInfo (RoleInfo.java:shutdownLeaderElection(134)) - a9f2dbb7-43c3-4367-8346-947b48bd4d79: shutdown LeaderElection
2019-10-04 13:47:10,146 [4da2f670-0e5c-4bde-934c-3cd05d8a50a4@group-39017AAFEA81-LeaderElection236] INFO  impl.RaftServerImpl (RaftServerImpl.java:setRole(170)) - 4da2f670-0e5c-4bde-934c-3cd05d8a50a4@group-39017AAFEA81: changes role from CANDIDATE to FOLLOWER at term 15 for DISCOVERED_A_NEW_TERM
2019-10-04 13:47:10,146 [4da2f670-0e5c-4bde-934c-3cd05d8a50a4@group-39017AAFEA81-LeaderElection236] INFO  impl.RoleInfo (RoleInfo.java:shutdownLeaderElection(134)) - 4da2f670-0e5c-4bde-934c-3cd05d8a50a4: shutdown LeaderElection
2019-10-04 13:47:10,146 [a9f2dbb7-43c3-4367-8346-947b48bd4d79@group-39017AAFEA81-LeaderElection237] INFO  impl.RoleInfo (RoleInfo.java:updateAndGet(143)) - a9f2dbb7-43c3-4367-8346-947b48bd4d79: start FollowerState
2019-10-04 13:47:10,146 [4da2f670-0e5c-4bde-934c-3cd05d8a50a4@group-39017AAFEA81-LeaderElection236] INFO  impl.RoleInfo (RoleInfo.java:updateAndGet(143)) - 4da2f670-0e5c-4bde-934c-3cd05d8a50a4: start FollowerState
2019-10-04 13:47:11,163 [Thread-3957] INFO  impl.FollowerState (FollowerState.java:run(108)) - 870a27db-da30-4d61-a408-9d113e1c9716@group-B080C88A3813-FollowerState: change to CANDIDATE, lastRpcTime:1018ms, electionTimeout:1018ms
2019-10-04 13:47:11,163 [Thread-3957] INFO  impl.RoleInfo (RoleInfo.java:shutdownFollowerState(121)) - 870a27db-da30-4d61-a408-9d113e1c9716: shutdown FollowerState
2019-10-04 13:47:11,164 [Thread-3957] INFO  impl.RaftServerImpl (RaftServerImpl.java:setRole(170)) - 870a27db-da30-4d61-a408-9d113e1c9716@group-B080C88A3813: changes role from  FOLLOWER to CANDIDATE at term 11 for changeToCandidate
2019-10-04 13:47:11,164 [Thread-3957] INFO  impl.RoleInfo (RoleInfo.java:updateAndGet(143)) - 870a27db-da30-4d61-a408-9d113e1c9716: start LeaderElection
2019-10-04 13:47:11,180 [Thread-3954] INFO  impl.FollowerState (FollowerState.java:run(108)) - d30cfae4-72b5-4ec1-a6ad-4fabcec0d6f2@group-6C24881946A3-FollowerState: change to CANDIDATE, lastRpcTime:1036ms, electionTimeout:1035ms
2019-10-04 13:47:11,180 [Thread-3954] INFO  impl.RoleInfo (RoleInfo.java:shutdownFollowerState(121)) - d30cfae4-72b5-4ec1-a6ad-4fabcec0d6f2: shutdown FollowerState
2019-10-04 13:47:11,180 [Thread-3954] INFO  impl.RaftServerImpl (RaftServerImpl.java:setRole(170)) - d30cfae4-72b5-4ec1-a6ad-4fabcec0d6f2@group-6C24881946A3: changes role from  FOLLOWER to CANDIDATE at term 10 for changeToCandidate
2019-10-04 13:47:11,180 [Thread-3954] INFO  impl.RoleInfo (RoleInfo.java:updateAndGet(143)) - d30cfae4-72b5-4ec1-a6ad-4fabcec0d6f2: start LeaderElection
2019-10-04 13:47:11,209 [Thread-3953] INFO  impl.FollowerState (FollowerState.java:run(108)) - e7c9b6e5-8734-4888-9a82-5562d6bfa950@group-6C24881946A3-FollowerState: change to CANDIDATE, lastRpcTime:1069ms, electionTimeout:1069ms
2019-10-04 13:47:11,209 [Thread-3953] INFO  impl.RoleInfo (RoleInfo.java:shutdownFollowerState(121)) - e7c9b6e5-8734-4888-9a82-5562d6bfa950: shutdown FollowerState
2019-10-04 13:47:11,209 [Thread-3953] INFO  impl.RaftServerImpl (RaftServerImpl.java:setRole(170)) - e7c9b6e5-8734-4888-9a82-5562d6bfa950@group-6C24881946A3: changes role from  FOLLOWER to CANDIDATE at term 10 for changeToCandidate
2019-10-04 13:47:11,209 [Thread-3953] INFO  impl.RoleInfo (RoleInfo.java:updateAndGet(143)) - e7c9b6e5-8734-4888-9a82-5562d6bfa950: start LeaderElection
2019-10-04 13:47:11,210 [870a27db-da30-4d61-a408-9d113e1c9716@group-B080C88A3813-LeaderElection240] INFO  impl.LeaderElection (LeaderElection.java:askForVotes(178)) - 870a27db-da30-4d61-a408-9d113e1c9716@group-B080C88A3813-LeaderElection240: begin an election at term 12 for -1: [1acd4a7f-a859-40e1-8534-5adb5341c727:192.168.30.33:43799, 34bb4e64-1059-4030-8a56-fd9416faa756:192.168.30.33:39854, 870a27db-da30-4d61-a408-9d113e1c9716:192.168.30.33:42515], old=null
2019-10-04 13:47:11,210 [870a27db-da30-4d61-a408-9d113e1c9716@group-B080C88A3813-LeaderElection240] INFO  impl.LeaderElection (LogUtils.java:infoOrTrace(149)) - 870a27db-da30-4d61-a408-9d113e1c9716@group-B080C88A3813-LeaderElection240 got exception when requesting votes: {}
java.util.concurrent.ExecutionException: org.apache.ratis.thirdparty.io.grpc.StatusRuntimeException: UNAVAILABLE: io exception
	at java.util.concurrent.FutureTask.report(FutureTask.java:122)
	at java.util.concurrent.FutureTask.get(FutureTask.java:192)
	at org.apache.ratis.server.impl.LeaderElection.waitForResults(LeaderElection.java:259)
	at org.apache.ratis.server.impl.LeaderElection.askForVotes(LeaderElection.java:197)
	at org.apache.ratis.server.impl.LeaderElection.run(LeaderElection.java:133)
	at java.lang.Thread.run(Thread.java:748)
Caused by: org.apache.ratis.thirdparty.io.grpc.StatusRuntimeException: UNAVAILABLE: io exception
	at org.apache.ratis.thirdparty.io.grpc.stub.ClientCalls.toStatusRuntimeException(ClientCalls.java:233)
	at org.apache.ratis.thirdparty.io.grpc.stub.ClientCalls.getUnchecked(ClientCalls.java:214)
	at org.apache.ratis.thirdparty.io.grpc.stub.ClientCalls.blockingUnaryCall(ClientCalls.java:139)
	at org.apache.ratis.proto.grpc.RaftServerProtocolServiceGrpc$RaftServerProtocolServiceBlockingStub.requestVote(RaftServerProtocolServiceGrpc.java:265)
	at org.apache.ratis.grpc.server.GrpcServerProtocolClient.requestVote(GrpcServerProtocolClient.java:99)
	at org.apache.ratis.grpc.server.GrpcService.requestVote(GrpcService.java:204)
	at org.apache.ratis.server.impl.LeaderElection.lambda$submitRequests$1(LeaderElection.java:234)
	at java.util.concurrent.FutureTask.run(FutureTask.java:266)
	at java.util.concurrent.Executors$RunnableAdapter.call(Executors.java:511)
	at java.util.concurrent.FutureTask.run(FutureTask.java:266)
	at java.util.concurrent.ThreadPoolExecutor.runWorker(ThreadPoolExecutor.java:1149)
	at java.util.concurrent.ThreadPoolExecutor$Worker.run(ThreadPoolExecutor.java:624)
	... 1 more
Caused by: org.apache.ratis.thirdparty.io.netty.channel.AbstractChannel$AnnotatedConnectException: Connection refused: /192.168.30.33:39854
	at sun.nio.ch.SocketChannelImpl.checkConnect(Native Method)
	at sun.nio.ch.SocketChannelImpl.finishConnect(SocketChannelImpl.java:717)
	at org.apache.ratis.thirdparty.io.netty.channel.socket.nio.NioSocketChannel.doFinishConnect(NioSocketChannel.java:327)
	at org.apache.ratis.thirdparty.io.netty.channel.nio.AbstractNioChannel$AbstractNioUnsafe.finishConnect(AbstractNioChannel.java:340)
	at org.apache.ratis.thirdparty.io.netty.channel.nio.NioEventLoop.processSelectedKey(NioEventLoop.java:632)
	at org.apache.ratis.thirdparty.io.netty.channel.nio.NioEventLoop.processSelectedKeysOptimized(NioEventLoop.java:579)
	at org.apache.ratis.thirdparty.io.netty.channel.nio.NioEventLoop.processSelectedKeys(NioEventLoop.java:496)
	at org.apache.ratis.thirdparty.io.netty.channel.nio.NioEventLoop.run(NioEventLoop.java:458)
	at org.apache.ratis.thirdparty.io.netty.util.concurrent.SingleThreadEventExecutor$5.run(SingleThreadEventExecutor.java:897)
	at org.apache.ratis.thirdparty.io.netty.util.concurrent.FastThreadLocalRunnable.run(FastThreadLocalRunnable.java:30)
	... 1 more
Caused by: java.net.ConnectException: Connection refused
	... 11 more
2019-10-04 13:47:11,212 [grpc-default-executor-12] INFO  impl.RaftServerImpl (RaftServerImpl.java:setRole(170)) - 1acd4a7f-a859-40e1-8534-5adb5341c727@group-B080C88A3813: changes role from  FOLLOWER to FOLLOWER at term 12 for recognizeCandidate:870a27db-da30-4d61-a408-9d113e1c9716
2019-10-04 13:47:11,212 [grpc-default-executor-12] INFO  impl.RoleInfo (RoleInfo.java:shutdownFollowerState(121)) - 1acd4a7f-a859-40e1-8534-5adb5341c727: shutdown FollowerState
2019-10-04 13:47:11,212 [grpc-default-executor-12] INFO  impl.RoleInfo (RoleInfo.java:updateAndGet(143)) - 1acd4a7f-a859-40e1-8534-5adb5341c727: start FollowerState
2019-10-04 13:47:11,212 [Thread-3956] INFO  impl.FollowerState (FollowerState.java:run(117)) - 1acd4a7f-a859-40e1-8534-5adb5341c727@group-B080C88A3813-FollowerState was interrupted: java.lang.InterruptedException: sleep interrupted
2019-10-04 13:47:11,222 [Thread-3955] INFO  impl.FollowerState (FollowerState.java:run(108)) - f7391afe-e883-4b58-900a-eef83ef5e847@group-6C24881946A3-FollowerState: change to CANDIDATE, lastRpcTime:1079ms, electionTimeout:1078ms
2019-10-04 13:47:11,223 [Thread-3955] INFO  impl.RoleInfo (RoleInfo.java:shutdownFollowerState(121)) - f7391afe-e883-4b58-900a-eef83ef5e847: shutdown FollowerState
2019-10-04 13:47:11,223 [Thread-3955] INFO  impl.RaftServerImpl (RaftServerImpl.java:setRole(170)) - f7391afe-e883-4b58-900a-eef83ef5e847@group-6C24881946A3: changes role from  FOLLOWER to CANDIDATE at term 10 for changeToCandidate
2019-10-04 13:47:11,223 [Thread-3955] INFO  impl.RoleInfo (RoleInfo.java:updateAndGet(143)) - f7391afe-e883-4b58-900a-eef83ef5e847: start LeaderElection
2019-10-04 13:47:11,244 [e7c9b6e5-8734-4888-9a82-5562d6bfa950@group-6C24881946A3-LeaderElection242] INFO  impl.LeaderElection (LeaderElection.java:askForVotes(178)) - e7c9b6e5-8734-4888-9a82-5562d6bfa950@group-6C24881946A3-LeaderElection242: begin an election at term 11 for -1: [e7c9b6e5-8734-4888-9a82-5562d6bfa950:192.168.30.33:44869, d30cfae4-72b5-4ec1-a6ad-4fabcec0d6f2:192.168.30.33:40495, f7391afe-e883-4b58-900a-eef83ef5e847:192.168.30.33:36496], old=null
2019-10-04 13:47:11,244 [d30cfae4-72b5-4ec1-a6ad-4fabcec0d6f2@group-6C24881946A3-LeaderElection241] INFO  impl.LeaderElection (LeaderElection.java:askForVotes(178)) - d30cfae4-72b5-4ec1-a6ad-4fabcec0d6f2@group-6C24881946A3-LeaderElection241: begin an election at term 11 for -1: [e7c9b6e5-8734-4888-9a82-5562d6bfa950:192.168.30.33:44869, d30cfae4-72b5-4ec1-a6ad-4fabcec0d6f2:192.168.30.33:40495, f7391afe-e883-4b58-900a-eef83ef5e847:192.168.30.33:36496], old=null
2019-10-04 13:47:11,268 [Thread-3959] INFO  impl.FollowerState (FollowerState.java:run(108)) - 4da2f670-0e5c-4bde-934c-3cd05d8a50a4@group-39017AAFEA81-FollowerState: change to CANDIDATE, lastRpcTime:1121ms, electionTimeout:1121ms
2019-10-04 13:47:11,268 [Thread-3959] INFO  impl.RoleInfo (RoleInfo.java:shutdownFollowerState(121)) - 4da2f670-0e5c-4bde-934c-3cd05d8a50a4: shutdown FollowerState
2019-10-04 13:47:11,268 [Thread-3959] INFO  impl.RaftServerImpl (RaftServerImpl.java:setRole(170)) - 4da2f670-0e5c-4bde-934c-3cd05d8a50a4@group-39017AAFEA81: changes role from  FOLLOWER to CANDIDATE at term 15 for changeToCandidate
2019-10-04 13:47:11,268 [Thread-3959] INFO  impl.RoleInfo (RoleInfo.java:updateAndGet(143)) - 4da2f670-0e5c-4bde-934c-3cd05d8a50a4: start LeaderElection
2019-10-04 13:47:11,282 [f7391afe-e883-4b58-900a-eef83ef5e847@group-6C24881946A3-LeaderElection243] INFO  impl.LeaderElection (LeaderElection.java:askForVotes(178)) - f7391afe-e883-4b58-900a-eef83ef5e847@group-6C24881946A3-LeaderElection243: begin an election at term 11 for -1: [e7c9b6e5-8734-4888-9a82-5562d6bfa950:192.168.30.33:44869, d30cfae4-72b5-4ec1-a6ad-4fabcec0d6f2:192.168.30.33:40495, f7391afe-e883-4b58-900a-eef83ef5e847:192.168.30.33:36496], old=null
2019-10-04 13:47:11,283 [d30cfae4-72b5-4ec1-a6ad-4fabcec0d6f2@group-6C24881946A3-LeaderElection241] INFO  impl.LeaderElection (LeaderElection.java:logAndReturn(56)) - d30cfae4-72b5-4ec1-a6ad-4fabcec0d6f2@group-6C24881946A3-LeaderElection241: Election REJECTED; received 2 response(s) [d30cfae4-72b5-4ec1-a6ad-4fabcec0d6f2<-e7c9b6e5-8734-4888-9a82-5562d6bfa950#0:FAIL-t11, d30cfae4-72b5-4ec1-a6ad-4fabcec0d6f2<-f7391afe-e883-4b58-900a-eef83ef5e847#0:FAIL-t11] and 0 exception(s); d30cfae4-72b5-4ec1-a6ad-4fabcec0d6f2@group-6C24881946A3:t11, leader=null, voted=d30cfae4-72b5-4ec1-a6ad-4fabcec0d6f2, raftlog=d30cfae4-72b5-4ec1-a6ad-4fabcec0d6f2@group-6C24881946A3-SegmentedRaftLog:OPENED:c-1,f-1,i0, conf=-1: [e7c9b6e5-8734-4888-9a82-5562d6bfa950:192.168.30.33:44869, d30cfae4-72b5-4ec1-a6ad-4fabcec0d6f2:192.168.30.33:40495, f7391afe-e883-4b58-900a-eef83ef5e847:192.168.30.33:36496], old=null
2019-10-04 13:47:11,283 [870a27db-da30-4d61-a408-9d113e1c9716@group-B080C88A3813-LeaderElection240] INFO  impl.LeaderElection (LeaderElection.java:logAndReturn(56)) - 870a27db-da30-4d61-a408-9d113e1c9716@group-B080C88A3813-LeaderElection240: Election PASSED; received 1 response(s) [870a27db-da30-4d61-a408-9d113e1c9716<-1acd4a7f-a859-40e1-8534-5adb5341c727#0:OK-t12] and 1 exception(s); 870a27db-da30-4d61-a408-9d113e1c9716@group-B080C88A3813:t12, leader=null, voted=870a27db-da30-4d61-a408-9d113e1c9716, raftlog=870a27db-da30-4d61-a408-9d113e1c9716@group-B080C88A3813-SegmentedRaftLog:OPENED:c-1,f-1,i0, conf=-1: [1acd4a7f-a859-40e1-8534-5adb5341c727:192.168.30.33:43799, 34bb4e64-1059-4030-8a56-fd9416faa756:192.168.30.33:39854, 870a27db-da30-4d61-a408-9d113e1c9716:192.168.30.33:42515], old=null
2019-10-04 13:47:11,283 [e7c9b6e5-8734-4888-9a82-5562d6bfa950@group-6C24881946A3-LeaderElection242] INFO  impl.LeaderElection (LeaderElection.java:logAndReturn(56)) - e7c9b6e5-8734-4888-9a82-5562d6bfa950@group-6C24881946A3-LeaderElection242: Election REJECTED; received 2 response(s) [e7c9b6e5-8734-4888-9a82-5562d6bfa950<-d30cfae4-72b5-4ec1-a6ad-4fabcec0d6f2#0:FAIL-t11, e7c9b6e5-8734-4888-9a82-5562d6bfa950<-f7391afe-e883-4b58-900a-eef83ef5e847#0:FAIL-t11] and 0 exception(s); e7c9b6e5-8734-4888-9a82-5562d6bfa950@group-6C24881946A3:t11, leader=null, voted=e7c9b6e5-8734-4888-9a82-5562d6bfa950, raftlog=e7c9b6e5-8734-4888-9a82-5562d6bfa950@group-6C24881946A3-SegmentedRaftLog:OPENED:c-1,f-1,i0, conf=-1: [e7c9b6e5-8734-4888-9a82-5562d6bfa950:192.168.30.33:44869, d30cfae4-72b5-4ec1-a6ad-4fabcec0d6f2:192.168.30.33:40495, f7391afe-e883-4b58-900a-eef83ef5e847:192.168.30.33:36496], old=null
2019-10-04 13:47:11,283 [870a27db-da30-4d61-a408-9d113e1c9716@group-B080C88A3813-LeaderElection240] INFO  impl.LeaderElection (LogUtils.java:infoOrTrace(149)) -   Exception 0: {}
java.util.concurrent.ExecutionException: org.apache.ratis.thirdparty.io.grpc.StatusRuntimeException: UNAVAILABLE: io exception
	at java.util.concurrent.FutureTask.report(FutureTask.java:122)
	at java.util.concurrent.FutureTask.get(FutureTask.java:192)
	at org.apache.ratis.server.impl.LeaderElection.waitForResults(LeaderElection.java:259)
	at org.apache.ratis.server.impl.LeaderElection.askForVotes(LeaderElection.java:197)
	at org.apache.ratis.server.impl.LeaderElection.run(LeaderElection.java:133)
	at java.lang.Thread.run(Thread.java:748)
Caused by: org.apache.ratis.thirdparty.io.grpc.StatusRuntimeException: UNAVAILABLE: io exception
	at org.apache.ratis.thirdparty.io.grpc.stub.ClientCalls.toStatusRuntimeException(ClientCalls.java:233)
	at org.apache.ratis.thirdparty.io.grpc.stub.ClientCalls.getUnchecked(ClientCalls.java:214)
	at org.apache.ratis.thirdparty.io.grpc.stub.ClientCalls.blockingUnaryCall(ClientCalls.java:139)
	at org.apache.ratis.proto.grpc.RaftServerProtocolServiceGrpc$RaftServerProtocolServiceBlockingStub.requestVote(RaftServerProtocolServiceGrpc.java:265)
	at org.apache.ratis.grpc.server.GrpcServerProtocolClient.requestVote(GrpcServerProtocolClient.java:99)
	at org.apache.ratis.grpc.server.GrpcService.requestVote(GrpcService.java:204)
	at org.apache.ratis.server.impl.LeaderElection.lambda$submitRequests$1(LeaderElection.java:234)
	at java.util.concurrent.FutureTask.run(FutureTask.java:266)
	at java.util.concurrent.Executors$RunnableAdapter.call(Executors.java:511)
	at java.util.concurrent.FutureTask.run(FutureTask.java:266)
	at java.util.concurrent.ThreadPoolExecutor.runWorker(ThreadPoolExecutor.java:1149)
	at java.util.concurrent.ThreadPoolExecutor$Worker.run(ThreadPoolExecutor.java:624)
	... 1 more
Caused by: org.apache.ratis.thirdparty.io.netty.channel.AbstractChannel$AnnotatedConnectException: Connection refused: /192.168.30.33:39854
	at sun.nio.ch.SocketChannelImpl.checkConnect(Native Method)
	at sun.nio.ch.SocketChannelImpl.finishConnect(SocketChannelImpl.java:717)
	at org.apache.ratis.thirdparty.io.netty.channel.socket.nio.NioSocketChannel.doFinishConnect(NioSocketChannel.java:327)
	at org.apache.ratis.thirdparty.io.netty.channel.nio.AbstractNioChannel$AbstractNioUnsafe.finishConnect(AbstractNioChannel.java:340)
	at org.apache.ratis.thirdparty.io.netty.channel.nio.NioEventLoop.processSelectedKey(NioEventLoop.java:632)
	at org.apache.ratis.thirdparty.io.netty.channel.nio.NioEventLoop.processSelectedKeysOptimized(NioEventLoop.java:579)
	at org.apache.ratis.thirdparty.io.netty.channel.nio.NioEventLoop.processSelectedKeys(NioEventLoop.java:496)
	at org.apache.ratis.thirdparty.io.netty.channel.nio.NioEventLoop.run(NioEventLoop.java:458)
	at org.apache.ratis.thirdparty.io.netty.util.concurrent.SingleThreadEventExecutor$5.run(SingleThreadEventExecutor.java:897)
	at org.apache.ratis.thirdparty.io.netty.util.concurrent.FastThreadLocalRunnable.run(FastThreadLocalRunnable.java:30)
	... 1 more
Caused by: java.net.ConnectException: Connection refused
	... 11 more
2019-10-04 13:47:11,283 [d30cfae4-72b5-4ec1-a6ad-4fabcec0d6f2@group-6C24881946A3-LeaderElection241] INFO  impl.RaftServerImpl (RaftServerImpl.java:setRole(170)) - d30cfae4-72b5-4ec1-a6ad-4fabcec0d6f2@group-6C24881946A3: changes role from CANDIDATE to FOLLOWER at term 11 for DISCOVERED_A_NEW_TERM
2019-10-04 13:47:11,284 [d30cfae4-72b5-4ec1-a6ad-4fabcec0d6f2@group-6C24881946A3-LeaderElection241] INFO  impl.RoleInfo (RoleInfo.java:shutdownLeaderElection(134)) - d30cfae4-72b5-4ec1-a6ad-4fabcec0d6f2: shutdown LeaderElection
2019-10-04 13:47:11,284 [d30cfae4-72b5-4ec1-a6ad-4fabcec0d6f2@group-6C24881946A3-LeaderElection241] INFO  impl.RoleInfo (RoleInfo.java:updateAndGet(143)) - d30cfae4-72b5-4ec1-a6ad-4fabcec0d6f2: start FollowerState
2019-10-04 13:47:11,284 [870a27db-da30-4d61-a408-9d113e1c9716@group-B080C88A3813-LeaderElection240] INFO  impl.RoleInfo (RoleInfo.java:shutdownLeaderElection(134)) - 870a27db-da30-4d61-a408-9d113e1c9716: shutdown LeaderElection
2019-10-04 13:47:11,284 [e7c9b6e5-8734-4888-9a82-5562d6bfa950@group-6C24881946A3-LeaderElection242] INFO  impl.RaftServerImpl (RaftServerImpl.java:setRole(170)) - e7c9b6e5-8734-4888-9a82-5562d6bfa950@group-6C24881946A3: changes role from CANDIDATE to FOLLOWER at term 11 for DISCOVERED_A_NEW_TERM
2019-10-04 13:47:11,284 [870a27db-da30-4d61-a408-9d113e1c9716@group-B080C88A3813-LeaderElection240] INFO  impl.RaftServerImpl (RaftServerImpl.java:setRole(170)) - 870a27db-da30-4d61-a408-9d113e1c9716@group-B080C88A3813: changes role from CANDIDATE to LEADER at term 12 for changeToLeader
2019-10-04 13:47:11,284 [4da2f670-0e5c-4bde-934c-3cd05d8a50a4@group-39017AAFEA81-LeaderElection244] INFO  impl.LeaderElection (LeaderElection.java:askForVotes(178)) - 4da2f670-0e5c-4bde-934c-3cd05d8a50a4@group-39017AAFEA81-LeaderElection244: begin an election at term 16 for -1: [4da2f670-0e5c-4bde-934c-3cd05d8a50a4:192.168.30.33:45990, a9f2dbb7-43c3-4367-8346-947b48bd4d79:192.168.30.33:34618, abf7bc81-30d5-42c0-a0af-45d0cecf5915:192.168.30.33:35055], old=null
2019-10-04 13:47:11,285 [870a27db-da30-4d61-a408-9d113e1c9716@group-B080C88A3813-LeaderElection240] INFO  impl.RaftServerImpl (ServerState.java:setLeader(255)) - 870a27db-da30-4d61-a408-9d113e1c9716@group-B080C88A3813: change Leader from null to 870a27db-da30-4d61-a408-9d113e1c9716 at term 12 for becomeLeader, leader elected after 38002ms
2019-10-04 13:47:11,284 [e7c9b6e5-8734-4888-9a82-5562d6bfa950@group-6C24881946A3-LeaderElection242] INFO  impl.RoleInfo (RoleInfo.java:shutdownLeaderElection(134)) - e7c9b6e5-8734-4888-9a82-5562d6bfa950: shutdown LeaderElection
2019-10-04 13:47:11,285 [870a27db-da30-4d61-a408-9d113e1c9716@group-B080C88A3813-LeaderElection240] INFO  server.RaftServerConfigKeys (ConfUtils.java:logGet(43)) - raft.server.staging.catchup.gap = 1000 (default)
2019-10-04 13:47:11,285 [e7c9b6e5-8734-4888-9a82-5562d6bfa950@group-6C24881946A3-LeaderElection242] INFO  impl.RoleInfo (RoleInfo.java:updateAndGet(143)) - e7c9b6e5-8734-4888-9a82-5562d6bfa950: start FollowerState
2019-10-04 13:47:11,285 [870a27db-da30-4d61-a408-9d113e1c9716@group-B080C88A3813-LeaderElection240] INFO  server.RaftServerConfigKeys (ConfUtils.java:logGet(43)) - raft.server.rpc.sleep.time = 25ms (default)
2019-10-04 13:47:11,286 [870a27db-da30-4d61-a408-9d113e1c9716@group-B080C88A3813-LeaderElection240] INFO  server.RaftServerConfigKeys (ConfUtils.java:logGet(43)) - raft.server.write.element-limit = 4096 (default)
2019-10-04 13:47:11,286 [4da2f670-0e5c-4bde-934c-3cd05d8a50a4@group-39017AAFEA81-LeaderElection244] INFO  impl.LeaderElection (LogUtils.java:infoOrTrace(149)) - 4da2f670-0e5c-4bde-934c-3cd05d8a50a4@group-39017AAFEA81-LeaderElection244 got exception when requesting votes: {}
java.util.concurrent.ExecutionException: org.apache.ratis.thirdparty.io.grpc.StatusRuntimeException: UNAVAILABLE: io exception
	at java.util.concurrent.FutureTask.report(FutureTask.java:122)
	at java.util.concurrent.FutureTask.get(FutureTask.java:192)
	at org.apache.ratis.server.impl.LeaderElection.waitForResults(LeaderElection.java:259)
	at org.apache.ratis.server.impl.LeaderElection.askForVotes(LeaderElection.java:197)
	at org.apache.ratis.server.impl.LeaderElection.run(LeaderElection.java:133)
	at java.lang.Thread.run(Thread.java:748)
Caused by: org.apache.ratis.thirdparty.io.grpc.StatusRuntimeException: UNAVAILABLE: io exception
	at org.apache.ratis.thirdparty.io.grpc.stub.ClientCalls.toStatusRuntimeException(ClientCalls.java:233)
	at org.apache.ratis.thirdparty.io.grpc.stub.ClientCalls.getUnchecked(ClientCalls.java:214)
	at org.apache.ratis.thirdparty.io.grpc.stub.ClientCalls.blockingUnaryCall(ClientCalls.java:139)
	at org.apache.ratis.proto.grpc.RaftServerProtocolServiceGrpc$RaftServerProtocolServiceBlockingStub.requestVote(RaftServerProtocolServiceGrpc.java:265)
	at org.apache.ratis.grpc.server.GrpcServerProtocolClient.requestVote(GrpcServerProtocolClient.java:99)
	at org.apache.ratis.grpc.server.GrpcService.requestVote(GrpcService.java:204)
	at org.apache.ratis.server.impl.LeaderElection.lambda$submitRequests$1(LeaderElection.java:234)
	at java.util.concurrent.FutureTask.run(FutureTask.java:266)
	at java.util.concurrent.Executors$RunnableAdapter.call(Executors.java:511)
	at java.util.concurrent.FutureTask.run(FutureTask.java:266)
	at java.util.concurrent.ThreadPoolExecutor.runWorker(ThreadPoolExecutor.java:1149)
	at java.util.concurrent.ThreadPoolExecutor$Worker.run(ThreadPoolExecutor.java:624)
	... 1 more
Caused by: org.apache.ratis.thirdparty.io.netty.channel.AbstractChannel$AnnotatedConnectException: Connection refused: /192.168.30.33:35055
	at sun.nio.ch.SocketChannelImpl.checkConnect(Native Method)
	at sun.nio.ch.SocketChannelImpl.finishConnect(SocketChannelImpl.java:717)
	at org.apache.ratis.thirdparty.io.netty.channel.socket.nio.NioSocketChannel.doFinishConnect(NioSocketChannel.java:327)
	at org.apache.ratis.thirdparty.io.netty.channel.nio.AbstractNioChannel$AbstractNioUnsafe.finishConnect(AbstractNioChannel.java:340)
	at org.apache.ratis.thirdparty.io.netty.channel.nio.NioEventLoop.processSelectedKey(NioEventLoop.java:632)
	at org.apache.ratis.thirdparty.io.netty.channel.nio.NioEventLoop.processSelectedKeysOptimized(NioEventLoop.java:579)
	at org.apache.ratis.thirdparty.io.netty.channel.nio.NioEventLoop.processSelectedKeys(NioEventLoop.java:496)
	at org.apache.ratis.thirdparty.io.netty.channel.nio.NioEventLoop.run(NioEventLoop.java:458)
	at org.apache.ratis.thirdparty.io.netty.util.concurrent.SingleThreadEventExecutor$5.run(SingleThreadEventExecutor.java:897)
	at org.apache.ratis.thirdparty.io.netty.util.concurrent.FastThreadLocalRunnable.run(FastThreadLocalRunnable.java:30)
	... 1 more
Caused by: java.net.ConnectException: Connection refused
	... 11 more
2019-10-04 13:47:11,286 [f7391afe-e883-4b58-900a-eef83ef5e847@group-6C24881946A3-LeaderElection243] INFO  impl.LeaderElection (LeaderElection.java:logAndReturn(56)) - f7391afe-e883-4b58-900a-eef83ef5e847@group-6C24881946A3-LeaderElection243: Election REJECTED; received 2 response(s) [f7391afe-e883-4b58-900a-eef83ef5e847<-e7c9b6e5-8734-4888-9a82-5562d6bfa950#0:FAIL-t11, f7391afe-e883-4b58-900a-eef83ef5e847<-d30cfae4-72b5-4ec1-a6ad-4fabcec0d6f2#0:FAIL-t11] and 0 exception(s); f7391afe-e883-4b58-900a-eef83ef5e847@group-6C24881946A3:t11, leader=null, voted=f7391afe-e883-4b58-900a-eef83ef5e847, raftlog=f7391afe-e883-4b58-900a-eef83ef5e847@group-6C24881946A3-SegmentedRaftLog:OPENED:c-1,f-1,i0, conf=-1: [e7c9b6e5-8734-4888-9a82-5562d6bfa950:192.168.30.33:44869, d30cfae4-72b5-4ec1-a6ad-4fabcec0d6f2:192.168.30.33:40495, f7391afe-e883-4b58-900a-eef83ef5e847:192.168.30.33:36496], old=null
2019-10-04 13:47:11,286 [grpc-default-executor-0] INFO  impl.RaftServerImpl (RaftServerImpl.java:setRole(170)) - a9f2dbb7-43c3-4367-8346-947b48bd4d79@group-39017AAFEA81: changes role from  FOLLOWER to FOLLOWER at term 16 for recognizeCandidate:4da2f670-0e5c-4bde-934c-3cd05d8a50a4
2019-10-04 13:47:11,287 [grpc-default-executor-0] INFO  impl.RoleInfo (RoleInfo.java:shutdownFollowerState(121)) - a9f2dbb7-43c3-4367-8346-947b48bd4d79: shutdown FollowerState
2019-10-04 13:47:11,286 [870a27db-da30-4d61-a408-9d113e1c9716@group-B080C88A3813-LeaderElection240] INFO  server.RaftServerConfigKeys (ConfUtils.java:logGet(43)) - raft.server.watch.timeout = 10s (default)
2019-10-04 13:47:11,287 [Thread-3958] INFO  impl.FollowerState (FollowerState.java:run(117)) - a9f2dbb7-43c3-4367-8346-947b48bd4d79@group-39017AAFEA81-FollowerState was interrupted: java.lang.InterruptedException: sleep interrupted
2019-10-04 13:47:11,287 [grpc-default-executor-0] INFO  impl.RoleInfo (RoleInfo.java:updateAndGet(143)) - a9f2dbb7-43c3-4367-8346-947b48bd4d79: start FollowerState
2019-10-04 13:47:11,286 [f7391afe-e883-4b58-900a-eef83ef5e847@group-6C24881946A3-LeaderElection243] INFO  impl.RaftServerImpl (RaftServerImpl.java:setRole(170)) - f7391afe-e883-4b58-900a-eef83ef5e847@group-6C24881946A3: changes role from CANDIDATE to FOLLOWER at term 11 for DISCOVERED_A_NEW_TERM
2019-10-04 13:47:11,287 [f7391afe-e883-4b58-900a-eef83ef5e847@group-6C24881946A3-LeaderElection243] INFO  impl.RoleInfo (RoleInfo.java:shutdownLeaderElection(134)) - f7391afe-e883-4b58-900a-eef83ef5e847: shutdown LeaderElection
2019-10-04 13:47:11,287 [870a27db-da30-4d61-a408-9d113e1c9716@group-B080C88A3813-LeaderElection240] INFO  server.RaftServerConfigKeys (ConfUtils.java:logGet(43)) - raft.server.watch.timeout.denomination = 1s (default)
2019-10-04 13:47:11,287 [f7391afe-e883-4b58-900a-eef83ef5e847@group-6C24881946A3-LeaderElection243] INFO  impl.RoleInfo (RoleInfo.java:updateAndGet(143)) - f7391afe-e883-4b58-900a-eef83ef5e847: start FollowerState
2019-10-04 13:47:11,288 [870a27db-da30-4d61-a408-9d113e1c9716@group-B080C88A3813-LeaderElection240] INFO  server.RaftServerConfigKeys (ConfUtils.java:logGet(43)) - raft.server.watch.element-limit = 65536 (default)
2019-10-04 13:47:11,291 [870a27db-da30-4d61-a408-9d113e1c9716@group-B080C88A3813-LeaderElection240] INFO  server.RaftServerConfigKeys (ConfUtils.java:logGet(43)) - raft.server.log.appender.snapshot.chunk.size.max = 16MB (=16777216) (default)
2019-10-04 13:47:11,291 [870a27db-da30-4d61-a408-9d113e1c9716@group-B080C88A3813-LeaderElection240] INFO  server.RaftServerConfigKeys (ConfUtils.java:logGet(43)) - raft.server.log.appender.buffer.byte-limit = 33554432 (custom)
2019-10-04 13:47:11,291 [870a27db-da30-4d61-a408-9d113e1c9716@group-B080C88A3813-LeaderElection240] INFO  server.RaftServerConfigKeys (ConfUtils.java:logGet(43)) - raft.server.log.appender.buffer.element-limit = 1 (custom)
2019-10-04 13:47:11,291 [870a27db-da30-4d61-a408-9d113e1c9716@group-B080C88A3813-LeaderElection240] INFO  grpc.GrpcConfigKeys$Server (ConfUtils.java:logGet(43)) - raft.grpc.server.leader.outstanding.appends.max = 128 (default)
2019-10-04 13:47:11,291 [870a27db-da30-4d61-a408-9d113e1c9716@group-B080C88A3813-LeaderElection240] INFO  server.RaftServerConfigKeys (ConfUtils.java:logGet(43)) - raft.server.rpc.request.timeout = 3000ms (default)
2019-10-04 13:47:11,292 [870a27db-da30-4d61-a408-9d113e1c9716@group-B080C88A3813-LeaderElection240] INFO  server.RaftServerConfigKeys (ConfUtils.java:logGet(43)) - raft.server.log.appender.install.snapshot.enabled = false (custom)
2019-10-04 13:47:11,292 [870a27db-da30-4d61-a408-9d113e1c9716@group-B080C88A3813-LeaderElection240] INFO  server.RaftServerConfigKeys (ConfUtils.java:logGet(43)) - raft.server.log.appender.snapshot.chunk.size.max = 16MB (=16777216) (default)
2019-10-04 13:47:11,292 [870a27db-da30-4d61-a408-9d113e1c9716@group-B080C88A3813-LeaderElection240] INFO  server.RaftServerConfigKeys (ConfUtils.java:logGet(43)) - raft.server.log.appender.buffer.byte-limit = 33554432 (custom)
2019-10-04 13:47:11,292 [870a27db-da30-4d61-a408-9d113e1c9716@group-B080C88A3813-LeaderElection240] INFO  server.RaftServerConfigKeys (ConfUtils.java:logGet(43)) - raft.server.log.appender.buffer.element-limit = 1 (custom)
2019-10-04 13:47:11,292 [870a27db-da30-4d61-a408-9d113e1c9716@group-B080C88A3813-LeaderElection240] INFO  grpc.GrpcConfigKeys$Server (ConfUtils.java:logGet(43)) - raft.grpc.server.leader.outstanding.appends.max = 128 (default)
2019-10-04 13:47:11,293 [870a27db-da30-4d61-a408-9d113e1c9716@group-B080C88A3813-LeaderElection240] INFO  server.RaftServerConfigKeys (ConfUtils.java:logGet(43)) - raft.server.rpc.request.timeout = 3000ms (default)
2019-10-04 13:47:11,293 [870a27db-da30-4d61-a408-9d113e1c9716@group-B080C88A3813-LeaderElection240] INFO  server.RaftServerConfigKeys (ConfUtils.java:logGet(43)) - raft.server.log.appender.install.snapshot.enabled = false (custom)
2019-10-04 13:47:11,293 [870a27db-da30-4d61-a408-9d113e1c9716@group-B080C88A3813-LeaderElection240] INFO  impl.RoleInfo (RoleInfo.java:updateAndGet(143)) - 870a27db-da30-4d61-a408-9d113e1c9716: start LeaderState
2019-10-04 13:47:11,293 [870a27db-da30-4d61-a408-9d113e1c9716@group-B080C88A3813-LeaderElection240] INFO  segmented.SegmentedRaftLogWorker (SegmentedRaftLogWorker.java:startLogSegment(385)) - 870a27db-da30-4d61-a408-9d113e1c9716@group-B080C88A3813-SegmentedRaftLogWorker: Starting segment from index:0
2019-10-04 13:47:11,294 [870a27db-da30-4d61-a408-9d113e1c9716@group-B080C88A3813-LeaderElection240] INFO  impl.RaftServerImpl (ServerState.java:setRaftConf(356)) - 870a27db-da30-4d61-a408-9d113e1c9716@group-B080C88A3813: set configuration 0: [1acd4a7f-a859-40e1-8534-5adb5341c727:192.168.30.33:43799, 34bb4e64-1059-4030-8a56-fd9416faa756:192.168.30.33:39854, 870a27db-da30-4d61-a408-9d113e1c9716:192.168.30.33:42515], old=null at 0
2019-10-04 13:47:11,309 [grpc-default-executor-3] WARN  server.GrpcLogAppender (LogUtils.java:warn(134)) - 870a27db-da30-4d61-a408-9d113e1c9716@group-B080C88A3813->34bb4e64-1059-4030-8a56-fd9416faa756-AppendLogResponseHandler: Failed appendEntries: org.apache.ratis.thirdparty.io.grpc.StatusRuntimeException: UNAVAILABLE: io exception
2019-10-04 13:47:11,310 [grpc-default-executor-3] INFO  impl.FollowerInfo (FollowerInfo.java:lambda$new$0(51)) - 870a27db-da30-4d61-a408-9d113e1c9716@group-B080C88A3813->34bb4e64-1059-4030-8a56-fd9416faa756: nextIndex: updateUnconditionally 0 -> 0
2019-10-04 13:47:11,315 [grpc-default-executor-3] INFO  impl.RaftServerImpl (ServerState.java:setLeader(255)) - 1acd4a7f-a859-40e1-8534-5adb5341c727@group-B080C88A3813: change Leader from null to 870a27db-da30-4d61-a408-9d113e1c9716 at term 12 for appendEntries, leader elected after 38033ms
2019-10-04 13:47:11,315 [4da2f670-0e5c-4bde-934c-3cd05d8a50a4@group-39017AAFEA81-LeaderElection244] INFO  impl.LeaderElection (LeaderElection.java:logAndReturn(56)) - 4da2f670-0e5c-4bde-934c-3cd05d8a50a4@group-39017AAFEA81-LeaderElection244: Election PASSED; received 1 response(s) [4da2f670-0e5c-4bde-934c-3cd05d8a50a4<-a9f2dbb7-43c3-4367-8346-947b48bd4d79#0:OK-t16] and 1 exception(s); 4da2f670-0e5c-4bde-934c-3cd05d8a50a4@group-39017AAFEA81:t16, leader=null, voted=4da2f670-0e5c-4bde-934c-3cd05d8a50a4, raftlog=4da2f670-0e5c-4bde-934c-3cd05d8a50a4@group-39017AAFEA81-SegmentedRaftLog:OPENED:c-1,f-1,i0, conf=-1: [4da2f670-0e5c-4bde-934c-3cd05d8a50a4:192.168.30.33:45990, a9f2dbb7-43c3-4367-8346-947b48bd4d79:192.168.30.33:34618, abf7bc81-30d5-42c0-a0af-45d0cecf5915:192.168.30.33:35055], old=null
2019-10-04 13:47:11,316 [4da2f670-0e5c-4bde-934c-3cd05d8a50a4@group-39017AAFEA81-LeaderElection244] INFO  impl.LeaderElection (LogUtils.java:infoOrTrace(149)) -   Exception 0: {}
java.util.concurrent.ExecutionException: org.apache.ratis.thirdparty.io.grpc.StatusRuntimeException: UNAVAILABLE: io exception
	at java.util.concurrent.FutureTask.report(FutureTask.java:122)
	at java.util.concurrent.FutureTask.get(FutureTask.java:192)
	at org.apache.ratis.server.impl.LeaderElection.waitForResults(LeaderElection.java:259)
	at org.apache.ratis.server.impl.LeaderElection.askForVotes(LeaderElection.java:197)
	at org.apache.ratis.server.impl.LeaderElection.run(LeaderElection.java:133)
	at java.lang.Thread.run(Thread.java:748)
Caused by: org.apache.ratis.thirdparty.io.grpc.StatusRuntimeException: UNAVAILABLE: io exception
	at org.apache.ratis.thirdparty.io.grpc.stub.ClientCalls.toStatusRuntimeException(ClientCalls.java:233)
	at org.apache.ratis.thirdparty.io.grpc.stub.ClientCalls.getUnchecked(ClientCalls.java:214)
	at org.apache.ratis.thirdparty.io.grpc.stub.ClientCalls.blockingUnaryCall(ClientCalls.java:139)
	at org.apache.ratis.proto.grpc.RaftServerProtocolServiceGrpc$RaftServerProtocolServiceBlockingStub.requestVote(RaftServerProtocolServiceGrpc.java:265)
	at org.apache.ratis.grpc.server.GrpcServerProtocolClient.requestVote(GrpcServerProtocolClient.java:99)
	at org.apache.ratis.grpc.server.GrpcService.requestVote(GrpcService.java:204)
	at org.apache.ratis.server.impl.LeaderElection.lambda$submitRequests$1(LeaderElection.java:234)
	at java.util.concurrent.FutureTask.run(FutureTask.java:266)
	at java.util.concurrent.Executors$RunnableAdapter.call(Executors.java:511)
	at java.util.concurrent.FutureTask.run(FutureTask.java:266)
	at java.util.concurrent.ThreadPoolExecutor.runWorker(ThreadPoolExecutor.java:1149)
	at java.util.concurrent.ThreadPoolExecutor$Worker.run(ThreadPoolExecutor.java:624)
	... 1 more
Caused by: org.apache.ratis.thirdparty.io.netty.channel.AbstractChannel$AnnotatedConnectException: Connection refused: /192.168.30.33:35055
	at sun.nio.ch.SocketChannelImpl.checkConnect(Native Method)
	at sun.nio.ch.SocketChannelImpl.finishConnect(SocketChannelImpl.java:717)
	at org.apache.ratis.thirdparty.io.netty.channel.socket.nio.NioSocketChannel.doFinishConnect(NioSocketChannel.java:327)
	at org.apache.ratis.thirdparty.io.netty.channel.nio.AbstractNioChannel$AbstractNioUnsafe.finishConnect(AbstractNioChannel.java:340)
	at org.apache.ratis.thirdparty.io.netty.channel.nio.NioEventLoop.processSelectedKey(NioEventLoop.java:632)
	at org.apache.ratis.thirdparty.io.netty.channel.nio.NioEventLoop.processSelectedKeysOptimized(NioEventLoop.java:579)
	at org.apache.ratis.thirdparty.io.netty.channel.nio.NioEventLoop.processSelectedKeys(NioEventLoop.java:496)
	at org.apache.ratis.thirdparty.io.netty.channel.nio.NioEventLoop.run(NioEventLoop.java:458)
	at org.apache.ratis.thirdparty.io.netty.util.concurrent.SingleThreadEventExecutor$5.run(SingleThreadEventExecutor.java:897)
	at org.apache.ratis.thirdparty.io.netty.util.concurrent.FastThreadLocalRunnable.run(FastThreadLocalRunnable.java:30)
	... 1 more
Caused by: java.net.ConnectException: Connection refused
	... 11 more
2019-10-04 13:47:11,316 [4da2f670-0e5c-4bde-934c-3cd05d8a50a4@group-39017AAFEA81-LeaderElection244] INFO  impl.RoleInfo (RoleInfo.java:shutdownLeaderElection(134)) - 4da2f670-0e5c-4bde-934c-3cd05d8a50a4: shutdown LeaderElection
2019-10-04 13:47:11,317 [4da2f670-0e5c-4bde-934c-3cd05d8a50a4@group-39017AAFEA81-LeaderElection244] INFO  impl.RaftServerImpl (RaftServerImpl.java:setRole(170)) - 4da2f670-0e5c-4bde-934c-3cd05d8a50a4@group-39017AAFEA81: changes role from CANDIDATE to LEADER at term 16 for changeToLeader
2019-10-04 13:47:11,317 [4da2f670-0e5c-4bde-934c-3cd05d8a50a4@group-39017AAFEA81-LeaderElection244] INFO  impl.RaftServerImpl (ServerState.java:setLeader(255)) - 4da2f670-0e5c-4bde-934c-3cd05d8a50a4@group-39017AAFEA81: change Leader from null to 4da2f670-0e5c-4bde-934c-3cd05d8a50a4 at term 16 for becomeLeader, leader elected after 46686ms
2019-10-04 13:47:11,317 [4da2f670-0e5c-4bde-934c-3cd05d8a50a4@group-39017AAFEA81-LeaderElection244] INFO  server.RaftServerConfigKeys (ConfUtils.java:logGet(43)) - raft.server.staging.catchup.gap = 1000 (default)
2019-10-04 13:47:11,317 [4da2f670-0e5c-4bde-934c-3cd05d8a50a4@group-39017AAFEA81-LeaderElection244] INFO  server.RaftServerConfigKeys (ConfUtils.java:logGet(43)) - raft.server.rpc.sleep.time = 25ms (default)
2019-10-04 13:47:11,317 [4da2f670-0e5c-4bde-934c-3cd05d8a50a4@group-39017AAFEA81-LeaderElection244] INFO  server.RaftServerConfigKeys (ConfUtils.java:logGet(43)) - raft.server.write.element-limit = 4096 (default)
2019-10-04 13:47:11,317 [4da2f670-0e5c-4bde-934c-3cd05d8a50a4@group-39017AAFEA81-LeaderElection244] INFO  server.RaftServerConfigKeys (ConfUtils.java:logGet(43)) - raft.server.watch.timeout = 10s (default)
2019-10-04 13:47:11,317 [4da2f670-0e5c-4bde-934c-3cd05d8a50a4@group-39017AAFEA81-LeaderElection244] INFO  server.RaftServerConfigKeys (ConfUtils.java:logGet(43)) - raft.server.watch.timeout.denomination = 1s (default)
2019-10-04 13:47:11,317 [4da2f670-0e5c-4bde-934c-3cd05d8a50a4@group-39017AAFEA81-LeaderElection244] INFO  server.RaftServerConfigKeys (ConfUtils.java:logGet(43)) - raft.server.watch.element-limit = 65536 (default)
2019-10-04 13:47:11,318 [grpc-default-executor-3] INFO  impl.RaftServerImpl (ServerState.java:setRaftConf(356)) - 1acd4a7f-a859-40e1-8534-5adb5341c727@group-B080C88A3813: set configuration 0: [1acd4a7f-a859-40e1-8534-5adb5341c727:192.168.30.33:43799, 34bb4e64-1059-4030-8a56-fd9416faa756:192.168.30.33:39854, 870a27db-da30-4d61-a408-9d113e1c9716:192.168.30.33:42515], old=null at 0
2019-10-04 13:47:11,319 [grpc-default-executor-3] INFO  segmented.SegmentedRaftLogWorker (SegmentedRaftLogWorker.java:startLogSegment(385)) - 1acd4a7f-a859-40e1-8534-5adb5341c727@group-B080C88A3813-SegmentedRaftLogWorker: Starting segment from index:0
2019-10-04 13:47:11,319 [4da2f670-0e5c-4bde-934c-3cd05d8a50a4@group-39017AAFEA81-LeaderElection244] INFO  server.RaftServerConfigKeys (ConfUtils.java:logGet(43)) - raft.server.log.appender.snapshot.chunk.size.max = 16MB (=16777216) (default)
2019-10-04 13:47:11,319 [4da2f670-0e5c-4bde-934c-3cd05d8a50a4@group-39017AAFEA81-LeaderElection244] INFO  server.RaftServerConfigKeys (ConfUtils.java:logGet(43)) - raft.server.log.appender.buffer.byte-limit = 33554432 (custom)
2019-10-04 13:47:11,319 [4da2f670-0e5c-4bde-934c-3cd05d8a50a4@group-39017AAFEA81-LeaderElection244] INFO  server.RaftServerConfigKeys (ConfUtils.java:logGet(43)) - raft.server.log.appender.buffer.element-limit = 1 (custom)
2019-10-04 13:47:11,319 [4da2f670-0e5c-4bde-934c-3cd05d8a50a4@group-39017AAFEA81-LeaderElection244] INFO  grpc.GrpcConfigKeys$Server (ConfUtils.java:logGet(43)) - raft.grpc.server.leader.outstanding.appends.max = 128 (default)
2019-10-04 13:47:11,319 [4da2f670-0e5c-4bde-934c-3cd05d8a50a4@group-39017AAFEA81-LeaderElection244] INFO  server.RaftServerConfigKeys (ConfUtils.java:logGet(43)) - raft.server.rpc.request.timeout = 3000ms (default)
2019-10-04 13:47:11,320 [4da2f670-0e5c-4bde-934c-3cd05d8a50a4@group-39017AAFEA81-LeaderElection244] INFO  server.RaftServerConfigKeys (ConfUtils.java:logGet(43)) - raft.server.log.appender.install.snapshot.enabled = false (custom)
2019-10-04 13:47:11,320 [4da2f670-0e5c-4bde-934c-3cd05d8a50a4@group-39017AAFEA81-LeaderElection244] INFO  server.RaftServerConfigKeys (ConfUtils.java:logGet(43)) - raft.server.log.appender.snapshot.chunk.size.max = 16MB (=16777216) (default)
2019-10-04 13:47:11,320 [4da2f670-0e5c-4bde-934c-3cd05d8a50a4@group-39017AAFEA81-LeaderElection244] INFO  server.RaftServerConfigKeys (ConfUtils.java:logGet(43)) - raft.server.log.appender.buffer.byte-limit = 33554432 (custom)
2019-10-04 13:47:11,320 [4da2f670-0e5c-4bde-934c-3cd05d8a50a4@group-39017AAFEA81-LeaderElection244] INFO  server.RaftServerConfigKeys (ConfUtils.java:logGet(43)) - raft.server.log.appender.buffer.element-limit = 1 (custom)
2019-10-04 13:47:11,320 [4da2f670-0e5c-4bde-934c-3cd05d8a50a4@group-39017AAFEA81-LeaderElection244] INFO  grpc.GrpcConfigKeys$Server (ConfUtils.java:logGet(43)) - raft.grpc.server.leader.outstanding.appends.max = 128 (default)
2019-10-04 13:47:11,320 [4da2f670-0e5c-4bde-934c-3cd05d8a50a4@group-39017AAFEA81-LeaderElection244] INFO  server.RaftServerConfigKeys (ConfUtils.java:logGet(43)) - raft.server.rpc.request.timeout = 3000ms (default)
2019-10-04 13:47:11,320 [4da2f670-0e5c-4bde-934c-3cd05d8a50a4@group-39017AAFEA81-LeaderElection244] INFO  server.RaftServerConfigKeys (ConfUtils.java:logGet(43)) - raft.server.log.appender.install.snapshot.enabled = false (custom)
2019-10-04 13:47:11,321 [4da2f670-0e5c-4bde-934c-3cd05d8a50a4@group-39017AAFEA81-LeaderElection244] INFO  impl.RoleInfo (RoleInfo.java:updateAndGet(143)) - 4da2f670-0e5c-4bde-934c-3cd05d8a50a4: start LeaderState
2019-10-04 13:47:11,321 [4da2f670-0e5c-4bde-934c-3cd05d8a50a4@group-39017AAFEA81-LeaderElection244] INFO  segmented.SegmentedRaftLogWorker (SegmentedRaftLogWorker.java:startLogSegment(385)) - 4da2f670-0e5c-4bde-934c-3cd05d8a50a4@group-39017AAFEA81-SegmentedRaftLogWorker: Starting segment from index:0
2019-10-04 13:47:11,321 [4da2f670-0e5c-4bde-934c-3cd05d8a50a4@group-39017AAFEA81-LeaderElection244] INFO  impl.RaftServerImpl (ServerState.java:setRaftConf(356)) - 4da2f670-0e5c-4bde-934c-3cd05d8a50a4@group-39017AAFEA81: set configuration 0: [4da2f670-0e5c-4bde-934c-3cd05d8a50a4:192.168.30.33:45990, a9f2dbb7-43c3-4367-8346-947b48bd4d79:192.168.30.33:34618, abf7bc81-30d5-42c0-a0af-45d0cecf5915:192.168.30.33:35055], old=null at 0
2019-10-04 13:47:11,322 [870a27db-da30-4d61-a408-9d113e1c9716@group-B080C88A3813-SegmentedRaftLogWorker] INFO  segmented.SegmentedRaftLogWorker (SegmentedRaftLogWorker.java:execute(574)) - 870a27db-da30-4d61-a408-9d113e1c9716@group-B080C88A3813-SegmentedRaftLogWorker: created new log segment /workdir/hadoop-ozone/integration-test/target/test-dir/MiniOzoneClusterImpl-7f8d01bd-209a-4bb2-b348-2961670ba14e/datanode-8/data/ratis/dc5b2a50-9bb3-4523-abb0-b080c88a3813/current/log_inprogress_0
2019-10-04 13:47:11,322 [grpc-default-executor-3] WARN  server.GrpcLogAppender (LogUtils.java:warn(134)) - 4da2f670-0e5c-4bde-934c-3cd05d8a50a4@group-39017AAFEA81->abf7bc81-30d5-42c0-a0af-45d0cecf5915-AppendLogResponseHandler: Failed appendEntries: org.apache.ratis.thirdparty.io.grpc.StatusRuntimeException: UNAVAILABLE: io exception
2019-10-04 13:47:11,323 [grpc-default-executor-0] INFO  impl.RaftServerImpl (ServerState.java:setLeader(255)) - a9f2dbb7-43c3-4367-8346-947b48bd4d79@group-39017AAFEA81: change Leader from null to 4da2f670-0e5c-4bde-934c-3cd05d8a50a4 at term 16 for appendEntries, leader elected after 46692ms
2019-10-04 13:47:11,323 [grpc-default-executor-3] INFO  impl.FollowerInfo (FollowerInfo.java:lambda$new$0(51)) - 4da2f670-0e5c-4bde-934c-3cd05d8a50a4@group-39017AAFEA81->abf7bc81-30d5-42c0-a0af-45d0cecf5915: nextIndex: updateUnconditionally 0 -> 0
2019-10-04 13:47:11,324 [grpc-default-executor-0] INFO  impl.RaftServerImpl (ServerState.java:setRaftConf(356)) - a9f2dbb7-43c3-4367-8346-947b48bd4d79@group-39017AAFEA81: set configuration 0: [4da2f670-0e5c-4bde-934c-3cd05d8a50a4:192.168.30.33:45990, a9f2dbb7-43c3-4367-8346-947b48bd4d79:192.168.30.33:34618, abf7bc81-30d5-42c0-a0af-45d0cecf5915:192.168.30.33:35055], old=null at 0
2019-10-04 13:47:11,325 [grpc-default-executor-0] INFO  segmented.SegmentedRaftLogWorker (SegmentedRaftLogWorker.java:startLogSegment(385)) - a9f2dbb7-43c3-4367-8346-947b48bd4d79@group-39017AAFEA81-SegmentedRaftLogWorker: Starting segment from index:0
2019-10-04 13:47:11,335 [grpc-default-executor-0] WARN  server.GrpcLogAppender (LogUtils.java:warn(134)) - 870a27db-da30-4d61-a408-9d113e1c9716@group-B080C88A3813->34bb4e64-1059-4030-8a56-fd9416faa756-AppendLogResponseHandler: Failed appendEntries: org.apache.ratis.thirdparty.io.grpc.StatusRuntimeException: UNAVAILABLE: io exception
2019-10-04 13:47:11,335 [grpc-default-executor-0] INFO  impl.FollowerInfo (FollowerInfo.java:lambda$new$0(51)) - 870a27db-da30-4d61-a408-9d113e1c9716@group-B080C88A3813->34bb4e64-1059-4030-8a56-fd9416faa756: nextIndex: updateUnconditionally 1 -> 0
2019-10-04 13:47:11,335 [4da2f670-0e5c-4bde-934c-3cd05d8a50a4@group-39017AAFEA81-SegmentedRaftLogWorker] INFO  segmented.SegmentedRaftLogWorker (SegmentedRaftLogWorker.java:execute(574)) - 4da2f670-0e5c-4bde-934c-3cd05d8a50a4@group-39017AAFEA81-SegmentedRaftLogWorker: created new log segment /workdir/hadoop-ozone/integration-test/target/test-dir/MiniOzoneClusterImpl-7f8d01bd-209a-4bb2-b348-2961670ba14e/datanode-1/data/ratis/bbc16807-e44a-48c9-81bc-39017aafea81/current/log_inprogress_0
2019-10-04 13:47:11,348 [grpc-default-executor-0] WARN  server.GrpcLogAppender (LogUtils.java:warn(134)) - 4da2f670-0e5c-4bde-934c-3cd05d8a50a4@group-39017AAFEA81->abf7bc81-30d5-42c0-a0af-45d0cecf5915-AppendLogResponseHandler: Failed appendEntries: org.apache.ratis.thirdparty.io.grpc.StatusRuntimeException: UNAVAILABLE: io exception
2019-10-04 13:47:11,348 [grpc-default-executor-0] INFO  impl.FollowerInfo (FollowerInfo.java:lambda$new$0(51)) - 4da2f670-0e5c-4bde-934c-3cd05d8a50a4@group-39017AAFEA81->abf7bc81-30d5-42c0-a0af-45d0cecf5915: nextIndex: updateUnconditionally 1 -> 0
2019-10-04 13:47:11,348 [1acd4a7f-a859-40e1-8534-5adb5341c727@group-B080C88A3813-SegmentedRaftLogWorker] INFO  segmented.SegmentedRaftLogWorker (SegmentedRaftLogWorker.java:execute(574)) - 1acd4a7f-a859-40e1-8534-5adb5341c727@group-B080C88A3813-SegmentedRaftLogWorker: created new log segment /workdir/hadoop-ozone/integration-test/target/test-dir/MiniOzoneClusterImpl-7f8d01bd-209a-4bb2-b348-2961670ba14e/datanode-4/data/ratis/dc5b2a50-9bb3-4523-abb0-b080c88a3813/current/log_inprogress_0
2019-10-04 13:47:11,364 [a9f2dbb7-43c3-4367-8346-947b48bd4d79@group-39017AAFEA81-SegmentedRaftLogWorker] INFO  segmented.SegmentedRaftLogWorker (SegmentedRaftLogWorker.java:execute(574)) - a9f2dbb7-43c3-4367-8346-947b48bd4d79@group-39017AAFEA81-SegmentedRaftLogWorker: created new log segment /workdir/hadoop-ozone/integration-test/target/test-dir/MiniOzoneClusterImpl-7f8d01bd-209a-4bb2-b348-2961670ba14e/datanode-0/data/ratis/bbc16807-e44a-48c9-81bc-39017aafea81/current/log_inprogress_0
2019-10-04 13:47:11,836 [grpc-default-executor-0] WARN  server.GrpcLogAppender (LogUtils.java:warn(134)) - 870a27db-da30-4d61-a408-9d113e1c9716@group-B080C88A3813->34bb4e64-1059-4030-8a56-fd9416faa756-AppendLogResponseHandler: Failed appendEntries: org.apache.ratis.thirdparty.io.grpc.StatusRuntimeException: UNAVAILABLE: io exception
2019-10-04 13:47:11,836 [grpc-default-executor-0] INFO  impl.FollowerInfo (FollowerInfo.java:lambda$new$0(51)) - 870a27db-da30-4d61-a408-9d113e1c9716@group-B080C88A3813->34bb4e64-1059-4030-8a56-fd9416faa756: nextIndex: updateUnconditionally 0 -> 0
2019-10-04 13:47:11,848 [grpc-default-executor-12] WARN  server.GrpcLogAppender (LogUtils.java:warn(134)) - 4da2f670-0e5c-4bde-934c-3cd05d8a50a4@group-39017AAFEA81->abf7bc81-30d5-42c0-a0af-45d0cecf5915-AppendLogResponseHandler: Failed appendEntries: org.apache.ratis.thirdparty.io.grpc.StatusRuntimeException: UNAVAILABLE: io exception
2019-10-04 13:47:11,849 [grpc-default-executor-12] INFO  impl.FollowerInfo (FollowerInfo.java:lambda$new$0(51)) - 4da2f670-0e5c-4bde-934c-3cd05d8a50a4@group-39017AAFEA81->abf7bc81-30d5-42c0-a0af-45d0cecf5915: nextIndex: updateUnconditionally 0 -> 0
2019-10-04 13:47:12,336 [grpc-default-executor-3] WARN  server.GrpcLogAppender (LogUtils.java:warn(134)) - 870a27db-da30-4d61-a408-9d113e1c9716@group-B080C88A3813->34bb4e64-1059-4030-8a56-fd9416faa756-AppendLogResponseHandler: Failed appendEntries: org.apache.ratis.thirdparty.io.grpc.StatusRuntimeException: UNAVAILABLE: io exception
2019-10-04 13:47:12,336 [grpc-default-executor-3] INFO  impl.FollowerInfo (FollowerInfo.java:lambda$new$0(51)) - 870a27db-da30-4d61-a408-9d113e1c9716@group-B080C88A3813->34bb4e64-1059-4030-8a56-fd9416faa756: nextIndex: updateUnconditionally 0 -> 0
2019-10-04 13:47:12,349 [grpc-default-executor-0] WARN  server.GrpcLogAppender (LogUtils.java:warn(134)) - 4da2f670-0e5c-4bde-934c-3cd05d8a50a4@group-39017AAFEA81->abf7bc81-30d5-42c0-a0af-45d0cecf5915-AppendLogResponseHandler: Failed appendEntries: org.apache.ratis.thirdparty.io.grpc.StatusRuntimeException: UNAVAILABLE: io exception
2019-10-04 13:47:12,349 [grpc-default-executor-0] INFO  impl.FollowerInfo (FollowerInfo.java:lambda$new$0(51)) - 4da2f670-0e5c-4bde-934c-3cd05d8a50a4@group-39017AAFEA81->abf7bc81-30d5-42c0-a0af-45d0cecf5915: nextIndex: updateUnconditionally 0 -> 0
2019-10-04 13:47:12,371 [Thread-3974] INFO  impl.FollowerState (FollowerState.java:run(108)) - d30cfae4-72b5-4ec1-a6ad-4fabcec0d6f2@group-6C24881946A3-FollowerState: change to CANDIDATE, lastRpcTime:1086ms, electionTimeout:1086ms
2019-10-04 13:47:12,371 [Thread-3974] INFO  impl.RoleInfo (RoleInfo.java:shutdownFollowerState(121)) - d30cfae4-72b5-4ec1-a6ad-4fabcec0d6f2: shutdown FollowerState
2019-10-04 13:47:12,371 [Thread-3974] INFO  impl.RaftServerImpl (RaftServerImpl.java:setRole(170)) - d30cfae4-72b5-4ec1-a6ad-4fabcec0d6f2@group-6C24881946A3: changes role from  FOLLOWER to CANDIDATE at term 11 for changeToCandidate
2019-10-04 13:47:12,371 [Thread-3974] INFO  impl.RoleInfo (RoleInfo.java:updateAndGet(143)) - d30cfae4-72b5-4ec1-a6ad-4fabcec0d6f2: start LeaderElection
2019-10-04 13:47:12,389 [Thread-3977] INFO  impl.FollowerState (FollowerState.java:run(108)) - e7c9b6e5-8734-4888-9a82-5562d6bfa950@group-6C24881946A3-FollowerState: change to CANDIDATE, lastRpcTime:1103ms, electionTimeout:1103ms
2019-10-04 13:47:12,389 [Thread-3977] INFO  impl.RoleInfo (RoleInfo.java:shutdownFollowerState(121)) - e7c9b6e5-8734-4888-9a82-5562d6bfa950: shutdown FollowerState
2019-10-04 13:47:12,389 [Thread-3977] INFO  impl.RaftServerImpl (RaftServerImpl.java:setRole(170)) - e7c9b6e5-8734-4888-9a82-5562d6bfa950@group-6C24881946A3: changes role from  FOLLOWER to CANDIDATE at term 11 for changeToCandidate
2019-10-04 13:47:12,389 [Thread-3977] INFO  impl.RoleInfo (RoleInfo.java:updateAndGet(143)) - e7c9b6e5-8734-4888-9a82-5562d6bfa950: start LeaderElection
2019-10-04 13:47:12,393 [d30cfae4-72b5-4ec1-a6ad-4fabcec0d6f2@group-6C24881946A3-LeaderElection245] INFO  impl.LeaderElection (LeaderElection.java:askForVotes(178)) - d30cfae4-72b5-4ec1-a6ad-4fabcec0d6f2@group-6C24881946A3-LeaderElection245: begin an election at term 12 for -1: [e7c9b6e5-8734-4888-9a82-5562d6bfa950:192.168.30.33:44869, d30cfae4-72b5-4ec1-a6ad-4fabcec0d6f2:192.168.30.33:40495, f7391afe-e883-4b58-900a-eef83ef5e847:192.168.30.33:36496], old=null
2019-10-04 13:47:12,395 [grpc-default-executor-3] INFO  impl.RaftServerImpl (RaftServerImpl.java:setRole(170)) - f7391afe-e883-4b58-900a-eef83ef5e847@group-6C24881946A3: changes role from  FOLLOWER to FOLLOWER at term 12 for recognizeCandidate:d30cfae4-72b5-4ec1-a6ad-4fabcec0d6f2
2019-10-04 13:47:12,395 [grpc-default-executor-3] INFO  impl.RoleInfo (RoleInfo.java:shutdownFollowerState(121)) - f7391afe-e883-4b58-900a-eef83ef5e847: shutdown FollowerState
2019-10-04 13:47:12,395 [grpc-default-executor-3] INFO  impl.RoleInfo (RoleInfo.java:updateAndGet(143)) - f7391afe-e883-4b58-900a-eef83ef5e847: start FollowerState
2019-10-04 13:47:12,395 [Thread-3980] INFO  impl.FollowerState (FollowerState.java:run(117)) - f7391afe-e883-4b58-900a-eef83ef5e847@group-6C24881946A3-FollowerState was interrupted: java.lang.InterruptedException: sleep interrupted
2019-10-04 13:47:12,395 [e7c9b6e5-8734-4888-9a82-5562d6bfa950@group-6C24881946A3-LeaderElection246] INFO  impl.LeaderElection (LeaderElection.java:askForVotes(178)) - e7c9b6e5-8734-4888-9a82-5562d6bfa950@group-6C24881946A3-LeaderElection246: begin an election at term 12 for -1: [e7c9b6e5-8734-4888-9a82-5562d6bfa950:192.168.30.33:44869, d30cfae4-72b5-4ec1-a6ad-4fabcec0d6f2:192.168.30.33:40495, f7391afe-e883-4b58-900a-eef83ef5e847:192.168.30.33:36496], old=null
2019-10-04 13:47:12,407 [d30cfae4-72b5-4ec1-a6ad-4fabcec0d6f2@group-6C24881946A3-LeaderElection245] INFO  impl.LeaderElection (LeaderElection.java:logAndReturn(56)) - d30cfae4-72b5-4ec1-a6ad-4fabcec0d6f2@group-6C24881946A3-LeaderElection245: Election PASSED; received 2 response(s) [d30cfae4-72b5-4ec1-a6ad-4fabcec0d6f2<-e7c9b6e5-8734-4888-9a82-5562d6bfa950#0:FAIL-t12, d30cfae4-72b5-4ec1-a6ad-4fabcec0d6f2<-f7391afe-e883-4b58-900a-eef83ef5e847#0:OK-t12] and 0 exception(s); d30cfae4-72b5-4ec1-a6ad-4fabcec0d6f2@group-6C24881946A3:t12, leader=null, voted=d30cfae4-72b5-4ec1-a6ad-4fabcec0d6f2, raftlog=d30cfae4-72b5-4ec1-a6ad-4fabcec0d6f2@group-6C24881946A3-SegmentedRaftLog:OPENED:c-1,f-1,i0, conf=-1: [e7c9b6e5-8734-4888-9a82-5562d6bfa950:192.168.30.33:44869, d30cfae4-72b5-4ec1-a6ad-4fabcec0d6f2:192.168.30.33:40495, f7391afe-e883-4b58-900a-eef83ef5e847:192.168.30.33:36496], old=null
2019-10-04 13:47:12,407 [e7c9b6e5-8734-4888-9a82-5562d6bfa950@group-6C24881946A3-LeaderElection246] INFO  impl.LeaderElection (LeaderElection.java:logAndReturn(56)) - e7c9b6e5-8734-4888-9a82-5562d6bfa950@group-6C24881946A3-LeaderElection246: Election REJECTED; received 2 response(s) [e7c9b6e5-8734-4888-9a82-5562d6bfa950<-d30cfae4-72b5-4ec1-a6ad-4fabcec0d6f2#0:FAIL-t12, e7c9b6e5-8734-4888-9a82-5562d6bfa950<-f7391afe-e883-4b58-900a-eef83ef5e847#0:FAIL-t12] and 0 exception(s); e7c9b6e5-8734-4888-9a82-5562d6bfa950@group-6C24881946A3:t12, leader=null, voted=e7c9b6e5-8734-4888-9a82-5562d6bfa950, raftlog=e7c9b6e5-8734-4888-9a82-5562d6bfa950@group-6C24881946A3-SegmentedRaftLog:OPENED:c-1,f-1,i0, conf=-1: [e7c9b6e5-8734-4888-9a82-5562d6bfa950:192.168.30.33:44869, d30cfae4-72b5-4ec1-a6ad-4fabcec0d6f2:192.168.30.33:40495, f7391afe-e883-4b58-900a-eef83ef5e847:192.168.30.33:36496], old=null
2019-10-04 13:47:12,407 [d30cfae4-72b5-4ec1-a6ad-4fabcec0d6f2@group-6C24881946A3-LeaderElection245] INFO  impl.RoleInfo (RoleInfo.java:shutdownLeaderElection(134)) - d30cfae4-72b5-4ec1-a6ad-4fabcec0d6f2: shutdown LeaderElection
2019-10-04 13:47:12,407 [e7c9b6e5-8734-4888-9a82-5562d6bfa950@group-6C24881946A3-LeaderElection246] INFO  impl.RaftServerImpl (RaftServerImpl.java:setRole(170)) - e7c9b6e5-8734-4888-9a82-5562d6bfa950@group-6C24881946A3: changes role from CANDIDATE to FOLLOWER at term 12 for DISCOVERED_A_NEW_TERM
2019-10-04 13:47:12,407 [d30cfae4-72b5-4ec1-a6ad-4fabcec0d6f2@group-6C24881946A3-LeaderElection245] INFO  impl.RaftServerImpl (RaftServerImpl.java:setRole(170)) - d30cfae4-72b5-4ec1-a6ad-4fabcec0d6f2@group-6C24881946A3: changes role from CANDIDATE to LEADER at term 12 for changeToLeader
2019-10-04 13:47:12,407 [e7c9b6e5-8734-4888-9a82-5562d6bfa950@group-6C24881946A3-LeaderElection246] INFO  impl.RoleInfo (RoleInfo.java:shutdownLeaderElection(134)) - e7c9b6e5-8734-4888-9a82-5562d6bfa950: shutdown LeaderElection
2019-10-04 13:47:12,407 [d30cfae4-72b5-4ec1-a6ad-4fabcec0d6f2@group-6C24881946A3-LeaderElection245] INFO  impl.RaftServerImpl (ServerState.java:setLeader(255)) - d30cfae4-72b5-4ec1-a6ad-4fabcec0d6f2@group-6C24881946A3: change Leader from null to d30cfae4-72b5-4ec1-a6ad-4fabcec0d6f2 at term 12 for becomeLeader, leader elected after 37734ms
2019-10-04 13:47:12,407 [e7c9b6e5-8734-4888-9a82-5562d6bfa950@group-6C24881946A3-LeaderElection246] INFO  impl.RoleInfo (RoleInfo.java:updateAndGet(143)) - e7c9b6e5-8734-4888-9a82-5562d6bfa950: start FollowerState
2019-10-04 13:47:12,407 [d30cfae4-72b5-4ec1-a6ad-4fabcec0d6f2@group-6C24881946A3-LeaderElection245] INFO  server.RaftServerConfigKeys (ConfUtils.java:logGet(43)) - raft.server.staging.catchup.gap = 1000 (default)
2019-10-04 13:47:12,408 [d30cfae4-72b5-4ec1-a6ad-4fabcec0d6f2@group-6C24881946A3-LeaderElection245] INFO  server.RaftServerConfigKeys (ConfUtils.java:logGet(43)) - raft.server.rpc.sleep.time = 25ms (default)
2019-10-04 13:47:12,408 [d30cfae4-72b5-4ec1-a6ad-4fabcec0d6f2@group-6C24881946A3-LeaderElection245] INFO  server.RaftServerConfigKeys (ConfUtils.java:logGet(43)) - raft.server.write.element-limit = 4096 (default)
2019-10-04 13:47:12,408 [d30cfae4-72b5-4ec1-a6ad-4fabcec0d6f2@group-6C24881946A3-LeaderElection245] INFO  server.RaftServerConfigKeys (ConfUtils.java:logGet(43)) - raft.server.watch.timeout = 10s (default)
2019-10-04 13:47:12,408 [d30cfae4-72b5-4ec1-a6ad-4fabcec0d6f2@group-6C24881946A3-LeaderElection245] INFO  server.RaftServerConfigKeys (ConfUtils.java:logGet(43)) - raft.server.watch.timeout.denomination = 1s (default)
2019-10-04 13:47:12,408 [d30cfae4-72b5-4ec1-a6ad-4fabcec0d6f2@group-6C24881946A3-LeaderElection245] INFO  server.RaftServerConfigKeys (ConfUtils.java:logGet(43)) - raft.server.watch.element-limit = 65536 (default)
2019-10-04 13:47:12,409 [d30cfae4-72b5-4ec1-a6ad-4fabcec0d6f2@group-6C24881946A3-LeaderElection245] INFO  server.RaftServerConfigKeys (ConfUtils.java:logGet(43)) - raft.server.log.appender.snapshot.chunk.size.max = 16MB (=16777216) (default)
2019-10-04 13:47:12,410 [d30cfae4-72b5-4ec1-a6ad-4fabcec0d6f2@group-6C24881946A3-LeaderElection245] INFO  server.RaftServerConfigKeys (ConfUtils.java:logGet(43)) - raft.server.log.appender.buffer.byte-limit = 33554432 (custom)
2019-10-04 13:47:12,410 [d30cfae4-72b5-4ec1-a6ad-4fabcec0d6f2@group-6C24881946A3-LeaderElection245] INFO  server.RaftServerConfigKeys (ConfUtils.java:logGet(43)) - raft.server.log.appender.buffer.element-limit = 1 (custom)
2019-10-04 13:47:12,410 [d30cfae4-72b5-4ec1-a6ad-4fabcec0d6f2@group-6C24881946A3-LeaderElection245] INFO  grpc.GrpcConfigKeys$Server (ConfUtils.java:logGet(43)) - raft.grpc.server.leader.outstanding.appends.max = 128 (default)
2019-10-04 13:47:12,410 [d30cfae4-72b5-4ec1-a6ad-4fabcec0d6f2@group-6C24881946A3-LeaderElection245] INFO  server.RaftServerConfigKeys (ConfUtils.java:logGet(43)) - raft.server.rpc.request.timeout = 3000ms (default)
2019-10-04 13:47:12,410 [d30cfae4-72b5-4ec1-a6ad-4fabcec0d6f2@group-6C24881946A3-LeaderElection245] INFO  server.RaftServerConfigKeys (ConfUtils.java:logGet(43)) - raft.server.log.appender.install.snapshot.enabled = false (custom)
2019-10-04 13:47:12,410 [d30cfae4-72b5-4ec1-a6ad-4fabcec0d6f2@group-6C24881946A3-LeaderElection245] INFO  server.RaftServerConfigKeys (ConfUtils.java:logGet(43)) - raft.server.log.appender.snapshot.chunk.size.max = 16MB (=16777216) (default)
2019-10-04 13:47:12,410 [d30cfae4-72b5-4ec1-a6ad-4fabcec0d6f2@group-6C24881946A3-LeaderElection245] INFO  server.RaftServerConfigKeys (ConfUtils.java:logGet(43)) - raft.server.log.appender.buffer.byte-limit = 33554432 (custom)
2019-10-04 13:47:12,410 [d30cfae4-72b5-4ec1-a6ad-4fabcec0d6f2@group-6C24881946A3-LeaderElection245] INFO  server.RaftServerConfigKeys (ConfUtils.java:logGet(43)) - raft.server.log.appender.buffer.element-limit = 1 (custom)
2019-10-04 13:47:12,411 [d30cfae4-72b5-4ec1-a6ad-4fabcec0d6f2@group-6C24881946A3-LeaderElection245] INFO  grpc.GrpcConfigKeys$Server (ConfUtils.java:logGet(43)) - raft.grpc.server.leader.outstanding.appends.max = 128 (default)
2019-10-04 13:47:12,411 [d30cfae4-72b5-4ec1-a6ad-4fabcec0d6f2@group-6C24881946A3-LeaderElection245] INFO  server.RaftServerConfigKeys (ConfUtils.java:logGet(43)) - raft.server.rpc.request.timeout = 3000ms (default)
2019-10-04 13:47:12,411 [d30cfae4-72b5-4ec1-a6ad-4fabcec0d6f2@group-6C24881946A3-LeaderElection245] INFO  server.RaftServerConfigKeys (ConfUtils.java:logGet(43)) - raft.server.log.appender.install.snapshot.enabled = false (custom)
2019-10-04 13:47:12,411 [d30cfae4-72b5-4ec1-a6ad-4fabcec0d6f2@group-6C24881946A3-LeaderElection245] INFO  impl.RoleInfo (RoleInfo.java:updateAndGet(143)) - d30cfae4-72b5-4ec1-a6ad-4fabcec0d6f2: start LeaderState
2019-10-04 13:47:12,411 [d30cfae4-72b5-4ec1-a6ad-4fabcec0d6f2@group-6C24881946A3-LeaderElection245] INFO  segmented.SegmentedRaftLogWorker (SegmentedRaftLogWorker.java:startLogSegment(385)) - d30cfae4-72b5-4ec1-a6ad-4fabcec0d6f2@group-6C24881946A3-SegmentedRaftLogWorker: Starting segment from index:0
2019-10-04 13:47:12,412 [d30cfae4-72b5-4ec1-a6ad-4fabcec0d6f2@group-6C24881946A3-LeaderElection245] INFO  impl.RaftServerImpl (ServerState.java:setRaftConf(356)) - d30cfae4-72b5-4ec1-a6ad-4fabcec0d6f2@group-6C24881946A3: set configuration 0: [e7c9b6e5-8734-4888-9a82-5562d6bfa950:192.168.30.33:44869, d30cfae4-72b5-4ec1-a6ad-4fabcec0d6f2:192.168.30.33:40495, f7391afe-e883-4b58-900a-eef83ef5e847:192.168.30.33:36496], old=null at 0
2019-10-04 13:47:12,413 [grpc-default-executor-12] INFO  impl.RaftServerImpl (ServerState.java:setLeader(255)) - e7c9b6e5-8734-4888-9a82-5562d6bfa950@group-6C24881946A3: change Leader from null to d30cfae4-72b5-4ec1-a6ad-4fabcec0d6f2 at term 12 for appendEntries, leader elected after 37740ms
2019-10-04 13:47:12,413 [grpc-default-executor-3] INFO  impl.RaftServerImpl (ServerState.java:setLeader(255)) - f7391afe-e883-4b58-900a-eef83ef5e847@group-6C24881946A3: change Leader from null to d30cfae4-72b5-4ec1-a6ad-4fabcec0d6f2 at term 12 for appendEntries, leader elected after 37741ms
2019-10-04 13:47:12,414 [grpc-default-executor-3] INFO  impl.RaftServerImpl (ServerState.java:setRaftConf(356)) - e7c9b6e5-8734-4888-9a82-5562d6bfa950@group-6C24881946A3: set configuration 0: [e7c9b6e5-8734-4888-9a82-5562d6bfa950:192.168.30.33:44869, d30cfae4-72b5-4ec1-a6ad-4fabcec0d6f2:192.168.30.33:40495, f7391afe-e883-4b58-900a-eef83ef5e847:192.168.30.33:36496], old=null at 0
2019-10-04 13:47:12,414 [grpc-default-executor-3] INFO  segmented.SegmentedRaftLogWorker (SegmentedRaftLogWorker.java:startLogSegment(385)) - e7c9b6e5-8734-4888-9a82-5562d6bfa950@group-6C24881946A3-SegmentedRaftLogWorker: Starting segment from index:0
2019-10-04 13:47:12,415 [grpc-default-executor-12] INFO  impl.RaftServerImpl (ServerState.java:setRaftConf(356)) - f7391afe-e883-4b58-900a-eef83ef5e847@group-6C24881946A3: set configuration 0: [e7c9b6e5-8734-4888-9a82-5562d6bfa950:192.168.30.33:44869, d30cfae4-72b5-4ec1-a6ad-4fabcec0d6f2:192.168.30.33:40495, f7391afe-e883-4b58-900a-eef83ef5e847:192.168.30.33:36496], old=null at 0
2019-10-04 13:47:12,415 [grpc-default-executor-12] INFO  segmented.SegmentedRaftLogWorker (SegmentedRaftLogWorker.java:startLogSegment(385)) - f7391afe-e883-4b58-900a-eef83ef5e847@group-6C24881946A3-SegmentedRaftLogWorker: Starting segment from index:0
2019-10-04 13:47:12,458 [d30cfae4-72b5-4ec1-a6ad-4fabcec0d6f2@group-6C24881946A3-SegmentedRaftLogWorker] INFO  segmented.SegmentedRaftLogWorker (SegmentedRaftLogWorker.java:execute(574)) - d30cfae4-72b5-4ec1-a6ad-4fabcec0d6f2@group-6C24881946A3-SegmentedRaftLogWorker: created new log segment /workdir/hadoop-ozone/integration-test/target/test-dir/MiniOzoneClusterImpl-7f8d01bd-209a-4bb2-b348-2961670ba14e/datanode-9/data/ratis/bf50c1f5-c1f7-41c7-9d91-6c24881946a3/current/log_inprogress_0
2019-10-04 13:47:12,458 [e7c9b6e5-8734-4888-9a82-5562d6bfa950@group-6C24881946A3-SegmentedRaftLogWorker] INFO  segmented.SegmentedRaftLogWorker (SegmentedRaftLogWorker.java:execute(574)) - e7c9b6e5-8734-4888-9a82-5562d6bfa950@group-6C24881946A3-SegmentedRaftLogWorker: created new log segment /workdir/hadoop-ozone/integration-test/target/test-dir/MiniOzoneClusterImpl-7f8d01bd-209a-4bb2-b348-2961670ba14e/datanode-3/data/ratis/bf50c1f5-c1f7-41c7-9d91-6c24881946a3/current/log_inprogress_0
2019-10-04 13:47:12,461 [f7391afe-e883-4b58-900a-eef83ef5e847@group-6C24881946A3-SegmentedRaftLogWorker] INFO  segmented.SegmentedRaftLogWorker (SegmentedRaftLogWorker.java:execute(574)) - f7391afe-e883-4b58-900a-eef83ef5e847@group-6C24881946A3-SegmentedRaftLogWorker: created new log segment /workdir/hadoop-ozone/integration-test/target/test-dir/MiniOzoneClusterImpl-7f8d01bd-209a-4bb2-b348-2961670ba14e/datanode-7/data/ratis/bf50c1f5-c1f7-41c7-9d91-6c24881946a3/current/log_inprogress_0
2019-10-04 13:47:12,836 [grpc-default-executor-12] WARN  server.GrpcLogAppender (LogUtils.java:warn(134)) - 870a27db-da30-4d61-a408-9d113e1c9716@group-B080C88A3813->34bb4e64-1059-4030-8a56-fd9416faa756-AppendLogResponseHandler: Failed appendEntries: org.apache.ratis.thirdparty.io.grpc.StatusRuntimeException: UNAVAILABLE: io exception
2019-10-04 13:47:12,837 [grpc-default-executor-12] INFO  impl.FollowerInfo (FollowerInfo.java:lambda$new$0(51)) - 870a27db-da30-4d61-a408-9d113e1c9716@group-B080C88A3813->34bb4e64-1059-4030-8a56-fd9416faa756: nextIndex: updateUnconditionally 0 -> 0
2019-10-04 13:47:12,849 [grpc-default-executor-0] WARN  server.GrpcLogAppender (LogUtils.java:warn(134)) - 4da2f670-0e5c-4bde-934c-3cd05d8a50a4@group-39017AAFEA81->abf7bc81-30d5-42c0-a0af-45d0cecf5915-AppendLogResponseHandler: Failed appendEntries: org.apache.ratis.thirdparty.io.grpc.StatusRuntimeException: UNAVAILABLE: io exception
2019-10-04 13:47:12,849 [grpc-default-executor-0] INFO  impl.FollowerInfo (FollowerInfo.java:lambda$new$0(51)) - 4da2f670-0e5c-4bde-934c-3cd05d8a50a4@group-39017AAFEA81->abf7bc81-30d5-42c0-a0af-45d0cecf5915: nextIndex: updateUnconditionally 0 -> 0
2019-10-04 13:47:12,975 [ForkJoinPool.commonPool-worker-1] INFO  ozoneimpl.OzoneContainer (OzoneContainer.java:stop(231)) - Attempting to stop container services.
2019-10-04 13:47:12,975 [main] INFO  ozoneimpl.OzoneContainer (OzoneContainer.java:stop(231)) - Attempting to stop container services.
2019-10-04 13:47:12,976 [ForkJoinPool.commonPool-worker-1] INFO  impl.RaftServerProxy (RaftServerProxy.java:lambda$close$4(314)) - e7c9b6e5-8734-4888-9a82-5562d6bfa950: close
2019-10-04 13:47:12,976 [main] INFO  impl.RaftServerProxy (RaftServerProxy.java:lambda$close$4(314)) - 7e1c9ca0-e47b-440d-aa87-5a285336291c: close
2019-10-04 13:47:12,976 [ForkJoinPool.commonPool-worker-1] INFO  impl.RaftServerImpl (RaftServerImpl.java:lambda$shutdown$3(247)) - e7c9b6e5-8734-4888-9a82-5562d6bfa950@group-F494998017DE: shutdown
2019-10-04 13:47:12,977 [main] INFO  impl.RaftServerImpl (RaftServerImpl.java:lambda$shutdown$3(247)) - 7e1c9ca0-e47b-440d-aa87-5a285336291c@group-B2722440210D: shutdown
2019-10-04 13:47:12,977 [ForkJoinPool.commonPool-worker-1] INFO  util.JmxRegister (JmxRegister.java:unregister(73)) - Successfully un-registered JMX Bean with object name Ratis:service=RaftServer,group=group-F494998017DE,id=e7c9b6e5-8734-4888-9a82-5562d6bfa950
2019-10-04 13:47:12,977 [main] INFO  util.JmxRegister (JmxRegister.java:unregister(73)) - Successfully un-registered JMX Bean with object name Ratis:service=RaftServer,group=group-B2722440210D,id=7e1c9ca0-e47b-440d-aa87-5a285336291c
2019-10-04 13:47:12,978 [ForkJoinPool.commonPool-worker-1] INFO  impl.RoleInfo (RoleInfo.java:shutdownLeaderState(104)) - e7c9b6e5-8734-4888-9a82-5562d6bfa950: shutdown LeaderState
2019-10-04 13:47:12,978 [main] INFO  impl.RoleInfo (RoleInfo.java:shutdownLeaderState(104)) - 7e1c9ca0-e47b-440d-aa87-5a285336291c: shutdown LeaderState
2019-10-04 13:47:12,979 [ForkJoinPool.commonPool-worker-1] INFO  impl.PendingRequests (PendingRequests.java:sendNotLeaderResponses(202)) - e7c9b6e5-8734-4888-9a82-5562d6bfa950@group-F494998017DE-PendingRequests: sendNotLeaderResponses
2019-10-04 13:47:12,979 [main] INFO  impl.PendingRequests (PendingRequests.java:sendNotLeaderResponses(202)) - 7e1c9ca0-e47b-440d-aa87-5a285336291c@group-B2722440210D-PendingRequests: sendNotLeaderResponses
2019-10-04 13:47:12,979 [ForkJoinPool.commonPool-worker-1] INFO  impl.StateMachineUpdater (StateMachineUpdater.java:stopAndJoin(136)) - e7c9b6e5-8734-4888-9a82-5562d6bfa950@group-F494998017DE-StateMachineUpdater: set stopIndex = 0
2019-10-04 13:47:12,980 [main] INFO  impl.StateMachineUpdater (StateMachineUpdater.java:stopAndJoin(136)) - 7e1c9ca0-e47b-440d-aa87-5a285336291c@group-B2722440210D-StateMachineUpdater: set stopIndex = 0
2019-10-04 13:47:12,980 [ForkJoinPool.commonPool-worker-1] INFO  impl.RaftServerImpl (ServerState.java:close(387)) - e7c9b6e5-8734-4888-9a82-5562d6bfa950@group-F494998017DE: closes. applyIndex: 0
2019-10-04 13:47:12,981 [main] INFO  impl.RaftServerImpl (ServerState.java:close(387)) - 7e1c9ca0-e47b-440d-aa87-5a285336291c@group-B2722440210D: closes. applyIndex: 0
2019-10-04 13:47:12,981 [e7c9b6e5-8734-4888-9a82-5562d6bfa950@group-F494998017DE-SegmentedRaftLogWorker] INFO  segmented.SegmentedRaftLogWorker (SegmentedRaftLogWorker.java:run(316)) - e7c9b6e5-8734-4888-9a82-5562d6bfa950@group-F494998017DE-SegmentedRaftLogWorker was interrupted, exiting. There are 0 tasks remaining in the queue.
2019-10-04 13:47:12,982 [7e1c9ca0-e47b-440d-aa87-5a285336291c@group-B2722440210D-SegmentedRaftLogWorker] INFO  segmented.SegmentedRaftLogWorker (SegmentedRaftLogWorker.java:run(316)) - 7e1c9ca0-e47b-440d-aa87-5a285336291c@group-B2722440210D-SegmentedRaftLogWorker was interrupted, exiting. There are 0 tasks remaining in the queue.
2019-10-04 13:47:12,985 [ForkJoinPool.commonPool-worker-1] INFO  segmented.SegmentedRaftLogWorker (SegmentedRaftLogWorker.java:close(224)) - e7c9b6e5-8734-4888-9a82-5562d6bfa950@group-F494998017DE-SegmentedRaftLogWorker close()
2019-10-04 13:47:12,988 [main] INFO  segmented.SegmentedRaftLogWorker (SegmentedRaftLogWorker.java:close(224)) - 7e1c9ca0-e47b-440d-aa87-5a285336291c@group-B2722440210D-SegmentedRaftLogWorker close()
2019-10-04 13:47:12,992 [ForkJoinPool.commonPool-worker-1] INFO  impl.RaftServerImpl (RaftServerImpl.java:lambda$shutdown$3(247)) - e7c9b6e5-8734-4888-9a82-5562d6bfa950@group-6C24881946A3: shutdown
2019-10-04 13:47:12,997 [main] INFO  server.GrpcService (GrpcService.java:closeImpl(164)) - 7e1c9ca0-e47b-440d-aa87-5a285336291c: shutdown server with port 44642 now
2019-10-04 13:47:12,997 [ForkJoinPool.commonPool-worker-1] INFO  util.JmxRegister (JmxRegister.java:unregister(73)) - Successfully un-registered JMX Bean with object name Ratis:service=RaftServer,group=group-6C24881946A3,id=e7c9b6e5-8734-4888-9a82-5562d6bfa950
2019-10-04 13:47:12,998 [ForkJoinPool.commonPool-worker-1] INFO  impl.RoleInfo (RoleInfo.java:shutdownFollowerState(121)) - e7c9b6e5-8734-4888-9a82-5562d6bfa950: shutdown FollowerState
2019-10-04 13:47:13,000 [main] INFO  server.GrpcService (GrpcService.java:closeImpl(172)) - 7e1c9ca0-e47b-440d-aa87-5a285336291c: shutdown server with port 44642 successfully
2019-10-04 13:47:13,000 [Thread-4005] INFO  impl.FollowerState (FollowerState.java:run(117)) - e7c9b6e5-8734-4888-9a82-5562d6bfa950@group-6C24881946A3-FollowerState was interrupted: java.lang.InterruptedException: sleep interrupted
2019-10-04 13:47:13,000 [ForkJoinPool.commonPool-worker-1] INFO  impl.StateMachineUpdater (StateMachineUpdater.java:stopAndJoin(136)) - e7c9b6e5-8734-4888-9a82-5562d6bfa950@group-6C24881946A3-StateMachineUpdater: set stopIndex = 0
2019-10-04 13:47:13,001 [ForkJoinPool.commonPool-worker-1] INFO  impl.RaftServerImpl (ServerState.java:close(387)) - e7c9b6e5-8734-4888-9a82-5562d6bfa950@group-6C24881946A3: closes. applyIndex: 0
2019-10-04 13:47:13,001 [e7c9b6e5-8734-4888-9a82-5562d6bfa950@group-6C24881946A3-SegmentedRaftLogWorker] INFO  segmented.SegmentedRaftLogWorker (SegmentedRaftLogWorker.java:run(316)) - e7c9b6e5-8734-4888-9a82-5562d6bfa950@group-6C24881946A3-SegmentedRaftLogWorker was interrupted, exiting. There are 0 tasks remaining in the queue.
2019-10-04 13:47:13,004 [ForkJoinPool.commonPool-worker-1] INFO  segmented.SegmentedRaftLogWorker (SegmentedRaftLogWorker.java:close(224)) - e7c9b6e5-8734-4888-9a82-5562d6bfa950@group-6C24881946A3-SegmentedRaftLogWorker close()
2019-10-04 13:47:13,008 [ForkJoinPool.commonPool-worker-1] INFO  server.GrpcService (GrpcService.java:closeImpl(164)) - e7c9b6e5-8734-4888-9a82-5562d6bfa950: shutdown server with port 44869 now
2019-10-04 13:47:13,009 [refreshUsed-/workdir/hadoop-ozone/integration-test/target/test-dir/MiniOzoneClusterImpl-7f8d01bd-209a-4bb2-b348-2961670ba14e/datanode-6/data/containers] WARN  fs.CachingGetSpaceUsed (CachingGetSpaceUsed.java:run(183)) - Thread Interrupted waiting to refresh disk information: sleep interrupted
2019-10-04 13:47:13,009 [grpc-default-executor-3] WARN  server.GrpcServerProtocolService (LogUtils.java:warn(134)) - e7c9b6e5-8734-4888-9a82-5562d6bfa950: installSnapshot onError, lastRequest: d30cfae4-72b5-4ec1-a6ad-4fabcec0d6f2->e7c9b6e5-8734-4888-9a82-5562d6bfa950#2-t12, previous=(t:12, i:0), leaderCommit=0, initializing? false, entries: <empty>: org.apache.ratis.thirdparty.io.grpc.StatusRuntimeException: CANCELLED: cancelled before receiving half close
2019-10-04 13:47:13,009 [grpc-default-executor-12] WARN  server.GrpcLogAppender (LogUtils.java:warn(134)) - d30cfae4-72b5-4ec1-a6ad-4fabcec0d6f2@group-6C24881946A3->e7c9b6e5-8734-4888-9a82-5562d6bfa950-AppendLogResponseHandler: Failed appendEntries: org.apache.ratis.thirdparty.io.grpc.StatusRuntimeException: CANCELLED: HTTP/2 error code: CANCEL
Received Rst Stream
2019-10-04 13:47:13,009 [ForkJoinPool.commonPool-worker-1] INFO  server.GrpcService (GrpcService.java:closeImpl(172)) - e7c9b6e5-8734-4888-9a82-5562d6bfa950: shutdown server with port 44869 successfully
2019-10-04 13:47:13,010 [grpc-default-executor-12] INFO  impl.FollowerInfo (FollowerInfo.java:lambda$new$0(51)) - d30cfae4-72b5-4ec1-a6ad-4fabcec0d6f2@group-6C24881946A3->e7c9b6e5-8734-4888-9a82-5562d6bfa950: nextIndex: updateUnconditionally 1 -> 0
2019-10-04 13:47:13,013 [refreshUsed-/workdir/hadoop-ozone/integration-test/target/test-dir/MiniOzoneClusterImpl-7f8d01bd-209a-4bb2-b348-2961670ba14e/datanode-3/data/containers] WARN  fs.CachingGetSpaceUsed (CachingGetSpaceUsed.java:run(183)) - Thread Interrupted waiting to refresh disk information: sleep interrupted
2019-10-04 13:47:13,024 [ForkJoinPool.commonPool-worker-1] INFO  utils.BackgroundService (BackgroundService.java:shutdown(148)) - Shutting down service BlockDeletingService
2019-10-04 13:47:13,026 [ForkJoinPool.commonPool-worker-1] INFO  statemachine.DatanodeStateMachine (DatanodeStateMachine.java:stopDaemon(395)) - Ozone container server stopped.
2019-10-04 13:47:13,044 [ForkJoinPool.commonPool-worker-1] INFO  handler.ContextHandler (ContextHandler.java:doStop(910)) - Stopped o.e.j.w.WebAppContext@57e03347{/,null,UNAVAILABLE}{/hddsDatanode}
2019-10-04 13:47:13,045 [ForkJoinPool.commonPool-worker-1] INFO  server.AbstractConnector (AbstractConnector.java:doStop(318)) - Stopped ServerConnector@2edb2f8b{HTTP/1.1,[http/1.1]}{0.0.0.0:0}
2019-10-04 13:47:13,047 [ForkJoinPool.commonPool-worker-1] INFO  handler.ContextHandler (ContextHandler.java:doStop(910)) - Stopped o.e.j.s.ServletContextHandler@402b4f81{/static,jar:file:/home/user/.m2/repository/org/apache/hadoop/hadoop-hdds-container-service/0.5.0-SNAPSHOT/hadoop-hdds-container-service-0.5.0-SNAPSHOT.jar!/webapps/static,UNAVAILABLE}
2019-10-04 13:47:13,049 [ForkJoinPool.commonPool-worker-1] INFO  handler.ContextHandler (ContextHandler.java:doStop(910)) - Stopped o.e.j.s.ServletContextHandler@29170a47{/logs,file:///workdir/hadoop-ozone/integration-test/target/log,UNAVAILABLE}
2019-10-04 13:47:13,051 [main] INFO  utils.BackgroundService (BackgroundService.java:shutdown(148)) - Shutting down service BlockDeletingService
2019-10-04 13:47:13,054 [main] INFO  statemachine.DatanodeStateMachine (DatanodeStateMachine.java:stopDaemon(395)) - Ozone container server stopped.
2019-10-04 13:47:13,054 [main] INFO  handler.ContextHandler (ContextHandler.java:doStop(910)) - Stopped o.e.j.w.WebAppContext@1f949ab9{/,null,UNAVAILABLE}{/hddsDatanode}
2019-10-04 13:47:13,055 [main] INFO  server.AbstractConnector (AbstractConnector.java:doStop(318)) - Stopped ServerConnector@5a7b6b75{HTTP/1.1,[http/1.1]}{0.0.0.0:0}
2019-10-04 13:47:13,056 [main] INFO  handler.ContextHandler (ContextHandler.java:doStop(910)) - Stopped o.e.j.s.ServletContextHandler@51424203{/static,jar:file:/home/user/.m2/repository/org/apache/hadoop/hadoop-hdds-container-service/0.5.0-SNAPSHOT/hadoop-hdds-container-service-0.5.0-SNAPSHOT.jar!/webapps/static,UNAVAILABLE}
2019-10-04 13:47:13,056 [main] INFO  handler.ContextHandler (ContextHandler.java:doStop(910)) - Stopped o.e.j.s.ServletContextHandler@4628a02b{/logs,file:///workdir/hadoop-ozone/integration-test/target/log,UNAVAILABLE}
2019-10-04 13:47:13,337 [grpc-default-executor-0] WARN  server.GrpcLogAppender (LogUtils.java:warn(134)) - 870a27db-da30-4d61-a408-9d113e1c9716@group-B080C88A3813->34bb4e64-1059-4030-8a56-fd9416faa756-AppendLogResponseHandler: Failed appendEntries: org.apache.ratis.thirdparty.io.grpc.StatusRuntimeException: UNAVAILABLE: io exception
2019-10-04 13:47:13,338 [grpc-default-executor-0] INFO  impl.FollowerInfo (FollowerInfo.java:lambda$new$0(51)) - 870a27db-da30-4d61-a408-9d113e1c9716@group-B080C88A3813->34bb4e64-1059-4030-8a56-fd9416faa756: nextIndex: updateUnconditionally 0 -> 0
2019-10-04 13:47:13,349 [grpc-default-executor-12] WARN  server.GrpcLogAppender (LogUtils.java:warn(134)) - 4da2f670-0e5c-4bde-934c-3cd05d8a50a4@group-39017AAFEA81->abf7bc81-30d5-42c0-a0af-45d0cecf5915-AppendLogResponseHandler: Failed appendEntries: org.apache.ratis.thirdparty.io.grpc.StatusRuntimeException: UNAVAILABLE: io exception
2019-10-04 13:47:13,349 [grpc-default-executor-12] INFO  impl.FollowerInfo (FollowerInfo.java:lambda$new$0(51)) - 4da2f670-0e5c-4bde-934c-3cd05d8a50a4@group-39017AAFEA81->abf7bc81-30d5-42c0-a0af-45d0cecf5915: nextIndex: updateUnconditionally 0 -> 0
2019-10-04 13:47:13,474 [grpc-default-executor-3] WARN  server.GrpcLogAppender (LogUtils.java:warn(134)) - d30cfae4-72b5-4ec1-a6ad-4fabcec0d6f2@group-6C24881946A3->e7c9b6e5-8734-4888-9a82-5562d6bfa950-AppendLogResponseHandler: Failed appendEntries: org.apache.ratis.thirdparty.io.grpc.StatusRuntimeException: UNAVAILABLE: io exception
2019-10-04 13:47:13,474 [grpc-default-executor-3] INFO  impl.FollowerInfo (FollowerInfo.java:lambda$new$0(51)) - d30cfae4-72b5-4ec1-a6ad-4fabcec0d6f2@group-6C24881946A3->e7c9b6e5-8734-4888-9a82-5562d6bfa950: nextIndex: updateUnconditionally 0 -> 0
2019-10-04 13:47:13,714 [Datanode State Machine Thread - 0] INFO  statemachine.DatanodeStateMachine (DatanodeStateMachine.java:lambda$startDaemon$0(350)) - Ozone container server started.
2019-10-04 13:47:13,838 [grpc-default-executor-3] WARN  server.GrpcLogAppender (LogUtils.java:warn(134)) - 870a27db-da30-4d61-a408-9d113e1c9716@group-B080C88A3813->34bb4e64-1059-4030-8a56-fd9416faa756-AppendLogResponseHandler: Failed appendEntries: org.apache.ratis.thirdparty.io.grpc.StatusRuntimeException: UNAVAILABLE: io exception
2019-10-04 13:47:13,838 [grpc-default-executor-3] INFO  impl.FollowerInfo (FollowerInfo.java:lambda$new$0(51)) - 870a27db-da30-4d61-a408-9d113e1c9716@group-B080C88A3813->34bb4e64-1059-4030-8a56-fd9416faa756: nextIndex: updateUnconditionally 0 -> 0
2019-10-04 13:47:13,849 [grpc-default-executor-0] WARN  server.GrpcLogAppender (LogUtils.java:warn(134)) - 4da2f670-0e5c-4bde-934c-3cd05d8a50a4@group-39017AAFEA81->abf7bc81-30d5-42c0-a0af-45d0cecf5915-AppendLogResponseHandler: Failed appendEntries: org.apache.ratis.thirdparty.io.grpc.StatusRuntimeException: UNAVAILABLE: io exception
2019-10-04 13:47:13,850 [grpc-default-executor-0] INFO  impl.FollowerInfo (FollowerInfo.java:lambda$new$0(51)) - 4da2f670-0e5c-4bde-934c-3cd05d8a50a4@group-39017AAFEA81->abf7bc81-30d5-42c0-a0af-45d0cecf5915: nextIndex: updateUnconditionally 0 -> 0
2019-10-04 13:47:13,974 [grpc-default-executor-12] WARN  server.GrpcLogAppender (LogUtils.java:warn(134)) - d30cfae4-72b5-4ec1-a6ad-4fabcec0d6f2@group-6C24881946A3->e7c9b6e5-8734-4888-9a82-5562d6bfa950-AppendLogResponseHandler: Failed appendEntries: org.apache.ratis.thirdparty.io.grpc.StatusRuntimeException: UNAVAILABLE: io exception
2019-10-04 13:47:13,975 [grpc-default-executor-12] INFO  impl.FollowerInfo (FollowerInfo.java:lambda$new$0(51)) - d30cfae4-72b5-4ec1-a6ad-4fabcec0d6f2@group-6C24881946A3->e7c9b6e5-8734-4888-9a82-5562d6bfa950: nextIndex: updateUnconditionally 0 -> 0
2019-10-04 13:47:13,990 [Datanode State Machine Thread - 0] INFO  statemachine.DatanodeStateMachine (DatanodeStateMachine.java:lambda$startDaemon$0(350)) - Ozone container server started.
2019-10-04 13:47:14,338 [grpc-default-executor-12] WARN  server.GrpcLogAppender (LogUtils.java:warn(134)) - 870a27db-da30-4d61-a408-9d113e1c9716@group-B080C88A3813->34bb4e64-1059-4030-8a56-fd9416faa756-AppendLogResponseHandler: Failed appendEntries: org.apache.ratis.thirdparty.io.grpc.StatusRuntimeException: UNAVAILABLE: io exception
2019-10-04 13:47:14,338 [grpc-default-executor-12] INFO  impl.FollowerInfo (FollowerInfo.java:lambda$new$0(51)) - 870a27db-da30-4d61-a408-9d113e1c9716@group-B080C88A3813->34bb4e64-1059-4030-8a56-fd9416faa756: nextIndex: updateUnconditionally 0 -> 0
2019-10-04 13:47:14,350 [grpc-default-executor-0] WARN  server.GrpcLogAppender (LogUtils.java:warn(134)) - 4da2f670-0e5c-4bde-934c-3cd05d8a50a4@group-39017AAFEA81->abf7bc81-30d5-42c0-a0af-45d0cecf5915-AppendLogResponseHandler: Failed appendEntries: org.apache.ratis.thirdparty.io.grpc.StatusRuntimeException: UNAVAILABLE: io exception
2019-10-04 13:47:14,350 [grpc-default-executor-0] INFO  impl.FollowerInfo (FollowerInfo.java:lambda$new$0(51)) - 4da2f670-0e5c-4bde-934c-3cd05d8a50a4@group-39017AAFEA81->abf7bc81-30d5-42c0-a0af-45d0cecf5915: nextIndex: updateUnconditionally 0 -> 0
2019-10-04 13:47:14,475 [grpc-default-executor-0] WARN  server.GrpcLogAppender (LogUtils.java:warn(134)) - d30cfae4-72b5-4ec1-a6ad-4fabcec0d6f2@group-6C24881946A3->e7c9b6e5-8734-4888-9a82-5562d6bfa950-AppendLogResponseHandler: Failed appendEntries: org.apache.ratis.thirdparty.io.grpc.StatusRuntimeException: UNAVAILABLE: io exception
2019-10-04 13:47:14,475 [grpc-default-executor-0] INFO  impl.FollowerInfo (FollowerInfo.java:lambda$new$0(51)) - d30cfae4-72b5-4ec1-a6ad-4fabcec0d6f2@group-6C24881946A3->e7c9b6e5-8734-4888-9a82-5562d6bfa950: nextIndex: updateUnconditionally 0 -> 0
2019-10-04 13:47:14,839 [grpc-default-executor-3] WARN  server.GrpcLogAppender (LogUtils.java:warn(134)) - 870a27db-da30-4d61-a408-9d113e1c9716@group-B080C88A3813->34bb4e64-1059-4030-8a56-fd9416faa756-AppendLogResponseHandler: Failed appendEntries: org.apache.ratis.thirdparty.io.grpc.StatusRuntimeException: UNAVAILABLE: io exception
2019-10-04 13:47:14,839 [grpc-default-executor-3] INFO  impl.FollowerInfo (FollowerInfo.java:lambda$new$0(51)) - 870a27db-da30-4d61-a408-9d113e1c9716@group-B080C88A3813->34bb4e64-1059-4030-8a56-fd9416faa756: nextIndex: updateUnconditionally 0 -> 0
2019-10-04 13:47:14,850 [grpc-default-executor-12] WARN  server.GrpcLogAppender (LogUtils.java:warn(134)) - 4da2f670-0e5c-4bde-934c-3cd05d8a50a4@group-39017AAFEA81->abf7bc81-30d5-42c0-a0af-45d0cecf5915-AppendLogResponseHandler: Failed appendEntries: org.apache.ratis.thirdparty.io.grpc.StatusRuntimeException: UNAVAILABLE: io exception
2019-10-04 13:47:14,850 [grpc-default-executor-12] INFO  impl.FollowerInfo (FollowerInfo.java:lambda$new$0(51)) - 4da2f670-0e5c-4bde-934c-3cd05d8a50a4@group-39017AAFEA81->abf7bc81-30d5-42c0-a0af-45d0cecf5915: nextIndex: updateUnconditionally 0 -> 0
2019-10-04 13:47:14,975 [grpc-default-executor-0] WARN  server.GrpcLogAppender (LogUtils.java:warn(134)) - d30cfae4-72b5-4ec1-a6ad-4fabcec0d6f2@group-6C24881946A3->e7c9b6e5-8734-4888-9a82-5562d6bfa950-AppendLogResponseHandler: Failed appendEntries: org.apache.ratis.thirdparty.io.grpc.StatusRuntimeException: UNAVAILABLE: io exception
2019-10-04 13:47:14,976 [grpc-default-executor-0] INFO  impl.FollowerInfo (FollowerInfo.java:lambda$new$0(51)) - d30cfae4-72b5-4ec1-a6ad-4fabcec0d6f2@group-6C24881946A3->e7c9b6e5-8734-4888-9a82-5562d6bfa950: nextIndex: updateUnconditionally 0 -> 0
2019-10-04 13:47:15,339 [grpc-default-executor-12] WARN  server.GrpcLogAppender (LogUtils.java:warn(134)) - 870a27db-da30-4d61-a408-9d113e1c9716@group-B080C88A3813->34bb4e64-1059-4030-8a56-fd9416faa756-AppendLogResponseHandler: Failed appendEntries: org.apache.ratis.thirdparty.io.grpc.StatusRuntimeException: UNAVAILABLE: io exception
2019-10-04 13:47:15,340 [grpc-default-executor-12] INFO  impl.FollowerInfo (FollowerInfo.java:lambda$new$0(51)) - 870a27db-da30-4d61-a408-9d113e1c9716@group-B080C88A3813->34bb4e64-1059-4030-8a56-fd9416faa756: nextIndex: updateUnconditionally 0 -> 0
2019-10-04 13:47:15,350 [grpc-default-executor-3] WARN  server.GrpcLogAppender (LogUtils.java:warn(134)) - 4da2f670-0e5c-4bde-934c-3cd05d8a50a4@group-39017AAFEA81->abf7bc81-30d5-42c0-a0af-45d0cecf5915-AppendLogResponseHandler: Failed appendEntries: org.apache.ratis.thirdparty.io.grpc.StatusRuntimeException: UNAVAILABLE: io exception
2019-10-04 13:47:15,351 [grpc-default-executor-3] INFO  impl.FollowerInfo (FollowerInfo.java:lambda$new$0(51)) - 4da2f670-0e5c-4bde-934c-3cd05d8a50a4@group-39017AAFEA81->abf7bc81-30d5-42c0-a0af-45d0cecf5915: nextIndex: updateUnconditionally 0 -> 0
2019-10-04 13:47:15,476 [grpc-default-executor-3] WARN  server.GrpcLogAppender (LogUtils.java:warn(134)) - d30cfae4-72b5-4ec1-a6ad-4fabcec0d6f2@group-6C24881946A3->e7c9b6e5-8734-4888-9a82-5562d6bfa950-AppendLogResponseHandler: Failed appendEntries: org.apache.ratis.thirdparty.io.grpc.StatusRuntimeException: UNAVAILABLE: io exception
2019-10-04 13:47:15,476 [grpc-default-executor-3] INFO  impl.FollowerInfo (FollowerInfo.java:lambda$new$0(51)) - d30cfae4-72b5-4ec1-a6ad-4fabcec0d6f2@group-6C24881946A3->e7c9b6e5-8734-4888-9a82-5562d6bfa950: nextIndex: updateUnconditionally 0 -> 0
2019-10-04 13:47:15,840 [grpc-default-executor-3] WARN  server.GrpcLogAppender (LogUtils.java:warn(134)) - 870a27db-da30-4d61-a408-9d113e1c9716@group-B080C88A3813->34bb4e64-1059-4030-8a56-fd9416faa756-AppendLogResponseHandler: Failed appendEntries: org.apache.ratis.thirdparty.io.grpc.StatusRuntimeException: UNAVAILABLE: io exception
2019-10-04 13:47:15,840 [grpc-default-executor-3] INFO  impl.FollowerInfo (FollowerInfo.java:lambda$new$0(51)) - 870a27db-da30-4d61-a408-9d113e1c9716@group-B080C88A3813->34bb4e64-1059-4030-8a56-fd9416faa756: nextIndex: updateUnconditionally 0 -> 0
2019-10-04 13:47:15,851 [grpc-default-executor-0] WARN  server.GrpcLogAppender (LogUtils.java:warn(134)) - 4da2f670-0e5c-4bde-934c-3cd05d8a50a4@group-39017AAFEA81->abf7bc81-30d5-42c0-a0af-45d0cecf5915-AppendLogResponseHandler: Failed appendEntries: org.apache.ratis.thirdparty.io.grpc.StatusRuntimeException: UNAVAILABLE: io exception
2019-10-04 13:47:15,851 [grpc-default-executor-0] INFO  impl.FollowerInfo (FollowerInfo.java:lambda$new$0(51)) - 4da2f670-0e5c-4bde-934c-3cd05d8a50a4@group-39017AAFEA81->abf7bc81-30d5-42c0-a0af-45d0cecf5915: nextIndex: updateUnconditionally 0 -> 0
2019-10-04 13:47:15,976 [grpc-default-executor-12] WARN  server.GrpcLogAppender (LogUtils.java:warn(134)) - d30cfae4-72b5-4ec1-a6ad-4fabcec0d6f2@group-6C24881946A3->e7c9b6e5-8734-4888-9a82-5562d6bfa950-AppendLogResponseHandler: Failed appendEntries: org.apache.ratis.thirdparty.io.grpc.StatusRuntimeException: UNAVAILABLE: io exception
2019-10-04 13:47:15,976 [grpc-default-executor-12] INFO  impl.FollowerInfo (FollowerInfo.java:lambda$new$0(51)) - d30cfae4-72b5-4ec1-a6ad-4fabcec0d6f2@group-6C24881946A3->e7c9b6e5-8734-4888-9a82-5562d6bfa950: nextIndex: updateUnconditionally 0 -> 0
2019-10-04 13:47:16,340 [grpc-default-executor-3] WARN  server.GrpcLogAppender (LogUtils.java:warn(134)) - 870a27db-da30-4d61-a408-9d113e1c9716@group-B080C88A3813->34bb4e64-1059-4030-8a56-fd9416faa756-AppendLogResponseHandler: Failed appendEntries: org.apache.ratis.thirdparty.io.grpc.StatusRuntimeException: UNAVAILABLE: io exception
2019-10-04 13:47:16,341 [grpc-default-executor-3] INFO  impl.FollowerInfo (FollowerInfo.java:lambda$new$0(51)) - 870a27db-da30-4d61-a408-9d113e1c9716@group-B080C88A3813->34bb4e64-1059-4030-8a56-fd9416faa756: nextIndex: updateUnconditionally 0 -> 0
2019-10-04 13:47:16,351 [grpc-default-executor-12] WARN  server.GrpcLogAppender (LogUtils.java:warn(134)) - 4da2f670-0e5c-4bde-934c-3cd05d8a50a4@group-39017AAFEA81->abf7bc81-30d5-42c0-a0af-45d0cecf5915-AppendLogResponseHandler: Failed appendEntries: org.apache.ratis.thirdparty.io.grpc.StatusRuntimeException: UNAVAILABLE: io exception
2019-10-04 13:47:16,351 [grpc-default-executor-12] INFO  impl.FollowerInfo (FollowerInfo.java:lambda$new$0(51)) - 4da2f670-0e5c-4bde-934c-3cd05d8a50a4@group-39017AAFEA81->abf7bc81-30d5-42c0-a0af-45d0cecf5915: nextIndex: updateUnconditionally 0 -> 0
2019-10-04 13:47:16,476 [grpc-default-executor-0] WARN  server.GrpcLogAppender (LogUtils.java:warn(134)) - d30cfae4-72b5-4ec1-a6ad-4fabcec0d6f2@group-6C24881946A3->e7c9b6e5-8734-4888-9a82-5562d6bfa950-AppendLogResponseHandler: Failed appendEntries: org.apache.ratis.thirdparty.io.grpc.StatusRuntimeException: UNAVAILABLE: io exception
2019-10-04 13:47:16,477 [grpc-default-executor-0] INFO  impl.FollowerInfo (FollowerInfo.java:lambda$new$0(51)) - d30cfae4-72b5-4ec1-a6ad-4fabcec0d6f2@group-6C24881946A3->e7c9b6e5-8734-4888-9a82-5562d6bfa950: nextIndex: updateUnconditionally 0 -> 0
2019-10-04 13:47:16,841 [grpc-default-executor-0] WARN  server.GrpcLogAppender (LogUtils.java:warn(134)) - 870a27db-da30-4d61-a408-9d113e1c9716@group-B080C88A3813->34bb4e64-1059-4030-8a56-fd9416faa756-AppendLogResponseHandler: Failed appendEntries: org.apache.ratis.thirdparty.io.grpc.StatusRuntimeException: UNAVAILABLE: io exception
2019-10-04 13:47:16,841 [grpc-default-executor-0] INFO  impl.FollowerInfo (FollowerInfo.java:lambda$new$0(51)) - 870a27db-da30-4d61-a408-9d113e1c9716@group-B080C88A3813->34bb4e64-1059-4030-8a56-fd9416faa756: nextIndex: updateUnconditionally 0 -> 0
2019-10-04 13:47:16,852 [grpc-default-executor-12] WARN  server.GrpcLogAppender (LogUtils.java:warn(134)) - 4da2f670-0e5c-4bde-934c-3cd05d8a50a4@group-39017AAFEA81->abf7bc81-30d5-42c0-a0af-45d0cecf5915-AppendLogResponseHandler: Failed appendEntries: org.apache.ratis.thirdparty.io.grpc.StatusRuntimeException: UNAVAILABLE: io exception
2019-10-04 13:47:16,852 [grpc-default-executor-12] INFO  impl.FollowerInfo (FollowerInfo.java:lambda$new$0(51)) - 4da2f670-0e5c-4bde-934c-3cd05d8a50a4@group-39017AAFEA81->abf7bc81-30d5-42c0-a0af-45d0cecf5915: nextIndex: updateUnconditionally 0 -> 0
2019-10-04 13:47:16,977 [grpc-default-executor-3] WARN  server.GrpcLogAppender (LogUtils.java:warn(134)) - d30cfae4-72b5-4ec1-a6ad-4fabcec0d6f2@group-6C24881946A3->e7c9b6e5-8734-4888-9a82-5562d6bfa950-AppendLogResponseHandler: Failed appendEntries: org.apache.ratis.thirdparty.io.grpc.StatusRuntimeException: UNAVAILABLE: io exception
2019-10-04 13:47:16,977 [grpc-default-executor-3] INFO  impl.FollowerInfo (FollowerInfo.java:lambda$new$0(51)) - d30cfae4-72b5-4ec1-a6ad-4fabcec0d6f2@group-6C24881946A3->e7c9b6e5-8734-4888-9a82-5562d6bfa950: nextIndex: updateUnconditionally 0 -> 0
2019-10-04 13:47:17,341 [grpc-default-executor-0] WARN  server.GrpcLogAppender (LogUtils.java:warn(134)) - 870a27db-da30-4d61-a408-9d113e1c9716@group-B080C88A3813->34bb4e64-1059-4030-8a56-fd9416faa756-AppendLogResponseHandler: Failed appendEntries: org.apache.ratis.thirdparty.io.grpc.StatusRuntimeException: UNAVAILABLE: io exception
2019-10-04 13:47:17,341 [grpc-default-executor-0] INFO  impl.FollowerInfo (FollowerInfo.java:lambda$new$0(51)) - 870a27db-da30-4d61-a408-9d113e1c9716@group-B080C88A3813->34bb4e64-1059-4030-8a56-fd9416faa756: nextIndex: updateUnconditionally 0 -> 0
2019-10-04 13:47:17,352 [grpc-default-executor-12] WARN  server.GrpcLogAppender (LogUtils.java:warn(134)) - 4da2f670-0e5c-4bde-934c-3cd05d8a50a4@group-39017AAFEA81->abf7bc81-30d5-42c0-a0af-45d0cecf5915-AppendLogResponseHandler: Failed appendEntries: org.apache.ratis.thirdparty.io.grpc.StatusRuntimeException: UNAVAILABLE: io exception
2019-10-04 13:47:17,352 [grpc-default-executor-12] INFO  impl.FollowerInfo (FollowerInfo.java:lambda$new$0(51)) - 4da2f670-0e5c-4bde-934c-3cd05d8a50a4@group-39017AAFEA81->abf7bc81-30d5-42c0-a0af-45d0cecf5915: nextIndex: updateUnconditionally 0 -> 0
2019-10-04 13:47:17,477 [grpc-default-executor-12] WARN  server.GrpcLogAppender (LogUtils.java:warn(134)) - d30cfae4-72b5-4ec1-a6ad-4fabcec0d6f2@group-6C24881946A3->e7c9b6e5-8734-4888-9a82-5562d6bfa950-AppendLogResponseHandler: Failed appendEntries: org.apache.ratis.thirdparty.io.grpc.StatusRuntimeException: UNAVAILABLE: io exception
2019-10-04 13:47:17,477 [grpc-default-executor-12] INFO  impl.FollowerInfo (FollowerInfo.java:lambda$new$0(51)) - d30cfae4-72b5-4ec1-a6ad-4fabcec0d6f2@group-6C24881946A3->e7c9b6e5-8734-4888-9a82-5562d6bfa950: nextIndex: updateUnconditionally 0 -> 0
2019-10-04 13:47:17,842 [grpc-default-executor-12] WARN  server.GrpcLogAppender (LogUtils.java:warn(134)) - 870a27db-da30-4d61-a408-9d113e1c9716@group-B080C88A3813->34bb4e64-1059-4030-8a56-fd9416faa756-AppendLogResponseHandler: Failed appendEntries: org.apache.ratis.thirdparty.io.grpc.StatusRuntimeException: UNAVAILABLE: io exception
2019-10-04 13:47:17,842 [grpc-default-executor-12] INFO  impl.FollowerInfo (FollowerInfo.java:lambda$new$0(51)) - 870a27db-da30-4d61-a408-9d113e1c9716@group-B080C88A3813->34bb4e64-1059-4030-8a56-fd9416faa756: nextIndex: updateUnconditionally 0 -> 0
2019-10-04 13:47:17,852 [grpc-default-executor-12] WARN  server.GrpcLogAppender (LogUtils.java:warn(134)) - 4da2f670-0e5c-4bde-934c-3cd05d8a50a4@group-39017AAFEA81->abf7bc81-30d5-42c0-a0af-45d0cecf5915-AppendLogResponseHandler: Failed appendEntries: org.apache.ratis.thirdparty.io.grpc.StatusRuntimeException: UNAVAILABLE: io exception
2019-10-04 13:47:17,852 [grpc-default-executor-12] INFO  impl.FollowerInfo (FollowerInfo.java:lambda$new$0(51)) - 4da2f670-0e5c-4bde-934c-3cd05d8a50a4@group-39017AAFEA81->abf7bc81-30d5-42c0-a0af-45d0cecf5915: nextIndex: updateUnconditionally 0 -> 0
2019-10-04 13:47:17,978 [grpc-default-executor-12] WARN  server.GrpcLogAppender (LogUtils.java:warn(134)) - d30cfae4-72b5-4ec1-a6ad-4fabcec0d6f2@group-6C24881946A3->e7c9b6e5-8734-4888-9a82-5562d6bfa950-AppendLogResponseHandler: Failed appendEntries: org.apache.ratis.thirdparty.io.grpc.StatusRuntimeException: UNAVAILABLE: io exception
2019-10-04 13:47:17,978 [grpc-default-executor-12] INFO  impl.FollowerInfo (FollowerInfo.java:lambda$new$0(51)) - d30cfae4-72b5-4ec1-a6ad-4fabcec0d6f2@group-6C24881946A3->e7c9b6e5-8734-4888-9a82-5562d6bfa950: nextIndex: updateUnconditionally 0 -> 0
2019-10-04 13:47:18,050 [ForkJoinPool.commonPool-worker-1] INFO  ozoneimpl.OzoneContainer (OzoneContainer.java:stop(231)) - Attempting to stop container services.
2019-10-04 13:47:18,050 [ForkJoinPool.commonPool-worker-1] INFO  impl.RaftServerProxy (RaftServerProxy.java:lambda$close$4(314)) - 1acd4a7f-a859-40e1-8534-5adb5341c727: close
2019-10-04 13:47:18,050 [ForkJoinPool.commonPool-worker-1] INFO  impl.RaftServerImpl (RaftServerImpl.java:lambda$shutdown$3(247)) - 1acd4a7f-a859-40e1-8534-5adb5341c727@group-B080C88A3813: shutdown
2019-10-04 13:47:18,051 [ForkJoinPool.commonPool-worker-1] INFO  util.JmxRegister (JmxRegister.java:unregister(73)) - Successfully un-registered JMX Bean with object name Ratis:service=RaftServer,group=group-B080C88A3813,id=1acd4a7f-a859-40e1-8534-5adb5341c727
2019-10-04 13:47:18,051 [ForkJoinPool.commonPool-worker-1] INFO  impl.RoleInfo (RoleInfo.java:shutdownFollowerState(121)) - 1acd4a7f-a859-40e1-8534-5adb5341c727: shutdown FollowerState
2019-10-04 13:47:18,051 [ForkJoinPool.commonPool-worker-1] INFO  impl.StateMachineUpdater (StateMachineUpdater.java:stopAndJoin(136)) - 1acd4a7f-a859-40e1-8534-5adb5341c727@group-B080C88A3813-StateMachineUpdater: set stopIndex = 0
2019-10-04 13:47:18,051 [Thread-3965] INFO  impl.FollowerState (FollowerState.java:run(117)) - 1acd4a7f-a859-40e1-8534-5adb5341c727@group-B080C88A3813-FollowerState was interrupted: java.lang.InterruptedException: sleep interrupted
2019-10-04 13:47:18,051 [ForkJoinPool.commonPool-worker-1] INFO  impl.RaftServerImpl (ServerState.java:close(387)) - 1acd4a7f-a859-40e1-8534-5adb5341c727@group-B080C88A3813: closes. applyIndex: 0
2019-10-04 13:47:18,052 [1acd4a7f-a859-40e1-8534-5adb5341c727@group-B080C88A3813-SegmentedRaftLogWorker] INFO  segmented.SegmentedRaftLogWorker (SegmentedRaftLogWorker.java:run(316)) - 1acd4a7f-a859-40e1-8534-5adb5341c727@group-B080C88A3813-SegmentedRaftLogWorker was interrupted, exiting. There are 0 tasks remaining in the queue.
2019-10-04 13:47:18,056 [ForkJoinPool.commonPool-worker-1] INFO  segmented.SegmentedRaftLogWorker (SegmentedRaftLogWorker.java:close(224)) - 1acd4a7f-a859-40e1-8534-5adb5341c727@group-B080C88A3813-SegmentedRaftLogWorker close()
2019-10-04 13:47:18,061 [ForkJoinPool.commonPool-worker-1] INFO  impl.RaftServerImpl (RaftServerImpl.java:lambda$shutdown$3(247)) - 1acd4a7f-a859-40e1-8534-5adb5341c727@group-A3A684E11D17: shutdown
2019-10-04 13:47:18,061 [main] INFO  ozoneimpl.OzoneContainer (OzoneContainer.java:stop(231)) - Attempting to stop container services.
2019-10-04 13:47:18,061 [ForkJoinPool.commonPool-worker-1] INFO  util.JmxRegister (JmxRegister.java:unregister(73)) - Successfully un-registered JMX Bean with object name Ratis:service=RaftServer,group=group-A3A684E11D17,id=1acd4a7f-a859-40e1-8534-5adb5341c727
2019-10-04 13:47:18,062 [ForkJoinPool.commonPool-worker-1] INFO  impl.RoleInfo (RoleInfo.java:shutdownLeaderState(104)) - 1acd4a7f-a859-40e1-8534-5adb5341c727: shutdown LeaderState
2019-10-04 13:47:18,062 [ForkJoinPool.commonPool-worker-1] INFO  impl.PendingRequests (PendingRequests.java:sendNotLeaderResponses(202)) - 1acd4a7f-a859-40e1-8534-5adb5341c727@group-A3A684E11D17-PendingRequests: sendNotLeaderResponses
2019-10-04 13:47:18,062 [ForkJoinPool.commonPool-worker-1] INFO  impl.StateMachineUpdater (StateMachineUpdater.java:stopAndJoin(136)) - 1acd4a7f-a859-40e1-8534-5adb5341c727@group-A3A684E11D17-StateMachineUpdater: set stopIndex = 0
2019-10-04 13:47:18,061 [main] INFO  impl.RaftServerProxy (RaftServerProxy.java:lambda$close$4(314)) - 870a27db-da30-4d61-a408-9d113e1c9716: close
2019-10-04 13:47:18,063 [ForkJoinPool.commonPool-worker-1] INFO  impl.RaftServerImpl (ServerState.java:close(387)) - 1acd4a7f-a859-40e1-8534-5adb5341c727@group-A3A684E11D17: closes. applyIndex: 0
2019-10-04 13:47:18,063 [main] INFO  impl.RaftServerImpl (RaftServerImpl.java:lambda$shutdown$3(247)) - 870a27db-da30-4d61-a408-9d113e1c9716@group-B080C88A3813: shutdown
2019-10-04 13:47:18,064 [1acd4a7f-a859-40e1-8534-5adb5341c727@group-A3A684E11D17-SegmentedRaftLogWorker] INFO  segmented.SegmentedRaftLogWorker (SegmentedRaftLogWorker.java:run(316)) - 1acd4a7f-a859-40e1-8534-5adb5341c727@group-A3A684E11D17-SegmentedRaftLogWorker was interrupted, exiting. There are 0 tasks remaining in the queue.
2019-10-04 13:47:18,064 [main] INFO  util.JmxRegister (JmxRegister.java:unregister(73)) - Successfully un-registered JMX Bean with object name Ratis:service=RaftServer,group=group-B080C88A3813,id=870a27db-da30-4d61-a408-9d113e1c9716
2019-10-04 13:47:18,067 [ForkJoinPool.commonPool-worker-1] INFO  segmented.SegmentedRaftLogWorker (SegmentedRaftLogWorker.java:close(224)) - 1acd4a7f-a859-40e1-8534-5adb5341c727@group-A3A684E11D17-SegmentedRaftLogWorker close()
2019-10-04 13:47:18,067 [main] INFO  impl.RoleInfo (RoleInfo.java:shutdownLeaderState(104)) - 870a27db-da30-4d61-a408-9d113e1c9716: shutdown LeaderState
2019-10-04 13:47:18,072 [ForkJoinPool.commonPool-worker-1] INFO  server.GrpcService (GrpcService.java:closeImpl(164)) - 1acd4a7f-a859-40e1-8534-5adb5341c727: shutdown server with port 43799 now
2019-10-04 13:47:18,076 [main] INFO  impl.PendingRequests (PendingRequests.java:sendNotLeaderResponses(202)) - 870a27db-da30-4d61-a408-9d113e1c9716@group-B080C88A3813-PendingRequests: sendNotLeaderResponses
2019-10-04 13:47:18,076 [org.apache.ratis.server.impl.LogAppender$AppenderDaemon$$Lambda$624/558122227@22138305] WARN  server.GrpcLogAppender (GrpcLogAppender.java:mayWait(143)) - 870a27db-da30-4d61-a408-9d113e1c9716@group-B080C88A3813->34bb4e64-1059-4030-8a56-fd9416faa756-GrpcLogAppender: Wait interrupted by java.lang.InterruptedException
2019-10-04 13:47:18,076 [main] INFO  impl.StateMachineUpdater (StateMachineUpdater.java:stopAndJoin(136)) - 870a27db-da30-4d61-a408-9d113e1c9716@group-B080C88A3813-StateMachineUpdater: set stopIndex = 0
2019-10-04 13:47:18,076 [ForkJoinPool.commonPool-worker-1] INFO  server.GrpcService (GrpcService.java:closeImpl(172)) - 1acd4a7f-a859-40e1-8534-5adb5341c727: shutdown server with port 43799 successfully
2019-10-04 13:47:18,077 [grpc-default-executor-3] INFO  server.GrpcLogAppender (GrpcLogAppender.java:onError(282)) - 870a27db-da30-4d61-a408-9d113e1c9716@group-B080C88A3813->1acd4a7f-a859-40e1-8534-5adb5341c727-GrpcLogAppender is stopped
2019-10-04 13:47:18,076 [org.apache.ratis.server.impl.LogAppender$AppenderDaemon$$Lambda$624/558122227@f1c7126] WARN  server.GrpcLogAppender (GrpcLogAppender.java:mayWait(143)) - 870a27db-da30-4d61-a408-9d113e1c9716@group-B080C88A3813->1acd4a7f-a859-40e1-8534-5adb5341c727-GrpcLogAppender: Wait interrupted by java.lang.InterruptedException
2019-10-04 13:47:18,076 [main] INFO  impl.RaftServerImpl (ServerState.java:close(387)) - 870a27db-da30-4d61-a408-9d113e1c9716@group-B080C88A3813: closes. applyIndex: 0
2019-10-04 13:47:18,076 [grpc-default-executor-0] WARN  server.GrpcServerProtocolService (LogUtils.java:warn(134)) - 1acd4a7f-a859-40e1-8534-5adb5341c727: installSnapshot onError, lastRequest: 870a27db-da30-4d61-a408-9d113e1c9716->1acd4a7f-a859-40e1-8534-5adb5341c727#14-t12, previous=(t:12, i:0), leaderCommit=0, initializing? false, entries: <empty>: org.apache.ratis.thirdparty.io.grpc.StatusRuntimeException: CANCELLED: cancelled before receiving half close
2019-10-04 13:47:18,077 [870a27db-da30-4d61-a408-9d113e1c9716@group-B080C88A3813-SegmentedRaftLogWorker] INFO  segmented.SegmentedRaftLogWorker (SegmentedRaftLogWorker.java:run(316)) - 870a27db-da30-4d61-a408-9d113e1c9716@group-B080C88A3813-SegmentedRaftLogWorker was interrupted, exiting. There are 0 tasks remaining in the queue.
2019-10-04 13:47:18,080 [main] INFO  segmented.SegmentedRaftLogWorker (SegmentedRaftLogWorker.java:close(224)) - 870a27db-da30-4d61-a408-9d113e1c9716@group-B080C88A3813-SegmentedRaftLogWorker close()
2019-10-04 13:47:18,085 [main] INFO  impl.RaftServerImpl (RaftServerImpl.java:lambda$shutdown$3(247)) - 870a27db-da30-4d61-a408-9d113e1c9716@group-BBC91C2F1F75: shutdown
2019-10-04 13:47:18,085 [main] INFO  util.JmxRegister (JmxRegister.java:unregister(73)) - Successfully un-registered JMX Bean with object name Ratis:service=RaftServer,group=group-BBC91C2F1F75,id=870a27db-da30-4d61-a408-9d113e1c9716
2019-10-04 13:47:18,086 [main] INFO  impl.RoleInfo (RoleInfo.java:shutdownLeaderState(104)) - 870a27db-da30-4d61-a408-9d113e1c9716: shutdown LeaderState
2019-10-04 13:47:18,087 [main] INFO  impl.PendingRequests (PendingRequests.java:sendNotLeaderResponses(202)) - 870a27db-da30-4d61-a408-9d113e1c9716@group-BBC91C2F1F75-PendingRequests: sendNotLeaderResponses
2019-10-04 13:47:18,087 [main] INFO  impl.StateMachineUpdater (StateMachineUpdater.java:stopAndJoin(136)) - 870a27db-da30-4d61-a408-9d113e1c9716@group-BBC91C2F1F75-StateMachineUpdater: set stopIndex = 0
2019-10-04 13:47:18,088 [main] INFO  impl.RaftServerImpl (ServerState.java:close(387)) - 870a27db-da30-4d61-a408-9d113e1c9716@group-BBC91C2F1F75: closes. applyIndex: 0
2019-10-04 13:47:18,088 [refreshUsed-/workdir/hadoop-ozone/integration-test/target/test-dir/MiniOzoneClusterImpl-7f8d01bd-209a-4bb2-b348-2961670ba14e/datanode-4/data/containers] WARN  fs.CachingGetSpaceUsed (CachingGetSpaceUsed.java:run(183)) - Thread Interrupted waiting to refresh disk information: sleep interrupted
2019-10-04 13:47:18,088 [870a27db-da30-4d61-a408-9d113e1c9716@group-BBC91C2F1F75-SegmentedRaftLogWorker] INFO  segmented.SegmentedRaftLogWorker (SegmentedRaftLogWorker.java:run(316)) - 870a27db-da30-4d61-a408-9d113e1c9716@group-BBC91C2F1F75-SegmentedRaftLogWorker was interrupted, exiting. There are 0 tasks remaining in the queue.
2019-10-04 13:47:18,090 [main] INFO  segmented.SegmentedRaftLogWorker (SegmentedRaftLogWorker.java:close(224)) - 870a27db-da30-4d61-a408-9d113e1c9716@group-BBC91C2F1F75-SegmentedRaftLogWorker close()
2019-10-04 13:47:18,100 [main] INFO  server.GrpcService (GrpcService.java:closeImpl(164)) - 870a27db-da30-4d61-a408-9d113e1c9716: shutdown server with port 42515 now
2019-10-04 13:47:18,101 [main] INFO  server.GrpcService (GrpcService.java:closeImpl(172)) - 870a27db-da30-4d61-a408-9d113e1c9716: shutdown server with port 42515 successfully
2019-10-04 13:47:18,102 [refreshUsed-/workdir/hadoop-ozone/integration-test/target/test-dir/MiniOzoneClusterImpl-7f8d01bd-209a-4bb2-b348-2961670ba14e/datanode-8/data/containers] WARN  fs.CachingGetSpaceUsed (CachingGetSpaceUsed.java:run(183)) - Thread Interrupted waiting to refresh disk information: sleep interrupted
2019-10-04 13:47:18,115 [main] INFO  utils.BackgroundService (BackgroundService.java:shutdown(148)) - Shutting down service BlockDeletingService
2019-10-04 13:47:18,119 [main] INFO  statemachine.DatanodeStateMachine (DatanodeStateMachine.java:stopDaemon(395)) - Ozone container server stopped.
2019-10-04 13:47:18,120 [ForkJoinPool.commonPool-worker-1] INFO  utils.BackgroundService (BackgroundService.java:shutdown(148)) - Shutting down service BlockDeletingService
2019-10-04 13:47:18,120 [main] INFO  handler.ContextHandler (ContextHandler.java:doStop(910)) - Stopped o.e.j.w.WebAppContext@74431b9c{/,null,UNAVAILABLE}{/hddsDatanode}
2019-10-04 13:47:18,122 [ForkJoinPool.commonPool-worker-1] INFO  statemachine.DatanodeStateMachine (DatanodeStateMachine.java:stopDaemon(395)) - Ozone container server stopped.
2019-10-04 13:47:18,122 [main] INFO  server.AbstractConnector (AbstractConnector.java:doStop(318)) - Stopped ServerConnector@f2fb225{HTTP/1.1,[http/1.1]}{0.0.0.0:0}
2019-10-04 13:47:18,125 [main] INFO  handler.ContextHandler (ContextHandler.java:doStop(910)) - Stopped o.e.j.s.ServletContextHandler@19d53ab4{/static,jar:file:/home/user/.m2/repository/org/apache/hadoop/hadoop-hdds-container-service/0.5.0-SNAPSHOT/hadoop-hdds-container-service-0.5.0-SNAPSHOT.jar!/webapps/static,UNAVAILABLE}
2019-10-04 13:47:18,125 [ForkJoinPool.commonPool-worker-1] INFO  handler.ContextHandler (ContextHandler.java:doStop(910)) - Stopped o.e.j.w.WebAppContext@52aa7742{/,null,UNAVAILABLE}{/hddsDatanode}
2019-10-04 13:47:18,125 [main] INFO  handler.ContextHandler (ContextHandler.java:doStop(910)) - Stopped o.e.j.s.ServletContextHandler@677cb96e{/logs,file:///workdir/hadoop-ozone/integration-test/target/log,UNAVAILABLE}
2019-10-04 13:47:18,126 [ForkJoinPool.commonPool-worker-1] INFO  server.AbstractConnector (AbstractConnector.java:doStop(318)) - Stopped ServerConnector@3d0d120b{HTTP/1.1,[http/1.1]}{0.0.0.0:0}
2019-10-04 13:47:18,127 [ForkJoinPool.commonPool-worker-1] INFO  handler.ContextHandler (ContextHandler.java:doStop(910)) - Stopped o.e.j.s.ServletContextHandler@6c9a3661{/static,jar:file:/home/user/.m2/repository/org/apache/hadoop/hadoop-hdds-container-service/0.5.0-SNAPSHOT/hadoop-hdds-container-service-0.5.0-SNAPSHOT.jar!/webapps/static,UNAVAILABLE}
2019-10-04 13:47:18,130 [ForkJoinPool.commonPool-worker-1] INFO  handler.ContextHandler (ContextHandler.java:doStop(910)) - Stopped o.e.j.s.ServletContextHandler@72b2c5ed{/logs,file:///workdir/hadoop-ozone/integration-test/target/log,UNAVAILABLE}
2019-10-04 13:47:18,353 [grpc-default-executor-0] WARN  server.GrpcLogAppender (LogUtils.java:warn(134)) - 4da2f670-0e5c-4bde-934c-3cd05d8a50a4@group-39017AAFEA81->abf7bc81-30d5-42c0-a0af-45d0cecf5915-AppendLogResponseHandler: Failed appendEntries: org.apache.ratis.thirdparty.io.grpc.StatusRuntimeException: UNAVAILABLE: io exception
2019-10-04 13:47:18,354 [grpc-default-executor-0] INFO  impl.FollowerInfo (FollowerInfo.java:lambda$new$0(51)) - 4da2f670-0e5c-4bde-934c-3cd05d8a50a4@group-39017AAFEA81->abf7bc81-30d5-42c0-a0af-45d0cecf5915: nextIndex: updateUnconditionally 0 -> 0
2019-10-04 13:47:18,437 [Datanode State Machine Thread - 0] INFO  statemachine.DatanodeStateMachine (DatanodeStateMachine.java:lambda$startDaemon$0(350)) - Ozone container server started.
2019-10-04 13:47:18,478 [grpc-default-executor-12] WARN  server.GrpcLogAppender (LogUtils.java:warn(134)) - d30cfae4-72b5-4ec1-a6ad-4fabcec0d6f2@group-6C24881946A3->e7c9b6e5-8734-4888-9a82-5562d6bfa950-AppendLogResponseHandler: Failed appendEntries: org.apache.ratis.thirdparty.io.grpc.StatusRuntimeException: UNAVAILABLE: io exception
2019-10-04 13:47:18,478 [grpc-default-executor-12] INFO  impl.FollowerInfo (FollowerInfo.java:lambda$new$0(51)) - d30cfae4-72b5-4ec1-a6ad-4fabcec0d6f2@group-6C24881946A3->e7c9b6e5-8734-4888-9a82-5562d6bfa950: nextIndex: updateUnconditionally 0 -> 0
2019-10-04 13:47:18,854 [grpc-default-executor-3] WARN  server.GrpcLogAppender (LogUtils.java:warn(134)) - 4da2f670-0e5c-4bde-934c-3cd05d8a50a4@group-39017AAFEA81->abf7bc81-30d5-42c0-a0af-45d0cecf5915-AppendLogResponseHandler: Failed appendEntries: org.apache.ratis.thirdparty.io.grpc.StatusRuntimeException: UNAVAILABLE: io exception
2019-10-04 13:47:18,854 [grpc-default-executor-3] INFO  impl.FollowerInfo (FollowerInfo.java:lambda$new$0(51)) - 4da2f670-0e5c-4bde-934c-3cd05d8a50a4@group-39017AAFEA81->abf7bc81-30d5-42c0-a0af-45d0cecf5915: nextIndex: updateUnconditionally 0 -> 0
2019-10-04 13:47:18,978 [grpc-default-executor-0] WARN  server.GrpcLogAppender (LogUtils.java:warn(134)) - d30cfae4-72b5-4ec1-a6ad-4fabcec0d6f2@group-6C24881946A3->e7c9b6e5-8734-4888-9a82-5562d6bfa950-AppendLogResponseHandler: Failed appendEntries: org.apache.ratis.thirdparty.io.grpc.StatusRuntimeException: UNAVAILABLE: io exception
2019-10-04 13:47:18,978 [grpc-default-executor-0] INFO  impl.FollowerInfo (FollowerInfo.java:lambda$new$0(51)) - d30cfae4-72b5-4ec1-a6ad-4fabcec0d6f2@group-6C24881946A3->e7c9b6e5-8734-4888-9a82-5562d6bfa950: nextIndex: updateUnconditionally 0 -> 0
2019-10-04 13:47:19,061 [Datanode State Machine Thread - 0] INFO  statemachine.DatanodeStateMachine (DatanodeStateMachine.java:lambda$startDaemon$0(350)) - Ozone container server started.
2019-10-04 13:47:19,354 [grpc-default-executor-3] WARN  server.GrpcLogAppender (LogUtils.java:warn(134)) - 4da2f670-0e5c-4bde-934c-3cd05d8a50a4@group-39017AAFEA81->abf7bc81-30d5-42c0-a0af-45d0cecf5915-AppendLogResponseHandler: Failed appendEntries: org.apache.ratis.thirdparty.io.grpc.StatusRuntimeException: UNAVAILABLE: io exception
2019-10-04 13:47:19,354 [grpc-default-executor-3] INFO  impl.FollowerInfo (FollowerInfo.java:lambda$new$0(51)) - 4da2f670-0e5c-4bde-934c-3cd05d8a50a4@group-39017AAFEA81->abf7bc81-30d5-42c0-a0af-45d0cecf5915: nextIndex: updateUnconditionally 0 -> 0
2019-10-04 13:47:19,478 [grpc-default-executor-12] WARN  server.GrpcLogAppender (LogUtils.java:warn(134)) - d30cfae4-72b5-4ec1-a6ad-4fabcec0d6f2@group-6C24881946A3->e7c9b6e5-8734-4888-9a82-5562d6bfa950-AppendLogResponseHandler: Failed appendEntries: org.apache.ratis.thirdparty.io.grpc.StatusRuntimeException: UNAVAILABLE: io exception
2019-10-04 13:47:19,479 [grpc-default-executor-12] INFO  impl.FollowerInfo (FollowerInfo.java:lambda$new$0(51)) - d30cfae4-72b5-4ec1-a6ad-4fabcec0d6f2@group-6C24881946A3->e7c9b6e5-8734-4888-9a82-5562d6bfa950: nextIndex: updateUnconditionally 0 -> 0
2019-10-04 13:47:19,855 [grpc-default-executor-0] WARN  server.GrpcLogAppender (LogUtils.java:warn(134)) - 4da2f670-0e5c-4bde-934c-3cd05d8a50a4@group-39017AAFEA81->abf7bc81-30d5-42c0-a0af-45d0cecf5915-AppendLogResponseHandler: Failed appendEntries: org.apache.ratis.thirdparty.io.grpc.StatusRuntimeException: UNAVAILABLE: io exception
2019-10-04 13:47:19,855 [grpc-default-executor-0] INFO  impl.FollowerInfo (FollowerInfo.java:lambda$new$0(51)) - 4da2f670-0e5c-4bde-934c-3cd05d8a50a4@group-39017AAFEA81->abf7bc81-30d5-42c0-a0af-45d0cecf5915: nextIndex: updateUnconditionally 0 -> 0
2019-10-04 13:47:19,979 [grpc-default-executor-0] WARN  server.GrpcLogAppender (LogUtils.java:warn(134)) - d30cfae4-72b5-4ec1-a6ad-4fabcec0d6f2@group-6C24881946A3->e7c9b6e5-8734-4888-9a82-5562d6bfa950-AppendLogResponseHandler: Failed appendEntries: org.apache.ratis.thirdparty.io.grpc.StatusRuntimeException: UNAVAILABLE: io exception
2019-10-04 13:47:19,980 [grpc-default-executor-0] INFO  impl.FollowerInfo (FollowerInfo.java:lambda$new$0(51)) - d30cfae4-72b5-4ec1-a6ad-4fabcec0d6f2@group-6C24881946A3->e7c9b6e5-8734-4888-9a82-5562d6bfa950: nextIndex: updateUnconditionally 0 -> 0
2019-10-04 13:47:20,355 [grpc-default-executor-3] WARN  server.GrpcLogAppender (LogUtils.java:warn(134)) - 4da2f670-0e5c-4bde-934c-3cd05d8a50a4@group-39017AAFEA81->abf7bc81-30d5-42c0-a0af-45d0cecf5915-AppendLogResponseHandler: Failed appendEntries: org.apache.ratis.thirdparty.io.grpc.StatusRuntimeException: UNAVAILABLE: io exception
2019-10-04 13:47:20,356 [grpc-default-executor-3] INFO  impl.FollowerInfo (FollowerInfo.java:lambda$new$0(51)) - 4da2f670-0e5c-4bde-934c-3cd05d8a50a4@group-39017AAFEA81->abf7bc81-30d5-42c0-a0af-45d0cecf5915: nextIndex: updateUnconditionally 0 -> 0
2019-10-04 13:47:20,479 [grpc-default-executor-12] WARN  server.GrpcLogAppender (LogUtils.java:warn(134)) - d30cfae4-72b5-4ec1-a6ad-4fabcec0d6f2@group-6C24881946A3->e7c9b6e5-8734-4888-9a82-5562d6bfa950-AppendLogResponseHandler: Failed appendEntries: org.apache.ratis.thirdparty.io.grpc.StatusRuntimeException: UNAVAILABLE: io exception
2019-10-04 13:47:20,480 [grpc-default-executor-12] INFO  impl.FollowerInfo (FollowerInfo.java:lambda$new$0(51)) - d30cfae4-72b5-4ec1-a6ad-4fabcec0d6f2@group-6C24881946A3->e7c9b6e5-8734-4888-9a82-5562d6bfa950: nextIndex: updateUnconditionally 0 -> 0
2019-10-04 13:47:20,856 [grpc-default-executor-12] WARN  server.GrpcLogAppender (LogUtils.java:warn(134)) - 4da2f670-0e5c-4bde-934c-3cd05d8a50a4@group-39017AAFEA81->abf7bc81-30d5-42c0-a0af-45d0cecf5915-AppendLogResponseHandler: Failed appendEntries: org.apache.ratis.thirdparty.io.grpc.StatusRuntimeException: UNAVAILABLE: io exception
2019-10-04 13:47:20,856 [grpc-default-executor-12] INFO  impl.FollowerInfo (FollowerInfo.java:lambda$new$0(51)) - 4da2f670-0e5c-4bde-934c-3cd05d8a50a4@group-39017AAFEA81->abf7bc81-30d5-42c0-a0af-45d0cecf5915: nextIndex: updateUnconditionally 0 -> 0
2019-10-04 13:47:20,980 [grpc-default-executor-0] WARN  server.GrpcLogAppender (LogUtils.java:warn(134)) - d30cfae4-72b5-4ec1-a6ad-4fabcec0d6f2@group-6C24881946A3->e7c9b6e5-8734-4888-9a82-5562d6bfa950-AppendLogResponseHandler: Failed appendEntries: org.apache.ratis.thirdparty.io.grpc.StatusRuntimeException: UNAVAILABLE: io exception
2019-10-04 13:47:20,980 [grpc-default-executor-0] INFO  impl.FollowerInfo (FollowerInfo.java:lambda$new$0(51)) - d30cfae4-72b5-4ec1-a6ad-4fabcec0d6f2@group-6C24881946A3->e7c9b6e5-8734-4888-9a82-5562d6bfa950: nextIndex: updateUnconditionally 0 -> 0
2019-10-04 13:47:21,356 [grpc-default-executor-3] WARN  server.GrpcLogAppender (LogUtils.java:warn(134)) - 4da2f670-0e5c-4bde-934c-3cd05d8a50a4@group-39017AAFEA81->abf7bc81-30d5-42c0-a0af-45d0cecf5915-AppendLogResponseHandler: Failed appendEntries: org.apache.ratis.thirdparty.io.grpc.StatusRuntimeException: UNAVAILABLE: io exception
2019-10-04 13:47:21,357 [grpc-default-executor-3] INFO  impl.FollowerInfo (FollowerInfo.java:lambda$new$0(51)) - 4da2f670-0e5c-4bde-934c-3cd05d8a50a4@group-39017AAFEA81->abf7bc81-30d5-42c0-a0af-45d0cecf5915: nextIndex: updateUnconditionally 0 -> 0
2019-10-04 13:47:21,481 [grpc-default-executor-12] WARN  server.GrpcLogAppender (LogUtils.java:warn(134)) - d30cfae4-72b5-4ec1-a6ad-4fabcec0d6f2@group-6C24881946A3->e7c9b6e5-8734-4888-9a82-5562d6bfa950-AppendLogResponseHandler: Failed appendEntries: org.apache.ratis.thirdparty.io.grpc.StatusRuntimeException: UNAVAILABLE: io exception
2019-10-04 13:47:21,481 [grpc-default-executor-12] INFO  impl.FollowerInfo (FollowerInfo.java:lambda$new$0(51)) - d30cfae4-72b5-4ec1-a6ad-4fabcec0d6f2@group-6C24881946A3->e7c9b6e5-8734-4888-9a82-5562d6bfa950: nextIndex: updateUnconditionally 0 -> 0
2019-10-04 13:47:21,857 [grpc-default-executor-0] WARN  server.GrpcLogAppender (LogUtils.java:warn(134)) - 4da2f670-0e5c-4bde-934c-3cd05d8a50a4@group-39017AAFEA81->abf7bc81-30d5-42c0-a0af-45d0cecf5915-AppendLogResponseHandler: Failed appendEntries: org.apache.ratis.thirdparty.io.grpc.StatusRuntimeException: UNAVAILABLE: io exception
2019-10-04 13:47:21,857 [grpc-default-executor-0] INFO  impl.FollowerInfo (FollowerInfo.java:lambda$new$0(51)) - 4da2f670-0e5c-4bde-934c-3cd05d8a50a4@group-39017AAFEA81->abf7bc81-30d5-42c0-a0af-45d0cecf5915: nextIndex: updateUnconditionally 0 -> 0
2019-10-04 13:47:21,981 [grpc-default-executor-3] WARN  server.GrpcLogAppender (LogUtils.java:warn(134)) - d30cfae4-72b5-4ec1-a6ad-4fabcec0d6f2@group-6C24881946A3->e7c9b6e5-8734-4888-9a82-5562d6bfa950-AppendLogResponseHandler: Failed appendEntries: org.apache.ratis.thirdparty.io.grpc.StatusRuntimeException: UNAVAILABLE: io exception
2019-10-04 13:47:21,981 [grpc-default-executor-3] INFO  impl.FollowerInfo (FollowerInfo.java:lambda$new$0(51)) - d30cfae4-72b5-4ec1-a6ad-4fabcec0d6f2@group-6C24881946A3->e7c9b6e5-8734-4888-9a82-5562d6bfa950: nextIndex: updateUnconditionally 0 -> 0
2019-10-04 13:47:22,357 [grpc-default-executor-3] WARN  server.GrpcLogAppender (LogUtils.java:warn(134)) - 4da2f670-0e5c-4bde-934c-3cd05d8a50a4@group-39017AAFEA81->abf7bc81-30d5-42c0-a0af-45d0cecf5915-AppendLogResponseHandler: Failed appendEntries: org.apache.ratis.thirdparty.io.grpc.StatusRuntimeException: UNAVAILABLE: io exception
2019-10-04 13:47:22,358 [grpc-default-executor-3] INFO  impl.FollowerInfo (FollowerInfo.java:lambda$new$0(51)) - 4da2f670-0e5c-4bde-934c-3cd05d8a50a4@group-39017AAFEA81->abf7bc81-30d5-42c0-a0af-45d0cecf5915: nextIndex: updateUnconditionally 0 -> 0
2019-10-04 13:47:22,481 [grpc-default-executor-0] WARN  server.GrpcLogAppender (LogUtils.java:warn(134)) - d30cfae4-72b5-4ec1-a6ad-4fabcec0d6f2@group-6C24881946A3->e7c9b6e5-8734-4888-9a82-5562d6bfa950-AppendLogResponseHandler: Failed appendEntries: org.apache.ratis.thirdparty.io.grpc.StatusRuntimeException: UNAVAILABLE: io exception
2019-10-04 13:47:22,481 [grpc-default-executor-0] INFO  impl.FollowerInfo (FollowerInfo.java:lambda$new$0(51)) - d30cfae4-72b5-4ec1-a6ad-4fabcec0d6f2@group-6C24881946A3->e7c9b6e5-8734-4888-9a82-5562d6bfa950: nextIndex: updateUnconditionally 0 -> 0
2019-10-04 13:47:22,858 [grpc-default-executor-12] WARN  server.GrpcLogAppender (LogUtils.java:warn(134)) - 4da2f670-0e5c-4bde-934c-3cd05d8a50a4@group-39017AAFEA81->abf7bc81-30d5-42c0-a0af-45d0cecf5915-AppendLogResponseHandler: Failed appendEntries: org.apache.ratis.thirdparty.io.grpc.StatusRuntimeException: UNAVAILABLE: io exception
2019-10-04 13:47:22,858 [grpc-default-executor-12] INFO  impl.FollowerInfo (FollowerInfo.java:lambda$new$0(51)) - 4da2f670-0e5c-4bde-934c-3cd05d8a50a4@group-39017AAFEA81->abf7bc81-30d5-42c0-a0af-45d0cecf5915: nextIndex: updateUnconditionally 0 -> 0
2019-10-04 13:47:22,982 [grpc-default-executor-12] WARN  server.GrpcLogAppender (LogUtils.java:warn(134)) - d30cfae4-72b5-4ec1-a6ad-4fabcec0d6f2@group-6C24881946A3->e7c9b6e5-8734-4888-9a82-5562d6bfa950-AppendLogResponseHandler: Failed appendEntries: org.apache.ratis.thirdparty.io.grpc.StatusRuntimeException: UNAVAILABLE: io exception
2019-10-04 13:47:22,982 [grpc-default-executor-12] INFO  impl.FollowerInfo (FollowerInfo.java:lambda$new$0(51)) - d30cfae4-72b5-4ec1-a6ad-4fabcec0d6f2@group-6C24881946A3->e7c9b6e5-8734-4888-9a82-5562d6bfa950: nextIndex: updateUnconditionally 0 -> 0
2019-10-04 13:47:23,130 [main] INFO  ozoneimpl.OzoneContainer (OzoneContainer.java:stop(231)) - Attempting to stop container services.
2019-10-04 13:47:23,131 [main] INFO  impl.RaftServerProxy (RaftServerProxy.java:lambda$close$4(314)) - d30cfae4-72b5-4ec1-a6ad-4fabcec0d6f2: close
2019-10-04 13:47:23,131 [ForkJoinPool.commonPool-worker-1] INFO  ozoneimpl.OzoneContainer (OzoneContainer.java:stop(231)) - Attempting to stop container services.
2019-10-04 13:47:23,131 [main] INFO  impl.RaftServerImpl (RaftServerImpl.java:lambda$shutdown$3(247)) - d30cfae4-72b5-4ec1-a6ad-4fabcec0d6f2@group-89A4CAE78966: shutdown
2019-10-04 13:47:23,132 [ForkJoinPool.commonPool-worker-1] INFO  impl.RaftServerProxy (RaftServerProxy.java:lambda$close$4(314)) - a9f2dbb7-43c3-4367-8346-947b48bd4d79: close
2019-10-04 13:47:23,132 [main] INFO  util.JmxRegister (JmxRegister.java:unregister(73)) - Successfully un-registered JMX Bean with object name Ratis:service=RaftServer,group=group-89A4CAE78966,id=d30cfae4-72b5-4ec1-a6ad-4fabcec0d6f2
2019-10-04 13:47:23,132 [ForkJoinPool.commonPool-worker-1] INFO  impl.RaftServerImpl (RaftServerImpl.java:lambda$shutdown$3(247)) - a9f2dbb7-43c3-4367-8346-947b48bd4d79@group-39017AAFEA81: shutdown
2019-10-04 13:47:23,132 [main] INFO  impl.RoleInfo (RoleInfo.java:shutdownLeaderState(104)) - d30cfae4-72b5-4ec1-a6ad-4fabcec0d6f2: shutdown LeaderState
2019-10-04 13:47:23,133 [ForkJoinPool.commonPool-worker-1] INFO  util.JmxRegister (JmxRegister.java:unregister(73)) - Successfully un-registered JMX Bean with object name Ratis:service=RaftServer,group=group-39017AAFEA81,id=a9f2dbb7-43c3-4367-8346-947b48bd4d79
2019-10-04 13:47:23,133 [main] INFO  impl.PendingRequests (PendingRequests.java:sendNotLeaderResponses(202)) - d30cfae4-72b5-4ec1-a6ad-4fabcec0d6f2@group-89A4CAE78966-PendingRequests: sendNotLeaderResponses
2019-10-04 13:47:23,133 [ForkJoinPool.commonPool-worker-1] INFO  impl.RoleInfo (RoleInfo.java:shutdownFollowerState(121)) - a9f2dbb7-43c3-4367-8346-947b48bd4d79: shutdown FollowerState
2019-10-04 13:47:23,134 [main] INFO  impl.StateMachineUpdater (StateMachineUpdater.java:stopAndJoin(136)) - d30cfae4-72b5-4ec1-a6ad-4fabcec0d6f2@group-89A4CAE78966-StateMachineUpdater: set stopIndex = 0
2019-10-04 13:47:23,134 [main] INFO  impl.RaftServerImpl (ServerState.java:close(387)) - d30cfae4-72b5-4ec1-a6ad-4fabcec0d6f2@group-89A4CAE78966: closes. applyIndex: 0
2019-10-04 13:47:23,134 [Thread-3979] INFO  impl.FollowerState (FollowerState.java:run(117)) - a9f2dbb7-43c3-4367-8346-947b48bd4d79@group-39017AAFEA81-FollowerState was interrupted: java.lang.InterruptedException: sleep interrupted
2019-10-04 13:47:23,135 [d30cfae4-72b5-4ec1-a6ad-4fabcec0d6f2@group-89A4CAE78966-SegmentedRaftLogWorker] INFO  segmented.SegmentedRaftLogWorker (SegmentedRaftLogWorker.java:run(316)) - d30cfae4-72b5-4ec1-a6ad-4fabcec0d6f2@group-89A4CAE78966-SegmentedRaftLogWorker was interrupted, exiting. There are 0 tasks remaining in the queue.
2019-10-04 13:47:23,134 [ForkJoinPool.commonPool-worker-1] INFO  impl.StateMachineUpdater (StateMachineUpdater.java:stopAndJoin(136)) - a9f2dbb7-43c3-4367-8346-947b48bd4d79@group-39017AAFEA81-StateMachineUpdater: set stopIndex = 0
2019-10-04 13:47:23,135 [main] INFO  segmented.SegmentedRaftLogWorker (SegmentedRaftLogWorker.java:close(224)) - d30cfae4-72b5-4ec1-a6ad-4fabcec0d6f2@group-89A4CAE78966-SegmentedRaftLogWorker close()
2019-10-04 13:47:23,135 [ForkJoinPool.commonPool-worker-1] INFO  impl.RaftServerImpl (ServerState.java:close(387)) - a9f2dbb7-43c3-4367-8346-947b48bd4d79@group-39017AAFEA81: closes. applyIndex: 0
2019-10-04 13:47:23,137 [main] INFO  impl.RaftServerImpl (RaftServerImpl.java:lambda$shutdown$3(247)) - d30cfae4-72b5-4ec1-a6ad-4fabcec0d6f2@group-6C24881946A3: shutdown
2019-10-04 13:47:23,138 [a9f2dbb7-43c3-4367-8346-947b48bd4d79@group-39017AAFEA81-SegmentedRaftLogWorker] INFO  segmented.SegmentedRaftLogWorker (SegmentedRaftLogWorker.java:run(316)) - a9f2dbb7-43c3-4367-8346-947b48bd4d79@group-39017AAFEA81-SegmentedRaftLogWorker was interrupted, exiting. There are 0 tasks remaining in the queue.
2019-10-04 13:47:23,138 [main] INFO  util.JmxRegister (JmxRegister.java:unregister(73)) - Successfully un-registered JMX Bean with object name Ratis:service=RaftServer,group=group-6C24881946A3,id=d30cfae4-72b5-4ec1-a6ad-4fabcec0d6f2
2019-10-04 13:47:23,138 [main] INFO  impl.RoleInfo (RoleInfo.java:shutdownLeaderState(104)) - d30cfae4-72b5-4ec1-a6ad-4fabcec0d6f2: shutdown LeaderState
2019-10-04 13:47:23,141 [main] INFO  impl.PendingRequests (PendingRequests.java:sendNotLeaderResponses(202)) - d30cfae4-72b5-4ec1-a6ad-4fabcec0d6f2@group-6C24881946A3-PendingRequests: sendNotLeaderResponses
2019-10-04 13:47:23,141 [org.apache.ratis.server.impl.LogAppender$AppenderDaemon$$Lambda$624/558122227@19360651] WARN  server.GrpcLogAppender (GrpcLogAppender.java:mayWait(143)) - d30cfae4-72b5-4ec1-a6ad-4fabcec0d6f2@group-6C24881946A3->e7c9b6e5-8734-4888-9a82-5562d6bfa950-GrpcLogAppender: Wait interrupted by java.lang.InterruptedException
2019-10-04 13:47:23,141 [org.apache.ratis.server.impl.LogAppender$AppenderDaemon$$Lambda$624/558122227@280d7f44] WARN  server.GrpcLogAppender (GrpcLogAppender.java:mayWait(143)) - d30cfae4-72b5-4ec1-a6ad-4fabcec0d6f2@group-6C24881946A3->f7391afe-e883-4b58-900a-eef83ef5e847-GrpcLogAppender: Wait interrupted by java.lang.InterruptedException
2019-10-04 13:47:23,141 [main] INFO  impl.StateMachineUpdater (StateMachineUpdater.java:stopAndJoin(136)) - d30cfae4-72b5-4ec1-a6ad-4fabcec0d6f2@group-6C24881946A3-StateMachineUpdater: set stopIndex = 0
2019-10-04 13:47:23,142 [grpc-default-executor-12] INFO  server.GrpcServerProtocolService (GrpcServerProtocolService.java:onCompleted(113)) - f7391afe-e883-4b58-900a-eef83ef5e847: Completed APPEND_ENTRIES, lastRequest: d30cfae4-72b5-4ec1-a6ad-4fabcec0d6f2->f7391afe-e883-4b58-900a-eef83ef5e847#22-t12, previous=(t:12, i:0), leaderCommit=0, initializing? false, entries: <empty>
2019-10-04 13:47:23,142 [main] INFO  impl.RaftServerImpl (ServerState.java:close(387)) - d30cfae4-72b5-4ec1-a6ad-4fabcec0d6f2@group-6C24881946A3: closes. applyIndex: 0
2019-10-04 13:47:23,142 [grpc-default-executor-12] INFO  server.GrpcLogAppender (GrpcLogAppender.java:onCompleted(293)) - d30cfae4-72b5-4ec1-a6ad-4fabcec0d6f2@group-6C24881946A3->f7391afe-e883-4b58-900a-eef83ef5e847-AppendLogResponseHandler: follower responses appendEntries COMPLETED
2019-10-04 13:47:23,143 [d30cfae4-72b5-4ec1-a6ad-4fabcec0d6f2@group-6C24881946A3-SegmentedRaftLogWorker] INFO  segmented.SegmentedRaftLogWorker (SegmentedRaftLogWorker.java:run(316)) - d30cfae4-72b5-4ec1-a6ad-4fabcec0d6f2@group-6C24881946A3-SegmentedRaftLogWorker was interrupted, exiting. There are 0 tasks remaining in the queue.
2019-10-04 13:47:23,143 [main] INFO  segmented.SegmentedRaftLogWorker (SegmentedRaftLogWorker.java:close(224)) - d30cfae4-72b5-4ec1-a6ad-4fabcec0d6f2@group-6C24881946A3-SegmentedRaftLogWorker close()
2019-10-04 13:47:23,143 [grpc-default-executor-12] INFO  impl.FollowerInfo (FollowerInfo.java:lambda$new$0(51)) - d30cfae4-72b5-4ec1-a6ad-4fabcec0d6f2@group-6C24881946A3->f7391afe-e883-4b58-900a-eef83ef5e847: nextIndex: updateUnconditionally 1 -> 0
2019-10-04 13:47:23,146 [main] INFO  server.GrpcService (GrpcService.java:closeImpl(164)) - d30cfae4-72b5-4ec1-a6ad-4fabcec0d6f2: shutdown server with port 40495 now
2019-10-04 13:47:23,147 [main] INFO  server.GrpcService (GrpcService.java:closeImpl(172)) - d30cfae4-72b5-4ec1-a6ad-4fabcec0d6f2: shutdown server with port 40495 successfully
2019-10-04 13:47:23,163 [ForkJoinPool.commonPool-worker-1] INFO  segmented.SegmentedRaftLogWorker (SegmentedRaftLogWorker.java:close(224)) - a9f2dbb7-43c3-4367-8346-947b48bd4d79@group-39017AAFEA81-SegmentedRaftLogWorker close()
2019-10-04 13:47:23,165 [ForkJoinPool.commonPool-worker-1] INFO  impl.RaftServerImpl (RaftServerImpl.java:lambda$shutdown$3(247)) - a9f2dbb7-43c3-4367-8346-947b48bd4d79@group-29C3E7C0D313: shutdown
2019-10-04 13:47:23,165 [refreshUsed-/workdir/hadoop-ozone/integration-test/target/test-dir/MiniOzoneClusterImpl-7f8d01bd-209a-4bb2-b348-2961670ba14e/datanode-9/data/containers] WARN  fs.CachingGetSpaceUsed (CachingGetSpaceUsed.java:run(183)) - Thread Interrupted waiting to refresh disk information: sleep interrupted
2019-10-04 13:47:23,166 [ForkJoinPool.commonPool-worker-1] INFO  util.JmxRegister (JmxRegister.java:unregister(73)) - Successfully un-registered JMX Bean with object name Ratis:service=RaftServer,group=group-29C3E7C0D313,id=a9f2dbb7-43c3-4367-8346-947b48bd4d79
2019-10-04 13:47:23,166 [ForkJoinPool.commonPool-worker-1] INFO  impl.RoleInfo (RoleInfo.java:shutdownLeaderState(104)) - a9f2dbb7-43c3-4367-8346-947b48bd4d79: shutdown LeaderState
2019-10-04 13:47:23,166 [ForkJoinPool.commonPool-worker-1] INFO  impl.PendingRequests (PendingRequests.java:sendNotLeaderResponses(202)) - a9f2dbb7-43c3-4367-8346-947b48bd4d79@group-29C3E7C0D313-PendingRequests: sendNotLeaderResponses
2019-10-04 13:47:23,167 [ForkJoinPool.commonPool-worker-1] INFO  impl.StateMachineUpdater (StateMachineUpdater.java:stopAndJoin(136)) - a9f2dbb7-43c3-4367-8346-947b48bd4d79@group-29C3E7C0D313-StateMachineUpdater: set stopIndex = 0
2019-10-04 13:47:23,167 [ForkJoinPool.commonPool-worker-1] INFO  impl.RaftServerImpl (ServerState.java:close(387)) - a9f2dbb7-43c3-4367-8346-947b48bd4d79@group-29C3E7C0D313: closes. applyIndex: 0
2019-10-04 13:47:23,167 [a9f2dbb7-43c3-4367-8346-947b48bd4d79@group-29C3E7C0D313-SegmentedRaftLogWorker] INFO  segmented.SegmentedRaftLogWorker (SegmentedRaftLogWorker.java:run(316)) - a9f2dbb7-43c3-4367-8346-947b48bd4d79@group-29C3E7C0D313-SegmentedRaftLogWorker was interrupted, exiting. There are 0 tasks remaining in the queue.
2019-10-04 13:47:23,167 [ForkJoinPool.commonPool-worker-1] INFO  segmented.SegmentedRaftLogWorker (SegmentedRaftLogWorker.java:close(224)) - a9f2dbb7-43c3-4367-8346-947b48bd4d79@group-29C3E7C0D313-SegmentedRaftLogWorker close()
2019-10-04 13:47:23,170 [ForkJoinPool.commonPool-worker-1] INFO  server.GrpcService (GrpcService.java:closeImpl(164)) - a9f2dbb7-43c3-4367-8346-947b48bd4d79: shutdown server with port 34618 now
2019-10-04 13:47:23,171 [grpc-default-executor-0] WARN  server.GrpcServerProtocolService (LogUtils.java:warn(134)) - a9f2dbb7-43c3-4367-8346-947b48bd4d79: installSnapshot onError, lastRequest: 4da2f670-0e5c-4bde-934c-3cd05d8a50a4->a9f2dbb7-43c3-4367-8346-947b48bd4d79#24-t16, previous=(t:16, i:0), leaderCommit=0, initializing? false, entries: <empty>: org.apache.ratis.thirdparty.io.grpc.StatusRuntimeException: CANCELLED: cancelled before receiving half close
2019-10-04 13:47:23,171 [ForkJoinPool.commonPool-worker-1] INFO  server.GrpcService (GrpcService.java:closeImpl(172)) - a9f2dbb7-43c3-4367-8346-947b48bd4d79: shutdown server with port 34618 successfully
2019-10-04 13:47:23,171 [grpc-default-executor-3] WARN  server.GrpcLogAppender (LogUtils.java:warn(134)) - 4da2f670-0e5c-4bde-934c-3cd05d8a50a4@group-39017AAFEA81->a9f2dbb7-43c3-4367-8346-947b48bd4d79-AppendLogResponseHandler: Failed appendEntries: org.apache.ratis.thirdparty.io.grpc.StatusRuntimeException: CANCELLED: HTTP/2 error code: CANCEL
Received Rst Stream
2019-10-04 13:47:23,171 [grpc-default-executor-3] INFO  impl.FollowerInfo (FollowerInfo.java:lambda$new$0(51)) - 4da2f670-0e5c-4bde-934c-3cd05d8a50a4@group-39017AAFEA81->a9f2dbb7-43c3-4367-8346-947b48bd4d79: nextIndex: updateUnconditionally 1 -> 0
2019-10-04 13:47:23,173 [refreshUsed-/workdir/hadoop-ozone/integration-test/target/test-dir/MiniOzoneClusterImpl-7f8d01bd-209a-4bb2-b348-2961670ba14e/datanode-0/data/containers] WARN  fs.CachingGetSpaceUsed (CachingGetSpaceUsed.java:run(183)) - Thread Interrupted waiting to refresh disk information: sleep interrupted
2019-10-04 13:47:23,189 [main] INFO  utils.BackgroundService (BackgroundService.java:shutdown(148)) - Shutting down service BlockDeletingService
2019-10-04 13:47:23,192 [main] INFO  statemachine.DatanodeStateMachine (DatanodeStateMachine.java:stopDaemon(395)) - Ozone container server stopped.
2019-10-04 13:47:23,193 [ForkJoinPool.commonPool-worker-1] INFO  utils.BackgroundService (BackgroundService.java:shutdown(148)) - Shutting down service BlockDeletingService
2019-10-04 13:47:23,195 [main] INFO  handler.ContextHandler (ContextHandler.java:doStop(910)) - Stopped o.e.j.w.WebAppContext@baa9ce4{/,null,UNAVAILABLE}{/hddsDatanode}
2019-10-04 13:47:23,195 [ForkJoinPool.commonPool-worker-1] INFO  statemachine.DatanodeStateMachine (DatanodeStateMachine.java:stopDaemon(395)) - Ozone container server stopped.
2019-10-04 13:47:23,198 [ForkJoinPool.commonPool-worker-1] INFO  handler.ContextHandler (ContextHandler.java:doStop(910)) - Stopped o.e.j.w.WebAppContext@1c74d19{/,null,UNAVAILABLE}{/hddsDatanode}
2019-10-04 13:47:23,198 [main] INFO  server.AbstractConnector (AbstractConnector.java:doStop(318)) - Stopped ServerConnector@5b332439{HTTP/1.1,[http/1.1]}{0.0.0.0:0}
2019-10-04 13:47:23,198 [ForkJoinPool.commonPool-worker-1] INFO  server.AbstractConnector (AbstractConnector.java:doStop(318)) - Stopped ServerConnector@24197b13{HTTP/1.1,[http/1.1]}{0.0.0.0:0}
2019-10-04 13:47:23,198 [main] INFO  handler.ContextHandler (ContextHandler.java:doStop(910)) - Stopped o.e.j.s.ServletContextHandler@f95d64d{/static,jar:file:/home/user/.m2/repository/org/apache/hadoop/hadoop-hdds-container-service/0.5.0-SNAPSHOT/hadoop-hdds-container-service-0.5.0-SNAPSHOT.jar!/webapps/static,UNAVAILABLE}
2019-10-04 13:47:23,201 [ForkJoinPool.commonPool-worker-1] INFO  handler.ContextHandler (ContextHandler.java:doStop(910)) - Stopped o.e.j.s.ServletContextHandler@23ad2d17{/static,jar:file:/home/user/.m2/repository/org/apache/hadoop/hadoop-hdds-container-service/0.5.0-SNAPSHOT/hadoop-hdds-container-service-0.5.0-SNAPSHOT.jar!/webapps/static,UNAVAILABLE}
2019-10-04 13:47:23,201 [main] INFO  handler.ContextHandler (ContextHandler.java:doStop(910)) - Stopped o.e.j.s.ServletContextHandler@3214bad{/logs,file:///workdir/hadoop-ozone/integration-test/target/log,UNAVAILABLE}
2019-10-04 13:47:23,203 [ForkJoinPool.commonPool-worker-1] INFO  handler.ContextHandler (ContextHandler.java:doStop(910)) - Stopped o.e.j.s.ServletContextHandler@207dd1b7{/logs,file:///workdir/hadoop-ozone/integration-test/target/log,UNAVAILABLE}
2019-10-04 13:47:23,358 [grpc-default-executor-12] WARN  server.GrpcLogAppender (LogUtils.java:warn(134)) - 4da2f670-0e5c-4bde-934c-3cd05d8a50a4@group-39017AAFEA81->abf7bc81-30d5-42c0-a0af-45d0cecf5915-AppendLogResponseHandler: Failed appendEntries: org.apache.ratis.thirdparty.io.grpc.StatusRuntimeException: UNAVAILABLE: io exception
2019-10-04 13:47:23,359 [grpc-default-executor-12] INFO  impl.FollowerInfo (FollowerInfo.java:lambda$new$0(51)) - 4da2f670-0e5c-4bde-934c-3cd05d8a50a4@group-39017AAFEA81->abf7bc81-30d5-42c0-a0af-45d0cecf5915: nextIndex: updateUnconditionally 0 -> 0
2019-10-04 13:47:23,398 [grpc-default-executor-12] WARN  server.GrpcLogAppender (LogUtils.java:warn(134)) - 4da2f670-0e5c-4bde-934c-3cd05d8a50a4@group-39017AAFEA81->a9f2dbb7-43c3-4367-8346-947b48bd4d79-AppendLogResponseHandler: Failed appendEntries: org.apache.ratis.thirdparty.io.grpc.StatusRuntimeException: UNAVAILABLE: io exception
2019-10-04 13:47:23,398 [grpc-default-executor-12] INFO  impl.FollowerInfo (FollowerInfo.java:lambda$new$0(51)) - 4da2f670-0e5c-4bde-934c-3cd05d8a50a4@group-39017AAFEA81->a9f2dbb7-43c3-4367-8346-947b48bd4d79: nextIndex: updateUnconditionally 0 -> 0
2019-10-04 13:47:23,502 [Datanode State Machine Thread - 0] INFO  statemachine.DatanodeStateMachine (DatanodeStateMachine.java:lambda$startDaemon$0(350)) - Ozone container server started.
2019-10-04 13:47:23,859 [grpc-default-executor-12] WARN  server.GrpcLogAppender (LogUtils.java:warn(134)) - 4da2f670-0e5c-4bde-934c-3cd05d8a50a4@group-39017AAFEA81->abf7bc81-30d5-42c0-a0af-45d0cecf5915-AppendLogResponseHandler: Failed appendEntries: org.apache.ratis.thirdparty.io.grpc.StatusRuntimeException: UNAVAILABLE: io exception
2019-10-04 13:47:23,859 [grpc-default-executor-12] INFO  impl.FollowerInfo (FollowerInfo.java:lambda$new$0(51)) - 4da2f670-0e5c-4bde-934c-3cd05d8a50a4@group-39017AAFEA81->abf7bc81-30d5-42c0-a0af-45d0cecf5915: nextIndex: updateUnconditionally 0 -> 0
2019-10-04 13:47:23,899 [grpc-default-executor-0] WARN  server.GrpcLogAppender (LogUtils.java:warn(134)) - 4da2f670-0e5c-4bde-934c-3cd05d8a50a4@group-39017AAFEA81->a9f2dbb7-43c3-4367-8346-947b48bd4d79-AppendLogResponseHandler: Failed appendEntries: org.apache.ratis.thirdparty.io.grpc.StatusRuntimeException: UNAVAILABLE: io exception
2019-10-04 13:47:23,899 [grpc-default-executor-0] INFO  impl.FollowerInfo (FollowerInfo.java:lambda$new$0(51)) - 4da2f670-0e5c-4bde-934c-3cd05d8a50a4@group-39017AAFEA81->a9f2dbb7-43c3-4367-8346-947b48bd4d79: nextIndex: updateUnconditionally 0 -> 0
2019-10-04 13:47:23,930 [Datanode State Machine Thread - 0] INFO  statemachine.DatanodeStateMachine (DatanodeStateMachine.java:lambda$startDaemon$0(350)) - Ozone container server started.
2019-10-04 13:47:24,359 [grpc-default-executor-3] WARN  server.GrpcLogAppender (LogUtils.java:warn(134)) - 4da2f670-0e5c-4bde-934c-3cd05d8a50a4@group-39017AAFEA81->abf7bc81-30d5-42c0-a0af-45d0cecf5915-AppendLogResponseHandler: Failed appendEntries: org.apache.ratis.thirdparty.io.grpc.StatusRuntimeException: UNAVAILABLE: io exception
2019-10-04 13:47:24,360 [grpc-default-executor-3] INFO  impl.FollowerInfo (FollowerInfo.java:lambda$new$0(51)) - 4da2f670-0e5c-4bde-934c-3cd05d8a50a4@group-39017AAFEA81->abf7bc81-30d5-42c0-a0af-45d0cecf5915: nextIndex: updateUnconditionally 0 -> 0
2019-10-04 13:47:24,399 [grpc-default-executor-12] WARN  server.GrpcLogAppender (LogUtils.java:warn(134)) - 4da2f670-0e5c-4bde-934c-3cd05d8a50a4@group-39017AAFEA81->a9f2dbb7-43c3-4367-8346-947b48bd4d79-AppendLogResponseHandler: Failed appendEntries: org.apache.ratis.thirdparty.io.grpc.StatusRuntimeException: UNAVAILABLE: io exception
2019-10-04 13:47:24,399 [grpc-default-executor-12] INFO  impl.FollowerInfo (FollowerInfo.java:lambda$new$0(51)) - 4da2f670-0e5c-4bde-934c-3cd05d8a50a4@group-39017AAFEA81->a9f2dbb7-43c3-4367-8346-947b48bd4d79: nextIndex: updateUnconditionally 0 -> 0
2019-10-04 13:47:24,791 [Thread-4002] INFO  impl.FollowerState (FollowerState.java:run(108)) - f7391afe-e883-4b58-900a-eef83ef5e847@group-6C24881946A3-FollowerState: change to CANDIDATE, lastRpcTime:1800ms, electionTimeout:1177ms
2019-10-04 13:47:24,791 [Thread-4002] INFO  impl.RoleInfo (RoleInfo.java:shutdownFollowerState(121)) - f7391afe-e883-4b58-900a-eef83ef5e847: shutdown FollowerState
2019-10-04 13:47:24,791 [Thread-4002] INFO  impl.RaftServerImpl (RaftServerImpl.java:setRole(170)) - f7391afe-e883-4b58-900a-eef83ef5e847@group-6C24881946A3: changes role from  FOLLOWER to CANDIDATE at term 12 for changeToCandidate
2019-10-04 13:47:24,791 [Thread-4002] INFO  impl.RoleInfo (RoleInfo.java:updateAndGet(143)) - f7391afe-e883-4b58-900a-eef83ef5e847: start LeaderElection
2019-10-04 13:47:24,792 [f7391afe-e883-4b58-900a-eef83ef5e847@group-6C24881946A3-LeaderElection247] INFO  impl.RaftServerImpl (ServerState.java:setLeader(255)) - f7391afe-e883-4b58-900a-eef83ef5e847@group-6C24881946A3: change Leader from d30cfae4-72b5-4ec1-a6ad-4fabcec0d6f2 to null at term 12 for initElection
2019-10-04 13:47:24,803 [f7391afe-e883-4b58-900a-eef83ef5e847@group-6C24881946A3-LeaderElection247] INFO  impl.LeaderElection (LeaderElection.java:askForVotes(178)) - f7391afe-e883-4b58-900a-eef83ef5e847@group-6C24881946A3-LeaderElection247: begin an election at term 13 for 0: [e7c9b6e5-8734-4888-9a82-5562d6bfa950:192.168.30.33:44869, d30cfae4-72b5-4ec1-a6ad-4fabcec0d6f2:192.168.30.33:40495, f7391afe-e883-4b58-900a-eef83ef5e847:192.168.30.33:36496], old=null
2019-10-04 13:47:24,805 [f7391afe-e883-4b58-900a-eef83ef5e847@group-6C24881946A3-LeaderElection247] INFO  impl.LeaderElection (LogUtils.java:infoOrTrace(149)) - f7391afe-e883-4b58-900a-eef83ef5e847@group-6C24881946A3-LeaderElection247 got exception when requesting votes: {}
java.util.concurrent.ExecutionException: org.apache.ratis.thirdparty.io.grpc.StatusRuntimeException: UNAVAILABLE: io exception
	at java.util.concurrent.FutureTask.report(FutureTask.java:122)
	at java.util.concurrent.FutureTask.get(FutureTask.java:192)
	at org.apache.ratis.server.impl.LeaderElection.waitForResults(LeaderElection.java:259)
	at org.apache.ratis.server.impl.LeaderElection.askForVotes(LeaderElection.java:197)
	at org.apache.ratis.server.impl.LeaderElection.run(LeaderElection.java:133)
	at java.lang.Thread.run(Thread.java:748)
Caused by: org.apache.ratis.thirdparty.io.grpc.StatusRuntimeException: UNAVAILABLE: io exception
	at org.apache.ratis.thirdparty.io.grpc.stub.ClientCalls.toStatusRuntimeException(ClientCalls.java:233)
	at org.apache.ratis.thirdparty.io.grpc.stub.ClientCalls.getUnchecked(ClientCalls.java:214)
	at org.apache.ratis.thirdparty.io.grpc.stub.ClientCalls.blockingUnaryCall(ClientCalls.java:139)
	at org.apache.ratis.proto.grpc.RaftServerProtocolServiceGrpc$RaftServerProtocolServiceBlockingStub.requestVote(RaftServerProtocolServiceGrpc.java:265)
	at org.apache.ratis.grpc.server.GrpcServerProtocolClient.requestVote(GrpcServerProtocolClient.java:99)
	at org.apache.ratis.grpc.server.GrpcService.requestVote(GrpcService.java:204)
	at org.apache.ratis.server.impl.LeaderElection.lambda$submitRequests$1(LeaderElection.java:234)
	at java.util.concurrent.FutureTask.run(FutureTask.java:266)
	at java.util.concurrent.Executors$RunnableAdapter.call(Executors.java:511)
	at java.util.concurrent.FutureTask.run(FutureTask.java:266)
	at java.util.concurrent.ThreadPoolExecutor.runWorker(ThreadPoolExecutor.java:1149)
	at java.util.concurrent.ThreadPoolExecutor$Worker.run(ThreadPoolExecutor.java:624)
	... 1 more
Caused by: org.apache.ratis.thirdparty.io.netty.channel.AbstractChannel$AnnotatedConnectException: Connection refused: /192.168.30.33:44869
	at sun.nio.ch.SocketChannelImpl.checkConnect(Native Method)
	at sun.nio.ch.SocketChannelImpl.finishConnect(SocketChannelImpl.java:717)
	at org.apache.ratis.thirdparty.io.netty.channel.socket.nio.NioSocketChannel.doFinishConnect(NioSocketChannel.java:327)
	at org.apache.ratis.thirdparty.io.netty.channel.nio.AbstractNioChannel$AbstractNioUnsafe.finishConnect(AbstractNioChannel.java:340)
	at org.apache.ratis.thirdparty.io.netty.channel.nio.NioEventLoop.processSelectedKey(NioEventLoop.java:632)
	at org.apache.ratis.thirdparty.io.netty.channel.nio.NioEventLoop.processSelectedKeysOptimized(NioEventLoop.java:579)
	at org.apache.ratis.thirdparty.io.netty.channel.nio.NioEventLoop.processSelectedKeys(NioEventLoop.java:496)
	at org.apache.ratis.thirdparty.io.netty.channel.nio.NioEventLoop.run(NioEventLoop.java:458)
	at org.apache.ratis.thirdparty.io.netty.util.concurrent.SingleThreadEventExecutor$5.run(SingleThreadEventExecutor.java:897)
	at org.apache.ratis.thirdparty.io.netty.util.concurrent.FastThreadLocalRunnable.run(FastThreadLocalRunnable.java:30)
	... 1 more
Caused by: java.net.ConnectException: Connection refused
	... 11 more
2019-10-04 13:47:24,805 [f7391afe-e883-4b58-900a-eef83ef5e847@group-6C24881946A3-LeaderElection247] INFO  impl.LeaderElection (LogUtils.java:infoOrTrace(149)) - f7391afe-e883-4b58-900a-eef83ef5e847@group-6C24881946A3-LeaderElection247 got exception when requesting votes: {}
java.util.concurrent.ExecutionException: org.apache.ratis.thirdparty.io.grpc.StatusRuntimeException: UNAVAILABLE: io exception
	at java.util.concurrent.FutureTask.report(FutureTask.java:122)
	at java.util.concurrent.FutureTask.get(FutureTask.java:192)
	at org.apache.ratis.server.impl.LeaderElection.waitForResults(LeaderElection.java:259)
	at org.apache.ratis.server.impl.LeaderElection.askForVotes(LeaderElection.java:197)
	at org.apache.ratis.server.impl.LeaderElection.run(LeaderElection.java:133)
	at java.lang.Thread.run(Thread.java:748)
Caused by: org.apache.ratis.thirdparty.io.grpc.StatusRuntimeException: UNAVAILABLE: io exception
	at org.apache.ratis.thirdparty.io.grpc.stub.ClientCalls.toStatusRuntimeException(ClientCalls.java:233)
	at org.apache.ratis.thirdparty.io.grpc.stub.ClientCalls.getUnchecked(ClientCalls.java:214)
	at org.apache.ratis.thirdparty.io.grpc.stub.ClientCalls.blockingUnaryCall(ClientCalls.java:139)
	at org.apache.ratis.proto.grpc.RaftServerProtocolServiceGrpc$RaftServerProtocolServiceBlockingStub.requestVote(RaftServerProtocolServiceGrpc.java:265)
	at org.apache.ratis.grpc.server.GrpcServerProtocolClient.requestVote(GrpcServerProtocolClient.java:99)
	at org.apache.ratis.grpc.server.GrpcService.requestVote(GrpcService.java:204)
	at org.apache.ratis.server.impl.LeaderElection.lambda$submitRequests$1(LeaderElection.java:234)
	at java.util.concurrent.FutureTask.run(FutureTask.java:266)
	at java.util.concurrent.Executors$RunnableAdapter.call(Executors.java:511)
	at java.util.concurrent.FutureTask.run(FutureTask.java:266)
	at java.util.concurrent.ThreadPoolExecutor.runWorker(ThreadPoolExecutor.java:1149)
	at java.util.concurrent.ThreadPoolExecutor$Worker.run(ThreadPoolExecutor.java:624)
	... 1 more
Caused by: org.apache.ratis.thirdparty.io.netty.channel.AbstractChannel$AnnotatedConnectException: Connection refused: /192.168.30.33:40495
	at sun.nio.ch.SocketChannelImpl.checkConnect(Native Method)
	at sun.nio.ch.SocketChannelImpl.finishConnect(SocketChannelImpl.java:717)
	at org.apache.ratis.thirdparty.io.netty.channel.socket.nio.NioSocketChannel.doFinishConnect(NioSocketChannel.java:327)
	at org.apache.ratis.thirdparty.io.netty.channel.nio.AbstractNioChannel$AbstractNioUnsafe.finishConnect(AbstractNioChannel.java:340)
	at org.apache.ratis.thirdparty.io.netty.channel.nio.NioEventLoop.processSelectedKey(NioEventLoop.java:632)
	at org.apache.ratis.thirdparty.io.netty.channel.nio.NioEventLoop.processSelectedKeysOptimized(NioEventLoop.java:579)
	at org.apache.ratis.thirdparty.io.netty.channel.nio.NioEventLoop.processSelectedKeys(NioEventLoop.java:496)
	at org.apache.ratis.thirdparty.io.netty.channel.nio.NioEventLoop.run(NioEventLoop.java:458)
	at org.apache.ratis.thirdparty.io.netty.util.concurrent.SingleThreadEventExecutor$5.run(SingleThreadEventExecutor.java:897)
	at org.apache.ratis.thirdparty.io.netty.util.concurrent.FastThreadLocalRunnable.run(FastThreadLocalRunnable.java:30)
	... 1 more
Caused by: java.net.ConnectException: Connection refused
	... 11 more
2019-10-04 13:47:24,806 [f7391afe-e883-4b58-900a-eef83ef5e847@group-6C24881946A3-LeaderElection247] INFO  impl.LeaderElection (LeaderElection.java:logAndReturn(56)) - f7391afe-e883-4b58-900a-eef83ef5e847@group-6C24881946A3-LeaderElection247: Election REJECTED; received 0 response(s) [] and 2 exception(s); f7391afe-e883-4b58-900a-eef83ef5e847@group-6C24881946A3:t13, leader=null, voted=f7391afe-e883-4b58-900a-eef83ef5e847, raftlog=f7391afe-e883-4b58-900a-eef83ef5e847@group-6C24881946A3-SegmentedRaftLog:OPENED:c0,f0,i0, conf=0: [e7c9b6e5-8734-4888-9a82-5562d6bfa950:192.168.30.33:44869, d30cfae4-72b5-4ec1-a6ad-4fabcec0d6f2:192.168.30.33:40495, f7391afe-e883-4b58-900a-eef83ef5e847:192.168.30.33:36496], old=null
2019-10-04 13:47:24,806 [f7391afe-e883-4b58-900a-eef83ef5e847@group-6C24881946A3-LeaderElection247] INFO  impl.LeaderElection (LogUtils.java:infoOrTrace(149)) -   Exception 0: {}
java.util.concurrent.ExecutionException: org.apache.ratis.thirdparty.io.grpc.StatusRuntimeException: UNAVAILABLE: io exception
	at java.util.concurrent.FutureTask.report(FutureTask.java:122)
	at java.util.concurrent.FutureTask.get(FutureTask.java:192)
	at org.apache.ratis.server.impl.LeaderElection.waitForResults(LeaderElection.java:259)
	at org.apache.ratis.server.impl.LeaderElection.askForVotes(LeaderElection.java:197)
	at org.apache.ratis.server.impl.LeaderElection.run(LeaderElection.java:133)
	at java.lang.Thread.run(Thread.java:748)
Caused by: org.apache.ratis.thirdparty.io.grpc.StatusRuntimeException: UNAVAILABLE: io exception
	at org.apache.ratis.thirdparty.io.grpc.stub.ClientCalls.toStatusRuntimeException(ClientCalls.java:233)
	at org.apache.ratis.thirdparty.io.grpc.stub.ClientCalls.getUnchecked(ClientCalls.java:214)
	at org.apache.ratis.thirdparty.io.grpc.stub.ClientCalls.blockingUnaryCall(ClientCalls.java:139)
	at org.apache.ratis.proto.grpc.RaftServerProtocolServiceGrpc$RaftServerProtocolServiceBlockingStub.requestVote(RaftServerProtocolServiceGrpc.java:265)
	at org.apache.ratis.grpc.server.GrpcServerProtocolClient.requestVote(GrpcServerProtocolClient.java:99)
	at org.apache.ratis.grpc.server.GrpcService.requestVote(GrpcService.java:204)
	at org.apache.ratis.server.impl.LeaderElection.lambda$submitRequests$1(LeaderElection.java:234)
	at java.util.concurrent.FutureTask.run(FutureTask.java:266)
	at java.util.concurrent.Executors$RunnableAdapter.call(Executors.java:511)
	at java.util.concurrent.FutureTask.run(FutureTask.java:266)
	at java.util.concurrent.ThreadPoolExecutor.runWorker(ThreadPoolExecutor.java:1149)
	at java.util.concurrent.ThreadPoolExecutor$Worker.run(ThreadPoolExecutor.java:624)
	... 1 more
Caused by: org.apache.ratis.thirdparty.io.netty.channel.AbstractChannel$AnnotatedConnectException: Connection refused: /192.168.30.33:44869
	at sun.nio.ch.SocketChannelImpl.checkConnect(Native Method)
	at sun.nio.ch.SocketChannelImpl.finishConnect(SocketChannelImpl.java:717)
	at org.apache.ratis.thirdparty.io.netty.channel.socket.nio.NioSocketChannel.doFinishConnect(NioSocketChannel.java:327)
	at org.apache.ratis.thirdparty.io.netty.channel.nio.AbstractNioChannel$AbstractNioUnsafe.finishConnect(AbstractNioChannel.java:340)
	at org.apache.ratis.thirdparty.io.netty.channel.nio.NioEventLoop.processSelectedKey(NioEventLoop.java:632)
	at org.apache.ratis.thirdparty.io.netty.channel.nio.NioEventLoop.processSelectedKeysOptimized(NioEventLoop.java:579)
	at org.apache.ratis.thirdparty.io.netty.channel.nio.NioEventLoop.processSelectedKeys(NioEventLoop.java:496)
	at org.apache.ratis.thirdparty.io.netty.channel.nio.NioEventLoop.run(NioEventLoop.java:458)
	at org.apache.ratis.thirdparty.io.netty.util.concurrent.SingleThreadEventExecutor$5.run(SingleThreadEventExecutor.java:897)
	at org.apache.ratis.thirdparty.io.netty.util.concurrent.FastThreadLocalRunnable.run(FastThreadLocalRunnable.java:30)
	... 1 more
Caused by: java.net.ConnectException: Connection refused
	... 11 more
2019-10-04 13:47:24,806 [f7391afe-e883-4b58-900a-eef83ef5e847@group-6C24881946A3-LeaderElection247] INFO  impl.LeaderElection (LogUtils.java:infoOrTrace(149)) -   Exception 1: {}
java.util.concurrent.ExecutionException: org.apache.ratis.thirdparty.io.grpc.StatusRuntimeException: UNAVAILABLE: io exception
	at java.util.concurrent.FutureTask.report(FutureTask.java:122)
	at java.util.concurrent.FutureTask.get(FutureTask.java:192)
	at org.apache.ratis.server.impl.LeaderElection.waitForResults(LeaderElection.java:259)
	at org.apache.ratis.server.impl.LeaderElection.askForVotes(LeaderElection.java:197)
	at org.apache.ratis.server.impl.LeaderElection.run(LeaderElection.java:133)
	at java.lang.Thread.run(Thread.java:748)
Caused by: org.apache.ratis.thirdparty.io.grpc.StatusRuntimeException: UNAVAILABLE: io exception
	at org.apache.ratis.thirdparty.io.grpc.stub.ClientCalls.toStatusRuntimeException(ClientCalls.java:233)
	at org.apache.ratis.thirdparty.io.grpc.stub.ClientCalls.getUnchecked(ClientCalls.java:214)
	at org.apache.ratis.thirdparty.io.grpc.stub.ClientCalls.blockingUnaryCall(ClientCalls.java:139)
	at org.apache.ratis.proto.grpc.RaftServerProtocolServiceGrpc$RaftServerProtocolServiceBlockingStub.requestVote(RaftServerProtocolServiceGrpc.java:265)
	at org.apache.ratis.grpc.server.GrpcServerProtocolClient.requestVote(GrpcServerProtocolClient.java:99)
	at org.apache.ratis.grpc.server.GrpcService.requestVote(GrpcService.java:204)
	at org.apache.ratis.server.impl.LeaderElection.lambda$submitRequests$1(LeaderElection.java:234)
	at java.util.concurrent.FutureTask.run(FutureTask.java:266)
	at java.util.concurrent.Executors$RunnableAdapter.call(Executors.java:511)
	at java.util.concurrent.FutureTask.run(FutureTask.java:266)
	at java.util.concurrent.ThreadPoolExecutor.runWorker(ThreadPoolExecutor.java:1149)
	at java.util.concurrent.ThreadPoolExecutor$Worker.run(ThreadPoolExecutor.java:624)
	... 1 more
Caused by: org.apache.ratis.thirdparty.io.netty.channel.AbstractChannel$AnnotatedConnectException: Connection refused: /192.168.30.33:40495
	at sun.nio.ch.SocketChannelImpl.checkConnect(Native Method)
	at sun.nio.ch.SocketChannelImpl.finishConnect(SocketChannelImpl.java:717)
	at org.apache.ratis.thirdparty.io.netty.channel.socket.nio.NioSocketChannel.doFinishConnect(NioSocketChannel.java:327)
	at org.apache.ratis.thirdparty.io.netty.channel.nio.AbstractNioChannel$AbstractNioUnsafe.finishConnect(AbstractNioChannel.java:340)
	at org.apache.ratis.thirdparty.io.netty.channel.nio.NioEventLoop.processSelectedKey(NioEventLoop.java:632)
	at org.apache.ratis.thirdparty.io.netty.channel.nio.NioEventLoop.processSelectedKeysOptimized(NioEventLoop.java:579)
	at org.apache.ratis.thirdparty.io.netty.channel.nio.NioEventLoop.processSelectedKeys(NioEventLoop.java:496)
	at org.apache.ratis.thirdparty.io.netty.channel.nio.NioEventLoop.run(NioEventLoop.java:458)
	at org.apache.ratis.thirdparty.io.netty.util.concurrent.SingleThreadEventExecutor$5.run(SingleThreadEventExecutor.java:897)
	at org.apache.ratis.thirdparty.io.netty.util.concurrent.FastThreadLocalRunnable.run(FastThreadLocalRunnable.java:30)
	... 1 more
Caused by: java.net.ConnectException: Connection refused
	... 11 more
2019-10-04 13:47:24,807 [f7391afe-e883-4b58-900a-eef83ef5e847@group-6C24881946A3-LeaderElection247] INFO  impl.RaftServerImpl (RaftServerImpl.java:setRole(170)) - f7391afe-e883-4b58-900a-eef83ef5e847@group-6C24881946A3: changes role from CANDIDATE to FOLLOWER at term 13 for DISCOVERED_A_NEW_TERM
2019-10-04 13:47:24,807 [f7391afe-e883-4b58-900a-eef83ef5e847@group-6C24881946A3-LeaderElection247] INFO  impl.RoleInfo (RoleInfo.java:shutdownLeaderElection(134)) - f7391afe-e883-4b58-900a-eef83ef5e847: shutdown LeaderElection
2019-10-04 13:47:24,807 [f7391afe-e883-4b58-900a-eef83ef5e847@group-6C24881946A3-LeaderElection247] INFO  impl.RoleInfo (RoleInfo.java:updateAndGet(143)) - f7391afe-e883-4b58-900a-eef83ef5e847: start FollowerState
2019-10-04 13:47:24,859 [grpc-default-executor-0] WARN  server.GrpcLogAppender (LogUtils.java:warn(134)) - 4da2f670-0e5c-4bde-934c-3cd05d8a50a4@group-39017AAFEA81->abf7bc81-30d5-42c0-a0af-45d0cecf5915-AppendLogResponseHandler: Failed appendEntries: org.apache.ratis.thirdparty.io.grpc.StatusRuntimeException: UNAVAILABLE: io exception
2019-10-04 13:47:24,860 [grpc-default-executor-0] INFO  impl.FollowerInfo (FollowerInfo.java:lambda$new$0(51)) - 4da2f670-0e5c-4bde-934c-3cd05d8a50a4@group-39017AAFEA81->abf7bc81-30d5-42c0-a0af-45d0cecf5915: nextIndex: updateUnconditionally 0 -> 0
2019-10-04 13:47:24,899 [grpc-default-executor-12] WARN  server.GrpcLogAppender (LogUtils.java:warn(134)) - 4da2f670-0e5c-4bde-934c-3cd05d8a50a4@group-39017AAFEA81->a9f2dbb7-43c3-4367-8346-947b48bd4d79-AppendLogResponseHandler: Failed appendEntries: org.apache.ratis.thirdparty.io.grpc.StatusRuntimeException: UNAVAILABLE: io exception
2019-10-04 13:47:24,900 [grpc-default-executor-12] INFO  impl.FollowerInfo (FollowerInfo.java:lambda$new$0(51)) - 4da2f670-0e5c-4bde-934c-3cd05d8a50a4@group-39017AAFEA81->a9f2dbb7-43c3-4367-8346-947b48bd4d79: nextIndex: updateUnconditionally 0 -> 0
2019-10-04 13:47:25,360 [grpc-default-executor-12] WARN  server.GrpcLogAppender (LogUtils.java:warn(134)) - 4da2f670-0e5c-4bde-934c-3cd05d8a50a4@group-39017AAFEA81->abf7bc81-30d5-42c0-a0af-45d0cecf5915-AppendLogResponseHandler: Failed appendEntries: org.apache.ratis.thirdparty.io.grpc.StatusRuntimeException: UNAVAILABLE: io exception
2019-10-04 13:47:25,361 [grpc-default-executor-12] INFO  impl.FollowerInfo (FollowerInfo.java:lambda$new$0(51)) - 4da2f670-0e5c-4bde-934c-3cd05d8a50a4@group-39017AAFEA81->abf7bc81-30d5-42c0-a0af-45d0cecf5915: nextIndex: updateUnconditionally 0 -> 0
2019-10-04 13:47:25,400 [grpc-default-executor-12] WARN  server.GrpcLogAppender (LogUtils.java:warn(134)) - 4da2f670-0e5c-4bde-934c-3cd05d8a50a4@group-39017AAFEA81->a9f2dbb7-43c3-4367-8346-947b48bd4d79-AppendLogResponseHandler: Failed appendEntries: org.apache.ratis.thirdparty.io.grpc.StatusRuntimeException: UNAVAILABLE: io exception
2019-10-04 13:47:25,400 [grpc-default-executor-12] INFO  impl.FollowerInfo (FollowerInfo.java:lambda$new$0(51)) - 4da2f670-0e5c-4bde-934c-3cd05d8a50a4@group-39017AAFEA81->a9f2dbb7-43c3-4367-8346-947b48bd4d79: nextIndex: updateUnconditionally 0 -> 0
2019-10-04 13:47:25,861 [grpc-default-executor-12] WARN  server.GrpcLogAppender (LogUtils.java:warn(134)) - 4da2f670-0e5c-4bde-934c-3cd05d8a50a4@group-39017AAFEA81->abf7bc81-30d5-42c0-a0af-45d0cecf5915-AppendLogResponseHandler: Failed appendEntries: org.apache.ratis.thirdparty.io.grpc.StatusRuntimeException: UNAVAILABLE: io exception
2019-10-04 13:47:25,861 [grpc-default-executor-12] INFO  impl.FollowerInfo (FollowerInfo.java:lambda$new$0(51)) - 4da2f670-0e5c-4bde-934c-3cd05d8a50a4@group-39017AAFEA81->abf7bc81-30d5-42c0-a0af-45d0cecf5915: nextIndex: updateUnconditionally 0 -> 0
2019-10-04 13:47:25,900 [grpc-default-executor-12] WARN  server.GrpcLogAppender (LogUtils.java:warn(134)) - 4da2f670-0e5c-4bde-934c-3cd05d8a50a4@group-39017AAFEA81->a9f2dbb7-43c3-4367-8346-947b48bd4d79-AppendLogResponseHandler: Failed appendEntries: org.apache.ratis.thirdparty.io.grpc.StatusRuntimeException: UNAVAILABLE: io exception
2019-10-04 13:47:25,900 [grpc-default-executor-12] INFO  impl.FollowerInfo (FollowerInfo.java:lambda$new$0(51)) - 4da2f670-0e5c-4bde-934c-3cd05d8a50a4@group-39017AAFEA81->a9f2dbb7-43c3-4367-8346-947b48bd4d79: nextIndex: updateUnconditionally 0 -> 0
2019-10-04 13:47:25,921 [Thread-4077] INFO  impl.FollowerState (FollowerState.java:run(108)) - f7391afe-e883-4b58-900a-eef83ef5e847@group-6C24881946A3-FollowerState: change to CANDIDATE, lastRpcTime:1114ms, electionTimeout:1114ms
2019-10-04 13:47:25,922 [Thread-4077] INFO  impl.RoleInfo (RoleInfo.java:shutdownFollowerState(121)) - f7391afe-e883-4b58-900a-eef83ef5e847: shutdown FollowerState
2019-10-04 13:47:25,922 [Thread-4077] INFO  impl.RaftServerImpl (RaftServerImpl.java:setRole(170)) - f7391afe-e883-4b58-900a-eef83ef5e847@group-6C24881946A3: changes role from  FOLLOWER to CANDIDATE at term 13 for changeToCandidate
2019-10-04 13:47:25,922 [Thread-4077] INFO  impl.RoleInfo (RoleInfo.java:updateAndGet(143)) - f7391afe-e883-4b58-900a-eef83ef5e847: start LeaderElection
2019-10-04 13:47:25,937 [f7391afe-e883-4b58-900a-eef83ef5e847@group-6C24881946A3-LeaderElection248] INFO  impl.LeaderElection (LeaderElection.java:askForVotes(178)) - f7391afe-e883-4b58-900a-eef83ef5e847@group-6C24881946A3-LeaderElection248: begin an election at term 14 for 0: [e7c9b6e5-8734-4888-9a82-5562d6bfa950:192.168.30.33:44869, d30cfae4-72b5-4ec1-a6ad-4fabcec0d6f2:192.168.30.33:40495, f7391afe-e883-4b58-900a-eef83ef5e847:192.168.30.33:36496], old=null
2019-10-04 13:47:25,938 [f7391afe-e883-4b58-900a-eef83ef5e847@group-6C24881946A3-LeaderElection248] INFO  impl.LeaderElection (LogUtils.java:infoOrTrace(149)) - f7391afe-e883-4b58-900a-eef83ef5e847@group-6C24881946A3-LeaderElection248 got exception when requesting votes: {}
java.util.concurrent.ExecutionException: org.apache.ratis.thirdparty.io.grpc.StatusRuntimeException: UNAVAILABLE: io exception
	at java.util.concurrent.FutureTask.report(FutureTask.java:122)
	at java.util.concurrent.FutureTask.get(FutureTask.java:192)
	at org.apache.ratis.server.impl.LeaderElection.waitForResults(LeaderElection.java:259)
	at org.apache.ratis.server.impl.LeaderElection.askForVotes(LeaderElection.java:197)
	at org.apache.ratis.server.impl.LeaderElection.run(LeaderElection.java:133)
	at java.lang.Thread.run(Thread.java:748)
Caused by: org.apache.ratis.thirdparty.io.grpc.StatusRuntimeException: UNAVAILABLE: io exception
	at org.apache.ratis.thirdparty.io.grpc.stub.ClientCalls.toStatusRuntimeException(ClientCalls.java:233)
	at org.apache.ratis.thirdparty.io.grpc.stub.ClientCalls.getUnchecked(ClientCalls.java:214)
	at org.apache.ratis.thirdparty.io.grpc.stub.ClientCalls.blockingUnaryCall(ClientCalls.java:139)
	at org.apache.ratis.proto.grpc.RaftServerProtocolServiceGrpc$RaftServerProtocolServiceBlockingStub.requestVote(RaftServerProtocolServiceGrpc.java:265)
	at org.apache.ratis.grpc.server.GrpcServerProtocolClient.requestVote(GrpcServerProtocolClient.java:99)
	at org.apache.ratis.grpc.server.GrpcService.requestVote(GrpcService.java:204)
	at org.apache.ratis.server.impl.LeaderElection.lambda$submitRequests$1(LeaderElection.java:234)
	at java.util.concurrent.FutureTask.run(FutureTask.java:266)
	at java.util.concurrent.Executors$RunnableAdapter.call(Executors.java:511)
	at java.util.concurrent.FutureTask.run(FutureTask.java:266)
	at java.util.concurrent.ThreadPoolExecutor.runWorker(ThreadPoolExecutor.java:1149)
	at java.util.concurrent.ThreadPoolExecutor$Worker.run(ThreadPoolExecutor.java:624)
	... 1 more
Caused by: org.apache.ratis.thirdparty.io.netty.channel.AbstractChannel$AnnotatedConnectException: Connection refused: /192.168.30.33:44869
	at sun.nio.ch.SocketChannelImpl.checkConnect(Native Method)
	at sun.nio.ch.SocketChannelImpl.finishConnect(SocketChannelImpl.java:717)
	at org.apache.ratis.thirdparty.io.netty.channel.socket.nio.NioSocketChannel.doFinishConnect(NioSocketChannel.java:327)
	at org.apache.ratis.thirdparty.io.netty.channel.nio.AbstractNioChannel$AbstractNioUnsafe.finishConnect(AbstractNioChannel.java:340)
	at org.apache.ratis.thirdparty.io.netty.channel.nio.NioEventLoop.processSelectedKey(NioEventLoop.java:632)
	at org.apache.ratis.thirdparty.io.netty.channel.nio.NioEventLoop.processSelectedKeysOptimized(NioEventLoop.java:579)
	at org.apache.ratis.thirdparty.io.netty.channel.nio.NioEventLoop.processSelectedKeys(NioEventLoop.java:496)
	at org.apache.ratis.thirdparty.io.netty.channel.nio.NioEventLoop.run(NioEventLoop.java:458)
	at org.apache.ratis.thirdparty.io.netty.util.concurrent.SingleThreadEventExecutor$5.run(SingleThreadEventExecutor.java:897)
	at org.apache.ratis.thirdparty.io.netty.util.concurrent.FastThreadLocalRunnable.run(FastThreadLocalRunnable.java:30)
	... 1 more
Caused by: java.net.ConnectException: Connection refused
	... 11 more
2019-10-04 13:47:25,939 [f7391afe-e883-4b58-900a-eef83ef5e847@group-6C24881946A3-LeaderElection248] INFO  impl.LeaderElection (LogUtils.java:infoOrTrace(149)) - f7391afe-e883-4b58-900a-eef83ef5e847@group-6C24881946A3-LeaderElection248 got exception when requesting votes: {}
java.util.concurrent.ExecutionException: org.apache.ratis.thirdparty.io.grpc.StatusRuntimeException: UNAVAILABLE: io exception
	at java.util.concurrent.FutureTask.report(FutureTask.java:122)
	at java.util.concurrent.FutureTask.get(FutureTask.java:192)
	at org.apache.ratis.server.impl.LeaderElection.waitForResults(LeaderElection.java:259)
	at org.apache.ratis.server.impl.LeaderElection.askForVotes(LeaderElection.java:197)
	at org.apache.ratis.server.impl.LeaderElection.run(LeaderElection.java:133)
	at java.lang.Thread.run(Thread.java:748)
Caused by: org.apache.ratis.thirdparty.io.grpc.StatusRuntimeException: UNAVAILABLE: io exception
	at org.apache.ratis.thirdparty.io.grpc.stub.ClientCalls.toStatusRuntimeException(ClientCalls.java:233)
	at org.apache.ratis.thirdparty.io.grpc.stub.ClientCalls.getUnchecked(ClientCalls.java:214)
	at org.apache.ratis.thirdparty.io.grpc.stub.ClientCalls.blockingUnaryCall(ClientCalls.java:139)
	at org.apache.ratis.proto.grpc.RaftServerProtocolServiceGrpc$RaftServerProtocolServiceBlockingStub.requestVote(RaftServerProtocolServiceGrpc.java:265)
	at org.apache.ratis.grpc.server.GrpcServerProtocolClient.requestVote(GrpcServerProtocolClient.java:99)
	at org.apache.ratis.grpc.server.GrpcService.requestVote(GrpcService.java:204)
	at org.apache.ratis.server.impl.LeaderElection.lambda$submitRequests$1(LeaderElection.java:234)
	at java.util.concurrent.FutureTask.run(FutureTask.java:266)
	at java.util.concurrent.Executors$RunnableAdapter.call(Executors.java:511)
	at java.util.concurrent.FutureTask.run(FutureTask.java:266)
	at java.util.concurrent.ThreadPoolExecutor.runWorker(ThreadPoolExecutor.java:1149)
	at java.util.concurrent.ThreadPoolExecutor$Worker.run(ThreadPoolExecutor.java:624)
	... 1 more
Caused by: org.apache.ratis.thirdparty.io.netty.channel.AbstractChannel$AnnotatedConnectException: Connection refused: /192.168.30.33:40495
	at sun.nio.ch.SocketChannelImpl.checkConnect(Native Method)
	at sun.nio.ch.SocketChannelImpl.finishConnect(SocketChannelImpl.java:717)
	at org.apache.ratis.thirdparty.io.netty.channel.socket.nio.NioSocketChannel.doFinishConnect(NioSocketChannel.java:327)
	at org.apache.ratis.thirdparty.io.netty.channel.nio.AbstractNioChannel$AbstractNioUnsafe.finishConnect(AbstractNioChannel.java:340)
	at org.apache.ratis.thirdparty.io.netty.channel.nio.NioEventLoop.processSelectedKey(NioEventLoop.java:632)
	at org.apache.ratis.thirdparty.io.netty.channel.nio.NioEventLoop.processSelectedKeysOptimized(NioEventLoop.java:579)
	at org.apache.ratis.thirdparty.io.netty.channel.nio.NioEventLoop.processSelectedKeys(NioEventLoop.java:496)
	at org.apache.ratis.thirdparty.io.netty.channel.nio.NioEventLoop.run(NioEventLoop.java:458)
	at org.apache.ratis.thirdparty.io.netty.util.concurrent.SingleThreadEventExecutor$5.run(SingleThreadEventExecutor.java:897)
	at org.apache.ratis.thirdparty.io.netty.util.concurrent.FastThreadLocalRunnable.run(FastThreadLocalRunnable.java:30)
	... 1 more
Caused by: java.net.ConnectException: Connection refused
	... 11 more
2019-10-04 13:47:25,939 [f7391afe-e883-4b58-900a-eef83ef5e847@group-6C24881946A3-LeaderElection248] INFO  impl.LeaderElection (LeaderElection.java:logAndReturn(56)) - f7391afe-e883-4b58-900a-eef83ef5e847@group-6C24881946A3-LeaderElection248: Election REJECTED; received 0 response(s) [] and 2 exception(s); f7391afe-e883-4b58-900a-eef83ef5e847@group-6C24881946A3:t14, leader=null, voted=f7391afe-e883-4b58-900a-eef83ef5e847, raftlog=f7391afe-e883-4b58-900a-eef83ef5e847@group-6C24881946A3-SegmentedRaftLog:OPENED:c0,f0,i0, conf=0: [e7c9b6e5-8734-4888-9a82-5562d6bfa950:192.168.30.33:44869, d30cfae4-72b5-4ec1-a6ad-4fabcec0d6f2:192.168.30.33:40495, f7391afe-e883-4b58-900a-eef83ef5e847:192.168.30.33:36496], old=null
2019-10-04 13:47:25,939 [f7391afe-e883-4b58-900a-eef83ef5e847@group-6C24881946A3-LeaderElection248] INFO  impl.LeaderElection (LogUtils.java:infoOrTrace(149)) -   Exception 0: {}
java.util.concurrent.ExecutionException: org.apache.ratis.thirdparty.io.grpc.StatusRuntimeException: UNAVAILABLE: io exception
	at java.util.concurrent.FutureTask.report(FutureTask.java:122)
	at java.util.concurrent.FutureTask.get(FutureTask.java:192)
	at org.apache.ratis.server.impl.LeaderElection.waitForResults(LeaderElection.java:259)
	at org.apache.ratis.server.impl.LeaderElection.askForVotes(LeaderElection.java:197)
	at org.apache.ratis.server.impl.LeaderElection.run(LeaderElection.java:133)
	at java.lang.Thread.run(Thread.java:748)
Caused by: org.apache.ratis.thirdparty.io.grpc.StatusRuntimeException: UNAVAILABLE: io exception
	at org.apache.ratis.thirdparty.io.grpc.stub.ClientCalls.toStatusRuntimeException(ClientCalls.java:233)
	at org.apache.ratis.thirdparty.io.grpc.stub.ClientCalls.getUnchecked(ClientCalls.java:214)
	at org.apache.ratis.thirdparty.io.grpc.stub.ClientCalls.blockingUnaryCall(ClientCalls.java:139)
	at org.apache.ratis.proto.grpc.RaftServerProtocolServiceGrpc$RaftServerProtocolServiceBlockingStub.requestVote(RaftServerProtocolServiceGrpc.java:265)
	at org.apache.ratis.grpc.server.GrpcServerProtocolClient.requestVote(GrpcServerProtocolClient.java:99)
	at org.apache.ratis.grpc.server.GrpcService.requestVote(GrpcService.java:204)
	at org.apache.ratis.server.impl.LeaderElection.lambda$submitRequests$1(LeaderElection.java:234)
	at java.util.concurrent.FutureTask.run(FutureTask.java:266)
	at java.util.concurrent.Executors$RunnableAdapter.call(Executors.java:511)
	at java.util.concurrent.FutureTask.run(FutureTask.java:266)
	at java.util.concurrent.ThreadPoolExecutor.runWorker(ThreadPoolExecutor.java:1149)
	at java.util.concurrent.ThreadPoolExecutor$Worker.run(ThreadPoolExecutor.java:624)
	... 1 more
Caused by: org.apache.ratis.thirdparty.io.netty.channel.AbstractChannel$AnnotatedConnectException: Connection refused: /192.168.30.33:44869
	at sun.nio.ch.SocketChannelImpl.checkConnect(Native Method)
	at sun.nio.ch.SocketChannelImpl.finishConnect(SocketChannelImpl.java:717)
	at org.apache.ratis.thirdparty.io.netty.channel.socket.nio.NioSocketChannel.doFinishConnect(NioSocketChannel.java:327)
	at org.apache.ratis.thirdparty.io.netty.channel.nio.AbstractNioChannel$AbstractNioUnsafe.finishConnect(AbstractNioChannel.java:340)
	at org.apache.ratis.thirdparty.io.netty.channel.nio.NioEventLoop.processSelectedKey(NioEventLoop.java:632)
	at org.apache.ratis.thirdparty.io.netty.channel.nio.NioEventLoop.processSelectedKeysOptimized(NioEventLoop.java:579)
	at org.apache.ratis.thirdparty.io.netty.channel.nio.NioEventLoop.processSelectedKeys(NioEventLoop.java:496)
	at org.apache.ratis.thirdparty.io.netty.channel.nio.NioEventLoop.run(NioEventLoop.java:458)
	at org.apache.ratis.thirdparty.io.netty.util.concurrent.SingleThreadEventExecutor$5.run(SingleThreadEventExecutor.java:897)
	at org.apache.ratis.thirdparty.io.netty.util.concurrent.FastThreadLocalRunnable.run(FastThreadLocalRunnable.java:30)
	... 1 more
Caused by: java.net.ConnectException: Connection refused
	... 11 more
2019-10-04 13:47:25,940 [f7391afe-e883-4b58-900a-eef83ef5e847@group-6C24881946A3-LeaderElection248] INFO  impl.LeaderElection (LogUtils.java:infoOrTrace(149)) -   Exception 1: {}
java.util.concurrent.ExecutionException: org.apache.ratis.thirdparty.io.grpc.StatusRuntimeException: UNAVAILABLE: io exception
	at java.util.concurrent.FutureTask.report(FutureTask.java:122)
	at java.util.concurrent.FutureTask.get(FutureTask.java:192)
	at org.apache.ratis.server.impl.LeaderElection.waitForResults(LeaderElection.java:259)
	at org.apache.ratis.server.impl.LeaderElection.askForVotes(LeaderElection.java:197)
	at org.apache.ratis.server.impl.LeaderElection.run(LeaderElection.java:133)
	at java.lang.Thread.run(Thread.java:748)
Caused by: org.apache.ratis.thirdparty.io.grpc.StatusRuntimeException: UNAVAILABLE: io exception
	at org.apache.ratis.thirdparty.io.grpc.stub.ClientCalls.toStatusRuntimeException(ClientCalls.java:233)
	at org.apache.ratis.thirdparty.io.grpc.stub.ClientCalls.getUnchecked(ClientCalls.java:214)
	at org.apache.ratis.thirdparty.io.grpc.stub.ClientCalls.blockingUnaryCall(ClientCalls.java:139)
	at org.apache.ratis.proto.grpc.RaftServerProtocolServiceGrpc$RaftServerProtocolServiceBlockingStub.requestVote(RaftServerProtocolServiceGrpc.java:265)
	at org.apache.ratis.grpc.server.GrpcServerProtocolClient.requestVote(GrpcServerProtocolClient.java:99)
	at org.apache.ratis.grpc.server.GrpcService.requestVote(GrpcService.java:204)
	at org.apache.ratis.server.impl.LeaderElection.lambda$submitRequests$1(LeaderElection.java:234)
	at java.util.concurrent.FutureTask.run(FutureTask.java:266)
	at java.util.concurrent.Executors$RunnableAdapter.call(Executors.java:511)
	at java.util.concurrent.FutureTask.run(FutureTask.java:266)
	at java.util.concurrent.ThreadPoolExecutor.runWorker(ThreadPoolExecutor.java:1149)
	at java.util.concurrent.ThreadPoolExecutor$Worker.run(ThreadPoolExecutor.java:624)
	... 1 more
Caused by: org.apache.ratis.thirdparty.io.netty.channel.AbstractChannel$AnnotatedConnectException: Connection refused: /192.168.30.33:40495
	at sun.nio.ch.SocketChannelImpl.checkConnect(Native Method)
	at sun.nio.ch.SocketChannelImpl.finishConnect(SocketChannelImpl.java:717)
	at org.apache.ratis.thirdparty.io.netty.channel.socket.nio.NioSocketChannel.doFinishConnect(NioSocketChannel.java:327)
	at org.apache.ratis.thirdparty.io.netty.channel.nio.AbstractNioChannel$AbstractNioUnsafe.finishConnect(AbstractNioChannel.java:340)
	at org.apache.ratis.thirdparty.io.netty.channel.nio.NioEventLoop.processSelectedKey(NioEventLoop.java:632)
	at org.apache.ratis.thirdparty.io.netty.channel.nio.NioEventLoop.processSelectedKeysOptimized(NioEventLoop.java:579)
	at org.apache.ratis.thirdparty.io.netty.channel.nio.NioEventLoop.processSelectedKeys(NioEventLoop.java:496)
	at org.apache.ratis.thirdparty.io.netty.channel.nio.NioEventLoop.run(NioEventLoop.java:458)
	at org.apache.ratis.thirdparty.io.netty.util.concurrent.SingleThreadEventExecutor$5.run(SingleThreadEventExecutor.java:897)
	at org.apache.ratis.thirdparty.io.netty.util.concurrent.FastThreadLocalRunnable.run(FastThreadLocalRunnable.java:30)
	... 1 more
Caused by: java.net.ConnectException: Connection refused
	... 11 more
2019-10-04 13:47:25,940 [f7391afe-e883-4b58-900a-eef83ef5e847@group-6C24881946A3-LeaderElection248] INFO  impl.RaftServerImpl (RaftServerImpl.java:setRole(170)) - f7391afe-e883-4b58-900a-eef83ef5e847@group-6C24881946A3: changes role from CANDIDATE to FOLLOWER at term 14 for DISCOVERED_A_NEW_TERM
2019-10-04 13:47:25,940 [f7391afe-e883-4b58-900a-eef83ef5e847@group-6C24881946A3-LeaderElection248] INFO  impl.RoleInfo (RoleInfo.java:shutdownLeaderElection(134)) - f7391afe-e883-4b58-900a-eef83ef5e847: shutdown LeaderElection
2019-10-04 13:47:25,940 [f7391afe-e883-4b58-900a-eef83ef5e847@group-6C24881946A3-LeaderElection248] INFO  impl.RoleInfo (RoleInfo.java:updateAndGet(143)) - f7391afe-e883-4b58-900a-eef83ef5e847: start FollowerState
2019-10-04 13:47:26,361 [grpc-default-executor-12] WARN  server.GrpcLogAppender (LogUtils.java:warn(134)) - 4da2f670-0e5c-4bde-934c-3cd05d8a50a4@group-39017AAFEA81->abf7bc81-30d5-42c0-a0af-45d0cecf5915-AppendLogResponseHandler: Failed appendEntries: org.apache.ratis.thirdparty.io.grpc.StatusRuntimeException: UNAVAILABLE: io exception
2019-10-04 13:47:26,361 [grpc-default-executor-12] INFO  impl.FollowerInfo (FollowerInfo.java:lambda$new$0(51)) - 4da2f670-0e5c-4bde-934c-3cd05d8a50a4@group-39017AAFEA81->abf7bc81-30d5-42c0-a0af-45d0cecf5915: nextIndex: updateUnconditionally 0 -> 0
2019-10-04 13:47:26,401 [grpc-default-executor-12] WARN  server.GrpcLogAppender (LogUtils.java:warn(134)) - 4da2f670-0e5c-4bde-934c-3cd05d8a50a4@group-39017AAFEA81->a9f2dbb7-43c3-4367-8346-947b48bd4d79-AppendLogResponseHandler: Failed appendEntries: org.apache.ratis.thirdparty.io.grpc.StatusRuntimeException: UNAVAILABLE: io exception
2019-10-04 13:47:26,401 [grpc-default-executor-12] INFO  impl.FollowerInfo (FollowerInfo.java:lambda$new$0(51)) - 4da2f670-0e5c-4bde-934c-3cd05d8a50a4@group-39017AAFEA81->a9f2dbb7-43c3-4367-8346-947b48bd4d79: nextIndex: updateUnconditionally 0 -> 0
2019-10-04 13:47:26,861 [grpc-default-executor-3] WARN  server.GrpcLogAppender (LogUtils.java:warn(134)) - 4da2f670-0e5c-4bde-934c-3cd05d8a50a4@group-39017AAFEA81->abf7bc81-30d5-42c0-a0af-45d0cecf5915-AppendLogResponseHandler: Failed appendEntries: org.apache.ratis.thirdparty.io.grpc.StatusRuntimeException: UNAVAILABLE: io exception
2019-10-04 13:47:26,862 [grpc-default-executor-3] INFO  impl.FollowerInfo (FollowerInfo.java:lambda$new$0(51)) - 4da2f670-0e5c-4bde-934c-3cd05d8a50a4@group-39017AAFEA81->abf7bc81-30d5-42c0-a0af-45d0cecf5915: nextIndex: updateUnconditionally 0 -> 0
2019-10-04 13:47:26,901 [grpc-default-executor-12] WARN  server.GrpcLogAppender (LogUtils.java:warn(134)) - 4da2f670-0e5c-4bde-934c-3cd05d8a50a4@group-39017AAFEA81->a9f2dbb7-43c3-4367-8346-947b48bd4d79-AppendLogResponseHandler: Failed appendEntries: org.apache.ratis.thirdparty.io.grpc.StatusRuntimeException: UNAVAILABLE: io exception
2019-10-04 13:47:26,901 [grpc-default-executor-12] INFO  impl.FollowerInfo (FollowerInfo.java:lambda$new$0(51)) - 4da2f670-0e5c-4bde-934c-3cd05d8a50a4@group-39017AAFEA81->a9f2dbb7-43c3-4367-8346-947b48bd4d79: nextIndex: updateUnconditionally 0 -> 0
2019-10-04 13:47:27,032 [Thread-4081] INFO  impl.FollowerState (FollowerState.java:run(108)) - f7391afe-e883-4b58-900a-eef83ef5e847@group-6C24881946A3-FollowerState: change to CANDIDATE, lastRpcTime:1091ms, electionTimeout:1091ms
2019-10-04 13:47:27,032 [Thread-4081] INFO  impl.RoleInfo (RoleInfo.java:shutdownFollowerState(121)) - f7391afe-e883-4b58-900a-eef83ef5e847: shutdown FollowerState
2019-10-04 13:47:27,032 [Thread-4081] INFO  impl.RaftServerImpl (RaftServerImpl.java:setRole(170)) - f7391afe-e883-4b58-900a-eef83ef5e847@group-6C24881946A3: changes role from  FOLLOWER to CANDIDATE at term 14 for changeToCandidate
2019-10-04 13:47:27,032 [Thread-4081] INFO  impl.RoleInfo (RoleInfo.java:updateAndGet(143)) - f7391afe-e883-4b58-900a-eef83ef5e847: start LeaderElection
2019-10-04 13:47:27,362 [grpc-default-executor-0] WARN  server.GrpcLogAppender (LogUtils.java:warn(134)) - 4da2f670-0e5c-4bde-934c-3cd05d8a50a4@group-39017AAFEA81->abf7bc81-30d5-42c0-a0af-45d0cecf5915-AppendLogResponseHandler: Failed appendEntries: org.apache.ratis.thirdparty.io.grpc.StatusRuntimeException: UNAVAILABLE: io exception
2019-10-04 13:47:27,362 [grpc-default-executor-0] INFO  impl.FollowerInfo (FollowerInfo.java:lambda$new$0(51)) - 4da2f670-0e5c-4bde-934c-3cd05d8a50a4@group-39017AAFEA81->abf7bc81-30d5-42c0-a0af-45d0cecf5915: nextIndex: updateUnconditionally 0 -> 0
2019-10-04 13:47:27,401 [grpc-default-executor-3] WARN  server.GrpcLogAppender (LogUtils.java:warn(134)) - 4da2f670-0e5c-4bde-934c-3cd05d8a50a4@group-39017AAFEA81->a9f2dbb7-43c3-4367-8346-947b48bd4d79-AppendLogResponseHandler: Failed appendEntries: org.apache.ratis.thirdparty.io.grpc.StatusRuntimeException: UNAVAILABLE: io exception
2019-10-04 13:47:27,402 [grpc-default-executor-3] INFO  impl.FollowerInfo (FollowerInfo.java:lambda$new$0(51)) - 4da2f670-0e5c-4bde-934c-3cd05d8a50a4@group-39017AAFEA81->a9f2dbb7-43c3-4367-8346-947b48bd4d79: nextIndex: updateUnconditionally 0 -> 0
2019-10-04 13:47:27,863 [grpc-default-executor-12] WARN  server.GrpcLogAppender (LogUtils.java:warn(134)) - 4da2f670-0e5c-4bde-934c-3cd05d8a50a4@group-39017AAFEA81->abf7bc81-30d5-42c0-a0af-45d0cecf5915-AppendLogResponseHandler: Failed appendEntries: org.apache.ratis.thirdparty.io.grpc.StatusRuntimeException: UNAVAILABLE: io exception
2019-10-04 13:47:27,863 [grpc-default-executor-12] INFO  impl.FollowerInfo (FollowerInfo.java:lambda$new$0(51)) - 4da2f670-0e5c-4bde-934c-3cd05d8a50a4@group-39017AAFEA81->abf7bc81-30d5-42c0-a0af-45d0cecf5915: nextIndex: updateUnconditionally 0 -> 0
2019-10-04 13:47:27,902 [grpc-default-executor-12] WARN  server.GrpcLogAppender (LogUtils.java:warn(134)) - 4da2f670-0e5c-4bde-934c-3cd05d8a50a4@group-39017AAFEA81->a9f2dbb7-43c3-4367-8346-947b48bd4d79-AppendLogResponseHandler: Failed appendEntries: org.apache.ratis.thirdparty.io.grpc.StatusRuntimeException: UNAVAILABLE: io exception
2019-10-04 13:47:27,902 [grpc-default-executor-12] INFO  impl.FollowerInfo (FollowerInfo.java:lambda$new$0(51)) - 4da2f670-0e5c-4bde-934c-3cd05d8a50a4@group-39017AAFEA81->a9f2dbb7-43c3-4367-8346-947b48bd4d79: nextIndex: updateUnconditionally 0 -> 0
2019-10-04 13:47:28,146 [f7391afe-e883-4b58-900a-eef83ef5e847@group-6C24881946A3-LeaderElection249] INFO  impl.LeaderElection (LeaderElection.java:askForVotes(178)) - f7391afe-e883-4b58-900a-eef83ef5e847@group-6C24881946A3-LeaderElection249: begin an election at term 15 for 0: [e7c9b6e5-8734-4888-9a82-5562d6bfa950:192.168.30.33:44869, d30cfae4-72b5-4ec1-a6ad-4fabcec0d6f2:192.168.30.33:40495, f7391afe-e883-4b58-900a-eef83ef5e847:192.168.30.33:36496], old=null
2019-10-04 13:47:28,147 [f7391afe-e883-4b58-900a-eef83ef5e847@group-6C24881946A3-LeaderElection249] INFO  impl.LeaderElection (LogUtils.java:infoOrTrace(149)) - f7391afe-e883-4b58-900a-eef83ef5e847@group-6C24881946A3-LeaderElection249 got exception when requesting votes: {}
java.util.concurrent.ExecutionException: org.apache.ratis.thirdparty.io.grpc.StatusRuntimeException: UNAVAILABLE: io exception
	at java.util.concurrent.FutureTask.report(FutureTask.java:122)
	at java.util.concurrent.FutureTask.get(FutureTask.java:192)
	at org.apache.ratis.server.impl.LeaderElection.waitForResults(LeaderElection.java:259)
	at org.apache.ratis.server.impl.LeaderElection.askForVotes(LeaderElection.java:197)
	at org.apache.ratis.server.impl.LeaderElection.run(LeaderElection.java:133)
	at java.lang.Thread.run(Thread.java:748)
Caused by: org.apache.ratis.thirdparty.io.grpc.StatusRuntimeException: UNAVAILABLE: io exception
	at org.apache.ratis.thirdparty.io.grpc.stub.ClientCalls.toStatusRuntimeException(ClientCalls.java:233)
	at org.apache.ratis.thirdparty.io.grpc.stub.ClientCalls.getUnchecked(ClientCalls.java:214)
	at org.apache.ratis.thirdparty.io.grpc.stub.ClientCalls.blockingUnaryCall(ClientCalls.java:139)
	at org.apache.ratis.proto.grpc.RaftServerProtocolServiceGrpc$RaftServerProtocolServiceBlockingStub.requestVote(RaftServerProtocolServiceGrpc.java:265)
	at org.apache.ratis.grpc.server.GrpcServerProtocolClient.requestVote(GrpcServerProtocolClient.java:99)
	at org.apache.ratis.grpc.server.GrpcService.requestVote(GrpcService.java:204)
	at org.apache.ratis.server.impl.LeaderElection.lambda$submitRequests$1(LeaderElection.java:234)
	at java.util.concurrent.FutureTask.run(FutureTask.java:266)
	at java.util.concurrent.Executors$RunnableAdapter.call(Executors.java:511)
	at java.util.concurrent.FutureTask.run(FutureTask.java:266)
	at java.util.concurrent.ThreadPoolExecutor.runWorker(ThreadPoolExecutor.java:1149)
	at java.util.concurrent.ThreadPoolExecutor$Worker.run(ThreadPoolExecutor.java:624)
	... 1 more
Caused by: org.apache.ratis.thirdparty.io.netty.channel.AbstractChannel$AnnotatedConnectException: Connection refused: /192.168.30.33:44869
	at sun.nio.ch.SocketChannelImpl.checkConnect(Native Method)
	at sun.nio.ch.SocketChannelImpl.finishConnect(SocketChannelImpl.java:717)
	at org.apache.ratis.thirdparty.io.netty.channel.socket.nio.NioSocketChannel.doFinishConnect(NioSocketChannel.java:327)
	at org.apache.ratis.thirdparty.io.netty.channel.nio.AbstractNioChannel$AbstractNioUnsafe.finishConnect(AbstractNioChannel.java:340)
	at org.apache.ratis.thirdparty.io.netty.channel.nio.NioEventLoop.processSelectedKey(NioEventLoop.java:632)
	at org.apache.ratis.thirdparty.io.netty.channel.nio.NioEventLoop.processSelectedKeysOptimized(NioEventLoop.java:579)
	at org.apache.ratis.thirdparty.io.netty.channel.nio.NioEventLoop.processSelectedKeys(NioEventLoop.java:496)
	at org.apache.ratis.thirdparty.io.netty.channel.nio.NioEventLoop.run(NioEventLoop.java:458)
	at org.apache.ratis.thirdparty.io.netty.util.concurrent.SingleThreadEventExecutor$5.run(SingleThreadEventExecutor.java:897)
	at org.apache.ratis.thirdparty.io.netty.util.concurrent.FastThreadLocalRunnable.run(FastThreadLocalRunnable.java:30)
	... 1 more
Caused by: java.net.ConnectException: Connection refused
	... 11 more
2019-10-04 13:47:28,148 [f7391afe-e883-4b58-900a-eef83ef5e847@group-6C24881946A3-LeaderElection249] INFO  impl.LeaderElection (LogUtils.java:infoOrTrace(149)) - f7391afe-e883-4b58-900a-eef83ef5e847@group-6C24881946A3-LeaderElection249 got exception when requesting votes: {}
java.util.concurrent.ExecutionException: org.apache.ratis.thirdparty.io.grpc.StatusRuntimeException: UNAVAILABLE: io exception
	at java.util.concurrent.FutureTask.report(FutureTask.java:122)
	at java.util.concurrent.FutureTask.get(FutureTask.java:192)
	at org.apache.ratis.server.impl.LeaderElection.waitForResults(LeaderElection.java:259)
	at org.apache.ratis.server.impl.LeaderElection.askForVotes(LeaderElection.java:197)
	at org.apache.ratis.server.impl.LeaderElection.run(LeaderElection.java:133)
	at java.lang.Thread.run(Thread.java:748)
Caused by: org.apache.ratis.thirdparty.io.grpc.StatusRuntimeException: UNAVAILABLE: io exception
	at org.apache.ratis.thirdparty.io.grpc.stub.ClientCalls.toStatusRuntimeException(ClientCalls.java:233)
	at org.apache.ratis.thirdparty.io.grpc.stub.ClientCalls.getUnchecked(ClientCalls.java:214)
	at org.apache.ratis.thirdparty.io.grpc.stub.ClientCalls.blockingUnaryCall(ClientCalls.java:139)
	at org.apache.ratis.proto.grpc.RaftServerProtocolServiceGrpc$RaftServerProtocolServiceBlockingStub.requestVote(RaftServerProtocolServiceGrpc.java:265)
	at org.apache.ratis.grpc.server.GrpcServerProtocolClient.requestVote(GrpcServerProtocolClient.java:99)
	at org.apache.ratis.grpc.server.GrpcService.requestVote(GrpcService.java:204)
	at org.apache.ratis.server.impl.LeaderElection.lambda$submitRequests$1(LeaderElection.java:234)
	at java.util.concurrent.FutureTask.run(FutureTask.java:266)
	at java.util.concurrent.Executors$RunnableAdapter.call(Executors.java:511)
	at java.util.concurrent.FutureTask.run(FutureTask.java:266)
	at java.util.concurrent.ThreadPoolExecutor.runWorker(ThreadPoolExecutor.java:1149)
	at java.util.concurrent.ThreadPoolExecutor$Worker.run(ThreadPoolExecutor.java:624)
	... 1 more
Caused by: org.apache.ratis.thirdparty.io.netty.channel.AbstractChannel$AnnotatedConnectException: Connection refused: /192.168.30.33:40495
	at sun.nio.ch.SocketChannelImpl.checkConnect(Native Method)
	at sun.nio.ch.SocketChannelImpl.finishConnect(SocketChannelImpl.java:717)
	at org.apache.ratis.thirdparty.io.netty.channel.socket.nio.NioSocketChannel.doFinishConnect(NioSocketChannel.java:327)
	at org.apache.ratis.thirdparty.io.netty.channel.nio.AbstractNioChannel$AbstractNioUnsafe.finishConnect(AbstractNioChannel.java:340)
	at org.apache.ratis.thirdparty.io.netty.channel.nio.NioEventLoop.processSelectedKey(NioEventLoop.java:632)
	at org.apache.ratis.thirdparty.io.netty.channel.nio.NioEventLoop.processSelectedKeysOptimized(NioEventLoop.java:579)
	at org.apache.ratis.thirdparty.io.netty.channel.nio.NioEventLoop.processSelectedKeys(NioEventLoop.java:496)
	at org.apache.ratis.thirdparty.io.netty.channel.nio.NioEventLoop.run(NioEventLoop.java:458)
	at org.apache.ratis.thirdparty.io.netty.util.concurrent.SingleThreadEventExecutor$5.run(SingleThreadEventExecutor.java:897)
	at org.apache.ratis.thirdparty.io.netty.util.concurrent.FastThreadLocalRunnable.run(FastThreadLocalRunnable.java:30)
	... 1 more
Caused by: java.net.ConnectException: Connection refused
	... 11 more
2019-10-04 13:47:28,148 [f7391afe-e883-4b58-900a-eef83ef5e847@group-6C24881946A3-LeaderElection249] INFO  impl.LeaderElection (LeaderElection.java:logAndReturn(56)) - f7391afe-e883-4b58-900a-eef83ef5e847@group-6C24881946A3-LeaderElection249: Election REJECTED; received 0 response(s) [] and 2 exception(s); f7391afe-e883-4b58-900a-eef83ef5e847@group-6C24881946A3:t15, leader=null, voted=f7391afe-e883-4b58-900a-eef83ef5e847, raftlog=f7391afe-e883-4b58-900a-eef83ef5e847@group-6C24881946A3-SegmentedRaftLog:OPENED:c0,f0,i0, conf=0: [e7c9b6e5-8734-4888-9a82-5562d6bfa950:192.168.30.33:44869, d30cfae4-72b5-4ec1-a6ad-4fabcec0d6f2:192.168.30.33:40495, f7391afe-e883-4b58-900a-eef83ef5e847:192.168.30.33:36496], old=null
2019-10-04 13:47:28,149 [f7391afe-e883-4b58-900a-eef83ef5e847@group-6C24881946A3-LeaderElection249] INFO  impl.LeaderElection (LogUtils.java:infoOrTrace(149)) -   Exception 0: {}
java.util.concurrent.ExecutionException: org.apache.ratis.thirdparty.io.grpc.StatusRuntimeException: UNAVAILABLE: io exception
	at java.util.concurrent.FutureTask.report(FutureTask.java:122)
	at java.util.concurrent.FutureTask.get(FutureTask.java:192)
	at org.apache.ratis.server.impl.LeaderElection.waitForResults(LeaderElection.java:259)
	at org.apache.ratis.server.impl.LeaderElection.askForVotes(LeaderElection.java:197)
	at org.apache.ratis.server.impl.LeaderElection.run(LeaderElection.java:133)
	at java.lang.Thread.run(Thread.java:748)
Caused by: org.apache.ratis.thirdparty.io.grpc.StatusRuntimeException: UNAVAILABLE: io exception
	at org.apache.ratis.thirdparty.io.grpc.stub.ClientCalls.toStatusRuntimeException(ClientCalls.java:233)
	at org.apache.ratis.thirdparty.io.grpc.stub.ClientCalls.getUnchecked(ClientCalls.java:214)
	at org.apache.ratis.thirdparty.io.grpc.stub.ClientCalls.blockingUnaryCall(ClientCalls.java:139)
	at org.apache.ratis.proto.grpc.RaftServerProtocolServiceGrpc$RaftServerProtocolServiceBlockingStub.requestVote(RaftServerProtocolServiceGrpc.java:265)
	at org.apache.ratis.grpc.server.GrpcServerProtocolClient.requestVote(GrpcServerProtocolClient.java:99)
	at org.apache.ratis.grpc.server.GrpcService.requestVote(GrpcService.java:204)
	at org.apache.ratis.server.impl.LeaderElection.lambda$submitRequests$1(LeaderElection.java:234)
	at java.util.concurrent.FutureTask.run(FutureTask.java:266)
	at java.util.concurrent.Executors$RunnableAdapter.call(Executors.java:511)
	at java.util.concurrent.FutureTask.run(FutureTask.java:266)
	at java.util.concurrent.ThreadPoolExecutor.runWorker(ThreadPoolExecutor.java:1149)
	at java.util.concurrent.ThreadPoolExecutor$Worker.run(ThreadPoolExecutor.java:624)
	... 1 more
Caused by: org.apache.ratis.thirdparty.io.netty.channel.AbstractChannel$AnnotatedConnectException: Connection refused: /192.168.30.33:44869
	at sun.nio.ch.SocketChannelImpl.checkConnect(Native Method)
	at sun.nio.ch.SocketChannelImpl.finishConnect(SocketChannelImpl.java:717)
	at org.apache.ratis.thirdparty.io.netty.channel.socket.nio.NioSocketChannel.doFinishConnect(NioSocketChannel.java:327)
	at org.apache.ratis.thirdparty.io.netty.channel.nio.AbstractNioChannel$AbstractNioUnsafe.finishConnect(AbstractNioChannel.java:340)
	at org.apache.ratis.thirdparty.io.netty.channel.nio.NioEventLoop.processSelectedKey(NioEventLoop.java:632)
	at org.apache.ratis.thirdparty.io.netty.channel.nio.NioEventLoop.processSelectedKeysOptimized(NioEventLoop.java:579)
	at org.apache.ratis.thirdparty.io.netty.channel.nio.NioEventLoop.processSelectedKeys(NioEventLoop.java:496)
	at org.apache.ratis.thirdparty.io.netty.channel.nio.NioEventLoop.run(NioEventLoop.java:458)
	at org.apache.ratis.thirdparty.io.netty.util.concurrent.SingleThreadEventExecutor$5.run(SingleThreadEventExecutor.java:897)
	at org.apache.ratis.thirdparty.io.netty.util.concurrent.FastThreadLocalRunnable.run(FastThreadLocalRunnable.java:30)
	... 1 more
Caused by: java.net.ConnectException: Connection refused
	... 11 more
2019-10-04 13:47:28,149 [f7391afe-e883-4b58-900a-eef83ef5e847@group-6C24881946A3-LeaderElection249] INFO  impl.LeaderElection (LogUtils.java:infoOrTrace(149)) -   Exception 1: {}
java.util.concurrent.ExecutionException: org.apache.ratis.thirdparty.io.grpc.StatusRuntimeException: UNAVAILABLE: io exception
	at java.util.concurrent.FutureTask.report(FutureTask.java:122)
	at java.util.concurrent.FutureTask.get(FutureTask.java:192)
	at org.apache.ratis.server.impl.LeaderElection.waitForResults(LeaderElection.java:259)
	at org.apache.ratis.server.impl.LeaderElection.askForVotes(LeaderElection.java:197)
	at org.apache.ratis.server.impl.LeaderElection.run(LeaderElection.java:133)
	at java.lang.Thread.run(Thread.java:748)
Caused by: org.apache.ratis.thirdparty.io.grpc.StatusRuntimeException: UNAVAILABLE: io exception
	at org.apache.ratis.thirdparty.io.grpc.stub.ClientCalls.toStatusRuntimeException(ClientCalls.java:233)
	at org.apache.ratis.thirdparty.io.grpc.stub.ClientCalls.getUnchecked(ClientCalls.java:214)
	at org.apache.ratis.thirdparty.io.grpc.stub.ClientCalls.blockingUnaryCall(ClientCalls.java:139)
	at org.apache.ratis.proto.grpc.RaftServerProtocolServiceGrpc$RaftServerProtocolServiceBlockingStub.requestVote(RaftServerProtocolServiceGrpc.java:265)
	at org.apache.ratis.grpc.server.GrpcServerProtocolClient.requestVote(GrpcServerProtocolClient.java:99)
	at org.apache.ratis.grpc.server.GrpcService.requestVote(GrpcService.java:204)
	at org.apache.ratis.server.impl.LeaderElection.lambda$submitRequests$1(LeaderElection.java:234)
	at java.util.concurrent.FutureTask.run(FutureTask.java:266)
	at java.util.concurrent.Executors$RunnableAdapter.call(Executors.java:511)
	at java.util.concurrent.FutureTask.run(FutureTask.java:266)
	at java.util.concurrent.ThreadPoolExecutor.runWorker(ThreadPoolExecutor.java:1149)
	at java.util.concurrent.ThreadPoolExecutor$Worker.run(ThreadPoolExecutor.java:624)
	... 1 more
Caused by: org.apache.ratis.thirdparty.io.netty.channel.AbstractChannel$AnnotatedConnectException: Connection refused: /192.168.30.33:40495
	at sun.nio.ch.SocketChannelImpl.checkConnect(Native Method)
	at sun.nio.ch.SocketChannelImpl.finishConnect(SocketChannelImpl.java:717)
	at org.apache.ratis.thirdparty.io.netty.channel.socket.nio.NioSocketChannel.doFinishConnect(NioSocketChannel.java:327)
	at org.apache.ratis.thirdparty.io.netty.channel.nio.AbstractNioChannel$AbstractNioUnsafe.finishConnect(AbstractNioChannel.java:340)
	at org.apache.ratis.thirdparty.io.netty.channel.nio.NioEventLoop.processSelectedKey(NioEventLoop.java:632)
	at org.apache.ratis.thirdparty.io.netty.channel.nio.NioEventLoop.processSelectedKeysOptimized(NioEventLoop.java:579)
	at org.apache.ratis.thirdparty.io.netty.channel.nio.NioEventLoop.processSelectedKeys(NioEventLoop.java:496)
	at org.apache.ratis.thirdparty.io.netty.channel.nio.NioEventLoop.run(NioEventLoop.java:458)
	at org.apache.ratis.thirdparty.io.netty.util.concurrent.SingleThreadEventExecutor$5.run(SingleThreadEventExecutor.java:897)
	at org.apache.ratis.thirdparty.io.netty.util.concurrent.FastThreadLocalRunnable.run(FastThreadLocalRunnable.java:30)
	... 1 more
Caused by: java.net.ConnectException: Connection refused
	... 11 more
2019-10-04 13:47:28,149 [f7391afe-e883-4b58-900a-eef83ef5e847@group-6C24881946A3-LeaderElection249] INFO  impl.RaftServerImpl (RaftServerImpl.java:setRole(170)) - f7391afe-e883-4b58-900a-eef83ef5e847@group-6C24881946A3: changes role from CANDIDATE to FOLLOWER at term 15 for DISCOVERED_A_NEW_TERM
2019-10-04 13:47:28,149 [f7391afe-e883-4b58-900a-eef83ef5e847@group-6C24881946A3-LeaderElection249] INFO  impl.RoleInfo (RoleInfo.java:shutdownLeaderElection(134)) - f7391afe-e883-4b58-900a-eef83ef5e847: shutdown LeaderElection
2019-10-04 13:47:28,150 [f7391afe-e883-4b58-900a-eef83ef5e847@group-6C24881946A3-LeaderElection249] INFO  impl.RoleInfo (RoleInfo.java:updateAndGet(143)) - f7391afe-e883-4b58-900a-eef83ef5e847: start FollowerState
2019-10-04 13:47:28,204 [main] INFO  ozoneimpl.OzoneContainer (OzoneContainer.java:stop(231)) - Attempting to stop container services.
2019-10-04 13:47:28,205 [ForkJoinPool.commonPool-worker-1] INFO  ozoneimpl.OzoneContainer (OzoneContainer.java:stop(231)) - Attempting to stop container services.
2019-10-04 13:47:28,205 [main] INFO  impl.RaftServerProxy (RaftServerProxy.java:lambda$close$4(314)) - f7391afe-e883-4b58-900a-eef83ef5e847: close
2019-10-04 13:47:28,205 [ForkJoinPool.commonPool-worker-1] INFO  impl.RaftServerProxy (RaftServerProxy.java:lambda$close$4(314)) - 4da2f670-0e5c-4bde-934c-3cd05d8a50a4: close
2019-10-04 13:47:28,205 [main] INFO  impl.RaftServerImpl (RaftServerImpl.java:lambda$shutdown$3(247)) - f7391afe-e883-4b58-900a-eef83ef5e847@group-18951069478A: shutdown
2019-10-04 13:47:28,205 [ForkJoinPool.commonPool-worker-1] INFO  impl.RaftServerImpl (RaftServerImpl.java:lambda$shutdown$3(247)) - 4da2f670-0e5c-4bde-934c-3cd05d8a50a4@group-39017AAFEA81: shutdown
2019-10-04 13:47:28,205 [main] INFO  util.JmxRegister (JmxRegister.java:unregister(73)) - Successfully un-registered JMX Bean with object name Ratis:service=RaftServer,group=group-18951069478A,id=f7391afe-e883-4b58-900a-eef83ef5e847
2019-10-04 13:47:28,206 [ForkJoinPool.commonPool-worker-1] INFO  util.JmxRegister (JmxRegister.java:unregister(73)) - Successfully un-registered JMX Bean with object name Ratis:service=RaftServer,group=group-39017AAFEA81,id=4da2f670-0e5c-4bde-934c-3cd05d8a50a4
2019-10-04 13:47:28,206 [main] INFO  impl.RoleInfo (RoleInfo.java:shutdownLeaderState(104)) - f7391afe-e883-4b58-900a-eef83ef5e847: shutdown LeaderState
2019-10-04 13:47:28,206 [ForkJoinPool.commonPool-worker-1] INFO  impl.RoleInfo (RoleInfo.java:shutdownLeaderState(104)) - 4da2f670-0e5c-4bde-934c-3cd05d8a50a4: shutdown LeaderState
2019-10-04 13:47:28,206 [main] INFO  impl.PendingRequests (PendingRequests.java:sendNotLeaderResponses(202)) - f7391afe-e883-4b58-900a-eef83ef5e847@group-18951069478A-PendingRequests: sendNotLeaderResponses
2019-10-04 13:47:28,211 [org.apache.ratis.server.impl.LogAppender$AppenderDaemon$$Lambda$624/558122227@3f4bbe65] WARN  server.GrpcLogAppender (GrpcLogAppender.java:mayWait(143)) - 4da2f670-0e5c-4bde-934c-3cd05d8a50a4@group-39017AAFEA81->abf7bc81-30d5-42c0-a0af-45d0cecf5915-GrpcLogAppender: Wait interrupted by java.lang.InterruptedException
2019-10-04 13:47:28,211 [org.apache.ratis.server.impl.LogAppender$AppenderDaemon$$Lambda$624/558122227@1707c121] WARN  server.GrpcLogAppender (GrpcLogAppender.java:mayWait(143)) - 4da2f670-0e5c-4bde-934c-3cd05d8a50a4@group-39017AAFEA81->a9f2dbb7-43c3-4367-8346-947b48bd4d79-GrpcLogAppender: Wait interrupted by java.lang.InterruptedException
2019-10-04 13:47:28,211 [ForkJoinPool.commonPool-worker-1] INFO  impl.PendingRequests (PendingRequests.java:sendNotLeaderResponses(202)) - 4da2f670-0e5c-4bde-934c-3cd05d8a50a4@group-39017AAFEA81-PendingRequests: sendNotLeaderResponses
2019-10-04 13:47:28,211 [main] INFO  impl.StateMachineUpdater (StateMachineUpdater.java:stopAndJoin(136)) - f7391afe-e883-4b58-900a-eef83ef5e847@group-18951069478A-StateMachineUpdater: set stopIndex = 0
2019-10-04 13:47:28,212 [ForkJoinPool.commonPool-worker-1] INFO  impl.StateMachineUpdater (StateMachineUpdater.java:stopAndJoin(136)) - 4da2f670-0e5c-4bde-934c-3cd05d8a50a4@group-39017AAFEA81-StateMachineUpdater: set stopIndex = 0
2019-10-04 13:47:28,212 [main] INFO  impl.RaftServerImpl (ServerState.java:close(387)) - f7391afe-e883-4b58-900a-eef83ef5e847@group-18951069478A: closes. applyIndex: 0
2019-10-04 13:47:28,213 [ForkJoinPool.commonPool-worker-1] INFO  impl.RaftServerImpl (ServerState.java:close(387)) - 4da2f670-0e5c-4bde-934c-3cd05d8a50a4@group-39017AAFEA81: closes. applyIndex: 0
2019-10-04 13:47:28,213 [f7391afe-e883-4b58-900a-eef83ef5e847@group-18951069478A-SegmentedRaftLogWorker] INFO  segmented.SegmentedRaftLogWorker (SegmentedRaftLogWorker.java:run(316)) - f7391afe-e883-4b58-900a-eef83ef5e847@group-18951069478A-SegmentedRaftLogWorker was interrupted, exiting. There are 0 tasks remaining in the queue.
2019-10-04 13:47:28,213 [4da2f670-0e5c-4bde-934c-3cd05d8a50a4@group-39017AAFEA81-SegmentedRaftLogWorker] INFO  segmented.SegmentedRaftLogWorker (SegmentedRaftLogWorker.java:run(316)) - 4da2f670-0e5c-4bde-934c-3cd05d8a50a4@group-39017AAFEA81-SegmentedRaftLogWorker was interrupted, exiting. There are 0 tasks remaining in the queue.
2019-10-04 13:47:28,213 [main] INFO  segmented.SegmentedRaftLogWorker (SegmentedRaftLogWorker.java:close(224)) - f7391afe-e883-4b58-900a-eef83ef5e847@group-18951069478A-SegmentedRaftLogWorker close()
2019-10-04 13:47:28,214 [ForkJoinPool.commonPool-worker-1] INFO  segmented.SegmentedRaftLogWorker (SegmentedRaftLogWorker.java:close(224)) - 4da2f670-0e5c-4bde-934c-3cd05d8a50a4@group-39017AAFEA81-SegmentedRaftLogWorker close()
2019-10-04 13:47:28,216 [main] INFO  impl.RaftServerImpl (RaftServerImpl.java:lambda$shutdown$3(247)) - f7391afe-e883-4b58-900a-eef83ef5e847@group-6C24881946A3: shutdown
2019-10-04 13:47:28,218 [ForkJoinPool.commonPool-worker-1] INFO  impl.RaftServerImpl (RaftServerImpl.java:lambda$shutdown$3(247)) - 4da2f670-0e5c-4bde-934c-3cd05d8a50a4@group-524DA528E1B4: shutdown
2019-10-04 13:47:28,218 [main] INFO  util.JmxRegister (JmxRegister.java:unregister(73)) - Successfully un-registered JMX Bean with object name Ratis:service=RaftServer,group=group-6C24881946A3,id=f7391afe-e883-4b58-900a-eef83ef5e847
2019-10-04 13:47:28,219 [main] INFO  impl.RoleInfo (RoleInfo.java:shutdownFollowerState(121)) - f7391afe-e883-4b58-900a-eef83ef5e847: shutdown FollowerState
2019-10-04 13:47:28,218 [ForkJoinPool.commonPool-worker-1] INFO  util.JmxRegister (JmxRegister.java:unregister(73)) - Successfully un-registered JMX Bean with object name Ratis:service=RaftServer,group=group-524DA528E1B4,id=4da2f670-0e5c-4bde-934c-3cd05d8a50a4
2019-10-04 13:47:28,219 [Thread-4085] INFO  impl.FollowerState (FollowerState.java:run(117)) - f7391afe-e883-4b58-900a-eef83ef5e847@group-6C24881946A3-FollowerState was interrupted: java.lang.InterruptedException: sleep interrupted
2019-10-04 13:47:28,219 [main] INFO  impl.StateMachineUpdater (StateMachineUpdater.java:stopAndJoin(136)) - f7391afe-e883-4b58-900a-eef83ef5e847@group-6C24881946A3-StateMachineUpdater: set stopIndex = 0
2019-10-04 13:47:28,220 [main] INFO  impl.RaftServerImpl (ServerState.java:close(387)) - f7391afe-e883-4b58-900a-eef83ef5e847@group-6C24881946A3: closes. applyIndex: 0
2019-10-04 13:47:28,219 [ForkJoinPool.commonPool-worker-1] INFO  impl.RoleInfo (RoleInfo.java:shutdownLeaderState(104)) - 4da2f670-0e5c-4bde-934c-3cd05d8a50a4: shutdown LeaderState
2019-10-04 13:47:28,220 [f7391afe-e883-4b58-900a-eef83ef5e847@group-6C24881946A3-SegmentedRaftLogWorker] INFO  segmented.SegmentedRaftLogWorker (SegmentedRaftLogWorker.java:run(316)) - f7391afe-e883-4b58-900a-eef83ef5e847@group-6C24881946A3-SegmentedRaftLogWorker was interrupted, exiting. There are 0 tasks remaining in the queue.
2019-10-04 13:47:28,220 [ForkJoinPool.commonPool-worker-1] INFO  impl.PendingRequests (PendingRequests.java:sendNotLeaderResponses(202)) - 4da2f670-0e5c-4bde-934c-3cd05d8a50a4@group-524DA528E1B4-PendingRequests: sendNotLeaderResponses
2019-10-04 13:47:28,220 [main] INFO  segmented.SegmentedRaftLogWorker (SegmentedRaftLogWorker.java:close(224)) - f7391afe-e883-4b58-900a-eef83ef5e847@group-6C24881946A3-SegmentedRaftLogWorker close()
2019-10-04 13:47:28,221 [ForkJoinPool.commonPool-worker-1] INFO  impl.StateMachineUpdater (StateMachineUpdater.java:stopAndJoin(136)) - 4da2f670-0e5c-4bde-934c-3cd05d8a50a4@group-524DA528E1B4-StateMachineUpdater: set stopIndex = 0
2019-10-04 13:47:28,223 [main] INFO  server.GrpcService (GrpcService.java:closeImpl(164)) - f7391afe-e883-4b58-900a-eef83ef5e847: shutdown server with port 36496 now
2019-10-04 13:47:28,223 [ForkJoinPool.commonPool-worker-1] INFO  impl.RaftServerImpl (ServerState.java:close(387)) - 4da2f670-0e5c-4bde-934c-3cd05d8a50a4@group-524DA528E1B4: closes. applyIndex: 0
2019-10-04 13:47:28,223 [main] INFO  server.GrpcService (GrpcService.java:closeImpl(172)) - f7391afe-e883-4b58-900a-eef83ef5e847: shutdown server with port 36496 successfully
2019-10-04 13:47:28,223 [4da2f670-0e5c-4bde-934c-3cd05d8a50a4@group-524DA528E1B4-SegmentedRaftLogWorker] INFO  segmented.SegmentedRaftLogWorker (SegmentedRaftLogWorker.java:run(316)) - 4da2f670-0e5c-4bde-934c-3cd05d8a50a4@group-524DA528E1B4-SegmentedRaftLogWorker was interrupted, exiting. There are 0 tasks remaining in the queue.
2019-10-04 13:47:28,224 [ForkJoinPool.commonPool-worker-1] INFO  segmented.SegmentedRaftLogWorker (SegmentedRaftLogWorker.java:close(224)) - 4da2f670-0e5c-4bde-934c-3cd05d8a50a4@group-524DA528E1B4-SegmentedRaftLogWorker close()
2019-10-04 13:47:28,226 [ForkJoinPool.commonPool-worker-1] INFO  server.GrpcService (GrpcService.java:closeImpl(164)) - 4da2f670-0e5c-4bde-934c-3cd05d8a50a4: shutdown server with port 45990 now
2019-10-04 13:47:28,227 [ForkJoinPool.commonPool-worker-1] INFO  server.GrpcService (GrpcService.java:closeImpl(172)) - 4da2f670-0e5c-4bde-934c-3cd05d8a50a4: shutdown server with port 45990 successfully
2019-10-04 13:47:28,227 [refreshUsed-/workdir/hadoop-ozone/integration-test/target/test-dir/MiniOzoneClusterImpl-7f8d01bd-209a-4bb2-b348-2961670ba14e/datanode-7/data/containers] WARN  fs.CachingGetSpaceUsed (CachingGetSpaceUsed.java:run(183)) - Thread Interrupted waiting to refresh disk information: sleep interrupted
2019-10-04 13:47:28,230 [refreshUsed-/workdir/hadoop-ozone/integration-test/target/test-dir/MiniOzoneClusterImpl-7f8d01bd-209a-4bb2-b348-2961670ba14e/datanode-1/data/containers] WARN  fs.CachingGetSpaceUsed (CachingGetSpaceUsed.java:run(183)) - Thread Interrupted waiting to refresh disk information: sleep interrupted
2019-10-04 13:47:28,242 [ForkJoinPool.commonPool-worker-1] INFO  utils.BackgroundService (BackgroundService.java:shutdown(148)) - Shutting down service BlockDeletingService
2019-10-04 13:47:28,244 [ForkJoinPool.commonPool-worker-1] INFO  statemachine.DatanodeStateMachine (DatanodeStateMachine.java:stopDaemon(395)) - Ozone container server stopped.
2019-10-04 13:47:28,246 [ForkJoinPool.commonPool-worker-1] INFO  handler.ContextHandler (ContextHandler.java:doStop(910)) - Stopped o.e.j.w.WebAppContext@693f2213{/,null,UNAVAILABLE}{/hddsDatanode}
2019-10-04 13:47:28,247 [ForkJoinPool.commonPool-worker-1] INFO  server.AbstractConnector (AbstractConnector.java:doStop(318)) - Stopped ServerConnector@514377fc{HTTP/1.1,[http/1.1]}{0.0.0.0:0}
2019-10-04 13:47:28,248 [ForkJoinPool.commonPool-worker-1] INFO  handler.ContextHandler (ContextHandler.java:doStop(910)) - Stopped o.e.j.s.ServletContextHandler@440ef8d{/static,jar:file:/home/user/.m2/repository/org/apache/hadoop/hadoop-hdds-container-service/0.5.0-SNAPSHOT/hadoop-hdds-container-service-0.5.0-SNAPSHOT.jar!/webapps/static,UNAVAILABLE}
2019-10-04 13:47:28,248 [main] INFO  utils.BackgroundService (BackgroundService.java:shutdown(148)) - Shutting down service BlockDeletingService
2019-10-04 13:47:28,250 [ForkJoinPool.commonPool-worker-1] INFO  handler.ContextHandler (ContextHandler.java:doStop(910)) - Stopped o.e.j.s.ServletContextHandler@2e362407{/logs,file:///workdir/hadoop-ozone/integration-test/target/log,UNAVAILABLE}
2019-10-04 13:47:28,252 [main] INFO  statemachine.DatanodeStateMachine (DatanodeStateMachine.java:stopDaemon(395)) - Ozone container server stopped.
2019-10-04 13:47:28,252 [main] INFO  handler.ContextHandler (ContextHandler.java:doStop(910)) - Stopped o.e.j.w.WebAppContext@9281d19{/,null,UNAVAILABLE}{/hddsDatanode}
2019-10-04 13:47:28,253 [main] INFO  server.AbstractConnector (AbstractConnector.java:doStop(318)) - Stopped ServerConnector@36ad5f2a{HTTP/1.1,[http/1.1]}{0.0.0.0:0}
2019-10-04 13:47:28,253 [main] INFO  handler.ContextHandler (ContextHandler.java:doStop(910)) - Stopped o.e.j.s.ServletContextHandler@27bcb4ad{/static,jar:file:/home/user/.m2/repository/org/apache/hadoop/hadoop-hdds-container-service/0.5.0-SNAPSHOT/hadoop-hdds-container-service-0.5.0-SNAPSHOT.jar!/webapps/static,UNAVAILABLE}
2019-10-04 13:47:28,254 [main] INFO  handler.ContextHandler (ContextHandler.java:doStop(910)) - Stopped o.e.j.s.ServletContextHandler@1ae924f1{/logs,file:///workdir/hadoop-ozone/integration-test/target/log,UNAVAILABLE}
2019-10-04 13:47:28,254 [main] INFO  ozone.MiniOzoneClusterImpl (MiniOzoneClusterImpl.java:stopSCM(392)) - Stopping the StorageContainerManager
2019-10-04 13:47:28,254 [main] INFO  server.StorageContainerManager (StorageContainerManager.java:stop(808)) - Stopping Replication Manager Service.
2019-10-04 13:47:28,255 [main] INFO  container.ReplicationManager (ReplicationManager.java:stop(203)) - Stopping Replication Monitor Thread.
2019-10-04 13:47:28,255 [main] INFO  server.StorageContainerManager (StorageContainerManager.java:stop(815)) - Stopping Lease Manager of the command watchers
2019-10-04 13:47:28,255 [main] INFO  server.StorageContainerManager (StorageContainerManager.java:stop(822)) - Stopping datanode service RPC server
2019-10-04 13:47:28,255 [main] INFO  server.SCMDatanodeProtocolServer (SCMDatanodeProtocolServer.java:stop(346)) - Stopping the RPC server for DataNodes
2019-10-04 13:47:28,255 [main] INFO  ipc.Server (Server.java:stop(3082)) - Stopping server on 39117
2019-10-04 13:47:28,258 [IPC Server listener on 39117] INFO  ipc.Server (Server.java:run(1185)) - Stopping IPC Server listener on 39117
2019-10-04 13:47:28,258 [IPC Server Responder] INFO  ipc.Server (Server.java:run(1319)) - Stopping IPC Server Responder
2019-10-04 13:47:28,270 [SCM Heartbeat Processing Thread - 0] WARN  node.NodeStateManager (NodeStateManager.java:scheduleNextHealthCheck(646)) - Current Thread is interrupted, shutting down HB processing thread for Node Manager.
2019-10-04 13:47:28,271 [main] INFO  server.StorageContainerManager (StorageContainerManager.java:stop(830)) - Stopping block service RPC server
2019-10-04 13:47:28,271 [main] INFO  server.SCMBlockProtocolServer (SCMBlockProtocolServer.java:stop(155)) - Stopping the RPC server for Block Protocol
2019-10-04 13:47:28,271 [main] INFO  ipc.Server (Server.java:stop(3082)) - Stopping server on 42892
2019-10-04 13:47:28,273 [IPC Server listener on 42892] INFO  ipc.Server (Server.java:run(1185)) - Stopping IPC Server listener on 42892
2019-10-04 13:47:28,273 [main] INFO  server.StorageContainerManager (StorageContainerManager.java:stop(837)) - Stopping the StorageContainerLocationProtocol RPC server
2019-10-04 13:47:28,273 [IPC Server Responder] INFO  ipc.Server (Server.java:run(1319)) - Stopping IPC Server Responder
2019-10-04 13:47:28,274 [main] INFO  server.SCMClientProtocolServer (SCMClientProtocolServer.java:stop(168)) - Stopping the RPC server for Client Protocol
2019-10-04 13:47:28,274 [main] INFO  ipc.Server (Server.java:stop(3082)) - Stopping server on 42557
2019-10-04 13:47:28,277 [main] INFO  server.StorageContainerManager (StorageContainerManager.java:stop(844)) - Stopping Storage Container Manager HTTP server.
2019-10-04 13:47:28,277 [IPC Server listener on 42557] INFO  ipc.Server (Server.java:run(1185)) - Stopping IPC Server listener on 42557
2019-10-04 13:47:28,277 [IPC Server Responder] INFO  ipc.Server (Server.java:run(1319)) - Stopping IPC Server Responder
2019-10-04 13:47:28,277 [main] INFO  handler.ContextHandler (ContextHandler.java:doStop(910)) - Stopped o.e.j.w.WebAppContext@2b0454d2{/,null,UNAVAILABLE}{/scm}
2019-10-04 13:47:28,278 [main] INFO  server.AbstractConnector (AbstractConnector.java:doStop(318)) - Stopped ServerConnector@2616b618{HTTP/1.1,[http/1.1]}{0.0.0.0:0}
2019-10-04 13:47:28,278 [main] INFO  handler.ContextHandler (ContextHandler.java:doStop(910)) - Stopped o.e.j.s.ServletContextHandler@1fe8f5e8{/static,file:///workdir/hadoop-ozone/integration-test/target/test-classes/webapps/static,UNAVAILABLE}
2019-10-04 13:47:28,278 [main] INFO  handler.ContextHandler (ContextHandler.java:doStop(910)) - Stopped o.e.j.s.ServletContextHandler@1ea930eb{/logs,file:///workdir/hadoop-ozone/integration-test/target/log,UNAVAILABLE}
2019-10-04 13:47:28,279 [main] INFO  server.StorageContainerManager (StorageContainerManager.java:stop(855)) - Stopping Block Manager Service.
2019-10-04 13:47:28,279 [main] INFO  utils.BackgroundService (BackgroundService.java:shutdown(148)) - Shutting down service SCMBlockDeletingService
2019-10-04 13:47:28,279 [main] INFO  utils.BackgroundService (BackgroundService.java:shutdown(148)) - Shutting down service SCMBlockDeletingService
2019-10-04 13:47:28,279 [main] INFO  server.StorageContainerManager (StorageContainerManager.java:stop(877)) - Stopping SCM Event Queue.
2019-10-04 13:47:28,282 [main] INFO  impl.MetricsSystemImpl (MetricsSystemImpl.java:stop(210)) - Stopping HddsDatanode metrics system...
2019-10-04 13:47:28,309 [main] INFO  impl.MetricsSystemImpl (MetricsSystemImpl.java:stop(216)) - HddsDatanode metrics system stopped.
]]></system-out>
    <system-err><![CDATA[Oct 04, 2019 1:46:39 PM org.apache.ratis.thirdparty.io.grpc.internal.ManagedChannelOrphanWrapper$ManagedChannelReference cleanQueue
SEVERE: *~*~*~ Channel ManagedChannelImpl{logId=2541, target=192.168.30.33:34136} was not shutdown properly!!! ~*~*~*
    Make sure to call shutdown()/shutdownNow() and wait until awaitTermination() returns true.
java.lang.RuntimeException: ManagedChannel allocation site
	at org.apache.ratis.thirdparty.io.grpc.internal.ManagedChannelOrphanWrapper$ManagedChannelReference.<init>(ManagedChannelOrphanWrapper.java:103)
	at org.apache.ratis.thirdparty.io.grpc.internal.ManagedChannelOrphanWrapper.<init>(ManagedChannelOrphanWrapper.java:53)
	at org.apache.ratis.thirdparty.io.grpc.internal.ManagedChannelOrphanWrapper.<init>(ManagedChannelOrphanWrapper.java:44)
	at org.apache.ratis.thirdparty.io.grpc.internal.AbstractManagedChannelImplBuilder.build(AbstractManagedChannelImplBuilder.java:411)
	at org.apache.hadoop.hdds.scm.XceiverClientGrpc.connectToDatanode(XceiverClientGrpc.java:181)
	at org.apache.hadoop.hdds.scm.XceiverClientGrpc.reconnect(XceiverClientGrpc.java:429)
	at org.apache.hadoop.hdds.scm.XceiverClientGrpc.sendCommandAsync(XceiverClientGrpc.java:378)
	at org.apache.hadoop.hdds.scm.XceiverClientGrpc.sendCommandWithRetry(XceiverClientGrpc.java:291)
	at org.apache.hadoop.hdds.scm.XceiverClientGrpc.sendCommandWithTraceIDAndRetry(XceiverClientGrpc.java:257)
	at org.apache.hadoop.hdds.scm.XceiverClientGrpc.sendCommand(XceiverClientGrpc.java:240)
	at org.apache.hadoop.hdds.scm.storage.ContainerProtocolCalls.getBlock(ContainerProtocolCalls.java:118)
	at org.apache.hadoop.hdds.scm.storage.BlockInputStream.getChunkInfos(BlockInputStream.java:167)
	at org.apache.hadoop.hdds.scm.storage.BlockInputStream.initialize(BlockInputStream.java:118)
	at org.apache.hadoop.hdds.scm.storage.BlockInputStream.read(BlockInputStream.java:222)
	at org.apache.hadoop.ozone.client.io.KeyInputStream.read(KeyInputStream.java:171)
	at org.apache.hadoop.ozone.client.io.OzoneInputStream.read(OzoneInputStream.java:47)
	at java.io.InputStream.read(InputStream.java:101)
	at org.apache.hadoop.ozone.container.ContainerTestHelper.validateData(ContainerTestHelper.java:715)
	at org.apache.hadoop.ozone.client.rpc.TestFailureHandlingByClient.validateData(TestFailureHandlingByClient.java:413)
	at org.apache.hadoop.ozone.client.rpc.TestFailureHandlingByClient.testBlockWritesWithDnFailures(TestFailureHandlingByClient.java:172)
	at sun.reflect.NativeMethodAccessorImpl.invoke0(Native Method)
	at sun.reflect.NativeMethodAccessorImpl.invoke(NativeMethodAccessorImpl.java:62)
	at sun.reflect.DelegatingMethodAccessorImpl.invoke(DelegatingMethodAccessorImpl.java:43)
	at java.lang.reflect.Method.invoke(Method.java:498)
	at org.junit.runners.model.FrameworkMethod$1.runReflectiveCall(FrameworkMethod.java:47)
	at org.junit.internal.runners.model.ReflectiveCallable.run(ReflectiveCallable.java:12)
	at org.junit.runners.model.FrameworkMethod.invokeExplosively(FrameworkMethod.java:44)
	at org.junit.internal.runners.statements.InvokeMethod.evaluate(InvokeMethod.java:17)
	at org.junit.internal.runners.statements.RunAfters.evaluate(RunAfters.java:27)
	at org.junit.runners.ParentRunner.runLeaf(ParentRunner.java:271)
	at org.junit.runners.BlockJUnit4ClassRunner.runChild(BlockJUnit4ClassRunner.java:70)
	at org.junit.runners.BlockJUnit4ClassRunner.runChild(BlockJUnit4ClassRunner.java:50)
	at org.junit.runners.ParentRunner$3.run(ParentRunner.java:238)
	at org.junit.runners.ParentRunner$1.schedule(ParentRunner.java:63)
	at org.junit.runners.ParentRunner.runChildren(ParentRunner.java:236)
	at org.junit.runners.ParentRunner.access$000(ParentRunner.java:53)
	at org.junit.runners.ParentRunner$2.evaluate(ParentRunner.java:229)
	at org.junit.runners.ParentRunner.run(ParentRunner.java:309)
	at org.apache.maven.surefire.junit4.JUnit4Provider.execute(JUnit4Provider.java:365)
	at org.apache.maven.surefire.junit4.JUnit4Provider.executeWithRerun(JUnit4Provider.java:273)
	at org.apache.maven.surefire.junit4.JUnit4Provider.executeTestSet(JUnit4Provider.java:238)
	at org.apache.maven.surefire.junit4.JUnit4Provider.invoke(JUnit4Provider.java:159)
	at org.apache.maven.surefire.booter.ForkedBooter.invokeProviderInSameClassLoader(ForkedBooter.java:384)
	at org.apache.maven.surefire.booter.ForkedBooter.runSuitesInProcess(ForkedBooter.java:345)
	at org.apache.maven.surefire.booter.ForkedBooter.execute(ForkedBooter.java:126)
	at org.apache.maven.surefire.booter.ForkedBooter.main(ForkedBooter.java:418)

Oct 04, 2019 1:46:39 PM org.apache.ratis.thirdparty.io.grpc.internal.ManagedChannelOrphanWrapper$ManagedChannelReference cleanQueue
SEVERE: *~*~*~ Channel ManagedChannelImpl{logId=2546, target=192.168.30.33:46008} was not shutdown properly!!! ~*~*~*
    Make sure to call shutdown()/shutdownNow() and wait until awaitTermination() returns true.
java.lang.RuntimeException: ManagedChannel allocation site
	at org.apache.ratis.thirdparty.io.grpc.internal.ManagedChannelOrphanWrapper$ManagedChannelReference.<init>(ManagedChannelOrphanWrapper.java:103)
	at org.apache.ratis.thirdparty.io.grpc.internal.ManagedChannelOrphanWrapper.<init>(ManagedChannelOrphanWrapper.java:53)
	at org.apache.ratis.thirdparty.io.grpc.internal.ManagedChannelOrphanWrapper.<init>(ManagedChannelOrphanWrapper.java:44)
	at org.apache.ratis.thirdparty.io.grpc.internal.AbstractManagedChannelImplBuilder.build(AbstractManagedChannelImplBuilder.java:411)
	at org.apache.hadoop.hdds.scm.XceiverClientGrpc.connectToDatanode(XceiverClientGrpc.java:181)
	at org.apache.hadoop.hdds.scm.XceiverClientGrpc.reconnect(XceiverClientGrpc.java:429)
	at org.apache.hadoop.hdds.scm.XceiverClientGrpc.sendCommandAsync(XceiverClientGrpc.java:378)
	at org.apache.hadoop.hdds.scm.XceiverClientGrpc.sendCommandWithRetry(XceiverClientGrpc.java:291)
	at org.apache.hadoop.hdds.scm.XceiverClientGrpc.sendCommandWithTraceIDAndRetry(XceiverClientGrpc.java:257)
	at org.apache.hadoop.hdds.scm.XceiverClientGrpc.sendCommand(XceiverClientGrpc.java:240)
	at org.apache.hadoop.hdds.scm.storage.ContainerProtocolCalls.readChunk(ContainerProtocolCalls.java:245)
	at org.apache.hadoop.hdds.scm.storage.ChunkInputStream.readChunk(ChunkInputStream.java:335)
	at org.apache.hadoop.hdds.scm.storage.ChunkInputStream.readChunkFromContainer(ChunkInputStream.java:307)
	at org.apache.hadoop.hdds.scm.storage.ChunkInputStream.prepareRead(ChunkInputStream.java:259)
	at org.apache.hadoop.hdds.scm.storage.ChunkInputStream.read(ChunkInputStream.java:144)
	at org.apache.hadoop.hdds.scm.storage.BlockInputStream.read(BlockInputStream.java:239)
	at org.apache.hadoop.ozone.client.io.KeyInputStream.read(KeyInputStream.java:171)
	at org.apache.hadoop.ozone.client.io.OzoneInputStream.read(OzoneInputStream.java:47)
	at java.io.InputStream.read(InputStream.java:101)
	at org.apache.hadoop.ozone.container.ContainerTestHelper.validateData(ContainerTestHelper.java:715)
	at org.apache.hadoop.ozone.client.rpc.TestFailureHandlingByClient.validateData(TestFailureHandlingByClient.java:413)
	at org.apache.hadoop.ozone.client.rpc.TestFailureHandlingByClient.testBlockWritesWithDnFailures(TestFailureHandlingByClient.java:172)
	at sun.reflect.NativeMethodAccessorImpl.invoke0(Native Method)
	at sun.reflect.NativeMethodAccessorImpl.invoke(NativeMethodAccessorImpl.java:62)
	at sun.reflect.DelegatingMethodAccessorImpl.invoke(DelegatingMethodAccessorImpl.java:43)
	at java.lang.reflect.Method.invoke(Method.java:498)
	at org.junit.runners.model.FrameworkMethod$1.runReflectiveCall(FrameworkMethod.java:47)
	at org.junit.internal.runners.model.ReflectiveCallable.run(ReflectiveCallable.java:12)
	at org.junit.runners.model.FrameworkMethod.invokeExplosively(FrameworkMethod.java:44)
	at org.junit.internal.runners.statements.InvokeMethod.evaluate(InvokeMethod.java:17)
	at org.junit.internal.runners.statements.RunAfters.evaluate(RunAfters.java:27)
	at org.junit.runners.ParentRunner.runLeaf(ParentRunner.java:271)
	at org.junit.runners.BlockJUnit4ClassRunner.runChild(BlockJUnit4ClassRunner.java:70)
	at org.junit.runners.BlockJUnit4ClassRunner.runChild(BlockJUnit4ClassRunner.java:50)
	at org.junit.runners.ParentRunner$3.run(ParentRunner.java:238)
	at org.junit.runners.ParentRunner$1.schedule(ParentRunner.java:63)
	at org.junit.runners.ParentRunner.runChildren(ParentRunner.java:236)
	at org.junit.runners.ParentRunner.access$000(ParentRunner.java:53)
	at org.junit.runners.ParentRunner$2.evaluate(ParentRunner.java:229)
	at org.junit.runners.ParentRunner.run(ParentRunner.java:309)
	at org.apache.maven.surefire.junit4.JUnit4Provider.execute(JUnit4Provider.java:365)
	at org.apache.maven.surefire.junit4.JUnit4Provider.executeWithRerun(JUnit4Provider.java:273)
	at org.apache.maven.surefire.junit4.JUnit4Provider.executeTestSet(JUnit4Provider.java:238)
	at org.apache.maven.surefire.junit4.JUnit4Provider.invoke(JUnit4Provider.java:159)
	at org.apache.maven.surefire.booter.ForkedBooter.invokeProviderInSameClassLoader(ForkedBooter.java:384)
	at org.apache.maven.surefire.booter.ForkedBooter.runSuitesInProcess(ForkedBooter.java:345)
	at org.apache.maven.surefire.booter.ForkedBooter.execute(ForkedBooter.java:126)
	at org.apache.maven.surefire.booter.ForkedBooter.main(ForkedBooter.java:418)

Oct 04, 2019 1:46:39 PM org.apache.ratis.thirdparty.io.grpc.internal.ManagedChannelOrphanWrapper$ManagedChannelReference cleanQueue
SEVERE: *~*~*~ Channel ManagedChannelImpl{logId=2555, target=192.168.30.33:41832} was not shutdown properly!!! ~*~*~*
    Make sure to call shutdown()/shutdownNow() and wait until awaitTermination() returns true.
java.lang.RuntimeException: ManagedChannel allocation site
	at org.apache.ratis.thirdparty.io.grpc.internal.ManagedChannelOrphanWrapper$ManagedChannelReference.<init>(ManagedChannelOrphanWrapper.java:103)
	at org.apache.ratis.thirdparty.io.grpc.internal.ManagedChannelOrphanWrapper.<init>(ManagedChannelOrphanWrapper.java:53)
	at org.apache.ratis.thirdparty.io.grpc.internal.ManagedChannelOrphanWrapper.<init>(ManagedChannelOrphanWrapper.java:44)
	at org.apache.ratis.thirdparty.io.grpc.internal.AbstractManagedChannelImplBuilder.build(AbstractManagedChannelImplBuilder.java:411)
	at org.apache.hadoop.hdds.scm.XceiverClientGrpc.connectToDatanode(XceiverClientGrpc.java:181)
	at org.apache.hadoop.hdds.scm.XceiverClientGrpc.reconnect(XceiverClientGrpc.java:429)
	at org.apache.hadoop.hdds.scm.XceiverClientGrpc.sendCommandAsync(XceiverClientGrpc.java:378)
	at org.apache.hadoop.hdds.scm.XceiverClientGrpc.sendCommandWithRetry(XceiverClientGrpc.java:291)
	at org.apache.hadoop.hdds.scm.XceiverClientGrpc.sendCommandWithTraceIDAndRetry(XceiverClientGrpc.java:257)
	at org.apache.hadoop.hdds.scm.XceiverClientGrpc.sendCommand(XceiverClientGrpc.java:240)
	at org.apache.hadoop.hdds.scm.storage.ContainerProtocolCalls.readChunk(ContainerProtocolCalls.java:245)
	at org.apache.hadoop.hdds.scm.storage.ChunkInputStream.readChunk(ChunkInputStream.java:335)
	at org.apache.hadoop.hdds.scm.storage.ChunkInputStream.readChunkFromContainer(ChunkInputStream.java:307)
	at org.apache.hadoop.hdds.scm.storage.ChunkInputStream.prepareRead(ChunkInputStream.java:259)
	at org.apache.hadoop.hdds.scm.storage.ChunkInputStream.read(ChunkInputStream.java:144)
	at org.apache.hadoop.hdds.scm.storage.BlockInputStream.read(BlockInputStream.java:239)
	at org.apache.hadoop.ozone.client.io.KeyInputStream.read(KeyInputStream.java:171)
	at org.apache.hadoop.ozone.client.io.OzoneInputStream.read(OzoneInputStream.java:47)
	at java.io.InputStream.read(InputStream.java:101)
	at org.apache.hadoop.ozone.container.ContainerTestHelper.validateData(ContainerTestHelper.java:715)
	at org.apache.hadoop.ozone.client.rpc.TestFailureHandlingByClient.validateData(TestFailureHandlingByClient.java:413)
	at org.apache.hadoop.ozone.client.rpc.TestFailureHandlingByClient.testBlockWritesWithDnFailures(TestFailureHandlingByClient.java:172)
	at sun.reflect.NativeMethodAccessorImpl.invoke0(Native Method)
	at sun.reflect.NativeMethodAccessorImpl.invoke(NativeMethodAccessorImpl.java:62)
	at sun.reflect.DelegatingMethodAccessorImpl.invoke(DelegatingMethodAccessorImpl.java:43)
	at java.lang.reflect.Method.invoke(Method.java:498)
	at org.junit.runners.model.FrameworkMethod$1.runReflectiveCall(FrameworkMethod.java:47)
	at org.junit.internal.runners.model.ReflectiveCallable.run(ReflectiveCallable.java:12)
	at org.junit.runners.model.FrameworkMethod.invokeExplosively(FrameworkMethod.java:44)
	at org.junit.internal.runners.statements.InvokeMethod.evaluate(InvokeMethod.java:17)
	at org.junit.internal.runners.statements.RunAfters.evaluate(RunAfters.java:27)
	at org.junit.runners.ParentRunner.runLeaf(ParentRunner.java:271)
	at org.junit.runners.BlockJUnit4ClassRunner.runChild(BlockJUnit4ClassRunner.java:70)
	at org.junit.runners.BlockJUnit4ClassRunner.runChild(BlockJUnit4ClassRunner.java:50)
	at org.junit.runners.ParentRunner$3.run(ParentRunner.java:238)
	at org.junit.runners.ParentRunner$1.schedule(ParentRunner.java:63)
	at org.junit.runners.ParentRunner.runChildren(ParentRunner.java:236)
	at org.junit.runners.ParentRunner.access$000(ParentRunner.java:53)
	at org.junit.runners.ParentRunner$2.evaluate(ParentRunner.java:229)
	at org.junit.runners.ParentRunner.run(ParentRunner.java:309)
	at org.apache.maven.surefire.junit4.JUnit4Provider.execute(JUnit4Provider.java:365)
	at org.apache.maven.surefire.junit4.JUnit4Provider.executeWithRerun(JUnit4Provider.java:273)
	at org.apache.maven.surefire.junit4.JUnit4Provider.executeTestSet(JUnit4Provider.java:238)
	at org.apache.maven.surefire.junit4.JUnit4Provider.invoke(JUnit4Provider.java:159)
	at org.apache.maven.surefire.booter.ForkedBooter.invokeProviderInSameClassLoader(ForkedBooter.java:384)
	at org.apache.maven.surefire.booter.ForkedBooter.runSuitesInProcess(ForkedBooter.java:345)
	at org.apache.maven.surefire.booter.ForkedBooter.execute(ForkedBooter.java:126)
	at org.apache.maven.surefire.booter.ForkedBooter.main(ForkedBooter.java:418)

Oct 04, 2019 1:46:39 PM org.apache.ratis.thirdparty.io.grpc.internal.ManagedChannelOrphanWrapper$ManagedChannelReference cleanQueue
SEVERE: *~*~*~ Channel ManagedChannelImpl{logId=2532, target=192.168.30.33:40867} was not shutdown properly!!! ~*~*~*
    Make sure to call shutdown()/shutdownNow() and wait until awaitTermination() returns true.
java.lang.RuntimeException: ManagedChannel allocation site
	at org.apache.ratis.thirdparty.io.grpc.internal.ManagedChannelOrphanWrapper$ManagedChannelReference.<init>(ManagedChannelOrphanWrapper.java:103)
	at org.apache.ratis.thirdparty.io.grpc.internal.ManagedChannelOrphanWrapper.<init>(ManagedChannelOrphanWrapper.java:53)
	at org.apache.ratis.thirdparty.io.grpc.internal.ManagedChannelOrphanWrapper.<init>(ManagedChannelOrphanWrapper.java:44)
	at org.apache.ratis.thirdparty.io.grpc.internal.AbstractManagedChannelImplBuilder.build(AbstractManagedChannelImplBuilder.java:411)
	at org.apache.ratis.grpc.client.GrpcClientProtocolClient.<init>(GrpcClientProtocolClient.java:128)
	at org.apache.ratis.grpc.client.GrpcClientRpc.lambda$new$0(GrpcClientRpc.java:55)
	at org.apache.ratis.util.PeerProxyMap$PeerAndProxy.lambda$getProxy$0(PeerProxyMap.java:61)
	at org.apache.ratis.util.LifeCycle.startAndTransition(LifeCycle.java:202)
	at org.apache.ratis.util.PeerProxyMap$PeerAndProxy.getProxy(PeerProxyMap.java:60)
	at org.apache.ratis.util.PeerProxyMap.getProxy(PeerProxyMap.java:108)
	at org.apache.ratis.grpc.client.GrpcClientRpc.sendRequestAsync(GrpcClientRpc.java:66)
	at org.apache.ratis.client.impl.OrderedAsync.sendRequest(OrderedAsync.java:208)
	at org.apache.ratis.client.impl.OrderedAsync.sendRequestWithRetry(OrderedAsync.java:169)
	at org.apache.ratis.util.SlidingWindow$Client.sendOrDelayRequest(SlidingWindow.java:278)
	at org.apache.ratis.util.SlidingWindow$Client.retry(SlidingWindow.java:294)
	at org.apache.ratis.client.impl.OrderedAsync.lambda$scheduleWithTimeout$7(OrderedAsync.java:195)
	at org.apache.ratis.util.TimeoutScheduler.lambda$onTimeout$0(TimeoutScheduler.java:113)
	at org.apache.ratis.util.TimeoutScheduler.lambda$onTimeout$1(TimeoutScheduler.java:133)
	at org.apache.ratis.util.LogUtils.runAndLog(LogUtils.java:50)
	at org.apache.ratis.util.LogUtils$1.run(LogUtils.java:91)
	at java.util.concurrent.Executors$RunnableAdapter.call(Executors.java:511)
	at java.util.concurrent.FutureTask.run(FutureTask.java:266)
	at java.util.concurrent.ScheduledThreadPoolExecutor$ScheduledFutureTask.access$201(ScheduledThreadPoolExecutor.java:180)
	at java.util.concurrent.ScheduledThreadPoolExecutor$ScheduledFutureTask.run(ScheduledThreadPoolExecutor.java:293)
	at java.util.concurrent.ThreadPoolExecutor.runWorker(ThreadPoolExecutor.java:1149)
	at java.util.concurrent.ThreadPoolExecutor$Worker.run(ThreadPoolExecutor.java:624)
	at java.lang.Thread.run(Thread.java:748)

Oct 04, 2019 1:46:39 PM org.apache.ratis.thirdparty.io.grpc.internal.ManagedChannelOrphanWrapper$ManagedChannelReference cleanQueue
SEVERE: *~*~*~ Channel ManagedChannelImpl{logId=2550, target=192.168.30.33:41522} was not shutdown properly!!! ~*~*~*
    Make sure to call shutdown()/shutdownNow() and wait until awaitTermination() returns true.
java.lang.RuntimeException: ManagedChannel allocation site
	at org.apache.ratis.thirdparty.io.grpc.internal.ManagedChannelOrphanWrapper$ManagedChannelReference.<init>(ManagedChannelOrphanWrapper.java:103)
	at org.apache.ratis.thirdparty.io.grpc.internal.ManagedChannelOrphanWrapper.<init>(ManagedChannelOrphanWrapper.java:53)
	at org.apache.ratis.thirdparty.io.grpc.internal.ManagedChannelOrphanWrapper.<init>(ManagedChannelOrphanWrapper.java:44)
	at org.apache.ratis.thirdparty.io.grpc.internal.AbstractManagedChannelImplBuilder.build(AbstractManagedChannelImplBuilder.java:411)
	at org.apache.hadoop.hdds.scm.XceiverClientGrpc.connectToDatanode(XceiverClientGrpc.java:181)
	at org.apache.hadoop.hdds.scm.XceiverClientGrpc.reconnect(XceiverClientGrpc.java:429)
	at org.apache.hadoop.hdds.scm.XceiverClientGrpc.sendCommandAsync(XceiverClientGrpc.java:378)
	at org.apache.hadoop.hdds.scm.XceiverClientGrpc.sendCommandWithRetry(XceiverClientGrpc.java:291)
	at org.apache.hadoop.hdds.scm.XceiverClientGrpc.sendCommandWithTraceIDAndRetry(XceiverClientGrpc.java:257)
	at org.apache.hadoop.hdds.scm.XceiverClientGrpc.sendCommand(XceiverClientGrpc.java:240)
	at org.apache.hadoop.hdds.scm.storage.ContainerProtocolCalls.getBlock(ContainerProtocolCalls.java:118)
	at org.apache.hadoop.hdds.scm.storage.BlockInputStream.getChunkInfos(BlockInputStream.java:167)
	at org.apache.hadoop.hdds.scm.storage.BlockInputStream.initialize(BlockInputStream.java:118)
	at org.apache.hadoop.hdds.scm.storage.BlockInputStream.read(BlockInputStream.java:222)
	at org.apache.hadoop.ozone.client.io.KeyInputStream.read(KeyInputStream.java:171)
	at org.apache.hadoop.ozone.client.io.OzoneInputStream.read(OzoneInputStream.java:47)
	at java.io.InputStream.read(InputStream.java:101)
	at org.apache.hadoop.ozone.container.ContainerTestHelper.validateData(ContainerTestHelper.java:715)
	at org.apache.hadoop.ozone.client.rpc.TestFailureHandlingByClient.validateData(TestFailureHandlingByClient.java:413)
	at org.apache.hadoop.ozone.client.rpc.TestFailureHandlingByClient.testBlockWritesWithDnFailures(TestFailureHandlingByClient.java:172)
	at sun.reflect.NativeMethodAccessorImpl.invoke0(Native Method)
	at sun.reflect.NativeMethodAccessorImpl.invoke(NativeMethodAccessorImpl.java:62)
	at sun.reflect.DelegatingMethodAccessorImpl.invoke(DelegatingMethodAccessorImpl.java:43)
	at java.lang.reflect.Method.invoke(Method.java:498)
	at org.junit.runners.model.FrameworkMethod$1.runReflectiveCall(FrameworkMethod.java:47)
	at org.junit.internal.runners.model.ReflectiveCallable.run(ReflectiveCallable.java:12)
	at org.junit.runners.model.FrameworkMethod.invokeExplosively(FrameworkMethod.java:44)
	at org.junit.internal.runners.statements.InvokeMethod.evaluate(InvokeMethod.java:17)
	at org.junit.internal.runners.statements.RunAfters.evaluate(RunAfters.java:27)
	at org.junit.runners.ParentRunner.runLeaf(ParentRunner.java:271)
	at org.junit.runners.BlockJUnit4ClassRunner.runChild(BlockJUnit4ClassRunner.java:70)
	at org.junit.runners.BlockJUnit4ClassRunner.runChild(BlockJUnit4ClassRunner.java:50)
	at org.junit.runners.ParentRunner$3.run(ParentRunner.java:238)
	at org.junit.runners.ParentRunner$1.schedule(ParentRunner.java:63)
	at org.junit.runners.ParentRunner.runChildren(ParentRunner.java:236)
	at org.junit.runners.ParentRunner.access$000(ParentRunner.java:53)
	at org.junit.runners.ParentRunner$2.evaluate(ParentRunner.java:229)
	at org.junit.runners.ParentRunner.run(ParentRunner.java:309)
	at org.apache.maven.surefire.junit4.JUnit4Provider.execute(JUnit4Provider.java:365)
	at org.apache.maven.surefire.junit4.JUnit4Provider.executeWithRerun(JUnit4Provider.java:273)
	at org.apache.maven.surefire.junit4.JUnit4Provider.executeTestSet(JUnit4Provider.java:238)
	at org.apache.maven.surefire.junit4.JUnit4Provider.invoke(JUnit4Provider.java:159)
	at org.apache.maven.surefire.booter.ForkedBooter.invokeProviderInSameClassLoader(ForkedBooter.java:384)
	at org.apache.maven.surefire.booter.ForkedBooter.runSuitesInProcess(ForkedBooter.java:345)
	at org.apache.maven.surefire.booter.ForkedBooter.execute(ForkedBooter.java:126)
	at org.apache.maven.surefire.booter.ForkedBooter.main(ForkedBooter.java:418)

Oct 04, 2019 1:46:39 PM org.apache.ratis.thirdparty.io.grpc.internal.ManagedChannelOrphanWrapper$ManagedChannelReference cleanQueue
SEVERE: *~*~*~ Channel ManagedChannelImpl{logId=2537, target=192.168.30.33:43141} was not shutdown properly!!! ~*~*~*
    Make sure to call shutdown()/shutdownNow() and wait until awaitTermination() returns true.
java.lang.RuntimeException: ManagedChannel allocation site
	at org.apache.ratis.thirdparty.io.grpc.internal.ManagedChannelOrphanWrapper$ManagedChannelReference.<init>(ManagedChannelOrphanWrapper.java:103)
	at org.apache.ratis.thirdparty.io.grpc.internal.ManagedChannelOrphanWrapper.<init>(ManagedChannelOrphanWrapper.java:53)
	at org.apache.ratis.thirdparty.io.grpc.internal.ManagedChannelOrphanWrapper.<init>(ManagedChannelOrphanWrapper.java:44)
	at org.apache.ratis.thirdparty.io.grpc.internal.AbstractManagedChannelImplBuilder.build(AbstractManagedChannelImplBuilder.java:411)
	at org.apache.hadoop.hdds.scm.XceiverClientGrpc.connectToDatanode(XceiverClientGrpc.java:181)
	at org.apache.hadoop.hdds.scm.XceiverClientGrpc.reconnect(XceiverClientGrpc.java:429)
	at org.apache.hadoop.hdds.scm.XceiverClientGrpc.sendCommandAsync(XceiverClientGrpc.java:378)
	at org.apache.hadoop.hdds.scm.XceiverClientGrpc.sendCommandWithRetry(XceiverClientGrpc.java:291)
	at org.apache.hadoop.hdds.scm.XceiverClientGrpc.sendCommandWithTraceIDAndRetry(XceiverClientGrpc.java:257)
	at org.apache.hadoop.hdds.scm.XceiverClientGrpc.sendCommand(XceiverClientGrpc.java:240)
	at org.apache.hadoop.hdds.scm.storage.ContainerProtocolCalls.getBlock(ContainerProtocolCalls.java:118)
	at org.apache.hadoop.hdds.scm.storage.BlockInputStream.getChunkInfos(BlockInputStream.java:167)
	at org.apache.hadoop.hdds.scm.storage.BlockInputStream.initialize(BlockInputStream.java:118)
	at org.apache.hadoop.hdds.scm.storage.BlockInputStream.read(BlockInputStream.java:222)
	at org.apache.hadoop.ozone.client.io.KeyInputStream.read(KeyInputStream.java:171)
	at org.apache.hadoop.ozone.client.io.OzoneInputStream.read(OzoneInputStream.java:47)
	at java.io.InputStream.read(InputStream.java:101)
	at org.apache.hadoop.ozone.container.ContainerTestHelper.validateData(ContainerTestHelper.java:715)
	at org.apache.hadoop.ozone.client.rpc.TestFailureHandlingByClient.validateData(TestFailureHandlingByClient.java:413)
	at org.apache.hadoop.ozone.client.rpc.TestFailureHandlingByClient.testBlockWritesWithDnFailures(TestFailureHandlingByClient.java:172)
	at sun.reflect.NativeMethodAccessorImpl.invoke0(Native Method)
	at sun.reflect.NativeMethodAccessorImpl.invoke(NativeMethodAccessorImpl.java:62)
	at sun.reflect.DelegatingMethodAccessorImpl.invoke(DelegatingMethodAccessorImpl.java:43)
	at java.lang.reflect.Method.invoke(Method.java:498)
	at org.junit.runners.model.FrameworkMethod$1.runReflectiveCall(FrameworkMethod.java:47)
	at org.junit.internal.runners.model.ReflectiveCallable.run(ReflectiveCallable.java:12)
	at org.junit.runners.model.FrameworkMethod.invokeExplosively(FrameworkMethod.java:44)
	at org.junit.internal.runners.statements.InvokeMethod.evaluate(InvokeMethod.java:17)
	at org.junit.internal.runners.statements.RunAfters.evaluate(RunAfters.java:27)
	at org.junit.runners.ParentRunner.runLeaf(ParentRunner.java:271)
	at org.junit.runners.BlockJUnit4ClassRunner.runChild(BlockJUnit4ClassRunner.java:70)
	at org.junit.runners.BlockJUnit4ClassRunner.runChild(BlockJUnit4ClassRunner.java:50)
	at org.junit.runners.ParentRunner$3.run(ParentRunner.java:238)
	at org.junit.runners.ParentRunner$1.schedule(ParentRunner.java:63)
	at org.junit.runners.ParentRunner.runChildren(ParentRunner.java:236)
	at org.junit.runners.ParentRunner.access$000(ParentRunner.java:53)
	at org.junit.runners.ParentRunner$2.evaluate(ParentRunner.java:229)
	at org.junit.runners.ParentRunner.run(ParentRunner.java:309)
	at org.apache.maven.surefire.junit4.JUnit4Provider.execute(JUnit4Provider.java:365)
	at org.apache.maven.surefire.junit4.JUnit4Provider.executeWithRerun(JUnit4Provider.java:273)
	at org.apache.maven.surefire.junit4.JUnit4Provider.executeTestSet(JUnit4Provider.java:238)
	at org.apache.maven.surefire.junit4.JUnit4Provider.invoke(JUnit4Provider.java:159)
	at org.apache.maven.surefire.booter.ForkedBooter.invokeProviderInSameClassLoader(ForkedBooter.java:384)
	at org.apache.maven.surefire.booter.ForkedBooter.runSuitesInProcess(ForkedBooter.java:345)
	at org.apache.maven.surefire.booter.ForkedBooter.execute(ForkedBooter.java:126)
	at org.apache.maven.surefire.booter.ForkedBooter.main(ForkedBooter.java:418)

Oct 04, 2019 1:47:13 PM org.apache.ratis.thirdparty.io.grpc.internal.SerializingExecutor run
SEVERE: Exception while executing runnable org.apache.ratis.thirdparty.io.grpc.internal.ServerImpl$JumpToApplicationThreadServerStreamListener$1Closed@37e5f6f0
org.apache.ratis.thirdparty.io.grpc.StatusRuntimeException: CANCELLED: call already cancelled
	at org.apache.ratis.thirdparty.io.grpc.Status.asRuntimeException(Status.java:517)
	at org.apache.ratis.thirdparty.io.grpc.stub.ServerCalls$ServerCallStreamObserverImpl.onCompleted(ServerCalls.java:356)
	at org.apache.ratis.grpc.server.GrpcServerProtocolService$ServerRequestStreamObserver.onError(GrpcServerProtocolService.java:121)
	at org.apache.ratis.thirdparty.io.grpc.stub.ServerCalls$StreamingServerCallHandler$StreamingServerCallListener.onCancel(ServerCalls.java:269)
	at org.apache.ratis.thirdparty.io.grpc.internal.ServerCallImpl$ServerStreamListenerImpl.closed(ServerCallImpl.java:293)
	at org.apache.ratis.thirdparty.io.grpc.internal.ServerImpl$JumpToApplicationThreadServerStreamListener$1Closed.runInContext(ServerImpl.java:741)
	at org.apache.ratis.thirdparty.io.grpc.internal.ContextRunnable.run(ContextRunnable.java:37)
	at org.apache.ratis.thirdparty.io.grpc.internal.SerializingExecutor.run(SerializingExecutor.java:123)
	at java.util.concurrent.ThreadPoolExecutor.runWorker(ThreadPoolExecutor.java:1149)
	at java.util.concurrent.ThreadPoolExecutor$Worker.run(ThreadPoolExecutor.java:624)
	at java.lang.Thread.run(Thread.java:748)

Oct 04, 2019 1:47:18 PM org.apache.ratis.thirdparty.io.grpc.internal.SerializingExecutor run
SEVERE: Exception while executing runnable org.apache.ratis.thirdparty.io.grpc.internal.ServerImpl$JumpToApplicationThreadServerStreamListener$1Closed@2f2b50f0
org.apache.ratis.thirdparty.io.grpc.StatusRuntimeException: CANCELLED: call already cancelled
	at org.apache.ratis.thirdparty.io.grpc.Status.asRuntimeException(Status.java:517)
	at org.apache.ratis.thirdparty.io.grpc.stub.ServerCalls$ServerCallStreamObserverImpl.onCompleted(ServerCalls.java:356)
	at org.apache.ratis.grpc.server.GrpcServerProtocolService$ServerRequestStreamObserver.onError(GrpcServerProtocolService.java:121)
	at org.apache.ratis.thirdparty.io.grpc.stub.ServerCalls$StreamingServerCallHandler$StreamingServerCallListener.onCancel(ServerCalls.java:269)
	at org.apache.ratis.thirdparty.io.grpc.internal.ServerCallImpl$ServerStreamListenerImpl.closed(ServerCallImpl.java:293)
	at org.apache.ratis.thirdparty.io.grpc.internal.ServerImpl$JumpToApplicationThreadServerStreamListener$1Closed.runInContext(ServerImpl.java:741)
	at org.apache.ratis.thirdparty.io.grpc.internal.ContextRunnable.run(ContextRunnable.java:37)
	at org.apache.ratis.thirdparty.io.grpc.internal.SerializingExecutor.run(SerializingExecutor.java:123)
	at java.util.concurrent.ThreadPoolExecutor.runWorker(ThreadPoolExecutor.java:1149)
	at java.util.concurrent.ThreadPoolExecutor$Worker.run(ThreadPoolExecutor.java:624)
	at java.lang.Thread.run(Thread.java:748)

Oct 04, 2019 1:47:23 PM org.apache.ratis.thirdparty.io.grpc.internal.SerializingExecutor run
SEVERE: Exception while executing runnable org.apache.ratis.thirdparty.io.grpc.internal.ServerImpl$JumpToApplicationThreadServerStreamListener$1Closed@6847cde1
org.apache.ratis.thirdparty.io.grpc.StatusRuntimeException: CANCELLED: call already cancelled
	at org.apache.ratis.thirdparty.io.grpc.Status.asRuntimeException(Status.java:517)
	at org.apache.ratis.thirdparty.io.grpc.stub.ServerCalls$ServerCallStreamObserverImpl.onCompleted(ServerCalls.java:356)
	at org.apache.ratis.grpc.server.GrpcServerProtocolService$ServerRequestStreamObserver.onError(GrpcServerProtocolService.java:121)
	at org.apache.ratis.thirdparty.io.grpc.stub.ServerCalls$StreamingServerCallHandler$StreamingServerCallListener.onCancel(ServerCalls.java:269)
	at org.apache.ratis.thirdparty.io.grpc.internal.ServerCallImpl$ServerStreamListenerImpl.closed(ServerCallImpl.java:293)
	at org.apache.ratis.thirdparty.io.grpc.internal.ServerImpl$JumpToApplicationThreadServerStreamListener$1Closed.runInContext(ServerImpl.java:741)
	at org.apache.ratis.thirdparty.io.grpc.internal.ContextRunnable.run(ContextRunnable.java:37)
	at org.apache.ratis.thirdparty.io.grpc.internal.SerializingExecutor.run(SerializingExecutor.java:123)
	at java.util.concurrent.ThreadPoolExecutor.runWorker(ThreadPoolExecutor.java:1149)
	at java.util.concurrent.ThreadPoolExecutor$Worker.run(ThreadPoolExecutor.java:624)
	at java.lang.Thread.run(Thread.java:748)

]]></system-err>
  </testcase>
</testsuite>