<?xml version="1.0" encoding="UTF-8"?>
<testsuite xmlns:xsi="http://www.w3.org/2001/XMLSchema-instance" xsi:noNamespaceSchemaLocation="https://maven.apache.org/surefire/maven-surefire-plugin/xsd/surefire-test-report.xsd" name="org.apache.hadoop.ozone.client.rpc.Test2WayCommitInRatis" time="36.992" tests="1" errors="1" skipped="0" failures="0">
  <properties>
    <property name="awt.toolkit" value="sun.awt.X11.XToolkit"/>
    <property name="file.encoding.pkg" value="sun.io"/>
    <property name="java.specification.version" value="1.8"/>
    <property name="sun.cpu.isalist" value=""/>
    <property name="sun.jnu.encoding" value="UTF-8"/>
    <property name="java.class.path" value="/workdir/hadoop-ozone/integration-test/target/test-classes:/workdir/hadoop-ozone/integration-test/target/classes:/home/user/.m2/repository/org/apache/hadoop/hadoop-ozone-common/0.5.0-SNAPSHOT/hadoop-ozone-common-0.5.0-SNAPSHOT.jar:/home/user/.m2/repository/org/apache/commons/commons-compress/1.4.1/commons-compress-1.4.1.jar:/home/user/.m2/repository/org/tukaani/xz/1.0/xz-1.0.jar:/home/user/.m2/repository/org/apache/hadoop/hadoop-common/3.2.0/hadoop-common-3.2.0.jar:/home/user/.m2/repository/org/apache/hadoop/hadoop-hdfs/3.2.0/hadoop-hdfs-3.2.0.jar:/home/user/.m2/repository/org/apache/hadoop/hadoop-hdfs-client/3.2.0/hadoop-hdfs-client-3.2.0.jar:/home/user/.m2/repository/com/fasterxml/jackson/core/jackson-annotations/2.9.9/jackson-annotations-2.9.9.jar:/home/user/.m2/repository/org/apache/hadoop/hadoop-hdds-common/0.5.0-SNAPSHOT/hadoop-hdds-common-0.5.0-SNAPSHOT.jar:/home/user/.m2/repository/javax/annotation/javax.annotation-api/1.2/javax.annotation-api-1.2.jar:/home/user/.m2/repository/org/apache/ratis/ratis-server/0.5.0-201fc85-SNAPSHOT/ratis-server-0.5.0-201fc85-SNAPSHOT.jar:/home/user/.m2/repository/org/apache/ratis/ratis-thirdparty-misc/0.2.0/ratis-thirdparty-misc-0.2.0.jar:/home/user/.m2/repository/org/apache/ratis/ratis-proto/0.5.0-201fc85-SNAPSHOT/ratis-proto-0.5.0-201fc85-SNAPSHOT.jar:/home/user/.m2/repository/org/apache/ratis/ratis-common/0.5.0-201fc85-SNAPSHOT/ratis-common-0.5.0-201fc85-SNAPSHOT.jar:/home/user/.m2/repository/org/apache/ratis/ratis-client/0.5.0-201fc85-SNAPSHOT/ratis-client-0.5.0-201fc85-SNAPSHOT.jar:/home/user/.m2/repository/org/apache/ratis/ratis-metrics/0.5.0-201fc85-SNAPSHOT/ratis-metrics-0.5.0-201fc85-SNAPSHOT.jar:/home/user/.m2/repository/com/github/joshelser/dropwizard-metrics-hadoop-metrics2-reporter/0.1.2/dropwizard-metrics-hadoop-metrics2-reporter-0.1.2.jar:/home/user/.m2/repository/io/dropwizard/metrics/metrics-jvm/3.2.5/metrics-jvm-3.2.5.jar:/home/user/.m2/repository/io/dropwizard/metrics/metrics-ganglia/3.2.5/metrics-ganglia-3.2.5.jar:/home/user/.m2/repository/info/ganglia/gmetric4j/gmetric4j/1.0.7/gmetric4j-1.0.7.jar:/home/user/.m2/repository/org/apache/ratis/ratis-netty/0.5.0-201fc85-SNAPSHOT/ratis-netty-0.5.0-201fc85-SNAPSHOT.jar:/home/user/.m2/repository/org/apache/ratis/ratis-grpc/0.5.0-201fc85-SNAPSHOT/ratis-grpc-0.5.0-201fc85-SNAPSHOT.jar:/home/user/.m2/repository/org/rocksdb/rocksdbjni/6.0.1/rocksdbjni-6.0.1.jar:/home/user/.m2/repository/org/apache/logging/log4j/log4j-api/2.11.0/log4j-api-2.11.0.jar:/home/user/.m2/repository/org/apache/logging/log4j/log4j-core/2.11.0/log4j-core-2.11.0.jar:/home/user/.m2/repository/com/lmax/disruptor/3.4.2/disruptor-3.4.2.jar:/home/user/.m2/repository/org/apache/commons/commons-pool2/2.6.0/commons-pool2-2.6.0.jar:/home/user/.m2/repository/org/bouncycastle/bcpkix-jdk15on/1.60/bcpkix-jdk15on-1.60.jar:/home/user/.m2/repository/commons-validator/commons-validator/1.6/commons-validator-1.6.jar:/home/user/.m2/repository/commons-digester/commons-digester/1.8.1/commons-digester-1.8.1.jar:/home/user/.m2/repository/io/jaegertracing/jaeger-client/0.34.0/jaeger-client-0.34.0.jar:/home/user/.m2/repository/io/jaegertracing/jaeger-thrift/0.34.0/jaeger-thrift-0.34.0.jar:/home/user/.m2/repository/org/apache/thrift/libthrift/0.12.0/libthrift-0.12.0.jar:/home/user/.m2/repository/com/squareup/okhttp3/okhttp/3.9.0/okhttp-3.9.0.jar:/home/user/.m2/repository/com/squareup/okio/okio/1.13.0/okio-1.13.0.jar:/home/user/.m2/repository/io/jaegertracing/jaeger-core/0.34.0/jaeger-core-0.34.0.jar:/home/user/.m2/repository/io/jaegertracing/jaeger-tracerresolver/0.34.0/jaeger-tracerresolver-0.34.0.jar:/home/user/.m2/repository/io/opentracing/contrib/opentracing-tracerresolver/0.1.5/opentracing-tracerresolver-0.1.5.jar:/home/user/.m2/repository/io/opentracing/opentracing-util/0.31.0/opentracing-util-0.31.0.jar:/home/user/.m2/repository/io/opentracing/opentracing-api/0.31.0/opentracing-api-0.31.0.jar:/home/user/.m2/repository/io/opentracing/opentracing-noop/0.31.0/opentracing-noop-0.31.0.jar:/home/user/.m2/repository/org/apache/hadoop/hadoop-hdds-server-framework/0.5.0-SNAPSHOT/hadoop-hdds-server-framework-0.5.0-SNAPSHOT.jar:/home/user/.m2/repository/org/apache/hadoop/hadoop-hdds-container-service/0.5.0-SNAPSHOT/hadoop-hdds-container-service-0.5.0-SNAPSHOT.jar:/home/user/.m2/repository/org/apache/hadoop/hadoop-hdds-client/0.5.0-SNAPSHOT/hadoop-hdds-client-0.5.0-SNAPSHOT.jar:/home/user/.m2/repository/org/apache/hadoop/hadoop-hdds-tools/0.5.0-SNAPSHOT/hadoop-hdds-tools-0.5.0-SNAPSHOT.jar:/home/user/.m2/repository/org/apache/hadoop/hadoop-hdds-server-scm/0.5.0-SNAPSHOT/hadoop-hdds-server-scm-0.5.0-SNAPSHOT.jar:/home/user/.m2/repository/org/apache/hadoop/hadoop-hdds-docs/0.5.0-SNAPSHOT/hadoop-hdds-docs-0.5.0-SNAPSHOT.jar:/home/user/.m2/repository/io/dropwizard/metrics/metrics-core/3.2.4/metrics-core-3.2.4.jar:/home/user/.m2/repository/org/hamcrest/hamcrest-all/1.3/hamcrest-all-1.3.jar:/home/user/.m2/repository/org/bouncycastle/bcprov-jdk15on/1.60/bcprov-jdk15on-1.60.jar:/home/user/.m2/repository/info/picocli/picocli/3.9.6/picocli-3.9.6.jar:/home/user/.m2/repository/com/google/protobuf/protobuf-java/2.5.0/protobuf-java-2.5.0.jar:/home/user/.m2/repository/com/google/guava/guava/11.0.2/guava-11.0.2.jar:/home/user/.m2/repository/org/apache/hadoop/hadoop-ozone-ozone-manager/0.5.0-SNAPSHOT/hadoop-ozone-ozone-manager-0.5.0-SNAPSHOT.jar:/home/user/.m2/repository/org/apache/hadoop/hadoop-minikdc/3.2.0/hadoop-minikdc-3.2.0.jar:/home/user/.m2/repository/commons-io/commons-io/2.5/commons-io-2.5.jar:/home/user/.m2/repository/org/apache/kerby/kerb-simplekdc/1.0.1/kerb-simplekdc-1.0.1.jar:/home/user/.m2/repository/org/apache/kerby/kerb-client/1.0.1/kerb-client-1.0.1.jar:/home/user/.m2/repository/org/apache/kerby/kerby-config/1.0.1/kerby-config-1.0.1.jar:/home/user/.m2/repository/org/apache/kerby/kerb-core/1.0.1/kerb-core-1.0.1.jar:/home/user/.m2/repository/org/apache/kerby/kerby-pkix/1.0.1/kerby-pkix-1.0.1.jar:/home/user/.m2/repository/org/apache/kerby/kerby-asn1/1.0.1/kerby-asn1-1.0.1.jar:/home/user/.m2/repository/org/apache/kerby/kerby-util/1.0.1/kerby-util-1.0.1.jar:/home/user/.m2/repository/org/apache/kerby/kerb-common/1.0.1/kerb-common-1.0.1.jar:/home/user/.m2/repository/org/apache/kerby/kerb-crypto/1.0.1/kerb-crypto-1.0.1.jar:/home/user/.m2/repository/org/apache/kerby/kerb-util/1.0.1/kerb-util-1.0.1.jar:/home/user/.m2/repository/org/apache/kerby/token-provider/1.0.1/token-provider-1.0.1.jar:/home/user/.m2/repository/org/apache/kerby/kerb-admin/1.0.1/kerb-admin-1.0.1.jar:/home/user/.m2/repository/org/apache/kerby/kerb-server/1.0.1/kerb-server-1.0.1.jar:/home/user/.m2/repository/org/apache/kerby/kerb-identity/1.0.1/kerb-identity-1.0.1.jar:/home/user/.m2/repository/org/apache/kerby/kerby-xdr/1.0.1/kerby-xdr-1.0.1.jar:/home/user/.m2/repository/org/slf4j/slf4j-log4j12/1.7.25/slf4j-log4j12-1.7.25.jar:/home/user/.m2/repository/org/apache/hadoop/hadoop-ozone-s3gateway/0.5.0-SNAPSHOT/hadoop-ozone-s3gateway-0.5.0-SNAPSHOT.jar:/home/user/.m2/repository/org/jboss/weld/servlet/weld-servlet/2.4.7.Final/weld-servlet-2.4.7.Final.jar:/home/user/.m2/repository/org/glassfish/jersey/containers/jersey-container-servlet-core/2.27/jersey-container-servlet-core-2.27.jar:/home/user/.m2/repository/org/glassfish/hk2/external/javax.inject/2.5.0-b42/javax.inject-2.5.0-b42.jar:/home/user/.m2/repository/org/glassfish/jersey/core/jersey-common/2.27/jersey-common-2.27.jar:/home/user/.m2/repository/org/glassfish/hk2/osgi-resource-locator/1.0.1/osgi-resource-locator-1.0.1.jar:/home/user/.m2/repository/javax/ws/rs/javax.ws.rs-api/2.1/javax.ws.rs-api-2.1.jar:/home/user/.m2/repository/org/glassfish/jersey/ext/cdi/jersey-cdi1x/2.27/jersey-cdi1x-2.27.jar:/home/user/.m2/repository/org/glassfish/jersey/inject/jersey-hk2/2.27/jersey-hk2-2.27.jar:/home/user/.m2/repository/org/glassfish/hk2/hk2-locator/2.5.0-b42/hk2-locator-2.5.0-b42.jar:/home/user/.m2/repository/org/javassist/javassist/3.22.0-CR2/javassist-3.22.0-CR2.jar:/home/user/.m2/repository/org/glassfish/hk2/hk2-api/2.5.0/hk2-api-2.5.0.jar:/home/user/.m2/repository/org/glassfish/hk2/external/jakarta.inject/2.5.0/jakarta.inject-2.5.0.jar:/home/user/.m2/repository/org/glassfish/hk2/hk2-utils/2.5.0/hk2-utils-2.5.0.jar:/home/user/.m2/repository/jakarta/annotation/jakarta.annotation-api/1.3.4/jakarta.annotation-api-1.3.4.jar:/home/user/.m2/repository/org/glassfish/hk2/external/aopalliance-repackaged/2.5.0/aopalliance-repackaged-2.5.0.jar:/home/user/.m2/repository/com/fasterxml/jackson/dataformat/jackson-dataformat-xml/2.9.0/jackson-dataformat-xml-2.9.0.jar:/home/user/.m2/repository/com/fasterxml/jackson/core/jackson-core/2.9.9/jackson-core-2.9.9.jar:/home/user/.m2/repository/com/fasterxml/jackson/module/jackson-module-jaxb-annotations/2.9.9/jackson-module-jaxb-annotations-2.9.9.jar:/home/user/.m2/repository/javax/enterprise/cdi-api/1.2/cdi-api-1.2.jar:/home/user/.m2/repository/javax/el/javax.el-api/3.0.0/javax.el-api-3.0.0.jar:/home/user/.m2/repository/javax/interceptor/javax.interceptor-api/1.2/javax.interceptor-api-1.2.jar:/home/user/.m2/repository/javax/inject/javax.inject/1/javax.inject-1.jar:/home/user/.m2/repository/com/sun/xml/bind/jaxb-impl/2.3.0.1/jaxb-impl-2.3.0.1.jar:/home/user/.m2/repository/com/sun/xml/bind/jaxb-core/2.3.0.1/jaxb-core-2.3.0.1.jar:/home/user/.m2/repository/javax/xml/bind/jaxb-api/2.3.0/jaxb-api-2.3.0.jar:/home/user/.m2/repository/javax/activation/activation/1.1.1/activation-1.1.1.jar:/home/user/.m2/repository/org/apache/hadoop/hadoop-ozone-csi/0.5.0-SNAPSHOT/hadoop-ozone-csi-0.5.0-SNAPSHOT.jar:/home/user/.m2/repository/com/google/protobuf/protobuf-java-util/3.5.1/protobuf-java-util-3.5.1.jar:/home/user/.m2/repository/org/apache/hadoop/hadoop-hdds-config/0.5.0-SNAPSHOT/hadoop-hdds-config-0.5.0-SNAPSHOT.jar:/home/user/.m2/repository/io/grpc/grpc-netty/1.17.1/grpc-netty-1.17.1.jar:/home/user/.m2/repository/io/grpc/grpc-core/1.17.1/grpc-core-1.17.1.jar:/home/user/.m2/repository/io/grpc/grpc-context/1.17.1/grpc-context-1.17.1.jar:/home/user/.m2/repository/com/google/errorprone/error_prone_annotations/2.2.0/error_prone_annotations-2.2.0.jar:/home/user/.m2/repository/org/codehaus/mojo/animal-sniffer-annotations/1.17/animal-sniffer-annotations-1.17.jar:/home/user/.m2/repository/io/opencensus/opencensus-api/0.17.0/opencensus-api-0.17.0.jar:/home/user/.m2/repository/io/opencensus/opencensus-contrib-grpc-metrics/0.17.0/opencensus-contrib-grpc-metrics-0.17.0.jar:/home/user/.m2/repository/io/netty/netty-codec-http2/4.1.30.Final/netty-codec-http2-4.1.30.Final.jar:/home/user/.m2/repository/io/netty/netty-codec-http/4.1.30.Final/netty-codec-http-4.1.30.Final.jar:/home/user/.m2/repository/io/netty/netty-codec/4.1.30.Final/netty-codec-4.1.30.Final.jar:/home/user/.m2/repository/io/netty/netty-handler/4.1.30.Final/netty-handler-4.1.30.Final.jar:/home/user/.m2/repository/io/netty/netty-handler-proxy/4.1.30.Final/netty-handler-proxy-4.1.30.Final.jar:/home/user/.m2/repository/io/netty/netty-codec-socks/4.1.30.Final/netty-codec-socks-4.1.30.Final.jar:/home/user/.m2/repository/io/netty/netty-transport-native-epoll/4.1.30.Final/netty-transport-native-epoll-4.1.30.Final.jar:/home/user/.m2/repository/io/netty/netty-common/4.1.30.Final/netty-common-4.1.30.Final.jar:/home/user/.m2/repository/io/netty/netty-buffer/4.1.30.Final/netty-buffer-4.1.30.Final.jar:/home/user/.m2/repository/io/netty/netty-transport/4.1.30.Final/netty-transport-4.1.30.Final.jar:/home/user/.m2/repository/io/netty/netty-resolver/4.1.30.Final/netty-resolver-4.1.30.Final.jar:/home/user/.m2/repository/io/netty/netty-transport-native-unix-common/4.1.30.Final/netty-transport-native-unix-common-4.1.30.Final.jar:/home/user/.m2/repository/io/grpc/grpc-protobuf/1.17.1/grpc-protobuf-1.17.1.jar:/home/user/.m2/repository/com/google/api/grpc/proto-google-common-protos/1.0.0/proto-google-common-protos-1.0.0.jar:/home/user/.m2/repository/io/grpc/grpc-protobuf-lite/1.17.1/grpc-protobuf-lite-1.17.1.jar:/home/user/.m2/repository/io/grpc/grpc-stub/1.17.1/grpc-stub-1.17.1.jar:/home/user/.m2/repository/org/apache/hadoop/hadoop-ozone-recon/0.5.0-SNAPSHOT/hadoop-ozone-recon-0.5.0-SNAPSHOT.jar:/home/user/.m2/repository/org/apache/hadoop/hadoop-ozone-reconcodegen/0.5.0-SNAPSHOT/hadoop-ozone-reconcodegen-0.5.0-SNAPSHOT.jar:/home/user/.m2/repository/com/google/inject/extensions/guice-multibindings/4.0/guice-multibindings-4.0.jar:/home/user/.m2/repository/com/google/inject/guice/4.0/guice-4.0.jar:/home/user/.m2/repository/aopalliance/aopalliance/1.0/aopalliance-1.0.jar:/home/user/.m2/repository/com/google/inject/extensions/guice-servlet/4.0/guice-servlet-4.0.jar:/home/user/.m2/repository/org/glassfish/jersey/containers/jersey-container-servlet/2.27/jersey-container-servlet-2.27.jar:/home/user/.m2/repository/org/glassfish/hk2/guice-bridge/2.5.0/guice-bridge-2.5.0.jar:/home/user/.m2/repository/org/glassfish/jersey/core/jersey-server/2.27/jersey-server-2.27.jar:/home/user/.m2/repository/org/glassfish/jersey/core/jersey-client/2.27/jersey-client-2.27.jar:/home/user/.m2/repository/org/glassfish/jersey/media/jersey-media-jaxb/2.27/jersey-media-jaxb-2.27.jar:/home/user/.m2/repository/javax/validation/validation-api/1.1.0.Final/validation-api-1.1.0.Final.jar:/home/user/.m2/repository/org/glassfish/jersey/media/jersey-media-json-jackson/2.27/jersey-media-json-jackson-2.27.jar:/home/user/.m2/repository/org/glassfish/jersey/ext/jersey-entity-filtering/2.27/jersey-entity-filtering-2.27.jar:/home/user/.m2/repository/com/google/inject/extensions/guice-assistedinject/4.0/guice-assistedinject-4.0.jar:/home/user/.m2/repository/org/jooq/jooq/3.11.10/jooq-3.11.10.jar:/home/user/.m2/repository/org/jooq/jooq-meta/3.11.10/jooq-meta-3.11.10.jar:/home/user/.m2/repository/org/jooq/jooq-codegen/3.11.10/jooq-codegen-3.11.10.jar:/home/user/.m2/repository/com/jolbox/bonecp/0.8.0.RELEASE/bonecp-0.8.0.RELEASE.jar:/home/user/.m2/repository/org/xerial/sqlite-jdbc/3.25.2/sqlite-jdbc-3.25.2.jar:/home/user/.m2/repository/org/springframework/spring-jdbc/5.1.3.RELEASE/spring-jdbc-5.1.3.RELEASE.jar:/home/user/.m2/repository/org/springframework/spring-beans/5.1.3.RELEASE/spring-beans-5.1.3.RELEASE.jar:/home/user/.m2/repository/org/springframework/spring-core/5.1.3.RELEASE/spring-core-5.1.3.RELEASE.jar:/home/user/.m2/repository/org/springframework/spring-jcl/5.1.3.RELEASE/spring-jcl-5.1.3.RELEASE.jar:/home/user/.m2/repository/org/springframework/spring-tx/5.1.3.RELEASE/spring-tx-5.1.3.RELEASE.jar:/home/user/.m2/repository/org/apache/hadoop/hadoop-ozone-client/0.5.0-SNAPSHOT/hadoop-ozone-client-0.5.0-SNAPSHOT.jar:/home/user/.m2/repository/commons-lang/commons-lang/2.6/commons-lang-2.6.jar:/home/user/.m2/repository/org/apache/hadoop/hadoop-ozone-ozone-manager/0.5.0-SNAPSHOT/hadoop-ozone-ozone-manager-0.5.0-SNAPSHOT-tests.jar:/home/user/.m2/repository/junit/junit/4.11/junit-4.11.jar:/home/user/.m2/repository/org/hamcrest/hamcrest-core/1.3/hamcrest-core-1.3.jar:/home/user/.m2/repository/org/openjdk/jmh/jmh-core/1.19/jmh-core-1.19.jar:/home/user/.m2/repository/net/sf/jopt-simple/jopt-simple/4.6/jopt-simple-4.6.jar:/home/user/.m2/repository/org/apache/commons/commons-math3/3.1.1/commons-math3-3.1.1.jar:/home/user/.m2/repository/org/openjdk/jmh/jmh-generator-annprocess/1.19/jmh-generator-annprocess-1.19.jar:/home/user/.m2/repository/org/mockito/mockito-all/1.8.5/mockito-all-1.8.5.jar:/home/user/.m2/repository/org/apache/hadoop/hadoop-kms/3.2.0/hadoop-kms-3.2.0.jar:/home/user/.m2/repository/org/apache/hadoop/hadoop-auth/3.2.0/hadoop-auth-3.2.0.jar:/home/user/.m2/repository/com/nimbusds/nimbus-jose-jwt/4.41.1/nimbus-jose-jwt-4.41.1.jar:/home/user/.m2/repository/com/github/stephenc/jcip/jcip-annotations/1.0-1/jcip-annotations-1.0-1.jar:/home/user/.m2/repository/net/minidev/json-smart/2.3/json-smart-2.3.jar:/home/user/.m2/repository/net/minidev/accessors-smart/1.2/accessors-smart-1.2.jar:/home/user/.m2/repository/org/ow2/asm/asm/5.0.4/asm-5.0.4.jar:/home/user/.m2/repository/org/apache/curator/curator-framework/2.12.0/curator-framework-2.12.0.jar:/home/user/.m2/repository/com/sun/jersey/jersey-core/1.19/jersey-core-1.19.jar:/home/user/.m2/repository/javax/ws/rs/jsr311-api/1.1.1/jsr311-api-1.1.1.jar:/home/user/.m2/repository/com/sun/jersey/jersey-server/1.19/jersey-server-1.19.jar:/home/user/.m2/repository/javax/servlet/javax.servlet-api/3.1.0/javax.servlet-api-3.1.0.jar:/home/user/.m2/repository/org/eclipse/jetty/jetty-server/9.3.25.v20180904/jetty-server-9.3.25.v20180904.jar:/home/user/.m2/repository/org/eclipse/jetty/jetty-http/9.3.25.v20180904/jetty-http-9.3.25.v20180904.jar:/home/user/.m2/repository/org/eclipse/jetty/jetty-io/9.3.25.v20180904/jetty-io-9.3.25.v20180904.jar:/home/user/.m2/repository/org/eclipse/jetty/jetty-webapp/9.3.25.v20180904/jetty-webapp-9.3.25.v20180904.jar:/home/user/.m2/repository/org/eclipse/jetty/jetty-xml/9.3.25.v20180904/jetty-xml-9.3.25.v20180904.jar:/home/user/.m2/repository/log4j/log4j/1.2.17/log4j-1.2.17.jar:/home/user/.m2/repository/org/slf4j/slf4j-api/1.7.25/slf4j-api-1.7.25.jar:/home/user/.m2/repository/org/slf4j/jul-to-slf4j/1.7.25/jul-to-slf4j-1.7.25.jar:/home/user/.m2/repository/org/eclipse/jetty/jetty-util/9.3.25.v20180904/jetty-util-9.3.25.v20180904.jar:/home/user/.m2/repository/com/fasterxml/jackson/core/jackson-databind/2.9.9/jackson-databind-2.9.9.jar:/home/user/.m2/repository/org/apache/hadoop/hadoop-kms/3.2.0/hadoop-kms-3.2.0-tests.jar:/home/user/.m2/repository/org/apache/hadoop/hadoop-hdds-server-scm/0.5.0-SNAPSHOT/hadoop-hdds-server-scm-0.5.0-SNAPSHOT-tests.jar:/home/user/.m2/repository/org/apache/hadoop/hadoop-hdds-container-service/0.5.0-SNAPSHOT/hadoop-hdds-container-service-0.5.0-SNAPSHOT-tests.jar:/home/user/.m2/repository/org/yaml/snakeyaml/1.16/snakeyaml-1.16.jar:/home/user/.m2/repository/org/apache/hadoop/hadoop-common/3.2.0/hadoop-common-3.2.0-tests.jar:/home/user/.m2/repository/org/apache/hadoop/hadoop-annotations/3.2.0/hadoop-annotations-3.2.0.jar:/usr/lib/jvm/java-1.8-openjdk/jre/../lib/tools.jar:/home/user/.m2/repository/commons-cli/commons-cli/1.2/commons-cli-1.2.jar:/home/user/.m2/repository/org/apache/httpcomponents/httpclient/4.5.2/httpclient-4.5.2.jar:/home/user/.m2/repository/org/apache/httpcomponents/httpcore/4.4.4/httpcore-4.4.4.jar:/home/user/.m2/repository/commons-codec/commons-codec/1.11/commons-codec-1.11.jar:/home/user/.m2/repository/commons-net/commons-net/3.6/commons-net-3.6.jar:/home/user/.m2/repository/commons-collections/commons-collections/3.2.2/commons-collections-3.2.2.jar:/home/user/.m2/repository/org/eclipse/jetty/jetty-servlet/9.3.25.v20180904/jetty-servlet-9.3.25.v20180904.jar:/home/user/.m2/repository/org/eclipse/jetty/jetty-security/9.3.25.v20180904/jetty-security-9.3.25.v20180904.jar:/home/user/.m2/repository/javax/servlet/jsp/jsp-api/2.1/jsp-api-2.1.jar:/home/user/.m2/repository/com/sun/jersey/jersey-servlet/1.19/jersey-servlet-1.19.jar:/home/user/.m2/repository/com/sun/jersey/jersey-json/1.19/jersey-json-1.19.jar:/home/user/.m2/repository/org/codehaus/jettison/jettison/1.1/jettison-1.1.jar:/home/user/.m2/repository/org/codehaus/jackson/jackson-core-asl/1.9.13/jackson-core-asl-1.9.13.jar:/home/user/.m2/repository/org/codehaus/jackson/jackson-mapper-asl/1.9.13/jackson-mapper-asl-1.9.13.jar:/home/user/.m2/repository/org/codehaus/jackson/jackson-jaxrs/1.9.13/jackson-jaxrs-1.9.13.jar:/home/user/.m2/repository/org/codehaus/jackson/jackson-xc/1.9.13/jackson-xc-1.9.13.jar:/home/user/.m2/repository/commons-logging/commons-logging/1.1.3/commons-logging-1.1.3.jar:/home/user/.m2/repository/commons-beanutils/commons-beanutils/1.9.4/commons-beanutils-1.9.4.jar:/home/user/.m2/repository/org/apache/commons/commons-configuration2/2.1.1/commons-configuration2-2.1.1.jar:/home/user/.m2/repository/org/apache/commons/commons-lang3/3.7/commons-lang3-3.7.jar:/home/user/.m2/repository/org/apache/commons/commons-text/1.4/commons-text-1.4.jar:/home/user/.m2/repository/org/apache/avro/avro/1.7.7/avro-1.7.7.jar:/home/user/.m2/repository/com/thoughtworks/paranamer/paranamer/2.3/paranamer-2.3.jar:/home/user/.m2/repository/org/xerial/snappy/snappy-java/1.0.5/snappy-java-1.0.5.jar:/home/user/.m2/repository/com/google/re2j/re2j/1.1/re2j-1.1.jar:/home/user/.m2/repository/com/google/code/gson/gson/2.2.4/gson-2.2.4.jar:/home/user/.m2/repository/com/jcraft/jsch/0.1.54/jsch-0.1.54.jar:/home/user/.m2/repository/org/apache/curator/curator-client/2.12.0/curator-client-2.12.0.jar:/home/user/.m2/repository/org/apache/curator/curator-recipes/2.12.0/curator-recipes-2.12.0.jar:/home/user/.m2/repository/com/google/code/findbugs/jsr305/3.0.0/jsr305-3.0.0.jar:/home/user/.m2/repository/org/apache/htrace/htrace-core4/4.1.0-incubating/htrace-core4-4.1.0-incubating.jar:/home/user/.m2/repository/org/apache/zookeeper/zookeeper/3.4.13/zookeeper-3.4.13.jar:/home/user/.m2/repository/jline/jline/0.9.94/jline-0.9.94.jar:/home/user/.m2/repository/org/apache/yetus/audience-annotations/0.5.0/audience-annotations-0.5.0.jar:/home/user/.m2/repository/org/codehaus/woodstox/stax2-api/3.1.4/stax2-api-3.1.4.jar:/home/user/.m2/repository/com/fasterxml/woodstox/woodstox-core/5.0.3/woodstox-core-5.0.3.jar:/home/user/.m2/repository/dnsjava/dnsjava/2.1.7/dnsjava-2.1.7.jar:/home/user/.m2/repository/org/apache/hadoop/hadoop-hdfs/3.2.0/hadoop-hdfs-3.2.0-tests.jar:/home/user/.m2/repository/org/eclipse/jetty/jetty-util-ajax/9.3.25.v20180904/jetty-util-ajax-9.3.25.v20180904.jar:/home/user/.m2/repository/commons-daemon/commons-daemon/1.0.13/commons-daemon-1.0.13.jar:/home/user/.m2/repository/io/netty/netty/3.10.5.Final/netty-3.10.5.Final.jar:/home/user/.m2/repository/io/netty/netty-all/4.0.52.Final/netty-all-4.0.52.Final.jar:/home/user/.m2/repository/org/fusesource/leveldbjni/leveldbjni-all/1.8/leveldbjni-all-1.8.jar:"/>
    <property name="java.vm.vendor" value="IcedTea"/>
    <property name="sun.arch.data.model" value="64"/>
    <property name="test.build.dir" value="/workdir/hadoop-ozone/integration-test/target/test-dir"/>
    <property name="test.cache.data" value=""/>
    <property name="java.vendor.url" value="https://icedtea.classpath.org"/>
    <property name="user.timezone" value=""/>
    <property name="java.vm.specification.version" value="1.8"/>
    <property name="os.name" value="Linux"/>
    <property name="test.build.data" value="/workdir/hadoop-ozone/integration-test/target/test-dir"/>
    <property name="user.country" value="US"/>
    <property name="sun.java.launcher" value="SUN_STANDARD"/>
    <property name="sun.boot.library.path" value="/usr/lib/jvm/java-1.8-openjdk/jre/lib/amd64"/>
    <property name="sun.java.command" value="/workdir/hadoop-ozone/integration-test/target/surefire/surefirebooter7492680878809031593.jar /workdir/hadoop-ozone/integration-test/target/surefire 2019-10-04T13-03-01_302-jvmRun1 surefire7543962380468852371tmp surefire_506099276452748370920tmp"/>
    <property name="test" value="!TestMiniChaosOzoneCluster"/>
    <property name="surefire.test.class.path" value="/workdir/hadoop-ozone/integration-test/target/test-classes:/workdir/hadoop-ozone/integration-test/target/classes:/home/user/.m2/repository/org/apache/hadoop/hadoop-ozone-common/0.5.0-SNAPSHOT/hadoop-ozone-common-0.5.0-SNAPSHOT.jar:/home/user/.m2/repository/org/apache/commons/commons-compress/1.4.1/commons-compress-1.4.1.jar:/home/user/.m2/repository/org/tukaani/xz/1.0/xz-1.0.jar:/home/user/.m2/repository/org/apache/hadoop/hadoop-common/3.2.0/hadoop-common-3.2.0.jar:/home/user/.m2/repository/org/apache/hadoop/hadoop-hdfs/3.2.0/hadoop-hdfs-3.2.0.jar:/home/user/.m2/repository/org/apache/hadoop/hadoop-hdfs-client/3.2.0/hadoop-hdfs-client-3.2.0.jar:/home/user/.m2/repository/com/fasterxml/jackson/core/jackson-annotations/2.9.9/jackson-annotations-2.9.9.jar:/home/user/.m2/repository/org/apache/hadoop/hadoop-hdds-common/0.5.0-SNAPSHOT/hadoop-hdds-common-0.5.0-SNAPSHOT.jar:/home/user/.m2/repository/javax/annotation/javax.annotation-api/1.2/javax.annotation-api-1.2.jar:/home/user/.m2/repository/org/apache/ratis/ratis-server/0.5.0-201fc85-SNAPSHOT/ratis-server-0.5.0-201fc85-SNAPSHOT.jar:/home/user/.m2/repository/org/apache/ratis/ratis-thirdparty-misc/0.2.0/ratis-thirdparty-misc-0.2.0.jar:/home/user/.m2/repository/org/apache/ratis/ratis-proto/0.5.0-201fc85-SNAPSHOT/ratis-proto-0.5.0-201fc85-SNAPSHOT.jar:/home/user/.m2/repository/org/apache/ratis/ratis-common/0.5.0-201fc85-SNAPSHOT/ratis-common-0.5.0-201fc85-SNAPSHOT.jar:/home/user/.m2/repository/org/apache/ratis/ratis-client/0.5.0-201fc85-SNAPSHOT/ratis-client-0.5.0-201fc85-SNAPSHOT.jar:/home/user/.m2/repository/org/apache/ratis/ratis-metrics/0.5.0-201fc85-SNAPSHOT/ratis-metrics-0.5.0-201fc85-SNAPSHOT.jar:/home/user/.m2/repository/com/github/joshelser/dropwizard-metrics-hadoop-metrics2-reporter/0.1.2/dropwizard-metrics-hadoop-metrics2-reporter-0.1.2.jar:/home/user/.m2/repository/io/dropwizard/metrics/metrics-jvm/3.2.5/metrics-jvm-3.2.5.jar:/home/user/.m2/repository/io/dropwizard/metrics/metrics-ganglia/3.2.5/metrics-ganglia-3.2.5.jar:/home/user/.m2/repository/info/ganglia/gmetric4j/gmetric4j/1.0.7/gmetric4j-1.0.7.jar:/home/user/.m2/repository/org/apache/ratis/ratis-netty/0.5.0-201fc85-SNAPSHOT/ratis-netty-0.5.0-201fc85-SNAPSHOT.jar:/home/user/.m2/repository/org/apache/ratis/ratis-grpc/0.5.0-201fc85-SNAPSHOT/ratis-grpc-0.5.0-201fc85-SNAPSHOT.jar:/home/user/.m2/repository/org/rocksdb/rocksdbjni/6.0.1/rocksdbjni-6.0.1.jar:/home/user/.m2/repository/org/apache/logging/log4j/log4j-api/2.11.0/log4j-api-2.11.0.jar:/home/user/.m2/repository/org/apache/logging/log4j/log4j-core/2.11.0/log4j-core-2.11.0.jar:/home/user/.m2/repository/com/lmax/disruptor/3.4.2/disruptor-3.4.2.jar:/home/user/.m2/repository/org/apache/commons/commons-pool2/2.6.0/commons-pool2-2.6.0.jar:/home/user/.m2/repository/org/bouncycastle/bcpkix-jdk15on/1.60/bcpkix-jdk15on-1.60.jar:/home/user/.m2/repository/commons-validator/commons-validator/1.6/commons-validator-1.6.jar:/home/user/.m2/repository/commons-digester/commons-digester/1.8.1/commons-digester-1.8.1.jar:/home/user/.m2/repository/io/jaegertracing/jaeger-client/0.34.0/jaeger-client-0.34.0.jar:/home/user/.m2/repository/io/jaegertracing/jaeger-thrift/0.34.0/jaeger-thrift-0.34.0.jar:/home/user/.m2/repository/org/apache/thrift/libthrift/0.12.0/libthrift-0.12.0.jar:/home/user/.m2/repository/com/squareup/okhttp3/okhttp/3.9.0/okhttp-3.9.0.jar:/home/user/.m2/repository/com/squareup/okio/okio/1.13.0/okio-1.13.0.jar:/home/user/.m2/repository/io/jaegertracing/jaeger-core/0.34.0/jaeger-core-0.34.0.jar:/home/user/.m2/repository/io/jaegertracing/jaeger-tracerresolver/0.34.0/jaeger-tracerresolver-0.34.0.jar:/home/user/.m2/repository/io/opentracing/contrib/opentracing-tracerresolver/0.1.5/opentracing-tracerresolver-0.1.5.jar:/home/user/.m2/repository/io/opentracing/opentracing-util/0.31.0/opentracing-util-0.31.0.jar:/home/user/.m2/repository/io/opentracing/opentracing-api/0.31.0/opentracing-api-0.31.0.jar:/home/user/.m2/repository/io/opentracing/opentracing-noop/0.31.0/opentracing-noop-0.31.0.jar:/home/user/.m2/repository/org/apache/hadoop/hadoop-hdds-server-framework/0.5.0-SNAPSHOT/hadoop-hdds-server-framework-0.5.0-SNAPSHOT.jar:/home/user/.m2/repository/org/apache/hadoop/hadoop-hdds-container-service/0.5.0-SNAPSHOT/hadoop-hdds-container-service-0.5.0-SNAPSHOT.jar:/home/user/.m2/repository/org/apache/hadoop/hadoop-hdds-client/0.5.0-SNAPSHOT/hadoop-hdds-client-0.5.0-SNAPSHOT.jar:/home/user/.m2/repository/org/apache/hadoop/hadoop-hdds-tools/0.5.0-SNAPSHOT/hadoop-hdds-tools-0.5.0-SNAPSHOT.jar:/home/user/.m2/repository/org/apache/hadoop/hadoop-hdds-server-scm/0.5.0-SNAPSHOT/hadoop-hdds-server-scm-0.5.0-SNAPSHOT.jar:/home/user/.m2/repository/org/apache/hadoop/hadoop-hdds-docs/0.5.0-SNAPSHOT/hadoop-hdds-docs-0.5.0-SNAPSHOT.jar:/home/user/.m2/repository/io/dropwizard/metrics/metrics-core/3.2.4/metrics-core-3.2.4.jar:/home/user/.m2/repository/org/hamcrest/hamcrest-all/1.3/hamcrest-all-1.3.jar:/home/user/.m2/repository/org/bouncycastle/bcprov-jdk15on/1.60/bcprov-jdk15on-1.60.jar:/home/user/.m2/repository/info/picocli/picocli/3.9.6/picocli-3.9.6.jar:/home/user/.m2/repository/com/google/protobuf/protobuf-java/2.5.0/protobuf-java-2.5.0.jar:/home/user/.m2/repository/com/google/guava/guava/11.0.2/guava-11.0.2.jar:/home/user/.m2/repository/org/apache/hadoop/hadoop-ozone-ozone-manager/0.5.0-SNAPSHOT/hadoop-ozone-ozone-manager-0.5.0-SNAPSHOT.jar:/home/user/.m2/repository/org/apache/hadoop/hadoop-minikdc/3.2.0/hadoop-minikdc-3.2.0.jar:/home/user/.m2/repository/commons-io/commons-io/2.5/commons-io-2.5.jar:/home/user/.m2/repository/org/apache/kerby/kerb-simplekdc/1.0.1/kerb-simplekdc-1.0.1.jar:/home/user/.m2/repository/org/apache/kerby/kerb-client/1.0.1/kerb-client-1.0.1.jar:/home/user/.m2/repository/org/apache/kerby/kerby-config/1.0.1/kerby-config-1.0.1.jar:/home/user/.m2/repository/org/apache/kerby/kerb-core/1.0.1/kerb-core-1.0.1.jar:/home/user/.m2/repository/org/apache/kerby/kerby-pkix/1.0.1/kerby-pkix-1.0.1.jar:/home/user/.m2/repository/org/apache/kerby/kerby-asn1/1.0.1/kerby-asn1-1.0.1.jar:/home/user/.m2/repository/org/apache/kerby/kerby-util/1.0.1/kerby-util-1.0.1.jar:/home/user/.m2/repository/org/apache/kerby/kerb-common/1.0.1/kerb-common-1.0.1.jar:/home/user/.m2/repository/org/apache/kerby/kerb-crypto/1.0.1/kerb-crypto-1.0.1.jar:/home/user/.m2/repository/org/apache/kerby/kerb-util/1.0.1/kerb-util-1.0.1.jar:/home/user/.m2/repository/org/apache/kerby/token-provider/1.0.1/token-provider-1.0.1.jar:/home/user/.m2/repository/org/apache/kerby/kerb-admin/1.0.1/kerb-admin-1.0.1.jar:/home/user/.m2/repository/org/apache/kerby/kerb-server/1.0.1/kerb-server-1.0.1.jar:/home/user/.m2/repository/org/apache/kerby/kerb-identity/1.0.1/kerb-identity-1.0.1.jar:/home/user/.m2/repository/org/apache/kerby/kerby-xdr/1.0.1/kerby-xdr-1.0.1.jar:/home/user/.m2/repository/org/slf4j/slf4j-log4j12/1.7.25/slf4j-log4j12-1.7.25.jar:/home/user/.m2/repository/org/apache/hadoop/hadoop-ozone-s3gateway/0.5.0-SNAPSHOT/hadoop-ozone-s3gateway-0.5.0-SNAPSHOT.jar:/home/user/.m2/repository/org/jboss/weld/servlet/weld-servlet/2.4.7.Final/weld-servlet-2.4.7.Final.jar:/home/user/.m2/repository/org/glassfish/jersey/containers/jersey-container-servlet-core/2.27/jersey-container-servlet-core-2.27.jar:/home/user/.m2/repository/org/glassfish/hk2/external/javax.inject/2.5.0-b42/javax.inject-2.5.0-b42.jar:/home/user/.m2/repository/org/glassfish/jersey/core/jersey-common/2.27/jersey-common-2.27.jar:/home/user/.m2/repository/org/glassfish/hk2/osgi-resource-locator/1.0.1/osgi-resource-locator-1.0.1.jar:/home/user/.m2/repository/javax/ws/rs/javax.ws.rs-api/2.1/javax.ws.rs-api-2.1.jar:/home/user/.m2/repository/org/glassfish/jersey/ext/cdi/jersey-cdi1x/2.27/jersey-cdi1x-2.27.jar:/home/user/.m2/repository/org/glassfish/jersey/inject/jersey-hk2/2.27/jersey-hk2-2.27.jar:/home/user/.m2/repository/org/glassfish/hk2/hk2-locator/2.5.0-b42/hk2-locator-2.5.0-b42.jar:/home/user/.m2/repository/org/javassist/javassist/3.22.0-CR2/javassist-3.22.0-CR2.jar:/home/user/.m2/repository/org/glassfish/hk2/hk2-api/2.5.0/hk2-api-2.5.0.jar:/home/user/.m2/repository/org/glassfish/hk2/external/jakarta.inject/2.5.0/jakarta.inject-2.5.0.jar:/home/user/.m2/repository/org/glassfish/hk2/hk2-utils/2.5.0/hk2-utils-2.5.0.jar:/home/user/.m2/repository/jakarta/annotation/jakarta.annotation-api/1.3.4/jakarta.annotation-api-1.3.4.jar:/home/user/.m2/repository/org/glassfish/hk2/external/aopalliance-repackaged/2.5.0/aopalliance-repackaged-2.5.0.jar:/home/user/.m2/repository/com/fasterxml/jackson/dataformat/jackson-dataformat-xml/2.9.0/jackson-dataformat-xml-2.9.0.jar:/home/user/.m2/repository/com/fasterxml/jackson/core/jackson-core/2.9.9/jackson-core-2.9.9.jar:/home/user/.m2/repository/com/fasterxml/jackson/module/jackson-module-jaxb-annotations/2.9.9/jackson-module-jaxb-annotations-2.9.9.jar:/home/user/.m2/repository/javax/enterprise/cdi-api/1.2/cdi-api-1.2.jar:/home/user/.m2/repository/javax/el/javax.el-api/3.0.0/javax.el-api-3.0.0.jar:/home/user/.m2/repository/javax/interceptor/javax.interceptor-api/1.2/javax.interceptor-api-1.2.jar:/home/user/.m2/repository/javax/inject/javax.inject/1/javax.inject-1.jar:/home/user/.m2/repository/com/sun/xml/bind/jaxb-impl/2.3.0.1/jaxb-impl-2.3.0.1.jar:/home/user/.m2/repository/com/sun/xml/bind/jaxb-core/2.3.0.1/jaxb-core-2.3.0.1.jar:/home/user/.m2/repository/javax/xml/bind/jaxb-api/2.3.0/jaxb-api-2.3.0.jar:/home/user/.m2/repository/javax/activation/activation/1.1.1/activation-1.1.1.jar:/home/user/.m2/repository/org/apache/hadoop/hadoop-ozone-csi/0.5.0-SNAPSHOT/hadoop-ozone-csi-0.5.0-SNAPSHOT.jar:/home/user/.m2/repository/com/google/protobuf/protobuf-java-util/3.5.1/protobuf-java-util-3.5.1.jar:/home/user/.m2/repository/org/apache/hadoop/hadoop-hdds-config/0.5.0-SNAPSHOT/hadoop-hdds-config-0.5.0-SNAPSHOT.jar:/home/user/.m2/repository/io/grpc/grpc-netty/1.17.1/grpc-netty-1.17.1.jar:/home/user/.m2/repository/io/grpc/grpc-core/1.17.1/grpc-core-1.17.1.jar:/home/user/.m2/repository/io/grpc/grpc-context/1.17.1/grpc-context-1.17.1.jar:/home/user/.m2/repository/com/google/errorprone/error_prone_annotations/2.2.0/error_prone_annotations-2.2.0.jar:/home/user/.m2/repository/org/codehaus/mojo/animal-sniffer-annotations/1.17/animal-sniffer-annotations-1.17.jar:/home/user/.m2/repository/io/opencensus/opencensus-api/0.17.0/opencensus-api-0.17.0.jar:/home/user/.m2/repository/io/opencensus/opencensus-contrib-grpc-metrics/0.17.0/opencensus-contrib-grpc-metrics-0.17.0.jar:/home/user/.m2/repository/io/netty/netty-codec-http2/4.1.30.Final/netty-codec-http2-4.1.30.Final.jar:/home/user/.m2/repository/io/netty/netty-codec-http/4.1.30.Final/netty-codec-http-4.1.30.Final.jar:/home/user/.m2/repository/io/netty/netty-codec/4.1.30.Final/netty-codec-4.1.30.Final.jar:/home/user/.m2/repository/io/netty/netty-handler/4.1.30.Final/netty-handler-4.1.30.Final.jar:/home/user/.m2/repository/io/netty/netty-handler-proxy/4.1.30.Final/netty-handler-proxy-4.1.30.Final.jar:/home/user/.m2/repository/io/netty/netty-codec-socks/4.1.30.Final/netty-codec-socks-4.1.30.Final.jar:/home/user/.m2/repository/io/netty/netty-transport-native-epoll/4.1.30.Final/netty-transport-native-epoll-4.1.30.Final.jar:/home/user/.m2/repository/io/netty/netty-common/4.1.30.Final/netty-common-4.1.30.Final.jar:/home/user/.m2/repository/io/netty/netty-buffer/4.1.30.Final/netty-buffer-4.1.30.Final.jar:/home/user/.m2/repository/io/netty/netty-transport/4.1.30.Final/netty-transport-4.1.30.Final.jar:/home/user/.m2/repository/io/netty/netty-resolver/4.1.30.Final/netty-resolver-4.1.30.Final.jar:/home/user/.m2/repository/io/netty/netty-transport-native-unix-common/4.1.30.Final/netty-transport-native-unix-common-4.1.30.Final.jar:/home/user/.m2/repository/io/grpc/grpc-protobuf/1.17.1/grpc-protobuf-1.17.1.jar:/home/user/.m2/repository/com/google/api/grpc/proto-google-common-protos/1.0.0/proto-google-common-protos-1.0.0.jar:/home/user/.m2/repository/io/grpc/grpc-protobuf-lite/1.17.1/grpc-protobuf-lite-1.17.1.jar:/home/user/.m2/repository/io/grpc/grpc-stub/1.17.1/grpc-stub-1.17.1.jar:/home/user/.m2/repository/org/apache/hadoop/hadoop-ozone-recon/0.5.0-SNAPSHOT/hadoop-ozone-recon-0.5.0-SNAPSHOT.jar:/home/user/.m2/repository/org/apache/hadoop/hadoop-ozone-reconcodegen/0.5.0-SNAPSHOT/hadoop-ozone-reconcodegen-0.5.0-SNAPSHOT.jar:/home/user/.m2/repository/com/google/inject/extensions/guice-multibindings/4.0/guice-multibindings-4.0.jar:/home/user/.m2/repository/com/google/inject/guice/4.0/guice-4.0.jar:/home/user/.m2/repository/aopalliance/aopalliance/1.0/aopalliance-1.0.jar:/home/user/.m2/repository/com/google/inject/extensions/guice-servlet/4.0/guice-servlet-4.0.jar:/home/user/.m2/repository/org/glassfish/jersey/containers/jersey-container-servlet/2.27/jersey-container-servlet-2.27.jar:/home/user/.m2/repository/org/glassfish/hk2/guice-bridge/2.5.0/guice-bridge-2.5.0.jar:/home/user/.m2/repository/org/glassfish/jersey/core/jersey-server/2.27/jersey-server-2.27.jar:/home/user/.m2/repository/org/glassfish/jersey/core/jersey-client/2.27/jersey-client-2.27.jar:/home/user/.m2/repository/org/glassfish/jersey/media/jersey-media-jaxb/2.27/jersey-media-jaxb-2.27.jar:/home/user/.m2/repository/javax/validation/validation-api/1.1.0.Final/validation-api-1.1.0.Final.jar:/home/user/.m2/repository/org/glassfish/jersey/media/jersey-media-json-jackson/2.27/jersey-media-json-jackson-2.27.jar:/home/user/.m2/repository/org/glassfish/jersey/ext/jersey-entity-filtering/2.27/jersey-entity-filtering-2.27.jar:/home/user/.m2/repository/com/google/inject/extensions/guice-assistedinject/4.0/guice-assistedinject-4.0.jar:/home/user/.m2/repository/org/jooq/jooq/3.11.10/jooq-3.11.10.jar:/home/user/.m2/repository/org/jooq/jooq-meta/3.11.10/jooq-meta-3.11.10.jar:/home/user/.m2/repository/org/jooq/jooq-codegen/3.11.10/jooq-codegen-3.11.10.jar:/home/user/.m2/repository/com/jolbox/bonecp/0.8.0.RELEASE/bonecp-0.8.0.RELEASE.jar:/home/user/.m2/repository/org/xerial/sqlite-jdbc/3.25.2/sqlite-jdbc-3.25.2.jar:/home/user/.m2/repository/org/springframework/spring-jdbc/5.1.3.RELEASE/spring-jdbc-5.1.3.RELEASE.jar:/home/user/.m2/repository/org/springframework/spring-beans/5.1.3.RELEASE/spring-beans-5.1.3.RELEASE.jar:/home/user/.m2/repository/org/springframework/spring-core/5.1.3.RELEASE/spring-core-5.1.3.RELEASE.jar:/home/user/.m2/repository/org/springframework/spring-jcl/5.1.3.RELEASE/spring-jcl-5.1.3.RELEASE.jar:/home/user/.m2/repository/org/springframework/spring-tx/5.1.3.RELEASE/spring-tx-5.1.3.RELEASE.jar:/home/user/.m2/repository/org/apache/hadoop/hadoop-ozone-client/0.5.0-SNAPSHOT/hadoop-ozone-client-0.5.0-SNAPSHOT.jar:/home/user/.m2/repository/commons-lang/commons-lang/2.6/commons-lang-2.6.jar:/home/user/.m2/repository/org/apache/hadoop/hadoop-ozone-ozone-manager/0.5.0-SNAPSHOT/hadoop-ozone-ozone-manager-0.5.0-SNAPSHOT-tests.jar:/home/user/.m2/repository/junit/junit/4.11/junit-4.11.jar:/home/user/.m2/repository/org/hamcrest/hamcrest-core/1.3/hamcrest-core-1.3.jar:/home/user/.m2/repository/org/openjdk/jmh/jmh-core/1.19/jmh-core-1.19.jar:/home/user/.m2/repository/net/sf/jopt-simple/jopt-simple/4.6/jopt-simple-4.6.jar:/home/user/.m2/repository/org/apache/commons/commons-math3/3.1.1/commons-math3-3.1.1.jar:/home/user/.m2/repository/org/openjdk/jmh/jmh-generator-annprocess/1.19/jmh-generator-annprocess-1.19.jar:/home/user/.m2/repository/org/mockito/mockito-all/1.8.5/mockito-all-1.8.5.jar:/home/user/.m2/repository/org/apache/hadoop/hadoop-kms/3.2.0/hadoop-kms-3.2.0.jar:/home/user/.m2/repository/org/apache/hadoop/hadoop-auth/3.2.0/hadoop-auth-3.2.0.jar:/home/user/.m2/repository/com/nimbusds/nimbus-jose-jwt/4.41.1/nimbus-jose-jwt-4.41.1.jar:/home/user/.m2/repository/com/github/stephenc/jcip/jcip-annotations/1.0-1/jcip-annotations-1.0-1.jar:/home/user/.m2/repository/net/minidev/json-smart/2.3/json-smart-2.3.jar:/home/user/.m2/repository/net/minidev/accessors-smart/1.2/accessors-smart-1.2.jar:/home/user/.m2/repository/org/ow2/asm/asm/5.0.4/asm-5.0.4.jar:/home/user/.m2/repository/org/apache/curator/curator-framework/2.12.0/curator-framework-2.12.0.jar:/home/user/.m2/repository/com/sun/jersey/jersey-core/1.19/jersey-core-1.19.jar:/home/user/.m2/repository/javax/ws/rs/jsr311-api/1.1.1/jsr311-api-1.1.1.jar:/home/user/.m2/repository/com/sun/jersey/jersey-server/1.19/jersey-server-1.19.jar:/home/user/.m2/repository/javax/servlet/javax.servlet-api/3.1.0/javax.servlet-api-3.1.0.jar:/home/user/.m2/repository/org/eclipse/jetty/jetty-server/9.3.25.v20180904/jetty-server-9.3.25.v20180904.jar:/home/user/.m2/repository/org/eclipse/jetty/jetty-http/9.3.25.v20180904/jetty-http-9.3.25.v20180904.jar:/home/user/.m2/repository/org/eclipse/jetty/jetty-io/9.3.25.v20180904/jetty-io-9.3.25.v20180904.jar:/home/user/.m2/repository/org/eclipse/jetty/jetty-webapp/9.3.25.v20180904/jetty-webapp-9.3.25.v20180904.jar:/home/user/.m2/repository/org/eclipse/jetty/jetty-xml/9.3.25.v20180904/jetty-xml-9.3.25.v20180904.jar:/home/user/.m2/repository/log4j/log4j/1.2.17/log4j-1.2.17.jar:/home/user/.m2/repository/org/slf4j/slf4j-api/1.7.25/slf4j-api-1.7.25.jar:/home/user/.m2/repository/org/slf4j/jul-to-slf4j/1.7.25/jul-to-slf4j-1.7.25.jar:/home/user/.m2/repository/org/eclipse/jetty/jetty-util/9.3.25.v20180904/jetty-util-9.3.25.v20180904.jar:/home/user/.m2/repository/com/fasterxml/jackson/core/jackson-databind/2.9.9/jackson-databind-2.9.9.jar:/home/user/.m2/repository/org/apache/hadoop/hadoop-kms/3.2.0/hadoop-kms-3.2.0-tests.jar:/home/user/.m2/repository/org/apache/hadoop/hadoop-hdds-server-scm/0.5.0-SNAPSHOT/hadoop-hdds-server-scm-0.5.0-SNAPSHOT-tests.jar:/home/user/.m2/repository/org/apache/hadoop/hadoop-hdds-container-service/0.5.0-SNAPSHOT/hadoop-hdds-container-service-0.5.0-SNAPSHOT-tests.jar:/home/user/.m2/repository/org/yaml/snakeyaml/1.16/snakeyaml-1.16.jar:/home/user/.m2/repository/org/apache/hadoop/hadoop-common/3.2.0/hadoop-common-3.2.0-tests.jar:/home/user/.m2/repository/org/apache/hadoop/hadoop-annotations/3.2.0/hadoop-annotations-3.2.0.jar:/usr/lib/jvm/java-1.8-openjdk/jre/../lib/tools.jar:/home/user/.m2/repository/commons-cli/commons-cli/1.2/commons-cli-1.2.jar:/home/user/.m2/repository/org/apache/httpcomponents/httpclient/4.5.2/httpclient-4.5.2.jar:/home/user/.m2/repository/org/apache/httpcomponents/httpcore/4.4.4/httpcore-4.4.4.jar:/home/user/.m2/repository/commons-codec/commons-codec/1.11/commons-codec-1.11.jar:/home/user/.m2/repository/commons-net/commons-net/3.6/commons-net-3.6.jar:/home/user/.m2/repository/commons-collections/commons-collections/3.2.2/commons-collections-3.2.2.jar:/home/user/.m2/repository/org/eclipse/jetty/jetty-servlet/9.3.25.v20180904/jetty-servlet-9.3.25.v20180904.jar:/home/user/.m2/repository/org/eclipse/jetty/jetty-security/9.3.25.v20180904/jetty-security-9.3.25.v20180904.jar:/home/user/.m2/repository/javax/servlet/jsp/jsp-api/2.1/jsp-api-2.1.jar:/home/user/.m2/repository/com/sun/jersey/jersey-servlet/1.19/jersey-servlet-1.19.jar:/home/user/.m2/repository/com/sun/jersey/jersey-json/1.19/jersey-json-1.19.jar:/home/user/.m2/repository/org/codehaus/jettison/jettison/1.1/jettison-1.1.jar:/home/user/.m2/repository/org/codehaus/jackson/jackson-core-asl/1.9.13/jackson-core-asl-1.9.13.jar:/home/user/.m2/repository/org/codehaus/jackson/jackson-mapper-asl/1.9.13/jackson-mapper-asl-1.9.13.jar:/home/user/.m2/repository/org/codehaus/jackson/jackson-jaxrs/1.9.13/jackson-jaxrs-1.9.13.jar:/home/user/.m2/repository/org/codehaus/jackson/jackson-xc/1.9.13/jackson-xc-1.9.13.jar:/home/user/.m2/repository/commons-logging/commons-logging/1.1.3/commons-logging-1.1.3.jar:/home/user/.m2/repository/commons-beanutils/commons-beanutils/1.9.4/commons-beanutils-1.9.4.jar:/home/user/.m2/repository/org/apache/commons/commons-configuration2/2.1.1/commons-configuration2-2.1.1.jar:/home/user/.m2/repository/org/apache/commons/commons-lang3/3.7/commons-lang3-3.7.jar:/home/user/.m2/repository/org/apache/commons/commons-text/1.4/commons-text-1.4.jar:/home/user/.m2/repository/org/apache/avro/avro/1.7.7/avro-1.7.7.jar:/home/user/.m2/repository/com/thoughtworks/paranamer/paranamer/2.3/paranamer-2.3.jar:/home/user/.m2/repository/org/xerial/snappy/snappy-java/1.0.5/snappy-java-1.0.5.jar:/home/user/.m2/repository/com/google/re2j/re2j/1.1/re2j-1.1.jar:/home/user/.m2/repository/com/google/code/gson/gson/2.2.4/gson-2.2.4.jar:/home/user/.m2/repository/com/jcraft/jsch/0.1.54/jsch-0.1.54.jar:/home/user/.m2/repository/org/apache/curator/curator-client/2.12.0/curator-client-2.12.0.jar:/home/user/.m2/repository/org/apache/curator/curator-recipes/2.12.0/curator-recipes-2.12.0.jar:/home/user/.m2/repository/com/google/code/findbugs/jsr305/3.0.0/jsr305-3.0.0.jar:/home/user/.m2/repository/org/apache/htrace/htrace-core4/4.1.0-incubating/htrace-core4-4.1.0-incubating.jar:/home/user/.m2/repository/org/apache/zookeeper/zookeeper/3.4.13/zookeeper-3.4.13.jar:/home/user/.m2/repository/jline/jline/0.9.94/jline-0.9.94.jar:/home/user/.m2/repository/org/apache/yetus/audience-annotations/0.5.0/audience-annotations-0.5.0.jar:/home/user/.m2/repository/org/codehaus/woodstox/stax2-api/3.1.4/stax2-api-3.1.4.jar:/home/user/.m2/repository/com/fasterxml/woodstox/woodstox-core/5.0.3/woodstox-core-5.0.3.jar:/home/user/.m2/repository/dnsjava/dnsjava/2.1.7/dnsjava-2.1.7.jar:/home/user/.m2/repository/org/apache/hadoop/hadoop-hdfs/3.2.0/hadoop-hdfs-3.2.0-tests.jar:/home/user/.m2/repository/org/eclipse/jetty/jetty-util-ajax/9.3.25.v20180904/jetty-util-ajax-9.3.25.v20180904.jar:/home/user/.m2/repository/commons-daemon/commons-daemon/1.0.13/commons-daemon-1.0.13.jar:/home/user/.m2/repository/io/netty/netty/3.10.5.Final/netty-3.10.5.Final.jar:/home/user/.m2/repository/io/netty/netty-all/4.0.52.Final/netty-all-4.0.52.Final.jar:/home/user/.m2/repository/org/fusesource/leveldbjni/leveldbjni-all/1.8/leveldbjni-all-1.8.jar:"/>
    <property name="sun.cpu.endian" value="little"/>
    <property name="user.home" value="/home/user"/>
    <property name="user.language" value="en"/>
    <property name="java.specification.vendor" value="Oracle Corporation"/>
    <property name="java.home" value="/usr/lib/jvm/java-1.8-openjdk/jre"/>
    <property name="java.security.krb5.conf" value="/workdir/hadoop-ozone/integration-test/target/test-classes/krb5.conf"/>
    <property name="basedir" value="/workdir/hadoop-ozone/integration-test"/>
    <property name="file.separator" value="/"/>
    <property name="line.separator" value="&#10;"/>
    <property name="java.vm.specification.vendor" value="Oracle Corporation"/>
    <property name="java.specification.name" value="Java Platform API Specification"/>
    <property name="java.awt.graphicsenv" value="sun.awt.X11GraphicsEnvironment"/>
    <property name="surefire.real.class.path" value="/workdir/hadoop-ozone/integration-test/target/surefire/surefirebooter7492680878809031593.jar"/>
    <property name="hadoop.log.dir" value="/workdir/hadoop-ozone/integration-test/target/log"/>
    <property name="sun.boot.class.path" value="/usr/lib/jvm/java-1.8-openjdk/jre/lib/resources.jar:/usr/lib/jvm/java-1.8-openjdk/jre/lib/rt.jar:/usr/lib/jvm/java-1.8-openjdk/jre/lib/sunrsasign.jar:/usr/lib/jvm/java-1.8-openjdk/jre/lib/jsse.jar:/usr/lib/jvm/java-1.8-openjdk/jre/lib/jce.jar:/usr/lib/jvm/java-1.8-openjdk/jre/lib/charsets.jar:/usr/lib/jvm/java-1.8-openjdk/jre/lib/jfr.jar:/usr/lib/jvm/java-1.8-openjdk/jre/classes"/>
    <property name="sun.management.compiler" value="HotSpot 64-Bit Tiered Compilers"/>
    <property name="java.runtime.version" value="1.8.0_212-b04"/>
    <property name="java.net.preferIPv4Stack" value="true"/>
    <property name="user.name" value="jenkins1000"/>
    <property name="path.separator" value=":"/>
    <property name="java.security.egd" value="file:///dev/urandom"/>
    <property name="os.version" value="3.10.0-957.12.2.el7.x86_64"/>
    <property name="java.endorsed.dirs" value="/usr/lib/jvm/java-1.8-openjdk/jre/lib/endorsed"/>
    <property name="java.runtime.name" value="OpenJDK Runtime Environment"/>
    <property name="file.encoding" value="UTF-8"/>
    <property name="java.vm.name" value="OpenJDK 64-Bit Server VM"/>
    <property name="test.build.webapps" value=""/>
    <property name="localRepository" value="/home/user/.m2/repository"/>
    <property name="java.vendor.url.bug" value="https://icedtea.classpath.org/bugzilla"/>
    <property name="java.io.tmpdir" value="/tmp"/>
    <property name="require.test.libhadoop" value=""/>
    <property name="java.version" value="1.8.0_212"/>
    <property name="user.dir" value="/workdir/hadoop-ozone/integration-test"/>
    <property name="os.arch" value="amd64"/>
    <property name="java.vm.specification.name" value="Java Virtual Machine Specification"/>
    <property name="test.build.classes" value="/workdir/hadoop-ozone/integration-test/target/test-classes"/>
    <property name="java.awt.printerjob" value="sun.print.PSPrinterJob"/>
    <property name="sun.os.patch.level" value="unknown"/>
    <property name="hadoop.tmp.dir" value="/workdir/hadoop-ozone/integration-test/target/tmp"/>
    <property name="java.library.path" value="/usr/lib/jvm/java-1.8-openjdk/jre/lib/amd64/server:/usr/lib/jvm/java-1.8-openjdk/jre/lib/amd64:/usr/lib/jvm/java-1.8-openjdk/jre/../lib/amd64:/workdir/hadoop-ozone/integration-test/target/native/target/usr/local/lib:/workdir/hadoop-ozone/integration-test/../../hadoop-common-project/hadoop-common/target/native/target/usr/local/lib:/usr/java/packages/lib/amd64:/usr/lib64:/lib64:/lib:/usr/lib"/>
    <property name="java.vm.info" value="mixed mode"/>
    <property name="java.vendor" value="IcedTea"/>
    <property name="java.vm.version" value="25.212-b04"/>
    <property name="java.ext.dirs" value="/usr/lib/jvm/java-1.8-openjdk/jre/lib/ext:/usr/java/packages/lib/ext"/>
    <property name="sun.io.unicode.encoding" value="UnicodeLittle"/>
    <property name="java.class.version" value="52.0"/>
  </properties>
  <testcase name="test2WayCommitForRetryfailure" classname="org.apache.hadoop.ozone.client.rpc.Test2WayCommitInRatis" time="36.932">
    <error message="org.apache.ratis.protocol.RaftRetryFailureException: Failed RaftClientRequest:client-B1DB5175F4DC-&gt;13f6ead9-4ac1-4df1-b42d-10c41cf9ca8c@group-EC3E54D407A5, cid=14, seq=2*, RW, org.apache.hadoop.hdds.scm.XceiverClientRatis$$Lambda$347/686717934@7df89854 for 20 attempts with RetryLimited(maxAttempts=20, sleepTime=1000ms)" type="java.util.concurrent.ExecutionException">java.util.concurrent.ExecutionException: org.apache.ratis.protocol.RaftRetryFailureException: Failed RaftClientRequest:client-B1DB5175F4DC->13f6ead9-4ac1-4df1-b42d-10c41cf9ca8c@group-EC3E54D407A5, cid=14, seq=2*, RW, org.apache.hadoop.hdds.scm.XceiverClientRatis$$Lambda$347/686717934@7df89854 for 20 attempts with RetryLimited(maxAttempts=20, sleepTime=1000ms)
	at java.util.concurrent.CompletableFuture.reportGet(CompletableFuture.java:357)
	at java.util.concurrent.CompletableFuture.get(CompletableFuture.java:1895)
	at org.apache.hadoop.ozone.client.rpc.Test2WayCommitInRatis.test2WayCommitForRetryfailure(Test2WayCommitInRatis.java:144)
	at sun.reflect.NativeMethodAccessorImpl.invoke0(Native Method)
	at sun.reflect.NativeMethodAccessorImpl.invoke(NativeMethodAccessorImpl.java:62)
	at sun.reflect.DelegatingMethodAccessorImpl.invoke(DelegatingMethodAccessorImpl.java:43)
	at java.lang.reflect.Method.invoke(Method.java:498)
	at org.junit.runners.model.FrameworkMethod$1.runReflectiveCall(FrameworkMethod.java:47)
	at org.junit.internal.runners.model.ReflectiveCallable.run(ReflectiveCallable.java:12)
	at org.junit.runners.model.FrameworkMethod.invokeExplosively(FrameworkMethod.java:44)
	at org.junit.internal.runners.statements.InvokeMethod.evaluate(InvokeMethod.java:17)
	at org.junit.runners.ParentRunner.runLeaf(ParentRunner.java:271)
	at org.junit.runners.BlockJUnit4ClassRunner.runChild(BlockJUnit4ClassRunner.java:70)
	at org.junit.runners.BlockJUnit4ClassRunner.runChild(BlockJUnit4ClassRunner.java:50)
	at org.junit.runners.ParentRunner$3.run(ParentRunner.java:238)
	at org.junit.runners.ParentRunner$1.schedule(ParentRunner.java:63)
	at org.junit.runners.ParentRunner.runChildren(ParentRunner.java:236)
	at org.junit.runners.ParentRunner.access$000(ParentRunner.java:53)
	at org.junit.runners.ParentRunner$2.evaluate(ParentRunner.java:229)
	at org.junit.runners.ParentRunner.run(ParentRunner.java:309)
	at org.apache.maven.surefire.junit4.JUnit4Provider.execute(JUnit4Provider.java:365)
	at org.apache.maven.surefire.junit4.JUnit4Provider.executeWithRerun(JUnit4Provider.java:273)
	at org.apache.maven.surefire.junit4.JUnit4Provider.executeTestSet(JUnit4Provider.java:238)
	at org.apache.maven.surefire.junit4.JUnit4Provider.invoke(JUnit4Provider.java:159)
	at org.apache.maven.surefire.booter.ForkedBooter.invokeProviderInSameClassLoader(ForkedBooter.java:384)
	at org.apache.maven.surefire.booter.ForkedBooter.runSuitesInProcess(ForkedBooter.java:345)
	at org.apache.maven.surefire.booter.ForkedBooter.execute(ForkedBooter.java:126)
	at org.apache.maven.surefire.booter.ForkedBooter.main(ForkedBooter.java:418)
Caused by: org.apache.ratis.protocol.RaftRetryFailureException: Failed RaftClientRequest:client-B1DB5175F4DC->13f6ead9-4ac1-4df1-b42d-10c41cf9ca8c@group-EC3E54D407A5, cid=14, seq=2*, RW, org.apache.hadoop.hdds.scm.XceiverClientRatis$$Lambda$347/686717934@7df89854 for 20 attempts with RetryLimited(maxAttempts=20, sleepTime=1000ms)
	at org.apache.ratis.client.impl.RaftClientImpl.noMoreRetries(RaftClientImpl.java:271)
	at org.apache.ratis.client.impl.OrderedAsync.handleAsyncRetryFailure(OrderedAsync.java:138)
	at org.apache.ratis.client.impl.OrderedAsync.lambda$sendRequest$10(OrderedAsync.java:230)
	at java.util.concurrent.CompletableFuture.uniExceptionally(CompletableFuture.java:870)
	at java.util.concurrent.CompletableFuture$UniExceptionally.tryFire(CompletableFuture.java:852)
	at java.util.concurrent.CompletableFuture.postComplete(CompletableFuture.java:474)
	at java.util.concurrent.CompletableFuture.completeExceptionally(CompletableFuture.java:1977)
	at org.apache.ratis.grpc.client.GrpcClientProtocolClient$AsyncStreamObservers.completeReplyExceptionally(GrpcClientProtocolClient.java:345)
	at org.apache.ratis.grpc.client.GrpcClientProtocolClient$AsyncStreamObservers.access$000(GrpcClientProtocolClient.java:261)
	at org.apache.ratis.grpc.client.GrpcClientProtocolClient$AsyncStreamObservers$1.onNext(GrpcClientProtocolClient.java:273)
	at org.apache.ratis.grpc.client.GrpcClientProtocolClient$AsyncStreamObservers$1.onNext(GrpcClientProtocolClient.java:264)
	at org.apache.ratis.thirdparty.io.grpc.stub.ClientCalls$StreamObserverToCallListenerAdapter.onMessage(ClientCalls.java:421)
	at org.apache.ratis.thirdparty.io.grpc.ForwardingClientCallListener.onMessage(ForwardingClientCallListener.java:33)
	at org.apache.ratis.thirdparty.io.grpc.ForwardingClientCallListener.onMessage(ForwardingClientCallListener.java:33)
	at org.apache.ratis.thirdparty.io.grpc.internal.ClientCallImpl$ClientStreamListenerImpl$1MessagesAvailable.runInContext(ClientCallImpl.java:519)
	at org.apache.ratis.thirdparty.io.grpc.internal.ContextRunnable.run(ContextRunnable.java:37)
	at org.apache.ratis.thirdparty.io.grpc.internal.SerializingExecutor.run(SerializingExecutor.java:123)
	at java.util.concurrent.ThreadPoolExecutor.runWorker(ThreadPoolExecutor.java:1149)
	at java.util.concurrent.ThreadPoolExecutor$Worker.run(ThreadPoolExecutor.java:624)
	at java.lang.Thread.run(Thread.java:748)
Caused by: org.apache.ratis.protocol.NotLeaderException: Server 13f6ead9-4ac1-4df1-b42d-10c41cf9ca8c@group-EC3E54D407A5 is not the leader 86f11ef4-6d23-4d92-bd7b-cd567d3784dc:192.168.30.33:37153
	at org.apache.ratis.client.impl.ClientProtoUtils.toRaftClientReply(ClientProtoUtils.java:243)
	at org.apache.ratis.grpc.client.GrpcClientProtocolClient$AsyncStreamObservers$1.onNext(GrpcClientProtocolClient.java:269)
	... 10 more
</error>
    <system-out><![CDATA[2019-10-04 13:42:15,140 [main] WARN  server.ServerUtils (ServerUtils.java:getScmDbDir(145)) - ozone.scm.db.dirs is not configured. We recommend adding this setting. Falling back to ozone.metadata.dirs instead.
2019-10-04 13:42:15,236 [main] WARN  server.ServerUtils (ServerUtils.java:getScmDbDir(145)) - ozone.scm.db.dirs is not configured. We recommend adding this setting. Falling back to ozone.metadata.dirs instead.
2019-10-04 13:42:15,239 [main] WARN  server.ServerUtils (ServerUtils.java:getScmDbDir(145)) - ozone.scm.db.dirs is not configured. We recommend adding this setting. Falling back to ozone.metadata.dirs instead.
2019-10-04 13:42:15,265 [main] INFO  util.log (Log.java:initialized(192)) - Logging initialized @858ms
2019-10-04 13:42:15,357 [main] INFO  db.DBStoreBuilder (DBStoreBuilder.java:addTable(117)) - using custom profile for table: deletedBlocks
2019-10-04 13:42:15,357 [main] INFO  db.DBStoreBuilder (DBStoreBuilder.java:processTables(168)) - Using default column profile:DBProfile.DISK for Table:deletedBlocks
2019-10-04 13:42:15,357 [main] INFO  db.DBStoreBuilder (DBStoreBuilder.java:addTable(117)) - using custom profile for table: validCerts
2019-10-04 13:42:15,358 [main] INFO  db.DBStoreBuilder (DBStoreBuilder.java:processTables(168)) - Using default column profile:DBProfile.DISK for Table:validCerts
2019-10-04 13:42:15,358 [main] INFO  db.DBStoreBuilder (DBStoreBuilder.java:addTable(117)) - using custom profile for table: revokedCerts
2019-10-04 13:42:15,358 [main] INFO  db.DBStoreBuilder (DBStoreBuilder.java:processTables(168)) - Using default column profile:DBProfile.DISK for Table:revokedCerts
2019-10-04 13:42:15,370 [main] INFO  db.DBStoreBuilder (DBStoreBuilder.java:addTable(117)) - using custom profile for table: default
2019-10-04 13:42:15,370 [main] INFO  db.DBStoreBuilder (DBStoreBuilder.java:processTables(174)) - Using default column profile:DBProfile.DISK for Table:default
2019-10-04 13:42:15,371 [main] INFO  db.DBStoreBuilder (DBStoreBuilder.java:getDbProfile(205)) - Using default options. DBProfile.DISK
2019-10-04 13:42:15,640 [main] INFO  net.NodeSchemaLoader (NodeSchemaLoader.java:loadSchemaFromFile(125)) - Loading file from sun.misc.CompoundEnumeration@2b71e916
2019-10-04 13:42:15,643 [main] INFO  net.NodeSchemaLoader (NodeSchemaLoader.java:loadSchema(171)) - Loading network topology layer schema file
2019-10-04 13:42:15,728 [main] WARN  server.ServerUtils (ServerUtils.java:sanitizeUserArgs(70)) - ozone.scm.stale.node.interval value = 300000 is larger than max = 100000 based on the key value of ozone.scm.heartbeat.thread.interval, reset to the max value 100000.
2019-10-04 13:42:15,730 [main] WARN  server.ServerUtils (ServerUtils.java:sanitizeUserArgs(70)) - ozone.scm.stale.node.interval value = 300000 is larger than max = 100000 based on the key value of ozone.scm.heartbeat.thread.interval, reset to the max value 100000.
2019-10-04 13:42:15,732 [main] INFO  node.SCMNodeManager (SCMNodeManager.java:<init>(114)) - Entering startup safe mode.
2019-10-04 13:42:15,805 [main] INFO  algorithms.ContainerPlacementPolicyFactory (ContainerPlacementPolicyFactory.java:getPolicy(57)) - Create container placement policy of type org.apache.hadoop.hdds.scm.container.placement.algorithms.SCMContainerPlacementRandom
2019-10-04 13:42:15,820 [main] WARN  server.ServerUtils (ServerUtils.java:getScmDbDir(145)) - ozone.scm.db.dirs is not configured. We recommend adding this setting. Falling back to ozone.metadata.dirs instead.
2019-10-04 13:42:15,887 [main] INFO  pipeline.SCMPipelineManager (SCMPipelineManager.java:initializePipelineState(132)) - No pipeline exists in current db
2019-10-04 13:42:15,890 [main] WARN  server.ServerUtils (ServerUtils.java:getScmDbDir(145)) - ozone.scm.db.dirs is not configured. We recommend adding this setting. Falling back to ozone.metadata.dirs instead.
2019-10-04 13:42:16,006 [main] WARN  events.EventQueue (EventQueue.java:fireEvent(183)) - No event handler registered for event TypedEvent{payloadType=SafeModeStatus, name='SafeModeStatus'}
2019-10-04 13:42:16,413 [main] INFO  ipc.CallQueueManager (CallQueueManager.java:<init>(84)) - Using callQueue: class java.util.concurrent.LinkedBlockingQueue, queueCapacity: 2000, scheduler: class org.apache.hadoop.ipc.DefaultRpcScheduler, ipcBackoff: false.
2019-10-04 13:42:16,443 [Socket Reader #1 for port 45735] INFO  ipc.Server (Server.java:run(1074)) - Starting Socket Reader #1 for port 45735
2019-10-04 13:42:16,596 [main] INFO  ipc.CallQueueManager (CallQueueManager.java:<init>(84)) - Using callQueue: class java.util.concurrent.LinkedBlockingQueue, queueCapacity: 2000, scheduler: class org.apache.hadoop.ipc.DefaultRpcScheduler, ipcBackoff: false.
2019-10-04 13:42:16,598 [Socket Reader #1 for port 43969] INFO  ipc.Server (Server.java:run(1074)) - Starting Socket Reader #1 for port 43969
2019-10-04 13:42:16,612 [main] INFO  ipc.CallQueueManager (CallQueueManager.java:<init>(84)) - Using callQueue: class java.util.concurrent.LinkedBlockingQueue, queueCapacity: 2000, scheduler: class org.apache.hadoop.ipc.DefaultRpcScheduler, ipcBackoff: false.
2019-10-04 13:42:16,613 [Socket Reader #1 for port 34816] INFO  ipc.Server (Server.java:run(1074)) - Starting Socket Reader #1 for port 34816
2019-10-04 13:42:16,645 [main] INFO  hdfs.DFSUtil (DFSUtil.java:httpServerTemplateForNNAndJN(1641)) - Starting Web-server for scm at: http://0.0.0.0:0
2019-10-04 13:42:16,805 [main] INFO  server.AuthenticationFilter (AuthenticationFilter.java:constructSecretProvider(240)) - Unable to initialize FileSignerSecretProvider, falling back to use random secrets.
2019-10-04 13:42:16,813 [main] WARN  http.HttpRequestLog (HttpRequestLog.java:getRequestLog(97)) - Jetty request log can only be enabled using Log4j
2019-10-04 13:42:16,821 [main] INFO  http.HttpServer2 (HttpServer2.java:addGlobalFilter(975)) - Added global filter 'safety' (class=org.apache.hadoop.http.HttpServer2$QuotingInputFilter)
2019-10-04 13:42:16,823 [main] INFO  http.HttpServer2 (HttpServer2.java:addFilter(948)) - Added filter static_user_filter (class=org.apache.hadoop.http.lib.StaticUserWebFilter$StaticUserFilter) to context scm
2019-10-04 13:42:16,824 [main] INFO  http.HttpServer2 (HttpServer2.java:addFilter(958)) - Added filter static_user_filter (class=org.apache.hadoop.http.lib.StaticUserWebFilter$StaticUserFilter) to context logs
2019-10-04 13:42:16,824 [main] INFO  http.HttpServer2 (HttpServer2.java:addFilter(958)) - Added filter static_user_filter (class=org.apache.hadoop.http.lib.StaticUserWebFilter$StaticUserFilter) to context static
2019-10-04 13:42:16,852 [main] INFO  server.StorageContainerManager (StorageContainerManager.java:start(770)) - StorageContainerLocationProtocol RPC server is listening at /0.0.0.0:34816
2019-10-04 13:42:16,932 [main] WARN  impl.MetricsConfig (MetricsConfig.java:loadFirst(134)) - Cannot locate configuration: tried hadoop-metrics2-storagecontainermanager.properties,hadoop-metrics2.properties
2019-10-04 13:42:16,948 [main] INFO  impl.MetricsSystemImpl (MetricsSystemImpl.java:startTimer(374)) - Scheduled Metric snapshot period at 10 second(s).
2019-10-04 13:42:16,948 [main] INFO  impl.MetricsSystemImpl (MetricsSystemImpl.java:start(191)) - StorageContainerManager metrics system started
2019-10-04 13:42:17,198 [main] INFO  server.SCMClientProtocolServer (SCMClientProtocolServer.java:start(159)) - RPC server for Client  is listening at /0.0.0.0:34816
2019-10-04 13:42:17,199 [IPC Server Responder] INFO  ipc.Server (Server.java:run(1314)) - IPC Server Responder: starting
2019-10-04 13:42:17,199 [IPC Server listener on 34816] INFO  ipc.Server (Server.java:run(1153)) - IPC Server listener on 34816: starting
2019-10-04 13:42:17,202 [main] INFO  server.StorageContainerManager (StorageContainerManager.java:start(780)) - ScmBlockLocationProtocol RPC server is listening at /0.0.0.0:43969
2019-10-04 13:42:17,202 [main] INFO  server.SCMBlockProtocolServer (SCMBlockProtocolServer.java:start(146)) - RPC server for Block Protocol is listening at /0.0.0.0:43969
2019-10-04 13:42:17,203 [IPC Server Responder] INFO  ipc.Server (Server.java:run(1314)) - IPC Server Responder: starting
2019-10-04 13:42:17,203 [IPC Server listener on 43969] INFO  ipc.Server (Server.java:run(1153)) - IPC Server listener on 43969: starting
2019-10-04 13:42:17,205 [main] INFO  server.StorageContainerManager (StorageContainerManager.java:start(784)) - ScmDatanodeProtocl RPC server is listening at /0.0.0.0:45735
2019-10-04 13:42:17,206 [main] INFO  server.SCMDatanodeProtocolServer (SCMDatanodeProtocolServer.java:start(169)) - RPC server for DataNodes is listening at /0.0.0.0:45735
2019-10-04 13:42:17,207 [IPC Server Responder] INFO  ipc.Server (Server.java:run(1314)) - IPC Server Responder: starting
2019-10-04 13:42:17,207 [IPC Server listener on 45735] INFO  ipc.Server (Server.java:run(1153)) - IPC Server listener on 45735: starting
2019-10-04 13:42:17,211 [main] INFO  http.HttpServer2 (HttpServer2.java:bindListener(1191)) - Jetty bound to port 37248
2019-10-04 13:42:17,213 [main] INFO  server.Server (Server.java:doStart(351)) - jetty-9.3.25.v20180904, build timestamp: 2018-09-04T21:11:46Z, git hash: 3ce520221d0240229c862b122d2b06c12a625732
2019-10-04 13:42:17,260 [main] INFO  handler.ContextHandler (ContextHandler.java:doStart(781)) - Started o.e.j.s.ServletContextHandler@340da44c{/logs,file:///workdir/hadoop-ozone/integration-test/target/log,AVAILABLE}
2019-10-04 13:42:17,261 [main] INFO  handler.ContextHandler (ContextHandler.java:doStart(781)) - Started o.e.j.s.ServletContextHandler@37052337{/static,file:///workdir/hadoop-ozone/integration-test/target/test-classes/webapps/static,AVAILABLE}
2019-10-04 13:42:17,298 [main] INFO  handler.ContextHandler (ContextHandler.java:doStart(781)) - Started o.e.j.w.WebAppContext@3b366632{/,file:///workdir/hadoop-ozone/integration-test/target/test-classes/webapps/scm/,AVAILABLE}{/scm}
2019-10-04 13:42:17,304 [main] INFO  server.AbstractConnector (AbstractConnector.java:doStart(278)) - Started ServerConnector@6815c5f2{HTTP/1.1,[http/1.1]}{0.0.0.0:37248}
2019-10-04 13:42:17,305 [main] INFO  server.Server (Server.java:doStart(419)) - Started @2898ms
2019-10-04 13:42:17,307 [main] INFO  impl.MetricsSinkAdapter (MetricsSinkAdapter.java:start(204)) - Sink prometheus started
2019-10-04 13:42:17,307 [main] INFO  impl.MetricsSystemImpl (MetricsSystemImpl.java:registerSink(301)) - Registered sink prometheus
2019-10-04 13:42:17,309 [main] INFO  server.BaseHttpServer (BaseHttpServer.java:updateConnectorAddress(215)) - HTTP server of SCM is listening at http://0.0.0.0:37248
2019-10-04 13:42:17,316 [org.apache.hadoop.util.JvmPauseMonitor$Monitor@4263b080] INFO  util.JvmPauseMonitor (JvmPauseMonitor.java:run(188)) - Starting JVM pause monitor
2019-10-04 13:42:17,320 [main] WARN  server.ServerUtils (ServerUtils.java:getDBPath(222)) - ozone.om.db.dirs is not configured. We recommend adding this setting. Falling back to ozone.metadata.dirs instead.
2019-10-04 13:42:17,459 [main] INFO  ha.OMHANodeDetails (OMHANodeDetails.java:loadOMHAConfig(190)) - Configuration either no ozone.om.address set. Falling back to the default OM address /127.0.0.1:0
2019-10-04 13:42:17,459 [main] INFO  ha.OMHANodeDetails (OMHANodeDetails.java:getOMNodeDetails(220)) - OM Service ID is not set. Setting it to the default ID: omServiceIdDefault
2019-10-04 13:42:17,461 [main] WARN  server.ServerUtils (ServerUtils.java:getDBPath(222)) - ozone.om.db.dirs is not configured. We recommend adding this setting. Falling back to ozone.metadata.dirs instead.
2019-10-04 13:42:17,462 [main] WARN  server.ServerUtils (ServerUtils.java:getDBPath(222)) - ozone.om.db.dirs is not configured. We recommend adding this setting. Falling back to ozone.metadata.dirs instead.
2019-10-04 13:42:18,219 [main] WARN  server.ServerUtils (ServerUtils.java:getDBPath(222)) - ozone.om.db.dirs is not configured. We recommend adding this setting. Falling back to ozone.metadata.dirs instead.
2019-10-04 13:42:18,228 [main] INFO  db.DBStoreBuilder (DBStoreBuilder.java:addTable(117)) - using custom profile for table: userTable
2019-10-04 13:42:18,228 [main] INFO  db.DBStoreBuilder (DBStoreBuilder.java:processTables(168)) - Using default column profile:DBProfile.DISK for Table:userTable
2019-10-04 13:42:18,228 [main] INFO  db.DBStoreBuilder (DBStoreBuilder.java:addTable(117)) - using custom profile for table: volumeTable
2019-10-04 13:42:18,228 [main] INFO  db.DBStoreBuilder (DBStoreBuilder.java:processTables(168)) - Using default column profile:DBProfile.DISK for Table:volumeTable
2019-10-04 13:42:18,229 [main] INFO  db.DBStoreBuilder (DBStoreBuilder.java:addTable(117)) - using custom profile for table: bucketTable
2019-10-04 13:42:18,229 [main] INFO  db.DBStoreBuilder (DBStoreBuilder.java:processTables(168)) - Using default column profile:DBProfile.DISK for Table:bucketTable
2019-10-04 13:42:18,229 [main] INFO  db.DBStoreBuilder (DBStoreBuilder.java:addTable(117)) - using custom profile for table: keyTable
2019-10-04 13:42:18,229 [main] INFO  db.DBStoreBuilder (DBStoreBuilder.java:processTables(168)) - Using default column profile:DBProfile.DISK for Table:keyTable
2019-10-04 13:42:18,230 [main] INFO  db.DBStoreBuilder (DBStoreBuilder.java:addTable(117)) - using custom profile for table: deletedTable
2019-10-04 13:42:18,230 [main] INFO  db.DBStoreBuilder (DBStoreBuilder.java:processTables(168)) - Using default column profile:DBProfile.DISK for Table:deletedTable
2019-10-04 13:42:18,230 [main] INFO  db.DBStoreBuilder (DBStoreBuilder.java:addTable(117)) - using custom profile for table: openKeyTable
2019-10-04 13:42:18,230 [main] INFO  db.DBStoreBuilder (DBStoreBuilder.java:processTables(168)) - Using default column profile:DBProfile.DISK for Table:openKeyTable
2019-10-04 13:42:18,231 [main] INFO  db.DBStoreBuilder (DBStoreBuilder.java:addTable(117)) - using custom profile for table: s3Table
2019-10-04 13:42:18,231 [main] INFO  db.DBStoreBuilder (DBStoreBuilder.java:processTables(168)) - Using default column profile:DBProfile.DISK for Table:s3Table
2019-10-04 13:42:18,231 [main] INFO  db.DBStoreBuilder (DBStoreBuilder.java:addTable(117)) - using custom profile for table: multipartInfoTable
2019-10-04 13:42:18,231 [main] INFO  db.DBStoreBuilder (DBStoreBuilder.java:processTables(168)) - Using default column profile:DBProfile.DISK for Table:multipartInfoTable
2019-10-04 13:42:18,232 [main] INFO  db.DBStoreBuilder (DBStoreBuilder.java:addTable(117)) - using custom profile for table: dTokenTable
2019-10-04 13:42:18,232 [main] INFO  db.DBStoreBuilder (DBStoreBuilder.java:processTables(168)) - Using default column profile:DBProfile.DISK for Table:dTokenTable
2019-10-04 13:42:18,232 [main] INFO  db.DBStoreBuilder (DBStoreBuilder.java:addTable(117)) - using custom profile for table: s3SecretTable
2019-10-04 13:42:18,232 [main] INFO  db.DBStoreBuilder (DBStoreBuilder.java:processTables(168)) - Using default column profile:DBProfile.DISK for Table:s3SecretTable
2019-10-04 13:42:18,233 [main] INFO  db.DBStoreBuilder (DBStoreBuilder.java:addTable(117)) - using custom profile for table: prefixTable
2019-10-04 13:42:18,233 [main] INFO  db.DBStoreBuilder (DBStoreBuilder.java:processTables(168)) - Using default column profile:DBProfile.DISK for Table:prefixTable
2019-10-04 13:42:18,233 [main] INFO  db.DBStoreBuilder (DBStoreBuilder.java:addTable(117)) - using custom profile for table: default
2019-10-04 13:42:18,233 [main] INFO  db.DBStoreBuilder (DBStoreBuilder.java:processTables(174)) - Using default column profile:DBProfile.DISK for Table:default
2019-10-04 13:42:18,234 [main] INFO  db.DBStoreBuilder (DBStoreBuilder.java:getDbProfile(205)) - Using default options. DBProfile.DISK
2019-10-04 13:42:18,794 [main] INFO  ipc.CallQueueManager (CallQueueManager.java:<init>(84)) - Using callQueue: class java.util.concurrent.LinkedBlockingQueue, queueCapacity: 2000, scheduler: class org.apache.hadoop.ipc.DefaultRpcScheduler, ipcBackoff: false.
2019-10-04 13:42:18,798 [Socket Reader #1 for port 36666] INFO  ipc.Server (Server.java:run(1074)) - Starting Socket Reader #1 for port 36666
2019-10-04 13:42:18,834 [main] INFO  om.OzoneManager (OzoneManager.java:start(1069)) - OzoneManager RPC server is listening at localhost/127.0.0.1:36666
2019-10-04 13:42:18,834 [main] INFO  impl.MetricsSystemImpl (MetricsSystemImpl.java:init(158)) - OzoneManager metrics system started (again)
2019-10-04 13:42:18,836 [IPC Server Responder] INFO  ipc.Server (Server.java:run(1314)) - IPC Server Responder: starting
2019-10-04 13:42:18,836 [IPC Server listener on 36666] INFO  ipc.Server (Server.java:run(1153)) - IPC Server listener on 36666: starting
2019-10-04 13:42:18,843 [main] INFO  hdfs.DFSUtil (DFSUtil.java:httpServerTemplateForNNAndJN(1641)) - Starting Web-server for ozoneManager at: http://0.0.0.0:0
2019-10-04 13:42:18,848 [main] INFO  server.AuthenticationFilter (AuthenticationFilter.java:constructSecretProvider(240)) - Unable to initialize FileSignerSecretProvider, falling back to use random secrets.
2019-10-04 13:42:18,850 [main] WARN  http.HttpRequestLog (HttpRequestLog.java:getRequestLog(97)) - Jetty request log can only be enabled using Log4j
2019-10-04 13:42:18,854 [main] INFO  http.HttpServer2 (HttpServer2.java:addGlobalFilter(975)) - Added global filter 'safety' (class=org.apache.hadoop.http.HttpServer2$QuotingInputFilter)
2019-10-04 13:42:18,855 [main] INFO  http.HttpServer2 (HttpServer2.java:addFilter(948)) - Added filter static_user_filter (class=org.apache.hadoop.http.lib.StaticUserWebFilter$StaticUserFilter) to context ozoneManager
2019-10-04 13:42:18,856 [main] INFO  http.HttpServer2 (HttpServer2.java:addFilter(958)) - Added filter static_user_filter (class=org.apache.hadoop.http.lib.StaticUserWebFilter$StaticUserFilter) to context static
2019-10-04 13:42:18,856 [main] INFO  http.HttpServer2 (HttpServer2.java:addFilter(958)) - Added filter static_user_filter (class=org.apache.hadoop.http.lib.StaticUserWebFilter$StaticUserFilter) to context logs
2019-10-04 13:42:18,860 [main] INFO  http.HttpServer2 (HttpServer2.java:bindListener(1191)) - Jetty bound to port 38928
2019-10-04 13:42:18,860 [main] INFO  server.Server (Server.java:doStart(351)) - jetty-9.3.25.v20180904, build timestamp: 2018-09-04T21:11:46Z, git hash: 3ce520221d0240229c862b122d2b06c12a625732
2019-10-04 13:42:18,863 [main] INFO  handler.ContextHandler (ContextHandler.java:doStart(781)) - Started o.e.j.s.ServletContextHandler@3adbe50f{/logs,file:///workdir/hadoop-ozone/integration-test/target/log,AVAILABLE}
2019-10-04 13:42:18,864 [main] INFO  handler.ContextHandler (ContextHandler.java:doStart(781)) - Started o.e.j.s.ServletContextHandler@49aa766b{/static,file:///workdir/hadoop-ozone/integration-test/target/test-classes/webapps/static,AVAILABLE}
2019-10-04 13:42:18,871 [main] INFO  handler.ContextHandler (ContextHandler.java:doStart(781)) - Started o.e.j.w.WebAppContext@393881f0{/,file:///workdir/hadoop-ozone/integration-test/target/test-classes/webapps/ozoneManager/,AVAILABLE}{/ozoneManager}
2019-10-04 13:42:18,872 [main] INFO  server.AbstractConnector (AbstractConnector.java:doStart(278)) - Started ServerConnector@4af46df3{HTTP/1.1,[http/1.1]}{0.0.0.0:38928}
2019-10-04 13:42:18,873 [main] INFO  server.Server (Server.java:doStart(419)) - Started @4467ms
2019-10-04 13:42:18,874 [main] WARN  impl.MetricsSystemImpl (MetricsSystemImpl.java:register(276)) - Sink prometheus already exists!
2019-10-04 13:42:18,875 [main] INFO  server.BaseHttpServer (BaseHttpServer.java:updateConnectorAddress(215)) - HTTP server of OZONEMANAGER is listening at http://0.0.0.0:38928
2019-10-04 13:42:19,196 [main] INFO  impl.MetricsSystemImpl (MetricsSystemImpl.java:init(158)) - HddsDatanode metrics system started (again)
2019-10-04 13:42:19,255 [main] INFO  ozone.HddsDatanodeService (HddsDatanodeService.java:start(184)) - HddsDatanodeService host:pr-hdds-2233-hr7xq-248966361 ip:192.168.30.33
2019-10-04 13:42:19,292 [main] INFO  volume.HddsVolume (HddsVolume.java:<init>(176)) - Creating Volume: /workdir/hadoop-ozone/integration-test/target/test-dir/MiniOzoneClusterImpl-5c48747c-7a6e-4ba5-a504-6c7ef741f97d/datanode-0/data/containers/hdds of  storage type : DISK and capacity : 1482555576320
2019-10-04 13:42:19,294 [main] INFO  volume.VolumeSet (VolumeSet.java:initializeVolumeSet(170)) - Added Volume : /workdir/hadoop-ozone/integration-test/target/test-dir/MiniOzoneClusterImpl-5c48747c-7a6e-4ba5-a504-6c7ef741f97d/datanode-0/data/containers/hdds to VolumeSet
2019-10-04 13:42:19,297 [main] INFO  volume.ThrottledAsyncChecker (ThrottledAsyncChecker.java:schedule(139)) - Scheduling a check for org.apache.hadoop.ozone.container.common.volume.HddsVolume@408b87aa
2019-10-04 13:42:19,314 [main] INFO  volume.HddsVolumeChecker (HddsVolumeChecker.java:checkAllVolumes(202)) - Scheduled health check for volume org.apache.hadoop.ozone.container.common.volume.HddsVolume@408b87aa
2019-10-04 13:42:19,422 [main] INFO  impl.RaftServerProxy (ConfUtils.java:logGet(43)) - raft.rpc.type = GRPC (default)
2019-10-04 13:42:19,476 [main] INFO  grpc.GrpcFactory (GrpcFactory.java:checkPooledByteBufAllocatorUseCacheForAllThreads(45)) - PERFORMANCE WARNING: useCacheForAllThreads is true that may cause Netty to create a lot garbage objects and, as a result, trigger GC.
	It is recommended to disable useCacheForAllThreads by setting -Dorg.apache.ratis.thirdparty.io.netty.allocator.useCacheForAllThreads=false in command line.
2019-10-04 13:42:19,480 [main] INFO  grpc.GrpcConfigKeys$Server (ConfUtils.java:logGet(43)) - raft.grpc.server.port = 0 (default)
2019-10-04 13:42:19,481 [main] INFO  server.GrpcService (ConfUtils.java:logGet(43)) - raft.grpc.message.size.max = 33570816 (custom)
2019-10-04 13:42:19,482 [main] INFO  server.RaftServerConfigKeys (ConfUtils.java:logGet(43)) - raft.server.log.appender.buffer.byte-limit = 33554432 (custom)
2019-10-04 13:42:19,483 [main] INFO  server.GrpcService (ConfUtils.java:logGet(43)) - raft.grpc.flow.control.window = 1MB (=1048576) (default)
2019-10-04 13:42:19,484 [main] INFO  server.RaftServerConfigKeys (ConfUtils.java:logGet(43)) - raft.server.rpc.request.timeout = 3000ms (default)
2019-10-04 13:42:19,627 [main] INFO  server.RaftServerConfigKeys (ConfUtils.java:logGet(43)) - raft.server.storage.dir = [/workdir/hadoop-ozone/integration-test/target/test-dir/MiniOzoneClusterImpl-5c48747c-7a6e-4ba5-a504-6c7ef741f97d/datanode-0/data/ratis] (custom)
2019-10-04 13:42:19,672 [main] INFO  hdfs.DFSUtil (DFSUtil.java:httpServerTemplateForNNAndJN(1641)) - Starting Web-server for hddsDatanode at: http://0.0.0.0:0
2019-10-04 13:42:19,674 [main] INFO  server.AuthenticationFilter (AuthenticationFilter.java:constructSecretProvider(240)) - Unable to initialize FileSignerSecretProvider, falling back to use random secrets.
2019-10-04 13:42:19,674 [main] WARN  http.HttpRequestLog (HttpRequestLog.java:getRequestLog(97)) - Jetty request log can only be enabled using Log4j
2019-10-04 13:42:19,676 [main] INFO  http.HttpServer2 (HttpServer2.java:addGlobalFilter(975)) - Added global filter 'safety' (class=org.apache.hadoop.http.HttpServer2$QuotingInputFilter)
2019-10-04 13:42:19,677 [main] INFO  http.HttpServer2 (HttpServer2.java:addFilter(948)) - Added filter static_user_filter (class=org.apache.hadoop.http.lib.StaticUserWebFilter$StaticUserFilter) to context hddsDatanode
2019-10-04 13:42:19,677 [main] INFO  http.HttpServer2 (HttpServer2.java:addFilter(958)) - Added filter static_user_filter (class=org.apache.hadoop.http.lib.StaticUserWebFilter$StaticUserFilter) to context static
2019-10-04 13:42:19,677 [main] INFO  http.HttpServer2 (HttpServer2.java:addFilter(958)) - Added filter static_user_filter (class=org.apache.hadoop.http.lib.StaticUserWebFilter$StaticUserFilter) to context logs
2019-10-04 13:42:19,678 [main] INFO  http.HttpServer2 (HttpServer2.java:bindListener(1191)) - Jetty bound to port 39431
2019-10-04 13:42:19,678 [main] INFO  server.Server (Server.java:doStart(351)) - jetty-9.3.25.v20180904, build timestamp: 2018-09-04T21:11:46Z, git hash: 3ce520221d0240229c862b122d2b06c12a625732
2019-10-04 13:42:19,681 [main] INFO  handler.ContextHandler (ContextHandler.java:doStart(781)) - Started o.e.j.s.ServletContextHandler@63c12e52{/logs,file:///workdir/hadoop-ozone/integration-test/target/log,AVAILABLE}
2019-10-04 13:42:19,681 [main] INFO  handler.ContextHandler (ContextHandler.java:doStart(781)) - Started o.e.j.s.ServletContextHandler@26c47874{/static,jar:file:/home/user/.m2/repository/org/apache/hadoop/hadoop-hdds-container-service/0.5.0-SNAPSHOT/hadoop-hdds-container-service-0.5.0-SNAPSHOT.jar!/webapps/static,AVAILABLE}
2019-10-04 13:42:19,712 [main] INFO  handler.ContextHandler (ContextHandler.java:doStart(781)) - Started o.e.j.w.WebAppContext@117525fe{/,file:///tmp/jetty-0.0.0.0-39431-hddsDatanode-_-any-4522388572543241736.dir/webapp/,AVAILABLE}{/hddsDatanode}
2019-10-04 13:42:19,712 [main] INFO  server.AbstractConnector (AbstractConnector.java:doStart(278)) - Started ServerConnector@5f7989fa{HTTP/1.1,[http/1.1]}{0.0.0.0:39431}
2019-10-04 13:42:19,713 [main] INFO  server.Server (Server.java:doStart(419)) - Started @5307ms
2019-10-04 13:42:19,713 [main] WARN  impl.MetricsSystemImpl (MetricsSystemImpl.java:register(276)) - Sink prometheus already exists!
2019-10-04 13:42:19,716 [main] INFO  server.BaseHttpServer (BaseHttpServer.java:updateConnectorAddress(215)) - HTTP server of HDDSDATANODE is listening at http://0.0.0.0:39431
2019-10-04 13:42:19,717 [main] INFO  impl.MetricsSystemImpl (MetricsSystemImpl.java:init(158)) - HddsDatanode metrics system started (again)
2019-10-04 13:42:19,720 [main] INFO  ozone.HddsDatanodeService (HddsDatanodeService.java:start(184)) - HddsDatanodeService host:pr-hdds-2233-hr7xq-248966361 ip:192.168.30.33
2019-10-04 13:42:19,722 [org.apache.hadoop.util.JvmPauseMonitor$Monitor@1f38dc52] INFO  util.JvmPauseMonitor (JvmPauseMonitor.java:run(188)) - Starting JVM pause monitor
2019-10-04 13:42:19,730 [main] INFO  volume.HddsVolume (HddsVolume.java:<init>(176)) - Creating Volume: /workdir/hadoop-ozone/integration-test/target/test-dir/MiniOzoneClusterImpl-5c48747c-7a6e-4ba5-a504-6c7ef741f97d/datanode-1/data/containers/hdds of  storage type : DISK and capacity : 1482555576320
2019-10-04 13:42:19,731 [main] INFO  volume.VolumeSet (VolumeSet.java:initializeVolumeSet(170)) - Added Volume : /workdir/hadoop-ozone/integration-test/target/test-dir/MiniOzoneClusterImpl-5c48747c-7a6e-4ba5-a504-6c7ef741f97d/datanode-1/data/containers/hdds to VolumeSet
2019-10-04 13:42:19,731 [main] INFO  volume.ThrottledAsyncChecker (ThrottledAsyncChecker.java:schedule(139)) - Scheduling a check for org.apache.hadoop.ozone.container.common.volume.HddsVolume@77774571
2019-10-04 13:42:19,732 [main] INFO  volume.HddsVolumeChecker (HddsVolumeChecker.java:checkAllVolumes(202)) - Scheduled health check for volume org.apache.hadoop.ozone.container.common.volume.HddsVolume@77774571
2019-10-04 13:42:19,750 [main] INFO  impl.RaftServerProxy (ConfUtils.java:logGet(43)) - raft.rpc.type = GRPC (default)
2019-10-04 13:42:19,751 [main] INFO  grpc.GrpcFactory (GrpcFactory.java:checkPooledByteBufAllocatorUseCacheForAllThreads(45)) - PERFORMANCE WARNING: useCacheForAllThreads is true that may cause Netty to create a lot garbage objects and, as a result, trigger GC.
	It is recommended to disable useCacheForAllThreads by setting -Dorg.apache.ratis.thirdparty.io.netty.allocator.useCacheForAllThreads=false in command line.
2019-10-04 13:42:19,751 [main] INFO  grpc.GrpcConfigKeys$Server (ConfUtils.java:logGet(43)) - raft.grpc.server.port = 0 (default)
2019-10-04 13:42:19,752 [main] INFO  server.GrpcService (ConfUtils.java:logGet(43)) - raft.grpc.message.size.max = 33570816 (custom)
2019-10-04 13:42:19,752 [main] INFO  server.RaftServerConfigKeys (ConfUtils.java:logGet(43)) - raft.server.log.appender.buffer.byte-limit = 33554432 (custom)
2019-10-04 13:42:19,752 [main] INFO  server.GrpcService (ConfUtils.java:logGet(43)) - raft.grpc.flow.control.window = 1MB (=1048576) (default)
2019-10-04 13:42:19,753 [main] INFO  server.RaftServerConfigKeys (ConfUtils.java:logGet(43)) - raft.server.rpc.request.timeout = 3000ms (default)
2019-10-04 13:42:19,753 [main] INFO  server.RaftServerConfigKeys (ConfUtils.java:logGet(43)) - raft.server.storage.dir = [/workdir/hadoop-ozone/integration-test/target/test-dir/MiniOzoneClusterImpl-5c48747c-7a6e-4ba5-a504-6c7ef741f97d/datanode-1/data/ratis] (custom)
2019-10-04 13:42:19,755 [main] INFO  hdfs.DFSUtil (DFSUtil.java:httpServerTemplateForNNAndJN(1641)) - Starting Web-server for hddsDatanode at: http://0.0.0.0:0
2019-10-04 13:42:19,757 [main] INFO  server.AuthenticationFilter (AuthenticationFilter.java:constructSecretProvider(240)) - Unable to initialize FileSignerSecretProvider, falling back to use random secrets.
2019-10-04 13:42:19,758 [main] WARN  http.HttpRequestLog (HttpRequestLog.java:getRequestLog(97)) - Jetty request log can only be enabled using Log4j
2019-10-04 13:42:19,760 [main] INFO  http.HttpServer2 (HttpServer2.java:addGlobalFilter(975)) - Added global filter 'safety' (class=org.apache.hadoop.http.HttpServer2$QuotingInputFilter)
2019-10-04 13:42:19,762 [main] INFO  http.HttpServer2 (HttpServer2.java:addFilter(948)) - Added filter static_user_filter (class=org.apache.hadoop.http.lib.StaticUserWebFilter$StaticUserFilter) to context hddsDatanode
2019-10-04 13:42:19,762 [main] INFO  http.HttpServer2 (HttpServer2.java:addFilter(958)) - Added filter static_user_filter (class=org.apache.hadoop.http.lib.StaticUserWebFilter$StaticUserFilter) to context static
2019-10-04 13:42:19,762 [main] INFO  http.HttpServer2 (HttpServer2.java:addFilter(958)) - Added filter static_user_filter (class=org.apache.hadoop.http.lib.StaticUserWebFilter$StaticUserFilter) to context logs
2019-10-04 13:42:19,763 [main] INFO  http.HttpServer2 (HttpServer2.java:bindListener(1191)) - Jetty bound to port 42643
2019-10-04 13:42:19,763 [main] INFO  server.Server (Server.java:doStart(351)) - jetty-9.3.25.v20180904, build timestamp: 2018-09-04T21:11:46Z, git hash: 3ce520221d0240229c862b122d2b06c12a625732
2019-10-04 13:42:19,768 [main] INFO  handler.ContextHandler (ContextHandler.java:doStart(781)) - Started o.e.j.s.ServletContextHandler@4d41ba0f{/logs,file:///workdir/hadoop-ozone/integration-test/target/log,AVAILABLE}
2019-10-04 13:42:19,769 [main] INFO  handler.ContextHandler (ContextHandler.java:doStart(781)) - Started o.e.j.s.ServletContextHandler@77bbadc{/static,jar:file:/home/user/.m2/repository/org/apache/hadoop/hadoop-hdds-container-service/0.5.0-SNAPSHOT/hadoop-hdds-container-service-0.5.0-SNAPSHOT.jar!/webapps/static,AVAILABLE}
2019-10-04 13:42:19,799 [main] INFO  handler.ContextHandler (ContextHandler.java:doStart(781)) - Started o.e.j.w.WebAppContext@611a990b{/,file:///tmp/jetty-0.0.0.0-42643-hddsDatanode-_-any-4181139350515904075.dir/webapp/,AVAILABLE}{/hddsDatanode}
2019-10-04 13:42:19,801 [main] INFO  server.AbstractConnector (AbstractConnector.java:doStart(278)) - Started ServerConnector@7cbeac65{HTTP/1.1,[http/1.1]}{0.0.0.0:42643}
2019-10-04 13:42:19,802 [main] INFO  server.Server (Server.java:doStart(419)) - Started @5395ms
2019-10-04 13:42:19,802 [main] WARN  impl.MetricsSystemImpl (MetricsSystemImpl.java:register(276)) - Sink prometheus already exists!
2019-10-04 13:42:19,803 [main] INFO  server.BaseHttpServer (BaseHttpServer.java:updateConnectorAddress(215)) - HTTP server of HDDSDATANODE is listening at http://0.0.0.0:42643
2019-10-04 13:42:19,804 [main] INFO  impl.MetricsSystemImpl (MetricsSystemImpl.java:init(158)) - HddsDatanode metrics system started (again)
2019-10-04 13:42:19,806 [org.apache.hadoop.util.JvmPauseMonitor$Monitor@2f983af5] INFO  util.JvmPauseMonitor (JvmPauseMonitor.java:run(188)) - Starting JVM pause monitor
2019-10-04 13:42:19,807 [main] INFO  ozone.HddsDatanodeService (HddsDatanodeService.java:start(184)) - HddsDatanodeService host:pr-hdds-2233-hr7xq-248966361 ip:192.168.30.33
2019-10-04 13:42:19,815 [main] INFO  volume.HddsVolume (HddsVolume.java:<init>(176)) - Creating Volume: /workdir/hadoop-ozone/integration-test/target/test-dir/MiniOzoneClusterImpl-5c48747c-7a6e-4ba5-a504-6c7ef741f97d/datanode-2/data/containers/hdds of  storage type : DISK and capacity : 1482555576320
2019-10-04 13:42:19,815 [main] INFO  volume.VolumeSet (VolumeSet.java:initializeVolumeSet(170)) - Added Volume : /workdir/hadoop-ozone/integration-test/target/test-dir/MiniOzoneClusterImpl-5c48747c-7a6e-4ba5-a504-6c7ef741f97d/datanode-2/data/containers/hdds to VolumeSet
2019-10-04 13:42:19,816 [main] INFO  volume.ThrottledAsyncChecker (ThrottledAsyncChecker.java:schedule(139)) - Scheduling a check for org.apache.hadoop.ozone.container.common.volume.HddsVolume@5fcfde70
2019-10-04 13:42:19,817 [main] INFO  volume.HddsVolumeChecker (HddsVolumeChecker.java:checkAllVolumes(202)) - Scheduled health check for volume org.apache.hadoop.ozone.container.common.volume.HddsVolume@5fcfde70
2019-10-04 13:42:19,839 [main] INFO  impl.RaftServerProxy (ConfUtils.java:logGet(43)) - raft.rpc.type = GRPC (default)
2019-10-04 13:42:19,839 [main] INFO  grpc.GrpcFactory (GrpcFactory.java:checkPooledByteBufAllocatorUseCacheForAllThreads(45)) - PERFORMANCE WARNING: useCacheForAllThreads is true that may cause Netty to create a lot garbage objects and, as a result, trigger GC.
	It is recommended to disable useCacheForAllThreads by setting -Dorg.apache.ratis.thirdparty.io.netty.allocator.useCacheForAllThreads=false in command line.
2019-10-04 13:42:19,839 [main] INFO  grpc.GrpcConfigKeys$Server (ConfUtils.java:logGet(43)) - raft.grpc.server.port = 0 (default)
2019-10-04 13:42:19,840 [main] INFO  server.GrpcService (ConfUtils.java:logGet(43)) - raft.grpc.message.size.max = 33570816 (custom)
2019-10-04 13:42:19,840 [main] INFO  server.RaftServerConfigKeys (ConfUtils.java:logGet(43)) - raft.server.log.appender.buffer.byte-limit = 33554432 (custom)
2019-10-04 13:42:19,840 [main] INFO  server.GrpcService (ConfUtils.java:logGet(43)) - raft.grpc.flow.control.window = 1MB (=1048576) (default)
2019-10-04 13:42:19,840 [main] INFO  server.RaftServerConfigKeys (ConfUtils.java:logGet(43)) - raft.server.rpc.request.timeout = 3000ms (default)
2019-10-04 13:42:19,841 [main] INFO  server.RaftServerConfigKeys (ConfUtils.java:logGet(43)) - raft.server.storage.dir = [/workdir/hadoop-ozone/integration-test/target/test-dir/MiniOzoneClusterImpl-5c48747c-7a6e-4ba5-a504-6c7ef741f97d/datanode-2/data/ratis] (custom)
2019-10-04 13:42:19,843 [main] INFO  hdfs.DFSUtil (DFSUtil.java:httpServerTemplateForNNAndJN(1641)) - Starting Web-server for hddsDatanode at: http://0.0.0.0:0
2019-10-04 13:42:19,844 [Datanode State Machine Thread - 0] INFO  datanode.InitDatanodeState (InitDatanodeState.java:persistContainerDatanodeDetails(140)) - DatanodeDetails is persisted to /workdir/hadoop-ozone/integration-test/target/test-dir/MiniOzoneClusterImpl-5c48747c-7a6e-4ba5-a504-6c7ef741f97d/datanode-0/meta/datanode.id
2019-10-04 13:42:19,844 [main] INFO  server.AuthenticationFilter (AuthenticationFilter.java:constructSecretProvider(240)) - Unable to initialize FileSignerSecretProvider, falling back to use random secrets.
2019-10-04 13:42:19,847 [main] WARN  http.HttpRequestLog (HttpRequestLog.java:getRequestLog(97)) - Jetty request log can only be enabled using Log4j
2019-10-04 13:42:19,848 [Datanode State Machine Thread - 0] INFO  datanode.InitDatanodeState (InitDatanodeState.java:persistContainerDatanodeDetails(140)) - DatanodeDetails is persisted to /workdir/hadoop-ozone/integration-test/target/test-dir/MiniOzoneClusterImpl-5c48747c-7a6e-4ba5-a504-6c7ef741f97d/datanode-1/meta/datanode.id
2019-10-04 13:42:19,850 [main] INFO  http.HttpServer2 (HttpServer2.java:addGlobalFilter(975)) - Added global filter 'safety' (class=org.apache.hadoop.http.HttpServer2$QuotingInputFilter)
2019-10-04 13:42:19,851 [main] INFO  http.HttpServer2 (HttpServer2.java:addFilter(948)) - Added filter static_user_filter (class=org.apache.hadoop.http.lib.StaticUserWebFilter$StaticUserFilter) to context hddsDatanode
2019-10-04 13:42:19,851 [main] INFO  http.HttpServer2 (HttpServer2.java:addFilter(958)) - Added filter static_user_filter (class=org.apache.hadoop.http.lib.StaticUserWebFilter$StaticUserFilter) to context logs
2019-10-04 13:42:19,851 [main] INFO  http.HttpServer2 (HttpServer2.java:addFilter(958)) - Added filter static_user_filter (class=org.apache.hadoop.http.lib.StaticUserWebFilter$StaticUserFilter) to context static
2019-10-04 13:42:19,852 [main] INFO  http.HttpServer2 (HttpServer2.java:bindListener(1191)) - Jetty bound to port 33331
2019-10-04 13:42:19,852 [main] INFO  server.Server (Server.java:doStart(351)) - jetty-9.3.25.v20180904, build timestamp: 2018-09-04T21:11:46Z, git hash: 3ce520221d0240229c862b122d2b06c12a625732
2019-10-04 13:42:19,854 [main] INFO  handler.ContextHandler (ContextHandler.java:doStart(781)) - Started o.e.j.s.ServletContextHandler@6dcc40f5{/logs,file:///workdir/hadoop-ozone/integration-test/target/log,AVAILABLE}
2019-10-04 13:42:19,855 [main] INFO  handler.ContextHandler (ContextHandler.java:doStart(781)) - Started o.e.j.s.ServletContextHandler@70887727{/static,jar:file:/home/user/.m2/repository/org/apache/hadoop/hadoop-hdds-container-service/0.5.0-SNAPSHOT/hadoop-hdds-container-service-0.5.0-SNAPSHOT.jar!/webapps/static,AVAILABLE}
2019-10-04 13:42:19,885 [main] INFO  handler.ContextHandler (ContextHandler.java:doStart(781)) - Started o.e.j.w.WebAppContext@6540cf1d{/,file:///tmp/jetty-0.0.0.0-33331-hddsDatanode-_-any-1298288617620522859.dir/webapp/,AVAILABLE}{/hddsDatanode}
2019-10-04 13:42:19,886 [main] INFO  server.AbstractConnector (AbstractConnector.java:doStart(278)) - Started ServerConnector@ec8f4b9{HTTP/1.1,[http/1.1]}{0.0.0.0:33331}
2019-10-04 13:42:19,888 [main] INFO  server.Server (Server.java:doStart(419)) - Started @5481ms
2019-10-04 13:42:19,888 [main] WARN  impl.MetricsSystemImpl (MetricsSystemImpl.java:register(276)) - Sink prometheus already exists!
2019-10-04 13:42:19,889 [main] INFO  server.BaseHttpServer (BaseHttpServer.java:updateConnectorAddress(215)) - HTTP server of HDDSDATANODE is listening at http://0.0.0.0:33331
2019-10-04 13:42:19,889 [main] INFO  impl.MetricsSystemImpl (MetricsSystemImpl.java:init(158)) - HddsDatanode metrics system started (again)
2019-10-04 13:42:19,892 [org.apache.hadoop.util.JvmPauseMonitor$Monitor@557ec55d] INFO  util.JvmPauseMonitor (JvmPauseMonitor.java:run(188)) - Starting JVM pause monitor
2019-10-04 13:42:19,892 [main] INFO  ozone.HddsDatanodeService (HddsDatanodeService.java:start(184)) - HddsDatanodeService host:pr-hdds-2233-hr7xq-248966361 ip:192.168.30.33
2019-10-04 13:42:19,895 [Datanode State Machine Thread - 0] INFO  datanode.InitDatanodeState (InitDatanodeState.java:persistContainerDatanodeDetails(140)) - DatanodeDetails is persisted to /workdir/hadoop-ozone/integration-test/target/test-dir/MiniOzoneClusterImpl-5c48747c-7a6e-4ba5-a504-6c7ef741f97d/datanode-2/meta/datanode.id
2019-10-04 13:42:19,900 [main] INFO  volume.HddsVolume (HddsVolume.java:<init>(176)) - Creating Volume: /workdir/hadoop-ozone/integration-test/target/test-dir/MiniOzoneClusterImpl-5c48747c-7a6e-4ba5-a504-6c7ef741f97d/datanode-3/data/containers/hdds of  storage type : DISK and capacity : 1482555576320
2019-10-04 13:42:19,900 [main] INFO  volume.VolumeSet (VolumeSet.java:initializeVolumeSet(170)) - Added Volume : /workdir/hadoop-ozone/integration-test/target/test-dir/MiniOzoneClusterImpl-5c48747c-7a6e-4ba5-a504-6c7ef741f97d/datanode-3/data/containers/hdds to VolumeSet
2019-10-04 13:42:19,900 [main] INFO  volume.ThrottledAsyncChecker (ThrottledAsyncChecker.java:schedule(139)) - Scheduling a check for org.apache.hadoop.ozone.container.common.volume.HddsVolume@1f6917fb
2019-10-04 13:42:19,901 [main] INFO  volume.HddsVolumeChecker (HddsVolumeChecker.java:checkAllVolumes(202)) - Scheduled health check for volume org.apache.hadoop.ozone.container.common.volume.HddsVolume@1f6917fb
2019-10-04 13:42:19,920 [main] INFO  impl.RaftServerProxy (ConfUtils.java:logGet(43)) - raft.rpc.type = GRPC (default)
2019-10-04 13:42:19,920 [main] INFO  grpc.GrpcFactory (GrpcFactory.java:checkPooledByteBufAllocatorUseCacheForAllThreads(45)) - PERFORMANCE WARNING: useCacheForAllThreads is true that may cause Netty to create a lot garbage objects and, as a result, trigger GC.
	It is recommended to disable useCacheForAllThreads by setting -Dorg.apache.ratis.thirdparty.io.netty.allocator.useCacheForAllThreads=false in command line.
2019-10-04 13:42:19,920 [main] INFO  grpc.GrpcConfigKeys$Server (ConfUtils.java:logGet(43)) - raft.grpc.server.port = 0 (default)
2019-10-04 13:42:19,921 [main] INFO  server.GrpcService (ConfUtils.java:logGet(43)) - raft.grpc.message.size.max = 33570816 (custom)
2019-10-04 13:42:19,921 [main] INFO  server.RaftServerConfigKeys (ConfUtils.java:logGet(43)) - raft.server.log.appender.buffer.byte-limit = 33554432 (custom)
2019-10-04 13:42:19,921 [main] INFO  server.GrpcService (ConfUtils.java:logGet(43)) - raft.grpc.flow.control.window = 1MB (=1048576) (default)
2019-10-04 13:42:19,922 [main] INFO  server.RaftServerConfigKeys (ConfUtils.java:logGet(43)) - raft.server.rpc.request.timeout = 3000ms (default)
2019-10-04 13:42:19,923 [main] INFO  server.RaftServerConfigKeys (ConfUtils.java:logGet(43)) - raft.server.storage.dir = [/workdir/hadoop-ozone/integration-test/target/test-dir/MiniOzoneClusterImpl-5c48747c-7a6e-4ba5-a504-6c7ef741f97d/datanode-3/data/ratis] (custom)
2019-10-04 13:42:19,925 [main] INFO  hdfs.DFSUtil (DFSUtil.java:httpServerTemplateForNNAndJN(1641)) - Starting Web-server for hddsDatanode at: http://0.0.0.0:0
2019-10-04 13:42:19,927 [main] INFO  server.AuthenticationFilter (AuthenticationFilter.java:constructSecretProvider(240)) - Unable to initialize FileSignerSecretProvider, falling back to use random secrets.
2019-10-04 13:42:19,928 [main] WARN  http.HttpRequestLog (HttpRequestLog.java:getRequestLog(97)) - Jetty request log can only be enabled using Log4j
2019-10-04 13:42:19,931 [main] INFO  http.HttpServer2 (HttpServer2.java:addGlobalFilter(975)) - Added global filter 'safety' (class=org.apache.hadoop.http.HttpServer2$QuotingInputFilter)
2019-10-04 13:42:19,933 [main] INFO  http.HttpServer2 (HttpServer2.java:addFilter(948)) - Added filter static_user_filter (class=org.apache.hadoop.http.lib.StaticUserWebFilter$StaticUserFilter) to context hddsDatanode
2019-10-04 13:42:19,933 [main] INFO  http.HttpServer2 (HttpServer2.java:addFilter(958)) - Added filter static_user_filter (class=org.apache.hadoop.http.lib.StaticUserWebFilter$StaticUserFilter) to context logs
2019-10-04 13:42:19,933 [main] INFO  http.HttpServer2 (HttpServer2.java:addFilter(958)) - Added filter static_user_filter (class=org.apache.hadoop.http.lib.StaticUserWebFilter$StaticUserFilter) to context static
2019-10-04 13:42:19,935 [main] INFO  http.HttpServer2 (HttpServer2.java:bindListener(1191)) - Jetty bound to port 33507
2019-10-04 13:42:19,935 [main] INFO  server.Server (Server.java:doStart(351)) - jetty-9.3.25.v20180904, build timestamp: 2018-09-04T21:11:46Z, git hash: 3ce520221d0240229c862b122d2b06c12a625732
2019-10-04 13:42:19,939 [main] INFO  handler.ContextHandler (ContextHandler.java:doStart(781)) - Started o.e.j.s.ServletContextHandler@4e1a46fb{/logs,file:///workdir/hadoop-ozone/integration-test/target/log,AVAILABLE}
2019-10-04 13:42:19,940 [main] INFO  handler.ContextHandler (ContextHandler.java:doStart(781)) - Started o.e.j.s.ServletContextHandler@20ab3e3a{/static,jar:file:/home/user/.m2/repository/org/apache/hadoop/hadoop-hdds-container-service/0.5.0-SNAPSHOT/hadoop-hdds-container-service-0.5.0-SNAPSHOT.jar!/webapps/static,AVAILABLE}
2019-10-04 13:42:19,970 [main] INFO  handler.ContextHandler (ContextHandler.java:doStart(781)) - Started o.e.j.w.WebAppContext@2f897dab{/,file:///tmp/jetty-0.0.0.0-33507-hddsDatanode-_-any-4745657620389734967.dir/webapp/,AVAILABLE}{/hddsDatanode}
2019-10-04 13:42:19,971 [main] INFO  server.AbstractConnector (AbstractConnector.java:doStart(278)) - Started ServerConnector@d5d5353{HTTP/1.1,[http/1.1]}{0.0.0.0:33507}
2019-10-04 13:42:19,972 [main] INFO  server.Server (Server.java:doStart(419)) - Started @5566ms
2019-10-04 13:42:19,973 [main] WARN  impl.MetricsSystemImpl (MetricsSystemImpl.java:register(276)) - Sink prometheus already exists!
2019-10-04 13:42:19,974 [main] INFO  server.BaseHttpServer (BaseHttpServer.java:updateConnectorAddress(215)) - HTTP server of HDDSDATANODE is listening at http://0.0.0.0:33507
2019-10-04 13:42:19,975 [main] INFO  impl.MetricsSystemImpl (MetricsSystemImpl.java:init(158)) - HddsDatanode metrics system started (again)
2019-10-04 13:42:19,979 [org.apache.hadoop.util.JvmPauseMonitor$Monitor@388665d4] INFO  util.JvmPauseMonitor (JvmPauseMonitor.java:run(188)) - Starting JVM pause monitor
2019-10-04 13:42:19,981 [main] INFO  ozone.HddsDatanodeService (HddsDatanodeService.java:start(184)) - HddsDatanodeService host:pr-hdds-2233-hr7xq-248966361 ip:192.168.30.33
2019-10-04 13:42:19,983 [Datanode State Machine Thread - 0] INFO  datanode.InitDatanodeState (InitDatanodeState.java:persistContainerDatanodeDetails(140)) - DatanodeDetails is persisted to /workdir/hadoop-ozone/integration-test/target/test-dir/MiniOzoneClusterImpl-5c48747c-7a6e-4ba5-a504-6c7ef741f97d/datanode-3/meta/datanode.id
2019-10-04 13:42:19,994 [main] INFO  volume.HddsVolume (HddsVolume.java:<init>(176)) - Creating Volume: /workdir/hadoop-ozone/integration-test/target/test-dir/MiniOzoneClusterImpl-5c48747c-7a6e-4ba5-a504-6c7ef741f97d/datanode-4/data/containers/hdds of  storage type : DISK and capacity : 1482555576320
2019-10-04 13:42:19,995 [main] INFO  volume.VolumeSet (VolumeSet.java:initializeVolumeSet(170)) - Added Volume : /workdir/hadoop-ozone/integration-test/target/test-dir/MiniOzoneClusterImpl-5c48747c-7a6e-4ba5-a504-6c7ef741f97d/datanode-4/data/containers/hdds to VolumeSet
2019-10-04 13:42:19,995 [main] INFO  volume.ThrottledAsyncChecker (ThrottledAsyncChecker.java:schedule(139)) - Scheduling a check for org.apache.hadoop.ozone.container.common.volume.HddsVolume@1cc680e
2019-10-04 13:42:19,996 [main] INFO  volume.HddsVolumeChecker (HddsVolumeChecker.java:checkAllVolumes(202)) - Scheduled health check for volume org.apache.hadoop.ozone.container.common.volume.HddsVolume@1cc680e
2019-10-04 13:42:20,015 [main] INFO  impl.RaftServerProxy (ConfUtils.java:logGet(43)) - raft.rpc.type = GRPC (default)
2019-10-04 13:42:20,016 [main] INFO  grpc.GrpcFactory (GrpcFactory.java:checkPooledByteBufAllocatorUseCacheForAllThreads(45)) - PERFORMANCE WARNING: useCacheForAllThreads is true that may cause Netty to create a lot garbage objects and, as a result, trigger GC.
	It is recommended to disable useCacheForAllThreads by setting -Dorg.apache.ratis.thirdparty.io.netty.allocator.useCacheForAllThreads=false in command line.
2019-10-04 13:42:20,016 [main] INFO  grpc.GrpcConfigKeys$Server (ConfUtils.java:logGet(43)) - raft.grpc.server.port = 0 (default)
2019-10-04 13:42:20,016 [main] INFO  server.GrpcService (ConfUtils.java:logGet(43)) - raft.grpc.message.size.max = 33570816 (custom)
2019-10-04 13:42:20,017 [main] INFO  server.RaftServerConfigKeys (ConfUtils.java:logGet(43)) - raft.server.log.appender.buffer.byte-limit = 33554432 (custom)
2019-10-04 13:42:20,017 [main] INFO  server.GrpcService (ConfUtils.java:logGet(43)) - raft.grpc.flow.control.window = 1MB (=1048576) (default)
2019-10-04 13:42:20,017 [main] INFO  server.RaftServerConfigKeys (ConfUtils.java:logGet(43)) - raft.server.rpc.request.timeout = 3000ms (default)
2019-10-04 13:42:20,018 [main] INFO  server.RaftServerConfigKeys (ConfUtils.java:logGet(43)) - raft.server.storage.dir = [/workdir/hadoop-ozone/integration-test/target/test-dir/MiniOzoneClusterImpl-5c48747c-7a6e-4ba5-a504-6c7ef741f97d/datanode-4/data/ratis] (custom)
2019-10-04 13:42:20,020 [main] INFO  hdfs.DFSUtil (DFSUtil.java:httpServerTemplateForNNAndJN(1641)) - Starting Web-server for hddsDatanode at: http://0.0.0.0:0
2019-10-04 13:42:20,021 [main] INFO  server.AuthenticationFilter (AuthenticationFilter.java:constructSecretProvider(240)) - Unable to initialize FileSignerSecretProvider, falling back to use random secrets.
2019-10-04 13:42:20,022 [main] WARN  http.HttpRequestLog (HttpRequestLog.java:getRequestLog(97)) - Jetty request log can only be enabled using Log4j
2019-10-04 13:42:20,024 [main] INFO  http.HttpServer2 (HttpServer2.java:addGlobalFilter(975)) - Added global filter 'safety' (class=org.apache.hadoop.http.HttpServer2$QuotingInputFilter)
2019-10-04 13:42:20,025 [main] INFO  http.HttpServer2 (HttpServer2.java:addFilter(948)) - Added filter static_user_filter (class=org.apache.hadoop.http.lib.StaticUserWebFilter$StaticUserFilter) to context hddsDatanode
2019-10-04 13:42:20,025 [main] INFO  http.HttpServer2 (HttpServer2.java:addFilter(958)) - Added filter static_user_filter (class=org.apache.hadoop.http.lib.StaticUserWebFilter$StaticUserFilter) to context static
2019-10-04 13:42:20,025 [main] INFO  http.HttpServer2 (HttpServer2.java:addFilter(958)) - Added filter static_user_filter (class=org.apache.hadoop.http.lib.StaticUserWebFilter$StaticUserFilter) to context logs
2019-10-04 13:42:20,026 [main] INFO  http.HttpServer2 (HttpServer2.java:bindListener(1191)) - Jetty bound to port 38971
2019-10-04 13:42:20,026 [main] INFO  server.Server (Server.java:doStart(351)) - jetty-9.3.25.v20180904, build timestamp: 2018-09-04T21:11:46Z, git hash: 3ce520221d0240229c862b122d2b06c12a625732
2019-10-04 13:42:20,028 [main] INFO  handler.ContextHandler (ContextHandler.java:doStart(781)) - Started o.e.j.s.ServletContextHandler@4f89331f{/logs,file:///workdir/hadoop-ozone/integration-test/target/log,AVAILABLE}
2019-10-04 13:42:20,029 [main] INFO  handler.ContextHandler (ContextHandler.java:doStart(781)) - Started o.e.j.s.ServletContextHandler@16727bf0{/static,jar:file:/home/user/.m2/repository/org/apache/hadoop/hadoop-hdds-container-service/0.5.0-SNAPSHOT/hadoop-hdds-container-service-0.5.0-SNAPSHOT.jar!/webapps/static,AVAILABLE}
2019-10-04 13:42:20,061 [main] INFO  handler.ContextHandler (ContextHandler.java:doStart(781)) - Started o.e.j.w.WebAppContext@f1d0004{/,file:///tmp/jetty-0.0.0.0-38971-hddsDatanode-_-any-2743557932553059088.dir/webapp/,AVAILABLE}{/hddsDatanode}
2019-10-04 13:42:20,063 [main] INFO  server.AbstractConnector (AbstractConnector.java:doStart(278)) - Started ServerConnector@6e4f263e{HTTP/1.1,[http/1.1]}{0.0.0.0:38971}
2019-10-04 13:42:20,063 [main] INFO  server.Server (Server.java:doStart(419)) - Started @5657ms
2019-10-04 13:42:20,063 [main] WARN  impl.MetricsSystemImpl (MetricsSystemImpl.java:register(276)) - Sink prometheus already exists!
2019-10-04 13:42:20,064 [main] INFO  server.BaseHttpServer (BaseHttpServer.java:updateConnectorAddress(215)) - HTTP server of HDDSDATANODE is listening at http://0.0.0.0:38971
2019-10-04 13:42:20,064 [main] INFO  impl.MetricsSystemImpl (MetricsSystemImpl.java:init(158)) - HddsDatanode metrics system started (again)
2019-10-04 13:42:20,067 [org.apache.hadoop.util.JvmPauseMonitor$Monitor@6eb6503e] INFO  util.JvmPauseMonitor (JvmPauseMonitor.java:run(188)) - Starting JVM pause monitor
2019-10-04 13:42:20,067 [main] INFO  ozone.HddsDatanodeService (HddsDatanodeService.java:start(184)) - HddsDatanodeService host:pr-hdds-2233-hr7xq-248966361 ip:192.168.30.33
2019-10-04 13:42:20,070 [Datanode State Machine Thread - 0] INFO  datanode.InitDatanodeState (InitDatanodeState.java:persistContainerDatanodeDetails(140)) - DatanodeDetails is persisted to /workdir/hadoop-ozone/integration-test/target/test-dir/MiniOzoneClusterImpl-5c48747c-7a6e-4ba5-a504-6c7ef741f97d/datanode-4/meta/datanode.id
2019-10-04 13:42:20,075 [main] INFO  volume.HddsVolume (HddsVolume.java:<init>(176)) - Creating Volume: /workdir/hadoop-ozone/integration-test/target/test-dir/MiniOzoneClusterImpl-5c48747c-7a6e-4ba5-a504-6c7ef741f97d/datanode-5/data/containers/hdds of  storage type : DISK and capacity : 1482555576320
2019-10-04 13:42:20,076 [main] INFO  volume.VolumeSet (VolumeSet.java:initializeVolumeSet(170)) - Added Volume : /workdir/hadoop-ozone/integration-test/target/test-dir/MiniOzoneClusterImpl-5c48747c-7a6e-4ba5-a504-6c7ef741f97d/datanode-5/data/containers/hdds to VolumeSet
2019-10-04 13:42:20,076 [main] INFO  volume.ThrottledAsyncChecker (ThrottledAsyncChecker.java:schedule(139)) - Scheduling a check for org.apache.hadoop.ozone.container.common.volume.HddsVolume@2370ac7a
2019-10-04 13:42:20,077 [main] INFO  volume.HddsVolumeChecker (HddsVolumeChecker.java:checkAllVolumes(202)) - Scheduled health check for volume org.apache.hadoop.ozone.container.common.volume.HddsVolume@2370ac7a
2019-10-04 13:42:20,092 [main] INFO  impl.RaftServerProxy (ConfUtils.java:logGet(43)) - raft.rpc.type = GRPC (default)
2019-10-04 13:42:20,092 [main] INFO  grpc.GrpcFactory (GrpcFactory.java:checkPooledByteBufAllocatorUseCacheForAllThreads(45)) - PERFORMANCE WARNING: useCacheForAllThreads is true that may cause Netty to create a lot garbage objects and, as a result, trigger GC.
	It is recommended to disable useCacheForAllThreads by setting -Dorg.apache.ratis.thirdparty.io.netty.allocator.useCacheForAllThreads=false in command line.
2019-10-04 13:42:20,092 [main] INFO  grpc.GrpcConfigKeys$Server (ConfUtils.java:logGet(43)) - raft.grpc.server.port = 0 (default)
2019-10-04 13:42:20,092 [main] INFO  server.GrpcService (ConfUtils.java:logGet(43)) - raft.grpc.message.size.max = 33570816 (custom)
2019-10-04 13:42:20,093 [main] INFO  server.RaftServerConfigKeys (ConfUtils.java:logGet(43)) - raft.server.log.appender.buffer.byte-limit = 33554432 (custom)
2019-10-04 13:42:20,093 [main] INFO  server.GrpcService (ConfUtils.java:logGet(43)) - raft.grpc.flow.control.window = 1MB (=1048576) (default)
2019-10-04 13:42:20,093 [main] INFO  server.RaftServerConfigKeys (ConfUtils.java:logGet(43)) - raft.server.rpc.request.timeout = 3000ms (default)
2019-10-04 13:42:20,094 [main] INFO  server.RaftServerConfigKeys (ConfUtils.java:logGet(43)) - raft.server.storage.dir = [/workdir/hadoop-ozone/integration-test/target/test-dir/MiniOzoneClusterImpl-5c48747c-7a6e-4ba5-a504-6c7ef741f97d/datanode-5/data/ratis] (custom)
2019-10-04 13:42:20,095 [main] INFO  hdfs.DFSUtil (DFSUtil.java:httpServerTemplateForNNAndJN(1641)) - Starting Web-server for hddsDatanode at: http://0.0.0.0:0
2019-10-04 13:42:20,097 [main] INFO  server.AuthenticationFilter (AuthenticationFilter.java:constructSecretProvider(240)) - Unable to initialize FileSignerSecretProvider, falling back to use random secrets.
2019-10-04 13:42:20,097 [main] WARN  http.HttpRequestLog (HttpRequestLog.java:getRequestLog(97)) - Jetty request log can only be enabled using Log4j
2019-10-04 13:42:20,099 [main] INFO  http.HttpServer2 (HttpServer2.java:addGlobalFilter(975)) - Added global filter 'safety' (class=org.apache.hadoop.http.HttpServer2$QuotingInputFilter)
2019-10-04 13:42:20,100 [main] INFO  http.HttpServer2 (HttpServer2.java:addFilter(948)) - Added filter static_user_filter (class=org.apache.hadoop.http.lib.StaticUserWebFilter$StaticUserFilter) to context hddsDatanode
2019-10-04 13:42:20,100 [main] INFO  http.HttpServer2 (HttpServer2.java:addFilter(958)) - Added filter static_user_filter (class=org.apache.hadoop.http.lib.StaticUserWebFilter$StaticUserFilter) to context static
2019-10-04 13:42:20,100 [main] INFO  http.HttpServer2 (HttpServer2.java:addFilter(958)) - Added filter static_user_filter (class=org.apache.hadoop.http.lib.StaticUserWebFilter$StaticUserFilter) to context logs
2019-10-04 13:42:20,101 [main] INFO  http.HttpServer2 (HttpServer2.java:bindListener(1191)) - Jetty bound to port 40042
2019-10-04 13:42:20,101 [main] INFO  server.Server (Server.java:doStart(351)) - jetty-9.3.25.v20180904, build timestamp: 2018-09-04T21:11:46Z, git hash: 3ce520221d0240229c862b122d2b06c12a625732
2019-10-04 13:42:20,103 [main] INFO  handler.ContextHandler (ContextHandler.java:doStart(781)) - Started o.e.j.s.ServletContextHandler@b887730{/logs,file:///workdir/hadoop-ozone/integration-test/target/log,AVAILABLE}
2019-10-04 13:42:20,103 [main] INFO  handler.ContextHandler (ContextHandler.java:doStart(781)) - Started o.e.j.s.ServletContextHandler@52f57666{/static,jar:file:/home/user/.m2/repository/org/apache/hadoop/hadoop-hdds-container-service/0.5.0-SNAPSHOT/hadoop-hdds-container-service-0.5.0-SNAPSHOT.jar!/webapps/static,AVAILABLE}
2019-10-04 13:42:20,134 [main] INFO  handler.ContextHandler (ContextHandler.java:doStart(781)) - Started o.e.j.w.WebAppContext@363c4251{/,file:///tmp/jetty-0.0.0.0-40042-hddsDatanode-_-any-2425577035407889861.dir/webapp/,AVAILABLE}{/hddsDatanode}
2019-10-04 13:42:20,135 [main] INFO  server.AbstractConnector (AbstractConnector.java:doStart(278)) - Started ServerConnector@7afc4db9{HTTP/1.1,[http/1.1]}{0.0.0.0:40042}
2019-10-04 13:42:20,135 [main] INFO  server.Server (Server.java:doStart(419)) - Started @5729ms
2019-10-04 13:42:20,135 [main] WARN  impl.MetricsSystemImpl (MetricsSystemImpl.java:register(276)) - Sink prometheus already exists!
2019-10-04 13:42:20,136 [main] INFO  server.BaseHttpServer (BaseHttpServer.java:updateConnectorAddress(215)) - HTTP server of HDDSDATANODE is listening at http://0.0.0.0:40042
2019-10-04 13:42:20,137 [main] INFO  impl.MetricsSystemImpl (MetricsSystemImpl.java:init(158)) - HddsDatanode metrics system started (again)
2019-10-04 13:42:20,141 [main] INFO  ozone.HddsDatanodeService (HddsDatanodeService.java:start(184)) - HddsDatanodeService host:pr-hdds-2233-hr7xq-248966361 ip:192.168.30.33
2019-10-04 13:42:20,142 [org.apache.hadoop.util.JvmPauseMonitor$Monitor@3e9df7f2] INFO  util.JvmPauseMonitor (JvmPauseMonitor.java:run(188)) - Starting JVM pause monitor
2019-10-04 13:42:20,145 [Datanode State Machine Thread - 0] INFO  datanode.InitDatanodeState (InitDatanodeState.java:persistContainerDatanodeDetails(140)) - DatanodeDetails is persisted to /workdir/hadoop-ozone/integration-test/target/test-dir/MiniOzoneClusterImpl-5c48747c-7a6e-4ba5-a504-6c7ef741f97d/datanode-5/meta/datanode.id
2019-10-04 13:42:20,149 [main] INFO  volume.HddsVolume (HddsVolume.java:<init>(176)) - Creating Volume: /workdir/hadoop-ozone/integration-test/target/test-dir/MiniOzoneClusterImpl-5c48747c-7a6e-4ba5-a504-6c7ef741f97d/datanode-6/data/containers/hdds of  storage type : DISK and capacity : 1482555576320
2019-10-04 13:42:20,150 [main] INFO  volume.VolumeSet (VolumeSet.java:initializeVolumeSet(170)) - Added Volume : /workdir/hadoop-ozone/integration-test/target/test-dir/MiniOzoneClusterImpl-5c48747c-7a6e-4ba5-a504-6c7ef741f97d/datanode-6/data/containers/hdds to VolumeSet
2019-10-04 13:42:20,150 [main] INFO  volume.ThrottledAsyncChecker (ThrottledAsyncChecker.java:schedule(139)) - Scheduling a check for org.apache.hadoop.ozone.container.common.volume.HddsVolume@72fd8a3c
2019-10-04 13:42:20,151 [main] INFO  volume.HddsVolumeChecker (HddsVolumeChecker.java:checkAllVolumes(202)) - Scheduled health check for volume org.apache.hadoop.ozone.container.common.volume.HddsVolume@72fd8a3c
2019-10-04 13:42:20,167 [main] INFO  impl.RaftServerProxy (ConfUtils.java:logGet(43)) - raft.rpc.type = GRPC (default)
2019-10-04 13:42:20,167 [main] INFO  grpc.GrpcFactory (GrpcFactory.java:checkPooledByteBufAllocatorUseCacheForAllThreads(45)) - PERFORMANCE WARNING: useCacheForAllThreads is true that may cause Netty to create a lot garbage objects and, as a result, trigger GC.
	It is recommended to disable useCacheForAllThreads by setting -Dorg.apache.ratis.thirdparty.io.netty.allocator.useCacheForAllThreads=false in command line.
2019-10-04 13:42:20,168 [main] INFO  grpc.GrpcConfigKeys$Server (ConfUtils.java:logGet(43)) - raft.grpc.server.port = 0 (default)
2019-10-04 13:42:20,168 [main] INFO  server.GrpcService (ConfUtils.java:logGet(43)) - raft.grpc.message.size.max = 33570816 (custom)
2019-10-04 13:42:20,168 [main] INFO  server.RaftServerConfigKeys (ConfUtils.java:logGet(43)) - raft.server.log.appender.buffer.byte-limit = 33554432 (custom)
2019-10-04 13:42:20,168 [main] INFO  server.GrpcService (ConfUtils.java:logGet(43)) - raft.grpc.flow.control.window = 1MB (=1048576) (default)
2019-10-04 13:42:20,169 [main] INFO  server.RaftServerConfigKeys (ConfUtils.java:logGet(43)) - raft.server.rpc.request.timeout = 3000ms (default)
2019-10-04 13:42:20,169 [main] INFO  server.RaftServerConfigKeys (ConfUtils.java:logGet(43)) - raft.server.storage.dir = [/workdir/hadoop-ozone/integration-test/target/test-dir/MiniOzoneClusterImpl-5c48747c-7a6e-4ba5-a504-6c7ef741f97d/datanode-6/data/ratis] (custom)
2019-10-04 13:42:20,171 [main] INFO  hdfs.DFSUtil (DFSUtil.java:httpServerTemplateForNNAndJN(1641)) - Starting Web-server for hddsDatanode at: http://0.0.0.0:0
2019-10-04 13:42:20,172 [main] INFO  server.AuthenticationFilter (AuthenticationFilter.java:constructSecretProvider(240)) - Unable to initialize FileSignerSecretProvider, falling back to use random secrets.
2019-10-04 13:42:20,172 [main] WARN  http.HttpRequestLog (HttpRequestLog.java:getRequestLog(97)) - Jetty request log can only be enabled using Log4j
2019-10-04 13:42:20,174 [main] INFO  http.HttpServer2 (HttpServer2.java:addGlobalFilter(975)) - Added global filter 'safety' (class=org.apache.hadoop.http.HttpServer2$QuotingInputFilter)
2019-10-04 13:42:20,175 [main] INFO  http.HttpServer2 (HttpServer2.java:addFilter(948)) - Added filter static_user_filter (class=org.apache.hadoop.http.lib.StaticUserWebFilter$StaticUserFilter) to context hddsDatanode
2019-10-04 13:42:20,175 [main] INFO  http.HttpServer2 (HttpServer2.java:addFilter(958)) - Added filter static_user_filter (class=org.apache.hadoop.http.lib.StaticUserWebFilter$StaticUserFilter) to context logs
2019-10-04 13:42:20,176 [main] INFO  http.HttpServer2 (HttpServer2.java:addFilter(958)) - Added filter static_user_filter (class=org.apache.hadoop.http.lib.StaticUserWebFilter$StaticUserFilter) to context static
2019-10-04 13:42:20,176 [main] INFO  http.HttpServer2 (HttpServer2.java:bindListener(1191)) - Jetty bound to port 45519
2019-10-04 13:42:20,177 [main] INFO  server.Server (Server.java:doStart(351)) - jetty-9.3.25.v20180904, build timestamp: 2018-09-04T21:11:46Z, git hash: 3ce520221d0240229c862b122d2b06c12a625732
2019-10-04 13:42:20,179 [main] INFO  handler.ContextHandler (ContextHandler.java:doStart(781)) - Started o.e.j.s.ServletContextHandler@7d3fb0ef{/logs,file:///workdir/hadoop-ozone/integration-test/target/log,AVAILABLE}
2019-10-04 13:42:20,180 [main] INFO  handler.ContextHandler (ContextHandler.java:doStart(781)) - Started o.e.j.s.ServletContextHandler@4adc663e{/static,jar:file:/home/user/.m2/repository/org/apache/hadoop/hadoop-hdds-container-service/0.5.0-SNAPSHOT/hadoop-hdds-container-service-0.5.0-SNAPSHOT.jar!/webapps/static,AVAILABLE}
2019-10-04 13:42:20,214 [main] INFO  handler.ContextHandler (ContextHandler.java:doStart(781)) - Started o.e.j.w.WebAppContext@6c841199{/,file:///tmp/jetty-0.0.0.0-45519-hddsDatanode-_-any-3274993759382134336.dir/webapp/,AVAILABLE}{/hddsDatanode}
2019-10-04 13:42:20,214 [main] INFO  server.AbstractConnector (AbstractConnector.java:doStart(278)) - Started ServerConnector@6a818392{HTTP/1.1,[http/1.1]}{0.0.0.0:45519}
2019-10-04 13:42:20,215 [main] INFO  server.Server (Server.java:doStart(419)) - Started @5809ms
2019-10-04 13:42:20,216 [main] WARN  impl.MetricsSystemImpl (MetricsSystemImpl.java:register(276)) - Sink prometheus already exists!
2019-10-04 13:42:20,217 [main] INFO  server.BaseHttpServer (BaseHttpServer.java:updateConnectorAddress(215)) - HTTP server of HDDSDATANODE is listening at http://0.0.0.0:45519
2019-10-04 13:42:20,219 [main] INFO  ozone.MiniOzoneClusterImpl (MiniOzoneClusterImpl.java:lambda$waitForClusterToBeReady$0(147)) - Waiting for cluster to be ready. Got 0 of 7 DN Heartbeats.
2019-10-04 13:42:20,220 [org.apache.hadoop.util.JvmPauseMonitor$Monitor@75b64be7] INFO  util.JvmPauseMonitor (JvmPauseMonitor.java:run(188)) - Starting JVM pause monitor
2019-10-04 13:42:20,223 [Datanode State Machine Thread - 0] INFO  datanode.InitDatanodeState (InitDatanodeState.java:persistContainerDatanodeDetails(140)) - DatanodeDetails is persisted to /workdir/hadoop-ozone/integration-test/target/test-dir/MiniOzoneClusterImpl-5c48747c-7a6e-4ba5-a504-6c7ef741f97d/datanode-6/meta/datanode.id
2019-10-04 13:42:21,219 [main] INFO  ozone.MiniOzoneClusterImpl (MiniOzoneClusterImpl.java:lambda$waitForClusterToBeReady$0(147)) - Waiting for cluster to be ready. Got 0 of 7 DN Heartbeats.
2019-10-04 13:42:21,797 [Datanode State Machine Thread - 0] INFO  ozoneimpl.OzoneContainer (OzoneContainer.java:start(217)) - Attempting to start container services.
2019-10-04 13:42:21,800 [Datanode State Machine Thread - 0] INFO  ozoneimpl.OzoneContainer (OzoneContainer.java:startContainerScrub(179)) - Background container scanner has been disabled.
2019-10-04 13:42:21,801 [Datanode State Machine Thread - 0] INFO  ratis.XceiverServerRatis (XceiverServerRatis.java:start(417)) - Starting XceiverServerRatis fdc20ae7-b158-4e71-b2f1-cbf087e593c0 at port 0
2019-10-04 13:42:21,825 [Datanode State Machine Thread - 0] INFO  ozoneimpl.OzoneContainer (OzoneContainer.java:start(217)) - Attempting to start container services.
2019-10-04 13:42:21,830 [Datanode State Machine Thread - 0] INFO  ozoneimpl.OzoneContainer (OzoneContainer.java:startContainerScrub(179)) - Background container scanner has been disabled.
2019-10-04 13:42:21,830 [Datanode State Machine Thread - 0] INFO  ratis.XceiverServerRatis (XceiverServerRatis.java:start(417)) - Starting XceiverServerRatis 86f11ef4-6d23-4d92-bd7b-cd567d3784dc at port 0
2019-10-04 13:42:21,831 [Datanode State Machine Thread - 0] INFO  impl.RaftServerProxy (RaftServerProxy.java:lambda$start$3(299)) - fdc20ae7-b158-4e71-b2f1-cbf087e593c0: start RPC server
2019-10-04 13:42:21,838 [Datanode State Machine Thread - 0] INFO  impl.RaftServerProxy (RaftServerProxy.java:lambda$start$3(299)) - 86f11ef4-6d23-4d92-bd7b-cd567d3784dc: start RPC server
2019-10-04 13:42:21,904 [Datanode State Machine Thread - 0] INFO  ozoneimpl.OzoneContainer (OzoneContainer.java:start(217)) - Attempting to start container services.
2019-10-04 13:42:21,908 [Datanode State Machine Thread - 0] INFO  ozoneimpl.OzoneContainer (OzoneContainer.java:startContainerScrub(179)) - Background container scanner has been disabled.
2019-10-04 13:42:21,908 [Datanode State Machine Thread - 0] INFO  ratis.XceiverServerRatis (XceiverServerRatis.java:start(417)) - Starting XceiverServerRatis 6f372b74-5ac6-448f-870e-757968cf5a94 at port 0
2019-10-04 13:42:21,918 [Datanode State Machine Thread - 0] INFO  impl.RaftServerProxy (RaftServerProxy.java:lambda$start$3(299)) - 6f372b74-5ac6-448f-870e-757968cf5a94: start RPC server
2019-10-04 13:42:21,984 [Datanode State Machine Thread - 0] INFO  server.GrpcService (GrpcService.java:startImpl(158)) - fdc20ae7-b158-4e71-b2f1-cbf087e593c0: GrpcService started, listening on 0.0.0.0/0.0.0.0:36105
2019-10-04 13:42:21,984 [Datanode State Machine Thread - 0] INFO  server.GrpcService (GrpcService.java:startImpl(158)) - 6f372b74-5ac6-448f-870e-757968cf5a94: GrpcService started, listening on 0.0.0.0/0.0.0.0:37996
2019-10-04 13:42:21,984 [Datanode State Machine Thread - 0] INFO  server.GrpcService (GrpcService.java:startImpl(158)) - 86f11ef4-6d23-4d92-bd7b-cd567d3784dc: GrpcService started, listening on 0.0.0.0/0.0.0.0:37153
2019-10-04 13:42:21,985 [Datanode State Machine Thread - 0] INFO  ratis.XceiverServerRatis (XceiverServerRatis.java:start(427)) - XceiverServerRatis 6f372b74-5ac6-448f-870e-757968cf5a94 is started using port 37996
2019-10-04 13:42:21,985 [Datanode State Machine Thread - 0] INFO  ratis.XceiverServerRatis (XceiverServerRatis.java:start(427)) - XceiverServerRatis fdc20ae7-b158-4e71-b2f1-cbf087e593c0 is started using port 36105
2019-10-04 13:42:21,985 [Datanode State Machine Thread - 0] INFO  ratis.XceiverServerRatis (XceiverServerRatis.java:start(427)) - XceiverServerRatis 86f11ef4-6d23-4d92-bd7b-cd567d3784dc is started using port 37153
2019-10-04 13:42:21,990 [Datanode State Machine Thread - 0] INFO  server.XceiverServerGrpc (XceiverServerGrpc.java:start(149)) - XceiverServerGrpc fdc20ae7-b158-4e71-b2f1-cbf087e593c0 is started using port 43841
2019-10-04 13:42:21,991 [Datanode State Machine Thread - 0] INFO  server.XceiverServerGrpc (XceiverServerGrpc.java:start(149)) - XceiverServerGrpc 86f11ef4-6d23-4d92-bd7b-cd567d3784dc is started using port 42531
2019-10-04 13:42:21,990 [Datanode State Machine Thread - 0] INFO  server.XceiverServerGrpc (XceiverServerGrpc.java:start(149)) - XceiverServerGrpc 6f372b74-5ac6-448f-870e-757968cf5a94 is started using port 33502
2019-10-04 13:42:21,995 [Datanode State Machine Thread - 0] INFO  ozoneimpl.OzoneContainer (OzoneContainer.java:start(217)) - Attempting to start container services.
2019-10-04 13:42:21,996 [Datanode State Machine Thread - 0] INFO  ozoneimpl.OzoneContainer (OzoneContainer.java:startContainerScrub(179)) - Background container scanner has been disabled.
2019-10-04 13:42:21,996 [Datanode State Machine Thread - 0] INFO  ratis.XceiverServerRatis (XceiverServerRatis.java:start(417)) - Starting XceiverServerRatis e165e23a-d6e6-47fc-a886-184bdf342c66 at port 0
2019-10-04 13:42:22,003 [Datanode State Machine Thread - 0] INFO  impl.RaftServerProxy (RaftServerProxy.java:lambda$start$3(299)) - e165e23a-d6e6-47fc-a886-184bdf342c66: start RPC server
2019-10-04 13:42:22,005 [Datanode State Machine Thread - 0] INFO  server.GrpcService (GrpcService.java:startImpl(158)) - e165e23a-d6e6-47fc-a886-184bdf342c66: GrpcService started, listening on 0.0.0.0/0.0.0.0:37198
2019-10-04 13:42:22,006 [Datanode State Machine Thread - 0] INFO  ratis.XceiverServerRatis (XceiverServerRatis.java:start(427)) - XceiverServerRatis e165e23a-d6e6-47fc-a886-184bdf342c66 is started using port 37198
2019-10-04 13:42:22,007 [Datanode State Machine Thread - 0] INFO  server.XceiverServerGrpc (XceiverServerGrpc.java:start(149)) - XceiverServerGrpc e165e23a-d6e6-47fc-a886-184bdf342c66 is started using port 33431
2019-10-04 13:42:22,085 [Datanode State Machine Thread - 0] INFO  ozoneimpl.OzoneContainer (OzoneContainer.java:start(217)) - Attempting to start container services.
2019-10-04 13:42:22,085 [Datanode State Machine Thread - 0] INFO  ozoneimpl.OzoneContainer (OzoneContainer.java:startContainerScrub(179)) - Background container scanner has been disabled.
2019-10-04 13:42:22,086 [Datanode State Machine Thread - 0] INFO  ratis.XceiverServerRatis (XceiverServerRatis.java:start(417)) - Starting XceiverServerRatis 13f6ead9-4ac1-4df1-b42d-10c41cf9ca8c at port 0
2019-10-04 13:42:22,094 [Datanode State Machine Thread - 0] INFO  impl.RaftServerProxy (RaftServerProxy.java:lambda$start$3(299)) - 13f6ead9-4ac1-4df1-b42d-10c41cf9ca8c: start RPC server
2019-10-04 13:42:22,098 [Datanode State Machine Thread - 0] INFO  server.GrpcService (GrpcService.java:startImpl(158)) - 13f6ead9-4ac1-4df1-b42d-10c41cf9ca8c: GrpcService started, listening on 0.0.0.0/0.0.0.0:37170
2019-10-04 13:42:22,098 [Datanode State Machine Thread - 0] INFO  ratis.XceiverServerRatis (XceiverServerRatis.java:start(427)) - XceiverServerRatis 13f6ead9-4ac1-4df1-b42d-10c41cf9ca8c is started using port 37170
2019-10-04 13:42:22,103 [Datanode State Machine Thread - 0] INFO  server.XceiverServerGrpc (XceiverServerGrpc.java:start(149)) - XceiverServerGrpc 13f6ead9-4ac1-4df1-b42d-10c41cf9ca8c is started using port 42937
2019-10-04 13:42:22,160 [Datanode State Machine Thread - 0] INFO  ozoneimpl.OzoneContainer (OzoneContainer.java:start(217)) - Attempting to start container services.
2019-10-04 13:42:22,160 [Datanode State Machine Thread - 0] INFO  ozoneimpl.OzoneContainer (OzoneContainer.java:startContainerScrub(179)) - Background container scanner has been disabled.
2019-10-04 13:42:22,160 [Datanode State Machine Thread - 0] INFO  ratis.XceiverServerRatis (XceiverServerRatis.java:start(417)) - Starting XceiverServerRatis af890f87-52e7-41cb-b63e-aaf68e46f0ad at port 0
2019-10-04 13:42:22,170 [Datanode State Machine Thread - 0] INFO  impl.RaftServerProxy (RaftServerProxy.java:lambda$start$3(299)) - af890f87-52e7-41cb-b63e-aaf68e46f0ad: start RPC server
2019-10-04 13:42:22,175 [Datanode State Machine Thread - 0] INFO  server.GrpcService (GrpcService.java:startImpl(158)) - af890f87-52e7-41cb-b63e-aaf68e46f0ad: GrpcService started, listening on 0.0.0.0/0.0.0.0:42938
2019-10-04 13:42:22,176 [Datanode State Machine Thread - 0] INFO  ratis.XceiverServerRatis (XceiverServerRatis.java:start(427)) - XceiverServerRatis af890f87-52e7-41cb-b63e-aaf68e46f0ad is started using port 42938
2019-10-04 13:42:22,180 [Datanode State Machine Thread - 0] INFO  server.XceiverServerGrpc (XceiverServerGrpc.java:start(149)) - XceiverServerGrpc af890f87-52e7-41cb-b63e-aaf68e46f0ad is started using port 44065
2019-10-04 13:42:22,220 [main] INFO  ozone.MiniOzoneClusterImpl (MiniOzoneClusterImpl.java:lambda$waitForClusterToBeReady$0(147)) - Waiting for cluster to be ready. Got 0 of 7 DN Heartbeats.
2019-10-04 13:42:22,238 [Datanode State Machine Thread - 0] INFO  ozoneimpl.OzoneContainer (OzoneContainer.java:start(217)) - Attempting to start container services.
2019-10-04 13:42:22,238 [Datanode State Machine Thread - 0] INFO  ozoneimpl.OzoneContainer (OzoneContainer.java:startContainerScrub(179)) - Background container scanner has been disabled.
2019-10-04 13:42:22,238 [Datanode State Machine Thread - 0] INFO  ratis.XceiverServerRatis (XceiverServerRatis.java:start(417)) - Starting XceiverServerRatis 712baa3a-7283-4f66-8069-73edaaaa66e0 at port 0
2019-10-04 13:42:22,244 [Datanode State Machine Thread - 0] INFO  impl.RaftServerProxy (RaftServerProxy.java:lambda$start$3(299)) - 712baa3a-7283-4f66-8069-73edaaaa66e0: start RPC server
2019-10-04 13:42:22,248 [Datanode State Machine Thread - 0] INFO  server.GrpcService (GrpcService.java:startImpl(158)) - 712baa3a-7283-4f66-8069-73edaaaa66e0: GrpcService started, listening on 0.0.0.0/0.0.0.0:34353
2019-10-04 13:42:22,248 [Datanode State Machine Thread - 0] INFO  ratis.XceiverServerRatis (XceiverServerRatis.java:start(427)) - XceiverServerRatis 712baa3a-7283-4f66-8069-73edaaaa66e0 is started using port 34353
2019-10-04 13:42:22,250 [Datanode State Machine Thread - 0] INFO  server.XceiverServerGrpc (XceiverServerGrpc.java:start(149)) - XceiverServerGrpc 712baa3a-7283-4f66-8069-73edaaaa66e0 is started using port 41068
2019-10-04 13:42:23,221 [main] INFO  ozone.MiniOzoneClusterImpl (MiniOzoneClusterImpl.java:lambda$waitForClusterToBeReady$0(147)) - Waiting for cluster to be ready. Got 0 of 7 DN Heartbeats.
2019-10-04 13:42:23,767 [IPC Server handler 3 on 45735] INFO  net.NetworkTopology (NetworkTopologyImpl.java:add(111)) - Added a new node: /default-rack/fdc20ae7-b158-4e71-b2f1-cbf087e593c0
2019-10-04 13:42:23,768 [IPC Server handler 3 on 45735] INFO  node.SCMNodeManager (SCMNodeManager.java:register(266)) - Registered Data node : fdc20ae7-b158-4e71-b2f1-cbf087e593c0{ip: 192.168.30.33, host: pr-hdds-2233-hr7xq-248966361, networkLocation: /default-rack, certSerialId: null}
2019-10-04 13:42:23,772 [EventQueue-NodeRegistrationContainerReportForDataNodeSafeModeRule] INFO  safemode.SCMSafeModeManager (DataNodeSafeModeRule.java:process(71)) - SCM in safe mode. 1 DataNodes registered, 1 required.
2019-10-04 13:42:23,772 [EventQueue-NodeRegistrationContainerReportForDataNodeSafeModeRule] INFO  safemode.SCMSafeModeManager (SCMSafeModeManager.java:validateSafeModeExitRules(177)) - ScmSafeModeManager, all rules are successfully validated
2019-10-04 13:42:23,772 [EventQueue-NodeRegistrationContainerReportForDataNodeSafeModeRule] INFO  safemode.SCMSafeModeManager (SCMSafeModeManager.java:exitSafeMode(193)) - SCM exiting safe mode.
2019-10-04 13:42:23,809 [IPC Server handler 2 on 45735] INFO  net.NetworkTopology (NetworkTopologyImpl.java:add(111)) - Added a new node: /default-rack/86f11ef4-6d23-4d92-bd7b-cd567d3784dc
2019-10-04 13:42:23,811 [IPC Server handler 2 on 45735] INFO  node.SCMNodeManager (SCMNodeManager.java:register(266)) - Registered Data node : 86f11ef4-6d23-4d92-bd7b-cd567d3784dc{ip: 192.168.30.33, host: pr-hdds-2233-hr7xq-248966361, networkLocation: /default-rack, certSerialId: null}
2019-10-04 13:42:23,895 [IPC Server handler 1 on 45735] INFO  net.NetworkTopology (NetworkTopologyImpl.java:add(111)) - Added a new node: /default-rack/6f372b74-5ac6-448f-870e-757968cf5a94
2019-10-04 13:42:23,895 [IPC Server handler 1 on 45735] INFO  node.SCMNodeManager (SCMNodeManager.java:register(266)) - Registered Data node : 6f372b74-5ac6-448f-870e-757968cf5a94{ip: 192.168.30.33, host: pr-hdds-2233-hr7xq-248966361, networkLocation: /default-rack, certSerialId: null}
2019-10-04 13:42:23,982 [IPC Server handler 6 on 45735] INFO  net.NetworkTopology (NetworkTopologyImpl.java:add(111)) - Added a new node: /default-rack/e165e23a-d6e6-47fc-a886-184bdf342c66
2019-10-04 13:42:23,982 [IPC Server handler 6 on 45735] INFO  node.SCMNodeManager (SCMNodeManager.java:register(266)) - Registered Data node : e165e23a-d6e6-47fc-a886-184bdf342c66{ip: 192.168.30.33, host: pr-hdds-2233-hr7xq-248966361, networkLocation: /default-rack, certSerialId: null}
2019-10-04 13:42:24,071 [IPC Server handler 5 on 45735] INFO  net.NetworkTopology (NetworkTopologyImpl.java:add(111)) - Added a new node: /default-rack/13f6ead9-4ac1-4df1-b42d-10c41cf9ca8c
2019-10-04 13:42:24,072 [IPC Server handler 5 on 45735] INFO  node.SCMNodeManager (SCMNodeManager.java:register(266)) - Registered Data node : 13f6ead9-4ac1-4df1-b42d-10c41cf9ca8c{ip: 192.168.30.33, host: pr-hdds-2233-hr7xq-248966361, networkLocation: /default-rack, certSerialId: null}
2019-10-04 13:42:24,145 [IPC Server handler 9 on 45735] INFO  net.NetworkTopology (NetworkTopologyImpl.java:add(111)) - Added a new node: /default-rack/af890f87-52e7-41cb-b63e-aaf68e46f0ad
2019-10-04 13:42:24,146 [IPC Server handler 9 on 45735] INFO  node.SCMNodeManager (SCMNodeManager.java:register(266)) - Registered Data node : af890f87-52e7-41cb-b63e-aaf68e46f0ad{ip: 192.168.30.33, host: pr-hdds-2233-hr7xq-248966361, networkLocation: /default-rack, certSerialId: null}
2019-10-04 13:42:24,223 [main] INFO  ozone.MiniOzoneClusterImpl (MiniOzoneClusterImpl.java:lambda$waitForClusterToBeReady$0(147)) - Waiting for cluster to be ready. Got 6 of 7 DN Heartbeats.
2019-10-04 13:42:24,224 [IPC Server handler 0 on 45735] INFO  net.NetworkTopology (NetworkTopologyImpl.java:add(111)) - Added a new node: /default-rack/712baa3a-7283-4f66-8069-73edaaaa66e0
2019-10-04 13:42:24,224 [IPC Server handler 0 on 45735] INFO  node.SCMNodeManager (SCMNodeManager.java:register(266)) - Registered Data node : 712baa3a-7283-4f66-8069-73edaaaa66e0{ip: 192.168.30.33, host: pr-hdds-2233-hr7xq-248966361, networkLocation: /default-rack, certSerialId: null}
2019-10-04 13:42:24,296 [grpc-default-executor-0] INFO  impl.RaftServerProxy (RaftServerProxy.java:addNew(89)) - fdc20ae7-b158-4e71-b2f1-cbf087e593c0: addNew group-DDCF8872C5BD:[fdc20ae7-b158-4e71-b2f1-cbf087e593c0:192.168.30.33:36105] returns group-DDCF8872C5BD:java.util.concurrent.CompletableFuture@5837a250[Not completed]
2019-10-04 13:42:24,308 [pool-27-thread-1] INFO  impl.RaftServerImpl (RaftServerImpl.java:<init>(95)) - fdc20ae7-b158-4e71-b2f1-cbf087e593c0: new RaftServerImpl for group-DDCF8872C5BD:[fdc20ae7-b158-4e71-b2f1-cbf087e593c0:192.168.30.33:36105] with ContainerStateMachine:uninitialized
2019-10-04 13:42:24,310 [pool-27-thread-1] INFO  server.RaftServerConfigKeys (ConfUtils.java:logGet(43)) - raft.server.rpc.timeout.min = 5s (custom)
2019-10-04 13:42:24,312 [pool-27-thread-1] INFO  server.RaftServerConfigKeys (ConfUtils.java:logGet(43)) - raft.server.rpc.timeout.max = 5200ms (custom)
2019-10-04 13:42:24,312 [pool-27-thread-1] INFO  server.RaftServerConfigKeys (ConfUtils.java:logGet(43)) - raft.server.rpcslowness.timeout = 120s (custom)
2019-10-04 13:42:24,312 [pool-27-thread-1] INFO  server.RaftServerConfigKeys (ConfUtils.java:logGet(43)) - raft.server.sleep.deviation.threshold = 300 (default)
2019-10-04 13:42:24,313 [pool-27-thread-1] INFO  server.RaftServerConfigKeys (ConfUtils.java:logGet(43)) - raft.server.log.appender.install.snapshot.enabled = false (custom)
2019-10-04 13:42:24,320 [pool-27-thread-1] INFO  impl.RaftServerImpl (ServerState.java:<init>(103)) - fdc20ae7-b158-4e71-b2f1-cbf087e593c0@group-DDCF8872C5BD: ConfigurationManager, init=-1: [fdc20ae7-b158-4e71-b2f1-cbf087e593c0:192.168.30.33:36105], old=null, confs=<EMPTY_MAP>
2019-10-04 13:42:24,320 [pool-27-thread-1] INFO  server.RaftServerConfigKeys (ConfUtils.java:logGet(43)) - raft.server.storage.dir = [/workdir/hadoop-ozone/integration-test/target/test-dir/MiniOzoneClusterImpl-5c48747c-7a6e-4ba5-a504-6c7ef741f97d/datanode-0/data/ratis] (custom)
2019-10-04 13:42:24,327 [pool-27-thread-1] INFO  server.RaftServerConfigKeys (ConfUtils.java:logGet(43)) - raft.server.log.corruption.policy = EXCEPTION (default)
2019-10-04 13:42:24,328 [pool-27-thread-1] INFO  storage.RaftStorageDirectory (RaftStorageDirectory.java:analyzeStorage(246)) - The storage directory /workdir/hadoop-ozone/integration-test/target/test-dir/MiniOzoneClusterImpl-5c48747c-7a6e-4ba5-a504-6c7ef741f97d/datanode-0/data/ratis/8e8a026b-56fb-4ee6-8117-ddcf8872c5bd does not exist. Creating ...
2019-10-04 13:42:24,345 [pool-27-thread-1] INFO  storage.RaftStorageDirectory (RaftStorageDirectory.java:tryLock(328)) - Lock on /workdir/hadoop-ozone/integration-test/target/test-dir/MiniOzoneClusterImpl-5c48747c-7a6e-4ba5-a504-6c7ef741f97d/datanode-0/data/ratis/8e8a026b-56fb-4ee6-8117-ddcf8872c5bd/in_use.lock acquired by nodename 8979@pr-hdds-2233-hr7xq-248966361
2019-10-04 13:42:24,361 [pool-27-thread-1] INFO  storage.RaftStorage (RaftStorage.java:format(84)) - Storage directory /workdir/hadoop-ozone/integration-test/target/test-dir/MiniOzoneClusterImpl-5c48747c-7a6e-4ba5-a504-6c7ef741f97d/datanode-0/data/ratis/8e8a026b-56fb-4ee6-8117-ddcf8872c5bd has been successfully formatted.
2019-10-04 13:42:24,365 [pool-27-thread-1] INFO  ratis.ContainerStateMachine (ContainerStateMachine.java:loadSnapshot(230)) - group-DDCF8872C5BD: The snapshot info is null. Setting the last applied indexto:(t:0, i:~)
2019-10-04 13:42:24,365 [pool-27-thread-1] INFO  server.RaftServerConfigKeys (ConfUtils.java:logGet(43)) - raft.server.notification.no-leader.timeout = 120s (custom)
2019-10-04 13:42:24,369 [pool-27-thread-1] INFO  server.RaftServerConfigKeys (ConfUtils.java:logGet(43)) - raft.server.log.use.memory = false (default)
2019-10-04 13:42:24,377 [pool-27-thread-1] INFO  server.RaftServerConfigKeys (ConfUtils.java:logGet(43)) - raft.server.log.purge.gap = 1000000 (custom)
2019-10-04 13:42:24,378 [pool-27-thread-1] INFO  server.RaftServerConfigKeys (ConfUtils.java:logGet(43)) - raft.server.log.appender.buffer.byte-limit = 33554432 (custom)
2019-10-04 13:42:24,381 [pool-27-thread-1] INFO  server.RaftServerConfigKeys (ConfUtils.java:logGet(43)) - raft.server.log.segment.size.max = 1048576 (custom)
2019-10-04 13:42:24,383 [pool-27-thread-1] INFO  impl.MetricsSystemImpl (MetricsSystemImpl.java:init(158)) - ratis metrics system started (again)
2019-10-04 13:42:24,389 [pool-27-thread-1] INFO  metrics.MetricRegistries (MetricRegistriesLoader.java:load(64)) - Loaded MetricRegistries class org.apache.ratis.metrics.impl.MetricRegistriesImpl
2019-10-04 13:42:24,436 [pool-27-thread-1] INFO  server.RaftServerConfigKeys (ConfUtils.java:logGet(43)) - raft.server.log.segment.cache.num.max = 2 (custom)
2019-10-04 13:42:24,443 [pool-27-thread-1] INFO  segmented.SegmentedRaftLogWorker (SegmentedRaftLogWorker.java:<init>(173)) - new fdc20ae7-b158-4e71-b2f1-cbf087e593c0@group-DDCF8872C5BD-SegmentedRaftLogWorker for RaftStorage:Storage Directory /workdir/hadoop-ozone/integration-test/target/test-dir/MiniOzoneClusterImpl-5c48747c-7a6e-4ba5-a504-6c7ef741f97d/datanode-0/data/ratis/8e8a026b-56fb-4ee6-8117-ddcf8872c5bd
2019-10-04 13:42:24,443 [pool-27-thread-1] INFO  server.RaftServerConfigKeys (ConfUtils.java:logGet(43)) - raft.server.log.queue.byte-limit = 2147483647 (custom)
2019-10-04 13:42:24,444 [pool-27-thread-1] INFO  server.RaftServerConfigKeys (ConfUtils.java:logGet(43)) - raft.server.log.queue.element-limit = 1024 (custom)
2019-10-04 13:42:24,445 [pool-27-thread-1] INFO  server.RaftServerConfigKeys (ConfUtils.java:logGet(43)) - raft.server.log.segment.size.max = 1048576 (custom)
2019-10-04 13:42:24,445 [pool-27-thread-1] INFO  server.RaftServerConfigKeys (ConfUtils.java:logGet(43)) - raft.server.log.preallocated.size = 16384 (custom)
2019-10-04 13:42:24,446 [pool-27-thread-1] INFO  server.RaftServerConfigKeys (ConfUtils.java:logGet(43)) - raft.server.log.write.buffer.size = 33554432 (custom)
2019-10-04 13:42:24,446 [pool-27-thread-1] INFO  server.RaftServerConfigKeys (ConfUtils.java:logGet(43)) - raft.server.log.force.sync.num = 128 (default)
2019-10-04 13:42:24,447 [pool-27-thread-1] INFO  server.RaftServerConfigKeys (ConfUtils.java:logGet(43)) - raft.server.log.statemachine.data.sync = true (default)
2019-10-04 13:42:24,447 [pool-27-thread-1] INFO  server.RaftServerConfigKeys (ConfUtils.java:logGet(43)) - raft.server.log.statemachine.data.sync.timeout = 10s (default)
2019-10-04 13:42:24,448 [pool-27-thread-1] INFO  server.RaftServerConfigKeys (ConfUtils.java:logGet(43)) - raft.server.log.statemachine.data.sync.timeout.retry = -1 (default)
2019-10-04 13:42:24,460 [pool-27-thread-1] INFO  server.RaftServerConfigKeys (ConfUtils.java:logGet(43)) - raft.server.log.statemachine.data.caching.enabled = true (custom)
2019-10-04 13:42:24,465 [pool-27-thread-1] INFO  segmented.SegmentedRaftLogWorker (SegmentedRaftLogWorker.java:lambda$new$0(128)) - fdc20ae7-b158-4e71-b2f1-cbf087e593c0@group-DDCF8872C5BD-SegmentedRaftLogWorker: flushIndex: setUnconditionally 0 -> -1
2019-10-04 13:42:24,469 [pool-27-thread-1] INFO  server.RaftServerConfigKeys (ConfUtils.java:logGet(43)) - raft.server.snapshot.auto.trigger.enabled = true (custom)
2019-10-04 13:42:24,470 [pool-27-thread-1] INFO  server.RaftServerConfigKeys (ConfUtils.java:logGet(43)) - raft.server.snapshot.auto.trigger.threshold = 10000 (custom)
2019-10-04 13:42:24,470 [pool-27-thread-1] INFO  server.RaftServerConfigKeys (ConfUtils.java:logGet(43)) - raft.server.snapshot.retention.file.num = 5 (custom)
2019-10-04 13:42:24,471 [pool-27-thread-1] INFO  server.RaftServerConfigKeys (ConfUtils.java:logGet(43)) - raft.server.retrycache.expirytime = 600000ms (custom)
2019-10-04 13:42:24,502 [pool-27-thread-1] INFO  impl.RaftServerImpl (RaftServerImpl.java:start(181)) - fdc20ae7-b158-4e71-b2f1-cbf087e593c0@group-DDCF8872C5BD: start as a follower, conf=-1: [fdc20ae7-b158-4e71-b2f1-cbf087e593c0:192.168.30.33:36105], old=null
2019-10-04 13:42:24,504 [pool-27-thread-1] INFO  impl.RaftServerImpl (RaftServerImpl.java:setRole(170)) - fdc20ae7-b158-4e71-b2f1-cbf087e593c0@group-DDCF8872C5BD: changes role from      null to FOLLOWER at term 0 for startAsFollower
2019-10-04 13:42:24,505 [pool-27-thread-1] INFO  impl.RoleInfo (RoleInfo.java:updateAndGet(143)) - fdc20ae7-b158-4e71-b2f1-cbf087e593c0: start FollowerState
2019-10-04 13:42:24,507 [pool-27-thread-1] INFO  util.JmxRegister (JmxRegister.java:tryRegister(44)) - Successfully registered JMX Bean with object name Ratis:service=RaftServer,group=group-DDCF8872C5BD,id=fdc20ae7-b158-4e71-b2f1-cbf087e593c0
2019-10-04 13:42:24,576 [RatisPipelineUtilsThread] INFO  pipeline.PipelineStateManager (PipelineStateManager.java:addPipeline(56)) - Created pipeline Pipeline[ Id: 8e8a026b-56fb-4ee6-8117-ddcf8872c5bd, Nodes: fdc20ae7-b158-4e71-b2f1-cbf087e593c0{ip: 192.168.30.33, host: pr-hdds-2233-hr7xq-248966361, networkLocation: /default-rack, certSerialId: null}, Type:RATIS, Factor:ONE, State:OPEN]
2019-10-04 13:42:24,601 [grpc-default-executor-0] INFO  impl.RaftServerProxy (RaftServerProxy.java:addNew(89)) - af890f87-52e7-41cb-b63e-aaf68e46f0ad: addNew group-7C6272E86C21:[af890f87-52e7-41cb-b63e-aaf68e46f0ad:192.168.30.33:42938] returns group-7C6272E86C21:java.util.concurrent.CompletableFuture@62bb3045[Not completed]
2019-10-04 13:42:24,645 [pool-77-thread-1] INFO  impl.RaftServerImpl (RaftServerImpl.java:<init>(95)) - af890f87-52e7-41cb-b63e-aaf68e46f0ad: new RaftServerImpl for group-7C6272E86C21:[af890f87-52e7-41cb-b63e-aaf68e46f0ad:192.168.30.33:42938] with ContainerStateMachine:uninitialized
2019-10-04 13:42:24,646 [pool-77-thread-1] INFO  server.RaftServerConfigKeys (ConfUtils.java:logGet(43)) - raft.server.rpc.timeout.min = 5s (custom)
2019-10-04 13:42:24,646 [pool-77-thread-1] INFO  server.RaftServerConfigKeys (ConfUtils.java:logGet(43)) - raft.server.rpc.timeout.max = 5200ms (custom)
2019-10-04 13:42:24,646 [pool-77-thread-1] INFO  server.RaftServerConfigKeys (ConfUtils.java:logGet(43)) - raft.server.rpcslowness.timeout = 120s (custom)
2019-10-04 13:42:24,647 [pool-77-thread-1] INFO  server.RaftServerConfigKeys (ConfUtils.java:logGet(43)) - raft.server.sleep.deviation.threshold = 300 (default)
2019-10-04 13:42:24,647 [pool-77-thread-1] INFO  server.RaftServerConfigKeys (ConfUtils.java:logGet(43)) - raft.server.log.appender.install.snapshot.enabled = false (custom)
2019-10-04 13:42:24,647 [pool-77-thread-1] INFO  impl.RaftServerImpl (ServerState.java:<init>(103)) - af890f87-52e7-41cb-b63e-aaf68e46f0ad@group-7C6272E86C21: ConfigurationManager, init=-1: [af890f87-52e7-41cb-b63e-aaf68e46f0ad:192.168.30.33:42938], old=null, confs=<EMPTY_MAP>
2019-10-04 13:42:24,647 [pool-77-thread-1] INFO  server.RaftServerConfigKeys (ConfUtils.java:logGet(43)) - raft.server.storage.dir = [/workdir/hadoop-ozone/integration-test/target/test-dir/MiniOzoneClusterImpl-5c48747c-7a6e-4ba5-a504-6c7ef741f97d/datanode-5/data/ratis] (custom)
2019-10-04 13:42:24,647 [pool-77-thread-1] INFO  server.RaftServerConfigKeys (ConfUtils.java:logGet(43)) - raft.server.log.corruption.policy = EXCEPTION (default)
2019-10-04 13:42:24,648 [pool-77-thread-1] INFO  storage.RaftStorageDirectory (RaftStorageDirectory.java:analyzeStorage(246)) - The storage directory /workdir/hadoop-ozone/integration-test/target/test-dir/MiniOzoneClusterImpl-5c48747c-7a6e-4ba5-a504-6c7ef741f97d/datanode-5/data/ratis/20da2f9a-3a14-4fae-bb08-7c6272e86c21 does not exist. Creating ...
2019-10-04 13:42:24,662 [pool-77-thread-1] INFO  storage.RaftStorageDirectory (RaftStorageDirectory.java:tryLock(328)) - Lock on /workdir/hadoop-ozone/integration-test/target/test-dir/MiniOzoneClusterImpl-5c48747c-7a6e-4ba5-a504-6c7ef741f97d/datanode-5/data/ratis/20da2f9a-3a14-4fae-bb08-7c6272e86c21/in_use.lock acquired by nodename 8979@pr-hdds-2233-hr7xq-248966361
2019-10-04 13:42:24,675 [pool-77-thread-1] INFO  storage.RaftStorage (RaftStorage.java:format(84)) - Storage directory /workdir/hadoop-ozone/integration-test/target/test-dir/MiniOzoneClusterImpl-5c48747c-7a6e-4ba5-a504-6c7ef741f97d/datanode-5/data/ratis/20da2f9a-3a14-4fae-bb08-7c6272e86c21 has been successfully formatted.
2019-10-04 13:42:24,678 [pool-77-thread-1] INFO  ratis.ContainerStateMachine (ContainerStateMachine.java:loadSnapshot(230)) - group-7C6272E86C21: The snapshot info is null. Setting the last applied indexto:(t:0, i:~)
2019-10-04 13:42:24,679 [pool-77-thread-1] INFO  server.RaftServerConfigKeys (ConfUtils.java:logGet(43)) - raft.server.notification.no-leader.timeout = 120s (custom)
2019-10-04 13:42:24,680 [pool-77-thread-1] INFO  server.RaftServerConfigKeys (ConfUtils.java:logGet(43)) - raft.server.log.use.memory = false (default)
2019-10-04 13:42:24,680 [pool-77-thread-1] INFO  server.RaftServerConfigKeys (ConfUtils.java:logGet(43)) - raft.server.log.purge.gap = 1000000 (custom)
2019-10-04 13:42:24,680 [pool-77-thread-1] INFO  server.RaftServerConfigKeys (ConfUtils.java:logGet(43)) - raft.server.log.appender.buffer.byte-limit = 33554432 (custom)
2019-10-04 13:42:24,680 [pool-77-thread-1] INFO  server.RaftServerConfigKeys (ConfUtils.java:logGet(43)) - raft.server.log.segment.size.max = 1048576 (custom)
2019-10-04 13:42:24,685 [pool-77-thread-1] INFO  server.RaftServerConfigKeys (ConfUtils.java:logGet(43)) - raft.server.log.segment.cache.num.max = 2 (custom)
2019-10-04 13:42:24,685 [pool-77-thread-1] INFO  segmented.SegmentedRaftLogWorker (SegmentedRaftLogWorker.java:<init>(173)) - new af890f87-52e7-41cb-b63e-aaf68e46f0ad@group-7C6272E86C21-SegmentedRaftLogWorker for RaftStorage:Storage Directory /workdir/hadoop-ozone/integration-test/target/test-dir/MiniOzoneClusterImpl-5c48747c-7a6e-4ba5-a504-6c7ef741f97d/datanode-5/data/ratis/20da2f9a-3a14-4fae-bb08-7c6272e86c21
2019-10-04 13:42:24,687 [pool-77-thread-1] INFO  server.RaftServerConfigKeys (ConfUtils.java:logGet(43)) - raft.server.log.queue.byte-limit = 2147483647 (custom)
2019-10-04 13:42:24,687 [pool-77-thread-1] INFO  server.RaftServerConfigKeys (ConfUtils.java:logGet(43)) - raft.server.log.queue.element-limit = 1024 (custom)
2019-10-04 13:42:24,687 [pool-77-thread-1] INFO  server.RaftServerConfigKeys (ConfUtils.java:logGet(43)) - raft.server.log.segment.size.max = 1048576 (custom)
2019-10-04 13:42:24,687 [pool-77-thread-1] INFO  server.RaftServerConfigKeys (ConfUtils.java:logGet(43)) - raft.server.log.preallocated.size = 16384 (custom)
2019-10-04 13:42:24,687 [pool-77-thread-1] INFO  server.RaftServerConfigKeys (ConfUtils.java:logGet(43)) - raft.server.log.write.buffer.size = 33554432 (custom)
2019-10-04 13:42:24,687 [pool-77-thread-1] INFO  server.RaftServerConfigKeys (ConfUtils.java:logGet(43)) - raft.server.log.force.sync.num = 128 (default)
2019-10-04 13:42:24,687 [pool-77-thread-1] INFO  server.RaftServerConfigKeys (ConfUtils.java:logGet(43)) - raft.server.log.statemachine.data.sync = true (default)
2019-10-04 13:42:24,687 [pool-77-thread-1] INFO  server.RaftServerConfigKeys (ConfUtils.java:logGet(43)) - raft.server.log.statemachine.data.sync.timeout = 10s (default)
2019-10-04 13:42:24,688 [pool-77-thread-1] INFO  server.RaftServerConfigKeys (ConfUtils.java:logGet(43)) - raft.server.log.statemachine.data.sync.timeout.retry = -1 (default)
2019-10-04 13:42:24,688 [pool-77-thread-1] INFO  server.RaftServerConfigKeys (ConfUtils.java:logGet(43)) - raft.server.log.statemachine.data.caching.enabled = true (custom)
2019-10-04 13:42:24,689 [pool-77-thread-1] INFO  segmented.SegmentedRaftLogWorker (SegmentedRaftLogWorker.java:lambda$new$0(128)) - af890f87-52e7-41cb-b63e-aaf68e46f0ad@group-7C6272E86C21-SegmentedRaftLogWorker: flushIndex: setUnconditionally 0 -> -1
2019-10-04 13:42:24,689 [pool-77-thread-1] INFO  server.RaftServerConfigKeys (ConfUtils.java:logGet(43)) - raft.server.snapshot.auto.trigger.enabled = true (custom)
2019-10-04 13:42:24,689 [pool-77-thread-1] INFO  server.RaftServerConfigKeys (ConfUtils.java:logGet(43)) - raft.server.snapshot.auto.trigger.threshold = 10000 (custom)
2019-10-04 13:42:24,689 [pool-77-thread-1] INFO  server.RaftServerConfigKeys (ConfUtils.java:logGet(43)) - raft.server.snapshot.retention.file.num = 5 (custom)
2019-10-04 13:42:24,689 [pool-77-thread-1] INFO  server.RaftServerConfigKeys (ConfUtils.java:logGet(43)) - raft.server.retrycache.expirytime = 600000ms (custom)
2019-10-04 13:42:24,693 [pool-77-thread-1] INFO  impl.RaftServerImpl (RaftServerImpl.java:start(181)) - af890f87-52e7-41cb-b63e-aaf68e46f0ad@group-7C6272E86C21: start as a follower, conf=-1: [af890f87-52e7-41cb-b63e-aaf68e46f0ad:192.168.30.33:42938], old=null
2019-10-04 13:42:24,693 [pool-77-thread-1] INFO  impl.RaftServerImpl (RaftServerImpl.java:setRole(170)) - af890f87-52e7-41cb-b63e-aaf68e46f0ad@group-7C6272E86C21: changes role from      null to FOLLOWER at term 0 for startAsFollower
2019-10-04 13:42:24,693 [pool-77-thread-1] INFO  impl.RoleInfo (RoleInfo.java:updateAndGet(143)) - af890f87-52e7-41cb-b63e-aaf68e46f0ad: start FollowerState
2019-10-04 13:42:24,695 [pool-77-thread-1] INFO  util.JmxRegister (JmxRegister.java:tryRegister(44)) - Successfully registered JMX Bean with object name Ratis:service=RaftServer,group=group-7C6272E86C21,id=af890f87-52e7-41cb-b63e-aaf68e46f0ad
2019-10-04 13:42:24,720 [RatisPipelineUtilsThread] INFO  pipeline.PipelineStateManager (PipelineStateManager.java:addPipeline(56)) - Created pipeline Pipeline[ Id: 20da2f9a-3a14-4fae-bb08-7c6272e86c21, Nodes: af890f87-52e7-41cb-b63e-aaf68e46f0ad{ip: 192.168.30.33, host: pr-hdds-2233-hr7xq-248966361, networkLocation: /default-rack, certSerialId: null}, Type:RATIS, Factor:ONE, State:OPEN]
2019-10-04 13:42:24,749 [grpc-default-executor-0] INFO  impl.RaftServerProxy (RaftServerProxy.java:addNew(89)) - 86f11ef4-6d23-4d92-bd7b-cd567d3784dc: addNew group-AC84399D32B2:[86f11ef4-6d23-4d92-bd7b-cd567d3784dc:192.168.30.33:37153] returns group-AC84399D32B2:java.util.concurrent.CompletableFuture@26d4ee1e[Not completed]
2019-10-04 13:42:24,780 [pool-37-thread-1] INFO  impl.RaftServerImpl (RaftServerImpl.java:<init>(95)) - 86f11ef4-6d23-4d92-bd7b-cd567d3784dc: new RaftServerImpl for group-AC84399D32B2:[86f11ef4-6d23-4d92-bd7b-cd567d3784dc:192.168.30.33:37153] with ContainerStateMachine:uninitialized
2019-10-04 13:42:24,780 [pool-37-thread-1] INFO  server.RaftServerConfigKeys (ConfUtils.java:logGet(43)) - raft.server.rpc.timeout.min = 5s (custom)
2019-10-04 13:42:24,780 [pool-37-thread-1] INFO  server.RaftServerConfigKeys (ConfUtils.java:logGet(43)) - raft.server.rpc.timeout.max = 5200ms (custom)
2019-10-04 13:42:24,780 [pool-37-thread-1] INFO  server.RaftServerConfigKeys (ConfUtils.java:logGet(43)) - raft.server.rpcslowness.timeout = 120s (custom)
2019-10-04 13:42:24,780 [pool-37-thread-1] INFO  server.RaftServerConfigKeys (ConfUtils.java:logGet(43)) - raft.server.sleep.deviation.threshold = 300 (default)
2019-10-04 13:42:24,780 [pool-37-thread-1] INFO  server.RaftServerConfigKeys (ConfUtils.java:logGet(43)) - raft.server.log.appender.install.snapshot.enabled = false (custom)
2019-10-04 13:42:24,781 [pool-37-thread-1] INFO  impl.RaftServerImpl (ServerState.java:<init>(103)) - 86f11ef4-6d23-4d92-bd7b-cd567d3784dc@group-AC84399D32B2: ConfigurationManager, init=-1: [86f11ef4-6d23-4d92-bd7b-cd567d3784dc:192.168.30.33:37153], old=null, confs=<EMPTY_MAP>
2019-10-04 13:42:24,781 [pool-37-thread-1] INFO  server.RaftServerConfigKeys (ConfUtils.java:logGet(43)) - raft.server.storage.dir = [/workdir/hadoop-ozone/integration-test/target/test-dir/MiniOzoneClusterImpl-5c48747c-7a6e-4ba5-a504-6c7ef741f97d/datanode-1/data/ratis] (custom)
2019-10-04 13:42:24,781 [pool-37-thread-1] INFO  server.RaftServerConfigKeys (ConfUtils.java:logGet(43)) - raft.server.log.corruption.policy = EXCEPTION (default)
2019-10-04 13:42:24,782 [pool-37-thread-1] INFO  storage.RaftStorageDirectory (RaftStorageDirectory.java:analyzeStorage(246)) - The storage directory /workdir/hadoop-ozone/integration-test/target/test-dir/MiniOzoneClusterImpl-5c48747c-7a6e-4ba5-a504-6c7ef741f97d/datanode-1/data/ratis/c69ffa10-1091-4a90-8c4d-ac84399d32b2 does not exist. Creating ...
2019-10-04 13:42:24,795 [pool-37-thread-1] INFO  storage.RaftStorageDirectory (RaftStorageDirectory.java:tryLock(328)) - Lock on /workdir/hadoop-ozone/integration-test/target/test-dir/MiniOzoneClusterImpl-5c48747c-7a6e-4ba5-a504-6c7ef741f97d/datanode-1/data/ratis/c69ffa10-1091-4a90-8c4d-ac84399d32b2/in_use.lock acquired by nodename 8979@pr-hdds-2233-hr7xq-248966361
2019-10-04 13:42:24,809 [pool-37-thread-1] INFO  storage.RaftStorage (RaftStorage.java:format(84)) - Storage directory /workdir/hadoop-ozone/integration-test/target/test-dir/MiniOzoneClusterImpl-5c48747c-7a6e-4ba5-a504-6c7ef741f97d/datanode-1/data/ratis/c69ffa10-1091-4a90-8c4d-ac84399d32b2 has been successfully formatted.
2019-10-04 13:42:24,809 [pool-37-thread-1] INFO  ratis.ContainerStateMachine (ContainerStateMachine.java:loadSnapshot(230)) - group-AC84399D32B2: The snapshot info is null. Setting the last applied indexto:(t:0, i:~)
2019-10-04 13:42:24,809 [pool-37-thread-1] INFO  server.RaftServerConfigKeys (ConfUtils.java:logGet(43)) - raft.server.notification.no-leader.timeout = 120s (custom)
2019-10-04 13:42:24,810 [pool-37-thread-1] INFO  server.RaftServerConfigKeys (ConfUtils.java:logGet(43)) - raft.server.log.use.memory = false (default)
2019-10-04 13:42:24,810 [pool-37-thread-1] INFO  server.RaftServerConfigKeys (ConfUtils.java:logGet(43)) - raft.server.log.purge.gap = 1000000 (custom)
2019-10-04 13:42:24,810 [pool-37-thread-1] INFO  server.RaftServerConfigKeys (ConfUtils.java:logGet(43)) - raft.server.log.appender.buffer.byte-limit = 33554432 (custom)
2019-10-04 13:42:24,810 [pool-37-thread-1] INFO  server.RaftServerConfigKeys (ConfUtils.java:logGet(43)) - raft.server.log.segment.size.max = 1048576 (custom)
2019-10-04 13:42:24,854 [pool-37-thread-1] INFO  server.RaftServerConfigKeys (ConfUtils.java:logGet(43)) - raft.server.log.segment.cache.num.max = 2 (custom)
2019-10-04 13:42:24,855 [pool-37-thread-1] INFO  segmented.SegmentedRaftLogWorker (SegmentedRaftLogWorker.java:<init>(173)) - new 86f11ef4-6d23-4d92-bd7b-cd567d3784dc@group-AC84399D32B2-SegmentedRaftLogWorker for RaftStorage:Storage Directory /workdir/hadoop-ozone/integration-test/target/test-dir/MiniOzoneClusterImpl-5c48747c-7a6e-4ba5-a504-6c7ef741f97d/datanode-1/data/ratis/c69ffa10-1091-4a90-8c4d-ac84399d32b2
2019-10-04 13:42:24,855 [pool-37-thread-1] INFO  server.RaftServerConfigKeys (ConfUtils.java:logGet(43)) - raft.server.log.queue.byte-limit = 2147483647 (custom)
2019-10-04 13:42:24,855 [pool-37-thread-1] INFO  server.RaftServerConfigKeys (ConfUtils.java:logGet(43)) - raft.server.log.queue.element-limit = 1024 (custom)
2019-10-04 13:42:24,855 [pool-37-thread-1] INFO  server.RaftServerConfigKeys (ConfUtils.java:logGet(43)) - raft.server.log.segment.size.max = 1048576 (custom)
2019-10-04 13:42:24,855 [pool-37-thread-1] INFO  server.RaftServerConfigKeys (ConfUtils.java:logGet(43)) - raft.server.log.preallocated.size = 16384 (custom)
2019-10-04 13:42:24,856 [pool-37-thread-1] INFO  server.RaftServerConfigKeys (ConfUtils.java:logGet(43)) - raft.server.log.write.buffer.size = 33554432 (custom)
2019-10-04 13:42:24,856 [pool-37-thread-1] INFO  server.RaftServerConfigKeys (ConfUtils.java:logGet(43)) - raft.server.log.force.sync.num = 128 (default)
2019-10-04 13:42:24,856 [pool-37-thread-1] INFO  server.RaftServerConfigKeys (ConfUtils.java:logGet(43)) - raft.server.log.statemachine.data.sync = true (default)
2019-10-04 13:42:24,856 [pool-37-thread-1] INFO  server.RaftServerConfigKeys (ConfUtils.java:logGet(43)) - raft.server.log.statemachine.data.sync.timeout = 10s (default)
2019-10-04 13:42:24,856 [pool-37-thread-1] INFO  server.RaftServerConfigKeys (ConfUtils.java:logGet(43)) - raft.server.log.statemachine.data.sync.timeout.retry = -1 (default)
2019-10-04 13:42:24,857 [pool-37-thread-1] INFO  server.RaftServerConfigKeys (ConfUtils.java:logGet(43)) - raft.server.log.statemachine.data.caching.enabled = true (custom)
2019-10-04 13:42:24,858 [pool-37-thread-1] INFO  segmented.SegmentedRaftLogWorker (SegmentedRaftLogWorker.java:lambda$new$0(128)) - 86f11ef4-6d23-4d92-bd7b-cd567d3784dc@group-AC84399D32B2-SegmentedRaftLogWorker: flushIndex: setUnconditionally 0 -> -1
2019-10-04 13:42:24,858 [pool-37-thread-1] INFO  server.RaftServerConfigKeys (ConfUtils.java:logGet(43)) - raft.server.snapshot.auto.trigger.enabled = true (custom)
2019-10-04 13:42:24,859 [pool-37-thread-1] INFO  server.RaftServerConfigKeys (ConfUtils.java:logGet(43)) - raft.server.snapshot.auto.trigger.threshold = 10000 (custom)
2019-10-04 13:42:24,859 [pool-37-thread-1] INFO  server.RaftServerConfigKeys (ConfUtils.java:logGet(43)) - raft.server.snapshot.retention.file.num = 5 (custom)
2019-10-04 13:42:24,859 [pool-37-thread-1] INFO  server.RaftServerConfigKeys (ConfUtils.java:logGet(43)) - raft.server.retrycache.expirytime = 600000ms (custom)
2019-10-04 13:42:24,865 [pool-37-thread-1] INFO  impl.RaftServerImpl (RaftServerImpl.java:start(181)) - 86f11ef4-6d23-4d92-bd7b-cd567d3784dc@group-AC84399D32B2: start as a follower, conf=-1: [86f11ef4-6d23-4d92-bd7b-cd567d3784dc:192.168.30.33:37153], old=null
2019-10-04 13:42:24,865 [pool-37-thread-1] INFO  impl.RaftServerImpl (RaftServerImpl.java:setRole(170)) - 86f11ef4-6d23-4d92-bd7b-cd567d3784dc@group-AC84399D32B2: changes role from      null to FOLLOWER at term 0 for startAsFollower
2019-10-04 13:42:24,865 [pool-37-thread-1] INFO  impl.RoleInfo (RoleInfo.java:updateAndGet(143)) - 86f11ef4-6d23-4d92-bd7b-cd567d3784dc: start FollowerState
2019-10-04 13:42:24,866 [pool-37-thread-1] INFO  util.JmxRegister (JmxRegister.java:tryRegister(44)) - Successfully registered JMX Bean with object name Ratis:service=RaftServer,group=group-AC84399D32B2,id=86f11ef4-6d23-4d92-bd7b-cd567d3784dc
2019-10-04 13:42:24,887 [RatisPipelineUtilsThread] INFO  pipeline.PipelineStateManager (PipelineStateManager.java:addPipeline(56)) - Created pipeline Pipeline[ Id: c69ffa10-1091-4a90-8c4d-ac84399d32b2, Nodes: 86f11ef4-6d23-4d92-bd7b-cd567d3784dc{ip: 192.168.30.33, host: pr-hdds-2233-hr7xq-248966361, networkLocation: /default-rack, certSerialId: null}, Type:RATIS, Factor:ONE, State:OPEN]
2019-10-04 13:42:24,918 [grpc-default-executor-0] INFO  impl.RaftServerProxy (RaftServerProxy.java:addNew(89)) - 13f6ead9-4ac1-4df1-b42d-10c41cf9ca8c: addNew group-EB794BA09808:[13f6ead9-4ac1-4df1-b42d-10c41cf9ca8c:192.168.30.33:37170] returns group-EB794BA09808:java.util.concurrent.CompletableFuture@2405604f[Not completed]
2019-10-04 13:42:24,923 [pool-67-thread-1] INFO  impl.RaftServerImpl (RaftServerImpl.java:<init>(95)) - 13f6ead9-4ac1-4df1-b42d-10c41cf9ca8c: new RaftServerImpl for group-EB794BA09808:[13f6ead9-4ac1-4df1-b42d-10c41cf9ca8c:192.168.30.33:37170] with ContainerStateMachine:uninitialized
2019-10-04 13:42:24,923 [pool-67-thread-1] INFO  server.RaftServerConfigKeys (ConfUtils.java:logGet(43)) - raft.server.rpc.timeout.min = 5s (custom)
2019-10-04 13:42:24,924 [pool-67-thread-1] INFO  server.RaftServerConfigKeys (ConfUtils.java:logGet(43)) - raft.server.rpc.timeout.max = 5200ms (custom)
2019-10-04 13:42:24,924 [pool-67-thread-1] INFO  server.RaftServerConfigKeys (ConfUtils.java:logGet(43)) - raft.server.rpcslowness.timeout = 120s (custom)
2019-10-04 13:42:24,924 [pool-67-thread-1] INFO  server.RaftServerConfigKeys (ConfUtils.java:logGet(43)) - raft.server.sleep.deviation.threshold = 300 (default)
2019-10-04 13:42:24,924 [pool-67-thread-1] INFO  server.RaftServerConfigKeys (ConfUtils.java:logGet(43)) - raft.server.log.appender.install.snapshot.enabled = false (custom)
2019-10-04 13:42:24,924 [pool-67-thread-1] INFO  impl.RaftServerImpl (ServerState.java:<init>(103)) - 13f6ead9-4ac1-4df1-b42d-10c41cf9ca8c@group-EB794BA09808: ConfigurationManager, init=-1: [13f6ead9-4ac1-4df1-b42d-10c41cf9ca8c:192.168.30.33:37170], old=null, confs=<EMPTY_MAP>
2019-10-04 13:42:24,925 [pool-67-thread-1] INFO  server.RaftServerConfigKeys (ConfUtils.java:logGet(43)) - raft.server.storage.dir = [/workdir/hadoop-ozone/integration-test/target/test-dir/MiniOzoneClusterImpl-5c48747c-7a6e-4ba5-a504-6c7ef741f97d/datanode-4/data/ratis] (custom)
2019-10-04 13:42:24,925 [pool-67-thread-1] INFO  server.RaftServerConfigKeys (ConfUtils.java:logGet(43)) - raft.server.log.corruption.policy = EXCEPTION (default)
2019-10-04 13:42:24,925 [pool-67-thread-1] INFO  storage.RaftStorageDirectory (RaftStorageDirectory.java:analyzeStorage(246)) - The storage directory /workdir/hadoop-ozone/integration-test/target/test-dir/MiniOzoneClusterImpl-5c48747c-7a6e-4ba5-a504-6c7ef741f97d/datanode-4/data/ratis/56fe0804-c02e-47b4-990f-eb794ba09808 does not exist. Creating ...
2019-10-04 13:42:24,938 [pool-67-thread-1] INFO  storage.RaftStorageDirectory (RaftStorageDirectory.java:tryLock(328)) - Lock on /workdir/hadoop-ozone/integration-test/target/test-dir/MiniOzoneClusterImpl-5c48747c-7a6e-4ba5-a504-6c7ef741f97d/datanode-4/data/ratis/56fe0804-c02e-47b4-990f-eb794ba09808/in_use.lock acquired by nodename 8979@pr-hdds-2233-hr7xq-248966361
2019-10-04 13:42:24,951 [pool-67-thread-1] INFO  storage.RaftStorage (RaftStorage.java:format(84)) - Storage directory /workdir/hadoop-ozone/integration-test/target/test-dir/MiniOzoneClusterImpl-5c48747c-7a6e-4ba5-a504-6c7ef741f97d/datanode-4/data/ratis/56fe0804-c02e-47b4-990f-eb794ba09808 has been successfully formatted.
2019-10-04 13:42:24,952 [pool-67-thread-1] INFO  ratis.ContainerStateMachine (ContainerStateMachine.java:loadSnapshot(230)) - group-EB794BA09808: The snapshot info is null. Setting the last applied indexto:(t:0, i:~)
2019-10-04 13:42:24,952 [pool-67-thread-1] INFO  server.RaftServerConfigKeys (ConfUtils.java:logGet(43)) - raft.server.notification.no-leader.timeout = 120s (custom)
2019-10-04 13:42:24,952 [pool-67-thread-1] INFO  server.RaftServerConfigKeys (ConfUtils.java:logGet(43)) - raft.server.log.use.memory = false (default)
2019-10-04 13:42:24,952 [pool-67-thread-1] INFO  server.RaftServerConfigKeys (ConfUtils.java:logGet(43)) - raft.server.log.purge.gap = 1000000 (custom)
2019-10-04 13:42:24,952 [pool-67-thread-1] INFO  server.RaftServerConfigKeys (ConfUtils.java:logGet(43)) - raft.server.log.appender.buffer.byte-limit = 33554432 (custom)
2019-10-04 13:42:24,953 [pool-67-thread-1] INFO  server.RaftServerConfigKeys (ConfUtils.java:logGet(43)) - raft.server.log.segment.size.max = 1048576 (custom)
2019-10-04 13:42:24,957 [pool-67-thread-1] INFO  server.RaftServerConfigKeys (ConfUtils.java:logGet(43)) - raft.server.log.segment.cache.num.max = 2 (custom)
2019-10-04 13:42:24,957 [pool-67-thread-1] INFO  segmented.SegmentedRaftLogWorker (SegmentedRaftLogWorker.java:<init>(173)) - new 13f6ead9-4ac1-4df1-b42d-10c41cf9ca8c@group-EB794BA09808-SegmentedRaftLogWorker for RaftStorage:Storage Directory /workdir/hadoop-ozone/integration-test/target/test-dir/MiniOzoneClusterImpl-5c48747c-7a6e-4ba5-a504-6c7ef741f97d/datanode-4/data/ratis/56fe0804-c02e-47b4-990f-eb794ba09808
2019-10-04 13:42:24,957 [pool-67-thread-1] INFO  server.RaftServerConfigKeys (ConfUtils.java:logGet(43)) - raft.server.log.queue.byte-limit = 2147483647 (custom)
2019-10-04 13:42:24,957 [pool-67-thread-1] INFO  server.RaftServerConfigKeys (ConfUtils.java:logGet(43)) - raft.server.log.queue.element-limit = 1024 (custom)
2019-10-04 13:42:24,957 [pool-67-thread-1] INFO  server.RaftServerConfigKeys (ConfUtils.java:logGet(43)) - raft.server.log.segment.size.max = 1048576 (custom)
2019-10-04 13:42:24,957 [pool-67-thread-1] INFO  server.RaftServerConfigKeys (ConfUtils.java:logGet(43)) - raft.server.log.preallocated.size = 16384 (custom)
2019-10-04 13:42:24,957 [pool-67-thread-1] INFO  server.RaftServerConfigKeys (ConfUtils.java:logGet(43)) - raft.server.log.write.buffer.size = 33554432 (custom)
2019-10-04 13:42:24,958 [pool-67-thread-1] INFO  server.RaftServerConfigKeys (ConfUtils.java:logGet(43)) - raft.server.log.force.sync.num = 128 (default)
2019-10-04 13:42:24,958 [pool-67-thread-1] INFO  server.RaftServerConfigKeys (ConfUtils.java:logGet(43)) - raft.server.log.statemachine.data.sync = true (default)
2019-10-04 13:42:24,958 [pool-67-thread-1] INFO  server.RaftServerConfigKeys (ConfUtils.java:logGet(43)) - raft.server.log.statemachine.data.sync.timeout = 10s (default)
2019-10-04 13:42:24,958 [pool-67-thread-1] INFO  server.RaftServerConfigKeys (ConfUtils.java:logGet(43)) - raft.server.log.statemachine.data.sync.timeout.retry = -1 (default)
2019-10-04 13:42:24,959 [pool-67-thread-1] INFO  server.RaftServerConfigKeys (ConfUtils.java:logGet(43)) - raft.server.log.statemachine.data.caching.enabled = true (custom)
2019-10-04 13:42:24,959 [pool-67-thread-1] INFO  segmented.SegmentedRaftLogWorker (SegmentedRaftLogWorker.java:lambda$new$0(128)) - 13f6ead9-4ac1-4df1-b42d-10c41cf9ca8c@group-EB794BA09808-SegmentedRaftLogWorker: flushIndex: setUnconditionally 0 -> -1
2019-10-04 13:42:24,959 [pool-67-thread-1] INFO  server.RaftServerConfigKeys (ConfUtils.java:logGet(43)) - raft.server.snapshot.auto.trigger.enabled = true (custom)
2019-10-04 13:42:24,959 [pool-67-thread-1] INFO  server.RaftServerConfigKeys (ConfUtils.java:logGet(43)) - raft.server.snapshot.auto.trigger.threshold = 10000 (custom)
2019-10-04 13:42:24,959 [pool-67-thread-1] INFO  server.RaftServerConfigKeys (ConfUtils.java:logGet(43)) - raft.server.snapshot.retention.file.num = 5 (custom)
2019-10-04 13:42:24,960 [pool-67-thread-1] INFO  server.RaftServerConfigKeys (ConfUtils.java:logGet(43)) - raft.server.retrycache.expirytime = 600000ms (custom)
2019-10-04 13:42:24,963 [pool-67-thread-1] INFO  impl.RaftServerImpl (RaftServerImpl.java:start(181)) - 13f6ead9-4ac1-4df1-b42d-10c41cf9ca8c@group-EB794BA09808: start as a follower, conf=-1: [13f6ead9-4ac1-4df1-b42d-10c41cf9ca8c:192.168.30.33:37170], old=null
2019-10-04 13:42:24,963 [pool-67-thread-1] INFO  impl.RaftServerImpl (RaftServerImpl.java:setRole(170)) - 13f6ead9-4ac1-4df1-b42d-10c41cf9ca8c@group-EB794BA09808: changes role from      null to FOLLOWER at term 0 for startAsFollower
2019-10-04 13:42:24,963 [pool-67-thread-1] INFO  impl.RoleInfo (RoleInfo.java:updateAndGet(143)) - 13f6ead9-4ac1-4df1-b42d-10c41cf9ca8c: start FollowerState
2019-10-04 13:42:24,964 [pool-67-thread-1] INFO  util.JmxRegister (JmxRegister.java:tryRegister(44)) - Successfully registered JMX Bean with object name Ratis:service=RaftServer,group=group-EB794BA09808,id=13f6ead9-4ac1-4df1-b42d-10c41cf9ca8c
2019-10-04 13:42:24,980 [RatisPipelineUtilsThread] INFO  pipeline.PipelineStateManager (PipelineStateManager.java:addPipeline(56)) - Created pipeline Pipeline[ Id: 56fe0804-c02e-47b4-990f-eb794ba09808, Nodes: 13f6ead9-4ac1-4df1-b42d-10c41cf9ca8c{ip: 192.168.30.33, host: pr-hdds-2233-hr7xq-248966361, networkLocation: /default-rack, certSerialId: null}, Type:RATIS, Factor:ONE, State:OPEN]
2019-10-04 13:42:25,001 [grpc-default-executor-0] INFO  impl.RaftServerProxy (RaftServerProxy.java:addNew(89)) - 6f372b74-5ac6-448f-870e-757968cf5a94: addNew group-8013CC6FD789:[6f372b74-5ac6-448f-870e-757968cf5a94:192.168.30.33:37996] returns group-8013CC6FD789:java.util.concurrent.CompletableFuture@8be6949[Not completed]
2019-10-04 13:42:25,005 [pool-47-thread-1] INFO  impl.RaftServerImpl (RaftServerImpl.java:<init>(95)) - 6f372b74-5ac6-448f-870e-757968cf5a94: new RaftServerImpl for group-8013CC6FD789:[6f372b74-5ac6-448f-870e-757968cf5a94:192.168.30.33:37996] with ContainerStateMachine:uninitialized
2019-10-04 13:42:25,005 [pool-47-thread-1] INFO  server.RaftServerConfigKeys (ConfUtils.java:logGet(43)) - raft.server.rpc.timeout.min = 5s (custom)
2019-10-04 13:42:25,005 [pool-47-thread-1] INFO  server.RaftServerConfigKeys (ConfUtils.java:logGet(43)) - raft.server.rpc.timeout.max = 5200ms (custom)
2019-10-04 13:42:25,005 [pool-47-thread-1] INFO  server.RaftServerConfigKeys (ConfUtils.java:logGet(43)) - raft.server.rpcslowness.timeout = 120s (custom)
2019-10-04 13:42:25,005 [pool-47-thread-1] INFO  server.RaftServerConfigKeys (ConfUtils.java:logGet(43)) - raft.server.sleep.deviation.threshold = 300 (default)
2019-10-04 13:42:25,006 [pool-47-thread-1] INFO  server.RaftServerConfigKeys (ConfUtils.java:logGet(43)) - raft.server.log.appender.install.snapshot.enabled = false (custom)
2019-10-04 13:42:25,006 [pool-47-thread-1] INFO  impl.RaftServerImpl (ServerState.java:<init>(103)) - 6f372b74-5ac6-448f-870e-757968cf5a94@group-8013CC6FD789: ConfigurationManager, init=-1: [6f372b74-5ac6-448f-870e-757968cf5a94:192.168.30.33:37996], old=null, confs=<EMPTY_MAP>
2019-10-04 13:42:25,006 [pool-47-thread-1] INFO  server.RaftServerConfigKeys (ConfUtils.java:logGet(43)) - raft.server.storage.dir = [/workdir/hadoop-ozone/integration-test/target/test-dir/MiniOzoneClusterImpl-5c48747c-7a6e-4ba5-a504-6c7ef741f97d/datanode-2/data/ratis] (custom)
2019-10-04 13:42:25,006 [pool-47-thread-1] INFO  server.RaftServerConfigKeys (ConfUtils.java:logGet(43)) - raft.server.log.corruption.policy = EXCEPTION (default)
2019-10-04 13:42:25,007 [pool-47-thread-1] INFO  storage.RaftStorageDirectory (RaftStorageDirectory.java:analyzeStorage(246)) - The storage directory /workdir/hadoop-ozone/integration-test/target/test-dir/MiniOzoneClusterImpl-5c48747c-7a6e-4ba5-a504-6c7ef741f97d/datanode-2/data/ratis/a68822f5-a716-4d5b-a107-8013cc6fd789 does not exist. Creating ...
2019-10-04 13:42:25,020 [pool-47-thread-1] INFO  storage.RaftStorageDirectory (RaftStorageDirectory.java:tryLock(328)) - Lock on /workdir/hadoop-ozone/integration-test/target/test-dir/MiniOzoneClusterImpl-5c48747c-7a6e-4ba5-a504-6c7ef741f97d/datanode-2/data/ratis/a68822f5-a716-4d5b-a107-8013cc6fd789/in_use.lock acquired by nodename 8979@pr-hdds-2233-hr7xq-248966361
2019-10-04 13:42:25,033 [pool-47-thread-1] INFO  storage.RaftStorage (RaftStorage.java:format(84)) - Storage directory /workdir/hadoop-ozone/integration-test/target/test-dir/MiniOzoneClusterImpl-5c48747c-7a6e-4ba5-a504-6c7ef741f97d/datanode-2/data/ratis/a68822f5-a716-4d5b-a107-8013cc6fd789 has been successfully formatted.
2019-10-04 13:42:25,033 [pool-47-thread-1] INFO  ratis.ContainerStateMachine (ContainerStateMachine.java:loadSnapshot(230)) - group-8013CC6FD789: The snapshot info is null. Setting the last applied indexto:(t:0, i:~)
2019-10-04 13:42:25,033 [pool-47-thread-1] INFO  server.RaftServerConfigKeys (ConfUtils.java:logGet(43)) - raft.server.notification.no-leader.timeout = 120s (custom)
2019-10-04 13:42:25,034 [pool-47-thread-1] INFO  server.RaftServerConfigKeys (ConfUtils.java:logGet(43)) - raft.server.log.use.memory = false (default)
2019-10-04 13:42:25,034 [pool-47-thread-1] INFO  server.RaftServerConfigKeys (ConfUtils.java:logGet(43)) - raft.server.log.purge.gap = 1000000 (custom)
2019-10-04 13:42:25,034 [pool-47-thread-1] INFO  server.RaftServerConfigKeys (ConfUtils.java:logGet(43)) - raft.server.log.appender.buffer.byte-limit = 33554432 (custom)
2019-10-04 13:42:25,034 [pool-47-thread-1] INFO  server.RaftServerConfigKeys (ConfUtils.java:logGet(43)) - raft.server.log.segment.size.max = 1048576 (custom)
2019-10-04 13:42:25,038 [pool-47-thread-1] INFO  server.RaftServerConfigKeys (ConfUtils.java:logGet(43)) - raft.server.log.segment.cache.num.max = 2 (custom)
2019-10-04 13:42:25,039 [pool-47-thread-1] INFO  segmented.SegmentedRaftLogWorker (SegmentedRaftLogWorker.java:<init>(173)) - new 6f372b74-5ac6-448f-870e-757968cf5a94@group-8013CC6FD789-SegmentedRaftLogWorker for RaftStorage:Storage Directory /workdir/hadoop-ozone/integration-test/target/test-dir/MiniOzoneClusterImpl-5c48747c-7a6e-4ba5-a504-6c7ef741f97d/datanode-2/data/ratis/a68822f5-a716-4d5b-a107-8013cc6fd789
2019-10-04 13:42:25,039 [pool-47-thread-1] INFO  server.RaftServerConfigKeys (ConfUtils.java:logGet(43)) - raft.server.log.queue.byte-limit = 2147483647 (custom)
2019-10-04 13:42:25,039 [pool-47-thread-1] INFO  server.RaftServerConfigKeys (ConfUtils.java:logGet(43)) - raft.server.log.queue.element-limit = 1024 (custom)
2019-10-04 13:42:25,039 [pool-47-thread-1] INFO  server.RaftServerConfigKeys (ConfUtils.java:logGet(43)) - raft.server.log.segment.size.max = 1048576 (custom)
2019-10-04 13:42:25,039 [pool-47-thread-1] INFO  server.RaftServerConfigKeys (ConfUtils.java:logGet(43)) - raft.server.log.preallocated.size = 16384 (custom)
2019-10-04 13:42:25,040 [pool-47-thread-1] INFO  server.RaftServerConfigKeys (ConfUtils.java:logGet(43)) - raft.server.log.write.buffer.size = 33554432 (custom)
2019-10-04 13:42:25,040 [pool-47-thread-1] INFO  server.RaftServerConfigKeys (ConfUtils.java:logGet(43)) - raft.server.log.force.sync.num = 128 (default)
2019-10-04 13:42:25,040 [pool-47-thread-1] INFO  server.RaftServerConfigKeys (ConfUtils.java:logGet(43)) - raft.server.log.statemachine.data.sync = true (default)
2019-10-04 13:42:25,040 [pool-47-thread-1] INFO  server.RaftServerConfigKeys (ConfUtils.java:logGet(43)) - raft.server.log.statemachine.data.sync.timeout = 10s (default)
2019-10-04 13:42:25,040 [pool-47-thread-1] INFO  server.RaftServerConfigKeys (ConfUtils.java:logGet(43)) - raft.server.log.statemachine.data.sync.timeout.retry = -1 (default)
2019-10-04 13:42:25,041 [pool-47-thread-1] INFO  server.RaftServerConfigKeys (ConfUtils.java:logGet(43)) - raft.server.log.statemachine.data.caching.enabled = true (custom)
2019-10-04 13:42:25,041 [pool-47-thread-1] INFO  segmented.SegmentedRaftLogWorker (SegmentedRaftLogWorker.java:lambda$new$0(128)) - 6f372b74-5ac6-448f-870e-757968cf5a94@group-8013CC6FD789-SegmentedRaftLogWorker: flushIndex: setUnconditionally 0 -> -1
2019-10-04 13:42:25,042 [pool-47-thread-1] INFO  server.RaftServerConfigKeys (ConfUtils.java:logGet(43)) - raft.server.snapshot.auto.trigger.enabled = true (custom)
2019-10-04 13:42:25,042 [pool-47-thread-1] INFO  server.RaftServerConfigKeys (ConfUtils.java:logGet(43)) - raft.server.snapshot.auto.trigger.threshold = 10000 (custom)
2019-10-04 13:42:25,042 [pool-47-thread-1] INFO  server.RaftServerConfigKeys (ConfUtils.java:logGet(43)) - raft.server.snapshot.retention.file.num = 5 (custom)
2019-10-04 13:42:25,042 [pool-47-thread-1] INFO  server.RaftServerConfigKeys (ConfUtils.java:logGet(43)) - raft.server.retrycache.expirytime = 600000ms (custom)
2019-10-04 13:42:25,046 [pool-47-thread-1] INFO  impl.RaftServerImpl (RaftServerImpl.java:start(181)) - 6f372b74-5ac6-448f-870e-757968cf5a94@group-8013CC6FD789: start as a follower, conf=-1: [6f372b74-5ac6-448f-870e-757968cf5a94:192.168.30.33:37996], old=null
2019-10-04 13:42:25,046 [pool-47-thread-1] INFO  impl.RaftServerImpl (RaftServerImpl.java:setRole(170)) - 6f372b74-5ac6-448f-870e-757968cf5a94@group-8013CC6FD789: changes role from      null to FOLLOWER at term 0 for startAsFollower
2019-10-04 13:42:25,046 [pool-47-thread-1] INFO  impl.RoleInfo (RoleInfo.java:updateAndGet(143)) - 6f372b74-5ac6-448f-870e-757968cf5a94: start FollowerState
2019-10-04 13:42:25,047 [pool-47-thread-1] INFO  util.JmxRegister (JmxRegister.java:tryRegister(44)) - Successfully registered JMX Bean with object name Ratis:service=RaftServer,group=group-8013CC6FD789,id=6f372b74-5ac6-448f-870e-757968cf5a94
2019-10-04 13:42:25,062 [RatisPipelineUtilsThread] INFO  pipeline.PipelineStateManager (PipelineStateManager.java:addPipeline(56)) - Created pipeline Pipeline[ Id: a68822f5-a716-4d5b-a107-8013cc6fd789, Nodes: 6f372b74-5ac6-448f-870e-757968cf5a94{ip: 192.168.30.33, host: pr-hdds-2233-hr7xq-248966361, networkLocation: /default-rack, certSerialId: null}, Type:RATIS, Factor:ONE, State:OPEN]
2019-10-04 13:42:25,086 [grpc-default-executor-0] INFO  impl.RaftServerProxy (RaftServerProxy.java:addNew(89)) - e165e23a-d6e6-47fc-a886-184bdf342c66: addNew group-18B79E3095BB:[e165e23a-d6e6-47fc-a886-184bdf342c66:192.168.30.33:37198] returns group-18B79E3095BB:java.util.concurrent.CompletableFuture@245d56b4[Not completed]
2019-10-04 13:42:25,091 [pool-57-thread-1] INFO  impl.RaftServerImpl (RaftServerImpl.java:<init>(95)) - e165e23a-d6e6-47fc-a886-184bdf342c66: new RaftServerImpl for group-18B79E3095BB:[e165e23a-d6e6-47fc-a886-184bdf342c66:192.168.30.33:37198] with ContainerStateMachine:uninitialized
2019-10-04 13:42:25,091 [pool-57-thread-1] INFO  server.RaftServerConfigKeys (ConfUtils.java:logGet(43)) - raft.server.rpc.timeout.min = 5s (custom)
2019-10-04 13:42:25,091 [pool-57-thread-1] INFO  server.RaftServerConfigKeys (ConfUtils.java:logGet(43)) - raft.server.rpc.timeout.max = 5200ms (custom)
2019-10-04 13:42:25,091 [pool-57-thread-1] INFO  server.RaftServerConfigKeys (ConfUtils.java:logGet(43)) - raft.server.rpcslowness.timeout = 120s (custom)
2019-10-04 13:42:25,091 [pool-57-thread-1] INFO  server.RaftServerConfigKeys (ConfUtils.java:logGet(43)) - raft.server.sleep.deviation.threshold = 300 (default)
2019-10-04 13:42:25,091 [pool-57-thread-1] INFO  server.RaftServerConfigKeys (ConfUtils.java:logGet(43)) - raft.server.log.appender.install.snapshot.enabled = false (custom)
2019-10-04 13:42:25,092 [pool-57-thread-1] INFO  impl.RaftServerImpl (ServerState.java:<init>(103)) - e165e23a-d6e6-47fc-a886-184bdf342c66@group-18B79E3095BB: ConfigurationManager, init=-1: [e165e23a-d6e6-47fc-a886-184bdf342c66:192.168.30.33:37198], old=null, confs=<EMPTY_MAP>
2019-10-04 13:42:25,092 [pool-57-thread-1] INFO  server.RaftServerConfigKeys (ConfUtils.java:logGet(43)) - raft.server.storage.dir = [/workdir/hadoop-ozone/integration-test/target/test-dir/MiniOzoneClusterImpl-5c48747c-7a6e-4ba5-a504-6c7ef741f97d/datanode-3/data/ratis] (custom)
2019-10-04 13:42:25,092 [pool-57-thread-1] INFO  server.RaftServerConfigKeys (ConfUtils.java:logGet(43)) - raft.server.log.corruption.policy = EXCEPTION (default)
2019-10-04 13:42:25,092 [pool-57-thread-1] INFO  storage.RaftStorageDirectory (RaftStorageDirectory.java:analyzeStorage(246)) - The storage directory /workdir/hadoop-ozone/integration-test/target/test-dir/MiniOzoneClusterImpl-5c48747c-7a6e-4ba5-a504-6c7ef741f97d/datanode-3/data/ratis/df303299-b44d-423e-b09e-18b79e3095bb does not exist. Creating ...
2019-10-04 13:42:25,098 [pool-57-thread-1] INFO  storage.RaftStorageDirectory (RaftStorageDirectory.java:tryLock(328)) - Lock on /workdir/hadoop-ozone/integration-test/target/test-dir/MiniOzoneClusterImpl-5c48747c-7a6e-4ba5-a504-6c7ef741f97d/datanode-3/data/ratis/df303299-b44d-423e-b09e-18b79e3095bb/in_use.lock acquired by nodename 8979@pr-hdds-2233-hr7xq-248966361
2019-10-04 13:42:25,111 [pool-57-thread-1] INFO  storage.RaftStorage (RaftStorage.java:format(84)) - Storage directory /workdir/hadoop-ozone/integration-test/target/test-dir/MiniOzoneClusterImpl-5c48747c-7a6e-4ba5-a504-6c7ef741f97d/datanode-3/data/ratis/df303299-b44d-423e-b09e-18b79e3095bb has been successfully formatted.
2019-10-04 13:42:25,111 [pool-57-thread-1] INFO  ratis.ContainerStateMachine (ContainerStateMachine.java:loadSnapshot(230)) - group-18B79E3095BB: The snapshot info is null. Setting the last applied indexto:(t:0, i:~)
2019-10-04 13:42:25,111 [pool-57-thread-1] INFO  server.RaftServerConfigKeys (ConfUtils.java:logGet(43)) - raft.server.notification.no-leader.timeout = 120s (custom)
2019-10-04 13:42:25,111 [pool-57-thread-1] INFO  server.RaftServerConfigKeys (ConfUtils.java:logGet(43)) - raft.server.log.use.memory = false (default)
2019-10-04 13:42:25,111 [pool-57-thread-1] INFO  server.RaftServerConfigKeys (ConfUtils.java:logGet(43)) - raft.server.log.purge.gap = 1000000 (custom)
2019-10-04 13:42:25,112 [pool-57-thread-1] INFO  server.RaftServerConfigKeys (ConfUtils.java:logGet(43)) - raft.server.log.appender.buffer.byte-limit = 33554432 (custom)
2019-10-04 13:42:25,112 [pool-57-thread-1] INFO  server.RaftServerConfigKeys (ConfUtils.java:logGet(43)) - raft.server.log.segment.size.max = 1048576 (custom)
2019-10-04 13:42:25,114 [pool-57-thread-1] INFO  server.RaftServerConfigKeys (ConfUtils.java:logGet(43)) - raft.server.log.segment.cache.num.max = 2 (custom)
2019-10-04 13:42:25,114 [pool-57-thread-1] INFO  segmented.SegmentedRaftLogWorker (SegmentedRaftLogWorker.java:<init>(173)) - new e165e23a-d6e6-47fc-a886-184bdf342c66@group-18B79E3095BB-SegmentedRaftLogWorker for RaftStorage:Storage Directory /workdir/hadoop-ozone/integration-test/target/test-dir/MiniOzoneClusterImpl-5c48747c-7a6e-4ba5-a504-6c7ef741f97d/datanode-3/data/ratis/df303299-b44d-423e-b09e-18b79e3095bb
2019-10-04 13:42:25,114 [pool-57-thread-1] INFO  server.RaftServerConfigKeys (ConfUtils.java:logGet(43)) - raft.server.log.queue.byte-limit = 2147483647 (custom)
2019-10-04 13:42:25,115 [pool-57-thread-1] INFO  server.RaftServerConfigKeys (ConfUtils.java:logGet(43)) - raft.server.log.queue.element-limit = 1024 (custom)
2019-10-04 13:42:25,115 [pool-57-thread-1] INFO  server.RaftServerConfigKeys (ConfUtils.java:logGet(43)) - raft.server.log.segment.size.max = 1048576 (custom)
2019-10-04 13:42:25,115 [pool-57-thread-1] INFO  server.RaftServerConfigKeys (ConfUtils.java:logGet(43)) - raft.server.log.preallocated.size = 16384 (custom)
2019-10-04 13:42:25,115 [pool-57-thread-1] INFO  server.RaftServerConfigKeys (ConfUtils.java:logGet(43)) - raft.server.log.write.buffer.size = 33554432 (custom)
2019-10-04 13:42:25,115 [pool-57-thread-1] INFO  server.RaftServerConfigKeys (ConfUtils.java:logGet(43)) - raft.server.log.force.sync.num = 128 (default)
2019-10-04 13:42:25,115 [pool-57-thread-1] INFO  server.RaftServerConfigKeys (ConfUtils.java:logGet(43)) - raft.server.log.statemachine.data.sync = true (default)
2019-10-04 13:42:25,115 [pool-57-thread-1] INFO  server.RaftServerConfigKeys (ConfUtils.java:logGet(43)) - raft.server.log.statemachine.data.sync.timeout = 10s (default)
2019-10-04 13:42:25,116 [pool-57-thread-1] INFO  server.RaftServerConfigKeys (ConfUtils.java:logGet(43)) - raft.server.log.statemachine.data.sync.timeout.retry = -1 (default)
2019-10-04 13:42:25,116 [pool-57-thread-1] INFO  server.RaftServerConfigKeys (ConfUtils.java:logGet(43)) - raft.server.log.statemachine.data.caching.enabled = true (custom)
2019-10-04 13:42:25,116 [pool-57-thread-1] INFO  segmented.SegmentedRaftLogWorker (SegmentedRaftLogWorker.java:lambda$new$0(128)) - e165e23a-d6e6-47fc-a886-184bdf342c66@group-18B79E3095BB-SegmentedRaftLogWorker: flushIndex: setUnconditionally 0 -> -1
2019-10-04 13:42:25,117 [pool-57-thread-1] INFO  server.RaftServerConfigKeys (ConfUtils.java:logGet(43)) - raft.server.snapshot.auto.trigger.enabled = true (custom)
2019-10-04 13:42:25,117 [pool-57-thread-1] INFO  server.RaftServerConfigKeys (ConfUtils.java:logGet(43)) - raft.server.snapshot.auto.trigger.threshold = 10000 (custom)
2019-10-04 13:42:25,117 [pool-57-thread-1] INFO  server.RaftServerConfigKeys (ConfUtils.java:logGet(43)) - raft.server.snapshot.retention.file.num = 5 (custom)
2019-10-04 13:42:25,117 [pool-57-thread-1] INFO  server.RaftServerConfigKeys (ConfUtils.java:logGet(43)) - raft.server.retrycache.expirytime = 600000ms (custom)
2019-10-04 13:42:25,119 [pool-57-thread-1] INFO  impl.RaftServerImpl (RaftServerImpl.java:start(181)) - e165e23a-d6e6-47fc-a886-184bdf342c66@group-18B79E3095BB: start as a follower, conf=-1: [e165e23a-d6e6-47fc-a886-184bdf342c66:192.168.30.33:37198], old=null
2019-10-04 13:42:25,119 [pool-57-thread-1] INFO  impl.RaftServerImpl (RaftServerImpl.java:setRole(170)) - e165e23a-d6e6-47fc-a886-184bdf342c66@group-18B79E3095BB: changes role from      null to FOLLOWER at term 0 for startAsFollower
2019-10-04 13:42:25,120 [pool-57-thread-1] INFO  impl.RoleInfo (RoleInfo.java:updateAndGet(143)) - e165e23a-d6e6-47fc-a886-184bdf342c66: start FollowerState
2019-10-04 13:42:25,120 [pool-57-thread-1] INFO  util.JmxRegister (JmxRegister.java:tryRegister(44)) - Successfully registered JMX Bean with object name Ratis:service=RaftServer,group=group-18B79E3095BB,id=e165e23a-d6e6-47fc-a886-184bdf342c66
2019-10-04 13:42:25,134 [RatisPipelineUtilsThread] INFO  pipeline.PipelineStateManager (PipelineStateManager.java:addPipeline(56)) - Created pipeline Pipeline[ Id: df303299-b44d-423e-b09e-18b79e3095bb, Nodes: e165e23a-d6e6-47fc-a886-184bdf342c66{ip: 192.168.30.33, host: pr-hdds-2233-hr7xq-248966361, networkLocation: /default-rack, certSerialId: null}, Type:RATIS, Factor:ONE, State:OPEN]
2019-10-04 13:42:25,148 [grpc-default-executor-0] INFO  impl.RaftServerProxy (RaftServerProxy.java:addNew(89)) - 712baa3a-7283-4f66-8069-73edaaaa66e0: addNew group-33993E4950CE:[712baa3a-7283-4f66-8069-73edaaaa66e0:192.168.30.33:34353] returns group-33993E4950CE:java.util.concurrent.CompletableFuture@57ab78c7[Not completed]
2019-10-04 13:42:25,152 [pool-87-thread-1] INFO  impl.RaftServerImpl (RaftServerImpl.java:<init>(95)) - 712baa3a-7283-4f66-8069-73edaaaa66e0: new RaftServerImpl for group-33993E4950CE:[712baa3a-7283-4f66-8069-73edaaaa66e0:192.168.30.33:34353] with ContainerStateMachine:uninitialized
2019-10-04 13:42:25,152 [pool-87-thread-1] INFO  server.RaftServerConfigKeys (ConfUtils.java:logGet(43)) - raft.server.rpc.timeout.min = 5s (custom)
2019-10-04 13:42:25,153 [pool-87-thread-1] INFO  server.RaftServerConfigKeys (ConfUtils.java:logGet(43)) - raft.server.rpc.timeout.max = 5200ms (custom)
2019-10-04 13:42:25,153 [pool-87-thread-1] INFO  server.RaftServerConfigKeys (ConfUtils.java:logGet(43)) - raft.server.rpcslowness.timeout = 120s (custom)
2019-10-04 13:42:25,153 [pool-87-thread-1] INFO  server.RaftServerConfigKeys (ConfUtils.java:logGet(43)) - raft.server.sleep.deviation.threshold = 300 (default)
2019-10-04 13:42:25,153 [pool-87-thread-1] INFO  server.RaftServerConfigKeys (ConfUtils.java:logGet(43)) - raft.server.log.appender.install.snapshot.enabled = false (custom)
2019-10-04 13:42:25,153 [pool-87-thread-1] INFO  impl.RaftServerImpl (ServerState.java:<init>(103)) - 712baa3a-7283-4f66-8069-73edaaaa66e0@group-33993E4950CE: ConfigurationManager, init=-1: [712baa3a-7283-4f66-8069-73edaaaa66e0:192.168.30.33:34353], old=null, confs=<EMPTY_MAP>
2019-10-04 13:42:25,153 [pool-87-thread-1] INFO  server.RaftServerConfigKeys (ConfUtils.java:logGet(43)) - raft.server.storage.dir = [/workdir/hadoop-ozone/integration-test/target/test-dir/MiniOzoneClusterImpl-5c48747c-7a6e-4ba5-a504-6c7ef741f97d/datanode-6/data/ratis] (custom)
2019-10-04 13:42:25,153 [pool-87-thread-1] INFO  server.RaftServerConfigKeys (ConfUtils.java:logGet(43)) - raft.server.log.corruption.policy = EXCEPTION (default)
2019-10-04 13:42:25,154 [pool-87-thread-1] INFO  storage.RaftStorageDirectory (RaftStorageDirectory.java:analyzeStorage(246)) - The storage directory /workdir/hadoop-ozone/integration-test/target/test-dir/MiniOzoneClusterImpl-5c48747c-7a6e-4ba5-a504-6c7ef741f97d/datanode-6/data/ratis/29f5236d-8b79-4072-988e-33993e4950ce does not exist. Creating ...
2019-10-04 13:42:25,167 [pool-87-thread-1] INFO  storage.RaftStorageDirectory (RaftStorageDirectory.java:tryLock(328)) - Lock on /workdir/hadoop-ozone/integration-test/target/test-dir/MiniOzoneClusterImpl-5c48747c-7a6e-4ba5-a504-6c7ef741f97d/datanode-6/data/ratis/29f5236d-8b79-4072-988e-33993e4950ce/in_use.lock acquired by nodename 8979@pr-hdds-2233-hr7xq-248966361
2019-10-04 13:42:25,180 [pool-87-thread-1] INFO  storage.RaftStorage (RaftStorage.java:format(84)) - Storage directory /workdir/hadoop-ozone/integration-test/target/test-dir/MiniOzoneClusterImpl-5c48747c-7a6e-4ba5-a504-6c7ef741f97d/datanode-6/data/ratis/29f5236d-8b79-4072-988e-33993e4950ce has been successfully formatted.
2019-10-04 13:42:25,180 [pool-87-thread-1] INFO  ratis.ContainerStateMachine (ContainerStateMachine.java:loadSnapshot(230)) - group-33993E4950CE: The snapshot info is null. Setting the last applied indexto:(t:0, i:~)
2019-10-04 13:42:25,180 [pool-87-thread-1] INFO  server.RaftServerConfigKeys (ConfUtils.java:logGet(43)) - raft.server.notification.no-leader.timeout = 120s (custom)
2019-10-04 13:42:25,180 [pool-87-thread-1] INFO  server.RaftServerConfigKeys (ConfUtils.java:logGet(43)) - raft.server.log.use.memory = false (default)
2019-10-04 13:42:25,180 [pool-87-thread-1] INFO  server.RaftServerConfigKeys (ConfUtils.java:logGet(43)) - raft.server.log.purge.gap = 1000000 (custom)
2019-10-04 13:42:25,181 [pool-87-thread-1] INFO  server.RaftServerConfigKeys (ConfUtils.java:logGet(43)) - raft.server.log.appender.buffer.byte-limit = 33554432 (custom)
2019-10-04 13:42:25,181 [pool-87-thread-1] INFO  server.RaftServerConfigKeys (ConfUtils.java:logGet(43)) - raft.server.log.segment.size.max = 1048576 (custom)
2019-10-04 13:42:25,184 [pool-87-thread-1] INFO  server.RaftServerConfigKeys (ConfUtils.java:logGet(43)) - raft.server.log.segment.cache.num.max = 2 (custom)
2019-10-04 13:42:25,184 [pool-87-thread-1] INFO  segmented.SegmentedRaftLogWorker (SegmentedRaftLogWorker.java:<init>(173)) - new 712baa3a-7283-4f66-8069-73edaaaa66e0@group-33993E4950CE-SegmentedRaftLogWorker for RaftStorage:Storage Directory /workdir/hadoop-ozone/integration-test/target/test-dir/MiniOzoneClusterImpl-5c48747c-7a6e-4ba5-a504-6c7ef741f97d/datanode-6/data/ratis/29f5236d-8b79-4072-988e-33993e4950ce
2019-10-04 13:42:25,185 [pool-87-thread-1] INFO  server.RaftServerConfigKeys (ConfUtils.java:logGet(43)) - raft.server.log.queue.byte-limit = 2147483647 (custom)
2019-10-04 13:42:25,185 [pool-87-thread-1] INFO  server.RaftServerConfigKeys (ConfUtils.java:logGet(43)) - raft.server.log.queue.element-limit = 1024 (custom)
2019-10-04 13:42:25,185 [pool-87-thread-1] INFO  server.RaftServerConfigKeys (ConfUtils.java:logGet(43)) - raft.server.log.segment.size.max = 1048576 (custom)
2019-10-04 13:42:25,185 [pool-87-thread-1] INFO  server.RaftServerConfigKeys (ConfUtils.java:logGet(43)) - raft.server.log.preallocated.size = 16384 (custom)
2019-10-04 13:42:25,185 [pool-87-thread-1] INFO  server.RaftServerConfigKeys (ConfUtils.java:logGet(43)) - raft.server.log.write.buffer.size = 33554432 (custom)
2019-10-04 13:42:25,185 [pool-87-thread-1] INFO  server.RaftServerConfigKeys (ConfUtils.java:logGet(43)) - raft.server.log.force.sync.num = 128 (default)
2019-10-04 13:42:25,185 [pool-87-thread-1] INFO  server.RaftServerConfigKeys (ConfUtils.java:logGet(43)) - raft.server.log.statemachine.data.sync = true (default)
2019-10-04 13:42:25,186 [pool-87-thread-1] INFO  server.RaftServerConfigKeys (ConfUtils.java:logGet(43)) - raft.server.log.statemachine.data.sync.timeout = 10s (default)
2019-10-04 13:42:25,186 [pool-87-thread-1] INFO  server.RaftServerConfigKeys (ConfUtils.java:logGet(43)) - raft.server.log.statemachine.data.sync.timeout.retry = -1 (default)
2019-10-04 13:42:25,186 [pool-87-thread-1] INFO  server.RaftServerConfigKeys (ConfUtils.java:logGet(43)) - raft.server.log.statemachine.data.caching.enabled = true (custom)
2019-10-04 13:42:25,187 [pool-87-thread-1] INFO  segmented.SegmentedRaftLogWorker (SegmentedRaftLogWorker.java:lambda$new$0(128)) - 712baa3a-7283-4f66-8069-73edaaaa66e0@group-33993E4950CE-SegmentedRaftLogWorker: flushIndex: setUnconditionally 0 -> -1
2019-10-04 13:42:25,187 [pool-87-thread-1] INFO  server.RaftServerConfigKeys (ConfUtils.java:logGet(43)) - raft.server.snapshot.auto.trigger.enabled = true (custom)
2019-10-04 13:42:25,187 [pool-87-thread-1] INFO  server.RaftServerConfigKeys (ConfUtils.java:logGet(43)) - raft.server.snapshot.auto.trigger.threshold = 10000 (custom)
2019-10-04 13:42:25,187 [pool-87-thread-1] INFO  server.RaftServerConfigKeys (ConfUtils.java:logGet(43)) - raft.server.snapshot.retention.file.num = 5 (custom)
2019-10-04 13:42:25,187 [pool-87-thread-1] INFO  server.RaftServerConfigKeys (ConfUtils.java:logGet(43)) - raft.server.retrycache.expirytime = 600000ms (custom)
2019-10-04 13:42:25,190 [pool-87-thread-1] INFO  impl.RaftServerImpl (RaftServerImpl.java:start(181)) - 712baa3a-7283-4f66-8069-73edaaaa66e0@group-33993E4950CE: start as a follower, conf=-1: [712baa3a-7283-4f66-8069-73edaaaa66e0:192.168.30.33:34353], old=null
2019-10-04 13:42:25,190 [pool-87-thread-1] INFO  impl.RaftServerImpl (RaftServerImpl.java:setRole(170)) - 712baa3a-7283-4f66-8069-73edaaaa66e0@group-33993E4950CE: changes role from      null to FOLLOWER at term 0 for startAsFollower
2019-10-04 13:42:25,190 [pool-87-thread-1] INFO  impl.RoleInfo (RoleInfo.java:updateAndGet(143)) - 712baa3a-7283-4f66-8069-73edaaaa66e0: start FollowerState
2019-10-04 13:42:25,192 [pool-87-thread-1] INFO  util.JmxRegister (JmxRegister.java:tryRegister(44)) - Successfully registered JMX Bean with object name Ratis:service=RaftServer,group=group-33993E4950CE,id=712baa3a-7283-4f66-8069-73edaaaa66e0
2019-10-04 13:42:25,216 [RatisPipelineUtilsThread] INFO  pipeline.PipelineStateManager (PipelineStateManager.java:addPipeline(56)) - Created pipeline Pipeline[ Id: 29f5236d-8b79-4072-988e-33993e4950ce, Nodes: 712baa3a-7283-4f66-8069-73edaaaa66e0{ip: 192.168.30.33, host: pr-hdds-2233-hr7xq-248966361, networkLocation: /default-rack, certSerialId: null}, Type:RATIS, Factor:ONE, State:OPEN]
2019-10-04 13:42:25,224 [main] INFO  ozone.MiniOzoneClusterImpl (MiniOzoneClusterImpl.java:lambda$waitForClusterToBeReady$0(147)) - Cluster is ready. Got 7 of 7 DN Heartbeats.
2019-10-04 13:42:25,254 [grpc-default-executor-2] INFO  impl.RaftServerProxy (RaftServerProxy.java:addNew(89)) - 86f11ef4-6d23-4d92-bd7b-cd567d3784dc: addNew group-EC3E54D407A5:[86f11ef4-6d23-4d92-bd7b-cd567d3784dc:192.168.30.33:37153, af890f87-52e7-41cb-b63e-aaf68e46f0ad:192.168.30.33:42938, 13f6ead9-4ac1-4df1-b42d-10c41cf9ca8c:192.168.30.33:37170] returns group-EC3E54D407A5:java.util.concurrent.CompletableFuture@6c1102eb[Not completed]
2019-10-04 13:42:25,256 [grpc-default-executor-1] INFO  impl.RaftServerProxy (RaftServerProxy.java:addNew(89)) - af890f87-52e7-41cb-b63e-aaf68e46f0ad: addNew group-EC3E54D407A5:[86f11ef4-6d23-4d92-bd7b-cd567d3784dc:192.168.30.33:37153, af890f87-52e7-41cb-b63e-aaf68e46f0ad:192.168.30.33:42938, 13f6ead9-4ac1-4df1-b42d-10c41cf9ca8c:192.168.30.33:37170] returns group-EC3E54D407A5:java.util.concurrent.CompletableFuture@11b0a52a[Not completed]
2019-10-04 13:42:25,256 [grpc-default-executor-0] INFO  impl.RaftServerProxy (RaftServerProxy.java:addNew(89)) - 13f6ead9-4ac1-4df1-b42d-10c41cf9ca8c: addNew group-EC3E54D407A5:[86f11ef4-6d23-4d92-bd7b-cd567d3784dc:192.168.30.33:37153, af890f87-52e7-41cb-b63e-aaf68e46f0ad:192.168.30.33:42938, 13f6ead9-4ac1-4df1-b42d-10c41cf9ca8c:192.168.30.33:37170] returns group-EC3E54D407A5:java.util.concurrent.CompletableFuture@522e2829[Not completed]
2019-10-04 13:42:25,258 [pool-37-thread-1] INFO  impl.RaftServerImpl (RaftServerImpl.java:<init>(95)) - 86f11ef4-6d23-4d92-bd7b-cd567d3784dc: new RaftServerImpl for group-EC3E54D407A5:[86f11ef4-6d23-4d92-bd7b-cd567d3784dc:192.168.30.33:37153, af890f87-52e7-41cb-b63e-aaf68e46f0ad:192.168.30.33:42938, 13f6ead9-4ac1-4df1-b42d-10c41cf9ca8c:192.168.30.33:37170] with ContainerStateMachine:uninitialized
2019-10-04 13:42:25,259 [pool-37-thread-1] INFO  server.RaftServerConfigKeys (ConfUtils.java:logGet(43)) - raft.server.rpc.timeout.min = 5s (custom)
2019-10-04 13:42:25,259 [pool-37-thread-1] INFO  server.RaftServerConfigKeys (ConfUtils.java:logGet(43)) - raft.server.rpc.timeout.max = 5200ms (custom)
2019-10-04 13:42:25,259 [pool-37-thread-1] INFO  server.RaftServerConfigKeys (ConfUtils.java:logGet(43)) - raft.server.rpcslowness.timeout = 120s (custom)
2019-10-04 13:42:25,259 [pool-67-thread-1] INFO  impl.RaftServerImpl (RaftServerImpl.java:<init>(95)) - 13f6ead9-4ac1-4df1-b42d-10c41cf9ca8c: new RaftServerImpl for group-EC3E54D407A5:[86f11ef4-6d23-4d92-bd7b-cd567d3784dc:192.168.30.33:37153, af890f87-52e7-41cb-b63e-aaf68e46f0ad:192.168.30.33:42938, 13f6ead9-4ac1-4df1-b42d-10c41cf9ca8c:192.168.30.33:37170] with ContainerStateMachine:uninitialized
2019-10-04 13:42:25,259 [pool-37-thread-1] INFO  server.RaftServerConfigKeys (ConfUtils.java:logGet(43)) - raft.server.sleep.deviation.threshold = 300 (default)
2019-10-04 13:42:25,260 [pool-67-thread-1] INFO  server.RaftServerConfigKeys (ConfUtils.java:logGet(43)) - raft.server.rpc.timeout.min = 5s (custom)
2019-10-04 13:42:25,260 [pool-37-thread-1] INFO  server.RaftServerConfigKeys (ConfUtils.java:logGet(43)) - raft.server.log.appender.install.snapshot.enabled = false (custom)
2019-10-04 13:42:25,260 [pool-67-thread-1] INFO  server.RaftServerConfigKeys (ConfUtils.java:logGet(43)) - raft.server.rpc.timeout.max = 5200ms (custom)
2019-10-04 13:42:25,260 [pool-37-thread-1] INFO  impl.RaftServerImpl (ServerState.java:<init>(103)) - 86f11ef4-6d23-4d92-bd7b-cd567d3784dc@group-EC3E54D407A5: ConfigurationManager, init=-1: [86f11ef4-6d23-4d92-bd7b-cd567d3784dc:192.168.30.33:37153, af890f87-52e7-41cb-b63e-aaf68e46f0ad:192.168.30.33:42938, 13f6ead9-4ac1-4df1-b42d-10c41cf9ca8c:192.168.30.33:37170], old=null, confs=<EMPTY_MAP>
2019-10-04 13:42:25,260 [pool-67-thread-1] INFO  server.RaftServerConfigKeys (ConfUtils.java:logGet(43)) - raft.server.rpcslowness.timeout = 120s (custom)
2019-10-04 13:42:25,260 [pool-67-thread-1] INFO  server.RaftServerConfigKeys (ConfUtils.java:logGet(43)) - raft.server.sleep.deviation.threshold = 300 (default)
2019-10-04 13:42:25,260 [pool-37-thread-1] INFO  server.RaftServerConfigKeys (ConfUtils.java:logGet(43)) - raft.server.storage.dir = [/workdir/hadoop-ozone/integration-test/target/test-dir/MiniOzoneClusterImpl-5c48747c-7a6e-4ba5-a504-6c7ef741f97d/datanode-1/data/ratis] (custom)
2019-10-04 13:42:25,260 [pool-67-thread-1] INFO  server.RaftServerConfigKeys (ConfUtils.java:logGet(43)) - raft.server.log.appender.install.snapshot.enabled = false (custom)
2019-10-04 13:42:25,261 [pool-77-thread-1] INFO  impl.RaftServerImpl (RaftServerImpl.java:<init>(95)) - af890f87-52e7-41cb-b63e-aaf68e46f0ad: new RaftServerImpl for group-EC3E54D407A5:[86f11ef4-6d23-4d92-bd7b-cd567d3784dc:192.168.30.33:37153, af890f87-52e7-41cb-b63e-aaf68e46f0ad:192.168.30.33:42938, 13f6ead9-4ac1-4df1-b42d-10c41cf9ca8c:192.168.30.33:37170] with ContainerStateMachine:uninitialized
2019-10-04 13:42:25,261 [pool-67-thread-1] INFO  impl.RaftServerImpl (ServerState.java:<init>(103)) - 13f6ead9-4ac1-4df1-b42d-10c41cf9ca8c@group-EC3E54D407A5: ConfigurationManager, init=-1: [86f11ef4-6d23-4d92-bd7b-cd567d3784dc:192.168.30.33:37153, af890f87-52e7-41cb-b63e-aaf68e46f0ad:192.168.30.33:42938, 13f6ead9-4ac1-4df1-b42d-10c41cf9ca8c:192.168.30.33:37170], old=null, confs=<EMPTY_MAP>
2019-10-04 13:42:25,261 [pool-77-thread-1] INFO  server.RaftServerConfigKeys (ConfUtils.java:logGet(43)) - raft.server.rpc.timeout.min = 5s (custom)
2019-10-04 13:42:25,261 [pool-37-thread-1] INFO  server.RaftServerConfigKeys (ConfUtils.java:logGet(43)) - raft.server.log.corruption.policy = EXCEPTION (default)
2019-10-04 13:42:25,261 [pool-77-thread-1] INFO  server.RaftServerConfigKeys (ConfUtils.java:logGet(43)) - raft.server.rpc.timeout.max = 5200ms (custom)
2019-10-04 13:42:25,261 [pool-67-thread-1] INFO  server.RaftServerConfigKeys (ConfUtils.java:logGet(43)) - raft.server.storage.dir = [/workdir/hadoop-ozone/integration-test/target/test-dir/MiniOzoneClusterImpl-5c48747c-7a6e-4ba5-a504-6c7ef741f97d/datanode-4/data/ratis] (custom)
2019-10-04 13:42:25,261 [pool-37-thread-1] INFO  storage.RaftStorageDirectory (RaftStorageDirectory.java:analyzeStorage(246)) - The storage directory /workdir/hadoop-ozone/integration-test/target/test-dir/MiniOzoneClusterImpl-5c48747c-7a6e-4ba5-a504-6c7ef741f97d/datanode-1/data/ratis/295dc03d-40c5-4dd3-9ffc-ec3e54d407a5 does not exist. Creating ...
2019-10-04 13:42:25,261 [pool-77-thread-1] INFO  server.RaftServerConfigKeys (ConfUtils.java:logGet(43)) - raft.server.rpcslowness.timeout = 120s (custom)
2019-10-04 13:42:25,262 [pool-67-thread-1] INFO  server.RaftServerConfigKeys (ConfUtils.java:logGet(43)) - raft.server.log.corruption.policy = EXCEPTION (default)
2019-10-04 13:42:25,262 [pool-77-thread-1] INFO  server.RaftServerConfigKeys (ConfUtils.java:logGet(43)) - raft.server.sleep.deviation.threshold = 300 (default)
2019-10-04 13:42:25,262 [pool-67-thread-1] INFO  storage.RaftStorageDirectory (RaftStorageDirectory.java:analyzeStorage(246)) - The storage directory /workdir/hadoop-ozone/integration-test/target/test-dir/MiniOzoneClusterImpl-5c48747c-7a6e-4ba5-a504-6c7ef741f97d/datanode-4/data/ratis/295dc03d-40c5-4dd3-9ffc-ec3e54d407a5 does not exist. Creating ...
2019-10-04 13:42:25,262 [pool-77-thread-1] INFO  server.RaftServerConfigKeys (ConfUtils.java:logGet(43)) - raft.server.log.appender.install.snapshot.enabled = false (custom)
2019-10-04 13:42:25,262 [pool-77-thread-1] INFO  impl.RaftServerImpl (ServerState.java:<init>(103)) - af890f87-52e7-41cb-b63e-aaf68e46f0ad@group-EC3E54D407A5: ConfigurationManager, init=-1: [86f11ef4-6d23-4d92-bd7b-cd567d3784dc:192.168.30.33:37153, af890f87-52e7-41cb-b63e-aaf68e46f0ad:192.168.30.33:42938, 13f6ead9-4ac1-4df1-b42d-10c41cf9ca8c:192.168.30.33:37170], old=null, confs=<EMPTY_MAP>
2019-10-04 13:42:25,263 [pool-77-thread-1] INFO  server.RaftServerConfigKeys (ConfUtils.java:logGet(43)) - raft.server.storage.dir = [/workdir/hadoop-ozone/integration-test/target/test-dir/MiniOzoneClusterImpl-5c48747c-7a6e-4ba5-a504-6c7ef741f97d/datanode-5/data/ratis] (custom)
2019-10-04 13:42:25,263 [pool-77-thread-1] INFO  server.RaftServerConfigKeys (ConfUtils.java:logGet(43)) - raft.server.log.corruption.policy = EXCEPTION (default)
2019-10-04 13:42:25,263 [pool-77-thread-1] INFO  storage.RaftStorageDirectory (RaftStorageDirectory.java:analyzeStorage(246)) - The storage directory /workdir/hadoop-ozone/integration-test/target/test-dir/MiniOzoneClusterImpl-5c48747c-7a6e-4ba5-a504-6c7ef741f97d/datanode-5/data/ratis/295dc03d-40c5-4dd3-9ffc-ec3e54d407a5 does not exist. Creating ...
2019-10-04 13:42:25,275 [pool-37-thread-1] INFO  storage.RaftStorageDirectory (RaftStorageDirectory.java:tryLock(328)) - Lock on /workdir/hadoop-ozone/integration-test/target/test-dir/MiniOzoneClusterImpl-5c48747c-7a6e-4ba5-a504-6c7ef741f97d/datanode-1/data/ratis/295dc03d-40c5-4dd3-9ffc-ec3e54d407a5/in_use.lock acquired by nodename 8979@pr-hdds-2233-hr7xq-248966361
2019-10-04 13:42:25,275 [pool-67-thread-1] INFO  storage.RaftStorageDirectory (RaftStorageDirectory.java:tryLock(328)) - Lock on /workdir/hadoop-ozone/integration-test/target/test-dir/MiniOzoneClusterImpl-5c48747c-7a6e-4ba5-a504-6c7ef741f97d/datanode-4/data/ratis/295dc03d-40c5-4dd3-9ffc-ec3e54d407a5/in_use.lock acquired by nodename 8979@pr-hdds-2233-hr7xq-248966361
2019-10-04 13:42:25,275 [pool-77-thread-1] INFO  storage.RaftStorageDirectory (RaftStorageDirectory.java:tryLock(328)) - Lock on /workdir/hadoop-ozone/integration-test/target/test-dir/MiniOzoneClusterImpl-5c48747c-7a6e-4ba5-a504-6c7ef741f97d/datanode-5/data/ratis/295dc03d-40c5-4dd3-9ffc-ec3e54d407a5/in_use.lock acquired by nodename 8979@pr-hdds-2233-hr7xq-248966361
2019-10-04 13:42:25,289 [pool-67-thread-1] INFO  storage.RaftStorage (RaftStorage.java:format(84)) - Storage directory /workdir/hadoop-ozone/integration-test/target/test-dir/MiniOzoneClusterImpl-5c48747c-7a6e-4ba5-a504-6c7ef741f97d/datanode-4/data/ratis/295dc03d-40c5-4dd3-9ffc-ec3e54d407a5 has been successfully formatted.
2019-10-04 13:42:25,290 [pool-37-thread-1] INFO  storage.RaftStorage (RaftStorage.java:format(84)) - Storage directory /workdir/hadoop-ozone/integration-test/target/test-dir/MiniOzoneClusterImpl-5c48747c-7a6e-4ba5-a504-6c7ef741f97d/datanode-1/data/ratis/295dc03d-40c5-4dd3-9ffc-ec3e54d407a5 has been successfully formatted.
2019-10-04 13:42:25,290 [pool-77-thread-1] INFO  storage.RaftStorage (RaftStorage.java:format(84)) - Storage directory /workdir/hadoop-ozone/integration-test/target/test-dir/MiniOzoneClusterImpl-5c48747c-7a6e-4ba5-a504-6c7ef741f97d/datanode-5/data/ratis/295dc03d-40c5-4dd3-9ffc-ec3e54d407a5 has been successfully formatted.
2019-10-04 13:42:25,290 [pool-67-thread-1] INFO  ratis.ContainerStateMachine (ContainerStateMachine.java:loadSnapshot(230)) - group-EC3E54D407A5: The snapshot info is null. Setting the last applied indexto:(t:0, i:~)
2019-10-04 13:42:25,290 [pool-77-thread-1] INFO  ratis.ContainerStateMachine (ContainerStateMachine.java:loadSnapshot(230)) - group-EC3E54D407A5: The snapshot info is null. Setting the last applied indexto:(t:0, i:~)
2019-10-04 13:42:25,290 [pool-37-thread-1] INFO  ratis.ContainerStateMachine (ContainerStateMachine.java:loadSnapshot(230)) - group-EC3E54D407A5: The snapshot info is null. Setting the last applied indexto:(t:0, i:~)
2019-10-04 13:42:25,290 [pool-77-thread-1] INFO  server.RaftServerConfigKeys (ConfUtils.java:logGet(43)) - raft.server.notification.no-leader.timeout = 120s (custom)
2019-10-04 13:42:25,290 [pool-67-thread-1] INFO  server.RaftServerConfigKeys (ConfUtils.java:logGet(43)) - raft.server.notification.no-leader.timeout = 120s (custom)
2019-10-04 13:42:25,291 [pool-77-thread-1] INFO  server.RaftServerConfigKeys (ConfUtils.java:logGet(43)) - raft.server.log.use.memory = false (default)
2019-10-04 13:42:25,291 [pool-37-thread-1] INFO  server.RaftServerConfigKeys (ConfUtils.java:logGet(43)) - raft.server.notification.no-leader.timeout = 120s (custom)
2019-10-04 13:42:25,291 [pool-77-thread-1] INFO  server.RaftServerConfigKeys (ConfUtils.java:logGet(43)) - raft.server.log.purge.gap = 1000000 (custom)
2019-10-04 13:42:25,291 [pool-67-thread-1] INFO  server.RaftServerConfigKeys (ConfUtils.java:logGet(43)) - raft.server.log.use.memory = false (default)
2019-10-04 13:42:25,291 [pool-77-thread-1] INFO  server.RaftServerConfigKeys (ConfUtils.java:logGet(43)) - raft.server.log.appender.buffer.byte-limit = 33554432 (custom)
2019-10-04 13:42:25,291 [pool-37-thread-1] INFO  server.RaftServerConfigKeys (ConfUtils.java:logGet(43)) - raft.server.log.use.memory = false (default)
2019-10-04 13:42:25,292 [pool-77-thread-1] INFO  server.RaftServerConfigKeys (ConfUtils.java:logGet(43)) - raft.server.log.segment.size.max = 1048576 (custom)
2019-10-04 13:42:25,292 [pool-67-thread-1] INFO  server.RaftServerConfigKeys (ConfUtils.java:logGet(43)) - raft.server.log.purge.gap = 1000000 (custom)
2019-10-04 13:42:25,292 [pool-77-thread-1] INFO  server.RaftServerConfigKeys (ConfUtils.java:logGet(43)) - raft.server.log.segment.cache.num.max = 2 (custom)
2019-10-04 13:42:25,292 [pool-37-thread-1] INFO  server.RaftServerConfigKeys (ConfUtils.java:logGet(43)) - raft.server.log.purge.gap = 1000000 (custom)
2019-10-04 13:42:25,292 [pool-77-thread-1] INFO  segmented.SegmentedRaftLogWorker (SegmentedRaftLogWorker.java:<init>(173)) - new af890f87-52e7-41cb-b63e-aaf68e46f0ad@group-EC3E54D407A5-SegmentedRaftLogWorker for RaftStorage:Storage Directory /workdir/hadoop-ozone/integration-test/target/test-dir/MiniOzoneClusterImpl-5c48747c-7a6e-4ba5-a504-6c7ef741f97d/datanode-5/data/ratis/295dc03d-40c5-4dd3-9ffc-ec3e54d407a5
2019-10-04 13:42:25,292 [pool-67-thread-1] INFO  server.RaftServerConfigKeys (ConfUtils.java:logGet(43)) - raft.server.log.appender.buffer.byte-limit = 33554432 (custom)
2019-10-04 13:42:25,293 [pool-77-thread-1] INFO  server.RaftServerConfigKeys (ConfUtils.java:logGet(43)) - raft.server.log.queue.byte-limit = 2147483647 (custom)
2019-10-04 13:42:25,292 [pool-37-thread-1] INFO  server.RaftServerConfigKeys (ConfUtils.java:logGet(43)) - raft.server.log.appender.buffer.byte-limit = 33554432 (custom)
2019-10-04 13:42:25,293 [pool-77-thread-1] INFO  server.RaftServerConfigKeys (ConfUtils.java:logGet(43)) - raft.server.log.queue.element-limit = 1024 (custom)
2019-10-04 13:42:25,293 [pool-67-thread-1] INFO  server.RaftServerConfigKeys (ConfUtils.java:logGet(43)) - raft.server.log.segment.size.max = 1048576 (custom)
2019-10-04 13:42:25,293 [pool-77-thread-1] INFO  server.RaftServerConfigKeys (ConfUtils.java:logGet(43)) - raft.server.log.segment.size.max = 1048576 (custom)
2019-10-04 13:42:25,293 [pool-37-thread-1] INFO  server.RaftServerConfigKeys (ConfUtils.java:logGet(43)) - raft.server.log.segment.size.max = 1048576 (custom)
2019-10-04 13:42:25,293 [pool-77-thread-1] INFO  server.RaftServerConfigKeys (ConfUtils.java:logGet(43)) - raft.server.log.preallocated.size = 16384 (custom)
2019-10-04 13:42:25,293 [pool-67-thread-1] INFO  server.RaftServerConfigKeys (ConfUtils.java:logGet(43)) - raft.server.log.segment.cache.num.max = 2 (custom)
2019-10-04 13:42:25,294 [pool-77-thread-1] INFO  server.RaftServerConfigKeys (ConfUtils.java:logGet(43)) - raft.server.log.write.buffer.size = 33554432 (custom)
2019-10-04 13:42:25,294 [pool-67-thread-1] INFO  segmented.SegmentedRaftLogWorker (SegmentedRaftLogWorker.java:<init>(173)) - new 13f6ead9-4ac1-4df1-b42d-10c41cf9ca8c@group-EC3E54D407A5-SegmentedRaftLogWorker for RaftStorage:Storage Directory /workdir/hadoop-ozone/integration-test/target/test-dir/MiniOzoneClusterImpl-5c48747c-7a6e-4ba5-a504-6c7ef741f97d/datanode-4/data/ratis/295dc03d-40c5-4dd3-9ffc-ec3e54d407a5
2019-10-04 13:42:25,294 [pool-37-thread-1] INFO  server.RaftServerConfigKeys (ConfUtils.java:logGet(43)) - raft.server.log.segment.cache.num.max = 2 (custom)
2019-10-04 13:42:25,294 [pool-67-thread-1] INFO  server.RaftServerConfigKeys (ConfUtils.java:logGet(43)) - raft.server.log.queue.byte-limit = 2147483647 (custom)
2019-10-04 13:42:25,294 [pool-77-thread-1] INFO  server.RaftServerConfigKeys (ConfUtils.java:logGet(43)) - raft.server.log.force.sync.num = 128 (default)
2019-10-04 13:42:25,295 [pool-67-thread-1] INFO  server.RaftServerConfigKeys (ConfUtils.java:logGet(43)) - raft.server.log.queue.element-limit = 1024 (custom)
2019-10-04 13:42:25,294 [pool-37-thread-1] INFO  segmented.SegmentedRaftLogWorker (SegmentedRaftLogWorker.java:<init>(173)) - new 86f11ef4-6d23-4d92-bd7b-cd567d3784dc@group-EC3E54D407A5-SegmentedRaftLogWorker for RaftStorage:Storage Directory /workdir/hadoop-ozone/integration-test/target/test-dir/MiniOzoneClusterImpl-5c48747c-7a6e-4ba5-a504-6c7ef741f97d/datanode-1/data/ratis/295dc03d-40c5-4dd3-9ffc-ec3e54d407a5
2019-10-04 13:42:25,295 [pool-67-thread-1] INFO  server.RaftServerConfigKeys (ConfUtils.java:logGet(43)) - raft.server.log.segment.size.max = 1048576 (custom)
2019-10-04 13:42:25,295 [pool-77-thread-1] INFO  server.RaftServerConfigKeys (ConfUtils.java:logGet(43)) - raft.server.log.statemachine.data.sync = true (default)
2019-10-04 13:42:25,295 [pool-67-thread-1] INFO  server.RaftServerConfigKeys (ConfUtils.java:logGet(43)) - raft.server.log.preallocated.size = 16384 (custom)
2019-10-04 13:42:25,295 [pool-37-thread-1] INFO  server.RaftServerConfigKeys (ConfUtils.java:logGet(43)) - raft.server.log.queue.byte-limit = 2147483647 (custom)
2019-10-04 13:42:25,295 [pool-67-thread-1] INFO  server.RaftServerConfigKeys (ConfUtils.java:logGet(43)) - raft.server.log.write.buffer.size = 33554432 (custom)
2019-10-04 13:42:25,295 [pool-77-thread-1] INFO  server.RaftServerConfigKeys (ConfUtils.java:logGet(43)) - raft.server.log.statemachine.data.sync.timeout = 10s (default)
2019-10-04 13:42:25,296 [pool-67-thread-1] INFO  server.RaftServerConfigKeys (ConfUtils.java:logGet(43)) - raft.server.log.force.sync.num = 128 (default)
2019-10-04 13:42:25,295 [pool-37-thread-1] INFO  server.RaftServerConfigKeys (ConfUtils.java:logGet(43)) - raft.server.log.queue.element-limit = 1024 (custom)
2019-10-04 13:42:25,296 [pool-67-thread-1] INFO  server.RaftServerConfigKeys (ConfUtils.java:logGet(43)) - raft.server.log.statemachine.data.sync = true (default)
2019-10-04 13:42:25,296 [pool-77-thread-1] INFO  server.RaftServerConfigKeys (ConfUtils.java:logGet(43)) - raft.server.log.statemachine.data.sync.timeout.retry = -1 (default)
2019-10-04 13:42:25,296 [pool-67-thread-1] INFO  server.RaftServerConfigKeys (ConfUtils.java:logGet(43)) - raft.server.log.statemachine.data.sync.timeout = 10s (default)
2019-10-04 13:42:25,296 [pool-37-thread-1] INFO  server.RaftServerConfigKeys (ConfUtils.java:logGet(43)) - raft.server.log.segment.size.max = 1048576 (custom)
2019-10-04 13:42:25,296 [pool-67-thread-1] INFO  server.RaftServerConfigKeys (ConfUtils.java:logGet(43)) - raft.server.log.statemachine.data.sync.timeout.retry = -1 (default)
2019-10-04 13:42:25,296 [pool-77-thread-1] INFO  server.RaftServerConfigKeys (ConfUtils.java:logGet(43)) - raft.server.log.statemachine.data.caching.enabled = true (custom)
2019-10-04 13:42:25,297 [pool-67-thread-1] INFO  server.RaftServerConfigKeys (ConfUtils.java:logGet(43)) - raft.server.log.statemachine.data.caching.enabled = true (custom)
2019-10-04 13:42:25,296 [pool-37-thread-1] INFO  server.RaftServerConfigKeys (ConfUtils.java:logGet(43)) - raft.server.log.preallocated.size = 16384 (custom)
2019-10-04 13:42:25,297 [pool-77-thread-1] INFO  segmented.SegmentedRaftLogWorker (SegmentedRaftLogWorker.java:lambda$new$0(128)) - af890f87-52e7-41cb-b63e-aaf68e46f0ad@group-EC3E54D407A5-SegmentedRaftLogWorker: flushIndex: setUnconditionally 0 -> -1
2019-10-04 13:42:25,297 [pool-67-thread-1] INFO  segmented.SegmentedRaftLogWorker (SegmentedRaftLogWorker.java:lambda$new$0(128)) - 13f6ead9-4ac1-4df1-b42d-10c41cf9ca8c@group-EC3E54D407A5-SegmentedRaftLogWorker: flushIndex: setUnconditionally 0 -> -1
2019-10-04 13:42:25,297 [pool-37-thread-1] INFO  server.RaftServerConfigKeys (ConfUtils.java:logGet(43)) - raft.server.log.write.buffer.size = 33554432 (custom)
2019-10-04 13:42:25,297 [pool-77-thread-1] INFO  server.RaftServerConfigKeys (ConfUtils.java:logGet(43)) - raft.server.snapshot.auto.trigger.enabled = true (custom)
2019-10-04 13:42:25,297 [pool-37-thread-1] INFO  server.RaftServerConfigKeys (ConfUtils.java:logGet(43)) - raft.server.log.force.sync.num = 128 (default)
2019-10-04 13:42:25,298 [pool-77-thread-1] INFO  server.RaftServerConfigKeys (ConfUtils.java:logGet(43)) - raft.server.snapshot.auto.trigger.threshold = 10000 (custom)
2019-10-04 13:42:25,298 [pool-67-thread-1] INFO  server.RaftServerConfigKeys (ConfUtils.java:logGet(43)) - raft.server.snapshot.auto.trigger.enabled = true (custom)
2019-10-04 13:42:25,298 [pool-37-thread-1] INFO  server.RaftServerConfigKeys (ConfUtils.java:logGet(43)) - raft.server.log.statemachine.data.sync = true (default)
2019-10-04 13:42:25,298 [pool-67-thread-1] INFO  server.RaftServerConfigKeys (ConfUtils.java:logGet(43)) - raft.server.snapshot.auto.trigger.threshold = 10000 (custom)
2019-10-04 13:42:25,298 [pool-77-thread-1] INFO  server.RaftServerConfigKeys (ConfUtils.java:logGet(43)) - raft.server.snapshot.retention.file.num = 5 (custom)
2019-10-04 13:42:25,298 [pool-67-thread-1] INFO  server.RaftServerConfigKeys (ConfUtils.java:logGet(43)) - raft.server.snapshot.retention.file.num = 5 (custom)
2019-10-04 13:42:25,298 [pool-37-thread-1] INFO  server.RaftServerConfigKeys (ConfUtils.java:logGet(43)) - raft.server.log.statemachine.data.sync.timeout = 10s (default)
2019-10-04 13:42:25,298 [pool-77-thread-1] INFO  server.RaftServerConfigKeys (ConfUtils.java:logGet(43)) - raft.server.retrycache.expirytime = 600000ms (custom)
2019-10-04 13:42:25,299 [pool-37-thread-1] INFO  server.RaftServerConfigKeys (ConfUtils.java:logGet(43)) - raft.server.log.statemachine.data.sync.timeout.retry = -1 (default)
2019-10-04 13:42:25,299 [pool-67-thread-1] INFO  server.RaftServerConfigKeys (ConfUtils.java:logGet(43)) - raft.server.retrycache.expirytime = 600000ms (custom)
2019-10-04 13:42:25,299 [pool-37-thread-1] INFO  server.RaftServerConfigKeys (ConfUtils.java:logGet(43)) - raft.server.log.statemachine.data.caching.enabled = true (custom)
2019-10-04 13:42:25,299 [pool-37-thread-1] INFO  segmented.SegmentedRaftLogWorker (SegmentedRaftLogWorker.java:lambda$new$0(128)) - 86f11ef4-6d23-4d92-bd7b-cd567d3784dc@group-EC3E54D407A5-SegmentedRaftLogWorker: flushIndex: setUnconditionally 0 -> -1
2019-10-04 13:42:25,300 [pool-37-thread-1] INFO  server.RaftServerConfigKeys (ConfUtils.java:logGet(43)) - raft.server.snapshot.auto.trigger.enabled = true (custom)
2019-10-04 13:42:25,300 [pool-37-thread-1] INFO  server.RaftServerConfigKeys (ConfUtils.java:logGet(43)) - raft.server.snapshot.auto.trigger.threshold = 10000 (custom)
2019-10-04 13:42:25,300 [pool-37-thread-1] INFO  server.RaftServerConfigKeys (ConfUtils.java:logGet(43)) - raft.server.snapshot.retention.file.num = 5 (custom)
2019-10-04 13:42:25,300 [pool-37-thread-1] INFO  server.RaftServerConfigKeys (ConfUtils.java:logGet(43)) - raft.server.retrycache.expirytime = 600000ms (custom)
2019-10-04 13:42:25,305 [pool-77-thread-1] INFO  impl.RaftServerImpl (RaftServerImpl.java:start(181)) - af890f87-52e7-41cb-b63e-aaf68e46f0ad@group-EC3E54D407A5: start as a follower, conf=-1: [86f11ef4-6d23-4d92-bd7b-cd567d3784dc:192.168.30.33:37153, af890f87-52e7-41cb-b63e-aaf68e46f0ad:192.168.30.33:42938, 13f6ead9-4ac1-4df1-b42d-10c41cf9ca8c:192.168.30.33:37170], old=null
2019-10-04 13:42:25,305 [pool-77-thread-1] INFO  impl.RaftServerImpl (RaftServerImpl.java:setRole(170)) - af890f87-52e7-41cb-b63e-aaf68e46f0ad@group-EC3E54D407A5: changes role from      null to FOLLOWER at term 0 for startAsFollower
2019-10-04 13:42:25,306 [pool-77-thread-1] INFO  impl.RoleInfo (RoleInfo.java:updateAndGet(143)) - af890f87-52e7-41cb-b63e-aaf68e46f0ad: start FollowerState
2019-10-04 13:42:25,306 [pool-67-thread-1] INFO  impl.RaftServerImpl (RaftServerImpl.java:start(181)) - 13f6ead9-4ac1-4df1-b42d-10c41cf9ca8c@group-EC3E54D407A5: start as a follower, conf=-1: [86f11ef4-6d23-4d92-bd7b-cd567d3784dc:192.168.30.33:37153, af890f87-52e7-41cb-b63e-aaf68e46f0ad:192.168.30.33:42938, 13f6ead9-4ac1-4df1-b42d-10c41cf9ca8c:192.168.30.33:37170], old=null
2019-10-04 13:42:25,306 [pool-77-thread-1] INFO  util.JmxRegister (JmxRegister.java:tryRegister(44)) - Successfully registered JMX Bean with object name Ratis:service=RaftServer,group=group-EC3E54D407A5,id=af890f87-52e7-41cb-b63e-aaf68e46f0ad
2019-10-04 13:42:25,306 [pool-67-thread-1] INFO  impl.RaftServerImpl (RaftServerImpl.java:setRole(170)) - 13f6ead9-4ac1-4df1-b42d-10c41cf9ca8c@group-EC3E54D407A5: changes role from      null to FOLLOWER at term 0 for startAsFollower
2019-10-04 13:42:25,306 [pool-37-thread-1] INFO  impl.RaftServerImpl (RaftServerImpl.java:start(181)) - 86f11ef4-6d23-4d92-bd7b-cd567d3784dc@group-EC3E54D407A5: start as a follower, conf=-1: [86f11ef4-6d23-4d92-bd7b-cd567d3784dc:192.168.30.33:37153, af890f87-52e7-41cb-b63e-aaf68e46f0ad:192.168.30.33:42938, 13f6ead9-4ac1-4df1-b42d-10c41cf9ca8c:192.168.30.33:37170], old=null
2019-10-04 13:42:25,307 [pool-67-thread-1] INFO  impl.RoleInfo (RoleInfo.java:updateAndGet(143)) - 13f6ead9-4ac1-4df1-b42d-10c41cf9ca8c: start FollowerState
2019-10-04 13:42:25,307 [pool-37-thread-1] INFO  impl.RaftServerImpl (RaftServerImpl.java:setRole(170)) - 86f11ef4-6d23-4d92-bd7b-cd567d3784dc@group-EC3E54D407A5: changes role from      null to FOLLOWER at term 0 for startAsFollower
2019-10-04 13:42:25,307 [pool-37-thread-1] INFO  impl.RoleInfo (RoleInfo.java:updateAndGet(143)) - 86f11ef4-6d23-4d92-bd7b-cd567d3784dc: start FollowerState
2019-10-04 13:42:25,307 [pool-67-thread-1] INFO  util.JmxRegister (JmxRegister.java:tryRegister(44)) - Successfully registered JMX Bean with object name Ratis:service=RaftServer,group=group-EC3E54D407A5,id=13f6ead9-4ac1-4df1-b42d-10c41cf9ca8c
2019-10-04 13:42:25,308 [pool-37-thread-1] INFO  util.JmxRegister (JmxRegister.java:tryRegister(44)) - Successfully registered JMX Bean with object name Ratis:service=RaftServer,group=group-EC3E54D407A5,id=86f11ef4-6d23-4d92-bd7b-cd567d3784dc
2019-10-04 13:42:25,342 [RatisPipelineUtilsThread] INFO  pipeline.PipelineStateManager (PipelineStateManager.java:addPipeline(56)) - Created pipeline Pipeline[ Id: 295dc03d-40c5-4dd3-9ffc-ec3e54d407a5, Nodes: af890f87-52e7-41cb-b63e-aaf68e46f0ad{ip: 192.168.30.33, host: pr-hdds-2233-hr7xq-248966361, networkLocation: /default-rack, certSerialId: null}86f11ef4-6d23-4d92-bd7b-cd567d3784dc{ip: 192.168.30.33, host: pr-hdds-2233-hr7xq-248966361, networkLocation: /default-rack, certSerialId: null}13f6ead9-4ac1-4df1-b42d-10c41cf9ca8c{ip: 192.168.30.33, host: pr-hdds-2233-hr7xq-248966361, networkLocation: /default-rack, certSerialId: null}, Type:RATIS, Factor:THREE, State:OPEN]
2019-10-04 13:42:25,378 [grpc-default-executor-2] INFO  impl.RaftServerProxy (RaftServerProxy.java:addNew(89)) - fdc20ae7-b158-4e71-b2f1-cbf087e593c0: addNew group-04B2C4210126:[e165e23a-d6e6-47fc-a886-184bdf342c66:192.168.30.33:37198, 6f372b74-5ac6-448f-870e-757968cf5a94:192.168.30.33:37996, fdc20ae7-b158-4e71-b2f1-cbf087e593c0:192.168.30.33:36105] returns group-04B2C4210126:java.util.concurrent.CompletableFuture@49b9005[Not completed]
2019-10-04 13:42:25,380 [grpc-default-executor-0] INFO  impl.RaftServerProxy (RaftServerProxy.java:addNew(89)) - 6f372b74-5ac6-448f-870e-757968cf5a94: addNew group-04B2C4210126:[e165e23a-d6e6-47fc-a886-184bdf342c66:192.168.30.33:37198, 6f372b74-5ac6-448f-870e-757968cf5a94:192.168.30.33:37996, fdc20ae7-b158-4e71-b2f1-cbf087e593c0:192.168.30.33:36105] returns group-04B2C4210126:java.util.concurrent.CompletableFuture@67d6d05[Not completed]
2019-10-04 13:42:25,381 [grpc-default-executor-2] INFO  impl.RaftServerProxy (RaftServerProxy.java:addNew(89)) - e165e23a-d6e6-47fc-a886-184bdf342c66: addNew group-04B2C4210126:[e165e23a-d6e6-47fc-a886-184bdf342c66:192.168.30.33:37198, 6f372b74-5ac6-448f-870e-757968cf5a94:192.168.30.33:37996, fdc20ae7-b158-4e71-b2f1-cbf087e593c0:192.168.30.33:36105] returns group-04B2C4210126:java.util.concurrent.CompletableFuture@18f05c8b[Not completed]
2019-10-04 13:42:25,383 [pool-27-thread-1] INFO  impl.RaftServerImpl (RaftServerImpl.java:<init>(95)) - fdc20ae7-b158-4e71-b2f1-cbf087e593c0: new RaftServerImpl for group-04B2C4210126:[e165e23a-d6e6-47fc-a886-184bdf342c66:192.168.30.33:37198, 6f372b74-5ac6-448f-870e-757968cf5a94:192.168.30.33:37996, fdc20ae7-b158-4e71-b2f1-cbf087e593c0:192.168.30.33:36105] with ContainerStateMachine:uninitialized
2019-10-04 13:42:25,384 [pool-27-thread-1] INFO  server.RaftServerConfigKeys (ConfUtils.java:logGet(43)) - raft.server.rpc.timeout.min = 5s (custom)
2019-10-04 13:42:25,384 [pool-27-thread-1] INFO  server.RaftServerConfigKeys (ConfUtils.java:logGet(43)) - raft.server.rpc.timeout.max = 5200ms (custom)
2019-10-04 13:42:25,384 [pool-27-thread-1] INFO  server.RaftServerConfigKeys (ConfUtils.java:logGet(43)) - raft.server.rpcslowness.timeout = 120s (custom)
2019-10-04 13:42:25,384 [pool-57-thread-1] INFO  impl.RaftServerImpl (RaftServerImpl.java:<init>(95)) - e165e23a-d6e6-47fc-a886-184bdf342c66: new RaftServerImpl for group-04B2C4210126:[e165e23a-d6e6-47fc-a886-184bdf342c66:192.168.30.33:37198, 6f372b74-5ac6-448f-870e-757968cf5a94:192.168.30.33:37996, fdc20ae7-b158-4e71-b2f1-cbf087e593c0:192.168.30.33:36105] with ContainerStateMachine:uninitialized
2019-10-04 13:42:25,384 [pool-27-thread-1] INFO  server.RaftServerConfigKeys (ConfUtils.java:logGet(43)) - raft.server.sleep.deviation.threshold = 300 (default)
2019-10-04 13:42:25,384 [pool-57-thread-1] INFO  server.RaftServerConfigKeys (ConfUtils.java:logGet(43)) - raft.server.rpc.timeout.min = 5s (custom)
2019-10-04 13:42:25,384 [pool-27-thread-1] INFO  server.RaftServerConfigKeys (ConfUtils.java:logGet(43)) - raft.server.log.appender.install.snapshot.enabled = false (custom)
2019-10-04 13:42:25,384 [pool-57-thread-1] INFO  server.RaftServerConfigKeys (ConfUtils.java:logGet(43)) - raft.server.rpc.timeout.max = 5200ms (custom)
2019-10-04 13:42:25,385 [pool-27-thread-1] INFO  impl.RaftServerImpl (ServerState.java:<init>(103)) - fdc20ae7-b158-4e71-b2f1-cbf087e593c0@group-04B2C4210126: ConfigurationManager, init=-1: [e165e23a-d6e6-47fc-a886-184bdf342c66:192.168.30.33:37198, 6f372b74-5ac6-448f-870e-757968cf5a94:192.168.30.33:37996, fdc20ae7-b158-4e71-b2f1-cbf087e593c0:192.168.30.33:36105], old=null, confs=<EMPTY_MAP>
2019-10-04 13:42:25,385 [pool-57-thread-1] INFO  server.RaftServerConfigKeys (ConfUtils.java:logGet(43)) - raft.server.rpcslowness.timeout = 120s (custom)
2019-10-04 13:42:25,385 [pool-47-thread-1] INFO  impl.RaftServerImpl (RaftServerImpl.java:<init>(95)) - 6f372b74-5ac6-448f-870e-757968cf5a94: new RaftServerImpl for group-04B2C4210126:[e165e23a-d6e6-47fc-a886-184bdf342c66:192.168.30.33:37198, 6f372b74-5ac6-448f-870e-757968cf5a94:192.168.30.33:37996, fdc20ae7-b158-4e71-b2f1-cbf087e593c0:192.168.30.33:36105] with ContainerStateMachine:uninitialized
2019-10-04 13:42:25,385 [pool-27-thread-1] INFO  server.RaftServerConfigKeys (ConfUtils.java:logGet(43)) - raft.server.storage.dir = [/workdir/hadoop-ozone/integration-test/target/test-dir/MiniOzoneClusterImpl-5c48747c-7a6e-4ba5-a504-6c7ef741f97d/datanode-0/data/ratis] (custom)
2019-10-04 13:42:25,385 [pool-57-thread-1] INFO  server.RaftServerConfigKeys (ConfUtils.java:logGet(43)) - raft.server.sleep.deviation.threshold = 300 (default)
2019-10-04 13:42:25,385 [pool-47-thread-1] INFO  server.RaftServerConfigKeys (ConfUtils.java:logGet(43)) - raft.server.rpc.timeout.min = 5s (custom)
2019-10-04 13:42:25,385 [pool-57-thread-1] INFO  server.RaftServerConfigKeys (ConfUtils.java:logGet(43)) - raft.server.log.appender.install.snapshot.enabled = false (custom)
2019-10-04 13:42:25,385 [pool-27-thread-1] INFO  server.RaftServerConfigKeys (ConfUtils.java:logGet(43)) - raft.server.log.corruption.policy = EXCEPTION (default)
2019-10-04 13:42:25,385 [pool-47-thread-1] INFO  server.RaftServerConfigKeys (ConfUtils.java:logGet(43)) - raft.server.rpc.timeout.max = 5200ms (custom)
2019-10-04 13:42:25,385 [pool-57-thread-1] INFO  impl.RaftServerImpl (ServerState.java:<init>(103)) - e165e23a-d6e6-47fc-a886-184bdf342c66@group-04B2C4210126: ConfigurationManager, init=-1: [e165e23a-d6e6-47fc-a886-184bdf342c66:192.168.30.33:37198, 6f372b74-5ac6-448f-870e-757968cf5a94:192.168.30.33:37996, fdc20ae7-b158-4e71-b2f1-cbf087e593c0:192.168.30.33:36105], old=null, confs=<EMPTY_MAP>
2019-10-04 13:42:25,386 [pool-27-thread-1] INFO  storage.RaftStorageDirectory (RaftStorageDirectory.java:analyzeStorage(246)) - The storage directory /workdir/hadoop-ozone/integration-test/target/test-dir/MiniOzoneClusterImpl-5c48747c-7a6e-4ba5-a504-6c7ef741f97d/datanode-0/data/ratis/28622c19-dc39-48bc-be1c-04b2c4210126 does not exist. Creating ...
2019-10-04 13:42:25,386 [pool-47-thread-1] INFO  server.RaftServerConfigKeys (ConfUtils.java:logGet(43)) - raft.server.rpcslowness.timeout = 120s (custom)
2019-10-04 13:42:25,386 [pool-57-thread-1] INFO  server.RaftServerConfigKeys (ConfUtils.java:logGet(43)) - raft.server.storage.dir = [/workdir/hadoop-ozone/integration-test/target/test-dir/MiniOzoneClusterImpl-5c48747c-7a6e-4ba5-a504-6c7ef741f97d/datanode-3/data/ratis] (custom)
2019-10-04 13:42:25,386 [pool-47-thread-1] INFO  server.RaftServerConfigKeys (ConfUtils.java:logGet(43)) - raft.server.sleep.deviation.threshold = 300 (default)
2019-10-04 13:42:25,386 [pool-47-thread-1] INFO  server.RaftServerConfigKeys (ConfUtils.java:logGet(43)) - raft.server.log.appender.install.snapshot.enabled = false (custom)
2019-10-04 13:42:25,386 [pool-57-thread-1] INFO  server.RaftServerConfigKeys (ConfUtils.java:logGet(43)) - raft.server.log.corruption.policy = EXCEPTION (default)
2019-10-04 13:42:25,386 [pool-47-thread-1] INFO  impl.RaftServerImpl (ServerState.java:<init>(103)) - 6f372b74-5ac6-448f-870e-757968cf5a94@group-04B2C4210126: ConfigurationManager, init=-1: [e165e23a-d6e6-47fc-a886-184bdf342c66:192.168.30.33:37198, 6f372b74-5ac6-448f-870e-757968cf5a94:192.168.30.33:37996, fdc20ae7-b158-4e71-b2f1-cbf087e593c0:192.168.30.33:36105], old=null, confs=<EMPTY_MAP>
2019-10-04 13:42:25,386 [pool-57-thread-1] INFO  storage.RaftStorageDirectory (RaftStorageDirectory.java:analyzeStorage(246)) - The storage directory /workdir/hadoop-ozone/integration-test/target/test-dir/MiniOzoneClusterImpl-5c48747c-7a6e-4ba5-a504-6c7ef741f97d/datanode-3/data/ratis/28622c19-dc39-48bc-be1c-04b2c4210126 does not exist. Creating ...
2019-10-04 13:42:25,386 [pool-47-thread-1] INFO  server.RaftServerConfigKeys (ConfUtils.java:logGet(43)) - raft.server.storage.dir = [/workdir/hadoop-ozone/integration-test/target/test-dir/MiniOzoneClusterImpl-5c48747c-7a6e-4ba5-a504-6c7ef741f97d/datanode-2/data/ratis] (custom)
2019-10-04 13:42:25,387 [pool-47-thread-1] INFO  server.RaftServerConfigKeys (ConfUtils.java:logGet(43)) - raft.server.log.corruption.policy = EXCEPTION (default)
2019-10-04 13:42:25,387 [pool-47-thread-1] INFO  storage.RaftStorageDirectory (RaftStorageDirectory.java:analyzeStorage(246)) - The storage directory /workdir/hadoop-ozone/integration-test/target/test-dir/MiniOzoneClusterImpl-5c48747c-7a6e-4ba5-a504-6c7ef741f97d/datanode-2/data/ratis/28622c19-dc39-48bc-be1c-04b2c4210126 does not exist. Creating ...
2019-10-04 13:42:25,399 [pool-27-thread-1] INFO  storage.RaftStorageDirectory (RaftStorageDirectory.java:tryLock(328)) - Lock on /workdir/hadoop-ozone/integration-test/target/test-dir/MiniOzoneClusterImpl-5c48747c-7a6e-4ba5-a504-6c7ef741f97d/datanode-0/data/ratis/28622c19-dc39-48bc-be1c-04b2c4210126/in_use.lock acquired by nodename 8979@pr-hdds-2233-hr7xq-248966361
2019-10-04 13:42:25,399 [pool-57-thread-1] INFO  storage.RaftStorageDirectory (RaftStorageDirectory.java:tryLock(328)) - Lock on /workdir/hadoop-ozone/integration-test/target/test-dir/MiniOzoneClusterImpl-5c48747c-7a6e-4ba5-a504-6c7ef741f97d/datanode-3/data/ratis/28622c19-dc39-48bc-be1c-04b2c4210126/in_use.lock acquired by nodename 8979@pr-hdds-2233-hr7xq-248966361
2019-10-04 13:42:25,399 [pool-47-thread-1] INFO  storage.RaftStorageDirectory (RaftStorageDirectory.java:tryLock(328)) - Lock on /workdir/hadoop-ozone/integration-test/target/test-dir/MiniOzoneClusterImpl-5c48747c-7a6e-4ba5-a504-6c7ef741f97d/datanode-2/data/ratis/28622c19-dc39-48bc-be1c-04b2c4210126/in_use.lock acquired by nodename 8979@pr-hdds-2233-hr7xq-248966361
2019-10-04 13:42:25,413 [pool-57-thread-1] INFO  storage.RaftStorage (RaftStorage.java:format(84)) - Storage directory /workdir/hadoop-ozone/integration-test/target/test-dir/MiniOzoneClusterImpl-5c48747c-7a6e-4ba5-a504-6c7ef741f97d/datanode-3/data/ratis/28622c19-dc39-48bc-be1c-04b2c4210126 has been successfully formatted.
2019-10-04 13:42:25,413 [pool-27-thread-1] INFO  storage.RaftStorage (RaftStorage.java:format(84)) - Storage directory /workdir/hadoop-ozone/integration-test/target/test-dir/MiniOzoneClusterImpl-5c48747c-7a6e-4ba5-a504-6c7ef741f97d/datanode-0/data/ratis/28622c19-dc39-48bc-be1c-04b2c4210126 has been successfully formatted.
2019-10-04 13:42:25,413 [pool-47-thread-1] INFO  storage.RaftStorage (RaftStorage.java:format(84)) - Storage directory /workdir/hadoop-ozone/integration-test/target/test-dir/MiniOzoneClusterImpl-5c48747c-7a6e-4ba5-a504-6c7ef741f97d/datanode-2/data/ratis/28622c19-dc39-48bc-be1c-04b2c4210126 has been successfully formatted.
2019-10-04 13:42:25,414 [pool-57-thread-1] INFO  ratis.ContainerStateMachine (ContainerStateMachine.java:loadSnapshot(230)) - group-04B2C4210126: The snapshot info is null. Setting the last applied indexto:(t:0, i:~)
2019-10-04 13:42:25,414 [pool-27-thread-1] INFO  ratis.ContainerStateMachine (ContainerStateMachine.java:loadSnapshot(230)) - group-04B2C4210126: The snapshot info is null. Setting the last applied indexto:(t:0, i:~)
2019-10-04 13:42:25,414 [pool-57-thread-1] INFO  server.RaftServerConfigKeys (ConfUtils.java:logGet(43)) - raft.server.notification.no-leader.timeout = 120s (custom)
2019-10-04 13:42:25,414 [pool-47-thread-1] INFO  ratis.ContainerStateMachine (ContainerStateMachine.java:loadSnapshot(230)) - group-04B2C4210126: The snapshot info is null. Setting the last applied indexto:(t:0, i:~)
2019-10-04 13:42:25,414 [pool-27-thread-1] INFO  server.RaftServerConfigKeys (ConfUtils.java:logGet(43)) - raft.server.notification.no-leader.timeout = 120s (custom)
2019-10-04 13:42:25,414 [pool-57-thread-1] INFO  server.RaftServerConfigKeys (ConfUtils.java:logGet(43)) - raft.server.log.use.memory = false (default)
2019-10-04 13:42:25,414 [pool-27-thread-1] INFO  server.RaftServerConfigKeys (ConfUtils.java:logGet(43)) - raft.server.log.use.memory = false (default)
2019-10-04 13:42:25,414 [pool-47-thread-1] INFO  server.RaftServerConfigKeys (ConfUtils.java:logGet(43)) - raft.server.notification.no-leader.timeout = 120s (custom)
2019-10-04 13:42:25,414 [pool-27-thread-1] INFO  server.RaftServerConfigKeys (ConfUtils.java:logGet(43)) - raft.server.log.purge.gap = 1000000 (custom)
2019-10-04 13:42:25,414 [pool-57-thread-1] INFO  server.RaftServerConfigKeys (ConfUtils.java:logGet(43)) - raft.server.log.purge.gap = 1000000 (custom)
2019-10-04 13:42:25,415 [pool-27-thread-1] INFO  server.RaftServerConfigKeys (ConfUtils.java:logGet(43)) - raft.server.log.appender.buffer.byte-limit = 33554432 (custom)
2019-10-04 13:42:25,415 [pool-47-thread-1] INFO  server.RaftServerConfigKeys (ConfUtils.java:logGet(43)) - raft.server.log.use.memory = false (default)
2019-10-04 13:42:25,415 [pool-27-thread-1] INFO  server.RaftServerConfigKeys (ConfUtils.java:logGet(43)) - raft.server.log.segment.size.max = 1048576 (custom)
2019-10-04 13:42:25,415 [pool-57-thread-1] INFO  server.RaftServerConfigKeys (ConfUtils.java:logGet(43)) - raft.server.log.appender.buffer.byte-limit = 33554432 (custom)
2019-10-04 13:42:25,415 [pool-47-thread-1] INFO  server.RaftServerConfigKeys (ConfUtils.java:logGet(43)) - raft.server.log.purge.gap = 1000000 (custom)
2019-10-04 13:42:25,415 [pool-57-thread-1] INFO  server.RaftServerConfigKeys (ConfUtils.java:logGet(43)) - raft.server.log.segment.size.max = 1048576 (custom)
2019-10-04 13:42:25,415 [pool-27-thread-1] INFO  server.RaftServerConfigKeys (ConfUtils.java:logGet(43)) - raft.server.log.segment.cache.num.max = 2 (custom)
2019-10-04 13:42:25,415 [pool-57-thread-1] INFO  server.RaftServerConfigKeys (ConfUtils.java:logGet(43)) - raft.server.log.segment.cache.num.max = 2 (custom)
2019-10-04 13:42:25,415 [pool-47-thread-1] INFO  server.RaftServerConfigKeys (ConfUtils.java:logGet(43)) - raft.server.log.appender.buffer.byte-limit = 33554432 (custom)
2019-10-04 13:42:25,416 [pool-57-thread-1] INFO  segmented.SegmentedRaftLogWorker (SegmentedRaftLogWorker.java:<init>(173)) - new e165e23a-d6e6-47fc-a886-184bdf342c66@group-04B2C4210126-SegmentedRaftLogWorker for RaftStorage:Storage Directory /workdir/hadoop-ozone/integration-test/target/test-dir/MiniOzoneClusterImpl-5c48747c-7a6e-4ba5-a504-6c7ef741f97d/datanode-3/data/ratis/28622c19-dc39-48bc-be1c-04b2c4210126
2019-10-04 13:42:25,416 [pool-27-thread-1] INFO  segmented.SegmentedRaftLogWorker (SegmentedRaftLogWorker.java:<init>(173)) - new fdc20ae7-b158-4e71-b2f1-cbf087e593c0@group-04B2C4210126-SegmentedRaftLogWorker for RaftStorage:Storage Directory /workdir/hadoop-ozone/integration-test/target/test-dir/MiniOzoneClusterImpl-5c48747c-7a6e-4ba5-a504-6c7ef741f97d/datanode-0/data/ratis/28622c19-dc39-48bc-be1c-04b2c4210126
2019-10-04 13:42:25,416 [pool-57-thread-1] INFO  server.RaftServerConfigKeys (ConfUtils.java:logGet(43)) - raft.server.log.queue.byte-limit = 2147483647 (custom)
2019-10-04 13:42:25,416 [pool-47-thread-1] INFO  server.RaftServerConfigKeys (ConfUtils.java:logGet(43)) - raft.server.log.segment.size.max = 1048576 (custom)
2019-10-04 13:42:25,416 [pool-57-thread-1] INFO  server.RaftServerConfigKeys (ConfUtils.java:logGet(43)) - raft.server.log.queue.element-limit = 1024 (custom)
2019-10-04 13:42:25,416 [pool-27-thread-1] INFO  server.RaftServerConfigKeys (ConfUtils.java:logGet(43)) - raft.server.log.queue.byte-limit = 2147483647 (custom)
2019-10-04 13:42:25,416 [pool-57-thread-1] INFO  server.RaftServerConfigKeys (ConfUtils.java:logGet(43)) - raft.server.log.segment.size.max = 1048576 (custom)
2019-10-04 13:42:25,416 [pool-47-thread-1] INFO  server.RaftServerConfigKeys (ConfUtils.java:logGet(43)) - raft.server.log.segment.cache.num.max = 2 (custom)
2019-10-04 13:42:25,417 [pool-57-thread-1] INFO  server.RaftServerConfigKeys (ConfUtils.java:logGet(43)) - raft.server.log.preallocated.size = 16384 (custom)
2019-10-04 13:42:25,416 [pool-27-thread-1] INFO  server.RaftServerConfigKeys (ConfUtils.java:logGet(43)) - raft.server.log.queue.element-limit = 1024 (custom)
2019-10-04 13:42:25,417 [pool-57-thread-1] INFO  server.RaftServerConfigKeys (ConfUtils.java:logGet(43)) - raft.server.log.write.buffer.size = 33554432 (custom)
2019-10-04 13:42:25,417 [pool-47-thread-1] INFO  segmented.SegmentedRaftLogWorker (SegmentedRaftLogWorker.java:<init>(173)) - new 6f372b74-5ac6-448f-870e-757968cf5a94@group-04B2C4210126-SegmentedRaftLogWorker for RaftStorage:Storage Directory /workdir/hadoop-ozone/integration-test/target/test-dir/MiniOzoneClusterImpl-5c48747c-7a6e-4ba5-a504-6c7ef741f97d/datanode-2/data/ratis/28622c19-dc39-48bc-be1c-04b2c4210126
2019-10-04 13:42:25,417 [pool-57-thread-1] INFO  server.RaftServerConfigKeys (ConfUtils.java:logGet(43)) - raft.server.log.force.sync.num = 128 (default)
2019-10-04 13:42:25,417 [pool-27-thread-1] INFO  server.RaftServerConfigKeys (ConfUtils.java:logGet(43)) - raft.server.log.segment.size.max = 1048576 (custom)
2019-10-04 13:42:25,417 [pool-57-thread-1] INFO  server.RaftServerConfigKeys (ConfUtils.java:logGet(43)) - raft.server.log.statemachine.data.sync = true (default)
2019-10-04 13:42:25,417 [pool-47-thread-1] INFO  server.RaftServerConfigKeys (ConfUtils.java:logGet(43)) - raft.server.log.queue.byte-limit = 2147483647 (custom)
2019-10-04 13:42:25,417 [pool-57-thread-1] INFO  server.RaftServerConfigKeys (ConfUtils.java:logGet(43)) - raft.server.log.statemachine.data.sync.timeout = 10s (default)
2019-10-04 13:42:25,417 [pool-27-thread-1] INFO  server.RaftServerConfigKeys (ConfUtils.java:logGet(43)) - raft.server.log.preallocated.size = 16384 (custom)
2019-10-04 13:42:25,418 [pool-57-thread-1] INFO  server.RaftServerConfigKeys (ConfUtils.java:logGet(43)) - raft.server.log.statemachine.data.sync.timeout.retry = -1 (default)
2019-10-04 13:42:25,418 [pool-47-thread-1] INFO  server.RaftServerConfigKeys (ConfUtils.java:logGet(43)) - raft.server.log.queue.element-limit = 1024 (custom)
2019-10-04 13:42:25,418 [pool-27-thread-1] INFO  server.RaftServerConfigKeys (ConfUtils.java:logGet(43)) - raft.server.log.write.buffer.size = 33554432 (custom)
2019-10-04 13:42:25,418 [pool-57-thread-1] INFO  server.RaftServerConfigKeys (ConfUtils.java:logGet(43)) - raft.server.log.statemachine.data.caching.enabled = true (custom)
2019-10-04 13:42:25,418 [pool-47-thread-1] INFO  server.RaftServerConfigKeys (ConfUtils.java:logGet(43)) - raft.server.log.segment.size.max = 1048576 (custom)
2019-10-04 13:42:25,418 [pool-27-thread-1] INFO  server.RaftServerConfigKeys (ConfUtils.java:logGet(43)) - raft.server.log.force.sync.num = 128 (default)
2019-10-04 13:42:25,418 [pool-57-thread-1] INFO  segmented.SegmentedRaftLogWorker (SegmentedRaftLogWorker.java:lambda$new$0(128)) - e165e23a-d6e6-47fc-a886-184bdf342c66@group-04B2C4210126-SegmentedRaftLogWorker: flushIndex: setUnconditionally 0 -> -1
2019-10-04 13:42:25,418 [pool-47-thread-1] INFO  server.RaftServerConfigKeys (ConfUtils.java:logGet(43)) - raft.server.log.preallocated.size = 16384 (custom)
2019-10-04 13:42:25,418 [pool-27-thread-1] INFO  server.RaftServerConfigKeys (ConfUtils.java:logGet(43)) - raft.server.log.statemachine.data.sync = true (default)
2019-10-04 13:42:25,419 [pool-57-thread-1] INFO  server.RaftServerConfigKeys (ConfUtils.java:logGet(43)) - raft.server.snapshot.auto.trigger.enabled = true (custom)
2019-10-04 13:42:25,419 [pool-47-thread-1] INFO  server.RaftServerConfigKeys (ConfUtils.java:logGet(43)) - raft.server.log.write.buffer.size = 33554432 (custom)
2019-10-04 13:42:25,419 [pool-57-thread-1] INFO  server.RaftServerConfigKeys (ConfUtils.java:logGet(43)) - raft.server.snapshot.auto.trigger.threshold = 10000 (custom)
2019-10-04 13:42:25,419 [pool-27-thread-1] INFO  server.RaftServerConfigKeys (ConfUtils.java:logGet(43)) - raft.server.log.statemachine.data.sync.timeout = 10s (default)
2019-10-04 13:42:25,419 [pool-57-thread-1] INFO  server.RaftServerConfigKeys (ConfUtils.java:logGet(43)) - raft.server.snapshot.retention.file.num = 5 (custom)
2019-10-04 13:42:25,419 [pool-47-thread-1] INFO  server.RaftServerConfigKeys (ConfUtils.java:logGet(43)) - raft.server.log.force.sync.num = 128 (default)
2019-10-04 13:42:25,419 [pool-57-thread-1] INFO  server.RaftServerConfigKeys (ConfUtils.java:logGet(43)) - raft.server.retrycache.expirytime = 600000ms (custom)
2019-10-04 13:42:25,419 [pool-27-thread-1] INFO  server.RaftServerConfigKeys (ConfUtils.java:logGet(43)) - raft.server.log.statemachine.data.sync.timeout.retry = -1 (default)
2019-10-04 13:42:25,419 [pool-47-thread-1] INFO  server.RaftServerConfigKeys (ConfUtils.java:logGet(43)) - raft.server.log.statemachine.data.sync = true (default)
2019-10-04 13:42:25,420 [pool-47-thread-1] INFO  server.RaftServerConfigKeys (ConfUtils.java:logGet(43)) - raft.server.log.statemachine.data.sync.timeout = 10s (default)
2019-10-04 13:42:25,420 [pool-27-thread-1] INFO  server.RaftServerConfigKeys (ConfUtils.java:logGet(43)) - raft.server.log.statemachine.data.caching.enabled = true (custom)
2019-10-04 13:42:25,420 [pool-47-thread-1] INFO  server.RaftServerConfigKeys (ConfUtils.java:logGet(43)) - raft.server.log.statemachine.data.sync.timeout.retry = -1 (default)
2019-10-04 13:42:25,420 [pool-47-thread-1] INFO  server.RaftServerConfigKeys (ConfUtils.java:logGet(43)) - raft.server.log.statemachine.data.caching.enabled = true (custom)
2019-10-04 13:42:25,420 [pool-27-thread-1] INFO  segmented.SegmentedRaftLogWorker (SegmentedRaftLogWorker.java:lambda$new$0(128)) - fdc20ae7-b158-4e71-b2f1-cbf087e593c0@group-04B2C4210126-SegmentedRaftLogWorker: flushIndex: setUnconditionally 0 -> -1
2019-10-04 13:42:25,421 [pool-47-thread-1] INFO  segmented.SegmentedRaftLogWorker (SegmentedRaftLogWorker.java:lambda$new$0(128)) - 6f372b74-5ac6-448f-870e-757968cf5a94@group-04B2C4210126-SegmentedRaftLogWorker: flushIndex: setUnconditionally 0 -> -1
2019-10-04 13:42:25,421 [pool-27-thread-1] INFO  server.RaftServerConfigKeys (ConfUtils.java:logGet(43)) - raft.server.snapshot.auto.trigger.enabled = true (custom)
2019-10-04 13:42:25,421 [pool-47-thread-1] INFO  server.RaftServerConfigKeys (ConfUtils.java:logGet(43)) - raft.server.snapshot.auto.trigger.enabled = true (custom)
2019-10-04 13:42:25,421 [pool-27-thread-1] INFO  server.RaftServerConfigKeys (ConfUtils.java:logGet(43)) - raft.server.snapshot.auto.trigger.threshold = 10000 (custom)
2019-10-04 13:42:25,421 [pool-47-thread-1] INFO  server.RaftServerConfigKeys (ConfUtils.java:logGet(43)) - raft.server.snapshot.auto.trigger.threshold = 10000 (custom)
2019-10-04 13:42:25,421 [pool-27-thread-1] INFO  server.RaftServerConfigKeys (ConfUtils.java:logGet(43)) - raft.server.snapshot.retention.file.num = 5 (custom)
2019-10-04 13:42:25,421 [pool-47-thread-1] INFO  server.RaftServerConfigKeys (ConfUtils.java:logGet(43)) - raft.server.snapshot.retention.file.num = 5 (custom)
2019-10-04 13:42:25,422 [pool-27-thread-1] INFO  server.RaftServerConfigKeys (ConfUtils.java:logGet(43)) - raft.server.retrycache.expirytime = 600000ms (custom)
2019-10-04 13:42:25,422 [pool-57-thread-1] INFO  impl.RaftServerImpl (RaftServerImpl.java:start(181)) - e165e23a-d6e6-47fc-a886-184bdf342c66@group-04B2C4210126: start as a follower, conf=-1: [e165e23a-d6e6-47fc-a886-184bdf342c66:192.168.30.33:37198, 6f372b74-5ac6-448f-870e-757968cf5a94:192.168.30.33:37996, fdc20ae7-b158-4e71-b2f1-cbf087e593c0:192.168.30.33:36105], old=null
2019-10-04 13:42:25,422 [pool-57-thread-1] INFO  impl.RaftServerImpl (RaftServerImpl.java:setRole(170)) - e165e23a-d6e6-47fc-a886-184bdf342c66@group-04B2C4210126: changes role from      null to FOLLOWER at term 0 for startAsFollower
2019-10-04 13:42:25,422 [pool-47-thread-1] INFO  server.RaftServerConfigKeys (ConfUtils.java:logGet(43)) - raft.server.retrycache.expirytime = 600000ms (custom)
2019-10-04 13:42:25,423 [pool-57-thread-1] INFO  impl.RoleInfo (RoleInfo.java:updateAndGet(143)) - e165e23a-d6e6-47fc-a886-184bdf342c66: start FollowerState
2019-10-04 13:42:25,423 [pool-57-thread-1] INFO  util.JmxRegister (JmxRegister.java:tryRegister(44)) - Successfully registered JMX Bean with object name Ratis:service=RaftServer,group=group-04B2C4210126,id=e165e23a-d6e6-47fc-a886-184bdf342c66
2019-10-04 13:42:25,424 [pool-27-thread-1] INFO  impl.RaftServerImpl (RaftServerImpl.java:start(181)) - fdc20ae7-b158-4e71-b2f1-cbf087e593c0@group-04B2C4210126: start as a follower, conf=-1: [e165e23a-d6e6-47fc-a886-184bdf342c66:192.168.30.33:37198, 6f372b74-5ac6-448f-870e-757968cf5a94:192.168.30.33:37996, fdc20ae7-b158-4e71-b2f1-cbf087e593c0:192.168.30.33:36105], old=null
2019-10-04 13:42:25,424 [pool-27-thread-1] INFO  impl.RaftServerImpl (RaftServerImpl.java:setRole(170)) - fdc20ae7-b158-4e71-b2f1-cbf087e593c0@group-04B2C4210126: changes role from      null to FOLLOWER at term 0 for startAsFollower
2019-10-04 13:42:25,425 [pool-27-thread-1] INFO  impl.RoleInfo (RoleInfo.java:updateAndGet(143)) - fdc20ae7-b158-4e71-b2f1-cbf087e593c0: start FollowerState
2019-10-04 13:42:25,425 [pool-27-thread-1] INFO  util.JmxRegister (JmxRegister.java:tryRegister(44)) - Successfully registered JMX Bean with object name Ratis:service=RaftServer,group=group-04B2C4210126,id=fdc20ae7-b158-4e71-b2f1-cbf087e593c0
2019-10-04 13:42:25,428 [pool-47-thread-1] INFO  impl.RaftServerImpl (RaftServerImpl.java:start(181)) - 6f372b74-5ac6-448f-870e-757968cf5a94@group-04B2C4210126: start as a follower, conf=-1: [e165e23a-d6e6-47fc-a886-184bdf342c66:192.168.30.33:37198, 6f372b74-5ac6-448f-870e-757968cf5a94:192.168.30.33:37996, fdc20ae7-b158-4e71-b2f1-cbf087e593c0:192.168.30.33:36105], old=null
2019-10-04 13:42:25,428 [pool-47-thread-1] INFO  impl.RaftServerImpl (RaftServerImpl.java:setRole(170)) - 6f372b74-5ac6-448f-870e-757968cf5a94@group-04B2C4210126: changes role from      null to FOLLOWER at term 0 for startAsFollower
2019-10-04 13:42:25,428 [pool-47-thread-1] INFO  impl.RoleInfo (RoleInfo.java:updateAndGet(143)) - 6f372b74-5ac6-448f-870e-757968cf5a94: start FollowerState
2019-10-04 13:42:25,429 [pool-47-thread-1] INFO  util.JmxRegister (JmxRegister.java:tryRegister(44)) - Successfully registered JMX Bean with object name Ratis:service=RaftServer,group=group-04B2C4210126,id=6f372b74-5ac6-448f-870e-757968cf5a94
2019-10-04 13:42:25,451 [RatisPipelineUtilsThread] INFO  pipeline.PipelineStateManager (PipelineStateManager.java:addPipeline(56)) - Created pipeline Pipeline[ Id: 28622c19-dc39-48bc-be1c-04b2c4210126, Nodes: 6f372b74-5ac6-448f-870e-757968cf5a94{ip: 192.168.30.33, host: pr-hdds-2233-hr7xq-248966361, networkLocation: /default-rack, certSerialId: null}fdc20ae7-b158-4e71-b2f1-cbf087e593c0{ip: 192.168.30.33, host: pr-hdds-2233-hr7xq-248966361, networkLocation: /default-rack, certSerialId: null}e165e23a-d6e6-47fc-a886-184bdf342c66{ip: 192.168.30.33, host: pr-hdds-2233-hr7xq-248966361, networkLocation: /default-rack, certSerialId: null}, Type:RATIS, Factor:THREE, State:OPEN]
2019-10-04 13:42:25,883 [main] INFO  rpc.RpcClient (RpcClient.java:createVolume(272)) - Creating Volume: watchforcommithandlingtest, with jenkins1000 as owner.
2019-10-04 13:42:26,333 [IPC Server handler 18 on 36666] INFO  volume.OMVolumeCreateRequest (OMVolumeCreateRequest.java:validateAndUpdateCache(193)) - created volume:watchforcommithandlingtest for user:jenkins1000
2019-10-04 13:42:26,357 [main] INFO  rpc.RpcClient (RpcClient.java:createBucket(411)) - Creating Bucket: watchforcommithandlingtest/watchforcommithandlingtest, with Versioning false and Storage Type set to DISK and Encryption set to false 
2019-10-04 13:42:26,381 [main] INFO  ozone.MiniOzoneClusterImpl (MiniOzoneClusterImpl.java:getStorageContainerLocationClient(234)) - Creating StorageContainerLocationProtocol RPC client with address /0.0.0.0:34816
2019-10-04 13:42:26,416 [main] INFO  impl.MetricsSystemImpl (MetricsSystemImpl.java:init(158)) - XceiverClientMetrics metrics system started (again)
2019-10-04 13:42:26,778 [Thread-238] INFO  container.ReplicationManager (ReplicationManager.java:start(162)) - Starting Replication Monitor Thread.
2019-10-04 13:42:26,782 [ReplicationMonitor] INFO  container.ReplicationManager (ReplicationManager.java:run(225)) - Replication Monitor Thread took 3 milliseconds for processing 1 containers.
2019-10-04 13:42:29,513 [Thread-240] INFO  impl.FollowerState (FollowerState.java:run(108)) - fdc20ae7-b158-4e71-b2f1-cbf087e593c0@group-DDCF8872C5BD-FollowerState: change to CANDIDATE, lastRpcTime:5008ms, electionTimeout:5007ms
2019-10-04 13:42:29,518 [Thread-240] INFO  impl.RoleInfo (RoleInfo.java:shutdownFollowerState(121)) - fdc20ae7-b158-4e71-b2f1-cbf087e593c0: shutdown FollowerState
2019-10-04 13:42:29,518 [Thread-240] INFO  impl.RaftServerImpl (RaftServerImpl.java:setRole(170)) - fdc20ae7-b158-4e71-b2f1-cbf087e593c0@group-DDCF8872C5BD: changes role from  FOLLOWER to CANDIDATE at term 0 for changeToCandidate
2019-10-04 13:42:29,526 [Thread-240] INFO  impl.RoleInfo (RoleInfo.java:updateAndGet(143)) - fdc20ae7-b158-4e71-b2f1-cbf087e593c0: start LeaderElection
2019-10-04 13:42:29,546 [fdc20ae7-b158-4e71-b2f1-cbf087e593c0@group-DDCF8872C5BD-LeaderElection1] INFO  impl.LeaderElection (LeaderElection.java:askForVotes(178)) - fdc20ae7-b158-4e71-b2f1-cbf087e593c0@group-DDCF8872C5BD-LeaderElection1: begin an election at term 1 for -1: [fdc20ae7-b158-4e71-b2f1-cbf087e593c0:192.168.30.33:36105], old=null
2019-10-04 13:42:29,547 [fdc20ae7-b158-4e71-b2f1-cbf087e593c0@group-DDCF8872C5BD-LeaderElection1] INFO  impl.RoleInfo (RoleInfo.java:shutdownLeaderElection(134)) - fdc20ae7-b158-4e71-b2f1-cbf087e593c0: shutdown LeaderElection
2019-10-04 13:42:29,548 [fdc20ae7-b158-4e71-b2f1-cbf087e593c0@group-DDCF8872C5BD-LeaderElection1] INFO  impl.RaftServerImpl (RaftServerImpl.java:setRole(170)) - fdc20ae7-b158-4e71-b2f1-cbf087e593c0@group-DDCF8872C5BD: changes role from CANDIDATE to LEADER at term 1 for changeToLeader
2019-10-04 13:42:29,548 [fdc20ae7-b158-4e71-b2f1-cbf087e593c0@group-DDCF8872C5BD-LeaderElection1] INFO  impl.RaftServerImpl (ServerState.java:setLeader(255)) - fdc20ae7-b158-4e71-b2f1-cbf087e593c0@group-DDCF8872C5BD: change Leader from null to fdc20ae7-b158-4e71-b2f1-cbf087e593c0 at term 1 for becomeLeader, leader elected after 5182ms
2019-10-04 13:42:29,554 [fdc20ae7-b158-4e71-b2f1-cbf087e593c0@group-DDCF8872C5BD-LeaderElection1] INFO  server.RaftServerConfigKeys (ConfUtils.java:logGet(43)) - raft.server.staging.catchup.gap = 1000 (default)
2019-10-04 13:42:29,554 [fdc20ae7-b158-4e71-b2f1-cbf087e593c0@group-DDCF8872C5BD-LeaderElection1] INFO  server.RaftServerConfigKeys (ConfUtils.java:logGet(43)) - raft.server.rpc.sleep.time = 25ms (default)
2019-10-04 13:42:29,557 [fdc20ae7-b158-4e71-b2f1-cbf087e593c0@group-DDCF8872C5BD-LeaderElection1] INFO  server.RaftServerConfigKeys (ConfUtils.java:logGet(43)) - raft.server.write.element-limit = 4096 (default)
2019-10-04 13:42:29,559 [fdc20ae7-b158-4e71-b2f1-cbf087e593c0@group-DDCF8872C5BD-LeaderElection1] INFO  server.RaftServerConfigKeys (ConfUtils.java:logGet(43)) - raft.server.watch.timeout = 10s (default)
2019-10-04 13:42:29,559 [fdc20ae7-b158-4e71-b2f1-cbf087e593c0@group-DDCF8872C5BD-LeaderElection1] INFO  server.RaftServerConfigKeys (ConfUtils.java:logGet(43)) - raft.server.watch.timeout.denomination = 1s (default)
2019-10-04 13:42:29,560 [fdc20ae7-b158-4e71-b2f1-cbf087e593c0@group-DDCF8872C5BD-LeaderElection1] INFO  server.RaftServerConfigKeys (ConfUtils.java:logGet(43)) - raft.server.watch.element-limit = 65536 (default)
2019-10-04 13:42:29,568 [fdc20ae7-b158-4e71-b2f1-cbf087e593c0@group-DDCF8872C5BD-LeaderElection1] INFO  impl.RoleInfo (RoleInfo.java:updateAndGet(143)) - fdc20ae7-b158-4e71-b2f1-cbf087e593c0: start LeaderState
2019-10-04 13:42:29,587 [fdc20ae7-b158-4e71-b2f1-cbf087e593c0@group-DDCF8872C5BD-LeaderElection1] INFO  segmented.SegmentedRaftLogWorker (SegmentedRaftLogWorker.java:startLogSegment(385)) - fdc20ae7-b158-4e71-b2f1-cbf087e593c0@group-DDCF8872C5BD-SegmentedRaftLogWorker: Starting segment from index:0
2019-10-04 13:42:29,595 [fdc20ae7-b158-4e71-b2f1-cbf087e593c0@group-DDCF8872C5BD-LeaderElection1] INFO  impl.RaftServerImpl (ServerState.java:setRaftConf(356)) - fdc20ae7-b158-4e71-b2f1-cbf087e593c0@group-DDCF8872C5BD: set configuration 0: [fdc20ae7-b158-4e71-b2f1-cbf087e593c0:192.168.30.33:36105], old=null at 0
2019-10-04 13:42:29,769 [Thread-243] INFO  impl.FollowerState (FollowerState.java:run(108)) - af890f87-52e7-41cb-b63e-aaf68e46f0ad@group-7C6272E86C21-FollowerState: change to CANDIDATE, lastRpcTime:5076ms, electionTimeout:5074ms
2019-10-04 13:42:29,773 [Thread-243] INFO  impl.RoleInfo (RoleInfo.java:shutdownFollowerState(121)) - af890f87-52e7-41cb-b63e-aaf68e46f0ad: shutdown FollowerState
2019-10-04 13:42:29,774 [Thread-243] INFO  impl.RaftServerImpl (RaftServerImpl.java:setRole(170)) - af890f87-52e7-41cb-b63e-aaf68e46f0ad@group-7C6272E86C21: changes role from  FOLLOWER to CANDIDATE at term 0 for changeToCandidate
2019-10-04 13:42:29,774 [Thread-243] INFO  impl.RoleInfo (RoleInfo.java:updateAndGet(143)) - af890f87-52e7-41cb-b63e-aaf68e46f0ad: start LeaderElection
2019-10-04 13:42:29,788 [fdc20ae7-b158-4e71-b2f1-cbf087e593c0@group-DDCF8872C5BD-SegmentedRaftLogWorker] INFO  segmented.SegmentedRaftLogWorker (SegmentedRaftLogWorker.java:execute(574)) - fdc20ae7-b158-4e71-b2f1-cbf087e593c0@group-DDCF8872C5BD-SegmentedRaftLogWorker: created new log segment /workdir/hadoop-ozone/integration-test/target/test-dir/MiniOzoneClusterImpl-5c48747c-7a6e-4ba5-a504-6c7ef741f97d/datanode-0/data/ratis/8e8a026b-56fb-4ee6-8117-ddcf8872c5bd/current/log_inprogress_0
2019-10-04 13:42:29,788 [af890f87-52e7-41cb-b63e-aaf68e46f0ad@group-7C6272E86C21-LeaderElection2] INFO  impl.LeaderElection (LeaderElection.java:askForVotes(178)) - af890f87-52e7-41cb-b63e-aaf68e46f0ad@group-7C6272E86C21-LeaderElection2: begin an election at term 1 for -1: [af890f87-52e7-41cb-b63e-aaf68e46f0ad:192.168.30.33:42938], old=null
2019-10-04 13:42:29,790 [af890f87-52e7-41cb-b63e-aaf68e46f0ad@group-7C6272E86C21-LeaderElection2] INFO  impl.RoleInfo (RoleInfo.java:shutdownLeaderElection(134)) - af890f87-52e7-41cb-b63e-aaf68e46f0ad: shutdown LeaderElection
2019-10-04 13:42:29,790 [af890f87-52e7-41cb-b63e-aaf68e46f0ad@group-7C6272E86C21-LeaderElection2] INFO  impl.RaftServerImpl (RaftServerImpl.java:setRole(170)) - af890f87-52e7-41cb-b63e-aaf68e46f0ad@group-7C6272E86C21: changes role from CANDIDATE to LEADER at term 1 for changeToLeader
2019-10-04 13:42:29,791 [af890f87-52e7-41cb-b63e-aaf68e46f0ad@group-7C6272E86C21-LeaderElection2] INFO  impl.RaftServerImpl (ServerState.java:setLeader(255)) - af890f87-52e7-41cb-b63e-aaf68e46f0ad@group-7C6272E86C21: change Leader from null to af890f87-52e7-41cb-b63e-aaf68e46f0ad at term 1 for becomeLeader, leader elected after 5111ms
2019-10-04 13:42:29,792 [af890f87-52e7-41cb-b63e-aaf68e46f0ad@group-7C6272E86C21-LeaderElection2] INFO  server.RaftServerConfigKeys (ConfUtils.java:logGet(43)) - raft.server.staging.catchup.gap = 1000 (default)
2019-10-04 13:42:29,792 [af890f87-52e7-41cb-b63e-aaf68e46f0ad@group-7C6272E86C21-LeaderElection2] INFO  server.RaftServerConfigKeys (ConfUtils.java:logGet(43)) - raft.server.rpc.sleep.time = 25ms (default)
2019-10-04 13:42:29,792 [af890f87-52e7-41cb-b63e-aaf68e46f0ad@group-7C6272E86C21-LeaderElection2] INFO  server.RaftServerConfigKeys (ConfUtils.java:logGet(43)) - raft.server.write.element-limit = 4096 (default)
2019-10-04 13:42:29,792 [af890f87-52e7-41cb-b63e-aaf68e46f0ad@group-7C6272E86C21-LeaderElection2] INFO  server.RaftServerConfigKeys (ConfUtils.java:logGet(43)) - raft.server.watch.timeout = 10s (default)
2019-10-04 13:42:29,792 [af890f87-52e7-41cb-b63e-aaf68e46f0ad@group-7C6272E86C21-LeaderElection2] INFO  server.RaftServerConfigKeys (ConfUtils.java:logGet(43)) - raft.server.watch.timeout.denomination = 1s (default)
2019-10-04 13:42:29,793 [af890f87-52e7-41cb-b63e-aaf68e46f0ad@group-7C6272E86C21-LeaderElection2] INFO  server.RaftServerConfigKeys (ConfUtils.java:logGet(43)) - raft.server.watch.element-limit = 65536 (default)
2019-10-04 13:42:29,795 [af890f87-52e7-41cb-b63e-aaf68e46f0ad@group-7C6272E86C21-LeaderElection2] INFO  impl.RoleInfo (RoleInfo.java:updateAndGet(143)) - af890f87-52e7-41cb-b63e-aaf68e46f0ad: start LeaderState
2019-10-04 13:42:29,795 [af890f87-52e7-41cb-b63e-aaf68e46f0ad@group-7C6272E86C21-LeaderElection2] INFO  segmented.SegmentedRaftLogWorker (SegmentedRaftLogWorker.java:startLogSegment(385)) - af890f87-52e7-41cb-b63e-aaf68e46f0ad@group-7C6272E86C21-SegmentedRaftLogWorker: Starting segment from index:0
2019-10-04 13:42:29,796 [af890f87-52e7-41cb-b63e-aaf68e46f0ad@group-7C6272E86C21-LeaderElection2] INFO  impl.RaftServerImpl (ServerState.java:setRaftConf(356)) - af890f87-52e7-41cb-b63e-aaf68e46f0ad@group-7C6272E86C21: set configuration 0: [af890f87-52e7-41cb-b63e-aaf68e46f0ad:192.168.30.33:42938], old=null at 0
2019-10-04 13:42:29,833 [af890f87-52e7-41cb-b63e-aaf68e46f0ad@group-7C6272E86C21-SegmentedRaftLogWorker] INFO  segmented.SegmentedRaftLogWorker (SegmentedRaftLogWorker.java:execute(574)) - af890f87-52e7-41cb-b63e-aaf68e46f0ad@group-7C6272E86C21-SegmentedRaftLogWorker: created new log segment /workdir/hadoop-ozone/integration-test/target/test-dir/MiniOzoneClusterImpl-5c48747c-7a6e-4ba5-a504-6c7ef741f97d/datanode-5/data/ratis/20da2f9a-3a14-4fae-bb08-7c6272e86c21/current/log_inprogress_0
2019-10-04 13:42:29,914 [Thread-246] INFO  impl.FollowerState (FollowerState.java:run(108)) - 86f11ef4-6d23-4d92-bd7b-cd567d3784dc@group-AC84399D32B2-FollowerState: change to CANDIDATE, lastRpcTime:5048ms, electionTimeout:5048ms
2019-10-04 13:42:29,914 [Thread-246] INFO  impl.RoleInfo (RoleInfo.java:shutdownFollowerState(121)) - 86f11ef4-6d23-4d92-bd7b-cd567d3784dc: shutdown FollowerState
2019-10-04 13:42:29,915 [Thread-246] INFO  impl.RaftServerImpl (RaftServerImpl.java:setRole(170)) - 86f11ef4-6d23-4d92-bd7b-cd567d3784dc@group-AC84399D32B2: changes role from  FOLLOWER to CANDIDATE at term 0 for changeToCandidate
2019-10-04 13:42:29,915 [Thread-246] INFO  impl.RoleInfo (RoleInfo.java:updateAndGet(143)) - 86f11ef4-6d23-4d92-bd7b-cd567d3784dc: start LeaderElection
2019-10-04 13:42:29,935 [86f11ef4-6d23-4d92-bd7b-cd567d3784dc@group-AC84399D32B2-LeaderElection3] INFO  impl.LeaderElection (LeaderElection.java:askForVotes(178)) - 86f11ef4-6d23-4d92-bd7b-cd567d3784dc@group-AC84399D32B2-LeaderElection3: begin an election at term 1 for -1: [86f11ef4-6d23-4d92-bd7b-cd567d3784dc:192.168.30.33:37153], old=null
2019-10-04 13:42:29,935 [86f11ef4-6d23-4d92-bd7b-cd567d3784dc@group-AC84399D32B2-LeaderElection3] INFO  impl.RoleInfo (RoleInfo.java:shutdownLeaderElection(134)) - 86f11ef4-6d23-4d92-bd7b-cd567d3784dc: shutdown LeaderElection
2019-10-04 13:42:29,935 [86f11ef4-6d23-4d92-bd7b-cd567d3784dc@group-AC84399D32B2-LeaderElection3] INFO  impl.RaftServerImpl (RaftServerImpl.java:setRole(170)) - 86f11ef4-6d23-4d92-bd7b-cd567d3784dc@group-AC84399D32B2: changes role from CANDIDATE to LEADER at term 1 for changeToLeader
2019-10-04 13:42:29,935 [86f11ef4-6d23-4d92-bd7b-cd567d3784dc@group-AC84399D32B2-LeaderElection3] INFO  impl.RaftServerImpl (ServerState.java:setLeader(255)) - 86f11ef4-6d23-4d92-bd7b-cd567d3784dc@group-AC84399D32B2: change Leader from null to 86f11ef4-6d23-4d92-bd7b-cd567d3784dc at term 1 for becomeLeader, leader elected after 5125ms
2019-10-04 13:42:29,938 [86f11ef4-6d23-4d92-bd7b-cd567d3784dc@group-AC84399D32B2-LeaderElection3] INFO  server.RaftServerConfigKeys (ConfUtils.java:logGet(43)) - raft.server.staging.catchup.gap = 1000 (default)
2019-10-04 13:42:29,938 [86f11ef4-6d23-4d92-bd7b-cd567d3784dc@group-AC84399D32B2-LeaderElection3] INFO  server.RaftServerConfigKeys (ConfUtils.java:logGet(43)) - raft.server.rpc.sleep.time = 25ms (default)
2019-10-04 13:42:29,938 [86f11ef4-6d23-4d92-bd7b-cd567d3784dc@group-AC84399D32B2-LeaderElection3] INFO  server.RaftServerConfigKeys (ConfUtils.java:logGet(43)) - raft.server.write.element-limit = 4096 (default)
2019-10-04 13:42:29,938 [86f11ef4-6d23-4d92-bd7b-cd567d3784dc@group-AC84399D32B2-LeaderElection3] INFO  server.RaftServerConfigKeys (ConfUtils.java:logGet(43)) - raft.server.watch.timeout = 10s (default)
2019-10-04 13:42:29,939 [86f11ef4-6d23-4d92-bd7b-cd567d3784dc@group-AC84399D32B2-LeaderElection3] INFO  server.RaftServerConfigKeys (ConfUtils.java:logGet(43)) - raft.server.watch.timeout.denomination = 1s (default)
2019-10-04 13:42:29,939 [86f11ef4-6d23-4d92-bd7b-cd567d3784dc@group-AC84399D32B2-LeaderElection3] INFO  server.RaftServerConfigKeys (ConfUtils.java:logGet(43)) - raft.server.watch.element-limit = 65536 (default)
2019-10-04 13:42:29,942 [86f11ef4-6d23-4d92-bd7b-cd567d3784dc@group-AC84399D32B2-LeaderElection3] INFO  impl.RoleInfo (RoleInfo.java:updateAndGet(143)) - 86f11ef4-6d23-4d92-bd7b-cd567d3784dc: start LeaderState
2019-10-04 13:42:29,942 [86f11ef4-6d23-4d92-bd7b-cd567d3784dc@group-AC84399D32B2-LeaderElection3] INFO  segmented.SegmentedRaftLogWorker (SegmentedRaftLogWorker.java:startLogSegment(385)) - 86f11ef4-6d23-4d92-bd7b-cd567d3784dc@group-AC84399D32B2-SegmentedRaftLogWorker: Starting segment from index:0
2019-10-04 13:42:29,943 [86f11ef4-6d23-4d92-bd7b-cd567d3784dc@group-AC84399D32B2-LeaderElection3] INFO  impl.RaftServerImpl (ServerState.java:setRaftConf(356)) - 86f11ef4-6d23-4d92-bd7b-cd567d3784dc@group-AC84399D32B2: set configuration 0: [86f11ef4-6d23-4d92-bd7b-cd567d3784dc:192.168.30.33:37153], old=null at 0
2019-10-04 13:42:29,983 [86f11ef4-6d23-4d92-bd7b-cd567d3784dc@group-AC84399D32B2-SegmentedRaftLogWorker] INFO  segmented.SegmentedRaftLogWorker (SegmentedRaftLogWorker.java:execute(574)) - 86f11ef4-6d23-4d92-bd7b-cd567d3784dc@group-AC84399D32B2-SegmentedRaftLogWorker: created new log segment /workdir/hadoop-ozone/integration-test/target/test-dir/MiniOzoneClusterImpl-5c48747c-7a6e-4ba5-a504-6c7ef741f97d/datanode-1/data/ratis/c69ffa10-1091-4a90-8c4d-ac84399d32b2/current/log_inprogress_0
2019-10-04 13:42:30,085 [Thread-249] INFO  impl.FollowerState (FollowerState.java:run(108)) - 13f6ead9-4ac1-4df1-b42d-10c41cf9ca8c@group-EB794BA09808-FollowerState: change to CANDIDATE, lastRpcTime:5121ms, electionTimeout:5121ms
2019-10-04 13:42:30,085 [Thread-249] INFO  impl.RoleInfo (RoleInfo.java:shutdownFollowerState(121)) - 13f6ead9-4ac1-4df1-b42d-10c41cf9ca8c: shutdown FollowerState
2019-10-04 13:42:30,086 [Thread-249] INFO  impl.RaftServerImpl (RaftServerImpl.java:setRole(170)) - 13f6ead9-4ac1-4df1-b42d-10c41cf9ca8c@group-EB794BA09808: changes role from  FOLLOWER to CANDIDATE at term 0 for changeToCandidate
2019-10-04 13:42:30,086 [Thread-249] INFO  impl.RoleInfo (RoleInfo.java:updateAndGet(143)) - 13f6ead9-4ac1-4df1-b42d-10c41cf9ca8c: start LeaderElection
2019-10-04 13:42:30,108 [13f6ead9-4ac1-4df1-b42d-10c41cf9ca8c@group-EB794BA09808-LeaderElection4] INFO  impl.LeaderElection (LeaderElection.java:askForVotes(178)) - 13f6ead9-4ac1-4df1-b42d-10c41cf9ca8c@group-EB794BA09808-LeaderElection4: begin an election at term 1 for -1: [13f6ead9-4ac1-4df1-b42d-10c41cf9ca8c:192.168.30.33:37170], old=null
2019-10-04 13:42:30,111 [13f6ead9-4ac1-4df1-b42d-10c41cf9ca8c@group-EB794BA09808-LeaderElection4] INFO  impl.RoleInfo (RoleInfo.java:shutdownLeaderElection(134)) - 13f6ead9-4ac1-4df1-b42d-10c41cf9ca8c: shutdown LeaderElection
2019-10-04 13:42:30,111 [13f6ead9-4ac1-4df1-b42d-10c41cf9ca8c@group-EB794BA09808-LeaderElection4] INFO  impl.RaftServerImpl (RaftServerImpl.java:setRole(170)) - 13f6ead9-4ac1-4df1-b42d-10c41cf9ca8c@group-EB794BA09808: changes role from CANDIDATE to LEADER at term 1 for changeToLeader
2019-10-04 13:42:30,112 [13f6ead9-4ac1-4df1-b42d-10c41cf9ca8c@group-EB794BA09808-LeaderElection4] INFO  impl.RaftServerImpl (ServerState.java:setLeader(255)) - 13f6ead9-4ac1-4df1-b42d-10c41cf9ca8c@group-EB794BA09808: change Leader from null to 13f6ead9-4ac1-4df1-b42d-10c41cf9ca8c at term 1 for becomeLeader, leader elected after 5159ms
2019-10-04 13:42:30,114 [13f6ead9-4ac1-4df1-b42d-10c41cf9ca8c@group-EB794BA09808-LeaderElection4] INFO  server.RaftServerConfigKeys (ConfUtils.java:logGet(43)) - raft.server.staging.catchup.gap = 1000 (default)
2019-10-04 13:42:30,114 [13f6ead9-4ac1-4df1-b42d-10c41cf9ca8c@group-EB794BA09808-LeaderElection4] INFO  server.RaftServerConfigKeys (ConfUtils.java:logGet(43)) - raft.server.rpc.sleep.time = 25ms (default)
2019-10-04 13:42:30,115 [13f6ead9-4ac1-4df1-b42d-10c41cf9ca8c@group-EB794BA09808-LeaderElection4] INFO  server.RaftServerConfigKeys (ConfUtils.java:logGet(43)) - raft.server.write.element-limit = 4096 (default)
2019-10-04 13:42:30,115 [13f6ead9-4ac1-4df1-b42d-10c41cf9ca8c@group-EB794BA09808-LeaderElection4] INFO  server.RaftServerConfigKeys (ConfUtils.java:logGet(43)) - raft.server.watch.timeout = 10s (default)
2019-10-04 13:42:30,115 [13f6ead9-4ac1-4df1-b42d-10c41cf9ca8c@group-EB794BA09808-LeaderElection4] INFO  server.RaftServerConfigKeys (ConfUtils.java:logGet(43)) - raft.server.watch.timeout.denomination = 1s (default)
2019-10-04 13:42:30,115 [13f6ead9-4ac1-4df1-b42d-10c41cf9ca8c@group-EB794BA09808-LeaderElection4] INFO  server.RaftServerConfigKeys (ConfUtils.java:logGet(43)) - raft.server.watch.element-limit = 65536 (default)
2019-10-04 13:42:30,118 [13f6ead9-4ac1-4df1-b42d-10c41cf9ca8c@group-EB794BA09808-LeaderElection4] INFO  impl.RoleInfo (RoleInfo.java:updateAndGet(143)) - 13f6ead9-4ac1-4df1-b42d-10c41cf9ca8c: start LeaderState
2019-10-04 13:42:30,119 [13f6ead9-4ac1-4df1-b42d-10c41cf9ca8c@group-EB794BA09808-LeaderElection4] INFO  segmented.SegmentedRaftLogWorker (SegmentedRaftLogWorker.java:startLogSegment(385)) - 13f6ead9-4ac1-4df1-b42d-10c41cf9ca8c@group-EB794BA09808-SegmentedRaftLogWorker: Starting segment from index:0
2019-10-04 13:42:30,119 [13f6ead9-4ac1-4df1-b42d-10c41cf9ca8c@group-EB794BA09808-LeaderElection4] INFO  impl.RaftServerImpl (ServerState.java:setRaftConf(356)) - 13f6ead9-4ac1-4df1-b42d-10c41cf9ca8c@group-EB794BA09808: set configuration 0: [13f6ead9-4ac1-4df1-b42d-10c41cf9ca8c:192.168.30.33:37170], old=null at 0
2019-10-04 13:42:30,163 [13f6ead9-4ac1-4df1-b42d-10c41cf9ca8c@group-EB794BA09808-SegmentedRaftLogWorker] INFO  segmented.SegmentedRaftLogWorker (SegmentedRaftLogWorker.java:execute(574)) - 13f6ead9-4ac1-4df1-b42d-10c41cf9ca8c@group-EB794BA09808-SegmentedRaftLogWorker: created new log segment /workdir/hadoop-ozone/integration-test/target/test-dir/MiniOzoneClusterImpl-5c48747c-7a6e-4ba5-a504-6c7ef741f97d/datanode-4/data/ratis/56fe0804-c02e-47b4-990f-eb794ba09808/current/log_inprogress_0
2019-10-04 13:42:30,176 [Thread-252] INFO  impl.FollowerState (FollowerState.java:run(108)) - 6f372b74-5ac6-448f-870e-757968cf5a94@group-8013CC6FD789-FollowerState: change to CANDIDATE, lastRpcTime:5129ms, electionTimeout:5129ms
2019-10-04 13:42:30,176 [Thread-252] INFO  impl.RoleInfo (RoleInfo.java:shutdownFollowerState(121)) - 6f372b74-5ac6-448f-870e-757968cf5a94: shutdown FollowerState
2019-10-04 13:42:30,176 [Thread-252] INFO  impl.RaftServerImpl (RaftServerImpl.java:setRole(170)) - 6f372b74-5ac6-448f-870e-757968cf5a94@group-8013CC6FD789: changes role from  FOLLOWER to CANDIDATE at term 0 for changeToCandidate
2019-10-04 13:42:30,176 [Thread-252] INFO  impl.RoleInfo (RoleInfo.java:updateAndGet(143)) - 6f372b74-5ac6-448f-870e-757968cf5a94: start LeaderElection
2019-10-04 13:42:30,193 [6f372b74-5ac6-448f-870e-757968cf5a94@group-8013CC6FD789-LeaderElection5] INFO  impl.LeaderElection (LeaderElection.java:askForVotes(178)) - 6f372b74-5ac6-448f-870e-757968cf5a94@group-8013CC6FD789-LeaderElection5: begin an election at term 1 for -1: [6f372b74-5ac6-448f-870e-757968cf5a94:192.168.30.33:37996], old=null
2019-10-04 13:42:30,194 [6f372b74-5ac6-448f-870e-757968cf5a94@group-8013CC6FD789-LeaderElection5] INFO  impl.RoleInfo (RoleInfo.java:shutdownLeaderElection(134)) - 6f372b74-5ac6-448f-870e-757968cf5a94: shutdown LeaderElection
2019-10-04 13:42:30,194 [6f372b74-5ac6-448f-870e-757968cf5a94@group-8013CC6FD789-LeaderElection5] INFO  impl.RaftServerImpl (RaftServerImpl.java:setRole(170)) - 6f372b74-5ac6-448f-870e-757968cf5a94@group-8013CC6FD789: changes role from CANDIDATE to LEADER at term 1 for changeToLeader
2019-10-04 13:42:30,194 [6f372b74-5ac6-448f-870e-757968cf5a94@group-8013CC6FD789-LeaderElection5] INFO  impl.RaftServerImpl (ServerState.java:setLeader(255)) - 6f372b74-5ac6-448f-870e-757968cf5a94@group-8013CC6FD789: change Leader from null to 6f372b74-5ac6-448f-870e-757968cf5a94 at term 1 for becomeLeader, leader elected after 5160ms
2019-10-04 13:42:30,196 [6f372b74-5ac6-448f-870e-757968cf5a94@group-8013CC6FD789-LeaderElection5] INFO  server.RaftServerConfigKeys (ConfUtils.java:logGet(43)) - raft.server.staging.catchup.gap = 1000 (default)
2019-10-04 13:42:30,196 [6f372b74-5ac6-448f-870e-757968cf5a94@group-8013CC6FD789-LeaderElection5] INFO  server.RaftServerConfigKeys (ConfUtils.java:logGet(43)) - raft.server.rpc.sleep.time = 25ms (default)
2019-10-04 13:42:30,196 [6f372b74-5ac6-448f-870e-757968cf5a94@group-8013CC6FD789-LeaderElection5] INFO  server.RaftServerConfigKeys (ConfUtils.java:logGet(43)) - raft.server.write.element-limit = 4096 (default)
2019-10-04 13:42:30,197 [6f372b74-5ac6-448f-870e-757968cf5a94@group-8013CC6FD789-LeaderElection5] INFO  server.RaftServerConfigKeys (ConfUtils.java:logGet(43)) - raft.server.watch.timeout = 10s (default)
2019-10-04 13:42:30,197 [6f372b74-5ac6-448f-870e-757968cf5a94@group-8013CC6FD789-LeaderElection5] INFO  server.RaftServerConfigKeys (ConfUtils.java:logGet(43)) - raft.server.watch.timeout.denomination = 1s (default)
2019-10-04 13:42:30,197 [6f372b74-5ac6-448f-870e-757968cf5a94@group-8013CC6FD789-LeaderElection5] INFO  server.RaftServerConfigKeys (ConfUtils.java:logGet(43)) - raft.server.watch.element-limit = 65536 (default)
2019-10-04 13:42:30,203 [6f372b74-5ac6-448f-870e-757968cf5a94@group-8013CC6FD789-LeaderElection5] INFO  impl.RoleInfo (RoleInfo.java:updateAndGet(143)) - 6f372b74-5ac6-448f-870e-757968cf5a94: start LeaderState
2019-10-04 13:42:30,203 [6f372b74-5ac6-448f-870e-757968cf5a94@group-8013CC6FD789-LeaderElection5] INFO  segmented.SegmentedRaftLogWorker (SegmentedRaftLogWorker.java:startLogSegment(385)) - 6f372b74-5ac6-448f-870e-757968cf5a94@group-8013CC6FD789-SegmentedRaftLogWorker: Starting segment from index:0
2019-10-04 13:42:30,204 [6f372b74-5ac6-448f-870e-757968cf5a94@group-8013CC6FD789-LeaderElection5] INFO  impl.RaftServerImpl (ServerState.java:setRaftConf(356)) - 6f372b74-5ac6-448f-870e-757968cf5a94@group-8013CC6FD789: set configuration 0: [6f372b74-5ac6-448f-870e-757968cf5a94:192.168.30.33:37996], old=null at 0
2019-10-04 13:42:30,230 [Thread-258] INFO  impl.FollowerState (FollowerState.java:run(108)) - 712baa3a-7283-4f66-8069-73edaaaa66e0@group-33993E4950CE-FollowerState: change to CANDIDATE, lastRpcTime:5040ms, electionTimeout:5028ms
2019-10-04 13:42:30,231 [Thread-258] INFO  impl.RoleInfo (RoleInfo.java:shutdownFollowerState(121)) - 712baa3a-7283-4f66-8069-73edaaaa66e0: shutdown FollowerState
2019-10-04 13:42:30,231 [Thread-258] INFO  impl.RaftServerImpl (RaftServerImpl.java:setRole(170)) - 712baa3a-7283-4f66-8069-73edaaaa66e0@group-33993E4950CE: changes role from  FOLLOWER to CANDIDATE at term 0 for changeToCandidate
2019-10-04 13:42:30,231 [Thread-258] INFO  impl.RoleInfo (RoleInfo.java:updateAndGet(143)) - 712baa3a-7283-4f66-8069-73edaaaa66e0: start LeaderElection
2019-10-04 13:42:30,241 [Thread-255] INFO  impl.FollowerState (FollowerState.java:run(108)) - e165e23a-d6e6-47fc-a886-184bdf342c66@group-18B79E3095BB-FollowerState: change to CANDIDATE, lastRpcTime:5121ms, electionTimeout:5121ms
2019-10-04 13:42:30,241 [Thread-255] INFO  impl.RoleInfo (RoleInfo.java:shutdownFollowerState(121)) - e165e23a-d6e6-47fc-a886-184bdf342c66: shutdown FollowerState
2019-10-04 13:42:30,241 [Thread-255] INFO  impl.RaftServerImpl (RaftServerImpl.java:setRole(170)) - e165e23a-d6e6-47fc-a886-184bdf342c66@group-18B79E3095BB: changes role from  FOLLOWER to CANDIDATE at term 0 for changeToCandidate
2019-10-04 13:42:30,242 [Thread-255] INFO  impl.RoleInfo (RoleInfo.java:updateAndGet(143)) - e165e23a-d6e6-47fc-a886-184bdf342c66: start LeaderElection
2019-10-04 13:42:30,244 [6f372b74-5ac6-448f-870e-757968cf5a94@group-8013CC6FD789-SegmentedRaftLogWorker] INFO  segmented.SegmentedRaftLogWorker (SegmentedRaftLogWorker.java:execute(574)) - 6f372b74-5ac6-448f-870e-757968cf5a94@group-8013CC6FD789-SegmentedRaftLogWorker: created new log segment /workdir/hadoop-ozone/integration-test/target/test-dir/MiniOzoneClusterImpl-5c48747c-7a6e-4ba5-a504-6c7ef741f97d/datanode-2/data/ratis/a68822f5-a716-4d5b-a107-8013cc6fd789/current/log_inprogress_0
2019-10-04 13:42:30,244 [712baa3a-7283-4f66-8069-73edaaaa66e0@group-33993E4950CE-LeaderElection6] INFO  impl.LeaderElection (LeaderElection.java:askForVotes(178)) - 712baa3a-7283-4f66-8069-73edaaaa66e0@group-33993E4950CE-LeaderElection6: begin an election at term 1 for -1: [712baa3a-7283-4f66-8069-73edaaaa66e0:192.168.30.33:34353], old=null
2019-10-04 13:42:30,245 [712baa3a-7283-4f66-8069-73edaaaa66e0@group-33993E4950CE-LeaderElection6] INFO  impl.RoleInfo (RoleInfo.java:shutdownLeaderElection(134)) - 712baa3a-7283-4f66-8069-73edaaaa66e0: shutdown LeaderElection
2019-10-04 13:42:30,245 [712baa3a-7283-4f66-8069-73edaaaa66e0@group-33993E4950CE-LeaderElection6] INFO  impl.RaftServerImpl (RaftServerImpl.java:setRole(170)) - 712baa3a-7283-4f66-8069-73edaaaa66e0@group-33993E4950CE: changes role from CANDIDATE to LEADER at term 1 for changeToLeader
2019-10-04 13:42:30,246 [712baa3a-7283-4f66-8069-73edaaaa66e0@group-33993E4950CE-LeaderElection6] INFO  impl.RaftServerImpl (ServerState.java:setLeader(255)) - 712baa3a-7283-4f66-8069-73edaaaa66e0@group-33993E4950CE: change Leader from null to 712baa3a-7283-4f66-8069-73edaaaa66e0 at term 1 for becomeLeader, leader elected after 5065ms
2019-10-04 13:42:30,247 [712baa3a-7283-4f66-8069-73edaaaa66e0@group-33993E4950CE-LeaderElection6] INFO  server.RaftServerConfigKeys (ConfUtils.java:logGet(43)) - raft.server.staging.catchup.gap = 1000 (default)
2019-10-04 13:42:30,247 [712baa3a-7283-4f66-8069-73edaaaa66e0@group-33993E4950CE-LeaderElection6] INFO  server.RaftServerConfigKeys (ConfUtils.java:logGet(43)) - raft.server.rpc.sleep.time = 25ms (default)
2019-10-04 13:42:30,248 [712baa3a-7283-4f66-8069-73edaaaa66e0@group-33993E4950CE-LeaderElection6] INFO  server.RaftServerConfigKeys (ConfUtils.java:logGet(43)) - raft.server.write.element-limit = 4096 (default)
2019-10-04 13:42:30,248 [712baa3a-7283-4f66-8069-73edaaaa66e0@group-33993E4950CE-LeaderElection6] INFO  server.RaftServerConfigKeys (ConfUtils.java:logGet(43)) - raft.server.watch.timeout = 10s (default)
2019-10-04 13:42:30,248 [712baa3a-7283-4f66-8069-73edaaaa66e0@group-33993E4950CE-LeaderElection6] INFO  server.RaftServerConfigKeys (ConfUtils.java:logGet(43)) - raft.server.watch.timeout.denomination = 1s (default)
2019-10-04 13:42:30,248 [712baa3a-7283-4f66-8069-73edaaaa66e0@group-33993E4950CE-LeaderElection6] INFO  server.RaftServerConfigKeys (ConfUtils.java:logGet(43)) - raft.server.watch.element-limit = 65536 (default)
2019-10-04 13:42:30,252 [712baa3a-7283-4f66-8069-73edaaaa66e0@group-33993E4950CE-LeaderElection6] INFO  impl.RoleInfo (RoleInfo.java:updateAndGet(143)) - 712baa3a-7283-4f66-8069-73edaaaa66e0: start LeaderState
2019-10-04 13:42:30,252 [712baa3a-7283-4f66-8069-73edaaaa66e0@group-33993E4950CE-LeaderElection6] INFO  segmented.SegmentedRaftLogWorker (SegmentedRaftLogWorker.java:startLogSegment(385)) - 712baa3a-7283-4f66-8069-73edaaaa66e0@group-33993E4950CE-SegmentedRaftLogWorker: Starting segment from index:0
2019-10-04 13:42:30,253 [712baa3a-7283-4f66-8069-73edaaaa66e0@group-33993E4950CE-LeaderElection6] INFO  impl.RaftServerImpl (ServerState.java:setRaftConf(356)) - 712baa3a-7283-4f66-8069-73edaaaa66e0@group-33993E4950CE: set configuration 0: [712baa3a-7283-4f66-8069-73edaaaa66e0:192.168.30.33:34353], old=null at 0
2019-10-04 13:42:30,292 [e165e23a-d6e6-47fc-a886-184bdf342c66@group-18B79E3095BB-LeaderElection7] INFO  impl.LeaderElection (LeaderElection.java:askForVotes(178)) - e165e23a-d6e6-47fc-a886-184bdf342c66@group-18B79E3095BB-LeaderElection7: begin an election at term 1 for -1: [e165e23a-d6e6-47fc-a886-184bdf342c66:192.168.30.33:37198], old=null
2019-10-04 13:42:30,292 [e165e23a-d6e6-47fc-a886-184bdf342c66@group-18B79E3095BB-LeaderElection7] INFO  impl.RoleInfo (RoleInfo.java:shutdownLeaderElection(134)) - e165e23a-d6e6-47fc-a886-184bdf342c66: shutdown LeaderElection
2019-10-04 13:42:30,293 [e165e23a-d6e6-47fc-a886-184bdf342c66@group-18B79E3095BB-LeaderElection7] INFO  impl.RaftServerImpl (RaftServerImpl.java:setRole(170)) - e165e23a-d6e6-47fc-a886-184bdf342c66@group-18B79E3095BB: changes role from CANDIDATE to LEADER at term 1 for changeToLeader
2019-10-04 13:42:30,293 [e165e23a-d6e6-47fc-a886-184bdf342c66@group-18B79E3095BB-LeaderElection7] INFO  impl.RaftServerImpl (ServerState.java:setLeader(255)) - e165e23a-d6e6-47fc-a886-184bdf342c66@group-18B79E3095BB: change Leader from null to e165e23a-d6e6-47fc-a886-184bdf342c66 at term 1 for becomeLeader, leader elected after 5181ms
2019-10-04 13:42:30,295 [e165e23a-d6e6-47fc-a886-184bdf342c66@group-18B79E3095BB-LeaderElection7] INFO  server.RaftServerConfigKeys (ConfUtils.java:logGet(43)) - raft.server.staging.catchup.gap = 1000 (default)
2019-10-04 13:42:30,296 [e165e23a-d6e6-47fc-a886-184bdf342c66@group-18B79E3095BB-LeaderElection7] INFO  server.RaftServerConfigKeys (ConfUtils.java:logGet(43)) - raft.server.rpc.sleep.time = 25ms (default)
2019-10-04 13:42:30,297 [e165e23a-d6e6-47fc-a886-184bdf342c66@group-18B79E3095BB-LeaderElection7] INFO  server.RaftServerConfigKeys (ConfUtils.java:logGet(43)) - raft.server.write.element-limit = 4096 (default)
2019-10-04 13:42:30,297 [e165e23a-d6e6-47fc-a886-184bdf342c66@group-18B79E3095BB-LeaderElection7] INFO  server.RaftServerConfigKeys (ConfUtils.java:logGet(43)) - raft.server.watch.timeout = 10s (default)
2019-10-04 13:42:30,297 [e165e23a-d6e6-47fc-a886-184bdf342c66@group-18B79E3095BB-LeaderElection7] INFO  server.RaftServerConfigKeys (ConfUtils.java:logGet(43)) - raft.server.watch.timeout.denomination = 1s (default)
2019-10-04 13:42:30,297 [e165e23a-d6e6-47fc-a886-184bdf342c66@group-18B79E3095BB-LeaderElection7] INFO  server.RaftServerConfigKeys (ConfUtils.java:logGet(43)) - raft.server.watch.element-limit = 65536 (default)
2019-10-04 13:42:30,300 [e165e23a-d6e6-47fc-a886-184bdf342c66@group-18B79E3095BB-LeaderElection7] INFO  impl.RoleInfo (RoleInfo.java:updateAndGet(143)) - e165e23a-d6e6-47fc-a886-184bdf342c66: start LeaderState
2019-10-04 13:42:30,301 [e165e23a-d6e6-47fc-a886-184bdf342c66@group-18B79E3095BB-LeaderElection7] INFO  segmented.SegmentedRaftLogWorker (SegmentedRaftLogWorker.java:startLogSegment(385)) - e165e23a-d6e6-47fc-a886-184bdf342c66@group-18B79E3095BB-SegmentedRaftLogWorker: Starting segment from index:0
2019-10-04 13:42:30,301 [e165e23a-d6e6-47fc-a886-184bdf342c66@group-18B79E3095BB-LeaderElection7] INFO  impl.RaftServerImpl (ServerState.java:setRaftConf(356)) - e165e23a-d6e6-47fc-a886-184bdf342c66@group-18B79E3095BB: set configuration 0: [e165e23a-d6e6-47fc-a886-184bdf342c66:192.168.30.33:37198], old=null at 0
2019-10-04 13:42:30,332 [712baa3a-7283-4f66-8069-73edaaaa66e0@group-33993E4950CE-SegmentedRaftLogWorker] INFO  segmented.SegmentedRaftLogWorker (SegmentedRaftLogWorker.java:execute(574)) - 712baa3a-7283-4f66-8069-73edaaaa66e0@group-33993E4950CE-SegmentedRaftLogWorker: created new log segment /workdir/hadoop-ozone/integration-test/target/test-dir/MiniOzoneClusterImpl-5c48747c-7a6e-4ba5-a504-6c7ef741f97d/datanode-6/data/ratis/29f5236d-8b79-4072-988e-33993e4950ce/current/log_inprogress_0
2019-10-04 13:42:30,357 [e165e23a-d6e6-47fc-a886-184bdf342c66@group-18B79E3095BB-SegmentedRaftLogWorker] INFO  segmented.SegmentedRaftLogWorker (SegmentedRaftLogWorker.java:execute(574)) - e165e23a-d6e6-47fc-a886-184bdf342c66@group-18B79E3095BB-SegmentedRaftLogWorker: created new log segment /workdir/hadoop-ozone/integration-test/target/test-dir/MiniOzoneClusterImpl-5c48747c-7a6e-4ba5-a504-6c7ef741f97d/datanode-3/data/ratis/df303299-b44d-423e-b09e-18b79e3095bb/current/log_inprogress_0
2019-10-04 13:42:30,402 [Thread-265] INFO  impl.FollowerState (FollowerState.java:run(108)) - 86f11ef4-6d23-4d92-bd7b-cd567d3784dc@group-EC3E54D407A5-FollowerState: change to CANDIDATE, lastRpcTime:5094ms, electionTimeout:5094ms
2019-10-04 13:42:30,402 [Thread-265] INFO  impl.RoleInfo (RoleInfo.java:shutdownFollowerState(121)) - 86f11ef4-6d23-4d92-bd7b-cd567d3784dc: shutdown FollowerState
2019-10-04 13:42:30,402 [Thread-265] INFO  impl.RaftServerImpl (RaftServerImpl.java:setRole(170)) - 86f11ef4-6d23-4d92-bd7b-cd567d3784dc@group-EC3E54D407A5: changes role from  FOLLOWER to CANDIDATE at term 0 for changeToCandidate
2019-10-04 13:42:30,402 [Thread-265] INFO  impl.RoleInfo (RoleInfo.java:updateAndGet(143)) - 86f11ef4-6d23-4d92-bd7b-cd567d3784dc: start LeaderElection
2019-10-04 13:42:30,413 [Thread-263] INFO  impl.FollowerState (FollowerState.java:run(108)) - af890f87-52e7-41cb-b63e-aaf68e46f0ad@group-EC3E54D407A5-FollowerState: change to CANDIDATE, lastRpcTime:5107ms, electionTimeout:5107ms
2019-10-04 13:42:30,414 [Thread-263] INFO  impl.RoleInfo (RoleInfo.java:shutdownFollowerState(121)) - af890f87-52e7-41cb-b63e-aaf68e46f0ad: shutdown FollowerState
2019-10-04 13:42:30,414 [Thread-263] INFO  impl.RaftServerImpl (RaftServerImpl.java:setRole(170)) - af890f87-52e7-41cb-b63e-aaf68e46f0ad@group-EC3E54D407A5: changes role from  FOLLOWER to CANDIDATE at term 0 for changeToCandidate
2019-10-04 13:42:30,414 [Thread-263] INFO  impl.RoleInfo (RoleInfo.java:updateAndGet(143)) - af890f87-52e7-41cb-b63e-aaf68e46f0ad: start LeaderElection
2019-10-04 13:42:30,420 [86f11ef4-6d23-4d92-bd7b-cd567d3784dc@group-EC3E54D407A5-LeaderElection8] INFO  impl.LeaderElection (LeaderElection.java:askForVotes(178)) - 86f11ef4-6d23-4d92-bd7b-cd567d3784dc@group-EC3E54D407A5-LeaderElection8: begin an election at term 1 for -1: [86f11ef4-6d23-4d92-bd7b-cd567d3784dc:192.168.30.33:37153, af890f87-52e7-41cb-b63e-aaf68e46f0ad:192.168.30.33:42938, 13f6ead9-4ac1-4df1-b42d-10c41cf9ca8c:192.168.30.33:37170], old=null
2019-10-04 13:42:30,421 [af890f87-52e7-41cb-b63e-aaf68e46f0ad@group-EC3E54D407A5-LeaderElection9] INFO  impl.LeaderElection (LeaderElection.java:askForVotes(178)) - af890f87-52e7-41cb-b63e-aaf68e46f0ad@group-EC3E54D407A5-LeaderElection9: begin an election at term 1 for -1: [86f11ef4-6d23-4d92-bd7b-cd567d3784dc:192.168.30.33:37153, af890f87-52e7-41cb-b63e-aaf68e46f0ad:192.168.30.33:42938, 13f6ead9-4ac1-4df1-b42d-10c41cf9ca8c:192.168.30.33:37170], old=null
2019-10-04 13:42:30,466 [Thread-275] INFO  impl.FollowerState (FollowerState.java:run(108)) - 6f372b74-5ac6-448f-870e-757968cf5a94@group-04B2C4210126-FollowerState: change to CANDIDATE, lastRpcTime:5037ms, electionTimeout:5036ms
2019-10-04 13:42:30,466 [Thread-275] INFO  impl.RoleInfo (RoleInfo.java:shutdownFollowerState(121)) - 6f372b74-5ac6-448f-870e-757968cf5a94: shutdown FollowerState
2019-10-04 13:42:30,469 [Thread-264] INFO  impl.FollowerState (FollowerState.java:run(108)) - 13f6ead9-4ac1-4df1-b42d-10c41cf9ca8c@group-EC3E54D407A5-FollowerState: change to CANDIDATE, lastRpcTime:5162ms, electionTimeout:5160ms
2019-10-04 13:42:30,469 [Thread-275] INFO  impl.RaftServerImpl (RaftServerImpl.java:setRole(170)) - 6f372b74-5ac6-448f-870e-757968cf5a94@group-04B2C4210126: changes role from  FOLLOWER to CANDIDATE at term 0 for changeToCandidate
2019-10-04 13:42:30,469 [Thread-264] INFO  impl.RoleInfo (RoleInfo.java:shutdownFollowerState(121)) - 13f6ead9-4ac1-4df1-b42d-10c41cf9ca8c: shutdown FollowerState
2019-10-04 13:42:30,471 [Thread-275] INFO  impl.RoleInfo (RoleInfo.java:updateAndGet(143)) - 6f372b74-5ac6-448f-870e-757968cf5a94: start LeaderElection
2019-10-04 13:42:30,471 [Thread-264] INFO  impl.RaftServerImpl (RaftServerImpl.java:setRole(170)) - 13f6ead9-4ac1-4df1-b42d-10c41cf9ca8c@group-EC3E54D407A5: changes role from  FOLLOWER to CANDIDATE at term 0 for changeToCandidate
2019-10-04 13:42:30,472 [Thread-264] INFO  impl.RoleInfo (RoleInfo.java:updateAndGet(143)) - 13f6ead9-4ac1-4df1-b42d-10c41cf9ca8c: start LeaderElection
2019-10-04 13:42:30,474 [Thread-272] INFO  impl.FollowerState (FollowerState.java:run(108)) - e165e23a-d6e6-47fc-a886-184bdf342c66@group-04B2C4210126-FollowerState: change to CANDIDATE, lastRpcTime:5050ms, electionTimeout:5049ms
2019-10-04 13:42:30,476 [Thread-272] INFO  impl.RoleInfo (RoleInfo.java:shutdownFollowerState(121)) - e165e23a-d6e6-47fc-a886-184bdf342c66: shutdown FollowerState
2019-10-04 13:42:30,478 [Thread-272] INFO  impl.RaftServerImpl (RaftServerImpl.java:setRole(170)) - e165e23a-d6e6-47fc-a886-184bdf342c66@group-04B2C4210126: changes role from  FOLLOWER to CANDIDATE at term 0 for changeToCandidate
2019-10-04 13:42:30,478 [Thread-272] INFO  impl.RoleInfo (RoleInfo.java:updateAndGet(143)) - e165e23a-d6e6-47fc-a886-184bdf342c66: start LeaderElection
2019-10-04 13:42:30,478 [grpc-default-executor-1] INFO  impl.RaftServerImpl (RaftServerImpl.java:setRole(170)) - 13f6ead9-4ac1-4df1-b42d-10c41cf9ca8c@group-EC3E54D407A5: changes role from CANDIDATE to FOLLOWER at term 1 for recognizeCandidate:af890f87-52e7-41cb-b63e-aaf68e46f0ad
2019-10-04 13:42:30,479 [grpc-default-executor-1] INFO  impl.RoleInfo (RoleInfo.java:shutdownLeaderElection(134)) - 13f6ead9-4ac1-4df1-b42d-10c41cf9ca8c: shutdown LeaderElection
2019-10-04 13:42:30,483 [grpc-default-executor-1] INFO  impl.RoleInfo (RoleInfo.java:updateAndGet(143)) - 13f6ead9-4ac1-4df1-b42d-10c41cf9ca8c: start FollowerState
2019-10-04 13:42:30,491 [e165e23a-d6e6-47fc-a886-184bdf342c66@group-04B2C4210126-LeaderElection12] INFO  impl.LeaderElection (LeaderElection.java:askForVotes(178)) - e165e23a-d6e6-47fc-a886-184bdf342c66@group-04B2C4210126-LeaderElection12: begin an election at term 1 for -1: [e165e23a-d6e6-47fc-a886-184bdf342c66:192.168.30.33:37198, 6f372b74-5ac6-448f-870e-757968cf5a94:192.168.30.33:37996, fdc20ae7-b158-4e71-b2f1-cbf087e593c0:192.168.30.33:36105], old=null
2019-10-04 13:42:30,491 [grpc-default-executor-3] INFO  impl.RaftServerImpl (RaftServerImpl.java:setRole(170)) - 13f6ead9-4ac1-4df1-b42d-10c41cf9ca8c@group-EC3E54D407A5: changes role from  FOLLOWER to FOLLOWER at term 1 for recognizeCandidate:86f11ef4-6d23-4d92-bd7b-cd567d3784dc
2019-10-04 13:42:30,491 [6f372b74-5ac6-448f-870e-757968cf5a94@group-04B2C4210126-LeaderElection10] INFO  impl.LeaderElection (LeaderElection.java:askForVotes(178)) - 6f372b74-5ac6-448f-870e-757968cf5a94@group-04B2C4210126-LeaderElection10: begin an election at term 1 for -1: [e165e23a-d6e6-47fc-a886-184bdf342c66:192.168.30.33:37198, 6f372b74-5ac6-448f-870e-757968cf5a94:192.168.30.33:37996, fdc20ae7-b158-4e71-b2f1-cbf087e593c0:192.168.30.33:36105], old=null
2019-10-04 13:42:30,492 [grpc-default-executor-3] INFO  impl.RoleInfo (RoleInfo.java:shutdownFollowerState(121)) - 13f6ead9-4ac1-4df1-b42d-10c41cf9ca8c: shutdown FollowerState
2019-10-04 13:42:30,492 [Thread-314] INFO  impl.FollowerState (FollowerState.java:run(117)) - 13f6ead9-4ac1-4df1-b42d-10c41cf9ca8c@group-EC3E54D407A5-FollowerState was interrupted: java.lang.InterruptedException: sleep interrupted
2019-10-04 13:42:30,492 [grpc-default-executor-3] INFO  impl.RoleInfo (RoleInfo.java:updateAndGet(143)) - 13f6ead9-4ac1-4df1-b42d-10c41cf9ca8c: start FollowerState
2019-10-04 13:42:30,515 [af890f87-52e7-41cb-b63e-aaf68e46f0ad@group-EC3E54D407A5-LeaderElection9] INFO  impl.LeaderElection (LeaderElection.java:logAndReturn(56)) - af890f87-52e7-41cb-b63e-aaf68e46f0ad@group-EC3E54D407A5-LeaderElection9: Election REJECTED; received 2 response(s) [af890f87-52e7-41cb-b63e-aaf68e46f0ad<-86f11ef4-6d23-4d92-bd7b-cd567d3784dc#0:FAIL-t1, af890f87-52e7-41cb-b63e-aaf68e46f0ad<-13f6ead9-4ac1-4df1-b42d-10c41cf9ca8c#0:FAIL-t1] and 0 exception(s); af890f87-52e7-41cb-b63e-aaf68e46f0ad@group-EC3E54D407A5:t1, leader=null, voted=af890f87-52e7-41cb-b63e-aaf68e46f0ad, raftlog=af890f87-52e7-41cb-b63e-aaf68e46f0ad@group-EC3E54D407A5-SegmentedRaftLog:OPENED:c-1,f-1,i0, conf=-1: [86f11ef4-6d23-4d92-bd7b-cd567d3784dc:192.168.30.33:37153, af890f87-52e7-41cb-b63e-aaf68e46f0ad:192.168.30.33:42938, 13f6ead9-4ac1-4df1-b42d-10c41cf9ca8c:192.168.30.33:37170], old=null
2019-10-04 13:42:30,515 [af890f87-52e7-41cb-b63e-aaf68e46f0ad@group-EC3E54D407A5-LeaderElection9] INFO  impl.RaftServerImpl (RaftServerImpl.java:setRole(170)) - af890f87-52e7-41cb-b63e-aaf68e46f0ad@group-EC3E54D407A5: changes role from CANDIDATE to FOLLOWER at term 1 for DISCOVERED_A_NEW_TERM
2019-10-04 13:42:30,515 [af890f87-52e7-41cb-b63e-aaf68e46f0ad@group-EC3E54D407A5-LeaderElection9] INFO  impl.RoleInfo (RoleInfo.java:shutdownLeaderElection(134)) - af890f87-52e7-41cb-b63e-aaf68e46f0ad: shutdown LeaderElection
2019-10-04 13:42:30,519 [af890f87-52e7-41cb-b63e-aaf68e46f0ad@group-EC3E54D407A5-LeaderElection9] INFO  impl.RoleInfo (RoleInfo.java:updateAndGet(143)) - af890f87-52e7-41cb-b63e-aaf68e46f0ad: start FollowerState
2019-10-04 13:42:30,527 [grpc-default-executor-4] INFO  impl.RaftServerImpl (RaftServerImpl.java:setRole(170)) - fdc20ae7-b158-4e71-b2f1-cbf087e593c0@group-04B2C4210126: changes role from  FOLLOWER to FOLLOWER at term 1 for recognizeCandidate:e165e23a-d6e6-47fc-a886-184bdf342c66
2019-10-04 13:42:30,530 [grpc-default-executor-4] INFO  impl.RoleInfo (RoleInfo.java:shutdownFollowerState(121)) - fdc20ae7-b158-4e71-b2f1-cbf087e593c0: shutdown FollowerState
2019-10-04 13:42:30,530 [grpc-default-executor-4] INFO  impl.RoleInfo (RoleInfo.java:updateAndGet(143)) - fdc20ae7-b158-4e71-b2f1-cbf087e593c0: start FollowerState
2019-10-04 13:42:30,530 [Thread-273] INFO  impl.FollowerState (FollowerState.java:run(117)) - fdc20ae7-b158-4e71-b2f1-cbf087e593c0@group-04B2C4210126-FollowerState was interrupted: java.lang.InterruptedException: sleep interrupted
2019-10-04 13:42:30,539 [86f11ef4-6d23-4d92-bd7b-cd567d3784dc@group-EC3E54D407A5-LeaderElection8] INFO  impl.LeaderElection (LeaderElection.java:logAndReturn(56)) - 86f11ef4-6d23-4d92-bd7b-cd567d3784dc@group-EC3E54D407A5-LeaderElection8: Election PASSED; received 2 response(s) [86f11ef4-6d23-4d92-bd7b-cd567d3784dc<-af890f87-52e7-41cb-b63e-aaf68e46f0ad#0:FAIL-t1, 86f11ef4-6d23-4d92-bd7b-cd567d3784dc<-13f6ead9-4ac1-4df1-b42d-10c41cf9ca8c#0:OK-t1] and 0 exception(s); 86f11ef4-6d23-4d92-bd7b-cd567d3784dc@group-EC3E54D407A5:t1, leader=null, voted=86f11ef4-6d23-4d92-bd7b-cd567d3784dc, raftlog=86f11ef4-6d23-4d92-bd7b-cd567d3784dc@group-EC3E54D407A5-SegmentedRaftLog:OPENED:c-1,f-1,i0, conf=-1: [86f11ef4-6d23-4d92-bd7b-cd567d3784dc:192.168.30.33:37153, af890f87-52e7-41cb-b63e-aaf68e46f0ad:192.168.30.33:42938, 13f6ead9-4ac1-4df1-b42d-10c41cf9ca8c:192.168.30.33:37170], old=null
2019-10-04 13:42:30,539 [86f11ef4-6d23-4d92-bd7b-cd567d3784dc@group-EC3E54D407A5-LeaderElection8] INFO  impl.RoleInfo (RoleInfo.java:shutdownLeaderElection(134)) - 86f11ef4-6d23-4d92-bd7b-cd567d3784dc: shutdown LeaderElection
2019-10-04 13:42:30,541 [86f11ef4-6d23-4d92-bd7b-cd567d3784dc@group-EC3E54D407A5-LeaderElection8] INFO  impl.RaftServerImpl (RaftServerImpl.java:setRole(170)) - 86f11ef4-6d23-4d92-bd7b-cd567d3784dc@group-EC3E54D407A5: changes role from CANDIDATE to LEADER at term 1 for changeToLeader
2019-10-04 13:42:30,542 [86f11ef4-6d23-4d92-bd7b-cd567d3784dc@group-EC3E54D407A5-LeaderElection8] INFO  impl.RaftServerImpl (ServerState.java:setLeader(255)) - 86f11ef4-6d23-4d92-bd7b-cd567d3784dc@group-EC3E54D407A5: change Leader from null to 86f11ef4-6d23-4d92-bd7b-cd567d3784dc at term 1 for becomeLeader, leader elected after 5251ms
2019-10-04 13:42:30,542 [86f11ef4-6d23-4d92-bd7b-cd567d3784dc@group-EC3E54D407A5-LeaderElection8] INFO  server.RaftServerConfigKeys (ConfUtils.java:logGet(43)) - raft.server.staging.catchup.gap = 1000 (default)
2019-10-04 13:42:30,542 [86f11ef4-6d23-4d92-bd7b-cd567d3784dc@group-EC3E54D407A5-LeaderElection8] INFO  server.RaftServerConfigKeys (ConfUtils.java:logGet(43)) - raft.server.rpc.sleep.time = 25ms (default)
2019-10-04 13:42:30,543 [86f11ef4-6d23-4d92-bd7b-cd567d3784dc@group-EC3E54D407A5-LeaderElection8] INFO  server.RaftServerConfigKeys (ConfUtils.java:logGet(43)) - raft.server.write.element-limit = 4096 (default)
2019-10-04 13:42:30,543 [86f11ef4-6d23-4d92-bd7b-cd567d3784dc@group-EC3E54D407A5-LeaderElection8] INFO  server.RaftServerConfigKeys (ConfUtils.java:logGet(43)) - raft.server.watch.timeout = 10s (default)
2019-10-04 13:42:30,543 [86f11ef4-6d23-4d92-bd7b-cd567d3784dc@group-EC3E54D407A5-LeaderElection8] INFO  server.RaftServerConfigKeys (ConfUtils.java:logGet(43)) - raft.server.watch.timeout.denomination = 1s (default)
2019-10-04 13:42:30,543 [86f11ef4-6d23-4d92-bd7b-cd567d3784dc@group-EC3E54D407A5-LeaderElection8] INFO  server.RaftServerConfigKeys (ConfUtils.java:logGet(43)) - raft.server.watch.element-limit = 65536 (default)
2019-10-04 13:42:30,549 [13f6ead9-4ac1-4df1-b42d-10c41cf9ca8c@group-EC3E54D407A5-LeaderElection11] INFO  impl.LeaderElection (LeaderElection.java:askForVotes(178)) - 13f6ead9-4ac1-4df1-b42d-10c41cf9ca8c@group-EC3E54D407A5-LeaderElection11: begin an election at term 2 for -1: [86f11ef4-6d23-4d92-bd7b-cd567d3784dc:192.168.30.33:37153, af890f87-52e7-41cb-b63e-aaf68e46f0ad:192.168.30.33:42938, 13f6ead9-4ac1-4df1-b42d-10c41cf9ca8c:192.168.30.33:37170], old=null
2019-10-04 13:42:30,551 [86f11ef4-6d23-4d92-bd7b-cd567d3784dc@group-EC3E54D407A5-LeaderElection8] INFO  server.RaftServerConfigKeys (ConfUtils.java:logGet(43)) - raft.server.log.appender.snapshot.chunk.size.max = 16MB (=16777216) (default)
2019-10-04 13:42:30,552 [13f6ead9-4ac1-4df1-b42d-10c41cf9ca8c@group-EC3E54D407A5-LeaderElection11] INFO  impl.LeaderElection (LeaderElection.java:logAndReturn(56)) - 13f6ead9-4ac1-4df1-b42d-10c41cf9ca8c@group-EC3E54D407A5-LeaderElection11: Election REJECTED; received 0 response(s) [] and 0 exception(s); 13f6ead9-4ac1-4df1-b42d-10c41cf9ca8c@group-EC3E54D407A5:t2, leader=null, voted=13f6ead9-4ac1-4df1-b42d-10c41cf9ca8c, raftlog=13f6ead9-4ac1-4df1-b42d-10c41cf9ca8c@group-EC3E54D407A5-SegmentedRaftLog:OPENED:c-1,f-1,i0, conf=-1: [86f11ef4-6d23-4d92-bd7b-cd567d3784dc:192.168.30.33:37153, af890f87-52e7-41cb-b63e-aaf68e46f0ad:192.168.30.33:42938, 13f6ead9-4ac1-4df1-b42d-10c41cf9ca8c:192.168.30.33:37170], old=null
2019-10-04 13:42:30,552 [86f11ef4-6d23-4d92-bd7b-cd567d3784dc@group-EC3E54D407A5-LeaderElection8] INFO  server.RaftServerConfigKeys (ConfUtils.java:logGet(43)) - raft.server.log.appender.buffer.byte-limit = 33554432 (custom)
2019-10-04 13:42:30,557 [86f11ef4-6d23-4d92-bd7b-cd567d3784dc@group-EC3E54D407A5-LeaderElection8] INFO  server.RaftServerConfigKeys (ConfUtils.java:logGet(43)) - raft.server.log.appender.buffer.element-limit = 1 (custom)
2019-10-04 13:42:30,559 [e165e23a-d6e6-47fc-a886-184bdf342c66@group-04B2C4210126-LeaderElection12] INFO  impl.LeaderElection (LeaderElection.java:logAndReturn(56)) - e165e23a-d6e6-47fc-a886-184bdf342c66@group-04B2C4210126-LeaderElection12: Election PASSED; received 2 response(s) [e165e23a-d6e6-47fc-a886-184bdf342c66<-6f372b74-5ac6-448f-870e-757968cf5a94#0:FAIL-t1, e165e23a-d6e6-47fc-a886-184bdf342c66<-fdc20ae7-b158-4e71-b2f1-cbf087e593c0#0:OK-t1] and 0 exception(s); e165e23a-d6e6-47fc-a886-184bdf342c66@group-04B2C4210126:t1, leader=null, voted=e165e23a-d6e6-47fc-a886-184bdf342c66, raftlog=e165e23a-d6e6-47fc-a886-184bdf342c66@group-04B2C4210126-SegmentedRaftLog:OPENED:c-1,f-1,i0, conf=-1: [e165e23a-d6e6-47fc-a886-184bdf342c66:192.168.30.33:37198, 6f372b74-5ac6-448f-870e-757968cf5a94:192.168.30.33:37996, fdc20ae7-b158-4e71-b2f1-cbf087e593c0:192.168.30.33:36105], old=null
2019-10-04 13:42:30,561 [e165e23a-d6e6-47fc-a886-184bdf342c66@group-04B2C4210126-LeaderElection12] INFO  impl.RoleInfo (RoleInfo.java:shutdownLeaderElection(134)) - e165e23a-d6e6-47fc-a886-184bdf342c66: shutdown LeaderElection
2019-10-04 13:42:30,564 [e165e23a-d6e6-47fc-a886-184bdf342c66@group-04B2C4210126-LeaderElection12] INFO  impl.RaftServerImpl (RaftServerImpl.java:setRole(170)) - e165e23a-d6e6-47fc-a886-184bdf342c66@group-04B2C4210126: changes role from CANDIDATE to LEADER at term 1 for changeToLeader
2019-10-04 13:42:30,566 [e165e23a-d6e6-47fc-a886-184bdf342c66@group-04B2C4210126-LeaderElection12] INFO  impl.RaftServerImpl (ServerState.java:setLeader(255)) - e165e23a-d6e6-47fc-a886-184bdf342c66@group-04B2C4210126: change Leader from null to e165e23a-d6e6-47fc-a886-184bdf342c66 at term 1 for becomeLeader, leader elected after 5151ms
2019-10-04 13:42:30,566 [e165e23a-d6e6-47fc-a886-184bdf342c66@group-04B2C4210126-LeaderElection12] INFO  server.RaftServerConfigKeys (ConfUtils.java:logGet(43)) - raft.server.staging.catchup.gap = 1000 (default)
2019-10-04 13:42:30,566 [6f372b74-5ac6-448f-870e-757968cf5a94@group-04B2C4210126-LeaderElection10] INFO  impl.LeaderElection (LeaderElection.java:logAndReturn(56)) - 6f372b74-5ac6-448f-870e-757968cf5a94@group-04B2C4210126-LeaderElection10: Election REJECTED; received 2 response(s) [6f372b74-5ac6-448f-870e-757968cf5a94<-e165e23a-d6e6-47fc-a886-184bdf342c66#0:FAIL-t1, 6f372b74-5ac6-448f-870e-757968cf5a94<-fdc20ae7-b158-4e71-b2f1-cbf087e593c0#0:FAIL-t1] and 0 exception(s); 6f372b74-5ac6-448f-870e-757968cf5a94@group-04B2C4210126:t1, leader=null, voted=6f372b74-5ac6-448f-870e-757968cf5a94, raftlog=6f372b74-5ac6-448f-870e-757968cf5a94@group-04B2C4210126-SegmentedRaftLog:OPENED:c-1,f-1,i0, conf=-1: [e165e23a-d6e6-47fc-a886-184bdf342c66:192.168.30.33:37198, 6f372b74-5ac6-448f-870e-757968cf5a94:192.168.30.33:37996, fdc20ae7-b158-4e71-b2f1-cbf087e593c0:192.168.30.33:36105], old=null
2019-10-04 13:42:30,566 [e165e23a-d6e6-47fc-a886-184bdf342c66@group-04B2C4210126-LeaderElection12] INFO  server.RaftServerConfigKeys (ConfUtils.java:logGet(43)) - raft.server.rpc.sleep.time = 25ms (default)
2019-10-04 13:42:30,568 [6f372b74-5ac6-448f-870e-757968cf5a94@group-04B2C4210126-LeaderElection10] INFO  impl.RaftServerImpl (RaftServerImpl.java:setRole(170)) - 6f372b74-5ac6-448f-870e-757968cf5a94@group-04B2C4210126: changes role from CANDIDATE to FOLLOWER at term 1 for DISCOVERED_A_NEW_TERM
2019-10-04 13:42:30,574 [6f372b74-5ac6-448f-870e-757968cf5a94@group-04B2C4210126-LeaderElection10] INFO  impl.RoleInfo (RoleInfo.java:shutdownLeaderElection(134)) - 6f372b74-5ac6-448f-870e-757968cf5a94: shutdown LeaderElection
2019-10-04 13:42:30,575 [6f372b74-5ac6-448f-870e-757968cf5a94@group-04B2C4210126-LeaderElection10] INFO  impl.RoleInfo (RoleInfo.java:updateAndGet(143)) - 6f372b74-5ac6-448f-870e-757968cf5a94: start FollowerState
2019-10-04 13:42:30,575 [e165e23a-d6e6-47fc-a886-184bdf342c66@group-04B2C4210126-LeaderElection12] INFO  server.RaftServerConfigKeys (ConfUtils.java:logGet(43)) - raft.server.write.element-limit = 4096 (default)
2019-10-04 13:42:30,575 [e165e23a-d6e6-47fc-a886-184bdf342c66@group-04B2C4210126-LeaderElection12] INFO  server.RaftServerConfigKeys (ConfUtils.java:logGet(43)) - raft.server.watch.timeout = 10s (default)
2019-10-04 13:42:30,575 [e165e23a-d6e6-47fc-a886-184bdf342c66@group-04B2C4210126-LeaderElection12] INFO  server.RaftServerConfigKeys (ConfUtils.java:logGet(43)) - raft.server.watch.timeout.denomination = 1s (default)
2019-10-04 13:42:30,575 [e165e23a-d6e6-47fc-a886-184bdf342c66@group-04B2C4210126-LeaderElection12] INFO  server.RaftServerConfigKeys (ConfUtils.java:logGet(43)) - raft.server.watch.element-limit = 65536 (default)
2019-10-04 13:42:30,577 [86f11ef4-6d23-4d92-bd7b-cd567d3784dc@group-EC3E54D407A5-LeaderElection8] INFO  grpc.GrpcConfigKeys$Server (ConfUtils.java:logGet(43)) - raft.grpc.server.leader.outstanding.appends.max = 128 (default)
2019-10-04 13:42:30,579 [86f11ef4-6d23-4d92-bd7b-cd567d3784dc@group-EC3E54D407A5-LeaderElection8] INFO  server.RaftServerConfigKeys (ConfUtils.java:logGet(43)) - raft.server.rpc.request.timeout = 3000ms (default)
2019-10-04 13:42:30,580 [86f11ef4-6d23-4d92-bd7b-cd567d3784dc@group-EC3E54D407A5-LeaderElection8] INFO  server.RaftServerConfigKeys (ConfUtils.java:logGet(43)) - raft.server.log.appender.install.snapshot.enabled = false (custom)
2019-10-04 13:42:30,582 [grpc-default-executor-3] INFO  impl.RaftServerImpl (RaftServerImpl.java:setRole(170)) - af890f87-52e7-41cb-b63e-aaf68e46f0ad@group-EC3E54D407A5: changes role from  FOLLOWER to FOLLOWER at term 2 for recognizeCandidate:13f6ead9-4ac1-4df1-b42d-10c41cf9ca8c
2019-10-04 13:42:30,582 [e165e23a-d6e6-47fc-a886-184bdf342c66@group-04B2C4210126-LeaderElection12] INFO  server.RaftServerConfigKeys (ConfUtils.java:logGet(43)) - raft.server.log.appender.snapshot.chunk.size.max = 16MB (=16777216) (default)
2019-10-04 13:42:30,582 [grpc-default-executor-3] INFO  impl.RoleInfo (RoleInfo.java:shutdownFollowerState(121)) - af890f87-52e7-41cb-b63e-aaf68e46f0ad: shutdown FollowerState
2019-10-04 13:42:30,582 [e165e23a-d6e6-47fc-a886-184bdf342c66@group-04B2C4210126-LeaderElection12] INFO  server.RaftServerConfigKeys (ConfUtils.java:logGet(43)) - raft.server.log.appender.buffer.byte-limit = 33554432 (custom)
2019-10-04 13:42:30,582 [Thread-320] INFO  impl.FollowerState (FollowerState.java:run(117)) - af890f87-52e7-41cb-b63e-aaf68e46f0ad@group-EC3E54D407A5-FollowerState was interrupted: java.lang.InterruptedException: sleep interrupted
2019-10-04 13:42:30,582 [grpc-default-executor-3] INFO  impl.RoleInfo (RoleInfo.java:updateAndGet(143)) - af890f87-52e7-41cb-b63e-aaf68e46f0ad: start FollowerState
2019-10-04 13:42:30,582 [e165e23a-d6e6-47fc-a886-184bdf342c66@group-04B2C4210126-LeaderElection12] INFO  server.RaftServerConfigKeys (ConfUtils.java:logGet(43)) - raft.server.log.appender.buffer.element-limit = 1 (custom)
2019-10-04 13:42:30,584 [86f11ef4-6d23-4d92-bd7b-cd567d3784dc@group-EC3E54D407A5-LeaderElection8] INFO  server.RaftServerConfigKeys (ConfUtils.java:logGet(43)) - raft.server.log.appender.snapshot.chunk.size.max = 16MB (=16777216) (default)
2019-10-04 13:42:30,585 [e165e23a-d6e6-47fc-a886-184bdf342c66@group-04B2C4210126-LeaderElection12] INFO  grpc.GrpcConfigKeys$Server (ConfUtils.java:logGet(43)) - raft.grpc.server.leader.outstanding.appends.max = 128 (default)
2019-10-04 13:42:30,585 [86f11ef4-6d23-4d92-bd7b-cd567d3784dc@group-EC3E54D407A5-LeaderElection8] INFO  server.RaftServerConfigKeys (ConfUtils.java:logGet(43)) - raft.server.log.appender.buffer.byte-limit = 33554432 (custom)
2019-10-04 13:42:30,587 [e165e23a-d6e6-47fc-a886-184bdf342c66@group-04B2C4210126-LeaderElection12] INFO  server.RaftServerConfigKeys (ConfUtils.java:logGet(43)) - raft.server.rpc.request.timeout = 3000ms (default)
2019-10-04 13:42:30,587 [86f11ef4-6d23-4d92-bd7b-cd567d3784dc@group-EC3E54D407A5-LeaderElection8] INFO  server.RaftServerConfigKeys (ConfUtils.java:logGet(43)) - raft.server.log.appender.buffer.element-limit = 1 (custom)
2019-10-04 13:42:30,587 [e165e23a-d6e6-47fc-a886-184bdf342c66@group-04B2C4210126-LeaderElection12] INFO  server.RaftServerConfigKeys (ConfUtils.java:logGet(43)) - raft.server.log.appender.install.snapshot.enabled = false (custom)
2019-10-04 13:42:30,587 [86f11ef4-6d23-4d92-bd7b-cd567d3784dc@group-EC3E54D407A5-LeaderElection8] INFO  grpc.GrpcConfigKeys$Server (ConfUtils.java:logGet(43)) - raft.grpc.server.leader.outstanding.appends.max = 128 (default)
2019-10-04 13:42:30,588 [e165e23a-d6e6-47fc-a886-184bdf342c66@group-04B2C4210126-LeaderElection12] INFO  server.RaftServerConfigKeys (ConfUtils.java:logGet(43)) - raft.server.log.appender.snapshot.chunk.size.max = 16MB (=16777216) (default)
2019-10-04 13:42:30,588 [86f11ef4-6d23-4d92-bd7b-cd567d3784dc@group-EC3E54D407A5-LeaderElection8] INFO  server.RaftServerConfigKeys (ConfUtils.java:logGet(43)) - raft.server.rpc.request.timeout = 3000ms (default)
2019-10-04 13:42:30,588 [e165e23a-d6e6-47fc-a886-184bdf342c66@group-04B2C4210126-LeaderElection12] INFO  server.RaftServerConfigKeys (ConfUtils.java:logGet(43)) - raft.server.log.appender.buffer.byte-limit = 33554432 (custom)
2019-10-04 13:42:30,588 [86f11ef4-6d23-4d92-bd7b-cd567d3784dc@group-EC3E54D407A5-LeaderElection8] INFO  server.RaftServerConfigKeys (ConfUtils.java:logGet(43)) - raft.server.log.appender.install.snapshot.enabled = false (custom)
2019-10-04 13:42:30,588 [e165e23a-d6e6-47fc-a886-184bdf342c66@group-04B2C4210126-LeaderElection12] INFO  server.RaftServerConfigKeys (ConfUtils.java:logGet(43)) - raft.server.log.appender.buffer.element-limit = 1 (custom)
2019-10-04 13:42:30,589 [e165e23a-d6e6-47fc-a886-184bdf342c66@group-04B2C4210126-LeaderElection12] INFO  grpc.GrpcConfigKeys$Server (ConfUtils.java:logGet(43)) - raft.grpc.server.leader.outstanding.appends.max = 128 (default)
2019-10-04 13:42:30,589 [e165e23a-d6e6-47fc-a886-184bdf342c66@group-04B2C4210126-LeaderElection12] INFO  server.RaftServerConfigKeys (ConfUtils.java:logGet(43)) - raft.server.rpc.request.timeout = 3000ms (default)
2019-10-04 13:42:30,589 [e165e23a-d6e6-47fc-a886-184bdf342c66@group-04B2C4210126-LeaderElection12] INFO  server.RaftServerConfigKeys (ConfUtils.java:logGet(43)) - raft.server.log.appender.install.snapshot.enabled = false (custom)
2019-10-04 13:42:30,590 [e165e23a-d6e6-47fc-a886-184bdf342c66@group-04B2C4210126-LeaderElection12] INFO  impl.RoleInfo (RoleInfo.java:updateAndGet(143)) - e165e23a-d6e6-47fc-a886-184bdf342c66: start LeaderState
2019-10-04 13:42:30,590 [86f11ef4-6d23-4d92-bd7b-cd567d3784dc@group-EC3E54D407A5-LeaderElection8] INFO  impl.RoleInfo (RoleInfo.java:updateAndGet(143)) - 86f11ef4-6d23-4d92-bd7b-cd567d3784dc: start LeaderState
2019-10-04 13:42:30,590 [e165e23a-d6e6-47fc-a886-184bdf342c66@group-04B2C4210126-LeaderElection12] INFO  segmented.SegmentedRaftLogWorker (SegmentedRaftLogWorker.java:startLogSegment(385)) - e165e23a-d6e6-47fc-a886-184bdf342c66@group-04B2C4210126-SegmentedRaftLogWorker: Starting segment from index:0
2019-10-04 13:42:30,590 [86f11ef4-6d23-4d92-bd7b-cd567d3784dc@group-EC3E54D407A5-LeaderElection8] INFO  segmented.SegmentedRaftLogWorker (SegmentedRaftLogWorker.java:startLogSegment(385)) - 86f11ef4-6d23-4d92-bd7b-cd567d3784dc@group-EC3E54D407A5-SegmentedRaftLogWorker: Starting segment from index:0
2019-10-04 13:42:30,592 [e165e23a-d6e6-47fc-a886-184bdf342c66@group-04B2C4210126-LeaderElection12] INFO  impl.RaftServerImpl (ServerState.java:setRaftConf(356)) - e165e23a-d6e6-47fc-a886-184bdf342c66@group-04B2C4210126: set configuration 0: [e165e23a-d6e6-47fc-a886-184bdf342c66:192.168.30.33:37198, 6f372b74-5ac6-448f-870e-757968cf5a94:192.168.30.33:37996, fdc20ae7-b158-4e71-b2f1-cbf087e593c0:192.168.30.33:36105], old=null at 0
2019-10-04 13:42:30,592 [86f11ef4-6d23-4d92-bd7b-cd567d3784dc@group-EC3E54D407A5-LeaderElection8] INFO  impl.RaftServerImpl (ServerState.java:setRaftConf(356)) - 86f11ef4-6d23-4d92-bd7b-cd567d3784dc@group-EC3E54D407A5: set configuration 0: [86f11ef4-6d23-4d92-bd7b-cd567d3784dc:192.168.30.33:37153, af890f87-52e7-41cb-b63e-aaf68e46f0ad:192.168.30.33:42938, 13f6ead9-4ac1-4df1-b42d-10c41cf9ca8c:192.168.30.33:37170], old=null at 0
2019-10-04 13:42:30,592 [grpc-default-executor-4] INFO  impl.RaftServerImpl (ServerState.java:setLeader(255)) - 86f11ef4-6d23-4d92-bd7b-cd567d3784dc@group-EC3E54D407A5: change Leader from 86f11ef4-6d23-4d92-bd7b-cd567d3784dc to null at term 2 for updateCurrentTerm
2019-10-04 13:42:30,593 [grpc-default-executor-4] INFO  impl.RaftServerImpl (RaftServerImpl.java:setRole(170)) - 86f11ef4-6d23-4d92-bd7b-cd567d3784dc@group-EC3E54D407A5: changes role from    LEADER to FOLLOWER at term 2 for recognizeCandidate:13f6ead9-4ac1-4df1-b42d-10c41cf9ca8c
2019-10-04 13:42:30,593 [grpc-default-executor-4] INFO  impl.RoleInfo (RoleInfo.java:shutdownLeaderState(104)) - 86f11ef4-6d23-4d92-bd7b-cd567d3784dc: shutdown LeaderState
2019-10-04 13:42:30,633 [grpc-default-executor-4] INFO  impl.PendingRequests (PendingRequests.java:sendNotLeaderResponses(202)) - 86f11ef4-6d23-4d92-bd7b-cd567d3784dc@group-EC3E54D407A5-PendingRequests: sendNotLeaderResponses
2019-10-04 13:42:30,638 [grpc-default-executor-4] INFO  impl.RoleInfo (RoleInfo.java:updateAndGet(143)) - 86f11ef4-6d23-4d92-bd7b-cd567d3784dc: start FollowerState
2019-10-04 13:42:30,645 [e165e23a-d6e6-47fc-a886-184bdf342c66@group-04B2C4210126-SegmentedRaftLogWorker] INFO  segmented.SegmentedRaftLogWorker (SegmentedRaftLogWorker.java:execute(574)) - e165e23a-d6e6-47fc-a886-184bdf342c66@group-04B2C4210126-SegmentedRaftLogWorker: created new log segment /workdir/hadoop-ozone/integration-test/target/test-dir/MiniOzoneClusterImpl-5c48747c-7a6e-4ba5-a504-6c7ef741f97d/datanode-3/data/ratis/28622c19-dc39-48bc-be1c-04b2c4210126/current/log_inprogress_0
2019-10-04 13:42:30,645 [86f11ef4-6d23-4d92-bd7b-cd567d3784dc@group-EC3E54D407A5-SegmentedRaftLogWorker] INFO  segmented.SegmentedRaftLogWorker (SegmentedRaftLogWorker.java:execute(574)) - 86f11ef4-6d23-4d92-bd7b-cd567d3784dc@group-EC3E54D407A5-SegmentedRaftLogWorker: created new log segment /workdir/hadoop-ozone/integration-test/target/test-dir/MiniOzoneClusterImpl-5c48747c-7a6e-4ba5-a504-6c7ef741f97d/datanode-1/data/ratis/295dc03d-40c5-4dd3-9ffc-ec3e54d407a5/current/log_inprogress_0
2019-10-04 13:42:30,645 [org.apache.ratis.server.impl.LogAppender$AppenderDaemon$$Lambda$485/268039125@27ddae20] WARN  server.GrpcLogAppender (GrpcLogAppender.java:mayWait(143)) - 86f11ef4-6d23-4d92-bd7b-cd567d3784dc@group-EC3E54D407A5->af890f87-52e7-41cb-b63e-aaf68e46f0ad-GrpcLogAppender: Wait interrupted by java.lang.InterruptedException
2019-10-04 13:42:30,645 [org.apache.ratis.server.impl.LogAppender$AppenderDaemon$$Lambda$485/268039125@2caedb4d] WARN  server.GrpcLogAppender (GrpcLogAppender.java:mayWait(143)) - 86f11ef4-6d23-4d92-bd7b-cd567d3784dc@group-EC3E54D407A5->13f6ead9-4ac1-4df1-b42d-10c41cf9ca8c-GrpcLogAppender: Wait interrupted by java.lang.InterruptedException
2019-10-04 13:42:30,673 [grpc-default-executor-4] INFO  server.GrpcServerProtocolService (GrpcServerProtocolService.java:onCompleted(113)) - 13f6ead9-4ac1-4df1-b42d-10c41cf9ca8c: Completed APPEND_ENTRIES, lastRequest: null
2019-10-04 13:42:30,673 [grpc-default-executor-3] INFO  server.GrpcServerProtocolService (GrpcServerProtocolService.java:onCompleted(113)) - af890f87-52e7-41cb-b63e-aaf68e46f0ad: Completed APPEND_ENTRIES, lastRequest: null
2019-10-04 13:42:30,677 [grpc-default-executor-4] INFO  server.GrpcLogAppender (GrpcLogAppender.java:onCompleted(293)) - 86f11ef4-6d23-4d92-bd7b-cd567d3784dc@group-EC3E54D407A5->13f6ead9-4ac1-4df1-b42d-10c41cf9ca8c-AppendLogResponseHandler: follower responses appendEntries COMPLETED
2019-10-04 13:42:30,680 [grpc-default-executor-3] INFO  server.GrpcLogAppender (GrpcLogAppender.java:onCompleted(293)) - 86f11ef4-6d23-4d92-bd7b-cd567d3784dc@group-EC3E54D407A5->af890f87-52e7-41cb-b63e-aaf68e46f0ad-AppendLogResponseHandler: follower responses appendEntries COMPLETED
2019-10-04 13:42:30,684 [grpc-default-executor-4] INFO  impl.FollowerInfo (FollowerInfo.java:lambda$new$0(51)) - 86f11ef4-6d23-4d92-bd7b-cd567d3784dc@group-EC3E54D407A5->13f6ead9-4ac1-4df1-b42d-10c41cf9ca8c: nextIndex: updateUnconditionally 0 -> 0
2019-10-04 13:42:30,684 [grpc-default-executor-3] INFO  impl.FollowerInfo (FollowerInfo.java:lambda$new$0(51)) - 86f11ef4-6d23-4d92-bd7b-cd567d3784dc@group-EC3E54D407A5->af890f87-52e7-41cb-b63e-aaf68e46f0ad: nextIndex: updateUnconditionally 0 -> 0
2019-10-04 13:42:30,688 [grpc-default-executor-5] INFO  impl.RaftServerImpl (ServerState.java:setLeader(255)) - fdc20ae7-b158-4e71-b2f1-cbf087e593c0@group-04B2C4210126: change Leader from null to e165e23a-d6e6-47fc-a886-184bdf342c66 at term 1 for appendEntries, leader elected after 5273ms
2019-10-04 13:42:30,688 [grpc-default-executor-2] INFO  impl.RaftServerImpl (ServerState.java:setLeader(255)) - 6f372b74-5ac6-448f-870e-757968cf5a94@group-04B2C4210126: change Leader from null to e165e23a-d6e6-47fc-a886-184bdf342c66 at term 1 for appendEntries, leader elected after 5273ms
2019-10-04 13:42:30,719 [grpc-default-executor-5] INFO  impl.RaftServerImpl (ServerState.java:setRaftConf(356)) - 6f372b74-5ac6-448f-870e-757968cf5a94@group-04B2C4210126: set configuration 0: [e165e23a-d6e6-47fc-a886-184bdf342c66:192.168.30.33:37198, 6f372b74-5ac6-448f-870e-757968cf5a94:192.168.30.33:37996, fdc20ae7-b158-4e71-b2f1-cbf087e593c0:192.168.30.33:36105], old=null at 0
2019-10-04 13:42:30,719 [grpc-default-executor-2] INFO  impl.RaftServerImpl (ServerState.java:setRaftConf(356)) - fdc20ae7-b158-4e71-b2f1-cbf087e593c0@group-04B2C4210126: set configuration 0: [e165e23a-d6e6-47fc-a886-184bdf342c66:192.168.30.33:37198, 6f372b74-5ac6-448f-870e-757968cf5a94:192.168.30.33:37996, fdc20ae7-b158-4e71-b2f1-cbf087e593c0:192.168.30.33:36105], old=null at 0
2019-10-04 13:42:30,719 [grpc-default-executor-5] INFO  segmented.SegmentedRaftLogWorker (SegmentedRaftLogWorker.java:startLogSegment(385)) - 6f372b74-5ac6-448f-870e-757968cf5a94@group-04B2C4210126-SegmentedRaftLogWorker: Starting segment from index:0
2019-10-04 13:42:30,720 [grpc-default-executor-2] INFO  segmented.SegmentedRaftLogWorker (SegmentedRaftLogWorker.java:startLogSegment(385)) - fdc20ae7-b158-4e71-b2f1-cbf087e593c0@group-04B2C4210126-SegmentedRaftLogWorker: Starting segment from index:0
2019-10-04 13:42:30,760 [fdc20ae7-b158-4e71-b2f1-cbf087e593c0@group-04B2C4210126-SegmentedRaftLogWorker] INFO  segmented.SegmentedRaftLogWorker (SegmentedRaftLogWorker.java:execute(574)) - fdc20ae7-b158-4e71-b2f1-cbf087e593c0@group-04B2C4210126-SegmentedRaftLogWorker: created new log segment /workdir/hadoop-ozone/integration-test/target/test-dir/MiniOzoneClusterImpl-5c48747c-7a6e-4ba5-a504-6c7ef741f97d/datanode-0/data/ratis/28622c19-dc39-48bc-be1c-04b2c4210126/current/log_inprogress_0
2019-10-04 13:42:30,760 [6f372b74-5ac6-448f-870e-757968cf5a94@group-04B2C4210126-SegmentedRaftLogWorker] INFO  segmented.SegmentedRaftLogWorker (SegmentedRaftLogWorker.java:execute(574)) - 6f372b74-5ac6-448f-870e-757968cf5a94@group-04B2C4210126-SegmentedRaftLogWorker: created new log segment /workdir/hadoop-ozone/integration-test/target/test-dir/MiniOzoneClusterImpl-5c48747c-7a6e-4ba5-a504-6c7ef741f97d/datanode-2/data/ratis/28622c19-dc39-48bc-be1c-04b2c4210126/current/log_inprogress_0
2019-10-04 13:42:35,641 [Thread-328] INFO  impl.FollowerState (FollowerState.java:run(108)) - af890f87-52e7-41cb-b63e-aaf68e46f0ad@group-EC3E54D407A5-FollowerState: change to CANDIDATE, lastRpcTime:5058ms, electionTimeout:5056ms
2019-10-04 13:42:35,641 [Thread-328] INFO  impl.RoleInfo (RoleInfo.java:shutdownFollowerState(121)) - af890f87-52e7-41cb-b63e-aaf68e46f0ad: shutdown FollowerState
2019-10-04 13:42:35,642 [Thread-328] INFO  impl.RaftServerImpl (RaftServerImpl.java:setRole(170)) - af890f87-52e7-41cb-b63e-aaf68e46f0ad@group-EC3E54D407A5: changes role from  FOLLOWER to CANDIDATE at term 2 for changeToCandidate
2019-10-04 13:42:35,642 [Thread-328] INFO  impl.RoleInfo (RoleInfo.java:updateAndGet(143)) - af890f87-52e7-41cb-b63e-aaf68e46f0ad: start LeaderElection
2019-10-04 13:42:35,661 [af890f87-52e7-41cb-b63e-aaf68e46f0ad@group-EC3E54D407A5-LeaderElection13] INFO  impl.LeaderElection (LeaderElection.java:askForVotes(178)) - af890f87-52e7-41cb-b63e-aaf68e46f0ad@group-EC3E54D407A5-LeaderElection13: begin an election at term 3 for -1: [86f11ef4-6d23-4d92-bd7b-cd567d3784dc:192.168.30.33:37153, af890f87-52e7-41cb-b63e-aaf68e46f0ad:192.168.30.33:42938, 13f6ead9-4ac1-4df1-b42d-10c41cf9ca8c:192.168.30.33:37170], old=null
2019-10-04 13:42:35,671 [grpc-default-executor-5] INFO  impl.RaftServerImpl (RaftServerImpl.java:setRole(170)) - 86f11ef4-6d23-4d92-bd7b-cd567d3784dc@group-EC3E54D407A5: changes role from  FOLLOWER to FOLLOWER at term 3 for recognizeCandidate:af890f87-52e7-41cb-b63e-aaf68e46f0ad
2019-10-04 13:42:35,671 [grpc-default-executor-2] INFO  impl.RaftServerImpl (RaftServerImpl.java:setRole(170)) - 13f6ead9-4ac1-4df1-b42d-10c41cf9ca8c@group-EC3E54D407A5: changes role from  FOLLOWER to FOLLOWER at term 3 for recognizeCandidate:af890f87-52e7-41cb-b63e-aaf68e46f0ad
2019-10-04 13:42:35,671 [grpc-default-executor-5] INFO  impl.RoleInfo (RoleInfo.java:shutdownFollowerState(121)) - 86f11ef4-6d23-4d92-bd7b-cd567d3784dc: shutdown FollowerState
2019-10-04 13:42:35,672 [grpc-default-executor-2] INFO  impl.RoleInfo (RoleInfo.java:shutdownFollowerState(121)) - 13f6ead9-4ac1-4df1-b42d-10c41cf9ca8c: shutdown FollowerState
2019-10-04 13:42:35,672 [grpc-default-executor-5] INFO  impl.RoleInfo (RoleInfo.java:updateAndGet(143)) - 86f11ef4-6d23-4d92-bd7b-cd567d3784dc: start FollowerState
2019-10-04 13:42:35,672 [Thread-318] INFO  impl.FollowerState (FollowerState.java:run(117)) - 13f6ead9-4ac1-4df1-b42d-10c41cf9ca8c@group-EC3E54D407A5-FollowerState was interrupted: java.lang.InterruptedException: sleep interrupted
2019-10-04 13:42:35,672 [grpc-default-executor-2] INFO  impl.RoleInfo (RoleInfo.java:updateAndGet(143)) - 13f6ead9-4ac1-4df1-b42d-10c41cf9ca8c: start FollowerState
2019-10-04 13:42:35,672 [Thread-333] INFO  impl.FollowerState (FollowerState.java:run(117)) - 86f11ef4-6d23-4d92-bd7b-cd567d3784dc@group-EC3E54D407A5-FollowerState was interrupted: java.lang.InterruptedException: sleep interrupted
2019-10-04 13:42:35,692 [af890f87-52e7-41cb-b63e-aaf68e46f0ad@group-EC3E54D407A5-LeaderElection13] INFO  impl.LeaderElection (LeaderElection.java:logAndReturn(56)) - af890f87-52e7-41cb-b63e-aaf68e46f0ad@group-EC3E54D407A5-LeaderElection13: Election PASSED; received 1 response(s) [af890f87-52e7-41cb-b63e-aaf68e46f0ad<-13f6ead9-4ac1-4df1-b42d-10c41cf9ca8c#0:OK-t3] and 0 exception(s); af890f87-52e7-41cb-b63e-aaf68e46f0ad@group-EC3E54D407A5:t3, leader=null, voted=af890f87-52e7-41cb-b63e-aaf68e46f0ad, raftlog=af890f87-52e7-41cb-b63e-aaf68e46f0ad@group-EC3E54D407A5-SegmentedRaftLog:OPENED:c-1,f-1,i0, conf=-1: [86f11ef4-6d23-4d92-bd7b-cd567d3784dc:192.168.30.33:37153, af890f87-52e7-41cb-b63e-aaf68e46f0ad:192.168.30.33:42938, 13f6ead9-4ac1-4df1-b42d-10c41cf9ca8c:192.168.30.33:37170], old=null
2019-10-04 13:42:35,693 [af890f87-52e7-41cb-b63e-aaf68e46f0ad@group-EC3E54D407A5-LeaderElection13] INFO  impl.RoleInfo (RoleInfo.java:shutdownLeaderElection(134)) - af890f87-52e7-41cb-b63e-aaf68e46f0ad: shutdown LeaderElection
2019-10-04 13:42:35,695 [af890f87-52e7-41cb-b63e-aaf68e46f0ad@group-EC3E54D407A5-LeaderElection13] INFO  impl.RaftServerImpl (RaftServerImpl.java:setRole(170)) - af890f87-52e7-41cb-b63e-aaf68e46f0ad@group-EC3E54D407A5: changes role from CANDIDATE to LEADER at term 3 for changeToLeader
2019-10-04 13:42:35,695 [af890f87-52e7-41cb-b63e-aaf68e46f0ad@group-EC3E54D407A5-LeaderElection13] INFO  impl.RaftServerImpl (ServerState.java:setLeader(255)) - af890f87-52e7-41cb-b63e-aaf68e46f0ad@group-EC3E54D407A5: change Leader from null to af890f87-52e7-41cb-b63e-aaf68e46f0ad at term 3 for becomeLeader, leader elected after 10404ms
2019-10-04 13:42:35,695 [af890f87-52e7-41cb-b63e-aaf68e46f0ad@group-EC3E54D407A5-LeaderElection13] INFO  server.RaftServerConfigKeys (ConfUtils.java:logGet(43)) - raft.server.staging.catchup.gap = 1000 (default)
2019-10-04 13:42:35,695 [af890f87-52e7-41cb-b63e-aaf68e46f0ad@group-EC3E54D407A5-LeaderElection13] INFO  server.RaftServerConfigKeys (ConfUtils.java:logGet(43)) - raft.server.rpc.sleep.time = 25ms (default)
2019-10-04 13:42:35,696 [af890f87-52e7-41cb-b63e-aaf68e46f0ad@group-EC3E54D407A5-LeaderElection13] INFO  server.RaftServerConfigKeys (ConfUtils.java:logGet(43)) - raft.server.write.element-limit = 4096 (default)
2019-10-04 13:42:35,696 [af890f87-52e7-41cb-b63e-aaf68e46f0ad@group-EC3E54D407A5-LeaderElection13] INFO  server.RaftServerConfigKeys (ConfUtils.java:logGet(43)) - raft.server.watch.timeout = 10s (default)
2019-10-04 13:42:35,696 [af890f87-52e7-41cb-b63e-aaf68e46f0ad@group-EC3E54D407A5-LeaderElection13] INFO  server.RaftServerConfigKeys (ConfUtils.java:logGet(43)) - raft.server.watch.timeout.denomination = 1s (default)
2019-10-04 13:42:35,696 [af890f87-52e7-41cb-b63e-aaf68e46f0ad@group-EC3E54D407A5-LeaderElection13] INFO  server.RaftServerConfigKeys (ConfUtils.java:logGet(43)) - raft.server.watch.element-limit = 65536 (default)
2019-10-04 13:42:35,699 [af890f87-52e7-41cb-b63e-aaf68e46f0ad@group-EC3E54D407A5-LeaderElection13] INFO  server.RaftServerConfigKeys (ConfUtils.java:logGet(43)) - raft.server.log.appender.snapshot.chunk.size.max = 16MB (=16777216) (default)
2019-10-04 13:42:35,699 [af890f87-52e7-41cb-b63e-aaf68e46f0ad@group-EC3E54D407A5-LeaderElection13] INFO  server.RaftServerConfigKeys (ConfUtils.java:logGet(43)) - raft.server.log.appender.buffer.byte-limit = 33554432 (custom)
2019-10-04 13:42:35,699 [af890f87-52e7-41cb-b63e-aaf68e46f0ad@group-EC3E54D407A5-LeaderElection13] INFO  server.RaftServerConfigKeys (ConfUtils.java:logGet(43)) - raft.server.log.appender.buffer.element-limit = 1 (custom)
2019-10-04 13:42:35,699 [af890f87-52e7-41cb-b63e-aaf68e46f0ad@group-EC3E54D407A5-LeaderElection13] INFO  grpc.GrpcConfigKeys$Server (ConfUtils.java:logGet(43)) - raft.grpc.server.leader.outstanding.appends.max = 128 (default)
2019-10-04 13:42:35,700 [af890f87-52e7-41cb-b63e-aaf68e46f0ad@group-EC3E54D407A5-LeaderElection13] INFO  server.RaftServerConfigKeys (ConfUtils.java:logGet(43)) - raft.server.rpc.request.timeout = 3000ms (default)
2019-10-04 13:42:35,700 [af890f87-52e7-41cb-b63e-aaf68e46f0ad@group-EC3E54D407A5-LeaderElection13] INFO  server.RaftServerConfigKeys (ConfUtils.java:logGet(43)) - raft.server.log.appender.install.snapshot.enabled = false (custom)
2019-10-04 13:42:35,700 [af890f87-52e7-41cb-b63e-aaf68e46f0ad@group-EC3E54D407A5-LeaderElection13] INFO  server.RaftServerConfigKeys (ConfUtils.java:logGet(43)) - raft.server.log.appender.snapshot.chunk.size.max = 16MB (=16777216) (default)
2019-10-04 13:42:35,700 [af890f87-52e7-41cb-b63e-aaf68e46f0ad@group-EC3E54D407A5-LeaderElection13] INFO  server.RaftServerConfigKeys (ConfUtils.java:logGet(43)) - raft.server.log.appender.buffer.byte-limit = 33554432 (custom)
2019-10-04 13:42:35,700 [af890f87-52e7-41cb-b63e-aaf68e46f0ad@group-EC3E54D407A5-LeaderElection13] INFO  server.RaftServerConfigKeys (ConfUtils.java:logGet(43)) - raft.server.log.appender.buffer.element-limit = 1 (custom)
2019-10-04 13:42:35,700 [af890f87-52e7-41cb-b63e-aaf68e46f0ad@group-EC3E54D407A5-LeaderElection13] INFO  grpc.GrpcConfigKeys$Server (ConfUtils.java:logGet(43)) - raft.grpc.server.leader.outstanding.appends.max = 128 (default)
2019-10-04 13:42:35,700 [af890f87-52e7-41cb-b63e-aaf68e46f0ad@group-EC3E54D407A5-LeaderElection13] INFO  server.RaftServerConfigKeys (ConfUtils.java:logGet(43)) - raft.server.rpc.request.timeout = 3000ms (default)
2019-10-04 13:42:35,701 [af890f87-52e7-41cb-b63e-aaf68e46f0ad@group-EC3E54D407A5-LeaderElection13] INFO  server.RaftServerConfigKeys (ConfUtils.java:logGet(43)) - raft.server.log.appender.install.snapshot.enabled = false (custom)
2019-10-04 13:42:35,701 [af890f87-52e7-41cb-b63e-aaf68e46f0ad@group-EC3E54D407A5-LeaderElection13] INFO  impl.RoleInfo (RoleInfo.java:updateAndGet(143)) - af890f87-52e7-41cb-b63e-aaf68e46f0ad: start LeaderState
2019-10-04 13:42:35,701 [af890f87-52e7-41cb-b63e-aaf68e46f0ad@group-EC3E54D407A5-LeaderElection13] INFO  segmented.SegmentedRaftLogWorker (SegmentedRaftLogWorker.java:startLogSegment(385)) - af890f87-52e7-41cb-b63e-aaf68e46f0ad@group-EC3E54D407A5-SegmentedRaftLogWorker: Starting segment from index:0
2019-10-04 13:42:35,702 [af890f87-52e7-41cb-b63e-aaf68e46f0ad@group-EC3E54D407A5-LeaderElection13] INFO  impl.RaftServerImpl (ServerState.java:setRaftConf(356)) - af890f87-52e7-41cb-b63e-aaf68e46f0ad@group-EC3E54D407A5: set configuration 0: [86f11ef4-6d23-4d92-bd7b-cd567d3784dc:192.168.30.33:37153, af890f87-52e7-41cb-b63e-aaf68e46f0ad:192.168.30.33:42938, 13f6ead9-4ac1-4df1-b42d-10c41cf9ca8c:192.168.30.33:37170], old=null at 0
2019-10-04 13:42:35,744 [grpc-default-executor-5] INFO  impl.RaftServerImpl (ServerState.java:setLeader(255)) - 86f11ef4-6d23-4d92-bd7b-cd567d3784dc@group-EC3E54D407A5: change Leader from null to af890f87-52e7-41cb-b63e-aaf68e46f0ad at term 3 for appendEntries, leader elected after 5151ms
2019-10-04 13:42:35,748 [grpc-default-executor-2] INFO  impl.RaftServerImpl (ServerState.java:setLeader(255)) - 13f6ead9-4ac1-4df1-b42d-10c41cf9ca8c@group-EC3E54D407A5: change Leader from null to af890f87-52e7-41cb-b63e-aaf68e46f0ad at term 3 for appendEntries, leader elected after 10457ms
2019-10-04 13:42:35,753 [grpc-default-executor-2] INFO  impl.RaftServerImpl (ServerState.java:setRaftConf(356)) - 13f6ead9-4ac1-4df1-b42d-10c41cf9ca8c@group-EC3E54D407A5: set configuration 0: [86f11ef4-6d23-4d92-bd7b-cd567d3784dc:192.168.30.33:37153, af890f87-52e7-41cb-b63e-aaf68e46f0ad:192.168.30.33:42938, 13f6ead9-4ac1-4df1-b42d-10c41cf9ca8c:192.168.30.33:37170], old=null at 0
2019-10-04 13:42:35,753 [grpc-default-executor-5] INFO  impl.RaftServerImpl (ServerState.java:setRaftConf(356)) - 86f11ef4-6d23-4d92-bd7b-cd567d3784dc@group-EC3E54D407A5: set configuration 0: [86f11ef4-6d23-4d92-bd7b-cd567d3784dc:192.168.30.33:37153, af890f87-52e7-41cb-b63e-aaf68e46f0ad:192.168.30.33:42938, 13f6ead9-4ac1-4df1-b42d-10c41cf9ca8c:192.168.30.33:37170], old=null at 0
2019-10-04 13:42:35,754 [af890f87-52e7-41cb-b63e-aaf68e46f0ad@group-EC3E54D407A5-SegmentedRaftLogWorker] INFO  segmented.SegmentedRaftLogWorker (SegmentedRaftLogWorker.java:execute(574)) - af890f87-52e7-41cb-b63e-aaf68e46f0ad@group-EC3E54D407A5-SegmentedRaftLogWorker: created new log segment /workdir/hadoop-ozone/integration-test/target/test-dir/MiniOzoneClusterImpl-5c48747c-7a6e-4ba5-a504-6c7ef741f97d/datanode-5/data/ratis/295dc03d-40c5-4dd3-9ffc-ec3e54d407a5/current/log_inprogress_0
2019-10-04 13:42:35,754 [grpc-default-executor-2] INFO  segmented.SegmentedRaftLogWorker (SegmentedRaftLogWorker.java:startLogSegment(385)) - 13f6ead9-4ac1-4df1-b42d-10c41cf9ca8c@group-EC3E54D407A5-SegmentedRaftLogWorker: Starting segment from index:0
2019-10-04 13:42:35,757 [grpc-default-executor-5] INFO  segmented.SegmentedRaftLogWorker (SegmentedRaftLogWorker.java:truncate(401)) - 86f11ef4-6d23-4d92-bd7b-cd567d3784dc@group-EC3E54D407A5-SegmentedRaftLogWorker: Truncating segments toTruncate: null
  toDelete: [(0, 0) isOpen? true, length=0, newEndIndex=-1], start index 0
2019-10-04 13:42:35,758 [grpc-default-executor-5] INFO  segmented.SegmentedRaftLogWorker (SegmentedRaftLogWorker.java:startLogSegment(385)) - 86f11ef4-6d23-4d92-bd7b-cd567d3784dc@group-EC3E54D407A5-SegmentedRaftLogWorker: Starting segment from index:0
2019-10-04 13:42:35,760 [86f11ef4-6d23-4d92-bd7b-cd567d3784dc@group-EC3E54D407A5-SegmentedRaftLogWorker] INFO  segmented.SegmentedRaftLogWorker (SegmentedRaftLogWorker.java:execute(638)) - 86f11ef4-6d23-4d92-bd7b-cd567d3784dc@group-EC3E54D407A5-SegmentedRaftLogWorker: Deleted log file /workdir/hadoop-ozone/integration-test/target/test-dir/MiniOzoneClusterImpl-5c48747c-7a6e-4ba5-a504-6c7ef741f97d/datanode-1/data/ratis/295dc03d-40c5-4dd3-9ffc-ec3e54d407a5/current/log_inprogress_0
2019-10-04 13:42:35,760 [86f11ef4-6d23-4d92-bd7b-cd567d3784dc@group-EC3E54D407A5-SegmentedRaftLogWorker] INFO  segmented.SegmentedRaftLogWorker (SegmentedRaftLogWorker.java:lambda$new$0(128)) - 86f11ef4-6d23-4d92-bd7b-cd567d3784dc@group-EC3E54D407A5-SegmentedRaftLogWorker: flushIndex: setUnconditionally 0 -> -1
2019-10-04 13:42:35,799 [13f6ead9-4ac1-4df1-b42d-10c41cf9ca8c@group-EC3E54D407A5-SegmentedRaftLogWorker] INFO  segmented.SegmentedRaftLogWorker (SegmentedRaftLogWorker.java:execute(574)) - 13f6ead9-4ac1-4df1-b42d-10c41cf9ca8c@group-EC3E54D407A5-SegmentedRaftLogWorker: created new log segment /workdir/hadoop-ozone/integration-test/target/test-dir/MiniOzoneClusterImpl-5c48747c-7a6e-4ba5-a504-6c7ef741f97d/datanode-4/data/ratis/295dc03d-40c5-4dd3-9ffc-ec3e54d407a5/current/log_inprogress_0
2019-10-04 13:42:35,799 [86f11ef4-6d23-4d92-bd7b-cd567d3784dc@group-EC3E54D407A5-SegmentedRaftLogWorker] INFO  segmented.SegmentedRaftLogWorker (SegmentedRaftLogWorker.java:execute(574)) - 86f11ef4-6d23-4d92-bd7b-cd567d3784dc@group-EC3E54D407A5-SegmentedRaftLogWorker: created new log segment /workdir/hadoop-ozone/integration-test/target/test-dir/MiniOzoneClusterImpl-5c48747c-7a6e-4ba5-a504-6c7ef741f97d/datanode-1/data/ratis/295dc03d-40c5-4dd3-9ffc-ec3e54d407a5/current/log_inprogress_0
2019-10-04 13:42:37,038 [Datanode State Machine Thread - 0] INFO  statemachine.DatanodeStateMachine (DatanodeStateMachine.java:lambda$startDaemon$0(350)) - Ozone container server started.
2019-10-04 13:42:41,096 [main] INFO  ozoneimpl.OzoneContainer (OzoneContainer.java:stop(231)) - Attempting to stop container services.
2019-10-04 13:42:41,097 [main] INFO  impl.RaftServerProxy (RaftServerProxy.java:lambda$close$4(314)) - af890f87-52e7-41cb-b63e-aaf68e46f0ad: close
2019-10-04 13:42:41,101 [main] INFO  impl.RaftServerImpl (RaftServerImpl.java:lambda$shutdown$3(247)) - af890f87-52e7-41cb-b63e-aaf68e46f0ad@group-EC3E54D407A5: shutdown
2019-10-04 13:42:41,101 [ForkJoinPool.commonPool-worker-0] INFO  impl.RaftServerImpl (RaftServerImpl.java:lambda$shutdown$3(247)) - af890f87-52e7-41cb-b63e-aaf68e46f0ad@group-7C6272E86C21: shutdown
2019-10-04 13:42:41,101 [main] INFO  util.JmxRegister (JmxRegister.java:unregister(73)) - Successfully un-registered JMX Bean with object name Ratis:service=RaftServer,group=group-EC3E54D407A5,id=af890f87-52e7-41cb-b63e-aaf68e46f0ad
2019-10-04 13:42:41,101 [ForkJoinPool.commonPool-worker-0] INFO  util.JmxRegister (JmxRegister.java:unregister(73)) - Successfully un-registered JMX Bean with object name Ratis:service=RaftServer,group=group-7C6272E86C21,id=af890f87-52e7-41cb-b63e-aaf68e46f0ad
2019-10-04 13:42:41,102 [main] INFO  impl.RoleInfo (RoleInfo.java:shutdownLeaderState(104)) - af890f87-52e7-41cb-b63e-aaf68e46f0ad: shutdown LeaderState
2019-10-04 13:42:41,102 [ForkJoinPool.commonPool-worker-0] INFO  impl.RoleInfo (RoleInfo.java:shutdownLeaderState(104)) - af890f87-52e7-41cb-b63e-aaf68e46f0ad: shutdown LeaderState
2019-10-04 13:42:41,105 [main] INFO  impl.PendingRequests (PendingRequests.java:sendNotLeaderResponses(202)) - af890f87-52e7-41cb-b63e-aaf68e46f0ad@group-EC3E54D407A5-PendingRequests: sendNotLeaderResponses
2019-10-04 13:42:41,105 [org.apache.ratis.server.impl.LogAppender$AppenderDaemon$$Lambda$485/268039125@5cd1aba1] WARN  server.GrpcLogAppender (GrpcLogAppender.java:mayWait(143)) - af890f87-52e7-41cb-b63e-aaf68e46f0ad@group-EC3E54D407A5->86f11ef4-6d23-4d92-bd7b-cd567d3784dc-GrpcLogAppender: Wait interrupted by java.lang.InterruptedException
2019-10-04 13:42:41,105 [ForkJoinPool.commonPool-worker-0] INFO  impl.PendingRequests (PendingRequests.java:sendNotLeaderResponses(202)) - af890f87-52e7-41cb-b63e-aaf68e46f0ad@group-7C6272E86C21-PendingRequests: sendNotLeaderResponses
2019-10-04 13:42:41,105 [org.apache.ratis.server.impl.LogAppender$AppenderDaemon$$Lambda$485/268039125@155f5291] WARN  server.GrpcLogAppender (GrpcLogAppender.java:mayWait(143)) - af890f87-52e7-41cb-b63e-aaf68e46f0ad@group-EC3E54D407A5->13f6ead9-4ac1-4df1-b42d-10c41cf9ca8c-GrpcLogAppender: Wait interrupted by java.lang.InterruptedException
2019-10-04 13:42:41,132 [main] INFO  impl.StateMachineUpdater (StateMachineUpdater.java:stopAndJoin(136)) - af890f87-52e7-41cb-b63e-aaf68e46f0ad@group-EC3E54D407A5-StateMachineUpdater: set stopIndex = 2
2019-10-04 13:42:41,132 [ForkJoinPool.commonPool-worker-0] INFO  impl.StateMachineUpdater (StateMachineUpdater.java:stopAndJoin(136)) - af890f87-52e7-41cb-b63e-aaf68e46f0ad@group-7C6272E86C21-StateMachineUpdater: set stopIndex = 0
2019-10-04 13:42:41,136 [af890f87-52e7-41cb-b63e-aaf68e46f0ad@group-EC3E54D407A5-StateMachineUpdater] INFO  ratis.ContainerStateMachine (ContainerStateMachine.java:takeSnapshot(293)) - group-EC3E54D407A5: Taking a snapshot at:(t:3, i:2) file /workdir/hadoop-ozone/integration-test/target/test-dir/MiniOzoneClusterImpl-5c48747c-7a6e-4ba5-a504-6c7ef741f97d/datanode-5/data/ratis/295dc03d-40c5-4dd3-9ffc-ec3e54d407a5/sm/snapshot.3_2
2019-10-04 13:42:41,137 [ForkJoinPool.commonPool-worker-0] INFO  impl.RaftServerImpl (ServerState.java:close(387)) - af890f87-52e7-41cb-b63e-aaf68e46f0ad@group-7C6272E86C21: closes. applyIndex: 0
2019-10-04 13:42:41,137 [grpc-default-executor-5] INFO  server.GrpcServerProtocolService (GrpcServerProtocolService.java:onCompleted(113)) - 86f11ef4-6d23-4d92-bd7b-cd567d3784dc: Completed APPEND_ENTRIES, lastRequest: af890f87-52e7-41cb-b63e-aaf68e46f0ad->86f11ef4-6d23-4d92-bd7b-cd567d3784dc#5-t3, previous=(t:3, i:2), leaderCommit=2, initializing? false, entries: <empty>
2019-10-04 13:42:41,142 [grpc-default-executor-2] INFO  server.GrpcServerProtocolService (GrpcServerProtocolService.java:onCompleted(113)) - 13f6ead9-4ac1-4df1-b42d-10c41cf9ca8c: Completed APPEND_ENTRIES, lastRequest: af890f87-52e7-41cb-b63e-aaf68e46f0ad->13f6ead9-4ac1-4df1-b42d-10c41cf9ca8c#5-t3, previous=(t:3, i:2), leaderCommit=2, initializing? false, entries: <empty>
2019-10-04 13:42:41,142 [grpc-default-executor-2] INFO  server.GrpcLogAppender (GrpcLogAppender.java:onCompleted(293)) - af890f87-52e7-41cb-b63e-aaf68e46f0ad@group-EC3E54D407A5->13f6ead9-4ac1-4df1-b42d-10c41cf9ca8c-AppendLogResponseHandler: follower responses appendEntries COMPLETED
2019-10-04 13:42:41,143 [af890f87-52e7-41cb-b63e-aaf68e46f0ad@group-7C6272E86C21-SegmentedRaftLogWorker] INFO  segmented.SegmentedRaftLogWorker (SegmentedRaftLogWorker.java:run(316)) - af890f87-52e7-41cb-b63e-aaf68e46f0ad@group-7C6272E86C21-SegmentedRaftLogWorker was interrupted, exiting. There are 0 tasks remaining in the queue.
2019-10-04 13:42:41,154 [ForkJoinPool.commonPool-worker-0] INFO  segmented.SegmentedRaftLogWorker (SegmentedRaftLogWorker.java:close(224)) - af890f87-52e7-41cb-b63e-aaf68e46f0ad@group-7C6272E86C21-SegmentedRaftLogWorker close()
2019-10-04 13:42:41,157 [grpc-default-executor-3] INFO  server.GrpcLogAppender (GrpcLogAppender.java:onCompleted(293)) - af890f87-52e7-41cb-b63e-aaf68e46f0ad@group-EC3E54D407A5->86f11ef4-6d23-4d92-bd7b-cd567d3784dc-AppendLogResponseHandler: follower responses appendEntries COMPLETED
2019-10-04 13:42:41,161 [grpc-default-executor-2] INFO  impl.FollowerInfo (FollowerInfo.java:lambda$new$0(51)) - af890f87-52e7-41cb-b63e-aaf68e46f0ad@group-EC3E54D407A5->13f6ead9-4ac1-4df1-b42d-10c41cf9ca8c: nextIndex: updateUnconditionally 3 -> 2
2019-10-04 13:42:41,164 [grpc-default-executor-3] INFO  impl.FollowerInfo (FollowerInfo.java:lambda$new$0(51)) - af890f87-52e7-41cb-b63e-aaf68e46f0ad@group-EC3E54D407A5->86f11ef4-6d23-4d92-bd7b-cd567d3784dc: nextIndex: updateUnconditionally 3 -> 2
2019-10-04 13:42:41,280 [af890f87-52e7-41cb-b63e-aaf68e46f0ad@group-EC3E54D407A5-StateMachineUpdater] INFO  ratis.ContainerStateMachine (ContainerStateMachine.java:takeSnapshot(304)) - group-EC3E54D407A5: Finished taking a snapshot at:(t:3, i:2) file:/workdir/hadoop-ozone/integration-test/target/test-dir/MiniOzoneClusterImpl-5c48747c-7a6e-4ba5-a504-6c7ef741f97d/datanode-5/data/ratis/295dc03d-40c5-4dd3-9ffc-ec3e54d407a5/sm/snapshot.3_2 time:146
2019-10-04 13:42:41,282 [af890f87-52e7-41cb-b63e-aaf68e46f0ad@group-EC3E54D407A5-StateMachineUpdater] INFO  impl.StateMachineUpdater (StateMachineUpdater.java:takeSnapshot(269)) - af890f87-52e7-41cb-b63e-aaf68e46f0ad@group-EC3E54D407A5-StateMachineUpdater: Took a snapshot at index 2
2019-10-04 13:42:41,283 [af890f87-52e7-41cb-b63e-aaf68e46f0ad@group-EC3E54D407A5-StateMachineUpdater] INFO  impl.StateMachineUpdater (StateMachineUpdater.java:lambda$new$0(84)) - af890f87-52e7-41cb-b63e-aaf68e46f0ad@group-EC3E54D407A5-StateMachineUpdater: snapshotIndex: updateIncreasingly -1 -> 2
2019-10-04 13:42:41,293 [main] INFO  impl.RaftServerImpl (ServerState.java:close(387)) - af890f87-52e7-41cb-b63e-aaf68e46f0ad@group-EC3E54D407A5: closes. applyIndex: 2
2019-10-04 13:42:41,293 [af890f87-52e7-41cb-b63e-aaf68e46f0ad@group-EC3E54D407A5-SegmentedRaftLogWorker] INFO  segmented.SegmentedRaftLogWorker (SegmentedRaftLogWorker.java:run(316)) - af890f87-52e7-41cb-b63e-aaf68e46f0ad@group-EC3E54D407A5-SegmentedRaftLogWorker was interrupted, exiting. There are 0 tasks remaining in the queue.
2019-10-04 13:42:41,296 [main] INFO  segmented.SegmentedRaftLogWorker (SegmentedRaftLogWorker.java:close(224)) - af890f87-52e7-41cb-b63e-aaf68e46f0ad@group-EC3E54D407A5-SegmentedRaftLogWorker close()
2019-10-04 13:42:41,301 [main] INFO  server.GrpcService (GrpcService.java:closeImpl(164)) - af890f87-52e7-41cb-b63e-aaf68e46f0ad: shutdown server with port 42938 now
2019-10-04 13:42:41,304 [main] INFO  server.GrpcService (GrpcService.java:closeImpl(172)) - af890f87-52e7-41cb-b63e-aaf68e46f0ad: shutdown server with port 42938 successfully
2019-10-04 13:42:41,318 [refreshUsed-/workdir/hadoop-ozone/integration-test/target/test-dir/MiniOzoneClusterImpl-5c48747c-7a6e-4ba5-a504-6c7ef741f97d/datanode-5/data/containers] WARN  fs.CachingGetSpaceUsed (CachingGetSpaceUsed.java:run(183)) - Thread Interrupted waiting to refresh disk information: sleep interrupted
2019-10-04 13:42:41,333 [main] INFO  utils.BackgroundService (BackgroundService.java:shutdown(148)) - Shutting down service BlockDeletingService
2019-10-04 13:42:41,339 [main] INFO  statemachine.DatanodeStateMachine (DatanodeStateMachine.java:stopDaemon(395)) - Ozone container server stopped.
2019-10-04 13:42:41,345 [main] INFO  handler.ContextHandler (ContextHandler.java:doStop(910)) - Stopped o.e.j.w.WebAppContext@363c4251{/,null,UNAVAILABLE}{/hddsDatanode}
2019-10-04 13:42:41,349 [main] INFO  server.AbstractConnector (AbstractConnector.java:doStop(318)) - Stopped ServerConnector@7afc4db9{HTTP/1.1,[http/1.1]}{0.0.0.0:0}
2019-10-04 13:42:41,350 [main] INFO  handler.ContextHandler (ContextHandler.java:doStop(910)) - Stopped o.e.j.s.ServletContextHandler@52f57666{/static,jar:file:/home/user/.m2/repository/org/apache/hadoop/hadoop-hdds-container-service/0.5.0-SNAPSHOT/hadoop-hdds-container-service-0.5.0-SNAPSHOT.jar!/webapps/static,UNAVAILABLE}
2019-10-04 13:42:41,350 [main] INFO  handler.ContextHandler (ContextHandler.java:doStop(910)) - Stopped o.e.j.s.ServletContextHandler@b887730{/logs,file:///workdir/hadoop-ozone/integration-test/target/log,UNAVAILABLE}
2019-10-04 13:42:50,910 [Thread-354] INFO  impl.FollowerState (FollowerState.java:run(108)) - 86f11ef4-6d23-4d92-bd7b-cd567d3784dc@group-EC3E54D407A5-FollowerState: change to CANDIDATE, lastRpcTime:10008ms, electionTimeout:5055ms
2019-10-04 13:42:50,911 [Thread-354] INFO  impl.RoleInfo (RoleInfo.java:shutdownFollowerState(121)) - 86f11ef4-6d23-4d92-bd7b-cd567d3784dc: shutdown FollowerState
2019-10-04 13:42:50,911 [Thread-354] INFO  impl.RaftServerImpl (RaftServerImpl.java:setRole(170)) - 86f11ef4-6d23-4d92-bd7b-cd567d3784dc@group-EC3E54D407A5: changes role from  FOLLOWER to CANDIDATE at term 3 for changeToCandidate
2019-10-04 13:42:50,911 [Thread-354] INFO  impl.RoleInfo (RoleInfo.java:updateAndGet(143)) - 86f11ef4-6d23-4d92-bd7b-cd567d3784dc: start LeaderElection
2019-10-04 13:42:50,914 [86f11ef4-6d23-4d92-bd7b-cd567d3784dc@group-EC3E54D407A5-LeaderElection14] INFO  impl.RaftServerImpl (ServerState.java:setLeader(255)) - 86f11ef4-6d23-4d92-bd7b-cd567d3784dc@group-EC3E54D407A5: change Leader from af890f87-52e7-41cb-b63e-aaf68e46f0ad to null at term 3 for initElection
2019-10-04 13:42:50,927 [86f11ef4-6d23-4d92-bd7b-cd567d3784dc@group-EC3E54D407A5-LeaderElection14] INFO  impl.LeaderElection (LeaderElection.java:askForVotes(178)) - 86f11ef4-6d23-4d92-bd7b-cd567d3784dc@group-EC3E54D407A5-LeaderElection14: begin an election at term 4 for 0: [86f11ef4-6d23-4d92-bd7b-cd567d3784dc:192.168.30.33:37153, af890f87-52e7-41cb-b63e-aaf68e46f0ad:192.168.30.33:42938, 13f6ead9-4ac1-4df1-b42d-10c41cf9ca8c:192.168.30.33:37170], old=null
2019-10-04 13:42:50,932 [grpc-default-executor-3] INFO  impl.RaftServerImpl (ServerState.java:setLeader(255)) - 13f6ead9-4ac1-4df1-b42d-10c41cf9ca8c@group-EC3E54D407A5: change Leader from af890f87-52e7-41cb-b63e-aaf68e46f0ad to null at term 4 for updateCurrentTerm
2019-10-04 13:42:50,932 [grpc-default-executor-3] INFO  impl.RaftServerImpl (RaftServerImpl.java:setRole(170)) - 13f6ead9-4ac1-4df1-b42d-10c41cf9ca8c@group-EC3E54D407A5: changes role from  FOLLOWER to FOLLOWER at term 4 for recognizeCandidate:86f11ef4-6d23-4d92-bd7b-cd567d3784dc
2019-10-04 13:42:50,933 [grpc-default-executor-3] INFO  impl.RoleInfo (RoleInfo.java:shutdownFollowerState(121)) - 13f6ead9-4ac1-4df1-b42d-10c41cf9ca8c: shutdown FollowerState
2019-10-04 13:42:50,933 [grpc-default-executor-3] INFO  impl.RoleInfo (RoleInfo.java:updateAndGet(143)) - 13f6ead9-4ac1-4df1-b42d-10c41cf9ca8c: start FollowerState
2019-10-04 13:42:50,933 [Thread-355] INFO  impl.FollowerState (FollowerState.java:run(117)) - 13f6ead9-4ac1-4df1-b42d-10c41cf9ca8c@group-EC3E54D407A5-FollowerState was interrupted: java.lang.InterruptedException: sleep interrupted
2019-10-04 13:42:50,933 [86f11ef4-6d23-4d92-bd7b-cd567d3784dc@group-EC3E54D407A5-LeaderElection14] INFO  impl.LeaderElection (LogUtils.java:infoOrTrace(149)) - 86f11ef4-6d23-4d92-bd7b-cd567d3784dc@group-EC3E54D407A5-LeaderElection14 got exception when requesting votes: {}
java.util.concurrent.ExecutionException: org.apache.ratis.thirdparty.io.grpc.StatusRuntimeException: UNAVAILABLE: io exception
	at java.util.concurrent.FutureTask.report(FutureTask.java:122)
	at java.util.concurrent.FutureTask.get(FutureTask.java:192)
	at org.apache.ratis.server.impl.LeaderElection.waitForResults(LeaderElection.java:259)
	at org.apache.ratis.server.impl.LeaderElection.askForVotes(LeaderElection.java:197)
	at org.apache.ratis.server.impl.LeaderElection.run(LeaderElection.java:133)
	at java.lang.Thread.run(Thread.java:748)
Caused by: org.apache.ratis.thirdparty.io.grpc.StatusRuntimeException: UNAVAILABLE: io exception
	at org.apache.ratis.thirdparty.io.grpc.stub.ClientCalls.toStatusRuntimeException(ClientCalls.java:233)
	at org.apache.ratis.thirdparty.io.grpc.stub.ClientCalls.getUnchecked(ClientCalls.java:214)
	at org.apache.ratis.thirdparty.io.grpc.stub.ClientCalls.blockingUnaryCall(ClientCalls.java:139)
	at org.apache.ratis.proto.grpc.RaftServerProtocolServiceGrpc$RaftServerProtocolServiceBlockingStub.requestVote(RaftServerProtocolServiceGrpc.java:265)
	at org.apache.ratis.grpc.server.GrpcServerProtocolClient.requestVote(GrpcServerProtocolClient.java:99)
	at org.apache.ratis.grpc.server.GrpcService.requestVote(GrpcService.java:204)
	at org.apache.ratis.server.impl.LeaderElection.lambda$submitRequests$1(LeaderElection.java:234)
	at java.util.concurrent.FutureTask.run(FutureTask.java:266)
	at java.util.concurrent.Executors$RunnableAdapter.call(Executors.java:511)
	at java.util.concurrent.FutureTask.run(FutureTask.java:266)
	at java.util.concurrent.ThreadPoolExecutor.runWorker(ThreadPoolExecutor.java:1149)
	at java.util.concurrent.ThreadPoolExecutor$Worker.run(ThreadPoolExecutor.java:624)
	... 1 more
Caused by: org.apache.ratis.thirdparty.io.netty.channel.AbstractChannel$AnnotatedConnectException: Connection refused: /192.168.30.33:42938
	at sun.nio.ch.SocketChannelImpl.checkConnect(Native Method)
	at sun.nio.ch.SocketChannelImpl.finishConnect(SocketChannelImpl.java:717)
	at org.apache.ratis.thirdparty.io.netty.channel.socket.nio.NioSocketChannel.doFinishConnect(NioSocketChannel.java:327)
	at org.apache.ratis.thirdparty.io.netty.channel.nio.AbstractNioChannel$AbstractNioUnsafe.finishConnect(AbstractNioChannel.java:340)
	at org.apache.ratis.thirdparty.io.netty.channel.nio.NioEventLoop.processSelectedKey(NioEventLoop.java:632)
	at org.apache.ratis.thirdparty.io.netty.channel.nio.NioEventLoop.processSelectedKeysOptimized(NioEventLoop.java:579)
	at org.apache.ratis.thirdparty.io.netty.channel.nio.NioEventLoop.processSelectedKeys(NioEventLoop.java:496)
	at org.apache.ratis.thirdparty.io.netty.channel.nio.NioEventLoop.run(NioEventLoop.java:458)
	at org.apache.ratis.thirdparty.io.netty.util.concurrent.SingleThreadEventExecutor$5.run(SingleThreadEventExecutor.java:897)
	at org.apache.ratis.thirdparty.io.netty.util.concurrent.FastThreadLocalRunnable.run(FastThreadLocalRunnable.java:30)
	... 1 more
Caused by: java.net.ConnectException: Connection refused
	... 11 more
2019-10-04 13:42:50,953 [86f11ef4-6d23-4d92-bd7b-cd567d3784dc@group-EC3E54D407A5-LeaderElection14] INFO  impl.LeaderElection (LeaderElection.java:logAndReturn(56)) - 86f11ef4-6d23-4d92-bd7b-cd567d3784dc@group-EC3E54D407A5-LeaderElection14: Election PASSED; received 1 response(s) [86f11ef4-6d23-4d92-bd7b-cd567d3784dc<-13f6ead9-4ac1-4df1-b42d-10c41cf9ca8c#0:OK-t4] and 1 exception(s); 86f11ef4-6d23-4d92-bd7b-cd567d3784dc@group-EC3E54D407A5:t4, leader=null, voted=86f11ef4-6d23-4d92-bd7b-cd567d3784dc, raftlog=86f11ef4-6d23-4d92-bd7b-cd567d3784dc@group-EC3E54D407A5-SegmentedRaftLog:OPENED:c2,f2,i2, conf=0: [86f11ef4-6d23-4d92-bd7b-cd567d3784dc:192.168.30.33:37153, af890f87-52e7-41cb-b63e-aaf68e46f0ad:192.168.30.33:42938, 13f6ead9-4ac1-4df1-b42d-10c41cf9ca8c:192.168.30.33:37170], old=null
2019-10-04 13:42:50,954 [86f11ef4-6d23-4d92-bd7b-cd567d3784dc@group-EC3E54D407A5-LeaderElection14] INFO  impl.LeaderElection (LogUtils.java:infoOrTrace(149)) -   Exception 0: {}
java.util.concurrent.ExecutionException: org.apache.ratis.thirdparty.io.grpc.StatusRuntimeException: UNAVAILABLE: io exception
	at java.util.concurrent.FutureTask.report(FutureTask.java:122)
	at java.util.concurrent.FutureTask.get(FutureTask.java:192)
	at org.apache.ratis.server.impl.LeaderElection.waitForResults(LeaderElection.java:259)
	at org.apache.ratis.server.impl.LeaderElection.askForVotes(LeaderElection.java:197)
	at org.apache.ratis.server.impl.LeaderElection.run(LeaderElection.java:133)
	at java.lang.Thread.run(Thread.java:748)
Caused by: org.apache.ratis.thirdparty.io.grpc.StatusRuntimeException: UNAVAILABLE: io exception
	at org.apache.ratis.thirdparty.io.grpc.stub.ClientCalls.toStatusRuntimeException(ClientCalls.java:233)
	at org.apache.ratis.thirdparty.io.grpc.stub.ClientCalls.getUnchecked(ClientCalls.java:214)
	at org.apache.ratis.thirdparty.io.grpc.stub.ClientCalls.blockingUnaryCall(ClientCalls.java:139)
	at org.apache.ratis.proto.grpc.RaftServerProtocolServiceGrpc$RaftServerProtocolServiceBlockingStub.requestVote(RaftServerProtocolServiceGrpc.java:265)
	at org.apache.ratis.grpc.server.GrpcServerProtocolClient.requestVote(GrpcServerProtocolClient.java:99)
	at org.apache.ratis.grpc.server.GrpcService.requestVote(GrpcService.java:204)
	at org.apache.ratis.server.impl.LeaderElection.lambda$submitRequests$1(LeaderElection.java:234)
	at java.util.concurrent.FutureTask.run(FutureTask.java:266)
	at java.util.concurrent.Executors$RunnableAdapter.call(Executors.java:511)
	at java.util.concurrent.FutureTask.run(FutureTask.java:266)
	at java.util.concurrent.ThreadPoolExecutor.runWorker(ThreadPoolExecutor.java:1149)
	at java.util.concurrent.ThreadPoolExecutor$Worker.run(ThreadPoolExecutor.java:624)
	... 1 more
Caused by: org.apache.ratis.thirdparty.io.netty.channel.AbstractChannel$AnnotatedConnectException: Connection refused: /192.168.30.33:42938
	at sun.nio.ch.SocketChannelImpl.checkConnect(Native Method)
	at sun.nio.ch.SocketChannelImpl.finishConnect(SocketChannelImpl.java:717)
	at org.apache.ratis.thirdparty.io.netty.channel.socket.nio.NioSocketChannel.doFinishConnect(NioSocketChannel.java:327)
	at org.apache.ratis.thirdparty.io.netty.channel.nio.AbstractNioChannel$AbstractNioUnsafe.finishConnect(AbstractNioChannel.java:340)
	at org.apache.ratis.thirdparty.io.netty.channel.nio.NioEventLoop.processSelectedKey(NioEventLoop.java:632)
	at org.apache.ratis.thirdparty.io.netty.channel.nio.NioEventLoop.processSelectedKeysOptimized(NioEventLoop.java:579)
	at org.apache.ratis.thirdparty.io.netty.channel.nio.NioEventLoop.processSelectedKeys(NioEventLoop.java:496)
	at org.apache.ratis.thirdparty.io.netty.channel.nio.NioEventLoop.run(NioEventLoop.java:458)
	at org.apache.ratis.thirdparty.io.netty.util.concurrent.SingleThreadEventExecutor$5.run(SingleThreadEventExecutor.java:897)
	at org.apache.ratis.thirdparty.io.netty.util.concurrent.FastThreadLocalRunnable.run(FastThreadLocalRunnable.java:30)
	... 1 more
Caused by: java.net.ConnectException: Connection refused
	... 11 more
2019-10-04 13:42:50,954 [86f11ef4-6d23-4d92-bd7b-cd567d3784dc@group-EC3E54D407A5-LeaderElection14] INFO  impl.RoleInfo (RoleInfo.java:shutdownLeaderElection(134)) - 86f11ef4-6d23-4d92-bd7b-cd567d3784dc: shutdown LeaderElection
2019-10-04 13:42:50,954 [86f11ef4-6d23-4d92-bd7b-cd567d3784dc@group-EC3E54D407A5-LeaderElection14] INFO  impl.RaftServerImpl (RaftServerImpl.java:setRole(170)) - 86f11ef4-6d23-4d92-bd7b-cd567d3784dc@group-EC3E54D407A5: changes role from CANDIDATE to LEADER at term 4 for changeToLeader
2019-10-04 13:42:50,955 [86f11ef4-6d23-4d92-bd7b-cd567d3784dc@group-EC3E54D407A5-LeaderElection14] INFO  impl.RaftServerImpl (ServerState.java:setLeader(255)) - 86f11ef4-6d23-4d92-bd7b-cd567d3784dc@group-EC3E54D407A5: change Leader from null to 86f11ef4-6d23-4d92-bd7b-cd567d3784dc at term 4 for becomeLeader, leader elected after 40ms
2019-10-04 13:42:50,955 [86f11ef4-6d23-4d92-bd7b-cd567d3784dc@group-EC3E54D407A5-LeaderElection14] INFO  server.RaftServerConfigKeys (ConfUtils.java:logGet(43)) - raft.server.staging.catchup.gap = 1000 (default)
2019-10-04 13:42:50,955 [86f11ef4-6d23-4d92-bd7b-cd567d3784dc@group-EC3E54D407A5-LeaderElection14] INFO  server.RaftServerConfigKeys (ConfUtils.java:logGet(43)) - raft.server.rpc.sleep.time = 25ms (default)
2019-10-04 13:42:50,955 [86f11ef4-6d23-4d92-bd7b-cd567d3784dc@group-EC3E54D407A5-LeaderElection14] INFO  server.RaftServerConfigKeys (ConfUtils.java:logGet(43)) - raft.server.write.element-limit = 4096 (default)
2019-10-04 13:42:50,955 [86f11ef4-6d23-4d92-bd7b-cd567d3784dc@group-EC3E54D407A5-LeaderElection14] INFO  server.RaftServerConfigKeys (ConfUtils.java:logGet(43)) - raft.server.watch.timeout = 10s (default)
2019-10-04 13:42:50,955 [86f11ef4-6d23-4d92-bd7b-cd567d3784dc@group-EC3E54D407A5-LeaderElection14] INFO  server.RaftServerConfigKeys (ConfUtils.java:logGet(43)) - raft.server.watch.timeout.denomination = 1s (default)
2019-10-04 13:42:50,955 [86f11ef4-6d23-4d92-bd7b-cd567d3784dc@group-EC3E54D407A5-LeaderElection14] INFO  server.RaftServerConfigKeys (ConfUtils.java:logGet(43)) - raft.server.watch.element-limit = 65536 (default)
2019-10-04 13:42:50,956 [86f11ef4-6d23-4d92-bd7b-cd567d3784dc@group-EC3E54D407A5-LeaderElection14] INFO  server.RaftServerConfigKeys (ConfUtils.java:logGet(43)) - raft.server.log.appender.snapshot.chunk.size.max = 16MB (=16777216) (default)
2019-10-04 13:42:50,956 [86f11ef4-6d23-4d92-bd7b-cd567d3784dc@group-EC3E54D407A5-LeaderElection14] INFO  server.RaftServerConfigKeys (ConfUtils.java:logGet(43)) - raft.server.log.appender.buffer.byte-limit = 33554432 (custom)
2019-10-04 13:42:50,956 [86f11ef4-6d23-4d92-bd7b-cd567d3784dc@group-EC3E54D407A5-LeaderElection14] INFO  server.RaftServerConfigKeys (ConfUtils.java:logGet(43)) - raft.server.log.appender.buffer.element-limit = 1 (custom)
2019-10-04 13:42:50,956 [86f11ef4-6d23-4d92-bd7b-cd567d3784dc@group-EC3E54D407A5-LeaderElection14] INFO  grpc.GrpcConfigKeys$Server (ConfUtils.java:logGet(43)) - raft.grpc.server.leader.outstanding.appends.max = 128 (default)
2019-10-04 13:42:50,956 [86f11ef4-6d23-4d92-bd7b-cd567d3784dc@group-EC3E54D407A5-LeaderElection14] INFO  server.RaftServerConfigKeys (ConfUtils.java:logGet(43)) - raft.server.rpc.request.timeout = 3000ms (default)
2019-10-04 13:42:50,956 [86f11ef4-6d23-4d92-bd7b-cd567d3784dc@group-EC3E54D407A5-LeaderElection14] INFO  server.RaftServerConfigKeys (ConfUtils.java:logGet(43)) - raft.server.log.appender.install.snapshot.enabled = false (custom)
2019-10-04 13:42:50,956 [86f11ef4-6d23-4d92-bd7b-cd567d3784dc@group-EC3E54D407A5-LeaderElection14] INFO  server.RaftServerConfigKeys (ConfUtils.java:logGet(43)) - raft.server.log.appender.snapshot.chunk.size.max = 16MB (=16777216) (default)
2019-10-04 13:42:50,957 [86f11ef4-6d23-4d92-bd7b-cd567d3784dc@group-EC3E54D407A5-LeaderElection14] INFO  server.RaftServerConfigKeys (ConfUtils.java:logGet(43)) - raft.server.log.appender.buffer.byte-limit = 33554432 (custom)
2019-10-04 13:42:50,957 [86f11ef4-6d23-4d92-bd7b-cd567d3784dc@group-EC3E54D407A5-LeaderElection14] INFO  server.RaftServerConfigKeys (ConfUtils.java:logGet(43)) - raft.server.log.appender.buffer.element-limit = 1 (custom)
2019-10-04 13:42:50,957 [86f11ef4-6d23-4d92-bd7b-cd567d3784dc@group-EC3E54D407A5-LeaderElection14] INFO  grpc.GrpcConfigKeys$Server (ConfUtils.java:logGet(43)) - raft.grpc.server.leader.outstanding.appends.max = 128 (default)
2019-10-04 13:42:50,957 [86f11ef4-6d23-4d92-bd7b-cd567d3784dc@group-EC3E54D407A5-LeaderElection14] INFO  server.RaftServerConfigKeys (ConfUtils.java:logGet(43)) - raft.server.rpc.request.timeout = 3000ms (default)
2019-10-04 13:42:50,957 [86f11ef4-6d23-4d92-bd7b-cd567d3784dc@group-EC3E54D407A5-LeaderElection14] INFO  server.RaftServerConfigKeys (ConfUtils.java:logGet(43)) - raft.server.log.appender.install.snapshot.enabled = false (custom)
2019-10-04 13:42:50,957 [86f11ef4-6d23-4d92-bd7b-cd567d3784dc@group-EC3E54D407A5-LeaderElection14] INFO  impl.RoleInfo (RoleInfo.java:updateAndGet(143)) - 86f11ef4-6d23-4d92-bd7b-cd567d3784dc: start LeaderState
2019-10-04 13:42:50,958 [86f11ef4-6d23-4d92-bd7b-cd567d3784dc@group-EC3E54D407A5-LeaderElection14] INFO  segmented.SegmentedRaftLogWorker (SegmentedRaftLogWorker.java:rollLogSegment(390)) - 86f11ef4-6d23-4d92-bd7b-cd567d3784dc@group-EC3E54D407A5-SegmentedRaftLogWorker: Rolling segment log-0_2 to index:2
2019-10-04 13:42:50,960 [86f11ef4-6d23-4d92-bd7b-cd567d3784dc@group-EC3E54D407A5-LeaderElection14] INFO  impl.RaftServerImpl (ServerState.java:setRaftConf(356)) - 86f11ef4-6d23-4d92-bd7b-cd567d3784dc@group-EC3E54D407A5: set configuration 3: [86f11ef4-6d23-4d92-bd7b-cd567d3784dc:192.168.30.33:37153, af890f87-52e7-41cb-b63e-aaf68e46f0ad:192.168.30.33:42938, 13f6ead9-4ac1-4df1-b42d-10c41cf9ca8c:192.168.30.33:37170], old=null at 3
2019-10-04 13:42:50,960 [86f11ef4-6d23-4d92-bd7b-cd567d3784dc@group-EC3E54D407A5-SegmentedRaftLogWorker] INFO  segmented.SegmentedRaftLogWorker (SegmentedRaftLogWorker.java:execute(531)) - 86f11ef4-6d23-4d92-bd7b-cd567d3784dc@group-EC3E54D407A5-SegmentedRaftLogWorker: Rolled log segment from /workdir/hadoop-ozone/integration-test/target/test-dir/MiniOzoneClusterImpl-5c48747c-7a6e-4ba5-a504-6c7ef741f97d/datanode-1/data/ratis/295dc03d-40c5-4dd3-9ffc-ec3e54d407a5/current/log_inprogress_0 to /workdir/hadoop-ozone/integration-test/target/test-dir/MiniOzoneClusterImpl-5c48747c-7a6e-4ba5-a504-6c7ef741f97d/datanode-1/data/ratis/295dc03d-40c5-4dd3-9ffc-ec3e54d407a5/current/log_0-2
2019-10-04 13:42:50,964 [grpc-default-executor-3] WARN  server.GrpcLogAppender (LogUtils.java:warn(134)) - 86f11ef4-6d23-4d92-bd7b-cd567d3784dc@group-EC3E54D407A5->af890f87-52e7-41cb-b63e-aaf68e46f0ad-AppendLogResponseHandler: Failed appendEntries: org.apache.ratis.thirdparty.io.grpc.StatusRuntimeException: UNAVAILABLE: io exception
2019-10-04 13:42:50,992 [grpc-default-executor-3] INFO  impl.FollowerInfo (FollowerInfo.java:lambda$new$0(51)) - 86f11ef4-6d23-4d92-bd7b-cd567d3784dc@group-EC3E54D407A5->af890f87-52e7-41cb-b63e-aaf68e46f0ad: nextIndex: updateUnconditionally 3 -> 1
2019-10-04 13:42:50,993 [grpc-default-executor-2] INFO  impl.RaftServerImpl (ServerState.java:setLeader(255)) - 13f6ead9-4ac1-4df1-b42d-10c41cf9ca8c@group-EC3E54D407A5: change Leader from null to 86f11ef4-6d23-4d92-bd7b-cd567d3784dc at term 4 for appendEntries, leader elected after 60ms
2019-10-04 13:42:50,998 [grpc-default-executor-2] INFO  impl.RaftServerImpl (ServerState.java:setRaftConf(356)) - 13f6ead9-4ac1-4df1-b42d-10c41cf9ca8c@group-EC3E54D407A5: set configuration 3: [86f11ef4-6d23-4d92-bd7b-cd567d3784dc:192.168.30.33:37153, af890f87-52e7-41cb-b63e-aaf68e46f0ad:192.168.30.33:42938, 13f6ead9-4ac1-4df1-b42d-10c41cf9ca8c:192.168.30.33:37170], old=null at 3
2019-10-04 13:42:50,999 [grpc-default-executor-2] INFO  segmented.SegmentedRaftLogWorker (SegmentedRaftLogWorker.java:rollLogSegment(390)) - 13f6ead9-4ac1-4df1-b42d-10c41cf9ca8c@group-EC3E54D407A5-SegmentedRaftLogWorker: Rolling segment log-0_2 to index:2
2019-10-04 13:42:51,000 [13f6ead9-4ac1-4df1-b42d-10c41cf9ca8c@group-EC3E54D407A5-SegmentedRaftLogWorker] INFO  segmented.SegmentedRaftLogWorker (SegmentedRaftLogWorker.java:execute(531)) - 13f6ead9-4ac1-4df1-b42d-10c41cf9ca8c@group-EC3E54D407A5-SegmentedRaftLogWorker: Rolled log segment from /workdir/hadoop-ozone/integration-test/target/test-dir/MiniOzoneClusterImpl-5c48747c-7a6e-4ba5-a504-6c7ef741f97d/datanode-4/data/ratis/295dc03d-40c5-4dd3-9ffc-ec3e54d407a5/current/log_inprogress_0 to /workdir/hadoop-ozone/integration-test/target/test-dir/MiniOzoneClusterImpl-5c48747c-7a6e-4ba5-a504-6c7ef741f97d/datanode-4/data/ratis/295dc03d-40c5-4dd3-9ffc-ec3e54d407a5/current/log_0-2
2019-10-04 13:42:51,005 [86f11ef4-6d23-4d92-bd7b-cd567d3784dc@group-EC3E54D407A5-SegmentedRaftLogWorker] INFO  segmented.SegmentedRaftLogWorker (SegmentedRaftLogWorker.java:execute(574)) - 86f11ef4-6d23-4d92-bd7b-cd567d3784dc@group-EC3E54D407A5-SegmentedRaftLogWorker: created new log segment /workdir/hadoop-ozone/integration-test/target/test-dir/MiniOzoneClusterImpl-5c48747c-7a6e-4ba5-a504-6c7ef741f97d/datanode-1/data/ratis/295dc03d-40c5-4dd3-9ffc-ec3e54d407a5/current/log_inprogress_3
2019-10-04 13:42:51,036 [13f6ead9-4ac1-4df1-b42d-10c41cf9ca8c@group-EC3E54D407A5-SegmentedRaftLogWorker] INFO  segmented.SegmentedRaftLogWorker (SegmentedRaftLogWorker.java:execute(574)) - 13f6ead9-4ac1-4df1-b42d-10c41cf9ca8c@group-EC3E54D407A5-SegmentedRaftLogWorker: created new log segment /workdir/hadoop-ozone/integration-test/target/test-dir/MiniOzoneClusterImpl-5c48747c-7a6e-4ba5-a504-6c7ef741f97d/datanode-4/data/ratis/295dc03d-40c5-4dd3-9ffc-ec3e54d407a5/current/log_inprogress_3
2019-10-04 13:42:51,057 [grpc-default-executor-5] WARN  server.GrpcLogAppender (LogUtils.java:warn(134)) - 86f11ef4-6d23-4d92-bd7b-cd567d3784dc@group-EC3E54D407A5->af890f87-52e7-41cb-b63e-aaf68e46f0ad-AppendLogResponseHandler: Failed appendEntries: org.apache.ratis.thirdparty.io.grpc.StatusRuntimeException: UNAVAILABLE: io exception
2019-10-04 13:42:51,059 [grpc-default-executor-5] INFO  impl.FollowerInfo (FollowerInfo.java:lambda$new$0(51)) - 86f11ef4-6d23-4d92-bd7b-cd567d3784dc@group-EC3E54D407A5->af890f87-52e7-41cb-b63e-aaf68e46f0ad: nextIndex: updateUnconditionally 2 -> 1
2019-10-04 13:42:51,070 [grpc-default-executor-5] WARN  server.GrpcLogAppender (LogUtils.java:warn(134)) - 86f11ef4-6d23-4d92-bd7b-cd567d3784dc@group-EC3E54D407A5->af890f87-52e7-41cb-b63e-aaf68e46f0ad-AppendLogResponseHandler: Failed appendEntries: org.apache.ratis.thirdparty.io.grpc.StatusRuntimeException: UNAVAILABLE: io exception
2019-10-04 13:42:51,072 [grpc-default-executor-5] INFO  impl.FollowerInfo (FollowerInfo.java:lambda$new$0(51)) - 86f11ef4-6d23-4d92-bd7b-cd567d3784dc@group-EC3E54D407A5->af890f87-52e7-41cb-b63e-aaf68e46f0ad: nextIndex: updateUnconditionally 2 -> 1
]]></system-out>
    <system-err><![CDATA[ERROR StatusLogger No Log4j 2 configuration file found. Using default configuration (logging only errors to the console), or user programmatically provided configurations. Set system property 'log4j2.debug' to show Log4j 2 internal initialization logging. See https://logging.apache.org/log4j/2.x/manual/configuration.html for instructions on how to configure Log4j 2
]]></system-err>
  </testcase>
</testsuite>