<?xml version="1.0" encoding="UTF-8"?>
<testsuite xmlns:xsi="http://www.w3.org/2001/XMLSchema-instance" xsi:noNamespaceSchemaLocation="https://maven.apache.org/surefire/maven-surefire-plugin/xsd/surefire-test-report.xsd" name="org.apache.hadoop.ozone.client.rpc.TestWatchForCommit" time="252.641" tests="5" errors="1" skipped="0" failures="0">
  <properties>
    <property name="awt.toolkit" value="sun.awt.X11.XToolkit"/>
    <property name="file.encoding.pkg" value="sun.io"/>
    <property name="java.specification.version" value="1.8"/>
    <property name="sun.cpu.isalist" value=""/>
    <property name="sun.jnu.encoding" value="UTF-8"/>
    <property name="java.class.path" value="/workdir/hadoop-ozone/integration-test/target/test-classes:/workdir/hadoop-ozone/integration-test/target/classes:/home/user/.m2/repository/org/apache/hadoop/hadoop-ozone-common/0.5.0-SNAPSHOT/hadoop-ozone-common-0.5.0-SNAPSHOT.jar:/home/user/.m2/repository/org/apache/commons/commons-compress/1.4.1/commons-compress-1.4.1.jar:/home/user/.m2/repository/org/tukaani/xz/1.0/xz-1.0.jar:/home/user/.m2/repository/org/apache/hadoop/hadoop-common/3.2.0/hadoop-common-3.2.0.jar:/home/user/.m2/repository/org/apache/hadoop/hadoop-hdfs/3.2.0/hadoop-hdfs-3.2.0.jar:/home/user/.m2/repository/org/apache/hadoop/hadoop-hdfs-client/3.2.0/hadoop-hdfs-client-3.2.0.jar:/home/user/.m2/repository/com/fasterxml/jackson/core/jackson-annotations/2.9.9/jackson-annotations-2.9.9.jar:/home/user/.m2/repository/org/apache/hadoop/hadoop-hdds-common/0.5.0-SNAPSHOT/hadoop-hdds-common-0.5.0-SNAPSHOT.jar:/home/user/.m2/repository/javax/annotation/javax.annotation-api/1.2/javax.annotation-api-1.2.jar:/home/user/.m2/repository/org/apache/ratis/ratis-server/0.5.0-201fc85-SNAPSHOT/ratis-server-0.5.0-201fc85-SNAPSHOT.jar:/home/user/.m2/repository/org/apache/ratis/ratis-thirdparty-misc/0.2.0/ratis-thirdparty-misc-0.2.0.jar:/home/user/.m2/repository/org/apache/ratis/ratis-proto/0.5.0-201fc85-SNAPSHOT/ratis-proto-0.5.0-201fc85-SNAPSHOT.jar:/home/user/.m2/repository/org/apache/ratis/ratis-common/0.5.0-201fc85-SNAPSHOT/ratis-common-0.5.0-201fc85-SNAPSHOT.jar:/home/user/.m2/repository/org/apache/ratis/ratis-client/0.5.0-201fc85-SNAPSHOT/ratis-client-0.5.0-201fc85-SNAPSHOT.jar:/home/user/.m2/repository/org/apache/ratis/ratis-metrics/0.5.0-201fc85-SNAPSHOT/ratis-metrics-0.5.0-201fc85-SNAPSHOT.jar:/home/user/.m2/repository/com/github/joshelser/dropwizard-metrics-hadoop-metrics2-reporter/0.1.2/dropwizard-metrics-hadoop-metrics2-reporter-0.1.2.jar:/home/user/.m2/repository/io/dropwizard/metrics/metrics-jvm/3.2.5/metrics-jvm-3.2.5.jar:/home/user/.m2/repository/io/dropwizard/metrics/metrics-ganglia/3.2.5/metrics-ganglia-3.2.5.jar:/home/user/.m2/repository/info/ganglia/gmetric4j/gmetric4j/1.0.7/gmetric4j-1.0.7.jar:/home/user/.m2/repository/org/apache/ratis/ratis-netty/0.5.0-201fc85-SNAPSHOT/ratis-netty-0.5.0-201fc85-SNAPSHOT.jar:/home/user/.m2/repository/org/apache/ratis/ratis-grpc/0.5.0-201fc85-SNAPSHOT/ratis-grpc-0.5.0-201fc85-SNAPSHOT.jar:/home/user/.m2/repository/org/rocksdb/rocksdbjni/6.0.1/rocksdbjni-6.0.1.jar:/home/user/.m2/repository/org/apache/logging/log4j/log4j-api/2.11.0/log4j-api-2.11.0.jar:/home/user/.m2/repository/org/apache/logging/log4j/log4j-core/2.11.0/log4j-core-2.11.0.jar:/home/user/.m2/repository/com/lmax/disruptor/3.4.2/disruptor-3.4.2.jar:/home/user/.m2/repository/org/apache/commons/commons-pool2/2.6.0/commons-pool2-2.6.0.jar:/home/user/.m2/repository/org/bouncycastle/bcpkix-jdk15on/1.60/bcpkix-jdk15on-1.60.jar:/home/user/.m2/repository/commons-validator/commons-validator/1.6/commons-validator-1.6.jar:/home/user/.m2/repository/commons-digester/commons-digester/1.8.1/commons-digester-1.8.1.jar:/home/user/.m2/repository/io/jaegertracing/jaeger-client/0.34.0/jaeger-client-0.34.0.jar:/home/user/.m2/repository/io/jaegertracing/jaeger-thrift/0.34.0/jaeger-thrift-0.34.0.jar:/home/user/.m2/repository/org/apache/thrift/libthrift/0.12.0/libthrift-0.12.0.jar:/home/user/.m2/repository/com/squareup/okhttp3/okhttp/3.9.0/okhttp-3.9.0.jar:/home/user/.m2/repository/com/squareup/okio/okio/1.13.0/okio-1.13.0.jar:/home/user/.m2/repository/io/jaegertracing/jaeger-core/0.34.0/jaeger-core-0.34.0.jar:/home/user/.m2/repository/io/jaegertracing/jaeger-tracerresolver/0.34.0/jaeger-tracerresolver-0.34.0.jar:/home/user/.m2/repository/io/opentracing/contrib/opentracing-tracerresolver/0.1.5/opentracing-tracerresolver-0.1.5.jar:/home/user/.m2/repository/io/opentracing/opentracing-util/0.31.0/opentracing-util-0.31.0.jar:/home/user/.m2/repository/io/opentracing/opentracing-api/0.31.0/opentracing-api-0.31.0.jar:/home/user/.m2/repository/io/opentracing/opentracing-noop/0.31.0/opentracing-noop-0.31.0.jar:/home/user/.m2/repository/org/apache/hadoop/hadoop-hdds-server-framework/0.5.0-SNAPSHOT/hadoop-hdds-server-framework-0.5.0-SNAPSHOT.jar:/home/user/.m2/repository/org/apache/hadoop/hadoop-hdds-container-service/0.5.0-SNAPSHOT/hadoop-hdds-container-service-0.5.0-SNAPSHOT.jar:/home/user/.m2/repository/org/apache/hadoop/hadoop-hdds-client/0.5.0-SNAPSHOT/hadoop-hdds-client-0.5.0-SNAPSHOT.jar:/home/user/.m2/repository/org/apache/hadoop/hadoop-hdds-tools/0.5.0-SNAPSHOT/hadoop-hdds-tools-0.5.0-SNAPSHOT.jar:/home/user/.m2/repository/org/apache/hadoop/hadoop-hdds-server-scm/0.5.0-SNAPSHOT/hadoop-hdds-server-scm-0.5.0-SNAPSHOT.jar:/home/user/.m2/repository/org/apache/hadoop/hadoop-hdds-docs/0.5.0-SNAPSHOT/hadoop-hdds-docs-0.5.0-SNAPSHOT.jar:/home/user/.m2/repository/io/dropwizard/metrics/metrics-core/3.2.4/metrics-core-3.2.4.jar:/home/user/.m2/repository/org/hamcrest/hamcrest-all/1.3/hamcrest-all-1.3.jar:/home/user/.m2/repository/org/bouncycastle/bcprov-jdk15on/1.60/bcprov-jdk15on-1.60.jar:/home/user/.m2/repository/info/picocli/picocli/3.9.6/picocli-3.9.6.jar:/home/user/.m2/repository/com/google/protobuf/protobuf-java/2.5.0/protobuf-java-2.5.0.jar:/home/user/.m2/repository/com/google/guava/guava/11.0.2/guava-11.0.2.jar:/home/user/.m2/repository/org/apache/hadoop/hadoop-ozone-ozone-manager/0.5.0-SNAPSHOT/hadoop-ozone-ozone-manager-0.5.0-SNAPSHOT.jar:/home/user/.m2/repository/org/apache/hadoop/hadoop-minikdc/3.2.0/hadoop-minikdc-3.2.0.jar:/home/user/.m2/repository/commons-io/commons-io/2.5/commons-io-2.5.jar:/home/user/.m2/repository/org/apache/kerby/kerb-simplekdc/1.0.1/kerb-simplekdc-1.0.1.jar:/home/user/.m2/repository/org/apache/kerby/kerb-client/1.0.1/kerb-client-1.0.1.jar:/home/user/.m2/repository/org/apache/kerby/kerby-config/1.0.1/kerby-config-1.0.1.jar:/home/user/.m2/repository/org/apache/kerby/kerb-core/1.0.1/kerb-core-1.0.1.jar:/home/user/.m2/repository/org/apache/kerby/kerby-pkix/1.0.1/kerby-pkix-1.0.1.jar:/home/user/.m2/repository/org/apache/kerby/kerby-asn1/1.0.1/kerby-asn1-1.0.1.jar:/home/user/.m2/repository/org/apache/kerby/kerby-util/1.0.1/kerby-util-1.0.1.jar:/home/user/.m2/repository/org/apache/kerby/kerb-common/1.0.1/kerb-common-1.0.1.jar:/home/user/.m2/repository/org/apache/kerby/kerb-crypto/1.0.1/kerb-crypto-1.0.1.jar:/home/user/.m2/repository/org/apache/kerby/kerb-util/1.0.1/kerb-util-1.0.1.jar:/home/user/.m2/repository/org/apache/kerby/token-provider/1.0.1/token-provider-1.0.1.jar:/home/user/.m2/repository/org/apache/kerby/kerb-admin/1.0.1/kerb-admin-1.0.1.jar:/home/user/.m2/repository/org/apache/kerby/kerb-server/1.0.1/kerb-server-1.0.1.jar:/home/user/.m2/repository/org/apache/kerby/kerb-identity/1.0.1/kerb-identity-1.0.1.jar:/home/user/.m2/repository/org/apache/kerby/kerby-xdr/1.0.1/kerby-xdr-1.0.1.jar:/home/user/.m2/repository/org/slf4j/slf4j-log4j12/1.7.25/slf4j-log4j12-1.7.25.jar:/home/user/.m2/repository/org/apache/hadoop/hadoop-ozone-s3gateway/0.5.0-SNAPSHOT/hadoop-ozone-s3gateway-0.5.0-SNAPSHOT.jar:/home/user/.m2/repository/org/jboss/weld/servlet/weld-servlet/2.4.7.Final/weld-servlet-2.4.7.Final.jar:/home/user/.m2/repository/org/glassfish/jersey/containers/jersey-container-servlet-core/2.27/jersey-container-servlet-core-2.27.jar:/home/user/.m2/repository/org/glassfish/hk2/external/javax.inject/2.5.0-b42/javax.inject-2.5.0-b42.jar:/home/user/.m2/repository/org/glassfish/jersey/core/jersey-common/2.27/jersey-common-2.27.jar:/home/user/.m2/repository/org/glassfish/hk2/osgi-resource-locator/1.0.1/osgi-resource-locator-1.0.1.jar:/home/user/.m2/repository/javax/ws/rs/javax.ws.rs-api/2.1/javax.ws.rs-api-2.1.jar:/home/user/.m2/repository/org/glassfish/jersey/ext/cdi/jersey-cdi1x/2.27/jersey-cdi1x-2.27.jar:/home/user/.m2/repository/org/glassfish/jersey/inject/jersey-hk2/2.27/jersey-hk2-2.27.jar:/home/user/.m2/repository/org/glassfish/hk2/hk2-locator/2.5.0-b42/hk2-locator-2.5.0-b42.jar:/home/user/.m2/repository/org/javassist/javassist/3.22.0-CR2/javassist-3.22.0-CR2.jar:/home/user/.m2/repository/org/glassfish/hk2/hk2-api/2.5.0/hk2-api-2.5.0.jar:/home/user/.m2/repository/org/glassfish/hk2/external/jakarta.inject/2.5.0/jakarta.inject-2.5.0.jar:/home/user/.m2/repository/org/glassfish/hk2/hk2-utils/2.5.0/hk2-utils-2.5.0.jar:/home/user/.m2/repository/jakarta/annotation/jakarta.annotation-api/1.3.4/jakarta.annotation-api-1.3.4.jar:/home/user/.m2/repository/org/glassfish/hk2/external/aopalliance-repackaged/2.5.0/aopalliance-repackaged-2.5.0.jar:/home/user/.m2/repository/com/fasterxml/jackson/dataformat/jackson-dataformat-xml/2.9.0/jackson-dataformat-xml-2.9.0.jar:/home/user/.m2/repository/com/fasterxml/jackson/core/jackson-core/2.9.9/jackson-core-2.9.9.jar:/home/user/.m2/repository/com/fasterxml/jackson/module/jackson-module-jaxb-annotations/2.9.9/jackson-module-jaxb-annotations-2.9.9.jar:/home/user/.m2/repository/javax/enterprise/cdi-api/1.2/cdi-api-1.2.jar:/home/user/.m2/repository/javax/el/javax.el-api/3.0.0/javax.el-api-3.0.0.jar:/home/user/.m2/repository/javax/interceptor/javax.interceptor-api/1.2/javax.interceptor-api-1.2.jar:/home/user/.m2/repository/javax/inject/javax.inject/1/javax.inject-1.jar:/home/user/.m2/repository/com/sun/xml/bind/jaxb-impl/2.3.0.1/jaxb-impl-2.3.0.1.jar:/home/user/.m2/repository/com/sun/xml/bind/jaxb-core/2.3.0.1/jaxb-core-2.3.0.1.jar:/home/user/.m2/repository/javax/xml/bind/jaxb-api/2.3.0/jaxb-api-2.3.0.jar:/home/user/.m2/repository/javax/activation/activation/1.1.1/activation-1.1.1.jar:/home/user/.m2/repository/org/apache/hadoop/hadoop-ozone-csi/0.5.0-SNAPSHOT/hadoop-ozone-csi-0.5.0-SNAPSHOT.jar:/home/user/.m2/repository/com/google/protobuf/protobuf-java-util/3.5.1/protobuf-java-util-3.5.1.jar:/home/user/.m2/repository/org/apache/hadoop/hadoop-hdds-config/0.5.0-SNAPSHOT/hadoop-hdds-config-0.5.0-SNAPSHOT.jar:/home/user/.m2/repository/io/grpc/grpc-netty/1.17.1/grpc-netty-1.17.1.jar:/home/user/.m2/repository/io/grpc/grpc-core/1.17.1/grpc-core-1.17.1.jar:/home/user/.m2/repository/io/grpc/grpc-context/1.17.1/grpc-context-1.17.1.jar:/home/user/.m2/repository/com/google/errorprone/error_prone_annotations/2.2.0/error_prone_annotations-2.2.0.jar:/home/user/.m2/repository/org/codehaus/mojo/animal-sniffer-annotations/1.17/animal-sniffer-annotations-1.17.jar:/home/user/.m2/repository/io/opencensus/opencensus-api/0.17.0/opencensus-api-0.17.0.jar:/home/user/.m2/repository/io/opencensus/opencensus-contrib-grpc-metrics/0.17.0/opencensus-contrib-grpc-metrics-0.17.0.jar:/home/user/.m2/repository/io/netty/netty-codec-http2/4.1.30.Final/netty-codec-http2-4.1.30.Final.jar:/home/user/.m2/repository/io/netty/netty-codec-http/4.1.30.Final/netty-codec-http-4.1.30.Final.jar:/home/user/.m2/repository/io/netty/netty-codec/4.1.30.Final/netty-codec-4.1.30.Final.jar:/home/user/.m2/repository/io/netty/netty-handler/4.1.30.Final/netty-handler-4.1.30.Final.jar:/home/user/.m2/repository/io/netty/netty-handler-proxy/4.1.30.Final/netty-handler-proxy-4.1.30.Final.jar:/home/user/.m2/repository/io/netty/netty-codec-socks/4.1.30.Final/netty-codec-socks-4.1.30.Final.jar:/home/user/.m2/repository/io/netty/netty-transport-native-epoll/4.1.30.Final/netty-transport-native-epoll-4.1.30.Final.jar:/home/user/.m2/repository/io/netty/netty-common/4.1.30.Final/netty-common-4.1.30.Final.jar:/home/user/.m2/repository/io/netty/netty-buffer/4.1.30.Final/netty-buffer-4.1.30.Final.jar:/home/user/.m2/repository/io/netty/netty-transport/4.1.30.Final/netty-transport-4.1.30.Final.jar:/home/user/.m2/repository/io/netty/netty-resolver/4.1.30.Final/netty-resolver-4.1.30.Final.jar:/home/user/.m2/repository/io/netty/netty-transport-native-unix-common/4.1.30.Final/netty-transport-native-unix-common-4.1.30.Final.jar:/home/user/.m2/repository/io/grpc/grpc-protobuf/1.17.1/grpc-protobuf-1.17.1.jar:/home/user/.m2/repository/com/google/api/grpc/proto-google-common-protos/1.0.0/proto-google-common-protos-1.0.0.jar:/home/user/.m2/repository/io/grpc/grpc-protobuf-lite/1.17.1/grpc-protobuf-lite-1.17.1.jar:/home/user/.m2/repository/io/grpc/grpc-stub/1.17.1/grpc-stub-1.17.1.jar:/home/user/.m2/repository/org/apache/hadoop/hadoop-ozone-recon/0.5.0-SNAPSHOT/hadoop-ozone-recon-0.5.0-SNAPSHOT.jar:/home/user/.m2/repository/org/apache/hadoop/hadoop-ozone-reconcodegen/0.5.0-SNAPSHOT/hadoop-ozone-reconcodegen-0.5.0-SNAPSHOT.jar:/home/user/.m2/repository/com/google/inject/extensions/guice-multibindings/4.0/guice-multibindings-4.0.jar:/home/user/.m2/repository/com/google/inject/guice/4.0/guice-4.0.jar:/home/user/.m2/repository/aopalliance/aopalliance/1.0/aopalliance-1.0.jar:/home/user/.m2/repository/com/google/inject/extensions/guice-servlet/4.0/guice-servlet-4.0.jar:/home/user/.m2/repository/org/glassfish/jersey/containers/jersey-container-servlet/2.27/jersey-container-servlet-2.27.jar:/home/user/.m2/repository/org/glassfish/hk2/guice-bridge/2.5.0/guice-bridge-2.5.0.jar:/home/user/.m2/repository/org/glassfish/jersey/core/jersey-server/2.27/jersey-server-2.27.jar:/home/user/.m2/repository/org/glassfish/jersey/core/jersey-client/2.27/jersey-client-2.27.jar:/home/user/.m2/repository/org/glassfish/jersey/media/jersey-media-jaxb/2.27/jersey-media-jaxb-2.27.jar:/home/user/.m2/repository/javax/validation/validation-api/1.1.0.Final/validation-api-1.1.0.Final.jar:/home/user/.m2/repository/org/glassfish/jersey/media/jersey-media-json-jackson/2.27/jersey-media-json-jackson-2.27.jar:/home/user/.m2/repository/org/glassfish/jersey/ext/jersey-entity-filtering/2.27/jersey-entity-filtering-2.27.jar:/home/user/.m2/repository/com/google/inject/extensions/guice-assistedinject/4.0/guice-assistedinject-4.0.jar:/home/user/.m2/repository/org/jooq/jooq/3.11.10/jooq-3.11.10.jar:/home/user/.m2/repository/org/jooq/jooq-meta/3.11.10/jooq-meta-3.11.10.jar:/home/user/.m2/repository/org/jooq/jooq-codegen/3.11.10/jooq-codegen-3.11.10.jar:/home/user/.m2/repository/com/jolbox/bonecp/0.8.0.RELEASE/bonecp-0.8.0.RELEASE.jar:/home/user/.m2/repository/org/xerial/sqlite-jdbc/3.25.2/sqlite-jdbc-3.25.2.jar:/home/user/.m2/repository/org/springframework/spring-jdbc/5.1.3.RELEASE/spring-jdbc-5.1.3.RELEASE.jar:/home/user/.m2/repository/org/springframework/spring-beans/5.1.3.RELEASE/spring-beans-5.1.3.RELEASE.jar:/home/user/.m2/repository/org/springframework/spring-core/5.1.3.RELEASE/spring-core-5.1.3.RELEASE.jar:/home/user/.m2/repository/org/springframework/spring-jcl/5.1.3.RELEASE/spring-jcl-5.1.3.RELEASE.jar:/home/user/.m2/repository/org/springframework/spring-tx/5.1.3.RELEASE/spring-tx-5.1.3.RELEASE.jar:/home/user/.m2/repository/org/apache/hadoop/hadoop-ozone-client/0.5.0-SNAPSHOT/hadoop-ozone-client-0.5.0-SNAPSHOT.jar:/home/user/.m2/repository/commons-lang/commons-lang/2.6/commons-lang-2.6.jar:/home/user/.m2/repository/org/apache/hadoop/hadoop-ozone-ozone-manager/0.5.0-SNAPSHOT/hadoop-ozone-ozone-manager-0.5.0-SNAPSHOT-tests.jar:/home/user/.m2/repository/junit/junit/4.11/junit-4.11.jar:/home/user/.m2/repository/org/hamcrest/hamcrest-core/1.3/hamcrest-core-1.3.jar:/home/user/.m2/repository/org/openjdk/jmh/jmh-core/1.19/jmh-core-1.19.jar:/home/user/.m2/repository/net/sf/jopt-simple/jopt-simple/4.6/jopt-simple-4.6.jar:/home/user/.m2/repository/org/apache/commons/commons-math3/3.1.1/commons-math3-3.1.1.jar:/home/user/.m2/repository/org/openjdk/jmh/jmh-generator-annprocess/1.19/jmh-generator-annprocess-1.19.jar:/home/user/.m2/repository/org/mockito/mockito-all/1.8.5/mockito-all-1.8.5.jar:/home/user/.m2/repository/org/apache/hadoop/hadoop-kms/3.2.0/hadoop-kms-3.2.0.jar:/home/user/.m2/repository/org/apache/hadoop/hadoop-auth/3.2.0/hadoop-auth-3.2.0.jar:/home/user/.m2/repository/com/nimbusds/nimbus-jose-jwt/4.41.1/nimbus-jose-jwt-4.41.1.jar:/home/user/.m2/repository/com/github/stephenc/jcip/jcip-annotations/1.0-1/jcip-annotations-1.0-1.jar:/home/user/.m2/repository/net/minidev/json-smart/2.3/json-smart-2.3.jar:/home/user/.m2/repository/net/minidev/accessors-smart/1.2/accessors-smart-1.2.jar:/home/user/.m2/repository/org/ow2/asm/asm/5.0.4/asm-5.0.4.jar:/home/user/.m2/repository/org/apache/curator/curator-framework/2.12.0/curator-framework-2.12.0.jar:/home/user/.m2/repository/com/sun/jersey/jersey-core/1.19/jersey-core-1.19.jar:/home/user/.m2/repository/javax/ws/rs/jsr311-api/1.1.1/jsr311-api-1.1.1.jar:/home/user/.m2/repository/com/sun/jersey/jersey-server/1.19/jersey-server-1.19.jar:/home/user/.m2/repository/javax/servlet/javax.servlet-api/3.1.0/javax.servlet-api-3.1.0.jar:/home/user/.m2/repository/org/eclipse/jetty/jetty-server/9.3.25.v20180904/jetty-server-9.3.25.v20180904.jar:/home/user/.m2/repository/org/eclipse/jetty/jetty-http/9.3.25.v20180904/jetty-http-9.3.25.v20180904.jar:/home/user/.m2/repository/org/eclipse/jetty/jetty-io/9.3.25.v20180904/jetty-io-9.3.25.v20180904.jar:/home/user/.m2/repository/org/eclipse/jetty/jetty-webapp/9.3.25.v20180904/jetty-webapp-9.3.25.v20180904.jar:/home/user/.m2/repository/org/eclipse/jetty/jetty-xml/9.3.25.v20180904/jetty-xml-9.3.25.v20180904.jar:/home/user/.m2/repository/log4j/log4j/1.2.17/log4j-1.2.17.jar:/home/user/.m2/repository/org/slf4j/slf4j-api/1.7.25/slf4j-api-1.7.25.jar:/home/user/.m2/repository/org/slf4j/jul-to-slf4j/1.7.25/jul-to-slf4j-1.7.25.jar:/home/user/.m2/repository/org/eclipse/jetty/jetty-util/9.3.25.v20180904/jetty-util-9.3.25.v20180904.jar:/home/user/.m2/repository/com/fasterxml/jackson/core/jackson-databind/2.9.9/jackson-databind-2.9.9.jar:/home/user/.m2/repository/org/apache/hadoop/hadoop-kms/3.2.0/hadoop-kms-3.2.0-tests.jar:/home/user/.m2/repository/org/apache/hadoop/hadoop-hdds-server-scm/0.5.0-SNAPSHOT/hadoop-hdds-server-scm-0.5.0-SNAPSHOT-tests.jar:/home/user/.m2/repository/org/apache/hadoop/hadoop-hdds-container-service/0.5.0-SNAPSHOT/hadoop-hdds-container-service-0.5.0-SNAPSHOT-tests.jar:/home/user/.m2/repository/org/yaml/snakeyaml/1.16/snakeyaml-1.16.jar:/home/user/.m2/repository/org/apache/hadoop/hadoop-common/3.2.0/hadoop-common-3.2.0-tests.jar:/home/user/.m2/repository/org/apache/hadoop/hadoop-annotations/3.2.0/hadoop-annotations-3.2.0.jar:/usr/lib/jvm/java-1.8-openjdk/jre/../lib/tools.jar:/home/user/.m2/repository/commons-cli/commons-cli/1.2/commons-cli-1.2.jar:/home/user/.m2/repository/org/apache/httpcomponents/httpclient/4.5.2/httpclient-4.5.2.jar:/home/user/.m2/repository/org/apache/httpcomponents/httpcore/4.4.4/httpcore-4.4.4.jar:/home/user/.m2/repository/commons-codec/commons-codec/1.11/commons-codec-1.11.jar:/home/user/.m2/repository/commons-net/commons-net/3.6/commons-net-3.6.jar:/home/user/.m2/repository/commons-collections/commons-collections/3.2.2/commons-collections-3.2.2.jar:/home/user/.m2/repository/org/eclipse/jetty/jetty-servlet/9.3.25.v20180904/jetty-servlet-9.3.25.v20180904.jar:/home/user/.m2/repository/org/eclipse/jetty/jetty-security/9.3.25.v20180904/jetty-security-9.3.25.v20180904.jar:/home/user/.m2/repository/javax/servlet/jsp/jsp-api/2.1/jsp-api-2.1.jar:/home/user/.m2/repository/com/sun/jersey/jersey-servlet/1.19/jersey-servlet-1.19.jar:/home/user/.m2/repository/com/sun/jersey/jersey-json/1.19/jersey-json-1.19.jar:/home/user/.m2/repository/org/codehaus/jettison/jettison/1.1/jettison-1.1.jar:/home/user/.m2/repository/org/codehaus/jackson/jackson-core-asl/1.9.13/jackson-core-asl-1.9.13.jar:/home/user/.m2/repository/org/codehaus/jackson/jackson-mapper-asl/1.9.13/jackson-mapper-asl-1.9.13.jar:/home/user/.m2/repository/org/codehaus/jackson/jackson-jaxrs/1.9.13/jackson-jaxrs-1.9.13.jar:/home/user/.m2/repository/org/codehaus/jackson/jackson-xc/1.9.13/jackson-xc-1.9.13.jar:/home/user/.m2/repository/commons-logging/commons-logging/1.1.3/commons-logging-1.1.3.jar:/home/user/.m2/repository/commons-beanutils/commons-beanutils/1.9.4/commons-beanutils-1.9.4.jar:/home/user/.m2/repository/org/apache/commons/commons-configuration2/2.1.1/commons-configuration2-2.1.1.jar:/home/user/.m2/repository/org/apache/commons/commons-lang3/3.7/commons-lang3-3.7.jar:/home/user/.m2/repository/org/apache/commons/commons-text/1.4/commons-text-1.4.jar:/home/user/.m2/repository/org/apache/avro/avro/1.7.7/avro-1.7.7.jar:/home/user/.m2/repository/com/thoughtworks/paranamer/paranamer/2.3/paranamer-2.3.jar:/home/user/.m2/repository/org/xerial/snappy/snappy-java/1.0.5/snappy-java-1.0.5.jar:/home/user/.m2/repository/com/google/re2j/re2j/1.1/re2j-1.1.jar:/home/user/.m2/repository/com/google/code/gson/gson/2.2.4/gson-2.2.4.jar:/home/user/.m2/repository/com/jcraft/jsch/0.1.54/jsch-0.1.54.jar:/home/user/.m2/repository/org/apache/curator/curator-client/2.12.0/curator-client-2.12.0.jar:/home/user/.m2/repository/org/apache/curator/curator-recipes/2.12.0/curator-recipes-2.12.0.jar:/home/user/.m2/repository/com/google/code/findbugs/jsr305/3.0.0/jsr305-3.0.0.jar:/home/user/.m2/repository/org/apache/htrace/htrace-core4/4.1.0-incubating/htrace-core4-4.1.0-incubating.jar:/home/user/.m2/repository/org/apache/zookeeper/zookeeper/3.4.13/zookeeper-3.4.13.jar:/home/user/.m2/repository/jline/jline/0.9.94/jline-0.9.94.jar:/home/user/.m2/repository/org/apache/yetus/audience-annotations/0.5.0/audience-annotations-0.5.0.jar:/home/user/.m2/repository/org/codehaus/woodstox/stax2-api/3.1.4/stax2-api-3.1.4.jar:/home/user/.m2/repository/com/fasterxml/woodstox/woodstox-core/5.0.3/woodstox-core-5.0.3.jar:/home/user/.m2/repository/dnsjava/dnsjava/2.1.7/dnsjava-2.1.7.jar:/home/user/.m2/repository/org/apache/hadoop/hadoop-hdfs/3.2.0/hadoop-hdfs-3.2.0-tests.jar:/home/user/.m2/repository/org/eclipse/jetty/jetty-util-ajax/9.3.25.v20180904/jetty-util-ajax-9.3.25.v20180904.jar:/home/user/.m2/repository/commons-daemon/commons-daemon/1.0.13/commons-daemon-1.0.13.jar:/home/user/.m2/repository/io/netty/netty/3.10.5.Final/netty-3.10.5.Final.jar:/home/user/.m2/repository/io/netty/netty-all/4.0.52.Final/netty-all-4.0.52.Final.jar:/home/user/.m2/repository/org/fusesource/leveldbjni/leveldbjni-all/1.8/leveldbjni-all-1.8.jar:"/>
    <property name="java.vm.vendor" value="IcedTea"/>
    <property name="sun.arch.data.model" value="64"/>
    <property name="test.build.dir" value="/workdir/hadoop-ozone/integration-test/target/test-dir"/>
    <property name="test.cache.data" value=""/>
    <property name="java.vendor.url" value="https://icedtea.classpath.org"/>
    <property name="user.timezone" value=""/>
    <property name="java.vm.specification.version" value="1.8"/>
    <property name="os.name" value="Linux"/>
    <property name="test.build.data" value="/workdir/hadoop-ozone/integration-test/target/test-dir"/>
    <property name="user.country" value="US"/>
    <property name="sun.java.launcher" value="SUN_STANDARD"/>
    <property name="sun.boot.library.path" value="/usr/lib/jvm/java-1.8-openjdk/jre/lib/amd64"/>
    <property name="sun.java.command" value="/workdir/hadoop-ozone/integration-test/target/surefire/surefirebooter6182052320317442904.jar /workdir/hadoop-ozone/integration-test/target/surefire 2019-10-04T07-58-04_623-jvmRun1 surefire7580204976846398170tmp surefire_76527219104041246432tmp"/>
    <property name="test" value="!TestMiniChaosOzoneCluster"/>
    <property name="surefire.test.class.path" value="/workdir/hadoop-ozone/integration-test/target/test-classes:/workdir/hadoop-ozone/integration-test/target/classes:/home/user/.m2/repository/org/apache/hadoop/hadoop-ozone-common/0.5.0-SNAPSHOT/hadoop-ozone-common-0.5.0-SNAPSHOT.jar:/home/user/.m2/repository/org/apache/commons/commons-compress/1.4.1/commons-compress-1.4.1.jar:/home/user/.m2/repository/org/tukaani/xz/1.0/xz-1.0.jar:/home/user/.m2/repository/org/apache/hadoop/hadoop-common/3.2.0/hadoop-common-3.2.0.jar:/home/user/.m2/repository/org/apache/hadoop/hadoop-hdfs/3.2.0/hadoop-hdfs-3.2.0.jar:/home/user/.m2/repository/org/apache/hadoop/hadoop-hdfs-client/3.2.0/hadoop-hdfs-client-3.2.0.jar:/home/user/.m2/repository/com/fasterxml/jackson/core/jackson-annotations/2.9.9/jackson-annotations-2.9.9.jar:/home/user/.m2/repository/org/apache/hadoop/hadoop-hdds-common/0.5.0-SNAPSHOT/hadoop-hdds-common-0.5.0-SNAPSHOT.jar:/home/user/.m2/repository/javax/annotation/javax.annotation-api/1.2/javax.annotation-api-1.2.jar:/home/user/.m2/repository/org/apache/ratis/ratis-server/0.5.0-201fc85-SNAPSHOT/ratis-server-0.5.0-201fc85-SNAPSHOT.jar:/home/user/.m2/repository/org/apache/ratis/ratis-thirdparty-misc/0.2.0/ratis-thirdparty-misc-0.2.0.jar:/home/user/.m2/repository/org/apache/ratis/ratis-proto/0.5.0-201fc85-SNAPSHOT/ratis-proto-0.5.0-201fc85-SNAPSHOT.jar:/home/user/.m2/repository/org/apache/ratis/ratis-common/0.5.0-201fc85-SNAPSHOT/ratis-common-0.5.0-201fc85-SNAPSHOT.jar:/home/user/.m2/repository/org/apache/ratis/ratis-client/0.5.0-201fc85-SNAPSHOT/ratis-client-0.5.0-201fc85-SNAPSHOT.jar:/home/user/.m2/repository/org/apache/ratis/ratis-metrics/0.5.0-201fc85-SNAPSHOT/ratis-metrics-0.5.0-201fc85-SNAPSHOT.jar:/home/user/.m2/repository/com/github/joshelser/dropwizard-metrics-hadoop-metrics2-reporter/0.1.2/dropwizard-metrics-hadoop-metrics2-reporter-0.1.2.jar:/home/user/.m2/repository/io/dropwizard/metrics/metrics-jvm/3.2.5/metrics-jvm-3.2.5.jar:/home/user/.m2/repository/io/dropwizard/metrics/metrics-ganglia/3.2.5/metrics-ganglia-3.2.5.jar:/home/user/.m2/repository/info/ganglia/gmetric4j/gmetric4j/1.0.7/gmetric4j-1.0.7.jar:/home/user/.m2/repository/org/apache/ratis/ratis-netty/0.5.0-201fc85-SNAPSHOT/ratis-netty-0.5.0-201fc85-SNAPSHOT.jar:/home/user/.m2/repository/org/apache/ratis/ratis-grpc/0.5.0-201fc85-SNAPSHOT/ratis-grpc-0.5.0-201fc85-SNAPSHOT.jar:/home/user/.m2/repository/org/rocksdb/rocksdbjni/6.0.1/rocksdbjni-6.0.1.jar:/home/user/.m2/repository/org/apache/logging/log4j/log4j-api/2.11.0/log4j-api-2.11.0.jar:/home/user/.m2/repository/org/apache/logging/log4j/log4j-core/2.11.0/log4j-core-2.11.0.jar:/home/user/.m2/repository/com/lmax/disruptor/3.4.2/disruptor-3.4.2.jar:/home/user/.m2/repository/org/apache/commons/commons-pool2/2.6.0/commons-pool2-2.6.0.jar:/home/user/.m2/repository/org/bouncycastle/bcpkix-jdk15on/1.60/bcpkix-jdk15on-1.60.jar:/home/user/.m2/repository/commons-validator/commons-validator/1.6/commons-validator-1.6.jar:/home/user/.m2/repository/commons-digester/commons-digester/1.8.1/commons-digester-1.8.1.jar:/home/user/.m2/repository/io/jaegertracing/jaeger-client/0.34.0/jaeger-client-0.34.0.jar:/home/user/.m2/repository/io/jaegertracing/jaeger-thrift/0.34.0/jaeger-thrift-0.34.0.jar:/home/user/.m2/repository/org/apache/thrift/libthrift/0.12.0/libthrift-0.12.0.jar:/home/user/.m2/repository/com/squareup/okhttp3/okhttp/3.9.0/okhttp-3.9.0.jar:/home/user/.m2/repository/com/squareup/okio/okio/1.13.0/okio-1.13.0.jar:/home/user/.m2/repository/io/jaegertracing/jaeger-core/0.34.0/jaeger-core-0.34.0.jar:/home/user/.m2/repository/io/jaegertracing/jaeger-tracerresolver/0.34.0/jaeger-tracerresolver-0.34.0.jar:/home/user/.m2/repository/io/opentracing/contrib/opentracing-tracerresolver/0.1.5/opentracing-tracerresolver-0.1.5.jar:/home/user/.m2/repository/io/opentracing/opentracing-util/0.31.0/opentracing-util-0.31.0.jar:/home/user/.m2/repository/io/opentracing/opentracing-api/0.31.0/opentracing-api-0.31.0.jar:/home/user/.m2/repository/io/opentracing/opentracing-noop/0.31.0/opentracing-noop-0.31.0.jar:/home/user/.m2/repository/org/apache/hadoop/hadoop-hdds-server-framework/0.5.0-SNAPSHOT/hadoop-hdds-server-framework-0.5.0-SNAPSHOT.jar:/home/user/.m2/repository/org/apache/hadoop/hadoop-hdds-container-service/0.5.0-SNAPSHOT/hadoop-hdds-container-service-0.5.0-SNAPSHOT.jar:/home/user/.m2/repository/org/apache/hadoop/hadoop-hdds-client/0.5.0-SNAPSHOT/hadoop-hdds-client-0.5.0-SNAPSHOT.jar:/home/user/.m2/repository/org/apache/hadoop/hadoop-hdds-tools/0.5.0-SNAPSHOT/hadoop-hdds-tools-0.5.0-SNAPSHOT.jar:/home/user/.m2/repository/org/apache/hadoop/hadoop-hdds-server-scm/0.5.0-SNAPSHOT/hadoop-hdds-server-scm-0.5.0-SNAPSHOT.jar:/home/user/.m2/repository/org/apache/hadoop/hadoop-hdds-docs/0.5.0-SNAPSHOT/hadoop-hdds-docs-0.5.0-SNAPSHOT.jar:/home/user/.m2/repository/io/dropwizard/metrics/metrics-core/3.2.4/metrics-core-3.2.4.jar:/home/user/.m2/repository/org/hamcrest/hamcrest-all/1.3/hamcrest-all-1.3.jar:/home/user/.m2/repository/org/bouncycastle/bcprov-jdk15on/1.60/bcprov-jdk15on-1.60.jar:/home/user/.m2/repository/info/picocli/picocli/3.9.6/picocli-3.9.6.jar:/home/user/.m2/repository/com/google/protobuf/protobuf-java/2.5.0/protobuf-java-2.5.0.jar:/home/user/.m2/repository/com/google/guava/guava/11.0.2/guava-11.0.2.jar:/home/user/.m2/repository/org/apache/hadoop/hadoop-ozone-ozone-manager/0.5.0-SNAPSHOT/hadoop-ozone-ozone-manager-0.5.0-SNAPSHOT.jar:/home/user/.m2/repository/org/apache/hadoop/hadoop-minikdc/3.2.0/hadoop-minikdc-3.2.0.jar:/home/user/.m2/repository/commons-io/commons-io/2.5/commons-io-2.5.jar:/home/user/.m2/repository/org/apache/kerby/kerb-simplekdc/1.0.1/kerb-simplekdc-1.0.1.jar:/home/user/.m2/repository/org/apache/kerby/kerb-client/1.0.1/kerb-client-1.0.1.jar:/home/user/.m2/repository/org/apache/kerby/kerby-config/1.0.1/kerby-config-1.0.1.jar:/home/user/.m2/repository/org/apache/kerby/kerb-core/1.0.1/kerb-core-1.0.1.jar:/home/user/.m2/repository/org/apache/kerby/kerby-pkix/1.0.1/kerby-pkix-1.0.1.jar:/home/user/.m2/repository/org/apache/kerby/kerby-asn1/1.0.1/kerby-asn1-1.0.1.jar:/home/user/.m2/repository/org/apache/kerby/kerby-util/1.0.1/kerby-util-1.0.1.jar:/home/user/.m2/repository/org/apache/kerby/kerb-common/1.0.1/kerb-common-1.0.1.jar:/home/user/.m2/repository/org/apache/kerby/kerb-crypto/1.0.1/kerb-crypto-1.0.1.jar:/home/user/.m2/repository/org/apache/kerby/kerb-util/1.0.1/kerb-util-1.0.1.jar:/home/user/.m2/repository/org/apache/kerby/token-provider/1.0.1/token-provider-1.0.1.jar:/home/user/.m2/repository/org/apache/kerby/kerb-admin/1.0.1/kerb-admin-1.0.1.jar:/home/user/.m2/repository/org/apache/kerby/kerb-server/1.0.1/kerb-server-1.0.1.jar:/home/user/.m2/repository/org/apache/kerby/kerb-identity/1.0.1/kerb-identity-1.0.1.jar:/home/user/.m2/repository/org/apache/kerby/kerby-xdr/1.0.1/kerby-xdr-1.0.1.jar:/home/user/.m2/repository/org/slf4j/slf4j-log4j12/1.7.25/slf4j-log4j12-1.7.25.jar:/home/user/.m2/repository/org/apache/hadoop/hadoop-ozone-s3gateway/0.5.0-SNAPSHOT/hadoop-ozone-s3gateway-0.5.0-SNAPSHOT.jar:/home/user/.m2/repository/org/jboss/weld/servlet/weld-servlet/2.4.7.Final/weld-servlet-2.4.7.Final.jar:/home/user/.m2/repository/org/glassfish/jersey/containers/jersey-container-servlet-core/2.27/jersey-container-servlet-core-2.27.jar:/home/user/.m2/repository/org/glassfish/hk2/external/javax.inject/2.5.0-b42/javax.inject-2.5.0-b42.jar:/home/user/.m2/repository/org/glassfish/jersey/core/jersey-common/2.27/jersey-common-2.27.jar:/home/user/.m2/repository/org/glassfish/hk2/osgi-resource-locator/1.0.1/osgi-resource-locator-1.0.1.jar:/home/user/.m2/repository/javax/ws/rs/javax.ws.rs-api/2.1/javax.ws.rs-api-2.1.jar:/home/user/.m2/repository/org/glassfish/jersey/ext/cdi/jersey-cdi1x/2.27/jersey-cdi1x-2.27.jar:/home/user/.m2/repository/org/glassfish/jersey/inject/jersey-hk2/2.27/jersey-hk2-2.27.jar:/home/user/.m2/repository/org/glassfish/hk2/hk2-locator/2.5.0-b42/hk2-locator-2.5.0-b42.jar:/home/user/.m2/repository/org/javassist/javassist/3.22.0-CR2/javassist-3.22.0-CR2.jar:/home/user/.m2/repository/org/glassfish/hk2/hk2-api/2.5.0/hk2-api-2.5.0.jar:/home/user/.m2/repository/org/glassfish/hk2/external/jakarta.inject/2.5.0/jakarta.inject-2.5.0.jar:/home/user/.m2/repository/org/glassfish/hk2/hk2-utils/2.5.0/hk2-utils-2.5.0.jar:/home/user/.m2/repository/jakarta/annotation/jakarta.annotation-api/1.3.4/jakarta.annotation-api-1.3.4.jar:/home/user/.m2/repository/org/glassfish/hk2/external/aopalliance-repackaged/2.5.0/aopalliance-repackaged-2.5.0.jar:/home/user/.m2/repository/com/fasterxml/jackson/dataformat/jackson-dataformat-xml/2.9.0/jackson-dataformat-xml-2.9.0.jar:/home/user/.m2/repository/com/fasterxml/jackson/core/jackson-core/2.9.9/jackson-core-2.9.9.jar:/home/user/.m2/repository/com/fasterxml/jackson/module/jackson-module-jaxb-annotations/2.9.9/jackson-module-jaxb-annotations-2.9.9.jar:/home/user/.m2/repository/javax/enterprise/cdi-api/1.2/cdi-api-1.2.jar:/home/user/.m2/repository/javax/el/javax.el-api/3.0.0/javax.el-api-3.0.0.jar:/home/user/.m2/repository/javax/interceptor/javax.interceptor-api/1.2/javax.interceptor-api-1.2.jar:/home/user/.m2/repository/javax/inject/javax.inject/1/javax.inject-1.jar:/home/user/.m2/repository/com/sun/xml/bind/jaxb-impl/2.3.0.1/jaxb-impl-2.3.0.1.jar:/home/user/.m2/repository/com/sun/xml/bind/jaxb-core/2.3.0.1/jaxb-core-2.3.0.1.jar:/home/user/.m2/repository/javax/xml/bind/jaxb-api/2.3.0/jaxb-api-2.3.0.jar:/home/user/.m2/repository/javax/activation/activation/1.1.1/activation-1.1.1.jar:/home/user/.m2/repository/org/apache/hadoop/hadoop-ozone-csi/0.5.0-SNAPSHOT/hadoop-ozone-csi-0.5.0-SNAPSHOT.jar:/home/user/.m2/repository/com/google/protobuf/protobuf-java-util/3.5.1/protobuf-java-util-3.5.1.jar:/home/user/.m2/repository/org/apache/hadoop/hadoop-hdds-config/0.5.0-SNAPSHOT/hadoop-hdds-config-0.5.0-SNAPSHOT.jar:/home/user/.m2/repository/io/grpc/grpc-netty/1.17.1/grpc-netty-1.17.1.jar:/home/user/.m2/repository/io/grpc/grpc-core/1.17.1/grpc-core-1.17.1.jar:/home/user/.m2/repository/io/grpc/grpc-context/1.17.1/grpc-context-1.17.1.jar:/home/user/.m2/repository/com/google/errorprone/error_prone_annotations/2.2.0/error_prone_annotations-2.2.0.jar:/home/user/.m2/repository/org/codehaus/mojo/animal-sniffer-annotations/1.17/animal-sniffer-annotations-1.17.jar:/home/user/.m2/repository/io/opencensus/opencensus-api/0.17.0/opencensus-api-0.17.0.jar:/home/user/.m2/repository/io/opencensus/opencensus-contrib-grpc-metrics/0.17.0/opencensus-contrib-grpc-metrics-0.17.0.jar:/home/user/.m2/repository/io/netty/netty-codec-http2/4.1.30.Final/netty-codec-http2-4.1.30.Final.jar:/home/user/.m2/repository/io/netty/netty-codec-http/4.1.30.Final/netty-codec-http-4.1.30.Final.jar:/home/user/.m2/repository/io/netty/netty-codec/4.1.30.Final/netty-codec-4.1.30.Final.jar:/home/user/.m2/repository/io/netty/netty-handler/4.1.30.Final/netty-handler-4.1.30.Final.jar:/home/user/.m2/repository/io/netty/netty-handler-proxy/4.1.30.Final/netty-handler-proxy-4.1.30.Final.jar:/home/user/.m2/repository/io/netty/netty-codec-socks/4.1.30.Final/netty-codec-socks-4.1.30.Final.jar:/home/user/.m2/repository/io/netty/netty-transport-native-epoll/4.1.30.Final/netty-transport-native-epoll-4.1.30.Final.jar:/home/user/.m2/repository/io/netty/netty-common/4.1.30.Final/netty-common-4.1.30.Final.jar:/home/user/.m2/repository/io/netty/netty-buffer/4.1.30.Final/netty-buffer-4.1.30.Final.jar:/home/user/.m2/repository/io/netty/netty-transport/4.1.30.Final/netty-transport-4.1.30.Final.jar:/home/user/.m2/repository/io/netty/netty-resolver/4.1.30.Final/netty-resolver-4.1.30.Final.jar:/home/user/.m2/repository/io/netty/netty-transport-native-unix-common/4.1.30.Final/netty-transport-native-unix-common-4.1.30.Final.jar:/home/user/.m2/repository/io/grpc/grpc-protobuf/1.17.1/grpc-protobuf-1.17.1.jar:/home/user/.m2/repository/com/google/api/grpc/proto-google-common-protos/1.0.0/proto-google-common-protos-1.0.0.jar:/home/user/.m2/repository/io/grpc/grpc-protobuf-lite/1.17.1/grpc-protobuf-lite-1.17.1.jar:/home/user/.m2/repository/io/grpc/grpc-stub/1.17.1/grpc-stub-1.17.1.jar:/home/user/.m2/repository/org/apache/hadoop/hadoop-ozone-recon/0.5.0-SNAPSHOT/hadoop-ozone-recon-0.5.0-SNAPSHOT.jar:/home/user/.m2/repository/org/apache/hadoop/hadoop-ozone-reconcodegen/0.5.0-SNAPSHOT/hadoop-ozone-reconcodegen-0.5.0-SNAPSHOT.jar:/home/user/.m2/repository/com/google/inject/extensions/guice-multibindings/4.0/guice-multibindings-4.0.jar:/home/user/.m2/repository/com/google/inject/guice/4.0/guice-4.0.jar:/home/user/.m2/repository/aopalliance/aopalliance/1.0/aopalliance-1.0.jar:/home/user/.m2/repository/com/google/inject/extensions/guice-servlet/4.0/guice-servlet-4.0.jar:/home/user/.m2/repository/org/glassfish/jersey/containers/jersey-container-servlet/2.27/jersey-container-servlet-2.27.jar:/home/user/.m2/repository/org/glassfish/hk2/guice-bridge/2.5.0/guice-bridge-2.5.0.jar:/home/user/.m2/repository/org/glassfish/jersey/core/jersey-server/2.27/jersey-server-2.27.jar:/home/user/.m2/repository/org/glassfish/jersey/core/jersey-client/2.27/jersey-client-2.27.jar:/home/user/.m2/repository/org/glassfish/jersey/media/jersey-media-jaxb/2.27/jersey-media-jaxb-2.27.jar:/home/user/.m2/repository/javax/validation/validation-api/1.1.0.Final/validation-api-1.1.0.Final.jar:/home/user/.m2/repository/org/glassfish/jersey/media/jersey-media-json-jackson/2.27/jersey-media-json-jackson-2.27.jar:/home/user/.m2/repository/org/glassfish/jersey/ext/jersey-entity-filtering/2.27/jersey-entity-filtering-2.27.jar:/home/user/.m2/repository/com/google/inject/extensions/guice-assistedinject/4.0/guice-assistedinject-4.0.jar:/home/user/.m2/repository/org/jooq/jooq/3.11.10/jooq-3.11.10.jar:/home/user/.m2/repository/org/jooq/jooq-meta/3.11.10/jooq-meta-3.11.10.jar:/home/user/.m2/repository/org/jooq/jooq-codegen/3.11.10/jooq-codegen-3.11.10.jar:/home/user/.m2/repository/com/jolbox/bonecp/0.8.0.RELEASE/bonecp-0.8.0.RELEASE.jar:/home/user/.m2/repository/org/xerial/sqlite-jdbc/3.25.2/sqlite-jdbc-3.25.2.jar:/home/user/.m2/repository/org/springframework/spring-jdbc/5.1.3.RELEASE/spring-jdbc-5.1.3.RELEASE.jar:/home/user/.m2/repository/org/springframework/spring-beans/5.1.3.RELEASE/spring-beans-5.1.3.RELEASE.jar:/home/user/.m2/repository/org/springframework/spring-core/5.1.3.RELEASE/spring-core-5.1.3.RELEASE.jar:/home/user/.m2/repository/org/springframework/spring-jcl/5.1.3.RELEASE/spring-jcl-5.1.3.RELEASE.jar:/home/user/.m2/repository/org/springframework/spring-tx/5.1.3.RELEASE/spring-tx-5.1.3.RELEASE.jar:/home/user/.m2/repository/org/apache/hadoop/hadoop-ozone-client/0.5.0-SNAPSHOT/hadoop-ozone-client-0.5.0-SNAPSHOT.jar:/home/user/.m2/repository/commons-lang/commons-lang/2.6/commons-lang-2.6.jar:/home/user/.m2/repository/org/apache/hadoop/hadoop-ozone-ozone-manager/0.5.0-SNAPSHOT/hadoop-ozone-ozone-manager-0.5.0-SNAPSHOT-tests.jar:/home/user/.m2/repository/junit/junit/4.11/junit-4.11.jar:/home/user/.m2/repository/org/hamcrest/hamcrest-core/1.3/hamcrest-core-1.3.jar:/home/user/.m2/repository/org/openjdk/jmh/jmh-core/1.19/jmh-core-1.19.jar:/home/user/.m2/repository/net/sf/jopt-simple/jopt-simple/4.6/jopt-simple-4.6.jar:/home/user/.m2/repository/org/apache/commons/commons-math3/3.1.1/commons-math3-3.1.1.jar:/home/user/.m2/repository/org/openjdk/jmh/jmh-generator-annprocess/1.19/jmh-generator-annprocess-1.19.jar:/home/user/.m2/repository/org/mockito/mockito-all/1.8.5/mockito-all-1.8.5.jar:/home/user/.m2/repository/org/apache/hadoop/hadoop-kms/3.2.0/hadoop-kms-3.2.0.jar:/home/user/.m2/repository/org/apache/hadoop/hadoop-auth/3.2.0/hadoop-auth-3.2.0.jar:/home/user/.m2/repository/com/nimbusds/nimbus-jose-jwt/4.41.1/nimbus-jose-jwt-4.41.1.jar:/home/user/.m2/repository/com/github/stephenc/jcip/jcip-annotations/1.0-1/jcip-annotations-1.0-1.jar:/home/user/.m2/repository/net/minidev/json-smart/2.3/json-smart-2.3.jar:/home/user/.m2/repository/net/minidev/accessors-smart/1.2/accessors-smart-1.2.jar:/home/user/.m2/repository/org/ow2/asm/asm/5.0.4/asm-5.0.4.jar:/home/user/.m2/repository/org/apache/curator/curator-framework/2.12.0/curator-framework-2.12.0.jar:/home/user/.m2/repository/com/sun/jersey/jersey-core/1.19/jersey-core-1.19.jar:/home/user/.m2/repository/javax/ws/rs/jsr311-api/1.1.1/jsr311-api-1.1.1.jar:/home/user/.m2/repository/com/sun/jersey/jersey-server/1.19/jersey-server-1.19.jar:/home/user/.m2/repository/javax/servlet/javax.servlet-api/3.1.0/javax.servlet-api-3.1.0.jar:/home/user/.m2/repository/org/eclipse/jetty/jetty-server/9.3.25.v20180904/jetty-server-9.3.25.v20180904.jar:/home/user/.m2/repository/org/eclipse/jetty/jetty-http/9.3.25.v20180904/jetty-http-9.3.25.v20180904.jar:/home/user/.m2/repository/org/eclipse/jetty/jetty-io/9.3.25.v20180904/jetty-io-9.3.25.v20180904.jar:/home/user/.m2/repository/org/eclipse/jetty/jetty-webapp/9.3.25.v20180904/jetty-webapp-9.3.25.v20180904.jar:/home/user/.m2/repository/org/eclipse/jetty/jetty-xml/9.3.25.v20180904/jetty-xml-9.3.25.v20180904.jar:/home/user/.m2/repository/log4j/log4j/1.2.17/log4j-1.2.17.jar:/home/user/.m2/repository/org/slf4j/slf4j-api/1.7.25/slf4j-api-1.7.25.jar:/home/user/.m2/repository/org/slf4j/jul-to-slf4j/1.7.25/jul-to-slf4j-1.7.25.jar:/home/user/.m2/repository/org/eclipse/jetty/jetty-util/9.3.25.v20180904/jetty-util-9.3.25.v20180904.jar:/home/user/.m2/repository/com/fasterxml/jackson/core/jackson-databind/2.9.9/jackson-databind-2.9.9.jar:/home/user/.m2/repository/org/apache/hadoop/hadoop-kms/3.2.0/hadoop-kms-3.2.0-tests.jar:/home/user/.m2/repository/org/apache/hadoop/hadoop-hdds-server-scm/0.5.0-SNAPSHOT/hadoop-hdds-server-scm-0.5.0-SNAPSHOT-tests.jar:/home/user/.m2/repository/org/apache/hadoop/hadoop-hdds-container-service/0.5.0-SNAPSHOT/hadoop-hdds-container-service-0.5.0-SNAPSHOT-tests.jar:/home/user/.m2/repository/org/yaml/snakeyaml/1.16/snakeyaml-1.16.jar:/home/user/.m2/repository/org/apache/hadoop/hadoop-common/3.2.0/hadoop-common-3.2.0-tests.jar:/home/user/.m2/repository/org/apache/hadoop/hadoop-annotations/3.2.0/hadoop-annotations-3.2.0.jar:/usr/lib/jvm/java-1.8-openjdk/jre/../lib/tools.jar:/home/user/.m2/repository/commons-cli/commons-cli/1.2/commons-cli-1.2.jar:/home/user/.m2/repository/org/apache/httpcomponents/httpclient/4.5.2/httpclient-4.5.2.jar:/home/user/.m2/repository/org/apache/httpcomponents/httpcore/4.4.4/httpcore-4.4.4.jar:/home/user/.m2/repository/commons-codec/commons-codec/1.11/commons-codec-1.11.jar:/home/user/.m2/repository/commons-net/commons-net/3.6/commons-net-3.6.jar:/home/user/.m2/repository/commons-collections/commons-collections/3.2.2/commons-collections-3.2.2.jar:/home/user/.m2/repository/org/eclipse/jetty/jetty-servlet/9.3.25.v20180904/jetty-servlet-9.3.25.v20180904.jar:/home/user/.m2/repository/org/eclipse/jetty/jetty-security/9.3.25.v20180904/jetty-security-9.3.25.v20180904.jar:/home/user/.m2/repository/javax/servlet/jsp/jsp-api/2.1/jsp-api-2.1.jar:/home/user/.m2/repository/com/sun/jersey/jersey-servlet/1.19/jersey-servlet-1.19.jar:/home/user/.m2/repository/com/sun/jersey/jersey-json/1.19/jersey-json-1.19.jar:/home/user/.m2/repository/org/codehaus/jettison/jettison/1.1/jettison-1.1.jar:/home/user/.m2/repository/org/codehaus/jackson/jackson-core-asl/1.9.13/jackson-core-asl-1.9.13.jar:/home/user/.m2/repository/org/codehaus/jackson/jackson-mapper-asl/1.9.13/jackson-mapper-asl-1.9.13.jar:/home/user/.m2/repository/org/codehaus/jackson/jackson-jaxrs/1.9.13/jackson-jaxrs-1.9.13.jar:/home/user/.m2/repository/org/codehaus/jackson/jackson-xc/1.9.13/jackson-xc-1.9.13.jar:/home/user/.m2/repository/commons-logging/commons-logging/1.1.3/commons-logging-1.1.3.jar:/home/user/.m2/repository/commons-beanutils/commons-beanutils/1.9.4/commons-beanutils-1.9.4.jar:/home/user/.m2/repository/org/apache/commons/commons-configuration2/2.1.1/commons-configuration2-2.1.1.jar:/home/user/.m2/repository/org/apache/commons/commons-lang3/3.7/commons-lang3-3.7.jar:/home/user/.m2/repository/org/apache/commons/commons-text/1.4/commons-text-1.4.jar:/home/user/.m2/repository/org/apache/avro/avro/1.7.7/avro-1.7.7.jar:/home/user/.m2/repository/com/thoughtworks/paranamer/paranamer/2.3/paranamer-2.3.jar:/home/user/.m2/repository/org/xerial/snappy/snappy-java/1.0.5/snappy-java-1.0.5.jar:/home/user/.m2/repository/com/google/re2j/re2j/1.1/re2j-1.1.jar:/home/user/.m2/repository/com/google/code/gson/gson/2.2.4/gson-2.2.4.jar:/home/user/.m2/repository/com/jcraft/jsch/0.1.54/jsch-0.1.54.jar:/home/user/.m2/repository/org/apache/curator/curator-client/2.12.0/curator-client-2.12.0.jar:/home/user/.m2/repository/org/apache/curator/curator-recipes/2.12.0/curator-recipes-2.12.0.jar:/home/user/.m2/repository/com/google/code/findbugs/jsr305/3.0.0/jsr305-3.0.0.jar:/home/user/.m2/repository/org/apache/htrace/htrace-core4/4.1.0-incubating/htrace-core4-4.1.0-incubating.jar:/home/user/.m2/repository/org/apache/zookeeper/zookeeper/3.4.13/zookeeper-3.4.13.jar:/home/user/.m2/repository/jline/jline/0.9.94/jline-0.9.94.jar:/home/user/.m2/repository/org/apache/yetus/audience-annotations/0.5.0/audience-annotations-0.5.0.jar:/home/user/.m2/repository/org/codehaus/woodstox/stax2-api/3.1.4/stax2-api-3.1.4.jar:/home/user/.m2/repository/com/fasterxml/woodstox/woodstox-core/5.0.3/woodstox-core-5.0.3.jar:/home/user/.m2/repository/dnsjava/dnsjava/2.1.7/dnsjava-2.1.7.jar:/home/user/.m2/repository/org/apache/hadoop/hadoop-hdfs/3.2.0/hadoop-hdfs-3.2.0-tests.jar:/home/user/.m2/repository/org/eclipse/jetty/jetty-util-ajax/9.3.25.v20180904/jetty-util-ajax-9.3.25.v20180904.jar:/home/user/.m2/repository/commons-daemon/commons-daemon/1.0.13/commons-daemon-1.0.13.jar:/home/user/.m2/repository/io/netty/netty/3.10.5.Final/netty-3.10.5.Final.jar:/home/user/.m2/repository/io/netty/netty-all/4.0.52.Final/netty-all-4.0.52.Final.jar:/home/user/.m2/repository/org/fusesource/leveldbjni/leveldbjni-all/1.8/leveldbjni-all-1.8.jar:"/>
    <property name="sun.cpu.endian" value="little"/>
    <property name="user.home" value="/home/user"/>
    <property name="user.language" value="en"/>
    <property name="java.specification.vendor" value="Oracle Corporation"/>
    <property name="java.home" value="/usr/lib/jvm/java-1.8-openjdk/jre"/>
    <property name="java.security.krb5.conf" value="/workdir/hadoop-ozone/integration-test/target/test-classes/krb5.conf"/>
    <property name="basedir" value="/workdir/hadoop-ozone/integration-test"/>
    <property name="file.separator" value="/"/>
    <property name="line.separator" value="&#10;"/>
    <property name="java.vm.specification.vendor" value="Oracle Corporation"/>
    <property name="java.specification.name" value="Java Platform API Specification"/>
    <property name="java.awt.graphicsenv" value="sun.awt.X11GraphicsEnvironment"/>
    <property name="surefire.real.class.path" value="/workdir/hadoop-ozone/integration-test/target/surefire/surefirebooter6182052320317442904.jar"/>
    <property name="hadoop.log.dir" value="/workdir/hadoop-ozone/integration-test/target/log"/>
    <property name="sun.boot.class.path" value="/usr/lib/jvm/java-1.8-openjdk/jre/lib/resources.jar:/usr/lib/jvm/java-1.8-openjdk/jre/lib/rt.jar:/usr/lib/jvm/java-1.8-openjdk/jre/lib/sunrsasign.jar:/usr/lib/jvm/java-1.8-openjdk/jre/lib/jsse.jar:/usr/lib/jvm/java-1.8-openjdk/jre/lib/jce.jar:/usr/lib/jvm/java-1.8-openjdk/jre/lib/charsets.jar:/usr/lib/jvm/java-1.8-openjdk/jre/lib/jfr.jar:/usr/lib/jvm/java-1.8-openjdk/jre/classes"/>
    <property name="sun.management.compiler" value="HotSpot 64-Bit Tiered Compilers"/>
    <property name="java.runtime.version" value="1.8.0_212-b04"/>
    <property name="java.net.preferIPv4Stack" value="true"/>
    <property name="user.name" value="jenkins1000"/>
    <property name="path.separator" value=":"/>
    <property name="java.security.egd" value="file:///dev/urandom"/>
    <property name="os.version" value="3.10.0-957.12.2.el7.x86_64"/>
    <property name="java.endorsed.dirs" value="/usr/lib/jvm/java-1.8-openjdk/jre/lib/endorsed"/>
    <property name="java.runtime.name" value="OpenJDK Runtime Environment"/>
    <property name="file.encoding" value="UTF-8"/>
    <property name="java.vm.name" value="OpenJDK 64-Bit Server VM"/>
    <property name="test.build.webapps" value=""/>
    <property name="localRepository" value="/home/user/.m2/repository"/>
    <property name="java.vendor.url.bug" value="https://icedtea.classpath.org/bugzilla"/>
    <property name="java.io.tmpdir" value="/tmp"/>
    <property name="require.test.libhadoop" value=""/>
    <property name="java.version" value="1.8.0_212"/>
    <property name="user.dir" value="/workdir/hadoop-ozone/integration-test"/>
    <property name="os.arch" value="amd64"/>
    <property name="java.vm.specification.name" value="Java Virtual Machine Specification"/>
    <property name="test.build.classes" value="/workdir/hadoop-ozone/integration-test/target/test-classes"/>
    <property name="java.awt.printerjob" value="sun.print.PSPrinterJob"/>
    <property name="sun.os.patch.level" value="unknown"/>
    <property name="hadoop.tmp.dir" value="/workdir/hadoop-ozone/integration-test/target/tmp"/>
    <property name="java.library.path" value="/usr/lib/jvm/java-1.8-openjdk/jre/lib/amd64/server:/usr/lib/jvm/java-1.8-openjdk/jre/lib/amd64:/usr/lib/jvm/java-1.8-openjdk/jre/../lib/amd64:/workdir/hadoop-ozone/integration-test/target/native/target/usr/local/lib:/workdir/hadoop-ozone/integration-test/../../hadoop-common-project/hadoop-common/target/native/target/usr/local/lib:/usr/java/packages/lib/amd64:/usr/lib64:/lib64:/lib:/usr/lib"/>
    <property name="java.vm.info" value="mixed mode"/>
    <property name="java.vendor" value="IcedTea"/>
    <property name="java.vm.version" value="25.212-b04"/>
    <property name="java.ext.dirs" value="/usr/lib/jvm/java-1.8-openjdk/jre/lib/ext:/usr/java/packages/lib/ext"/>
    <property name="sun.io.unicode.encoding" value="UnicodeLittle"/>
    <property name="java.class.version" value="52.0"/>
  </properties>
  <testcase name="testWatchForCommitWithKeyWrite" classname="org.apache.hadoop.ozone.client.rpc.TestWatchForCommit" time="83.232"/>
  <testcase name="testWatchForCommitWithSmallerTimeoutValue" classname="org.apache.hadoop.ozone.client.rpc.TestWatchForCommit" time="43.302"/>
  <testcase name="testWatchForCommitForRetryfailure" classname="org.apache.hadoop.ozone.client.rpc.TestWatchForCommit" time="72.222"/>
  <testcase name="testWatchForCommitForGroupMismatchException" classname="org.apache.hadoop.ozone.client.rpc.TestWatchForCommit" time="31.769"/>
  <testcase name="test2WayCommitForTimeoutException" classname="org.apache.hadoop.ozone.client.rpc.TestWatchForCommit" time="22.053">
    <error type="java.util.concurrent.TimeoutException">java.util.concurrent.TimeoutException
	at java.util.concurrent.CompletableFuture.timedGet(CompletableFuture.java:1771)
	at java.util.concurrent.CompletableFuture.get(CompletableFuture.java:1915)
	at org.apache.hadoop.hdds.scm.XceiverClientRatis.watchForCommit(XceiverClientRatis.java:298)
	at org.apache.hadoop.ozone.client.rpc.TestWatchForCommit.test2WayCommitForTimeoutException(TestWatchForCommit.java:391)
	at sun.reflect.NativeMethodAccessorImpl.invoke0(Native Method)
	at sun.reflect.NativeMethodAccessorImpl.invoke(NativeMethodAccessorImpl.java:62)
	at sun.reflect.DelegatingMethodAccessorImpl.invoke(DelegatingMethodAccessorImpl.java:43)
	at java.lang.reflect.Method.invoke(Method.java:498)
	at org.junit.runners.model.FrameworkMethod$1.runReflectiveCall(FrameworkMethod.java:47)
	at org.junit.internal.runners.model.ReflectiveCallable.run(ReflectiveCallable.java:12)
	at org.junit.runners.model.FrameworkMethod.invokeExplosively(FrameworkMethod.java:44)
	at org.junit.internal.runners.statements.InvokeMethod.evaluate(InvokeMethod.java:17)
	at org.junit.runners.ParentRunner.runLeaf(ParentRunner.java:271)
	at org.junit.runners.BlockJUnit4ClassRunner.runChild(BlockJUnit4ClassRunner.java:70)
	at org.junit.runners.BlockJUnit4ClassRunner.runChild(BlockJUnit4ClassRunner.java:50)
	at org.junit.runners.ParentRunner$3.run(ParentRunner.java:238)
	at org.junit.runners.ParentRunner$1.schedule(ParentRunner.java:63)
	at org.junit.runners.ParentRunner.runChildren(ParentRunner.java:236)
	at org.junit.runners.ParentRunner.access$000(ParentRunner.java:53)
	at org.junit.runners.ParentRunner$2.evaluate(ParentRunner.java:229)
	at org.junit.runners.ParentRunner.run(ParentRunner.java:309)
	at org.apache.maven.surefire.junit4.JUnit4Provider.execute(JUnit4Provider.java:365)
	at org.apache.maven.surefire.junit4.JUnit4Provider.executeWithRerun(JUnit4Provider.java:273)
	at org.apache.maven.surefire.junit4.JUnit4Provider.executeTestSet(JUnit4Provider.java:238)
	at org.apache.maven.surefire.junit4.JUnit4Provider.invoke(JUnit4Provider.java:159)
	at org.apache.maven.surefire.booter.ForkedBooter.invokeProviderInSameClassLoader(ForkedBooter.java:384)
	at org.apache.maven.surefire.booter.ForkedBooter.runSuitesInProcess(ForkedBooter.java:345)
	at org.apache.maven.surefire.booter.ForkedBooter.execute(ForkedBooter.java:126)
	at org.apache.maven.surefire.booter.ForkedBooter.main(ForkedBooter.java:418)
</error>
    <system-out><![CDATA[2019-10-04 09:14:17,751 [main] WARN  server.ServerUtils (ServerUtils.java:getScmDbDir(145)) - ozone.scm.db.dirs is not configured. We recommend adding this setting. Falling back to ozone.metadata.dirs instead.
2019-10-04 09:14:17,766 [main] WARN  server.ServerUtils (ServerUtils.java:getScmDbDir(145)) - ozone.scm.db.dirs is not configured. We recommend adding this setting. Falling back to ozone.metadata.dirs instead.
2019-10-04 09:14:17,767 [main] WARN  server.ServerUtils (ServerUtils.java:getScmDbDir(145)) - ozone.scm.db.dirs is not configured. We recommend adding this setting. Falling back to ozone.metadata.dirs instead.
2019-10-04 09:14:17,767 [main] INFO  db.DBStoreBuilder (DBStoreBuilder.java:addTable(117)) - using custom profile for table: deletedBlocks
2019-10-04 09:14:17,767 [main] INFO  db.DBStoreBuilder (DBStoreBuilder.java:processTables(168)) - Using default column profile:DBProfile.DISK for Table:deletedBlocks
2019-10-04 09:14:17,768 [main] INFO  db.DBStoreBuilder (DBStoreBuilder.java:addTable(117)) - using custom profile for table: validCerts
2019-10-04 09:14:17,768 [main] INFO  db.DBStoreBuilder (DBStoreBuilder.java:processTables(168)) - Using default column profile:DBProfile.DISK for Table:validCerts
2019-10-04 09:14:17,768 [main] INFO  db.DBStoreBuilder (DBStoreBuilder.java:addTable(117)) - using custom profile for table: revokedCerts
2019-10-04 09:14:17,768 [main] INFO  db.DBStoreBuilder (DBStoreBuilder.java:processTables(168)) - Using default column profile:DBProfile.DISK for Table:revokedCerts
2019-10-04 09:14:17,768 [main] INFO  db.DBStoreBuilder (DBStoreBuilder.java:addTable(117)) - using custom profile for table: default
2019-10-04 09:14:17,769 [main] INFO  db.DBStoreBuilder (DBStoreBuilder.java:processTables(174)) - Using default column profile:DBProfile.DISK for Table:default
2019-10-04 09:14:17,769 [main] INFO  db.DBStoreBuilder (DBStoreBuilder.java:getDbProfile(205)) - Using default options. DBProfile.DISK
2019-10-04 09:14:17,928 [main] INFO  net.NodeSchemaLoader (NodeSchemaLoader.java:loadSchemaFromFile(125)) - Loading file from sun.misc.CompoundEnumeration@5b29ab61
2019-10-04 09:14:17,928 [main] INFO  net.NodeSchemaLoader (NodeSchemaLoader.java:loadSchema(171)) - Loading network topology layer schema file
2019-10-04 09:14:17,934 [main] WARN  server.ServerUtils (ServerUtils.java:sanitizeUserArgs(70)) - ozone.scm.stale.node.interval value = 300000 is larger than max = 100000 based on the key value of ozone.scm.heartbeat.thread.interval, reset to the max value 100000.
2019-10-04 09:14:17,934 [main] WARN  server.ServerUtils (ServerUtils.java:sanitizeUserArgs(70)) - ozone.scm.stale.node.interval value = 300000 is larger than max = 100000 based on the key value of ozone.scm.heartbeat.thread.interval, reset to the max value 100000.
2019-10-04 09:14:17,934 [main] INFO  node.SCMNodeManager (SCMNodeManager.java:<init>(114)) - Entering startup safe mode.
2019-10-04 09:14:17,935 [main] INFO  algorithms.ContainerPlacementPolicyFactory (ContainerPlacementPolicyFactory.java:getPolicy(57)) - Create container placement policy of type org.apache.hadoop.hdds.scm.container.placement.algorithms.SCMContainerPlacementRandom
2019-10-04 09:14:17,936 [main] WARN  server.ServerUtils (ServerUtils.java:getScmDbDir(145)) - ozone.scm.db.dirs is not configured. We recommend adding this setting. Falling back to ozone.metadata.dirs instead.
2019-10-04 09:14:17,987 [main] INFO  pipeline.SCMPipelineManager (SCMPipelineManager.java:initializePipelineState(132)) - No pipeline exists in current db
2019-10-04 09:14:17,987 [main] WARN  server.ServerUtils (ServerUtils.java:getScmDbDir(145)) - ozone.scm.db.dirs is not configured. We recommend adding this setting. Falling back to ozone.metadata.dirs instead.
2019-10-04 09:14:18,021 [main] WARN  events.EventQueue (EventQueue.java:fireEvent(183)) - No event handler registered for event TypedEvent{payloadType=SafeModeStatus, name='SafeModeStatus'}
2019-10-04 09:14:18,023 [main] INFO  ipc.CallQueueManager (CallQueueManager.java:<init>(84)) - Using callQueue: class java.util.concurrent.LinkedBlockingQueue, queueCapacity: 2000, scheduler: class org.apache.hadoop.ipc.DefaultRpcScheduler, ipcBackoff: false.
2019-10-04 09:14:18,024 [Socket Reader #1 for port 44885] INFO  ipc.Server (Server.java:run(1074)) - Starting Socket Reader #1 for port 44885
2019-10-04 09:14:18,027 [main] INFO  ipc.CallQueueManager (CallQueueManager.java:<init>(84)) - Using callQueue: class java.util.concurrent.LinkedBlockingQueue, queueCapacity: 2000, scheduler: class org.apache.hadoop.ipc.DefaultRpcScheduler, ipcBackoff: false.
2019-10-04 09:14:18,028 [Socket Reader #1 for port 39289] INFO  ipc.Server (Server.java:run(1074)) - Starting Socket Reader #1 for port 39289
2019-10-04 09:14:18,030 [main] INFO  ipc.CallQueueManager (CallQueueManager.java:<init>(84)) - Using callQueue: class java.util.concurrent.LinkedBlockingQueue, queueCapacity: 2000, scheduler: class org.apache.hadoop.ipc.DefaultRpcScheduler, ipcBackoff: false.
2019-10-04 09:14:18,031 [Socket Reader #1 for port 43538] INFO  ipc.Server (Server.java:run(1074)) - Starting Socket Reader #1 for port 43538
2019-10-04 09:14:18,035 [main] INFO  hdfs.DFSUtil (DFSUtil.java:httpServerTemplateForNNAndJN(1641)) - Starting Web-server for scm at: http://0.0.0.0:0
2019-10-04 09:14:18,038 [main] INFO  server.AuthenticationFilter (AuthenticationFilter.java:constructSecretProvider(240)) - Unable to initialize FileSignerSecretProvider, falling back to use random secrets.
2019-10-04 09:14:18,038 [main] WARN  http.HttpRequestLog (HttpRequestLog.java:getRequestLog(97)) - Jetty request log can only be enabled using Log4j
2019-10-04 09:14:18,041 [main] INFO  http.HttpServer2 (HttpServer2.java:addGlobalFilter(975)) - Added global filter 'safety' (class=org.apache.hadoop.http.HttpServer2$QuotingInputFilter)
2019-10-04 09:14:18,041 [main] INFO  http.HttpServer2 (HttpServer2.java:addFilter(948)) - Added filter static_user_filter (class=org.apache.hadoop.http.lib.StaticUserWebFilter$StaticUserFilter) to context scm
2019-10-04 09:14:18,042 [main] INFO  http.HttpServer2 (HttpServer2.java:addFilter(958)) - Added filter static_user_filter (class=org.apache.hadoop.http.lib.StaticUserWebFilter$StaticUserFilter) to context logs
2019-10-04 09:14:18,042 [main] INFO  http.HttpServer2 (HttpServer2.java:addFilter(958)) - Added filter static_user_filter (class=org.apache.hadoop.http.lib.StaticUserWebFilter$StaticUserFilter) to context static
2019-10-04 09:14:18,045 [main] INFO  server.StorageContainerManager (StorageContainerManager.java:start(770)) - StorageContainerLocationProtocol RPC server is listening at /0.0.0.0:43538
2019-10-04 09:14:18,047 [main] WARN  impl.MetricsConfig (MetricsConfig.java:loadFirst(134)) - Cannot locate configuration: tried hadoop-metrics2-storagecontainermanager.properties,hadoop-metrics2.properties
2019-10-04 09:14:18,048 [main] INFO  impl.MetricsSystemImpl (MetricsSystemImpl.java:startTimer(374)) - Scheduled Metric snapshot period at 10 second(s).
2019-10-04 09:14:18,049 [main] INFO  impl.MetricsSystemImpl (MetricsSystemImpl.java:start(191)) - StorageContainerManager metrics system started
2019-10-04 09:14:18,119 [main] WARN  impl.MetricsSystemImpl (MetricsSystemImpl.java:register(276)) - Sink prometheus already exists!
2019-10-04 09:14:18,220 [main] INFO  server.SCMClientProtocolServer (SCMClientProtocolServer.java:start(159)) - RPC server for Client  is listening at /0.0.0.0:43538
2019-10-04 09:14:18,221 [IPC Server Responder] INFO  ipc.Server (Server.java:run(1314)) - IPC Server Responder: starting
2019-10-04 09:14:18,223 [IPC Server listener on 43538] INFO  ipc.Server (Server.java:run(1153)) - IPC Server listener on 43538: starting
2019-10-04 09:14:18,227 [main] INFO  server.StorageContainerManager (StorageContainerManager.java:start(780)) - ScmBlockLocationProtocol RPC server is listening at /0.0.0.0:39289
2019-10-04 09:14:18,227 [main] INFO  server.SCMBlockProtocolServer (SCMBlockProtocolServer.java:start(146)) - RPC server for Block Protocol is listening at /0.0.0.0:39289
2019-10-04 09:14:18,228 [IPC Server Responder] INFO  ipc.Server (Server.java:run(1314)) - IPC Server Responder: starting
2019-10-04 09:14:18,228 [IPC Server listener on 39289] INFO  ipc.Server (Server.java:run(1153)) - IPC Server listener on 39289: starting
2019-10-04 09:14:18,233 [main] INFO  server.StorageContainerManager (StorageContainerManager.java:start(784)) - ScmDatanodeProtocl RPC server is listening at /0.0.0.0:44885
2019-10-04 09:14:18,233 [main] INFO  server.SCMDatanodeProtocolServer (SCMDatanodeProtocolServer.java:start(169)) - RPC server for DataNodes is listening at /0.0.0.0:44885
2019-10-04 09:14:18,234 [IPC Server listener on 44885] INFO  ipc.Server (Server.java:run(1153)) - IPC Server listener on 44885: starting
2019-10-04 09:14:18,234 [IPC Server Responder] INFO  ipc.Server (Server.java:run(1314)) - IPC Server Responder: starting
2019-10-04 09:14:18,243 [main] INFO  http.HttpServer2 (HttpServer2.java:bindListener(1191)) - Jetty bound to port 37780
2019-10-04 09:14:18,244 [main] INFO  server.Server (Server.java:doStart(351)) - jetty-9.3.25.v20180904, build timestamp: 2018-09-04T21:11:46Z, git hash: 3ce520221d0240229c862b122d2b06c12a625732
2019-10-04 09:14:18,245 [main] INFO  handler.ContextHandler (ContextHandler.java:doStart(781)) - Started o.e.j.s.ServletContextHandler@7b14c61{/logs,file:///workdir/hadoop-ozone/integration-test/target/log,AVAILABLE}
2019-10-04 09:14:18,246 [main] INFO  handler.ContextHandler (ContextHandler.java:doStart(781)) - Started o.e.j.s.ServletContextHandler@5e599100{/static,file:///workdir/hadoop-ozone/integration-test/target/test-classes/webapps/static,AVAILABLE}
2019-10-04 09:14:18,250 [main] INFO  handler.ContextHandler (ContextHandler.java:doStart(781)) - Started o.e.j.w.WebAppContext@31aab981{/,file:///workdir/hadoop-ozone/integration-test/target/test-classes/webapps/scm/,AVAILABLE}{/scm}
2019-10-04 09:14:18,250 [main] INFO  server.AbstractConnector (AbstractConnector.java:doStart(278)) - Started ServerConnector@26be9a6{HTTP/1.1,[http/1.1]}{0.0.0.0:37780}
2019-10-04 09:14:18,252 [main] INFO  server.Server (Server.java:doStart(419)) - Started @231434ms
2019-10-04 09:14:18,252 [main] WARN  impl.MetricsSystemImpl (MetricsSystemImpl.java:register(276)) - Sink prometheus already exists!
2019-10-04 09:14:18,254 [main] INFO  server.BaseHttpServer (BaseHttpServer.java:updateConnectorAddress(215)) - HTTP server of SCM is listening at http://0.0.0.0:37780
2019-10-04 09:14:18,255 [main] WARN  server.ServerUtils (ServerUtils.java:getDBPath(222)) - ozone.om.db.dirs is not configured. We recommend adding this setting. Falling back to ozone.metadata.dirs instead.
2019-10-04 09:14:18,256 [org.apache.hadoop.util.JvmPauseMonitor$Monitor@411fa0ce] INFO  util.JvmPauseMonitor (JvmPauseMonitor.java:run(188)) - Starting JVM pause monitor
2019-10-04 09:14:18,270 [main] INFO  ha.OMHANodeDetails (OMHANodeDetails.java:loadOMHAConfig(190)) - Configuration either no ozone.om.address set. Falling back to the default OM address /127.0.0.1:0
2019-10-04 09:14:18,270 [main] INFO  ha.OMHANodeDetails (OMHANodeDetails.java:getOMNodeDetails(220)) - OM Service ID is not set. Setting it to the default ID: omServiceIdDefault
2019-10-04 09:14:18,271 [main] WARN  server.ServerUtils (ServerUtils.java:getDBPath(222)) - ozone.om.db.dirs is not configured. We recommend adding this setting. Falling back to ozone.metadata.dirs instead.
2019-10-04 09:14:18,271 [main] WARN  server.ServerUtils (ServerUtils.java:getDBPath(222)) - ozone.om.db.dirs is not configured. We recommend adding this setting. Falling back to ozone.metadata.dirs instead.
2019-10-04 09:14:18,280 [main] WARN  server.ServerUtils (ServerUtils.java:getDBPath(222)) - ozone.om.db.dirs is not configured. We recommend adding this setting. Falling back to ozone.metadata.dirs instead.
2019-10-04 09:14:18,281 [main] INFO  db.DBStoreBuilder (DBStoreBuilder.java:addTable(117)) - using custom profile for table: userTable
2019-10-04 09:14:18,281 [main] INFO  db.DBStoreBuilder (DBStoreBuilder.java:processTables(168)) - Using default column profile:DBProfile.DISK for Table:userTable
2019-10-04 09:14:18,281 [main] INFO  db.DBStoreBuilder (DBStoreBuilder.java:addTable(117)) - using custom profile for table: volumeTable
2019-10-04 09:14:18,281 [main] INFO  db.DBStoreBuilder (DBStoreBuilder.java:processTables(168)) - Using default column profile:DBProfile.DISK for Table:volumeTable
2019-10-04 09:14:18,282 [main] INFO  db.DBStoreBuilder (DBStoreBuilder.java:addTable(117)) - using custom profile for table: bucketTable
2019-10-04 09:14:18,282 [main] INFO  db.DBStoreBuilder (DBStoreBuilder.java:processTables(168)) - Using default column profile:DBProfile.DISK for Table:bucketTable
2019-10-04 09:14:18,282 [main] INFO  db.DBStoreBuilder (DBStoreBuilder.java:addTable(117)) - using custom profile for table: keyTable
2019-10-04 09:14:18,282 [main] INFO  db.DBStoreBuilder (DBStoreBuilder.java:processTables(168)) - Using default column profile:DBProfile.DISK for Table:keyTable
2019-10-04 09:14:18,282 [main] INFO  db.DBStoreBuilder (DBStoreBuilder.java:addTable(117)) - using custom profile for table: deletedTable
2019-10-04 09:14:18,283 [main] INFO  db.DBStoreBuilder (DBStoreBuilder.java:processTables(168)) - Using default column profile:DBProfile.DISK for Table:deletedTable
2019-10-04 09:14:18,283 [main] INFO  db.DBStoreBuilder (DBStoreBuilder.java:addTable(117)) - using custom profile for table: openKeyTable
2019-10-04 09:14:18,283 [main] INFO  db.DBStoreBuilder (DBStoreBuilder.java:processTables(168)) - Using default column profile:DBProfile.DISK for Table:openKeyTable
2019-10-04 09:14:18,283 [main] INFO  db.DBStoreBuilder (DBStoreBuilder.java:addTable(117)) - using custom profile for table: s3Table
2019-10-04 09:14:18,283 [main] INFO  db.DBStoreBuilder (DBStoreBuilder.java:processTables(168)) - Using default column profile:DBProfile.DISK for Table:s3Table
2019-10-04 09:14:18,284 [main] INFO  db.DBStoreBuilder (DBStoreBuilder.java:addTable(117)) - using custom profile for table: multipartInfoTable
2019-10-04 09:14:18,284 [main] INFO  db.DBStoreBuilder (DBStoreBuilder.java:processTables(168)) - Using default column profile:DBProfile.DISK for Table:multipartInfoTable
2019-10-04 09:14:18,284 [main] INFO  db.DBStoreBuilder (DBStoreBuilder.java:addTable(117)) - using custom profile for table: dTokenTable
2019-10-04 09:14:18,284 [main] INFO  db.DBStoreBuilder (DBStoreBuilder.java:processTables(168)) - Using default column profile:DBProfile.DISK for Table:dTokenTable
2019-10-04 09:14:18,285 [main] INFO  db.DBStoreBuilder (DBStoreBuilder.java:addTable(117)) - using custom profile for table: s3SecretTable
2019-10-04 09:14:18,285 [main] INFO  db.DBStoreBuilder (DBStoreBuilder.java:processTables(168)) - Using default column profile:DBProfile.DISK for Table:s3SecretTable
2019-10-04 09:14:18,285 [main] INFO  db.DBStoreBuilder (DBStoreBuilder.java:addTable(117)) - using custom profile for table: prefixTable
2019-10-04 09:14:18,285 [main] INFO  db.DBStoreBuilder (DBStoreBuilder.java:processTables(168)) - Using default column profile:DBProfile.DISK for Table:prefixTable
2019-10-04 09:14:18,286 [main] INFO  db.DBStoreBuilder (DBStoreBuilder.java:addTable(117)) - using custom profile for table: default
2019-10-04 09:14:18,286 [main] INFO  db.DBStoreBuilder (DBStoreBuilder.java:processTables(174)) - Using default column profile:DBProfile.DISK for Table:default
2019-10-04 09:14:18,286 [main] INFO  db.DBStoreBuilder (DBStoreBuilder.java:getDbProfile(205)) - Using default options. DBProfile.DISK
2019-10-04 09:14:18,642 [main] INFO  ipc.CallQueueManager (CallQueueManager.java:<init>(84)) - Using callQueue: class java.util.concurrent.LinkedBlockingQueue, queueCapacity: 2000, scheduler: class org.apache.hadoop.ipc.DefaultRpcScheduler, ipcBackoff: false.
2019-10-04 09:14:18,643 [Socket Reader #1 for port 38874] INFO  ipc.Server (Server.java:run(1074)) - Starting Socket Reader #1 for port 38874
2019-10-04 09:14:18,655 [main] INFO  om.OzoneManager (OzoneManager.java:start(1069)) - OzoneManager RPC server is listening at localhost/127.0.0.1:38874
2019-10-04 09:14:18,655 [main] INFO  impl.MetricsSystemImpl (MetricsSystemImpl.java:init(158)) - OzoneManager metrics system started (again)
2019-10-04 09:14:18,656 [IPC Server Responder] INFO  ipc.Server (Server.java:run(1314)) - IPC Server Responder: starting
2019-10-04 09:14:18,657 [IPC Server listener on 38874] INFO  ipc.Server (Server.java:run(1153)) - IPC Server listener on 38874: starting
2019-10-04 09:14:18,661 [main] INFO  hdfs.DFSUtil (DFSUtil.java:httpServerTemplateForNNAndJN(1641)) - Starting Web-server for ozoneManager at: http://0.0.0.0:0
2019-10-04 09:14:18,662 [main] INFO  server.AuthenticationFilter (AuthenticationFilter.java:constructSecretProvider(240)) - Unable to initialize FileSignerSecretProvider, falling back to use random secrets.
2019-10-04 09:14:18,663 [main] WARN  http.HttpRequestLog (HttpRequestLog.java:getRequestLog(97)) - Jetty request log can only be enabled using Log4j
2019-10-04 09:14:18,664 [main] INFO  http.HttpServer2 (HttpServer2.java:addGlobalFilter(975)) - Added global filter 'safety' (class=org.apache.hadoop.http.HttpServer2$QuotingInputFilter)
2019-10-04 09:14:18,664 [main] INFO  http.HttpServer2 (HttpServer2.java:addFilter(948)) - Added filter static_user_filter (class=org.apache.hadoop.http.lib.StaticUserWebFilter$StaticUserFilter) to context ozoneManager
2019-10-04 09:14:18,664 [main] INFO  http.HttpServer2 (HttpServer2.java:addFilter(958)) - Added filter static_user_filter (class=org.apache.hadoop.http.lib.StaticUserWebFilter$StaticUserFilter) to context logs
2019-10-04 09:14:18,665 [main] INFO  http.HttpServer2 (HttpServer2.java:addFilter(958)) - Added filter static_user_filter (class=org.apache.hadoop.http.lib.StaticUserWebFilter$StaticUserFilter) to context static
2019-10-04 09:14:18,665 [main] INFO  http.HttpServer2 (HttpServer2.java:bindListener(1191)) - Jetty bound to port 36244
2019-10-04 09:14:18,665 [main] INFO  server.Server (Server.java:doStart(351)) - jetty-9.3.25.v20180904, build timestamp: 2018-09-04T21:11:46Z, git hash: 3ce520221d0240229c862b122d2b06c12a625732
2019-10-04 09:14:18,667 [main] INFO  handler.ContextHandler (ContextHandler.java:doStart(781)) - Started o.e.j.s.ServletContextHandler@7f3c0399{/logs,file:///workdir/hadoop-ozone/integration-test/target/log,AVAILABLE}
2019-10-04 09:14:18,667 [main] INFO  handler.ContextHandler (ContextHandler.java:doStart(781)) - Started o.e.j.s.ServletContextHandler@3a11c0eb{/static,file:///workdir/hadoop-ozone/integration-test/target/test-classes/webapps/static,AVAILABLE}
2019-10-04 09:14:18,670 [main] INFO  handler.ContextHandler (ContextHandler.java:doStart(781)) - Started o.e.j.w.WebAppContext@1b560eb0{/,file:///workdir/hadoop-ozone/integration-test/target/test-classes/webapps/ozoneManager/,AVAILABLE}{/ozoneManager}
2019-10-04 09:14:18,670 [main] INFO  server.AbstractConnector (AbstractConnector.java:doStart(278)) - Started ServerConnector@9e02f84{HTTP/1.1,[http/1.1]}{0.0.0.0:36244}
2019-10-04 09:14:18,671 [main] INFO  server.Server (Server.java:doStart(419)) - Started @231854ms
2019-10-04 09:14:18,671 [main] WARN  impl.MetricsSystemImpl (MetricsSystemImpl.java:register(276)) - Sink prometheus already exists!
2019-10-04 09:14:18,672 [main] INFO  server.BaseHttpServer (BaseHttpServer.java:updateConnectorAddress(215)) - HTTP server of OZONEMANAGER is listening at http://0.0.0.0:36244
2019-10-04 09:14:18,684 [main] INFO  impl.MetricsSystemImpl (MetricsSystemImpl.java:init(158)) - HddsDatanode metrics system started (again)
2019-10-04 09:14:18,688 [main] INFO  ozone.HddsDatanodeService (HddsDatanodeService.java:start(184)) - HddsDatanodeService host:pr-hdds-2238-lzxxv-1908806976 ip:192.168.151.111
2019-10-04 09:14:18,694 [main] INFO  volume.HddsVolume (HddsVolume.java:<init>(176)) - Creating Volume: /workdir/hadoop-ozone/integration-test/target/test-dir/MiniOzoneClusterImpl-ea59070c-537f-4444-880e-4e22d9c91129/datanode-0/data/containers/hdds of  storage type : DISK and capacity : 1482555576320
2019-10-04 09:14:18,694 [main] INFO  volume.VolumeSet (VolumeSet.java:initializeVolumeSet(170)) - Added Volume : /workdir/hadoop-ozone/integration-test/target/test-dir/MiniOzoneClusterImpl-ea59070c-537f-4444-880e-4e22d9c91129/datanode-0/data/containers/hdds to VolumeSet
2019-10-04 09:14:18,694 [main] INFO  volume.ThrottledAsyncChecker (ThrottledAsyncChecker.java:schedule(139)) - Scheduling a check for org.apache.hadoop.ozone.container.common.volume.HddsVolume@5b02a984
2019-10-04 09:14:18,695 [main] INFO  volume.HddsVolumeChecker (HddsVolumeChecker.java:checkAllVolumes(202)) - Scheduled health check for volume org.apache.hadoop.ozone.container.common.volume.HddsVolume@5b02a984
2019-10-04 09:14:18,707 [main] INFO  impl.RaftServerProxy (ConfUtils.java:logGet(43)) - raft.rpc.type = GRPC (default)
2019-10-04 09:14:18,708 [main] INFO  grpc.GrpcFactory (GrpcFactory.java:checkPooledByteBufAllocatorUseCacheForAllThreads(45)) - PERFORMANCE WARNING: useCacheForAllThreads is true that may cause Netty to create a lot garbage objects and, as a result, trigger GC.
	It is recommended to disable useCacheForAllThreads by setting -Dorg.apache.ratis.thirdparty.io.netty.allocator.useCacheForAllThreads=false in command line.
2019-10-04 09:14:18,708 [main] INFO  grpc.GrpcConfigKeys$Server (ConfUtils.java:logGet(43)) - raft.grpc.server.port = 0 (default)
2019-10-04 09:14:18,708 [main] INFO  server.GrpcService (ConfUtils.java:logGet(43)) - raft.grpc.message.size.max = 33570816 (custom)
2019-10-04 09:14:18,708 [main] INFO  server.RaftServerConfigKeys (ConfUtils.java:logGet(43)) - raft.server.log.appender.buffer.byte-limit = 33554432 (custom)
2019-10-04 09:14:18,709 [main] INFO  server.GrpcService (ConfUtils.java:logGet(43)) - raft.grpc.flow.control.window = 1MB (=1048576) (default)
2019-10-04 09:14:18,709 [main] INFO  server.RaftServerConfigKeys (ConfUtils.java:logGet(43)) - raft.server.rpc.request.timeout = 3000ms (default)
2019-10-04 09:14:18,709 [main] INFO  server.RaftServerConfigKeys (ConfUtils.java:logGet(43)) - raft.server.storage.dir = [/workdir/hadoop-ozone/integration-test/target/test-dir/MiniOzoneClusterImpl-ea59070c-537f-4444-880e-4e22d9c91129/datanode-0/data/ratis] (custom)
2019-10-04 09:14:18,711 [main] INFO  hdfs.DFSUtil (DFSUtil.java:httpServerTemplateForNNAndJN(1641)) - Starting Web-server for hddsDatanode at: http://0.0.0.0:0
2019-10-04 09:14:18,712 [main] INFO  server.AuthenticationFilter (AuthenticationFilter.java:constructSecretProvider(240)) - Unable to initialize FileSignerSecretProvider, falling back to use random secrets.
2019-10-04 09:14:18,712 [main] WARN  http.HttpRequestLog (HttpRequestLog.java:getRequestLog(97)) - Jetty request log can only be enabled using Log4j
2019-10-04 09:14:18,713 [main] INFO  http.HttpServer2 (HttpServer2.java:addGlobalFilter(975)) - Added global filter 'safety' (class=org.apache.hadoop.http.HttpServer2$QuotingInputFilter)
2019-10-04 09:14:18,713 [main] INFO  http.HttpServer2 (HttpServer2.java:addFilter(948)) - Added filter static_user_filter (class=org.apache.hadoop.http.lib.StaticUserWebFilter$StaticUserFilter) to context hddsDatanode
2019-10-04 09:14:18,713 [main] INFO  http.HttpServer2 (HttpServer2.java:addFilter(958)) - Added filter static_user_filter (class=org.apache.hadoop.http.lib.StaticUserWebFilter$StaticUserFilter) to context static
2019-10-04 09:14:18,714 [main] INFO  http.HttpServer2 (HttpServer2.java:addFilter(958)) - Added filter static_user_filter (class=org.apache.hadoop.http.lib.StaticUserWebFilter$StaticUserFilter) to context logs
2019-10-04 09:14:18,714 [main] INFO  http.HttpServer2 (HttpServer2.java:bindListener(1191)) - Jetty bound to port 42000
2019-10-04 09:14:18,714 [main] INFO  server.Server (Server.java:doStart(351)) - jetty-9.3.25.v20180904, build timestamp: 2018-09-04T21:11:46Z, git hash: 3ce520221d0240229c862b122d2b06c12a625732
2019-10-04 09:14:18,716 [main] INFO  handler.ContextHandler (ContextHandler.java:doStart(781)) - Started o.e.j.s.ServletContextHandler@38732364{/logs,file:///workdir/hadoop-ozone/integration-test/target/log,AVAILABLE}
2019-10-04 09:14:18,716 [main] INFO  handler.ContextHandler (ContextHandler.java:doStart(781)) - Started o.e.j.s.ServletContextHandler@48cd319d{/static,jar:file:/home/user/.m2/repository/org/apache/hadoop/hadoop-hdds-container-service/0.5.0-SNAPSHOT/hadoop-hdds-container-service-0.5.0-SNAPSHOT.jar!/webapps/static,AVAILABLE}
2019-10-04 09:14:18,744 [main] INFO  handler.ContextHandler (ContextHandler.java:doStart(781)) - Started o.e.j.w.WebAppContext@77a0dd63{/,file:///tmp/jetty-0.0.0.0-42000-hddsDatanode-_-any-9039435727116337263.dir/webapp/,AVAILABLE}{/hddsDatanode}
2019-10-04 09:14:18,744 [main] INFO  server.AbstractConnector (AbstractConnector.java:doStart(278)) - Started ServerConnector@543fe698{HTTP/1.1,[http/1.1]}{0.0.0.0:42000}
2019-10-04 09:14:18,746 [main] INFO  server.Server (Server.java:doStart(419)) - Started @231928ms
2019-10-04 09:14:18,746 [main] WARN  impl.MetricsSystemImpl (MetricsSystemImpl.java:register(276)) - Sink prometheus already exists!
2019-10-04 09:14:18,746 [main] INFO  server.BaseHttpServer (BaseHttpServer.java:updateConnectorAddress(215)) - HTTP server of HDDSDATANODE is listening at http://0.0.0.0:42000
2019-10-04 09:14:18,747 [main] INFO  impl.MetricsSystemImpl (MetricsSystemImpl.java:init(158)) - HddsDatanode metrics system started (again)
2019-10-04 09:14:18,750 [org.apache.hadoop.util.JvmPauseMonitor$Monitor@2332b253] INFO  util.JvmPauseMonitor (JvmPauseMonitor.java:run(188)) - Starting JVM pause monitor
2019-10-04 09:14:18,750 [main] INFO  ozone.HddsDatanodeService (HddsDatanodeService.java:start(184)) - HddsDatanodeService host:pr-hdds-2238-lzxxv-1908806976 ip:192.168.151.111
2019-10-04 09:14:18,753 [Datanode State Machine Thread - 0] INFO  datanode.InitDatanodeState (InitDatanodeState.java:persistContainerDatanodeDetails(140)) - DatanodeDetails is persisted to /workdir/hadoop-ozone/integration-test/target/test-dir/MiniOzoneClusterImpl-ea59070c-537f-4444-880e-4e22d9c91129/datanode-0/meta/datanode.id
2019-10-04 09:14:18,757 [main] INFO  volume.HddsVolume (HddsVolume.java:<init>(176)) - Creating Volume: /workdir/hadoop-ozone/integration-test/target/test-dir/MiniOzoneClusterImpl-ea59070c-537f-4444-880e-4e22d9c91129/datanode-1/data/containers/hdds of  storage type : DISK and capacity : 1482555576320
2019-10-04 09:14:18,757 [main] INFO  volume.VolumeSet (VolumeSet.java:initializeVolumeSet(170)) - Added Volume : /workdir/hadoop-ozone/integration-test/target/test-dir/MiniOzoneClusterImpl-ea59070c-537f-4444-880e-4e22d9c91129/datanode-1/data/containers/hdds to VolumeSet
2019-10-04 09:14:18,757 [main] INFO  volume.ThrottledAsyncChecker (ThrottledAsyncChecker.java:schedule(139)) - Scheduling a check for org.apache.hadoop.ozone.container.common.volume.HddsVolume@5438fa43
2019-10-04 09:14:18,758 [main] INFO  volume.HddsVolumeChecker (HddsVolumeChecker.java:checkAllVolumes(202)) - Scheduled health check for volume org.apache.hadoop.ozone.container.common.volume.HddsVolume@5438fa43
2019-10-04 09:14:18,772 [main] INFO  impl.RaftServerProxy (ConfUtils.java:logGet(43)) - raft.rpc.type = GRPC (default)
2019-10-04 09:14:18,772 [main] INFO  grpc.GrpcFactory (GrpcFactory.java:checkPooledByteBufAllocatorUseCacheForAllThreads(45)) - PERFORMANCE WARNING: useCacheForAllThreads is true that may cause Netty to create a lot garbage objects and, as a result, trigger GC.
	It is recommended to disable useCacheForAllThreads by setting -Dorg.apache.ratis.thirdparty.io.netty.allocator.useCacheForAllThreads=false in command line.
2019-10-04 09:14:18,772 [main] INFO  grpc.GrpcConfigKeys$Server (ConfUtils.java:logGet(43)) - raft.grpc.server.port = 0 (default)
2019-10-04 09:14:18,772 [main] INFO  server.GrpcService (ConfUtils.java:logGet(43)) - raft.grpc.message.size.max = 33570816 (custom)
2019-10-04 09:14:18,772 [main] INFO  server.RaftServerConfigKeys (ConfUtils.java:logGet(43)) - raft.server.log.appender.buffer.byte-limit = 33554432 (custom)
2019-10-04 09:14:18,773 [main] INFO  server.GrpcService (ConfUtils.java:logGet(43)) - raft.grpc.flow.control.window = 1MB (=1048576) (default)
2019-10-04 09:14:18,773 [main] INFO  server.RaftServerConfigKeys (ConfUtils.java:logGet(43)) - raft.server.rpc.request.timeout = 3000ms (default)
2019-10-04 09:14:18,773 [main] INFO  server.RaftServerConfigKeys (ConfUtils.java:logGet(43)) - raft.server.storage.dir = [/workdir/hadoop-ozone/integration-test/target/test-dir/MiniOzoneClusterImpl-ea59070c-537f-4444-880e-4e22d9c91129/datanode-1/data/ratis] (custom)
2019-10-04 09:14:18,774 [main] INFO  hdfs.DFSUtil (DFSUtil.java:httpServerTemplateForNNAndJN(1641)) - Starting Web-server for hddsDatanode at: http://0.0.0.0:0
2019-10-04 09:14:18,775 [main] INFO  server.AuthenticationFilter (AuthenticationFilter.java:constructSecretProvider(240)) - Unable to initialize FileSignerSecretProvider, falling back to use random secrets.
2019-10-04 09:14:18,775 [main] WARN  http.HttpRequestLog (HttpRequestLog.java:getRequestLog(97)) - Jetty request log can only be enabled using Log4j
2019-10-04 09:14:18,777 [main] INFO  http.HttpServer2 (HttpServer2.java:addGlobalFilter(975)) - Added global filter 'safety' (class=org.apache.hadoop.http.HttpServer2$QuotingInputFilter)
2019-10-04 09:14:18,777 [main] INFO  http.HttpServer2 (HttpServer2.java:addFilter(948)) - Added filter static_user_filter (class=org.apache.hadoop.http.lib.StaticUserWebFilter$StaticUserFilter) to context hddsDatanode
2019-10-04 09:14:18,777 [main] INFO  http.HttpServer2 (HttpServer2.java:addFilter(958)) - Added filter static_user_filter (class=org.apache.hadoop.http.lib.StaticUserWebFilter$StaticUserFilter) to context logs
2019-10-04 09:14:18,777 [main] INFO  http.HttpServer2 (HttpServer2.java:addFilter(958)) - Added filter static_user_filter (class=org.apache.hadoop.http.lib.StaticUserWebFilter$StaticUserFilter) to context static
2019-10-04 09:14:18,778 [main] INFO  http.HttpServer2 (HttpServer2.java:bindListener(1191)) - Jetty bound to port 41886
2019-10-04 09:14:18,778 [main] INFO  server.Server (Server.java:doStart(351)) - jetty-9.3.25.v20180904, build timestamp: 2018-09-04T21:11:46Z, git hash: 3ce520221d0240229c862b122d2b06c12a625732
2019-10-04 09:14:18,779 [main] INFO  handler.ContextHandler (ContextHandler.java:doStart(781)) - Started o.e.j.s.ServletContextHandler@38ac8968{/logs,file:///workdir/hadoop-ozone/integration-test/target/log,AVAILABLE}
2019-10-04 09:14:18,780 [main] INFO  handler.ContextHandler (ContextHandler.java:doStart(781)) - Started o.e.j.s.ServletContextHandler@6c951ada{/static,jar:file:/home/user/.m2/repository/org/apache/hadoop/hadoop-hdds-container-service/0.5.0-SNAPSHOT/hadoop-hdds-container-service-0.5.0-SNAPSHOT.jar!/webapps/static,AVAILABLE}
2019-10-04 09:14:18,807 [main] INFO  handler.ContextHandler (ContextHandler.java:doStart(781)) - Started o.e.j.w.WebAppContext@5657967b{/,file:///tmp/jetty-0.0.0.0-41886-hddsDatanode-_-any-5492843486762156146.dir/webapp/,AVAILABLE}{/hddsDatanode}
2019-10-04 09:14:18,807 [main] INFO  server.AbstractConnector (AbstractConnector.java:doStart(278)) - Started ServerConnector@61394494{HTTP/1.1,[http/1.1]}{0.0.0.0:41886}
2019-10-04 09:14:18,809 [main] INFO  server.Server (Server.java:doStart(419)) - Started @231991ms
2019-10-04 09:14:18,809 [main] WARN  impl.MetricsSystemImpl (MetricsSystemImpl.java:register(276)) - Sink prometheus already exists!
2019-10-04 09:14:18,810 [main] INFO  server.BaseHttpServer (BaseHttpServer.java:updateConnectorAddress(215)) - HTTP server of HDDSDATANODE is listening at http://0.0.0.0:41886
2019-10-04 09:14:18,810 [main] INFO  impl.MetricsSystemImpl (MetricsSystemImpl.java:init(158)) - HddsDatanode metrics system started (again)
2019-10-04 09:14:18,814 [org.apache.hadoop.util.JvmPauseMonitor$Monitor@16aa5578] INFO  util.JvmPauseMonitor (JvmPauseMonitor.java:run(188)) - Starting JVM pause monitor
2019-10-04 09:14:18,814 [main] INFO  ozone.HddsDatanodeService (HddsDatanodeService.java:start(184)) - HddsDatanodeService host:pr-hdds-2238-lzxxv-1908806976 ip:192.168.151.111
2019-10-04 09:14:18,815 [Datanode State Machine Thread - 0] INFO  datanode.InitDatanodeState (InitDatanodeState.java:persistContainerDatanodeDetails(140)) - DatanodeDetails is persisted to /workdir/hadoop-ozone/integration-test/target/test-dir/MiniOzoneClusterImpl-ea59070c-537f-4444-880e-4e22d9c91129/datanode-1/meta/datanode.id
2019-10-04 09:14:18,821 [main] INFO  volume.HddsVolume (HddsVolume.java:<init>(176)) - Creating Volume: /workdir/hadoop-ozone/integration-test/target/test-dir/MiniOzoneClusterImpl-ea59070c-537f-4444-880e-4e22d9c91129/datanode-2/data/containers/hdds of  storage type : DISK and capacity : 1482555576320
2019-10-04 09:14:18,821 [main] INFO  volume.VolumeSet (VolumeSet.java:initializeVolumeSet(170)) - Added Volume : /workdir/hadoop-ozone/integration-test/target/test-dir/MiniOzoneClusterImpl-ea59070c-537f-4444-880e-4e22d9c91129/datanode-2/data/containers/hdds to VolumeSet
2019-10-04 09:14:18,821 [main] INFO  volume.ThrottledAsyncChecker (ThrottledAsyncChecker.java:schedule(139)) - Scheduling a check for org.apache.hadoop.ozone.container.common.volume.HddsVolume@508ad266
2019-10-04 09:14:18,821 [main] INFO  volume.HddsVolumeChecker (HddsVolumeChecker.java:checkAllVolumes(202)) - Scheduled health check for volume org.apache.hadoop.ozone.container.common.volume.HddsVolume@508ad266
2019-10-04 09:14:18,834 [main] INFO  impl.RaftServerProxy (ConfUtils.java:logGet(43)) - raft.rpc.type = GRPC (default)
2019-10-04 09:14:18,834 [main] INFO  grpc.GrpcFactory (GrpcFactory.java:checkPooledByteBufAllocatorUseCacheForAllThreads(45)) - PERFORMANCE WARNING: useCacheForAllThreads is true that may cause Netty to create a lot garbage objects and, as a result, trigger GC.
	It is recommended to disable useCacheForAllThreads by setting -Dorg.apache.ratis.thirdparty.io.netty.allocator.useCacheForAllThreads=false in command line.
2019-10-04 09:14:18,834 [main] INFO  grpc.GrpcConfigKeys$Server (ConfUtils.java:logGet(43)) - raft.grpc.server.port = 0 (default)
2019-10-04 09:14:18,835 [main] INFO  server.GrpcService (ConfUtils.java:logGet(43)) - raft.grpc.message.size.max = 33570816 (custom)
2019-10-04 09:14:18,835 [main] INFO  server.RaftServerConfigKeys (ConfUtils.java:logGet(43)) - raft.server.log.appender.buffer.byte-limit = 33554432 (custom)
2019-10-04 09:14:18,835 [main] INFO  server.GrpcService (ConfUtils.java:logGet(43)) - raft.grpc.flow.control.window = 1MB (=1048576) (default)
2019-10-04 09:14:18,835 [main] INFO  server.RaftServerConfigKeys (ConfUtils.java:logGet(43)) - raft.server.rpc.request.timeout = 3000ms (default)
2019-10-04 09:14:18,835 [main] INFO  server.RaftServerConfigKeys (ConfUtils.java:logGet(43)) - raft.server.storage.dir = [/workdir/hadoop-ozone/integration-test/target/test-dir/MiniOzoneClusterImpl-ea59070c-537f-4444-880e-4e22d9c91129/datanode-2/data/ratis] (custom)
2019-10-04 09:14:18,836 [main] INFO  hdfs.DFSUtil (DFSUtil.java:httpServerTemplateForNNAndJN(1641)) - Starting Web-server for hddsDatanode at: http://0.0.0.0:0
2019-10-04 09:14:18,837 [main] INFO  server.AuthenticationFilter (AuthenticationFilter.java:constructSecretProvider(240)) - Unable to initialize FileSignerSecretProvider, falling back to use random secrets.
2019-10-04 09:14:18,838 [main] WARN  http.HttpRequestLog (HttpRequestLog.java:getRequestLog(97)) - Jetty request log can only be enabled using Log4j
2019-10-04 09:14:18,839 [main] INFO  http.HttpServer2 (HttpServer2.java:addGlobalFilter(975)) - Added global filter 'safety' (class=org.apache.hadoop.http.HttpServer2$QuotingInputFilter)
2019-10-04 09:14:18,839 [main] INFO  http.HttpServer2 (HttpServer2.java:addFilter(948)) - Added filter static_user_filter (class=org.apache.hadoop.http.lib.StaticUserWebFilter$StaticUserFilter) to context hddsDatanode
2019-10-04 09:14:18,839 [main] INFO  http.HttpServer2 (HttpServer2.java:addFilter(958)) - Added filter static_user_filter (class=org.apache.hadoop.http.lib.StaticUserWebFilter$StaticUserFilter) to context logs
2019-10-04 09:14:18,840 [main] INFO  http.HttpServer2 (HttpServer2.java:addFilter(958)) - Added filter static_user_filter (class=org.apache.hadoop.http.lib.StaticUserWebFilter$StaticUserFilter) to context static
2019-10-04 09:14:18,840 [main] INFO  http.HttpServer2 (HttpServer2.java:bindListener(1191)) - Jetty bound to port 41631
2019-10-04 09:14:18,840 [main] INFO  server.Server (Server.java:doStart(351)) - jetty-9.3.25.v20180904, build timestamp: 2018-09-04T21:11:46Z, git hash: 3ce520221d0240229c862b122d2b06c12a625732
2019-10-04 09:14:18,842 [main] INFO  handler.ContextHandler (ContextHandler.java:doStart(781)) - Started o.e.j.s.ServletContextHandler@5a592c70{/logs,file:///workdir/hadoop-ozone/integration-test/target/log,AVAILABLE}
2019-10-04 09:14:18,842 [main] INFO  handler.ContextHandler (ContextHandler.java:doStart(781)) - Started o.e.j.s.ServletContextHandler@11e9ac24{/static,jar:file:/home/user/.m2/repository/org/apache/hadoop/hadoop-hdds-container-service/0.5.0-SNAPSHOT/hadoop-hdds-container-service-0.5.0-SNAPSHOT.jar!/webapps/static,AVAILABLE}
2019-10-04 09:14:18,871 [main] INFO  handler.ContextHandler (ContextHandler.java:doStart(781)) - Started o.e.j.w.WebAppContext@63e5b8aa{/,file:///tmp/jetty-0.0.0.0-41631-hddsDatanode-_-any-7011859419806229236.dir/webapp/,AVAILABLE}{/hddsDatanode}
2019-10-04 09:14:18,871 [main] INFO  server.AbstractConnector (AbstractConnector.java:doStart(278)) - Started ServerConnector@2c9306d3{HTTP/1.1,[http/1.1]}{0.0.0.0:41631}
2019-10-04 09:14:18,872 [main] INFO  server.Server (Server.java:doStart(419)) - Started @232055ms
2019-10-04 09:14:18,873 [main] WARN  impl.MetricsSystemImpl (MetricsSystemImpl.java:register(276)) - Sink prometheus already exists!
2019-10-04 09:14:18,873 [main] INFO  server.BaseHttpServer (BaseHttpServer.java:updateConnectorAddress(215)) - HTTP server of HDDSDATANODE is listening at http://0.0.0.0:41631
2019-10-04 09:14:18,874 [main] INFO  impl.MetricsSystemImpl (MetricsSystemImpl.java:init(158)) - HddsDatanode metrics system started (again)
2019-10-04 09:14:18,878 [org.apache.hadoop.util.JvmPauseMonitor$Monitor@3b012ef6] INFO  util.JvmPauseMonitor (JvmPauseMonitor.java:run(188)) - Starting JVM pause monitor
2019-10-04 09:14:18,878 [main] INFO  ozone.HddsDatanodeService (HddsDatanodeService.java:start(184)) - HddsDatanodeService host:pr-hdds-2238-lzxxv-1908806976 ip:192.168.151.111
2019-10-04 09:14:18,879 [Datanode State Machine Thread - 0] INFO  datanode.InitDatanodeState (InitDatanodeState.java:persistContainerDatanodeDetails(140)) - DatanodeDetails is persisted to /workdir/hadoop-ozone/integration-test/target/test-dir/MiniOzoneClusterImpl-ea59070c-537f-4444-880e-4e22d9c91129/datanode-2/meta/datanode.id
2019-10-04 09:14:18,885 [main] INFO  volume.HddsVolume (HddsVolume.java:<init>(176)) - Creating Volume: /workdir/hadoop-ozone/integration-test/target/test-dir/MiniOzoneClusterImpl-ea59070c-537f-4444-880e-4e22d9c91129/datanode-3/data/containers/hdds of  storage type : DISK and capacity : 1482555576320
2019-10-04 09:14:18,885 [main] INFO  volume.VolumeSet (VolumeSet.java:initializeVolumeSet(170)) - Added Volume : /workdir/hadoop-ozone/integration-test/target/test-dir/MiniOzoneClusterImpl-ea59070c-537f-4444-880e-4e22d9c91129/datanode-3/data/containers/hdds to VolumeSet
2019-10-04 09:14:18,886 [main] INFO  volume.ThrottledAsyncChecker (ThrottledAsyncChecker.java:schedule(139)) - Scheduling a check for org.apache.hadoop.ozone.container.common.volume.HddsVolume@4837f97e
2019-10-04 09:14:18,886 [main] INFO  volume.HddsVolumeChecker (HddsVolumeChecker.java:checkAllVolumes(202)) - Scheduled health check for volume org.apache.hadoop.ozone.container.common.volume.HddsVolume@4837f97e
2019-10-04 09:14:18,904 [main] INFO  impl.RaftServerProxy (ConfUtils.java:logGet(43)) - raft.rpc.type = GRPC (default)
2019-10-04 09:14:18,905 [main] INFO  grpc.GrpcFactory (GrpcFactory.java:checkPooledByteBufAllocatorUseCacheForAllThreads(45)) - PERFORMANCE WARNING: useCacheForAllThreads is true that may cause Netty to create a lot garbage objects and, as a result, trigger GC.
	It is recommended to disable useCacheForAllThreads by setting -Dorg.apache.ratis.thirdparty.io.netty.allocator.useCacheForAllThreads=false in command line.
2019-10-04 09:14:18,905 [main] INFO  grpc.GrpcConfigKeys$Server (ConfUtils.java:logGet(43)) - raft.grpc.server.port = 0 (default)
2019-10-04 09:14:18,905 [main] INFO  server.GrpcService (ConfUtils.java:logGet(43)) - raft.grpc.message.size.max = 33570816 (custom)
2019-10-04 09:14:18,906 [main] INFO  server.RaftServerConfigKeys (ConfUtils.java:logGet(43)) - raft.server.log.appender.buffer.byte-limit = 33554432 (custom)
2019-10-04 09:14:18,906 [main] INFO  server.GrpcService (ConfUtils.java:logGet(43)) - raft.grpc.flow.control.window = 1MB (=1048576) (default)
2019-10-04 09:14:18,906 [main] INFO  server.RaftServerConfigKeys (ConfUtils.java:logGet(43)) - raft.server.rpc.request.timeout = 3000ms (default)
2019-10-04 09:14:18,906 [main] INFO  server.RaftServerConfigKeys (ConfUtils.java:logGet(43)) - raft.server.storage.dir = [/workdir/hadoop-ozone/integration-test/target/test-dir/MiniOzoneClusterImpl-ea59070c-537f-4444-880e-4e22d9c91129/datanode-3/data/ratis] (custom)
2019-10-04 09:14:18,908 [main] INFO  hdfs.DFSUtil (DFSUtil.java:httpServerTemplateForNNAndJN(1641)) - Starting Web-server for hddsDatanode at: http://0.0.0.0:0
2019-10-04 09:14:18,909 [main] INFO  server.AuthenticationFilter (AuthenticationFilter.java:constructSecretProvider(240)) - Unable to initialize FileSignerSecretProvider, falling back to use random secrets.
2019-10-04 09:14:18,909 [main] WARN  http.HttpRequestLog (HttpRequestLog.java:getRequestLog(97)) - Jetty request log can only be enabled using Log4j
2019-10-04 09:14:18,910 [main] INFO  http.HttpServer2 (HttpServer2.java:addGlobalFilter(975)) - Added global filter 'safety' (class=org.apache.hadoop.http.HttpServer2$QuotingInputFilter)
2019-10-04 09:14:18,911 [main] INFO  http.HttpServer2 (HttpServer2.java:addFilter(948)) - Added filter static_user_filter (class=org.apache.hadoop.http.lib.StaticUserWebFilter$StaticUserFilter) to context hddsDatanode
2019-10-04 09:14:18,911 [main] INFO  http.HttpServer2 (HttpServer2.java:addFilter(958)) - Added filter static_user_filter (class=org.apache.hadoop.http.lib.StaticUserWebFilter$StaticUserFilter) to context static
2019-10-04 09:14:18,911 [main] INFO  http.HttpServer2 (HttpServer2.java:addFilter(958)) - Added filter static_user_filter (class=org.apache.hadoop.http.lib.StaticUserWebFilter$StaticUserFilter) to context logs
2019-10-04 09:14:18,912 [main] INFO  http.HttpServer2 (HttpServer2.java:bindListener(1191)) - Jetty bound to port 38229
2019-10-04 09:14:18,912 [main] INFO  server.Server (Server.java:doStart(351)) - jetty-9.3.25.v20180904, build timestamp: 2018-09-04T21:11:46Z, git hash: 3ce520221d0240229c862b122d2b06c12a625732
2019-10-04 09:14:18,913 [main] INFO  handler.ContextHandler (ContextHandler.java:doStart(781)) - Started o.e.j.s.ServletContextHandler@5111de7c{/logs,file:///workdir/hadoop-ozone/integration-test/target/log,AVAILABLE}
2019-10-04 09:14:18,914 [main] INFO  handler.ContextHandler (ContextHandler.java:doStart(781)) - Started o.e.j.s.ServletContextHandler@52354202{/static,jar:file:/home/user/.m2/repository/org/apache/hadoop/hadoop-hdds-container-service/0.5.0-SNAPSHOT/hadoop-hdds-container-service-0.5.0-SNAPSHOT.jar!/webapps/static,AVAILABLE}
2019-10-04 09:14:18,942 [main] INFO  handler.ContextHandler (ContextHandler.java:doStart(781)) - Started o.e.j.w.WebAppContext@132e3594{/,file:///tmp/jetty-0.0.0.0-38229-hddsDatanode-_-any-5158594011712255361.dir/webapp/,AVAILABLE}{/hddsDatanode}
2019-10-04 09:14:18,942 [main] INFO  server.AbstractConnector (AbstractConnector.java:doStart(278)) - Started ServerConnector@4f235107{HTTP/1.1,[http/1.1]}{0.0.0.0:38229}
2019-10-04 09:14:18,944 [main] INFO  server.Server (Server.java:doStart(419)) - Started @232126ms
2019-10-04 09:14:18,944 [main] WARN  impl.MetricsSystemImpl (MetricsSystemImpl.java:register(276)) - Sink prometheus already exists!
2019-10-04 09:14:18,945 [main] INFO  server.BaseHttpServer (BaseHttpServer.java:updateConnectorAddress(215)) - HTTP server of HDDSDATANODE is listening at http://0.0.0.0:38229
2019-10-04 09:14:18,945 [main] INFO  impl.MetricsSystemImpl (MetricsSystemImpl.java:init(158)) - HddsDatanode metrics system started (again)
2019-10-04 09:14:18,950 [org.apache.hadoop.util.JvmPauseMonitor$Monitor@55c4d5ed] INFO  util.JvmPauseMonitor (JvmPauseMonitor.java:run(188)) - Starting JVM pause monitor
2019-10-04 09:14:18,950 [main] INFO  ozone.HddsDatanodeService (HddsDatanodeService.java:start(184)) - HddsDatanodeService host:pr-hdds-2238-lzxxv-1908806976 ip:192.168.151.111
2019-10-04 09:14:18,950 [Datanode State Machine Thread - 0] INFO  datanode.InitDatanodeState (InitDatanodeState.java:persistContainerDatanodeDetails(140)) - DatanodeDetails is persisted to /workdir/hadoop-ozone/integration-test/target/test-dir/MiniOzoneClusterImpl-ea59070c-537f-4444-880e-4e22d9c91129/datanode-3/meta/datanode.id
2019-10-04 09:14:18,957 [main] INFO  volume.HddsVolume (HddsVolume.java:<init>(176)) - Creating Volume: /workdir/hadoop-ozone/integration-test/target/test-dir/MiniOzoneClusterImpl-ea59070c-537f-4444-880e-4e22d9c91129/datanode-4/data/containers/hdds of  storage type : DISK and capacity : 1482555576320
2019-10-04 09:14:18,957 [main] INFO  volume.VolumeSet (VolumeSet.java:initializeVolumeSet(170)) - Added Volume : /workdir/hadoop-ozone/integration-test/target/test-dir/MiniOzoneClusterImpl-ea59070c-537f-4444-880e-4e22d9c91129/datanode-4/data/containers/hdds to VolumeSet
2019-10-04 09:14:18,957 [main] INFO  volume.ThrottledAsyncChecker (ThrottledAsyncChecker.java:schedule(139)) - Scheduling a check for org.apache.hadoop.ozone.container.common.volume.HddsVolume@1332dec4
2019-10-04 09:14:18,958 [main] INFO  volume.HddsVolumeChecker (HddsVolumeChecker.java:checkAllVolumes(202)) - Scheduled health check for volume org.apache.hadoop.ozone.container.common.volume.HddsVolume@1332dec4
2019-10-04 09:14:18,972 [main] INFO  impl.RaftServerProxy (ConfUtils.java:logGet(43)) - raft.rpc.type = GRPC (default)
2019-10-04 09:14:18,972 [main] INFO  grpc.GrpcFactory (GrpcFactory.java:checkPooledByteBufAllocatorUseCacheForAllThreads(45)) - PERFORMANCE WARNING: useCacheForAllThreads is true that may cause Netty to create a lot garbage objects and, as a result, trigger GC.
	It is recommended to disable useCacheForAllThreads by setting -Dorg.apache.ratis.thirdparty.io.netty.allocator.useCacheForAllThreads=false in command line.
2019-10-04 09:14:18,973 [main] INFO  grpc.GrpcConfigKeys$Server (ConfUtils.java:logGet(43)) - raft.grpc.server.port = 0 (default)
2019-10-04 09:14:18,973 [main] INFO  server.GrpcService (ConfUtils.java:logGet(43)) - raft.grpc.message.size.max = 33570816 (custom)
2019-10-04 09:14:18,973 [main] INFO  server.RaftServerConfigKeys (ConfUtils.java:logGet(43)) - raft.server.log.appender.buffer.byte-limit = 33554432 (custom)
2019-10-04 09:14:18,973 [main] INFO  server.GrpcService (ConfUtils.java:logGet(43)) - raft.grpc.flow.control.window = 1MB (=1048576) (default)
2019-10-04 09:14:18,973 [main] INFO  server.RaftServerConfigKeys (ConfUtils.java:logGet(43)) - raft.server.rpc.request.timeout = 3000ms (default)
2019-10-04 09:14:18,974 [main] INFO  server.RaftServerConfigKeys (ConfUtils.java:logGet(43)) - raft.server.storage.dir = [/workdir/hadoop-ozone/integration-test/target/test-dir/MiniOzoneClusterImpl-ea59070c-537f-4444-880e-4e22d9c91129/datanode-4/data/ratis] (custom)
2019-10-04 09:14:18,975 [main] INFO  hdfs.DFSUtil (DFSUtil.java:httpServerTemplateForNNAndJN(1641)) - Starting Web-server for hddsDatanode at: http://0.0.0.0:0
2019-10-04 09:14:18,976 [main] INFO  server.AuthenticationFilter (AuthenticationFilter.java:constructSecretProvider(240)) - Unable to initialize FileSignerSecretProvider, falling back to use random secrets.
2019-10-04 09:14:18,977 [main] WARN  http.HttpRequestLog (HttpRequestLog.java:getRequestLog(97)) - Jetty request log can only be enabled using Log4j
2019-10-04 09:14:18,978 [main] INFO  http.HttpServer2 (HttpServer2.java:addGlobalFilter(975)) - Added global filter 'safety' (class=org.apache.hadoop.http.HttpServer2$QuotingInputFilter)
2019-10-04 09:14:18,978 [main] INFO  http.HttpServer2 (HttpServer2.java:addFilter(948)) - Added filter static_user_filter (class=org.apache.hadoop.http.lib.StaticUserWebFilter$StaticUserFilter) to context hddsDatanode
2019-10-04 09:14:18,978 [main] INFO  http.HttpServer2 (HttpServer2.java:addFilter(958)) - Added filter static_user_filter (class=org.apache.hadoop.http.lib.StaticUserWebFilter$StaticUserFilter) to context static
2019-10-04 09:14:18,979 [main] INFO  http.HttpServer2 (HttpServer2.java:addFilter(958)) - Added filter static_user_filter (class=org.apache.hadoop.http.lib.StaticUserWebFilter$StaticUserFilter) to context logs
2019-10-04 09:14:18,979 [main] INFO  http.HttpServer2 (HttpServer2.java:bindListener(1191)) - Jetty bound to port 44903
2019-10-04 09:14:18,979 [main] INFO  server.Server (Server.java:doStart(351)) - jetty-9.3.25.v20180904, build timestamp: 2018-09-04T21:11:46Z, git hash: 3ce520221d0240229c862b122d2b06c12a625732
2019-10-04 09:14:18,981 [main] INFO  handler.ContextHandler (ContextHandler.java:doStart(781)) - Started o.e.j.s.ServletContextHandler@36c07c75{/logs,file:///workdir/hadoop-ozone/integration-test/target/log,AVAILABLE}
2019-10-04 09:14:18,981 [main] INFO  handler.ContextHandler (ContextHandler.java:doStart(781)) - Started o.e.j.s.ServletContextHandler@5d850a25{/static,jar:file:/home/user/.m2/repository/org/apache/hadoop/hadoop-hdds-container-service/0.5.0-SNAPSHOT/hadoop-hdds-container-service-0.5.0-SNAPSHOT.jar!/webapps/static,AVAILABLE}
2019-10-04 09:14:19,010 [main] INFO  handler.ContextHandler (ContextHandler.java:doStart(781)) - Started o.e.j.w.WebAppContext@73e4387{/,file:///tmp/jetty-0.0.0.0-44903-hddsDatanode-_-any-5899339759903466638.dir/webapp/,AVAILABLE}{/hddsDatanode}
2019-10-04 09:14:19,010 [main] INFO  server.AbstractConnector (AbstractConnector.java:doStart(278)) - Started ServerConnector@d87d449{HTTP/1.1,[http/1.1]}{0.0.0.0:44903}
2019-10-04 09:14:19,012 [main] INFO  server.Server (Server.java:doStart(419)) - Started @232194ms
2019-10-04 09:14:19,012 [main] WARN  impl.MetricsSystemImpl (MetricsSystemImpl.java:register(276)) - Sink prometheus already exists!
2019-10-04 09:14:19,013 [main] INFO  server.BaseHttpServer (BaseHttpServer.java:updateConnectorAddress(215)) - HTTP server of HDDSDATANODE is listening at http://0.0.0.0:44903
2019-10-04 09:14:19,013 [main] INFO  impl.MetricsSystemImpl (MetricsSystemImpl.java:init(158)) - HddsDatanode metrics system started (again)
2019-10-04 09:14:19,018 [org.apache.hadoop.util.JvmPauseMonitor$Monitor@1b204204] INFO  util.JvmPauseMonitor (JvmPauseMonitor.java:run(188)) - Starting JVM pause monitor
2019-10-04 09:14:19,018 [main] INFO  ozone.HddsDatanodeService (HddsDatanodeService.java:start(184)) - HddsDatanodeService host:pr-hdds-2238-lzxxv-1908806976 ip:192.168.151.111
2019-10-04 09:14:19,019 [Datanode State Machine Thread - 0] INFO  datanode.InitDatanodeState (InitDatanodeState.java:persistContainerDatanodeDetails(140)) - DatanodeDetails is persisted to /workdir/hadoop-ozone/integration-test/target/test-dir/MiniOzoneClusterImpl-ea59070c-537f-4444-880e-4e22d9c91129/datanode-4/meta/datanode.id
2019-10-04 09:14:19,025 [main] INFO  volume.HddsVolume (HddsVolume.java:<init>(176)) - Creating Volume: /workdir/hadoop-ozone/integration-test/target/test-dir/MiniOzoneClusterImpl-ea59070c-537f-4444-880e-4e22d9c91129/datanode-5/data/containers/hdds of  storage type : DISK and capacity : 1482555576320
2019-10-04 09:14:19,025 [main] INFO  volume.VolumeSet (VolumeSet.java:initializeVolumeSet(170)) - Added Volume : /workdir/hadoop-ozone/integration-test/target/test-dir/MiniOzoneClusterImpl-ea59070c-537f-4444-880e-4e22d9c91129/datanode-5/data/containers/hdds to VolumeSet
2019-10-04 09:14:19,025 [main] INFO  volume.ThrottledAsyncChecker (ThrottledAsyncChecker.java:schedule(139)) - Scheduling a check for org.apache.hadoop.ozone.container.common.volume.HddsVolume@216c22ce
2019-10-04 09:14:19,026 [main] INFO  volume.HddsVolumeChecker (HddsVolumeChecker.java:checkAllVolumes(202)) - Scheduled health check for volume org.apache.hadoop.ozone.container.common.volume.HddsVolume@216c22ce
2019-10-04 09:14:19,039 [main] INFO  impl.RaftServerProxy (ConfUtils.java:logGet(43)) - raft.rpc.type = GRPC (default)
2019-10-04 09:14:19,040 [main] INFO  grpc.GrpcFactory (GrpcFactory.java:checkPooledByteBufAllocatorUseCacheForAllThreads(45)) - PERFORMANCE WARNING: useCacheForAllThreads is true that may cause Netty to create a lot garbage objects and, as a result, trigger GC.
	It is recommended to disable useCacheForAllThreads by setting -Dorg.apache.ratis.thirdparty.io.netty.allocator.useCacheForAllThreads=false in command line.
2019-10-04 09:14:19,040 [main] INFO  grpc.GrpcConfigKeys$Server (ConfUtils.java:logGet(43)) - raft.grpc.server.port = 0 (default)
2019-10-04 09:14:19,040 [main] INFO  server.GrpcService (ConfUtils.java:logGet(43)) - raft.grpc.message.size.max = 33570816 (custom)
2019-10-04 09:14:19,040 [main] INFO  server.RaftServerConfigKeys (ConfUtils.java:logGet(43)) - raft.server.log.appender.buffer.byte-limit = 33554432 (custom)
2019-10-04 09:14:19,040 [main] INFO  server.GrpcService (ConfUtils.java:logGet(43)) - raft.grpc.flow.control.window = 1MB (=1048576) (default)
2019-10-04 09:14:19,041 [main] INFO  server.RaftServerConfigKeys (ConfUtils.java:logGet(43)) - raft.server.rpc.request.timeout = 3000ms (default)
2019-10-04 09:14:19,041 [main] INFO  server.RaftServerConfigKeys (ConfUtils.java:logGet(43)) - raft.server.storage.dir = [/workdir/hadoop-ozone/integration-test/target/test-dir/MiniOzoneClusterImpl-ea59070c-537f-4444-880e-4e22d9c91129/datanode-5/data/ratis] (custom)
2019-10-04 09:14:19,042 [main] INFO  hdfs.DFSUtil (DFSUtil.java:httpServerTemplateForNNAndJN(1641)) - Starting Web-server for hddsDatanode at: http://0.0.0.0:0
2019-10-04 09:14:19,043 [main] INFO  server.AuthenticationFilter (AuthenticationFilter.java:constructSecretProvider(240)) - Unable to initialize FileSignerSecretProvider, falling back to use random secrets.
2019-10-04 09:14:19,044 [main] WARN  http.HttpRequestLog (HttpRequestLog.java:getRequestLog(97)) - Jetty request log can only be enabled using Log4j
2019-10-04 09:14:19,045 [main] INFO  http.HttpServer2 (HttpServer2.java:addGlobalFilter(975)) - Added global filter 'safety' (class=org.apache.hadoop.http.HttpServer2$QuotingInputFilter)
2019-10-04 09:14:19,046 [main] INFO  http.HttpServer2 (HttpServer2.java:addFilter(948)) - Added filter static_user_filter (class=org.apache.hadoop.http.lib.StaticUserWebFilter$StaticUserFilter) to context hddsDatanode
2019-10-04 09:14:19,046 [main] INFO  http.HttpServer2 (HttpServer2.java:addFilter(958)) - Added filter static_user_filter (class=org.apache.hadoop.http.lib.StaticUserWebFilter$StaticUserFilter) to context logs
2019-10-04 09:14:19,046 [main] INFO  http.HttpServer2 (HttpServer2.java:addFilter(958)) - Added filter static_user_filter (class=org.apache.hadoop.http.lib.StaticUserWebFilter$StaticUserFilter) to context static
2019-10-04 09:14:19,046 [main] INFO  http.HttpServer2 (HttpServer2.java:bindListener(1191)) - Jetty bound to port 37573
2019-10-04 09:14:19,047 [main] INFO  server.Server (Server.java:doStart(351)) - jetty-9.3.25.v20180904, build timestamp: 2018-09-04T21:11:46Z, git hash: 3ce520221d0240229c862b122d2b06c12a625732
2019-10-04 09:14:19,048 [main] INFO  handler.ContextHandler (ContextHandler.java:doStart(781)) - Started o.e.j.s.ServletContextHandler@52ecc989{/logs,file:///workdir/hadoop-ozone/integration-test/target/log,AVAILABLE}
2019-10-04 09:14:19,049 [main] INFO  handler.ContextHandler (ContextHandler.java:doStart(781)) - Started o.e.j.s.ServletContextHandler@52f8a6f4{/static,jar:file:/home/user/.m2/repository/org/apache/hadoop/hadoop-hdds-container-service/0.5.0-SNAPSHOT/hadoop-hdds-container-service-0.5.0-SNAPSHOT.jar!/webapps/static,AVAILABLE}
2019-10-04 09:14:19,076 [main] INFO  handler.ContextHandler (ContextHandler.java:doStart(781)) - Started o.e.j.w.WebAppContext@696fad31{/,file:///tmp/jetty-0.0.0.0-37573-hddsDatanode-_-any-7662422254554383367.dir/webapp/,AVAILABLE}{/hddsDatanode}
2019-10-04 09:14:19,077 [main] INFO  server.AbstractConnector (AbstractConnector.java:doStart(278)) - Started ServerConnector@2c06b113{HTTP/1.1,[http/1.1]}{0.0.0.0:37573}
2019-10-04 09:14:19,079 [main] INFO  server.Server (Server.java:doStart(419)) - Started @232261ms
2019-10-04 09:14:19,079 [main] WARN  impl.MetricsSystemImpl (MetricsSystemImpl.java:register(276)) - Sink prometheus already exists!
2019-10-04 09:14:19,080 [main] INFO  server.BaseHttpServer (BaseHttpServer.java:updateConnectorAddress(215)) - HTTP server of HDDSDATANODE is listening at http://0.0.0.0:37573
2019-10-04 09:14:19,080 [main] INFO  impl.MetricsSystemImpl (MetricsSystemImpl.java:init(158)) - HddsDatanode metrics system started (again)
2019-10-04 09:14:19,085 [org.apache.hadoop.util.JvmPauseMonitor$Monitor@66a68cc7] INFO  util.JvmPauseMonitor (JvmPauseMonitor.java:run(188)) - Starting JVM pause monitor
2019-10-04 09:14:19,086 [main] INFO  ozone.HddsDatanodeService (HddsDatanodeService.java:start(184)) - HddsDatanodeService host:pr-hdds-2238-lzxxv-1908806976 ip:192.168.151.111
2019-10-04 09:14:19,087 [Datanode State Machine Thread - 0] INFO  datanode.InitDatanodeState (InitDatanodeState.java:persistContainerDatanodeDetails(140)) - DatanodeDetails is persisted to /workdir/hadoop-ozone/integration-test/target/test-dir/MiniOzoneClusterImpl-ea59070c-537f-4444-880e-4e22d9c91129/datanode-5/meta/datanode.id
2019-10-04 09:14:19,093 [main] INFO  volume.HddsVolume (HddsVolume.java:<init>(176)) - Creating Volume: /workdir/hadoop-ozone/integration-test/target/test-dir/MiniOzoneClusterImpl-ea59070c-537f-4444-880e-4e22d9c91129/datanode-6/data/containers/hdds of  storage type : DISK and capacity : 1482555576320
2019-10-04 09:14:19,093 [main] INFO  volume.VolumeSet (VolumeSet.java:initializeVolumeSet(170)) - Added Volume : /workdir/hadoop-ozone/integration-test/target/test-dir/MiniOzoneClusterImpl-ea59070c-537f-4444-880e-4e22d9c91129/datanode-6/data/containers/hdds to VolumeSet
2019-10-04 09:14:19,093 [main] INFO  volume.ThrottledAsyncChecker (ThrottledAsyncChecker.java:schedule(139)) - Scheduling a check for org.apache.hadoop.ozone.container.common.volume.HddsVolume@68e2d03e
2019-10-04 09:14:19,094 [main] INFO  volume.HddsVolumeChecker (HddsVolumeChecker.java:checkAllVolumes(202)) - Scheduled health check for volume org.apache.hadoop.ozone.container.common.volume.HddsVolume@68e2d03e
2019-10-04 09:14:19,107 [main] INFO  impl.RaftServerProxy (ConfUtils.java:logGet(43)) - raft.rpc.type = GRPC (default)
2019-10-04 09:14:19,107 [main] INFO  grpc.GrpcFactory (GrpcFactory.java:checkPooledByteBufAllocatorUseCacheForAllThreads(45)) - PERFORMANCE WARNING: useCacheForAllThreads is true that may cause Netty to create a lot garbage objects and, as a result, trigger GC.
	It is recommended to disable useCacheForAllThreads by setting -Dorg.apache.ratis.thirdparty.io.netty.allocator.useCacheForAllThreads=false in command line.
2019-10-04 09:14:19,107 [main] INFO  grpc.GrpcConfigKeys$Server (ConfUtils.java:logGet(43)) - raft.grpc.server.port = 0 (default)
2019-10-04 09:14:19,108 [main] INFO  server.GrpcService (ConfUtils.java:logGet(43)) - raft.grpc.message.size.max = 33570816 (custom)
2019-10-04 09:14:19,108 [main] INFO  server.RaftServerConfigKeys (ConfUtils.java:logGet(43)) - raft.server.log.appender.buffer.byte-limit = 33554432 (custom)
2019-10-04 09:14:19,108 [main] INFO  server.GrpcService (ConfUtils.java:logGet(43)) - raft.grpc.flow.control.window = 1MB (=1048576) (default)
2019-10-04 09:14:19,108 [main] INFO  server.RaftServerConfigKeys (ConfUtils.java:logGet(43)) - raft.server.rpc.request.timeout = 3000ms (default)
2019-10-04 09:14:19,108 [main] INFO  server.RaftServerConfigKeys (ConfUtils.java:logGet(43)) - raft.server.storage.dir = [/workdir/hadoop-ozone/integration-test/target/test-dir/MiniOzoneClusterImpl-ea59070c-537f-4444-880e-4e22d9c91129/datanode-6/data/ratis] (custom)
2019-10-04 09:14:19,110 [main] INFO  hdfs.DFSUtil (DFSUtil.java:httpServerTemplateForNNAndJN(1641)) - Starting Web-server for hddsDatanode at: http://0.0.0.0:0
2019-10-04 09:14:19,111 [main] INFO  server.AuthenticationFilter (AuthenticationFilter.java:constructSecretProvider(240)) - Unable to initialize FileSignerSecretProvider, falling back to use random secrets.
2019-10-04 09:14:19,111 [main] WARN  http.HttpRequestLog (HttpRequestLog.java:getRequestLog(97)) - Jetty request log can only be enabled using Log4j
2019-10-04 09:14:19,112 [main] INFO  http.HttpServer2 (HttpServer2.java:addGlobalFilter(975)) - Added global filter 'safety' (class=org.apache.hadoop.http.HttpServer2$QuotingInputFilter)
2019-10-04 09:14:19,113 [main] INFO  http.HttpServer2 (HttpServer2.java:addFilter(948)) - Added filter static_user_filter (class=org.apache.hadoop.http.lib.StaticUserWebFilter$StaticUserFilter) to context hddsDatanode
2019-10-04 09:14:19,113 [main] INFO  http.HttpServer2 (HttpServer2.java:addFilter(958)) - Added filter static_user_filter (class=org.apache.hadoop.http.lib.StaticUserWebFilter$StaticUserFilter) to context static
2019-10-04 09:14:19,113 [main] INFO  http.HttpServer2 (HttpServer2.java:addFilter(958)) - Added filter static_user_filter (class=org.apache.hadoop.http.lib.StaticUserWebFilter$StaticUserFilter) to context logs
2019-10-04 09:14:19,113 [main] INFO  http.HttpServer2 (HttpServer2.java:bindListener(1191)) - Jetty bound to port 42377
2019-10-04 09:14:19,113 [main] INFO  server.Server (Server.java:doStart(351)) - jetty-9.3.25.v20180904, build timestamp: 2018-09-04T21:11:46Z, git hash: 3ce520221d0240229c862b122d2b06c12a625732
2019-10-04 09:14:19,115 [main] INFO  handler.ContextHandler (ContextHandler.java:doStart(781)) - Started o.e.j.s.ServletContextHandler@77083e41{/logs,file:///workdir/hadoop-ozone/integration-test/target/log,AVAILABLE}
2019-10-04 09:14:19,115 [main] INFO  handler.ContextHandler (ContextHandler.java:doStart(781)) - Started o.e.j.s.ServletContextHandler@2d130ac4{/static,jar:file:/home/user/.m2/repository/org/apache/hadoop/hadoop-hdds-container-service/0.5.0-SNAPSHOT/hadoop-hdds-container-service-0.5.0-SNAPSHOT.jar!/webapps/static,AVAILABLE}
2019-10-04 09:14:19,159 [main] INFO  handler.ContextHandler (ContextHandler.java:doStart(781)) - Started o.e.j.w.WebAppContext@2e952845{/,file:///tmp/jetty-0.0.0.0-42377-hddsDatanode-_-any-230115070674549728.dir/webapp/,AVAILABLE}{/hddsDatanode}
2019-10-04 09:14:19,160 [main] INFO  server.AbstractConnector (AbstractConnector.java:doStart(278)) - Started ServerConnector@79252c83{HTTP/1.1,[http/1.1]}{0.0.0.0:42377}
2019-10-04 09:14:19,161 [main] INFO  server.Server (Server.java:doStart(419)) - Started @232344ms
2019-10-04 09:14:19,161 [main] WARN  impl.MetricsSystemImpl (MetricsSystemImpl.java:register(276)) - Sink prometheus already exists!
2019-10-04 09:14:19,162 [main] INFO  server.BaseHttpServer (BaseHttpServer.java:updateConnectorAddress(215)) - HTTP server of HDDSDATANODE is listening at http://0.0.0.0:42377
2019-10-04 09:14:19,163 [main] INFO  ozone.MiniOzoneClusterImpl (MiniOzoneClusterImpl.java:lambda$waitForClusterToBeReady$0(147)) - Waiting for cluster to be ready. Got 0 of 7 DN Heartbeats.
2019-10-04 09:14:19,164 [org.apache.hadoop.util.JvmPauseMonitor$Monitor@654817d1] INFO  util.JvmPauseMonitor (JvmPauseMonitor.java:run(188)) - Starting JVM pause monitor
2019-10-04 09:14:19,166 [Datanode State Machine Thread - 0] INFO  datanode.InitDatanodeState (InitDatanodeState.java:persistContainerDatanodeDetails(140)) - DatanodeDetails is persisted to /workdir/hadoop-ozone/integration-test/target/test-dir/MiniOzoneClusterImpl-ea59070c-537f-4444-880e-4e22d9c91129/datanode-6/meta/datanode.id
2019-10-04 09:14:20,163 [main] INFO  ozone.MiniOzoneClusterImpl (MiniOzoneClusterImpl.java:lambda$waitForClusterToBeReady$0(147)) - Waiting for cluster to be ready. Got 0 of 7 DN Heartbeats.
2019-10-04 09:14:20,785 [Datanode State Machine Thread - 0] INFO  ozoneimpl.OzoneContainer (OzoneContainer.java:start(214)) - Attempting to start container services.
2019-10-04 09:14:20,785 [Datanode State Machine Thread - 0] INFO  ozoneimpl.OzoneContainer (OzoneContainer.java:startContainerScrub(178)) - Background container scanner has been disabled.
2019-10-04 09:14:20,785 [Datanode State Machine Thread - 0] INFO  ratis.XceiverServerRatis (XceiverServerRatis.java:start(417)) - Starting XceiverServerRatis 341c6ded-f6fe-48bf-88f1-9323bbf2345b at port 0
2019-10-04 09:14:20,792 [Datanode State Machine Thread - 0] INFO  impl.RaftServerProxy (RaftServerProxy.java:lambda$start$3(299)) - 341c6ded-f6fe-48bf-88f1-9323bbf2345b: start RPC server
2019-10-04 09:14:20,794 [Datanode State Machine Thread - 0] INFO  server.GrpcService (GrpcService.java:startImpl(158)) - 341c6ded-f6fe-48bf-88f1-9323bbf2345b: GrpcService started, listening on 0.0.0.0/0.0.0.0:38972
2019-10-04 09:14:20,794 [Datanode State Machine Thread - 0] INFO  ratis.XceiverServerRatis (XceiverServerRatis.java:start(427)) - XceiverServerRatis 341c6ded-f6fe-48bf-88f1-9323bbf2345b is started using port 38972
2019-10-04 09:14:20,794 [Datanode State Machine Thread - 0] INFO  server.XceiverServerGrpc (XceiverServerGrpc.java:start(149)) - XceiverServerGrpc 341c6ded-f6fe-48bf-88f1-9323bbf2345b is started using port 40034
2019-10-04 09:14:20,829 [Datanode State Machine Thread - 0] INFO  ozoneimpl.OzoneContainer (OzoneContainer.java:start(214)) - Attempting to start container services.
2019-10-04 09:14:20,830 [Datanode State Machine Thread - 0] INFO  ozoneimpl.OzoneContainer (OzoneContainer.java:startContainerScrub(178)) - Background container scanner has been disabled.
2019-10-04 09:14:20,830 [Datanode State Machine Thread - 0] INFO  ratis.XceiverServerRatis (XceiverServerRatis.java:start(417)) - Starting XceiverServerRatis 511a6597-7d94-4d70-9de2-3e23a1a156e4 at port 0
2019-10-04 09:14:20,838 [Datanode State Machine Thread - 0] INFO  impl.RaftServerProxy (RaftServerProxy.java:lambda$start$3(299)) - 511a6597-7d94-4d70-9de2-3e23a1a156e4: start RPC server
2019-10-04 09:14:20,840 [Datanode State Machine Thread - 0] INFO  server.GrpcService (GrpcService.java:startImpl(158)) - 511a6597-7d94-4d70-9de2-3e23a1a156e4: GrpcService started, listening on 0.0.0.0/0.0.0.0:43682
2019-10-04 09:14:20,840 [Datanode State Machine Thread - 0] INFO  ratis.XceiverServerRatis (XceiverServerRatis.java:start(427)) - XceiverServerRatis 511a6597-7d94-4d70-9de2-3e23a1a156e4 is started using port 43682
2019-10-04 09:14:20,840 [Datanode State Machine Thread - 0] INFO  server.XceiverServerGrpc (XceiverServerGrpc.java:start(149)) - XceiverServerGrpc 511a6597-7d94-4d70-9de2-3e23a1a156e4 is started using port 33499
2019-10-04 09:14:20,893 [Datanode State Machine Thread - 0] INFO  ozoneimpl.OzoneContainer (OzoneContainer.java:start(214)) - Attempting to start container services.
2019-10-04 09:14:20,893 [Datanode State Machine Thread - 0] INFO  ozoneimpl.OzoneContainer (OzoneContainer.java:startContainerScrub(178)) - Background container scanner has been disabled.
2019-10-04 09:14:20,893 [Datanode State Machine Thread - 0] INFO  ratis.XceiverServerRatis (XceiverServerRatis.java:start(417)) - Starting XceiverServerRatis 0e119f59-67cf-40f1-927d-53b2173096f2 at port 0
2019-10-04 09:14:20,901 [Datanode State Machine Thread - 0] INFO  impl.RaftServerProxy (RaftServerProxy.java:lambda$start$3(299)) - 0e119f59-67cf-40f1-927d-53b2173096f2: start RPC server
2019-10-04 09:14:20,901 [Datanode State Machine Thread - 0] INFO  server.GrpcService (GrpcService.java:startImpl(158)) - 0e119f59-67cf-40f1-927d-53b2173096f2: GrpcService started, listening on 0.0.0.0/0.0.0.0:44577
2019-10-04 09:14:20,901 [Datanode State Machine Thread - 0] INFO  ratis.XceiverServerRatis (XceiverServerRatis.java:start(427)) - XceiverServerRatis 0e119f59-67cf-40f1-927d-53b2173096f2 is started using port 44577
2019-10-04 09:14:20,902 [Datanode State Machine Thread - 0] INFO  server.XceiverServerGrpc (XceiverServerGrpc.java:start(149)) - XceiverServerGrpc 0e119f59-67cf-40f1-927d-53b2173096f2 is started using port 44495
2019-10-04 09:14:20,965 [Datanode State Machine Thread - 0] INFO  ozoneimpl.OzoneContainer (OzoneContainer.java:start(214)) - Attempting to start container services.
2019-10-04 09:14:20,965 [Datanode State Machine Thread - 0] INFO  ozoneimpl.OzoneContainer (OzoneContainer.java:startContainerScrub(178)) - Background container scanner has been disabled.
2019-10-04 09:14:20,965 [Datanode State Machine Thread - 0] INFO  ratis.XceiverServerRatis (XceiverServerRatis.java:start(417)) - Starting XceiverServerRatis 1eb030bf-751e-416f-b9fb-7a8ff43b58f1 at port 0
2019-10-04 09:14:20,973 [Datanode State Machine Thread - 0] INFO  impl.RaftServerProxy (RaftServerProxy.java:lambda$start$3(299)) - 1eb030bf-751e-416f-b9fb-7a8ff43b58f1: start RPC server
2019-10-04 09:14:20,976 [Datanode State Machine Thread - 0] INFO  server.GrpcService (GrpcService.java:startImpl(158)) - 1eb030bf-751e-416f-b9fb-7a8ff43b58f1: GrpcService started, listening on 0.0.0.0/0.0.0.0:38967
2019-10-04 09:14:20,976 [Datanode State Machine Thread - 0] INFO  ratis.XceiverServerRatis (XceiverServerRatis.java:start(427)) - XceiverServerRatis 1eb030bf-751e-416f-b9fb-7a8ff43b58f1 is started using port 38967
2019-10-04 09:14:20,976 [Datanode State Machine Thread - 0] INFO  server.XceiverServerGrpc (XceiverServerGrpc.java:start(149)) - XceiverServerGrpc 1eb030bf-751e-416f-b9fb-7a8ff43b58f1 is started using port 39516
2019-10-04 09:14:21,032 [Datanode State Machine Thread - 0] INFO  ozoneimpl.OzoneContainer (OzoneContainer.java:start(214)) - Attempting to start container services.
2019-10-04 09:14:21,032 [Datanode State Machine Thread - 0] INFO  ozoneimpl.OzoneContainer (OzoneContainer.java:startContainerScrub(178)) - Background container scanner has been disabled.
2019-10-04 09:14:21,032 [Datanode State Machine Thread - 0] INFO  ratis.XceiverServerRatis (XceiverServerRatis.java:start(417)) - Starting XceiverServerRatis 4d059f59-02bc-40ba-9d88-cbf664f88c46 at port 0
2019-10-04 09:14:21,040 [Datanode State Machine Thread - 0] INFO  impl.RaftServerProxy (RaftServerProxy.java:lambda$start$3(299)) - 4d059f59-02bc-40ba-9d88-cbf664f88c46: start RPC server
2019-10-04 09:14:21,043 [Datanode State Machine Thread - 0] INFO  server.GrpcService (GrpcService.java:startImpl(158)) - 4d059f59-02bc-40ba-9d88-cbf664f88c46: GrpcService started, listening on 0.0.0.0/0.0.0.0:45396
2019-10-04 09:14:21,043 [Datanode State Machine Thread - 0] INFO  ratis.XceiverServerRatis (XceiverServerRatis.java:start(427)) - XceiverServerRatis 4d059f59-02bc-40ba-9d88-cbf664f88c46 is started using port 45396
2019-10-04 09:14:21,044 [Datanode State Machine Thread - 0] INFO  server.XceiverServerGrpc (XceiverServerGrpc.java:start(149)) - XceiverServerGrpc 4d059f59-02bc-40ba-9d88-cbf664f88c46 is started using port 41239
2019-10-04 09:14:21,099 [Datanode State Machine Thread - 0] INFO  ozoneimpl.OzoneContainer (OzoneContainer.java:start(214)) - Attempting to start container services.
2019-10-04 09:14:21,099 [Datanode State Machine Thread - 0] INFO  ozoneimpl.OzoneContainer (OzoneContainer.java:startContainerScrub(178)) - Background container scanner has been disabled.
2019-10-04 09:14:21,099 [Datanode State Machine Thread - 0] INFO  ratis.XceiverServerRatis (XceiverServerRatis.java:start(417)) - Starting XceiverServerRatis 0378a5da-7116-4b86-8368-147da2f8ca9d at port 0
2019-10-04 09:14:21,106 [Datanode State Machine Thread - 0] INFO  impl.RaftServerProxy (RaftServerProxy.java:lambda$start$3(299)) - 0378a5da-7116-4b86-8368-147da2f8ca9d: start RPC server
2019-10-04 09:14:21,109 [Datanode State Machine Thread - 0] INFO  server.GrpcService (GrpcService.java:startImpl(158)) - 0378a5da-7116-4b86-8368-147da2f8ca9d: GrpcService started, listening on 0.0.0.0/0.0.0.0:36134
2019-10-04 09:14:21,109 [Datanode State Machine Thread - 0] INFO  ratis.XceiverServerRatis (XceiverServerRatis.java:start(427)) - XceiverServerRatis 0378a5da-7116-4b86-8368-147da2f8ca9d is started using port 36134
2019-10-04 09:14:21,109 [Datanode State Machine Thread - 0] INFO  server.XceiverServerGrpc (XceiverServerGrpc.java:start(149)) - XceiverServerGrpc 0378a5da-7116-4b86-8368-147da2f8ca9d is started using port 39767
2019-10-04 09:14:21,164 [main] INFO  ozone.MiniOzoneClusterImpl (MiniOzoneClusterImpl.java:lambda$waitForClusterToBeReady$0(147)) - Waiting for cluster to be ready. Got 0 of 7 DN Heartbeats.
2019-10-04 09:14:21,178 [Datanode State Machine Thread - 0] INFO  ozoneimpl.OzoneContainer (OzoneContainer.java:start(214)) - Attempting to start container services.
2019-10-04 09:14:21,178 [Datanode State Machine Thread - 0] INFO  ozoneimpl.OzoneContainer (OzoneContainer.java:startContainerScrub(178)) - Background container scanner has been disabled.
2019-10-04 09:14:21,178 [Datanode State Machine Thread - 0] INFO  ratis.XceiverServerRatis (XceiverServerRatis.java:start(417)) - Starting XceiverServerRatis 28bf37cc-6bbd-4f90-807d-f80e35d67f5b at port 0
2019-10-04 09:14:21,185 [Datanode State Machine Thread - 0] INFO  impl.RaftServerProxy (RaftServerProxy.java:lambda$start$3(299)) - 28bf37cc-6bbd-4f90-807d-f80e35d67f5b: start RPC server
2019-10-04 09:14:21,189 [Datanode State Machine Thread - 0] INFO  server.GrpcService (GrpcService.java:startImpl(158)) - 28bf37cc-6bbd-4f90-807d-f80e35d67f5b: GrpcService started, listening on 0.0.0.0/0.0.0.0:32780
2019-10-04 09:14:21,189 [Datanode State Machine Thread - 0] INFO  ratis.XceiverServerRatis (XceiverServerRatis.java:start(427)) - XceiverServerRatis 28bf37cc-6bbd-4f90-807d-f80e35d67f5b is started using port 32780
2019-10-04 09:14:21,202 [Datanode State Machine Thread - 0] INFO  server.XceiverServerGrpc (XceiverServerGrpc.java:start(149)) - XceiverServerGrpc 28bf37cc-6bbd-4f90-807d-f80e35d67f5b is started using port 38488
2019-10-04 09:14:22,165 [main] INFO  ozone.MiniOzoneClusterImpl (MiniOzoneClusterImpl.java:lambda$waitForClusterToBeReady$0(147)) - Waiting for cluster to be ready. Got 0 of 7 DN Heartbeats.
2019-10-04 09:14:22,762 [IPC Server handler 1 on 44885] INFO  net.NetworkTopology (NetworkTopologyImpl.java:add(111)) - Added a new node: /default-rack/341c6ded-f6fe-48bf-88f1-9323bbf2345b
2019-10-04 09:14:22,763 [IPC Server handler 1 on 44885] INFO  node.SCMNodeManager (SCMNodeManager.java:register(266)) - Registered Data node : 341c6ded-f6fe-48bf-88f1-9323bbf2345b{ip: 192.168.151.111, host: pr-hdds-2238-lzxxv-1908806976, networkLocation: /default-rack, certSerialId: null}
2019-10-04 09:14:22,765 [EventQueue-NodeRegistrationContainerReportForDataNodeSafeModeRule] INFO  safemode.SCMSafeModeManager (DataNodeSafeModeRule.java:process(71)) - SCM in safe mode. 1 DataNodes registered, 1 required.
2019-10-04 09:14:22,767 [EventQueue-NodeRegistrationContainerReportForDataNodeSafeModeRule] INFO  safemode.SCMSafeModeManager (SCMSafeModeManager.java:validateSafeModeExitRules(177)) - ScmSafeModeManager, all rules are successfully validated
2019-10-04 09:14:22,767 [EventQueue-NodeRegistrationContainerReportForDataNodeSafeModeRule] INFO  safemode.SCMSafeModeManager (SCMSafeModeManager.java:exitSafeMode(193)) - SCM exiting safe mode.
2019-10-04 09:14:22,785 [grpc-default-executor-9] INFO  impl.RaftServerProxy (RaftServerProxy.java:addNew(89)) - 341c6ded-f6fe-48bf-88f1-9323bbf2345b: addNew group-5B95D1FA4F3B:[341c6ded-f6fe-48bf-88f1-9323bbf2345b:192.168.151.111:38972] returns group-5B95D1FA4F3B:java.util.concurrent.CompletableFuture@571de715[Not completed]
2019-10-04 09:14:22,789 [pool-383-thread-1] INFO  impl.RaftServerImpl (RaftServerImpl.java:<init>(95)) - 341c6ded-f6fe-48bf-88f1-9323bbf2345b: new RaftServerImpl for group-5B95D1FA4F3B:[341c6ded-f6fe-48bf-88f1-9323bbf2345b:192.168.151.111:38972] with ContainerStateMachine:uninitialized
2019-10-04 09:14:22,789 [pool-383-thread-1] INFO  server.RaftServerConfigKeys (ConfUtils.java:logGet(43)) - raft.server.rpc.timeout.min = 5s (custom)
2019-10-04 09:14:22,789 [pool-383-thread-1] INFO  server.RaftServerConfigKeys (ConfUtils.java:logGet(43)) - raft.server.rpc.timeout.max = 5200ms (custom)
2019-10-04 09:14:22,789 [pool-383-thread-1] INFO  server.RaftServerConfigKeys (ConfUtils.java:logGet(43)) - raft.server.rpcslowness.timeout = 120s (custom)
2019-10-04 09:14:22,790 [pool-383-thread-1] INFO  server.RaftServerConfigKeys (ConfUtils.java:logGet(43)) - raft.server.sleep.deviation.threshold = 300 (default)
2019-10-04 09:14:22,790 [pool-383-thread-1] INFO  server.RaftServerConfigKeys (ConfUtils.java:logGet(43)) - raft.server.log.appender.install.snapshot.enabled = false (custom)
2019-10-04 09:14:22,790 [pool-383-thread-1] INFO  impl.RaftServerImpl (ServerState.java:<init>(103)) - 341c6ded-f6fe-48bf-88f1-9323bbf2345b@group-5B95D1FA4F3B: ConfigurationManager, init=-1: [341c6ded-f6fe-48bf-88f1-9323bbf2345b:192.168.151.111:38972], old=null, confs=<EMPTY_MAP>
2019-10-04 09:14:22,790 [pool-383-thread-1] INFO  server.RaftServerConfigKeys (ConfUtils.java:logGet(43)) - raft.server.storage.dir = [/workdir/hadoop-ozone/integration-test/target/test-dir/MiniOzoneClusterImpl-ea59070c-537f-4444-880e-4e22d9c91129/datanode-0/data/ratis] (custom)
2019-10-04 09:14:22,791 [pool-383-thread-1] INFO  server.RaftServerConfigKeys (ConfUtils.java:logGet(43)) - raft.server.log.corruption.policy = EXCEPTION (default)
2019-10-04 09:14:22,791 [pool-383-thread-1] INFO  storage.RaftStorageDirectory (RaftStorageDirectory.java:analyzeStorage(246)) - The storage directory /workdir/hadoop-ozone/integration-test/target/test-dir/MiniOzoneClusterImpl-ea59070c-537f-4444-880e-4e22d9c91129/datanode-0/data/ratis/963a1dca-68cc-44a8-9e36-5b95d1fa4f3b does not exist. Creating ...
2019-10-04 09:14:22,804 [pool-383-thread-1] INFO  storage.RaftStorageDirectory (RaftStorageDirectory.java:tryLock(328)) - Lock on /workdir/hadoop-ozone/integration-test/target/test-dir/MiniOzoneClusterImpl-ea59070c-537f-4444-880e-4e22d9c91129/datanode-0/data/ratis/963a1dca-68cc-44a8-9e36-5b95d1fa4f3b/in_use.lock acquired by nodename 26290@pr-hdds-2238-lzxxv-1908806976
2019-10-04 09:14:22,815 [IPC Server handler 4 on 44885] INFO  net.NetworkTopology (NetworkTopologyImpl.java:add(111)) - Added a new node: /default-rack/511a6597-7d94-4d70-9de2-3e23a1a156e4
2019-10-04 09:14:22,815 [IPC Server handler 4 on 44885] INFO  node.SCMNodeManager (SCMNodeManager.java:register(266)) - Registered Data node : 511a6597-7d94-4d70-9de2-3e23a1a156e4{ip: 192.168.151.111, host: pr-hdds-2238-lzxxv-1908806976, networkLocation: /default-rack, certSerialId: null}
2019-10-04 09:14:22,818 [pool-383-thread-1] INFO  storage.RaftStorage (RaftStorage.java:format(84)) - Storage directory /workdir/hadoop-ozone/integration-test/target/test-dir/MiniOzoneClusterImpl-ea59070c-537f-4444-880e-4e22d9c91129/datanode-0/data/ratis/963a1dca-68cc-44a8-9e36-5b95d1fa4f3b has been successfully formatted.
2019-10-04 09:14:22,818 [pool-383-thread-1] INFO  ratis.ContainerStateMachine (ContainerStateMachine.java:loadSnapshot(230)) - group-5B95D1FA4F3B: The snapshot info is null. Setting the last applied indexto:(t:0, i:~)
2019-10-04 09:14:22,818 [pool-383-thread-1] INFO  server.RaftServerConfigKeys (ConfUtils.java:logGet(43)) - raft.server.notification.no-leader.timeout = 120s (custom)
2019-10-04 09:14:22,818 [pool-383-thread-1] INFO  server.RaftServerConfigKeys (ConfUtils.java:logGet(43)) - raft.server.log.use.memory = false (default)
2019-10-04 09:14:22,819 [pool-383-thread-1] INFO  server.RaftServerConfigKeys (ConfUtils.java:logGet(43)) - raft.server.log.purge.gap = 1000000 (custom)
2019-10-04 09:14:22,819 [pool-383-thread-1] INFO  server.RaftServerConfigKeys (ConfUtils.java:logGet(43)) - raft.server.log.appender.buffer.byte-limit = 33554432 (custom)
2019-10-04 09:14:22,819 [pool-383-thread-1] INFO  server.RaftServerConfigKeys (ConfUtils.java:logGet(43)) - raft.server.log.segment.size.max = 1048576 (custom)
2019-10-04 09:14:22,821 [pool-383-thread-1] INFO  server.RaftServerConfigKeys (ConfUtils.java:logGet(43)) - raft.server.log.segment.cache.num.max = 2 (custom)
2019-10-04 09:14:22,822 [pool-383-thread-1] INFO  segmented.SegmentedRaftLogWorker (SegmentedRaftLogWorker.java:<init>(173)) - new 341c6ded-f6fe-48bf-88f1-9323bbf2345b@group-5B95D1FA4F3B-SegmentedRaftLogWorker for RaftStorage:Storage Directory /workdir/hadoop-ozone/integration-test/target/test-dir/MiniOzoneClusterImpl-ea59070c-537f-4444-880e-4e22d9c91129/datanode-0/data/ratis/963a1dca-68cc-44a8-9e36-5b95d1fa4f3b
2019-10-04 09:14:22,822 [pool-383-thread-1] INFO  server.RaftServerConfigKeys (ConfUtils.java:logGet(43)) - raft.server.log.queue.byte-limit = 2147483647 (custom)
2019-10-04 09:14:22,822 [pool-383-thread-1] INFO  server.RaftServerConfigKeys (ConfUtils.java:logGet(43)) - raft.server.log.queue.element-limit = 1024 (custom)
2019-10-04 09:14:22,822 [pool-383-thread-1] INFO  server.RaftServerConfigKeys (ConfUtils.java:logGet(43)) - raft.server.log.segment.size.max = 1048576 (custom)
2019-10-04 09:14:22,822 [pool-383-thread-1] INFO  server.RaftServerConfigKeys (ConfUtils.java:logGet(43)) - raft.server.log.preallocated.size = 16384 (custom)
2019-10-04 09:14:22,823 [pool-383-thread-1] INFO  server.RaftServerConfigKeys (ConfUtils.java:logGet(43)) - raft.server.log.write.buffer.size = 33554432 (custom)
2019-10-04 09:14:22,823 [pool-383-thread-1] INFO  server.RaftServerConfigKeys (ConfUtils.java:logGet(43)) - raft.server.log.force.sync.num = 128 (default)
2019-10-04 09:14:22,823 [pool-383-thread-1] INFO  server.RaftServerConfigKeys (ConfUtils.java:logGet(43)) - raft.server.log.statemachine.data.sync = true (default)
2019-10-04 09:14:22,823 [pool-383-thread-1] INFO  server.RaftServerConfigKeys (ConfUtils.java:logGet(43)) - raft.server.log.statemachine.data.sync.timeout = 10s (default)
2019-10-04 09:14:22,823 [pool-383-thread-1] INFO  server.RaftServerConfigKeys (ConfUtils.java:logGet(43)) - raft.server.log.statemachine.data.sync.timeout.retry = -1 (default)
2019-10-04 09:14:22,824 [pool-383-thread-1] INFO  server.RaftServerConfigKeys (ConfUtils.java:logGet(43)) - raft.server.log.statemachine.data.caching.enabled = true (custom)
2019-10-04 09:14:22,824 [pool-383-thread-1] INFO  segmented.SegmentedRaftLogWorker (SegmentedRaftLogWorker.java:lambda$new$0(128)) - 341c6ded-f6fe-48bf-88f1-9323bbf2345b@group-5B95D1FA4F3B-SegmentedRaftLogWorker: flushIndex: setUnconditionally 0 -> -1
2019-10-04 09:14:22,825 [pool-383-thread-1] INFO  server.RaftServerConfigKeys (ConfUtils.java:logGet(43)) - raft.server.snapshot.auto.trigger.enabled = true (custom)
2019-10-04 09:14:22,825 [pool-383-thread-1] INFO  server.RaftServerConfigKeys (ConfUtils.java:logGet(43)) - raft.server.snapshot.auto.trigger.threshold = 10000 (custom)
2019-10-04 09:14:22,825 [pool-383-thread-1] INFO  server.RaftServerConfigKeys (ConfUtils.java:logGet(43)) - raft.server.snapshot.retention.file.num = 5 (custom)
2019-10-04 09:14:22,825 [pool-383-thread-1] INFO  server.RaftServerConfigKeys (ConfUtils.java:logGet(43)) - raft.server.retrycache.expirytime = 600000ms (custom)
2019-10-04 09:14:22,827 [pool-383-thread-1] INFO  impl.RaftServerImpl (RaftServerImpl.java:start(181)) - 341c6ded-f6fe-48bf-88f1-9323bbf2345b@group-5B95D1FA4F3B: start as a follower, conf=-1: [341c6ded-f6fe-48bf-88f1-9323bbf2345b:192.168.151.111:38972], old=null
2019-10-04 09:14:22,827 [pool-383-thread-1] INFO  impl.RaftServerImpl (RaftServerImpl.java:setRole(170)) - 341c6ded-f6fe-48bf-88f1-9323bbf2345b@group-5B95D1FA4F3B: changes role from      null to FOLLOWER at term 0 for startAsFollower
2019-10-04 09:14:22,827 [pool-383-thread-1] INFO  impl.RoleInfo (RoleInfo.java:updateAndGet(143)) - 341c6ded-f6fe-48bf-88f1-9323bbf2345b: start FollowerState
2019-10-04 09:14:22,828 [pool-383-thread-1] INFO  util.JmxRegister (JmxRegister.java:tryRegister(44)) - Successfully registered JMX Bean with object name Ratis:service=RaftServer,group=group-5B95D1FA4F3B,id=341c6ded-f6fe-48bf-88f1-9323bbf2345b
2019-10-04 09:14:22,833 [RatisPipelineUtilsThread] INFO  pipeline.PipelineStateManager (PipelineStateManager.java:addPipeline(56)) - Created pipeline Pipeline[ Id: 963a1dca-68cc-44a8-9e36-5b95d1fa4f3b, Nodes: 341c6ded-f6fe-48bf-88f1-9323bbf2345b{ip: 192.168.151.111, host: pr-hdds-2238-lzxxv-1908806976, networkLocation: /default-rack, certSerialId: null}, Type:RATIS, Factor:ONE, State:OPEN]
2019-10-04 09:14:22,841 [grpc-default-executor-9] INFO  impl.RaftServerProxy (RaftServerProxy.java:addNew(89)) - 511a6597-7d94-4d70-9de2-3e23a1a156e4: addNew group-BC9C1E706EC7:[511a6597-7d94-4d70-9de2-3e23a1a156e4:192.168.151.111:43682] returns group-BC9C1E706EC7:java.util.concurrent.CompletableFuture@705f7986[Not completed]
2019-10-04 09:14:22,842 [pool-393-thread-1] INFO  impl.RaftServerImpl (RaftServerImpl.java:<init>(95)) - 511a6597-7d94-4d70-9de2-3e23a1a156e4: new RaftServerImpl for group-BC9C1E706EC7:[511a6597-7d94-4d70-9de2-3e23a1a156e4:192.168.151.111:43682] with ContainerStateMachine:uninitialized
2019-10-04 09:14:22,842 [pool-393-thread-1] INFO  server.RaftServerConfigKeys (ConfUtils.java:logGet(43)) - raft.server.rpc.timeout.min = 5s (custom)
2019-10-04 09:14:22,842 [pool-393-thread-1] INFO  server.RaftServerConfigKeys (ConfUtils.java:logGet(43)) - raft.server.rpc.timeout.max = 5200ms (custom)
2019-10-04 09:14:22,842 [pool-393-thread-1] INFO  server.RaftServerConfigKeys (ConfUtils.java:logGet(43)) - raft.server.rpcslowness.timeout = 120s (custom)
2019-10-04 09:14:22,842 [pool-393-thread-1] INFO  server.RaftServerConfigKeys (ConfUtils.java:logGet(43)) - raft.server.sleep.deviation.threshold = 300 (default)
2019-10-04 09:14:22,842 [pool-393-thread-1] INFO  server.RaftServerConfigKeys (ConfUtils.java:logGet(43)) - raft.server.log.appender.install.snapshot.enabled = false (custom)
2019-10-04 09:14:22,843 [pool-393-thread-1] INFO  impl.RaftServerImpl (ServerState.java:<init>(103)) - 511a6597-7d94-4d70-9de2-3e23a1a156e4@group-BC9C1E706EC7: ConfigurationManager, init=-1: [511a6597-7d94-4d70-9de2-3e23a1a156e4:192.168.151.111:43682], old=null, confs=<EMPTY_MAP>
2019-10-04 09:14:22,843 [pool-393-thread-1] INFO  server.RaftServerConfigKeys (ConfUtils.java:logGet(43)) - raft.server.storage.dir = [/workdir/hadoop-ozone/integration-test/target/test-dir/MiniOzoneClusterImpl-ea59070c-537f-4444-880e-4e22d9c91129/datanode-1/data/ratis] (custom)
2019-10-04 09:14:22,843 [pool-393-thread-1] INFO  server.RaftServerConfigKeys (ConfUtils.java:logGet(43)) - raft.server.log.corruption.policy = EXCEPTION (default)
2019-10-04 09:14:22,843 [pool-393-thread-1] INFO  storage.RaftStorageDirectory (RaftStorageDirectory.java:analyzeStorage(246)) - The storage directory /workdir/hadoop-ozone/integration-test/target/test-dir/MiniOzoneClusterImpl-ea59070c-537f-4444-880e-4e22d9c91129/datanode-1/data/ratis/f7a6c61f-5147-4e41-8d85-bc9c1e706ec7 does not exist. Creating ...
2019-10-04 09:14:22,856 [pool-393-thread-1] INFO  storage.RaftStorageDirectory (RaftStorageDirectory.java:tryLock(328)) - Lock on /workdir/hadoop-ozone/integration-test/target/test-dir/MiniOzoneClusterImpl-ea59070c-537f-4444-880e-4e22d9c91129/datanode-1/data/ratis/f7a6c61f-5147-4e41-8d85-bc9c1e706ec7/in_use.lock acquired by nodename 26290@pr-hdds-2238-lzxxv-1908806976
2019-10-04 09:14:22,869 [pool-393-thread-1] INFO  storage.RaftStorage (RaftStorage.java:format(84)) - Storage directory /workdir/hadoop-ozone/integration-test/target/test-dir/MiniOzoneClusterImpl-ea59070c-537f-4444-880e-4e22d9c91129/datanode-1/data/ratis/f7a6c61f-5147-4e41-8d85-bc9c1e706ec7 has been successfully formatted.
2019-10-04 09:14:22,869 [pool-393-thread-1] INFO  ratis.ContainerStateMachine (ContainerStateMachine.java:loadSnapshot(230)) - group-BC9C1E706EC7: The snapshot info is null. Setting the last applied indexto:(t:0, i:~)
2019-10-04 09:14:22,869 [pool-393-thread-1] INFO  server.RaftServerConfigKeys (ConfUtils.java:logGet(43)) - raft.server.notification.no-leader.timeout = 120s (custom)
2019-10-04 09:14:22,869 [pool-393-thread-1] INFO  server.RaftServerConfigKeys (ConfUtils.java:logGet(43)) - raft.server.log.use.memory = false (default)
2019-10-04 09:14:22,869 [pool-393-thread-1] INFO  server.RaftServerConfigKeys (ConfUtils.java:logGet(43)) - raft.server.log.purge.gap = 1000000 (custom)
2019-10-04 09:14:22,869 [pool-393-thread-1] INFO  server.RaftServerConfigKeys (ConfUtils.java:logGet(43)) - raft.server.log.appender.buffer.byte-limit = 33554432 (custom)
2019-10-04 09:14:22,870 [pool-393-thread-1] INFO  server.RaftServerConfigKeys (ConfUtils.java:logGet(43)) - raft.server.log.segment.size.max = 1048576 (custom)
2019-10-04 09:14:22,871 [pool-393-thread-1] INFO  server.RaftServerConfigKeys (ConfUtils.java:logGet(43)) - raft.server.log.segment.cache.num.max = 2 (custom)
2019-10-04 09:14:22,871 [pool-393-thread-1] INFO  segmented.SegmentedRaftLogWorker (SegmentedRaftLogWorker.java:<init>(173)) - new 511a6597-7d94-4d70-9de2-3e23a1a156e4@group-BC9C1E706EC7-SegmentedRaftLogWorker for RaftStorage:Storage Directory /workdir/hadoop-ozone/integration-test/target/test-dir/MiniOzoneClusterImpl-ea59070c-537f-4444-880e-4e22d9c91129/datanode-1/data/ratis/f7a6c61f-5147-4e41-8d85-bc9c1e706ec7
2019-10-04 09:14:22,872 [pool-393-thread-1] INFO  server.RaftServerConfigKeys (ConfUtils.java:logGet(43)) - raft.server.log.queue.byte-limit = 2147483647 (custom)
2019-10-04 09:14:22,872 [pool-393-thread-1] INFO  server.RaftServerConfigKeys (ConfUtils.java:logGet(43)) - raft.server.log.queue.element-limit = 1024 (custom)
2019-10-04 09:14:22,872 [pool-393-thread-1] INFO  server.RaftServerConfigKeys (ConfUtils.java:logGet(43)) - raft.server.log.segment.size.max = 1048576 (custom)
2019-10-04 09:14:22,872 [pool-393-thread-1] INFO  server.RaftServerConfigKeys (ConfUtils.java:logGet(43)) - raft.server.log.preallocated.size = 16384 (custom)
2019-10-04 09:14:22,872 [pool-393-thread-1] INFO  server.RaftServerConfigKeys (ConfUtils.java:logGet(43)) - raft.server.log.write.buffer.size = 33554432 (custom)
2019-10-04 09:14:22,872 [pool-393-thread-1] INFO  server.RaftServerConfigKeys (ConfUtils.java:logGet(43)) - raft.server.log.force.sync.num = 128 (default)
2019-10-04 09:14:22,872 [pool-393-thread-1] INFO  server.RaftServerConfigKeys (ConfUtils.java:logGet(43)) - raft.server.log.statemachine.data.sync = true (default)
2019-10-04 09:14:22,872 [pool-393-thread-1] INFO  server.RaftServerConfigKeys (ConfUtils.java:logGet(43)) - raft.server.log.statemachine.data.sync.timeout = 10s (default)
2019-10-04 09:14:22,872 [pool-393-thread-1] INFO  server.RaftServerConfigKeys (ConfUtils.java:logGet(43)) - raft.server.log.statemachine.data.sync.timeout.retry = -1 (default)
2019-10-04 09:14:22,873 [pool-393-thread-1] INFO  server.RaftServerConfigKeys (ConfUtils.java:logGet(43)) - raft.server.log.statemachine.data.caching.enabled = true (custom)
2019-10-04 09:14:22,873 [pool-393-thread-1] INFO  segmented.SegmentedRaftLogWorker (SegmentedRaftLogWorker.java:lambda$new$0(128)) - 511a6597-7d94-4d70-9de2-3e23a1a156e4@group-BC9C1E706EC7-SegmentedRaftLogWorker: flushIndex: setUnconditionally 0 -> -1
2019-10-04 09:14:22,873 [pool-393-thread-1] INFO  server.RaftServerConfigKeys (ConfUtils.java:logGet(43)) - raft.server.snapshot.auto.trigger.enabled = true (custom)
2019-10-04 09:14:22,874 [pool-393-thread-1] INFO  server.RaftServerConfigKeys (ConfUtils.java:logGet(43)) - raft.server.snapshot.auto.trigger.threshold = 10000 (custom)
2019-10-04 09:14:22,874 [pool-393-thread-1] INFO  server.RaftServerConfigKeys (ConfUtils.java:logGet(43)) - raft.server.snapshot.retention.file.num = 5 (custom)
2019-10-04 09:14:22,874 [pool-393-thread-1] INFO  server.RaftServerConfigKeys (ConfUtils.java:logGet(43)) - raft.server.retrycache.expirytime = 600000ms (custom)
2019-10-04 09:14:22,875 [pool-393-thread-1] INFO  impl.RaftServerImpl (RaftServerImpl.java:start(181)) - 511a6597-7d94-4d70-9de2-3e23a1a156e4@group-BC9C1E706EC7: start as a follower, conf=-1: [511a6597-7d94-4d70-9de2-3e23a1a156e4:192.168.151.111:43682], old=null
2019-10-04 09:14:22,875 [pool-393-thread-1] INFO  impl.RaftServerImpl (RaftServerImpl.java:setRole(170)) - 511a6597-7d94-4d70-9de2-3e23a1a156e4@group-BC9C1E706EC7: changes role from      null to FOLLOWER at term 0 for startAsFollower
2019-10-04 09:14:22,876 [pool-393-thread-1] INFO  impl.RoleInfo (RoleInfo.java:updateAndGet(143)) - 511a6597-7d94-4d70-9de2-3e23a1a156e4: start FollowerState
2019-10-04 09:14:22,876 [pool-393-thread-1] INFO  util.JmxRegister (JmxRegister.java:tryRegister(44)) - Successfully registered JMX Bean with object name Ratis:service=RaftServer,group=group-BC9C1E706EC7,id=511a6597-7d94-4d70-9de2-3e23a1a156e4
2019-10-04 09:14:22,878 [IPC Server handler 5 on 44885] INFO  net.NetworkTopology (NetworkTopologyImpl.java:add(111)) - Added a new node: /default-rack/0e119f59-67cf-40f1-927d-53b2173096f2
2019-10-04 09:14:22,879 [IPC Server handler 5 on 44885] INFO  node.SCMNodeManager (SCMNodeManager.java:register(266)) - Registered Data node : 0e119f59-67cf-40f1-927d-53b2173096f2{ip: 192.168.151.111, host: pr-hdds-2238-lzxxv-1908806976, networkLocation: /default-rack, certSerialId: null}
2019-10-04 09:14:22,881 [RatisPipelineUtilsThread] INFO  pipeline.PipelineStateManager (PipelineStateManager.java:addPipeline(56)) - Created pipeline Pipeline[ Id: f7a6c61f-5147-4e41-8d85-bc9c1e706ec7, Nodes: 511a6597-7d94-4d70-9de2-3e23a1a156e4{ip: 192.168.151.111, host: pr-hdds-2238-lzxxv-1908806976, networkLocation: /default-rack, certSerialId: null}, Type:RATIS, Factor:ONE, State:OPEN]
2019-10-04 09:14:22,888 [grpc-default-executor-9] INFO  impl.RaftServerProxy (RaftServerProxy.java:addNew(89)) - 0e119f59-67cf-40f1-927d-53b2173096f2: addNew group-09EA76BDB1E1:[0e119f59-67cf-40f1-927d-53b2173096f2:192.168.151.111:44577] returns group-09EA76BDB1E1:java.util.concurrent.CompletableFuture@3bf4342e[Not completed]
2019-10-04 09:14:22,889 [pool-403-thread-1] INFO  impl.RaftServerImpl (RaftServerImpl.java:<init>(95)) - 0e119f59-67cf-40f1-927d-53b2173096f2: new RaftServerImpl for group-09EA76BDB1E1:[0e119f59-67cf-40f1-927d-53b2173096f2:192.168.151.111:44577] with ContainerStateMachine:uninitialized
2019-10-04 09:14:22,889 [pool-403-thread-1] INFO  server.RaftServerConfigKeys (ConfUtils.java:logGet(43)) - raft.server.rpc.timeout.min = 5s (custom)
2019-10-04 09:14:22,889 [pool-403-thread-1] INFO  server.RaftServerConfigKeys (ConfUtils.java:logGet(43)) - raft.server.rpc.timeout.max = 5200ms (custom)
2019-10-04 09:14:22,890 [pool-403-thread-1] INFO  server.RaftServerConfigKeys (ConfUtils.java:logGet(43)) - raft.server.rpcslowness.timeout = 120s (custom)
2019-10-04 09:14:22,890 [pool-403-thread-1] INFO  server.RaftServerConfigKeys (ConfUtils.java:logGet(43)) - raft.server.sleep.deviation.threshold = 300 (default)
2019-10-04 09:14:22,890 [pool-403-thread-1] INFO  server.RaftServerConfigKeys (ConfUtils.java:logGet(43)) - raft.server.log.appender.install.snapshot.enabled = false (custom)
2019-10-04 09:14:22,890 [pool-403-thread-1] INFO  impl.RaftServerImpl (ServerState.java:<init>(103)) - 0e119f59-67cf-40f1-927d-53b2173096f2@group-09EA76BDB1E1: ConfigurationManager, init=-1: [0e119f59-67cf-40f1-927d-53b2173096f2:192.168.151.111:44577], old=null, confs=<EMPTY_MAP>
2019-10-04 09:14:22,890 [pool-403-thread-1] INFO  server.RaftServerConfigKeys (ConfUtils.java:logGet(43)) - raft.server.storage.dir = [/workdir/hadoop-ozone/integration-test/target/test-dir/MiniOzoneClusterImpl-ea59070c-537f-4444-880e-4e22d9c91129/datanode-2/data/ratis] (custom)
2019-10-04 09:14:22,890 [pool-403-thread-1] INFO  server.RaftServerConfigKeys (ConfUtils.java:logGet(43)) - raft.server.log.corruption.policy = EXCEPTION (default)
2019-10-04 09:14:22,890 [pool-403-thread-1] INFO  storage.RaftStorageDirectory (RaftStorageDirectory.java:analyzeStorage(246)) - The storage directory /workdir/hadoop-ozone/integration-test/target/test-dir/MiniOzoneClusterImpl-ea59070c-537f-4444-880e-4e22d9c91129/datanode-2/data/ratis/fb875090-8495-4828-ad0d-09ea76bdb1e1 does not exist. Creating ...
2019-10-04 09:14:22,903 [pool-403-thread-1] INFO  storage.RaftStorageDirectory (RaftStorageDirectory.java:tryLock(328)) - Lock on /workdir/hadoop-ozone/integration-test/target/test-dir/MiniOzoneClusterImpl-ea59070c-537f-4444-880e-4e22d9c91129/datanode-2/data/ratis/fb875090-8495-4828-ad0d-09ea76bdb1e1/in_use.lock acquired by nodename 26290@pr-hdds-2238-lzxxv-1908806976
2019-10-04 09:14:22,915 [pool-403-thread-1] INFO  storage.RaftStorage (RaftStorage.java:format(84)) - Storage directory /workdir/hadoop-ozone/integration-test/target/test-dir/MiniOzoneClusterImpl-ea59070c-537f-4444-880e-4e22d9c91129/datanode-2/data/ratis/fb875090-8495-4828-ad0d-09ea76bdb1e1 has been successfully formatted.
2019-10-04 09:14:22,915 [pool-403-thread-1] INFO  ratis.ContainerStateMachine (ContainerStateMachine.java:loadSnapshot(230)) - group-09EA76BDB1E1: The snapshot info is null. Setting the last applied indexto:(t:0, i:~)
2019-10-04 09:14:22,916 [pool-403-thread-1] INFO  server.RaftServerConfigKeys (ConfUtils.java:logGet(43)) - raft.server.notification.no-leader.timeout = 120s (custom)
2019-10-04 09:14:22,916 [pool-403-thread-1] INFO  server.RaftServerConfigKeys (ConfUtils.java:logGet(43)) - raft.server.log.use.memory = false (default)
2019-10-04 09:14:22,916 [pool-403-thread-1] INFO  server.RaftServerConfigKeys (ConfUtils.java:logGet(43)) - raft.server.log.purge.gap = 1000000 (custom)
2019-10-04 09:14:22,916 [pool-403-thread-1] INFO  server.RaftServerConfigKeys (ConfUtils.java:logGet(43)) - raft.server.log.appender.buffer.byte-limit = 33554432 (custom)
2019-10-04 09:14:22,916 [pool-403-thread-1] INFO  server.RaftServerConfigKeys (ConfUtils.java:logGet(43)) - raft.server.log.segment.size.max = 1048576 (custom)
2019-10-04 09:14:22,918 [pool-403-thread-1] INFO  server.RaftServerConfigKeys (ConfUtils.java:logGet(43)) - raft.server.log.segment.cache.num.max = 2 (custom)
2019-10-04 09:14:22,918 [pool-403-thread-1] INFO  segmented.SegmentedRaftLogWorker (SegmentedRaftLogWorker.java:<init>(173)) - new 0e119f59-67cf-40f1-927d-53b2173096f2@group-09EA76BDB1E1-SegmentedRaftLogWorker for RaftStorage:Storage Directory /workdir/hadoop-ozone/integration-test/target/test-dir/MiniOzoneClusterImpl-ea59070c-537f-4444-880e-4e22d9c91129/datanode-2/data/ratis/fb875090-8495-4828-ad0d-09ea76bdb1e1
2019-10-04 09:14:22,918 [pool-403-thread-1] INFO  server.RaftServerConfigKeys (ConfUtils.java:logGet(43)) - raft.server.log.queue.byte-limit = 2147483647 (custom)
2019-10-04 09:14:22,918 [pool-403-thread-1] INFO  server.RaftServerConfigKeys (ConfUtils.java:logGet(43)) - raft.server.log.queue.element-limit = 1024 (custom)
2019-10-04 09:14:22,918 [pool-403-thread-1] INFO  server.RaftServerConfigKeys (ConfUtils.java:logGet(43)) - raft.server.log.segment.size.max = 1048576 (custom)
2019-10-04 09:14:22,919 [pool-403-thread-1] INFO  server.RaftServerConfigKeys (ConfUtils.java:logGet(43)) - raft.server.log.preallocated.size = 16384 (custom)
2019-10-04 09:14:22,919 [pool-403-thread-1] INFO  server.RaftServerConfigKeys (ConfUtils.java:logGet(43)) - raft.server.log.write.buffer.size = 33554432 (custom)
2019-10-04 09:14:22,919 [pool-403-thread-1] INFO  server.RaftServerConfigKeys (ConfUtils.java:logGet(43)) - raft.server.log.force.sync.num = 128 (default)
2019-10-04 09:14:22,919 [pool-403-thread-1] INFO  server.RaftServerConfigKeys (ConfUtils.java:logGet(43)) - raft.server.log.statemachine.data.sync = true (default)
2019-10-04 09:14:22,919 [pool-403-thread-1] INFO  server.RaftServerConfigKeys (ConfUtils.java:logGet(43)) - raft.server.log.statemachine.data.sync.timeout = 10s (default)
2019-10-04 09:14:22,919 [pool-403-thread-1] INFO  server.RaftServerConfigKeys (ConfUtils.java:logGet(43)) - raft.server.log.statemachine.data.sync.timeout.retry = -1 (default)
2019-10-04 09:14:22,919 [pool-403-thread-1] INFO  server.RaftServerConfigKeys (ConfUtils.java:logGet(43)) - raft.server.log.statemachine.data.caching.enabled = true (custom)
2019-10-04 09:14:22,920 [pool-403-thread-1] INFO  segmented.SegmentedRaftLogWorker (SegmentedRaftLogWorker.java:lambda$new$0(128)) - 0e119f59-67cf-40f1-927d-53b2173096f2@group-09EA76BDB1E1-SegmentedRaftLogWorker: flushIndex: setUnconditionally 0 -> -1
2019-10-04 09:14:22,920 [pool-403-thread-1] INFO  server.RaftServerConfigKeys (ConfUtils.java:logGet(43)) - raft.server.snapshot.auto.trigger.enabled = true (custom)
2019-10-04 09:14:22,920 [pool-403-thread-1] INFO  server.RaftServerConfigKeys (ConfUtils.java:logGet(43)) - raft.server.snapshot.auto.trigger.threshold = 10000 (custom)
2019-10-04 09:14:22,920 [pool-403-thread-1] INFO  server.RaftServerConfigKeys (ConfUtils.java:logGet(43)) - raft.server.snapshot.retention.file.num = 5 (custom)
2019-10-04 09:14:22,920 [pool-403-thread-1] INFO  server.RaftServerConfigKeys (ConfUtils.java:logGet(43)) - raft.server.retrycache.expirytime = 600000ms (custom)
2019-10-04 09:14:22,922 [pool-403-thread-1] INFO  impl.RaftServerImpl (RaftServerImpl.java:start(181)) - 0e119f59-67cf-40f1-927d-53b2173096f2@group-09EA76BDB1E1: start as a follower, conf=-1: [0e119f59-67cf-40f1-927d-53b2173096f2:192.168.151.111:44577], old=null
2019-10-04 09:14:22,922 [pool-403-thread-1] INFO  impl.RaftServerImpl (RaftServerImpl.java:setRole(170)) - 0e119f59-67cf-40f1-927d-53b2173096f2@group-09EA76BDB1E1: changes role from      null to FOLLOWER at term 0 for startAsFollower
2019-10-04 09:14:22,922 [pool-403-thread-1] INFO  impl.RoleInfo (RoleInfo.java:updateAndGet(143)) - 0e119f59-67cf-40f1-927d-53b2173096f2: start FollowerState
2019-10-04 09:14:22,923 [pool-403-thread-1] INFO  util.JmxRegister (JmxRegister.java:tryRegister(44)) - Successfully registered JMX Bean with object name Ratis:service=RaftServer,group=group-09EA76BDB1E1,id=0e119f59-67cf-40f1-927d-53b2173096f2
2019-10-04 09:14:22,926 [RatisPipelineUtilsThread] INFO  pipeline.PipelineStateManager (PipelineStateManager.java:addPipeline(56)) - Created pipeline Pipeline[ Id: fb875090-8495-4828-ad0d-09ea76bdb1e1, Nodes: 0e119f59-67cf-40f1-927d-53b2173096f2{ip: 192.168.151.111, host: pr-hdds-2238-lzxxv-1908806976, networkLocation: /default-rack, certSerialId: null}, Type:RATIS, Factor:ONE, State:OPEN]
2019-10-04 09:14:22,940 [grpc-default-executor-10] INFO  impl.RaftServerProxy (RaftServerProxy.java:addNew(89)) - 0e119f59-67cf-40f1-927d-53b2173096f2: addNew group-4C7AC32AF2DE:[341c6ded-f6fe-48bf-88f1-9323bbf2345b:192.168.151.111:38972, 0e119f59-67cf-40f1-927d-53b2173096f2:192.168.151.111:44577, 511a6597-7d94-4d70-9de2-3e23a1a156e4:192.168.151.111:43682] returns group-4C7AC32AF2DE:java.util.concurrent.CompletableFuture@3e1536d4[Not completed]
2019-10-04 09:14:22,940 [grpc-default-executor-8] INFO  impl.RaftServerProxy (RaftServerProxy.java:addNew(89)) - 511a6597-7d94-4d70-9de2-3e23a1a156e4: addNew group-4C7AC32AF2DE:[341c6ded-f6fe-48bf-88f1-9323bbf2345b:192.168.151.111:38972, 0e119f59-67cf-40f1-927d-53b2173096f2:192.168.151.111:44577, 511a6597-7d94-4d70-9de2-3e23a1a156e4:192.168.151.111:43682] returns group-4C7AC32AF2DE:java.util.concurrent.CompletableFuture@20f1f0de[Not completed]
2019-10-04 09:14:22,941 [grpc-default-executor-8] INFO  impl.RaftServerProxy (RaftServerProxy.java:addNew(89)) - 341c6ded-f6fe-48bf-88f1-9323bbf2345b: addNew group-4C7AC32AF2DE:[341c6ded-f6fe-48bf-88f1-9323bbf2345b:192.168.151.111:38972, 0e119f59-67cf-40f1-927d-53b2173096f2:192.168.151.111:44577, 511a6597-7d94-4d70-9de2-3e23a1a156e4:192.168.151.111:43682] returns group-4C7AC32AF2DE:java.util.concurrent.CompletableFuture@561e34b4[Not completed]
2019-10-04 09:14:22,941 [pool-403-thread-1] INFO  impl.RaftServerImpl (RaftServerImpl.java:<init>(95)) - 0e119f59-67cf-40f1-927d-53b2173096f2: new RaftServerImpl for group-4C7AC32AF2DE:[341c6ded-f6fe-48bf-88f1-9323bbf2345b:192.168.151.111:38972, 0e119f59-67cf-40f1-927d-53b2173096f2:192.168.151.111:44577, 511a6597-7d94-4d70-9de2-3e23a1a156e4:192.168.151.111:43682] with ContainerStateMachine:uninitialized
2019-10-04 09:14:22,941 [pool-403-thread-1] INFO  server.RaftServerConfigKeys (ConfUtils.java:logGet(43)) - raft.server.rpc.timeout.min = 5s (custom)
2019-10-04 09:14:22,941 [pool-403-thread-1] INFO  server.RaftServerConfigKeys (ConfUtils.java:logGet(43)) - raft.server.rpc.timeout.max = 5200ms (custom)
2019-10-04 09:14:22,941 [pool-403-thread-1] INFO  server.RaftServerConfigKeys (ConfUtils.java:logGet(43)) - raft.server.rpcslowness.timeout = 120s (custom)
2019-10-04 09:14:22,941 [pool-403-thread-1] INFO  server.RaftServerConfigKeys (ConfUtils.java:logGet(43)) - raft.server.sleep.deviation.threshold = 300 (default)
2019-10-04 09:14:22,941 [pool-403-thread-1] INFO  server.RaftServerConfigKeys (ConfUtils.java:logGet(43)) - raft.server.log.appender.install.snapshot.enabled = false (custom)
2019-10-04 09:14:22,941 [pool-403-thread-1] INFO  impl.RaftServerImpl (ServerState.java:<init>(103)) - 0e119f59-67cf-40f1-927d-53b2173096f2@group-4C7AC32AF2DE: ConfigurationManager, init=-1: [341c6ded-f6fe-48bf-88f1-9323bbf2345b:192.168.151.111:38972, 0e119f59-67cf-40f1-927d-53b2173096f2:192.168.151.111:44577, 511a6597-7d94-4d70-9de2-3e23a1a156e4:192.168.151.111:43682], old=null, confs=<EMPTY_MAP>
2019-10-04 09:14:22,941 [pool-393-thread-1] INFO  impl.RaftServerImpl (RaftServerImpl.java:<init>(95)) - 511a6597-7d94-4d70-9de2-3e23a1a156e4: new RaftServerImpl for group-4C7AC32AF2DE:[341c6ded-f6fe-48bf-88f1-9323bbf2345b:192.168.151.111:38972, 0e119f59-67cf-40f1-927d-53b2173096f2:192.168.151.111:44577, 511a6597-7d94-4d70-9de2-3e23a1a156e4:192.168.151.111:43682] with ContainerStateMachine:uninitialized
2019-10-04 09:14:22,941 [pool-403-thread-1] INFO  server.RaftServerConfigKeys (ConfUtils.java:logGet(43)) - raft.server.storage.dir = [/workdir/hadoop-ozone/integration-test/target/test-dir/MiniOzoneClusterImpl-ea59070c-537f-4444-880e-4e22d9c91129/datanode-2/data/ratis] (custom)
2019-10-04 09:14:22,942 [pool-393-thread-1] INFO  server.RaftServerConfigKeys (ConfUtils.java:logGet(43)) - raft.server.rpc.timeout.min = 5s (custom)
2019-10-04 09:14:22,942 [pool-383-thread-1] INFO  impl.RaftServerImpl (RaftServerImpl.java:<init>(95)) - 341c6ded-f6fe-48bf-88f1-9323bbf2345b: new RaftServerImpl for group-4C7AC32AF2DE:[341c6ded-f6fe-48bf-88f1-9323bbf2345b:192.168.151.111:38972, 0e119f59-67cf-40f1-927d-53b2173096f2:192.168.151.111:44577, 511a6597-7d94-4d70-9de2-3e23a1a156e4:192.168.151.111:43682] with ContainerStateMachine:uninitialized
2019-10-04 09:14:22,942 [pool-403-thread-1] INFO  server.RaftServerConfigKeys (ConfUtils.java:logGet(43)) - raft.server.log.corruption.policy = EXCEPTION (default)
2019-10-04 09:14:22,942 [pool-393-thread-1] INFO  server.RaftServerConfigKeys (ConfUtils.java:logGet(43)) - raft.server.rpc.timeout.max = 5200ms (custom)
2019-10-04 09:14:22,942 [pool-403-thread-1] INFO  storage.RaftStorageDirectory (RaftStorageDirectory.java:analyzeStorage(246)) - The storage directory /workdir/hadoop-ozone/integration-test/target/test-dir/MiniOzoneClusterImpl-ea59070c-537f-4444-880e-4e22d9c91129/datanode-2/data/ratis/b533e8bc-6f5a-464b-b6aa-4c7ac32af2de does not exist. Creating ...
2019-10-04 09:14:22,942 [pool-383-thread-1] INFO  server.RaftServerConfigKeys (ConfUtils.java:logGet(43)) - raft.server.rpc.timeout.min = 5s (custom)
2019-10-04 09:14:22,942 [pool-393-thread-1] INFO  server.RaftServerConfigKeys (ConfUtils.java:logGet(43)) - raft.server.rpcslowness.timeout = 120s (custom)
2019-10-04 09:14:22,942 [pool-383-thread-1] INFO  server.RaftServerConfigKeys (ConfUtils.java:logGet(43)) - raft.server.rpc.timeout.max = 5200ms (custom)
2019-10-04 09:14:22,942 [pool-393-thread-1] INFO  server.RaftServerConfigKeys (ConfUtils.java:logGet(43)) - raft.server.sleep.deviation.threshold = 300 (default)
2019-10-04 09:14:22,942 [pool-383-thread-1] INFO  server.RaftServerConfigKeys (ConfUtils.java:logGet(43)) - raft.server.rpcslowness.timeout = 120s (custom)
2019-10-04 09:14:22,942 [pool-393-thread-1] INFO  server.RaftServerConfigKeys (ConfUtils.java:logGet(43)) - raft.server.log.appender.install.snapshot.enabled = false (custom)
2019-10-04 09:14:22,943 [pool-383-thread-1] INFO  server.RaftServerConfigKeys (ConfUtils.java:logGet(43)) - raft.server.sleep.deviation.threshold = 300 (default)
2019-10-04 09:14:22,943 [pool-393-thread-1] INFO  impl.RaftServerImpl (ServerState.java:<init>(103)) - 511a6597-7d94-4d70-9de2-3e23a1a156e4@group-4C7AC32AF2DE: ConfigurationManager, init=-1: [341c6ded-f6fe-48bf-88f1-9323bbf2345b:192.168.151.111:38972, 0e119f59-67cf-40f1-927d-53b2173096f2:192.168.151.111:44577, 511a6597-7d94-4d70-9de2-3e23a1a156e4:192.168.151.111:43682], old=null, confs=<EMPTY_MAP>
2019-10-04 09:14:22,943 [pool-383-thread-1] INFO  server.RaftServerConfigKeys (ConfUtils.java:logGet(43)) - raft.server.log.appender.install.snapshot.enabled = false (custom)
2019-10-04 09:14:22,943 [pool-393-thread-1] INFO  server.RaftServerConfigKeys (ConfUtils.java:logGet(43)) - raft.server.storage.dir = [/workdir/hadoop-ozone/integration-test/target/test-dir/MiniOzoneClusterImpl-ea59070c-537f-4444-880e-4e22d9c91129/datanode-1/data/ratis] (custom)
2019-10-04 09:14:22,943 [pool-383-thread-1] INFO  impl.RaftServerImpl (ServerState.java:<init>(103)) - 341c6ded-f6fe-48bf-88f1-9323bbf2345b@group-4C7AC32AF2DE: ConfigurationManager, init=-1: [341c6ded-f6fe-48bf-88f1-9323bbf2345b:192.168.151.111:38972, 0e119f59-67cf-40f1-927d-53b2173096f2:192.168.151.111:44577, 511a6597-7d94-4d70-9de2-3e23a1a156e4:192.168.151.111:43682], old=null, confs=<EMPTY_MAP>
2019-10-04 09:14:22,943 [pool-383-thread-1] INFO  server.RaftServerConfigKeys (ConfUtils.java:logGet(43)) - raft.server.storage.dir = [/workdir/hadoop-ozone/integration-test/target/test-dir/MiniOzoneClusterImpl-ea59070c-537f-4444-880e-4e22d9c91129/datanode-0/data/ratis] (custom)
2019-10-04 09:14:22,943 [pool-393-thread-1] INFO  server.RaftServerConfigKeys (ConfUtils.java:logGet(43)) - raft.server.log.corruption.policy = EXCEPTION (default)
2019-10-04 09:14:22,943 [pool-383-thread-1] INFO  server.RaftServerConfigKeys (ConfUtils.java:logGet(43)) - raft.server.log.corruption.policy = EXCEPTION (default)
2019-10-04 09:14:22,943 [pool-393-thread-1] INFO  storage.RaftStorageDirectory (RaftStorageDirectory.java:analyzeStorage(246)) - The storage directory /workdir/hadoop-ozone/integration-test/target/test-dir/MiniOzoneClusterImpl-ea59070c-537f-4444-880e-4e22d9c91129/datanode-1/data/ratis/b533e8bc-6f5a-464b-b6aa-4c7ac32af2de does not exist. Creating ...
2019-10-04 09:14:22,943 [pool-383-thread-1] INFO  storage.RaftStorageDirectory (RaftStorageDirectory.java:analyzeStorage(246)) - The storage directory /workdir/hadoop-ozone/integration-test/target/test-dir/MiniOzoneClusterImpl-ea59070c-537f-4444-880e-4e22d9c91129/datanode-0/data/ratis/b533e8bc-6f5a-464b-b6aa-4c7ac32af2de does not exist. Creating ...
2019-10-04 09:14:22,951 [IPC Server handler 6 on 44885] INFO  net.NetworkTopology (NetworkTopologyImpl.java:add(111)) - Added a new node: /default-rack/1eb030bf-751e-416f-b9fb-7a8ff43b58f1
2019-10-04 09:14:22,951 [IPC Server handler 6 on 44885] INFO  node.SCMNodeManager (SCMNodeManager.java:register(266)) - Registered Data node : 1eb030bf-751e-416f-b9fb-7a8ff43b58f1{ip: 192.168.151.111, host: pr-hdds-2238-lzxxv-1908806976, networkLocation: /default-rack, certSerialId: null}
2019-10-04 09:14:22,955 [pool-383-thread-1] INFO  storage.RaftStorageDirectory (RaftStorageDirectory.java:tryLock(328)) - Lock on /workdir/hadoop-ozone/integration-test/target/test-dir/MiniOzoneClusterImpl-ea59070c-537f-4444-880e-4e22d9c91129/datanode-0/data/ratis/b533e8bc-6f5a-464b-b6aa-4c7ac32af2de/in_use.lock acquired by nodename 26290@pr-hdds-2238-lzxxv-1908806976
2019-10-04 09:14:22,955 [pool-393-thread-1] INFO  storage.RaftStorageDirectory (RaftStorageDirectory.java:tryLock(328)) - Lock on /workdir/hadoop-ozone/integration-test/target/test-dir/MiniOzoneClusterImpl-ea59070c-537f-4444-880e-4e22d9c91129/datanode-1/data/ratis/b533e8bc-6f5a-464b-b6aa-4c7ac32af2de/in_use.lock acquired by nodename 26290@pr-hdds-2238-lzxxv-1908806976
2019-10-04 09:14:22,955 [pool-403-thread-1] INFO  storage.RaftStorageDirectory (RaftStorageDirectory.java:tryLock(328)) - Lock on /workdir/hadoop-ozone/integration-test/target/test-dir/MiniOzoneClusterImpl-ea59070c-537f-4444-880e-4e22d9c91129/datanode-2/data/ratis/b533e8bc-6f5a-464b-b6aa-4c7ac32af2de/in_use.lock acquired by nodename 26290@pr-hdds-2238-lzxxv-1908806976
2019-10-04 09:14:22,969 [pool-383-thread-1] INFO  storage.RaftStorage (RaftStorage.java:format(84)) - Storage directory /workdir/hadoop-ozone/integration-test/target/test-dir/MiniOzoneClusterImpl-ea59070c-537f-4444-880e-4e22d9c91129/datanode-0/data/ratis/b533e8bc-6f5a-464b-b6aa-4c7ac32af2de has been successfully formatted.
2019-10-04 09:14:22,969 [pool-393-thread-1] INFO  storage.RaftStorage (RaftStorage.java:format(84)) - Storage directory /workdir/hadoop-ozone/integration-test/target/test-dir/MiniOzoneClusterImpl-ea59070c-537f-4444-880e-4e22d9c91129/datanode-1/data/ratis/b533e8bc-6f5a-464b-b6aa-4c7ac32af2de has been successfully formatted.
2019-10-04 09:14:22,969 [pool-403-thread-1] INFO  storage.RaftStorage (RaftStorage.java:format(84)) - Storage directory /workdir/hadoop-ozone/integration-test/target/test-dir/MiniOzoneClusterImpl-ea59070c-537f-4444-880e-4e22d9c91129/datanode-2/data/ratis/b533e8bc-6f5a-464b-b6aa-4c7ac32af2de has been successfully formatted.
2019-10-04 09:14:22,969 [pool-383-thread-1] INFO  ratis.ContainerStateMachine (ContainerStateMachine.java:loadSnapshot(230)) - group-4C7AC32AF2DE: The snapshot info is null. Setting the last applied indexto:(t:0, i:~)
2019-10-04 09:14:22,969 [pool-403-thread-1] INFO  ratis.ContainerStateMachine (ContainerStateMachine.java:loadSnapshot(230)) - group-4C7AC32AF2DE: The snapshot info is null. Setting the last applied indexto:(t:0, i:~)
2019-10-04 09:14:22,969 [pool-393-thread-1] INFO  ratis.ContainerStateMachine (ContainerStateMachine.java:loadSnapshot(230)) - group-4C7AC32AF2DE: The snapshot info is null. Setting the last applied indexto:(t:0, i:~)
2019-10-04 09:14:22,970 [pool-403-thread-1] INFO  server.RaftServerConfigKeys (ConfUtils.java:logGet(43)) - raft.server.notification.no-leader.timeout = 120s (custom)
2019-10-04 09:14:22,969 [pool-383-thread-1] INFO  server.RaftServerConfigKeys (ConfUtils.java:logGet(43)) - raft.server.notification.no-leader.timeout = 120s (custom)
2019-10-04 09:14:22,970 [pool-403-thread-1] INFO  server.RaftServerConfigKeys (ConfUtils.java:logGet(43)) - raft.server.log.use.memory = false (default)
2019-10-04 09:14:22,970 [pool-393-thread-1] INFO  server.RaftServerConfigKeys (ConfUtils.java:logGet(43)) - raft.server.notification.no-leader.timeout = 120s (custom)
2019-10-04 09:14:22,970 [pool-403-thread-1] INFO  server.RaftServerConfigKeys (ConfUtils.java:logGet(43)) - raft.server.log.purge.gap = 1000000 (custom)
2019-10-04 09:14:22,970 [pool-383-thread-1] INFO  server.RaftServerConfigKeys (ConfUtils.java:logGet(43)) - raft.server.log.use.memory = false (default)
2019-10-04 09:14:22,970 [pool-403-thread-1] INFO  server.RaftServerConfigKeys (ConfUtils.java:logGet(43)) - raft.server.log.appender.buffer.byte-limit = 33554432 (custom)
2019-10-04 09:14:22,970 [pool-393-thread-1] INFO  server.RaftServerConfigKeys (ConfUtils.java:logGet(43)) - raft.server.log.use.memory = false (default)
2019-10-04 09:14:22,970 [pool-403-thread-1] INFO  server.RaftServerConfigKeys (ConfUtils.java:logGet(43)) - raft.server.log.segment.size.max = 1048576 (custom)
2019-10-04 09:14:22,970 [pool-383-thread-1] INFO  server.RaftServerConfigKeys (ConfUtils.java:logGet(43)) - raft.server.log.purge.gap = 1000000 (custom)
2019-10-04 09:14:22,971 [pool-403-thread-1] INFO  server.RaftServerConfigKeys (ConfUtils.java:logGet(43)) - raft.server.log.segment.cache.num.max = 2 (custom)
2019-10-04 09:14:22,971 [pool-393-thread-1] INFO  server.RaftServerConfigKeys (ConfUtils.java:logGet(43)) - raft.server.log.purge.gap = 1000000 (custom)
2019-10-04 09:14:22,971 [pool-403-thread-1] INFO  segmented.SegmentedRaftLogWorker (SegmentedRaftLogWorker.java:<init>(173)) - new 0e119f59-67cf-40f1-927d-53b2173096f2@group-4C7AC32AF2DE-SegmentedRaftLogWorker for RaftStorage:Storage Directory /workdir/hadoop-ozone/integration-test/target/test-dir/MiniOzoneClusterImpl-ea59070c-537f-4444-880e-4e22d9c91129/datanode-2/data/ratis/b533e8bc-6f5a-464b-b6aa-4c7ac32af2de
2019-10-04 09:14:22,971 [pool-383-thread-1] INFO  server.RaftServerConfigKeys (ConfUtils.java:logGet(43)) - raft.server.log.appender.buffer.byte-limit = 33554432 (custom)
2019-10-04 09:14:22,971 [pool-403-thread-1] INFO  server.RaftServerConfigKeys (ConfUtils.java:logGet(43)) - raft.server.log.queue.byte-limit = 2147483647 (custom)
2019-10-04 09:14:22,971 [pool-393-thread-1] INFO  server.RaftServerConfigKeys (ConfUtils.java:logGet(43)) - raft.server.log.appender.buffer.byte-limit = 33554432 (custom)
2019-10-04 09:14:22,971 [pool-403-thread-1] INFO  server.RaftServerConfigKeys (ConfUtils.java:logGet(43)) - raft.server.log.queue.element-limit = 1024 (custom)
2019-10-04 09:14:22,971 [pool-383-thread-1] INFO  server.RaftServerConfigKeys (ConfUtils.java:logGet(43)) - raft.server.log.segment.size.max = 1048576 (custom)
2019-10-04 09:14:22,972 [pool-403-thread-1] INFO  server.RaftServerConfigKeys (ConfUtils.java:logGet(43)) - raft.server.log.segment.size.max = 1048576 (custom)
2019-10-04 09:14:22,971 [pool-393-thread-1] INFO  server.RaftServerConfigKeys (ConfUtils.java:logGet(43)) - raft.server.log.segment.size.max = 1048576 (custom)
2019-10-04 09:14:22,972 [pool-403-thread-1] INFO  server.RaftServerConfigKeys (ConfUtils.java:logGet(43)) - raft.server.log.preallocated.size = 16384 (custom)
2019-10-04 09:14:22,972 [pool-383-thread-1] INFO  server.RaftServerConfigKeys (ConfUtils.java:logGet(43)) - raft.server.log.segment.cache.num.max = 2 (custom)
2019-10-04 09:14:22,972 [pool-403-thread-1] INFO  server.RaftServerConfigKeys (ConfUtils.java:logGet(43)) - raft.server.log.write.buffer.size = 33554432 (custom)
2019-10-04 09:14:22,972 [pool-403-thread-1] INFO  server.RaftServerConfigKeys (ConfUtils.java:logGet(43)) - raft.server.log.force.sync.num = 128 (default)
2019-10-04 09:14:22,972 [pool-393-thread-1] INFO  server.RaftServerConfigKeys (ConfUtils.java:logGet(43)) - raft.server.log.segment.cache.num.max = 2 (custom)
2019-10-04 09:14:22,973 [pool-403-thread-1] INFO  server.RaftServerConfigKeys (ConfUtils.java:logGet(43)) - raft.server.log.statemachine.data.sync = true (default)
2019-10-04 09:14:22,972 [pool-383-thread-1] INFO  segmented.SegmentedRaftLogWorker (SegmentedRaftLogWorker.java:<init>(173)) - new 341c6ded-f6fe-48bf-88f1-9323bbf2345b@group-4C7AC32AF2DE-SegmentedRaftLogWorker for RaftStorage:Storage Directory /workdir/hadoop-ozone/integration-test/target/test-dir/MiniOzoneClusterImpl-ea59070c-537f-4444-880e-4e22d9c91129/datanode-0/data/ratis/b533e8bc-6f5a-464b-b6aa-4c7ac32af2de
2019-10-04 09:14:22,973 [pool-403-thread-1] INFO  server.RaftServerConfigKeys (ConfUtils.java:logGet(43)) - raft.server.log.statemachine.data.sync.timeout = 10s (default)
2019-10-04 09:14:22,973 [pool-393-thread-1] INFO  segmented.SegmentedRaftLogWorker (SegmentedRaftLogWorker.java:<init>(173)) - new 511a6597-7d94-4d70-9de2-3e23a1a156e4@group-4C7AC32AF2DE-SegmentedRaftLogWorker for RaftStorage:Storage Directory /workdir/hadoop-ozone/integration-test/target/test-dir/MiniOzoneClusterImpl-ea59070c-537f-4444-880e-4e22d9c91129/datanode-1/data/ratis/b533e8bc-6f5a-464b-b6aa-4c7ac32af2de
2019-10-04 09:14:22,973 [pool-403-thread-1] INFO  server.RaftServerConfigKeys (ConfUtils.java:logGet(43)) - raft.server.log.statemachine.data.sync.timeout.retry = -1 (default)
2019-10-04 09:14:22,973 [pool-383-thread-1] INFO  server.RaftServerConfigKeys (ConfUtils.java:logGet(43)) - raft.server.log.queue.byte-limit = 2147483647 (custom)
2019-10-04 09:14:22,974 [pool-403-thread-1] INFO  server.RaftServerConfigKeys (ConfUtils.java:logGet(43)) - raft.server.log.statemachine.data.caching.enabled = true (custom)
2019-10-04 09:14:22,973 [pool-393-thread-1] INFO  server.RaftServerConfigKeys (ConfUtils.java:logGet(43)) - raft.server.log.queue.byte-limit = 2147483647 (custom)
2019-10-04 09:14:22,974 [pool-383-thread-1] INFO  server.RaftServerConfigKeys (ConfUtils.java:logGet(43)) - raft.server.log.queue.element-limit = 1024 (custom)
2019-10-04 09:14:22,974 [pool-403-thread-1] INFO  segmented.SegmentedRaftLogWorker (SegmentedRaftLogWorker.java:lambda$new$0(128)) - 0e119f59-67cf-40f1-927d-53b2173096f2@group-4C7AC32AF2DE-SegmentedRaftLogWorker: flushIndex: setUnconditionally 0 -> -1
2019-10-04 09:14:22,974 [pool-393-thread-1] INFO  server.RaftServerConfigKeys (ConfUtils.java:logGet(43)) - raft.server.log.queue.element-limit = 1024 (custom)
2019-10-04 09:14:22,974 [pool-383-thread-1] INFO  server.RaftServerConfigKeys (ConfUtils.java:logGet(43)) - raft.server.log.segment.size.max = 1048576 (custom)
2019-10-04 09:14:22,974 [pool-403-thread-1] INFO  server.RaftServerConfigKeys (ConfUtils.java:logGet(43)) - raft.server.snapshot.auto.trigger.enabled = true (custom)
2019-10-04 09:14:22,974 [pool-393-thread-1] INFO  server.RaftServerConfigKeys (ConfUtils.java:logGet(43)) - raft.server.log.segment.size.max = 1048576 (custom)
2019-10-04 09:14:22,975 [pool-403-thread-1] INFO  server.RaftServerConfigKeys (ConfUtils.java:logGet(43)) - raft.server.snapshot.auto.trigger.threshold = 10000 (custom)
2019-10-04 09:14:22,974 [pool-383-thread-1] INFO  server.RaftServerConfigKeys (ConfUtils.java:logGet(43)) - raft.server.log.preallocated.size = 16384 (custom)
2019-10-04 09:14:22,975 [pool-403-thread-1] INFO  server.RaftServerConfigKeys (ConfUtils.java:logGet(43)) - raft.server.snapshot.retention.file.num = 5 (custom)
2019-10-04 09:14:22,975 [pool-393-thread-1] INFO  server.RaftServerConfigKeys (ConfUtils.java:logGet(43)) - raft.server.log.preallocated.size = 16384 (custom)
2019-10-04 09:14:22,975 [pool-403-thread-1] INFO  server.RaftServerConfigKeys (ConfUtils.java:logGet(43)) - raft.server.retrycache.expirytime = 600000ms (custom)
2019-10-04 09:14:22,975 [pool-383-thread-1] INFO  server.RaftServerConfigKeys (ConfUtils.java:logGet(43)) - raft.server.log.write.buffer.size = 33554432 (custom)
2019-10-04 09:14:22,975 [pool-393-thread-1] INFO  server.RaftServerConfigKeys (ConfUtils.java:logGet(43)) - raft.server.log.write.buffer.size = 33554432 (custom)
2019-10-04 09:14:22,975 [pool-383-thread-1] INFO  server.RaftServerConfigKeys (ConfUtils.java:logGet(43)) - raft.server.log.force.sync.num = 128 (default)
2019-10-04 09:14:22,976 [pool-393-thread-1] INFO  server.RaftServerConfigKeys (ConfUtils.java:logGet(43)) - raft.server.log.force.sync.num = 128 (default)
2019-10-04 09:14:22,976 [pool-383-thread-1] INFO  server.RaftServerConfigKeys (ConfUtils.java:logGet(43)) - raft.server.log.statemachine.data.sync = true (default)
2019-10-04 09:14:22,976 [pool-393-thread-1] INFO  server.RaftServerConfigKeys (ConfUtils.java:logGet(43)) - raft.server.log.statemachine.data.sync = true (default)
2019-10-04 09:14:22,976 [pool-383-thread-1] INFO  server.RaftServerConfigKeys (ConfUtils.java:logGet(43)) - raft.server.log.statemachine.data.sync.timeout = 10s (default)
2019-10-04 09:14:22,976 [pool-393-thread-1] INFO  server.RaftServerConfigKeys (ConfUtils.java:logGet(43)) - raft.server.log.statemachine.data.sync.timeout = 10s (default)
2019-10-04 09:14:22,976 [pool-383-thread-1] INFO  server.RaftServerConfigKeys (ConfUtils.java:logGet(43)) - raft.server.log.statemachine.data.sync.timeout.retry = -1 (default)
2019-10-04 09:14:22,976 [pool-393-thread-1] INFO  server.RaftServerConfigKeys (ConfUtils.java:logGet(43)) - raft.server.log.statemachine.data.sync.timeout.retry = -1 (default)
2019-10-04 09:14:22,976 [pool-383-thread-1] INFO  server.RaftServerConfigKeys (ConfUtils.java:logGet(43)) - raft.server.log.statemachine.data.caching.enabled = true (custom)
2019-10-04 09:14:22,977 [pool-393-thread-1] INFO  server.RaftServerConfigKeys (ConfUtils.java:logGet(43)) - raft.server.log.statemachine.data.caching.enabled = true (custom)
2019-10-04 09:14:22,977 [pool-383-thread-1] INFO  segmented.SegmentedRaftLogWorker (SegmentedRaftLogWorker.java:lambda$new$0(128)) - 341c6ded-f6fe-48bf-88f1-9323bbf2345b@group-4C7AC32AF2DE-SegmentedRaftLogWorker: flushIndex: setUnconditionally 0 -> -1
2019-10-04 09:14:22,977 [pool-383-thread-1] INFO  server.RaftServerConfigKeys (ConfUtils.java:logGet(43)) - raft.server.snapshot.auto.trigger.enabled = true (custom)
2019-10-04 09:14:22,977 [pool-403-thread-1] INFO  impl.RaftServerImpl (RaftServerImpl.java:start(181)) - 0e119f59-67cf-40f1-927d-53b2173096f2@group-4C7AC32AF2DE: start as a follower, conf=-1: [341c6ded-f6fe-48bf-88f1-9323bbf2345b:192.168.151.111:38972, 0e119f59-67cf-40f1-927d-53b2173096f2:192.168.151.111:44577, 511a6597-7d94-4d70-9de2-3e23a1a156e4:192.168.151.111:43682], old=null
2019-10-04 09:14:22,977 [pool-393-thread-1] INFO  segmented.SegmentedRaftLogWorker (SegmentedRaftLogWorker.java:lambda$new$0(128)) - 511a6597-7d94-4d70-9de2-3e23a1a156e4@group-4C7AC32AF2DE-SegmentedRaftLogWorker: flushIndex: setUnconditionally 0 -> -1
2019-10-04 09:14:22,977 [pool-403-thread-1] INFO  impl.RaftServerImpl (RaftServerImpl.java:setRole(170)) - 0e119f59-67cf-40f1-927d-53b2173096f2@group-4C7AC32AF2DE: changes role from      null to FOLLOWER at term 0 for startAsFollower
2019-10-04 09:14:22,977 [pool-383-thread-1] INFO  server.RaftServerConfigKeys (ConfUtils.java:logGet(43)) - raft.server.snapshot.auto.trigger.threshold = 10000 (custom)
2019-10-04 09:14:22,978 [pool-393-thread-1] INFO  server.RaftServerConfigKeys (ConfUtils.java:logGet(43)) - raft.server.snapshot.auto.trigger.enabled = true (custom)
2019-10-04 09:14:22,978 [pool-403-thread-1] INFO  impl.RoleInfo (RoleInfo.java:updateAndGet(143)) - 0e119f59-67cf-40f1-927d-53b2173096f2: start FollowerState
2019-10-04 09:14:22,978 [pool-393-thread-1] INFO  server.RaftServerConfigKeys (ConfUtils.java:logGet(43)) - raft.server.snapshot.auto.trigger.threshold = 10000 (custom)
2019-10-04 09:14:22,978 [pool-383-thread-1] INFO  server.RaftServerConfigKeys (ConfUtils.java:logGet(43)) - raft.server.snapshot.retention.file.num = 5 (custom)
2019-10-04 09:14:22,978 [pool-393-thread-1] INFO  server.RaftServerConfigKeys (ConfUtils.java:logGet(43)) - raft.server.snapshot.retention.file.num = 5 (custom)
2019-10-04 09:14:22,978 [pool-383-thread-1] INFO  server.RaftServerConfigKeys (ConfUtils.java:logGet(43)) - raft.server.retrycache.expirytime = 600000ms (custom)
2019-10-04 09:14:22,978 [pool-403-thread-1] INFO  util.JmxRegister (JmxRegister.java:tryRegister(44)) - Successfully registered JMX Bean with object name Ratis:service=RaftServer,group=group-4C7AC32AF2DE,id=0e119f59-67cf-40f1-927d-53b2173096f2
2019-10-04 09:14:22,978 [pool-393-thread-1] INFO  server.RaftServerConfigKeys (ConfUtils.java:logGet(43)) - raft.server.retrycache.expirytime = 600000ms (custom)
2019-10-04 09:14:22,981 [pool-383-thread-1] INFO  impl.RaftServerImpl (RaftServerImpl.java:start(181)) - 341c6ded-f6fe-48bf-88f1-9323bbf2345b@group-4C7AC32AF2DE: start as a follower, conf=-1: [341c6ded-f6fe-48bf-88f1-9323bbf2345b:192.168.151.111:38972, 0e119f59-67cf-40f1-927d-53b2173096f2:192.168.151.111:44577, 511a6597-7d94-4d70-9de2-3e23a1a156e4:192.168.151.111:43682], old=null
2019-10-04 09:14:22,981 [pool-383-thread-1] INFO  impl.RaftServerImpl (RaftServerImpl.java:setRole(170)) - 341c6ded-f6fe-48bf-88f1-9323bbf2345b@group-4C7AC32AF2DE: changes role from      null to FOLLOWER at term 0 for startAsFollower
2019-10-04 09:14:22,981 [pool-383-thread-1] INFO  impl.RoleInfo (RoleInfo.java:updateAndGet(143)) - 341c6ded-f6fe-48bf-88f1-9323bbf2345b: start FollowerState
2019-10-04 09:14:22,982 [pool-383-thread-1] INFO  util.JmxRegister (JmxRegister.java:tryRegister(44)) - Successfully registered JMX Bean with object name Ratis:service=RaftServer,group=group-4C7AC32AF2DE,id=341c6ded-f6fe-48bf-88f1-9323bbf2345b
2019-10-04 09:14:22,982 [pool-393-thread-1] INFO  impl.RaftServerImpl (RaftServerImpl.java:start(181)) - 511a6597-7d94-4d70-9de2-3e23a1a156e4@group-4C7AC32AF2DE: start as a follower, conf=-1: [341c6ded-f6fe-48bf-88f1-9323bbf2345b:192.168.151.111:38972, 0e119f59-67cf-40f1-927d-53b2173096f2:192.168.151.111:44577, 511a6597-7d94-4d70-9de2-3e23a1a156e4:192.168.151.111:43682], old=null
2019-10-04 09:14:22,982 [pool-393-thread-1] INFO  impl.RaftServerImpl (RaftServerImpl.java:setRole(170)) - 511a6597-7d94-4d70-9de2-3e23a1a156e4@group-4C7AC32AF2DE: changes role from      null to FOLLOWER at term 0 for startAsFollower
2019-10-04 09:14:22,982 [pool-393-thread-1] INFO  impl.RoleInfo (RoleInfo.java:updateAndGet(143)) - 511a6597-7d94-4d70-9de2-3e23a1a156e4: start FollowerState
2019-10-04 09:14:22,983 [pool-393-thread-1] INFO  util.JmxRegister (JmxRegister.java:tryRegister(44)) - Successfully registered JMX Bean with object name Ratis:service=RaftServer,group=group-4C7AC32AF2DE,id=511a6597-7d94-4d70-9de2-3e23a1a156e4
2019-10-04 09:14:22,986 [RatisPipelineUtilsThread] INFO  pipeline.PipelineStateManager (PipelineStateManager.java:addPipeline(56)) - Created pipeline Pipeline[ Id: b533e8bc-6f5a-464b-b6aa-4c7ac32af2de, Nodes: 341c6ded-f6fe-48bf-88f1-9323bbf2345b{ip: 192.168.151.111, host: pr-hdds-2238-lzxxv-1908806976, networkLocation: /default-rack, certSerialId: null}0e119f59-67cf-40f1-927d-53b2173096f2{ip: 192.168.151.111, host: pr-hdds-2238-lzxxv-1908806976, networkLocation: /default-rack, certSerialId: null}511a6597-7d94-4d70-9de2-3e23a1a156e4{ip: 192.168.151.111, host: pr-hdds-2238-lzxxv-1908806976, networkLocation: /default-rack, certSerialId: null}, Type:RATIS, Factor:THREE, State:OPEN]
2019-10-04 09:14:22,993 [grpc-default-executor-8] INFO  impl.RaftServerProxy (RaftServerProxy.java:addNew(89)) - 1eb030bf-751e-416f-b9fb-7a8ff43b58f1: addNew group-98B7BAF4EBE7:[1eb030bf-751e-416f-b9fb-7a8ff43b58f1:192.168.151.111:38967] returns group-98B7BAF4EBE7:java.util.concurrent.CompletableFuture@623c8891[Not completed]
2019-10-04 09:14:22,994 [pool-413-thread-1] INFO  impl.RaftServerImpl (RaftServerImpl.java:<init>(95)) - 1eb030bf-751e-416f-b9fb-7a8ff43b58f1: new RaftServerImpl for group-98B7BAF4EBE7:[1eb030bf-751e-416f-b9fb-7a8ff43b58f1:192.168.151.111:38967] with ContainerStateMachine:uninitialized
2019-10-04 09:14:22,995 [pool-413-thread-1] INFO  server.RaftServerConfigKeys (ConfUtils.java:logGet(43)) - raft.server.rpc.timeout.min = 5s (custom)
2019-10-04 09:14:22,995 [pool-413-thread-1] INFO  server.RaftServerConfigKeys (ConfUtils.java:logGet(43)) - raft.server.rpc.timeout.max = 5200ms (custom)
2019-10-04 09:14:22,996 [pool-413-thread-1] INFO  server.RaftServerConfigKeys (ConfUtils.java:logGet(43)) - raft.server.rpcslowness.timeout = 120s (custom)
2019-10-04 09:14:22,996 [pool-413-thread-1] INFO  server.RaftServerConfigKeys (ConfUtils.java:logGet(43)) - raft.server.sleep.deviation.threshold = 300 (default)
2019-10-04 09:14:22,996 [pool-413-thread-1] INFO  server.RaftServerConfigKeys (ConfUtils.java:logGet(43)) - raft.server.log.appender.install.snapshot.enabled = false (custom)
2019-10-04 09:14:22,996 [pool-413-thread-1] INFO  impl.RaftServerImpl (ServerState.java:<init>(103)) - 1eb030bf-751e-416f-b9fb-7a8ff43b58f1@group-98B7BAF4EBE7: ConfigurationManager, init=-1: [1eb030bf-751e-416f-b9fb-7a8ff43b58f1:192.168.151.111:38967], old=null, confs=<EMPTY_MAP>
2019-10-04 09:14:22,996 [pool-413-thread-1] INFO  server.RaftServerConfigKeys (ConfUtils.java:logGet(43)) - raft.server.storage.dir = [/workdir/hadoop-ozone/integration-test/target/test-dir/MiniOzoneClusterImpl-ea59070c-537f-4444-880e-4e22d9c91129/datanode-3/data/ratis] (custom)
2019-10-04 09:14:22,996 [pool-413-thread-1] INFO  server.RaftServerConfigKeys (ConfUtils.java:logGet(43)) - raft.server.log.corruption.policy = EXCEPTION (default)
2019-10-04 09:14:22,996 [pool-413-thread-1] INFO  storage.RaftStorageDirectory (RaftStorageDirectory.java:analyzeStorage(246)) - The storage directory /workdir/hadoop-ozone/integration-test/target/test-dir/MiniOzoneClusterImpl-ea59070c-537f-4444-880e-4e22d9c91129/datanode-3/data/ratis/c0ebfc28-ec91-4225-820c-98b7baf4ebe7 does not exist. Creating ...
2019-10-04 09:14:23,009 [pool-413-thread-1] INFO  storage.RaftStorageDirectory (RaftStorageDirectory.java:tryLock(328)) - Lock on /workdir/hadoop-ozone/integration-test/target/test-dir/MiniOzoneClusterImpl-ea59070c-537f-4444-880e-4e22d9c91129/datanode-3/data/ratis/c0ebfc28-ec91-4225-820c-98b7baf4ebe7/in_use.lock acquired by nodename 26290@pr-hdds-2238-lzxxv-1908806976
2019-10-04 09:14:23,018 [IPC Server handler 2 on 44885] INFO  net.NetworkTopology (NetworkTopologyImpl.java:add(111)) - Added a new node: /default-rack/4d059f59-02bc-40ba-9d88-cbf664f88c46
2019-10-04 09:14:23,018 [IPC Server handler 2 on 44885] INFO  node.SCMNodeManager (SCMNodeManager.java:register(266)) - Registered Data node : 4d059f59-02bc-40ba-9d88-cbf664f88c46{ip: 192.168.151.111, host: pr-hdds-2238-lzxxv-1908806976, networkLocation: /default-rack, certSerialId: null}
2019-10-04 09:14:23,021 [pool-413-thread-1] INFO  storage.RaftStorage (RaftStorage.java:format(84)) - Storage directory /workdir/hadoop-ozone/integration-test/target/test-dir/MiniOzoneClusterImpl-ea59070c-537f-4444-880e-4e22d9c91129/datanode-3/data/ratis/c0ebfc28-ec91-4225-820c-98b7baf4ebe7 has been successfully formatted.
2019-10-04 09:14:23,021 [pool-413-thread-1] INFO  ratis.ContainerStateMachine (ContainerStateMachine.java:loadSnapshot(230)) - group-98B7BAF4EBE7: The snapshot info is null. Setting the last applied indexto:(t:0, i:~)
2019-10-04 09:14:23,022 [pool-413-thread-1] INFO  server.RaftServerConfigKeys (ConfUtils.java:logGet(43)) - raft.server.notification.no-leader.timeout = 120s (custom)
2019-10-04 09:14:23,022 [pool-413-thread-1] INFO  server.RaftServerConfigKeys (ConfUtils.java:logGet(43)) - raft.server.log.use.memory = false (default)
2019-10-04 09:14:23,022 [pool-413-thread-1] INFO  server.RaftServerConfigKeys (ConfUtils.java:logGet(43)) - raft.server.log.purge.gap = 1000000 (custom)
2019-10-04 09:14:23,022 [pool-413-thread-1] INFO  server.RaftServerConfigKeys (ConfUtils.java:logGet(43)) - raft.server.log.appender.buffer.byte-limit = 33554432 (custom)
2019-10-04 09:14:23,022 [pool-413-thread-1] INFO  server.RaftServerConfigKeys (ConfUtils.java:logGet(43)) - raft.server.log.segment.size.max = 1048576 (custom)
2019-10-04 09:14:23,023 [pool-413-thread-1] INFO  server.RaftServerConfigKeys (ConfUtils.java:logGet(43)) - raft.server.log.segment.cache.num.max = 2 (custom)
2019-10-04 09:14:23,023 [pool-413-thread-1] INFO  segmented.SegmentedRaftLogWorker (SegmentedRaftLogWorker.java:<init>(173)) - new 1eb030bf-751e-416f-b9fb-7a8ff43b58f1@group-98B7BAF4EBE7-SegmentedRaftLogWorker for RaftStorage:Storage Directory /workdir/hadoop-ozone/integration-test/target/test-dir/MiniOzoneClusterImpl-ea59070c-537f-4444-880e-4e22d9c91129/datanode-3/data/ratis/c0ebfc28-ec91-4225-820c-98b7baf4ebe7
2019-10-04 09:14:23,023 [pool-413-thread-1] INFO  server.RaftServerConfigKeys (ConfUtils.java:logGet(43)) - raft.server.log.queue.byte-limit = 2147483647 (custom)
2019-10-04 09:14:23,023 [pool-413-thread-1] INFO  server.RaftServerConfigKeys (ConfUtils.java:logGet(43)) - raft.server.log.queue.element-limit = 1024 (custom)
2019-10-04 09:14:23,023 [pool-413-thread-1] INFO  server.RaftServerConfigKeys (ConfUtils.java:logGet(43)) - raft.server.log.segment.size.max = 1048576 (custom)
2019-10-04 09:14:23,023 [pool-413-thread-1] INFO  server.RaftServerConfigKeys (ConfUtils.java:logGet(43)) - raft.server.log.preallocated.size = 16384 (custom)
2019-10-04 09:14:23,023 [pool-413-thread-1] INFO  server.RaftServerConfigKeys (ConfUtils.java:logGet(43)) - raft.server.log.write.buffer.size = 33554432 (custom)
2019-10-04 09:14:23,024 [pool-413-thread-1] INFO  server.RaftServerConfigKeys (ConfUtils.java:logGet(43)) - raft.server.log.force.sync.num = 128 (default)
2019-10-04 09:14:23,024 [pool-413-thread-1] INFO  server.RaftServerConfigKeys (ConfUtils.java:logGet(43)) - raft.server.log.statemachine.data.sync = true (default)
2019-10-04 09:14:23,024 [pool-413-thread-1] INFO  server.RaftServerConfigKeys (ConfUtils.java:logGet(43)) - raft.server.log.statemachine.data.sync.timeout = 10s (default)
2019-10-04 09:14:23,024 [pool-413-thread-1] INFO  server.RaftServerConfigKeys (ConfUtils.java:logGet(43)) - raft.server.log.statemachine.data.sync.timeout.retry = -1 (default)
2019-10-04 09:14:23,024 [pool-413-thread-1] INFO  server.RaftServerConfigKeys (ConfUtils.java:logGet(43)) - raft.server.log.statemachine.data.caching.enabled = true (custom)
2019-10-04 09:14:23,024 [pool-413-thread-1] INFO  segmented.SegmentedRaftLogWorker (SegmentedRaftLogWorker.java:lambda$new$0(128)) - 1eb030bf-751e-416f-b9fb-7a8ff43b58f1@group-98B7BAF4EBE7-SegmentedRaftLogWorker: flushIndex: setUnconditionally 0 -> -1
2019-10-04 09:14:23,024 [pool-413-thread-1] INFO  server.RaftServerConfigKeys (ConfUtils.java:logGet(43)) - raft.server.snapshot.auto.trigger.enabled = true (custom)
2019-10-04 09:14:23,025 [pool-413-thread-1] INFO  server.RaftServerConfigKeys (ConfUtils.java:logGet(43)) - raft.server.snapshot.auto.trigger.threshold = 10000 (custom)
2019-10-04 09:14:23,025 [pool-413-thread-1] INFO  server.RaftServerConfigKeys (ConfUtils.java:logGet(43)) - raft.server.snapshot.retention.file.num = 5 (custom)
2019-10-04 09:14:23,025 [pool-413-thread-1] INFO  server.RaftServerConfigKeys (ConfUtils.java:logGet(43)) - raft.server.retrycache.expirytime = 600000ms (custom)
2019-10-04 09:14:23,026 [pool-413-thread-1] INFO  impl.RaftServerImpl (RaftServerImpl.java:start(181)) - 1eb030bf-751e-416f-b9fb-7a8ff43b58f1@group-98B7BAF4EBE7: start as a follower, conf=-1: [1eb030bf-751e-416f-b9fb-7a8ff43b58f1:192.168.151.111:38967], old=null
2019-10-04 09:14:23,026 [pool-413-thread-1] INFO  impl.RaftServerImpl (RaftServerImpl.java:setRole(170)) - 1eb030bf-751e-416f-b9fb-7a8ff43b58f1@group-98B7BAF4EBE7: changes role from      null to FOLLOWER at term 0 for startAsFollower
2019-10-04 09:14:23,026 [pool-413-thread-1] INFO  impl.RoleInfo (RoleInfo.java:updateAndGet(143)) - 1eb030bf-751e-416f-b9fb-7a8ff43b58f1: start FollowerState
2019-10-04 09:14:23,026 [pool-413-thread-1] INFO  util.JmxRegister (JmxRegister.java:tryRegister(44)) - Successfully registered JMX Bean with object name Ratis:service=RaftServer,group=group-98B7BAF4EBE7,id=1eb030bf-751e-416f-b9fb-7a8ff43b58f1
2019-10-04 09:14:23,029 [RatisPipelineUtilsThread] INFO  pipeline.PipelineStateManager (PipelineStateManager.java:addPipeline(56)) - Created pipeline Pipeline[ Id: c0ebfc28-ec91-4225-820c-98b7baf4ebe7, Nodes: 1eb030bf-751e-416f-b9fb-7a8ff43b58f1{ip: 192.168.151.111, host: pr-hdds-2238-lzxxv-1908806976, networkLocation: /default-rack, certSerialId: null}, Type:RATIS, Factor:ONE, State:OPEN]
2019-10-04 09:14:23,037 [grpc-default-executor-8] INFO  impl.RaftServerProxy (RaftServerProxy.java:addNew(89)) - 4d059f59-02bc-40ba-9d88-cbf664f88c46: addNew group-BA4F898B1377:[4d059f59-02bc-40ba-9d88-cbf664f88c46:192.168.151.111:45396] returns group-BA4F898B1377:java.util.concurrent.CompletableFuture@690a7564[Not completed]
2019-10-04 09:14:23,039 [pool-423-thread-1] INFO  impl.RaftServerImpl (RaftServerImpl.java:<init>(95)) - 4d059f59-02bc-40ba-9d88-cbf664f88c46: new RaftServerImpl for group-BA4F898B1377:[4d059f59-02bc-40ba-9d88-cbf664f88c46:192.168.151.111:45396] with ContainerStateMachine:uninitialized
2019-10-04 09:14:23,039 [pool-423-thread-1] INFO  server.RaftServerConfigKeys (ConfUtils.java:logGet(43)) - raft.server.rpc.timeout.min = 5s (custom)
2019-10-04 09:14:23,039 [pool-423-thread-1] INFO  server.RaftServerConfigKeys (ConfUtils.java:logGet(43)) - raft.server.rpc.timeout.max = 5200ms (custom)
2019-10-04 09:14:23,039 [pool-423-thread-1] INFO  server.RaftServerConfigKeys (ConfUtils.java:logGet(43)) - raft.server.rpcslowness.timeout = 120s (custom)
2019-10-04 09:14:23,039 [pool-423-thread-1] INFO  server.RaftServerConfigKeys (ConfUtils.java:logGet(43)) - raft.server.sleep.deviation.threshold = 300 (default)
2019-10-04 09:14:23,039 [pool-423-thread-1] INFO  server.RaftServerConfigKeys (ConfUtils.java:logGet(43)) - raft.server.log.appender.install.snapshot.enabled = false (custom)
2019-10-04 09:14:23,039 [pool-423-thread-1] INFO  impl.RaftServerImpl (ServerState.java:<init>(103)) - 4d059f59-02bc-40ba-9d88-cbf664f88c46@group-BA4F898B1377: ConfigurationManager, init=-1: [4d059f59-02bc-40ba-9d88-cbf664f88c46:192.168.151.111:45396], old=null, confs=<EMPTY_MAP>
2019-10-04 09:14:23,039 [pool-423-thread-1] INFO  server.RaftServerConfigKeys (ConfUtils.java:logGet(43)) - raft.server.storage.dir = [/workdir/hadoop-ozone/integration-test/target/test-dir/MiniOzoneClusterImpl-ea59070c-537f-4444-880e-4e22d9c91129/datanode-4/data/ratis] (custom)
2019-10-04 09:14:23,040 [pool-423-thread-1] INFO  server.RaftServerConfigKeys (ConfUtils.java:logGet(43)) - raft.server.log.corruption.policy = EXCEPTION (default)
2019-10-04 09:14:23,040 [pool-423-thread-1] INFO  storage.RaftStorageDirectory (RaftStorageDirectory.java:analyzeStorage(246)) - The storage directory /workdir/hadoop-ozone/integration-test/target/test-dir/MiniOzoneClusterImpl-ea59070c-537f-4444-880e-4e22d9c91129/datanode-4/data/ratis/e5b74eb8-6b23-4d53-89b4-ba4f898b1377 does not exist. Creating ...
2019-10-04 09:14:23,051 [pool-423-thread-1] INFO  storage.RaftStorageDirectory (RaftStorageDirectory.java:tryLock(328)) - Lock on /workdir/hadoop-ozone/integration-test/target/test-dir/MiniOzoneClusterImpl-ea59070c-537f-4444-880e-4e22d9c91129/datanode-4/data/ratis/e5b74eb8-6b23-4d53-89b4-ba4f898b1377/in_use.lock acquired by nodename 26290@pr-hdds-2238-lzxxv-1908806976
2019-10-04 09:14:23,064 [pool-423-thread-1] INFO  storage.RaftStorage (RaftStorage.java:format(84)) - Storage directory /workdir/hadoop-ozone/integration-test/target/test-dir/MiniOzoneClusterImpl-ea59070c-537f-4444-880e-4e22d9c91129/datanode-4/data/ratis/e5b74eb8-6b23-4d53-89b4-ba4f898b1377 has been successfully formatted.
2019-10-04 09:14:23,065 [pool-423-thread-1] INFO  ratis.ContainerStateMachine (ContainerStateMachine.java:loadSnapshot(230)) - group-BA4F898B1377: The snapshot info is null. Setting the last applied indexto:(t:0, i:~)
2019-10-04 09:14:23,065 [pool-423-thread-1] INFO  server.RaftServerConfigKeys (ConfUtils.java:logGet(43)) - raft.server.notification.no-leader.timeout = 120s (custom)
2019-10-04 09:14:23,065 [pool-423-thread-1] INFO  server.RaftServerConfigKeys (ConfUtils.java:logGet(43)) - raft.server.log.use.memory = false (default)
2019-10-04 09:14:23,065 [pool-423-thread-1] INFO  server.RaftServerConfigKeys (ConfUtils.java:logGet(43)) - raft.server.log.purge.gap = 1000000 (custom)
2019-10-04 09:14:23,065 [pool-423-thread-1] INFO  server.RaftServerConfigKeys (ConfUtils.java:logGet(43)) - raft.server.log.appender.buffer.byte-limit = 33554432 (custom)
2019-10-04 09:14:23,065 [pool-423-thread-1] INFO  server.RaftServerConfigKeys (ConfUtils.java:logGet(43)) - raft.server.log.segment.size.max = 1048576 (custom)
2019-10-04 09:14:23,066 [pool-423-thread-1] INFO  server.RaftServerConfigKeys (ConfUtils.java:logGet(43)) - raft.server.log.segment.cache.num.max = 2 (custom)
2019-10-04 09:14:23,066 [pool-423-thread-1] INFO  segmented.SegmentedRaftLogWorker (SegmentedRaftLogWorker.java:<init>(173)) - new 4d059f59-02bc-40ba-9d88-cbf664f88c46@group-BA4F898B1377-SegmentedRaftLogWorker for RaftStorage:Storage Directory /workdir/hadoop-ozone/integration-test/target/test-dir/MiniOzoneClusterImpl-ea59070c-537f-4444-880e-4e22d9c91129/datanode-4/data/ratis/e5b74eb8-6b23-4d53-89b4-ba4f898b1377
2019-10-04 09:14:23,066 [pool-423-thread-1] INFO  server.RaftServerConfigKeys (ConfUtils.java:logGet(43)) - raft.server.log.queue.byte-limit = 2147483647 (custom)
2019-10-04 09:14:23,067 [pool-423-thread-1] INFO  server.RaftServerConfigKeys (ConfUtils.java:logGet(43)) - raft.server.log.queue.element-limit = 1024 (custom)
2019-10-04 09:14:23,067 [pool-423-thread-1] INFO  server.RaftServerConfigKeys (ConfUtils.java:logGet(43)) - raft.server.log.segment.size.max = 1048576 (custom)
2019-10-04 09:14:23,067 [pool-423-thread-1] INFO  server.RaftServerConfigKeys (ConfUtils.java:logGet(43)) - raft.server.log.preallocated.size = 16384 (custom)
2019-10-04 09:14:23,067 [pool-423-thread-1] INFO  server.RaftServerConfigKeys (ConfUtils.java:logGet(43)) - raft.server.log.write.buffer.size = 33554432 (custom)
2019-10-04 09:14:23,067 [pool-423-thread-1] INFO  server.RaftServerConfigKeys (ConfUtils.java:logGet(43)) - raft.server.log.force.sync.num = 128 (default)
2019-10-04 09:14:23,067 [pool-423-thread-1] INFO  server.RaftServerConfigKeys (ConfUtils.java:logGet(43)) - raft.server.log.statemachine.data.sync = true (default)
2019-10-04 09:14:23,067 [pool-423-thread-1] INFO  server.RaftServerConfigKeys (ConfUtils.java:logGet(43)) - raft.server.log.statemachine.data.sync.timeout = 10s (default)
2019-10-04 09:14:23,067 [pool-423-thread-1] INFO  server.RaftServerConfigKeys (ConfUtils.java:logGet(43)) - raft.server.log.statemachine.data.sync.timeout.retry = -1 (default)
2019-10-04 09:14:23,067 [pool-423-thread-1] INFO  server.RaftServerConfigKeys (ConfUtils.java:logGet(43)) - raft.server.log.statemachine.data.caching.enabled = true (custom)
2019-10-04 09:14:23,068 [pool-423-thread-1] INFO  segmented.SegmentedRaftLogWorker (SegmentedRaftLogWorker.java:lambda$new$0(128)) - 4d059f59-02bc-40ba-9d88-cbf664f88c46@group-BA4F898B1377-SegmentedRaftLogWorker: flushIndex: setUnconditionally 0 -> -1
2019-10-04 09:14:23,068 [pool-423-thread-1] INFO  server.RaftServerConfigKeys (ConfUtils.java:logGet(43)) - raft.server.snapshot.auto.trigger.enabled = true (custom)
2019-10-04 09:14:23,068 [pool-423-thread-1] INFO  server.RaftServerConfigKeys (ConfUtils.java:logGet(43)) - raft.server.snapshot.auto.trigger.threshold = 10000 (custom)
2019-10-04 09:14:23,068 [pool-423-thread-1] INFO  server.RaftServerConfigKeys (ConfUtils.java:logGet(43)) - raft.server.snapshot.retention.file.num = 5 (custom)
2019-10-04 09:14:23,068 [pool-423-thread-1] INFO  server.RaftServerConfigKeys (ConfUtils.java:logGet(43)) - raft.server.retrycache.expirytime = 600000ms (custom)
2019-10-04 09:14:23,069 [pool-423-thread-1] INFO  impl.RaftServerImpl (RaftServerImpl.java:start(181)) - 4d059f59-02bc-40ba-9d88-cbf664f88c46@group-BA4F898B1377: start as a follower, conf=-1: [4d059f59-02bc-40ba-9d88-cbf664f88c46:192.168.151.111:45396], old=null
2019-10-04 09:14:23,069 [pool-423-thread-1] INFO  impl.RaftServerImpl (RaftServerImpl.java:setRole(170)) - 4d059f59-02bc-40ba-9d88-cbf664f88c46@group-BA4F898B1377: changes role from      null to FOLLOWER at term 0 for startAsFollower
2019-10-04 09:14:23,069 [pool-423-thread-1] INFO  impl.RoleInfo (RoleInfo.java:updateAndGet(143)) - 4d059f59-02bc-40ba-9d88-cbf664f88c46: start FollowerState
2019-10-04 09:14:23,070 [pool-423-thread-1] INFO  util.JmxRegister (JmxRegister.java:tryRegister(44)) - Successfully registered JMX Bean with object name Ratis:service=RaftServer,group=group-BA4F898B1377,id=4d059f59-02bc-40ba-9d88-cbf664f88c46
2019-10-04 09:14:23,073 [RatisPipelineUtilsThread] INFO  pipeline.PipelineStateManager (PipelineStateManager.java:addPipeline(56)) - Created pipeline Pipeline[ Id: e5b74eb8-6b23-4d53-89b4-ba4f898b1377, Nodes: 4d059f59-02bc-40ba-9d88-cbf664f88c46{ip: 192.168.151.111, host: pr-hdds-2238-lzxxv-1908806976, networkLocation: /default-rack, certSerialId: null}, Type:RATIS, Factor:ONE, State:OPEN]
2019-10-04 09:14:23,087 [IPC Server handler 7 on 44885] INFO  net.NetworkTopology (NetworkTopologyImpl.java:add(111)) - Added a new node: /default-rack/0378a5da-7116-4b86-8368-147da2f8ca9d
2019-10-04 09:14:23,087 [IPC Server handler 7 on 44885] INFO  node.SCMNodeManager (SCMNodeManager.java:register(266)) - Registered Data node : 0378a5da-7116-4b86-8368-147da2f8ca9d{ip: 192.168.151.111, host: pr-hdds-2238-lzxxv-1908806976, networkLocation: /default-rack, certSerialId: null}
2019-10-04 09:14:23,092 [grpc-default-executor-8] INFO  impl.RaftServerProxy (RaftServerProxy.java:addNew(89)) - 0378a5da-7116-4b86-8368-147da2f8ca9d: addNew group-F16C7ED96921:[0378a5da-7116-4b86-8368-147da2f8ca9d:192.168.151.111:36134] returns group-F16C7ED96921:java.util.concurrent.CompletableFuture@3621bf91[Not completed]
2019-10-04 09:14:23,093 [pool-433-thread-1] INFO  impl.RaftServerImpl (RaftServerImpl.java:<init>(95)) - 0378a5da-7116-4b86-8368-147da2f8ca9d: new RaftServerImpl for group-F16C7ED96921:[0378a5da-7116-4b86-8368-147da2f8ca9d:192.168.151.111:36134] with ContainerStateMachine:uninitialized
2019-10-04 09:14:23,093 [pool-433-thread-1] INFO  server.RaftServerConfigKeys (ConfUtils.java:logGet(43)) - raft.server.rpc.timeout.min = 5s (custom)
2019-10-04 09:14:23,094 [pool-433-thread-1] INFO  server.RaftServerConfigKeys (ConfUtils.java:logGet(43)) - raft.server.rpc.timeout.max = 5200ms (custom)
2019-10-04 09:14:23,094 [pool-433-thread-1] INFO  server.RaftServerConfigKeys (ConfUtils.java:logGet(43)) - raft.server.rpcslowness.timeout = 120s (custom)
2019-10-04 09:14:23,094 [pool-433-thread-1] INFO  server.RaftServerConfigKeys (ConfUtils.java:logGet(43)) - raft.server.sleep.deviation.threshold = 300 (default)
2019-10-04 09:14:23,094 [pool-433-thread-1] INFO  server.RaftServerConfigKeys (ConfUtils.java:logGet(43)) - raft.server.log.appender.install.snapshot.enabled = false (custom)
2019-10-04 09:14:23,094 [pool-433-thread-1] INFO  impl.RaftServerImpl (ServerState.java:<init>(103)) - 0378a5da-7116-4b86-8368-147da2f8ca9d@group-F16C7ED96921: ConfigurationManager, init=-1: [0378a5da-7116-4b86-8368-147da2f8ca9d:192.168.151.111:36134], old=null, confs=<EMPTY_MAP>
2019-10-04 09:14:23,094 [pool-433-thread-1] INFO  server.RaftServerConfigKeys (ConfUtils.java:logGet(43)) - raft.server.storage.dir = [/workdir/hadoop-ozone/integration-test/target/test-dir/MiniOzoneClusterImpl-ea59070c-537f-4444-880e-4e22d9c91129/datanode-5/data/ratis] (custom)
2019-10-04 09:14:23,094 [pool-433-thread-1] INFO  server.RaftServerConfigKeys (ConfUtils.java:logGet(43)) - raft.server.log.corruption.policy = EXCEPTION (default)
2019-10-04 09:14:23,094 [pool-433-thread-1] INFO  storage.RaftStorageDirectory (RaftStorageDirectory.java:analyzeStorage(246)) - The storage directory /workdir/hadoop-ozone/integration-test/target/test-dir/MiniOzoneClusterImpl-ea59070c-537f-4444-880e-4e22d9c91129/datanode-5/data/ratis/5760f455-7bee-4e59-a055-f16c7ed96921 does not exist. Creating ...
2019-10-04 09:14:23,107 [pool-433-thread-1] INFO  storage.RaftStorageDirectory (RaftStorageDirectory.java:tryLock(328)) - Lock on /workdir/hadoop-ozone/integration-test/target/test-dir/MiniOzoneClusterImpl-ea59070c-537f-4444-880e-4e22d9c91129/datanode-5/data/ratis/5760f455-7bee-4e59-a055-f16c7ed96921/in_use.lock acquired by nodename 26290@pr-hdds-2238-lzxxv-1908806976
2019-10-04 09:14:23,119 [pool-433-thread-1] INFO  storage.RaftStorage (RaftStorage.java:format(84)) - Storage directory /workdir/hadoop-ozone/integration-test/target/test-dir/MiniOzoneClusterImpl-ea59070c-537f-4444-880e-4e22d9c91129/datanode-5/data/ratis/5760f455-7bee-4e59-a055-f16c7ed96921 has been successfully formatted.
2019-10-04 09:14:23,119 [pool-433-thread-1] INFO  ratis.ContainerStateMachine (ContainerStateMachine.java:loadSnapshot(230)) - group-F16C7ED96921: The snapshot info is null. Setting the last applied indexto:(t:0, i:~)
2019-10-04 09:14:23,120 [pool-433-thread-1] INFO  server.RaftServerConfigKeys (ConfUtils.java:logGet(43)) - raft.server.notification.no-leader.timeout = 120s (custom)
2019-10-04 09:14:23,120 [pool-433-thread-1] INFO  server.RaftServerConfigKeys (ConfUtils.java:logGet(43)) - raft.server.log.use.memory = false (default)
2019-10-04 09:14:23,120 [pool-433-thread-1] INFO  server.RaftServerConfigKeys (ConfUtils.java:logGet(43)) - raft.server.log.purge.gap = 1000000 (custom)
2019-10-04 09:14:23,120 [pool-433-thread-1] INFO  server.RaftServerConfigKeys (ConfUtils.java:logGet(43)) - raft.server.log.appender.buffer.byte-limit = 33554432 (custom)
2019-10-04 09:14:23,120 [pool-433-thread-1] INFO  server.RaftServerConfigKeys (ConfUtils.java:logGet(43)) - raft.server.log.segment.size.max = 1048576 (custom)
2019-10-04 09:14:23,121 [pool-433-thread-1] INFO  server.RaftServerConfigKeys (ConfUtils.java:logGet(43)) - raft.server.log.segment.cache.num.max = 2 (custom)
2019-10-04 09:14:23,121 [pool-433-thread-1] INFO  segmented.SegmentedRaftLogWorker (SegmentedRaftLogWorker.java:<init>(173)) - new 0378a5da-7116-4b86-8368-147da2f8ca9d@group-F16C7ED96921-SegmentedRaftLogWorker for RaftStorage:Storage Directory /workdir/hadoop-ozone/integration-test/target/test-dir/MiniOzoneClusterImpl-ea59070c-537f-4444-880e-4e22d9c91129/datanode-5/data/ratis/5760f455-7bee-4e59-a055-f16c7ed96921
2019-10-04 09:14:23,121 [pool-433-thread-1] INFO  server.RaftServerConfigKeys (ConfUtils.java:logGet(43)) - raft.server.log.queue.byte-limit = 2147483647 (custom)
2019-10-04 09:14:23,121 [pool-433-thread-1] INFO  server.RaftServerConfigKeys (ConfUtils.java:logGet(43)) - raft.server.log.queue.element-limit = 1024 (custom)
2019-10-04 09:14:23,121 [pool-433-thread-1] INFO  server.RaftServerConfigKeys (ConfUtils.java:logGet(43)) - raft.server.log.segment.size.max = 1048576 (custom)
2019-10-04 09:14:23,122 [pool-433-thread-1] INFO  server.RaftServerConfigKeys (ConfUtils.java:logGet(43)) - raft.server.log.preallocated.size = 16384 (custom)
2019-10-04 09:14:23,122 [pool-433-thread-1] INFO  server.RaftServerConfigKeys (ConfUtils.java:logGet(43)) - raft.server.log.write.buffer.size = 33554432 (custom)
2019-10-04 09:14:23,122 [pool-433-thread-1] INFO  server.RaftServerConfigKeys (ConfUtils.java:logGet(43)) - raft.server.log.force.sync.num = 128 (default)
2019-10-04 09:14:23,122 [pool-433-thread-1] INFO  server.RaftServerConfigKeys (ConfUtils.java:logGet(43)) - raft.server.log.statemachine.data.sync = true (default)
2019-10-04 09:14:23,122 [pool-433-thread-1] INFO  server.RaftServerConfigKeys (ConfUtils.java:logGet(43)) - raft.server.log.statemachine.data.sync.timeout = 10s (default)
2019-10-04 09:14:23,122 [pool-433-thread-1] INFO  server.RaftServerConfigKeys (ConfUtils.java:logGet(43)) - raft.server.log.statemachine.data.sync.timeout.retry = -1 (default)
2019-10-04 09:14:23,122 [pool-433-thread-1] INFO  server.RaftServerConfigKeys (ConfUtils.java:logGet(43)) - raft.server.log.statemachine.data.caching.enabled = true (custom)
2019-10-04 09:14:23,122 [pool-433-thread-1] INFO  segmented.SegmentedRaftLogWorker (SegmentedRaftLogWorker.java:lambda$new$0(128)) - 0378a5da-7116-4b86-8368-147da2f8ca9d@group-F16C7ED96921-SegmentedRaftLogWorker: flushIndex: setUnconditionally 0 -> -1
2019-10-04 09:14:23,123 [pool-433-thread-1] INFO  server.RaftServerConfigKeys (ConfUtils.java:logGet(43)) - raft.server.snapshot.auto.trigger.enabled = true (custom)
2019-10-04 09:14:23,123 [pool-433-thread-1] INFO  server.RaftServerConfigKeys (ConfUtils.java:logGet(43)) - raft.server.snapshot.auto.trigger.threshold = 10000 (custom)
2019-10-04 09:14:23,123 [pool-433-thread-1] INFO  server.RaftServerConfigKeys (ConfUtils.java:logGet(43)) - raft.server.snapshot.retention.file.num = 5 (custom)
2019-10-04 09:14:23,123 [pool-433-thread-1] INFO  server.RaftServerConfigKeys (ConfUtils.java:logGet(43)) - raft.server.retrycache.expirytime = 600000ms (custom)
2019-10-04 09:14:23,124 [pool-433-thread-1] INFO  impl.RaftServerImpl (RaftServerImpl.java:start(181)) - 0378a5da-7116-4b86-8368-147da2f8ca9d@group-F16C7ED96921: start as a follower, conf=-1: [0378a5da-7116-4b86-8368-147da2f8ca9d:192.168.151.111:36134], old=null
2019-10-04 09:14:23,124 [pool-433-thread-1] INFO  impl.RaftServerImpl (RaftServerImpl.java:setRole(170)) - 0378a5da-7116-4b86-8368-147da2f8ca9d@group-F16C7ED96921: changes role from      null to FOLLOWER at term 0 for startAsFollower
2019-10-04 09:14:23,124 [pool-433-thread-1] INFO  impl.RoleInfo (RoleInfo.java:updateAndGet(143)) - 0378a5da-7116-4b86-8368-147da2f8ca9d: start FollowerState
2019-10-04 09:14:23,124 [pool-433-thread-1] INFO  util.JmxRegister (JmxRegister.java:tryRegister(44)) - Successfully registered JMX Bean with object name Ratis:service=RaftServer,group=group-F16C7ED96921,id=0378a5da-7116-4b86-8368-147da2f8ca9d
2019-10-04 09:14:23,128 [RatisPipelineUtilsThread] INFO  pipeline.PipelineStateManager (PipelineStateManager.java:addPipeline(56)) - Created pipeline Pipeline[ Id: 5760f455-7bee-4e59-a055-f16c7ed96921, Nodes: 0378a5da-7116-4b86-8368-147da2f8ca9d{ip: 192.168.151.111, host: pr-hdds-2238-lzxxv-1908806976, networkLocation: /default-rack, certSerialId: null}, Type:RATIS, Factor:ONE, State:OPEN]
2019-10-04 09:14:23,138 [grpc-default-executor-10] INFO  impl.RaftServerProxy (RaftServerProxy.java:addNew(89)) - 4d059f59-02bc-40ba-9d88-cbf664f88c46: addNew group-5CC93B218C2B:[4d059f59-02bc-40ba-9d88-cbf664f88c46:192.168.151.111:45396, 1eb030bf-751e-416f-b9fb-7a8ff43b58f1:192.168.151.111:38967, 0378a5da-7116-4b86-8368-147da2f8ca9d:192.168.151.111:36134] returns group-5CC93B218C2B:java.util.concurrent.CompletableFuture@7f283cef[Not completed]
2019-10-04 09:14:23,138 [grpc-default-executor-10] INFO  impl.RaftServerProxy (RaftServerProxy.java:addNew(89)) - 1eb030bf-751e-416f-b9fb-7a8ff43b58f1: addNew group-5CC93B218C2B:[4d059f59-02bc-40ba-9d88-cbf664f88c46:192.168.151.111:45396, 1eb030bf-751e-416f-b9fb-7a8ff43b58f1:192.168.151.111:38967, 0378a5da-7116-4b86-8368-147da2f8ca9d:192.168.151.111:36134] returns group-5CC93B218C2B:java.util.concurrent.CompletableFuture@59293a9a[Not completed]
2019-10-04 09:14:23,138 [grpc-default-executor-8] INFO  impl.RaftServerProxy (RaftServerProxy.java:addNew(89)) - 0378a5da-7116-4b86-8368-147da2f8ca9d: addNew group-5CC93B218C2B:[4d059f59-02bc-40ba-9d88-cbf664f88c46:192.168.151.111:45396, 1eb030bf-751e-416f-b9fb-7a8ff43b58f1:192.168.151.111:38967, 0378a5da-7116-4b86-8368-147da2f8ca9d:192.168.151.111:36134] returns group-5CC93B218C2B:java.util.concurrent.CompletableFuture@37f64271[Not completed]
2019-10-04 09:14:23,139 [pool-423-thread-1] INFO  impl.RaftServerImpl (RaftServerImpl.java:<init>(95)) - 4d059f59-02bc-40ba-9d88-cbf664f88c46: new RaftServerImpl for group-5CC93B218C2B:[4d059f59-02bc-40ba-9d88-cbf664f88c46:192.168.151.111:45396, 1eb030bf-751e-416f-b9fb-7a8ff43b58f1:192.168.151.111:38967, 0378a5da-7116-4b86-8368-147da2f8ca9d:192.168.151.111:36134] with ContainerStateMachine:uninitialized
2019-10-04 09:14:23,139 [pool-423-thread-1] INFO  server.RaftServerConfigKeys (ConfUtils.java:logGet(43)) - raft.server.rpc.timeout.min = 5s (custom)
2019-10-04 09:14:23,139 [pool-423-thread-1] INFO  server.RaftServerConfigKeys (ConfUtils.java:logGet(43)) - raft.server.rpc.timeout.max = 5200ms (custom)
2019-10-04 09:14:23,139 [pool-423-thread-1] INFO  server.RaftServerConfigKeys (ConfUtils.java:logGet(43)) - raft.server.rpcslowness.timeout = 120s (custom)
2019-10-04 09:14:23,139 [pool-423-thread-1] INFO  server.RaftServerConfigKeys (ConfUtils.java:logGet(43)) - raft.server.sleep.deviation.threshold = 300 (default)
2019-10-04 09:14:23,139 [pool-423-thread-1] INFO  server.RaftServerConfigKeys (ConfUtils.java:logGet(43)) - raft.server.log.appender.install.snapshot.enabled = false (custom)
2019-10-04 09:14:23,140 [pool-423-thread-1] INFO  impl.RaftServerImpl (ServerState.java:<init>(103)) - 4d059f59-02bc-40ba-9d88-cbf664f88c46@group-5CC93B218C2B: ConfigurationManager, init=-1: [4d059f59-02bc-40ba-9d88-cbf664f88c46:192.168.151.111:45396, 1eb030bf-751e-416f-b9fb-7a8ff43b58f1:192.168.151.111:38967, 0378a5da-7116-4b86-8368-147da2f8ca9d:192.168.151.111:36134], old=null, confs=<EMPTY_MAP>
2019-10-04 09:14:23,140 [pool-423-thread-1] INFO  server.RaftServerConfigKeys (ConfUtils.java:logGet(43)) - raft.server.storage.dir = [/workdir/hadoop-ozone/integration-test/target/test-dir/MiniOzoneClusterImpl-ea59070c-537f-4444-880e-4e22d9c91129/datanode-4/data/ratis] (custom)
2019-10-04 09:14:23,140 [pool-423-thread-1] INFO  server.RaftServerConfigKeys (ConfUtils.java:logGet(43)) - raft.server.log.corruption.policy = EXCEPTION (default)
2019-10-04 09:14:23,140 [pool-413-thread-1] INFO  impl.RaftServerImpl (RaftServerImpl.java:<init>(95)) - 1eb030bf-751e-416f-b9fb-7a8ff43b58f1: new RaftServerImpl for group-5CC93B218C2B:[4d059f59-02bc-40ba-9d88-cbf664f88c46:192.168.151.111:45396, 1eb030bf-751e-416f-b9fb-7a8ff43b58f1:192.168.151.111:38967, 0378a5da-7116-4b86-8368-147da2f8ca9d:192.168.151.111:36134] with ContainerStateMachine:uninitialized
2019-10-04 09:14:23,140 [pool-423-thread-1] INFO  storage.RaftStorageDirectory (RaftStorageDirectory.java:analyzeStorage(246)) - The storage directory /workdir/hadoop-ozone/integration-test/target/test-dir/MiniOzoneClusterImpl-ea59070c-537f-4444-880e-4e22d9c91129/datanode-4/data/ratis/e9291ba8-d517-4571-9173-5cc93b218c2b does not exist. Creating ...
2019-10-04 09:14:23,140 [pool-413-thread-1] INFO  server.RaftServerConfigKeys (ConfUtils.java:logGet(43)) - raft.server.rpc.timeout.min = 5s (custom)
2019-10-04 09:14:23,141 [pool-413-thread-1] INFO  server.RaftServerConfigKeys (ConfUtils.java:logGet(43)) - raft.server.rpc.timeout.max = 5200ms (custom)
2019-10-04 09:14:23,141 [pool-413-thread-1] INFO  server.RaftServerConfigKeys (ConfUtils.java:logGet(43)) - raft.server.rpcslowness.timeout = 120s (custom)
2019-10-04 09:14:23,141 [pool-413-thread-1] INFO  server.RaftServerConfigKeys (ConfUtils.java:logGet(43)) - raft.server.sleep.deviation.threshold = 300 (default)
2019-10-04 09:14:23,141 [pool-413-thread-1] INFO  server.RaftServerConfigKeys (ConfUtils.java:logGet(43)) - raft.server.log.appender.install.snapshot.enabled = false (custom)
2019-10-04 09:14:23,141 [pool-413-thread-1] INFO  impl.RaftServerImpl (ServerState.java:<init>(103)) - 1eb030bf-751e-416f-b9fb-7a8ff43b58f1@group-5CC93B218C2B: ConfigurationManager, init=-1: [4d059f59-02bc-40ba-9d88-cbf664f88c46:192.168.151.111:45396, 1eb030bf-751e-416f-b9fb-7a8ff43b58f1:192.168.151.111:38967, 0378a5da-7116-4b86-8368-147da2f8ca9d:192.168.151.111:36134], old=null, confs=<EMPTY_MAP>
2019-10-04 09:14:23,141 [pool-413-thread-1] INFO  server.RaftServerConfigKeys (ConfUtils.java:logGet(43)) - raft.server.storage.dir = [/workdir/hadoop-ozone/integration-test/target/test-dir/MiniOzoneClusterImpl-ea59070c-537f-4444-880e-4e22d9c91129/datanode-3/data/ratis] (custom)
2019-10-04 09:14:23,141 [pool-413-thread-1] INFO  server.RaftServerConfigKeys (ConfUtils.java:logGet(43)) - raft.server.log.corruption.policy = EXCEPTION (default)
2019-10-04 09:14:23,142 [pool-433-thread-1] INFO  impl.RaftServerImpl (RaftServerImpl.java:<init>(95)) - 0378a5da-7116-4b86-8368-147da2f8ca9d: new RaftServerImpl for group-5CC93B218C2B:[4d059f59-02bc-40ba-9d88-cbf664f88c46:192.168.151.111:45396, 1eb030bf-751e-416f-b9fb-7a8ff43b58f1:192.168.151.111:38967, 0378a5da-7116-4b86-8368-147da2f8ca9d:192.168.151.111:36134] with ContainerStateMachine:uninitialized
2019-10-04 09:14:23,142 [pool-413-thread-1] INFO  storage.RaftStorageDirectory (RaftStorageDirectory.java:analyzeStorage(246)) - The storage directory /workdir/hadoop-ozone/integration-test/target/test-dir/MiniOzoneClusterImpl-ea59070c-537f-4444-880e-4e22d9c91129/datanode-3/data/ratis/e9291ba8-d517-4571-9173-5cc93b218c2b does not exist. Creating ...
2019-10-04 09:14:23,142 [pool-433-thread-1] INFO  server.RaftServerConfigKeys (ConfUtils.java:logGet(43)) - raft.server.rpc.timeout.min = 5s (custom)
2019-10-04 09:14:23,142 [pool-433-thread-1] INFO  server.RaftServerConfigKeys (ConfUtils.java:logGet(43)) - raft.server.rpc.timeout.max = 5200ms (custom)
2019-10-04 09:14:23,142 [pool-433-thread-1] INFO  server.RaftServerConfigKeys (ConfUtils.java:logGet(43)) - raft.server.rpcslowness.timeout = 120s (custom)
2019-10-04 09:14:23,142 [pool-433-thread-1] INFO  server.RaftServerConfigKeys (ConfUtils.java:logGet(43)) - raft.server.sleep.deviation.threshold = 300 (default)
2019-10-04 09:14:23,142 [pool-433-thread-1] INFO  server.RaftServerConfigKeys (ConfUtils.java:logGet(43)) - raft.server.log.appender.install.snapshot.enabled = false (custom)
2019-10-04 09:14:23,143 [pool-433-thread-1] INFO  impl.RaftServerImpl (ServerState.java:<init>(103)) - 0378a5da-7116-4b86-8368-147da2f8ca9d@group-5CC93B218C2B: ConfigurationManager, init=-1: [4d059f59-02bc-40ba-9d88-cbf664f88c46:192.168.151.111:45396, 1eb030bf-751e-416f-b9fb-7a8ff43b58f1:192.168.151.111:38967, 0378a5da-7116-4b86-8368-147da2f8ca9d:192.168.151.111:36134], old=null, confs=<EMPTY_MAP>
2019-10-04 09:14:23,143 [pool-433-thread-1] INFO  server.RaftServerConfigKeys (ConfUtils.java:logGet(43)) - raft.server.storage.dir = [/workdir/hadoop-ozone/integration-test/target/test-dir/MiniOzoneClusterImpl-ea59070c-537f-4444-880e-4e22d9c91129/datanode-5/data/ratis] (custom)
2019-10-04 09:14:23,143 [pool-433-thread-1] INFO  server.RaftServerConfigKeys (ConfUtils.java:logGet(43)) - raft.server.log.corruption.policy = EXCEPTION (default)
2019-10-04 09:14:23,143 [pool-433-thread-1] INFO  storage.RaftStorageDirectory (RaftStorageDirectory.java:analyzeStorage(246)) - The storage directory /workdir/hadoop-ozone/integration-test/target/test-dir/MiniOzoneClusterImpl-ea59070c-537f-4444-880e-4e22d9c91129/datanode-5/data/ratis/e9291ba8-d517-4571-9173-5cc93b218c2b does not exist. Creating ...
2019-10-04 09:14:23,154 [pool-423-thread-1] INFO  storage.RaftStorageDirectory (RaftStorageDirectory.java:tryLock(328)) - Lock on /workdir/hadoop-ozone/integration-test/target/test-dir/MiniOzoneClusterImpl-ea59070c-537f-4444-880e-4e22d9c91129/datanode-4/data/ratis/e9291ba8-d517-4571-9173-5cc93b218c2b/in_use.lock acquired by nodename 26290@pr-hdds-2238-lzxxv-1908806976
2019-10-04 09:14:23,154 [pool-413-thread-1] INFO  storage.RaftStorageDirectory (RaftStorageDirectory.java:tryLock(328)) - Lock on /workdir/hadoop-ozone/integration-test/target/test-dir/MiniOzoneClusterImpl-ea59070c-537f-4444-880e-4e22d9c91129/datanode-3/data/ratis/e9291ba8-d517-4571-9173-5cc93b218c2b/in_use.lock acquired by nodename 26290@pr-hdds-2238-lzxxv-1908806976
2019-10-04 09:14:23,154 [pool-433-thread-1] INFO  storage.RaftStorageDirectory (RaftStorageDirectory.java:tryLock(328)) - Lock on /workdir/hadoop-ozone/integration-test/target/test-dir/MiniOzoneClusterImpl-ea59070c-537f-4444-880e-4e22d9c91129/datanode-5/data/ratis/e9291ba8-d517-4571-9173-5cc93b218c2b/in_use.lock acquired by nodename 26290@pr-hdds-2238-lzxxv-1908806976
2019-10-04 09:14:23,166 [IPC Server handler 3 on 44885] INFO  net.NetworkTopology (NetworkTopologyImpl.java:add(111)) - Added a new node: /default-rack/28bf37cc-6bbd-4f90-807d-f80e35d67f5b
2019-10-04 09:14:23,166 [main] INFO  ozone.MiniOzoneClusterImpl (MiniOzoneClusterImpl.java:lambda$waitForClusterToBeReady$0(147)) - Cluster is ready. Got 7 of 7 DN Heartbeats.
2019-10-04 09:14:23,167 [IPC Server handler 3 on 44885] INFO  node.SCMNodeManager (SCMNodeManager.java:register(266)) - Registered Data node : 28bf37cc-6bbd-4f90-807d-f80e35d67f5b{ip: 192.168.151.111, host: pr-hdds-2238-lzxxv-1908806976, networkLocation: /default-rack, certSerialId: null}
2019-10-04 09:14:23,167 [pool-423-thread-1] INFO  storage.RaftStorage (RaftStorage.java:format(84)) - Storage directory /workdir/hadoop-ozone/integration-test/target/test-dir/MiniOzoneClusterImpl-ea59070c-537f-4444-880e-4e22d9c91129/datanode-4/data/ratis/e9291ba8-d517-4571-9173-5cc93b218c2b has been successfully formatted.
2019-10-04 09:14:23,167 [pool-413-thread-1] INFO  storage.RaftStorage (RaftStorage.java:format(84)) - Storage directory /workdir/hadoop-ozone/integration-test/target/test-dir/MiniOzoneClusterImpl-ea59070c-537f-4444-880e-4e22d9c91129/datanode-3/data/ratis/e9291ba8-d517-4571-9173-5cc93b218c2b has been successfully formatted.
2019-10-04 09:14:23,167 [pool-433-thread-1] INFO  storage.RaftStorage (RaftStorage.java:format(84)) - Storage directory /workdir/hadoop-ozone/integration-test/target/test-dir/MiniOzoneClusterImpl-ea59070c-537f-4444-880e-4e22d9c91129/datanode-5/data/ratis/e9291ba8-d517-4571-9173-5cc93b218c2b has been successfully formatted.
2019-10-04 09:14:23,167 [pool-413-thread-1] INFO  ratis.ContainerStateMachine (ContainerStateMachine.java:loadSnapshot(230)) - group-5CC93B218C2B: The snapshot info is null. Setting the last applied indexto:(t:0, i:~)
2019-10-04 09:14:23,167 [pool-423-thread-1] INFO  ratis.ContainerStateMachine (ContainerStateMachine.java:loadSnapshot(230)) - group-5CC93B218C2B: The snapshot info is null. Setting the last applied indexto:(t:0, i:~)
2019-10-04 09:14:23,168 [pool-413-thread-1] INFO  server.RaftServerConfigKeys (ConfUtils.java:logGet(43)) - raft.server.notification.no-leader.timeout = 120s (custom)
2019-10-04 09:14:23,167 [pool-433-thread-1] INFO  ratis.ContainerStateMachine (ContainerStateMachine.java:loadSnapshot(230)) - group-5CC93B218C2B: The snapshot info is null. Setting the last applied indexto:(t:0, i:~)
2019-10-04 09:14:23,168 [pool-413-thread-1] INFO  server.RaftServerConfigKeys (ConfUtils.java:logGet(43)) - raft.server.log.use.memory = false (default)
2019-10-04 09:14:23,168 [pool-423-thread-1] INFO  server.RaftServerConfigKeys (ConfUtils.java:logGet(43)) - raft.server.notification.no-leader.timeout = 120s (custom)
2019-10-04 09:14:23,168 [pool-413-thread-1] INFO  server.RaftServerConfigKeys (ConfUtils.java:logGet(43)) - raft.server.log.purge.gap = 1000000 (custom)
2019-10-04 09:14:23,168 [pool-433-thread-1] INFO  server.RaftServerConfigKeys (ConfUtils.java:logGet(43)) - raft.server.notification.no-leader.timeout = 120s (custom)
2019-10-04 09:14:23,168 [pool-413-thread-1] INFO  server.RaftServerConfigKeys (ConfUtils.java:logGet(43)) - raft.server.log.appender.buffer.byte-limit = 33554432 (custom)
2019-10-04 09:14:23,168 [pool-423-thread-1] INFO  server.RaftServerConfigKeys (ConfUtils.java:logGet(43)) - raft.server.log.use.memory = false (default)
2019-10-04 09:14:23,168 [pool-413-thread-1] INFO  server.RaftServerConfigKeys (ConfUtils.java:logGet(43)) - raft.server.log.segment.size.max = 1048576 (custom)
2019-10-04 09:14:23,168 [pool-433-thread-1] INFO  server.RaftServerConfigKeys (ConfUtils.java:logGet(43)) - raft.server.log.use.memory = false (default)
2019-10-04 09:14:23,169 [pool-413-thread-1] INFO  server.RaftServerConfigKeys (ConfUtils.java:logGet(43)) - raft.server.log.segment.cache.num.max = 2 (custom)
2019-10-04 09:14:23,169 [pool-423-thread-1] INFO  server.RaftServerConfigKeys (ConfUtils.java:logGet(43)) - raft.server.log.purge.gap = 1000000 (custom)
2019-10-04 09:14:23,169 [pool-413-thread-1] INFO  segmented.SegmentedRaftLogWorker (SegmentedRaftLogWorker.java:<init>(173)) - new 1eb030bf-751e-416f-b9fb-7a8ff43b58f1@group-5CC93B218C2B-SegmentedRaftLogWorker for RaftStorage:Storage Directory /workdir/hadoop-ozone/integration-test/target/test-dir/MiniOzoneClusterImpl-ea59070c-537f-4444-880e-4e22d9c91129/datanode-3/data/ratis/e9291ba8-d517-4571-9173-5cc93b218c2b
2019-10-04 09:14:23,169 [pool-433-thread-1] INFO  server.RaftServerConfigKeys (ConfUtils.java:logGet(43)) - raft.server.log.purge.gap = 1000000 (custom)
2019-10-04 09:14:23,169 [pool-413-thread-1] INFO  server.RaftServerConfigKeys (ConfUtils.java:logGet(43)) - raft.server.log.queue.byte-limit = 2147483647 (custom)
2019-10-04 09:14:23,169 [pool-423-thread-1] INFO  server.RaftServerConfigKeys (ConfUtils.java:logGet(43)) - raft.server.log.appender.buffer.byte-limit = 33554432 (custom)
2019-10-04 09:14:23,169 [pool-413-thread-1] INFO  server.RaftServerConfigKeys (ConfUtils.java:logGet(43)) - raft.server.log.queue.element-limit = 1024 (custom)
2019-10-04 09:14:23,169 [pool-433-thread-1] INFO  server.RaftServerConfigKeys (ConfUtils.java:logGet(43)) - raft.server.log.appender.buffer.byte-limit = 33554432 (custom)
2019-10-04 09:14:23,170 [pool-413-thread-1] INFO  server.RaftServerConfigKeys (ConfUtils.java:logGet(43)) - raft.server.log.segment.size.max = 1048576 (custom)
2019-10-04 09:14:23,169 [pool-423-thread-1] INFO  server.RaftServerConfigKeys (ConfUtils.java:logGet(43)) - raft.server.log.segment.size.max = 1048576 (custom)
2019-10-04 09:14:23,175 [pool-413-thread-1] INFO  server.RaftServerConfigKeys (ConfUtils.java:logGet(43)) - raft.server.log.preallocated.size = 16384 (custom)
2019-10-04 09:14:23,175 [pool-433-thread-1] INFO  server.RaftServerConfigKeys (ConfUtils.java:logGet(43)) - raft.server.log.segment.size.max = 1048576 (custom)
2019-10-04 09:14:23,175 [pool-413-thread-1] INFO  server.RaftServerConfigKeys (ConfUtils.java:logGet(43)) - raft.server.log.write.buffer.size = 33554432 (custom)
2019-10-04 09:14:23,175 [pool-423-thread-1] INFO  server.RaftServerConfigKeys (ConfUtils.java:logGet(43)) - raft.server.log.segment.cache.num.max = 2 (custom)
2019-10-04 09:14:23,175 [pool-413-thread-1] INFO  server.RaftServerConfigKeys (ConfUtils.java:logGet(43)) - raft.server.log.force.sync.num = 128 (default)
2019-10-04 09:14:23,175 [pool-433-thread-1] INFO  server.RaftServerConfigKeys (ConfUtils.java:logGet(43)) - raft.server.log.segment.cache.num.max = 2 (custom)
2019-10-04 09:14:23,176 [pool-413-thread-1] INFO  server.RaftServerConfigKeys (ConfUtils.java:logGet(43)) - raft.server.log.statemachine.data.sync = true (default)
2019-10-04 09:14:23,176 [pool-423-thread-1] INFO  segmented.SegmentedRaftLogWorker (SegmentedRaftLogWorker.java:<init>(173)) - new 4d059f59-02bc-40ba-9d88-cbf664f88c46@group-5CC93B218C2B-SegmentedRaftLogWorker for RaftStorage:Storage Directory /workdir/hadoop-ozone/integration-test/target/test-dir/MiniOzoneClusterImpl-ea59070c-537f-4444-880e-4e22d9c91129/datanode-4/data/ratis/e9291ba8-d517-4571-9173-5cc93b218c2b
2019-10-04 09:14:23,176 [pool-413-thread-1] INFO  server.RaftServerConfigKeys (ConfUtils.java:logGet(43)) - raft.server.log.statemachine.data.sync.timeout = 10s (default)
2019-10-04 09:14:23,176 [pool-433-thread-1] INFO  segmented.SegmentedRaftLogWorker (SegmentedRaftLogWorker.java:<init>(173)) - new 0378a5da-7116-4b86-8368-147da2f8ca9d@group-5CC93B218C2B-SegmentedRaftLogWorker for RaftStorage:Storage Directory /workdir/hadoop-ozone/integration-test/target/test-dir/MiniOzoneClusterImpl-ea59070c-537f-4444-880e-4e22d9c91129/datanode-5/data/ratis/e9291ba8-d517-4571-9173-5cc93b218c2b
2019-10-04 09:14:23,176 [pool-413-thread-1] INFO  server.RaftServerConfigKeys (ConfUtils.java:logGet(43)) - raft.server.log.statemachine.data.sync.timeout.retry = -1 (default)
2019-10-04 09:14:23,176 [pool-423-thread-1] INFO  server.RaftServerConfigKeys (ConfUtils.java:logGet(43)) - raft.server.log.queue.byte-limit = 2147483647 (custom)
2019-10-04 09:14:23,177 [pool-413-thread-1] INFO  server.RaftServerConfigKeys (ConfUtils.java:logGet(43)) - raft.server.log.statemachine.data.caching.enabled = true (custom)
2019-10-04 09:14:23,176 [pool-433-thread-1] INFO  server.RaftServerConfigKeys (ConfUtils.java:logGet(43)) - raft.server.log.queue.byte-limit = 2147483647 (custom)
2019-10-04 09:14:23,177 [pool-423-thread-1] INFO  server.RaftServerConfigKeys (ConfUtils.java:logGet(43)) - raft.server.log.queue.element-limit = 1024 (custom)
2019-10-04 09:14:23,177 [pool-413-thread-1] INFO  segmented.SegmentedRaftLogWorker (SegmentedRaftLogWorker.java:lambda$new$0(128)) - 1eb030bf-751e-416f-b9fb-7a8ff43b58f1@group-5CC93B218C2B-SegmentedRaftLogWorker: flushIndex: setUnconditionally 0 -> -1
2019-10-04 09:14:23,177 [pool-433-thread-1] INFO  server.RaftServerConfigKeys (ConfUtils.java:logGet(43)) - raft.server.log.queue.element-limit = 1024 (custom)
2019-10-04 09:14:23,177 [pool-423-thread-1] INFO  server.RaftServerConfigKeys (ConfUtils.java:logGet(43)) - raft.server.log.segment.size.max = 1048576 (custom)
2019-10-04 09:14:23,177 [pool-433-thread-1] INFO  server.RaftServerConfigKeys (ConfUtils.java:logGet(43)) - raft.server.log.segment.size.max = 1048576 (custom)
2019-10-04 09:14:23,178 [pool-413-thread-1] INFO  server.RaftServerConfigKeys (ConfUtils.java:logGet(43)) - raft.server.snapshot.auto.trigger.enabled = true (custom)
2019-10-04 09:14:23,178 [pool-423-thread-1] INFO  server.RaftServerConfigKeys (ConfUtils.java:logGet(43)) - raft.server.log.preallocated.size = 16384 (custom)
2019-10-04 09:14:23,178 [pool-413-thread-1] INFO  server.RaftServerConfigKeys (ConfUtils.java:logGet(43)) - raft.server.snapshot.auto.trigger.threshold = 10000 (custom)
2019-10-04 09:14:23,178 [pool-433-thread-1] INFO  server.RaftServerConfigKeys (ConfUtils.java:logGet(43)) - raft.server.log.preallocated.size = 16384 (custom)
2019-10-04 09:14:23,178 [pool-413-thread-1] INFO  server.RaftServerConfigKeys (ConfUtils.java:logGet(43)) - raft.server.snapshot.retention.file.num = 5 (custom)
2019-10-04 09:14:23,178 [pool-423-thread-1] INFO  server.RaftServerConfigKeys (ConfUtils.java:logGet(43)) - raft.server.log.write.buffer.size = 33554432 (custom)
2019-10-04 09:14:23,178 [pool-413-thread-1] INFO  server.RaftServerConfigKeys (ConfUtils.java:logGet(43)) - raft.server.retrycache.expirytime = 600000ms (custom)
2019-10-04 09:14:23,178 [pool-433-thread-1] INFO  server.RaftServerConfigKeys (ConfUtils.java:logGet(43)) - raft.server.log.write.buffer.size = 33554432 (custom)
2019-10-04 09:14:23,179 [pool-423-thread-1] INFO  server.RaftServerConfigKeys (ConfUtils.java:logGet(43)) - raft.server.log.force.sync.num = 128 (default)
2019-10-04 09:14:23,179 [pool-433-thread-1] INFO  server.RaftServerConfigKeys (ConfUtils.java:logGet(43)) - raft.server.log.force.sync.num = 128 (default)
2019-10-04 09:14:23,179 [pool-423-thread-1] INFO  server.RaftServerConfigKeys (ConfUtils.java:logGet(43)) - raft.server.log.statemachine.data.sync = true (default)
2019-10-04 09:14:23,179 [pool-433-thread-1] INFO  server.RaftServerConfigKeys (ConfUtils.java:logGet(43)) - raft.server.log.statemachine.data.sync = true (default)
2019-10-04 09:14:23,179 [pool-423-thread-1] INFO  server.RaftServerConfigKeys (ConfUtils.java:logGet(43)) - raft.server.log.statemachine.data.sync.timeout = 10s (default)
2019-10-04 09:14:23,179 [pool-433-thread-1] INFO  server.RaftServerConfigKeys (ConfUtils.java:logGet(43)) - raft.server.log.statemachine.data.sync.timeout = 10s (default)
2019-10-04 09:14:23,179 [pool-423-thread-1] INFO  server.RaftServerConfigKeys (ConfUtils.java:logGet(43)) - raft.server.log.statemachine.data.sync.timeout.retry = -1 (default)
2019-10-04 09:14:23,179 [pool-433-thread-1] INFO  server.RaftServerConfigKeys (ConfUtils.java:logGet(43)) - raft.server.log.statemachine.data.sync.timeout.retry = -1 (default)
2019-10-04 09:14:23,180 [pool-423-thread-1] INFO  server.RaftServerConfigKeys (ConfUtils.java:logGet(43)) - raft.server.log.statemachine.data.caching.enabled = true (custom)
2019-10-04 09:14:23,180 [pool-433-thread-1] INFO  server.RaftServerConfigKeys (ConfUtils.java:logGet(43)) - raft.server.log.statemachine.data.caching.enabled = true (custom)
2019-10-04 09:14:23,180 [pool-423-thread-1] INFO  segmented.SegmentedRaftLogWorker (SegmentedRaftLogWorker.java:lambda$new$0(128)) - 4d059f59-02bc-40ba-9d88-cbf664f88c46@group-5CC93B218C2B-SegmentedRaftLogWorker: flushIndex: setUnconditionally 0 -> -1
2019-10-04 09:14:23,180 [pool-433-thread-1] INFO  segmented.SegmentedRaftLogWorker (SegmentedRaftLogWorker.java:lambda$new$0(128)) - 0378a5da-7116-4b86-8368-147da2f8ca9d@group-5CC93B218C2B-SegmentedRaftLogWorker: flushIndex: setUnconditionally 0 -> -1
2019-10-04 09:14:23,180 [pool-423-thread-1] INFO  server.RaftServerConfigKeys (ConfUtils.java:logGet(43)) - raft.server.snapshot.auto.trigger.enabled = true (custom)
2019-10-04 09:14:23,181 [pool-433-thread-1] INFO  server.RaftServerConfigKeys (ConfUtils.java:logGet(43)) - raft.server.snapshot.auto.trigger.enabled = true (custom)
2019-10-04 09:14:23,181 [pool-423-thread-1] INFO  server.RaftServerConfigKeys (ConfUtils.java:logGet(43)) - raft.server.snapshot.auto.trigger.threshold = 10000 (custom)
2019-10-04 09:14:23,181 [pool-433-thread-1] INFO  server.RaftServerConfigKeys (ConfUtils.java:logGet(43)) - raft.server.snapshot.auto.trigger.threshold = 10000 (custom)
2019-10-04 09:14:23,181 [pool-423-thread-1] INFO  server.RaftServerConfigKeys (ConfUtils.java:logGet(43)) - raft.server.snapshot.retention.file.num = 5 (custom)
2019-10-04 09:14:23,183 [pool-423-thread-1] INFO  server.RaftServerConfigKeys (ConfUtils.java:logGet(43)) - raft.server.retrycache.expirytime = 600000ms (custom)
2019-10-04 09:14:23,181 [pool-413-thread-1] INFO  impl.RaftServerImpl (RaftServerImpl.java:start(181)) - 1eb030bf-751e-416f-b9fb-7a8ff43b58f1@group-5CC93B218C2B: start as a follower, conf=-1: [4d059f59-02bc-40ba-9d88-cbf664f88c46:192.168.151.111:45396, 1eb030bf-751e-416f-b9fb-7a8ff43b58f1:192.168.151.111:38967, 0378a5da-7116-4b86-8368-147da2f8ca9d:192.168.151.111:36134], old=null
2019-10-04 09:14:23,181 [pool-433-thread-1] INFO  server.RaftServerConfigKeys (ConfUtils.java:logGet(43)) - raft.server.snapshot.retention.file.num = 5 (custom)
2019-10-04 09:14:23,183 [pool-413-thread-1] INFO  impl.RaftServerImpl (RaftServerImpl.java:setRole(170)) - 1eb030bf-751e-416f-b9fb-7a8ff43b58f1@group-5CC93B218C2B: changes role from      null to FOLLOWER at term 0 for startAsFollower
2019-10-04 09:14:23,183 [pool-433-thread-1] INFO  server.RaftServerConfigKeys (ConfUtils.java:logGet(43)) - raft.server.retrycache.expirytime = 600000ms (custom)
2019-10-04 09:14:23,183 [pool-413-thread-1] INFO  impl.RoleInfo (RoleInfo.java:updateAndGet(143)) - 1eb030bf-751e-416f-b9fb-7a8ff43b58f1: start FollowerState
2019-10-04 09:14:23,184 [pool-413-thread-1] INFO  util.JmxRegister (JmxRegister.java:tryRegister(44)) - Successfully registered JMX Bean with object name Ratis:service=RaftServer,group=group-5CC93B218C2B,id=1eb030bf-751e-416f-b9fb-7a8ff43b58f1
2019-10-04 09:14:23,196 [pool-423-thread-1] INFO  impl.RaftServerImpl (RaftServerImpl.java:start(181)) - 4d059f59-02bc-40ba-9d88-cbf664f88c46@group-5CC93B218C2B: start as a follower, conf=-1: [4d059f59-02bc-40ba-9d88-cbf664f88c46:192.168.151.111:45396, 1eb030bf-751e-416f-b9fb-7a8ff43b58f1:192.168.151.111:38967, 0378a5da-7116-4b86-8368-147da2f8ca9d:192.168.151.111:36134], old=null
2019-10-04 09:14:23,200 [pool-423-thread-1] INFO  impl.RaftServerImpl (RaftServerImpl.java:setRole(170)) - 4d059f59-02bc-40ba-9d88-cbf664f88c46@group-5CC93B218C2B: changes role from      null to FOLLOWER at term 0 for startAsFollower
2019-10-04 09:14:23,200 [pool-423-thread-1] INFO  impl.RoleInfo (RoleInfo.java:updateAndGet(143)) - 4d059f59-02bc-40ba-9d88-cbf664f88c46: start FollowerState
2019-10-04 09:14:23,200 [pool-423-thread-1] INFO  util.JmxRegister (JmxRegister.java:tryRegister(44)) - Successfully registered JMX Bean with object name Ratis:service=RaftServer,group=group-5CC93B218C2B,id=4d059f59-02bc-40ba-9d88-cbf664f88c46
2019-10-04 09:14:23,200 [pool-433-thread-1] INFO  impl.RaftServerImpl (RaftServerImpl.java:start(181)) - 0378a5da-7116-4b86-8368-147da2f8ca9d@group-5CC93B218C2B: start as a follower, conf=-1: [4d059f59-02bc-40ba-9d88-cbf664f88c46:192.168.151.111:45396, 1eb030bf-751e-416f-b9fb-7a8ff43b58f1:192.168.151.111:38967, 0378a5da-7116-4b86-8368-147da2f8ca9d:192.168.151.111:36134], old=null
2019-10-04 09:14:23,200 [pool-433-thread-1] INFO  impl.RaftServerImpl (RaftServerImpl.java:setRole(170)) - 0378a5da-7116-4b86-8368-147da2f8ca9d@group-5CC93B218C2B: changes role from      null to FOLLOWER at term 0 for startAsFollower
2019-10-04 09:14:23,201 [pool-433-thread-1] INFO  impl.RoleInfo (RoleInfo.java:updateAndGet(143)) - 0378a5da-7116-4b86-8368-147da2f8ca9d: start FollowerState
2019-10-04 09:14:23,201 [pool-433-thread-1] INFO  util.JmxRegister (JmxRegister.java:tryRegister(44)) - Successfully registered JMX Bean with object name Ratis:service=RaftServer,group=group-5CC93B218C2B,id=0378a5da-7116-4b86-8368-147da2f8ca9d
2019-10-04 09:14:23,209 [main] INFO  rpc.RpcClient (RpcClient.java:createVolume(277)) - Creating Volume: watchforcommithandlingtest, with jenkins1000 as owner.
2019-10-04 09:14:23,212 [RatisPipelineUtilsThread] INFO  pipeline.PipelineStateManager (PipelineStateManager.java:addPipeline(56)) - Created pipeline Pipeline[ Id: e9291ba8-d517-4571-9173-5cc93b218c2b, Nodes: 1eb030bf-751e-416f-b9fb-7a8ff43b58f1{ip: 192.168.151.111, host: pr-hdds-2238-lzxxv-1908806976, networkLocation: /default-rack, certSerialId: null}0378a5da-7116-4b86-8368-147da2f8ca9d{ip: 192.168.151.111, host: pr-hdds-2238-lzxxv-1908806976, networkLocation: /default-rack, certSerialId: null}4d059f59-02bc-40ba-9d88-cbf664f88c46{ip: 192.168.151.111, host: pr-hdds-2238-lzxxv-1908806976, networkLocation: /default-rack, certSerialId: null}, Type:RATIS, Factor:THREE, State:OPEN]
2019-10-04 09:14:23,214 [IPC Server handler 1 on 38874] INFO  volume.OMVolumeCreateRequest (OMVolumeCreateRequest.java:validateAndUpdateCache(193)) - created volume:watchforcommithandlingtest for user:jenkins1000
2019-10-04 09:14:23,225 [main] INFO  rpc.RpcClient (RpcClient.java:createBucket(416)) - Creating Bucket: watchforcommithandlingtest/watchforcommithandlingtest, with Versioning false and Storage Type set to DISK and Encryption set to false 
2019-10-04 09:14:23,231 [main] INFO  ozone.MiniOzoneClusterImpl (MiniOzoneClusterImpl.java:getStorageContainerLocationClient(234)) - Creating StorageContainerLocationProtocol RPC client with address /0.0.0.0:43538
2019-10-04 09:14:25,769 [Thread-2385] INFO  container.ReplicationManager (ReplicationManager.java:start(162)) - Starting Replication Monitor Thread.
2019-10-04 09:14:25,774 [ReplicationMonitor] INFO  container.ReplicationManager (ReplicationManager.java:run(225)) - Replication Monitor Thread took 1 milliseconds for processing 1 containers.
2019-10-04 09:14:27,854 [Thread-2387] INFO  impl.FollowerState (FollowerState.java:run(108)) - 341c6ded-f6fe-48bf-88f1-9323bbf2345b@group-5B95D1FA4F3B-FollowerState: change to CANDIDATE, lastRpcTime:5026ms, electionTimeout:5026ms
2019-10-04 09:14:27,855 [Thread-2387] INFO  impl.RoleInfo (RoleInfo.java:shutdownFollowerState(121)) - 341c6ded-f6fe-48bf-88f1-9323bbf2345b: shutdown FollowerState
2019-10-04 09:14:27,856 [Thread-2387] INFO  impl.RaftServerImpl (RaftServerImpl.java:setRole(170)) - 341c6ded-f6fe-48bf-88f1-9323bbf2345b@group-5B95D1FA4F3B: changes role from  FOLLOWER to CANDIDATE at term 0 for changeToCandidate
2019-10-04 09:14:27,856 [Thread-2387] INFO  impl.RoleInfo (RoleInfo.java:updateAndGet(143)) - 341c6ded-f6fe-48bf-88f1-9323bbf2345b: start LeaderElection
2019-10-04 09:14:27,883 [341c6ded-f6fe-48bf-88f1-9323bbf2345b@group-5B95D1FA4F3B-LeaderElection75] INFO  impl.LeaderElection (LeaderElection.java:askForVotes(178)) - 341c6ded-f6fe-48bf-88f1-9323bbf2345b@group-5B95D1FA4F3B-LeaderElection75: begin an election at term 1 for -1: [341c6ded-f6fe-48bf-88f1-9323bbf2345b:192.168.151.111:38972], old=null
2019-10-04 09:14:27,883 [341c6ded-f6fe-48bf-88f1-9323bbf2345b@group-5B95D1FA4F3B-LeaderElection75] INFO  impl.RoleInfo (RoleInfo.java:shutdownLeaderElection(134)) - 341c6ded-f6fe-48bf-88f1-9323bbf2345b: shutdown LeaderElection
2019-10-04 09:14:27,883 [341c6ded-f6fe-48bf-88f1-9323bbf2345b@group-5B95D1FA4F3B-LeaderElection75] INFO  impl.RaftServerImpl (RaftServerImpl.java:setRole(170)) - 341c6ded-f6fe-48bf-88f1-9323bbf2345b@group-5B95D1FA4F3B: changes role from CANDIDATE to LEADER at term 1 for changeToLeader
2019-10-04 09:14:27,884 [341c6ded-f6fe-48bf-88f1-9323bbf2345b@group-5B95D1FA4F3B-LeaderElection75] INFO  impl.RaftServerImpl (ServerState.java:setLeader(255)) - 341c6ded-f6fe-48bf-88f1-9323bbf2345b@group-5B95D1FA4F3B: change Leader from null to 341c6ded-f6fe-48bf-88f1-9323bbf2345b at term 1 for becomeLeader, leader elected after 5065ms
2019-10-04 09:14:27,884 [341c6ded-f6fe-48bf-88f1-9323bbf2345b@group-5B95D1FA4F3B-LeaderElection75] INFO  server.RaftServerConfigKeys (ConfUtils.java:logGet(43)) - raft.server.staging.catchup.gap = 1000 (default)
2019-10-04 09:14:27,884 [341c6ded-f6fe-48bf-88f1-9323bbf2345b@group-5B95D1FA4F3B-LeaderElection75] INFO  server.RaftServerConfigKeys (ConfUtils.java:logGet(43)) - raft.server.rpc.sleep.time = 25ms (default)
2019-10-04 09:14:27,885 [341c6ded-f6fe-48bf-88f1-9323bbf2345b@group-5B95D1FA4F3B-LeaderElection75] INFO  server.RaftServerConfigKeys (ConfUtils.java:logGet(43)) - raft.server.write.element-limit = 4096 (default)
2019-10-04 09:14:27,885 [341c6ded-f6fe-48bf-88f1-9323bbf2345b@group-5B95D1FA4F3B-LeaderElection75] INFO  server.RaftServerConfigKeys (ConfUtils.java:logGet(43)) - raft.server.watch.timeout = 10s (default)
2019-10-04 09:14:27,885 [341c6ded-f6fe-48bf-88f1-9323bbf2345b@group-5B95D1FA4F3B-LeaderElection75] INFO  server.RaftServerConfigKeys (ConfUtils.java:logGet(43)) - raft.server.watch.timeout.denomination = 1s (default)
2019-10-04 09:14:27,886 [341c6ded-f6fe-48bf-88f1-9323bbf2345b@group-5B95D1FA4F3B-LeaderElection75] INFO  server.RaftServerConfigKeys (ConfUtils.java:logGet(43)) - raft.server.watch.element-limit = 65536 (default)
2019-10-04 09:14:27,890 [341c6ded-f6fe-48bf-88f1-9323bbf2345b@group-5B95D1FA4F3B-LeaderElection75] INFO  impl.RoleInfo (RoleInfo.java:updateAndGet(143)) - 341c6ded-f6fe-48bf-88f1-9323bbf2345b: start LeaderState
2019-10-04 09:14:27,892 [341c6ded-f6fe-48bf-88f1-9323bbf2345b@group-5B95D1FA4F3B-LeaderElection75] INFO  segmented.SegmentedRaftLogWorker (SegmentedRaftLogWorker.java:startLogSegment(385)) - 341c6ded-f6fe-48bf-88f1-9323bbf2345b@group-5B95D1FA4F3B-SegmentedRaftLogWorker: Starting segment from index:0
2019-10-04 09:14:27,893 [341c6ded-f6fe-48bf-88f1-9323bbf2345b@group-5B95D1FA4F3B-LeaderElection75] INFO  impl.RaftServerImpl (ServerState.java:setRaftConf(356)) - 341c6ded-f6fe-48bf-88f1-9323bbf2345b@group-5B95D1FA4F3B: set configuration 0: [341c6ded-f6fe-48bf-88f1-9323bbf2345b:192.168.151.111:38972], old=null at 0
2019-10-04 09:14:27,936 [341c6ded-f6fe-48bf-88f1-9323bbf2345b@group-5B95D1FA4F3B-SegmentedRaftLogWorker] INFO  segmented.SegmentedRaftLogWorker (SegmentedRaftLogWorker.java:execute(574)) - 341c6ded-f6fe-48bf-88f1-9323bbf2345b@group-5B95D1FA4F3B-SegmentedRaftLogWorker: created new log segment /workdir/hadoop-ozone/integration-test/target/test-dir/MiniOzoneClusterImpl-ea59070c-537f-4444-880e-4e22d9c91129/datanode-0/data/ratis/963a1dca-68cc-44a8-9e36-5b95d1fa4f3b/current/log_inprogress_0
2019-10-04 09:14:27,943 [Thread-2390] INFO  impl.FollowerState (FollowerState.java:run(108)) - 511a6597-7d94-4d70-9de2-3e23a1a156e4@group-BC9C1E706EC7-FollowerState: change to CANDIDATE, lastRpcTime:5067ms, electionTimeout:5067ms
2019-10-04 09:14:27,943 [Thread-2390] INFO  impl.RoleInfo (RoleInfo.java:shutdownFollowerState(121)) - 511a6597-7d94-4d70-9de2-3e23a1a156e4: shutdown FollowerState
2019-10-04 09:14:27,944 [Thread-2390] INFO  impl.RaftServerImpl (RaftServerImpl.java:setRole(170)) - 511a6597-7d94-4d70-9de2-3e23a1a156e4@group-BC9C1E706EC7: changes role from  FOLLOWER to CANDIDATE at term 0 for changeToCandidate
2019-10-04 09:14:27,944 [Thread-2390] INFO  impl.RoleInfo (RoleInfo.java:updateAndGet(143)) - 511a6597-7d94-4d70-9de2-3e23a1a156e4: start LeaderElection
2019-10-04 09:14:27,964 [511a6597-7d94-4d70-9de2-3e23a1a156e4@group-BC9C1E706EC7-LeaderElection76] INFO  impl.LeaderElection (LeaderElection.java:askForVotes(178)) - 511a6597-7d94-4d70-9de2-3e23a1a156e4@group-BC9C1E706EC7-LeaderElection76: begin an election at term 1 for -1: [511a6597-7d94-4d70-9de2-3e23a1a156e4:192.168.151.111:43682], old=null
2019-10-04 09:14:27,964 [511a6597-7d94-4d70-9de2-3e23a1a156e4@group-BC9C1E706EC7-LeaderElection76] INFO  impl.RoleInfo (RoleInfo.java:shutdownLeaderElection(134)) - 511a6597-7d94-4d70-9de2-3e23a1a156e4: shutdown LeaderElection
2019-10-04 09:14:27,964 [511a6597-7d94-4d70-9de2-3e23a1a156e4@group-BC9C1E706EC7-LeaderElection76] INFO  impl.RaftServerImpl (RaftServerImpl.java:setRole(170)) - 511a6597-7d94-4d70-9de2-3e23a1a156e4@group-BC9C1E706EC7: changes role from CANDIDATE to LEADER at term 1 for changeToLeader
2019-10-04 09:14:27,964 [511a6597-7d94-4d70-9de2-3e23a1a156e4@group-BC9C1E706EC7-LeaderElection76] INFO  impl.RaftServerImpl (ServerState.java:setLeader(255)) - 511a6597-7d94-4d70-9de2-3e23a1a156e4@group-BC9C1E706EC7: change Leader from null to 511a6597-7d94-4d70-9de2-3e23a1a156e4 at term 1 for becomeLeader, leader elected after 5095ms
2019-10-04 09:14:27,965 [511a6597-7d94-4d70-9de2-3e23a1a156e4@group-BC9C1E706EC7-LeaderElection76] INFO  server.RaftServerConfigKeys (ConfUtils.java:logGet(43)) - raft.server.staging.catchup.gap = 1000 (default)
2019-10-04 09:14:27,965 [511a6597-7d94-4d70-9de2-3e23a1a156e4@group-BC9C1E706EC7-LeaderElection76] INFO  server.RaftServerConfigKeys (ConfUtils.java:logGet(43)) - raft.server.rpc.sleep.time = 25ms (default)
2019-10-04 09:14:27,965 [511a6597-7d94-4d70-9de2-3e23a1a156e4@group-BC9C1E706EC7-LeaderElection76] INFO  server.RaftServerConfigKeys (ConfUtils.java:logGet(43)) - raft.server.write.element-limit = 4096 (default)
2019-10-04 09:14:27,965 [511a6597-7d94-4d70-9de2-3e23a1a156e4@group-BC9C1E706EC7-LeaderElection76] INFO  server.RaftServerConfigKeys (ConfUtils.java:logGet(43)) - raft.server.watch.timeout = 10s (default)
2019-10-04 09:14:27,965 [511a6597-7d94-4d70-9de2-3e23a1a156e4@group-BC9C1E706EC7-LeaderElection76] INFO  server.RaftServerConfigKeys (ConfUtils.java:logGet(43)) - raft.server.watch.timeout.denomination = 1s (default)
2019-10-04 09:14:27,965 [511a6597-7d94-4d70-9de2-3e23a1a156e4@group-BC9C1E706EC7-LeaderElection76] INFO  server.RaftServerConfigKeys (ConfUtils.java:logGet(43)) - raft.server.watch.element-limit = 65536 (default)
2019-10-04 09:14:27,968 [511a6597-7d94-4d70-9de2-3e23a1a156e4@group-BC9C1E706EC7-LeaderElection76] INFO  impl.RoleInfo (RoleInfo.java:updateAndGet(143)) - 511a6597-7d94-4d70-9de2-3e23a1a156e4: start LeaderState
2019-10-04 09:14:27,968 [511a6597-7d94-4d70-9de2-3e23a1a156e4@group-BC9C1E706EC7-LeaderElection76] INFO  segmented.SegmentedRaftLogWorker (SegmentedRaftLogWorker.java:startLogSegment(385)) - 511a6597-7d94-4d70-9de2-3e23a1a156e4@group-BC9C1E706EC7-SegmentedRaftLogWorker: Starting segment from index:0
2019-10-04 09:14:27,968 [511a6597-7d94-4d70-9de2-3e23a1a156e4@group-BC9C1E706EC7-LeaderElection76] INFO  impl.RaftServerImpl (ServerState.java:setRaftConf(356)) - 511a6597-7d94-4d70-9de2-3e23a1a156e4@group-BC9C1E706EC7: set configuration 0: [511a6597-7d94-4d70-9de2-3e23a1a156e4:192.168.151.111:43682], old=null at 0
2019-10-04 09:14:27,987 [Thread-2401] INFO  impl.FollowerState (FollowerState.java:run(108)) - 511a6597-7d94-4d70-9de2-3e23a1a156e4@group-4C7AC32AF2DE-FollowerState: change to CANDIDATE, lastRpcTime:5004ms, electionTimeout:5004ms
2019-10-04 09:14:27,987 [Thread-2401] INFO  impl.RoleInfo (RoleInfo.java:shutdownFollowerState(121)) - 511a6597-7d94-4d70-9de2-3e23a1a156e4: shutdown FollowerState
2019-10-04 09:14:27,988 [Thread-2401] INFO  impl.RaftServerImpl (RaftServerImpl.java:setRole(170)) - 511a6597-7d94-4d70-9de2-3e23a1a156e4@group-4C7AC32AF2DE: changes role from  FOLLOWER to CANDIDATE at term 0 for changeToCandidate
2019-10-04 09:14:27,988 [Thread-2401] INFO  impl.RoleInfo (RoleInfo.java:updateAndGet(143)) - 511a6597-7d94-4d70-9de2-3e23a1a156e4: start LeaderElection
2019-10-04 09:14:28,018 [511a6597-7d94-4d70-9de2-3e23a1a156e4@group-BC9C1E706EC7-SegmentedRaftLogWorker] INFO  segmented.SegmentedRaftLogWorker (SegmentedRaftLogWorker.java:execute(574)) - 511a6597-7d94-4d70-9de2-3e23a1a156e4@group-BC9C1E706EC7-SegmentedRaftLogWorker: created new log segment /workdir/hadoop-ozone/integration-test/target/test-dir/MiniOzoneClusterImpl-ea59070c-537f-4444-880e-4e22d9c91129/datanode-1/data/ratis/f7a6c61f-5147-4e41-8d85-bc9c1e706ec7/current/log_inprogress_0
2019-10-04 09:14:28,018 [511a6597-7d94-4d70-9de2-3e23a1a156e4@group-4C7AC32AF2DE-LeaderElection77] INFO  impl.LeaderElection (LeaderElection.java:askForVotes(178)) - 511a6597-7d94-4d70-9de2-3e23a1a156e4@group-4C7AC32AF2DE-LeaderElection77: begin an election at term 1 for -1: [341c6ded-f6fe-48bf-88f1-9323bbf2345b:192.168.151.111:38972, 0e119f59-67cf-40f1-927d-53b2173096f2:192.168.151.111:44577, 511a6597-7d94-4d70-9de2-3e23a1a156e4:192.168.151.111:43682], old=null
2019-10-04 09:14:28,020 [Thread-2399] INFO  impl.FollowerState (FollowerState.java:run(108)) - 341c6ded-f6fe-48bf-88f1-9323bbf2345b@group-4C7AC32AF2DE-FollowerState: change to CANDIDATE, lastRpcTime:5038ms, electionTimeout:5038ms
2019-10-04 09:14:28,020 [Thread-2399] INFO  impl.RoleInfo (RoleInfo.java:shutdownFollowerState(121)) - 341c6ded-f6fe-48bf-88f1-9323bbf2345b: shutdown FollowerState
2019-10-04 09:14:28,021 [Thread-2399] INFO  impl.RaftServerImpl (RaftServerImpl.java:setRole(170)) - 341c6ded-f6fe-48bf-88f1-9323bbf2345b@group-4C7AC32AF2DE: changes role from  FOLLOWER to CANDIDATE at term 0 for changeToCandidate
2019-10-04 09:14:28,021 [Thread-2399] INFO  impl.RoleInfo (RoleInfo.java:updateAndGet(143)) - 341c6ded-f6fe-48bf-88f1-9323bbf2345b: start LeaderElection
2019-10-04 09:14:28,033 [341c6ded-f6fe-48bf-88f1-9323bbf2345b@group-4C7AC32AF2DE-LeaderElection78] INFO  impl.LeaderElection (LeaderElection.java:askForVotes(178)) - 341c6ded-f6fe-48bf-88f1-9323bbf2345b@group-4C7AC32AF2DE-LeaderElection78: begin an election at term 1 for -1: [341c6ded-f6fe-48bf-88f1-9323bbf2345b:192.168.151.111:38972, 0e119f59-67cf-40f1-927d-53b2173096f2:192.168.151.111:44577, 511a6597-7d94-4d70-9de2-3e23a1a156e4:192.168.151.111:43682], old=null
2019-10-04 09:14:28,036 [grpc-default-executor-8] INFO  impl.RaftServerImpl (RaftServerImpl.java:setRole(170)) - 0e119f59-67cf-40f1-927d-53b2173096f2@group-4C7AC32AF2DE: changes role from  FOLLOWER to FOLLOWER at term 1 for recognizeCandidate:511a6597-7d94-4d70-9de2-3e23a1a156e4
2019-10-04 09:14:28,036 [grpc-default-executor-8] INFO  impl.RoleInfo (RoleInfo.java:shutdownFollowerState(121)) - 0e119f59-67cf-40f1-927d-53b2173096f2: shutdown FollowerState
2019-10-04 09:14:28,037 [grpc-default-executor-8] INFO  impl.RoleInfo (RoleInfo.java:updateAndGet(143)) - 0e119f59-67cf-40f1-927d-53b2173096f2: start FollowerState
2019-10-04 09:14:28,037 [Thread-2396] INFO  impl.FollowerState (FollowerState.java:run(117)) - 0e119f59-67cf-40f1-927d-53b2173096f2@group-4C7AC32AF2DE-FollowerState was interrupted: java.lang.InterruptedException: sleep interrupted
2019-10-04 09:14:28,056 [511a6597-7d94-4d70-9de2-3e23a1a156e4@group-4C7AC32AF2DE-LeaderElection77] INFO  impl.LeaderElection (LeaderElection.java:logAndReturn(56)) - 511a6597-7d94-4d70-9de2-3e23a1a156e4@group-4C7AC32AF2DE-LeaderElection77: Election PASSED; received 2 response(s) [511a6597-7d94-4d70-9de2-3e23a1a156e4<-341c6ded-f6fe-48bf-88f1-9323bbf2345b#0:FAIL-t1, 511a6597-7d94-4d70-9de2-3e23a1a156e4<-0e119f59-67cf-40f1-927d-53b2173096f2#0:OK-t1] and 0 exception(s); 511a6597-7d94-4d70-9de2-3e23a1a156e4@group-4C7AC32AF2DE:t1, leader=null, voted=511a6597-7d94-4d70-9de2-3e23a1a156e4, raftlog=511a6597-7d94-4d70-9de2-3e23a1a156e4@group-4C7AC32AF2DE-SegmentedRaftLog:OPENED:c-1,f-1,i0, conf=-1: [341c6ded-f6fe-48bf-88f1-9323bbf2345b:192.168.151.111:38972, 0e119f59-67cf-40f1-927d-53b2173096f2:192.168.151.111:44577, 511a6597-7d94-4d70-9de2-3e23a1a156e4:192.168.151.111:43682], old=null
2019-10-04 09:14:28,056 [341c6ded-f6fe-48bf-88f1-9323bbf2345b@group-4C7AC32AF2DE-LeaderElection78] INFO  impl.LeaderElection (LeaderElection.java:logAndReturn(56)) - 341c6ded-f6fe-48bf-88f1-9323bbf2345b@group-4C7AC32AF2DE-LeaderElection78: Election REJECTED; received 2 response(s) [341c6ded-f6fe-48bf-88f1-9323bbf2345b<-0e119f59-67cf-40f1-927d-53b2173096f2#0:FAIL-t1, 341c6ded-f6fe-48bf-88f1-9323bbf2345b<-511a6597-7d94-4d70-9de2-3e23a1a156e4#0:FAIL-t1] and 0 exception(s); 341c6ded-f6fe-48bf-88f1-9323bbf2345b@group-4C7AC32AF2DE:t1, leader=null, voted=341c6ded-f6fe-48bf-88f1-9323bbf2345b, raftlog=341c6ded-f6fe-48bf-88f1-9323bbf2345b@group-4C7AC32AF2DE-SegmentedRaftLog:OPENED:c-1,f-1,i0, conf=-1: [341c6ded-f6fe-48bf-88f1-9323bbf2345b:192.168.151.111:38972, 0e119f59-67cf-40f1-927d-53b2173096f2:192.168.151.111:44577, 511a6597-7d94-4d70-9de2-3e23a1a156e4:192.168.151.111:43682], old=null
2019-10-04 09:14:28,057 [511a6597-7d94-4d70-9de2-3e23a1a156e4@group-4C7AC32AF2DE-LeaderElection77] INFO  impl.RoleInfo (RoleInfo.java:shutdownLeaderElection(134)) - 511a6597-7d94-4d70-9de2-3e23a1a156e4: shutdown LeaderElection
2019-10-04 09:14:28,061 [341c6ded-f6fe-48bf-88f1-9323bbf2345b@group-4C7AC32AF2DE-LeaderElection78] INFO  impl.RaftServerImpl (RaftServerImpl.java:setRole(170)) - 341c6ded-f6fe-48bf-88f1-9323bbf2345b@group-4C7AC32AF2DE: changes role from CANDIDATE to FOLLOWER at term 1 for DISCOVERED_A_NEW_TERM
2019-10-04 09:14:28,067 [511a6597-7d94-4d70-9de2-3e23a1a156e4@group-4C7AC32AF2DE-LeaderElection77] INFO  impl.RaftServerImpl (RaftServerImpl.java:setRole(170)) - 511a6597-7d94-4d70-9de2-3e23a1a156e4@group-4C7AC32AF2DE: changes role from CANDIDATE to LEADER at term 1 for changeToLeader
2019-10-04 09:14:28,067 [341c6ded-f6fe-48bf-88f1-9323bbf2345b@group-4C7AC32AF2DE-LeaderElection78] INFO  impl.RoleInfo (RoleInfo.java:shutdownLeaderElection(134)) - 341c6ded-f6fe-48bf-88f1-9323bbf2345b: shutdown LeaderElection
2019-10-04 09:14:28,067 [511a6597-7d94-4d70-9de2-3e23a1a156e4@group-4C7AC32AF2DE-LeaderElection77] INFO  impl.RaftServerImpl (ServerState.java:setLeader(255)) - 511a6597-7d94-4d70-9de2-3e23a1a156e4@group-4C7AC32AF2DE: change Leader from null to 511a6597-7d94-4d70-9de2-3e23a1a156e4 at term 1 for becomeLeader, leader elected after 5097ms
2019-10-04 09:14:28,067 [341c6ded-f6fe-48bf-88f1-9323bbf2345b@group-4C7AC32AF2DE-LeaderElection78] INFO  impl.RoleInfo (RoleInfo.java:updateAndGet(143)) - 341c6ded-f6fe-48bf-88f1-9323bbf2345b: start FollowerState
2019-10-04 09:14:28,067 [511a6597-7d94-4d70-9de2-3e23a1a156e4@group-4C7AC32AF2DE-LeaderElection77] INFO  server.RaftServerConfigKeys (ConfUtils.java:logGet(43)) - raft.server.staging.catchup.gap = 1000 (default)
2019-10-04 09:14:28,068 [511a6597-7d94-4d70-9de2-3e23a1a156e4@group-4C7AC32AF2DE-LeaderElection77] INFO  server.RaftServerConfigKeys (ConfUtils.java:logGet(43)) - raft.server.rpc.sleep.time = 25ms (default)
2019-10-04 09:14:28,068 [511a6597-7d94-4d70-9de2-3e23a1a156e4@group-4C7AC32AF2DE-LeaderElection77] INFO  server.RaftServerConfigKeys (ConfUtils.java:logGet(43)) - raft.server.write.element-limit = 4096 (default)
2019-10-04 09:14:28,068 [511a6597-7d94-4d70-9de2-3e23a1a156e4@group-4C7AC32AF2DE-LeaderElection77] INFO  server.RaftServerConfigKeys (ConfUtils.java:logGet(43)) - raft.server.watch.timeout = 10s (default)
2019-10-04 09:14:28,068 [511a6597-7d94-4d70-9de2-3e23a1a156e4@group-4C7AC32AF2DE-LeaderElection77] INFO  server.RaftServerConfigKeys (ConfUtils.java:logGet(43)) - raft.server.watch.timeout.denomination = 1s (default)
2019-10-04 09:14:28,068 [511a6597-7d94-4d70-9de2-3e23a1a156e4@group-4C7AC32AF2DE-LeaderElection77] INFO  server.RaftServerConfigKeys (ConfUtils.java:logGet(43)) - raft.server.watch.element-limit = 65536 (default)
2019-10-04 09:14:28,070 [511a6597-7d94-4d70-9de2-3e23a1a156e4@group-4C7AC32AF2DE-LeaderElection77] INFO  server.RaftServerConfigKeys (ConfUtils.java:logGet(43)) - raft.server.log.appender.snapshot.chunk.size.max = 16MB (=16777216) (default)
2019-10-04 09:14:28,070 [511a6597-7d94-4d70-9de2-3e23a1a156e4@group-4C7AC32AF2DE-LeaderElection77] INFO  server.RaftServerConfigKeys (ConfUtils.java:logGet(43)) - raft.server.log.appender.buffer.byte-limit = 33554432 (custom)
2019-10-04 09:14:28,070 [511a6597-7d94-4d70-9de2-3e23a1a156e4@group-4C7AC32AF2DE-LeaderElection77] INFO  server.RaftServerConfigKeys (ConfUtils.java:logGet(43)) - raft.server.log.appender.buffer.element-limit = 1 (custom)
2019-10-04 09:14:28,070 [511a6597-7d94-4d70-9de2-3e23a1a156e4@group-4C7AC32AF2DE-LeaderElection77] INFO  grpc.GrpcConfigKeys$Server (ConfUtils.java:logGet(43)) - raft.grpc.server.leader.outstanding.appends.max = 128 (default)
2019-10-04 09:14:28,071 [511a6597-7d94-4d70-9de2-3e23a1a156e4@group-4C7AC32AF2DE-LeaderElection77] INFO  server.RaftServerConfigKeys (ConfUtils.java:logGet(43)) - raft.server.rpc.request.timeout = 3000ms (default)
2019-10-04 09:14:28,071 [511a6597-7d94-4d70-9de2-3e23a1a156e4@group-4C7AC32AF2DE-LeaderElection77] INFO  server.RaftServerConfigKeys (ConfUtils.java:logGet(43)) - raft.server.log.appender.install.snapshot.enabled = false (custom)
2019-10-04 09:14:28,071 [511a6597-7d94-4d70-9de2-3e23a1a156e4@group-4C7AC32AF2DE-LeaderElection77] INFO  server.RaftServerConfigKeys (ConfUtils.java:logGet(43)) - raft.server.log.appender.snapshot.chunk.size.max = 16MB (=16777216) (default)
2019-10-04 09:14:28,071 [511a6597-7d94-4d70-9de2-3e23a1a156e4@group-4C7AC32AF2DE-LeaderElection77] INFO  server.RaftServerConfigKeys (ConfUtils.java:logGet(43)) - raft.server.log.appender.buffer.byte-limit = 33554432 (custom)
2019-10-04 09:14:28,071 [511a6597-7d94-4d70-9de2-3e23a1a156e4@group-4C7AC32AF2DE-LeaderElection77] INFO  server.RaftServerConfigKeys (ConfUtils.java:logGet(43)) - raft.server.log.appender.buffer.element-limit = 1 (custom)
2019-10-04 09:14:28,071 [511a6597-7d94-4d70-9de2-3e23a1a156e4@group-4C7AC32AF2DE-LeaderElection77] INFO  grpc.GrpcConfigKeys$Server (ConfUtils.java:logGet(43)) - raft.grpc.server.leader.outstanding.appends.max = 128 (default)
2019-10-04 09:14:28,071 [511a6597-7d94-4d70-9de2-3e23a1a156e4@group-4C7AC32AF2DE-LeaderElection77] INFO  server.RaftServerConfigKeys (ConfUtils.java:logGet(43)) - raft.server.rpc.request.timeout = 3000ms (default)
2019-10-04 09:14:28,071 [511a6597-7d94-4d70-9de2-3e23a1a156e4@group-4C7AC32AF2DE-LeaderElection77] INFO  server.RaftServerConfigKeys (ConfUtils.java:logGet(43)) - raft.server.log.appender.install.snapshot.enabled = false (custom)
2019-10-04 09:14:28,072 [511a6597-7d94-4d70-9de2-3e23a1a156e4@group-4C7AC32AF2DE-LeaderElection77] INFO  impl.RoleInfo (RoleInfo.java:updateAndGet(143)) - 511a6597-7d94-4d70-9de2-3e23a1a156e4: start LeaderState
2019-10-04 09:14:28,072 [511a6597-7d94-4d70-9de2-3e23a1a156e4@group-4C7AC32AF2DE-LeaderElection77] INFO  segmented.SegmentedRaftLogWorker (SegmentedRaftLogWorker.java:startLogSegment(385)) - 511a6597-7d94-4d70-9de2-3e23a1a156e4@group-4C7AC32AF2DE-SegmentedRaftLogWorker: Starting segment from index:0
2019-10-04 09:14:28,072 [511a6597-7d94-4d70-9de2-3e23a1a156e4@group-4C7AC32AF2DE-LeaderElection77] INFO  impl.RaftServerImpl (ServerState.java:setRaftConf(356)) - 511a6597-7d94-4d70-9de2-3e23a1a156e4@group-4C7AC32AF2DE: set configuration 0: [341c6ded-f6fe-48bf-88f1-9323bbf2345b:192.168.151.111:38972, 0e119f59-67cf-40f1-927d-53b2173096f2:192.168.151.111:44577, 511a6597-7d94-4d70-9de2-3e23a1a156e4:192.168.151.111:43682], old=null at 0
2019-10-04 09:14:28,097 [Thread-2405] INFO  impl.FollowerState (FollowerState.java:run(108)) - 1eb030bf-751e-416f-b9fb-7a8ff43b58f1@group-98B7BAF4EBE7-FollowerState: change to CANDIDATE, lastRpcTime:5071ms, electionTimeout:5059ms
2019-10-04 09:14:28,097 [Thread-2393] INFO  impl.FollowerState (FollowerState.java:run(108)) - 0e119f59-67cf-40f1-927d-53b2173096f2@group-09EA76BDB1E1-FollowerState: change to CANDIDATE, lastRpcTime:5174ms, electionTimeout:5166ms
2019-10-04 09:14:28,098 [Thread-2405] INFO  impl.RoleInfo (RoleInfo.java:shutdownFollowerState(121)) - 1eb030bf-751e-416f-b9fb-7a8ff43b58f1: shutdown FollowerState
2019-10-04 09:14:28,098 [Thread-2393] INFO  impl.RoleInfo (RoleInfo.java:shutdownFollowerState(121)) - 0e119f59-67cf-40f1-927d-53b2173096f2: shutdown FollowerState
2019-10-04 09:14:28,098 [Thread-2405] INFO  impl.RaftServerImpl (RaftServerImpl.java:setRole(170)) - 1eb030bf-751e-416f-b9fb-7a8ff43b58f1@group-98B7BAF4EBE7: changes role from  FOLLOWER to CANDIDATE at term 0 for changeToCandidate
2019-10-04 09:14:28,098 [Thread-2393] INFO  impl.RaftServerImpl (RaftServerImpl.java:setRole(170)) - 0e119f59-67cf-40f1-927d-53b2173096f2@group-09EA76BDB1E1: changes role from  FOLLOWER to CANDIDATE at term 0 for changeToCandidate
2019-10-04 09:14:28,098 [Thread-2405] INFO  impl.RoleInfo (RoleInfo.java:updateAndGet(143)) - 1eb030bf-751e-416f-b9fb-7a8ff43b58f1: start LeaderElection
2019-10-04 09:14:28,098 [Thread-2393] INFO  impl.RoleInfo (RoleInfo.java:updateAndGet(143)) - 0e119f59-67cf-40f1-927d-53b2173096f2: start LeaderElection
2019-10-04 09:14:28,101 [grpc-default-executor-10] INFO  impl.RaftServerImpl (ServerState.java:setLeader(255)) - 341c6ded-f6fe-48bf-88f1-9323bbf2345b@group-4C7AC32AF2DE: change Leader from null to 511a6597-7d94-4d70-9de2-3e23a1a156e4 at term 1 for appendEntries, leader elected after 5129ms
2019-10-04 09:14:28,103 [grpc-default-executor-8] INFO  impl.RaftServerImpl (ServerState.java:setLeader(255)) - 0e119f59-67cf-40f1-927d-53b2173096f2@group-4C7AC32AF2DE: change Leader from null to 511a6597-7d94-4d70-9de2-3e23a1a156e4 at term 1 for appendEntries, leader elected after 5129ms
2019-10-04 09:14:28,110 [511a6597-7d94-4d70-9de2-3e23a1a156e4@group-4C7AC32AF2DE-SegmentedRaftLogWorker] INFO  segmented.SegmentedRaftLogWorker (SegmentedRaftLogWorker.java:execute(574)) - 511a6597-7d94-4d70-9de2-3e23a1a156e4@group-4C7AC32AF2DE-SegmentedRaftLogWorker: created new log segment /workdir/hadoop-ozone/integration-test/target/test-dir/MiniOzoneClusterImpl-ea59070c-537f-4444-880e-4e22d9c91129/datanode-1/data/ratis/b533e8bc-6f5a-464b-b6aa-4c7ac32af2de/current/log_inprogress_0
2019-10-04 09:14:28,111 [grpc-default-executor-10] INFO  impl.RaftServerImpl (ServerState.java:setRaftConf(356)) - 0e119f59-67cf-40f1-927d-53b2173096f2@group-4C7AC32AF2DE: set configuration 0: [341c6ded-f6fe-48bf-88f1-9323bbf2345b:192.168.151.111:38972, 0e119f59-67cf-40f1-927d-53b2173096f2:192.168.151.111:44577, 511a6597-7d94-4d70-9de2-3e23a1a156e4:192.168.151.111:43682], old=null at 0
2019-10-04 09:14:28,111 [grpc-default-executor-8] INFO  impl.RaftServerImpl (ServerState.java:setRaftConf(356)) - 341c6ded-f6fe-48bf-88f1-9323bbf2345b@group-4C7AC32AF2DE: set configuration 0: [341c6ded-f6fe-48bf-88f1-9323bbf2345b:192.168.151.111:38972, 0e119f59-67cf-40f1-927d-53b2173096f2:192.168.151.111:44577, 511a6597-7d94-4d70-9de2-3e23a1a156e4:192.168.151.111:43682], old=null at 0
2019-10-04 09:14:28,112 [grpc-default-executor-10] INFO  segmented.SegmentedRaftLogWorker (SegmentedRaftLogWorker.java:startLogSegment(385)) - 0e119f59-67cf-40f1-927d-53b2173096f2@group-4C7AC32AF2DE-SegmentedRaftLogWorker: Starting segment from index:0
2019-10-04 09:14:28,112 [grpc-default-executor-8] INFO  segmented.SegmentedRaftLogWorker (SegmentedRaftLogWorker.java:startLogSegment(385)) - 341c6ded-f6fe-48bf-88f1-9323bbf2345b@group-4C7AC32AF2DE-SegmentedRaftLogWorker: Starting segment from index:0
2019-10-04 09:14:28,124 [0e119f59-67cf-40f1-927d-53b2173096f2@group-09EA76BDB1E1-LeaderElection80] INFO  impl.LeaderElection (LeaderElection.java:askForVotes(178)) - 0e119f59-67cf-40f1-927d-53b2173096f2@group-09EA76BDB1E1-LeaderElection80: begin an election at term 1 for -1: [0e119f59-67cf-40f1-927d-53b2173096f2:192.168.151.111:44577], old=null
2019-10-04 09:14:28,124 [1eb030bf-751e-416f-b9fb-7a8ff43b58f1@group-98B7BAF4EBE7-LeaderElection79] INFO  impl.LeaderElection (LeaderElection.java:askForVotes(178)) - 1eb030bf-751e-416f-b9fb-7a8ff43b58f1@group-98B7BAF4EBE7-LeaderElection79: begin an election at term 1 for -1: [1eb030bf-751e-416f-b9fb-7a8ff43b58f1:192.168.151.111:38967], old=null
2019-10-04 09:14:28,124 [0e119f59-67cf-40f1-927d-53b2173096f2@group-09EA76BDB1E1-LeaderElection80] INFO  impl.RoleInfo (RoleInfo.java:shutdownLeaderElection(134)) - 0e119f59-67cf-40f1-927d-53b2173096f2: shutdown LeaderElection
2019-10-04 09:14:28,124 [1eb030bf-751e-416f-b9fb-7a8ff43b58f1@group-98B7BAF4EBE7-LeaderElection79] INFO  impl.RoleInfo (RoleInfo.java:shutdownLeaderElection(134)) - 1eb030bf-751e-416f-b9fb-7a8ff43b58f1: shutdown LeaderElection
2019-10-04 09:14:28,124 [0e119f59-67cf-40f1-927d-53b2173096f2@group-09EA76BDB1E1-LeaderElection80] INFO  impl.RaftServerImpl (RaftServerImpl.java:setRole(170)) - 0e119f59-67cf-40f1-927d-53b2173096f2@group-09EA76BDB1E1: changes role from CANDIDATE to LEADER at term 1 for changeToLeader
2019-10-04 09:14:28,125 [1eb030bf-751e-416f-b9fb-7a8ff43b58f1@group-98B7BAF4EBE7-LeaderElection79] INFO  impl.RaftServerImpl (RaftServerImpl.java:setRole(170)) - 1eb030bf-751e-416f-b9fb-7a8ff43b58f1@group-98B7BAF4EBE7: changes role from CANDIDATE to LEADER at term 1 for changeToLeader
2019-10-04 09:14:28,125 [0e119f59-67cf-40f1-927d-53b2173096f2@group-09EA76BDB1E1-LeaderElection80] INFO  impl.RaftServerImpl (ServerState.java:setLeader(255)) - 0e119f59-67cf-40f1-927d-53b2173096f2@group-09EA76BDB1E1: change Leader from null to 0e119f59-67cf-40f1-927d-53b2173096f2 at term 1 for becomeLeader, leader elected after 5209ms
2019-10-04 09:14:28,125 [1eb030bf-751e-416f-b9fb-7a8ff43b58f1@group-98B7BAF4EBE7-LeaderElection79] INFO  impl.RaftServerImpl (ServerState.java:setLeader(255)) - 1eb030bf-751e-416f-b9fb-7a8ff43b58f1@group-98B7BAF4EBE7: change Leader from null to 1eb030bf-751e-416f-b9fb-7a8ff43b58f1 at term 1 for becomeLeader, leader elected after 5103ms
2019-10-04 09:14:28,125 [0e119f59-67cf-40f1-927d-53b2173096f2@group-09EA76BDB1E1-LeaderElection80] INFO  server.RaftServerConfigKeys (ConfUtils.java:logGet(43)) - raft.server.staging.catchup.gap = 1000 (default)
2019-10-04 09:14:28,125 [1eb030bf-751e-416f-b9fb-7a8ff43b58f1@group-98B7BAF4EBE7-LeaderElection79] INFO  server.RaftServerConfigKeys (ConfUtils.java:logGet(43)) - raft.server.staging.catchup.gap = 1000 (default)
2019-10-04 09:14:28,125 [0e119f59-67cf-40f1-927d-53b2173096f2@group-09EA76BDB1E1-LeaderElection80] INFO  server.RaftServerConfigKeys (ConfUtils.java:logGet(43)) - raft.server.rpc.sleep.time = 25ms (default)
2019-10-04 09:14:28,125 [1eb030bf-751e-416f-b9fb-7a8ff43b58f1@group-98B7BAF4EBE7-LeaderElection79] INFO  server.RaftServerConfigKeys (ConfUtils.java:logGet(43)) - raft.server.rpc.sleep.time = 25ms (default)
2019-10-04 09:14:28,125 [0e119f59-67cf-40f1-927d-53b2173096f2@group-09EA76BDB1E1-LeaderElection80] INFO  server.RaftServerConfigKeys (ConfUtils.java:logGet(43)) - raft.server.write.element-limit = 4096 (default)
2019-10-04 09:14:28,125 [1eb030bf-751e-416f-b9fb-7a8ff43b58f1@group-98B7BAF4EBE7-LeaderElection79] INFO  server.RaftServerConfigKeys (ConfUtils.java:logGet(43)) - raft.server.write.element-limit = 4096 (default)
2019-10-04 09:14:28,126 [0e119f59-67cf-40f1-927d-53b2173096f2@group-09EA76BDB1E1-LeaderElection80] INFO  server.RaftServerConfigKeys (ConfUtils.java:logGet(43)) - raft.server.watch.timeout = 10s (default)
2019-10-04 09:14:28,126 [1eb030bf-751e-416f-b9fb-7a8ff43b58f1@group-98B7BAF4EBE7-LeaderElection79] INFO  server.RaftServerConfigKeys (ConfUtils.java:logGet(43)) - raft.server.watch.timeout = 10s (default)
2019-10-04 09:14:28,126 [0e119f59-67cf-40f1-927d-53b2173096f2@group-09EA76BDB1E1-LeaderElection80] INFO  server.RaftServerConfigKeys (ConfUtils.java:logGet(43)) - raft.server.watch.timeout.denomination = 1s (default)
2019-10-04 09:14:28,126 [1eb030bf-751e-416f-b9fb-7a8ff43b58f1@group-98B7BAF4EBE7-LeaderElection79] INFO  server.RaftServerConfigKeys (ConfUtils.java:logGet(43)) - raft.server.watch.timeout.denomination = 1s (default)
2019-10-04 09:14:28,126 [0e119f59-67cf-40f1-927d-53b2173096f2@group-09EA76BDB1E1-LeaderElection80] INFO  server.RaftServerConfigKeys (ConfUtils.java:logGet(43)) - raft.server.watch.element-limit = 65536 (default)
2019-10-04 09:14:28,126 [1eb030bf-751e-416f-b9fb-7a8ff43b58f1@group-98B7BAF4EBE7-LeaderElection79] INFO  server.RaftServerConfigKeys (ConfUtils.java:logGet(43)) - raft.server.watch.element-limit = 65536 (default)
2019-10-04 09:14:28,129 [0e119f59-67cf-40f1-927d-53b2173096f2@group-09EA76BDB1E1-LeaderElection80] INFO  impl.RoleInfo (RoleInfo.java:updateAndGet(143)) - 0e119f59-67cf-40f1-927d-53b2173096f2: start LeaderState
2019-10-04 09:14:28,129 [1eb030bf-751e-416f-b9fb-7a8ff43b58f1@group-98B7BAF4EBE7-LeaderElection79] INFO  impl.RoleInfo (RoleInfo.java:updateAndGet(143)) - 1eb030bf-751e-416f-b9fb-7a8ff43b58f1: start LeaderState
2019-10-04 09:14:28,129 [0e119f59-67cf-40f1-927d-53b2173096f2@group-09EA76BDB1E1-LeaderElection80] INFO  segmented.SegmentedRaftLogWorker (SegmentedRaftLogWorker.java:startLogSegment(385)) - 0e119f59-67cf-40f1-927d-53b2173096f2@group-09EA76BDB1E1-SegmentedRaftLogWorker: Starting segment from index:0
2019-10-04 09:14:28,129 [1eb030bf-751e-416f-b9fb-7a8ff43b58f1@group-98B7BAF4EBE7-LeaderElection79] INFO  segmented.SegmentedRaftLogWorker (SegmentedRaftLogWorker.java:startLogSegment(385)) - 1eb030bf-751e-416f-b9fb-7a8ff43b58f1@group-98B7BAF4EBE7-SegmentedRaftLogWorker: Starting segment from index:0
2019-10-04 09:14:28,129 [0e119f59-67cf-40f1-927d-53b2173096f2@group-09EA76BDB1E1-LeaderElection80] INFO  impl.RaftServerImpl (ServerState.java:setRaftConf(356)) - 0e119f59-67cf-40f1-927d-53b2173096f2@group-09EA76BDB1E1: set configuration 0: [0e119f59-67cf-40f1-927d-53b2173096f2:192.168.151.111:44577], old=null at 0
2019-10-04 09:14:28,129 [1eb030bf-751e-416f-b9fb-7a8ff43b58f1@group-98B7BAF4EBE7-LeaderElection79] INFO  impl.RaftServerImpl (ServerState.java:setRaftConf(356)) - 1eb030bf-751e-416f-b9fb-7a8ff43b58f1@group-98B7BAF4EBE7: set configuration 0: [1eb030bf-751e-416f-b9fb-7a8ff43b58f1:192.168.151.111:38967], old=null at 0
2019-10-04 09:14:28,140 [Thread-2408] INFO  impl.FollowerState (FollowerState.java:run(108)) - 4d059f59-02bc-40ba-9d88-cbf664f88c46@group-BA4F898B1377-FollowerState: change to CANDIDATE, lastRpcTime:5070ms, electionTimeout:5070ms
2019-10-04 09:14:28,140 [Thread-2408] INFO  impl.RoleInfo (RoleInfo.java:shutdownFollowerState(121)) - 4d059f59-02bc-40ba-9d88-cbf664f88c46: shutdown FollowerState
2019-10-04 09:14:28,140 [Thread-2408] INFO  impl.RaftServerImpl (RaftServerImpl.java:setRole(170)) - 4d059f59-02bc-40ba-9d88-cbf664f88c46@group-BA4F898B1377: changes role from  FOLLOWER to CANDIDATE at term 0 for changeToCandidate
2019-10-04 09:14:28,140 [Thread-2408] INFO  impl.RoleInfo (RoleInfo.java:updateAndGet(143)) - 4d059f59-02bc-40ba-9d88-cbf664f88c46: start LeaderElection
2019-10-04 09:14:28,191 [0e119f59-67cf-40f1-927d-53b2173096f2@group-09EA76BDB1E1-SegmentedRaftLogWorker] INFO  segmented.SegmentedRaftLogWorker (SegmentedRaftLogWorker.java:execute(574)) - 0e119f59-67cf-40f1-927d-53b2173096f2@group-09EA76BDB1E1-SegmentedRaftLogWorker: created new log segment /workdir/hadoop-ozone/integration-test/target/test-dir/MiniOzoneClusterImpl-ea59070c-537f-4444-880e-4e22d9c91129/datanode-2/data/ratis/fb875090-8495-4828-ad0d-09ea76bdb1e1/current/log_inprogress_0
2019-10-04 09:14:28,191 [1eb030bf-751e-416f-b9fb-7a8ff43b58f1@group-98B7BAF4EBE7-SegmentedRaftLogWorker] INFO  segmented.SegmentedRaftLogWorker (SegmentedRaftLogWorker.java:execute(574)) - 1eb030bf-751e-416f-b9fb-7a8ff43b58f1@group-98B7BAF4EBE7-SegmentedRaftLogWorker: created new log segment /workdir/hadoop-ozone/integration-test/target/test-dir/MiniOzoneClusterImpl-ea59070c-537f-4444-880e-4e22d9c91129/datanode-3/data/ratis/c0ebfc28-ec91-4225-820c-98b7baf4ebe7/current/log_inprogress_0
2019-10-04 09:14:28,191 [4d059f59-02bc-40ba-9d88-cbf664f88c46@group-BA4F898B1377-LeaderElection81] INFO  impl.LeaderElection (LeaderElection.java:askForVotes(178)) - 4d059f59-02bc-40ba-9d88-cbf664f88c46@group-BA4F898B1377-LeaderElection81: begin an election at term 1 for -1: [4d059f59-02bc-40ba-9d88-cbf664f88c46:192.168.151.111:45396], old=null
2019-10-04 09:14:28,191 [0e119f59-67cf-40f1-927d-53b2173096f2@group-4C7AC32AF2DE-SegmentedRaftLogWorker] INFO  segmented.SegmentedRaftLogWorker (SegmentedRaftLogWorker.java:execute(574)) - 0e119f59-67cf-40f1-927d-53b2173096f2@group-4C7AC32AF2DE-SegmentedRaftLogWorker: created new log segment /workdir/hadoop-ozone/integration-test/target/test-dir/MiniOzoneClusterImpl-ea59070c-537f-4444-880e-4e22d9c91129/datanode-2/data/ratis/b533e8bc-6f5a-464b-b6aa-4c7ac32af2de/current/log_inprogress_0
2019-10-04 09:14:28,191 [341c6ded-f6fe-48bf-88f1-9323bbf2345b@group-4C7AC32AF2DE-SegmentedRaftLogWorker] INFO  segmented.SegmentedRaftLogWorker (SegmentedRaftLogWorker.java:execute(574)) - 341c6ded-f6fe-48bf-88f1-9323bbf2345b@group-4C7AC32AF2DE-SegmentedRaftLogWorker: created new log segment /workdir/hadoop-ozone/integration-test/target/test-dir/MiniOzoneClusterImpl-ea59070c-537f-4444-880e-4e22d9c91129/datanode-0/data/ratis/b533e8bc-6f5a-464b-b6aa-4c7ac32af2de/current/log_inprogress_0
2019-10-04 09:14:28,192 [4d059f59-02bc-40ba-9d88-cbf664f88c46@group-BA4F898B1377-LeaderElection81] INFO  impl.RoleInfo (RoleInfo.java:shutdownLeaderElection(134)) - 4d059f59-02bc-40ba-9d88-cbf664f88c46: shutdown LeaderElection
2019-10-04 09:14:28,192 [4d059f59-02bc-40ba-9d88-cbf664f88c46@group-BA4F898B1377-LeaderElection81] INFO  impl.RaftServerImpl (RaftServerImpl.java:setRole(170)) - 4d059f59-02bc-40ba-9d88-cbf664f88c46@group-BA4F898B1377: changes role from CANDIDATE to LEADER at term 1 for changeToLeader
2019-10-04 09:14:28,192 [4d059f59-02bc-40ba-9d88-cbf664f88c46@group-BA4F898B1377-LeaderElection81] INFO  impl.RaftServerImpl (ServerState.java:setLeader(255)) - 4d059f59-02bc-40ba-9d88-cbf664f88c46@group-BA4F898B1377: change Leader from null to 4d059f59-02bc-40ba-9d88-cbf664f88c46 at term 1 for becomeLeader, leader elected after 5127ms
2019-10-04 09:14:28,192 [4d059f59-02bc-40ba-9d88-cbf664f88c46@group-BA4F898B1377-LeaderElection81] INFO  server.RaftServerConfigKeys (ConfUtils.java:logGet(43)) - raft.server.staging.catchup.gap = 1000 (default)
2019-10-04 09:14:28,193 [4d059f59-02bc-40ba-9d88-cbf664f88c46@group-BA4F898B1377-LeaderElection81] INFO  server.RaftServerConfigKeys (ConfUtils.java:logGet(43)) - raft.server.rpc.sleep.time = 25ms (default)
2019-10-04 09:14:28,193 [4d059f59-02bc-40ba-9d88-cbf664f88c46@group-BA4F898B1377-LeaderElection81] INFO  server.RaftServerConfigKeys (ConfUtils.java:logGet(43)) - raft.server.write.element-limit = 4096 (default)
2019-10-04 09:14:28,193 [4d059f59-02bc-40ba-9d88-cbf664f88c46@group-BA4F898B1377-LeaderElection81] INFO  server.RaftServerConfigKeys (ConfUtils.java:logGet(43)) - raft.server.watch.timeout = 10s (default)
2019-10-04 09:14:28,193 [4d059f59-02bc-40ba-9d88-cbf664f88c46@group-BA4F898B1377-LeaderElection81] INFO  server.RaftServerConfigKeys (ConfUtils.java:logGet(43)) - raft.server.watch.timeout.denomination = 1s (default)
2019-10-04 09:14:28,193 [4d059f59-02bc-40ba-9d88-cbf664f88c46@group-BA4F898B1377-LeaderElection81] INFO  server.RaftServerConfigKeys (ConfUtils.java:logGet(43)) - raft.server.watch.element-limit = 65536 (default)
2019-10-04 09:14:28,195 [4d059f59-02bc-40ba-9d88-cbf664f88c46@group-BA4F898B1377-LeaderElection81] INFO  impl.RoleInfo (RoleInfo.java:updateAndGet(143)) - 4d059f59-02bc-40ba-9d88-cbf664f88c46: start LeaderState
2019-10-04 09:14:28,195 [4d059f59-02bc-40ba-9d88-cbf664f88c46@group-BA4F898B1377-LeaderElection81] INFO  segmented.SegmentedRaftLogWorker (SegmentedRaftLogWorker.java:startLogSegment(385)) - 4d059f59-02bc-40ba-9d88-cbf664f88c46@group-BA4F898B1377-SegmentedRaftLogWorker: Starting segment from index:0
2019-10-04 09:14:28,195 [4d059f59-02bc-40ba-9d88-cbf664f88c46@group-BA4F898B1377-LeaderElection81] INFO  impl.RaftServerImpl (ServerState.java:setRaftConf(356)) - 4d059f59-02bc-40ba-9d88-cbf664f88c46@group-BA4F898B1377: set configuration 0: [4d059f59-02bc-40ba-9d88-cbf664f88c46:192.168.151.111:45396], old=null at 0
2019-10-04 09:14:28,204 [Thread-2419] INFO  impl.FollowerState (FollowerState.java:run(108)) - 4d059f59-02bc-40ba-9d88-cbf664f88c46@group-5CC93B218C2B-FollowerState: change to CANDIDATE, lastRpcTime:5004ms, electionTimeout:5004ms
2019-10-04 09:14:28,205 [Thread-2419] INFO  impl.RoleInfo (RoleInfo.java:shutdownFollowerState(121)) - 4d059f59-02bc-40ba-9d88-cbf664f88c46: shutdown FollowerState
2019-10-04 09:14:28,205 [Thread-2419] INFO  impl.RaftServerImpl (RaftServerImpl.java:setRole(170)) - 4d059f59-02bc-40ba-9d88-cbf664f88c46@group-5CC93B218C2B: changes role from  FOLLOWER to CANDIDATE at term 0 for changeToCandidate
2019-10-04 09:14:28,205 [Thread-2419] INFO  impl.RoleInfo (RoleInfo.java:updateAndGet(143)) - 4d059f59-02bc-40ba-9d88-cbf664f88c46: start LeaderElection
2019-10-04 09:14:28,246 [4d059f59-02bc-40ba-9d88-cbf664f88c46@group-BA4F898B1377-SegmentedRaftLogWorker] INFO  segmented.SegmentedRaftLogWorker (SegmentedRaftLogWorker.java:execute(574)) - 4d059f59-02bc-40ba-9d88-cbf664f88c46@group-BA4F898B1377-SegmentedRaftLogWorker: created new log segment /workdir/hadoop-ozone/integration-test/target/test-dir/MiniOzoneClusterImpl-ea59070c-537f-4444-880e-4e22d9c91129/datanode-4/data/ratis/e5b74eb8-6b23-4d53-89b4-ba4f898b1377/current/log_inprogress_0
2019-10-04 09:14:28,246 [4d059f59-02bc-40ba-9d88-cbf664f88c46@group-5CC93B218C2B-LeaderElection82] INFO  impl.LeaderElection (LeaderElection.java:askForVotes(178)) - 4d059f59-02bc-40ba-9d88-cbf664f88c46@group-5CC93B218C2B-LeaderElection82: begin an election at term 1 for -1: [4d059f59-02bc-40ba-9d88-cbf664f88c46:192.168.151.111:45396, 1eb030bf-751e-416f-b9fb-7a8ff43b58f1:192.168.151.111:38967, 0378a5da-7116-4b86-8368-147da2f8ca9d:192.168.151.111:36134], old=null
2019-10-04 09:14:28,246 [Thread-2411] INFO  impl.FollowerState (FollowerState.java:run(108)) - 0378a5da-7116-4b86-8368-147da2f8ca9d@group-F16C7ED96921-FollowerState: change to CANDIDATE, lastRpcTime:5121ms, electionTimeout:5121ms
2019-10-04 09:14:28,246 [Thread-2411] INFO  impl.RoleInfo (RoleInfo.java:shutdownFollowerState(121)) - 0378a5da-7116-4b86-8368-147da2f8ca9d: shutdown FollowerState
2019-10-04 09:14:28,246 [Thread-2411] INFO  impl.RaftServerImpl (RaftServerImpl.java:setRole(170)) - 0378a5da-7116-4b86-8368-147da2f8ca9d@group-F16C7ED96921: changes role from  FOLLOWER to CANDIDATE at term 0 for changeToCandidate
2019-10-04 09:14:28,246 [Thread-2411] INFO  impl.RoleInfo (RoleInfo.java:updateAndGet(143)) - 0378a5da-7116-4b86-8368-147da2f8ca9d: start LeaderElection
2019-10-04 09:14:28,260 [grpc-default-executor-10] INFO  impl.RaftServerImpl (RaftServerImpl.java:setRole(170)) - 1eb030bf-751e-416f-b9fb-7a8ff43b58f1@group-5CC93B218C2B: changes role from  FOLLOWER to FOLLOWER at term 1 for recognizeCandidate:4d059f59-02bc-40ba-9d88-cbf664f88c46
2019-10-04 09:14:28,263 [0378a5da-7116-4b86-8368-147da2f8ca9d@group-F16C7ED96921-LeaderElection83] INFO  impl.LeaderElection (LeaderElection.java:askForVotes(178)) - 0378a5da-7116-4b86-8368-147da2f8ca9d@group-F16C7ED96921-LeaderElection83: begin an election at term 1 for -1: [0378a5da-7116-4b86-8368-147da2f8ca9d:192.168.151.111:36134], old=null
2019-10-04 09:14:28,263 [grpc-default-executor-10] INFO  impl.RoleInfo (RoleInfo.java:shutdownFollowerState(121)) - 1eb030bf-751e-416f-b9fb-7a8ff43b58f1: shutdown FollowerState
2019-10-04 09:14:28,262 [grpc-default-executor-8] INFO  impl.RaftServerImpl (RaftServerImpl.java:setRole(170)) - 0378a5da-7116-4b86-8368-147da2f8ca9d@group-5CC93B218C2B: changes role from  FOLLOWER to FOLLOWER at term 1 for recognizeCandidate:4d059f59-02bc-40ba-9d88-cbf664f88c46
2019-10-04 09:14:28,263 [grpc-default-executor-10] INFO  impl.RoleInfo (RoleInfo.java:updateAndGet(143)) - 1eb030bf-751e-416f-b9fb-7a8ff43b58f1: start FollowerState
2019-10-04 09:14:28,263 [0378a5da-7116-4b86-8368-147da2f8ca9d@group-F16C7ED96921-LeaderElection83] INFO  impl.RoleInfo (RoleInfo.java:shutdownLeaderElection(134)) - 0378a5da-7116-4b86-8368-147da2f8ca9d: shutdown LeaderElection
2019-10-04 09:14:28,263 [Thread-2418] INFO  impl.FollowerState (FollowerState.java:run(117)) - 1eb030bf-751e-416f-b9fb-7a8ff43b58f1@group-5CC93B218C2B-FollowerState was interrupted: java.lang.InterruptedException: sleep interrupted
2019-10-04 09:14:28,263 [grpc-default-executor-8] INFO  impl.RoleInfo (RoleInfo.java:shutdownFollowerState(121)) - 0378a5da-7116-4b86-8368-147da2f8ca9d: shutdown FollowerState
2019-10-04 09:14:28,264 [0378a5da-7116-4b86-8368-147da2f8ca9d@group-F16C7ED96921-LeaderElection83] INFO  impl.RaftServerImpl (RaftServerImpl.java:setRole(170)) - 0378a5da-7116-4b86-8368-147da2f8ca9d@group-F16C7ED96921: changes role from CANDIDATE to LEADER at term 1 for changeToLeader
2019-10-04 09:14:28,267 [Thread-2420] INFO  impl.FollowerState (FollowerState.java:run(117)) - 0378a5da-7116-4b86-8368-147da2f8ca9d@group-5CC93B218C2B-FollowerState was interrupted: java.lang.InterruptedException: sleep interrupted
2019-10-04 09:14:28,267 [grpc-default-executor-8] INFO  impl.RoleInfo (RoleInfo.java:updateAndGet(143)) - 0378a5da-7116-4b86-8368-147da2f8ca9d: start FollowerState
2019-10-04 09:14:28,267 [0378a5da-7116-4b86-8368-147da2f8ca9d@group-F16C7ED96921-LeaderElection83] INFO  impl.RaftServerImpl (ServerState.java:setLeader(255)) - 0378a5da-7116-4b86-8368-147da2f8ca9d@group-F16C7ED96921: change Leader from null to 0378a5da-7116-4b86-8368-147da2f8ca9d at term 1 for becomeLeader, leader elected after 5147ms
2019-10-04 09:14:28,270 [0378a5da-7116-4b86-8368-147da2f8ca9d@group-F16C7ED96921-LeaderElection83] INFO  server.RaftServerConfigKeys (ConfUtils.java:logGet(43)) - raft.server.staging.catchup.gap = 1000 (default)
2019-10-04 09:14:28,270 [0378a5da-7116-4b86-8368-147da2f8ca9d@group-F16C7ED96921-LeaderElection83] INFO  server.RaftServerConfigKeys (ConfUtils.java:logGet(43)) - raft.server.rpc.sleep.time = 25ms (default)
2019-10-04 09:14:28,270 [0378a5da-7116-4b86-8368-147da2f8ca9d@group-F16C7ED96921-LeaderElection83] INFO  server.RaftServerConfigKeys (ConfUtils.java:logGet(43)) - raft.server.write.element-limit = 4096 (default)
2019-10-04 09:14:28,270 [0378a5da-7116-4b86-8368-147da2f8ca9d@group-F16C7ED96921-LeaderElection83] INFO  server.RaftServerConfigKeys (ConfUtils.java:logGet(43)) - raft.server.watch.timeout = 10s (default)
2019-10-04 09:14:28,271 [0378a5da-7116-4b86-8368-147da2f8ca9d@group-F16C7ED96921-LeaderElection83] INFO  server.RaftServerConfigKeys (ConfUtils.java:logGet(43)) - raft.server.watch.timeout.denomination = 1s (default)
2019-10-04 09:14:28,271 [0378a5da-7116-4b86-8368-147da2f8ca9d@group-F16C7ED96921-LeaderElection83] INFO  server.RaftServerConfigKeys (ConfUtils.java:logGet(43)) - raft.server.watch.element-limit = 65536 (default)
2019-10-04 09:14:28,273 [0378a5da-7116-4b86-8368-147da2f8ca9d@group-F16C7ED96921-LeaderElection83] INFO  impl.RoleInfo (RoleInfo.java:updateAndGet(143)) - 0378a5da-7116-4b86-8368-147da2f8ca9d: start LeaderState
2019-10-04 09:14:28,273 [0378a5da-7116-4b86-8368-147da2f8ca9d@group-F16C7ED96921-LeaderElection83] INFO  segmented.SegmentedRaftLogWorker (SegmentedRaftLogWorker.java:startLogSegment(385)) - 0378a5da-7116-4b86-8368-147da2f8ca9d@group-F16C7ED96921-SegmentedRaftLogWorker: Starting segment from index:0
2019-10-04 09:14:28,274 [0378a5da-7116-4b86-8368-147da2f8ca9d@group-F16C7ED96921-LeaderElection83] INFO  impl.RaftServerImpl (ServerState.java:setRaftConf(356)) - 0378a5da-7116-4b86-8368-147da2f8ca9d@group-F16C7ED96921: set configuration 0: [0378a5da-7116-4b86-8368-147da2f8ca9d:192.168.151.111:36134], old=null at 0
2019-10-04 09:14:28,281 [4d059f59-02bc-40ba-9d88-cbf664f88c46@group-5CC93B218C2B-LeaderElection82] INFO  impl.LeaderElection (LeaderElection.java:logAndReturn(56)) - 4d059f59-02bc-40ba-9d88-cbf664f88c46@group-5CC93B218C2B-LeaderElection82: Election PASSED; received 1 response(s) [4d059f59-02bc-40ba-9d88-cbf664f88c46<-0378a5da-7116-4b86-8368-147da2f8ca9d#0:OK-t1] and 0 exception(s); 4d059f59-02bc-40ba-9d88-cbf664f88c46@group-5CC93B218C2B:t1, leader=null, voted=4d059f59-02bc-40ba-9d88-cbf664f88c46, raftlog=4d059f59-02bc-40ba-9d88-cbf664f88c46@group-5CC93B218C2B-SegmentedRaftLog:OPENED:c-1,f-1,i0, conf=-1: [4d059f59-02bc-40ba-9d88-cbf664f88c46:192.168.151.111:45396, 1eb030bf-751e-416f-b9fb-7a8ff43b58f1:192.168.151.111:38967, 0378a5da-7116-4b86-8368-147da2f8ca9d:192.168.151.111:36134], old=null
2019-10-04 09:14:28,281 [4d059f59-02bc-40ba-9d88-cbf664f88c46@group-5CC93B218C2B-LeaderElection82] INFO  impl.RoleInfo (RoleInfo.java:shutdownLeaderElection(134)) - 4d059f59-02bc-40ba-9d88-cbf664f88c46: shutdown LeaderElection
2019-10-04 09:14:28,281 [4d059f59-02bc-40ba-9d88-cbf664f88c46@group-5CC93B218C2B-LeaderElection82] INFO  impl.RaftServerImpl (RaftServerImpl.java:setRole(170)) - 4d059f59-02bc-40ba-9d88-cbf664f88c46@group-5CC93B218C2B: changes role from CANDIDATE to LEADER at term 1 for changeToLeader
2019-10-04 09:14:28,281 [4d059f59-02bc-40ba-9d88-cbf664f88c46@group-5CC93B218C2B-LeaderElection82] INFO  impl.RaftServerImpl (ServerState.java:setLeader(255)) - 4d059f59-02bc-40ba-9d88-cbf664f88c46@group-5CC93B218C2B: change Leader from null to 4d059f59-02bc-40ba-9d88-cbf664f88c46 at term 1 for becomeLeader, leader elected after 5113ms
2019-10-04 09:14:28,281 [4d059f59-02bc-40ba-9d88-cbf664f88c46@group-5CC93B218C2B-LeaderElection82] INFO  server.RaftServerConfigKeys (ConfUtils.java:logGet(43)) - raft.server.staging.catchup.gap = 1000 (default)
2019-10-04 09:14:28,281 [4d059f59-02bc-40ba-9d88-cbf664f88c46@group-5CC93B218C2B-LeaderElection82] INFO  server.RaftServerConfigKeys (ConfUtils.java:logGet(43)) - raft.server.rpc.sleep.time = 25ms (default)
2019-10-04 09:14:28,281 [4d059f59-02bc-40ba-9d88-cbf664f88c46@group-5CC93B218C2B-LeaderElection82] INFO  server.RaftServerConfigKeys (ConfUtils.java:logGet(43)) - raft.server.write.element-limit = 4096 (default)
2019-10-04 09:14:28,282 [4d059f59-02bc-40ba-9d88-cbf664f88c46@group-5CC93B218C2B-LeaderElection82] INFO  server.RaftServerConfigKeys (ConfUtils.java:logGet(43)) - raft.server.watch.timeout = 10s (default)
2019-10-04 09:14:28,282 [4d059f59-02bc-40ba-9d88-cbf664f88c46@group-5CC93B218C2B-LeaderElection82] INFO  server.RaftServerConfigKeys (ConfUtils.java:logGet(43)) - raft.server.watch.timeout.denomination = 1s (default)
2019-10-04 09:14:28,282 [4d059f59-02bc-40ba-9d88-cbf664f88c46@group-5CC93B218C2B-LeaderElection82] INFO  server.RaftServerConfigKeys (ConfUtils.java:logGet(43)) - raft.server.watch.element-limit = 65536 (default)
2019-10-04 09:14:28,284 [4d059f59-02bc-40ba-9d88-cbf664f88c46@group-5CC93B218C2B-LeaderElection82] INFO  server.RaftServerConfigKeys (ConfUtils.java:logGet(43)) - raft.server.log.appender.snapshot.chunk.size.max = 16MB (=16777216) (default)
2019-10-04 09:14:28,284 [4d059f59-02bc-40ba-9d88-cbf664f88c46@group-5CC93B218C2B-LeaderElection82] INFO  server.RaftServerConfigKeys (ConfUtils.java:logGet(43)) - raft.server.log.appender.buffer.byte-limit = 33554432 (custom)
2019-10-04 09:14:28,284 [4d059f59-02bc-40ba-9d88-cbf664f88c46@group-5CC93B218C2B-LeaderElection82] INFO  server.RaftServerConfigKeys (ConfUtils.java:logGet(43)) - raft.server.log.appender.buffer.element-limit = 1 (custom)
2019-10-04 09:14:28,285 [4d059f59-02bc-40ba-9d88-cbf664f88c46@group-5CC93B218C2B-LeaderElection82] INFO  grpc.GrpcConfigKeys$Server (ConfUtils.java:logGet(43)) - raft.grpc.server.leader.outstanding.appends.max = 128 (default)
2019-10-04 09:14:28,285 [4d059f59-02bc-40ba-9d88-cbf664f88c46@group-5CC93B218C2B-LeaderElection82] INFO  server.RaftServerConfigKeys (ConfUtils.java:logGet(43)) - raft.server.rpc.request.timeout = 3000ms (default)
2019-10-04 09:14:28,285 [4d059f59-02bc-40ba-9d88-cbf664f88c46@group-5CC93B218C2B-LeaderElection82] INFO  server.RaftServerConfigKeys (ConfUtils.java:logGet(43)) - raft.server.log.appender.install.snapshot.enabled = false (custom)
2019-10-04 09:14:28,285 [4d059f59-02bc-40ba-9d88-cbf664f88c46@group-5CC93B218C2B-LeaderElection82] INFO  server.RaftServerConfigKeys (ConfUtils.java:logGet(43)) - raft.server.log.appender.snapshot.chunk.size.max = 16MB (=16777216) (default)
2019-10-04 09:14:28,285 [4d059f59-02bc-40ba-9d88-cbf664f88c46@group-5CC93B218C2B-LeaderElection82] INFO  server.RaftServerConfigKeys (ConfUtils.java:logGet(43)) - raft.server.log.appender.buffer.byte-limit = 33554432 (custom)
2019-10-04 09:14:28,285 [4d059f59-02bc-40ba-9d88-cbf664f88c46@group-5CC93B218C2B-LeaderElection82] INFO  server.RaftServerConfigKeys (ConfUtils.java:logGet(43)) - raft.server.log.appender.buffer.element-limit = 1 (custom)
2019-10-04 09:14:28,286 [4d059f59-02bc-40ba-9d88-cbf664f88c46@group-5CC93B218C2B-LeaderElection82] INFO  grpc.GrpcConfigKeys$Server (ConfUtils.java:logGet(43)) - raft.grpc.server.leader.outstanding.appends.max = 128 (default)
2019-10-04 09:14:28,286 [4d059f59-02bc-40ba-9d88-cbf664f88c46@group-5CC93B218C2B-LeaderElection82] INFO  server.RaftServerConfigKeys (ConfUtils.java:logGet(43)) - raft.server.rpc.request.timeout = 3000ms (default)
2019-10-04 09:14:28,286 [4d059f59-02bc-40ba-9d88-cbf664f88c46@group-5CC93B218C2B-LeaderElection82] INFO  server.RaftServerConfigKeys (ConfUtils.java:logGet(43)) - raft.server.log.appender.install.snapshot.enabled = false (custom)
2019-10-04 09:14:28,286 [4d059f59-02bc-40ba-9d88-cbf664f88c46@group-5CC93B218C2B-LeaderElection82] INFO  impl.RoleInfo (RoleInfo.java:updateAndGet(143)) - 4d059f59-02bc-40ba-9d88-cbf664f88c46: start LeaderState
2019-10-04 09:14:28,286 [4d059f59-02bc-40ba-9d88-cbf664f88c46@group-5CC93B218C2B-LeaderElection82] INFO  segmented.SegmentedRaftLogWorker (SegmentedRaftLogWorker.java:startLogSegment(385)) - 4d059f59-02bc-40ba-9d88-cbf664f88c46@group-5CC93B218C2B-SegmentedRaftLogWorker: Starting segment from index:0
2019-10-04 09:14:28,287 [4d059f59-02bc-40ba-9d88-cbf664f88c46@group-5CC93B218C2B-LeaderElection82] INFO  impl.RaftServerImpl (ServerState.java:setRaftConf(356)) - 4d059f59-02bc-40ba-9d88-cbf664f88c46@group-5CC93B218C2B: set configuration 0: [4d059f59-02bc-40ba-9d88-cbf664f88c46:192.168.151.111:45396, 1eb030bf-751e-416f-b9fb-7a8ff43b58f1:192.168.151.111:38967, 0378a5da-7116-4b86-8368-147da2f8ca9d:192.168.151.111:36134], old=null at 0
2019-10-04 09:14:28,328 [grpc-default-executor-10] INFO  impl.RaftServerImpl (ServerState.java:setLeader(255)) - 1eb030bf-751e-416f-b9fb-7a8ff43b58f1@group-5CC93B218C2B: change Leader from null to 4d059f59-02bc-40ba-9d88-cbf664f88c46 at term 1 for appendEntries, leader elected after 5160ms
2019-10-04 09:14:28,332 [grpc-default-executor-8] INFO  impl.RaftServerImpl (ServerState.java:setLeader(255)) - 0378a5da-7116-4b86-8368-147da2f8ca9d@group-5CC93B218C2B: change Leader from null to 4d059f59-02bc-40ba-9d88-cbf664f88c46 at term 1 for appendEntries, leader elected after 5164ms
2019-10-04 09:14:28,339 [0378a5da-7116-4b86-8368-147da2f8ca9d@group-F16C7ED96921-SegmentedRaftLogWorker] INFO  segmented.SegmentedRaftLogWorker (SegmentedRaftLogWorker.java:execute(574)) - 0378a5da-7116-4b86-8368-147da2f8ca9d@group-F16C7ED96921-SegmentedRaftLogWorker: created new log segment /workdir/hadoop-ozone/integration-test/target/test-dir/MiniOzoneClusterImpl-ea59070c-537f-4444-880e-4e22d9c91129/datanode-5/data/ratis/5760f455-7bee-4e59-a055-f16c7ed96921/current/log_inprogress_0
2019-10-04 09:14:28,339 [4d059f59-02bc-40ba-9d88-cbf664f88c46@group-5CC93B218C2B-SegmentedRaftLogWorker] INFO  segmented.SegmentedRaftLogWorker (SegmentedRaftLogWorker.java:execute(574)) - 4d059f59-02bc-40ba-9d88-cbf664f88c46@group-5CC93B218C2B-SegmentedRaftLogWorker: created new log segment /workdir/hadoop-ozone/integration-test/target/test-dir/MiniOzoneClusterImpl-ea59070c-537f-4444-880e-4e22d9c91129/datanode-4/data/ratis/e9291ba8-d517-4571-9173-5cc93b218c2b/current/log_inprogress_0
2019-10-04 09:14:28,340 [grpc-default-executor-10] INFO  impl.RaftServerImpl (ServerState.java:setRaftConf(356)) - 1eb030bf-751e-416f-b9fb-7a8ff43b58f1@group-5CC93B218C2B: set configuration 0: [4d059f59-02bc-40ba-9d88-cbf664f88c46:192.168.151.111:45396, 1eb030bf-751e-416f-b9fb-7a8ff43b58f1:192.168.151.111:38967, 0378a5da-7116-4b86-8368-147da2f8ca9d:192.168.151.111:36134], old=null at 0
2019-10-04 09:14:28,340 [grpc-default-executor-10] INFO  segmented.SegmentedRaftLogWorker (SegmentedRaftLogWorker.java:startLogSegment(385)) - 1eb030bf-751e-416f-b9fb-7a8ff43b58f1@group-5CC93B218C2B-SegmentedRaftLogWorker: Starting segment from index:0
2019-10-04 09:14:28,341 [grpc-default-executor-8] INFO  impl.RaftServerImpl (ServerState.java:setRaftConf(356)) - 0378a5da-7116-4b86-8368-147da2f8ca9d@group-5CC93B218C2B: set configuration 0: [4d059f59-02bc-40ba-9d88-cbf664f88c46:192.168.151.111:45396, 1eb030bf-751e-416f-b9fb-7a8ff43b58f1:192.168.151.111:38967, 0378a5da-7116-4b86-8368-147da2f8ca9d:192.168.151.111:36134], old=null at 0
2019-10-04 09:14:28,341 [grpc-default-executor-8] INFO  segmented.SegmentedRaftLogWorker (SegmentedRaftLogWorker.java:startLogSegment(385)) - 0378a5da-7116-4b86-8368-147da2f8ca9d@group-5CC93B218C2B-SegmentedRaftLogWorker: Starting segment from index:0
2019-10-04 09:14:28,424 [1eb030bf-751e-416f-b9fb-7a8ff43b58f1@group-5CC93B218C2B-SegmentedRaftLogWorker] INFO  segmented.SegmentedRaftLogWorker (SegmentedRaftLogWorker.java:execute(574)) - 1eb030bf-751e-416f-b9fb-7a8ff43b58f1@group-5CC93B218C2B-SegmentedRaftLogWorker: created new log segment /workdir/hadoop-ozone/integration-test/target/test-dir/MiniOzoneClusterImpl-ea59070c-537f-4444-880e-4e22d9c91129/datanode-3/data/ratis/e9291ba8-d517-4571-9173-5cc93b218c2b/current/log_inprogress_0
2019-10-04 09:14:28,433 [0378a5da-7116-4b86-8368-147da2f8ca9d@group-5CC93B218C2B-SegmentedRaftLogWorker] INFO  segmented.SegmentedRaftLogWorker (SegmentedRaftLogWorker.java:execute(574)) - 0378a5da-7116-4b86-8368-147da2f8ca9d@group-5CC93B218C2B-SegmentedRaftLogWorker: created new log segment /workdir/hadoop-ozone/integration-test/target/test-dir/MiniOzoneClusterImpl-ea59070c-537f-4444-880e-4e22d9c91129/datanode-5/data/ratis/e9291ba8-d517-4571-9173-5cc93b218c2b/current/log_inprogress_0
2019-10-04 09:14:28,528 [Datanode State Machine Thread - 0] INFO  statemachine.DatanodeStateMachine (DatanodeStateMachine.java:lambda$startDaemon$0(350)) - Ozone container server started.
2019-10-04 09:14:33,505 [main] INFO  ozoneimpl.OzoneContainer (OzoneContainer.java:stop(228)) - Attempting to stop container services.
2019-10-04 09:14:33,508 [main] INFO  impl.RaftServerProxy (RaftServerProxy.java:lambda$close$4(314)) - 341c6ded-f6fe-48bf-88f1-9323bbf2345b: close
2019-10-04 09:14:33,509 [main] INFO  impl.RaftServerImpl (RaftServerImpl.java:lambda$shutdown$3(247)) - 341c6ded-f6fe-48bf-88f1-9323bbf2345b@group-5B95D1FA4F3B: shutdown
2019-10-04 09:14:33,509 [ForkJoinPool.commonPool-worker-1] INFO  impl.RaftServerImpl (RaftServerImpl.java:lambda$shutdown$3(247)) - 341c6ded-f6fe-48bf-88f1-9323bbf2345b@group-4C7AC32AF2DE: shutdown
2019-10-04 09:14:33,510 [main] INFO  util.JmxRegister (JmxRegister.java:unregister(73)) - Successfully un-registered JMX Bean with object name Ratis:service=RaftServer,group=group-5B95D1FA4F3B,id=341c6ded-f6fe-48bf-88f1-9323bbf2345b
2019-10-04 09:14:33,510 [ForkJoinPool.commonPool-worker-1] INFO  util.JmxRegister (JmxRegister.java:unregister(73)) - Successfully un-registered JMX Bean with object name Ratis:service=RaftServer,group=group-4C7AC32AF2DE,id=341c6ded-f6fe-48bf-88f1-9323bbf2345b
2019-10-04 09:14:33,510 [main] INFO  impl.RoleInfo (RoleInfo.java:shutdownLeaderState(104)) - 341c6ded-f6fe-48bf-88f1-9323bbf2345b: shutdown LeaderState
2019-10-04 09:14:33,510 [ForkJoinPool.commonPool-worker-1] INFO  impl.RoleInfo (RoleInfo.java:shutdownFollowerState(121)) - 341c6ded-f6fe-48bf-88f1-9323bbf2345b: shutdown FollowerState
2019-10-04 09:14:33,511 [main] INFO  impl.PendingRequests (PendingRequests.java:sendNotLeaderResponses(202)) - 341c6ded-f6fe-48bf-88f1-9323bbf2345b@group-5B95D1FA4F3B-PendingRequests: sendNotLeaderResponses
2019-10-04 09:14:33,512 [341c6ded-f6fe-48bf-88f1-9323bbf2345b@group-4C7AC32AF2DE-StateMachineUpdater] INFO  ratis.ContainerStateMachine (ContainerStateMachine.java:takeSnapshot(293)) - group-4C7AC32AF2DE: Taking a snapshot at:(t:1, i:1) file /workdir/hadoop-ozone/integration-test/target/test-dir/MiniOzoneClusterImpl-ea59070c-537f-4444-880e-4e22d9c91129/datanode-0/data/ratis/b533e8bc-6f5a-464b-b6aa-4c7ac32af2de/sm/snapshot.1_1
2019-10-04 09:14:33,511 [Thread-2447] INFO  impl.FollowerState (FollowerState.java:run(117)) - 341c6ded-f6fe-48bf-88f1-9323bbf2345b@group-4C7AC32AF2DE-FollowerState was interrupted: java.lang.InterruptedException: sleep interrupted
2019-10-04 09:14:33,511 [ForkJoinPool.commonPool-worker-1] INFO  impl.StateMachineUpdater (StateMachineUpdater.java:stopAndJoin(136)) - 341c6ded-f6fe-48bf-88f1-9323bbf2345b@group-4C7AC32AF2DE-StateMachineUpdater: set stopIndex = 2
2019-10-04 09:14:33,526 [main] INFO  impl.StateMachineUpdater (StateMachineUpdater.java:stopAndJoin(136)) - 341c6ded-f6fe-48bf-88f1-9323bbf2345b@group-5B95D1FA4F3B-StateMachineUpdater: set stopIndex = 0
2019-10-04 09:14:33,527 [main] INFO  impl.RaftServerImpl (ServerState.java:close(387)) - 341c6ded-f6fe-48bf-88f1-9323bbf2345b@group-5B95D1FA4F3B: closes. applyIndex: 0
2019-10-04 09:14:33,528 [341c6ded-f6fe-48bf-88f1-9323bbf2345b@group-5B95D1FA4F3B-SegmentedRaftLogWorker] INFO  segmented.SegmentedRaftLogWorker (SegmentedRaftLogWorker.java:run(316)) - 341c6ded-f6fe-48bf-88f1-9323bbf2345b@group-5B95D1FA4F3B-SegmentedRaftLogWorker was interrupted, exiting. There are 0 tasks remaining in the queue.
2019-10-04 09:14:33,530 [main] INFO  segmented.SegmentedRaftLogWorker (SegmentedRaftLogWorker.java:close(224)) - 341c6ded-f6fe-48bf-88f1-9323bbf2345b@group-5B95D1FA4F3B-SegmentedRaftLogWorker close()
2019-10-04 09:14:33,540 [341c6ded-f6fe-48bf-88f1-9323bbf2345b@group-4C7AC32AF2DE-StateMachineUpdater] INFO  ratis.ContainerStateMachine (ContainerStateMachine.java:takeSnapshot(304)) - group-4C7AC32AF2DE: Finished taking a snapshot at:(t:1, i:1) file:/workdir/hadoop-ozone/integration-test/target/test-dir/MiniOzoneClusterImpl-ea59070c-537f-4444-880e-4e22d9c91129/datanode-0/data/ratis/b533e8bc-6f5a-464b-b6aa-4c7ac32af2de/sm/snapshot.1_1 time:29
2019-10-04 09:14:33,540 [341c6ded-f6fe-48bf-88f1-9323bbf2345b@group-4C7AC32AF2DE-StateMachineUpdater] INFO  impl.StateMachineUpdater (StateMachineUpdater.java:takeSnapshot(269)) - 341c6ded-f6fe-48bf-88f1-9323bbf2345b@group-4C7AC32AF2DE-StateMachineUpdater: Took a snapshot at index 1
2019-10-04 09:14:33,541 [341c6ded-f6fe-48bf-88f1-9323bbf2345b@group-4C7AC32AF2DE-StateMachineUpdater] INFO  impl.StateMachineUpdater (StateMachineUpdater.java:lambda$new$0(84)) - 341c6ded-f6fe-48bf-88f1-9323bbf2345b@group-4C7AC32AF2DE-StateMachineUpdater: snapshotIndex: updateIncreasingly -1 -> 1
2019-10-04 09:14:33,541 [341c6ded-f6fe-48bf-88f1-9323bbf2345b@group-4C7AC32AF2DE-StateMachineUpdater] INFO  ratis.ContainerStateMachine (ContainerStateMachine.java:takeSnapshot(293)) - group-4C7AC32AF2DE: Taking a snapshot at:(t:1, i:1) file /workdir/hadoop-ozone/integration-test/target/test-dir/MiniOzoneClusterImpl-ea59070c-537f-4444-880e-4e22d9c91129/datanode-0/data/ratis/b533e8bc-6f5a-464b-b6aa-4c7ac32af2de/sm/snapshot.1_1
2019-10-04 09:14:33,553 [341c6ded-f6fe-48bf-88f1-9323bbf2345b@group-4C7AC32AF2DE-StateMachineUpdater] INFO  ratis.ContainerStateMachine (ContainerStateMachine.java:takeSnapshot(304)) - group-4C7AC32AF2DE: Finished taking a snapshot at:(t:1, i:1) file:/workdir/hadoop-ozone/integration-test/target/test-dir/MiniOzoneClusterImpl-ea59070c-537f-4444-880e-4e22d9c91129/datanode-0/data/ratis/b533e8bc-6f5a-464b-b6aa-4c7ac32af2de/sm/snapshot.1_1 time:12
2019-10-04 09:14:33,553 [341c6ded-f6fe-48bf-88f1-9323bbf2345b@group-4C7AC32AF2DE-StateMachineUpdater] INFO  impl.StateMachineUpdater (StateMachineUpdater.java:takeSnapshot(269)) - 341c6ded-f6fe-48bf-88f1-9323bbf2345b@group-4C7AC32AF2DE-StateMachineUpdater: Took a snapshot at index 1
2019-10-04 09:14:33,554 [341c6ded-f6fe-48bf-88f1-9323bbf2345b@group-4C7AC32AF2DE-StateMachineUpdater] INFO  impl.StateMachineUpdater (StateMachineUpdater.java:lambda$new$0(84)) - 341c6ded-f6fe-48bf-88f1-9323bbf2345b@group-4C7AC32AF2DE-StateMachineUpdater: snapshotIndex: updateIncreasingly 1 -> 1
2019-10-04 09:14:33,554 [ForkJoinPool.commonPool-worker-1] INFO  impl.RaftServerImpl (ServerState.java:close(387)) - 341c6ded-f6fe-48bf-88f1-9323bbf2345b@group-4C7AC32AF2DE: closes. applyIndex: 2
2019-10-04 09:14:33,554 [341c6ded-f6fe-48bf-88f1-9323bbf2345b@group-4C7AC32AF2DE-SegmentedRaftLogWorker] INFO  segmented.SegmentedRaftLogWorker (SegmentedRaftLogWorker.java:run(316)) - 341c6ded-f6fe-48bf-88f1-9323bbf2345b@group-4C7AC32AF2DE-SegmentedRaftLogWorker was interrupted, exiting. There are 0 tasks remaining in the queue.
2019-10-04 09:14:33,556 [ForkJoinPool.commonPool-worker-1] INFO  segmented.SegmentedRaftLogWorker (SegmentedRaftLogWorker.java:close(224)) - 341c6ded-f6fe-48bf-88f1-9323bbf2345b@group-4C7AC32AF2DE-SegmentedRaftLogWorker close()
2019-10-04 09:14:33,560 [main] INFO  server.GrpcService (GrpcService.java:closeImpl(164)) - 341c6ded-f6fe-48bf-88f1-9323bbf2345b: shutdown server with port 38972 now
2019-10-04 09:14:33,563 [grpc-default-executor-10] WARN  server.GrpcServerProtocolService (LogUtils.java:warn(134)) - 341c6ded-f6fe-48bf-88f1-9323bbf2345b: installSnapshot onError, lastRequest: 511a6597-7d94-4d70-9de2-3e23a1a156e4->341c6ded-f6fe-48bf-88f1-9323bbf2345b#5-t1, previous=(t:1, i:2), leaderCommit=2, initializing? false, entries: <empty>: org.apache.ratis.thirdparty.io.grpc.StatusRuntimeException: CANCELLED: cancelled before receiving half close
2019-10-04 09:14:33,563 [main] INFO  server.GrpcService (GrpcService.java:closeImpl(172)) - 341c6ded-f6fe-48bf-88f1-9323bbf2345b: shutdown server with port 38972 successfully
2019-10-04 09:14:33,564 [grpc-default-executor-9] WARN  server.GrpcLogAppender (LogUtils.java:warn(134)) - 511a6597-7d94-4d70-9de2-3e23a1a156e4@group-4C7AC32AF2DE->341c6ded-f6fe-48bf-88f1-9323bbf2345b-AppendLogResponseHandler: Failed appendEntries: org.apache.ratis.thirdparty.io.grpc.StatusRuntimeException: CANCELLED: HTTP/2 error code: CANCEL
Received Rst Stream
2019-10-04 09:14:33,564 [grpc-default-executor-9] INFO  impl.FollowerInfo (FollowerInfo.java:lambda$new$0(51)) - 511a6597-7d94-4d70-9de2-3e23a1a156e4@group-4C7AC32AF2DE->341c6ded-f6fe-48bf-88f1-9323bbf2345b: nextIndex: updateUnconditionally 3 -> 2
2019-10-04 09:14:33,567 [refreshUsed-/workdir/hadoop-ozone/integration-test/target/test-dir/MiniOzoneClusterImpl-ea59070c-537f-4444-880e-4e22d9c91129/datanode-0/data/containers] WARN  fs.CachingGetSpaceUsed (CachingGetSpaceUsed.java:run(183)) - Thread Interrupted waiting to refresh disk information: sleep interrupted
2019-10-04 09:14:33,587 [main] INFO  utils.BackgroundService (BackgroundService.java:shutdown(148)) - Shutting down service BlockDeletingService
2019-10-04 09:14:33,594 [main] INFO  statemachine.DatanodeStateMachine (DatanodeStateMachine.java:stopDaemon(395)) - Ozone container server stopped.
2019-10-04 09:14:33,595 [main] INFO  handler.ContextHandler (ContextHandler.java:doStop(910)) - Stopped o.e.j.w.WebAppContext@77a0dd63{/,null,UNAVAILABLE}{/hddsDatanode}
2019-10-04 09:14:33,596 [main] INFO  server.AbstractConnector (AbstractConnector.java:doStop(318)) - Stopped ServerConnector@543fe698{HTTP/1.1,[http/1.1]}{0.0.0.0:0}
2019-10-04 09:14:33,596 [main] INFO  handler.ContextHandler (ContextHandler.java:doStop(910)) - Stopped o.e.j.s.ServletContextHandler@48cd319d{/static,jar:file:/home/user/.m2/repository/org/apache/hadoop/hadoop-hdds-container-service/0.5.0-SNAPSHOT/hadoop-hdds-container-service-0.5.0-SNAPSHOT.jar!/webapps/static,UNAVAILABLE}
2019-10-04 09:14:33,597 [main] INFO  handler.ContextHandler (ContextHandler.java:doStop(910)) - Stopped o.e.j.s.ServletContextHandler@38732364{/logs,file:///workdir/hadoop-ozone/integration-test/target/log,UNAVAILABLE}
2019-10-04 09:14:33,610 [grpc-default-executor-9] WARN  server.GrpcLogAppender (LogUtils.java:warn(134)) - 511a6597-7d94-4d70-9de2-3e23a1a156e4@group-4C7AC32AF2DE->341c6ded-f6fe-48bf-88f1-9323bbf2345b-AppendLogResponseHandler: Failed appendEntries: org.apache.ratis.thirdparty.io.grpc.StatusRuntimeException: UNAVAILABLE: io exception
2019-10-04 09:14:33,610 [grpc-default-executor-9] INFO  impl.FollowerInfo (FollowerInfo.java:lambda$new$0(51)) - 511a6597-7d94-4d70-9de2-3e23a1a156e4@group-4C7AC32AF2DE->341c6ded-f6fe-48bf-88f1-9323bbf2345b: nextIndex: updateUnconditionally 3 -> 2
2019-10-04 09:14:33,621 [grpc-default-executor-8] WARN  server.GrpcLogAppender (LogUtils.java:warn(134)) - 511a6597-7d94-4d70-9de2-3e23a1a156e4@group-4C7AC32AF2DE->341c6ded-f6fe-48bf-88f1-9323bbf2345b-AppendLogResponseHandler: Failed appendEntries: org.apache.ratis.thirdparty.io.grpc.StatusRuntimeException: UNAVAILABLE: io exception
2019-10-04 09:14:33,621 [grpc-default-executor-8] INFO  impl.FollowerInfo (FollowerInfo.java:lambda$new$0(51)) - 511a6597-7d94-4d70-9de2-3e23a1a156e4@group-4C7AC32AF2DE->341c6ded-f6fe-48bf-88f1-9323bbf2345b: nextIndex: updateUnconditionally 3 -> 2
2019-10-04 09:14:33,632 [grpc-default-executor-9] WARN  server.GrpcLogAppender (LogUtils.java:warn(134)) - 511a6597-7d94-4d70-9de2-3e23a1a156e4@group-4C7AC32AF2DE->341c6ded-f6fe-48bf-88f1-9323bbf2345b-AppendLogResponseHandler: Failed appendEntries: org.apache.ratis.thirdparty.io.grpc.StatusRuntimeException: UNAVAILABLE: io exception
2019-10-04 09:14:33,633 [grpc-default-executor-9] INFO  impl.FollowerInfo (FollowerInfo.java:lambda$new$0(51)) - 511a6597-7d94-4d70-9de2-3e23a1a156e4@group-4C7AC32AF2DE->341c6ded-f6fe-48bf-88f1-9323bbf2345b: nextIndex: updateUnconditionally 3 -> 2
2019-10-04 09:14:33,634 [EventQueue-IncrementalContainerReportForIncrementalContainerReportHandler] WARN  container.IncrementalContainerReportHandler (AbstractContainerReportHandler.java:updateContainerState(143)) - Container #1 is in OPEN state, but the datanode 511a6597-7d94-4d70-9de2-3e23a1a156e4{ip: 192.168.151.111, host: pr-hdds-2238-lzxxv-1908806976, networkLocation: /default-rack, certSerialId: null} reports an CLOSING replica.
2019-10-04 09:14:33,636 [EventQueue-IncrementalContainerReportForIncrementalContainerReportHandler] WARN  container.IncrementalContainerReportHandler (AbstractContainerReportHandler.java:updateContainerState(143)) - Container #1 is in OPEN state, but the datanode 0e119f59-67cf-40f1-927d-53b2173096f2{ip: 192.168.151.111, host: pr-hdds-2238-lzxxv-1908806976, networkLocation: /default-rack, certSerialId: null} reports an CLOSING replica.
2019-10-04 09:14:33,691 [RatisApplyTransactionExecutor 1] INFO  interfaces.Container (KeyValueContainer.java:flushAndSyncDB(386)) - Container 1 is synced with bcsId 0.
2019-10-04 09:14:33,723 [RatisApplyTransactionExecutor 1] INFO  interfaces.Container (KeyValueContainer.java:flushAndSyncDB(386)) - Container 1 is synced with bcsId 0.
2019-10-04 09:14:33,735 [RatisApplyTransactionExecutor 1] INFO  interfaces.Container (KeyValueContainer.java:flushAndSyncDB(386)) - Container 1 is synced with bcsId 0.
2019-10-04 09:14:33,735 [RatisApplyTransactionExecutor 1] INFO  interfaces.Container (KeyValueContainer.java:flushAndSyncDB(386)) - Container 1 is synced with bcsId 0.
2019-10-04 09:14:33,736 [RatisApplyTransactionExecutor 1] INFO  interfaces.Container (KeyValueContainer.java:close(335)) - Container 1 is closed with bcsId 0.
2019-10-04 09:14:33,746 [RatisApplyTransactionExecutor 1] INFO  interfaces.Container (KeyValueContainer.java:close(335)) - Container 1 is closed with bcsId 0.
2019-10-04 09:14:33,747 [EventQueue-IncrementalContainerReportForIncrementalContainerReportHandler] WARN  container.IncrementalContainerReportHandler (AbstractContainerReportHandler.java:updateContainerState(143)) - Container #1 is in OPEN state, but the datanode 511a6597-7d94-4d70-9de2-3e23a1a156e4{ip: 192.168.151.111, host: pr-hdds-2238-lzxxv-1908806976, networkLocation: /default-rack, certSerialId: null} reports an CLOSED replica.
2019-10-04 09:14:33,751 [EventQueue-IncrementalContainerReportForIncrementalContainerReportHandler] WARN  container.IncrementalContainerReportHandler (AbstractContainerReportHandler.java:updateContainerState(143)) - Container #1 is in OPEN state, but the datanode 0e119f59-67cf-40f1-927d-53b2173096f2{ip: 192.168.151.111, host: pr-hdds-2238-lzxxv-1908806976, networkLocation: /default-rack, certSerialId: null} reports an CLOSED replica.
2019-10-04 09:14:36,135 [grpc-default-executor-10] WARN  server.GrpcLogAppender (LogUtils.java:warn(134)) - 511a6597-7d94-4d70-9de2-3e23a1a156e4@group-4C7AC32AF2DE->341c6ded-f6fe-48bf-88f1-9323bbf2345b-AppendLogResponseHandler: Failed appendEntries: org.apache.ratis.thirdparty.io.grpc.StatusRuntimeException: UNAVAILABLE: io exception
2019-10-04 09:14:36,135 [grpc-default-executor-10] INFO  impl.FollowerInfo (FollowerInfo.java:lambda$new$0(51)) - 511a6597-7d94-4d70-9de2-3e23a1a156e4@group-4C7AC32AF2DE->341c6ded-f6fe-48bf-88f1-9323bbf2345b: nextIndex: updateUnconditionally 2 -> 1
2019-10-04 09:14:36,755 [main] WARN  scm.XceiverClientRatis (XceiverClientRatis.java:watchForCommit(292)) - 3 way commit failed on pipeline Pipeline[ Id: b533e8bc-6f5a-464b-b6aa-4c7ac32af2de, Nodes: 341c6ded-f6fe-48bf-88f1-9323bbf2345b{ip: 192.168.151.111, host: pr-hdds-2238-lzxxv-1908806976, networkLocation: /default-rack, certSerialId: null}0e119f59-67cf-40f1-927d-53b2173096f2{ip: 192.168.151.111, host: pr-hdds-2238-lzxxv-1908806976, networkLocation: /default-rack, certSerialId: null}511a6597-7d94-4d70-9de2-3e23a1a156e4{ip: 192.168.151.111, host: pr-hdds-2238-lzxxv-1908806976, networkLocation: /default-rack, certSerialId: null}, Type:RATIS, Factor:THREE, State:OPEN]
java.util.concurrent.TimeoutException
	at java.util.concurrent.CompletableFuture.timedGet(CompletableFuture.java:1771)
	at java.util.concurrent.CompletableFuture.get(CompletableFuture.java:1915)
	at org.apache.hadoop.hdds.scm.XceiverClientRatis.watchForCommit(XceiverClientRatis.java:289)
	at org.apache.hadoop.ozone.client.rpc.TestWatchForCommit.test2WayCommitForTimeoutException(TestWatchForCommit.java:391)
	at sun.reflect.NativeMethodAccessorImpl.invoke0(Native Method)
	at sun.reflect.NativeMethodAccessorImpl.invoke(NativeMethodAccessorImpl.java:62)
	at sun.reflect.DelegatingMethodAccessorImpl.invoke(DelegatingMethodAccessorImpl.java:43)
	at java.lang.reflect.Method.invoke(Method.java:498)
	at org.junit.runners.model.FrameworkMethod$1.runReflectiveCall(FrameworkMethod.java:47)
	at org.junit.internal.runners.model.ReflectiveCallable.run(ReflectiveCallable.java:12)
	at org.junit.runners.model.FrameworkMethod.invokeExplosively(FrameworkMethod.java:44)
	at org.junit.internal.runners.statements.InvokeMethod.evaluate(InvokeMethod.java:17)
	at org.junit.runners.ParentRunner.runLeaf(ParentRunner.java:271)
	at org.junit.runners.BlockJUnit4ClassRunner.runChild(BlockJUnit4ClassRunner.java:70)
	at org.junit.runners.BlockJUnit4ClassRunner.runChild(BlockJUnit4ClassRunner.java:50)
	at org.junit.runners.ParentRunner$3.run(ParentRunner.java:238)
	at org.junit.runners.ParentRunner$1.schedule(ParentRunner.java:63)
	at org.junit.runners.ParentRunner.runChildren(ParentRunner.java:236)
	at org.junit.runners.ParentRunner.access$000(ParentRunner.java:53)
	at org.junit.runners.ParentRunner$2.evaluate(ParentRunner.java:229)
	at org.junit.runners.ParentRunner.run(ParentRunner.java:309)
	at org.apache.maven.surefire.junit4.JUnit4Provider.execute(JUnit4Provider.java:365)
	at org.apache.maven.surefire.junit4.JUnit4Provider.executeWithRerun(JUnit4Provider.java:273)
	at org.apache.maven.surefire.junit4.JUnit4Provider.executeTestSet(JUnit4Provider.java:238)
	at org.apache.maven.surefire.junit4.JUnit4Provider.invoke(JUnit4Provider.java:159)
	at org.apache.maven.surefire.booter.ForkedBooter.invokeProviderInSameClassLoader(ForkedBooter.java:384)
	at org.apache.maven.surefire.booter.ForkedBooter.runSuitesInProcess(ForkedBooter.java:345)
	at org.apache.maven.surefire.booter.ForkedBooter.execute(ForkedBooter.java:126)
	at org.apache.maven.surefire.booter.ForkedBooter.main(ForkedBooter.java:418)
2019-10-04 09:14:36,770 [Thread-2508] INFO  client.GrpcClientProtocolService (GrpcClientProtocolService.java:lambda$processClientRequest$0(278)) - Failed RaftClientRequest:client-8937CD437F51->0e119f59-67cf-40f1-927d-53b2173096f2@group-4C7AC32AF2DE, cid=105, seq=0, Watch-MAJORITY_COMMITTED(3), Message:<EMPTY>, reply=RaftClientReply:client-8937CD437F51->0e119f59-67cf-40f1-927d-53b2173096f2@group-4C7AC32AF2DE, cid=105, FAILED org.apache.ratis.protocol.NotLeaderException: Server 0e119f59-67cf-40f1-927d-53b2173096f2@group-4C7AC32AF2DE is not the leader 511a6597-7d94-4d70-9de2-3e23a1a156e4:192.168.151.111:43682, logIndex=0, commits[0e119f59-67cf-40f1-927d-53b2173096f2:c4, 341c6ded-f6fe-48bf-88f1-9323bbf2345b:c2, 511a6597-7d94-4d70-9de2-3e23a1a156e4:c4]
2019-10-04 09:14:38,637 [grpc-default-executor-9] WARN  server.GrpcLogAppender (LogUtils.java:warn(134)) - 511a6597-7d94-4d70-9de2-3e23a1a156e4@group-4C7AC32AF2DE->341c6ded-f6fe-48bf-88f1-9323bbf2345b-AppendLogResponseHandler: Failed appendEntries: org.apache.ratis.thirdparty.io.grpc.StatusRuntimeException: UNAVAILABLE: io exception
2019-10-04 09:14:38,644 [grpc-default-executor-9] INFO  impl.FollowerInfo (FollowerInfo.java:lambda$new$0(51)) - 511a6597-7d94-4d70-9de2-3e23a1a156e4@group-4C7AC32AF2DE->341c6ded-f6fe-48bf-88f1-9323bbf2345b: nextIndex: updateUnconditionally 1 -> 0
]]></system-out>
    <system-err><![CDATA[Oct 04, 2019 9:14:33 AM org.apache.ratis.thirdparty.io.grpc.internal.SerializingExecutor run
SEVERE: Exception while executing runnable org.apache.ratis.thirdparty.io.grpc.internal.ServerImpl$JumpToApplicationThreadServerStreamListener$1Closed@29f600dc
org.apache.ratis.thirdparty.io.grpc.StatusRuntimeException: CANCELLED: call already cancelled
	at org.apache.ratis.thirdparty.io.grpc.Status.asRuntimeException(Status.java:517)
	at org.apache.ratis.thirdparty.io.grpc.stub.ServerCalls$ServerCallStreamObserverImpl.onCompleted(ServerCalls.java:356)
	at org.apache.ratis.grpc.server.GrpcServerProtocolService$ServerRequestStreamObserver.onError(GrpcServerProtocolService.java:121)
	at org.apache.ratis.thirdparty.io.grpc.stub.ServerCalls$StreamingServerCallHandler$StreamingServerCallListener.onCancel(ServerCalls.java:269)
	at org.apache.ratis.thirdparty.io.grpc.internal.ServerCallImpl$ServerStreamListenerImpl.closed(ServerCallImpl.java:293)
	at org.apache.ratis.thirdparty.io.grpc.internal.ServerImpl$JumpToApplicationThreadServerStreamListener$1Closed.runInContext(ServerImpl.java:741)
	at org.apache.ratis.thirdparty.io.grpc.internal.ContextRunnable.run(ContextRunnable.java:37)
	at org.apache.ratis.thirdparty.io.grpc.internal.SerializingExecutor.run(SerializingExecutor.java:123)
	at java.util.concurrent.ThreadPoolExecutor.runWorker(ThreadPoolExecutor.java:1149)
	at java.util.concurrent.ThreadPoolExecutor$Worker.run(ThreadPoolExecutor.java:624)
	at java.lang.Thread.run(Thread.java:748)

]]></system-err>
  </testcase>
</testsuite>