<?xml version="1.0" encoding="UTF-8"?>
<testsuite xmlns:xsi="http://www.w3.org/2001/XMLSchema-instance" xsi:noNamespaceSchemaLocation="https://maven.apache.org/surefire/maven-surefire-plugin/xsd/surefire-test-report.xsd" name="org.apache.hadoop.ozone.client.rpc.Test2WayCommitInRatis" time="32.473" tests="1" errors="1" skipped="0" failures="0">
  <properties>
    <property name="awt.toolkit" value="sun.awt.X11.XToolkit"/>
    <property name="file.encoding.pkg" value="sun.io"/>
    <property name="java.specification.version" value="1.8"/>
    <property name="sun.cpu.isalist" value=""/>
    <property name="sun.jnu.encoding" value="UTF-8"/>
    <property name="java.class.path" value="/workdir/hadoop-ozone/integration-test/target/test-classes:/workdir/hadoop-ozone/integration-test/target/classes:/home/user/.m2/repository/org/apache/hadoop/hadoop-ozone-common/0.5.0-SNAPSHOT/hadoop-ozone-common-0.5.0-SNAPSHOT.jar:/home/user/.m2/repository/org/apache/commons/commons-compress/1.4.1/commons-compress-1.4.1.jar:/home/user/.m2/repository/org/tukaani/xz/1.0/xz-1.0.jar:/home/user/.m2/repository/org/apache/hadoop/hadoop-common/3.2.0/hadoop-common-3.2.0.jar:/home/user/.m2/repository/org/apache/hadoop/hadoop-hdfs/3.2.0/hadoop-hdfs-3.2.0.jar:/home/user/.m2/repository/org/apache/hadoop/hadoop-hdfs-client/3.2.0/hadoop-hdfs-client-3.2.0.jar:/home/user/.m2/repository/com/fasterxml/jackson/core/jackson-annotations/2.9.9/jackson-annotations-2.9.9.jar:/home/user/.m2/repository/org/apache/hadoop/hadoop-hdds-common/0.5.0-SNAPSHOT/hadoop-hdds-common-0.5.0-SNAPSHOT.jar:/home/user/.m2/repository/javax/annotation/javax.annotation-api/1.2/javax.annotation-api-1.2.jar:/home/user/.m2/repository/org/apache/ratis/ratis-server/0.5.0-201fc85-SNAPSHOT/ratis-server-0.5.0-201fc85-SNAPSHOT.jar:/home/user/.m2/repository/org/apache/ratis/ratis-thirdparty-misc/0.2.0/ratis-thirdparty-misc-0.2.0.jar:/home/user/.m2/repository/org/apache/ratis/ratis-proto/0.5.0-201fc85-SNAPSHOT/ratis-proto-0.5.0-201fc85-SNAPSHOT.jar:/home/user/.m2/repository/org/apache/ratis/ratis-common/0.5.0-201fc85-SNAPSHOT/ratis-common-0.5.0-201fc85-SNAPSHOT.jar:/home/user/.m2/repository/org/apache/ratis/ratis-client/0.5.0-201fc85-SNAPSHOT/ratis-client-0.5.0-201fc85-SNAPSHOT.jar:/home/user/.m2/repository/org/apache/ratis/ratis-metrics/0.5.0-201fc85-SNAPSHOT/ratis-metrics-0.5.0-201fc85-SNAPSHOT.jar:/home/user/.m2/repository/com/github/joshelser/dropwizard-metrics-hadoop-metrics2-reporter/0.1.2/dropwizard-metrics-hadoop-metrics2-reporter-0.1.2.jar:/home/user/.m2/repository/io/dropwizard/metrics/metrics-jvm/3.2.5/metrics-jvm-3.2.5.jar:/home/user/.m2/repository/io/dropwizard/metrics/metrics-ganglia/3.2.5/metrics-ganglia-3.2.5.jar:/home/user/.m2/repository/info/ganglia/gmetric4j/gmetric4j/1.0.7/gmetric4j-1.0.7.jar:/home/user/.m2/repository/org/apache/ratis/ratis-netty/0.5.0-201fc85-SNAPSHOT/ratis-netty-0.5.0-201fc85-SNAPSHOT.jar:/home/user/.m2/repository/org/apache/ratis/ratis-grpc/0.5.0-201fc85-SNAPSHOT/ratis-grpc-0.5.0-201fc85-SNAPSHOT.jar:/home/user/.m2/repository/org/rocksdb/rocksdbjni/6.0.1/rocksdbjni-6.0.1.jar:/home/user/.m2/repository/org/apache/logging/log4j/log4j-api/2.11.0/log4j-api-2.11.0.jar:/home/user/.m2/repository/org/apache/logging/log4j/log4j-core/2.11.0/log4j-core-2.11.0.jar:/home/user/.m2/repository/com/lmax/disruptor/3.4.2/disruptor-3.4.2.jar:/home/user/.m2/repository/org/apache/commons/commons-pool2/2.6.0/commons-pool2-2.6.0.jar:/home/user/.m2/repository/org/bouncycastle/bcpkix-jdk15on/1.60/bcpkix-jdk15on-1.60.jar:/home/user/.m2/repository/commons-validator/commons-validator/1.6/commons-validator-1.6.jar:/home/user/.m2/repository/commons-digester/commons-digester/1.8.1/commons-digester-1.8.1.jar:/home/user/.m2/repository/io/jaegertracing/jaeger-client/0.34.0/jaeger-client-0.34.0.jar:/home/user/.m2/repository/io/jaegertracing/jaeger-thrift/0.34.0/jaeger-thrift-0.34.0.jar:/home/user/.m2/repository/org/apache/thrift/libthrift/0.12.0/libthrift-0.12.0.jar:/home/user/.m2/repository/com/squareup/okhttp3/okhttp/3.9.0/okhttp-3.9.0.jar:/home/user/.m2/repository/com/squareup/okio/okio/1.13.0/okio-1.13.0.jar:/home/user/.m2/repository/io/jaegertracing/jaeger-core/0.34.0/jaeger-core-0.34.0.jar:/home/user/.m2/repository/io/jaegertracing/jaeger-tracerresolver/0.34.0/jaeger-tracerresolver-0.34.0.jar:/home/user/.m2/repository/io/opentracing/contrib/opentracing-tracerresolver/0.1.5/opentracing-tracerresolver-0.1.5.jar:/home/user/.m2/repository/io/opentracing/opentracing-util/0.31.0/opentracing-util-0.31.0.jar:/home/user/.m2/repository/io/opentracing/opentracing-api/0.31.0/opentracing-api-0.31.0.jar:/home/user/.m2/repository/io/opentracing/opentracing-noop/0.31.0/opentracing-noop-0.31.0.jar:/home/user/.m2/repository/org/apache/hadoop/hadoop-hdds-server-framework/0.5.0-SNAPSHOT/hadoop-hdds-server-framework-0.5.0-SNAPSHOT.jar:/home/user/.m2/repository/org/apache/hadoop/hadoop-hdds-container-service/0.5.0-SNAPSHOT/hadoop-hdds-container-service-0.5.0-SNAPSHOT.jar:/home/user/.m2/repository/org/apache/hadoop/hadoop-hdds-client/0.5.0-SNAPSHOT/hadoop-hdds-client-0.5.0-SNAPSHOT.jar:/home/user/.m2/repository/org/apache/hadoop/hadoop-hdds-tools/0.5.0-SNAPSHOT/hadoop-hdds-tools-0.5.0-SNAPSHOT.jar:/home/user/.m2/repository/org/apache/hadoop/hadoop-hdds-server-scm/0.5.0-SNAPSHOT/hadoop-hdds-server-scm-0.5.0-SNAPSHOT.jar:/home/user/.m2/repository/org/apache/hadoop/hadoop-hdds-docs/0.5.0-SNAPSHOT/hadoop-hdds-docs-0.5.0-SNAPSHOT.jar:/home/user/.m2/repository/io/dropwizard/metrics/metrics-core/3.2.4/metrics-core-3.2.4.jar:/home/user/.m2/repository/org/hamcrest/hamcrest-all/1.3/hamcrest-all-1.3.jar:/home/user/.m2/repository/org/bouncycastle/bcprov-jdk15on/1.60/bcprov-jdk15on-1.60.jar:/home/user/.m2/repository/info/picocli/picocli/3.9.6/picocli-3.9.6.jar:/home/user/.m2/repository/com/google/protobuf/protobuf-java/2.5.0/protobuf-java-2.5.0.jar:/home/user/.m2/repository/com/google/guava/guava/11.0.2/guava-11.0.2.jar:/home/user/.m2/repository/org/apache/hadoop/hadoop-ozone-ozone-manager/0.5.0-SNAPSHOT/hadoop-ozone-ozone-manager-0.5.0-SNAPSHOT.jar:/home/user/.m2/repository/org/apache/hadoop/hadoop-minikdc/3.2.0/hadoop-minikdc-3.2.0.jar:/home/user/.m2/repository/commons-io/commons-io/2.5/commons-io-2.5.jar:/home/user/.m2/repository/org/apache/kerby/kerb-simplekdc/1.0.1/kerb-simplekdc-1.0.1.jar:/home/user/.m2/repository/org/apache/kerby/kerb-client/1.0.1/kerb-client-1.0.1.jar:/home/user/.m2/repository/org/apache/kerby/kerby-config/1.0.1/kerby-config-1.0.1.jar:/home/user/.m2/repository/org/apache/kerby/kerb-core/1.0.1/kerb-core-1.0.1.jar:/home/user/.m2/repository/org/apache/kerby/kerby-pkix/1.0.1/kerby-pkix-1.0.1.jar:/home/user/.m2/repository/org/apache/kerby/kerby-asn1/1.0.1/kerby-asn1-1.0.1.jar:/home/user/.m2/repository/org/apache/kerby/kerby-util/1.0.1/kerby-util-1.0.1.jar:/home/user/.m2/repository/org/apache/kerby/kerb-common/1.0.1/kerb-common-1.0.1.jar:/home/user/.m2/repository/org/apache/kerby/kerb-crypto/1.0.1/kerb-crypto-1.0.1.jar:/home/user/.m2/repository/org/apache/kerby/kerb-util/1.0.1/kerb-util-1.0.1.jar:/home/user/.m2/repository/org/apache/kerby/token-provider/1.0.1/token-provider-1.0.1.jar:/home/user/.m2/repository/org/apache/kerby/kerb-admin/1.0.1/kerb-admin-1.0.1.jar:/home/user/.m2/repository/org/apache/kerby/kerb-server/1.0.1/kerb-server-1.0.1.jar:/home/user/.m2/repository/org/apache/kerby/kerb-identity/1.0.1/kerb-identity-1.0.1.jar:/home/user/.m2/repository/org/apache/kerby/kerby-xdr/1.0.1/kerby-xdr-1.0.1.jar:/home/user/.m2/repository/org/slf4j/slf4j-log4j12/1.7.25/slf4j-log4j12-1.7.25.jar:/home/user/.m2/repository/org/apache/hadoop/hadoop-ozone-s3gateway/0.5.0-SNAPSHOT/hadoop-ozone-s3gateway-0.5.0-SNAPSHOT.jar:/home/user/.m2/repository/org/jboss/weld/servlet/weld-servlet/2.4.7.Final/weld-servlet-2.4.7.Final.jar:/home/user/.m2/repository/org/glassfish/jersey/containers/jersey-container-servlet-core/2.27/jersey-container-servlet-core-2.27.jar:/home/user/.m2/repository/org/glassfish/hk2/external/javax.inject/2.5.0-b42/javax.inject-2.5.0-b42.jar:/home/user/.m2/repository/org/glassfish/jersey/core/jersey-common/2.27/jersey-common-2.27.jar:/home/user/.m2/repository/org/glassfish/hk2/osgi-resource-locator/1.0.1/osgi-resource-locator-1.0.1.jar:/home/user/.m2/repository/javax/ws/rs/javax.ws.rs-api/2.1/javax.ws.rs-api-2.1.jar:/home/user/.m2/repository/org/glassfish/jersey/ext/cdi/jersey-cdi1x/2.27/jersey-cdi1x-2.27.jar:/home/user/.m2/repository/org/glassfish/jersey/inject/jersey-hk2/2.27/jersey-hk2-2.27.jar:/home/user/.m2/repository/org/glassfish/hk2/hk2-locator/2.5.0-b42/hk2-locator-2.5.0-b42.jar:/home/user/.m2/repository/org/javassist/javassist/3.22.0-CR2/javassist-3.22.0-CR2.jar:/home/user/.m2/repository/org/glassfish/hk2/hk2-api/2.5.0/hk2-api-2.5.0.jar:/home/user/.m2/repository/org/glassfish/hk2/external/jakarta.inject/2.5.0/jakarta.inject-2.5.0.jar:/home/user/.m2/repository/org/glassfish/hk2/hk2-utils/2.5.0/hk2-utils-2.5.0.jar:/home/user/.m2/repository/jakarta/annotation/jakarta.annotation-api/1.3.4/jakarta.annotation-api-1.3.4.jar:/home/user/.m2/repository/org/glassfish/hk2/external/aopalliance-repackaged/2.5.0/aopalliance-repackaged-2.5.0.jar:/home/user/.m2/repository/com/fasterxml/jackson/dataformat/jackson-dataformat-xml/2.9.0/jackson-dataformat-xml-2.9.0.jar:/home/user/.m2/repository/com/fasterxml/jackson/core/jackson-core/2.9.9/jackson-core-2.9.9.jar:/home/user/.m2/repository/com/fasterxml/jackson/module/jackson-module-jaxb-annotations/2.9.9/jackson-module-jaxb-annotations-2.9.9.jar:/home/user/.m2/repository/javax/enterprise/cdi-api/1.2/cdi-api-1.2.jar:/home/user/.m2/repository/javax/el/javax.el-api/3.0.0/javax.el-api-3.0.0.jar:/home/user/.m2/repository/javax/interceptor/javax.interceptor-api/1.2/javax.interceptor-api-1.2.jar:/home/user/.m2/repository/javax/inject/javax.inject/1/javax.inject-1.jar:/home/user/.m2/repository/com/sun/xml/bind/jaxb-impl/2.3.0.1/jaxb-impl-2.3.0.1.jar:/home/user/.m2/repository/com/sun/xml/bind/jaxb-core/2.3.0.1/jaxb-core-2.3.0.1.jar:/home/user/.m2/repository/javax/xml/bind/jaxb-api/2.3.0/jaxb-api-2.3.0.jar:/home/user/.m2/repository/javax/activation/activation/1.1.1/activation-1.1.1.jar:/home/user/.m2/repository/org/apache/hadoop/hadoop-ozone-csi/0.5.0-SNAPSHOT/hadoop-ozone-csi-0.5.0-SNAPSHOT.jar:/home/user/.m2/repository/com/google/protobuf/protobuf-java-util/3.5.1/protobuf-java-util-3.5.1.jar:/home/user/.m2/repository/org/apache/hadoop/hadoop-hdds-config/0.5.0-SNAPSHOT/hadoop-hdds-config-0.5.0-SNAPSHOT.jar:/home/user/.m2/repository/io/grpc/grpc-netty/1.17.1/grpc-netty-1.17.1.jar:/home/user/.m2/repository/io/grpc/grpc-core/1.17.1/grpc-core-1.17.1.jar:/home/user/.m2/repository/io/grpc/grpc-context/1.17.1/grpc-context-1.17.1.jar:/home/user/.m2/repository/com/google/errorprone/error_prone_annotations/2.2.0/error_prone_annotations-2.2.0.jar:/home/user/.m2/repository/org/codehaus/mojo/animal-sniffer-annotations/1.17/animal-sniffer-annotations-1.17.jar:/home/user/.m2/repository/io/opencensus/opencensus-api/0.17.0/opencensus-api-0.17.0.jar:/home/user/.m2/repository/io/opencensus/opencensus-contrib-grpc-metrics/0.17.0/opencensus-contrib-grpc-metrics-0.17.0.jar:/home/user/.m2/repository/io/netty/netty-codec-http2/4.1.30.Final/netty-codec-http2-4.1.30.Final.jar:/home/user/.m2/repository/io/netty/netty-codec-http/4.1.30.Final/netty-codec-http-4.1.30.Final.jar:/home/user/.m2/repository/io/netty/netty-codec/4.1.30.Final/netty-codec-4.1.30.Final.jar:/home/user/.m2/repository/io/netty/netty-handler/4.1.30.Final/netty-handler-4.1.30.Final.jar:/home/user/.m2/repository/io/netty/netty-handler-proxy/4.1.30.Final/netty-handler-proxy-4.1.30.Final.jar:/home/user/.m2/repository/io/netty/netty-codec-socks/4.1.30.Final/netty-codec-socks-4.1.30.Final.jar:/home/user/.m2/repository/io/netty/netty-transport-native-epoll/4.1.30.Final/netty-transport-native-epoll-4.1.30.Final.jar:/home/user/.m2/repository/io/netty/netty-common/4.1.30.Final/netty-common-4.1.30.Final.jar:/home/user/.m2/repository/io/netty/netty-buffer/4.1.30.Final/netty-buffer-4.1.30.Final.jar:/home/user/.m2/repository/io/netty/netty-transport/4.1.30.Final/netty-transport-4.1.30.Final.jar:/home/user/.m2/repository/io/netty/netty-resolver/4.1.30.Final/netty-resolver-4.1.30.Final.jar:/home/user/.m2/repository/io/netty/netty-transport-native-unix-common/4.1.30.Final/netty-transport-native-unix-common-4.1.30.Final.jar:/home/user/.m2/repository/io/grpc/grpc-protobuf/1.17.1/grpc-protobuf-1.17.1.jar:/home/user/.m2/repository/com/google/api/grpc/proto-google-common-protos/1.0.0/proto-google-common-protos-1.0.0.jar:/home/user/.m2/repository/io/grpc/grpc-protobuf-lite/1.17.1/grpc-protobuf-lite-1.17.1.jar:/home/user/.m2/repository/io/grpc/grpc-stub/1.17.1/grpc-stub-1.17.1.jar:/home/user/.m2/repository/org/apache/hadoop/hadoop-ozone-recon/0.5.0-SNAPSHOT/hadoop-ozone-recon-0.5.0-SNAPSHOT.jar:/home/user/.m2/repository/org/apache/hadoop/hadoop-ozone-reconcodegen/0.5.0-SNAPSHOT/hadoop-ozone-reconcodegen-0.5.0-SNAPSHOT.jar:/home/user/.m2/repository/com/google/inject/extensions/guice-multibindings/4.0/guice-multibindings-4.0.jar:/home/user/.m2/repository/com/google/inject/guice/4.0/guice-4.0.jar:/home/user/.m2/repository/aopalliance/aopalliance/1.0/aopalliance-1.0.jar:/home/user/.m2/repository/com/google/inject/extensions/guice-servlet/4.0/guice-servlet-4.0.jar:/home/user/.m2/repository/org/glassfish/jersey/containers/jersey-container-servlet/2.27/jersey-container-servlet-2.27.jar:/home/user/.m2/repository/org/glassfish/hk2/guice-bridge/2.5.0/guice-bridge-2.5.0.jar:/home/user/.m2/repository/org/glassfish/jersey/core/jersey-server/2.27/jersey-server-2.27.jar:/home/user/.m2/repository/org/glassfish/jersey/core/jersey-client/2.27/jersey-client-2.27.jar:/home/user/.m2/repository/org/glassfish/jersey/media/jersey-media-jaxb/2.27/jersey-media-jaxb-2.27.jar:/home/user/.m2/repository/javax/validation/validation-api/1.1.0.Final/validation-api-1.1.0.Final.jar:/home/user/.m2/repository/org/glassfish/jersey/media/jersey-media-json-jackson/2.27/jersey-media-json-jackson-2.27.jar:/home/user/.m2/repository/org/glassfish/jersey/ext/jersey-entity-filtering/2.27/jersey-entity-filtering-2.27.jar:/home/user/.m2/repository/com/google/inject/extensions/guice-assistedinject/4.0/guice-assistedinject-4.0.jar:/home/user/.m2/repository/org/jooq/jooq/3.11.10/jooq-3.11.10.jar:/home/user/.m2/repository/org/jooq/jooq-meta/3.11.10/jooq-meta-3.11.10.jar:/home/user/.m2/repository/org/jooq/jooq-codegen/3.11.10/jooq-codegen-3.11.10.jar:/home/user/.m2/repository/com/jolbox/bonecp/0.8.0.RELEASE/bonecp-0.8.0.RELEASE.jar:/home/user/.m2/repository/org/xerial/sqlite-jdbc/3.25.2/sqlite-jdbc-3.25.2.jar:/home/user/.m2/repository/org/springframework/spring-jdbc/5.1.3.RELEASE/spring-jdbc-5.1.3.RELEASE.jar:/home/user/.m2/repository/org/springframework/spring-beans/5.1.3.RELEASE/spring-beans-5.1.3.RELEASE.jar:/home/user/.m2/repository/org/springframework/spring-core/5.1.3.RELEASE/spring-core-5.1.3.RELEASE.jar:/home/user/.m2/repository/org/springframework/spring-jcl/5.1.3.RELEASE/spring-jcl-5.1.3.RELEASE.jar:/home/user/.m2/repository/org/springframework/spring-tx/5.1.3.RELEASE/spring-tx-5.1.3.RELEASE.jar:/home/user/.m2/repository/org/apache/hadoop/hadoop-ozone-client/0.5.0-SNAPSHOT/hadoop-ozone-client-0.5.0-SNAPSHOT.jar:/home/user/.m2/repository/commons-lang/commons-lang/2.6/commons-lang-2.6.jar:/home/user/.m2/repository/org/apache/hadoop/hadoop-ozone-ozone-manager/0.5.0-SNAPSHOT/hadoop-ozone-ozone-manager-0.5.0-SNAPSHOT-tests.jar:/home/user/.m2/repository/junit/junit/4.11/junit-4.11.jar:/home/user/.m2/repository/org/hamcrest/hamcrest-core/1.3/hamcrest-core-1.3.jar:/home/user/.m2/repository/org/openjdk/jmh/jmh-core/1.19/jmh-core-1.19.jar:/home/user/.m2/repository/net/sf/jopt-simple/jopt-simple/4.6/jopt-simple-4.6.jar:/home/user/.m2/repository/org/apache/commons/commons-math3/3.1.1/commons-math3-3.1.1.jar:/home/user/.m2/repository/org/openjdk/jmh/jmh-generator-annprocess/1.19/jmh-generator-annprocess-1.19.jar:/home/user/.m2/repository/org/mockito/mockito-all/1.8.5/mockito-all-1.8.5.jar:/home/user/.m2/repository/org/apache/hadoop/hadoop-kms/3.2.0/hadoop-kms-3.2.0.jar:/home/user/.m2/repository/org/apache/hadoop/hadoop-auth/3.2.0/hadoop-auth-3.2.0.jar:/home/user/.m2/repository/com/nimbusds/nimbus-jose-jwt/4.41.1/nimbus-jose-jwt-4.41.1.jar:/home/user/.m2/repository/com/github/stephenc/jcip/jcip-annotations/1.0-1/jcip-annotations-1.0-1.jar:/home/user/.m2/repository/net/minidev/json-smart/2.3/json-smart-2.3.jar:/home/user/.m2/repository/net/minidev/accessors-smart/1.2/accessors-smart-1.2.jar:/home/user/.m2/repository/org/ow2/asm/asm/5.0.4/asm-5.0.4.jar:/home/user/.m2/repository/org/apache/curator/curator-framework/2.12.0/curator-framework-2.12.0.jar:/home/user/.m2/repository/com/sun/jersey/jersey-core/1.19/jersey-core-1.19.jar:/home/user/.m2/repository/javax/ws/rs/jsr311-api/1.1.1/jsr311-api-1.1.1.jar:/home/user/.m2/repository/com/sun/jersey/jersey-server/1.19/jersey-server-1.19.jar:/home/user/.m2/repository/javax/servlet/javax.servlet-api/3.1.0/javax.servlet-api-3.1.0.jar:/home/user/.m2/repository/org/eclipse/jetty/jetty-server/9.3.25.v20180904/jetty-server-9.3.25.v20180904.jar:/home/user/.m2/repository/org/eclipse/jetty/jetty-http/9.3.25.v20180904/jetty-http-9.3.25.v20180904.jar:/home/user/.m2/repository/org/eclipse/jetty/jetty-io/9.3.25.v20180904/jetty-io-9.3.25.v20180904.jar:/home/user/.m2/repository/org/eclipse/jetty/jetty-webapp/9.3.25.v20180904/jetty-webapp-9.3.25.v20180904.jar:/home/user/.m2/repository/org/eclipse/jetty/jetty-xml/9.3.25.v20180904/jetty-xml-9.3.25.v20180904.jar:/home/user/.m2/repository/log4j/log4j/1.2.17/log4j-1.2.17.jar:/home/user/.m2/repository/org/slf4j/slf4j-api/1.7.25/slf4j-api-1.7.25.jar:/home/user/.m2/repository/org/slf4j/jul-to-slf4j/1.7.25/jul-to-slf4j-1.7.25.jar:/home/user/.m2/repository/org/eclipse/jetty/jetty-util/9.3.25.v20180904/jetty-util-9.3.25.v20180904.jar:/home/user/.m2/repository/com/fasterxml/jackson/core/jackson-databind/2.9.9/jackson-databind-2.9.9.jar:/home/user/.m2/repository/org/apache/hadoop/hadoop-kms/3.2.0/hadoop-kms-3.2.0-tests.jar:/home/user/.m2/repository/org/apache/hadoop/hadoop-hdds-server-scm/0.5.0-SNAPSHOT/hadoop-hdds-server-scm-0.5.0-SNAPSHOT-tests.jar:/home/user/.m2/repository/org/apache/hadoop/hadoop-hdds-container-service/0.5.0-SNAPSHOT/hadoop-hdds-container-service-0.5.0-SNAPSHOT-tests.jar:/home/user/.m2/repository/org/yaml/snakeyaml/1.16/snakeyaml-1.16.jar:/home/user/.m2/repository/org/apache/hadoop/hadoop-common/3.2.0/hadoop-common-3.2.0-tests.jar:/home/user/.m2/repository/org/apache/hadoop/hadoop-annotations/3.2.0/hadoop-annotations-3.2.0.jar:/usr/lib/jvm/java-1.8-openjdk/jre/../lib/tools.jar:/home/user/.m2/repository/commons-cli/commons-cli/1.2/commons-cli-1.2.jar:/home/user/.m2/repository/org/apache/httpcomponents/httpclient/4.5.2/httpclient-4.5.2.jar:/home/user/.m2/repository/org/apache/httpcomponents/httpcore/4.4.4/httpcore-4.4.4.jar:/home/user/.m2/repository/commons-codec/commons-codec/1.11/commons-codec-1.11.jar:/home/user/.m2/repository/commons-net/commons-net/3.6/commons-net-3.6.jar:/home/user/.m2/repository/commons-collections/commons-collections/3.2.2/commons-collections-3.2.2.jar:/home/user/.m2/repository/org/eclipse/jetty/jetty-servlet/9.3.25.v20180904/jetty-servlet-9.3.25.v20180904.jar:/home/user/.m2/repository/org/eclipse/jetty/jetty-security/9.3.25.v20180904/jetty-security-9.3.25.v20180904.jar:/home/user/.m2/repository/javax/servlet/jsp/jsp-api/2.1/jsp-api-2.1.jar:/home/user/.m2/repository/com/sun/jersey/jersey-servlet/1.19/jersey-servlet-1.19.jar:/home/user/.m2/repository/com/sun/jersey/jersey-json/1.19/jersey-json-1.19.jar:/home/user/.m2/repository/org/codehaus/jettison/jettison/1.1/jettison-1.1.jar:/home/user/.m2/repository/org/codehaus/jackson/jackson-core-asl/1.9.13/jackson-core-asl-1.9.13.jar:/home/user/.m2/repository/org/codehaus/jackson/jackson-mapper-asl/1.9.13/jackson-mapper-asl-1.9.13.jar:/home/user/.m2/repository/org/codehaus/jackson/jackson-jaxrs/1.9.13/jackson-jaxrs-1.9.13.jar:/home/user/.m2/repository/org/codehaus/jackson/jackson-xc/1.9.13/jackson-xc-1.9.13.jar:/home/user/.m2/repository/commons-logging/commons-logging/1.1.3/commons-logging-1.1.3.jar:/home/user/.m2/repository/commons-beanutils/commons-beanutils/1.9.4/commons-beanutils-1.9.4.jar:/home/user/.m2/repository/org/apache/commons/commons-configuration2/2.1.1/commons-configuration2-2.1.1.jar:/home/user/.m2/repository/org/apache/commons/commons-lang3/3.7/commons-lang3-3.7.jar:/home/user/.m2/repository/org/apache/commons/commons-text/1.4/commons-text-1.4.jar:/home/user/.m2/repository/org/apache/avro/avro/1.7.7/avro-1.7.7.jar:/home/user/.m2/repository/com/thoughtworks/paranamer/paranamer/2.3/paranamer-2.3.jar:/home/user/.m2/repository/org/xerial/snappy/snappy-java/1.0.5/snappy-java-1.0.5.jar:/home/user/.m2/repository/com/google/re2j/re2j/1.1/re2j-1.1.jar:/home/user/.m2/repository/com/google/code/gson/gson/2.2.4/gson-2.2.4.jar:/home/user/.m2/repository/com/jcraft/jsch/0.1.54/jsch-0.1.54.jar:/home/user/.m2/repository/org/apache/curator/curator-client/2.12.0/curator-client-2.12.0.jar:/home/user/.m2/repository/org/apache/curator/curator-recipes/2.12.0/curator-recipes-2.12.0.jar:/home/user/.m2/repository/com/google/code/findbugs/jsr305/3.0.0/jsr305-3.0.0.jar:/home/user/.m2/repository/org/apache/htrace/htrace-core4/4.1.0-incubating/htrace-core4-4.1.0-incubating.jar:/home/user/.m2/repository/org/apache/zookeeper/zookeeper/3.4.13/zookeeper-3.4.13.jar:/home/user/.m2/repository/jline/jline/0.9.94/jline-0.9.94.jar:/home/user/.m2/repository/org/apache/yetus/audience-annotations/0.5.0/audience-annotations-0.5.0.jar:/home/user/.m2/repository/org/codehaus/woodstox/stax2-api/3.1.4/stax2-api-3.1.4.jar:/home/user/.m2/repository/com/fasterxml/woodstox/woodstox-core/5.0.3/woodstox-core-5.0.3.jar:/home/user/.m2/repository/dnsjava/dnsjava/2.1.7/dnsjava-2.1.7.jar:/home/user/.m2/repository/org/apache/hadoop/hadoop-hdfs/3.2.0/hadoop-hdfs-3.2.0-tests.jar:/home/user/.m2/repository/org/eclipse/jetty/jetty-util-ajax/9.3.25.v20180904/jetty-util-ajax-9.3.25.v20180904.jar:/home/user/.m2/repository/commons-daemon/commons-daemon/1.0.13/commons-daemon-1.0.13.jar:/home/user/.m2/repository/io/netty/netty/3.10.5.Final/netty-3.10.5.Final.jar:/home/user/.m2/repository/io/netty/netty-all/4.0.52.Final/netty-all-4.0.52.Final.jar:/home/user/.m2/repository/org/fusesource/leveldbjni/leveldbjni-all/1.8/leveldbjni-all-1.8.jar:"/>
    <property name="java.vm.vendor" value="IcedTea"/>
    <property name="sun.arch.data.model" value="64"/>
    <property name="test.build.dir" value="/workdir/hadoop-ozone/integration-test/target/test-dir"/>
    <property name="test.cache.data" value=""/>
    <property name="java.vendor.url" value="https://icedtea.classpath.org"/>
    <property name="user.timezone" value=""/>
    <property name="java.vm.specification.version" value="1.8"/>
    <property name="os.name" value="Linux"/>
    <property name="test.build.data" value="/workdir/hadoop-ozone/integration-test/target/test-dir"/>
    <property name="user.country" value="US"/>
    <property name="sun.java.launcher" value="SUN_STANDARD"/>
    <property name="sun.boot.library.path" value="/usr/lib/jvm/java-1.8-openjdk/jre/lib/amd64"/>
    <property name="sun.java.command" value="/workdir/hadoop-ozone/integration-test/target/surefire/surefirebooter1206406618230026364.jar /workdir/hadoop-ozone/integration-test/target/surefire 2019-10-04T07-58-04_623-jvmRun1 surefire6861340571590919116tmp surefire_636890225521514751261tmp"/>
    <property name="test" value="!TestMiniChaosOzoneCluster"/>
    <property name="surefire.test.class.path" value="/workdir/hadoop-ozone/integration-test/target/test-classes:/workdir/hadoop-ozone/integration-test/target/classes:/home/user/.m2/repository/org/apache/hadoop/hadoop-ozone-common/0.5.0-SNAPSHOT/hadoop-ozone-common-0.5.0-SNAPSHOT.jar:/home/user/.m2/repository/org/apache/commons/commons-compress/1.4.1/commons-compress-1.4.1.jar:/home/user/.m2/repository/org/tukaani/xz/1.0/xz-1.0.jar:/home/user/.m2/repository/org/apache/hadoop/hadoop-common/3.2.0/hadoop-common-3.2.0.jar:/home/user/.m2/repository/org/apache/hadoop/hadoop-hdfs/3.2.0/hadoop-hdfs-3.2.0.jar:/home/user/.m2/repository/org/apache/hadoop/hadoop-hdfs-client/3.2.0/hadoop-hdfs-client-3.2.0.jar:/home/user/.m2/repository/com/fasterxml/jackson/core/jackson-annotations/2.9.9/jackson-annotations-2.9.9.jar:/home/user/.m2/repository/org/apache/hadoop/hadoop-hdds-common/0.5.0-SNAPSHOT/hadoop-hdds-common-0.5.0-SNAPSHOT.jar:/home/user/.m2/repository/javax/annotation/javax.annotation-api/1.2/javax.annotation-api-1.2.jar:/home/user/.m2/repository/org/apache/ratis/ratis-server/0.5.0-201fc85-SNAPSHOT/ratis-server-0.5.0-201fc85-SNAPSHOT.jar:/home/user/.m2/repository/org/apache/ratis/ratis-thirdparty-misc/0.2.0/ratis-thirdparty-misc-0.2.0.jar:/home/user/.m2/repository/org/apache/ratis/ratis-proto/0.5.0-201fc85-SNAPSHOT/ratis-proto-0.5.0-201fc85-SNAPSHOT.jar:/home/user/.m2/repository/org/apache/ratis/ratis-common/0.5.0-201fc85-SNAPSHOT/ratis-common-0.5.0-201fc85-SNAPSHOT.jar:/home/user/.m2/repository/org/apache/ratis/ratis-client/0.5.0-201fc85-SNAPSHOT/ratis-client-0.5.0-201fc85-SNAPSHOT.jar:/home/user/.m2/repository/org/apache/ratis/ratis-metrics/0.5.0-201fc85-SNAPSHOT/ratis-metrics-0.5.0-201fc85-SNAPSHOT.jar:/home/user/.m2/repository/com/github/joshelser/dropwizard-metrics-hadoop-metrics2-reporter/0.1.2/dropwizard-metrics-hadoop-metrics2-reporter-0.1.2.jar:/home/user/.m2/repository/io/dropwizard/metrics/metrics-jvm/3.2.5/metrics-jvm-3.2.5.jar:/home/user/.m2/repository/io/dropwizard/metrics/metrics-ganglia/3.2.5/metrics-ganglia-3.2.5.jar:/home/user/.m2/repository/info/ganglia/gmetric4j/gmetric4j/1.0.7/gmetric4j-1.0.7.jar:/home/user/.m2/repository/org/apache/ratis/ratis-netty/0.5.0-201fc85-SNAPSHOT/ratis-netty-0.5.0-201fc85-SNAPSHOT.jar:/home/user/.m2/repository/org/apache/ratis/ratis-grpc/0.5.0-201fc85-SNAPSHOT/ratis-grpc-0.5.0-201fc85-SNAPSHOT.jar:/home/user/.m2/repository/org/rocksdb/rocksdbjni/6.0.1/rocksdbjni-6.0.1.jar:/home/user/.m2/repository/org/apache/logging/log4j/log4j-api/2.11.0/log4j-api-2.11.0.jar:/home/user/.m2/repository/org/apache/logging/log4j/log4j-core/2.11.0/log4j-core-2.11.0.jar:/home/user/.m2/repository/com/lmax/disruptor/3.4.2/disruptor-3.4.2.jar:/home/user/.m2/repository/org/apache/commons/commons-pool2/2.6.0/commons-pool2-2.6.0.jar:/home/user/.m2/repository/org/bouncycastle/bcpkix-jdk15on/1.60/bcpkix-jdk15on-1.60.jar:/home/user/.m2/repository/commons-validator/commons-validator/1.6/commons-validator-1.6.jar:/home/user/.m2/repository/commons-digester/commons-digester/1.8.1/commons-digester-1.8.1.jar:/home/user/.m2/repository/io/jaegertracing/jaeger-client/0.34.0/jaeger-client-0.34.0.jar:/home/user/.m2/repository/io/jaegertracing/jaeger-thrift/0.34.0/jaeger-thrift-0.34.0.jar:/home/user/.m2/repository/org/apache/thrift/libthrift/0.12.0/libthrift-0.12.0.jar:/home/user/.m2/repository/com/squareup/okhttp3/okhttp/3.9.0/okhttp-3.9.0.jar:/home/user/.m2/repository/com/squareup/okio/okio/1.13.0/okio-1.13.0.jar:/home/user/.m2/repository/io/jaegertracing/jaeger-core/0.34.0/jaeger-core-0.34.0.jar:/home/user/.m2/repository/io/jaegertracing/jaeger-tracerresolver/0.34.0/jaeger-tracerresolver-0.34.0.jar:/home/user/.m2/repository/io/opentracing/contrib/opentracing-tracerresolver/0.1.5/opentracing-tracerresolver-0.1.5.jar:/home/user/.m2/repository/io/opentracing/opentracing-util/0.31.0/opentracing-util-0.31.0.jar:/home/user/.m2/repository/io/opentracing/opentracing-api/0.31.0/opentracing-api-0.31.0.jar:/home/user/.m2/repository/io/opentracing/opentracing-noop/0.31.0/opentracing-noop-0.31.0.jar:/home/user/.m2/repository/org/apache/hadoop/hadoop-hdds-server-framework/0.5.0-SNAPSHOT/hadoop-hdds-server-framework-0.5.0-SNAPSHOT.jar:/home/user/.m2/repository/org/apache/hadoop/hadoop-hdds-container-service/0.5.0-SNAPSHOT/hadoop-hdds-container-service-0.5.0-SNAPSHOT.jar:/home/user/.m2/repository/org/apache/hadoop/hadoop-hdds-client/0.5.0-SNAPSHOT/hadoop-hdds-client-0.5.0-SNAPSHOT.jar:/home/user/.m2/repository/org/apache/hadoop/hadoop-hdds-tools/0.5.0-SNAPSHOT/hadoop-hdds-tools-0.5.0-SNAPSHOT.jar:/home/user/.m2/repository/org/apache/hadoop/hadoop-hdds-server-scm/0.5.0-SNAPSHOT/hadoop-hdds-server-scm-0.5.0-SNAPSHOT.jar:/home/user/.m2/repository/org/apache/hadoop/hadoop-hdds-docs/0.5.0-SNAPSHOT/hadoop-hdds-docs-0.5.0-SNAPSHOT.jar:/home/user/.m2/repository/io/dropwizard/metrics/metrics-core/3.2.4/metrics-core-3.2.4.jar:/home/user/.m2/repository/org/hamcrest/hamcrest-all/1.3/hamcrest-all-1.3.jar:/home/user/.m2/repository/org/bouncycastle/bcprov-jdk15on/1.60/bcprov-jdk15on-1.60.jar:/home/user/.m2/repository/info/picocli/picocli/3.9.6/picocli-3.9.6.jar:/home/user/.m2/repository/com/google/protobuf/protobuf-java/2.5.0/protobuf-java-2.5.0.jar:/home/user/.m2/repository/com/google/guava/guava/11.0.2/guava-11.0.2.jar:/home/user/.m2/repository/org/apache/hadoop/hadoop-ozone-ozone-manager/0.5.0-SNAPSHOT/hadoop-ozone-ozone-manager-0.5.0-SNAPSHOT.jar:/home/user/.m2/repository/org/apache/hadoop/hadoop-minikdc/3.2.0/hadoop-minikdc-3.2.0.jar:/home/user/.m2/repository/commons-io/commons-io/2.5/commons-io-2.5.jar:/home/user/.m2/repository/org/apache/kerby/kerb-simplekdc/1.0.1/kerb-simplekdc-1.0.1.jar:/home/user/.m2/repository/org/apache/kerby/kerb-client/1.0.1/kerb-client-1.0.1.jar:/home/user/.m2/repository/org/apache/kerby/kerby-config/1.0.1/kerby-config-1.0.1.jar:/home/user/.m2/repository/org/apache/kerby/kerb-core/1.0.1/kerb-core-1.0.1.jar:/home/user/.m2/repository/org/apache/kerby/kerby-pkix/1.0.1/kerby-pkix-1.0.1.jar:/home/user/.m2/repository/org/apache/kerby/kerby-asn1/1.0.1/kerby-asn1-1.0.1.jar:/home/user/.m2/repository/org/apache/kerby/kerby-util/1.0.1/kerby-util-1.0.1.jar:/home/user/.m2/repository/org/apache/kerby/kerb-common/1.0.1/kerb-common-1.0.1.jar:/home/user/.m2/repository/org/apache/kerby/kerb-crypto/1.0.1/kerb-crypto-1.0.1.jar:/home/user/.m2/repository/org/apache/kerby/kerb-util/1.0.1/kerb-util-1.0.1.jar:/home/user/.m2/repository/org/apache/kerby/token-provider/1.0.1/token-provider-1.0.1.jar:/home/user/.m2/repository/org/apache/kerby/kerb-admin/1.0.1/kerb-admin-1.0.1.jar:/home/user/.m2/repository/org/apache/kerby/kerb-server/1.0.1/kerb-server-1.0.1.jar:/home/user/.m2/repository/org/apache/kerby/kerb-identity/1.0.1/kerb-identity-1.0.1.jar:/home/user/.m2/repository/org/apache/kerby/kerby-xdr/1.0.1/kerby-xdr-1.0.1.jar:/home/user/.m2/repository/org/slf4j/slf4j-log4j12/1.7.25/slf4j-log4j12-1.7.25.jar:/home/user/.m2/repository/org/apache/hadoop/hadoop-ozone-s3gateway/0.5.0-SNAPSHOT/hadoop-ozone-s3gateway-0.5.0-SNAPSHOT.jar:/home/user/.m2/repository/org/jboss/weld/servlet/weld-servlet/2.4.7.Final/weld-servlet-2.4.7.Final.jar:/home/user/.m2/repository/org/glassfish/jersey/containers/jersey-container-servlet-core/2.27/jersey-container-servlet-core-2.27.jar:/home/user/.m2/repository/org/glassfish/hk2/external/javax.inject/2.5.0-b42/javax.inject-2.5.0-b42.jar:/home/user/.m2/repository/org/glassfish/jersey/core/jersey-common/2.27/jersey-common-2.27.jar:/home/user/.m2/repository/org/glassfish/hk2/osgi-resource-locator/1.0.1/osgi-resource-locator-1.0.1.jar:/home/user/.m2/repository/javax/ws/rs/javax.ws.rs-api/2.1/javax.ws.rs-api-2.1.jar:/home/user/.m2/repository/org/glassfish/jersey/ext/cdi/jersey-cdi1x/2.27/jersey-cdi1x-2.27.jar:/home/user/.m2/repository/org/glassfish/jersey/inject/jersey-hk2/2.27/jersey-hk2-2.27.jar:/home/user/.m2/repository/org/glassfish/hk2/hk2-locator/2.5.0-b42/hk2-locator-2.5.0-b42.jar:/home/user/.m2/repository/org/javassist/javassist/3.22.0-CR2/javassist-3.22.0-CR2.jar:/home/user/.m2/repository/org/glassfish/hk2/hk2-api/2.5.0/hk2-api-2.5.0.jar:/home/user/.m2/repository/org/glassfish/hk2/external/jakarta.inject/2.5.0/jakarta.inject-2.5.0.jar:/home/user/.m2/repository/org/glassfish/hk2/hk2-utils/2.5.0/hk2-utils-2.5.0.jar:/home/user/.m2/repository/jakarta/annotation/jakarta.annotation-api/1.3.4/jakarta.annotation-api-1.3.4.jar:/home/user/.m2/repository/org/glassfish/hk2/external/aopalliance-repackaged/2.5.0/aopalliance-repackaged-2.5.0.jar:/home/user/.m2/repository/com/fasterxml/jackson/dataformat/jackson-dataformat-xml/2.9.0/jackson-dataformat-xml-2.9.0.jar:/home/user/.m2/repository/com/fasterxml/jackson/core/jackson-core/2.9.9/jackson-core-2.9.9.jar:/home/user/.m2/repository/com/fasterxml/jackson/module/jackson-module-jaxb-annotations/2.9.9/jackson-module-jaxb-annotations-2.9.9.jar:/home/user/.m2/repository/javax/enterprise/cdi-api/1.2/cdi-api-1.2.jar:/home/user/.m2/repository/javax/el/javax.el-api/3.0.0/javax.el-api-3.0.0.jar:/home/user/.m2/repository/javax/interceptor/javax.interceptor-api/1.2/javax.interceptor-api-1.2.jar:/home/user/.m2/repository/javax/inject/javax.inject/1/javax.inject-1.jar:/home/user/.m2/repository/com/sun/xml/bind/jaxb-impl/2.3.0.1/jaxb-impl-2.3.0.1.jar:/home/user/.m2/repository/com/sun/xml/bind/jaxb-core/2.3.0.1/jaxb-core-2.3.0.1.jar:/home/user/.m2/repository/javax/xml/bind/jaxb-api/2.3.0/jaxb-api-2.3.0.jar:/home/user/.m2/repository/javax/activation/activation/1.1.1/activation-1.1.1.jar:/home/user/.m2/repository/org/apache/hadoop/hadoop-ozone-csi/0.5.0-SNAPSHOT/hadoop-ozone-csi-0.5.0-SNAPSHOT.jar:/home/user/.m2/repository/com/google/protobuf/protobuf-java-util/3.5.1/protobuf-java-util-3.5.1.jar:/home/user/.m2/repository/org/apache/hadoop/hadoop-hdds-config/0.5.0-SNAPSHOT/hadoop-hdds-config-0.5.0-SNAPSHOT.jar:/home/user/.m2/repository/io/grpc/grpc-netty/1.17.1/grpc-netty-1.17.1.jar:/home/user/.m2/repository/io/grpc/grpc-core/1.17.1/grpc-core-1.17.1.jar:/home/user/.m2/repository/io/grpc/grpc-context/1.17.1/grpc-context-1.17.1.jar:/home/user/.m2/repository/com/google/errorprone/error_prone_annotations/2.2.0/error_prone_annotations-2.2.0.jar:/home/user/.m2/repository/org/codehaus/mojo/animal-sniffer-annotations/1.17/animal-sniffer-annotations-1.17.jar:/home/user/.m2/repository/io/opencensus/opencensus-api/0.17.0/opencensus-api-0.17.0.jar:/home/user/.m2/repository/io/opencensus/opencensus-contrib-grpc-metrics/0.17.0/opencensus-contrib-grpc-metrics-0.17.0.jar:/home/user/.m2/repository/io/netty/netty-codec-http2/4.1.30.Final/netty-codec-http2-4.1.30.Final.jar:/home/user/.m2/repository/io/netty/netty-codec-http/4.1.30.Final/netty-codec-http-4.1.30.Final.jar:/home/user/.m2/repository/io/netty/netty-codec/4.1.30.Final/netty-codec-4.1.30.Final.jar:/home/user/.m2/repository/io/netty/netty-handler/4.1.30.Final/netty-handler-4.1.30.Final.jar:/home/user/.m2/repository/io/netty/netty-handler-proxy/4.1.30.Final/netty-handler-proxy-4.1.30.Final.jar:/home/user/.m2/repository/io/netty/netty-codec-socks/4.1.30.Final/netty-codec-socks-4.1.30.Final.jar:/home/user/.m2/repository/io/netty/netty-transport-native-epoll/4.1.30.Final/netty-transport-native-epoll-4.1.30.Final.jar:/home/user/.m2/repository/io/netty/netty-common/4.1.30.Final/netty-common-4.1.30.Final.jar:/home/user/.m2/repository/io/netty/netty-buffer/4.1.30.Final/netty-buffer-4.1.30.Final.jar:/home/user/.m2/repository/io/netty/netty-transport/4.1.30.Final/netty-transport-4.1.30.Final.jar:/home/user/.m2/repository/io/netty/netty-resolver/4.1.30.Final/netty-resolver-4.1.30.Final.jar:/home/user/.m2/repository/io/netty/netty-transport-native-unix-common/4.1.30.Final/netty-transport-native-unix-common-4.1.30.Final.jar:/home/user/.m2/repository/io/grpc/grpc-protobuf/1.17.1/grpc-protobuf-1.17.1.jar:/home/user/.m2/repository/com/google/api/grpc/proto-google-common-protos/1.0.0/proto-google-common-protos-1.0.0.jar:/home/user/.m2/repository/io/grpc/grpc-protobuf-lite/1.17.1/grpc-protobuf-lite-1.17.1.jar:/home/user/.m2/repository/io/grpc/grpc-stub/1.17.1/grpc-stub-1.17.1.jar:/home/user/.m2/repository/org/apache/hadoop/hadoop-ozone-recon/0.5.0-SNAPSHOT/hadoop-ozone-recon-0.5.0-SNAPSHOT.jar:/home/user/.m2/repository/org/apache/hadoop/hadoop-ozone-reconcodegen/0.5.0-SNAPSHOT/hadoop-ozone-reconcodegen-0.5.0-SNAPSHOT.jar:/home/user/.m2/repository/com/google/inject/extensions/guice-multibindings/4.0/guice-multibindings-4.0.jar:/home/user/.m2/repository/com/google/inject/guice/4.0/guice-4.0.jar:/home/user/.m2/repository/aopalliance/aopalliance/1.0/aopalliance-1.0.jar:/home/user/.m2/repository/com/google/inject/extensions/guice-servlet/4.0/guice-servlet-4.0.jar:/home/user/.m2/repository/org/glassfish/jersey/containers/jersey-container-servlet/2.27/jersey-container-servlet-2.27.jar:/home/user/.m2/repository/org/glassfish/hk2/guice-bridge/2.5.0/guice-bridge-2.5.0.jar:/home/user/.m2/repository/org/glassfish/jersey/core/jersey-server/2.27/jersey-server-2.27.jar:/home/user/.m2/repository/org/glassfish/jersey/core/jersey-client/2.27/jersey-client-2.27.jar:/home/user/.m2/repository/org/glassfish/jersey/media/jersey-media-jaxb/2.27/jersey-media-jaxb-2.27.jar:/home/user/.m2/repository/javax/validation/validation-api/1.1.0.Final/validation-api-1.1.0.Final.jar:/home/user/.m2/repository/org/glassfish/jersey/media/jersey-media-json-jackson/2.27/jersey-media-json-jackson-2.27.jar:/home/user/.m2/repository/org/glassfish/jersey/ext/jersey-entity-filtering/2.27/jersey-entity-filtering-2.27.jar:/home/user/.m2/repository/com/google/inject/extensions/guice-assistedinject/4.0/guice-assistedinject-4.0.jar:/home/user/.m2/repository/org/jooq/jooq/3.11.10/jooq-3.11.10.jar:/home/user/.m2/repository/org/jooq/jooq-meta/3.11.10/jooq-meta-3.11.10.jar:/home/user/.m2/repository/org/jooq/jooq-codegen/3.11.10/jooq-codegen-3.11.10.jar:/home/user/.m2/repository/com/jolbox/bonecp/0.8.0.RELEASE/bonecp-0.8.0.RELEASE.jar:/home/user/.m2/repository/org/xerial/sqlite-jdbc/3.25.2/sqlite-jdbc-3.25.2.jar:/home/user/.m2/repository/org/springframework/spring-jdbc/5.1.3.RELEASE/spring-jdbc-5.1.3.RELEASE.jar:/home/user/.m2/repository/org/springframework/spring-beans/5.1.3.RELEASE/spring-beans-5.1.3.RELEASE.jar:/home/user/.m2/repository/org/springframework/spring-core/5.1.3.RELEASE/spring-core-5.1.3.RELEASE.jar:/home/user/.m2/repository/org/springframework/spring-jcl/5.1.3.RELEASE/spring-jcl-5.1.3.RELEASE.jar:/home/user/.m2/repository/org/springframework/spring-tx/5.1.3.RELEASE/spring-tx-5.1.3.RELEASE.jar:/home/user/.m2/repository/org/apache/hadoop/hadoop-ozone-client/0.5.0-SNAPSHOT/hadoop-ozone-client-0.5.0-SNAPSHOT.jar:/home/user/.m2/repository/commons-lang/commons-lang/2.6/commons-lang-2.6.jar:/home/user/.m2/repository/org/apache/hadoop/hadoop-ozone-ozone-manager/0.5.0-SNAPSHOT/hadoop-ozone-ozone-manager-0.5.0-SNAPSHOT-tests.jar:/home/user/.m2/repository/junit/junit/4.11/junit-4.11.jar:/home/user/.m2/repository/org/hamcrest/hamcrest-core/1.3/hamcrest-core-1.3.jar:/home/user/.m2/repository/org/openjdk/jmh/jmh-core/1.19/jmh-core-1.19.jar:/home/user/.m2/repository/net/sf/jopt-simple/jopt-simple/4.6/jopt-simple-4.6.jar:/home/user/.m2/repository/org/apache/commons/commons-math3/3.1.1/commons-math3-3.1.1.jar:/home/user/.m2/repository/org/openjdk/jmh/jmh-generator-annprocess/1.19/jmh-generator-annprocess-1.19.jar:/home/user/.m2/repository/org/mockito/mockito-all/1.8.5/mockito-all-1.8.5.jar:/home/user/.m2/repository/org/apache/hadoop/hadoop-kms/3.2.0/hadoop-kms-3.2.0.jar:/home/user/.m2/repository/org/apache/hadoop/hadoop-auth/3.2.0/hadoop-auth-3.2.0.jar:/home/user/.m2/repository/com/nimbusds/nimbus-jose-jwt/4.41.1/nimbus-jose-jwt-4.41.1.jar:/home/user/.m2/repository/com/github/stephenc/jcip/jcip-annotations/1.0-1/jcip-annotations-1.0-1.jar:/home/user/.m2/repository/net/minidev/json-smart/2.3/json-smart-2.3.jar:/home/user/.m2/repository/net/minidev/accessors-smart/1.2/accessors-smart-1.2.jar:/home/user/.m2/repository/org/ow2/asm/asm/5.0.4/asm-5.0.4.jar:/home/user/.m2/repository/org/apache/curator/curator-framework/2.12.0/curator-framework-2.12.0.jar:/home/user/.m2/repository/com/sun/jersey/jersey-core/1.19/jersey-core-1.19.jar:/home/user/.m2/repository/javax/ws/rs/jsr311-api/1.1.1/jsr311-api-1.1.1.jar:/home/user/.m2/repository/com/sun/jersey/jersey-server/1.19/jersey-server-1.19.jar:/home/user/.m2/repository/javax/servlet/javax.servlet-api/3.1.0/javax.servlet-api-3.1.0.jar:/home/user/.m2/repository/org/eclipse/jetty/jetty-server/9.3.25.v20180904/jetty-server-9.3.25.v20180904.jar:/home/user/.m2/repository/org/eclipse/jetty/jetty-http/9.3.25.v20180904/jetty-http-9.3.25.v20180904.jar:/home/user/.m2/repository/org/eclipse/jetty/jetty-io/9.3.25.v20180904/jetty-io-9.3.25.v20180904.jar:/home/user/.m2/repository/org/eclipse/jetty/jetty-webapp/9.3.25.v20180904/jetty-webapp-9.3.25.v20180904.jar:/home/user/.m2/repository/org/eclipse/jetty/jetty-xml/9.3.25.v20180904/jetty-xml-9.3.25.v20180904.jar:/home/user/.m2/repository/log4j/log4j/1.2.17/log4j-1.2.17.jar:/home/user/.m2/repository/org/slf4j/slf4j-api/1.7.25/slf4j-api-1.7.25.jar:/home/user/.m2/repository/org/slf4j/jul-to-slf4j/1.7.25/jul-to-slf4j-1.7.25.jar:/home/user/.m2/repository/org/eclipse/jetty/jetty-util/9.3.25.v20180904/jetty-util-9.3.25.v20180904.jar:/home/user/.m2/repository/com/fasterxml/jackson/core/jackson-databind/2.9.9/jackson-databind-2.9.9.jar:/home/user/.m2/repository/org/apache/hadoop/hadoop-kms/3.2.0/hadoop-kms-3.2.0-tests.jar:/home/user/.m2/repository/org/apache/hadoop/hadoop-hdds-server-scm/0.5.0-SNAPSHOT/hadoop-hdds-server-scm-0.5.0-SNAPSHOT-tests.jar:/home/user/.m2/repository/org/apache/hadoop/hadoop-hdds-container-service/0.5.0-SNAPSHOT/hadoop-hdds-container-service-0.5.0-SNAPSHOT-tests.jar:/home/user/.m2/repository/org/yaml/snakeyaml/1.16/snakeyaml-1.16.jar:/home/user/.m2/repository/org/apache/hadoop/hadoop-common/3.2.0/hadoop-common-3.2.0-tests.jar:/home/user/.m2/repository/org/apache/hadoop/hadoop-annotations/3.2.0/hadoop-annotations-3.2.0.jar:/usr/lib/jvm/java-1.8-openjdk/jre/../lib/tools.jar:/home/user/.m2/repository/commons-cli/commons-cli/1.2/commons-cli-1.2.jar:/home/user/.m2/repository/org/apache/httpcomponents/httpclient/4.5.2/httpclient-4.5.2.jar:/home/user/.m2/repository/org/apache/httpcomponents/httpcore/4.4.4/httpcore-4.4.4.jar:/home/user/.m2/repository/commons-codec/commons-codec/1.11/commons-codec-1.11.jar:/home/user/.m2/repository/commons-net/commons-net/3.6/commons-net-3.6.jar:/home/user/.m2/repository/commons-collections/commons-collections/3.2.2/commons-collections-3.2.2.jar:/home/user/.m2/repository/org/eclipse/jetty/jetty-servlet/9.3.25.v20180904/jetty-servlet-9.3.25.v20180904.jar:/home/user/.m2/repository/org/eclipse/jetty/jetty-security/9.3.25.v20180904/jetty-security-9.3.25.v20180904.jar:/home/user/.m2/repository/javax/servlet/jsp/jsp-api/2.1/jsp-api-2.1.jar:/home/user/.m2/repository/com/sun/jersey/jersey-servlet/1.19/jersey-servlet-1.19.jar:/home/user/.m2/repository/com/sun/jersey/jersey-json/1.19/jersey-json-1.19.jar:/home/user/.m2/repository/org/codehaus/jettison/jettison/1.1/jettison-1.1.jar:/home/user/.m2/repository/org/codehaus/jackson/jackson-core-asl/1.9.13/jackson-core-asl-1.9.13.jar:/home/user/.m2/repository/org/codehaus/jackson/jackson-mapper-asl/1.9.13/jackson-mapper-asl-1.9.13.jar:/home/user/.m2/repository/org/codehaus/jackson/jackson-jaxrs/1.9.13/jackson-jaxrs-1.9.13.jar:/home/user/.m2/repository/org/codehaus/jackson/jackson-xc/1.9.13/jackson-xc-1.9.13.jar:/home/user/.m2/repository/commons-logging/commons-logging/1.1.3/commons-logging-1.1.3.jar:/home/user/.m2/repository/commons-beanutils/commons-beanutils/1.9.4/commons-beanutils-1.9.4.jar:/home/user/.m2/repository/org/apache/commons/commons-configuration2/2.1.1/commons-configuration2-2.1.1.jar:/home/user/.m2/repository/org/apache/commons/commons-lang3/3.7/commons-lang3-3.7.jar:/home/user/.m2/repository/org/apache/commons/commons-text/1.4/commons-text-1.4.jar:/home/user/.m2/repository/org/apache/avro/avro/1.7.7/avro-1.7.7.jar:/home/user/.m2/repository/com/thoughtworks/paranamer/paranamer/2.3/paranamer-2.3.jar:/home/user/.m2/repository/org/xerial/snappy/snappy-java/1.0.5/snappy-java-1.0.5.jar:/home/user/.m2/repository/com/google/re2j/re2j/1.1/re2j-1.1.jar:/home/user/.m2/repository/com/google/code/gson/gson/2.2.4/gson-2.2.4.jar:/home/user/.m2/repository/com/jcraft/jsch/0.1.54/jsch-0.1.54.jar:/home/user/.m2/repository/org/apache/curator/curator-client/2.12.0/curator-client-2.12.0.jar:/home/user/.m2/repository/org/apache/curator/curator-recipes/2.12.0/curator-recipes-2.12.0.jar:/home/user/.m2/repository/com/google/code/findbugs/jsr305/3.0.0/jsr305-3.0.0.jar:/home/user/.m2/repository/org/apache/htrace/htrace-core4/4.1.0-incubating/htrace-core4-4.1.0-incubating.jar:/home/user/.m2/repository/org/apache/zookeeper/zookeeper/3.4.13/zookeeper-3.4.13.jar:/home/user/.m2/repository/jline/jline/0.9.94/jline-0.9.94.jar:/home/user/.m2/repository/org/apache/yetus/audience-annotations/0.5.0/audience-annotations-0.5.0.jar:/home/user/.m2/repository/org/codehaus/woodstox/stax2-api/3.1.4/stax2-api-3.1.4.jar:/home/user/.m2/repository/com/fasterxml/woodstox/woodstox-core/5.0.3/woodstox-core-5.0.3.jar:/home/user/.m2/repository/dnsjava/dnsjava/2.1.7/dnsjava-2.1.7.jar:/home/user/.m2/repository/org/apache/hadoop/hadoop-hdfs/3.2.0/hadoop-hdfs-3.2.0-tests.jar:/home/user/.m2/repository/org/eclipse/jetty/jetty-util-ajax/9.3.25.v20180904/jetty-util-ajax-9.3.25.v20180904.jar:/home/user/.m2/repository/commons-daemon/commons-daemon/1.0.13/commons-daemon-1.0.13.jar:/home/user/.m2/repository/io/netty/netty/3.10.5.Final/netty-3.10.5.Final.jar:/home/user/.m2/repository/io/netty/netty-all/4.0.52.Final/netty-all-4.0.52.Final.jar:/home/user/.m2/repository/org/fusesource/leveldbjni/leveldbjni-all/1.8/leveldbjni-all-1.8.jar:"/>
    <property name="sun.cpu.endian" value="little"/>
    <property name="user.home" value="/home/user"/>
    <property name="user.language" value="en"/>
    <property name="java.specification.vendor" value="Oracle Corporation"/>
    <property name="java.home" value="/usr/lib/jvm/java-1.8-openjdk/jre"/>
    <property name="java.security.krb5.conf" value="/workdir/hadoop-ozone/integration-test/target/test-classes/krb5.conf"/>
    <property name="basedir" value="/workdir/hadoop-ozone/integration-test"/>
    <property name="file.separator" value="/"/>
    <property name="line.separator" value="&#10;"/>
    <property name="java.vm.specification.vendor" value="Oracle Corporation"/>
    <property name="java.specification.name" value="Java Platform API Specification"/>
    <property name="java.awt.graphicsenv" value="sun.awt.X11GraphicsEnvironment"/>
    <property name="surefire.real.class.path" value="/workdir/hadoop-ozone/integration-test/target/surefire/surefirebooter1206406618230026364.jar"/>
    <property name="hadoop.log.dir" value="/workdir/hadoop-ozone/integration-test/target/log"/>
    <property name="sun.boot.class.path" value="/usr/lib/jvm/java-1.8-openjdk/jre/lib/resources.jar:/usr/lib/jvm/java-1.8-openjdk/jre/lib/rt.jar:/usr/lib/jvm/java-1.8-openjdk/jre/lib/sunrsasign.jar:/usr/lib/jvm/java-1.8-openjdk/jre/lib/jsse.jar:/usr/lib/jvm/java-1.8-openjdk/jre/lib/jce.jar:/usr/lib/jvm/java-1.8-openjdk/jre/lib/charsets.jar:/usr/lib/jvm/java-1.8-openjdk/jre/lib/jfr.jar:/usr/lib/jvm/java-1.8-openjdk/jre/classes"/>
    <property name="sun.management.compiler" value="HotSpot 64-Bit Tiered Compilers"/>
    <property name="java.runtime.version" value="1.8.0_212-b04"/>
    <property name="java.net.preferIPv4Stack" value="true"/>
    <property name="user.name" value="jenkins1000"/>
    <property name="path.separator" value=":"/>
    <property name="java.security.egd" value="file:///dev/urandom"/>
    <property name="os.version" value="3.10.0-957.12.2.el7.x86_64"/>
    <property name="java.endorsed.dirs" value="/usr/lib/jvm/java-1.8-openjdk/jre/lib/endorsed"/>
    <property name="java.runtime.name" value="OpenJDK Runtime Environment"/>
    <property name="file.encoding" value="UTF-8"/>
    <property name="java.vm.name" value="OpenJDK 64-Bit Server VM"/>
    <property name="test.build.webapps" value=""/>
    <property name="localRepository" value="/home/user/.m2/repository"/>
    <property name="java.vendor.url.bug" value="https://icedtea.classpath.org/bugzilla"/>
    <property name="java.io.tmpdir" value="/tmp"/>
    <property name="require.test.libhadoop" value=""/>
    <property name="java.version" value="1.8.0_212"/>
    <property name="user.dir" value="/workdir/hadoop-ozone/integration-test"/>
    <property name="os.arch" value="amd64"/>
    <property name="java.vm.specification.name" value="Java Virtual Machine Specification"/>
    <property name="test.build.classes" value="/workdir/hadoop-ozone/integration-test/target/test-classes"/>
    <property name="java.awt.printerjob" value="sun.print.PSPrinterJob"/>
    <property name="sun.os.patch.level" value="unknown"/>
    <property name="hadoop.tmp.dir" value="/workdir/hadoop-ozone/integration-test/target/tmp"/>
    <property name="java.library.path" value="/usr/lib/jvm/java-1.8-openjdk/jre/lib/amd64/server:/usr/lib/jvm/java-1.8-openjdk/jre/lib/amd64:/usr/lib/jvm/java-1.8-openjdk/jre/../lib/amd64:/workdir/hadoop-ozone/integration-test/target/native/target/usr/local/lib:/workdir/hadoop-ozone/integration-test/../../hadoop-common-project/hadoop-common/target/native/target/usr/local/lib:/usr/java/packages/lib/amd64:/usr/lib64:/lib64:/lib:/usr/lib"/>
    <property name="java.vm.info" value="mixed mode"/>
    <property name="java.vendor" value="IcedTea"/>
    <property name="java.vm.version" value="25.212-b04"/>
    <property name="java.ext.dirs" value="/usr/lib/jvm/java-1.8-openjdk/jre/lib/ext:/usr/java/packages/lib/ext"/>
    <property name="sun.io.unicode.encoding" value="UnicodeLittle"/>
    <property name="java.class.version" value="52.0"/>
  </properties>
  <testcase name="test2WayCommitForRetryfailure" classname="org.apache.hadoop.ozone.client.rpc.Test2WayCommitInRatis" time="32.419">
    <error message="org.apache.ratis.protocol.RaftRetryFailureException: Failed RaftClientRequest:client-5432707B3F0A-&gt;7f562cf2-a919-4f6a-a3b2-da45eba29cb3@group-FA642F1BFB49, cid=14, seq=2*, RW, org.apache.hadoop.hdds.scm.XceiverClientRatis$$Lambda$356/622043416@4ec50fca for 20 attempts with RetryLimited(maxAttempts=20, sleepTime=1000ms)" type="java.util.concurrent.ExecutionException">java.util.concurrent.ExecutionException: org.apache.ratis.protocol.RaftRetryFailureException: Failed RaftClientRequest:client-5432707B3F0A->7f562cf2-a919-4f6a-a3b2-da45eba29cb3@group-FA642F1BFB49, cid=14, seq=2*, RW, org.apache.hadoop.hdds.scm.XceiverClientRatis$$Lambda$356/622043416@4ec50fca for 20 attempts with RetryLimited(maxAttempts=20, sleepTime=1000ms)
	at java.util.concurrent.CompletableFuture.reportGet(CompletableFuture.java:357)
	at java.util.concurrent.CompletableFuture.get(CompletableFuture.java:1895)
	at org.apache.hadoop.ozone.client.rpc.Test2WayCommitInRatis.test2WayCommitForRetryfailure(Test2WayCommitInRatis.java:144)
	at sun.reflect.NativeMethodAccessorImpl.invoke0(Native Method)
	at sun.reflect.NativeMethodAccessorImpl.invoke(NativeMethodAccessorImpl.java:62)
	at sun.reflect.DelegatingMethodAccessorImpl.invoke(DelegatingMethodAccessorImpl.java:43)
	at java.lang.reflect.Method.invoke(Method.java:498)
	at org.junit.runners.model.FrameworkMethod$1.runReflectiveCall(FrameworkMethod.java:47)
	at org.junit.internal.runners.model.ReflectiveCallable.run(ReflectiveCallable.java:12)
	at org.junit.runners.model.FrameworkMethod.invokeExplosively(FrameworkMethod.java:44)
	at org.junit.internal.runners.statements.InvokeMethod.evaluate(InvokeMethod.java:17)
	at org.junit.runners.ParentRunner.runLeaf(ParentRunner.java:271)
	at org.junit.runners.BlockJUnit4ClassRunner.runChild(BlockJUnit4ClassRunner.java:70)
	at org.junit.runners.BlockJUnit4ClassRunner.runChild(BlockJUnit4ClassRunner.java:50)
	at org.junit.runners.ParentRunner$3.run(ParentRunner.java:238)
	at org.junit.runners.ParentRunner$1.schedule(ParentRunner.java:63)
	at org.junit.runners.ParentRunner.runChildren(ParentRunner.java:236)
	at org.junit.runners.ParentRunner.access$000(ParentRunner.java:53)
	at org.junit.runners.ParentRunner$2.evaluate(ParentRunner.java:229)
	at org.junit.runners.ParentRunner.run(ParentRunner.java:309)
	at org.apache.maven.surefire.junit4.JUnit4Provider.execute(JUnit4Provider.java:365)
	at org.apache.maven.surefire.junit4.JUnit4Provider.executeWithRerun(JUnit4Provider.java:273)
	at org.apache.maven.surefire.junit4.JUnit4Provider.executeTestSet(JUnit4Provider.java:238)
	at org.apache.maven.surefire.junit4.JUnit4Provider.invoke(JUnit4Provider.java:159)
	at org.apache.maven.surefire.booter.ForkedBooter.invokeProviderInSameClassLoader(ForkedBooter.java:384)
	at org.apache.maven.surefire.booter.ForkedBooter.runSuitesInProcess(ForkedBooter.java:345)
	at org.apache.maven.surefire.booter.ForkedBooter.execute(ForkedBooter.java:126)
	at org.apache.maven.surefire.booter.ForkedBooter.main(ForkedBooter.java:418)
Caused by: org.apache.ratis.protocol.RaftRetryFailureException: Failed RaftClientRequest:client-5432707B3F0A->7f562cf2-a919-4f6a-a3b2-da45eba29cb3@group-FA642F1BFB49, cid=14, seq=2*, RW, org.apache.hadoop.hdds.scm.XceiverClientRatis$$Lambda$356/622043416@4ec50fca for 20 attempts with RetryLimited(maxAttempts=20, sleepTime=1000ms)
	at org.apache.ratis.client.impl.RaftClientImpl.noMoreRetries(RaftClientImpl.java:271)
	at org.apache.ratis.client.impl.OrderedAsync.handleAsyncRetryFailure(OrderedAsync.java:138)
	at org.apache.ratis.client.impl.OrderedAsync.lambda$sendRequest$10(OrderedAsync.java:230)
	at java.util.concurrent.CompletableFuture.uniExceptionally(CompletableFuture.java:870)
	at java.util.concurrent.CompletableFuture.uniExceptionallyStage(CompletableFuture.java:884)
	at java.util.concurrent.CompletableFuture.exceptionally(CompletableFuture.java:2196)
	at org.apache.ratis.client.impl.OrderedAsync.sendRequest(OrderedAsync.java:221)
	at org.apache.ratis.client.impl.OrderedAsync.sendRequestWithRetry(OrderedAsync.java:169)
	at org.apache.ratis.util.SlidingWindow$Client.sendOrDelayRequest(SlidingWindow.java:278)
	at org.apache.ratis.util.SlidingWindow$Client.retry(SlidingWindow.java:294)
	at org.apache.ratis.client.impl.OrderedAsync.lambda$scheduleWithTimeout$7(OrderedAsync.java:195)
	at org.apache.ratis.util.TimeoutScheduler.lambda$onTimeout$0(TimeoutScheduler.java:113)
	at org.apache.ratis.util.TimeoutScheduler.lambda$onTimeout$1(TimeoutScheduler.java:133)
	at org.apache.ratis.util.LogUtils.runAndLog(LogUtils.java:50)
	at org.apache.ratis.util.LogUtils$1.run(LogUtils.java:91)
	at java.util.concurrent.Executors$RunnableAdapter.call(Executors.java:511)
	at java.util.concurrent.FutureTask.run(FutureTask.java:266)
	at java.util.concurrent.ScheduledThreadPoolExecutor$ScheduledFutureTask.access$201(ScheduledThreadPoolExecutor.java:180)
	at java.util.concurrent.ScheduledThreadPoolExecutor$ScheduledFutureTask.run(ScheduledThreadPoolExecutor.java:293)
	at java.util.concurrent.ThreadPoolExecutor.runWorker(ThreadPoolExecutor.java:1149)
	at java.util.concurrent.ThreadPoolExecutor$Worker.run(ThreadPoolExecutor.java:624)
	at java.lang.Thread.run(Thread.java:748)
Caused by: org.apache.ratis.protocol.AlreadyClosedException: client-5432707B3F0A->7f562cf2-a919-4f6a-a3b2-da45eba29cb3 is closed.
	at org.apache.ratis.grpc.client.GrpcClientProtocolClient$AsyncStreamObservers.onNext(GrpcClientProtocolClient.java:307)
	at org.apache.ratis.grpc.client.GrpcClientRpc.sendRequestAsync(GrpcClientRpc.java:68)
	at org.apache.ratis.client.impl.OrderedAsync.sendRequest(OrderedAsync.java:208)
	... 15 more
</error>
    <system-out><![CDATA[2019-10-04 08:45:55,072 [main] WARN  server.ServerUtils (ServerUtils.java:getScmDbDir(145)) - ozone.scm.db.dirs is not configured. We recommend adding this setting. Falling back to ozone.metadata.dirs instead.
2019-10-04 08:45:55,151 [main] WARN  server.ServerUtils (ServerUtils.java:getScmDbDir(145)) - ozone.scm.db.dirs is not configured. We recommend adding this setting. Falling back to ozone.metadata.dirs instead.
2019-10-04 08:45:55,154 [main] WARN  server.ServerUtils (ServerUtils.java:getScmDbDir(145)) - ozone.scm.db.dirs is not configured. We recommend adding this setting. Falling back to ozone.metadata.dirs instead.
2019-10-04 08:45:55,172 [main] INFO  util.log (Log.java:initialized(192)) - Logging initialized @712ms
2019-10-04 08:45:55,247 [main] INFO  db.DBStoreBuilder (DBStoreBuilder.java:addTable(117)) - using custom profile for table: deletedBlocks
2019-10-04 08:45:55,247 [main] INFO  db.DBStoreBuilder (DBStoreBuilder.java:processTables(168)) - Using default column profile:DBProfile.DISK for Table:deletedBlocks
2019-10-04 08:45:55,247 [main] INFO  db.DBStoreBuilder (DBStoreBuilder.java:addTable(117)) - using custom profile for table: validCerts
2019-10-04 08:45:55,247 [main] INFO  db.DBStoreBuilder (DBStoreBuilder.java:processTables(168)) - Using default column profile:DBProfile.DISK for Table:validCerts
2019-10-04 08:45:55,248 [main] INFO  db.DBStoreBuilder (DBStoreBuilder.java:addTable(117)) - using custom profile for table: revokedCerts
2019-10-04 08:45:55,248 [main] INFO  db.DBStoreBuilder (DBStoreBuilder.java:processTables(168)) - Using default column profile:DBProfile.DISK for Table:revokedCerts
2019-10-04 08:45:55,257 [main] INFO  db.DBStoreBuilder (DBStoreBuilder.java:addTable(117)) - using custom profile for table: default
2019-10-04 08:45:55,257 [main] INFO  db.DBStoreBuilder (DBStoreBuilder.java:processTables(174)) - Using default column profile:DBProfile.DISK for Table:default
2019-10-04 08:45:55,258 [main] INFO  db.DBStoreBuilder (DBStoreBuilder.java:getDbProfile(205)) - Using default options. DBProfile.DISK
2019-10-04 08:45:55,482 [main] INFO  net.NodeSchemaLoader (NodeSchemaLoader.java:loadSchemaFromFile(125)) - Loading file from sun.misc.CompoundEnumeration@2b71e916
2019-10-04 08:45:55,485 [main] INFO  net.NodeSchemaLoader (NodeSchemaLoader.java:loadSchema(171)) - Loading network topology layer schema file
2019-10-04 08:45:55,582 [main] WARN  server.ServerUtils (ServerUtils.java:sanitizeUserArgs(70)) - ozone.scm.stale.node.interval value = 300000 is larger than max = 100000 based on the key value of ozone.scm.heartbeat.thread.interval, reset to the max value 100000.
2019-10-04 08:45:55,584 [main] WARN  server.ServerUtils (ServerUtils.java:sanitizeUserArgs(70)) - ozone.scm.stale.node.interval value = 300000 is larger than max = 100000 based on the key value of ozone.scm.heartbeat.thread.interval, reset to the max value 100000.
2019-10-04 08:45:55,587 [main] INFO  node.SCMNodeManager (SCMNodeManager.java:<init>(114)) - Entering startup safe mode.
2019-10-04 08:45:55,679 [main] INFO  algorithms.ContainerPlacementPolicyFactory (ContainerPlacementPolicyFactory.java:getPolicy(57)) - Create container placement policy of type org.apache.hadoop.hdds.scm.container.placement.algorithms.SCMContainerPlacementRandom
2019-10-04 08:45:55,696 [main] WARN  server.ServerUtils (ServerUtils.java:getScmDbDir(145)) - ozone.scm.db.dirs is not configured. We recommend adding this setting. Falling back to ozone.metadata.dirs instead.
2019-10-04 08:45:55,757 [main] INFO  pipeline.SCMPipelineManager (SCMPipelineManager.java:initializePipelineState(132)) - No pipeline exists in current db
2019-10-04 08:45:55,759 [main] WARN  server.ServerUtils (ServerUtils.java:getScmDbDir(145)) - ozone.scm.db.dirs is not configured. We recommend adding this setting. Falling back to ozone.metadata.dirs instead.
2019-10-04 08:45:55,875 [main] WARN  events.EventQueue (EventQueue.java:fireEvent(183)) - No event handler registered for event TypedEvent{payloadType=SafeModeStatus, name='SafeModeStatus'}
2019-10-04 08:45:56,237 [main] INFO  ipc.CallQueueManager (CallQueueManager.java:<init>(84)) - Using callQueue: class java.util.concurrent.LinkedBlockingQueue, queueCapacity: 2000, scheduler: class org.apache.hadoop.ipc.DefaultRpcScheduler, ipcBackoff: false.
2019-10-04 08:45:56,271 [Socket Reader #1 for port 34345] INFO  ipc.Server (Server.java:run(1074)) - Starting Socket Reader #1 for port 34345
2019-10-04 08:45:56,437 [main] INFO  ipc.CallQueueManager (CallQueueManager.java:<init>(84)) - Using callQueue: class java.util.concurrent.LinkedBlockingQueue, queueCapacity: 2000, scheduler: class org.apache.hadoop.ipc.DefaultRpcScheduler, ipcBackoff: false.
2019-10-04 08:45:56,438 [Socket Reader #1 for port 46597] INFO  ipc.Server (Server.java:run(1074)) - Starting Socket Reader #1 for port 46597
2019-10-04 08:45:56,450 [main] INFO  ipc.CallQueueManager (CallQueueManager.java:<init>(84)) - Using callQueue: class java.util.concurrent.LinkedBlockingQueue, queueCapacity: 2000, scheduler: class org.apache.hadoop.ipc.DefaultRpcScheduler, ipcBackoff: false.
2019-10-04 08:45:56,451 [Socket Reader #1 for port 38793] INFO  ipc.Server (Server.java:run(1074)) - Starting Socket Reader #1 for port 38793
2019-10-04 08:45:56,474 [main] INFO  hdfs.DFSUtil (DFSUtil.java:httpServerTemplateForNNAndJN(1641)) - Starting Web-server for scm at: http://0.0.0.0:0
2019-10-04 08:45:56,646 [main] INFO  server.AuthenticationFilter (AuthenticationFilter.java:constructSecretProvider(240)) - Unable to initialize FileSignerSecretProvider, falling back to use random secrets.
2019-10-04 08:45:56,654 [main] WARN  http.HttpRequestLog (HttpRequestLog.java:getRequestLog(97)) - Jetty request log can only be enabled using Log4j
2019-10-04 08:45:56,662 [main] INFO  http.HttpServer2 (HttpServer2.java:addGlobalFilter(975)) - Added global filter 'safety' (class=org.apache.hadoop.http.HttpServer2$QuotingInputFilter)
2019-10-04 08:45:56,664 [main] INFO  http.HttpServer2 (HttpServer2.java:addFilter(948)) - Added filter static_user_filter (class=org.apache.hadoop.http.lib.StaticUserWebFilter$StaticUserFilter) to context scm
2019-10-04 08:45:56,665 [main] INFO  http.HttpServer2 (HttpServer2.java:addFilter(958)) - Added filter static_user_filter (class=org.apache.hadoop.http.lib.StaticUserWebFilter$StaticUserFilter) to context logs
2019-10-04 08:45:56,665 [main] INFO  http.HttpServer2 (HttpServer2.java:addFilter(958)) - Added filter static_user_filter (class=org.apache.hadoop.http.lib.StaticUserWebFilter$StaticUserFilter) to context static
2019-10-04 08:45:56,695 [main] INFO  server.StorageContainerManager (StorageContainerManager.java:start(770)) - StorageContainerLocationProtocol RPC server is listening at /0.0.0.0:38793
2019-10-04 08:45:56,760 [main] WARN  impl.MetricsConfig (MetricsConfig.java:loadFirst(134)) - Cannot locate configuration: tried hadoop-metrics2-storagecontainermanager.properties,hadoop-metrics2.properties
2019-10-04 08:45:56,773 [main] INFO  impl.MetricsSystemImpl (MetricsSystemImpl.java:startTimer(374)) - Scheduled Metric snapshot period at 10 second(s).
2019-10-04 08:45:56,773 [main] INFO  impl.MetricsSystemImpl (MetricsSystemImpl.java:start(191)) - StorageContainerManager metrics system started
2019-10-04 08:45:57,006 [main] INFO  server.SCMClientProtocolServer (SCMClientProtocolServer.java:start(159)) - RPC server for Client  is listening at /0.0.0.0:38793
2019-10-04 08:45:57,007 [IPC Server Responder] INFO  ipc.Server (Server.java:run(1314)) - IPC Server Responder: starting
2019-10-04 08:45:57,007 [IPC Server listener on 38793] INFO  ipc.Server (Server.java:run(1153)) - IPC Server listener on 38793: starting
2019-10-04 08:45:57,012 [main] INFO  server.StorageContainerManager (StorageContainerManager.java:start(780)) - ScmBlockLocationProtocol RPC server is listening at /0.0.0.0:46597
2019-10-04 08:45:57,013 [main] INFO  server.SCMBlockProtocolServer (SCMBlockProtocolServer.java:start(146)) - RPC server for Block Protocol is listening at /0.0.0.0:46597
2019-10-04 08:45:57,014 [IPC Server Responder] INFO  ipc.Server (Server.java:run(1314)) - IPC Server Responder: starting
2019-10-04 08:45:57,014 [IPC Server listener on 46597] INFO  ipc.Server (Server.java:run(1153)) - IPC Server listener on 46597: starting
2019-10-04 08:45:57,021 [main] INFO  server.StorageContainerManager (StorageContainerManager.java:start(784)) - ScmDatanodeProtocl RPC server is listening at /0.0.0.0:34345
2019-10-04 08:45:57,022 [main] INFO  server.SCMDatanodeProtocolServer (SCMDatanodeProtocolServer.java:start(169)) - RPC server for DataNodes is listening at /0.0.0.0:34345
2019-10-04 08:45:57,023 [IPC Server Responder] INFO  ipc.Server (Server.java:run(1314)) - IPC Server Responder: starting
2019-10-04 08:45:57,023 [IPC Server listener on 34345] INFO  ipc.Server (Server.java:run(1153)) - IPC Server listener on 34345: starting
2019-10-04 08:45:57,033 [main] INFO  http.HttpServer2 (HttpServer2.java:bindListener(1191)) - Jetty bound to port 40478
2019-10-04 08:45:57,035 [main] INFO  server.Server (Server.java:doStart(351)) - jetty-9.3.25.v20180904, build timestamp: 2018-09-04T21:11:46Z, git hash: 3ce520221d0240229c862b122d2b06c12a625732
2019-10-04 08:45:57,075 [main] INFO  handler.ContextHandler (ContextHandler.java:doStart(781)) - Started o.e.j.s.ServletContextHandler@340da44c{/logs,file:///workdir/hadoop-ozone/integration-test/target/log,AVAILABLE}
2019-10-04 08:45:57,076 [main] INFO  handler.ContextHandler (ContextHandler.java:doStart(781)) - Started o.e.j.s.ServletContextHandler@37052337{/static,file:///workdir/hadoop-ozone/integration-test/target/test-classes/webapps/static,AVAILABLE}
2019-10-04 08:45:57,110 [main] INFO  handler.ContextHandler (ContextHandler.java:doStart(781)) - Started o.e.j.w.WebAppContext@3b366632{/,file:///workdir/hadoop-ozone/integration-test/target/test-classes/webapps/scm/,AVAILABLE}{/scm}
2019-10-04 08:45:57,116 [main] INFO  server.AbstractConnector (AbstractConnector.java:doStart(278)) - Started ServerConnector@6815c5f2{HTTP/1.1,[http/1.1]}{0.0.0.0:40478}
2019-10-04 08:45:57,116 [main] INFO  server.Server (Server.java:doStart(419)) - Started @2657ms
2019-10-04 08:45:57,119 [main] INFO  impl.MetricsSinkAdapter (MetricsSinkAdapter.java:start(204)) - Sink prometheus started
2019-10-04 08:45:57,119 [main] INFO  impl.MetricsSystemImpl (MetricsSystemImpl.java:registerSink(301)) - Registered sink prometheus
2019-10-04 08:45:57,120 [main] INFO  server.BaseHttpServer (BaseHttpServer.java:updateConnectorAddress(215)) - HTTP server of SCM is listening at http://0.0.0.0:40478
2019-10-04 08:45:57,129 [org.apache.hadoop.util.JvmPauseMonitor$Monitor@4263b080] INFO  util.JvmPauseMonitor (JvmPauseMonitor.java:run(188)) - Starting JVM pause monitor
2019-10-04 08:45:57,134 [main] WARN  server.ServerUtils (ServerUtils.java:getDBPath(222)) - ozone.om.db.dirs is not configured. We recommend adding this setting. Falling back to ozone.metadata.dirs instead.
2019-10-04 08:45:57,263 [main] INFO  ha.OMHANodeDetails (OMHANodeDetails.java:loadOMHAConfig(190)) - Configuration either no ozone.om.address set. Falling back to the default OM address /127.0.0.1:0
2019-10-04 08:45:57,263 [main] INFO  ha.OMHANodeDetails (OMHANodeDetails.java:getOMNodeDetails(220)) - OM Service ID is not set. Setting it to the default ID: omServiceIdDefault
2019-10-04 08:45:57,265 [main] WARN  server.ServerUtils (ServerUtils.java:getDBPath(222)) - ozone.om.db.dirs is not configured. We recommend adding this setting. Falling back to ozone.metadata.dirs instead.
2019-10-04 08:45:57,266 [main] WARN  server.ServerUtils (ServerUtils.java:getDBPath(222)) - ozone.om.db.dirs is not configured. We recommend adding this setting. Falling back to ozone.metadata.dirs instead.
2019-10-04 08:45:58,046 [main] WARN  server.ServerUtils (ServerUtils.java:getDBPath(222)) - ozone.om.db.dirs is not configured. We recommend adding this setting. Falling back to ozone.metadata.dirs instead.
2019-10-04 08:45:58,053 [main] INFO  db.DBStoreBuilder (DBStoreBuilder.java:addTable(117)) - using custom profile for table: userTable
2019-10-04 08:45:58,054 [main] INFO  db.DBStoreBuilder (DBStoreBuilder.java:processTables(168)) - Using default column profile:DBProfile.DISK for Table:userTable
2019-10-04 08:45:58,054 [main] INFO  db.DBStoreBuilder (DBStoreBuilder.java:addTable(117)) - using custom profile for table: volumeTable
2019-10-04 08:45:58,054 [main] INFO  db.DBStoreBuilder (DBStoreBuilder.java:processTables(168)) - Using default column profile:DBProfile.DISK for Table:volumeTable
2019-10-04 08:45:58,054 [main] INFO  db.DBStoreBuilder (DBStoreBuilder.java:addTable(117)) - using custom profile for table: bucketTable
2019-10-04 08:45:58,055 [main] INFO  db.DBStoreBuilder (DBStoreBuilder.java:processTables(168)) - Using default column profile:DBProfile.DISK for Table:bucketTable
2019-10-04 08:45:58,055 [main] INFO  db.DBStoreBuilder (DBStoreBuilder.java:addTable(117)) - using custom profile for table: keyTable
2019-10-04 08:45:58,055 [main] INFO  db.DBStoreBuilder (DBStoreBuilder.java:processTables(168)) - Using default column profile:DBProfile.DISK for Table:keyTable
2019-10-04 08:45:58,055 [main] INFO  db.DBStoreBuilder (DBStoreBuilder.java:addTable(117)) - using custom profile for table: deletedTable
2019-10-04 08:45:58,056 [main] INFO  db.DBStoreBuilder (DBStoreBuilder.java:processTables(168)) - Using default column profile:DBProfile.DISK for Table:deletedTable
2019-10-04 08:45:58,056 [main] INFO  db.DBStoreBuilder (DBStoreBuilder.java:addTable(117)) - using custom profile for table: openKeyTable
2019-10-04 08:45:58,056 [main] INFO  db.DBStoreBuilder (DBStoreBuilder.java:processTables(168)) - Using default column profile:DBProfile.DISK for Table:openKeyTable
2019-10-04 08:45:58,056 [main] INFO  db.DBStoreBuilder (DBStoreBuilder.java:addTable(117)) - using custom profile for table: s3Table
2019-10-04 08:45:58,057 [main] INFO  db.DBStoreBuilder (DBStoreBuilder.java:processTables(168)) - Using default column profile:DBProfile.DISK for Table:s3Table
2019-10-04 08:45:58,057 [main] INFO  db.DBStoreBuilder (DBStoreBuilder.java:addTable(117)) - using custom profile for table: multipartInfoTable
2019-10-04 08:45:58,057 [main] INFO  db.DBStoreBuilder (DBStoreBuilder.java:processTables(168)) - Using default column profile:DBProfile.DISK for Table:multipartInfoTable
2019-10-04 08:45:58,057 [main] INFO  db.DBStoreBuilder (DBStoreBuilder.java:addTable(117)) - using custom profile for table: dTokenTable
2019-10-04 08:45:58,058 [main] INFO  db.DBStoreBuilder (DBStoreBuilder.java:processTables(168)) - Using default column profile:DBProfile.DISK for Table:dTokenTable
2019-10-04 08:45:58,058 [main] INFO  db.DBStoreBuilder (DBStoreBuilder.java:addTable(117)) - using custom profile for table: s3SecretTable
2019-10-04 08:45:58,058 [main] INFO  db.DBStoreBuilder (DBStoreBuilder.java:processTables(168)) - Using default column profile:DBProfile.DISK for Table:s3SecretTable
2019-10-04 08:45:58,058 [main] INFO  db.DBStoreBuilder (DBStoreBuilder.java:addTable(117)) - using custom profile for table: prefixTable
2019-10-04 08:45:58,059 [main] INFO  db.DBStoreBuilder (DBStoreBuilder.java:processTables(168)) - Using default column profile:DBProfile.DISK for Table:prefixTable
2019-10-04 08:45:58,059 [main] INFO  db.DBStoreBuilder (DBStoreBuilder.java:addTable(117)) - using custom profile for table: default
2019-10-04 08:45:58,059 [main] INFO  db.DBStoreBuilder (DBStoreBuilder.java:processTables(174)) - Using default column profile:DBProfile.DISK for Table:default
2019-10-04 08:45:58,059 [main] INFO  db.DBStoreBuilder (DBStoreBuilder.java:getDbProfile(205)) - Using default options. DBProfile.DISK
2019-10-04 08:45:58,484 [main] INFO  ipc.CallQueueManager (CallQueueManager.java:<init>(84)) - Using callQueue: class java.util.concurrent.LinkedBlockingQueue, queueCapacity: 2000, scheduler: class org.apache.hadoop.ipc.DefaultRpcScheduler, ipcBackoff: false.
2019-10-04 08:45:58,486 [Socket Reader #1 for port 37126] INFO  ipc.Server (Server.java:run(1074)) - Starting Socket Reader #1 for port 37126
2019-10-04 08:45:58,506 [main] INFO  om.OzoneManager (OzoneManager.java:start(1069)) - OzoneManager RPC server is listening at localhost/127.0.0.1:37126
2019-10-04 08:45:58,506 [main] INFO  impl.MetricsSystemImpl (MetricsSystemImpl.java:init(158)) - OzoneManager metrics system started (again)
2019-10-04 08:45:58,507 [IPC Server Responder] INFO  ipc.Server (Server.java:run(1314)) - IPC Server Responder: starting
2019-10-04 08:45:58,508 [IPC Server listener on 37126] INFO  ipc.Server (Server.java:run(1153)) - IPC Server listener on 37126: starting
2019-10-04 08:45:58,519 [main] INFO  hdfs.DFSUtil (DFSUtil.java:httpServerTemplateForNNAndJN(1641)) - Starting Web-server for ozoneManager at: http://0.0.0.0:0
2019-10-04 08:45:58,521 [main] INFO  server.AuthenticationFilter (AuthenticationFilter.java:constructSecretProvider(240)) - Unable to initialize FileSignerSecretProvider, falling back to use random secrets.
2019-10-04 08:45:58,522 [main] WARN  http.HttpRequestLog (HttpRequestLog.java:getRequestLog(97)) - Jetty request log can only be enabled using Log4j
2019-10-04 08:45:58,526 [main] INFO  http.HttpServer2 (HttpServer2.java:addGlobalFilter(975)) - Added global filter 'safety' (class=org.apache.hadoop.http.HttpServer2$QuotingInputFilter)
2019-10-04 08:45:58,528 [main] INFO  http.HttpServer2 (HttpServer2.java:addFilter(948)) - Added filter static_user_filter (class=org.apache.hadoop.http.lib.StaticUserWebFilter$StaticUserFilter) to context ozoneManager
2019-10-04 08:45:58,528 [main] INFO  http.HttpServer2 (HttpServer2.java:addFilter(958)) - Added filter static_user_filter (class=org.apache.hadoop.http.lib.StaticUserWebFilter$StaticUserFilter) to context static
2019-10-04 08:45:58,529 [main] INFO  http.HttpServer2 (HttpServer2.java:addFilter(958)) - Added filter static_user_filter (class=org.apache.hadoop.http.lib.StaticUserWebFilter$StaticUserFilter) to context logs
2019-10-04 08:45:58,532 [main] INFO  http.HttpServer2 (HttpServer2.java:bindListener(1191)) - Jetty bound to port 46288
2019-10-04 08:45:58,533 [main] INFO  server.Server (Server.java:doStart(351)) - jetty-9.3.25.v20180904, build timestamp: 2018-09-04T21:11:46Z, git hash: 3ce520221d0240229c862b122d2b06c12a625732
2019-10-04 08:45:58,535 [main] INFO  handler.ContextHandler (ContextHandler.java:doStart(781)) - Started o.e.j.s.ServletContextHandler@3adbe50f{/logs,file:///workdir/hadoop-ozone/integration-test/target/log,AVAILABLE}
2019-10-04 08:45:58,536 [main] INFO  handler.ContextHandler (ContextHandler.java:doStart(781)) - Started o.e.j.s.ServletContextHandler@49aa766b{/static,file:///workdir/hadoop-ozone/integration-test/target/test-classes/webapps/static,AVAILABLE}
2019-10-04 08:45:58,544 [main] INFO  handler.ContextHandler (ContextHandler.java:doStart(781)) - Started o.e.j.w.WebAppContext@393881f0{/,file:///workdir/hadoop-ozone/integration-test/target/test-classes/webapps/ozoneManager/,AVAILABLE}{/ozoneManager}
2019-10-04 08:45:58,545 [main] INFO  server.AbstractConnector (AbstractConnector.java:doStart(278)) - Started ServerConnector@4af46df3{HTTP/1.1,[http/1.1]}{0.0.0.0:46288}
2019-10-04 08:45:58,546 [main] INFO  server.Server (Server.java:doStart(419)) - Started @4086ms
2019-10-04 08:45:58,546 [main] WARN  impl.MetricsSystemImpl (MetricsSystemImpl.java:register(276)) - Sink prometheus already exists!
2019-10-04 08:45:58,547 [main] INFO  server.BaseHttpServer (BaseHttpServer.java:updateConnectorAddress(215)) - HTTP server of OZONEMANAGER is listening at http://0.0.0.0:46288
2019-10-04 08:45:58,912 [main] INFO  impl.MetricsSystemImpl (MetricsSystemImpl.java:init(158)) - HddsDatanode metrics system started (again)
2019-10-04 08:45:58,962 [main] INFO  ozone.HddsDatanodeService (HddsDatanodeService.java:start(184)) - HddsDatanodeService host:pr-hdds-2238-lzxxv-1908806976 ip:192.168.151.111
2019-10-04 08:45:58,996 [main] INFO  volume.HddsVolume (HddsVolume.java:<init>(176)) - Creating Volume: /workdir/hadoop-ozone/integration-test/target/test-dir/MiniOzoneClusterImpl-b87a1b95-0ca3-4047-8457-6f6b40dbe18f/datanode-0/data/containers/hdds of  storage type : DISK and capacity : 1482555576320
2019-10-04 08:45:58,998 [main] INFO  volume.VolumeSet (VolumeSet.java:initializeVolumeSet(170)) - Added Volume : /workdir/hadoop-ozone/integration-test/target/test-dir/MiniOzoneClusterImpl-b87a1b95-0ca3-4047-8457-6f6b40dbe18f/datanode-0/data/containers/hdds to VolumeSet
2019-10-04 08:45:59,001 [main] INFO  volume.ThrottledAsyncChecker (ThrottledAsyncChecker.java:schedule(139)) - Scheduling a check for org.apache.hadoop.ozone.container.common.volume.HddsVolume@408b87aa
2019-10-04 08:45:59,018 [main] INFO  volume.HddsVolumeChecker (HddsVolumeChecker.java:checkAllVolumes(202)) - Scheduled health check for volume org.apache.hadoop.ozone.container.common.volume.HddsVolume@408b87aa
2019-10-04 08:45:59,152 [main] INFO  impl.RaftServerProxy (ConfUtils.java:logGet(43)) - raft.rpc.type = GRPC (default)
2019-10-04 08:45:59,217 [main] INFO  grpc.GrpcFactory (GrpcFactory.java:checkPooledByteBufAllocatorUseCacheForAllThreads(45)) - PERFORMANCE WARNING: useCacheForAllThreads is true that may cause Netty to create a lot garbage objects and, as a result, trigger GC.
	It is recommended to disable useCacheForAllThreads by setting -Dorg.apache.ratis.thirdparty.io.netty.allocator.useCacheForAllThreads=false in command line.
2019-10-04 08:45:59,222 [main] INFO  grpc.GrpcConfigKeys$Server (ConfUtils.java:logGet(43)) - raft.grpc.server.port = 0 (default)
2019-10-04 08:45:59,224 [main] INFO  server.GrpcService (ConfUtils.java:logGet(43)) - raft.grpc.message.size.max = 33570816 (custom)
2019-10-04 08:45:59,227 [main] INFO  server.RaftServerConfigKeys (ConfUtils.java:logGet(43)) - raft.server.log.appender.buffer.byte-limit = 33554432 (custom)
2019-10-04 08:45:59,228 [main] INFO  server.GrpcService (ConfUtils.java:logGet(43)) - raft.grpc.flow.control.window = 1MB (=1048576) (default)
2019-10-04 08:45:59,230 [main] INFO  server.RaftServerConfigKeys (ConfUtils.java:logGet(43)) - raft.server.rpc.request.timeout = 3000ms (default)
2019-10-04 08:45:59,452 [main] INFO  server.RaftServerConfigKeys (ConfUtils.java:logGet(43)) - raft.server.storage.dir = [/workdir/hadoop-ozone/integration-test/target/test-dir/MiniOzoneClusterImpl-b87a1b95-0ca3-4047-8457-6f6b40dbe18f/datanode-0/data/ratis] (custom)
2019-10-04 08:45:59,509 [main] INFO  hdfs.DFSUtil (DFSUtil.java:httpServerTemplateForNNAndJN(1641)) - Starting Web-server for hddsDatanode at: http://0.0.0.0:0
2019-10-04 08:45:59,512 [main] INFO  server.AuthenticationFilter (AuthenticationFilter.java:constructSecretProvider(240)) - Unable to initialize FileSignerSecretProvider, falling back to use random secrets.
2019-10-04 08:45:59,513 [main] WARN  http.HttpRequestLog (HttpRequestLog.java:getRequestLog(97)) - Jetty request log can only be enabled using Log4j
2019-10-04 08:45:59,517 [main] INFO  http.HttpServer2 (HttpServer2.java:addGlobalFilter(975)) - Added global filter 'safety' (class=org.apache.hadoop.http.HttpServer2$QuotingInputFilter)
2019-10-04 08:45:59,518 [main] INFO  http.HttpServer2 (HttpServer2.java:addFilter(948)) - Added filter static_user_filter (class=org.apache.hadoop.http.lib.StaticUserWebFilter$StaticUserFilter) to context hddsDatanode
2019-10-04 08:45:59,518 [main] INFO  http.HttpServer2 (HttpServer2.java:addFilter(958)) - Added filter static_user_filter (class=org.apache.hadoop.http.lib.StaticUserWebFilter$StaticUserFilter) to context logs
2019-10-04 08:45:59,518 [main] INFO  http.HttpServer2 (HttpServer2.java:addFilter(958)) - Added filter static_user_filter (class=org.apache.hadoop.http.lib.StaticUserWebFilter$StaticUserFilter) to context static
2019-10-04 08:45:59,520 [main] INFO  http.HttpServer2 (HttpServer2.java:bindListener(1191)) - Jetty bound to port 34733
2019-10-04 08:45:59,521 [main] INFO  server.Server (Server.java:doStart(351)) - jetty-9.3.25.v20180904, build timestamp: 2018-09-04T21:11:46Z, git hash: 3ce520221d0240229c862b122d2b06c12a625732
2019-10-04 08:45:59,524 [main] INFO  handler.ContextHandler (ContextHandler.java:doStart(781)) - Started o.e.j.s.ServletContextHandler@9596ce8{/logs,file:///workdir/hadoop-ozone/integration-test/target/log,AVAILABLE}
2019-10-04 08:45:59,525 [main] INFO  handler.ContextHandler (ContextHandler.java:doStart(781)) - Started o.e.j.s.ServletContextHandler@70228253{/static,jar:file:/home/user/.m2/repository/org/apache/hadoop/hadoop-hdds-container-service/0.5.0-SNAPSHOT/hadoop-hdds-container-service-0.5.0-SNAPSHOT.jar!/webapps/static,AVAILABLE}
2019-10-04 08:45:59,571 [main] INFO  handler.ContextHandler (ContextHandler.java:doStart(781)) - Started o.e.j.w.WebAppContext@68a4dcc6{/,file:///tmp/jetty-0.0.0.0-34733-hddsDatanode-_-any-4477303707092750169.dir/webapp/,AVAILABLE}{/hddsDatanode}
2019-10-04 08:45:59,573 [main] INFO  server.AbstractConnector (AbstractConnector.java:doStart(278)) - Started ServerConnector@646c0a67{HTTP/1.1,[http/1.1]}{0.0.0.0:34733}
2019-10-04 08:45:59,574 [main] INFO  server.Server (Server.java:doStart(419)) - Started @5113ms
2019-10-04 08:45:59,575 [main] WARN  impl.MetricsSystemImpl (MetricsSystemImpl.java:register(276)) - Sink prometheus already exists!
2019-10-04 08:45:59,576 [main] INFO  server.BaseHttpServer (BaseHttpServer.java:updateConnectorAddress(215)) - HTTP server of HDDSDATANODE is listening at http://0.0.0.0:34733
2019-10-04 08:45:59,577 [main] INFO  impl.MetricsSystemImpl (MetricsSystemImpl.java:init(158)) - HddsDatanode metrics system started (again)
2019-10-04 08:45:59,580 [main] INFO  ozone.HddsDatanodeService (HddsDatanodeService.java:start(184)) - HddsDatanodeService host:pr-hdds-2238-lzxxv-1908806976 ip:192.168.151.111
2019-10-04 08:45:59,584 [org.apache.hadoop.util.JvmPauseMonitor$Monitor@7b066ede] INFO  util.JvmPauseMonitor (JvmPauseMonitor.java:run(188)) - Starting JVM pause monitor
2019-10-04 08:45:59,589 [main] INFO  volume.HddsVolume (HddsVolume.java:<init>(176)) - Creating Volume: /workdir/hadoop-ozone/integration-test/target/test-dir/MiniOzoneClusterImpl-b87a1b95-0ca3-4047-8457-6f6b40dbe18f/datanode-1/data/containers/hdds of  storage type : DISK and capacity : 1482555576320
2019-10-04 08:45:59,590 [main] INFO  volume.VolumeSet (VolumeSet.java:initializeVolumeSet(170)) - Added Volume : /workdir/hadoop-ozone/integration-test/target/test-dir/MiniOzoneClusterImpl-b87a1b95-0ca3-4047-8457-6f6b40dbe18f/datanode-1/data/containers/hdds to VolumeSet
2019-10-04 08:45:59,590 [main] INFO  volume.ThrottledAsyncChecker (ThrottledAsyncChecker.java:schedule(139)) - Scheduling a check for org.apache.hadoop.ozone.container.common.volume.HddsVolume@18d910b3
2019-10-04 08:45:59,591 [main] INFO  volume.HddsVolumeChecker (HddsVolumeChecker.java:checkAllVolumes(202)) - Scheduled health check for volume org.apache.hadoop.ozone.container.common.volume.HddsVolume@18d910b3
2019-10-04 08:45:59,609 [main] INFO  impl.RaftServerProxy (ConfUtils.java:logGet(43)) - raft.rpc.type = GRPC (default)
2019-10-04 08:45:59,609 [main] INFO  grpc.GrpcFactory (GrpcFactory.java:checkPooledByteBufAllocatorUseCacheForAllThreads(45)) - PERFORMANCE WARNING: useCacheForAllThreads is true that may cause Netty to create a lot garbage objects and, as a result, trigger GC.
	It is recommended to disable useCacheForAllThreads by setting -Dorg.apache.ratis.thirdparty.io.netty.allocator.useCacheForAllThreads=false in command line.
2019-10-04 08:45:59,609 [main] INFO  grpc.GrpcConfigKeys$Server (ConfUtils.java:logGet(43)) - raft.grpc.server.port = 0 (default)
2019-10-04 08:45:59,610 [main] INFO  server.GrpcService (ConfUtils.java:logGet(43)) - raft.grpc.message.size.max = 33570816 (custom)
2019-10-04 08:45:59,610 [main] INFO  server.RaftServerConfigKeys (ConfUtils.java:logGet(43)) - raft.server.log.appender.buffer.byte-limit = 33554432 (custom)
2019-10-04 08:45:59,610 [main] INFO  server.GrpcService (ConfUtils.java:logGet(43)) - raft.grpc.flow.control.window = 1MB (=1048576) (default)
2019-10-04 08:45:59,610 [main] INFO  server.RaftServerConfigKeys (ConfUtils.java:logGet(43)) - raft.server.rpc.request.timeout = 3000ms (default)
2019-10-04 08:45:59,611 [main] INFO  server.RaftServerConfigKeys (ConfUtils.java:logGet(43)) - raft.server.storage.dir = [/workdir/hadoop-ozone/integration-test/target/test-dir/MiniOzoneClusterImpl-b87a1b95-0ca3-4047-8457-6f6b40dbe18f/datanode-1/data/ratis] (custom)
2019-10-04 08:45:59,613 [main] INFO  hdfs.DFSUtil (DFSUtil.java:httpServerTemplateForNNAndJN(1641)) - Starting Web-server for hddsDatanode at: http://0.0.0.0:0
2019-10-04 08:45:59,615 [main] INFO  server.AuthenticationFilter (AuthenticationFilter.java:constructSecretProvider(240)) - Unable to initialize FileSignerSecretProvider, falling back to use random secrets.
2019-10-04 08:45:59,615 [main] WARN  http.HttpRequestLog (HttpRequestLog.java:getRequestLog(97)) - Jetty request log can only be enabled using Log4j
2019-10-04 08:45:59,617 [main] INFO  http.HttpServer2 (HttpServer2.java:addGlobalFilter(975)) - Added global filter 'safety' (class=org.apache.hadoop.http.HttpServer2$QuotingInputFilter)
2019-10-04 08:45:59,618 [main] INFO  http.HttpServer2 (HttpServer2.java:addFilter(948)) - Added filter static_user_filter (class=org.apache.hadoop.http.lib.StaticUserWebFilter$StaticUserFilter) to context hddsDatanode
2019-10-04 08:45:59,618 [main] INFO  http.HttpServer2 (HttpServer2.java:addFilter(958)) - Added filter static_user_filter (class=org.apache.hadoop.http.lib.StaticUserWebFilter$StaticUserFilter) to context logs
2019-10-04 08:45:59,618 [main] INFO  http.HttpServer2 (HttpServer2.java:addFilter(958)) - Added filter static_user_filter (class=org.apache.hadoop.http.lib.StaticUserWebFilter$StaticUserFilter) to context static
2019-10-04 08:45:59,619 [main] INFO  http.HttpServer2 (HttpServer2.java:bindListener(1191)) - Jetty bound to port 39469
2019-10-04 08:45:59,619 [main] INFO  server.Server (Server.java:doStart(351)) - jetty-9.3.25.v20180904, build timestamp: 2018-09-04T21:11:46Z, git hash: 3ce520221d0240229c862b122d2b06c12a625732
2019-10-04 08:45:59,621 [main] INFO  handler.ContextHandler (ContextHandler.java:doStart(781)) - Started o.e.j.s.ServletContextHandler@56a4f272{/logs,file:///workdir/hadoop-ozone/integration-test/target/log,AVAILABLE}
2019-10-04 08:45:59,622 [main] INFO  handler.ContextHandler (ContextHandler.java:doStart(781)) - Started o.e.j.s.ServletContextHandler@79b84841{/static,jar:file:/home/user/.m2/repository/org/apache/hadoop/hadoop-hdds-container-service/0.5.0-SNAPSHOT/hadoop-hdds-container-service-0.5.0-SNAPSHOT.jar!/webapps/static,AVAILABLE}
2019-10-04 08:45:59,653 [main] INFO  handler.ContextHandler (ContextHandler.java:doStart(781)) - Started o.e.j.w.WebAppContext@467b684d{/,file:///tmp/jetty-0.0.0.0-39469-hddsDatanode-_-any-7223867435887385911.dir/webapp/,AVAILABLE}{/hddsDatanode}
2019-10-04 08:45:59,654 [main] INFO  server.AbstractConnector (AbstractConnector.java:doStart(278)) - Started ServerConnector@7baf1f5a{HTTP/1.1,[http/1.1]}{0.0.0.0:39469}
2019-10-04 08:45:59,655 [main] INFO  server.Server (Server.java:doStart(419)) - Started @5195ms
2019-10-04 08:45:59,656 [main] WARN  impl.MetricsSystemImpl (MetricsSystemImpl.java:register(276)) - Sink prometheus already exists!
2019-10-04 08:45:59,657 [main] INFO  server.BaseHttpServer (BaseHttpServer.java:updateConnectorAddress(215)) - HTTP server of HDDSDATANODE is listening at http://0.0.0.0:39469
2019-10-04 08:45:59,657 [main] INFO  impl.MetricsSystemImpl (MetricsSystemImpl.java:init(158)) - HddsDatanode metrics system started (again)
2019-10-04 08:45:59,661 [org.apache.hadoop.util.JvmPauseMonitor$Monitor@114b252a] INFO  util.JvmPauseMonitor (JvmPauseMonitor.java:run(188)) - Starting JVM pause monitor
2019-10-04 08:45:59,661 [main] INFO  ozone.HddsDatanodeService (HddsDatanodeService.java:start(184)) - HddsDatanodeService host:pr-hdds-2238-lzxxv-1908806976 ip:192.168.151.111
2019-10-04 08:45:59,670 [main] INFO  volume.HddsVolume (HddsVolume.java:<init>(176)) - Creating Volume: /workdir/hadoop-ozone/integration-test/target/test-dir/MiniOzoneClusterImpl-b87a1b95-0ca3-4047-8457-6f6b40dbe18f/datanode-2/data/containers/hdds of  storage type : DISK and capacity : 1482555576320
2019-10-04 08:45:59,671 [main] INFO  volume.VolumeSet (VolumeSet.java:initializeVolumeSet(170)) - Added Volume : /workdir/hadoop-ozone/integration-test/target/test-dir/MiniOzoneClusterImpl-b87a1b95-0ca3-4047-8457-6f6b40dbe18f/datanode-2/data/containers/hdds to VolumeSet
2019-10-04 08:45:59,671 [main] INFO  volume.ThrottledAsyncChecker (ThrottledAsyncChecker.java:schedule(139)) - Scheduling a check for org.apache.hadoop.ozone.container.common.volume.HddsVolume@2e66bc32
2019-10-04 08:45:59,671 [main] INFO  volume.HddsVolumeChecker (HddsVolumeChecker.java:checkAllVolumes(202)) - Scheduled health check for volume org.apache.hadoop.ozone.container.common.volume.HddsVolume@2e66bc32
2019-10-04 08:45:59,686 [main] INFO  impl.RaftServerProxy (ConfUtils.java:logGet(43)) - raft.rpc.type = GRPC (default)
2019-10-04 08:45:59,686 [main] INFO  grpc.GrpcFactory (GrpcFactory.java:checkPooledByteBufAllocatorUseCacheForAllThreads(45)) - PERFORMANCE WARNING: useCacheForAllThreads is true that may cause Netty to create a lot garbage objects and, as a result, trigger GC.
	It is recommended to disable useCacheForAllThreads by setting -Dorg.apache.ratis.thirdparty.io.netty.allocator.useCacheForAllThreads=false in command line.
2019-10-04 08:45:59,687 [main] INFO  grpc.GrpcConfigKeys$Server (ConfUtils.java:logGet(43)) - raft.grpc.server.port = 0 (default)
2019-10-04 08:45:59,687 [main] INFO  server.GrpcService (ConfUtils.java:logGet(43)) - raft.grpc.message.size.max = 33570816 (custom)
2019-10-04 08:45:59,687 [main] INFO  server.RaftServerConfigKeys (ConfUtils.java:logGet(43)) - raft.server.log.appender.buffer.byte-limit = 33554432 (custom)
2019-10-04 08:45:59,688 [main] INFO  server.GrpcService (ConfUtils.java:logGet(43)) - raft.grpc.flow.control.window = 1MB (=1048576) (default)
2019-10-04 08:45:59,688 [main] INFO  server.RaftServerConfigKeys (ConfUtils.java:logGet(43)) - raft.server.rpc.request.timeout = 3000ms (default)
2019-10-04 08:45:59,689 [main] INFO  server.RaftServerConfigKeys (ConfUtils.java:logGet(43)) - raft.server.storage.dir = [/workdir/hadoop-ozone/integration-test/target/test-dir/MiniOzoneClusterImpl-b87a1b95-0ca3-4047-8457-6f6b40dbe18f/datanode-2/data/ratis] (custom)
2019-10-04 08:45:59,692 [main] INFO  hdfs.DFSUtil (DFSUtil.java:httpServerTemplateForNNAndJN(1641)) - Starting Web-server for hddsDatanode at: http://0.0.0.0:0
2019-10-04 08:45:59,694 [main] INFO  server.AuthenticationFilter (AuthenticationFilter.java:constructSecretProvider(240)) - Unable to initialize FileSignerSecretProvider, falling back to use random secrets.
2019-10-04 08:45:59,694 [main] WARN  http.HttpRequestLog (HttpRequestLog.java:getRequestLog(97)) - Jetty request log can only be enabled using Log4j
2019-10-04 08:45:59,696 [main] INFO  http.HttpServer2 (HttpServer2.java:addGlobalFilter(975)) - Added global filter 'safety' (class=org.apache.hadoop.http.HttpServer2$QuotingInputFilter)
2019-10-04 08:45:59,697 [main] INFO  http.HttpServer2 (HttpServer2.java:addFilter(948)) - Added filter static_user_filter (class=org.apache.hadoop.http.lib.StaticUserWebFilter$StaticUserFilter) to context hddsDatanode
2019-10-04 08:45:59,697 [main] INFO  http.HttpServer2 (HttpServer2.java:addFilter(958)) - Added filter static_user_filter (class=org.apache.hadoop.http.lib.StaticUserWebFilter$StaticUserFilter) to context static
2019-10-04 08:45:59,697 [main] INFO  http.HttpServer2 (HttpServer2.java:addFilter(958)) - Added filter static_user_filter (class=org.apache.hadoop.http.lib.StaticUserWebFilter$StaticUserFilter) to context logs
2019-10-04 08:45:59,698 [main] INFO  http.HttpServer2 (HttpServer2.java:bindListener(1191)) - Jetty bound to port 35793
2019-10-04 08:45:59,698 [main] INFO  server.Server (Server.java:doStart(351)) - jetty-9.3.25.v20180904, build timestamp: 2018-09-04T21:11:46Z, git hash: 3ce520221d0240229c862b122d2b06c12a625732
2019-10-04 08:45:59,705 [main] INFO  handler.ContextHandler (ContextHandler.java:doStart(781)) - Started o.e.j.s.ServletContextHandler@b52b755{/logs,file:///workdir/hadoop-ozone/integration-test/target/log,AVAILABLE}
2019-10-04 08:45:59,705 [main] INFO  handler.ContextHandler (ContextHandler.java:doStart(781)) - Started o.e.j.s.ServletContextHandler@40e37b06{/static,jar:file:/home/user/.m2/repository/org/apache/hadoop/hadoop-hdds-container-service/0.5.0-SNAPSHOT/hadoop-hdds-container-service-0.5.0-SNAPSHOT.jar!/webapps/static,AVAILABLE}
2019-10-04 08:45:59,722 [Datanode State Machine Thread - 0] INFO  datanode.InitDatanodeState (InitDatanodeState.java:persistContainerDatanodeDetails(140)) - DatanodeDetails is persisted to /workdir/hadoop-ozone/integration-test/target/test-dir/MiniOzoneClusterImpl-b87a1b95-0ca3-4047-8457-6f6b40dbe18f/datanode-0/meta/datanode.id
2019-10-04 08:45:59,726 [Datanode State Machine Thread - 0] INFO  datanode.InitDatanodeState (InitDatanodeState.java:persistContainerDatanodeDetails(140)) - DatanodeDetails is persisted to /workdir/hadoop-ozone/integration-test/target/test-dir/MiniOzoneClusterImpl-b87a1b95-0ca3-4047-8457-6f6b40dbe18f/datanode-1/meta/datanode.id
2019-10-04 08:45:59,740 [main] INFO  handler.ContextHandler (ContextHandler.java:doStart(781)) - Started o.e.j.w.WebAppContext@36c2b646{/,file:///tmp/jetty-0.0.0.0-35793-hddsDatanode-_-any-4698248654685782001.dir/webapp/,AVAILABLE}{/hddsDatanode}
2019-10-04 08:45:59,741 [main] INFO  server.AbstractConnector (AbstractConnector.java:doStart(278)) - Started ServerConnector@434514d8{HTTP/1.1,[http/1.1]}{0.0.0.0:35793}
2019-10-04 08:45:59,744 [main] INFO  server.Server (Server.java:doStart(419)) - Started @5284ms
2019-10-04 08:45:59,744 [main] WARN  impl.MetricsSystemImpl (MetricsSystemImpl.java:register(276)) - Sink prometheus already exists!
2019-10-04 08:45:59,745 [main] INFO  server.BaseHttpServer (BaseHttpServer.java:updateConnectorAddress(215)) - HTTP server of HDDSDATANODE is listening at http://0.0.0.0:35793
2019-10-04 08:45:59,745 [main] INFO  impl.MetricsSystemImpl (MetricsSystemImpl.java:init(158)) - HddsDatanode metrics system started (again)
2019-10-04 08:45:59,749 [org.apache.hadoop.util.JvmPauseMonitor$Monitor@1e2b9486] INFO  util.JvmPauseMonitor (JvmPauseMonitor.java:run(188)) - Starting JVM pause monitor
2019-10-04 08:45:59,749 [main] INFO  ozone.HddsDatanodeService (HddsDatanodeService.java:start(184)) - HddsDatanodeService host:pr-hdds-2238-lzxxv-1908806976 ip:192.168.151.111
2019-10-04 08:45:59,752 [Datanode State Machine Thread - 0] INFO  datanode.InitDatanodeState (InitDatanodeState.java:persistContainerDatanodeDetails(140)) - DatanodeDetails is persisted to /workdir/hadoop-ozone/integration-test/target/test-dir/MiniOzoneClusterImpl-b87a1b95-0ca3-4047-8457-6f6b40dbe18f/datanode-2/meta/datanode.id
2019-10-04 08:45:59,759 [main] INFO  volume.HddsVolume (HddsVolume.java:<init>(176)) - Creating Volume: /workdir/hadoop-ozone/integration-test/target/test-dir/MiniOzoneClusterImpl-b87a1b95-0ca3-4047-8457-6f6b40dbe18f/datanode-3/data/containers/hdds of  storage type : DISK and capacity : 1482555576320
2019-10-04 08:45:59,760 [main] INFO  volume.VolumeSet (VolumeSet.java:initializeVolumeSet(170)) - Added Volume : /workdir/hadoop-ozone/integration-test/target/test-dir/MiniOzoneClusterImpl-b87a1b95-0ca3-4047-8457-6f6b40dbe18f/datanode-3/data/containers/hdds to VolumeSet
2019-10-04 08:45:59,760 [main] INFO  volume.ThrottledAsyncChecker (ThrottledAsyncChecker.java:schedule(139)) - Scheduling a check for org.apache.hadoop.ozone.container.common.volume.HddsVolume@517a2b0
2019-10-04 08:45:59,761 [main] INFO  volume.HddsVolumeChecker (HddsVolumeChecker.java:checkAllVolumes(202)) - Scheduled health check for volume org.apache.hadoop.ozone.container.common.volume.HddsVolume@517a2b0
2019-10-04 08:45:59,783 [main] INFO  impl.RaftServerProxy (ConfUtils.java:logGet(43)) - raft.rpc.type = GRPC (default)
2019-10-04 08:45:59,784 [main] INFO  grpc.GrpcFactory (GrpcFactory.java:checkPooledByteBufAllocatorUseCacheForAllThreads(45)) - PERFORMANCE WARNING: useCacheForAllThreads is true that may cause Netty to create a lot garbage objects and, as a result, trigger GC.
	It is recommended to disable useCacheForAllThreads by setting -Dorg.apache.ratis.thirdparty.io.netty.allocator.useCacheForAllThreads=false in command line.
2019-10-04 08:45:59,784 [main] INFO  grpc.GrpcConfigKeys$Server (ConfUtils.java:logGet(43)) - raft.grpc.server.port = 0 (default)
2019-10-04 08:45:59,784 [main] INFO  server.GrpcService (ConfUtils.java:logGet(43)) - raft.grpc.message.size.max = 33570816 (custom)
2019-10-04 08:45:59,785 [main] INFO  server.RaftServerConfigKeys (ConfUtils.java:logGet(43)) - raft.server.log.appender.buffer.byte-limit = 33554432 (custom)
2019-10-04 08:45:59,785 [main] INFO  server.GrpcService (ConfUtils.java:logGet(43)) - raft.grpc.flow.control.window = 1MB (=1048576) (default)
2019-10-04 08:45:59,786 [main] INFO  server.RaftServerConfigKeys (ConfUtils.java:logGet(43)) - raft.server.rpc.request.timeout = 3000ms (default)
2019-10-04 08:45:59,786 [main] INFO  server.RaftServerConfigKeys (ConfUtils.java:logGet(43)) - raft.server.storage.dir = [/workdir/hadoop-ozone/integration-test/target/test-dir/MiniOzoneClusterImpl-b87a1b95-0ca3-4047-8457-6f6b40dbe18f/datanode-3/data/ratis] (custom)
2019-10-04 08:45:59,789 [main] INFO  hdfs.DFSUtil (DFSUtil.java:httpServerTemplateForNNAndJN(1641)) - Starting Web-server for hddsDatanode at: http://0.0.0.0:0
2019-10-04 08:45:59,790 [main] INFO  server.AuthenticationFilter (AuthenticationFilter.java:constructSecretProvider(240)) - Unable to initialize FileSignerSecretProvider, falling back to use random secrets.
2019-10-04 08:45:59,791 [main] WARN  http.HttpRequestLog (HttpRequestLog.java:getRequestLog(97)) - Jetty request log can only be enabled using Log4j
2019-10-04 08:45:59,794 [main] INFO  http.HttpServer2 (HttpServer2.java:addGlobalFilter(975)) - Added global filter 'safety' (class=org.apache.hadoop.http.HttpServer2$QuotingInputFilter)
2019-10-04 08:45:59,795 [main] INFO  http.HttpServer2 (HttpServer2.java:addFilter(948)) - Added filter static_user_filter (class=org.apache.hadoop.http.lib.StaticUserWebFilter$StaticUserFilter) to context hddsDatanode
2019-10-04 08:45:59,795 [main] INFO  http.HttpServer2 (HttpServer2.java:addFilter(958)) - Added filter static_user_filter (class=org.apache.hadoop.http.lib.StaticUserWebFilter$StaticUserFilter) to context logs
2019-10-04 08:45:59,795 [main] INFO  http.HttpServer2 (HttpServer2.java:addFilter(958)) - Added filter static_user_filter (class=org.apache.hadoop.http.lib.StaticUserWebFilter$StaticUserFilter) to context static
2019-10-04 08:45:59,796 [main] INFO  http.HttpServer2 (HttpServer2.java:bindListener(1191)) - Jetty bound to port 36405
2019-10-04 08:45:59,796 [main] INFO  server.Server (Server.java:doStart(351)) - jetty-9.3.25.v20180904, build timestamp: 2018-09-04T21:11:46Z, git hash: 3ce520221d0240229c862b122d2b06c12a625732
2019-10-04 08:45:59,799 [main] INFO  handler.ContextHandler (ContextHandler.java:doStart(781)) - Started o.e.j.s.ServletContextHandler@3d4e405e{/logs,file:///workdir/hadoop-ozone/integration-test/target/log,AVAILABLE}
2019-10-04 08:45:59,800 [main] INFO  handler.ContextHandler (ContextHandler.java:doStart(781)) - Started o.e.j.s.ServletContextHandler@70972170{/static,jar:file:/home/user/.m2/repository/org/apache/hadoop/hadoop-hdds-container-service/0.5.0-SNAPSHOT/hadoop-hdds-container-service-0.5.0-SNAPSHOT.jar!/webapps/static,AVAILABLE}
2019-10-04 08:45:59,844 [main] INFO  handler.ContextHandler (ContextHandler.java:doStart(781)) - Started o.e.j.w.WebAppContext@176996c3{/,file:///tmp/jetty-0.0.0.0-36405-hddsDatanode-_-any-4086658949362770780.dir/webapp/,AVAILABLE}{/hddsDatanode}
2019-10-04 08:45:59,844 [main] INFO  server.AbstractConnector (AbstractConnector.java:doStart(278)) - Started ServerConnector@411c6d44{HTTP/1.1,[http/1.1]}{0.0.0.0:36405}
2019-10-04 08:45:59,846 [main] INFO  server.Server (Server.java:doStart(419)) - Started @5386ms
2019-10-04 08:45:59,847 [main] WARN  impl.MetricsSystemImpl (MetricsSystemImpl.java:register(276)) - Sink prometheus already exists!
2019-10-04 08:45:59,848 [main] INFO  server.BaseHttpServer (BaseHttpServer.java:updateConnectorAddress(215)) - HTTP server of HDDSDATANODE is listening at http://0.0.0.0:36405
2019-10-04 08:45:59,849 [main] INFO  impl.MetricsSystemImpl (MetricsSystemImpl.java:init(158)) - HddsDatanode metrics system started (again)
2019-10-04 08:45:59,853 [org.apache.hadoop.util.JvmPauseMonitor$Monitor@5e93ae2f] INFO  util.JvmPauseMonitor (JvmPauseMonitor.java:run(188)) - Starting JVM pause monitor
2019-10-04 08:45:59,854 [main] INFO  ozone.HddsDatanodeService (HddsDatanodeService.java:start(184)) - HddsDatanodeService host:pr-hdds-2238-lzxxv-1908806976 ip:192.168.151.111
2019-10-04 08:45:59,857 [Datanode State Machine Thread - 0] INFO  datanode.InitDatanodeState (InitDatanodeState.java:persistContainerDatanodeDetails(140)) - DatanodeDetails is persisted to /workdir/hadoop-ozone/integration-test/target/test-dir/MiniOzoneClusterImpl-b87a1b95-0ca3-4047-8457-6f6b40dbe18f/datanode-3/meta/datanode.id
2019-10-04 08:45:59,866 [main] INFO  volume.HddsVolume (HddsVolume.java:<init>(176)) - Creating Volume: /workdir/hadoop-ozone/integration-test/target/test-dir/MiniOzoneClusterImpl-b87a1b95-0ca3-4047-8457-6f6b40dbe18f/datanode-4/data/containers/hdds of  storage type : DISK and capacity : 1482555576320
2019-10-04 08:45:59,867 [main] INFO  volume.VolumeSet (VolumeSet.java:initializeVolumeSet(170)) - Added Volume : /workdir/hadoop-ozone/integration-test/target/test-dir/MiniOzoneClusterImpl-b87a1b95-0ca3-4047-8457-6f6b40dbe18f/datanode-4/data/containers/hdds to VolumeSet
2019-10-04 08:45:59,868 [main] INFO  volume.ThrottledAsyncChecker (ThrottledAsyncChecker.java:schedule(139)) - Scheduling a check for org.apache.hadoop.ozone.container.common.volume.HddsVolume@22eaa86e
2019-10-04 08:45:59,868 [main] INFO  volume.HddsVolumeChecker (HddsVolumeChecker.java:checkAllVolumes(202)) - Scheduled health check for volume org.apache.hadoop.ozone.container.common.volume.HddsVolume@22eaa86e
2019-10-04 08:45:59,891 [main] INFO  impl.RaftServerProxy (ConfUtils.java:logGet(43)) - raft.rpc.type = GRPC (default)
2019-10-04 08:45:59,891 [main] INFO  grpc.GrpcFactory (GrpcFactory.java:checkPooledByteBufAllocatorUseCacheForAllThreads(45)) - PERFORMANCE WARNING: useCacheForAllThreads is true that may cause Netty to create a lot garbage objects and, as a result, trigger GC.
	It is recommended to disable useCacheForAllThreads by setting -Dorg.apache.ratis.thirdparty.io.netty.allocator.useCacheForAllThreads=false in command line.
2019-10-04 08:45:59,891 [main] INFO  grpc.GrpcConfigKeys$Server (ConfUtils.java:logGet(43)) - raft.grpc.server.port = 0 (default)
2019-10-04 08:45:59,892 [main] INFO  server.GrpcService (ConfUtils.java:logGet(43)) - raft.grpc.message.size.max = 33570816 (custom)
2019-10-04 08:45:59,892 [main] INFO  server.RaftServerConfigKeys (ConfUtils.java:logGet(43)) - raft.server.log.appender.buffer.byte-limit = 33554432 (custom)
2019-10-04 08:45:59,893 [main] INFO  server.GrpcService (ConfUtils.java:logGet(43)) - raft.grpc.flow.control.window = 1MB (=1048576) (default)
2019-10-04 08:45:59,893 [main] INFO  server.RaftServerConfigKeys (ConfUtils.java:logGet(43)) - raft.server.rpc.request.timeout = 3000ms (default)
2019-10-04 08:45:59,894 [main] INFO  server.RaftServerConfigKeys (ConfUtils.java:logGet(43)) - raft.server.storage.dir = [/workdir/hadoop-ozone/integration-test/target/test-dir/MiniOzoneClusterImpl-b87a1b95-0ca3-4047-8457-6f6b40dbe18f/datanode-4/data/ratis] (custom)
2019-10-04 08:45:59,896 [main] INFO  hdfs.DFSUtil (DFSUtil.java:httpServerTemplateForNNAndJN(1641)) - Starting Web-server for hddsDatanode at: http://0.0.0.0:0
2019-10-04 08:45:59,898 [main] INFO  server.AuthenticationFilter (AuthenticationFilter.java:constructSecretProvider(240)) - Unable to initialize FileSignerSecretProvider, falling back to use random secrets.
2019-10-04 08:45:59,899 [main] WARN  http.HttpRequestLog (HttpRequestLog.java:getRequestLog(97)) - Jetty request log can only be enabled using Log4j
2019-10-04 08:45:59,902 [main] INFO  http.HttpServer2 (HttpServer2.java:addGlobalFilter(975)) - Added global filter 'safety' (class=org.apache.hadoop.http.HttpServer2$QuotingInputFilter)
2019-10-04 08:45:59,903 [main] INFO  http.HttpServer2 (HttpServer2.java:addFilter(948)) - Added filter static_user_filter (class=org.apache.hadoop.http.lib.StaticUserWebFilter$StaticUserFilter) to context hddsDatanode
2019-10-04 08:45:59,903 [main] INFO  http.HttpServer2 (HttpServer2.java:addFilter(958)) - Added filter static_user_filter (class=org.apache.hadoop.http.lib.StaticUserWebFilter$StaticUserFilter) to context logs
2019-10-04 08:45:59,904 [main] INFO  http.HttpServer2 (HttpServer2.java:addFilter(958)) - Added filter static_user_filter (class=org.apache.hadoop.http.lib.StaticUserWebFilter$StaticUserFilter) to context static
2019-10-04 08:45:59,905 [main] INFO  http.HttpServer2 (HttpServer2.java:bindListener(1191)) - Jetty bound to port 46726
2019-10-04 08:45:59,905 [main] INFO  server.Server (Server.java:doStart(351)) - jetty-9.3.25.v20180904, build timestamp: 2018-09-04T21:11:46Z, git hash: 3ce520221d0240229c862b122d2b06c12a625732
2019-10-04 08:45:59,915 [main] INFO  handler.ContextHandler (ContextHandler.java:doStart(781)) - Started o.e.j.s.ServletContextHandler@250a500b{/logs,file:///workdir/hadoop-ozone/integration-test/target/log,AVAILABLE}
2019-10-04 08:45:59,916 [main] INFO  handler.ContextHandler (ContextHandler.java:doStart(781)) - Started o.e.j.s.ServletContextHandler@4f89331f{/static,jar:file:/home/user/.m2/repository/org/apache/hadoop/hadoop-hdds-container-service/0.5.0-SNAPSHOT/hadoop-hdds-container-service-0.5.0-SNAPSHOT.jar!/webapps/static,AVAILABLE}
2019-10-04 08:45:59,959 [main] INFO  handler.ContextHandler (ContextHandler.java:doStart(781)) - Started o.e.j.w.WebAppContext@74ea46e2{/,file:///tmp/jetty-0.0.0.0-46726-hddsDatanode-_-any-1040368198233064255.dir/webapp/,AVAILABLE}{/hddsDatanode}
2019-10-04 08:45:59,961 [main] INFO  server.AbstractConnector (AbstractConnector.java:doStart(278)) - Started ServerConnector@6f911326{HTTP/1.1,[http/1.1]}{0.0.0.0:46726}
2019-10-04 08:45:59,961 [main] INFO  server.Server (Server.java:doStart(419)) - Started @5501ms
2019-10-04 08:45:59,962 [main] WARN  impl.MetricsSystemImpl (MetricsSystemImpl.java:register(276)) - Sink prometheus already exists!
2019-10-04 08:45:59,963 [main] INFO  server.BaseHttpServer (BaseHttpServer.java:updateConnectorAddress(215)) - HTTP server of HDDSDATANODE is listening at http://0.0.0.0:46726
2019-10-04 08:45:59,963 [main] INFO  impl.MetricsSystemImpl (MetricsSystemImpl.java:init(158)) - HddsDatanode metrics system started (again)
2019-10-04 08:45:59,966 [org.apache.hadoop.util.JvmPauseMonitor$Monitor@1d37ce20] INFO  util.JvmPauseMonitor (JvmPauseMonitor.java:run(188)) - Starting JVM pause monitor
2019-10-04 08:45:59,967 [main] INFO  ozone.HddsDatanodeService (HddsDatanodeService.java:start(184)) - HddsDatanodeService host:pr-hdds-2238-lzxxv-1908806976 ip:192.168.151.111
2019-10-04 08:45:59,970 [Datanode State Machine Thread - 0] INFO  datanode.InitDatanodeState (InitDatanodeState.java:persistContainerDatanodeDetails(140)) - DatanodeDetails is persisted to /workdir/hadoop-ozone/integration-test/target/test-dir/MiniOzoneClusterImpl-b87a1b95-0ca3-4047-8457-6f6b40dbe18f/datanode-4/meta/datanode.id
2019-10-04 08:45:59,975 [main] INFO  volume.HddsVolume (HddsVolume.java:<init>(176)) - Creating Volume: /workdir/hadoop-ozone/integration-test/target/test-dir/MiniOzoneClusterImpl-b87a1b95-0ca3-4047-8457-6f6b40dbe18f/datanode-5/data/containers/hdds of  storage type : DISK and capacity : 1482555576320
2019-10-04 08:45:59,976 [main] INFO  volume.VolumeSet (VolumeSet.java:initializeVolumeSet(170)) - Added Volume : /workdir/hadoop-ozone/integration-test/target/test-dir/MiniOzoneClusterImpl-b87a1b95-0ca3-4047-8457-6f6b40dbe18f/datanode-5/data/containers/hdds to VolumeSet
2019-10-04 08:45:59,976 [main] INFO  volume.ThrottledAsyncChecker (ThrottledAsyncChecker.java:schedule(139)) - Scheduling a check for org.apache.hadoop.ozone.container.common.volume.HddsVolume@117d32e
2019-10-04 08:45:59,977 [main] INFO  volume.HddsVolumeChecker (HddsVolumeChecker.java:checkAllVolumes(202)) - Scheduled health check for volume org.apache.hadoop.ozone.container.common.volume.HddsVolume@117d32e
2019-10-04 08:45:59,990 [main] INFO  impl.RaftServerProxy (ConfUtils.java:logGet(43)) - raft.rpc.type = GRPC (default)
2019-10-04 08:45:59,991 [main] INFO  grpc.GrpcFactory (GrpcFactory.java:checkPooledByteBufAllocatorUseCacheForAllThreads(45)) - PERFORMANCE WARNING: useCacheForAllThreads is true that may cause Netty to create a lot garbage objects and, as a result, trigger GC.
	It is recommended to disable useCacheForAllThreads by setting -Dorg.apache.ratis.thirdparty.io.netty.allocator.useCacheForAllThreads=false in command line.
2019-10-04 08:45:59,991 [main] INFO  grpc.GrpcConfigKeys$Server (ConfUtils.java:logGet(43)) - raft.grpc.server.port = 0 (default)
2019-10-04 08:45:59,991 [main] INFO  server.GrpcService (ConfUtils.java:logGet(43)) - raft.grpc.message.size.max = 33570816 (custom)
2019-10-04 08:45:59,991 [main] INFO  server.RaftServerConfigKeys (ConfUtils.java:logGet(43)) - raft.server.log.appender.buffer.byte-limit = 33554432 (custom)
2019-10-04 08:45:59,991 [main] INFO  server.GrpcService (ConfUtils.java:logGet(43)) - raft.grpc.flow.control.window = 1MB (=1048576) (default)
2019-10-04 08:45:59,992 [main] INFO  server.RaftServerConfigKeys (ConfUtils.java:logGet(43)) - raft.server.rpc.request.timeout = 3000ms (default)
2019-10-04 08:45:59,992 [main] INFO  server.RaftServerConfigKeys (ConfUtils.java:logGet(43)) - raft.server.storage.dir = [/workdir/hadoop-ozone/integration-test/target/test-dir/MiniOzoneClusterImpl-b87a1b95-0ca3-4047-8457-6f6b40dbe18f/datanode-5/data/ratis] (custom)
2019-10-04 08:45:59,994 [main] INFO  hdfs.DFSUtil (DFSUtil.java:httpServerTemplateForNNAndJN(1641)) - Starting Web-server for hddsDatanode at: http://0.0.0.0:0
2019-10-04 08:45:59,995 [main] INFO  server.AuthenticationFilter (AuthenticationFilter.java:constructSecretProvider(240)) - Unable to initialize FileSignerSecretProvider, falling back to use random secrets.
2019-10-04 08:45:59,996 [main] WARN  http.HttpRequestLog (HttpRequestLog.java:getRequestLog(97)) - Jetty request log can only be enabled using Log4j
2019-10-04 08:45:59,998 [main] INFO  http.HttpServer2 (HttpServer2.java:addGlobalFilter(975)) - Added global filter 'safety' (class=org.apache.hadoop.http.HttpServer2$QuotingInputFilter)
2019-10-04 08:45:59,999 [main] INFO  http.HttpServer2 (HttpServer2.java:addFilter(948)) - Added filter static_user_filter (class=org.apache.hadoop.http.lib.StaticUserWebFilter$StaticUserFilter) to context hddsDatanode
2019-10-04 08:45:59,999 [main] INFO  http.HttpServer2 (HttpServer2.java:addFilter(958)) - Added filter static_user_filter (class=org.apache.hadoop.http.lib.StaticUserWebFilter$StaticUserFilter) to context logs
2019-10-04 08:45:59,999 [main] INFO  http.HttpServer2 (HttpServer2.java:addFilter(958)) - Added filter static_user_filter (class=org.apache.hadoop.http.lib.StaticUserWebFilter$StaticUserFilter) to context static
2019-10-04 08:46:00,000 [main] INFO  http.HttpServer2 (HttpServer2.java:bindListener(1191)) - Jetty bound to port 40776
2019-10-04 08:46:00,000 [main] INFO  server.Server (Server.java:doStart(351)) - jetty-9.3.25.v20180904, build timestamp: 2018-09-04T21:11:46Z, git hash: 3ce520221d0240229c862b122d2b06c12a625732
2019-10-04 08:46:00,002 [main] INFO  handler.ContextHandler (ContextHandler.java:doStart(781)) - Started o.e.j.s.ServletContextHandler@181d8899{/logs,file:///workdir/hadoop-ozone/integration-test/target/log,AVAILABLE}
2019-10-04 08:46:00,002 [main] INFO  handler.ContextHandler (ContextHandler.java:doStart(781)) - Started o.e.j.s.ServletContextHandler@b887730{/static,jar:file:/home/user/.m2/repository/org/apache/hadoop/hadoop-hdds-container-service/0.5.0-SNAPSHOT/hadoop-hdds-container-service-0.5.0-SNAPSHOT.jar!/webapps/static,AVAILABLE}
2019-10-04 08:46:00,034 [main] INFO  handler.ContextHandler (ContextHandler.java:doStart(781)) - Started o.e.j.w.WebAppContext@7ab34619{/,file:///tmp/jetty-0.0.0.0-40776-hddsDatanode-_-any-8970026618536654384.dir/webapp/,AVAILABLE}{/hddsDatanode}
2019-10-04 08:46:00,035 [main] INFO  server.AbstractConnector (AbstractConnector.java:doStart(278)) - Started ServerConnector@ae2db25{HTTP/1.1,[http/1.1]}{0.0.0.0:40776}
2019-10-04 08:46:00,036 [main] INFO  server.Server (Server.java:doStart(419)) - Started @5576ms
2019-10-04 08:46:00,036 [main] WARN  impl.MetricsSystemImpl (MetricsSystemImpl.java:register(276)) - Sink prometheus already exists!
2019-10-04 08:46:00,038 [main] INFO  server.BaseHttpServer (BaseHttpServer.java:updateConnectorAddress(215)) - HTTP server of HDDSDATANODE is listening at http://0.0.0.0:40776
2019-10-04 08:46:00,039 [main] INFO  impl.MetricsSystemImpl (MetricsSystemImpl.java:init(158)) - HddsDatanode metrics system started (again)
2019-10-04 08:46:00,043 [main] INFO  ozone.HddsDatanodeService (HddsDatanodeService.java:start(184)) - HddsDatanodeService host:pr-hdds-2238-lzxxv-1908806976 ip:192.168.151.111
2019-10-04 08:46:00,043 [org.apache.hadoop.util.JvmPauseMonitor$Monitor@76930181] INFO  util.JvmPauseMonitor (JvmPauseMonitor.java:run(188)) - Starting JVM pause monitor
2019-10-04 08:46:00,047 [Datanode State Machine Thread - 0] INFO  datanode.InitDatanodeState (InitDatanodeState.java:persistContainerDatanodeDetails(140)) - DatanodeDetails is persisted to /workdir/hadoop-ozone/integration-test/target/test-dir/MiniOzoneClusterImpl-b87a1b95-0ca3-4047-8457-6f6b40dbe18f/datanode-5/meta/datanode.id
2019-10-04 08:46:00,059 [main] INFO  volume.HddsVolume (HddsVolume.java:<init>(176)) - Creating Volume: /workdir/hadoop-ozone/integration-test/target/test-dir/MiniOzoneClusterImpl-b87a1b95-0ca3-4047-8457-6f6b40dbe18f/datanode-6/data/containers/hdds of  storage type : DISK and capacity : 1482555576320
2019-10-04 08:46:00,059 [main] INFO  volume.VolumeSet (VolumeSet.java:initializeVolumeSet(170)) - Added Volume : /workdir/hadoop-ozone/integration-test/target/test-dir/MiniOzoneClusterImpl-b87a1b95-0ca3-4047-8457-6f6b40dbe18f/datanode-6/data/containers/hdds to VolumeSet
2019-10-04 08:46:00,060 [main] INFO  volume.ThrottledAsyncChecker (ThrottledAsyncChecker.java:schedule(139)) - Scheduling a check for org.apache.hadoop.ozone.container.common.volume.HddsVolume@7f5538a1
2019-10-04 08:46:00,060 [main] INFO  volume.HddsVolumeChecker (HddsVolumeChecker.java:checkAllVolumes(202)) - Scheduled health check for volume org.apache.hadoop.ozone.container.common.volume.HddsVolume@7f5538a1
2019-10-04 08:46:00,085 [main] INFO  impl.RaftServerProxy (ConfUtils.java:logGet(43)) - raft.rpc.type = GRPC (default)
2019-10-04 08:46:00,085 [main] INFO  grpc.GrpcFactory (GrpcFactory.java:checkPooledByteBufAllocatorUseCacheForAllThreads(45)) - PERFORMANCE WARNING: useCacheForAllThreads is true that may cause Netty to create a lot garbage objects and, as a result, trigger GC.
	It is recommended to disable useCacheForAllThreads by setting -Dorg.apache.ratis.thirdparty.io.netty.allocator.useCacheForAllThreads=false in command line.
2019-10-04 08:46:00,086 [main] INFO  grpc.GrpcConfigKeys$Server (ConfUtils.java:logGet(43)) - raft.grpc.server.port = 0 (default)
2019-10-04 08:46:00,086 [main] INFO  server.GrpcService (ConfUtils.java:logGet(43)) - raft.grpc.message.size.max = 33570816 (custom)
2019-10-04 08:46:00,086 [main] INFO  server.RaftServerConfigKeys (ConfUtils.java:logGet(43)) - raft.server.log.appender.buffer.byte-limit = 33554432 (custom)
2019-10-04 08:46:00,087 [main] INFO  server.GrpcService (ConfUtils.java:logGet(43)) - raft.grpc.flow.control.window = 1MB (=1048576) (default)
2019-10-04 08:46:00,087 [main] INFO  server.RaftServerConfigKeys (ConfUtils.java:logGet(43)) - raft.server.rpc.request.timeout = 3000ms (default)
2019-10-04 08:46:00,088 [main] INFO  server.RaftServerConfigKeys (ConfUtils.java:logGet(43)) - raft.server.storage.dir = [/workdir/hadoop-ozone/integration-test/target/test-dir/MiniOzoneClusterImpl-b87a1b95-0ca3-4047-8457-6f6b40dbe18f/datanode-6/data/ratis] (custom)
2019-10-04 08:46:00,090 [main] INFO  hdfs.DFSUtil (DFSUtil.java:httpServerTemplateForNNAndJN(1641)) - Starting Web-server for hddsDatanode at: http://0.0.0.0:0
2019-10-04 08:46:00,092 [main] INFO  server.AuthenticationFilter (AuthenticationFilter.java:constructSecretProvider(240)) - Unable to initialize FileSignerSecretProvider, falling back to use random secrets.
2019-10-04 08:46:00,093 [main] WARN  http.HttpRequestLog (HttpRequestLog.java:getRequestLog(97)) - Jetty request log can only be enabled using Log4j
2019-10-04 08:46:00,095 [main] INFO  http.HttpServer2 (HttpServer2.java:addGlobalFilter(975)) - Added global filter 'safety' (class=org.apache.hadoop.http.HttpServer2$QuotingInputFilter)
2019-10-04 08:46:00,096 [main] INFO  http.HttpServer2 (HttpServer2.java:addFilter(948)) - Added filter static_user_filter (class=org.apache.hadoop.http.lib.StaticUserWebFilter$StaticUserFilter) to context hddsDatanode
2019-10-04 08:46:00,096 [main] INFO  http.HttpServer2 (HttpServer2.java:addFilter(958)) - Added filter static_user_filter (class=org.apache.hadoop.http.lib.StaticUserWebFilter$StaticUserFilter) to context static
2019-10-04 08:46:00,096 [main] INFO  http.HttpServer2 (HttpServer2.java:addFilter(958)) - Added filter static_user_filter (class=org.apache.hadoop.http.lib.StaticUserWebFilter$StaticUserFilter) to context logs
2019-10-04 08:46:00,097 [main] INFO  http.HttpServer2 (HttpServer2.java:bindListener(1191)) - Jetty bound to port 41009
2019-10-04 08:46:00,097 [main] INFO  server.Server (Server.java:doStart(351)) - jetty-9.3.25.v20180904, build timestamp: 2018-09-04T21:11:46Z, git hash: 3ce520221d0240229c862b122d2b06c12a625732
2019-10-04 08:46:00,099 [main] INFO  handler.ContextHandler (ContextHandler.java:doStart(781)) - Started o.e.j.s.ServletContextHandler@58434b19{/logs,file:///workdir/hadoop-ozone/integration-test/target/log,AVAILABLE}
2019-10-04 08:46:00,100 [main] INFO  handler.ContextHandler (ContextHandler.java:doStart(781)) - Started o.e.j.s.ServletContextHandler@7dbe2ebf{/static,jar:file:/home/user/.m2/repository/org/apache/hadoop/hadoop-hdds-container-service/0.5.0-SNAPSHOT/hadoop-hdds-container-service-0.5.0-SNAPSHOT.jar!/webapps/static,AVAILABLE}
2019-10-04 08:46:00,129 [main] INFO  handler.ContextHandler (ContextHandler.java:doStart(781)) - Started o.e.j.w.WebAppContext@3c74aa0d{/,file:///tmp/jetty-0.0.0.0-41009-hddsDatanode-_-any-5115405907948011077.dir/webapp/,AVAILABLE}{/hddsDatanode}
2019-10-04 08:46:00,131 [main] INFO  server.AbstractConnector (AbstractConnector.java:doStart(278)) - Started ServerConnector@6c841199{HTTP/1.1,[http/1.1]}{0.0.0.0:41009}
2019-10-04 08:46:00,131 [main] INFO  server.Server (Server.java:doStart(419)) - Started @5671ms
2019-10-04 08:46:00,131 [main] WARN  impl.MetricsSystemImpl (MetricsSystemImpl.java:register(276)) - Sink prometheus already exists!
2019-10-04 08:46:00,132 [main] INFO  server.BaseHttpServer (BaseHttpServer.java:updateConnectorAddress(215)) - HTTP server of HDDSDATANODE is listening at http://0.0.0.0:41009
2019-10-04 08:46:00,135 [main] INFO  ozone.MiniOzoneClusterImpl (MiniOzoneClusterImpl.java:lambda$waitForClusterToBeReady$0(147)) - Waiting for cluster to be ready. Got 0 of 7 DN Heartbeats.
2019-10-04 08:46:00,136 [org.apache.hadoop.util.JvmPauseMonitor$Monitor@2fb6a46a] INFO  util.JvmPauseMonitor (JvmPauseMonitor.java:run(188)) - Starting JVM pause monitor
2019-10-04 08:46:00,139 [Datanode State Machine Thread - 0] INFO  datanode.InitDatanodeState (InitDatanodeState.java:persistContainerDatanodeDetails(140)) - DatanodeDetails is persisted to /workdir/hadoop-ozone/integration-test/target/test-dir/MiniOzoneClusterImpl-b87a1b95-0ca3-4047-8457-6f6b40dbe18f/datanode-6/meta/datanode.id
2019-10-04 08:46:01,136 [main] INFO  ozone.MiniOzoneClusterImpl (MiniOzoneClusterImpl.java:lambda$waitForClusterToBeReady$0(147)) - Waiting for cluster to be ready. Got 0 of 7 DN Heartbeats.
2019-10-04 08:46:01,688 [Datanode State Machine Thread - 0] INFO  ozoneimpl.OzoneContainer (OzoneContainer.java:start(214)) - Attempting to start container services.
2019-10-04 08:46:01,688 [Datanode State Machine Thread - 0] INFO  ozoneimpl.OzoneContainer (OzoneContainer.java:start(214)) - Attempting to start container services.
2019-10-04 08:46:01,693 [Datanode State Machine Thread - 0] INFO  ozoneimpl.OzoneContainer (OzoneContainer.java:startContainerScrub(178)) - Background container scanner has been disabled.
2019-10-04 08:46:01,693 [Datanode State Machine Thread - 0] INFO  ozoneimpl.OzoneContainer (OzoneContainer.java:startContainerScrub(178)) - Background container scanner has been disabled.
2019-10-04 08:46:01,693 [Datanode State Machine Thread - 0] INFO  ratis.XceiverServerRatis (XceiverServerRatis.java:start(417)) - Starting XceiverServerRatis fd719612-e41a-4f2a-b354-29f14c7a3b16 at port 0
2019-10-04 08:46:01,693 [Datanode State Machine Thread - 0] INFO  ratis.XceiverServerRatis (XceiverServerRatis.java:start(417)) - Starting XceiverServerRatis 20cc1711-a1c6-4681-b1da-72967494da33 at port 0
2019-10-04 08:46:01,729 [Datanode State Machine Thread - 0] INFO  impl.RaftServerProxy (RaftServerProxy.java:lambda$start$3(299)) - fd719612-e41a-4f2a-b354-29f14c7a3b16: start RPC server
2019-10-04 08:46:01,729 [Datanode State Machine Thread - 0] INFO  impl.RaftServerProxy (RaftServerProxy.java:lambda$start$3(299)) - 20cc1711-a1c6-4681-b1da-72967494da33: start RPC server
2019-10-04 08:46:01,766 [Datanode State Machine Thread - 0] INFO  ozoneimpl.OzoneContainer (OzoneContainer.java:start(214)) - Attempting to start container services.
2019-10-04 08:46:01,778 [Datanode State Machine Thread - 0] INFO  ozoneimpl.OzoneContainer (OzoneContainer.java:startContainerScrub(178)) - Background container scanner has been disabled.
2019-10-04 08:46:01,779 [Datanode State Machine Thread - 0] INFO  ratis.XceiverServerRatis (XceiverServerRatis.java:start(417)) - Starting XceiverServerRatis f9bb2248-9c18-42fa-8a38-ca2699ffbdc2 at port 0
2019-10-04 08:46:01,786 [Datanode State Machine Thread - 0] INFO  impl.RaftServerProxy (RaftServerProxy.java:lambda$start$3(299)) - f9bb2248-9c18-42fa-8a38-ca2699ffbdc2: start RPC server
2019-10-04 08:46:01,876 [Datanode State Machine Thread - 0] INFO  ozoneimpl.OzoneContainer (OzoneContainer.java:start(214)) - Attempting to start container services.
2019-10-04 08:46:01,881 [Datanode State Machine Thread - 0] INFO  ozoneimpl.OzoneContainer (OzoneContainer.java:startContainerScrub(178)) - Background container scanner has been disabled.
2019-10-04 08:46:01,881 [Datanode State Machine Thread - 0] INFO  ratis.XceiverServerRatis (XceiverServerRatis.java:start(417)) - Starting XceiverServerRatis 7f562cf2-a919-4f6a-a3b2-da45eba29cb3 at port 0
2019-10-04 08:46:01,894 [Datanode State Machine Thread - 0] INFO  impl.RaftServerProxy (RaftServerProxy.java:lambda$start$3(299)) - 7f562cf2-a919-4f6a-a3b2-da45eba29cb3: start RPC server
2019-10-04 08:46:01,894 [Datanode State Machine Thread - 0] INFO  server.GrpcService (GrpcService.java:startImpl(158)) - 20cc1711-a1c6-4681-b1da-72967494da33: GrpcService started, listening on 0.0.0.0/0.0.0.0:44316
2019-10-04 08:46:01,894 [Datanode State Machine Thread - 0] INFO  server.GrpcService (GrpcService.java:startImpl(158)) - fd719612-e41a-4f2a-b354-29f14c7a3b16: GrpcService started, listening on 0.0.0.0/0.0.0.0:34500
2019-10-04 08:46:01,894 [Datanode State Machine Thread - 0] INFO  server.GrpcService (GrpcService.java:startImpl(158)) - f9bb2248-9c18-42fa-8a38-ca2699ffbdc2: GrpcService started, listening on 0.0.0.0/0.0.0.0:35477
2019-10-04 08:46:01,896 [Datanode State Machine Thread - 0] INFO  ratis.XceiverServerRatis (XceiverServerRatis.java:start(427)) - XceiverServerRatis fd719612-e41a-4f2a-b354-29f14c7a3b16 is started using port 34500
2019-10-04 08:46:01,896 [Datanode State Machine Thread - 0] INFO  ratis.XceiverServerRatis (XceiverServerRatis.java:start(427)) - XceiverServerRatis 20cc1711-a1c6-4681-b1da-72967494da33 is started using port 44316
2019-10-04 08:46:01,897 [Datanode State Machine Thread - 0] INFO  ratis.XceiverServerRatis (XceiverServerRatis.java:start(427)) - XceiverServerRatis f9bb2248-9c18-42fa-8a38-ca2699ffbdc2 is started using port 35477
2019-10-04 08:46:01,900 [Datanode State Machine Thread - 0] INFO  server.GrpcService (GrpcService.java:startImpl(158)) - 7f562cf2-a919-4f6a-a3b2-da45eba29cb3: GrpcService started, listening on 0.0.0.0/0.0.0.0:33119
2019-10-04 08:46:01,901 [Datanode State Machine Thread - 0] INFO  ratis.XceiverServerRatis (XceiverServerRatis.java:start(427)) - XceiverServerRatis 7f562cf2-a919-4f6a-a3b2-da45eba29cb3 is started using port 33119
2019-10-04 08:46:01,909 [Datanode State Machine Thread - 0] INFO  server.XceiverServerGrpc (XceiverServerGrpc.java:start(149)) - XceiverServerGrpc fd719612-e41a-4f2a-b354-29f14c7a3b16 is started using port 35207
2019-10-04 08:46:01,909 [Datanode State Machine Thread - 0] INFO  server.XceiverServerGrpc (XceiverServerGrpc.java:start(149)) - XceiverServerGrpc f9bb2248-9c18-42fa-8a38-ca2699ffbdc2 is started using port 38505
2019-10-04 08:46:01,909 [Datanode State Machine Thread - 0] INFO  server.XceiverServerGrpc (XceiverServerGrpc.java:start(149)) - XceiverServerGrpc 20cc1711-a1c6-4681-b1da-72967494da33 is started using port 38011
2019-10-04 08:46:01,909 [Datanode State Machine Thread - 0] INFO  server.XceiverServerGrpc (XceiverServerGrpc.java:start(149)) - XceiverServerGrpc 7f562cf2-a919-4f6a-a3b2-da45eba29cb3 is started using port 41434
2019-10-04 08:46:01,994 [Datanode State Machine Thread - 0] INFO  ozoneimpl.OzoneContainer (OzoneContainer.java:start(214)) - Attempting to start container services.
2019-10-04 08:46:01,994 [Datanode State Machine Thread - 0] INFO  ozoneimpl.OzoneContainer (OzoneContainer.java:startContainerScrub(178)) - Background container scanner has been disabled.
2019-10-04 08:46:01,994 [Datanode State Machine Thread - 0] INFO  ratis.XceiverServerRatis (XceiverServerRatis.java:start(417)) - Starting XceiverServerRatis ce92d9a2-1aaa-467a-9c30-b2880825f0b0 at port 0
2019-10-04 08:46:02,002 [Datanode State Machine Thread - 0] INFO  impl.RaftServerProxy (RaftServerProxy.java:lambda$start$3(299)) - ce92d9a2-1aaa-467a-9c30-b2880825f0b0: start RPC server
2019-10-04 08:46:02,005 [Datanode State Machine Thread - 0] INFO  server.GrpcService (GrpcService.java:startImpl(158)) - ce92d9a2-1aaa-467a-9c30-b2880825f0b0: GrpcService started, listening on 0.0.0.0/0.0.0.0:39542
2019-10-04 08:46:02,005 [Datanode State Machine Thread - 0] INFO  ratis.XceiverServerRatis (XceiverServerRatis.java:start(427)) - XceiverServerRatis ce92d9a2-1aaa-467a-9c30-b2880825f0b0 is started using port 39542
2019-10-04 08:46:02,007 [Datanode State Machine Thread - 0] INFO  server.XceiverServerGrpc (XceiverServerGrpc.java:start(149)) - XceiverServerGrpc ce92d9a2-1aaa-467a-9c30-b2880825f0b0 is started using port 46663
2019-10-04 08:46:02,061 [Datanode State Machine Thread - 0] INFO  ozoneimpl.OzoneContainer (OzoneContainer.java:start(214)) - Attempting to start container services.
2019-10-04 08:46:02,061 [Datanode State Machine Thread - 0] INFO  ozoneimpl.OzoneContainer (OzoneContainer.java:startContainerScrub(178)) - Background container scanner has been disabled.
2019-10-04 08:46:02,061 [Datanode State Machine Thread - 0] INFO  ratis.XceiverServerRatis (XceiverServerRatis.java:start(417)) - Starting XceiverServerRatis fe08f3cc-c884-4177-959d-cd08a4a5b8f1 at port 0
2019-10-04 08:46:02,070 [Datanode State Machine Thread - 0] INFO  impl.RaftServerProxy (RaftServerProxy.java:lambda$start$3(299)) - fe08f3cc-c884-4177-959d-cd08a4a5b8f1: start RPC server
2019-10-04 08:46:02,075 [Datanode State Machine Thread - 0] INFO  server.GrpcService (GrpcService.java:startImpl(158)) - fe08f3cc-c884-4177-959d-cd08a4a5b8f1: GrpcService started, listening on 0.0.0.0/0.0.0.0:32794
2019-10-04 08:46:02,075 [Datanode State Machine Thread - 0] INFO  ratis.XceiverServerRatis (XceiverServerRatis.java:start(427)) - XceiverServerRatis fe08f3cc-c884-4177-959d-cd08a4a5b8f1 is started using port 32794
2019-10-04 08:46:02,078 [Datanode State Machine Thread - 0] INFO  server.XceiverServerGrpc (XceiverServerGrpc.java:start(149)) - XceiverServerGrpc fe08f3cc-c884-4177-959d-cd08a4a5b8f1 is started using port 42378
2019-10-04 08:46:02,139 [main] INFO  ozone.MiniOzoneClusterImpl (MiniOzoneClusterImpl.java:lambda$waitForClusterToBeReady$0(147)) - Waiting for cluster to be ready. Got 0 of 7 DN Heartbeats.
2019-10-04 08:46:02,154 [Datanode State Machine Thread - 0] INFO  ozoneimpl.OzoneContainer (OzoneContainer.java:start(214)) - Attempting to start container services.
2019-10-04 08:46:02,154 [Datanode State Machine Thread - 0] INFO  ozoneimpl.OzoneContainer (OzoneContainer.java:startContainerScrub(178)) - Background container scanner has been disabled.
2019-10-04 08:46:02,154 [Datanode State Machine Thread - 0] INFO  ratis.XceiverServerRatis (XceiverServerRatis.java:start(417)) - Starting XceiverServerRatis cb198935-4283-48d8-a451-673d5bcc91a7 at port 0
2019-10-04 08:46:02,164 [Datanode State Machine Thread - 0] INFO  impl.RaftServerProxy (RaftServerProxy.java:lambda$start$3(299)) - cb198935-4283-48d8-a451-673d5bcc91a7: start RPC server
2019-10-04 08:46:02,167 [Datanode State Machine Thread - 0] INFO  server.GrpcService (GrpcService.java:startImpl(158)) - cb198935-4283-48d8-a451-673d5bcc91a7: GrpcService started, listening on 0.0.0.0/0.0.0.0:34742
2019-10-04 08:46:02,168 [Datanode State Machine Thread - 0] INFO  ratis.XceiverServerRatis (XceiverServerRatis.java:start(427)) - XceiverServerRatis cb198935-4283-48d8-a451-673d5bcc91a7 is started using port 34742
2019-10-04 08:46:02,170 [Datanode State Machine Thread - 0] INFO  server.XceiverServerGrpc (XceiverServerGrpc.java:start(149)) - XceiverServerGrpc cb198935-4283-48d8-a451-673d5bcc91a7 is started using port 45051
2019-10-04 08:46:03,139 [main] INFO  ozone.MiniOzoneClusterImpl (MiniOzoneClusterImpl.java:lambda$waitForClusterToBeReady$0(147)) - Waiting for cluster to be ready. Got 0 of 7 DN Heartbeats.
2019-10-04 08:46:03,628 [IPC Server handler 1 on 34345] INFO  net.NetworkTopology (NetworkTopologyImpl.java:add(111)) - Added a new node: /default-rack/fd719612-e41a-4f2a-b354-29f14c7a3b16
2019-10-04 08:46:03,629 [IPC Server handler 1 on 34345] INFO  node.SCMNodeManager (SCMNodeManager.java:register(266)) - Registered Data node : fd719612-e41a-4f2a-b354-29f14c7a3b16{ip: 192.168.151.111, host: pr-hdds-2238-lzxxv-1908806976, networkLocation: /default-rack, certSerialId: null}
2019-10-04 08:46:03,634 [EventQueue-NodeRegistrationContainerReportForDataNodeSafeModeRule] INFO  safemode.SCMSafeModeManager (DataNodeSafeModeRule.java:process(71)) - SCM in safe mode. 1 DataNodes registered, 1 required.
2019-10-04 08:46:03,634 [EventQueue-NodeRegistrationContainerReportForDataNodeSafeModeRule] INFO  safemode.SCMSafeModeManager (SCMSafeModeManager.java:validateSafeModeExitRules(177)) - ScmSafeModeManager, all rules are successfully validated
2019-10-04 08:46:03,635 [EventQueue-NodeRegistrationContainerReportForDataNodeSafeModeRule] INFO  safemode.SCMSafeModeManager (SCMSafeModeManager.java:exitSafeMode(193)) - SCM exiting safe mode.
2019-10-04 08:46:03,664 [IPC Server handler 3 on 34345] INFO  net.NetworkTopology (NetworkTopologyImpl.java:add(111)) - Added a new node: /default-rack/20cc1711-a1c6-4681-b1da-72967494da33
2019-10-04 08:46:03,665 [IPC Server handler 3 on 34345] INFO  node.SCMNodeManager (SCMNodeManager.java:register(266)) - Registered Data node : 20cc1711-a1c6-4681-b1da-72967494da33{ip: 192.168.151.111, host: pr-hdds-2238-lzxxv-1908806976, networkLocation: /default-rack, certSerialId: null}
2019-10-04 08:46:03,752 [IPC Server handler 4 on 34345] INFO  net.NetworkTopology (NetworkTopologyImpl.java:add(111)) - Added a new node: /default-rack/f9bb2248-9c18-42fa-8a38-ca2699ffbdc2
2019-10-04 08:46:03,753 [IPC Server handler 4 on 34345] INFO  node.SCMNodeManager (SCMNodeManager.java:register(266)) - Registered Data node : f9bb2248-9c18-42fa-8a38-ca2699ffbdc2{ip: 192.168.151.111, host: pr-hdds-2238-lzxxv-1908806976, networkLocation: /default-rack, certSerialId: null}
2019-10-04 08:46:03,859 [IPC Server handler 5 on 34345] INFO  net.NetworkTopology (NetworkTopologyImpl.java:add(111)) - Added a new node: /default-rack/7f562cf2-a919-4f6a-a3b2-da45eba29cb3
2019-10-04 08:46:03,859 [IPC Server handler 5 on 34345] INFO  node.SCMNodeManager (SCMNodeManager.java:register(266)) - Registered Data node : 7f562cf2-a919-4f6a-a3b2-da45eba29cb3{ip: 192.168.151.111, host: pr-hdds-2238-lzxxv-1908806976, networkLocation: /default-rack, certSerialId: null}
2019-10-04 08:46:03,971 [IPC Server handler 6 on 34345] INFO  net.NetworkTopology (NetworkTopologyImpl.java:add(111)) - Added a new node: /default-rack/ce92d9a2-1aaa-467a-9c30-b2880825f0b0
2019-10-04 08:46:03,971 [IPC Server handler 6 on 34345] INFO  node.SCMNodeManager (SCMNodeManager.java:register(266)) - Registered Data node : ce92d9a2-1aaa-467a-9c30-b2880825f0b0{ip: 192.168.151.111, host: pr-hdds-2238-lzxxv-1908806976, networkLocation: /default-rack, certSerialId: null}
2019-10-04 08:46:04,047 [IPC Server handler 0 on 34345] INFO  net.NetworkTopology (NetworkTopologyImpl.java:add(111)) - Added a new node: /default-rack/fe08f3cc-c884-4177-959d-cd08a4a5b8f1
2019-10-04 08:46:04,048 [IPC Server handler 0 on 34345] INFO  node.SCMNodeManager (SCMNodeManager.java:register(266)) - Registered Data node : fe08f3cc-c884-4177-959d-cd08a4a5b8f1{ip: 192.168.151.111, host: pr-hdds-2238-lzxxv-1908806976, networkLocation: /default-rack, certSerialId: null}
2019-10-04 08:46:04,140 [IPC Server handler 2 on 34345] INFO  net.NetworkTopology (NetworkTopologyImpl.java:add(111)) - Added a new node: /default-rack/cb198935-4283-48d8-a451-673d5bcc91a7
2019-10-04 08:46:04,140 [main] INFO  ozone.MiniOzoneClusterImpl (MiniOzoneClusterImpl.java:lambda$waitForClusterToBeReady$0(147)) - Cluster is ready. Got 7 of 7 DN Heartbeats.
2019-10-04 08:46:04,140 [IPC Server handler 2 on 34345] INFO  node.SCMNodeManager (SCMNodeManager.java:register(266)) - Registered Data node : cb198935-4283-48d8-a451-673d5bcc91a7{ip: 192.168.151.111, host: pr-hdds-2238-lzxxv-1908806976, networkLocation: /default-rack, certSerialId: null}
2019-10-04 08:46:04,183 [grpc-default-executor-0] INFO  impl.RaftServerProxy (RaftServerProxy.java:addNew(89)) - fd719612-e41a-4f2a-b354-29f14c7a3b16: addNew group-4EE2E529EB92:[fd719612-e41a-4f2a-b354-29f14c7a3b16:192.168.151.111:34500] returns group-4EE2E529EB92:java.util.concurrent.CompletableFuture@2bdd4453[Not completed]
2019-10-04 08:46:04,198 [pool-27-thread-1] INFO  impl.RaftServerImpl (RaftServerImpl.java:<init>(95)) - fd719612-e41a-4f2a-b354-29f14c7a3b16: new RaftServerImpl for group-4EE2E529EB92:[fd719612-e41a-4f2a-b354-29f14c7a3b16:192.168.151.111:34500] with ContainerStateMachine:uninitialized
2019-10-04 08:46:04,200 [pool-27-thread-1] INFO  server.RaftServerConfigKeys (ConfUtils.java:logGet(43)) - raft.server.rpc.timeout.min = 5s (custom)
2019-10-04 08:46:04,202 [pool-27-thread-1] INFO  server.RaftServerConfigKeys (ConfUtils.java:logGet(43)) - raft.server.rpc.timeout.max = 5200ms (custom)
2019-10-04 08:46:04,202 [pool-27-thread-1] INFO  server.RaftServerConfigKeys (ConfUtils.java:logGet(43)) - raft.server.rpcslowness.timeout = 120s (custom)
2019-10-04 08:46:04,203 [pool-27-thread-1] INFO  server.RaftServerConfigKeys (ConfUtils.java:logGet(43)) - raft.server.sleep.deviation.threshold = 300 (default)
2019-10-04 08:46:04,204 [pool-27-thread-1] INFO  server.RaftServerConfigKeys (ConfUtils.java:logGet(43)) - raft.server.log.appender.install.snapshot.enabled = false (custom)
2019-10-04 08:46:04,213 [pool-27-thread-1] INFO  impl.RaftServerImpl (ServerState.java:<init>(103)) - fd719612-e41a-4f2a-b354-29f14c7a3b16@group-4EE2E529EB92: ConfigurationManager, init=-1: [fd719612-e41a-4f2a-b354-29f14c7a3b16:192.168.151.111:34500], old=null, confs=<EMPTY_MAP>
2019-10-04 08:46:04,213 [pool-27-thread-1] INFO  server.RaftServerConfigKeys (ConfUtils.java:logGet(43)) - raft.server.storage.dir = [/workdir/hadoop-ozone/integration-test/target/test-dir/MiniOzoneClusterImpl-b87a1b95-0ca3-4047-8457-6f6b40dbe18f/datanode-0/data/ratis] (custom)
2019-10-04 08:46:04,221 [pool-27-thread-1] INFO  server.RaftServerConfigKeys (ConfUtils.java:logGet(43)) - raft.server.log.corruption.policy = EXCEPTION (default)
2019-10-04 08:46:04,223 [pool-27-thread-1] INFO  storage.RaftStorageDirectory (RaftStorageDirectory.java:analyzeStorage(246)) - The storage directory /workdir/hadoop-ozone/integration-test/target/test-dir/MiniOzoneClusterImpl-b87a1b95-0ca3-4047-8457-6f6b40dbe18f/datanode-0/data/ratis/0a79af95-e581-4065-afff-4ee2e529eb92 does not exist. Creating ...
2019-10-04 08:46:04,241 [pool-27-thread-1] INFO  storage.RaftStorageDirectory (RaftStorageDirectory.java:tryLock(328)) - Lock on /workdir/hadoop-ozone/integration-test/target/test-dir/MiniOzoneClusterImpl-b87a1b95-0ca3-4047-8457-6f6b40dbe18f/datanode-0/data/ratis/0a79af95-e581-4065-afff-4ee2e529eb92/in_use.lock acquired by nodename 22425@pr-hdds-2238-lzxxv-1908806976
2019-10-04 08:46:04,256 [pool-27-thread-1] INFO  storage.RaftStorage (RaftStorage.java:format(84)) - Storage directory /workdir/hadoop-ozone/integration-test/target/test-dir/MiniOzoneClusterImpl-b87a1b95-0ca3-4047-8457-6f6b40dbe18f/datanode-0/data/ratis/0a79af95-e581-4065-afff-4ee2e529eb92 has been successfully formatted.
2019-10-04 08:46:04,258 [pool-27-thread-1] INFO  ratis.ContainerStateMachine (ContainerStateMachine.java:loadSnapshot(230)) - group-4EE2E529EB92: The snapshot info is null. Setting the last applied indexto:(t:0, i:~)
2019-10-04 08:46:04,259 [pool-27-thread-1] INFO  server.RaftServerConfigKeys (ConfUtils.java:logGet(43)) - raft.server.notification.no-leader.timeout = 120s (custom)
2019-10-04 08:46:04,262 [pool-27-thread-1] INFO  server.RaftServerConfigKeys (ConfUtils.java:logGet(43)) - raft.server.log.use.memory = false (default)
2019-10-04 08:46:04,268 [pool-27-thread-1] INFO  server.RaftServerConfigKeys (ConfUtils.java:logGet(43)) - raft.server.log.purge.gap = 1000000 (custom)
2019-10-04 08:46:04,269 [pool-27-thread-1] INFO  server.RaftServerConfigKeys (ConfUtils.java:logGet(43)) - raft.server.log.appender.buffer.byte-limit = 33554432 (custom)
2019-10-04 08:46:04,271 [pool-27-thread-1] INFO  server.RaftServerConfigKeys (ConfUtils.java:logGet(43)) - raft.server.log.segment.size.max = 1048576 (custom)
2019-10-04 08:46:04,273 [pool-27-thread-1] INFO  impl.MetricsSystemImpl (MetricsSystemImpl.java:init(158)) - ratis metrics system started (again)
2019-10-04 08:46:04,279 [pool-27-thread-1] INFO  metrics.MetricRegistries (MetricRegistriesLoader.java:load(64)) - Loaded MetricRegistries class org.apache.ratis.metrics.impl.MetricRegistriesImpl
2019-10-04 08:46:04,320 [pool-27-thread-1] INFO  server.RaftServerConfigKeys (ConfUtils.java:logGet(43)) - raft.server.log.segment.cache.num.max = 2 (custom)
2019-10-04 08:46:04,325 [pool-27-thread-1] INFO  segmented.SegmentedRaftLogWorker (SegmentedRaftLogWorker.java:<init>(173)) - new fd719612-e41a-4f2a-b354-29f14c7a3b16@group-4EE2E529EB92-SegmentedRaftLogWorker for RaftStorage:Storage Directory /workdir/hadoop-ozone/integration-test/target/test-dir/MiniOzoneClusterImpl-b87a1b95-0ca3-4047-8457-6f6b40dbe18f/datanode-0/data/ratis/0a79af95-e581-4065-afff-4ee2e529eb92
2019-10-04 08:46:04,325 [pool-27-thread-1] INFO  server.RaftServerConfigKeys (ConfUtils.java:logGet(43)) - raft.server.log.queue.byte-limit = 2147483647 (custom)
2019-10-04 08:46:04,326 [pool-27-thread-1] INFO  server.RaftServerConfigKeys (ConfUtils.java:logGet(43)) - raft.server.log.queue.element-limit = 1024 (custom)
2019-10-04 08:46:04,327 [pool-27-thread-1] INFO  server.RaftServerConfigKeys (ConfUtils.java:logGet(43)) - raft.server.log.segment.size.max = 1048576 (custom)
2019-10-04 08:46:04,327 [pool-27-thread-1] INFO  server.RaftServerConfigKeys (ConfUtils.java:logGet(43)) - raft.server.log.preallocated.size = 16384 (custom)
2019-10-04 08:46:04,328 [pool-27-thread-1] INFO  server.RaftServerConfigKeys (ConfUtils.java:logGet(43)) - raft.server.log.write.buffer.size = 33554432 (custom)
2019-10-04 08:46:04,328 [pool-27-thread-1] INFO  server.RaftServerConfigKeys (ConfUtils.java:logGet(43)) - raft.server.log.force.sync.num = 128 (default)
2019-10-04 08:46:04,329 [pool-27-thread-1] INFO  server.RaftServerConfigKeys (ConfUtils.java:logGet(43)) - raft.server.log.statemachine.data.sync = true (default)
2019-10-04 08:46:04,329 [pool-27-thread-1] INFO  server.RaftServerConfigKeys (ConfUtils.java:logGet(43)) - raft.server.log.statemachine.data.sync.timeout = 10s (default)
2019-10-04 08:46:04,330 [pool-27-thread-1] INFO  server.RaftServerConfigKeys (ConfUtils.java:logGet(43)) - raft.server.log.statemachine.data.sync.timeout.retry = -1 (default)
2019-10-04 08:46:04,341 [pool-27-thread-1] INFO  server.RaftServerConfigKeys (ConfUtils.java:logGet(43)) - raft.server.log.statemachine.data.caching.enabled = true (custom)
2019-10-04 08:46:04,346 [pool-27-thread-1] INFO  segmented.SegmentedRaftLogWorker (SegmentedRaftLogWorker.java:lambda$new$0(128)) - fd719612-e41a-4f2a-b354-29f14c7a3b16@group-4EE2E529EB92-SegmentedRaftLogWorker: flushIndex: setUnconditionally 0 -> -1
2019-10-04 08:46:04,351 [pool-27-thread-1] INFO  server.RaftServerConfigKeys (ConfUtils.java:logGet(43)) - raft.server.snapshot.auto.trigger.enabled = true (custom)
2019-10-04 08:46:04,351 [pool-27-thread-1] INFO  server.RaftServerConfigKeys (ConfUtils.java:logGet(43)) - raft.server.snapshot.auto.trigger.threshold = 10000 (custom)
2019-10-04 08:46:04,352 [pool-27-thread-1] INFO  server.RaftServerConfigKeys (ConfUtils.java:logGet(43)) - raft.server.snapshot.retention.file.num = 5 (custom)
2019-10-04 08:46:04,352 [pool-27-thread-1] INFO  server.RaftServerConfigKeys (ConfUtils.java:logGet(43)) - raft.server.retrycache.expirytime = 600000ms (custom)
2019-10-04 08:46:04,386 [pool-27-thread-1] INFO  impl.RaftServerImpl (RaftServerImpl.java:start(181)) - fd719612-e41a-4f2a-b354-29f14c7a3b16@group-4EE2E529EB92: start as a follower, conf=-1: [fd719612-e41a-4f2a-b354-29f14c7a3b16:192.168.151.111:34500], old=null
2019-10-04 08:46:04,387 [pool-27-thread-1] INFO  impl.RaftServerImpl (RaftServerImpl.java:setRole(170)) - fd719612-e41a-4f2a-b354-29f14c7a3b16@group-4EE2E529EB92: changes role from      null to FOLLOWER at term 0 for startAsFollower
2019-10-04 08:46:04,388 [pool-27-thread-1] INFO  impl.RoleInfo (RoleInfo.java:updateAndGet(143)) - fd719612-e41a-4f2a-b354-29f14c7a3b16: start FollowerState
2019-10-04 08:46:04,390 [pool-27-thread-1] INFO  util.JmxRegister (JmxRegister.java:tryRegister(44)) - Successfully registered JMX Bean with object name Ratis:service=RaftServer,group=group-4EE2E529EB92,id=fd719612-e41a-4f2a-b354-29f14c7a3b16
2019-10-04 08:46:04,470 [RatisPipelineUtilsThread] INFO  pipeline.PipelineStateManager (PipelineStateManager.java:addPipeline(56)) - Created pipeline Pipeline[ Id: 0a79af95-e581-4065-afff-4ee2e529eb92, Nodes: fd719612-e41a-4f2a-b354-29f14c7a3b16{ip: 192.168.151.111, host: pr-hdds-2238-lzxxv-1908806976, networkLocation: /default-rack, certSerialId: null}, Type:RATIS, Factor:ONE, State:OPEN]
2019-10-04 08:46:04,499 [grpc-default-executor-0] INFO  impl.RaftServerProxy (RaftServerProxy.java:addNew(89)) - cb198935-4283-48d8-a451-673d5bcc91a7: addNew group-54E6B38B0173:[cb198935-4283-48d8-a451-673d5bcc91a7:192.168.151.111:34742] returns group-54E6B38B0173:java.util.concurrent.CompletableFuture@6c8603ad[Not completed]
2019-10-04 08:46:04,543 [pool-87-thread-1] INFO  impl.RaftServerImpl (RaftServerImpl.java:<init>(95)) - cb198935-4283-48d8-a451-673d5bcc91a7: new RaftServerImpl for group-54E6B38B0173:[cb198935-4283-48d8-a451-673d5bcc91a7:192.168.151.111:34742] with ContainerStateMachine:uninitialized
2019-10-04 08:46:04,544 [pool-87-thread-1] INFO  server.RaftServerConfigKeys (ConfUtils.java:logGet(43)) - raft.server.rpc.timeout.min = 5s (custom)
2019-10-04 08:46:04,545 [pool-87-thread-1] INFO  server.RaftServerConfigKeys (ConfUtils.java:logGet(43)) - raft.server.rpc.timeout.max = 5200ms (custom)
2019-10-04 08:46:04,545 [pool-87-thread-1] INFO  server.RaftServerConfigKeys (ConfUtils.java:logGet(43)) - raft.server.rpcslowness.timeout = 120s (custom)
2019-10-04 08:46:04,545 [pool-87-thread-1] INFO  server.RaftServerConfigKeys (ConfUtils.java:logGet(43)) - raft.server.sleep.deviation.threshold = 300 (default)
2019-10-04 08:46:04,545 [pool-87-thread-1] INFO  server.RaftServerConfigKeys (ConfUtils.java:logGet(43)) - raft.server.log.appender.install.snapshot.enabled = false (custom)
2019-10-04 08:46:04,545 [pool-87-thread-1] INFO  impl.RaftServerImpl (ServerState.java:<init>(103)) - cb198935-4283-48d8-a451-673d5bcc91a7@group-54E6B38B0173: ConfigurationManager, init=-1: [cb198935-4283-48d8-a451-673d5bcc91a7:192.168.151.111:34742], old=null, confs=<EMPTY_MAP>
2019-10-04 08:46:04,546 [pool-87-thread-1] INFO  server.RaftServerConfigKeys (ConfUtils.java:logGet(43)) - raft.server.storage.dir = [/workdir/hadoop-ozone/integration-test/target/test-dir/MiniOzoneClusterImpl-b87a1b95-0ca3-4047-8457-6f6b40dbe18f/datanode-6/data/ratis] (custom)
2019-10-04 08:46:04,546 [pool-87-thread-1] INFO  server.RaftServerConfigKeys (ConfUtils.java:logGet(43)) - raft.server.log.corruption.policy = EXCEPTION (default)
2019-10-04 08:46:04,546 [pool-87-thread-1] INFO  storage.RaftStorageDirectory (RaftStorageDirectory.java:analyzeStorage(246)) - The storage directory /workdir/hadoop-ozone/integration-test/target/test-dir/MiniOzoneClusterImpl-b87a1b95-0ca3-4047-8457-6f6b40dbe18f/datanode-6/data/ratis/836cc2fd-3312-4369-961d-54e6b38b0173 does not exist. Creating ...
2019-10-04 08:46:04,561 [pool-87-thread-1] INFO  storage.RaftStorageDirectory (RaftStorageDirectory.java:tryLock(328)) - Lock on /workdir/hadoop-ozone/integration-test/target/test-dir/MiniOzoneClusterImpl-b87a1b95-0ca3-4047-8457-6f6b40dbe18f/datanode-6/data/ratis/836cc2fd-3312-4369-961d-54e6b38b0173/in_use.lock acquired by nodename 22425@pr-hdds-2238-lzxxv-1908806976
2019-10-04 08:46:04,574 [pool-87-thread-1] INFO  storage.RaftStorage (RaftStorage.java:format(84)) - Storage directory /workdir/hadoop-ozone/integration-test/target/test-dir/MiniOzoneClusterImpl-b87a1b95-0ca3-4047-8457-6f6b40dbe18f/datanode-6/data/ratis/836cc2fd-3312-4369-961d-54e6b38b0173 has been successfully formatted.
2019-10-04 08:46:04,575 [pool-87-thread-1] INFO  ratis.ContainerStateMachine (ContainerStateMachine.java:loadSnapshot(230)) - group-54E6B38B0173: The snapshot info is null. Setting the last applied indexto:(t:0, i:~)
2019-10-04 08:46:04,576 [pool-87-thread-1] INFO  server.RaftServerConfigKeys (ConfUtils.java:logGet(43)) - raft.server.notification.no-leader.timeout = 120s (custom)
2019-10-04 08:46:04,576 [pool-87-thread-1] INFO  server.RaftServerConfigKeys (ConfUtils.java:logGet(43)) - raft.server.log.use.memory = false (default)
2019-10-04 08:46:04,577 [pool-87-thread-1] INFO  server.RaftServerConfigKeys (ConfUtils.java:logGet(43)) - raft.server.log.purge.gap = 1000000 (custom)
2019-10-04 08:46:04,577 [pool-87-thread-1] INFO  server.RaftServerConfigKeys (ConfUtils.java:logGet(43)) - raft.server.log.appender.buffer.byte-limit = 33554432 (custom)
2019-10-04 08:46:04,577 [pool-87-thread-1] INFO  server.RaftServerConfigKeys (ConfUtils.java:logGet(43)) - raft.server.log.segment.size.max = 1048576 (custom)
2019-10-04 08:46:04,582 [pool-87-thread-1] INFO  server.RaftServerConfigKeys (ConfUtils.java:logGet(43)) - raft.server.log.segment.cache.num.max = 2 (custom)
2019-10-04 08:46:04,582 [pool-87-thread-1] INFO  segmented.SegmentedRaftLogWorker (SegmentedRaftLogWorker.java:<init>(173)) - new cb198935-4283-48d8-a451-673d5bcc91a7@group-54E6B38B0173-SegmentedRaftLogWorker for RaftStorage:Storage Directory /workdir/hadoop-ozone/integration-test/target/test-dir/MiniOzoneClusterImpl-b87a1b95-0ca3-4047-8457-6f6b40dbe18f/datanode-6/data/ratis/836cc2fd-3312-4369-961d-54e6b38b0173
2019-10-04 08:46:04,584 [pool-87-thread-1] INFO  server.RaftServerConfigKeys (ConfUtils.java:logGet(43)) - raft.server.log.queue.byte-limit = 2147483647 (custom)
2019-10-04 08:46:04,584 [pool-87-thread-1] INFO  server.RaftServerConfigKeys (ConfUtils.java:logGet(43)) - raft.server.log.queue.element-limit = 1024 (custom)
2019-10-04 08:46:04,584 [pool-87-thread-1] INFO  server.RaftServerConfigKeys (ConfUtils.java:logGet(43)) - raft.server.log.segment.size.max = 1048576 (custom)
2019-10-04 08:46:04,584 [pool-87-thread-1] INFO  server.RaftServerConfigKeys (ConfUtils.java:logGet(43)) - raft.server.log.preallocated.size = 16384 (custom)
2019-10-04 08:46:04,584 [pool-87-thread-1] INFO  server.RaftServerConfigKeys (ConfUtils.java:logGet(43)) - raft.server.log.write.buffer.size = 33554432 (custom)
2019-10-04 08:46:04,584 [pool-87-thread-1] INFO  server.RaftServerConfigKeys (ConfUtils.java:logGet(43)) - raft.server.log.force.sync.num = 128 (default)
2019-10-04 08:46:04,585 [pool-87-thread-1] INFO  server.RaftServerConfigKeys (ConfUtils.java:logGet(43)) - raft.server.log.statemachine.data.sync = true (default)
2019-10-04 08:46:04,585 [pool-87-thread-1] INFO  server.RaftServerConfigKeys (ConfUtils.java:logGet(43)) - raft.server.log.statemachine.data.sync.timeout = 10s (default)
2019-10-04 08:46:04,585 [pool-87-thread-1] INFO  server.RaftServerConfigKeys (ConfUtils.java:logGet(43)) - raft.server.log.statemachine.data.sync.timeout.retry = -1 (default)
2019-10-04 08:46:04,586 [pool-87-thread-1] INFO  server.RaftServerConfigKeys (ConfUtils.java:logGet(43)) - raft.server.log.statemachine.data.caching.enabled = true (custom)
2019-10-04 08:46:04,586 [pool-87-thread-1] INFO  segmented.SegmentedRaftLogWorker (SegmentedRaftLogWorker.java:lambda$new$0(128)) - cb198935-4283-48d8-a451-673d5bcc91a7@group-54E6B38B0173-SegmentedRaftLogWorker: flushIndex: setUnconditionally 0 -> -1
2019-10-04 08:46:04,587 [pool-87-thread-1] INFO  server.RaftServerConfigKeys (ConfUtils.java:logGet(43)) - raft.server.snapshot.auto.trigger.enabled = true (custom)
2019-10-04 08:46:04,587 [pool-87-thread-1] INFO  server.RaftServerConfigKeys (ConfUtils.java:logGet(43)) - raft.server.snapshot.auto.trigger.threshold = 10000 (custom)
2019-10-04 08:46:04,587 [pool-87-thread-1] INFO  server.RaftServerConfigKeys (ConfUtils.java:logGet(43)) - raft.server.snapshot.retention.file.num = 5 (custom)
2019-10-04 08:46:04,587 [pool-87-thread-1] INFO  server.RaftServerConfigKeys (ConfUtils.java:logGet(43)) - raft.server.retrycache.expirytime = 600000ms (custom)
2019-10-04 08:46:04,592 [pool-87-thread-1] INFO  impl.RaftServerImpl (RaftServerImpl.java:start(181)) - cb198935-4283-48d8-a451-673d5bcc91a7@group-54E6B38B0173: start as a follower, conf=-1: [cb198935-4283-48d8-a451-673d5bcc91a7:192.168.151.111:34742], old=null
2019-10-04 08:46:04,592 [pool-87-thread-1] INFO  impl.RaftServerImpl (RaftServerImpl.java:setRole(170)) - cb198935-4283-48d8-a451-673d5bcc91a7@group-54E6B38B0173: changes role from      null to FOLLOWER at term 0 for startAsFollower
2019-10-04 08:46:04,592 [pool-87-thread-1] INFO  impl.RoleInfo (RoleInfo.java:updateAndGet(143)) - cb198935-4283-48d8-a451-673d5bcc91a7: start FollowerState
2019-10-04 08:46:04,594 [pool-87-thread-1] INFO  util.JmxRegister (JmxRegister.java:tryRegister(44)) - Successfully registered JMX Bean with object name Ratis:service=RaftServer,group=group-54E6B38B0173,id=cb198935-4283-48d8-a451-673d5bcc91a7
2019-10-04 08:46:04,612 [RatisPipelineUtilsThread] INFO  pipeline.PipelineStateManager (PipelineStateManager.java:addPipeline(56)) - Created pipeline Pipeline[ Id: 836cc2fd-3312-4369-961d-54e6b38b0173, Nodes: cb198935-4283-48d8-a451-673d5bcc91a7{ip: 192.168.151.111, host: pr-hdds-2238-lzxxv-1908806976, networkLocation: /default-rack, certSerialId: null}, Type:RATIS, Factor:ONE, State:OPEN]
2019-10-04 08:46:04,651 [grpc-default-executor-0] INFO  impl.RaftServerProxy (RaftServerProxy.java:addNew(89)) - 20cc1711-a1c6-4681-b1da-72967494da33: addNew group-F3374782DB2C:[20cc1711-a1c6-4681-b1da-72967494da33:192.168.151.111:44316] returns group-F3374782DB2C:java.util.concurrent.CompletableFuture@633cc5d0[Not completed]
2019-10-04 08:46:04,680 [pool-37-thread-1] INFO  impl.RaftServerImpl (RaftServerImpl.java:<init>(95)) - 20cc1711-a1c6-4681-b1da-72967494da33: new RaftServerImpl for group-F3374782DB2C:[20cc1711-a1c6-4681-b1da-72967494da33:192.168.151.111:44316] with ContainerStateMachine:uninitialized
2019-10-04 08:46:04,681 [pool-37-thread-1] INFO  server.RaftServerConfigKeys (ConfUtils.java:logGet(43)) - raft.server.rpc.timeout.min = 5s (custom)
2019-10-04 08:46:04,681 [pool-37-thread-1] INFO  server.RaftServerConfigKeys (ConfUtils.java:logGet(43)) - raft.server.rpc.timeout.max = 5200ms (custom)
2019-10-04 08:46:04,681 [pool-37-thread-1] INFO  server.RaftServerConfigKeys (ConfUtils.java:logGet(43)) - raft.server.rpcslowness.timeout = 120s (custom)
2019-10-04 08:46:04,681 [pool-37-thread-1] INFO  server.RaftServerConfigKeys (ConfUtils.java:logGet(43)) - raft.server.sleep.deviation.threshold = 300 (default)
2019-10-04 08:46:04,681 [pool-37-thread-1] INFO  server.RaftServerConfigKeys (ConfUtils.java:logGet(43)) - raft.server.log.appender.install.snapshot.enabled = false (custom)
2019-10-04 08:46:04,682 [pool-37-thread-1] INFO  impl.RaftServerImpl (ServerState.java:<init>(103)) - 20cc1711-a1c6-4681-b1da-72967494da33@group-F3374782DB2C: ConfigurationManager, init=-1: [20cc1711-a1c6-4681-b1da-72967494da33:192.168.151.111:44316], old=null, confs=<EMPTY_MAP>
2019-10-04 08:46:04,682 [pool-37-thread-1] INFO  server.RaftServerConfigKeys (ConfUtils.java:logGet(43)) - raft.server.storage.dir = [/workdir/hadoop-ozone/integration-test/target/test-dir/MiniOzoneClusterImpl-b87a1b95-0ca3-4047-8457-6f6b40dbe18f/datanode-1/data/ratis] (custom)
2019-10-04 08:46:04,682 [pool-37-thread-1] INFO  server.RaftServerConfigKeys (ConfUtils.java:logGet(43)) - raft.server.log.corruption.policy = EXCEPTION (default)
2019-10-04 08:46:04,683 [pool-37-thread-1] INFO  storage.RaftStorageDirectory (RaftStorageDirectory.java:analyzeStorage(246)) - The storage directory /workdir/hadoop-ozone/integration-test/target/test-dir/MiniOzoneClusterImpl-b87a1b95-0ca3-4047-8457-6f6b40dbe18f/datanode-1/data/ratis/23e60465-a422-4e70-bac9-f3374782db2c does not exist. Creating ...
2019-10-04 08:46:04,696 [pool-37-thread-1] INFO  storage.RaftStorageDirectory (RaftStorageDirectory.java:tryLock(328)) - Lock on /workdir/hadoop-ozone/integration-test/target/test-dir/MiniOzoneClusterImpl-b87a1b95-0ca3-4047-8457-6f6b40dbe18f/datanode-1/data/ratis/23e60465-a422-4e70-bac9-f3374782db2c/in_use.lock acquired by nodename 22425@pr-hdds-2238-lzxxv-1908806976
2019-10-04 08:46:04,709 [pool-37-thread-1] INFO  storage.RaftStorage (RaftStorage.java:format(84)) - Storage directory /workdir/hadoop-ozone/integration-test/target/test-dir/MiniOzoneClusterImpl-b87a1b95-0ca3-4047-8457-6f6b40dbe18f/datanode-1/data/ratis/23e60465-a422-4e70-bac9-f3374782db2c has been successfully formatted.
2019-10-04 08:46:04,709 [pool-37-thread-1] INFO  ratis.ContainerStateMachine (ContainerStateMachine.java:loadSnapshot(230)) - group-F3374782DB2C: The snapshot info is null. Setting the last applied indexto:(t:0, i:~)
2019-10-04 08:46:04,709 [pool-37-thread-1] INFO  server.RaftServerConfigKeys (ConfUtils.java:logGet(43)) - raft.server.notification.no-leader.timeout = 120s (custom)
2019-10-04 08:46:04,709 [pool-37-thread-1] INFO  server.RaftServerConfigKeys (ConfUtils.java:logGet(43)) - raft.server.log.use.memory = false (default)
2019-10-04 08:46:04,710 [pool-37-thread-1] INFO  server.RaftServerConfigKeys (ConfUtils.java:logGet(43)) - raft.server.log.purge.gap = 1000000 (custom)
2019-10-04 08:46:04,710 [pool-37-thread-1] INFO  server.RaftServerConfigKeys (ConfUtils.java:logGet(43)) - raft.server.log.appender.buffer.byte-limit = 33554432 (custom)
2019-10-04 08:46:04,710 [pool-37-thread-1] INFO  server.RaftServerConfigKeys (ConfUtils.java:logGet(43)) - raft.server.log.segment.size.max = 1048576 (custom)
2019-10-04 08:46:04,752 [pool-37-thread-1] INFO  server.RaftServerConfigKeys (ConfUtils.java:logGet(43)) - raft.server.log.segment.cache.num.max = 2 (custom)
2019-10-04 08:46:04,753 [pool-37-thread-1] INFO  segmented.SegmentedRaftLogWorker (SegmentedRaftLogWorker.java:<init>(173)) - new 20cc1711-a1c6-4681-b1da-72967494da33@group-F3374782DB2C-SegmentedRaftLogWorker for RaftStorage:Storage Directory /workdir/hadoop-ozone/integration-test/target/test-dir/MiniOzoneClusterImpl-b87a1b95-0ca3-4047-8457-6f6b40dbe18f/datanode-1/data/ratis/23e60465-a422-4e70-bac9-f3374782db2c
2019-10-04 08:46:04,753 [pool-37-thread-1] INFO  server.RaftServerConfigKeys (ConfUtils.java:logGet(43)) - raft.server.log.queue.byte-limit = 2147483647 (custom)
2019-10-04 08:46:04,753 [pool-37-thread-1] INFO  server.RaftServerConfigKeys (ConfUtils.java:logGet(43)) - raft.server.log.queue.element-limit = 1024 (custom)
2019-10-04 08:46:04,753 [pool-37-thread-1] INFO  server.RaftServerConfigKeys (ConfUtils.java:logGet(43)) - raft.server.log.segment.size.max = 1048576 (custom)
2019-10-04 08:46:04,753 [pool-37-thread-1] INFO  server.RaftServerConfigKeys (ConfUtils.java:logGet(43)) - raft.server.log.preallocated.size = 16384 (custom)
2019-10-04 08:46:04,754 [pool-37-thread-1] INFO  server.RaftServerConfigKeys (ConfUtils.java:logGet(43)) - raft.server.log.write.buffer.size = 33554432 (custom)
2019-10-04 08:46:04,754 [pool-37-thread-1] INFO  server.RaftServerConfigKeys (ConfUtils.java:logGet(43)) - raft.server.log.force.sync.num = 128 (default)
2019-10-04 08:46:04,754 [pool-37-thread-1] INFO  server.RaftServerConfigKeys (ConfUtils.java:logGet(43)) - raft.server.log.statemachine.data.sync = true (default)
2019-10-04 08:46:04,754 [pool-37-thread-1] INFO  server.RaftServerConfigKeys (ConfUtils.java:logGet(43)) - raft.server.log.statemachine.data.sync.timeout = 10s (default)
2019-10-04 08:46:04,754 [pool-37-thread-1] INFO  server.RaftServerConfigKeys (ConfUtils.java:logGet(43)) - raft.server.log.statemachine.data.sync.timeout.retry = -1 (default)
2019-10-04 08:46:04,756 [pool-37-thread-1] INFO  server.RaftServerConfigKeys (ConfUtils.java:logGet(43)) - raft.server.log.statemachine.data.caching.enabled = true (custom)
2019-10-04 08:46:04,756 [pool-37-thread-1] INFO  segmented.SegmentedRaftLogWorker (SegmentedRaftLogWorker.java:lambda$new$0(128)) - 20cc1711-a1c6-4681-b1da-72967494da33@group-F3374782DB2C-SegmentedRaftLogWorker: flushIndex: setUnconditionally 0 -> -1
2019-10-04 08:46:04,756 [pool-37-thread-1] INFO  server.RaftServerConfigKeys (ConfUtils.java:logGet(43)) - raft.server.snapshot.auto.trigger.enabled = true (custom)
2019-10-04 08:46:04,757 [pool-37-thread-1] INFO  server.RaftServerConfigKeys (ConfUtils.java:logGet(43)) - raft.server.snapshot.auto.trigger.threshold = 10000 (custom)
2019-10-04 08:46:04,757 [pool-37-thread-1] INFO  server.RaftServerConfigKeys (ConfUtils.java:logGet(43)) - raft.server.snapshot.retention.file.num = 5 (custom)
2019-10-04 08:46:04,757 [pool-37-thread-1] INFO  server.RaftServerConfigKeys (ConfUtils.java:logGet(43)) - raft.server.retrycache.expirytime = 600000ms (custom)
2019-10-04 08:46:04,775 [pool-37-thread-1] INFO  impl.RaftServerImpl (RaftServerImpl.java:start(181)) - 20cc1711-a1c6-4681-b1da-72967494da33@group-F3374782DB2C: start as a follower, conf=-1: [20cc1711-a1c6-4681-b1da-72967494da33:192.168.151.111:44316], old=null
2019-10-04 08:46:04,776 [pool-37-thread-1] INFO  impl.RaftServerImpl (RaftServerImpl.java:setRole(170)) - 20cc1711-a1c6-4681-b1da-72967494da33@group-F3374782DB2C: changes role from      null to FOLLOWER at term 0 for startAsFollower
2019-10-04 08:46:04,776 [pool-37-thread-1] INFO  impl.RoleInfo (RoleInfo.java:updateAndGet(143)) - 20cc1711-a1c6-4681-b1da-72967494da33: start FollowerState
2019-10-04 08:46:04,776 [pool-37-thread-1] INFO  util.JmxRegister (JmxRegister.java:tryRegister(44)) - Successfully registered JMX Bean with object name Ratis:service=RaftServer,group=group-F3374782DB2C,id=20cc1711-a1c6-4681-b1da-72967494da33
2019-10-04 08:46:04,795 [RatisPipelineUtilsThread] INFO  pipeline.PipelineStateManager (PipelineStateManager.java:addPipeline(56)) - Created pipeline Pipeline[ Id: 23e60465-a422-4e70-bac9-f3374782db2c, Nodes: 20cc1711-a1c6-4681-b1da-72967494da33{ip: 192.168.151.111, host: pr-hdds-2238-lzxxv-1908806976, networkLocation: /default-rack, certSerialId: null}, Type:RATIS, Factor:ONE, State:OPEN]
2019-10-04 08:46:04,820 [grpc-default-executor-0] INFO  impl.RaftServerProxy (RaftServerProxy.java:addNew(89)) - 7f562cf2-a919-4f6a-a3b2-da45eba29cb3: addNew group-A69F75B3B0B6:[7f562cf2-a919-4f6a-a3b2-da45eba29cb3:192.168.151.111:33119] returns group-A69F75B3B0B6:java.util.concurrent.CompletableFuture@532443e6[Not completed]
2019-10-04 08:46:04,823 [pool-57-thread-1] INFO  impl.RaftServerImpl (RaftServerImpl.java:<init>(95)) - 7f562cf2-a919-4f6a-a3b2-da45eba29cb3: new RaftServerImpl for group-A69F75B3B0B6:[7f562cf2-a919-4f6a-a3b2-da45eba29cb3:192.168.151.111:33119] with ContainerStateMachine:uninitialized
2019-10-04 08:46:04,824 [pool-57-thread-1] INFO  server.RaftServerConfigKeys (ConfUtils.java:logGet(43)) - raft.server.rpc.timeout.min = 5s (custom)
2019-10-04 08:46:04,824 [pool-57-thread-1] INFO  server.RaftServerConfigKeys (ConfUtils.java:logGet(43)) - raft.server.rpc.timeout.max = 5200ms (custom)
2019-10-04 08:46:04,824 [pool-57-thread-1] INFO  server.RaftServerConfigKeys (ConfUtils.java:logGet(43)) - raft.server.rpcslowness.timeout = 120s (custom)
2019-10-04 08:46:04,824 [pool-57-thread-1] INFO  server.RaftServerConfigKeys (ConfUtils.java:logGet(43)) - raft.server.sleep.deviation.threshold = 300 (default)
2019-10-04 08:46:04,824 [pool-57-thread-1] INFO  server.RaftServerConfigKeys (ConfUtils.java:logGet(43)) - raft.server.log.appender.install.snapshot.enabled = false (custom)
2019-10-04 08:46:04,824 [pool-57-thread-1] INFO  impl.RaftServerImpl (ServerState.java:<init>(103)) - 7f562cf2-a919-4f6a-a3b2-da45eba29cb3@group-A69F75B3B0B6: ConfigurationManager, init=-1: [7f562cf2-a919-4f6a-a3b2-da45eba29cb3:192.168.151.111:33119], old=null, confs=<EMPTY_MAP>
2019-10-04 08:46:04,824 [pool-57-thread-1] INFO  server.RaftServerConfigKeys (ConfUtils.java:logGet(43)) - raft.server.storage.dir = [/workdir/hadoop-ozone/integration-test/target/test-dir/MiniOzoneClusterImpl-b87a1b95-0ca3-4047-8457-6f6b40dbe18f/datanode-3/data/ratis] (custom)
2019-10-04 08:46:04,825 [pool-57-thread-1] INFO  server.RaftServerConfigKeys (ConfUtils.java:logGet(43)) - raft.server.log.corruption.policy = EXCEPTION (default)
2019-10-04 08:46:04,825 [pool-57-thread-1] INFO  storage.RaftStorageDirectory (RaftStorageDirectory.java:analyzeStorage(246)) - The storage directory /workdir/hadoop-ozone/integration-test/target/test-dir/MiniOzoneClusterImpl-b87a1b95-0ca3-4047-8457-6f6b40dbe18f/datanode-3/data/ratis/abfad3cd-a6c4-47f8-9427-a69f75b3b0b6 does not exist. Creating ...
2019-10-04 08:46:04,847 [pool-57-thread-1] INFO  storage.RaftStorageDirectory (RaftStorageDirectory.java:tryLock(328)) - Lock on /workdir/hadoop-ozone/integration-test/target/test-dir/MiniOzoneClusterImpl-b87a1b95-0ca3-4047-8457-6f6b40dbe18f/datanode-3/data/ratis/abfad3cd-a6c4-47f8-9427-a69f75b3b0b6/in_use.lock acquired by nodename 22425@pr-hdds-2238-lzxxv-1908806976
2019-10-04 08:46:04,861 [pool-57-thread-1] INFO  storage.RaftStorage (RaftStorage.java:format(84)) - Storage directory /workdir/hadoop-ozone/integration-test/target/test-dir/MiniOzoneClusterImpl-b87a1b95-0ca3-4047-8457-6f6b40dbe18f/datanode-3/data/ratis/abfad3cd-a6c4-47f8-9427-a69f75b3b0b6 has been successfully formatted.
2019-10-04 08:46:04,863 [pool-57-thread-1] INFO  ratis.ContainerStateMachine (ContainerStateMachine.java:loadSnapshot(230)) - group-A69F75B3B0B6: The snapshot info is null. Setting the last applied indexto:(t:0, i:~)
2019-10-04 08:46:04,863 [pool-57-thread-1] INFO  server.RaftServerConfigKeys (ConfUtils.java:logGet(43)) - raft.server.notification.no-leader.timeout = 120s (custom)
2019-10-04 08:46:04,863 [pool-57-thread-1] INFO  server.RaftServerConfigKeys (ConfUtils.java:logGet(43)) - raft.server.log.use.memory = false (default)
2019-10-04 08:46:04,864 [pool-57-thread-1] INFO  server.RaftServerConfigKeys (ConfUtils.java:logGet(43)) - raft.server.log.purge.gap = 1000000 (custom)
2019-10-04 08:46:04,864 [pool-57-thread-1] INFO  server.RaftServerConfigKeys (ConfUtils.java:logGet(43)) - raft.server.log.appender.buffer.byte-limit = 33554432 (custom)
2019-10-04 08:46:04,864 [pool-57-thread-1] INFO  server.RaftServerConfigKeys (ConfUtils.java:logGet(43)) - raft.server.log.segment.size.max = 1048576 (custom)
2019-10-04 08:46:04,873 [pool-57-thread-1] INFO  server.RaftServerConfigKeys (ConfUtils.java:logGet(43)) - raft.server.log.segment.cache.num.max = 2 (custom)
2019-10-04 08:46:04,873 [pool-57-thread-1] INFO  segmented.SegmentedRaftLogWorker (SegmentedRaftLogWorker.java:<init>(173)) - new 7f562cf2-a919-4f6a-a3b2-da45eba29cb3@group-A69F75B3B0B6-SegmentedRaftLogWorker for RaftStorage:Storage Directory /workdir/hadoop-ozone/integration-test/target/test-dir/MiniOzoneClusterImpl-b87a1b95-0ca3-4047-8457-6f6b40dbe18f/datanode-3/data/ratis/abfad3cd-a6c4-47f8-9427-a69f75b3b0b6
2019-10-04 08:46:04,873 [pool-57-thread-1] INFO  server.RaftServerConfigKeys (ConfUtils.java:logGet(43)) - raft.server.log.queue.byte-limit = 2147483647 (custom)
2019-10-04 08:46:04,873 [pool-57-thread-1] INFO  server.RaftServerConfigKeys (ConfUtils.java:logGet(43)) - raft.server.log.queue.element-limit = 1024 (custom)
2019-10-04 08:46:04,874 [pool-57-thread-1] INFO  server.RaftServerConfigKeys (ConfUtils.java:logGet(43)) - raft.server.log.segment.size.max = 1048576 (custom)
2019-10-04 08:46:04,874 [pool-57-thread-1] INFO  server.RaftServerConfigKeys (ConfUtils.java:logGet(43)) - raft.server.log.preallocated.size = 16384 (custom)
2019-10-04 08:46:04,874 [pool-57-thread-1] INFO  server.RaftServerConfigKeys (ConfUtils.java:logGet(43)) - raft.server.log.write.buffer.size = 33554432 (custom)
2019-10-04 08:46:04,874 [pool-57-thread-1] INFO  server.RaftServerConfigKeys (ConfUtils.java:logGet(43)) - raft.server.log.force.sync.num = 128 (default)
2019-10-04 08:46:04,874 [pool-57-thread-1] INFO  server.RaftServerConfigKeys (ConfUtils.java:logGet(43)) - raft.server.log.statemachine.data.sync = true (default)
2019-10-04 08:46:04,875 [pool-57-thread-1] INFO  server.RaftServerConfigKeys (ConfUtils.java:logGet(43)) - raft.server.log.statemachine.data.sync.timeout = 10s (default)
2019-10-04 08:46:04,875 [pool-57-thread-1] INFO  server.RaftServerConfigKeys (ConfUtils.java:logGet(43)) - raft.server.log.statemachine.data.sync.timeout.retry = -1 (default)
2019-10-04 08:46:04,876 [pool-57-thread-1] INFO  server.RaftServerConfigKeys (ConfUtils.java:logGet(43)) - raft.server.log.statemachine.data.caching.enabled = true (custom)
2019-10-04 08:46:04,876 [pool-57-thread-1] INFO  segmented.SegmentedRaftLogWorker (SegmentedRaftLogWorker.java:lambda$new$0(128)) - 7f562cf2-a919-4f6a-a3b2-da45eba29cb3@group-A69F75B3B0B6-SegmentedRaftLogWorker: flushIndex: setUnconditionally 0 -> -1
2019-10-04 08:46:04,877 [pool-57-thread-1] INFO  server.RaftServerConfigKeys (ConfUtils.java:logGet(43)) - raft.server.snapshot.auto.trigger.enabled = true (custom)
2019-10-04 08:46:04,877 [pool-57-thread-1] INFO  server.RaftServerConfigKeys (ConfUtils.java:logGet(43)) - raft.server.snapshot.auto.trigger.threshold = 10000 (custom)
2019-10-04 08:46:04,877 [pool-57-thread-1] INFO  server.RaftServerConfigKeys (ConfUtils.java:logGet(43)) - raft.server.snapshot.retention.file.num = 5 (custom)
2019-10-04 08:46:04,877 [pool-57-thread-1] INFO  server.RaftServerConfigKeys (ConfUtils.java:logGet(43)) - raft.server.retrycache.expirytime = 600000ms (custom)
2019-10-04 08:46:04,884 [pool-57-thread-1] INFO  impl.RaftServerImpl (RaftServerImpl.java:start(181)) - 7f562cf2-a919-4f6a-a3b2-da45eba29cb3@group-A69F75B3B0B6: start as a follower, conf=-1: [7f562cf2-a919-4f6a-a3b2-da45eba29cb3:192.168.151.111:33119], old=null
2019-10-04 08:46:04,884 [pool-57-thread-1] INFO  impl.RaftServerImpl (RaftServerImpl.java:setRole(170)) - 7f562cf2-a919-4f6a-a3b2-da45eba29cb3@group-A69F75B3B0B6: changes role from      null to FOLLOWER at term 0 for startAsFollower
2019-10-04 08:46:04,885 [pool-57-thread-1] INFO  impl.RoleInfo (RoleInfo.java:updateAndGet(143)) - 7f562cf2-a919-4f6a-a3b2-da45eba29cb3: start FollowerState
2019-10-04 08:46:04,885 [pool-57-thread-1] INFO  util.JmxRegister (JmxRegister.java:tryRegister(44)) - Successfully registered JMX Bean with object name Ratis:service=RaftServer,group=group-A69F75B3B0B6,id=7f562cf2-a919-4f6a-a3b2-da45eba29cb3
2019-10-04 08:46:04,906 [RatisPipelineUtilsThread] INFO  pipeline.PipelineStateManager (PipelineStateManager.java:addPipeline(56)) - Created pipeline Pipeline[ Id: abfad3cd-a6c4-47f8-9427-a69f75b3b0b6, Nodes: 7f562cf2-a919-4f6a-a3b2-da45eba29cb3{ip: 192.168.151.111, host: pr-hdds-2238-lzxxv-1908806976, networkLocation: /default-rack, certSerialId: null}, Type:RATIS, Factor:ONE, State:OPEN]
2019-10-04 08:46:04,932 [grpc-default-executor-0] INFO  impl.RaftServerProxy (RaftServerProxy.java:addNew(89)) - f9bb2248-9c18-42fa-8a38-ca2699ffbdc2: addNew group-CD60979C35D2:[f9bb2248-9c18-42fa-8a38-ca2699ffbdc2:192.168.151.111:35477] returns group-CD60979C35D2:java.util.concurrent.CompletableFuture@6478a760[Not completed]
2019-10-04 08:46:04,957 [pool-47-thread-1] INFO  impl.RaftServerImpl (RaftServerImpl.java:<init>(95)) - f9bb2248-9c18-42fa-8a38-ca2699ffbdc2: new RaftServerImpl for group-CD60979C35D2:[f9bb2248-9c18-42fa-8a38-ca2699ffbdc2:192.168.151.111:35477] with ContainerStateMachine:uninitialized
2019-10-04 08:46:04,957 [pool-47-thread-1] INFO  server.RaftServerConfigKeys (ConfUtils.java:logGet(43)) - raft.server.rpc.timeout.min = 5s (custom)
2019-10-04 08:46:04,958 [pool-47-thread-1] INFO  server.RaftServerConfigKeys (ConfUtils.java:logGet(43)) - raft.server.rpc.timeout.max = 5200ms (custom)
2019-10-04 08:46:04,958 [pool-47-thread-1] INFO  server.RaftServerConfigKeys (ConfUtils.java:logGet(43)) - raft.server.rpcslowness.timeout = 120s (custom)
2019-10-04 08:46:04,958 [pool-47-thread-1] INFO  server.RaftServerConfigKeys (ConfUtils.java:logGet(43)) - raft.server.sleep.deviation.threshold = 300 (default)
2019-10-04 08:46:04,958 [pool-47-thread-1] INFO  server.RaftServerConfigKeys (ConfUtils.java:logGet(43)) - raft.server.log.appender.install.snapshot.enabled = false (custom)
2019-10-04 08:46:04,958 [pool-47-thread-1] INFO  impl.RaftServerImpl (ServerState.java:<init>(103)) - f9bb2248-9c18-42fa-8a38-ca2699ffbdc2@group-CD60979C35D2: ConfigurationManager, init=-1: [f9bb2248-9c18-42fa-8a38-ca2699ffbdc2:192.168.151.111:35477], old=null, confs=<EMPTY_MAP>
2019-10-04 08:46:04,959 [pool-47-thread-1] INFO  server.RaftServerConfigKeys (ConfUtils.java:logGet(43)) - raft.server.storage.dir = [/workdir/hadoop-ozone/integration-test/target/test-dir/MiniOzoneClusterImpl-b87a1b95-0ca3-4047-8457-6f6b40dbe18f/datanode-2/data/ratis] (custom)
2019-10-04 08:46:04,959 [pool-47-thread-1] INFO  server.RaftServerConfigKeys (ConfUtils.java:logGet(43)) - raft.server.log.corruption.policy = EXCEPTION (default)
2019-10-04 08:46:04,960 [pool-47-thread-1] INFO  storage.RaftStorageDirectory (RaftStorageDirectory.java:analyzeStorage(246)) - The storage directory /workdir/hadoop-ozone/integration-test/target/test-dir/MiniOzoneClusterImpl-b87a1b95-0ca3-4047-8457-6f6b40dbe18f/datanode-2/data/ratis/8aad3455-fa15-49f8-a8fc-cd60979c35d2 does not exist. Creating ...
2019-10-04 08:46:04,965 [main] INFO  rpc.RpcClient (RpcClient.java:createVolume(277)) - Creating Volume: watchforcommithandlingtest, with jenkins1000 as owner.
2019-10-04 08:46:04,973 [pool-47-thread-1] INFO  storage.RaftStorageDirectory (RaftStorageDirectory.java:tryLock(328)) - Lock on /workdir/hadoop-ozone/integration-test/target/test-dir/MiniOzoneClusterImpl-b87a1b95-0ca3-4047-8457-6f6b40dbe18f/datanode-2/data/ratis/8aad3455-fa15-49f8-a8fc-cd60979c35d2/in_use.lock acquired by nodename 22425@pr-hdds-2238-lzxxv-1908806976
2019-10-04 08:46:04,988 [pool-47-thread-1] INFO  storage.RaftStorage (RaftStorage.java:format(84)) - Storage directory /workdir/hadoop-ozone/integration-test/target/test-dir/MiniOzoneClusterImpl-b87a1b95-0ca3-4047-8457-6f6b40dbe18f/datanode-2/data/ratis/8aad3455-fa15-49f8-a8fc-cd60979c35d2 has been successfully formatted.
2019-10-04 08:46:04,988 [pool-47-thread-1] INFO  ratis.ContainerStateMachine (ContainerStateMachine.java:loadSnapshot(230)) - group-CD60979C35D2: The snapshot info is null. Setting the last applied indexto:(t:0, i:~)
2019-10-04 08:46:04,989 [pool-47-thread-1] INFO  server.RaftServerConfigKeys (ConfUtils.java:logGet(43)) - raft.server.notification.no-leader.timeout = 120s (custom)
2019-10-04 08:46:04,989 [pool-47-thread-1] INFO  server.RaftServerConfigKeys (ConfUtils.java:logGet(43)) - raft.server.log.use.memory = false (default)
2019-10-04 08:46:04,989 [pool-47-thread-1] INFO  server.RaftServerConfigKeys (ConfUtils.java:logGet(43)) - raft.server.log.purge.gap = 1000000 (custom)
2019-10-04 08:46:04,989 [pool-47-thread-1] INFO  server.RaftServerConfigKeys (ConfUtils.java:logGet(43)) - raft.server.log.appender.buffer.byte-limit = 33554432 (custom)
2019-10-04 08:46:04,989 [pool-47-thread-1] INFO  server.RaftServerConfigKeys (ConfUtils.java:logGet(43)) - raft.server.log.segment.size.max = 1048576 (custom)
2019-10-04 08:46:04,993 [pool-47-thread-1] INFO  server.RaftServerConfigKeys (ConfUtils.java:logGet(43)) - raft.server.log.segment.cache.num.max = 2 (custom)
2019-10-04 08:46:04,994 [pool-47-thread-1] INFO  segmented.SegmentedRaftLogWorker (SegmentedRaftLogWorker.java:<init>(173)) - new f9bb2248-9c18-42fa-8a38-ca2699ffbdc2@group-CD60979C35D2-SegmentedRaftLogWorker for RaftStorage:Storage Directory /workdir/hadoop-ozone/integration-test/target/test-dir/MiniOzoneClusterImpl-b87a1b95-0ca3-4047-8457-6f6b40dbe18f/datanode-2/data/ratis/8aad3455-fa15-49f8-a8fc-cd60979c35d2
2019-10-04 08:46:04,994 [pool-47-thread-1] INFO  server.RaftServerConfigKeys (ConfUtils.java:logGet(43)) - raft.server.log.queue.byte-limit = 2147483647 (custom)
2019-10-04 08:46:04,994 [pool-47-thread-1] INFO  server.RaftServerConfigKeys (ConfUtils.java:logGet(43)) - raft.server.log.queue.element-limit = 1024 (custom)
2019-10-04 08:46:04,994 [pool-47-thread-1] INFO  server.RaftServerConfigKeys (ConfUtils.java:logGet(43)) - raft.server.log.segment.size.max = 1048576 (custom)
2019-10-04 08:46:04,994 [pool-47-thread-1] INFO  server.RaftServerConfigKeys (ConfUtils.java:logGet(43)) - raft.server.log.preallocated.size = 16384 (custom)
2019-10-04 08:46:04,994 [pool-47-thread-1] INFO  server.RaftServerConfigKeys (ConfUtils.java:logGet(43)) - raft.server.log.write.buffer.size = 33554432 (custom)
2019-10-04 08:46:04,995 [pool-47-thread-1] INFO  server.RaftServerConfigKeys (ConfUtils.java:logGet(43)) - raft.server.log.force.sync.num = 128 (default)
2019-10-04 08:46:04,995 [pool-47-thread-1] INFO  server.RaftServerConfigKeys (ConfUtils.java:logGet(43)) - raft.server.log.statemachine.data.sync = true (default)
2019-10-04 08:46:04,995 [pool-47-thread-1] INFO  server.RaftServerConfigKeys (ConfUtils.java:logGet(43)) - raft.server.log.statemachine.data.sync.timeout = 10s (default)
2019-10-04 08:46:04,995 [pool-47-thread-1] INFO  server.RaftServerConfigKeys (ConfUtils.java:logGet(43)) - raft.server.log.statemachine.data.sync.timeout.retry = -1 (default)
2019-10-04 08:46:04,996 [pool-47-thread-1] INFO  server.RaftServerConfigKeys (ConfUtils.java:logGet(43)) - raft.server.log.statemachine.data.caching.enabled = true (custom)
2019-10-04 08:46:04,996 [pool-47-thread-1] INFO  segmented.SegmentedRaftLogWorker (SegmentedRaftLogWorker.java:lambda$new$0(128)) - f9bb2248-9c18-42fa-8a38-ca2699ffbdc2@group-CD60979C35D2-SegmentedRaftLogWorker: flushIndex: setUnconditionally 0 -> -1
2019-10-04 08:46:04,997 [pool-47-thread-1] INFO  server.RaftServerConfigKeys (ConfUtils.java:logGet(43)) - raft.server.snapshot.auto.trigger.enabled = true (custom)
2019-10-04 08:46:04,997 [pool-47-thread-1] INFO  server.RaftServerConfigKeys (ConfUtils.java:logGet(43)) - raft.server.snapshot.auto.trigger.threshold = 10000 (custom)
2019-10-04 08:46:04,997 [pool-47-thread-1] INFO  server.RaftServerConfigKeys (ConfUtils.java:logGet(43)) - raft.server.snapshot.retention.file.num = 5 (custom)
2019-10-04 08:46:04,997 [pool-47-thread-1] INFO  server.RaftServerConfigKeys (ConfUtils.java:logGet(43)) - raft.server.retrycache.expirytime = 600000ms (custom)
2019-10-04 08:46:05,001 [pool-47-thread-1] INFO  impl.RaftServerImpl (RaftServerImpl.java:start(181)) - f9bb2248-9c18-42fa-8a38-ca2699ffbdc2@group-CD60979C35D2: start as a follower, conf=-1: [f9bb2248-9c18-42fa-8a38-ca2699ffbdc2:192.168.151.111:35477], old=null
2019-10-04 08:46:05,001 [pool-47-thread-1] INFO  impl.RaftServerImpl (RaftServerImpl.java:setRole(170)) - f9bb2248-9c18-42fa-8a38-ca2699ffbdc2@group-CD60979C35D2: changes role from      null to FOLLOWER at term 0 for startAsFollower
2019-10-04 08:46:05,001 [pool-47-thread-1] INFO  impl.RoleInfo (RoleInfo.java:updateAndGet(143)) - f9bb2248-9c18-42fa-8a38-ca2699ffbdc2: start FollowerState
2019-10-04 08:46:05,002 [pool-47-thread-1] INFO  util.JmxRegister (JmxRegister.java:tryRegister(44)) - Successfully registered JMX Bean with object name Ratis:service=RaftServer,group=group-CD60979C35D2,id=f9bb2248-9c18-42fa-8a38-ca2699ffbdc2
2019-10-04 08:46:05,022 [RatisPipelineUtilsThread] INFO  pipeline.PipelineStateManager (PipelineStateManager.java:addPipeline(56)) - Created pipeline Pipeline[ Id: 8aad3455-fa15-49f8-a8fc-cd60979c35d2, Nodes: f9bb2248-9c18-42fa-8a38-ca2699ffbdc2{ip: 192.168.151.111, host: pr-hdds-2238-lzxxv-1908806976, networkLocation: /default-rack, certSerialId: null}, Type:RATIS, Factor:ONE, State:OPEN]
2019-10-04 08:46:05,050 [grpc-default-executor-0] INFO  impl.RaftServerProxy (RaftServerProxy.java:addNew(89)) - fe08f3cc-c884-4177-959d-cd08a4a5b8f1: addNew group-665AAF9BEA52:[fe08f3cc-c884-4177-959d-cd08a4a5b8f1:192.168.151.111:32794] returns group-665AAF9BEA52:java.util.concurrent.CompletableFuture@43ea4f06[Not completed]
2019-10-04 08:46:05,056 [pool-77-thread-1] INFO  impl.RaftServerImpl (RaftServerImpl.java:<init>(95)) - fe08f3cc-c884-4177-959d-cd08a4a5b8f1: new RaftServerImpl for group-665AAF9BEA52:[fe08f3cc-c884-4177-959d-cd08a4a5b8f1:192.168.151.111:32794] with ContainerStateMachine:uninitialized
2019-10-04 08:46:05,056 [pool-77-thread-1] INFO  server.RaftServerConfigKeys (ConfUtils.java:logGet(43)) - raft.server.rpc.timeout.min = 5s (custom)
2019-10-04 08:46:05,056 [pool-77-thread-1] INFO  server.RaftServerConfigKeys (ConfUtils.java:logGet(43)) - raft.server.rpc.timeout.max = 5200ms (custom)
2019-10-04 08:46:05,056 [pool-77-thread-1] INFO  server.RaftServerConfigKeys (ConfUtils.java:logGet(43)) - raft.server.rpcslowness.timeout = 120s (custom)
2019-10-04 08:46:05,056 [pool-77-thread-1] INFO  server.RaftServerConfigKeys (ConfUtils.java:logGet(43)) - raft.server.sleep.deviation.threshold = 300 (default)
2019-10-04 08:46:05,057 [pool-77-thread-1] INFO  server.RaftServerConfigKeys (ConfUtils.java:logGet(43)) - raft.server.log.appender.install.snapshot.enabled = false (custom)
2019-10-04 08:46:05,057 [pool-77-thread-1] INFO  impl.RaftServerImpl (ServerState.java:<init>(103)) - fe08f3cc-c884-4177-959d-cd08a4a5b8f1@group-665AAF9BEA52: ConfigurationManager, init=-1: [fe08f3cc-c884-4177-959d-cd08a4a5b8f1:192.168.151.111:32794], old=null, confs=<EMPTY_MAP>
2019-10-04 08:46:05,057 [pool-77-thread-1] INFO  server.RaftServerConfigKeys (ConfUtils.java:logGet(43)) - raft.server.storage.dir = [/workdir/hadoop-ozone/integration-test/target/test-dir/MiniOzoneClusterImpl-b87a1b95-0ca3-4047-8457-6f6b40dbe18f/datanode-5/data/ratis] (custom)
2019-10-04 08:46:05,057 [pool-77-thread-1] INFO  server.RaftServerConfigKeys (ConfUtils.java:logGet(43)) - raft.server.log.corruption.policy = EXCEPTION (default)
2019-10-04 08:46:05,058 [pool-77-thread-1] INFO  storage.RaftStorageDirectory (RaftStorageDirectory.java:analyzeStorage(246)) - The storage directory /workdir/hadoop-ozone/integration-test/target/test-dir/MiniOzoneClusterImpl-b87a1b95-0ca3-4047-8457-6f6b40dbe18f/datanode-5/data/ratis/723c5e0c-4926-4a7c-b46b-665aaf9bea52 does not exist. Creating ...
2019-10-04 08:46:05,071 [pool-77-thread-1] INFO  storage.RaftStorageDirectory (RaftStorageDirectory.java:tryLock(328)) - Lock on /workdir/hadoop-ozone/integration-test/target/test-dir/MiniOzoneClusterImpl-b87a1b95-0ca3-4047-8457-6f6b40dbe18f/datanode-5/data/ratis/723c5e0c-4926-4a7c-b46b-665aaf9bea52/in_use.lock acquired by nodename 22425@pr-hdds-2238-lzxxv-1908806976
2019-10-04 08:46:05,093 [pool-77-thread-1] INFO  storage.RaftStorage (RaftStorage.java:format(84)) - Storage directory /workdir/hadoop-ozone/integration-test/target/test-dir/MiniOzoneClusterImpl-b87a1b95-0ca3-4047-8457-6f6b40dbe18f/datanode-5/data/ratis/723c5e0c-4926-4a7c-b46b-665aaf9bea52 has been successfully formatted.
2019-10-04 08:46:05,093 [pool-77-thread-1] INFO  ratis.ContainerStateMachine (ContainerStateMachine.java:loadSnapshot(230)) - group-665AAF9BEA52: The snapshot info is null. Setting the last applied indexto:(t:0, i:~)
2019-10-04 08:46:05,093 [pool-77-thread-1] INFO  server.RaftServerConfigKeys (ConfUtils.java:logGet(43)) - raft.server.notification.no-leader.timeout = 120s (custom)
2019-10-04 08:46:05,094 [pool-77-thread-1] INFO  server.RaftServerConfigKeys (ConfUtils.java:logGet(43)) - raft.server.log.use.memory = false (default)
2019-10-04 08:46:05,094 [pool-77-thread-1] INFO  server.RaftServerConfigKeys (ConfUtils.java:logGet(43)) - raft.server.log.purge.gap = 1000000 (custom)
2019-10-04 08:46:05,094 [pool-77-thread-1] INFO  server.RaftServerConfigKeys (ConfUtils.java:logGet(43)) - raft.server.log.appender.buffer.byte-limit = 33554432 (custom)
2019-10-04 08:46:05,094 [pool-77-thread-1] INFO  server.RaftServerConfigKeys (ConfUtils.java:logGet(43)) - raft.server.log.segment.size.max = 1048576 (custom)
2019-10-04 08:46:05,098 [pool-77-thread-1] INFO  server.RaftServerConfigKeys (ConfUtils.java:logGet(43)) - raft.server.log.segment.cache.num.max = 2 (custom)
2019-10-04 08:46:05,098 [pool-77-thread-1] INFO  segmented.SegmentedRaftLogWorker (SegmentedRaftLogWorker.java:<init>(173)) - new fe08f3cc-c884-4177-959d-cd08a4a5b8f1@group-665AAF9BEA52-SegmentedRaftLogWorker for RaftStorage:Storage Directory /workdir/hadoop-ozone/integration-test/target/test-dir/MiniOzoneClusterImpl-b87a1b95-0ca3-4047-8457-6f6b40dbe18f/datanode-5/data/ratis/723c5e0c-4926-4a7c-b46b-665aaf9bea52
2019-10-04 08:46:05,098 [pool-77-thread-1] INFO  server.RaftServerConfigKeys (ConfUtils.java:logGet(43)) - raft.server.log.queue.byte-limit = 2147483647 (custom)
2019-10-04 08:46:05,098 [pool-77-thread-1] INFO  server.RaftServerConfigKeys (ConfUtils.java:logGet(43)) - raft.server.log.queue.element-limit = 1024 (custom)
2019-10-04 08:46:05,098 [pool-77-thread-1] INFO  server.RaftServerConfigKeys (ConfUtils.java:logGet(43)) - raft.server.log.segment.size.max = 1048576 (custom)
2019-10-04 08:46:05,098 [pool-77-thread-1] INFO  server.RaftServerConfigKeys (ConfUtils.java:logGet(43)) - raft.server.log.preallocated.size = 16384 (custom)
2019-10-04 08:46:05,098 [pool-77-thread-1] INFO  server.RaftServerConfigKeys (ConfUtils.java:logGet(43)) - raft.server.log.write.buffer.size = 33554432 (custom)
2019-10-04 08:46:05,099 [pool-77-thread-1] INFO  server.RaftServerConfigKeys (ConfUtils.java:logGet(43)) - raft.server.log.force.sync.num = 128 (default)
2019-10-04 08:46:05,099 [pool-77-thread-1] INFO  server.RaftServerConfigKeys (ConfUtils.java:logGet(43)) - raft.server.log.statemachine.data.sync = true (default)
2019-10-04 08:46:05,099 [pool-77-thread-1] INFO  server.RaftServerConfigKeys (ConfUtils.java:logGet(43)) - raft.server.log.statemachine.data.sync.timeout = 10s (default)
2019-10-04 08:46:05,099 [pool-77-thread-1] INFO  server.RaftServerConfigKeys (ConfUtils.java:logGet(43)) - raft.server.log.statemachine.data.sync.timeout.retry = -1 (default)
2019-10-04 08:46:05,100 [pool-77-thread-1] INFO  server.RaftServerConfigKeys (ConfUtils.java:logGet(43)) - raft.server.log.statemachine.data.caching.enabled = true (custom)
2019-10-04 08:46:05,100 [pool-77-thread-1] INFO  segmented.SegmentedRaftLogWorker (SegmentedRaftLogWorker.java:lambda$new$0(128)) - fe08f3cc-c884-4177-959d-cd08a4a5b8f1@group-665AAF9BEA52-SegmentedRaftLogWorker: flushIndex: setUnconditionally 0 -> -1
2019-10-04 08:46:05,100 [pool-77-thread-1] INFO  server.RaftServerConfigKeys (ConfUtils.java:logGet(43)) - raft.server.snapshot.auto.trigger.enabled = true (custom)
2019-10-04 08:46:05,100 [pool-77-thread-1] INFO  server.RaftServerConfigKeys (ConfUtils.java:logGet(43)) - raft.server.snapshot.auto.trigger.threshold = 10000 (custom)
2019-10-04 08:46:05,100 [pool-77-thread-1] INFO  server.RaftServerConfigKeys (ConfUtils.java:logGet(43)) - raft.server.snapshot.retention.file.num = 5 (custom)
2019-10-04 08:46:05,101 [pool-77-thread-1] INFO  server.RaftServerConfigKeys (ConfUtils.java:logGet(43)) - raft.server.retrycache.expirytime = 600000ms (custom)
2019-10-04 08:46:05,103 [pool-77-thread-1] INFO  impl.RaftServerImpl (RaftServerImpl.java:start(181)) - fe08f3cc-c884-4177-959d-cd08a4a5b8f1@group-665AAF9BEA52: start as a follower, conf=-1: [fe08f3cc-c884-4177-959d-cd08a4a5b8f1:192.168.151.111:32794], old=null
2019-10-04 08:46:05,103 [pool-77-thread-1] INFO  impl.RaftServerImpl (RaftServerImpl.java:setRole(170)) - fe08f3cc-c884-4177-959d-cd08a4a5b8f1@group-665AAF9BEA52: changes role from      null to FOLLOWER at term 0 for startAsFollower
2019-10-04 08:46:05,103 [pool-77-thread-1] INFO  impl.RoleInfo (RoleInfo.java:updateAndGet(143)) - fe08f3cc-c884-4177-959d-cd08a4a5b8f1: start FollowerState
2019-10-04 08:46:05,103 [pool-77-thread-1] INFO  util.JmxRegister (JmxRegister.java:tryRegister(44)) - Successfully registered JMX Bean with object name Ratis:service=RaftServer,group=group-665AAF9BEA52,id=fe08f3cc-c884-4177-959d-cd08a4a5b8f1
2019-10-04 08:46:05,119 [RatisPipelineUtilsThread] INFO  pipeline.PipelineStateManager (PipelineStateManager.java:addPipeline(56)) - Created pipeline Pipeline[ Id: 723c5e0c-4926-4a7c-b46b-665aaf9bea52, Nodes: fe08f3cc-c884-4177-959d-cd08a4a5b8f1{ip: 192.168.151.111, host: pr-hdds-2238-lzxxv-1908806976, networkLocation: /default-rack, certSerialId: null}, Type:RATIS, Factor:ONE, State:OPEN]
2019-10-04 08:46:05,521 [grpc-default-executor-0] INFO  impl.RaftServerProxy (RaftServerProxy.java:addNew(89)) - ce92d9a2-1aaa-467a-9c30-b2880825f0b0: addNew group-DFD47BED9031:[ce92d9a2-1aaa-467a-9c30-b2880825f0b0:192.168.151.111:39542] returns group-DFD47BED9031:java.util.concurrent.CompletableFuture@4798d931[Not completed]
2019-10-04 08:46:05,529 [IPC Server handler 1 on 37126] INFO  volume.OMVolumeCreateRequest (OMVolumeCreateRequest.java:validateAndUpdateCache(193)) - created volume:watchforcommithandlingtest for user:jenkins1000
2019-10-04 08:46:05,566 [pool-67-thread-1] INFO  impl.RaftServerImpl (RaftServerImpl.java:<init>(95)) - ce92d9a2-1aaa-467a-9c30-b2880825f0b0: new RaftServerImpl for group-DFD47BED9031:[ce92d9a2-1aaa-467a-9c30-b2880825f0b0:192.168.151.111:39542] with ContainerStateMachine:uninitialized
2019-10-04 08:46:05,566 [pool-67-thread-1] INFO  server.RaftServerConfigKeys (ConfUtils.java:logGet(43)) - raft.server.rpc.timeout.min = 5s (custom)
2019-10-04 08:46:05,566 [pool-67-thread-1] INFO  server.RaftServerConfigKeys (ConfUtils.java:logGet(43)) - raft.server.rpc.timeout.max = 5200ms (custom)
2019-10-04 08:46:05,567 [pool-67-thread-1] INFO  server.RaftServerConfigKeys (ConfUtils.java:logGet(43)) - raft.server.rpcslowness.timeout = 120s (custom)
2019-10-04 08:46:05,567 [pool-67-thread-1] INFO  server.RaftServerConfigKeys (ConfUtils.java:logGet(43)) - raft.server.sleep.deviation.threshold = 300 (default)
2019-10-04 08:46:05,567 [pool-67-thread-1] INFO  server.RaftServerConfigKeys (ConfUtils.java:logGet(43)) - raft.server.log.appender.install.snapshot.enabled = false (custom)
2019-10-04 08:46:05,567 [pool-67-thread-1] INFO  impl.RaftServerImpl (ServerState.java:<init>(103)) - ce92d9a2-1aaa-467a-9c30-b2880825f0b0@group-DFD47BED9031: ConfigurationManager, init=-1: [ce92d9a2-1aaa-467a-9c30-b2880825f0b0:192.168.151.111:39542], old=null, confs=<EMPTY_MAP>
2019-10-04 08:46:05,568 [pool-67-thread-1] INFO  server.RaftServerConfigKeys (ConfUtils.java:logGet(43)) - raft.server.storage.dir = [/workdir/hadoop-ozone/integration-test/target/test-dir/MiniOzoneClusterImpl-b87a1b95-0ca3-4047-8457-6f6b40dbe18f/datanode-4/data/ratis] (custom)
2019-10-04 08:46:05,568 [pool-67-thread-1] INFO  server.RaftServerConfigKeys (ConfUtils.java:logGet(43)) - raft.server.log.corruption.policy = EXCEPTION (default)
2019-10-04 08:46:05,568 [pool-67-thread-1] INFO  storage.RaftStorageDirectory (RaftStorageDirectory.java:analyzeStorage(246)) - The storage directory /workdir/hadoop-ozone/integration-test/target/test-dir/MiniOzoneClusterImpl-b87a1b95-0ca3-4047-8457-6f6b40dbe18f/datanode-4/data/ratis/c9c8ec0e-15bf-4654-abad-dfd47bed9031 does not exist. Creating ...
2019-10-04 08:46:05,581 [pool-67-thread-1] INFO  storage.RaftStorageDirectory (RaftStorageDirectory.java:tryLock(328)) - Lock on /workdir/hadoop-ozone/integration-test/target/test-dir/MiniOzoneClusterImpl-b87a1b95-0ca3-4047-8457-6f6b40dbe18f/datanode-4/data/ratis/c9c8ec0e-15bf-4654-abad-dfd47bed9031/in_use.lock acquired by nodename 22425@pr-hdds-2238-lzxxv-1908806976
2019-10-04 08:46:05,594 [main] INFO  rpc.RpcClient (RpcClient.java:createBucket(416)) - Creating Bucket: watchforcommithandlingtest/watchforcommithandlingtest, with Versioning false and Storage Type set to DISK and Encryption set to false 
2019-10-04 08:46:05,595 [pool-67-thread-1] INFO  storage.RaftStorage (RaftStorage.java:format(84)) - Storage directory /workdir/hadoop-ozone/integration-test/target/test-dir/MiniOzoneClusterImpl-b87a1b95-0ca3-4047-8457-6f6b40dbe18f/datanode-4/data/ratis/c9c8ec0e-15bf-4654-abad-dfd47bed9031 has been successfully formatted.
2019-10-04 08:46:05,597 [pool-67-thread-1] INFO  ratis.ContainerStateMachine (ContainerStateMachine.java:loadSnapshot(230)) - group-DFD47BED9031: The snapshot info is null. Setting the last applied indexto:(t:0, i:~)
2019-10-04 08:46:05,610 [pool-67-thread-1] INFO  server.RaftServerConfigKeys (ConfUtils.java:logGet(43)) - raft.server.notification.no-leader.timeout = 120s (custom)
2019-10-04 08:46:05,610 [pool-67-thread-1] INFO  server.RaftServerConfigKeys (ConfUtils.java:logGet(43)) - raft.server.log.use.memory = false (default)
2019-10-04 08:46:05,611 [pool-67-thread-1] INFO  server.RaftServerConfigKeys (ConfUtils.java:logGet(43)) - raft.server.log.purge.gap = 1000000 (custom)
2019-10-04 08:46:05,611 [pool-67-thread-1] INFO  server.RaftServerConfigKeys (ConfUtils.java:logGet(43)) - raft.server.log.appender.buffer.byte-limit = 33554432 (custom)
2019-10-04 08:46:05,611 [pool-67-thread-1] INFO  server.RaftServerConfigKeys (ConfUtils.java:logGet(43)) - raft.server.log.segment.size.max = 1048576 (custom)
2019-10-04 08:46:05,615 [pool-67-thread-1] INFO  server.RaftServerConfigKeys (ConfUtils.java:logGet(43)) - raft.server.log.segment.cache.num.max = 2 (custom)
2019-10-04 08:46:05,616 [pool-67-thread-1] INFO  segmented.SegmentedRaftLogWorker (SegmentedRaftLogWorker.java:<init>(173)) - new ce92d9a2-1aaa-467a-9c30-b2880825f0b0@group-DFD47BED9031-SegmentedRaftLogWorker for RaftStorage:Storage Directory /workdir/hadoop-ozone/integration-test/target/test-dir/MiniOzoneClusterImpl-b87a1b95-0ca3-4047-8457-6f6b40dbe18f/datanode-4/data/ratis/c9c8ec0e-15bf-4654-abad-dfd47bed9031
2019-10-04 08:46:05,616 [pool-67-thread-1] INFO  server.RaftServerConfigKeys (ConfUtils.java:logGet(43)) - raft.server.log.queue.byte-limit = 2147483647 (custom)
2019-10-04 08:46:05,617 [pool-67-thread-1] INFO  server.RaftServerConfigKeys (ConfUtils.java:logGet(43)) - raft.server.log.queue.element-limit = 1024 (custom)
2019-10-04 08:46:05,618 [pool-67-thread-1] INFO  server.RaftServerConfigKeys (ConfUtils.java:logGet(43)) - raft.server.log.segment.size.max = 1048576 (custom)
2019-10-04 08:46:05,618 [pool-67-thread-1] INFO  server.RaftServerConfigKeys (ConfUtils.java:logGet(43)) - raft.server.log.preallocated.size = 16384 (custom)
2019-10-04 08:46:05,618 [pool-67-thread-1] INFO  server.RaftServerConfigKeys (ConfUtils.java:logGet(43)) - raft.server.log.write.buffer.size = 33554432 (custom)
2019-10-04 08:46:05,618 [pool-67-thread-1] INFO  server.RaftServerConfigKeys (ConfUtils.java:logGet(43)) - raft.server.log.force.sync.num = 128 (default)
2019-10-04 08:46:05,619 [pool-67-thread-1] INFO  server.RaftServerConfigKeys (ConfUtils.java:logGet(43)) - raft.server.log.statemachine.data.sync = true (default)
2019-10-04 08:46:05,619 [pool-67-thread-1] INFO  server.RaftServerConfigKeys (ConfUtils.java:logGet(43)) - raft.server.log.statemachine.data.sync.timeout = 10s (default)
2019-10-04 08:46:05,619 [pool-67-thread-1] INFO  server.RaftServerConfigKeys (ConfUtils.java:logGet(43)) - raft.server.log.statemachine.data.sync.timeout.retry = -1 (default)
2019-10-04 08:46:05,621 [pool-67-thread-1] INFO  server.RaftServerConfigKeys (ConfUtils.java:logGet(43)) - raft.server.log.statemachine.data.caching.enabled = true (custom)
2019-10-04 08:46:05,622 [pool-67-thread-1] INFO  segmented.SegmentedRaftLogWorker (SegmentedRaftLogWorker.java:lambda$new$0(128)) - ce92d9a2-1aaa-467a-9c30-b2880825f0b0@group-DFD47BED9031-SegmentedRaftLogWorker: flushIndex: setUnconditionally 0 -> -1
2019-10-04 08:46:05,622 [pool-67-thread-1] INFO  server.RaftServerConfigKeys (ConfUtils.java:logGet(43)) - raft.server.snapshot.auto.trigger.enabled = true (custom)
2019-10-04 08:46:05,622 [pool-67-thread-1] INFO  server.RaftServerConfigKeys (ConfUtils.java:logGet(43)) - raft.server.snapshot.auto.trigger.threshold = 10000 (custom)
2019-10-04 08:46:05,622 [pool-67-thread-1] INFO  server.RaftServerConfigKeys (ConfUtils.java:logGet(43)) - raft.server.snapshot.retention.file.num = 5 (custom)
2019-10-04 08:46:05,623 [pool-67-thread-1] INFO  server.RaftServerConfigKeys (ConfUtils.java:logGet(43)) - raft.server.retrycache.expirytime = 600000ms (custom)
2019-10-04 08:46:05,627 [pool-67-thread-1] INFO  impl.RaftServerImpl (RaftServerImpl.java:start(181)) - ce92d9a2-1aaa-467a-9c30-b2880825f0b0@group-DFD47BED9031: start as a follower, conf=-1: [ce92d9a2-1aaa-467a-9c30-b2880825f0b0:192.168.151.111:39542], old=null
2019-10-04 08:46:05,628 [pool-67-thread-1] INFO  impl.RaftServerImpl (RaftServerImpl.java:setRole(170)) - ce92d9a2-1aaa-467a-9c30-b2880825f0b0@group-DFD47BED9031: changes role from      null to FOLLOWER at term 0 for startAsFollower
2019-10-04 08:46:05,628 [pool-67-thread-1] INFO  impl.RoleInfo (RoleInfo.java:updateAndGet(143)) - ce92d9a2-1aaa-467a-9c30-b2880825f0b0: start FollowerState
2019-10-04 08:46:05,629 [pool-67-thread-1] INFO  util.JmxRegister (JmxRegister.java:tryRegister(44)) - Successfully registered JMX Bean with object name Ratis:service=RaftServer,group=group-DFD47BED9031,id=ce92d9a2-1aaa-467a-9c30-b2880825f0b0
2019-10-04 08:46:05,638 [main] INFO  ozone.MiniOzoneClusterImpl (MiniOzoneClusterImpl.java:getStorageContainerLocationClient(234)) - Creating StorageContainerLocationProtocol RPC client with address /0.0.0.0:38793
2019-10-04 08:46:05,647 [RatisPipelineUtilsThread] INFO  pipeline.PipelineStateManager (PipelineStateManager.java:addPipeline(56)) - Created pipeline Pipeline[ Id: c9c8ec0e-15bf-4654-abad-dfd47bed9031, Nodes: ce92d9a2-1aaa-467a-9c30-b2880825f0b0{ip: 192.168.151.111, host: pr-hdds-2238-lzxxv-1908806976, networkLocation: /default-rack, certSerialId: null}, Type:RATIS, Factor:ONE, State:OPEN]
2019-10-04 08:46:05,684 [grpc-default-executor-1] INFO  impl.RaftServerProxy (RaftServerProxy.java:addNew(89)) - 20cc1711-a1c6-4681-b1da-72967494da33: addNew group-FA642F1BFB49:[7f562cf2-a919-4f6a-a3b2-da45eba29cb3:192.168.151.111:33119, 20cc1711-a1c6-4681-b1da-72967494da33:192.168.151.111:44316, cb198935-4283-48d8-a451-673d5bcc91a7:192.168.151.111:34742] returns group-FA642F1BFB49:java.util.concurrent.CompletableFuture@38121693[Not completed]
2019-10-04 08:46:05,684 [grpc-default-executor-2] INFO  impl.RaftServerProxy (RaftServerProxy.java:addNew(89)) - 7f562cf2-a919-4f6a-a3b2-da45eba29cb3: addNew group-FA642F1BFB49:[7f562cf2-a919-4f6a-a3b2-da45eba29cb3:192.168.151.111:33119, 20cc1711-a1c6-4681-b1da-72967494da33:192.168.151.111:44316, cb198935-4283-48d8-a451-673d5bcc91a7:192.168.151.111:34742] returns group-FA642F1BFB49:java.util.concurrent.CompletableFuture@3ef91f2[Not completed]
2019-10-04 08:46:05,687 [grpc-default-executor-1] INFO  impl.RaftServerProxy (RaftServerProxy.java:addNew(89)) - cb198935-4283-48d8-a451-673d5bcc91a7: addNew group-FA642F1BFB49:[7f562cf2-a919-4f6a-a3b2-da45eba29cb3:192.168.151.111:33119, 20cc1711-a1c6-4681-b1da-72967494da33:192.168.151.111:44316, cb198935-4283-48d8-a451-673d5bcc91a7:192.168.151.111:34742] returns group-FA642F1BFB49:java.util.concurrent.CompletableFuture@3c2d9549[Not completed]
2019-10-04 08:46:05,688 [pool-37-thread-1] INFO  impl.RaftServerImpl (RaftServerImpl.java:<init>(95)) - 20cc1711-a1c6-4681-b1da-72967494da33: new RaftServerImpl for group-FA642F1BFB49:[7f562cf2-a919-4f6a-a3b2-da45eba29cb3:192.168.151.111:33119, 20cc1711-a1c6-4681-b1da-72967494da33:192.168.151.111:44316, cb198935-4283-48d8-a451-673d5bcc91a7:192.168.151.111:34742] with ContainerStateMachine:uninitialized
2019-10-04 08:46:05,688 [pool-37-thread-1] INFO  server.RaftServerConfigKeys (ConfUtils.java:logGet(43)) - raft.server.rpc.timeout.min = 5s (custom)
2019-10-04 08:46:05,688 [pool-37-thread-1] INFO  server.RaftServerConfigKeys (ConfUtils.java:logGet(43)) - raft.server.rpc.timeout.max = 5200ms (custom)
2019-10-04 08:46:05,688 [pool-37-thread-1] INFO  server.RaftServerConfigKeys (ConfUtils.java:logGet(43)) - raft.server.rpcslowness.timeout = 120s (custom)
2019-10-04 08:46:05,688 [pool-37-thread-1] INFO  server.RaftServerConfigKeys (ConfUtils.java:logGet(43)) - raft.server.sleep.deviation.threshold = 300 (default)
2019-10-04 08:46:05,688 [pool-37-thread-1] INFO  server.RaftServerConfigKeys (ConfUtils.java:logGet(43)) - raft.server.log.appender.install.snapshot.enabled = false (custom)
2019-10-04 08:46:05,688 [pool-37-thread-1] INFO  impl.RaftServerImpl (ServerState.java:<init>(103)) - 20cc1711-a1c6-4681-b1da-72967494da33@group-FA642F1BFB49: ConfigurationManager, init=-1: [7f562cf2-a919-4f6a-a3b2-da45eba29cb3:192.168.151.111:33119, 20cc1711-a1c6-4681-b1da-72967494da33:192.168.151.111:44316, cb198935-4283-48d8-a451-673d5bcc91a7:192.168.151.111:34742], old=null, confs=<EMPTY_MAP>
2019-10-04 08:46:05,689 [pool-37-thread-1] INFO  server.RaftServerConfigKeys (ConfUtils.java:logGet(43)) - raft.server.storage.dir = [/workdir/hadoop-ozone/integration-test/target/test-dir/MiniOzoneClusterImpl-b87a1b95-0ca3-4047-8457-6f6b40dbe18f/datanode-1/data/ratis] (custom)
2019-10-04 08:46:05,689 [pool-57-thread-1] INFO  impl.RaftServerImpl (RaftServerImpl.java:<init>(95)) - 7f562cf2-a919-4f6a-a3b2-da45eba29cb3: new RaftServerImpl for group-FA642F1BFB49:[7f562cf2-a919-4f6a-a3b2-da45eba29cb3:192.168.151.111:33119, 20cc1711-a1c6-4681-b1da-72967494da33:192.168.151.111:44316, cb198935-4283-48d8-a451-673d5bcc91a7:192.168.151.111:34742] with ContainerStateMachine:uninitialized
2019-10-04 08:46:05,689 [pool-57-thread-1] INFO  server.RaftServerConfigKeys (ConfUtils.java:logGet(43)) - raft.server.rpc.timeout.min = 5s (custom)
2019-10-04 08:46:05,689 [pool-37-thread-1] INFO  server.RaftServerConfigKeys (ConfUtils.java:logGet(43)) - raft.server.log.corruption.policy = EXCEPTION (default)
2019-10-04 08:46:05,689 [pool-57-thread-1] INFO  server.RaftServerConfigKeys (ConfUtils.java:logGet(43)) - raft.server.rpc.timeout.max = 5200ms (custom)
2019-10-04 08:46:05,689 [pool-37-thread-1] INFO  storage.RaftStorageDirectory (RaftStorageDirectory.java:analyzeStorage(246)) - The storage directory /workdir/hadoop-ozone/integration-test/target/test-dir/MiniOzoneClusterImpl-b87a1b95-0ca3-4047-8457-6f6b40dbe18f/datanode-1/data/ratis/0095b97f-1054-41ce-8a59-fa642f1bfb49 does not exist. Creating ...
2019-10-04 08:46:05,689 [pool-57-thread-1] INFO  server.RaftServerConfigKeys (ConfUtils.java:logGet(43)) - raft.server.rpcslowness.timeout = 120s (custom)
2019-10-04 08:46:05,689 [pool-57-thread-1] INFO  server.RaftServerConfigKeys (ConfUtils.java:logGet(43)) - raft.server.sleep.deviation.threshold = 300 (default)
2019-10-04 08:46:05,689 [pool-57-thread-1] INFO  server.RaftServerConfigKeys (ConfUtils.java:logGet(43)) - raft.server.log.appender.install.snapshot.enabled = false (custom)
2019-10-04 08:46:05,690 [pool-57-thread-1] INFO  impl.RaftServerImpl (ServerState.java:<init>(103)) - 7f562cf2-a919-4f6a-a3b2-da45eba29cb3@group-FA642F1BFB49: ConfigurationManager, init=-1: [7f562cf2-a919-4f6a-a3b2-da45eba29cb3:192.168.151.111:33119, 20cc1711-a1c6-4681-b1da-72967494da33:192.168.151.111:44316, cb198935-4283-48d8-a451-673d5bcc91a7:192.168.151.111:34742], old=null, confs=<EMPTY_MAP>
2019-10-04 08:46:05,690 [pool-57-thread-1] INFO  server.RaftServerConfigKeys (ConfUtils.java:logGet(43)) - raft.server.storage.dir = [/workdir/hadoop-ozone/integration-test/target/test-dir/MiniOzoneClusterImpl-b87a1b95-0ca3-4047-8457-6f6b40dbe18f/datanode-3/data/ratis] (custom)
2019-10-04 08:46:05,690 [pool-87-thread-1] INFO  impl.RaftServerImpl (RaftServerImpl.java:<init>(95)) - cb198935-4283-48d8-a451-673d5bcc91a7: new RaftServerImpl for group-FA642F1BFB49:[7f562cf2-a919-4f6a-a3b2-da45eba29cb3:192.168.151.111:33119, 20cc1711-a1c6-4681-b1da-72967494da33:192.168.151.111:44316, cb198935-4283-48d8-a451-673d5bcc91a7:192.168.151.111:34742] with ContainerStateMachine:uninitialized
2019-10-04 08:46:05,690 [pool-57-thread-1] INFO  server.RaftServerConfigKeys (ConfUtils.java:logGet(43)) - raft.server.log.corruption.policy = EXCEPTION (default)
2019-10-04 08:46:05,690 [pool-87-thread-1] INFO  server.RaftServerConfigKeys (ConfUtils.java:logGet(43)) - raft.server.rpc.timeout.min = 5s (custom)
2019-10-04 08:46:05,690 [pool-57-thread-1] INFO  storage.RaftStorageDirectory (RaftStorageDirectory.java:analyzeStorage(246)) - The storage directory /workdir/hadoop-ozone/integration-test/target/test-dir/MiniOzoneClusterImpl-b87a1b95-0ca3-4047-8457-6f6b40dbe18f/datanode-3/data/ratis/0095b97f-1054-41ce-8a59-fa642f1bfb49 does not exist. Creating ...
2019-10-04 08:46:05,690 [pool-87-thread-1] INFO  server.RaftServerConfigKeys (ConfUtils.java:logGet(43)) - raft.server.rpc.timeout.max = 5200ms (custom)
2019-10-04 08:46:05,691 [pool-87-thread-1] INFO  server.RaftServerConfigKeys (ConfUtils.java:logGet(43)) - raft.server.rpcslowness.timeout = 120s (custom)
2019-10-04 08:46:05,691 [pool-87-thread-1] INFO  server.RaftServerConfigKeys (ConfUtils.java:logGet(43)) - raft.server.sleep.deviation.threshold = 300 (default)
2019-10-04 08:46:05,691 [pool-87-thread-1] INFO  server.RaftServerConfigKeys (ConfUtils.java:logGet(43)) - raft.server.log.appender.install.snapshot.enabled = false (custom)
2019-10-04 08:46:05,691 [pool-87-thread-1] INFO  impl.RaftServerImpl (ServerState.java:<init>(103)) - cb198935-4283-48d8-a451-673d5bcc91a7@group-FA642F1BFB49: ConfigurationManager, init=-1: [7f562cf2-a919-4f6a-a3b2-da45eba29cb3:192.168.151.111:33119, 20cc1711-a1c6-4681-b1da-72967494da33:192.168.151.111:44316, cb198935-4283-48d8-a451-673d5bcc91a7:192.168.151.111:34742], old=null, confs=<EMPTY_MAP>
2019-10-04 08:46:05,692 [pool-87-thread-1] INFO  server.RaftServerConfigKeys (ConfUtils.java:logGet(43)) - raft.server.storage.dir = [/workdir/hadoop-ozone/integration-test/target/test-dir/MiniOzoneClusterImpl-b87a1b95-0ca3-4047-8457-6f6b40dbe18f/datanode-6/data/ratis] (custom)
2019-10-04 08:46:05,692 [pool-87-thread-1] INFO  server.RaftServerConfigKeys (ConfUtils.java:logGet(43)) - raft.server.log.corruption.policy = EXCEPTION (default)
2019-10-04 08:46:05,692 [pool-87-thread-1] INFO  storage.RaftStorageDirectory (RaftStorageDirectory.java:analyzeStorage(246)) - The storage directory /workdir/hadoop-ozone/integration-test/target/test-dir/MiniOzoneClusterImpl-b87a1b95-0ca3-4047-8457-6f6b40dbe18f/datanode-6/data/ratis/0095b97f-1054-41ce-8a59-fa642f1bfb49 does not exist. Creating ...
2019-10-04 08:46:05,703 [pool-57-thread-1] INFO  storage.RaftStorageDirectory (RaftStorageDirectory.java:tryLock(328)) - Lock on /workdir/hadoop-ozone/integration-test/target/test-dir/MiniOzoneClusterImpl-b87a1b95-0ca3-4047-8457-6f6b40dbe18f/datanode-3/data/ratis/0095b97f-1054-41ce-8a59-fa642f1bfb49/in_use.lock acquired by nodename 22425@pr-hdds-2238-lzxxv-1908806976
2019-10-04 08:46:05,703 [pool-87-thread-1] INFO  storage.RaftStorageDirectory (RaftStorageDirectory.java:tryLock(328)) - Lock on /workdir/hadoop-ozone/integration-test/target/test-dir/MiniOzoneClusterImpl-b87a1b95-0ca3-4047-8457-6f6b40dbe18f/datanode-6/data/ratis/0095b97f-1054-41ce-8a59-fa642f1bfb49/in_use.lock acquired by nodename 22425@pr-hdds-2238-lzxxv-1908806976
2019-10-04 08:46:05,703 [pool-37-thread-1] INFO  storage.RaftStorageDirectory (RaftStorageDirectory.java:tryLock(328)) - Lock on /workdir/hadoop-ozone/integration-test/target/test-dir/MiniOzoneClusterImpl-b87a1b95-0ca3-4047-8457-6f6b40dbe18f/datanode-1/data/ratis/0095b97f-1054-41ce-8a59-fa642f1bfb49/in_use.lock acquired by nodename 22425@pr-hdds-2238-lzxxv-1908806976
2019-10-04 08:46:05,716 [pool-57-thread-1] INFO  storage.RaftStorage (RaftStorage.java:format(84)) - Storage directory /workdir/hadoop-ozone/integration-test/target/test-dir/MiniOzoneClusterImpl-b87a1b95-0ca3-4047-8457-6f6b40dbe18f/datanode-3/data/ratis/0095b97f-1054-41ce-8a59-fa642f1bfb49 has been successfully formatted.
2019-10-04 08:46:05,716 [pool-37-thread-1] INFO  storage.RaftStorage (RaftStorage.java:format(84)) - Storage directory /workdir/hadoop-ozone/integration-test/target/test-dir/MiniOzoneClusterImpl-b87a1b95-0ca3-4047-8457-6f6b40dbe18f/datanode-1/data/ratis/0095b97f-1054-41ce-8a59-fa642f1bfb49 has been successfully formatted.
2019-10-04 08:46:05,717 [pool-57-thread-1] INFO  ratis.ContainerStateMachine (ContainerStateMachine.java:loadSnapshot(230)) - group-FA642F1BFB49: The snapshot info is null. Setting the last applied indexto:(t:0, i:~)
2019-10-04 08:46:05,716 [pool-87-thread-1] INFO  storage.RaftStorage (RaftStorage.java:format(84)) - Storage directory /workdir/hadoop-ozone/integration-test/target/test-dir/MiniOzoneClusterImpl-b87a1b95-0ca3-4047-8457-6f6b40dbe18f/datanode-6/data/ratis/0095b97f-1054-41ce-8a59-fa642f1bfb49 has been successfully formatted.
2019-10-04 08:46:05,717 [pool-37-thread-1] INFO  ratis.ContainerStateMachine (ContainerStateMachine.java:loadSnapshot(230)) - group-FA642F1BFB49: The snapshot info is null. Setting the last applied indexto:(t:0, i:~)
2019-10-04 08:46:05,717 [pool-57-thread-1] INFO  server.RaftServerConfigKeys (ConfUtils.java:logGet(43)) - raft.server.notification.no-leader.timeout = 120s (custom)
2019-10-04 08:46:05,717 [pool-37-thread-1] INFO  server.RaftServerConfigKeys (ConfUtils.java:logGet(43)) - raft.server.notification.no-leader.timeout = 120s (custom)
2019-10-04 08:46:05,717 [pool-87-thread-1] INFO  ratis.ContainerStateMachine (ContainerStateMachine.java:loadSnapshot(230)) - group-FA642F1BFB49: The snapshot info is null. Setting the last applied indexto:(t:0, i:~)
2019-10-04 08:46:05,717 [pool-37-thread-1] INFO  server.RaftServerConfigKeys (ConfUtils.java:logGet(43)) - raft.server.log.use.memory = false (default)
2019-10-04 08:46:05,717 [pool-57-thread-1] INFO  server.RaftServerConfigKeys (ConfUtils.java:logGet(43)) - raft.server.log.use.memory = false (default)
2019-10-04 08:46:05,717 [pool-37-thread-1] INFO  server.RaftServerConfigKeys (ConfUtils.java:logGet(43)) - raft.server.log.purge.gap = 1000000 (custom)
2019-10-04 08:46:05,717 [pool-87-thread-1] INFO  server.RaftServerConfigKeys (ConfUtils.java:logGet(43)) - raft.server.notification.no-leader.timeout = 120s (custom)
2019-10-04 08:46:05,718 [pool-37-thread-1] INFO  server.RaftServerConfigKeys (ConfUtils.java:logGet(43)) - raft.server.log.appender.buffer.byte-limit = 33554432 (custom)
2019-10-04 08:46:05,718 [pool-57-thread-1] INFO  server.RaftServerConfigKeys (ConfUtils.java:logGet(43)) - raft.server.log.purge.gap = 1000000 (custom)
2019-10-04 08:46:05,718 [pool-37-thread-1] INFO  server.RaftServerConfigKeys (ConfUtils.java:logGet(43)) - raft.server.log.segment.size.max = 1048576 (custom)
2019-10-04 08:46:05,718 [pool-87-thread-1] INFO  server.RaftServerConfigKeys (ConfUtils.java:logGet(43)) - raft.server.log.use.memory = false (default)
2019-10-04 08:46:05,718 [pool-57-thread-1] INFO  server.RaftServerConfigKeys (ConfUtils.java:logGet(43)) - raft.server.log.appender.buffer.byte-limit = 33554432 (custom)
2019-10-04 08:46:05,718 [pool-87-thread-1] INFO  server.RaftServerConfigKeys (ConfUtils.java:logGet(43)) - raft.server.log.purge.gap = 1000000 (custom)
2019-10-04 08:46:05,718 [pool-37-thread-1] INFO  server.RaftServerConfigKeys (ConfUtils.java:logGet(43)) - raft.server.log.segment.cache.num.max = 2 (custom)
2019-10-04 08:46:05,718 [pool-87-thread-1] INFO  server.RaftServerConfigKeys (ConfUtils.java:logGet(43)) - raft.server.log.appender.buffer.byte-limit = 33554432 (custom)
2019-10-04 08:46:05,718 [pool-57-thread-1] INFO  server.RaftServerConfigKeys (ConfUtils.java:logGet(43)) - raft.server.log.segment.size.max = 1048576 (custom)
2019-10-04 08:46:05,719 [pool-87-thread-1] INFO  server.RaftServerConfigKeys (ConfUtils.java:logGet(43)) - raft.server.log.segment.size.max = 1048576 (custom)
2019-10-04 08:46:05,719 [pool-37-thread-1] INFO  segmented.SegmentedRaftLogWorker (SegmentedRaftLogWorker.java:<init>(173)) - new 20cc1711-a1c6-4681-b1da-72967494da33@group-FA642F1BFB49-SegmentedRaftLogWorker for RaftStorage:Storage Directory /workdir/hadoop-ozone/integration-test/target/test-dir/MiniOzoneClusterImpl-b87a1b95-0ca3-4047-8457-6f6b40dbe18f/datanode-1/data/ratis/0095b97f-1054-41ce-8a59-fa642f1bfb49
2019-10-04 08:46:05,719 [pool-87-thread-1] INFO  server.RaftServerConfigKeys (ConfUtils.java:logGet(43)) - raft.server.log.segment.cache.num.max = 2 (custom)
2019-10-04 08:46:05,719 [pool-57-thread-1] INFO  server.RaftServerConfigKeys (ConfUtils.java:logGet(43)) - raft.server.log.segment.cache.num.max = 2 (custom)
2019-10-04 08:46:05,719 [pool-87-thread-1] INFO  segmented.SegmentedRaftLogWorker (SegmentedRaftLogWorker.java:<init>(173)) - new cb198935-4283-48d8-a451-673d5bcc91a7@group-FA642F1BFB49-SegmentedRaftLogWorker for RaftStorage:Storage Directory /workdir/hadoop-ozone/integration-test/target/test-dir/MiniOzoneClusterImpl-b87a1b95-0ca3-4047-8457-6f6b40dbe18f/datanode-6/data/ratis/0095b97f-1054-41ce-8a59-fa642f1bfb49
2019-10-04 08:46:05,719 [pool-37-thread-1] INFO  server.RaftServerConfigKeys (ConfUtils.java:logGet(43)) - raft.server.log.queue.byte-limit = 2147483647 (custom)
2019-10-04 08:46:05,719 [pool-87-thread-1] INFO  server.RaftServerConfigKeys (ConfUtils.java:logGet(43)) - raft.server.log.queue.byte-limit = 2147483647 (custom)
2019-10-04 08:46:05,719 [pool-57-thread-1] INFO  segmented.SegmentedRaftLogWorker (SegmentedRaftLogWorker.java:<init>(173)) - new 7f562cf2-a919-4f6a-a3b2-da45eba29cb3@group-FA642F1BFB49-SegmentedRaftLogWorker for RaftStorage:Storage Directory /workdir/hadoop-ozone/integration-test/target/test-dir/MiniOzoneClusterImpl-b87a1b95-0ca3-4047-8457-6f6b40dbe18f/datanode-3/data/ratis/0095b97f-1054-41ce-8a59-fa642f1bfb49
2019-10-04 08:46:05,720 [pool-87-thread-1] INFO  server.RaftServerConfigKeys (ConfUtils.java:logGet(43)) - raft.server.log.queue.element-limit = 1024 (custom)
2019-10-04 08:46:05,720 [pool-37-thread-1] INFO  server.RaftServerConfigKeys (ConfUtils.java:logGet(43)) - raft.server.log.queue.element-limit = 1024 (custom)
2019-10-04 08:46:05,720 [pool-87-thread-1] INFO  server.RaftServerConfigKeys (ConfUtils.java:logGet(43)) - raft.server.log.segment.size.max = 1048576 (custom)
2019-10-04 08:46:05,720 [pool-57-thread-1] INFO  server.RaftServerConfigKeys (ConfUtils.java:logGet(43)) - raft.server.log.queue.byte-limit = 2147483647 (custom)
2019-10-04 08:46:05,720 [pool-87-thread-1] INFO  server.RaftServerConfigKeys (ConfUtils.java:logGet(43)) - raft.server.log.preallocated.size = 16384 (custom)
2019-10-04 08:46:05,720 [pool-37-thread-1] INFO  server.RaftServerConfigKeys (ConfUtils.java:logGet(43)) - raft.server.log.segment.size.max = 1048576 (custom)
2019-10-04 08:46:05,720 [pool-87-thread-1] INFO  server.RaftServerConfigKeys (ConfUtils.java:logGet(43)) - raft.server.log.write.buffer.size = 33554432 (custom)
2019-10-04 08:46:05,720 [pool-57-thread-1] INFO  server.RaftServerConfigKeys (ConfUtils.java:logGet(43)) - raft.server.log.queue.element-limit = 1024 (custom)
2019-10-04 08:46:05,720 [pool-87-thread-1] INFO  server.RaftServerConfigKeys (ConfUtils.java:logGet(43)) - raft.server.log.force.sync.num = 128 (default)
2019-10-04 08:46:05,720 [pool-37-thread-1] INFO  server.RaftServerConfigKeys (ConfUtils.java:logGet(43)) - raft.server.log.preallocated.size = 16384 (custom)
2019-10-04 08:46:05,721 [pool-87-thread-1] INFO  server.RaftServerConfigKeys (ConfUtils.java:logGet(43)) - raft.server.log.statemachine.data.sync = true (default)
2019-10-04 08:46:05,721 [pool-57-thread-1] INFO  server.RaftServerConfigKeys (ConfUtils.java:logGet(43)) - raft.server.log.segment.size.max = 1048576 (custom)
2019-10-04 08:46:05,721 [pool-87-thread-1] INFO  server.RaftServerConfigKeys (ConfUtils.java:logGet(43)) - raft.server.log.statemachine.data.sync.timeout = 10s (default)
2019-10-04 08:46:05,721 [pool-37-thread-1] INFO  server.RaftServerConfigKeys (ConfUtils.java:logGet(43)) - raft.server.log.write.buffer.size = 33554432 (custom)
2019-10-04 08:46:05,721 [pool-87-thread-1] INFO  server.RaftServerConfigKeys (ConfUtils.java:logGet(43)) - raft.server.log.statemachine.data.sync.timeout.retry = -1 (default)
2019-10-04 08:46:05,721 [pool-57-thread-1] INFO  server.RaftServerConfigKeys (ConfUtils.java:logGet(43)) - raft.server.log.preallocated.size = 16384 (custom)
2019-10-04 08:46:05,721 [pool-87-thread-1] INFO  server.RaftServerConfigKeys (ConfUtils.java:logGet(43)) - raft.server.log.statemachine.data.caching.enabled = true (custom)
2019-10-04 08:46:05,722 [pool-57-thread-1] INFO  server.RaftServerConfigKeys (ConfUtils.java:logGet(43)) - raft.server.log.write.buffer.size = 33554432 (custom)
2019-10-04 08:46:05,721 [pool-37-thread-1] INFO  server.RaftServerConfigKeys (ConfUtils.java:logGet(43)) - raft.server.log.force.sync.num = 128 (default)
2019-10-04 08:46:05,722 [pool-87-thread-1] INFO  segmented.SegmentedRaftLogWorker (SegmentedRaftLogWorker.java:lambda$new$0(128)) - cb198935-4283-48d8-a451-673d5bcc91a7@group-FA642F1BFB49-SegmentedRaftLogWorker: flushIndex: setUnconditionally 0 -> -1
2019-10-04 08:46:05,722 [pool-57-thread-1] INFO  server.RaftServerConfigKeys (ConfUtils.java:logGet(43)) - raft.server.log.force.sync.num = 128 (default)
2019-10-04 08:46:05,722 [pool-37-thread-1] INFO  server.RaftServerConfigKeys (ConfUtils.java:logGet(43)) - raft.server.log.statemachine.data.sync = true (default)
2019-10-04 08:46:05,722 [pool-87-thread-1] INFO  server.RaftServerConfigKeys (ConfUtils.java:logGet(43)) - raft.server.snapshot.auto.trigger.enabled = true (custom)
2019-10-04 08:46:05,722 [pool-37-thread-1] INFO  server.RaftServerConfigKeys (ConfUtils.java:logGet(43)) - raft.server.log.statemachine.data.sync.timeout = 10s (default)
2019-10-04 08:46:05,722 [pool-57-thread-1] INFO  server.RaftServerConfigKeys (ConfUtils.java:logGet(43)) - raft.server.log.statemachine.data.sync = true (default)
2019-10-04 08:46:05,723 [pool-37-thread-1] INFO  server.RaftServerConfigKeys (ConfUtils.java:logGet(43)) - raft.server.log.statemachine.data.sync.timeout.retry = -1 (default)
2019-10-04 08:46:05,722 [pool-87-thread-1] INFO  server.RaftServerConfigKeys (ConfUtils.java:logGet(43)) - raft.server.snapshot.auto.trigger.threshold = 10000 (custom)
2019-10-04 08:46:05,723 [pool-57-thread-1] INFO  server.RaftServerConfigKeys (ConfUtils.java:logGet(43)) - raft.server.log.statemachine.data.sync.timeout = 10s (default)
2019-10-04 08:46:05,723 [pool-37-thread-1] INFO  server.RaftServerConfigKeys (ConfUtils.java:logGet(43)) - raft.server.log.statemachine.data.caching.enabled = true (custom)
2019-10-04 08:46:05,723 [pool-87-thread-1] INFO  server.RaftServerConfigKeys (ConfUtils.java:logGet(43)) - raft.server.snapshot.retention.file.num = 5 (custom)
2019-10-04 08:46:05,723 [pool-57-thread-1] INFO  server.RaftServerConfigKeys (ConfUtils.java:logGet(43)) - raft.server.log.statemachine.data.sync.timeout.retry = -1 (default)
2019-10-04 08:46:05,723 [pool-87-thread-1] INFO  server.RaftServerConfigKeys (ConfUtils.java:logGet(43)) - raft.server.retrycache.expirytime = 600000ms (custom)
2019-10-04 08:46:05,723 [pool-57-thread-1] INFO  server.RaftServerConfigKeys (ConfUtils.java:logGet(43)) - raft.server.log.statemachine.data.caching.enabled = true (custom)
2019-10-04 08:46:05,723 [pool-37-thread-1] INFO  segmented.SegmentedRaftLogWorker (SegmentedRaftLogWorker.java:lambda$new$0(128)) - 20cc1711-a1c6-4681-b1da-72967494da33@group-FA642F1BFB49-SegmentedRaftLogWorker: flushIndex: setUnconditionally 0 -> -1
2019-10-04 08:46:05,724 [pool-57-thread-1] INFO  segmented.SegmentedRaftLogWorker (SegmentedRaftLogWorker.java:lambda$new$0(128)) - 7f562cf2-a919-4f6a-a3b2-da45eba29cb3@group-FA642F1BFB49-SegmentedRaftLogWorker: flushIndex: setUnconditionally 0 -> -1
2019-10-04 08:46:05,724 [pool-37-thread-1] INFO  server.RaftServerConfigKeys (ConfUtils.java:logGet(43)) - raft.server.snapshot.auto.trigger.enabled = true (custom)
2019-10-04 08:46:05,724 [pool-57-thread-1] INFO  server.RaftServerConfigKeys (ConfUtils.java:logGet(43)) - raft.server.snapshot.auto.trigger.enabled = true (custom)
2019-10-04 08:46:05,724 [pool-37-thread-1] INFO  server.RaftServerConfigKeys (ConfUtils.java:logGet(43)) - raft.server.snapshot.auto.trigger.threshold = 10000 (custom)
2019-10-04 08:46:05,724 [pool-57-thread-1] INFO  server.RaftServerConfigKeys (ConfUtils.java:logGet(43)) - raft.server.snapshot.auto.trigger.threshold = 10000 (custom)
2019-10-04 08:46:05,724 [pool-37-thread-1] INFO  server.RaftServerConfigKeys (ConfUtils.java:logGet(43)) - raft.server.snapshot.retention.file.num = 5 (custom)
2019-10-04 08:46:05,724 [pool-57-thread-1] INFO  server.RaftServerConfigKeys (ConfUtils.java:logGet(43)) - raft.server.snapshot.retention.file.num = 5 (custom)
2019-10-04 08:46:05,725 [pool-37-thread-1] INFO  server.RaftServerConfigKeys (ConfUtils.java:logGet(43)) - raft.server.retrycache.expirytime = 600000ms (custom)
2019-10-04 08:46:05,725 [pool-57-thread-1] INFO  server.RaftServerConfigKeys (ConfUtils.java:logGet(43)) - raft.server.retrycache.expirytime = 600000ms (custom)
2019-10-04 08:46:05,725 [pool-87-thread-1] INFO  impl.RaftServerImpl (RaftServerImpl.java:start(181)) - cb198935-4283-48d8-a451-673d5bcc91a7@group-FA642F1BFB49: start as a follower, conf=-1: [7f562cf2-a919-4f6a-a3b2-da45eba29cb3:192.168.151.111:33119, 20cc1711-a1c6-4681-b1da-72967494da33:192.168.151.111:44316, cb198935-4283-48d8-a451-673d5bcc91a7:192.168.151.111:34742], old=null
2019-10-04 08:46:05,725 [pool-87-thread-1] INFO  impl.RaftServerImpl (RaftServerImpl.java:setRole(170)) - cb198935-4283-48d8-a451-673d5bcc91a7@group-FA642F1BFB49: changes role from      null to FOLLOWER at term 0 for startAsFollower
2019-10-04 08:46:05,726 [pool-87-thread-1] INFO  impl.RoleInfo (RoleInfo.java:updateAndGet(143)) - cb198935-4283-48d8-a451-673d5bcc91a7: start FollowerState
2019-10-04 08:46:05,726 [pool-87-thread-1] INFO  util.JmxRegister (JmxRegister.java:tryRegister(44)) - Successfully registered JMX Bean with object name Ratis:service=RaftServer,group=group-FA642F1BFB49,id=cb198935-4283-48d8-a451-673d5bcc91a7
2019-10-04 08:46:05,729 [pool-37-thread-1] INFO  impl.RaftServerImpl (RaftServerImpl.java:start(181)) - 20cc1711-a1c6-4681-b1da-72967494da33@group-FA642F1BFB49: start as a follower, conf=-1: [7f562cf2-a919-4f6a-a3b2-da45eba29cb3:192.168.151.111:33119, 20cc1711-a1c6-4681-b1da-72967494da33:192.168.151.111:44316, cb198935-4283-48d8-a451-673d5bcc91a7:192.168.151.111:34742], old=null
2019-10-04 08:46:05,729 [pool-57-thread-1] INFO  impl.RaftServerImpl (RaftServerImpl.java:start(181)) - 7f562cf2-a919-4f6a-a3b2-da45eba29cb3@group-FA642F1BFB49: start as a follower, conf=-1: [7f562cf2-a919-4f6a-a3b2-da45eba29cb3:192.168.151.111:33119, 20cc1711-a1c6-4681-b1da-72967494da33:192.168.151.111:44316, cb198935-4283-48d8-a451-673d5bcc91a7:192.168.151.111:34742], old=null
2019-10-04 08:46:05,729 [pool-37-thread-1] INFO  impl.RaftServerImpl (RaftServerImpl.java:setRole(170)) - 20cc1711-a1c6-4681-b1da-72967494da33@group-FA642F1BFB49: changes role from      null to FOLLOWER at term 0 for startAsFollower
2019-10-04 08:46:05,729 [pool-57-thread-1] INFO  impl.RaftServerImpl (RaftServerImpl.java:setRole(170)) - 7f562cf2-a919-4f6a-a3b2-da45eba29cb3@group-FA642F1BFB49: changes role from      null to FOLLOWER at term 0 for startAsFollower
2019-10-04 08:46:05,729 [pool-37-thread-1] INFO  impl.RoleInfo (RoleInfo.java:updateAndGet(143)) - 20cc1711-a1c6-4681-b1da-72967494da33: start FollowerState
2019-10-04 08:46:05,730 [pool-57-thread-1] INFO  impl.RoleInfo (RoleInfo.java:updateAndGet(143)) - 7f562cf2-a919-4f6a-a3b2-da45eba29cb3: start FollowerState
2019-10-04 08:46:05,730 [pool-37-thread-1] INFO  util.JmxRegister (JmxRegister.java:tryRegister(44)) - Successfully registered JMX Bean with object name Ratis:service=RaftServer,group=group-FA642F1BFB49,id=20cc1711-a1c6-4681-b1da-72967494da33
2019-10-04 08:46:05,730 [pool-57-thread-1] INFO  util.JmxRegister (JmxRegister.java:tryRegister(44)) - Successfully registered JMX Bean with object name Ratis:service=RaftServer,group=group-FA642F1BFB49,id=7f562cf2-a919-4f6a-a3b2-da45eba29cb3
2019-10-04 08:46:05,759 [RatisPipelineUtilsThread] INFO  pipeline.PipelineStateManager (PipelineStateManager.java:addPipeline(56)) - Created pipeline Pipeline[ Id: 0095b97f-1054-41ce-8a59-fa642f1bfb49, Nodes: cb198935-4283-48d8-a451-673d5bcc91a7{ip: 192.168.151.111, host: pr-hdds-2238-lzxxv-1908806976, networkLocation: /default-rack, certSerialId: null}20cc1711-a1c6-4681-b1da-72967494da33{ip: 192.168.151.111, host: pr-hdds-2238-lzxxv-1908806976, networkLocation: /default-rack, certSerialId: null}7f562cf2-a919-4f6a-a3b2-da45eba29cb3{ip: 192.168.151.111, host: pr-hdds-2238-lzxxv-1908806976, networkLocation: /default-rack, certSerialId: null}, Type:RATIS, Factor:THREE, State:OPEN]
2019-10-04 08:46:05,784 [grpc-default-executor-0] INFO  impl.RaftServerProxy (RaftServerProxy.java:addNew(89)) - fe08f3cc-c884-4177-959d-cd08a4a5b8f1: addNew group-5D912F4297E1:[fd719612-e41a-4f2a-b354-29f14c7a3b16:192.168.151.111:34500, f9bb2248-9c18-42fa-8a38-ca2699ffbdc2:192.168.151.111:35477, fe08f3cc-c884-4177-959d-cd08a4a5b8f1:192.168.151.111:32794] returns group-5D912F4297E1:java.util.concurrent.CompletableFuture@98e64f8[Not completed]
2019-10-04 08:46:05,786 [grpc-default-executor-2] INFO  impl.RaftServerProxy (RaftServerProxy.java:addNew(89)) - f9bb2248-9c18-42fa-8a38-ca2699ffbdc2: addNew group-5D912F4297E1:[fd719612-e41a-4f2a-b354-29f14c7a3b16:192.168.151.111:34500, f9bb2248-9c18-42fa-8a38-ca2699ffbdc2:192.168.151.111:35477, fe08f3cc-c884-4177-959d-cd08a4a5b8f1:192.168.151.111:32794] returns group-5D912F4297E1:java.util.concurrent.CompletableFuture@42d29bc9[Not completed]
2019-10-04 08:46:05,787 [pool-77-thread-1] INFO  impl.RaftServerImpl (RaftServerImpl.java:<init>(95)) - fe08f3cc-c884-4177-959d-cd08a4a5b8f1: new RaftServerImpl for group-5D912F4297E1:[fd719612-e41a-4f2a-b354-29f14c7a3b16:192.168.151.111:34500, f9bb2248-9c18-42fa-8a38-ca2699ffbdc2:192.168.151.111:35477, fe08f3cc-c884-4177-959d-cd08a4a5b8f1:192.168.151.111:32794] with ContainerStateMachine:uninitialized
2019-10-04 08:46:05,788 [pool-77-thread-1] INFO  server.RaftServerConfigKeys (ConfUtils.java:logGet(43)) - raft.server.rpc.timeout.min = 5s (custom)
2019-10-04 08:46:05,788 [pool-77-thread-1] INFO  server.RaftServerConfigKeys (ConfUtils.java:logGet(43)) - raft.server.rpc.timeout.max = 5200ms (custom)
2019-10-04 08:46:05,788 [pool-77-thread-1] INFO  server.RaftServerConfigKeys (ConfUtils.java:logGet(43)) - raft.server.rpcslowness.timeout = 120s (custom)
2019-10-04 08:46:05,788 [pool-77-thread-1] INFO  server.RaftServerConfigKeys (ConfUtils.java:logGet(43)) - raft.server.sleep.deviation.threshold = 300 (default)
2019-10-04 08:46:05,788 [pool-77-thread-1] INFO  server.RaftServerConfigKeys (ConfUtils.java:logGet(43)) - raft.server.log.appender.install.snapshot.enabled = false (custom)
2019-10-04 08:46:05,788 [pool-77-thread-1] INFO  impl.RaftServerImpl (ServerState.java:<init>(103)) - fe08f3cc-c884-4177-959d-cd08a4a5b8f1@group-5D912F4297E1: ConfigurationManager, init=-1: [fd719612-e41a-4f2a-b354-29f14c7a3b16:192.168.151.111:34500, f9bb2248-9c18-42fa-8a38-ca2699ffbdc2:192.168.151.111:35477, fe08f3cc-c884-4177-959d-cd08a4a5b8f1:192.168.151.111:32794], old=null, confs=<EMPTY_MAP>
2019-10-04 08:46:05,790 [pool-77-thread-1] INFO  server.RaftServerConfigKeys (ConfUtils.java:logGet(43)) - raft.server.storage.dir = [/workdir/hadoop-ozone/integration-test/target/test-dir/MiniOzoneClusterImpl-b87a1b95-0ca3-4047-8457-6f6b40dbe18f/datanode-5/data/ratis] (custom)
2019-10-04 08:46:05,790 [pool-77-thread-1] INFO  server.RaftServerConfigKeys (ConfUtils.java:logGet(43)) - raft.server.log.corruption.policy = EXCEPTION (default)
2019-10-04 08:46:05,790 [pool-77-thread-1] INFO  storage.RaftStorageDirectory (RaftStorageDirectory.java:analyzeStorage(246)) - The storage directory /workdir/hadoop-ozone/integration-test/target/test-dir/MiniOzoneClusterImpl-b87a1b95-0ca3-4047-8457-6f6b40dbe18f/datanode-5/data/ratis/e72d6ef8-2631-4b1b-84f9-5d912f4297e1 does not exist. Creating ...
2019-10-04 08:46:05,790 [grpc-default-executor-2] INFO  impl.RaftServerProxy (RaftServerProxy.java:addNew(89)) - fd719612-e41a-4f2a-b354-29f14c7a3b16: addNew group-5D912F4297E1:[fd719612-e41a-4f2a-b354-29f14c7a3b16:192.168.151.111:34500, f9bb2248-9c18-42fa-8a38-ca2699ffbdc2:192.168.151.111:35477, fe08f3cc-c884-4177-959d-cd08a4a5b8f1:192.168.151.111:32794] returns group-5D912F4297E1:java.util.concurrent.CompletableFuture@cc58ce2[Not completed]
2019-10-04 08:46:05,790 [pool-47-thread-1] INFO  impl.RaftServerImpl (RaftServerImpl.java:<init>(95)) - f9bb2248-9c18-42fa-8a38-ca2699ffbdc2: new RaftServerImpl for group-5D912F4297E1:[fd719612-e41a-4f2a-b354-29f14c7a3b16:192.168.151.111:34500, f9bb2248-9c18-42fa-8a38-ca2699ffbdc2:192.168.151.111:35477, fe08f3cc-c884-4177-959d-cd08a4a5b8f1:192.168.151.111:32794] with ContainerStateMachine:uninitialized
2019-10-04 08:46:05,791 [pool-47-thread-1] INFO  server.RaftServerConfigKeys (ConfUtils.java:logGet(43)) - raft.server.rpc.timeout.min = 5s (custom)
2019-10-04 08:46:05,791 [pool-47-thread-1] INFO  server.RaftServerConfigKeys (ConfUtils.java:logGet(43)) - raft.server.rpc.timeout.max = 5200ms (custom)
2019-10-04 08:46:05,791 [pool-47-thread-1] INFO  server.RaftServerConfigKeys (ConfUtils.java:logGet(43)) - raft.server.rpcslowness.timeout = 120s (custom)
2019-10-04 08:46:05,791 [pool-47-thread-1] INFO  server.RaftServerConfigKeys (ConfUtils.java:logGet(43)) - raft.server.sleep.deviation.threshold = 300 (default)
2019-10-04 08:46:05,791 [pool-47-thread-1] INFO  server.RaftServerConfigKeys (ConfUtils.java:logGet(43)) - raft.server.log.appender.install.snapshot.enabled = false (custom)
2019-10-04 08:46:05,791 [pool-47-thread-1] INFO  impl.RaftServerImpl (ServerState.java:<init>(103)) - f9bb2248-9c18-42fa-8a38-ca2699ffbdc2@group-5D912F4297E1: ConfigurationManager, init=-1: [fd719612-e41a-4f2a-b354-29f14c7a3b16:192.168.151.111:34500, f9bb2248-9c18-42fa-8a38-ca2699ffbdc2:192.168.151.111:35477, fe08f3cc-c884-4177-959d-cd08a4a5b8f1:192.168.151.111:32794], old=null, confs=<EMPTY_MAP>
2019-10-04 08:46:05,792 [pool-27-thread-1] INFO  impl.RaftServerImpl (RaftServerImpl.java:<init>(95)) - fd719612-e41a-4f2a-b354-29f14c7a3b16: new RaftServerImpl for group-5D912F4297E1:[fd719612-e41a-4f2a-b354-29f14c7a3b16:192.168.151.111:34500, f9bb2248-9c18-42fa-8a38-ca2699ffbdc2:192.168.151.111:35477, fe08f3cc-c884-4177-959d-cd08a4a5b8f1:192.168.151.111:32794] with ContainerStateMachine:uninitialized
2019-10-04 08:46:05,792 [pool-47-thread-1] INFO  server.RaftServerConfigKeys (ConfUtils.java:logGet(43)) - raft.server.storage.dir = [/workdir/hadoop-ozone/integration-test/target/test-dir/MiniOzoneClusterImpl-b87a1b95-0ca3-4047-8457-6f6b40dbe18f/datanode-2/data/ratis] (custom)
2019-10-04 08:46:05,792 [pool-27-thread-1] INFO  server.RaftServerConfigKeys (ConfUtils.java:logGet(43)) - raft.server.rpc.timeout.min = 5s (custom)
2019-10-04 08:46:05,792 [pool-27-thread-1] INFO  server.RaftServerConfigKeys (ConfUtils.java:logGet(43)) - raft.server.rpc.timeout.max = 5200ms (custom)
2019-10-04 08:46:05,792 [pool-47-thread-1] INFO  server.RaftServerConfigKeys (ConfUtils.java:logGet(43)) - raft.server.log.corruption.policy = EXCEPTION (default)
2019-10-04 08:46:05,792 [pool-27-thread-1] INFO  server.RaftServerConfigKeys (ConfUtils.java:logGet(43)) - raft.server.rpcslowness.timeout = 120s (custom)
2019-10-04 08:46:05,792 [pool-47-thread-1] INFO  storage.RaftStorageDirectory (RaftStorageDirectory.java:analyzeStorage(246)) - The storage directory /workdir/hadoop-ozone/integration-test/target/test-dir/MiniOzoneClusterImpl-b87a1b95-0ca3-4047-8457-6f6b40dbe18f/datanode-2/data/ratis/e72d6ef8-2631-4b1b-84f9-5d912f4297e1 does not exist. Creating ...
2019-10-04 08:46:05,792 [pool-27-thread-1] INFO  server.RaftServerConfigKeys (ConfUtils.java:logGet(43)) - raft.server.sleep.deviation.threshold = 300 (default)
2019-10-04 08:46:05,793 [pool-27-thread-1] INFO  server.RaftServerConfigKeys (ConfUtils.java:logGet(43)) - raft.server.log.appender.install.snapshot.enabled = false (custom)
2019-10-04 08:46:05,793 [pool-27-thread-1] INFO  impl.RaftServerImpl (ServerState.java:<init>(103)) - fd719612-e41a-4f2a-b354-29f14c7a3b16@group-5D912F4297E1: ConfigurationManager, init=-1: [fd719612-e41a-4f2a-b354-29f14c7a3b16:192.168.151.111:34500, f9bb2248-9c18-42fa-8a38-ca2699ffbdc2:192.168.151.111:35477, fe08f3cc-c884-4177-959d-cd08a4a5b8f1:192.168.151.111:32794], old=null, confs=<EMPTY_MAP>
2019-10-04 08:46:05,793 [pool-27-thread-1] INFO  server.RaftServerConfigKeys (ConfUtils.java:logGet(43)) - raft.server.storage.dir = [/workdir/hadoop-ozone/integration-test/target/test-dir/MiniOzoneClusterImpl-b87a1b95-0ca3-4047-8457-6f6b40dbe18f/datanode-0/data/ratis] (custom)
2019-10-04 08:46:05,793 [pool-27-thread-1] INFO  server.RaftServerConfigKeys (ConfUtils.java:logGet(43)) - raft.server.log.corruption.policy = EXCEPTION (default)
2019-10-04 08:46:05,794 [pool-27-thread-1] INFO  storage.RaftStorageDirectory (RaftStorageDirectory.java:analyzeStorage(246)) - The storage directory /workdir/hadoop-ozone/integration-test/target/test-dir/MiniOzoneClusterImpl-b87a1b95-0ca3-4047-8457-6f6b40dbe18f/datanode-0/data/ratis/e72d6ef8-2631-4b1b-84f9-5d912f4297e1 does not exist. Creating ...
2019-10-04 08:46:05,803 [pool-77-thread-1] INFO  storage.RaftStorageDirectory (RaftStorageDirectory.java:tryLock(328)) - Lock on /workdir/hadoop-ozone/integration-test/target/test-dir/MiniOzoneClusterImpl-b87a1b95-0ca3-4047-8457-6f6b40dbe18f/datanode-5/data/ratis/e72d6ef8-2631-4b1b-84f9-5d912f4297e1/in_use.lock acquired by nodename 22425@pr-hdds-2238-lzxxv-1908806976
2019-10-04 08:46:05,803 [pool-47-thread-1] INFO  storage.RaftStorageDirectory (RaftStorageDirectory.java:tryLock(328)) - Lock on /workdir/hadoop-ozone/integration-test/target/test-dir/MiniOzoneClusterImpl-b87a1b95-0ca3-4047-8457-6f6b40dbe18f/datanode-2/data/ratis/e72d6ef8-2631-4b1b-84f9-5d912f4297e1/in_use.lock acquired by nodename 22425@pr-hdds-2238-lzxxv-1908806976
2019-10-04 08:46:05,803 [pool-27-thread-1] INFO  storage.RaftStorageDirectory (RaftStorageDirectory.java:tryLock(328)) - Lock on /workdir/hadoop-ozone/integration-test/target/test-dir/MiniOzoneClusterImpl-b87a1b95-0ca3-4047-8457-6f6b40dbe18f/datanode-0/data/ratis/e72d6ef8-2631-4b1b-84f9-5d912f4297e1/in_use.lock acquired by nodename 22425@pr-hdds-2238-lzxxv-1908806976
2019-10-04 08:46:05,817 [pool-77-thread-1] INFO  storage.RaftStorage (RaftStorage.java:format(84)) - Storage directory /workdir/hadoop-ozone/integration-test/target/test-dir/MiniOzoneClusterImpl-b87a1b95-0ca3-4047-8457-6f6b40dbe18f/datanode-5/data/ratis/e72d6ef8-2631-4b1b-84f9-5d912f4297e1 has been successfully formatted.
2019-10-04 08:46:05,817 [pool-47-thread-1] INFO  storage.RaftStorage (RaftStorage.java:format(84)) - Storage directory /workdir/hadoop-ozone/integration-test/target/test-dir/MiniOzoneClusterImpl-b87a1b95-0ca3-4047-8457-6f6b40dbe18f/datanode-2/data/ratis/e72d6ef8-2631-4b1b-84f9-5d912f4297e1 has been successfully formatted.
2019-10-04 08:46:05,817 [pool-77-thread-1] INFO  ratis.ContainerStateMachine (ContainerStateMachine.java:loadSnapshot(230)) - group-5D912F4297E1: The snapshot info is null. Setting the last applied indexto:(t:0, i:~)
2019-10-04 08:46:05,817 [pool-27-thread-1] INFO  storage.RaftStorage (RaftStorage.java:format(84)) - Storage directory /workdir/hadoop-ozone/integration-test/target/test-dir/MiniOzoneClusterImpl-b87a1b95-0ca3-4047-8457-6f6b40dbe18f/datanode-0/data/ratis/e72d6ef8-2631-4b1b-84f9-5d912f4297e1 has been successfully formatted.
2019-10-04 08:46:05,817 [pool-47-thread-1] INFO  ratis.ContainerStateMachine (ContainerStateMachine.java:loadSnapshot(230)) - group-5D912F4297E1: The snapshot info is null. Setting the last applied indexto:(t:0, i:~)
2019-10-04 08:46:05,817 [pool-77-thread-1] INFO  server.RaftServerConfigKeys (ConfUtils.java:logGet(43)) - raft.server.notification.no-leader.timeout = 120s (custom)
2019-10-04 08:46:05,818 [pool-47-thread-1] INFO  server.RaftServerConfigKeys (ConfUtils.java:logGet(43)) - raft.server.notification.no-leader.timeout = 120s (custom)
2019-10-04 08:46:05,818 [pool-27-thread-1] INFO  ratis.ContainerStateMachine (ContainerStateMachine.java:loadSnapshot(230)) - group-5D912F4297E1: The snapshot info is null. Setting the last applied indexto:(t:0, i:~)
2019-10-04 08:46:05,818 [pool-47-thread-1] INFO  server.RaftServerConfigKeys (ConfUtils.java:logGet(43)) - raft.server.log.use.memory = false (default)
2019-10-04 08:46:05,818 [pool-77-thread-1] INFO  server.RaftServerConfigKeys (ConfUtils.java:logGet(43)) - raft.server.log.use.memory = false (default)
2019-10-04 08:46:05,818 [pool-47-thread-1] INFO  server.RaftServerConfigKeys (ConfUtils.java:logGet(43)) - raft.server.log.purge.gap = 1000000 (custom)
2019-10-04 08:46:05,818 [pool-27-thread-1] INFO  server.RaftServerConfigKeys (ConfUtils.java:logGet(43)) - raft.server.notification.no-leader.timeout = 120s (custom)
2019-10-04 08:46:05,818 [pool-47-thread-1] INFO  server.RaftServerConfigKeys (ConfUtils.java:logGet(43)) - raft.server.log.appender.buffer.byte-limit = 33554432 (custom)
2019-10-04 08:46:05,818 [pool-77-thread-1] INFO  server.RaftServerConfigKeys (ConfUtils.java:logGet(43)) - raft.server.log.purge.gap = 1000000 (custom)
2019-10-04 08:46:05,819 [pool-47-thread-1] INFO  server.RaftServerConfigKeys (ConfUtils.java:logGet(43)) - raft.server.log.segment.size.max = 1048576 (custom)
2019-10-04 08:46:05,819 [pool-27-thread-1] INFO  server.RaftServerConfigKeys (ConfUtils.java:logGet(43)) - raft.server.log.use.memory = false (default)
2019-10-04 08:46:05,819 [pool-47-thread-1] INFO  server.RaftServerConfigKeys (ConfUtils.java:logGet(43)) - raft.server.log.segment.cache.num.max = 2 (custom)
2019-10-04 08:46:05,819 [pool-77-thread-1] INFO  server.RaftServerConfigKeys (ConfUtils.java:logGet(43)) - raft.server.log.appender.buffer.byte-limit = 33554432 (custom)
2019-10-04 08:46:05,819 [pool-47-thread-1] INFO  segmented.SegmentedRaftLogWorker (SegmentedRaftLogWorker.java:<init>(173)) - new f9bb2248-9c18-42fa-8a38-ca2699ffbdc2@group-5D912F4297E1-SegmentedRaftLogWorker for RaftStorage:Storage Directory /workdir/hadoop-ozone/integration-test/target/test-dir/MiniOzoneClusterImpl-b87a1b95-0ca3-4047-8457-6f6b40dbe18f/datanode-2/data/ratis/e72d6ef8-2631-4b1b-84f9-5d912f4297e1
2019-10-04 08:46:05,819 [pool-27-thread-1] INFO  server.RaftServerConfigKeys (ConfUtils.java:logGet(43)) - raft.server.log.purge.gap = 1000000 (custom)
2019-10-04 08:46:05,820 [pool-47-thread-1] INFO  server.RaftServerConfigKeys (ConfUtils.java:logGet(43)) - raft.server.log.queue.byte-limit = 2147483647 (custom)
2019-10-04 08:46:05,820 [pool-77-thread-1] INFO  server.RaftServerConfigKeys (ConfUtils.java:logGet(43)) - raft.server.log.segment.size.max = 1048576 (custom)
2019-10-04 08:46:05,820 [pool-47-thread-1] INFO  server.RaftServerConfigKeys (ConfUtils.java:logGet(43)) - raft.server.log.queue.element-limit = 1024 (custom)
2019-10-04 08:46:05,820 [pool-27-thread-1] INFO  server.RaftServerConfigKeys (ConfUtils.java:logGet(43)) - raft.server.log.appender.buffer.byte-limit = 33554432 (custom)
2019-10-04 08:46:05,820 [pool-47-thread-1] INFO  server.RaftServerConfigKeys (ConfUtils.java:logGet(43)) - raft.server.log.segment.size.max = 1048576 (custom)
2019-10-04 08:46:05,820 [pool-77-thread-1] INFO  server.RaftServerConfigKeys (ConfUtils.java:logGet(43)) - raft.server.log.segment.cache.num.max = 2 (custom)
2019-10-04 08:46:05,821 [pool-47-thread-1] INFO  server.RaftServerConfigKeys (ConfUtils.java:logGet(43)) - raft.server.log.preallocated.size = 16384 (custom)
2019-10-04 08:46:05,821 [pool-27-thread-1] INFO  server.RaftServerConfigKeys (ConfUtils.java:logGet(43)) - raft.server.log.segment.size.max = 1048576 (custom)
2019-10-04 08:46:05,821 [pool-47-thread-1] INFO  server.RaftServerConfigKeys (ConfUtils.java:logGet(43)) - raft.server.log.write.buffer.size = 33554432 (custom)
2019-10-04 08:46:05,821 [pool-27-thread-1] INFO  server.RaftServerConfigKeys (ConfUtils.java:logGet(43)) - raft.server.log.segment.cache.num.max = 2 (custom)
2019-10-04 08:46:05,821 [pool-77-thread-1] INFO  segmented.SegmentedRaftLogWorker (SegmentedRaftLogWorker.java:<init>(173)) - new fe08f3cc-c884-4177-959d-cd08a4a5b8f1@group-5D912F4297E1-SegmentedRaftLogWorker for RaftStorage:Storage Directory /workdir/hadoop-ozone/integration-test/target/test-dir/MiniOzoneClusterImpl-b87a1b95-0ca3-4047-8457-6f6b40dbe18f/datanode-5/data/ratis/e72d6ef8-2631-4b1b-84f9-5d912f4297e1
2019-10-04 08:46:05,821 [pool-27-thread-1] INFO  segmented.SegmentedRaftLogWorker (SegmentedRaftLogWorker.java:<init>(173)) - new fd719612-e41a-4f2a-b354-29f14c7a3b16@group-5D912F4297E1-SegmentedRaftLogWorker for RaftStorage:Storage Directory /workdir/hadoop-ozone/integration-test/target/test-dir/MiniOzoneClusterImpl-b87a1b95-0ca3-4047-8457-6f6b40dbe18f/datanode-0/data/ratis/e72d6ef8-2631-4b1b-84f9-5d912f4297e1
2019-10-04 08:46:05,821 [pool-47-thread-1] INFO  server.RaftServerConfigKeys (ConfUtils.java:logGet(43)) - raft.server.log.force.sync.num = 128 (default)
2019-10-04 08:46:05,822 [pool-27-thread-1] INFO  server.RaftServerConfigKeys (ConfUtils.java:logGet(43)) - raft.server.log.queue.byte-limit = 2147483647 (custom)
2019-10-04 08:46:05,821 [pool-77-thread-1] INFO  server.RaftServerConfigKeys (ConfUtils.java:logGet(43)) - raft.server.log.queue.byte-limit = 2147483647 (custom)
2019-10-04 08:46:05,822 [pool-27-thread-1] INFO  server.RaftServerConfigKeys (ConfUtils.java:logGet(43)) - raft.server.log.queue.element-limit = 1024 (custom)
2019-10-04 08:46:05,822 [pool-47-thread-1] INFO  server.RaftServerConfigKeys (ConfUtils.java:logGet(43)) - raft.server.log.statemachine.data.sync = true (default)
2019-10-04 08:46:05,822 [pool-27-thread-1] INFO  server.RaftServerConfigKeys (ConfUtils.java:logGet(43)) - raft.server.log.segment.size.max = 1048576 (custom)
2019-10-04 08:46:05,822 [pool-77-thread-1] INFO  server.RaftServerConfigKeys (ConfUtils.java:logGet(43)) - raft.server.log.queue.element-limit = 1024 (custom)
2019-10-04 08:46:05,823 [pool-27-thread-1] INFO  server.RaftServerConfigKeys (ConfUtils.java:logGet(43)) - raft.server.log.preallocated.size = 16384 (custom)
2019-10-04 08:46:05,822 [pool-47-thread-1] INFO  server.RaftServerConfigKeys (ConfUtils.java:logGet(43)) - raft.server.log.statemachine.data.sync.timeout = 10s (default)
2019-10-04 08:46:05,823 [pool-27-thread-1] INFO  server.RaftServerConfigKeys (ConfUtils.java:logGet(43)) - raft.server.log.write.buffer.size = 33554432 (custom)
2019-10-04 08:46:05,823 [pool-77-thread-1] INFO  server.RaftServerConfigKeys (ConfUtils.java:logGet(43)) - raft.server.log.segment.size.max = 1048576 (custom)
2019-10-04 08:46:05,823 [pool-27-thread-1] INFO  server.RaftServerConfigKeys (ConfUtils.java:logGet(43)) - raft.server.log.force.sync.num = 128 (default)
2019-10-04 08:46:05,823 [pool-47-thread-1] INFO  server.RaftServerConfigKeys (ConfUtils.java:logGet(43)) - raft.server.log.statemachine.data.sync.timeout.retry = -1 (default)
2019-10-04 08:46:05,823 [pool-27-thread-1] INFO  server.RaftServerConfigKeys (ConfUtils.java:logGet(43)) - raft.server.log.statemachine.data.sync = true (default)
2019-10-04 08:46:05,823 [pool-77-thread-1] INFO  server.RaftServerConfigKeys (ConfUtils.java:logGet(43)) - raft.server.log.preallocated.size = 16384 (custom)
2019-10-04 08:46:05,824 [pool-27-thread-1] INFO  server.RaftServerConfigKeys (ConfUtils.java:logGet(43)) - raft.server.log.statemachine.data.sync.timeout = 10s (default)
2019-10-04 08:46:05,824 [pool-47-thread-1] INFO  server.RaftServerConfigKeys (ConfUtils.java:logGet(43)) - raft.server.log.statemachine.data.caching.enabled = true (custom)
2019-10-04 08:46:05,824 [pool-27-thread-1] INFO  server.RaftServerConfigKeys (ConfUtils.java:logGet(43)) - raft.server.log.statemachine.data.sync.timeout.retry = -1 (default)
2019-10-04 08:46:05,824 [pool-77-thread-1] INFO  server.RaftServerConfigKeys (ConfUtils.java:logGet(43)) - raft.server.log.write.buffer.size = 33554432 (custom)
2019-10-04 08:46:05,825 [pool-47-thread-1] INFO  segmented.SegmentedRaftLogWorker (SegmentedRaftLogWorker.java:lambda$new$0(128)) - f9bb2248-9c18-42fa-8a38-ca2699ffbdc2@group-5D912F4297E1-SegmentedRaftLogWorker: flushIndex: setUnconditionally 0 -> -1
2019-10-04 08:46:05,825 [pool-27-thread-1] INFO  server.RaftServerConfigKeys (ConfUtils.java:logGet(43)) - raft.server.log.statemachine.data.caching.enabled = true (custom)
2019-10-04 08:46:05,825 [pool-77-thread-1] INFO  server.RaftServerConfigKeys (ConfUtils.java:logGet(43)) - raft.server.log.force.sync.num = 128 (default)
2019-10-04 08:46:05,825 [pool-47-thread-1] INFO  server.RaftServerConfigKeys (ConfUtils.java:logGet(43)) - raft.server.snapshot.auto.trigger.enabled = true (custom)
2019-10-04 08:46:05,825 [pool-27-thread-1] INFO  segmented.SegmentedRaftLogWorker (SegmentedRaftLogWorker.java:lambda$new$0(128)) - fd719612-e41a-4f2a-b354-29f14c7a3b16@group-5D912F4297E1-SegmentedRaftLogWorker: flushIndex: setUnconditionally 0 -> -1
2019-10-04 08:46:05,825 [pool-77-thread-1] INFO  server.RaftServerConfigKeys (ConfUtils.java:logGet(43)) - raft.server.log.statemachine.data.sync = true (default)
2019-10-04 08:46:05,825 [pool-47-thread-1] INFO  server.RaftServerConfigKeys (ConfUtils.java:logGet(43)) - raft.server.snapshot.auto.trigger.threshold = 10000 (custom)
2019-10-04 08:46:05,825 [pool-27-thread-1] INFO  server.RaftServerConfigKeys (ConfUtils.java:logGet(43)) - raft.server.snapshot.auto.trigger.enabled = true (custom)
2019-10-04 08:46:05,825 [pool-77-thread-1] INFO  server.RaftServerConfigKeys (ConfUtils.java:logGet(43)) - raft.server.log.statemachine.data.sync.timeout = 10s (default)
2019-10-04 08:46:05,826 [pool-27-thread-1] INFO  server.RaftServerConfigKeys (ConfUtils.java:logGet(43)) - raft.server.snapshot.auto.trigger.threshold = 10000 (custom)
2019-10-04 08:46:05,826 [pool-47-thread-1] INFO  server.RaftServerConfigKeys (ConfUtils.java:logGet(43)) - raft.server.snapshot.retention.file.num = 5 (custom)
2019-10-04 08:46:05,826 [pool-27-thread-1] INFO  server.RaftServerConfigKeys (ConfUtils.java:logGet(43)) - raft.server.snapshot.retention.file.num = 5 (custom)
2019-10-04 08:46:05,826 [pool-47-thread-1] INFO  server.RaftServerConfigKeys (ConfUtils.java:logGet(43)) - raft.server.retrycache.expirytime = 600000ms (custom)
2019-10-04 08:46:05,826 [pool-77-thread-1] INFO  server.RaftServerConfigKeys (ConfUtils.java:logGet(43)) - raft.server.log.statemachine.data.sync.timeout.retry = -1 (default)
2019-10-04 08:46:05,826 [pool-27-thread-1] INFO  server.RaftServerConfigKeys (ConfUtils.java:logGet(43)) - raft.server.retrycache.expirytime = 600000ms (custom)
2019-10-04 08:46:05,827 [pool-77-thread-1] INFO  server.RaftServerConfigKeys (ConfUtils.java:logGet(43)) - raft.server.log.statemachine.data.caching.enabled = true (custom)
2019-10-04 08:46:05,827 [pool-77-thread-1] INFO  segmented.SegmentedRaftLogWorker (SegmentedRaftLogWorker.java:lambda$new$0(128)) - fe08f3cc-c884-4177-959d-cd08a4a5b8f1@group-5D912F4297E1-SegmentedRaftLogWorker: flushIndex: setUnconditionally 0 -> -1
2019-10-04 08:46:05,827 [pool-77-thread-1] INFO  server.RaftServerConfigKeys (ConfUtils.java:logGet(43)) - raft.server.snapshot.auto.trigger.enabled = true (custom)
2019-10-04 08:46:05,827 [pool-77-thread-1] INFO  server.RaftServerConfigKeys (ConfUtils.java:logGet(43)) - raft.server.snapshot.auto.trigger.threshold = 10000 (custom)
2019-10-04 08:46:05,827 [pool-77-thread-1] INFO  server.RaftServerConfigKeys (ConfUtils.java:logGet(43)) - raft.server.snapshot.retention.file.num = 5 (custom)
2019-10-04 08:46:05,828 [pool-77-thread-1] INFO  server.RaftServerConfigKeys (ConfUtils.java:logGet(43)) - raft.server.retrycache.expirytime = 600000ms (custom)
2019-10-04 08:46:05,831 [pool-47-thread-1] INFO  impl.RaftServerImpl (RaftServerImpl.java:start(181)) - f9bb2248-9c18-42fa-8a38-ca2699ffbdc2@group-5D912F4297E1: start as a follower, conf=-1: [fd719612-e41a-4f2a-b354-29f14c7a3b16:192.168.151.111:34500, f9bb2248-9c18-42fa-8a38-ca2699ffbdc2:192.168.151.111:35477, fe08f3cc-c884-4177-959d-cd08a4a5b8f1:192.168.151.111:32794], old=null
2019-10-04 08:46:05,831 [pool-47-thread-1] INFO  impl.RaftServerImpl (RaftServerImpl.java:setRole(170)) - f9bb2248-9c18-42fa-8a38-ca2699ffbdc2@group-5D912F4297E1: changes role from      null to FOLLOWER at term 0 for startAsFollower
2019-10-04 08:46:05,831 [pool-27-thread-1] INFO  impl.RaftServerImpl (RaftServerImpl.java:start(181)) - fd719612-e41a-4f2a-b354-29f14c7a3b16@group-5D912F4297E1: start as a follower, conf=-1: [fd719612-e41a-4f2a-b354-29f14c7a3b16:192.168.151.111:34500, f9bb2248-9c18-42fa-8a38-ca2699ffbdc2:192.168.151.111:35477, fe08f3cc-c884-4177-959d-cd08a4a5b8f1:192.168.151.111:32794], old=null
2019-10-04 08:46:05,831 [pool-47-thread-1] INFO  impl.RoleInfo (RoleInfo.java:updateAndGet(143)) - f9bb2248-9c18-42fa-8a38-ca2699ffbdc2: start FollowerState
2019-10-04 08:46:05,832 [pool-27-thread-1] INFO  impl.RaftServerImpl (RaftServerImpl.java:setRole(170)) - fd719612-e41a-4f2a-b354-29f14c7a3b16@group-5D912F4297E1: changes role from      null to FOLLOWER at term 0 for startAsFollower
2019-10-04 08:46:05,832 [pool-77-thread-1] INFO  impl.RaftServerImpl (RaftServerImpl.java:start(181)) - fe08f3cc-c884-4177-959d-cd08a4a5b8f1@group-5D912F4297E1: start as a follower, conf=-1: [fd719612-e41a-4f2a-b354-29f14c7a3b16:192.168.151.111:34500, f9bb2248-9c18-42fa-8a38-ca2699ffbdc2:192.168.151.111:35477, fe08f3cc-c884-4177-959d-cd08a4a5b8f1:192.168.151.111:32794], old=null
2019-10-04 08:46:05,832 [pool-27-thread-1] INFO  impl.RoleInfo (RoleInfo.java:updateAndGet(143)) - fd719612-e41a-4f2a-b354-29f14c7a3b16: start FollowerState
2019-10-04 08:46:05,832 [pool-47-thread-1] INFO  util.JmxRegister (JmxRegister.java:tryRegister(44)) - Successfully registered JMX Bean with object name Ratis:service=RaftServer,group=group-5D912F4297E1,id=f9bb2248-9c18-42fa-8a38-ca2699ffbdc2
2019-10-04 08:46:05,832 [pool-77-thread-1] INFO  impl.RaftServerImpl (RaftServerImpl.java:setRole(170)) - fe08f3cc-c884-4177-959d-cd08a4a5b8f1@group-5D912F4297E1: changes role from      null to FOLLOWER at term 0 for startAsFollower
2019-10-04 08:46:05,832 [pool-27-thread-1] INFO  util.JmxRegister (JmxRegister.java:tryRegister(44)) - Successfully registered JMX Bean with object name Ratis:service=RaftServer,group=group-5D912F4297E1,id=fd719612-e41a-4f2a-b354-29f14c7a3b16
2019-10-04 08:46:05,832 [pool-77-thread-1] INFO  impl.RoleInfo (RoleInfo.java:updateAndGet(143)) - fe08f3cc-c884-4177-959d-cd08a4a5b8f1: start FollowerState
2019-10-04 08:46:05,833 [pool-77-thread-1] INFO  util.JmxRegister (JmxRegister.java:tryRegister(44)) - Successfully registered JMX Bean with object name Ratis:service=RaftServer,group=group-5D912F4297E1,id=fe08f3cc-c884-4177-959d-cd08a4a5b8f1
2019-10-04 08:46:05,860 [RatisPipelineUtilsThread] INFO  pipeline.PipelineStateManager (PipelineStateManager.java:addPipeline(56)) - Created pipeline Pipeline[ Id: e72d6ef8-2631-4b1b-84f9-5d912f4297e1, Nodes: f9bb2248-9c18-42fa-8a38-ca2699ffbdc2{ip: 192.168.151.111, host: pr-hdds-2238-lzxxv-1908806976, networkLocation: /default-rack, certSerialId: null}fe08f3cc-c884-4177-959d-cd08a4a5b8f1{ip: 192.168.151.111, host: pr-hdds-2238-lzxxv-1908806976, networkLocation: /default-rack, certSerialId: null}fd719612-e41a-4f2a-b354-29f14c7a3b16{ip: 192.168.151.111, host: pr-hdds-2238-lzxxv-1908806976, networkLocation: /default-rack, certSerialId: null}, Type:RATIS, Factor:THREE, State:OPEN]
2019-10-04 08:46:05,901 [main] INFO  impl.MetricsSystemImpl (MetricsSystemImpl.java:init(158)) - XceiverClientMetrics metrics system started (again)
2019-10-04 08:46:06,640 [Thread-238] INFO  container.ReplicationManager (ReplicationManager.java:start(162)) - Starting Replication Monitor Thread.
2019-10-04 08:46:06,648 [ReplicationMonitor] INFO  container.ReplicationManager (ReplicationManager.java:run(225)) - Replication Monitor Thread took 3 milliseconds for processing 1 containers.
2019-10-04 08:46:09,431 [Thread-241] INFO  impl.FollowerState (FollowerState.java:run(108)) - fd719612-e41a-4f2a-b354-29f14c7a3b16@group-4EE2E529EB92-FollowerState: change to CANDIDATE, lastRpcTime:5042ms, electionTimeout:5042ms
2019-10-04 08:46:09,435 [Thread-241] INFO  impl.RoleInfo (RoleInfo.java:shutdownFollowerState(121)) - fd719612-e41a-4f2a-b354-29f14c7a3b16: shutdown FollowerState
2019-10-04 08:46:09,436 [Thread-241] INFO  impl.RaftServerImpl (RaftServerImpl.java:setRole(170)) - fd719612-e41a-4f2a-b354-29f14c7a3b16@group-4EE2E529EB92: changes role from  FOLLOWER to CANDIDATE at term 0 for changeToCandidate
2019-10-04 08:46:09,443 [Thread-241] INFO  impl.RoleInfo (RoleInfo.java:updateAndGet(143)) - fd719612-e41a-4f2a-b354-29f14c7a3b16: start LeaderElection
2019-10-04 08:46:09,463 [fd719612-e41a-4f2a-b354-29f14c7a3b16@group-4EE2E529EB92-LeaderElection1] INFO  impl.LeaderElection (LeaderElection.java:askForVotes(178)) - fd719612-e41a-4f2a-b354-29f14c7a3b16@group-4EE2E529EB92-LeaderElection1: begin an election at term 1 for -1: [fd719612-e41a-4f2a-b354-29f14c7a3b16:192.168.151.111:34500], old=null
2019-10-04 08:46:09,464 [fd719612-e41a-4f2a-b354-29f14c7a3b16@group-4EE2E529EB92-LeaderElection1] INFO  impl.RoleInfo (RoleInfo.java:shutdownLeaderElection(134)) - fd719612-e41a-4f2a-b354-29f14c7a3b16: shutdown LeaderElection
2019-10-04 08:46:09,465 [fd719612-e41a-4f2a-b354-29f14c7a3b16@group-4EE2E529EB92-LeaderElection1] INFO  impl.RaftServerImpl (RaftServerImpl.java:setRole(170)) - fd719612-e41a-4f2a-b354-29f14c7a3b16@group-4EE2E529EB92: changes role from CANDIDATE to LEADER at term 1 for changeToLeader
2019-10-04 08:46:09,465 [fd719612-e41a-4f2a-b354-29f14c7a3b16@group-4EE2E529EB92-LeaderElection1] INFO  impl.RaftServerImpl (ServerState.java:setLeader(255)) - fd719612-e41a-4f2a-b354-29f14c7a3b16@group-4EE2E529EB92: change Leader from null to fd719612-e41a-4f2a-b354-29f14c7a3b16 at term 1 for becomeLeader, leader elected after 5206ms
2019-10-04 08:46:09,472 [fd719612-e41a-4f2a-b354-29f14c7a3b16@group-4EE2E529EB92-LeaderElection1] INFO  server.RaftServerConfigKeys (ConfUtils.java:logGet(43)) - raft.server.staging.catchup.gap = 1000 (default)
2019-10-04 08:46:09,473 [fd719612-e41a-4f2a-b354-29f14c7a3b16@group-4EE2E529EB92-LeaderElection1] INFO  server.RaftServerConfigKeys (ConfUtils.java:logGet(43)) - raft.server.rpc.sleep.time = 25ms (default)
2019-10-04 08:46:09,477 [fd719612-e41a-4f2a-b354-29f14c7a3b16@group-4EE2E529EB92-LeaderElection1] INFO  server.RaftServerConfigKeys (ConfUtils.java:logGet(43)) - raft.server.write.element-limit = 4096 (default)
2019-10-04 08:46:09,480 [fd719612-e41a-4f2a-b354-29f14c7a3b16@group-4EE2E529EB92-LeaderElection1] INFO  server.RaftServerConfigKeys (ConfUtils.java:logGet(43)) - raft.server.watch.timeout = 10s (default)
2019-10-04 08:46:09,480 [fd719612-e41a-4f2a-b354-29f14c7a3b16@group-4EE2E529EB92-LeaderElection1] INFO  server.RaftServerConfigKeys (ConfUtils.java:logGet(43)) - raft.server.watch.timeout.denomination = 1s (default)
2019-10-04 08:46:09,481 [fd719612-e41a-4f2a-b354-29f14c7a3b16@group-4EE2E529EB92-LeaderElection1] INFO  server.RaftServerConfigKeys (ConfUtils.java:logGet(43)) - raft.server.watch.element-limit = 65536 (default)
2019-10-04 08:46:09,491 [fd719612-e41a-4f2a-b354-29f14c7a3b16@group-4EE2E529EB92-LeaderElection1] INFO  impl.RoleInfo (RoleInfo.java:updateAndGet(143)) - fd719612-e41a-4f2a-b354-29f14c7a3b16: start LeaderState
2019-10-04 08:46:09,513 [fd719612-e41a-4f2a-b354-29f14c7a3b16@group-4EE2E529EB92-LeaderElection1] INFO  segmented.SegmentedRaftLogWorker (SegmentedRaftLogWorker.java:startLogSegment(385)) - fd719612-e41a-4f2a-b354-29f14c7a3b16@group-4EE2E529EB92-SegmentedRaftLogWorker: Starting segment from index:0
2019-10-04 08:46:09,521 [fd719612-e41a-4f2a-b354-29f14c7a3b16@group-4EE2E529EB92-LeaderElection1] INFO  impl.RaftServerImpl (ServerState.java:setRaftConf(356)) - fd719612-e41a-4f2a-b354-29f14c7a3b16@group-4EE2E529EB92: set configuration 0: [fd719612-e41a-4f2a-b354-29f14c7a3b16:192.168.151.111:34500], old=null at 0
2019-10-04 08:46:09,629 [Thread-244] INFO  impl.FollowerState (FollowerState.java:run(108)) - cb198935-4283-48d8-a451-673d5bcc91a7@group-54E6B38B0173-FollowerState: change to CANDIDATE, lastRpcTime:5036ms, electionTimeout:5035ms
2019-10-04 08:46:09,638 [Thread-244] INFO  impl.RoleInfo (RoleInfo.java:shutdownFollowerState(121)) - cb198935-4283-48d8-a451-673d5bcc91a7: shutdown FollowerState
2019-10-04 08:46:09,638 [Thread-244] INFO  impl.RaftServerImpl (RaftServerImpl.java:setRole(170)) - cb198935-4283-48d8-a451-673d5bcc91a7@group-54E6B38B0173: changes role from  FOLLOWER to CANDIDATE at term 0 for changeToCandidate
2019-10-04 08:46:09,638 [Thread-244] INFO  impl.RoleInfo (RoleInfo.java:updateAndGet(143)) - cb198935-4283-48d8-a451-673d5bcc91a7: start LeaderElection
2019-10-04 08:46:09,656 [cb198935-4283-48d8-a451-673d5bcc91a7@group-54E6B38B0173-LeaderElection2] INFO  impl.LeaderElection (LeaderElection.java:askForVotes(178)) - cb198935-4283-48d8-a451-673d5bcc91a7@group-54E6B38B0173-LeaderElection2: begin an election at term 1 for -1: [cb198935-4283-48d8-a451-673d5bcc91a7:192.168.151.111:34742], old=null
2019-10-04 08:46:09,657 [cb198935-4283-48d8-a451-673d5bcc91a7@group-54E6B38B0173-LeaderElection2] INFO  impl.RoleInfo (RoleInfo.java:shutdownLeaderElection(134)) - cb198935-4283-48d8-a451-673d5bcc91a7: shutdown LeaderElection
2019-10-04 08:46:09,657 [cb198935-4283-48d8-a451-673d5bcc91a7@group-54E6B38B0173-LeaderElection2] INFO  impl.RaftServerImpl (RaftServerImpl.java:setRole(170)) - cb198935-4283-48d8-a451-673d5bcc91a7@group-54E6B38B0173: changes role from CANDIDATE to LEADER at term 1 for changeToLeader
2019-10-04 08:46:09,657 [cb198935-4283-48d8-a451-673d5bcc91a7@group-54E6B38B0173-LeaderElection2] INFO  impl.RaftServerImpl (ServerState.java:setLeader(255)) - cb198935-4283-48d8-a451-673d5bcc91a7@group-54E6B38B0173: change Leader from null to cb198935-4283-48d8-a451-673d5bcc91a7 at term 1 for becomeLeader, leader elected after 5080ms
2019-10-04 08:46:09,659 [cb198935-4283-48d8-a451-673d5bcc91a7@group-54E6B38B0173-LeaderElection2] INFO  server.RaftServerConfigKeys (ConfUtils.java:logGet(43)) - raft.server.staging.catchup.gap = 1000 (default)
2019-10-04 08:46:09,659 [cb198935-4283-48d8-a451-673d5bcc91a7@group-54E6B38B0173-LeaderElection2] INFO  server.RaftServerConfigKeys (ConfUtils.java:logGet(43)) - raft.server.rpc.sleep.time = 25ms (default)
2019-10-04 08:46:09,659 [cb198935-4283-48d8-a451-673d5bcc91a7@group-54E6B38B0173-LeaderElection2] INFO  server.RaftServerConfigKeys (ConfUtils.java:logGet(43)) - raft.server.write.element-limit = 4096 (default)
2019-10-04 08:46:09,660 [cb198935-4283-48d8-a451-673d5bcc91a7@group-54E6B38B0173-LeaderElection2] INFO  server.RaftServerConfigKeys (ConfUtils.java:logGet(43)) - raft.server.watch.timeout = 10s (default)
2019-10-04 08:46:09,660 [cb198935-4283-48d8-a451-673d5bcc91a7@group-54E6B38B0173-LeaderElection2] INFO  server.RaftServerConfigKeys (ConfUtils.java:logGet(43)) - raft.server.watch.timeout.denomination = 1s (default)
2019-10-04 08:46:09,660 [cb198935-4283-48d8-a451-673d5bcc91a7@group-54E6B38B0173-LeaderElection2] INFO  server.RaftServerConfigKeys (ConfUtils.java:logGet(43)) - raft.server.watch.element-limit = 65536 (default)
2019-10-04 08:46:09,662 [cb198935-4283-48d8-a451-673d5bcc91a7@group-54E6B38B0173-LeaderElection2] INFO  impl.RoleInfo (RoleInfo.java:updateAndGet(143)) - cb198935-4283-48d8-a451-673d5bcc91a7: start LeaderState
2019-10-04 08:46:09,662 [cb198935-4283-48d8-a451-673d5bcc91a7@group-54E6B38B0173-LeaderElection2] INFO  segmented.SegmentedRaftLogWorker (SegmentedRaftLogWorker.java:startLogSegment(385)) - cb198935-4283-48d8-a451-673d5bcc91a7@group-54E6B38B0173-SegmentedRaftLogWorker: Starting segment from index:0
2019-10-04 08:46:09,663 [cb198935-4283-48d8-a451-673d5bcc91a7@group-54E6B38B0173-LeaderElection2] INFO  impl.RaftServerImpl (ServerState.java:setRaftConf(356)) - cb198935-4283-48d8-a451-673d5bcc91a7@group-54E6B38B0173: set configuration 0: [cb198935-4283-48d8-a451-673d5bcc91a7:192.168.151.111:34742], old=null at 0
2019-10-04 08:46:09,746 [fd719612-e41a-4f2a-b354-29f14c7a3b16@group-4EE2E529EB92-SegmentedRaftLogWorker] INFO  segmented.SegmentedRaftLogWorker (SegmentedRaftLogWorker.java:execute(574)) - fd719612-e41a-4f2a-b354-29f14c7a3b16@group-4EE2E529EB92-SegmentedRaftLogWorker: created new log segment /workdir/hadoop-ozone/integration-test/target/test-dir/MiniOzoneClusterImpl-b87a1b95-0ca3-4047-8457-6f6b40dbe18f/datanode-0/data/ratis/0a79af95-e581-4065-afff-4ee2e529eb92/current/log_inprogress_0
2019-10-04 08:46:09,746 [cb198935-4283-48d8-a451-673d5bcc91a7@group-54E6B38B0173-SegmentedRaftLogWorker] INFO  segmented.SegmentedRaftLogWorker (SegmentedRaftLogWorker.java:execute(574)) - cb198935-4283-48d8-a451-673d5bcc91a7@group-54E6B38B0173-SegmentedRaftLogWorker: created new log segment /workdir/hadoop-ozone/integration-test/target/test-dir/MiniOzoneClusterImpl-b87a1b95-0ca3-4047-8457-6f6b40dbe18f/datanode-6/data/ratis/836cc2fd-3312-4369-961d-54e6b38b0173/current/log_inprogress_0
2019-10-04 08:46:09,876 [Thread-248] INFO  impl.FollowerState (FollowerState.java:run(108)) - 20cc1711-a1c6-4681-b1da-72967494da33@group-F3374782DB2C-FollowerState: change to CANDIDATE, lastRpcTime:5100ms, electionTimeout:5100ms
2019-10-04 08:46:09,880 [Thread-248] INFO  impl.RoleInfo (RoleInfo.java:shutdownFollowerState(121)) - 20cc1711-a1c6-4681-b1da-72967494da33: shutdown FollowerState
2019-10-04 08:46:09,880 [Thread-248] INFO  impl.RaftServerImpl (RaftServerImpl.java:setRole(170)) - 20cc1711-a1c6-4681-b1da-72967494da33@group-F3374782DB2C: changes role from  FOLLOWER to CANDIDATE at term 0 for changeToCandidate
2019-10-04 08:46:09,880 [Thread-248] INFO  impl.RoleInfo (RoleInfo.java:updateAndGet(143)) - 20cc1711-a1c6-4681-b1da-72967494da33: start LeaderElection
2019-10-04 08:46:09,898 [20cc1711-a1c6-4681-b1da-72967494da33@group-F3374782DB2C-LeaderElection3] INFO  impl.LeaderElection (LeaderElection.java:askForVotes(178)) - 20cc1711-a1c6-4681-b1da-72967494da33@group-F3374782DB2C-LeaderElection3: begin an election at term 1 for -1: [20cc1711-a1c6-4681-b1da-72967494da33:192.168.151.111:44316], old=null
2019-10-04 08:46:09,900 [20cc1711-a1c6-4681-b1da-72967494da33@group-F3374782DB2C-LeaderElection3] INFO  impl.RoleInfo (RoleInfo.java:shutdownLeaderElection(134)) - 20cc1711-a1c6-4681-b1da-72967494da33: shutdown LeaderElection
2019-10-04 08:46:09,900 [20cc1711-a1c6-4681-b1da-72967494da33@group-F3374782DB2C-LeaderElection3] INFO  impl.RaftServerImpl (RaftServerImpl.java:setRole(170)) - 20cc1711-a1c6-4681-b1da-72967494da33@group-F3374782DB2C: changes role from CANDIDATE to LEADER at term 1 for changeToLeader
2019-10-04 08:46:09,900 [20cc1711-a1c6-4681-b1da-72967494da33@group-F3374782DB2C-LeaderElection3] INFO  impl.RaftServerImpl (ServerState.java:setLeader(255)) - 20cc1711-a1c6-4681-b1da-72967494da33@group-F3374782DB2C: change Leader from null to 20cc1711-a1c6-4681-b1da-72967494da33 at term 1 for becomeLeader, leader elected after 5191ms
2019-10-04 08:46:09,903 [20cc1711-a1c6-4681-b1da-72967494da33@group-F3374782DB2C-LeaderElection3] INFO  server.RaftServerConfigKeys (ConfUtils.java:logGet(43)) - raft.server.staging.catchup.gap = 1000 (default)
2019-10-04 08:46:09,903 [20cc1711-a1c6-4681-b1da-72967494da33@group-F3374782DB2C-LeaderElection3] INFO  server.RaftServerConfigKeys (ConfUtils.java:logGet(43)) - raft.server.rpc.sleep.time = 25ms (default)
2019-10-04 08:46:09,903 [20cc1711-a1c6-4681-b1da-72967494da33@group-F3374782DB2C-LeaderElection3] INFO  server.RaftServerConfigKeys (ConfUtils.java:logGet(43)) - raft.server.write.element-limit = 4096 (default)
2019-10-04 08:46:09,903 [20cc1711-a1c6-4681-b1da-72967494da33@group-F3374782DB2C-LeaderElection3] INFO  server.RaftServerConfigKeys (ConfUtils.java:logGet(43)) - raft.server.watch.timeout = 10s (default)
2019-10-04 08:46:09,904 [20cc1711-a1c6-4681-b1da-72967494da33@group-F3374782DB2C-LeaderElection3] INFO  server.RaftServerConfigKeys (ConfUtils.java:logGet(43)) - raft.server.watch.timeout.denomination = 1s (default)
2019-10-04 08:46:09,904 [20cc1711-a1c6-4681-b1da-72967494da33@group-F3374782DB2C-LeaderElection3] INFO  server.RaftServerConfigKeys (ConfUtils.java:logGet(43)) - raft.server.watch.element-limit = 65536 (default)
2019-10-04 08:46:09,907 [20cc1711-a1c6-4681-b1da-72967494da33@group-F3374782DB2C-LeaderElection3] INFO  impl.RoleInfo (RoleInfo.java:updateAndGet(143)) - 20cc1711-a1c6-4681-b1da-72967494da33: start LeaderState
2019-10-04 08:46:09,907 [20cc1711-a1c6-4681-b1da-72967494da33@group-F3374782DB2C-LeaderElection3] INFO  segmented.SegmentedRaftLogWorker (SegmentedRaftLogWorker.java:startLogSegment(385)) - 20cc1711-a1c6-4681-b1da-72967494da33@group-F3374782DB2C-SegmentedRaftLogWorker: Starting segment from index:0
2019-10-04 08:46:09,908 [20cc1711-a1c6-4681-b1da-72967494da33@group-F3374782DB2C-LeaderElection3] INFO  impl.RaftServerImpl (ServerState.java:setRaftConf(356)) - 20cc1711-a1c6-4681-b1da-72967494da33@group-F3374782DB2C: set configuration 0: [20cc1711-a1c6-4681-b1da-72967494da33:192.168.151.111:44316], old=null at 0
2019-10-04 08:46:09,950 [20cc1711-a1c6-4681-b1da-72967494da33@group-F3374782DB2C-SegmentedRaftLogWorker] INFO  segmented.SegmentedRaftLogWorker (SegmentedRaftLogWorker.java:execute(574)) - 20cc1711-a1c6-4681-b1da-72967494da33@group-F3374782DB2C-SegmentedRaftLogWorker: created new log segment /workdir/hadoop-ozone/integration-test/target/test-dir/MiniOzoneClusterImpl-b87a1b95-0ca3-4047-8457-6f6b40dbe18f/datanode-1/data/ratis/23e60465-a422-4e70-bac9-f3374782db2c/current/log_inprogress_0
2019-10-04 08:46:10,036 [Thread-251] INFO  impl.FollowerState (FollowerState.java:run(108)) - 7f562cf2-a919-4f6a-a3b2-da45eba29cb3@group-A69F75B3B0B6-FollowerState: change to CANDIDATE, lastRpcTime:5151ms, electionTimeout:5151ms
2019-10-04 08:46:10,047 [Thread-251] INFO  impl.RoleInfo (RoleInfo.java:shutdownFollowerState(121)) - 7f562cf2-a919-4f6a-a3b2-da45eba29cb3: shutdown FollowerState
2019-10-04 08:46:10,047 [Thread-251] INFO  impl.RaftServerImpl (RaftServerImpl.java:setRole(170)) - 7f562cf2-a919-4f6a-a3b2-da45eba29cb3@group-A69F75B3B0B6: changes role from  FOLLOWER to CANDIDATE at term 0 for changeToCandidate
2019-10-04 08:46:10,048 [Thread-251] INFO  impl.RoleInfo (RoleInfo.java:updateAndGet(143)) - 7f562cf2-a919-4f6a-a3b2-da45eba29cb3: start LeaderElection
2019-10-04 08:46:10,067 [7f562cf2-a919-4f6a-a3b2-da45eba29cb3@group-A69F75B3B0B6-LeaderElection4] INFO  impl.LeaderElection (LeaderElection.java:askForVotes(178)) - 7f562cf2-a919-4f6a-a3b2-da45eba29cb3@group-A69F75B3B0B6-LeaderElection4: begin an election at term 1 for -1: [7f562cf2-a919-4f6a-a3b2-da45eba29cb3:192.168.151.111:33119], old=null
2019-10-04 08:46:10,067 [7f562cf2-a919-4f6a-a3b2-da45eba29cb3@group-A69F75B3B0B6-LeaderElection4] INFO  impl.RoleInfo (RoleInfo.java:shutdownLeaderElection(134)) - 7f562cf2-a919-4f6a-a3b2-da45eba29cb3: shutdown LeaderElection
2019-10-04 08:46:10,067 [7f562cf2-a919-4f6a-a3b2-da45eba29cb3@group-A69F75B3B0B6-LeaderElection4] INFO  impl.RaftServerImpl (RaftServerImpl.java:setRole(170)) - 7f562cf2-a919-4f6a-a3b2-da45eba29cb3@group-A69F75B3B0B6: changes role from CANDIDATE to LEADER at term 1 for changeToLeader
2019-10-04 08:46:10,067 [7f562cf2-a919-4f6a-a3b2-da45eba29cb3@group-A69F75B3B0B6-LeaderElection4] INFO  impl.RaftServerImpl (ServerState.java:setLeader(255)) - 7f562cf2-a919-4f6a-a3b2-da45eba29cb3@group-A69F75B3B0B6: change Leader from null to 7f562cf2-a919-4f6a-a3b2-da45eba29cb3 at term 1 for becomeLeader, leader elected after 5204ms
2019-10-04 08:46:10,069 [7f562cf2-a919-4f6a-a3b2-da45eba29cb3@group-A69F75B3B0B6-LeaderElection4] INFO  server.RaftServerConfigKeys (ConfUtils.java:logGet(43)) - raft.server.staging.catchup.gap = 1000 (default)
2019-10-04 08:46:10,069 [7f562cf2-a919-4f6a-a3b2-da45eba29cb3@group-A69F75B3B0B6-LeaderElection4] INFO  server.RaftServerConfigKeys (ConfUtils.java:logGet(43)) - raft.server.rpc.sleep.time = 25ms (default)
2019-10-04 08:46:10,070 [7f562cf2-a919-4f6a-a3b2-da45eba29cb3@group-A69F75B3B0B6-LeaderElection4] INFO  server.RaftServerConfigKeys (ConfUtils.java:logGet(43)) - raft.server.write.element-limit = 4096 (default)
2019-10-04 08:46:10,070 [7f562cf2-a919-4f6a-a3b2-da45eba29cb3@group-A69F75B3B0B6-LeaderElection4] INFO  server.RaftServerConfigKeys (ConfUtils.java:logGet(43)) - raft.server.watch.timeout = 10s (default)
2019-10-04 08:46:10,070 [7f562cf2-a919-4f6a-a3b2-da45eba29cb3@group-A69F75B3B0B6-LeaderElection4] INFO  server.RaftServerConfigKeys (ConfUtils.java:logGet(43)) - raft.server.watch.timeout.denomination = 1s (default)
2019-10-04 08:46:10,070 [7f562cf2-a919-4f6a-a3b2-da45eba29cb3@group-A69F75B3B0B6-LeaderElection4] INFO  server.RaftServerConfigKeys (ConfUtils.java:logGet(43)) - raft.server.watch.element-limit = 65536 (default)
2019-10-04 08:46:10,074 [7f562cf2-a919-4f6a-a3b2-da45eba29cb3@group-A69F75B3B0B6-LeaderElection4] INFO  impl.RoleInfo (RoleInfo.java:updateAndGet(143)) - 7f562cf2-a919-4f6a-a3b2-da45eba29cb3: start LeaderState
2019-10-04 08:46:10,074 [7f562cf2-a919-4f6a-a3b2-da45eba29cb3@group-A69F75B3B0B6-LeaderElection4] INFO  segmented.SegmentedRaftLogWorker (SegmentedRaftLogWorker.java:startLogSegment(385)) - 7f562cf2-a919-4f6a-a3b2-da45eba29cb3@group-A69F75B3B0B6-SegmentedRaftLogWorker: Starting segment from index:0
2019-10-04 08:46:10,075 [7f562cf2-a919-4f6a-a3b2-da45eba29cb3@group-A69F75B3B0B6-LeaderElection4] INFO  impl.RaftServerImpl (ServerState.java:setRaftConf(356)) - 7f562cf2-a919-4f6a-a3b2-da45eba29cb3@group-A69F75B3B0B6: set configuration 0: [7f562cf2-a919-4f6a-a3b2-da45eba29cb3:192.168.151.111:33119], old=null at 0
2019-10-04 08:46:10,128 [7f562cf2-a919-4f6a-a3b2-da45eba29cb3@group-A69F75B3B0B6-SegmentedRaftLogWorker] INFO  segmented.SegmentedRaftLogWorker (SegmentedRaftLogWorker.java:execute(574)) - 7f562cf2-a919-4f6a-a3b2-da45eba29cb3@group-A69F75B3B0B6-SegmentedRaftLogWorker: created new log segment /workdir/hadoop-ozone/integration-test/target/test-dir/MiniOzoneClusterImpl-b87a1b95-0ca3-4047-8457-6f6b40dbe18f/datanode-3/data/ratis/abfad3cd-a6c4-47f8-9427-a69f75b3b0b6/current/log_inprogress_0
2019-10-04 08:46:10,168 [Thread-255] INFO  impl.FollowerState (FollowerState.java:run(108)) - f9bb2248-9c18-42fa-8a38-ca2699ffbdc2@group-CD60979C35D2-FollowerState: change to CANDIDATE, lastRpcTime:5166ms, electionTimeout:5166ms
2019-10-04 08:46:10,168 [Thread-255] INFO  impl.RoleInfo (RoleInfo.java:shutdownFollowerState(121)) - f9bb2248-9c18-42fa-8a38-ca2699ffbdc2: shutdown FollowerState
2019-10-04 08:46:10,168 [Thread-255] INFO  impl.RaftServerImpl (RaftServerImpl.java:setRole(170)) - f9bb2248-9c18-42fa-8a38-ca2699ffbdc2@group-CD60979C35D2: changes role from  FOLLOWER to CANDIDATE at term 0 for changeToCandidate
2019-10-04 08:46:10,169 [Thread-255] INFO  impl.RoleInfo (RoleInfo.java:updateAndGet(143)) - f9bb2248-9c18-42fa-8a38-ca2699ffbdc2: start LeaderElection
2019-10-04 08:46:10,189 [f9bb2248-9c18-42fa-8a38-ca2699ffbdc2@group-CD60979C35D2-LeaderElection5] INFO  impl.LeaderElection (LeaderElection.java:askForVotes(178)) - f9bb2248-9c18-42fa-8a38-ca2699ffbdc2@group-CD60979C35D2-LeaderElection5: begin an election at term 1 for -1: [f9bb2248-9c18-42fa-8a38-ca2699ffbdc2:192.168.151.111:35477], old=null
2019-10-04 08:46:10,193 [f9bb2248-9c18-42fa-8a38-ca2699ffbdc2@group-CD60979C35D2-LeaderElection5] INFO  impl.RoleInfo (RoleInfo.java:shutdownLeaderElection(134)) - f9bb2248-9c18-42fa-8a38-ca2699ffbdc2: shutdown LeaderElection
2019-10-04 08:46:10,195 [f9bb2248-9c18-42fa-8a38-ca2699ffbdc2@group-CD60979C35D2-LeaderElection5] INFO  impl.RaftServerImpl (RaftServerImpl.java:setRole(170)) - f9bb2248-9c18-42fa-8a38-ca2699ffbdc2@group-CD60979C35D2: changes role from CANDIDATE to LEADER at term 1 for changeToLeader
2019-10-04 08:46:10,195 [f9bb2248-9c18-42fa-8a38-ca2699ffbdc2@group-CD60979C35D2-LeaderElection5] INFO  impl.RaftServerImpl (ServerState.java:setLeader(255)) - f9bb2248-9c18-42fa-8a38-ca2699ffbdc2@group-CD60979C35D2: change Leader from null to f9bb2248-9c18-42fa-8a38-ca2699ffbdc2 at term 1 for becomeLeader, leader elected after 5206ms
2019-10-04 08:46:10,197 [f9bb2248-9c18-42fa-8a38-ca2699ffbdc2@group-CD60979C35D2-LeaderElection5] INFO  server.RaftServerConfigKeys (ConfUtils.java:logGet(43)) - raft.server.staging.catchup.gap = 1000 (default)
2019-10-04 08:46:10,198 [f9bb2248-9c18-42fa-8a38-ca2699ffbdc2@group-CD60979C35D2-LeaderElection5] INFO  server.RaftServerConfigKeys (ConfUtils.java:logGet(43)) - raft.server.rpc.sleep.time = 25ms (default)
2019-10-04 08:46:10,198 [f9bb2248-9c18-42fa-8a38-ca2699ffbdc2@group-CD60979C35D2-LeaderElection5] INFO  server.RaftServerConfigKeys (ConfUtils.java:logGet(43)) - raft.server.write.element-limit = 4096 (default)
2019-10-04 08:46:10,200 [f9bb2248-9c18-42fa-8a38-ca2699ffbdc2@group-CD60979C35D2-LeaderElection5] INFO  server.RaftServerConfigKeys (ConfUtils.java:logGet(43)) - raft.server.watch.timeout = 10s (default)
2019-10-04 08:46:10,200 [f9bb2248-9c18-42fa-8a38-ca2699ffbdc2@group-CD60979C35D2-LeaderElection5] INFO  server.RaftServerConfigKeys (ConfUtils.java:logGet(43)) - raft.server.watch.timeout.denomination = 1s (default)
2019-10-04 08:46:10,200 [f9bb2248-9c18-42fa-8a38-ca2699ffbdc2@group-CD60979C35D2-LeaderElection5] INFO  server.RaftServerConfigKeys (ConfUtils.java:logGet(43)) - raft.server.watch.element-limit = 65536 (default)
2019-10-04 08:46:10,205 [f9bb2248-9c18-42fa-8a38-ca2699ffbdc2@group-CD60979C35D2-LeaderElection5] INFO  impl.RoleInfo (RoleInfo.java:updateAndGet(143)) - f9bb2248-9c18-42fa-8a38-ca2699ffbdc2: start LeaderState
2019-10-04 08:46:10,206 [f9bb2248-9c18-42fa-8a38-ca2699ffbdc2@group-CD60979C35D2-LeaderElection5] INFO  segmented.SegmentedRaftLogWorker (SegmentedRaftLogWorker.java:startLogSegment(385)) - f9bb2248-9c18-42fa-8a38-ca2699ffbdc2@group-CD60979C35D2-SegmentedRaftLogWorker: Starting segment from index:0
2019-10-04 08:46:10,207 [f9bb2248-9c18-42fa-8a38-ca2699ffbdc2@group-CD60979C35D2-LeaderElection5] INFO  impl.RaftServerImpl (ServerState.java:setRaftConf(356)) - f9bb2248-9c18-42fa-8a38-ca2699ffbdc2@group-CD60979C35D2: set configuration 0: [f9bb2248-9c18-42fa-8a38-ca2699ffbdc2:192.168.151.111:35477], old=null at 0
2019-10-04 08:46:10,252 [Thread-258] INFO  impl.FollowerState (FollowerState.java:run(108)) - fe08f3cc-c884-4177-959d-cd08a4a5b8f1@group-665AAF9BEA52-FollowerState: change to CANDIDATE, lastRpcTime:5148ms, electionTimeout:5148ms
2019-10-04 08:46:10,252 [Thread-258] INFO  impl.RoleInfo (RoleInfo.java:shutdownFollowerState(121)) - fe08f3cc-c884-4177-959d-cd08a4a5b8f1: shutdown FollowerState
2019-10-04 08:46:10,252 [Thread-258] INFO  impl.RaftServerImpl (RaftServerImpl.java:setRole(170)) - fe08f3cc-c884-4177-959d-cd08a4a5b8f1@group-665AAF9BEA52: changes role from  FOLLOWER to CANDIDATE at term 0 for changeToCandidate
2019-10-04 08:46:10,252 [Thread-258] INFO  impl.RoleInfo (RoleInfo.java:updateAndGet(143)) - fe08f3cc-c884-4177-959d-cd08a4a5b8f1: start LeaderElection
2019-10-04 08:46:10,257 [f9bb2248-9c18-42fa-8a38-ca2699ffbdc2@group-CD60979C35D2-SegmentedRaftLogWorker] INFO  segmented.SegmentedRaftLogWorker (SegmentedRaftLogWorker.java:execute(574)) - f9bb2248-9c18-42fa-8a38-ca2699ffbdc2@group-CD60979C35D2-SegmentedRaftLogWorker: created new log segment /workdir/hadoop-ozone/integration-test/target/test-dir/MiniOzoneClusterImpl-b87a1b95-0ca3-4047-8457-6f6b40dbe18f/datanode-2/data/ratis/8aad3455-fa15-49f8-a8fc-cd60979c35d2/current/log_inprogress_0
2019-10-04 08:46:10,270 [fe08f3cc-c884-4177-959d-cd08a4a5b8f1@group-665AAF9BEA52-LeaderElection6] INFO  impl.LeaderElection (LeaderElection.java:askForVotes(178)) - fe08f3cc-c884-4177-959d-cd08a4a5b8f1@group-665AAF9BEA52-LeaderElection6: begin an election at term 1 for -1: [fe08f3cc-c884-4177-959d-cd08a4a5b8f1:192.168.151.111:32794], old=null
2019-10-04 08:46:10,271 [fe08f3cc-c884-4177-959d-cd08a4a5b8f1@group-665AAF9BEA52-LeaderElection6] INFO  impl.RoleInfo (RoleInfo.java:shutdownLeaderElection(134)) - fe08f3cc-c884-4177-959d-cd08a4a5b8f1: shutdown LeaderElection
2019-10-04 08:46:10,271 [fe08f3cc-c884-4177-959d-cd08a4a5b8f1@group-665AAF9BEA52-LeaderElection6] INFO  impl.RaftServerImpl (RaftServerImpl.java:setRole(170)) - fe08f3cc-c884-4177-959d-cd08a4a5b8f1@group-665AAF9BEA52: changes role from CANDIDATE to LEADER at term 1 for changeToLeader
2019-10-04 08:46:10,271 [fe08f3cc-c884-4177-959d-cd08a4a5b8f1@group-665AAF9BEA52-LeaderElection6] INFO  impl.RaftServerImpl (ServerState.java:setLeader(255)) - fe08f3cc-c884-4177-959d-cd08a4a5b8f1@group-665AAF9BEA52: change Leader from null to fe08f3cc-c884-4177-959d-cd08a4a5b8f1 at term 1 for becomeLeader, leader elected after 5177ms
2019-10-04 08:46:10,273 [fe08f3cc-c884-4177-959d-cd08a4a5b8f1@group-665AAF9BEA52-LeaderElection6] INFO  server.RaftServerConfigKeys (ConfUtils.java:logGet(43)) - raft.server.staging.catchup.gap = 1000 (default)
2019-10-04 08:46:10,273 [fe08f3cc-c884-4177-959d-cd08a4a5b8f1@group-665AAF9BEA52-LeaderElection6] INFO  server.RaftServerConfigKeys (ConfUtils.java:logGet(43)) - raft.server.rpc.sleep.time = 25ms (default)
2019-10-04 08:46:10,273 [fe08f3cc-c884-4177-959d-cd08a4a5b8f1@group-665AAF9BEA52-LeaderElection6] INFO  server.RaftServerConfigKeys (ConfUtils.java:logGet(43)) - raft.server.write.element-limit = 4096 (default)
2019-10-04 08:46:10,274 [fe08f3cc-c884-4177-959d-cd08a4a5b8f1@group-665AAF9BEA52-LeaderElection6] INFO  server.RaftServerConfigKeys (ConfUtils.java:logGet(43)) - raft.server.watch.timeout = 10s (default)
2019-10-04 08:46:10,274 [fe08f3cc-c884-4177-959d-cd08a4a5b8f1@group-665AAF9BEA52-LeaderElection6] INFO  server.RaftServerConfigKeys (ConfUtils.java:logGet(43)) - raft.server.watch.timeout.denomination = 1s (default)
2019-10-04 08:46:10,274 [fe08f3cc-c884-4177-959d-cd08a4a5b8f1@group-665AAF9BEA52-LeaderElection6] INFO  server.RaftServerConfigKeys (ConfUtils.java:logGet(43)) - raft.server.watch.element-limit = 65536 (default)
2019-10-04 08:46:10,277 [fe08f3cc-c884-4177-959d-cd08a4a5b8f1@group-665AAF9BEA52-LeaderElection6] INFO  impl.RoleInfo (RoleInfo.java:updateAndGet(143)) - fe08f3cc-c884-4177-959d-cd08a4a5b8f1: start LeaderState
2019-10-04 08:46:10,277 [fe08f3cc-c884-4177-959d-cd08a4a5b8f1@group-665AAF9BEA52-LeaderElection6] INFO  segmented.SegmentedRaftLogWorker (SegmentedRaftLogWorker.java:startLogSegment(385)) - fe08f3cc-c884-4177-959d-cd08a4a5b8f1@group-665AAF9BEA52-SegmentedRaftLogWorker: Starting segment from index:0
2019-10-04 08:46:10,278 [fe08f3cc-c884-4177-959d-cd08a4a5b8f1@group-665AAF9BEA52-LeaderElection6] INFO  impl.RaftServerImpl (ServerState.java:setRaftConf(356)) - fe08f3cc-c884-4177-959d-cd08a4a5b8f1@group-665AAF9BEA52: set configuration 0: [fe08f3cc-c884-4177-959d-cd08a4a5b8f1:192.168.151.111:32794], old=null at 0
2019-10-04 08:46:10,331 [fe08f3cc-c884-4177-959d-cd08a4a5b8f1@group-665AAF9BEA52-SegmentedRaftLogWorker] INFO  segmented.SegmentedRaftLogWorker (SegmentedRaftLogWorker.java:execute(574)) - fe08f3cc-c884-4177-959d-cd08a4a5b8f1@group-665AAF9BEA52-SegmentedRaftLogWorker: created new log segment /workdir/hadoop-ozone/integration-test/target/test-dir/MiniOzoneClusterImpl-b87a1b95-0ca3-4047-8457-6f6b40dbe18f/datanode-5/data/ratis/723c5e0c-4926-4a7c-b46b-665aaf9bea52/current/log_inprogress_0
2019-10-04 08:46:10,659 [Thread-261] INFO  impl.FollowerState (FollowerState.java:run(108)) - ce92d9a2-1aaa-467a-9c30-b2880825f0b0@group-DFD47BED9031-FollowerState: change to CANDIDATE, lastRpcTime:5030ms, electionTimeout:5030ms
2019-10-04 08:46:10,659 [Thread-261] INFO  impl.RoleInfo (RoleInfo.java:shutdownFollowerState(121)) - ce92d9a2-1aaa-467a-9c30-b2880825f0b0: shutdown FollowerState
2019-10-04 08:46:10,659 [Thread-261] INFO  impl.RaftServerImpl (RaftServerImpl.java:setRole(170)) - ce92d9a2-1aaa-467a-9c30-b2880825f0b0@group-DFD47BED9031: changes role from  FOLLOWER to CANDIDATE at term 0 for changeToCandidate
2019-10-04 08:46:10,660 [Thread-261] INFO  impl.RoleInfo (RoleInfo.java:updateAndGet(143)) - ce92d9a2-1aaa-467a-9c30-b2880825f0b0: start LeaderElection
2019-10-04 08:46:10,679 [ce92d9a2-1aaa-467a-9c30-b2880825f0b0@group-DFD47BED9031-LeaderElection7] INFO  impl.LeaderElection (LeaderElection.java:askForVotes(178)) - ce92d9a2-1aaa-467a-9c30-b2880825f0b0@group-DFD47BED9031-LeaderElection7: begin an election at term 1 for -1: [ce92d9a2-1aaa-467a-9c30-b2880825f0b0:192.168.151.111:39542], old=null
2019-10-04 08:46:10,679 [ce92d9a2-1aaa-467a-9c30-b2880825f0b0@group-DFD47BED9031-LeaderElection7] INFO  impl.RoleInfo (RoleInfo.java:shutdownLeaderElection(134)) - ce92d9a2-1aaa-467a-9c30-b2880825f0b0: shutdown LeaderElection
2019-10-04 08:46:10,679 [ce92d9a2-1aaa-467a-9c30-b2880825f0b0@group-DFD47BED9031-LeaderElection7] INFO  impl.RaftServerImpl (RaftServerImpl.java:setRole(170)) - ce92d9a2-1aaa-467a-9c30-b2880825f0b0@group-DFD47BED9031: changes role from CANDIDATE to LEADER at term 1 for changeToLeader
2019-10-04 08:46:10,679 [ce92d9a2-1aaa-467a-9c30-b2880825f0b0@group-DFD47BED9031-LeaderElection7] INFO  impl.RaftServerImpl (ServerState.java:setLeader(255)) - ce92d9a2-1aaa-467a-9c30-b2880825f0b0@group-DFD47BED9031: change Leader from null to ce92d9a2-1aaa-467a-9c30-b2880825f0b0 at term 1 for becomeLeader, leader elected after 5069ms
2019-10-04 08:46:10,681 [ce92d9a2-1aaa-467a-9c30-b2880825f0b0@group-DFD47BED9031-LeaderElection7] INFO  server.RaftServerConfigKeys (ConfUtils.java:logGet(43)) - raft.server.staging.catchup.gap = 1000 (default)
2019-10-04 08:46:10,681 [ce92d9a2-1aaa-467a-9c30-b2880825f0b0@group-DFD47BED9031-LeaderElection7] INFO  server.RaftServerConfigKeys (ConfUtils.java:logGet(43)) - raft.server.rpc.sleep.time = 25ms (default)
2019-10-04 08:46:10,682 [ce92d9a2-1aaa-467a-9c30-b2880825f0b0@group-DFD47BED9031-LeaderElection7] INFO  server.RaftServerConfigKeys (ConfUtils.java:logGet(43)) - raft.server.write.element-limit = 4096 (default)
2019-10-04 08:46:10,682 [ce92d9a2-1aaa-467a-9c30-b2880825f0b0@group-DFD47BED9031-LeaderElection7] INFO  server.RaftServerConfigKeys (ConfUtils.java:logGet(43)) - raft.server.watch.timeout = 10s (default)
2019-10-04 08:46:10,682 [ce92d9a2-1aaa-467a-9c30-b2880825f0b0@group-DFD47BED9031-LeaderElection7] INFO  server.RaftServerConfigKeys (ConfUtils.java:logGet(43)) - raft.server.watch.timeout.denomination = 1s (default)
2019-10-04 08:46:10,682 [ce92d9a2-1aaa-467a-9c30-b2880825f0b0@group-DFD47BED9031-LeaderElection7] INFO  server.RaftServerConfigKeys (ConfUtils.java:logGet(43)) - raft.server.watch.element-limit = 65536 (default)
2019-10-04 08:46:10,685 [ce92d9a2-1aaa-467a-9c30-b2880825f0b0@group-DFD47BED9031-LeaderElection7] INFO  impl.RoleInfo (RoleInfo.java:updateAndGet(143)) - ce92d9a2-1aaa-467a-9c30-b2880825f0b0: start LeaderState
2019-10-04 08:46:10,686 [ce92d9a2-1aaa-467a-9c30-b2880825f0b0@group-DFD47BED9031-LeaderElection7] INFO  segmented.SegmentedRaftLogWorker (SegmentedRaftLogWorker.java:startLogSegment(385)) - ce92d9a2-1aaa-467a-9c30-b2880825f0b0@group-DFD47BED9031-SegmentedRaftLogWorker: Starting segment from index:0
2019-10-04 08:46:10,687 [ce92d9a2-1aaa-467a-9c30-b2880825f0b0@group-DFD47BED9031-LeaderElection7] INFO  impl.RaftServerImpl (ServerState.java:setRaftConf(356)) - ce92d9a2-1aaa-467a-9c30-b2880825f0b0@group-DFD47BED9031: set configuration 0: [ce92d9a2-1aaa-467a-9c30-b2880825f0b0:192.168.151.111:39542], old=null at 0
2019-10-04 08:46:10,733 [ce92d9a2-1aaa-467a-9c30-b2880825f0b0@group-DFD47BED9031-SegmentedRaftLogWorker] INFO  segmented.SegmentedRaftLogWorker (SegmentedRaftLogWorker.java:execute(574)) - ce92d9a2-1aaa-467a-9c30-b2880825f0b0@group-DFD47BED9031-SegmentedRaftLogWorker: created new log segment /workdir/hadoop-ozone/integration-test/target/test-dir/MiniOzoneClusterImpl-b87a1b95-0ca3-4047-8457-6f6b40dbe18f/datanode-4/data/ratis/c9c8ec0e-15bf-4654-abad-dfd47bed9031/current/log_inprogress_0
2019-10-04 08:46:10,744 [Thread-266] INFO  impl.FollowerState (FollowerState.java:run(108)) - cb198935-4283-48d8-a451-673d5bcc91a7@group-FA642F1BFB49-FollowerState: change to CANDIDATE, lastRpcTime:5018ms, electionTimeout:5018ms
2019-10-04 08:46:10,744 [Thread-266] INFO  impl.RoleInfo (RoleInfo.java:shutdownFollowerState(121)) - cb198935-4283-48d8-a451-673d5bcc91a7: shutdown FollowerState
2019-10-04 08:46:10,744 [Thread-266] INFO  impl.RaftServerImpl (RaftServerImpl.java:setRole(170)) - cb198935-4283-48d8-a451-673d5bcc91a7@group-FA642F1BFB49: changes role from  FOLLOWER to CANDIDATE at term 0 for changeToCandidate
2019-10-04 08:46:10,745 [Thread-266] INFO  impl.RoleInfo (RoleInfo.java:updateAndGet(143)) - cb198935-4283-48d8-a451-673d5bcc91a7: start LeaderElection
2019-10-04 08:46:10,762 [cb198935-4283-48d8-a451-673d5bcc91a7@group-FA642F1BFB49-LeaderElection8] INFO  impl.LeaderElection (LeaderElection.java:askForVotes(178)) - cb198935-4283-48d8-a451-673d5bcc91a7@group-FA642F1BFB49-LeaderElection8: begin an election at term 1 for -1: [7f562cf2-a919-4f6a-a3b2-da45eba29cb3:192.168.151.111:33119, 20cc1711-a1c6-4681-b1da-72967494da33:192.168.151.111:44316, cb198935-4283-48d8-a451-673d5bcc91a7:192.168.151.111:34742], old=null
2019-10-04 08:46:10,780 [Thread-267] INFO  impl.FollowerState (FollowerState.java:run(108)) - 20cc1711-a1c6-4681-b1da-72967494da33@group-FA642F1BFB49-FollowerState: change to CANDIDATE, lastRpcTime:5050ms, electionTimeout:5045ms
2019-10-04 08:46:10,786 [Thread-267] INFO  impl.RoleInfo (RoleInfo.java:shutdownFollowerState(121)) - 20cc1711-a1c6-4681-b1da-72967494da33: shutdown FollowerState
2019-10-04 08:46:10,786 [Thread-267] INFO  impl.RaftServerImpl (RaftServerImpl.java:setRole(170)) - 20cc1711-a1c6-4681-b1da-72967494da33@group-FA642F1BFB49: changes role from  FOLLOWER to CANDIDATE at term 0 for changeToCandidate
2019-10-04 08:46:10,787 [Thread-267] INFO  impl.RoleInfo (RoleInfo.java:updateAndGet(143)) - 20cc1711-a1c6-4681-b1da-72967494da33: start LeaderElection
2019-10-04 08:46:10,801 [20cc1711-a1c6-4681-b1da-72967494da33@group-FA642F1BFB49-LeaderElection9] INFO  impl.LeaderElection (LeaderElection.java:askForVotes(178)) - 20cc1711-a1c6-4681-b1da-72967494da33@group-FA642F1BFB49-LeaderElection9: begin an election at term 1 for -1: [7f562cf2-a919-4f6a-a3b2-da45eba29cb3:192.168.151.111:33119, 20cc1711-a1c6-4681-b1da-72967494da33:192.168.151.111:44316, cb198935-4283-48d8-a451-673d5bcc91a7:192.168.151.111:34742], old=null
2019-10-04 08:46:10,807 [grpc-default-executor-0] INFO  impl.RaftServerImpl (RaftServerImpl.java:setRole(170)) - 7f562cf2-a919-4f6a-a3b2-da45eba29cb3@group-FA642F1BFB49: changes role from  FOLLOWER to FOLLOWER at term 1 for recognizeCandidate:cb198935-4283-48d8-a451-673d5bcc91a7
2019-10-04 08:46:10,807 [grpc-default-executor-0] INFO  impl.RoleInfo (RoleInfo.java:shutdownFollowerState(121)) - 7f562cf2-a919-4f6a-a3b2-da45eba29cb3: shutdown FollowerState
2019-10-04 08:46:10,809 [grpc-default-executor-0] INFO  impl.RoleInfo (RoleInfo.java:updateAndGet(143)) - 7f562cf2-a919-4f6a-a3b2-da45eba29cb3: start FollowerState
2019-10-04 08:46:10,810 [Thread-268] INFO  impl.FollowerState (FollowerState.java:run(117)) - 7f562cf2-a919-4f6a-a3b2-da45eba29cb3@group-FA642F1BFB49-FollowerState was interrupted: java.lang.InterruptedException: sleep interrupted
2019-10-04 08:46:10,837 [20cc1711-a1c6-4681-b1da-72967494da33@group-FA642F1BFB49-LeaderElection9] INFO  impl.LeaderElection (LeaderElection.java:logAndReturn(56)) - 20cc1711-a1c6-4681-b1da-72967494da33@group-FA642F1BFB49-LeaderElection9: Election REJECTED; received 2 response(s) [20cc1711-a1c6-4681-b1da-72967494da33<-7f562cf2-a919-4f6a-a3b2-da45eba29cb3#0:FAIL-t1, 20cc1711-a1c6-4681-b1da-72967494da33<-cb198935-4283-48d8-a451-673d5bcc91a7#0:FAIL-t1] and 0 exception(s); 20cc1711-a1c6-4681-b1da-72967494da33@group-FA642F1BFB49:t1, leader=null, voted=20cc1711-a1c6-4681-b1da-72967494da33, raftlog=20cc1711-a1c6-4681-b1da-72967494da33@group-FA642F1BFB49-SegmentedRaftLog:OPENED:c-1,f-1,i0, conf=-1: [7f562cf2-a919-4f6a-a3b2-da45eba29cb3:192.168.151.111:33119, 20cc1711-a1c6-4681-b1da-72967494da33:192.168.151.111:44316, cb198935-4283-48d8-a451-673d5bcc91a7:192.168.151.111:34742], old=null
2019-10-04 08:46:10,837 [cb198935-4283-48d8-a451-673d5bcc91a7@group-FA642F1BFB49-LeaderElection8] INFO  impl.LeaderElection (LeaderElection.java:logAndReturn(56)) - cb198935-4283-48d8-a451-673d5bcc91a7@group-FA642F1BFB49-LeaderElection8: Election PASSED; received 2 response(s) [cb198935-4283-48d8-a451-673d5bcc91a7<-7f562cf2-a919-4f6a-a3b2-da45eba29cb3#0:OK-t1, cb198935-4283-48d8-a451-673d5bcc91a7<-20cc1711-a1c6-4681-b1da-72967494da33#0:FAIL-t1] and 0 exception(s); cb198935-4283-48d8-a451-673d5bcc91a7@group-FA642F1BFB49:t1, leader=null, voted=cb198935-4283-48d8-a451-673d5bcc91a7, raftlog=cb198935-4283-48d8-a451-673d5bcc91a7@group-FA642F1BFB49-SegmentedRaftLog:OPENED:c-1,f-1,i0, conf=-1: [7f562cf2-a919-4f6a-a3b2-da45eba29cb3:192.168.151.111:33119, 20cc1711-a1c6-4681-b1da-72967494da33:192.168.151.111:44316, cb198935-4283-48d8-a451-673d5bcc91a7:192.168.151.111:34742], old=null
2019-10-04 08:46:10,837 [20cc1711-a1c6-4681-b1da-72967494da33@group-FA642F1BFB49-LeaderElection9] INFO  impl.RaftServerImpl (RaftServerImpl.java:setRole(170)) - 20cc1711-a1c6-4681-b1da-72967494da33@group-FA642F1BFB49: changes role from CANDIDATE to FOLLOWER at term 1 for DISCOVERED_A_NEW_TERM
2019-10-04 08:46:10,837 [cb198935-4283-48d8-a451-673d5bcc91a7@group-FA642F1BFB49-LeaderElection8] INFO  impl.RoleInfo (RoleInfo.java:shutdownLeaderElection(134)) - cb198935-4283-48d8-a451-673d5bcc91a7: shutdown LeaderElection
2019-10-04 08:46:10,839 [20cc1711-a1c6-4681-b1da-72967494da33@group-FA642F1BFB49-LeaderElection9] INFO  impl.RoleInfo (RoleInfo.java:shutdownLeaderElection(134)) - 20cc1711-a1c6-4681-b1da-72967494da33: shutdown LeaderElection
2019-10-04 08:46:10,844 [cb198935-4283-48d8-a451-673d5bcc91a7@group-FA642F1BFB49-LeaderElection8] INFO  impl.RaftServerImpl (RaftServerImpl.java:setRole(170)) - cb198935-4283-48d8-a451-673d5bcc91a7@group-FA642F1BFB49: changes role from CANDIDATE to LEADER at term 1 for changeToLeader
2019-10-04 08:46:10,844 [20cc1711-a1c6-4681-b1da-72967494da33@group-FA642F1BFB49-LeaderElection9] INFO  impl.RoleInfo (RoleInfo.java:updateAndGet(143)) - 20cc1711-a1c6-4681-b1da-72967494da33: start FollowerState
2019-10-04 08:46:10,844 [cb198935-4283-48d8-a451-673d5bcc91a7@group-FA642F1BFB49-LeaderElection8] INFO  impl.RaftServerImpl (ServerState.java:setLeader(255)) - cb198935-4283-48d8-a451-673d5bcc91a7@group-FA642F1BFB49: change Leader from null to cb198935-4283-48d8-a451-673d5bcc91a7 at term 1 for becomeLeader, leader elected after 5127ms
2019-10-04 08:46:10,846 [cb198935-4283-48d8-a451-673d5bcc91a7@group-FA642F1BFB49-LeaderElection8] INFO  server.RaftServerConfigKeys (ConfUtils.java:logGet(43)) - raft.server.staging.catchup.gap = 1000 (default)
2019-10-04 08:46:10,846 [cb198935-4283-48d8-a451-673d5bcc91a7@group-FA642F1BFB49-LeaderElection8] INFO  server.RaftServerConfigKeys (ConfUtils.java:logGet(43)) - raft.server.rpc.sleep.time = 25ms (default)
2019-10-04 08:46:10,847 [cb198935-4283-48d8-a451-673d5bcc91a7@group-FA642F1BFB49-LeaderElection8] INFO  server.RaftServerConfigKeys (ConfUtils.java:logGet(43)) - raft.server.write.element-limit = 4096 (default)
2019-10-04 08:46:10,847 [cb198935-4283-48d8-a451-673d5bcc91a7@group-FA642F1BFB49-LeaderElection8] INFO  server.RaftServerConfigKeys (ConfUtils.java:logGet(43)) - raft.server.watch.timeout = 10s (default)
2019-10-04 08:46:10,847 [cb198935-4283-48d8-a451-673d5bcc91a7@group-FA642F1BFB49-LeaderElection8] INFO  server.RaftServerConfigKeys (ConfUtils.java:logGet(43)) - raft.server.watch.timeout.denomination = 1s (default)
2019-10-04 08:46:10,847 [cb198935-4283-48d8-a451-673d5bcc91a7@group-FA642F1BFB49-LeaderElection8] INFO  server.RaftServerConfigKeys (ConfUtils.java:logGet(43)) - raft.server.watch.element-limit = 65536 (default)
2019-10-04 08:46:10,854 [cb198935-4283-48d8-a451-673d5bcc91a7@group-FA642F1BFB49-LeaderElection8] INFO  server.RaftServerConfigKeys (ConfUtils.java:logGet(43)) - raft.server.log.appender.snapshot.chunk.size.max = 16MB (=16777216) (default)
2019-10-04 08:46:10,854 [cb198935-4283-48d8-a451-673d5bcc91a7@group-FA642F1BFB49-LeaderElection8] INFO  server.RaftServerConfigKeys (ConfUtils.java:logGet(43)) - raft.server.log.appender.buffer.byte-limit = 33554432 (custom)
2019-10-04 08:46:10,855 [cb198935-4283-48d8-a451-673d5bcc91a7@group-FA642F1BFB49-LeaderElection8] INFO  server.RaftServerConfigKeys (ConfUtils.java:logGet(43)) - raft.server.log.appender.buffer.element-limit = 1 (custom)
2019-10-04 08:46:10,858 [cb198935-4283-48d8-a451-673d5bcc91a7@group-FA642F1BFB49-LeaderElection8] INFO  grpc.GrpcConfigKeys$Server (ConfUtils.java:logGet(43)) - raft.grpc.server.leader.outstanding.appends.max = 128 (default)
2019-10-04 08:46:10,859 [cb198935-4283-48d8-a451-673d5bcc91a7@group-FA642F1BFB49-LeaderElection8] INFO  server.RaftServerConfigKeys (ConfUtils.java:logGet(43)) - raft.server.rpc.request.timeout = 3000ms (default)
2019-10-04 08:46:10,859 [cb198935-4283-48d8-a451-673d5bcc91a7@group-FA642F1BFB49-LeaderElection8] INFO  server.RaftServerConfigKeys (ConfUtils.java:logGet(43)) - raft.server.log.appender.install.snapshot.enabled = false (custom)
2019-10-04 08:46:10,860 [cb198935-4283-48d8-a451-673d5bcc91a7@group-FA642F1BFB49-LeaderElection8] INFO  server.RaftServerConfigKeys (ConfUtils.java:logGet(43)) - raft.server.log.appender.snapshot.chunk.size.max = 16MB (=16777216) (default)
2019-10-04 08:46:10,860 [cb198935-4283-48d8-a451-673d5bcc91a7@group-FA642F1BFB49-LeaderElection8] INFO  server.RaftServerConfigKeys (ConfUtils.java:logGet(43)) - raft.server.log.appender.buffer.byte-limit = 33554432 (custom)
2019-10-04 08:46:10,861 [cb198935-4283-48d8-a451-673d5bcc91a7@group-FA642F1BFB49-LeaderElection8] INFO  server.RaftServerConfigKeys (ConfUtils.java:logGet(43)) - raft.server.log.appender.buffer.element-limit = 1 (custom)
2019-10-04 08:46:10,861 [cb198935-4283-48d8-a451-673d5bcc91a7@group-FA642F1BFB49-LeaderElection8] INFO  grpc.GrpcConfigKeys$Server (ConfUtils.java:logGet(43)) - raft.grpc.server.leader.outstanding.appends.max = 128 (default)
2019-10-04 08:46:10,861 [cb198935-4283-48d8-a451-673d5bcc91a7@group-FA642F1BFB49-LeaderElection8] INFO  server.RaftServerConfigKeys (ConfUtils.java:logGet(43)) - raft.server.rpc.request.timeout = 3000ms (default)
2019-10-04 08:46:10,861 [cb198935-4283-48d8-a451-673d5bcc91a7@group-FA642F1BFB49-LeaderElection8] INFO  server.RaftServerConfigKeys (ConfUtils.java:logGet(43)) - raft.server.log.appender.install.snapshot.enabled = false (custom)
2019-10-04 08:46:10,863 [cb198935-4283-48d8-a451-673d5bcc91a7@group-FA642F1BFB49-LeaderElection8] INFO  impl.RoleInfo (RoleInfo.java:updateAndGet(143)) - cb198935-4283-48d8-a451-673d5bcc91a7: start LeaderState
2019-10-04 08:46:10,863 [cb198935-4283-48d8-a451-673d5bcc91a7@group-FA642F1BFB49-LeaderElection8] INFO  segmented.SegmentedRaftLogWorker (SegmentedRaftLogWorker.java:startLogSegment(385)) - cb198935-4283-48d8-a451-673d5bcc91a7@group-FA642F1BFB49-SegmentedRaftLogWorker: Starting segment from index:0
2019-10-04 08:46:10,864 [cb198935-4283-48d8-a451-673d5bcc91a7@group-FA642F1BFB49-LeaderElection8] INFO  impl.RaftServerImpl (ServerState.java:setRaftConf(356)) - cb198935-4283-48d8-a451-673d5bcc91a7@group-FA642F1BFB49: set configuration 0: [7f562cf2-a919-4f6a-a3b2-da45eba29cb3:192.168.151.111:33119, 20cc1711-a1c6-4681-b1da-72967494da33:192.168.151.111:44316, cb198935-4283-48d8-a451-673d5bcc91a7:192.168.151.111:34742], old=null at 0
2019-10-04 08:46:10,899 [Thread-277] INFO  impl.FollowerState (FollowerState.java:run(108)) - fe08f3cc-c884-4177-959d-cd08a4a5b8f1@group-5D912F4297E1-FollowerState: change to CANDIDATE, lastRpcTime:5066ms, electionTimeout:5064ms
2019-10-04 08:46:10,899 [Thread-277] INFO  impl.RoleInfo (RoleInfo.java:shutdownFollowerState(121)) - fe08f3cc-c884-4177-959d-cd08a4a5b8f1: shutdown FollowerState
2019-10-04 08:46:10,900 [Thread-277] INFO  impl.RaftServerImpl (RaftServerImpl.java:setRole(170)) - fe08f3cc-c884-4177-959d-cd08a4a5b8f1@group-5D912F4297E1: changes role from  FOLLOWER to CANDIDATE at term 0 for changeToCandidate
2019-10-04 08:46:10,900 [Thread-277] INFO  impl.RoleInfo (RoleInfo.java:updateAndGet(143)) - fe08f3cc-c884-4177-959d-cd08a4a5b8f1: start LeaderElection
2019-10-04 08:46:10,912 [cb198935-4283-48d8-a451-673d5bcc91a7@group-FA642F1BFB49-SegmentedRaftLogWorker] INFO  segmented.SegmentedRaftLogWorker (SegmentedRaftLogWorker.java:execute(574)) - cb198935-4283-48d8-a451-673d5bcc91a7@group-FA642F1BFB49-SegmentedRaftLogWorker: created new log segment /workdir/hadoop-ozone/integration-test/target/test-dir/MiniOzoneClusterImpl-b87a1b95-0ca3-4047-8457-6f6b40dbe18f/datanode-6/data/ratis/0095b97f-1054-41ce-8a59-fa642f1bfb49/current/log_inprogress_0
2019-10-04 08:46:10,912 [fe08f3cc-c884-4177-959d-cd08a4a5b8f1@group-5D912F4297E1-LeaderElection10] INFO  impl.LeaderElection (LeaderElection.java:askForVotes(178)) - fe08f3cc-c884-4177-959d-cd08a4a5b8f1@group-5D912F4297E1-LeaderElection10: begin an election at term 1 for -1: [fd719612-e41a-4f2a-b354-29f14c7a3b16:192.168.151.111:34500, f9bb2248-9c18-42fa-8a38-ca2699ffbdc2:192.168.151.111:35477, fe08f3cc-c884-4177-959d-cd08a4a5b8f1:192.168.151.111:32794], old=null
2019-10-04 08:46:10,931 [grpc-default-executor-2] INFO  impl.RaftServerImpl (RaftServerImpl.java:setRole(170)) - fd719612-e41a-4f2a-b354-29f14c7a3b16@group-5D912F4297E1: changes role from  FOLLOWER to FOLLOWER at term 1 for recognizeCandidate:fe08f3cc-c884-4177-959d-cd08a4a5b8f1
2019-10-04 08:46:10,931 [grpc-default-executor-2] INFO  impl.RoleInfo (RoleInfo.java:shutdownFollowerState(121)) - fd719612-e41a-4f2a-b354-29f14c7a3b16: shutdown FollowerState
2019-10-04 08:46:10,931 [grpc-default-executor-2] INFO  impl.RoleInfo (RoleInfo.java:updateAndGet(143)) - fd719612-e41a-4f2a-b354-29f14c7a3b16: start FollowerState
2019-10-04 08:46:10,932 [Thread-276] INFO  impl.FollowerState (FollowerState.java:run(117)) - fd719612-e41a-4f2a-b354-29f14c7a3b16@group-5D912F4297E1-FollowerState was interrupted: java.lang.InterruptedException: sleep interrupted
2019-10-04 08:46:10,933 [grpc-default-executor-0] INFO  impl.RaftServerImpl (RaftServerImpl.java:setRole(170)) - f9bb2248-9c18-42fa-8a38-ca2699ffbdc2@group-5D912F4297E1: changes role from  FOLLOWER to FOLLOWER at term 1 for recognizeCandidate:fe08f3cc-c884-4177-959d-cd08a4a5b8f1
2019-10-04 08:46:10,936 [grpc-default-executor-0] INFO  impl.RoleInfo (RoleInfo.java:shutdownFollowerState(121)) - f9bb2248-9c18-42fa-8a38-ca2699ffbdc2: shutdown FollowerState
2019-10-04 08:46:10,936 [grpc-default-executor-0] INFO  impl.RoleInfo (RoleInfo.java:updateAndGet(143)) - f9bb2248-9c18-42fa-8a38-ca2699ffbdc2: start FollowerState
2019-10-04 08:46:10,936 [Thread-275] INFO  impl.FollowerState (FollowerState.java:run(117)) - f9bb2248-9c18-42fa-8a38-ca2699ffbdc2@group-5D912F4297E1-FollowerState was interrupted: java.lang.InterruptedException: sleep interrupted
2019-10-04 08:46:10,951 [grpc-default-executor-1] INFO  impl.RaftServerImpl (ServerState.java:setLeader(255)) - 20cc1711-a1c6-4681-b1da-72967494da33@group-FA642F1BFB49: change Leader from null to cb198935-4283-48d8-a451-673d5bcc91a7 at term 1 for appendEntries, leader elected after 5233ms
2019-10-04 08:46:10,951 [fe08f3cc-c884-4177-959d-cd08a4a5b8f1@group-5D912F4297E1-LeaderElection10] INFO  impl.LeaderElection (LeaderElection.java:logAndReturn(56)) - fe08f3cc-c884-4177-959d-cd08a4a5b8f1@group-5D912F4297E1-LeaderElection10: Election PASSED; received 1 response(s) [fe08f3cc-c884-4177-959d-cd08a4a5b8f1<-f9bb2248-9c18-42fa-8a38-ca2699ffbdc2#0:OK-t1] and 0 exception(s); fe08f3cc-c884-4177-959d-cd08a4a5b8f1@group-5D912F4297E1:t1, leader=null, voted=fe08f3cc-c884-4177-959d-cd08a4a5b8f1, raftlog=fe08f3cc-c884-4177-959d-cd08a4a5b8f1@group-5D912F4297E1-SegmentedRaftLog:OPENED:c-1,f-1,i0, conf=-1: [fd719612-e41a-4f2a-b354-29f14c7a3b16:192.168.151.111:34500, f9bb2248-9c18-42fa-8a38-ca2699ffbdc2:192.168.151.111:35477, fe08f3cc-c884-4177-959d-cd08a4a5b8f1:192.168.151.111:32794], old=null
2019-10-04 08:46:10,951 [grpc-default-executor-3] INFO  impl.RaftServerImpl (ServerState.java:setLeader(255)) - 7f562cf2-a919-4f6a-a3b2-da45eba29cb3@group-FA642F1BFB49: change Leader from null to cb198935-4283-48d8-a451-673d5bcc91a7 at term 1 for appendEntries, leader elected after 5233ms
2019-10-04 08:46:10,951 [fe08f3cc-c884-4177-959d-cd08a4a5b8f1@group-5D912F4297E1-LeaderElection10] INFO  impl.RoleInfo (RoleInfo.java:shutdownLeaderElection(134)) - fe08f3cc-c884-4177-959d-cd08a4a5b8f1: shutdown LeaderElection
2019-10-04 08:46:10,959 [fe08f3cc-c884-4177-959d-cd08a4a5b8f1@group-5D912F4297E1-LeaderElection10] INFO  impl.RaftServerImpl (RaftServerImpl.java:setRole(170)) - fe08f3cc-c884-4177-959d-cd08a4a5b8f1@group-5D912F4297E1: changes role from CANDIDATE to LEADER at term 1 for changeToLeader
2019-10-04 08:46:10,959 [fe08f3cc-c884-4177-959d-cd08a4a5b8f1@group-5D912F4297E1-LeaderElection10] INFO  impl.RaftServerImpl (ServerState.java:setLeader(255)) - fe08f3cc-c884-4177-959d-cd08a4a5b8f1@group-5D912F4297E1: change Leader from null to fe08f3cc-c884-4177-959d-cd08a4a5b8f1 at term 1 for becomeLeader, leader elected after 5141ms
2019-10-04 08:46:10,959 [fe08f3cc-c884-4177-959d-cd08a4a5b8f1@group-5D912F4297E1-LeaderElection10] INFO  server.RaftServerConfigKeys (ConfUtils.java:logGet(43)) - raft.server.staging.catchup.gap = 1000 (default)
2019-10-04 08:46:10,959 [fe08f3cc-c884-4177-959d-cd08a4a5b8f1@group-5D912F4297E1-LeaderElection10] INFO  server.RaftServerConfigKeys (ConfUtils.java:logGet(43)) - raft.server.rpc.sleep.time = 25ms (default)
2019-10-04 08:46:10,960 [fe08f3cc-c884-4177-959d-cd08a4a5b8f1@group-5D912F4297E1-LeaderElection10] INFO  server.RaftServerConfigKeys (ConfUtils.java:logGet(43)) - raft.server.write.element-limit = 4096 (default)
2019-10-04 08:46:10,960 [fe08f3cc-c884-4177-959d-cd08a4a5b8f1@group-5D912F4297E1-LeaderElection10] INFO  server.RaftServerConfigKeys (ConfUtils.java:logGet(43)) - raft.server.watch.timeout = 10s (default)
2019-10-04 08:46:10,960 [fe08f3cc-c884-4177-959d-cd08a4a5b8f1@group-5D912F4297E1-LeaderElection10] INFO  server.RaftServerConfigKeys (ConfUtils.java:logGet(43)) - raft.server.watch.timeout.denomination = 1s (default)
2019-10-04 08:46:10,960 [fe08f3cc-c884-4177-959d-cd08a4a5b8f1@group-5D912F4297E1-LeaderElection10] INFO  server.RaftServerConfigKeys (ConfUtils.java:logGet(43)) - raft.server.watch.element-limit = 65536 (default)
2019-10-04 08:46:10,966 [fe08f3cc-c884-4177-959d-cd08a4a5b8f1@group-5D912F4297E1-LeaderElection10] INFO  server.RaftServerConfigKeys (ConfUtils.java:logGet(43)) - raft.server.log.appender.snapshot.chunk.size.max = 16MB (=16777216) (default)
2019-10-04 08:46:10,970 [fe08f3cc-c884-4177-959d-cd08a4a5b8f1@group-5D912F4297E1-LeaderElection10] INFO  server.RaftServerConfigKeys (ConfUtils.java:logGet(43)) - raft.server.log.appender.buffer.byte-limit = 33554432 (custom)
2019-10-04 08:46:10,970 [fe08f3cc-c884-4177-959d-cd08a4a5b8f1@group-5D912F4297E1-LeaderElection10] INFO  server.RaftServerConfigKeys (ConfUtils.java:logGet(43)) - raft.server.log.appender.buffer.element-limit = 1 (custom)
2019-10-04 08:46:10,970 [fe08f3cc-c884-4177-959d-cd08a4a5b8f1@group-5D912F4297E1-LeaderElection10] INFO  grpc.GrpcConfigKeys$Server (ConfUtils.java:logGet(43)) - raft.grpc.server.leader.outstanding.appends.max = 128 (default)
2019-10-04 08:46:10,972 [fe08f3cc-c884-4177-959d-cd08a4a5b8f1@group-5D912F4297E1-LeaderElection10] INFO  server.RaftServerConfigKeys (ConfUtils.java:logGet(43)) - raft.server.rpc.request.timeout = 3000ms (default)
2019-10-04 08:46:10,972 [fe08f3cc-c884-4177-959d-cd08a4a5b8f1@group-5D912F4297E1-LeaderElection10] INFO  server.RaftServerConfigKeys (ConfUtils.java:logGet(43)) - raft.server.log.appender.install.snapshot.enabled = false (custom)
2019-10-04 08:46:10,973 [fe08f3cc-c884-4177-959d-cd08a4a5b8f1@group-5D912F4297E1-LeaderElection10] INFO  server.RaftServerConfigKeys (ConfUtils.java:logGet(43)) - raft.server.log.appender.snapshot.chunk.size.max = 16MB (=16777216) (default)
2019-10-04 08:46:10,973 [fe08f3cc-c884-4177-959d-cd08a4a5b8f1@group-5D912F4297E1-LeaderElection10] INFO  server.RaftServerConfigKeys (ConfUtils.java:logGet(43)) - raft.server.log.appender.buffer.byte-limit = 33554432 (custom)
2019-10-04 08:46:10,973 [fe08f3cc-c884-4177-959d-cd08a4a5b8f1@group-5D912F4297E1-LeaderElection10] INFO  server.RaftServerConfigKeys (ConfUtils.java:logGet(43)) - raft.server.log.appender.buffer.element-limit = 1 (custom)
2019-10-04 08:46:10,973 [fe08f3cc-c884-4177-959d-cd08a4a5b8f1@group-5D912F4297E1-LeaderElection10] INFO  grpc.GrpcConfigKeys$Server (ConfUtils.java:logGet(43)) - raft.grpc.server.leader.outstanding.appends.max = 128 (default)
2019-10-04 08:46:10,973 [fe08f3cc-c884-4177-959d-cd08a4a5b8f1@group-5D912F4297E1-LeaderElection10] INFO  server.RaftServerConfigKeys (ConfUtils.java:logGet(43)) - raft.server.rpc.request.timeout = 3000ms (default)
2019-10-04 08:46:10,974 [fe08f3cc-c884-4177-959d-cd08a4a5b8f1@group-5D912F4297E1-LeaderElection10] INFO  server.RaftServerConfigKeys (ConfUtils.java:logGet(43)) - raft.server.log.appender.install.snapshot.enabled = false (custom)
2019-10-04 08:46:10,974 [fe08f3cc-c884-4177-959d-cd08a4a5b8f1@group-5D912F4297E1-LeaderElection10] INFO  impl.RoleInfo (RoleInfo.java:updateAndGet(143)) - fe08f3cc-c884-4177-959d-cd08a4a5b8f1: start LeaderState
2019-10-04 08:46:10,974 [fe08f3cc-c884-4177-959d-cd08a4a5b8f1@group-5D912F4297E1-LeaderElection10] INFO  segmented.SegmentedRaftLogWorker (SegmentedRaftLogWorker.java:startLogSegment(385)) - fe08f3cc-c884-4177-959d-cd08a4a5b8f1@group-5D912F4297E1-SegmentedRaftLogWorker: Starting segment from index:0
2019-10-04 08:46:10,975 [fe08f3cc-c884-4177-959d-cd08a4a5b8f1@group-5D912F4297E1-LeaderElection10] INFO  impl.RaftServerImpl (ServerState.java:setRaftConf(356)) - fe08f3cc-c884-4177-959d-cd08a4a5b8f1@group-5D912F4297E1: set configuration 0: [fd719612-e41a-4f2a-b354-29f14c7a3b16:192.168.151.111:34500, f9bb2248-9c18-42fa-8a38-ca2699ffbdc2:192.168.151.111:35477, fe08f3cc-c884-4177-959d-cd08a4a5b8f1:192.168.151.111:32794], old=null at 0
2019-10-04 08:46:10,978 [grpc-default-executor-2] INFO  impl.RaftServerImpl (ServerState.java:setLeader(255)) - fd719612-e41a-4f2a-b354-29f14c7a3b16@group-5D912F4297E1: change Leader from null to fe08f3cc-c884-4177-959d-cd08a4a5b8f1 at term 1 for appendEntries, leader elected after 5159ms
2019-10-04 08:46:10,978 [grpc-default-executor-0] INFO  impl.RaftServerImpl (ServerState.java:setLeader(255)) - f9bb2248-9c18-42fa-8a38-ca2699ffbdc2@group-5D912F4297E1: change Leader from null to fe08f3cc-c884-4177-959d-cd08a4a5b8f1 at term 1 for appendEntries, leader elected after 5160ms
2019-10-04 08:46:11,022 [fe08f3cc-c884-4177-959d-cd08a4a5b8f1@group-5D912F4297E1-SegmentedRaftLogWorker] INFO  segmented.SegmentedRaftLogWorker (SegmentedRaftLogWorker.java:execute(574)) - fe08f3cc-c884-4177-959d-cd08a4a5b8f1@group-5D912F4297E1-SegmentedRaftLogWorker: created new log segment /workdir/hadoop-ozone/integration-test/target/test-dir/MiniOzoneClusterImpl-b87a1b95-0ca3-4047-8457-6f6b40dbe18f/datanode-5/data/ratis/e72d6ef8-2631-4b1b-84f9-5d912f4297e1/current/log_inprogress_0
2019-10-04 08:46:11,033 [grpc-default-executor-3] INFO  impl.RaftServerImpl (ServerState.java:setRaftConf(356)) - 7f562cf2-a919-4f6a-a3b2-da45eba29cb3@group-FA642F1BFB49: set configuration 0: [7f562cf2-a919-4f6a-a3b2-da45eba29cb3:192.168.151.111:33119, 20cc1711-a1c6-4681-b1da-72967494da33:192.168.151.111:44316, cb198935-4283-48d8-a451-673d5bcc91a7:192.168.151.111:34742], old=null at 0
2019-10-04 08:46:11,033 [grpc-default-executor-1] INFO  impl.RaftServerImpl (ServerState.java:setRaftConf(356)) - fd719612-e41a-4f2a-b354-29f14c7a3b16@group-5D912F4297E1: set configuration 0: [fd719612-e41a-4f2a-b354-29f14c7a3b16:192.168.151.111:34500, f9bb2248-9c18-42fa-8a38-ca2699ffbdc2:192.168.151.111:35477, fe08f3cc-c884-4177-959d-cd08a4a5b8f1:192.168.151.111:32794], old=null at 0
2019-10-04 08:46:11,033 [grpc-default-executor-3] INFO  segmented.SegmentedRaftLogWorker (SegmentedRaftLogWorker.java:startLogSegment(385)) - 7f562cf2-a919-4f6a-a3b2-da45eba29cb3@group-FA642F1BFB49-SegmentedRaftLogWorker: Starting segment from index:0
2019-10-04 08:46:11,033 [grpc-default-executor-2] INFO  impl.RaftServerImpl (ServerState.java:setRaftConf(356)) - 20cc1711-a1c6-4681-b1da-72967494da33@group-FA642F1BFB49: set configuration 0: [7f562cf2-a919-4f6a-a3b2-da45eba29cb3:192.168.151.111:33119, 20cc1711-a1c6-4681-b1da-72967494da33:192.168.151.111:44316, cb198935-4283-48d8-a451-673d5bcc91a7:192.168.151.111:34742], old=null at 0
2019-10-04 08:46:11,033 [grpc-default-executor-0] INFO  impl.RaftServerImpl (ServerState.java:setRaftConf(356)) - f9bb2248-9c18-42fa-8a38-ca2699ffbdc2@group-5D912F4297E1: set configuration 0: [fd719612-e41a-4f2a-b354-29f14c7a3b16:192.168.151.111:34500, f9bb2248-9c18-42fa-8a38-ca2699ffbdc2:192.168.151.111:35477, fe08f3cc-c884-4177-959d-cd08a4a5b8f1:192.168.151.111:32794], old=null at 0
2019-10-04 08:46:11,034 [grpc-default-executor-2] INFO  segmented.SegmentedRaftLogWorker (SegmentedRaftLogWorker.java:startLogSegment(385)) - 20cc1711-a1c6-4681-b1da-72967494da33@group-FA642F1BFB49-SegmentedRaftLogWorker: Starting segment from index:0
2019-10-04 08:46:11,034 [grpc-default-executor-1] INFO  segmented.SegmentedRaftLogWorker (SegmentedRaftLogWorker.java:startLogSegment(385)) - fd719612-e41a-4f2a-b354-29f14c7a3b16@group-5D912F4297E1-SegmentedRaftLogWorker: Starting segment from index:0
2019-10-04 08:46:11,034 [grpc-default-executor-0] INFO  segmented.SegmentedRaftLogWorker (SegmentedRaftLogWorker.java:startLogSegment(385)) - f9bb2248-9c18-42fa-8a38-ca2699ffbdc2@group-5D912F4297E1-SegmentedRaftLogWorker: Starting segment from index:0
2019-10-04 08:46:11,104 [20cc1711-a1c6-4681-b1da-72967494da33@group-FA642F1BFB49-SegmentedRaftLogWorker] INFO  segmented.SegmentedRaftLogWorker (SegmentedRaftLogWorker.java:execute(574)) - 20cc1711-a1c6-4681-b1da-72967494da33@group-FA642F1BFB49-SegmentedRaftLogWorker: created new log segment /workdir/hadoop-ozone/integration-test/target/test-dir/MiniOzoneClusterImpl-b87a1b95-0ca3-4047-8457-6f6b40dbe18f/datanode-1/data/ratis/0095b97f-1054-41ce-8a59-fa642f1bfb49/current/log_inprogress_0
2019-10-04 08:46:11,104 [fd719612-e41a-4f2a-b354-29f14c7a3b16@group-5D912F4297E1-SegmentedRaftLogWorker] INFO  segmented.SegmentedRaftLogWorker (SegmentedRaftLogWorker.java:execute(574)) - fd719612-e41a-4f2a-b354-29f14c7a3b16@group-5D912F4297E1-SegmentedRaftLogWorker: created new log segment /workdir/hadoop-ozone/integration-test/target/test-dir/MiniOzoneClusterImpl-b87a1b95-0ca3-4047-8457-6f6b40dbe18f/datanode-0/data/ratis/e72d6ef8-2631-4b1b-84f9-5d912f4297e1/current/log_inprogress_0
2019-10-04 08:46:11,104 [f9bb2248-9c18-42fa-8a38-ca2699ffbdc2@group-5D912F4297E1-SegmentedRaftLogWorker] INFO  segmented.SegmentedRaftLogWorker (SegmentedRaftLogWorker.java:execute(574)) - f9bb2248-9c18-42fa-8a38-ca2699ffbdc2@group-5D912F4297E1-SegmentedRaftLogWorker: created new log segment /workdir/hadoop-ozone/integration-test/target/test-dir/MiniOzoneClusterImpl-b87a1b95-0ca3-4047-8457-6f6b40dbe18f/datanode-2/data/ratis/e72d6ef8-2631-4b1b-84f9-5d912f4297e1/current/log_inprogress_0
2019-10-04 08:46:11,104 [7f562cf2-a919-4f6a-a3b2-da45eba29cb3@group-FA642F1BFB49-SegmentedRaftLogWorker] INFO  segmented.SegmentedRaftLogWorker (SegmentedRaftLogWorker.java:execute(574)) - 7f562cf2-a919-4f6a-a3b2-da45eba29cb3@group-FA642F1BFB49-SegmentedRaftLogWorker: created new log segment /workdir/hadoop-ozone/integration-test/target/test-dir/MiniOzoneClusterImpl-b87a1b95-0ca3-4047-8457-6f6b40dbe18f/datanode-3/data/ratis/0095b97f-1054-41ce-8a59-fa642f1bfb49/current/log_inprogress_0
2019-10-04 08:46:12,429 [Datanode State Machine Thread - 0] INFO  statemachine.DatanodeStateMachine (DatanodeStateMachine.java:lambda$startDaemon$0(350)) - Ozone container server started.
2019-10-04 08:46:16,488 [main] INFO  ozoneimpl.OzoneContainer (OzoneContainer.java:stop(228)) - Attempting to stop container services.
2019-10-04 08:46:16,490 [main] INFO  impl.RaftServerProxy (RaftServerProxy.java:lambda$close$4(314)) - cb198935-4283-48d8-a451-673d5bcc91a7: close
2019-10-04 08:46:16,492 [main] INFO  impl.RaftServerImpl (RaftServerImpl.java:lambda$shutdown$3(247)) - cb198935-4283-48d8-a451-673d5bcc91a7@group-54E6B38B0173: shutdown
2019-10-04 08:46:16,492 [main] INFO  util.JmxRegister (JmxRegister.java:unregister(73)) - Successfully un-registered JMX Bean with object name Ratis:service=RaftServer,group=group-54E6B38B0173,id=cb198935-4283-48d8-a451-673d5bcc91a7
2019-10-04 08:46:16,492 [main] INFO  impl.RoleInfo (RoleInfo.java:shutdownLeaderState(104)) - cb198935-4283-48d8-a451-673d5bcc91a7: shutdown LeaderState
2019-10-04 08:46:16,493 [main] INFO  impl.PendingRequests (PendingRequests.java:sendNotLeaderResponses(202)) - cb198935-4283-48d8-a451-673d5bcc91a7@group-54E6B38B0173-PendingRequests: sendNotLeaderResponses
2019-10-04 08:46:16,495 [main] INFO  impl.StateMachineUpdater (StateMachineUpdater.java:stopAndJoin(136)) - cb198935-4283-48d8-a451-673d5bcc91a7@group-54E6B38B0173-StateMachineUpdater: set stopIndex = 0
2019-10-04 08:46:16,496 [main] INFO  impl.RaftServerImpl (ServerState.java:close(387)) - cb198935-4283-48d8-a451-673d5bcc91a7@group-54E6B38B0173: closes. applyIndex: 0
2019-10-04 08:46:16,498 [cb198935-4283-48d8-a451-673d5bcc91a7@group-54E6B38B0173-SegmentedRaftLogWorker] INFO  segmented.SegmentedRaftLogWorker (SegmentedRaftLogWorker.java:run(316)) - cb198935-4283-48d8-a451-673d5bcc91a7@group-54E6B38B0173-SegmentedRaftLogWorker was interrupted, exiting. There are 0 tasks remaining in the queue.
2019-10-04 08:46:16,501 [main] INFO  segmented.SegmentedRaftLogWorker (SegmentedRaftLogWorker.java:close(224)) - cb198935-4283-48d8-a451-673d5bcc91a7@group-54E6B38B0173-SegmentedRaftLogWorker close()
2019-10-04 08:46:16,505 [main] INFO  impl.RaftServerImpl (RaftServerImpl.java:lambda$shutdown$3(247)) - cb198935-4283-48d8-a451-673d5bcc91a7@group-FA642F1BFB49: shutdown
2019-10-04 08:46:16,506 [main] INFO  util.JmxRegister (JmxRegister.java:unregister(73)) - Successfully un-registered JMX Bean with object name Ratis:service=RaftServer,group=group-FA642F1BFB49,id=cb198935-4283-48d8-a451-673d5bcc91a7
2019-10-04 08:46:16,506 [main] INFO  impl.RoleInfo (RoleInfo.java:shutdownLeaderState(104)) - cb198935-4283-48d8-a451-673d5bcc91a7: shutdown LeaderState
2019-10-04 08:46:16,510 [main] INFO  impl.PendingRequests (PendingRequests.java:sendNotLeaderResponses(202)) - cb198935-4283-48d8-a451-673d5bcc91a7@group-FA642F1BFB49-PendingRequests: sendNotLeaderResponses
2019-10-04 08:46:16,510 [org.apache.ratis.server.impl.LogAppender$AppenderDaemon$$Lambda$510/535354885@473e2032] WARN  server.GrpcLogAppender (GrpcLogAppender.java:mayWait(143)) - cb198935-4283-48d8-a451-673d5bcc91a7@group-FA642F1BFB49->7f562cf2-a919-4f6a-a3b2-da45eba29cb3-GrpcLogAppender: Wait interrupted by java.lang.InterruptedException
2019-10-04 08:46:16,510 [org.apache.ratis.server.impl.LogAppender$AppenderDaemon$$Lambda$510/535354885@88a4348] WARN  server.GrpcLogAppender (GrpcLogAppender.java:mayWait(143)) - cb198935-4283-48d8-a451-673d5bcc91a7@group-FA642F1BFB49->20cc1711-a1c6-4681-b1da-72967494da33-GrpcLogAppender: Wait interrupted by java.lang.InterruptedException
2019-10-04 08:46:16,523 [main] INFO  impl.StateMachineUpdater (StateMachineUpdater.java:stopAndJoin(136)) - cb198935-4283-48d8-a451-673d5bcc91a7@group-FA642F1BFB49-StateMachineUpdater: set stopIndex = 2
2019-10-04 08:46:16,523 [cb198935-4283-48d8-a451-673d5bcc91a7@group-FA642F1BFB49-StateMachineUpdater] INFO  ratis.ContainerStateMachine (ContainerStateMachine.java:takeSnapshot(293)) - group-FA642F1BFB49: Taking a snapshot at:(t:1, i:2) file /workdir/hadoop-ozone/integration-test/target/test-dir/MiniOzoneClusterImpl-b87a1b95-0ca3-4047-8457-6f6b40dbe18f/datanode-6/data/ratis/0095b97f-1054-41ce-8a59-fa642f1bfb49/sm/snapshot.1_2
2019-10-04 08:46:16,530 [grpc-default-executor-0] INFO  server.GrpcServerProtocolService (GrpcServerProtocolService.java:onCompleted(113)) - 7f562cf2-a919-4f6a-a3b2-da45eba29cb3: Completed APPEND_ENTRIES, lastRequest: cb198935-4283-48d8-a451-673d5bcc91a7->7f562cf2-a919-4f6a-a3b2-da45eba29cb3#5-t1, previous=(t:1, i:2), leaderCommit=2, initializing? false, entries: <empty>
2019-10-04 08:46:16,530 [grpc-default-executor-1] INFO  server.GrpcServerProtocolService (GrpcServerProtocolService.java:onCompleted(113)) - 20cc1711-a1c6-4681-b1da-72967494da33: Completed APPEND_ENTRIES, lastRequest: cb198935-4283-48d8-a451-673d5bcc91a7->20cc1711-a1c6-4681-b1da-72967494da33#5-t1, previous=(t:1, i:2), leaderCommit=2, initializing? false, entries: <empty>
2019-10-04 08:46:16,541 [grpc-default-executor-0] INFO  server.GrpcLogAppender (GrpcLogAppender.java:onCompleted(293)) - cb198935-4283-48d8-a451-673d5bcc91a7@group-FA642F1BFB49->20cc1711-a1c6-4681-b1da-72967494da33-AppendLogResponseHandler: follower responses appendEntries COMPLETED
2019-10-04 08:46:16,541 [grpc-default-executor-1] INFO  server.GrpcLogAppender (GrpcLogAppender.java:onCompleted(293)) - cb198935-4283-48d8-a451-673d5bcc91a7@group-FA642F1BFB49->7f562cf2-a919-4f6a-a3b2-da45eba29cb3-AppendLogResponseHandler: follower responses appendEntries COMPLETED
2019-10-04 08:46:16,553 [grpc-default-executor-0] INFO  impl.FollowerInfo (FollowerInfo.java:lambda$new$0(51)) - cb198935-4283-48d8-a451-673d5bcc91a7@group-FA642F1BFB49->20cc1711-a1c6-4681-b1da-72967494da33: nextIndex: updateUnconditionally 3 -> 2
2019-10-04 08:46:16,553 [grpc-default-executor-1] INFO  impl.FollowerInfo (FollowerInfo.java:lambda$new$0(51)) - cb198935-4283-48d8-a451-673d5bcc91a7@group-FA642F1BFB49->7f562cf2-a919-4f6a-a3b2-da45eba29cb3: nextIndex: updateUnconditionally 3 -> 2
2019-10-04 08:46:16,658 [cb198935-4283-48d8-a451-673d5bcc91a7@group-FA642F1BFB49-StateMachineUpdater] INFO  ratis.ContainerStateMachine (ContainerStateMachine.java:takeSnapshot(304)) - group-FA642F1BFB49: Finished taking a snapshot at:(t:1, i:2) file:/workdir/hadoop-ozone/integration-test/target/test-dir/MiniOzoneClusterImpl-b87a1b95-0ca3-4047-8457-6f6b40dbe18f/datanode-6/data/ratis/0095b97f-1054-41ce-8a59-fa642f1bfb49/sm/snapshot.1_2 time:136
2019-10-04 08:46:16,659 [cb198935-4283-48d8-a451-673d5bcc91a7@group-FA642F1BFB49-StateMachineUpdater] INFO  impl.StateMachineUpdater (StateMachineUpdater.java:takeSnapshot(269)) - cb198935-4283-48d8-a451-673d5bcc91a7@group-FA642F1BFB49-StateMachineUpdater: Took a snapshot at index 2
2019-10-04 08:46:16,663 [cb198935-4283-48d8-a451-673d5bcc91a7@group-FA642F1BFB49-StateMachineUpdater] INFO  impl.StateMachineUpdater (StateMachineUpdater.java:lambda$new$0(84)) - cb198935-4283-48d8-a451-673d5bcc91a7@group-FA642F1BFB49-StateMachineUpdater: snapshotIndex: updateIncreasingly -1 -> 2
2019-10-04 08:46:16,669 [main] INFO  impl.RaftServerImpl (ServerState.java:close(387)) - cb198935-4283-48d8-a451-673d5bcc91a7@group-FA642F1BFB49: closes. applyIndex: 2
2019-10-04 08:46:16,669 [cb198935-4283-48d8-a451-673d5bcc91a7@group-FA642F1BFB49-SegmentedRaftLogWorker] INFO  segmented.SegmentedRaftLogWorker (SegmentedRaftLogWorker.java:run(316)) - cb198935-4283-48d8-a451-673d5bcc91a7@group-FA642F1BFB49-SegmentedRaftLogWorker was interrupted, exiting. There are 0 tasks remaining in the queue.
2019-10-04 08:46:16,672 [main] INFO  segmented.SegmentedRaftLogWorker (SegmentedRaftLogWorker.java:close(224)) - cb198935-4283-48d8-a451-673d5bcc91a7@group-FA642F1BFB49-SegmentedRaftLogWorker close()
2019-10-04 08:46:16,677 [main] INFO  server.GrpcService (GrpcService.java:closeImpl(164)) - cb198935-4283-48d8-a451-673d5bcc91a7: shutdown server with port 34742 now
2019-10-04 08:46:16,680 [main] INFO  server.GrpcService (GrpcService.java:closeImpl(172)) - cb198935-4283-48d8-a451-673d5bcc91a7: shutdown server with port 34742 successfully
2019-10-04 08:46:16,683 [refreshUsed-/workdir/hadoop-ozone/integration-test/target/test-dir/MiniOzoneClusterImpl-b87a1b95-0ca3-4047-8457-6f6b40dbe18f/datanode-6/data/containers] WARN  fs.CachingGetSpaceUsed (CachingGetSpaceUsed.java:run(183)) - Thread Interrupted waiting to refresh disk information: sleep interrupted
2019-10-04 08:46:16,699 [main] INFO  utils.BackgroundService (BackgroundService.java:shutdown(148)) - Shutting down service BlockDeletingService
2019-10-04 08:46:16,706 [main] INFO  statemachine.DatanodeStateMachine (DatanodeStateMachine.java:stopDaemon(395)) - Ozone container server stopped.
2019-10-04 08:46:16,710 [main] INFO  handler.ContextHandler (ContextHandler.java:doStop(910)) - Stopped o.e.j.w.WebAppContext@3c74aa0d{/,null,UNAVAILABLE}{/hddsDatanode}
2019-10-04 08:46:16,715 [main] INFO  server.AbstractConnector (AbstractConnector.java:doStop(318)) - Stopped ServerConnector@6c841199{HTTP/1.1,[http/1.1]}{0.0.0.0:0}
2019-10-04 08:46:16,715 [main] INFO  handler.ContextHandler (ContextHandler.java:doStop(910)) - Stopped o.e.j.s.ServletContextHandler@7dbe2ebf{/static,jar:file:/home/user/.m2/repository/org/apache/hadoop/hadoop-hdds-container-service/0.5.0-SNAPSHOT/hadoop-hdds-container-service-0.5.0-SNAPSHOT.jar!/webapps/static,UNAVAILABLE}
2019-10-04 08:46:16,715 [main] INFO  handler.ContextHandler (ContextHandler.java:doStop(910)) - Stopped o.e.j.s.ServletContextHandler@58434b19{/logs,file:///workdir/hadoop-ozone/integration-test/target/log,UNAVAILABLE}
2019-10-04 08:46:26,036 [Thread-313] INFO  impl.FollowerState (FollowerState.java:run(108)) - 7f562cf2-a919-4f6a-a3b2-da45eba29cb3@group-FA642F1BFB49-FollowerState: change to CANDIDATE, lastRpcTime:9731ms, electionTimeout:5151ms
2019-10-04 08:46:26,038 [Thread-313] INFO  impl.RoleInfo (RoleInfo.java:shutdownFollowerState(121)) - 7f562cf2-a919-4f6a-a3b2-da45eba29cb3: shutdown FollowerState
2019-10-04 08:46:26,038 [Thread-313] INFO  impl.RaftServerImpl (RaftServerImpl.java:setRole(170)) - 7f562cf2-a919-4f6a-a3b2-da45eba29cb3@group-FA642F1BFB49: changes role from  FOLLOWER to CANDIDATE at term 1 for changeToCandidate
2019-10-04 08:46:26,039 [Thread-313] INFO  impl.RoleInfo (RoleInfo.java:updateAndGet(143)) - 7f562cf2-a919-4f6a-a3b2-da45eba29cb3: start LeaderElection
2019-10-04 08:46:26,043 [7f562cf2-a919-4f6a-a3b2-da45eba29cb3@group-FA642F1BFB49-LeaderElection11] INFO  impl.RaftServerImpl (ServerState.java:setLeader(255)) - 7f562cf2-a919-4f6a-a3b2-da45eba29cb3@group-FA642F1BFB49: change Leader from cb198935-4283-48d8-a451-673d5bcc91a7 to null at term 1 for initElection
2019-10-04 08:46:26,057 [7f562cf2-a919-4f6a-a3b2-da45eba29cb3@group-FA642F1BFB49-LeaderElection11] INFO  impl.LeaderElection (LeaderElection.java:askForVotes(178)) - 7f562cf2-a919-4f6a-a3b2-da45eba29cb3@group-FA642F1BFB49-LeaderElection11: begin an election at term 2 for 0: [7f562cf2-a919-4f6a-a3b2-da45eba29cb3:192.168.151.111:33119, 20cc1711-a1c6-4681-b1da-72967494da33:192.168.151.111:44316, cb198935-4283-48d8-a451-673d5bcc91a7:192.168.151.111:34742], old=null
2019-10-04 08:46:26,069 [grpc-default-executor-2] INFO  impl.RaftServerImpl (ServerState.java:setLeader(255)) - 20cc1711-a1c6-4681-b1da-72967494da33@group-FA642F1BFB49: change Leader from cb198935-4283-48d8-a451-673d5bcc91a7 to null at term 2 for updateCurrentTerm
2019-10-04 08:46:26,070 [grpc-default-executor-2] INFO  impl.RaftServerImpl (RaftServerImpl.java:setRole(170)) - 20cc1711-a1c6-4681-b1da-72967494da33@group-FA642F1BFB49: changes role from  FOLLOWER to FOLLOWER at term 2 for recognizeCandidate:7f562cf2-a919-4f6a-a3b2-da45eba29cb3
2019-10-04 08:46:26,070 [grpc-default-executor-2] INFO  impl.RoleInfo (RoleInfo.java:shutdownFollowerState(121)) - 20cc1711-a1c6-4681-b1da-72967494da33: shutdown FollowerState
2019-10-04 08:46:26,070 [grpc-default-executor-2] INFO  impl.RoleInfo (RoleInfo.java:updateAndGet(143)) - 20cc1711-a1c6-4681-b1da-72967494da33: start FollowerState
2019-10-04 08:46:26,070 [Thread-314] INFO  impl.FollowerState (FollowerState.java:run(117)) - 20cc1711-a1c6-4681-b1da-72967494da33@group-FA642F1BFB49-FollowerState was interrupted: java.lang.InterruptedException: sleep interrupted
2019-10-04 08:46:26,072 [7f562cf2-a919-4f6a-a3b2-da45eba29cb3@group-FA642F1BFB49-LeaderElection11] INFO  impl.LeaderElection (LogUtils.java:infoOrTrace(149)) - 7f562cf2-a919-4f6a-a3b2-da45eba29cb3@group-FA642F1BFB49-LeaderElection11 got exception when requesting votes: {}
java.util.concurrent.ExecutionException: org.apache.ratis.thirdparty.io.grpc.StatusRuntimeException: UNAVAILABLE: io exception
	at java.util.concurrent.FutureTask.report(FutureTask.java:122)
	at java.util.concurrent.FutureTask.get(FutureTask.java:192)
	at org.apache.ratis.server.impl.LeaderElection.waitForResults(LeaderElection.java:259)
	at org.apache.ratis.server.impl.LeaderElection.askForVotes(LeaderElection.java:197)
	at org.apache.ratis.server.impl.LeaderElection.run(LeaderElection.java:133)
	at java.lang.Thread.run(Thread.java:748)
Caused by: org.apache.ratis.thirdparty.io.grpc.StatusRuntimeException: UNAVAILABLE: io exception
	at org.apache.ratis.thirdparty.io.grpc.stub.ClientCalls.toStatusRuntimeException(ClientCalls.java:233)
	at org.apache.ratis.thirdparty.io.grpc.stub.ClientCalls.getUnchecked(ClientCalls.java:214)
	at org.apache.ratis.thirdparty.io.grpc.stub.ClientCalls.blockingUnaryCall(ClientCalls.java:139)
	at org.apache.ratis.proto.grpc.RaftServerProtocolServiceGrpc$RaftServerProtocolServiceBlockingStub.requestVote(RaftServerProtocolServiceGrpc.java:265)
	at org.apache.ratis.grpc.server.GrpcServerProtocolClient.requestVote(GrpcServerProtocolClient.java:99)
	at org.apache.ratis.grpc.server.GrpcService.requestVote(GrpcService.java:204)
	at org.apache.ratis.server.impl.LeaderElection.lambda$submitRequests$1(LeaderElection.java:234)
	at java.util.concurrent.FutureTask.run(FutureTask.java:266)
	at java.util.concurrent.Executors$RunnableAdapter.call(Executors.java:511)
	at java.util.concurrent.FutureTask.run(FutureTask.java:266)
	at java.util.concurrent.ThreadPoolExecutor.runWorker(ThreadPoolExecutor.java:1149)
	at java.util.concurrent.ThreadPoolExecutor$Worker.run(ThreadPoolExecutor.java:624)
	... 1 more
Caused by: org.apache.ratis.thirdparty.io.netty.channel.AbstractChannel$AnnotatedConnectException: Connection refused: /192.168.151.111:34742
	at sun.nio.ch.SocketChannelImpl.checkConnect(Native Method)
	at sun.nio.ch.SocketChannelImpl.finishConnect(SocketChannelImpl.java:717)
	at org.apache.ratis.thirdparty.io.netty.channel.socket.nio.NioSocketChannel.doFinishConnect(NioSocketChannel.java:327)
	at org.apache.ratis.thirdparty.io.netty.channel.nio.AbstractNioChannel$AbstractNioUnsafe.finishConnect(AbstractNioChannel.java:340)
	at org.apache.ratis.thirdparty.io.netty.channel.nio.NioEventLoop.processSelectedKey(NioEventLoop.java:632)
	at org.apache.ratis.thirdparty.io.netty.channel.nio.NioEventLoop.processSelectedKeysOptimized(NioEventLoop.java:579)
	at org.apache.ratis.thirdparty.io.netty.channel.nio.NioEventLoop.processSelectedKeys(NioEventLoop.java:496)
	at org.apache.ratis.thirdparty.io.netty.channel.nio.NioEventLoop.run(NioEventLoop.java:458)
	at org.apache.ratis.thirdparty.io.netty.util.concurrent.SingleThreadEventExecutor$5.run(SingleThreadEventExecutor.java:897)
	at org.apache.ratis.thirdparty.io.netty.util.concurrent.FastThreadLocalRunnable.run(FastThreadLocalRunnable.java:30)
	... 1 more
Caused by: java.net.ConnectException: Connection refused
	... 11 more
2019-10-04 08:46:26,088 [7f562cf2-a919-4f6a-a3b2-da45eba29cb3@group-FA642F1BFB49-LeaderElection11] INFO  impl.LeaderElection (LeaderElection.java:logAndReturn(56)) - 7f562cf2-a919-4f6a-a3b2-da45eba29cb3@group-FA642F1BFB49-LeaderElection11: Election PASSED; received 1 response(s) [7f562cf2-a919-4f6a-a3b2-da45eba29cb3<-20cc1711-a1c6-4681-b1da-72967494da33#0:OK-t2] and 1 exception(s); 7f562cf2-a919-4f6a-a3b2-da45eba29cb3@group-FA642F1BFB49:t2, leader=null, voted=7f562cf2-a919-4f6a-a3b2-da45eba29cb3, raftlog=7f562cf2-a919-4f6a-a3b2-da45eba29cb3@group-FA642F1BFB49-SegmentedRaftLog:OPENED:c2,f2,i2, conf=0: [7f562cf2-a919-4f6a-a3b2-da45eba29cb3:192.168.151.111:33119, 20cc1711-a1c6-4681-b1da-72967494da33:192.168.151.111:44316, cb198935-4283-48d8-a451-673d5bcc91a7:192.168.151.111:34742], old=null
2019-10-04 08:46:26,088 [7f562cf2-a919-4f6a-a3b2-da45eba29cb3@group-FA642F1BFB49-LeaderElection11] INFO  impl.LeaderElection (LogUtils.java:infoOrTrace(149)) -   Exception 0: {}
java.util.concurrent.ExecutionException: org.apache.ratis.thirdparty.io.grpc.StatusRuntimeException: UNAVAILABLE: io exception
	at java.util.concurrent.FutureTask.report(FutureTask.java:122)
	at java.util.concurrent.FutureTask.get(FutureTask.java:192)
	at org.apache.ratis.server.impl.LeaderElection.waitForResults(LeaderElection.java:259)
	at org.apache.ratis.server.impl.LeaderElection.askForVotes(LeaderElection.java:197)
	at org.apache.ratis.server.impl.LeaderElection.run(LeaderElection.java:133)
	at java.lang.Thread.run(Thread.java:748)
Caused by: org.apache.ratis.thirdparty.io.grpc.StatusRuntimeException: UNAVAILABLE: io exception
	at org.apache.ratis.thirdparty.io.grpc.stub.ClientCalls.toStatusRuntimeException(ClientCalls.java:233)
	at org.apache.ratis.thirdparty.io.grpc.stub.ClientCalls.getUnchecked(ClientCalls.java:214)
	at org.apache.ratis.thirdparty.io.grpc.stub.ClientCalls.blockingUnaryCall(ClientCalls.java:139)
	at org.apache.ratis.proto.grpc.RaftServerProtocolServiceGrpc$RaftServerProtocolServiceBlockingStub.requestVote(RaftServerProtocolServiceGrpc.java:265)
	at org.apache.ratis.grpc.server.GrpcServerProtocolClient.requestVote(GrpcServerProtocolClient.java:99)
	at org.apache.ratis.grpc.server.GrpcService.requestVote(GrpcService.java:204)
	at org.apache.ratis.server.impl.LeaderElection.lambda$submitRequests$1(LeaderElection.java:234)
	at java.util.concurrent.FutureTask.run(FutureTask.java:266)
	at java.util.concurrent.Executors$RunnableAdapter.call(Executors.java:511)
	at java.util.concurrent.FutureTask.run(FutureTask.java:266)
	at java.util.concurrent.ThreadPoolExecutor.runWorker(ThreadPoolExecutor.java:1149)
	at java.util.concurrent.ThreadPoolExecutor$Worker.run(ThreadPoolExecutor.java:624)
	... 1 more
Caused by: org.apache.ratis.thirdparty.io.netty.channel.AbstractChannel$AnnotatedConnectException: Connection refused: /192.168.151.111:34742
	at sun.nio.ch.SocketChannelImpl.checkConnect(Native Method)
	at sun.nio.ch.SocketChannelImpl.finishConnect(SocketChannelImpl.java:717)
	at org.apache.ratis.thirdparty.io.netty.channel.socket.nio.NioSocketChannel.doFinishConnect(NioSocketChannel.java:327)
	at org.apache.ratis.thirdparty.io.netty.channel.nio.AbstractNioChannel$AbstractNioUnsafe.finishConnect(AbstractNioChannel.java:340)
	at org.apache.ratis.thirdparty.io.netty.channel.nio.NioEventLoop.processSelectedKey(NioEventLoop.java:632)
	at org.apache.ratis.thirdparty.io.netty.channel.nio.NioEventLoop.processSelectedKeysOptimized(NioEventLoop.java:579)
	at org.apache.ratis.thirdparty.io.netty.channel.nio.NioEventLoop.processSelectedKeys(NioEventLoop.java:496)
	at org.apache.ratis.thirdparty.io.netty.channel.nio.NioEventLoop.run(NioEventLoop.java:458)
	at org.apache.ratis.thirdparty.io.netty.util.concurrent.SingleThreadEventExecutor$5.run(SingleThreadEventExecutor.java:897)
	at org.apache.ratis.thirdparty.io.netty.util.concurrent.FastThreadLocalRunnable.run(FastThreadLocalRunnable.java:30)
	... 1 more
Caused by: java.net.ConnectException: Connection refused
	... 11 more
2019-10-04 08:46:26,089 [7f562cf2-a919-4f6a-a3b2-da45eba29cb3@group-FA642F1BFB49-LeaderElection11] INFO  impl.RoleInfo (RoleInfo.java:shutdownLeaderElection(134)) - 7f562cf2-a919-4f6a-a3b2-da45eba29cb3: shutdown LeaderElection
2019-10-04 08:46:26,089 [7f562cf2-a919-4f6a-a3b2-da45eba29cb3@group-FA642F1BFB49-LeaderElection11] INFO  impl.RaftServerImpl (RaftServerImpl.java:setRole(170)) - 7f562cf2-a919-4f6a-a3b2-da45eba29cb3@group-FA642F1BFB49: changes role from CANDIDATE to LEADER at term 2 for changeToLeader
2019-10-04 08:46:26,089 [7f562cf2-a919-4f6a-a3b2-da45eba29cb3@group-FA642F1BFB49-LeaderElection11] INFO  impl.RaftServerImpl (ServerState.java:setLeader(255)) - 7f562cf2-a919-4f6a-a3b2-da45eba29cb3@group-FA642F1BFB49: change Leader from null to 7f562cf2-a919-4f6a-a3b2-da45eba29cb3 at term 2 for becomeLeader, leader elected after 49ms
2019-10-04 08:46:26,089 [7f562cf2-a919-4f6a-a3b2-da45eba29cb3@group-FA642F1BFB49-LeaderElection11] INFO  server.RaftServerConfigKeys (ConfUtils.java:logGet(43)) - raft.server.staging.catchup.gap = 1000 (default)
2019-10-04 08:46:26,089 [7f562cf2-a919-4f6a-a3b2-da45eba29cb3@group-FA642F1BFB49-LeaderElection11] INFO  server.RaftServerConfigKeys (ConfUtils.java:logGet(43)) - raft.server.rpc.sleep.time = 25ms (default)
2019-10-04 08:46:26,090 [7f562cf2-a919-4f6a-a3b2-da45eba29cb3@group-FA642F1BFB49-LeaderElection11] INFO  server.RaftServerConfigKeys (ConfUtils.java:logGet(43)) - raft.server.write.element-limit = 4096 (default)
2019-10-04 08:46:26,090 [7f562cf2-a919-4f6a-a3b2-da45eba29cb3@group-FA642F1BFB49-LeaderElection11] INFO  server.RaftServerConfigKeys (ConfUtils.java:logGet(43)) - raft.server.watch.timeout = 10s (default)
2019-10-04 08:46:26,090 [7f562cf2-a919-4f6a-a3b2-da45eba29cb3@group-FA642F1BFB49-LeaderElection11] INFO  server.RaftServerConfigKeys (ConfUtils.java:logGet(43)) - raft.server.watch.timeout.denomination = 1s (default)
2019-10-04 08:46:26,090 [7f562cf2-a919-4f6a-a3b2-da45eba29cb3@group-FA642F1BFB49-LeaderElection11] INFO  server.RaftServerConfigKeys (ConfUtils.java:logGet(43)) - raft.server.watch.element-limit = 65536 (default)
2019-10-04 08:46:26,093 [7f562cf2-a919-4f6a-a3b2-da45eba29cb3@group-FA642F1BFB49-LeaderElection11] INFO  server.RaftServerConfigKeys (ConfUtils.java:logGet(43)) - raft.server.log.appender.snapshot.chunk.size.max = 16MB (=16777216) (default)
2019-10-04 08:46:26,093 [7f562cf2-a919-4f6a-a3b2-da45eba29cb3@group-FA642F1BFB49-LeaderElection11] INFO  server.RaftServerConfigKeys (ConfUtils.java:logGet(43)) - raft.server.log.appender.buffer.byte-limit = 33554432 (custom)
2019-10-04 08:46:26,093 [7f562cf2-a919-4f6a-a3b2-da45eba29cb3@group-FA642F1BFB49-LeaderElection11] INFO  server.RaftServerConfigKeys (ConfUtils.java:logGet(43)) - raft.server.log.appender.buffer.element-limit = 1 (custom)
2019-10-04 08:46:26,094 [7f562cf2-a919-4f6a-a3b2-da45eba29cb3@group-FA642F1BFB49-LeaderElection11] INFO  grpc.GrpcConfigKeys$Server (ConfUtils.java:logGet(43)) - raft.grpc.server.leader.outstanding.appends.max = 128 (default)
2019-10-04 08:46:26,094 [7f562cf2-a919-4f6a-a3b2-da45eba29cb3@group-FA642F1BFB49-LeaderElection11] INFO  server.RaftServerConfigKeys (ConfUtils.java:logGet(43)) - raft.server.rpc.request.timeout = 3000ms (default)
2019-10-04 08:46:26,094 [7f562cf2-a919-4f6a-a3b2-da45eba29cb3@group-FA642F1BFB49-LeaderElection11] INFO  server.RaftServerConfigKeys (ConfUtils.java:logGet(43)) - raft.server.log.appender.install.snapshot.enabled = false (custom)
2019-10-04 08:46:26,094 [7f562cf2-a919-4f6a-a3b2-da45eba29cb3@group-FA642F1BFB49-LeaderElection11] INFO  server.RaftServerConfigKeys (ConfUtils.java:logGet(43)) - raft.server.log.appender.snapshot.chunk.size.max = 16MB (=16777216) (default)
2019-10-04 08:46:26,094 [7f562cf2-a919-4f6a-a3b2-da45eba29cb3@group-FA642F1BFB49-LeaderElection11] INFO  server.RaftServerConfigKeys (ConfUtils.java:logGet(43)) - raft.server.log.appender.buffer.byte-limit = 33554432 (custom)
2019-10-04 08:46:26,094 [7f562cf2-a919-4f6a-a3b2-da45eba29cb3@group-FA642F1BFB49-LeaderElection11] INFO  server.RaftServerConfigKeys (ConfUtils.java:logGet(43)) - raft.server.log.appender.buffer.element-limit = 1 (custom)
2019-10-04 08:46:26,094 [7f562cf2-a919-4f6a-a3b2-da45eba29cb3@group-FA642F1BFB49-LeaderElection11] INFO  grpc.GrpcConfigKeys$Server (ConfUtils.java:logGet(43)) - raft.grpc.server.leader.outstanding.appends.max = 128 (default)
2019-10-04 08:46:26,095 [7f562cf2-a919-4f6a-a3b2-da45eba29cb3@group-FA642F1BFB49-LeaderElection11] INFO  server.RaftServerConfigKeys (ConfUtils.java:logGet(43)) - raft.server.rpc.request.timeout = 3000ms (default)
2019-10-04 08:46:26,095 [7f562cf2-a919-4f6a-a3b2-da45eba29cb3@group-FA642F1BFB49-LeaderElection11] INFO  server.RaftServerConfigKeys (ConfUtils.java:logGet(43)) - raft.server.log.appender.install.snapshot.enabled = false (custom)
2019-10-04 08:46:26,095 [7f562cf2-a919-4f6a-a3b2-da45eba29cb3@group-FA642F1BFB49-LeaderElection11] INFO  impl.RoleInfo (RoleInfo.java:updateAndGet(143)) - 7f562cf2-a919-4f6a-a3b2-da45eba29cb3: start LeaderState
2019-10-04 08:46:26,095 [7f562cf2-a919-4f6a-a3b2-da45eba29cb3@group-FA642F1BFB49-LeaderElection11] INFO  segmented.SegmentedRaftLogWorker (SegmentedRaftLogWorker.java:rollLogSegment(390)) - 7f562cf2-a919-4f6a-a3b2-da45eba29cb3@group-FA642F1BFB49-SegmentedRaftLogWorker: Rolling segment log-0_2 to index:2
2019-10-04 08:46:26,098 [7f562cf2-a919-4f6a-a3b2-da45eba29cb3@group-FA642F1BFB49-SegmentedRaftLogWorker] INFO  segmented.SegmentedRaftLogWorker (SegmentedRaftLogWorker.java:execute(531)) - 7f562cf2-a919-4f6a-a3b2-da45eba29cb3@group-FA642F1BFB49-SegmentedRaftLogWorker: Rolled log segment from /workdir/hadoop-ozone/integration-test/target/test-dir/MiniOzoneClusterImpl-b87a1b95-0ca3-4047-8457-6f6b40dbe18f/datanode-3/data/ratis/0095b97f-1054-41ce-8a59-fa642f1bfb49/current/log_inprogress_0 to /workdir/hadoop-ozone/integration-test/target/test-dir/MiniOzoneClusterImpl-b87a1b95-0ca3-4047-8457-6f6b40dbe18f/datanode-3/data/ratis/0095b97f-1054-41ce-8a59-fa642f1bfb49/current/log_0-2
2019-10-04 08:46:26,100 [7f562cf2-a919-4f6a-a3b2-da45eba29cb3@group-FA642F1BFB49-LeaderElection11] INFO  impl.RaftServerImpl (ServerState.java:setRaftConf(356)) - 7f562cf2-a919-4f6a-a3b2-da45eba29cb3@group-FA642F1BFB49: set configuration 3: [7f562cf2-a919-4f6a-a3b2-da45eba29cb3:192.168.151.111:33119, 20cc1711-a1c6-4681-b1da-72967494da33:192.168.151.111:44316, cb198935-4283-48d8-a451-673d5bcc91a7:192.168.151.111:34742], old=null at 3
2019-10-04 08:46:26,102 [grpc-default-executor-2] WARN  server.GrpcLogAppender (LogUtils.java:warn(134)) - 7f562cf2-a919-4f6a-a3b2-da45eba29cb3@group-FA642F1BFB49->cb198935-4283-48d8-a451-673d5bcc91a7-AppendLogResponseHandler: Failed appendEntries: org.apache.ratis.thirdparty.io.grpc.StatusRuntimeException: UNAVAILABLE: io exception
2019-10-04 08:46:26,129 [grpc-default-executor-2] INFO  impl.FollowerInfo (FollowerInfo.java:lambda$new$0(51)) - 7f562cf2-a919-4f6a-a3b2-da45eba29cb3@group-FA642F1BFB49->cb198935-4283-48d8-a451-673d5bcc91a7: nextIndex: updateUnconditionally 3 -> 1
2019-10-04 08:46:26,130 [grpc-default-executor-1] INFO  impl.RaftServerImpl (ServerState.java:setLeader(255)) - 20cc1711-a1c6-4681-b1da-72967494da33@group-FA642F1BFB49: change Leader from null to 7f562cf2-a919-4f6a-a3b2-da45eba29cb3 at term 2 for appendEntries, leader elected after 60ms
2019-10-04 08:46:26,134 [grpc-default-executor-1] INFO  impl.RaftServerImpl (ServerState.java:setRaftConf(356)) - 20cc1711-a1c6-4681-b1da-72967494da33@group-FA642F1BFB49: set configuration 3: [7f562cf2-a919-4f6a-a3b2-da45eba29cb3:192.168.151.111:33119, 20cc1711-a1c6-4681-b1da-72967494da33:192.168.151.111:44316, cb198935-4283-48d8-a451-673d5bcc91a7:192.168.151.111:34742], old=null at 3
2019-10-04 08:46:26,134 [grpc-default-executor-1] INFO  segmented.SegmentedRaftLogWorker (SegmentedRaftLogWorker.java:rollLogSegment(390)) - 20cc1711-a1c6-4681-b1da-72967494da33@group-FA642F1BFB49-SegmentedRaftLogWorker: Rolling segment log-0_2 to index:2
2019-10-04 08:46:26,135 [20cc1711-a1c6-4681-b1da-72967494da33@group-FA642F1BFB49-SegmentedRaftLogWorker] INFO  segmented.SegmentedRaftLogWorker (SegmentedRaftLogWorker.java:execute(531)) - 20cc1711-a1c6-4681-b1da-72967494da33@group-FA642F1BFB49-SegmentedRaftLogWorker: Rolled log segment from /workdir/hadoop-ozone/integration-test/target/test-dir/MiniOzoneClusterImpl-b87a1b95-0ca3-4047-8457-6f6b40dbe18f/datanode-1/data/ratis/0095b97f-1054-41ce-8a59-fa642f1bfb49/current/log_inprogress_0 to /workdir/hadoop-ozone/integration-test/target/test-dir/MiniOzoneClusterImpl-b87a1b95-0ca3-4047-8457-6f6b40dbe18f/datanode-1/data/ratis/0095b97f-1054-41ce-8a59-fa642f1bfb49/current/log_0-2
2019-10-04 08:46:26,152 [7f562cf2-a919-4f6a-a3b2-da45eba29cb3@group-FA642F1BFB49-SegmentedRaftLogWorker] INFO  segmented.SegmentedRaftLogWorker (SegmentedRaftLogWorker.java:execute(574)) - 7f562cf2-a919-4f6a-a3b2-da45eba29cb3@group-FA642F1BFB49-SegmentedRaftLogWorker: created new log segment /workdir/hadoop-ozone/integration-test/target/test-dir/MiniOzoneClusterImpl-b87a1b95-0ca3-4047-8457-6f6b40dbe18f/datanode-3/data/ratis/0095b97f-1054-41ce-8a59-fa642f1bfb49/current/log_inprogress_3
2019-10-04 08:46:26,185 [20cc1711-a1c6-4681-b1da-72967494da33@group-FA642F1BFB49-SegmentedRaftLogWorker] INFO  segmented.SegmentedRaftLogWorker (SegmentedRaftLogWorker.java:execute(574)) - 20cc1711-a1c6-4681-b1da-72967494da33@group-FA642F1BFB49-SegmentedRaftLogWorker: created new log segment /workdir/hadoop-ozone/integration-test/target/test-dir/MiniOzoneClusterImpl-b87a1b95-0ca3-4047-8457-6f6b40dbe18f/datanode-1/data/ratis/0095b97f-1054-41ce-8a59-fa642f1bfb49/current/log_inprogress_3
2019-10-04 08:46:26,205 [grpc-default-executor-0] WARN  server.GrpcLogAppender (LogUtils.java:warn(134)) - 7f562cf2-a919-4f6a-a3b2-da45eba29cb3@group-FA642F1BFB49->cb198935-4283-48d8-a451-673d5bcc91a7-AppendLogResponseHandler: Failed appendEntries: org.apache.ratis.thirdparty.io.grpc.StatusRuntimeException: UNAVAILABLE: io exception
2019-10-04 08:46:26,208 [grpc-default-executor-0] INFO  impl.FollowerInfo (FollowerInfo.java:lambda$new$0(51)) - 7f562cf2-a919-4f6a-a3b2-da45eba29cb3@group-FA642F1BFB49->cb198935-4283-48d8-a451-673d5bcc91a7: nextIndex: updateUnconditionally 2 -> 1
2019-10-04 08:46:26,219 [grpc-default-executor-2] WARN  server.GrpcLogAppender (LogUtils.java:warn(134)) - 7f562cf2-a919-4f6a-a3b2-da45eba29cb3@group-FA642F1BFB49->cb198935-4283-48d8-a451-673d5bcc91a7-AppendLogResponseHandler: Failed appendEntries: org.apache.ratis.thirdparty.io.grpc.StatusRuntimeException: UNAVAILABLE: io exception
2019-10-04 08:46:26,221 [grpc-default-executor-2] INFO  impl.FollowerInfo (FollowerInfo.java:lambda$new$0(51)) - 7f562cf2-a919-4f6a-a3b2-da45eba29cb3@group-FA642F1BFB49->cb198935-4283-48d8-a451-673d5bcc91a7: nextIndex: updateUnconditionally 2 -> 1
]]></system-out>
    <system-err><![CDATA[ERROR StatusLogger No Log4j 2 configuration file found. Using default configuration (logging only errors to the console), or user programmatically provided configurations. Set system property 'log4j2.debug' to show Log4j 2 internal initialization logging. See https://logging.apache.org/log4j/2.x/manual/configuration.html for instructions on how to configure Log4j 2
]]></system-err>
  </testcase>
</testsuite>