<?xml version="1.0" encoding="UTF-8"?>
<testsuite xmlns:xsi="http://www.w3.org/2001/XMLSchema-instance" xsi:noNamespaceSchemaLocation="https://maven.apache.org/surefire/maven-surefire-plugin/xsd/surefire-test-report.xsd" name="org.apache.hadoop.ozone.client.rpc.Test2WayCommitInRatis" time="35.468" tests="1" errors="1" skipped="0" failures="0">
  <properties>
    <property name="awt.toolkit" value="sun.awt.X11.XToolkit"/>
    <property name="file.encoding.pkg" value="sun.io"/>
    <property name="java.specification.version" value="1.8"/>
    <property name="sun.cpu.isalist" value=""/>
    <property name="sun.jnu.encoding" value="UTF-8"/>
    <property name="java.class.path" value="/workdir/hadoop-ozone/integration-test/target/test-classes:/workdir/hadoop-ozone/integration-test/target/classes:/home/user/.m2/repository/org/apache/hadoop/hadoop-ozone-common/0.5.0-SNAPSHOT/hadoop-ozone-common-0.5.0-SNAPSHOT.jar:/home/user/.m2/repository/org/apache/commons/commons-compress/1.4.1/commons-compress-1.4.1.jar:/home/user/.m2/repository/org/tukaani/xz/1.0/xz-1.0.jar:/home/user/.m2/repository/org/apache/hadoop/hadoop-common/3.2.0/hadoop-common-3.2.0.jar:/home/user/.m2/repository/org/apache/hadoop/hadoop-hdfs/3.2.0/hadoop-hdfs-3.2.0.jar:/home/user/.m2/repository/org/apache/hadoop/hadoop-hdfs-client/3.2.0/hadoop-hdfs-client-3.2.0.jar:/home/user/.m2/repository/com/fasterxml/jackson/core/jackson-annotations/2.9.9/jackson-annotations-2.9.9.jar:/home/user/.m2/repository/org/apache/hadoop/hadoop-hdds-common/0.5.0-SNAPSHOT/hadoop-hdds-common-0.5.0-SNAPSHOT.jar:/home/user/.m2/repository/javax/annotation/javax.annotation-api/1.2/javax.annotation-api-1.2.jar:/home/user/.m2/repository/org/apache/ratis/ratis-server/0.5.0-201fc85-SNAPSHOT/ratis-server-0.5.0-201fc85-SNAPSHOT.jar:/home/user/.m2/repository/org/apache/ratis/ratis-thirdparty-misc/0.2.0/ratis-thirdparty-misc-0.2.0.jar:/home/user/.m2/repository/org/apache/ratis/ratis-proto/0.5.0-201fc85-SNAPSHOT/ratis-proto-0.5.0-201fc85-SNAPSHOT.jar:/home/user/.m2/repository/org/apache/ratis/ratis-common/0.5.0-201fc85-SNAPSHOT/ratis-common-0.5.0-201fc85-SNAPSHOT.jar:/home/user/.m2/repository/org/apache/ratis/ratis-client/0.5.0-201fc85-SNAPSHOT/ratis-client-0.5.0-201fc85-SNAPSHOT.jar:/home/user/.m2/repository/org/apache/ratis/ratis-metrics/0.5.0-201fc85-SNAPSHOT/ratis-metrics-0.5.0-201fc85-SNAPSHOT.jar:/home/user/.m2/repository/com/github/joshelser/dropwizard-metrics-hadoop-metrics2-reporter/0.1.2/dropwizard-metrics-hadoop-metrics2-reporter-0.1.2.jar:/home/user/.m2/repository/io/dropwizard/metrics/metrics-jvm/3.2.5/metrics-jvm-3.2.5.jar:/home/user/.m2/repository/io/dropwizard/metrics/metrics-ganglia/3.2.5/metrics-ganglia-3.2.5.jar:/home/user/.m2/repository/info/ganglia/gmetric4j/gmetric4j/1.0.7/gmetric4j-1.0.7.jar:/home/user/.m2/repository/org/apache/ratis/ratis-netty/0.5.0-201fc85-SNAPSHOT/ratis-netty-0.5.0-201fc85-SNAPSHOT.jar:/home/user/.m2/repository/org/apache/ratis/ratis-grpc/0.5.0-201fc85-SNAPSHOT/ratis-grpc-0.5.0-201fc85-SNAPSHOT.jar:/home/user/.m2/repository/org/rocksdb/rocksdbjni/6.0.1/rocksdbjni-6.0.1.jar:/home/user/.m2/repository/org/apache/logging/log4j/log4j-api/2.11.0/log4j-api-2.11.0.jar:/home/user/.m2/repository/org/apache/logging/log4j/log4j-core/2.11.0/log4j-core-2.11.0.jar:/home/user/.m2/repository/com/lmax/disruptor/3.4.2/disruptor-3.4.2.jar:/home/user/.m2/repository/org/apache/commons/commons-pool2/2.6.0/commons-pool2-2.6.0.jar:/home/user/.m2/repository/org/bouncycastle/bcpkix-jdk15on/1.60/bcpkix-jdk15on-1.60.jar:/home/user/.m2/repository/commons-validator/commons-validator/1.6/commons-validator-1.6.jar:/home/user/.m2/repository/commons-digester/commons-digester/1.8.1/commons-digester-1.8.1.jar:/home/user/.m2/repository/io/jaegertracing/jaeger-client/0.34.0/jaeger-client-0.34.0.jar:/home/user/.m2/repository/io/jaegertracing/jaeger-thrift/0.34.0/jaeger-thrift-0.34.0.jar:/home/user/.m2/repository/org/apache/thrift/libthrift/0.12.0/libthrift-0.12.0.jar:/home/user/.m2/repository/com/squareup/okhttp3/okhttp/3.9.0/okhttp-3.9.0.jar:/home/user/.m2/repository/com/squareup/okio/okio/1.13.0/okio-1.13.0.jar:/home/user/.m2/repository/io/jaegertracing/jaeger-core/0.34.0/jaeger-core-0.34.0.jar:/home/user/.m2/repository/io/jaegertracing/jaeger-tracerresolver/0.34.0/jaeger-tracerresolver-0.34.0.jar:/home/user/.m2/repository/io/opentracing/contrib/opentracing-tracerresolver/0.1.5/opentracing-tracerresolver-0.1.5.jar:/home/user/.m2/repository/io/opentracing/opentracing-util/0.31.0/opentracing-util-0.31.0.jar:/home/user/.m2/repository/io/opentracing/opentracing-api/0.31.0/opentracing-api-0.31.0.jar:/home/user/.m2/repository/io/opentracing/opentracing-noop/0.31.0/opentracing-noop-0.31.0.jar:/home/user/.m2/repository/org/apache/hadoop/hadoop-hdds-server-framework/0.5.0-SNAPSHOT/hadoop-hdds-server-framework-0.5.0-SNAPSHOT.jar:/home/user/.m2/repository/org/apache/hadoop/hadoop-hdds-container-service/0.5.0-SNAPSHOT/hadoop-hdds-container-service-0.5.0-SNAPSHOT.jar:/home/user/.m2/repository/org/apache/hadoop/hadoop-hdds-client/0.5.0-SNAPSHOT/hadoop-hdds-client-0.5.0-SNAPSHOT.jar:/home/user/.m2/repository/org/apache/hadoop/hadoop-hdds-tools/0.5.0-SNAPSHOT/hadoop-hdds-tools-0.5.0-SNAPSHOT.jar:/home/user/.m2/repository/org/apache/hadoop/hadoop-hdds-server-scm/0.5.0-SNAPSHOT/hadoop-hdds-server-scm-0.5.0-SNAPSHOT.jar:/home/user/.m2/repository/org/apache/hadoop/hadoop-hdds-docs/0.5.0-SNAPSHOT/hadoop-hdds-docs-0.5.0-SNAPSHOT.jar:/home/user/.m2/repository/io/dropwizard/metrics/metrics-core/3.2.4/metrics-core-3.2.4.jar:/home/user/.m2/repository/org/hamcrest/hamcrest-all/1.3/hamcrest-all-1.3.jar:/home/user/.m2/repository/org/bouncycastle/bcprov-jdk15on/1.60/bcprov-jdk15on-1.60.jar:/home/user/.m2/repository/info/picocli/picocli/3.9.6/picocli-3.9.6.jar:/home/user/.m2/repository/com/google/protobuf/protobuf-java/2.5.0/protobuf-java-2.5.0.jar:/home/user/.m2/repository/com/google/guava/guava/11.0.2/guava-11.0.2.jar:/home/user/.m2/repository/org/apache/hadoop/hadoop-ozone-ozone-manager/0.5.0-SNAPSHOT/hadoop-ozone-ozone-manager-0.5.0-SNAPSHOT.jar:/home/user/.m2/repository/org/apache/hadoop/hadoop-minikdc/3.2.0/hadoop-minikdc-3.2.0.jar:/home/user/.m2/repository/commons-io/commons-io/2.5/commons-io-2.5.jar:/home/user/.m2/repository/org/apache/kerby/kerb-simplekdc/1.0.1/kerb-simplekdc-1.0.1.jar:/home/user/.m2/repository/org/apache/kerby/kerb-client/1.0.1/kerb-client-1.0.1.jar:/home/user/.m2/repository/org/apache/kerby/kerby-config/1.0.1/kerby-config-1.0.1.jar:/home/user/.m2/repository/org/apache/kerby/kerb-core/1.0.1/kerb-core-1.0.1.jar:/home/user/.m2/repository/org/apache/kerby/kerby-pkix/1.0.1/kerby-pkix-1.0.1.jar:/home/user/.m2/repository/org/apache/kerby/kerby-asn1/1.0.1/kerby-asn1-1.0.1.jar:/home/user/.m2/repository/org/apache/kerby/kerby-util/1.0.1/kerby-util-1.0.1.jar:/home/user/.m2/repository/org/apache/kerby/kerb-common/1.0.1/kerb-common-1.0.1.jar:/home/user/.m2/repository/org/apache/kerby/kerb-crypto/1.0.1/kerb-crypto-1.0.1.jar:/home/user/.m2/repository/org/apache/kerby/kerb-util/1.0.1/kerb-util-1.0.1.jar:/home/user/.m2/repository/org/apache/kerby/token-provider/1.0.1/token-provider-1.0.1.jar:/home/user/.m2/repository/org/apache/kerby/kerb-admin/1.0.1/kerb-admin-1.0.1.jar:/home/user/.m2/repository/org/apache/kerby/kerb-server/1.0.1/kerb-server-1.0.1.jar:/home/user/.m2/repository/org/apache/kerby/kerb-identity/1.0.1/kerb-identity-1.0.1.jar:/home/user/.m2/repository/org/apache/kerby/kerby-xdr/1.0.1/kerby-xdr-1.0.1.jar:/home/user/.m2/repository/org/slf4j/slf4j-log4j12/1.7.25/slf4j-log4j12-1.7.25.jar:/home/user/.m2/repository/org/apache/hadoop/hadoop-ozone-s3gateway/0.5.0-SNAPSHOT/hadoop-ozone-s3gateway-0.5.0-SNAPSHOT.jar:/home/user/.m2/repository/org/jboss/weld/servlet/weld-servlet/2.4.7.Final/weld-servlet-2.4.7.Final.jar:/home/user/.m2/repository/org/glassfish/jersey/containers/jersey-container-servlet-core/2.27/jersey-container-servlet-core-2.27.jar:/home/user/.m2/repository/org/glassfish/hk2/external/javax.inject/2.5.0-b42/javax.inject-2.5.0-b42.jar:/home/user/.m2/repository/org/glassfish/jersey/core/jersey-common/2.27/jersey-common-2.27.jar:/home/user/.m2/repository/org/glassfish/hk2/osgi-resource-locator/1.0.1/osgi-resource-locator-1.0.1.jar:/home/user/.m2/repository/javax/ws/rs/javax.ws.rs-api/2.1/javax.ws.rs-api-2.1.jar:/home/user/.m2/repository/org/glassfish/jersey/ext/cdi/jersey-cdi1x/2.27/jersey-cdi1x-2.27.jar:/home/user/.m2/repository/org/glassfish/jersey/inject/jersey-hk2/2.27/jersey-hk2-2.27.jar:/home/user/.m2/repository/org/glassfish/hk2/hk2-locator/2.5.0-b42/hk2-locator-2.5.0-b42.jar:/home/user/.m2/repository/org/javassist/javassist/3.22.0-CR2/javassist-3.22.0-CR2.jar:/home/user/.m2/repository/org/glassfish/hk2/hk2-api/2.5.0/hk2-api-2.5.0.jar:/home/user/.m2/repository/org/glassfish/hk2/external/jakarta.inject/2.5.0/jakarta.inject-2.5.0.jar:/home/user/.m2/repository/org/glassfish/hk2/hk2-utils/2.5.0/hk2-utils-2.5.0.jar:/home/user/.m2/repository/jakarta/annotation/jakarta.annotation-api/1.3.4/jakarta.annotation-api-1.3.4.jar:/home/user/.m2/repository/org/glassfish/hk2/external/aopalliance-repackaged/2.5.0/aopalliance-repackaged-2.5.0.jar:/home/user/.m2/repository/com/fasterxml/jackson/dataformat/jackson-dataformat-xml/2.9.0/jackson-dataformat-xml-2.9.0.jar:/home/user/.m2/repository/com/fasterxml/jackson/core/jackson-core/2.9.9/jackson-core-2.9.9.jar:/home/user/.m2/repository/com/fasterxml/jackson/module/jackson-module-jaxb-annotations/2.9.9/jackson-module-jaxb-annotations-2.9.9.jar:/home/user/.m2/repository/javax/enterprise/cdi-api/1.2/cdi-api-1.2.jar:/home/user/.m2/repository/javax/el/javax.el-api/3.0.0/javax.el-api-3.0.0.jar:/home/user/.m2/repository/javax/interceptor/javax.interceptor-api/1.2/javax.interceptor-api-1.2.jar:/home/user/.m2/repository/javax/inject/javax.inject/1/javax.inject-1.jar:/home/user/.m2/repository/com/sun/xml/bind/jaxb-impl/2.3.0.1/jaxb-impl-2.3.0.1.jar:/home/user/.m2/repository/com/sun/xml/bind/jaxb-core/2.3.0.1/jaxb-core-2.3.0.1.jar:/home/user/.m2/repository/javax/xml/bind/jaxb-api/2.3.0/jaxb-api-2.3.0.jar:/home/user/.m2/repository/javax/activation/activation/1.1.1/activation-1.1.1.jar:/home/user/.m2/repository/org/apache/hadoop/hadoop-ozone-csi/0.5.0-SNAPSHOT/hadoop-ozone-csi-0.5.0-SNAPSHOT.jar:/home/user/.m2/repository/com/google/protobuf/protobuf-java-util/3.5.1/protobuf-java-util-3.5.1.jar:/home/user/.m2/repository/org/apache/hadoop/hadoop-hdds-config/0.5.0-SNAPSHOT/hadoop-hdds-config-0.5.0-SNAPSHOT.jar:/home/user/.m2/repository/io/grpc/grpc-netty/1.17.1/grpc-netty-1.17.1.jar:/home/user/.m2/repository/io/grpc/grpc-core/1.17.1/grpc-core-1.17.1.jar:/home/user/.m2/repository/io/grpc/grpc-context/1.17.1/grpc-context-1.17.1.jar:/home/user/.m2/repository/com/google/errorprone/error_prone_annotations/2.2.0/error_prone_annotations-2.2.0.jar:/home/user/.m2/repository/org/codehaus/mojo/animal-sniffer-annotations/1.17/animal-sniffer-annotations-1.17.jar:/home/user/.m2/repository/io/opencensus/opencensus-api/0.17.0/opencensus-api-0.17.0.jar:/home/user/.m2/repository/io/opencensus/opencensus-contrib-grpc-metrics/0.17.0/opencensus-contrib-grpc-metrics-0.17.0.jar:/home/user/.m2/repository/io/netty/netty-codec-http2/4.1.30.Final/netty-codec-http2-4.1.30.Final.jar:/home/user/.m2/repository/io/netty/netty-codec-http/4.1.30.Final/netty-codec-http-4.1.30.Final.jar:/home/user/.m2/repository/io/netty/netty-codec/4.1.30.Final/netty-codec-4.1.30.Final.jar:/home/user/.m2/repository/io/netty/netty-handler/4.1.30.Final/netty-handler-4.1.30.Final.jar:/home/user/.m2/repository/io/netty/netty-handler-proxy/4.1.30.Final/netty-handler-proxy-4.1.30.Final.jar:/home/user/.m2/repository/io/netty/netty-codec-socks/4.1.30.Final/netty-codec-socks-4.1.30.Final.jar:/home/user/.m2/repository/io/netty/netty-transport-native-epoll/4.1.30.Final/netty-transport-native-epoll-4.1.30.Final.jar:/home/user/.m2/repository/io/netty/netty-common/4.1.30.Final/netty-common-4.1.30.Final.jar:/home/user/.m2/repository/io/netty/netty-buffer/4.1.30.Final/netty-buffer-4.1.30.Final.jar:/home/user/.m2/repository/io/netty/netty-transport/4.1.30.Final/netty-transport-4.1.30.Final.jar:/home/user/.m2/repository/io/netty/netty-resolver/4.1.30.Final/netty-resolver-4.1.30.Final.jar:/home/user/.m2/repository/io/netty/netty-transport-native-unix-common/4.1.30.Final/netty-transport-native-unix-common-4.1.30.Final.jar:/home/user/.m2/repository/io/grpc/grpc-protobuf/1.17.1/grpc-protobuf-1.17.1.jar:/home/user/.m2/repository/com/google/api/grpc/proto-google-common-protos/1.0.0/proto-google-common-protos-1.0.0.jar:/home/user/.m2/repository/io/grpc/grpc-protobuf-lite/1.17.1/grpc-protobuf-lite-1.17.1.jar:/home/user/.m2/repository/io/grpc/grpc-stub/1.17.1/grpc-stub-1.17.1.jar:/home/user/.m2/repository/org/apache/hadoop/hadoop-ozone-recon/0.5.0-SNAPSHOT/hadoop-ozone-recon-0.5.0-SNAPSHOT.jar:/home/user/.m2/repository/org/apache/hadoop/hadoop-ozone-reconcodegen/0.5.0-SNAPSHOT/hadoop-ozone-reconcodegen-0.5.0-SNAPSHOT.jar:/home/user/.m2/repository/com/google/inject/extensions/guice-multibindings/4.0/guice-multibindings-4.0.jar:/home/user/.m2/repository/com/google/inject/guice/4.0/guice-4.0.jar:/home/user/.m2/repository/aopalliance/aopalliance/1.0/aopalliance-1.0.jar:/home/user/.m2/repository/com/google/inject/extensions/guice-servlet/4.0/guice-servlet-4.0.jar:/home/user/.m2/repository/org/glassfish/jersey/containers/jersey-container-servlet/2.27/jersey-container-servlet-2.27.jar:/home/user/.m2/repository/org/glassfish/hk2/guice-bridge/2.5.0/guice-bridge-2.5.0.jar:/home/user/.m2/repository/org/glassfish/jersey/core/jersey-server/2.27/jersey-server-2.27.jar:/home/user/.m2/repository/org/glassfish/jersey/core/jersey-client/2.27/jersey-client-2.27.jar:/home/user/.m2/repository/org/glassfish/jersey/media/jersey-media-jaxb/2.27/jersey-media-jaxb-2.27.jar:/home/user/.m2/repository/javax/validation/validation-api/1.1.0.Final/validation-api-1.1.0.Final.jar:/home/user/.m2/repository/org/glassfish/jersey/media/jersey-media-json-jackson/2.27/jersey-media-json-jackson-2.27.jar:/home/user/.m2/repository/org/glassfish/jersey/ext/jersey-entity-filtering/2.27/jersey-entity-filtering-2.27.jar:/home/user/.m2/repository/com/google/inject/extensions/guice-assistedinject/4.0/guice-assistedinject-4.0.jar:/home/user/.m2/repository/org/jooq/jooq/3.11.10/jooq-3.11.10.jar:/home/user/.m2/repository/org/jooq/jooq-meta/3.11.10/jooq-meta-3.11.10.jar:/home/user/.m2/repository/org/jooq/jooq-codegen/3.11.10/jooq-codegen-3.11.10.jar:/home/user/.m2/repository/com/jolbox/bonecp/0.8.0.RELEASE/bonecp-0.8.0.RELEASE.jar:/home/user/.m2/repository/org/xerial/sqlite-jdbc/3.25.2/sqlite-jdbc-3.25.2.jar:/home/user/.m2/repository/org/springframework/spring-jdbc/5.1.3.RELEASE/spring-jdbc-5.1.3.RELEASE.jar:/home/user/.m2/repository/org/springframework/spring-beans/5.1.3.RELEASE/spring-beans-5.1.3.RELEASE.jar:/home/user/.m2/repository/org/springframework/spring-core/5.1.3.RELEASE/spring-core-5.1.3.RELEASE.jar:/home/user/.m2/repository/org/springframework/spring-jcl/5.1.3.RELEASE/spring-jcl-5.1.3.RELEASE.jar:/home/user/.m2/repository/org/springframework/spring-tx/5.1.3.RELEASE/spring-tx-5.1.3.RELEASE.jar:/home/user/.m2/repository/org/apache/hadoop/hadoop-ozone-client/0.5.0-SNAPSHOT/hadoop-ozone-client-0.5.0-SNAPSHOT.jar:/home/user/.m2/repository/commons-lang/commons-lang/2.6/commons-lang-2.6.jar:/home/user/.m2/repository/org/apache/hadoop/hadoop-ozone-ozone-manager/0.5.0-SNAPSHOT/hadoop-ozone-ozone-manager-0.5.0-SNAPSHOT-tests.jar:/home/user/.m2/repository/junit/junit/4.11/junit-4.11.jar:/home/user/.m2/repository/org/hamcrest/hamcrest-core/1.3/hamcrest-core-1.3.jar:/home/user/.m2/repository/org/openjdk/jmh/jmh-core/1.19/jmh-core-1.19.jar:/home/user/.m2/repository/net/sf/jopt-simple/jopt-simple/4.6/jopt-simple-4.6.jar:/home/user/.m2/repository/org/apache/commons/commons-math3/3.1.1/commons-math3-3.1.1.jar:/home/user/.m2/repository/org/openjdk/jmh/jmh-generator-annprocess/1.19/jmh-generator-annprocess-1.19.jar:/home/user/.m2/repository/org/mockito/mockito-all/1.8.5/mockito-all-1.8.5.jar:/home/user/.m2/repository/org/apache/hadoop/hadoop-kms/3.2.0/hadoop-kms-3.2.0.jar:/home/user/.m2/repository/org/apache/hadoop/hadoop-auth/3.2.0/hadoop-auth-3.2.0.jar:/home/user/.m2/repository/com/nimbusds/nimbus-jose-jwt/4.41.1/nimbus-jose-jwt-4.41.1.jar:/home/user/.m2/repository/com/github/stephenc/jcip/jcip-annotations/1.0-1/jcip-annotations-1.0-1.jar:/home/user/.m2/repository/net/minidev/json-smart/2.3/json-smart-2.3.jar:/home/user/.m2/repository/net/minidev/accessors-smart/1.2/accessors-smart-1.2.jar:/home/user/.m2/repository/org/ow2/asm/asm/5.0.4/asm-5.0.4.jar:/home/user/.m2/repository/org/apache/curator/curator-framework/2.12.0/curator-framework-2.12.0.jar:/home/user/.m2/repository/com/sun/jersey/jersey-core/1.19/jersey-core-1.19.jar:/home/user/.m2/repository/javax/ws/rs/jsr311-api/1.1.1/jsr311-api-1.1.1.jar:/home/user/.m2/repository/com/sun/jersey/jersey-server/1.19/jersey-server-1.19.jar:/home/user/.m2/repository/javax/servlet/javax.servlet-api/3.1.0/javax.servlet-api-3.1.0.jar:/home/user/.m2/repository/org/eclipse/jetty/jetty-server/9.3.25.v20180904/jetty-server-9.3.25.v20180904.jar:/home/user/.m2/repository/org/eclipse/jetty/jetty-http/9.3.25.v20180904/jetty-http-9.3.25.v20180904.jar:/home/user/.m2/repository/org/eclipse/jetty/jetty-io/9.3.25.v20180904/jetty-io-9.3.25.v20180904.jar:/home/user/.m2/repository/org/eclipse/jetty/jetty-webapp/9.3.25.v20180904/jetty-webapp-9.3.25.v20180904.jar:/home/user/.m2/repository/org/eclipse/jetty/jetty-xml/9.3.25.v20180904/jetty-xml-9.3.25.v20180904.jar:/home/user/.m2/repository/log4j/log4j/1.2.17/log4j-1.2.17.jar:/home/user/.m2/repository/org/slf4j/slf4j-api/1.7.25/slf4j-api-1.7.25.jar:/home/user/.m2/repository/org/slf4j/jul-to-slf4j/1.7.25/jul-to-slf4j-1.7.25.jar:/home/user/.m2/repository/org/eclipse/jetty/jetty-util/9.3.25.v20180904/jetty-util-9.3.25.v20180904.jar:/home/user/.m2/repository/com/fasterxml/jackson/core/jackson-databind/2.9.9/jackson-databind-2.9.9.jar:/home/user/.m2/repository/org/apache/hadoop/hadoop-kms/3.2.0/hadoop-kms-3.2.0-tests.jar:/home/user/.m2/repository/org/apache/hadoop/hadoop-hdds-server-scm/0.5.0-SNAPSHOT/hadoop-hdds-server-scm-0.5.0-SNAPSHOT-tests.jar:/home/user/.m2/repository/org/apache/hadoop/hadoop-hdds-container-service/0.5.0-SNAPSHOT/hadoop-hdds-container-service-0.5.0-SNAPSHOT-tests.jar:/home/user/.m2/repository/org/yaml/snakeyaml/1.16/snakeyaml-1.16.jar:/home/user/.m2/repository/org/apache/hadoop/hadoop-common/3.2.0/hadoop-common-3.2.0-tests.jar:/home/user/.m2/repository/org/apache/hadoop/hadoop-annotations/3.2.0/hadoop-annotations-3.2.0.jar:/usr/lib/jvm/java-1.8-openjdk/jre/../lib/tools.jar:/home/user/.m2/repository/commons-cli/commons-cli/1.2/commons-cli-1.2.jar:/home/user/.m2/repository/org/apache/httpcomponents/httpclient/4.5.2/httpclient-4.5.2.jar:/home/user/.m2/repository/org/apache/httpcomponents/httpcore/4.4.4/httpcore-4.4.4.jar:/home/user/.m2/repository/commons-codec/commons-codec/1.11/commons-codec-1.11.jar:/home/user/.m2/repository/commons-net/commons-net/3.6/commons-net-3.6.jar:/home/user/.m2/repository/commons-collections/commons-collections/3.2.2/commons-collections-3.2.2.jar:/home/user/.m2/repository/org/eclipse/jetty/jetty-servlet/9.3.25.v20180904/jetty-servlet-9.3.25.v20180904.jar:/home/user/.m2/repository/org/eclipse/jetty/jetty-security/9.3.25.v20180904/jetty-security-9.3.25.v20180904.jar:/home/user/.m2/repository/javax/servlet/jsp/jsp-api/2.1/jsp-api-2.1.jar:/home/user/.m2/repository/com/sun/jersey/jersey-servlet/1.19/jersey-servlet-1.19.jar:/home/user/.m2/repository/com/sun/jersey/jersey-json/1.19/jersey-json-1.19.jar:/home/user/.m2/repository/org/codehaus/jettison/jettison/1.1/jettison-1.1.jar:/home/user/.m2/repository/org/codehaus/jackson/jackson-core-asl/1.9.13/jackson-core-asl-1.9.13.jar:/home/user/.m2/repository/org/codehaus/jackson/jackson-mapper-asl/1.9.13/jackson-mapper-asl-1.9.13.jar:/home/user/.m2/repository/org/codehaus/jackson/jackson-jaxrs/1.9.13/jackson-jaxrs-1.9.13.jar:/home/user/.m2/repository/org/codehaus/jackson/jackson-xc/1.9.13/jackson-xc-1.9.13.jar:/home/user/.m2/repository/commons-logging/commons-logging/1.1.3/commons-logging-1.1.3.jar:/home/user/.m2/repository/commons-beanutils/commons-beanutils/1.9.4/commons-beanutils-1.9.4.jar:/home/user/.m2/repository/org/apache/commons/commons-configuration2/2.1.1/commons-configuration2-2.1.1.jar:/home/user/.m2/repository/org/apache/commons/commons-lang3/3.7/commons-lang3-3.7.jar:/home/user/.m2/repository/org/apache/commons/commons-text/1.4/commons-text-1.4.jar:/home/user/.m2/repository/org/apache/avro/avro/1.7.7/avro-1.7.7.jar:/home/user/.m2/repository/com/thoughtworks/paranamer/paranamer/2.3/paranamer-2.3.jar:/home/user/.m2/repository/org/xerial/snappy/snappy-java/1.0.5/snappy-java-1.0.5.jar:/home/user/.m2/repository/com/google/re2j/re2j/1.1/re2j-1.1.jar:/home/user/.m2/repository/com/google/code/gson/gson/2.2.4/gson-2.2.4.jar:/home/user/.m2/repository/com/jcraft/jsch/0.1.54/jsch-0.1.54.jar:/home/user/.m2/repository/org/apache/curator/curator-client/2.12.0/curator-client-2.12.0.jar:/home/user/.m2/repository/org/apache/curator/curator-recipes/2.12.0/curator-recipes-2.12.0.jar:/home/user/.m2/repository/com/google/code/findbugs/jsr305/3.0.0/jsr305-3.0.0.jar:/home/user/.m2/repository/org/apache/htrace/htrace-core4/4.1.0-incubating/htrace-core4-4.1.0-incubating.jar:/home/user/.m2/repository/org/apache/zookeeper/zookeeper/3.4.13/zookeeper-3.4.13.jar:/home/user/.m2/repository/jline/jline/0.9.94/jline-0.9.94.jar:/home/user/.m2/repository/org/apache/yetus/audience-annotations/0.5.0/audience-annotations-0.5.0.jar:/home/user/.m2/repository/org/codehaus/woodstox/stax2-api/3.1.4/stax2-api-3.1.4.jar:/home/user/.m2/repository/com/fasterxml/woodstox/woodstox-core/5.0.3/woodstox-core-5.0.3.jar:/home/user/.m2/repository/dnsjava/dnsjava/2.1.7/dnsjava-2.1.7.jar:/home/user/.m2/repository/org/apache/hadoop/hadoop-hdfs/3.2.0/hadoop-hdfs-3.2.0-tests.jar:/home/user/.m2/repository/org/eclipse/jetty/jetty-util-ajax/9.3.25.v20180904/jetty-util-ajax-9.3.25.v20180904.jar:/home/user/.m2/repository/commons-daemon/commons-daemon/1.0.13/commons-daemon-1.0.13.jar:/home/user/.m2/repository/io/netty/netty/3.10.5.Final/netty-3.10.5.Final.jar:/home/user/.m2/repository/io/netty/netty-all/4.0.52.Final/netty-all-4.0.52.Final.jar:/home/user/.m2/repository/org/fusesource/leveldbjni/leveldbjni-all/1.8/leveldbjni-all-1.8.jar:"/>
    <property name="java.vm.vendor" value="IcedTea"/>
    <property name="sun.arch.data.model" value="64"/>
    <property name="test.build.dir" value="/workdir/hadoop-ozone/integration-test/target/test-dir"/>
    <property name="test.cache.data" value=""/>
    <property name="java.vendor.url" value="https://icedtea.classpath.org"/>
    <property name="user.timezone" value=""/>
    <property name="java.vm.specification.version" value="1.8"/>
    <property name="os.name" value="Linux"/>
    <property name="test.build.data" value="/workdir/hadoop-ozone/integration-test/target/test-dir"/>
    <property name="user.country" value="US"/>
    <property name="sun.java.launcher" value="SUN_STANDARD"/>
    <property name="sun.boot.library.path" value="/usr/lib/jvm/java-1.8-openjdk/jre/lib/amd64"/>
    <property name="sun.java.command" value="/workdir/hadoop-ozone/integration-test/target/surefire/surefirebooter5898124478553872864.jar /workdir/hadoop-ozone/integration-test/target/surefire 2019-10-15T03-02-24_590-jvmRun1 surefire3432286142336747813tmp surefire_636756840002948276938tmp"/>
    <property name="test" value="!TestMiniChaosOzoneCluster"/>
    <property name="surefire.test.class.path" value="/workdir/hadoop-ozone/integration-test/target/test-classes:/workdir/hadoop-ozone/integration-test/target/classes:/home/user/.m2/repository/org/apache/hadoop/hadoop-ozone-common/0.5.0-SNAPSHOT/hadoop-ozone-common-0.5.0-SNAPSHOT.jar:/home/user/.m2/repository/org/apache/commons/commons-compress/1.4.1/commons-compress-1.4.1.jar:/home/user/.m2/repository/org/tukaani/xz/1.0/xz-1.0.jar:/home/user/.m2/repository/org/apache/hadoop/hadoop-common/3.2.0/hadoop-common-3.2.0.jar:/home/user/.m2/repository/org/apache/hadoop/hadoop-hdfs/3.2.0/hadoop-hdfs-3.2.0.jar:/home/user/.m2/repository/org/apache/hadoop/hadoop-hdfs-client/3.2.0/hadoop-hdfs-client-3.2.0.jar:/home/user/.m2/repository/com/fasterxml/jackson/core/jackson-annotations/2.9.9/jackson-annotations-2.9.9.jar:/home/user/.m2/repository/org/apache/hadoop/hadoop-hdds-common/0.5.0-SNAPSHOT/hadoop-hdds-common-0.5.0-SNAPSHOT.jar:/home/user/.m2/repository/javax/annotation/javax.annotation-api/1.2/javax.annotation-api-1.2.jar:/home/user/.m2/repository/org/apache/ratis/ratis-server/0.5.0-201fc85-SNAPSHOT/ratis-server-0.5.0-201fc85-SNAPSHOT.jar:/home/user/.m2/repository/org/apache/ratis/ratis-thirdparty-misc/0.2.0/ratis-thirdparty-misc-0.2.0.jar:/home/user/.m2/repository/org/apache/ratis/ratis-proto/0.5.0-201fc85-SNAPSHOT/ratis-proto-0.5.0-201fc85-SNAPSHOT.jar:/home/user/.m2/repository/org/apache/ratis/ratis-common/0.5.0-201fc85-SNAPSHOT/ratis-common-0.5.0-201fc85-SNAPSHOT.jar:/home/user/.m2/repository/org/apache/ratis/ratis-client/0.5.0-201fc85-SNAPSHOT/ratis-client-0.5.0-201fc85-SNAPSHOT.jar:/home/user/.m2/repository/org/apache/ratis/ratis-metrics/0.5.0-201fc85-SNAPSHOT/ratis-metrics-0.5.0-201fc85-SNAPSHOT.jar:/home/user/.m2/repository/com/github/joshelser/dropwizard-metrics-hadoop-metrics2-reporter/0.1.2/dropwizard-metrics-hadoop-metrics2-reporter-0.1.2.jar:/home/user/.m2/repository/io/dropwizard/metrics/metrics-jvm/3.2.5/metrics-jvm-3.2.5.jar:/home/user/.m2/repository/io/dropwizard/metrics/metrics-ganglia/3.2.5/metrics-ganglia-3.2.5.jar:/home/user/.m2/repository/info/ganglia/gmetric4j/gmetric4j/1.0.7/gmetric4j-1.0.7.jar:/home/user/.m2/repository/org/apache/ratis/ratis-netty/0.5.0-201fc85-SNAPSHOT/ratis-netty-0.5.0-201fc85-SNAPSHOT.jar:/home/user/.m2/repository/org/apache/ratis/ratis-grpc/0.5.0-201fc85-SNAPSHOT/ratis-grpc-0.5.0-201fc85-SNAPSHOT.jar:/home/user/.m2/repository/org/rocksdb/rocksdbjni/6.0.1/rocksdbjni-6.0.1.jar:/home/user/.m2/repository/org/apache/logging/log4j/log4j-api/2.11.0/log4j-api-2.11.0.jar:/home/user/.m2/repository/org/apache/logging/log4j/log4j-core/2.11.0/log4j-core-2.11.0.jar:/home/user/.m2/repository/com/lmax/disruptor/3.4.2/disruptor-3.4.2.jar:/home/user/.m2/repository/org/apache/commons/commons-pool2/2.6.0/commons-pool2-2.6.0.jar:/home/user/.m2/repository/org/bouncycastle/bcpkix-jdk15on/1.60/bcpkix-jdk15on-1.60.jar:/home/user/.m2/repository/commons-validator/commons-validator/1.6/commons-validator-1.6.jar:/home/user/.m2/repository/commons-digester/commons-digester/1.8.1/commons-digester-1.8.1.jar:/home/user/.m2/repository/io/jaegertracing/jaeger-client/0.34.0/jaeger-client-0.34.0.jar:/home/user/.m2/repository/io/jaegertracing/jaeger-thrift/0.34.0/jaeger-thrift-0.34.0.jar:/home/user/.m2/repository/org/apache/thrift/libthrift/0.12.0/libthrift-0.12.0.jar:/home/user/.m2/repository/com/squareup/okhttp3/okhttp/3.9.0/okhttp-3.9.0.jar:/home/user/.m2/repository/com/squareup/okio/okio/1.13.0/okio-1.13.0.jar:/home/user/.m2/repository/io/jaegertracing/jaeger-core/0.34.0/jaeger-core-0.34.0.jar:/home/user/.m2/repository/io/jaegertracing/jaeger-tracerresolver/0.34.0/jaeger-tracerresolver-0.34.0.jar:/home/user/.m2/repository/io/opentracing/contrib/opentracing-tracerresolver/0.1.5/opentracing-tracerresolver-0.1.5.jar:/home/user/.m2/repository/io/opentracing/opentracing-util/0.31.0/opentracing-util-0.31.0.jar:/home/user/.m2/repository/io/opentracing/opentracing-api/0.31.0/opentracing-api-0.31.0.jar:/home/user/.m2/repository/io/opentracing/opentracing-noop/0.31.0/opentracing-noop-0.31.0.jar:/home/user/.m2/repository/org/apache/hadoop/hadoop-hdds-server-framework/0.5.0-SNAPSHOT/hadoop-hdds-server-framework-0.5.0-SNAPSHOT.jar:/home/user/.m2/repository/org/apache/hadoop/hadoop-hdds-container-service/0.5.0-SNAPSHOT/hadoop-hdds-container-service-0.5.0-SNAPSHOT.jar:/home/user/.m2/repository/org/apache/hadoop/hadoop-hdds-client/0.5.0-SNAPSHOT/hadoop-hdds-client-0.5.0-SNAPSHOT.jar:/home/user/.m2/repository/org/apache/hadoop/hadoop-hdds-tools/0.5.0-SNAPSHOT/hadoop-hdds-tools-0.5.0-SNAPSHOT.jar:/home/user/.m2/repository/org/apache/hadoop/hadoop-hdds-server-scm/0.5.0-SNAPSHOT/hadoop-hdds-server-scm-0.5.0-SNAPSHOT.jar:/home/user/.m2/repository/org/apache/hadoop/hadoop-hdds-docs/0.5.0-SNAPSHOT/hadoop-hdds-docs-0.5.0-SNAPSHOT.jar:/home/user/.m2/repository/io/dropwizard/metrics/metrics-core/3.2.4/metrics-core-3.2.4.jar:/home/user/.m2/repository/org/hamcrest/hamcrest-all/1.3/hamcrest-all-1.3.jar:/home/user/.m2/repository/org/bouncycastle/bcprov-jdk15on/1.60/bcprov-jdk15on-1.60.jar:/home/user/.m2/repository/info/picocli/picocli/3.9.6/picocli-3.9.6.jar:/home/user/.m2/repository/com/google/protobuf/protobuf-java/2.5.0/protobuf-java-2.5.0.jar:/home/user/.m2/repository/com/google/guava/guava/11.0.2/guava-11.0.2.jar:/home/user/.m2/repository/org/apache/hadoop/hadoop-ozone-ozone-manager/0.5.0-SNAPSHOT/hadoop-ozone-ozone-manager-0.5.0-SNAPSHOT.jar:/home/user/.m2/repository/org/apache/hadoop/hadoop-minikdc/3.2.0/hadoop-minikdc-3.2.0.jar:/home/user/.m2/repository/commons-io/commons-io/2.5/commons-io-2.5.jar:/home/user/.m2/repository/org/apache/kerby/kerb-simplekdc/1.0.1/kerb-simplekdc-1.0.1.jar:/home/user/.m2/repository/org/apache/kerby/kerb-client/1.0.1/kerb-client-1.0.1.jar:/home/user/.m2/repository/org/apache/kerby/kerby-config/1.0.1/kerby-config-1.0.1.jar:/home/user/.m2/repository/org/apache/kerby/kerb-core/1.0.1/kerb-core-1.0.1.jar:/home/user/.m2/repository/org/apache/kerby/kerby-pkix/1.0.1/kerby-pkix-1.0.1.jar:/home/user/.m2/repository/org/apache/kerby/kerby-asn1/1.0.1/kerby-asn1-1.0.1.jar:/home/user/.m2/repository/org/apache/kerby/kerby-util/1.0.1/kerby-util-1.0.1.jar:/home/user/.m2/repository/org/apache/kerby/kerb-common/1.0.1/kerb-common-1.0.1.jar:/home/user/.m2/repository/org/apache/kerby/kerb-crypto/1.0.1/kerb-crypto-1.0.1.jar:/home/user/.m2/repository/org/apache/kerby/kerb-util/1.0.1/kerb-util-1.0.1.jar:/home/user/.m2/repository/org/apache/kerby/token-provider/1.0.1/token-provider-1.0.1.jar:/home/user/.m2/repository/org/apache/kerby/kerb-admin/1.0.1/kerb-admin-1.0.1.jar:/home/user/.m2/repository/org/apache/kerby/kerb-server/1.0.1/kerb-server-1.0.1.jar:/home/user/.m2/repository/org/apache/kerby/kerb-identity/1.0.1/kerb-identity-1.0.1.jar:/home/user/.m2/repository/org/apache/kerby/kerby-xdr/1.0.1/kerby-xdr-1.0.1.jar:/home/user/.m2/repository/org/slf4j/slf4j-log4j12/1.7.25/slf4j-log4j12-1.7.25.jar:/home/user/.m2/repository/org/apache/hadoop/hadoop-ozone-s3gateway/0.5.0-SNAPSHOT/hadoop-ozone-s3gateway-0.5.0-SNAPSHOT.jar:/home/user/.m2/repository/org/jboss/weld/servlet/weld-servlet/2.4.7.Final/weld-servlet-2.4.7.Final.jar:/home/user/.m2/repository/org/glassfish/jersey/containers/jersey-container-servlet-core/2.27/jersey-container-servlet-core-2.27.jar:/home/user/.m2/repository/org/glassfish/hk2/external/javax.inject/2.5.0-b42/javax.inject-2.5.0-b42.jar:/home/user/.m2/repository/org/glassfish/jersey/core/jersey-common/2.27/jersey-common-2.27.jar:/home/user/.m2/repository/org/glassfish/hk2/osgi-resource-locator/1.0.1/osgi-resource-locator-1.0.1.jar:/home/user/.m2/repository/javax/ws/rs/javax.ws.rs-api/2.1/javax.ws.rs-api-2.1.jar:/home/user/.m2/repository/org/glassfish/jersey/ext/cdi/jersey-cdi1x/2.27/jersey-cdi1x-2.27.jar:/home/user/.m2/repository/org/glassfish/jersey/inject/jersey-hk2/2.27/jersey-hk2-2.27.jar:/home/user/.m2/repository/org/glassfish/hk2/hk2-locator/2.5.0-b42/hk2-locator-2.5.0-b42.jar:/home/user/.m2/repository/org/javassist/javassist/3.22.0-CR2/javassist-3.22.0-CR2.jar:/home/user/.m2/repository/org/glassfish/hk2/hk2-api/2.5.0/hk2-api-2.5.0.jar:/home/user/.m2/repository/org/glassfish/hk2/external/jakarta.inject/2.5.0/jakarta.inject-2.5.0.jar:/home/user/.m2/repository/org/glassfish/hk2/hk2-utils/2.5.0/hk2-utils-2.5.0.jar:/home/user/.m2/repository/jakarta/annotation/jakarta.annotation-api/1.3.4/jakarta.annotation-api-1.3.4.jar:/home/user/.m2/repository/org/glassfish/hk2/external/aopalliance-repackaged/2.5.0/aopalliance-repackaged-2.5.0.jar:/home/user/.m2/repository/com/fasterxml/jackson/dataformat/jackson-dataformat-xml/2.9.0/jackson-dataformat-xml-2.9.0.jar:/home/user/.m2/repository/com/fasterxml/jackson/core/jackson-core/2.9.9/jackson-core-2.9.9.jar:/home/user/.m2/repository/com/fasterxml/jackson/module/jackson-module-jaxb-annotations/2.9.9/jackson-module-jaxb-annotations-2.9.9.jar:/home/user/.m2/repository/javax/enterprise/cdi-api/1.2/cdi-api-1.2.jar:/home/user/.m2/repository/javax/el/javax.el-api/3.0.0/javax.el-api-3.0.0.jar:/home/user/.m2/repository/javax/interceptor/javax.interceptor-api/1.2/javax.interceptor-api-1.2.jar:/home/user/.m2/repository/javax/inject/javax.inject/1/javax.inject-1.jar:/home/user/.m2/repository/com/sun/xml/bind/jaxb-impl/2.3.0.1/jaxb-impl-2.3.0.1.jar:/home/user/.m2/repository/com/sun/xml/bind/jaxb-core/2.3.0.1/jaxb-core-2.3.0.1.jar:/home/user/.m2/repository/javax/xml/bind/jaxb-api/2.3.0/jaxb-api-2.3.0.jar:/home/user/.m2/repository/javax/activation/activation/1.1.1/activation-1.1.1.jar:/home/user/.m2/repository/org/apache/hadoop/hadoop-ozone-csi/0.5.0-SNAPSHOT/hadoop-ozone-csi-0.5.0-SNAPSHOT.jar:/home/user/.m2/repository/com/google/protobuf/protobuf-java-util/3.5.1/protobuf-java-util-3.5.1.jar:/home/user/.m2/repository/org/apache/hadoop/hadoop-hdds-config/0.5.0-SNAPSHOT/hadoop-hdds-config-0.5.0-SNAPSHOT.jar:/home/user/.m2/repository/io/grpc/grpc-netty/1.17.1/grpc-netty-1.17.1.jar:/home/user/.m2/repository/io/grpc/grpc-core/1.17.1/grpc-core-1.17.1.jar:/home/user/.m2/repository/io/grpc/grpc-context/1.17.1/grpc-context-1.17.1.jar:/home/user/.m2/repository/com/google/errorprone/error_prone_annotations/2.2.0/error_prone_annotations-2.2.0.jar:/home/user/.m2/repository/org/codehaus/mojo/animal-sniffer-annotations/1.17/animal-sniffer-annotations-1.17.jar:/home/user/.m2/repository/io/opencensus/opencensus-api/0.17.0/opencensus-api-0.17.0.jar:/home/user/.m2/repository/io/opencensus/opencensus-contrib-grpc-metrics/0.17.0/opencensus-contrib-grpc-metrics-0.17.0.jar:/home/user/.m2/repository/io/netty/netty-codec-http2/4.1.30.Final/netty-codec-http2-4.1.30.Final.jar:/home/user/.m2/repository/io/netty/netty-codec-http/4.1.30.Final/netty-codec-http-4.1.30.Final.jar:/home/user/.m2/repository/io/netty/netty-codec/4.1.30.Final/netty-codec-4.1.30.Final.jar:/home/user/.m2/repository/io/netty/netty-handler/4.1.30.Final/netty-handler-4.1.30.Final.jar:/home/user/.m2/repository/io/netty/netty-handler-proxy/4.1.30.Final/netty-handler-proxy-4.1.30.Final.jar:/home/user/.m2/repository/io/netty/netty-codec-socks/4.1.30.Final/netty-codec-socks-4.1.30.Final.jar:/home/user/.m2/repository/io/netty/netty-transport-native-epoll/4.1.30.Final/netty-transport-native-epoll-4.1.30.Final.jar:/home/user/.m2/repository/io/netty/netty-common/4.1.30.Final/netty-common-4.1.30.Final.jar:/home/user/.m2/repository/io/netty/netty-buffer/4.1.30.Final/netty-buffer-4.1.30.Final.jar:/home/user/.m2/repository/io/netty/netty-transport/4.1.30.Final/netty-transport-4.1.30.Final.jar:/home/user/.m2/repository/io/netty/netty-resolver/4.1.30.Final/netty-resolver-4.1.30.Final.jar:/home/user/.m2/repository/io/netty/netty-transport-native-unix-common/4.1.30.Final/netty-transport-native-unix-common-4.1.30.Final.jar:/home/user/.m2/repository/io/grpc/grpc-protobuf/1.17.1/grpc-protobuf-1.17.1.jar:/home/user/.m2/repository/com/google/api/grpc/proto-google-common-protos/1.0.0/proto-google-common-protos-1.0.0.jar:/home/user/.m2/repository/io/grpc/grpc-protobuf-lite/1.17.1/grpc-protobuf-lite-1.17.1.jar:/home/user/.m2/repository/io/grpc/grpc-stub/1.17.1/grpc-stub-1.17.1.jar:/home/user/.m2/repository/org/apache/hadoop/hadoop-ozone-recon/0.5.0-SNAPSHOT/hadoop-ozone-recon-0.5.0-SNAPSHOT.jar:/home/user/.m2/repository/org/apache/hadoop/hadoop-ozone-reconcodegen/0.5.0-SNAPSHOT/hadoop-ozone-reconcodegen-0.5.0-SNAPSHOT.jar:/home/user/.m2/repository/com/google/inject/extensions/guice-multibindings/4.0/guice-multibindings-4.0.jar:/home/user/.m2/repository/com/google/inject/guice/4.0/guice-4.0.jar:/home/user/.m2/repository/aopalliance/aopalliance/1.0/aopalliance-1.0.jar:/home/user/.m2/repository/com/google/inject/extensions/guice-servlet/4.0/guice-servlet-4.0.jar:/home/user/.m2/repository/org/glassfish/jersey/containers/jersey-container-servlet/2.27/jersey-container-servlet-2.27.jar:/home/user/.m2/repository/org/glassfish/hk2/guice-bridge/2.5.0/guice-bridge-2.5.0.jar:/home/user/.m2/repository/org/glassfish/jersey/core/jersey-server/2.27/jersey-server-2.27.jar:/home/user/.m2/repository/org/glassfish/jersey/core/jersey-client/2.27/jersey-client-2.27.jar:/home/user/.m2/repository/org/glassfish/jersey/media/jersey-media-jaxb/2.27/jersey-media-jaxb-2.27.jar:/home/user/.m2/repository/javax/validation/validation-api/1.1.0.Final/validation-api-1.1.0.Final.jar:/home/user/.m2/repository/org/glassfish/jersey/media/jersey-media-json-jackson/2.27/jersey-media-json-jackson-2.27.jar:/home/user/.m2/repository/org/glassfish/jersey/ext/jersey-entity-filtering/2.27/jersey-entity-filtering-2.27.jar:/home/user/.m2/repository/com/google/inject/extensions/guice-assistedinject/4.0/guice-assistedinject-4.0.jar:/home/user/.m2/repository/org/jooq/jooq/3.11.10/jooq-3.11.10.jar:/home/user/.m2/repository/org/jooq/jooq-meta/3.11.10/jooq-meta-3.11.10.jar:/home/user/.m2/repository/org/jooq/jooq-codegen/3.11.10/jooq-codegen-3.11.10.jar:/home/user/.m2/repository/com/jolbox/bonecp/0.8.0.RELEASE/bonecp-0.8.0.RELEASE.jar:/home/user/.m2/repository/org/xerial/sqlite-jdbc/3.25.2/sqlite-jdbc-3.25.2.jar:/home/user/.m2/repository/org/springframework/spring-jdbc/5.1.3.RELEASE/spring-jdbc-5.1.3.RELEASE.jar:/home/user/.m2/repository/org/springframework/spring-beans/5.1.3.RELEASE/spring-beans-5.1.3.RELEASE.jar:/home/user/.m2/repository/org/springframework/spring-core/5.1.3.RELEASE/spring-core-5.1.3.RELEASE.jar:/home/user/.m2/repository/org/springframework/spring-jcl/5.1.3.RELEASE/spring-jcl-5.1.3.RELEASE.jar:/home/user/.m2/repository/org/springframework/spring-tx/5.1.3.RELEASE/spring-tx-5.1.3.RELEASE.jar:/home/user/.m2/repository/org/apache/hadoop/hadoop-ozone-client/0.5.0-SNAPSHOT/hadoop-ozone-client-0.5.0-SNAPSHOT.jar:/home/user/.m2/repository/commons-lang/commons-lang/2.6/commons-lang-2.6.jar:/home/user/.m2/repository/org/apache/hadoop/hadoop-ozone-ozone-manager/0.5.0-SNAPSHOT/hadoop-ozone-ozone-manager-0.5.0-SNAPSHOT-tests.jar:/home/user/.m2/repository/junit/junit/4.11/junit-4.11.jar:/home/user/.m2/repository/org/hamcrest/hamcrest-core/1.3/hamcrest-core-1.3.jar:/home/user/.m2/repository/org/openjdk/jmh/jmh-core/1.19/jmh-core-1.19.jar:/home/user/.m2/repository/net/sf/jopt-simple/jopt-simple/4.6/jopt-simple-4.6.jar:/home/user/.m2/repository/org/apache/commons/commons-math3/3.1.1/commons-math3-3.1.1.jar:/home/user/.m2/repository/org/openjdk/jmh/jmh-generator-annprocess/1.19/jmh-generator-annprocess-1.19.jar:/home/user/.m2/repository/org/mockito/mockito-all/1.8.5/mockito-all-1.8.5.jar:/home/user/.m2/repository/org/apache/hadoop/hadoop-kms/3.2.0/hadoop-kms-3.2.0.jar:/home/user/.m2/repository/org/apache/hadoop/hadoop-auth/3.2.0/hadoop-auth-3.2.0.jar:/home/user/.m2/repository/com/nimbusds/nimbus-jose-jwt/4.41.1/nimbus-jose-jwt-4.41.1.jar:/home/user/.m2/repository/com/github/stephenc/jcip/jcip-annotations/1.0-1/jcip-annotations-1.0-1.jar:/home/user/.m2/repository/net/minidev/json-smart/2.3/json-smart-2.3.jar:/home/user/.m2/repository/net/minidev/accessors-smart/1.2/accessors-smart-1.2.jar:/home/user/.m2/repository/org/ow2/asm/asm/5.0.4/asm-5.0.4.jar:/home/user/.m2/repository/org/apache/curator/curator-framework/2.12.0/curator-framework-2.12.0.jar:/home/user/.m2/repository/com/sun/jersey/jersey-core/1.19/jersey-core-1.19.jar:/home/user/.m2/repository/javax/ws/rs/jsr311-api/1.1.1/jsr311-api-1.1.1.jar:/home/user/.m2/repository/com/sun/jersey/jersey-server/1.19/jersey-server-1.19.jar:/home/user/.m2/repository/javax/servlet/javax.servlet-api/3.1.0/javax.servlet-api-3.1.0.jar:/home/user/.m2/repository/org/eclipse/jetty/jetty-server/9.3.25.v20180904/jetty-server-9.3.25.v20180904.jar:/home/user/.m2/repository/org/eclipse/jetty/jetty-http/9.3.25.v20180904/jetty-http-9.3.25.v20180904.jar:/home/user/.m2/repository/org/eclipse/jetty/jetty-io/9.3.25.v20180904/jetty-io-9.3.25.v20180904.jar:/home/user/.m2/repository/org/eclipse/jetty/jetty-webapp/9.3.25.v20180904/jetty-webapp-9.3.25.v20180904.jar:/home/user/.m2/repository/org/eclipse/jetty/jetty-xml/9.3.25.v20180904/jetty-xml-9.3.25.v20180904.jar:/home/user/.m2/repository/log4j/log4j/1.2.17/log4j-1.2.17.jar:/home/user/.m2/repository/org/slf4j/slf4j-api/1.7.25/slf4j-api-1.7.25.jar:/home/user/.m2/repository/org/slf4j/jul-to-slf4j/1.7.25/jul-to-slf4j-1.7.25.jar:/home/user/.m2/repository/org/eclipse/jetty/jetty-util/9.3.25.v20180904/jetty-util-9.3.25.v20180904.jar:/home/user/.m2/repository/com/fasterxml/jackson/core/jackson-databind/2.9.9/jackson-databind-2.9.9.jar:/home/user/.m2/repository/org/apache/hadoop/hadoop-kms/3.2.0/hadoop-kms-3.2.0-tests.jar:/home/user/.m2/repository/org/apache/hadoop/hadoop-hdds-server-scm/0.5.0-SNAPSHOT/hadoop-hdds-server-scm-0.5.0-SNAPSHOT-tests.jar:/home/user/.m2/repository/org/apache/hadoop/hadoop-hdds-container-service/0.5.0-SNAPSHOT/hadoop-hdds-container-service-0.5.0-SNAPSHOT-tests.jar:/home/user/.m2/repository/org/yaml/snakeyaml/1.16/snakeyaml-1.16.jar:/home/user/.m2/repository/org/apache/hadoop/hadoop-common/3.2.0/hadoop-common-3.2.0-tests.jar:/home/user/.m2/repository/org/apache/hadoop/hadoop-annotations/3.2.0/hadoop-annotations-3.2.0.jar:/usr/lib/jvm/java-1.8-openjdk/jre/../lib/tools.jar:/home/user/.m2/repository/commons-cli/commons-cli/1.2/commons-cli-1.2.jar:/home/user/.m2/repository/org/apache/httpcomponents/httpclient/4.5.2/httpclient-4.5.2.jar:/home/user/.m2/repository/org/apache/httpcomponents/httpcore/4.4.4/httpcore-4.4.4.jar:/home/user/.m2/repository/commons-codec/commons-codec/1.11/commons-codec-1.11.jar:/home/user/.m2/repository/commons-net/commons-net/3.6/commons-net-3.6.jar:/home/user/.m2/repository/commons-collections/commons-collections/3.2.2/commons-collections-3.2.2.jar:/home/user/.m2/repository/org/eclipse/jetty/jetty-servlet/9.3.25.v20180904/jetty-servlet-9.3.25.v20180904.jar:/home/user/.m2/repository/org/eclipse/jetty/jetty-security/9.3.25.v20180904/jetty-security-9.3.25.v20180904.jar:/home/user/.m2/repository/javax/servlet/jsp/jsp-api/2.1/jsp-api-2.1.jar:/home/user/.m2/repository/com/sun/jersey/jersey-servlet/1.19/jersey-servlet-1.19.jar:/home/user/.m2/repository/com/sun/jersey/jersey-json/1.19/jersey-json-1.19.jar:/home/user/.m2/repository/org/codehaus/jettison/jettison/1.1/jettison-1.1.jar:/home/user/.m2/repository/org/codehaus/jackson/jackson-core-asl/1.9.13/jackson-core-asl-1.9.13.jar:/home/user/.m2/repository/org/codehaus/jackson/jackson-mapper-asl/1.9.13/jackson-mapper-asl-1.9.13.jar:/home/user/.m2/repository/org/codehaus/jackson/jackson-jaxrs/1.9.13/jackson-jaxrs-1.9.13.jar:/home/user/.m2/repository/org/codehaus/jackson/jackson-xc/1.9.13/jackson-xc-1.9.13.jar:/home/user/.m2/repository/commons-logging/commons-logging/1.1.3/commons-logging-1.1.3.jar:/home/user/.m2/repository/commons-beanutils/commons-beanutils/1.9.4/commons-beanutils-1.9.4.jar:/home/user/.m2/repository/org/apache/commons/commons-configuration2/2.1.1/commons-configuration2-2.1.1.jar:/home/user/.m2/repository/org/apache/commons/commons-lang3/3.7/commons-lang3-3.7.jar:/home/user/.m2/repository/org/apache/commons/commons-text/1.4/commons-text-1.4.jar:/home/user/.m2/repository/org/apache/avro/avro/1.7.7/avro-1.7.7.jar:/home/user/.m2/repository/com/thoughtworks/paranamer/paranamer/2.3/paranamer-2.3.jar:/home/user/.m2/repository/org/xerial/snappy/snappy-java/1.0.5/snappy-java-1.0.5.jar:/home/user/.m2/repository/com/google/re2j/re2j/1.1/re2j-1.1.jar:/home/user/.m2/repository/com/google/code/gson/gson/2.2.4/gson-2.2.4.jar:/home/user/.m2/repository/com/jcraft/jsch/0.1.54/jsch-0.1.54.jar:/home/user/.m2/repository/org/apache/curator/curator-client/2.12.0/curator-client-2.12.0.jar:/home/user/.m2/repository/org/apache/curator/curator-recipes/2.12.0/curator-recipes-2.12.0.jar:/home/user/.m2/repository/com/google/code/findbugs/jsr305/3.0.0/jsr305-3.0.0.jar:/home/user/.m2/repository/org/apache/htrace/htrace-core4/4.1.0-incubating/htrace-core4-4.1.0-incubating.jar:/home/user/.m2/repository/org/apache/zookeeper/zookeeper/3.4.13/zookeeper-3.4.13.jar:/home/user/.m2/repository/jline/jline/0.9.94/jline-0.9.94.jar:/home/user/.m2/repository/org/apache/yetus/audience-annotations/0.5.0/audience-annotations-0.5.0.jar:/home/user/.m2/repository/org/codehaus/woodstox/stax2-api/3.1.4/stax2-api-3.1.4.jar:/home/user/.m2/repository/com/fasterxml/woodstox/woodstox-core/5.0.3/woodstox-core-5.0.3.jar:/home/user/.m2/repository/dnsjava/dnsjava/2.1.7/dnsjava-2.1.7.jar:/home/user/.m2/repository/org/apache/hadoop/hadoop-hdfs/3.2.0/hadoop-hdfs-3.2.0-tests.jar:/home/user/.m2/repository/org/eclipse/jetty/jetty-util-ajax/9.3.25.v20180904/jetty-util-ajax-9.3.25.v20180904.jar:/home/user/.m2/repository/commons-daemon/commons-daemon/1.0.13/commons-daemon-1.0.13.jar:/home/user/.m2/repository/io/netty/netty/3.10.5.Final/netty-3.10.5.Final.jar:/home/user/.m2/repository/io/netty/netty-all/4.0.52.Final/netty-all-4.0.52.Final.jar:/home/user/.m2/repository/org/fusesource/leveldbjni/leveldbjni-all/1.8/leveldbjni-all-1.8.jar:"/>
    <property name="sun.cpu.endian" value="little"/>
    <property name="user.home" value="/home/user"/>
    <property name="user.language" value="en"/>
    <property name="java.specification.vendor" value="Oracle Corporation"/>
    <property name="java.home" value="/usr/lib/jvm/java-1.8-openjdk/jre"/>
    <property name="surefire.excludesFile" value="/tools/ozone-bad-unit-tests"/>
    <property name="java.security.krb5.conf" value="/workdir/hadoop-ozone/integration-test/target/test-classes/krb5.conf"/>
    <property name="basedir" value="/workdir/hadoop-ozone/integration-test"/>
    <property name="file.separator" value="/"/>
    <property name="line.separator" value="&#10;"/>
    <property name="java.vm.specification.vendor" value="Oracle Corporation"/>
    <property name="java.specification.name" value="Java Platform API Specification"/>
    <property name="java.awt.graphicsenv" value="sun.awt.X11GraphicsEnvironment"/>
    <property name="surefire.real.class.path" value="/workdir/hadoop-ozone/integration-test/target/surefire/surefirebooter5898124478553872864.jar"/>
    <property name="hadoop.log.dir" value="/workdir/hadoop-ozone/integration-test/target/log"/>
    <property name="sun.boot.class.path" value="/usr/lib/jvm/java-1.8-openjdk/jre/lib/resources.jar:/usr/lib/jvm/java-1.8-openjdk/jre/lib/rt.jar:/usr/lib/jvm/java-1.8-openjdk/jre/lib/sunrsasign.jar:/usr/lib/jvm/java-1.8-openjdk/jre/lib/jsse.jar:/usr/lib/jvm/java-1.8-openjdk/jre/lib/jce.jar:/usr/lib/jvm/java-1.8-openjdk/jre/lib/charsets.jar:/usr/lib/jvm/java-1.8-openjdk/jre/lib/jfr.jar:/usr/lib/jvm/java-1.8-openjdk/jre/classes"/>
    <property name="sun.management.compiler" value="HotSpot 64-Bit Tiered Compilers"/>
    <property name="java.runtime.version" value="1.8.0_212-b04"/>
    <property name="java.net.preferIPv4Stack" value="true"/>
    <property name="user.name" value="jenkins1000"/>
    <property name="path.separator" value=":"/>
    <property name="java.security.egd" value="file:///dev/urandom"/>
    <property name="os.version" value="3.10.0-957.12.2.el7.x86_64"/>
    <property name="java.endorsed.dirs" value="/usr/lib/jvm/java-1.8-openjdk/jre/lib/endorsed"/>
    <property name="java.runtime.name" value="OpenJDK Runtime Environment"/>
    <property name="file.encoding" value="UTF-8"/>
    <property name="java.vm.name" value="OpenJDK 64-Bit Server VM"/>
    <property name="test.build.webapps" value=""/>
    <property name="localRepository" value="/home/user/.m2/repository"/>
    <property name="java.vendor.url.bug" value="https://icedtea.classpath.org/bugzilla"/>
    <property name="java.io.tmpdir" value="/tmp"/>
    <property name="require.test.libhadoop" value=""/>
    <property name="java.version" value="1.8.0_212"/>
    <property name="user.dir" value="/workdir/hadoop-ozone/integration-test"/>
    <property name="os.arch" value="amd64"/>
    <property name="java.vm.specification.name" value="Java Virtual Machine Specification"/>
    <property name="test.build.classes" value="/workdir/hadoop-ozone/integration-test/target/test-classes"/>
    <property name="java.awt.printerjob" value="sun.print.PSPrinterJob"/>
    <property name="sun.os.patch.level" value="unknown"/>
    <property name="hadoop.tmp.dir" value="/workdir/hadoop-ozone/integration-test/target/tmp"/>
    <property name="java.library.path" value="/usr/lib/jvm/java-1.8-openjdk/jre/lib/amd64/server:/usr/lib/jvm/java-1.8-openjdk/jre/lib/amd64:/usr/lib/jvm/java-1.8-openjdk/jre/../lib/amd64:/workdir/hadoop-ozone/integration-test/target/native/target/usr/local/lib:/workdir/hadoop-ozone/integration-test/../../hadoop-common-project/hadoop-common/target/native/target/usr/local/lib:/usr/java/packages/lib/amd64:/usr/lib64:/lib64:/lib:/usr/lib"/>
    <property name="java.vm.info" value="mixed mode"/>
    <property name="java.vendor" value="IcedTea"/>
    <property name="java.vm.version" value="25.212-b04"/>
    <property name="java.ext.dirs" value="/usr/lib/jvm/java-1.8-openjdk/jre/lib/ext:/usr/java/packages/lib/ext"/>
    <property name="sun.io.unicode.encoding" value="UnicodeLittle"/>
    <property name="java.class.version" value="52.0"/>
  </properties>
  <testcase name="test2WayCommitForRetryfailure" classname="org.apache.hadoop.ozone.client.rpc.Test2WayCommitInRatis" time="35.407">
    <error message="org.apache.ratis.protocol.RaftRetryFailureException: Failed RaftClientRequest:client-FE43CD261B60-&gt;cb078210-d8fb-4a38-a9bc-8272e5f5dfbb@group-0CA2DF542071, cid=14, seq=2*, RW, cmdType: CloseContainer&#10;traceID: &quot;a1301d2ed3843238:a1301d2ed3843238:0:0&quot;&#10;containerID: 1&#10;datanodeUuid: &quot;7a3f8abb-79c4-4d5e-8346-45ba7cf38691&quot;&#10;closeContainer {&#10;}&#10;, data.size=0 for 20 attempts with RetryLimited(maxAttempts=20, sleepTime=1000ms)" type="java.util.concurrent.ExecutionException">java.util.concurrent.ExecutionException: 
org.apache.ratis.protocol.RaftRetryFailureException: Failed RaftClientRequest:client-FE43CD261B60->cb078210-d8fb-4a38-a9bc-8272e5f5dfbb@group-0CA2DF542071, cid=14, seq=2*, RW, cmdType: CloseContainer
traceID: "a1301d2ed3843238:a1301d2ed3843238:0:0"
containerID: 1
datanodeUuid: "7a3f8abb-79c4-4d5e-8346-45ba7cf38691"
closeContainer {
}
, data.size=0 for 20 attempts with RetryLimited(maxAttempts=20, sleepTime=1000ms)
	at java.util.concurrent.CompletableFuture.reportGet(CompletableFuture.java:357)
	at java.util.concurrent.CompletableFuture.get(CompletableFuture.java:1895)
	at org.apache.hadoop.ozone.client.rpc.Test2WayCommitInRatis.test2WayCommitForRetryfailure(Test2WayCommitInRatis.java:144)
	at sun.reflect.NativeMethodAccessorImpl.invoke0(Native Method)
	at sun.reflect.NativeMethodAccessorImpl.invoke(NativeMethodAccessorImpl.java:62)
	at sun.reflect.DelegatingMethodAccessorImpl.invoke(DelegatingMethodAccessorImpl.java:43)
	at java.lang.reflect.Method.invoke(Method.java:498)
	at org.junit.runners.model.FrameworkMethod$1.runReflectiveCall(FrameworkMethod.java:47)
	at org.junit.internal.runners.model.ReflectiveCallable.run(ReflectiveCallable.java:12)
	at org.junit.runners.model.FrameworkMethod.invokeExplosively(FrameworkMethod.java:44)
	at org.junit.internal.runners.statements.InvokeMethod.evaluate(InvokeMethod.java:17)
	at org.junit.runners.ParentRunner.runLeaf(ParentRunner.java:271)
	at org.junit.runners.BlockJUnit4ClassRunner.runChild(BlockJUnit4ClassRunner.java:70)
	at org.junit.runners.BlockJUnit4ClassRunner.runChild(BlockJUnit4ClassRunner.java:50)
	at org.junit.runners.ParentRunner$3.run(ParentRunner.java:238)
	at org.junit.runners.ParentRunner$1.schedule(ParentRunner.java:63)
	at org.junit.runners.ParentRunner.runChildren(ParentRunner.java:236)
	at org.junit.runners.ParentRunner.access$000(ParentRunner.java:53)
	at org.junit.runners.ParentRunner$2.evaluate(ParentRunner.java:229)
	at org.junit.runners.ParentRunner.run(ParentRunner.java:309)
	at org.apache.maven.surefire.junit4.JUnit4Provider.execute(JUnit4Provider.java:365)
	at org.apache.maven.surefire.junit4.JUnit4Provider.executeWithRerun(JUnit4Provider.java:273)
	at org.apache.maven.surefire.junit4.JUnit4Provider.executeTestSet(JUnit4Provider.java:238)
	at org.apache.maven.surefire.junit4.JUnit4Provider.invoke(JUnit4Provider.java:159)
	at org.apache.maven.surefire.booter.ForkedBooter.invokeProviderInSameClassLoader(ForkedBooter.java:384)
	at org.apache.maven.surefire.booter.ForkedBooter.runSuitesInProcess(ForkedBooter.java:345)
	at org.apache.maven.surefire.booter.ForkedBooter.execute(ForkedBooter.java:126)
	at org.apache.maven.surefire.booter.ForkedBooter.main(ForkedBooter.java:418)
Caused by: org.apache.ratis.protocol.RaftRetryFailureException: Failed RaftClientRequest:client-FE43CD261B60->cb078210-d8fb-4a38-a9bc-8272e5f5dfbb@group-0CA2DF542071, cid=14, seq=2*, RW, cmdType: CloseContainer
traceID: "a1301d2ed3843238:a1301d2ed3843238:0:0"
containerID: 1
datanodeUuid: "7a3f8abb-79c4-4d5e-8346-45ba7cf38691"
closeContainer {
}
, data.size=0 for 20 attempts with RetryLimited(maxAttempts=20, sleepTime=1000ms)
	at org.apache.ratis.client.impl.RaftClientImpl.noMoreRetries(RaftClientImpl.java:271)
	at org.apache.ratis.client.impl.OrderedAsync.handleAsyncRetryFailure(OrderedAsync.java:138)
	at org.apache.ratis.client.impl.OrderedAsync.lambda$sendRequest$10(OrderedAsync.java:230)
	at java.util.concurrent.CompletableFuture.uniExceptionally(CompletableFuture.java:870)
	at java.util.concurrent.CompletableFuture$UniExceptionally.tryFire(CompletableFuture.java:852)
	at java.util.concurrent.CompletableFuture.postComplete(CompletableFuture.java:474)
	at java.util.concurrent.CompletableFuture.completeExceptionally(CompletableFuture.java:1977)
	at org.apache.ratis.grpc.client.GrpcClientProtocolClient$AsyncStreamObservers.completeReplyExceptionally(GrpcClientProtocolClient.java:345)
	at org.apache.ratis.grpc.client.GrpcClientProtocolClient$AsyncStreamObservers.access$000(GrpcClientProtocolClient.java:261)
	at org.apache.ratis.grpc.client.GrpcClientProtocolClient$AsyncStreamObservers$1.onNext(GrpcClientProtocolClient.java:273)
	at org.apache.ratis.grpc.client.GrpcClientProtocolClient$AsyncStreamObservers$1.onNext(GrpcClientProtocolClient.java:264)
	at org.apache.ratis.thirdparty.io.grpc.stub.ClientCalls$StreamObserverToCallListenerAdapter.onMessage(ClientCalls.java:421)
	at org.apache.ratis.thirdparty.io.grpc.ForwardingClientCallListener.onMessage(ForwardingClientCallListener.java:33)
	at org.apache.ratis.thirdparty.io.grpc.ForwardingClientCallListener.onMessage(ForwardingClientCallListener.java:33)
	at org.apache.ratis.thirdparty.io.grpc.internal.ClientCallImpl$ClientStreamListenerImpl$1MessagesAvailable.runInContext(ClientCallImpl.java:519)
	at org.apache.ratis.thirdparty.io.grpc.internal.ContextRunnable.run(ContextRunnable.java:37)
	at org.apache.ratis.thirdparty.io.grpc.internal.SerializingExecutor.run(SerializingExecutor.java:123)
	at java.util.concurrent.ThreadPoolExecutor.runWorker(ThreadPoolExecutor.java:1149)
	at java.util.concurrent.ThreadPoolExecutor$Worker.run(ThreadPoolExecutor.java:624)
	at java.lang.Thread.run(Thread.java:748)
Caused by: org.apache.ratis.protocol.NotLeaderException: Server cb078210-d8fb-4a38-a9bc-8272e5f5dfbb@group-0CA2DF542071 is not the leader
	at org.apache.ratis.client.impl.ClientProtoUtils.toRaftClientReply(ClientProtoUtils.java:243)
	at org.apache.ratis.grpc.client.GrpcClientProtocolClient$AsyncStreamObservers$1.onNext(GrpcClientProtocolClient.java:269)
	... 10 more
</error>
    <system-out><![CDATA[2019-10-15 03:50:51,186 [main] WARN  server.ServerUtils (ServerUtils.java:getScmDbDir(145)) - ozone.scm.db.dirs is not configured. We recommend adding this setting. Falling back to ozone.metadata.dirs instead.
2019-10-15 03:50:51,337 [main] WARN  server.ServerUtils (ServerUtils.java:getScmDbDir(145)) - ozone.scm.db.dirs is not configured. We recommend adding this setting. Falling back to ozone.metadata.dirs instead.
2019-10-15 03:50:51,340 [main] WARN  server.ServerUtils (ServerUtils.java:getScmDbDir(145)) - ozone.scm.db.dirs is not configured. We recommend adding this setting. Falling back to ozone.metadata.dirs instead.
2019-10-15 03:50:51,368 [main] INFO  util.log (Log.java:initialized(192)) - Logging initialized @893ms
2019-10-15 03:50:51,457 [main] INFO  db.DBStoreBuilder (DBStoreBuilder.java:addTable(117)) - using custom profile for table: deletedBlocks
2019-10-15 03:50:51,457 [main] INFO  db.DBStoreBuilder (DBStoreBuilder.java:processTables(168)) - Using default column profile:DBProfile.DISK for Table:deletedBlocks
2019-10-15 03:50:51,457 [main] INFO  db.DBStoreBuilder (DBStoreBuilder.java:addTable(117)) - using custom profile for table: validCerts
2019-10-15 03:50:51,458 [main] INFO  db.DBStoreBuilder (DBStoreBuilder.java:processTables(168)) - Using default column profile:DBProfile.DISK for Table:validCerts
2019-10-15 03:50:51,458 [main] INFO  db.DBStoreBuilder (DBStoreBuilder.java:addTable(117)) - using custom profile for table: revokedCerts
2019-10-15 03:50:51,458 [main] INFO  db.DBStoreBuilder (DBStoreBuilder.java:processTables(168)) - Using default column profile:DBProfile.DISK for Table:revokedCerts
2019-10-15 03:50:51,468 [main] INFO  db.DBStoreBuilder (DBStoreBuilder.java:addTable(117)) - using custom profile for table: default
2019-10-15 03:50:51,469 [main] INFO  db.DBStoreBuilder (DBStoreBuilder.java:processTables(174)) - Using default column profile:DBProfile.DISK for Table:default
2019-10-15 03:50:51,470 [main] INFO  db.DBStoreBuilder (DBStoreBuilder.java:getDbProfile(205)) - Using default options. DBProfile.DISK
2019-10-15 03:50:52,001 [main] INFO  net.NodeSchemaLoader (NodeSchemaLoader.java:loadSchemaFromFile(125)) - Loading file from sun.misc.CompoundEnumeration@2b71e916
2019-10-15 03:50:52,004 [main] INFO  net.NodeSchemaLoader (NodeSchemaLoader.java:loadSchema(171)) - Loading network topology layer schema file
2019-10-15 03:50:52,076 [main] WARN  server.ServerUtils (ServerUtils.java:sanitizeUserArgs(70)) - ozone.scm.stale.node.interval value = 300000 is larger than max = 100000 based on the key value of ozone.scm.heartbeat.thread.interval, reset to the max value 100000.
2019-10-15 03:50:52,078 [main] WARN  server.ServerUtils (ServerUtils.java:sanitizeUserArgs(70)) - ozone.scm.stale.node.interval value = 300000 is larger than max = 100000 based on the key value of ozone.scm.heartbeat.thread.interval, reset to the max value 100000.
2019-10-15 03:50:52,080 [main] INFO  node.SCMNodeManager (SCMNodeManager.java:<init>(116)) - Entering startup safe mode.
2019-10-15 03:50:52,149 [main] INFO  algorithms.ContainerPlacementPolicyFactory (ContainerPlacementPolicyFactory.java:getPolicy(57)) - Create container placement policy of type org.apache.hadoop.hdds.scm.container.placement.algorithms.SCMContainerPlacementRandom
2019-10-15 03:50:52,163 [main] WARN  server.ServerUtils (ServerUtils.java:getScmDbDir(145)) - ozone.scm.db.dirs is not configured. We recommend adding this setting. Falling back to ozone.metadata.dirs instead.
2019-10-15 03:50:52,336 [main] INFO  pipeline.SCMPipelineManager (SCMPipelineManager.java:initializePipelineState(132)) - No pipeline exists in current db
2019-10-15 03:50:52,339 [main] WARN  server.ServerUtils (ServerUtils.java:getScmDbDir(145)) - ozone.scm.db.dirs is not configured. We recommend adding this setting. Falling back to ozone.metadata.dirs instead.
2019-10-15 03:50:52,591 [main] WARN  events.EventQueue (EventQueue.java:fireEvent(183)) - No event handler registered for event TypedEvent{payloadType=SafeModeStatus, name='SafeModeStatus'}
2019-10-15 03:50:52,928 [main] INFO  ipc.CallQueueManager (CallQueueManager.java:<init>(84)) - Using callQueue: class java.util.concurrent.LinkedBlockingQueue, queueCapacity: 2000, scheduler: class org.apache.hadoop.ipc.DefaultRpcScheduler, ipcBackoff: false.
2019-10-15 03:50:52,953 [Socket Reader #1 for port 36277] INFO  ipc.Server (Server.java:run(1074)) - Starting Socket Reader #1 for port 36277
2019-10-15 03:50:53,110 [main] INFO  ipc.CallQueueManager (CallQueueManager.java:<init>(84)) - Using callQueue: class java.util.concurrent.LinkedBlockingQueue, queueCapacity: 2000, scheduler: class org.apache.hadoop.ipc.DefaultRpcScheduler, ipcBackoff: false.
2019-10-15 03:50:53,111 [Socket Reader #1 for port 42773] INFO  ipc.Server (Server.java:run(1074)) - Starting Socket Reader #1 for port 42773
2019-10-15 03:50:53,125 [main] INFO  ipc.CallQueueManager (CallQueueManager.java:<init>(84)) - Using callQueue: class java.util.concurrent.LinkedBlockingQueue, queueCapacity: 2000, scheduler: class org.apache.hadoop.ipc.DefaultRpcScheduler, ipcBackoff: false.
2019-10-15 03:50:53,126 [Socket Reader #1 for port 44657] INFO  ipc.Server (Server.java:run(1074)) - Starting Socket Reader #1 for port 44657
2019-10-15 03:50:53,155 [main] INFO  hdfs.DFSUtil (DFSUtil.java:httpServerTemplateForNNAndJN(1641)) - Starting Web-server for scm at: http://0.0.0.0:0
2019-10-15 03:50:53,342 [main] INFO  server.AuthenticationFilter (AuthenticationFilter.java:constructSecretProvider(240)) - Unable to initialize FileSignerSecretProvider, falling back to use random secrets.
2019-10-15 03:50:53,350 [main] WARN  http.HttpRequestLog (HttpRequestLog.java:getRequestLog(97)) - Jetty request log can only be enabled using Log4j
2019-10-15 03:50:53,358 [main] INFO  http.HttpServer2 (HttpServer2.java:addGlobalFilter(975)) - Added global filter 'safety' (class=org.apache.hadoop.http.HttpServer2$QuotingInputFilter)
2019-10-15 03:50:53,360 [main] INFO  http.HttpServer2 (HttpServer2.java:addFilter(948)) - Added filter static_user_filter (class=org.apache.hadoop.http.lib.StaticUserWebFilter$StaticUserFilter) to context scm
2019-10-15 03:50:53,361 [main] INFO  http.HttpServer2 (HttpServer2.java:addFilter(958)) - Added filter static_user_filter (class=org.apache.hadoop.http.lib.StaticUserWebFilter$StaticUserFilter) to context logs
2019-10-15 03:50:53,361 [main] INFO  http.HttpServer2 (HttpServer2.java:addFilter(958)) - Added filter static_user_filter (class=org.apache.hadoop.http.lib.StaticUserWebFilter$StaticUserFilter) to context static
2019-10-15 03:50:53,391 [main] INFO  server.StorageContainerManager (StorageContainerManager.java:start(772)) - StorageContainerLocationProtocol RPC server is listening at /0.0.0.0:44657
2019-10-15 03:50:53,451 [main] WARN  impl.MetricsConfig (MetricsConfig.java:loadFirst(134)) - Cannot locate configuration: tried hadoop-metrics2-storagecontainermanager.properties,hadoop-metrics2.properties
2019-10-15 03:50:53,463 [main] INFO  impl.MetricsSystemImpl (MetricsSystemImpl.java:startTimer(374)) - Scheduled Metric snapshot period at 10 second(s).
2019-10-15 03:50:53,463 [main] INFO  impl.MetricsSystemImpl (MetricsSystemImpl.java:start(191)) - StorageContainerManager metrics system started
2019-10-15 03:50:53,684 [main] INFO  server.SCMClientProtocolServer (SCMClientProtocolServer.java:start(159)) - RPC server for Client  is listening at /0.0.0.0:44657
2019-10-15 03:50:53,685 [IPC Server Responder] INFO  ipc.Server (Server.java:run(1314)) - IPC Server Responder: starting
2019-10-15 03:50:53,685 [IPC Server listener on 44657] INFO  ipc.Server (Server.java:run(1153)) - IPC Server listener on 44657: starting
2019-10-15 03:50:53,687 [main] INFO  server.StorageContainerManager (StorageContainerManager.java:start(782)) - ScmBlockLocationProtocol RPC server is listening at /0.0.0.0:42773
2019-10-15 03:50:53,688 [main] INFO  server.SCMBlockProtocolServer (SCMBlockProtocolServer.java:start(146)) - RPC server for Block Protocol is listening at /0.0.0.0:42773
2019-10-15 03:50:53,689 [IPC Server Responder] INFO  ipc.Server (Server.java:run(1314)) - IPC Server Responder: starting
2019-10-15 03:50:53,689 [IPC Server listener on 42773] INFO  ipc.Server (Server.java:run(1153)) - IPC Server listener on 42773: starting
2019-10-15 03:50:53,690 [main] INFO  server.StorageContainerManager (StorageContainerManager.java:start(786)) - ScmDatanodeProtocl RPC server is listening at /0.0.0.0:36277
2019-10-15 03:50:53,691 [main] INFO  server.SCMDatanodeProtocolServer (SCMDatanodeProtocolServer.java:start(169)) - RPC server for DataNodes is listening at /0.0.0.0:36277
2019-10-15 03:50:53,692 [IPC Server Responder] INFO  ipc.Server (Server.java:run(1314)) - IPC Server Responder: starting
2019-10-15 03:50:53,692 [IPC Server listener on 36277] INFO  ipc.Server (Server.java:run(1153)) - IPC Server listener on 36277: starting
2019-10-15 03:50:53,695 [main] INFO  http.HttpServer2 (HttpServer2.java:bindListener(1191)) - Jetty bound to port 46342
2019-10-15 03:50:53,697 [main] INFO  server.Server (Server.java:doStart(351)) - jetty-9.3.25.v20180904, build timestamp: 2018-09-04T21:11:46Z, git hash: 3ce520221d0240229c862b122d2b06c12a625732
2019-10-15 03:50:53,734 [main] INFO  handler.ContextHandler (ContextHandler.java:doStart(781)) - Started o.e.j.s.ServletContextHandler@340da44c{/logs,file:///workdir/hadoop-ozone/integration-test/target/log,AVAILABLE}
2019-10-15 03:50:53,735 [main] INFO  handler.ContextHandler (ContextHandler.java:doStart(781)) - Started o.e.j.s.ServletContextHandler@37052337{/static,file:///workdir/hadoop-ozone/integration-test/target/test-classes/webapps/static,AVAILABLE}
2019-10-15 03:50:53,793 [main] INFO  handler.ContextHandler (ContextHandler.java:doStart(781)) - Started o.e.j.w.WebAppContext@3b366632{/,file:///workdir/hadoop-ozone/integration-test/target/test-classes/webapps/scm/,AVAILABLE}{/scm}
2019-10-15 03:50:53,802 [main] INFO  server.AbstractConnector (AbstractConnector.java:doStart(278)) - Started ServerConnector@6815c5f2{HTTP/1.1,[http/1.1]}{0.0.0.0:46342}
2019-10-15 03:50:53,803 [main] INFO  server.Server (Server.java:doStart(419)) - Started @3327ms
2019-10-15 03:50:53,806 [main] INFO  impl.MetricsSinkAdapter (MetricsSinkAdapter.java:start(204)) - Sink prometheus started
2019-10-15 03:50:53,806 [main] INFO  impl.MetricsSystemImpl (MetricsSystemImpl.java:registerSink(301)) - Registered sink prometheus
2019-10-15 03:50:53,808 [main] INFO  server.BaseHttpServer (BaseHttpServer.java:updateConnectorAddress(215)) - HTTP server of SCM is listening at http://0.0.0.0:46342
2019-10-15 03:50:53,817 [org.apache.hadoop.util.JvmPauseMonitor$Monitor@4263b080] INFO  util.JvmPauseMonitor (JvmPauseMonitor.java:run(188)) - Starting JVM pause monitor
2019-10-15 03:50:53,823 [main] WARN  server.ServerUtils (ServerUtils.java:getDBPath(222)) - ozone.om.db.dirs is not configured. We recommend adding this setting. Falling back to ozone.metadata.dirs instead.
2019-10-15 03:50:53,972 [main] INFO  ha.OMHANodeDetails (OMHANodeDetails.java:loadOMHAConfig(190)) - Configuration either no ozone.om.address set. Falling back to the default OM address /127.0.0.1:0
2019-10-15 03:50:53,972 [main] INFO  ha.OMHANodeDetails (OMHANodeDetails.java:getOMNodeDetails(220)) - OM Service ID is not set. Setting it to the default ID: omServiceIdDefault
2019-10-15 03:50:53,974 [main] WARN  server.ServerUtils (ServerUtils.java:getDBPath(222)) - ozone.om.db.dirs is not configured. We recommend adding this setting. Falling back to ozone.metadata.dirs instead.
2019-10-15 03:50:53,975 [main] WARN  server.ServerUtils (ServerUtils.java:getDBPath(222)) - ozone.om.db.dirs is not configured. We recommend adding this setting. Falling back to ozone.metadata.dirs instead.
2019-10-15 03:50:54,741 [main] WARN  server.ServerUtils (ServerUtils.java:getDBPath(222)) - ozone.om.db.dirs is not configured. We recommend adding this setting. Falling back to ozone.metadata.dirs instead.
2019-10-15 03:50:54,748 [main] INFO  db.DBStoreBuilder (DBStoreBuilder.java:addTable(117)) - using custom profile for table: userTable
2019-10-15 03:50:54,749 [main] INFO  db.DBStoreBuilder (DBStoreBuilder.java:processTables(168)) - Using default column profile:DBProfile.DISK for Table:userTable
2019-10-15 03:50:54,749 [main] INFO  db.DBStoreBuilder (DBStoreBuilder.java:addTable(117)) - using custom profile for table: volumeTable
2019-10-15 03:50:54,749 [main] INFO  db.DBStoreBuilder (DBStoreBuilder.java:processTables(168)) - Using default column profile:DBProfile.DISK for Table:volumeTable
2019-10-15 03:50:54,749 [main] INFO  db.DBStoreBuilder (DBStoreBuilder.java:addTable(117)) - using custom profile for table: bucketTable
2019-10-15 03:50:54,750 [main] INFO  db.DBStoreBuilder (DBStoreBuilder.java:processTables(168)) - Using default column profile:DBProfile.DISK for Table:bucketTable
2019-10-15 03:50:54,750 [main] INFO  db.DBStoreBuilder (DBStoreBuilder.java:addTable(117)) - using custom profile for table: keyTable
2019-10-15 03:50:54,750 [main] INFO  db.DBStoreBuilder (DBStoreBuilder.java:processTables(168)) - Using default column profile:DBProfile.DISK for Table:keyTable
2019-10-15 03:50:54,750 [main] INFO  db.DBStoreBuilder (DBStoreBuilder.java:addTable(117)) - using custom profile for table: deletedTable
2019-10-15 03:50:54,750 [main] INFO  db.DBStoreBuilder (DBStoreBuilder.java:processTables(168)) - Using default column profile:DBProfile.DISK for Table:deletedTable
2019-10-15 03:50:54,751 [main] INFO  db.DBStoreBuilder (DBStoreBuilder.java:addTable(117)) - using custom profile for table: openKeyTable
2019-10-15 03:50:54,751 [main] INFO  db.DBStoreBuilder (DBStoreBuilder.java:processTables(168)) - Using default column profile:DBProfile.DISK for Table:openKeyTable
2019-10-15 03:50:54,751 [main] INFO  db.DBStoreBuilder (DBStoreBuilder.java:addTable(117)) - using custom profile for table: s3Table
2019-10-15 03:50:54,751 [main] INFO  db.DBStoreBuilder (DBStoreBuilder.java:processTables(168)) - Using default column profile:DBProfile.DISK for Table:s3Table
2019-10-15 03:50:54,752 [main] INFO  db.DBStoreBuilder (DBStoreBuilder.java:addTable(117)) - using custom profile for table: multipartInfoTable
2019-10-15 03:50:54,752 [main] INFO  db.DBStoreBuilder (DBStoreBuilder.java:processTables(168)) - Using default column profile:DBProfile.DISK for Table:multipartInfoTable
2019-10-15 03:50:54,752 [main] INFO  db.DBStoreBuilder (DBStoreBuilder.java:addTable(117)) - using custom profile for table: dTokenTable
2019-10-15 03:50:54,752 [main] INFO  db.DBStoreBuilder (DBStoreBuilder.java:processTables(168)) - Using default column profile:DBProfile.DISK for Table:dTokenTable
2019-10-15 03:50:54,753 [main] INFO  db.DBStoreBuilder (DBStoreBuilder.java:addTable(117)) - using custom profile for table: s3SecretTable
2019-10-15 03:50:54,753 [main] INFO  db.DBStoreBuilder (DBStoreBuilder.java:processTables(168)) - Using default column profile:DBProfile.DISK for Table:s3SecretTable
2019-10-15 03:50:54,753 [main] INFO  db.DBStoreBuilder (DBStoreBuilder.java:addTable(117)) - using custom profile for table: prefixTable
2019-10-15 03:50:54,753 [main] INFO  db.DBStoreBuilder (DBStoreBuilder.java:processTables(168)) - Using default column profile:DBProfile.DISK for Table:prefixTable
2019-10-15 03:50:54,754 [main] INFO  db.DBStoreBuilder (DBStoreBuilder.java:addTable(117)) - using custom profile for table: default
2019-10-15 03:50:54,754 [main] INFO  db.DBStoreBuilder (DBStoreBuilder.java:processTables(174)) - Using default column profile:DBProfile.DISK for Table:default
2019-10-15 03:50:54,754 [main] INFO  db.DBStoreBuilder (DBStoreBuilder.java:getDbProfile(205)) - Using default options. DBProfile.DISK
2019-10-15 03:50:55,925 [main] INFO  ipc.CallQueueManager (CallQueueManager.java:<init>(84)) - Using callQueue: class java.util.concurrent.LinkedBlockingQueue, queueCapacity: 2000, scheduler: class org.apache.hadoop.ipc.DefaultRpcScheduler, ipcBackoff: false.
2019-10-15 03:50:55,926 [Socket Reader #1 for port 41495] INFO  ipc.Server (Server.java:run(1074)) - Starting Socket Reader #1 for port 41495
2019-10-15 03:50:55,952 [main] INFO  om.OzoneManager (OzoneManager.java:start(1071)) - OzoneManager RPC server is listening at localhost/127.0.0.1:41495
2019-10-15 03:50:55,952 [main] INFO  impl.MetricsSystemImpl (MetricsSystemImpl.java:init(158)) - OzoneManager metrics system started (again)
2019-10-15 03:50:55,962 [IPC Server Responder] INFO  ipc.Server (Server.java:run(1314)) - IPC Server Responder: starting
2019-10-15 03:50:55,963 [IPC Server listener on 41495] INFO  ipc.Server (Server.java:run(1153)) - IPC Server listener on 41495: starting
2019-10-15 03:50:55,969 [main] INFO  hdfs.DFSUtil (DFSUtil.java:httpServerTemplateForNNAndJN(1641)) - Starting Web-server for ozoneManager at: http://0.0.0.0:0
2019-10-15 03:50:55,971 [main] INFO  server.AuthenticationFilter (AuthenticationFilter.java:constructSecretProvider(240)) - Unable to initialize FileSignerSecretProvider, falling back to use random secrets.
2019-10-15 03:50:55,971 [main] WARN  http.HttpRequestLog (HttpRequestLog.java:getRequestLog(97)) - Jetty request log can only be enabled using Log4j
2019-10-15 03:50:55,973 [main] INFO  http.HttpServer2 (HttpServer2.java:addGlobalFilter(975)) - Added global filter 'safety' (class=org.apache.hadoop.http.HttpServer2$QuotingInputFilter)
2019-10-15 03:50:55,974 [main] INFO  http.HttpServer2 (HttpServer2.java:addFilter(948)) - Added filter static_user_filter (class=org.apache.hadoop.http.lib.StaticUserWebFilter$StaticUserFilter) to context ozoneManager
2019-10-15 03:50:55,974 [main] INFO  http.HttpServer2 (HttpServer2.java:addFilter(958)) - Added filter static_user_filter (class=org.apache.hadoop.http.lib.StaticUserWebFilter$StaticUserFilter) to context logs
2019-10-15 03:50:55,975 [main] INFO  http.HttpServer2 (HttpServer2.java:addFilter(958)) - Added filter static_user_filter (class=org.apache.hadoop.http.lib.StaticUserWebFilter$StaticUserFilter) to context static
2019-10-15 03:50:55,977 [main] INFO  http.HttpServer2 (HttpServer2.java:bindListener(1191)) - Jetty bound to port 44333
2019-10-15 03:50:55,977 [main] INFO  server.Server (Server.java:doStart(351)) - jetty-9.3.25.v20180904, build timestamp: 2018-09-04T21:11:46Z, git hash: 3ce520221d0240229c862b122d2b06c12a625732
2019-10-15 03:50:55,979 [main] INFO  handler.ContextHandler (ContextHandler.java:doStart(781)) - Started o.e.j.s.ServletContextHandler@49aa766b{/logs,file:///workdir/hadoop-ozone/integration-test/target/log,AVAILABLE}
2019-10-15 03:50:55,980 [main] INFO  handler.ContextHandler (ContextHandler.java:doStart(781)) - Started o.e.j.s.ServletContextHandler@65004ff6{/static,file:///workdir/hadoop-ozone/integration-test/target/test-classes/webapps/static,AVAILABLE}
2019-10-15 03:50:55,984 [main] INFO  handler.ContextHandler (ContextHandler.java:doStart(781)) - Started o.e.j.w.WebAppContext@4158debd{/,file:///workdir/hadoop-ozone/integration-test/target/test-classes/webapps/ozoneManager/,AVAILABLE}{/ozoneManager}
2019-10-15 03:50:55,986 [main] INFO  server.AbstractConnector (AbstractConnector.java:doStart(278)) - Started ServerConnector@af78c87{HTTP/1.1,[http/1.1]}{0.0.0.0:44333}
2019-10-15 03:50:55,987 [main] INFO  server.Server (Server.java:doStart(419)) - Started @5511ms
2019-10-15 03:50:55,987 [main] WARN  impl.MetricsSystemImpl (MetricsSystemImpl.java:register(276)) - Sink prometheus already exists!
2019-10-15 03:50:55,988 [main] INFO  server.BaseHttpServer (BaseHttpServer.java:updateConnectorAddress(215)) - HTTP server of OZONEMANAGER is listening at http://0.0.0.0:44333
2019-10-15 03:50:56,308 [main] INFO  impl.MetricsSystemImpl (MetricsSystemImpl.java:init(158)) - HddsDatanode metrics system started (again)
2019-10-15 03:50:56,365 [main] INFO  ozone.HddsDatanodeService (HddsDatanodeService.java:start(184)) - HddsDatanodeService host:pr-hdds-2194-gpqhj-1713016619 ip:192.168.151.112
2019-10-15 03:50:56,398 [main] INFO  volume.HddsVolume (HddsVolume.java:<init>(176)) - Creating Volume: /workdir/hadoop-ozone/integration-test/target/test-dir/MiniOzoneClusterImpl-db766658-51e8-42c9-a009-09e1693026ad/datanode-0/data/containers/hdds of  storage type : DISK and capacity : 1482555576320
2019-10-15 03:50:56,400 [main] INFO  volume.VolumeSet (VolumeSet.java:initializeVolumeSet(170)) - Added Volume : /workdir/hadoop-ozone/integration-test/target/test-dir/MiniOzoneClusterImpl-db766658-51e8-42c9-a009-09e1693026ad/datanode-0/data/containers/hdds to VolumeSet
2019-10-15 03:50:56,403 [main] INFO  volume.ThrottledAsyncChecker (ThrottledAsyncChecker.java:schedule(141)) - Scheduling a check for org.apache.hadoop.ozone.container.common.volume.HddsVolume@787f32b7
2019-10-15 03:50:56,420 [main] INFO  volume.HddsVolumeChecker (HddsVolumeChecker.java:checkAllVolumes(204)) - Scheduled health check for volume org.apache.hadoop.ozone.container.common.volume.HddsVolume@787f32b7
2019-10-15 03:50:56,534 [main] INFO  impl.RaftServerProxy (ConfUtils.java:logGet(43)) - raft.rpc.type = GRPC (default)
2019-10-15 03:50:56,611 [main] INFO  grpc.GrpcFactory (GrpcFactory.java:checkPooledByteBufAllocatorUseCacheForAllThreads(45)) - PERFORMANCE WARNING: useCacheForAllThreads is true that may cause Netty to create a lot garbage objects and, as a result, trigger GC.
	It is recommended to disable useCacheForAllThreads by setting -Dorg.apache.ratis.thirdparty.io.netty.allocator.useCacheForAllThreads=false in command line.
2019-10-15 03:50:56,619 [main] INFO  grpc.GrpcConfigKeys$Server (ConfUtils.java:logGet(43)) - raft.grpc.server.port = 0 (default)
2019-10-15 03:50:56,621 [main] INFO  server.GrpcService (ConfUtils.java:logGet(43)) - raft.grpc.message.size.max = 33570816 (custom)
2019-10-15 03:50:56,623 [main] INFO  server.RaftServerConfigKeys (ConfUtils.java:logGet(43)) - raft.server.log.appender.buffer.byte-limit = 33554432 (custom)
2019-10-15 03:50:56,624 [main] INFO  server.GrpcService (ConfUtils.java:logGet(43)) - raft.grpc.flow.control.window = 1MB (=1048576) (default)
2019-10-15 03:50:56,625 [main] INFO  server.RaftServerConfigKeys (ConfUtils.java:logGet(43)) - raft.server.rpc.request.timeout = 3000ms (default)
2019-10-15 03:50:56,851 [main] INFO  server.RaftServerConfigKeys (ConfUtils.java:logGet(43)) - raft.server.storage.dir = [/workdir/hadoop-ozone/integration-test/target/test-dir/MiniOzoneClusterImpl-db766658-51e8-42c9-a009-09e1693026ad/datanode-0/data/ratis] (custom)
2019-10-15 03:50:56,923 [main] INFO  hdfs.DFSUtil (DFSUtil.java:httpServerTemplateForNNAndJN(1641)) - Starting Web-server for hddsDatanode at: http://0.0.0.0:0
2019-10-15 03:50:56,925 [main] INFO  server.AuthenticationFilter (AuthenticationFilter.java:constructSecretProvider(240)) - Unable to initialize FileSignerSecretProvider, falling back to use random secrets.
2019-10-15 03:50:56,926 [main] WARN  http.HttpRequestLog (HttpRequestLog.java:getRequestLog(97)) - Jetty request log can only be enabled using Log4j
2019-10-15 03:50:56,928 [main] INFO  http.HttpServer2 (HttpServer2.java:addGlobalFilter(975)) - Added global filter 'safety' (class=org.apache.hadoop.http.HttpServer2$QuotingInputFilter)
2019-10-15 03:50:56,929 [main] INFO  http.HttpServer2 (HttpServer2.java:addFilter(948)) - Added filter static_user_filter (class=org.apache.hadoop.http.lib.StaticUserWebFilter$StaticUserFilter) to context hddsDatanode
2019-10-15 03:50:56,929 [main] INFO  http.HttpServer2 (HttpServer2.java:addFilter(958)) - Added filter static_user_filter (class=org.apache.hadoop.http.lib.StaticUserWebFilter$StaticUserFilter) to context logs
2019-10-15 03:50:56,929 [main] INFO  http.HttpServer2 (HttpServer2.java:addFilter(958)) - Added filter static_user_filter (class=org.apache.hadoop.http.lib.StaticUserWebFilter$StaticUserFilter) to context static
2019-10-15 03:50:56,930 [main] INFO  http.HttpServer2 (HttpServer2.java:bindListener(1191)) - Jetty bound to port 38985
2019-10-15 03:50:56,930 [main] INFO  server.Server (Server.java:doStart(351)) - jetty-9.3.25.v20180904, build timestamp: 2018-09-04T21:11:46Z, git hash: 3ce520221d0240229c862b122d2b06c12a625732
2019-10-15 03:50:56,933 [main] INFO  handler.ContextHandler (ContextHandler.java:doStart(781)) - Started o.e.j.s.ServletContextHandler@26c47874{/logs,file:///workdir/hadoop-ozone/integration-test/target/log,AVAILABLE}
2019-10-15 03:50:56,934 [main] INFO  handler.ContextHandler (ContextHandler.java:doStart(781)) - Started o.e.j.s.ServletContextHandler@2849434b{/static,jar:file:/home/user/.m2/repository/org/apache/hadoop/hadoop-hdds-container-service/0.5.0-SNAPSHOT/hadoop-hdds-container-service-0.5.0-SNAPSHOT.jar!/webapps/static,AVAILABLE}
2019-10-15 03:50:56,970 [main] INFO  handler.ContextHandler (ContextHandler.java:doStart(781)) - Started o.e.j.w.WebAppContext@5bc28f40{/,file:///tmp/jetty-0.0.0.0-38985-hddsDatanode-_-any-6739073954205749761.dir/webapp/,AVAILABLE}{/hddsDatanode}
2019-10-15 03:50:56,970 [main] INFO  server.AbstractConnector (AbstractConnector.java:doStart(278)) - Started ServerConnector@46963479{HTTP/1.1,[http/1.1]}{0.0.0.0:38985}
2019-10-15 03:50:56,971 [main] INFO  server.Server (Server.java:doStart(419)) - Started @6495ms
2019-10-15 03:50:56,971 [main] WARN  impl.MetricsSystemImpl (MetricsSystemImpl.java:register(276)) - Sink prometheus already exists!
2019-10-15 03:50:56,973 [main] INFO  server.BaseHttpServer (BaseHttpServer.java:updateConnectorAddress(215)) - HTTP server of HDDSDATANODE is listening at http://0.0.0.0:38985
2019-10-15 03:50:56,973 [main] INFO  impl.MetricsSystemImpl (MetricsSystemImpl.java:init(158)) - HddsDatanode metrics system started (again)
2019-10-15 03:50:56,976 [main] INFO  ozone.HddsDatanodeService (HddsDatanodeService.java:start(184)) - HddsDatanodeService host:pr-hdds-2194-gpqhj-1713016619 ip:192.168.151.112
2019-10-15 03:50:56,980 [org.apache.hadoop.util.JvmPauseMonitor$Monitor@3f59c7be] INFO  util.JvmPauseMonitor (JvmPauseMonitor.java:run(188)) - Starting JVM pause monitor
2019-10-15 03:50:56,985 [main] INFO  volume.HddsVolume (HddsVolume.java:<init>(176)) - Creating Volume: /workdir/hadoop-ozone/integration-test/target/test-dir/MiniOzoneClusterImpl-db766658-51e8-42c9-a009-09e1693026ad/datanode-1/data/containers/hdds of  storage type : DISK and capacity : 1482555576320
2019-10-15 03:50:56,986 [main] INFO  volume.VolumeSet (VolumeSet.java:initializeVolumeSet(170)) - Added Volume : /workdir/hadoop-ozone/integration-test/target/test-dir/MiniOzoneClusterImpl-db766658-51e8-42c9-a009-09e1693026ad/datanode-1/data/containers/hdds to VolumeSet
2019-10-15 03:50:56,987 [main] INFO  volume.ThrottledAsyncChecker (ThrottledAsyncChecker.java:schedule(141)) - Scheduling a check for org.apache.hadoop.ozone.container.common.volume.HddsVolume@277b8fa4
2019-10-15 03:50:56,988 [main] INFO  volume.HddsVolumeChecker (HddsVolumeChecker.java:checkAllVolumes(204)) - Scheduled health check for volume org.apache.hadoop.ozone.container.common.volume.HddsVolume@277b8fa4
2019-10-15 03:50:57,008 [main] INFO  impl.RaftServerProxy (ConfUtils.java:logGet(43)) - raft.rpc.type = GRPC (default)
2019-10-15 03:50:57,009 [main] INFO  grpc.GrpcFactory (GrpcFactory.java:checkPooledByteBufAllocatorUseCacheForAllThreads(45)) - PERFORMANCE WARNING: useCacheForAllThreads is true that may cause Netty to create a lot garbage objects and, as a result, trigger GC.
	It is recommended to disable useCacheForAllThreads by setting -Dorg.apache.ratis.thirdparty.io.netty.allocator.useCacheForAllThreads=false in command line.
2019-10-15 03:50:57,009 [main] INFO  grpc.GrpcConfigKeys$Server (ConfUtils.java:logGet(43)) - raft.grpc.server.port = 0 (default)
2019-10-15 03:50:57,010 [main] INFO  server.GrpcService (ConfUtils.java:logGet(43)) - raft.grpc.message.size.max = 33570816 (custom)
2019-10-15 03:50:57,010 [main] INFO  server.RaftServerConfigKeys (ConfUtils.java:logGet(43)) - raft.server.log.appender.buffer.byte-limit = 33554432 (custom)
2019-10-15 03:50:57,010 [main] INFO  server.GrpcService (ConfUtils.java:logGet(43)) - raft.grpc.flow.control.window = 1MB (=1048576) (default)
2019-10-15 03:50:57,011 [main] INFO  server.RaftServerConfigKeys (ConfUtils.java:logGet(43)) - raft.server.rpc.request.timeout = 3000ms (default)
2019-10-15 03:50:57,012 [main] INFO  server.RaftServerConfigKeys (ConfUtils.java:logGet(43)) - raft.server.storage.dir = [/workdir/hadoop-ozone/integration-test/target/test-dir/MiniOzoneClusterImpl-db766658-51e8-42c9-a009-09e1693026ad/datanode-1/data/ratis] (custom)
2019-10-15 03:50:57,013 [main] INFO  hdfs.DFSUtil (DFSUtil.java:httpServerTemplateForNNAndJN(1641)) - Starting Web-server for hddsDatanode at: http://0.0.0.0:0
2019-10-15 03:50:57,015 [main] INFO  server.AuthenticationFilter (AuthenticationFilter.java:constructSecretProvider(240)) - Unable to initialize FileSignerSecretProvider, falling back to use random secrets.
2019-10-15 03:50:57,016 [main] WARN  http.HttpRequestLog (HttpRequestLog.java:getRequestLog(97)) - Jetty request log can only be enabled using Log4j
2019-10-15 03:50:57,018 [main] INFO  http.HttpServer2 (HttpServer2.java:addGlobalFilter(975)) - Added global filter 'safety' (class=org.apache.hadoop.http.HttpServer2$QuotingInputFilter)
2019-10-15 03:50:57,019 [main] INFO  http.HttpServer2 (HttpServer2.java:addFilter(948)) - Added filter static_user_filter (class=org.apache.hadoop.http.lib.StaticUserWebFilter$StaticUserFilter) to context hddsDatanode
2019-10-15 03:50:57,019 [main] INFO  http.HttpServer2 (HttpServer2.java:addFilter(958)) - Added filter static_user_filter (class=org.apache.hadoop.http.lib.StaticUserWebFilter$StaticUserFilter) to context logs
2019-10-15 03:50:57,019 [main] INFO  http.HttpServer2 (HttpServer2.java:addFilter(958)) - Added filter static_user_filter (class=org.apache.hadoop.http.lib.StaticUserWebFilter$StaticUserFilter) to context static
2019-10-15 03:50:57,020 [main] INFO  http.HttpServer2 (HttpServer2.java:bindListener(1191)) - Jetty bound to port 36240
2019-10-15 03:50:57,021 [main] INFO  server.Server (Server.java:doStart(351)) - jetty-9.3.25.v20180904, build timestamp: 2018-09-04T21:11:46Z, git hash: 3ce520221d0240229c862b122d2b06c12a625732
2019-10-15 03:50:57,024 [main] INFO  handler.ContextHandler (ContextHandler.java:doStart(781)) - Started o.e.j.s.ServletContextHandler@3c87e6b7{/logs,file:///workdir/hadoop-ozone/integration-test/target/log,AVAILABLE}
2019-10-15 03:50:57,025 [main] INFO  handler.ContextHandler (ContextHandler.java:doStart(781)) - Started o.e.j.s.ServletContextHandler@3c3a0032{/static,jar:file:/home/user/.m2/repository/org/apache/hadoop/hadoop-hdds-container-service/0.5.0-SNAPSHOT/hadoop-hdds-container-service-0.5.0-SNAPSHOT.jar!/webapps/static,AVAILABLE}
2019-10-15 03:50:57,064 [main] INFO  handler.ContextHandler (ContextHandler.java:doStart(781)) - Started o.e.j.w.WebAppContext@7cbeac65{/,file:///tmp/jetty-0.0.0.0-36240-hddsDatanode-_-any-3233585446818211128.dir/webapp/,AVAILABLE}{/hddsDatanode}
2019-10-15 03:50:57,065 [main] INFO  server.AbstractConnector (AbstractConnector.java:doStart(278)) - Started ServerConnector@7fe82967{HTTP/1.1,[http/1.1]}{0.0.0.0:36240}
2019-10-15 03:50:57,066 [main] INFO  server.Server (Server.java:doStart(419)) - Started @6590ms
2019-10-15 03:50:57,066 [main] WARN  impl.MetricsSystemImpl (MetricsSystemImpl.java:register(276)) - Sink prometheus already exists!
2019-10-15 03:50:57,067 [main] INFO  server.BaseHttpServer (BaseHttpServer.java:updateConnectorAddress(215)) - HTTP server of HDDSDATANODE is listening at http://0.0.0.0:36240
2019-10-15 03:50:57,067 [main] INFO  impl.MetricsSystemImpl (MetricsSystemImpl.java:init(158)) - HddsDatanode metrics system started (again)
2019-10-15 03:50:57,070 [main] INFO  ozone.HddsDatanodeService (HddsDatanodeService.java:start(184)) - HddsDatanodeService host:pr-hdds-2194-gpqhj-1713016619 ip:192.168.151.112
2019-10-15 03:50:57,070 [org.apache.hadoop.util.JvmPauseMonitor$Monitor@14f3f953] INFO  util.JvmPauseMonitor (JvmPauseMonitor.java:run(188)) - Starting JVM pause monitor
2019-10-15 03:50:57,078 [main] INFO  volume.HddsVolume (HddsVolume.java:<init>(176)) - Creating Volume: /workdir/hadoop-ozone/integration-test/target/test-dir/MiniOzoneClusterImpl-db766658-51e8-42c9-a009-09e1693026ad/datanode-2/data/containers/hdds of  storage type : DISK and capacity : 1482555576320
2019-10-15 03:50:57,079 [main] INFO  volume.VolumeSet (VolumeSet.java:initializeVolumeSet(170)) - Added Volume : /workdir/hadoop-ozone/integration-test/target/test-dir/MiniOzoneClusterImpl-db766658-51e8-42c9-a009-09e1693026ad/datanode-2/data/containers/hdds to VolumeSet
2019-10-15 03:50:57,079 [main] INFO  volume.ThrottledAsyncChecker (ThrottledAsyncChecker.java:schedule(141)) - Scheduling a check for org.apache.hadoop.ozone.container.common.volume.HddsVolume@4d95a72e
2019-10-15 03:50:57,080 [main] INFO  volume.HddsVolumeChecker (HddsVolumeChecker.java:checkAllVolumes(204)) - Scheduled health check for volume org.apache.hadoop.ozone.container.common.volume.HddsVolume@4d95a72e
2019-10-15 03:50:57,094 [main] INFO  impl.RaftServerProxy (ConfUtils.java:logGet(43)) - raft.rpc.type = GRPC (default)
2019-10-15 03:50:57,094 [main] INFO  grpc.GrpcFactory (GrpcFactory.java:checkPooledByteBufAllocatorUseCacheForAllThreads(45)) - PERFORMANCE WARNING: useCacheForAllThreads is true that may cause Netty to create a lot garbage objects and, as a result, trigger GC.
	It is recommended to disable useCacheForAllThreads by setting -Dorg.apache.ratis.thirdparty.io.netty.allocator.useCacheForAllThreads=false in command line.
2019-10-15 03:50:57,095 [main] INFO  grpc.GrpcConfigKeys$Server (ConfUtils.java:logGet(43)) - raft.grpc.server.port = 0 (default)
2019-10-15 03:50:57,095 [main] INFO  server.GrpcService (ConfUtils.java:logGet(43)) - raft.grpc.message.size.max = 33570816 (custom)
2019-10-15 03:50:57,095 [main] INFO  server.RaftServerConfigKeys (ConfUtils.java:logGet(43)) - raft.server.log.appender.buffer.byte-limit = 33554432 (custom)
2019-10-15 03:50:57,096 [main] INFO  server.GrpcService (ConfUtils.java:logGet(43)) - raft.grpc.flow.control.window = 1MB (=1048576) (default)
2019-10-15 03:50:57,096 [main] INFO  server.RaftServerConfigKeys (ConfUtils.java:logGet(43)) - raft.server.rpc.request.timeout = 3000ms (default)
2019-10-15 03:50:57,097 [main] INFO  server.RaftServerConfigKeys (ConfUtils.java:logGet(43)) - raft.server.storage.dir = [/workdir/hadoop-ozone/integration-test/target/test-dir/MiniOzoneClusterImpl-db766658-51e8-42c9-a009-09e1693026ad/datanode-2/data/ratis] (custom)
2019-10-15 03:50:57,099 [main] INFO  hdfs.DFSUtil (DFSUtil.java:httpServerTemplateForNNAndJN(1641)) - Starting Web-server for hddsDatanode at: http://0.0.0.0:0
2019-10-15 03:50:57,100 [main] INFO  server.AuthenticationFilter (AuthenticationFilter.java:constructSecretProvider(240)) - Unable to initialize FileSignerSecretProvider, falling back to use random secrets.
2019-10-15 03:50:57,101 [main] WARN  http.HttpRequestLog (HttpRequestLog.java:getRequestLog(97)) - Jetty request log can only be enabled using Log4j
2019-10-15 03:50:57,102 [Datanode State Machine Thread - 0] INFO  datanode.InitDatanodeState (InitDatanodeState.java:persistContainerDatanodeDetails(140)) - DatanodeDetails is persisted to /workdir/hadoop-ozone/integration-test/target/test-dir/MiniOzoneClusterImpl-db766658-51e8-42c9-a009-09e1693026ad/datanode-0/meta/datanode.id
2019-10-15 03:50:57,102 [main] INFO  http.HttpServer2 (HttpServer2.java:addGlobalFilter(975)) - Added global filter 'safety' (class=org.apache.hadoop.http.HttpServer2$QuotingInputFilter)
2019-10-15 03:50:57,105 [main] INFO  http.HttpServer2 (HttpServer2.java:addFilter(948)) - Added filter static_user_filter (class=org.apache.hadoop.http.lib.StaticUserWebFilter$StaticUserFilter) to context hddsDatanode
2019-10-15 03:50:57,105 [main] INFO  http.HttpServer2 (HttpServer2.java:addFilter(958)) - Added filter static_user_filter (class=org.apache.hadoop.http.lib.StaticUserWebFilter$StaticUserFilter) to context static
2019-10-15 03:50:57,105 [main] INFO  http.HttpServer2 (HttpServer2.java:addFilter(958)) - Added filter static_user_filter (class=org.apache.hadoop.http.lib.StaticUserWebFilter$StaticUserFilter) to context logs
2019-10-15 03:50:57,106 [Datanode State Machine Thread - 0] INFO  datanode.InitDatanodeState (InitDatanodeState.java:persistContainerDatanodeDetails(140)) - DatanodeDetails is persisted to /workdir/hadoop-ozone/integration-test/target/test-dir/MiniOzoneClusterImpl-db766658-51e8-42c9-a009-09e1693026ad/datanode-1/meta/datanode.id
2019-10-15 03:50:57,106 [main] INFO  http.HttpServer2 (HttpServer2.java:bindListener(1191)) - Jetty bound to port 40127
2019-10-15 03:50:57,106 [main] INFO  server.Server (Server.java:doStart(351)) - jetty-9.3.25.v20180904, build timestamp: 2018-09-04T21:11:46Z, git hash: 3ce520221d0240229c862b122d2b06c12a625732
2019-10-15 03:50:57,108 [main] INFO  handler.ContextHandler (ContextHandler.java:doStart(781)) - Started o.e.j.s.ServletContextHandler@2b680207{/logs,file:///workdir/hadoop-ozone/integration-test/target/log,AVAILABLE}
2019-10-15 03:50:57,108 [main] INFO  handler.ContextHandler (ContextHandler.java:doStart(781)) - Started o.e.j.s.ServletContextHandler@56da7487{/static,jar:file:/home/user/.m2/repository/org/apache/hadoop/hadoop-hdds-container-service/0.5.0-SNAPSHOT/hadoop-hdds-container-service-0.5.0-SNAPSHOT.jar!/webapps/static,AVAILABLE}
2019-10-15 03:50:57,138 [main] INFO  handler.ContextHandler (ContextHandler.java:doStart(781)) - Started o.e.j.w.WebAppContext@ec8f4b9{/,file:///tmp/jetty-0.0.0.0-40127-hddsDatanode-_-any-7263906948410466287.dir/webapp/,AVAILABLE}{/hddsDatanode}
2019-10-15 03:50:57,139 [main] INFO  server.AbstractConnector (AbstractConnector.java:doStart(278)) - Started ServerConnector@bc042d5{HTTP/1.1,[http/1.1]}{0.0.0.0:40127}
2019-10-15 03:50:57,139 [main] INFO  server.Server (Server.java:doStart(419)) - Started @6663ms
2019-10-15 03:50:57,140 [main] WARN  impl.MetricsSystemImpl (MetricsSystemImpl.java:register(276)) - Sink prometheus already exists!
2019-10-15 03:50:57,141 [main] INFO  server.BaseHttpServer (BaseHttpServer.java:updateConnectorAddress(215)) - HTTP server of HDDSDATANODE is listening at http://0.0.0.0:40127
2019-10-15 03:50:57,141 [main] INFO  impl.MetricsSystemImpl (MetricsSystemImpl.java:init(158)) - HddsDatanode metrics system started (again)
2019-10-15 03:50:57,144 [main] INFO  ozone.HddsDatanodeService (HddsDatanodeService.java:start(184)) - HddsDatanodeService host:pr-hdds-2194-gpqhj-1713016619 ip:192.168.151.112
2019-10-15 03:50:57,145 [org.apache.hadoop.util.JvmPauseMonitor$Monitor@718245f5] INFO  util.JvmPauseMonitor (JvmPauseMonitor.java:run(188)) - Starting JVM pause monitor
2019-10-15 03:50:57,148 [Datanode State Machine Thread - 0] INFO  datanode.InitDatanodeState (InitDatanodeState.java:persistContainerDatanodeDetails(140)) - DatanodeDetails is persisted to /workdir/hadoop-ozone/integration-test/target/test-dir/MiniOzoneClusterImpl-db766658-51e8-42c9-a009-09e1693026ad/datanode-2/meta/datanode.id
2019-10-15 03:50:57,152 [main] INFO  volume.HddsVolume (HddsVolume.java:<init>(176)) - Creating Volume: /workdir/hadoop-ozone/integration-test/target/test-dir/MiniOzoneClusterImpl-db766658-51e8-42c9-a009-09e1693026ad/datanode-3/data/containers/hdds of  storage type : DISK and capacity : 1482555576320
2019-10-15 03:50:57,154 [main] INFO  volume.VolumeSet (VolumeSet.java:initializeVolumeSet(170)) - Added Volume : /workdir/hadoop-ozone/integration-test/target/test-dir/MiniOzoneClusterImpl-db766658-51e8-42c9-a009-09e1693026ad/datanode-3/data/containers/hdds to VolumeSet
2019-10-15 03:50:57,154 [main] INFO  volume.ThrottledAsyncChecker (ThrottledAsyncChecker.java:schedule(141)) - Scheduling a check for org.apache.hadoop.ozone.container.common.volume.HddsVolume@41eb94bc
2019-10-15 03:50:57,155 [main] INFO  volume.HddsVolumeChecker (HddsVolumeChecker.java:checkAllVolumes(204)) - Scheduled health check for volume org.apache.hadoop.ozone.container.common.volume.HddsVolume@41eb94bc
2019-10-15 03:50:57,168 [main] INFO  impl.RaftServerProxy (ConfUtils.java:logGet(43)) - raft.rpc.type = GRPC (default)
2019-10-15 03:50:57,169 [main] INFO  grpc.GrpcFactory (GrpcFactory.java:checkPooledByteBufAllocatorUseCacheForAllThreads(45)) - PERFORMANCE WARNING: useCacheForAllThreads is true that may cause Netty to create a lot garbage objects and, as a result, trigger GC.
	It is recommended to disable useCacheForAllThreads by setting -Dorg.apache.ratis.thirdparty.io.netty.allocator.useCacheForAllThreads=false in command line.
2019-10-15 03:50:57,169 [main] INFO  grpc.GrpcConfigKeys$Server (ConfUtils.java:logGet(43)) - raft.grpc.server.port = 0 (default)
2019-10-15 03:50:57,169 [main] INFO  server.GrpcService (ConfUtils.java:logGet(43)) - raft.grpc.message.size.max = 33570816 (custom)
2019-10-15 03:50:57,169 [main] INFO  server.RaftServerConfigKeys (ConfUtils.java:logGet(43)) - raft.server.log.appender.buffer.byte-limit = 33554432 (custom)
2019-10-15 03:50:57,170 [main] INFO  server.GrpcService (ConfUtils.java:logGet(43)) - raft.grpc.flow.control.window = 1MB (=1048576) (default)
2019-10-15 03:50:57,170 [main] INFO  server.RaftServerConfigKeys (ConfUtils.java:logGet(43)) - raft.server.rpc.request.timeout = 3000ms (default)
2019-10-15 03:50:57,170 [main] INFO  server.RaftServerConfigKeys (ConfUtils.java:logGet(43)) - raft.server.storage.dir = [/workdir/hadoop-ozone/integration-test/target/test-dir/MiniOzoneClusterImpl-db766658-51e8-42c9-a009-09e1693026ad/datanode-3/data/ratis] (custom)
2019-10-15 03:50:57,172 [main] INFO  hdfs.DFSUtil (DFSUtil.java:httpServerTemplateForNNAndJN(1641)) - Starting Web-server for hddsDatanode at: http://0.0.0.0:0
2019-10-15 03:50:57,173 [main] INFO  server.AuthenticationFilter (AuthenticationFilter.java:constructSecretProvider(240)) - Unable to initialize FileSignerSecretProvider, falling back to use random secrets.
2019-10-15 03:50:57,173 [main] WARN  http.HttpRequestLog (HttpRequestLog.java:getRequestLog(97)) - Jetty request log can only be enabled using Log4j
2019-10-15 03:50:57,175 [main] INFO  http.HttpServer2 (HttpServer2.java:addGlobalFilter(975)) - Added global filter 'safety' (class=org.apache.hadoop.http.HttpServer2$QuotingInputFilter)
2019-10-15 03:50:57,175 [main] INFO  http.HttpServer2 (HttpServer2.java:addFilter(948)) - Added filter static_user_filter (class=org.apache.hadoop.http.lib.StaticUserWebFilter$StaticUserFilter) to context hddsDatanode
2019-10-15 03:50:57,175 [main] INFO  http.HttpServer2 (HttpServer2.java:addFilter(958)) - Added filter static_user_filter (class=org.apache.hadoop.http.lib.StaticUserWebFilter$StaticUserFilter) to context logs
2019-10-15 03:50:57,176 [main] INFO  http.HttpServer2 (HttpServer2.java:addFilter(958)) - Added filter static_user_filter (class=org.apache.hadoop.http.lib.StaticUserWebFilter$StaticUserFilter) to context static
2019-10-15 03:50:57,176 [main] INFO  http.HttpServer2 (HttpServer2.java:bindListener(1191)) - Jetty bound to port 38379
2019-10-15 03:50:57,177 [main] INFO  server.Server (Server.java:doStart(351)) - jetty-9.3.25.v20180904, build timestamp: 2018-09-04T21:11:46Z, git hash: 3ce520221d0240229c862b122d2b06c12a625732
2019-10-15 03:50:57,179 [main] INFO  handler.ContextHandler (ContextHandler.java:doStart(781)) - Started o.e.j.s.ServletContextHandler@69fe0ed4{/logs,file:///workdir/hadoop-ozone/integration-test/target/log,AVAILABLE}
2019-10-15 03:50:57,180 [main] INFO  handler.ContextHandler (ContextHandler.java:doStart(781)) - Started o.e.j.s.ServletContextHandler@6caf7803{/static,jar:file:/home/user/.m2/repository/org/apache/hadoop/hadoop-hdds-container-service/0.5.0-SNAPSHOT/hadoop-hdds-container-service-0.5.0-SNAPSHOT.jar!/webapps/static,AVAILABLE}
2019-10-15 03:50:57,209 [main] INFO  handler.ContextHandler (ContextHandler.java:doStart(781)) - Started o.e.j.w.WebAppContext@d5d5353{/,file:///tmp/jetty-0.0.0.0-38379-hddsDatanode-_-any-8943775492882765395.dir/webapp/,AVAILABLE}{/hddsDatanode}
2019-10-15 03:50:57,209 [main] INFO  server.AbstractConnector (AbstractConnector.java:doStart(278)) - Started ServerConnector@242b6e1a{HTTP/1.1,[http/1.1]}{0.0.0.0:38379}
2019-10-15 03:50:57,210 [main] INFO  server.Server (Server.java:doStart(419)) - Started @6734ms
2019-10-15 03:50:57,210 [main] WARN  impl.MetricsSystemImpl (MetricsSystemImpl.java:register(276)) - Sink prometheus already exists!
2019-10-15 03:50:57,211 [main] INFO  server.BaseHttpServer (BaseHttpServer.java:updateConnectorAddress(215)) - HTTP server of HDDSDATANODE is listening at http://0.0.0.0:38379
2019-10-15 03:50:57,211 [main] INFO  impl.MetricsSystemImpl (MetricsSystemImpl.java:init(158)) - HddsDatanode metrics system started (again)
2019-10-15 03:50:57,213 [main] INFO  ozone.HddsDatanodeService (HddsDatanodeService.java:start(184)) - HddsDatanodeService host:pr-hdds-2194-gpqhj-1713016619 ip:192.168.151.112
2019-10-15 03:50:57,214 [org.apache.hadoop.util.JvmPauseMonitor$Monitor@6eb6503e] INFO  util.JvmPauseMonitor (JvmPauseMonitor.java:run(188)) - Starting JVM pause monitor
2019-10-15 03:50:57,218 [Datanode State Machine Thread - 0] INFO  datanode.InitDatanodeState (InitDatanodeState.java:persistContainerDatanodeDetails(140)) - DatanodeDetails is persisted to /workdir/hadoop-ozone/integration-test/target/test-dir/MiniOzoneClusterImpl-db766658-51e8-42c9-a009-09e1693026ad/datanode-3/meta/datanode.id
2019-10-15 03:50:57,220 [main] INFO  volume.HddsVolume (HddsVolume.java:<init>(176)) - Creating Volume: /workdir/hadoop-ozone/integration-test/target/test-dir/MiniOzoneClusterImpl-db766658-51e8-42c9-a009-09e1693026ad/datanode-4/data/containers/hdds of  storage type : DISK and capacity : 1482555576320
2019-10-15 03:50:57,220 [main] INFO  volume.VolumeSet (VolumeSet.java:initializeVolumeSet(170)) - Added Volume : /workdir/hadoop-ozone/integration-test/target/test-dir/MiniOzoneClusterImpl-db766658-51e8-42c9-a009-09e1693026ad/datanode-4/data/containers/hdds to VolumeSet
2019-10-15 03:50:57,220 [main] INFO  volume.ThrottledAsyncChecker (ThrottledAsyncChecker.java:schedule(141)) - Scheduling a check for org.apache.hadoop.ozone.container.common.volume.HddsVolume@1dc3502b
2019-10-15 03:50:57,221 [main] INFO  volume.HddsVolumeChecker (HddsVolumeChecker.java:checkAllVolumes(204)) - Scheduled health check for volume org.apache.hadoop.ozone.container.common.volume.HddsVolume@1dc3502b
2019-10-15 03:50:57,233 [main] INFO  impl.RaftServerProxy (ConfUtils.java:logGet(43)) - raft.rpc.type = GRPC (default)
2019-10-15 03:50:57,233 [main] INFO  grpc.GrpcFactory (GrpcFactory.java:checkPooledByteBufAllocatorUseCacheForAllThreads(45)) - PERFORMANCE WARNING: useCacheForAllThreads is true that may cause Netty to create a lot garbage objects and, as a result, trigger GC.
	It is recommended to disable useCacheForAllThreads by setting -Dorg.apache.ratis.thirdparty.io.netty.allocator.useCacheForAllThreads=false in command line.
2019-10-15 03:50:57,233 [main] INFO  grpc.GrpcConfigKeys$Server (ConfUtils.java:logGet(43)) - raft.grpc.server.port = 0 (default)
2019-10-15 03:50:57,233 [main] INFO  server.GrpcService (ConfUtils.java:logGet(43)) - raft.grpc.message.size.max = 33570816 (custom)
2019-10-15 03:50:57,234 [main] INFO  server.RaftServerConfigKeys (ConfUtils.java:logGet(43)) - raft.server.log.appender.buffer.byte-limit = 33554432 (custom)
2019-10-15 03:50:57,234 [main] INFO  server.GrpcService (ConfUtils.java:logGet(43)) - raft.grpc.flow.control.window = 1MB (=1048576) (default)
2019-10-15 03:50:57,234 [main] INFO  server.RaftServerConfigKeys (ConfUtils.java:logGet(43)) - raft.server.rpc.request.timeout = 3000ms (default)
2019-10-15 03:50:57,235 [main] INFO  server.RaftServerConfigKeys (ConfUtils.java:logGet(43)) - raft.server.storage.dir = [/workdir/hadoop-ozone/integration-test/target/test-dir/MiniOzoneClusterImpl-db766658-51e8-42c9-a009-09e1693026ad/datanode-4/data/ratis] (custom)
2019-10-15 03:50:57,236 [main] INFO  hdfs.DFSUtil (DFSUtil.java:httpServerTemplateForNNAndJN(1641)) - Starting Web-server for hddsDatanode at: http://0.0.0.0:0
2019-10-15 03:50:57,237 [main] INFO  server.AuthenticationFilter (AuthenticationFilter.java:constructSecretProvider(240)) - Unable to initialize FileSignerSecretProvider, falling back to use random secrets.
2019-10-15 03:50:57,238 [main] WARN  http.HttpRequestLog (HttpRequestLog.java:getRequestLog(97)) - Jetty request log can only be enabled using Log4j
2019-10-15 03:50:57,239 [main] INFO  http.HttpServer2 (HttpServer2.java:addGlobalFilter(975)) - Added global filter 'safety' (class=org.apache.hadoop.http.HttpServer2$QuotingInputFilter)
2019-10-15 03:50:57,240 [main] INFO  http.HttpServer2 (HttpServer2.java:addFilter(948)) - Added filter static_user_filter (class=org.apache.hadoop.http.lib.StaticUserWebFilter$StaticUserFilter) to context hddsDatanode
2019-10-15 03:50:57,240 [main] INFO  http.HttpServer2 (HttpServer2.java:addFilter(958)) - Added filter static_user_filter (class=org.apache.hadoop.http.lib.StaticUserWebFilter$StaticUserFilter) to context static
2019-10-15 03:50:57,240 [main] INFO  http.HttpServer2 (HttpServer2.java:addFilter(958)) - Added filter static_user_filter (class=org.apache.hadoop.http.lib.StaticUserWebFilter$StaticUserFilter) to context logs
2019-10-15 03:50:57,241 [main] INFO  http.HttpServer2 (HttpServer2.java:bindListener(1191)) - Jetty bound to port 33029
2019-10-15 03:50:57,241 [main] INFO  server.Server (Server.java:doStart(351)) - jetty-9.3.25.v20180904, build timestamp: 2018-09-04T21:11:46Z, git hash: 3ce520221d0240229c862b122d2b06c12a625732
2019-10-15 03:50:57,243 [main] INFO  handler.ContextHandler (ContextHandler.java:doStart(781)) - Started o.e.j.s.ServletContextHandler@618ff5c2{/logs,file:///workdir/hadoop-ozone/integration-test/target/log,AVAILABLE}
2019-10-15 03:50:57,243 [main] INFO  handler.ContextHandler (ContextHandler.java:doStart(781)) - Started o.e.j.s.ServletContextHandler@2f84acf7{/static,jar:file:/home/user/.m2/repository/org/apache/hadoop/hadoop-hdds-container-service/0.5.0-SNAPSHOT/hadoop-hdds-container-service-0.5.0-SNAPSHOT.jar!/webapps/static,AVAILABLE}
2019-10-15 03:50:57,272 [main] INFO  handler.ContextHandler (ContextHandler.java:doStart(781)) - Started o.e.j.w.WebAppContext@6e4f263e{/,file:///tmp/jetty-0.0.0.0-33029-hddsDatanode-_-any-1799036678683832278.dir/webapp/,AVAILABLE}{/hddsDatanode}
2019-10-15 03:50:57,272 [main] INFO  server.AbstractConnector (AbstractConnector.java:doStart(278)) - Started ServerConnector@48b4a043{HTTP/1.1,[http/1.1]}{0.0.0.0:33029}
2019-10-15 03:50:57,273 [main] INFO  server.Server (Server.java:doStart(419)) - Started @6798ms
2019-10-15 03:50:57,274 [main] WARN  impl.MetricsSystemImpl (MetricsSystemImpl.java:register(276)) - Sink prometheus already exists!
2019-10-15 03:50:57,274 [main] INFO  server.BaseHttpServer (BaseHttpServer.java:updateConnectorAddress(215)) - HTTP server of HDDSDATANODE is listening at http://0.0.0.0:33029
2019-10-15 03:50:57,275 [main] INFO  impl.MetricsSystemImpl (MetricsSystemImpl.java:init(158)) - HddsDatanode metrics system started (again)
2019-10-15 03:50:57,278 [main] INFO  ozone.HddsDatanodeService (HddsDatanodeService.java:start(184)) - HddsDatanodeService host:pr-hdds-2194-gpqhj-1713016619 ip:192.168.151.112
2019-10-15 03:50:57,278 [org.apache.hadoop.util.JvmPauseMonitor$Monitor@4809c155] INFO  util.JvmPauseMonitor (JvmPauseMonitor.java:run(188)) - Starting JVM pause monitor
2019-10-15 03:50:57,282 [Datanode State Machine Thread - 0] INFO  datanode.InitDatanodeState (InitDatanodeState.java:persistContainerDatanodeDetails(140)) - DatanodeDetails is persisted to /workdir/hadoop-ozone/integration-test/target/test-dir/MiniOzoneClusterImpl-db766658-51e8-42c9-a009-09e1693026ad/datanode-4/meta/datanode.id
2019-10-15 03:50:57,288 [main] INFO  volume.HddsVolume (HddsVolume.java:<init>(176)) - Creating Volume: /workdir/hadoop-ozone/integration-test/target/test-dir/MiniOzoneClusterImpl-db766658-51e8-42c9-a009-09e1693026ad/datanode-5/data/containers/hdds of  storage type : DISK and capacity : 1482555576320
2019-10-15 03:50:57,288 [main] INFO  volume.VolumeSet (VolumeSet.java:initializeVolumeSet(170)) - Added Volume : /workdir/hadoop-ozone/integration-test/target/test-dir/MiniOzoneClusterImpl-db766658-51e8-42c9-a009-09e1693026ad/datanode-5/data/containers/hdds to VolumeSet
2019-10-15 03:50:57,288 [main] INFO  volume.ThrottledAsyncChecker (ThrottledAsyncChecker.java:schedule(141)) - Scheduling a check for org.apache.hadoop.ozone.container.common.volume.HddsVolume@534180a2
2019-10-15 03:50:57,289 [main] INFO  volume.HddsVolumeChecker (HddsVolumeChecker.java:checkAllVolumes(204)) - Scheduled health check for volume org.apache.hadoop.ozone.container.common.volume.HddsVolume@534180a2
2019-10-15 03:50:57,312 [main] INFO  impl.RaftServerProxy (ConfUtils.java:logGet(43)) - raft.rpc.type = GRPC (default)
2019-10-15 03:50:57,313 [main] INFO  grpc.GrpcFactory (GrpcFactory.java:checkPooledByteBufAllocatorUseCacheForAllThreads(45)) - PERFORMANCE WARNING: useCacheForAllThreads is true that may cause Netty to create a lot garbage objects and, as a result, trigger GC.
	It is recommended to disable useCacheForAllThreads by setting -Dorg.apache.ratis.thirdparty.io.netty.allocator.useCacheForAllThreads=false in command line.
2019-10-15 03:50:57,313 [main] INFO  grpc.GrpcConfigKeys$Server (ConfUtils.java:logGet(43)) - raft.grpc.server.port = 0 (default)
2019-10-15 03:50:57,313 [main] INFO  server.GrpcService (ConfUtils.java:logGet(43)) - raft.grpc.message.size.max = 33570816 (custom)
2019-10-15 03:50:57,314 [main] INFO  server.RaftServerConfigKeys (ConfUtils.java:logGet(43)) - raft.server.log.appender.buffer.byte-limit = 33554432 (custom)
2019-10-15 03:50:57,314 [main] INFO  server.GrpcService (ConfUtils.java:logGet(43)) - raft.grpc.flow.control.window = 1MB (=1048576) (default)
2019-10-15 03:50:57,315 [main] INFO  server.RaftServerConfigKeys (ConfUtils.java:logGet(43)) - raft.server.rpc.request.timeout = 3000ms (default)
2019-10-15 03:50:57,315 [main] INFO  server.RaftServerConfigKeys (ConfUtils.java:logGet(43)) - raft.server.storage.dir = [/workdir/hadoop-ozone/integration-test/target/test-dir/MiniOzoneClusterImpl-db766658-51e8-42c9-a009-09e1693026ad/datanode-5/data/ratis] (custom)
2019-10-15 03:50:57,317 [main] INFO  hdfs.DFSUtil (DFSUtil.java:httpServerTemplateForNNAndJN(1641)) - Starting Web-server for hddsDatanode at: http://0.0.0.0:0
2019-10-15 03:50:57,319 [main] INFO  server.AuthenticationFilter (AuthenticationFilter.java:constructSecretProvider(240)) - Unable to initialize FileSignerSecretProvider, falling back to use random secrets.
2019-10-15 03:50:57,320 [main] WARN  http.HttpRequestLog (HttpRequestLog.java:getRequestLog(97)) - Jetty request log can only be enabled using Log4j
2019-10-15 03:50:57,322 [main] INFO  http.HttpServer2 (HttpServer2.java:addGlobalFilter(975)) - Added global filter 'safety' (class=org.apache.hadoop.http.HttpServer2$QuotingInputFilter)
2019-10-15 03:50:57,323 [main] INFO  http.HttpServer2 (HttpServer2.java:addFilter(948)) - Added filter static_user_filter (class=org.apache.hadoop.http.lib.StaticUserWebFilter$StaticUserFilter) to context hddsDatanode
2019-10-15 03:50:57,323 [main] INFO  http.HttpServer2 (HttpServer2.java:addFilter(958)) - Added filter static_user_filter (class=org.apache.hadoop.http.lib.StaticUserWebFilter$StaticUserFilter) to context static
2019-10-15 03:50:57,323 [main] INFO  http.HttpServer2 (HttpServer2.java:addFilter(958)) - Added filter static_user_filter (class=org.apache.hadoop.http.lib.StaticUserWebFilter$StaticUserFilter) to context logs
2019-10-15 03:50:57,324 [main] INFO  http.HttpServer2 (HttpServer2.java:bindListener(1191)) - Jetty bound to port 45498
2019-10-15 03:50:57,324 [main] INFO  server.Server (Server.java:doStart(351)) - jetty-9.3.25.v20180904, build timestamp: 2018-09-04T21:11:46Z, git hash: 3ce520221d0240229c862b122d2b06c12a625732
2019-10-15 03:50:57,326 [main] INFO  handler.ContextHandler (ContextHandler.java:doStart(781)) - Started o.e.j.s.ServletContextHandler@26586b74{/logs,file:///workdir/hadoop-ozone/integration-test/target/log,AVAILABLE}
2019-10-15 03:50:57,327 [main] INFO  handler.ContextHandler (ContextHandler.java:doStart(781)) - Started o.e.j.s.ServletContextHandler@6e041285{/static,jar:file:/home/user/.m2/repository/org/apache/hadoop/hadoop-hdds-container-service/0.5.0-SNAPSHOT/hadoop-hdds-container-service-0.5.0-SNAPSHOT.jar!/webapps/static,AVAILABLE}
2019-10-15 03:50:57,368 [main] INFO  handler.ContextHandler (ContextHandler.java:doStart(781)) - Started o.e.j.w.WebAppContext@7afc4db9{/,file:///tmp/jetty-0.0.0.0-45498-hddsDatanode-_-any-5647425897276356573.dir/webapp/,AVAILABLE}{/hddsDatanode}
2019-10-15 03:50:57,369 [main] INFO  server.AbstractConnector (AbstractConnector.java:doStart(278)) - Started ServerConnector@1a1f5f71{HTTP/1.1,[http/1.1]}{0.0.0.0:45498}
2019-10-15 03:50:57,369 [main] INFO  server.Server (Server.java:doStart(419)) - Started @6893ms
2019-10-15 03:50:57,369 [main] WARN  impl.MetricsSystemImpl (MetricsSystemImpl.java:register(276)) - Sink prometheus already exists!
2019-10-15 03:50:57,370 [main] INFO  server.BaseHttpServer (BaseHttpServer.java:updateConnectorAddress(215)) - HTTP server of HDDSDATANODE is listening at http://0.0.0.0:45498
2019-10-15 03:50:57,370 [main] INFO  impl.MetricsSystemImpl (MetricsSystemImpl.java:init(158)) - HddsDatanode metrics system started (again)
2019-10-15 03:50:57,374 [main] INFO  ozone.HddsDatanodeService (HddsDatanodeService.java:start(184)) - HddsDatanodeService host:pr-hdds-2194-gpqhj-1713016619 ip:192.168.151.112
2019-10-15 03:50:57,374 [org.apache.hadoop.util.JvmPauseMonitor$Monitor@76816912] INFO  util.JvmPauseMonitor (JvmPauseMonitor.java:run(188)) - Starting JVM pause monitor
2019-10-15 03:50:57,378 [Datanode State Machine Thread - 0] INFO  datanode.InitDatanodeState (InitDatanodeState.java:persistContainerDatanodeDetails(140)) - DatanodeDetails is persisted to /workdir/hadoop-ozone/integration-test/target/test-dir/MiniOzoneClusterImpl-db766658-51e8-42c9-a009-09e1693026ad/datanode-5/meta/datanode.id
2019-10-15 03:50:57,383 [main] INFO  volume.HddsVolume (HddsVolume.java:<init>(176)) - Creating Volume: /workdir/hadoop-ozone/integration-test/target/test-dir/MiniOzoneClusterImpl-db766658-51e8-42c9-a009-09e1693026ad/datanode-6/data/containers/hdds of  storage type : DISK and capacity : 1482555576320
2019-10-15 03:50:57,384 [main] INFO  volume.VolumeSet (VolumeSet.java:initializeVolumeSet(170)) - Added Volume : /workdir/hadoop-ozone/integration-test/target/test-dir/MiniOzoneClusterImpl-db766658-51e8-42c9-a009-09e1693026ad/datanode-6/data/containers/hdds to VolumeSet
2019-10-15 03:50:57,384 [main] INFO  volume.ThrottledAsyncChecker (ThrottledAsyncChecker.java:schedule(141)) - Scheduling a check for org.apache.hadoop.ozone.container.common.volume.HddsVolume@623ebac7
2019-10-15 03:50:57,384 [main] INFO  volume.HddsVolumeChecker (HddsVolumeChecker.java:checkAllVolumes(204)) - Scheduled health check for volume org.apache.hadoop.ozone.container.common.volume.HddsVolume@623ebac7
2019-10-15 03:50:57,400 [main] INFO  impl.RaftServerProxy (ConfUtils.java:logGet(43)) - raft.rpc.type = GRPC (default)
2019-10-15 03:50:57,400 [main] INFO  grpc.GrpcFactory (GrpcFactory.java:checkPooledByteBufAllocatorUseCacheForAllThreads(45)) - PERFORMANCE WARNING: useCacheForAllThreads is true that may cause Netty to create a lot garbage objects and, as a result, trigger GC.
	It is recommended to disable useCacheForAllThreads by setting -Dorg.apache.ratis.thirdparty.io.netty.allocator.useCacheForAllThreads=false in command line.
2019-10-15 03:50:57,401 [main] INFO  grpc.GrpcConfigKeys$Server (ConfUtils.java:logGet(43)) - raft.grpc.server.port = 0 (default)
2019-10-15 03:50:57,401 [main] INFO  server.GrpcService (ConfUtils.java:logGet(43)) - raft.grpc.message.size.max = 33570816 (custom)
2019-10-15 03:50:57,401 [main] INFO  server.RaftServerConfigKeys (ConfUtils.java:logGet(43)) - raft.server.log.appender.buffer.byte-limit = 33554432 (custom)
2019-10-15 03:50:57,401 [main] INFO  server.GrpcService (ConfUtils.java:logGet(43)) - raft.grpc.flow.control.window = 1MB (=1048576) (default)
2019-10-15 03:50:57,402 [main] INFO  server.RaftServerConfigKeys (ConfUtils.java:logGet(43)) - raft.server.rpc.request.timeout = 3000ms (default)
2019-10-15 03:50:57,402 [main] INFO  server.RaftServerConfigKeys (ConfUtils.java:logGet(43)) - raft.server.storage.dir = [/workdir/hadoop-ozone/integration-test/target/test-dir/MiniOzoneClusterImpl-db766658-51e8-42c9-a009-09e1693026ad/datanode-6/data/ratis] (custom)
2019-10-15 03:50:57,404 [main] INFO  hdfs.DFSUtil (DFSUtil.java:httpServerTemplateForNNAndJN(1641)) - Starting Web-server for hddsDatanode at: http://0.0.0.0:0
2019-10-15 03:50:57,405 [main] INFO  server.AuthenticationFilter (AuthenticationFilter.java:constructSecretProvider(240)) - Unable to initialize FileSignerSecretProvider, falling back to use random secrets.
2019-10-15 03:50:57,405 [main] WARN  http.HttpRequestLog (HttpRequestLog.java:getRequestLog(97)) - Jetty request log can only be enabled using Log4j
2019-10-15 03:50:57,407 [main] INFO  http.HttpServer2 (HttpServer2.java:addGlobalFilter(975)) - Added global filter 'safety' (class=org.apache.hadoop.http.HttpServer2$QuotingInputFilter)
2019-10-15 03:50:57,408 [main] INFO  http.HttpServer2 (HttpServer2.java:addFilter(948)) - Added filter static_user_filter (class=org.apache.hadoop.http.lib.StaticUserWebFilter$StaticUserFilter) to context hddsDatanode
2019-10-15 03:50:57,408 [main] INFO  http.HttpServer2 (HttpServer2.java:addFilter(958)) - Added filter static_user_filter (class=org.apache.hadoop.http.lib.StaticUserWebFilter$StaticUserFilter) to context logs
2019-10-15 03:50:57,408 [main] INFO  http.HttpServer2 (HttpServer2.java:addFilter(958)) - Added filter static_user_filter (class=org.apache.hadoop.http.lib.StaticUserWebFilter$StaticUserFilter) to context static
2019-10-15 03:50:57,409 [main] INFO  http.HttpServer2 (HttpServer2.java:bindListener(1191)) - Jetty bound to port 38794
2019-10-15 03:50:57,409 [main] INFO  server.Server (Server.java:doStart(351)) - jetty-9.3.25.v20180904, build timestamp: 2018-09-04T21:11:46Z, git hash: 3ce520221d0240229c862b122d2b06c12a625732
2019-10-15 03:50:57,411 [main] INFO  handler.ContextHandler (ContextHandler.java:doStart(781)) - Started o.e.j.s.ServletContextHandler@885e7ff{/logs,file:///workdir/hadoop-ozone/integration-test/target/log,AVAILABLE}
2019-10-15 03:50:57,411 [main] INFO  handler.ContextHandler (ContextHandler.java:doStart(781)) - Started o.e.j.s.ServletContextHandler@4fa9ab6{/static,jar:file:/home/user/.m2/repository/org/apache/hadoop/hadoop-hdds-container-service/0.5.0-SNAPSHOT/hadoop-hdds-container-service-0.5.0-SNAPSHOT.jar!/webapps/static,AVAILABLE}
2019-10-15 03:50:57,441 [main] INFO  handler.ContextHandler (ContextHandler.java:doStart(781)) - Started o.e.j.w.WebAppContext@512d6e60{/,file:///tmp/jetty-0.0.0.0-38794-hddsDatanode-_-any-7478113423363033757.dir/webapp/,AVAILABLE}{/hddsDatanode}
2019-10-15 03:50:57,441 [main] INFO  server.AbstractConnector (AbstractConnector.java:doStart(278)) - Started ServerConnector@1de9b505{HTTP/1.1,[http/1.1]}{0.0.0.0:38794}
2019-10-15 03:50:57,442 [main] INFO  server.Server (Server.java:doStart(419)) - Started @6966ms
2019-10-15 03:50:57,442 [main] WARN  impl.MetricsSystemImpl (MetricsSystemImpl.java:register(276)) - Sink prometheus already exists!
2019-10-15 03:50:57,443 [main] INFO  server.BaseHttpServer (BaseHttpServer.java:updateConnectorAddress(215)) - HTTP server of HDDSDATANODE is listening at http://0.0.0.0:38794
2019-10-15 03:50:57,446 [main] INFO  ozone.MiniOzoneClusterImpl (MiniOzoneClusterImpl.java:lambda$waitForClusterToBeReady$0(147)) - Waiting for cluster to be ready. Got 0 of 7 DN Heartbeats.
2019-10-15 03:50:57,447 [org.apache.hadoop.util.JvmPauseMonitor$Monitor@5f66b4f6] INFO  util.JvmPauseMonitor (JvmPauseMonitor.java:run(188)) - Starting JVM pause monitor
2019-10-15 03:50:57,450 [Datanode State Machine Thread - 0] INFO  datanode.InitDatanodeState (InitDatanodeState.java:persistContainerDatanodeDetails(140)) - DatanodeDetails is persisted to /workdir/hadoop-ozone/integration-test/target/test-dir/MiniOzoneClusterImpl-db766658-51e8-42c9-a009-09e1693026ad/datanode-6/meta/datanode.id
2019-10-15 03:50:58,446 [main] INFO  ozone.MiniOzoneClusterImpl (MiniOzoneClusterImpl.java:lambda$waitForClusterToBeReady$0(147)) - Waiting for cluster to be ready. Got 0 of 7 DN Heartbeats.
2019-10-15 03:50:59,099 [Datanode State Machine Thread - 0] INFO  ozoneimpl.OzoneContainer (OzoneContainer.java:start(213)) - Attempting to start container services.
2019-10-15 03:50:59,103 [Datanode State Machine Thread - 0] INFO  ozoneimpl.OzoneContainer (OzoneContainer.java:startContainerScrub(177)) - Background container scanner has been disabled.
2019-10-15 03:50:59,103 [Datanode State Machine Thread - 0] INFO  ratis.XceiverServerRatis (XceiverServerRatis.java:start(418)) - Starting XceiverServerRatis 17c6328d-41b2-4f2a-9292-e6afe4664332 at port 0
2019-10-15 03:50:59,116 [Datanode State Machine Thread - 0] INFO  ozoneimpl.OzoneContainer (OzoneContainer.java:start(213)) - Attempting to start container services.
2019-10-15 03:50:59,127 [Datanode State Machine Thread - 0] INFO  ozoneimpl.OzoneContainer (OzoneContainer.java:startContainerScrub(177)) - Background container scanner has been disabled.
2019-10-15 03:50:59,127 [Datanode State Machine Thread - 0] INFO  ratis.XceiverServerRatis (XceiverServerRatis.java:start(418)) - Starting XceiverServerRatis b7b4b7f4-6208-4617-92d6-351d069a50a1 at port 0
2019-10-15 03:50:59,140 [Datanode State Machine Thread - 0] INFO  impl.RaftServerProxy (RaftServerProxy.java:lambda$start$3(299)) - b7b4b7f4-6208-4617-92d6-351d069a50a1: start RPC server
2019-10-15 03:50:59,140 [Datanode State Machine Thread - 0] INFO  impl.RaftServerProxy (RaftServerProxy.java:lambda$start$3(299)) - 17c6328d-41b2-4f2a-9292-e6afe4664332: start RPC server
2019-10-15 03:50:59,175 [Datanode State Machine Thread - 0] INFO  ozoneimpl.OzoneContainer (OzoneContainer.java:start(213)) - Attempting to start container services.
2019-10-15 03:50:59,179 [Datanode State Machine Thread - 0] INFO  ozoneimpl.OzoneContainer (OzoneContainer.java:startContainerScrub(177)) - Background container scanner has been disabled.
2019-10-15 03:50:59,179 [Datanode State Machine Thread - 0] INFO  ratis.XceiverServerRatis (XceiverServerRatis.java:start(418)) - Starting XceiverServerRatis 7a3f8abb-79c4-4d5e-8346-45ba7cf38691 at port 0
2019-10-15 03:50:59,186 [Datanode State Machine Thread - 0] INFO  impl.RaftServerProxy (RaftServerProxy.java:lambda$start$3(299)) - 7a3f8abb-79c4-4d5e-8346-45ba7cf38691: start RPC server
2019-10-15 03:50:59,250 [Datanode State Machine Thread - 0] INFO  ozoneimpl.OzoneContainer (OzoneContainer.java:start(213)) - Attempting to start container services.
2019-10-15 03:50:59,250 [Datanode State Machine Thread - 0] INFO  ozoneimpl.OzoneContainer (OzoneContainer.java:startContainerScrub(177)) - Background container scanner has been disabled.
2019-10-15 03:50:59,250 [Datanode State Machine Thread - 0] INFO  ratis.XceiverServerRatis (XceiverServerRatis.java:start(418)) - Starting XceiverServerRatis cb078210-d8fb-4a38-a9bc-8272e5f5dfbb at port 0
2019-10-15 03:50:59,258 [Datanode State Machine Thread - 0] INFO  impl.RaftServerProxy (RaftServerProxy.java:lambda$start$3(299)) - cb078210-d8fb-4a38-a9bc-8272e5f5dfbb: start RPC server
2019-10-15 03:50:59,307 [Datanode State Machine Thread - 0] INFO  server.GrpcService (GrpcService.java:startImpl(158)) - cb078210-d8fb-4a38-a9bc-8272e5f5dfbb: GrpcService started, listening on 0.0.0.0/0.0.0.0:39848
2019-10-15 03:50:59,307 [Datanode State Machine Thread - 0] INFO  server.GrpcService (GrpcService.java:startImpl(158)) - 17c6328d-41b2-4f2a-9292-e6afe4664332: GrpcService started, listening on 0.0.0.0/0.0.0.0:37358
2019-10-15 03:50:59,309 [Datanode State Machine Thread - 0] INFO  ratis.XceiverServerRatis (XceiverServerRatis.java:start(428)) - XceiverServerRatis cb078210-d8fb-4a38-a9bc-8272e5f5dfbb is started using port 39848
2019-10-15 03:50:59,307 [Datanode State Machine Thread - 0] INFO  server.GrpcService (GrpcService.java:startImpl(158)) - 7a3f8abb-79c4-4d5e-8346-45ba7cf38691: GrpcService started, listening on 0.0.0.0/0.0.0.0:46575
2019-10-15 03:50:59,307 [Datanode State Machine Thread - 0] INFO  server.GrpcService (GrpcService.java:startImpl(158)) - b7b4b7f4-6208-4617-92d6-351d069a50a1: GrpcService started, listening on 0.0.0.0/0.0.0.0:37095
2019-10-15 03:50:59,309 [Datanode State Machine Thread - 0] INFO  ratis.XceiverServerRatis (XceiverServerRatis.java:start(428)) - XceiverServerRatis 7a3f8abb-79c4-4d5e-8346-45ba7cf38691 is started using port 46575
2019-10-15 03:50:59,309 [Datanode State Machine Thread - 0] INFO  ratis.XceiverServerRatis (XceiverServerRatis.java:start(428)) - XceiverServerRatis 17c6328d-41b2-4f2a-9292-e6afe4664332 is started using port 37358
2019-10-15 03:50:59,310 [Datanode State Machine Thread - 0] INFO  ratis.XceiverServerRatis (XceiverServerRatis.java:start(428)) - XceiverServerRatis b7b4b7f4-6208-4617-92d6-351d069a50a1 is started using port 37095
2019-10-15 03:50:59,318 [Datanode State Machine Thread - 0] INFO  ozoneimpl.OzoneContainer (OzoneContainer.java:start(213)) - Attempting to start container services.
2019-10-15 03:50:59,319 [Datanode State Machine Thread - 0] INFO  server.XceiverServerGrpc (XceiverServerGrpc.java:start(149)) - XceiverServerGrpc b7b4b7f4-6208-4617-92d6-351d069a50a1 is started using port 46090
2019-10-15 03:50:59,320 [Datanode State Machine Thread - 0] INFO  server.XceiverServerGrpc (XceiverServerGrpc.java:start(149)) - XceiverServerGrpc 7a3f8abb-79c4-4d5e-8346-45ba7cf38691 is started using port 44801
2019-10-15 03:50:59,320 [Datanode State Machine Thread - 0] INFO  ozoneimpl.OzoneContainer (OzoneContainer.java:startContainerScrub(177)) - Background container scanner has been disabled.
2019-10-15 03:50:59,319 [Datanode State Machine Thread - 0] INFO  server.XceiverServerGrpc (XceiverServerGrpc.java:start(149)) - XceiverServerGrpc cb078210-d8fb-4a38-a9bc-8272e5f5dfbb is started using port 39920
2019-10-15 03:50:59,319 [Datanode State Machine Thread - 0] INFO  server.XceiverServerGrpc (XceiverServerGrpc.java:start(149)) - XceiverServerGrpc 17c6328d-41b2-4f2a-9292-e6afe4664332 is started using port 41650
2019-10-15 03:50:59,320 [Datanode State Machine Thread - 0] INFO  ratis.XceiverServerRatis (XceiverServerRatis.java:start(418)) - Starting XceiverServerRatis 87cc7840-07ab-4468-a9bb-b42c9b658208 at port 0
2019-10-15 03:50:59,328 [Datanode State Machine Thread - 0] INFO  impl.RaftServerProxy (RaftServerProxy.java:lambda$start$3(299)) - 87cc7840-07ab-4468-a9bb-b42c9b658208: start RPC server
2019-10-15 03:50:59,331 [Datanode State Machine Thread - 0] INFO  server.GrpcService (GrpcService.java:startImpl(158)) - 87cc7840-07ab-4468-a9bb-b42c9b658208: GrpcService started, listening on 0.0.0.0/0.0.0.0:34751
2019-10-15 03:50:59,331 [Datanode State Machine Thread - 0] INFO  ratis.XceiverServerRatis (XceiverServerRatis.java:start(428)) - XceiverServerRatis 87cc7840-07ab-4468-a9bb-b42c9b658208 is started using port 34751
2019-10-15 03:50:59,333 [Datanode State Machine Thread - 0] INFO  server.XceiverServerGrpc (XceiverServerGrpc.java:start(149)) - XceiverServerGrpc 87cc7840-07ab-4468-a9bb-b42c9b658208 is started using port 34787
2019-10-15 03:50:59,401 [Datanode State Machine Thread - 0] INFO  ozoneimpl.OzoneContainer (OzoneContainer.java:start(213)) - Attempting to start container services.
2019-10-15 03:50:59,401 [Datanode State Machine Thread - 0] INFO  ozoneimpl.OzoneContainer (OzoneContainer.java:startContainerScrub(177)) - Background container scanner has been disabled.
2019-10-15 03:50:59,401 [Datanode State Machine Thread - 0] INFO  ratis.XceiverServerRatis (XceiverServerRatis.java:start(418)) - Starting XceiverServerRatis 52de152f-69b6-4a91-acbe-0116c0f58132 at port 0
2019-10-15 03:50:59,408 [Datanode State Machine Thread - 0] INFO  impl.RaftServerProxy (RaftServerProxy.java:lambda$start$3(299)) - 52de152f-69b6-4a91-acbe-0116c0f58132: start RPC server
2019-10-15 03:50:59,411 [Datanode State Machine Thread - 0] INFO  server.GrpcService (GrpcService.java:startImpl(158)) - 52de152f-69b6-4a91-acbe-0116c0f58132: GrpcService started, listening on 0.0.0.0/0.0.0.0:45717
2019-10-15 03:50:59,411 [Datanode State Machine Thread - 0] INFO  ratis.XceiverServerRatis (XceiverServerRatis.java:start(428)) - XceiverServerRatis 52de152f-69b6-4a91-acbe-0116c0f58132 is started using port 45717
2019-10-15 03:50:59,414 [Datanode State Machine Thread - 0] INFO  server.XceiverServerGrpc (XceiverServerGrpc.java:start(149)) - XceiverServerGrpc 52de152f-69b6-4a91-acbe-0116c0f58132 is started using port 45900
2019-10-15 03:50:59,447 [main] INFO  ozone.MiniOzoneClusterImpl (MiniOzoneClusterImpl.java:lambda$waitForClusterToBeReady$0(147)) - Waiting for cluster to be ready. Got 0 of 7 DN Heartbeats.
2019-10-15 03:50:59,493 [Datanode State Machine Thread - 0] INFO  ozoneimpl.OzoneContainer (OzoneContainer.java:start(213)) - Attempting to start container services.
2019-10-15 03:50:59,493 [Datanode State Machine Thread - 0] INFO  ozoneimpl.OzoneContainer (OzoneContainer.java:startContainerScrub(177)) - Background container scanner has been disabled.
2019-10-15 03:50:59,493 [Datanode State Machine Thread - 0] INFO  ratis.XceiverServerRatis (XceiverServerRatis.java:start(418)) - Starting XceiverServerRatis e1a9ec49-11c8-4933-9bf9-1c98ddf237b7 at port 0
2019-10-15 03:50:59,500 [Datanode State Machine Thread - 0] INFO  impl.RaftServerProxy (RaftServerProxy.java:lambda$start$3(299)) - e1a9ec49-11c8-4933-9bf9-1c98ddf237b7: start RPC server
2019-10-15 03:50:59,504 [Datanode State Machine Thread - 0] INFO  server.GrpcService (GrpcService.java:startImpl(158)) - e1a9ec49-11c8-4933-9bf9-1c98ddf237b7: GrpcService started, listening on 0.0.0.0/0.0.0.0:46123
2019-10-15 03:50:59,504 [Datanode State Machine Thread - 0] INFO  ratis.XceiverServerRatis (XceiverServerRatis.java:start(428)) - XceiverServerRatis e1a9ec49-11c8-4933-9bf9-1c98ddf237b7 is started using port 46123
2019-10-15 03:50:59,507 [Datanode State Machine Thread - 0] INFO  server.XceiverServerGrpc (XceiverServerGrpc.java:start(149)) - XceiverServerGrpc e1a9ec49-11c8-4933-9bf9-1c98ddf237b7 is started using port 33225
2019-10-15 03:51:00,449 [main] INFO  ozone.MiniOzoneClusterImpl (MiniOzoneClusterImpl.java:lambda$waitForClusterToBeReady$0(147)) - Waiting for cluster to be ready. Got 0 of 7 DN Heartbeats.
2019-10-15 03:51:01,018 [IPC Server handler 1 on 36277] INFO  net.NetworkTopology (NetworkTopologyImpl.java:add(111)) - Added a new node: /default-rack/17c6328d-41b2-4f2a-9292-e6afe4664332
2019-10-15 03:51:01,018 [IPC Server handler 1 on 36277] INFO  node.SCMNodeManager (SCMNodeManager.java:register(268)) - Registered Data node : 17c6328d-41b2-4f2a-9292-e6afe4664332{ip: 192.168.151.112, host: pr-hdds-2194-gpqhj-1713016619, networkLocation: /default-rack, certSerialId: null}
2019-10-15 03:51:01,022 [EventQueue-NodeRegistrationContainerReportForDataNodeSafeModeRule] INFO  safemode.SCMSafeModeManager (DataNodeSafeModeRule.java:process(71)) - SCM in safe mode. 1 DataNodes registered, 1 required.
2019-10-15 03:51:01,022 [EventQueue-NodeRegistrationContainerReportForDataNodeSafeModeRule] INFO  safemode.SCMSafeModeManager (SCMSafeModeManager.java:validateSafeModeExitRules(177)) - ScmSafeModeManager, all rules are successfully validated
2019-10-15 03:51:01,022 [EventQueue-NodeRegistrationContainerReportForDataNodeSafeModeRule] INFO  safemode.SCMSafeModeManager (SCMSafeModeManager.java:exitSafeMode(193)) - SCM exiting safe mode.
2019-10-15 03:51:01,074 [IPC Server handler 0 on 36277] INFO  net.NetworkTopology (NetworkTopologyImpl.java:add(111)) - Added a new node: /default-rack/b7b4b7f4-6208-4617-92d6-351d069a50a1
2019-10-15 03:51:01,075 [IPC Server handler 0 on 36277] INFO  node.SCMNodeManager (SCMNodeManager.java:register(268)) - Registered Data node : b7b4b7f4-6208-4617-92d6-351d069a50a1{ip: 192.168.151.112, host: pr-hdds-2194-gpqhj-1713016619, networkLocation: /default-rack, certSerialId: null}
2019-10-15 03:51:01,150 [IPC Server handler 3 on 36277] INFO  net.NetworkTopology (NetworkTopologyImpl.java:add(111)) - Added a new node: /default-rack/7a3f8abb-79c4-4d5e-8346-45ba7cf38691
2019-10-15 03:51:01,151 [IPC Server handler 3 on 36277] INFO  node.SCMNodeManager (SCMNodeManager.java:register(268)) - Registered Data node : 7a3f8abb-79c4-4d5e-8346-45ba7cf38691{ip: 192.168.151.112, host: pr-hdds-2194-gpqhj-1713016619, networkLocation: /default-rack, certSerialId: null}
2019-10-15 03:51:01,219 [IPC Server handler 5 on 36277] INFO  net.NetworkTopology (NetworkTopologyImpl.java:add(111)) - Added a new node: /default-rack/cb078210-d8fb-4a38-a9bc-8272e5f5dfbb
2019-10-15 03:51:01,219 [IPC Server handler 5 on 36277] INFO  node.SCMNodeManager (SCMNodeManager.java:register(268)) - Registered Data node : cb078210-d8fb-4a38-a9bc-8272e5f5dfbb{ip: 192.168.151.112, host: pr-hdds-2194-gpqhj-1713016619, networkLocation: /default-rack, certSerialId: null}
2019-10-15 03:51:01,282 [IPC Server handler 4 on 36277] INFO  net.NetworkTopology (NetworkTopologyImpl.java:add(111)) - Added a new node: /default-rack/87cc7840-07ab-4468-a9bb-b42c9b658208
2019-10-15 03:51:01,282 [IPC Server handler 4 on 36277] INFO  node.SCMNodeManager (SCMNodeManager.java:register(268)) - Registered Data node : 87cc7840-07ab-4468-a9bb-b42c9b658208{ip: 192.168.151.112, host: pr-hdds-2194-gpqhj-1713016619, networkLocation: /default-rack, certSerialId: null}
2019-10-15 03:51:01,378 [IPC Server handler 6 on 36277] INFO  net.NetworkTopology (NetworkTopologyImpl.java:add(111)) - Added a new node: /default-rack/52de152f-69b6-4a91-acbe-0116c0f58132
2019-10-15 03:51:01,378 [IPC Server handler 6 on 36277] INFO  node.SCMNodeManager (SCMNodeManager.java:register(268)) - Registered Data node : 52de152f-69b6-4a91-acbe-0116c0f58132{ip: 192.168.151.112, host: pr-hdds-2194-gpqhj-1713016619, networkLocation: /default-rack, certSerialId: null}
2019-10-15 03:51:01,450 [main] INFO  ozone.MiniOzoneClusterImpl (MiniOzoneClusterImpl.java:lambda$waitForClusterToBeReady$0(147)) - Waiting for cluster to be ready. Got 6 of 7 DN Heartbeats.
2019-10-15 03:51:01,450 [IPC Server handler 8 on 36277] INFO  net.NetworkTopology (NetworkTopologyImpl.java:add(111)) - Added a new node: /default-rack/e1a9ec49-11c8-4933-9bf9-1c98ddf237b7
2019-10-15 03:51:01,450 [IPC Server handler 8 on 36277] INFO  node.SCMNodeManager (SCMNodeManager.java:register(268)) - Registered Data node : e1a9ec49-11c8-4933-9bf9-1c98ddf237b7{ip: 192.168.151.112, host: pr-hdds-2194-gpqhj-1713016619, networkLocation: /default-rack, certSerialId: null}
2019-10-15 03:51:01,564 [grpc-default-executor-0] INFO  impl.RaftServerProxy (RaftServerProxy.java:addNew(89)) - 17c6328d-41b2-4f2a-9292-e6afe4664332: addNew group-DF910EF762BC:[17c6328d-41b2-4f2a-9292-e6afe4664332:192.168.151.112:37358] returns group-DF910EF762BC:java.util.concurrent.CompletableFuture@6a4e7822[Not completed]
2019-10-15 03:51:01,579 [pool-27-thread-1] INFO  impl.RaftServerImpl (RaftServerImpl.java:<init>(95)) - 17c6328d-41b2-4f2a-9292-e6afe4664332: new RaftServerImpl for group-DF910EF762BC:[17c6328d-41b2-4f2a-9292-e6afe4664332:192.168.151.112:37358] with ContainerStateMachine:uninitialized
2019-10-15 03:51:01,581 [pool-27-thread-1] INFO  server.RaftServerConfigKeys (ConfUtils.java:logGet(43)) - raft.server.rpc.timeout.min = 5s (custom)
2019-10-15 03:51:01,583 [pool-27-thread-1] INFO  server.RaftServerConfigKeys (ConfUtils.java:logGet(43)) - raft.server.rpc.timeout.max = 5200ms (custom)
2019-10-15 03:51:01,583 [pool-27-thread-1] INFO  server.RaftServerConfigKeys (ConfUtils.java:logGet(43)) - raft.server.rpcslowness.timeout = 120s (custom)
2019-10-15 03:51:01,584 [pool-27-thread-1] INFO  server.RaftServerConfigKeys (ConfUtils.java:logGet(43)) - raft.server.sleep.deviation.threshold = 300 (default)
2019-10-15 03:51:01,585 [pool-27-thread-1] INFO  server.RaftServerConfigKeys (ConfUtils.java:logGet(43)) - raft.server.log.appender.install.snapshot.enabled = false (custom)
2019-10-15 03:51:01,593 [pool-27-thread-1] INFO  impl.RaftServerImpl (ServerState.java:<init>(103)) - 17c6328d-41b2-4f2a-9292-e6afe4664332@group-DF910EF762BC: ConfigurationManager, init=-1: [17c6328d-41b2-4f2a-9292-e6afe4664332:192.168.151.112:37358], old=null, confs=<EMPTY_MAP>
2019-10-15 03:51:01,594 [pool-27-thread-1] INFO  server.RaftServerConfigKeys (ConfUtils.java:logGet(43)) - raft.server.storage.dir = [/workdir/hadoop-ozone/integration-test/target/test-dir/MiniOzoneClusterImpl-db766658-51e8-42c9-a009-09e1693026ad/datanode-0/data/ratis] (custom)
2019-10-15 03:51:01,600 [pool-27-thread-1] INFO  server.RaftServerConfigKeys (ConfUtils.java:logGet(43)) - raft.server.log.corruption.policy = EXCEPTION (default)
2019-10-15 03:51:01,602 [pool-27-thread-1] INFO  storage.RaftStorageDirectory (RaftStorageDirectory.java:analyzeStorage(246)) - The storage directory /workdir/hadoop-ozone/integration-test/target/test-dir/MiniOzoneClusterImpl-db766658-51e8-42c9-a009-09e1693026ad/datanode-0/data/ratis/ad1bddd3-5761-41f0-966d-df910ef762bc does not exist. Creating ...
2019-10-15 03:51:01,635 [pool-27-thread-1] INFO  storage.RaftStorageDirectory (RaftStorageDirectory.java:tryLock(328)) - Lock on /workdir/hadoop-ozone/integration-test/target/test-dir/MiniOzoneClusterImpl-db766658-51e8-42c9-a009-09e1693026ad/datanode-0/data/ratis/ad1bddd3-5761-41f0-966d-df910ef762bc/in_use.lock acquired by nodename 22767@pr-hdds-2194-gpqhj-1713016619
2019-10-15 03:51:01,668 [pool-27-thread-1] INFO  storage.RaftStorage (RaftStorage.java:format(84)) - Storage directory /workdir/hadoop-ozone/integration-test/target/test-dir/MiniOzoneClusterImpl-db766658-51e8-42c9-a009-09e1693026ad/datanode-0/data/ratis/ad1bddd3-5761-41f0-966d-df910ef762bc has been successfully formatted.
2019-10-15 03:51:01,671 [pool-27-thread-1] INFO  ratis.ContainerStateMachine (ContainerStateMachine.java:loadSnapshot(231)) - group-DF910EF762BC: The snapshot info is null. Setting the last applied indexto:(t:0, i:~)
2019-10-15 03:51:01,672 [pool-27-thread-1] INFO  server.RaftServerConfigKeys (ConfUtils.java:logGet(43)) - raft.server.notification.no-leader.timeout = 120s (custom)
2019-10-15 03:51:01,674 [pool-27-thread-1] INFO  server.RaftServerConfigKeys (ConfUtils.java:logGet(43)) - raft.server.log.use.memory = false (default)
2019-10-15 03:51:01,679 [pool-27-thread-1] INFO  server.RaftServerConfigKeys (ConfUtils.java:logGet(43)) - raft.server.log.purge.gap = 1000000 (custom)
2019-10-15 03:51:01,680 [pool-27-thread-1] INFO  server.RaftServerConfigKeys (ConfUtils.java:logGet(43)) - raft.server.log.appender.buffer.byte-limit = 33554432 (custom)
2019-10-15 03:51:01,681 [pool-27-thread-1] INFO  server.RaftServerConfigKeys (ConfUtils.java:logGet(43)) - raft.server.log.segment.size.max = 1048576 (custom)
2019-10-15 03:51:01,683 [pool-27-thread-1] INFO  impl.MetricsSystemImpl (MetricsSystemImpl.java:init(158)) - ratis metrics system started (again)
2019-10-15 03:51:01,686 [pool-27-thread-1] INFO  metrics.MetricRegistries (MetricRegistriesLoader.java:load(64)) - Loaded MetricRegistries class org.apache.ratis.metrics.impl.MetricRegistriesImpl
2019-10-15 03:51:01,742 [pool-27-thread-1] INFO  server.RaftServerConfigKeys (ConfUtils.java:logGet(43)) - raft.server.log.segment.cache.num.max = 2 (custom)
2019-10-15 03:51:01,749 [pool-27-thread-1] INFO  segmented.SegmentedRaftLogWorker (SegmentedRaftLogWorker.java:<init>(173)) - new 17c6328d-41b2-4f2a-9292-e6afe4664332@group-DF910EF762BC-SegmentedRaftLogWorker for RaftStorage:Storage Directory /workdir/hadoop-ozone/integration-test/target/test-dir/MiniOzoneClusterImpl-db766658-51e8-42c9-a009-09e1693026ad/datanode-0/data/ratis/ad1bddd3-5761-41f0-966d-df910ef762bc
2019-10-15 03:51:01,750 [pool-27-thread-1] INFO  server.RaftServerConfigKeys (ConfUtils.java:logGet(43)) - raft.server.log.queue.byte-limit = 2147483647 (custom)
2019-10-15 03:51:01,751 [pool-27-thread-1] INFO  server.RaftServerConfigKeys (ConfUtils.java:logGet(43)) - raft.server.log.queue.element-limit = 1024 (custom)
2019-10-15 03:51:01,752 [pool-27-thread-1] INFO  server.RaftServerConfigKeys (ConfUtils.java:logGet(43)) - raft.server.log.segment.size.max = 1048576 (custom)
2019-10-15 03:51:01,753 [pool-27-thread-1] INFO  server.RaftServerConfigKeys (ConfUtils.java:logGet(43)) - raft.server.log.preallocated.size = 16384 (custom)
2019-10-15 03:51:01,753 [pool-27-thread-1] INFO  server.RaftServerConfigKeys (ConfUtils.java:logGet(43)) - raft.server.log.write.buffer.size = 33554432 (custom)
2019-10-15 03:51:01,754 [pool-27-thread-1] INFO  server.RaftServerConfigKeys (ConfUtils.java:logGet(43)) - raft.server.log.force.sync.num = 128 (default)
2019-10-15 03:51:01,755 [pool-27-thread-1] INFO  server.RaftServerConfigKeys (ConfUtils.java:logGet(43)) - raft.server.log.statemachine.data.sync = true (default)
2019-10-15 03:51:01,755 [pool-27-thread-1] INFO  server.RaftServerConfigKeys (ConfUtils.java:logGet(43)) - raft.server.log.statemachine.data.sync.timeout = 10s (default)
2019-10-15 03:51:01,756 [pool-27-thread-1] INFO  server.RaftServerConfigKeys (ConfUtils.java:logGet(43)) - raft.server.log.statemachine.data.sync.timeout.retry = -1 (default)
2019-10-15 03:51:01,769 [pool-27-thread-1] INFO  server.RaftServerConfigKeys (ConfUtils.java:logGet(43)) - raft.server.log.statemachine.data.caching.enabled = true (custom)
2019-10-15 03:51:01,775 [pool-27-thread-1] INFO  segmented.SegmentedRaftLogWorker (SegmentedRaftLogWorker.java:lambda$new$0(128)) - 17c6328d-41b2-4f2a-9292-e6afe4664332@group-DF910EF762BC-SegmentedRaftLogWorker: flushIndex: setUnconditionally 0 -> -1
2019-10-15 03:51:01,779 [pool-27-thread-1] INFO  server.RaftServerConfigKeys (ConfUtils.java:logGet(43)) - raft.server.snapshot.auto.trigger.enabled = true (custom)
2019-10-15 03:51:01,780 [pool-27-thread-1] INFO  server.RaftServerConfigKeys (ConfUtils.java:logGet(43)) - raft.server.snapshot.auto.trigger.threshold = 10000 (custom)
2019-10-15 03:51:01,781 [pool-27-thread-1] INFO  server.RaftServerConfigKeys (ConfUtils.java:logGet(43)) - raft.server.snapshot.retention.file.num = 5 (custom)
2019-10-15 03:51:01,781 [pool-27-thread-1] INFO  server.RaftServerConfigKeys (ConfUtils.java:logGet(43)) - raft.server.retrycache.expirytime = 600000ms (custom)
2019-10-15 03:51:01,810 [pool-27-thread-1] INFO  impl.RaftServerImpl (RaftServerImpl.java:start(181)) - 17c6328d-41b2-4f2a-9292-e6afe4664332@group-DF910EF762BC: start as a follower, conf=-1: [17c6328d-41b2-4f2a-9292-e6afe4664332:192.168.151.112:37358], old=null
2019-10-15 03:51:01,811 [pool-27-thread-1] INFO  impl.RaftServerImpl (RaftServerImpl.java:setRole(170)) - 17c6328d-41b2-4f2a-9292-e6afe4664332@group-DF910EF762BC: changes role from      null to FOLLOWER at term 0 for startAsFollower
2019-10-15 03:51:01,812 [pool-27-thread-1] INFO  impl.RoleInfo (RoleInfo.java:updateAndGet(143)) - 17c6328d-41b2-4f2a-9292-e6afe4664332: start FollowerState
2019-10-15 03:51:01,814 [pool-27-thread-1] INFO  util.JmxRegister (JmxRegister.java:tryRegister(44)) - Successfully registered JMX Bean with object name Ratis:service=RaftServer,group=group-DF910EF762BC,id=17c6328d-41b2-4f2a-9292-e6afe4664332
2019-10-15 03:51:01,940 [RatisPipelineUtilsThread] INFO  pipeline.PipelineStateManager (PipelineStateManager.java:addPipeline(56)) - Created pipeline Pipeline[ Id: ad1bddd3-5761-41f0-966d-df910ef762bc, Nodes: 17c6328d-41b2-4f2a-9292-e6afe4664332{ip: 192.168.151.112, host: pr-hdds-2194-gpqhj-1713016619, networkLocation: /default-rack, certSerialId: null}, Type:RATIS, Factor:ONE, State:OPEN]
2019-10-15 03:51:02,003 [grpc-default-executor-0] INFO  impl.RaftServerProxy (RaftServerProxy.java:addNew(89)) - 7a3f8abb-79c4-4d5e-8346-45ba7cf38691: addNew group-6A846AC00D1F:[7a3f8abb-79c4-4d5e-8346-45ba7cf38691:192.168.151.112:46575] returns group-6A846AC00D1F:java.util.concurrent.CompletableFuture@6b3f5d07[Not completed]
2019-10-15 03:51:02,047 [pool-47-thread-1] INFO  impl.RaftServerImpl (RaftServerImpl.java:<init>(95)) - 7a3f8abb-79c4-4d5e-8346-45ba7cf38691: new RaftServerImpl for group-6A846AC00D1F:[7a3f8abb-79c4-4d5e-8346-45ba7cf38691:192.168.151.112:46575] with ContainerStateMachine:uninitialized
2019-10-15 03:51:02,049 [pool-47-thread-1] INFO  server.RaftServerConfigKeys (ConfUtils.java:logGet(43)) - raft.server.rpc.timeout.min = 5s (custom)
2019-10-15 03:51:02,049 [pool-47-thread-1] INFO  server.RaftServerConfigKeys (ConfUtils.java:logGet(43)) - raft.server.rpc.timeout.max = 5200ms (custom)
2019-10-15 03:51:02,049 [pool-47-thread-1] INFO  server.RaftServerConfigKeys (ConfUtils.java:logGet(43)) - raft.server.rpcslowness.timeout = 120s (custom)
2019-10-15 03:51:02,049 [pool-47-thread-1] INFO  server.RaftServerConfigKeys (ConfUtils.java:logGet(43)) - raft.server.sleep.deviation.threshold = 300 (default)
2019-10-15 03:51:02,049 [pool-47-thread-1] INFO  server.RaftServerConfigKeys (ConfUtils.java:logGet(43)) - raft.server.log.appender.install.snapshot.enabled = false (custom)
2019-10-15 03:51:02,049 [pool-47-thread-1] INFO  impl.RaftServerImpl (ServerState.java:<init>(103)) - 7a3f8abb-79c4-4d5e-8346-45ba7cf38691@group-6A846AC00D1F: ConfigurationManager, init=-1: [7a3f8abb-79c4-4d5e-8346-45ba7cf38691:192.168.151.112:46575], old=null, confs=<EMPTY_MAP>
2019-10-15 03:51:02,049 [pool-47-thread-1] INFO  server.RaftServerConfigKeys (ConfUtils.java:logGet(43)) - raft.server.storage.dir = [/workdir/hadoop-ozone/integration-test/target/test-dir/MiniOzoneClusterImpl-db766658-51e8-42c9-a009-09e1693026ad/datanode-2/data/ratis] (custom)
2019-10-15 03:51:02,050 [pool-47-thread-1] INFO  server.RaftServerConfigKeys (ConfUtils.java:logGet(43)) - raft.server.log.corruption.policy = EXCEPTION (default)
2019-10-15 03:51:02,050 [pool-47-thread-1] INFO  storage.RaftStorageDirectory (RaftStorageDirectory.java:analyzeStorage(246)) - The storage directory /workdir/hadoop-ozone/integration-test/target/test-dir/MiniOzoneClusterImpl-db766658-51e8-42c9-a009-09e1693026ad/datanode-2/data/ratis/e7995136-9364-4489-9ef2-6a846ac00d1f does not exist. Creating ...
2019-10-15 03:51:02,077 [pool-47-thread-1] INFO  storage.RaftStorageDirectory (RaftStorageDirectory.java:tryLock(328)) - Lock on /workdir/hadoop-ozone/integration-test/target/test-dir/MiniOzoneClusterImpl-db766658-51e8-42c9-a009-09e1693026ad/datanode-2/data/ratis/e7995136-9364-4489-9ef2-6a846ac00d1f/in_use.lock acquired by nodename 22767@pr-hdds-2194-gpqhj-1713016619
2019-10-15 03:51:02,103 [pool-47-thread-1] INFO  storage.RaftStorage (RaftStorage.java:format(84)) - Storage directory /workdir/hadoop-ozone/integration-test/target/test-dir/MiniOzoneClusterImpl-db766658-51e8-42c9-a009-09e1693026ad/datanode-2/data/ratis/e7995136-9364-4489-9ef2-6a846ac00d1f has been successfully formatted.
2019-10-15 03:51:02,105 [pool-47-thread-1] INFO  ratis.ContainerStateMachine (ContainerStateMachine.java:loadSnapshot(231)) - group-6A846AC00D1F: The snapshot info is null. Setting the last applied indexto:(t:0, i:~)
2019-10-15 03:51:02,106 [pool-47-thread-1] INFO  server.RaftServerConfigKeys (ConfUtils.java:logGet(43)) - raft.server.notification.no-leader.timeout = 120s (custom)
2019-10-15 03:51:02,106 [pool-47-thread-1] INFO  server.RaftServerConfigKeys (ConfUtils.java:logGet(43)) - raft.server.log.use.memory = false (default)
2019-10-15 03:51:02,106 [pool-47-thread-1] INFO  server.RaftServerConfigKeys (ConfUtils.java:logGet(43)) - raft.server.log.purge.gap = 1000000 (custom)
2019-10-15 03:51:02,106 [pool-47-thread-1] INFO  server.RaftServerConfigKeys (ConfUtils.java:logGet(43)) - raft.server.log.appender.buffer.byte-limit = 33554432 (custom)
2019-10-15 03:51:02,106 [pool-47-thread-1] INFO  server.RaftServerConfigKeys (ConfUtils.java:logGet(43)) - raft.server.log.segment.size.max = 1048576 (custom)
2019-10-15 03:51:02,110 [pool-47-thread-1] INFO  server.RaftServerConfigKeys (ConfUtils.java:logGet(43)) - raft.server.log.segment.cache.num.max = 2 (custom)
2019-10-15 03:51:02,110 [pool-47-thread-1] INFO  segmented.SegmentedRaftLogWorker (SegmentedRaftLogWorker.java:<init>(173)) - new 7a3f8abb-79c4-4d5e-8346-45ba7cf38691@group-6A846AC00D1F-SegmentedRaftLogWorker for RaftStorage:Storage Directory /workdir/hadoop-ozone/integration-test/target/test-dir/MiniOzoneClusterImpl-db766658-51e8-42c9-a009-09e1693026ad/datanode-2/data/ratis/e7995136-9364-4489-9ef2-6a846ac00d1f
2019-10-15 03:51:02,112 [pool-47-thread-1] INFO  server.RaftServerConfigKeys (ConfUtils.java:logGet(43)) - raft.server.log.queue.byte-limit = 2147483647 (custom)
2019-10-15 03:51:02,112 [pool-47-thread-1] INFO  server.RaftServerConfigKeys (ConfUtils.java:logGet(43)) - raft.server.log.queue.element-limit = 1024 (custom)
2019-10-15 03:51:02,112 [pool-47-thread-1] INFO  server.RaftServerConfigKeys (ConfUtils.java:logGet(43)) - raft.server.log.segment.size.max = 1048576 (custom)
2019-10-15 03:51:02,112 [pool-47-thread-1] INFO  server.RaftServerConfigKeys (ConfUtils.java:logGet(43)) - raft.server.log.preallocated.size = 16384 (custom)
2019-10-15 03:51:02,112 [pool-47-thread-1] INFO  server.RaftServerConfigKeys (ConfUtils.java:logGet(43)) - raft.server.log.write.buffer.size = 33554432 (custom)
2019-10-15 03:51:02,112 [pool-47-thread-1] INFO  server.RaftServerConfigKeys (ConfUtils.java:logGet(43)) - raft.server.log.force.sync.num = 128 (default)
2019-10-15 03:51:02,112 [pool-47-thread-1] INFO  server.RaftServerConfigKeys (ConfUtils.java:logGet(43)) - raft.server.log.statemachine.data.sync = true (default)
2019-10-15 03:51:02,112 [pool-47-thread-1] INFO  server.RaftServerConfigKeys (ConfUtils.java:logGet(43)) - raft.server.log.statemachine.data.sync.timeout = 10s (default)
2019-10-15 03:51:02,112 [pool-47-thread-1] INFO  server.RaftServerConfigKeys (ConfUtils.java:logGet(43)) - raft.server.log.statemachine.data.sync.timeout.retry = -1 (default)
2019-10-15 03:51:02,113 [pool-47-thread-1] INFO  server.RaftServerConfigKeys (ConfUtils.java:logGet(43)) - raft.server.log.statemachine.data.caching.enabled = true (custom)
2019-10-15 03:51:02,113 [pool-47-thread-1] INFO  segmented.SegmentedRaftLogWorker (SegmentedRaftLogWorker.java:lambda$new$0(128)) - 7a3f8abb-79c4-4d5e-8346-45ba7cf38691@group-6A846AC00D1F-SegmentedRaftLogWorker: flushIndex: setUnconditionally 0 -> -1
2019-10-15 03:51:02,114 [pool-47-thread-1] INFO  server.RaftServerConfigKeys (ConfUtils.java:logGet(43)) - raft.server.snapshot.auto.trigger.enabled = true (custom)
2019-10-15 03:51:02,114 [pool-47-thread-1] INFO  server.RaftServerConfigKeys (ConfUtils.java:logGet(43)) - raft.server.snapshot.auto.trigger.threshold = 10000 (custom)
2019-10-15 03:51:02,114 [pool-47-thread-1] INFO  server.RaftServerConfigKeys (ConfUtils.java:logGet(43)) - raft.server.snapshot.retention.file.num = 5 (custom)
2019-10-15 03:51:02,114 [pool-47-thread-1] INFO  server.RaftServerConfigKeys (ConfUtils.java:logGet(43)) - raft.server.retrycache.expirytime = 600000ms (custom)
2019-10-15 03:51:02,117 [pool-47-thread-1] INFO  impl.RaftServerImpl (RaftServerImpl.java:start(181)) - 7a3f8abb-79c4-4d5e-8346-45ba7cf38691@group-6A846AC00D1F: start as a follower, conf=-1: [7a3f8abb-79c4-4d5e-8346-45ba7cf38691:192.168.151.112:46575], old=null
2019-10-15 03:51:02,118 [pool-47-thread-1] INFO  impl.RaftServerImpl (RaftServerImpl.java:setRole(170)) - 7a3f8abb-79c4-4d5e-8346-45ba7cf38691@group-6A846AC00D1F: changes role from      null to FOLLOWER at term 0 for startAsFollower
2019-10-15 03:51:02,118 [pool-47-thread-1] INFO  impl.RoleInfo (RoleInfo.java:updateAndGet(143)) - 7a3f8abb-79c4-4d5e-8346-45ba7cf38691: start FollowerState
2019-10-15 03:51:02,119 [pool-47-thread-1] INFO  util.JmxRegister (JmxRegister.java:tryRegister(44)) - Successfully registered JMX Bean with object name Ratis:service=RaftServer,group=group-6A846AC00D1F,id=7a3f8abb-79c4-4d5e-8346-45ba7cf38691
2019-10-15 03:51:02,135 [RatisPipelineUtilsThread] INFO  pipeline.PipelineStateManager (PipelineStateManager.java:addPipeline(56)) - Created pipeline Pipeline[ Id: e7995136-9364-4489-9ef2-6a846ac00d1f, Nodes: 7a3f8abb-79c4-4d5e-8346-45ba7cf38691{ip: 192.168.151.112, host: pr-hdds-2194-gpqhj-1713016619, networkLocation: /default-rack, certSerialId: null}, Type:RATIS, Factor:ONE, State:OPEN]
2019-10-15 03:51:02,165 [grpc-default-executor-0] INFO  impl.RaftServerProxy (RaftServerProxy.java:addNew(89)) - cb078210-d8fb-4a38-a9bc-8272e5f5dfbb: addNew group-AE2B818539B5:[cb078210-d8fb-4a38-a9bc-8272e5f5dfbb:192.168.151.112:39848] returns group-AE2B818539B5:java.util.concurrent.CompletableFuture@31b5545c[Not completed]
2019-10-15 03:51:02,211 [pool-57-thread-1] INFO  impl.RaftServerImpl (RaftServerImpl.java:<init>(95)) - cb078210-d8fb-4a38-a9bc-8272e5f5dfbb: new RaftServerImpl for group-AE2B818539B5:[cb078210-d8fb-4a38-a9bc-8272e5f5dfbb:192.168.151.112:39848] with ContainerStateMachine:uninitialized
2019-10-15 03:51:02,211 [pool-57-thread-1] INFO  server.RaftServerConfigKeys (ConfUtils.java:logGet(43)) - raft.server.rpc.timeout.min = 5s (custom)
2019-10-15 03:51:02,211 [pool-57-thread-1] INFO  server.RaftServerConfigKeys (ConfUtils.java:logGet(43)) - raft.server.rpc.timeout.max = 5200ms (custom)
2019-10-15 03:51:02,211 [pool-57-thread-1] INFO  server.RaftServerConfigKeys (ConfUtils.java:logGet(43)) - raft.server.rpcslowness.timeout = 120s (custom)
2019-10-15 03:51:02,211 [pool-57-thread-1] INFO  server.RaftServerConfigKeys (ConfUtils.java:logGet(43)) - raft.server.sleep.deviation.threshold = 300 (default)
2019-10-15 03:51:02,211 [pool-57-thread-1] INFO  server.RaftServerConfigKeys (ConfUtils.java:logGet(43)) - raft.server.log.appender.install.snapshot.enabled = false (custom)
2019-10-15 03:51:02,212 [pool-57-thread-1] INFO  impl.RaftServerImpl (ServerState.java:<init>(103)) - cb078210-d8fb-4a38-a9bc-8272e5f5dfbb@group-AE2B818539B5: ConfigurationManager, init=-1: [cb078210-d8fb-4a38-a9bc-8272e5f5dfbb:192.168.151.112:39848], old=null, confs=<EMPTY_MAP>
2019-10-15 03:51:02,212 [pool-57-thread-1] INFO  server.RaftServerConfigKeys (ConfUtils.java:logGet(43)) - raft.server.storage.dir = [/workdir/hadoop-ozone/integration-test/target/test-dir/MiniOzoneClusterImpl-db766658-51e8-42c9-a009-09e1693026ad/datanode-3/data/ratis] (custom)
2019-10-15 03:51:02,213 [pool-57-thread-1] INFO  server.RaftServerConfigKeys (ConfUtils.java:logGet(43)) - raft.server.log.corruption.policy = EXCEPTION (default)
2019-10-15 03:51:02,213 [pool-57-thread-1] INFO  storage.RaftStorageDirectory (RaftStorageDirectory.java:analyzeStorage(246)) - The storage directory /workdir/hadoop-ozone/integration-test/target/test-dir/MiniOzoneClusterImpl-db766658-51e8-42c9-a009-09e1693026ad/datanode-3/data/ratis/b7b1c4d0-6693-4a3a-b1c3-ae2b818539b5 does not exist. Creating ...
2019-10-15 03:51:02,254 [pool-57-thread-1] INFO  storage.RaftStorageDirectory (RaftStorageDirectory.java:tryLock(328)) - Lock on /workdir/hadoop-ozone/integration-test/target/test-dir/MiniOzoneClusterImpl-db766658-51e8-42c9-a009-09e1693026ad/datanode-3/data/ratis/b7b1c4d0-6693-4a3a-b1c3-ae2b818539b5/in_use.lock acquired by nodename 22767@pr-hdds-2194-gpqhj-1713016619
2019-10-15 03:51:02,288 [pool-57-thread-1] INFO  storage.RaftStorage (RaftStorage.java:format(84)) - Storage directory /workdir/hadoop-ozone/integration-test/target/test-dir/MiniOzoneClusterImpl-db766658-51e8-42c9-a009-09e1693026ad/datanode-3/data/ratis/b7b1c4d0-6693-4a3a-b1c3-ae2b818539b5 has been successfully formatted.
2019-10-15 03:51:02,288 [pool-57-thread-1] INFO  ratis.ContainerStateMachine (ContainerStateMachine.java:loadSnapshot(231)) - group-AE2B818539B5: The snapshot info is null. Setting the last applied indexto:(t:0, i:~)
2019-10-15 03:51:02,288 [pool-57-thread-1] INFO  server.RaftServerConfigKeys (ConfUtils.java:logGet(43)) - raft.server.notification.no-leader.timeout = 120s (custom)
2019-10-15 03:51:02,288 [pool-57-thread-1] INFO  server.RaftServerConfigKeys (ConfUtils.java:logGet(43)) - raft.server.log.use.memory = false (default)
2019-10-15 03:51:02,289 [pool-57-thread-1] INFO  server.RaftServerConfigKeys (ConfUtils.java:logGet(43)) - raft.server.log.purge.gap = 1000000 (custom)
2019-10-15 03:51:02,289 [pool-57-thread-1] INFO  server.RaftServerConfigKeys (ConfUtils.java:logGet(43)) - raft.server.log.appender.buffer.byte-limit = 33554432 (custom)
2019-10-15 03:51:02,289 [pool-57-thread-1] INFO  server.RaftServerConfigKeys (ConfUtils.java:logGet(43)) - raft.server.log.segment.size.max = 1048576 (custom)
2019-10-15 03:51:02,332 [pool-57-thread-1] INFO  server.RaftServerConfigKeys (ConfUtils.java:logGet(43)) - raft.server.log.segment.cache.num.max = 2 (custom)
2019-10-15 03:51:02,332 [pool-57-thread-1] INFO  segmented.SegmentedRaftLogWorker (SegmentedRaftLogWorker.java:<init>(173)) - new cb078210-d8fb-4a38-a9bc-8272e5f5dfbb@group-AE2B818539B5-SegmentedRaftLogWorker for RaftStorage:Storage Directory /workdir/hadoop-ozone/integration-test/target/test-dir/MiniOzoneClusterImpl-db766658-51e8-42c9-a009-09e1693026ad/datanode-3/data/ratis/b7b1c4d0-6693-4a3a-b1c3-ae2b818539b5
2019-10-15 03:51:02,332 [pool-57-thread-1] INFO  server.RaftServerConfigKeys (ConfUtils.java:logGet(43)) - raft.server.log.queue.byte-limit = 2147483647 (custom)
2019-10-15 03:51:02,332 [pool-57-thread-1] INFO  server.RaftServerConfigKeys (ConfUtils.java:logGet(43)) - raft.server.log.queue.element-limit = 1024 (custom)
2019-10-15 03:51:02,332 [pool-57-thread-1] INFO  server.RaftServerConfigKeys (ConfUtils.java:logGet(43)) - raft.server.log.segment.size.max = 1048576 (custom)
2019-10-15 03:51:02,333 [pool-57-thread-1] INFO  server.RaftServerConfigKeys (ConfUtils.java:logGet(43)) - raft.server.log.preallocated.size = 16384 (custom)
2019-10-15 03:51:02,333 [pool-57-thread-1] INFO  server.RaftServerConfigKeys (ConfUtils.java:logGet(43)) - raft.server.log.write.buffer.size = 33554432 (custom)
2019-10-15 03:51:02,333 [pool-57-thread-1] INFO  server.RaftServerConfigKeys (ConfUtils.java:logGet(43)) - raft.server.log.force.sync.num = 128 (default)
2019-10-15 03:51:02,333 [pool-57-thread-1] INFO  server.RaftServerConfigKeys (ConfUtils.java:logGet(43)) - raft.server.log.statemachine.data.sync = true (default)
2019-10-15 03:51:02,333 [pool-57-thread-1] INFO  server.RaftServerConfigKeys (ConfUtils.java:logGet(43)) - raft.server.log.statemachine.data.sync.timeout = 10s (default)
2019-10-15 03:51:02,333 [pool-57-thread-1] INFO  server.RaftServerConfigKeys (ConfUtils.java:logGet(43)) - raft.server.log.statemachine.data.sync.timeout.retry = -1 (default)
2019-10-15 03:51:02,334 [pool-57-thread-1] INFO  server.RaftServerConfigKeys (ConfUtils.java:logGet(43)) - raft.server.log.statemachine.data.caching.enabled = true (custom)
2019-10-15 03:51:02,334 [pool-57-thread-1] INFO  segmented.SegmentedRaftLogWorker (SegmentedRaftLogWorker.java:lambda$new$0(128)) - cb078210-d8fb-4a38-a9bc-8272e5f5dfbb@group-AE2B818539B5-SegmentedRaftLogWorker: flushIndex: setUnconditionally 0 -> -1
2019-10-15 03:51:02,335 [pool-57-thread-1] INFO  server.RaftServerConfigKeys (ConfUtils.java:logGet(43)) - raft.server.snapshot.auto.trigger.enabled = true (custom)
2019-10-15 03:51:02,335 [pool-57-thread-1] INFO  server.RaftServerConfigKeys (ConfUtils.java:logGet(43)) - raft.server.snapshot.auto.trigger.threshold = 10000 (custom)
2019-10-15 03:51:02,335 [pool-57-thread-1] INFO  server.RaftServerConfigKeys (ConfUtils.java:logGet(43)) - raft.server.snapshot.retention.file.num = 5 (custom)
2019-10-15 03:51:02,335 [pool-57-thread-1] INFO  server.RaftServerConfigKeys (ConfUtils.java:logGet(43)) - raft.server.retrycache.expirytime = 600000ms (custom)
2019-10-15 03:51:02,340 [pool-57-thread-1] INFO  impl.RaftServerImpl (RaftServerImpl.java:start(181)) - cb078210-d8fb-4a38-a9bc-8272e5f5dfbb@group-AE2B818539B5: start as a follower, conf=-1: [cb078210-d8fb-4a38-a9bc-8272e5f5dfbb:192.168.151.112:39848], old=null
2019-10-15 03:51:02,340 [pool-57-thread-1] INFO  impl.RaftServerImpl (RaftServerImpl.java:setRole(170)) - cb078210-d8fb-4a38-a9bc-8272e5f5dfbb@group-AE2B818539B5: changes role from      null to FOLLOWER at term 0 for startAsFollower
2019-10-15 03:51:02,340 [pool-57-thread-1] INFO  impl.RoleInfo (RoleInfo.java:updateAndGet(143)) - cb078210-d8fb-4a38-a9bc-8272e5f5dfbb: start FollowerState
2019-10-15 03:51:02,341 [pool-57-thread-1] INFO  util.JmxRegister (JmxRegister.java:tryRegister(44)) - Successfully registered JMX Bean with object name Ratis:service=RaftServer,group=group-AE2B818539B5,id=cb078210-d8fb-4a38-a9bc-8272e5f5dfbb
2019-10-15 03:51:02,357 [RatisPipelineUtilsThread] INFO  pipeline.PipelineStateManager (PipelineStateManager.java:addPipeline(56)) - Created pipeline Pipeline[ Id: b7b1c4d0-6693-4a3a-b1c3-ae2b818539b5, Nodes: cb078210-d8fb-4a38-a9bc-8272e5f5dfbb{ip: 192.168.151.112, host: pr-hdds-2194-gpqhj-1713016619, networkLocation: /default-rack, certSerialId: null}, Type:RATIS, Factor:ONE, State:OPEN]
2019-10-15 03:51:02,374 [grpc-default-executor-0] INFO  impl.RaftServerProxy (RaftServerProxy.java:addNew(89)) - 87cc7840-07ab-4468-a9bb-b42c9b658208: addNew group-2AE73BF22A21:[87cc7840-07ab-4468-a9bb-b42c9b658208:192.168.151.112:34751] returns group-2AE73BF22A21:java.util.concurrent.CompletableFuture@3db744e2[Not completed]
2019-10-15 03:51:02,378 [pool-67-thread-1] INFO  impl.RaftServerImpl (RaftServerImpl.java:<init>(95)) - 87cc7840-07ab-4468-a9bb-b42c9b658208: new RaftServerImpl for group-2AE73BF22A21:[87cc7840-07ab-4468-a9bb-b42c9b658208:192.168.151.112:34751] with ContainerStateMachine:uninitialized
2019-10-15 03:51:02,378 [pool-67-thread-1] INFO  server.RaftServerConfigKeys (ConfUtils.java:logGet(43)) - raft.server.rpc.timeout.min = 5s (custom)
2019-10-15 03:51:02,378 [pool-67-thread-1] INFO  server.RaftServerConfigKeys (ConfUtils.java:logGet(43)) - raft.server.rpc.timeout.max = 5200ms (custom)
2019-10-15 03:51:02,378 [pool-67-thread-1] INFO  server.RaftServerConfigKeys (ConfUtils.java:logGet(43)) - raft.server.rpcslowness.timeout = 120s (custom)
2019-10-15 03:51:02,379 [pool-67-thread-1] INFO  server.RaftServerConfigKeys (ConfUtils.java:logGet(43)) - raft.server.sleep.deviation.threshold = 300 (default)
2019-10-15 03:51:02,379 [pool-67-thread-1] INFO  server.RaftServerConfigKeys (ConfUtils.java:logGet(43)) - raft.server.log.appender.install.snapshot.enabled = false (custom)
2019-10-15 03:51:02,379 [pool-67-thread-1] INFO  impl.RaftServerImpl (ServerState.java:<init>(103)) - 87cc7840-07ab-4468-a9bb-b42c9b658208@group-2AE73BF22A21: ConfigurationManager, init=-1: [87cc7840-07ab-4468-a9bb-b42c9b658208:192.168.151.112:34751], old=null, confs=<EMPTY_MAP>
2019-10-15 03:51:02,379 [pool-67-thread-1] INFO  server.RaftServerConfigKeys (ConfUtils.java:logGet(43)) - raft.server.storage.dir = [/workdir/hadoop-ozone/integration-test/target/test-dir/MiniOzoneClusterImpl-db766658-51e8-42c9-a009-09e1693026ad/datanode-4/data/ratis] (custom)
2019-10-15 03:51:02,380 [pool-67-thread-1] INFO  server.RaftServerConfigKeys (ConfUtils.java:logGet(43)) - raft.server.log.corruption.policy = EXCEPTION (default)
2019-10-15 03:51:02,380 [pool-67-thread-1] INFO  storage.RaftStorageDirectory (RaftStorageDirectory.java:analyzeStorage(246)) - The storage directory /workdir/hadoop-ozone/integration-test/target/test-dir/MiniOzoneClusterImpl-db766658-51e8-42c9-a009-09e1693026ad/datanode-4/data/ratis/233c8da4-d4a9-445f-a54e-2ae73bf22a21 does not exist. Creating ...
2019-10-15 03:51:02,446 [pool-67-thread-1] INFO  storage.RaftStorageDirectory (RaftStorageDirectory.java:tryLock(328)) - Lock on /workdir/hadoop-ozone/integration-test/target/test-dir/MiniOzoneClusterImpl-db766658-51e8-42c9-a009-09e1693026ad/datanode-4/data/ratis/233c8da4-d4a9-445f-a54e-2ae73bf22a21/in_use.lock acquired by nodename 22767@pr-hdds-2194-gpqhj-1713016619
2019-10-15 03:51:02,450 [main] INFO  ozone.MiniOzoneClusterImpl (MiniOzoneClusterImpl.java:lambda$waitForClusterToBeReady$0(147)) - Cluster is ready. Got 7 of 7 DN Heartbeats.
2019-10-15 03:51:02,489 [pool-67-thread-1] INFO  storage.RaftStorage (RaftStorage.java:format(84)) - Storage directory /workdir/hadoop-ozone/integration-test/target/test-dir/MiniOzoneClusterImpl-db766658-51e8-42c9-a009-09e1693026ad/datanode-4/data/ratis/233c8da4-d4a9-445f-a54e-2ae73bf22a21 has been successfully formatted.
2019-10-15 03:51:02,489 [pool-67-thread-1] INFO  ratis.ContainerStateMachine (ContainerStateMachine.java:loadSnapshot(231)) - group-2AE73BF22A21: The snapshot info is null. Setting the last applied indexto:(t:0, i:~)
2019-10-15 03:51:02,490 [pool-67-thread-1] INFO  server.RaftServerConfigKeys (ConfUtils.java:logGet(43)) - raft.server.notification.no-leader.timeout = 120s (custom)
2019-10-15 03:51:02,490 [pool-67-thread-1] INFO  server.RaftServerConfigKeys (ConfUtils.java:logGet(43)) - raft.server.log.use.memory = false (default)
2019-10-15 03:51:02,490 [pool-67-thread-1] INFO  server.RaftServerConfigKeys (ConfUtils.java:logGet(43)) - raft.server.log.purge.gap = 1000000 (custom)
2019-10-15 03:51:02,490 [pool-67-thread-1] INFO  server.RaftServerConfigKeys (ConfUtils.java:logGet(43)) - raft.server.log.appender.buffer.byte-limit = 33554432 (custom)
2019-10-15 03:51:02,490 [pool-67-thread-1] INFO  server.RaftServerConfigKeys (ConfUtils.java:logGet(43)) - raft.server.log.segment.size.max = 1048576 (custom)
2019-10-15 03:51:02,496 [pool-67-thread-1] INFO  server.RaftServerConfigKeys (ConfUtils.java:logGet(43)) - raft.server.log.segment.cache.num.max = 2 (custom)
2019-10-15 03:51:02,497 [pool-67-thread-1] INFO  segmented.SegmentedRaftLogWorker (SegmentedRaftLogWorker.java:<init>(173)) - new 87cc7840-07ab-4468-a9bb-b42c9b658208@group-2AE73BF22A21-SegmentedRaftLogWorker for RaftStorage:Storage Directory /workdir/hadoop-ozone/integration-test/target/test-dir/MiniOzoneClusterImpl-db766658-51e8-42c9-a009-09e1693026ad/datanode-4/data/ratis/233c8da4-d4a9-445f-a54e-2ae73bf22a21
2019-10-15 03:51:02,497 [pool-67-thread-1] INFO  server.RaftServerConfigKeys (ConfUtils.java:logGet(43)) - raft.server.log.queue.byte-limit = 2147483647 (custom)
2019-10-15 03:51:02,497 [pool-67-thread-1] INFO  server.RaftServerConfigKeys (ConfUtils.java:logGet(43)) - raft.server.log.queue.element-limit = 1024 (custom)
2019-10-15 03:51:02,497 [pool-67-thread-1] INFO  server.RaftServerConfigKeys (ConfUtils.java:logGet(43)) - raft.server.log.segment.size.max = 1048576 (custom)
2019-10-15 03:51:02,497 [pool-67-thread-1] INFO  server.RaftServerConfigKeys (ConfUtils.java:logGet(43)) - raft.server.log.preallocated.size = 16384 (custom)
2019-10-15 03:51:02,498 [pool-67-thread-1] INFO  server.RaftServerConfigKeys (ConfUtils.java:logGet(43)) - raft.server.log.write.buffer.size = 33554432 (custom)
2019-10-15 03:51:02,498 [pool-67-thread-1] INFO  server.RaftServerConfigKeys (ConfUtils.java:logGet(43)) - raft.server.log.force.sync.num = 128 (default)
2019-10-15 03:51:02,498 [pool-67-thread-1] INFO  server.RaftServerConfigKeys (ConfUtils.java:logGet(43)) - raft.server.log.statemachine.data.sync = true (default)
2019-10-15 03:51:02,498 [pool-67-thread-1] INFO  server.RaftServerConfigKeys (ConfUtils.java:logGet(43)) - raft.server.log.statemachine.data.sync.timeout = 10s (default)
2019-10-15 03:51:02,498 [pool-67-thread-1] INFO  server.RaftServerConfigKeys (ConfUtils.java:logGet(43)) - raft.server.log.statemachine.data.sync.timeout.retry = -1 (default)
2019-10-15 03:51:02,499 [pool-67-thread-1] INFO  server.RaftServerConfigKeys (ConfUtils.java:logGet(43)) - raft.server.log.statemachine.data.caching.enabled = true (custom)
2019-10-15 03:51:02,500 [pool-67-thread-1] INFO  segmented.SegmentedRaftLogWorker (SegmentedRaftLogWorker.java:lambda$new$0(128)) - 87cc7840-07ab-4468-a9bb-b42c9b658208@group-2AE73BF22A21-SegmentedRaftLogWorker: flushIndex: setUnconditionally 0 -> -1
2019-10-15 03:51:02,500 [pool-67-thread-1] INFO  server.RaftServerConfigKeys (ConfUtils.java:logGet(43)) - raft.server.snapshot.auto.trigger.enabled = true (custom)
2019-10-15 03:51:02,500 [pool-67-thread-1] INFO  server.RaftServerConfigKeys (ConfUtils.java:logGet(43)) - raft.server.snapshot.auto.trigger.threshold = 10000 (custom)
2019-10-15 03:51:02,500 [pool-67-thread-1] INFO  server.RaftServerConfigKeys (ConfUtils.java:logGet(43)) - raft.server.snapshot.retention.file.num = 5 (custom)
2019-10-15 03:51:02,501 [pool-67-thread-1] INFO  server.RaftServerConfigKeys (ConfUtils.java:logGet(43)) - raft.server.retrycache.expirytime = 600000ms (custom)
2019-10-15 03:51:02,505 [pool-67-thread-1] INFO  impl.RaftServerImpl (RaftServerImpl.java:start(181)) - 87cc7840-07ab-4468-a9bb-b42c9b658208@group-2AE73BF22A21: start as a follower, conf=-1: [87cc7840-07ab-4468-a9bb-b42c9b658208:192.168.151.112:34751], old=null
2019-10-15 03:51:02,505 [pool-67-thread-1] INFO  impl.RaftServerImpl (RaftServerImpl.java:setRole(170)) - 87cc7840-07ab-4468-a9bb-b42c9b658208@group-2AE73BF22A21: changes role from      null to FOLLOWER at term 0 for startAsFollower
2019-10-15 03:51:02,506 [pool-67-thread-1] INFO  impl.RoleInfo (RoleInfo.java:updateAndGet(143)) - 87cc7840-07ab-4468-a9bb-b42c9b658208: start FollowerState
2019-10-15 03:51:02,506 [pool-67-thread-1] INFO  util.JmxRegister (JmxRegister.java:tryRegister(44)) - Successfully registered JMX Bean with object name Ratis:service=RaftServer,group=group-2AE73BF22A21,id=87cc7840-07ab-4468-a9bb-b42c9b658208
2019-10-15 03:51:02,524 [RatisPipelineUtilsThread] INFO  pipeline.PipelineStateManager (PipelineStateManager.java:addPipeline(56)) - Created pipeline Pipeline[ Id: 233c8da4-d4a9-445f-a54e-2ae73bf22a21, Nodes: 87cc7840-07ab-4468-a9bb-b42c9b658208{ip: 192.168.151.112, host: pr-hdds-2194-gpqhj-1713016619, networkLocation: /default-rack, certSerialId: null}, Type:RATIS, Factor:ONE, State:OPEN]
2019-10-15 03:51:02,544 [grpc-default-executor-0] INFO  impl.RaftServerProxy (RaftServerProxy.java:addNew(89)) - 52de152f-69b6-4a91-acbe-0116c0f58132: addNew group-ECF995BB56B9:[52de152f-69b6-4a91-acbe-0116c0f58132:192.168.151.112:45717] returns group-ECF995BB56B9:java.util.concurrent.CompletableFuture@2be7aa00[Not completed]
2019-10-15 03:51:02,548 [pool-77-thread-1] INFO  impl.RaftServerImpl (RaftServerImpl.java:<init>(95)) - 52de152f-69b6-4a91-acbe-0116c0f58132: new RaftServerImpl for group-ECF995BB56B9:[52de152f-69b6-4a91-acbe-0116c0f58132:192.168.151.112:45717] with ContainerStateMachine:uninitialized
2019-10-15 03:51:02,548 [pool-77-thread-1] INFO  server.RaftServerConfigKeys (ConfUtils.java:logGet(43)) - raft.server.rpc.timeout.min = 5s (custom)
2019-10-15 03:51:02,549 [pool-77-thread-1] INFO  server.RaftServerConfigKeys (ConfUtils.java:logGet(43)) - raft.server.rpc.timeout.max = 5200ms (custom)
2019-10-15 03:51:02,549 [pool-77-thread-1] INFO  server.RaftServerConfigKeys (ConfUtils.java:logGet(43)) - raft.server.rpcslowness.timeout = 120s (custom)
2019-10-15 03:51:02,549 [pool-77-thread-1] INFO  server.RaftServerConfigKeys (ConfUtils.java:logGet(43)) - raft.server.sleep.deviation.threshold = 300 (default)
2019-10-15 03:51:02,549 [pool-77-thread-1] INFO  server.RaftServerConfigKeys (ConfUtils.java:logGet(43)) - raft.server.log.appender.install.snapshot.enabled = false (custom)
2019-10-15 03:51:02,549 [pool-77-thread-1] INFO  impl.RaftServerImpl (ServerState.java:<init>(103)) - 52de152f-69b6-4a91-acbe-0116c0f58132@group-ECF995BB56B9: ConfigurationManager, init=-1: [52de152f-69b6-4a91-acbe-0116c0f58132:192.168.151.112:45717], old=null, confs=<EMPTY_MAP>
2019-10-15 03:51:02,550 [pool-77-thread-1] INFO  server.RaftServerConfigKeys (ConfUtils.java:logGet(43)) - raft.server.storage.dir = [/workdir/hadoop-ozone/integration-test/target/test-dir/MiniOzoneClusterImpl-db766658-51e8-42c9-a009-09e1693026ad/datanode-5/data/ratis] (custom)
2019-10-15 03:51:02,550 [pool-77-thread-1] INFO  server.RaftServerConfigKeys (ConfUtils.java:logGet(43)) - raft.server.log.corruption.policy = EXCEPTION (default)
2019-10-15 03:51:02,550 [pool-77-thread-1] INFO  storage.RaftStorageDirectory (RaftStorageDirectory.java:analyzeStorage(246)) - The storage directory /workdir/hadoop-ozone/integration-test/target/test-dir/MiniOzoneClusterImpl-db766658-51e8-42c9-a009-09e1693026ad/datanode-5/data/ratis/eb6ff111-34d6-42dc-b146-ecf995bb56b9 does not exist. Creating ...
2019-10-15 03:51:02,589 [pool-77-thread-1] INFO  storage.RaftStorageDirectory (RaftStorageDirectory.java:tryLock(328)) - Lock on /workdir/hadoop-ozone/integration-test/target/test-dir/MiniOzoneClusterImpl-db766658-51e8-42c9-a009-09e1693026ad/datanode-5/data/ratis/eb6ff111-34d6-42dc-b146-ecf995bb56b9/in_use.lock acquired by nodename 22767@pr-hdds-2194-gpqhj-1713016619
2019-10-15 03:51:02,614 [pool-77-thread-1] INFO  storage.RaftStorage (RaftStorage.java:format(84)) - Storage directory /workdir/hadoop-ozone/integration-test/target/test-dir/MiniOzoneClusterImpl-db766658-51e8-42c9-a009-09e1693026ad/datanode-5/data/ratis/eb6ff111-34d6-42dc-b146-ecf995bb56b9 has been successfully formatted.
2019-10-15 03:51:02,615 [pool-77-thread-1] INFO  ratis.ContainerStateMachine (ContainerStateMachine.java:loadSnapshot(231)) - group-ECF995BB56B9: The snapshot info is null. Setting the last applied indexto:(t:0, i:~)
2019-10-15 03:51:02,616 [pool-77-thread-1] INFO  server.RaftServerConfigKeys (ConfUtils.java:logGet(43)) - raft.server.notification.no-leader.timeout = 120s (custom)
2019-10-15 03:51:02,617 [pool-77-thread-1] INFO  server.RaftServerConfigKeys (ConfUtils.java:logGet(43)) - raft.server.log.use.memory = false (default)
2019-10-15 03:51:02,617 [pool-77-thread-1] INFO  server.RaftServerConfigKeys (ConfUtils.java:logGet(43)) - raft.server.log.purge.gap = 1000000 (custom)
2019-10-15 03:51:02,617 [pool-77-thread-1] INFO  server.RaftServerConfigKeys (ConfUtils.java:logGet(43)) - raft.server.log.appender.buffer.byte-limit = 33554432 (custom)
2019-10-15 03:51:02,617 [pool-77-thread-1] INFO  server.RaftServerConfigKeys (ConfUtils.java:logGet(43)) - raft.server.log.segment.size.max = 1048576 (custom)
2019-10-15 03:51:02,620 [pool-77-thread-1] INFO  server.RaftServerConfigKeys (ConfUtils.java:logGet(43)) - raft.server.log.segment.cache.num.max = 2 (custom)
2019-10-15 03:51:02,621 [pool-77-thread-1] INFO  segmented.SegmentedRaftLogWorker (SegmentedRaftLogWorker.java:<init>(173)) - new 52de152f-69b6-4a91-acbe-0116c0f58132@group-ECF995BB56B9-SegmentedRaftLogWorker for RaftStorage:Storage Directory /workdir/hadoop-ozone/integration-test/target/test-dir/MiniOzoneClusterImpl-db766658-51e8-42c9-a009-09e1693026ad/datanode-5/data/ratis/eb6ff111-34d6-42dc-b146-ecf995bb56b9
2019-10-15 03:51:02,622 [pool-77-thread-1] INFO  server.RaftServerConfigKeys (ConfUtils.java:logGet(43)) - raft.server.log.queue.byte-limit = 2147483647 (custom)
2019-10-15 03:51:02,622 [pool-77-thread-1] INFO  server.RaftServerConfigKeys (ConfUtils.java:logGet(43)) - raft.server.log.queue.element-limit = 1024 (custom)
2019-10-15 03:51:02,622 [pool-77-thread-1] INFO  server.RaftServerConfigKeys (ConfUtils.java:logGet(43)) - raft.server.log.segment.size.max = 1048576 (custom)
2019-10-15 03:51:02,623 [pool-77-thread-1] INFO  server.RaftServerConfigKeys (ConfUtils.java:logGet(43)) - raft.server.log.preallocated.size = 16384 (custom)
2019-10-15 03:51:02,623 [pool-77-thread-1] INFO  server.RaftServerConfigKeys (ConfUtils.java:logGet(43)) - raft.server.log.write.buffer.size = 33554432 (custom)
2019-10-15 03:51:02,623 [pool-77-thread-1] INFO  server.RaftServerConfigKeys (ConfUtils.java:logGet(43)) - raft.server.log.force.sync.num = 128 (default)
2019-10-15 03:51:02,623 [pool-77-thread-1] INFO  server.RaftServerConfigKeys (ConfUtils.java:logGet(43)) - raft.server.log.statemachine.data.sync = true (default)
2019-10-15 03:51:02,623 [pool-77-thread-1] INFO  server.RaftServerConfigKeys (ConfUtils.java:logGet(43)) - raft.server.log.statemachine.data.sync.timeout = 10s (default)
2019-10-15 03:51:02,623 [pool-77-thread-1] INFO  server.RaftServerConfigKeys (ConfUtils.java:logGet(43)) - raft.server.log.statemachine.data.sync.timeout.retry = -1 (default)
2019-10-15 03:51:02,624 [pool-77-thread-1] INFO  server.RaftServerConfigKeys (ConfUtils.java:logGet(43)) - raft.server.log.statemachine.data.caching.enabled = true (custom)
2019-10-15 03:51:02,624 [pool-77-thread-1] INFO  segmented.SegmentedRaftLogWorker (SegmentedRaftLogWorker.java:lambda$new$0(128)) - 52de152f-69b6-4a91-acbe-0116c0f58132@group-ECF995BB56B9-SegmentedRaftLogWorker: flushIndex: setUnconditionally 0 -> -1
2019-10-15 03:51:02,625 [pool-77-thread-1] INFO  server.RaftServerConfigKeys (ConfUtils.java:logGet(43)) - raft.server.snapshot.auto.trigger.enabled = true (custom)
2019-10-15 03:51:02,625 [pool-77-thread-1] INFO  server.RaftServerConfigKeys (ConfUtils.java:logGet(43)) - raft.server.snapshot.auto.trigger.threshold = 10000 (custom)
2019-10-15 03:51:02,625 [pool-77-thread-1] INFO  server.RaftServerConfigKeys (ConfUtils.java:logGet(43)) - raft.server.snapshot.retention.file.num = 5 (custom)
2019-10-15 03:51:02,625 [pool-77-thread-1] INFO  server.RaftServerConfigKeys (ConfUtils.java:logGet(43)) - raft.server.retrycache.expirytime = 600000ms (custom)
2019-10-15 03:51:02,627 [pool-77-thread-1] INFO  impl.RaftServerImpl (RaftServerImpl.java:start(181)) - 52de152f-69b6-4a91-acbe-0116c0f58132@group-ECF995BB56B9: start as a follower, conf=-1: [52de152f-69b6-4a91-acbe-0116c0f58132:192.168.151.112:45717], old=null
2019-10-15 03:51:02,628 [pool-77-thread-1] INFO  impl.RaftServerImpl (RaftServerImpl.java:setRole(170)) - 52de152f-69b6-4a91-acbe-0116c0f58132@group-ECF995BB56B9: changes role from      null to FOLLOWER at term 0 for startAsFollower
2019-10-15 03:51:02,628 [pool-77-thread-1] INFO  impl.RoleInfo (RoleInfo.java:updateAndGet(143)) - 52de152f-69b6-4a91-acbe-0116c0f58132: start FollowerState
2019-10-15 03:51:02,628 [pool-77-thread-1] INFO  util.JmxRegister (JmxRegister.java:tryRegister(44)) - Successfully registered JMX Bean with object name Ratis:service=RaftServer,group=group-ECF995BB56B9,id=52de152f-69b6-4a91-acbe-0116c0f58132
2019-10-15 03:51:02,642 [RatisPipelineUtilsThread] INFO  pipeline.PipelineStateManager (PipelineStateManager.java:addPipeline(56)) - Created pipeline Pipeline[ Id: eb6ff111-34d6-42dc-b146-ecf995bb56b9, Nodes: 52de152f-69b6-4a91-acbe-0116c0f58132{ip: 192.168.151.112, host: pr-hdds-2194-gpqhj-1713016619, networkLocation: /default-rack, certSerialId: null}, Type:RATIS, Factor:ONE, State:OPEN]
2019-10-15 03:51:02,663 [grpc-default-executor-0] INFO  impl.RaftServerProxy (RaftServerProxy.java:addNew(89)) - b7b4b7f4-6208-4617-92d6-351d069a50a1: addNew group-106F8B113AFC:[b7b4b7f4-6208-4617-92d6-351d069a50a1:192.168.151.112:37095] returns group-106F8B113AFC:java.util.concurrent.CompletableFuture@75de2c32[Not completed]
2019-10-15 03:51:02,665 [pool-37-thread-1] INFO  impl.RaftServerImpl (RaftServerImpl.java:<init>(95)) - b7b4b7f4-6208-4617-92d6-351d069a50a1: new RaftServerImpl for group-106F8B113AFC:[b7b4b7f4-6208-4617-92d6-351d069a50a1:192.168.151.112:37095] with ContainerStateMachine:uninitialized
2019-10-15 03:51:02,665 [pool-37-thread-1] INFO  server.RaftServerConfigKeys (ConfUtils.java:logGet(43)) - raft.server.rpc.timeout.min = 5s (custom)
2019-10-15 03:51:02,665 [pool-37-thread-1] INFO  server.RaftServerConfigKeys (ConfUtils.java:logGet(43)) - raft.server.rpc.timeout.max = 5200ms (custom)
2019-10-15 03:51:02,665 [pool-37-thread-1] INFO  server.RaftServerConfigKeys (ConfUtils.java:logGet(43)) - raft.server.rpcslowness.timeout = 120s (custom)
2019-10-15 03:51:02,665 [pool-37-thread-1] INFO  server.RaftServerConfigKeys (ConfUtils.java:logGet(43)) - raft.server.sleep.deviation.threshold = 300 (default)
2019-10-15 03:51:02,665 [pool-37-thread-1] INFO  server.RaftServerConfigKeys (ConfUtils.java:logGet(43)) - raft.server.log.appender.install.snapshot.enabled = false (custom)
2019-10-15 03:51:02,666 [pool-37-thread-1] INFO  impl.RaftServerImpl (ServerState.java:<init>(103)) - b7b4b7f4-6208-4617-92d6-351d069a50a1@group-106F8B113AFC: ConfigurationManager, init=-1: [b7b4b7f4-6208-4617-92d6-351d069a50a1:192.168.151.112:37095], old=null, confs=<EMPTY_MAP>
2019-10-15 03:51:02,666 [pool-37-thread-1] INFO  server.RaftServerConfigKeys (ConfUtils.java:logGet(43)) - raft.server.storage.dir = [/workdir/hadoop-ozone/integration-test/target/test-dir/MiniOzoneClusterImpl-db766658-51e8-42c9-a009-09e1693026ad/datanode-1/data/ratis] (custom)
2019-10-15 03:51:02,666 [pool-37-thread-1] INFO  server.RaftServerConfigKeys (ConfUtils.java:logGet(43)) - raft.server.log.corruption.policy = EXCEPTION (default)
2019-10-15 03:51:02,666 [pool-37-thread-1] INFO  storage.RaftStorageDirectory (RaftStorageDirectory.java:analyzeStorage(246)) - The storage directory /workdir/hadoop-ozone/integration-test/target/test-dir/MiniOzoneClusterImpl-db766658-51e8-42c9-a009-09e1693026ad/datanode-1/data/ratis/afd08049-47e1-4d3d-99b2-106f8b113afc does not exist. Creating ...
2019-10-15 03:51:02,690 [pool-37-thread-1] INFO  storage.RaftStorageDirectory (RaftStorageDirectory.java:tryLock(328)) - Lock on /workdir/hadoop-ozone/integration-test/target/test-dir/MiniOzoneClusterImpl-db766658-51e8-42c9-a009-09e1693026ad/datanode-1/data/ratis/afd08049-47e1-4d3d-99b2-106f8b113afc/in_use.lock acquired by nodename 22767@pr-hdds-2194-gpqhj-1713016619
2019-10-15 03:51:02,723 [pool-37-thread-1] INFO  storage.RaftStorage (RaftStorage.java:format(84)) - Storage directory /workdir/hadoop-ozone/integration-test/target/test-dir/MiniOzoneClusterImpl-db766658-51e8-42c9-a009-09e1693026ad/datanode-1/data/ratis/afd08049-47e1-4d3d-99b2-106f8b113afc has been successfully formatted.
2019-10-15 03:51:02,724 [pool-37-thread-1] INFO  ratis.ContainerStateMachine (ContainerStateMachine.java:loadSnapshot(231)) - group-106F8B113AFC: The snapshot info is null. Setting the last applied indexto:(t:0, i:~)
2019-10-15 03:51:02,724 [pool-37-thread-1] INFO  server.RaftServerConfigKeys (ConfUtils.java:logGet(43)) - raft.server.notification.no-leader.timeout = 120s (custom)
2019-10-15 03:51:02,724 [pool-37-thread-1] INFO  server.RaftServerConfigKeys (ConfUtils.java:logGet(43)) - raft.server.log.use.memory = false (default)
2019-10-15 03:51:02,724 [pool-37-thread-1] INFO  server.RaftServerConfigKeys (ConfUtils.java:logGet(43)) - raft.server.log.purge.gap = 1000000 (custom)
2019-10-15 03:51:02,725 [pool-37-thread-1] INFO  server.RaftServerConfigKeys (ConfUtils.java:logGet(43)) - raft.server.log.appender.buffer.byte-limit = 33554432 (custom)
2019-10-15 03:51:02,725 [pool-37-thread-1] INFO  server.RaftServerConfigKeys (ConfUtils.java:logGet(43)) - raft.server.log.segment.size.max = 1048576 (custom)
2019-10-15 03:51:02,728 [pool-37-thread-1] INFO  server.RaftServerConfigKeys (ConfUtils.java:logGet(43)) - raft.server.log.segment.cache.num.max = 2 (custom)
2019-10-15 03:51:02,729 [pool-37-thread-1] INFO  segmented.SegmentedRaftLogWorker (SegmentedRaftLogWorker.java:<init>(173)) - new b7b4b7f4-6208-4617-92d6-351d069a50a1@group-106F8B113AFC-SegmentedRaftLogWorker for RaftStorage:Storage Directory /workdir/hadoop-ozone/integration-test/target/test-dir/MiniOzoneClusterImpl-db766658-51e8-42c9-a009-09e1693026ad/datanode-1/data/ratis/afd08049-47e1-4d3d-99b2-106f8b113afc
2019-10-15 03:51:02,729 [pool-37-thread-1] INFO  server.RaftServerConfigKeys (ConfUtils.java:logGet(43)) - raft.server.log.queue.byte-limit = 2147483647 (custom)
2019-10-15 03:51:02,729 [pool-37-thread-1] INFO  server.RaftServerConfigKeys (ConfUtils.java:logGet(43)) - raft.server.log.queue.element-limit = 1024 (custom)
2019-10-15 03:51:02,729 [pool-37-thread-1] INFO  server.RaftServerConfigKeys (ConfUtils.java:logGet(43)) - raft.server.log.segment.size.max = 1048576 (custom)
2019-10-15 03:51:02,729 [pool-37-thread-1] INFO  server.RaftServerConfigKeys (ConfUtils.java:logGet(43)) - raft.server.log.preallocated.size = 16384 (custom)
2019-10-15 03:51:02,729 [pool-37-thread-1] INFO  server.RaftServerConfigKeys (ConfUtils.java:logGet(43)) - raft.server.log.write.buffer.size = 33554432 (custom)
2019-10-15 03:51:02,730 [pool-37-thread-1] INFO  server.RaftServerConfigKeys (ConfUtils.java:logGet(43)) - raft.server.log.force.sync.num = 128 (default)
2019-10-15 03:51:02,730 [pool-37-thread-1] INFO  server.RaftServerConfigKeys (ConfUtils.java:logGet(43)) - raft.server.log.statemachine.data.sync = true (default)
2019-10-15 03:51:02,730 [pool-37-thread-1] INFO  server.RaftServerConfigKeys (ConfUtils.java:logGet(43)) - raft.server.log.statemachine.data.sync.timeout = 10s (default)
2019-10-15 03:51:02,730 [pool-37-thread-1] INFO  server.RaftServerConfigKeys (ConfUtils.java:logGet(43)) - raft.server.log.statemachine.data.sync.timeout.retry = -1 (default)
2019-10-15 03:51:02,731 [pool-37-thread-1] INFO  server.RaftServerConfigKeys (ConfUtils.java:logGet(43)) - raft.server.log.statemachine.data.caching.enabled = true (custom)
2019-10-15 03:51:02,731 [pool-37-thread-1] INFO  segmented.SegmentedRaftLogWorker (SegmentedRaftLogWorker.java:lambda$new$0(128)) - b7b4b7f4-6208-4617-92d6-351d069a50a1@group-106F8B113AFC-SegmentedRaftLogWorker: flushIndex: setUnconditionally 0 -> -1
2019-10-15 03:51:02,732 [pool-37-thread-1] INFO  server.RaftServerConfigKeys (ConfUtils.java:logGet(43)) - raft.server.snapshot.auto.trigger.enabled = true (custom)
2019-10-15 03:51:02,732 [pool-37-thread-1] INFO  server.RaftServerConfigKeys (ConfUtils.java:logGet(43)) - raft.server.snapshot.auto.trigger.threshold = 10000 (custom)
2019-10-15 03:51:02,732 [pool-37-thread-1] INFO  server.RaftServerConfigKeys (ConfUtils.java:logGet(43)) - raft.server.snapshot.retention.file.num = 5 (custom)
2019-10-15 03:51:02,732 [pool-37-thread-1] INFO  server.RaftServerConfigKeys (ConfUtils.java:logGet(43)) - raft.server.retrycache.expirytime = 600000ms (custom)
2019-10-15 03:51:02,735 [pool-37-thread-1] INFO  impl.RaftServerImpl (RaftServerImpl.java:start(181)) - b7b4b7f4-6208-4617-92d6-351d069a50a1@group-106F8B113AFC: start as a follower, conf=-1: [b7b4b7f4-6208-4617-92d6-351d069a50a1:192.168.151.112:37095], old=null
2019-10-15 03:51:02,735 [pool-37-thread-1] INFO  impl.RaftServerImpl (RaftServerImpl.java:setRole(170)) - b7b4b7f4-6208-4617-92d6-351d069a50a1@group-106F8B113AFC: changes role from      null to FOLLOWER at term 0 for startAsFollower
2019-10-15 03:51:02,736 [pool-37-thread-1] INFO  impl.RoleInfo (RoleInfo.java:updateAndGet(143)) - b7b4b7f4-6208-4617-92d6-351d069a50a1: start FollowerState
2019-10-15 03:51:02,736 [pool-37-thread-1] INFO  util.JmxRegister (JmxRegister.java:tryRegister(44)) - Successfully registered JMX Bean with object name Ratis:service=RaftServer,group=group-106F8B113AFC,id=b7b4b7f4-6208-4617-92d6-351d069a50a1
2019-10-15 03:51:02,752 [RatisPipelineUtilsThread] INFO  pipeline.PipelineStateManager (PipelineStateManager.java:addPipeline(56)) - Created pipeline Pipeline[ Id: afd08049-47e1-4d3d-99b2-106f8b113afc, Nodes: b7b4b7f4-6208-4617-92d6-351d069a50a1{ip: 192.168.151.112, host: pr-hdds-2194-gpqhj-1713016619, networkLocation: /default-rack, certSerialId: null}, Type:RATIS, Factor:ONE, State:OPEN]
2019-10-15 03:51:02,769 [grpc-default-executor-0] INFO  impl.RaftServerProxy (RaftServerProxy.java:addNew(89)) - e1a9ec49-11c8-4933-9bf9-1c98ddf237b7: addNew group-DB505B93C289:[e1a9ec49-11c8-4933-9bf9-1c98ddf237b7:192.168.151.112:46123] returns group-DB505B93C289:java.util.concurrent.CompletableFuture@23211fca[Not completed]
2019-10-15 03:51:02,774 [pool-87-thread-1] INFO  impl.RaftServerImpl (RaftServerImpl.java:<init>(95)) - e1a9ec49-11c8-4933-9bf9-1c98ddf237b7: new RaftServerImpl for group-DB505B93C289:[e1a9ec49-11c8-4933-9bf9-1c98ddf237b7:192.168.151.112:46123] with ContainerStateMachine:uninitialized
2019-10-15 03:51:02,774 [pool-87-thread-1] INFO  server.RaftServerConfigKeys (ConfUtils.java:logGet(43)) - raft.server.rpc.timeout.min = 5s (custom)
2019-10-15 03:51:02,774 [pool-87-thread-1] INFO  server.RaftServerConfigKeys (ConfUtils.java:logGet(43)) - raft.server.rpc.timeout.max = 5200ms (custom)
2019-10-15 03:51:02,774 [pool-87-thread-1] INFO  server.RaftServerConfigKeys (ConfUtils.java:logGet(43)) - raft.server.rpcslowness.timeout = 120s (custom)
2019-10-15 03:51:02,774 [pool-87-thread-1] INFO  server.RaftServerConfigKeys (ConfUtils.java:logGet(43)) - raft.server.sleep.deviation.threshold = 300 (default)
2019-10-15 03:51:02,774 [pool-87-thread-1] INFO  server.RaftServerConfigKeys (ConfUtils.java:logGet(43)) - raft.server.log.appender.install.snapshot.enabled = false (custom)
2019-10-15 03:51:02,774 [pool-87-thread-1] INFO  impl.RaftServerImpl (ServerState.java:<init>(103)) - e1a9ec49-11c8-4933-9bf9-1c98ddf237b7@group-DB505B93C289: ConfigurationManager, init=-1: [e1a9ec49-11c8-4933-9bf9-1c98ddf237b7:192.168.151.112:46123], old=null, confs=<EMPTY_MAP>
2019-10-15 03:51:02,775 [pool-87-thread-1] INFO  server.RaftServerConfigKeys (ConfUtils.java:logGet(43)) - raft.server.storage.dir = [/workdir/hadoop-ozone/integration-test/target/test-dir/MiniOzoneClusterImpl-db766658-51e8-42c9-a009-09e1693026ad/datanode-6/data/ratis] (custom)
2019-10-15 03:51:02,775 [pool-87-thread-1] INFO  server.RaftServerConfigKeys (ConfUtils.java:logGet(43)) - raft.server.log.corruption.policy = EXCEPTION (default)
2019-10-15 03:51:02,775 [pool-87-thread-1] INFO  storage.RaftStorageDirectory (RaftStorageDirectory.java:analyzeStorage(246)) - The storage directory /workdir/hadoop-ozone/integration-test/target/test-dir/MiniOzoneClusterImpl-db766658-51e8-42c9-a009-09e1693026ad/datanode-6/data/ratis/74d6a6d4-9008-4570-bc41-db505b93c289 does not exist. Creating ...
2019-10-15 03:51:02,799 [pool-87-thread-1] INFO  storage.RaftStorageDirectory (RaftStorageDirectory.java:tryLock(328)) - Lock on /workdir/hadoop-ozone/integration-test/target/test-dir/MiniOzoneClusterImpl-db766658-51e8-42c9-a009-09e1693026ad/datanode-6/data/ratis/74d6a6d4-9008-4570-bc41-db505b93c289/in_use.lock acquired by nodename 22767@pr-hdds-2194-gpqhj-1713016619
2019-10-15 03:51:02,833 [pool-87-thread-1] INFO  storage.RaftStorage (RaftStorage.java:format(84)) - Storage directory /workdir/hadoop-ozone/integration-test/target/test-dir/MiniOzoneClusterImpl-db766658-51e8-42c9-a009-09e1693026ad/datanode-6/data/ratis/74d6a6d4-9008-4570-bc41-db505b93c289 has been successfully formatted.
2019-10-15 03:51:02,833 [pool-87-thread-1] INFO  ratis.ContainerStateMachine (ContainerStateMachine.java:loadSnapshot(231)) - group-DB505B93C289: The snapshot info is null. Setting the last applied indexto:(t:0, i:~)
2019-10-15 03:51:02,833 [pool-87-thread-1] INFO  server.RaftServerConfigKeys (ConfUtils.java:logGet(43)) - raft.server.notification.no-leader.timeout = 120s (custom)
2019-10-15 03:51:02,833 [pool-87-thread-1] INFO  server.RaftServerConfigKeys (ConfUtils.java:logGet(43)) - raft.server.log.use.memory = false (default)
2019-10-15 03:51:02,834 [pool-87-thread-1] INFO  server.RaftServerConfigKeys (ConfUtils.java:logGet(43)) - raft.server.log.purge.gap = 1000000 (custom)
2019-10-15 03:51:02,834 [pool-87-thread-1] INFO  server.RaftServerConfigKeys (ConfUtils.java:logGet(43)) - raft.server.log.appender.buffer.byte-limit = 33554432 (custom)
2019-10-15 03:51:02,834 [pool-87-thread-1] INFO  server.RaftServerConfigKeys (ConfUtils.java:logGet(43)) - raft.server.log.segment.size.max = 1048576 (custom)
2019-10-15 03:51:02,838 [pool-87-thread-1] INFO  server.RaftServerConfigKeys (ConfUtils.java:logGet(43)) - raft.server.log.segment.cache.num.max = 2 (custom)
2019-10-15 03:51:02,839 [pool-87-thread-1] INFO  segmented.SegmentedRaftLogWorker (SegmentedRaftLogWorker.java:<init>(173)) - new e1a9ec49-11c8-4933-9bf9-1c98ddf237b7@group-DB505B93C289-SegmentedRaftLogWorker for RaftStorage:Storage Directory /workdir/hadoop-ozone/integration-test/target/test-dir/MiniOzoneClusterImpl-db766658-51e8-42c9-a009-09e1693026ad/datanode-6/data/ratis/74d6a6d4-9008-4570-bc41-db505b93c289
2019-10-15 03:51:02,839 [pool-87-thread-1] INFO  server.RaftServerConfigKeys (ConfUtils.java:logGet(43)) - raft.server.log.queue.byte-limit = 2147483647 (custom)
2019-10-15 03:51:02,839 [pool-87-thread-1] INFO  server.RaftServerConfigKeys (ConfUtils.java:logGet(43)) - raft.server.log.queue.element-limit = 1024 (custom)
2019-10-15 03:51:02,839 [pool-87-thread-1] INFO  server.RaftServerConfigKeys (ConfUtils.java:logGet(43)) - raft.server.log.segment.size.max = 1048576 (custom)
2019-10-15 03:51:02,839 [pool-87-thread-1] INFO  server.RaftServerConfigKeys (ConfUtils.java:logGet(43)) - raft.server.log.preallocated.size = 16384 (custom)
2019-10-15 03:51:02,840 [pool-87-thread-1] INFO  server.RaftServerConfigKeys (ConfUtils.java:logGet(43)) - raft.server.log.write.buffer.size = 33554432 (custom)
2019-10-15 03:51:02,840 [pool-87-thread-1] INFO  server.RaftServerConfigKeys (ConfUtils.java:logGet(43)) - raft.server.log.force.sync.num = 128 (default)
2019-10-15 03:51:02,840 [pool-87-thread-1] INFO  server.RaftServerConfigKeys (ConfUtils.java:logGet(43)) - raft.server.log.statemachine.data.sync = true (default)
2019-10-15 03:51:02,840 [pool-87-thread-1] INFO  server.RaftServerConfigKeys (ConfUtils.java:logGet(43)) - raft.server.log.statemachine.data.sync.timeout = 10s (default)
2019-10-15 03:51:02,840 [pool-87-thread-1] INFO  server.RaftServerConfigKeys (ConfUtils.java:logGet(43)) - raft.server.log.statemachine.data.sync.timeout.retry = -1 (default)
2019-10-15 03:51:02,841 [pool-87-thread-1] INFO  server.RaftServerConfigKeys (ConfUtils.java:logGet(43)) - raft.server.log.statemachine.data.caching.enabled = true (custom)
2019-10-15 03:51:02,841 [pool-87-thread-1] INFO  segmented.SegmentedRaftLogWorker (SegmentedRaftLogWorker.java:lambda$new$0(128)) - e1a9ec49-11c8-4933-9bf9-1c98ddf237b7@group-DB505B93C289-SegmentedRaftLogWorker: flushIndex: setUnconditionally 0 -> -1
2019-10-15 03:51:02,843 [pool-87-thread-1] INFO  server.RaftServerConfigKeys (ConfUtils.java:logGet(43)) - raft.server.snapshot.auto.trigger.enabled = true (custom)
2019-10-15 03:51:02,843 [pool-87-thread-1] INFO  server.RaftServerConfigKeys (ConfUtils.java:logGet(43)) - raft.server.snapshot.auto.trigger.threshold = 10000 (custom)
2019-10-15 03:51:02,843 [pool-87-thread-1] INFO  server.RaftServerConfigKeys (ConfUtils.java:logGet(43)) - raft.server.snapshot.retention.file.num = 5 (custom)
2019-10-15 03:51:02,844 [pool-87-thread-1] INFO  server.RaftServerConfigKeys (ConfUtils.java:logGet(43)) - raft.server.retrycache.expirytime = 600000ms (custom)
2019-10-15 03:51:02,846 [pool-87-thread-1] INFO  impl.RaftServerImpl (RaftServerImpl.java:start(181)) - e1a9ec49-11c8-4933-9bf9-1c98ddf237b7@group-DB505B93C289: start as a follower, conf=-1: [e1a9ec49-11c8-4933-9bf9-1c98ddf237b7:192.168.151.112:46123], old=null
2019-10-15 03:51:02,846 [pool-87-thread-1] INFO  impl.RaftServerImpl (RaftServerImpl.java:setRole(170)) - e1a9ec49-11c8-4933-9bf9-1c98ddf237b7@group-DB505B93C289: changes role from      null to FOLLOWER at term 0 for startAsFollower
2019-10-15 03:51:02,846 [pool-87-thread-1] INFO  impl.RoleInfo (RoleInfo.java:updateAndGet(143)) - e1a9ec49-11c8-4933-9bf9-1c98ddf237b7: start FollowerState
2019-10-15 03:51:02,847 [pool-87-thread-1] INFO  util.JmxRegister (JmxRegister.java:tryRegister(44)) - Successfully registered JMX Bean with object name Ratis:service=RaftServer,group=group-DB505B93C289,id=e1a9ec49-11c8-4933-9bf9-1c98ddf237b7
2019-10-15 03:51:02,869 [RatisPipelineUtilsThread] INFO  pipeline.PipelineStateManager (PipelineStateManager.java:addPipeline(56)) - Created pipeline Pipeline[ Id: 74d6a6d4-9008-4570-bc41-db505b93c289, Nodes: e1a9ec49-11c8-4933-9bf9-1c98ddf237b7{ip: 192.168.151.112, host: pr-hdds-2194-gpqhj-1713016619, networkLocation: /default-rack, certSerialId: null}, Type:RATIS, Factor:ONE, State:OPEN]
2019-10-15 03:51:02,915 [grpc-default-executor-1] INFO  impl.RaftServerProxy (RaftServerProxy.java:addNew(89)) - cb078210-d8fb-4a38-a9bc-8272e5f5dfbb: addNew group-0CA2DF542071:[7a3f8abb-79c4-4d5e-8346-45ba7cf38691:192.168.151.112:46575, cb078210-d8fb-4a38-a9bc-8272e5f5dfbb:192.168.151.112:39848, 87cc7840-07ab-4468-a9bb-b42c9b658208:192.168.151.112:34751] returns group-0CA2DF542071:java.util.concurrent.CompletableFuture@52ee7d05[Not completed]
2019-10-15 03:51:02,915 [grpc-default-executor-2] INFO  impl.RaftServerProxy (RaftServerProxy.java:addNew(89)) - 87cc7840-07ab-4468-a9bb-b42c9b658208: addNew group-0CA2DF542071:[7a3f8abb-79c4-4d5e-8346-45ba7cf38691:192.168.151.112:46575, cb078210-d8fb-4a38-a9bc-8272e5f5dfbb:192.168.151.112:39848, 87cc7840-07ab-4468-a9bb-b42c9b658208:192.168.151.112:34751] returns group-0CA2DF542071:java.util.concurrent.CompletableFuture@26e4bfc3[Not completed]
2019-10-15 03:51:02,915 [grpc-default-executor-0] INFO  impl.RaftServerProxy (RaftServerProxy.java:addNew(89)) - 7a3f8abb-79c4-4d5e-8346-45ba7cf38691: addNew group-0CA2DF542071:[7a3f8abb-79c4-4d5e-8346-45ba7cf38691:192.168.151.112:46575, cb078210-d8fb-4a38-a9bc-8272e5f5dfbb:192.168.151.112:39848, 87cc7840-07ab-4468-a9bb-b42c9b658208:192.168.151.112:34751] returns group-0CA2DF542071:java.util.concurrent.CompletableFuture@4742f94[Not completed]
2019-10-15 03:51:02,917 [pool-67-thread-1] INFO  impl.RaftServerImpl (RaftServerImpl.java:<init>(95)) - 87cc7840-07ab-4468-a9bb-b42c9b658208: new RaftServerImpl for group-0CA2DF542071:[7a3f8abb-79c4-4d5e-8346-45ba7cf38691:192.168.151.112:46575, cb078210-d8fb-4a38-a9bc-8272e5f5dfbb:192.168.151.112:39848, 87cc7840-07ab-4468-a9bb-b42c9b658208:192.168.151.112:34751] with ContainerStateMachine:uninitialized
2019-10-15 03:51:02,917 [pool-67-thread-1] INFO  server.RaftServerConfigKeys (ConfUtils.java:logGet(43)) - raft.server.rpc.timeout.min = 5s (custom)
2019-10-15 03:51:02,917 [pool-67-thread-1] INFO  server.RaftServerConfigKeys (ConfUtils.java:logGet(43)) - raft.server.rpc.timeout.max = 5200ms (custom)
2019-10-15 03:51:02,918 [pool-67-thread-1] INFO  server.RaftServerConfigKeys (ConfUtils.java:logGet(43)) - raft.server.rpcslowness.timeout = 120s (custom)
2019-10-15 03:51:02,918 [pool-67-thread-1] INFO  server.RaftServerConfigKeys (ConfUtils.java:logGet(43)) - raft.server.sleep.deviation.threshold = 300 (default)
2019-10-15 03:51:02,918 [pool-67-thread-1] INFO  server.RaftServerConfigKeys (ConfUtils.java:logGet(43)) - raft.server.log.appender.install.snapshot.enabled = false (custom)
2019-10-15 03:51:02,918 [pool-47-thread-1] INFO  impl.RaftServerImpl (RaftServerImpl.java:<init>(95)) - 7a3f8abb-79c4-4d5e-8346-45ba7cf38691: new RaftServerImpl for group-0CA2DF542071:[7a3f8abb-79c4-4d5e-8346-45ba7cf38691:192.168.151.112:46575, cb078210-d8fb-4a38-a9bc-8272e5f5dfbb:192.168.151.112:39848, 87cc7840-07ab-4468-a9bb-b42c9b658208:192.168.151.112:34751] with ContainerStateMachine:uninitialized
2019-10-15 03:51:02,918 [pool-67-thread-1] INFO  impl.RaftServerImpl (ServerState.java:<init>(103)) - 87cc7840-07ab-4468-a9bb-b42c9b658208@group-0CA2DF542071: ConfigurationManager, init=-1: [7a3f8abb-79c4-4d5e-8346-45ba7cf38691:192.168.151.112:46575, cb078210-d8fb-4a38-a9bc-8272e5f5dfbb:192.168.151.112:39848, 87cc7840-07ab-4468-a9bb-b42c9b658208:192.168.151.112:34751], old=null, confs=<EMPTY_MAP>
2019-10-15 03:51:02,918 [pool-47-thread-1] INFO  server.RaftServerConfigKeys (ConfUtils.java:logGet(43)) - raft.server.rpc.timeout.min = 5s (custom)
2019-10-15 03:51:02,918 [pool-67-thread-1] INFO  server.RaftServerConfigKeys (ConfUtils.java:logGet(43)) - raft.server.storage.dir = [/workdir/hadoop-ozone/integration-test/target/test-dir/MiniOzoneClusterImpl-db766658-51e8-42c9-a009-09e1693026ad/datanode-4/data/ratis] (custom)
2019-10-15 03:51:02,918 [pool-47-thread-1] INFO  server.RaftServerConfigKeys (ConfUtils.java:logGet(43)) - raft.server.rpc.timeout.max = 5200ms (custom)
2019-10-15 03:51:02,919 [pool-47-thread-1] INFO  server.RaftServerConfigKeys (ConfUtils.java:logGet(43)) - raft.server.rpcslowness.timeout = 120s (custom)
2019-10-15 03:51:02,919 [pool-47-thread-1] INFO  server.RaftServerConfigKeys (ConfUtils.java:logGet(43)) - raft.server.sleep.deviation.threshold = 300 (default)
2019-10-15 03:51:02,919 [pool-47-thread-1] INFO  server.RaftServerConfigKeys (ConfUtils.java:logGet(43)) - raft.server.log.appender.install.snapshot.enabled = false (custom)
2019-10-15 03:51:02,919 [pool-67-thread-1] INFO  server.RaftServerConfigKeys (ConfUtils.java:logGet(43)) - raft.server.log.corruption.policy = EXCEPTION (default)
2019-10-15 03:51:02,919 [pool-47-thread-1] INFO  impl.RaftServerImpl (ServerState.java:<init>(103)) - 7a3f8abb-79c4-4d5e-8346-45ba7cf38691@group-0CA2DF542071: ConfigurationManager, init=-1: [7a3f8abb-79c4-4d5e-8346-45ba7cf38691:192.168.151.112:46575, cb078210-d8fb-4a38-a9bc-8272e5f5dfbb:192.168.151.112:39848, 87cc7840-07ab-4468-a9bb-b42c9b658208:192.168.151.112:34751], old=null, confs=<EMPTY_MAP>
2019-10-15 03:51:02,919 [pool-67-thread-1] INFO  storage.RaftStorageDirectory (RaftStorageDirectory.java:analyzeStorage(246)) - The storage directory /workdir/hadoop-ozone/integration-test/target/test-dir/MiniOzoneClusterImpl-db766658-51e8-42c9-a009-09e1693026ad/datanode-4/data/ratis/4a6cbcb4-56f0-4d98-ad8a-0ca2df542071 does not exist. Creating ...
2019-10-15 03:51:02,919 [pool-57-thread-1] INFO  impl.RaftServerImpl (RaftServerImpl.java:<init>(95)) - cb078210-d8fb-4a38-a9bc-8272e5f5dfbb: new RaftServerImpl for group-0CA2DF542071:[7a3f8abb-79c4-4d5e-8346-45ba7cf38691:192.168.151.112:46575, cb078210-d8fb-4a38-a9bc-8272e5f5dfbb:192.168.151.112:39848, 87cc7840-07ab-4468-a9bb-b42c9b658208:192.168.151.112:34751] with ContainerStateMachine:uninitialized
2019-10-15 03:51:02,919 [pool-47-thread-1] INFO  server.RaftServerConfigKeys (ConfUtils.java:logGet(43)) - raft.server.storage.dir = [/workdir/hadoop-ozone/integration-test/target/test-dir/MiniOzoneClusterImpl-db766658-51e8-42c9-a009-09e1693026ad/datanode-2/data/ratis] (custom)
2019-10-15 03:51:02,919 [pool-57-thread-1] INFO  server.RaftServerConfigKeys (ConfUtils.java:logGet(43)) - raft.server.rpc.timeout.min = 5s (custom)
2019-10-15 03:51:02,920 [pool-47-thread-1] INFO  server.RaftServerConfigKeys (ConfUtils.java:logGet(43)) - raft.server.log.corruption.policy = EXCEPTION (default)
2019-10-15 03:51:02,920 [pool-57-thread-1] INFO  server.RaftServerConfigKeys (ConfUtils.java:logGet(43)) - raft.server.rpc.timeout.max = 5200ms (custom)
2019-10-15 03:51:02,920 [pool-47-thread-1] INFO  storage.RaftStorageDirectory (RaftStorageDirectory.java:analyzeStorage(246)) - The storage directory /workdir/hadoop-ozone/integration-test/target/test-dir/MiniOzoneClusterImpl-db766658-51e8-42c9-a009-09e1693026ad/datanode-2/data/ratis/4a6cbcb4-56f0-4d98-ad8a-0ca2df542071 does not exist. Creating ...
2019-10-15 03:51:02,920 [pool-57-thread-1] INFO  server.RaftServerConfigKeys (ConfUtils.java:logGet(43)) - raft.server.rpcslowness.timeout = 120s (custom)
2019-10-15 03:51:02,920 [pool-57-thread-1] INFO  server.RaftServerConfigKeys (ConfUtils.java:logGet(43)) - raft.server.sleep.deviation.threshold = 300 (default)
2019-10-15 03:51:02,920 [pool-57-thread-1] INFO  server.RaftServerConfigKeys (ConfUtils.java:logGet(43)) - raft.server.log.appender.install.snapshot.enabled = false (custom)
2019-10-15 03:51:02,921 [pool-57-thread-1] INFO  impl.RaftServerImpl (ServerState.java:<init>(103)) - cb078210-d8fb-4a38-a9bc-8272e5f5dfbb@group-0CA2DF542071: ConfigurationManager, init=-1: [7a3f8abb-79c4-4d5e-8346-45ba7cf38691:192.168.151.112:46575, cb078210-d8fb-4a38-a9bc-8272e5f5dfbb:192.168.151.112:39848, 87cc7840-07ab-4468-a9bb-b42c9b658208:192.168.151.112:34751], old=null, confs=<EMPTY_MAP>
2019-10-15 03:51:02,921 [pool-57-thread-1] INFO  server.RaftServerConfigKeys (ConfUtils.java:logGet(43)) - raft.server.storage.dir = [/workdir/hadoop-ozone/integration-test/target/test-dir/MiniOzoneClusterImpl-db766658-51e8-42c9-a009-09e1693026ad/datanode-3/data/ratis] (custom)
2019-10-15 03:51:02,921 [pool-57-thread-1] INFO  server.RaftServerConfigKeys (ConfUtils.java:logGet(43)) - raft.server.log.corruption.policy = EXCEPTION (default)
2019-10-15 03:51:02,921 [pool-57-thread-1] INFO  storage.RaftStorageDirectory (RaftStorageDirectory.java:analyzeStorage(246)) - The storage directory /workdir/hadoop-ozone/integration-test/target/test-dir/MiniOzoneClusterImpl-db766658-51e8-42c9-a009-09e1693026ad/datanode-3/data/ratis/4a6cbcb4-56f0-4d98-ad8a-0ca2df542071 does not exist. Creating ...
2019-10-15 03:51:02,958 [pool-67-thread-1] INFO  storage.RaftStorageDirectory (RaftStorageDirectory.java:tryLock(328)) - Lock on /workdir/hadoop-ozone/integration-test/target/test-dir/MiniOzoneClusterImpl-db766658-51e8-42c9-a009-09e1693026ad/datanode-4/data/ratis/4a6cbcb4-56f0-4d98-ad8a-0ca2df542071/in_use.lock acquired by nodename 22767@pr-hdds-2194-gpqhj-1713016619
2019-10-15 03:51:02,958 [pool-47-thread-1] INFO  storage.RaftStorageDirectory (RaftStorageDirectory.java:tryLock(328)) - Lock on /workdir/hadoop-ozone/integration-test/target/test-dir/MiniOzoneClusterImpl-db766658-51e8-42c9-a009-09e1693026ad/datanode-2/data/ratis/4a6cbcb4-56f0-4d98-ad8a-0ca2df542071/in_use.lock acquired by nodename 22767@pr-hdds-2194-gpqhj-1713016619
2019-10-15 03:51:02,958 [pool-57-thread-1] INFO  storage.RaftStorageDirectory (RaftStorageDirectory.java:tryLock(328)) - Lock on /workdir/hadoop-ozone/integration-test/target/test-dir/MiniOzoneClusterImpl-db766658-51e8-42c9-a009-09e1693026ad/datanode-3/data/ratis/4a6cbcb4-56f0-4d98-ad8a-0ca2df542071/in_use.lock acquired by nodename 22767@pr-hdds-2194-gpqhj-1713016619
2019-10-15 03:51:02,984 [pool-67-thread-1] INFO  storage.RaftStorage (RaftStorage.java:format(84)) - Storage directory /workdir/hadoop-ozone/integration-test/target/test-dir/MiniOzoneClusterImpl-db766658-51e8-42c9-a009-09e1693026ad/datanode-4/data/ratis/4a6cbcb4-56f0-4d98-ad8a-0ca2df542071 has been successfully formatted.
2019-10-15 03:51:02,984 [pool-57-thread-1] INFO  storage.RaftStorage (RaftStorage.java:format(84)) - Storage directory /workdir/hadoop-ozone/integration-test/target/test-dir/MiniOzoneClusterImpl-db766658-51e8-42c9-a009-09e1693026ad/datanode-3/data/ratis/4a6cbcb4-56f0-4d98-ad8a-0ca2df542071 has been successfully formatted.
2019-10-15 03:51:02,984 [pool-47-thread-1] INFO  storage.RaftStorage (RaftStorage.java:format(84)) - Storage directory /workdir/hadoop-ozone/integration-test/target/test-dir/MiniOzoneClusterImpl-db766658-51e8-42c9-a009-09e1693026ad/datanode-2/data/ratis/4a6cbcb4-56f0-4d98-ad8a-0ca2df542071 has been successfully formatted.
2019-10-15 03:51:02,984 [pool-67-thread-1] INFO  ratis.ContainerStateMachine (ContainerStateMachine.java:loadSnapshot(231)) - group-0CA2DF542071: The snapshot info is null. Setting the last applied indexto:(t:0, i:~)
2019-10-15 03:51:02,984 [pool-47-thread-1] INFO  ratis.ContainerStateMachine (ContainerStateMachine.java:loadSnapshot(231)) - group-0CA2DF542071: The snapshot info is null. Setting the last applied indexto:(t:0, i:~)
2019-10-15 03:51:02,984 [pool-67-thread-1] INFO  server.RaftServerConfigKeys (ConfUtils.java:logGet(43)) - raft.server.notification.no-leader.timeout = 120s (custom)
2019-10-15 03:51:02,984 [pool-57-thread-1] INFO  ratis.ContainerStateMachine (ContainerStateMachine.java:loadSnapshot(231)) - group-0CA2DF542071: The snapshot info is null. Setting the last applied indexto:(t:0, i:~)
2019-10-15 03:51:02,985 [pool-67-thread-1] INFO  server.RaftServerConfigKeys (ConfUtils.java:logGet(43)) - raft.server.log.use.memory = false (default)
2019-10-15 03:51:02,985 [pool-47-thread-1] INFO  server.RaftServerConfigKeys (ConfUtils.java:logGet(43)) - raft.server.notification.no-leader.timeout = 120s (custom)
2019-10-15 03:51:02,985 [pool-67-thread-1] INFO  server.RaftServerConfigKeys (ConfUtils.java:logGet(43)) - raft.server.log.purge.gap = 1000000 (custom)
2019-10-15 03:51:02,985 [pool-57-thread-1] INFO  server.RaftServerConfigKeys (ConfUtils.java:logGet(43)) - raft.server.notification.no-leader.timeout = 120s (custom)
2019-10-15 03:51:02,985 [pool-67-thread-1] INFO  server.RaftServerConfigKeys (ConfUtils.java:logGet(43)) - raft.server.log.appender.buffer.byte-limit = 33554432 (custom)
2019-10-15 03:51:02,985 [pool-47-thread-1] INFO  server.RaftServerConfigKeys (ConfUtils.java:logGet(43)) - raft.server.log.use.memory = false (default)
2019-10-15 03:51:02,985 [pool-67-thread-1] INFO  server.RaftServerConfigKeys (ConfUtils.java:logGet(43)) - raft.server.log.segment.size.max = 1048576 (custom)
2019-10-15 03:51:02,985 [pool-57-thread-1] INFO  server.RaftServerConfigKeys (ConfUtils.java:logGet(43)) - raft.server.log.use.memory = false (default)
2019-10-15 03:51:02,986 [pool-67-thread-1] INFO  server.RaftServerConfigKeys (ConfUtils.java:logGet(43)) - raft.server.log.segment.cache.num.max = 2 (custom)
2019-10-15 03:51:02,986 [pool-47-thread-1] INFO  server.RaftServerConfigKeys (ConfUtils.java:logGet(43)) - raft.server.log.purge.gap = 1000000 (custom)
2019-10-15 03:51:02,986 [pool-67-thread-1] INFO  segmented.SegmentedRaftLogWorker (SegmentedRaftLogWorker.java:<init>(173)) - new 87cc7840-07ab-4468-a9bb-b42c9b658208@group-0CA2DF542071-SegmentedRaftLogWorker for RaftStorage:Storage Directory /workdir/hadoop-ozone/integration-test/target/test-dir/MiniOzoneClusterImpl-db766658-51e8-42c9-a009-09e1693026ad/datanode-4/data/ratis/4a6cbcb4-56f0-4d98-ad8a-0ca2df542071
2019-10-15 03:51:02,986 [pool-57-thread-1] INFO  server.RaftServerConfigKeys (ConfUtils.java:logGet(43)) - raft.server.log.purge.gap = 1000000 (custom)
2019-10-15 03:51:02,986 [pool-67-thread-1] INFO  server.RaftServerConfigKeys (ConfUtils.java:logGet(43)) - raft.server.log.queue.byte-limit = 2147483647 (custom)
2019-10-15 03:51:02,986 [pool-47-thread-1] INFO  server.RaftServerConfigKeys (ConfUtils.java:logGet(43)) - raft.server.log.appender.buffer.byte-limit = 33554432 (custom)
2019-10-15 03:51:02,987 [pool-67-thread-1] INFO  server.RaftServerConfigKeys (ConfUtils.java:logGet(43)) - raft.server.log.queue.element-limit = 1024 (custom)
2019-10-15 03:51:02,987 [pool-57-thread-1] INFO  server.RaftServerConfigKeys (ConfUtils.java:logGet(43)) - raft.server.log.appender.buffer.byte-limit = 33554432 (custom)
2019-10-15 03:51:02,987 [pool-67-thread-1] INFO  server.RaftServerConfigKeys (ConfUtils.java:logGet(43)) - raft.server.log.segment.size.max = 1048576 (custom)
2019-10-15 03:51:02,987 [pool-47-thread-1] INFO  server.RaftServerConfigKeys (ConfUtils.java:logGet(43)) - raft.server.log.segment.size.max = 1048576 (custom)
2019-10-15 03:51:02,987 [pool-67-thread-1] INFO  server.RaftServerConfigKeys (ConfUtils.java:logGet(43)) - raft.server.log.preallocated.size = 16384 (custom)
2019-10-15 03:51:02,987 [pool-57-thread-1] INFO  server.RaftServerConfigKeys (ConfUtils.java:logGet(43)) - raft.server.log.segment.size.max = 1048576 (custom)
2019-10-15 03:51:02,988 [pool-67-thread-1] INFO  server.RaftServerConfigKeys (ConfUtils.java:logGet(43)) - raft.server.log.write.buffer.size = 33554432 (custom)
2019-10-15 03:51:02,988 [pool-47-thread-1] INFO  server.RaftServerConfigKeys (ConfUtils.java:logGet(43)) - raft.server.log.segment.cache.num.max = 2 (custom)
2019-10-15 03:51:02,988 [pool-67-thread-1] INFO  server.RaftServerConfigKeys (ConfUtils.java:logGet(43)) - raft.server.log.force.sync.num = 128 (default)
2019-10-15 03:51:02,988 [pool-57-thread-1] INFO  server.RaftServerConfigKeys (ConfUtils.java:logGet(43)) - raft.server.log.segment.cache.num.max = 2 (custom)
2019-10-15 03:51:02,988 [pool-67-thread-1] INFO  server.RaftServerConfigKeys (ConfUtils.java:logGet(43)) - raft.server.log.statemachine.data.sync = true (default)
2019-10-15 03:51:02,988 [pool-47-thread-1] INFO  segmented.SegmentedRaftLogWorker (SegmentedRaftLogWorker.java:<init>(173)) - new 7a3f8abb-79c4-4d5e-8346-45ba7cf38691@group-0CA2DF542071-SegmentedRaftLogWorker for RaftStorage:Storage Directory /workdir/hadoop-ozone/integration-test/target/test-dir/MiniOzoneClusterImpl-db766658-51e8-42c9-a009-09e1693026ad/datanode-2/data/ratis/4a6cbcb4-56f0-4d98-ad8a-0ca2df542071
2019-10-15 03:51:02,989 [pool-67-thread-1] INFO  server.RaftServerConfigKeys (ConfUtils.java:logGet(43)) - raft.server.log.statemachine.data.sync.timeout = 10s (default)
2019-10-15 03:51:02,988 [pool-57-thread-1] INFO  segmented.SegmentedRaftLogWorker (SegmentedRaftLogWorker.java:<init>(173)) - new cb078210-d8fb-4a38-a9bc-8272e5f5dfbb@group-0CA2DF542071-SegmentedRaftLogWorker for RaftStorage:Storage Directory /workdir/hadoop-ozone/integration-test/target/test-dir/MiniOzoneClusterImpl-db766658-51e8-42c9-a009-09e1693026ad/datanode-3/data/ratis/4a6cbcb4-56f0-4d98-ad8a-0ca2df542071
2019-10-15 03:51:02,989 [pool-67-thread-1] INFO  server.RaftServerConfigKeys (ConfUtils.java:logGet(43)) - raft.server.log.statemachine.data.sync.timeout.retry = -1 (default)
2019-10-15 03:51:02,989 [pool-47-thread-1] INFO  server.RaftServerConfigKeys (ConfUtils.java:logGet(43)) - raft.server.log.queue.byte-limit = 2147483647 (custom)
2019-10-15 03:51:02,989 [pool-57-thread-1] INFO  server.RaftServerConfigKeys (ConfUtils.java:logGet(43)) - raft.server.log.queue.byte-limit = 2147483647 (custom)
2019-10-15 03:51:02,989 [pool-47-thread-1] INFO  server.RaftServerConfigKeys (ConfUtils.java:logGet(43)) - raft.server.log.queue.element-limit = 1024 (custom)
2019-10-15 03:51:02,989 [pool-67-thread-1] INFO  server.RaftServerConfigKeys (ConfUtils.java:logGet(43)) - raft.server.log.statemachine.data.caching.enabled = true (custom)
2019-10-15 03:51:02,990 [pool-47-thread-1] INFO  server.RaftServerConfigKeys (ConfUtils.java:logGet(43)) - raft.server.log.segment.size.max = 1048576 (custom)
2019-10-15 03:51:02,990 [pool-57-thread-1] INFO  server.RaftServerConfigKeys (ConfUtils.java:logGet(43)) - raft.server.log.queue.element-limit = 1024 (custom)
2019-10-15 03:51:02,990 [pool-67-thread-1] INFO  segmented.SegmentedRaftLogWorker (SegmentedRaftLogWorker.java:lambda$new$0(128)) - 87cc7840-07ab-4468-a9bb-b42c9b658208@group-0CA2DF542071-SegmentedRaftLogWorker: flushIndex: setUnconditionally 0 -> -1
2019-10-15 03:51:02,990 [pool-47-thread-1] INFO  server.RaftServerConfigKeys (ConfUtils.java:logGet(43)) - raft.server.log.preallocated.size = 16384 (custom)
2019-10-15 03:51:02,990 [pool-57-thread-1] INFO  server.RaftServerConfigKeys (ConfUtils.java:logGet(43)) - raft.server.log.segment.size.max = 1048576 (custom)
2019-10-15 03:51:02,990 [pool-47-thread-1] INFO  server.RaftServerConfigKeys (ConfUtils.java:logGet(43)) - raft.server.log.write.buffer.size = 33554432 (custom)
2019-10-15 03:51:02,990 [pool-67-thread-1] INFO  server.RaftServerConfigKeys (ConfUtils.java:logGet(43)) - raft.server.snapshot.auto.trigger.enabled = true (custom)
2019-10-15 03:51:02,991 [pool-47-thread-1] INFO  server.RaftServerConfigKeys (ConfUtils.java:logGet(43)) - raft.server.log.force.sync.num = 128 (default)
2019-10-15 03:51:02,991 [pool-57-thread-1] INFO  server.RaftServerConfigKeys (ConfUtils.java:logGet(43)) - raft.server.log.preallocated.size = 16384 (custom)
2019-10-15 03:51:02,991 [pool-47-thread-1] INFO  server.RaftServerConfigKeys (ConfUtils.java:logGet(43)) - raft.server.log.statemachine.data.sync = true (default)
2019-10-15 03:51:02,991 [pool-67-thread-1] INFO  server.RaftServerConfigKeys (ConfUtils.java:logGet(43)) - raft.server.snapshot.auto.trigger.threshold = 10000 (custom)
2019-10-15 03:51:02,991 [pool-47-thread-1] INFO  server.RaftServerConfigKeys (ConfUtils.java:logGet(43)) - raft.server.log.statemachine.data.sync.timeout = 10s (default)
2019-10-15 03:51:02,991 [pool-57-thread-1] INFO  server.RaftServerConfigKeys (ConfUtils.java:logGet(43)) - raft.server.log.write.buffer.size = 33554432 (custom)
2019-10-15 03:51:02,995 [pool-47-thread-1] INFO  server.RaftServerConfigKeys (ConfUtils.java:logGet(43)) - raft.server.log.statemachine.data.sync.timeout.retry = -1 (default)
2019-10-15 03:51:02,992 [pool-67-thread-1] INFO  server.RaftServerConfigKeys (ConfUtils.java:logGet(43)) - raft.server.snapshot.retention.file.num = 5 (custom)
2019-10-15 03:51:02,996 [pool-47-thread-1] INFO  server.RaftServerConfigKeys (ConfUtils.java:logGet(43)) - raft.server.log.statemachine.data.caching.enabled = true (custom)
2019-10-15 03:51:02,996 [pool-57-thread-1] INFO  server.RaftServerConfigKeys (ConfUtils.java:logGet(43)) - raft.server.log.force.sync.num = 128 (default)
2019-10-15 03:51:02,996 [pool-47-thread-1] INFO  segmented.SegmentedRaftLogWorker (SegmentedRaftLogWorker.java:lambda$new$0(128)) - 7a3f8abb-79c4-4d5e-8346-45ba7cf38691@group-0CA2DF542071-SegmentedRaftLogWorker: flushIndex: setUnconditionally 0 -> -1
2019-10-15 03:51:02,996 [pool-67-thread-1] INFO  server.RaftServerConfigKeys (ConfUtils.java:logGet(43)) - raft.server.retrycache.expirytime = 600000ms (custom)
2019-10-15 03:51:02,996 [pool-57-thread-1] INFO  server.RaftServerConfigKeys (ConfUtils.java:logGet(43)) - raft.server.log.statemachine.data.sync = true (default)
2019-10-15 03:51:02,997 [pool-47-thread-1] INFO  server.RaftServerConfigKeys (ConfUtils.java:logGet(43)) - raft.server.snapshot.auto.trigger.enabled = true (custom)
2019-10-15 03:51:02,997 [pool-57-thread-1] INFO  server.RaftServerConfigKeys (ConfUtils.java:logGet(43)) - raft.server.log.statemachine.data.sync.timeout = 10s (default)
2019-10-15 03:51:02,997 [pool-47-thread-1] INFO  server.RaftServerConfigKeys (ConfUtils.java:logGet(43)) - raft.server.snapshot.auto.trigger.threshold = 10000 (custom)
2019-10-15 03:51:02,997 [pool-57-thread-1] INFO  server.RaftServerConfigKeys (ConfUtils.java:logGet(43)) - raft.server.log.statemachine.data.sync.timeout.retry = -1 (default)
2019-10-15 03:51:02,997 [pool-47-thread-1] INFO  server.RaftServerConfigKeys (ConfUtils.java:logGet(43)) - raft.server.snapshot.retention.file.num = 5 (custom)
2019-10-15 03:51:02,998 [pool-57-thread-1] INFO  server.RaftServerConfigKeys (ConfUtils.java:logGet(43)) - raft.server.log.statemachine.data.caching.enabled = true (custom)
2019-10-15 03:51:02,998 [pool-47-thread-1] INFO  server.RaftServerConfigKeys (ConfUtils.java:logGet(43)) - raft.server.retrycache.expirytime = 600000ms (custom)
2019-10-15 03:51:02,998 [pool-57-thread-1] INFO  segmented.SegmentedRaftLogWorker (SegmentedRaftLogWorker.java:lambda$new$0(128)) - cb078210-d8fb-4a38-a9bc-8272e5f5dfbb@group-0CA2DF542071-SegmentedRaftLogWorker: flushIndex: setUnconditionally 0 -> -1
2019-10-15 03:51:02,999 [pool-57-thread-1] INFO  server.RaftServerConfigKeys (ConfUtils.java:logGet(43)) - raft.server.snapshot.auto.trigger.enabled = true (custom)
2019-10-15 03:51:02,999 [pool-67-thread-1] INFO  impl.RaftServerImpl (RaftServerImpl.java:start(181)) - 87cc7840-07ab-4468-a9bb-b42c9b658208@group-0CA2DF542071: start as a follower, conf=-1: [7a3f8abb-79c4-4d5e-8346-45ba7cf38691:192.168.151.112:46575, cb078210-d8fb-4a38-a9bc-8272e5f5dfbb:192.168.151.112:39848, 87cc7840-07ab-4468-a9bb-b42c9b658208:192.168.151.112:34751], old=null
2019-10-15 03:51:02,999 [pool-57-thread-1] INFO  server.RaftServerConfigKeys (ConfUtils.java:logGet(43)) - raft.server.snapshot.auto.trigger.threshold = 10000 (custom)
2019-10-15 03:51:02,999 [pool-67-thread-1] INFO  impl.RaftServerImpl (RaftServerImpl.java:setRole(170)) - 87cc7840-07ab-4468-a9bb-b42c9b658208@group-0CA2DF542071: changes role from      null to FOLLOWER at term 0 for startAsFollower
2019-10-15 03:51:02,999 [pool-57-thread-1] INFO  server.RaftServerConfigKeys (ConfUtils.java:logGet(43)) - raft.server.snapshot.retention.file.num = 5 (custom)
2019-10-15 03:51:03,000 [pool-67-thread-1] INFO  impl.RoleInfo (RoleInfo.java:updateAndGet(143)) - 87cc7840-07ab-4468-a9bb-b42c9b658208: start FollowerState
2019-10-15 03:51:03,000 [pool-57-thread-1] INFO  server.RaftServerConfigKeys (ConfUtils.java:logGet(43)) - raft.server.retrycache.expirytime = 600000ms (custom)
2019-10-15 03:51:03,000 [pool-67-thread-1] INFO  util.JmxRegister (JmxRegister.java:tryRegister(44)) - Successfully registered JMX Bean with object name Ratis:service=RaftServer,group=group-0CA2DF542071,id=87cc7840-07ab-4468-a9bb-b42c9b658208
2019-10-15 03:51:03,001 [pool-47-thread-1] INFO  impl.RaftServerImpl (RaftServerImpl.java:start(181)) - 7a3f8abb-79c4-4d5e-8346-45ba7cf38691@group-0CA2DF542071: start as a follower, conf=-1: [7a3f8abb-79c4-4d5e-8346-45ba7cf38691:192.168.151.112:46575, cb078210-d8fb-4a38-a9bc-8272e5f5dfbb:192.168.151.112:39848, 87cc7840-07ab-4468-a9bb-b42c9b658208:192.168.151.112:34751], old=null
2019-10-15 03:51:03,001 [pool-47-thread-1] INFO  impl.RaftServerImpl (RaftServerImpl.java:setRole(170)) - 7a3f8abb-79c4-4d5e-8346-45ba7cf38691@group-0CA2DF542071: changes role from      null to FOLLOWER at term 0 for startAsFollower
2019-10-15 03:51:03,002 [pool-47-thread-1] INFO  impl.RoleInfo (RoleInfo.java:updateAndGet(143)) - 7a3f8abb-79c4-4d5e-8346-45ba7cf38691: start FollowerState
2019-10-15 03:51:03,004 [pool-47-thread-1] INFO  util.JmxRegister (JmxRegister.java:tryRegister(44)) - Successfully registered JMX Bean with object name Ratis:service=RaftServer,group=group-0CA2DF542071,id=7a3f8abb-79c4-4d5e-8346-45ba7cf38691
2019-10-15 03:51:03,016 [pool-57-thread-1] INFO  impl.RaftServerImpl (RaftServerImpl.java:start(181)) - cb078210-d8fb-4a38-a9bc-8272e5f5dfbb@group-0CA2DF542071: start as a follower, conf=-1: [7a3f8abb-79c4-4d5e-8346-45ba7cf38691:192.168.151.112:46575, cb078210-d8fb-4a38-a9bc-8272e5f5dfbb:192.168.151.112:39848, 87cc7840-07ab-4468-a9bb-b42c9b658208:192.168.151.112:34751], old=null
2019-10-15 03:51:03,016 [pool-57-thread-1] INFO  impl.RaftServerImpl (RaftServerImpl.java:setRole(170)) - cb078210-d8fb-4a38-a9bc-8272e5f5dfbb@group-0CA2DF542071: changes role from      null to FOLLOWER at term 0 for startAsFollower
2019-10-15 03:51:03,016 [pool-57-thread-1] INFO  impl.RoleInfo (RoleInfo.java:updateAndGet(143)) - cb078210-d8fb-4a38-a9bc-8272e5f5dfbb: start FollowerState
2019-10-15 03:51:03,017 [pool-57-thread-1] INFO  util.JmxRegister (JmxRegister.java:tryRegister(44)) - Successfully registered JMX Bean with object name Ratis:service=RaftServer,group=group-0CA2DF542071,id=cb078210-d8fb-4a38-a9bc-8272e5f5dfbb
2019-10-15 03:51:03,040 [RatisPipelineUtilsThread] INFO  pipeline.PipelineStateManager (PipelineStateManager.java:addPipeline(56)) - Created pipeline Pipeline[ Id: 4a6cbcb4-56f0-4d98-ad8a-0ca2df542071, Nodes: 7a3f8abb-79c4-4d5e-8346-45ba7cf38691{ip: 192.168.151.112, host: pr-hdds-2194-gpqhj-1713016619, networkLocation: /default-rack, certSerialId: null}cb078210-d8fb-4a38-a9bc-8272e5f5dfbb{ip: 192.168.151.112, host: pr-hdds-2194-gpqhj-1713016619, networkLocation: /default-rack, certSerialId: null}87cc7840-07ab-4468-a9bb-b42c9b658208{ip: 192.168.151.112, host: pr-hdds-2194-gpqhj-1713016619, networkLocation: /default-rack, certSerialId: null}, Type:RATIS, Factor:THREE, State:OPEN]
2019-10-15 03:51:03,068 [grpc-default-executor-0] INFO  impl.RaftServerProxy (RaftServerProxy.java:addNew(89)) - 52de152f-69b6-4a91-acbe-0116c0f58132: addNew group-13F93AC46771:[52de152f-69b6-4a91-acbe-0116c0f58132:192.168.151.112:45717, 17c6328d-41b2-4f2a-9292-e6afe4664332:192.168.151.112:37358, b7b4b7f4-6208-4617-92d6-351d069a50a1:192.168.151.112:37095] returns group-13F93AC46771:java.util.concurrent.CompletableFuture@582c7957[Not completed]
2019-10-15 03:51:03,071 [grpc-default-executor-0] INFO  impl.RaftServerProxy (RaftServerProxy.java:addNew(89)) - b7b4b7f4-6208-4617-92d6-351d069a50a1: addNew group-13F93AC46771:[52de152f-69b6-4a91-acbe-0116c0f58132:192.168.151.112:45717, 17c6328d-41b2-4f2a-9292-e6afe4664332:192.168.151.112:37358, b7b4b7f4-6208-4617-92d6-351d069a50a1:192.168.151.112:37095] returns group-13F93AC46771:java.util.concurrent.CompletableFuture@504c9f00[Not completed]
2019-10-15 03:51:03,071 [grpc-default-executor-2] INFO  impl.RaftServerProxy (RaftServerProxy.java:addNew(89)) - 17c6328d-41b2-4f2a-9292-e6afe4664332: addNew group-13F93AC46771:[52de152f-69b6-4a91-acbe-0116c0f58132:192.168.151.112:45717, 17c6328d-41b2-4f2a-9292-e6afe4664332:192.168.151.112:37358, b7b4b7f4-6208-4617-92d6-351d069a50a1:192.168.151.112:37095] returns group-13F93AC46771:java.util.concurrent.CompletableFuture@55ed5348[Not completed]
2019-10-15 03:51:03,075 [pool-77-thread-1] INFO  impl.RaftServerImpl (RaftServerImpl.java:<init>(95)) - 52de152f-69b6-4a91-acbe-0116c0f58132: new RaftServerImpl for group-13F93AC46771:[52de152f-69b6-4a91-acbe-0116c0f58132:192.168.151.112:45717, 17c6328d-41b2-4f2a-9292-e6afe4664332:192.168.151.112:37358, b7b4b7f4-6208-4617-92d6-351d069a50a1:192.168.151.112:37095] with ContainerStateMachine:uninitialized
2019-10-15 03:51:03,075 [pool-77-thread-1] INFO  server.RaftServerConfigKeys (ConfUtils.java:logGet(43)) - raft.server.rpc.timeout.min = 5s (custom)
2019-10-15 03:51:03,075 [pool-77-thread-1] INFO  server.RaftServerConfigKeys (ConfUtils.java:logGet(43)) - raft.server.rpc.timeout.max = 5200ms (custom)
2019-10-15 03:51:03,076 [pool-77-thread-1] INFO  server.RaftServerConfigKeys (ConfUtils.java:logGet(43)) - raft.server.rpcslowness.timeout = 120s (custom)
2019-10-15 03:51:03,076 [pool-77-thread-1] INFO  server.RaftServerConfigKeys (ConfUtils.java:logGet(43)) - raft.server.sleep.deviation.threshold = 300 (default)
2019-10-15 03:51:03,076 [pool-77-thread-1] INFO  server.RaftServerConfigKeys (ConfUtils.java:logGet(43)) - raft.server.log.appender.install.snapshot.enabled = false (custom)
2019-10-15 03:51:03,076 [pool-77-thread-1] INFO  impl.RaftServerImpl (ServerState.java:<init>(103)) - 52de152f-69b6-4a91-acbe-0116c0f58132@group-13F93AC46771: ConfigurationManager, init=-1: [52de152f-69b6-4a91-acbe-0116c0f58132:192.168.151.112:45717, 17c6328d-41b2-4f2a-9292-e6afe4664332:192.168.151.112:37358, b7b4b7f4-6208-4617-92d6-351d069a50a1:192.168.151.112:37095], old=null, confs=<EMPTY_MAP>
2019-10-15 03:51:03,076 [pool-77-thread-1] INFO  server.RaftServerConfigKeys (ConfUtils.java:logGet(43)) - raft.server.storage.dir = [/workdir/hadoop-ozone/integration-test/target/test-dir/MiniOzoneClusterImpl-db766658-51e8-42c9-a009-09e1693026ad/datanode-5/data/ratis] (custom)
2019-10-15 03:51:03,076 [pool-77-thread-1] INFO  server.RaftServerConfigKeys (ConfUtils.java:logGet(43)) - raft.server.log.corruption.policy = EXCEPTION (default)
2019-10-15 03:51:03,076 [pool-37-thread-1] INFO  impl.RaftServerImpl (RaftServerImpl.java:<init>(95)) - b7b4b7f4-6208-4617-92d6-351d069a50a1: new RaftServerImpl for group-13F93AC46771:[52de152f-69b6-4a91-acbe-0116c0f58132:192.168.151.112:45717, 17c6328d-41b2-4f2a-9292-e6afe4664332:192.168.151.112:37358, b7b4b7f4-6208-4617-92d6-351d069a50a1:192.168.151.112:37095] with ContainerStateMachine:uninitialized
2019-10-15 03:51:03,077 [pool-77-thread-1] INFO  storage.RaftStorageDirectory (RaftStorageDirectory.java:analyzeStorage(246)) - The storage directory /workdir/hadoop-ozone/integration-test/target/test-dir/MiniOzoneClusterImpl-db766658-51e8-42c9-a009-09e1693026ad/datanode-5/data/ratis/e84d68ad-e13c-4e13-9cad-13f93ac46771 does not exist. Creating ...
2019-10-15 03:51:03,077 [pool-37-thread-1] INFO  server.RaftServerConfigKeys (ConfUtils.java:logGet(43)) - raft.server.rpc.timeout.min = 5s (custom)
2019-10-15 03:51:03,077 [pool-37-thread-1] INFO  server.RaftServerConfigKeys (ConfUtils.java:logGet(43)) - raft.server.rpc.timeout.max = 5200ms (custom)
2019-10-15 03:51:03,077 [pool-37-thread-1] INFO  server.RaftServerConfigKeys (ConfUtils.java:logGet(43)) - raft.server.rpcslowness.timeout = 120s (custom)
2019-10-15 03:51:03,077 [pool-37-thread-1] INFO  server.RaftServerConfigKeys (ConfUtils.java:logGet(43)) - raft.server.sleep.deviation.threshold = 300 (default)
2019-10-15 03:51:03,077 [pool-37-thread-1] INFO  server.RaftServerConfigKeys (ConfUtils.java:logGet(43)) - raft.server.log.appender.install.snapshot.enabled = false (custom)
2019-10-15 03:51:03,078 [pool-37-thread-1] INFO  impl.RaftServerImpl (ServerState.java:<init>(103)) - b7b4b7f4-6208-4617-92d6-351d069a50a1@group-13F93AC46771: ConfigurationManager, init=-1: [52de152f-69b6-4a91-acbe-0116c0f58132:192.168.151.112:45717, 17c6328d-41b2-4f2a-9292-e6afe4664332:192.168.151.112:37358, b7b4b7f4-6208-4617-92d6-351d069a50a1:192.168.151.112:37095], old=null, confs=<EMPTY_MAP>
2019-10-15 03:51:03,078 [pool-37-thread-1] INFO  server.RaftServerConfigKeys (ConfUtils.java:logGet(43)) - raft.server.storage.dir = [/workdir/hadoop-ozone/integration-test/target/test-dir/MiniOzoneClusterImpl-db766658-51e8-42c9-a009-09e1693026ad/datanode-1/data/ratis] (custom)
2019-10-15 03:51:03,078 [pool-27-thread-1] INFO  impl.RaftServerImpl (RaftServerImpl.java:<init>(95)) - 17c6328d-41b2-4f2a-9292-e6afe4664332: new RaftServerImpl for group-13F93AC46771:[52de152f-69b6-4a91-acbe-0116c0f58132:192.168.151.112:45717, 17c6328d-41b2-4f2a-9292-e6afe4664332:192.168.151.112:37358, b7b4b7f4-6208-4617-92d6-351d069a50a1:192.168.151.112:37095] with ContainerStateMachine:uninitialized
2019-10-15 03:51:03,078 [pool-37-thread-1] INFO  server.RaftServerConfigKeys (ConfUtils.java:logGet(43)) - raft.server.log.corruption.policy = EXCEPTION (default)
2019-10-15 03:51:03,078 [pool-27-thread-1] INFO  server.RaftServerConfigKeys (ConfUtils.java:logGet(43)) - raft.server.rpc.timeout.min = 5s (custom)
2019-10-15 03:51:03,078 [pool-37-thread-1] INFO  storage.RaftStorageDirectory (RaftStorageDirectory.java:analyzeStorage(246)) - The storage directory /workdir/hadoop-ozone/integration-test/target/test-dir/MiniOzoneClusterImpl-db766658-51e8-42c9-a009-09e1693026ad/datanode-1/data/ratis/e84d68ad-e13c-4e13-9cad-13f93ac46771 does not exist. Creating ...
2019-10-15 03:51:03,078 [pool-27-thread-1] INFO  server.RaftServerConfigKeys (ConfUtils.java:logGet(43)) - raft.server.rpc.timeout.max = 5200ms (custom)
2019-10-15 03:51:03,079 [pool-27-thread-1] INFO  server.RaftServerConfigKeys (ConfUtils.java:logGet(43)) - raft.server.rpcslowness.timeout = 120s (custom)
2019-10-15 03:51:03,079 [pool-27-thread-1] INFO  server.RaftServerConfigKeys (ConfUtils.java:logGet(43)) - raft.server.sleep.deviation.threshold = 300 (default)
2019-10-15 03:51:03,079 [pool-27-thread-1] INFO  server.RaftServerConfigKeys (ConfUtils.java:logGet(43)) - raft.server.log.appender.install.snapshot.enabled = false (custom)
2019-10-15 03:51:03,079 [pool-27-thread-1] INFO  impl.RaftServerImpl (ServerState.java:<init>(103)) - 17c6328d-41b2-4f2a-9292-e6afe4664332@group-13F93AC46771: ConfigurationManager, init=-1: [52de152f-69b6-4a91-acbe-0116c0f58132:192.168.151.112:45717, 17c6328d-41b2-4f2a-9292-e6afe4664332:192.168.151.112:37358, b7b4b7f4-6208-4617-92d6-351d069a50a1:192.168.151.112:37095], old=null, confs=<EMPTY_MAP>
2019-10-15 03:51:03,079 [pool-27-thread-1] INFO  server.RaftServerConfigKeys (ConfUtils.java:logGet(43)) - raft.server.storage.dir = [/workdir/hadoop-ozone/integration-test/target/test-dir/MiniOzoneClusterImpl-db766658-51e8-42c9-a009-09e1693026ad/datanode-0/data/ratis] (custom)
2019-10-15 03:51:03,080 [pool-27-thread-1] INFO  server.RaftServerConfigKeys (ConfUtils.java:logGet(43)) - raft.server.log.corruption.policy = EXCEPTION (default)
2019-10-15 03:51:03,080 [pool-27-thread-1] INFO  storage.RaftStorageDirectory (RaftStorageDirectory.java:analyzeStorage(246)) - The storage directory /workdir/hadoop-ozone/integration-test/target/test-dir/MiniOzoneClusterImpl-db766658-51e8-42c9-a009-09e1693026ad/datanode-0/data/ratis/e84d68ad-e13c-4e13-9cad-13f93ac46771 does not exist. Creating ...
2019-10-15 03:51:03,109 [pool-27-thread-1] INFO  storage.RaftStorageDirectory (RaftStorageDirectory.java:tryLock(328)) - Lock on /workdir/hadoop-ozone/integration-test/target/test-dir/MiniOzoneClusterImpl-db766658-51e8-42c9-a009-09e1693026ad/datanode-0/data/ratis/e84d68ad-e13c-4e13-9cad-13f93ac46771/in_use.lock acquired by nodename 22767@pr-hdds-2194-gpqhj-1713016619
2019-10-15 03:51:03,110 [pool-77-thread-1] INFO  storage.RaftStorageDirectory (RaftStorageDirectory.java:tryLock(328)) - Lock on /workdir/hadoop-ozone/integration-test/target/test-dir/MiniOzoneClusterImpl-db766658-51e8-42c9-a009-09e1693026ad/datanode-5/data/ratis/e84d68ad-e13c-4e13-9cad-13f93ac46771/in_use.lock acquired by nodename 22767@pr-hdds-2194-gpqhj-1713016619
2019-10-15 03:51:03,110 [pool-37-thread-1] INFO  storage.RaftStorageDirectory (RaftStorageDirectory.java:tryLock(328)) - Lock on /workdir/hadoop-ozone/integration-test/target/test-dir/MiniOzoneClusterImpl-db766658-51e8-42c9-a009-09e1693026ad/datanode-1/data/ratis/e84d68ad-e13c-4e13-9cad-13f93ac46771/in_use.lock acquired by nodename 22767@pr-hdds-2194-gpqhj-1713016619
2019-10-15 03:51:03,144 [pool-77-thread-1] INFO  storage.RaftStorage (RaftStorage.java:format(84)) - Storage directory /workdir/hadoop-ozone/integration-test/target/test-dir/MiniOzoneClusterImpl-db766658-51e8-42c9-a009-09e1693026ad/datanode-5/data/ratis/e84d68ad-e13c-4e13-9cad-13f93ac46771 has been successfully formatted.
2019-10-15 03:51:03,144 [pool-37-thread-1] INFO  storage.RaftStorage (RaftStorage.java:format(84)) - Storage directory /workdir/hadoop-ozone/integration-test/target/test-dir/MiniOzoneClusterImpl-db766658-51e8-42c9-a009-09e1693026ad/datanode-1/data/ratis/e84d68ad-e13c-4e13-9cad-13f93ac46771 has been successfully formatted.
2019-10-15 03:51:03,144 [pool-27-thread-1] INFO  storage.RaftStorage (RaftStorage.java:format(84)) - Storage directory /workdir/hadoop-ozone/integration-test/target/test-dir/MiniOzoneClusterImpl-db766658-51e8-42c9-a009-09e1693026ad/datanode-0/data/ratis/e84d68ad-e13c-4e13-9cad-13f93ac46771 has been successfully formatted.
2019-10-15 03:51:03,144 [pool-77-thread-1] INFO  ratis.ContainerStateMachine (ContainerStateMachine.java:loadSnapshot(231)) - group-13F93AC46771: The snapshot info is null. Setting the last applied indexto:(t:0, i:~)
2019-10-15 03:51:03,144 [pool-37-thread-1] INFO  ratis.ContainerStateMachine (ContainerStateMachine.java:loadSnapshot(231)) - group-13F93AC46771: The snapshot info is null. Setting the last applied indexto:(t:0, i:~)
2019-10-15 03:51:03,144 [pool-77-thread-1] INFO  server.RaftServerConfigKeys (ConfUtils.java:logGet(43)) - raft.server.notification.no-leader.timeout = 120s (custom)
2019-10-15 03:51:03,144 [pool-27-thread-1] INFO  ratis.ContainerStateMachine (ContainerStateMachine.java:loadSnapshot(231)) - group-13F93AC46771: The snapshot info is null. Setting the last applied indexto:(t:0, i:~)
2019-10-15 03:51:03,144 [pool-37-thread-1] INFO  server.RaftServerConfigKeys (ConfUtils.java:logGet(43)) - raft.server.notification.no-leader.timeout = 120s (custom)
2019-10-15 03:51:03,144 [pool-77-thread-1] INFO  server.RaftServerConfigKeys (ConfUtils.java:logGet(43)) - raft.server.log.use.memory = false (default)
2019-10-15 03:51:03,145 [pool-37-thread-1] INFO  server.RaftServerConfigKeys (ConfUtils.java:logGet(43)) - raft.server.log.use.memory = false (default)
2019-10-15 03:51:03,145 [pool-27-thread-1] INFO  server.RaftServerConfigKeys (ConfUtils.java:logGet(43)) - raft.server.notification.no-leader.timeout = 120s (custom)
2019-10-15 03:51:03,154 [pool-37-thread-1] INFO  server.RaftServerConfigKeys (ConfUtils.java:logGet(43)) - raft.server.log.purge.gap = 1000000 (custom)
2019-10-15 03:51:03,150 [pool-77-thread-1] INFO  server.RaftServerConfigKeys (ConfUtils.java:logGet(43)) - raft.server.log.purge.gap = 1000000 (custom)
2019-10-15 03:51:03,154 [pool-37-thread-1] INFO  server.RaftServerConfigKeys (ConfUtils.java:logGet(43)) - raft.server.log.appender.buffer.byte-limit = 33554432 (custom)
2019-10-15 03:51:03,154 [pool-27-thread-1] INFO  server.RaftServerConfigKeys (ConfUtils.java:logGet(43)) - raft.server.log.use.memory = false (default)
2019-10-15 03:51:03,154 [pool-37-thread-1] INFO  server.RaftServerConfigKeys (ConfUtils.java:logGet(43)) - raft.server.log.segment.size.max = 1048576 (custom)
2019-10-15 03:51:03,154 [pool-77-thread-1] INFO  server.RaftServerConfigKeys (ConfUtils.java:logGet(43)) - raft.server.log.appender.buffer.byte-limit = 33554432 (custom)
2019-10-15 03:51:03,155 [pool-37-thread-1] INFO  server.RaftServerConfigKeys (ConfUtils.java:logGet(43)) - raft.server.log.segment.cache.num.max = 2 (custom)
2019-10-15 03:51:03,155 [pool-27-thread-1] INFO  server.RaftServerConfigKeys (ConfUtils.java:logGet(43)) - raft.server.log.purge.gap = 1000000 (custom)
2019-10-15 03:51:03,155 [pool-37-thread-1] INFO  segmented.SegmentedRaftLogWorker (SegmentedRaftLogWorker.java:<init>(173)) - new b7b4b7f4-6208-4617-92d6-351d069a50a1@group-13F93AC46771-SegmentedRaftLogWorker for RaftStorage:Storage Directory /workdir/hadoop-ozone/integration-test/target/test-dir/MiniOzoneClusterImpl-db766658-51e8-42c9-a009-09e1693026ad/datanode-1/data/ratis/e84d68ad-e13c-4e13-9cad-13f93ac46771
2019-10-15 03:51:03,155 [pool-77-thread-1] INFO  server.RaftServerConfigKeys (ConfUtils.java:logGet(43)) - raft.server.log.segment.size.max = 1048576 (custom)
2019-10-15 03:51:03,155 [pool-37-thread-1] INFO  server.RaftServerConfigKeys (ConfUtils.java:logGet(43)) - raft.server.log.queue.byte-limit = 2147483647 (custom)
2019-10-15 03:51:03,155 [pool-27-thread-1] INFO  server.RaftServerConfigKeys (ConfUtils.java:logGet(43)) - raft.server.log.appender.buffer.byte-limit = 33554432 (custom)
2019-10-15 03:51:03,156 [pool-37-thread-1] INFO  server.RaftServerConfigKeys (ConfUtils.java:logGet(43)) - raft.server.log.queue.element-limit = 1024 (custom)
2019-10-15 03:51:03,155 [pool-77-thread-1] INFO  server.RaftServerConfigKeys (ConfUtils.java:logGet(43)) - raft.server.log.segment.cache.num.max = 2 (custom)
2019-10-15 03:51:03,156 [pool-37-thread-1] INFO  server.RaftServerConfigKeys (ConfUtils.java:logGet(43)) - raft.server.log.segment.size.max = 1048576 (custom)
2019-10-15 03:51:03,156 [pool-27-thread-1] INFO  server.RaftServerConfigKeys (ConfUtils.java:logGet(43)) - raft.server.log.segment.size.max = 1048576 (custom)
2019-10-15 03:51:03,156 [pool-37-thread-1] INFO  server.RaftServerConfigKeys (ConfUtils.java:logGet(43)) - raft.server.log.preallocated.size = 16384 (custom)
2019-10-15 03:51:03,156 [pool-77-thread-1] INFO  segmented.SegmentedRaftLogWorker (SegmentedRaftLogWorker.java:<init>(173)) - new 52de152f-69b6-4a91-acbe-0116c0f58132@group-13F93AC46771-SegmentedRaftLogWorker for RaftStorage:Storage Directory /workdir/hadoop-ozone/integration-test/target/test-dir/MiniOzoneClusterImpl-db766658-51e8-42c9-a009-09e1693026ad/datanode-5/data/ratis/e84d68ad-e13c-4e13-9cad-13f93ac46771
2019-10-15 03:51:03,156 [pool-37-thread-1] INFO  server.RaftServerConfigKeys (ConfUtils.java:logGet(43)) - raft.server.log.write.buffer.size = 33554432 (custom)
2019-10-15 03:51:03,156 [pool-27-thread-1] INFO  server.RaftServerConfigKeys (ConfUtils.java:logGet(43)) - raft.server.log.segment.cache.num.max = 2 (custom)
2019-10-15 03:51:03,157 [pool-37-thread-1] INFO  server.RaftServerConfigKeys (ConfUtils.java:logGet(43)) - raft.server.log.force.sync.num = 128 (default)
2019-10-15 03:51:03,156 [pool-77-thread-1] INFO  server.RaftServerConfigKeys (ConfUtils.java:logGet(43)) - raft.server.log.queue.byte-limit = 2147483647 (custom)
2019-10-15 03:51:03,157 [pool-37-thread-1] INFO  server.RaftServerConfigKeys (ConfUtils.java:logGet(43)) - raft.server.log.statemachine.data.sync = true (default)
2019-10-15 03:51:03,157 [pool-27-thread-1] INFO  segmented.SegmentedRaftLogWorker (SegmentedRaftLogWorker.java:<init>(173)) - new 17c6328d-41b2-4f2a-9292-e6afe4664332@group-13F93AC46771-SegmentedRaftLogWorker for RaftStorage:Storage Directory /workdir/hadoop-ozone/integration-test/target/test-dir/MiniOzoneClusterImpl-db766658-51e8-42c9-a009-09e1693026ad/datanode-0/data/ratis/e84d68ad-e13c-4e13-9cad-13f93ac46771
2019-10-15 03:51:03,157 [pool-37-thread-1] INFO  server.RaftServerConfigKeys (ConfUtils.java:logGet(43)) - raft.server.log.statemachine.data.sync.timeout = 10s (default)
2019-10-15 03:51:03,157 [pool-77-thread-1] INFO  server.RaftServerConfigKeys (ConfUtils.java:logGet(43)) - raft.server.log.queue.element-limit = 1024 (custom)
2019-10-15 03:51:03,157 [pool-37-thread-1] INFO  server.RaftServerConfigKeys (ConfUtils.java:logGet(43)) - raft.server.log.statemachine.data.sync.timeout.retry = -1 (default)
2019-10-15 03:51:03,157 [pool-27-thread-1] INFO  server.RaftServerConfigKeys (ConfUtils.java:logGet(43)) - raft.server.log.queue.byte-limit = 2147483647 (custom)
2019-10-15 03:51:03,158 [pool-37-thread-1] INFO  server.RaftServerConfigKeys (ConfUtils.java:logGet(43)) - raft.server.log.statemachine.data.caching.enabled = true (custom)
2019-10-15 03:51:03,158 [pool-77-thread-1] INFO  server.RaftServerConfigKeys (ConfUtils.java:logGet(43)) - raft.server.log.segment.size.max = 1048576 (custom)
2019-10-15 03:51:03,158 [pool-27-thread-1] INFO  server.RaftServerConfigKeys (ConfUtils.java:logGet(43)) - raft.server.log.queue.element-limit = 1024 (custom)
2019-10-15 03:51:03,158 [pool-37-thread-1] INFO  segmented.SegmentedRaftLogWorker (SegmentedRaftLogWorker.java:lambda$new$0(128)) - b7b4b7f4-6208-4617-92d6-351d069a50a1@group-13F93AC46771-SegmentedRaftLogWorker: flushIndex: setUnconditionally 0 -> -1
2019-10-15 03:51:03,158 [pool-77-thread-1] INFO  server.RaftServerConfigKeys (ConfUtils.java:logGet(43)) - raft.server.log.preallocated.size = 16384 (custom)
2019-10-15 03:51:03,158 [pool-27-thread-1] INFO  server.RaftServerConfigKeys (ConfUtils.java:logGet(43)) - raft.server.log.segment.size.max = 1048576 (custom)
2019-10-15 03:51:03,158 [pool-77-thread-1] INFO  server.RaftServerConfigKeys (ConfUtils.java:logGet(43)) - raft.server.log.write.buffer.size = 33554432 (custom)
2019-10-15 03:51:03,159 [pool-37-thread-1] INFO  server.RaftServerConfigKeys (ConfUtils.java:logGet(43)) - raft.server.snapshot.auto.trigger.enabled = true (custom)
2019-10-15 03:51:03,159 [pool-27-thread-1] INFO  server.RaftServerConfigKeys (ConfUtils.java:logGet(43)) - raft.server.log.preallocated.size = 16384 (custom)
2019-10-15 03:51:03,159 [pool-37-thread-1] INFO  server.RaftServerConfigKeys (ConfUtils.java:logGet(43)) - raft.server.snapshot.auto.trigger.threshold = 10000 (custom)
2019-10-15 03:51:03,159 [pool-77-thread-1] INFO  server.RaftServerConfigKeys (ConfUtils.java:logGet(43)) - raft.server.log.force.sync.num = 128 (default)
2019-10-15 03:51:03,159 [pool-37-thread-1] INFO  server.RaftServerConfigKeys (ConfUtils.java:logGet(43)) - raft.server.snapshot.retention.file.num = 5 (custom)
2019-10-15 03:51:03,159 [pool-27-thread-1] INFO  server.RaftServerConfigKeys (ConfUtils.java:logGet(43)) - raft.server.log.write.buffer.size = 33554432 (custom)
2019-10-15 03:51:03,160 [pool-37-thread-1] INFO  server.RaftServerConfigKeys (ConfUtils.java:logGet(43)) - raft.server.retrycache.expirytime = 600000ms (custom)
2019-10-15 03:51:03,159 [pool-77-thread-1] INFO  server.RaftServerConfigKeys (ConfUtils.java:logGet(43)) - raft.server.log.statemachine.data.sync = true (default)
2019-10-15 03:51:03,160 [pool-27-thread-1] INFO  server.RaftServerConfigKeys (ConfUtils.java:logGet(43)) - raft.server.log.force.sync.num = 128 (default)
2019-10-15 03:51:03,160 [pool-77-thread-1] INFO  server.RaftServerConfigKeys (ConfUtils.java:logGet(43)) - raft.server.log.statemachine.data.sync.timeout = 10s (default)
2019-10-15 03:51:03,160 [pool-27-thread-1] INFO  server.RaftServerConfigKeys (ConfUtils.java:logGet(43)) - raft.server.log.statemachine.data.sync = true (default)
2019-10-15 03:51:03,160 [pool-77-thread-1] INFO  server.RaftServerConfigKeys (ConfUtils.java:logGet(43)) - raft.server.log.statemachine.data.sync.timeout.retry = -1 (default)
2019-10-15 03:51:03,161 [pool-27-thread-1] INFO  server.RaftServerConfigKeys (ConfUtils.java:logGet(43)) - raft.server.log.statemachine.data.sync.timeout = 10s (default)
2019-10-15 03:51:03,161 [pool-77-thread-1] INFO  server.RaftServerConfigKeys (ConfUtils.java:logGet(43)) - raft.server.log.statemachine.data.caching.enabled = true (custom)
2019-10-15 03:51:03,161 [pool-27-thread-1] INFO  server.RaftServerConfigKeys (ConfUtils.java:logGet(43)) - raft.server.log.statemachine.data.sync.timeout.retry = -1 (default)
2019-10-15 03:51:03,161 [pool-77-thread-1] INFO  segmented.SegmentedRaftLogWorker (SegmentedRaftLogWorker.java:lambda$new$0(128)) - 52de152f-69b6-4a91-acbe-0116c0f58132@group-13F93AC46771-SegmentedRaftLogWorker: flushIndex: setUnconditionally 0 -> -1
2019-10-15 03:51:03,161 [pool-27-thread-1] INFO  server.RaftServerConfigKeys (ConfUtils.java:logGet(43)) - raft.server.log.statemachine.data.caching.enabled = true (custom)
2019-10-15 03:51:03,161 [pool-77-thread-1] INFO  server.RaftServerConfigKeys (ConfUtils.java:logGet(43)) - raft.server.snapshot.auto.trigger.enabled = true (custom)
2019-10-15 03:51:03,162 [pool-77-thread-1] INFO  server.RaftServerConfigKeys (ConfUtils.java:logGet(43)) - raft.server.snapshot.auto.trigger.threshold = 10000 (custom)
2019-10-15 03:51:03,162 [pool-77-thread-1] INFO  server.RaftServerConfigKeys (ConfUtils.java:logGet(43)) - raft.server.snapshot.retention.file.num = 5 (custom)
2019-10-15 03:51:03,162 [pool-27-thread-1] INFO  segmented.SegmentedRaftLogWorker (SegmentedRaftLogWorker.java:lambda$new$0(128)) - 17c6328d-41b2-4f2a-9292-e6afe4664332@group-13F93AC46771-SegmentedRaftLogWorker: flushIndex: setUnconditionally 0 -> -1
2019-10-15 03:51:03,162 [pool-77-thread-1] INFO  server.RaftServerConfigKeys (ConfUtils.java:logGet(43)) - raft.server.retrycache.expirytime = 600000ms (custom)
2019-10-15 03:51:03,162 [pool-27-thread-1] INFO  server.RaftServerConfigKeys (ConfUtils.java:logGet(43)) - raft.server.snapshot.auto.trigger.enabled = true (custom)
2019-10-15 03:51:03,162 [pool-27-thread-1] INFO  server.RaftServerConfigKeys (ConfUtils.java:logGet(43)) - raft.server.snapshot.auto.trigger.threshold = 10000 (custom)
2019-10-15 03:51:03,162 [pool-27-thread-1] INFO  server.RaftServerConfigKeys (ConfUtils.java:logGet(43)) - raft.server.snapshot.retention.file.num = 5 (custom)
2019-10-15 03:51:03,163 [pool-27-thread-1] INFO  server.RaftServerConfigKeys (ConfUtils.java:logGet(43)) - raft.server.retrycache.expirytime = 600000ms (custom)
2019-10-15 03:51:03,164 [pool-37-thread-1] INFO  impl.RaftServerImpl (RaftServerImpl.java:start(181)) - b7b4b7f4-6208-4617-92d6-351d069a50a1@group-13F93AC46771: start as a follower, conf=-1: [52de152f-69b6-4a91-acbe-0116c0f58132:192.168.151.112:45717, 17c6328d-41b2-4f2a-9292-e6afe4664332:192.168.151.112:37358, b7b4b7f4-6208-4617-92d6-351d069a50a1:192.168.151.112:37095], old=null
2019-10-15 03:51:03,164 [pool-37-thread-1] INFO  impl.RaftServerImpl (RaftServerImpl.java:setRole(170)) - b7b4b7f4-6208-4617-92d6-351d069a50a1@group-13F93AC46771: changes role from      null to FOLLOWER at term 0 for startAsFollower
2019-10-15 03:51:03,164 [pool-37-thread-1] INFO  impl.RoleInfo (RoleInfo.java:updateAndGet(143)) - b7b4b7f4-6208-4617-92d6-351d069a50a1: start FollowerState
2019-10-15 03:51:03,165 [pool-77-thread-1] INFO  impl.RaftServerImpl (RaftServerImpl.java:start(181)) - 52de152f-69b6-4a91-acbe-0116c0f58132@group-13F93AC46771: start as a follower, conf=-1: [52de152f-69b6-4a91-acbe-0116c0f58132:192.168.151.112:45717, 17c6328d-41b2-4f2a-9292-e6afe4664332:192.168.151.112:37358, b7b4b7f4-6208-4617-92d6-351d069a50a1:192.168.151.112:37095], old=null
2019-10-15 03:51:03,165 [pool-37-thread-1] INFO  util.JmxRegister (JmxRegister.java:tryRegister(44)) - Successfully registered JMX Bean with object name Ratis:service=RaftServer,group=group-13F93AC46771,id=b7b4b7f4-6208-4617-92d6-351d069a50a1
2019-10-15 03:51:03,165 [pool-77-thread-1] INFO  impl.RaftServerImpl (RaftServerImpl.java:setRole(170)) - 52de152f-69b6-4a91-acbe-0116c0f58132@group-13F93AC46771: changes role from      null to FOLLOWER at term 0 for startAsFollower
2019-10-15 03:51:03,165 [pool-77-thread-1] INFO  impl.RoleInfo (RoleInfo.java:updateAndGet(143)) - 52de152f-69b6-4a91-acbe-0116c0f58132: start FollowerState
2019-10-15 03:51:03,166 [pool-77-thread-1] INFO  util.JmxRegister (JmxRegister.java:tryRegister(44)) - Successfully registered JMX Bean with object name Ratis:service=RaftServer,group=group-13F93AC46771,id=52de152f-69b6-4a91-acbe-0116c0f58132
2019-10-15 03:51:03,167 [pool-27-thread-1] INFO  impl.RaftServerImpl (RaftServerImpl.java:start(181)) - 17c6328d-41b2-4f2a-9292-e6afe4664332@group-13F93AC46771: start as a follower, conf=-1: [52de152f-69b6-4a91-acbe-0116c0f58132:192.168.151.112:45717, 17c6328d-41b2-4f2a-9292-e6afe4664332:192.168.151.112:37358, b7b4b7f4-6208-4617-92d6-351d069a50a1:192.168.151.112:37095], old=null
2019-10-15 03:51:03,167 [pool-27-thread-1] INFO  impl.RaftServerImpl (RaftServerImpl.java:setRole(170)) - 17c6328d-41b2-4f2a-9292-e6afe4664332@group-13F93AC46771: changes role from      null to FOLLOWER at term 0 for startAsFollower
2019-10-15 03:51:03,167 [pool-27-thread-1] INFO  impl.RoleInfo (RoleInfo.java:updateAndGet(143)) - 17c6328d-41b2-4f2a-9292-e6afe4664332: start FollowerState
2019-10-15 03:51:03,167 [pool-27-thread-1] INFO  util.JmxRegister (JmxRegister.java:tryRegister(44)) - Successfully registered JMX Bean with object name Ratis:service=RaftServer,group=group-13F93AC46771,id=17c6328d-41b2-4f2a-9292-e6afe4664332
2019-10-15 03:51:03,197 [main] INFO  rpc.RpcClient (RpcClient.java:createVolume(272)) - Creating Volume: watchforcommithandlingtest, with jenkins1000 as owner.
2019-10-15 03:51:03,199 [RatisPipelineUtilsThread] INFO  pipeline.PipelineStateManager (PipelineStateManager.java:addPipeline(56)) - Created pipeline Pipeline[ Id: e84d68ad-e13c-4e13-9cad-13f93ac46771, Nodes: 52de152f-69b6-4a91-acbe-0116c0f58132{ip: 192.168.151.112, host: pr-hdds-2194-gpqhj-1713016619, networkLocation: /default-rack, certSerialId: null}17c6328d-41b2-4f2a-9292-e6afe4664332{ip: 192.168.151.112, host: pr-hdds-2194-gpqhj-1713016619, networkLocation: /default-rack, certSerialId: null}b7b4b7f4-6208-4617-92d6-351d069a50a1{ip: 192.168.151.112, host: pr-hdds-2194-gpqhj-1713016619, networkLocation: /default-rack, certSerialId: null}, Type:RATIS, Factor:THREE, State:OPEN]
2019-10-15 03:51:03,746 [IPC Server handler 15 on 41495] INFO  volume.OMVolumeCreateRequest (OMVolumeCreateRequest.java:validateAndUpdateCache(193)) - created volume:watchforcommithandlingtest for user:jenkins1000
2019-10-15 03:51:03,888 [main] INFO  rpc.RpcClient (RpcClient.java:createBucket(411)) - Creating Bucket: watchforcommithandlingtest/watchforcommithandlingtest, with Versioning false and Storage Type set to DISK and Encryption set to false 
2019-10-15 03:51:03,913 [main] INFO  ozone.MiniOzoneClusterImpl (MiniOzoneClusterImpl.java:getStorageContainerLocationClient(234)) - Creating StorageContainerLocationProtocol RPC client with address /0.0.0.0:44657
2019-10-15 03:51:03,941 [main] INFO  impl.MetricsSystemImpl (MetricsSystemImpl.java:init(158)) - XceiverClientMetrics metrics system started (again)
2019-10-15 03:51:04,033 [Thread-238] INFO  container.ReplicationManager (ReplicationManager.java:start(162)) - Starting Replication Monitor Thread.
2019-10-15 03:51:04,036 [ReplicationMonitor] INFO  container.ReplicationManager (ReplicationManager.java:run(225)) - Replication Monitor Thread took 3 milliseconds for processing 1 containers.
2019-10-15 03:51:06,847 [Thread-240] INFO  impl.FollowerState (FollowerState.java:run(108)) - 17c6328d-41b2-4f2a-9292-e6afe4664332@group-DF910EF762BC-FollowerState: change to CANDIDATE, lastRpcTime:5035ms, electionTimeout:5034ms
2019-10-15 03:51:06,852 [Thread-240] INFO  impl.RoleInfo (RoleInfo.java:shutdownFollowerState(121)) - 17c6328d-41b2-4f2a-9292-e6afe4664332: shutdown FollowerState
2019-10-15 03:51:06,852 [Thread-240] INFO  impl.RaftServerImpl (RaftServerImpl.java:setRole(170)) - 17c6328d-41b2-4f2a-9292-e6afe4664332@group-DF910EF762BC: changes role from  FOLLOWER to CANDIDATE at term 0 for changeToCandidate
2019-10-15 03:51:06,859 [Thread-240] INFO  impl.RoleInfo (RoleInfo.java:updateAndGet(143)) - 17c6328d-41b2-4f2a-9292-e6afe4664332: start LeaderElection
2019-10-15 03:51:06,895 [17c6328d-41b2-4f2a-9292-e6afe4664332@group-DF910EF762BC-LeaderElection1] INFO  impl.LeaderElection (LeaderElection.java:askForVotes(178)) - 17c6328d-41b2-4f2a-9292-e6afe4664332@group-DF910EF762BC-LeaderElection1: begin an election at term 1 for -1: [17c6328d-41b2-4f2a-9292-e6afe4664332:192.168.151.112:37358], old=null
2019-10-15 03:51:06,897 [17c6328d-41b2-4f2a-9292-e6afe4664332@group-DF910EF762BC-LeaderElection1] INFO  impl.RoleInfo (RoleInfo.java:shutdownLeaderElection(134)) - 17c6328d-41b2-4f2a-9292-e6afe4664332: shutdown LeaderElection
2019-10-15 03:51:06,898 [17c6328d-41b2-4f2a-9292-e6afe4664332@group-DF910EF762BC-LeaderElection1] INFO  impl.RaftServerImpl (RaftServerImpl.java:setRole(170)) - 17c6328d-41b2-4f2a-9292-e6afe4664332@group-DF910EF762BC: changes role from CANDIDATE to LEADER at term 1 for changeToLeader
2019-10-15 03:51:06,898 [17c6328d-41b2-4f2a-9292-e6afe4664332@group-DF910EF762BC-LeaderElection1] INFO  impl.RaftServerImpl (ServerState.java:setLeader(255)) - 17c6328d-41b2-4f2a-9292-e6afe4664332@group-DF910EF762BC: change Leader from null to 17c6328d-41b2-4f2a-9292-e6afe4664332 at term 1 for becomeLeader, leader elected after 5226ms
2019-10-15 03:51:06,906 [17c6328d-41b2-4f2a-9292-e6afe4664332@group-DF910EF762BC-LeaderElection1] INFO  server.RaftServerConfigKeys (ConfUtils.java:logGet(43)) - raft.server.staging.catchup.gap = 1000 (default)
2019-10-15 03:51:06,906 [17c6328d-41b2-4f2a-9292-e6afe4664332@group-DF910EF762BC-LeaderElection1] INFO  server.RaftServerConfigKeys (ConfUtils.java:logGet(43)) - raft.server.rpc.sleep.time = 25ms (default)
2019-10-15 03:51:06,911 [17c6328d-41b2-4f2a-9292-e6afe4664332@group-DF910EF762BC-LeaderElection1] INFO  server.RaftServerConfigKeys (ConfUtils.java:logGet(43)) - raft.server.write.element-limit = 4096 (default)
2019-10-15 03:51:06,914 [17c6328d-41b2-4f2a-9292-e6afe4664332@group-DF910EF762BC-LeaderElection1] INFO  server.RaftServerConfigKeys (ConfUtils.java:logGet(43)) - raft.server.watch.timeout = 10s (default)
2019-10-15 03:51:06,914 [17c6328d-41b2-4f2a-9292-e6afe4664332@group-DF910EF762BC-LeaderElection1] INFO  server.RaftServerConfigKeys (ConfUtils.java:logGet(43)) - raft.server.watch.timeout.denomination = 1s (default)
2019-10-15 03:51:06,915 [17c6328d-41b2-4f2a-9292-e6afe4664332@group-DF910EF762BC-LeaderElection1] INFO  server.RaftServerConfigKeys (ConfUtils.java:logGet(43)) - raft.server.watch.element-limit = 65536 (default)
2019-10-15 03:51:06,926 [17c6328d-41b2-4f2a-9292-e6afe4664332@group-DF910EF762BC-LeaderElection1] INFO  impl.RoleInfo (RoleInfo.java:updateAndGet(143)) - 17c6328d-41b2-4f2a-9292-e6afe4664332: start LeaderState
2019-10-15 03:51:06,950 [17c6328d-41b2-4f2a-9292-e6afe4664332@group-DF910EF762BC-LeaderElection1] INFO  segmented.SegmentedRaftLogWorker (SegmentedRaftLogWorker.java:startLogSegment(385)) - 17c6328d-41b2-4f2a-9292-e6afe4664332@group-DF910EF762BC-SegmentedRaftLogWorker: Starting segment from index:0
2019-10-15 03:51:06,960 [17c6328d-41b2-4f2a-9292-e6afe4664332@group-DF910EF762BC-LeaderElection1] INFO  impl.RaftServerImpl (ServerState.java:setRaftConf(356)) - 17c6328d-41b2-4f2a-9292-e6afe4664332@group-DF910EF762BC: set configuration 0: [17c6328d-41b2-4f2a-9292-e6afe4664332:192.168.151.112:37358], old=null at 0
2019-10-15 03:51:07,220 [17c6328d-41b2-4f2a-9292-e6afe4664332@group-DF910EF762BC-SegmentedRaftLogWorker] INFO  segmented.SegmentedRaftLogWorker (SegmentedRaftLogWorker.java:execute(574)) - 17c6328d-41b2-4f2a-9292-e6afe4664332@group-DF910EF762BC-SegmentedRaftLogWorker: created new log segment /workdir/hadoop-ozone/integration-test/target/test-dir/MiniOzoneClusterImpl-db766658-51e8-42c9-a009-09e1693026ad/datanode-0/data/ratis/ad1bddd3-5761-41f0-966d-df910ef762bc/current/log_inprogress_0
2019-10-15 03:51:07,285 [Thread-243] INFO  impl.FollowerState (FollowerState.java:run(108)) - 7a3f8abb-79c4-4d5e-8346-45ba7cf38691@group-6A846AC00D1F-FollowerState: change to CANDIDATE, lastRpcTime:5167ms, electionTimeout:5166ms
2019-10-15 03:51:07,294 [Thread-243] INFO  impl.RoleInfo (RoleInfo.java:shutdownFollowerState(121)) - 7a3f8abb-79c4-4d5e-8346-45ba7cf38691: shutdown FollowerState
2019-10-15 03:51:07,294 [Thread-243] INFO  impl.RaftServerImpl (RaftServerImpl.java:setRole(170)) - 7a3f8abb-79c4-4d5e-8346-45ba7cf38691@group-6A846AC00D1F: changes role from  FOLLOWER to CANDIDATE at term 0 for changeToCandidate
2019-10-15 03:51:07,294 [Thread-243] INFO  impl.RoleInfo (RoleInfo.java:updateAndGet(143)) - 7a3f8abb-79c4-4d5e-8346-45ba7cf38691: start LeaderElection
2019-10-15 03:51:07,338 [7a3f8abb-79c4-4d5e-8346-45ba7cf38691@group-6A846AC00D1F-LeaderElection2] INFO  impl.LeaderElection (LeaderElection.java:askForVotes(178)) - 7a3f8abb-79c4-4d5e-8346-45ba7cf38691@group-6A846AC00D1F-LeaderElection2: begin an election at term 1 for -1: [7a3f8abb-79c4-4d5e-8346-45ba7cf38691:192.168.151.112:46575], old=null
2019-10-15 03:51:07,338 [7a3f8abb-79c4-4d5e-8346-45ba7cf38691@group-6A846AC00D1F-LeaderElection2] INFO  impl.RoleInfo (RoleInfo.java:shutdownLeaderElection(134)) - 7a3f8abb-79c4-4d5e-8346-45ba7cf38691: shutdown LeaderElection
2019-10-15 03:51:07,339 [7a3f8abb-79c4-4d5e-8346-45ba7cf38691@group-6A846AC00D1F-LeaderElection2] INFO  impl.RaftServerImpl (RaftServerImpl.java:setRole(170)) - 7a3f8abb-79c4-4d5e-8346-45ba7cf38691@group-6A846AC00D1F: changes role from CANDIDATE to LEADER at term 1 for changeToLeader
2019-10-15 03:51:07,339 [7a3f8abb-79c4-4d5e-8346-45ba7cf38691@group-6A846AC00D1F-LeaderElection2] INFO  impl.RaftServerImpl (ServerState.java:setLeader(255)) - 7a3f8abb-79c4-4d5e-8346-45ba7cf38691@group-6A846AC00D1F: change Leader from null to 7a3f8abb-79c4-4d5e-8346-45ba7cf38691 at term 1 for becomeLeader, leader elected after 5232ms
2019-10-15 03:51:07,341 [7a3f8abb-79c4-4d5e-8346-45ba7cf38691@group-6A846AC00D1F-LeaderElection2] INFO  server.RaftServerConfigKeys (ConfUtils.java:logGet(43)) - raft.server.staging.catchup.gap = 1000 (default)
2019-10-15 03:51:07,341 [7a3f8abb-79c4-4d5e-8346-45ba7cf38691@group-6A846AC00D1F-LeaderElection2] INFO  server.RaftServerConfigKeys (ConfUtils.java:logGet(43)) - raft.server.rpc.sleep.time = 25ms (default)
2019-10-15 03:51:07,341 [7a3f8abb-79c4-4d5e-8346-45ba7cf38691@group-6A846AC00D1F-LeaderElection2] INFO  server.RaftServerConfigKeys (ConfUtils.java:logGet(43)) - raft.server.write.element-limit = 4096 (default)
2019-10-15 03:51:07,341 [7a3f8abb-79c4-4d5e-8346-45ba7cf38691@group-6A846AC00D1F-LeaderElection2] INFO  server.RaftServerConfigKeys (ConfUtils.java:logGet(43)) - raft.server.watch.timeout = 10s (default)
2019-10-15 03:51:07,342 [7a3f8abb-79c4-4d5e-8346-45ba7cf38691@group-6A846AC00D1F-LeaderElection2] INFO  server.RaftServerConfigKeys (ConfUtils.java:logGet(43)) - raft.server.watch.timeout.denomination = 1s (default)
2019-10-15 03:51:07,342 [7a3f8abb-79c4-4d5e-8346-45ba7cf38691@group-6A846AC00D1F-LeaderElection2] INFO  server.RaftServerConfigKeys (ConfUtils.java:logGet(43)) - raft.server.watch.element-limit = 65536 (default)
2019-10-15 03:51:07,345 [7a3f8abb-79c4-4d5e-8346-45ba7cf38691@group-6A846AC00D1F-LeaderElection2] INFO  impl.RoleInfo (RoleInfo.java:updateAndGet(143)) - 7a3f8abb-79c4-4d5e-8346-45ba7cf38691: start LeaderState
2019-10-15 03:51:07,345 [7a3f8abb-79c4-4d5e-8346-45ba7cf38691@group-6A846AC00D1F-LeaderElection2] INFO  segmented.SegmentedRaftLogWorker (SegmentedRaftLogWorker.java:startLogSegment(385)) - 7a3f8abb-79c4-4d5e-8346-45ba7cf38691@group-6A846AC00D1F-SegmentedRaftLogWorker: Starting segment from index:0
2019-10-15 03:51:07,346 [7a3f8abb-79c4-4d5e-8346-45ba7cf38691@group-6A846AC00D1F-LeaderElection2] INFO  impl.RaftServerImpl (ServerState.java:setRaftConf(356)) - 7a3f8abb-79c4-4d5e-8346-45ba7cf38691@group-6A846AC00D1F: set configuration 0: [7a3f8abb-79c4-4d5e-8346-45ba7cf38691:192.168.151.112:46575], old=null at 0
2019-10-15 03:51:07,413 [7a3f8abb-79c4-4d5e-8346-45ba7cf38691@group-6A846AC00D1F-SegmentedRaftLogWorker] INFO  segmented.SegmentedRaftLogWorker (SegmentedRaftLogWorker.java:execute(574)) - 7a3f8abb-79c4-4d5e-8346-45ba7cf38691@group-6A846AC00D1F-SegmentedRaftLogWorker: created new log segment /workdir/hadoop-ozone/integration-test/target/test-dir/MiniOzoneClusterImpl-db766658-51e8-42c9-a009-09e1693026ad/datanode-2/data/ratis/e7995136-9364-4489-9ef2-6a846ac00d1f/current/log_inprogress_0
2019-10-15 03:51:07,486 [Thread-246] INFO  impl.FollowerState (FollowerState.java:run(108)) - cb078210-d8fb-4a38-a9bc-8272e5f5dfbb@group-AE2B818539B5-FollowerState: change to CANDIDATE, lastRpcTime:5145ms, electionTimeout:5145ms
2019-10-15 03:51:07,488 [Thread-246] INFO  impl.RoleInfo (RoleInfo.java:shutdownFollowerState(121)) - cb078210-d8fb-4a38-a9bc-8272e5f5dfbb: shutdown FollowerState
2019-10-15 03:51:07,489 [Thread-246] INFO  impl.RaftServerImpl (RaftServerImpl.java:setRole(170)) - cb078210-d8fb-4a38-a9bc-8272e5f5dfbb@group-AE2B818539B5: changes role from  FOLLOWER to CANDIDATE at term 0 for changeToCandidate
2019-10-15 03:51:07,489 [Thread-246] INFO  impl.RoleInfo (RoleInfo.java:updateAndGet(143)) - cb078210-d8fb-4a38-a9bc-8272e5f5dfbb: start LeaderElection
2019-10-15 03:51:07,522 [cb078210-d8fb-4a38-a9bc-8272e5f5dfbb@group-AE2B818539B5-LeaderElection3] INFO  impl.LeaderElection (LeaderElection.java:askForVotes(178)) - cb078210-d8fb-4a38-a9bc-8272e5f5dfbb@group-AE2B818539B5-LeaderElection3: begin an election at term 1 for -1: [cb078210-d8fb-4a38-a9bc-8272e5f5dfbb:192.168.151.112:39848], old=null
2019-10-15 03:51:07,524 [cb078210-d8fb-4a38-a9bc-8272e5f5dfbb@group-AE2B818539B5-LeaderElection3] INFO  impl.RoleInfo (RoleInfo.java:shutdownLeaderElection(134)) - cb078210-d8fb-4a38-a9bc-8272e5f5dfbb: shutdown LeaderElection
2019-10-15 03:51:07,525 [cb078210-d8fb-4a38-a9bc-8272e5f5dfbb@group-AE2B818539B5-LeaderElection3] INFO  impl.RaftServerImpl (RaftServerImpl.java:setRole(170)) - cb078210-d8fb-4a38-a9bc-8272e5f5dfbb@group-AE2B818539B5: changes role from CANDIDATE to LEADER at term 1 for changeToLeader
2019-10-15 03:51:07,525 [cb078210-d8fb-4a38-a9bc-8272e5f5dfbb@group-AE2B818539B5-LeaderElection3] INFO  impl.RaftServerImpl (ServerState.java:setLeader(255)) - cb078210-d8fb-4a38-a9bc-8272e5f5dfbb@group-AE2B818539B5: change Leader from null to cb078210-d8fb-4a38-a9bc-8272e5f5dfbb at term 1 for becomeLeader, leader elected after 5236ms
2019-10-15 03:51:07,527 [cb078210-d8fb-4a38-a9bc-8272e5f5dfbb@group-AE2B818539B5-LeaderElection3] INFO  server.RaftServerConfigKeys (ConfUtils.java:logGet(43)) - raft.server.staging.catchup.gap = 1000 (default)
2019-10-15 03:51:07,527 [cb078210-d8fb-4a38-a9bc-8272e5f5dfbb@group-AE2B818539B5-LeaderElection3] INFO  server.RaftServerConfigKeys (ConfUtils.java:logGet(43)) - raft.server.rpc.sleep.time = 25ms (default)
2019-10-15 03:51:07,527 [cb078210-d8fb-4a38-a9bc-8272e5f5dfbb@group-AE2B818539B5-LeaderElection3] INFO  server.RaftServerConfigKeys (ConfUtils.java:logGet(43)) - raft.server.write.element-limit = 4096 (default)
2019-10-15 03:51:07,527 [cb078210-d8fb-4a38-a9bc-8272e5f5dfbb@group-AE2B818539B5-LeaderElection3] INFO  server.RaftServerConfigKeys (ConfUtils.java:logGet(43)) - raft.server.watch.timeout = 10s (default)
2019-10-15 03:51:07,527 [cb078210-d8fb-4a38-a9bc-8272e5f5dfbb@group-AE2B818539B5-LeaderElection3] INFO  server.RaftServerConfigKeys (ConfUtils.java:logGet(43)) - raft.server.watch.timeout.denomination = 1s (default)
2019-10-15 03:51:07,528 [cb078210-d8fb-4a38-a9bc-8272e5f5dfbb@group-AE2B818539B5-LeaderElection3] INFO  server.RaftServerConfigKeys (ConfUtils.java:logGet(43)) - raft.server.watch.element-limit = 65536 (default)
2019-10-15 03:51:07,530 [cb078210-d8fb-4a38-a9bc-8272e5f5dfbb@group-AE2B818539B5-LeaderElection3] INFO  impl.RoleInfo (RoleInfo.java:updateAndGet(143)) - cb078210-d8fb-4a38-a9bc-8272e5f5dfbb: start LeaderState
2019-10-15 03:51:07,530 [cb078210-d8fb-4a38-a9bc-8272e5f5dfbb@group-AE2B818539B5-LeaderElection3] INFO  segmented.SegmentedRaftLogWorker (SegmentedRaftLogWorker.java:startLogSegment(385)) - cb078210-d8fb-4a38-a9bc-8272e5f5dfbb@group-AE2B818539B5-SegmentedRaftLogWorker: Starting segment from index:0
2019-10-15 03:51:07,531 [cb078210-d8fb-4a38-a9bc-8272e5f5dfbb@group-AE2B818539B5-LeaderElection3] INFO  impl.RaftServerImpl (ServerState.java:setRaftConf(356)) - cb078210-d8fb-4a38-a9bc-8272e5f5dfbb@group-AE2B818539B5: set configuration 0: [cb078210-d8fb-4a38-a9bc-8272e5f5dfbb:192.168.151.112:39848], old=null at 0
2019-10-15 03:51:07,606 [cb078210-d8fb-4a38-a9bc-8272e5f5dfbb@group-AE2B818539B5-SegmentedRaftLogWorker] INFO  segmented.SegmentedRaftLogWorker (SegmentedRaftLogWorker.java:execute(574)) - cb078210-d8fb-4a38-a9bc-8272e5f5dfbb@group-AE2B818539B5-SegmentedRaftLogWorker: created new log segment /workdir/hadoop-ozone/integration-test/target/test-dir/MiniOzoneClusterImpl-db766658-51e8-42c9-a009-09e1693026ad/datanode-3/data/ratis/b7b1c4d0-6693-4a3a-b1c3-ae2b818539b5/current/log_inprogress_0
2019-10-15 03:51:07,682 [Thread-249] INFO  impl.FollowerState (FollowerState.java:run(108)) - 87cc7840-07ab-4468-a9bb-b42c9b658208@group-2AE73BF22A21-FollowerState: change to CANDIDATE, lastRpcTime:5176ms, electionTimeout:5176ms
2019-10-15 03:51:07,683 [Thread-249] INFO  impl.RoleInfo (RoleInfo.java:shutdownFollowerState(121)) - 87cc7840-07ab-4468-a9bb-b42c9b658208: shutdown FollowerState
2019-10-15 03:51:07,683 [Thread-249] INFO  impl.RaftServerImpl (RaftServerImpl.java:setRole(170)) - 87cc7840-07ab-4468-a9bb-b42c9b658208@group-2AE73BF22A21: changes role from  FOLLOWER to CANDIDATE at term 0 for changeToCandidate
2019-10-15 03:51:07,683 [Thread-249] INFO  impl.RoleInfo (RoleInfo.java:updateAndGet(143)) - 87cc7840-07ab-4468-a9bb-b42c9b658208: start LeaderElection
2019-10-15 03:51:07,715 [87cc7840-07ab-4468-a9bb-b42c9b658208@group-2AE73BF22A21-LeaderElection4] INFO  impl.LeaderElection (LeaderElection.java:askForVotes(178)) - 87cc7840-07ab-4468-a9bb-b42c9b658208@group-2AE73BF22A21-LeaderElection4: begin an election at term 1 for -1: [87cc7840-07ab-4468-a9bb-b42c9b658208:192.168.151.112:34751], old=null
2019-10-15 03:51:07,715 [87cc7840-07ab-4468-a9bb-b42c9b658208@group-2AE73BF22A21-LeaderElection4] INFO  impl.RoleInfo (RoleInfo.java:shutdownLeaderElection(134)) - 87cc7840-07ab-4468-a9bb-b42c9b658208: shutdown LeaderElection
2019-10-15 03:51:07,715 [87cc7840-07ab-4468-a9bb-b42c9b658208@group-2AE73BF22A21-LeaderElection4] INFO  impl.RaftServerImpl (RaftServerImpl.java:setRole(170)) - 87cc7840-07ab-4468-a9bb-b42c9b658208@group-2AE73BF22A21: changes role from CANDIDATE to LEADER at term 1 for changeToLeader
2019-10-15 03:51:07,715 [87cc7840-07ab-4468-a9bb-b42c9b658208@group-2AE73BF22A21-LeaderElection4] INFO  impl.RaftServerImpl (ServerState.java:setLeader(255)) - 87cc7840-07ab-4468-a9bb-b42c9b658208@group-2AE73BF22A21: change Leader from null to 87cc7840-07ab-4468-a9bb-b42c9b658208 at term 1 for becomeLeader, leader elected after 5225ms
2019-10-15 03:51:07,718 [87cc7840-07ab-4468-a9bb-b42c9b658208@group-2AE73BF22A21-LeaderElection4] INFO  server.RaftServerConfigKeys (ConfUtils.java:logGet(43)) - raft.server.staging.catchup.gap = 1000 (default)
2019-10-15 03:51:07,718 [87cc7840-07ab-4468-a9bb-b42c9b658208@group-2AE73BF22A21-LeaderElection4] INFO  server.RaftServerConfigKeys (ConfUtils.java:logGet(43)) - raft.server.rpc.sleep.time = 25ms (default)
2019-10-15 03:51:07,718 [87cc7840-07ab-4468-a9bb-b42c9b658208@group-2AE73BF22A21-LeaderElection4] INFO  server.RaftServerConfigKeys (ConfUtils.java:logGet(43)) - raft.server.write.element-limit = 4096 (default)
2019-10-15 03:51:07,719 [87cc7840-07ab-4468-a9bb-b42c9b658208@group-2AE73BF22A21-LeaderElection4] INFO  server.RaftServerConfigKeys (ConfUtils.java:logGet(43)) - raft.server.watch.timeout = 10s (default)
2019-10-15 03:51:07,719 [87cc7840-07ab-4468-a9bb-b42c9b658208@group-2AE73BF22A21-LeaderElection4] INFO  server.RaftServerConfigKeys (ConfUtils.java:logGet(43)) - raft.server.watch.timeout.denomination = 1s (default)
2019-10-15 03:51:07,719 [87cc7840-07ab-4468-a9bb-b42c9b658208@group-2AE73BF22A21-LeaderElection4] INFO  server.RaftServerConfigKeys (ConfUtils.java:logGet(43)) - raft.server.watch.element-limit = 65536 (default)
2019-10-15 03:51:07,721 [87cc7840-07ab-4468-a9bb-b42c9b658208@group-2AE73BF22A21-LeaderElection4] INFO  impl.RoleInfo (RoleInfo.java:updateAndGet(143)) - 87cc7840-07ab-4468-a9bb-b42c9b658208: start LeaderState
2019-10-15 03:51:07,722 [87cc7840-07ab-4468-a9bb-b42c9b658208@group-2AE73BF22A21-LeaderElection4] INFO  segmented.SegmentedRaftLogWorker (SegmentedRaftLogWorker.java:startLogSegment(385)) - 87cc7840-07ab-4468-a9bb-b42c9b658208@group-2AE73BF22A21-SegmentedRaftLogWorker: Starting segment from index:0
2019-10-15 03:51:07,722 [87cc7840-07ab-4468-a9bb-b42c9b658208@group-2AE73BF22A21-LeaderElection4] INFO  impl.RaftServerImpl (ServerState.java:setRaftConf(356)) - 87cc7840-07ab-4468-a9bb-b42c9b658208@group-2AE73BF22A21: set configuration 0: [87cc7840-07ab-4468-a9bb-b42c9b658208:192.168.151.112:34751], old=null at 0
2019-10-15 03:51:07,778 [Thread-252] INFO  impl.FollowerState (FollowerState.java:run(108)) - 52de152f-69b6-4a91-acbe-0116c0f58132@group-ECF995BB56B9-FollowerState: change to CANDIDATE, lastRpcTime:5150ms, electionTimeout:5150ms
2019-10-15 03:51:07,778 [Thread-252] INFO  impl.RoleInfo (RoleInfo.java:shutdownFollowerState(121)) - 52de152f-69b6-4a91-acbe-0116c0f58132: shutdown FollowerState
2019-10-15 03:51:07,779 [Thread-252] INFO  impl.RaftServerImpl (RaftServerImpl.java:setRole(170)) - 52de152f-69b6-4a91-acbe-0116c0f58132@group-ECF995BB56B9: changes role from  FOLLOWER to CANDIDATE at term 0 for changeToCandidate
2019-10-15 03:51:07,779 [Thread-252] INFO  impl.RoleInfo (RoleInfo.java:updateAndGet(143)) - 52de152f-69b6-4a91-acbe-0116c0f58132: start LeaderElection
2019-10-15 03:51:07,783 [87cc7840-07ab-4468-a9bb-b42c9b658208@group-2AE73BF22A21-SegmentedRaftLogWorker] INFO  segmented.SegmentedRaftLogWorker (SegmentedRaftLogWorker.java:execute(574)) - 87cc7840-07ab-4468-a9bb-b42c9b658208@group-2AE73BF22A21-SegmentedRaftLogWorker: created new log segment /workdir/hadoop-ozone/integration-test/target/test-dir/MiniOzoneClusterImpl-db766658-51e8-42c9-a009-09e1693026ad/datanode-4/data/ratis/233c8da4-d4a9-445f-a54e-2ae73bf22a21/current/log_inprogress_0
2019-10-15 03:51:07,815 [52de152f-69b6-4a91-acbe-0116c0f58132@group-ECF995BB56B9-LeaderElection5] INFO  impl.LeaderElection (LeaderElection.java:askForVotes(178)) - 52de152f-69b6-4a91-acbe-0116c0f58132@group-ECF995BB56B9-LeaderElection5: begin an election at term 1 for -1: [52de152f-69b6-4a91-acbe-0116c0f58132:192.168.151.112:45717], old=null
2019-10-15 03:51:07,815 [52de152f-69b6-4a91-acbe-0116c0f58132@group-ECF995BB56B9-LeaderElection5] INFO  impl.RoleInfo (RoleInfo.java:shutdownLeaderElection(134)) - 52de152f-69b6-4a91-acbe-0116c0f58132: shutdown LeaderElection
2019-10-15 03:51:07,816 [52de152f-69b6-4a91-acbe-0116c0f58132@group-ECF995BB56B9-LeaderElection5] INFO  impl.RaftServerImpl (RaftServerImpl.java:setRole(170)) - 52de152f-69b6-4a91-acbe-0116c0f58132@group-ECF995BB56B9: changes role from CANDIDATE to LEADER at term 1 for changeToLeader
2019-10-15 03:51:07,816 [52de152f-69b6-4a91-acbe-0116c0f58132@group-ECF995BB56B9-LeaderElection5] INFO  impl.RaftServerImpl (ServerState.java:setLeader(255)) - 52de152f-69b6-4a91-acbe-0116c0f58132@group-ECF995BB56B9: change Leader from null to 52de152f-69b6-4a91-acbe-0116c0f58132 at term 1 for becomeLeader, leader elected after 5201ms
2019-10-15 03:51:07,818 [52de152f-69b6-4a91-acbe-0116c0f58132@group-ECF995BB56B9-LeaderElection5] INFO  server.RaftServerConfigKeys (ConfUtils.java:logGet(43)) - raft.server.staging.catchup.gap = 1000 (default)
2019-10-15 03:51:07,818 [52de152f-69b6-4a91-acbe-0116c0f58132@group-ECF995BB56B9-LeaderElection5] INFO  server.RaftServerConfigKeys (ConfUtils.java:logGet(43)) - raft.server.rpc.sleep.time = 25ms (default)
2019-10-15 03:51:07,819 [52de152f-69b6-4a91-acbe-0116c0f58132@group-ECF995BB56B9-LeaderElection5] INFO  server.RaftServerConfigKeys (ConfUtils.java:logGet(43)) - raft.server.write.element-limit = 4096 (default)
2019-10-15 03:51:07,819 [52de152f-69b6-4a91-acbe-0116c0f58132@group-ECF995BB56B9-LeaderElection5] INFO  server.RaftServerConfigKeys (ConfUtils.java:logGet(43)) - raft.server.watch.timeout = 10s (default)
2019-10-15 03:51:07,819 [52de152f-69b6-4a91-acbe-0116c0f58132@group-ECF995BB56B9-LeaderElection5] INFO  server.RaftServerConfigKeys (ConfUtils.java:logGet(43)) - raft.server.watch.timeout.denomination = 1s (default)
2019-10-15 03:51:07,819 [52de152f-69b6-4a91-acbe-0116c0f58132@group-ECF995BB56B9-LeaderElection5] INFO  server.RaftServerConfigKeys (ConfUtils.java:logGet(43)) - raft.server.watch.element-limit = 65536 (default)
2019-10-15 03:51:07,822 [52de152f-69b6-4a91-acbe-0116c0f58132@group-ECF995BB56B9-LeaderElection5] INFO  impl.RoleInfo (RoleInfo.java:updateAndGet(143)) - 52de152f-69b6-4a91-acbe-0116c0f58132: start LeaderState
2019-10-15 03:51:07,822 [52de152f-69b6-4a91-acbe-0116c0f58132@group-ECF995BB56B9-LeaderElection5] INFO  segmented.SegmentedRaftLogWorker (SegmentedRaftLogWorker.java:startLogSegment(385)) - 52de152f-69b6-4a91-acbe-0116c0f58132@group-ECF995BB56B9-SegmentedRaftLogWorker: Starting segment from index:0
2019-10-15 03:51:07,823 [52de152f-69b6-4a91-acbe-0116c0f58132@group-ECF995BB56B9-LeaderElection5] INFO  impl.RaftServerImpl (ServerState.java:setRaftConf(356)) - 52de152f-69b6-4a91-acbe-0116c0f58132@group-ECF995BB56B9: set configuration 0: [52de152f-69b6-4a91-acbe-0116c0f58132:192.168.151.112:45717], old=null at 0
2019-10-15 03:51:07,876 [Thread-256] INFO  impl.FollowerState (FollowerState.java:run(108)) - b7b4b7f4-6208-4617-92d6-351d069a50a1@group-106F8B113AFC-FollowerState: change to CANDIDATE, lastRpcTime:5140ms, electionTimeout:5140ms
2019-10-15 03:51:07,877 [Thread-256] INFO  impl.RoleInfo (RoleInfo.java:shutdownFollowerState(121)) - b7b4b7f4-6208-4617-92d6-351d069a50a1: shutdown FollowerState
2019-10-15 03:51:07,877 [Thread-256] INFO  impl.RaftServerImpl (RaftServerImpl.java:setRole(170)) - b7b4b7f4-6208-4617-92d6-351d069a50a1@group-106F8B113AFC: changes role from  FOLLOWER to CANDIDATE at term 0 for changeToCandidate
2019-10-15 03:51:07,877 [Thread-256] INFO  impl.RoleInfo (RoleInfo.java:updateAndGet(143)) - b7b4b7f4-6208-4617-92d6-351d069a50a1: start LeaderElection
2019-10-15 03:51:07,890 [52de152f-69b6-4a91-acbe-0116c0f58132@group-ECF995BB56B9-SegmentedRaftLogWorker] INFO  segmented.SegmentedRaftLogWorker (SegmentedRaftLogWorker.java:execute(574)) - 52de152f-69b6-4a91-acbe-0116c0f58132@group-ECF995BB56B9-SegmentedRaftLogWorker: created new log segment /workdir/hadoop-ozone/integration-test/target/test-dir/MiniOzoneClusterImpl-db766658-51e8-42c9-a009-09e1693026ad/datanode-5/data/ratis/eb6ff111-34d6-42dc-b146-ecf995bb56b9/current/log_inprogress_0
2019-10-15 03:51:07,897 [Thread-259] INFO  impl.FollowerState (FollowerState.java:run(108)) - e1a9ec49-11c8-4933-9bf9-1c98ddf237b7@group-DB505B93C289-FollowerState: change to CANDIDATE, lastRpcTime:5050ms, electionTimeout:5050ms
2019-10-15 03:51:07,897 [Thread-259] INFO  impl.RoleInfo (RoleInfo.java:shutdownFollowerState(121)) - e1a9ec49-11c8-4933-9bf9-1c98ddf237b7: shutdown FollowerState
2019-10-15 03:51:07,897 [Thread-259] INFO  impl.RaftServerImpl (RaftServerImpl.java:setRole(170)) - e1a9ec49-11c8-4933-9bf9-1c98ddf237b7@group-DB505B93C289: changes role from  FOLLOWER to CANDIDATE at term 0 for changeToCandidate
2019-10-15 03:51:07,898 [Thread-259] INFO  impl.RoleInfo (RoleInfo.java:updateAndGet(143)) - e1a9ec49-11c8-4933-9bf9-1c98ddf237b7: start LeaderElection
2019-10-15 03:51:07,916 [b7b4b7f4-6208-4617-92d6-351d069a50a1@group-106F8B113AFC-LeaderElection6] INFO  impl.LeaderElection (LeaderElection.java:askForVotes(178)) - b7b4b7f4-6208-4617-92d6-351d069a50a1@group-106F8B113AFC-LeaderElection6: begin an election at term 1 for -1: [b7b4b7f4-6208-4617-92d6-351d069a50a1:192.168.151.112:37095], old=null
2019-10-15 03:51:07,916 [b7b4b7f4-6208-4617-92d6-351d069a50a1@group-106F8B113AFC-LeaderElection6] INFO  impl.RoleInfo (RoleInfo.java:shutdownLeaderElection(134)) - b7b4b7f4-6208-4617-92d6-351d069a50a1: shutdown LeaderElection
2019-10-15 03:51:07,916 [b7b4b7f4-6208-4617-92d6-351d069a50a1@group-106F8B113AFC-LeaderElection6] INFO  impl.RaftServerImpl (RaftServerImpl.java:setRole(170)) - b7b4b7f4-6208-4617-92d6-351d069a50a1@group-106F8B113AFC: changes role from CANDIDATE to LEADER at term 1 for changeToLeader
2019-10-15 03:51:07,916 [b7b4b7f4-6208-4617-92d6-351d069a50a1@group-106F8B113AFC-LeaderElection6] INFO  impl.RaftServerImpl (ServerState.java:setLeader(255)) - b7b4b7f4-6208-4617-92d6-351d069a50a1@group-106F8B113AFC: change Leader from null to b7b4b7f4-6208-4617-92d6-351d069a50a1 at term 1 for becomeLeader, leader elected after 5192ms
2019-10-15 03:51:07,919 [b7b4b7f4-6208-4617-92d6-351d069a50a1@group-106F8B113AFC-LeaderElection6] INFO  server.RaftServerConfigKeys (ConfUtils.java:logGet(43)) - raft.server.staging.catchup.gap = 1000 (default)
2019-10-15 03:51:07,919 [b7b4b7f4-6208-4617-92d6-351d069a50a1@group-106F8B113AFC-LeaderElection6] INFO  server.RaftServerConfigKeys (ConfUtils.java:logGet(43)) - raft.server.rpc.sleep.time = 25ms (default)
2019-10-15 03:51:07,919 [b7b4b7f4-6208-4617-92d6-351d069a50a1@group-106F8B113AFC-LeaderElection6] INFO  server.RaftServerConfigKeys (ConfUtils.java:logGet(43)) - raft.server.write.element-limit = 4096 (default)
2019-10-15 03:51:07,920 [b7b4b7f4-6208-4617-92d6-351d069a50a1@group-106F8B113AFC-LeaderElection6] INFO  server.RaftServerConfigKeys (ConfUtils.java:logGet(43)) - raft.server.watch.timeout = 10s (default)
2019-10-15 03:51:07,920 [b7b4b7f4-6208-4617-92d6-351d069a50a1@group-106F8B113AFC-LeaderElection6] INFO  server.RaftServerConfigKeys (ConfUtils.java:logGet(43)) - raft.server.watch.timeout.denomination = 1s (default)
2019-10-15 03:51:07,920 [b7b4b7f4-6208-4617-92d6-351d069a50a1@group-106F8B113AFC-LeaderElection6] INFO  server.RaftServerConfigKeys (ConfUtils.java:logGet(43)) - raft.server.watch.element-limit = 65536 (default)
2019-10-15 03:51:07,923 [b7b4b7f4-6208-4617-92d6-351d069a50a1@group-106F8B113AFC-LeaderElection6] INFO  impl.RoleInfo (RoleInfo.java:updateAndGet(143)) - b7b4b7f4-6208-4617-92d6-351d069a50a1: start LeaderState
2019-10-15 03:51:07,923 [b7b4b7f4-6208-4617-92d6-351d069a50a1@group-106F8B113AFC-LeaderElection6] INFO  segmented.SegmentedRaftLogWorker (SegmentedRaftLogWorker.java:startLogSegment(385)) - b7b4b7f4-6208-4617-92d6-351d069a50a1@group-106F8B113AFC-SegmentedRaftLogWorker: Starting segment from index:0
2019-10-15 03:51:07,924 [b7b4b7f4-6208-4617-92d6-351d069a50a1@group-106F8B113AFC-LeaderElection6] INFO  impl.RaftServerImpl (ServerState.java:setRaftConf(356)) - b7b4b7f4-6208-4617-92d6-351d069a50a1@group-106F8B113AFC: set configuration 0: [b7b4b7f4-6208-4617-92d6-351d069a50a1:192.168.151.112:37095], old=null at 0
2019-10-15 03:51:07,959 [e1a9ec49-11c8-4933-9bf9-1c98ddf237b7@group-DB505B93C289-LeaderElection7] INFO  impl.LeaderElection (LeaderElection.java:askForVotes(178)) - e1a9ec49-11c8-4933-9bf9-1c98ddf237b7@group-DB505B93C289-LeaderElection7: begin an election at term 1 for -1: [e1a9ec49-11c8-4933-9bf9-1c98ddf237b7:192.168.151.112:46123], old=null
2019-10-15 03:51:07,959 [e1a9ec49-11c8-4933-9bf9-1c98ddf237b7@group-DB505B93C289-LeaderElection7] INFO  impl.RoleInfo (RoleInfo.java:shutdownLeaderElection(134)) - e1a9ec49-11c8-4933-9bf9-1c98ddf237b7: shutdown LeaderElection
2019-10-15 03:51:07,960 [e1a9ec49-11c8-4933-9bf9-1c98ddf237b7@group-DB505B93C289-LeaderElection7] INFO  impl.RaftServerImpl (RaftServerImpl.java:setRole(170)) - e1a9ec49-11c8-4933-9bf9-1c98ddf237b7@group-DB505B93C289: changes role from CANDIDATE to LEADER at term 1 for changeToLeader
2019-10-15 03:51:07,960 [e1a9ec49-11c8-4933-9bf9-1c98ddf237b7@group-DB505B93C289-LeaderElection7] INFO  impl.RaftServerImpl (ServerState.java:setLeader(255)) - e1a9ec49-11c8-4933-9bf9-1c98ddf237b7@group-DB505B93C289: change Leader from null to e1a9ec49-11c8-4933-9bf9-1c98ddf237b7 at term 1 for becomeLeader, leader elected after 5126ms
2019-10-15 03:51:07,963 [e1a9ec49-11c8-4933-9bf9-1c98ddf237b7@group-DB505B93C289-LeaderElection7] INFO  server.RaftServerConfigKeys (ConfUtils.java:logGet(43)) - raft.server.staging.catchup.gap = 1000 (default)
2019-10-15 03:51:07,964 [e1a9ec49-11c8-4933-9bf9-1c98ddf237b7@group-DB505B93C289-LeaderElection7] INFO  server.RaftServerConfigKeys (ConfUtils.java:logGet(43)) - raft.server.rpc.sleep.time = 25ms (default)
2019-10-15 03:51:07,964 [e1a9ec49-11c8-4933-9bf9-1c98ddf237b7@group-DB505B93C289-LeaderElection7] INFO  server.RaftServerConfigKeys (ConfUtils.java:logGet(43)) - raft.server.write.element-limit = 4096 (default)
2019-10-15 03:51:07,964 [e1a9ec49-11c8-4933-9bf9-1c98ddf237b7@group-DB505B93C289-LeaderElection7] INFO  server.RaftServerConfigKeys (ConfUtils.java:logGet(43)) - raft.server.watch.timeout = 10s (default)
2019-10-15 03:51:07,965 [e1a9ec49-11c8-4933-9bf9-1c98ddf237b7@group-DB505B93C289-LeaderElection7] INFO  server.RaftServerConfigKeys (ConfUtils.java:logGet(43)) - raft.server.watch.timeout.denomination = 1s (default)
2019-10-15 03:51:07,965 [e1a9ec49-11c8-4933-9bf9-1c98ddf237b7@group-DB505B93C289-LeaderElection7] INFO  server.RaftServerConfigKeys (ConfUtils.java:logGet(43)) - raft.server.watch.element-limit = 65536 (default)
2019-10-15 03:51:07,969 [e1a9ec49-11c8-4933-9bf9-1c98ddf237b7@group-DB505B93C289-LeaderElection7] INFO  impl.RoleInfo (RoleInfo.java:updateAndGet(143)) - e1a9ec49-11c8-4933-9bf9-1c98ddf237b7: start LeaderState
2019-10-15 03:51:07,969 [e1a9ec49-11c8-4933-9bf9-1c98ddf237b7@group-DB505B93C289-LeaderElection7] INFO  segmented.SegmentedRaftLogWorker (SegmentedRaftLogWorker.java:startLogSegment(385)) - e1a9ec49-11c8-4933-9bf9-1c98ddf237b7@group-DB505B93C289-SegmentedRaftLogWorker: Starting segment from index:0
2019-10-15 03:51:07,970 [e1a9ec49-11c8-4933-9bf9-1c98ddf237b7@group-DB505B93C289-LeaderElection7] INFO  impl.RaftServerImpl (ServerState.java:setRaftConf(356)) - e1a9ec49-11c8-4933-9bf9-1c98ddf237b7@group-DB505B93C289: set configuration 0: [e1a9ec49-11c8-4933-9bf9-1c98ddf237b7:192.168.151.112:46123], old=null at 0
2019-10-15 03:51:08,002 [b7b4b7f4-6208-4617-92d6-351d069a50a1@group-106F8B113AFC-SegmentedRaftLogWorker] INFO  segmented.SegmentedRaftLogWorker (SegmentedRaftLogWorker.java:execute(574)) - b7b4b7f4-6208-4617-92d6-351d069a50a1@group-106F8B113AFC-SegmentedRaftLogWorker: created new log segment /workdir/hadoop-ozone/integration-test/target/test-dir/MiniOzoneClusterImpl-db766658-51e8-42c9-a009-09e1693026ad/datanode-1/data/ratis/afd08049-47e1-4d3d-99b2-106f8b113afc/current/log_inprogress_0
2019-10-15 03:51:08,016 [Thread-266] INFO  impl.FollowerState (FollowerState.java:run(108)) - 7a3f8abb-79c4-4d5e-8346-45ba7cf38691@group-0CA2DF542071-FollowerState: change to CANDIDATE, lastRpcTime:5014ms, electionTimeout:5012ms
2019-10-15 03:51:08,016 [Thread-266] INFO  impl.RoleInfo (RoleInfo.java:shutdownFollowerState(121)) - 7a3f8abb-79c4-4d5e-8346-45ba7cf38691: shutdown FollowerState
2019-10-15 03:51:08,016 [Thread-266] INFO  impl.RaftServerImpl (RaftServerImpl.java:setRole(170)) - 7a3f8abb-79c4-4d5e-8346-45ba7cf38691@group-0CA2DF542071: changes role from  FOLLOWER to CANDIDATE at term 0 for changeToCandidate
2019-10-15 03:51:08,017 [Thread-266] INFO  impl.RoleInfo (RoleInfo.java:updateAndGet(143)) - 7a3f8abb-79c4-4d5e-8346-45ba7cf38691: start LeaderElection
2019-10-15 03:51:08,033 [e1a9ec49-11c8-4933-9bf9-1c98ddf237b7@group-DB505B93C289-SegmentedRaftLogWorker] INFO  segmented.SegmentedRaftLogWorker (SegmentedRaftLogWorker.java:execute(574)) - e1a9ec49-11c8-4933-9bf9-1c98ddf237b7@group-DB505B93C289-SegmentedRaftLogWorker: created new log segment /workdir/hadoop-ozone/integration-test/target/test-dir/MiniOzoneClusterImpl-db766658-51e8-42c9-a009-09e1693026ad/datanode-6/data/ratis/74d6a6d4-9008-4570-bc41-db505b93c289/current/log_inprogress_0
2019-10-15 03:51:08,050 [7a3f8abb-79c4-4d5e-8346-45ba7cf38691@group-0CA2DF542071-LeaderElection8] INFO  impl.LeaderElection (LeaderElection.java:askForVotes(178)) - 7a3f8abb-79c4-4d5e-8346-45ba7cf38691@group-0CA2DF542071-LeaderElection8: begin an election at term 1 for -1: [7a3f8abb-79c4-4d5e-8346-45ba7cf38691:192.168.151.112:46575, cb078210-d8fb-4a38-a9bc-8272e5f5dfbb:192.168.151.112:39848, 87cc7840-07ab-4468-a9bb-b42c9b658208:192.168.151.112:34751], old=null
2019-10-15 03:51:08,074 [grpc-default-executor-0] INFO  impl.RaftServerImpl (RaftServerImpl.java:setRole(170)) - 87cc7840-07ab-4468-a9bb-b42c9b658208@group-0CA2DF542071: changes role from  FOLLOWER to FOLLOWER at term 1 for recognizeCandidate:7a3f8abb-79c4-4d5e-8346-45ba7cf38691
2019-10-15 03:51:08,075 [grpc-default-executor-0] INFO  impl.RoleInfo (RoleInfo.java:shutdownFollowerState(121)) - 87cc7840-07ab-4468-a9bb-b42c9b658208: shutdown FollowerState
2019-10-15 03:51:08,074 [grpc-default-executor-2] INFO  impl.RaftServerImpl (RaftServerImpl.java:setRole(170)) - cb078210-d8fb-4a38-a9bc-8272e5f5dfbb@group-0CA2DF542071: changes role from  FOLLOWER to FOLLOWER at term 1 for recognizeCandidate:7a3f8abb-79c4-4d5e-8346-45ba7cf38691
2019-10-15 03:51:08,075 [Thread-264] INFO  impl.FollowerState (FollowerState.java:run(117)) - 87cc7840-07ab-4468-a9bb-b42c9b658208@group-0CA2DF542071-FollowerState was interrupted: java.lang.InterruptedException: sleep interrupted
2019-10-15 03:51:08,075 [grpc-default-executor-0] INFO  impl.RoleInfo (RoleInfo.java:updateAndGet(143)) - 87cc7840-07ab-4468-a9bb-b42c9b658208: start FollowerState
2019-10-15 03:51:08,075 [grpc-default-executor-2] INFO  impl.RoleInfo (RoleInfo.java:shutdownFollowerState(121)) - cb078210-d8fb-4a38-a9bc-8272e5f5dfbb: shutdown FollowerState
2019-10-15 03:51:08,077 [grpc-default-executor-2] INFO  impl.RoleInfo (RoleInfo.java:updateAndGet(143)) - cb078210-d8fb-4a38-a9bc-8272e5f5dfbb: start FollowerState
2019-10-15 03:51:08,077 [Thread-269] INFO  impl.FollowerState (FollowerState.java:run(117)) - cb078210-d8fb-4a38-a9bc-8272e5f5dfbb@group-0CA2DF542071-FollowerState was interrupted: java.lang.InterruptedException: sleep interrupted
2019-10-15 03:51:08,119 [7a3f8abb-79c4-4d5e-8346-45ba7cf38691@group-0CA2DF542071-LeaderElection8] INFO  impl.LeaderElection (LeaderElection.java:logAndReturn(56)) - 7a3f8abb-79c4-4d5e-8346-45ba7cf38691@group-0CA2DF542071-LeaderElection8: Election PASSED; received 1 response(s) [7a3f8abb-79c4-4d5e-8346-45ba7cf38691<-cb078210-d8fb-4a38-a9bc-8272e5f5dfbb#0:OK-t1] and 0 exception(s); 7a3f8abb-79c4-4d5e-8346-45ba7cf38691@group-0CA2DF542071:t1, leader=null, voted=7a3f8abb-79c4-4d5e-8346-45ba7cf38691, raftlog=7a3f8abb-79c4-4d5e-8346-45ba7cf38691@group-0CA2DF542071-SegmentedRaftLog:OPENED:c-1,f-1,i0, conf=-1: [7a3f8abb-79c4-4d5e-8346-45ba7cf38691:192.168.151.112:46575, cb078210-d8fb-4a38-a9bc-8272e5f5dfbb:192.168.151.112:39848, 87cc7840-07ab-4468-a9bb-b42c9b658208:192.168.151.112:34751], old=null
2019-10-15 03:51:08,120 [7a3f8abb-79c4-4d5e-8346-45ba7cf38691@group-0CA2DF542071-LeaderElection8] INFO  impl.RoleInfo (RoleInfo.java:shutdownLeaderElection(134)) - 7a3f8abb-79c4-4d5e-8346-45ba7cf38691: shutdown LeaderElection
2019-10-15 03:51:08,120 [7a3f8abb-79c4-4d5e-8346-45ba7cf38691@group-0CA2DF542071-LeaderElection8] INFO  impl.RaftServerImpl (RaftServerImpl.java:setRole(170)) - 7a3f8abb-79c4-4d5e-8346-45ba7cf38691@group-0CA2DF542071: changes role from CANDIDATE to LEADER at term 1 for changeToLeader
2019-10-15 03:51:08,124 [7a3f8abb-79c4-4d5e-8346-45ba7cf38691@group-0CA2DF542071-LeaderElection8] INFO  impl.RaftServerImpl (ServerState.java:setLeader(255)) - 7a3f8abb-79c4-4d5e-8346-45ba7cf38691@group-0CA2DF542071: change Leader from null to 7a3f8abb-79c4-4d5e-8346-45ba7cf38691 at term 1 for becomeLeader, leader elected after 5139ms
2019-10-15 03:51:08,124 [7a3f8abb-79c4-4d5e-8346-45ba7cf38691@group-0CA2DF542071-LeaderElection8] INFO  server.RaftServerConfigKeys (ConfUtils.java:logGet(43)) - raft.server.staging.catchup.gap = 1000 (default)
2019-10-15 03:51:08,124 [7a3f8abb-79c4-4d5e-8346-45ba7cf38691@group-0CA2DF542071-LeaderElection8] INFO  server.RaftServerConfigKeys (ConfUtils.java:logGet(43)) - raft.server.rpc.sleep.time = 25ms (default)
2019-10-15 03:51:08,124 [7a3f8abb-79c4-4d5e-8346-45ba7cf38691@group-0CA2DF542071-LeaderElection8] INFO  server.RaftServerConfigKeys (ConfUtils.java:logGet(43)) - raft.server.write.element-limit = 4096 (default)
2019-10-15 03:51:08,124 [7a3f8abb-79c4-4d5e-8346-45ba7cf38691@group-0CA2DF542071-LeaderElection8] INFO  server.RaftServerConfigKeys (ConfUtils.java:logGet(43)) - raft.server.watch.timeout = 10s (default)
2019-10-15 03:51:08,124 [7a3f8abb-79c4-4d5e-8346-45ba7cf38691@group-0CA2DF542071-LeaderElection8] INFO  server.RaftServerConfigKeys (ConfUtils.java:logGet(43)) - raft.server.watch.timeout.denomination = 1s (default)
2019-10-15 03:51:08,125 [7a3f8abb-79c4-4d5e-8346-45ba7cf38691@group-0CA2DF542071-LeaderElection8] INFO  server.RaftServerConfigKeys (ConfUtils.java:logGet(43)) - raft.server.watch.element-limit = 65536 (default)
2019-10-15 03:51:08,132 [7a3f8abb-79c4-4d5e-8346-45ba7cf38691@group-0CA2DF542071-LeaderElection8] INFO  server.RaftServerConfigKeys (ConfUtils.java:logGet(43)) - raft.server.log.appender.snapshot.chunk.size.max = 16MB (=16777216) (default)
2019-10-15 03:51:08,133 [7a3f8abb-79c4-4d5e-8346-45ba7cf38691@group-0CA2DF542071-LeaderElection8] INFO  server.RaftServerConfigKeys (ConfUtils.java:logGet(43)) - raft.server.log.appender.buffer.byte-limit = 33554432 (custom)
2019-10-15 03:51:08,140 [7a3f8abb-79c4-4d5e-8346-45ba7cf38691@group-0CA2DF542071-LeaderElection8] INFO  server.RaftServerConfigKeys (ConfUtils.java:logGet(43)) - raft.server.log.appender.buffer.element-limit = 1 (custom)
2019-10-15 03:51:08,145 [7a3f8abb-79c4-4d5e-8346-45ba7cf38691@group-0CA2DF542071-LeaderElection8] INFO  grpc.GrpcConfigKeys$Server (ConfUtils.java:logGet(43)) - raft.grpc.server.leader.outstanding.appends.max = 128 (default)
2019-10-15 03:51:08,145 [7a3f8abb-79c4-4d5e-8346-45ba7cf38691@group-0CA2DF542071-LeaderElection8] INFO  server.RaftServerConfigKeys (ConfUtils.java:logGet(43)) - raft.server.rpc.request.timeout = 3000ms (default)
2019-10-15 03:51:08,145 [7a3f8abb-79c4-4d5e-8346-45ba7cf38691@group-0CA2DF542071-LeaderElection8] INFO  server.RaftServerConfigKeys (ConfUtils.java:logGet(43)) - raft.server.log.appender.install.snapshot.enabled = false (custom)
2019-10-15 03:51:08,150 [7a3f8abb-79c4-4d5e-8346-45ba7cf38691@group-0CA2DF542071-LeaderElection8] INFO  server.RaftServerConfigKeys (ConfUtils.java:logGet(43)) - raft.server.log.appender.snapshot.chunk.size.max = 16MB (=16777216) (default)
2019-10-15 03:51:08,151 [7a3f8abb-79c4-4d5e-8346-45ba7cf38691@group-0CA2DF542071-LeaderElection8] INFO  server.RaftServerConfigKeys (ConfUtils.java:logGet(43)) - raft.server.log.appender.buffer.byte-limit = 33554432 (custom)
2019-10-15 03:51:08,151 [7a3f8abb-79c4-4d5e-8346-45ba7cf38691@group-0CA2DF542071-LeaderElection8] INFO  server.RaftServerConfigKeys (ConfUtils.java:logGet(43)) - raft.server.log.appender.buffer.element-limit = 1 (custom)
2019-10-15 03:51:08,165 [7a3f8abb-79c4-4d5e-8346-45ba7cf38691@group-0CA2DF542071-LeaderElection8] INFO  grpc.GrpcConfigKeys$Server (ConfUtils.java:logGet(43)) - raft.grpc.server.leader.outstanding.appends.max = 128 (default)
2019-10-15 03:51:08,165 [7a3f8abb-79c4-4d5e-8346-45ba7cf38691@group-0CA2DF542071-LeaderElection8] INFO  server.RaftServerConfigKeys (ConfUtils.java:logGet(43)) - raft.server.rpc.request.timeout = 3000ms (default)
2019-10-15 03:51:08,174 [7a3f8abb-79c4-4d5e-8346-45ba7cf38691@group-0CA2DF542071-LeaderElection8] INFO  server.RaftServerConfigKeys (ConfUtils.java:logGet(43)) - raft.server.log.appender.install.snapshot.enabled = false (custom)
2019-10-15 03:51:08,184 [7a3f8abb-79c4-4d5e-8346-45ba7cf38691@group-0CA2DF542071-LeaderElection8] INFO  impl.RoleInfo (RoleInfo.java:updateAndGet(143)) - 7a3f8abb-79c4-4d5e-8346-45ba7cf38691: start LeaderState
2019-10-15 03:51:08,184 [7a3f8abb-79c4-4d5e-8346-45ba7cf38691@group-0CA2DF542071-LeaderElection8] INFO  segmented.SegmentedRaftLogWorker (SegmentedRaftLogWorker.java:startLogSegment(385)) - 7a3f8abb-79c4-4d5e-8346-45ba7cf38691@group-0CA2DF542071-SegmentedRaftLogWorker: Starting segment from index:0
2019-10-15 03:51:08,185 [7a3f8abb-79c4-4d5e-8346-45ba7cf38691@group-0CA2DF542071-LeaderElection8] INFO  impl.RaftServerImpl (ServerState.java:setRaftConf(356)) - 7a3f8abb-79c4-4d5e-8346-45ba7cf38691@group-0CA2DF542071: set configuration 0: [7a3f8abb-79c4-4d5e-8346-45ba7cf38691:192.168.151.112:46575, cb078210-d8fb-4a38-a9bc-8272e5f5dfbb:192.168.151.112:39848, 87cc7840-07ab-4468-a9bb-b42c9b658208:192.168.151.112:34751], old=null at 0
2019-10-15 03:51:08,226 [7a3f8abb-79c4-4d5e-8346-45ba7cf38691@group-0CA2DF542071-SegmentedRaftLogWorker] INFO  segmented.SegmentedRaftLogWorker (SegmentedRaftLogWorker.java:execute(574)) - 7a3f8abb-79c4-4d5e-8346-45ba7cf38691@group-0CA2DF542071-SegmentedRaftLogWorker: created new log segment /workdir/hadoop-ozone/integration-test/target/test-dir/MiniOzoneClusterImpl-db766658-51e8-42c9-a009-09e1693026ad/datanode-2/data/ratis/4a6cbcb4-56f0-4d98-ad8a-0ca2df542071/current/log_inprogress_0
2019-10-15 03:51:08,235 [grpc-default-executor-0] INFO  impl.RaftServerImpl (ServerState.java:setLeader(255)) - 87cc7840-07ab-4468-a9bb-b42c9b658208@group-0CA2DF542071: change Leader from null to 7a3f8abb-79c4-4d5e-8346-45ba7cf38691 at term 1 for appendEntries, leader elected after 5250ms
2019-10-15 03:51:08,235 [grpc-default-executor-2] INFO  impl.RaftServerImpl (ServerState.java:setLeader(255)) - cb078210-d8fb-4a38-a9bc-8272e5f5dfbb@group-0CA2DF542071: change Leader from null to 7a3f8abb-79c4-4d5e-8346-45ba7cf38691 at term 1 for appendEntries, leader elected after 5250ms
2019-10-15 03:51:08,266 [grpc-default-executor-0] INFO  impl.RaftServerImpl (ServerState.java:setRaftConf(356)) - cb078210-d8fb-4a38-a9bc-8272e5f5dfbb@group-0CA2DF542071: set configuration 0: [7a3f8abb-79c4-4d5e-8346-45ba7cf38691:192.168.151.112:46575, cb078210-d8fb-4a38-a9bc-8272e5f5dfbb:192.168.151.112:39848, 87cc7840-07ab-4468-a9bb-b42c9b658208:192.168.151.112:34751], old=null at 0
2019-10-15 03:51:08,266 [grpc-default-executor-2] INFO  impl.RaftServerImpl (ServerState.java:setRaftConf(356)) - 87cc7840-07ab-4468-a9bb-b42c9b658208@group-0CA2DF542071: set configuration 0: [7a3f8abb-79c4-4d5e-8346-45ba7cf38691:192.168.151.112:46575, cb078210-d8fb-4a38-a9bc-8272e5f5dfbb:192.168.151.112:39848, 87cc7840-07ab-4468-a9bb-b42c9b658208:192.168.151.112:34751], old=null at 0
2019-10-15 03:51:08,267 [grpc-default-executor-0] INFO  segmented.SegmentedRaftLogWorker (SegmentedRaftLogWorker.java:startLogSegment(385)) - cb078210-d8fb-4a38-a9bc-8272e5f5dfbb@group-0CA2DF542071-SegmentedRaftLogWorker: Starting segment from index:0
2019-10-15 03:51:08,267 [grpc-default-executor-2] INFO  segmented.SegmentedRaftLogWorker (SegmentedRaftLogWorker.java:startLogSegment(385)) - 87cc7840-07ab-4468-a9bb-b42c9b658208@group-0CA2DF542071-SegmentedRaftLogWorker: Starting segment from index:0
2019-10-15 03:51:08,269 [Thread-277] INFO  impl.FollowerState (FollowerState.java:run(108)) - 17c6328d-41b2-4f2a-9292-e6afe4664332@group-13F93AC46771-FollowerState: change to CANDIDATE, lastRpcTime:5101ms, electionTimeout:5101ms
2019-10-15 03:51:08,269 [Thread-277] INFO  impl.RoleInfo (RoleInfo.java:shutdownFollowerState(121)) - 17c6328d-41b2-4f2a-9292-e6afe4664332: shutdown FollowerState
2019-10-15 03:51:08,269 [Thread-277] INFO  impl.RaftServerImpl (RaftServerImpl.java:setRole(170)) - 17c6328d-41b2-4f2a-9292-e6afe4664332@group-13F93AC46771: changes role from  FOLLOWER to CANDIDATE at term 0 for changeToCandidate
2019-10-15 03:51:08,269 [Thread-277] INFO  impl.RoleInfo (RoleInfo.java:updateAndGet(143)) - 17c6328d-41b2-4f2a-9292-e6afe4664332: start LeaderElection
2019-10-15 03:51:08,300 [Thread-276] INFO  impl.FollowerState (FollowerState.java:run(108)) - 52de152f-69b6-4a91-acbe-0116c0f58132@group-13F93AC46771-FollowerState: change to CANDIDATE, lastRpcTime:5133ms, electionTimeout:5133ms
2019-10-15 03:51:08,300 [Thread-276] INFO  impl.RoleInfo (RoleInfo.java:shutdownFollowerState(121)) - 52de152f-69b6-4a91-acbe-0116c0f58132: shutdown FollowerState
2019-10-15 03:51:08,301 [Thread-276] INFO  impl.RaftServerImpl (RaftServerImpl.java:setRole(170)) - 52de152f-69b6-4a91-acbe-0116c0f58132@group-13F93AC46771: changes role from  FOLLOWER to CANDIDATE at term 0 for changeToCandidate
2019-10-15 03:51:08,301 [Thread-276] INFO  impl.RoleInfo (RoleInfo.java:updateAndGet(143)) - 52de152f-69b6-4a91-acbe-0116c0f58132: start LeaderElection
2019-10-15 03:51:08,328 [Thread-275] INFO  impl.FollowerState (FollowerState.java:run(108)) - b7b4b7f4-6208-4617-92d6-351d069a50a1@group-13F93AC46771-FollowerState: change to CANDIDATE, lastRpcTime:5163ms, electionTimeout:5163ms
2019-10-15 03:51:08,328 [Thread-275] INFO  impl.RoleInfo (RoleInfo.java:shutdownFollowerState(121)) - b7b4b7f4-6208-4617-92d6-351d069a50a1: shutdown FollowerState
2019-10-15 03:51:08,329 [Thread-275] INFO  impl.RaftServerImpl (RaftServerImpl.java:setRole(170)) - b7b4b7f4-6208-4617-92d6-351d069a50a1@group-13F93AC46771: changes role from  FOLLOWER to CANDIDATE at term 0 for changeToCandidate
2019-10-15 03:51:08,329 [Thread-275] INFO  impl.RoleInfo (RoleInfo.java:updateAndGet(143)) - b7b4b7f4-6208-4617-92d6-351d069a50a1: start LeaderElection
2019-10-15 03:51:08,352 [87cc7840-07ab-4468-a9bb-b42c9b658208@group-0CA2DF542071-SegmentedRaftLogWorker] INFO  segmented.SegmentedRaftLogWorker (SegmentedRaftLogWorker.java:execute(574)) - 87cc7840-07ab-4468-a9bb-b42c9b658208@group-0CA2DF542071-SegmentedRaftLogWorker: created new log segment /workdir/hadoop-ozone/integration-test/target/test-dir/MiniOzoneClusterImpl-db766658-51e8-42c9-a009-09e1693026ad/datanode-4/data/ratis/4a6cbcb4-56f0-4d98-ad8a-0ca2df542071/current/log_inprogress_0
2019-10-15 03:51:08,352 [cb078210-d8fb-4a38-a9bc-8272e5f5dfbb@group-0CA2DF542071-SegmentedRaftLogWorker] INFO  segmented.SegmentedRaftLogWorker (SegmentedRaftLogWorker.java:execute(574)) - cb078210-d8fb-4a38-a9bc-8272e5f5dfbb@group-0CA2DF542071-SegmentedRaftLogWorker: created new log segment /workdir/hadoop-ozone/integration-test/target/test-dir/MiniOzoneClusterImpl-db766658-51e8-42c9-a009-09e1693026ad/datanode-3/data/ratis/4a6cbcb4-56f0-4d98-ad8a-0ca2df542071/current/log_inprogress_0
2019-10-15 03:51:08,352 [b7b4b7f4-6208-4617-92d6-351d069a50a1@group-13F93AC46771-LeaderElection11] INFO  impl.LeaderElection (LeaderElection.java:askForVotes(178)) - b7b4b7f4-6208-4617-92d6-351d069a50a1@group-13F93AC46771-LeaderElection11: begin an election at term 1 for -1: [52de152f-69b6-4a91-acbe-0116c0f58132:192.168.151.112:45717, 17c6328d-41b2-4f2a-9292-e6afe4664332:192.168.151.112:37358, b7b4b7f4-6208-4617-92d6-351d069a50a1:192.168.151.112:37095], old=null
2019-10-15 03:51:08,352 [52de152f-69b6-4a91-acbe-0116c0f58132@group-13F93AC46771-LeaderElection10] INFO  impl.LeaderElection (LeaderElection.java:askForVotes(178)) - 52de152f-69b6-4a91-acbe-0116c0f58132@group-13F93AC46771-LeaderElection10: begin an election at term 1 for -1: [52de152f-69b6-4a91-acbe-0116c0f58132:192.168.151.112:45717, 17c6328d-41b2-4f2a-9292-e6afe4664332:192.168.151.112:37358, b7b4b7f4-6208-4617-92d6-351d069a50a1:192.168.151.112:37095], old=null
2019-10-15 03:51:08,352 [17c6328d-41b2-4f2a-9292-e6afe4664332@group-13F93AC46771-LeaderElection9] INFO  impl.LeaderElection (LeaderElection.java:askForVotes(178)) - 17c6328d-41b2-4f2a-9292-e6afe4664332@group-13F93AC46771-LeaderElection9: begin an election at term 1 for -1: [52de152f-69b6-4a91-acbe-0116c0f58132:192.168.151.112:45717, 17c6328d-41b2-4f2a-9292-e6afe4664332:192.168.151.112:37358, b7b4b7f4-6208-4617-92d6-351d069a50a1:192.168.151.112:37095], old=null
2019-10-15 03:51:08,390 [52de152f-69b6-4a91-acbe-0116c0f58132@group-13F93AC46771-LeaderElection10] INFO  impl.LeaderElection (LeaderElection.java:logAndReturn(56)) - 52de152f-69b6-4a91-acbe-0116c0f58132@group-13F93AC46771-LeaderElection10: Election REJECTED; received 2 response(s) [52de152f-69b6-4a91-acbe-0116c0f58132<-b7b4b7f4-6208-4617-92d6-351d069a50a1#0:FAIL-t1, 52de152f-69b6-4a91-acbe-0116c0f58132<-17c6328d-41b2-4f2a-9292-e6afe4664332#0:FAIL-t1] and 0 exception(s); 52de152f-69b6-4a91-acbe-0116c0f58132@group-13F93AC46771:t1, leader=null, voted=52de152f-69b6-4a91-acbe-0116c0f58132, raftlog=52de152f-69b6-4a91-acbe-0116c0f58132@group-13F93AC46771-SegmentedRaftLog:OPENED:c-1,f-1,i0, conf=-1: [52de152f-69b6-4a91-acbe-0116c0f58132:192.168.151.112:45717, 17c6328d-41b2-4f2a-9292-e6afe4664332:192.168.151.112:37358, b7b4b7f4-6208-4617-92d6-351d069a50a1:192.168.151.112:37095], old=null
2019-10-15 03:51:08,395 [52de152f-69b6-4a91-acbe-0116c0f58132@group-13F93AC46771-LeaderElection10] INFO  impl.RaftServerImpl (RaftServerImpl.java:setRole(170)) - 52de152f-69b6-4a91-acbe-0116c0f58132@group-13F93AC46771: changes role from CANDIDATE to FOLLOWER at term 1 for DISCOVERED_A_NEW_TERM
2019-10-15 03:51:08,397 [52de152f-69b6-4a91-acbe-0116c0f58132@group-13F93AC46771-LeaderElection10] INFO  impl.RoleInfo (RoleInfo.java:shutdownLeaderElection(134)) - 52de152f-69b6-4a91-acbe-0116c0f58132: shutdown LeaderElection
2019-10-15 03:51:08,400 [52de152f-69b6-4a91-acbe-0116c0f58132@group-13F93AC46771-LeaderElection10] INFO  impl.RoleInfo (RoleInfo.java:updateAndGet(143)) - 52de152f-69b6-4a91-acbe-0116c0f58132: start FollowerState
2019-10-15 03:51:08,404 [17c6328d-41b2-4f2a-9292-e6afe4664332@group-13F93AC46771-LeaderElection9] INFO  impl.LeaderElection (LeaderElection.java:logAndReturn(56)) - 17c6328d-41b2-4f2a-9292-e6afe4664332@group-13F93AC46771-LeaderElection9: Election REJECTED; received 2 response(s) [17c6328d-41b2-4f2a-9292-e6afe4664332<-52de152f-69b6-4a91-acbe-0116c0f58132#0:FAIL-t1, 17c6328d-41b2-4f2a-9292-e6afe4664332<-b7b4b7f4-6208-4617-92d6-351d069a50a1#0:FAIL-t1] and 0 exception(s); 17c6328d-41b2-4f2a-9292-e6afe4664332@group-13F93AC46771:t1, leader=null, voted=17c6328d-41b2-4f2a-9292-e6afe4664332, raftlog=17c6328d-41b2-4f2a-9292-e6afe4664332@group-13F93AC46771-SegmentedRaftLog:OPENED:c-1,f-1,i0, conf=-1: [52de152f-69b6-4a91-acbe-0116c0f58132:192.168.151.112:45717, 17c6328d-41b2-4f2a-9292-e6afe4664332:192.168.151.112:37358, b7b4b7f4-6208-4617-92d6-351d069a50a1:192.168.151.112:37095], old=null
2019-10-15 03:51:08,406 [17c6328d-41b2-4f2a-9292-e6afe4664332@group-13F93AC46771-LeaderElection9] INFO  impl.RaftServerImpl (RaftServerImpl.java:setRole(170)) - 17c6328d-41b2-4f2a-9292-e6afe4664332@group-13F93AC46771: changes role from CANDIDATE to FOLLOWER at term 1 for DISCOVERED_A_NEW_TERM
2019-10-15 03:51:08,406 [17c6328d-41b2-4f2a-9292-e6afe4664332@group-13F93AC46771-LeaderElection9] INFO  impl.RoleInfo (RoleInfo.java:shutdownLeaderElection(134)) - 17c6328d-41b2-4f2a-9292-e6afe4664332: shutdown LeaderElection
2019-10-15 03:51:08,415 [17c6328d-41b2-4f2a-9292-e6afe4664332@group-13F93AC46771-LeaderElection9] INFO  impl.RoleInfo (RoleInfo.java:updateAndGet(143)) - 17c6328d-41b2-4f2a-9292-e6afe4664332: start FollowerState
2019-10-15 03:51:08,418 [b7b4b7f4-6208-4617-92d6-351d069a50a1@group-13F93AC46771-LeaderElection11] INFO  impl.LeaderElection (LeaderElection.java:logAndReturn(56)) - b7b4b7f4-6208-4617-92d6-351d069a50a1@group-13F93AC46771-LeaderElection11: Election REJECTED; received 2 response(s) [b7b4b7f4-6208-4617-92d6-351d069a50a1<-52de152f-69b6-4a91-acbe-0116c0f58132#0:FAIL-t1, b7b4b7f4-6208-4617-92d6-351d069a50a1<-17c6328d-41b2-4f2a-9292-e6afe4664332#0:FAIL-t1] and 0 exception(s); b7b4b7f4-6208-4617-92d6-351d069a50a1@group-13F93AC46771:t1, leader=null, voted=b7b4b7f4-6208-4617-92d6-351d069a50a1, raftlog=b7b4b7f4-6208-4617-92d6-351d069a50a1@group-13F93AC46771-SegmentedRaftLog:OPENED:c-1,f-1,i0, conf=-1: [52de152f-69b6-4a91-acbe-0116c0f58132:192.168.151.112:45717, 17c6328d-41b2-4f2a-9292-e6afe4664332:192.168.151.112:37358, b7b4b7f4-6208-4617-92d6-351d069a50a1:192.168.151.112:37095], old=null
2019-10-15 03:51:08,419 [b7b4b7f4-6208-4617-92d6-351d069a50a1@group-13F93AC46771-LeaderElection11] INFO  impl.RaftServerImpl (RaftServerImpl.java:setRole(170)) - b7b4b7f4-6208-4617-92d6-351d069a50a1@group-13F93AC46771: changes role from CANDIDATE to FOLLOWER at term 1 for DISCOVERED_A_NEW_TERM
2019-10-15 03:51:08,420 [b7b4b7f4-6208-4617-92d6-351d069a50a1@group-13F93AC46771-LeaderElection11] INFO  impl.RoleInfo (RoleInfo.java:shutdownLeaderElection(134)) - b7b4b7f4-6208-4617-92d6-351d069a50a1: shutdown LeaderElection
2019-10-15 03:51:08,420 [b7b4b7f4-6208-4617-92d6-351d069a50a1@group-13F93AC46771-LeaderElection11] INFO  impl.RoleInfo (RoleInfo.java:updateAndGet(143)) - b7b4b7f4-6208-4617-92d6-351d069a50a1: start FollowerState
2019-10-15 03:51:10,495 [Datanode State Machine Thread - 0] INFO  statemachine.DatanodeStateMachine (DatanodeStateMachine.java:lambda$startDaemon$0(350)) - Ozone container server started.
2019-10-15 03:51:13,455 [Thread-332] INFO  impl.FollowerState (FollowerState.java:run(108)) - b7b4b7f4-6208-4617-92d6-351d069a50a1@group-13F93AC46771-FollowerState: change to CANDIDATE, lastRpcTime:5034ms, electionTimeout:5034ms
2019-10-15 03:51:13,455 [Thread-332] INFO  impl.RoleInfo (RoleInfo.java:shutdownFollowerState(121)) - b7b4b7f4-6208-4617-92d6-351d069a50a1: shutdown FollowerState
2019-10-15 03:51:13,455 [Thread-332] INFO  impl.RaftServerImpl (RaftServerImpl.java:setRole(170)) - b7b4b7f4-6208-4617-92d6-351d069a50a1@group-13F93AC46771: changes role from  FOLLOWER to CANDIDATE at term 1 for changeToCandidate
2019-10-15 03:51:13,455 [Thread-332] INFO  impl.RoleInfo (RoleInfo.java:updateAndGet(143)) - b7b4b7f4-6208-4617-92d6-351d069a50a1: start LeaderElection
2019-10-15 03:51:13,462 [Thread-330] INFO  impl.FollowerState (FollowerState.java:run(108)) - 52de152f-69b6-4a91-acbe-0116c0f58132@group-13F93AC46771-FollowerState: change to CANDIDATE, lastRpcTime:5063ms, electionTimeout:5060ms
2019-10-15 03:51:13,462 [Thread-330] INFO  impl.RoleInfo (RoleInfo.java:shutdownFollowerState(121)) - 52de152f-69b6-4a91-acbe-0116c0f58132: shutdown FollowerState
2019-10-15 03:51:13,463 [Thread-330] INFO  impl.RaftServerImpl (RaftServerImpl.java:setRole(170)) - 52de152f-69b6-4a91-acbe-0116c0f58132@group-13F93AC46771: changes role from  FOLLOWER to CANDIDATE at term 1 for changeToCandidate
2019-10-15 03:51:13,463 [Thread-330] INFO  impl.RoleInfo (RoleInfo.java:updateAndGet(143)) - 52de152f-69b6-4a91-acbe-0116c0f58132: start LeaderElection
2019-10-15 03:51:13,488 [b7b4b7f4-6208-4617-92d6-351d069a50a1@group-13F93AC46771-LeaderElection12] INFO  impl.LeaderElection (LeaderElection.java:askForVotes(178)) - b7b4b7f4-6208-4617-92d6-351d069a50a1@group-13F93AC46771-LeaderElection12: begin an election at term 2 for -1: [52de152f-69b6-4a91-acbe-0116c0f58132:192.168.151.112:45717, 17c6328d-41b2-4f2a-9292-e6afe4664332:192.168.151.112:37358, b7b4b7f4-6208-4617-92d6-351d069a50a1:192.168.151.112:37095], old=null
2019-10-15 03:51:13,520 [52de152f-69b6-4a91-acbe-0116c0f58132@group-13F93AC46771-LeaderElection13] INFO  impl.LeaderElection (LeaderElection.java:askForVotes(178)) - 52de152f-69b6-4a91-acbe-0116c0f58132@group-13F93AC46771-LeaderElection13: begin an election at term 2 for -1: [52de152f-69b6-4a91-acbe-0116c0f58132:192.168.151.112:45717, 17c6328d-41b2-4f2a-9292-e6afe4664332:192.168.151.112:37358, b7b4b7f4-6208-4617-92d6-351d069a50a1:192.168.151.112:37095], old=null
2019-10-15 03:51:13,526 [grpc-default-executor-2] INFO  impl.RaftServerImpl (RaftServerImpl.java:setRole(170)) - 17c6328d-41b2-4f2a-9292-e6afe4664332@group-13F93AC46771: changes role from  FOLLOWER to FOLLOWER at term 2 for recognizeCandidate:b7b4b7f4-6208-4617-92d6-351d069a50a1
2019-10-15 03:51:13,526 [grpc-default-executor-2] INFO  impl.RoleInfo (RoleInfo.java:shutdownFollowerState(121)) - 17c6328d-41b2-4f2a-9292-e6afe4664332: shutdown FollowerState
2019-10-15 03:51:13,527 [Thread-331] INFO  impl.FollowerState (FollowerState.java:run(117)) - 17c6328d-41b2-4f2a-9292-e6afe4664332@group-13F93AC46771-FollowerState was interrupted: java.lang.InterruptedException: sleep interrupted
2019-10-15 03:51:13,527 [grpc-default-executor-2] INFO  impl.RoleInfo (RoleInfo.java:updateAndGet(143)) - 17c6328d-41b2-4f2a-9292-e6afe4664332: start FollowerState
2019-10-15 03:51:13,559 [b7b4b7f4-6208-4617-92d6-351d069a50a1@group-13F93AC46771-LeaderElection12] INFO  impl.LeaderElection (LeaderElection.java:logAndReturn(56)) - b7b4b7f4-6208-4617-92d6-351d069a50a1@group-13F93AC46771-LeaderElection12: Election PASSED; received 2 response(s) [b7b4b7f4-6208-4617-92d6-351d069a50a1<-52de152f-69b6-4a91-acbe-0116c0f58132#0:FAIL-t2, b7b4b7f4-6208-4617-92d6-351d069a50a1<-17c6328d-41b2-4f2a-9292-e6afe4664332#0:OK-t2] and 0 exception(s); b7b4b7f4-6208-4617-92d6-351d069a50a1@group-13F93AC46771:t2, leader=null, voted=b7b4b7f4-6208-4617-92d6-351d069a50a1, raftlog=b7b4b7f4-6208-4617-92d6-351d069a50a1@group-13F93AC46771-SegmentedRaftLog:OPENED:c-1,f-1,i0, conf=-1: [52de152f-69b6-4a91-acbe-0116c0f58132:192.168.151.112:45717, 17c6328d-41b2-4f2a-9292-e6afe4664332:192.168.151.112:37358, b7b4b7f4-6208-4617-92d6-351d069a50a1:192.168.151.112:37095], old=null
2019-10-15 03:51:13,560 [52de152f-69b6-4a91-acbe-0116c0f58132@group-13F93AC46771-LeaderElection13] INFO  impl.LeaderElection (LeaderElection.java:logAndReturn(56)) - 52de152f-69b6-4a91-acbe-0116c0f58132@group-13F93AC46771-LeaderElection13: Election REJECTED; received 2 response(s) [52de152f-69b6-4a91-acbe-0116c0f58132<-b7b4b7f4-6208-4617-92d6-351d069a50a1#0:FAIL-t2, 52de152f-69b6-4a91-acbe-0116c0f58132<-17c6328d-41b2-4f2a-9292-e6afe4664332#0:FAIL-t2] and 0 exception(s); 52de152f-69b6-4a91-acbe-0116c0f58132@group-13F93AC46771:t2, leader=null, voted=52de152f-69b6-4a91-acbe-0116c0f58132, raftlog=52de152f-69b6-4a91-acbe-0116c0f58132@group-13F93AC46771-SegmentedRaftLog:OPENED:c-1,f-1,i0, conf=-1: [52de152f-69b6-4a91-acbe-0116c0f58132:192.168.151.112:45717, 17c6328d-41b2-4f2a-9292-e6afe4664332:192.168.151.112:37358, b7b4b7f4-6208-4617-92d6-351d069a50a1:192.168.151.112:37095], old=null
2019-10-15 03:51:13,570 [52de152f-69b6-4a91-acbe-0116c0f58132@group-13F93AC46771-LeaderElection13] INFO  impl.RaftServerImpl (RaftServerImpl.java:setRole(170)) - 52de152f-69b6-4a91-acbe-0116c0f58132@group-13F93AC46771: changes role from CANDIDATE to FOLLOWER at term 2 for DISCOVERED_A_NEW_TERM
2019-10-15 03:51:13,570 [b7b4b7f4-6208-4617-92d6-351d069a50a1@group-13F93AC46771-LeaderElection12] INFO  impl.RoleInfo (RoleInfo.java:shutdownLeaderElection(134)) - b7b4b7f4-6208-4617-92d6-351d069a50a1: shutdown LeaderElection
2019-10-15 03:51:13,576 [52de152f-69b6-4a91-acbe-0116c0f58132@group-13F93AC46771-LeaderElection13] INFO  impl.RoleInfo (RoleInfo.java:shutdownLeaderElection(134)) - 52de152f-69b6-4a91-acbe-0116c0f58132: shutdown LeaderElection
2019-10-15 03:51:13,578 [b7b4b7f4-6208-4617-92d6-351d069a50a1@group-13F93AC46771-LeaderElection12] INFO  impl.RaftServerImpl (RaftServerImpl.java:setRole(170)) - b7b4b7f4-6208-4617-92d6-351d069a50a1@group-13F93AC46771: changes role from CANDIDATE to LEADER at term 2 for changeToLeader
2019-10-15 03:51:13,578 [52de152f-69b6-4a91-acbe-0116c0f58132@group-13F93AC46771-LeaderElection13] INFO  impl.RoleInfo (RoleInfo.java:updateAndGet(143)) - 52de152f-69b6-4a91-acbe-0116c0f58132: start FollowerState
2019-10-15 03:51:13,578 [b7b4b7f4-6208-4617-92d6-351d069a50a1@group-13F93AC46771-LeaderElection12] INFO  impl.RaftServerImpl (ServerState.java:setLeader(255)) - b7b4b7f4-6208-4617-92d6-351d069a50a1@group-13F93AC46771: change Leader from null to b7b4b7f4-6208-4617-92d6-351d069a50a1 at term 2 for becomeLeader, leader elected after 10433ms
2019-10-15 03:51:13,580 [b7b4b7f4-6208-4617-92d6-351d069a50a1@group-13F93AC46771-LeaderElection12] INFO  server.RaftServerConfigKeys (ConfUtils.java:logGet(43)) - raft.server.staging.catchup.gap = 1000 (default)
2019-10-15 03:51:13,580 [b7b4b7f4-6208-4617-92d6-351d069a50a1@group-13F93AC46771-LeaderElection12] INFO  server.RaftServerConfigKeys (ConfUtils.java:logGet(43)) - raft.server.rpc.sleep.time = 25ms (default)
2019-10-15 03:51:13,581 [b7b4b7f4-6208-4617-92d6-351d069a50a1@group-13F93AC46771-LeaderElection12] INFO  server.RaftServerConfigKeys (ConfUtils.java:logGet(43)) - raft.server.write.element-limit = 4096 (default)
2019-10-15 03:51:13,581 [b7b4b7f4-6208-4617-92d6-351d069a50a1@group-13F93AC46771-LeaderElection12] INFO  server.RaftServerConfigKeys (ConfUtils.java:logGet(43)) - raft.server.watch.timeout = 10s (default)
2019-10-15 03:51:13,581 [b7b4b7f4-6208-4617-92d6-351d069a50a1@group-13F93AC46771-LeaderElection12] INFO  server.RaftServerConfigKeys (ConfUtils.java:logGet(43)) - raft.server.watch.timeout.denomination = 1s (default)
2019-10-15 03:51:13,581 [b7b4b7f4-6208-4617-92d6-351d069a50a1@group-13F93AC46771-LeaderElection12] INFO  server.RaftServerConfigKeys (ConfUtils.java:logGet(43)) - raft.server.watch.element-limit = 65536 (default)
2019-10-15 03:51:13,661 [b7b4b7f4-6208-4617-92d6-351d069a50a1@group-13F93AC46771-LeaderElection12] INFO  server.RaftServerConfigKeys (ConfUtils.java:logGet(43)) - raft.server.log.appender.snapshot.chunk.size.max = 16MB (=16777216) (default)
2019-10-15 03:51:13,661 [b7b4b7f4-6208-4617-92d6-351d069a50a1@group-13F93AC46771-LeaderElection12] INFO  server.RaftServerConfigKeys (ConfUtils.java:logGet(43)) - raft.server.log.appender.buffer.byte-limit = 33554432 (custom)
2019-10-15 03:51:13,662 [b7b4b7f4-6208-4617-92d6-351d069a50a1@group-13F93AC46771-LeaderElection12] INFO  server.RaftServerConfigKeys (ConfUtils.java:logGet(43)) - raft.server.log.appender.buffer.element-limit = 1 (custom)
2019-10-15 03:51:13,662 [b7b4b7f4-6208-4617-92d6-351d069a50a1@group-13F93AC46771-LeaderElection12] INFO  grpc.GrpcConfigKeys$Server (ConfUtils.java:logGet(43)) - raft.grpc.server.leader.outstanding.appends.max = 128 (default)
2019-10-15 03:51:13,664 [b7b4b7f4-6208-4617-92d6-351d069a50a1@group-13F93AC46771-LeaderElection12] INFO  server.RaftServerConfigKeys (ConfUtils.java:logGet(43)) - raft.server.rpc.request.timeout = 3000ms (default)
2019-10-15 03:51:13,664 [b7b4b7f4-6208-4617-92d6-351d069a50a1@group-13F93AC46771-LeaderElection12] INFO  server.RaftServerConfigKeys (ConfUtils.java:logGet(43)) - raft.server.log.appender.install.snapshot.enabled = false (custom)
2019-10-15 03:51:13,664 [b7b4b7f4-6208-4617-92d6-351d069a50a1@group-13F93AC46771-LeaderElection12] INFO  server.RaftServerConfigKeys (ConfUtils.java:logGet(43)) - raft.server.log.appender.snapshot.chunk.size.max = 16MB (=16777216) (default)
2019-10-15 03:51:13,665 [b7b4b7f4-6208-4617-92d6-351d069a50a1@group-13F93AC46771-LeaderElection12] INFO  server.RaftServerConfigKeys (ConfUtils.java:logGet(43)) - raft.server.log.appender.buffer.byte-limit = 33554432 (custom)
2019-10-15 03:51:13,665 [b7b4b7f4-6208-4617-92d6-351d069a50a1@group-13F93AC46771-LeaderElection12] INFO  server.RaftServerConfigKeys (ConfUtils.java:logGet(43)) - raft.server.log.appender.buffer.element-limit = 1 (custom)
2019-10-15 03:51:13,665 [b7b4b7f4-6208-4617-92d6-351d069a50a1@group-13F93AC46771-LeaderElection12] INFO  grpc.GrpcConfigKeys$Server (ConfUtils.java:logGet(43)) - raft.grpc.server.leader.outstanding.appends.max = 128 (default)
2019-10-15 03:51:13,665 [b7b4b7f4-6208-4617-92d6-351d069a50a1@group-13F93AC46771-LeaderElection12] INFO  server.RaftServerConfigKeys (ConfUtils.java:logGet(43)) - raft.server.rpc.request.timeout = 3000ms (default)
2019-10-15 03:51:13,666 [b7b4b7f4-6208-4617-92d6-351d069a50a1@group-13F93AC46771-LeaderElection12] INFO  server.RaftServerConfigKeys (ConfUtils.java:logGet(43)) - raft.server.log.appender.install.snapshot.enabled = false (custom)
2019-10-15 03:51:13,666 [b7b4b7f4-6208-4617-92d6-351d069a50a1@group-13F93AC46771-LeaderElection12] INFO  impl.RoleInfo (RoleInfo.java:updateAndGet(143)) - b7b4b7f4-6208-4617-92d6-351d069a50a1: start LeaderState
2019-10-15 03:51:13,666 [b7b4b7f4-6208-4617-92d6-351d069a50a1@group-13F93AC46771-LeaderElection12] INFO  segmented.SegmentedRaftLogWorker (SegmentedRaftLogWorker.java:startLogSegment(385)) - b7b4b7f4-6208-4617-92d6-351d069a50a1@group-13F93AC46771-SegmentedRaftLogWorker: Starting segment from index:0
2019-10-15 03:51:13,668 [b7b4b7f4-6208-4617-92d6-351d069a50a1@group-13F93AC46771-LeaderElection12] INFO  impl.RaftServerImpl (ServerState.java:setRaftConf(356)) - b7b4b7f4-6208-4617-92d6-351d069a50a1@group-13F93AC46771: set configuration 0: [52de152f-69b6-4a91-acbe-0116c0f58132:192.168.151.112:45717, 17c6328d-41b2-4f2a-9292-e6afe4664332:192.168.151.112:37358, b7b4b7f4-6208-4617-92d6-351d069a50a1:192.168.151.112:37095], old=null at 0
2019-10-15 03:51:13,705 [grpc-default-executor-2] INFO  impl.RaftServerImpl (ServerState.java:setLeader(255)) - 17c6328d-41b2-4f2a-9292-e6afe4664332@group-13F93AC46771: change Leader from null to b7b4b7f4-6208-4617-92d6-351d069a50a1 at term 2 for appendEntries, leader elected after 10560ms
2019-10-15 03:51:13,705 [grpc-default-executor-5] INFO  impl.RaftServerImpl (ServerState.java:setLeader(255)) - 52de152f-69b6-4a91-acbe-0116c0f58132@group-13F93AC46771: change Leader from null to b7b4b7f4-6208-4617-92d6-351d069a50a1 at term 2 for appendEntries, leader elected after 10560ms
2019-10-15 03:51:13,709 [grpc-default-executor-2] INFO  impl.RaftServerImpl (ServerState.java:setRaftConf(356)) - 17c6328d-41b2-4f2a-9292-e6afe4664332@group-13F93AC46771: set configuration 0: [52de152f-69b6-4a91-acbe-0116c0f58132:192.168.151.112:45717, 17c6328d-41b2-4f2a-9292-e6afe4664332:192.168.151.112:37358, b7b4b7f4-6208-4617-92d6-351d069a50a1:192.168.151.112:37095], old=null at 0
2019-10-15 03:51:13,709 [grpc-default-executor-5] INFO  impl.RaftServerImpl (ServerState.java:setRaftConf(356)) - 52de152f-69b6-4a91-acbe-0116c0f58132@group-13F93AC46771: set configuration 0: [52de152f-69b6-4a91-acbe-0116c0f58132:192.168.151.112:45717, 17c6328d-41b2-4f2a-9292-e6afe4664332:192.168.151.112:37358, b7b4b7f4-6208-4617-92d6-351d069a50a1:192.168.151.112:37095], old=null at 0
2019-10-15 03:51:13,709 [grpc-default-executor-2] INFO  segmented.SegmentedRaftLogWorker (SegmentedRaftLogWorker.java:startLogSegment(385)) - 17c6328d-41b2-4f2a-9292-e6afe4664332@group-13F93AC46771-SegmentedRaftLogWorker: Starting segment from index:0
2019-10-15 03:51:13,709 [grpc-default-executor-5] INFO  segmented.SegmentedRaftLogWorker (SegmentedRaftLogWorker.java:startLogSegment(385)) - 52de152f-69b6-4a91-acbe-0116c0f58132@group-13F93AC46771-SegmentedRaftLogWorker: Starting segment from index:0
2019-10-15 03:51:13,727 [b7b4b7f4-6208-4617-92d6-351d069a50a1@group-13F93AC46771-SegmentedRaftLogWorker] INFO  segmented.SegmentedRaftLogWorker (SegmentedRaftLogWorker.java:execute(574)) - b7b4b7f4-6208-4617-92d6-351d069a50a1@group-13F93AC46771-SegmentedRaftLogWorker: created new log segment /workdir/hadoop-ozone/integration-test/target/test-dir/MiniOzoneClusterImpl-db766658-51e8-42c9-a009-09e1693026ad/datanode-1/data/ratis/e84d68ad-e13c-4e13-9cad-13f93ac46771/current/log_inprogress_0
2019-10-15 03:51:13,783 [17c6328d-41b2-4f2a-9292-e6afe4664332@group-13F93AC46771-SegmentedRaftLogWorker] INFO  segmented.SegmentedRaftLogWorker (SegmentedRaftLogWorker.java:execute(574)) - 17c6328d-41b2-4f2a-9292-e6afe4664332@group-13F93AC46771-SegmentedRaftLogWorker: created new log segment /workdir/hadoop-ozone/integration-test/target/test-dir/MiniOzoneClusterImpl-db766658-51e8-42c9-a009-09e1693026ad/datanode-0/data/ratis/e84d68ad-e13c-4e13-9cad-13f93ac46771/current/log_inprogress_0
2019-10-15 03:51:13,783 [52de152f-69b6-4a91-acbe-0116c0f58132@group-13F93AC46771-SegmentedRaftLogWorker] INFO  segmented.SegmentedRaftLogWorker (SegmentedRaftLogWorker.java:execute(574)) - 52de152f-69b6-4a91-acbe-0116c0f58132@group-13F93AC46771-SegmentedRaftLogWorker: created new log segment /workdir/hadoop-ozone/integration-test/target/test-dir/MiniOzoneClusterImpl-db766658-51e8-42c9-a009-09e1693026ad/datanode-5/data/ratis/e84d68ad-e13c-4e13-9cad-13f93ac46771/current/log_inprogress_0
2019-10-15 03:51:14,540 [main] INFO  ozoneimpl.OzoneContainer (OzoneContainer.java:stop(227)) - Attempting to stop container services.
2019-10-15 03:51:14,541 [main] INFO  impl.RaftServerProxy (RaftServerProxy.java:lambda$close$4(314)) - 7a3f8abb-79c4-4d5e-8346-45ba7cf38691: close
2019-10-15 03:51:14,544 [main] INFO  impl.RaftServerImpl (RaftServerImpl.java:lambda$shutdown$3(247)) - 7a3f8abb-79c4-4d5e-8346-45ba7cf38691@group-6A846AC00D1F: shutdown
2019-10-15 03:51:14,544 [main] INFO  util.JmxRegister (JmxRegister.java:unregister(73)) - Successfully un-registered JMX Bean with object name Ratis:service=RaftServer,group=group-6A846AC00D1F,id=7a3f8abb-79c4-4d5e-8346-45ba7cf38691
2019-10-15 03:51:14,545 [main] INFO  impl.RoleInfo (RoleInfo.java:shutdownLeaderState(104)) - 7a3f8abb-79c4-4d5e-8346-45ba7cf38691: shutdown LeaderState
2019-10-15 03:51:14,546 [main] INFO  impl.PendingRequests (PendingRequests.java:sendNotLeaderResponses(202)) - 7a3f8abb-79c4-4d5e-8346-45ba7cf38691@group-6A846AC00D1F-PendingRequests: sendNotLeaderResponses
2019-10-15 03:51:14,548 [main] INFO  impl.StateMachineUpdater (StateMachineUpdater.java:stopAndJoin(136)) - 7a3f8abb-79c4-4d5e-8346-45ba7cf38691@group-6A846AC00D1F-StateMachineUpdater: set stopIndex = 0
2019-10-15 03:51:14,552 [main] INFO  impl.RaftServerImpl (ServerState.java:close(387)) - 7a3f8abb-79c4-4d5e-8346-45ba7cf38691@group-6A846AC00D1F: closes. applyIndex: 0
2019-10-15 03:51:14,554 [7a3f8abb-79c4-4d5e-8346-45ba7cf38691@group-6A846AC00D1F-SegmentedRaftLogWorker] INFO  segmented.SegmentedRaftLogWorker (SegmentedRaftLogWorker.java:run(316)) - 7a3f8abb-79c4-4d5e-8346-45ba7cf38691@group-6A846AC00D1F-SegmentedRaftLogWorker was interrupted, exiting. There are 0 tasks remaining in the queue.
2019-10-15 03:51:14,557 [main] INFO  segmented.SegmentedRaftLogWorker (SegmentedRaftLogWorker.java:close(224)) - 7a3f8abb-79c4-4d5e-8346-45ba7cf38691@group-6A846AC00D1F-SegmentedRaftLogWorker close()
2019-10-15 03:51:14,561 [main] INFO  impl.RaftServerImpl (RaftServerImpl.java:lambda$shutdown$3(247)) - 7a3f8abb-79c4-4d5e-8346-45ba7cf38691@group-0CA2DF542071: shutdown
2019-10-15 03:51:14,561 [main] INFO  util.JmxRegister (JmxRegister.java:unregister(73)) - Successfully un-registered JMX Bean with object name Ratis:service=RaftServer,group=group-0CA2DF542071,id=7a3f8abb-79c4-4d5e-8346-45ba7cf38691
2019-10-15 03:51:14,562 [main] INFO  impl.RoleInfo (RoleInfo.java:shutdownLeaderState(104)) - 7a3f8abb-79c4-4d5e-8346-45ba7cf38691: shutdown LeaderState
2019-10-15 03:51:14,565 [main] INFO  impl.PendingRequests (PendingRequests.java:sendNotLeaderResponses(202)) - 7a3f8abb-79c4-4d5e-8346-45ba7cf38691@group-0CA2DF542071-PendingRequests: sendNotLeaderResponses
2019-10-15 03:51:14,566 [org.apache.ratis.server.impl.LogAppender$AppenderDaemon$$Lambda$497/1343787694@15723674] WARN  server.GrpcLogAppender (GrpcLogAppender.java:mayWait(143)) - 7a3f8abb-79c4-4d5e-8346-45ba7cf38691@group-0CA2DF542071->87cc7840-07ab-4468-a9bb-b42c9b658208-GrpcLogAppender: Wait interrupted by java.lang.InterruptedException
2019-10-15 03:51:14,566 [org.apache.ratis.server.impl.LogAppender$AppenderDaemon$$Lambda$497/1343787694@3e25ba17] WARN  server.GrpcLogAppender (GrpcLogAppender.java:mayWait(143)) - 7a3f8abb-79c4-4d5e-8346-45ba7cf38691@group-0CA2DF542071->cb078210-d8fb-4a38-a9bc-8272e5f5dfbb-GrpcLogAppender: Wait interrupted by java.lang.InterruptedException
2019-10-15 03:51:14,576 [main] INFO  impl.StateMachineUpdater (StateMachineUpdater.java:stopAndJoin(136)) - 7a3f8abb-79c4-4d5e-8346-45ba7cf38691@group-0CA2DF542071-StateMachineUpdater: set stopIndex = 2
2019-10-15 03:51:14,576 [7a3f8abb-79c4-4d5e-8346-45ba7cf38691@group-0CA2DF542071-StateMachineUpdater] INFO  ratis.ContainerStateMachine (ContainerStateMachine.java:takeSnapshot(294)) - group-0CA2DF542071: Taking a snapshot at:(t:1, i:2) file /workdir/hadoop-ozone/integration-test/target/test-dir/MiniOzoneClusterImpl-db766658-51e8-42c9-a009-09e1693026ad/datanode-2/data/ratis/4a6cbcb4-56f0-4d98-ad8a-0ca2df542071/sm/snapshot.1_2
2019-10-15 03:51:14,581 [grpc-default-executor-2] INFO  server.GrpcServerProtocolService (GrpcServerProtocolService.java:onCompleted(113)) - 87cc7840-07ab-4468-a9bb-b42c9b658208: Completed APPEND_ENTRIES, lastRequest: 7a3f8abb-79c4-4d5e-8346-45ba7cf38691->87cc7840-07ab-4468-a9bb-b42c9b658208#5-t1, previous=(t:1, i:2), leaderCommit=2, initializing? false, entries: <empty>
2019-10-15 03:51:14,581 [grpc-default-executor-5] INFO  server.GrpcServerProtocolService (GrpcServerProtocolService.java:onCompleted(113)) - cb078210-d8fb-4a38-a9bc-8272e5f5dfbb: Completed APPEND_ENTRIES, lastRequest: 7a3f8abb-79c4-4d5e-8346-45ba7cf38691->cb078210-d8fb-4a38-a9bc-8272e5f5dfbb#5-t1, previous=(t:1, i:2), leaderCommit=2, initializing? false, entries: <empty>
2019-10-15 03:51:14,585 [grpc-default-executor-5] INFO  server.GrpcLogAppender (GrpcLogAppender.java:onCompleted(293)) - 7a3f8abb-79c4-4d5e-8346-45ba7cf38691@group-0CA2DF542071->87cc7840-07ab-4468-a9bb-b42c9b658208-AppendLogResponseHandler: follower responses appendEntries COMPLETED
2019-10-15 03:51:14,586 [grpc-default-executor-2] INFO  server.GrpcLogAppender (GrpcLogAppender.java:onCompleted(293)) - 7a3f8abb-79c4-4d5e-8346-45ba7cf38691@group-0CA2DF542071->cb078210-d8fb-4a38-a9bc-8272e5f5dfbb-AppendLogResponseHandler: follower responses appendEntries COMPLETED
2019-10-15 03:51:14,591 [grpc-default-executor-5] INFO  impl.FollowerInfo (FollowerInfo.java:lambda$new$0(51)) - 7a3f8abb-79c4-4d5e-8346-45ba7cf38691@group-0CA2DF542071->87cc7840-07ab-4468-a9bb-b42c9b658208: nextIndex: updateUnconditionally 3 -> 2
2019-10-15 03:51:14,591 [grpc-default-executor-2] INFO  impl.FollowerInfo (FollowerInfo.java:lambda$new$0(51)) - 7a3f8abb-79c4-4d5e-8346-45ba7cf38691@group-0CA2DF542071->cb078210-d8fb-4a38-a9bc-8272e5f5dfbb: nextIndex: updateUnconditionally 3 -> 2
2019-10-15 03:51:14,707 [7a3f8abb-79c4-4d5e-8346-45ba7cf38691@group-0CA2DF542071-StateMachineUpdater] INFO  ratis.ContainerStateMachine (ContainerStateMachine.java:takeSnapshot(305)) - group-0CA2DF542071: Finished taking a snapshot at:(t:1, i:2) file:/workdir/hadoop-ozone/integration-test/target/test-dir/MiniOzoneClusterImpl-db766658-51e8-42c9-a009-09e1693026ad/datanode-2/data/ratis/4a6cbcb4-56f0-4d98-ad8a-0ca2df542071/sm/snapshot.1_2 time:132
2019-10-15 03:51:14,709 [7a3f8abb-79c4-4d5e-8346-45ba7cf38691@group-0CA2DF542071-StateMachineUpdater] INFO  impl.StateMachineUpdater (StateMachineUpdater.java:takeSnapshot(269)) - 7a3f8abb-79c4-4d5e-8346-45ba7cf38691@group-0CA2DF542071-StateMachineUpdater: Took a snapshot at index 2
2019-10-15 03:51:14,711 [7a3f8abb-79c4-4d5e-8346-45ba7cf38691@group-0CA2DF542071-StateMachineUpdater] INFO  impl.StateMachineUpdater (StateMachineUpdater.java:lambda$new$0(84)) - 7a3f8abb-79c4-4d5e-8346-45ba7cf38691@group-0CA2DF542071-StateMachineUpdater: snapshotIndex: updateIncreasingly -1 -> 2
2019-10-15 03:51:14,718 [main] INFO  impl.RaftServerImpl (ServerState.java:close(387)) - 7a3f8abb-79c4-4d5e-8346-45ba7cf38691@group-0CA2DF542071: closes. applyIndex: 2
2019-10-15 03:51:14,719 [7a3f8abb-79c4-4d5e-8346-45ba7cf38691@group-0CA2DF542071-SegmentedRaftLogWorker] INFO  segmented.SegmentedRaftLogWorker (SegmentedRaftLogWorker.java:run(316)) - 7a3f8abb-79c4-4d5e-8346-45ba7cf38691@group-0CA2DF542071-SegmentedRaftLogWorker was interrupted, exiting. There are 0 tasks remaining in the queue.
2019-10-15 03:51:14,720 [main] INFO  segmented.SegmentedRaftLogWorker (SegmentedRaftLogWorker.java:close(224)) - 7a3f8abb-79c4-4d5e-8346-45ba7cf38691@group-0CA2DF542071-SegmentedRaftLogWorker close()
2019-10-15 03:51:14,724 [main] INFO  server.GrpcService (GrpcService.java:closeImpl(164)) - 7a3f8abb-79c4-4d5e-8346-45ba7cf38691: shutdown server with port 46575 now
2019-10-15 03:51:14,727 [main] INFO  server.GrpcService (GrpcService.java:closeImpl(172)) - 7a3f8abb-79c4-4d5e-8346-45ba7cf38691: shutdown server with port 46575 successfully
2019-10-15 03:51:14,735 [refreshUsed-/workdir/hadoop-ozone/integration-test/target/test-dir/MiniOzoneClusterImpl-db766658-51e8-42c9-a009-09e1693026ad/datanode-2/data/containers] WARN  fs.CachingGetSpaceUsed (CachingGetSpaceUsed.java:run(183)) - Thread Interrupted waiting to refresh disk information: sleep interrupted
2019-10-15 03:51:14,750 [main] INFO  utils.BackgroundService (BackgroundService.java:shutdown(151)) - Shutting down service BlockDeletingService
2019-10-15 03:51:14,754 [main] INFO  statemachine.DatanodeStateMachine (DatanodeStateMachine.java:stopDaemon(395)) - Ozone container server stopped.
2019-10-15 03:51:14,759 [main] INFO  handler.ContextHandler (ContextHandler.java:doStop(910)) - Stopped o.e.j.w.WebAppContext@ec8f4b9{/,null,UNAVAILABLE}{/hddsDatanode}
2019-10-15 03:51:14,764 [main] INFO  server.AbstractConnector (AbstractConnector.java:doStop(318)) - Stopped ServerConnector@bc042d5{HTTP/1.1,[http/1.1]}{0.0.0.0:0}
2019-10-15 03:51:14,764 [main] INFO  handler.ContextHandler (ContextHandler.java:doStop(910)) - Stopped o.e.j.s.ServletContextHandler@56da7487{/static,jar:file:/home/user/.m2/repository/org/apache/hadoop/hadoop-hdds-container-service/0.5.0-SNAPSHOT/hadoop-hdds-container-service-0.5.0-SNAPSHOT.jar!/webapps/static,UNAVAILABLE}
2019-10-15 03:51:14,764 [main] INFO  handler.ContextHandler (ContextHandler.java:doStop(910)) - Stopped o.e.j.s.ServletContextHandler@2b680207{/logs,file:///workdir/hadoop-ozone/integration-test/target/log,UNAVAILABLE}
2019-10-15 03:51:23,327 [Thread-308] INFO  impl.FollowerState (FollowerState.java:run(108)) - 87cc7840-07ab-4468-a9bb-b42c9b658208@group-0CA2DF542071-FollowerState: change to CANDIDATE, lastRpcTime:9071ms, electionTimeout:5119ms
2019-10-15 03:51:23,328 [Thread-308] INFO  impl.RoleInfo (RoleInfo.java:shutdownFollowerState(121)) - 87cc7840-07ab-4468-a9bb-b42c9b658208: shutdown FollowerState
2019-10-15 03:51:23,328 [Thread-308] INFO  impl.RaftServerImpl (RaftServerImpl.java:setRole(170)) - 87cc7840-07ab-4468-a9bb-b42c9b658208@group-0CA2DF542071: changes role from  FOLLOWER to CANDIDATE at term 1 for changeToCandidate
2019-10-15 03:51:23,328 [Thread-308] INFO  impl.RoleInfo (RoleInfo.java:updateAndGet(143)) - 87cc7840-07ab-4468-a9bb-b42c9b658208: start LeaderElection
2019-10-15 03:51:23,331 [87cc7840-07ab-4468-a9bb-b42c9b658208@group-0CA2DF542071-LeaderElection14] INFO  impl.RaftServerImpl (ServerState.java:setLeader(255)) - 87cc7840-07ab-4468-a9bb-b42c9b658208@group-0CA2DF542071: change Leader from 7a3f8abb-79c4-4d5e-8346-45ba7cf38691 to null at term 1 for initElection
2019-10-15 03:51:23,354 [Thread-309] INFO  impl.FollowerState (FollowerState.java:run(108)) - cb078210-d8fb-4a38-a9bc-8272e5f5dfbb@group-0CA2DF542071-FollowerState: change to CANDIDATE, lastRpcTime:9098ms, electionTimeout:5015ms
2019-10-15 03:51:23,354 [Thread-309] INFO  impl.RoleInfo (RoleInfo.java:shutdownFollowerState(121)) - cb078210-d8fb-4a38-a9bc-8272e5f5dfbb: shutdown FollowerState
2019-10-15 03:51:23,354 [Thread-309] INFO  impl.RaftServerImpl (RaftServerImpl.java:setRole(170)) - cb078210-d8fb-4a38-a9bc-8272e5f5dfbb@group-0CA2DF542071: changes role from  FOLLOWER to CANDIDATE at term 1 for changeToCandidate
2019-10-15 03:51:23,354 [Thread-309] INFO  impl.RoleInfo (RoleInfo.java:updateAndGet(143)) - cb078210-d8fb-4a38-a9bc-8272e5f5dfbb: start LeaderElection
2019-10-15 03:51:23,357 [cb078210-d8fb-4a38-a9bc-8272e5f5dfbb@group-0CA2DF542071-LeaderElection15] INFO  impl.RaftServerImpl (ServerState.java:setLeader(255)) - cb078210-d8fb-4a38-a9bc-8272e5f5dfbb@group-0CA2DF542071: change Leader from 7a3f8abb-79c4-4d5e-8346-45ba7cf38691 to null at term 1 for initElection
2019-10-15 03:51:23,370 [87cc7840-07ab-4468-a9bb-b42c9b658208@group-0CA2DF542071-LeaderElection14] INFO  impl.LeaderElection (LeaderElection.java:askForVotes(178)) - 87cc7840-07ab-4468-a9bb-b42c9b658208@group-0CA2DF542071-LeaderElection14: begin an election at term 2 for 0: [7a3f8abb-79c4-4d5e-8346-45ba7cf38691:192.168.151.112:46575, cb078210-d8fb-4a38-a9bc-8272e5f5dfbb:192.168.151.112:39848, 87cc7840-07ab-4468-a9bb-b42c9b658208:192.168.151.112:34751], old=null
2019-10-15 03:51:23,379 [87cc7840-07ab-4468-a9bb-b42c9b658208@group-0CA2DF542071-LeaderElection14] INFO  impl.LeaderElection (LogUtils.java:infoOrTrace(149)) - 87cc7840-07ab-4468-a9bb-b42c9b658208@group-0CA2DF542071-LeaderElection14 got exception when requesting votes: {}
java.util.concurrent.ExecutionException: org.apache.ratis.thirdparty.io.grpc.StatusRuntimeException: UNAVAILABLE: io exception
	at java.util.concurrent.FutureTask.report(FutureTask.java:122)
	at java.util.concurrent.FutureTask.get(FutureTask.java:192)
	at org.apache.ratis.server.impl.LeaderElection.waitForResults(LeaderElection.java:259)
	at org.apache.ratis.server.impl.LeaderElection.askForVotes(LeaderElection.java:197)
	at org.apache.ratis.server.impl.LeaderElection.run(LeaderElection.java:133)
	at java.lang.Thread.run(Thread.java:748)
Caused by: org.apache.ratis.thirdparty.io.grpc.StatusRuntimeException: UNAVAILABLE: io exception
	at org.apache.ratis.thirdparty.io.grpc.stub.ClientCalls.toStatusRuntimeException(ClientCalls.java:233)
	at org.apache.ratis.thirdparty.io.grpc.stub.ClientCalls.getUnchecked(ClientCalls.java:214)
	at org.apache.ratis.thirdparty.io.grpc.stub.ClientCalls.blockingUnaryCall(ClientCalls.java:139)
	at org.apache.ratis.proto.grpc.RaftServerProtocolServiceGrpc$RaftServerProtocolServiceBlockingStub.requestVote(RaftServerProtocolServiceGrpc.java:265)
	at org.apache.ratis.grpc.server.GrpcServerProtocolClient.requestVote(GrpcServerProtocolClient.java:99)
	at org.apache.ratis.grpc.server.GrpcService.requestVote(GrpcService.java:204)
	at org.apache.ratis.server.impl.LeaderElection.lambda$submitRequests$1(LeaderElection.java:234)
	at java.util.concurrent.FutureTask.run(FutureTask.java:266)
	at java.util.concurrent.Executors$RunnableAdapter.call(Executors.java:511)
	at java.util.concurrent.FutureTask.run(FutureTask.java:266)
	at java.util.concurrent.ThreadPoolExecutor.runWorker(ThreadPoolExecutor.java:1149)
	at java.util.concurrent.ThreadPoolExecutor$Worker.run(ThreadPoolExecutor.java:624)
	... 1 more
Caused by: org.apache.ratis.thirdparty.io.netty.channel.AbstractChannel$AnnotatedConnectException: Connection refused: /192.168.151.112:46575
	at sun.nio.ch.SocketChannelImpl.checkConnect(Native Method)
	at sun.nio.ch.SocketChannelImpl.finishConnect(SocketChannelImpl.java:717)
	at org.apache.ratis.thirdparty.io.netty.channel.socket.nio.NioSocketChannel.doFinishConnect(NioSocketChannel.java:327)
	at org.apache.ratis.thirdparty.io.netty.channel.nio.AbstractNioChannel$AbstractNioUnsafe.finishConnect(AbstractNioChannel.java:340)
	at org.apache.ratis.thirdparty.io.netty.channel.nio.NioEventLoop.processSelectedKey(NioEventLoop.java:632)
	at org.apache.ratis.thirdparty.io.netty.channel.nio.NioEventLoop.processSelectedKeysOptimized(NioEventLoop.java:579)
	at org.apache.ratis.thirdparty.io.netty.channel.nio.NioEventLoop.processSelectedKeys(NioEventLoop.java:496)
	at org.apache.ratis.thirdparty.io.netty.channel.nio.NioEventLoop.run(NioEventLoop.java:458)
	at org.apache.ratis.thirdparty.io.netty.util.concurrent.SingleThreadEventExecutor$5.run(SingleThreadEventExecutor.java:897)
	at org.apache.ratis.thirdparty.io.netty.util.concurrent.FastThreadLocalRunnable.run(FastThreadLocalRunnable.java:30)
	... 1 more
Caused by: java.net.ConnectException: Connection refused
	... 11 more
2019-10-15 03:51:23,387 [cb078210-d8fb-4a38-a9bc-8272e5f5dfbb@group-0CA2DF542071-LeaderElection15] INFO  impl.LeaderElection (LeaderElection.java:askForVotes(178)) - cb078210-d8fb-4a38-a9bc-8272e5f5dfbb@group-0CA2DF542071-LeaderElection15: begin an election at term 2 for 0: [7a3f8abb-79c4-4d5e-8346-45ba7cf38691:192.168.151.112:46575, cb078210-d8fb-4a38-a9bc-8272e5f5dfbb:192.168.151.112:39848, 87cc7840-07ab-4468-a9bb-b42c9b658208:192.168.151.112:34751], old=null
2019-10-15 03:51:23,392 [87cc7840-07ab-4468-a9bb-b42c9b658208@group-0CA2DF542071-LeaderElection14] INFO  impl.LeaderElection (LeaderElection.java:logAndReturn(56)) - 87cc7840-07ab-4468-a9bb-b42c9b658208@group-0CA2DF542071-LeaderElection14: Election REJECTED; received 1 response(s) [87cc7840-07ab-4468-a9bb-b42c9b658208<-cb078210-d8fb-4a38-a9bc-8272e5f5dfbb#0:FAIL-t2] and 1 exception(s); 87cc7840-07ab-4468-a9bb-b42c9b658208@group-0CA2DF542071:t2, leader=null, voted=87cc7840-07ab-4468-a9bb-b42c9b658208, raftlog=87cc7840-07ab-4468-a9bb-b42c9b658208@group-0CA2DF542071-SegmentedRaftLog:OPENED:c2,f2,i2, conf=0: [7a3f8abb-79c4-4d5e-8346-45ba7cf38691:192.168.151.112:46575, cb078210-d8fb-4a38-a9bc-8272e5f5dfbb:192.168.151.112:39848, 87cc7840-07ab-4468-a9bb-b42c9b658208:192.168.151.112:34751], old=null
2019-10-15 03:51:23,393 [87cc7840-07ab-4468-a9bb-b42c9b658208@group-0CA2DF542071-LeaderElection14] INFO  impl.LeaderElection (LogUtils.java:infoOrTrace(149)) -   Exception 0: {}
java.util.concurrent.ExecutionException: org.apache.ratis.thirdparty.io.grpc.StatusRuntimeException: UNAVAILABLE: io exception
	at java.util.concurrent.FutureTask.report(FutureTask.java:122)
	at java.util.concurrent.FutureTask.get(FutureTask.java:192)
	at org.apache.ratis.server.impl.LeaderElection.waitForResults(LeaderElection.java:259)
	at org.apache.ratis.server.impl.LeaderElection.askForVotes(LeaderElection.java:197)
	at org.apache.ratis.server.impl.LeaderElection.run(LeaderElection.java:133)
	at java.lang.Thread.run(Thread.java:748)
Caused by: org.apache.ratis.thirdparty.io.grpc.StatusRuntimeException: UNAVAILABLE: io exception
	at org.apache.ratis.thirdparty.io.grpc.stub.ClientCalls.toStatusRuntimeException(ClientCalls.java:233)
	at org.apache.ratis.thirdparty.io.grpc.stub.ClientCalls.getUnchecked(ClientCalls.java:214)
	at org.apache.ratis.thirdparty.io.grpc.stub.ClientCalls.blockingUnaryCall(ClientCalls.java:139)
	at org.apache.ratis.proto.grpc.RaftServerProtocolServiceGrpc$RaftServerProtocolServiceBlockingStub.requestVote(RaftServerProtocolServiceGrpc.java:265)
	at org.apache.ratis.grpc.server.GrpcServerProtocolClient.requestVote(GrpcServerProtocolClient.java:99)
	at org.apache.ratis.grpc.server.GrpcService.requestVote(GrpcService.java:204)
	at org.apache.ratis.server.impl.LeaderElection.lambda$submitRequests$1(LeaderElection.java:234)
	at java.util.concurrent.FutureTask.run(FutureTask.java:266)
	at java.util.concurrent.Executors$RunnableAdapter.call(Executors.java:511)
	at java.util.concurrent.FutureTask.run(FutureTask.java:266)
	at java.util.concurrent.ThreadPoolExecutor.runWorker(ThreadPoolExecutor.java:1149)
	at java.util.concurrent.ThreadPoolExecutor$Worker.run(ThreadPoolExecutor.java:624)
	... 1 more
Caused by: org.apache.ratis.thirdparty.io.netty.channel.AbstractChannel$AnnotatedConnectException: Connection refused: /192.168.151.112:46575
	at sun.nio.ch.SocketChannelImpl.checkConnect(Native Method)
	at sun.nio.ch.SocketChannelImpl.finishConnect(SocketChannelImpl.java:717)
	at org.apache.ratis.thirdparty.io.netty.channel.socket.nio.NioSocketChannel.doFinishConnect(NioSocketChannel.java:327)
	at org.apache.ratis.thirdparty.io.netty.channel.nio.AbstractNioChannel$AbstractNioUnsafe.finishConnect(AbstractNioChannel.java:340)
	at org.apache.ratis.thirdparty.io.netty.channel.nio.NioEventLoop.processSelectedKey(NioEventLoop.java:632)
	at org.apache.ratis.thirdparty.io.netty.channel.nio.NioEventLoop.processSelectedKeysOptimized(NioEventLoop.java:579)
	at org.apache.ratis.thirdparty.io.netty.channel.nio.NioEventLoop.processSelectedKeys(NioEventLoop.java:496)
	at org.apache.ratis.thirdparty.io.netty.channel.nio.NioEventLoop.run(NioEventLoop.java:458)
	at org.apache.ratis.thirdparty.io.netty.util.concurrent.SingleThreadEventExecutor$5.run(SingleThreadEventExecutor.java:897)
	at org.apache.ratis.thirdparty.io.netty.util.concurrent.FastThreadLocalRunnable.run(FastThreadLocalRunnable.java:30)
	... 1 more
Caused by: java.net.ConnectException: Connection refused
	... 11 more
2019-10-15 03:51:23,393 [cb078210-d8fb-4a38-a9bc-8272e5f5dfbb@group-0CA2DF542071-LeaderElection15] INFO  impl.LeaderElection (LogUtils.java:infoOrTrace(149)) - cb078210-d8fb-4a38-a9bc-8272e5f5dfbb@group-0CA2DF542071-LeaderElection15 got exception when requesting votes: {}
java.util.concurrent.ExecutionException: org.apache.ratis.thirdparty.io.grpc.StatusRuntimeException: UNAVAILABLE: io exception
	at java.util.concurrent.FutureTask.report(FutureTask.java:122)
	at java.util.concurrent.FutureTask.get(FutureTask.java:192)
	at org.apache.ratis.server.impl.LeaderElection.waitForResults(LeaderElection.java:259)
	at org.apache.ratis.server.impl.LeaderElection.askForVotes(LeaderElection.java:197)
	at org.apache.ratis.server.impl.LeaderElection.run(LeaderElection.java:133)
	at java.lang.Thread.run(Thread.java:748)
Caused by: org.apache.ratis.thirdparty.io.grpc.StatusRuntimeException: UNAVAILABLE: io exception
	at org.apache.ratis.thirdparty.io.grpc.stub.ClientCalls.toStatusRuntimeException(ClientCalls.java:233)
	at org.apache.ratis.thirdparty.io.grpc.stub.ClientCalls.getUnchecked(ClientCalls.java:214)
	at org.apache.ratis.thirdparty.io.grpc.stub.ClientCalls.blockingUnaryCall(ClientCalls.java:139)
	at org.apache.ratis.proto.grpc.RaftServerProtocolServiceGrpc$RaftServerProtocolServiceBlockingStub.requestVote(RaftServerProtocolServiceGrpc.java:265)
	at org.apache.ratis.grpc.server.GrpcServerProtocolClient.requestVote(GrpcServerProtocolClient.java:99)
	at org.apache.ratis.grpc.server.GrpcService.requestVote(GrpcService.java:204)
	at org.apache.ratis.server.impl.LeaderElection.lambda$submitRequests$1(LeaderElection.java:234)
	at java.util.concurrent.FutureTask.run(FutureTask.java:266)
	at java.util.concurrent.Executors$RunnableAdapter.call(Executors.java:511)
	at java.util.concurrent.FutureTask.run(FutureTask.java:266)
	at java.util.concurrent.ThreadPoolExecutor.runWorker(ThreadPoolExecutor.java:1149)
	at java.util.concurrent.ThreadPoolExecutor$Worker.run(ThreadPoolExecutor.java:624)
	... 1 more
Caused by: org.apache.ratis.thirdparty.io.netty.channel.AbstractChannel$AnnotatedConnectException: Connection refused: /192.168.151.112:46575
	at sun.nio.ch.SocketChannelImpl.checkConnect(Native Method)
	at sun.nio.ch.SocketChannelImpl.finishConnect(SocketChannelImpl.java:717)
	at org.apache.ratis.thirdparty.io.netty.channel.socket.nio.NioSocketChannel.doFinishConnect(NioSocketChannel.java:327)
	at org.apache.ratis.thirdparty.io.netty.channel.nio.AbstractNioChannel$AbstractNioUnsafe.finishConnect(AbstractNioChannel.java:340)
	at org.apache.ratis.thirdparty.io.netty.channel.nio.NioEventLoop.processSelectedKey(NioEventLoop.java:632)
	at org.apache.ratis.thirdparty.io.netty.channel.nio.NioEventLoop.processSelectedKeysOptimized(NioEventLoop.java:579)
	at org.apache.ratis.thirdparty.io.netty.channel.nio.NioEventLoop.processSelectedKeys(NioEventLoop.java:496)
	at org.apache.ratis.thirdparty.io.netty.channel.nio.NioEventLoop.run(NioEventLoop.java:458)
	at org.apache.ratis.thirdparty.io.netty.util.concurrent.SingleThreadEventExecutor$5.run(SingleThreadEventExecutor.java:897)
	at org.apache.ratis.thirdparty.io.netty.util.concurrent.FastThreadLocalRunnable.run(FastThreadLocalRunnable.java:30)
	... 1 more
Caused by: java.net.ConnectException: Connection refused
	... 11 more
2019-10-15 03:51:23,395 [87cc7840-07ab-4468-a9bb-b42c9b658208@group-0CA2DF542071-LeaderElection14] INFO  impl.RaftServerImpl (RaftServerImpl.java:setRole(170)) - 87cc7840-07ab-4468-a9bb-b42c9b658208@group-0CA2DF542071: changes role from CANDIDATE to FOLLOWER at term 2 for DISCOVERED_A_NEW_TERM
2019-10-15 03:51:23,398 [87cc7840-07ab-4468-a9bb-b42c9b658208@group-0CA2DF542071-LeaderElection14] INFO  impl.RoleInfo (RoleInfo.java:shutdownLeaderElection(134)) - 87cc7840-07ab-4468-a9bb-b42c9b658208: shutdown LeaderElection
2019-10-15 03:51:23,398 [87cc7840-07ab-4468-a9bb-b42c9b658208@group-0CA2DF542071-LeaderElection14] INFO  impl.RoleInfo (RoleInfo.java:updateAndGet(143)) - 87cc7840-07ab-4468-a9bb-b42c9b658208: start FollowerState
2019-10-15 03:51:23,403 [cb078210-d8fb-4a38-a9bc-8272e5f5dfbb@group-0CA2DF542071-LeaderElection15] INFO  impl.LeaderElection (LeaderElection.java:logAndReturn(56)) - cb078210-d8fb-4a38-a9bc-8272e5f5dfbb@group-0CA2DF542071-LeaderElection15: Election REJECTED; received 1 response(s) [cb078210-d8fb-4a38-a9bc-8272e5f5dfbb<-87cc7840-07ab-4468-a9bb-b42c9b658208#0:FAIL-t2] and 1 exception(s); cb078210-d8fb-4a38-a9bc-8272e5f5dfbb@group-0CA2DF542071:t2, leader=null, voted=cb078210-d8fb-4a38-a9bc-8272e5f5dfbb, raftlog=cb078210-d8fb-4a38-a9bc-8272e5f5dfbb@group-0CA2DF542071-SegmentedRaftLog:OPENED:c2,f2,i2, conf=0: [7a3f8abb-79c4-4d5e-8346-45ba7cf38691:192.168.151.112:46575, cb078210-d8fb-4a38-a9bc-8272e5f5dfbb:192.168.151.112:39848, 87cc7840-07ab-4468-a9bb-b42c9b658208:192.168.151.112:34751], old=null
2019-10-15 03:51:23,403 [cb078210-d8fb-4a38-a9bc-8272e5f5dfbb@group-0CA2DF542071-LeaderElection15] INFO  impl.LeaderElection (LogUtils.java:infoOrTrace(149)) -   Exception 0: {}
java.util.concurrent.ExecutionException: org.apache.ratis.thirdparty.io.grpc.StatusRuntimeException: UNAVAILABLE: io exception
	at java.util.concurrent.FutureTask.report(FutureTask.java:122)
	at java.util.concurrent.FutureTask.get(FutureTask.java:192)
	at org.apache.ratis.server.impl.LeaderElection.waitForResults(LeaderElection.java:259)
	at org.apache.ratis.server.impl.LeaderElection.askForVotes(LeaderElection.java:197)
	at org.apache.ratis.server.impl.LeaderElection.run(LeaderElection.java:133)
	at java.lang.Thread.run(Thread.java:748)
Caused by: org.apache.ratis.thirdparty.io.grpc.StatusRuntimeException: UNAVAILABLE: io exception
	at org.apache.ratis.thirdparty.io.grpc.stub.ClientCalls.toStatusRuntimeException(ClientCalls.java:233)
	at org.apache.ratis.thirdparty.io.grpc.stub.ClientCalls.getUnchecked(ClientCalls.java:214)
	at org.apache.ratis.thirdparty.io.grpc.stub.ClientCalls.blockingUnaryCall(ClientCalls.java:139)
	at org.apache.ratis.proto.grpc.RaftServerProtocolServiceGrpc$RaftServerProtocolServiceBlockingStub.requestVote(RaftServerProtocolServiceGrpc.java:265)
	at org.apache.ratis.grpc.server.GrpcServerProtocolClient.requestVote(GrpcServerProtocolClient.java:99)
	at org.apache.ratis.grpc.server.GrpcService.requestVote(GrpcService.java:204)
	at org.apache.ratis.server.impl.LeaderElection.lambda$submitRequests$1(LeaderElection.java:234)
	at java.util.concurrent.FutureTask.run(FutureTask.java:266)
	at java.util.concurrent.Executors$RunnableAdapter.call(Executors.java:511)
	at java.util.concurrent.FutureTask.run(FutureTask.java:266)
	at java.util.concurrent.ThreadPoolExecutor.runWorker(ThreadPoolExecutor.java:1149)
	at java.util.concurrent.ThreadPoolExecutor$Worker.run(ThreadPoolExecutor.java:624)
	... 1 more
Caused by: org.apache.ratis.thirdparty.io.netty.channel.AbstractChannel$AnnotatedConnectException: Connection refused: /192.168.151.112:46575
	at sun.nio.ch.SocketChannelImpl.checkConnect(Native Method)
	at sun.nio.ch.SocketChannelImpl.finishConnect(SocketChannelImpl.java:717)
	at org.apache.ratis.thirdparty.io.netty.channel.socket.nio.NioSocketChannel.doFinishConnect(NioSocketChannel.java:327)
	at org.apache.ratis.thirdparty.io.netty.channel.nio.AbstractNioChannel$AbstractNioUnsafe.finishConnect(AbstractNioChannel.java:340)
	at org.apache.ratis.thirdparty.io.netty.channel.nio.NioEventLoop.processSelectedKey(NioEventLoop.java:632)
	at org.apache.ratis.thirdparty.io.netty.channel.nio.NioEventLoop.processSelectedKeysOptimized(NioEventLoop.java:579)
	at org.apache.ratis.thirdparty.io.netty.channel.nio.NioEventLoop.processSelectedKeys(NioEventLoop.java:496)
	at org.apache.ratis.thirdparty.io.netty.channel.nio.NioEventLoop.run(NioEventLoop.java:458)
	at org.apache.ratis.thirdparty.io.netty.util.concurrent.SingleThreadEventExecutor$5.run(SingleThreadEventExecutor.java:897)
	at org.apache.ratis.thirdparty.io.netty.util.concurrent.FastThreadLocalRunnable.run(FastThreadLocalRunnable.java:30)
	... 1 more
Caused by: java.net.ConnectException: Connection refused
	... 11 more
2019-10-15 03:51:23,404 [cb078210-d8fb-4a38-a9bc-8272e5f5dfbb@group-0CA2DF542071-LeaderElection15] INFO  impl.RaftServerImpl (RaftServerImpl.java:setRole(170)) - cb078210-d8fb-4a38-a9bc-8272e5f5dfbb@group-0CA2DF542071: changes role from CANDIDATE to FOLLOWER at term 2 for DISCOVERED_A_NEW_TERM
2019-10-15 03:51:23,404 [cb078210-d8fb-4a38-a9bc-8272e5f5dfbb@group-0CA2DF542071-LeaderElection15] INFO  impl.RoleInfo (RoleInfo.java:shutdownLeaderElection(134)) - cb078210-d8fb-4a38-a9bc-8272e5f5dfbb: shutdown LeaderElection
2019-10-15 03:51:23,404 [cb078210-d8fb-4a38-a9bc-8272e5f5dfbb@group-0CA2DF542071-LeaderElection15] INFO  impl.RoleInfo (RoleInfo.java:updateAndGet(143)) - cb078210-d8fb-4a38-a9bc-8272e5f5dfbb: start FollowerState
]]></system-out>
    <system-err><![CDATA[ERROR StatusLogger No Log4j 2 configuration file found. Using default configuration (logging only errors to the console), or user programmatically provided configurations. Set system property 'log4j2.debug' to show Log4j 2 internal initialization logging. See https://logging.apache.org/log4j/2.x/manual/configuration.html for instructions on how to configure Log4j 2
]]></system-err>
  </testcase>
</testsuite>