<?xml version="1.0" encoding="UTF-8"?>
<testsuite xmlns:xsi="http://www.w3.org/2001/XMLSchema-instance" xsi:noNamespaceSchemaLocation="https://maven.apache.org/surefire/maven-surefire-plugin/xsd/surefire-test-report.xsd" name="org.apache.hadoop.ozone.client.rpc.TestBlockOutputStreamWithFailures" time="749.36" tests="8" errors="0" skipped="0" failures="1">
  <properties>
    <property name="awt.toolkit" value="sun.awt.X11.XToolkit"/>
    <property name="file.encoding.pkg" value="sun.io"/>
    <property name="java.specification.version" value="1.8"/>
    <property name="sun.cpu.isalist" value=""/>
    <property name="sun.jnu.encoding" value="UTF-8"/>
    <property name="java.class.path" value="/workdir/hadoop-ozone/integration-test/target/test-classes:/workdir/hadoop-ozone/integration-test/target/classes:/home/user/.m2/repository/org/apache/hadoop/hadoop-ozone-common/0.5.0-SNAPSHOT/hadoop-ozone-common-0.5.0-SNAPSHOT.jar:/home/user/.m2/repository/org/apache/commons/commons-compress/1.4.1/commons-compress-1.4.1.jar:/home/user/.m2/repository/org/tukaani/xz/1.0/xz-1.0.jar:/home/user/.m2/repository/org/apache/hadoop/hadoop-common/3.2.0/hadoop-common-3.2.0.jar:/home/user/.m2/repository/org/apache/hadoop/hadoop-hdfs/3.2.0/hadoop-hdfs-3.2.0.jar:/home/user/.m2/repository/org/apache/hadoop/hadoop-hdfs-client/3.2.0/hadoop-hdfs-client-3.2.0.jar:/home/user/.m2/repository/com/fasterxml/jackson/core/jackson-annotations/2.9.9/jackson-annotations-2.9.9.jar:/home/user/.m2/repository/org/apache/hadoop/hadoop-hdds-common/0.5.0-SNAPSHOT/hadoop-hdds-common-0.5.0-SNAPSHOT.jar:/home/user/.m2/repository/javax/annotation/javax.annotation-api/1.2/javax.annotation-api-1.2.jar:/home/user/.m2/repository/org/apache/ratis/ratis-server/0.5.0-201fc85-SNAPSHOT/ratis-server-0.5.0-201fc85-SNAPSHOT.jar:/home/user/.m2/repository/org/apache/ratis/ratis-thirdparty-misc/0.2.0/ratis-thirdparty-misc-0.2.0.jar:/home/user/.m2/repository/org/apache/ratis/ratis-proto/0.5.0-201fc85-SNAPSHOT/ratis-proto-0.5.0-201fc85-SNAPSHOT.jar:/home/user/.m2/repository/org/apache/ratis/ratis-common/0.5.0-201fc85-SNAPSHOT/ratis-common-0.5.0-201fc85-SNAPSHOT.jar:/home/user/.m2/repository/org/apache/ratis/ratis-client/0.5.0-201fc85-SNAPSHOT/ratis-client-0.5.0-201fc85-SNAPSHOT.jar:/home/user/.m2/repository/org/apache/ratis/ratis-metrics/0.5.0-201fc85-SNAPSHOT/ratis-metrics-0.5.0-201fc85-SNAPSHOT.jar:/home/user/.m2/repository/com/github/joshelser/dropwizard-metrics-hadoop-metrics2-reporter/0.1.2/dropwizard-metrics-hadoop-metrics2-reporter-0.1.2.jar:/home/user/.m2/repository/io/dropwizard/metrics/metrics-jvm/3.2.5/metrics-jvm-3.2.5.jar:/home/user/.m2/repository/io/dropwizard/metrics/metrics-ganglia/3.2.5/metrics-ganglia-3.2.5.jar:/home/user/.m2/repository/info/ganglia/gmetric4j/gmetric4j/1.0.7/gmetric4j-1.0.7.jar:/home/user/.m2/repository/org/apache/ratis/ratis-netty/0.5.0-201fc85-SNAPSHOT/ratis-netty-0.5.0-201fc85-SNAPSHOT.jar:/home/user/.m2/repository/org/apache/ratis/ratis-grpc/0.5.0-201fc85-SNAPSHOT/ratis-grpc-0.5.0-201fc85-SNAPSHOT.jar:/home/user/.m2/repository/org/rocksdb/rocksdbjni/6.0.1/rocksdbjni-6.0.1.jar:/home/user/.m2/repository/org/apache/logging/log4j/log4j-api/2.11.0/log4j-api-2.11.0.jar:/home/user/.m2/repository/org/apache/logging/log4j/log4j-core/2.11.0/log4j-core-2.11.0.jar:/home/user/.m2/repository/com/lmax/disruptor/3.4.2/disruptor-3.4.2.jar:/home/user/.m2/repository/org/apache/commons/commons-pool2/2.6.0/commons-pool2-2.6.0.jar:/home/user/.m2/repository/org/bouncycastle/bcpkix-jdk15on/1.60/bcpkix-jdk15on-1.60.jar:/home/user/.m2/repository/commons-validator/commons-validator/1.6/commons-validator-1.6.jar:/home/user/.m2/repository/commons-digester/commons-digester/1.8.1/commons-digester-1.8.1.jar:/home/user/.m2/repository/io/jaegertracing/jaeger-client/0.34.0/jaeger-client-0.34.0.jar:/home/user/.m2/repository/io/jaegertracing/jaeger-thrift/0.34.0/jaeger-thrift-0.34.0.jar:/home/user/.m2/repository/org/apache/thrift/libthrift/0.12.0/libthrift-0.12.0.jar:/home/user/.m2/repository/com/squareup/okhttp3/okhttp/3.9.0/okhttp-3.9.0.jar:/home/user/.m2/repository/com/squareup/okio/okio/1.13.0/okio-1.13.0.jar:/home/user/.m2/repository/io/jaegertracing/jaeger-core/0.34.0/jaeger-core-0.34.0.jar:/home/user/.m2/repository/io/jaegertracing/jaeger-tracerresolver/0.34.0/jaeger-tracerresolver-0.34.0.jar:/home/user/.m2/repository/io/opentracing/contrib/opentracing-tracerresolver/0.1.5/opentracing-tracerresolver-0.1.5.jar:/home/user/.m2/repository/io/opentracing/opentracing-util/0.31.0/opentracing-util-0.31.0.jar:/home/user/.m2/repository/io/opentracing/opentracing-api/0.31.0/opentracing-api-0.31.0.jar:/home/user/.m2/repository/io/opentracing/opentracing-noop/0.31.0/opentracing-noop-0.31.0.jar:/home/user/.m2/repository/org/apache/hadoop/hadoop-hdds-server-framework/0.5.0-SNAPSHOT/hadoop-hdds-server-framework-0.5.0-SNAPSHOT.jar:/home/user/.m2/repository/org/apache/hadoop/hadoop-hdds-container-service/0.5.0-SNAPSHOT/hadoop-hdds-container-service-0.5.0-SNAPSHOT.jar:/home/user/.m2/repository/org/apache/hadoop/hadoop-hdds-client/0.5.0-SNAPSHOT/hadoop-hdds-client-0.5.0-SNAPSHOT.jar:/home/user/.m2/repository/org/apache/hadoop/hadoop-hdds-tools/0.5.0-SNAPSHOT/hadoop-hdds-tools-0.5.0-SNAPSHOT.jar:/home/user/.m2/repository/org/apache/hadoop/hadoop-hdds-server-scm/0.5.0-SNAPSHOT/hadoop-hdds-server-scm-0.5.0-SNAPSHOT.jar:/home/user/.m2/repository/org/apache/hadoop/hadoop-hdds-docs/0.5.0-SNAPSHOT/hadoop-hdds-docs-0.5.0-SNAPSHOT.jar:/home/user/.m2/repository/io/dropwizard/metrics/metrics-core/3.2.4/metrics-core-3.2.4.jar:/home/user/.m2/repository/org/hamcrest/hamcrest-all/1.3/hamcrest-all-1.3.jar:/home/user/.m2/repository/org/bouncycastle/bcprov-jdk15on/1.60/bcprov-jdk15on-1.60.jar:/home/user/.m2/repository/info/picocli/picocli/3.9.6/picocli-3.9.6.jar:/home/user/.m2/repository/com/google/protobuf/protobuf-java/2.5.0/protobuf-java-2.5.0.jar:/home/user/.m2/repository/com/google/guava/guava/11.0.2/guava-11.0.2.jar:/home/user/.m2/repository/org/apache/hadoop/hadoop-ozone-ozone-manager/0.5.0-SNAPSHOT/hadoop-ozone-ozone-manager-0.5.0-SNAPSHOT.jar:/home/user/.m2/repository/org/apache/hadoop/hadoop-minikdc/3.2.0/hadoop-minikdc-3.2.0.jar:/home/user/.m2/repository/commons-io/commons-io/2.5/commons-io-2.5.jar:/home/user/.m2/repository/org/apache/kerby/kerb-simplekdc/1.0.1/kerb-simplekdc-1.0.1.jar:/home/user/.m2/repository/org/apache/kerby/kerb-client/1.0.1/kerb-client-1.0.1.jar:/home/user/.m2/repository/org/apache/kerby/kerby-config/1.0.1/kerby-config-1.0.1.jar:/home/user/.m2/repository/org/apache/kerby/kerb-core/1.0.1/kerb-core-1.0.1.jar:/home/user/.m2/repository/org/apache/kerby/kerby-pkix/1.0.1/kerby-pkix-1.0.1.jar:/home/user/.m2/repository/org/apache/kerby/kerby-asn1/1.0.1/kerby-asn1-1.0.1.jar:/home/user/.m2/repository/org/apache/kerby/kerby-util/1.0.1/kerby-util-1.0.1.jar:/home/user/.m2/repository/org/apache/kerby/kerb-common/1.0.1/kerb-common-1.0.1.jar:/home/user/.m2/repository/org/apache/kerby/kerb-crypto/1.0.1/kerb-crypto-1.0.1.jar:/home/user/.m2/repository/org/apache/kerby/kerb-util/1.0.1/kerb-util-1.0.1.jar:/home/user/.m2/repository/org/apache/kerby/token-provider/1.0.1/token-provider-1.0.1.jar:/home/user/.m2/repository/org/apache/kerby/kerb-admin/1.0.1/kerb-admin-1.0.1.jar:/home/user/.m2/repository/org/apache/kerby/kerb-server/1.0.1/kerb-server-1.0.1.jar:/home/user/.m2/repository/org/apache/kerby/kerb-identity/1.0.1/kerb-identity-1.0.1.jar:/home/user/.m2/repository/org/apache/kerby/kerby-xdr/1.0.1/kerby-xdr-1.0.1.jar:/home/user/.m2/repository/org/slf4j/slf4j-log4j12/1.7.25/slf4j-log4j12-1.7.25.jar:/home/user/.m2/repository/org/apache/hadoop/hadoop-ozone-s3gateway/0.5.0-SNAPSHOT/hadoop-ozone-s3gateway-0.5.0-SNAPSHOT.jar:/home/user/.m2/repository/org/jboss/weld/servlet/weld-servlet/2.4.7.Final/weld-servlet-2.4.7.Final.jar:/home/user/.m2/repository/org/glassfish/jersey/containers/jersey-container-servlet-core/2.27/jersey-container-servlet-core-2.27.jar:/home/user/.m2/repository/org/glassfish/hk2/external/javax.inject/2.5.0-b42/javax.inject-2.5.0-b42.jar:/home/user/.m2/repository/org/glassfish/jersey/core/jersey-common/2.27/jersey-common-2.27.jar:/home/user/.m2/repository/org/glassfish/hk2/osgi-resource-locator/1.0.1/osgi-resource-locator-1.0.1.jar:/home/user/.m2/repository/javax/ws/rs/javax.ws.rs-api/2.1/javax.ws.rs-api-2.1.jar:/home/user/.m2/repository/org/glassfish/jersey/ext/cdi/jersey-cdi1x/2.27/jersey-cdi1x-2.27.jar:/home/user/.m2/repository/org/glassfish/jersey/inject/jersey-hk2/2.27/jersey-hk2-2.27.jar:/home/user/.m2/repository/org/glassfish/hk2/hk2-locator/2.5.0-b42/hk2-locator-2.5.0-b42.jar:/home/user/.m2/repository/org/javassist/javassist/3.22.0-CR2/javassist-3.22.0-CR2.jar:/home/user/.m2/repository/org/glassfish/hk2/hk2-api/2.5.0/hk2-api-2.5.0.jar:/home/user/.m2/repository/org/glassfish/hk2/external/jakarta.inject/2.5.0/jakarta.inject-2.5.0.jar:/home/user/.m2/repository/org/glassfish/hk2/hk2-utils/2.5.0/hk2-utils-2.5.0.jar:/home/user/.m2/repository/jakarta/annotation/jakarta.annotation-api/1.3.4/jakarta.annotation-api-1.3.4.jar:/home/user/.m2/repository/org/glassfish/hk2/external/aopalliance-repackaged/2.5.0/aopalliance-repackaged-2.5.0.jar:/home/user/.m2/repository/com/fasterxml/jackson/dataformat/jackson-dataformat-xml/2.9.0/jackson-dataformat-xml-2.9.0.jar:/home/user/.m2/repository/com/fasterxml/jackson/core/jackson-core/2.9.9/jackson-core-2.9.9.jar:/home/user/.m2/repository/com/fasterxml/jackson/module/jackson-module-jaxb-annotations/2.9.9/jackson-module-jaxb-annotations-2.9.9.jar:/home/user/.m2/repository/javax/enterprise/cdi-api/1.2/cdi-api-1.2.jar:/home/user/.m2/repository/javax/el/javax.el-api/3.0.0/javax.el-api-3.0.0.jar:/home/user/.m2/repository/javax/interceptor/javax.interceptor-api/1.2/javax.interceptor-api-1.2.jar:/home/user/.m2/repository/javax/inject/javax.inject/1/javax.inject-1.jar:/home/user/.m2/repository/com/sun/xml/bind/jaxb-impl/2.3.0.1/jaxb-impl-2.3.0.1.jar:/home/user/.m2/repository/com/sun/xml/bind/jaxb-core/2.3.0.1/jaxb-core-2.3.0.1.jar:/home/user/.m2/repository/javax/xml/bind/jaxb-api/2.3.0/jaxb-api-2.3.0.jar:/home/user/.m2/repository/javax/activation/activation/1.1.1/activation-1.1.1.jar:/home/user/.m2/repository/org/apache/hadoop/hadoop-ozone-csi/0.5.0-SNAPSHOT/hadoop-ozone-csi-0.5.0-SNAPSHOT.jar:/home/user/.m2/repository/com/google/protobuf/protobuf-java-util/3.5.1/protobuf-java-util-3.5.1.jar:/home/user/.m2/repository/org/apache/hadoop/hadoop-hdds-config/0.5.0-SNAPSHOT/hadoop-hdds-config-0.5.0-SNAPSHOT.jar:/home/user/.m2/repository/io/grpc/grpc-netty/1.17.1/grpc-netty-1.17.1.jar:/home/user/.m2/repository/io/grpc/grpc-core/1.17.1/grpc-core-1.17.1.jar:/home/user/.m2/repository/io/grpc/grpc-context/1.17.1/grpc-context-1.17.1.jar:/home/user/.m2/repository/com/google/errorprone/error_prone_annotations/2.2.0/error_prone_annotations-2.2.0.jar:/home/user/.m2/repository/org/codehaus/mojo/animal-sniffer-annotations/1.17/animal-sniffer-annotations-1.17.jar:/home/user/.m2/repository/io/opencensus/opencensus-api/0.17.0/opencensus-api-0.17.0.jar:/home/user/.m2/repository/io/opencensus/opencensus-contrib-grpc-metrics/0.17.0/opencensus-contrib-grpc-metrics-0.17.0.jar:/home/user/.m2/repository/io/netty/netty-codec-http2/4.1.30.Final/netty-codec-http2-4.1.30.Final.jar:/home/user/.m2/repository/io/netty/netty-codec-http/4.1.30.Final/netty-codec-http-4.1.30.Final.jar:/home/user/.m2/repository/io/netty/netty-codec/4.1.30.Final/netty-codec-4.1.30.Final.jar:/home/user/.m2/repository/io/netty/netty-handler/4.1.30.Final/netty-handler-4.1.30.Final.jar:/home/user/.m2/repository/io/netty/netty-handler-proxy/4.1.30.Final/netty-handler-proxy-4.1.30.Final.jar:/home/user/.m2/repository/io/netty/netty-codec-socks/4.1.30.Final/netty-codec-socks-4.1.30.Final.jar:/home/user/.m2/repository/io/netty/netty-transport-native-epoll/4.1.30.Final/netty-transport-native-epoll-4.1.30.Final.jar:/home/user/.m2/repository/io/netty/netty-common/4.1.30.Final/netty-common-4.1.30.Final.jar:/home/user/.m2/repository/io/netty/netty-buffer/4.1.30.Final/netty-buffer-4.1.30.Final.jar:/home/user/.m2/repository/io/netty/netty-transport/4.1.30.Final/netty-transport-4.1.30.Final.jar:/home/user/.m2/repository/io/netty/netty-resolver/4.1.30.Final/netty-resolver-4.1.30.Final.jar:/home/user/.m2/repository/io/netty/netty-transport-native-unix-common/4.1.30.Final/netty-transport-native-unix-common-4.1.30.Final.jar:/home/user/.m2/repository/io/grpc/grpc-protobuf/1.17.1/grpc-protobuf-1.17.1.jar:/home/user/.m2/repository/com/google/api/grpc/proto-google-common-protos/1.0.0/proto-google-common-protos-1.0.0.jar:/home/user/.m2/repository/io/grpc/grpc-protobuf-lite/1.17.1/grpc-protobuf-lite-1.17.1.jar:/home/user/.m2/repository/io/grpc/grpc-stub/1.17.1/grpc-stub-1.17.1.jar:/home/user/.m2/repository/org/apache/hadoop/hadoop-ozone-recon/0.5.0-SNAPSHOT/hadoop-ozone-recon-0.5.0-SNAPSHOT.jar:/home/user/.m2/repository/org/apache/hadoop/hadoop-ozone-reconcodegen/0.5.0-SNAPSHOT/hadoop-ozone-reconcodegen-0.5.0-SNAPSHOT.jar:/home/user/.m2/repository/com/google/inject/extensions/guice-multibindings/4.0/guice-multibindings-4.0.jar:/home/user/.m2/repository/com/google/inject/guice/4.0/guice-4.0.jar:/home/user/.m2/repository/aopalliance/aopalliance/1.0/aopalliance-1.0.jar:/home/user/.m2/repository/com/google/inject/extensions/guice-servlet/4.0/guice-servlet-4.0.jar:/home/user/.m2/repository/org/glassfish/jersey/containers/jersey-container-servlet/2.27/jersey-container-servlet-2.27.jar:/home/user/.m2/repository/org/glassfish/hk2/guice-bridge/2.5.0/guice-bridge-2.5.0.jar:/home/user/.m2/repository/org/glassfish/jersey/core/jersey-server/2.27/jersey-server-2.27.jar:/home/user/.m2/repository/org/glassfish/jersey/core/jersey-client/2.27/jersey-client-2.27.jar:/home/user/.m2/repository/org/glassfish/jersey/media/jersey-media-jaxb/2.27/jersey-media-jaxb-2.27.jar:/home/user/.m2/repository/javax/validation/validation-api/1.1.0.Final/validation-api-1.1.0.Final.jar:/home/user/.m2/repository/org/glassfish/jersey/media/jersey-media-json-jackson/2.27/jersey-media-json-jackson-2.27.jar:/home/user/.m2/repository/org/glassfish/jersey/ext/jersey-entity-filtering/2.27/jersey-entity-filtering-2.27.jar:/home/user/.m2/repository/com/google/inject/extensions/guice-assistedinject/4.0/guice-assistedinject-4.0.jar:/home/user/.m2/repository/org/jooq/jooq/3.11.10/jooq-3.11.10.jar:/home/user/.m2/repository/org/jooq/jooq-meta/3.11.10/jooq-meta-3.11.10.jar:/home/user/.m2/repository/org/jooq/jooq-codegen/3.11.10/jooq-codegen-3.11.10.jar:/home/user/.m2/repository/com/jolbox/bonecp/0.8.0.RELEASE/bonecp-0.8.0.RELEASE.jar:/home/user/.m2/repository/org/xerial/sqlite-jdbc/3.25.2/sqlite-jdbc-3.25.2.jar:/home/user/.m2/repository/org/springframework/spring-jdbc/5.1.3.RELEASE/spring-jdbc-5.1.3.RELEASE.jar:/home/user/.m2/repository/org/springframework/spring-beans/5.1.3.RELEASE/spring-beans-5.1.3.RELEASE.jar:/home/user/.m2/repository/org/springframework/spring-core/5.1.3.RELEASE/spring-core-5.1.3.RELEASE.jar:/home/user/.m2/repository/org/springframework/spring-jcl/5.1.3.RELEASE/spring-jcl-5.1.3.RELEASE.jar:/home/user/.m2/repository/org/springframework/spring-tx/5.1.3.RELEASE/spring-tx-5.1.3.RELEASE.jar:/home/user/.m2/repository/org/apache/hadoop/hadoop-ozone-client/0.5.0-SNAPSHOT/hadoop-ozone-client-0.5.0-SNAPSHOT.jar:/home/user/.m2/repository/commons-lang/commons-lang/2.6/commons-lang-2.6.jar:/home/user/.m2/repository/org/apache/hadoop/hadoop-ozone-ozone-manager/0.5.0-SNAPSHOT/hadoop-ozone-ozone-manager-0.5.0-SNAPSHOT-tests.jar:/home/user/.m2/repository/junit/junit/4.11/junit-4.11.jar:/home/user/.m2/repository/org/hamcrest/hamcrest-core/1.3/hamcrest-core-1.3.jar:/home/user/.m2/repository/org/openjdk/jmh/jmh-core/1.19/jmh-core-1.19.jar:/home/user/.m2/repository/net/sf/jopt-simple/jopt-simple/4.6/jopt-simple-4.6.jar:/home/user/.m2/repository/org/apache/commons/commons-math3/3.1.1/commons-math3-3.1.1.jar:/home/user/.m2/repository/org/openjdk/jmh/jmh-generator-annprocess/1.19/jmh-generator-annprocess-1.19.jar:/home/user/.m2/repository/org/mockito/mockito-all/1.8.5/mockito-all-1.8.5.jar:/home/user/.m2/repository/org/apache/hadoop/hadoop-kms/3.2.0/hadoop-kms-3.2.0.jar:/home/user/.m2/repository/org/apache/hadoop/hadoop-auth/3.2.0/hadoop-auth-3.2.0.jar:/home/user/.m2/repository/com/nimbusds/nimbus-jose-jwt/4.41.1/nimbus-jose-jwt-4.41.1.jar:/home/user/.m2/repository/com/github/stephenc/jcip/jcip-annotations/1.0-1/jcip-annotations-1.0-1.jar:/home/user/.m2/repository/net/minidev/json-smart/2.3/json-smart-2.3.jar:/home/user/.m2/repository/net/minidev/accessors-smart/1.2/accessors-smart-1.2.jar:/home/user/.m2/repository/org/ow2/asm/asm/5.0.4/asm-5.0.4.jar:/home/user/.m2/repository/org/apache/curator/curator-framework/2.12.0/curator-framework-2.12.0.jar:/home/user/.m2/repository/com/sun/jersey/jersey-core/1.19/jersey-core-1.19.jar:/home/user/.m2/repository/javax/ws/rs/jsr311-api/1.1.1/jsr311-api-1.1.1.jar:/home/user/.m2/repository/com/sun/jersey/jersey-server/1.19/jersey-server-1.19.jar:/home/user/.m2/repository/javax/servlet/javax.servlet-api/3.1.0/javax.servlet-api-3.1.0.jar:/home/user/.m2/repository/org/eclipse/jetty/jetty-server/9.3.25.v20180904/jetty-server-9.3.25.v20180904.jar:/home/user/.m2/repository/org/eclipse/jetty/jetty-http/9.3.25.v20180904/jetty-http-9.3.25.v20180904.jar:/home/user/.m2/repository/org/eclipse/jetty/jetty-io/9.3.25.v20180904/jetty-io-9.3.25.v20180904.jar:/home/user/.m2/repository/org/eclipse/jetty/jetty-webapp/9.3.25.v20180904/jetty-webapp-9.3.25.v20180904.jar:/home/user/.m2/repository/org/eclipse/jetty/jetty-xml/9.3.25.v20180904/jetty-xml-9.3.25.v20180904.jar:/home/user/.m2/repository/log4j/log4j/1.2.17/log4j-1.2.17.jar:/home/user/.m2/repository/org/slf4j/slf4j-api/1.7.25/slf4j-api-1.7.25.jar:/home/user/.m2/repository/org/slf4j/jul-to-slf4j/1.7.25/jul-to-slf4j-1.7.25.jar:/home/user/.m2/repository/org/eclipse/jetty/jetty-util/9.3.25.v20180904/jetty-util-9.3.25.v20180904.jar:/home/user/.m2/repository/com/fasterxml/jackson/core/jackson-databind/2.9.9/jackson-databind-2.9.9.jar:/home/user/.m2/repository/org/apache/hadoop/hadoop-kms/3.2.0/hadoop-kms-3.2.0-tests.jar:/home/user/.m2/repository/org/apache/hadoop/hadoop-hdds-server-scm/0.5.0-SNAPSHOT/hadoop-hdds-server-scm-0.5.0-SNAPSHOT-tests.jar:/home/user/.m2/repository/org/apache/hadoop/hadoop-hdds-container-service/0.5.0-SNAPSHOT/hadoop-hdds-container-service-0.5.0-SNAPSHOT-tests.jar:/home/user/.m2/repository/org/yaml/snakeyaml/1.16/snakeyaml-1.16.jar:/home/user/.m2/repository/org/apache/hadoop/hadoop-common/3.2.0/hadoop-common-3.2.0-tests.jar:/home/user/.m2/repository/org/apache/hadoop/hadoop-annotations/3.2.0/hadoop-annotations-3.2.0.jar:/usr/lib/jvm/java-1.8-openjdk/jre/../lib/tools.jar:/home/user/.m2/repository/commons-cli/commons-cli/1.2/commons-cli-1.2.jar:/home/user/.m2/repository/org/apache/httpcomponents/httpclient/4.5.2/httpclient-4.5.2.jar:/home/user/.m2/repository/org/apache/httpcomponents/httpcore/4.4.4/httpcore-4.4.4.jar:/home/user/.m2/repository/commons-codec/commons-codec/1.11/commons-codec-1.11.jar:/home/user/.m2/repository/commons-net/commons-net/3.6/commons-net-3.6.jar:/home/user/.m2/repository/commons-collections/commons-collections/3.2.2/commons-collections-3.2.2.jar:/home/user/.m2/repository/org/eclipse/jetty/jetty-servlet/9.3.25.v20180904/jetty-servlet-9.3.25.v20180904.jar:/home/user/.m2/repository/org/eclipse/jetty/jetty-security/9.3.25.v20180904/jetty-security-9.3.25.v20180904.jar:/home/user/.m2/repository/javax/servlet/jsp/jsp-api/2.1/jsp-api-2.1.jar:/home/user/.m2/repository/com/sun/jersey/jersey-servlet/1.19/jersey-servlet-1.19.jar:/home/user/.m2/repository/com/sun/jersey/jersey-json/1.19/jersey-json-1.19.jar:/home/user/.m2/repository/org/codehaus/jettison/jettison/1.1/jettison-1.1.jar:/home/user/.m2/repository/org/codehaus/jackson/jackson-core-asl/1.9.13/jackson-core-asl-1.9.13.jar:/home/user/.m2/repository/org/codehaus/jackson/jackson-mapper-asl/1.9.13/jackson-mapper-asl-1.9.13.jar:/home/user/.m2/repository/org/codehaus/jackson/jackson-jaxrs/1.9.13/jackson-jaxrs-1.9.13.jar:/home/user/.m2/repository/org/codehaus/jackson/jackson-xc/1.9.13/jackson-xc-1.9.13.jar:/home/user/.m2/repository/commons-logging/commons-logging/1.1.3/commons-logging-1.1.3.jar:/home/user/.m2/repository/commons-beanutils/commons-beanutils/1.9.4/commons-beanutils-1.9.4.jar:/home/user/.m2/repository/org/apache/commons/commons-configuration2/2.1.1/commons-configuration2-2.1.1.jar:/home/user/.m2/repository/org/apache/commons/commons-lang3/3.7/commons-lang3-3.7.jar:/home/user/.m2/repository/org/apache/commons/commons-text/1.4/commons-text-1.4.jar:/home/user/.m2/repository/org/apache/avro/avro/1.7.7/avro-1.7.7.jar:/home/user/.m2/repository/com/thoughtworks/paranamer/paranamer/2.3/paranamer-2.3.jar:/home/user/.m2/repository/org/xerial/snappy/snappy-java/1.0.5/snappy-java-1.0.5.jar:/home/user/.m2/repository/com/google/re2j/re2j/1.1/re2j-1.1.jar:/home/user/.m2/repository/com/google/code/gson/gson/2.2.4/gson-2.2.4.jar:/home/user/.m2/repository/com/jcraft/jsch/0.1.54/jsch-0.1.54.jar:/home/user/.m2/repository/org/apache/curator/curator-client/2.12.0/curator-client-2.12.0.jar:/home/user/.m2/repository/org/apache/curator/curator-recipes/2.12.0/curator-recipes-2.12.0.jar:/home/user/.m2/repository/com/google/code/findbugs/jsr305/3.0.0/jsr305-3.0.0.jar:/home/user/.m2/repository/org/apache/htrace/htrace-core4/4.1.0-incubating/htrace-core4-4.1.0-incubating.jar:/home/user/.m2/repository/org/apache/zookeeper/zookeeper/3.4.13/zookeeper-3.4.13.jar:/home/user/.m2/repository/jline/jline/0.9.94/jline-0.9.94.jar:/home/user/.m2/repository/org/apache/yetus/audience-annotations/0.5.0/audience-annotations-0.5.0.jar:/home/user/.m2/repository/org/codehaus/woodstox/stax2-api/3.1.4/stax2-api-3.1.4.jar:/home/user/.m2/repository/com/fasterxml/woodstox/woodstox-core/5.0.3/woodstox-core-5.0.3.jar:/home/user/.m2/repository/dnsjava/dnsjava/2.1.7/dnsjava-2.1.7.jar:/home/user/.m2/repository/org/apache/hadoop/hadoop-hdfs/3.2.0/hadoop-hdfs-3.2.0-tests.jar:/home/user/.m2/repository/org/eclipse/jetty/jetty-util-ajax/9.3.25.v20180904/jetty-util-ajax-9.3.25.v20180904.jar:/home/user/.m2/repository/commons-daemon/commons-daemon/1.0.13/commons-daemon-1.0.13.jar:/home/user/.m2/repository/io/netty/netty/3.10.5.Final/netty-3.10.5.Final.jar:/home/user/.m2/repository/io/netty/netty-all/4.0.52.Final/netty-all-4.0.52.Final.jar:/home/user/.m2/repository/org/fusesource/leveldbjni/leveldbjni-all/1.8/leveldbjni-all-1.8.jar:"/>
    <property name="java.vm.vendor" value="IcedTea"/>
    <property name="sun.arch.data.model" value="64"/>
    <property name="test.build.dir" value="/workdir/hadoop-ozone/integration-test/target/test-dir"/>
    <property name="test.cache.data" value=""/>
    <property name="java.vendor.url" value="https://icedtea.classpath.org"/>
    <property name="user.timezone" value=""/>
    <property name="java.vm.specification.version" value="1.8"/>
    <property name="os.name" value="Linux"/>
    <property name="test.build.data" value="/workdir/hadoop-ozone/integration-test/target/test-dir"/>
    <property name="user.country" value="US"/>
    <property name="sun.java.launcher" value="SUN_STANDARD"/>
    <property name="sun.boot.library.path" value="/usr/lib/jvm/java-1.8-openjdk/jre/lib/amd64"/>
    <property name="sun.java.command" value="/workdir/hadoop-ozone/integration-test/target/surefire/surefirebooter1416494253966038535.jar /workdir/hadoop-ozone/integration-test/target/surefire 2019-10-15T03-02-24_590-jvmRun1 surefire3696762499800179235tmp surefire_642627341792525638889tmp"/>
    <property name="test" value="!TestMiniChaosOzoneCluster"/>
    <property name="surefire.test.class.path" value="/workdir/hadoop-ozone/integration-test/target/test-classes:/workdir/hadoop-ozone/integration-test/target/classes:/home/user/.m2/repository/org/apache/hadoop/hadoop-ozone-common/0.5.0-SNAPSHOT/hadoop-ozone-common-0.5.0-SNAPSHOT.jar:/home/user/.m2/repository/org/apache/commons/commons-compress/1.4.1/commons-compress-1.4.1.jar:/home/user/.m2/repository/org/tukaani/xz/1.0/xz-1.0.jar:/home/user/.m2/repository/org/apache/hadoop/hadoop-common/3.2.0/hadoop-common-3.2.0.jar:/home/user/.m2/repository/org/apache/hadoop/hadoop-hdfs/3.2.0/hadoop-hdfs-3.2.0.jar:/home/user/.m2/repository/org/apache/hadoop/hadoop-hdfs-client/3.2.0/hadoop-hdfs-client-3.2.0.jar:/home/user/.m2/repository/com/fasterxml/jackson/core/jackson-annotations/2.9.9/jackson-annotations-2.9.9.jar:/home/user/.m2/repository/org/apache/hadoop/hadoop-hdds-common/0.5.0-SNAPSHOT/hadoop-hdds-common-0.5.0-SNAPSHOT.jar:/home/user/.m2/repository/javax/annotation/javax.annotation-api/1.2/javax.annotation-api-1.2.jar:/home/user/.m2/repository/org/apache/ratis/ratis-server/0.5.0-201fc85-SNAPSHOT/ratis-server-0.5.0-201fc85-SNAPSHOT.jar:/home/user/.m2/repository/org/apache/ratis/ratis-thirdparty-misc/0.2.0/ratis-thirdparty-misc-0.2.0.jar:/home/user/.m2/repository/org/apache/ratis/ratis-proto/0.5.0-201fc85-SNAPSHOT/ratis-proto-0.5.0-201fc85-SNAPSHOT.jar:/home/user/.m2/repository/org/apache/ratis/ratis-common/0.5.0-201fc85-SNAPSHOT/ratis-common-0.5.0-201fc85-SNAPSHOT.jar:/home/user/.m2/repository/org/apache/ratis/ratis-client/0.5.0-201fc85-SNAPSHOT/ratis-client-0.5.0-201fc85-SNAPSHOT.jar:/home/user/.m2/repository/org/apache/ratis/ratis-metrics/0.5.0-201fc85-SNAPSHOT/ratis-metrics-0.5.0-201fc85-SNAPSHOT.jar:/home/user/.m2/repository/com/github/joshelser/dropwizard-metrics-hadoop-metrics2-reporter/0.1.2/dropwizard-metrics-hadoop-metrics2-reporter-0.1.2.jar:/home/user/.m2/repository/io/dropwizard/metrics/metrics-jvm/3.2.5/metrics-jvm-3.2.5.jar:/home/user/.m2/repository/io/dropwizard/metrics/metrics-ganglia/3.2.5/metrics-ganglia-3.2.5.jar:/home/user/.m2/repository/info/ganglia/gmetric4j/gmetric4j/1.0.7/gmetric4j-1.0.7.jar:/home/user/.m2/repository/org/apache/ratis/ratis-netty/0.5.0-201fc85-SNAPSHOT/ratis-netty-0.5.0-201fc85-SNAPSHOT.jar:/home/user/.m2/repository/org/apache/ratis/ratis-grpc/0.5.0-201fc85-SNAPSHOT/ratis-grpc-0.5.0-201fc85-SNAPSHOT.jar:/home/user/.m2/repository/org/rocksdb/rocksdbjni/6.0.1/rocksdbjni-6.0.1.jar:/home/user/.m2/repository/org/apache/logging/log4j/log4j-api/2.11.0/log4j-api-2.11.0.jar:/home/user/.m2/repository/org/apache/logging/log4j/log4j-core/2.11.0/log4j-core-2.11.0.jar:/home/user/.m2/repository/com/lmax/disruptor/3.4.2/disruptor-3.4.2.jar:/home/user/.m2/repository/org/apache/commons/commons-pool2/2.6.0/commons-pool2-2.6.0.jar:/home/user/.m2/repository/org/bouncycastle/bcpkix-jdk15on/1.60/bcpkix-jdk15on-1.60.jar:/home/user/.m2/repository/commons-validator/commons-validator/1.6/commons-validator-1.6.jar:/home/user/.m2/repository/commons-digester/commons-digester/1.8.1/commons-digester-1.8.1.jar:/home/user/.m2/repository/io/jaegertracing/jaeger-client/0.34.0/jaeger-client-0.34.0.jar:/home/user/.m2/repository/io/jaegertracing/jaeger-thrift/0.34.0/jaeger-thrift-0.34.0.jar:/home/user/.m2/repository/org/apache/thrift/libthrift/0.12.0/libthrift-0.12.0.jar:/home/user/.m2/repository/com/squareup/okhttp3/okhttp/3.9.0/okhttp-3.9.0.jar:/home/user/.m2/repository/com/squareup/okio/okio/1.13.0/okio-1.13.0.jar:/home/user/.m2/repository/io/jaegertracing/jaeger-core/0.34.0/jaeger-core-0.34.0.jar:/home/user/.m2/repository/io/jaegertracing/jaeger-tracerresolver/0.34.0/jaeger-tracerresolver-0.34.0.jar:/home/user/.m2/repository/io/opentracing/contrib/opentracing-tracerresolver/0.1.5/opentracing-tracerresolver-0.1.5.jar:/home/user/.m2/repository/io/opentracing/opentracing-util/0.31.0/opentracing-util-0.31.0.jar:/home/user/.m2/repository/io/opentracing/opentracing-api/0.31.0/opentracing-api-0.31.0.jar:/home/user/.m2/repository/io/opentracing/opentracing-noop/0.31.0/opentracing-noop-0.31.0.jar:/home/user/.m2/repository/org/apache/hadoop/hadoop-hdds-server-framework/0.5.0-SNAPSHOT/hadoop-hdds-server-framework-0.5.0-SNAPSHOT.jar:/home/user/.m2/repository/org/apache/hadoop/hadoop-hdds-container-service/0.5.0-SNAPSHOT/hadoop-hdds-container-service-0.5.0-SNAPSHOT.jar:/home/user/.m2/repository/org/apache/hadoop/hadoop-hdds-client/0.5.0-SNAPSHOT/hadoop-hdds-client-0.5.0-SNAPSHOT.jar:/home/user/.m2/repository/org/apache/hadoop/hadoop-hdds-tools/0.5.0-SNAPSHOT/hadoop-hdds-tools-0.5.0-SNAPSHOT.jar:/home/user/.m2/repository/org/apache/hadoop/hadoop-hdds-server-scm/0.5.0-SNAPSHOT/hadoop-hdds-server-scm-0.5.0-SNAPSHOT.jar:/home/user/.m2/repository/org/apache/hadoop/hadoop-hdds-docs/0.5.0-SNAPSHOT/hadoop-hdds-docs-0.5.0-SNAPSHOT.jar:/home/user/.m2/repository/io/dropwizard/metrics/metrics-core/3.2.4/metrics-core-3.2.4.jar:/home/user/.m2/repository/org/hamcrest/hamcrest-all/1.3/hamcrest-all-1.3.jar:/home/user/.m2/repository/org/bouncycastle/bcprov-jdk15on/1.60/bcprov-jdk15on-1.60.jar:/home/user/.m2/repository/info/picocli/picocli/3.9.6/picocli-3.9.6.jar:/home/user/.m2/repository/com/google/protobuf/protobuf-java/2.5.0/protobuf-java-2.5.0.jar:/home/user/.m2/repository/com/google/guava/guava/11.0.2/guava-11.0.2.jar:/home/user/.m2/repository/org/apache/hadoop/hadoop-ozone-ozone-manager/0.5.0-SNAPSHOT/hadoop-ozone-ozone-manager-0.5.0-SNAPSHOT.jar:/home/user/.m2/repository/org/apache/hadoop/hadoop-minikdc/3.2.0/hadoop-minikdc-3.2.0.jar:/home/user/.m2/repository/commons-io/commons-io/2.5/commons-io-2.5.jar:/home/user/.m2/repository/org/apache/kerby/kerb-simplekdc/1.0.1/kerb-simplekdc-1.0.1.jar:/home/user/.m2/repository/org/apache/kerby/kerb-client/1.0.1/kerb-client-1.0.1.jar:/home/user/.m2/repository/org/apache/kerby/kerby-config/1.0.1/kerby-config-1.0.1.jar:/home/user/.m2/repository/org/apache/kerby/kerb-core/1.0.1/kerb-core-1.0.1.jar:/home/user/.m2/repository/org/apache/kerby/kerby-pkix/1.0.1/kerby-pkix-1.0.1.jar:/home/user/.m2/repository/org/apache/kerby/kerby-asn1/1.0.1/kerby-asn1-1.0.1.jar:/home/user/.m2/repository/org/apache/kerby/kerby-util/1.0.1/kerby-util-1.0.1.jar:/home/user/.m2/repository/org/apache/kerby/kerb-common/1.0.1/kerb-common-1.0.1.jar:/home/user/.m2/repository/org/apache/kerby/kerb-crypto/1.0.1/kerb-crypto-1.0.1.jar:/home/user/.m2/repository/org/apache/kerby/kerb-util/1.0.1/kerb-util-1.0.1.jar:/home/user/.m2/repository/org/apache/kerby/token-provider/1.0.1/token-provider-1.0.1.jar:/home/user/.m2/repository/org/apache/kerby/kerb-admin/1.0.1/kerb-admin-1.0.1.jar:/home/user/.m2/repository/org/apache/kerby/kerb-server/1.0.1/kerb-server-1.0.1.jar:/home/user/.m2/repository/org/apache/kerby/kerb-identity/1.0.1/kerb-identity-1.0.1.jar:/home/user/.m2/repository/org/apache/kerby/kerby-xdr/1.0.1/kerby-xdr-1.0.1.jar:/home/user/.m2/repository/org/slf4j/slf4j-log4j12/1.7.25/slf4j-log4j12-1.7.25.jar:/home/user/.m2/repository/org/apache/hadoop/hadoop-ozone-s3gateway/0.5.0-SNAPSHOT/hadoop-ozone-s3gateway-0.5.0-SNAPSHOT.jar:/home/user/.m2/repository/org/jboss/weld/servlet/weld-servlet/2.4.7.Final/weld-servlet-2.4.7.Final.jar:/home/user/.m2/repository/org/glassfish/jersey/containers/jersey-container-servlet-core/2.27/jersey-container-servlet-core-2.27.jar:/home/user/.m2/repository/org/glassfish/hk2/external/javax.inject/2.5.0-b42/javax.inject-2.5.0-b42.jar:/home/user/.m2/repository/org/glassfish/jersey/core/jersey-common/2.27/jersey-common-2.27.jar:/home/user/.m2/repository/org/glassfish/hk2/osgi-resource-locator/1.0.1/osgi-resource-locator-1.0.1.jar:/home/user/.m2/repository/javax/ws/rs/javax.ws.rs-api/2.1/javax.ws.rs-api-2.1.jar:/home/user/.m2/repository/org/glassfish/jersey/ext/cdi/jersey-cdi1x/2.27/jersey-cdi1x-2.27.jar:/home/user/.m2/repository/org/glassfish/jersey/inject/jersey-hk2/2.27/jersey-hk2-2.27.jar:/home/user/.m2/repository/org/glassfish/hk2/hk2-locator/2.5.0-b42/hk2-locator-2.5.0-b42.jar:/home/user/.m2/repository/org/javassist/javassist/3.22.0-CR2/javassist-3.22.0-CR2.jar:/home/user/.m2/repository/org/glassfish/hk2/hk2-api/2.5.0/hk2-api-2.5.0.jar:/home/user/.m2/repository/org/glassfish/hk2/external/jakarta.inject/2.5.0/jakarta.inject-2.5.0.jar:/home/user/.m2/repository/org/glassfish/hk2/hk2-utils/2.5.0/hk2-utils-2.5.0.jar:/home/user/.m2/repository/jakarta/annotation/jakarta.annotation-api/1.3.4/jakarta.annotation-api-1.3.4.jar:/home/user/.m2/repository/org/glassfish/hk2/external/aopalliance-repackaged/2.5.0/aopalliance-repackaged-2.5.0.jar:/home/user/.m2/repository/com/fasterxml/jackson/dataformat/jackson-dataformat-xml/2.9.0/jackson-dataformat-xml-2.9.0.jar:/home/user/.m2/repository/com/fasterxml/jackson/core/jackson-core/2.9.9/jackson-core-2.9.9.jar:/home/user/.m2/repository/com/fasterxml/jackson/module/jackson-module-jaxb-annotations/2.9.9/jackson-module-jaxb-annotations-2.9.9.jar:/home/user/.m2/repository/javax/enterprise/cdi-api/1.2/cdi-api-1.2.jar:/home/user/.m2/repository/javax/el/javax.el-api/3.0.0/javax.el-api-3.0.0.jar:/home/user/.m2/repository/javax/interceptor/javax.interceptor-api/1.2/javax.interceptor-api-1.2.jar:/home/user/.m2/repository/javax/inject/javax.inject/1/javax.inject-1.jar:/home/user/.m2/repository/com/sun/xml/bind/jaxb-impl/2.3.0.1/jaxb-impl-2.3.0.1.jar:/home/user/.m2/repository/com/sun/xml/bind/jaxb-core/2.3.0.1/jaxb-core-2.3.0.1.jar:/home/user/.m2/repository/javax/xml/bind/jaxb-api/2.3.0/jaxb-api-2.3.0.jar:/home/user/.m2/repository/javax/activation/activation/1.1.1/activation-1.1.1.jar:/home/user/.m2/repository/org/apache/hadoop/hadoop-ozone-csi/0.5.0-SNAPSHOT/hadoop-ozone-csi-0.5.0-SNAPSHOT.jar:/home/user/.m2/repository/com/google/protobuf/protobuf-java-util/3.5.1/protobuf-java-util-3.5.1.jar:/home/user/.m2/repository/org/apache/hadoop/hadoop-hdds-config/0.5.0-SNAPSHOT/hadoop-hdds-config-0.5.0-SNAPSHOT.jar:/home/user/.m2/repository/io/grpc/grpc-netty/1.17.1/grpc-netty-1.17.1.jar:/home/user/.m2/repository/io/grpc/grpc-core/1.17.1/grpc-core-1.17.1.jar:/home/user/.m2/repository/io/grpc/grpc-context/1.17.1/grpc-context-1.17.1.jar:/home/user/.m2/repository/com/google/errorprone/error_prone_annotations/2.2.0/error_prone_annotations-2.2.0.jar:/home/user/.m2/repository/org/codehaus/mojo/animal-sniffer-annotations/1.17/animal-sniffer-annotations-1.17.jar:/home/user/.m2/repository/io/opencensus/opencensus-api/0.17.0/opencensus-api-0.17.0.jar:/home/user/.m2/repository/io/opencensus/opencensus-contrib-grpc-metrics/0.17.0/opencensus-contrib-grpc-metrics-0.17.0.jar:/home/user/.m2/repository/io/netty/netty-codec-http2/4.1.30.Final/netty-codec-http2-4.1.30.Final.jar:/home/user/.m2/repository/io/netty/netty-codec-http/4.1.30.Final/netty-codec-http-4.1.30.Final.jar:/home/user/.m2/repository/io/netty/netty-codec/4.1.30.Final/netty-codec-4.1.30.Final.jar:/home/user/.m2/repository/io/netty/netty-handler/4.1.30.Final/netty-handler-4.1.30.Final.jar:/home/user/.m2/repository/io/netty/netty-handler-proxy/4.1.30.Final/netty-handler-proxy-4.1.30.Final.jar:/home/user/.m2/repository/io/netty/netty-codec-socks/4.1.30.Final/netty-codec-socks-4.1.30.Final.jar:/home/user/.m2/repository/io/netty/netty-transport-native-epoll/4.1.30.Final/netty-transport-native-epoll-4.1.30.Final.jar:/home/user/.m2/repository/io/netty/netty-common/4.1.30.Final/netty-common-4.1.30.Final.jar:/home/user/.m2/repository/io/netty/netty-buffer/4.1.30.Final/netty-buffer-4.1.30.Final.jar:/home/user/.m2/repository/io/netty/netty-transport/4.1.30.Final/netty-transport-4.1.30.Final.jar:/home/user/.m2/repository/io/netty/netty-resolver/4.1.30.Final/netty-resolver-4.1.30.Final.jar:/home/user/.m2/repository/io/netty/netty-transport-native-unix-common/4.1.30.Final/netty-transport-native-unix-common-4.1.30.Final.jar:/home/user/.m2/repository/io/grpc/grpc-protobuf/1.17.1/grpc-protobuf-1.17.1.jar:/home/user/.m2/repository/com/google/api/grpc/proto-google-common-protos/1.0.0/proto-google-common-protos-1.0.0.jar:/home/user/.m2/repository/io/grpc/grpc-protobuf-lite/1.17.1/grpc-protobuf-lite-1.17.1.jar:/home/user/.m2/repository/io/grpc/grpc-stub/1.17.1/grpc-stub-1.17.1.jar:/home/user/.m2/repository/org/apache/hadoop/hadoop-ozone-recon/0.5.0-SNAPSHOT/hadoop-ozone-recon-0.5.0-SNAPSHOT.jar:/home/user/.m2/repository/org/apache/hadoop/hadoop-ozone-reconcodegen/0.5.0-SNAPSHOT/hadoop-ozone-reconcodegen-0.5.0-SNAPSHOT.jar:/home/user/.m2/repository/com/google/inject/extensions/guice-multibindings/4.0/guice-multibindings-4.0.jar:/home/user/.m2/repository/com/google/inject/guice/4.0/guice-4.0.jar:/home/user/.m2/repository/aopalliance/aopalliance/1.0/aopalliance-1.0.jar:/home/user/.m2/repository/com/google/inject/extensions/guice-servlet/4.0/guice-servlet-4.0.jar:/home/user/.m2/repository/org/glassfish/jersey/containers/jersey-container-servlet/2.27/jersey-container-servlet-2.27.jar:/home/user/.m2/repository/org/glassfish/hk2/guice-bridge/2.5.0/guice-bridge-2.5.0.jar:/home/user/.m2/repository/org/glassfish/jersey/core/jersey-server/2.27/jersey-server-2.27.jar:/home/user/.m2/repository/org/glassfish/jersey/core/jersey-client/2.27/jersey-client-2.27.jar:/home/user/.m2/repository/org/glassfish/jersey/media/jersey-media-jaxb/2.27/jersey-media-jaxb-2.27.jar:/home/user/.m2/repository/javax/validation/validation-api/1.1.0.Final/validation-api-1.1.0.Final.jar:/home/user/.m2/repository/org/glassfish/jersey/media/jersey-media-json-jackson/2.27/jersey-media-json-jackson-2.27.jar:/home/user/.m2/repository/org/glassfish/jersey/ext/jersey-entity-filtering/2.27/jersey-entity-filtering-2.27.jar:/home/user/.m2/repository/com/google/inject/extensions/guice-assistedinject/4.0/guice-assistedinject-4.0.jar:/home/user/.m2/repository/org/jooq/jooq/3.11.10/jooq-3.11.10.jar:/home/user/.m2/repository/org/jooq/jooq-meta/3.11.10/jooq-meta-3.11.10.jar:/home/user/.m2/repository/org/jooq/jooq-codegen/3.11.10/jooq-codegen-3.11.10.jar:/home/user/.m2/repository/com/jolbox/bonecp/0.8.0.RELEASE/bonecp-0.8.0.RELEASE.jar:/home/user/.m2/repository/org/xerial/sqlite-jdbc/3.25.2/sqlite-jdbc-3.25.2.jar:/home/user/.m2/repository/org/springframework/spring-jdbc/5.1.3.RELEASE/spring-jdbc-5.1.3.RELEASE.jar:/home/user/.m2/repository/org/springframework/spring-beans/5.1.3.RELEASE/spring-beans-5.1.3.RELEASE.jar:/home/user/.m2/repository/org/springframework/spring-core/5.1.3.RELEASE/spring-core-5.1.3.RELEASE.jar:/home/user/.m2/repository/org/springframework/spring-jcl/5.1.3.RELEASE/spring-jcl-5.1.3.RELEASE.jar:/home/user/.m2/repository/org/springframework/spring-tx/5.1.3.RELEASE/spring-tx-5.1.3.RELEASE.jar:/home/user/.m2/repository/org/apache/hadoop/hadoop-ozone-client/0.5.0-SNAPSHOT/hadoop-ozone-client-0.5.0-SNAPSHOT.jar:/home/user/.m2/repository/commons-lang/commons-lang/2.6/commons-lang-2.6.jar:/home/user/.m2/repository/org/apache/hadoop/hadoop-ozone-ozone-manager/0.5.0-SNAPSHOT/hadoop-ozone-ozone-manager-0.5.0-SNAPSHOT-tests.jar:/home/user/.m2/repository/junit/junit/4.11/junit-4.11.jar:/home/user/.m2/repository/org/hamcrest/hamcrest-core/1.3/hamcrest-core-1.3.jar:/home/user/.m2/repository/org/openjdk/jmh/jmh-core/1.19/jmh-core-1.19.jar:/home/user/.m2/repository/net/sf/jopt-simple/jopt-simple/4.6/jopt-simple-4.6.jar:/home/user/.m2/repository/org/apache/commons/commons-math3/3.1.1/commons-math3-3.1.1.jar:/home/user/.m2/repository/org/openjdk/jmh/jmh-generator-annprocess/1.19/jmh-generator-annprocess-1.19.jar:/home/user/.m2/repository/org/mockito/mockito-all/1.8.5/mockito-all-1.8.5.jar:/home/user/.m2/repository/org/apache/hadoop/hadoop-kms/3.2.0/hadoop-kms-3.2.0.jar:/home/user/.m2/repository/org/apache/hadoop/hadoop-auth/3.2.0/hadoop-auth-3.2.0.jar:/home/user/.m2/repository/com/nimbusds/nimbus-jose-jwt/4.41.1/nimbus-jose-jwt-4.41.1.jar:/home/user/.m2/repository/com/github/stephenc/jcip/jcip-annotations/1.0-1/jcip-annotations-1.0-1.jar:/home/user/.m2/repository/net/minidev/json-smart/2.3/json-smart-2.3.jar:/home/user/.m2/repository/net/minidev/accessors-smart/1.2/accessors-smart-1.2.jar:/home/user/.m2/repository/org/ow2/asm/asm/5.0.4/asm-5.0.4.jar:/home/user/.m2/repository/org/apache/curator/curator-framework/2.12.0/curator-framework-2.12.0.jar:/home/user/.m2/repository/com/sun/jersey/jersey-core/1.19/jersey-core-1.19.jar:/home/user/.m2/repository/javax/ws/rs/jsr311-api/1.1.1/jsr311-api-1.1.1.jar:/home/user/.m2/repository/com/sun/jersey/jersey-server/1.19/jersey-server-1.19.jar:/home/user/.m2/repository/javax/servlet/javax.servlet-api/3.1.0/javax.servlet-api-3.1.0.jar:/home/user/.m2/repository/org/eclipse/jetty/jetty-server/9.3.25.v20180904/jetty-server-9.3.25.v20180904.jar:/home/user/.m2/repository/org/eclipse/jetty/jetty-http/9.3.25.v20180904/jetty-http-9.3.25.v20180904.jar:/home/user/.m2/repository/org/eclipse/jetty/jetty-io/9.3.25.v20180904/jetty-io-9.3.25.v20180904.jar:/home/user/.m2/repository/org/eclipse/jetty/jetty-webapp/9.3.25.v20180904/jetty-webapp-9.3.25.v20180904.jar:/home/user/.m2/repository/org/eclipse/jetty/jetty-xml/9.3.25.v20180904/jetty-xml-9.3.25.v20180904.jar:/home/user/.m2/repository/log4j/log4j/1.2.17/log4j-1.2.17.jar:/home/user/.m2/repository/org/slf4j/slf4j-api/1.7.25/slf4j-api-1.7.25.jar:/home/user/.m2/repository/org/slf4j/jul-to-slf4j/1.7.25/jul-to-slf4j-1.7.25.jar:/home/user/.m2/repository/org/eclipse/jetty/jetty-util/9.3.25.v20180904/jetty-util-9.3.25.v20180904.jar:/home/user/.m2/repository/com/fasterxml/jackson/core/jackson-databind/2.9.9/jackson-databind-2.9.9.jar:/home/user/.m2/repository/org/apache/hadoop/hadoop-kms/3.2.0/hadoop-kms-3.2.0-tests.jar:/home/user/.m2/repository/org/apache/hadoop/hadoop-hdds-server-scm/0.5.0-SNAPSHOT/hadoop-hdds-server-scm-0.5.0-SNAPSHOT-tests.jar:/home/user/.m2/repository/org/apache/hadoop/hadoop-hdds-container-service/0.5.0-SNAPSHOT/hadoop-hdds-container-service-0.5.0-SNAPSHOT-tests.jar:/home/user/.m2/repository/org/yaml/snakeyaml/1.16/snakeyaml-1.16.jar:/home/user/.m2/repository/org/apache/hadoop/hadoop-common/3.2.0/hadoop-common-3.2.0-tests.jar:/home/user/.m2/repository/org/apache/hadoop/hadoop-annotations/3.2.0/hadoop-annotations-3.2.0.jar:/usr/lib/jvm/java-1.8-openjdk/jre/../lib/tools.jar:/home/user/.m2/repository/commons-cli/commons-cli/1.2/commons-cli-1.2.jar:/home/user/.m2/repository/org/apache/httpcomponents/httpclient/4.5.2/httpclient-4.5.2.jar:/home/user/.m2/repository/org/apache/httpcomponents/httpcore/4.4.4/httpcore-4.4.4.jar:/home/user/.m2/repository/commons-codec/commons-codec/1.11/commons-codec-1.11.jar:/home/user/.m2/repository/commons-net/commons-net/3.6/commons-net-3.6.jar:/home/user/.m2/repository/commons-collections/commons-collections/3.2.2/commons-collections-3.2.2.jar:/home/user/.m2/repository/org/eclipse/jetty/jetty-servlet/9.3.25.v20180904/jetty-servlet-9.3.25.v20180904.jar:/home/user/.m2/repository/org/eclipse/jetty/jetty-security/9.3.25.v20180904/jetty-security-9.3.25.v20180904.jar:/home/user/.m2/repository/javax/servlet/jsp/jsp-api/2.1/jsp-api-2.1.jar:/home/user/.m2/repository/com/sun/jersey/jersey-servlet/1.19/jersey-servlet-1.19.jar:/home/user/.m2/repository/com/sun/jersey/jersey-json/1.19/jersey-json-1.19.jar:/home/user/.m2/repository/org/codehaus/jettison/jettison/1.1/jettison-1.1.jar:/home/user/.m2/repository/org/codehaus/jackson/jackson-core-asl/1.9.13/jackson-core-asl-1.9.13.jar:/home/user/.m2/repository/org/codehaus/jackson/jackson-mapper-asl/1.9.13/jackson-mapper-asl-1.9.13.jar:/home/user/.m2/repository/org/codehaus/jackson/jackson-jaxrs/1.9.13/jackson-jaxrs-1.9.13.jar:/home/user/.m2/repository/org/codehaus/jackson/jackson-xc/1.9.13/jackson-xc-1.9.13.jar:/home/user/.m2/repository/commons-logging/commons-logging/1.1.3/commons-logging-1.1.3.jar:/home/user/.m2/repository/commons-beanutils/commons-beanutils/1.9.4/commons-beanutils-1.9.4.jar:/home/user/.m2/repository/org/apache/commons/commons-configuration2/2.1.1/commons-configuration2-2.1.1.jar:/home/user/.m2/repository/org/apache/commons/commons-lang3/3.7/commons-lang3-3.7.jar:/home/user/.m2/repository/org/apache/commons/commons-text/1.4/commons-text-1.4.jar:/home/user/.m2/repository/org/apache/avro/avro/1.7.7/avro-1.7.7.jar:/home/user/.m2/repository/com/thoughtworks/paranamer/paranamer/2.3/paranamer-2.3.jar:/home/user/.m2/repository/org/xerial/snappy/snappy-java/1.0.5/snappy-java-1.0.5.jar:/home/user/.m2/repository/com/google/re2j/re2j/1.1/re2j-1.1.jar:/home/user/.m2/repository/com/google/code/gson/gson/2.2.4/gson-2.2.4.jar:/home/user/.m2/repository/com/jcraft/jsch/0.1.54/jsch-0.1.54.jar:/home/user/.m2/repository/org/apache/curator/curator-client/2.12.0/curator-client-2.12.0.jar:/home/user/.m2/repository/org/apache/curator/curator-recipes/2.12.0/curator-recipes-2.12.0.jar:/home/user/.m2/repository/com/google/code/findbugs/jsr305/3.0.0/jsr305-3.0.0.jar:/home/user/.m2/repository/org/apache/htrace/htrace-core4/4.1.0-incubating/htrace-core4-4.1.0-incubating.jar:/home/user/.m2/repository/org/apache/zookeeper/zookeeper/3.4.13/zookeeper-3.4.13.jar:/home/user/.m2/repository/jline/jline/0.9.94/jline-0.9.94.jar:/home/user/.m2/repository/org/apache/yetus/audience-annotations/0.5.0/audience-annotations-0.5.0.jar:/home/user/.m2/repository/org/codehaus/woodstox/stax2-api/3.1.4/stax2-api-3.1.4.jar:/home/user/.m2/repository/com/fasterxml/woodstox/woodstox-core/5.0.3/woodstox-core-5.0.3.jar:/home/user/.m2/repository/dnsjava/dnsjava/2.1.7/dnsjava-2.1.7.jar:/home/user/.m2/repository/org/apache/hadoop/hadoop-hdfs/3.2.0/hadoop-hdfs-3.2.0-tests.jar:/home/user/.m2/repository/org/eclipse/jetty/jetty-util-ajax/9.3.25.v20180904/jetty-util-ajax-9.3.25.v20180904.jar:/home/user/.m2/repository/commons-daemon/commons-daemon/1.0.13/commons-daemon-1.0.13.jar:/home/user/.m2/repository/io/netty/netty/3.10.5.Final/netty-3.10.5.Final.jar:/home/user/.m2/repository/io/netty/netty-all/4.0.52.Final/netty-all-4.0.52.Final.jar:/home/user/.m2/repository/org/fusesource/leveldbjni/leveldbjni-all/1.8/leveldbjni-all-1.8.jar:"/>
    <property name="sun.cpu.endian" value="little"/>
    <property name="user.home" value="/home/user"/>
    <property name="user.language" value="en"/>
    <property name="java.specification.vendor" value="Oracle Corporation"/>
    <property name="java.home" value="/usr/lib/jvm/java-1.8-openjdk/jre"/>
    <property name="surefire.excludesFile" value="/tools/ozone-bad-unit-tests"/>
    <property name="java.security.krb5.conf" value="/workdir/hadoop-ozone/integration-test/target/test-classes/krb5.conf"/>
    <property name="basedir" value="/workdir/hadoop-ozone/integration-test"/>
    <property name="file.separator" value="/"/>
    <property name="line.separator" value="&#10;"/>
    <property name="java.vm.specification.vendor" value="Oracle Corporation"/>
    <property name="java.specification.name" value="Java Platform API Specification"/>
    <property name="java.awt.graphicsenv" value="sun.awt.X11GraphicsEnvironment"/>
    <property name="surefire.real.class.path" value="/workdir/hadoop-ozone/integration-test/target/surefire/surefirebooter1416494253966038535.jar"/>
    <property name="hadoop.log.dir" value="/workdir/hadoop-ozone/integration-test/target/log"/>
    <property name="sun.boot.class.path" value="/usr/lib/jvm/java-1.8-openjdk/jre/lib/resources.jar:/usr/lib/jvm/java-1.8-openjdk/jre/lib/rt.jar:/usr/lib/jvm/java-1.8-openjdk/jre/lib/sunrsasign.jar:/usr/lib/jvm/java-1.8-openjdk/jre/lib/jsse.jar:/usr/lib/jvm/java-1.8-openjdk/jre/lib/jce.jar:/usr/lib/jvm/java-1.8-openjdk/jre/lib/charsets.jar:/usr/lib/jvm/java-1.8-openjdk/jre/lib/jfr.jar:/usr/lib/jvm/java-1.8-openjdk/jre/classes"/>
    <property name="sun.management.compiler" value="HotSpot 64-Bit Tiered Compilers"/>
    <property name="java.runtime.version" value="1.8.0_212-b04"/>
    <property name="java.net.preferIPv4Stack" value="true"/>
    <property name="user.name" value="jenkins1000"/>
    <property name="path.separator" value=":"/>
    <property name="java.security.egd" value="file:///dev/urandom"/>
    <property name="os.version" value="3.10.0-957.12.2.el7.x86_64"/>
    <property name="java.endorsed.dirs" value="/usr/lib/jvm/java-1.8-openjdk/jre/lib/endorsed"/>
    <property name="java.runtime.name" value="OpenJDK Runtime Environment"/>
    <property name="file.encoding" value="UTF-8"/>
    <property name="java.vm.name" value="OpenJDK 64-Bit Server VM"/>
    <property name="test.build.webapps" value=""/>
    <property name="localRepository" value="/home/user/.m2/repository"/>
    <property name="java.vendor.url.bug" value="https://icedtea.classpath.org/bugzilla"/>
    <property name="java.io.tmpdir" value="/tmp"/>
    <property name="require.test.libhadoop" value=""/>
    <property name="java.version" value="1.8.0_212"/>
    <property name="user.dir" value="/workdir/hadoop-ozone/integration-test"/>
    <property name="os.arch" value="amd64"/>
    <property name="java.vm.specification.name" value="Java Virtual Machine Specification"/>
    <property name="test.build.classes" value="/workdir/hadoop-ozone/integration-test/target/test-classes"/>
    <property name="java.awt.printerjob" value="sun.print.PSPrinterJob"/>
    <property name="sun.os.patch.level" value="unknown"/>
    <property name="hadoop.tmp.dir" value="/workdir/hadoop-ozone/integration-test/target/tmp"/>
    <property name="java.library.path" value="/usr/lib/jvm/java-1.8-openjdk/jre/lib/amd64/server:/usr/lib/jvm/java-1.8-openjdk/jre/lib/amd64:/usr/lib/jvm/java-1.8-openjdk/jre/../lib/amd64:/workdir/hadoop-ozone/integration-test/target/native/target/usr/local/lib:/workdir/hadoop-ozone/integration-test/../../hadoop-common-project/hadoop-common/target/native/target/usr/local/lib:/usr/java/packages/lib/amd64:/usr/lib64:/lib64:/lib:/usr/lib"/>
    <property name="java.vm.info" value="mixed mode"/>
    <property name="java.vendor" value="IcedTea"/>
    <property name="java.vm.version" value="25.212-b04"/>
    <property name="java.ext.dirs" value="/usr/lib/jvm/java-1.8-openjdk/jre/lib/ext:/usr/java/packages/lib/ext"/>
    <property name="sun.io.unicode.encoding" value="UnicodeLittle"/>
    <property name="java.class.version" value="52.0"/>
  </properties>
  <testcase name="test2DatanodesFailure" classname="org.apache.hadoop.ozone.client.rpc.TestBlockOutputStreamWithFailures" time="107.883"/>
  <testcase name="testDatanodeFailureWithPreAllocation" classname="org.apache.hadoop.ozone.client.rpc.TestBlockOutputStreamWithFailures" time="223.415"/>
  <testcase name="testDatanodeFailureWithSingleNodeRatis" classname="org.apache.hadoop.ozone.client.rpc.TestBlockOutputStreamWithFailures" time="222.897"/>
  <testcase name="testWatchForCommitWithSingleNodeRatis" classname="org.apache.hadoop.ozone.client.rpc.TestBlockOutputStreamWithFailures" time="37.594"/>
  <testcase name="testWatchForCommitDatanodeFailure" classname="org.apache.hadoop.ozone.client.rpc.TestBlockOutputStreamWithFailures" time="44.98">
    <failure message="expected:&lt;2&gt; but was:&lt;3&gt;" type="java.lang.AssertionError"><![CDATA[java.lang.AssertionError: expected:<2> but was:<3>
	at org.junit.Assert.fail(Assert.java:88)
	at org.junit.Assert.failNotEquals(Assert.java:743)
	at org.junit.Assert.assertEquals(Assert.java:118)
	at org.junit.Assert.assertEquals(Assert.java:555)
	at org.junit.Assert.assertEquals(Assert.java:542)
	at org.apache.hadoop.ozone.client.rpc.TestBlockOutputStreamWithFailures.testWatchForCommitDatanodeFailure(TestBlockOutputStreamWithFailures.java:366)
	at sun.reflect.NativeMethodAccessorImpl.invoke0(Native Method)
	at sun.reflect.NativeMethodAccessorImpl.invoke(NativeMethodAccessorImpl.java:62)
	at sun.reflect.DelegatingMethodAccessorImpl.invoke(DelegatingMethodAccessorImpl.java:43)
	at java.lang.reflect.Method.invoke(Method.java:498)
	at org.junit.runners.model.FrameworkMethod$1.runReflectiveCall(FrameworkMethod.java:47)
	at org.junit.internal.runners.model.ReflectiveCallable.run(ReflectiveCallable.java:12)
	at org.junit.runners.model.FrameworkMethod.invokeExplosively(FrameworkMethod.java:44)
	at org.junit.internal.runners.statements.InvokeMethod.evaluate(InvokeMethod.java:17)
	at org.junit.internal.runners.statements.RunBefores.evaluate(RunBefores.java:26)
	at org.junit.internal.runners.statements.RunAfters.evaluate(RunAfters.java:27)
	at org.junit.runners.ParentRunner.runLeaf(ParentRunner.java:271)
	at org.junit.runners.BlockJUnit4ClassRunner.runChild(BlockJUnit4ClassRunner.java:70)
	at org.junit.runners.BlockJUnit4ClassRunner.runChild(BlockJUnit4ClassRunner.java:50)
	at org.junit.runners.ParentRunner$3.run(ParentRunner.java:238)
	at org.junit.runners.ParentRunner$1.schedule(ParentRunner.java:63)
	at org.junit.runners.ParentRunner.runChildren(ParentRunner.java:236)
	at org.junit.runners.ParentRunner.access$000(ParentRunner.java:53)
	at org.junit.runners.ParentRunner$2.evaluate(ParentRunner.java:229)
	at org.junit.runners.ParentRunner.run(ParentRunner.java:309)
	at org.apache.maven.surefire.junit4.JUnit4Provider.execute(JUnit4Provider.java:365)
	at org.apache.maven.surefire.junit4.JUnit4Provider.executeWithRerun(JUnit4Provider.java:273)
	at org.apache.maven.surefire.junit4.JUnit4Provider.executeTestSet(JUnit4Provider.java:238)
	at org.apache.maven.surefire.junit4.JUnit4Provider.invoke(JUnit4Provider.java:159)
	at org.apache.maven.surefire.booter.ForkedBooter.invokeProviderInSameClassLoader(ForkedBooter.java:384)
	at org.apache.maven.surefire.booter.ForkedBooter.runSuitesInProcess(ForkedBooter.java:345)
	at org.apache.maven.surefire.booter.ForkedBooter.execute(ForkedBooter.java:126)
	at org.apache.maven.surefire.booter.ForkedBooter.main(ForkedBooter.java:418)
]]></failure>
    <system-out><![CDATA[2019-10-15 04:01:19,265 [main] WARN  server.ServerUtils (ServerUtils.java:getScmDbDir(145)) - ozone.scm.db.dirs is not configured. We recommend adding this setting. Falling back to ozone.metadata.dirs instead.
2019-10-15 04:01:19,305 [main] WARN  server.ServerUtils (ServerUtils.java:getScmDbDir(145)) - ozone.scm.db.dirs is not configured. We recommend adding this setting. Falling back to ozone.metadata.dirs instead.
2019-10-15 04:01:19,306 [main] WARN  server.ServerUtils (ServerUtils.java:getScmDbDir(145)) - ozone.scm.db.dirs is not configured. We recommend adding this setting. Falling back to ozone.metadata.dirs instead.
2019-10-15 04:01:19,306 [main] INFO  db.DBStoreBuilder (DBStoreBuilder.java:addTable(117)) - using custom profile for table: deletedBlocks
2019-10-15 04:01:19,307 [main] INFO  db.DBStoreBuilder (DBStoreBuilder.java:processTables(168)) - Using default column profile:DBProfile.DISK for Table:deletedBlocks
2019-10-15 04:01:19,307 [main] INFO  db.DBStoreBuilder (DBStoreBuilder.java:addTable(117)) - using custom profile for table: validCerts
2019-10-15 04:01:19,307 [main] INFO  db.DBStoreBuilder (DBStoreBuilder.java:processTables(168)) - Using default column profile:DBProfile.DISK for Table:validCerts
2019-10-15 04:01:19,307 [main] INFO  db.DBStoreBuilder (DBStoreBuilder.java:addTable(117)) - using custom profile for table: revokedCerts
2019-10-15 04:01:19,308 [main] INFO  db.DBStoreBuilder (DBStoreBuilder.java:processTables(168)) - Using default column profile:DBProfile.DISK for Table:revokedCerts
2019-10-15 04:01:19,308 [main] INFO  db.DBStoreBuilder (DBStoreBuilder.java:addTable(117)) - using custom profile for table: default
2019-10-15 04:01:19,308 [main] INFO  db.DBStoreBuilder (DBStoreBuilder.java:processTables(174)) - Using default column profile:DBProfile.DISK for Table:default
2019-10-15 04:01:19,308 [main] INFO  db.DBStoreBuilder (DBStoreBuilder.java:getDbProfile(205)) - Using default options. DBProfile.DISK
2019-10-15 04:01:19,778 [main] INFO  net.NodeSchemaLoader (NodeSchemaLoader.java:loadSchemaFromFile(125)) - Loading file from sun.misc.CompoundEnumeration@2dbfa972
2019-10-15 04:01:19,779 [main] INFO  net.NodeSchemaLoader (NodeSchemaLoader.java:loadSchema(171)) - Loading network topology layer schema file
2019-10-15 04:01:19,785 [main] INFO  node.SCMNodeManager (SCMNodeManager.java:<init>(116)) - Entering startup safe mode.
2019-10-15 04:01:19,786 [main] INFO  algorithms.ContainerPlacementPolicyFactory (ContainerPlacementPolicyFactory.java:getPolicy(57)) - Create container placement policy of type org.apache.hadoop.hdds.scm.container.placement.algorithms.SCMContainerPlacementRandom
2019-10-15 04:01:19,787 [main] WARN  server.ServerUtils (ServerUtils.java:getScmDbDir(145)) - ozone.scm.db.dirs is not configured. We recommend adding this setting. Falling back to ozone.metadata.dirs instead.
2019-10-15 04:01:19,952 [main] INFO  pipeline.SCMPipelineManager (SCMPipelineManager.java:initializePipelineState(132)) - No pipeline exists in current db
2019-10-15 04:01:19,953 [main] WARN  server.ServerUtils (ServerUtils.java:getScmDbDir(145)) - ozone.scm.db.dirs is not configured. We recommend adding this setting. Falling back to ozone.metadata.dirs instead.
2019-10-15 04:01:20,090 [main] WARN  events.EventQueue (EventQueue.java:fireEvent(183)) - No event handler registered for event TypedEvent{payloadType=SafeModeStatus, name='SafeModeStatus'}
2019-10-15 04:01:20,091 [main] INFO  ipc.CallQueueManager (CallQueueManager.java:<init>(84)) - Using callQueue: class java.util.concurrent.LinkedBlockingQueue, queueCapacity: 2000, scheduler: class org.apache.hadoop.ipc.DefaultRpcScheduler, ipcBackoff: false.
2019-10-15 04:01:20,092 [Socket Reader #1 for port 45550] INFO  ipc.Server (Server.java:run(1074)) - Starting Socket Reader #1 for port 45550
2019-10-15 04:01:20,094 [main] INFO  ipc.CallQueueManager (CallQueueManager.java:<init>(84)) - Using callQueue: class java.util.concurrent.LinkedBlockingQueue, queueCapacity: 2000, scheduler: class org.apache.hadoop.ipc.DefaultRpcScheduler, ipcBackoff: false.
2019-10-15 04:01:20,095 [Socket Reader #1 for port 38328] INFO  ipc.Server (Server.java:run(1074)) - Starting Socket Reader #1 for port 38328
2019-10-15 04:01:20,097 [main] INFO  ipc.CallQueueManager (CallQueueManager.java:<init>(84)) - Using callQueue: class java.util.concurrent.LinkedBlockingQueue, queueCapacity: 2000, scheduler: class org.apache.hadoop.ipc.DefaultRpcScheduler, ipcBackoff: false.
2019-10-15 04:01:20,100 [Socket Reader #1 for port 40292] INFO  ipc.Server (Server.java:run(1074)) - Starting Socket Reader #1 for port 40292
2019-10-15 04:01:20,103 [main] INFO  hdfs.DFSUtil (DFSUtil.java:httpServerTemplateForNNAndJN(1641)) - Starting Web-server for scm at: http://0.0.0.0:0
2019-10-15 04:01:20,105 [main] INFO  server.AuthenticationFilter (AuthenticationFilter.java:constructSecretProvider(240)) - Unable to initialize FileSignerSecretProvider, falling back to use random secrets.
2019-10-15 04:01:20,106 [main] WARN  http.HttpRequestLog (HttpRequestLog.java:getRequestLog(97)) - Jetty request log can only be enabled using Log4j
2019-10-15 04:01:20,108 [main] INFO  http.HttpServer2 (HttpServer2.java:addGlobalFilter(975)) - Added global filter 'safety' (class=org.apache.hadoop.http.HttpServer2$QuotingInputFilter)
2019-10-15 04:01:20,108 [main] INFO  http.HttpServer2 (HttpServer2.java:addFilter(948)) - Added filter static_user_filter (class=org.apache.hadoop.http.lib.StaticUserWebFilter$StaticUserFilter) to context scm
2019-10-15 04:01:20,109 [main] INFO  http.HttpServer2 (HttpServer2.java:addFilter(958)) - Added filter static_user_filter (class=org.apache.hadoop.http.lib.StaticUserWebFilter$StaticUserFilter) to context static
2019-10-15 04:01:20,109 [main] INFO  http.HttpServer2 (HttpServer2.java:addFilter(958)) - Added filter static_user_filter (class=org.apache.hadoop.http.lib.StaticUserWebFilter$StaticUserFilter) to context logs
2019-10-15 04:01:20,111 [main] INFO  server.StorageContainerManager (StorageContainerManager.java:start(772)) - StorageContainerLocationProtocol RPC server is listening at /0.0.0.0:40292
2019-10-15 04:01:20,113 [main] WARN  impl.MetricsConfig (MetricsConfig.java:loadFirst(134)) - Cannot locate configuration: tried hadoop-metrics2-storagecontainermanager.properties,hadoop-metrics2.properties
2019-10-15 04:01:20,113 [main] INFO  impl.MetricsSystemImpl (MetricsSystemImpl.java:startTimer(374)) - Scheduled Metric snapshot period at 10 second(s).
2019-10-15 04:01:20,113 [main] INFO  impl.MetricsSystemImpl (MetricsSystemImpl.java:start(191)) - StorageContainerManager metrics system started
2019-10-15 04:01:20,226 [main] WARN  impl.MetricsSystemImpl (MetricsSystemImpl.java:register(276)) - Sink prometheus already exists!
2019-10-15 04:01:20,289 [main] INFO  server.SCMClientProtocolServer (SCMClientProtocolServer.java:start(159)) - RPC server for Client  is listening at /0.0.0.0:40292
2019-10-15 04:01:20,290 [IPC Server Responder] INFO  ipc.Server (Server.java:run(1314)) - IPC Server Responder: starting
2019-10-15 04:01:20,290 [IPC Server listener on 40292] INFO  ipc.Server (Server.java:run(1153)) - IPC Server listener on 40292: starting
2019-10-15 04:01:20,295 [main] INFO  server.StorageContainerManager (StorageContainerManager.java:start(782)) - ScmBlockLocationProtocol RPC server is listening at /0.0.0.0:38328
2019-10-15 04:01:20,295 [main] INFO  server.SCMBlockProtocolServer (SCMBlockProtocolServer.java:start(146)) - RPC server for Block Protocol is listening at /0.0.0.0:38328
2019-10-15 04:01:20,296 [IPC Server Responder] INFO  ipc.Server (Server.java:run(1314)) - IPC Server Responder: starting
2019-10-15 04:01:20,296 [IPC Server listener on 38328] INFO  ipc.Server (Server.java:run(1153)) - IPC Server listener on 38328: starting
2019-10-15 04:01:20,301 [main] INFO  server.StorageContainerManager (StorageContainerManager.java:start(786)) - ScmDatanodeProtocl RPC server is listening at /0.0.0.0:45550
2019-10-15 04:01:20,301 [main] INFO  server.SCMDatanodeProtocolServer (SCMDatanodeProtocolServer.java:start(169)) - RPC server for DataNodes is listening at /0.0.0.0:45550
2019-10-15 04:01:20,302 [IPC Server Responder] INFO  ipc.Server (Server.java:run(1314)) - IPC Server Responder: starting
2019-10-15 04:01:20,302 [IPC Server listener on 45550] INFO  ipc.Server (Server.java:run(1153)) - IPC Server listener on 45550: starting
2019-10-15 04:01:20,306 [main] INFO  http.HttpServer2 (HttpServer2.java:bindListener(1191)) - Jetty bound to port 33897
2019-10-15 04:01:20,306 [main] INFO  server.Server (Server.java:doStart(351)) - jetty-9.3.25.v20180904, build timestamp: 2018-09-04T21:11:46Z, git hash: 3ce520221d0240229c862b122d2b06c12a625732
2019-10-15 04:01:20,308 [main] INFO  handler.ContextHandler (ContextHandler.java:doStart(781)) - Started o.e.j.s.ServletContextHandler@bbb6f0{/logs,file:///workdir/hadoop-ozone/integration-test/target/log,AVAILABLE}
2019-10-15 04:01:20,309 [main] INFO  handler.ContextHandler (ContextHandler.java:doStart(781)) - Started o.e.j.s.ServletContextHandler@2bd8f7db{/static,file:///workdir/hadoop-ozone/integration-test/target/test-classes/webapps/static,AVAILABLE}
2019-10-15 04:01:20,314 [main] INFO  handler.ContextHandler (ContextHandler.java:doStart(781)) - Started o.e.j.w.WebAppContext@10d18696{/,file:///workdir/hadoop-ozone/integration-test/target/test-classes/webapps/scm/,AVAILABLE}{/scm}
2019-10-15 04:01:20,314 [main] INFO  server.AbstractConnector (AbstractConnector.java:doStart(278)) - Started ServerConnector@6b8b5020{HTTP/1.1,[http/1.1]}{0.0.0.0:33897}
2019-10-15 04:01:20,316 [main] INFO  server.Server (Server.java:doStart(419)) - Started @593432ms
2019-10-15 04:01:20,316 [main] WARN  impl.MetricsSystemImpl (MetricsSystemImpl.java:register(276)) - Sink prometheus already exists!
2019-10-15 04:01:20,317 [main] INFO  server.BaseHttpServer (BaseHttpServer.java:updateConnectorAddress(215)) - HTTP server of SCM is listening at http://0.0.0.0:33897
2019-10-15 04:01:20,318 [main] WARN  server.ServerUtils (ServerUtils.java:getDBPath(222)) - ozone.om.db.dirs is not configured. We recommend adding this setting. Falling back to ozone.metadata.dirs instead.
2019-10-15 04:01:20,319 [org.apache.hadoop.util.JvmPauseMonitor$Monitor@5a7b309b] INFO  util.JvmPauseMonitor (JvmPauseMonitor.java:run(188)) - Starting JVM pause monitor
2019-10-15 04:01:20,353 [main] INFO  ha.OMHANodeDetails (OMHANodeDetails.java:loadOMHAConfig(190)) - Configuration either no ozone.om.address set. Falling back to the default OM address /127.0.0.1:0
2019-10-15 04:01:20,354 [main] INFO  ha.OMHANodeDetails (OMHANodeDetails.java:getOMNodeDetails(220)) - OM Service ID is not set. Setting it to the default ID: omServiceIdDefault
2019-10-15 04:01:20,354 [main] WARN  server.ServerUtils (ServerUtils.java:getDBPath(222)) - ozone.om.db.dirs is not configured. We recommend adding this setting. Falling back to ozone.metadata.dirs instead.
2019-10-15 04:01:20,355 [main] WARN  server.ServerUtils (ServerUtils.java:getDBPath(222)) - ozone.om.db.dirs is not configured. We recommend adding this setting. Falling back to ozone.metadata.dirs instead.
2019-10-15 04:01:20,363 [main] WARN  server.ServerUtils (ServerUtils.java:getDBPath(222)) - ozone.om.db.dirs is not configured. We recommend adding this setting. Falling back to ozone.metadata.dirs instead.
2019-10-15 04:01:20,364 [main] INFO  db.DBStoreBuilder (DBStoreBuilder.java:addTable(117)) - using custom profile for table: userTable
2019-10-15 04:01:20,364 [main] INFO  db.DBStoreBuilder (DBStoreBuilder.java:processTables(168)) - Using default column profile:DBProfile.DISK for Table:userTable
2019-10-15 04:01:20,364 [main] INFO  db.DBStoreBuilder (DBStoreBuilder.java:addTable(117)) - using custom profile for table: volumeTable
2019-10-15 04:01:20,365 [main] INFO  db.DBStoreBuilder (DBStoreBuilder.java:processTables(168)) - Using default column profile:DBProfile.DISK for Table:volumeTable
2019-10-15 04:01:20,365 [main] INFO  db.DBStoreBuilder (DBStoreBuilder.java:addTable(117)) - using custom profile for table: bucketTable
2019-10-15 04:01:20,366 [main] INFO  db.DBStoreBuilder (DBStoreBuilder.java:processTables(168)) - Using default column profile:DBProfile.DISK for Table:bucketTable
2019-10-15 04:01:20,366 [main] INFO  db.DBStoreBuilder (DBStoreBuilder.java:addTable(117)) - using custom profile for table: keyTable
2019-10-15 04:01:20,366 [main] INFO  db.DBStoreBuilder (DBStoreBuilder.java:processTables(168)) - Using default column profile:DBProfile.DISK for Table:keyTable
2019-10-15 04:01:20,367 [main] INFO  db.DBStoreBuilder (DBStoreBuilder.java:addTable(117)) - using custom profile for table: deletedTable
2019-10-15 04:01:20,367 [main] INFO  db.DBStoreBuilder (DBStoreBuilder.java:processTables(168)) - Using default column profile:DBProfile.DISK for Table:deletedTable
2019-10-15 04:01:20,367 [main] INFO  db.DBStoreBuilder (DBStoreBuilder.java:addTable(117)) - using custom profile for table: openKeyTable
2019-10-15 04:01:20,367 [main] INFO  db.DBStoreBuilder (DBStoreBuilder.java:processTables(168)) - Using default column profile:DBProfile.DISK for Table:openKeyTable
2019-10-15 04:01:20,368 [main] INFO  db.DBStoreBuilder (DBStoreBuilder.java:addTable(117)) - using custom profile for table: s3Table
2019-10-15 04:01:20,368 [main] INFO  db.DBStoreBuilder (DBStoreBuilder.java:processTables(168)) - Using default column profile:DBProfile.DISK for Table:s3Table
2019-10-15 04:01:20,368 [main] INFO  db.DBStoreBuilder (DBStoreBuilder.java:addTable(117)) - using custom profile for table: multipartInfoTable
2019-10-15 04:01:20,368 [main] INFO  db.DBStoreBuilder (DBStoreBuilder.java:processTables(168)) - Using default column profile:DBProfile.DISK for Table:multipartInfoTable
2019-10-15 04:01:20,369 [main] INFO  db.DBStoreBuilder (DBStoreBuilder.java:addTable(117)) - using custom profile for table: dTokenTable
2019-10-15 04:01:20,369 [main] INFO  db.DBStoreBuilder (DBStoreBuilder.java:processTables(168)) - Using default column profile:DBProfile.DISK for Table:dTokenTable
2019-10-15 04:01:20,369 [main] INFO  db.DBStoreBuilder (DBStoreBuilder.java:addTable(117)) - using custom profile for table: s3SecretTable
2019-10-15 04:01:20,369 [main] INFO  db.DBStoreBuilder (DBStoreBuilder.java:processTables(168)) - Using default column profile:DBProfile.DISK for Table:s3SecretTable
2019-10-15 04:01:20,370 [main] INFO  db.DBStoreBuilder (DBStoreBuilder.java:addTable(117)) - using custom profile for table: prefixTable
2019-10-15 04:01:20,370 [main] INFO  db.DBStoreBuilder (DBStoreBuilder.java:processTables(168)) - Using default column profile:DBProfile.DISK for Table:prefixTable
2019-10-15 04:01:20,370 [main] INFO  db.DBStoreBuilder (DBStoreBuilder.java:addTable(117)) - using custom profile for table: default
2019-10-15 04:01:20,370 [main] INFO  db.DBStoreBuilder (DBStoreBuilder.java:processTables(174)) - Using default column profile:DBProfile.DISK for Table:default
2019-10-15 04:01:20,371 [main] INFO  db.DBStoreBuilder (DBStoreBuilder.java:getDbProfile(205)) - Using default options. DBProfile.DISK
2019-10-15 04:01:21,497 [main] INFO  ipc.CallQueueManager (CallQueueManager.java:<init>(84)) - Using callQueue: class java.util.concurrent.LinkedBlockingQueue, queueCapacity: 2000, scheduler: class org.apache.hadoop.ipc.DefaultRpcScheduler, ipcBackoff: false.
2019-10-15 04:01:21,497 [Socket Reader #1 for port 38603] INFO  ipc.Server (Server.java:run(1074)) - Starting Socket Reader #1 for port 38603
2019-10-15 04:01:21,512 [main] INFO  om.OzoneManager (OzoneManager.java:start(1071)) - OzoneManager RPC server is listening at localhost/127.0.0.1:38603
2019-10-15 04:01:21,512 [main] INFO  impl.MetricsSystemImpl (MetricsSystemImpl.java:init(158)) - OzoneManager metrics system started (again)
2019-10-15 04:01:21,513 [IPC Server Responder] INFO  ipc.Server (Server.java:run(1314)) - IPC Server Responder: starting
2019-10-15 04:01:21,514 [IPC Server listener on 38603] INFO  ipc.Server (Server.java:run(1153)) - IPC Server listener on 38603: starting
2019-10-15 04:01:21,519 [main] INFO  hdfs.DFSUtil (DFSUtil.java:httpServerTemplateForNNAndJN(1641)) - Starting Web-server for ozoneManager at: http://0.0.0.0:0
2019-10-15 04:01:21,521 [main] INFO  server.AuthenticationFilter (AuthenticationFilter.java:constructSecretProvider(240)) - Unable to initialize FileSignerSecretProvider, falling back to use random secrets.
2019-10-15 04:01:21,522 [main] WARN  http.HttpRequestLog (HttpRequestLog.java:getRequestLog(97)) - Jetty request log can only be enabled using Log4j
2019-10-15 04:01:21,524 [main] INFO  http.HttpServer2 (HttpServer2.java:addGlobalFilter(975)) - Added global filter 'safety' (class=org.apache.hadoop.http.HttpServer2$QuotingInputFilter)
2019-10-15 04:01:21,524 [main] INFO  http.HttpServer2 (HttpServer2.java:addFilter(948)) - Added filter static_user_filter (class=org.apache.hadoop.http.lib.StaticUserWebFilter$StaticUserFilter) to context ozoneManager
2019-10-15 04:01:21,524 [main] INFO  http.HttpServer2 (HttpServer2.java:addFilter(958)) - Added filter static_user_filter (class=org.apache.hadoop.http.lib.StaticUserWebFilter$StaticUserFilter) to context logs
2019-10-15 04:01:21,524 [main] INFO  http.HttpServer2 (HttpServer2.java:addFilter(958)) - Added filter static_user_filter (class=org.apache.hadoop.http.lib.StaticUserWebFilter$StaticUserFilter) to context static
2019-10-15 04:01:21,525 [main] INFO  http.HttpServer2 (HttpServer2.java:bindListener(1191)) - Jetty bound to port 39874
2019-10-15 04:01:21,526 [main] INFO  server.Server (Server.java:doStart(351)) - jetty-9.3.25.v20180904, build timestamp: 2018-09-04T21:11:46Z, git hash: 3ce520221d0240229c862b122d2b06c12a625732
2019-10-15 04:01:21,527 [main] INFO  handler.ContextHandler (ContextHandler.java:doStart(781)) - Started o.e.j.s.ServletContextHandler@52ba685a{/logs,file:///workdir/hadoop-ozone/integration-test/target/log,AVAILABLE}
2019-10-15 04:01:21,528 [main] INFO  handler.ContextHandler (ContextHandler.java:doStart(781)) - Started o.e.j.s.ServletContextHandler@71d55b7e{/static,file:///workdir/hadoop-ozone/integration-test/target/test-classes/webapps/static,AVAILABLE}
2019-10-15 04:01:21,532 [main] INFO  handler.ContextHandler (ContextHandler.java:doStart(781)) - Started o.e.j.w.WebAppContext@2c48cede{/,file:///workdir/hadoop-ozone/integration-test/target/test-classes/webapps/ozoneManager/,AVAILABLE}{/ozoneManager}
2019-10-15 04:01:21,533 [main] INFO  server.AbstractConnector (AbstractConnector.java:doStart(278)) - Started ServerConnector@39c87b42{HTTP/1.1,[http/1.1]}{0.0.0.0:39874}
2019-10-15 04:01:21,534 [main] INFO  server.Server (Server.java:doStart(419)) - Started @594650ms
2019-10-15 04:01:21,534 [main] WARN  impl.MetricsSystemImpl (MetricsSystemImpl.java:register(276)) - Sink prometheus already exists!
2019-10-15 04:01:21,535 [main] INFO  server.BaseHttpServer (BaseHttpServer.java:updateConnectorAddress(215)) - HTTP server of OZONEMANAGER is listening at http://0.0.0.0:39874
2019-10-15 04:01:21,552 [main] INFO  impl.MetricsSystemImpl (MetricsSystemImpl.java:init(158)) - HddsDatanode metrics system started (again)
2019-10-15 04:01:21,557 [main] INFO  ozone.HddsDatanodeService (HddsDatanodeService.java:start(184)) - HddsDatanodeService host:pr-hdds-2194-gpqhj-1713016619 ip:192.168.151.112
2019-10-15 04:01:21,563 [main] INFO  volume.HddsVolume (HddsVolume.java:<init>(176)) - Creating Volume: /workdir/hadoop-ozone/integration-test/target/test-dir/MiniOzoneClusterImpl-db17e535-db34-411d-81ae-c2250ad617e5/datanode-0/data/containers/hdds of  storage type : DISK and capacity : 1482555576320
2019-10-15 04:01:21,564 [main] INFO  volume.VolumeSet (VolumeSet.java:initializeVolumeSet(170)) - Added Volume : /workdir/hadoop-ozone/integration-test/target/test-dir/MiniOzoneClusterImpl-db17e535-db34-411d-81ae-c2250ad617e5/datanode-0/data/containers/hdds to VolumeSet
2019-10-15 04:01:21,564 [main] INFO  volume.ThrottledAsyncChecker (ThrottledAsyncChecker.java:schedule(141)) - Scheduling a check for org.apache.hadoop.ozone.container.common.volume.HddsVolume@6650a6c
2019-10-15 04:01:21,565 [main] INFO  volume.HddsVolumeChecker (HddsVolumeChecker.java:checkAllVolumes(204)) - Scheduled health check for volume org.apache.hadoop.ozone.container.common.volume.HddsVolume@6650a6c
2019-10-15 04:01:21,586 [main] INFO  impl.RaftServerProxy (ConfUtils.java:logGet(43)) - raft.rpc.type = GRPC (default)
2019-10-15 04:01:21,587 [main] INFO  grpc.GrpcFactory (GrpcFactory.java:checkPooledByteBufAllocatorUseCacheForAllThreads(45)) - PERFORMANCE WARNING: useCacheForAllThreads is true that may cause Netty to create a lot garbage objects and, as a result, trigger GC.
	It is recommended to disable useCacheForAllThreads by setting -Dorg.apache.ratis.thirdparty.io.netty.allocator.useCacheForAllThreads=false in command line.
2019-10-15 04:01:21,587 [main] INFO  grpc.GrpcConfigKeys$Server (ConfUtils.java:logGet(43)) - raft.grpc.server.port = 0 (default)
2019-10-15 04:01:21,587 [main] INFO  server.GrpcService (ConfUtils.java:logGet(43)) - raft.grpc.message.size.max = 33570816 (custom)
2019-10-15 04:01:21,588 [main] INFO  server.RaftServerConfigKeys (ConfUtils.java:logGet(43)) - raft.server.log.appender.buffer.byte-limit = 33554432 (custom)
2019-10-15 04:01:21,588 [main] INFO  server.GrpcService (ConfUtils.java:logGet(43)) - raft.grpc.flow.control.window = 1MB (=1048576) (default)
2019-10-15 04:01:21,588 [main] INFO  server.RaftServerConfigKeys (ConfUtils.java:logGet(43)) - raft.server.rpc.request.timeout = 3000ms (default)
2019-10-15 04:01:21,589 [main] INFO  server.RaftServerConfigKeys (ConfUtils.java:logGet(43)) - raft.server.storage.dir = [/workdir/hadoop-ozone/integration-test/target/test-dir/MiniOzoneClusterImpl-db17e535-db34-411d-81ae-c2250ad617e5/datanode-0/data/ratis] (custom)
2019-10-15 04:01:21,591 [main] INFO  hdfs.DFSUtil (DFSUtil.java:httpServerTemplateForNNAndJN(1641)) - Starting Web-server for hddsDatanode at: http://0.0.0.0:0
2019-10-15 04:01:21,593 [main] INFO  server.AuthenticationFilter (AuthenticationFilter.java:constructSecretProvider(240)) - Unable to initialize FileSignerSecretProvider, falling back to use random secrets.
2019-10-15 04:01:21,593 [main] WARN  http.HttpRequestLog (HttpRequestLog.java:getRequestLog(97)) - Jetty request log can only be enabled using Log4j
2019-10-15 04:01:21,595 [main] INFO  http.HttpServer2 (HttpServer2.java:addGlobalFilter(975)) - Added global filter 'safety' (class=org.apache.hadoop.http.HttpServer2$QuotingInputFilter)
2019-10-15 04:01:21,596 [main] INFO  http.HttpServer2 (HttpServer2.java:addFilter(948)) - Added filter static_user_filter (class=org.apache.hadoop.http.lib.StaticUserWebFilter$StaticUserFilter) to context hddsDatanode
2019-10-15 04:01:21,596 [main] INFO  http.HttpServer2 (HttpServer2.java:addFilter(958)) - Added filter static_user_filter (class=org.apache.hadoop.http.lib.StaticUserWebFilter$StaticUserFilter) to context static
2019-10-15 04:01:21,596 [main] INFO  http.HttpServer2 (HttpServer2.java:addFilter(958)) - Added filter static_user_filter (class=org.apache.hadoop.http.lib.StaticUserWebFilter$StaticUserFilter) to context logs
2019-10-15 04:01:21,597 [main] INFO  http.HttpServer2 (HttpServer2.java:bindListener(1191)) - Jetty bound to port 33952
2019-10-15 04:01:21,597 [main] INFO  server.Server (Server.java:doStart(351)) - jetty-9.3.25.v20180904, build timestamp: 2018-09-04T21:11:46Z, git hash: 3ce520221d0240229c862b122d2b06c12a625732
2019-10-15 04:01:21,599 [main] INFO  handler.ContextHandler (ContextHandler.java:doStart(781)) - Started o.e.j.s.ServletContextHandler@68dfda77{/logs,file:///workdir/hadoop-ozone/integration-test/target/log,AVAILABLE}
2019-10-15 04:01:21,600 [main] INFO  handler.ContextHandler (ContextHandler.java:doStart(781)) - Started o.e.j.s.ServletContextHandler@2e952845{/static,jar:file:/home/user/.m2/repository/org/apache/hadoop/hadoop-hdds-container-service/0.5.0-SNAPSHOT/hadoop-hdds-container-service-0.5.0-SNAPSHOT.jar!/webapps/static,AVAILABLE}
2019-10-15 04:01:21,640 [main] INFO  handler.ContextHandler (ContextHandler.java:doStart(781)) - Started o.e.j.w.WebAppContext@5ca4dce5{/,file:///tmp/jetty-0.0.0.0-33952-hddsDatanode-_-any-432602564993103022.dir/webapp/,AVAILABLE}{/hddsDatanode}
2019-10-15 04:01:21,641 [main] INFO  server.AbstractConnector (AbstractConnector.java:doStart(278)) - Started ServerConnector@1291aab5{HTTP/1.1,[http/1.1]}{0.0.0.0:33952}
2019-10-15 04:01:21,641 [main] INFO  server.Server (Server.java:doStart(419)) - Started @594757ms
2019-10-15 04:01:21,643 [main] WARN  impl.MetricsSystemImpl (MetricsSystemImpl.java:register(276)) - Sink prometheus already exists!
2019-10-15 04:01:21,644 [main] INFO  server.BaseHttpServer (BaseHttpServer.java:updateConnectorAddress(215)) - HTTP server of HDDSDATANODE is listening at http://0.0.0.0:33952
2019-10-15 04:01:21,644 [main] INFO  impl.MetricsSystemImpl (MetricsSystemImpl.java:init(158)) - HddsDatanode metrics system started (again)
2019-10-15 04:01:21,649 [org.apache.hadoop.util.JvmPauseMonitor$Monitor@3fa51b8] INFO  util.JvmPauseMonitor (JvmPauseMonitor.java:run(188)) - Starting JVM pause monitor
2019-10-15 04:01:21,649 [main] INFO  ozone.HddsDatanodeService (HddsDatanodeService.java:start(184)) - HddsDatanodeService host:pr-hdds-2194-gpqhj-1713016619 ip:192.168.151.112
2019-10-15 04:01:21,651 [Datanode State Machine Thread - 0] INFO  datanode.InitDatanodeState (InitDatanodeState.java:persistContainerDatanodeDetails(140)) - DatanodeDetails is persisted to /workdir/hadoop-ozone/integration-test/target/test-dir/MiniOzoneClusterImpl-db17e535-db34-411d-81ae-c2250ad617e5/datanode-0/meta/datanode.id
2019-10-15 04:01:21,656 [main] INFO  volume.HddsVolume (HddsVolume.java:<init>(176)) - Creating Volume: /workdir/hadoop-ozone/integration-test/target/test-dir/MiniOzoneClusterImpl-db17e535-db34-411d-81ae-c2250ad617e5/datanode-1/data/containers/hdds of  storage type : DISK and capacity : 1482555576320
2019-10-15 04:01:21,657 [main] INFO  volume.VolumeSet (VolumeSet.java:initializeVolumeSet(170)) - Added Volume : /workdir/hadoop-ozone/integration-test/target/test-dir/MiniOzoneClusterImpl-db17e535-db34-411d-81ae-c2250ad617e5/datanode-1/data/containers/hdds to VolumeSet
2019-10-15 04:01:21,657 [main] INFO  volume.ThrottledAsyncChecker (ThrottledAsyncChecker.java:schedule(141)) - Scheduling a check for org.apache.hadoop.ozone.container.common.volume.HddsVolume@124eb83d
2019-10-15 04:01:21,657 [main] INFO  volume.HddsVolumeChecker (HddsVolumeChecker.java:checkAllVolumes(204)) - Scheduled health check for volume org.apache.hadoop.ozone.container.common.volume.HddsVolume@124eb83d
2019-10-15 04:01:21,674 [main] INFO  impl.RaftServerProxy (ConfUtils.java:logGet(43)) - raft.rpc.type = GRPC (default)
2019-10-15 04:01:21,675 [main] INFO  grpc.GrpcFactory (GrpcFactory.java:checkPooledByteBufAllocatorUseCacheForAllThreads(45)) - PERFORMANCE WARNING: useCacheForAllThreads is true that may cause Netty to create a lot garbage objects and, as a result, trigger GC.
	It is recommended to disable useCacheForAllThreads by setting -Dorg.apache.ratis.thirdparty.io.netty.allocator.useCacheForAllThreads=false in command line.
2019-10-15 04:01:21,675 [main] INFO  grpc.GrpcConfigKeys$Server (ConfUtils.java:logGet(43)) - raft.grpc.server.port = 0 (default)
2019-10-15 04:01:21,675 [main] INFO  server.GrpcService (ConfUtils.java:logGet(43)) - raft.grpc.message.size.max = 33570816 (custom)
2019-10-15 04:01:21,676 [main] INFO  server.RaftServerConfigKeys (ConfUtils.java:logGet(43)) - raft.server.log.appender.buffer.byte-limit = 33554432 (custom)
2019-10-15 04:01:21,676 [main] INFO  server.GrpcService (ConfUtils.java:logGet(43)) - raft.grpc.flow.control.window = 1MB (=1048576) (default)
2019-10-15 04:01:21,676 [main] INFO  server.RaftServerConfigKeys (ConfUtils.java:logGet(43)) - raft.server.rpc.request.timeout = 3000ms (default)
2019-10-15 04:01:21,677 [main] INFO  server.RaftServerConfigKeys (ConfUtils.java:logGet(43)) - raft.server.storage.dir = [/workdir/hadoop-ozone/integration-test/target/test-dir/MiniOzoneClusterImpl-db17e535-db34-411d-81ae-c2250ad617e5/datanode-1/data/ratis] (custom)
2019-10-15 04:01:21,678 [main] INFO  hdfs.DFSUtil (DFSUtil.java:httpServerTemplateForNNAndJN(1641)) - Starting Web-server for hddsDatanode at: http://0.0.0.0:0
2019-10-15 04:01:21,680 [main] INFO  server.AuthenticationFilter (AuthenticationFilter.java:constructSecretProvider(240)) - Unable to initialize FileSignerSecretProvider, falling back to use random secrets.
2019-10-15 04:01:21,680 [main] WARN  http.HttpRequestLog (HttpRequestLog.java:getRequestLog(97)) - Jetty request log can only be enabled using Log4j
2019-10-15 04:01:21,682 [main] INFO  http.HttpServer2 (HttpServer2.java:addGlobalFilter(975)) - Added global filter 'safety' (class=org.apache.hadoop.http.HttpServer2$QuotingInputFilter)
2019-10-15 04:01:21,683 [main] INFO  http.HttpServer2 (HttpServer2.java:addFilter(948)) - Added filter static_user_filter (class=org.apache.hadoop.http.lib.StaticUserWebFilter$StaticUserFilter) to context hddsDatanode
2019-10-15 04:01:21,683 [main] INFO  http.HttpServer2 (HttpServer2.java:addFilter(958)) - Added filter static_user_filter (class=org.apache.hadoop.http.lib.StaticUserWebFilter$StaticUserFilter) to context logs
2019-10-15 04:01:21,683 [main] INFO  http.HttpServer2 (HttpServer2.java:addFilter(958)) - Added filter static_user_filter (class=org.apache.hadoop.http.lib.StaticUserWebFilter$StaticUserFilter) to context static
2019-10-15 04:01:21,684 [main] INFO  http.HttpServer2 (HttpServer2.java:bindListener(1191)) - Jetty bound to port 32903
2019-10-15 04:01:21,684 [main] INFO  server.Server (Server.java:doStart(351)) - jetty-9.3.25.v20180904, build timestamp: 2018-09-04T21:11:46Z, git hash: 3ce520221d0240229c862b122d2b06c12a625732
2019-10-15 04:01:21,686 [main] INFO  handler.ContextHandler (ContextHandler.java:doStart(781)) - Started o.e.j.s.ServletContextHandler@7841bd30{/logs,file:///workdir/hadoop-ozone/integration-test/target/log,AVAILABLE}
2019-10-15 04:01:21,686 [main] INFO  handler.ContextHandler (ContextHandler.java:doStart(781)) - Started o.e.j.s.ServletContextHandler@7bd38fed{/static,jar:file:/home/user/.m2/repository/org/apache/hadoop/hadoop-hdds-container-service/0.5.0-SNAPSHOT/hadoop-hdds-container-service-0.5.0-SNAPSHOT.jar!/webapps/static,AVAILABLE}
2019-10-15 04:01:21,728 [main] INFO  handler.ContextHandler (ContextHandler.java:doStart(781)) - Started o.e.j.w.WebAppContext@7364f68{/,file:///tmp/jetty-0.0.0.0-32903-hddsDatanode-_-any-2821072337448715312.dir/webapp/,AVAILABLE}{/hddsDatanode}
2019-10-15 04:01:21,729 [main] INFO  server.AbstractConnector (AbstractConnector.java:doStart(278)) - Started ServerConnector@55a0f011{HTTP/1.1,[http/1.1]}{0.0.0.0:32903}
2019-10-15 04:01:21,730 [main] INFO  server.Server (Server.java:doStart(419)) - Started @594847ms
2019-10-15 04:01:21,730 [main] WARN  impl.MetricsSystemImpl (MetricsSystemImpl.java:register(276)) - Sink prometheus already exists!
2019-10-15 04:01:21,731 [main] INFO  server.BaseHttpServer (BaseHttpServer.java:updateConnectorAddress(215)) - HTTP server of HDDSDATANODE is listening at http://0.0.0.0:32903
2019-10-15 04:01:21,732 [main] INFO  impl.MetricsSystemImpl (MetricsSystemImpl.java:init(158)) - HddsDatanode metrics system started (again)
2019-10-15 04:01:21,736 [org.apache.hadoop.util.JvmPauseMonitor$Monitor@5c71bbcd] INFO  util.JvmPauseMonitor (JvmPauseMonitor.java:run(188)) - Starting JVM pause monitor
2019-10-15 04:01:21,737 [main] INFO  ozone.HddsDatanodeService (HddsDatanodeService.java:start(184)) - HddsDatanodeService host:pr-hdds-2194-gpqhj-1713016619 ip:192.168.151.112
2019-10-15 04:01:21,738 [Datanode State Machine Thread - 0] INFO  datanode.InitDatanodeState (InitDatanodeState.java:persistContainerDatanodeDetails(140)) - DatanodeDetails is persisted to /workdir/hadoop-ozone/integration-test/target/test-dir/MiniOzoneClusterImpl-db17e535-db34-411d-81ae-c2250ad617e5/datanode-1/meta/datanode.id
2019-10-15 04:01:21,744 [main] INFO  volume.HddsVolume (HddsVolume.java:<init>(176)) - Creating Volume: /workdir/hadoop-ozone/integration-test/target/test-dir/MiniOzoneClusterImpl-db17e535-db34-411d-81ae-c2250ad617e5/datanode-2/data/containers/hdds of  storage type : DISK and capacity : 1482555576320
2019-10-15 04:01:21,744 [main] INFO  volume.VolumeSet (VolumeSet.java:initializeVolumeSet(170)) - Added Volume : /workdir/hadoop-ozone/integration-test/target/test-dir/MiniOzoneClusterImpl-db17e535-db34-411d-81ae-c2250ad617e5/datanode-2/data/containers/hdds to VolumeSet
2019-10-15 04:01:21,745 [main] INFO  volume.ThrottledAsyncChecker (ThrottledAsyncChecker.java:schedule(141)) - Scheduling a check for org.apache.hadoop.ozone.container.common.volume.HddsVolume@3e43f049
2019-10-15 04:01:21,745 [main] INFO  volume.HddsVolumeChecker (HddsVolumeChecker.java:checkAllVolumes(204)) - Scheduled health check for volume org.apache.hadoop.ozone.container.common.volume.HddsVolume@3e43f049
2019-10-15 04:01:21,762 [main] INFO  impl.RaftServerProxy (ConfUtils.java:logGet(43)) - raft.rpc.type = GRPC (default)
2019-10-15 04:01:21,763 [main] INFO  grpc.GrpcFactory (GrpcFactory.java:checkPooledByteBufAllocatorUseCacheForAllThreads(45)) - PERFORMANCE WARNING: useCacheForAllThreads is true that may cause Netty to create a lot garbage objects and, as a result, trigger GC.
	It is recommended to disable useCacheForAllThreads by setting -Dorg.apache.ratis.thirdparty.io.netty.allocator.useCacheForAllThreads=false in command line.
2019-10-15 04:01:21,763 [main] INFO  grpc.GrpcConfigKeys$Server (ConfUtils.java:logGet(43)) - raft.grpc.server.port = 0 (default)
2019-10-15 04:01:21,763 [main] INFO  server.GrpcService (ConfUtils.java:logGet(43)) - raft.grpc.message.size.max = 33570816 (custom)
2019-10-15 04:01:21,763 [main] INFO  server.RaftServerConfigKeys (ConfUtils.java:logGet(43)) - raft.server.log.appender.buffer.byte-limit = 33554432 (custom)
2019-10-15 04:01:21,764 [main] INFO  server.GrpcService (ConfUtils.java:logGet(43)) - raft.grpc.flow.control.window = 1MB (=1048576) (default)
2019-10-15 04:01:21,764 [main] INFO  server.RaftServerConfigKeys (ConfUtils.java:logGet(43)) - raft.server.rpc.request.timeout = 3000ms (default)
2019-10-15 04:01:21,764 [main] INFO  server.RaftServerConfigKeys (ConfUtils.java:logGet(43)) - raft.server.storage.dir = [/workdir/hadoop-ozone/integration-test/target/test-dir/MiniOzoneClusterImpl-db17e535-db34-411d-81ae-c2250ad617e5/datanode-2/data/ratis] (custom)
2019-10-15 04:01:21,766 [main] INFO  hdfs.DFSUtil (DFSUtil.java:httpServerTemplateForNNAndJN(1641)) - Starting Web-server for hddsDatanode at: http://0.0.0.0:0
2019-10-15 04:01:21,767 [main] INFO  server.AuthenticationFilter (AuthenticationFilter.java:constructSecretProvider(240)) - Unable to initialize FileSignerSecretProvider, falling back to use random secrets.
2019-10-15 04:01:21,768 [main] WARN  http.HttpRequestLog (HttpRequestLog.java:getRequestLog(97)) - Jetty request log can only be enabled using Log4j
2019-10-15 04:01:21,770 [main] INFO  http.HttpServer2 (HttpServer2.java:addGlobalFilter(975)) - Added global filter 'safety' (class=org.apache.hadoop.http.HttpServer2$QuotingInputFilter)
2019-10-15 04:01:21,770 [main] INFO  http.HttpServer2 (HttpServer2.java:addFilter(948)) - Added filter static_user_filter (class=org.apache.hadoop.http.lib.StaticUserWebFilter$StaticUserFilter) to context hddsDatanode
2019-10-15 04:01:21,771 [main] INFO  http.HttpServer2 (HttpServer2.java:addFilter(958)) - Added filter static_user_filter (class=org.apache.hadoop.http.lib.StaticUserWebFilter$StaticUserFilter) to context logs
2019-10-15 04:01:21,771 [main] INFO  http.HttpServer2 (HttpServer2.java:addFilter(958)) - Added filter static_user_filter (class=org.apache.hadoop.http.lib.StaticUserWebFilter$StaticUserFilter) to context static
2019-10-15 04:01:21,772 [main] INFO  http.HttpServer2 (HttpServer2.java:bindListener(1191)) - Jetty bound to port 41876
2019-10-15 04:01:21,772 [main] INFO  server.Server (Server.java:doStart(351)) - jetty-9.3.25.v20180904, build timestamp: 2018-09-04T21:11:46Z, git hash: 3ce520221d0240229c862b122d2b06c12a625732
2019-10-15 04:01:21,774 [main] INFO  handler.ContextHandler (ContextHandler.java:doStart(781)) - Started o.e.j.s.ServletContextHandler@3f048c86{/logs,file:///workdir/hadoop-ozone/integration-test/target/log,AVAILABLE}
2019-10-15 04:01:21,774 [main] INFO  handler.ContextHandler (ContextHandler.java:doStart(781)) - Started o.e.j.s.ServletContextHandler@1de13f34{/static,jar:file:/home/user/.m2/repository/org/apache/hadoop/hadoop-hdds-container-service/0.5.0-SNAPSHOT/hadoop-hdds-container-service-0.5.0-SNAPSHOT.jar!/webapps/static,AVAILABLE}
2019-10-15 04:01:21,818 [main] INFO  handler.ContextHandler (ContextHandler.java:doStart(781)) - Started o.e.j.w.WebAppContext@935493d{/,file:///tmp/jetty-0.0.0.0-41876-hddsDatanode-_-any-5829901758262026002.dir/webapp/,AVAILABLE}{/hddsDatanode}
2019-10-15 04:01:21,819 [main] INFO  server.AbstractConnector (AbstractConnector.java:doStart(278)) - Started ServerConnector@9b367c8{HTTP/1.1,[http/1.1]}{0.0.0.0:41876}
2019-10-15 04:01:21,821 [main] INFO  server.Server (Server.java:doStart(419)) - Started @594937ms
2019-10-15 04:01:21,821 [main] WARN  impl.MetricsSystemImpl (MetricsSystemImpl.java:register(276)) - Sink prometheus already exists!
2019-10-15 04:01:21,822 [main] INFO  server.BaseHttpServer (BaseHttpServer.java:updateConnectorAddress(215)) - HTTP server of HDDSDATANODE is listening at http://0.0.0.0:41876
2019-10-15 04:01:21,822 [main] INFO  impl.MetricsSystemImpl (MetricsSystemImpl.java:init(158)) - HddsDatanode metrics system started (again)
2019-10-15 04:01:21,827 [org.apache.hadoop.util.JvmPauseMonitor$Monitor@2a49ffd5] INFO  util.JvmPauseMonitor (JvmPauseMonitor.java:run(188)) - Starting JVM pause monitor
2019-10-15 04:01:21,828 [main] INFO  ozone.HddsDatanodeService (HddsDatanodeService.java:start(184)) - HddsDatanodeService host:pr-hdds-2194-gpqhj-1713016619 ip:192.168.151.112
2019-10-15 04:01:21,828 [Datanode State Machine Thread - 0] INFO  datanode.InitDatanodeState (InitDatanodeState.java:persistContainerDatanodeDetails(140)) - DatanodeDetails is persisted to /workdir/hadoop-ozone/integration-test/target/test-dir/MiniOzoneClusterImpl-db17e535-db34-411d-81ae-c2250ad617e5/datanode-2/meta/datanode.id
2019-10-15 04:01:21,834 [main] INFO  volume.HddsVolume (HddsVolume.java:<init>(176)) - Creating Volume: /workdir/hadoop-ozone/integration-test/target/test-dir/MiniOzoneClusterImpl-db17e535-db34-411d-81ae-c2250ad617e5/datanode-3/data/containers/hdds of  storage type : DISK and capacity : 1482555576320
2019-10-15 04:01:21,835 [main] INFO  volume.VolumeSet (VolumeSet.java:initializeVolumeSet(170)) - Added Volume : /workdir/hadoop-ozone/integration-test/target/test-dir/MiniOzoneClusterImpl-db17e535-db34-411d-81ae-c2250ad617e5/datanode-3/data/containers/hdds to VolumeSet
2019-10-15 04:01:21,835 [main] INFO  volume.ThrottledAsyncChecker (ThrottledAsyncChecker.java:schedule(141)) - Scheduling a check for org.apache.hadoop.ozone.container.common.volume.HddsVolume@4c4c7d6c
2019-10-15 04:01:21,835 [main] INFO  volume.HddsVolumeChecker (HddsVolumeChecker.java:checkAllVolumes(204)) - Scheduled health check for volume org.apache.hadoop.ozone.container.common.volume.HddsVolume@4c4c7d6c
2019-10-15 04:01:21,850 [main] INFO  impl.RaftServerProxy (ConfUtils.java:logGet(43)) - raft.rpc.type = GRPC (default)
2019-10-15 04:01:21,850 [main] INFO  grpc.GrpcFactory (GrpcFactory.java:checkPooledByteBufAllocatorUseCacheForAllThreads(45)) - PERFORMANCE WARNING: useCacheForAllThreads is true that may cause Netty to create a lot garbage objects and, as a result, trigger GC.
	It is recommended to disable useCacheForAllThreads by setting -Dorg.apache.ratis.thirdparty.io.netty.allocator.useCacheForAllThreads=false in command line.
2019-10-15 04:01:21,850 [main] INFO  grpc.GrpcConfigKeys$Server (ConfUtils.java:logGet(43)) - raft.grpc.server.port = 0 (default)
2019-10-15 04:01:21,851 [main] INFO  server.GrpcService (ConfUtils.java:logGet(43)) - raft.grpc.message.size.max = 33570816 (custom)
2019-10-15 04:01:21,851 [main] INFO  server.RaftServerConfigKeys (ConfUtils.java:logGet(43)) - raft.server.log.appender.buffer.byte-limit = 33554432 (custom)
2019-10-15 04:01:21,851 [main] INFO  server.GrpcService (ConfUtils.java:logGet(43)) - raft.grpc.flow.control.window = 1MB (=1048576) (default)
2019-10-15 04:01:21,851 [main] INFO  server.RaftServerConfigKeys (ConfUtils.java:logGet(43)) - raft.server.rpc.request.timeout = 3000ms (default)
2019-10-15 04:01:21,852 [main] INFO  server.RaftServerConfigKeys (ConfUtils.java:logGet(43)) - raft.server.storage.dir = [/workdir/hadoop-ozone/integration-test/target/test-dir/MiniOzoneClusterImpl-db17e535-db34-411d-81ae-c2250ad617e5/datanode-3/data/ratis] (custom)
2019-10-15 04:01:21,854 [main] INFO  hdfs.DFSUtil (DFSUtil.java:httpServerTemplateForNNAndJN(1641)) - Starting Web-server for hddsDatanode at: http://0.0.0.0:0
2019-10-15 04:01:21,855 [main] INFO  server.AuthenticationFilter (AuthenticationFilter.java:constructSecretProvider(240)) - Unable to initialize FileSignerSecretProvider, falling back to use random secrets.
2019-10-15 04:01:21,856 [main] WARN  http.HttpRequestLog (HttpRequestLog.java:getRequestLog(97)) - Jetty request log can only be enabled using Log4j
2019-10-15 04:01:21,857 [main] INFO  http.HttpServer2 (HttpServer2.java:addGlobalFilter(975)) - Added global filter 'safety' (class=org.apache.hadoop.http.HttpServer2$QuotingInputFilter)
2019-10-15 04:01:21,858 [main] INFO  http.HttpServer2 (HttpServer2.java:addFilter(948)) - Added filter static_user_filter (class=org.apache.hadoop.http.lib.StaticUserWebFilter$StaticUserFilter) to context hddsDatanode
2019-10-15 04:01:21,858 [main] INFO  http.HttpServer2 (HttpServer2.java:addFilter(958)) - Added filter static_user_filter (class=org.apache.hadoop.http.lib.StaticUserWebFilter$StaticUserFilter) to context logs
2019-10-15 04:01:21,859 [main] INFO  http.HttpServer2 (HttpServer2.java:addFilter(958)) - Added filter static_user_filter (class=org.apache.hadoop.http.lib.StaticUserWebFilter$StaticUserFilter) to context static
2019-10-15 04:01:21,859 [main] INFO  http.HttpServer2 (HttpServer2.java:bindListener(1191)) - Jetty bound to port 34944
2019-10-15 04:01:21,860 [main] INFO  server.Server (Server.java:doStart(351)) - jetty-9.3.25.v20180904, build timestamp: 2018-09-04T21:11:46Z, git hash: 3ce520221d0240229c862b122d2b06c12a625732
2019-10-15 04:01:21,861 [main] INFO  handler.ContextHandler (ContextHandler.java:doStart(781)) - Started o.e.j.s.ServletContextHandler@1e495414{/logs,file:///workdir/hadoop-ozone/integration-test/target/log,AVAILABLE}
2019-10-15 04:01:21,862 [main] INFO  handler.ContextHandler (ContextHandler.java:doStart(781)) - Started o.e.j.s.ServletContextHandler@33e3bd2e{/static,jar:file:/home/user/.m2/repository/org/apache/hadoop/hadoop-hdds-container-service/0.5.0-SNAPSHOT/hadoop-hdds-container-service-0.5.0-SNAPSHOT.jar!/webapps/static,AVAILABLE}
2019-10-15 04:01:21,900 [main] INFO  handler.ContextHandler (ContextHandler.java:doStart(781)) - Started o.e.j.w.WebAppContext@7d50f2a8{/,file:///tmp/jetty-0.0.0.0-34944-hddsDatanode-_-any-3426751708403278141.dir/webapp/,AVAILABLE}{/hddsDatanode}
2019-10-15 04:01:21,900 [main] INFO  server.AbstractConnector (AbstractConnector.java:doStart(278)) - Started ServerConnector@5864e8bf{HTTP/1.1,[http/1.1]}{0.0.0.0:34944}
2019-10-15 04:01:21,902 [main] INFO  server.Server (Server.java:doStart(419)) - Started @595019ms
2019-10-15 04:01:21,903 [main] WARN  impl.MetricsSystemImpl (MetricsSystemImpl.java:register(276)) - Sink prometheus already exists!
2019-10-15 04:01:21,903 [main] INFO  server.BaseHttpServer (BaseHttpServer.java:updateConnectorAddress(215)) - HTTP server of HDDSDATANODE is listening at http://0.0.0.0:34944
2019-10-15 04:01:21,904 [main] INFO  impl.MetricsSystemImpl (MetricsSystemImpl.java:init(158)) - HddsDatanode metrics system started (again)
2019-10-15 04:01:21,910 [org.apache.hadoop.util.JvmPauseMonitor$Monitor@55b9340f] INFO  util.JvmPauseMonitor (JvmPauseMonitor.java:run(188)) - Starting JVM pause monitor
2019-10-15 04:01:21,911 [Datanode State Machine Thread - 0] INFO  datanode.InitDatanodeState (InitDatanodeState.java:persistContainerDatanodeDetails(140)) - DatanodeDetails is persisted to /workdir/hadoop-ozone/integration-test/target/test-dir/MiniOzoneClusterImpl-db17e535-db34-411d-81ae-c2250ad617e5/datanode-3/meta/datanode.id
2019-10-15 04:01:21,911 [main] INFO  ozone.HddsDatanodeService (HddsDatanodeService.java:start(184)) - HddsDatanodeService host:pr-hdds-2194-gpqhj-1713016619 ip:192.168.151.112
2019-10-15 04:01:21,919 [main] INFO  volume.HddsVolume (HddsVolume.java:<init>(176)) - Creating Volume: /workdir/hadoop-ozone/integration-test/target/test-dir/MiniOzoneClusterImpl-db17e535-db34-411d-81ae-c2250ad617e5/datanode-4/data/containers/hdds of  storage type : DISK and capacity : 1482555576320
2019-10-15 04:01:21,919 [main] INFO  volume.VolumeSet (VolumeSet.java:initializeVolumeSet(170)) - Added Volume : /workdir/hadoop-ozone/integration-test/target/test-dir/MiniOzoneClusterImpl-db17e535-db34-411d-81ae-c2250ad617e5/datanode-4/data/containers/hdds to VolumeSet
2019-10-15 04:01:21,919 [main] INFO  volume.ThrottledAsyncChecker (ThrottledAsyncChecker.java:schedule(141)) - Scheduling a check for org.apache.hadoop.ozone.container.common.volume.HddsVolume@4ee8051c
2019-10-15 04:01:21,920 [main] INFO  volume.HddsVolumeChecker (HddsVolumeChecker.java:checkAllVolumes(204)) - Scheduled health check for volume org.apache.hadoop.ozone.container.common.volume.HddsVolume@4ee8051c
2019-10-15 04:01:21,937 [main] INFO  impl.RaftServerProxy (ConfUtils.java:logGet(43)) - raft.rpc.type = GRPC (default)
2019-10-15 04:01:21,938 [main] INFO  grpc.GrpcFactory (GrpcFactory.java:checkPooledByteBufAllocatorUseCacheForAllThreads(45)) - PERFORMANCE WARNING: useCacheForAllThreads is true that may cause Netty to create a lot garbage objects and, as a result, trigger GC.
	It is recommended to disable useCacheForAllThreads by setting -Dorg.apache.ratis.thirdparty.io.netty.allocator.useCacheForAllThreads=false in command line.
2019-10-15 04:01:21,938 [main] INFO  grpc.GrpcConfigKeys$Server (ConfUtils.java:logGet(43)) - raft.grpc.server.port = 0 (default)
2019-10-15 04:01:21,938 [main] INFO  server.GrpcService (ConfUtils.java:logGet(43)) - raft.grpc.message.size.max = 33570816 (custom)
2019-10-15 04:01:21,938 [main] INFO  server.RaftServerConfigKeys (ConfUtils.java:logGet(43)) - raft.server.log.appender.buffer.byte-limit = 33554432 (custom)
2019-10-15 04:01:21,939 [main] INFO  server.GrpcService (ConfUtils.java:logGet(43)) - raft.grpc.flow.control.window = 1MB (=1048576) (default)
2019-10-15 04:01:21,939 [main] INFO  server.RaftServerConfigKeys (ConfUtils.java:logGet(43)) - raft.server.rpc.request.timeout = 3000ms (default)
2019-10-15 04:01:21,939 [main] INFO  server.RaftServerConfigKeys (ConfUtils.java:logGet(43)) - raft.server.storage.dir = [/workdir/hadoop-ozone/integration-test/target/test-dir/MiniOzoneClusterImpl-db17e535-db34-411d-81ae-c2250ad617e5/datanode-4/data/ratis] (custom)
2019-10-15 04:01:21,941 [main] INFO  hdfs.DFSUtil (DFSUtil.java:httpServerTemplateForNNAndJN(1641)) - Starting Web-server for hddsDatanode at: http://0.0.0.0:0
2019-10-15 04:01:21,943 [main] INFO  server.AuthenticationFilter (AuthenticationFilter.java:constructSecretProvider(240)) - Unable to initialize FileSignerSecretProvider, falling back to use random secrets.
2019-10-15 04:01:21,944 [main] WARN  http.HttpRequestLog (HttpRequestLog.java:getRequestLog(97)) - Jetty request log can only be enabled using Log4j
2019-10-15 04:01:21,946 [main] INFO  http.HttpServer2 (HttpServer2.java:addGlobalFilter(975)) - Added global filter 'safety' (class=org.apache.hadoop.http.HttpServer2$QuotingInputFilter)
2019-10-15 04:01:21,946 [main] INFO  http.HttpServer2 (HttpServer2.java:addFilter(948)) - Added filter static_user_filter (class=org.apache.hadoop.http.lib.StaticUserWebFilter$StaticUserFilter) to context hddsDatanode
2019-10-15 04:01:21,946 [main] INFO  http.HttpServer2 (HttpServer2.java:addFilter(958)) - Added filter static_user_filter (class=org.apache.hadoop.http.lib.StaticUserWebFilter$StaticUserFilter) to context logs
2019-10-15 04:01:21,947 [main] INFO  http.HttpServer2 (HttpServer2.java:addFilter(958)) - Added filter static_user_filter (class=org.apache.hadoop.http.lib.StaticUserWebFilter$StaticUserFilter) to context static
2019-10-15 04:01:21,948 [main] INFO  http.HttpServer2 (HttpServer2.java:bindListener(1191)) - Jetty bound to port 44874
2019-10-15 04:01:21,948 [main] INFO  server.Server (Server.java:doStart(351)) - jetty-9.3.25.v20180904, build timestamp: 2018-09-04T21:11:46Z, git hash: 3ce520221d0240229c862b122d2b06c12a625732
2019-10-15 04:01:21,949 [main] INFO  handler.ContextHandler (ContextHandler.java:doStart(781)) - Started o.e.j.s.ServletContextHandler@48f2054d{/logs,file:///workdir/hadoop-ozone/integration-test/target/log,AVAILABLE}
2019-10-15 04:01:21,950 [main] INFO  handler.ContextHandler (ContextHandler.java:doStart(781)) - Started o.e.j.s.ServletContextHandler@19fbc594{/static,jar:file:/home/user/.m2/repository/org/apache/hadoop/hadoop-hdds-container-service/0.5.0-SNAPSHOT/hadoop-hdds-container-service-0.5.0-SNAPSHOT.jar!/webapps/static,AVAILABLE}
2019-10-15 04:01:21,979 [main] INFO  handler.ContextHandler (ContextHandler.java:doStart(781)) - Started o.e.j.w.WebAppContext@11eec06b{/,file:///tmp/jetty-0.0.0.0-44874-hddsDatanode-_-any-1218260917220173285.dir/webapp/,AVAILABLE}{/hddsDatanode}
2019-10-15 04:01:21,979 [main] INFO  server.AbstractConnector (AbstractConnector.java:doStart(278)) - Started ServerConnector@65600fb3{HTTP/1.1,[http/1.1]}{0.0.0.0:44874}
2019-10-15 04:01:21,979 [main] INFO  server.Server (Server.java:doStart(419)) - Started @595096ms
2019-10-15 04:01:21,983 [main] WARN  impl.MetricsSystemImpl (MetricsSystemImpl.java:register(276)) - Sink prometheus already exists!
2019-10-15 04:01:21,984 [main] INFO  server.BaseHttpServer (BaseHttpServer.java:updateConnectorAddress(215)) - HTTP server of HDDSDATANODE is listening at http://0.0.0.0:44874
2019-10-15 04:01:21,984 [main] INFO  impl.MetricsSystemImpl (MetricsSystemImpl.java:init(158)) - HddsDatanode metrics system started (again)
2019-10-15 04:01:21,989 [org.apache.hadoop.util.JvmPauseMonitor$Monitor@3fe5c08b] INFO  util.JvmPauseMonitor (JvmPauseMonitor.java:run(188)) - Starting JVM pause monitor
2019-10-15 04:01:21,990 [main] INFO  ozone.HddsDatanodeService (HddsDatanodeService.java:start(184)) - HddsDatanodeService host:pr-hdds-2194-gpqhj-1713016619 ip:192.168.151.112
2019-10-15 04:01:21,991 [Datanode State Machine Thread - 0] INFO  datanode.InitDatanodeState (InitDatanodeState.java:persistContainerDatanodeDetails(140)) - DatanodeDetails is persisted to /workdir/hadoop-ozone/integration-test/target/test-dir/MiniOzoneClusterImpl-db17e535-db34-411d-81ae-c2250ad617e5/datanode-4/meta/datanode.id
2019-10-15 04:01:21,997 [main] INFO  volume.HddsVolume (HddsVolume.java:<init>(176)) - Creating Volume: /workdir/hadoop-ozone/integration-test/target/test-dir/MiniOzoneClusterImpl-db17e535-db34-411d-81ae-c2250ad617e5/datanode-5/data/containers/hdds of  storage type : DISK and capacity : 1482555576320
2019-10-15 04:01:21,997 [main] INFO  volume.VolumeSet (VolumeSet.java:initializeVolumeSet(170)) - Added Volume : /workdir/hadoop-ozone/integration-test/target/test-dir/MiniOzoneClusterImpl-db17e535-db34-411d-81ae-c2250ad617e5/datanode-5/data/containers/hdds to VolumeSet
2019-10-15 04:01:21,997 [main] INFO  volume.ThrottledAsyncChecker (ThrottledAsyncChecker.java:schedule(141)) - Scheduling a check for org.apache.hadoop.ozone.container.common.volume.HddsVolume@2f8c4fae
2019-10-15 04:01:21,998 [main] INFO  volume.HddsVolumeChecker (HddsVolumeChecker.java:checkAllVolumes(204)) - Scheduled health check for volume org.apache.hadoop.ozone.container.common.volume.HddsVolume@2f8c4fae
2019-10-15 04:01:22,010 [main] INFO  impl.RaftServerProxy (ConfUtils.java:logGet(43)) - raft.rpc.type = GRPC (default)
2019-10-15 04:01:22,011 [main] INFO  grpc.GrpcFactory (GrpcFactory.java:checkPooledByteBufAllocatorUseCacheForAllThreads(45)) - PERFORMANCE WARNING: useCacheForAllThreads is true that may cause Netty to create a lot garbage objects and, as a result, trigger GC.
	It is recommended to disable useCacheForAllThreads by setting -Dorg.apache.ratis.thirdparty.io.netty.allocator.useCacheForAllThreads=false in command line.
2019-10-15 04:01:22,011 [main] INFO  grpc.GrpcConfigKeys$Server (ConfUtils.java:logGet(43)) - raft.grpc.server.port = 0 (default)
2019-10-15 04:01:22,011 [main] INFO  server.GrpcService (ConfUtils.java:logGet(43)) - raft.grpc.message.size.max = 33570816 (custom)
2019-10-15 04:01:22,011 [main] INFO  server.RaftServerConfigKeys (ConfUtils.java:logGet(43)) - raft.server.log.appender.buffer.byte-limit = 33554432 (custom)
2019-10-15 04:01:22,011 [main] INFO  server.GrpcService (ConfUtils.java:logGet(43)) - raft.grpc.flow.control.window = 1MB (=1048576) (default)
2019-10-15 04:01:22,011 [main] INFO  server.RaftServerConfigKeys (ConfUtils.java:logGet(43)) - raft.server.rpc.request.timeout = 3000ms (default)
2019-10-15 04:01:22,012 [main] INFO  server.RaftServerConfigKeys (ConfUtils.java:logGet(43)) - raft.server.storage.dir = [/workdir/hadoop-ozone/integration-test/target/test-dir/MiniOzoneClusterImpl-db17e535-db34-411d-81ae-c2250ad617e5/datanode-5/data/ratis] (custom)
2019-10-15 04:01:22,013 [main] INFO  hdfs.DFSUtil (DFSUtil.java:httpServerTemplateForNNAndJN(1641)) - Starting Web-server for hddsDatanode at: http://0.0.0.0:0
2019-10-15 04:01:22,014 [main] INFO  server.AuthenticationFilter (AuthenticationFilter.java:constructSecretProvider(240)) - Unable to initialize FileSignerSecretProvider, falling back to use random secrets.
2019-10-15 04:01:22,015 [main] WARN  http.HttpRequestLog (HttpRequestLog.java:getRequestLog(97)) - Jetty request log can only be enabled using Log4j
2019-10-15 04:01:22,016 [main] INFO  http.HttpServer2 (HttpServer2.java:addGlobalFilter(975)) - Added global filter 'safety' (class=org.apache.hadoop.http.HttpServer2$QuotingInputFilter)
2019-10-15 04:01:22,016 [main] INFO  http.HttpServer2 (HttpServer2.java:addFilter(948)) - Added filter static_user_filter (class=org.apache.hadoop.http.lib.StaticUserWebFilter$StaticUserFilter) to context hddsDatanode
2019-10-15 04:01:22,017 [main] INFO  http.HttpServer2 (HttpServer2.java:addFilter(958)) - Added filter static_user_filter (class=org.apache.hadoop.http.lib.StaticUserWebFilter$StaticUserFilter) to context static
2019-10-15 04:01:22,017 [main] INFO  http.HttpServer2 (HttpServer2.java:addFilter(958)) - Added filter static_user_filter (class=org.apache.hadoop.http.lib.StaticUserWebFilter$StaticUserFilter) to context logs
2019-10-15 04:01:22,018 [main] INFO  http.HttpServer2 (HttpServer2.java:bindListener(1191)) - Jetty bound to port 44458
2019-10-15 04:01:22,018 [main] INFO  server.Server (Server.java:doStart(351)) - jetty-9.3.25.v20180904, build timestamp: 2018-09-04T21:11:46Z, git hash: 3ce520221d0240229c862b122d2b06c12a625732
2019-10-15 04:01:22,019 [main] INFO  handler.ContextHandler (ContextHandler.java:doStart(781)) - Started o.e.j.s.ServletContextHandler@489110c2{/logs,file:///workdir/hadoop-ozone/integration-test/target/log,AVAILABLE}
2019-10-15 04:01:22,020 [main] INFO  handler.ContextHandler (ContextHandler.java:doStart(781)) - Started o.e.j.s.ServletContextHandler@7ac5b4c{/static,jar:file:/home/user/.m2/repository/org/apache/hadoop/hadoop-hdds-container-service/0.5.0-SNAPSHOT/hadoop-hdds-container-service-0.5.0-SNAPSHOT.jar!/webapps/static,AVAILABLE}
2019-10-15 04:01:22,048 [main] INFO  handler.ContextHandler (ContextHandler.java:doStart(781)) - Started o.e.j.w.WebAppContext@3404e5c4{/,file:///tmp/jetty-0.0.0.0-44458-hddsDatanode-_-any-6436684302455535900.dir/webapp/,AVAILABLE}{/hddsDatanode}
2019-10-15 04:01:22,048 [main] INFO  server.AbstractConnector (AbstractConnector.java:doStart(278)) - Started ServerConnector@47569167{HTTP/1.1,[http/1.1]}{0.0.0.0:44458}
2019-10-15 04:01:22,049 [main] INFO  server.Server (Server.java:doStart(419)) - Started @595165ms
2019-10-15 04:01:22,050 [main] WARN  impl.MetricsSystemImpl (MetricsSystemImpl.java:register(276)) - Sink prometheus already exists!
2019-10-15 04:01:22,051 [main] INFO  server.BaseHttpServer (BaseHttpServer.java:updateConnectorAddress(215)) - HTTP server of HDDSDATANODE is listening at http://0.0.0.0:44458
2019-10-15 04:01:22,051 [main] INFO  impl.MetricsSystemImpl (MetricsSystemImpl.java:init(158)) - HddsDatanode metrics system started (again)
2019-10-15 04:01:22,057 [org.apache.hadoop.util.JvmPauseMonitor$Monitor@aa338bd] INFO  util.JvmPauseMonitor (JvmPauseMonitor.java:run(188)) - Starting JVM pause monitor
2019-10-15 04:01:22,057 [main] INFO  ozone.HddsDatanodeService (HddsDatanodeService.java:start(184)) - HddsDatanodeService host:pr-hdds-2194-gpqhj-1713016619 ip:192.168.151.112
2019-10-15 04:01:22,058 [Datanode State Machine Thread - 0] INFO  datanode.InitDatanodeState (InitDatanodeState.java:persistContainerDatanodeDetails(140)) - DatanodeDetails is persisted to /workdir/hadoop-ozone/integration-test/target/test-dir/MiniOzoneClusterImpl-db17e535-db34-411d-81ae-c2250ad617e5/datanode-5/meta/datanode.id
2019-10-15 04:01:22,063 [main] INFO  volume.HddsVolume (HddsVolume.java:<init>(176)) - Creating Volume: /workdir/hadoop-ozone/integration-test/target/test-dir/MiniOzoneClusterImpl-db17e535-db34-411d-81ae-c2250ad617e5/datanode-6/data/containers/hdds of  storage type : DISK and capacity : 1482555576320
2019-10-15 04:01:22,064 [main] INFO  volume.VolumeSet (VolumeSet.java:initializeVolumeSet(170)) - Added Volume : /workdir/hadoop-ozone/integration-test/target/test-dir/MiniOzoneClusterImpl-db17e535-db34-411d-81ae-c2250ad617e5/datanode-6/data/containers/hdds to VolumeSet
2019-10-15 04:01:22,064 [main] INFO  volume.ThrottledAsyncChecker (ThrottledAsyncChecker.java:schedule(141)) - Scheduling a check for org.apache.hadoop.ozone.container.common.volume.HddsVolume@341c6ac2
2019-10-15 04:01:22,064 [main] INFO  volume.HddsVolumeChecker (HddsVolumeChecker.java:checkAllVolumes(204)) - Scheduled health check for volume org.apache.hadoop.ozone.container.common.volume.HddsVolume@341c6ac2
2019-10-15 04:01:22,083 [main] INFO  impl.RaftServerProxy (ConfUtils.java:logGet(43)) - raft.rpc.type = GRPC (default)
2019-10-15 04:01:22,084 [main] INFO  grpc.GrpcFactory (GrpcFactory.java:checkPooledByteBufAllocatorUseCacheForAllThreads(45)) - PERFORMANCE WARNING: useCacheForAllThreads is true that may cause Netty to create a lot garbage objects and, as a result, trigger GC.
	It is recommended to disable useCacheForAllThreads by setting -Dorg.apache.ratis.thirdparty.io.netty.allocator.useCacheForAllThreads=false in command line.
2019-10-15 04:01:22,084 [main] INFO  grpc.GrpcConfigKeys$Server (ConfUtils.java:logGet(43)) - raft.grpc.server.port = 0 (default)
2019-10-15 04:01:22,084 [main] INFO  server.GrpcService (ConfUtils.java:logGet(43)) - raft.grpc.message.size.max = 33570816 (custom)
2019-10-15 04:01:22,084 [main] INFO  server.RaftServerConfigKeys (ConfUtils.java:logGet(43)) - raft.server.log.appender.buffer.byte-limit = 33554432 (custom)
2019-10-15 04:01:22,084 [main] INFO  server.GrpcService (ConfUtils.java:logGet(43)) - raft.grpc.flow.control.window = 1MB (=1048576) (default)
2019-10-15 04:01:22,085 [main] INFO  server.RaftServerConfigKeys (ConfUtils.java:logGet(43)) - raft.server.rpc.request.timeout = 3000ms (default)
2019-10-15 04:01:22,085 [main] INFO  server.RaftServerConfigKeys (ConfUtils.java:logGet(43)) - raft.server.storage.dir = [/workdir/hadoop-ozone/integration-test/target/test-dir/MiniOzoneClusterImpl-db17e535-db34-411d-81ae-c2250ad617e5/datanode-6/data/ratis] (custom)
2019-10-15 04:01:22,087 [main] INFO  hdfs.DFSUtil (DFSUtil.java:httpServerTemplateForNNAndJN(1641)) - Starting Web-server for hddsDatanode at: http://0.0.0.0:0
2019-10-15 04:01:22,088 [main] INFO  server.AuthenticationFilter (AuthenticationFilter.java:constructSecretProvider(240)) - Unable to initialize FileSignerSecretProvider, falling back to use random secrets.
2019-10-15 04:01:22,089 [main] WARN  http.HttpRequestLog (HttpRequestLog.java:getRequestLog(97)) - Jetty request log can only be enabled using Log4j
2019-10-15 04:01:22,090 [main] INFO  http.HttpServer2 (HttpServer2.java:addGlobalFilter(975)) - Added global filter 'safety' (class=org.apache.hadoop.http.HttpServer2$QuotingInputFilter)
2019-10-15 04:01:22,091 [main] INFO  http.HttpServer2 (HttpServer2.java:addFilter(948)) - Added filter static_user_filter (class=org.apache.hadoop.http.lib.StaticUserWebFilter$StaticUserFilter) to context hddsDatanode
2019-10-15 04:01:22,091 [main] INFO  http.HttpServer2 (HttpServer2.java:addFilter(958)) - Added filter static_user_filter (class=org.apache.hadoop.http.lib.StaticUserWebFilter$StaticUserFilter) to context logs
2019-10-15 04:01:22,091 [main] INFO  http.HttpServer2 (HttpServer2.java:addFilter(958)) - Added filter static_user_filter (class=org.apache.hadoop.http.lib.StaticUserWebFilter$StaticUserFilter) to context static
2019-10-15 04:01:22,092 [main] INFO  http.HttpServer2 (HttpServer2.java:bindListener(1191)) - Jetty bound to port 43327
2019-10-15 04:01:22,092 [main] INFO  server.Server (Server.java:doStart(351)) - jetty-9.3.25.v20180904, build timestamp: 2018-09-04T21:11:46Z, git hash: 3ce520221d0240229c862b122d2b06c12a625732
2019-10-15 04:01:22,094 [main] INFO  handler.ContextHandler (ContextHandler.java:doStart(781)) - Started o.e.j.s.ServletContextHandler@26c7b1c6{/logs,file:///workdir/hadoop-ozone/integration-test/target/log,AVAILABLE}
2019-10-15 04:01:22,094 [main] INFO  handler.ContextHandler (ContextHandler.java:doStart(781)) - Started o.e.j.s.ServletContextHandler@3d1c933{/static,jar:file:/home/user/.m2/repository/org/apache/hadoop/hadoop-hdds-container-service/0.5.0-SNAPSHOT/hadoop-hdds-container-service-0.5.0-SNAPSHOT.jar!/webapps/static,AVAILABLE}
2019-10-15 04:01:22,130 [main] INFO  handler.ContextHandler (ContextHandler.java:doStart(781)) - Started o.e.j.w.WebAppContext@795b66d{/,file:///tmp/jetty-0.0.0.0-43327-hddsDatanode-_-any-1757354769655501819.dir/webapp/,AVAILABLE}{/hddsDatanode}
2019-10-15 04:01:22,131 [main] INFO  server.AbstractConnector (AbstractConnector.java:doStart(278)) - Started ServerConnector@359ceb13{HTTP/1.1,[http/1.1]}{0.0.0.0:43327}
2019-10-15 04:01:22,138 [main] INFO  server.Server (Server.java:doStart(419)) - Started @595254ms
2019-10-15 04:01:22,138 [main] WARN  impl.MetricsSystemImpl (MetricsSystemImpl.java:register(276)) - Sink prometheus already exists!
2019-10-15 04:01:22,139 [main] INFO  server.BaseHttpServer (BaseHttpServer.java:updateConnectorAddress(215)) - HTTP server of HDDSDATANODE is listening at http://0.0.0.0:43327
2019-10-15 04:01:22,139 [main] INFO  ozone.MiniOzoneClusterImpl (MiniOzoneClusterImpl.java:lambda$waitForClusterToBeReady$0(147)) - Waiting for cluster to be ready. Got 0 of 7 DN Heartbeats.
2019-10-15 04:01:22,140 [org.apache.hadoop.util.JvmPauseMonitor$Monitor@5cf20d4c] INFO  util.JvmPauseMonitor (JvmPauseMonitor.java:run(188)) - Starting JVM pause monitor
2019-10-15 04:01:22,141 [Datanode State Machine Thread - 0] INFO  datanode.InitDatanodeState (InitDatanodeState.java:persistContainerDatanodeDetails(140)) - DatanodeDetails is persisted to /workdir/hadoop-ozone/integration-test/target/test-dir/MiniOzoneClusterImpl-db17e535-db34-411d-81ae-c2250ad617e5/datanode-6/meta/datanode.id
2019-10-15 04:01:23,139 [main] INFO  ozone.MiniOzoneClusterImpl (MiniOzoneClusterImpl.java:lambda$waitForClusterToBeReady$0(147)) - Waiting for cluster to be ready. Got 0 of 7 DN Heartbeats.
2019-10-15 04:01:23,709 [Datanode State Machine Thread - 0] INFO  ozoneimpl.OzoneContainer (OzoneContainer.java:start(213)) - Attempting to start container services.
2019-10-15 04:01:23,710 [Datanode State Machine Thread - 0] INFO  ozoneimpl.OzoneContainer (OzoneContainer.java:startContainerScrub(177)) - Background container scanner has been disabled.
2019-10-15 04:01:23,710 [Datanode State Machine Thread - 0] INFO  ratis.XceiverServerRatis (XceiverServerRatis.java:start(418)) - Starting XceiverServerRatis 32aa562e-9d4b-43a6-96a8-df338a0b5f68 at port 0
2019-10-15 04:01:23,717 [Datanode State Machine Thread - 0] INFO  impl.RaftServerProxy (RaftServerProxy.java:lambda$start$3(299)) - 32aa562e-9d4b-43a6-96a8-df338a0b5f68: start RPC server
2019-10-15 04:01:23,731 [Datanode State Machine Thread - 0] INFO  server.GrpcService (GrpcService.java:startImpl(158)) - 32aa562e-9d4b-43a6-96a8-df338a0b5f68: GrpcService started, listening on 0.0.0.0/0.0.0.0:34779
2019-10-15 04:01:23,731 [Datanode State Machine Thread - 0] INFO  ratis.XceiverServerRatis (XceiverServerRatis.java:start(428)) - XceiverServerRatis 32aa562e-9d4b-43a6-96a8-df338a0b5f68 is started using port 34779
2019-10-15 04:01:23,732 [Datanode State Machine Thread - 0] INFO  server.XceiverServerGrpc (XceiverServerGrpc.java:start(149)) - XceiverServerGrpc 32aa562e-9d4b-43a6-96a8-df338a0b5f68 is started using port 33661
2019-10-15 04:01:23,768 [Datanode State Machine Thread - 0] INFO  ozoneimpl.OzoneContainer (OzoneContainer.java:start(213)) - Attempting to start container services.
2019-10-15 04:01:23,768 [Datanode State Machine Thread - 0] INFO  ozoneimpl.OzoneContainer (OzoneContainer.java:startContainerScrub(177)) - Background container scanner has been disabled.
2019-10-15 04:01:23,768 [Datanode State Machine Thread - 0] INFO  ratis.XceiverServerRatis (XceiverServerRatis.java:start(418)) - Starting XceiverServerRatis d407453e-f342-4891-ad71-781bc79e517e at port 0
2019-10-15 04:01:23,775 [Datanode State Machine Thread - 0] INFO  impl.RaftServerProxy (RaftServerProxy.java:lambda$start$3(299)) - d407453e-f342-4891-ad71-781bc79e517e: start RPC server
2019-10-15 04:01:23,778 [Datanode State Machine Thread - 0] INFO  server.GrpcService (GrpcService.java:startImpl(158)) - d407453e-f342-4891-ad71-781bc79e517e: GrpcService started, listening on 0.0.0.0/0.0.0.0:42458
2019-10-15 04:01:23,778 [Datanode State Machine Thread - 0] INFO  ratis.XceiverServerRatis (XceiverServerRatis.java:start(428)) - XceiverServerRatis d407453e-f342-4891-ad71-781bc79e517e is started using port 42458
2019-10-15 04:01:23,778 [Datanode State Machine Thread - 0] INFO  server.XceiverServerGrpc (XceiverServerGrpc.java:start(149)) - XceiverServerGrpc d407453e-f342-4891-ad71-781bc79e517e is started using port 36907
2019-10-15 04:01:23,860 [Datanode State Machine Thread - 0] INFO  ozoneimpl.OzoneContainer (OzoneContainer.java:start(213)) - Attempting to start container services.
2019-10-15 04:01:23,860 [Datanode State Machine Thread - 0] INFO  ozoneimpl.OzoneContainer (OzoneContainer.java:startContainerScrub(177)) - Background container scanner has been disabled.
2019-10-15 04:01:23,860 [Datanode State Machine Thread - 0] INFO  ratis.XceiverServerRatis (XceiverServerRatis.java:start(418)) - Starting XceiverServerRatis 65cd6720-3a58-46a5-8350-6eb1d5464001 at port 0
2019-10-15 04:01:23,866 [Datanode State Machine Thread - 0] INFO  impl.RaftServerProxy (RaftServerProxy.java:lambda$start$3(299)) - 65cd6720-3a58-46a5-8350-6eb1d5464001: start RPC server
2019-10-15 04:01:23,867 [Datanode State Machine Thread - 0] INFO  server.GrpcService (GrpcService.java:startImpl(158)) - 65cd6720-3a58-46a5-8350-6eb1d5464001: GrpcService started, listening on 0.0.0.0/0.0.0.0:43067
2019-10-15 04:01:23,867 [Datanode State Machine Thread - 0] INFO  ratis.XceiverServerRatis (XceiverServerRatis.java:start(428)) - XceiverServerRatis 65cd6720-3a58-46a5-8350-6eb1d5464001 is started using port 43067
2019-10-15 04:01:23,868 [Datanode State Machine Thread - 0] INFO  server.XceiverServerGrpc (XceiverServerGrpc.java:start(149)) - XceiverServerGrpc 65cd6720-3a58-46a5-8350-6eb1d5464001 is started using port 35166
2019-10-15 04:01:23,952 [Datanode State Machine Thread - 0] INFO  ozoneimpl.OzoneContainer (OzoneContainer.java:start(213)) - Attempting to start container services.
2019-10-15 04:01:23,952 [Datanode State Machine Thread - 0] INFO  ozoneimpl.OzoneContainer (OzoneContainer.java:startContainerScrub(177)) - Background container scanner has been disabled.
2019-10-15 04:01:23,952 [Datanode State Machine Thread - 0] INFO  ratis.XceiverServerRatis (XceiverServerRatis.java:start(418)) - Starting XceiverServerRatis 7e6dbcba-bf51-49ed-94c0-b704c4b6a7d9 at port 0
2019-10-15 04:01:23,957 [Datanode State Machine Thread - 0] INFO  impl.RaftServerProxy (RaftServerProxy.java:lambda$start$3(299)) - 7e6dbcba-bf51-49ed-94c0-b704c4b6a7d9: start RPC server
2019-10-15 04:01:23,960 [Datanode State Machine Thread - 0] INFO  server.GrpcService (GrpcService.java:startImpl(158)) - 7e6dbcba-bf51-49ed-94c0-b704c4b6a7d9: GrpcService started, listening on 0.0.0.0/0.0.0.0:45998
2019-10-15 04:01:23,960 [Datanode State Machine Thread - 0] INFO  ratis.XceiverServerRatis (XceiverServerRatis.java:start(428)) - XceiverServerRatis 7e6dbcba-bf51-49ed-94c0-b704c4b6a7d9 is started using port 45998
2019-10-15 04:01:23,960 [Datanode State Machine Thread - 0] INFO  server.XceiverServerGrpc (XceiverServerGrpc.java:start(149)) - XceiverServerGrpc 7e6dbcba-bf51-49ed-94c0-b704c4b6a7d9 is started using port 44743
2019-10-15 04:01:24,011 [Datanode State Machine Thread - 0] INFO  ozoneimpl.OzoneContainer (OzoneContainer.java:start(213)) - Attempting to start container services.
2019-10-15 04:01:24,012 [Datanode State Machine Thread - 0] INFO  ozoneimpl.OzoneContainer (OzoneContainer.java:startContainerScrub(177)) - Background container scanner has been disabled.
2019-10-15 04:01:24,012 [Datanode State Machine Thread - 0] INFO  ratis.XceiverServerRatis (XceiverServerRatis.java:start(418)) - Starting XceiverServerRatis ea424b11-7a6c-4478-b56e-288847dd4a2e at port 0
2019-10-15 04:01:24,018 [Datanode State Machine Thread - 0] INFO  impl.RaftServerProxy (RaftServerProxy.java:lambda$start$3(299)) - ea424b11-7a6c-4478-b56e-288847dd4a2e: start RPC server
2019-10-15 04:01:24,019 [Datanode State Machine Thread - 0] INFO  server.GrpcService (GrpcService.java:startImpl(158)) - ea424b11-7a6c-4478-b56e-288847dd4a2e: GrpcService started, listening on 0.0.0.0/0.0.0.0:32965
2019-10-15 04:01:24,019 [Datanode State Machine Thread - 0] INFO  ratis.XceiverServerRatis (XceiverServerRatis.java:start(428)) - XceiverServerRatis ea424b11-7a6c-4478-b56e-288847dd4a2e is started using port 32965
2019-10-15 04:01:24,019 [Datanode State Machine Thread - 0] INFO  server.XceiverServerGrpc (XceiverServerGrpc.java:start(149)) - XceiverServerGrpc ea424b11-7a6c-4478-b56e-288847dd4a2e is started using port 36525
2019-10-15 04:01:24,087 [Datanode State Machine Thread - 0] INFO  ozoneimpl.OzoneContainer (OzoneContainer.java:start(213)) - Attempting to start container services.
2019-10-15 04:01:24,087 [Datanode State Machine Thread - 0] INFO  ozoneimpl.OzoneContainer (OzoneContainer.java:startContainerScrub(177)) - Background container scanner has been disabled.
2019-10-15 04:01:24,087 [Datanode State Machine Thread - 0] INFO  ratis.XceiverServerRatis (XceiverServerRatis.java:start(418)) - Starting XceiverServerRatis 04d34dbb-fead-4dfd-831e-5ebb54778734 at port 0
2019-10-15 04:01:24,095 [Datanode State Machine Thread - 0] INFO  impl.RaftServerProxy (RaftServerProxy.java:lambda$start$3(299)) - 04d34dbb-fead-4dfd-831e-5ebb54778734: start RPC server
2019-10-15 04:01:24,096 [Datanode State Machine Thread - 0] INFO  server.GrpcService (GrpcService.java:startImpl(158)) - 04d34dbb-fead-4dfd-831e-5ebb54778734: GrpcService started, listening on 0.0.0.0/0.0.0.0:34060
2019-10-15 04:01:24,096 [Datanode State Machine Thread - 0] INFO  ratis.XceiverServerRatis (XceiverServerRatis.java:start(428)) - XceiverServerRatis 04d34dbb-fead-4dfd-831e-5ebb54778734 is started using port 34060
2019-10-15 04:01:24,096 [Datanode State Machine Thread - 0] INFO  server.XceiverServerGrpc (XceiverServerGrpc.java:start(149)) - XceiverServerGrpc 04d34dbb-fead-4dfd-831e-5ebb54778734 is started using port 43027
2019-10-15 04:01:24,140 [main] INFO  ozone.MiniOzoneClusterImpl (MiniOzoneClusterImpl.java:lambda$waitForClusterToBeReady$0(147)) - Waiting for cluster to be ready. Got 0 of 7 DN Heartbeats.
2019-10-15 04:01:24,171 [Datanode State Machine Thread - 0] INFO  ozoneimpl.OzoneContainer (OzoneContainer.java:start(213)) - Attempting to start container services.
2019-10-15 04:01:24,171 [Datanode State Machine Thread - 0] INFO  ozoneimpl.OzoneContainer (OzoneContainer.java:startContainerScrub(177)) - Background container scanner has been disabled.
2019-10-15 04:01:24,171 [Datanode State Machine Thread - 0] INFO  ratis.XceiverServerRatis (XceiverServerRatis.java:start(418)) - Starting XceiverServerRatis 67c0e978-24c7-4da3-9562-b8c8cb62c5b8 at port 0
2019-10-15 04:01:24,179 [Datanode State Machine Thread - 0] INFO  impl.RaftServerProxy (RaftServerProxy.java:lambda$start$3(299)) - 67c0e978-24c7-4da3-9562-b8c8cb62c5b8: start RPC server
2019-10-15 04:01:24,180 [Datanode State Machine Thread - 0] INFO  server.GrpcService (GrpcService.java:startImpl(158)) - 67c0e978-24c7-4da3-9562-b8c8cb62c5b8: GrpcService started, listening on 0.0.0.0/0.0.0.0:35558
2019-10-15 04:01:24,180 [Datanode State Machine Thread - 0] INFO  ratis.XceiverServerRatis (XceiverServerRatis.java:start(428)) - XceiverServerRatis 67c0e978-24c7-4da3-9562-b8c8cb62c5b8 is started using port 35558
2019-10-15 04:01:24,181 [Datanode State Machine Thread - 0] INFO  server.XceiverServerGrpc (XceiverServerGrpc.java:start(149)) - XceiverServerGrpc 67c0e978-24c7-4da3-9562-b8c8cb62c5b8 is started using port 41877
2019-10-15 04:01:25,140 [main] INFO  ozone.MiniOzoneClusterImpl (MiniOzoneClusterImpl.java:lambda$waitForClusterToBeReady$0(147)) - Waiting for cluster to be ready. Got 0 of 7 DN Heartbeats.
2019-10-15 04:01:25,658 [IPC Server handler 0 on 45550] INFO  net.NetworkTopology (NetworkTopologyImpl.java:add(111)) - Added a new node: /default-rack/32aa562e-9d4b-43a6-96a8-df338a0b5f68
2019-10-15 04:01:25,661 [IPC Server handler 0 on 45550] INFO  node.SCMNodeManager (SCMNodeManager.java:register(268)) - Registered Data node : 32aa562e-9d4b-43a6-96a8-df338a0b5f68{ip: 192.168.151.112, host: pr-hdds-2194-gpqhj-1713016619, networkLocation: /default-rack, certSerialId: null}
2019-10-15 04:01:25,662 [EventQueue-NodeRegistrationContainerReportForDataNodeSafeModeRule] INFO  safemode.SCMSafeModeManager (DataNodeSafeModeRule.java:process(71)) - SCM in safe mode. 1 DataNodes registered, 1 required.
2019-10-15 04:01:25,665 [EventQueue-NodeRegistrationContainerReportForDataNodeSafeModeRule] INFO  safemode.SCMSafeModeManager (SCMSafeModeManager.java:validateSafeModeExitRules(177)) - ScmSafeModeManager, all rules are successfully validated
2019-10-15 04:01:25,665 [EventQueue-NodeRegistrationContainerReportForDataNodeSafeModeRule] INFO  safemode.SCMSafeModeManager (SCMSafeModeManager.java:exitSafeMode(193)) - SCM exiting safe mode.
2019-10-15 04:01:25,674 [grpc-default-executor-7] INFO  impl.RaftServerProxy (RaftServerProxy.java:addNew(89)) - 32aa562e-9d4b-43a6-96a8-df338a0b5f68: addNew group-AD5EE4E6A600:[32aa562e-9d4b-43a6-96a8-df338a0b5f68:192.168.151.112:34779] returns group-AD5EE4E6A600:java.util.concurrent.CompletableFuture@44367a5a[Not completed]
2019-10-15 04:01:25,676 [pool-409-thread-1] INFO  impl.RaftServerImpl (RaftServerImpl.java:<init>(95)) - 32aa562e-9d4b-43a6-96a8-df338a0b5f68: new RaftServerImpl for group-AD5EE4E6A600:[32aa562e-9d4b-43a6-96a8-df338a0b5f68:192.168.151.112:34779] with ContainerStateMachine:uninitialized
2019-10-15 04:01:25,676 [pool-409-thread-1] INFO  server.RaftServerConfigKeys (ConfUtils.java:logGet(43)) - raft.server.rpc.timeout.min = 5s (custom)
2019-10-15 04:01:25,677 [pool-409-thread-1] INFO  server.RaftServerConfigKeys (ConfUtils.java:logGet(43)) - raft.server.rpc.timeout.max = 5200ms (custom)
2019-10-15 04:01:25,677 [pool-409-thread-1] INFO  server.RaftServerConfigKeys (ConfUtils.java:logGet(43)) - raft.server.rpcslowness.timeout = 120s (custom)
2019-10-15 04:01:25,677 [pool-409-thread-1] INFO  server.RaftServerConfigKeys (ConfUtils.java:logGet(43)) - raft.server.sleep.deviation.threshold = 300 (default)
2019-10-15 04:01:25,677 [pool-409-thread-1] INFO  server.RaftServerConfigKeys (ConfUtils.java:logGet(43)) - raft.server.log.appender.install.snapshot.enabled = false (custom)
2019-10-15 04:01:25,677 [pool-409-thread-1] INFO  impl.RaftServerImpl (ServerState.java:<init>(103)) - 32aa562e-9d4b-43a6-96a8-df338a0b5f68@group-AD5EE4E6A600: ConfigurationManager, init=-1: [32aa562e-9d4b-43a6-96a8-df338a0b5f68:192.168.151.112:34779], old=null, confs=<EMPTY_MAP>
2019-10-15 04:01:25,677 [pool-409-thread-1] INFO  server.RaftServerConfigKeys (ConfUtils.java:logGet(43)) - raft.server.storage.dir = [/workdir/hadoop-ozone/integration-test/target/test-dir/MiniOzoneClusterImpl-db17e535-db34-411d-81ae-c2250ad617e5/datanode-0/data/ratis] (custom)
2019-10-15 04:01:25,678 [pool-409-thread-1] INFO  server.RaftServerConfigKeys (ConfUtils.java:logGet(43)) - raft.server.log.corruption.policy = EXCEPTION (default)
2019-10-15 04:01:25,678 [pool-409-thread-1] INFO  storage.RaftStorageDirectory (RaftStorageDirectory.java:analyzeStorage(246)) - The storage directory /workdir/hadoop-ozone/integration-test/target/test-dir/MiniOzoneClusterImpl-db17e535-db34-411d-81ae-c2250ad617e5/datanode-0/data/ratis/db48cb2e-b9d0-45eb-a9be-ad5ee4e6a600 does not exist. Creating ...
2019-10-15 04:01:25,704 [pool-409-thread-1] INFO  storage.RaftStorageDirectory (RaftStorageDirectory.java:tryLock(328)) - Lock on /workdir/hadoop-ozone/integration-test/target/test-dir/MiniOzoneClusterImpl-db17e535-db34-411d-81ae-c2250ad617e5/datanode-0/data/ratis/db48cb2e-b9d0-45eb-a9be-ad5ee4e6a600/in_use.lock acquired by nodename 24000@pr-hdds-2194-gpqhj-1713016619
2019-10-15 04:01:25,738 [IPC Server handler 2 on 45550] INFO  net.NetworkTopology (NetworkTopologyImpl.java:add(111)) - Added a new node: /default-rack/d407453e-f342-4891-ad71-781bc79e517e
2019-10-15 04:01:25,738 [IPC Server handler 2 on 45550] INFO  node.SCMNodeManager (SCMNodeManager.java:register(268)) - Registered Data node : d407453e-f342-4891-ad71-781bc79e517e{ip: 192.168.151.112, host: pr-hdds-2194-gpqhj-1713016619, networkLocation: /default-rack, certSerialId: null}
2019-10-15 04:01:25,738 [pool-409-thread-1] INFO  storage.RaftStorage (RaftStorage.java:format(84)) - Storage directory /workdir/hadoop-ozone/integration-test/target/test-dir/MiniOzoneClusterImpl-db17e535-db34-411d-81ae-c2250ad617e5/datanode-0/data/ratis/db48cb2e-b9d0-45eb-a9be-ad5ee4e6a600 has been successfully formatted.
2019-10-15 04:01:25,738 [pool-409-thread-1] INFO  ratis.ContainerStateMachine (ContainerStateMachine.java:loadSnapshot(231)) - group-AD5EE4E6A600: The snapshot info is null. Setting the last applied indexto:(t:0, i:~)
2019-10-15 04:01:25,738 [pool-409-thread-1] INFO  server.RaftServerConfigKeys (ConfUtils.java:logGet(43)) - raft.server.notification.no-leader.timeout = 120s (custom)
2019-10-15 04:01:25,738 [pool-409-thread-1] INFO  server.RaftServerConfigKeys (ConfUtils.java:logGet(43)) - raft.server.log.use.memory = false (default)
2019-10-15 04:01:25,739 [pool-409-thread-1] INFO  server.RaftServerConfigKeys (ConfUtils.java:logGet(43)) - raft.server.log.purge.gap = 1000000 (custom)
2019-10-15 04:01:25,739 [pool-409-thread-1] INFO  server.RaftServerConfigKeys (ConfUtils.java:logGet(43)) - raft.server.log.appender.buffer.byte-limit = 33554432 (custom)
2019-10-15 04:01:25,739 [pool-409-thread-1] INFO  server.RaftServerConfigKeys (ConfUtils.java:logGet(43)) - raft.server.log.segment.size.max = 1048576 (custom)
2019-10-15 04:01:25,740 [pool-409-thread-1] INFO  server.RaftServerConfigKeys (ConfUtils.java:logGet(43)) - raft.server.log.segment.cache.num.max = 2 (custom)
2019-10-15 04:01:25,740 [pool-409-thread-1] INFO  segmented.SegmentedRaftLogWorker (SegmentedRaftLogWorker.java:<init>(173)) - new 32aa562e-9d4b-43a6-96a8-df338a0b5f68@group-AD5EE4E6A600-SegmentedRaftLogWorker for RaftStorage:Storage Directory /workdir/hadoop-ozone/integration-test/target/test-dir/MiniOzoneClusterImpl-db17e535-db34-411d-81ae-c2250ad617e5/datanode-0/data/ratis/db48cb2e-b9d0-45eb-a9be-ad5ee4e6a600
2019-10-15 04:01:25,741 [pool-409-thread-1] INFO  server.RaftServerConfigKeys (ConfUtils.java:logGet(43)) - raft.server.log.queue.byte-limit = 2147483647 (custom)
2019-10-15 04:01:25,741 [pool-409-thread-1] INFO  server.RaftServerConfigKeys (ConfUtils.java:logGet(43)) - raft.server.log.queue.element-limit = 1024 (custom)
2019-10-15 04:01:25,741 [pool-409-thread-1] INFO  server.RaftServerConfigKeys (ConfUtils.java:logGet(43)) - raft.server.log.segment.size.max = 1048576 (custom)
2019-10-15 04:01:25,741 [pool-409-thread-1] INFO  server.RaftServerConfigKeys (ConfUtils.java:logGet(43)) - raft.server.log.preallocated.size = 16384 (custom)
2019-10-15 04:01:25,741 [pool-409-thread-1] INFO  server.RaftServerConfigKeys (ConfUtils.java:logGet(43)) - raft.server.log.write.buffer.size = 33554432 (custom)
2019-10-15 04:01:25,741 [pool-409-thread-1] INFO  server.RaftServerConfigKeys (ConfUtils.java:logGet(43)) - raft.server.log.force.sync.num = 128 (default)
2019-10-15 04:01:25,741 [pool-409-thread-1] INFO  server.RaftServerConfigKeys (ConfUtils.java:logGet(43)) - raft.server.log.statemachine.data.sync = true (default)
2019-10-15 04:01:25,741 [pool-409-thread-1] INFO  server.RaftServerConfigKeys (ConfUtils.java:logGet(43)) - raft.server.log.statemachine.data.sync.timeout = 10s (default)
2019-10-15 04:01:25,741 [pool-409-thread-1] INFO  server.RaftServerConfigKeys (ConfUtils.java:logGet(43)) - raft.server.log.statemachine.data.sync.timeout.retry = -1 (default)
2019-10-15 04:01:25,741 [pool-409-thread-1] INFO  server.RaftServerConfigKeys (ConfUtils.java:logGet(43)) - raft.server.log.statemachine.data.caching.enabled = true (custom)
2019-10-15 04:01:25,742 [pool-409-thread-1] INFO  segmented.SegmentedRaftLogWorker (SegmentedRaftLogWorker.java:lambda$new$0(128)) - 32aa562e-9d4b-43a6-96a8-df338a0b5f68@group-AD5EE4E6A600-SegmentedRaftLogWorker: flushIndex: setUnconditionally 0 -> -1
2019-10-15 04:01:25,742 [pool-409-thread-1] INFO  server.RaftServerConfigKeys (ConfUtils.java:logGet(43)) - raft.server.snapshot.auto.trigger.enabled = true (custom)
2019-10-15 04:01:25,742 [pool-409-thread-1] INFO  server.RaftServerConfigKeys (ConfUtils.java:logGet(43)) - raft.server.snapshot.auto.trigger.threshold = 10000 (custom)
2019-10-15 04:01:25,742 [pool-409-thread-1] INFO  server.RaftServerConfigKeys (ConfUtils.java:logGet(43)) - raft.server.snapshot.retention.file.num = 5 (custom)
2019-10-15 04:01:25,742 [pool-409-thread-1] INFO  server.RaftServerConfigKeys (ConfUtils.java:logGet(43)) - raft.server.retrycache.expirytime = 600000ms (custom)
2019-10-15 04:01:25,743 [pool-409-thread-1] INFO  impl.RaftServerImpl (RaftServerImpl.java:start(181)) - 32aa562e-9d4b-43a6-96a8-df338a0b5f68@group-AD5EE4E6A600: start as a follower, conf=-1: [32aa562e-9d4b-43a6-96a8-df338a0b5f68:192.168.151.112:34779], old=null
2019-10-15 04:01:25,744 [pool-409-thread-1] INFO  impl.RaftServerImpl (RaftServerImpl.java:setRole(170)) - 32aa562e-9d4b-43a6-96a8-df338a0b5f68@group-AD5EE4E6A600: changes role from      null to FOLLOWER at term 0 for startAsFollower
2019-10-15 04:01:25,744 [pool-409-thread-1] INFO  impl.RoleInfo (RoleInfo.java:updateAndGet(143)) - 32aa562e-9d4b-43a6-96a8-df338a0b5f68: start FollowerState
2019-10-15 04:01:25,744 [pool-409-thread-1] INFO  util.JmxRegister (JmxRegister.java:tryRegister(44)) - Successfully registered JMX Bean with object name Ratis:service=RaftServer,group=group-AD5EE4E6A600,id=32aa562e-9d4b-43a6-96a8-df338a0b5f68
2019-10-15 04:01:25,750 [RatisPipelineUtilsThread] INFO  pipeline.PipelineStateManager (PipelineStateManager.java:addPipeline(56)) - Created pipeline Pipeline[ Id: db48cb2e-b9d0-45eb-a9be-ad5ee4e6a600, Nodes: 32aa562e-9d4b-43a6-96a8-df338a0b5f68{ip: 192.168.151.112, host: pr-hdds-2194-gpqhj-1713016619, networkLocation: /default-rack, certSerialId: null}, Type:RATIS, Factor:ONE, State:OPEN]
2019-10-15 04:01:25,756 [grpc-default-executor-7] INFO  impl.RaftServerProxy (RaftServerProxy.java:addNew(89)) - d407453e-f342-4891-ad71-781bc79e517e: addNew group-5090272D97D1:[d407453e-f342-4891-ad71-781bc79e517e:192.168.151.112:42458] returns group-5090272D97D1:java.util.concurrent.CompletableFuture@35f8f5a3[Not completed]
2019-10-15 04:01:25,758 [pool-419-thread-1] INFO  impl.RaftServerImpl (RaftServerImpl.java:<init>(95)) - d407453e-f342-4891-ad71-781bc79e517e: new RaftServerImpl for group-5090272D97D1:[d407453e-f342-4891-ad71-781bc79e517e:192.168.151.112:42458] with ContainerStateMachine:uninitialized
2019-10-15 04:01:25,758 [pool-419-thread-1] INFO  server.RaftServerConfigKeys (ConfUtils.java:logGet(43)) - raft.server.rpc.timeout.min = 5s (custom)
2019-10-15 04:01:25,758 [pool-419-thread-1] INFO  server.RaftServerConfigKeys (ConfUtils.java:logGet(43)) - raft.server.rpc.timeout.max = 5200ms (custom)
2019-10-15 04:01:25,759 [pool-419-thread-1] INFO  server.RaftServerConfigKeys (ConfUtils.java:logGet(43)) - raft.server.rpcslowness.timeout = 120s (custom)
2019-10-15 04:01:25,759 [pool-419-thread-1] INFO  server.RaftServerConfigKeys (ConfUtils.java:logGet(43)) - raft.server.sleep.deviation.threshold = 300 (default)
2019-10-15 04:01:25,759 [pool-419-thread-1] INFO  server.RaftServerConfigKeys (ConfUtils.java:logGet(43)) - raft.server.log.appender.install.snapshot.enabled = false (custom)
2019-10-15 04:01:25,759 [pool-419-thread-1] INFO  impl.RaftServerImpl (ServerState.java:<init>(103)) - d407453e-f342-4891-ad71-781bc79e517e@group-5090272D97D1: ConfigurationManager, init=-1: [d407453e-f342-4891-ad71-781bc79e517e:192.168.151.112:42458], old=null, confs=<EMPTY_MAP>
2019-10-15 04:01:25,759 [pool-419-thread-1] INFO  server.RaftServerConfigKeys (ConfUtils.java:logGet(43)) - raft.server.storage.dir = [/workdir/hadoop-ozone/integration-test/target/test-dir/MiniOzoneClusterImpl-db17e535-db34-411d-81ae-c2250ad617e5/datanode-1/data/ratis] (custom)
2019-10-15 04:01:25,760 [pool-419-thread-1] INFO  server.RaftServerConfigKeys (ConfUtils.java:logGet(43)) - raft.server.log.corruption.policy = EXCEPTION (default)
2019-10-15 04:01:25,760 [pool-419-thread-1] INFO  storage.RaftStorageDirectory (RaftStorageDirectory.java:analyzeStorage(246)) - The storage directory /workdir/hadoop-ozone/integration-test/target/test-dir/MiniOzoneClusterImpl-db17e535-db34-411d-81ae-c2250ad617e5/datanode-1/data/ratis/df45743f-12db-436a-8c6a-5090272d97d1 does not exist. Creating ...
2019-10-15 04:01:25,785 [pool-419-thread-1] INFO  storage.RaftStorageDirectory (RaftStorageDirectory.java:tryLock(328)) - Lock on /workdir/hadoop-ozone/integration-test/target/test-dir/MiniOzoneClusterImpl-db17e535-db34-411d-81ae-c2250ad617e5/datanode-1/data/ratis/df45743f-12db-436a-8c6a-5090272d97d1/in_use.lock acquired by nodename 24000@pr-hdds-2194-gpqhj-1713016619
2019-10-15 04:01:25,809 [pool-419-thread-1] INFO  storage.RaftStorage (RaftStorage.java:format(84)) - Storage directory /workdir/hadoop-ozone/integration-test/target/test-dir/MiniOzoneClusterImpl-db17e535-db34-411d-81ae-c2250ad617e5/datanode-1/data/ratis/df45743f-12db-436a-8c6a-5090272d97d1 has been successfully formatted.
2019-10-15 04:01:25,810 [pool-419-thread-1] INFO  ratis.ContainerStateMachine (ContainerStateMachine.java:loadSnapshot(231)) - group-5090272D97D1: The snapshot info is null. Setting the last applied indexto:(t:0, i:~)
2019-10-15 04:01:25,810 [pool-419-thread-1] INFO  server.RaftServerConfigKeys (ConfUtils.java:logGet(43)) - raft.server.notification.no-leader.timeout = 120s (custom)
2019-10-15 04:01:25,811 [pool-419-thread-1] INFO  server.RaftServerConfigKeys (ConfUtils.java:logGet(43)) - raft.server.log.use.memory = false (default)
2019-10-15 04:01:25,811 [pool-419-thread-1] INFO  server.RaftServerConfigKeys (ConfUtils.java:logGet(43)) - raft.server.log.purge.gap = 1000000 (custom)
2019-10-15 04:01:25,811 [pool-419-thread-1] INFO  server.RaftServerConfigKeys (ConfUtils.java:logGet(43)) - raft.server.log.appender.buffer.byte-limit = 33554432 (custom)
2019-10-15 04:01:25,812 [pool-419-thread-1] INFO  server.RaftServerConfigKeys (ConfUtils.java:logGet(43)) - raft.server.log.segment.size.max = 1048576 (custom)
2019-10-15 04:01:25,816 [pool-419-thread-1] INFO  server.RaftServerConfigKeys (ConfUtils.java:logGet(43)) - raft.server.log.segment.cache.num.max = 2 (custom)
2019-10-15 04:01:25,816 [pool-419-thread-1] INFO  segmented.SegmentedRaftLogWorker (SegmentedRaftLogWorker.java:<init>(173)) - new d407453e-f342-4891-ad71-781bc79e517e@group-5090272D97D1-SegmentedRaftLogWorker for RaftStorage:Storage Directory /workdir/hadoop-ozone/integration-test/target/test-dir/MiniOzoneClusterImpl-db17e535-db34-411d-81ae-c2250ad617e5/datanode-1/data/ratis/df45743f-12db-436a-8c6a-5090272d97d1
2019-10-15 04:01:25,817 [pool-419-thread-1] INFO  server.RaftServerConfigKeys (ConfUtils.java:logGet(43)) - raft.server.log.queue.byte-limit = 2147483647 (custom)
2019-10-15 04:01:25,817 [pool-419-thread-1] INFO  server.RaftServerConfigKeys (ConfUtils.java:logGet(43)) - raft.server.log.queue.element-limit = 1024 (custom)
2019-10-15 04:01:25,817 [pool-419-thread-1] INFO  server.RaftServerConfigKeys (ConfUtils.java:logGet(43)) - raft.server.log.segment.size.max = 1048576 (custom)
2019-10-15 04:01:25,817 [pool-419-thread-1] INFO  server.RaftServerConfigKeys (ConfUtils.java:logGet(43)) - raft.server.log.preallocated.size = 16384 (custom)
2019-10-15 04:01:25,818 [pool-419-thread-1] INFO  server.RaftServerConfigKeys (ConfUtils.java:logGet(43)) - raft.server.log.write.buffer.size = 33554432 (custom)
2019-10-15 04:01:25,818 [pool-419-thread-1] INFO  server.RaftServerConfigKeys (ConfUtils.java:logGet(43)) - raft.server.log.force.sync.num = 128 (default)
2019-10-15 04:01:25,818 [pool-419-thread-1] INFO  server.RaftServerConfigKeys (ConfUtils.java:logGet(43)) - raft.server.log.statemachine.data.sync = true (default)
2019-10-15 04:01:25,818 [pool-419-thread-1] INFO  server.RaftServerConfigKeys (ConfUtils.java:logGet(43)) - raft.server.log.statemachine.data.sync.timeout = 10s (default)
2019-10-15 04:01:25,818 [pool-419-thread-1] INFO  server.RaftServerConfigKeys (ConfUtils.java:logGet(43)) - raft.server.log.statemachine.data.sync.timeout.retry = -1 (default)
2019-10-15 04:01:25,819 [pool-419-thread-1] INFO  server.RaftServerConfigKeys (ConfUtils.java:logGet(43)) - raft.server.log.statemachine.data.caching.enabled = true (custom)
2019-10-15 04:01:25,820 [pool-419-thread-1] INFO  segmented.SegmentedRaftLogWorker (SegmentedRaftLogWorker.java:lambda$new$0(128)) - d407453e-f342-4891-ad71-781bc79e517e@group-5090272D97D1-SegmentedRaftLogWorker: flushIndex: setUnconditionally 0 -> -1
2019-10-15 04:01:25,820 [pool-419-thread-1] INFO  server.RaftServerConfigKeys (ConfUtils.java:logGet(43)) - raft.server.snapshot.auto.trigger.enabled = true (custom)
2019-10-15 04:01:25,820 [pool-419-thread-1] INFO  server.RaftServerConfigKeys (ConfUtils.java:logGet(43)) - raft.server.snapshot.auto.trigger.threshold = 10000 (custom)
2019-10-15 04:01:25,820 [pool-419-thread-1] INFO  server.RaftServerConfigKeys (ConfUtils.java:logGet(43)) - raft.server.snapshot.retention.file.num = 5 (custom)
2019-10-15 04:01:25,821 [pool-419-thread-1] INFO  server.RaftServerConfigKeys (ConfUtils.java:logGet(43)) - raft.server.retrycache.expirytime = 600000ms (custom)
2019-10-15 04:01:25,823 [pool-419-thread-1] INFO  impl.RaftServerImpl (RaftServerImpl.java:start(181)) - d407453e-f342-4891-ad71-781bc79e517e@group-5090272D97D1: start as a follower, conf=-1: [d407453e-f342-4891-ad71-781bc79e517e:192.168.151.112:42458], old=null
2019-10-15 04:01:25,823 [pool-419-thread-1] INFO  impl.RaftServerImpl (RaftServerImpl.java:setRole(170)) - d407453e-f342-4891-ad71-781bc79e517e@group-5090272D97D1: changes role from      null to FOLLOWER at term 0 for startAsFollower
2019-10-15 04:01:25,823 [pool-419-thread-1] INFO  impl.RoleInfo (RoleInfo.java:updateAndGet(143)) - d407453e-f342-4891-ad71-781bc79e517e: start FollowerState
2019-10-15 04:01:25,823 [pool-419-thread-1] INFO  util.JmxRegister (JmxRegister.java:tryRegister(44)) - Successfully registered JMX Bean with object name Ratis:service=RaftServer,group=group-5090272D97D1,id=d407453e-f342-4891-ad71-781bc79e517e
2019-10-15 04:01:25,831 [IPC Server handler 4 on 45550] INFO  net.NetworkTopology (NetworkTopologyImpl.java:add(111)) - Added a new node: /default-rack/65cd6720-3a58-46a5-8350-6eb1d5464001
2019-10-15 04:01:25,831 [IPC Server handler 4 on 45550] INFO  node.SCMNodeManager (SCMNodeManager.java:register(268)) - Registered Data node : 65cd6720-3a58-46a5-8350-6eb1d5464001{ip: 192.168.151.112, host: pr-hdds-2194-gpqhj-1713016619, networkLocation: /default-rack, certSerialId: null}
2019-10-15 04:01:25,831 [RatisPipelineUtilsThread] INFO  pipeline.PipelineStateManager (PipelineStateManager.java:addPipeline(56)) - Created pipeline Pipeline[ Id: df45743f-12db-436a-8c6a-5090272d97d1, Nodes: d407453e-f342-4891-ad71-781bc79e517e{ip: 192.168.151.112, host: pr-hdds-2194-gpqhj-1713016619, networkLocation: /default-rack, certSerialId: null}, Type:RATIS, Factor:ONE, State:OPEN]
2019-10-15 04:01:25,839 [grpc-default-executor-7] INFO  impl.RaftServerProxy (RaftServerProxy.java:addNew(89)) - 65cd6720-3a58-46a5-8350-6eb1d5464001: addNew group-A3BAA383FC5E:[65cd6720-3a58-46a5-8350-6eb1d5464001:192.168.151.112:43067] returns group-A3BAA383FC5E:java.util.concurrent.CompletableFuture@57e07bac[Not completed]
2019-10-15 04:01:25,840 [pool-429-thread-1] INFO  impl.RaftServerImpl (RaftServerImpl.java:<init>(95)) - 65cd6720-3a58-46a5-8350-6eb1d5464001: new RaftServerImpl for group-A3BAA383FC5E:[65cd6720-3a58-46a5-8350-6eb1d5464001:192.168.151.112:43067] with ContainerStateMachine:uninitialized
2019-10-15 04:01:25,840 [pool-429-thread-1] INFO  server.RaftServerConfigKeys (ConfUtils.java:logGet(43)) - raft.server.rpc.timeout.min = 5s (custom)
2019-10-15 04:01:25,841 [pool-429-thread-1] INFO  server.RaftServerConfigKeys (ConfUtils.java:logGet(43)) - raft.server.rpc.timeout.max = 5200ms (custom)
2019-10-15 04:01:25,841 [pool-429-thread-1] INFO  server.RaftServerConfigKeys (ConfUtils.java:logGet(43)) - raft.server.rpcslowness.timeout = 120s (custom)
2019-10-15 04:01:25,841 [pool-429-thread-1] INFO  server.RaftServerConfigKeys (ConfUtils.java:logGet(43)) - raft.server.sleep.deviation.threshold = 300 (default)
2019-10-15 04:01:25,841 [pool-429-thread-1] INFO  server.RaftServerConfigKeys (ConfUtils.java:logGet(43)) - raft.server.log.appender.install.snapshot.enabled = false (custom)
2019-10-15 04:01:25,841 [pool-429-thread-1] INFO  impl.RaftServerImpl (ServerState.java:<init>(103)) - 65cd6720-3a58-46a5-8350-6eb1d5464001@group-A3BAA383FC5E: ConfigurationManager, init=-1: [65cd6720-3a58-46a5-8350-6eb1d5464001:192.168.151.112:43067], old=null, confs=<EMPTY_MAP>
2019-10-15 04:01:25,841 [pool-429-thread-1] INFO  server.RaftServerConfigKeys (ConfUtils.java:logGet(43)) - raft.server.storage.dir = [/workdir/hadoop-ozone/integration-test/target/test-dir/MiniOzoneClusterImpl-db17e535-db34-411d-81ae-c2250ad617e5/datanode-2/data/ratis] (custom)
2019-10-15 04:01:25,841 [pool-429-thread-1] INFO  server.RaftServerConfigKeys (ConfUtils.java:logGet(43)) - raft.server.log.corruption.policy = EXCEPTION (default)
2019-10-15 04:01:25,868 [pool-429-thread-1] INFO  storage.RaftStorageDirectory (RaftStorageDirectory.java:analyzeStorage(246)) - The storage directory /workdir/hadoop-ozone/integration-test/target/test-dir/MiniOzoneClusterImpl-db17e535-db34-411d-81ae-c2250ad617e5/datanode-2/data/ratis/456f85d9-8c87-4846-842c-a3baa383fc5e does not exist. Creating ...
2019-10-15 04:01:25,884 [pool-429-thread-1] INFO  storage.RaftStorageDirectory (RaftStorageDirectory.java:tryLock(328)) - Lock on /workdir/hadoop-ozone/integration-test/target/test-dir/MiniOzoneClusterImpl-db17e535-db34-411d-81ae-c2250ad617e5/datanode-2/data/ratis/456f85d9-8c87-4846-842c-a3baa383fc5e/in_use.lock acquired by nodename 24000@pr-hdds-2194-gpqhj-1713016619
2019-10-15 04:01:25,912 [IPC Server handler 5 on 45550] INFO  net.NetworkTopology (NetworkTopologyImpl.java:add(111)) - Added a new node: /default-rack/7e6dbcba-bf51-49ed-94c0-b704c4b6a7d9
2019-10-15 04:01:25,912 [IPC Server handler 5 on 45550] INFO  node.SCMNodeManager (SCMNodeManager.java:register(268)) - Registered Data node : 7e6dbcba-bf51-49ed-94c0-b704c4b6a7d9{ip: 192.168.151.112, host: pr-hdds-2194-gpqhj-1713016619, networkLocation: /default-rack, certSerialId: null}
2019-10-15 04:01:25,917 [pool-429-thread-1] INFO  storage.RaftStorage (RaftStorage.java:format(84)) - Storage directory /workdir/hadoop-ozone/integration-test/target/test-dir/MiniOzoneClusterImpl-db17e535-db34-411d-81ae-c2250ad617e5/datanode-2/data/ratis/456f85d9-8c87-4846-842c-a3baa383fc5e has been successfully formatted.
2019-10-15 04:01:25,917 [pool-429-thread-1] INFO  ratis.ContainerStateMachine (ContainerStateMachine.java:loadSnapshot(231)) - group-A3BAA383FC5E: The snapshot info is null. Setting the last applied indexto:(t:0, i:~)
2019-10-15 04:01:25,917 [pool-429-thread-1] INFO  server.RaftServerConfigKeys (ConfUtils.java:logGet(43)) - raft.server.notification.no-leader.timeout = 120s (custom)
2019-10-15 04:01:25,917 [pool-429-thread-1] INFO  server.RaftServerConfigKeys (ConfUtils.java:logGet(43)) - raft.server.log.use.memory = false (default)
2019-10-15 04:01:25,917 [pool-429-thread-1] INFO  server.RaftServerConfigKeys (ConfUtils.java:logGet(43)) - raft.server.log.purge.gap = 1000000 (custom)
2019-10-15 04:01:25,917 [pool-429-thread-1] INFO  server.RaftServerConfigKeys (ConfUtils.java:logGet(43)) - raft.server.log.appender.buffer.byte-limit = 33554432 (custom)
2019-10-15 04:01:25,918 [pool-429-thread-1] INFO  server.RaftServerConfigKeys (ConfUtils.java:logGet(43)) - raft.server.log.segment.size.max = 1048576 (custom)
2019-10-15 04:01:25,919 [pool-429-thread-1] INFO  server.RaftServerConfigKeys (ConfUtils.java:logGet(43)) - raft.server.log.segment.cache.num.max = 2 (custom)
2019-10-15 04:01:25,919 [pool-429-thread-1] INFO  segmented.SegmentedRaftLogWorker (SegmentedRaftLogWorker.java:<init>(173)) - new 65cd6720-3a58-46a5-8350-6eb1d5464001@group-A3BAA383FC5E-SegmentedRaftLogWorker for RaftStorage:Storage Directory /workdir/hadoop-ozone/integration-test/target/test-dir/MiniOzoneClusterImpl-db17e535-db34-411d-81ae-c2250ad617e5/datanode-2/data/ratis/456f85d9-8c87-4846-842c-a3baa383fc5e
2019-10-15 04:01:25,919 [pool-429-thread-1] INFO  server.RaftServerConfigKeys (ConfUtils.java:logGet(43)) - raft.server.log.queue.byte-limit = 2147483647 (custom)
2019-10-15 04:01:25,919 [pool-429-thread-1] INFO  server.RaftServerConfigKeys (ConfUtils.java:logGet(43)) - raft.server.log.queue.element-limit = 1024 (custom)
2019-10-15 04:01:25,920 [pool-429-thread-1] INFO  server.RaftServerConfigKeys (ConfUtils.java:logGet(43)) - raft.server.log.segment.size.max = 1048576 (custom)
2019-10-15 04:01:25,920 [pool-429-thread-1] INFO  server.RaftServerConfigKeys (ConfUtils.java:logGet(43)) - raft.server.log.preallocated.size = 16384 (custom)
2019-10-15 04:01:25,920 [pool-429-thread-1] INFO  server.RaftServerConfigKeys (ConfUtils.java:logGet(43)) - raft.server.log.write.buffer.size = 33554432 (custom)
2019-10-15 04:01:25,920 [pool-429-thread-1] INFO  server.RaftServerConfigKeys (ConfUtils.java:logGet(43)) - raft.server.log.force.sync.num = 128 (default)
2019-10-15 04:01:25,920 [pool-429-thread-1] INFO  server.RaftServerConfigKeys (ConfUtils.java:logGet(43)) - raft.server.log.statemachine.data.sync = true (default)
2019-10-15 04:01:25,920 [pool-429-thread-1] INFO  server.RaftServerConfigKeys (ConfUtils.java:logGet(43)) - raft.server.log.statemachine.data.sync.timeout = 10s (default)
2019-10-15 04:01:25,920 [pool-429-thread-1] INFO  server.RaftServerConfigKeys (ConfUtils.java:logGet(43)) - raft.server.log.statemachine.data.sync.timeout.retry = -1 (default)
2019-10-15 04:01:25,921 [pool-429-thread-1] INFO  server.RaftServerConfigKeys (ConfUtils.java:logGet(43)) - raft.server.log.statemachine.data.caching.enabled = true (custom)
2019-10-15 04:01:25,921 [pool-429-thread-1] INFO  segmented.SegmentedRaftLogWorker (SegmentedRaftLogWorker.java:lambda$new$0(128)) - 65cd6720-3a58-46a5-8350-6eb1d5464001@group-A3BAA383FC5E-SegmentedRaftLogWorker: flushIndex: setUnconditionally 0 -> -1
2019-10-15 04:01:25,921 [pool-429-thread-1] INFO  server.RaftServerConfigKeys (ConfUtils.java:logGet(43)) - raft.server.snapshot.auto.trigger.enabled = true (custom)
2019-10-15 04:01:25,921 [pool-429-thread-1] INFO  server.RaftServerConfigKeys (ConfUtils.java:logGet(43)) - raft.server.snapshot.auto.trigger.threshold = 10000 (custom)
2019-10-15 04:01:25,921 [pool-429-thread-1] INFO  server.RaftServerConfigKeys (ConfUtils.java:logGet(43)) - raft.server.snapshot.retention.file.num = 5 (custom)
2019-10-15 04:01:25,921 [pool-429-thread-1] INFO  server.RaftServerConfigKeys (ConfUtils.java:logGet(43)) - raft.server.retrycache.expirytime = 600000ms (custom)
2019-10-15 04:01:25,923 [pool-429-thread-1] INFO  impl.RaftServerImpl (RaftServerImpl.java:start(181)) - 65cd6720-3a58-46a5-8350-6eb1d5464001@group-A3BAA383FC5E: start as a follower, conf=-1: [65cd6720-3a58-46a5-8350-6eb1d5464001:192.168.151.112:43067], old=null
2019-10-15 04:01:25,923 [pool-429-thread-1] INFO  impl.RaftServerImpl (RaftServerImpl.java:setRole(170)) - 65cd6720-3a58-46a5-8350-6eb1d5464001@group-A3BAA383FC5E: changes role from      null to FOLLOWER at term 0 for startAsFollower
2019-10-15 04:01:25,923 [pool-429-thread-1] INFO  impl.RoleInfo (RoleInfo.java:updateAndGet(143)) - 65cd6720-3a58-46a5-8350-6eb1d5464001: start FollowerState
2019-10-15 04:01:25,923 [pool-429-thread-1] INFO  util.JmxRegister (JmxRegister.java:tryRegister(44)) - Successfully registered JMX Bean with object name Ratis:service=RaftServer,group=group-A3BAA383FC5E,id=65cd6720-3a58-46a5-8350-6eb1d5464001
2019-10-15 04:01:25,929 [RatisPipelineUtilsThread] INFO  pipeline.PipelineStateManager (PipelineStateManager.java:addPipeline(56)) - Created pipeline Pipeline[ Id: 456f85d9-8c87-4846-842c-a3baa383fc5e, Nodes: 65cd6720-3a58-46a5-8350-6eb1d5464001{ip: 192.168.151.112, host: pr-hdds-2194-gpqhj-1713016619, networkLocation: /default-rack, certSerialId: null}, Type:RATIS, Factor:ONE, State:OPEN]
2019-10-15 04:01:25,934 [grpc-default-executor-7] INFO  impl.RaftServerProxy (RaftServerProxy.java:addNew(89)) - 7e6dbcba-bf51-49ed-94c0-b704c4b6a7d9: addNew group-C1CD6D1E1F82:[7e6dbcba-bf51-49ed-94c0-b704c4b6a7d9:192.168.151.112:45998] returns group-C1CD6D1E1F82:java.util.concurrent.CompletableFuture@21c98353[Not completed]
2019-10-15 04:01:25,935 [pool-439-thread-1] INFO  impl.RaftServerImpl (RaftServerImpl.java:<init>(95)) - 7e6dbcba-bf51-49ed-94c0-b704c4b6a7d9: new RaftServerImpl for group-C1CD6D1E1F82:[7e6dbcba-bf51-49ed-94c0-b704c4b6a7d9:192.168.151.112:45998] with ContainerStateMachine:uninitialized
2019-10-15 04:01:25,935 [pool-439-thread-1] INFO  server.RaftServerConfigKeys (ConfUtils.java:logGet(43)) - raft.server.rpc.timeout.min = 5s (custom)
2019-10-15 04:01:25,935 [pool-439-thread-1] INFO  server.RaftServerConfigKeys (ConfUtils.java:logGet(43)) - raft.server.rpc.timeout.max = 5200ms (custom)
2019-10-15 04:01:25,935 [pool-439-thread-1] INFO  server.RaftServerConfigKeys (ConfUtils.java:logGet(43)) - raft.server.rpcslowness.timeout = 120s (custom)
2019-10-15 04:01:25,936 [pool-439-thread-1] INFO  server.RaftServerConfigKeys (ConfUtils.java:logGet(43)) - raft.server.sleep.deviation.threshold = 300 (default)
2019-10-15 04:01:25,936 [pool-439-thread-1] INFO  server.RaftServerConfigKeys (ConfUtils.java:logGet(43)) - raft.server.log.appender.install.snapshot.enabled = false (custom)
2019-10-15 04:01:25,936 [pool-439-thread-1] INFO  impl.RaftServerImpl (ServerState.java:<init>(103)) - 7e6dbcba-bf51-49ed-94c0-b704c4b6a7d9@group-C1CD6D1E1F82: ConfigurationManager, init=-1: [7e6dbcba-bf51-49ed-94c0-b704c4b6a7d9:192.168.151.112:45998], old=null, confs=<EMPTY_MAP>
2019-10-15 04:01:25,936 [pool-439-thread-1] INFO  server.RaftServerConfigKeys (ConfUtils.java:logGet(43)) - raft.server.storage.dir = [/workdir/hadoop-ozone/integration-test/target/test-dir/MiniOzoneClusterImpl-db17e535-db34-411d-81ae-c2250ad617e5/datanode-3/data/ratis] (custom)
2019-10-15 04:01:25,936 [pool-439-thread-1] INFO  server.RaftServerConfigKeys (ConfUtils.java:logGet(43)) - raft.server.log.corruption.policy = EXCEPTION (default)
2019-10-15 04:01:25,936 [pool-439-thread-1] INFO  storage.RaftStorageDirectory (RaftStorageDirectory.java:analyzeStorage(246)) - The storage directory /workdir/hadoop-ozone/integration-test/target/test-dir/MiniOzoneClusterImpl-db17e535-db34-411d-81ae-c2250ad617e5/datanode-3/data/ratis/bee7c453-c657-417b-a8f1-c1cd6d1e1f82 does not exist. Creating ...
2019-10-15 04:01:25,966 [pool-439-thread-1] INFO  storage.RaftStorageDirectory (RaftStorageDirectory.java:tryLock(328)) - Lock on /workdir/hadoop-ozone/integration-test/target/test-dir/MiniOzoneClusterImpl-db17e535-db34-411d-81ae-c2250ad617e5/datanode-3/data/ratis/bee7c453-c657-417b-a8f1-c1cd6d1e1f82/in_use.lock acquired by nodename 24000@pr-hdds-2194-gpqhj-1713016619
2019-10-15 04:01:25,992 [IPC Server handler 1 on 45550] INFO  net.NetworkTopology (NetworkTopologyImpl.java:add(111)) - Added a new node: /default-rack/ea424b11-7a6c-4478-b56e-288847dd4a2e
2019-10-15 04:01:25,992 [IPC Server handler 1 on 45550] INFO  node.SCMNodeManager (SCMNodeManager.java:register(268)) - Registered Data node : ea424b11-7a6c-4478-b56e-288847dd4a2e{ip: 192.168.151.112, host: pr-hdds-2194-gpqhj-1713016619, networkLocation: /default-rack, certSerialId: null}
2019-10-15 04:01:25,994 [pool-439-thread-1] INFO  storage.RaftStorage (RaftStorage.java:format(84)) - Storage directory /workdir/hadoop-ozone/integration-test/target/test-dir/MiniOzoneClusterImpl-db17e535-db34-411d-81ae-c2250ad617e5/datanode-3/data/ratis/bee7c453-c657-417b-a8f1-c1cd6d1e1f82 has been successfully formatted.
2019-10-15 04:01:25,995 [pool-439-thread-1] INFO  ratis.ContainerStateMachine (ContainerStateMachine.java:loadSnapshot(231)) - group-C1CD6D1E1F82: The snapshot info is null. Setting the last applied indexto:(t:0, i:~)
2019-10-15 04:01:25,995 [pool-439-thread-1] INFO  server.RaftServerConfigKeys (ConfUtils.java:logGet(43)) - raft.server.notification.no-leader.timeout = 120s (custom)
2019-10-15 04:01:25,995 [pool-439-thread-1] INFO  server.RaftServerConfigKeys (ConfUtils.java:logGet(43)) - raft.server.log.use.memory = false (default)
2019-10-15 04:01:25,995 [pool-439-thread-1] INFO  server.RaftServerConfigKeys (ConfUtils.java:logGet(43)) - raft.server.log.purge.gap = 1000000 (custom)
2019-10-15 04:01:25,995 [pool-439-thread-1] INFO  server.RaftServerConfigKeys (ConfUtils.java:logGet(43)) - raft.server.log.appender.buffer.byte-limit = 33554432 (custom)
2019-10-15 04:01:25,995 [pool-439-thread-1] INFO  server.RaftServerConfigKeys (ConfUtils.java:logGet(43)) - raft.server.log.segment.size.max = 1048576 (custom)
2019-10-15 04:01:25,997 [pool-439-thread-1] INFO  server.RaftServerConfigKeys (ConfUtils.java:logGet(43)) - raft.server.log.segment.cache.num.max = 2 (custom)
2019-10-15 04:01:25,997 [pool-439-thread-1] INFO  segmented.SegmentedRaftLogWorker (SegmentedRaftLogWorker.java:<init>(173)) - new 7e6dbcba-bf51-49ed-94c0-b704c4b6a7d9@group-C1CD6D1E1F82-SegmentedRaftLogWorker for RaftStorage:Storage Directory /workdir/hadoop-ozone/integration-test/target/test-dir/MiniOzoneClusterImpl-db17e535-db34-411d-81ae-c2250ad617e5/datanode-3/data/ratis/bee7c453-c657-417b-a8f1-c1cd6d1e1f82
2019-10-15 04:01:25,997 [pool-439-thread-1] INFO  server.RaftServerConfigKeys (ConfUtils.java:logGet(43)) - raft.server.log.queue.byte-limit = 2147483647 (custom)
2019-10-15 04:01:25,997 [pool-439-thread-1] INFO  server.RaftServerConfigKeys (ConfUtils.java:logGet(43)) - raft.server.log.queue.element-limit = 1024 (custom)
2019-10-15 04:01:25,997 [pool-439-thread-1] INFO  server.RaftServerConfigKeys (ConfUtils.java:logGet(43)) - raft.server.log.segment.size.max = 1048576 (custom)
2019-10-15 04:01:25,997 [pool-439-thread-1] INFO  server.RaftServerConfigKeys (ConfUtils.java:logGet(43)) - raft.server.log.preallocated.size = 16384 (custom)
2019-10-15 04:01:25,997 [pool-439-thread-1] INFO  server.RaftServerConfigKeys (ConfUtils.java:logGet(43)) - raft.server.log.write.buffer.size = 33554432 (custom)
2019-10-15 04:01:25,998 [pool-439-thread-1] INFO  server.RaftServerConfigKeys (ConfUtils.java:logGet(43)) - raft.server.log.force.sync.num = 128 (default)
2019-10-15 04:01:25,998 [pool-439-thread-1] INFO  server.RaftServerConfigKeys (ConfUtils.java:logGet(43)) - raft.server.log.statemachine.data.sync = true (default)
2019-10-15 04:01:25,998 [pool-439-thread-1] INFO  server.RaftServerConfigKeys (ConfUtils.java:logGet(43)) - raft.server.log.statemachine.data.sync.timeout = 10s (default)
2019-10-15 04:01:25,998 [pool-439-thread-1] INFO  server.RaftServerConfigKeys (ConfUtils.java:logGet(43)) - raft.server.log.statemachine.data.sync.timeout.retry = -1 (default)
2019-10-15 04:01:25,998 [pool-439-thread-1] INFO  server.RaftServerConfigKeys (ConfUtils.java:logGet(43)) - raft.server.log.statemachine.data.caching.enabled = true (custom)
2019-10-15 04:01:25,998 [pool-439-thread-1] INFO  segmented.SegmentedRaftLogWorker (SegmentedRaftLogWorker.java:lambda$new$0(128)) - 7e6dbcba-bf51-49ed-94c0-b704c4b6a7d9@group-C1CD6D1E1F82-SegmentedRaftLogWorker: flushIndex: setUnconditionally 0 -> -1
2019-10-15 04:01:25,999 [pool-439-thread-1] INFO  server.RaftServerConfigKeys (ConfUtils.java:logGet(43)) - raft.server.snapshot.auto.trigger.enabled = true (custom)
2019-10-15 04:01:25,999 [pool-439-thread-1] INFO  server.RaftServerConfigKeys (ConfUtils.java:logGet(43)) - raft.server.snapshot.auto.trigger.threshold = 10000 (custom)
2019-10-15 04:01:25,999 [pool-439-thread-1] INFO  server.RaftServerConfigKeys (ConfUtils.java:logGet(43)) - raft.server.snapshot.retention.file.num = 5 (custom)
2019-10-15 04:01:25,999 [pool-439-thread-1] INFO  server.RaftServerConfigKeys (ConfUtils.java:logGet(43)) - raft.server.retrycache.expirytime = 600000ms (custom)
2019-10-15 04:01:26,000 [pool-439-thread-1] INFO  impl.RaftServerImpl (RaftServerImpl.java:start(181)) - 7e6dbcba-bf51-49ed-94c0-b704c4b6a7d9@group-C1CD6D1E1F82: start as a follower, conf=-1: [7e6dbcba-bf51-49ed-94c0-b704c4b6a7d9:192.168.151.112:45998], old=null
2019-10-15 04:01:26,001 [pool-439-thread-1] INFO  impl.RaftServerImpl (RaftServerImpl.java:setRole(170)) - 7e6dbcba-bf51-49ed-94c0-b704c4b6a7d9@group-C1CD6D1E1F82: changes role from      null to FOLLOWER at term 0 for startAsFollower
2019-10-15 04:01:26,001 [pool-439-thread-1] INFO  impl.RoleInfo (RoleInfo.java:updateAndGet(143)) - 7e6dbcba-bf51-49ed-94c0-b704c4b6a7d9: start FollowerState
2019-10-15 04:01:26,009 [pool-439-thread-1] INFO  util.JmxRegister (JmxRegister.java:tryRegister(44)) - Successfully registered JMX Bean with object name Ratis:service=RaftServer,group=group-C1CD6D1E1F82,id=7e6dbcba-bf51-49ed-94c0-b704c4b6a7d9
2019-10-15 04:01:26,020 [RatisPipelineUtilsThread] INFO  pipeline.PipelineStateManager (PipelineStateManager.java:addPipeline(56)) - Created pipeline Pipeline[ Id: bee7c453-c657-417b-a8f1-c1cd6d1e1f82, Nodes: 7e6dbcba-bf51-49ed-94c0-b704c4b6a7d9{ip: 192.168.151.112, host: pr-hdds-2194-gpqhj-1713016619, networkLocation: /default-rack, certSerialId: null}, Type:RATIS, Factor:ONE, State:OPEN]
2019-10-15 04:01:26,024 [grpc-default-executor-7] INFO  impl.RaftServerProxy (RaftServerProxy.java:addNew(89)) - ea424b11-7a6c-4478-b56e-288847dd4a2e: addNew group-555AEAD5E079:[ea424b11-7a6c-4478-b56e-288847dd4a2e:192.168.151.112:32965] returns group-555AEAD5E079:java.util.concurrent.CompletableFuture@309240a3[Not completed]
2019-10-15 04:01:26,026 [pool-449-thread-1] INFO  impl.RaftServerImpl (RaftServerImpl.java:<init>(95)) - ea424b11-7a6c-4478-b56e-288847dd4a2e: new RaftServerImpl for group-555AEAD5E079:[ea424b11-7a6c-4478-b56e-288847dd4a2e:192.168.151.112:32965] with ContainerStateMachine:uninitialized
2019-10-15 04:01:26,026 [pool-449-thread-1] INFO  server.RaftServerConfigKeys (ConfUtils.java:logGet(43)) - raft.server.rpc.timeout.min = 5s (custom)
2019-10-15 04:01:26,026 [pool-449-thread-1] INFO  server.RaftServerConfigKeys (ConfUtils.java:logGet(43)) - raft.server.rpc.timeout.max = 5200ms (custom)
2019-10-15 04:01:26,026 [pool-449-thread-1] INFO  server.RaftServerConfigKeys (ConfUtils.java:logGet(43)) - raft.server.rpcslowness.timeout = 120s (custom)
2019-10-15 04:01:26,027 [pool-449-thread-1] INFO  server.RaftServerConfigKeys (ConfUtils.java:logGet(43)) - raft.server.sleep.deviation.threshold = 300 (default)
2019-10-15 04:01:26,027 [pool-449-thread-1] INFO  server.RaftServerConfigKeys (ConfUtils.java:logGet(43)) - raft.server.log.appender.install.snapshot.enabled = false (custom)
2019-10-15 04:01:26,027 [pool-449-thread-1] INFO  impl.RaftServerImpl (ServerState.java:<init>(103)) - ea424b11-7a6c-4478-b56e-288847dd4a2e@group-555AEAD5E079: ConfigurationManager, init=-1: [ea424b11-7a6c-4478-b56e-288847dd4a2e:192.168.151.112:32965], old=null, confs=<EMPTY_MAP>
2019-10-15 04:01:26,027 [pool-449-thread-1] INFO  server.RaftServerConfigKeys (ConfUtils.java:logGet(43)) - raft.server.storage.dir = [/workdir/hadoop-ozone/integration-test/target/test-dir/MiniOzoneClusterImpl-db17e535-db34-411d-81ae-c2250ad617e5/datanode-4/data/ratis] (custom)
2019-10-15 04:01:26,027 [pool-449-thread-1] INFO  server.RaftServerConfigKeys (ConfUtils.java:logGet(43)) - raft.server.log.corruption.policy = EXCEPTION (default)
2019-10-15 04:01:26,028 [pool-449-thread-1] INFO  storage.RaftStorageDirectory (RaftStorageDirectory.java:analyzeStorage(246)) - The storage directory /workdir/hadoop-ozone/integration-test/target/test-dir/MiniOzoneClusterImpl-db17e535-db34-411d-81ae-c2250ad617e5/datanode-4/data/ratis/8ef6cdaf-c0c2-4bb3-bbee-555aead5e079 does not exist. Creating ...
2019-10-15 04:01:26,057 [pool-449-thread-1] INFO  storage.RaftStorageDirectory (RaftStorageDirectory.java:tryLock(328)) - Lock on /workdir/hadoop-ozone/integration-test/target/test-dir/MiniOzoneClusterImpl-db17e535-db34-411d-81ae-c2250ad617e5/datanode-4/data/ratis/8ef6cdaf-c0c2-4bb3-bbee-555aead5e079/in_use.lock acquired by nodename 24000@pr-hdds-2194-gpqhj-1713016619
2019-10-15 04:01:26,059 [IPC Server handler 6 on 45550] INFO  net.NetworkTopology (NetworkTopologyImpl.java:add(111)) - Added a new node: /default-rack/04d34dbb-fead-4dfd-831e-5ebb54778734
2019-10-15 04:01:26,059 [IPC Server handler 6 on 45550] INFO  node.SCMNodeManager (SCMNodeManager.java:register(268)) - Registered Data node : 04d34dbb-fead-4dfd-831e-5ebb54778734{ip: 192.168.151.112, host: pr-hdds-2194-gpqhj-1713016619, networkLocation: /default-rack, certSerialId: null}
2019-10-15 04:01:26,083 [pool-449-thread-1] INFO  storage.RaftStorage (RaftStorage.java:format(84)) - Storage directory /workdir/hadoop-ozone/integration-test/target/test-dir/MiniOzoneClusterImpl-db17e535-db34-411d-81ae-c2250ad617e5/datanode-4/data/ratis/8ef6cdaf-c0c2-4bb3-bbee-555aead5e079 has been successfully formatted.
2019-10-15 04:01:26,084 [pool-449-thread-1] INFO  ratis.ContainerStateMachine (ContainerStateMachine.java:loadSnapshot(231)) - group-555AEAD5E079: The snapshot info is null. Setting the last applied indexto:(t:0, i:~)
2019-10-15 04:01:26,084 [pool-449-thread-1] INFO  server.RaftServerConfigKeys (ConfUtils.java:logGet(43)) - raft.server.notification.no-leader.timeout = 120s (custom)
2019-10-15 04:01:26,084 [pool-449-thread-1] INFO  server.RaftServerConfigKeys (ConfUtils.java:logGet(43)) - raft.server.log.use.memory = false (default)
2019-10-15 04:01:26,084 [pool-449-thread-1] INFO  server.RaftServerConfigKeys (ConfUtils.java:logGet(43)) - raft.server.log.purge.gap = 1000000 (custom)
2019-10-15 04:01:26,084 [pool-449-thread-1] INFO  server.RaftServerConfigKeys (ConfUtils.java:logGet(43)) - raft.server.log.appender.buffer.byte-limit = 33554432 (custom)
2019-10-15 04:01:26,084 [pool-449-thread-1] INFO  server.RaftServerConfigKeys (ConfUtils.java:logGet(43)) - raft.server.log.segment.size.max = 1048576 (custom)
2019-10-15 04:01:26,086 [pool-449-thread-1] INFO  server.RaftServerConfigKeys (ConfUtils.java:logGet(43)) - raft.server.log.segment.cache.num.max = 2 (custom)
2019-10-15 04:01:26,086 [pool-449-thread-1] INFO  segmented.SegmentedRaftLogWorker (SegmentedRaftLogWorker.java:<init>(173)) - new ea424b11-7a6c-4478-b56e-288847dd4a2e@group-555AEAD5E079-SegmentedRaftLogWorker for RaftStorage:Storage Directory /workdir/hadoop-ozone/integration-test/target/test-dir/MiniOzoneClusterImpl-db17e535-db34-411d-81ae-c2250ad617e5/datanode-4/data/ratis/8ef6cdaf-c0c2-4bb3-bbee-555aead5e079
2019-10-15 04:01:26,086 [pool-449-thread-1] INFO  server.RaftServerConfigKeys (ConfUtils.java:logGet(43)) - raft.server.log.queue.byte-limit = 2147483647 (custom)
2019-10-15 04:01:26,086 [pool-449-thread-1] INFO  server.RaftServerConfigKeys (ConfUtils.java:logGet(43)) - raft.server.log.queue.element-limit = 1024 (custom)
2019-10-15 04:01:26,087 [pool-449-thread-1] INFO  server.RaftServerConfigKeys (ConfUtils.java:logGet(43)) - raft.server.log.segment.size.max = 1048576 (custom)
2019-10-15 04:01:26,087 [pool-449-thread-1] INFO  server.RaftServerConfigKeys (ConfUtils.java:logGet(43)) - raft.server.log.preallocated.size = 16384 (custom)
2019-10-15 04:01:26,087 [pool-449-thread-1] INFO  server.RaftServerConfigKeys (ConfUtils.java:logGet(43)) - raft.server.log.write.buffer.size = 33554432 (custom)
2019-10-15 04:01:26,087 [pool-449-thread-1] INFO  server.RaftServerConfigKeys (ConfUtils.java:logGet(43)) - raft.server.log.force.sync.num = 128 (default)
2019-10-15 04:01:26,087 [pool-449-thread-1] INFO  server.RaftServerConfigKeys (ConfUtils.java:logGet(43)) - raft.server.log.statemachine.data.sync = true (default)
2019-10-15 04:01:26,087 [pool-449-thread-1] INFO  server.RaftServerConfigKeys (ConfUtils.java:logGet(43)) - raft.server.log.statemachine.data.sync.timeout = 10s (default)
2019-10-15 04:01:26,087 [pool-449-thread-1] INFO  server.RaftServerConfigKeys (ConfUtils.java:logGet(43)) - raft.server.log.statemachine.data.sync.timeout.retry = -1 (default)
2019-10-15 04:01:26,088 [pool-449-thread-1] INFO  server.RaftServerConfigKeys (ConfUtils.java:logGet(43)) - raft.server.log.statemachine.data.caching.enabled = true (custom)
2019-10-15 04:01:26,088 [pool-449-thread-1] INFO  segmented.SegmentedRaftLogWorker (SegmentedRaftLogWorker.java:lambda$new$0(128)) - ea424b11-7a6c-4478-b56e-288847dd4a2e@group-555AEAD5E079-SegmentedRaftLogWorker: flushIndex: setUnconditionally 0 -> -1
2019-10-15 04:01:26,088 [pool-449-thread-1] INFO  server.RaftServerConfigKeys (ConfUtils.java:logGet(43)) - raft.server.snapshot.auto.trigger.enabled = true (custom)
2019-10-15 04:01:26,088 [pool-449-thread-1] INFO  server.RaftServerConfigKeys (ConfUtils.java:logGet(43)) - raft.server.snapshot.auto.trigger.threshold = 10000 (custom)
2019-10-15 04:01:26,088 [pool-449-thread-1] INFO  server.RaftServerConfigKeys (ConfUtils.java:logGet(43)) - raft.server.snapshot.retention.file.num = 5 (custom)
2019-10-15 04:01:26,088 [pool-449-thread-1] INFO  server.RaftServerConfigKeys (ConfUtils.java:logGet(43)) - raft.server.retrycache.expirytime = 600000ms (custom)
2019-10-15 04:01:26,090 [pool-449-thread-1] INFO  impl.RaftServerImpl (RaftServerImpl.java:start(181)) - ea424b11-7a6c-4478-b56e-288847dd4a2e@group-555AEAD5E079: start as a follower, conf=-1: [ea424b11-7a6c-4478-b56e-288847dd4a2e:192.168.151.112:32965], old=null
2019-10-15 04:01:26,090 [pool-449-thread-1] INFO  impl.RaftServerImpl (RaftServerImpl.java:setRole(170)) - ea424b11-7a6c-4478-b56e-288847dd4a2e@group-555AEAD5E079: changes role from      null to FOLLOWER at term 0 for startAsFollower
2019-10-15 04:01:26,090 [pool-449-thread-1] INFO  impl.RoleInfo (RoleInfo.java:updateAndGet(143)) - ea424b11-7a6c-4478-b56e-288847dd4a2e: start FollowerState
2019-10-15 04:01:26,090 [pool-449-thread-1] INFO  util.JmxRegister (JmxRegister.java:tryRegister(44)) - Successfully registered JMX Bean with object name Ratis:service=RaftServer,group=group-555AEAD5E079,id=ea424b11-7a6c-4478-b56e-288847dd4a2e
2019-10-15 04:01:26,097 [RatisPipelineUtilsThread] INFO  pipeline.PipelineStateManager (PipelineStateManager.java:addPipeline(56)) - Created pipeline Pipeline[ Id: 8ef6cdaf-c0c2-4bb3-bbee-555aead5e079, Nodes: ea424b11-7a6c-4478-b56e-288847dd4a2e{ip: 192.168.151.112, host: pr-hdds-2194-gpqhj-1713016619, networkLocation: /default-rack, certSerialId: null}, Type:RATIS, Factor:ONE, State:OPEN]
2019-10-15 04:01:26,105 [grpc-default-executor-7] INFO  impl.RaftServerProxy (RaftServerProxy.java:addNew(89)) - 04d34dbb-fead-4dfd-831e-5ebb54778734: addNew group-4D200E4DD83B:[04d34dbb-fead-4dfd-831e-5ebb54778734:192.168.151.112:34060] returns group-4D200E4DD83B:java.util.concurrent.CompletableFuture@6746f0c1[Not completed]
2019-10-15 04:01:26,106 [pool-459-thread-1] INFO  impl.RaftServerImpl (RaftServerImpl.java:<init>(95)) - 04d34dbb-fead-4dfd-831e-5ebb54778734: new RaftServerImpl for group-4D200E4DD83B:[04d34dbb-fead-4dfd-831e-5ebb54778734:192.168.151.112:34060] with ContainerStateMachine:uninitialized
2019-10-15 04:01:26,106 [pool-459-thread-1] INFO  server.RaftServerConfigKeys (ConfUtils.java:logGet(43)) - raft.server.rpc.timeout.min = 5s (custom)
2019-10-15 04:01:26,106 [pool-459-thread-1] INFO  server.RaftServerConfigKeys (ConfUtils.java:logGet(43)) - raft.server.rpc.timeout.max = 5200ms (custom)
2019-10-15 04:01:26,106 [pool-459-thread-1] INFO  server.RaftServerConfigKeys (ConfUtils.java:logGet(43)) - raft.server.rpcslowness.timeout = 120s (custom)
2019-10-15 04:01:26,107 [pool-459-thread-1] INFO  server.RaftServerConfigKeys (ConfUtils.java:logGet(43)) - raft.server.sleep.deviation.threshold = 300 (default)
2019-10-15 04:01:26,107 [pool-459-thread-1] INFO  server.RaftServerConfigKeys (ConfUtils.java:logGet(43)) - raft.server.log.appender.install.snapshot.enabled = false (custom)
2019-10-15 04:01:26,107 [pool-459-thread-1] INFO  impl.RaftServerImpl (ServerState.java:<init>(103)) - 04d34dbb-fead-4dfd-831e-5ebb54778734@group-4D200E4DD83B: ConfigurationManager, init=-1: [04d34dbb-fead-4dfd-831e-5ebb54778734:192.168.151.112:34060], old=null, confs=<EMPTY_MAP>
2019-10-15 04:01:26,107 [pool-459-thread-1] INFO  server.RaftServerConfigKeys (ConfUtils.java:logGet(43)) - raft.server.storage.dir = [/workdir/hadoop-ozone/integration-test/target/test-dir/MiniOzoneClusterImpl-db17e535-db34-411d-81ae-c2250ad617e5/datanode-5/data/ratis] (custom)
2019-10-15 04:01:26,107 [pool-459-thread-1] INFO  server.RaftServerConfigKeys (ConfUtils.java:logGet(43)) - raft.server.log.corruption.policy = EXCEPTION (default)
2019-10-15 04:01:26,108 [pool-459-thread-1] INFO  storage.RaftStorageDirectory (RaftStorageDirectory.java:analyzeStorage(246)) - The storage directory /workdir/hadoop-ozone/integration-test/target/test-dir/MiniOzoneClusterImpl-db17e535-db34-411d-81ae-c2250ad617e5/datanode-5/data/ratis/840ba81d-2ef2-4e89-8be7-4d200e4dd83b does not exist. Creating ...
2019-10-15 04:01:26,137 [pool-459-thread-1] INFO  storage.RaftStorageDirectory (RaftStorageDirectory.java:tryLock(328)) - Lock on /workdir/hadoop-ozone/integration-test/target/test-dir/MiniOzoneClusterImpl-db17e535-db34-411d-81ae-c2250ad617e5/datanode-5/data/ratis/840ba81d-2ef2-4e89-8be7-4d200e4dd83b/in_use.lock acquired by nodename 24000@pr-hdds-2194-gpqhj-1713016619
2019-10-15 04:01:26,140 [IPC Server handler 8 on 45550] INFO  net.NetworkTopology (NetworkTopologyImpl.java:add(111)) - Added a new node: /default-rack/67c0e978-24c7-4da3-9562-b8c8cb62c5b8
2019-10-15 04:01:26,140 [IPC Server handler 8 on 45550] INFO  node.SCMNodeManager (SCMNodeManager.java:register(268)) - Registered Data node : 67c0e978-24c7-4da3-9562-b8c8cb62c5b8{ip: 192.168.151.112, host: pr-hdds-2194-gpqhj-1713016619, networkLocation: /default-rack, certSerialId: null}
2019-10-15 04:01:26,141 [main] INFO  ozone.MiniOzoneClusterImpl (MiniOzoneClusterImpl.java:lambda$waitForClusterToBeReady$0(147)) - Cluster is ready. Got 7 of 7 DN Heartbeats.
2019-10-15 04:01:26,178 [main] INFO  rpc.RpcClient (RpcClient.java:createVolume(272)) - Creating Volume: testblockoutputstream, with jenkins1000 as owner.
2019-10-15 04:01:26,180 [pool-459-thread-1] INFO  storage.RaftStorage (RaftStorage.java:format(84)) - Storage directory /workdir/hadoop-ozone/integration-test/target/test-dir/MiniOzoneClusterImpl-db17e535-db34-411d-81ae-c2250ad617e5/datanode-5/data/ratis/840ba81d-2ef2-4e89-8be7-4d200e4dd83b has been successfully formatted.
2019-10-15 04:01:26,180 [pool-459-thread-1] INFO  ratis.ContainerStateMachine (ContainerStateMachine.java:loadSnapshot(231)) - group-4D200E4DD83B: The snapshot info is null. Setting the last applied indexto:(t:0, i:~)
2019-10-15 04:01:26,180 [pool-459-thread-1] INFO  server.RaftServerConfigKeys (ConfUtils.java:logGet(43)) - raft.server.notification.no-leader.timeout = 120s (custom)
2019-10-15 04:01:26,181 [pool-459-thread-1] INFO  server.RaftServerConfigKeys (ConfUtils.java:logGet(43)) - raft.server.log.use.memory = false (default)
2019-10-15 04:01:26,181 [pool-459-thread-1] INFO  server.RaftServerConfigKeys (ConfUtils.java:logGet(43)) - raft.server.log.purge.gap = 1000000 (custom)
2019-10-15 04:01:26,181 [pool-459-thread-1] INFO  server.RaftServerConfigKeys (ConfUtils.java:logGet(43)) - raft.server.log.appender.buffer.byte-limit = 33554432 (custom)
2019-10-15 04:01:26,181 [IPC Server handler 2 on 38603] INFO  volume.OMVolumeCreateRequest (OMVolumeCreateRequest.java:validateAndUpdateCache(193)) - created volume:testblockoutputstream for user:jenkins1000
2019-10-15 04:01:26,181 [pool-459-thread-1] INFO  server.RaftServerConfigKeys (ConfUtils.java:logGet(43)) - raft.server.log.segment.size.max = 1048576 (custom)
2019-10-15 04:01:26,186 [pool-459-thread-1] INFO  server.RaftServerConfigKeys (ConfUtils.java:logGet(43)) - raft.server.log.segment.cache.num.max = 2 (custom)
2019-10-15 04:01:26,186 [pool-459-thread-1] INFO  segmented.SegmentedRaftLogWorker (SegmentedRaftLogWorker.java:<init>(173)) - new 04d34dbb-fead-4dfd-831e-5ebb54778734@group-4D200E4DD83B-SegmentedRaftLogWorker for RaftStorage:Storage Directory /workdir/hadoop-ozone/integration-test/target/test-dir/MiniOzoneClusterImpl-db17e535-db34-411d-81ae-c2250ad617e5/datanode-5/data/ratis/840ba81d-2ef2-4e89-8be7-4d200e4dd83b
2019-10-15 04:01:26,186 [pool-459-thread-1] INFO  server.RaftServerConfigKeys (ConfUtils.java:logGet(43)) - raft.server.log.queue.byte-limit = 2147483647 (custom)
2019-10-15 04:01:26,186 [pool-459-thread-1] INFO  server.RaftServerConfigKeys (ConfUtils.java:logGet(43)) - raft.server.log.queue.element-limit = 1024 (custom)
2019-10-15 04:01:26,195 [pool-459-thread-1] INFO  server.RaftServerConfigKeys (ConfUtils.java:logGet(43)) - raft.server.log.segment.size.max = 1048576 (custom)
2019-10-15 04:01:26,195 [pool-459-thread-1] INFO  server.RaftServerConfigKeys (ConfUtils.java:logGet(43)) - raft.server.log.preallocated.size = 16384 (custom)
2019-10-15 04:01:26,195 [pool-459-thread-1] INFO  server.RaftServerConfigKeys (ConfUtils.java:logGet(43)) - raft.server.log.write.buffer.size = 33554432 (custom)
2019-10-15 04:01:26,195 [pool-459-thread-1] INFO  server.RaftServerConfigKeys (ConfUtils.java:logGet(43)) - raft.server.log.force.sync.num = 128 (default)
2019-10-15 04:01:26,195 [main] INFO  rpc.RpcClient (RpcClient.java:createBucket(411)) - Creating Bucket: testblockoutputstream/testblockoutputstream, with Versioning false and Storage Type set to DISK and Encryption set to false 
2019-10-15 04:01:26,195 [pool-459-thread-1] INFO  server.RaftServerConfigKeys (ConfUtils.java:logGet(43)) - raft.server.log.statemachine.data.sync = true (default)
2019-10-15 04:01:26,196 [pool-459-thread-1] INFO  server.RaftServerConfigKeys (ConfUtils.java:logGet(43)) - raft.server.log.statemachine.data.sync.timeout = 10s (default)
2019-10-15 04:01:26,196 [pool-459-thread-1] INFO  server.RaftServerConfigKeys (ConfUtils.java:logGet(43)) - raft.server.log.statemachine.data.sync.timeout.retry = -1 (default)
2019-10-15 04:01:26,196 [pool-459-thread-1] INFO  server.RaftServerConfigKeys (ConfUtils.java:logGet(43)) - raft.server.log.statemachine.data.caching.enabled = true (custom)
2019-10-15 04:01:26,196 [pool-459-thread-1] INFO  segmented.SegmentedRaftLogWorker (SegmentedRaftLogWorker.java:lambda$new$0(128)) - 04d34dbb-fead-4dfd-831e-5ebb54778734@group-4D200E4DD83B-SegmentedRaftLogWorker: flushIndex: setUnconditionally 0 -> -1
2019-10-15 04:01:26,198 [pool-459-thread-1] INFO  server.RaftServerConfigKeys (ConfUtils.java:logGet(43)) - raft.server.snapshot.auto.trigger.enabled = true (custom)
2019-10-15 04:01:26,198 [pool-459-thread-1] INFO  server.RaftServerConfigKeys (ConfUtils.java:logGet(43)) - raft.server.snapshot.auto.trigger.threshold = 10000 (custom)
2019-10-15 04:01:26,199 [pool-459-thread-1] INFO  server.RaftServerConfigKeys (ConfUtils.java:logGet(43)) - raft.server.snapshot.retention.file.num = 5 (custom)
2019-10-15 04:01:26,199 [pool-459-thread-1] INFO  server.RaftServerConfigKeys (ConfUtils.java:logGet(43)) - raft.server.retrycache.expirytime = 600000ms (custom)
2019-10-15 04:01:26,200 [pool-459-thread-1] INFO  impl.RaftServerImpl (RaftServerImpl.java:start(181)) - 04d34dbb-fead-4dfd-831e-5ebb54778734@group-4D200E4DD83B: start as a follower, conf=-1: [04d34dbb-fead-4dfd-831e-5ebb54778734:192.168.151.112:34060], old=null
2019-10-15 04:01:26,201 [pool-459-thread-1] INFO  impl.RaftServerImpl (RaftServerImpl.java:setRole(170)) - 04d34dbb-fead-4dfd-831e-5ebb54778734@group-4D200E4DD83B: changes role from      null to FOLLOWER at term 0 for startAsFollower
2019-10-15 04:01:26,201 [pool-459-thread-1] INFO  impl.RoleInfo (RoleInfo.java:updateAndGet(143)) - 04d34dbb-fead-4dfd-831e-5ebb54778734: start FollowerState
2019-10-15 04:01:26,201 [pool-459-thread-1] INFO  util.JmxRegister (JmxRegister.java:tryRegister(44)) - Successfully registered JMX Bean with object name Ratis:service=RaftServer,group=group-4D200E4DD83B,id=04d34dbb-fead-4dfd-831e-5ebb54778734
2019-10-15 04:01:26,206 [RatisPipelineUtilsThread] INFO  pipeline.PipelineStateManager (PipelineStateManager.java:addPipeline(56)) - Created pipeline Pipeline[ Id: 840ba81d-2ef2-4e89-8be7-4d200e4dd83b, Nodes: 04d34dbb-fead-4dfd-831e-5ebb54778734{ip: 192.168.151.112, host: pr-hdds-2194-gpqhj-1713016619, networkLocation: /default-rack, certSerialId: null}, Type:RATIS, Factor:ONE, State:OPEN]
2019-10-15 04:01:26,220 [grpc-default-executor-7] INFO  impl.RaftServerProxy (RaftServerProxy.java:addNew(89)) - 67c0e978-24c7-4da3-9562-b8c8cb62c5b8: addNew group-BF40E3471501:[67c0e978-24c7-4da3-9562-b8c8cb62c5b8:192.168.151.112:35558] returns group-BF40E3471501:java.util.concurrent.CompletableFuture@424b7fbb[Not completed]
2019-10-15 04:01:26,221 [pool-469-thread-1] INFO  impl.RaftServerImpl (RaftServerImpl.java:<init>(95)) - 67c0e978-24c7-4da3-9562-b8c8cb62c5b8: new RaftServerImpl for group-BF40E3471501:[67c0e978-24c7-4da3-9562-b8c8cb62c5b8:192.168.151.112:35558] with ContainerStateMachine:uninitialized
2019-10-15 04:01:26,221 [pool-469-thread-1] INFO  server.RaftServerConfigKeys (ConfUtils.java:logGet(43)) - raft.server.rpc.timeout.min = 5s (custom)
2019-10-15 04:01:26,221 [pool-469-thread-1] INFO  server.RaftServerConfigKeys (ConfUtils.java:logGet(43)) - raft.server.rpc.timeout.max = 5200ms (custom)
2019-10-15 04:01:26,221 [pool-469-thread-1] INFO  server.RaftServerConfigKeys (ConfUtils.java:logGet(43)) - raft.server.rpcslowness.timeout = 120s (custom)
2019-10-15 04:01:26,221 [pool-469-thread-1] INFO  server.RaftServerConfigKeys (ConfUtils.java:logGet(43)) - raft.server.sleep.deviation.threshold = 300 (default)
2019-10-15 04:01:26,221 [pool-469-thread-1] INFO  server.RaftServerConfigKeys (ConfUtils.java:logGet(43)) - raft.server.log.appender.install.snapshot.enabled = false (custom)
2019-10-15 04:01:26,221 [pool-469-thread-1] INFO  impl.RaftServerImpl (ServerState.java:<init>(103)) - 67c0e978-24c7-4da3-9562-b8c8cb62c5b8@group-BF40E3471501: ConfigurationManager, init=-1: [67c0e978-24c7-4da3-9562-b8c8cb62c5b8:192.168.151.112:35558], old=null, confs=<EMPTY_MAP>
2019-10-15 04:01:26,221 [pool-469-thread-1] INFO  server.RaftServerConfigKeys (ConfUtils.java:logGet(43)) - raft.server.storage.dir = [/workdir/hadoop-ozone/integration-test/target/test-dir/MiniOzoneClusterImpl-db17e535-db34-411d-81ae-c2250ad617e5/datanode-6/data/ratis] (custom)
2019-10-15 04:01:26,222 [pool-469-thread-1] INFO  server.RaftServerConfigKeys (ConfUtils.java:logGet(43)) - raft.server.log.corruption.policy = EXCEPTION (default)
2019-10-15 04:01:26,222 [pool-469-thread-1] INFO  storage.RaftStorageDirectory (RaftStorageDirectory.java:analyzeStorage(246)) - The storage directory /workdir/hadoop-ozone/integration-test/target/test-dir/MiniOzoneClusterImpl-db17e535-db34-411d-81ae-c2250ad617e5/datanode-6/data/ratis/b7eb42ad-ad7c-4ff8-847e-bf40e3471501 does not exist. Creating ...
2019-10-15 04:01:26,255 [pool-469-thread-1] INFO  storage.RaftStorageDirectory (RaftStorageDirectory.java:tryLock(328)) - Lock on /workdir/hadoop-ozone/integration-test/target/test-dir/MiniOzoneClusterImpl-db17e535-db34-411d-81ae-c2250ad617e5/datanode-6/data/ratis/b7eb42ad-ad7c-4ff8-847e-bf40e3471501/in_use.lock acquired by nodename 24000@pr-hdds-2194-gpqhj-1713016619
2019-10-15 04:01:26,281 [pool-469-thread-1] INFO  storage.RaftStorage (RaftStorage.java:format(84)) - Storage directory /workdir/hadoop-ozone/integration-test/target/test-dir/MiniOzoneClusterImpl-db17e535-db34-411d-81ae-c2250ad617e5/datanode-6/data/ratis/b7eb42ad-ad7c-4ff8-847e-bf40e3471501 has been successfully formatted.
2019-10-15 04:01:26,281 [pool-469-thread-1] INFO  ratis.ContainerStateMachine (ContainerStateMachine.java:loadSnapshot(231)) - group-BF40E3471501: The snapshot info is null. Setting the last applied indexto:(t:0, i:~)
2019-10-15 04:01:26,281 [pool-469-thread-1] INFO  server.RaftServerConfigKeys (ConfUtils.java:logGet(43)) - raft.server.notification.no-leader.timeout = 120s (custom)
2019-10-15 04:01:26,281 [pool-469-thread-1] INFO  server.RaftServerConfigKeys (ConfUtils.java:logGet(43)) - raft.server.log.use.memory = false (default)
2019-10-15 04:01:26,281 [pool-469-thread-1] INFO  server.RaftServerConfigKeys (ConfUtils.java:logGet(43)) - raft.server.log.purge.gap = 1000000 (custom)
2019-10-15 04:01:26,282 [pool-469-thread-1] INFO  server.RaftServerConfigKeys (ConfUtils.java:logGet(43)) - raft.server.log.appender.buffer.byte-limit = 33554432 (custom)
2019-10-15 04:01:26,282 [pool-469-thread-1] INFO  server.RaftServerConfigKeys (ConfUtils.java:logGet(43)) - raft.server.log.segment.size.max = 1048576 (custom)
2019-10-15 04:01:26,283 [pool-469-thread-1] INFO  server.RaftServerConfigKeys (ConfUtils.java:logGet(43)) - raft.server.log.segment.cache.num.max = 2 (custom)
2019-10-15 04:01:26,283 [pool-469-thread-1] INFO  segmented.SegmentedRaftLogWorker (SegmentedRaftLogWorker.java:<init>(173)) - new 67c0e978-24c7-4da3-9562-b8c8cb62c5b8@group-BF40E3471501-SegmentedRaftLogWorker for RaftStorage:Storage Directory /workdir/hadoop-ozone/integration-test/target/test-dir/MiniOzoneClusterImpl-db17e535-db34-411d-81ae-c2250ad617e5/datanode-6/data/ratis/b7eb42ad-ad7c-4ff8-847e-bf40e3471501
2019-10-15 04:01:26,283 [pool-469-thread-1] INFO  server.RaftServerConfigKeys (ConfUtils.java:logGet(43)) - raft.server.log.queue.byte-limit = 2147483647 (custom)
2019-10-15 04:01:26,283 [pool-469-thread-1] INFO  server.RaftServerConfigKeys (ConfUtils.java:logGet(43)) - raft.server.log.queue.element-limit = 1024 (custom)
2019-10-15 04:01:26,283 [pool-469-thread-1] INFO  server.RaftServerConfigKeys (ConfUtils.java:logGet(43)) - raft.server.log.segment.size.max = 1048576 (custom)
2019-10-15 04:01:26,283 [pool-469-thread-1] INFO  server.RaftServerConfigKeys (ConfUtils.java:logGet(43)) - raft.server.log.preallocated.size = 16384 (custom)
2019-10-15 04:01:26,283 [pool-469-thread-1] INFO  server.RaftServerConfigKeys (ConfUtils.java:logGet(43)) - raft.server.log.write.buffer.size = 33554432 (custom)
2019-10-15 04:01:26,284 [pool-469-thread-1] INFO  server.RaftServerConfigKeys (ConfUtils.java:logGet(43)) - raft.server.log.force.sync.num = 128 (default)
2019-10-15 04:01:26,284 [pool-469-thread-1] INFO  server.RaftServerConfigKeys (ConfUtils.java:logGet(43)) - raft.server.log.statemachine.data.sync = true (default)
2019-10-15 04:01:26,284 [pool-469-thread-1] INFO  server.RaftServerConfigKeys (ConfUtils.java:logGet(43)) - raft.server.log.statemachine.data.sync.timeout = 10s (default)
2019-10-15 04:01:26,284 [pool-469-thread-1] INFO  server.RaftServerConfigKeys (ConfUtils.java:logGet(43)) - raft.server.log.statemachine.data.sync.timeout.retry = -1 (default)
2019-10-15 04:01:26,284 [pool-469-thread-1] INFO  server.RaftServerConfigKeys (ConfUtils.java:logGet(43)) - raft.server.log.statemachine.data.caching.enabled = true (custom)
2019-10-15 04:01:26,284 [pool-469-thread-1] INFO  segmented.SegmentedRaftLogWorker (SegmentedRaftLogWorker.java:lambda$new$0(128)) - 67c0e978-24c7-4da3-9562-b8c8cb62c5b8@group-BF40E3471501-SegmentedRaftLogWorker: flushIndex: setUnconditionally 0 -> -1
2019-10-15 04:01:26,285 [pool-469-thread-1] INFO  server.RaftServerConfigKeys (ConfUtils.java:logGet(43)) - raft.server.snapshot.auto.trigger.enabled = true (custom)
2019-10-15 04:01:26,285 [pool-469-thread-1] INFO  server.RaftServerConfigKeys (ConfUtils.java:logGet(43)) - raft.server.snapshot.auto.trigger.threshold = 10000 (custom)
2019-10-15 04:01:26,285 [pool-469-thread-1] INFO  server.RaftServerConfigKeys (ConfUtils.java:logGet(43)) - raft.server.snapshot.retention.file.num = 5 (custom)
2019-10-15 04:01:26,285 [pool-469-thread-1] INFO  server.RaftServerConfigKeys (ConfUtils.java:logGet(43)) - raft.server.retrycache.expirytime = 600000ms (custom)
2019-10-15 04:01:26,286 [pool-469-thread-1] INFO  impl.RaftServerImpl (RaftServerImpl.java:start(181)) - 67c0e978-24c7-4da3-9562-b8c8cb62c5b8@group-BF40E3471501: start as a follower, conf=-1: [67c0e978-24c7-4da3-9562-b8c8cb62c5b8:192.168.151.112:35558], old=null
2019-10-15 04:01:26,286 [pool-469-thread-1] INFO  impl.RaftServerImpl (RaftServerImpl.java:setRole(170)) - 67c0e978-24c7-4da3-9562-b8c8cb62c5b8@group-BF40E3471501: changes role from      null to FOLLOWER at term 0 for startAsFollower
2019-10-15 04:01:26,286 [pool-469-thread-1] INFO  impl.RoleInfo (RoleInfo.java:updateAndGet(143)) - 67c0e978-24c7-4da3-9562-b8c8cb62c5b8: start FollowerState
2019-10-15 04:01:26,286 [pool-469-thread-1] INFO  util.JmxRegister (JmxRegister.java:tryRegister(44)) - Successfully registered JMX Bean with object name Ratis:service=RaftServer,group=group-BF40E3471501,id=67c0e978-24c7-4da3-9562-b8c8cb62c5b8
2019-10-15 04:01:26,292 [RatisPipelineUtilsThread] INFO  pipeline.PipelineStateManager (PipelineStateManager.java:addPipeline(56)) - Created pipeline Pipeline[ Id: b7eb42ad-ad7c-4ff8-847e-bf40e3471501, Nodes: 67c0e978-24c7-4da3-9562-b8c8cb62c5b8{ip: 192.168.151.112, host: pr-hdds-2194-gpqhj-1713016619, networkLocation: /default-rack, certSerialId: null}, Type:RATIS, Factor:ONE, State:OPEN]
2019-10-15 04:01:26,303 [grpc-default-executor-8] INFO  impl.RaftServerProxy (RaftServerProxy.java:addNew(89)) - 7e6dbcba-bf51-49ed-94c0-b704c4b6a7d9: addNew group-41F18346D9FB:[d407453e-f342-4891-ad71-781bc79e517e:192.168.151.112:42458, 32aa562e-9d4b-43a6-96a8-df338a0b5f68:192.168.151.112:34779, 7e6dbcba-bf51-49ed-94c0-b704c4b6a7d9:192.168.151.112:45998] returns group-41F18346D9FB:java.util.concurrent.CompletableFuture@1b15808c[Not completed]
2019-10-15 04:01:26,303 [grpc-default-executor-6] INFO  impl.RaftServerProxy (RaftServerProxy.java:addNew(89)) - 32aa562e-9d4b-43a6-96a8-df338a0b5f68: addNew group-41F18346D9FB:[d407453e-f342-4891-ad71-781bc79e517e:192.168.151.112:42458, 32aa562e-9d4b-43a6-96a8-df338a0b5f68:192.168.151.112:34779, 7e6dbcba-bf51-49ed-94c0-b704c4b6a7d9:192.168.151.112:45998] returns group-41F18346D9FB:java.util.concurrent.CompletableFuture@60bf29af[Not completed]
2019-10-15 04:01:26,303 [grpc-default-executor-7] INFO  impl.RaftServerProxy (RaftServerProxy.java:addNew(89)) - d407453e-f342-4891-ad71-781bc79e517e: addNew group-41F18346D9FB:[d407453e-f342-4891-ad71-781bc79e517e:192.168.151.112:42458, 32aa562e-9d4b-43a6-96a8-df338a0b5f68:192.168.151.112:34779, 7e6dbcba-bf51-49ed-94c0-b704c4b6a7d9:192.168.151.112:45998] returns group-41F18346D9FB:java.util.concurrent.CompletableFuture@4e6a83e1[Not completed]
2019-10-15 04:01:26,304 [pool-409-thread-1] INFO  impl.RaftServerImpl (RaftServerImpl.java:<init>(95)) - 32aa562e-9d4b-43a6-96a8-df338a0b5f68: new RaftServerImpl for group-41F18346D9FB:[d407453e-f342-4891-ad71-781bc79e517e:192.168.151.112:42458, 32aa562e-9d4b-43a6-96a8-df338a0b5f68:192.168.151.112:34779, 7e6dbcba-bf51-49ed-94c0-b704c4b6a7d9:192.168.151.112:45998] with ContainerStateMachine:uninitialized
2019-10-15 04:01:26,305 [pool-409-thread-1] INFO  server.RaftServerConfigKeys (ConfUtils.java:logGet(43)) - raft.server.rpc.timeout.min = 5s (custom)
2019-10-15 04:01:26,305 [pool-409-thread-1] INFO  server.RaftServerConfigKeys (ConfUtils.java:logGet(43)) - raft.server.rpc.timeout.max = 5200ms (custom)
2019-10-15 04:01:26,305 [pool-409-thread-1] INFO  server.RaftServerConfigKeys (ConfUtils.java:logGet(43)) - raft.server.rpcslowness.timeout = 120s (custom)
2019-10-15 04:01:26,305 [pool-409-thread-1] INFO  server.RaftServerConfigKeys (ConfUtils.java:logGet(43)) - raft.server.sleep.deviation.threshold = 300 (default)
2019-10-15 04:01:26,305 [pool-409-thread-1] INFO  server.RaftServerConfigKeys (ConfUtils.java:logGet(43)) - raft.server.log.appender.install.snapshot.enabled = false (custom)
2019-10-15 04:01:26,305 [pool-439-thread-1] INFO  impl.RaftServerImpl (RaftServerImpl.java:<init>(95)) - 7e6dbcba-bf51-49ed-94c0-b704c4b6a7d9: new RaftServerImpl for group-41F18346D9FB:[d407453e-f342-4891-ad71-781bc79e517e:192.168.151.112:42458, 32aa562e-9d4b-43a6-96a8-df338a0b5f68:192.168.151.112:34779, 7e6dbcba-bf51-49ed-94c0-b704c4b6a7d9:192.168.151.112:45998] with ContainerStateMachine:uninitialized
2019-10-15 04:01:26,305 [pool-409-thread-1] INFO  impl.RaftServerImpl (ServerState.java:<init>(103)) - 32aa562e-9d4b-43a6-96a8-df338a0b5f68@group-41F18346D9FB: ConfigurationManager, init=-1: [d407453e-f342-4891-ad71-781bc79e517e:192.168.151.112:42458, 32aa562e-9d4b-43a6-96a8-df338a0b5f68:192.168.151.112:34779, 7e6dbcba-bf51-49ed-94c0-b704c4b6a7d9:192.168.151.112:45998], old=null, confs=<EMPTY_MAP>
2019-10-15 04:01:26,305 [pool-439-thread-1] INFO  server.RaftServerConfigKeys (ConfUtils.java:logGet(43)) - raft.server.rpc.timeout.min = 5s (custom)
2019-10-15 04:01:26,305 [pool-409-thread-1] INFO  server.RaftServerConfigKeys (ConfUtils.java:logGet(43)) - raft.server.storage.dir = [/workdir/hadoop-ozone/integration-test/target/test-dir/MiniOzoneClusterImpl-db17e535-db34-411d-81ae-c2250ad617e5/datanode-0/data/ratis] (custom)
2019-10-15 04:01:26,306 [pool-439-thread-1] INFO  server.RaftServerConfigKeys (ConfUtils.java:logGet(43)) - raft.server.rpc.timeout.max = 5200ms (custom)
2019-10-15 04:01:26,306 [pool-419-thread-1] INFO  impl.RaftServerImpl (RaftServerImpl.java:<init>(95)) - d407453e-f342-4891-ad71-781bc79e517e: new RaftServerImpl for group-41F18346D9FB:[d407453e-f342-4891-ad71-781bc79e517e:192.168.151.112:42458, 32aa562e-9d4b-43a6-96a8-df338a0b5f68:192.168.151.112:34779, 7e6dbcba-bf51-49ed-94c0-b704c4b6a7d9:192.168.151.112:45998] with ContainerStateMachine:uninitialized
2019-10-15 04:01:26,306 [pool-439-thread-1] INFO  server.RaftServerConfigKeys (ConfUtils.java:logGet(43)) - raft.server.rpcslowness.timeout = 120s (custom)
2019-10-15 04:01:26,306 [pool-409-thread-1] INFO  server.RaftServerConfigKeys (ConfUtils.java:logGet(43)) - raft.server.log.corruption.policy = EXCEPTION (default)
2019-10-15 04:01:26,306 [pool-439-thread-1] INFO  server.RaftServerConfigKeys (ConfUtils.java:logGet(43)) - raft.server.sleep.deviation.threshold = 300 (default)
2019-10-15 04:01:26,306 [pool-419-thread-1] INFO  server.RaftServerConfigKeys (ConfUtils.java:logGet(43)) - raft.server.rpc.timeout.min = 5s (custom)
2019-10-15 04:01:26,306 [pool-439-thread-1] INFO  server.RaftServerConfigKeys (ConfUtils.java:logGet(43)) - raft.server.log.appender.install.snapshot.enabled = false (custom)
2019-10-15 04:01:26,306 [pool-409-thread-1] INFO  storage.RaftStorageDirectory (RaftStorageDirectory.java:analyzeStorage(246)) - The storage directory /workdir/hadoop-ozone/integration-test/target/test-dir/MiniOzoneClusterImpl-db17e535-db34-411d-81ae-c2250ad617e5/datanode-0/data/ratis/ea52bf64-b42d-464a-97f9-41f18346d9fb does not exist. Creating ...
2019-10-15 04:01:26,307 [pool-439-thread-1] INFO  impl.RaftServerImpl (ServerState.java:<init>(103)) - 7e6dbcba-bf51-49ed-94c0-b704c4b6a7d9@group-41F18346D9FB: ConfigurationManager, init=-1: [d407453e-f342-4891-ad71-781bc79e517e:192.168.151.112:42458, 32aa562e-9d4b-43a6-96a8-df338a0b5f68:192.168.151.112:34779, 7e6dbcba-bf51-49ed-94c0-b704c4b6a7d9:192.168.151.112:45998], old=null, confs=<EMPTY_MAP>
2019-10-15 04:01:26,306 [pool-419-thread-1] INFO  server.RaftServerConfigKeys (ConfUtils.java:logGet(43)) - raft.server.rpc.timeout.max = 5200ms (custom)
2019-10-15 04:01:26,307 [pool-439-thread-1] INFO  server.RaftServerConfigKeys (ConfUtils.java:logGet(43)) - raft.server.storage.dir = [/workdir/hadoop-ozone/integration-test/target/test-dir/MiniOzoneClusterImpl-db17e535-db34-411d-81ae-c2250ad617e5/datanode-3/data/ratis] (custom)
2019-10-15 04:01:26,307 [pool-419-thread-1] INFO  server.RaftServerConfigKeys (ConfUtils.java:logGet(43)) - raft.server.rpcslowness.timeout = 120s (custom)
2019-10-15 04:01:26,307 [pool-419-thread-1] INFO  server.RaftServerConfigKeys (ConfUtils.java:logGet(43)) - raft.server.sleep.deviation.threshold = 300 (default)
2019-10-15 04:01:26,307 [pool-439-thread-1] INFO  server.RaftServerConfigKeys (ConfUtils.java:logGet(43)) - raft.server.log.corruption.policy = EXCEPTION (default)
2019-10-15 04:01:26,307 [pool-419-thread-1] INFO  server.RaftServerConfigKeys (ConfUtils.java:logGet(43)) - raft.server.log.appender.install.snapshot.enabled = false (custom)
2019-10-15 04:01:26,307 [pool-439-thread-1] INFO  storage.RaftStorageDirectory (RaftStorageDirectory.java:analyzeStorage(246)) - The storage directory /workdir/hadoop-ozone/integration-test/target/test-dir/MiniOzoneClusterImpl-db17e535-db34-411d-81ae-c2250ad617e5/datanode-3/data/ratis/ea52bf64-b42d-464a-97f9-41f18346d9fb does not exist. Creating ...
2019-10-15 04:01:26,307 [pool-419-thread-1] INFO  impl.RaftServerImpl (ServerState.java:<init>(103)) - d407453e-f342-4891-ad71-781bc79e517e@group-41F18346D9FB: ConfigurationManager, init=-1: [d407453e-f342-4891-ad71-781bc79e517e:192.168.151.112:42458, 32aa562e-9d4b-43a6-96a8-df338a0b5f68:192.168.151.112:34779, 7e6dbcba-bf51-49ed-94c0-b704c4b6a7d9:192.168.151.112:45998], old=null, confs=<EMPTY_MAP>
2019-10-15 04:01:26,308 [pool-419-thread-1] INFO  server.RaftServerConfigKeys (ConfUtils.java:logGet(43)) - raft.server.storage.dir = [/workdir/hadoop-ozone/integration-test/target/test-dir/MiniOzoneClusterImpl-db17e535-db34-411d-81ae-c2250ad617e5/datanode-1/data/ratis] (custom)
2019-10-15 04:01:26,308 [pool-419-thread-1] INFO  server.RaftServerConfigKeys (ConfUtils.java:logGet(43)) - raft.server.log.corruption.policy = EXCEPTION (default)
2019-10-15 04:01:26,308 [pool-419-thread-1] INFO  storage.RaftStorageDirectory (RaftStorageDirectory.java:analyzeStorage(246)) - The storage directory /workdir/hadoop-ozone/integration-test/target/test-dir/MiniOzoneClusterImpl-db17e535-db34-411d-81ae-c2250ad617e5/datanode-1/data/ratis/ea52bf64-b42d-464a-97f9-41f18346d9fb does not exist. Creating ...
2019-10-15 04:01:26,340 [pool-409-thread-1] INFO  storage.RaftStorageDirectory (RaftStorageDirectory.java:tryLock(328)) - Lock on /workdir/hadoop-ozone/integration-test/target/test-dir/MiniOzoneClusterImpl-db17e535-db34-411d-81ae-c2250ad617e5/datanode-0/data/ratis/ea52bf64-b42d-464a-97f9-41f18346d9fb/in_use.lock acquired by nodename 24000@pr-hdds-2194-gpqhj-1713016619
2019-10-15 04:01:26,340 [pool-439-thread-1] INFO  storage.RaftStorageDirectory (RaftStorageDirectory.java:tryLock(328)) - Lock on /workdir/hadoop-ozone/integration-test/target/test-dir/MiniOzoneClusterImpl-db17e535-db34-411d-81ae-c2250ad617e5/datanode-3/data/ratis/ea52bf64-b42d-464a-97f9-41f18346d9fb/in_use.lock acquired by nodename 24000@pr-hdds-2194-gpqhj-1713016619
2019-10-15 04:01:26,340 [pool-419-thread-1] INFO  storage.RaftStorageDirectory (RaftStorageDirectory.java:tryLock(328)) - Lock on /workdir/hadoop-ozone/integration-test/target/test-dir/MiniOzoneClusterImpl-db17e535-db34-411d-81ae-c2250ad617e5/datanode-1/data/ratis/ea52bf64-b42d-464a-97f9-41f18346d9fb/in_use.lock acquired by nodename 24000@pr-hdds-2194-gpqhj-1713016619
2019-10-15 04:01:26,374 [pool-409-thread-1] INFO  storage.RaftStorage (RaftStorage.java:format(84)) - Storage directory /workdir/hadoop-ozone/integration-test/target/test-dir/MiniOzoneClusterImpl-db17e535-db34-411d-81ae-c2250ad617e5/datanode-0/data/ratis/ea52bf64-b42d-464a-97f9-41f18346d9fb has been successfully formatted.
2019-10-15 04:01:26,374 [pool-419-thread-1] INFO  storage.RaftStorage (RaftStorage.java:format(84)) - Storage directory /workdir/hadoop-ozone/integration-test/target/test-dir/MiniOzoneClusterImpl-db17e535-db34-411d-81ae-c2250ad617e5/datanode-1/data/ratis/ea52bf64-b42d-464a-97f9-41f18346d9fb has been successfully formatted.
2019-10-15 04:01:26,374 [pool-439-thread-1] INFO  storage.RaftStorage (RaftStorage.java:format(84)) - Storage directory /workdir/hadoop-ozone/integration-test/target/test-dir/MiniOzoneClusterImpl-db17e535-db34-411d-81ae-c2250ad617e5/datanode-3/data/ratis/ea52bf64-b42d-464a-97f9-41f18346d9fb has been successfully formatted.
2019-10-15 04:01:26,374 [pool-409-thread-1] INFO  ratis.ContainerStateMachine (ContainerStateMachine.java:loadSnapshot(231)) - group-41F18346D9FB: The snapshot info is null. Setting the last applied indexto:(t:0, i:~)
2019-10-15 04:01:26,374 [pool-439-thread-1] INFO  ratis.ContainerStateMachine (ContainerStateMachine.java:loadSnapshot(231)) - group-41F18346D9FB: The snapshot info is null. Setting the last applied indexto:(t:0, i:~)
2019-10-15 04:01:26,374 [pool-419-thread-1] INFO  ratis.ContainerStateMachine (ContainerStateMachine.java:loadSnapshot(231)) - group-41F18346D9FB: The snapshot info is null. Setting the last applied indexto:(t:0, i:~)
2019-10-15 04:01:26,375 [pool-439-thread-1] INFO  server.RaftServerConfigKeys (ConfUtils.java:logGet(43)) - raft.server.notification.no-leader.timeout = 120s (custom)
2019-10-15 04:01:26,374 [pool-409-thread-1] INFO  server.RaftServerConfigKeys (ConfUtils.java:logGet(43)) - raft.server.notification.no-leader.timeout = 120s (custom)
2019-10-15 04:01:26,375 [pool-439-thread-1] INFO  server.RaftServerConfigKeys (ConfUtils.java:logGet(43)) - raft.server.log.use.memory = false (default)
2019-10-15 04:01:26,375 [pool-419-thread-1] INFO  server.RaftServerConfigKeys (ConfUtils.java:logGet(43)) - raft.server.notification.no-leader.timeout = 120s (custom)
2019-10-15 04:01:26,375 [pool-439-thread-1] INFO  server.RaftServerConfigKeys (ConfUtils.java:logGet(43)) - raft.server.log.purge.gap = 1000000 (custom)
2019-10-15 04:01:26,375 [pool-409-thread-1] INFO  server.RaftServerConfigKeys (ConfUtils.java:logGet(43)) - raft.server.log.use.memory = false (default)
2019-10-15 04:01:26,375 [pool-439-thread-1] INFO  server.RaftServerConfigKeys (ConfUtils.java:logGet(43)) - raft.server.log.appender.buffer.byte-limit = 33554432 (custom)
2019-10-15 04:01:26,375 [pool-419-thread-1] INFO  server.RaftServerConfigKeys (ConfUtils.java:logGet(43)) - raft.server.log.use.memory = false (default)
2019-10-15 04:01:26,376 [pool-439-thread-1] INFO  server.RaftServerConfigKeys (ConfUtils.java:logGet(43)) - raft.server.log.segment.size.max = 1048576 (custom)
2019-10-15 04:01:26,376 [pool-409-thread-1] INFO  server.RaftServerConfigKeys (ConfUtils.java:logGet(43)) - raft.server.log.purge.gap = 1000000 (custom)
2019-10-15 04:01:26,376 [pool-439-thread-1] INFO  server.RaftServerConfigKeys (ConfUtils.java:logGet(43)) - raft.server.log.segment.cache.num.max = 2 (custom)
2019-10-15 04:01:26,376 [pool-419-thread-1] INFO  server.RaftServerConfigKeys (ConfUtils.java:logGet(43)) - raft.server.log.purge.gap = 1000000 (custom)
2019-10-15 04:01:26,376 [pool-439-thread-1] INFO  segmented.SegmentedRaftLogWorker (SegmentedRaftLogWorker.java:<init>(173)) - new 7e6dbcba-bf51-49ed-94c0-b704c4b6a7d9@group-41F18346D9FB-SegmentedRaftLogWorker for RaftStorage:Storage Directory /workdir/hadoop-ozone/integration-test/target/test-dir/MiniOzoneClusterImpl-db17e535-db34-411d-81ae-c2250ad617e5/datanode-3/data/ratis/ea52bf64-b42d-464a-97f9-41f18346d9fb
2019-10-15 04:01:26,376 [pool-409-thread-1] INFO  server.RaftServerConfigKeys (ConfUtils.java:logGet(43)) - raft.server.log.appender.buffer.byte-limit = 33554432 (custom)
2019-10-15 04:01:26,376 [pool-439-thread-1] INFO  server.RaftServerConfigKeys (ConfUtils.java:logGet(43)) - raft.server.log.queue.byte-limit = 2147483647 (custom)
2019-10-15 04:01:26,376 [pool-419-thread-1] INFO  server.RaftServerConfigKeys (ConfUtils.java:logGet(43)) - raft.server.log.appender.buffer.byte-limit = 33554432 (custom)
2019-10-15 04:01:26,377 [pool-439-thread-1] INFO  server.RaftServerConfigKeys (ConfUtils.java:logGet(43)) - raft.server.log.queue.element-limit = 1024 (custom)
2019-10-15 04:01:26,377 [pool-409-thread-1] INFO  server.RaftServerConfigKeys (ConfUtils.java:logGet(43)) - raft.server.log.segment.size.max = 1048576 (custom)
2019-10-15 04:01:26,377 [pool-439-thread-1] INFO  server.RaftServerConfigKeys (ConfUtils.java:logGet(43)) - raft.server.log.segment.size.max = 1048576 (custom)
2019-10-15 04:01:26,377 [pool-419-thread-1] INFO  server.RaftServerConfigKeys (ConfUtils.java:logGet(43)) - raft.server.log.segment.size.max = 1048576 (custom)
2019-10-15 04:01:26,377 [pool-439-thread-1] INFO  server.RaftServerConfigKeys (ConfUtils.java:logGet(43)) - raft.server.log.preallocated.size = 16384 (custom)
2019-10-15 04:01:26,377 [pool-409-thread-1] INFO  server.RaftServerConfigKeys (ConfUtils.java:logGet(43)) - raft.server.log.segment.cache.num.max = 2 (custom)
2019-10-15 04:01:26,378 [pool-439-thread-1] INFO  server.RaftServerConfigKeys (ConfUtils.java:logGet(43)) - raft.server.log.write.buffer.size = 33554432 (custom)
2019-10-15 04:01:26,377 [pool-419-thread-1] INFO  server.RaftServerConfigKeys (ConfUtils.java:logGet(43)) - raft.server.log.segment.cache.num.max = 2 (custom)
2019-10-15 04:01:26,378 [pool-439-thread-1] INFO  server.RaftServerConfigKeys (ConfUtils.java:logGet(43)) - raft.server.log.force.sync.num = 128 (default)
2019-10-15 04:01:26,378 [pool-409-thread-1] INFO  segmented.SegmentedRaftLogWorker (SegmentedRaftLogWorker.java:<init>(173)) - new 32aa562e-9d4b-43a6-96a8-df338a0b5f68@group-41F18346D9FB-SegmentedRaftLogWorker for RaftStorage:Storage Directory /workdir/hadoop-ozone/integration-test/target/test-dir/MiniOzoneClusterImpl-db17e535-db34-411d-81ae-c2250ad617e5/datanode-0/data/ratis/ea52bf64-b42d-464a-97f9-41f18346d9fb
2019-10-15 04:01:26,378 [pool-439-thread-1] INFO  server.RaftServerConfigKeys (ConfUtils.java:logGet(43)) - raft.server.log.statemachine.data.sync = true (default)
2019-10-15 04:01:26,378 [pool-419-thread-1] INFO  segmented.SegmentedRaftLogWorker (SegmentedRaftLogWorker.java:<init>(173)) - new d407453e-f342-4891-ad71-781bc79e517e@group-41F18346D9FB-SegmentedRaftLogWorker for RaftStorage:Storage Directory /workdir/hadoop-ozone/integration-test/target/test-dir/MiniOzoneClusterImpl-db17e535-db34-411d-81ae-c2250ad617e5/datanode-1/data/ratis/ea52bf64-b42d-464a-97f9-41f18346d9fb
2019-10-15 04:01:26,378 [pool-439-thread-1] INFO  server.RaftServerConfigKeys (ConfUtils.java:logGet(43)) - raft.server.log.statemachine.data.sync.timeout = 10s (default)
2019-10-15 04:01:26,378 [pool-409-thread-1] INFO  server.RaftServerConfigKeys (ConfUtils.java:logGet(43)) - raft.server.log.queue.byte-limit = 2147483647 (custom)
2019-10-15 04:01:26,379 [pool-439-thread-1] INFO  server.RaftServerConfigKeys (ConfUtils.java:logGet(43)) - raft.server.log.statemachine.data.sync.timeout.retry = -1 (default)
2019-10-15 04:01:26,379 [pool-419-thread-1] INFO  server.RaftServerConfigKeys (ConfUtils.java:logGet(43)) - raft.server.log.queue.byte-limit = 2147483647 (custom)
2019-10-15 04:01:26,379 [pool-439-thread-1] INFO  server.RaftServerConfigKeys (ConfUtils.java:logGet(43)) - raft.server.log.statemachine.data.caching.enabled = true (custom)
2019-10-15 04:01:26,379 [pool-409-thread-1] INFO  server.RaftServerConfigKeys (ConfUtils.java:logGet(43)) - raft.server.log.queue.element-limit = 1024 (custom)
2019-10-15 04:01:26,379 [pool-419-thread-1] INFO  server.RaftServerConfigKeys (ConfUtils.java:logGet(43)) - raft.server.log.queue.element-limit = 1024 (custom)
2019-10-15 04:01:26,379 [pool-439-thread-1] INFO  segmented.SegmentedRaftLogWorker (SegmentedRaftLogWorker.java:lambda$new$0(128)) - 7e6dbcba-bf51-49ed-94c0-b704c4b6a7d9@group-41F18346D9FB-SegmentedRaftLogWorker: flushIndex: setUnconditionally 0 -> -1
2019-10-15 04:01:26,379 [pool-409-thread-1] INFO  server.RaftServerConfigKeys (ConfUtils.java:logGet(43)) - raft.server.log.segment.size.max = 1048576 (custom)
2019-10-15 04:01:26,379 [pool-419-thread-1] INFO  server.RaftServerConfigKeys (ConfUtils.java:logGet(43)) - raft.server.log.segment.size.max = 1048576 (custom)
2019-10-15 04:01:26,380 [pool-439-thread-1] INFO  server.RaftServerConfigKeys (ConfUtils.java:logGet(43)) - raft.server.snapshot.auto.trigger.enabled = true (custom)
2019-10-15 04:01:26,380 [pool-409-thread-1] INFO  server.RaftServerConfigKeys (ConfUtils.java:logGet(43)) - raft.server.log.preallocated.size = 16384 (custom)
2019-10-15 04:01:26,380 [pool-439-thread-1] INFO  server.RaftServerConfigKeys (ConfUtils.java:logGet(43)) - raft.server.snapshot.auto.trigger.threshold = 10000 (custom)
2019-10-15 04:01:26,380 [pool-419-thread-1] INFO  server.RaftServerConfigKeys (ConfUtils.java:logGet(43)) - raft.server.log.preallocated.size = 16384 (custom)
2019-10-15 04:01:26,380 [pool-439-thread-1] INFO  server.RaftServerConfigKeys (ConfUtils.java:logGet(43)) - raft.server.snapshot.retention.file.num = 5 (custom)
2019-10-15 04:01:26,380 [pool-409-thread-1] INFO  server.RaftServerConfigKeys (ConfUtils.java:logGet(43)) - raft.server.log.write.buffer.size = 33554432 (custom)
2019-10-15 04:01:26,381 [pool-439-thread-1] INFO  server.RaftServerConfigKeys (ConfUtils.java:logGet(43)) - raft.server.retrycache.expirytime = 600000ms (custom)
2019-10-15 04:01:26,380 [pool-419-thread-1] INFO  server.RaftServerConfigKeys (ConfUtils.java:logGet(43)) - raft.server.log.write.buffer.size = 33554432 (custom)
2019-10-15 04:01:26,381 [pool-409-thread-1] INFO  server.RaftServerConfigKeys (ConfUtils.java:logGet(43)) - raft.server.log.force.sync.num = 128 (default)
2019-10-15 04:01:26,381 [pool-419-thread-1] INFO  server.RaftServerConfigKeys (ConfUtils.java:logGet(43)) - raft.server.log.force.sync.num = 128 (default)
2019-10-15 04:01:26,381 [pool-409-thread-1] INFO  server.RaftServerConfigKeys (ConfUtils.java:logGet(43)) - raft.server.log.statemachine.data.sync = true (default)
2019-10-15 04:01:26,381 [pool-419-thread-1] INFO  server.RaftServerConfigKeys (ConfUtils.java:logGet(43)) - raft.server.log.statemachine.data.sync = true (default)
2019-10-15 04:01:26,381 [pool-409-thread-1] INFO  server.RaftServerConfigKeys (ConfUtils.java:logGet(43)) - raft.server.log.statemachine.data.sync.timeout = 10s (default)
2019-10-15 04:01:26,382 [pool-419-thread-1] INFO  server.RaftServerConfigKeys (ConfUtils.java:logGet(43)) - raft.server.log.statemachine.data.sync.timeout = 10s (default)
2019-10-15 04:01:26,382 [pool-409-thread-1] INFO  server.RaftServerConfigKeys (ConfUtils.java:logGet(43)) - raft.server.log.statemachine.data.sync.timeout.retry = -1 (default)
2019-10-15 04:01:26,382 [pool-419-thread-1] INFO  server.RaftServerConfigKeys (ConfUtils.java:logGet(43)) - raft.server.log.statemachine.data.sync.timeout.retry = -1 (default)
2019-10-15 04:01:26,382 [pool-409-thread-1] INFO  server.RaftServerConfigKeys (ConfUtils.java:logGet(43)) - raft.server.log.statemachine.data.caching.enabled = true (custom)
2019-10-15 04:01:26,382 [pool-419-thread-1] INFO  server.RaftServerConfigKeys (ConfUtils.java:logGet(43)) - raft.server.log.statemachine.data.caching.enabled = true (custom)
2019-10-15 04:01:26,382 [pool-409-thread-1] INFO  segmented.SegmentedRaftLogWorker (SegmentedRaftLogWorker.java:lambda$new$0(128)) - 32aa562e-9d4b-43a6-96a8-df338a0b5f68@group-41F18346D9FB-SegmentedRaftLogWorker: flushIndex: setUnconditionally 0 -> -1
2019-10-15 04:01:26,382 [pool-439-thread-1] INFO  impl.RaftServerImpl (RaftServerImpl.java:start(181)) - 7e6dbcba-bf51-49ed-94c0-b704c4b6a7d9@group-41F18346D9FB: start as a follower, conf=-1: [d407453e-f342-4891-ad71-781bc79e517e:192.168.151.112:42458, 32aa562e-9d4b-43a6-96a8-df338a0b5f68:192.168.151.112:34779, 7e6dbcba-bf51-49ed-94c0-b704c4b6a7d9:192.168.151.112:45998], old=null
2019-10-15 04:01:26,383 [pool-419-thread-1] INFO  segmented.SegmentedRaftLogWorker (SegmentedRaftLogWorker.java:lambda$new$0(128)) - d407453e-f342-4891-ad71-781bc79e517e@group-41F18346D9FB-SegmentedRaftLogWorker: flushIndex: setUnconditionally 0 -> -1
2019-10-15 04:01:26,383 [pool-409-thread-1] INFO  server.RaftServerConfigKeys (ConfUtils.java:logGet(43)) - raft.server.snapshot.auto.trigger.enabled = true (custom)
2019-10-15 04:01:26,383 [pool-439-thread-1] INFO  impl.RaftServerImpl (RaftServerImpl.java:setRole(170)) - 7e6dbcba-bf51-49ed-94c0-b704c4b6a7d9@group-41F18346D9FB: changes role from      null to FOLLOWER at term 0 for startAsFollower
2019-10-15 04:01:26,383 [pool-419-thread-1] INFO  server.RaftServerConfigKeys (ConfUtils.java:logGet(43)) - raft.server.snapshot.auto.trigger.enabled = true (custom)
2019-10-15 04:01:26,383 [pool-419-thread-1] INFO  server.RaftServerConfigKeys (ConfUtils.java:logGet(43)) - raft.server.snapshot.auto.trigger.threshold = 10000 (custom)
2019-10-15 04:01:26,383 [pool-419-thread-1] INFO  server.RaftServerConfigKeys (ConfUtils.java:logGet(43)) - raft.server.snapshot.retention.file.num = 5 (custom)
2019-10-15 04:01:26,384 [pool-419-thread-1] INFO  server.RaftServerConfigKeys (ConfUtils.java:logGet(43)) - raft.server.retrycache.expirytime = 600000ms (custom)
2019-10-15 04:01:26,383 [pool-409-thread-1] INFO  server.RaftServerConfigKeys (ConfUtils.java:logGet(43)) - raft.server.snapshot.auto.trigger.threshold = 10000 (custom)
2019-10-15 04:01:26,383 [pool-439-thread-1] INFO  impl.RoleInfo (RoleInfo.java:updateAndGet(143)) - 7e6dbcba-bf51-49ed-94c0-b704c4b6a7d9: start FollowerState
2019-10-15 04:01:26,384 [pool-409-thread-1] INFO  server.RaftServerConfigKeys (ConfUtils.java:logGet(43)) - raft.server.snapshot.retention.file.num = 5 (custom)
2019-10-15 04:01:26,384 [pool-409-thread-1] INFO  server.RaftServerConfigKeys (ConfUtils.java:logGet(43)) - raft.server.retrycache.expirytime = 600000ms (custom)
2019-10-15 04:01:26,384 [pool-439-thread-1] INFO  util.JmxRegister (JmxRegister.java:tryRegister(44)) - Successfully registered JMX Bean with object name Ratis:service=RaftServer,group=group-41F18346D9FB,id=7e6dbcba-bf51-49ed-94c0-b704c4b6a7d9
2019-10-15 04:01:26,387 [pool-419-thread-1] INFO  impl.RaftServerImpl (RaftServerImpl.java:start(181)) - d407453e-f342-4891-ad71-781bc79e517e@group-41F18346D9FB: start as a follower, conf=-1: [d407453e-f342-4891-ad71-781bc79e517e:192.168.151.112:42458, 32aa562e-9d4b-43a6-96a8-df338a0b5f68:192.168.151.112:34779, 7e6dbcba-bf51-49ed-94c0-b704c4b6a7d9:192.168.151.112:45998], old=null
2019-10-15 04:01:26,387 [pool-409-thread-1] INFO  impl.RaftServerImpl (RaftServerImpl.java:start(181)) - 32aa562e-9d4b-43a6-96a8-df338a0b5f68@group-41F18346D9FB: start as a follower, conf=-1: [d407453e-f342-4891-ad71-781bc79e517e:192.168.151.112:42458, 32aa562e-9d4b-43a6-96a8-df338a0b5f68:192.168.151.112:34779, 7e6dbcba-bf51-49ed-94c0-b704c4b6a7d9:192.168.151.112:45998], old=null
2019-10-15 04:01:26,387 [pool-419-thread-1] INFO  impl.RaftServerImpl (RaftServerImpl.java:setRole(170)) - d407453e-f342-4891-ad71-781bc79e517e@group-41F18346D9FB: changes role from      null to FOLLOWER at term 0 for startAsFollower
2019-10-15 04:01:26,388 [pool-409-thread-1] INFO  impl.RaftServerImpl (RaftServerImpl.java:setRole(170)) - 32aa562e-9d4b-43a6-96a8-df338a0b5f68@group-41F18346D9FB: changes role from      null to FOLLOWER at term 0 for startAsFollower
2019-10-15 04:01:26,388 [pool-419-thread-1] INFO  impl.RoleInfo (RoleInfo.java:updateAndGet(143)) - d407453e-f342-4891-ad71-781bc79e517e: start FollowerState
2019-10-15 04:01:26,388 [pool-409-thread-1] INFO  impl.RoleInfo (RoleInfo.java:updateAndGet(143)) - 32aa562e-9d4b-43a6-96a8-df338a0b5f68: start FollowerState
2019-10-15 04:01:26,388 [pool-419-thread-1] INFO  util.JmxRegister (JmxRegister.java:tryRegister(44)) - Successfully registered JMX Bean with object name Ratis:service=RaftServer,group=group-41F18346D9FB,id=d407453e-f342-4891-ad71-781bc79e517e
2019-10-15 04:01:26,388 [pool-409-thread-1] INFO  util.JmxRegister (JmxRegister.java:tryRegister(44)) - Successfully registered JMX Bean with object name Ratis:service=RaftServer,group=group-41F18346D9FB,id=32aa562e-9d4b-43a6-96a8-df338a0b5f68
2019-10-15 04:01:26,399 [RatisPipelineUtilsThread] INFO  pipeline.PipelineStateManager (PipelineStateManager.java:addPipeline(56)) - Created pipeline Pipeline[ Id: ea52bf64-b42d-464a-97f9-41f18346d9fb, Nodes: d407453e-f342-4891-ad71-781bc79e517e{ip: 192.168.151.112, host: pr-hdds-2194-gpqhj-1713016619, networkLocation: /default-rack, certSerialId: null}7e6dbcba-bf51-49ed-94c0-b704c4b6a7d9{ip: 192.168.151.112, host: pr-hdds-2194-gpqhj-1713016619, networkLocation: /default-rack, certSerialId: null}32aa562e-9d4b-43a6-96a8-df338a0b5f68{ip: 192.168.151.112, host: pr-hdds-2194-gpqhj-1713016619, networkLocation: /default-rack, certSerialId: null}, Type:RATIS, Factor:THREE, State:OPEN]
2019-10-15 04:01:26,406 [grpc-default-executor-8] INFO  impl.RaftServerProxy (RaftServerProxy.java:addNew(89)) - 67c0e978-24c7-4da3-9562-b8c8cb62c5b8: addNew group-BDBEA4439059:[ea424b11-7a6c-4478-b56e-288847dd4a2e:192.168.151.112:32965, 65cd6720-3a58-46a5-8350-6eb1d5464001:192.168.151.112:43067, 67c0e978-24c7-4da3-9562-b8c8cb62c5b8:192.168.151.112:35558] returns group-BDBEA4439059:java.util.concurrent.CompletableFuture@64c1cbc2[Not completed]
2019-10-15 04:01:26,406 [grpc-default-executor-7] INFO  impl.RaftServerProxy (RaftServerProxy.java:addNew(89)) - ea424b11-7a6c-4478-b56e-288847dd4a2e: addNew group-BDBEA4439059:[ea424b11-7a6c-4478-b56e-288847dd4a2e:192.168.151.112:32965, 65cd6720-3a58-46a5-8350-6eb1d5464001:192.168.151.112:43067, 67c0e978-24c7-4da3-9562-b8c8cb62c5b8:192.168.151.112:35558] returns group-BDBEA4439059:java.util.concurrent.CompletableFuture@229785aa[Not completed]
2019-10-15 04:01:26,406 [grpc-default-executor-6] INFO  impl.RaftServerProxy (RaftServerProxy.java:addNew(89)) - 65cd6720-3a58-46a5-8350-6eb1d5464001: addNew group-BDBEA4439059:[ea424b11-7a6c-4478-b56e-288847dd4a2e:192.168.151.112:32965, 65cd6720-3a58-46a5-8350-6eb1d5464001:192.168.151.112:43067, 67c0e978-24c7-4da3-9562-b8c8cb62c5b8:192.168.151.112:35558] returns group-BDBEA4439059:java.util.concurrent.CompletableFuture@16cadac2[Not completed]
2019-10-15 04:01:26,409 [pool-469-thread-1] INFO  impl.RaftServerImpl (RaftServerImpl.java:<init>(95)) - 67c0e978-24c7-4da3-9562-b8c8cb62c5b8: new RaftServerImpl for group-BDBEA4439059:[ea424b11-7a6c-4478-b56e-288847dd4a2e:192.168.151.112:32965, 65cd6720-3a58-46a5-8350-6eb1d5464001:192.168.151.112:43067, 67c0e978-24c7-4da3-9562-b8c8cb62c5b8:192.168.151.112:35558] with ContainerStateMachine:uninitialized
2019-10-15 04:01:26,409 [pool-469-thread-1] INFO  server.RaftServerConfigKeys (ConfUtils.java:logGet(43)) - raft.server.rpc.timeout.min = 5s (custom)
2019-10-15 04:01:26,409 [pool-469-thread-1] INFO  server.RaftServerConfigKeys (ConfUtils.java:logGet(43)) - raft.server.rpc.timeout.max = 5200ms (custom)
2019-10-15 04:01:26,409 [pool-469-thread-1] INFO  server.RaftServerConfigKeys (ConfUtils.java:logGet(43)) - raft.server.rpcslowness.timeout = 120s (custom)
2019-10-15 04:01:26,410 [pool-469-thread-1] INFO  server.RaftServerConfigKeys (ConfUtils.java:logGet(43)) - raft.server.sleep.deviation.threshold = 300 (default)
2019-10-15 04:01:26,410 [pool-469-thread-1] INFO  server.RaftServerConfigKeys (ConfUtils.java:logGet(43)) - raft.server.log.appender.install.snapshot.enabled = false (custom)
2019-10-15 04:01:26,410 [pool-449-thread-1] INFO  impl.RaftServerImpl (RaftServerImpl.java:<init>(95)) - ea424b11-7a6c-4478-b56e-288847dd4a2e: new RaftServerImpl for group-BDBEA4439059:[ea424b11-7a6c-4478-b56e-288847dd4a2e:192.168.151.112:32965, 65cd6720-3a58-46a5-8350-6eb1d5464001:192.168.151.112:43067, 67c0e978-24c7-4da3-9562-b8c8cb62c5b8:192.168.151.112:35558] with ContainerStateMachine:uninitialized
2019-10-15 04:01:26,410 [pool-469-thread-1] INFO  impl.RaftServerImpl (ServerState.java:<init>(103)) - 67c0e978-24c7-4da3-9562-b8c8cb62c5b8@group-BDBEA4439059: ConfigurationManager, init=-1: [ea424b11-7a6c-4478-b56e-288847dd4a2e:192.168.151.112:32965, 65cd6720-3a58-46a5-8350-6eb1d5464001:192.168.151.112:43067, 67c0e978-24c7-4da3-9562-b8c8cb62c5b8:192.168.151.112:35558], old=null, confs=<EMPTY_MAP>
2019-10-15 04:01:26,410 [pool-429-thread-1] INFO  impl.RaftServerImpl (RaftServerImpl.java:<init>(95)) - 65cd6720-3a58-46a5-8350-6eb1d5464001: new RaftServerImpl for group-BDBEA4439059:[ea424b11-7a6c-4478-b56e-288847dd4a2e:192.168.151.112:32965, 65cd6720-3a58-46a5-8350-6eb1d5464001:192.168.151.112:43067, 67c0e978-24c7-4da3-9562-b8c8cb62c5b8:192.168.151.112:35558] with ContainerStateMachine:uninitialized
2019-10-15 04:01:26,410 [pool-449-thread-1] INFO  server.RaftServerConfigKeys (ConfUtils.java:logGet(43)) - raft.server.rpc.timeout.min = 5s (custom)
2019-10-15 04:01:26,410 [pool-429-thread-1] INFO  server.RaftServerConfigKeys (ConfUtils.java:logGet(43)) - raft.server.rpc.timeout.min = 5s (custom)
2019-10-15 04:01:26,410 [pool-469-thread-1] INFO  server.RaftServerConfigKeys (ConfUtils.java:logGet(43)) - raft.server.storage.dir = [/workdir/hadoop-ozone/integration-test/target/test-dir/MiniOzoneClusterImpl-db17e535-db34-411d-81ae-c2250ad617e5/datanode-6/data/ratis] (custom)
2019-10-15 04:01:26,410 [pool-429-thread-1] INFO  server.RaftServerConfigKeys (ConfUtils.java:logGet(43)) - raft.server.rpc.timeout.max = 5200ms (custom)
2019-10-15 04:01:26,411 [pool-429-thread-1] INFO  server.RaftServerConfigKeys (ConfUtils.java:logGet(43)) - raft.server.rpcslowness.timeout = 120s (custom)
2019-10-15 04:01:26,410 [pool-449-thread-1] INFO  server.RaftServerConfigKeys (ConfUtils.java:logGet(43)) - raft.server.rpc.timeout.max = 5200ms (custom)
2019-10-15 04:01:26,411 [pool-429-thread-1] INFO  server.RaftServerConfigKeys (ConfUtils.java:logGet(43)) - raft.server.sleep.deviation.threshold = 300 (default)
2019-10-15 04:01:26,411 [pool-469-thread-1] INFO  server.RaftServerConfigKeys (ConfUtils.java:logGet(43)) - raft.server.log.corruption.policy = EXCEPTION (default)
2019-10-15 04:01:26,411 [pool-429-thread-1] INFO  server.RaftServerConfigKeys (ConfUtils.java:logGet(43)) - raft.server.log.appender.install.snapshot.enabled = false (custom)
2019-10-15 04:01:26,411 [pool-469-thread-1] INFO  storage.RaftStorageDirectory (RaftStorageDirectory.java:analyzeStorage(246)) - The storage directory /workdir/hadoop-ozone/integration-test/target/test-dir/MiniOzoneClusterImpl-db17e535-db34-411d-81ae-c2250ad617e5/datanode-6/data/ratis/ef076066-84c1-4b9c-973d-bdbea4439059 does not exist. Creating ...
2019-10-15 04:01:26,411 [pool-449-thread-1] INFO  server.RaftServerConfigKeys (ConfUtils.java:logGet(43)) - raft.server.rpcslowness.timeout = 120s (custom)
2019-10-15 04:01:26,411 [pool-429-thread-1] INFO  impl.RaftServerImpl (ServerState.java:<init>(103)) - 65cd6720-3a58-46a5-8350-6eb1d5464001@group-BDBEA4439059: ConfigurationManager, init=-1: [ea424b11-7a6c-4478-b56e-288847dd4a2e:192.168.151.112:32965, 65cd6720-3a58-46a5-8350-6eb1d5464001:192.168.151.112:43067, 67c0e978-24c7-4da3-9562-b8c8cb62c5b8:192.168.151.112:35558], old=null, confs=<EMPTY_MAP>
2019-10-15 04:01:26,412 [pool-449-thread-1] INFO  server.RaftServerConfigKeys (ConfUtils.java:logGet(43)) - raft.server.sleep.deviation.threshold = 300 (default)
2019-10-15 04:01:26,412 [pool-429-thread-1] INFO  server.RaftServerConfigKeys (ConfUtils.java:logGet(43)) - raft.server.storage.dir = [/workdir/hadoop-ozone/integration-test/target/test-dir/MiniOzoneClusterImpl-db17e535-db34-411d-81ae-c2250ad617e5/datanode-2/data/ratis] (custom)
2019-10-15 04:01:26,412 [pool-449-thread-1] INFO  server.RaftServerConfigKeys (ConfUtils.java:logGet(43)) - raft.server.log.appender.install.snapshot.enabled = false (custom)
2019-10-15 04:01:26,412 [pool-429-thread-1] INFO  server.RaftServerConfigKeys (ConfUtils.java:logGet(43)) - raft.server.log.corruption.policy = EXCEPTION (default)
2019-10-15 04:01:26,412 [pool-449-thread-1] INFO  impl.RaftServerImpl (ServerState.java:<init>(103)) - ea424b11-7a6c-4478-b56e-288847dd4a2e@group-BDBEA4439059: ConfigurationManager, init=-1: [ea424b11-7a6c-4478-b56e-288847dd4a2e:192.168.151.112:32965, 65cd6720-3a58-46a5-8350-6eb1d5464001:192.168.151.112:43067, 67c0e978-24c7-4da3-9562-b8c8cb62c5b8:192.168.151.112:35558], old=null, confs=<EMPTY_MAP>
2019-10-15 04:01:26,412 [pool-429-thread-1] INFO  storage.RaftStorageDirectory (RaftStorageDirectory.java:analyzeStorage(246)) - The storage directory /workdir/hadoop-ozone/integration-test/target/test-dir/MiniOzoneClusterImpl-db17e535-db34-411d-81ae-c2250ad617e5/datanode-2/data/ratis/ef076066-84c1-4b9c-973d-bdbea4439059 does not exist. Creating ...
2019-10-15 04:01:26,412 [pool-449-thread-1] INFO  server.RaftServerConfigKeys (ConfUtils.java:logGet(43)) - raft.server.storage.dir = [/workdir/hadoop-ozone/integration-test/target/test-dir/MiniOzoneClusterImpl-db17e535-db34-411d-81ae-c2250ad617e5/datanode-4/data/ratis] (custom)
2019-10-15 04:01:26,413 [pool-449-thread-1] INFO  server.RaftServerConfigKeys (ConfUtils.java:logGet(43)) - raft.server.log.corruption.policy = EXCEPTION (default)
2019-10-15 04:01:26,413 [pool-449-thread-1] INFO  storage.RaftStorageDirectory (RaftStorageDirectory.java:analyzeStorage(246)) - The storage directory /workdir/hadoop-ozone/integration-test/target/test-dir/MiniOzoneClusterImpl-db17e535-db34-411d-81ae-c2250ad617e5/datanode-4/data/ratis/ef076066-84c1-4b9c-973d-bdbea4439059 does not exist. Creating ...
2019-10-15 04:01:26,441 [pool-429-thread-1] INFO  storage.RaftStorageDirectory (RaftStorageDirectory.java:tryLock(328)) - Lock on /workdir/hadoop-ozone/integration-test/target/test-dir/MiniOzoneClusterImpl-db17e535-db34-411d-81ae-c2250ad617e5/datanode-2/data/ratis/ef076066-84c1-4b9c-973d-bdbea4439059/in_use.lock acquired by nodename 24000@pr-hdds-2194-gpqhj-1713016619
2019-10-15 04:01:26,441 [pool-449-thread-1] INFO  storage.RaftStorageDirectory (RaftStorageDirectory.java:tryLock(328)) - Lock on /workdir/hadoop-ozone/integration-test/target/test-dir/MiniOzoneClusterImpl-db17e535-db34-411d-81ae-c2250ad617e5/datanode-4/data/ratis/ef076066-84c1-4b9c-973d-bdbea4439059/in_use.lock acquired by nodename 24000@pr-hdds-2194-gpqhj-1713016619
2019-10-15 04:01:26,441 [pool-469-thread-1] INFO  storage.RaftStorageDirectory (RaftStorageDirectory.java:tryLock(328)) - Lock on /workdir/hadoop-ozone/integration-test/target/test-dir/MiniOzoneClusterImpl-db17e535-db34-411d-81ae-c2250ad617e5/datanode-6/data/ratis/ef076066-84c1-4b9c-973d-bdbea4439059/in_use.lock acquired by nodename 24000@pr-hdds-2194-gpqhj-1713016619
2019-10-15 04:01:26,467 [pool-469-thread-1] INFO  storage.RaftStorage (RaftStorage.java:format(84)) - Storage directory /workdir/hadoop-ozone/integration-test/target/test-dir/MiniOzoneClusterImpl-db17e535-db34-411d-81ae-c2250ad617e5/datanode-6/data/ratis/ef076066-84c1-4b9c-973d-bdbea4439059 has been successfully formatted.
2019-10-15 04:01:26,467 [pool-449-thread-1] INFO  storage.RaftStorage (RaftStorage.java:format(84)) - Storage directory /workdir/hadoop-ozone/integration-test/target/test-dir/MiniOzoneClusterImpl-db17e535-db34-411d-81ae-c2250ad617e5/datanode-4/data/ratis/ef076066-84c1-4b9c-973d-bdbea4439059 has been successfully formatted.
2019-10-15 04:01:26,467 [pool-429-thread-1] INFO  storage.RaftStorage (RaftStorage.java:format(84)) - Storage directory /workdir/hadoop-ozone/integration-test/target/test-dir/MiniOzoneClusterImpl-db17e535-db34-411d-81ae-c2250ad617e5/datanode-2/data/ratis/ef076066-84c1-4b9c-973d-bdbea4439059 has been successfully formatted.
2019-10-15 04:01:26,467 [pool-469-thread-1] INFO  ratis.ContainerStateMachine (ContainerStateMachine.java:loadSnapshot(231)) - group-BDBEA4439059: The snapshot info is null. Setting the last applied indexto:(t:0, i:~)
2019-10-15 04:01:26,468 [pool-429-thread-1] INFO  ratis.ContainerStateMachine (ContainerStateMachine.java:loadSnapshot(231)) - group-BDBEA4439059: The snapshot info is null. Setting the last applied indexto:(t:0, i:~)
2019-10-15 04:01:26,467 [pool-449-thread-1] INFO  ratis.ContainerStateMachine (ContainerStateMachine.java:loadSnapshot(231)) - group-BDBEA4439059: The snapshot info is null. Setting the last applied indexto:(t:0, i:~)
2019-10-15 04:01:26,468 [pool-429-thread-1] INFO  server.RaftServerConfigKeys (ConfUtils.java:logGet(43)) - raft.server.notification.no-leader.timeout = 120s (custom)
2019-10-15 04:01:26,468 [pool-469-thread-1] INFO  server.RaftServerConfigKeys (ConfUtils.java:logGet(43)) - raft.server.notification.no-leader.timeout = 120s (custom)
2019-10-15 04:01:26,468 [pool-429-thread-1] INFO  server.RaftServerConfigKeys (ConfUtils.java:logGet(43)) - raft.server.log.use.memory = false (default)
2019-10-15 04:01:26,468 [pool-449-thread-1] INFO  server.RaftServerConfigKeys (ConfUtils.java:logGet(43)) - raft.server.notification.no-leader.timeout = 120s (custom)
2019-10-15 04:01:26,468 [pool-429-thread-1] INFO  server.RaftServerConfigKeys (ConfUtils.java:logGet(43)) - raft.server.log.purge.gap = 1000000 (custom)
2019-10-15 04:01:26,468 [pool-469-thread-1] INFO  server.RaftServerConfigKeys (ConfUtils.java:logGet(43)) - raft.server.log.use.memory = false (default)
2019-10-15 04:01:26,468 [pool-429-thread-1] INFO  server.RaftServerConfigKeys (ConfUtils.java:logGet(43)) - raft.server.log.appender.buffer.byte-limit = 33554432 (custom)
2019-10-15 04:01:26,468 [pool-449-thread-1] INFO  server.RaftServerConfigKeys (ConfUtils.java:logGet(43)) - raft.server.log.use.memory = false (default)
2019-10-15 04:01:26,469 [pool-429-thread-1] INFO  server.RaftServerConfigKeys (ConfUtils.java:logGet(43)) - raft.server.log.segment.size.max = 1048576 (custom)
2019-10-15 04:01:26,469 [pool-469-thread-1] INFO  server.RaftServerConfigKeys (ConfUtils.java:logGet(43)) - raft.server.log.purge.gap = 1000000 (custom)
2019-10-15 04:01:26,469 [pool-429-thread-1] INFO  server.RaftServerConfigKeys (ConfUtils.java:logGet(43)) - raft.server.log.segment.cache.num.max = 2 (custom)
2019-10-15 04:01:26,469 [pool-449-thread-1] INFO  server.RaftServerConfigKeys (ConfUtils.java:logGet(43)) - raft.server.log.purge.gap = 1000000 (custom)
2019-10-15 04:01:26,469 [pool-429-thread-1] INFO  segmented.SegmentedRaftLogWorker (SegmentedRaftLogWorker.java:<init>(173)) - new 65cd6720-3a58-46a5-8350-6eb1d5464001@group-BDBEA4439059-SegmentedRaftLogWorker for RaftStorage:Storage Directory /workdir/hadoop-ozone/integration-test/target/test-dir/MiniOzoneClusterImpl-db17e535-db34-411d-81ae-c2250ad617e5/datanode-2/data/ratis/ef076066-84c1-4b9c-973d-bdbea4439059
2019-10-15 04:01:26,469 [pool-429-thread-1] INFO  server.RaftServerConfigKeys (ConfUtils.java:logGet(43)) - raft.server.log.queue.byte-limit = 2147483647 (custom)
2019-10-15 04:01:26,469 [pool-469-thread-1] INFO  server.RaftServerConfigKeys (ConfUtils.java:logGet(43)) - raft.server.log.appender.buffer.byte-limit = 33554432 (custom)
2019-10-15 04:01:26,470 [pool-429-thread-1] INFO  server.RaftServerConfigKeys (ConfUtils.java:logGet(43)) - raft.server.log.queue.element-limit = 1024 (custom)
2019-10-15 04:01:26,469 [pool-449-thread-1] INFO  server.RaftServerConfigKeys (ConfUtils.java:logGet(43)) - raft.server.log.appender.buffer.byte-limit = 33554432 (custom)
2019-10-15 04:01:26,470 [pool-429-thread-1] INFO  server.RaftServerConfigKeys (ConfUtils.java:logGet(43)) - raft.server.log.segment.size.max = 1048576 (custom)
2019-10-15 04:01:26,470 [pool-429-thread-1] INFO  server.RaftServerConfigKeys (ConfUtils.java:logGet(43)) - raft.server.log.preallocated.size = 16384 (custom)
2019-10-15 04:01:26,470 [pool-469-thread-1] INFO  server.RaftServerConfigKeys (ConfUtils.java:logGet(43)) - raft.server.log.segment.size.max = 1048576 (custom)
2019-10-15 04:01:26,470 [pool-429-thread-1] INFO  server.RaftServerConfigKeys (ConfUtils.java:logGet(43)) - raft.server.log.write.buffer.size = 33554432 (custom)
2019-10-15 04:01:26,470 [pool-449-thread-1] INFO  server.RaftServerConfigKeys (ConfUtils.java:logGet(43)) - raft.server.log.segment.size.max = 1048576 (custom)
2019-10-15 04:01:26,470 [pool-429-thread-1] INFO  server.RaftServerConfigKeys (ConfUtils.java:logGet(43)) - raft.server.log.force.sync.num = 128 (default)
2019-10-15 04:01:26,471 [pool-429-thread-1] INFO  server.RaftServerConfigKeys (ConfUtils.java:logGet(43)) - raft.server.log.statemachine.data.sync = true (default)
2019-10-15 04:01:26,470 [pool-469-thread-1] INFO  server.RaftServerConfigKeys (ConfUtils.java:logGet(43)) - raft.server.log.segment.cache.num.max = 2 (custom)
2019-10-15 04:01:26,471 [pool-429-thread-1] INFO  server.RaftServerConfigKeys (ConfUtils.java:logGet(43)) - raft.server.log.statemachine.data.sync.timeout = 10s (default)
2019-10-15 04:01:26,471 [pool-449-thread-1] INFO  server.RaftServerConfigKeys (ConfUtils.java:logGet(43)) - raft.server.log.segment.cache.num.max = 2 (custom)
2019-10-15 04:01:26,471 [pool-429-thread-1] INFO  server.RaftServerConfigKeys (ConfUtils.java:logGet(43)) - raft.server.log.statemachine.data.sync.timeout.retry = -1 (default)
2019-10-15 04:01:26,471 [pool-469-thread-1] INFO  segmented.SegmentedRaftLogWorker (SegmentedRaftLogWorker.java:<init>(173)) - new 67c0e978-24c7-4da3-9562-b8c8cb62c5b8@group-BDBEA4439059-SegmentedRaftLogWorker for RaftStorage:Storage Directory /workdir/hadoop-ozone/integration-test/target/test-dir/MiniOzoneClusterImpl-db17e535-db34-411d-81ae-c2250ad617e5/datanode-6/data/ratis/ef076066-84c1-4b9c-973d-bdbea4439059
2019-10-15 04:01:26,471 [pool-429-thread-1] INFO  server.RaftServerConfigKeys (ConfUtils.java:logGet(43)) - raft.server.log.statemachine.data.caching.enabled = true (custom)
2019-10-15 04:01:26,471 [pool-449-thread-1] INFO  segmented.SegmentedRaftLogWorker (SegmentedRaftLogWorker.java:<init>(173)) - new ea424b11-7a6c-4478-b56e-288847dd4a2e@group-BDBEA4439059-SegmentedRaftLogWorker for RaftStorage:Storage Directory /workdir/hadoop-ozone/integration-test/target/test-dir/MiniOzoneClusterImpl-db17e535-db34-411d-81ae-c2250ad617e5/datanode-4/data/ratis/ef076066-84c1-4b9c-973d-bdbea4439059
2019-10-15 04:01:26,471 [pool-469-thread-1] INFO  server.RaftServerConfigKeys (ConfUtils.java:logGet(43)) - raft.server.log.queue.byte-limit = 2147483647 (custom)
2019-10-15 04:01:26,472 [pool-449-thread-1] INFO  server.RaftServerConfigKeys (ConfUtils.java:logGet(43)) - raft.server.log.queue.byte-limit = 2147483647 (custom)
2019-10-15 04:01:26,472 [pool-429-thread-1] INFO  segmented.SegmentedRaftLogWorker (SegmentedRaftLogWorker.java:lambda$new$0(128)) - 65cd6720-3a58-46a5-8350-6eb1d5464001@group-BDBEA4439059-SegmentedRaftLogWorker: flushIndex: setUnconditionally 0 -> -1
2019-10-15 04:01:26,472 [pool-449-thread-1] INFO  server.RaftServerConfigKeys (ConfUtils.java:logGet(43)) - raft.server.log.queue.element-limit = 1024 (custom)
2019-10-15 04:01:26,472 [pool-469-thread-1] INFO  server.RaftServerConfigKeys (ConfUtils.java:logGet(43)) - raft.server.log.queue.element-limit = 1024 (custom)
2019-10-15 04:01:26,472 [pool-449-thread-1] INFO  server.RaftServerConfigKeys (ConfUtils.java:logGet(43)) - raft.server.log.segment.size.max = 1048576 (custom)
2019-10-15 04:01:26,472 [pool-429-thread-1] INFO  server.RaftServerConfigKeys (ConfUtils.java:logGet(43)) - raft.server.snapshot.auto.trigger.enabled = true (custom)
2019-10-15 04:01:26,472 [pool-449-thread-1] INFO  server.RaftServerConfigKeys (ConfUtils.java:logGet(43)) - raft.server.log.preallocated.size = 16384 (custom)
2019-10-15 04:01:26,472 [pool-469-thread-1] INFO  server.RaftServerConfigKeys (ConfUtils.java:logGet(43)) - raft.server.log.segment.size.max = 1048576 (custom)
2019-10-15 04:01:26,473 [pool-449-thread-1] INFO  server.RaftServerConfigKeys (ConfUtils.java:logGet(43)) - raft.server.log.write.buffer.size = 33554432 (custom)
2019-10-15 04:01:26,473 [pool-429-thread-1] INFO  server.RaftServerConfigKeys (ConfUtils.java:logGet(43)) - raft.server.snapshot.auto.trigger.threshold = 10000 (custom)
2019-10-15 04:01:26,473 [pool-449-thread-1] INFO  server.RaftServerConfigKeys (ConfUtils.java:logGet(43)) - raft.server.log.force.sync.num = 128 (default)
2019-10-15 04:01:26,473 [pool-469-thread-1] INFO  server.RaftServerConfigKeys (ConfUtils.java:logGet(43)) - raft.server.log.preallocated.size = 16384 (custom)
2019-10-15 04:01:26,473 [pool-449-thread-1] INFO  server.RaftServerConfigKeys (ConfUtils.java:logGet(43)) - raft.server.log.statemachine.data.sync = true (default)
2019-10-15 04:01:26,473 [pool-429-thread-1] INFO  server.RaftServerConfigKeys (ConfUtils.java:logGet(43)) - raft.server.snapshot.retention.file.num = 5 (custom)
2019-10-15 04:01:26,473 [pool-449-thread-1] INFO  server.RaftServerConfigKeys (ConfUtils.java:logGet(43)) - raft.server.log.statemachine.data.sync.timeout = 10s (default)
2019-10-15 04:01:26,473 [pool-469-thread-1] INFO  server.RaftServerConfigKeys (ConfUtils.java:logGet(43)) - raft.server.log.write.buffer.size = 33554432 (custom)
2019-10-15 04:01:26,474 [pool-449-thread-1] INFO  server.RaftServerConfigKeys (ConfUtils.java:logGet(43)) - raft.server.log.statemachine.data.sync.timeout.retry = -1 (default)
2019-10-15 04:01:26,474 [pool-429-thread-1] INFO  server.RaftServerConfigKeys (ConfUtils.java:logGet(43)) - raft.server.retrycache.expirytime = 600000ms (custom)
2019-10-15 04:01:26,474 [pool-449-thread-1] INFO  server.RaftServerConfigKeys (ConfUtils.java:logGet(43)) - raft.server.log.statemachine.data.caching.enabled = true (custom)
2019-10-15 04:01:26,474 [pool-469-thread-1] INFO  server.RaftServerConfigKeys (ConfUtils.java:logGet(43)) - raft.server.log.force.sync.num = 128 (default)
2019-10-15 04:01:26,474 [pool-449-thread-1] INFO  segmented.SegmentedRaftLogWorker (SegmentedRaftLogWorker.java:lambda$new$0(128)) - ea424b11-7a6c-4478-b56e-288847dd4a2e@group-BDBEA4439059-SegmentedRaftLogWorker: flushIndex: setUnconditionally 0 -> -1
2019-10-15 04:01:26,474 [pool-469-thread-1] INFO  server.RaftServerConfigKeys (ConfUtils.java:logGet(43)) - raft.server.log.statemachine.data.sync = true (default)
2019-10-15 04:01:26,475 [pool-469-thread-1] INFO  server.RaftServerConfigKeys (ConfUtils.java:logGet(43)) - raft.server.log.statemachine.data.sync.timeout = 10s (default)
2019-10-15 04:01:26,475 [pool-449-thread-1] INFO  server.RaftServerConfigKeys (ConfUtils.java:logGet(43)) - raft.server.snapshot.auto.trigger.enabled = true (custom)
2019-10-15 04:01:26,475 [pool-469-thread-1] INFO  server.RaftServerConfigKeys (ConfUtils.java:logGet(43)) - raft.server.log.statemachine.data.sync.timeout.retry = -1 (default)
2019-10-15 04:01:26,475 [pool-449-thread-1] INFO  server.RaftServerConfigKeys (ConfUtils.java:logGet(43)) - raft.server.snapshot.auto.trigger.threshold = 10000 (custom)
2019-10-15 04:01:26,475 [pool-469-thread-1] INFO  server.RaftServerConfigKeys (ConfUtils.java:logGet(43)) - raft.server.log.statemachine.data.caching.enabled = true (custom)
2019-10-15 04:01:26,475 [pool-449-thread-1] INFO  server.RaftServerConfigKeys (ConfUtils.java:logGet(43)) - raft.server.snapshot.retention.file.num = 5 (custom)
2019-10-15 04:01:26,475 [pool-469-thread-1] INFO  segmented.SegmentedRaftLogWorker (SegmentedRaftLogWorker.java:lambda$new$0(128)) - 67c0e978-24c7-4da3-9562-b8c8cb62c5b8@group-BDBEA4439059-SegmentedRaftLogWorker: flushIndex: setUnconditionally 0 -> -1
2019-10-15 04:01:26,475 [pool-449-thread-1] INFO  server.RaftServerConfigKeys (ConfUtils.java:logGet(43)) - raft.server.retrycache.expirytime = 600000ms (custom)
2019-10-15 04:01:26,476 [pool-469-thread-1] INFO  server.RaftServerConfigKeys (ConfUtils.java:logGet(43)) - raft.server.snapshot.auto.trigger.enabled = true (custom)
2019-10-15 04:01:26,476 [pool-429-thread-1] INFO  impl.RaftServerImpl (RaftServerImpl.java:start(181)) - 65cd6720-3a58-46a5-8350-6eb1d5464001@group-BDBEA4439059: start as a follower, conf=-1: [ea424b11-7a6c-4478-b56e-288847dd4a2e:192.168.151.112:32965, 65cd6720-3a58-46a5-8350-6eb1d5464001:192.168.151.112:43067, 67c0e978-24c7-4da3-9562-b8c8cb62c5b8:192.168.151.112:35558], old=null
2019-10-15 04:01:26,476 [pool-469-thread-1] INFO  server.RaftServerConfigKeys (ConfUtils.java:logGet(43)) - raft.server.snapshot.auto.trigger.threshold = 10000 (custom)
2019-10-15 04:01:26,476 [pool-429-thread-1] INFO  impl.RaftServerImpl (RaftServerImpl.java:setRole(170)) - 65cd6720-3a58-46a5-8350-6eb1d5464001@group-BDBEA4439059: changes role from      null to FOLLOWER at term 0 for startAsFollower
2019-10-15 04:01:26,476 [pool-469-thread-1] INFO  server.RaftServerConfigKeys (ConfUtils.java:logGet(43)) - raft.server.snapshot.retention.file.num = 5 (custom)
2019-10-15 04:01:26,476 [pool-429-thread-1] INFO  impl.RoleInfo (RoleInfo.java:updateAndGet(143)) - 65cd6720-3a58-46a5-8350-6eb1d5464001: start FollowerState
2019-10-15 04:01:26,476 [pool-469-thread-1] INFO  server.RaftServerConfigKeys (ConfUtils.java:logGet(43)) - raft.server.retrycache.expirytime = 600000ms (custom)
2019-10-15 04:01:26,476 [pool-429-thread-1] INFO  util.JmxRegister (JmxRegister.java:tryRegister(44)) - Successfully registered JMX Bean with object name Ratis:service=RaftServer,group=group-BDBEA4439059,id=65cd6720-3a58-46a5-8350-6eb1d5464001
2019-10-15 04:01:26,478 [pool-449-thread-1] INFO  impl.RaftServerImpl (RaftServerImpl.java:start(181)) - ea424b11-7a6c-4478-b56e-288847dd4a2e@group-BDBEA4439059: start as a follower, conf=-1: [ea424b11-7a6c-4478-b56e-288847dd4a2e:192.168.151.112:32965, 65cd6720-3a58-46a5-8350-6eb1d5464001:192.168.151.112:43067, 67c0e978-24c7-4da3-9562-b8c8cb62c5b8:192.168.151.112:35558], old=null
2019-10-15 04:01:26,479 [pool-449-thread-1] INFO  impl.RaftServerImpl (RaftServerImpl.java:setRole(170)) - ea424b11-7a6c-4478-b56e-288847dd4a2e@group-BDBEA4439059: changes role from      null to FOLLOWER at term 0 for startAsFollower
2019-10-15 04:01:26,479 [pool-449-thread-1] INFO  impl.RoleInfo (RoleInfo.java:updateAndGet(143)) - ea424b11-7a6c-4478-b56e-288847dd4a2e: start FollowerState
2019-10-15 04:01:26,479 [pool-449-thread-1] INFO  util.JmxRegister (JmxRegister.java:tryRegister(44)) - Successfully registered JMX Bean with object name Ratis:service=RaftServer,group=group-BDBEA4439059,id=ea424b11-7a6c-4478-b56e-288847dd4a2e
2019-10-15 04:01:26,479 [pool-469-thread-1] INFO  impl.RaftServerImpl (RaftServerImpl.java:start(181)) - 67c0e978-24c7-4da3-9562-b8c8cb62c5b8@group-BDBEA4439059: start as a follower, conf=-1: [ea424b11-7a6c-4478-b56e-288847dd4a2e:192.168.151.112:32965, 65cd6720-3a58-46a5-8350-6eb1d5464001:192.168.151.112:43067, 67c0e978-24c7-4da3-9562-b8c8cb62c5b8:192.168.151.112:35558], old=null
2019-10-15 04:01:26,479 [pool-469-thread-1] INFO  impl.RaftServerImpl (RaftServerImpl.java:setRole(170)) - 67c0e978-24c7-4da3-9562-b8c8cb62c5b8@group-BDBEA4439059: changes role from      null to FOLLOWER at term 0 for startAsFollower
2019-10-15 04:01:26,479 [pool-469-thread-1] INFO  impl.RoleInfo (RoleInfo.java:updateAndGet(143)) - 67c0e978-24c7-4da3-9562-b8c8cb62c5b8: start FollowerState
2019-10-15 04:01:26,480 [pool-469-thread-1] INFO  util.JmxRegister (JmxRegister.java:tryRegister(44)) - Successfully registered JMX Bean with object name Ratis:service=RaftServer,group=group-BDBEA4439059,id=67c0e978-24c7-4da3-9562-b8c8cb62c5b8
2019-10-15 04:01:26,489 [RatisPipelineUtilsThread] INFO  pipeline.PipelineStateManager (PipelineStateManager.java:addPipeline(56)) - Created pipeline Pipeline[ Id: ef076066-84c1-4b9c-973d-bdbea4439059, Nodes: ea424b11-7a6c-4478-b56e-288847dd4a2e{ip: 192.168.151.112, host: pr-hdds-2194-gpqhj-1713016619, networkLocation: /default-rack, certSerialId: null}65cd6720-3a58-46a5-8350-6eb1d5464001{ip: 192.168.151.112, host: pr-hdds-2194-gpqhj-1713016619, networkLocation: /default-rack, certSerialId: null}67c0e978-24c7-4da3-9562-b8c8cb62c5b8{ip: 192.168.151.112, host: pr-hdds-2194-gpqhj-1713016619, networkLocation: /default-rack, certSerialId: null}, Type:RATIS, Factor:THREE, State:OPEN]
2019-10-15 04:01:28,666 [Thread-3080] INFO  container.ReplicationManager (ReplicationManager.java:start(162)) - Starting Replication Monitor Thread.
2019-10-15 04:01:28,671 [ReplicationMonitor] INFO  container.ReplicationManager (ReplicationManager.java:run(225)) - Replication Monitor Thread took 1 milliseconds for processing 1 containers.
2019-10-15 04:01:30,939 [Thread-3082] INFO  impl.FollowerState (FollowerState.java:run(108)) - 32aa562e-9d4b-43a6-96a8-df338a0b5f68@group-AD5EE4E6A600-FollowerState: change to CANDIDATE, lastRpcTime:5195ms, electionTimeout:5195ms
2019-10-15 04:01:30,939 [Thread-3082] INFO  impl.RoleInfo (RoleInfo.java:shutdownFollowerState(121)) - 32aa562e-9d4b-43a6-96a8-df338a0b5f68: shutdown FollowerState
2019-10-15 04:01:30,940 [Thread-3082] INFO  impl.RaftServerImpl (RaftServerImpl.java:setRole(170)) - 32aa562e-9d4b-43a6-96a8-df338a0b5f68@group-AD5EE4E6A600: changes role from  FOLLOWER to CANDIDATE at term 0 for changeToCandidate
2019-10-15 04:01:30,940 [Thread-3082] INFO  impl.RoleInfo (RoleInfo.java:updateAndGet(143)) - 32aa562e-9d4b-43a6-96a8-df338a0b5f68: start LeaderElection
2019-10-15 04:01:30,990 [32aa562e-9d4b-43a6-96a8-df338a0b5f68@group-AD5EE4E6A600-LeaderElection75] INFO  impl.LeaderElection (LeaderElection.java:askForVotes(178)) - 32aa562e-9d4b-43a6-96a8-df338a0b5f68@group-AD5EE4E6A600-LeaderElection75: begin an election at term 1 for -1: [32aa562e-9d4b-43a6-96a8-df338a0b5f68:192.168.151.112:34779], old=null
2019-10-15 04:01:30,990 [32aa562e-9d4b-43a6-96a8-df338a0b5f68@group-AD5EE4E6A600-LeaderElection75] INFO  impl.RoleInfo (RoleInfo.java:shutdownLeaderElection(134)) - 32aa562e-9d4b-43a6-96a8-df338a0b5f68: shutdown LeaderElection
2019-10-15 04:01:30,990 [32aa562e-9d4b-43a6-96a8-df338a0b5f68@group-AD5EE4E6A600-LeaderElection75] INFO  impl.RaftServerImpl (RaftServerImpl.java:setRole(170)) - 32aa562e-9d4b-43a6-96a8-df338a0b5f68@group-AD5EE4E6A600: changes role from CANDIDATE to LEADER at term 1 for changeToLeader
2019-10-15 04:01:30,991 [32aa562e-9d4b-43a6-96a8-df338a0b5f68@group-AD5EE4E6A600-LeaderElection75] INFO  impl.RaftServerImpl (ServerState.java:setLeader(255)) - 32aa562e-9d4b-43a6-96a8-df338a0b5f68@group-AD5EE4E6A600: change Leader from null to 32aa562e-9d4b-43a6-96a8-df338a0b5f68 at term 1 for becomeLeader, leader elected after 5252ms
2019-10-15 04:01:30,991 [32aa562e-9d4b-43a6-96a8-df338a0b5f68@group-AD5EE4E6A600-LeaderElection75] INFO  server.RaftServerConfigKeys (ConfUtils.java:logGet(43)) - raft.server.staging.catchup.gap = 1000 (default)
2019-10-15 04:01:30,991 [32aa562e-9d4b-43a6-96a8-df338a0b5f68@group-AD5EE4E6A600-LeaderElection75] INFO  server.RaftServerConfigKeys (ConfUtils.java:logGet(43)) - raft.server.rpc.sleep.time = 25ms (default)
2019-10-15 04:01:30,991 [32aa562e-9d4b-43a6-96a8-df338a0b5f68@group-AD5EE4E6A600-LeaderElection75] INFO  server.RaftServerConfigKeys (ConfUtils.java:logGet(43)) - raft.server.write.element-limit = 4096 (default)
2019-10-15 04:01:30,992 [32aa562e-9d4b-43a6-96a8-df338a0b5f68@group-AD5EE4E6A600-LeaderElection75] INFO  server.RaftServerConfigKeys (ConfUtils.java:logGet(43)) - raft.server.watch.timeout = 10s (default)
2019-10-15 04:01:30,992 [32aa562e-9d4b-43a6-96a8-df338a0b5f68@group-AD5EE4E6A600-LeaderElection75] INFO  server.RaftServerConfigKeys (ConfUtils.java:logGet(43)) - raft.server.watch.timeout.denomination = 1s (default)
2019-10-15 04:01:30,992 [32aa562e-9d4b-43a6-96a8-df338a0b5f68@group-AD5EE4E6A600-LeaderElection75] INFO  server.RaftServerConfigKeys (ConfUtils.java:logGet(43)) - raft.server.watch.element-limit = 65536 (default)
2019-10-15 04:01:30,994 [32aa562e-9d4b-43a6-96a8-df338a0b5f68@group-AD5EE4E6A600-LeaderElection75] INFO  impl.RoleInfo (RoleInfo.java:updateAndGet(143)) - 32aa562e-9d4b-43a6-96a8-df338a0b5f68: start LeaderState
2019-10-15 04:01:30,995 [32aa562e-9d4b-43a6-96a8-df338a0b5f68@group-AD5EE4E6A600-LeaderElection75] INFO  segmented.SegmentedRaftLogWorker (SegmentedRaftLogWorker.java:startLogSegment(385)) - 32aa562e-9d4b-43a6-96a8-df338a0b5f68@group-AD5EE4E6A600-SegmentedRaftLogWorker: Starting segment from index:0
2019-10-15 04:01:30,996 [32aa562e-9d4b-43a6-96a8-df338a0b5f68@group-AD5EE4E6A600-LeaderElection75] INFO  impl.RaftServerImpl (ServerState.java:setRaftConf(356)) - 32aa562e-9d4b-43a6-96a8-df338a0b5f68@group-AD5EE4E6A600: set configuration 0: [32aa562e-9d4b-43a6-96a8-df338a0b5f68:192.168.151.112:34779], old=null at 0
2019-10-15 04:01:31,036 [Thread-3085] INFO  impl.FollowerState (FollowerState.java:run(108)) - d407453e-f342-4891-ad71-781bc79e517e@group-5090272D97D1-FollowerState: change to CANDIDATE, lastRpcTime:5213ms, electionTimeout:5189ms
2019-10-15 04:01:31,036 [Thread-3085] INFO  impl.RoleInfo (RoleInfo.java:shutdownFollowerState(121)) - d407453e-f342-4891-ad71-781bc79e517e: shutdown FollowerState
2019-10-15 04:01:31,036 [Thread-3085] INFO  impl.RaftServerImpl (RaftServerImpl.java:setRole(170)) - d407453e-f342-4891-ad71-781bc79e517e@group-5090272D97D1: changes role from  FOLLOWER to CANDIDATE at term 0 for changeToCandidate
2019-10-15 04:01:31,037 [Thread-3085] INFO  impl.RoleInfo (RoleInfo.java:updateAndGet(143)) - d407453e-f342-4891-ad71-781bc79e517e: start LeaderElection
2019-10-15 04:01:31,066 [32aa562e-9d4b-43a6-96a8-df338a0b5f68@group-AD5EE4E6A600-SegmentedRaftLogWorker] INFO  segmented.SegmentedRaftLogWorker (SegmentedRaftLogWorker.java:execute(574)) - 32aa562e-9d4b-43a6-96a8-df338a0b5f68@group-AD5EE4E6A600-SegmentedRaftLogWorker: created new log segment /workdir/hadoop-ozone/integration-test/target/test-dir/MiniOzoneClusterImpl-db17e535-db34-411d-81ae-c2250ad617e5/datanode-0/data/ratis/db48cb2e-b9d0-45eb-a9be-ad5ee4e6a600/current/log_inprogress_0
2019-10-15 04:01:31,066 [d407453e-f342-4891-ad71-781bc79e517e@group-5090272D97D1-LeaderElection76] INFO  impl.LeaderElection (LeaderElection.java:askForVotes(178)) - d407453e-f342-4891-ad71-781bc79e517e@group-5090272D97D1-LeaderElection76: begin an election at term 1 for -1: [d407453e-f342-4891-ad71-781bc79e517e:192.168.151.112:42458], old=null
2019-10-15 04:01:31,067 [d407453e-f342-4891-ad71-781bc79e517e@group-5090272D97D1-LeaderElection76] INFO  impl.RoleInfo (RoleInfo.java:shutdownLeaderElection(134)) - d407453e-f342-4891-ad71-781bc79e517e: shutdown LeaderElection
2019-10-15 04:01:31,067 [d407453e-f342-4891-ad71-781bc79e517e@group-5090272D97D1-LeaderElection76] INFO  impl.RaftServerImpl (RaftServerImpl.java:setRole(170)) - d407453e-f342-4891-ad71-781bc79e517e@group-5090272D97D1: changes role from CANDIDATE to LEADER at term 1 for changeToLeader
2019-10-15 04:01:31,067 [d407453e-f342-4891-ad71-781bc79e517e@group-5090272D97D1-LeaderElection76] INFO  impl.RaftServerImpl (ServerState.java:setLeader(255)) - d407453e-f342-4891-ad71-781bc79e517e@group-5090272D97D1: change Leader from null to d407453e-f342-4891-ad71-781bc79e517e at term 1 for becomeLeader, leader elected after 5256ms
2019-10-15 04:01:31,067 [d407453e-f342-4891-ad71-781bc79e517e@group-5090272D97D1-LeaderElection76] INFO  server.RaftServerConfigKeys (ConfUtils.java:logGet(43)) - raft.server.staging.catchup.gap = 1000 (default)
2019-10-15 04:01:31,068 [d407453e-f342-4891-ad71-781bc79e517e@group-5090272D97D1-LeaderElection76] INFO  server.RaftServerConfigKeys (ConfUtils.java:logGet(43)) - raft.server.rpc.sleep.time = 25ms (default)
2019-10-15 04:01:31,068 [d407453e-f342-4891-ad71-781bc79e517e@group-5090272D97D1-LeaderElection76] INFO  server.RaftServerConfigKeys (ConfUtils.java:logGet(43)) - raft.server.write.element-limit = 4096 (default)
2019-10-15 04:01:31,068 [d407453e-f342-4891-ad71-781bc79e517e@group-5090272D97D1-LeaderElection76] INFO  server.RaftServerConfigKeys (ConfUtils.java:logGet(43)) - raft.server.watch.timeout = 10s (default)
2019-10-15 04:01:31,069 [d407453e-f342-4891-ad71-781bc79e517e@group-5090272D97D1-LeaderElection76] INFO  server.RaftServerConfigKeys (ConfUtils.java:logGet(43)) - raft.server.watch.timeout.denomination = 1s (default)
2019-10-15 04:01:31,069 [d407453e-f342-4891-ad71-781bc79e517e@group-5090272D97D1-LeaderElection76] INFO  server.RaftServerConfigKeys (ConfUtils.java:logGet(43)) - raft.server.watch.element-limit = 65536 (default)
2019-10-15 04:01:31,072 [d407453e-f342-4891-ad71-781bc79e517e@group-5090272D97D1-LeaderElection76] INFO  impl.RoleInfo (RoleInfo.java:updateAndGet(143)) - d407453e-f342-4891-ad71-781bc79e517e: start LeaderState
2019-10-15 04:01:31,073 [d407453e-f342-4891-ad71-781bc79e517e@group-5090272D97D1-LeaderElection76] INFO  segmented.SegmentedRaftLogWorker (SegmentedRaftLogWorker.java:startLogSegment(385)) - d407453e-f342-4891-ad71-781bc79e517e@group-5090272D97D1-SegmentedRaftLogWorker: Starting segment from index:0
2019-10-15 04:01:31,073 [d407453e-f342-4891-ad71-781bc79e517e@group-5090272D97D1-LeaderElection76] INFO  impl.RaftServerImpl (ServerState.java:setRaftConf(356)) - d407453e-f342-4891-ad71-781bc79e517e@group-5090272D97D1: set configuration 0: [d407453e-f342-4891-ad71-781bc79e517e:192.168.151.112:42458], old=null at 0
2019-10-15 04:01:31,110 [Thread-3088] INFO  impl.FollowerState (FollowerState.java:run(108)) - 65cd6720-3a58-46a5-8350-6eb1d5464001@group-A3BAA383FC5E-FollowerState: change to CANDIDATE, lastRpcTime:5186ms, electionTimeout:5186ms
2019-10-15 04:01:31,110 [Thread-3088] INFO  impl.RoleInfo (RoleInfo.java:shutdownFollowerState(121)) - 65cd6720-3a58-46a5-8350-6eb1d5464001: shutdown FollowerState
2019-10-15 04:01:31,110 [Thread-3088] INFO  impl.RaftServerImpl (RaftServerImpl.java:setRole(170)) - 65cd6720-3a58-46a5-8350-6eb1d5464001@group-A3BAA383FC5E: changes role from  FOLLOWER to CANDIDATE at term 0 for changeToCandidate
2019-10-15 04:01:31,110 [Thread-3088] INFO  impl.RoleInfo (RoleInfo.java:updateAndGet(143)) - 65cd6720-3a58-46a5-8350-6eb1d5464001: start LeaderElection
2019-10-15 04:01:31,172 [Thread-3094] INFO  impl.FollowerState (FollowerState.java:run(108)) - ea424b11-7a6c-4478-b56e-288847dd4a2e@group-555AEAD5E079-FollowerState: change to CANDIDATE, lastRpcTime:5082ms, electionTimeout:5082ms
2019-10-15 04:01:31,173 [Thread-3094] INFO  impl.RoleInfo (RoleInfo.java:shutdownFollowerState(121)) - ea424b11-7a6c-4478-b56e-288847dd4a2e: shutdown FollowerState
2019-10-15 04:01:31,173 [Thread-3094] INFO  impl.RaftServerImpl (RaftServerImpl.java:setRole(170)) - ea424b11-7a6c-4478-b56e-288847dd4a2e@group-555AEAD5E079: changes role from  FOLLOWER to CANDIDATE at term 0 for changeToCandidate
2019-10-15 04:01:31,173 [Thread-3094] INFO  impl.RoleInfo (RoleInfo.java:updateAndGet(143)) - ea424b11-7a6c-4478-b56e-288847dd4a2e: start LeaderElection
2019-10-15 04:01:31,177 [d407453e-f342-4891-ad71-781bc79e517e@group-5090272D97D1-SegmentedRaftLogWorker] INFO  segmented.SegmentedRaftLogWorker (SegmentedRaftLogWorker.java:execute(574)) - d407453e-f342-4891-ad71-781bc79e517e@group-5090272D97D1-SegmentedRaftLogWorker: created new log segment /workdir/hadoop-ozone/integration-test/target/test-dir/MiniOzoneClusterImpl-db17e535-db34-411d-81ae-c2250ad617e5/datanode-1/data/ratis/df45743f-12db-436a-8c6a-5090272d97d1/current/log_inprogress_0
2019-10-15 04:01:31,177 [65cd6720-3a58-46a5-8350-6eb1d5464001@group-A3BAA383FC5E-LeaderElection77] INFO  impl.LeaderElection (LeaderElection.java:askForVotes(178)) - 65cd6720-3a58-46a5-8350-6eb1d5464001@group-A3BAA383FC5E-LeaderElection77: begin an election at term 1 for -1: [65cd6720-3a58-46a5-8350-6eb1d5464001:192.168.151.112:43067], old=null
2019-10-15 04:01:31,179 [65cd6720-3a58-46a5-8350-6eb1d5464001@group-A3BAA383FC5E-LeaderElection77] INFO  impl.RoleInfo (RoleInfo.java:shutdownLeaderElection(134)) - 65cd6720-3a58-46a5-8350-6eb1d5464001: shutdown LeaderElection
2019-10-15 04:01:31,179 [65cd6720-3a58-46a5-8350-6eb1d5464001@group-A3BAA383FC5E-LeaderElection77] INFO  impl.RaftServerImpl (RaftServerImpl.java:setRole(170)) - 65cd6720-3a58-46a5-8350-6eb1d5464001@group-A3BAA383FC5E: changes role from CANDIDATE to LEADER at term 1 for changeToLeader
2019-10-15 04:01:31,179 [65cd6720-3a58-46a5-8350-6eb1d5464001@group-A3BAA383FC5E-LeaderElection77] INFO  impl.RaftServerImpl (ServerState.java:setLeader(255)) - 65cd6720-3a58-46a5-8350-6eb1d5464001@group-A3BAA383FC5E: change Leader from null to 65cd6720-3a58-46a5-8350-6eb1d5464001 at term 1 for becomeLeader, leader elected after 5262ms
2019-10-15 04:01:31,179 [65cd6720-3a58-46a5-8350-6eb1d5464001@group-A3BAA383FC5E-LeaderElection77] INFO  server.RaftServerConfigKeys (ConfUtils.java:logGet(43)) - raft.server.staging.catchup.gap = 1000 (default)
2019-10-15 04:01:31,179 [65cd6720-3a58-46a5-8350-6eb1d5464001@group-A3BAA383FC5E-LeaderElection77] INFO  server.RaftServerConfigKeys (ConfUtils.java:logGet(43)) - raft.server.rpc.sleep.time = 25ms (default)
2019-10-15 04:01:31,179 [65cd6720-3a58-46a5-8350-6eb1d5464001@group-A3BAA383FC5E-LeaderElection77] INFO  server.RaftServerConfigKeys (ConfUtils.java:logGet(43)) - raft.server.write.element-limit = 4096 (default)
2019-10-15 04:01:31,180 [65cd6720-3a58-46a5-8350-6eb1d5464001@group-A3BAA383FC5E-LeaderElection77] INFO  server.RaftServerConfigKeys (ConfUtils.java:logGet(43)) - raft.server.watch.timeout = 10s (default)
2019-10-15 04:01:31,180 [65cd6720-3a58-46a5-8350-6eb1d5464001@group-A3BAA383FC5E-LeaderElection77] INFO  server.RaftServerConfigKeys (ConfUtils.java:logGet(43)) - raft.server.watch.timeout.denomination = 1s (default)
2019-10-15 04:01:31,180 [65cd6720-3a58-46a5-8350-6eb1d5464001@group-A3BAA383FC5E-LeaderElection77] INFO  server.RaftServerConfigKeys (ConfUtils.java:logGet(43)) - raft.server.watch.element-limit = 65536 (default)
2019-10-15 04:01:31,180 [Thread-3091] INFO  impl.FollowerState (FollowerState.java:run(108)) - 7e6dbcba-bf51-49ed-94c0-b704c4b6a7d9@group-C1CD6D1E1F82-FollowerState: change to CANDIDATE, lastRpcTime:5179ms, electionTimeout:5179ms
2019-10-15 04:01:31,180 [Thread-3091] INFO  impl.RoleInfo (RoleInfo.java:shutdownFollowerState(121)) - 7e6dbcba-bf51-49ed-94c0-b704c4b6a7d9: shutdown FollowerState
2019-10-15 04:01:31,180 [Thread-3091] INFO  impl.RaftServerImpl (RaftServerImpl.java:setRole(170)) - 7e6dbcba-bf51-49ed-94c0-b704c4b6a7d9@group-C1CD6D1E1F82: changes role from  FOLLOWER to CANDIDATE at term 0 for changeToCandidate
2019-10-15 04:01:31,181 [Thread-3091] INFO  impl.RoleInfo (RoleInfo.java:updateAndGet(143)) - 7e6dbcba-bf51-49ed-94c0-b704c4b6a7d9: start LeaderElection
2019-10-15 04:01:31,185 [65cd6720-3a58-46a5-8350-6eb1d5464001@group-A3BAA383FC5E-LeaderElection77] INFO  impl.RoleInfo (RoleInfo.java:updateAndGet(143)) - 65cd6720-3a58-46a5-8350-6eb1d5464001: start LeaderState
2019-10-15 04:01:31,185 [65cd6720-3a58-46a5-8350-6eb1d5464001@group-A3BAA383FC5E-LeaderElection77] INFO  segmented.SegmentedRaftLogWorker (SegmentedRaftLogWorker.java:startLogSegment(385)) - 65cd6720-3a58-46a5-8350-6eb1d5464001@group-A3BAA383FC5E-SegmentedRaftLogWorker: Starting segment from index:0
2019-10-15 04:01:31,185 [65cd6720-3a58-46a5-8350-6eb1d5464001@group-A3BAA383FC5E-LeaderElection77] INFO  impl.RaftServerImpl (ServerState.java:setRaftConf(356)) - 65cd6720-3a58-46a5-8350-6eb1d5464001@group-A3BAA383FC5E: set configuration 0: [65cd6720-3a58-46a5-8350-6eb1d5464001:192.168.151.112:43067], old=null at 0
2019-10-15 04:01:31,209 [ea424b11-7a6c-4478-b56e-288847dd4a2e@group-555AEAD5E079-LeaderElection78] INFO  impl.LeaderElection (LeaderElection.java:askForVotes(178)) - ea424b11-7a6c-4478-b56e-288847dd4a2e@group-555AEAD5E079-LeaderElection78: begin an election at term 1 for -1: [ea424b11-7a6c-4478-b56e-288847dd4a2e:192.168.151.112:32965], old=null
2019-10-15 04:01:31,209 [7e6dbcba-bf51-49ed-94c0-b704c4b6a7d9@group-C1CD6D1E1F82-LeaderElection79] INFO  impl.LeaderElection (LeaderElection.java:askForVotes(178)) - 7e6dbcba-bf51-49ed-94c0-b704c4b6a7d9@group-C1CD6D1E1F82-LeaderElection79: begin an election at term 1 for -1: [7e6dbcba-bf51-49ed-94c0-b704c4b6a7d9:192.168.151.112:45998], old=null
2019-10-15 04:01:31,209 [ea424b11-7a6c-4478-b56e-288847dd4a2e@group-555AEAD5E079-LeaderElection78] INFO  impl.RoleInfo (RoleInfo.java:shutdownLeaderElection(134)) - ea424b11-7a6c-4478-b56e-288847dd4a2e: shutdown LeaderElection
2019-10-15 04:01:31,209 [7e6dbcba-bf51-49ed-94c0-b704c4b6a7d9@group-C1CD6D1E1F82-LeaderElection79] INFO  impl.RoleInfo (RoleInfo.java:shutdownLeaderElection(134)) - 7e6dbcba-bf51-49ed-94c0-b704c4b6a7d9: shutdown LeaderElection
2019-10-15 04:01:31,210 [ea424b11-7a6c-4478-b56e-288847dd4a2e@group-555AEAD5E079-LeaderElection78] INFO  impl.RaftServerImpl (RaftServerImpl.java:setRole(170)) - ea424b11-7a6c-4478-b56e-288847dd4a2e@group-555AEAD5E079: changes role from CANDIDATE to LEADER at term 1 for changeToLeader
2019-10-15 04:01:31,210 [7e6dbcba-bf51-49ed-94c0-b704c4b6a7d9@group-C1CD6D1E1F82-LeaderElection79] INFO  impl.RaftServerImpl (RaftServerImpl.java:setRole(170)) - 7e6dbcba-bf51-49ed-94c0-b704c4b6a7d9@group-C1CD6D1E1F82: changes role from CANDIDATE to LEADER at term 1 for changeToLeader
2019-10-15 04:01:31,210 [ea424b11-7a6c-4478-b56e-288847dd4a2e@group-555AEAD5E079-LeaderElection78] INFO  impl.RaftServerImpl (ServerState.java:setLeader(255)) - ea424b11-7a6c-4478-b56e-288847dd4a2e@group-555AEAD5E079: change Leader from null to ea424b11-7a6c-4478-b56e-288847dd4a2e at term 1 for becomeLeader, leader elected after 5126ms
2019-10-15 04:01:31,210 [7e6dbcba-bf51-49ed-94c0-b704c4b6a7d9@group-C1CD6D1E1F82-LeaderElection79] INFO  impl.RaftServerImpl (ServerState.java:setLeader(255)) - 7e6dbcba-bf51-49ed-94c0-b704c4b6a7d9@group-C1CD6D1E1F82: change Leader from null to 7e6dbcba-bf51-49ed-94c0-b704c4b6a7d9 at term 1 for becomeLeader, leader elected after 5215ms
2019-10-15 04:01:31,210 [ea424b11-7a6c-4478-b56e-288847dd4a2e@group-555AEAD5E079-LeaderElection78] INFO  server.RaftServerConfigKeys (ConfUtils.java:logGet(43)) - raft.server.staging.catchup.gap = 1000 (default)
2019-10-15 04:01:31,210 [7e6dbcba-bf51-49ed-94c0-b704c4b6a7d9@group-C1CD6D1E1F82-LeaderElection79] INFO  server.RaftServerConfigKeys (ConfUtils.java:logGet(43)) - raft.server.staging.catchup.gap = 1000 (default)
2019-10-15 04:01:31,210 [ea424b11-7a6c-4478-b56e-288847dd4a2e@group-555AEAD5E079-LeaderElection78] INFO  server.RaftServerConfigKeys (ConfUtils.java:logGet(43)) - raft.server.rpc.sleep.time = 25ms (default)
2019-10-15 04:01:31,211 [7e6dbcba-bf51-49ed-94c0-b704c4b6a7d9@group-C1CD6D1E1F82-LeaderElection79] INFO  server.RaftServerConfigKeys (ConfUtils.java:logGet(43)) - raft.server.rpc.sleep.time = 25ms (default)
2019-10-15 04:01:31,211 [ea424b11-7a6c-4478-b56e-288847dd4a2e@group-555AEAD5E079-LeaderElection78] INFO  server.RaftServerConfigKeys (ConfUtils.java:logGet(43)) - raft.server.write.element-limit = 4096 (default)
2019-10-15 04:01:31,211 [7e6dbcba-bf51-49ed-94c0-b704c4b6a7d9@group-C1CD6D1E1F82-LeaderElection79] INFO  server.RaftServerConfigKeys (ConfUtils.java:logGet(43)) - raft.server.write.element-limit = 4096 (default)
2019-10-15 04:01:31,211 [ea424b11-7a6c-4478-b56e-288847dd4a2e@group-555AEAD5E079-LeaderElection78] INFO  server.RaftServerConfigKeys (ConfUtils.java:logGet(43)) - raft.server.watch.timeout = 10s (default)
2019-10-15 04:01:31,211 [7e6dbcba-bf51-49ed-94c0-b704c4b6a7d9@group-C1CD6D1E1F82-LeaderElection79] INFO  server.RaftServerConfigKeys (ConfUtils.java:logGet(43)) - raft.server.watch.timeout = 10s (default)
2019-10-15 04:01:31,211 [ea424b11-7a6c-4478-b56e-288847dd4a2e@group-555AEAD5E079-LeaderElection78] INFO  server.RaftServerConfigKeys (ConfUtils.java:logGet(43)) - raft.server.watch.timeout.denomination = 1s (default)
2019-10-15 04:01:31,211 [7e6dbcba-bf51-49ed-94c0-b704c4b6a7d9@group-C1CD6D1E1F82-LeaderElection79] INFO  server.RaftServerConfigKeys (ConfUtils.java:logGet(43)) - raft.server.watch.timeout.denomination = 1s (default)
2019-10-15 04:01:31,212 [ea424b11-7a6c-4478-b56e-288847dd4a2e@group-555AEAD5E079-LeaderElection78] INFO  server.RaftServerConfigKeys (ConfUtils.java:logGet(43)) - raft.server.watch.element-limit = 65536 (default)
2019-10-15 04:01:31,212 [7e6dbcba-bf51-49ed-94c0-b704c4b6a7d9@group-C1CD6D1E1F82-LeaderElection79] INFO  server.RaftServerConfigKeys (ConfUtils.java:logGet(43)) - raft.server.watch.element-limit = 65536 (default)
2019-10-15 04:01:31,215 [ea424b11-7a6c-4478-b56e-288847dd4a2e@group-555AEAD5E079-LeaderElection78] INFO  impl.RoleInfo (RoleInfo.java:updateAndGet(143)) - ea424b11-7a6c-4478-b56e-288847dd4a2e: start LeaderState
2019-10-15 04:01:31,215 [ea424b11-7a6c-4478-b56e-288847dd4a2e@group-555AEAD5E079-LeaderElection78] INFO  segmented.SegmentedRaftLogWorker (SegmentedRaftLogWorker.java:startLogSegment(385)) - ea424b11-7a6c-4478-b56e-288847dd4a2e@group-555AEAD5E079-SegmentedRaftLogWorker: Starting segment from index:0
2019-10-15 04:01:31,215 [7e6dbcba-bf51-49ed-94c0-b704c4b6a7d9@group-C1CD6D1E1F82-LeaderElection79] INFO  impl.RoleInfo (RoleInfo.java:updateAndGet(143)) - 7e6dbcba-bf51-49ed-94c0-b704c4b6a7d9: start LeaderState
2019-10-15 04:01:31,216 [7e6dbcba-bf51-49ed-94c0-b704c4b6a7d9@group-C1CD6D1E1F82-LeaderElection79] INFO  segmented.SegmentedRaftLogWorker (SegmentedRaftLogWorker.java:startLogSegment(385)) - 7e6dbcba-bf51-49ed-94c0-b704c4b6a7d9@group-C1CD6D1E1F82-SegmentedRaftLogWorker: Starting segment from index:0
2019-10-15 04:01:31,216 [ea424b11-7a6c-4478-b56e-288847dd4a2e@group-555AEAD5E079-LeaderElection78] INFO  impl.RaftServerImpl (ServerState.java:setRaftConf(356)) - ea424b11-7a6c-4478-b56e-288847dd4a2e@group-555AEAD5E079: set configuration 0: [ea424b11-7a6c-4478-b56e-288847dd4a2e:192.168.151.112:32965], old=null at 0
2019-10-15 04:01:31,241 [7e6dbcba-bf51-49ed-94c0-b704c4b6a7d9@group-C1CD6D1E1F82-LeaderElection79] INFO  impl.RaftServerImpl (ServerState.java:setRaftConf(356)) - 7e6dbcba-bf51-49ed-94c0-b704c4b6a7d9@group-C1CD6D1E1F82: set configuration 0: [7e6dbcba-bf51-49ed-94c0-b704c4b6a7d9:192.168.151.112:45998], old=null at 0
2019-10-15 04:01:31,273 [ea424b11-7a6c-4478-b56e-288847dd4a2e@group-555AEAD5E079-SegmentedRaftLogWorker] INFO  segmented.SegmentedRaftLogWorker (SegmentedRaftLogWorker.java:execute(574)) - ea424b11-7a6c-4478-b56e-288847dd4a2e@group-555AEAD5E079-SegmentedRaftLogWorker: created new log segment /workdir/hadoop-ozone/integration-test/target/test-dir/MiniOzoneClusterImpl-db17e535-db34-411d-81ae-c2250ad617e5/datanode-4/data/ratis/8ef6cdaf-c0c2-4bb3-bbee-555aead5e079/current/log_inprogress_0
2019-10-15 04:01:31,274 [65cd6720-3a58-46a5-8350-6eb1d5464001@group-A3BAA383FC5E-SegmentedRaftLogWorker] INFO  segmented.SegmentedRaftLogWorker (SegmentedRaftLogWorker.java:execute(574)) - 65cd6720-3a58-46a5-8350-6eb1d5464001@group-A3BAA383FC5E-SegmentedRaftLogWorker: created new log segment /workdir/hadoop-ozone/integration-test/target/test-dir/MiniOzoneClusterImpl-db17e535-db34-411d-81ae-c2250ad617e5/datanode-2/data/ratis/456f85d9-8c87-4846-842c-a3baa383fc5e/current/log_inprogress_0
2019-10-15 04:01:31,282 [Thread-3099] INFO  impl.FollowerState (FollowerState.java:run(108)) - 04d34dbb-fead-4dfd-831e-5ebb54778734@group-4D200E4DD83B-FollowerState: change to CANDIDATE, lastRpcTime:5081ms, electionTimeout:5081ms
2019-10-15 04:01:31,282 [Thread-3099] INFO  impl.RoleInfo (RoleInfo.java:shutdownFollowerState(121)) - 04d34dbb-fead-4dfd-831e-5ebb54778734: shutdown FollowerState
2019-10-15 04:01:31,282 [Thread-3099] INFO  impl.RaftServerImpl (RaftServerImpl.java:setRole(170)) - 04d34dbb-fead-4dfd-831e-5ebb54778734@group-4D200E4DD83B: changes role from  FOLLOWER to CANDIDATE at term 0 for changeToCandidate
2019-10-15 04:01:31,282 [Thread-3099] INFO  impl.RoleInfo (RoleInfo.java:updateAndGet(143)) - 04d34dbb-fead-4dfd-831e-5ebb54778734: start LeaderElection
2019-10-15 04:01:31,295 [7e6dbcba-bf51-49ed-94c0-b704c4b6a7d9@group-C1CD6D1E1F82-SegmentedRaftLogWorker] INFO  segmented.SegmentedRaftLogWorker (SegmentedRaftLogWorker.java:execute(574)) - 7e6dbcba-bf51-49ed-94c0-b704c4b6a7d9@group-C1CD6D1E1F82-SegmentedRaftLogWorker: created new log segment /workdir/hadoop-ozone/integration-test/target/test-dir/MiniOzoneClusterImpl-db17e535-db34-411d-81ae-c2250ad617e5/datanode-3/data/ratis/bee7c453-c657-417b-a8f1-c1cd6d1e1f82/current/log_inprogress_0
2019-10-15 04:01:31,304 [Thread-3102] INFO  impl.FollowerState (FollowerState.java:run(108)) - 67c0e978-24c7-4da3-9562-b8c8cb62c5b8@group-BF40E3471501-FollowerState: change to CANDIDATE, lastRpcTime:5017ms, electionTimeout:5017ms
2019-10-15 04:01:31,304 [Thread-3102] INFO  impl.RoleInfo (RoleInfo.java:shutdownFollowerState(121)) - 67c0e978-24c7-4da3-9562-b8c8cb62c5b8: shutdown FollowerState
2019-10-15 04:01:31,304 [Thread-3102] INFO  impl.RaftServerImpl (RaftServerImpl.java:setRole(170)) - 67c0e978-24c7-4da3-9562-b8c8cb62c5b8@group-BF40E3471501: changes role from  FOLLOWER to CANDIDATE at term 0 for changeToCandidate
2019-10-15 04:01:31,304 [Thread-3102] INFO  impl.RoleInfo (RoleInfo.java:updateAndGet(143)) - 67c0e978-24c7-4da3-9562-b8c8cb62c5b8: start LeaderElection
2019-10-15 04:01:31,328 [04d34dbb-fead-4dfd-831e-5ebb54778734@group-4D200E4DD83B-LeaderElection80] INFO  impl.LeaderElection (LeaderElection.java:askForVotes(178)) - 04d34dbb-fead-4dfd-831e-5ebb54778734@group-4D200E4DD83B-LeaderElection80: begin an election at term 1 for -1: [04d34dbb-fead-4dfd-831e-5ebb54778734:192.168.151.112:34060], old=null
2019-10-15 04:01:31,328 [04d34dbb-fead-4dfd-831e-5ebb54778734@group-4D200E4DD83B-LeaderElection80] INFO  impl.RoleInfo (RoleInfo.java:shutdownLeaderElection(134)) - 04d34dbb-fead-4dfd-831e-5ebb54778734: shutdown LeaderElection
2019-10-15 04:01:31,328 [04d34dbb-fead-4dfd-831e-5ebb54778734@group-4D200E4DD83B-LeaderElection80] INFO  impl.RaftServerImpl (RaftServerImpl.java:setRole(170)) - 04d34dbb-fead-4dfd-831e-5ebb54778734@group-4D200E4DD83B: changes role from CANDIDATE to LEADER at term 1 for changeToLeader
2019-10-15 04:01:31,328 [04d34dbb-fead-4dfd-831e-5ebb54778734@group-4D200E4DD83B-LeaderElection80] INFO  impl.RaftServerImpl (ServerState.java:setLeader(255)) - 04d34dbb-fead-4dfd-831e-5ebb54778734@group-4D200E4DD83B: change Leader from null to 04d34dbb-fead-4dfd-831e-5ebb54778734 at term 1 for becomeLeader, leader elected after 5147ms
2019-10-15 04:01:31,328 [04d34dbb-fead-4dfd-831e-5ebb54778734@group-4D200E4DD83B-LeaderElection80] INFO  server.RaftServerConfigKeys (ConfUtils.java:logGet(43)) - raft.server.staging.catchup.gap = 1000 (default)
2019-10-15 04:01:31,328 [04d34dbb-fead-4dfd-831e-5ebb54778734@group-4D200E4DD83B-LeaderElection80] INFO  server.RaftServerConfigKeys (ConfUtils.java:logGet(43)) - raft.server.rpc.sleep.time = 25ms (default)
2019-10-15 04:01:31,328 [04d34dbb-fead-4dfd-831e-5ebb54778734@group-4D200E4DD83B-LeaderElection80] INFO  server.RaftServerConfigKeys (ConfUtils.java:logGet(43)) - raft.server.write.element-limit = 4096 (default)
2019-10-15 04:01:31,328 [04d34dbb-fead-4dfd-831e-5ebb54778734@group-4D200E4DD83B-LeaderElection80] INFO  server.RaftServerConfigKeys (ConfUtils.java:logGet(43)) - raft.server.watch.timeout = 10s (default)
2019-10-15 04:01:31,329 [04d34dbb-fead-4dfd-831e-5ebb54778734@group-4D200E4DD83B-LeaderElection80] INFO  server.RaftServerConfigKeys (ConfUtils.java:logGet(43)) - raft.server.watch.timeout.denomination = 1s (default)
2019-10-15 04:01:31,329 [04d34dbb-fead-4dfd-831e-5ebb54778734@group-4D200E4DD83B-LeaderElection80] INFO  server.RaftServerConfigKeys (ConfUtils.java:logGet(43)) - raft.server.watch.element-limit = 65536 (default)
2019-10-15 04:01:31,330 [04d34dbb-fead-4dfd-831e-5ebb54778734@group-4D200E4DD83B-LeaderElection80] INFO  impl.RoleInfo (RoleInfo.java:updateAndGet(143)) - 04d34dbb-fead-4dfd-831e-5ebb54778734: start LeaderState
2019-10-15 04:01:31,330 [04d34dbb-fead-4dfd-831e-5ebb54778734@group-4D200E4DD83B-LeaderElection80] INFO  segmented.SegmentedRaftLogWorker (SegmentedRaftLogWorker.java:startLogSegment(385)) - 04d34dbb-fead-4dfd-831e-5ebb54778734@group-4D200E4DD83B-SegmentedRaftLogWorker: Starting segment from index:0
2019-10-15 04:01:31,331 [04d34dbb-fead-4dfd-831e-5ebb54778734@group-4D200E4DD83B-LeaderElection80] INFO  impl.RaftServerImpl (ServerState.java:setRaftConf(356)) - 04d34dbb-fead-4dfd-831e-5ebb54778734@group-4D200E4DD83B: set configuration 0: [04d34dbb-fead-4dfd-831e-5ebb54778734:192.168.151.112:34060], old=null at 0
2019-10-15 04:01:31,336 [67c0e978-24c7-4da3-9562-b8c8cb62c5b8@group-BF40E3471501-LeaderElection81] INFO  impl.LeaderElection (LeaderElection.java:askForVotes(178)) - 67c0e978-24c7-4da3-9562-b8c8cb62c5b8@group-BF40E3471501-LeaderElection81: begin an election at term 1 for -1: [67c0e978-24c7-4da3-9562-b8c8cb62c5b8:192.168.151.112:35558], old=null
2019-10-15 04:01:31,336 [67c0e978-24c7-4da3-9562-b8c8cb62c5b8@group-BF40E3471501-LeaderElection81] INFO  impl.RoleInfo (RoleInfo.java:shutdownLeaderElection(134)) - 67c0e978-24c7-4da3-9562-b8c8cb62c5b8: shutdown LeaderElection
2019-10-15 04:01:31,336 [67c0e978-24c7-4da3-9562-b8c8cb62c5b8@group-BF40E3471501-LeaderElection81] INFO  impl.RaftServerImpl (RaftServerImpl.java:setRole(170)) - 67c0e978-24c7-4da3-9562-b8c8cb62c5b8@group-BF40E3471501: changes role from CANDIDATE to LEADER at term 1 for changeToLeader
2019-10-15 04:01:31,337 [67c0e978-24c7-4da3-9562-b8c8cb62c5b8@group-BF40E3471501-LeaderElection81] INFO  impl.RaftServerImpl (ServerState.java:setLeader(255)) - 67c0e978-24c7-4da3-9562-b8c8cb62c5b8@group-BF40E3471501: change Leader from null to 67c0e978-24c7-4da3-9562-b8c8cb62c5b8 at term 1 for becomeLeader, leader elected after 5055ms
2019-10-15 04:01:31,337 [67c0e978-24c7-4da3-9562-b8c8cb62c5b8@group-BF40E3471501-LeaderElection81] INFO  server.RaftServerConfigKeys (ConfUtils.java:logGet(43)) - raft.server.staging.catchup.gap = 1000 (default)
2019-10-15 04:01:31,337 [67c0e978-24c7-4da3-9562-b8c8cb62c5b8@group-BF40E3471501-LeaderElection81] INFO  server.RaftServerConfigKeys (ConfUtils.java:logGet(43)) - raft.server.rpc.sleep.time = 25ms (default)
2019-10-15 04:01:31,337 [67c0e978-24c7-4da3-9562-b8c8cb62c5b8@group-BF40E3471501-LeaderElection81] INFO  server.RaftServerConfigKeys (ConfUtils.java:logGet(43)) - raft.server.write.element-limit = 4096 (default)
2019-10-15 04:01:31,337 [67c0e978-24c7-4da3-9562-b8c8cb62c5b8@group-BF40E3471501-LeaderElection81] INFO  server.RaftServerConfigKeys (ConfUtils.java:logGet(43)) - raft.server.watch.timeout = 10s (default)
2019-10-15 04:01:31,337 [67c0e978-24c7-4da3-9562-b8c8cb62c5b8@group-BF40E3471501-LeaderElection81] INFO  server.RaftServerConfigKeys (ConfUtils.java:logGet(43)) - raft.server.watch.timeout.denomination = 1s (default)
2019-10-15 04:01:31,337 [67c0e978-24c7-4da3-9562-b8c8cb62c5b8@group-BF40E3471501-LeaderElection81] INFO  server.RaftServerConfigKeys (ConfUtils.java:logGet(43)) - raft.server.watch.element-limit = 65536 (default)
2019-10-15 04:01:31,339 [67c0e978-24c7-4da3-9562-b8c8cb62c5b8@group-BF40E3471501-LeaderElection81] INFO  impl.RoleInfo (RoleInfo.java:updateAndGet(143)) - 67c0e978-24c7-4da3-9562-b8c8cb62c5b8: start LeaderState
2019-10-15 04:01:31,339 [67c0e978-24c7-4da3-9562-b8c8cb62c5b8@group-BF40E3471501-LeaderElection81] INFO  segmented.SegmentedRaftLogWorker (SegmentedRaftLogWorker.java:startLogSegment(385)) - 67c0e978-24c7-4da3-9562-b8c8cb62c5b8@group-BF40E3471501-SegmentedRaftLogWorker: Starting segment from index:0
2019-10-15 04:01:31,340 [67c0e978-24c7-4da3-9562-b8c8cb62c5b8@group-BF40E3471501-LeaderElection81] INFO  impl.RaftServerImpl (ServerState.java:setRaftConf(356)) - 67c0e978-24c7-4da3-9562-b8c8cb62c5b8@group-BF40E3471501: set configuration 0: [67c0e978-24c7-4da3-9562-b8c8cb62c5b8:192.168.151.112:35558], old=null at 0
2019-10-15 04:01:31,390 [Thread-3108] INFO  impl.FollowerState (FollowerState.java:run(108)) - d407453e-f342-4891-ad71-781bc79e517e@group-41F18346D9FB-FollowerState: change to CANDIDATE, lastRpcTime:5001ms, electionTimeout:5001ms
2019-10-15 04:01:31,390 [Thread-3108] INFO  impl.RoleInfo (RoleInfo.java:shutdownFollowerState(121)) - d407453e-f342-4891-ad71-781bc79e517e: shutdown FollowerState
2019-10-15 04:01:31,390 [Thread-3108] INFO  impl.RaftServerImpl (RaftServerImpl.java:setRole(170)) - d407453e-f342-4891-ad71-781bc79e517e@group-41F18346D9FB: changes role from  FOLLOWER to CANDIDATE at term 0 for changeToCandidate
2019-10-15 04:01:31,390 [Thread-3108] INFO  impl.RoleInfo (RoleInfo.java:updateAndGet(143)) - d407453e-f342-4891-ad71-781bc79e517e: start LeaderElection
2019-10-15 04:01:31,412 [04d34dbb-fead-4dfd-831e-5ebb54778734@group-4D200E4DD83B-SegmentedRaftLogWorker] INFO  segmented.SegmentedRaftLogWorker (SegmentedRaftLogWorker.java:execute(574)) - 04d34dbb-fead-4dfd-831e-5ebb54778734@group-4D200E4DD83B-SegmentedRaftLogWorker: created new log segment /workdir/hadoop-ozone/integration-test/target/test-dir/MiniOzoneClusterImpl-db17e535-db34-411d-81ae-c2250ad617e5/datanode-5/data/ratis/840ba81d-2ef2-4e89-8be7-4d200e4dd83b/current/log_inprogress_0
2019-10-15 04:01:31,418 [Thread-3105] INFO  impl.FollowerState (FollowerState.java:run(108)) - 7e6dbcba-bf51-49ed-94c0-b704c4b6a7d9@group-41F18346D9FB-FollowerState: change to CANDIDATE, lastRpcTime:5034ms, electionTimeout:5033ms
2019-10-15 04:01:31,418 [Thread-3105] INFO  impl.RoleInfo (RoleInfo.java:shutdownFollowerState(121)) - 7e6dbcba-bf51-49ed-94c0-b704c4b6a7d9: shutdown FollowerState
2019-10-15 04:01:31,418 [Thread-3105] INFO  impl.RaftServerImpl (RaftServerImpl.java:setRole(170)) - 7e6dbcba-bf51-49ed-94c0-b704c4b6a7d9@group-41F18346D9FB: changes role from  FOLLOWER to CANDIDATE at term 0 for changeToCandidate
2019-10-15 04:01:31,418 [Thread-3105] INFO  impl.RoleInfo (RoleInfo.java:updateAndGet(143)) - 7e6dbcba-bf51-49ed-94c0-b704c4b6a7d9: start LeaderElection
2019-10-15 04:01:31,437 [67c0e978-24c7-4da3-9562-b8c8cb62c5b8@group-BF40E3471501-SegmentedRaftLogWorker] INFO  segmented.SegmentedRaftLogWorker (SegmentedRaftLogWorker.java:execute(574)) - 67c0e978-24c7-4da3-9562-b8c8cb62c5b8@group-BF40E3471501-SegmentedRaftLogWorker: created new log segment /workdir/hadoop-ozone/integration-test/target/test-dir/MiniOzoneClusterImpl-db17e535-db34-411d-81ae-c2250ad617e5/datanode-6/data/ratis/b7eb42ad-ad7c-4ff8-847e-bf40e3471501/current/log_inprogress_0
2019-10-15 04:01:31,438 [d407453e-f342-4891-ad71-781bc79e517e@group-41F18346D9FB-LeaderElection82] INFO  impl.LeaderElection (LeaderElection.java:askForVotes(178)) - d407453e-f342-4891-ad71-781bc79e517e@group-41F18346D9FB-LeaderElection82: begin an election at term 1 for -1: [d407453e-f342-4891-ad71-781bc79e517e:192.168.151.112:42458, 32aa562e-9d4b-43a6-96a8-df338a0b5f68:192.168.151.112:34779, 7e6dbcba-bf51-49ed-94c0-b704c4b6a7d9:192.168.151.112:45998], old=null
2019-10-15 04:01:31,438 [7e6dbcba-bf51-49ed-94c0-b704c4b6a7d9@group-41F18346D9FB-LeaderElection83] INFO  impl.LeaderElection (LeaderElection.java:askForVotes(178)) - 7e6dbcba-bf51-49ed-94c0-b704c4b6a7d9@group-41F18346D9FB-LeaderElection83: begin an election at term 1 for -1: [d407453e-f342-4891-ad71-781bc79e517e:192.168.151.112:42458, 32aa562e-9d4b-43a6-96a8-df338a0b5f68:192.168.151.112:34779, 7e6dbcba-bf51-49ed-94c0-b704c4b6a7d9:192.168.151.112:45998], old=null
2019-10-15 04:01:31,442 [grpc-default-executor-6] INFO  impl.RaftServerImpl (RaftServerImpl.java:setRole(170)) - 32aa562e-9d4b-43a6-96a8-df338a0b5f68@group-41F18346D9FB: changes role from  FOLLOWER to FOLLOWER at term 1 for recognizeCandidate:d407453e-f342-4891-ad71-781bc79e517e
2019-10-15 04:01:31,442 [grpc-default-executor-6] INFO  impl.RoleInfo (RoleInfo.java:shutdownFollowerState(121)) - 32aa562e-9d4b-43a6-96a8-df338a0b5f68: shutdown FollowerState
2019-10-15 04:01:31,442 [grpc-default-executor-6] INFO  impl.RoleInfo (RoleInfo.java:updateAndGet(143)) - 32aa562e-9d4b-43a6-96a8-df338a0b5f68: start FollowerState
2019-10-15 04:01:31,442 [Thread-3109] INFO  impl.FollowerState (FollowerState.java:run(117)) - 32aa562e-9d4b-43a6-96a8-df338a0b5f68@group-41F18346D9FB-FollowerState was interrupted: java.lang.InterruptedException: sleep interrupted
2019-10-15 04:01:31,490 [7e6dbcba-bf51-49ed-94c0-b704c4b6a7d9@group-41F18346D9FB-LeaderElection83] INFO  impl.LeaderElection (LeaderElection.java:logAndReturn(56)) - 7e6dbcba-bf51-49ed-94c0-b704c4b6a7d9@group-41F18346D9FB-LeaderElection83: Election REJECTED; received 2 response(s) [7e6dbcba-bf51-49ed-94c0-b704c4b6a7d9<-d407453e-f342-4891-ad71-781bc79e517e#0:FAIL-t1, 7e6dbcba-bf51-49ed-94c0-b704c4b6a7d9<-32aa562e-9d4b-43a6-96a8-df338a0b5f68#0:FAIL-t1] and 0 exception(s); 7e6dbcba-bf51-49ed-94c0-b704c4b6a7d9@group-41F18346D9FB:t1, leader=null, voted=7e6dbcba-bf51-49ed-94c0-b704c4b6a7d9, raftlog=7e6dbcba-bf51-49ed-94c0-b704c4b6a7d9@group-41F18346D9FB-SegmentedRaftLog:OPENED:c-1,f-1,i0, conf=-1: [d407453e-f342-4891-ad71-781bc79e517e:192.168.151.112:42458, 32aa562e-9d4b-43a6-96a8-df338a0b5f68:192.168.151.112:34779, 7e6dbcba-bf51-49ed-94c0-b704c4b6a7d9:192.168.151.112:45998], old=null
2019-10-15 04:01:31,490 [d407453e-f342-4891-ad71-781bc79e517e@group-41F18346D9FB-LeaderElection82] INFO  impl.LeaderElection (LeaderElection.java:logAndReturn(56)) - d407453e-f342-4891-ad71-781bc79e517e@group-41F18346D9FB-LeaderElection82: Election PASSED; received 2 response(s) [d407453e-f342-4891-ad71-781bc79e517e<-32aa562e-9d4b-43a6-96a8-df338a0b5f68#0:OK-t1, d407453e-f342-4891-ad71-781bc79e517e<-7e6dbcba-bf51-49ed-94c0-b704c4b6a7d9#0:FAIL-t1] and 0 exception(s); d407453e-f342-4891-ad71-781bc79e517e@group-41F18346D9FB:t1, leader=null, voted=d407453e-f342-4891-ad71-781bc79e517e, raftlog=d407453e-f342-4891-ad71-781bc79e517e@group-41F18346D9FB-SegmentedRaftLog:OPENED:c-1,f-1,i0, conf=-1: [d407453e-f342-4891-ad71-781bc79e517e:192.168.151.112:42458, 32aa562e-9d4b-43a6-96a8-df338a0b5f68:192.168.151.112:34779, 7e6dbcba-bf51-49ed-94c0-b704c4b6a7d9:192.168.151.112:45998], old=null
2019-10-15 04:01:31,491 [7e6dbcba-bf51-49ed-94c0-b704c4b6a7d9@group-41F18346D9FB-LeaderElection83] INFO  impl.RaftServerImpl (RaftServerImpl.java:setRole(170)) - 7e6dbcba-bf51-49ed-94c0-b704c4b6a7d9@group-41F18346D9FB: changes role from CANDIDATE to FOLLOWER at term 1 for DISCOVERED_A_NEW_TERM
2019-10-15 04:01:31,495 [7e6dbcba-bf51-49ed-94c0-b704c4b6a7d9@group-41F18346D9FB-LeaderElection83] INFO  impl.RoleInfo (RoleInfo.java:shutdownLeaderElection(134)) - 7e6dbcba-bf51-49ed-94c0-b704c4b6a7d9: shutdown LeaderElection
2019-10-15 04:01:31,496 [d407453e-f342-4891-ad71-781bc79e517e@group-41F18346D9FB-LeaderElection82] INFO  impl.RoleInfo (RoleInfo.java:shutdownLeaderElection(134)) - d407453e-f342-4891-ad71-781bc79e517e: shutdown LeaderElection
2019-10-15 04:01:31,496 [7e6dbcba-bf51-49ed-94c0-b704c4b6a7d9@group-41F18346D9FB-LeaderElection83] INFO  impl.RoleInfo (RoleInfo.java:updateAndGet(143)) - 7e6dbcba-bf51-49ed-94c0-b704c4b6a7d9: start FollowerState
2019-10-15 04:01:31,499 [d407453e-f342-4891-ad71-781bc79e517e@group-41F18346D9FB-LeaderElection82] INFO  impl.RaftServerImpl (RaftServerImpl.java:setRole(170)) - d407453e-f342-4891-ad71-781bc79e517e@group-41F18346D9FB: changes role from CANDIDATE to LEADER at term 1 for changeToLeader
2019-10-15 04:01:31,499 [d407453e-f342-4891-ad71-781bc79e517e@group-41F18346D9FB-LeaderElection82] INFO  impl.RaftServerImpl (ServerState.java:setLeader(255)) - d407453e-f342-4891-ad71-781bc79e517e@group-41F18346D9FB: change Leader from null to d407453e-f342-4891-ad71-781bc79e517e at term 1 for becomeLeader, leader elected after 5124ms
2019-10-15 04:01:31,499 [d407453e-f342-4891-ad71-781bc79e517e@group-41F18346D9FB-LeaderElection82] INFO  server.RaftServerConfigKeys (ConfUtils.java:logGet(43)) - raft.server.staging.catchup.gap = 1000 (default)
2019-10-15 04:01:31,499 [d407453e-f342-4891-ad71-781bc79e517e@group-41F18346D9FB-LeaderElection82] INFO  server.RaftServerConfigKeys (ConfUtils.java:logGet(43)) - raft.server.rpc.sleep.time = 25ms (default)
2019-10-15 04:01:31,500 [d407453e-f342-4891-ad71-781bc79e517e@group-41F18346D9FB-LeaderElection82] INFO  server.RaftServerConfigKeys (ConfUtils.java:logGet(43)) - raft.server.write.element-limit = 4096 (default)
2019-10-15 04:01:31,500 [d407453e-f342-4891-ad71-781bc79e517e@group-41F18346D9FB-LeaderElection82] INFO  server.RaftServerConfigKeys (ConfUtils.java:logGet(43)) - raft.server.watch.timeout = 10s (default)
2019-10-15 04:01:31,500 [d407453e-f342-4891-ad71-781bc79e517e@group-41F18346D9FB-LeaderElection82] INFO  server.RaftServerConfigKeys (ConfUtils.java:logGet(43)) - raft.server.watch.timeout.denomination = 1s (default)
2019-10-15 04:01:31,500 [d407453e-f342-4891-ad71-781bc79e517e@group-41F18346D9FB-LeaderElection82] INFO  server.RaftServerConfigKeys (ConfUtils.java:logGet(43)) - raft.server.watch.element-limit = 65536 (default)
2019-10-15 04:01:31,502 [d407453e-f342-4891-ad71-781bc79e517e@group-41F18346D9FB-LeaderElection82] INFO  server.RaftServerConfigKeys (ConfUtils.java:logGet(43)) - raft.server.log.appender.snapshot.chunk.size.max = 16MB (=16777216) (default)
2019-10-15 04:01:31,502 [d407453e-f342-4891-ad71-781bc79e517e@group-41F18346D9FB-LeaderElection82] INFO  server.RaftServerConfigKeys (ConfUtils.java:logGet(43)) - raft.server.log.appender.buffer.byte-limit = 33554432 (custom)
2019-10-15 04:01:31,502 [d407453e-f342-4891-ad71-781bc79e517e@group-41F18346D9FB-LeaderElection82] INFO  server.RaftServerConfigKeys (ConfUtils.java:logGet(43)) - raft.server.log.appender.buffer.element-limit = 1 (custom)
2019-10-15 04:01:31,502 [d407453e-f342-4891-ad71-781bc79e517e@group-41F18346D9FB-LeaderElection82] INFO  grpc.GrpcConfigKeys$Server (ConfUtils.java:logGet(43)) - raft.grpc.server.leader.outstanding.appends.max = 128 (default)
2019-10-15 04:01:31,503 [d407453e-f342-4891-ad71-781bc79e517e@group-41F18346D9FB-LeaderElection82] INFO  server.RaftServerConfigKeys (ConfUtils.java:logGet(43)) - raft.server.rpc.request.timeout = 3000ms (default)
2019-10-15 04:01:31,503 [d407453e-f342-4891-ad71-781bc79e517e@group-41F18346D9FB-LeaderElection82] INFO  server.RaftServerConfigKeys (ConfUtils.java:logGet(43)) - raft.server.log.appender.install.snapshot.enabled = false (custom)
2019-10-15 04:01:31,503 [d407453e-f342-4891-ad71-781bc79e517e@group-41F18346D9FB-LeaderElection82] INFO  server.RaftServerConfigKeys (ConfUtils.java:logGet(43)) - raft.server.log.appender.snapshot.chunk.size.max = 16MB (=16777216) (default)
2019-10-15 04:01:31,503 [d407453e-f342-4891-ad71-781bc79e517e@group-41F18346D9FB-LeaderElection82] INFO  server.RaftServerConfigKeys (ConfUtils.java:logGet(43)) - raft.server.log.appender.buffer.byte-limit = 33554432 (custom)
2019-10-15 04:01:31,503 [d407453e-f342-4891-ad71-781bc79e517e@group-41F18346D9FB-LeaderElection82] INFO  server.RaftServerConfigKeys (ConfUtils.java:logGet(43)) - raft.server.log.appender.buffer.element-limit = 1 (custom)
2019-10-15 04:01:31,503 [d407453e-f342-4891-ad71-781bc79e517e@group-41F18346D9FB-LeaderElection82] INFO  grpc.GrpcConfigKeys$Server (ConfUtils.java:logGet(43)) - raft.grpc.server.leader.outstanding.appends.max = 128 (default)
2019-10-15 04:01:31,504 [d407453e-f342-4891-ad71-781bc79e517e@group-41F18346D9FB-LeaderElection82] INFO  server.RaftServerConfigKeys (ConfUtils.java:logGet(43)) - raft.server.rpc.request.timeout = 3000ms (default)
2019-10-15 04:01:31,504 [d407453e-f342-4891-ad71-781bc79e517e@group-41F18346D9FB-LeaderElection82] INFO  server.RaftServerConfigKeys (ConfUtils.java:logGet(43)) - raft.server.log.appender.install.snapshot.enabled = false (custom)
2019-10-15 04:01:31,504 [d407453e-f342-4891-ad71-781bc79e517e@group-41F18346D9FB-LeaderElection82] INFO  impl.RoleInfo (RoleInfo.java:updateAndGet(143)) - d407453e-f342-4891-ad71-781bc79e517e: start LeaderState
2019-10-15 04:01:31,504 [d407453e-f342-4891-ad71-781bc79e517e@group-41F18346D9FB-LeaderElection82] INFO  segmented.SegmentedRaftLogWorker (SegmentedRaftLogWorker.java:startLogSegment(385)) - d407453e-f342-4891-ad71-781bc79e517e@group-41F18346D9FB-SegmentedRaftLogWorker: Starting segment from index:0
2019-10-15 04:01:31,505 [d407453e-f342-4891-ad71-781bc79e517e@group-41F18346D9FB-LeaderElection82] INFO  impl.RaftServerImpl (ServerState.java:setRaftConf(356)) - d407453e-f342-4891-ad71-781bc79e517e@group-41F18346D9FB: set configuration 0: [d407453e-f342-4891-ad71-781bc79e517e:192.168.151.112:42458, 32aa562e-9d4b-43a6-96a8-df338a0b5f68:192.168.151.112:34779, 7e6dbcba-bf51-49ed-94c0-b704c4b6a7d9:192.168.151.112:45998], old=null at 0
2019-10-15 04:01:31,546 [Thread-3118] INFO  impl.FollowerState (FollowerState.java:run(108)) - 67c0e978-24c7-4da3-9562-b8c8cb62c5b8@group-BDBEA4439059-FollowerState: change to CANDIDATE, lastRpcTime:5066ms, electionTimeout:5052ms
2019-10-15 04:01:31,546 [Thread-3118] INFO  impl.RoleInfo (RoleInfo.java:shutdownFollowerState(121)) - 67c0e978-24c7-4da3-9562-b8c8cb62c5b8: shutdown FollowerState
2019-10-15 04:01:31,546 [Thread-3118] INFO  impl.RaftServerImpl (RaftServerImpl.java:setRole(170)) - 67c0e978-24c7-4da3-9562-b8c8cb62c5b8@group-BDBEA4439059: changes role from  FOLLOWER to CANDIDATE at term 0 for changeToCandidate
2019-10-15 04:01:31,547 [Thread-3118] INFO  impl.RoleInfo (RoleInfo.java:updateAndGet(143)) - 67c0e978-24c7-4da3-9562-b8c8cb62c5b8: start LeaderElection
2019-10-15 04:01:31,547 [grpc-default-executor-7] INFO  impl.RaftServerImpl (ServerState.java:setLeader(255)) - 7e6dbcba-bf51-49ed-94c0-b704c4b6a7d9@group-41F18346D9FB: change Leader from null to d407453e-f342-4891-ad71-781bc79e517e at term 1 for appendEntries, leader elected after 5172ms
2019-10-15 04:01:31,554 [grpc-default-executor-6] INFO  impl.RaftServerImpl (ServerState.java:setLeader(255)) - 32aa562e-9d4b-43a6-96a8-df338a0b5f68@group-41F18346D9FB: change Leader from null to d407453e-f342-4891-ad71-781bc79e517e at term 1 for appendEntries, leader elected after 5179ms
2019-10-15 04:01:31,555 [Thread-3115] INFO  impl.FollowerState (FollowerState.java:run(108)) - 65cd6720-3a58-46a5-8350-6eb1d5464001@group-BDBEA4439059-FollowerState: change to CANDIDATE, lastRpcTime:5078ms, electionTimeout:5078ms
2019-10-15 04:01:31,555 [Thread-3115] INFO  impl.RoleInfo (RoleInfo.java:shutdownFollowerState(121)) - 65cd6720-3a58-46a5-8350-6eb1d5464001: shutdown FollowerState
2019-10-15 04:01:31,555 [Thread-3115] INFO  impl.RaftServerImpl (RaftServerImpl.java:setRole(170)) - 65cd6720-3a58-46a5-8350-6eb1d5464001@group-BDBEA4439059: changes role from  FOLLOWER to CANDIDATE at term 0 for changeToCandidate
2019-10-15 04:01:31,555 [Thread-3115] INFO  impl.RoleInfo (RoleInfo.java:updateAndGet(143)) - 65cd6720-3a58-46a5-8350-6eb1d5464001: start LeaderElection
2019-10-15 04:01:31,555 [grpc-default-executor-6] INFO  impl.RaftServerImpl (ServerState.java:setRaftConf(356)) - 7e6dbcba-bf51-49ed-94c0-b704c4b6a7d9@group-41F18346D9FB: set configuration 0: [d407453e-f342-4891-ad71-781bc79e517e:192.168.151.112:42458, 32aa562e-9d4b-43a6-96a8-df338a0b5f68:192.168.151.112:34779, 7e6dbcba-bf51-49ed-94c0-b704c4b6a7d9:192.168.151.112:45998], old=null at 0
2019-10-15 04:01:31,561 [grpc-default-executor-6] INFO  segmented.SegmentedRaftLogWorker (SegmentedRaftLogWorker.java:startLogSegment(385)) - 7e6dbcba-bf51-49ed-94c0-b704c4b6a7d9@group-41F18346D9FB-SegmentedRaftLogWorker: Starting segment from index:0
2019-10-15 04:01:31,562 [grpc-default-executor-6] INFO  impl.RaftServerImpl (ServerState.java:setRaftConf(356)) - 32aa562e-9d4b-43a6-96a8-df338a0b5f68@group-41F18346D9FB: set configuration 0: [d407453e-f342-4891-ad71-781bc79e517e:192.168.151.112:42458, 32aa562e-9d4b-43a6-96a8-df338a0b5f68:192.168.151.112:34779, 7e6dbcba-bf51-49ed-94c0-b704c4b6a7d9:192.168.151.112:45998], old=null at 0
2019-10-15 04:01:31,563 [grpc-default-executor-6] INFO  segmented.SegmentedRaftLogWorker (SegmentedRaftLogWorker.java:startLogSegment(385)) - 32aa562e-9d4b-43a6-96a8-df338a0b5f68@group-41F18346D9FB-SegmentedRaftLogWorker: Starting segment from index:0
2019-10-15 04:01:31,582 [d407453e-f342-4891-ad71-781bc79e517e@group-41F18346D9FB-SegmentedRaftLogWorker] INFO  segmented.SegmentedRaftLogWorker (SegmentedRaftLogWorker.java:execute(574)) - d407453e-f342-4891-ad71-781bc79e517e@group-41F18346D9FB-SegmentedRaftLogWorker: created new log segment /workdir/hadoop-ozone/integration-test/target/test-dir/MiniOzoneClusterImpl-db17e535-db34-411d-81ae-c2250ad617e5/datanode-1/data/ratis/ea52bf64-b42d-464a-97f9-41f18346d9fb/current/log_inprogress_0
2019-10-15 04:01:31,591 [67c0e978-24c7-4da3-9562-b8c8cb62c5b8@group-BDBEA4439059-LeaderElection84] INFO  impl.LeaderElection (LeaderElection.java:askForVotes(178)) - 67c0e978-24c7-4da3-9562-b8c8cb62c5b8@group-BDBEA4439059-LeaderElection84: begin an election at term 1 for -1: [ea424b11-7a6c-4478-b56e-288847dd4a2e:192.168.151.112:32965, 65cd6720-3a58-46a5-8350-6eb1d5464001:192.168.151.112:43067, 67c0e978-24c7-4da3-9562-b8c8cb62c5b8:192.168.151.112:35558], old=null
2019-10-15 04:01:31,614 [65cd6720-3a58-46a5-8350-6eb1d5464001@group-BDBEA4439059-LeaderElection85] INFO  impl.LeaderElection (LeaderElection.java:askForVotes(178)) - 65cd6720-3a58-46a5-8350-6eb1d5464001@group-BDBEA4439059-LeaderElection85: begin an election at term 1 for -1: [ea424b11-7a6c-4478-b56e-288847dd4a2e:192.168.151.112:32965, 65cd6720-3a58-46a5-8350-6eb1d5464001:192.168.151.112:43067, 67c0e978-24c7-4da3-9562-b8c8cb62c5b8:192.168.151.112:35558], old=null
2019-10-15 04:01:31,614 [Thread-3117] INFO  impl.FollowerState (FollowerState.java:run(108)) - ea424b11-7a6c-4478-b56e-288847dd4a2e@group-BDBEA4439059-FollowerState: change to CANDIDATE, lastRpcTime:5135ms, electionTimeout:5135ms
2019-10-15 04:01:31,615 [Thread-3117] INFO  impl.RoleInfo (RoleInfo.java:shutdownFollowerState(121)) - ea424b11-7a6c-4478-b56e-288847dd4a2e: shutdown FollowerState
2019-10-15 04:01:31,615 [Thread-3117] INFO  impl.RaftServerImpl (RaftServerImpl.java:setRole(170)) - ea424b11-7a6c-4478-b56e-288847dd4a2e@group-BDBEA4439059: changes role from  FOLLOWER to CANDIDATE at term 0 for changeToCandidate
2019-10-15 04:01:31,615 [Thread-3117] INFO  impl.RoleInfo (RoleInfo.java:updateAndGet(143)) - ea424b11-7a6c-4478-b56e-288847dd4a2e: start LeaderElection
2019-10-15 04:01:31,650 [7e6dbcba-bf51-49ed-94c0-b704c4b6a7d9@group-41F18346D9FB-SegmentedRaftLogWorker] INFO  segmented.SegmentedRaftLogWorker (SegmentedRaftLogWorker.java:execute(574)) - 7e6dbcba-bf51-49ed-94c0-b704c4b6a7d9@group-41F18346D9FB-SegmentedRaftLogWorker: created new log segment /workdir/hadoop-ozone/integration-test/target/test-dir/MiniOzoneClusterImpl-db17e535-db34-411d-81ae-c2250ad617e5/datanode-3/data/ratis/ea52bf64-b42d-464a-97f9-41f18346d9fb/current/log_inprogress_0
2019-10-15 04:01:31,650 [32aa562e-9d4b-43a6-96a8-df338a0b5f68@group-41F18346D9FB-SegmentedRaftLogWorker] INFO  segmented.SegmentedRaftLogWorker (SegmentedRaftLogWorker.java:execute(574)) - 32aa562e-9d4b-43a6-96a8-df338a0b5f68@group-41F18346D9FB-SegmentedRaftLogWorker: created new log segment /workdir/hadoop-ozone/integration-test/target/test-dir/MiniOzoneClusterImpl-db17e535-db34-411d-81ae-c2250ad617e5/datanode-0/data/ratis/ea52bf64-b42d-464a-97f9-41f18346d9fb/current/log_inprogress_0
2019-10-15 04:01:31,650 [ea424b11-7a6c-4478-b56e-288847dd4a2e@group-BDBEA4439059-LeaderElection86] INFO  impl.LeaderElection (LeaderElection.java:askForVotes(178)) - ea424b11-7a6c-4478-b56e-288847dd4a2e@group-BDBEA4439059-LeaderElection86: begin an election at term 1 for -1: [ea424b11-7a6c-4478-b56e-288847dd4a2e:192.168.151.112:32965, 65cd6720-3a58-46a5-8350-6eb1d5464001:192.168.151.112:43067, 67c0e978-24c7-4da3-9562-b8c8cb62c5b8:192.168.151.112:35558], old=null
2019-10-15 04:01:31,655 [65cd6720-3a58-46a5-8350-6eb1d5464001@group-BDBEA4439059-LeaderElection85] INFO  impl.LeaderElection (LeaderElection.java:logAndReturn(56)) - 65cd6720-3a58-46a5-8350-6eb1d5464001@group-BDBEA4439059-LeaderElection85: Election REJECTED; received 2 response(s) [65cd6720-3a58-46a5-8350-6eb1d5464001<-ea424b11-7a6c-4478-b56e-288847dd4a2e#0:FAIL-t1, 65cd6720-3a58-46a5-8350-6eb1d5464001<-67c0e978-24c7-4da3-9562-b8c8cb62c5b8#0:FAIL-t1] and 0 exception(s); 65cd6720-3a58-46a5-8350-6eb1d5464001@group-BDBEA4439059:t1, leader=null, voted=65cd6720-3a58-46a5-8350-6eb1d5464001, raftlog=65cd6720-3a58-46a5-8350-6eb1d5464001@group-BDBEA4439059-SegmentedRaftLog:OPENED:c-1,f-1,i0, conf=-1: [ea424b11-7a6c-4478-b56e-288847dd4a2e:192.168.151.112:32965, 65cd6720-3a58-46a5-8350-6eb1d5464001:192.168.151.112:43067, 67c0e978-24c7-4da3-9562-b8c8cb62c5b8:192.168.151.112:35558], old=null
2019-10-15 04:01:31,655 [67c0e978-24c7-4da3-9562-b8c8cb62c5b8@group-BDBEA4439059-LeaderElection84] INFO  impl.LeaderElection (LeaderElection.java:logAndReturn(56)) - 67c0e978-24c7-4da3-9562-b8c8cb62c5b8@group-BDBEA4439059-LeaderElection84: Election REJECTED; received 2 response(s) [67c0e978-24c7-4da3-9562-b8c8cb62c5b8<-ea424b11-7a6c-4478-b56e-288847dd4a2e#0:FAIL-t1, 67c0e978-24c7-4da3-9562-b8c8cb62c5b8<-65cd6720-3a58-46a5-8350-6eb1d5464001#0:FAIL-t1] and 0 exception(s); 67c0e978-24c7-4da3-9562-b8c8cb62c5b8@group-BDBEA4439059:t1, leader=null, voted=67c0e978-24c7-4da3-9562-b8c8cb62c5b8, raftlog=67c0e978-24c7-4da3-9562-b8c8cb62c5b8@group-BDBEA4439059-SegmentedRaftLog:OPENED:c-1,f-1,i0, conf=-1: [ea424b11-7a6c-4478-b56e-288847dd4a2e:192.168.151.112:32965, 65cd6720-3a58-46a5-8350-6eb1d5464001:192.168.151.112:43067, 67c0e978-24c7-4da3-9562-b8c8cb62c5b8:192.168.151.112:35558], old=null
2019-10-15 04:01:31,655 [65cd6720-3a58-46a5-8350-6eb1d5464001@group-BDBEA4439059-LeaderElection85] INFO  impl.RaftServerImpl (RaftServerImpl.java:setRole(170)) - 65cd6720-3a58-46a5-8350-6eb1d5464001@group-BDBEA4439059: changes role from CANDIDATE to FOLLOWER at term 1 for DISCOVERED_A_NEW_TERM
2019-10-15 04:01:31,655 [67c0e978-24c7-4da3-9562-b8c8cb62c5b8@group-BDBEA4439059-LeaderElection84] INFO  impl.RaftServerImpl (RaftServerImpl.java:setRole(170)) - 67c0e978-24c7-4da3-9562-b8c8cb62c5b8@group-BDBEA4439059: changes role from CANDIDATE to FOLLOWER at term 1 for DISCOVERED_A_NEW_TERM
2019-10-15 04:01:31,659 [67c0e978-24c7-4da3-9562-b8c8cb62c5b8@group-BDBEA4439059-LeaderElection84] INFO  impl.RoleInfo (RoleInfo.java:shutdownLeaderElection(134)) - 67c0e978-24c7-4da3-9562-b8c8cb62c5b8: shutdown LeaderElection
2019-10-15 04:01:31,657 [65cd6720-3a58-46a5-8350-6eb1d5464001@group-BDBEA4439059-LeaderElection85] INFO  impl.RoleInfo (RoleInfo.java:shutdownLeaderElection(134)) - 65cd6720-3a58-46a5-8350-6eb1d5464001: shutdown LeaderElection
2019-10-15 04:01:31,659 [67c0e978-24c7-4da3-9562-b8c8cb62c5b8@group-BDBEA4439059-LeaderElection84] INFO  impl.RoleInfo (RoleInfo.java:updateAndGet(143)) - 67c0e978-24c7-4da3-9562-b8c8cb62c5b8: start FollowerState
2019-10-15 04:01:31,659 [65cd6720-3a58-46a5-8350-6eb1d5464001@group-BDBEA4439059-LeaderElection85] INFO  impl.RoleInfo (RoleInfo.java:updateAndGet(143)) - 65cd6720-3a58-46a5-8350-6eb1d5464001: start FollowerState
2019-10-15 04:01:31,666 [ea424b11-7a6c-4478-b56e-288847dd4a2e@group-BDBEA4439059-LeaderElection86] INFO  impl.LeaderElection (LeaderElection.java:logAndReturn(56)) - ea424b11-7a6c-4478-b56e-288847dd4a2e@group-BDBEA4439059-LeaderElection86: Election REJECTED; received 2 response(s) [ea424b11-7a6c-4478-b56e-288847dd4a2e<-65cd6720-3a58-46a5-8350-6eb1d5464001#0:FAIL-t1, ea424b11-7a6c-4478-b56e-288847dd4a2e<-67c0e978-24c7-4da3-9562-b8c8cb62c5b8#0:FAIL-t1] and 0 exception(s); ea424b11-7a6c-4478-b56e-288847dd4a2e@group-BDBEA4439059:t1, leader=null, voted=ea424b11-7a6c-4478-b56e-288847dd4a2e, raftlog=ea424b11-7a6c-4478-b56e-288847dd4a2e@group-BDBEA4439059-SegmentedRaftLog:OPENED:c-1,f-1,i0, conf=-1: [ea424b11-7a6c-4478-b56e-288847dd4a2e:192.168.151.112:32965, 65cd6720-3a58-46a5-8350-6eb1d5464001:192.168.151.112:43067, 67c0e978-24c7-4da3-9562-b8c8cb62c5b8:192.168.151.112:35558], old=null
2019-10-15 04:01:31,666 [ea424b11-7a6c-4478-b56e-288847dd4a2e@group-BDBEA4439059-LeaderElection86] INFO  impl.RaftServerImpl (RaftServerImpl.java:setRole(170)) - ea424b11-7a6c-4478-b56e-288847dd4a2e@group-BDBEA4439059: changes role from CANDIDATE to FOLLOWER at term 1 for DISCOVERED_A_NEW_TERM
2019-10-15 04:01:31,666 [ea424b11-7a6c-4478-b56e-288847dd4a2e@group-BDBEA4439059-LeaderElection86] INFO  impl.RoleInfo (RoleInfo.java:shutdownLeaderElection(134)) - ea424b11-7a6c-4478-b56e-288847dd4a2e: shutdown LeaderElection
2019-10-15 04:01:31,666 [ea424b11-7a6c-4478-b56e-288847dd4a2e@group-BDBEA4439059-LeaderElection86] INFO  impl.RoleInfo (RoleInfo.java:updateAndGet(143)) - ea424b11-7a6c-4478-b56e-288847dd4a2e: start FollowerState
2019-10-15 04:01:34,961 [Datanode State Machine Thread - 0] INFO  statemachine.DatanodeStateMachine (DatanodeStateMachine.java:lambda$startDaemon$0(350)) - Ozone container server started.
2019-10-15 04:01:36,661 [Thread-3174] INFO  impl.FollowerState (FollowerState.java:run(108)) - 67c0e978-24c7-4da3-9562-b8c8cb62c5b8@group-BDBEA4439059-FollowerState: change to CANDIDATE, lastRpcTime:5001ms, electionTimeout:5001ms
2019-10-15 04:01:36,661 [Thread-3174] INFO  impl.RoleInfo (RoleInfo.java:shutdownFollowerState(121)) - 67c0e978-24c7-4da3-9562-b8c8cb62c5b8: shutdown FollowerState
2019-10-15 04:01:36,661 [Thread-3174] INFO  impl.RaftServerImpl (RaftServerImpl.java:setRole(170)) - 67c0e978-24c7-4da3-9562-b8c8cb62c5b8@group-BDBEA4439059: changes role from  FOLLOWER to CANDIDATE at term 1 for changeToCandidate
2019-10-15 04:01:36,661 [Thread-3174] INFO  impl.RoleInfo (RoleInfo.java:updateAndGet(143)) - 67c0e978-24c7-4da3-9562-b8c8cb62c5b8: start LeaderElection
2019-10-15 04:01:36,709 [67c0e978-24c7-4da3-9562-b8c8cb62c5b8@group-BDBEA4439059-LeaderElection87] INFO  impl.LeaderElection (LeaderElection.java:askForVotes(178)) - 67c0e978-24c7-4da3-9562-b8c8cb62c5b8@group-BDBEA4439059-LeaderElection87: begin an election at term 2 for -1: [ea424b11-7a6c-4478-b56e-288847dd4a2e:192.168.151.112:32965, 65cd6720-3a58-46a5-8350-6eb1d5464001:192.168.151.112:43067, 67c0e978-24c7-4da3-9562-b8c8cb62c5b8:192.168.151.112:35558], old=null
2019-10-15 04:01:36,714 [grpc-default-executor-1] INFO  impl.RaftServerImpl (RaftServerImpl.java:setRole(170)) - ea424b11-7a6c-4478-b56e-288847dd4a2e@group-BDBEA4439059: changes role from  FOLLOWER to FOLLOWER at term 2 for recognizeCandidate:67c0e978-24c7-4da3-9562-b8c8cb62c5b8
2019-10-15 04:01:36,714 [grpc-default-executor-8] INFO  impl.RaftServerImpl (RaftServerImpl.java:setRole(170)) - 65cd6720-3a58-46a5-8350-6eb1d5464001@group-BDBEA4439059: changes role from  FOLLOWER to FOLLOWER at term 2 for recognizeCandidate:67c0e978-24c7-4da3-9562-b8c8cb62c5b8
2019-10-15 04:01:36,714 [grpc-default-executor-1] INFO  impl.RoleInfo (RoleInfo.java:shutdownFollowerState(121)) - ea424b11-7a6c-4478-b56e-288847dd4a2e: shutdown FollowerState
2019-10-15 04:01:36,714 [grpc-default-executor-8] INFO  impl.RoleInfo (RoleInfo.java:shutdownFollowerState(121)) - 65cd6720-3a58-46a5-8350-6eb1d5464001: shutdown FollowerState
2019-10-15 04:01:36,715 [Thread-3176] INFO  impl.FollowerState (FollowerState.java:run(117)) - ea424b11-7a6c-4478-b56e-288847dd4a2e@group-BDBEA4439059-FollowerState was interrupted: java.lang.InterruptedException: sleep interrupted
2019-10-15 04:01:36,714 [grpc-default-executor-1] INFO  impl.RoleInfo (RoleInfo.java:updateAndGet(143)) - ea424b11-7a6c-4478-b56e-288847dd4a2e: start FollowerState
2019-10-15 04:01:36,715 [Thread-3175] INFO  impl.FollowerState (FollowerState.java:run(117)) - 65cd6720-3a58-46a5-8350-6eb1d5464001@group-BDBEA4439059-FollowerState was interrupted: java.lang.InterruptedException: sleep interrupted
2019-10-15 04:01:36,715 [grpc-default-executor-8] INFO  impl.RoleInfo (RoleInfo.java:updateAndGet(143)) - 65cd6720-3a58-46a5-8350-6eb1d5464001: start FollowerState
2019-10-15 04:01:36,752 [67c0e978-24c7-4da3-9562-b8c8cb62c5b8@group-BDBEA4439059-LeaderElection87] INFO  impl.LeaderElection (LeaderElection.java:logAndReturn(56)) - 67c0e978-24c7-4da3-9562-b8c8cb62c5b8@group-BDBEA4439059-LeaderElection87: Election PASSED; received 1 response(s) [67c0e978-24c7-4da3-9562-b8c8cb62c5b8<-ea424b11-7a6c-4478-b56e-288847dd4a2e#0:OK-t2] and 0 exception(s); 67c0e978-24c7-4da3-9562-b8c8cb62c5b8@group-BDBEA4439059:t2, leader=null, voted=67c0e978-24c7-4da3-9562-b8c8cb62c5b8, raftlog=67c0e978-24c7-4da3-9562-b8c8cb62c5b8@group-BDBEA4439059-SegmentedRaftLog:OPENED:c-1,f-1,i0, conf=-1: [ea424b11-7a6c-4478-b56e-288847dd4a2e:192.168.151.112:32965, 65cd6720-3a58-46a5-8350-6eb1d5464001:192.168.151.112:43067, 67c0e978-24c7-4da3-9562-b8c8cb62c5b8:192.168.151.112:35558], old=null
2019-10-15 04:01:36,752 [67c0e978-24c7-4da3-9562-b8c8cb62c5b8@group-BDBEA4439059-LeaderElection87] INFO  impl.RoleInfo (RoleInfo.java:shutdownLeaderElection(134)) - 67c0e978-24c7-4da3-9562-b8c8cb62c5b8: shutdown LeaderElection
2019-10-15 04:01:36,752 [67c0e978-24c7-4da3-9562-b8c8cb62c5b8@group-BDBEA4439059-LeaderElection87] INFO  impl.RaftServerImpl (RaftServerImpl.java:setRole(170)) - 67c0e978-24c7-4da3-9562-b8c8cb62c5b8@group-BDBEA4439059: changes role from CANDIDATE to LEADER at term 2 for changeToLeader
2019-10-15 04:01:36,753 [67c0e978-24c7-4da3-9562-b8c8cb62c5b8@group-BDBEA4439059-LeaderElection87] INFO  impl.RaftServerImpl (ServerState.java:setLeader(255)) - 67c0e978-24c7-4da3-9562-b8c8cb62c5b8@group-BDBEA4439059: change Leader from null to 67c0e978-24c7-4da3-9562-b8c8cb62c5b8 at term 2 for becomeLeader, leader elected after 10284ms
2019-10-15 04:01:36,753 [67c0e978-24c7-4da3-9562-b8c8cb62c5b8@group-BDBEA4439059-LeaderElection87] INFO  server.RaftServerConfigKeys (ConfUtils.java:logGet(43)) - raft.server.staging.catchup.gap = 1000 (default)
2019-10-15 04:01:36,753 [67c0e978-24c7-4da3-9562-b8c8cb62c5b8@group-BDBEA4439059-LeaderElection87] INFO  server.RaftServerConfigKeys (ConfUtils.java:logGet(43)) - raft.server.rpc.sleep.time = 25ms (default)
2019-10-15 04:01:36,753 [67c0e978-24c7-4da3-9562-b8c8cb62c5b8@group-BDBEA4439059-LeaderElection87] INFO  server.RaftServerConfigKeys (ConfUtils.java:logGet(43)) - raft.server.write.element-limit = 4096 (default)
2019-10-15 04:01:36,754 [67c0e978-24c7-4da3-9562-b8c8cb62c5b8@group-BDBEA4439059-LeaderElection87] INFO  server.RaftServerConfigKeys (ConfUtils.java:logGet(43)) - raft.server.watch.timeout = 10s (default)
2019-10-15 04:01:36,754 [67c0e978-24c7-4da3-9562-b8c8cb62c5b8@group-BDBEA4439059-LeaderElection87] INFO  server.RaftServerConfigKeys (ConfUtils.java:logGet(43)) - raft.server.watch.timeout.denomination = 1s (default)
2019-10-15 04:01:36,754 [67c0e978-24c7-4da3-9562-b8c8cb62c5b8@group-BDBEA4439059-LeaderElection87] INFO  server.RaftServerConfigKeys (ConfUtils.java:logGet(43)) - raft.server.watch.element-limit = 65536 (default)
2019-10-15 04:01:36,757 [67c0e978-24c7-4da3-9562-b8c8cb62c5b8@group-BDBEA4439059-LeaderElection87] INFO  server.RaftServerConfigKeys (ConfUtils.java:logGet(43)) - raft.server.log.appender.snapshot.chunk.size.max = 16MB (=16777216) (default)
2019-10-15 04:01:36,757 [67c0e978-24c7-4da3-9562-b8c8cb62c5b8@group-BDBEA4439059-LeaderElection87] INFO  server.RaftServerConfigKeys (ConfUtils.java:logGet(43)) - raft.server.log.appender.buffer.byte-limit = 33554432 (custom)
2019-10-15 04:01:36,757 [67c0e978-24c7-4da3-9562-b8c8cb62c5b8@group-BDBEA4439059-LeaderElection87] INFO  server.RaftServerConfigKeys (ConfUtils.java:logGet(43)) - raft.server.log.appender.buffer.element-limit = 1 (custom)
2019-10-15 04:01:36,758 [67c0e978-24c7-4da3-9562-b8c8cb62c5b8@group-BDBEA4439059-LeaderElection87] INFO  grpc.GrpcConfigKeys$Server (ConfUtils.java:logGet(43)) - raft.grpc.server.leader.outstanding.appends.max = 128 (default)
2019-10-15 04:01:36,758 [67c0e978-24c7-4da3-9562-b8c8cb62c5b8@group-BDBEA4439059-LeaderElection87] INFO  server.RaftServerConfigKeys (ConfUtils.java:logGet(43)) - raft.server.rpc.request.timeout = 3000ms (default)
2019-10-15 04:01:36,758 [67c0e978-24c7-4da3-9562-b8c8cb62c5b8@group-BDBEA4439059-LeaderElection87] INFO  server.RaftServerConfigKeys (ConfUtils.java:logGet(43)) - raft.server.log.appender.install.snapshot.enabled = false (custom)
2019-10-15 04:01:36,758 [67c0e978-24c7-4da3-9562-b8c8cb62c5b8@group-BDBEA4439059-LeaderElection87] INFO  server.RaftServerConfigKeys (ConfUtils.java:logGet(43)) - raft.server.log.appender.snapshot.chunk.size.max = 16MB (=16777216) (default)
2019-10-15 04:01:36,758 [67c0e978-24c7-4da3-9562-b8c8cb62c5b8@group-BDBEA4439059-LeaderElection87] INFO  server.RaftServerConfigKeys (ConfUtils.java:logGet(43)) - raft.server.log.appender.buffer.byte-limit = 33554432 (custom)
2019-10-15 04:01:36,759 [67c0e978-24c7-4da3-9562-b8c8cb62c5b8@group-BDBEA4439059-LeaderElection87] INFO  server.RaftServerConfigKeys (ConfUtils.java:logGet(43)) - raft.server.log.appender.buffer.element-limit = 1 (custom)
2019-10-15 04:01:36,759 [67c0e978-24c7-4da3-9562-b8c8cb62c5b8@group-BDBEA4439059-LeaderElection87] INFO  grpc.GrpcConfigKeys$Server (ConfUtils.java:logGet(43)) - raft.grpc.server.leader.outstanding.appends.max = 128 (default)
2019-10-15 04:01:36,759 [67c0e978-24c7-4da3-9562-b8c8cb62c5b8@group-BDBEA4439059-LeaderElection87] INFO  server.RaftServerConfigKeys (ConfUtils.java:logGet(43)) - raft.server.rpc.request.timeout = 3000ms (default)
2019-10-15 04:01:36,759 [67c0e978-24c7-4da3-9562-b8c8cb62c5b8@group-BDBEA4439059-LeaderElection87] INFO  server.RaftServerConfigKeys (ConfUtils.java:logGet(43)) - raft.server.log.appender.install.snapshot.enabled = false (custom)
2019-10-15 04:01:36,759 [67c0e978-24c7-4da3-9562-b8c8cb62c5b8@group-BDBEA4439059-LeaderElection87] INFO  impl.RoleInfo (RoleInfo.java:updateAndGet(143)) - 67c0e978-24c7-4da3-9562-b8c8cb62c5b8: start LeaderState
2019-10-15 04:01:36,759 [67c0e978-24c7-4da3-9562-b8c8cb62c5b8@group-BDBEA4439059-LeaderElection87] INFO  segmented.SegmentedRaftLogWorker (SegmentedRaftLogWorker.java:startLogSegment(385)) - 67c0e978-24c7-4da3-9562-b8c8cb62c5b8@group-BDBEA4439059-SegmentedRaftLogWorker: Starting segment from index:0
2019-10-15 04:01:36,760 [67c0e978-24c7-4da3-9562-b8c8cb62c5b8@group-BDBEA4439059-LeaderElection87] INFO  impl.RaftServerImpl (ServerState.java:setRaftConf(356)) - 67c0e978-24c7-4da3-9562-b8c8cb62c5b8@group-BDBEA4439059: set configuration 0: [ea424b11-7a6c-4478-b56e-288847dd4a2e:192.168.151.112:32965, 65cd6720-3a58-46a5-8350-6eb1d5464001:192.168.151.112:43067, 67c0e978-24c7-4da3-9562-b8c8cb62c5b8:192.168.151.112:35558], old=null at 0
2019-10-15 04:01:36,790 [grpc-default-executor-8] INFO  impl.RaftServerImpl (ServerState.java:setLeader(255)) - 65cd6720-3a58-46a5-8350-6eb1d5464001@group-BDBEA4439059: change Leader from null to 67c0e978-24c7-4da3-9562-b8c8cb62c5b8 at term 2 for appendEntries, leader elected after 10322ms
2019-10-15 04:01:36,790 [grpc-default-executor-1] INFO  impl.RaftServerImpl (ServerState.java:setLeader(255)) - ea424b11-7a6c-4478-b56e-288847dd4a2e@group-BDBEA4439059: change Leader from null to 67c0e978-24c7-4da3-9562-b8c8cb62c5b8 at term 2 for appendEntries, leader elected after 10322ms
2019-10-15 04:01:36,795 [grpc-default-executor-1] INFO  impl.RaftServerImpl (ServerState.java:setRaftConf(356)) - 65cd6720-3a58-46a5-8350-6eb1d5464001@group-BDBEA4439059: set configuration 0: [ea424b11-7a6c-4478-b56e-288847dd4a2e:192.168.151.112:32965, 65cd6720-3a58-46a5-8350-6eb1d5464001:192.168.151.112:43067, 67c0e978-24c7-4da3-9562-b8c8cb62c5b8:192.168.151.112:35558], old=null at 0
2019-10-15 04:01:36,795 [grpc-default-executor-8] INFO  impl.RaftServerImpl (ServerState.java:setRaftConf(356)) - ea424b11-7a6c-4478-b56e-288847dd4a2e@group-BDBEA4439059: set configuration 0: [ea424b11-7a6c-4478-b56e-288847dd4a2e:192.168.151.112:32965, 65cd6720-3a58-46a5-8350-6eb1d5464001:192.168.151.112:43067, 67c0e978-24c7-4da3-9562-b8c8cb62c5b8:192.168.151.112:35558], old=null at 0
2019-10-15 04:01:36,795 [grpc-default-executor-1] INFO  segmented.SegmentedRaftLogWorker (SegmentedRaftLogWorker.java:startLogSegment(385)) - 65cd6720-3a58-46a5-8350-6eb1d5464001@group-BDBEA4439059-SegmentedRaftLogWorker: Starting segment from index:0
2019-10-15 04:01:36,795 [grpc-default-executor-8] INFO  segmented.SegmentedRaftLogWorker (SegmentedRaftLogWorker.java:startLogSegment(385)) - ea424b11-7a6c-4478-b56e-288847dd4a2e@group-BDBEA4439059-SegmentedRaftLogWorker: Starting segment from index:0
2019-10-15 04:01:36,818 [67c0e978-24c7-4da3-9562-b8c8cb62c5b8@group-BDBEA4439059-SegmentedRaftLogWorker] INFO  segmented.SegmentedRaftLogWorker (SegmentedRaftLogWorker.java:execute(574)) - 67c0e978-24c7-4da3-9562-b8c8cb62c5b8@group-BDBEA4439059-SegmentedRaftLogWorker: created new log segment /workdir/hadoop-ozone/integration-test/target/test-dir/MiniOzoneClusterImpl-db17e535-db34-411d-81ae-c2250ad617e5/datanode-6/data/ratis/ef076066-84c1-4b9c-973d-bdbea4439059/current/log_inprogress_0
2019-10-15 04:01:36,844 [65cd6720-3a58-46a5-8350-6eb1d5464001@group-BDBEA4439059-SegmentedRaftLogWorker] INFO  segmented.SegmentedRaftLogWorker (SegmentedRaftLogWorker.java:execute(574)) - 65cd6720-3a58-46a5-8350-6eb1d5464001@group-BDBEA4439059-SegmentedRaftLogWorker: created new log segment /workdir/hadoop-ozone/integration-test/target/test-dir/MiniOzoneClusterImpl-db17e535-db34-411d-81ae-c2250ad617e5/datanode-2/data/ratis/ef076066-84c1-4b9c-973d-bdbea4439059/current/log_inprogress_0
2019-10-15 04:01:36,844 [ea424b11-7a6c-4478-b56e-288847dd4a2e@group-BDBEA4439059-SegmentedRaftLogWorker] INFO  segmented.SegmentedRaftLogWorker (SegmentedRaftLogWorker.java:execute(574)) - ea424b11-7a6c-4478-b56e-288847dd4a2e@group-BDBEA4439059-SegmentedRaftLogWorker: created new log segment /workdir/hadoop-ozone/integration-test/target/test-dir/MiniOzoneClusterImpl-db17e535-db34-411d-81ae-c2250ad617e5/datanode-4/data/ratis/ef076066-84c1-4b9c-973d-bdbea4439059/current/log_inprogress_0
2019-10-15 04:01:38,992 [EventQueue-StaleNodeForStaleNodeHandler] INFO  node.StaleNodeHandler (StaleNodeHandler.java:onMessage(58)) - Datanode d407453e-f342-4891-ad71-781bc79e517e{ip: 192.168.151.112, host: pr-hdds-2194-gpqhj-1713016619, networkLocation: /default-rack, certSerialId: null} moved to stale state. Finalizing its pipelines [PipelineID=ea52bf64-b42d-464a-97f9-41f18346d9fb, PipelineID=df45743f-12db-436a-8c6a-5090272d97d1]
2019-10-15 04:01:38,992 [EventQueue-StaleNodeForStaleNodeHandler] INFO  pipeline.SCMPipelineManager (SCMPipelineManager.java:finalizeAndDestroyPipeline(315)) - destroying pipeline:Pipeline[ Id: ea52bf64-b42d-464a-97f9-41f18346d9fb, Nodes: d407453e-f342-4891-ad71-781bc79e517e{ip: 192.168.151.112, host: pr-hdds-2194-gpqhj-1713016619, networkLocation: /default-rack, certSerialId: null}7e6dbcba-bf51-49ed-94c0-b704c4b6a7d9{ip: 192.168.151.112, host: pr-hdds-2194-gpqhj-1713016619, networkLocation: /default-rack, certSerialId: null}32aa562e-9d4b-43a6-96a8-df338a0b5f68{ip: 192.168.151.112, host: pr-hdds-2194-gpqhj-1713016619, networkLocation: /default-rack, certSerialId: null}, Type:RATIS, Factor:THREE, State:OPEN]
2019-10-15 04:01:38,993 [EventQueue-StaleNodeForStaleNodeHandler] INFO  pipeline.PipelineStateManager (PipelineStateManager.java:finalizePipeline(123)) - Pipeline Pipeline[ Id: ea52bf64-b42d-464a-97f9-41f18346d9fb, Nodes: d407453e-f342-4891-ad71-781bc79e517e{ip: 192.168.151.112, host: pr-hdds-2194-gpqhj-1713016619, networkLocation: /default-rack, certSerialId: null}7e6dbcba-bf51-49ed-94c0-b704c4b6a7d9{ip: 192.168.151.112, host: pr-hdds-2194-gpqhj-1713016619, networkLocation: /default-rack, certSerialId: null}32aa562e-9d4b-43a6-96a8-df338a0b5f68{ip: 192.168.151.112, host: pr-hdds-2194-gpqhj-1713016619, networkLocation: /default-rack, certSerialId: null}, Type:RATIS, Factor:THREE, State:CLOSED] moved to CLOSED state
2019-10-15 04:01:38,993 [EventQueue-CloseContainerForCloseContainerEventHandler] INFO  container.CloseContainerEventHandler (CloseContainerEventHandler.java:onMessage(61)) - Close container Event triggered for container : #1
2019-10-15 04:01:38,999 [EventQueue-StaleNodeForStaleNodeHandler] INFO  pipeline.SCMPipelineManager (SCMPipelineManager.java:finalizeAndDestroyPipeline(315)) - destroying pipeline:Pipeline[ Id: df45743f-12db-436a-8c6a-5090272d97d1, Nodes: d407453e-f342-4891-ad71-781bc79e517e{ip: 192.168.151.112, host: pr-hdds-2194-gpqhj-1713016619, networkLocation: /default-rack, certSerialId: null}, Type:RATIS, Factor:ONE, State:OPEN]
2019-10-15 04:01:39,003 [EventQueue-StaleNodeForStaleNodeHandler] INFO  pipeline.PipelineStateManager (PipelineStateManager.java:finalizePipeline(123)) - Pipeline Pipeline[ Id: df45743f-12db-436a-8c6a-5090272d97d1, Nodes: d407453e-f342-4891-ad71-781bc79e517e{ip: 192.168.151.112, host: pr-hdds-2194-gpqhj-1713016619, networkLocation: /default-rack, certSerialId: null}, Type:RATIS, Factor:ONE, State:CLOSED] moved to CLOSED state
2019-10-15 04:01:39,387 [main] INFO  ozoneimpl.OzoneContainer (OzoneContainer.java:stop(227)) - Attempting to stop container services.
2019-10-15 04:01:39,388 [main] INFO  impl.RaftServerProxy (RaftServerProxy.java:lambda$close$4(314)) - d407453e-f342-4891-ad71-781bc79e517e: close
2019-10-15 04:01:39,394 [main] INFO  impl.RaftServerImpl (RaftServerImpl.java:lambda$shutdown$3(247)) - d407453e-f342-4891-ad71-781bc79e517e@group-41F18346D9FB: shutdown
2019-10-15 04:01:39,394 [ForkJoinPool.commonPool-worker-1] INFO  impl.RaftServerImpl (RaftServerImpl.java:lambda$shutdown$3(247)) - d407453e-f342-4891-ad71-781bc79e517e@group-5090272D97D1: shutdown
2019-10-15 04:01:39,395 [main] INFO  util.JmxRegister (JmxRegister.java:unregister(73)) - Successfully un-registered JMX Bean with object name Ratis:service=RaftServer,group=group-41F18346D9FB,id=d407453e-f342-4891-ad71-781bc79e517e
2019-10-15 04:01:39,395 [ForkJoinPool.commonPool-worker-1] INFO  util.JmxRegister (JmxRegister.java:unregister(73)) - Successfully un-registered JMX Bean with object name Ratis:service=RaftServer,group=group-5090272D97D1,id=d407453e-f342-4891-ad71-781bc79e517e
2019-10-15 04:01:39,395 [main] INFO  impl.RoleInfo (RoleInfo.java:shutdownLeaderState(104)) - d407453e-f342-4891-ad71-781bc79e517e: shutdown LeaderState
2019-10-15 04:01:39,395 [ForkJoinPool.commonPool-worker-1] INFO  impl.RoleInfo (RoleInfo.java:shutdownLeaderState(104)) - d407453e-f342-4891-ad71-781bc79e517e: shutdown LeaderState
2019-10-15 04:01:39,405 [main] INFO  impl.PendingRequests (PendingRequests.java:sendNotLeaderResponses(202)) - d407453e-f342-4891-ad71-781bc79e517e@group-41F18346D9FB-PendingRequests: sendNotLeaderResponses
2019-10-15 04:01:39,405 [org.apache.ratis.server.impl.LogAppender$AppenderDaemon$$Lambda$529/232795663@5786bac9] WARN  server.GrpcLogAppender (GrpcLogAppender.java:mayWait(143)) - d407453e-f342-4891-ad71-781bc79e517e@group-41F18346D9FB->7e6dbcba-bf51-49ed-94c0-b704c4b6a7d9-GrpcLogAppender: Wait interrupted by java.lang.InterruptedException
2019-10-15 04:01:39,405 [org.apache.ratis.server.impl.LogAppender$AppenderDaemon$$Lambda$529/232795663@7f9f8c4] WARN  server.GrpcLogAppender (GrpcLogAppender.java:mayWait(143)) - d407453e-f342-4891-ad71-781bc79e517e@group-41F18346D9FB->32aa562e-9d4b-43a6-96a8-df338a0b5f68-GrpcLogAppender: Wait interrupted by java.lang.InterruptedException
2019-10-15 04:01:39,405 [ForkJoinPool.commonPool-worker-1] INFO  impl.PendingRequests (PendingRequests.java:sendNotLeaderResponses(202)) - d407453e-f342-4891-ad71-781bc79e517e@group-5090272D97D1-PendingRequests: sendNotLeaderResponses
2019-10-15 04:01:39,408 [main] INFO  impl.StateMachineUpdater (StateMachineUpdater.java:stopAndJoin(136)) - d407453e-f342-4891-ad71-781bc79e517e@group-41F18346D9FB-StateMachineUpdater: set stopIndex = 14
2019-10-15 04:01:39,408 [grpc-default-executor-1] INFO  server.GrpcServerProtocolService (GrpcServerProtocolService.java:onCompleted(113)) - 7e6dbcba-bf51-49ed-94c0-b704c4b6a7d9: Completed APPEND_ENTRIES, lastRequest: d407453e-f342-4891-ad71-781bc79e517e->7e6dbcba-bf51-49ed-94c0-b704c4b6a7d9#17-t1, previous=(t:1, i:14), leaderCommit=14, initializing? false, entries: <empty>
2019-10-15 04:01:39,408 [grpc-default-executor-8] INFO  server.GrpcServerProtocolService (GrpcServerProtocolService.java:onCompleted(113)) - 32aa562e-9d4b-43a6-96a8-df338a0b5f68: Completed APPEND_ENTRIES, lastRequest: d407453e-f342-4891-ad71-781bc79e517e->32aa562e-9d4b-43a6-96a8-df338a0b5f68#17-t1, previous=(t:1, i:14), leaderCommit=14, initializing? false, entries: <empty>
2019-10-15 04:01:39,408 [d407453e-f342-4891-ad71-781bc79e517e@group-41F18346D9FB-StateMachineUpdater] INFO  ratis.ContainerStateMachine (ContainerStateMachine.java:takeSnapshot(294)) - group-41F18346D9FB: Taking a snapshot at:(t:1, i:13) file /workdir/hadoop-ozone/integration-test/target/test-dir/MiniOzoneClusterImpl-db17e535-db34-411d-81ae-c2250ad617e5/datanode-1/data/ratis/ea52bf64-b42d-464a-97f9-41f18346d9fb/sm/snapshot.1_13
2019-10-15 04:01:39,408 [ForkJoinPool.commonPool-worker-1] INFO  impl.StateMachineUpdater (StateMachineUpdater.java:stopAndJoin(136)) - d407453e-f342-4891-ad71-781bc79e517e@group-5090272D97D1-StateMachineUpdater: set stopIndex = 0
2019-10-15 04:01:39,409 [grpc-default-executor-6] INFO  server.GrpcLogAppender (GrpcLogAppender.java:onCompleted(293)) - d407453e-f342-4891-ad71-781bc79e517e@group-41F18346D9FB->32aa562e-9d4b-43a6-96a8-df338a0b5f68-AppendLogResponseHandler: follower responses appendEntries COMPLETED
2019-10-15 04:01:39,408 [grpc-default-executor-1] INFO  server.GrpcLogAppender (GrpcLogAppender.java:onCompleted(293)) - d407453e-f342-4891-ad71-781bc79e517e@group-41F18346D9FB->7e6dbcba-bf51-49ed-94c0-b704c4b6a7d9-AppendLogResponseHandler: follower responses appendEntries COMPLETED
2019-10-15 04:01:39,409 [ForkJoinPool.commonPool-worker-1] INFO  impl.RaftServerImpl (ServerState.java:close(387)) - d407453e-f342-4891-ad71-781bc79e517e@group-5090272D97D1: closes. applyIndex: 0
2019-10-15 04:01:39,409 [d407453e-f342-4891-ad71-781bc79e517e@group-5090272D97D1-SegmentedRaftLogWorker] INFO  segmented.SegmentedRaftLogWorker (SegmentedRaftLogWorker.java:run(316)) - d407453e-f342-4891-ad71-781bc79e517e@group-5090272D97D1-SegmentedRaftLogWorker was interrupted, exiting. There are 0 tasks remaining in the queue.
2019-10-15 04:01:39,411 [grpc-default-executor-6] INFO  impl.FollowerInfo (FollowerInfo.java:lambda$new$0(51)) - d407453e-f342-4891-ad71-781bc79e517e@group-41F18346D9FB->32aa562e-9d4b-43a6-96a8-df338a0b5f68: nextIndex: updateUnconditionally 15 -> 14
2019-10-15 04:01:39,411 [ForkJoinPool.commonPool-worker-1] INFO  segmented.SegmentedRaftLogWorker (SegmentedRaftLogWorker.java:close(224)) - d407453e-f342-4891-ad71-781bc79e517e@group-5090272D97D1-SegmentedRaftLogWorker close()
2019-10-15 04:01:39,412 [grpc-default-executor-1] INFO  impl.FollowerInfo (FollowerInfo.java:lambda$new$0(51)) - d407453e-f342-4891-ad71-781bc79e517e@group-41F18346D9FB->7e6dbcba-bf51-49ed-94c0-b704c4b6a7d9: nextIndex: updateUnconditionally 15 -> 14
2019-10-15 04:01:39,440 [d407453e-f342-4891-ad71-781bc79e517e@group-41F18346D9FB-StateMachineUpdater] INFO  ratis.ContainerStateMachine (ContainerStateMachine.java:takeSnapshot(305)) - group-41F18346D9FB: Finished taking a snapshot at:(t:1, i:13) file:/workdir/hadoop-ozone/integration-test/target/test-dir/MiniOzoneClusterImpl-db17e535-db34-411d-81ae-c2250ad617e5/datanode-1/data/ratis/ea52bf64-b42d-464a-97f9-41f18346d9fb/sm/snapshot.1_13 time:33
2019-10-15 04:01:39,441 [d407453e-f342-4891-ad71-781bc79e517e@group-41F18346D9FB-StateMachineUpdater] INFO  impl.StateMachineUpdater (StateMachineUpdater.java:takeSnapshot(269)) - d407453e-f342-4891-ad71-781bc79e517e@group-41F18346D9FB-StateMachineUpdater: Took a snapshot at index 13
2019-10-15 04:01:39,441 [d407453e-f342-4891-ad71-781bc79e517e@group-41F18346D9FB-StateMachineUpdater] INFO  impl.StateMachineUpdater (StateMachineUpdater.java:lambda$new$0(84)) - d407453e-f342-4891-ad71-781bc79e517e@group-41F18346D9FB-StateMachineUpdater: snapshotIndex: updateIncreasingly -1 -> 13
2019-10-15 04:01:39,441 [d407453e-f342-4891-ad71-781bc79e517e@group-41F18346D9FB-StateMachineUpdater] INFO  ratis.ContainerStateMachine (ContainerStateMachine.java:takeSnapshot(294)) - group-41F18346D9FB: Taking a snapshot at:(t:1, i:13) file /workdir/hadoop-ozone/integration-test/target/test-dir/MiniOzoneClusterImpl-db17e535-db34-411d-81ae-c2250ad617e5/datanode-1/data/ratis/ea52bf64-b42d-464a-97f9-41f18346d9fb/sm/snapshot.1_13
2019-10-15 04:01:39,474 [d407453e-f342-4891-ad71-781bc79e517e@group-41F18346D9FB-StateMachineUpdater] INFO  ratis.ContainerStateMachine (ContainerStateMachine.java:takeSnapshot(305)) - group-41F18346D9FB: Finished taking a snapshot at:(t:1, i:13) file:/workdir/hadoop-ozone/integration-test/target/test-dir/MiniOzoneClusterImpl-db17e535-db34-411d-81ae-c2250ad617e5/datanode-1/data/ratis/ea52bf64-b42d-464a-97f9-41f18346d9fb/sm/snapshot.1_13 time:33
2019-10-15 04:01:39,474 [d407453e-f342-4891-ad71-781bc79e517e@group-41F18346D9FB-StateMachineUpdater] INFO  impl.StateMachineUpdater (StateMachineUpdater.java:takeSnapshot(269)) - d407453e-f342-4891-ad71-781bc79e517e@group-41F18346D9FB-StateMachineUpdater: Took a snapshot at index 13
2019-10-15 04:01:39,474 [d407453e-f342-4891-ad71-781bc79e517e@group-41F18346D9FB-StateMachineUpdater] INFO  impl.StateMachineUpdater (StateMachineUpdater.java:lambda$new$0(84)) - d407453e-f342-4891-ad71-781bc79e517e@group-41F18346D9FB-StateMachineUpdater: snapshotIndex: updateIncreasingly 13 -> 13
2019-10-15 04:01:39,475 [main] INFO  impl.RaftServerImpl (ServerState.java:close(387)) - d407453e-f342-4891-ad71-781bc79e517e@group-41F18346D9FB: closes. applyIndex: 14
2019-10-15 04:01:39,475 [d407453e-f342-4891-ad71-781bc79e517e@group-41F18346D9FB-SegmentedRaftLogWorker] INFO  segmented.SegmentedRaftLogWorker (SegmentedRaftLogWorker.java:run(316)) - d407453e-f342-4891-ad71-781bc79e517e@group-41F18346D9FB-SegmentedRaftLogWorker was interrupted, exiting. There are 0 tasks remaining in the queue.
2019-10-15 04:01:39,479 [main] INFO  segmented.SegmentedRaftLogWorker (SegmentedRaftLogWorker.java:close(224)) - d407453e-f342-4891-ad71-781bc79e517e@group-41F18346D9FB-SegmentedRaftLogWorker close()
2019-10-15 04:01:39,483 [main] INFO  server.GrpcService (GrpcService.java:closeImpl(164)) - d407453e-f342-4891-ad71-781bc79e517e: shutdown server with port 42458 now
2019-10-15 04:01:39,484 [grpc-default-executor-8] WARN  client.GrpcClientProtocolService (LogUtils.java:warn(134)) - 3-UnorderedRequestStreamObserver3: onError: org.apache.ratis.thirdparty.io.grpc.StatusRuntimeException: CANCELLED: cancelled before receiving half close
2019-10-15 04:01:39,486 [main] INFO  server.GrpcService (GrpcService.java:closeImpl(172)) - d407453e-f342-4891-ad71-781bc79e517e: shutdown server with port 42458 successfully
2019-10-15 04:01:39,488 [refreshUsed-/workdir/hadoop-ozone/integration-test/target/test-dir/MiniOzoneClusterImpl-db17e535-db34-411d-81ae-c2250ad617e5/datanode-1/data/containers] WARN  fs.CachingGetSpaceUsed (CachingGetSpaceUsed.java:run(183)) - Thread Interrupted waiting to refresh disk information: sleep interrupted
2019-10-15 04:01:39,514 [main] INFO  utils.BackgroundService (BackgroundService.java:shutdown(151)) - Shutting down service BlockDeletingService
2019-10-15 04:01:39,523 [main] INFO  statemachine.DatanodeStateMachine (DatanodeStateMachine.java:stopDaemon(395)) - Ozone container server stopped.
2019-10-15 04:01:39,525 [main] INFO  handler.ContextHandler (ContextHandler.java:doStop(910)) - Stopped o.e.j.w.WebAppContext@7364f68{/,null,UNAVAILABLE}{/hddsDatanode}
2019-10-15 04:01:39,527 [main] INFO  server.AbstractConnector (AbstractConnector.java:doStop(318)) - Stopped ServerConnector@55a0f011{HTTP/1.1,[http/1.1]}{0.0.0.0:0}
2019-10-15 04:01:39,527 [main] INFO  handler.ContextHandler (ContextHandler.java:doStop(910)) - Stopped o.e.j.s.ServletContextHandler@7bd38fed{/static,jar:file:/home/user/.m2/repository/org/apache/hadoop/hadoop-hdds-container-service/0.5.0-SNAPSHOT/hadoop-hdds-container-service-0.5.0-SNAPSHOT.jar!/webapps/static,UNAVAILABLE}
2019-10-15 04:01:39,528 [main] INFO  handler.ContextHandler (ContextHandler.java:doStop(910)) - Stopped o.e.j.s.ServletContextHandler@7841bd30{/logs,file:///workdir/hadoop-ozone/integration-test/target/log,UNAVAILABLE}
2019-10-15 04:01:46,636 [Thread-3155] INFO  impl.FollowerState (FollowerState.java:run(108)) - 7e6dbcba-bf51-49ed-94c0-b704c4b6a7d9@group-41F18346D9FB-FollowerState: change to CANDIDATE, lastRpcTime:7253ms, electionTimeout:5035ms
2019-10-15 04:01:46,637 [Thread-3155] INFO  impl.RoleInfo (RoleInfo.java:shutdownFollowerState(121)) - 7e6dbcba-bf51-49ed-94c0-b704c4b6a7d9: shutdown FollowerState
2019-10-15 04:01:46,637 [Thread-3155] INFO  impl.RaftServerImpl (RaftServerImpl.java:setRole(170)) - 7e6dbcba-bf51-49ed-94c0-b704c4b6a7d9@group-41F18346D9FB: changes role from  FOLLOWER to CANDIDATE at term 1 for changeToCandidate
2019-10-15 04:01:46,637 [Thread-3155] INFO  impl.RoleInfo (RoleInfo.java:updateAndGet(143)) - 7e6dbcba-bf51-49ed-94c0-b704c4b6a7d9: start LeaderElection
2019-10-15 04:01:46,642 [7e6dbcba-bf51-49ed-94c0-b704c4b6a7d9@group-41F18346D9FB-LeaderElection88] INFO  impl.RaftServerImpl (ServerState.java:setLeader(255)) - 7e6dbcba-bf51-49ed-94c0-b704c4b6a7d9@group-41F18346D9FB: change Leader from d407453e-f342-4891-ad71-781bc79e517e to null at term 1 for initElection
2019-10-15 04:01:46,677 [7e6dbcba-bf51-49ed-94c0-b704c4b6a7d9@group-41F18346D9FB-LeaderElection88] INFO  impl.LeaderElection (LeaderElection.java:askForVotes(178)) - 7e6dbcba-bf51-49ed-94c0-b704c4b6a7d9@group-41F18346D9FB-LeaderElection88: begin an election at term 2 for 0: [d407453e-f342-4891-ad71-781bc79e517e:192.168.151.112:42458, 32aa562e-9d4b-43a6-96a8-df338a0b5f68:192.168.151.112:34779, 7e6dbcba-bf51-49ed-94c0-b704c4b6a7d9:192.168.151.112:45998], old=null
2019-10-15 04:01:46,679 [7e6dbcba-bf51-49ed-94c0-b704c4b6a7d9@group-41F18346D9FB-LeaderElection88] INFO  impl.LeaderElection (LogUtils.java:infoOrTrace(149)) - 7e6dbcba-bf51-49ed-94c0-b704c4b6a7d9@group-41F18346D9FB-LeaderElection88 got exception when requesting votes: {}
java.util.concurrent.ExecutionException: org.apache.ratis.thirdparty.io.grpc.StatusRuntimeException: UNAVAILABLE: io exception
	at java.util.concurrent.FutureTask.report(FutureTask.java:122)
	at java.util.concurrent.FutureTask.get(FutureTask.java:192)
	at org.apache.ratis.server.impl.LeaderElection.waitForResults(LeaderElection.java:259)
	at org.apache.ratis.server.impl.LeaderElection.askForVotes(LeaderElection.java:197)
	at org.apache.ratis.server.impl.LeaderElection.run(LeaderElection.java:133)
	at java.lang.Thread.run(Thread.java:748)
Caused by: org.apache.ratis.thirdparty.io.grpc.StatusRuntimeException: UNAVAILABLE: io exception
	at org.apache.ratis.thirdparty.io.grpc.stub.ClientCalls.toStatusRuntimeException(ClientCalls.java:233)
	at org.apache.ratis.thirdparty.io.grpc.stub.ClientCalls.getUnchecked(ClientCalls.java:214)
	at org.apache.ratis.thirdparty.io.grpc.stub.ClientCalls.blockingUnaryCall(ClientCalls.java:139)
	at org.apache.ratis.proto.grpc.RaftServerProtocolServiceGrpc$RaftServerProtocolServiceBlockingStub.requestVote(RaftServerProtocolServiceGrpc.java:265)
	at org.apache.ratis.grpc.server.GrpcServerProtocolClient.requestVote(GrpcServerProtocolClient.java:99)
	at org.apache.ratis.grpc.server.GrpcService.requestVote(GrpcService.java:204)
	at org.apache.ratis.server.impl.LeaderElection.lambda$submitRequests$1(LeaderElection.java:234)
	at java.util.concurrent.FutureTask.run(FutureTask.java:266)
	at java.util.concurrent.Executors$RunnableAdapter.call(Executors.java:511)
	at java.util.concurrent.FutureTask.run(FutureTask.java:266)
	at java.util.concurrent.ThreadPoolExecutor.runWorker(ThreadPoolExecutor.java:1149)
	at java.util.concurrent.ThreadPoolExecutor$Worker.run(ThreadPoolExecutor.java:624)
	... 1 more
Caused by: org.apache.ratis.thirdparty.io.netty.channel.AbstractChannel$AnnotatedConnectException: Connection refused: /192.168.151.112:42458
	at sun.nio.ch.SocketChannelImpl.checkConnect(Native Method)
	at sun.nio.ch.SocketChannelImpl.finishConnect(SocketChannelImpl.java:717)
	at org.apache.ratis.thirdparty.io.netty.channel.socket.nio.NioSocketChannel.doFinishConnect(NioSocketChannel.java:327)
	at org.apache.ratis.thirdparty.io.netty.channel.nio.AbstractNioChannel$AbstractNioUnsafe.finishConnect(AbstractNioChannel.java:340)
	at org.apache.ratis.thirdparty.io.netty.channel.nio.NioEventLoop.processSelectedKey(NioEventLoop.java:632)
	at org.apache.ratis.thirdparty.io.netty.channel.nio.NioEventLoop.processSelectedKeysOptimized(NioEventLoop.java:579)
	at org.apache.ratis.thirdparty.io.netty.channel.nio.NioEventLoop.processSelectedKeys(NioEventLoop.java:496)
	at org.apache.ratis.thirdparty.io.netty.channel.nio.NioEventLoop.run(NioEventLoop.java:458)
	at org.apache.ratis.thirdparty.io.netty.util.concurrent.SingleThreadEventExecutor$5.run(SingleThreadEventExecutor.java:897)
	at org.apache.ratis.thirdparty.io.netty.util.concurrent.FastThreadLocalRunnable.run(FastThreadLocalRunnable.java:30)
	... 1 more
Caused by: java.net.ConnectException: Connection refused
	... 11 more
2019-10-15 04:01:46,683 [grpc-default-executor-7] INFO  impl.RaftServerImpl (ServerState.java:setLeader(255)) - 32aa562e-9d4b-43a6-96a8-df338a0b5f68@group-41F18346D9FB: change Leader from d407453e-f342-4891-ad71-781bc79e517e to null at term 2 for updateCurrentTerm
2019-10-15 04:01:46,684 [grpc-default-executor-7] INFO  impl.RaftServerImpl (RaftServerImpl.java:setRole(170)) - 32aa562e-9d4b-43a6-96a8-df338a0b5f68@group-41F18346D9FB: changes role from  FOLLOWER to FOLLOWER at term 2 for recognizeCandidate:7e6dbcba-bf51-49ed-94c0-b704c4b6a7d9
2019-10-15 04:01:46,684 [grpc-default-executor-7] INFO  impl.RoleInfo (RoleInfo.java:shutdownFollowerState(121)) - 32aa562e-9d4b-43a6-96a8-df338a0b5f68: shutdown FollowerState
2019-10-15 04:01:46,684 [grpc-default-executor-7] INFO  impl.RoleInfo (RoleInfo.java:updateAndGet(143)) - 32aa562e-9d4b-43a6-96a8-df338a0b5f68: start FollowerState
2019-10-15 04:01:46,684 [Thread-3154] INFO  impl.FollowerState (FollowerState.java:run(117)) - 32aa562e-9d4b-43a6-96a8-df338a0b5f68@group-41F18346D9FB-FollowerState was interrupted: java.lang.InterruptedException: sleep interrupted
2019-10-15 04:01:46,721 [7e6dbcba-bf51-49ed-94c0-b704c4b6a7d9@group-41F18346D9FB-LeaderElection88] INFO  impl.LeaderElection (LeaderElection.java:logAndReturn(56)) - 7e6dbcba-bf51-49ed-94c0-b704c4b6a7d9@group-41F18346D9FB-LeaderElection88: Election PASSED; received 1 response(s) [7e6dbcba-bf51-49ed-94c0-b704c4b6a7d9<-32aa562e-9d4b-43a6-96a8-df338a0b5f68#0:OK-t2] and 1 exception(s); 7e6dbcba-bf51-49ed-94c0-b704c4b6a7d9@group-41F18346D9FB:t2, leader=null, voted=7e6dbcba-bf51-49ed-94c0-b704c4b6a7d9, raftlog=7e6dbcba-bf51-49ed-94c0-b704c4b6a7d9@group-41F18346D9FB-SegmentedRaftLog:OPENED:c14,f14,i14, conf=0: [d407453e-f342-4891-ad71-781bc79e517e:192.168.151.112:42458, 32aa562e-9d4b-43a6-96a8-df338a0b5f68:192.168.151.112:34779, 7e6dbcba-bf51-49ed-94c0-b704c4b6a7d9:192.168.151.112:45998], old=null
2019-10-15 04:01:46,721 [7e6dbcba-bf51-49ed-94c0-b704c4b6a7d9@group-41F18346D9FB-LeaderElection88] INFO  impl.LeaderElection (LogUtils.java:infoOrTrace(149)) -   Exception 0: {}
java.util.concurrent.ExecutionException: org.apache.ratis.thirdparty.io.grpc.StatusRuntimeException: UNAVAILABLE: io exception
	at java.util.concurrent.FutureTask.report(FutureTask.java:122)
	at java.util.concurrent.FutureTask.get(FutureTask.java:192)
	at org.apache.ratis.server.impl.LeaderElection.waitForResults(LeaderElection.java:259)
	at org.apache.ratis.server.impl.LeaderElection.askForVotes(LeaderElection.java:197)
	at org.apache.ratis.server.impl.LeaderElection.run(LeaderElection.java:133)
	at java.lang.Thread.run(Thread.java:748)
Caused by: org.apache.ratis.thirdparty.io.grpc.StatusRuntimeException: UNAVAILABLE: io exception
	at org.apache.ratis.thirdparty.io.grpc.stub.ClientCalls.toStatusRuntimeException(ClientCalls.java:233)
	at org.apache.ratis.thirdparty.io.grpc.stub.ClientCalls.getUnchecked(ClientCalls.java:214)
	at org.apache.ratis.thirdparty.io.grpc.stub.ClientCalls.blockingUnaryCall(ClientCalls.java:139)
	at org.apache.ratis.proto.grpc.RaftServerProtocolServiceGrpc$RaftServerProtocolServiceBlockingStub.requestVote(RaftServerProtocolServiceGrpc.java:265)
	at org.apache.ratis.grpc.server.GrpcServerProtocolClient.requestVote(GrpcServerProtocolClient.java:99)
	at org.apache.ratis.grpc.server.GrpcService.requestVote(GrpcService.java:204)
	at org.apache.ratis.server.impl.LeaderElection.lambda$submitRequests$1(LeaderElection.java:234)
	at java.util.concurrent.FutureTask.run(FutureTask.java:266)
	at java.util.concurrent.Executors$RunnableAdapter.call(Executors.java:511)
	at java.util.concurrent.FutureTask.run(FutureTask.java:266)
	at java.util.concurrent.ThreadPoolExecutor.runWorker(ThreadPoolExecutor.java:1149)
	at java.util.concurrent.ThreadPoolExecutor$Worker.run(ThreadPoolExecutor.java:624)
	... 1 more
Caused by: org.apache.ratis.thirdparty.io.netty.channel.AbstractChannel$AnnotatedConnectException: Connection refused: /192.168.151.112:42458
	at sun.nio.ch.SocketChannelImpl.checkConnect(Native Method)
	at sun.nio.ch.SocketChannelImpl.finishConnect(SocketChannelImpl.java:717)
	at org.apache.ratis.thirdparty.io.netty.channel.socket.nio.NioSocketChannel.doFinishConnect(NioSocketChannel.java:327)
	at org.apache.ratis.thirdparty.io.netty.channel.nio.AbstractNioChannel$AbstractNioUnsafe.finishConnect(AbstractNioChannel.java:340)
	at org.apache.ratis.thirdparty.io.netty.channel.nio.NioEventLoop.processSelectedKey(NioEventLoop.java:632)
	at org.apache.ratis.thirdparty.io.netty.channel.nio.NioEventLoop.processSelectedKeysOptimized(NioEventLoop.java:579)
	at org.apache.ratis.thirdparty.io.netty.channel.nio.NioEventLoop.processSelectedKeys(NioEventLoop.java:496)
	at org.apache.ratis.thirdparty.io.netty.channel.nio.NioEventLoop.run(NioEventLoop.java:458)
	at org.apache.ratis.thirdparty.io.netty.util.concurrent.SingleThreadEventExecutor$5.run(SingleThreadEventExecutor.java:897)
	at org.apache.ratis.thirdparty.io.netty.util.concurrent.FastThreadLocalRunnable.run(FastThreadLocalRunnable.java:30)
	... 1 more
Caused by: java.net.ConnectException: Connection refused
	... 11 more
2019-10-15 04:01:46,721 [7e6dbcba-bf51-49ed-94c0-b704c4b6a7d9@group-41F18346D9FB-LeaderElection88] INFO  impl.RoleInfo (RoleInfo.java:shutdownLeaderElection(134)) - 7e6dbcba-bf51-49ed-94c0-b704c4b6a7d9: shutdown LeaderElection
2019-10-15 04:01:46,722 [7e6dbcba-bf51-49ed-94c0-b704c4b6a7d9@group-41F18346D9FB-LeaderElection88] INFO  impl.RaftServerImpl (RaftServerImpl.java:setRole(170)) - 7e6dbcba-bf51-49ed-94c0-b704c4b6a7d9@group-41F18346D9FB: changes role from CANDIDATE to LEADER at term 2 for changeToLeader
2019-10-15 04:01:46,722 [7e6dbcba-bf51-49ed-94c0-b704c4b6a7d9@group-41F18346D9FB-LeaderElection88] INFO  impl.RaftServerImpl (ServerState.java:setLeader(255)) - 7e6dbcba-bf51-49ed-94c0-b704c4b6a7d9@group-41F18346D9FB: change Leader from null to 7e6dbcba-bf51-49ed-94c0-b704c4b6a7d9 at term 2 for becomeLeader, leader elected after 80ms
2019-10-15 04:01:46,722 [7e6dbcba-bf51-49ed-94c0-b704c4b6a7d9@group-41F18346D9FB-LeaderElection88] INFO  server.RaftServerConfigKeys (ConfUtils.java:logGet(43)) - raft.server.staging.catchup.gap = 1000 (default)
2019-10-15 04:01:46,722 [7e6dbcba-bf51-49ed-94c0-b704c4b6a7d9@group-41F18346D9FB-LeaderElection88] INFO  server.RaftServerConfigKeys (ConfUtils.java:logGet(43)) - raft.server.rpc.sleep.time = 25ms (default)
2019-10-15 04:01:46,723 [7e6dbcba-bf51-49ed-94c0-b704c4b6a7d9@group-41F18346D9FB-LeaderElection88] INFO  server.RaftServerConfigKeys (ConfUtils.java:logGet(43)) - raft.server.write.element-limit = 4096 (default)
2019-10-15 04:01:46,723 [7e6dbcba-bf51-49ed-94c0-b704c4b6a7d9@group-41F18346D9FB-LeaderElection88] INFO  server.RaftServerConfigKeys (ConfUtils.java:logGet(43)) - raft.server.watch.timeout = 10s (default)
2019-10-15 04:01:46,723 [7e6dbcba-bf51-49ed-94c0-b704c4b6a7d9@group-41F18346D9FB-LeaderElection88] INFO  server.RaftServerConfigKeys (ConfUtils.java:logGet(43)) - raft.server.watch.timeout.denomination = 1s (default)
2019-10-15 04:01:46,723 [7e6dbcba-bf51-49ed-94c0-b704c4b6a7d9@group-41F18346D9FB-LeaderElection88] INFO  server.RaftServerConfigKeys (ConfUtils.java:logGet(43)) - raft.server.watch.element-limit = 65536 (default)
2019-10-15 04:01:46,726 [7e6dbcba-bf51-49ed-94c0-b704c4b6a7d9@group-41F18346D9FB-LeaderElection88] INFO  server.RaftServerConfigKeys (ConfUtils.java:logGet(43)) - raft.server.log.appender.snapshot.chunk.size.max = 16MB (=16777216) (default)
2019-10-15 04:01:46,726 [7e6dbcba-bf51-49ed-94c0-b704c4b6a7d9@group-41F18346D9FB-LeaderElection88] INFO  server.RaftServerConfigKeys (ConfUtils.java:logGet(43)) - raft.server.log.appender.buffer.byte-limit = 33554432 (custom)
2019-10-15 04:01:46,727 [7e6dbcba-bf51-49ed-94c0-b704c4b6a7d9@group-41F18346D9FB-LeaderElection88] INFO  server.RaftServerConfigKeys (ConfUtils.java:logGet(43)) - raft.server.log.appender.buffer.element-limit = 1 (custom)
2019-10-15 04:01:46,727 [7e6dbcba-bf51-49ed-94c0-b704c4b6a7d9@group-41F18346D9FB-LeaderElection88] INFO  grpc.GrpcConfigKeys$Server (ConfUtils.java:logGet(43)) - raft.grpc.server.leader.outstanding.appends.max = 128 (default)
2019-10-15 04:01:46,727 [7e6dbcba-bf51-49ed-94c0-b704c4b6a7d9@group-41F18346D9FB-LeaderElection88] INFO  server.RaftServerConfigKeys (ConfUtils.java:logGet(43)) - raft.server.rpc.request.timeout = 3000ms (default)
2019-10-15 04:01:46,727 [7e6dbcba-bf51-49ed-94c0-b704c4b6a7d9@group-41F18346D9FB-LeaderElection88] INFO  server.RaftServerConfigKeys (ConfUtils.java:logGet(43)) - raft.server.log.appender.install.snapshot.enabled = false (custom)
2019-10-15 04:01:46,727 [7e6dbcba-bf51-49ed-94c0-b704c4b6a7d9@group-41F18346D9FB-LeaderElection88] INFO  server.RaftServerConfigKeys (ConfUtils.java:logGet(43)) - raft.server.log.appender.snapshot.chunk.size.max = 16MB (=16777216) (default)
2019-10-15 04:01:46,727 [7e6dbcba-bf51-49ed-94c0-b704c4b6a7d9@group-41F18346D9FB-LeaderElection88] INFO  server.RaftServerConfigKeys (ConfUtils.java:logGet(43)) - raft.server.log.appender.buffer.byte-limit = 33554432 (custom)
2019-10-15 04:01:46,727 [7e6dbcba-bf51-49ed-94c0-b704c4b6a7d9@group-41F18346D9FB-LeaderElection88] INFO  server.RaftServerConfigKeys (ConfUtils.java:logGet(43)) - raft.server.log.appender.buffer.element-limit = 1 (custom)
2019-10-15 04:01:46,728 [7e6dbcba-bf51-49ed-94c0-b704c4b6a7d9@group-41F18346D9FB-LeaderElection88] INFO  grpc.GrpcConfigKeys$Server (ConfUtils.java:logGet(43)) - raft.grpc.server.leader.outstanding.appends.max = 128 (default)
2019-10-15 04:01:46,728 [7e6dbcba-bf51-49ed-94c0-b704c4b6a7d9@group-41F18346D9FB-LeaderElection88] INFO  server.RaftServerConfigKeys (ConfUtils.java:logGet(43)) - raft.server.rpc.request.timeout = 3000ms (default)
2019-10-15 04:01:46,728 [7e6dbcba-bf51-49ed-94c0-b704c4b6a7d9@group-41F18346D9FB-LeaderElection88] INFO  server.RaftServerConfigKeys (ConfUtils.java:logGet(43)) - raft.server.log.appender.install.snapshot.enabled = false (custom)
2019-10-15 04:01:46,728 [7e6dbcba-bf51-49ed-94c0-b704c4b6a7d9@group-41F18346D9FB-LeaderElection88] INFO  impl.RoleInfo (RoleInfo.java:updateAndGet(143)) - 7e6dbcba-bf51-49ed-94c0-b704c4b6a7d9: start LeaderState
2019-10-15 04:01:46,728 [7e6dbcba-bf51-49ed-94c0-b704c4b6a7d9@group-41F18346D9FB-LeaderElection88] INFO  segmented.SegmentedRaftLogWorker (SegmentedRaftLogWorker.java:rollLogSegment(390)) - 7e6dbcba-bf51-49ed-94c0-b704c4b6a7d9@group-41F18346D9FB-SegmentedRaftLogWorker: Rolling segment log-0_14 to index:14
2019-10-15 04:01:46,729 [7e6dbcba-bf51-49ed-94c0-b704c4b6a7d9@group-41F18346D9FB-LeaderElection88] INFO  impl.RaftServerImpl (ServerState.java:setRaftConf(356)) - 7e6dbcba-bf51-49ed-94c0-b704c4b6a7d9@group-41F18346D9FB: set configuration 15: [d407453e-f342-4891-ad71-781bc79e517e:192.168.151.112:42458, 32aa562e-9d4b-43a6-96a8-df338a0b5f68:192.168.151.112:34779, 7e6dbcba-bf51-49ed-94c0-b704c4b6a7d9:192.168.151.112:45998], old=null at 15
2019-10-15 04:01:46,730 [7e6dbcba-bf51-49ed-94c0-b704c4b6a7d9@group-41F18346D9FB-SegmentedRaftLogWorker] INFO  segmented.SegmentedRaftLogWorker (SegmentedRaftLogWorker.java:execute(531)) - 7e6dbcba-bf51-49ed-94c0-b704c4b6a7d9@group-41F18346D9FB-SegmentedRaftLogWorker: Rolled log segment from /workdir/hadoop-ozone/integration-test/target/test-dir/MiniOzoneClusterImpl-db17e535-db34-411d-81ae-c2250ad617e5/datanode-3/data/ratis/ea52bf64-b42d-464a-97f9-41f18346d9fb/current/log_inprogress_0 to /workdir/hadoop-ozone/integration-test/target/test-dir/MiniOzoneClusterImpl-db17e535-db34-411d-81ae-c2250ad617e5/datanode-3/data/ratis/ea52bf64-b42d-464a-97f9-41f18346d9fb/current/log_0-14
2019-10-15 04:01:46,732 [grpc-default-executor-7] WARN  server.GrpcLogAppender (LogUtils.java:warn(134)) - 7e6dbcba-bf51-49ed-94c0-b704c4b6a7d9@group-41F18346D9FB->d407453e-f342-4891-ad71-781bc79e517e-AppendLogResponseHandler: Failed appendEntries: org.apache.ratis.thirdparty.io.grpc.StatusRuntimeException: UNAVAILABLE: io exception
2019-10-15 04:01:46,733 [grpc-default-executor-7] INFO  impl.FollowerInfo (FollowerInfo.java:lambda$new$0(51)) - 7e6dbcba-bf51-49ed-94c0-b704c4b6a7d9@group-41F18346D9FB->d407453e-f342-4891-ad71-781bc79e517e: nextIndex: updateUnconditionally 15 -> 1
2019-10-15 04:01:46,733 [grpc-default-executor-1] INFO  impl.RaftServerImpl (ServerState.java:setLeader(255)) - 32aa562e-9d4b-43a6-96a8-df338a0b5f68@group-41F18346D9FB: change Leader from null to 7e6dbcba-bf51-49ed-94c0-b704c4b6a7d9 at term 2 for appendEntries, leader elected after 50ms
2019-10-15 04:01:46,762 [grpc-default-executor-1] INFO  impl.RaftServerImpl (ServerState.java:setRaftConf(356)) - 32aa562e-9d4b-43a6-96a8-df338a0b5f68@group-41F18346D9FB: set configuration 15: [d407453e-f342-4891-ad71-781bc79e517e:192.168.151.112:42458, 32aa562e-9d4b-43a6-96a8-df338a0b5f68:192.168.151.112:34779, 7e6dbcba-bf51-49ed-94c0-b704c4b6a7d9:192.168.151.112:45998], old=null at 15
2019-10-15 04:01:46,762 [grpc-default-executor-1] INFO  segmented.SegmentedRaftLogWorker (SegmentedRaftLogWorker.java:rollLogSegment(390)) - 32aa562e-9d4b-43a6-96a8-df338a0b5f68@group-41F18346D9FB-SegmentedRaftLogWorker: Rolling segment log-0_14 to index:14
2019-10-15 04:01:46,763 [32aa562e-9d4b-43a6-96a8-df338a0b5f68@group-41F18346D9FB-SegmentedRaftLogWorker] INFO  segmented.SegmentedRaftLogWorker (SegmentedRaftLogWorker.java:execute(531)) - 32aa562e-9d4b-43a6-96a8-df338a0b5f68@group-41F18346D9FB-SegmentedRaftLogWorker: Rolled log segment from /workdir/hadoop-ozone/integration-test/target/test-dir/MiniOzoneClusterImpl-db17e535-db34-411d-81ae-c2250ad617e5/datanode-0/data/ratis/ea52bf64-b42d-464a-97f9-41f18346d9fb/current/log_inprogress_0 to /workdir/hadoop-ozone/integration-test/target/test-dir/MiniOzoneClusterImpl-db17e535-db34-411d-81ae-c2250ad617e5/datanode-0/data/ratis/ea52bf64-b42d-464a-97f9-41f18346d9fb/current/log_0-14
2019-10-15 04:01:46,813 [7e6dbcba-bf51-49ed-94c0-b704c4b6a7d9@group-41F18346D9FB-SegmentedRaftLogWorker] INFO  segmented.SegmentedRaftLogWorker (SegmentedRaftLogWorker.java:execute(574)) - 7e6dbcba-bf51-49ed-94c0-b704c4b6a7d9@group-41F18346D9FB-SegmentedRaftLogWorker: created new log segment /workdir/hadoop-ozone/integration-test/target/test-dir/MiniOzoneClusterImpl-db17e535-db34-411d-81ae-c2250ad617e5/datanode-3/data/ratis/ea52bf64-b42d-464a-97f9-41f18346d9fb/current/log_inprogress_15
2019-10-15 04:01:46,830 [32aa562e-9d4b-43a6-96a8-df338a0b5f68@group-41F18346D9FB-SegmentedRaftLogWorker] INFO  segmented.SegmentedRaftLogWorker (SegmentedRaftLogWorker.java:execute(574)) - 32aa562e-9d4b-43a6-96a8-df338a0b5f68@group-41F18346D9FB-SegmentedRaftLogWorker: created new log segment /workdir/hadoop-ozone/integration-test/target/test-dir/MiniOzoneClusterImpl-db17e535-db34-411d-81ae-c2250ad617e5/datanode-0/data/ratis/ea52bf64-b42d-464a-97f9-41f18346d9fb/current/log_inprogress_15
2019-10-15 04:01:46,862 [grpc-default-executor-8] WARN  server.GrpcLogAppender (LogUtils.java:warn(134)) - 7e6dbcba-bf51-49ed-94c0-b704c4b6a7d9@group-41F18346D9FB->d407453e-f342-4891-ad71-781bc79e517e-AppendLogResponseHandler: Failed appendEntries: org.apache.ratis.thirdparty.io.grpc.StatusRuntimeException: UNAVAILABLE: io exception
2019-10-15 04:01:46,862 [grpc-default-executor-8] INFO  impl.FollowerInfo (FollowerInfo.java:lambda$new$0(51)) - 7e6dbcba-bf51-49ed-94c0-b704c4b6a7d9@group-41F18346D9FB->d407453e-f342-4891-ad71-781bc79e517e: nextIndex: updateUnconditionally 2 -> 1
2019-10-15 04:01:46,871 [grpc-default-executor-7] WARN  server.GrpcLogAppender (LogUtils.java:warn(134)) - 7e6dbcba-bf51-49ed-94c0-b704c4b6a7d9@group-41F18346D9FB->d407453e-f342-4891-ad71-781bc79e517e-AppendLogResponseHandler: Failed appendEntries: org.apache.ratis.thirdparty.io.grpc.StatusRuntimeException: UNAVAILABLE: io exception
2019-10-15 04:01:46,872 [grpc-default-executor-7] INFO  impl.FollowerInfo (FollowerInfo.java:lambda$new$0(51)) - 7e6dbcba-bf51-49ed-94c0-b704c4b6a7d9@group-41F18346D9FB->d407453e-f342-4891-ad71-781bc79e517e: nextIndex: updateUnconditionally 2 -> 1
04:01:47.665 [grpc-default-executor-7] ERROR DNAudit - user=null | ip=null | op=WRITE_CHUNK {blockData=conID: 1 locID: 102964401700339725 bcsId: 13} | ret=FAILURE
org.apache.hadoop.hdds.scm.container.common.helpers.ContainerNotOpenException: Container 1 in CLOSING state
	at org.apache.hadoop.ozone.container.common.impl.HddsDispatcher.validateContainerCommand(HddsDispatcher.java:436) ~[hadoop-hdds-container-service-0.5.0-SNAPSHOT.jar:?]
	at org.apache.hadoop.ozone.container.common.transport.server.ratis.ContainerStateMachine.startTransaction(ContainerStateMachine.java:320) ~[hadoop-hdds-container-service-0.5.0-SNAPSHOT.jar:?]
	at org.apache.ratis.server.impl.RaftServerImpl.submitClientRequestAsync(RaftServerImpl.java:569) ~[ratis-server-0.5.0-201fc85-SNAPSHOT.jar:0.5.0-201fc85-SNAPSHOT]
	at org.apache.ratis.server.impl.RaftServerProxy.lambda$submitClientRequestAsync$7(RaftServerProxy.java:333) ~[ratis-server-0.5.0-201fc85-SNAPSHOT.jar:0.5.0-201fc85-SNAPSHOT]
	at org.apache.ratis.server.impl.RaftServerProxy.lambda$null$5(RaftServerProxy.java:328) ~[ratis-server-0.5.0-201fc85-SNAPSHOT.jar:0.5.0-201fc85-SNAPSHOT]
	at org.apache.ratis.util.JavaUtils.callAsUnchecked(JavaUtils.java:109) ~[ratis-common-0.5.0-201fc85-SNAPSHOT.jar:0.5.0-201fc85-SNAPSHOT]
	at org.apache.ratis.server.impl.RaftServerProxy.lambda$submitRequest$6(RaftServerProxy.java:328) ~[ratis-server-0.5.0-201fc85-SNAPSHOT.jar:0.5.0-201fc85-SNAPSHOT]
	at java.util.concurrent.CompletableFuture.uniComposeStage(CompletableFuture.java:981) ~[?:1.8.0_212]
	at java.util.concurrent.CompletableFuture.thenCompose(CompletableFuture.java:2124) ~[?:1.8.0_212]
	at org.apache.ratis.server.impl.RaftServerProxy.submitRequest(RaftServerProxy.java:327) ~[ratis-server-0.5.0-201fc85-SNAPSHOT.jar:0.5.0-201fc85-SNAPSHOT]
	at org.apache.ratis.server.impl.RaftServerProxy.submitClientRequestAsync(RaftServerProxy.java:333) ~[ratis-server-0.5.0-201fc85-SNAPSHOT.jar:0.5.0-201fc85-SNAPSHOT]
	at org.apache.ratis.grpc.client.GrpcClientProtocolService$RequestStreamObserver.processClientRequest(GrpcClientProtocolService.java:220) ~[ratis-grpc-0.5.0-201fc85-SNAPSHOT.jar:0.5.0-201fc85-SNAPSHOT]
	at org.apache.ratis.grpc.client.GrpcClientProtocolService$OrderedRequestStreamObserver.processClientRequest(GrpcClientProtocolService.java:326) ~[ratis-grpc-0.5.0-201fc85-SNAPSHOT.jar:0.5.0-201fc85-SNAPSHOT]
	at org.apache.ratis.util.SlidingWindow$Server.processRequestsFromHead(SlidingWindow.java:429) [ratis-common-0.5.0-201fc85-SNAPSHOT.jar:0.5.0-201fc85-SNAPSHOT]
	at org.apache.ratis.util.SlidingWindow$Server.receivedRequest(SlidingWindow.java:421) [ratis-common-0.5.0-201fc85-SNAPSHOT.jar:0.5.0-201fc85-SNAPSHOT]
	at org.apache.ratis.grpc.client.GrpcClientProtocolService$OrderedRequestStreamObserver.processClientRequest(GrpcClientProtocolService.java:345) [ratis-grpc-0.5.0-201fc85-SNAPSHOT.jar:0.5.0-201fc85-SNAPSHOT]
	at org.apache.ratis.grpc.client.GrpcClientProtocolService$RequestStreamObserver.onNext(GrpcClientProtocolService.java:240) [ratis-grpc-0.5.0-201fc85-SNAPSHOT.jar:0.5.0-201fc85-SNAPSHOT]
	at org.apache.ratis.grpc.client.GrpcClientProtocolService$RequestStreamObserver.onNext(GrpcClientProtocolService.java:168) [ratis-grpc-0.5.0-201fc85-SNAPSHOT.jar:0.5.0-201fc85-SNAPSHOT]
	at org.apache.ratis.thirdparty.io.grpc.stub.ServerCalls$StreamingServerCallHandler$StreamingServerCallListener.onMessage(ServerCalls.java:248) [ratis-thirdparty-misc-0.2.0.jar:0.2.0]
	at org.apache.ratis.thirdparty.io.grpc.internal.ServerCallImpl$ServerStreamListenerImpl.messagesAvailable(ServerCallImpl.java:263) [ratis-thirdparty-misc-0.2.0.jar:0.2.0]
	at org.apache.ratis.thirdparty.io.grpc.internal.ServerImpl$JumpToApplicationThreadServerStreamListener$1MessagesAvailable.runInContext(ServerImpl.java:686) [ratis-thirdparty-misc-0.2.0.jar:0.2.0]
	at org.apache.ratis.thirdparty.io.grpc.internal.ContextRunnable.run(ContextRunnable.java:37) [ratis-thirdparty-misc-0.2.0.jar:0.2.0]
	at org.apache.ratis.thirdparty.io.grpc.internal.SerializingExecutor.run(SerializingExecutor.java:123) [ratis-thirdparty-misc-0.2.0.jar:0.2.0]
	at java.util.concurrent.ThreadPoolExecutor.runWorker(ThreadPoolExecutor.java:1149) [?:1.8.0_212]
	at java.util.concurrent.ThreadPoolExecutor$Worker.run(ThreadPoolExecutor.java:624) [?:1.8.0_212]
	at java.lang.Thread.run(Thread.java:748) [?:1.8.0_212]
04:01:47.684 [grpc-default-executor-1] ERROR DNAudit - user=null | ip=null | op=WRITE_CHUNK {blockData=conID: 1 locID: 102964401700339725 bcsId: 13} | ret=FAILURE
org.apache.hadoop.hdds.scm.container.common.helpers.ContainerNotOpenException: Container 1 in CLOSING state
	at org.apache.hadoop.ozone.container.common.impl.HddsDispatcher.validateContainerCommand(HddsDispatcher.java:436) ~[hadoop-hdds-container-service-0.5.0-SNAPSHOT.jar:?]
	at org.apache.hadoop.ozone.container.common.transport.server.ratis.ContainerStateMachine.startTransaction(ContainerStateMachine.java:320) ~[hadoop-hdds-container-service-0.5.0-SNAPSHOT.jar:?]
	at org.apache.ratis.server.impl.RaftServerImpl.submitClientRequestAsync(RaftServerImpl.java:569) ~[ratis-server-0.5.0-201fc85-SNAPSHOT.jar:0.5.0-201fc85-SNAPSHOT]
	at org.apache.ratis.server.impl.RaftServerProxy.lambda$submitClientRequestAsync$7(RaftServerProxy.java:333) ~[ratis-server-0.5.0-201fc85-SNAPSHOT.jar:0.5.0-201fc85-SNAPSHOT]
	at org.apache.ratis.server.impl.RaftServerProxy.lambda$null$5(RaftServerProxy.java:328) ~[ratis-server-0.5.0-201fc85-SNAPSHOT.jar:0.5.0-201fc85-SNAPSHOT]
	at org.apache.ratis.util.JavaUtils.callAsUnchecked(JavaUtils.java:109) ~[ratis-common-0.5.0-201fc85-SNAPSHOT.jar:0.5.0-201fc85-SNAPSHOT]
	at org.apache.ratis.server.impl.RaftServerProxy.lambda$submitRequest$6(RaftServerProxy.java:328) ~[ratis-server-0.5.0-201fc85-SNAPSHOT.jar:0.5.0-201fc85-SNAPSHOT]
	at java.util.concurrent.CompletableFuture.uniComposeStage(CompletableFuture.java:981) ~[?:1.8.0_212]
	at java.util.concurrent.CompletableFuture.thenCompose(CompletableFuture.java:2124) ~[?:1.8.0_212]
	at org.apache.ratis.server.impl.RaftServerProxy.submitRequest(RaftServerProxy.java:327) ~[ratis-server-0.5.0-201fc85-SNAPSHOT.jar:0.5.0-201fc85-SNAPSHOT]
	at org.apache.ratis.server.impl.RaftServerProxy.submitClientRequestAsync(RaftServerProxy.java:333) ~[ratis-server-0.5.0-201fc85-SNAPSHOT.jar:0.5.0-201fc85-SNAPSHOT]
	at org.apache.ratis.grpc.client.GrpcClientProtocolService$RequestStreamObserver.processClientRequest(GrpcClientProtocolService.java:220) ~[ratis-grpc-0.5.0-201fc85-SNAPSHOT.jar:0.5.0-201fc85-SNAPSHOT]
	at org.apache.ratis.grpc.client.GrpcClientProtocolService$OrderedRequestStreamObserver.processClientRequest(GrpcClientProtocolService.java:326) ~[ratis-grpc-0.5.0-201fc85-SNAPSHOT.jar:0.5.0-201fc85-SNAPSHOT]
	at org.apache.ratis.util.SlidingWindow$Server.processRequestsFromHead(SlidingWindow.java:429) [ratis-common-0.5.0-201fc85-SNAPSHOT.jar:0.5.0-201fc85-SNAPSHOT]
	at org.apache.ratis.util.SlidingWindow$Server.receivedRequest(SlidingWindow.java:421) [ratis-common-0.5.0-201fc85-SNAPSHOT.jar:0.5.0-201fc85-SNAPSHOT]
	at org.apache.ratis.grpc.client.GrpcClientProtocolService$OrderedRequestStreamObserver.processClientRequest(GrpcClientProtocolService.java:345) [ratis-grpc-0.5.0-201fc85-SNAPSHOT.jar:0.5.0-201fc85-SNAPSHOT]
	at org.apache.ratis.grpc.client.GrpcClientProtocolService$RequestStreamObserver.onNext(GrpcClientProtocolService.java:240) [ratis-grpc-0.5.0-201fc85-SNAPSHOT.jar:0.5.0-201fc85-SNAPSHOT]
	at org.apache.ratis.grpc.client.GrpcClientProtocolService$RequestStreamObserver.onNext(GrpcClientProtocolService.java:168) [ratis-grpc-0.5.0-201fc85-SNAPSHOT.jar:0.5.0-201fc85-SNAPSHOT]
	at org.apache.ratis.thirdparty.io.grpc.stub.ServerCalls$StreamingServerCallHandler$StreamingServerCallListener.onMessage(ServerCalls.java:248) [ratis-thirdparty-misc-0.2.0.jar:0.2.0]
	at org.apache.ratis.thirdparty.io.grpc.internal.ServerCallImpl$ServerStreamListenerImpl.messagesAvailable(ServerCallImpl.java:263) [ratis-thirdparty-misc-0.2.0.jar:0.2.0]
	at org.apache.ratis.thirdparty.io.grpc.internal.ServerImpl$JumpToApplicationThreadServerStreamListener$1MessagesAvailable.runInContext(ServerImpl.java:686) [ratis-thirdparty-misc-0.2.0.jar:0.2.0]
	at org.apache.ratis.thirdparty.io.grpc.internal.ContextRunnable.run(ContextRunnable.java:37) [ratis-thirdparty-misc-0.2.0.jar:0.2.0]
	at org.apache.ratis.thirdparty.io.grpc.internal.SerializingExecutor.run(SerializingExecutor.java:123) [ratis-thirdparty-misc-0.2.0.jar:0.2.0]
	at java.util.concurrent.ThreadPoolExecutor.runWorker(ThreadPoolExecutor.java:1149) [?:1.8.0_212]
	at java.util.concurrent.ThreadPoolExecutor$Worker.run(ThreadPoolExecutor.java:624) [?:1.8.0_212]
	at java.lang.Thread.run(Thread.java:748) [?:1.8.0_212]
04:01:47.687 [grpc-default-executor-1] ERROR DNAudit - user=null | ip=null | op=PUT_BLOCK {blockData=[blockId=conID: 1 locID: 102964401700339725 bcsId: 0,size=650]} | ret=FAILURE
org.apache.hadoop.hdds.scm.container.common.helpers.ContainerNotOpenException: Container 1 in CLOSING state
	at org.apache.hadoop.ozone.container.common.impl.HddsDispatcher.validateContainerCommand(HddsDispatcher.java:436) ~[hadoop-hdds-container-service-0.5.0-SNAPSHOT.jar:?]
	at org.apache.hadoop.ozone.container.common.transport.server.ratis.ContainerStateMachine.startTransaction(ContainerStateMachine.java:320) ~[hadoop-hdds-container-service-0.5.0-SNAPSHOT.jar:?]
	at org.apache.ratis.server.impl.RaftServerImpl.submitClientRequestAsync(RaftServerImpl.java:569) ~[ratis-server-0.5.0-201fc85-SNAPSHOT.jar:0.5.0-201fc85-SNAPSHOT]
	at org.apache.ratis.server.impl.RaftServerProxy.lambda$submitClientRequestAsync$7(RaftServerProxy.java:333) ~[ratis-server-0.5.0-201fc85-SNAPSHOT.jar:0.5.0-201fc85-SNAPSHOT]
	at org.apache.ratis.server.impl.RaftServerProxy.lambda$null$5(RaftServerProxy.java:328) ~[ratis-server-0.5.0-201fc85-SNAPSHOT.jar:0.5.0-201fc85-SNAPSHOT]
	at org.apache.ratis.util.JavaUtils.callAsUnchecked(JavaUtils.java:109) ~[ratis-common-0.5.0-201fc85-SNAPSHOT.jar:0.5.0-201fc85-SNAPSHOT]
	at org.apache.ratis.server.impl.RaftServerProxy.lambda$submitRequest$6(RaftServerProxy.java:328) ~[ratis-server-0.5.0-201fc85-SNAPSHOT.jar:0.5.0-201fc85-SNAPSHOT]
	at java.util.concurrent.CompletableFuture.uniComposeStage(CompletableFuture.java:981) ~[?:1.8.0_212]
	at java.util.concurrent.CompletableFuture.thenCompose(CompletableFuture.java:2124) ~[?:1.8.0_212]
	at org.apache.ratis.server.impl.RaftServerProxy.submitRequest(RaftServerProxy.java:327) ~[ratis-server-0.5.0-201fc85-SNAPSHOT.jar:0.5.0-201fc85-SNAPSHOT]
	at org.apache.ratis.server.impl.RaftServerProxy.submitClientRequestAsync(RaftServerProxy.java:333) ~[ratis-server-0.5.0-201fc85-SNAPSHOT.jar:0.5.0-201fc85-SNAPSHOT]
	at org.apache.ratis.grpc.client.GrpcClientProtocolService$RequestStreamObserver.processClientRequest(GrpcClientProtocolService.java:220) ~[ratis-grpc-0.5.0-201fc85-SNAPSHOT.jar:0.5.0-201fc85-SNAPSHOT]
	at org.apache.ratis.grpc.client.GrpcClientProtocolService$OrderedRequestStreamObserver.processClientRequest(GrpcClientProtocolService.java:326) ~[ratis-grpc-0.5.0-201fc85-SNAPSHOT.jar:0.5.0-201fc85-SNAPSHOT]
	at org.apache.ratis.util.SlidingWindow$Server.processRequestsFromHead(SlidingWindow.java:429) [ratis-common-0.5.0-201fc85-SNAPSHOT.jar:0.5.0-201fc85-SNAPSHOT]
	at org.apache.ratis.util.SlidingWindow$Server.receivedRequest(SlidingWindow.java:421) [ratis-common-0.5.0-201fc85-SNAPSHOT.jar:0.5.0-201fc85-SNAPSHOT]
	at org.apache.ratis.grpc.client.GrpcClientProtocolService$OrderedRequestStreamObserver.processClientRequest(GrpcClientProtocolService.java:345) [ratis-grpc-0.5.0-201fc85-SNAPSHOT.jar:0.5.0-201fc85-SNAPSHOT]
	at org.apache.ratis.grpc.client.GrpcClientProtocolService$RequestStreamObserver.onNext(GrpcClientProtocolService.java:240) [ratis-grpc-0.5.0-201fc85-SNAPSHOT.jar:0.5.0-201fc85-SNAPSHOT]
	at org.apache.ratis.grpc.client.GrpcClientProtocolService$RequestStreamObserver.onNext(GrpcClientProtocolService.java:168) [ratis-grpc-0.5.0-201fc85-SNAPSHOT.jar:0.5.0-201fc85-SNAPSHOT]
	at org.apache.ratis.thirdparty.io.grpc.stub.ServerCalls$StreamingServerCallHandler$StreamingServerCallListener.onMessage(ServerCalls.java:248) [ratis-thirdparty-misc-0.2.0.jar:0.2.0]
	at org.apache.ratis.thirdparty.io.grpc.internal.ServerCallImpl$ServerStreamListenerImpl.messagesAvailable(ServerCallImpl.java:263) [ratis-thirdparty-misc-0.2.0.jar:0.2.0]
	at org.apache.ratis.thirdparty.io.grpc.internal.ServerImpl$JumpToApplicationThreadServerStreamListener$1MessagesAvailable.runInContext(ServerImpl.java:686) [ratis-thirdparty-misc-0.2.0.jar:0.2.0]
	at org.apache.ratis.thirdparty.io.grpc.internal.ContextRunnable.run(ContextRunnable.java:37) [ratis-thirdparty-misc-0.2.0.jar:0.2.0]
	at org.apache.ratis.thirdparty.io.grpc.internal.SerializingExecutor.run(SerializingExecutor.java:123) [ratis-thirdparty-misc-0.2.0.jar:0.2.0]
	at java.util.concurrent.ThreadPoolExecutor.runWorker(ThreadPoolExecutor.java:1149) [?:1.8.0_212]
	at java.util.concurrent.ThreadPoolExecutor$Worker.run(ThreadPoolExecutor.java:624) [?:1.8.0_212]
	at java.lang.Thread.run(Thread.java:748) [?:1.8.0_212]
04:01:47.695 [grpc-default-executor-1] ERROR DNAudit - user=null | ip=null | op=WRITE_CHUNK {blockData=conID: 1 locID: 102964401700339725 bcsId: 13} | ret=FAILURE
org.apache.hadoop.hdds.scm.container.common.helpers.ContainerNotOpenException: Container 1 in CLOSING state
	at org.apache.hadoop.ozone.container.common.impl.HddsDispatcher.validateContainerCommand(HddsDispatcher.java:436) ~[hadoop-hdds-container-service-0.5.0-SNAPSHOT.jar:?]
	at org.apache.hadoop.ozone.container.common.transport.server.ratis.ContainerStateMachine.startTransaction(ContainerStateMachine.java:320) ~[hadoop-hdds-container-service-0.5.0-SNAPSHOT.jar:?]
	at org.apache.ratis.server.impl.RaftServerImpl.submitClientRequestAsync(RaftServerImpl.java:569) ~[ratis-server-0.5.0-201fc85-SNAPSHOT.jar:0.5.0-201fc85-SNAPSHOT]
	at org.apache.ratis.server.impl.RaftServerProxy.lambda$submitClientRequestAsync$7(RaftServerProxy.java:333) ~[ratis-server-0.5.0-201fc85-SNAPSHOT.jar:0.5.0-201fc85-SNAPSHOT]
	at org.apache.ratis.server.impl.RaftServerProxy.lambda$null$5(RaftServerProxy.java:328) ~[ratis-server-0.5.0-201fc85-SNAPSHOT.jar:0.5.0-201fc85-SNAPSHOT]
	at org.apache.ratis.util.JavaUtils.callAsUnchecked(JavaUtils.java:109) ~[ratis-common-0.5.0-201fc85-SNAPSHOT.jar:0.5.0-201fc85-SNAPSHOT]
	at org.apache.ratis.server.impl.RaftServerProxy.lambda$submitRequest$6(RaftServerProxy.java:328) ~[ratis-server-0.5.0-201fc85-SNAPSHOT.jar:0.5.0-201fc85-SNAPSHOT]
	at java.util.concurrent.CompletableFuture.uniComposeStage(CompletableFuture.java:981) ~[?:1.8.0_212]
	at java.util.concurrent.CompletableFuture.thenCompose(CompletableFuture.java:2124) ~[?:1.8.0_212]
	at org.apache.ratis.server.impl.RaftServerProxy.submitRequest(RaftServerProxy.java:327) ~[ratis-server-0.5.0-201fc85-SNAPSHOT.jar:0.5.0-201fc85-SNAPSHOT]
	at org.apache.ratis.server.impl.RaftServerProxy.submitClientRequestAsync(RaftServerProxy.java:333) ~[ratis-server-0.5.0-201fc85-SNAPSHOT.jar:0.5.0-201fc85-SNAPSHOT]
	at org.apache.ratis.grpc.client.GrpcClientProtocolService$RequestStreamObserver.processClientRequest(GrpcClientProtocolService.java:220) ~[ratis-grpc-0.5.0-201fc85-SNAPSHOT.jar:0.5.0-201fc85-SNAPSHOT]
	at org.apache.ratis.grpc.client.GrpcClientProtocolService$OrderedRequestStreamObserver.processClientRequest(GrpcClientProtocolService.java:326) ~[ratis-grpc-0.5.0-201fc85-SNAPSHOT.jar:0.5.0-201fc85-SNAPSHOT]
	at org.apache.ratis.util.SlidingWindow$Server.processRequestsFromHead(SlidingWindow.java:429) [ratis-common-0.5.0-201fc85-SNAPSHOT.jar:0.5.0-201fc85-SNAPSHOT]
	at org.apache.ratis.util.SlidingWindow$Server.receivedRequest(SlidingWindow.java:421) [ratis-common-0.5.0-201fc85-SNAPSHOT.jar:0.5.0-201fc85-SNAPSHOT]
	at org.apache.ratis.grpc.client.GrpcClientProtocolService$OrderedRequestStreamObserver.processClientRequest(GrpcClientProtocolService.java:345) [ratis-grpc-0.5.0-201fc85-SNAPSHOT.jar:0.5.0-201fc85-SNAPSHOT]
	at org.apache.ratis.grpc.client.GrpcClientProtocolService$RequestStreamObserver.onNext(GrpcClientProtocolService.java:240) [ratis-grpc-0.5.0-201fc85-SNAPSHOT.jar:0.5.0-201fc85-SNAPSHOT]
	at org.apache.ratis.grpc.client.GrpcClientProtocolService$RequestStreamObserver.onNext(GrpcClientProtocolService.java:168) [ratis-grpc-0.5.0-201fc85-SNAPSHOT.jar:0.5.0-201fc85-SNAPSHOT]
	at org.apache.ratis.thirdparty.io.grpc.stub.ServerCalls$StreamingServerCallHandler$StreamingServerCallListener.onMessage(ServerCalls.java:248) [ratis-thirdparty-misc-0.2.0.jar:0.2.0]
	at org.apache.ratis.thirdparty.io.grpc.internal.ServerCallImpl$ServerStreamListenerImpl.messagesAvailable(ServerCallImpl.java:263) [ratis-thirdparty-misc-0.2.0.jar:0.2.0]
	at org.apache.ratis.thirdparty.io.grpc.internal.ServerImpl$JumpToApplicationThreadServerStreamListener$1MessagesAvailable.runInContext(ServerImpl.java:686) [ratis-thirdparty-misc-0.2.0.jar:0.2.0]
	at org.apache.ratis.thirdparty.io.grpc.internal.ContextRunnable.run(ContextRunnable.java:37) [ratis-thirdparty-misc-0.2.0.jar:0.2.0]
	at org.apache.ratis.thirdparty.io.grpc.internal.SerializingExecutor.run(SerializingExecutor.java:123) [ratis-thirdparty-misc-0.2.0.jar:0.2.0]
	at java.util.concurrent.ThreadPoolExecutor.runWorker(ThreadPoolExecutor.java:1149) [?:1.8.0_212]
	at java.util.concurrent.ThreadPoolExecutor$Worker.run(ThreadPoolExecutor.java:624) [?:1.8.0_212]
	at java.lang.Thread.run(Thread.java:748) [?:1.8.0_212]
04:01:47.705 [grpc-default-executor-1] ERROR DNAudit - user=null | ip=null | op=WRITE_CHUNK {blockData=conID: 1 locID: 102964401700339725 bcsId: 13} | ret=FAILURE
org.apache.hadoop.hdds.scm.container.common.helpers.ContainerNotOpenException: Container 1 in CLOSING state
	at org.apache.hadoop.ozone.container.common.impl.HddsDispatcher.validateContainerCommand(HddsDispatcher.java:436) ~[hadoop-hdds-container-service-0.5.0-SNAPSHOT.jar:?]
	at org.apache.hadoop.ozone.container.common.transport.server.ratis.ContainerStateMachine.startTransaction(ContainerStateMachine.java:320) ~[hadoop-hdds-container-service-0.5.0-SNAPSHOT.jar:?]
	at org.apache.ratis.server.impl.RaftServerImpl.submitClientRequestAsync(RaftServerImpl.java:569) ~[ratis-server-0.5.0-201fc85-SNAPSHOT.jar:0.5.0-201fc85-SNAPSHOT]
	at org.apache.ratis.server.impl.RaftServerProxy.lambda$submitClientRequestAsync$7(RaftServerProxy.java:333) ~[ratis-server-0.5.0-201fc85-SNAPSHOT.jar:0.5.0-201fc85-SNAPSHOT]
	at org.apache.ratis.server.impl.RaftServerProxy.lambda$null$5(RaftServerProxy.java:328) ~[ratis-server-0.5.0-201fc85-SNAPSHOT.jar:0.5.0-201fc85-SNAPSHOT]
	at org.apache.ratis.util.JavaUtils.callAsUnchecked(JavaUtils.java:109) ~[ratis-common-0.5.0-201fc85-SNAPSHOT.jar:0.5.0-201fc85-SNAPSHOT]
	at org.apache.ratis.server.impl.RaftServerProxy.lambda$submitRequest$6(RaftServerProxy.java:328) ~[ratis-server-0.5.0-201fc85-SNAPSHOT.jar:0.5.0-201fc85-SNAPSHOT]
	at java.util.concurrent.CompletableFuture.uniComposeStage(CompletableFuture.java:981) ~[?:1.8.0_212]
	at java.util.concurrent.CompletableFuture.thenCompose(CompletableFuture.java:2124) ~[?:1.8.0_212]
	at org.apache.ratis.server.impl.RaftServerProxy.submitRequest(RaftServerProxy.java:327) ~[ratis-server-0.5.0-201fc85-SNAPSHOT.jar:0.5.0-201fc85-SNAPSHOT]
	at org.apache.ratis.server.impl.RaftServerProxy.submitClientRequestAsync(RaftServerProxy.java:333) ~[ratis-server-0.5.0-201fc85-SNAPSHOT.jar:0.5.0-201fc85-SNAPSHOT]
	at org.apache.ratis.grpc.client.GrpcClientProtocolService$RequestStreamObserver.processClientRequest(GrpcClientProtocolService.java:220) ~[ratis-grpc-0.5.0-201fc85-SNAPSHOT.jar:0.5.0-201fc85-SNAPSHOT]
	at org.apache.ratis.grpc.client.GrpcClientProtocolService$OrderedRequestStreamObserver.processClientRequest(GrpcClientProtocolService.java:326) ~[ratis-grpc-0.5.0-201fc85-SNAPSHOT.jar:0.5.0-201fc85-SNAPSHOT]
	at org.apache.ratis.util.SlidingWindow$Server.processRequestsFromHead(SlidingWindow.java:429) [ratis-common-0.5.0-201fc85-SNAPSHOT.jar:0.5.0-201fc85-SNAPSHOT]
	at org.apache.ratis.util.SlidingWindow$Server.receivedRequest(SlidingWindow.java:421) [ratis-common-0.5.0-201fc85-SNAPSHOT.jar:0.5.0-201fc85-SNAPSHOT]
	at org.apache.ratis.grpc.client.GrpcClientProtocolService$OrderedRequestStreamObserver.processClientRequest(GrpcClientProtocolService.java:345) [ratis-grpc-0.5.0-201fc85-SNAPSHOT.jar:0.5.0-201fc85-SNAPSHOT]
	at org.apache.ratis.grpc.client.GrpcClientProtocolService$RequestStreamObserver.onNext(GrpcClientProtocolService.java:240) [ratis-grpc-0.5.0-201fc85-SNAPSHOT.jar:0.5.0-201fc85-SNAPSHOT]
	at org.apache.ratis.grpc.client.GrpcClientProtocolService$RequestStreamObserver.onNext(GrpcClientProtocolService.java:168) [ratis-grpc-0.5.0-201fc85-SNAPSHOT.jar:0.5.0-201fc85-SNAPSHOT]
	at org.apache.ratis.thirdparty.io.grpc.stub.ServerCalls$StreamingServerCallHandler$StreamingServerCallListener.onMessage(ServerCalls.java:248) [ratis-thirdparty-misc-0.2.0.jar:0.2.0]
	at org.apache.ratis.thirdparty.io.grpc.internal.ServerCallImpl$ServerStreamListenerImpl.messagesAvailable(ServerCallImpl.java:263) [ratis-thirdparty-misc-0.2.0.jar:0.2.0]
	at org.apache.ratis.thirdparty.io.grpc.internal.ServerImpl$JumpToApplicationThreadServerStreamListener$1MessagesAvailable.runInContext(ServerImpl.java:686) [ratis-thirdparty-misc-0.2.0.jar:0.2.0]
	at org.apache.ratis.thirdparty.io.grpc.internal.ContextRunnable.run(ContextRunnable.java:37) [ratis-thirdparty-misc-0.2.0.jar:0.2.0]
	at org.apache.ratis.thirdparty.io.grpc.internal.SerializingExecutor.run(SerializingExecutor.java:123) [ratis-thirdparty-misc-0.2.0.jar:0.2.0]
	at java.util.concurrent.ThreadPoolExecutor.runWorker(ThreadPoolExecutor.java:1149) [?:1.8.0_212]
	at java.util.concurrent.ThreadPoolExecutor$Worker.run(ThreadPoolExecutor.java:624) [?:1.8.0_212]
	at java.lang.Thread.run(Thread.java:748) [?:1.8.0_212]
04:01:47.712 [grpc-default-executor-1] ERROR DNAudit - user=null | ip=null | op=PUT_BLOCK {blockData=[blockId=conID: 1 locID: 102964401700339725 bcsId: 0,size=800]} | ret=FAILURE
org.apache.hadoop.hdds.scm.container.common.helpers.ContainerNotOpenException: Container 1 in CLOSING state
	at org.apache.hadoop.ozone.container.common.impl.HddsDispatcher.validateContainerCommand(HddsDispatcher.java:436) ~[hadoop-hdds-container-service-0.5.0-SNAPSHOT.jar:?]
	at org.apache.hadoop.ozone.container.common.transport.server.ratis.ContainerStateMachine.startTransaction(ContainerStateMachine.java:320) ~[hadoop-hdds-container-service-0.5.0-SNAPSHOT.jar:?]
	at org.apache.ratis.server.impl.RaftServerImpl.submitClientRequestAsync(RaftServerImpl.java:569) ~[ratis-server-0.5.0-201fc85-SNAPSHOT.jar:0.5.0-201fc85-SNAPSHOT]
	at org.apache.ratis.server.impl.RaftServerProxy.lambda$submitClientRequestAsync$7(RaftServerProxy.java:333) ~[ratis-server-0.5.0-201fc85-SNAPSHOT.jar:0.5.0-201fc85-SNAPSHOT]
	at org.apache.ratis.server.impl.RaftServerProxy.lambda$null$5(RaftServerProxy.java:328) ~[ratis-server-0.5.0-201fc85-SNAPSHOT.jar:0.5.0-201fc85-SNAPSHOT]
	at org.apache.ratis.util.JavaUtils.callAsUnchecked(JavaUtils.java:109) ~[ratis-common-0.5.0-201fc85-SNAPSHOT.jar:0.5.0-201fc85-SNAPSHOT]
	at org.apache.ratis.server.impl.RaftServerProxy.lambda$submitRequest$6(RaftServerProxy.java:328) ~[ratis-server-0.5.0-201fc85-SNAPSHOT.jar:0.5.0-201fc85-SNAPSHOT]
	at java.util.concurrent.CompletableFuture.uniComposeStage(CompletableFuture.java:981) ~[?:1.8.0_212]
	at java.util.concurrent.CompletableFuture.thenCompose(CompletableFuture.java:2124) ~[?:1.8.0_212]
	at org.apache.ratis.server.impl.RaftServerProxy.submitRequest(RaftServerProxy.java:327) ~[ratis-server-0.5.0-201fc85-SNAPSHOT.jar:0.5.0-201fc85-SNAPSHOT]
	at org.apache.ratis.server.impl.RaftServerProxy.submitClientRequestAsync(RaftServerProxy.java:333) ~[ratis-server-0.5.0-201fc85-SNAPSHOT.jar:0.5.0-201fc85-SNAPSHOT]
	at org.apache.ratis.grpc.client.GrpcClientProtocolService$RequestStreamObserver.processClientRequest(GrpcClientProtocolService.java:220) ~[ratis-grpc-0.5.0-201fc85-SNAPSHOT.jar:0.5.0-201fc85-SNAPSHOT]
	at org.apache.ratis.grpc.client.GrpcClientProtocolService$OrderedRequestStreamObserver.processClientRequest(GrpcClientProtocolService.java:326) ~[ratis-grpc-0.5.0-201fc85-SNAPSHOT.jar:0.5.0-201fc85-SNAPSHOT]
	at org.apache.ratis.util.SlidingWindow$Server.processRequestsFromHead(SlidingWindow.java:429) [ratis-common-0.5.0-201fc85-SNAPSHOT.jar:0.5.0-201fc85-SNAPSHOT]
	at org.apache.ratis.util.SlidingWindow$Server.receivedRequest(SlidingWindow.java:421) [ratis-common-0.5.0-201fc85-SNAPSHOT.jar:0.5.0-201fc85-SNAPSHOT]
	at org.apache.ratis.grpc.client.GrpcClientProtocolService$OrderedRequestStreamObserver.processClientRequest(GrpcClientProtocolService.java:345) [ratis-grpc-0.5.0-201fc85-SNAPSHOT.jar:0.5.0-201fc85-SNAPSHOT]
	at org.apache.ratis.grpc.client.GrpcClientProtocolService$RequestStreamObserver.onNext(GrpcClientProtocolService.java:240) [ratis-grpc-0.5.0-201fc85-SNAPSHOT.jar:0.5.0-201fc85-SNAPSHOT]
	at org.apache.ratis.grpc.client.GrpcClientProtocolService$RequestStreamObserver.onNext(GrpcClientProtocolService.java:168) [ratis-grpc-0.5.0-201fc85-SNAPSHOT.jar:0.5.0-201fc85-SNAPSHOT]
	at org.apache.ratis.thirdparty.io.grpc.stub.ServerCalls$StreamingServerCallHandler$StreamingServerCallListener.onMessage(ServerCalls.java:248) [ratis-thirdparty-misc-0.2.0.jar:0.2.0]
	at org.apache.ratis.thirdparty.io.grpc.internal.ServerCallImpl$ServerStreamListenerImpl.messagesAvailable(ServerCallImpl.java:263) [ratis-thirdparty-misc-0.2.0.jar:0.2.0]
	at org.apache.ratis.thirdparty.io.grpc.internal.ServerImpl$JumpToApplicationThreadServerStreamListener$1MessagesAvailable.runInContext(ServerImpl.java:686) [ratis-thirdparty-misc-0.2.0.jar:0.2.0]
	at org.apache.ratis.thirdparty.io.grpc.internal.ContextRunnable.run(ContextRunnable.java:37) [ratis-thirdparty-misc-0.2.0.jar:0.2.0]
	at org.apache.ratis.thirdparty.io.grpc.internal.SerializingExecutor.run(SerializingExecutor.java:123) [ratis-thirdparty-misc-0.2.0.jar:0.2.0]
	at java.util.concurrent.ThreadPoolExecutor.runWorker(ThreadPoolExecutor.java:1149) [?:1.8.0_212]
	at java.util.concurrent.ThreadPoolExecutor$Worker.run(ThreadPoolExecutor.java:624) [?:1.8.0_212]
	at java.lang.Thread.run(Thread.java:748) [?:1.8.0_212]
2019-10-15 04:01:48,651 [main] INFO  ozone.MiniOzoneClusterImpl (MiniOzoneClusterImpl.java:shutdown(314)) - Shutting down the Mini Ozone Cluster
2019-10-15 04:01:48,651 [main] INFO  ozone.MiniOzoneClusterImpl (MiniOzoneClusterImpl.java:stop(330)) - Stopping the Mini Ozone Cluster
2019-10-15 04:01:48,651 [main] INFO  ozone.MiniOzoneClusterImpl (MiniOzoneClusterImpl.java:stopOM(400)) - Stopping the OzoneManager
2019-10-15 04:01:48,651 [main] INFO  ipc.Server (Server.java:stop(3082)) - Stopping server on 38603
2019-10-15 04:01:48,662 [main] INFO  ratis.OzoneManagerDoubleBuffer (OzoneManagerDoubleBuffer.java:stop(250)) - Stopping OMDoubleBuffer flush thread
2019-10-15 04:01:48,662 [IPC Server Responder] INFO  ipc.Server (Server.java:run(1319)) - Stopping IPC Server Responder
2019-10-15 04:01:48,666 [OMDoubleBufferFlushThread] INFO  ratis.OzoneManagerDoubleBuffer (OzoneManagerDoubleBuffer.java:flushTransactions(193)) - OMDoubleBuffer flush thread OMDoubleBufferFlushThread is interrupted and will exit. OMDoubleBufferFlushThread
2019-10-15 04:01:48,666 [IPC Server listener on 38603] INFO  ipc.Server (Server.java:run(1185)) - Stopping IPC Server listener on 38603
2019-10-15 04:01:48,678 [main] INFO  utils.BackgroundService (BackgroundService.java:shutdown(151)) - Shutting down service KeyDeletingService
2019-10-15 04:01:48,680 [main] INFO  handler.ContextHandler (ContextHandler.java:doStop(910)) - Stopped o.e.j.w.WebAppContext@2c48cede{/,null,UNAVAILABLE}{/ozoneManager}
2019-10-15 04:01:48,681 [main] INFO  server.AbstractConnector (AbstractConnector.java:doStop(318)) - Stopped ServerConnector@39c87b42{HTTP/1.1,[http/1.1]}{0.0.0.0:0}
2019-10-15 04:01:48,681 [main] INFO  handler.ContextHandler (ContextHandler.java:doStop(910)) - Stopped o.e.j.s.ServletContextHandler@71d55b7e{/static,file:///workdir/hadoop-ozone/integration-test/target/test-classes/webapps/static,UNAVAILABLE}
2019-10-15 04:01:48,682 [main] INFO  handler.ContextHandler (ContextHandler.java:doStop(910)) - Stopped o.e.j.s.ServletContextHandler@52ba685a{/logs,file:///workdir/hadoop-ozone/integration-test/target/log,UNAVAILABLE}
2019-10-15 04:01:48,683 [main] INFO  ozone.MiniOzoneClusterImpl (MiniOzoneClusterImpl.java:stopDatanodes(377)) - Stopping the HddsDatanodes
2019-10-15 04:01:49,058 [Datanode State Machine Thread - 0] INFO  statemachine.DatanodeStateMachine (DatanodeStateMachine.java:lambda$startDaemon$0(350)) - Ozone container server started.
2019-10-15 04:01:49,059 [Datanode State Machine Thread - 0] INFO  statemachine.DatanodeStateMachine (DatanodeStateMachine.java:lambda$startDaemon$0(350)) - Ozone container server started.
2019-10-15 04:01:49,384 [grpc-default-executor-7] WARN  server.GrpcLogAppender (LogUtils.java:warn(134)) - 7e6dbcba-bf51-49ed-94c0-b704c4b6a7d9@group-41F18346D9FB->d407453e-f342-4891-ad71-781bc79e517e-AppendLogResponseHandler: Failed appendEntries: org.apache.ratis.thirdparty.io.grpc.StatusRuntimeException: UNAVAILABLE: io exception
2019-10-15 04:01:49,385 [grpc-default-executor-7] INFO  impl.FollowerInfo (FollowerInfo.java:lambda$new$0(51)) - 7e6dbcba-bf51-49ed-94c0-b704c4b6a7d9@group-41F18346D9FB->d407453e-f342-4891-ad71-781bc79e517e: nextIndex: updateUnconditionally 1 -> 0
2019-10-15 04:01:51,874 [grpc-default-executor-1] WARN  server.GrpcLogAppender (LogUtils.java:warn(134)) - 7e6dbcba-bf51-49ed-94c0-b704c4b6a7d9@group-41F18346D9FB->d407453e-f342-4891-ad71-781bc79e517e-AppendLogResponseHandler: Failed appendEntries: org.apache.ratis.thirdparty.io.grpc.StatusRuntimeException: UNAVAILABLE: io exception
2019-10-15 04:01:51,875 [grpc-default-executor-1] INFO  impl.FollowerInfo (FollowerInfo.java:lambda$new$0(51)) - 7e6dbcba-bf51-49ed-94c0-b704c4b6a7d9@group-41F18346D9FB->d407453e-f342-4891-ad71-781bc79e517e: nextIndex: updateUnconditionally 0 -> 0
2019-10-15 04:01:53,114 [EventQueue-StaleNodeForStaleNodeHandler] INFO  node.StaleNodeHandler (StaleNodeHandler.java:onMessage(58)) - Datanode ea424b11-7a6c-4478-b56e-288847dd4a2e{ip: 192.168.151.112, host: pr-hdds-2194-gpqhj-1713016619, networkLocation: /default-rack, certSerialId: null} moved to stale state. Finalizing its pipelines [PipelineID=8ef6cdaf-c0c2-4bb3-bbee-555aead5e079, PipelineID=ef076066-84c1-4b9c-973d-bdbea4439059]
2019-10-15 04:01:53,115 [EventQueue-StaleNodeForStaleNodeHandler] INFO  pipeline.SCMPipelineManager (SCMPipelineManager.java:finalizeAndDestroyPipeline(315)) - destroying pipeline:Pipeline[ Id: 8ef6cdaf-c0c2-4bb3-bbee-555aead5e079, Nodes: ea424b11-7a6c-4478-b56e-288847dd4a2e{ip: 192.168.151.112, host: pr-hdds-2194-gpqhj-1713016619, networkLocation: /default-rack, certSerialId: null}, Type:RATIS, Factor:ONE, State:OPEN]
2019-10-15 04:01:53,116 [EventQueue-StaleNodeForStaleNodeHandler] INFO  pipeline.PipelineStateManager (PipelineStateManager.java:finalizePipeline(123)) - Pipeline Pipeline[ Id: 8ef6cdaf-c0c2-4bb3-bbee-555aead5e079, Nodes: ea424b11-7a6c-4478-b56e-288847dd4a2e{ip: 192.168.151.112, host: pr-hdds-2194-gpqhj-1713016619, networkLocation: /default-rack, certSerialId: null}, Type:RATIS, Factor:ONE, State:CLOSED] moved to CLOSED state
2019-10-15 04:01:53,116 [EventQueue-StaleNodeForStaleNodeHandler] INFO  pipeline.SCMPipelineManager (SCMPipelineManager.java:finalizeAndDestroyPipeline(315)) - destroying pipeline:Pipeline[ Id: ef076066-84c1-4b9c-973d-bdbea4439059, Nodes: ea424b11-7a6c-4478-b56e-288847dd4a2e{ip: 192.168.151.112, host: pr-hdds-2194-gpqhj-1713016619, networkLocation: /default-rack, certSerialId: null}65cd6720-3a58-46a5-8350-6eb1d5464001{ip: 192.168.151.112, host: pr-hdds-2194-gpqhj-1713016619, networkLocation: /default-rack, certSerialId: null}67c0e978-24c7-4da3-9562-b8c8cb62c5b8{ip: 192.168.151.112, host: pr-hdds-2194-gpqhj-1713016619, networkLocation: /default-rack, certSerialId: null}, Type:RATIS, Factor:THREE, State:OPEN]
2019-10-15 04:01:53,116 [EventQueue-StaleNodeForStaleNodeHandler] INFO  pipeline.PipelineStateManager (PipelineStateManager.java:finalizePipeline(123)) - Pipeline Pipeline[ Id: ef076066-84c1-4b9c-973d-bdbea4439059, Nodes: ea424b11-7a6c-4478-b56e-288847dd4a2e{ip: 192.168.151.112, host: pr-hdds-2194-gpqhj-1713016619, networkLocation: /default-rack, certSerialId: null}65cd6720-3a58-46a5-8350-6eb1d5464001{ip: 192.168.151.112, host: pr-hdds-2194-gpqhj-1713016619, networkLocation: /default-rack, certSerialId: null}67c0e978-24c7-4da3-9562-b8c8cb62c5b8{ip: 192.168.151.112, host: pr-hdds-2194-gpqhj-1713016619, networkLocation: /default-rack, certSerialId: null}, Type:RATIS, Factor:THREE, State:CLOSED] moved to CLOSED state
2019-10-15 04:01:53,117 [EventQueue-CloseContainerForCloseContainerEventHandler] INFO  container.CloseContainerEventHandler (CloseContainerEventHandler.java:onMessage(61)) - Close container Event triggered for container : #2
2019-10-15 04:01:53,117 [EventQueue-StaleNodeForStaleNodeHandler] INFO  node.StaleNodeHandler (StaleNodeHandler.java:onMessage(58)) - Datanode 65cd6720-3a58-46a5-8350-6eb1d5464001{ip: 192.168.151.112, host: pr-hdds-2194-gpqhj-1713016619, networkLocation: /default-rack, certSerialId: null} moved to stale state. Finalizing its pipelines [PipelineID=ef076066-84c1-4b9c-973d-bdbea4439059, PipelineID=456f85d9-8c87-4846-842c-a3baa383fc5e]
2019-10-15 04:01:53,121 [EventQueue-StaleNodeForStaleNodeHandler] INFO  pipeline.SCMPipelineManager (SCMPipelineManager.java:finalizeAndDestroyPipeline(315)) - destroying pipeline:Pipeline[ Id: ef076066-84c1-4b9c-973d-bdbea4439059, Nodes: ea424b11-7a6c-4478-b56e-288847dd4a2e{ip: 192.168.151.112, host: pr-hdds-2194-gpqhj-1713016619, networkLocation: /default-rack, certSerialId: null}65cd6720-3a58-46a5-8350-6eb1d5464001{ip: 192.168.151.112, host: pr-hdds-2194-gpqhj-1713016619, networkLocation: /default-rack, certSerialId: null}67c0e978-24c7-4da3-9562-b8c8cb62c5b8{ip: 192.168.151.112, host: pr-hdds-2194-gpqhj-1713016619, networkLocation: /default-rack, certSerialId: null}, Type:RATIS, Factor:THREE, State:CLOSED]
2019-10-15 04:01:53,122 [EventQueue-StaleNodeForStaleNodeHandler] INFO  pipeline.SCMPipelineManager (SCMPipelineManager.java:finalizeAndDestroyPipeline(315)) - destroying pipeline:Pipeline[ Id: 456f85d9-8c87-4846-842c-a3baa383fc5e, Nodes: 65cd6720-3a58-46a5-8350-6eb1d5464001{ip: 192.168.151.112, host: pr-hdds-2194-gpqhj-1713016619, networkLocation: /default-rack, certSerialId: null}, Type:RATIS, Factor:ONE, State:OPEN]
2019-10-15 04:01:53,122 [EventQueue-StaleNodeForStaleNodeHandler] INFO  pipeline.PipelineStateManager (PipelineStateManager.java:finalizePipeline(123)) - Pipeline Pipeline[ Id: 456f85d9-8c87-4846-842c-a3baa383fc5e, Nodes: 65cd6720-3a58-46a5-8350-6eb1d5464001{ip: 192.168.151.112, host: pr-hdds-2194-gpqhj-1713016619, networkLocation: /default-rack, certSerialId: null}, Type:RATIS, Factor:ONE, State:CLOSED] moved to CLOSED state
2019-10-15 04:01:53,685 [main] INFO  ozoneimpl.OzoneContainer (OzoneContainer.java:stop(227)) - Attempting to stop container services.
2019-10-15 04:01:53,685 [ForkJoinPool.commonPool-worker-0] INFO  ozoneimpl.OzoneContainer (OzoneContainer.java:stop(227)) - Attempting to stop container services.
2019-10-15 04:01:53,690 [main] INFO  impl.RaftServerProxy (RaftServerProxy.java:lambda$close$4(314)) - ea424b11-7a6c-4478-b56e-288847dd4a2e: close
2019-10-15 04:01:53,690 [ForkJoinPool.commonPool-worker-0] INFO  impl.RaftServerProxy (RaftServerProxy.java:lambda$close$4(314)) - 65cd6720-3a58-46a5-8350-6eb1d5464001: close
2019-10-15 04:01:53,691 [main] INFO  impl.RaftServerImpl (RaftServerImpl.java:lambda$shutdown$3(247)) - ea424b11-7a6c-4478-b56e-288847dd4a2e@group-555AEAD5E079: shutdown
2019-10-15 04:01:53,691 [ForkJoinPool.commonPool-worker-0] INFO  impl.RaftServerImpl (RaftServerImpl.java:lambda$shutdown$3(247)) - 65cd6720-3a58-46a5-8350-6eb1d5464001@group-BDBEA4439059: shutdown
2019-10-15 04:01:53,691 [main] INFO  util.JmxRegister (JmxRegister.java:unregister(73)) - Successfully un-registered JMX Bean with object name Ratis:service=RaftServer,group=group-555AEAD5E079,id=ea424b11-7a6c-4478-b56e-288847dd4a2e
2019-10-15 04:01:53,691 [ForkJoinPool.commonPool-worker-0] INFO  util.JmxRegister (JmxRegister.java:unregister(73)) - Successfully un-registered JMX Bean with object name Ratis:service=RaftServer,group=group-BDBEA4439059,id=65cd6720-3a58-46a5-8350-6eb1d5464001
2019-10-15 04:01:53,692 [ForkJoinPool.commonPool-worker-0] INFO  impl.RoleInfo (RoleInfo.java:shutdownFollowerState(121)) - 65cd6720-3a58-46a5-8350-6eb1d5464001: shutdown FollowerState
2019-10-15 04:01:53,692 [main] INFO  impl.RoleInfo (RoleInfo.java:shutdownLeaderState(104)) - ea424b11-7a6c-4478-b56e-288847dd4a2e: shutdown LeaderState
2019-10-15 04:01:53,692 [Thread-3229] INFO  impl.FollowerState (FollowerState.java:run(117)) - 65cd6720-3a58-46a5-8350-6eb1d5464001@group-BDBEA4439059-FollowerState was interrupted: java.lang.InterruptedException: sleep interrupted
2019-10-15 04:01:53,692 [ForkJoinPool.commonPool-worker-0] INFO  impl.StateMachineUpdater (StateMachineUpdater.java:stopAndJoin(136)) - 65cd6720-3a58-46a5-8350-6eb1d5464001@group-BDBEA4439059-StateMachineUpdater: set stopIndex = 15
2019-10-15 04:01:53,693 [65cd6720-3a58-46a5-8350-6eb1d5464001@group-BDBEA4439059-StateMachineUpdater] INFO  ratis.ContainerStateMachine (ContainerStateMachine.java:takeSnapshot(294)) - group-BDBEA4439059: Taking a snapshot at:(t:2, i:13) file /workdir/hadoop-ozone/integration-test/target/test-dir/MiniOzoneClusterImpl-db17e535-db34-411d-81ae-c2250ad617e5/datanode-2/data/ratis/ef076066-84c1-4b9c-973d-bdbea4439059/sm/snapshot.2_13
2019-10-15 04:01:53,693 [main] INFO  impl.PendingRequests (PendingRequests.java:sendNotLeaderResponses(202)) - ea424b11-7a6c-4478-b56e-288847dd4a2e@group-555AEAD5E079-PendingRequests: sendNotLeaderResponses
2019-10-15 04:01:53,696 [main] INFO  impl.StateMachineUpdater (StateMachineUpdater.java:stopAndJoin(136)) - ea424b11-7a6c-4478-b56e-288847dd4a2e@group-555AEAD5E079-StateMachineUpdater: set stopIndex = 0
2019-10-15 04:01:53,696 [main] INFO  impl.RaftServerImpl (ServerState.java:close(387)) - ea424b11-7a6c-4478-b56e-288847dd4a2e@group-555AEAD5E079: closes. applyIndex: 0
2019-10-15 04:01:53,697 [ea424b11-7a6c-4478-b56e-288847dd4a2e@group-555AEAD5E079-SegmentedRaftLogWorker] INFO  segmented.SegmentedRaftLogWorker (SegmentedRaftLogWorker.java:run(316)) - ea424b11-7a6c-4478-b56e-288847dd4a2e@group-555AEAD5E079-SegmentedRaftLogWorker was interrupted, exiting. There are 0 tasks remaining in the queue.
2019-10-15 04:01:53,699 [main] INFO  segmented.SegmentedRaftLogWorker (SegmentedRaftLogWorker.java:close(224)) - ea424b11-7a6c-4478-b56e-288847dd4a2e@group-555AEAD5E079-SegmentedRaftLogWorker close()
2019-10-15 04:01:53,702 [main] INFO  impl.RaftServerImpl (RaftServerImpl.java:lambda$shutdown$3(247)) - ea424b11-7a6c-4478-b56e-288847dd4a2e@group-BDBEA4439059: shutdown
2019-10-15 04:01:53,702 [main] INFO  util.JmxRegister (JmxRegister.java:unregister(73)) - Successfully un-registered JMX Bean with object name Ratis:service=RaftServer,group=group-BDBEA4439059,id=ea424b11-7a6c-4478-b56e-288847dd4a2e
2019-10-15 04:01:53,702 [main] INFO  impl.RoleInfo (RoleInfo.java:shutdownFollowerState(121)) - ea424b11-7a6c-4478-b56e-288847dd4a2e: shutdown FollowerState
2019-10-15 04:01:53,703 [main] INFO  impl.StateMachineUpdater (StateMachineUpdater.java:stopAndJoin(136)) - ea424b11-7a6c-4478-b56e-288847dd4a2e@group-BDBEA4439059-StateMachineUpdater: set stopIndex = 15
2019-10-15 04:01:53,703 [ea424b11-7a6c-4478-b56e-288847dd4a2e@group-BDBEA4439059-StateMachineUpdater] INFO  ratis.ContainerStateMachine (ContainerStateMachine.java:takeSnapshot(294)) - group-BDBEA4439059: Taking a snapshot at:(t:2, i:13) file /workdir/hadoop-ozone/integration-test/target/test-dir/MiniOzoneClusterImpl-db17e535-db34-411d-81ae-c2250ad617e5/datanode-4/data/ratis/ef076066-84c1-4b9c-973d-bdbea4439059/sm/snapshot.2_13
2019-10-15 04:01:53,703 [Thread-3228] INFO  impl.FollowerState (FollowerState.java:run(117)) - ea424b11-7a6c-4478-b56e-288847dd4a2e@group-BDBEA4439059-FollowerState was interrupted: java.lang.InterruptedException: sleep interrupted
2019-10-15 04:01:53,737 [65cd6720-3a58-46a5-8350-6eb1d5464001@group-BDBEA4439059-StateMachineUpdater] INFO  ratis.ContainerStateMachine (ContainerStateMachine.java:takeSnapshot(305)) - group-BDBEA4439059: Finished taking a snapshot at:(t:2, i:13) file:/workdir/hadoop-ozone/integration-test/target/test-dir/MiniOzoneClusterImpl-db17e535-db34-411d-81ae-c2250ad617e5/datanode-2/data/ratis/ef076066-84c1-4b9c-973d-bdbea4439059/sm/snapshot.2_13 time:45
2019-10-15 04:01:53,738 [65cd6720-3a58-46a5-8350-6eb1d5464001@group-BDBEA4439059-StateMachineUpdater] INFO  impl.StateMachineUpdater (StateMachineUpdater.java:takeSnapshot(269)) - 65cd6720-3a58-46a5-8350-6eb1d5464001@group-BDBEA4439059-StateMachineUpdater: Took a snapshot at index 13
2019-10-15 04:01:53,738 [65cd6720-3a58-46a5-8350-6eb1d5464001@group-BDBEA4439059-StateMachineUpdater] INFO  impl.StateMachineUpdater (StateMachineUpdater.java:lambda$new$0(84)) - 65cd6720-3a58-46a5-8350-6eb1d5464001@group-BDBEA4439059-StateMachineUpdater: snapshotIndex: updateIncreasingly -1 -> 13
2019-10-15 04:01:53,738 [65cd6720-3a58-46a5-8350-6eb1d5464001@group-BDBEA4439059-StateMachineUpdater] INFO  ratis.ContainerStateMachine (ContainerStateMachine.java:takeSnapshot(294)) - group-BDBEA4439059: Taking a snapshot at:(t:2, i:13) file /workdir/hadoop-ozone/integration-test/target/test-dir/MiniOzoneClusterImpl-db17e535-db34-411d-81ae-c2250ad617e5/datanode-2/data/ratis/ef076066-84c1-4b9c-973d-bdbea4439059/sm/snapshot.2_13
2019-10-15 04:01:53,762 [65cd6720-3a58-46a5-8350-6eb1d5464001@group-BDBEA4439059-StateMachineUpdater] INFO  ratis.ContainerStateMachine (ContainerStateMachine.java:takeSnapshot(305)) - group-BDBEA4439059: Finished taking a snapshot at:(t:2, i:13) file:/workdir/hadoop-ozone/integration-test/target/test-dir/MiniOzoneClusterImpl-db17e535-db34-411d-81ae-c2250ad617e5/datanode-2/data/ratis/ef076066-84c1-4b9c-973d-bdbea4439059/sm/snapshot.2_13 time:24
2019-10-15 04:01:53,762 [ea424b11-7a6c-4478-b56e-288847dd4a2e@group-BDBEA4439059-StateMachineUpdater] INFO  ratis.ContainerStateMachine (ContainerStateMachine.java:takeSnapshot(305)) - group-BDBEA4439059: Finished taking a snapshot at:(t:2, i:13) file:/workdir/hadoop-ozone/integration-test/target/test-dir/MiniOzoneClusterImpl-db17e535-db34-411d-81ae-c2250ad617e5/datanode-4/data/ratis/ef076066-84c1-4b9c-973d-bdbea4439059/sm/snapshot.2_13 time:60
2019-10-15 04:01:53,763 [65cd6720-3a58-46a5-8350-6eb1d5464001@group-BDBEA4439059-StateMachineUpdater] INFO  impl.StateMachineUpdater (StateMachineUpdater.java:takeSnapshot(269)) - 65cd6720-3a58-46a5-8350-6eb1d5464001@group-BDBEA4439059-StateMachineUpdater: Took a snapshot at index 13
2019-10-15 04:01:53,763 [65cd6720-3a58-46a5-8350-6eb1d5464001@group-BDBEA4439059-StateMachineUpdater] INFO  impl.StateMachineUpdater (StateMachineUpdater.java:lambda$new$0(84)) - 65cd6720-3a58-46a5-8350-6eb1d5464001@group-BDBEA4439059-StateMachineUpdater: snapshotIndex: updateIncreasingly 13 -> 13
2019-10-15 04:01:53,763 [ea424b11-7a6c-4478-b56e-288847dd4a2e@group-BDBEA4439059-StateMachineUpdater] INFO  impl.StateMachineUpdater (StateMachineUpdater.java:takeSnapshot(269)) - ea424b11-7a6c-4478-b56e-288847dd4a2e@group-BDBEA4439059-StateMachineUpdater: Took a snapshot at index 13
2019-10-15 04:01:53,763 [ea424b11-7a6c-4478-b56e-288847dd4a2e@group-BDBEA4439059-StateMachineUpdater] INFO  impl.StateMachineUpdater (StateMachineUpdater.java:lambda$new$0(84)) - ea424b11-7a6c-4478-b56e-288847dd4a2e@group-BDBEA4439059-StateMachineUpdater: snapshotIndex: updateIncreasingly -1 -> 13
2019-10-15 04:01:53,763 [ForkJoinPool.commonPool-worker-0] INFO  impl.RaftServerImpl (ServerState.java:close(387)) - 65cd6720-3a58-46a5-8350-6eb1d5464001@group-BDBEA4439059: closes. applyIndex: 15
2019-10-15 04:01:53,763 [ea424b11-7a6c-4478-b56e-288847dd4a2e@group-BDBEA4439059-StateMachineUpdater] INFO  ratis.ContainerStateMachine (ContainerStateMachine.java:takeSnapshot(294)) - group-BDBEA4439059: Taking a snapshot at:(t:2, i:13) file /workdir/hadoop-ozone/integration-test/target/test-dir/MiniOzoneClusterImpl-db17e535-db34-411d-81ae-c2250ad617e5/datanode-4/data/ratis/ef076066-84c1-4b9c-973d-bdbea4439059/sm/snapshot.2_13
2019-10-15 04:01:53,764 [65cd6720-3a58-46a5-8350-6eb1d5464001@group-BDBEA4439059-SegmentedRaftLogWorker] INFO  segmented.SegmentedRaftLogWorker (SegmentedRaftLogWorker.java:run(316)) - 65cd6720-3a58-46a5-8350-6eb1d5464001@group-BDBEA4439059-SegmentedRaftLogWorker was interrupted, exiting. There are 0 tasks remaining in the queue.
2019-10-15 04:01:53,767 [ForkJoinPool.commonPool-worker-0] INFO  segmented.SegmentedRaftLogWorker (SegmentedRaftLogWorker.java:close(224)) - 65cd6720-3a58-46a5-8350-6eb1d5464001@group-BDBEA4439059-SegmentedRaftLogWorker close()
2019-10-15 04:01:53,773 [ForkJoinPool.commonPool-worker-0] INFO  impl.RaftServerImpl (RaftServerImpl.java:lambda$shutdown$3(247)) - 65cd6720-3a58-46a5-8350-6eb1d5464001@group-A3BAA383FC5E: shutdown
2019-10-15 04:01:53,773 [ForkJoinPool.commonPool-worker-0] INFO  util.JmxRegister (JmxRegister.java:unregister(73)) - Successfully un-registered JMX Bean with object name Ratis:service=RaftServer,group=group-A3BAA383FC5E,id=65cd6720-3a58-46a5-8350-6eb1d5464001
2019-10-15 04:01:53,773 [ForkJoinPool.commonPool-worker-0] INFO  impl.RoleInfo (RoleInfo.java:shutdownLeaderState(104)) - 65cd6720-3a58-46a5-8350-6eb1d5464001: shutdown LeaderState
2019-10-15 04:01:53,774 [ForkJoinPool.commonPool-worker-0] INFO  impl.PendingRequests (PendingRequests.java:sendNotLeaderResponses(202)) - 65cd6720-3a58-46a5-8350-6eb1d5464001@group-A3BAA383FC5E-PendingRequests: sendNotLeaderResponses
2019-10-15 04:01:53,774 [ForkJoinPool.commonPool-worker-0] INFO  impl.StateMachineUpdater (StateMachineUpdater.java:stopAndJoin(136)) - 65cd6720-3a58-46a5-8350-6eb1d5464001@group-A3BAA383FC5E-StateMachineUpdater: set stopIndex = 0
2019-10-15 04:01:53,774 [ForkJoinPool.commonPool-worker-0] INFO  impl.RaftServerImpl (ServerState.java:close(387)) - 65cd6720-3a58-46a5-8350-6eb1d5464001@group-A3BAA383FC5E: closes. applyIndex: 0
2019-10-15 04:01:53,774 [65cd6720-3a58-46a5-8350-6eb1d5464001@group-A3BAA383FC5E-SegmentedRaftLogWorker] INFO  segmented.SegmentedRaftLogWorker (SegmentedRaftLogWorker.java:run(316)) - 65cd6720-3a58-46a5-8350-6eb1d5464001@group-A3BAA383FC5E-SegmentedRaftLogWorker was interrupted, exiting. There are 0 tasks remaining in the queue.
2019-10-15 04:01:53,776 [ForkJoinPool.commonPool-worker-0] INFO  segmented.SegmentedRaftLogWorker (SegmentedRaftLogWorker.java:close(224)) - 65cd6720-3a58-46a5-8350-6eb1d5464001@group-A3BAA383FC5E-SegmentedRaftLogWorker close()
2019-10-15 04:01:53,779 [ForkJoinPool.commonPool-worker-0] INFO  server.GrpcService (GrpcService.java:closeImpl(164)) - 65cd6720-3a58-46a5-8350-6eb1d5464001: shutdown server with port 43067 now
2019-10-15 04:01:53,781 [grpc-default-executor-1] WARN  server.GrpcServerProtocolService (LogUtils.java:warn(134)) - 65cd6720-3a58-46a5-8350-6eb1d5464001: installSnapshot onError, lastRequest: 67c0e978-24c7-4da3-9562-b8c8cb62c5b8->65cd6720-3a58-46a5-8350-6eb1d5464001#22-t2, previous=(t:2, i:15), leaderCommit=15, initializing? false, entries: <empty>: org.apache.ratis.thirdparty.io.grpc.StatusRuntimeException: CANCELLED: cancelled before receiving half close
2019-10-15 04:01:53,781 [grpc-default-executor-7] WARN  server.GrpcLogAppender (LogUtils.java:warn(134)) - 67c0e978-24c7-4da3-9562-b8c8cb62c5b8@group-BDBEA4439059->65cd6720-3a58-46a5-8350-6eb1d5464001-AppendLogResponseHandler: Failed appendEntries: org.apache.ratis.thirdparty.io.grpc.StatusRuntimeException: CANCELLED: HTTP/2 error code: CANCEL
Received Rst Stream
2019-10-15 04:01:53,782 [grpc-default-executor-7] INFO  impl.FollowerInfo (FollowerInfo.java:lambda$new$0(51)) - 67c0e978-24c7-4da3-9562-b8c8cb62c5b8@group-BDBEA4439059->65cd6720-3a58-46a5-8350-6eb1d5464001: nextIndex: updateUnconditionally 16 -> 15
2019-10-15 04:01:53,782 [ForkJoinPool.commonPool-worker-0] INFO  server.GrpcService (GrpcService.java:closeImpl(172)) - 65cd6720-3a58-46a5-8350-6eb1d5464001: shutdown server with port 43067 successfully
2019-10-15 04:01:53,786 [refreshUsed-/workdir/hadoop-ozone/integration-test/target/test-dir/MiniOzoneClusterImpl-db17e535-db34-411d-81ae-c2250ad617e5/datanode-2/data/containers] WARN  fs.CachingGetSpaceUsed (CachingGetSpaceUsed.java:run(183)) - Thread Interrupted waiting to refresh disk information: sleep interrupted
2019-10-15 04:01:53,804 [ForkJoinPool.commonPool-worker-0] INFO  utils.BackgroundService (BackgroundService.java:shutdown(151)) - Shutting down service BlockDeletingService
2019-10-15 04:01:53,804 [ea424b11-7a6c-4478-b56e-288847dd4a2e@group-BDBEA4439059-StateMachineUpdater] INFO  ratis.ContainerStateMachine (ContainerStateMachine.java:takeSnapshot(305)) - group-BDBEA4439059: Finished taking a snapshot at:(t:2, i:13) file:/workdir/hadoop-ozone/integration-test/target/test-dir/MiniOzoneClusterImpl-db17e535-db34-411d-81ae-c2250ad617e5/datanode-4/data/ratis/ef076066-84c1-4b9c-973d-bdbea4439059/sm/snapshot.2_13 time:41
2019-10-15 04:01:53,808 [ea424b11-7a6c-4478-b56e-288847dd4a2e@group-BDBEA4439059-StateMachineUpdater] INFO  impl.StateMachineUpdater (StateMachineUpdater.java:takeSnapshot(269)) - ea424b11-7a6c-4478-b56e-288847dd4a2e@group-BDBEA4439059-StateMachineUpdater: Took a snapshot at index 13
2019-10-15 04:01:53,809 [ea424b11-7a6c-4478-b56e-288847dd4a2e@group-BDBEA4439059-StateMachineUpdater] INFO  impl.StateMachineUpdater (StateMachineUpdater.java:lambda$new$0(84)) - ea424b11-7a6c-4478-b56e-288847dd4a2e@group-BDBEA4439059-StateMachineUpdater: snapshotIndex: updateIncreasingly 13 -> 13
2019-10-15 04:01:53,809 [ForkJoinPool.commonPool-worker-0] INFO  statemachine.DatanodeStateMachine (DatanodeStateMachine.java:stopDaemon(395)) - Ozone container server stopped.
2019-10-15 04:01:53,809 [main] INFO  impl.RaftServerImpl (ServerState.java:close(387)) - ea424b11-7a6c-4478-b56e-288847dd4a2e@group-BDBEA4439059: closes. applyIndex: 15
2019-10-15 04:01:53,813 [ea424b11-7a6c-4478-b56e-288847dd4a2e@group-BDBEA4439059-SegmentedRaftLogWorker] INFO  segmented.SegmentedRaftLogWorker (SegmentedRaftLogWorker.java:run(316)) - ea424b11-7a6c-4478-b56e-288847dd4a2e@group-BDBEA4439059-SegmentedRaftLogWorker was interrupted, exiting. There are 0 tasks remaining in the queue.
2019-10-15 04:01:53,815 [ForkJoinPool.commonPool-worker-0] INFO  handler.ContextHandler (ContextHandler.java:doStop(910)) - Stopped o.e.j.w.WebAppContext@935493d{/,null,UNAVAILABLE}{/hddsDatanode}
2019-10-15 04:01:53,816 [main] INFO  segmented.SegmentedRaftLogWorker (SegmentedRaftLogWorker.java:close(224)) - ea424b11-7a6c-4478-b56e-288847dd4a2e@group-BDBEA4439059-SegmentedRaftLogWorker close()
2019-10-15 04:01:53,819 [main] INFO  server.GrpcService (GrpcService.java:closeImpl(164)) - ea424b11-7a6c-4478-b56e-288847dd4a2e: shutdown server with port 32965 now
2019-10-15 04:01:53,819 [ForkJoinPool.commonPool-worker-0] INFO  server.AbstractConnector (AbstractConnector.java:doStop(318)) - Stopped ServerConnector@9b367c8{HTTP/1.1,[http/1.1]}{0.0.0.0:0}
2019-10-15 04:01:53,821 [ForkJoinPool.commonPool-worker-0] INFO  handler.ContextHandler (ContextHandler.java:doStop(910)) - Stopped o.e.j.s.ServletContextHandler@1de13f34{/static,jar:file:/home/user/.m2/repository/org/apache/hadoop/hadoop-hdds-container-service/0.5.0-SNAPSHOT/hadoop-hdds-container-service-0.5.0-SNAPSHOT.jar!/webapps/static,UNAVAILABLE}
2019-10-15 04:01:53,822 [grpc-default-executor-7] WARN  server.GrpcServerProtocolService (LogUtils.java:warn(134)) - ea424b11-7a6c-4478-b56e-288847dd4a2e: installSnapshot onError, lastRequest: 67c0e978-24c7-4da3-9562-b8c8cb62c5b8->ea424b11-7a6c-4478-b56e-288847dd4a2e#22-t2, previous=(t:2, i:15), leaderCommit=15, initializing? false, entries: <empty>: org.apache.ratis.thirdparty.io.grpc.StatusRuntimeException: CANCELLED: cancelled before receiving half close
2019-10-15 04:01:53,823 [ForkJoinPool.commonPool-worker-0] INFO  handler.ContextHandler (ContextHandler.java:doStop(910)) - Stopped o.e.j.s.ServletContextHandler@3f048c86{/logs,file:///workdir/hadoop-ozone/integration-test/target/log,UNAVAILABLE}
2019-10-15 04:01:53,823 [main] INFO  server.GrpcService (GrpcService.java:closeImpl(172)) - ea424b11-7a6c-4478-b56e-288847dd4a2e: shutdown server with port 32965 successfully
2019-10-15 04:01:53,823 [grpc-default-executor-1] WARN  server.GrpcLogAppender (LogUtils.java:warn(134)) - 67c0e978-24c7-4da3-9562-b8c8cb62c5b8@group-BDBEA4439059->ea424b11-7a6c-4478-b56e-288847dd4a2e-AppendLogResponseHandler: Failed appendEntries: org.apache.ratis.thirdparty.io.grpc.StatusRuntimeException: CANCELLED: HTTP/2 error code: CANCEL
Received Rst Stream
2019-10-15 04:01:53,824 [grpc-default-executor-1] INFO  impl.FollowerInfo (FollowerInfo.java:lambda$new$0(51)) - 67c0e978-24c7-4da3-9562-b8c8cb62c5b8@group-BDBEA4439059->ea424b11-7a6c-4478-b56e-288847dd4a2e: nextIndex: updateUnconditionally 16 -> 15
2019-10-15 04:01:53,826 [refreshUsed-/workdir/hadoop-ozone/integration-test/target/test-dir/MiniOzoneClusterImpl-db17e535-db34-411d-81ae-c2250ad617e5/datanode-4/data/containers] WARN  fs.CachingGetSpaceUsed (CachingGetSpaceUsed.java:run(183)) - Thread Interrupted waiting to refresh disk information: sleep interrupted
2019-10-15 04:01:53,836 [main] INFO  utils.BackgroundService (BackgroundService.java:shutdown(151)) - Shutting down service BlockDeletingService
2019-10-15 04:01:53,840 [main] INFO  statemachine.DatanodeStateMachine (DatanodeStateMachine.java:stopDaemon(395)) - Ozone container server stopped.
2019-10-15 04:01:53,841 [main] INFO  handler.ContextHandler (ContextHandler.java:doStop(910)) - Stopped o.e.j.w.WebAppContext@11eec06b{/,null,UNAVAILABLE}{/hddsDatanode}
2019-10-15 04:01:53,841 [main] INFO  server.AbstractConnector (AbstractConnector.java:doStop(318)) - Stopped ServerConnector@65600fb3{HTTP/1.1,[http/1.1]}{0.0.0.0:0}
2019-10-15 04:01:53,842 [main] INFO  handler.ContextHandler (ContextHandler.java:doStop(910)) - Stopped o.e.j.s.ServletContextHandler@19fbc594{/static,jar:file:/home/user/.m2/repository/org/apache/hadoop/hadoop-hdds-container-service/0.5.0-SNAPSHOT/hadoop-hdds-container-service-0.5.0-SNAPSHOT.jar!/webapps/static,UNAVAILABLE}
2019-10-15 04:01:53,842 [main] INFO  handler.ContextHandler (ContextHandler.java:doStop(910)) - Stopped o.e.j.s.ServletContextHandler@48f2054d{/logs,file:///workdir/hadoop-ozone/integration-test/target/log,UNAVAILABLE}
2019-10-15 04:01:53,966 [Datanode State Machine Thread - 0] INFO  statemachine.DatanodeStateMachine (DatanodeStateMachine.java:lambda$startDaemon$0(350)) - Ozone container server started.
2019-10-15 04:01:54,008 [Datanode State Machine Thread - 0] INFO  statemachine.DatanodeStateMachine (DatanodeStateMachine.java:lambda$startDaemon$0(350)) - Ozone container server started.
2019-10-15 04:01:54,377 [grpc-default-executor-6] WARN  server.GrpcLogAppender (LogUtils.java:warn(134)) - 7e6dbcba-bf51-49ed-94c0-b704c4b6a7d9@group-41F18346D9FB->d407453e-f342-4891-ad71-781bc79e517e-AppendLogResponseHandler: Failed appendEntries: org.apache.ratis.thirdparty.io.grpc.StatusRuntimeException: UNAVAILABLE: io exception
2019-10-15 04:01:54,377 [grpc-default-executor-6] INFO  impl.FollowerInfo (FollowerInfo.java:lambda$new$0(51)) - 7e6dbcba-bf51-49ed-94c0-b704c4b6a7d9@group-41F18346D9FB->d407453e-f342-4891-ad71-781bc79e517e: nextIndex: updateUnconditionally 0 -> 0
2019-10-15 04:01:56,111 [grpc-default-executor-4] WARN  server.GrpcLogAppender (LogUtils.java:warn(134)) - 67c0e978-24c7-4da3-9562-b8c8cb62c5b8@group-BDBEA4439059->65cd6720-3a58-46a5-8350-6eb1d5464001-AppendLogResponseHandler: Failed appendEntries: org.apache.ratis.thirdparty.io.grpc.StatusRuntimeException: UNAVAILABLE: io exception
2019-10-15 04:01:56,111 [grpc-default-executor-8] WARN  server.GrpcLogAppender (LogUtils.java:warn(134)) - 67c0e978-24c7-4da3-9562-b8c8cb62c5b8@group-BDBEA4439059->ea424b11-7a6c-4478-b56e-288847dd4a2e-AppendLogResponseHandler: Failed appendEntries: org.apache.ratis.thirdparty.io.grpc.StatusRuntimeException: UNAVAILABLE: io exception
2019-10-15 04:01:56,112 [grpc-default-executor-4] INFO  impl.FollowerInfo (FollowerInfo.java:lambda$new$0(51)) - 67c0e978-24c7-4da3-9562-b8c8cb62c5b8@group-BDBEA4439059->65cd6720-3a58-46a5-8350-6eb1d5464001: nextIndex: updateUnconditionally 16 -> 15
2019-10-15 04:01:56,112 [grpc-default-executor-8] INFO  impl.FollowerInfo (FollowerInfo.java:lambda$new$0(51)) - 67c0e978-24c7-4da3-9562-b8c8cb62c5b8@group-BDBEA4439059->ea424b11-7a6c-4478-b56e-288847dd4a2e: nextIndex: updateUnconditionally 16 -> 15
2019-10-15 04:01:56,876 [grpc-default-executor-1] WARN  server.GrpcLogAppender (LogUtils.java:warn(134)) - 7e6dbcba-bf51-49ed-94c0-b704c4b6a7d9@group-41F18346D9FB->d407453e-f342-4891-ad71-781bc79e517e-AppendLogResponseHandler: Failed appendEntries: org.apache.ratis.thirdparty.io.grpc.StatusRuntimeException: UNAVAILABLE: io exception
2019-10-15 04:01:56,877 [grpc-default-executor-1] INFO  impl.FollowerInfo (FollowerInfo.java:lambda$new$0(51)) - 7e6dbcba-bf51-49ed-94c0-b704c4b6a7d9@group-41F18346D9FB->d407453e-f342-4891-ad71-781bc79e517e: nextIndex: updateUnconditionally 0 -> 0
2019-10-15 04:01:58,021 [EventQueue-StaleNodeForStaleNodeHandler] INFO  node.StaleNodeHandler (StaleNodeHandler.java:onMessage(58)) - Datanode 7e6dbcba-bf51-49ed-94c0-b704c4b6a7d9{ip: 192.168.151.112, host: pr-hdds-2194-gpqhj-1713016619, networkLocation: /default-rack, certSerialId: null} moved to stale state. Finalizing its pipelines [PipelineID=ea52bf64-b42d-464a-97f9-41f18346d9fb, PipelineID=bee7c453-c657-417b-a8f1-c1cd6d1e1f82]
2019-10-15 04:01:58,021 [EventQueue-StaleNodeForStaleNodeHandler] INFO  pipeline.SCMPipelineManager (SCMPipelineManager.java:finalizeAndDestroyPipeline(315)) - destroying pipeline:Pipeline[ Id: ea52bf64-b42d-464a-97f9-41f18346d9fb, Nodes: d407453e-f342-4891-ad71-781bc79e517e{ip: 192.168.151.112, host: pr-hdds-2194-gpqhj-1713016619, networkLocation: /default-rack, certSerialId: null}7e6dbcba-bf51-49ed-94c0-b704c4b6a7d9{ip: 192.168.151.112, host: pr-hdds-2194-gpqhj-1713016619, networkLocation: /default-rack, certSerialId: null}32aa562e-9d4b-43a6-96a8-df338a0b5f68{ip: 192.168.151.112, host: pr-hdds-2194-gpqhj-1713016619, networkLocation: /default-rack, certSerialId: null}, Type:RATIS, Factor:THREE, State:CLOSED]
2019-10-15 04:01:58,022 [EventQueue-StaleNodeForStaleNodeHandler] INFO  pipeline.SCMPipelineManager (SCMPipelineManager.java:finalizeAndDestroyPipeline(315)) - destroying pipeline:Pipeline[ Id: bee7c453-c657-417b-a8f1-c1cd6d1e1f82, Nodes: 7e6dbcba-bf51-49ed-94c0-b704c4b6a7d9{ip: 192.168.151.112, host: pr-hdds-2194-gpqhj-1713016619, networkLocation: /default-rack, certSerialId: null}, Type:RATIS, Factor:ONE, State:OPEN]
2019-10-15 04:01:58,022 [EventQueue-StaleNodeForStaleNodeHandler] INFO  pipeline.PipelineStateManager (PipelineStateManager.java:finalizePipeline(123)) - Pipeline Pipeline[ Id: bee7c453-c657-417b-a8f1-c1cd6d1e1f82, Nodes: 7e6dbcba-bf51-49ed-94c0-b704c4b6a7d9{ip: 192.168.151.112, host: pr-hdds-2194-gpqhj-1713016619, networkLocation: /default-rack, certSerialId: null}, Type:RATIS, Factor:ONE, State:CLOSED] moved to CLOSED state
2019-10-15 04:01:58,022 [EventQueue-StaleNodeForStaleNodeHandler] INFO  node.StaleNodeHandler (StaleNodeHandler.java:onMessage(58)) - Datanode 32aa562e-9d4b-43a6-96a8-df338a0b5f68{ip: 192.168.151.112, host: pr-hdds-2194-gpqhj-1713016619, networkLocation: /default-rack, certSerialId: null} moved to stale state. Finalizing its pipelines [PipelineID=ea52bf64-b42d-464a-97f9-41f18346d9fb, PipelineID=db48cb2e-b9d0-45eb-a9be-ad5ee4e6a600]
2019-10-15 04:01:58,022 [EventQueue-StaleNodeForStaleNodeHandler] INFO  pipeline.SCMPipelineManager (SCMPipelineManager.java:finalizeAndDestroyPipeline(315)) - destroying pipeline:Pipeline[ Id: ea52bf64-b42d-464a-97f9-41f18346d9fb, Nodes: d407453e-f342-4891-ad71-781bc79e517e{ip: 192.168.151.112, host: pr-hdds-2194-gpqhj-1713016619, networkLocation: /default-rack, certSerialId: null}7e6dbcba-bf51-49ed-94c0-b704c4b6a7d9{ip: 192.168.151.112, host: pr-hdds-2194-gpqhj-1713016619, networkLocation: /default-rack, certSerialId: null}32aa562e-9d4b-43a6-96a8-df338a0b5f68{ip: 192.168.151.112, host: pr-hdds-2194-gpqhj-1713016619, networkLocation: /default-rack, certSerialId: null}, Type:RATIS, Factor:THREE, State:CLOSED]
2019-10-15 04:01:58,022 [EventQueue-StaleNodeForStaleNodeHandler] INFO  pipeline.SCMPipelineManager (SCMPipelineManager.java:finalizeAndDestroyPipeline(315)) - destroying pipeline:Pipeline[ Id: db48cb2e-b9d0-45eb-a9be-ad5ee4e6a600, Nodes: 32aa562e-9d4b-43a6-96a8-df338a0b5f68{ip: 192.168.151.112, host: pr-hdds-2194-gpqhj-1713016619, networkLocation: /default-rack, certSerialId: null}, Type:RATIS, Factor:ONE, State:OPEN]
2019-10-15 04:01:58,022 [EventQueue-StaleNodeForStaleNodeHandler] INFO  pipeline.PipelineStateManager (PipelineStateManager.java:finalizePipeline(123)) - Pipeline Pipeline[ Id: db48cb2e-b9d0-45eb-a9be-ad5ee4e6a600, Nodes: 32aa562e-9d4b-43a6-96a8-df338a0b5f68{ip: 192.168.151.112, host: pr-hdds-2194-gpqhj-1713016619, networkLocation: /default-rack, certSerialId: null}, Type:RATIS, Factor:ONE, State:CLOSED] moved to CLOSED state
2019-10-15 04:01:58,613 [grpc-default-executor-6] WARN  server.GrpcLogAppender (LogUtils.java:warn(134)) - 67c0e978-24c7-4da3-9562-b8c8cb62c5b8@group-BDBEA4439059->ea424b11-7a6c-4478-b56e-288847dd4a2e-AppendLogResponseHandler: Failed appendEntries: org.apache.ratis.thirdparty.io.grpc.StatusRuntimeException: UNAVAILABLE: io exception
2019-10-15 04:01:58,613 [grpc-default-executor-7] WARN  server.GrpcLogAppender (LogUtils.java:warn(134)) - 67c0e978-24c7-4da3-9562-b8c8cb62c5b8@group-BDBEA4439059->65cd6720-3a58-46a5-8350-6eb1d5464001-AppendLogResponseHandler: Failed appendEntries: org.apache.ratis.thirdparty.io.grpc.StatusRuntimeException: UNAVAILABLE: io exception
2019-10-15 04:01:58,618 [grpc-default-executor-6] INFO  impl.FollowerInfo (FollowerInfo.java:lambda$new$0(51)) - 67c0e978-24c7-4da3-9562-b8c8cb62c5b8@group-BDBEA4439059->ea424b11-7a6c-4478-b56e-288847dd4a2e: nextIndex: updateUnconditionally 15 -> 14
2019-10-15 04:01:58,618 [grpc-default-executor-7] INFO  impl.FollowerInfo (FollowerInfo.java:lambda$new$0(51)) - 67c0e978-24c7-4da3-9562-b8c8cb62c5b8@group-BDBEA4439059->65cd6720-3a58-46a5-8350-6eb1d5464001: nextIndex: updateUnconditionally 15 -> 14
2019-10-15 04:01:58,825 [ForkJoinPool.commonPool-worker-0] INFO  ozoneimpl.OzoneContainer (OzoneContainer.java:stop(227)) - Attempting to stop container services.
2019-10-15 04:01:58,826 [ForkJoinPool.commonPool-worker-0] INFO  impl.RaftServerProxy (RaftServerProxy.java:lambda$close$4(314)) - 32aa562e-9d4b-43a6-96a8-df338a0b5f68: close
2019-10-15 04:01:58,826 [ForkJoinPool.commonPool-worker-0] INFO  impl.RaftServerImpl (RaftServerImpl.java:lambda$shutdown$3(247)) - 32aa562e-9d4b-43a6-96a8-df338a0b5f68@group-41F18346D9FB: shutdown
2019-10-15 04:01:58,826 [ForkJoinPool.commonPool-worker-0] INFO  util.JmxRegister (JmxRegister.java:unregister(73)) - Successfully un-registered JMX Bean with object name Ratis:service=RaftServer,group=group-41F18346D9FB,id=32aa562e-9d4b-43a6-96a8-df338a0b5f68
2019-10-15 04:01:58,826 [ForkJoinPool.commonPool-worker-0] INFO  impl.RoleInfo (RoleInfo.java:shutdownFollowerState(121)) - 32aa562e-9d4b-43a6-96a8-df338a0b5f68: shutdown FollowerState
2019-10-15 04:01:58,827 [ForkJoinPool.commonPool-worker-0] INFO  impl.StateMachineUpdater (StateMachineUpdater.java:stopAndJoin(136)) - 32aa562e-9d4b-43a6-96a8-df338a0b5f68@group-41F18346D9FB-StateMachineUpdater: set stopIndex = 16
2019-10-15 04:01:58,827 [Thread-3276] INFO  impl.FollowerState (FollowerState.java:run(117)) - 32aa562e-9d4b-43a6-96a8-df338a0b5f68@group-41F18346D9FB-FollowerState was interrupted: java.lang.InterruptedException: sleep interrupted
2019-10-15 04:01:58,827 [32aa562e-9d4b-43a6-96a8-df338a0b5f68@group-41F18346D9FB-StateMachineUpdater] INFO  ratis.ContainerStateMachine (ContainerStateMachine.java:takeSnapshot(294)) - group-41F18346D9FB: Taking a snapshot at:(t:1, i:13) file /workdir/hadoop-ozone/integration-test/target/test-dir/MiniOzoneClusterImpl-db17e535-db34-411d-81ae-c2250ad617e5/datanode-0/data/ratis/ea52bf64-b42d-464a-97f9-41f18346d9fb/sm/snapshot.1_13
2019-10-15 04:01:58,843 [main] INFO  ozoneimpl.OzoneContainer (OzoneContainer.java:stop(227)) - Attempting to stop container services.
2019-10-15 04:01:58,843 [main] INFO  impl.RaftServerProxy (RaftServerProxy.java:lambda$close$4(314)) - 7e6dbcba-bf51-49ed-94c0-b704c4b6a7d9: close
2019-10-15 04:01:58,844 [main] INFO  impl.RaftServerImpl (RaftServerImpl.java:lambda$shutdown$3(247)) - 7e6dbcba-bf51-49ed-94c0-b704c4b6a7d9@group-41F18346D9FB: shutdown
2019-10-15 04:01:58,844 [main] INFO  util.JmxRegister (JmxRegister.java:unregister(73)) - Successfully un-registered JMX Bean with object name Ratis:service=RaftServer,group=group-41F18346D9FB,id=7e6dbcba-bf51-49ed-94c0-b704c4b6a7d9
2019-10-15 04:01:58,844 [main] INFO  impl.RoleInfo (RoleInfo.java:shutdownLeaderState(104)) - 7e6dbcba-bf51-49ed-94c0-b704c4b6a7d9: shutdown LeaderState
2019-10-15 04:01:58,849 [main] INFO  impl.PendingRequests (PendingRequests.java:sendNotLeaderResponses(202)) - 7e6dbcba-bf51-49ed-94c0-b704c4b6a7d9@group-41F18346D9FB-PendingRequests: sendNotLeaderResponses
2019-10-15 04:01:58,849 [org.apache.ratis.server.impl.LogAppender$AppenderDaemon$$Lambda$529/232795663@1ba085d4] WARN  server.GrpcLogAppender (GrpcLogAppender.java:mayWait(143)) - 7e6dbcba-bf51-49ed-94c0-b704c4b6a7d9@group-41F18346D9FB->32aa562e-9d4b-43a6-96a8-df338a0b5f68-GrpcLogAppender: Wait interrupted by java.lang.InterruptedException
2019-10-15 04:01:58,849 [org.apache.ratis.server.impl.LogAppender$AppenderDaemon$$Lambda$529/232795663@7b4f1deb] WARN  server.GrpcLogAppender (GrpcLogAppender.java:mayWait(143)) - 7e6dbcba-bf51-49ed-94c0-b704c4b6a7d9@group-41F18346D9FB->d407453e-f342-4891-ad71-781bc79e517e-GrpcLogAppender: Wait interrupted by java.lang.InterruptedException
2019-10-15 04:01:58,852 [grpc-default-executor-7] INFO  server.GrpcServerProtocolService (GrpcServerProtocolService.java:onCompleted(113)) - 32aa562e-9d4b-43a6-96a8-df338a0b5f68: Completed APPEND_ENTRIES, lastRequest: 7e6dbcba-bf51-49ed-94c0-b704c4b6a7d9->32aa562e-9d4b-43a6-96a8-df338a0b5f68#6-t2, previous=(t:2, i:16), leaderCommit=16, initializing? false, entries: <empty>
2019-10-15 04:01:58,852 [main] INFO  impl.StateMachineUpdater (StateMachineUpdater.java:stopAndJoin(136)) - 7e6dbcba-bf51-49ed-94c0-b704c4b6a7d9@group-41F18346D9FB-StateMachineUpdater: set stopIndex = 16
2019-10-15 04:01:58,852 [7e6dbcba-bf51-49ed-94c0-b704c4b6a7d9@group-41F18346D9FB-StateMachineUpdater] INFO  ratis.ContainerStateMachine (ContainerStateMachine.java:takeSnapshot(294)) - group-41F18346D9FB: Taking a snapshot at:(t:1, i:13) file /workdir/hadoop-ozone/integration-test/target/test-dir/MiniOzoneClusterImpl-db17e535-db34-411d-81ae-c2250ad617e5/datanode-3/data/ratis/ea52bf64-b42d-464a-97f9-41f18346d9fb/sm/snapshot.1_13
2019-10-15 04:01:58,853 [grpc-default-executor-7] INFO  server.GrpcLogAppender (GrpcLogAppender.java:onCompleted(293)) - 7e6dbcba-bf51-49ed-94c0-b704c4b6a7d9@group-41F18346D9FB->32aa562e-9d4b-43a6-96a8-df338a0b5f68-AppendLogResponseHandler: follower responses appendEntries COMPLETED
2019-10-15 04:01:58,854 [grpc-default-executor-7] INFO  impl.FollowerInfo (FollowerInfo.java:lambda$new$0(51)) - 7e6dbcba-bf51-49ed-94c0-b704c4b6a7d9@group-41F18346D9FB->32aa562e-9d4b-43a6-96a8-df338a0b5f68: nextIndex: updateUnconditionally 17 -> 16
2019-10-15 04:01:58,857 [32aa562e-9d4b-43a6-96a8-df338a0b5f68@group-41F18346D9FB-StateMachineUpdater] INFO  ratis.ContainerStateMachine (ContainerStateMachine.java:takeSnapshot(305)) - group-41F18346D9FB: Finished taking a snapshot at:(t:1, i:13) file:/workdir/hadoop-ozone/integration-test/target/test-dir/MiniOzoneClusterImpl-db17e535-db34-411d-81ae-c2250ad617e5/datanode-0/data/ratis/ea52bf64-b42d-464a-97f9-41f18346d9fb/sm/snapshot.1_13 time:30
2019-10-15 04:01:58,857 [32aa562e-9d4b-43a6-96a8-df338a0b5f68@group-41F18346D9FB-StateMachineUpdater] INFO  impl.StateMachineUpdater (StateMachineUpdater.java:takeSnapshot(269)) - 32aa562e-9d4b-43a6-96a8-df338a0b5f68@group-41F18346D9FB-StateMachineUpdater: Took a snapshot at index 13
2019-10-15 04:01:58,857 [32aa562e-9d4b-43a6-96a8-df338a0b5f68@group-41F18346D9FB-StateMachineUpdater] INFO  impl.StateMachineUpdater (StateMachineUpdater.java:lambda$new$0(84)) - 32aa562e-9d4b-43a6-96a8-df338a0b5f68@group-41F18346D9FB-StateMachineUpdater: snapshotIndex: updateIncreasingly -1 -> 13
2019-10-15 04:01:58,858 [32aa562e-9d4b-43a6-96a8-df338a0b5f68@group-41F18346D9FB-StateMachineUpdater] INFO  ratis.ContainerStateMachine (ContainerStateMachine.java:takeSnapshot(294)) - group-41F18346D9FB: Taking a snapshot at:(t:1, i:13) file /workdir/hadoop-ozone/integration-test/target/test-dir/MiniOzoneClusterImpl-db17e535-db34-411d-81ae-c2250ad617e5/datanode-0/data/ratis/ea52bf64-b42d-464a-97f9-41f18346d9fb/sm/snapshot.1_13
2019-10-15 04:01:58,883 [7e6dbcba-bf51-49ed-94c0-b704c4b6a7d9@group-41F18346D9FB-StateMachineUpdater] INFO  ratis.ContainerStateMachine (ContainerStateMachine.java:takeSnapshot(305)) - group-41F18346D9FB: Finished taking a snapshot at:(t:1, i:13) file:/workdir/hadoop-ozone/integration-test/target/test-dir/MiniOzoneClusterImpl-db17e535-db34-411d-81ae-c2250ad617e5/datanode-3/data/ratis/ea52bf64-b42d-464a-97f9-41f18346d9fb/sm/snapshot.1_13 time:30
2019-10-15 04:01:58,883 [32aa562e-9d4b-43a6-96a8-df338a0b5f68@group-41F18346D9FB-StateMachineUpdater] INFO  ratis.ContainerStateMachine (ContainerStateMachine.java:takeSnapshot(305)) - group-41F18346D9FB: Finished taking a snapshot at:(t:1, i:13) file:/workdir/hadoop-ozone/integration-test/target/test-dir/MiniOzoneClusterImpl-db17e535-db34-411d-81ae-c2250ad617e5/datanode-0/data/ratis/ea52bf64-b42d-464a-97f9-41f18346d9fb/sm/snapshot.1_13 time:25
2019-10-15 04:01:58,883 [7e6dbcba-bf51-49ed-94c0-b704c4b6a7d9@group-41F18346D9FB-StateMachineUpdater] INFO  impl.StateMachineUpdater (StateMachineUpdater.java:takeSnapshot(269)) - 7e6dbcba-bf51-49ed-94c0-b704c4b6a7d9@group-41F18346D9FB-StateMachineUpdater: Took a snapshot at index 13
2019-10-15 04:01:58,883 [32aa562e-9d4b-43a6-96a8-df338a0b5f68@group-41F18346D9FB-StateMachineUpdater] INFO  impl.StateMachineUpdater (StateMachineUpdater.java:takeSnapshot(269)) - 32aa562e-9d4b-43a6-96a8-df338a0b5f68@group-41F18346D9FB-StateMachineUpdater: Took a snapshot at index 13
2019-10-15 04:01:58,883 [7e6dbcba-bf51-49ed-94c0-b704c4b6a7d9@group-41F18346D9FB-StateMachineUpdater] INFO  impl.StateMachineUpdater (StateMachineUpdater.java:lambda$new$0(84)) - 7e6dbcba-bf51-49ed-94c0-b704c4b6a7d9@group-41F18346D9FB-StateMachineUpdater: snapshotIndex: updateIncreasingly -1 -> 13
2019-10-15 04:01:58,883 [32aa562e-9d4b-43a6-96a8-df338a0b5f68@group-41F18346D9FB-StateMachineUpdater] INFO  impl.StateMachineUpdater (StateMachineUpdater.java:lambda$new$0(84)) - 32aa562e-9d4b-43a6-96a8-df338a0b5f68@group-41F18346D9FB-StateMachineUpdater: snapshotIndex: updateIncreasingly 13 -> 13
2019-10-15 04:01:58,883 [7e6dbcba-bf51-49ed-94c0-b704c4b6a7d9@group-41F18346D9FB-StateMachineUpdater] INFO  ratis.ContainerStateMachine (ContainerStateMachine.java:takeSnapshot(294)) - group-41F18346D9FB: Taking a snapshot at:(t:1, i:13) file /workdir/hadoop-ozone/integration-test/target/test-dir/MiniOzoneClusterImpl-db17e535-db34-411d-81ae-c2250ad617e5/datanode-3/data/ratis/ea52bf64-b42d-464a-97f9-41f18346d9fb/sm/snapshot.1_13
2019-10-15 04:01:58,883 [ForkJoinPool.commonPool-worker-0] INFO  impl.RaftServerImpl (ServerState.java:close(387)) - 32aa562e-9d4b-43a6-96a8-df338a0b5f68@group-41F18346D9FB: closes. applyIndex: 16
2019-10-15 04:01:58,884 [32aa562e-9d4b-43a6-96a8-df338a0b5f68@group-41F18346D9FB-SegmentedRaftLogWorker] INFO  segmented.SegmentedRaftLogWorker (SegmentedRaftLogWorker.java:run(316)) - 32aa562e-9d4b-43a6-96a8-df338a0b5f68@group-41F18346D9FB-SegmentedRaftLogWorker was interrupted, exiting. There are 0 tasks remaining in the queue.
2019-10-15 04:01:58,885 [ForkJoinPool.commonPool-worker-0] INFO  segmented.SegmentedRaftLogWorker (SegmentedRaftLogWorker.java:close(224)) - 32aa562e-9d4b-43a6-96a8-df338a0b5f68@group-41F18346D9FB-SegmentedRaftLogWorker close()
2019-10-15 04:01:58,888 [ForkJoinPool.commonPool-worker-0] INFO  impl.RaftServerImpl (RaftServerImpl.java:lambda$shutdown$3(247)) - 32aa562e-9d4b-43a6-96a8-df338a0b5f68@group-AD5EE4E6A600: shutdown
2019-10-15 04:01:58,888 [ForkJoinPool.commonPool-worker-0] INFO  util.JmxRegister (JmxRegister.java:unregister(73)) - Successfully un-registered JMX Bean with object name Ratis:service=RaftServer,group=group-AD5EE4E6A600,id=32aa562e-9d4b-43a6-96a8-df338a0b5f68
2019-10-15 04:01:58,888 [ForkJoinPool.commonPool-worker-0] INFO  impl.RoleInfo (RoleInfo.java:shutdownLeaderState(104)) - 32aa562e-9d4b-43a6-96a8-df338a0b5f68: shutdown LeaderState
2019-10-15 04:01:58,889 [ForkJoinPool.commonPool-worker-0] INFO  impl.PendingRequests (PendingRequests.java:sendNotLeaderResponses(202)) - 32aa562e-9d4b-43a6-96a8-df338a0b5f68@group-AD5EE4E6A600-PendingRequests: sendNotLeaderResponses
2019-10-15 04:01:58,889 [ForkJoinPool.commonPool-worker-0] INFO  impl.StateMachineUpdater (StateMachineUpdater.java:stopAndJoin(136)) - 32aa562e-9d4b-43a6-96a8-df338a0b5f68@group-AD5EE4E6A600-StateMachineUpdater: set stopIndex = 0
2019-10-15 04:01:58,889 [ForkJoinPool.commonPool-worker-0] INFO  impl.RaftServerImpl (ServerState.java:close(387)) - 32aa562e-9d4b-43a6-96a8-df338a0b5f68@group-AD5EE4E6A600: closes. applyIndex: 0
2019-10-15 04:01:58,889 [32aa562e-9d4b-43a6-96a8-df338a0b5f68@group-AD5EE4E6A600-SegmentedRaftLogWorker] INFO  segmented.SegmentedRaftLogWorker (SegmentedRaftLogWorker.java:run(316)) - 32aa562e-9d4b-43a6-96a8-df338a0b5f68@group-AD5EE4E6A600-SegmentedRaftLogWorker was interrupted, exiting. There are 0 tasks remaining in the queue.
2019-10-15 04:01:58,891 [ForkJoinPool.commonPool-worker-0] INFO  segmented.SegmentedRaftLogWorker (SegmentedRaftLogWorker.java:close(224)) - 32aa562e-9d4b-43a6-96a8-df338a0b5f68@group-AD5EE4E6A600-SegmentedRaftLogWorker close()
2019-10-15 04:01:58,893 [ForkJoinPool.commonPool-worker-0] INFO  server.GrpcService (GrpcService.java:closeImpl(164)) - 32aa562e-9d4b-43a6-96a8-df338a0b5f68: shutdown server with port 34779 now
2019-10-15 04:01:58,894 [ForkJoinPool.commonPool-worker-0] INFO  server.GrpcService (GrpcService.java:closeImpl(172)) - 32aa562e-9d4b-43a6-96a8-df338a0b5f68: shutdown server with port 34779 successfully
2019-10-15 04:01:58,896 [refreshUsed-/workdir/hadoop-ozone/integration-test/target/test-dir/MiniOzoneClusterImpl-db17e535-db34-411d-81ae-c2250ad617e5/datanode-0/data/containers] WARN  fs.CachingGetSpaceUsed (CachingGetSpaceUsed.java:run(183)) - Thread Interrupted waiting to refresh disk information: sleep interrupted
2019-10-15 04:01:58,913 [ForkJoinPool.commonPool-worker-0] INFO  utils.BackgroundService (BackgroundService.java:shutdown(151)) - Shutting down service BlockDeletingService
2019-10-15 04:01:58,920 [ForkJoinPool.commonPool-worker-0] INFO  statemachine.DatanodeStateMachine (DatanodeStateMachine.java:stopDaemon(395)) - Ozone container server stopped.
2019-10-15 04:01:58,926 [ForkJoinPool.commonPool-worker-0] INFO  handler.ContextHandler (ContextHandler.java:doStop(910)) - Stopped o.e.j.w.WebAppContext@5ca4dce5{/,null,UNAVAILABLE}{/hddsDatanode}
2019-10-15 04:01:58,926 [ForkJoinPool.commonPool-worker-0] INFO  server.AbstractConnector (AbstractConnector.java:doStop(318)) - Stopped ServerConnector@1291aab5{HTTP/1.1,[http/1.1]}{0.0.0.0:0}
2019-10-15 04:01:58,928 [ForkJoinPool.commonPool-worker-0] INFO  handler.ContextHandler (ContextHandler.java:doStop(910)) - Stopped o.e.j.s.ServletContextHandler@2e952845{/static,jar:file:/home/user/.m2/repository/org/apache/hadoop/hadoop-hdds-container-service/0.5.0-SNAPSHOT/hadoop-hdds-container-service-0.5.0-SNAPSHOT.jar!/webapps/static,UNAVAILABLE}
2019-10-15 04:01:58,930 [ForkJoinPool.commonPool-worker-0] INFO  handler.ContextHandler (ContextHandler.java:doStop(910)) - Stopped o.e.j.s.ServletContextHandler@68dfda77{/logs,file:///workdir/hadoop-ozone/integration-test/target/log,UNAVAILABLE}
2019-10-15 04:01:58,933 [7e6dbcba-bf51-49ed-94c0-b704c4b6a7d9@group-41F18346D9FB-StateMachineUpdater] INFO  ratis.ContainerStateMachine (ContainerStateMachine.java:takeSnapshot(305)) - group-41F18346D9FB: Finished taking a snapshot at:(t:1, i:13) file:/workdir/hadoop-ozone/integration-test/target/test-dir/MiniOzoneClusterImpl-db17e535-db34-411d-81ae-c2250ad617e5/datanode-3/data/ratis/ea52bf64-b42d-464a-97f9-41f18346d9fb/sm/snapshot.1_13 time:50
2019-10-15 04:01:58,933 [7e6dbcba-bf51-49ed-94c0-b704c4b6a7d9@group-41F18346D9FB-StateMachineUpdater] INFO  impl.StateMachineUpdater (StateMachineUpdater.java:takeSnapshot(269)) - 7e6dbcba-bf51-49ed-94c0-b704c4b6a7d9@group-41F18346D9FB-StateMachineUpdater: Took a snapshot at index 13
2019-10-15 04:01:58,933 [7e6dbcba-bf51-49ed-94c0-b704c4b6a7d9@group-41F18346D9FB-StateMachineUpdater] INFO  impl.StateMachineUpdater (StateMachineUpdater.java:lambda$new$0(84)) - 7e6dbcba-bf51-49ed-94c0-b704c4b6a7d9@group-41F18346D9FB-StateMachineUpdater: snapshotIndex: updateIncreasingly 13 -> 13
2019-10-15 04:01:58,934 [main] INFO  impl.RaftServerImpl (ServerState.java:close(387)) - 7e6dbcba-bf51-49ed-94c0-b704c4b6a7d9@group-41F18346D9FB: closes. applyIndex: 16
2019-10-15 04:01:58,934 [7e6dbcba-bf51-49ed-94c0-b704c4b6a7d9@group-41F18346D9FB-SegmentedRaftLogWorker] INFO  segmented.SegmentedRaftLogWorker (SegmentedRaftLogWorker.java:run(316)) - 7e6dbcba-bf51-49ed-94c0-b704c4b6a7d9@group-41F18346D9FB-SegmentedRaftLogWorker was interrupted, exiting. There are 0 tasks remaining in the queue.
2019-10-15 04:01:58,936 [main] INFO  segmented.SegmentedRaftLogWorker (SegmentedRaftLogWorker.java:close(224)) - 7e6dbcba-bf51-49ed-94c0-b704c4b6a7d9@group-41F18346D9FB-SegmentedRaftLogWorker close()
2019-10-15 04:01:58,938 [main] INFO  impl.RaftServerImpl (RaftServerImpl.java:lambda$shutdown$3(247)) - 7e6dbcba-bf51-49ed-94c0-b704c4b6a7d9@group-C1CD6D1E1F82: shutdown
2019-10-15 04:01:58,938 [main] INFO  util.JmxRegister (JmxRegister.java:unregister(73)) - Successfully un-registered JMX Bean with object name Ratis:service=RaftServer,group=group-C1CD6D1E1F82,id=7e6dbcba-bf51-49ed-94c0-b704c4b6a7d9
2019-10-15 04:01:58,938 [main] INFO  impl.RoleInfo (RoleInfo.java:shutdownLeaderState(104)) - 7e6dbcba-bf51-49ed-94c0-b704c4b6a7d9: shutdown LeaderState
2019-10-15 04:01:58,939 [main] INFO  impl.PendingRequests (PendingRequests.java:sendNotLeaderResponses(202)) - 7e6dbcba-bf51-49ed-94c0-b704c4b6a7d9@group-C1CD6D1E1F82-PendingRequests: sendNotLeaderResponses
2019-10-15 04:01:58,939 [main] INFO  impl.StateMachineUpdater (StateMachineUpdater.java:stopAndJoin(136)) - 7e6dbcba-bf51-49ed-94c0-b704c4b6a7d9@group-C1CD6D1E1F82-StateMachineUpdater: set stopIndex = 0
2019-10-15 04:01:58,939 [main] INFO  impl.RaftServerImpl (ServerState.java:close(387)) - 7e6dbcba-bf51-49ed-94c0-b704c4b6a7d9@group-C1CD6D1E1F82: closes. applyIndex: 0
2019-10-15 04:01:58,939 [7e6dbcba-bf51-49ed-94c0-b704c4b6a7d9@group-C1CD6D1E1F82-SegmentedRaftLogWorker] INFO  segmented.SegmentedRaftLogWorker (SegmentedRaftLogWorker.java:run(316)) - 7e6dbcba-bf51-49ed-94c0-b704c4b6a7d9@group-C1CD6D1E1F82-SegmentedRaftLogWorker was interrupted, exiting. There are 0 tasks remaining in the queue.
2019-10-15 04:01:58,942 [main] INFO  segmented.SegmentedRaftLogWorker (SegmentedRaftLogWorker.java:close(224)) - 7e6dbcba-bf51-49ed-94c0-b704c4b6a7d9@group-C1CD6D1E1F82-SegmentedRaftLogWorker close()
2019-10-15 04:01:58,951 [main] INFO  server.GrpcService (GrpcService.java:closeImpl(164)) - 7e6dbcba-bf51-49ed-94c0-b704c4b6a7d9: shutdown server with port 45998 now
2019-10-15 04:01:58,952 [main] INFO  server.GrpcService (GrpcService.java:closeImpl(172)) - 7e6dbcba-bf51-49ed-94c0-b704c4b6a7d9: shutdown server with port 45998 successfully
2019-10-15 04:01:58,953 [refreshUsed-/workdir/hadoop-ozone/integration-test/target/test-dir/MiniOzoneClusterImpl-db17e535-db34-411d-81ae-c2250ad617e5/datanode-3/data/containers] WARN  fs.CachingGetSpaceUsed (CachingGetSpaceUsed.java:run(183)) - Thread Interrupted waiting to refresh disk information: sleep interrupted
2019-10-15 04:01:58,964 [main] INFO  utils.BackgroundService (BackgroundService.java:shutdown(151)) - Shutting down service BlockDeletingService
2019-10-15 04:01:58,967 [main] INFO  statemachine.DatanodeStateMachine (DatanodeStateMachine.java:stopDaemon(395)) - Ozone container server stopped.
2019-10-15 04:01:58,968 [main] INFO  handler.ContextHandler (ContextHandler.java:doStop(910)) - Stopped o.e.j.w.WebAppContext@7d50f2a8{/,null,UNAVAILABLE}{/hddsDatanode}
2019-10-15 04:01:58,969 [main] INFO  server.AbstractConnector (AbstractConnector.java:doStop(318)) - Stopped ServerConnector@5864e8bf{HTTP/1.1,[http/1.1]}{0.0.0.0:0}
2019-10-15 04:01:58,969 [main] INFO  handler.ContextHandler (ContextHandler.java:doStop(910)) - Stopped o.e.j.s.ServletContextHandler@33e3bd2e{/static,jar:file:/home/user/.m2/repository/org/apache/hadoop/hadoop-hdds-container-service/0.5.0-SNAPSHOT/hadoop-hdds-container-service-0.5.0-SNAPSHOT.jar!/webapps/static,UNAVAILABLE}
2019-10-15 04:01:58,969 [main] INFO  handler.ContextHandler (ContextHandler.java:doStop(910)) - Stopped o.e.j.s.ServletContextHandler@1e495414{/logs,file:///workdir/hadoop-ozone/integration-test/target/log,UNAVAILABLE}
2019-10-15 04:01:59,061 [Datanode State Machine Thread - 0] INFO  statemachine.DatanodeStateMachine (DatanodeStateMachine.java:lambda$startDaemon$0(350)) - Ozone container server started.
2019-10-15 04:01:59,112 [Datanode State Machine Thread - 0] INFO  statemachine.DatanodeStateMachine (DatanodeStateMachine.java:lambda$startDaemon$0(350)) - Ozone container server started.
2019-10-15 04:02:01,114 [grpc-default-executor-7] WARN  server.GrpcLogAppender (LogUtils.java:warn(134)) - 67c0e978-24c7-4da3-9562-b8c8cb62c5b8@group-BDBEA4439059->65cd6720-3a58-46a5-8350-6eb1d5464001-AppendLogResponseHandler: Failed appendEntries: org.apache.ratis.thirdparty.io.grpc.StatusRuntimeException: UNAVAILABLE: io exception
2019-10-15 04:02:01,115 [grpc-default-executor-7] INFO  impl.FollowerInfo (FollowerInfo.java:lambda$new$0(51)) - 67c0e978-24c7-4da3-9562-b8c8cb62c5b8@group-BDBEA4439059->65cd6720-3a58-46a5-8350-6eb1d5464001: nextIndex: updateUnconditionally 14 -> 13
2019-10-15 04:02:01,115 [grpc-default-executor-4] WARN  server.GrpcLogAppender (LogUtils.java:warn(134)) - 67c0e978-24c7-4da3-9562-b8c8cb62c5b8@group-BDBEA4439059->ea424b11-7a6c-4478-b56e-288847dd4a2e-AppendLogResponseHandler: Failed appendEntries: org.apache.ratis.thirdparty.io.grpc.StatusRuntimeException: UNAVAILABLE: io exception
2019-10-15 04:02:01,115 [grpc-default-executor-4] INFO  impl.FollowerInfo (FollowerInfo.java:lambda$new$0(51)) - 67c0e978-24c7-4da3-9562-b8c8cb62c5b8@group-BDBEA4439059->ea424b11-7a6c-4478-b56e-288847dd4a2e: nextIndex: updateUnconditionally 14 -> 13
2019-10-15 04:02:03,128 [EventQueue-StaleNodeForStaleNodeHandler] INFO  node.StaleNodeHandler (StaleNodeHandler.java:onMessage(58)) - Datanode 67c0e978-24c7-4da3-9562-b8c8cb62c5b8{ip: 192.168.151.112, host: pr-hdds-2194-gpqhj-1713016619, networkLocation: /default-rack, certSerialId: null} moved to stale state. Finalizing its pipelines [PipelineID=ef076066-84c1-4b9c-973d-bdbea4439059, PipelineID=b7eb42ad-ad7c-4ff8-847e-bf40e3471501]
2019-10-15 04:02:03,129 [EventQueue-StaleNodeForStaleNodeHandler] INFO  pipeline.SCMPipelineManager (SCMPipelineManager.java:finalizeAndDestroyPipeline(315)) - destroying pipeline:Pipeline[ Id: ef076066-84c1-4b9c-973d-bdbea4439059, Nodes: ea424b11-7a6c-4478-b56e-288847dd4a2e{ip: 192.168.151.112, host: pr-hdds-2194-gpqhj-1713016619, networkLocation: /default-rack, certSerialId: null}65cd6720-3a58-46a5-8350-6eb1d5464001{ip: 192.168.151.112, host: pr-hdds-2194-gpqhj-1713016619, networkLocation: /default-rack, certSerialId: null}67c0e978-24c7-4da3-9562-b8c8cb62c5b8{ip: 192.168.151.112, host: pr-hdds-2194-gpqhj-1713016619, networkLocation: /default-rack, certSerialId: null}, Type:RATIS, Factor:THREE, State:CLOSED]
2019-10-15 04:02:03,129 [EventQueue-StaleNodeForStaleNodeHandler] INFO  pipeline.SCMPipelineManager (SCMPipelineManager.java:finalizeAndDestroyPipeline(315)) - destroying pipeline:Pipeline[ Id: b7eb42ad-ad7c-4ff8-847e-bf40e3471501, Nodes: 67c0e978-24c7-4da3-9562-b8c8cb62c5b8{ip: 192.168.151.112, host: pr-hdds-2194-gpqhj-1713016619, networkLocation: /default-rack, certSerialId: null}, Type:RATIS, Factor:ONE, State:OPEN]
2019-10-15 04:02:03,129 [EventQueue-StaleNodeForStaleNodeHandler] INFO  pipeline.PipelineStateManager (PipelineStateManager.java:finalizePipeline(123)) - Pipeline Pipeline[ Id: b7eb42ad-ad7c-4ff8-847e-bf40e3471501, Nodes: 67c0e978-24c7-4da3-9562-b8c8cb62c5b8{ip: 192.168.151.112, host: pr-hdds-2194-gpqhj-1713016619, networkLocation: /default-rack, certSerialId: null}, Type:RATIS, Factor:ONE, State:CLOSED] moved to CLOSED state
2019-10-15 04:02:03,129 [EventQueue-StaleNodeForStaleNodeHandler] INFO  node.StaleNodeHandler (StaleNodeHandler.java:onMessage(58)) - Datanode 04d34dbb-fead-4dfd-831e-5ebb54778734{ip: 192.168.151.112, host: pr-hdds-2194-gpqhj-1713016619, networkLocation: /default-rack, certSerialId: null} moved to stale state. Finalizing its pipelines [PipelineID=840ba81d-2ef2-4e89-8be7-4d200e4dd83b]
2019-10-15 04:02:03,129 [EventQueue-StaleNodeForStaleNodeHandler] INFO  pipeline.SCMPipelineManager (SCMPipelineManager.java:finalizeAndDestroyPipeline(315)) - destroying pipeline:Pipeline[ Id: 840ba81d-2ef2-4e89-8be7-4d200e4dd83b, Nodes: 04d34dbb-fead-4dfd-831e-5ebb54778734{ip: 192.168.151.112, host: pr-hdds-2194-gpqhj-1713016619, networkLocation: /default-rack, certSerialId: null}, Type:RATIS, Factor:ONE, State:OPEN]
2019-10-15 04:02:03,130 [EventQueue-StaleNodeForStaleNodeHandler] INFO  pipeline.PipelineStateManager (PipelineStateManager.java:finalizePipeline(123)) - Pipeline Pipeline[ Id: 840ba81d-2ef2-4e89-8be7-4d200e4dd83b, Nodes: 04d34dbb-fead-4dfd-831e-5ebb54778734{ip: 192.168.151.112, host: pr-hdds-2194-gpqhj-1713016619, networkLocation: /default-rack, certSerialId: null}, Type:RATIS, Factor:ONE, State:CLOSED] moved to CLOSED state
2019-10-15 04:02:03,616 [grpc-default-executor-7] WARN  server.GrpcLogAppender (LogUtils.java:warn(134)) - 67c0e978-24c7-4da3-9562-b8c8cb62c5b8@group-BDBEA4439059->ea424b11-7a6c-4478-b56e-288847dd4a2e-AppendLogResponseHandler: Failed appendEntries: org.apache.ratis.thirdparty.io.grpc.StatusRuntimeException: UNAVAILABLE: io exception
2019-10-15 04:02:03,616 [grpc-default-executor-4] WARN  server.GrpcLogAppender (LogUtils.java:warn(134)) - 67c0e978-24c7-4da3-9562-b8c8cb62c5b8@group-BDBEA4439059->65cd6720-3a58-46a5-8350-6eb1d5464001-AppendLogResponseHandler: Failed appendEntries: org.apache.ratis.thirdparty.io.grpc.StatusRuntimeException: UNAVAILABLE: io exception
2019-10-15 04:02:03,620 [grpc-default-executor-7] INFO  impl.FollowerInfo (FollowerInfo.java:lambda$new$0(51)) - 67c0e978-24c7-4da3-9562-b8c8cb62c5b8@group-BDBEA4439059->ea424b11-7a6c-4478-b56e-288847dd4a2e: nextIndex: updateUnconditionally 13 -> 12
2019-10-15 04:02:03,620 [grpc-default-executor-4] INFO  impl.FollowerInfo (FollowerInfo.java:lambda$new$0(51)) - 67c0e978-24c7-4da3-9562-b8c8cb62c5b8@group-BDBEA4439059->65cd6720-3a58-46a5-8350-6eb1d5464001: nextIndex: updateUnconditionally 13 -> 12
2019-10-15 04:02:03,932 [Command processor thread] ERROR commandhandler.CloseContainerCommandHandler (CloseContainerCommandHandler.java:handle(127)) - Can't close container #2
java.io.IOException
	at org.apache.hadoop.ozone.container.common.transport.server.ratis.XceiverServerRatis.submitRequest(XceiverServerRatis.java:509)
	at org.apache.hadoop.ozone.container.common.statemachine.commandhandler.CloseContainerCommandHandler.handle(CloseContainerCommandHandler.java:102)
	at org.apache.hadoop.ozone.container.common.statemachine.commandhandler.CommandDispatcher.handle(CommandDispatcher.java:99)
	at org.apache.hadoop.ozone.container.common.statemachine.DatanodeStateMachine.lambda$initCommandHandlerThread$1(DatanodeStateMachine.java:432)
	at java.lang.Thread.run(Thread.java:748)
Caused by: java.lang.InterruptedException
	at java.util.concurrent.CompletableFuture.reportGet(CompletableFuture.java:347)
	at java.util.concurrent.CompletableFuture.get(CompletableFuture.java:1895)
	at org.apache.hadoop.ozone.container.common.transport.server.ratis.XceiverServerRatis.submitRequest(XceiverServerRatis.java:507)
	... 4 more
2019-10-15 04:02:03,932 [ForkJoinPool.commonPool-worker-0] INFO  ozoneimpl.OzoneContainer (OzoneContainer.java:stop(227)) - Attempting to stop container services.
2019-10-15 04:02:03,933 [ForkJoinPool.commonPool-worker-0] INFO  impl.RaftServerProxy (RaftServerProxy.java:lambda$close$4(314)) - 67c0e978-24c7-4da3-9562-b8c8cb62c5b8: close
2019-10-15 04:02:03,934 [ForkJoinPool.commonPool-worker-0] INFO  impl.RaftServerImpl (RaftServerImpl.java:lambda$shutdown$3(247)) - 67c0e978-24c7-4da3-9562-b8c8cb62c5b8@group-BDBEA4439059: shutdown
2019-10-15 04:02:03,934 [ForkJoinPool.commonPool-worker-0] INFO  util.JmxRegister (JmxRegister.java:unregister(73)) - Successfully un-registered JMX Bean with object name Ratis:service=RaftServer,group=group-BDBEA4439059,id=67c0e978-24c7-4da3-9562-b8c8cb62c5b8
2019-10-15 04:02:03,934 [ForkJoinPool.commonPool-worker-0] INFO  impl.RoleInfo (RoleInfo.java:shutdownLeaderState(104)) - 67c0e978-24c7-4da3-9562-b8c8cb62c5b8: shutdown LeaderState
2019-10-15 04:02:03,943 [org.apache.ratis.server.impl.LogAppender$AppenderDaemon$$Lambda$529/232795663@68136ce0] WARN  server.GrpcLogAppender (GrpcLogAppender.java:mayWait(143)) - 67c0e978-24c7-4da3-9562-b8c8cb62c5b8@group-BDBEA4439059->65cd6720-3a58-46a5-8350-6eb1d5464001-GrpcLogAppender: Wait interrupted by java.lang.InterruptedException
2019-10-15 04:02:03,943 [ForkJoinPool.commonPool-worker-0] INFO  impl.PendingRequests (PendingRequests.java:sendNotLeaderResponses(202)) - 67c0e978-24c7-4da3-9562-b8c8cb62c5b8@group-BDBEA4439059-PendingRequests: sendNotLeaderResponses
2019-10-15 04:02:03,944 [org.apache.ratis.server.impl.LogAppender$AppenderDaemon$$Lambda$529/232795663@247e0d8f] WARN  server.GrpcLogAppender (GrpcLogAppender.java:mayWait(143)) - 67c0e978-24c7-4da3-9562-b8c8cb62c5b8@group-BDBEA4439059->ea424b11-7a6c-4478-b56e-288847dd4a2e-GrpcLogAppender: Wait interrupted by java.lang.InterruptedException
2019-10-15 04:02:03,945 [ForkJoinPool.commonPool-worker-0] INFO  impl.StateMachineUpdater (StateMachineUpdater.java:stopAndJoin(136)) - 67c0e978-24c7-4da3-9562-b8c8cb62c5b8@group-BDBEA4439059-StateMachineUpdater: set stopIndex = 15
2019-10-15 04:02:03,945 [67c0e978-24c7-4da3-9562-b8c8cb62c5b8@group-BDBEA4439059-StateMachineUpdater] INFO  ratis.ContainerStateMachine (ContainerStateMachine.java:takeSnapshot(294)) - group-BDBEA4439059: Taking a snapshot at:(t:2, i:13) file /workdir/hadoop-ozone/integration-test/target/test-dir/MiniOzoneClusterImpl-db17e535-db34-411d-81ae-c2250ad617e5/datanode-6/data/ratis/ef076066-84c1-4b9c-973d-bdbea4439059/sm/snapshot.2_13
2019-10-15 04:02:03,970 [main] INFO  ozoneimpl.OzoneContainer (OzoneContainer.java:stop(227)) - Attempting to stop container services.
2019-10-15 04:02:03,971 [main] INFO  impl.RaftServerProxy (RaftServerProxy.java:lambda$close$4(314)) - 04d34dbb-fead-4dfd-831e-5ebb54778734: close
2019-10-15 04:02:03,971 [main] INFO  impl.RaftServerImpl (RaftServerImpl.java:lambda$shutdown$3(247)) - 04d34dbb-fead-4dfd-831e-5ebb54778734@group-4D200E4DD83B: shutdown
2019-10-15 04:02:03,971 [main] INFO  util.JmxRegister (JmxRegister.java:unregister(73)) - Successfully un-registered JMX Bean with object name Ratis:service=RaftServer,group=group-4D200E4DD83B,id=04d34dbb-fead-4dfd-831e-5ebb54778734
2019-10-15 04:02:03,972 [main] INFO  impl.RoleInfo (RoleInfo.java:shutdownLeaderState(104)) - 04d34dbb-fead-4dfd-831e-5ebb54778734: shutdown LeaderState
2019-10-15 04:02:03,972 [main] INFO  impl.PendingRequests (PendingRequests.java:sendNotLeaderResponses(202)) - 04d34dbb-fead-4dfd-831e-5ebb54778734@group-4D200E4DD83B-PendingRequests: sendNotLeaderResponses
2019-10-15 04:02:03,973 [main] INFO  impl.StateMachineUpdater (StateMachineUpdater.java:stopAndJoin(136)) - 04d34dbb-fead-4dfd-831e-5ebb54778734@group-4D200E4DD83B-StateMachineUpdater: set stopIndex = 0
2019-10-15 04:02:03,973 [main] INFO  impl.RaftServerImpl (ServerState.java:close(387)) - 04d34dbb-fead-4dfd-831e-5ebb54778734@group-4D200E4DD83B: closes. applyIndex: 0
2019-10-15 04:02:03,974 [04d34dbb-fead-4dfd-831e-5ebb54778734@group-4D200E4DD83B-SegmentedRaftLogWorker] INFO  segmented.SegmentedRaftLogWorker (SegmentedRaftLogWorker.java:run(316)) - 04d34dbb-fead-4dfd-831e-5ebb54778734@group-4D200E4DD83B-SegmentedRaftLogWorker was interrupted, exiting. There are 0 tasks remaining in the queue.
2019-10-15 04:02:03,974 [main] INFO  segmented.SegmentedRaftLogWorker (SegmentedRaftLogWorker.java:close(224)) - 04d34dbb-fead-4dfd-831e-5ebb54778734@group-4D200E4DD83B-SegmentedRaftLogWorker close()
2019-10-15 04:02:03,976 [main] INFO  server.GrpcService (GrpcService.java:closeImpl(164)) - 04d34dbb-fead-4dfd-831e-5ebb54778734: shutdown server with port 34060 now
2019-10-15 04:02:03,978 [main] INFO  server.GrpcService (GrpcService.java:closeImpl(172)) - 04d34dbb-fead-4dfd-831e-5ebb54778734: shutdown server with port 34060 successfully
2019-10-15 04:02:03,979 [67c0e978-24c7-4da3-9562-b8c8cb62c5b8@group-BDBEA4439059-StateMachineUpdater] INFO  ratis.ContainerStateMachine (ContainerStateMachine.java:takeSnapshot(305)) - group-BDBEA4439059: Finished taking a snapshot at:(t:2, i:13) file:/workdir/hadoop-ozone/integration-test/target/test-dir/MiniOzoneClusterImpl-db17e535-db34-411d-81ae-c2250ad617e5/datanode-6/data/ratis/ef076066-84c1-4b9c-973d-bdbea4439059/sm/snapshot.2_13 time:35
2019-10-15 04:02:03,980 [67c0e978-24c7-4da3-9562-b8c8cb62c5b8@group-BDBEA4439059-StateMachineUpdater] INFO  impl.StateMachineUpdater (StateMachineUpdater.java:takeSnapshot(269)) - 67c0e978-24c7-4da3-9562-b8c8cb62c5b8@group-BDBEA4439059-StateMachineUpdater: Took a snapshot at index 13
2019-10-15 04:02:03,980 [67c0e978-24c7-4da3-9562-b8c8cb62c5b8@group-BDBEA4439059-StateMachineUpdater] INFO  impl.StateMachineUpdater (StateMachineUpdater.java:lambda$new$0(84)) - 67c0e978-24c7-4da3-9562-b8c8cb62c5b8@group-BDBEA4439059-StateMachineUpdater: snapshotIndex: updateIncreasingly -1 -> 13
2019-10-15 04:02:03,980 [67c0e978-24c7-4da3-9562-b8c8cb62c5b8@group-BDBEA4439059-StateMachineUpdater] INFO  ratis.ContainerStateMachine (ContainerStateMachine.java:takeSnapshot(294)) - group-BDBEA4439059: Taking a snapshot at:(t:2, i:13) file /workdir/hadoop-ozone/integration-test/target/test-dir/MiniOzoneClusterImpl-db17e535-db34-411d-81ae-c2250ad617e5/datanode-6/data/ratis/ef076066-84c1-4b9c-973d-bdbea4439059/sm/snapshot.2_13
2019-10-15 04:02:03,980 [refreshUsed-/workdir/hadoop-ozone/integration-test/target/test-dir/MiniOzoneClusterImpl-db17e535-db34-411d-81ae-c2250ad617e5/datanode-5/data/containers] WARN  fs.CachingGetSpaceUsed (CachingGetSpaceUsed.java:run(183)) - Thread Interrupted waiting to refresh disk information: sleep interrupted
2019-10-15 04:02:03,993 [main] INFO  utils.BackgroundService (BackgroundService.java:shutdown(151)) - Shutting down service BlockDeletingService
2019-10-15 04:02:03,997 [main] INFO  statemachine.DatanodeStateMachine (DatanodeStateMachine.java:stopDaemon(395)) - Ozone container server stopped.
2019-10-15 04:02:03,998 [main] INFO  handler.ContextHandler (ContextHandler.java:doStop(910)) - Stopped o.e.j.w.WebAppContext@3404e5c4{/,null,UNAVAILABLE}{/hddsDatanode}
2019-10-15 04:02:03,999 [main] INFO  server.AbstractConnector (AbstractConnector.java:doStop(318)) - Stopped ServerConnector@47569167{HTTP/1.1,[http/1.1]}{0.0.0.0:0}
2019-10-15 04:02:04,000 [main] INFO  handler.ContextHandler (ContextHandler.java:doStop(910)) - Stopped o.e.j.s.ServletContextHandler@7ac5b4c{/static,jar:file:/home/user/.m2/repository/org/apache/hadoop/hadoop-hdds-container-service/0.5.0-SNAPSHOT/hadoop-hdds-container-service-0.5.0-SNAPSHOT.jar!/webapps/static,UNAVAILABLE}
2019-10-15 04:02:04,000 [main] INFO  handler.ContextHandler (ContextHandler.java:doStop(910)) - Stopped o.e.j.s.ServletContextHandler@489110c2{/logs,file:///workdir/hadoop-ozone/integration-test/target/log,UNAVAILABLE}
2019-10-15 04:02:04,021 [67c0e978-24c7-4da3-9562-b8c8cb62c5b8@group-BDBEA4439059-StateMachineUpdater] INFO  ratis.ContainerStateMachine (ContainerStateMachine.java:takeSnapshot(305)) - group-BDBEA4439059: Finished taking a snapshot at:(t:2, i:13) file:/workdir/hadoop-ozone/integration-test/target/test-dir/MiniOzoneClusterImpl-db17e535-db34-411d-81ae-c2250ad617e5/datanode-6/data/ratis/ef076066-84c1-4b9c-973d-bdbea4439059/sm/snapshot.2_13 time:41
2019-10-15 04:02:04,022 [67c0e978-24c7-4da3-9562-b8c8cb62c5b8@group-BDBEA4439059-StateMachineUpdater] INFO  impl.StateMachineUpdater (StateMachineUpdater.java:takeSnapshot(269)) - 67c0e978-24c7-4da3-9562-b8c8cb62c5b8@group-BDBEA4439059-StateMachineUpdater: Took a snapshot at index 13
2019-10-15 04:02:04,022 [67c0e978-24c7-4da3-9562-b8c8cb62c5b8@group-BDBEA4439059-StateMachineUpdater] INFO  impl.StateMachineUpdater (StateMachineUpdater.java:lambda$new$0(84)) - 67c0e978-24c7-4da3-9562-b8c8cb62c5b8@group-BDBEA4439059-StateMachineUpdater: snapshotIndex: updateIncreasingly 13 -> 13
2019-10-15 04:02:04,022 [ForkJoinPool.commonPool-worker-0] INFO  impl.RaftServerImpl (ServerState.java:close(387)) - 67c0e978-24c7-4da3-9562-b8c8cb62c5b8@group-BDBEA4439059: closes. applyIndex: 15
2019-10-15 04:02:04,022 [67c0e978-24c7-4da3-9562-b8c8cb62c5b8@group-BDBEA4439059-SegmentedRaftLogWorker] INFO  segmented.SegmentedRaftLogWorker (SegmentedRaftLogWorker.java:run(316)) - 67c0e978-24c7-4da3-9562-b8c8cb62c5b8@group-BDBEA4439059-SegmentedRaftLogWorker was interrupted, exiting. There are 0 tasks remaining in the queue.
2019-10-15 04:02:04,023 [ForkJoinPool.commonPool-worker-0] INFO  segmented.SegmentedRaftLogWorker (SegmentedRaftLogWorker.java:close(224)) - 67c0e978-24c7-4da3-9562-b8c8cb62c5b8@group-BDBEA4439059-SegmentedRaftLogWorker close()
2019-10-15 04:02:04,024 [ForkJoinPool.commonPool-worker-0] INFO  impl.RaftServerImpl (RaftServerImpl.java:lambda$shutdown$3(247)) - 67c0e978-24c7-4da3-9562-b8c8cb62c5b8@group-BF40E3471501: shutdown
2019-10-15 04:02:04,024 [ForkJoinPool.commonPool-worker-0] INFO  util.JmxRegister (JmxRegister.java:unregister(73)) - Successfully un-registered JMX Bean with object name Ratis:service=RaftServer,group=group-BF40E3471501,id=67c0e978-24c7-4da3-9562-b8c8cb62c5b8
2019-10-15 04:02:04,024 [ForkJoinPool.commonPool-worker-0] INFO  impl.RoleInfo (RoleInfo.java:shutdownLeaderState(104)) - 67c0e978-24c7-4da3-9562-b8c8cb62c5b8: shutdown LeaderState
2019-10-15 04:02:04,024 [ForkJoinPool.commonPool-worker-0] INFO  impl.PendingRequests (PendingRequests.java:sendNotLeaderResponses(202)) - 67c0e978-24c7-4da3-9562-b8c8cb62c5b8@group-BF40E3471501-PendingRequests: sendNotLeaderResponses
2019-10-15 04:02:04,025 [ForkJoinPool.commonPool-worker-0] INFO  impl.StateMachineUpdater (StateMachineUpdater.java:stopAndJoin(136)) - 67c0e978-24c7-4da3-9562-b8c8cb62c5b8@group-BF40E3471501-StateMachineUpdater: set stopIndex = 0
2019-10-15 04:02:04,025 [ForkJoinPool.commonPool-worker-0] INFO  impl.RaftServerImpl (ServerState.java:close(387)) - 67c0e978-24c7-4da3-9562-b8c8cb62c5b8@group-BF40E3471501: closes. applyIndex: 0
2019-10-15 04:02:04,025 [67c0e978-24c7-4da3-9562-b8c8cb62c5b8@group-BF40E3471501-SegmentedRaftLogWorker] INFO  segmented.SegmentedRaftLogWorker (SegmentedRaftLogWorker.java:run(316)) - 67c0e978-24c7-4da3-9562-b8c8cb62c5b8@group-BF40E3471501-SegmentedRaftLogWorker was interrupted, exiting. There are 0 tasks remaining in the queue.
2019-10-15 04:02:04,025 [ForkJoinPool.commonPool-worker-0] INFO  segmented.SegmentedRaftLogWorker (SegmentedRaftLogWorker.java:close(224)) - 67c0e978-24c7-4da3-9562-b8c8cb62c5b8@group-BF40E3471501-SegmentedRaftLogWorker close()
2019-10-15 04:02:04,026 [ForkJoinPool.commonPool-worker-0] INFO  server.GrpcService (GrpcService.java:closeImpl(164)) - 67c0e978-24c7-4da3-9562-b8c8cb62c5b8: shutdown server with port 35558 now
2019-10-15 04:02:04,027 [grpc-default-executor-7] WARN  client.GrpcClientProtocolService (LogUtils.java:warn(134)) - 1-UnorderedRequestStreamObserver1: onError: org.apache.ratis.thirdparty.io.grpc.StatusRuntimeException: CANCELLED: cancelled before receiving half close
2019-10-15 04:02:04,027 [ForkJoinPool.commonPool-worker-0] INFO  server.GrpcService (GrpcService.java:closeImpl(172)) - 67c0e978-24c7-4da3-9562-b8c8cb62c5b8: shutdown server with port 35558 successfully
2019-10-15 04:02:04,030 [refreshUsed-/workdir/hadoop-ozone/integration-test/target/test-dir/MiniOzoneClusterImpl-db17e535-db34-411d-81ae-c2250ad617e5/datanode-6/data/containers] WARN  fs.CachingGetSpaceUsed (CachingGetSpaceUsed.java:run(183)) - Thread Interrupted waiting to refresh disk information: sleep interrupted
2019-10-15 04:02:04,043 [ForkJoinPool.commonPool-worker-0] INFO  utils.BackgroundService (BackgroundService.java:shutdown(151)) - Shutting down service BlockDeletingService
2019-10-15 04:02:04,047 [ForkJoinPool.commonPool-worker-0] INFO  statemachine.DatanodeStateMachine (DatanodeStateMachine.java:stopDaemon(395)) - Ozone container server stopped.
2019-10-15 04:02:04,050 [ForkJoinPool.commonPool-worker-0] INFO  handler.ContextHandler (ContextHandler.java:doStop(910)) - Stopped o.e.j.w.WebAppContext@795b66d{/,null,UNAVAILABLE}{/hddsDatanode}
2019-10-15 04:02:04,052 [ForkJoinPool.commonPool-worker-0] INFO  server.AbstractConnector (AbstractConnector.java:doStop(318)) - Stopped ServerConnector@359ceb13{HTTP/1.1,[http/1.1]}{0.0.0.0:0}
2019-10-15 04:02:04,057 [ForkJoinPool.commonPool-worker-0] INFO  handler.ContextHandler (ContextHandler.java:doStop(910)) - Stopped o.e.j.s.ServletContextHandler@3d1c933{/static,jar:file:/home/user/.m2/repository/org/apache/hadoop/hadoop-hdds-container-service/0.5.0-SNAPSHOT/hadoop-hdds-container-service-0.5.0-SNAPSHOT.jar!/webapps/static,UNAVAILABLE}
2019-10-15 04:02:04,057 [ForkJoinPool.commonPool-worker-0] INFO  handler.ContextHandler (ContextHandler.java:doStop(910)) - Stopped o.e.j.s.ServletContextHandler@26c7b1c6{/logs,file:///workdir/hadoop-ozone/integration-test/target/log,UNAVAILABLE}
2019-10-15 04:02:04,058 [main] INFO  ozone.MiniOzoneClusterImpl (MiniOzoneClusterImpl.java:stopSCM(392)) - Stopping the StorageContainerManager
2019-10-15 04:02:04,058 [main] INFO  server.StorageContainerManager (StorageContainerManager.java:stop(810)) - Stopping Replication Manager Service.
2019-10-15 04:02:04,058 [main] INFO  container.ReplicationManager (ReplicationManager.java:stop(203)) - Stopping Replication Monitor Thread.
2019-10-15 04:02:04,058 [main] INFO  server.StorageContainerManager (StorageContainerManager.java:stop(817)) - Stopping Lease Manager of the command watchers
2019-10-15 04:02:04,058 [main] INFO  server.StorageContainerManager (StorageContainerManager.java:stop(824)) - Stopping datanode service RPC server
2019-10-15 04:02:04,058 [main] INFO  server.SCMDatanodeProtocolServer (SCMDatanodeProtocolServer.java:stop(346)) - Stopping the RPC server for DataNodes
2019-10-15 04:02:04,058 [main] INFO  ipc.Server (Server.java:stop(3082)) - Stopping server on 45550
2019-10-15 04:02:04,060 [IPC Server listener on 45550] INFO  ipc.Server (Server.java:run(1185)) - Stopping IPC Server listener on 45550
2019-10-15 04:02:04,061 [IPC Server Responder] INFO  ipc.Server (Server.java:run(1319)) - Stopping IPC Server Responder
2019-10-15 04:02:04,130 [SCM Heartbeat Processing Thread - 0] WARN  node.NodeStateManager (NodeStateManager.java:scheduleNextHealthCheck(646)) - Current Thread is interrupted, shutting down HB processing thread for Node Manager.
2019-10-15 04:02:04,130 [main] INFO  server.StorageContainerManager (StorageContainerManager.java:stop(832)) - Stopping block service RPC server
2019-10-15 04:02:04,130 [main] INFO  server.SCMBlockProtocolServer (SCMBlockProtocolServer.java:stop(155)) - Stopping the RPC server for Block Protocol
2019-10-15 04:02:04,130 [main] INFO  ipc.Server (Server.java:stop(3082)) - Stopping server on 38328
2019-10-15 04:02:04,133 [IPC Server listener on 38328] INFO  ipc.Server (Server.java:run(1185)) - Stopping IPC Server listener on 38328
2019-10-15 04:02:04,133 [main] INFO  server.StorageContainerManager (StorageContainerManager.java:stop(839)) - Stopping the StorageContainerLocationProtocol RPC server
2019-10-15 04:02:04,133 [IPC Server Responder] INFO  ipc.Server (Server.java:run(1319)) - Stopping IPC Server Responder
2019-10-15 04:02:04,134 [main] INFO  server.SCMClientProtocolServer (SCMClientProtocolServer.java:stop(168)) - Stopping the RPC server for Client Protocol
2019-10-15 04:02:04,134 [main] INFO  ipc.Server (Server.java:stop(3082)) - Stopping server on 40292
2019-10-15 04:02:04,138 [IPC Server listener on 40292] INFO  ipc.Server (Server.java:run(1185)) - Stopping IPC Server listener on 40292
2019-10-15 04:02:04,138 [main] INFO  server.StorageContainerManager (StorageContainerManager.java:stop(846)) - Stopping Storage Container Manager HTTP server.
2019-10-15 04:02:04,146 [IPC Server Responder] INFO  ipc.Server (Server.java:run(1319)) - Stopping IPC Server Responder
2019-10-15 04:02:04,155 [main] INFO  handler.ContextHandler (ContextHandler.java:doStop(910)) - Stopped o.e.j.w.WebAppContext@10d18696{/,null,UNAVAILABLE}{/scm}
2019-10-15 04:02:04,156 [main] INFO  server.AbstractConnector (AbstractConnector.java:doStop(318)) - Stopped ServerConnector@6b8b5020{HTTP/1.1,[http/1.1]}{0.0.0.0:0}
2019-10-15 04:02:04,156 [main] INFO  handler.ContextHandler (ContextHandler.java:doStop(910)) - Stopped o.e.j.s.ServletContextHandler@2bd8f7db{/static,file:///workdir/hadoop-ozone/integration-test/target/test-classes/webapps/static,UNAVAILABLE}
2019-10-15 04:02:04,157 [main] INFO  handler.ContextHandler (ContextHandler.java:doStop(910)) - Stopped o.e.j.s.ServletContextHandler@bbb6f0{/logs,file:///workdir/hadoop-ozone/integration-test/target/log,UNAVAILABLE}
2019-10-15 04:02:04,157 [main] INFO  server.StorageContainerManager (StorageContainerManager.java:stop(857)) - Stopping Block Manager Service.
2019-10-15 04:02:04,157 [main] INFO  utils.BackgroundService (BackgroundService.java:shutdown(151)) - Shutting down service SCMBlockDeletingService
2019-10-15 04:02:04,158 [main] INFO  utils.BackgroundService (BackgroundService.java:shutdown(151)) - Shutting down service SCMBlockDeletingService
2019-10-15 04:02:04,158 [main] INFO  server.StorageContainerManager (StorageContainerManager.java:stop(879)) - Stopping SCM Event Queue.
2019-10-15 04:02:04,167 [main] INFO  impl.MetricsSystemImpl (MetricsSystemImpl.java:stop(210)) - Stopping HddsDatanode metrics system...
2019-10-15 04:02:04,193 [main] INFO  impl.MetricsSystemImpl (MetricsSystemImpl.java:stop(216)) - HddsDatanode metrics system stopped.
]]></system-out>
    <system-err><![CDATA[Oct 15, 2019 4:01:53 AM org.apache.ratis.thirdparty.io.grpc.internal.SerializingExecutor run
SEVERE: Exception while executing runnable org.apache.ratis.thirdparty.io.grpc.internal.ServerImpl$JumpToApplicationThreadServerStreamListener$1Closed@675d9507
org.apache.ratis.thirdparty.io.grpc.StatusRuntimeException: CANCELLED: call already cancelled
	at org.apache.ratis.thirdparty.io.grpc.Status.asRuntimeException(Status.java:517)
	at org.apache.ratis.thirdparty.io.grpc.stub.ServerCalls$ServerCallStreamObserverImpl.onCompleted(ServerCalls.java:356)
	at org.apache.ratis.grpc.server.GrpcServerProtocolService$ServerRequestStreamObserver.onError(GrpcServerProtocolService.java:121)
	at org.apache.ratis.thirdparty.io.grpc.stub.ServerCalls$StreamingServerCallHandler$StreamingServerCallListener.onCancel(ServerCalls.java:269)
	at org.apache.ratis.thirdparty.io.grpc.internal.ServerCallImpl$ServerStreamListenerImpl.closed(ServerCallImpl.java:293)
	at org.apache.ratis.thirdparty.io.grpc.internal.ServerImpl$JumpToApplicationThreadServerStreamListener$1Closed.runInContext(ServerImpl.java:741)
	at org.apache.ratis.thirdparty.io.grpc.internal.ContextRunnable.run(ContextRunnable.java:37)
	at org.apache.ratis.thirdparty.io.grpc.internal.SerializingExecutor.run(SerializingExecutor.java:123)
	at java.util.concurrent.ThreadPoolExecutor.runWorker(ThreadPoolExecutor.java:1149)
	at java.util.concurrent.ThreadPoolExecutor$Worker.run(ThreadPoolExecutor.java:624)
	at java.lang.Thread.run(Thread.java:748)

Oct 15, 2019 4:01:53 AM org.apache.ratis.thirdparty.io.grpc.internal.SerializingExecutor run
SEVERE: Exception while executing runnable org.apache.ratis.thirdparty.io.grpc.internal.ServerImpl$JumpToApplicationThreadServerStreamListener$1Closed@6f74a888
org.apache.ratis.thirdparty.io.grpc.StatusRuntimeException: CANCELLED: call already cancelled
	at org.apache.ratis.thirdparty.io.grpc.Status.asRuntimeException(Status.java:517)
	at org.apache.ratis.thirdparty.io.grpc.stub.ServerCalls$ServerCallStreamObserverImpl.onCompleted(ServerCalls.java:356)
	at org.apache.ratis.grpc.server.GrpcServerProtocolService$ServerRequestStreamObserver.onError(GrpcServerProtocolService.java:121)
	at org.apache.ratis.thirdparty.io.grpc.stub.ServerCalls$StreamingServerCallHandler$StreamingServerCallListener.onCancel(ServerCalls.java:269)
	at org.apache.ratis.thirdparty.io.grpc.internal.ServerCallImpl$ServerStreamListenerImpl.closed(ServerCallImpl.java:293)
	at org.apache.ratis.thirdparty.io.grpc.internal.ServerImpl$JumpToApplicationThreadServerStreamListener$1Closed.runInContext(ServerImpl.java:741)
	at org.apache.ratis.thirdparty.io.grpc.internal.ContextRunnable.run(ContextRunnable.java:37)
	at org.apache.ratis.thirdparty.io.grpc.internal.SerializingExecutor.run(SerializingExecutor.java:123)
	at java.util.concurrent.ThreadPoolExecutor.runWorker(ThreadPoolExecutor.java:1149)
	at java.util.concurrent.ThreadPoolExecutor$Worker.run(ThreadPoolExecutor.java:624)
	at java.lang.Thread.run(Thread.java:748)

]]></system-err>
  </testcase>
  <testcase name="testFailureWithPrimeSizedData" classname="org.apache.hadoop.ozone.client.rpc.TestBlockOutputStreamWithFailures" time="37.062"/>
  <testcase name="testWatchForCommitWithCloseContainerException" classname="org.apache.hadoop.ozone.client.rpc.TestBlockOutputStreamWithFailures" time="38.137"/>
  <testcase name="testExceptionDuringClose" classname="org.apache.hadoop.ozone.client.rpc.TestBlockOutputStreamWithFailures" time="37.154"/>
</testsuite>