<?xml version="1.0" encoding="UTF-8"?>
<testsuite xmlns:xsi="http://www.w3.org/2001/XMLSchema-instance" xsi:noNamespaceSchemaLocation="https://maven.apache.org/surefire/maven-surefire-plugin/xsd/surefire-test-report.xsd" name="org.apache.hadoop.ozone.client.rpc.TestWatchForCommit" time="290.982" tests="5" errors="1" skipped="0" failures="0">
  <properties>
    <property name="awt.toolkit" value="sun.awt.X11.XToolkit"/>
    <property name="file.encoding.pkg" value="sun.io"/>
    <property name="java.specification.version" value="1.8"/>
    <property name="sun.cpu.isalist" value=""/>
    <property name="sun.jnu.encoding" value="UTF-8"/>
    <property name="java.class.path" value="/workdir/hadoop-ozone/integration-test/target/test-classes:/workdir/hadoop-ozone/integration-test/target/classes:/home/user/.m2/repository/org/apache/hadoop/hadoop-ozone-common/0.5.0-SNAPSHOT/hadoop-ozone-common-0.5.0-SNAPSHOT.jar:/home/user/.m2/repository/org/apache/commons/commons-compress/1.4.1/commons-compress-1.4.1.jar:/home/user/.m2/repository/org/tukaani/xz/1.0/xz-1.0.jar:/home/user/.m2/repository/org/apache/hadoop/hadoop-common/3.2.0/hadoop-common-3.2.0.jar:/home/user/.m2/repository/org/apache/hadoop/hadoop-hdfs/3.2.0/hadoop-hdfs-3.2.0.jar:/home/user/.m2/repository/org/apache/hadoop/hadoop-hdfs-client/3.2.0/hadoop-hdfs-client-3.2.0.jar:/home/user/.m2/repository/com/fasterxml/jackson/core/jackson-annotations/2.9.9/jackson-annotations-2.9.9.jar:/home/user/.m2/repository/org/apache/hadoop/hadoop-hdds-common/0.5.0-SNAPSHOT/hadoop-hdds-common-0.5.0-SNAPSHOT.jar:/home/user/.m2/repository/javax/annotation/javax.annotation-api/1.2/javax.annotation-api-1.2.jar:/home/user/.m2/repository/org/apache/ratis/ratis-server/0.5.0-201fc85-SNAPSHOT/ratis-server-0.5.0-201fc85-SNAPSHOT.jar:/home/user/.m2/repository/org/apache/ratis/ratis-thirdparty-misc/0.2.0/ratis-thirdparty-misc-0.2.0.jar:/home/user/.m2/repository/org/apache/ratis/ratis-proto/0.5.0-201fc85-SNAPSHOT/ratis-proto-0.5.0-201fc85-SNAPSHOT.jar:/home/user/.m2/repository/org/apache/ratis/ratis-common/0.5.0-201fc85-SNAPSHOT/ratis-common-0.5.0-201fc85-SNAPSHOT.jar:/home/user/.m2/repository/org/apache/ratis/ratis-client/0.5.0-201fc85-SNAPSHOT/ratis-client-0.5.0-201fc85-SNAPSHOT.jar:/home/user/.m2/repository/org/apache/ratis/ratis-metrics/0.5.0-201fc85-SNAPSHOT/ratis-metrics-0.5.0-201fc85-SNAPSHOT.jar:/home/user/.m2/repository/com/github/joshelser/dropwizard-metrics-hadoop-metrics2-reporter/0.1.2/dropwizard-metrics-hadoop-metrics2-reporter-0.1.2.jar:/home/user/.m2/repository/io/dropwizard/metrics/metrics-jvm/3.2.5/metrics-jvm-3.2.5.jar:/home/user/.m2/repository/io/dropwizard/metrics/metrics-ganglia/3.2.5/metrics-ganglia-3.2.5.jar:/home/user/.m2/repository/info/ganglia/gmetric4j/gmetric4j/1.0.7/gmetric4j-1.0.7.jar:/home/user/.m2/repository/org/apache/ratis/ratis-netty/0.5.0-201fc85-SNAPSHOT/ratis-netty-0.5.0-201fc85-SNAPSHOT.jar:/home/user/.m2/repository/org/apache/ratis/ratis-grpc/0.5.0-201fc85-SNAPSHOT/ratis-grpc-0.5.0-201fc85-SNAPSHOT.jar:/home/user/.m2/repository/org/rocksdb/rocksdbjni/6.0.1/rocksdbjni-6.0.1.jar:/home/user/.m2/repository/org/apache/logging/log4j/log4j-api/2.11.0/log4j-api-2.11.0.jar:/home/user/.m2/repository/org/apache/logging/log4j/log4j-core/2.11.0/log4j-core-2.11.0.jar:/home/user/.m2/repository/com/lmax/disruptor/3.4.2/disruptor-3.4.2.jar:/home/user/.m2/repository/org/apache/commons/commons-pool2/2.6.0/commons-pool2-2.6.0.jar:/home/user/.m2/repository/org/bouncycastle/bcpkix-jdk15on/1.60/bcpkix-jdk15on-1.60.jar:/home/user/.m2/repository/commons-validator/commons-validator/1.6/commons-validator-1.6.jar:/home/user/.m2/repository/commons-digester/commons-digester/1.8.1/commons-digester-1.8.1.jar:/home/user/.m2/repository/io/jaegertracing/jaeger-client/0.34.0/jaeger-client-0.34.0.jar:/home/user/.m2/repository/io/jaegertracing/jaeger-thrift/0.34.0/jaeger-thrift-0.34.0.jar:/home/user/.m2/repository/org/apache/thrift/libthrift/0.12.0/libthrift-0.12.0.jar:/home/user/.m2/repository/com/squareup/okhttp3/okhttp/3.9.0/okhttp-3.9.0.jar:/home/user/.m2/repository/com/squareup/okio/okio/1.13.0/okio-1.13.0.jar:/home/user/.m2/repository/io/jaegertracing/jaeger-core/0.34.0/jaeger-core-0.34.0.jar:/home/user/.m2/repository/io/jaegertracing/jaeger-tracerresolver/0.34.0/jaeger-tracerresolver-0.34.0.jar:/home/user/.m2/repository/io/opentracing/contrib/opentracing-tracerresolver/0.1.5/opentracing-tracerresolver-0.1.5.jar:/home/user/.m2/repository/io/opentracing/opentracing-util/0.31.0/opentracing-util-0.31.0.jar:/home/user/.m2/repository/io/opentracing/opentracing-api/0.31.0/opentracing-api-0.31.0.jar:/home/user/.m2/repository/io/opentracing/opentracing-noop/0.31.0/opentracing-noop-0.31.0.jar:/home/user/.m2/repository/org/apache/hadoop/hadoop-hdds-server-framework/0.5.0-SNAPSHOT/hadoop-hdds-server-framework-0.5.0-SNAPSHOT.jar:/home/user/.m2/repository/org/apache/hadoop/hadoop-hdds-container-service/0.5.0-SNAPSHOT/hadoop-hdds-container-service-0.5.0-SNAPSHOT.jar:/home/user/.m2/repository/org/apache/hadoop/hadoop-hdds-client/0.5.0-SNAPSHOT/hadoop-hdds-client-0.5.0-SNAPSHOT.jar:/home/user/.m2/repository/org/apache/hadoop/hadoop-hdds-tools/0.5.0-SNAPSHOT/hadoop-hdds-tools-0.5.0-SNAPSHOT.jar:/home/user/.m2/repository/org/apache/hadoop/hadoop-hdds-server-scm/0.5.0-SNAPSHOT/hadoop-hdds-server-scm-0.5.0-SNAPSHOT.jar:/home/user/.m2/repository/org/apache/hadoop/hadoop-hdds-docs/0.5.0-SNAPSHOT/hadoop-hdds-docs-0.5.0-SNAPSHOT.jar:/home/user/.m2/repository/io/dropwizard/metrics/metrics-core/3.2.4/metrics-core-3.2.4.jar:/home/user/.m2/repository/org/hamcrest/hamcrest-all/1.3/hamcrest-all-1.3.jar:/home/user/.m2/repository/org/bouncycastle/bcprov-jdk15on/1.60/bcprov-jdk15on-1.60.jar:/home/user/.m2/repository/info/picocli/picocli/3.9.6/picocli-3.9.6.jar:/home/user/.m2/repository/com/google/protobuf/protobuf-java/2.5.0/protobuf-java-2.5.0.jar:/home/user/.m2/repository/com/google/guava/guava/11.0.2/guava-11.0.2.jar:/home/user/.m2/repository/org/apache/hadoop/hadoop-ozone-ozone-manager/0.5.0-SNAPSHOT/hadoop-ozone-ozone-manager-0.5.0-SNAPSHOT.jar:/home/user/.m2/repository/org/apache/hadoop/hadoop-minikdc/3.2.0/hadoop-minikdc-3.2.0.jar:/home/user/.m2/repository/commons-io/commons-io/2.5/commons-io-2.5.jar:/home/user/.m2/repository/org/apache/kerby/kerb-simplekdc/1.0.1/kerb-simplekdc-1.0.1.jar:/home/user/.m2/repository/org/apache/kerby/kerb-client/1.0.1/kerb-client-1.0.1.jar:/home/user/.m2/repository/org/apache/kerby/kerby-config/1.0.1/kerby-config-1.0.1.jar:/home/user/.m2/repository/org/apache/kerby/kerb-core/1.0.1/kerb-core-1.0.1.jar:/home/user/.m2/repository/org/apache/kerby/kerby-pkix/1.0.1/kerby-pkix-1.0.1.jar:/home/user/.m2/repository/org/apache/kerby/kerby-asn1/1.0.1/kerby-asn1-1.0.1.jar:/home/user/.m2/repository/org/apache/kerby/kerby-util/1.0.1/kerby-util-1.0.1.jar:/home/user/.m2/repository/org/apache/kerby/kerb-common/1.0.1/kerb-common-1.0.1.jar:/home/user/.m2/repository/org/apache/kerby/kerb-crypto/1.0.1/kerb-crypto-1.0.1.jar:/home/user/.m2/repository/org/apache/kerby/kerb-util/1.0.1/kerb-util-1.0.1.jar:/home/user/.m2/repository/org/apache/kerby/token-provider/1.0.1/token-provider-1.0.1.jar:/home/user/.m2/repository/org/apache/kerby/kerb-admin/1.0.1/kerb-admin-1.0.1.jar:/home/user/.m2/repository/org/apache/kerby/kerb-server/1.0.1/kerb-server-1.0.1.jar:/home/user/.m2/repository/org/apache/kerby/kerb-identity/1.0.1/kerb-identity-1.0.1.jar:/home/user/.m2/repository/org/apache/kerby/kerby-xdr/1.0.1/kerby-xdr-1.0.1.jar:/home/user/.m2/repository/org/slf4j/slf4j-log4j12/1.7.25/slf4j-log4j12-1.7.25.jar:/home/user/.m2/repository/org/apache/hadoop/hadoop-ozone-s3gateway/0.5.0-SNAPSHOT/hadoop-ozone-s3gateway-0.5.0-SNAPSHOT.jar:/home/user/.m2/repository/org/jboss/weld/servlet/weld-servlet/2.4.7.Final/weld-servlet-2.4.7.Final.jar:/home/user/.m2/repository/org/glassfish/jersey/containers/jersey-container-servlet-core/2.27/jersey-container-servlet-core-2.27.jar:/home/user/.m2/repository/org/glassfish/hk2/external/javax.inject/2.5.0-b42/javax.inject-2.5.0-b42.jar:/home/user/.m2/repository/org/glassfish/jersey/core/jersey-common/2.27/jersey-common-2.27.jar:/home/user/.m2/repository/org/glassfish/hk2/osgi-resource-locator/1.0.1/osgi-resource-locator-1.0.1.jar:/home/user/.m2/repository/javax/ws/rs/javax.ws.rs-api/2.1/javax.ws.rs-api-2.1.jar:/home/user/.m2/repository/org/glassfish/jersey/ext/cdi/jersey-cdi1x/2.27/jersey-cdi1x-2.27.jar:/home/user/.m2/repository/org/glassfish/jersey/inject/jersey-hk2/2.27/jersey-hk2-2.27.jar:/home/user/.m2/repository/org/glassfish/hk2/hk2-locator/2.5.0-b42/hk2-locator-2.5.0-b42.jar:/home/user/.m2/repository/org/javassist/javassist/3.22.0-CR2/javassist-3.22.0-CR2.jar:/home/user/.m2/repository/org/glassfish/hk2/hk2-api/2.5.0/hk2-api-2.5.0.jar:/home/user/.m2/repository/org/glassfish/hk2/external/jakarta.inject/2.5.0/jakarta.inject-2.5.0.jar:/home/user/.m2/repository/org/glassfish/hk2/hk2-utils/2.5.0/hk2-utils-2.5.0.jar:/home/user/.m2/repository/jakarta/annotation/jakarta.annotation-api/1.3.4/jakarta.annotation-api-1.3.4.jar:/home/user/.m2/repository/org/glassfish/hk2/external/aopalliance-repackaged/2.5.0/aopalliance-repackaged-2.5.0.jar:/home/user/.m2/repository/com/fasterxml/jackson/dataformat/jackson-dataformat-xml/2.9.0/jackson-dataformat-xml-2.9.0.jar:/home/user/.m2/repository/com/fasterxml/jackson/core/jackson-core/2.9.9/jackson-core-2.9.9.jar:/home/user/.m2/repository/com/fasterxml/jackson/module/jackson-module-jaxb-annotations/2.9.9/jackson-module-jaxb-annotations-2.9.9.jar:/home/user/.m2/repository/javax/enterprise/cdi-api/1.2/cdi-api-1.2.jar:/home/user/.m2/repository/javax/el/javax.el-api/3.0.0/javax.el-api-3.0.0.jar:/home/user/.m2/repository/javax/interceptor/javax.interceptor-api/1.2/javax.interceptor-api-1.2.jar:/home/user/.m2/repository/javax/inject/javax.inject/1/javax.inject-1.jar:/home/user/.m2/repository/com/sun/xml/bind/jaxb-impl/2.3.0.1/jaxb-impl-2.3.0.1.jar:/home/user/.m2/repository/com/sun/xml/bind/jaxb-core/2.3.0.1/jaxb-core-2.3.0.1.jar:/home/user/.m2/repository/javax/xml/bind/jaxb-api/2.3.0/jaxb-api-2.3.0.jar:/home/user/.m2/repository/javax/activation/activation/1.1.1/activation-1.1.1.jar:/home/user/.m2/repository/org/apache/hadoop/hadoop-ozone-csi/0.5.0-SNAPSHOT/hadoop-ozone-csi-0.5.0-SNAPSHOT.jar:/home/user/.m2/repository/com/google/protobuf/protobuf-java-util/3.5.1/protobuf-java-util-3.5.1.jar:/home/user/.m2/repository/org/apache/hadoop/hadoop-hdds-config/0.5.0-SNAPSHOT/hadoop-hdds-config-0.5.0-SNAPSHOT.jar:/home/user/.m2/repository/io/grpc/grpc-netty/1.17.1/grpc-netty-1.17.1.jar:/home/user/.m2/repository/io/grpc/grpc-core/1.17.1/grpc-core-1.17.1.jar:/home/user/.m2/repository/io/grpc/grpc-context/1.17.1/grpc-context-1.17.1.jar:/home/user/.m2/repository/com/google/errorprone/error_prone_annotations/2.2.0/error_prone_annotations-2.2.0.jar:/home/user/.m2/repository/org/codehaus/mojo/animal-sniffer-annotations/1.17/animal-sniffer-annotations-1.17.jar:/home/user/.m2/repository/io/opencensus/opencensus-api/0.17.0/opencensus-api-0.17.0.jar:/home/user/.m2/repository/io/opencensus/opencensus-contrib-grpc-metrics/0.17.0/opencensus-contrib-grpc-metrics-0.17.0.jar:/home/user/.m2/repository/io/netty/netty-codec-http2/4.1.30.Final/netty-codec-http2-4.1.30.Final.jar:/home/user/.m2/repository/io/netty/netty-codec-http/4.1.30.Final/netty-codec-http-4.1.30.Final.jar:/home/user/.m2/repository/io/netty/netty-codec/4.1.30.Final/netty-codec-4.1.30.Final.jar:/home/user/.m2/repository/io/netty/netty-handler/4.1.30.Final/netty-handler-4.1.30.Final.jar:/home/user/.m2/repository/io/netty/netty-handler-proxy/4.1.30.Final/netty-handler-proxy-4.1.30.Final.jar:/home/user/.m2/repository/io/netty/netty-codec-socks/4.1.30.Final/netty-codec-socks-4.1.30.Final.jar:/home/user/.m2/repository/io/netty/netty-transport-native-epoll/4.1.30.Final/netty-transport-native-epoll-4.1.30.Final.jar:/home/user/.m2/repository/io/netty/netty-common/4.1.30.Final/netty-common-4.1.30.Final.jar:/home/user/.m2/repository/io/netty/netty-buffer/4.1.30.Final/netty-buffer-4.1.30.Final.jar:/home/user/.m2/repository/io/netty/netty-transport/4.1.30.Final/netty-transport-4.1.30.Final.jar:/home/user/.m2/repository/io/netty/netty-resolver/4.1.30.Final/netty-resolver-4.1.30.Final.jar:/home/user/.m2/repository/io/netty/netty-transport-native-unix-common/4.1.30.Final/netty-transport-native-unix-common-4.1.30.Final.jar:/home/user/.m2/repository/io/grpc/grpc-protobuf/1.17.1/grpc-protobuf-1.17.1.jar:/home/user/.m2/repository/com/google/api/grpc/proto-google-common-protos/1.0.0/proto-google-common-protos-1.0.0.jar:/home/user/.m2/repository/io/grpc/grpc-protobuf-lite/1.17.1/grpc-protobuf-lite-1.17.1.jar:/home/user/.m2/repository/io/grpc/grpc-stub/1.17.1/grpc-stub-1.17.1.jar:/home/user/.m2/repository/org/apache/hadoop/hadoop-ozone-recon/0.5.0-SNAPSHOT/hadoop-ozone-recon-0.5.0-SNAPSHOT.jar:/home/user/.m2/repository/org/apache/hadoop/hadoop-ozone-reconcodegen/0.5.0-SNAPSHOT/hadoop-ozone-reconcodegen-0.5.0-SNAPSHOT.jar:/home/user/.m2/repository/com/google/inject/extensions/guice-multibindings/4.0/guice-multibindings-4.0.jar:/home/user/.m2/repository/com/google/inject/guice/4.0/guice-4.0.jar:/home/user/.m2/repository/aopalliance/aopalliance/1.0/aopalliance-1.0.jar:/home/user/.m2/repository/com/google/inject/extensions/guice-servlet/4.0/guice-servlet-4.0.jar:/home/user/.m2/repository/org/glassfish/jersey/containers/jersey-container-servlet/2.27/jersey-container-servlet-2.27.jar:/home/user/.m2/repository/org/glassfish/hk2/guice-bridge/2.5.0/guice-bridge-2.5.0.jar:/home/user/.m2/repository/org/glassfish/jersey/core/jersey-server/2.27/jersey-server-2.27.jar:/home/user/.m2/repository/org/glassfish/jersey/core/jersey-client/2.27/jersey-client-2.27.jar:/home/user/.m2/repository/org/glassfish/jersey/media/jersey-media-jaxb/2.27/jersey-media-jaxb-2.27.jar:/home/user/.m2/repository/javax/validation/validation-api/1.1.0.Final/validation-api-1.1.0.Final.jar:/home/user/.m2/repository/org/glassfish/jersey/media/jersey-media-json-jackson/2.27/jersey-media-json-jackson-2.27.jar:/home/user/.m2/repository/org/glassfish/jersey/ext/jersey-entity-filtering/2.27/jersey-entity-filtering-2.27.jar:/home/user/.m2/repository/com/google/inject/extensions/guice-assistedinject/4.0/guice-assistedinject-4.0.jar:/home/user/.m2/repository/org/jooq/jooq/3.11.10/jooq-3.11.10.jar:/home/user/.m2/repository/org/jooq/jooq-meta/3.11.10/jooq-meta-3.11.10.jar:/home/user/.m2/repository/org/jooq/jooq-codegen/3.11.10/jooq-codegen-3.11.10.jar:/home/user/.m2/repository/com/jolbox/bonecp/0.8.0.RELEASE/bonecp-0.8.0.RELEASE.jar:/home/user/.m2/repository/org/xerial/sqlite-jdbc/3.25.2/sqlite-jdbc-3.25.2.jar:/home/user/.m2/repository/org/springframework/spring-jdbc/5.1.3.RELEASE/spring-jdbc-5.1.3.RELEASE.jar:/home/user/.m2/repository/org/springframework/spring-beans/5.1.3.RELEASE/spring-beans-5.1.3.RELEASE.jar:/home/user/.m2/repository/org/springframework/spring-core/5.1.3.RELEASE/spring-core-5.1.3.RELEASE.jar:/home/user/.m2/repository/org/springframework/spring-jcl/5.1.3.RELEASE/spring-jcl-5.1.3.RELEASE.jar:/home/user/.m2/repository/org/springframework/spring-tx/5.1.3.RELEASE/spring-tx-5.1.3.RELEASE.jar:/home/user/.m2/repository/org/apache/hadoop/hadoop-ozone-client/0.5.0-SNAPSHOT/hadoop-ozone-client-0.5.0-SNAPSHOT.jar:/home/user/.m2/repository/commons-lang/commons-lang/2.6/commons-lang-2.6.jar:/home/user/.m2/repository/org/apache/hadoop/hadoop-ozone-ozone-manager/0.5.0-SNAPSHOT/hadoop-ozone-ozone-manager-0.5.0-SNAPSHOT-tests.jar:/home/user/.m2/repository/junit/junit/4.11/junit-4.11.jar:/home/user/.m2/repository/org/hamcrest/hamcrest-core/1.3/hamcrest-core-1.3.jar:/home/user/.m2/repository/org/openjdk/jmh/jmh-core/1.19/jmh-core-1.19.jar:/home/user/.m2/repository/net/sf/jopt-simple/jopt-simple/4.6/jopt-simple-4.6.jar:/home/user/.m2/repository/org/apache/commons/commons-math3/3.1.1/commons-math3-3.1.1.jar:/home/user/.m2/repository/org/openjdk/jmh/jmh-generator-annprocess/1.19/jmh-generator-annprocess-1.19.jar:/home/user/.m2/repository/org/mockito/mockito-all/1.8.5/mockito-all-1.8.5.jar:/home/user/.m2/repository/org/apache/hadoop/hadoop-kms/3.2.0/hadoop-kms-3.2.0.jar:/home/user/.m2/repository/org/apache/hadoop/hadoop-auth/3.2.0/hadoop-auth-3.2.0.jar:/home/user/.m2/repository/com/nimbusds/nimbus-jose-jwt/4.41.1/nimbus-jose-jwt-4.41.1.jar:/home/user/.m2/repository/com/github/stephenc/jcip/jcip-annotations/1.0-1/jcip-annotations-1.0-1.jar:/home/user/.m2/repository/net/minidev/json-smart/2.3/json-smart-2.3.jar:/home/user/.m2/repository/net/minidev/accessors-smart/1.2/accessors-smart-1.2.jar:/home/user/.m2/repository/org/ow2/asm/asm/5.0.4/asm-5.0.4.jar:/home/user/.m2/repository/org/apache/curator/curator-framework/2.12.0/curator-framework-2.12.0.jar:/home/user/.m2/repository/com/sun/jersey/jersey-core/1.19/jersey-core-1.19.jar:/home/user/.m2/repository/javax/ws/rs/jsr311-api/1.1.1/jsr311-api-1.1.1.jar:/home/user/.m2/repository/com/sun/jersey/jersey-server/1.19/jersey-server-1.19.jar:/home/user/.m2/repository/javax/servlet/javax.servlet-api/3.1.0/javax.servlet-api-3.1.0.jar:/home/user/.m2/repository/org/eclipse/jetty/jetty-server/9.3.25.v20180904/jetty-server-9.3.25.v20180904.jar:/home/user/.m2/repository/org/eclipse/jetty/jetty-http/9.3.25.v20180904/jetty-http-9.3.25.v20180904.jar:/home/user/.m2/repository/org/eclipse/jetty/jetty-io/9.3.25.v20180904/jetty-io-9.3.25.v20180904.jar:/home/user/.m2/repository/org/eclipse/jetty/jetty-webapp/9.3.25.v20180904/jetty-webapp-9.3.25.v20180904.jar:/home/user/.m2/repository/org/eclipse/jetty/jetty-xml/9.3.25.v20180904/jetty-xml-9.3.25.v20180904.jar:/home/user/.m2/repository/log4j/log4j/1.2.17/log4j-1.2.17.jar:/home/user/.m2/repository/org/slf4j/slf4j-api/1.7.25/slf4j-api-1.7.25.jar:/home/user/.m2/repository/org/slf4j/jul-to-slf4j/1.7.25/jul-to-slf4j-1.7.25.jar:/home/user/.m2/repository/org/eclipse/jetty/jetty-util/9.3.25.v20180904/jetty-util-9.3.25.v20180904.jar:/home/user/.m2/repository/com/fasterxml/jackson/core/jackson-databind/2.9.9/jackson-databind-2.9.9.jar:/home/user/.m2/repository/org/apache/hadoop/hadoop-kms/3.2.0/hadoop-kms-3.2.0-tests.jar:/home/user/.m2/repository/org/apache/hadoop/hadoop-hdds-server-scm/0.5.0-SNAPSHOT/hadoop-hdds-server-scm-0.5.0-SNAPSHOT-tests.jar:/home/user/.m2/repository/org/apache/hadoop/hadoop-hdds-container-service/0.5.0-SNAPSHOT/hadoop-hdds-container-service-0.5.0-SNAPSHOT-tests.jar:/home/user/.m2/repository/org/yaml/snakeyaml/1.16/snakeyaml-1.16.jar:/home/user/.m2/repository/org/apache/hadoop/hadoop-common/3.2.0/hadoop-common-3.2.0-tests.jar:/home/user/.m2/repository/org/apache/hadoop/hadoop-annotations/3.2.0/hadoop-annotations-3.2.0.jar:/usr/lib/jvm/java-1.8-openjdk/jre/../lib/tools.jar:/home/user/.m2/repository/commons-cli/commons-cli/1.2/commons-cli-1.2.jar:/home/user/.m2/repository/org/apache/httpcomponents/httpclient/4.5.2/httpclient-4.5.2.jar:/home/user/.m2/repository/org/apache/httpcomponents/httpcore/4.4.4/httpcore-4.4.4.jar:/home/user/.m2/repository/commons-codec/commons-codec/1.11/commons-codec-1.11.jar:/home/user/.m2/repository/commons-net/commons-net/3.6/commons-net-3.6.jar:/home/user/.m2/repository/commons-collections/commons-collections/3.2.2/commons-collections-3.2.2.jar:/home/user/.m2/repository/org/eclipse/jetty/jetty-servlet/9.3.25.v20180904/jetty-servlet-9.3.25.v20180904.jar:/home/user/.m2/repository/org/eclipse/jetty/jetty-security/9.3.25.v20180904/jetty-security-9.3.25.v20180904.jar:/home/user/.m2/repository/javax/servlet/jsp/jsp-api/2.1/jsp-api-2.1.jar:/home/user/.m2/repository/com/sun/jersey/jersey-servlet/1.19/jersey-servlet-1.19.jar:/home/user/.m2/repository/com/sun/jersey/jersey-json/1.19/jersey-json-1.19.jar:/home/user/.m2/repository/org/codehaus/jettison/jettison/1.1/jettison-1.1.jar:/home/user/.m2/repository/org/codehaus/jackson/jackson-core-asl/1.9.13/jackson-core-asl-1.9.13.jar:/home/user/.m2/repository/org/codehaus/jackson/jackson-mapper-asl/1.9.13/jackson-mapper-asl-1.9.13.jar:/home/user/.m2/repository/org/codehaus/jackson/jackson-jaxrs/1.9.13/jackson-jaxrs-1.9.13.jar:/home/user/.m2/repository/org/codehaus/jackson/jackson-xc/1.9.13/jackson-xc-1.9.13.jar:/home/user/.m2/repository/commons-logging/commons-logging/1.1.3/commons-logging-1.1.3.jar:/home/user/.m2/repository/commons-beanutils/commons-beanutils/1.9.4/commons-beanutils-1.9.4.jar:/home/user/.m2/repository/org/apache/commons/commons-configuration2/2.1.1/commons-configuration2-2.1.1.jar:/home/user/.m2/repository/org/apache/commons/commons-lang3/3.7/commons-lang3-3.7.jar:/home/user/.m2/repository/org/apache/commons/commons-text/1.4/commons-text-1.4.jar:/home/user/.m2/repository/org/apache/avro/avro/1.7.7/avro-1.7.7.jar:/home/user/.m2/repository/com/thoughtworks/paranamer/paranamer/2.3/paranamer-2.3.jar:/home/user/.m2/repository/org/xerial/snappy/snappy-java/1.0.5/snappy-java-1.0.5.jar:/home/user/.m2/repository/com/google/re2j/re2j/1.1/re2j-1.1.jar:/home/user/.m2/repository/com/google/code/gson/gson/2.2.4/gson-2.2.4.jar:/home/user/.m2/repository/com/jcraft/jsch/0.1.54/jsch-0.1.54.jar:/home/user/.m2/repository/org/apache/curator/curator-client/2.12.0/curator-client-2.12.0.jar:/home/user/.m2/repository/org/apache/curator/curator-recipes/2.12.0/curator-recipes-2.12.0.jar:/home/user/.m2/repository/com/google/code/findbugs/jsr305/3.0.0/jsr305-3.0.0.jar:/home/user/.m2/repository/org/apache/htrace/htrace-core4/4.1.0-incubating/htrace-core4-4.1.0-incubating.jar:/home/user/.m2/repository/org/apache/zookeeper/zookeeper/3.4.13/zookeeper-3.4.13.jar:/home/user/.m2/repository/jline/jline/0.9.94/jline-0.9.94.jar:/home/user/.m2/repository/org/apache/yetus/audience-annotations/0.5.0/audience-annotations-0.5.0.jar:/home/user/.m2/repository/org/codehaus/woodstox/stax2-api/3.1.4/stax2-api-3.1.4.jar:/home/user/.m2/repository/com/fasterxml/woodstox/woodstox-core/5.0.3/woodstox-core-5.0.3.jar:/home/user/.m2/repository/dnsjava/dnsjava/2.1.7/dnsjava-2.1.7.jar:/home/user/.m2/repository/org/apache/hadoop/hadoop-hdfs/3.2.0/hadoop-hdfs-3.2.0-tests.jar:/home/user/.m2/repository/org/eclipse/jetty/jetty-util-ajax/9.3.25.v20180904/jetty-util-ajax-9.3.25.v20180904.jar:/home/user/.m2/repository/commons-daemon/commons-daemon/1.0.13/commons-daemon-1.0.13.jar:/home/user/.m2/repository/io/netty/netty/3.10.5.Final/netty-3.10.5.Final.jar:/home/user/.m2/repository/io/netty/netty-all/4.0.52.Final/netty-all-4.0.52.Final.jar:/home/user/.m2/repository/org/fusesource/leveldbjni/leveldbjni-all/1.8/leveldbjni-all-1.8.jar:"/>
    <property name="java.vm.vendor" value="IcedTea"/>
    <property name="sun.arch.data.model" value="64"/>
    <property name="test.build.dir" value="/workdir/hadoop-ozone/integration-test/target/test-dir"/>
    <property name="test.cache.data" value=""/>
    <property name="java.vendor.url" value="https://icedtea.classpath.org"/>
    <property name="user.timezone" value=""/>
    <property name="java.vm.specification.version" value="1.8"/>
    <property name="os.name" value="Linux"/>
    <property name="test.build.data" value="/workdir/hadoop-ozone/integration-test/target/test-dir"/>
    <property name="user.country" value="US"/>
    <property name="sun.java.launcher" value="SUN_STANDARD"/>
    <property name="sun.boot.library.path" value="/usr/lib/jvm/java-1.8-openjdk/jre/lib/amd64"/>
    <property name="sun.java.command" value="/workdir/hadoop-ozone/integration-test/target/surefire/surefirebooter7155849188077539793.jar /workdir/hadoop-ozone/integration-test/target/surefire 2019-10-15T03-02-24_590-jvmRun1 surefire6383909366003529312tmp surefire_76551305847114535152tmp"/>
    <property name="test" value="!TestMiniChaosOzoneCluster"/>
    <property name="surefire.test.class.path" value="/workdir/hadoop-ozone/integration-test/target/test-classes:/workdir/hadoop-ozone/integration-test/target/classes:/home/user/.m2/repository/org/apache/hadoop/hadoop-ozone-common/0.5.0-SNAPSHOT/hadoop-ozone-common-0.5.0-SNAPSHOT.jar:/home/user/.m2/repository/org/apache/commons/commons-compress/1.4.1/commons-compress-1.4.1.jar:/home/user/.m2/repository/org/tukaani/xz/1.0/xz-1.0.jar:/home/user/.m2/repository/org/apache/hadoop/hadoop-common/3.2.0/hadoop-common-3.2.0.jar:/home/user/.m2/repository/org/apache/hadoop/hadoop-hdfs/3.2.0/hadoop-hdfs-3.2.0.jar:/home/user/.m2/repository/org/apache/hadoop/hadoop-hdfs-client/3.2.0/hadoop-hdfs-client-3.2.0.jar:/home/user/.m2/repository/com/fasterxml/jackson/core/jackson-annotations/2.9.9/jackson-annotations-2.9.9.jar:/home/user/.m2/repository/org/apache/hadoop/hadoop-hdds-common/0.5.0-SNAPSHOT/hadoop-hdds-common-0.5.0-SNAPSHOT.jar:/home/user/.m2/repository/javax/annotation/javax.annotation-api/1.2/javax.annotation-api-1.2.jar:/home/user/.m2/repository/org/apache/ratis/ratis-server/0.5.0-201fc85-SNAPSHOT/ratis-server-0.5.0-201fc85-SNAPSHOT.jar:/home/user/.m2/repository/org/apache/ratis/ratis-thirdparty-misc/0.2.0/ratis-thirdparty-misc-0.2.0.jar:/home/user/.m2/repository/org/apache/ratis/ratis-proto/0.5.0-201fc85-SNAPSHOT/ratis-proto-0.5.0-201fc85-SNAPSHOT.jar:/home/user/.m2/repository/org/apache/ratis/ratis-common/0.5.0-201fc85-SNAPSHOT/ratis-common-0.5.0-201fc85-SNAPSHOT.jar:/home/user/.m2/repository/org/apache/ratis/ratis-client/0.5.0-201fc85-SNAPSHOT/ratis-client-0.5.0-201fc85-SNAPSHOT.jar:/home/user/.m2/repository/org/apache/ratis/ratis-metrics/0.5.0-201fc85-SNAPSHOT/ratis-metrics-0.5.0-201fc85-SNAPSHOT.jar:/home/user/.m2/repository/com/github/joshelser/dropwizard-metrics-hadoop-metrics2-reporter/0.1.2/dropwizard-metrics-hadoop-metrics2-reporter-0.1.2.jar:/home/user/.m2/repository/io/dropwizard/metrics/metrics-jvm/3.2.5/metrics-jvm-3.2.5.jar:/home/user/.m2/repository/io/dropwizard/metrics/metrics-ganglia/3.2.5/metrics-ganglia-3.2.5.jar:/home/user/.m2/repository/info/ganglia/gmetric4j/gmetric4j/1.0.7/gmetric4j-1.0.7.jar:/home/user/.m2/repository/org/apache/ratis/ratis-netty/0.5.0-201fc85-SNAPSHOT/ratis-netty-0.5.0-201fc85-SNAPSHOT.jar:/home/user/.m2/repository/org/apache/ratis/ratis-grpc/0.5.0-201fc85-SNAPSHOT/ratis-grpc-0.5.0-201fc85-SNAPSHOT.jar:/home/user/.m2/repository/org/rocksdb/rocksdbjni/6.0.1/rocksdbjni-6.0.1.jar:/home/user/.m2/repository/org/apache/logging/log4j/log4j-api/2.11.0/log4j-api-2.11.0.jar:/home/user/.m2/repository/org/apache/logging/log4j/log4j-core/2.11.0/log4j-core-2.11.0.jar:/home/user/.m2/repository/com/lmax/disruptor/3.4.2/disruptor-3.4.2.jar:/home/user/.m2/repository/org/apache/commons/commons-pool2/2.6.0/commons-pool2-2.6.0.jar:/home/user/.m2/repository/org/bouncycastle/bcpkix-jdk15on/1.60/bcpkix-jdk15on-1.60.jar:/home/user/.m2/repository/commons-validator/commons-validator/1.6/commons-validator-1.6.jar:/home/user/.m2/repository/commons-digester/commons-digester/1.8.1/commons-digester-1.8.1.jar:/home/user/.m2/repository/io/jaegertracing/jaeger-client/0.34.0/jaeger-client-0.34.0.jar:/home/user/.m2/repository/io/jaegertracing/jaeger-thrift/0.34.0/jaeger-thrift-0.34.0.jar:/home/user/.m2/repository/org/apache/thrift/libthrift/0.12.0/libthrift-0.12.0.jar:/home/user/.m2/repository/com/squareup/okhttp3/okhttp/3.9.0/okhttp-3.9.0.jar:/home/user/.m2/repository/com/squareup/okio/okio/1.13.0/okio-1.13.0.jar:/home/user/.m2/repository/io/jaegertracing/jaeger-core/0.34.0/jaeger-core-0.34.0.jar:/home/user/.m2/repository/io/jaegertracing/jaeger-tracerresolver/0.34.0/jaeger-tracerresolver-0.34.0.jar:/home/user/.m2/repository/io/opentracing/contrib/opentracing-tracerresolver/0.1.5/opentracing-tracerresolver-0.1.5.jar:/home/user/.m2/repository/io/opentracing/opentracing-util/0.31.0/opentracing-util-0.31.0.jar:/home/user/.m2/repository/io/opentracing/opentracing-api/0.31.0/opentracing-api-0.31.0.jar:/home/user/.m2/repository/io/opentracing/opentracing-noop/0.31.0/opentracing-noop-0.31.0.jar:/home/user/.m2/repository/org/apache/hadoop/hadoop-hdds-server-framework/0.5.0-SNAPSHOT/hadoop-hdds-server-framework-0.5.0-SNAPSHOT.jar:/home/user/.m2/repository/org/apache/hadoop/hadoop-hdds-container-service/0.5.0-SNAPSHOT/hadoop-hdds-container-service-0.5.0-SNAPSHOT.jar:/home/user/.m2/repository/org/apache/hadoop/hadoop-hdds-client/0.5.0-SNAPSHOT/hadoop-hdds-client-0.5.0-SNAPSHOT.jar:/home/user/.m2/repository/org/apache/hadoop/hadoop-hdds-tools/0.5.0-SNAPSHOT/hadoop-hdds-tools-0.5.0-SNAPSHOT.jar:/home/user/.m2/repository/org/apache/hadoop/hadoop-hdds-server-scm/0.5.0-SNAPSHOT/hadoop-hdds-server-scm-0.5.0-SNAPSHOT.jar:/home/user/.m2/repository/org/apache/hadoop/hadoop-hdds-docs/0.5.0-SNAPSHOT/hadoop-hdds-docs-0.5.0-SNAPSHOT.jar:/home/user/.m2/repository/io/dropwizard/metrics/metrics-core/3.2.4/metrics-core-3.2.4.jar:/home/user/.m2/repository/org/hamcrest/hamcrest-all/1.3/hamcrest-all-1.3.jar:/home/user/.m2/repository/org/bouncycastle/bcprov-jdk15on/1.60/bcprov-jdk15on-1.60.jar:/home/user/.m2/repository/info/picocli/picocli/3.9.6/picocli-3.9.6.jar:/home/user/.m2/repository/com/google/protobuf/protobuf-java/2.5.0/protobuf-java-2.5.0.jar:/home/user/.m2/repository/com/google/guava/guava/11.0.2/guava-11.0.2.jar:/home/user/.m2/repository/org/apache/hadoop/hadoop-ozone-ozone-manager/0.5.0-SNAPSHOT/hadoop-ozone-ozone-manager-0.5.0-SNAPSHOT.jar:/home/user/.m2/repository/org/apache/hadoop/hadoop-minikdc/3.2.0/hadoop-minikdc-3.2.0.jar:/home/user/.m2/repository/commons-io/commons-io/2.5/commons-io-2.5.jar:/home/user/.m2/repository/org/apache/kerby/kerb-simplekdc/1.0.1/kerb-simplekdc-1.0.1.jar:/home/user/.m2/repository/org/apache/kerby/kerb-client/1.0.1/kerb-client-1.0.1.jar:/home/user/.m2/repository/org/apache/kerby/kerby-config/1.0.1/kerby-config-1.0.1.jar:/home/user/.m2/repository/org/apache/kerby/kerb-core/1.0.1/kerb-core-1.0.1.jar:/home/user/.m2/repository/org/apache/kerby/kerby-pkix/1.0.1/kerby-pkix-1.0.1.jar:/home/user/.m2/repository/org/apache/kerby/kerby-asn1/1.0.1/kerby-asn1-1.0.1.jar:/home/user/.m2/repository/org/apache/kerby/kerby-util/1.0.1/kerby-util-1.0.1.jar:/home/user/.m2/repository/org/apache/kerby/kerb-common/1.0.1/kerb-common-1.0.1.jar:/home/user/.m2/repository/org/apache/kerby/kerb-crypto/1.0.1/kerb-crypto-1.0.1.jar:/home/user/.m2/repository/org/apache/kerby/kerb-util/1.0.1/kerb-util-1.0.1.jar:/home/user/.m2/repository/org/apache/kerby/token-provider/1.0.1/token-provider-1.0.1.jar:/home/user/.m2/repository/org/apache/kerby/kerb-admin/1.0.1/kerb-admin-1.0.1.jar:/home/user/.m2/repository/org/apache/kerby/kerb-server/1.0.1/kerb-server-1.0.1.jar:/home/user/.m2/repository/org/apache/kerby/kerb-identity/1.0.1/kerb-identity-1.0.1.jar:/home/user/.m2/repository/org/apache/kerby/kerby-xdr/1.0.1/kerby-xdr-1.0.1.jar:/home/user/.m2/repository/org/slf4j/slf4j-log4j12/1.7.25/slf4j-log4j12-1.7.25.jar:/home/user/.m2/repository/org/apache/hadoop/hadoop-ozone-s3gateway/0.5.0-SNAPSHOT/hadoop-ozone-s3gateway-0.5.0-SNAPSHOT.jar:/home/user/.m2/repository/org/jboss/weld/servlet/weld-servlet/2.4.7.Final/weld-servlet-2.4.7.Final.jar:/home/user/.m2/repository/org/glassfish/jersey/containers/jersey-container-servlet-core/2.27/jersey-container-servlet-core-2.27.jar:/home/user/.m2/repository/org/glassfish/hk2/external/javax.inject/2.5.0-b42/javax.inject-2.5.0-b42.jar:/home/user/.m2/repository/org/glassfish/jersey/core/jersey-common/2.27/jersey-common-2.27.jar:/home/user/.m2/repository/org/glassfish/hk2/osgi-resource-locator/1.0.1/osgi-resource-locator-1.0.1.jar:/home/user/.m2/repository/javax/ws/rs/javax.ws.rs-api/2.1/javax.ws.rs-api-2.1.jar:/home/user/.m2/repository/org/glassfish/jersey/ext/cdi/jersey-cdi1x/2.27/jersey-cdi1x-2.27.jar:/home/user/.m2/repository/org/glassfish/jersey/inject/jersey-hk2/2.27/jersey-hk2-2.27.jar:/home/user/.m2/repository/org/glassfish/hk2/hk2-locator/2.5.0-b42/hk2-locator-2.5.0-b42.jar:/home/user/.m2/repository/org/javassist/javassist/3.22.0-CR2/javassist-3.22.0-CR2.jar:/home/user/.m2/repository/org/glassfish/hk2/hk2-api/2.5.0/hk2-api-2.5.0.jar:/home/user/.m2/repository/org/glassfish/hk2/external/jakarta.inject/2.5.0/jakarta.inject-2.5.0.jar:/home/user/.m2/repository/org/glassfish/hk2/hk2-utils/2.5.0/hk2-utils-2.5.0.jar:/home/user/.m2/repository/jakarta/annotation/jakarta.annotation-api/1.3.4/jakarta.annotation-api-1.3.4.jar:/home/user/.m2/repository/org/glassfish/hk2/external/aopalliance-repackaged/2.5.0/aopalliance-repackaged-2.5.0.jar:/home/user/.m2/repository/com/fasterxml/jackson/dataformat/jackson-dataformat-xml/2.9.0/jackson-dataformat-xml-2.9.0.jar:/home/user/.m2/repository/com/fasterxml/jackson/core/jackson-core/2.9.9/jackson-core-2.9.9.jar:/home/user/.m2/repository/com/fasterxml/jackson/module/jackson-module-jaxb-annotations/2.9.9/jackson-module-jaxb-annotations-2.9.9.jar:/home/user/.m2/repository/javax/enterprise/cdi-api/1.2/cdi-api-1.2.jar:/home/user/.m2/repository/javax/el/javax.el-api/3.0.0/javax.el-api-3.0.0.jar:/home/user/.m2/repository/javax/interceptor/javax.interceptor-api/1.2/javax.interceptor-api-1.2.jar:/home/user/.m2/repository/javax/inject/javax.inject/1/javax.inject-1.jar:/home/user/.m2/repository/com/sun/xml/bind/jaxb-impl/2.3.0.1/jaxb-impl-2.3.0.1.jar:/home/user/.m2/repository/com/sun/xml/bind/jaxb-core/2.3.0.1/jaxb-core-2.3.0.1.jar:/home/user/.m2/repository/javax/xml/bind/jaxb-api/2.3.0/jaxb-api-2.3.0.jar:/home/user/.m2/repository/javax/activation/activation/1.1.1/activation-1.1.1.jar:/home/user/.m2/repository/org/apache/hadoop/hadoop-ozone-csi/0.5.0-SNAPSHOT/hadoop-ozone-csi-0.5.0-SNAPSHOT.jar:/home/user/.m2/repository/com/google/protobuf/protobuf-java-util/3.5.1/protobuf-java-util-3.5.1.jar:/home/user/.m2/repository/org/apache/hadoop/hadoop-hdds-config/0.5.0-SNAPSHOT/hadoop-hdds-config-0.5.0-SNAPSHOT.jar:/home/user/.m2/repository/io/grpc/grpc-netty/1.17.1/grpc-netty-1.17.1.jar:/home/user/.m2/repository/io/grpc/grpc-core/1.17.1/grpc-core-1.17.1.jar:/home/user/.m2/repository/io/grpc/grpc-context/1.17.1/grpc-context-1.17.1.jar:/home/user/.m2/repository/com/google/errorprone/error_prone_annotations/2.2.0/error_prone_annotations-2.2.0.jar:/home/user/.m2/repository/org/codehaus/mojo/animal-sniffer-annotations/1.17/animal-sniffer-annotations-1.17.jar:/home/user/.m2/repository/io/opencensus/opencensus-api/0.17.0/opencensus-api-0.17.0.jar:/home/user/.m2/repository/io/opencensus/opencensus-contrib-grpc-metrics/0.17.0/opencensus-contrib-grpc-metrics-0.17.0.jar:/home/user/.m2/repository/io/netty/netty-codec-http2/4.1.30.Final/netty-codec-http2-4.1.30.Final.jar:/home/user/.m2/repository/io/netty/netty-codec-http/4.1.30.Final/netty-codec-http-4.1.30.Final.jar:/home/user/.m2/repository/io/netty/netty-codec/4.1.30.Final/netty-codec-4.1.30.Final.jar:/home/user/.m2/repository/io/netty/netty-handler/4.1.30.Final/netty-handler-4.1.30.Final.jar:/home/user/.m2/repository/io/netty/netty-handler-proxy/4.1.30.Final/netty-handler-proxy-4.1.30.Final.jar:/home/user/.m2/repository/io/netty/netty-codec-socks/4.1.30.Final/netty-codec-socks-4.1.30.Final.jar:/home/user/.m2/repository/io/netty/netty-transport-native-epoll/4.1.30.Final/netty-transport-native-epoll-4.1.30.Final.jar:/home/user/.m2/repository/io/netty/netty-common/4.1.30.Final/netty-common-4.1.30.Final.jar:/home/user/.m2/repository/io/netty/netty-buffer/4.1.30.Final/netty-buffer-4.1.30.Final.jar:/home/user/.m2/repository/io/netty/netty-transport/4.1.30.Final/netty-transport-4.1.30.Final.jar:/home/user/.m2/repository/io/netty/netty-resolver/4.1.30.Final/netty-resolver-4.1.30.Final.jar:/home/user/.m2/repository/io/netty/netty-transport-native-unix-common/4.1.30.Final/netty-transport-native-unix-common-4.1.30.Final.jar:/home/user/.m2/repository/io/grpc/grpc-protobuf/1.17.1/grpc-protobuf-1.17.1.jar:/home/user/.m2/repository/com/google/api/grpc/proto-google-common-protos/1.0.0/proto-google-common-protos-1.0.0.jar:/home/user/.m2/repository/io/grpc/grpc-protobuf-lite/1.17.1/grpc-protobuf-lite-1.17.1.jar:/home/user/.m2/repository/io/grpc/grpc-stub/1.17.1/grpc-stub-1.17.1.jar:/home/user/.m2/repository/org/apache/hadoop/hadoop-ozone-recon/0.5.0-SNAPSHOT/hadoop-ozone-recon-0.5.0-SNAPSHOT.jar:/home/user/.m2/repository/org/apache/hadoop/hadoop-ozone-reconcodegen/0.5.0-SNAPSHOT/hadoop-ozone-reconcodegen-0.5.0-SNAPSHOT.jar:/home/user/.m2/repository/com/google/inject/extensions/guice-multibindings/4.0/guice-multibindings-4.0.jar:/home/user/.m2/repository/com/google/inject/guice/4.0/guice-4.0.jar:/home/user/.m2/repository/aopalliance/aopalliance/1.0/aopalliance-1.0.jar:/home/user/.m2/repository/com/google/inject/extensions/guice-servlet/4.0/guice-servlet-4.0.jar:/home/user/.m2/repository/org/glassfish/jersey/containers/jersey-container-servlet/2.27/jersey-container-servlet-2.27.jar:/home/user/.m2/repository/org/glassfish/hk2/guice-bridge/2.5.0/guice-bridge-2.5.0.jar:/home/user/.m2/repository/org/glassfish/jersey/core/jersey-server/2.27/jersey-server-2.27.jar:/home/user/.m2/repository/org/glassfish/jersey/core/jersey-client/2.27/jersey-client-2.27.jar:/home/user/.m2/repository/org/glassfish/jersey/media/jersey-media-jaxb/2.27/jersey-media-jaxb-2.27.jar:/home/user/.m2/repository/javax/validation/validation-api/1.1.0.Final/validation-api-1.1.0.Final.jar:/home/user/.m2/repository/org/glassfish/jersey/media/jersey-media-json-jackson/2.27/jersey-media-json-jackson-2.27.jar:/home/user/.m2/repository/org/glassfish/jersey/ext/jersey-entity-filtering/2.27/jersey-entity-filtering-2.27.jar:/home/user/.m2/repository/com/google/inject/extensions/guice-assistedinject/4.0/guice-assistedinject-4.0.jar:/home/user/.m2/repository/org/jooq/jooq/3.11.10/jooq-3.11.10.jar:/home/user/.m2/repository/org/jooq/jooq-meta/3.11.10/jooq-meta-3.11.10.jar:/home/user/.m2/repository/org/jooq/jooq-codegen/3.11.10/jooq-codegen-3.11.10.jar:/home/user/.m2/repository/com/jolbox/bonecp/0.8.0.RELEASE/bonecp-0.8.0.RELEASE.jar:/home/user/.m2/repository/org/xerial/sqlite-jdbc/3.25.2/sqlite-jdbc-3.25.2.jar:/home/user/.m2/repository/org/springframework/spring-jdbc/5.1.3.RELEASE/spring-jdbc-5.1.3.RELEASE.jar:/home/user/.m2/repository/org/springframework/spring-beans/5.1.3.RELEASE/spring-beans-5.1.3.RELEASE.jar:/home/user/.m2/repository/org/springframework/spring-core/5.1.3.RELEASE/spring-core-5.1.3.RELEASE.jar:/home/user/.m2/repository/org/springframework/spring-jcl/5.1.3.RELEASE/spring-jcl-5.1.3.RELEASE.jar:/home/user/.m2/repository/org/springframework/spring-tx/5.1.3.RELEASE/spring-tx-5.1.3.RELEASE.jar:/home/user/.m2/repository/org/apache/hadoop/hadoop-ozone-client/0.5.0-SNAPSHOT/hadoop-ozone-client-0.5.0-SNAPSHOT.jar:/home/user/.m2/repository/commons-lang/commons-lang/2.6/commons-lang-2.6.jar:/home/user/.m2/repository/org/apache/hadoop/hadoop-ozone-ozone-manager/0.5.0-SNAPSHOT/hadoop-ozone-ozone-manager-0.5.0-SNAPSHOT-tests.jar:/home/user/.m2/repository/junit/junit/4.11/junit-4.11.jar:/home/user/.m2/repository/org/hamcrest/hamcrest-core/1.3/hamcrest-core-1.3.jar:/home/user/.m2/repository/org/openjdk/jmh/jmh-core/1.19/jmh-core-1.19.jar:/home/user/.m2/repository/net/sf/jopt-simple/jopt-simple/4.6/jopt-simple-4.6.jar:/home/user/.m2/repository/org/apache/commons/commons-math3/3.1.1/commons-math3-3.1.1.jar:/home/user/.m2/repository/org/openjdk/jmh/jmh-generator-annprocess/1.19/jmh-generator-annprocess-1.19.jar:/home/user/.m2/repository/org/mockito/mockito-all/1.8.5/mockito-all-1.8.5.jar:/home/user/.m2/repository/org/apache/hadoop/hadoop-kms/3.2.0/hadoop-kms-3.2.0.jar:/home/user/.m2/repository/org/apache/hadoop/hadoop-auth/3.2.0/hadoop-auth-3.2.0.jar:/home/user/.m2/repository/com/nimbusds/nimbus-jose-jwt/4.41.1/nimbus-jose-jwt-4.41.1.jar:/home/user/.m2/repository/com/github/stephenc/jcip/jcip-annotations/1.0-1/jcip-annotations-1.0-1.jar:/home/user/.m2/repository/net/minidev/json-smart/2.3/json-smart-2.3.jar:/home/user/.m2/repository/net/minidev/accessors-smart/1.2/accessors-smart-1.2.jar:/home/user/.m2/repository/org/ow2/asm/asm/5.0.4/asm-5.0.4.jar:/home/user/.m2/repository/org/apache/curator/curator-framework/2.12.0/curator-framework-2.12.0.jar:/home/user/.m2/repository/com/sun/jersey/jersey-core/1.19/jersey-core-1.19.jar:/home/user/.m2/repository/javax/ws/rs/jsr311-api/1.1.1/jsr311-api-1.1.1.jar:/home/user/.m2/repository/com/sun/jersey/jersey-server/1.19/jersey-server-1.19.jar:/home/user/.m2/repository/javax/servlet/javax.servlet-api/3.1.0/javax.servlet-api-3.1.0.jar:/home/user/.m2/repository/org/eclipse/jetty/jetty-server/9.3.25.v20180904/jetty-server-9.3.25.v20180904.jar:/home/user/.m2/repository/org/eclipse/jetty/jetty-http/9.3.25.v20180904/jetty-http-9.3.25.v20180904.jar:/home/user/.m2/repository/org/eclipse/jetty/jetty-io/9.3.25.v20180904/jetty-io-9.3.25.v20180904.jar:/home/user/.m2/repository/org/eclipse/jetty/jetty-webapp/9.3.25.v20180904/jetty-webapp-9.3.25.v20180904.jar:/home/user/.m2/repository/org/eclipse/jetty/jetty-xml/9.3.25.v20180904/jetty-xml-9.3.25.v20180904.jar:/home/user/.m2/repository/log4j/log4j/1.2.17/log4j-1.2.17.jar:/home/user/.m2/repository/org/slf4j/slf4j-api/1.7.25/slf4j-api-1.7.25.jar:/home/user/.m2/repository/org/slf4j/jul-to-slf4j/1.7.25/jul-to-slf4j-1.7.25.jar:/home/user/.m2/repository/org/eclipse/jetty/jetty-util/9.3.25.v20180904/jetty-util-9.3.25.v20180904.jar:/home/user/.m2/repository/com/fasterxml/jackson/core/jackson-databind/2.9.9/jackson-databind-2.9.9.jar:/home/user/.m2/repository/org/apache/hadoop/hadoop-kms/3.2.0/hadoop-kms-3.2.0-tests.jar:/home/user/.m2/repository/org/apache/hadoop/hadoop-hdds-server-scm/0.5.0-SNAPSHOT/hadoop-hdds-server-scm-0.5.0-SNAPSHOT-tests.jar:/home/user/.m2/repository/org/apache/hadoop/hadoop-hdds-container-service/0.5.0-SNAPSHOT/hadoop-hdds-container-service-0.5.0-SNAPSHOT-tests.jar:/home/user/.m2/repository/org/yaml/snakeyaml/1.16/snakeyaml-1.16.jar:/home/user/.m2/repository/org/apache/hadoop/hadoop-common/3.2.0/hadoop-common-3.2.0-tests.jar:/home/user/.m2/repository/org/apache/hadoop/hadoop-annotations/3.2.0/hadoop-annotations-3.2.0.jar:/usr/lib/jvm/java-1.8-openjdk/jre/../lib/tools.jar:/home/user/.m2/repository/commons-cli/commons-cli/1.2/commons-cli-1.2.jar:/home/user/.m2/repository/org/apache/httpcomponents/httpclient/4.5.2/httpclient-4.5.2.jar:/home/user/.m2/repository/org/apache/httpcomponents/httpcore/4.4.4/httpcore-4.4.4.jar:/home/user/.m2/repository/commons-codec/commons-codec/1.11/commons-codec-1.11.jar:/home/user/.m2/repository/commons-net/commons-net/3.6/commons-net-3.6.jar:/home/user/.m2/repository/commons-collections/commons-collections/3.2.2/commons-collections-3.2.2.jar:/home/user/.m2/repository/org/eclipse/jetty/jetty-servlet/9.3.25.v20180904/jetty-servlet-9.3.25.v20180904.jar:/home/user/.m2/repository/org/eclipse/jetty/jetty-security/9.3.25.v20180904/jetty-security-9.3.25.v20180904.jar:/home/user/.m2/repository/javax/servlet/jsp/jsp-api/2.1/jsp-api-2.1.jar:/home/user/.m2/repository/com/sun/jersey/jersey-servlet/1.19/jersey-servlet-1.19.jar:/home/user/.m2/repository/com/sun/jersey/jersey-json/1.19/jersey-json-1.19.jar:/home/user/.m2/repository/org/codehaus/jettison/jettison/1.1/jettison-1.1.jar:/home/user/.m2/repository/org/codehaus/jackson/jackson-core-asl/1.9.13/jackson-core-asl-1.9.13.jar:/home/user/.m2/repository/org/codehaus/jackson/jackson-mapper-asl/1.9.13/jackson-mapper-asl-1.9.13.jar:/home/user/.m2/repository/org/codehaus/jackson/jackson-jaxrs/1.9.13/jackson-jaxrs-1.9.13.jar:/home/user/.m2/repository/org/codehaus/jackson/jackson-xc/1.9.13/jackson-xc-1.9.13.jar:/home/user/.m2/repository/commons-logging/commons-logging/1.1.3/commons-logging-1.1.3.jar:/home/user/.m2/repository/commons-beanutils/commons-beanutils/1.9.4/commons-beanutils-1.9.4.jar:/home/user/.m2/repository/org/apache/commons/commons-configuration2/2.1.1/commons-configuration2-2.1.1.jar:/home/user/.m2/repository/org/apache/commons/commons-lang3/3.7/commons-lang3-3.7.jar:/home/user/.m2/repository/org/apache/commons/commons-text/1.4/commons-text-1.4.jar:/home/user/.m2/repository/org/apache/avro/avro/1.7.7/avro-1.7.7.jar:/home/user/.m2/repository/com/thoughtworks/paranamer/paranamer/2.3/paranamer-2.3.jar:/home/user/.m2/repository/org/xerial/snappy/snappy-java/1.0.5/snappy-java-1.0.5.jar:/home/user/.m2/repository/com/google/re2j/re2j/1.1/re2j-1.1.jar:/home/user/.m2/repository/com/google/code/gson/gson/2.2.4/gson-2.2.4.jar:/home/user/.m2/repository/com/jcraft/jsch/0.1.54/jsch-0.1.54.jar:/home/user/.m2/repository/org/apache/curator/curator-client/2.12.0/curator-client-2.12.0.jar:/home/user/.m2/repository/org/apache/curator/curator-recipes/2.12.0/curator-recipes-2.12.0.jar:/home/user/.m2/repository/com/google/code/findbugs/jsr305/3.0.0/jsr305-3.0.0.jar:/home/user/.m2/repository/org/apache/htrace/htrace-core4/4.1.0-incubating/htrace-core4-4.1.0-incubating.jar:/home/user/.m2/repository/org/apache/zookeeper/zookeeper/3.4.13/zookeeper-3.4.13.jar:/home/user/.m2/repository/jline/jline/0.9.94/jline-0.9.94.jar:/home/user/.m2/repository/org/apache/yetus/audience-annotations/0.5.0/audience-annotations-0.5.0.jar:/home/user/.m2/repository/org/codehaus/woodstox/stax2-api/3.1.4/stax2-api-3.1.4.jar:/home/user/.m2/repository/com/fasterxml/woodstox/woodstox-core/5.0.3/woodstox-core-5.0.3.jar:/home/user/.m2/repository/dnsjava/dnsjava/2.1.7/dnsjava-2.1.7.jar:/home/user/.m2/repository/org/apache/hadoop/hadoop-hdfs/3.2.0/hadoop-hdfs-3.2.0-tests.jar:/home/user/.m2/repository/org/eclipse/jetty/jetty-util-ajax/9.3.25.v20180904/jetty-util-ajax-9.3.25.v20180904.jar:/home/user/.m2/repository/commons-daemon/commons-daemon/1.0.13/commons-daemon-1.0.13.jar:/home/user/.m2/repository/io/netty/netty/3.10.5.Final/netty-3.10.5.Final.jar:/home/user/.m2/repository/io/netty/netty-all/4.0.52.Final/netty-all-4.0.52.Final.jar:/home/user/.m2/repository/org/fusesource/leveldbjni/leveldbjni-all/1.8/leveldbjni-all-1.8.jar:"/>
    <property name="sun.cpu.endian" value="little"/>
    <property name="user.home" value="/home/user"/>
    <property name="user.language" value="en"/>
    <property name="java.specification.vendor" value="Oracle Corporation"/>
    <property name="java.home" value="/usr/lib/jvm/java-1.8-openjdk/jre"/>
    <property name="surefire.excludesFile" value="/tools/ozone-bad-unit-tests"/>
    <property name="java.security.krb5.conf" value="/workdir/hadoop-ozone/integration-test/target/test-classes/krb5.conf"/>
    <property name="basedir" value="/workdir/hadoop-ozone/integration-test"/>
    <property name="file.separator" value="/"/>
    <property name="line.separator" value="&#10;"/>
    <property name="java.vm.specification.vendor" value="Oracle Corporation"/>
    <property name="java.specification.name" value="Java Platform API Specification"/>
    <property name="java.awt.graphicsenv" value="sun.awt.X11GraphicsEnvironment"/>
    <property name="surefire.real.class.path" value="/workdir/hadoop-ozone/integration-test/target/surefire/surefirebooter7155849188077539793.jar"/>
    <property name="hadoop.log.dir" value="/workdir/hadoop-ozone/integration-test/target/log"/>
    <property name="sun.boot.class.path" value="/usr/lib/jvm/java-1.8-openjdk/jre/lib/resources.jar:/usr/lib/jvm/java-1.8-openjdk/jre/lib/rt.jar:/usr/lib/jvm/java-1.8-openjdk/jre/lib/sunrsasign.jar:/usr/lib/jvm/java-1.8-openjdk/jre/lib/jsse.jar:/usr/lib/jvm/java-1.8-openjdk/jre/lib/jce.jar:/usr/lib/jvm/java-1.8-openjdk/jre/lib/charsets.jar:/usr/lib/jvm/java-1.8-openjdk/jre/lib/jfr.jar:/usr/lib/jvm/java-1.8-openjdk/jre/classes"/>
    <property name="sun.management.compiler" value="HotSpot 64-Bit Tiered Compilers"/>
    <property name="java.runtime.version" value="1.8.0_212-b04"/>
    <property name="java.net.preferIPv4Stack" value="true"/>
    <property name="user.name" value="jenkins1000"/>
    <property name="path.separator" value=":"/>
    <property name="java.security.egd" value="file:///dev/urandom"/>
    <property name="os.version" value="3.10.0-957.12.2.el7.x86_64"/>
    <property name="java.endorsed.dirs" value="/usr/lib/jvm/java-1.8-openjdk/jre/lib/endorsed"/>
    <property name="java.runtime.name" value="OpenJDK Runtime Environment"/>
    <property name="file.encoding" value="UTF-8"/>
    <property name="java.vm.name" value="OpenJDK 64-Bit Server VM"/>
    <property name="test.build.webapps" value=""/>
    <property name="localRepository" value="/home/user/.m2/repository"/>
    <property name="java.vendor.url.bug" value="https://icedtea.classpath.org/bugzilla"/>
    <property name="java.io.tmpdir" value="/tmp"/>
    <property name="require.test.libhadoop" value=""/>
    <property name="java.version" value="1.8.0_212"/>
    <property name="user.dir" value="/workdir/hadoop-ozone/integration-test"/>
    <property name="os.arch" value="amd64"/>
    <property name="java.vm.specification.name" value="Java Virtual Machine Specification"/>
    <property name="test.build.classes" value="/workdir/hadoop-ozone/integration-test/target/test-classes"/>
    <property name="java.awt.printerjob" value="sun.print.PSPrinterJob"/>
    <property name="sun.os.patch.level" value="unknown"/>
    <property name="hadoop.tmp.dir" value="/workdir/hadoop-ozone/integration-test/target/tmp"/>
    <property name="java.library.path" value="/usr/lib/jvm/java-1.8-openjdk/jre/lib/amd64/server:/usr/lib/jvm/java-1.8-openjdk/jre/lib/amd64:/usr/lib/jvm/java-1.8-openjdk/jre/../lib/amd64:/workdir/hadoop-ozone/integration-test/target/native/target/usr/local/lib:/workdir/hadoop-ozone/integration-test/../../hadoop-common-project/hadoop-common/target/native/target/usr/local/lib:/usr/java/packages/lib/amd64:/usr/lib64:/lib64:/lib:/usr/lib"/>
    <property name="java.vm.info" value="mixed mode"/>
    <property name="java.vendor" value="IcedTea"/>
    <property name="java.vm.version" value="25.212-b04"/>
    <property name="java.ext.dirs" value="/usr/lib/jvm/java-1.8-openjdk/jre/lib/ext:/usr/java/packages/lib/ext"/>
    <property name="sun.io.unicode.encoding" value="UnicodeLittle"/>
    <property name="java.class.version" value="52.0"/>
  </properties>
  <testcase name="testWatchForCommitWithKeyWrite" classname="org.apache.hadoop.ozone.client.rpc.TestWatchForCommit" time="93.661"/>
  <testcase name="testWatchForCommitWithSmallerTimeoutValue" classname="org.apache.hadoop.ozone.client.rpc.TestWatchForCommit" time="51.903"/>
  <testcase name="testWatchForCommitForRetryfailure" classname="org.apache.hadoop.ozone.client.rpc.TestWatchForCommit" time="75.875"/>
  <testcase name="testWatchForCommitForGroupMismatchException" classname="org.apache.hadoop.ozone.client.rpc.TestWatchForCommit" time="37.365"/>
  <testcase name="test2WayCommitForTimeoutException" classname="org.apache.hadoop.ozone.client.rpc.TestWatchForCommit" time="32.113">
    <error message="org.apache.ratis.protocol.RaftRetryFailureException: Failed RaftClientRequest:client-B079EA4E9042-&gt;a047aedb-2737-4041-818a-6d6a1738c372@group-88D59F24621E, cid=105, seq=2*, RW, cmdType: CloseContainer&#10;traceID: &quot;82482c8fa0b987fc:82482c8fa0b987fc:0:0&quot;&#10;containerID: 1&#10;datanodeUuid: &quot;a047aedb-2737-4041-818a-6d6a1738c372&quot;&#10;closeContainer {&#10;}&#10;, data.size=0 for 20 attempts with RetryLimited(maxAttempts=20, sleepTime=1000ms)" type="java.util.concurrent.ExecutionException">java.util.concurrent.ExecutionException: 
org.apache.ratis.protocol.RaftRetryFailureException: Failed RaftClientRequest:client-B079EA4E9042->a047aedb-2737-4041-818a-6d6a1738c372@group-88D59F24621E, cid=105, seq=2*, RW, cmdType: CloseContainer
traceID: "82482c8fa0b987fc:82482c8fa0b987fc:0:0"
containerID: 1
datanodeUuid: "a047aedb-2737-4041-818a-6d6a1738c372"
closeContainer {
}
, data.size=0 for 20 attempts with RetryLimited(maxAttempts=20, sleepTime=1000ms)
	at java.util.concurrent.CompletableFuture.reportGet(CompletableFuture.java:357)
	at java.util.concurrent.CompletableFuture.get(CompletableFuture.java:1895)
	at org.apache.hadoop.ozone.client.rpc.TestWatchForCommit.test2WayCommitForTimeoutException(TestWatchForCommit.java:390)
	at sun.reflect.NativeMethodAccessorImpl.invoke0(Native Method)
	at sun.reflect.NativeMethodAccessorImpl.invoke(NativeMethodAccessorImpl.java:62)
	at sun.reflect.DelegatingMethodAccessorImpl.invoke(DelegatingMethodAccessorImpl.java:43)
	at java.lang.reflect.Method.invoke(Method.java:498)
	at org.junit.runners.model.FrameworkMethod$1.runReflectiveCall(FrameworkMethod.java:47)
	at org.junit.internal.runners.model.ReflectiveCallable.run(ReflectiveCallable.java:12)
	at org.junit.runners.model.FrameworkMethod.invokeExplosively(FrameworkMethod.java:44)
	at org.junit.internal.runners.statements.InvokeMethod.evaluate(InvokeMethod.java:17)
	at org.junit.runners.ParentRunner.runLeaf(ParentRunner.java:271)
	at org.junit.runners.BlockJUnit4ClassRunner.runChild(BlockJUnit4ClassRunner.java:70)
	at org.junit.runners.BlockJUnit4ClassRunner.runChild(BlockJUnit4ClassRunner.java:50)
	at org.junit.runners.ParentRunner$3.run(ParentRunner.java:238)
	at org.junit.runners.ParentRunner$1.schedule(ParentRunner.java:63)
	at org.junit.runners.ParentRunner.runChildren(ParentRunner.java:236)
	at org.junit.runners.ParentRunner.access$000(ParentRunner.java:53)
	at org.junit.runners.ParentRunner$2.evaluate(ParentRunner.java:229)
	at org.junit.runners.ParentRunner.run(ParentRunner.java:309)
	at org.apache.maven.surefire.junit4.JUnit4Provider.execute(JUnit4Provider.java:365)
	at org.apache.maven.surefire.junit4.JUnit4Provider.executeWithRerun(JUnit4Provider.java:273)
	at org.apache.maven.surefire.junit4.JUnit4Provider.executeTestSet(JUnit4Provider.java:238)
	at org.apache.maven.surefire.junit4.JUnit4Provider.invoke(JUnit4Provider.java:159)
	at org.apache.maven.surefire.booter.ForkedBooter.invokeProviderInSameClassLoader(ForkedBooter.java:384)
	at org.apache.maven.surefire.booter.ForkedBooter.runSuitesInProcess(ForkedBooter.java:345)
	at org.apache.maven.surefire.booter.ForkedBooter.execute(ForkedBooter.java:126)
	at org.apache.maven.surefire.booter.ForkedBooter.main(ForkedBooter.java:418)
Caused by: org.apache.ratis.protocol.RaftRetryFailureException: Failed RaftClientRequest:client-B079EA4E9042->a047aedb-2737-4041-818a-6d6a1738c372@group-88D59F24621E, cid=105, seq=2*, RW, cmdType: CloseContainer
traceID: "82482c8fa0b987fc:82482c8fa0b987fc:0:0"
containerID: 1
datanodeUuid: "a047aedb-2737-4041-818a-6d6a1738c372"
closeContainer {
}
, data.size=0 for 20 attempts with RetryLimited(maxAttempts=20, sleepTime=1000ms)
	at org.apache.ratis.client.impl.RaftClientImpl.noMoreRetries(RaftClientImpl.java:271)
	at org.apache.ratis.client.impl.OrderedAsync.handleAsyncRetryFailure(OrderedAsync.java:138)
	at org.apache.ratis.client.impl.OrderedAsync.lambda$sendRequest$10(OrderedAsync.java:230)
	at java.util.concurrent.CompletableFuture.uniExceptionally(CompletableFuture.java:870)
	at java.util.concurrent.CompletableFuture$UniExceptionally.tryFire(CompletableFuture.java:852)
	at java.util.concurrent.CompletableFuture.postComplete(CompletableFuture.java:474)
	at java.util.concurrent.CompletableFuture.completeExceptionally(CompletableFuture.java:1977)
	at org.apache.ratis.grpc.client.GrpcClientProtocolClient$AsyncStreamObservers.completeReplyExceptionally(GrpcClientProtocolClient.java:345)
	at org.apache.ratis.grpc.client.GrpcClientProtocolClient$AsyncStreamObservers.access$000(GrpcClientProtocolClient.java:261)
	at org.apache.ratis.grpc.client.GrpcClientProtocolClient$AsyncStreamObservers$1.onError(GrpcClientProtocolClient.java:290)
	at org.apache.ratis.thirdparty.io.grpc.stub.ClientCalls$StreamObserverToCallListenerAdapter.onClose(ClientCalls.java:434)
	at org.apache.ratis.thirdparty.io.grpc.PartialForwardingClientCallListener.onClose(PartialForwardingClientCallListener.java:39)
	at org.apache.ratis.thirdparty.io.grpc.ForwardingClientCallListener.onClose(ForwardingClientCallListener.java:23)
	at org.apache.ratis.thirdparty.io.grpc.ForwardingClientCallListener$SimpleForwardingClientCallListener.onClose(ForwardingClientCallListener.java:40)
	at org.apache.ratis.thirdparty.io.grpc.internal.CensusStatsModule$StatsClientInterceptor$1$1.onClose(CensusStatsModule.java:678)
	at org.apache.ratis.thirdparty.io.grpc.PartialForwardingClientCallListener.onClose(PartialForwardingClientCallListener.java:39)
	at org.apache.ratis.thirdparty.io.grpc.ForwardingClientCallListener.onClose(ForwardingClientCallListener.java:23)
	at org.apache.ratis.thirdparty.io.grpc.ForwardingClientCallListener$SimpleForwardingClientCallListener.onClose(ForwardingClientCallListener.java:40)
	at org.apache.ratis.thirdparty.io.grpc.internal.CensusTracingModule$TracingClientInterceptor$1$1.onClose(CensusTracingModule.java:397)
	at org.apache.ratis.thirdparty.io.grpc.internal.ClientCallImpl.closeObserver(ClientCallImpl.java:459)
	at org.apache.ratis.thirdparty.io.grpc.internal.ClientCallImpl.access$300(ClientCallImpl.java:63)
	at org.apache.ratis.thirdparty.io.grpc.internal.ClientCallImpl$ClientStreamListenerImpl.close(ClientCallImpl.java:546)
	at org.apache.ratis.thirdparty.io.grpc.internal.ClientCallImpl$ClientStreamListenerImpl.access$600(ClientCallImpl.java:467)
	at org.apache.ratis.thirdparty.io.grpc.internal.ClientCallImpl$ClientStreamListenerImpl$1StreamClosed.runInContext(ClientCallImpl.java:584)
	at org.apache.ratis.thirdparty.io.grpc.internal.ContextRunnable.run(ContextRunnable.java:37)
	at org.apache.ratis.thirdparty.io.grpc.internal.SerializingExecutor.run(SerializingExecutor.java:123)
	at java.util.concurrent.ThreadPoolExecutor.runWorker(ThreadPoolExecutor.java:1149)
	at java.util.concurrent.ThreadPoolExecutor$Worker.run(ThreadPoolExecutor.java:624)
	at java.lang.Thread.run(Thread.java:748)
Caused by: java.io.IOException: org.apache.ratis.thirdparty.io.grpc.StatusRuntimeException: UNAVAILABLE: io exception
	at org.apache.ratis.grpc.GrpcUtil.unwrapException(GrpcUtil.java:76)
	at org.apache.ratis.grpc.GrpcUtil.unwrapIOException(GrpcUtil.java:128)
	at org.apache.ratis.grpc.client.GrpcClientProtocolClient$AsyncStreamObservers$1.onError(GrpcClientProtocolClient.java:289)
	... 19 more
Caused by: org.apache.ratis.thirdparty.io.grpc.StatusRuntimeException: UNAVAILABLE: io exception
	at org.apache.ratis.thirdparty.io.grpc.Status.asRuntimeException(Status.java:526)
	... 19 more
Caused by: org.apache.ratis.thirdparty.io.netty.channel.AbstractChannel$AnnotatedConnectException: Connection refused: /192.168.151.112:44285
	at sun.nio.ch.SocketChannelImpl.checkConnect(Native Method)
	at sun.nio.ch.SocketChannelImpl.finishConnect(SocketChannelImpl.java:717)
	at org.apache.ratis.thirdparty.io.netty.channel.socket.nio.NioSocketChannel.doFinishConnect(NioSocketChannel.java:327)
	at org.apache.ratis.thirdparty.io.netty.channel.nio.AbstractNioChannel$AbstractNioUnsafe.finishConnect(AbstractNioChannel.java:340)
	at org.apache.ratis.thirdparty.io.netty.channel.nio.NioEventLoop.processSelectedKey(NioEventLoop.java:632)
	at org.apache.ratis.thirdparty.io.netty.channel.nio.NioEventLoop.processSelectedKeysOptimized(NioEventLoop.java:579)
	at org.apache.ratis.thirdparty.io.netty.channel.nio.NioEventLoop.processSelectedKeys(NioEventLoop.java:496)
	at org.apache.ratis.thirdparty.io.netty.channel.nio.NioEventLoop.run(NioEventLoop.java:458)
	at org.apache.ratis.thirdparty.io.netty.util.concurrent.SingleThreadEventExecutor$5.run(SingleThreadEventExecutor.java:897)
	at org.apache.ratis.thirdparty.io.netty.util.concurrent.FastThreadLocalRunnable.run(FastThreadLocalRunnable.java:30)
	... 1 more
Caused by: java.net.ConnectException: Connection refused
	... 11 more
</error>
    <system-out><![CDATA[2019-10-15 04:21:09,927 [main] WARN  server.ServerUtils (ServerUtils.java:getScmDbDir(145)) - ozone.scm.db.dirs is not configured. We recommend adding this setting. Falling back to ozone.metadata.dirs instead.
2019-10-15 04:21:09,968 [main] WARN  server.ServerUtils (ServerUtils.java:getScmDbDir(145)) - ozone.scm.db.dirs is not configured. We recommend adding this setting. Falling back to ozone.metadata.dirs instead.
2019-10-15 04:21:09,969 [main] WARN  server.ServerUtils (ServerUtils.java:getScmDbDir(145)) - ozone.scm.db.dirs is not configured. We recommend adding this setting. Falling back to ozone.metadata.dirs instead.
2019-10-15 04:21:09,969 [main] INFO  db.DBStoreBuilder (DBStoreBuilder.java:addTable(117)) - using custom profile for table: deletedBlocks
2019-10-15 04:21:09,969 [main] INFO  db.DBStoreBuilder (DBStoreBuilder.java:processTables(168)) - Using default column profile:DBProfile.DISK for Table:deletedBlocks
2019-10-15 04:21:09,970 [main] INFO  db.DBStoreBuilder (DBStoreBuilder.java:addTable(117)) - using custom profile for table: validCerts
2019-10-15 04:21:09,970 [main] INFO  db.DBStoreBuilder (DBStoreBuilder.java:processTables(168)) - Using default column profile:DBProfile.DISK for Table:validCerts
2019-10-15 04:21:09,970 [main] INFO  db.DBStoreBuilder (DBStoreBuilder.java:addTable(117)) - using custom profile for table: revokedCerts
2019-10-15 04:21:09,970 [main] INFO  db.DBStoreBuilder (DBStoreBuilder.java:processTables(168)) - Using default column profile:DBProfile.DISK for Table:revokedCerts
2019-10-15 04:21:09,970 [main] INFO  db.DBStoreBuilder (DBStoreBuilder.java:addTable(117)) - using custom profile for table: default
2019-10-15 04:21:09,970 [main] INFO  db.DBStoreBuilder (DBStoreBuilder.java:processTables(174)) - Using default column profile:DBProfile.DISK for Table:default
2019-10-15 04:21:09,970 [main] INFO  db.DBStoreBuilder (DBStoreBuilder.java:getDbProfile(205)) - Using default options. DBProfile.DISK
2019-10-15 04:21:10,390 [main] INFO  net.NodeSchemaLoader (NodeSchemaLoader.java:loadSchemaFromFile(125)) - Loading file from sun.misc.CompoundEnumeration@280fafd
2019-10-15 04:21:10,390 [main] INFO  net.NodeSchemaLoader (NodeSchemaLoader.java:loadSchema(171)) - Loading network topology layer schema file
2019-10-15 04:21:10,394 [main] WARN  server.ServerUtils (ServerUtils.java:sanitizeUserArgs(70)) - ozone.scm.stale.node.interval value = 300000 is larger than max = 100000 based on the key value of ozone.scm.heartbeat.thread.interval, reset to the max value 100000.
2019-10-15 04:21:10,395 [main] WARN  server.ServerUtils (ServerUtils.java:sanitizeUserArgs(70)) - ozone.scm.stale.node.interval value = 300000 is larger than max = 100000 based on the key value of ozone.scm.heartbeat.thread.interval, reset to the max value 100000.
2019-10-15 04:21:10,395 [main] INFO  node.SCMNodeManager (SCMNodeManager.java:<init>(116)) - Entering startup safe mode.
2019-10-15 04:21:10,396 [main] INFO  algorithms.ContainerPlacementPolicyFactory (ContainerPlacementPolicyFactory.java:getPolicy(57)) - Create container placement policy of type org.apache.hadoop.hdds.scm.container.placement.algorithms.SCMContainerPlacementRandom
2019-10-15 04:21:10,396 [main] WARN  server.ServerUtils (ServerUtils.java:getScmDbDir(145)) - ozone.scm.db.dirs is not configured. We recommend adding this setting. Falling back to ozone.metadata.dirs instead.
2019-10-15 04:21:10,564 [main] INFO  pipeline.SCMPipelineManager (SCMPipelineManager.java:initializePipelineState(132)) - No pipeline exists in current db
2019-10-15 04:21:10,564 [main] WARN  server.ServerUtils (ServerUtils.java:getScmDbDir(145)) - ozone.scm.db.dirs is not configured. We recommend adding this setting. Falling back to ozone.metadata.dirs instead.
2019-10-15 04:21:10,719 [main] WARN  events.EventQueue (EventQueue.java:fireEvent(183)) - No event handler registered for event TypedEvent{payloadType=SafeModeStatus, name='SafeModeStatus'}
2019-10-15 04:21:10,720 [main] INFO  ipc.CallQueueManager (CallQueueManager.java:<init>(84)) - Using callQueue: class java.util.concurrent.LinkedBlockingQueue, queueCapacity: 2000, scheduler: class org.apache.hadoop.ipc.DefaultRpcScheduler, ipcBackoff: false.
2019-10-15 04:21:10,721 [Socket Reader #1 for port 33974] INFO  ipc.Server (Server.java:run(1074)) - Starting Socket Reader #1 for port 33974
2019-10-15 04:21:10,724 [main] INFO  ipc.CallQueueManager (CallQueueManager.java:<init>(84)) - Using callQueue: class java.util.concurrent.LinkedBlockingQueue, queueCapacity: 2000, scheduler: class org.apache.hadoop.ipc.DefaultRpcScheduler, ipcBackoff: false.
2019-10-15 04:21:10,725 [Socket Reader #1 for port 45728] INFO  ipc.Server (Server.java:run(1074)) - Starting Socket Reader #1 for port 45728
2019-10-15 04:21:10,726 [main] INFO  ipc.CallQueueManager (CallQueueManager.java:<init>(84)) - Using callQueue: class java.util.concurrent.LinkedBlockingQueue, queueCapacity: 2000, scheduler: class org.apache.hadoop.ipc.DefaultRpcScheduler, ipcBackoff: false.
2019-10-15 04:21:10,727 [Socket Reader #1 for port 44500] INFO  ipc.Server (Server.java:run(1074)) - Starting Socket Reader #1 for port 44500
2019-10-15 04:21:10,730 [main] INFO  hdfs.DFSUtil (DFSUtil.java:httpServerTemplateForNNAndJN(1641)) - Starting Web-server for scm at: http://0.0.0.0:0
2019-10-15 04:21:10,732 [main] INFO  server.AuthenticationFilter (AuthenticationFilter.java:constructSecretProvider(240)) - Unable to initialize FileSignerSecretProvider, falling back to use random secrets.
2019-10-15 04:21:10,733 [main] WARN  http.HttpRequestLog (HttpRequestLog.java:getRequestLog(97)) - Jetty request log can only be enabled using Log4j
2019-10-15 04:21:10,735 [main] INFO  http.HttpServer2 (HttpServer2.java:addGlobalFilter(975)) - Added global filter 'safety' (class=org.apache.hadoop.http.HttpServer2$QuotingInputFilter)
2019-10-15 04:21:10,735 [main] INFO  http.HttpServer2 (HttpServer2.java:addFilter(948)) - Added filter static_user_filter (class=org.apache.hadoop.http.lib.StaticUserWebFilter$StaticUserFilter) to context scm
2019-10-15 04:21:10,735 [main] INFO  http.HttpServer2 (HttpServer2.java:addFilter(958)) - Added filter static_user_filter (class=org.apache.hadoop.http.lib.StaticUserWebFilter$StaticUserFilter) to context static
2019-10-15 04:21:10,736 [main] INFO  http.HttpServer2 (HttpServer2.java:addFilter(958)) - Added filter static_user_filter (class=org.apache.hadoop.http.lib.StaticUserWebFilter$StaticUserFilter) to context logs
2019-10-15 04:21:10,738 [main] INFO  server.StorageContainerManager (StorageContainerManager.java:start(772)) - StorageContainerLocationProtocol RPC server is listening at /0.0.0.0:44500
2019-10-15 04:21:10,741 [main] WARN  impl.MetricsConfig (MetricsConfig.java:loadFirst(134)) - Cannot locate configuration: tried hadoop-metrics2-storagecontainermanager.properties,hadoop-metrics2.properties
2019-10-15 04:21:10,742 [main] INFO  impl.MetricsSystemImpl (MetricsSystemImpl.java:startTimer(374)) - Scheduled Metric snapshot period at 10 second(s).
2019-10-15 04:21:10,742 [main] INFO  impl.MetricsSystemImpl (MetricsSystemImpl.java:start(191)) - StorageContainerManager metrics system started
2019-10-15 04:21:10,803 [main] WARN  impl.MetricsSystemImpl (MetricsSystemImpl.java:register(276)) - Sink prometheus already exists!
2019-10-15 04:21:10,896 [main] INFO  server.SCMClientProtocolServer (SCMClientProtocolServer.java:start(159)) - RPC server for Client  is listening at /0.0.0.0:44500
2019-10-15 04:21:10,896 [IPC Server listener on 44500] INFO  ipc.Server (Server.java:run(1153)) - IPC Server listener on 44500: starting
2019-10-15 04:21:10,896 [IPC Server Responder] INFO  ipc.Server (Server.java:run(1314)) - IPC Server Responder: starting
2019-10-15 04:21:10,899 [main] INFO  server.StorageContainerManager (StorageContainerManager.java:start(782)) - ScmBlockLocationProtocol RPC server is listening at /0.0.0.0:45728
2019-10-15 04:21:10,899 [main] INFO  server.SCMBlockProtocolServer (SCMBlockProtocolServer.java:start(146)) - RPC server for Block Protocol is listening at /0.0.0.0:45728
2019-10-15 04:21:10,900 [IPC Server Responder] INFO  ipc.Server (Server.java:run(1314)) - IPC Server Responder: starting
2019-10-15 04:21:10,900 [IPC Server listener on 45728] INFO  ipc.Server (Server.java:run(1153)) - IPC Server listener on 45728: starting
2019-10-15 04:21:10,903 [main] INFO  server.StorageContainerManager (StorageContainerManager.java:start(786)) - ScmDatanodeProtocl RPC server is listening at /0.0.0.0:33974
2019-10-15 04:21:10,903 [main] INFO  server.SCMDatanodeProtocolServer (SCMDatanodeProtocolServer.java:start(169)) - RPC server for DataNodes is listening at /0.0.0.0:33974
2019-10-15 04:21:10,904 [IPC Server Responder] INFO  ipc.Server (Server.java:run(1314)) - IPC Server Responder: starting
2019-10-15 04:21:10,904 [IPC Server listener on 33974] INFO  ipc.Server (Server.java:run(1153)) - IPC Server listener on 33974: starting
2019-10-15 04:21:10,908 [main] INFO  http.HttpServer2 (HttpServer2.java:bindListener(1191)) - Jetty bound to port 38814
2019-10-15 04:21:10,908 [main] INFO  server.Server (Server.java:doStart(351)) - jetty-9.3.25.v20180904, build timestamp: 2018-09-04T21:11:46Z, git hash: 3ce520221d0240229c862b122d2b06c12a625732
2019-10-15 04:21:10,909 [main] INFO  handler.ContextHandler (ContextHandler.java:doStart(781)) - Started o.e.j.s.ServletContextHandler@7f8a9454{/logs,file:///workdir/hadoop-ozone/integration-test/target/log,AVAILABLE}
2019-10-15 04:21:10,910 [main] INFO  handler.ContextHandler (ContextHandler.java:doStart(781)) - Started o.e.j.s.ServletContextHandler@679d0be8{/static,file:///workdir/hadoop-ozone/integration-test/target/test-classes/webapps/static,AVAILABLE}
2019-10-15 04:21:10,913 [main] INFO  handler.ContextHandler (ContextHandler.java:doStart(781)) - Started o.e.j.w.WebAppContext@26be9a6{/,file:///workdir/hadoop-ozone/integration-test/target/test-classes/webapps/scm/,AVAILABLE}{/scm}
2019-10-15 04:21:10,913 [main] INFO  server.AbstractConnector (AbstractConnector.java:doStart(278)) - Started ServerConnector@4d518c66{HTTP/1.1,[http/1.1]}{0.0.0.0:38814}
2019-10-15 04:21:10,914 [main] INFO  server.Server (Server.java:doStart(419)) - Started @260453ms
2019-10-15 04:21:10,914 [main] WARN  impl.MetricsSystemImpl (MetricsSystemImpl.java:register(276)) - Sink prometheus already exists!
2019-10-15 04:21:10,915 [main] INFO  server.BaseHttpServer (BaseHttpServer.java:updateConnectorAddress(215)) - HTTP server of SCM is listening at http://0.0.0.0:38814
2019-10-15 04:21:10,915 [main] WARN  server.ServerUtils (ServerUtils.java:getDBPath(222)) - ozone.om.db.dirs is not configured. We recommend adding this setting. Falling back to ozone.metadata.dirs instead.
2019-10-15 04:21:10,916 [org.apache.hadoop.util.JvmPauseMonitor$Monitor@251d7fdd] INFO  util.JvmPauseMonitor (JvmPauseMonitor.java:run(188)) - Starting JVM pause monitor
2019-10-15 04:21:10,949 [main] INFO  ha.OMHANodeDetails (OMHANodeDetails.java:loadOMHAConfig(190)) - Configuration either no ozone.om.address set. Falling back to the default OM address /127.0.0.1:0
2019-10-15 04:21:10,949 [main] INFO  ha.OMHANodeDetails (OMHANodeDetails.java:getOMNodeDetails(220)) - OM Service ID is not set. Setting it to the default ID: omServiceIdDefault
2019-10-15 04:21:10,949 [main] WARN  server.ServerUtils (ServerUtils.java:getDBPath(222)) - ozone.om.db.dirs is not configured. We recommend adding this setting. Falling back to ozone.metadata.dirs instead.
2019-10-15 04:21:10,949 [main] WARN  server.ServerUtils (ServerUtils.java:getDBPath(222)) - ozone.om.db.dirs is not configured. We recommend adding this setting. Falling back to ozone.metadata.dirs instead.
2019-10-15 04:21:10,960 [main] WARN  server.ServerUtils (ServerUtils.java:getDBPath(222)) - ozone.om.db.dirs is not configured. We recommend adding this setting. Falling back to ozone.metadata.dirs instead.
2019-10-15 04:21:10,961 [main] INFO  db.DBStoreBuilder (DBStoreBuilder.java:addTable(117)) - using custom profile for table: userTable
2019-10-15 04:21:10,961 [main] INFO  db.DBStoreBuilder (DBStoreBuilder.java:processTables(168)) - Using default column profile:DBProfile.DISK for Table:userTable
2019-10-15 04:21:10,961 [main] INFO  db.DBStoreBuilder (DBStoreBuilder.java:addTable(117)) - using custom profile for table: volumeTable
2019-10-15 04:21:10,961 [main] INFO  db.DBStoreBuilder (DBStoreBuilder.java:processTables(168)) - Using default column profile:DBProfile.DISK for Table:volumeTable
2019-10-15 04:21:10,961 [main] INFO  db.DBStoreBuilder (DBStoreBuilder.java:addTable(117)) - using custom profile for table: bucketTable
2019-10-15 04:21:10,962 [main] INFO  db.DBStoreBuilder (DBStoreBuilder.java:processTables(168)) - Using default column profile:DBProfile.DISK for Table:bucketTable
2019-10-15 04:21:10,962 [main] INFO  db.DBStoreBuilder (DBStoreBuilder.java:addTable(117)) - using custom profile for table: keyTable
2019-10-15 04:21:10,962 [main] INFO  db.DBStoreBuilder (DBStoreBuilder.java:processTables(168)) - Using default column profile:DBProfile.DISK for Table:keyTable
2019-10-15 04:21:10,962 [main] INFO  db.DBStoreBuilder (DBStoreBuilder.java:addTable(117)) - using custom profile for table: deletedTable
2019-10-15 04:21:10,962 [main] INFO  db.DBStoreBuilder (DBStoreBuilder.java:processTables(168)) - Using default column profile:DBProfile.DISK for Table:deletedTable
2019-10-15 04:21:10,962 [main] INFO  db.DBStoreBuilder (DBStoreBuilder.java:addTable(117)) - using custom profile for table: openKeyTable
2019-10-15 04:21:10,963 [main] INFO  db.DBStoreBuilder (DBStoreBuilder.java:processTables(168)) - Using default column profile:DBProfile.DISK for Table:openKeyTable
2019-10-15 04:21:10,963 [main] INFO  db.DBStoreBuilder (DBStoreBuilder.java:addTable(117)) - using custom profile for table: s3Table
2019-10-15 04:21:10,963 [main] INFO  db.DBStoreBuilder (DBStoreBuilder.java:processTables(168)) - Using default column profile:DBProfile.DISK for Table:s3Table
2019-10-15 04:21:10,963 [main] INFO  db.DBStoreBuilder (DBStoreBuilder.java:addTable(117)) - using custom profile for table: multipartInfoTable
2019-10-15 04:21:10,963 [main] INFO  db.DBStoreBuilder (DBStoreBuilder.java:processTables(168)) - Using default column profile:DBProfile.DISK for Table:multipartInfoTable
2019-10-15 04:21:10,963 [main] INFO  db.DBStoreBuilder (DBStoreBuilder.java:addTable(117)) - using custom profile for table: dTokenTable
2019-10-15 04:21:10,964 [main] INFO  db.DBStoreBuilder (DBStoreBuilder.java:processTables(168)) - Using default column profile:DBProfile.DISK for Table:dTokenTable
2019-10-15 04:21:10,964 [main] INFO  db.DBStoreBuilder (DBStoreBuilder.java:addTable(117)) - using custom profile for table: s3SecretTable
2019-10-15 04:21:10,964 [main] INFO  db.DBStoreBuilder (DBStoreBuilder.java:processTables(168)) - Using default column profile:DBProfile.DISK for Table:s3SecretTable
2019-10-15 04:21:10,964 [main] INFO  db.DBStoreBuilder (DBStoreBuilder.java:addTable(117)) - using custom profile for table: prefixTable
2019-10-15 04:21:10,964 [main] INFO  db.DBStoreBuilder (DBStoreBuilder.java:processTables(168)) - Using default column profile:DBProfile.DISK for Table:prefixTable
2019-10-15 04:21:10,964 [main] INFO  db.DBStoreBuilder (DBStoreBuilder.java:addTable(117)) - using custom profile for table: default
2019-10-15 04:21:10,965 [main] INFO  db.DBStoreBuilder (DBStoreBuilder.java:processTables(174)) - Using default column profile:DBProfile.DISK for Table:default
2019-10-15 04:21:10,965 [main] INFO  db.DBStoreBuilder (DBStoreBuilder.java:getDbProfile(205)) - Using default options. DBProfile.DISK
2019-10-15 04:21:12,167 [main] INFO  ipc.CallQueueManager (CallQueueManager.java:<init>(84)) - Using callQueue: class java.util.concurrent.LinkedBlockingQueue, queueCapacity: 2000, scheduler: class org.apache.hadoop.ipc.DefaultRpcScheduler, ipcBackoff: false.
2019-10-15 04:21:12,169 [Socket Reader #1 for port 45255] INFO  ipc.Server (Server.java:run(1074)) - Starting Socket Reader #1 for port 45255
2019-10-15 04:21:12,189 [main] INFO  om.OzoneManager (OzoneManager.java:start(1071)) - OzoneManager RPC server is listening at localhost/127.0.0.1:45255
2019-10-15 04:21:12,189 [main] INFO  impl.MetricsSystemImpl (MetricsSystemImpl.java:init(158)) - OzoneManager metrics system started (again)
2019-10-15 04:21:12,192 [IPC Server listener on 45255] INFO  ipc.Server (Server.java:run(1153)) - IPC Server listener on 45255: starting
2019-10-15 04:21:12,192 [IPC Server Responder] INFO  ipc.Server (Server.java:run(1314)) - IPC Server Responder: starting
2019-10-15 04:21:12,198 [main] INFO  hdfs.DFSUtil (DFSUtil.java:httpServerTemplateForNNAndJN(1641)) - Starting Web-server for ozoneManager at: http://0.0.0.0:0
2019-10-15 04:21:12,199 [main] INFO  server.AuthenticationFilter (AuthenticationFilter.java:constructSecretProvider(240)) - Unable to initialize FileSignerSecretProvider, falling back to use random secrets.
2019-10-15 04:21:12,199 [main] WARN  http.HttpRequestLog (HttpRequestLog.java:getRequestLog(97)) - Jetty request log can only be enabled using Log4j
2019-10-15 04:21:12,201 [main] INFO  http.HttpServer2 (HttpServer2.java:addGlobalFilter(975)) - Added global filter 'safety' (class=org.apache.hadoop.http.HttpServer2$QuotingInputFilter)
2019-10-15 04:21:12,201 [main] INFO  http.HttpServer2 (HttpServer2.java:addFilter(948)) - Added filter static_user_filter (class=org.apache.hadoop.http.lib.StaticUserWebFilter$StaticUserFilter) to context ozoneManager
2019-10-15 04:21:12,202 [main] INFO  http.HttpServer2 (HttpServer2.java:addFilter(958)) - Added filter static_user_filter (class=org.apache.hadoop.http.lib.StaticUserWebFilter$StaticUserFilter) to context static
2019-10-15 04:21:12,202 [main] INFO  http.HttpServer2 (HttpServer2.java:addFilter(958)) - Added filter static_user_filter (class=org.apache.hadoop.http.lib.StaticUserWebFilter$StaticUserFilter) to context logs
2019-10-15 04:21:12,202 [main] INFO  http.HttpServer2 (HttpServer2.java:bindListener(1191)) - Jetty bound to port 33642
2019-10-15 04:21:12,203 [main] INFO  server.Server (Server.java:doStart(351)) - jetty-9.3.25.v20180904, build timestamp: 2018-09-04T21:11:46Z, git hash: 3ce520221d0240229c862b122d2b06c12a625732
2019-10-15 04:21:12,204 [main] INFO  handler.ContextHandler (ContextHandler.java:doStart(781)) - Started o.e.j.s.ServletContextHandler@183fc2fa{/logs,file:///workdir/hadoop-ozone/integration-test/target/log,AVAILABLE}
2019-10-15 04:21:12,205 [main] INFO  handler.ContextHandler (ContextHandler.java:doStart(781)) - Started o.e.j.s.ServletContextHandler@3313d477{/static,file:///workdir/hadoop-ozone/integration-test/target/test-classes/webapps/static,AVAILABLE}
2019-10-15 04:21:12,209 [main] INFO  handler.ContextHandler (ContextHandler.java:doStart(781)) - Started o.e.j.w.WebAppContext@9e02f84{/,file:///workdir/hadoop-ozone/integration-test/target/test-classes/webapps/ozoneManager/,AVAILABLE}{/ozoneManager}
2019-10-15 04:21:12,209 [main] INFO  server.AbstractConnector (AbstractConnector.java:doStart(278)) - Started ServerConnector@1e6060f1{HTTP/1.1,[http/1.1]}{0.0.0.0:33642}
2019-10-15 04:21:12,210 [main] INFO  server.Server (Server.java:doStart(419)) - Started @261749ms
2019-10-15 04:21:12,210 [main] WARN  impl.MetricsSystemImpl (MetricsSystemImpl.java:register(276)) - Sink prometheus already exists!
2019-10-15 04:21:12,211 [main] INFO  server.BaseHttpServer (BaseHttpServer.java:updateConnectorAddress(215)) - HTTP server of OZONEMANAGER is listening at http://0.0.0.0:33642
2019-10-15 04:21:12,223 [main] INFO  impl.MetricsSystemImpl (MetricsSystemImpl.java:init(158)) - HddsDatanode metrics system started (again)
2019-10-15 04:21:12,226 [main] INFO  ozone.HddsDatanodeService (HddsDatanodeService.java:start(184)) - HddsDatanodeService host:pr-hdds-2194-gpqhj-1713016619 ip:192.168.151.112
2019-10-15 04:21:12,232 [main] INFO  volume.HddsVolume (HddsVolume.java:<init>(176)) - Creating Volume: /workdir/hadoop-ozone/integration-test/target/test-dir/MiniOzoneClusterImpl-4582359f-1f53-4b17-9dcb-8937d4b14848/datanode-0/data/containers/hdds of  storage type : DISK and capacity : 1482555576320
2019-10-15 04:21:12,232 [main] INFO  volume.VolumeSet (VolumeSet.java:initializeVolumeSet(170)) - Added Volume : /workdir/hadoop-ozone/integration-test/target/test-dir/MiniOzoneClusterImpl-4582359f-1f53-4b17-9dcb-8937d4b14848/datanode-0/data/containers/hdds to VolumeSet
2019-10-15 04:21:12,232 [main] INFO  volume.ThrottledAsyncChecker (ThrottledAsyncChecker.java:schedule(141)) - Scheduling a check for org.apache.hadoop.ozone.container.common.volume.HddsVolume@57186526
2019-10-15 04:21:12,233 [main] INFO  volume.HddsVolumeChecker (HddsVolumeChecker.java:checkAllVolumes(204)) - Scheduled health check for volume org.apache.hadoop.ozone.container.common.volume.HddsVolume@57186526
2019-10-15 04:21:12,245 [main] INFO  impl.RaftServerProxy (ConfUtils.java:logGet(43)) - raft.rpc.type = GRPC (default)
2019-10-15 04:21:12,246 [main] INFO  grpc.GrpcFactory (GrpcFactory.java:checkPooledByteBufAllocatorUseCacheForAllThreads(45)) - PERFORMANCE WARNING: useCacheForAllThreads is true that may cause Netty to create a lot garbage objects and, as a result, trigger GC.
	It is recommended to disable useCacheForAllThreads by setting -Dorg.apache.ratis.thirdparty.io.netty.allocator.useCacheForAllThreads=false in command line.
2019-10-15 04:21:12,246 [main] INFO  grpc.GrpcConfigKeys$Server (ConfUtils.java:logGet(43)) - raft.grpc.server.port = 0 (default)
2019-10-15 04:21:12,246 [main] INFO  server.GrpcService (ConfUtils.java:logGet(43)) - raft.grpc.message.size.max = 33570816 (custom)
2019-10-15 04:21:12,246 [main] INFO  server.RaftServerConfigKeys (ConfUtils.java:logGet(43)) - raft.server.log.appender.buffer.byte-limit = 33554432 (custom)
2019-10-15 04:21:12,246 [main] INFO  server.GrpcService (ConfUtils.java:logGet(43)) - raft.grpc.flow.control.window = 1MB (=1048576) (default)
2019-10-15 04:21:12,247 [main] INFO  server.RaftServerConfigKeys (ConfUtils.java:logGet(43)) - raft.server.rpc.request.timeout = 3000ms (default)
2019-10-15 04:21:12,247 [main] INFO  server.RaftServerConfigKeys (ConfUtils.java:logGet(43)) - raft.server.storage.dir = [/workdir/hadoop-ozone/integration-test/target/test-dir/MiniOzoneClusterImpl-4582359f-1f53-4b17-9dcb-8937d4b14848/datanode-0/data/ratis] (custom)
2019-10-15 04:21:12,249 [main] INFO  hdfs.DFSUtil (DFSUtil.java:httpServerTemplateForNNAndJN(1641)) - Starting Web-server for hddsDatanode at: http://0.0.0.0:0
2019-10-15 04:21:12,250 [main] INFO  server.AuthenticationFilter (AuthenticationFilter.java:constructSecretProvider(240)) - Unable to initialize FileSignerSecretProvider, falling back to use random secrets.
2019-10-15 04:21:12,250 [main] WARN  http.HttpRequestLog (HttpRequestLog.java:getRequestLog(97)) - Jetty request log can only be enabled using Log4j
2019-10-15 04:21:12,251 [main] INFO  http.HttpServer2 (HttpServer2.java:addGlobalFilter(975)) - Added global filter 'safety' (class=org.apache.hadoop.http.HttpServer2$QuotingInputFilter)
2019-10-15 04:21:12,251 [main] INFO  http.HttpServer2 (HttpServer2.java:addFilter(948)) - Added filter static_user_filter (class=org.apache.hadoop.http.lib.StaticUserWebFilter$StaticUserFilter) to context hddsDatanode
2019-10-15 04:21:12,252 [main] INFO  http.HttpServer2 (HttpServer2.java:addFilter(958)) - Added filter static_user_filter (class=org.apache.hadoop.http.lib.StaticUserWebFilter$StaticUserFilter) to context logs
2019-10-15 04:21:12,252 [main] INFO  http.HttpServer2 (HttpServer2.java:addFilter(958)) - Added filter static_user_filter (class=org.apache.hadoop.http.lib.StaticUserWebFilter$StaticUserFilter) to context static
2019-10-15 04:21:12,252 [main] INFO  http.HttpServer2 (HttpServer2.java:bindListener(1191)) - Jetty bound to port 40535
2019-10-15 04:21:12,252 [main] INFO  server.Server (Server.java:doStart(351)) - jetty-9.3.25.v20180904, build timestamp: 2018-09-04T21:11:46Z, git hash: 3ce520221d0240229c862b122d2b06c12a625732
2019-10-15 04:21:12,254 [main] INFO  handler.ContextHandler (ContextHandler.java:doStart(781)) - Started o.e.j.s.ServletContextHandler@7c70aae1{/logs,file:///workdir/hadoop-ozone/integration-test/target/log,AVAILABLE}
2019-10-15 04:21:12,254 [main] INFO  handler.ContextHandler (ContextHandler.java:doStart(781)) - Started o.e.j.s.ServletContextHandler@6f38f084{/static,jar:file:/home/user/.m2/repository/org/apache/hadoop/hadoop-hdds-container-service/0.5.0-SNAPSHOT/hadoop-hdds-container-service-0.5.0-SNAPSHOT.jar!/webapps/static,AVAILABLE}
2019-10-15 04:21:12,279 [main] INFO  handler.ContextHandler (ContextHandler.java:doStart(781)) - Started o.e.j.w.WebAppContext@543fe698{/,file:///tmp/jetty-0.0.0.0-40535-hddsDatanode-_-any-8330773070099160905.dir/webapp/,AVAILABLE}{/hddsDatanode}
2019-10-15 04:21:12,279 [main] INFO  server.AbstractConnector (AbstractConnector.java:doStart(278)) - Started ServerConnector@6b2fdffc{HTTP/1.1,[http/1.1]}{0.0.0.0:40535}
2019-10-15 04:21:12,281 [main] INFO  server.Server (Server.java:doStart(419)) - Started @261820ms
2019-10-15 04:21:12,281 [main] WARN  impl.MetricsSystemImpl (MetricsSystemImpl.java:register(276)) - Sink prometheus already exists!
2019-10-15 04:21:12,282 [main] INFO  server.BaseHttpServer (BaseHttpServer.java:updateConnectorAddress(215)) - HTTP server of HDDSDATANODE is listening at http://0.0.0.0:40535
2019-10-15 04:21:12,282 [main] INFO  impl.MetricsSystemImpl (MetricsSystemImpl.java:init(158)) - HddsDatanode metrics system started (again)
2019-10-15 04:21:12,286 [org.apache.hadoop.util.JvmPauseMonitor$Monitor@7e67d576] INFO  util.JvmPauseMonitor (JvmPauseMonitor.java:run(188)) - Starting JVM pause monitor
2019-10-15 04:21:12,286 [main] INFO  ozone.HddsDatanodeService (HddsDatanodeService.java:start(184)) - HddsDatanodeService host:pr-hdds-2194-gpqhj-1713016619 ip:192.168.151.112
2019-10-15 04:21:12,288 [Datanode State Machine Thread - 0] INFO  datanode.InitDatanodeState (InitDatanodeState.java:persistContainerDatanodeDetails(140)) - DatanodeDetails is persisted to /workdir/hadoop-ozone/integration-test/target/test-dir/MiniOzoneClusterImpl-4582359f-1f53-4b17-9dcb-8937d4b14848/datanode-0/meta/datanode.id
2019-10-15 04:21:12,295 [main] INFO  volume.HddsVolume (HddsVolume.java:<init>(176)) - Creating Volume: /workdir/hadoop-ozone/integration-test/target/test-dir/MiniOzoneClusterImpl-4582359f-1f53-4b17-9dcb-8937d4b14848/datanode-1/data/containers/hdds of  storage type : DISK and capacity : 1482555576320
2019-10-15 04:21:12,295 [main] INFO  volume.VolumeSet (VolumeSet.java:initializeVolumeSet(170)) - Added Volume : /workdir/hadoop-ozone/integration-test/target/test-dir/MiniOzoneClusterImpl-4582359f-1f53-4b17-9dcb-8937d4b14848/datanode-1/data/containers/hdds to VolumeSet
2019-10-15 04:21:12,295 [main] INFO  volume.ThrottledAsyncChecker (ThrottledAsyncChecker.java:schedule(141)) - Scheduling a check for org.apache.hadoop.ozone.container.common.volume.HddsVolume@512abf25
2019-10-15 04:21:12,296 [main] INFO  volume.HddsVolumeChecker (HddsVolumeChecker.java:checkAllVolumes(204)) - Scheduled health check for volume org.apache.hadoop.ozone.container.common.volume.HddsVolume@512abf25
2019-10-15 04:21:12,307 [main] INFO  impl.RaftServerProxy (ConfUtils.java:logGet(43)) - raft.rpc.type = GRPC (default)
2019-10-15 04:21:12,308 [main] INFO  grpc.GrpcFactory (GrpcFactory.java:checkPooledByteBufAllocatorUseCacheForAllThreads(45)) - PERFORMANCE WARNING: useCacheForAllThreads is true that may cause Netty to create a lot garbage objects and, as a result, trigger GC.
	It is recommended to disable useCacheForAllThreads by setting -Dorg.apache.ratis.thirdparty.io.netty.allocator.useCacheForAllThreads=false in command line.
2019-10-15 04:21:12,308 [main] INFO  grpc.GrpcConfigKeys$Server (ConfUtils.java:logGet(43)) - raft.grpc.server.port = 0 (default)
2019-10-15 04:21:12,308 [main] INFO  server.GrpcService (ConfUtils.java:logGet(43)) - raft.grpc.message.size.max = 33570816 (custom)
2019-10-15 04:21:12,308 [main] INFO  server.RaftServerConfigKeys (ConfUtils.java:logGet(43)) - raft.server.log.appender.buffer.byte-limit = 33554432 (custom)
2019-10-15 04:21:12,308 [main] INFO  server.GrpcService (ConfUtils.java:logGet(43)) - raft.grpc.flow.control.window = 1MB (=1048576) (default)
2019-10-15 04:21:12,308 [main] INFO  server.RaftServerConfigKeys (ConfUtils.java:logGet(43)) - raft.server.rpc.request.timeout = 3000ms (default)
2019-10-15 04:21:12,309 [main] INFO  server.RaftServerConfigKeys (ConfUtils.java:logGet(43)) - raft.server.storage.dir = [/workdir/hadoop-ozone/integration-test/target/test-dir/MiniOzoneClusterImpl-4582359f-1f53-4b17-9dcb-8937d4b14848/datanode-1/data/ratis] (custom)
2019-10-15 04:21:12,310 [main] INFO  hdfs.DFSUtil (DFSUtil.java:httpServerTemplateForNNAndJN(1641)) - Starting Web-server for hddsDatanode at: http://0.0.0.0:0
2019-10-15 04:21:12,311 [main] INFO  server.AuthenticationFilter (AuthenticationFilter.java:constructSecretProvider(240)) - Unable to initialize FileSignerSecretProvider, falling back to use random secrets.
2019-10-15 04:21:12,311 [main] WARN  http.HttpRequestLog (HttpRequestLog.java:getRequestLog(97)) - Jetty request log can only be enabled using Log4j
2019-10-15 04:21:12,312 [main] INFO  http.HttpServer2 (HttpServer2.java:addGlobalFilter(975)) - Added global filter 'safety' (class=org.apache.hadoop.http.HttpServer2$QuotingInputFilter)
2019-10-15 04:21:12,313 [main] INFO  http.HttpServer2 (HttpServer2.java:addFilter(948)) - Added filter static_user_filter (class=org.apache.hadoop.http.lib.StaticUserWebFilter$StaticUserFilter) to context hddsDatanode
2019-10-15 04:21:12,313 [main] INFO  http.HttpServer2 (HttpServer2.java:addFilter(958)) - Added filter static_user_filter (class=org.apache.hadoop.http.lib.StaticUserWebFilter$StaticUserFilter) to context static
2019-10-15 04:21:12,313 [main] INFO  http.HttpServer2 (HttpServer2.java:addFilter(958)) - Added filter static_user_filter (class=org.apache.hadoop.http.lib.StaticUserWebFilter$StaticUserFilter) to context logs
2019-10-15 04:21:12,314 [main] INFO  http.HttpServer2 (HttpServer2.java:bindListener(1191)) - Jetty bound to port 36369
2019-10-15 04:21:12,314 [main] INFO  server.Server (Server.java:doStart(351)) - jetty-9.3.25.v20180904, build timestamp: 2018-09-04T21:11:46Z, git hash: 3ce520221d0240229c862b122d2b06c12a625732
2019-10-15 04:21:12,315 [main] INFO  handler.ContextHandler (ContextHandler.java:doStart(781)) - Started o.e.j.s.ServletContextHandler@17ff8810{/logs,file:///workdir/hadoop-ozone/integration-test/target/log,AVAILABLE}
2019-10-15 04:21:12,315 [main] INFO  handler.ContextHandler (ContextHandler.java:doStart(781)) - Started o.e.j.s.ServletContextHandler@67b61834{/static,jar:file:/home/user/.m2/repository/org/apache/hadoop/hadoop-hdds-container-service/0.5.0-SNAPSHOT/hadoop-hdds-container-service-0.5.0-SNAPSHOT.jar!/webapps/static,AVAILABLE}
2019-10-15 04:21:12,340 [main] INFO  handler.ContextHandler (ContextHandler.java:doStart(781)) - Started o.e.j.w.WebAppContext@61394494{/,file:///tmp/jetty-0.0.0.0-36369-hddsDatanode-_-any-7928945574321285281.dir/webapp/,AVAILABLE}{/hddsDatanode}
2019-10-15 04:21:12,341 [main] INFO  server.AbstractConnector (AbstractConnector.java:doStart(278)) - Started ServerConnector@578a5ce8{HTTP/1.1,[http/1.1]}{0.0.0.0:36369}
2019-10-15 04:21:12,342 [main] INFO  server.Server (Server.java:doStart(419)) - Started @261881ms
2019-10-15 04:21:12,343 [main] WARN  impl.MetricsSystemImpl (MetricsSystemImpl.java:register(276)) - Sink prometheus already exists!
2019-10-15 04:21:12,343 [main] INFO  server.BaseHttpServer (BaseHttpServer.java:updateConnectorAddress(215)) - HTTP server of HDDSDATANODE is listening at http://0.0.0.0:36369
2019-10-15 04:21:12,343 [main] INFO  impl.MetricsSystemImpl (MetricsSystemImpl.java:init(158)) - HddsDatanode metrics system started (again)
2019-10-15 04:21:12,347 [org.apache.hadoop.util.JvmPauseMonitor$Monitor@2ce43c63] INFO  util.JvmPauseMonitor (JvmPauseMonitor.java:run(188)) - Starting JVM pause monitor
2019-10-15 04:21:12,347 [main] INFO  ozone.HddsDatanodeService (HddsDatanodeService.java:start(184)) - HddsDatanodeService host:pr-hdds-2194-gpqhj-1713016619 ip:192.168.151.112
2019-10-15 04:21:12,348 [Datanode State Machine Thread - 0] INFO  datanode.InitDatanodeState (InitDatanodeState.java:persistContainerDatanodeDetails(140)) - DatanodeDetails is persisted to /workdir/hadoop-ozone/integration-test/target/test-dir/MiniOzoneClusterImpl-4582359f-1f53-4b17-9dcb-8937d4b14848/datanode-1/meta/datanode.id
2019-10-15 04:21:12,354 [main] INFO  volume.HddsVolume (HddsVolume.java:<init>(176)) - Creating Volume: /workdir/hadoop-ozone/integration-test/target/test-dir/MiniOzoneClusterImpl-4582359f-1f53-4b17-9dcb-8937d4b14848/datanode-2/data/containers/hdds of  storage type : DISK and capacity : 1482555576320
2019-10-15 04:21:12,354 [main] INFO  volume.VolumeSet (VolumeSet.java:initializeVolumeSet(170)) - Added Volume : /workdir/hadoop-ozone/integration-test/target/test-dir/MiniOzoneClusterImpl-4582359f-1f53-4b17-9dcb-8937d4b14848/datanode-2/data/containers/hdds to VolumeSet
2019-10-15 04:21:12,354 [main] INFO  volume.ThrottledAsyncChecker (ThrottledAsyncChecker.java:schedule(141)) - Scheduling a check for org.apache.hadoop.ozone.container.common.volume.HddsVolume@2313db84
2019-10-15 04:21:12,355 [main] INFO  volume.HddsVolumeChecker (HddsVolumeChecker.java:checkAllVolumes(204)) - Scheduled health check for volume org.apache.hadoop.ozone.container.common.volume.HddsVolume@2313db84
2019-10-15 04:21:12,367 [main] INFO  impl.RaftServerProxy (ConfUtils.java:logGet(43)) - raft.rpc.type = GRPC (default)
2019-10-15 04:21:12,368 [main] INFO  grpc.GrpcFactory (GrpcFactory.java:checkPooledByteBufAllocatorUseCacheForAllThreads(45)) - PERFORMANCE WARNING: useCacheForAllThreads is true that may cause Netty to create a lot garbage objects and, as a result, trigger GC.
	It is recommended to disable useCacheForAllThreads by setting -Dorg.apache.ratis.thirdparty.io.netty.allocator.useCacheForAllThreads=false in command line.
2019-10-15 04:21:12,368 [main] INFO  grpc.GrpcConfigKeys$Server (ConfUtils.java:logGet(43)) - raft.grpc.server.port = 0 (default)
2019-10-15 04:21:12,368 [main] INFO  server.GrpcService (ConfUtils.java:logGet(43)) - raft.grpc.message.size.max = 33570816 (custom)
2019-10-15 04:21:12,368 [main] INFO  server.RaftServerConfigKeys (ConfUtils.java:logGet(43)) - raft.server.log.appender.buffer.byte-limit = 33554432 (custom)
2019-10-15 04:21:12,368 [main] INFO  server.GrpcService (ConfUtils.java:logGet(43)) - raft.grpc.flow.control.window = 1MB (=1048576) (default)
2019-10-15 04:21:12,368 [main] INFO  server.RaftServerConfigKeys (ConfUtils.java:logGet(43)) - raft.server.rpc.request.timeout = 3000ms (default)
2019-10-15 04:21:12,369 [main] INFO  server.RaftServerConfigKeys (ConfUtils.java:logGet(43)) - raft.server.storage.dir = [/workdir/hadoop-ozone/integration-test/target/test-dir/MiniOzoneClusterImpl-4582359f-1f53-4b17-9dcb-8937d4b14848/datanode-2/data/ratis] (custom)
2019-10-15 04:21:12,370 [main] INFO  hdfs.DFSUtil (DFSUtil.java:httpServerTemplateForNNAndJN(1641)) - Starting Web-server for hddsDatanode at: http://0.0.0.0:0
2019-10-15 04:21:12,371 [main] INFO  server.AuthenticationFilter (AuthenticationFilter.java:constructSecretProvider(240)) - Unable to initialize FileSignerSecretProvider, falling back to use random secrets.
2019-10-15 04:21:12,371 [main] WARN  http.HttpRequestLog (HttpRequestLog.java:getRequestLog(97)) - Jetty request log can only be enabled using Log4j
2019-10-15 04:21:12,372 [main] INFO  http.HttpServer2 (HttpServer2.java:addGlobalFilter(975)) - Added global filter 'safety' (class=org.apache.hadoop.http.HttpServer2$QuotingInputFilter)
2019-10-15 04:21:12,373 [main] INFO  http.HttpServer2 (HttpServer2.java:addFilter(948)) - Added filter static_user_filter (class=org.apache.hadoop.http.lib.StaticUserWebFilter$StaticUserFilter) to context hddsDatanode
2019-10-15 04:21:12,373 [main] INFO  http.HttpServer2 (HttpServer2.java:addFilter(958)) - Added filter static_user_filter (class=org.apache.hadoop.http.lib.StaticUserWebFilter$StaticUserFilter) to context logs
2019-10-15 04:21:12,373 [main] INFO  http.HttpServer2 (HttpServer2.java:addFilter(958)) - Added filter static_user_filter (class=org.apache.hadoop.http.lib.StaticUserWebFilter$StaticUserFilter) to context static
2019-10-15 04:21:12,374 [main] INFO  http.HttpServer2 (HttpServer2.java:bindListener(1191)) - Jetty bound to port 43928
2019-10-15 04:21:12,374 [main] INFO  server.Server (Server.java:doStart(351)) - jetty-9.3.25.v20180904, build timestamp: 2018-09-04T21:11:46Z, git hash: 3ce520221d0240229c862b122d2b06c12a625732
2019-10-15 04:21:12,375 [main] INFO  handler.ContextHandler (ContextHandler.java:doStart(781)) - Started o.e.j.s.ServletContextHandler@252ec02e{/logs,file:///workdir/hadoop-ozone/integration-test/target/log,AVAILABLE}
2019-10-15 04:21:12,376 [main] INFO  handler.ContextHandler (ContextHandler.java:doStart(781)) - Started o.e.j.s.ServletContextHandler@74f280bd{/static,jar:file:/home/user/.m2/repository/org/apache/hadoop/hadoop-hdds-container-service/0.5.0-SNAPSHOT/hadoop-hdds-container-service-0.5.0-SNAPSHOT.jar!/webapps/static,AVAILABLE}
2019-10-15 04:21:12,401 [main] INFO  handler.ContextHandler (ContextHandler.java:doStart(781)) - Started o.e.j.w.WebAppContext@2c9306d3{/,file:///tmp/jetty-0.0.0.0-43928-hddsDatanode-_-any-5930102526946928849.dir/webapp/,AVAILABLE}{/hddsDatanode}
2019-10-15 04:21:12,401 [main] INFO  server.AbstractConnector (AbstractConnector.java:doStart(278)) - Started ServerConnector@4270b142{HTTP/1.1,[http/1.1]}{0.0.0.0:43928}
2019-10-15 04:21:12,403 [main] INFO  server.Server (Server.java:doStart(419)) - Started @261942ms
2019-10-15 04:21:12,403 [main] WARN  impl.MetricsSystemImpl (MetricsSystemImpl.java:register(276)) - Sink prometheus already exists!
2019-10-15 04:21:12,404 [main] INFO  server.BaseHttpServer (BaseHttpServer.java:updateConnectorAddress(215)) - HTTP server of HDDSDATANODE is listening at http://0.0.0.0:43928
2019-10-15 04:21:12,404 [main] INFO  impl.MetricsSystemImpl (MetricsSystemImpl.java:init(158)) - HddsDatanode metrics system started (again)
2019-10-15 04:21:12,408 [org.apache.hadoop.util.JvmPauseMonitor$Monitor@55699247] INFO  util.JvmPauseMonitor (JvmPauseMonitor.java:run(188)) - Starting JVM pause monitor
2019-10-15 04:21:12,408 [main] INFO  ozone.HddsDatanodeService (HddsDatanodeService.java:start(184)) - HddsDatanodeService host:pr-hdds-2194-gpqhj-1713016619 ip:192.168.151.112
2019-10-15 04:21:12,409 [Datanode State Machine Thread - 0] INFO  datanode.InitDatanodeState (InitDatanodeState.java:persistContainerDatanodeDetails(140)) - DatanodeDetails is persisted to /workdir/hadoop-ozone/integration-test/target/test-dir/MiniOzoneClusterImpl-4582359f-1f53-4b17-9dcb-8937d4b14848/datanode-2/meta/datanode.id
2019-10-15 04:21:12,414 [main] INFO  volume.HddsVolume (HddsVolume.java:<init>(176)) - Creating Volume: /workdir/hadoop-ozone/integration-test/target/test-dir/MiniOzoneClusterImpl-4582359f-1f53-4b17-9dcb-8937d4b14848/datanode-3/data/containers/hdds of  storage type : DISK and capacity : 1482555576320
2019-10-15 04:21:12,414 [main] INFO  volume.VolumeSet (VolumeSet.java:initializeVolumeSet(170)) - Added Volume : /workdir/hadoop-ozone/integration-test/target/test-dir/MiniOzoneClusterImpl-4582359f-1f53-4b17-9dcb-8937d4b14848/datanode-3/data/containers/hdds to VolumeSet
2019-10-15 04:21:12,414 [main] INFO  volume.ThrottledAsyncChecker (ThrottledAsyncChecker.java:schedule(141)) - Scheduling a check for org.apache.hadoop.ozone.container.common.volume.HddsVolume@53314f76
2019-10-15 04:21:12,415 [main] INFO  volume.HddsVolumeChecker (HddsVolumeChecker.java:checkAllVolumes(204)) - Scheduled health check for volume org.apache.hadoop.ozone.container.common.volume.HddsVolume@53314f76
2019-10-15 04:21:12,427 [main] INFO  impl.RaftServerProxy (ConfUtils.java:logGet(43)) - raft.rpc.type = GRPC (default)
2019-10-15 04:21:12,427 [main] INFO  grpc.GrpcFactory (GrpcFactory.java:checkPooledByteBufAllocatorUseCacheForAllThreads(45)) - PERFORMANCE WARNING: useCacheForAllThreads is true that may cause Netty to create a lot garbage objects and, as a result, trigger GC.
	It is recommended to disable useCacheForAllThreads by setting -Dorg.apache.ratis.thirdparty.io.netty.allocator.useCacheForAllThreads=false in command line.
2019-10-15 04:21:12,427 [main] INFO  grpc.GrpcConfigKeys$Server (ConfUtils.java:logGet(43)) - raft.grpc.server.port = 0 (default)
2019-10-15 04:21:12,427 [main] INFO  server.GrpcService (ConfUtils.java:logGet(43)) - raft.grpc.message.size.max = 33570816 (custom)
2019-10-15 04:21:12,427 [main] INFO  server.RaftServerConfigKeys (ConfUtils.java:logGet(43)) - raft.server.log.appender.buffer.byte-limit = 33554432 (custom)
2019-10-15 04:21:12,427 [main] INFO  server.GrpcService (ConfUtils.java:logGet(43)) - raft.grpc.flow.control.window = 1MB (=1048576) (default)
2019-10-15 04:21:12,428 [main] INFO  server.RaftServerConfigKeys (ConfUtils.java:logGet(43)) - raft.server.rpc.request.timeout = 3000ms (default)
2019-10-15 04:21:12,428 [main] INFO  server.RaftServerConfigKeys (ConfUtils.java:logGet(43)) - raft.server.storage.dir = [/workdir/hadoop-ozone/integration-test/target/test-dir/MiniOzoneClusterImpl-4582359f-1f53-4b17-9dcb-8937d4b14848/datanode-3/data/ratis] (custom)
2019-10-15 04:21:12,429 [main] INFO  hdfs.DFSUtil (DFSUtil.java:httpServerTemplateForNNAndJN(1641)) - Starting Web-server for hddsDatanode at: http://0.0.0.0:0
2019-10-15 04:21:12,430 [main] INFO  server.AuthenticationFilter (AuthenticationFilter.java:constructSecretProvider(240)) - Unable to initialize FileSignerSecretProvider, falling back to use random secrets.
2019-10-15 04:21:12,430 [main] WARN  http.HttpRequestLog (HttpRequestLog.java:getRequestLog(97)) - Jetty request log can only be enabled using Log4j
2019-10-15 04:21:12,431 [main] INFO  http.HttpServer2 (HttpServer2.java:addGlobalFilter(975)) - Added global filter 'safety' (class=org.apache.hadoop.http.HttpServer2$QuotingInputFilter)
2019-10-15 04:21:12,432 [main] INFO  http.HttpServer2 (HttpServer2.java:addFilter(948)) - Added filter static_user_filter (class=org.apache.hadoop.http.lib.StaticUserWebFilter$StaticUserFilter) to context hddsDatanode
2019-10-15 04:21:12,432 [main] INFO  http.HttpServer2 (HttpServer2.java:addFilter(958)) - Added filter static_user_filter (class=org.apache.hadoop.http.lib.StaticUserWebFilter$StaticUserFilter) to context logs
2019-10-15 04:21:12,432 [main] INFO  http.HttpServer2 (HttpServer2.java:addFilter(958)) - Added filter static_user_filter (class=org.apache.hadoop.http.lib.StaticUserWebFilter$StaticUserFilter) to context static
2019-10-15 04:21:12,432 [main] INFO  http.HttpServer2 (HttpServer2.java:bindListener(1191)) - Jetty bound to port 37735
2019-10-15 04:21:12,433 [main] INFO  server.Server (Server.java:doStart(351)) - jetty-9.3.25.v20180904, build timestamp: 2018-09-04T21:11:46Z, git hash: 3ce520221d0240229c862b122d2b06c12a625732
2019-10-15 04:21:12,434 [main] INFO  handler.ContextHandler (ContextHandler.java:doStart(781)) - Started o.e.j.s.ServletContextHandler@7ac48e10{/logs,file:///workdir/hadoop-ozone/integration-test/target/log,AVAILABLE}
2019-10-15 04:21:12,434 [main] INFO  handler.ContextHandler (ContextHandler.java:doStart(781)) - Started o.e.j.s.ServletContextHandler@6b1321b7{/static,jar:file:/home/user/.m2/repository/org/apache/hadoop/hadoop-hdds-container-service/0.5.0-SNAPSHOT/hadoop-hdds-container-service-0.5.0-SNAPSHOT.jar!/webapps/static,AVAILABLE}
2019-10-15 04:21:12,463 [main] INFO  handler.ContextHandler (ContextHandler.java:doStart(781)) - Started o.e.j.w.WebAppContext@4f235107{/,file:///tmp/jetty-0.0.0.0-37735-hddsDatanode-_-any-8317580609509935533.dir/webapp/,AVAILABLE}{/hddsDatanode}
2019-10-15 04:21:12,464 [main] INFO  server.AbstractConnector (AbstractConnector.java:doStart(278)) - Started ServerConnector@28d739f1{HTTP/1.1,[http/1.1]}{0.0.0.0:37735}
2019-10-15 04:21:12,468 [main] INFO  server.Server (Server.java:doStart(419)) - Started @262007ms
2019-10-15 04:21:12,468 [main] WARN  impl.MetricsSystemImpl (MetricsSystemImpl.java:register(276)) - Sink prometheus already exists!
2019-10-15 04:21:12,469 [main] INFO  server.BaseHttpServer (BaseHttpServer.java:updateConnectorAddress(215)) - HTTP server of HDDSDATANODE is listening at http://0.0.0.0:37735
2019-10-15 04:21:12,469 [main] INFO  impl.MetricsSystemImpl (MetricsSystemImpl.java:init(158)) - HddsDatanode metrics system started (again)
2019-10-15 04:21:12,474 [org.apache.hadoop.util.JvmPauseMonitor$Monitor@3a932711] INFO  util.JvmPauseMonitor (JvmPauseMonitor.java:run(188)) - Starting JVM pause monitor
2019-10-15 04:21:12,475 [main] INFO  ozone.HddsDatanodeService (HddsDatanodeService.java:start(184)) - HddsDatanodeService host:pr-hdds-2194-gpqhj-1713016619 ip:192.168.151.112
2019-10-15 04:21:12,476 [Datanode State Machine Thread - 0] INFO  datanode.InitDatanodeState (InitDatanodeState.java:persistContainerDatanodeDetails(140)) - DatanodeDetails is persisted to /workdir/hadoop-ozone/integration-test/target/test-dir/MiniOzoneClusterImpl-4582359f-1f53-4b17-9dcb-8937d4b14848/datanode-3/meta/datanode.id
2019-10-15 04:21:12,482 [main] INFO  volume.HddsVolume (HddsVolume.java:<init>(176)) - Creating Volume: /workdir/hadoop-ozone/integration-test/target/test-dir/MiniOzoneClusterImpl-4582359f-1f53-4b17-9dcb-8937d4b14848/datanode-4/data/containers/hdds of  storage type : DISK and capacity : 1482555576320
2019-10-15 04:21:12,482 [main] INFO  volume.VolumeSet (VolumeSet.java:initializeVolumeSet(170)) - Added Volume : /workdir/hadoop-ozone/integration-test/target/test-dir/MiniOzoneClusterImpl-4582359f-1f53-4b17-9dcb-8937d4b14848/datanode-4/data/containers/hdds to VolumeSet
2019-10-15 04:21:12,482 [main] INFO  volume.ThrottledAsyncChecker (ThrottledAsyncChecker.java:schedule(141)) - Scheduling a check for org.apache.hadoop.ozone.container.common.volume.HddsVolume@544e3679
2019-10-15 04:21:12,482 [main] INFO  volume.HddsVolumeChecker (HddsVolumeChecker.java:checkAllVolumes(204)) - Scheduled health check for volume org.apache.hadoop.ozone.container.common.volume.HddsVolume@544e3679
2019-10-15 04:21:12,495 [main] INFO  impl.RaftServerProxy (ConfUtils.java:logGet(43)) - raft.rpc.type = GRPC (default)
2019-10-15 04:21:12,495 [main] INFO  grpc.GrpcFactory (GrpcFactory.java:checkPooledByteBufAllocatorUseCacheForAllThreads(45)) - PERFORMANCE WARNING: useCacheForAllThreads is true that may cause Netty to create a lot garbage objects and, as a result, trigger GC.
	It is recommended to disable useCacheForAllThreads by setting -Dorg.apache.ratis.thirdparty.io.netty.allocator.useCacheForAllThreads=false in command line.
2019-10-15 04:21:12,496 [main] INFO  grpc.GrpcConfigKeys$Server (ConfUtils.java:logGet(43)) - raft.grpc.server.port = 0 (default)
2019-10-15 04:21:12,496 [main] INFO  server.GrpcService (ConfUtils.java:logGet(43)) - raft.grpc.message.size.max = 33570816 (custom)
2019-10-15 04:21:12,496 [main] INFO  server.RaftServerConfigKeys (ConfUtils.java:logGet(43)) - raft.server.log.appender.buffer.byte-limit = 33554432 (custom)
2019-10-15 04:21:12,496 [main] INFO  server.GrpcService (ConfUtils.java:logGet(43)) - raft.grpc.flow.control.window = 1MB (=1048576) (default)
2019-10-15 04:21:12,496 [main] INFO  server.RaftServerConfigKeys (ConfUtils.java:logGet(43)) - raft.server.rpc.request.timeout = 3000ms (default)
2019-10-15 04:21:12,497 [main] INFO  server.RaftServerConfigKeys (ConfUtils.java:logGet(43)) - raft.server.storage.dir = [/workdir/hadoop-ozone/integration-test/target/test-dir/MiniOzoneClusterImpl-4582359f-1f53-4b17-9dcb-8937d4b14848/datanode-4/data/ratis] (custom)
2019-10-15 04:21:12,507 [main] INFO  hdfs.DFSUtil (DFSUtil.java:httpServerTemplateForNNAndJN(1641)) - Starting Web-server for hddsDatanode at: http://0.0.0.0:0
2019-10-15 04:21:12,508 [main] INFO  server.AuthenticationFilter (AuthenticationFilter.java:constructSecretProvider(240)) - Unable to initialize FileSignerSecretProvider, falling back to use random secrets.
2019-10-15 04:21:12,509 [main] WARN  http.HttpRequestLog (HttpRequestLog.java:getRequestLog(97)) - Jetty request log can only be enabled using Log4j
2019-10-15 04:21:12,510 [main] INFO  http.HttpServer2 (HttpServer2.java:addGlobalFilter(975)) - Added global filter 'safety' (class=org.apache.hadoop.http.HttpServer2$QuotingInputFilter)
2019-10-15 04:21:12,510 [main] INFO  http.HttpServer2 (HttpServer2.java:addFilter(948)) - Added filter static_user_filter (class=org.apache.hadoop.http.lib.StaticUserWebFilter$StaticUserFilter) to context hddsDatanode
2019-10-15 04:21:12,510 [main] INFO  http.HttpServer2 (HttpServer2.java:addFilter(958)) - Added filter static_user_filter (class=org.apache.hadoop.http.lib.StaticUserWebFilter$StaticUserFilter) to context logs
2019-10-15 04:21:12,511 [main] INFO  http.HttpServer2 (HttpServer2.java:addFilter(958)) - Added filter static_user_filter (class=org.apache.hadoop.http.lib.StaticUserWebFilter$StaticUserFilter) to context static
2019-10-15 04:21:12,511 [main] INFO  http.HttpServer2 (HttpServer2.java:bindListener(1191)) - Jetty bound to port 45059
2019-10-15 04:21:12,511 [main] INFO  server.Server (Server.java:doStart(351)) - jetty-9.3.25.v20180904, build timestamp: 2018-09-04T21:11:46Z, git hash: 3ce520221d0240229c862b122d2b06c12a625732
2019-10-15 04:21:12,513 [main] INFO  handler.ContextHandler (ContextHandler.java:doStart(781)) - Started o.e.j.s.ServletContextHandler@6750e381{/logs,file:///workdir/hadoop-ozone/integration-test/target/log,AVAILABLE}
2019-10-15 04:21:12,514 [main] INFO  handler.ContextHandler (ContextHandler.java:doStart(781)) - Started o.e.j.s.ServletContextHandler@b022551{/static,jar:file:/home/user/.m2/repository/org/apache/hadoop/hadoop-hdds-container-service/0.5.0-SNAPSHOT/hadoop-hdds-container-service-0.5.0-SNAPSHOT.jar!/webapps/static,AVAILABLE}
2019-10-15 04:21:12,537 [main] INFO  handler.ContextHandler (ContextHandler.java:doStart(781)) - Started o.e.j.w.WebAppContext@d87d449{/,file:///tmp/jetty-0.0.0.0-45059-hddsDatanode-_-any-4703593140411907061.dir/webapp/,AVAILABLE}{/hddsDatanode}
2019-10-15 04:21:12,538 [main] INFO  server.AbstractConnector (AbstractConnector.java:doStart(278)) - Started ServerConnector@4137aab0{HTTP/1.1,[http/1.1]}{0.0.0.0:45059}
2019-10-15 04:21:12,540 [main] INFO  server.Server (Server.java:doStart(419)) - Started @262079ms
2019-10-15 04:21:12,540 [main] WARN  impl.MetricsSystemImpl (MetricsSystemImpl.java:register(276)) - Sink prometheus already exists!
2019-10-15 04:21:12,540 [main] INFO  server.BaseHttpServer (BaseHttpServer.java:updateConnectorAddress(215)) - HTTP server of HDDSDATANODE is listening at http://0.0.0.0:45059
2019-10-15 04:21:12,541 [main] INFO  impl.MetricsSystemImpl (MetricsSystemImpl.java:init(158)) - HddsDatanode metrics system started (again)
2019-10-15 04:21:12,545 [org.apache.hadoop.util.JvmPauseMonitor$Monitor@772515f5] INFO  util.JvmPauseMonitor (JvmPauseMonitor.java:run(188)) - Starting JVM pause monitor
2019-10-15 04:21:12,546 [main] INFO  ozone.HddsDatanodeService (HddsDatanodeService.java:start(184)) - HddsDatanodeService host:pr-hdds-2194-gpqhj-1713016619 ip:192.168.151.112
2019-10-15 04:21:12,547 [Datanode State Machine Thread - 0] INFO  datanode.InitDatanodeState (InitDatanodeState.java:persistContainerDatanodeDetails(140)) - DatanodeDetails is persisted to /workdir/hadoop-ozone/integration-test/target/test-dir/MiniOzoneClusterImpl-4582359f-1f53-4b17-9dcb-8937d4b14848/datanode-4/meta/datanode.id
2019-10-15 04:21:12,553 [main] INFO  volume.HddsVolume (HddsVolume.java:<init>(176)) - Creating Volume: /workdir/hadoop-ozone/integration-test/target/test-dir/MiniOzoneClusterImpl-4582359f-1f53-4b17-9dcb-8937d4b14848/datanode-5/data/containers/hdds of  storage type : DISK and capacity : 1482555576320
2019-10-15 04:21:12,557 [main] INFO  volume.VolumeSet (VolumeSet.java:initializeVolumeSet(170)) - Added Volume : /workdir/hadoop-ozone/integration-test/target/test-dir/MiniOzoneClusterImpl-4582359f-1f53-4b17-9dcb-8937d4b14848/datanode-5/data/containers/hdds to VolumeSet
2019-10-15 04:21:12,557 [main] INFO  volume.ThrottledAsyncChecker (ThrottledAsyncChecker.java:schedule(141)) - Scheduling a check for org.apache.hadoop.ozone.container.common.volume.HddsVolume@62f9c790
2019-10-15 04:21:12,558 [main] INFO  volume.HddsVolumeChecker (HddsVolumeChecker.java:checkAllVolumes(204)) - Scheduled health check for volume org.apache.hadoop.ozone.container.common.volume.HddsVolume@62f9c790
2019-10-15 04:21:12,585 [main] INFO  impl.RaftServerProxy (ConfUtils.java:logGet(43)) - raft.rpc.type = GRPC (default)
2019-10-15 04:21:12,585 [main] INFO  grpc.GrpcFactory (GrpcFactory.java:checkPooledByteBufAllocatorUseCacheForAllThreads(45)) - PERFORMANCE WARNING: useCacheForAllThreads is true that may cause Netty to create a lot garbage objects and, as a result, trigger GC.
	It is recommended to disable useCacheForAllThreads by setting -Dorg.apache.ratis.thirdparty.io.netty.allocator.useCacheForAllThreads=false in command line.
2019-10-15 04:21:12,586 [main] INFO  grpc.GrpcConfigKeys$Server (ConfUtils.java:logGet(43)) - raft.grpc.server.port = 0 (default)
2019-10-15 04:21:12,586 [main] INFO  server.GrpcService (ConfUtils.java:logGet(43)) - raft.grpc.message.size.max = 33570816 (custom)
2019-10-15 04:21:12,586 [main] INFO  server.RaftServerConfigKeys (ConfUtils.java:logGet(43)) - raft.server.log.appender.buffer.byte-limit = 33554432 (custom)
2019-10-15 04:21:12,587 [main] INFO  server.GrpcService (ConfUtils.java:logGet(43)) - raft.grpc.flow.control.window = 1MB (=1048576) (default)
2019-10-15 04:21:12,587 [main] INFO  server.RaftServerConfigKeys (ConfUtils.java:logGet(43)) - raft.server.rpc.request.timeout = 3000ms (default)
2019-10-15 04:21:12,587 [main] INFO  server.RaftServerConfigKeys (ConfUtils.java:logGet(43)) - raft.server.storage.dir = [/workdir/hadoop-ozone/integration-test/target/test-dir/MiniOzoneClusterImpl-4582359f-1f53-4b17-9dcb-8937d4b14848/datanode-5/data/ratis] (custom)
2019-10-15 04:21:12,589 [main] INFO  hdfs.DFSUtil (DFSUtil.java:httpServerTemplateForNNAndJN(1641)) - Starting Web-server for hddsDatanode at: http://0.0.0.0:0
2019-10-15 04:21:12,590 [main] INFO  server.AuthenticationFilter (AuthenticationFilter.java:constructSecretProvider(240)) - Unable to initialize FileSignerSecretProvider, falling back to use random secrets.
2019-10-15 04:21:12,591 [main] WARN  http.HttpRequestLog (HttpRequestLog.java:getRequestLog(97)) - Jetty request log can only be enabled using Log4j
2019-10-15 04:21:12,592 [main] INFO  http.HttpServer2 (HttpServer2.java:addGlobalFilter(975)) - Added global filter 'safety' (class=org.apache.hadoop.http.HttpServer2$QuotingInputFilter)
2019-10-15 04:21:12,593 [main] INFO  http.HttpServer2 (HttpServer2.java:addFilter(948)) - Added filter static_user_filter (class=org.apache.hadoop.http.lib.StaticUserWebFilter$StaticUserFilter) to context hddsDatanode
2019-10-15 04:21:12,593 [main] INFO  http.HttpServer2 (HttpServer2.java:addFilter(958)) - Added filter static_user_filter (class=org.apache.hadoop.http.lib.StaticUserWebFilter$StaticUserFilter) to context static
2019-10-15 04:21:12,593 [main] INFO  http.HttpServer2 (HttpServer2.java:addFilter(958)) - Added filter static_user_filter (class=org.apache.hadoop.http.lib.StaticUserWebFilter$StaticUserFilter) to context logs
2019-10-15 04:21:12,594 [main] INFO  http.HttpServer2 (HttpServer2.java:bindListener(1191)) - Jetty bound to port 45799
2019-10-15 04:21:12,594 [main] INFO  server.Server (Server.java:doStart(351)) - jetty-9.3.25.v20180904, build timestamp: 2018-09-04T21:11:46Z, git hash: 3ce520221d0240229c862b122d2b06c12a625732
2019-10-15 04:21:12,605 [main] INFO  handler.ContextHandler (ContextHandler.java:doStart(781)) - Started o.e.j.s.ServletContextHandler@756808cc{/logs,file:///workdir/hadoop-ozone/integration-test/target/log,AVAILABLE}
2019-10-15 04:21:12,606 [main] INFO  handler.ContextHandler (ContextHandler.java:doStart(781)) - Started o.e.j.s.ServletContextHandler@5012c571{/static,jar:file:/home/user/.m2/repository/org/apache/hadoop/hadoop-hdds-container-service/0.5.0-SNAPSHOT/hadoop-hdds-container-service-0.5.0-SNAPSHOT.jar!/webapps/static,AVAILABLE}
2019-10-15 04:21:12,645 [main] INFO  handler.ContextHandler (ContextHandler.java:doStart(781)) - Started o.e.j.w.WebAppContext@2c06b113{/,file:///tmp/jetty-0.0.0.0-45799-hddsDatanode-_-any-4653043315714989142.dir/webapp/,AVAILABLE}{/hddsDatanode}
2019-10-15 04:21:12,646 [main] INFO  server.AbstractConnector (AbstractConnector.java:doStart(278)) - Started ServerConnector@7a64cb0c{HTTP/1.1,[http/1.1]}{0.0.0.0:45799}
2019-10-15 04:21:12,649 [main] INFO  server.Server (Server.java:doStart(419)) - Started @262187ms
2019-10-15 04:21:12,649 [main] WARN  impl.MetricsSystemImpl (MetricsSystemImpl.java:register(276)) - Sink prometheus already exists!
2019-10-15 04:21:12,650 [main] INFO  server.BaseHttpServer (BaseHttpServer.java:updateConnectorAddress(215)) - HTTP server of HDDSDATANODE is listening at http://0.0.0.0:45799
2019-10-15 04:21:12,650 [main] INFO  impl.MetricsSystemImpl (MetricsSystemImpl.java:init(158)) - HddsDatanode metrics system started (again)
2019-10-15 04:21:12,655 [org.apache.hadoop.util.JvmPauseMonitor$Monitor@36d5eddc] INFO  util.JvmPauseMonitor (JvmPauseMonitor.java:run(188)) - Starting JVM pause monitor
2019-10-15 04:21:12,656 [main] INFO  ozone.HddsDatanodeService (HddsDatanodeService.java:start(184)) - HddsDatanodeService host:pr-hdds-2194-gpqhj-1713016619 ip:192.168.151.112
2019-10-15 04:21:12,657 [Datanode State Machine Thread - 0] INFO  datanode.InitDatanodeState (InitDatanodeState.java:persistContainerDatanodeDetails(140)) - DatanodeDetails is persisted to /workdir/hadoop-ozone/integration-test/target/test-dir/MiniOzoneClusterImpl-4582359f-1f53-4b17-9dcb-8937d4b14848/datanode-5/meta/datanode.id
2019-10-15 04:21:12,670 [main] INFO  volume.HddsVolume (HddsVolume.java:<init>(176)) - Creating Volume: /workdir/hadoop-ozone/integration-test/target/test-dir/MiniOzoneClusterImpl-4582359f-1f53-4b17-9dcb-8937d4b14848/datanode-6/data/containers/hdds of  storage type : DISK and capacity : 1482555576320
2019-10-15 04:21:12,670 [main] INFO  volume.VolumeSet (VolumeSet.java:initializeVolumeSet(170)) - Added Volume : /workdir/hadoop-ozone/integration-test/target/test-dir/MiniOzoneClusterImpl-4582359f-1f53-4b17-9dcb-8937d4b14848/datanode-6/data/containers/hdds to VolumeSet
2019-10-15 04:21:12,671 [main] INFO  volume.ThrottledAsyncChecker (ThrottledAsyncChecker.java:schedule(141)) - Scheduling a check for org.apache.hadoop.ozone.container.common.volume.HddsVolume@120aa40b
2019-10-15 04:21:12,671 [main] INFO  volume.HddsVolumeChecker (HddsVolumeChecker.java:checkAllVolumes(204)) - Scheduled health check for volume org.apache.hadoop.ozone.container.common.volume.HddsVolume@120aa40b
2019-10-15 04:21:12,688 [main] INFO  impl.RaftServerProxy (ConfUtils.java:logGet(43)) - raft.rpc.type = GRPC (default)
2019-10-15 04:21:12,688 [main] INFO  grpc.GrpcFactory (GrpcFactory.java:checkPooledByteBufAllocatorUseCacheForAllThreads(45)) - PERFORMANCE WARNING: useCacheForAllThreads is true that may cause Netty to create a lot garbage objects and, as a result, trigger GC.
	It is recommended to disable useCacheForAllThreads by setting -Dorg.apache.ratis.thirdparty.io.netty.allocator.useCacheForAllThreads=false in command line.
2019-10-15 04:21:12,688 [main] INFO  grpc.GrpcConfigKeys$Server (ConfUtils.java:logGet(43)) - raft.grpc.server.port = 0 (default)
2019-10-15 04:21:12,688 [main] INFO  server.GrpcService (ConfUtils.java:logGet(43)) - raft.grpc.message.size.max = 33570816 (custom)
2019-10-15 04:21:12,689 [main] INFO  server.RaftServerConfigKeys (ConfUtils.java:logGet(43)) - raft.server.log.appender.buffer.byte-limit = 33554432 (custom)
2019-10-15 04:21:12,689 [main] INFO  server.GrpcService (ConfUtils.java:logGet(43)) - raft.grpc.flow.control.window = 1MB (=1048576) (default)
2019-10-15 04:21:12,689 [main] INFO  server.RaftServerConfigKeys (ConfUtils.java:logGet(43)) - raft.server.rpc.request.timeout = 3000ms (default)
2019-10-15 04:21:12,690 [main] INFO  server.RaftServerConfigKeys (ConfUtils.java:logGet(43)) - raft.server.storage.dir = [/workdir/hadoop-ozone/integration-test/target/test-dir/MiniOzoneClusterImpl-4582359f-1f53-4b17-9dcb-8937d4b14848/datanode-6/data/ratis] (custom)
2019-10-15 04:21:12,691 [main] INFO  hdfs.DFSUtil (DFSUtil.java:httpServerTemplateForNNAndJN(1641)) - Starting Web-server for hddsDatanode at: http://0.0.0.0:0
2019-10-15 04:21:12,692 [main] INFO  server.AuthenticationFilter (AuthenticationFilter.java:constructSecretProvider(240)) - Unable to initialize FileSignerSecretProvider, falling back to use random secrets.
2019-10-15 04:21:12,693 [main] WARN  http.HttpRequestLog (HttpRequestLog.java:getRequestLog(97)) - Jetty request log can only be enabled using Log4j
2019-10-15 04:21:12,695 [main] INFO  http.HttpServer2 (HttpServer2.java:addGlobalFilter(975)) - Added global filter 'safety' (class=org.apache.hadoop.http.HttpServer2$QuotingInputFilter)
2019-10-15 04:21:12,695 [main] INFO  http.HttpServer2 (HttpServer2.java:addFilter(948)) - Added filter static_user_filter (class=org.apache.hadoop.http.lib.StaticUserWebFilter$StaticUserFilter) to context hddsDatanode
2019-10-15 04:21:12,695 [main] INFO  http.HttpServer2 (HttpServer2.java:addFilter(958)) - Added filter static_user_filter (class=org.apache.hadoop.http.lib.StaticUserWebFilter$StaticUserFilter) to context logs
2019-10-15 04:21:12,696 [main] INFO  http.HttpServer2 (HttpServer2.java:addFilter(958)) - Added filter static_user_filter (class=org.apache.hadoop.http.lib.StaticUserWebFilter$StaticUserFilter) to context static
2019-10-15 04:21:12,696 [main] INFO  http.HttpServer2 (HttpServer2.java:bindListener(1191)) - Jetty bound to port 41603
2019-10-15 04:21:12,697 [main] INFO  server.Server (Server.java:doStart(351)) - jetty-9.3.25.v20180904, build timestamp: 2018-09-04T21:11:46Z, git hash: 3ce520221d0240229c862b122d2b06c12a625732
2019-10-15 04:21:12,698 [main] INFO  handler.ContextHandler (ContextHandler.java:doStart(781)) - Started o.e.j.s.ServletContextHandler@231df705{/logs,file:///workdir/hadoop-ozone/integration-test/target/log,AVAILABLE}
2019-10-15 04:21:12,699 [main] INFO  handler.ContextHandler (ContextHandler.java:doStart(781)) - Started o.e.j.s.ServletContextHandler@2f0ccb34{/static,jar:file:/home/user/.m2/repository/org/apache/hadoop/hadoop-hdds-container-service/0.5.0-SNAPSHOT/hadoop-hdds-container-service-0.5.0-SNAPSHOT.jar!/webapps/static,AVAILABLE}
2019-10-15 04:21:12,738 [main] INFO  handler.ContextHandler (ContextHandler.java:doStart(781)) - Started o.e.j.w.WebAppContext@79252c83{/,file:///tmp/jetty-0.0.0.0-41603-hddsDatanode-_-any-5753445694927482661.dir/webapp/,AVAILABLE}{/hddsDatanode}
2019-10-15 04:21:12,738 [main] INFO  server.AbstractConnector (AbstractConnector.java:doStart(278)) - Started ServerConnector@6fbf5db2{HTTP/1.1,[http/1.1]}{0.0.0.0:41603}
2019-10-15 04:21:12,740 [main] INFO  server.Server (Server.java:doStart(419)) - Started @262279ms
2019-10-15 04:21:12,741 [main] WARN  impl.MetricsSystemImpl (MetricsSystemImpl.java:register(276)) - Sink prometheus already exists!
2019-10-15 04:21:12,741 [main] INFO  server.BaseHttpServer (BaseHttpServer.java:updateConnectorAddress(215)) - HTTP server of HDDSDATANODE is listening at http://0.0.0.0:41603
2019-10-15 04:21:12,742 [main] INFO  ozone.MiniOzoneClusterImpl (MiniOzoneClusterImpl.java:lambda$waitForClusterToBeReady$0(147)) - Waiting for cluster to be ready. Got 0 of 7 DN Heartbeats.
2019-10-15 04:21:12,743 [org.apache.hadoop.util.JvmPauseMonitor$Monitor@4c99243d] INFO  util.JvmPauseMonitor (JvmPauseMonitor.java:run(188)) - Starting JVM pause monitor
2019-10-15 04:21:12,744 [Datanode State Machine Thread - 0] INFO  datanode.InitDatanodeState (InitDatanodeState.java:persistContainerDatanodeDetails(140)) - DatanodeDetails is persisted to /workdir/hadoop-ozone/integration-test/target/test-dir/MiniOzoneClusterImpl-4582359f-1f53-4b17-9dcb-8937d4b14848/datanode-6/meta/datanode.id
2019-10-15 04:21:13,743 [main] INFO  ozone.MiniOzoneClusterImpl (MiniOzoneClusterImpl.java:lambda$waitForClusterToBeReady$0(147)) - Waiting for cluster to be ready. Got 0 of 7 DN Heartbeats.
2019-10-15 04:21:14,346 [Datanode State Machine Thread - 0] INFO  ozoneimpl.OzoneContainer (OzoneContainer.java:start(213)) - Attempting to start container services.
2019-10-15 04:21:14,346 [Datanode State Machine Thread - 0] INFO  ozoneimpl.OzoneContainer (OzoneContainer.java:startContainerScrub(177)) - Background container scanner has been disabled.
2019-10-15 04:21:14,347 [Datanode State Machine Thread - 0] INFO  ratis.XceiverServerRatis (XceiverServerRatis.java:start(418)) - Starting XceiverServerRatis e5145cd3-4f68-44c8-b3e3-52f0b3be5370 at port 0
2019-10-15 04:21:14,357 [Datanode State Machine Thread - 0] INFO  impl.RaftServerProxy (RaftServerProxy.java:lambda$start$3(299)) - e5145cd3-4f68-44c8-b3e3-52f0b3be5370: start RPC server
2019-10-15 04:21:14,360 [Datanode State Machine Thread - 0] INFO  server.GrpcService (GrpcService.java:startImpl(158)) - e5145cd3-4f68-44c8-b3e3-52f0b3be5370: GrpcService started, listening on 0.0.0.0/0.0.0.0:39797
2019-10-15 04:21:14,360 [Datanode State Machine Thread - 0] INFO  ratis.XceiverServerRatis (XceiverServerRatis.java:start(428)) - XceiverServerRatis e5145cd3-4f68-44c8-b3e3-52f0b3be5370 is started using port 39797
2019-10-15 04:21:14,360 [Datanode State Machine Thread - 0] INFO  server.XceiverServerGrpc (XceiverServerGrpc.java:start(149)) - XceiverServerGrpc e5145cd3-4f68-44c8-b3e3-52f0b3be5370 is started using port 37805
2019-10-15 04:21:14,388 [Datanode State Machine Thread - 0] INFO  ozoneimpl.OzoneContainer (OzoneContainer.java:start(213)) - Attempting to start container services.
2019-10-15 04:21:14,388 [Datanode State Machine Thread - 0] INFO  ozoneimpl.OzoneContainer (OzoneContainer.java:startContainerScrub(177)) - Background container scanner has been disabled.
2019-10-15 04:21:14,388 [Datanode State Machine Thread - 0] INFO  ratis.XceiverServerRatis (XceiverServerRatis.java:start(418)) - Starting XceiverServerRatis 52fbfc08-63f7-48cc-855c-e048bc3c6967 at port 0
2019-10-15 04:21:14,395 [Datanode State Machine Thread - 0] INFO  impl.RaftServerProxy (RaftServerProxy.java:lambda$start$3(299)) - 52fbfc08-63f7-48cc-855c-e048bc3c6967: start RPC server
2019-10-15 04:21:14,407 [Datanode State Machine Thread - 0] INFO  server.GrpcService (GrpcService.java:startImpl(158)) - 52fbfc08-63f7-48cc-855c-e048bc3c6967: GrpcService started, listening on 0.0.0.0/0.0.0.0:33865
2019-10-15 04:21:14,407 [Datanode State Machine Thread - 0] INFO  ratis.XceiverServerRatis (XceiverServerRatis.java:start(428)) - XceiverServerRatis 52fbfc08-63f7-48cc-855c-e048bc3c6967 is started using port 33865
2019-10-15 04:21:14,408 [Datanode State Machine Thread - 0] INFO  server.XceiverServerGrpc (XceiverServerGrpc.java:start(149)) - XceiverServerGrpc 52fbfc08-63f7-48cc-855c-e048bc3c6967 is started using port 44493
2019-10-15 04:21:14,438 [Datanode State Machine Thread - 0] INFO  ozoneimpl.OzoneContainer (OzoneContainer.java:start(213)) - Attempting to start container services.
2019-10-15 04:21:14,438 [Datanode State Machine Thread - 0] INFO  ozoneimpl.OzoneContainer (OzoneContainer.java:startContainerScrub(177)) - Background container scanner has been disabled.
2019-10-15 04:21:14,438 [Datanode State Machine Thread - 0] INFO  ratis.XceiverServerRatis (XceiverServerRatis.java:start(418)) - Starting XceiverServerRatis b5bd5611-4c64-4c62-892e-835ab3bfeaeb at port 0
2019-10-15 04:21:14,444 [Datanode State Machine Thread - 0] INFO  impl.RaftServerProxy (RaftServerProxy.java:lambda$start$3(299)) - b5bd5611-4c64-4c62-892e-835ab3bfeaeb: start RPC server
2019-10-15 04:21:14,444 [Datanode State Machine Thread - 0] INFO  server.GrpcService (GrpcService.java:startImpl(158)) - b5bd5611-4c64-4c62-892e-835ab3bfeaeb: GrpcService started, listening on 0.0.0.0/0.0.0.0:36250
2019-10-15 04:21:14,444 [Datanode State Machine Thread - 0] INFO  ratis.XceiverServerRatis (XceiverServerRatis.java:start(428)) - XceiverServerRatis b5bd5611-4c64-4c62-892e-835ab3bfeaeb is started using port 36250
2019-10-15 04:21:14,445 [Datanode State Machine Thread - 0] INFO  server.XceiverServerGrpc (XceiverServerGrpc.java:start(149)) - XceiverServerGrpc b5bd5611-4c64-4c62-892e-835ab3bfeaeb is started using port 41037
2019-10-15 04:21:14,496 [Datanode State Machine Thread - 0] INFO  ozoneimpl.OzoneContainer (OzoneContainer.java:start(213)) - Attempting to start container services.
2019-10-15 04:21:14,497 [Datanode State Machine Thread - 0] INFO  ozoneimpl.OzoneContainer (OzoneContainer.java:startContainerScrub(177)) - Background container scanner has been disabled.
2019-10-15 04:21:14,497 [Datanode State Machine Thread - 0] INFO  ratis.XceiverServerRatis (XceiverServerRatis.java:start(418)) - Starting XceiverServerRatis 6e548805-b2c6-4eb0-be2a-269260f5db19 at port 0
2019-10-15 04:21:14,503 [Datanode State Machine Thread - 0] INFO  impl.RaftServerProxy (RaftServerProxy.java:lambda$start$3(299)) - 6e548805-b2c6-4eb0-be2a-269260f5db19: start RPC server
2019-10-15 04:21:14,503 [Datanode State Machine Thread - 0] INFO  server.GrpcService (GrpcService.java:startImpl(158)) - 6e548805-b2c6-4eb0-be2a-269260f5db19: GrpcService started, listening on 0.0.0.0/0.0.0.0:41243
2019-10-15 04:21:14,504 [Datanode State Machine Thread - 0] INFO  ratis.XceiverServerRatis (XceiverServerRatis.java:start(428)) - XceiverServerRatis 6e548805-b2c6-4eb0-be2a-269260f5db19 is started using port 41243
2019-10-15 04:21:14,506 [Datanode State Machine Thread - 0] INFO  server.XceiverServerGrpc (XceiverServerGrpc.java:start(149)) - XceiverServerGrpc 6e548805-b2c6-4eb0-be2a-269260f5db19 is started using port 38131
2019-10-15 04:21:14,589 [Datanode State Machine Thread - 0] INFO  ozoneimpl.OzoneContainer (OzoneContainer.java:start(213)) - Attempting to start container services.
2019-10-15 04:21:14,589 [Datanode State Machine Thread - 0] INFO  ozoneimpl.OzoneContainer (OzoneContainer.java:startContainerScrub(177)) - Background container scanner has been disabled.
2019-10-15 04:21:14,589 [Datanode State Machine Thread - 0] INFO  ratis.XceiverServerRatis (XceiverServerRatis.java:start(418)) - Starting XceiverServerRatis 7be157f4-d73b-448e-8cd7-6469e73fa7ac at port 0
2019-10-15 04:21:14,595 [Datanode State Machine Thread - 0] INFO  impl.RaftServerProxy (RaftServerProxy.java:lambda$start$3(299)) - 7be157f4-d73b-448e-8cd7-6469e73fa7ac: start RPC server
2019-10-15 04:21:14,599 [Datanode State Machine Thread - 0] INFO  server.GrpcService (GrpcService.java:startImpl(158)) - 7be157f4-d73b-448e-8cd7-6469e73fa7ac: GrpcService started, listening on 0.0.0.0/0.0.0.0:42318
2019-10-15 04:21:14,599 [Datanode State Machine Thread - 0] INFO  ratis.XceiverServerRatis (XceiverServerRatis.java:start(428)) - XceiverServerRatis 7be157f4-d73b-448e-8cd7-6469e73fa7ac is started using port 42318
2019-10-15 04:21:14,600 [Datanode State Machine Thread - 0] INFO  server.XceiverServerGrpc (XceiverServerGrpc.java:start(149)) - XceiverServerGrpc 7be157f4-d73b-448e-8cd7-6469e73fa7ac is started using port 42139
2019-10-15 04:21:14,689 [Datanode State Machine Thread - 0] INFO  ozoneimpl.OzoneContainer (OzoneContainer.java:start(213)) - Attempting to start container services.
2019-10-15 04:21:14,689 [Datanode State Machine Thread - 0] INFO  ozoneimpl.OzoneContainer (OzoneContainer.java:startContainerScrub(177)) - Background container scanner has been disabled.
2019-10-15 04:21:14,690 [Datanode State Machine Thread - 0] INFO  ratis.XceiverServerRatis (XceiverServerRatis.java:start(418)) - Starting XceiverServerRatis a047aedb-2737-4041-818a-6d6a1738c372 at port 0
2019-10-15 04:21:14,698 [Datanode State Machine Thread - 0] INFO  impl.RaftServerProxy (RaftServerProxy.java:lambda$start$3(299)) - a047aedb-2737-4041-818a-6d6a1738c372: start RPC server
2019-10-15 04:21:14,699 [Datanode State Machine Thread - 0] INFO  server.GrpcService (GrpcService.java:startImpl(158)) - a047aedb-2737-4041-818a-6d6a1738c372: GrpcService started, listening on 0.0.0.0/0.0.0.0:44285
2019-10-15 04:21:14,699 [Datanode State Machine Thread - 0] INFO  ratis.XceiverServerRatis (XceiverServerRatis.java:start(428)) - XceiverServerRatis a047aedb-2737-4041-818a-6d6a1738c372 is started using port 44285
2019-10-15 04:21:14,702 [Datanode State Machine Thread - 0] INFO  server.XceiverServerGrpc (XceiverServerGrpc.java:start(149)) - XceiverServerGrpc a047aedb-2737-4041-818a-6d6a1738c372 is started using port 35261
2019-10-15 04:21:14,743 [main] INFO  ozone.MiniOzoneClusterImpl (MiniOzoneClusterImpl.java:lambda$waitForClusterToBeReady$0(147)) - Waiting for cluster to be ready. Got 0 of 7 DN Heartbeats.
2019-10-15 04:21:14,798 [Datanode State Machine Thread - 0] INFO  ozoneimpl.OzoneContainer (OzoneContainer.java:start(213)) - Attempting to start container services.
2019-10-15 04:21:14,798 [Datanode State Machine Thread - 0] INFO  ozoneimpl.OzoneContainer (OzoneContainer.java:startContainerScrub(177)) - Background container scanner has been disabled.
2019-10-15 04:21:14,798 [Datanode State Machine Thread - 0] INFO  ratis.XceiverServerRatis (XceiverServerRatis.java:start(418)) - Starting XceiverServerRatis 4f07d5d1-48cc-45cb-b3e4-19ab413f427c at port 0
2019-10-15 04:21:14,805 [Datanode State Machine Thread - 0] INFO  impl.RaftServerProxy (RaftServerProxy.java:lambda$start$3(299)) - 4f07d5d1-48cc-45cb-b3e4-19ab413f427c: start RPC server
2019-10-15 04:21:14,806 [Datanode State Machine Thread - 0] INFO  server.GrpcService (GrpcService.java:startImpl(158)) - 4f07d5d1-48cc-45cb-b3e4-19ab413f427c: GrpcService started, listening on 0.0.0.0/0.0.0.0:38258
2019-10-15 04:21:14,806 [Datanode State Machine Thread - 0] INFO  ratis.XceiverServerRatis (XceiverServerRatis.java:start(428)) - XceiverServerRatis 4f07d5d1-48cc-45cb-b3e4-19ab413f427c is started using port 38258
2019-10-15 04:21:14,807 [Datanode State Machine Thread - 0] INFO  server.XceiverServerGrpc (XceiverServerGrpc.java:start(149)) - XceiverServerGrpc 4f07d5d1-48cc-45cb-b3e4-19ab413f427c is started using port 45405
2019-10-15 04:21:15,744 [main] INFO  ozone.MiniOzoneClusterImpl (MiniOzoneClusterImpl.java:lambda$waitForClusterToBeReady$0(147)) - Waiting for cluster to be ready. Got 0 of 7 DN Heartbeats.
2019-10-15 04:21:16,291 [IPC Server handler 0 on 33974] INFO  net.NetworkTopology (NetworkTopologyImpl.java:add(111)) - Added a new node: /default-rack/e5145cd3-4f68-44c8-b3e3-52f0b3be5370
2019-10-15 04:21:16,293 [IPC Server handler 0 on 33974] INFO  node.SCMNodeManager (SCMNodeManager.java:register(268)) - Registered Data node : e5145cd3-4f68-44c8-b3e3-52f0b3be5370{ip: 192.168.151.112, host: pr-hdds-2194-gpqhj-1713016619, networkLocation: /default-rack, certSerialId: null}
2019-10-15 04:21:16,294 [EventQueue-NodeRegistrationContainerReportForDataNodeSafeModeRule] INFO  safemode.SCMSafeModeManager (DataNodeSafeModeRule.java:process(71)) - SCM in safe mode. 1 DataNodes registered, 1 required.
2019-10-15 04:21:16,296 [EventQueue-NodeRegistrationContainerReportForDataNodeSafeModeRule] INFO  safemode.SCMSafeModeManager (SCMSafeModeManager.java:validateSafeModeExitRules(177)) - ScmSafeModeManager, all rules are successfully validated
2019-10-15 04:21:16,296 [EventQueue-NodeRegistrationContainerReportForDataNodeSafeModeRule] INFO  safemode.SCMSafeModeManager (SCMSafeModeManager.java:exitSafeMode(193)) - SCM exiting safe mode.
2019-10-15 04:21:16,306 [grpc-default-executor-3] INFO  impl.RaftServerProxy (RaftServerProxy.java:addNew(89)) - e5145cd3-4f68-44c8-b3e3-52f0b3be5370: addNew group-B729864888E3:[e5145cd3-4f68-44c8-b3e3-52f0b3be5370:192.168.151.112:39797] returns group-B729864888E3:java.util.concurrent.CompletableFuture@509a9d8c[Not completed]
2019-10-15 04:21:16,308 [pool-383-thread-1] INFO  impl.RaftServerImpl (RaftServerImpl.java:<init>(95)) - e5145cd3-4f68-44c8-b3e3-52f0b3be5370: new RaftServerImpl for group-B729864888E3:[e5145cd3-4f68-44c8-b3e3-52f0b3be5370:192.168.151.112:39797] with ContainerStateMachine:uninitialized
2019-10-15 04:21:16,308 [pool-383-thread-1] INFO  server.RaftServerConfigKeys (ConfUtils.java:logGet(43)) - raft.server.rpc.timeout.min = 5s (custom)
2019-10-15 04:21:16,308 [pool-383-thread-1] INFO  server.RaftServerConfigKeys (ConfUtils.java:logGet(43)) - raft.server.rpc.timeout.max = 5200ms (custom)
2019-10-15 04:21:16,309 [pool-383-thread-1] INFO  server.RaftServerConfigKeys (ConfUtils.java:logGet(43)) - raft.server.rpcslowness.timeout = 120s (custom)
2019-10-15 04:21:16,309 [pool-383-thread-1] INFO  server.RaftServerConfigKeys (ConfUtils.java:logGet(43)) - raft.server.sleep.deviation.threshold = 300 (default)
2019-10-15 04:21:16,309 [pool-383-thread-1] INFO  server.RaftServerConfigKeys (ConfUtils.java:logGet(43)) - raft.server.log.appender.install.snapshot.enabled = false (custom)
2019-10-15 04:21:16,309 [pool-383-thread-1] INFO  impl.RaftServerImpl (ServerState.java:<init>(103)) - e5145cd3-4f68-44c8-b3e3-52f0b3be5370@group-B729864888E3: ConfigurationManager, init=-1: [e5145cd3-4f68-44c8-b3e3-52f0b3be5370:192.168.151.112:39797], old=null, confs=<EMPTY_MAP>
2019-10-15 04:21:16,309 [pool-383-thread-1] INFO  server.RaftServerConfigKeys (ConfUtils.java:logGet(43)) - raft.server.storage.dir = [/workdir/hadoop-ozone/integration-test/target/test-dir/MiniOzoneClusterImpl-4582359f-1f53-4b17-9dcb-8937d4b14848/datanode-0/data/ratis] (custom)
2019-10-15 04:21:16,310 [pool-383-thread-1] INFO  server.RaftServerConfigKeys (ConfUtils.java:logGet(43)) - raft.server.log.corruption.policy = EXCEPTION (default)
2019-10-15 04:21:16,310 [pool-383-thread-1] INFO  storage.RaftStorageDirectory (RaftStorageDirectory.java:analyzeStorage(246)) - The storage directory /workdir/hadoop-ozone/integration-test/target/test-dir/MiniOzoneClusterImpl-4582359f-1f53-4b17-9dcb-8937d4b14848/datanode-0/data/ratis/fefdc109-6cb9-431b-bf82-b729864888e3 does not exist. Creating ...
2019-10-15 04:21:16,341 [pool-383-thread-1] INFO  storage.RaftStorageDirectory (RaftStorageDirectory.java:tryLock(328)) - Lock on /workdir/hadoop-ozone/integration-test/target/test-dir/MiniOzoneClusterImpl-4582359f-1f53-4b17-9dcb-8937d4b14848/datanode-0/data/ratis/fefdc109-6cb9-431b-bf82-b729864888e3/in_use.lock acquired by nodename 24710@pr-hdds-2194-gpqhj-1713016619
2019-10-15 04:21:16,348 [IPC Server handler 2 on 33974] INFO  net.NetworkTopology (NetworkTopologyImpl.java:add(111)) - Added a new node: /default-rack/52fbfc08-63f7-48cc-855c-e048bc3c6967
2019-10-15 04:21:16,348 [IPC Server handler 2 on 33974] INFO  node.SCMNodeManager (SCMNodeManager.java:register(268)) - Registered Data node : 52fbfc08-63f7-48cc-855c-e048bc3c6967{ip: 192.168.151.112, host: pr-hdds-2194-gpqhj-1713016619, networkLocation: /default-rack, certSerialId: null}
2019-10-15 04:21:16,383 [pool-383-thread-1] INFO  storage.RaftStorage (RaftStorage.java:format(84)) - Storage directory /workdir/hadoop-ozone/integration-test/target/test-dir/MiniOzoneClusterImpl-4582359f-1f53-4b17-9dcb-8937d4b14848/datanode-0/data/ratis/fefdc109-6cb9-431b-bf82-b729864888e3 has been successfully formatted.
2019-10-15 04:21:16,383 [pool-383-thread-1] INFO  ratis.ContainerStateMachine (ContainerStateMachine.java:loadSnapshot(231)) - group-B729864888E3: The snapshot info is null. Setting the last applied indexto:(t:0, i:~)
2019-10-15 04:21:16,383 [pool-383-thread-1] INFO  server.RaftServerConfigKeys (ConfUtils.java:logGet(43)) - raft.server.notification.no-leader.timeout = 120s (custom)
2019-10-15 04:21:16,384 [pool-383-thread-1] INFO  server.RaftServerConfigKeys (ConfUtils.java:logGet(43)) - raft.server.log.use.memory = false (default)
2019-10-15 04:21:16,384 [pool-383-thread-1] INFO  server.RaftServerConfigKeys (ConfUtils.java:logGet(43)) - raft.server.log.purge.gap = 1000000 (custom)
2019-10-15 04:21:16,384 [pool-383-thread-1] INFO  server.RaftServerConfigKeys (ConfUtils.java:logGet(43)) - raft.server.log.appender.buffer.byte-limit = 33554432 (custom)
2019-10-15 04:21:16,384 [pool-383-thread-1] INFO  server.RaftServerConfigKeys (ConfUtils.java:logGet(43)) - raft.server.log.segment.size.max = 1048576 (custom)
2019-10-15 04:21:16,386 [pool-383-thread-1] INFO  server.RaftServerConfigKeys (ConfUtils.java:logGet(43)) - raft.server.log.segment.cache.num.max = 2 (custom)
2019-10-15 04:21:16,387 [pool-383-thread-1] INFO  segmented.SegmentedRaftLogWorker (SegmentedRaftLogWorker.java:<init>(173)) - new e5145cd3-4f68-44c8-b3e3-52f0b3be5370@group-B729864888E3-SegmentedRaftLogWorker for RaftStorage:Storage Directory /workdir/hadoop-ozone/integration-test/target/test-dir/MiniOzoneClusterImpl-4582359f-1f53-4b17-9dcb-8937d4b14848/datanode-0/data/ratis/fefdc109-6cb9-431b-bf82-b729864888e3
2019-10-15 04:21:16,387 [pool-383-thread-1] INFO  server.RaftServerConfigKeys (ConfUtils.java:logGet(43)) - raft.server.log.queue.byte-limit = 2147483647 (custom)
2019-10-15 04:21:16,387 [pool-383-thread-1] INFO  server.RaftServerConfigKeys (ConfUtils.java:logGet(43)) - raft.server.log.queue.element-limit = 1024 (custom)
2019-10-15 04:21:16,387 [pool-383-thread-1] INFO  server.RaftServerConfigKeys (ConfUtils.java:logGet(43)) - raft.server.log.segment.size.max = 1048576 (custom)
2019-10-15 04:21:16,387 [pool-383-thread-1] INFO  server.RaftServerConfigKeys (ConfUtils.java:logGet(43)) - raft.server.log.preallocated.size = 16384 (custom)
2019-10-15 04:21:16,387 [pool-383-thread-1] INFO  server.RaftServerConfigKeys (ConfUtils.java:logGet(43)) - raft.server.log.write.buffer.size = 33554432 (custom)
2019-10-15 04:21:16,388 [pool-383-thread-1] INFO  server.RaftServerConfigKeys (ConfUtils.java:logGet(43)) - raft.server.log.force.sync.num = 128 (default)
2019-10-15 04:21:16,388 [pool-383-thread-1] INFO  server.RaftServerConfigKeys (ConfUtils.java:logGet(43)) - raft.server.log.statemachine.data.sync = true (default)
2019-10-15 04:21:16,388 [pool-383-thread-1] INFO  server.RaftServerConfigKeys (ConfUtils.java:logGet(43)) - raft.server.log.statemachine.data.sync.timeout = 10s (default)
2019-10-15 04:21:16,388 [pool-383-thread-1] INFO  server.RaftServerConfigKeys (ConfUtils.java:logGet(43)) - raft.server.log.statemachine.data.sync.timeout.retry = -1 (default)
2019-10-15 04:21:16,389 [pool-383-thread-1] INFO  server.RaftServerConfigKeys (ConfUtils.java:logGet(43)) - raft.server.log.statemachine.data.caching.enabled = true (custom)
2019-10-15 04:21:16,389 [pool-383-thread-1] INFO  segmented.SegmentedRaftLogWorker (SegmentedRaftLogWorker.java:lambda$new$0(128)) - e5145cd3-4f68-44c8-b3e3-52f0b3be5370@group-B729864888E3-SegmentedRaftLogWorker: flushIndex: setUnconditionally 0 -> -1
2019-10-15 04:21:16,389 [pool-383-thread-1] INFO  server.RaftServerConfigKeys (ConfUtils.java:logGet(43)) - raft.server.snapshot.auto.trigger.enabled = true (custom)
2019-10-15 04:21:16,390 [pool-383-thread-1] INFO  server.RaftServerConfigKeys (ConfUtils.java:logGet(43)) - raft.server.snapshot.auto.trigger.threshold = 10000 (custom)
2019-10-15 04:21:16,390 [pool-383-thread-1] INFO  server.RaftServerConfigKeys (ConfUtils.java:logGet(43)) - raft.server.snapshot.retention.file.num = 5 (custom)
2019-10-15 04:21:16,390 [pool-383-thread-1] INFO  server.RaftServerConfigKeys (ConfUtils.java:logGet(43)) - raft.server.retrycache.expirytime = 600000ms (custom)
2019-10-15 04:21:16,392 [pool-383-thread-1] INFO  impl.RaftServerImpl (RaftServerImpl.java:start(181)) - e5145cd3-4f68-44c8-b3e3-52f0b3be5370@group-B729864888E3: start as a follower, conf=-1: [e5145cd3-4f68-44c8-b3e3-52f0b3be5370:192.168.151.112:39797], old=null
2019-10-15 04:21:16,392 [pool-383-thread-1] INFO  impl.RaftServerImpl (RaftServerImpl.java:setRole(170)) - e5145cd3-4f68-44c8-b3e3-52f0b3be5370@group-B729864888E3: changes role from      null to FOLLOWER at term 0 for startAsFollower
2019-10-15 04:21:16,392 [pool-383-thread-1] INFO  impl.RoleInfo (RoleInfo.java:updateAndGet(143)) - e5145cd3-4f68-44c8-b3e3-52f0b3be5370: start FollowerState
2019-10-15 04:21:16,393 [pool-383-thread-1] INFO  util.JmxRegister (JmxRegister.java:tryRegister(44)) - Successfully registered JMX Bean with object name Ratis:service=RaftServer,group=group-B729864888E3,id=e5145cd3-4f68-44c8-b3e3-52f0b3be5370
2019-10-15 04:21:16,398 [RatisPipelineUtilsThread] INFO  pipeline.PipelineStateManager (PipelineStateManager.java:addPipeline(56)) - Created pipeline Pipeline[ Id: fefdc109-6cb9-431b-bf82-b729864888e3, Nodes: e5145cd3-4f68-44c8-b3e3-52f0b3be5370{ip: 192.168.151.112, host: pr-hdds-2194-gpqhj-1713016619, networkLocation: /default-rack, certSerialId: null}, Type:RATIS, Factor:ONE, State:OPEN]
2019-10-15 04:21:16,406 [grpc-default-executor-3] INFO  impl.RaftServerProxy (RaftServerProxy.java:addNew(89)) - 52fbfc08-63f7-48cc-855c-e048bc3c6967: addNew group-0ED711817336:[52fbfc08-63f7-48cc-855c-e048bc3c6967:192.168.151.112:33865] returns group-0ED711817336:java.util.concurrent.CompletableFuture@78e9b8c4[Not completed]
2019-10-15 04:21:16,408 [pool-393-thread-1] INFO  impl.RaftServerImpl (RaftServerImpl.java:<init>(95)) - 52fbfc08-63f7-48cc-855c-e048bc3c6967: new RaftServerImpl for group-0ED711817336:[52fbfc08-63f7-48cc-855c-e048bc3c6967:192.168.151.112:33865] with ContainerStateMachine:uninitialized
2019-10-15 04:21:16,408 [pool-393-thread-1] INFO  server.RaftServerConfigKeys (ConfUtils.java:logGet(43)) - raft.server.rpc.timeout.min = 5s (custom)
2019-10-15 04:21:16,408 [pool-393-thread-1] INFO  server.RaftServerConfigKeys (ConfUtils.java:logGet(43)) - raft.server.rpc.timeout.max = 5200ms (custom)
2019-10-15 04:21:16,408 [pool-393-thread-1] INFO  server.RaftServerConfigKeys (ConfUtils.java:logGet(43)) - raft.server.rpcslowness.timeout = 120s (custom)
2019-10-15 04:21:16,408 [pool-393-thread-1] INFO  server.RaftServerConfigKeys (ConfUtils.java:logGet(43)) - raft.server.sleep.deviation.threshold = 300 (default)
2019-10-15 04:21:16,408 [IPC Server handler 3 on 33974] INFO  net.NetworkTopology (NetworkTopologyImpl.java:add(111)) - Added a new node: /default-rack/b5bd5611-4c64-4c62-892e-835ab3bfeaeb
2019-10-15 04:21:16,408 [pool-393-thread-1] INFO  server.RaftServerConfigKeys (ConfUtils.java:logGet(43)) - raft.server.log.appender.install.snapshot.enabled = false (custom)
2019-10-15 04:21:16,409 [IPC Server handler 3 on 33974] INFO  node.SCMNodeManager (SCMNodeManager.java:register(268)) - Registered Data node : b5bd5611-4c64-4c62-892e-835ab3bfeaeb{ip: 192.168.151.112, host: pr-hdds-2194-gpqhj-1713016619, networkLocation: /default-rack, certSerialId: null}
2019-10-15 04:21:16,409 [pool-393-thread-1] INFO  impl.RaftServerImpl (ServerState.java:<init>(103)) - 52fbfc08-63f7-48cc-855c-e048bc3c6967@group-0ED711817336: ConfigurationManager, init=-1: [52fbfc08-63f7-48cc-855c-e048bc3c6967:192.168.151.112:33865], old=null, confs=<EMPTY_MAP>
2019-10-15 04:21:16,409 [pool-393-thread-1] INFO  server.RaftServerConfigKeys (ConfUtils.java:logGet(43)) - raft.server.storage.dir = [/workdir/hadoop-ozone/integration-test/target/test-dir/MiniOzoneClusterImpl-4582359f-1f53-4b17-9dcb-8937d4b14848/datanode-1/data/ratis] (custom)
2019-10-15 04:21:16,409 [pool-393-thread-1] INFO  server.RaftServerConfigKeys (ConfUtils.java:logGet(43)) - raft.server.log.corruption.policy = EXCEPTION (default)
2019-10-15 04:21:16,410 [pool-393-thread-1] INFO  storage.RaftStorageDirectory (RaftStorageDirectory.java:analyzeStorage(246)) - The storage directory /workdir/hadoop-ozone/integration-test/target/test-dir/MiniOzoneClusterImpl-4582359f-1f53-4b17-9dcb-8937d4b14848/datanode-1/data/ratis/2e3b0cd9-12d9-4112-81de-0ed711817336 does not exist. Creating ...
2019-10-15 04:21:16,442 [pool-393-thread-1] INFO  storage.RaftStorageDirectory (RaftStorageDirectory.java:tryLock(328)) - Lock on /workdir/hadoop-ozone/integration-test/target/test-dir/MiniOzoneClusterImpl-4582359f-1f53-4b17-9dcb-8937d4b14848/datanode-1/data/ratis/2e3b0cd9-12d9-4112-81de-0ed711817336/in_use.lock acquired by nodename 24710@pr-hdds-2194-gpqhj-1713016619
2019-10-15 04:21:16,467 [pool-393-thread-1] INFO  storage.RaftStorage (RaftStorage.java:format(84)) - Storage directory /workdir/hadoop-ozone/integration-test/target/test-dir/MiniOzoneClusterImpl-4582359f-1f53-4b17-9dcb-8937d4b14848/datanode-1/data/ratis/2e3b0cd9-12d9-4112-81de-0ed711817336 has been successfully formatted.
2019-10-15 04:21:16,468 [pool-393-thread-1] INFO  ratis.ContainerStateMachine (ContainerStateMachine.java:loadSnapshot(231)) - group-0ED711817336: The snapshot info is null. Setting the last applied indexto:(t:0, i:~)
2019-10-15 04:21:16,468 [pool-393-thread-1] INFO  server.RaftServerConfigKeys (ConfUtils.java:logGet(43)) - raft.server.notification.no-leader.timeout = 120s (custom)
2019-10-15 04:21:16,468 [pool-393-thread-1] INFO  server.RaftServerConfigKeys (ConfUtils.java:logGet(43)) - raft.server.log.use.memory = false (default)
2019-10-15 04:21:16,468 [pool-393-thread-1] INFO  server.RaftServerConfigKeys (ConfUtils.java:logGet(43)) - raft.server.log.purge.gap = 1000000 (custom)
2019-10-15 04:21:16,469 [pool-393-thread-1] INFO  server.RaftServerConfigKeys (ConfUtils.java:logGet(43)) - raft.server.log.appender.buffer.byte-limit = 33554432 (custom)
2019-10-15 04:21:16,469 [pool-393-thread-1] INFO  server.RaftServerConfigKeys (ConfUtils.java:logGet(43)) - raft.server.log.segment.size.max = 1048576 (custom)
2019-10-15 04:21:16,471 [pool-393-thread-1] INFO  server.RaftServerConfigKeys (ConfUtils.java:logGet(43)) - raft.server.log.segment.cache.num.max = 2 (custom)
2019-10-15 04:21:16,471 [pool-393-thread-1] INFO  segmented.SegmentedRaftLogWorker (SegmentedRaftLogWorker.java:<init>(173)) - new 52fbfc08-63f7-48cc-855c-e048bc3c6967@group-0ED711817336-SegmentedRaftLogWorker for RaftStorage:Storage Directory /workdir/hadoop-ozone/integration-test/target/test-dir/MiniOzoneClusterImpl-4582359f-1f53-4b17-9dcb-8937d4b14848/datanode-1/data/ratis/2e3b0cd9-12d9-4112-81de-0ed711817336
2019-10-15 04:21:16,471 [pool-393-thread-1] INFO  server.RaftServerConfigKeys (ConfUtils.java:logGet(43)) - raft.server.log.queue.byte-limit = 2147483647 (custom)
2019-10-15 04:21:16,472 [pool-393-thread-1] INFO  server.RaftServerConfigKeys (ConfUtils.java:logGet(43)) - raft.server.log.queue.element-limit = 1024 (custom)
2019-10-15 04:21:16,472 [pool-393-thread-1] INFO  server.RaftServerConfigKeys (ConfUtils.java:logGet(43)) - raft.server.log.segment.size.max = 1048576 (custom)
2019-10-15 04:21:16,472 [pool-393-thread-1] INFO  server.RaftServerConfigKeys (ConfUtils.java:logGet(43)) - raft.server.log.preallocated.size = 16384 (custom)
2019-10-15 04:21:16,472 [pool-393-thread-1] INFO  server.RaftServerConfigKeys (ConfUtils.java:logGet(43)) - raft.server.log.write.buffer.size = 33554432 (custom)
2019-10-15 04:21:16,472 [pool-393-thread-1] INFO  server.RaftServerConfigKeys (ConfUtils.java:logGet(43)) - raft.server.log.force.sync.num = 128 (default)
2019-10-15 04:21:16,472 [pool-393-thread-1] INFO  server.RaftServerConfigKeys (ConfUtils.java:logGet(43)) - raft.server.log.statemachine.data.sync = true (default)
2019-10-15 04:21:16,473 [pool-393-thread-1] INFO  server.RaftServerConfigKeys (ConfUtils.java:logGet(43)) - raft.server.log.statemachine.data.sync.timeout = 10s (default)
2019-10-15 04:21:16,473 [pool-393-thread-1] INFO  server.RaftServerConfigKeys (ConfUtils.java:logGet(43)) - raft.server.log.statemachine.data.sync.timeout.retry = -1 (default)
2019-10-15 04:21:16,473 [pool-393-thread-1] INFO  server.RaftServerConfigKeys (ConfUtils.java:logGet(43)) - raft.server.log.statemachine.data.caching.enabled = true (custom)
2019-10-15 04:21:16,474 [pool-393-thread-1] INFO  segmented.SegmentedRaftLogWorker (SegmentedRaftLogWorker.java:lambda$new$0(128)) - 52fbfc08-63f7-48cc-855c-e048bc3c6967@group-0ED711817336-SegmentedRaftLogWorker: flushIndex: setUnconditionally 0 -> -1
2019-10-15 04:21:16,474 [pool-393-thread-1] INFO  server.RaftServerConfigKeys (ConfUtils.java:logGet(43)) - raft.server.snapshot.auto.trigger.enabled = true (custom)
2019-10-15 04:21:16,474 [pool-393-thread-1] INFO  server.RaftServerConfigKeys (ConfUtils.java:logGet(43)) - raft.server.snapshot.auto.trigger.threshold = 10000 (custom)
2019-10-15 04:21:16,474 [pool-393-thread-1] INFO  server.RaftServerConfigKeys (ConfUtils.java:logGet(43)) - raft.server.snapshot.retention.file.num = 5 (custom)
2019-10-15 04:21:16,475 [pool-393-thread-1] INFO  server.RaftServerConfigKeys (ConfUtils.java:logGet(43)) - raft.server.retrycache.expirytime = 600000ms (custom)
2019-10-15 04:21:16,475 [IPC Server handler 4 on 33974] INFO  net.NetworkTopology (NetworkTopologyImpl.java:add(111)) - Added a new node: /default-rack/6e548805-b2c6-4eb0-be2a-269260f5db19
2019-10-15 04:21:16,476 [IPC Server handler 4 on 33974] INFO  node.SCMNodeManager (SCMNodeManager.java:register(268)) - Registered Data node : 6e548805-b2c6-4eb0-be2a-269260f5db19{ip: 192.168.151.112, host: pr-hdds-2194-gpqhj-1713016619, networkLocation: /default-rack, certSerialId: null}
2019-10-15 04:21:16,477 [pool-393-thread-1] INFO  impl.RaftServerImpl (RaftServerImpl.java:start(181)) - 52fbfc08-63f7-48cc-855c-e048bc3c6967@group-0ED711817336: start as a follower, conf=-1: [52fbfc08-63f7-48cc-855c-e048bc3c6967:192.168.151.112:33865], old=null
2019-10-15 04:21:16,477 [pool-393-thread-1] INFO  impl.RaftServerImpl (RaftServerImpl.java:setRole(170)) - 52fbfc08-63f7-48cc-855c-e048bc3c6967@group-0ED711817336: changes role from      null to FOLLOWER at term 0 for startAsFollower
2019-10-15 04:21:16,477 [pool-393-thread-1] INFO  impl.RoleInfo (RoleInfo.java:updateAndGet(143)) - 52fbfc08-63f7-48cc-855c-e048bc3c6967: start FollowerState
2019-10-15 04:21:16,478 [pool-393-thread-1] INFO  util.JmxRegister (JmxRegister.java:tryRegister(44)) - Successfully registered JMX Bean with object name Ratis:service=RaftServer,group=group-0ED711817336,id=52fbfc08-63f7-48cc-855c-e048bc3c6967
2019-10-15 04:21:16,482 [RatisPipelineUtilsThread] INFO  pipeline.PipelineStateManager (PipelineStateManager.java:addPipeline(56)) - Created pipeline Pipeline[ Id: 2e3b0cd9-12d9-4112-81de-0ed711817336, Nodes: 52fbfc08-63f7-48cc-855c-e048bc3c6967{ip: 192.168.151.112, host: pr-hdds-2194-gpqhj-1713016619, networkLocation: /default-rack, certSerialId: null}, Type:RATIS, Factor:ONE, State:OPEN]
2019-10-15 04:21:16,489 [grpc-default-executor-3] INFO  impl.RaftServerProxy (RaftServerProxy.java:addNew(89)) - 6e548805-b2c6-4eb0-be2a-269260f5db19: addNew group-D38F71A405D3:[6e548805-b2c6-4eb0-be2a-269260f5db19:192.168.151.112:41243] returns group-D38F71A405D3:java.util.concurrent.CompletableFuture@6154c1e2[Not completed]
2019-10-15 04:21:16,490 [pool-413-thread-1] INFO  impl.RaftServerImpl (RaftServerImpl.java:<init>(95)) - 6e548805-b2c6-4eb0-be2a-269260f5db19: new RaftServerImpl for group-D38F71A405D3:[6e548805-b2c6-4eb0-be2a-269260f5db19:192.168.151.112:41243] with ContainerStateMachine:uninitialized
2019-10-15 04:21:16,490 [pool-413-thread-1] INFO  server.RaftServerConfigKeys (ConfUtils.java:logGet(43)) - raft.server.rpc.timeout.min = 5s (custom)
2019-10-15 04:21:16,490 [pool-413-thread-1] INFO  server.RaftServerConfigKeys (ConfUtils.java:logGet(43)) - raft.server.rpc.timeout.max = 5200ms (custom)
2019-10-15 04:21:16,490 [pool-413-thread-1] INFO  server.RaftServerConfigKeys (ConfUtils.java:logGet(43)) - raft.server.rpcslowness.timeout = 120s (custom)
2019-10-15 04:21:16,490 [pool-413-thread-1] INFO  server.RaftServerConfigKeys (ConfUtils.java:logGet(43)) - raft.server.sleep.deviation.threshold = 300 (default)
2019-10-15 04:21:16,490 [pool-413-thread-1] INFO  server.RaftServerConfigKeys (ConfUtils.java:logGet(43)) - raft.server.log.appender.install.snapshot.enabled = false (custom)
2019-10-15 04:21:16,491 [pool-413-thread-1] INFO  impl.RaftServerImpl (ServerState.java:<init>(103)) - 6e548805-b2c6-4eb0-be2a-269260f5db19@group-D38F71A405D3: ConfigurationManager, init=-1: [6e548805-b2c6-4eb0-be2a-269260f5db19:192.168.151.112:41243], old=null, confs=<EMPTY_MAP>
2019-10-15 04:21:16,491 [pool-413-thread-1] INFO  server.RaftServerConfigKeys (ConfUtils.java:logGet(43)) - raft.server.storage.dir = [/workdir/hadoop-ozone/integration-test/target/test-dir/MiniOzoneClusterImpl-4582359f-1f53-4b17-9dcb-8937d4b14848/datanode-3/data/ratis] (custom)
2019-10-15 04:21:16,491 [pool-413-thread-1] INFO  server.RaftServerConfigKeys (ConfUtils.java:logGet(43)) - raft.server.log.corruption.policy = EXCEPTION (default)
2019-10-15 04:21:16,491 [pool-413-thread-1] INFO  storage.RaftStorageDirectory (RaftStorageDirectory.java:analyzeStorage(246)) - The storage directory /workdir/hadoop-ozone/integration-test/target/test-dir/MiniOzoneClusterImpl-4582359f-1f53-4b17-9dcb-8937d4b14848/datanode-3/data/ratis/2a16c49b-a46b-4782-ab5d-d38f71a405d3 does not exist. Creating ...
2019-10-15 04:21:16,534 [pool-413-thread-1] INFO  storage.RaftStorageDirectory (RaftStorageDirectory.java:tryLock(328)) - Lock on /workdir/hadoop-ozone/integration-test/target/test-dir/MiniOzoneClusterImpl-4582359f-1f53-4b17-9dcb-8937d4b14848/datanode-3/data/ratis/2a16c49b-a46b-4782-ab5d-d38f71a405d3/in_use.lock acquired by nodename 24710@pr-hdds-2194-gpqhj-1713016619
2019-10-15 04:21:16,546 [IPC Server handler 6 on 33974] INFO  net.NetworkTopology (NetworkTopologyImpl.java:add(111)) - Added a new node: /default-rack/7be157f4-d73b-448e-8cd7-6469e73fa7ac
2019-10-15 04:21:16,547 [IPC Server handler 6 on 33974] INFO  node.SCMNodeManager (SCMNodeManager.java:register(268)) - Registered Data node : 7be157f4-d73b-448e-8cd7-6469e73fa7ac{ip: 192.168.151.112, host: pr-hdds-2194-gpqhj-1713016619, networkLocation: /default-rack, certSerialId: null}
2019-10-15 04:21:16,568 [pool-413-thread-1] INFO  storage.RaftStorage (RaftStorage.java:format(84)) - Storage directory /workdir/hadoop-ozone/integration-test/target/test-dir/MiniOzoneClusterImpl-4582359f-1f53-4b17-9dcb-8937d4b14848/datanode-3/data/ratis/2a16c49b-a46b-4782-ab5d-d38f71a405d3 has been successfully formatted.
2019-10-15 04:21:16,569 [pool-413-thread-1] INFO  ratis.ContainerStateMachine (ContainerStateMachine.java:loadSnapshot(231)) - group-D38F71A405D3: The snapshot info is null. Setting the last applied indexto:(t:0, i:~)
2019-10-15 04:21:16,569 [pool-413-thread-1] INFO  server.RaftServerConfigKeys (ConfUtils.java:logGet(43)) - raft.server.notification.no-leader.timeout = 120s (custom)
2019-10-15 04:21:16,569 [pool-413-thread-1] INFO  server.RaftServerConfigKeys (ConfUtils.java:logGet(43)) - raft.server.log.use.memory = false (default)
2019-10-15 04:21:16,569 [pool-413-thread-1] INFO  server.RaftServerConfigKeys (ConfUtils.java:logGet(43)) - raft.server.log.purge.gap = 1000000 (custom)
2019-10-15 04:21:16,569 [pool-413-thread-1] INFO  server.RaftServerConfigKeys (ConfUtils.java:logGet(43)) - raft.server.log.appender.buffer.byte-limit = 33554432 (custom)
2019-10-15 04:21:16,569 [pool-413-thread-1] INFO  server.RaftServerConfigKeys (ConfUtils.java:logGet(43)) - raft.server.log.segment.size.max = 1048576 (custom)
2019-10-15 04:21:16,571 [pool-413-thread-1] INFO  server.RaftServerConfigKeys (ConfUtils.java:logGet(43)) - raft.server.log.segment.cache.num.max = 2 (custom)
2019-10-15 04:21:16,571 [pool-413-thread-1] INFO  segmented.SegmentedRaftLogWorker (SegmentedRaftLogWorker.java:<init>(173)) - new 6e548805-b2c6-4eb0-be2a-269260f5db19@group-D38F71A405D3-SegmentedRaftLogWorker for RaftStorage:Storage Directory /workdir/hadoop-ozone/integration-test/target/test-dir/MiniOzoneClusterImpl-4582359f-1f53-4b17-9dcb-8937d4b14848/datanode-3/data/ratis/2a16c49b-a46b-4782-ab5d-d38f71a405d3
2019-10-15 04:21:16,572 [pool-413-thread-1] INFO  server.RaftServerConfigKeys (ConfUtils.java:logGet(43)) - raft.server.log.queue.byte-limit = 2147483647 (custom)
2019-10-15 04:21:16,572 [pool-413-thread-1] INFO  server.RaftServerConfigKeys (ConfUtils.java:logGet(43)) - raft.server.log.queue.element-limit = 1024 (custom)
2019-10-15 04:21:16,572 [pool-413-thread-1] INFO  server.RaftServerConfigKeys (ConfUtils.java:logGet(43)) - raft.server.log.segment.size.max = 1048576 (custom)
2019-10-15 04:21:16,572 [pool-413-thread-1] INFO  server.RaftServerConfigKeys (ConfUtils.java:logGet(43)) - raft.server.log.preallocated.size = 16384 (custom)
2019-10-15 04:21:16,572 [pool-413-thread-1] INFO  server.RaftServerConfigKeys (ConfUtils.java:logGet(43)) - raft.server.log.write.buffer.size = 33554432 (custom)
2019-10-15 04:21:16,572 [pool-413-thread-1] INFO  server.RaftServerConfigKeys (ConfUtils.java:logGet(43)) - raft.server.log.force.sync.num = 128 (default)
2019-10-15 04:21:16,572 [pool-413-thread-1] INFO  server.RaftServerConfigKeys (ConfUtils.java:logGet(43)) - raft.server.log.statemachine.data.sync = true (default)
2019-10-15 04:21:16,573 [pool-413-thread-1] INFO  server.RaftServerConfigKeys (ConfUtils.java:logGet(43)) - raft.server.log.statemachine.data.sync.timeout = 10s (default)
2019-10-15 04:21:16,573 [pool-413-thread-1] INFO  server.RaftServerConfigKeys (ConfUtils.java:logGet(43)) - raft.server.log.statemachine.data.sync.timeout.retry = -1 (default)
2019-10-15 04:21:16,573 [pool-413-thread-1] INFO  server.RaftServerConfigKeys (ConfUtils.java:logGet(43)) - raft.server.log.statemachine.data.caching.enabled = true (custom)
2019-10-15 04:21:16,574 [pool-413-thread-1] INFO  segmented.SegmentedRaftLogWorker (SegmentedRaftLogWorker.java:lambda$new$0(128)) - 6e548805-b2c6-4eb0-be2a-269260f5db19@group-D38F71A405D3-SegmentedRaftLogWorker: flushIndex: setUnconditionally 0 -> -1
2019-10-15 04:21:16,574 [pool-413-thread-1] INFO  server.RaftServerConfigKeys (ConfUtils.java:logGet(43)) - raft.server.snapshot.auto.trigger.enabled = true (custom)
2019-10-15 04:21:16,574 [pool-413-thread-1] INFO  server.RaftServerConfigKeys (ConfUtils.java:logGet(43)) - raft.server.snapshot.auto.trigger.threshold = 10000 (custom)
2019-10-15 04:21:16,574 [pool-413-thread-1] INFO  server.RaftServerConfigKeys (ConfUtils.java:logGet(43)) - raft.server.snapshot.retention.file.num = 5 (custom)
2019-10-15 04:21:16,574 [pool-413-thread-1] INFO  server.RaftServerConfigKeys (ConfUtils.java:logGet(43)) - raft.server.retrycache.expirytime = 600000ms (custom)
2019-10-15 04:21:16,576 [pool-413-thread-1] INFO  impl.RaftServerImpl (RaftServerImpl.java:start(181)) - 6e548805-b2c6-4eb0-be2a-269260f5db19@group-D38F71A405D3: start as a follower, conf=-1: [6e548805-b2c6-4eb0-be2a-269260f5db19:192.168.151.112:41243], old=null
2019-10-15 04:21:16,576 [pool-413-thread-1] INFO  impl.RaftServerImpl (RaftServerImpl.java:setRole(170)) - 6e548805-b2c6-4eb0-be2a-269260f5db19@group-D38F71A405D3: changes role from      null to FOLLOWER at term 0 for startAsFollower
2019-10-15 04:21:16,576 [pool-413-thread-1] INFO  impl.RoleInfo (RoleInfo.java:updateAndGet(143)) - 6e548805-b2c6-4eb0-be2a-269260f5db19: start FollowerState
2019-10-15 04:21:16,577 [pool-413-thread-1] INFO  util.JmxRegister (JmxRegister.java:tryRegister(44)) - Successfully registered JMX Bean with object name Ratis:service=RaftServer,group=group-D38F71A405D3,id=6e548805-b2c6-4eb0-be2a-269260f5db19
2019-10-15 04:21:16,581 [RatisPipelineUtilsThread] INFO  pipeline.PipelineStateManager (PipelineStateManager.java:addPipeline(56)) - Created pipeline Pipeline[ Id: 2a16c49b-a46b-4782-ab5d-d38f71a405d3, Nodes: 6e548805-b2c6-4eb0-be2a-269260f5db19{ip: 192.168.151.112, host: pr-hdds-2194-gpqhj-1713016619, networkLocation: /default-rack, certSerialId: null}, Type:RATIS, Factor:ONE, State:OPEN]
2019-10-15 04:21:16,588 [grpc-default-executor-3] INFO  impl.RaftServerProxy (RaftServerProxy.java:addNew(89)) - b5bd5611-4c64-4c62-892e-835ab3bfeaeb: addNew group-276C0E0EE6EE:[b5bd5611-4c64-4c62-892e-835ab3bfeaeb:192.168.151.112:36250] returns group-276C0E0EE6EE:java.util.concurrent.CompletableFuture@53860c3c[Not completed]
2019-10-15 04:21:16,590 [pool-403-thread-1] INFO  impl.RaftServerImpl (RaftServerImpl.java:<init>(95)) - b5bd5611-4c64-4c62-892e-835ab3bfeaeb: new RaftServerImpl for group-276C0E0EE6EE:[b5bd5611-4c64-4c62-892e-835ab3bfeaeb:192.168.151.112:36250] with ContainerStateMachine:uninitialized
2019-10-15 04:21:16,590 [pool-403-thread-1] INFO  server.RaftServerConfigKeys (ConfUtils.java:logGet(43)) - raft.server.rpc.timeout.min = 5s (custom)
2019-10-15 04:21:16,590 [pool-403-thread-1] INFO  server.RaftServerConfigKeys (ConfUtils.java:logGet(43)) - raft.server.rpc.timeout.max = 5200ms (custom)
2019-10-15 04:21:16,590 [pool-403-thread-1] INFO  server.RaftServerConfigKeys (ConfUtils.java:logGet(43)) - raft.server.rpcslowness.timeout = 120s (custom)
2019-10-15 04:21:16,590 [pool-403-thread-1] INFO  server.RaftServerConfigKeys (ConfUtils.java:logGet(43)) - raft.server.sleep.deviation.threshold = 300 (default)
2019-10-15 04:21:16,590 [pool-403-thread-1] INFO  server.RaftServerConfigKeys (ConfUtils.java:logGet(43)) - raft.server.log.appender.install.snapshot.enabled = false (custom)
2019-10-15 04:21:16,591 [pool-403-thread-1] INFO  impl.RaftServerImpl (ServerState.java:<init>(103)) - b5bd5611-4c64-4c62-892e-835ab3bfeaeb@group-276C0E0EE6EE: ConfigurationManager, init=-1: [b5bd5611-4c64-4c62-892e-835ab3bfeaeb:192.168.151.112:36250], old=null, confs=<EMPTY_MAP>
2019-10-15 04:21:16,591 [pool-403-thread-1] INFO  server.RaftServerConfigKeys (ConfUtils.java:logGet(43)) - raft.server.storage.dir = [/workdir/hadoop-ozone/integration-test/target/test-dir/MiniOzoneClusterImpl-4582359f-1f53-4b17-9dcb-8937d4b14848/datanode-2/data/ratis] (custom)
2019-10-15 04:21:16,591 [pool-403-thread-1] INFO  server.RaftServerConfigKeys (ConfUtils.java:logGet(43)) - raft.server.log.corruption.policy = EXCEPTION (default)
2019-10-15 04:21:16,591 [pool-403-thread-1] INFO  storage.RaftStorageDirectory (RaftStorageDirectory.java:analyzeStorage(246)) - The storage directory /workdir/hadoop-ozone/integration-test/target/test-dir/MiniOzoneClusterImpl-4582359f-1f53-4b17-9dcb-8937d4b14848/datanode-2/data/ratis/87c83ced-3b64-4ab7-b100-276c0e0ee6ee does not exist. Creating ...
2019-10-15 04:21:16,619 [pool-403-thread-1] INFO  storage.RaftStorageDirectory (RaftStorageDirectory.java:tryLock(328)) - Lock on /workdir/hadoop-ozone/integration-test/target/test-dir/MiniOzoneClusterImpl-4582359f-1f53-4b17-9dcb-8937d4b14848/datanode-2/data/ratis/87c83ced-3b64-4ab7-b100-276c0e0ee6ee/in_use.lock acquired by nodename 24710@pr-hdds-2194-gpqhj-1713016619
2019-10-15 04:21:16,652 [pool-403-thread-1] INFO  storage.RaftStorage (RaftStorage.java:format(84)) - Storage directory /workdir/hadoop-ozone/integration-test/target/test-dir/MiniOzoneClusterImpl-4582359f-1f53-4b17-9dcb-8937d4b14848/datanode-2/data/ratis/87c83ced-3b64-4ab7-b100-276c0e0ee6ee has been successfully formatted.
2019-10-15 04:21:16,653 [pool-403-thread-1] INFO  ratis.ContainerStateMachine (ContainerStateMachine.java:loadSnapshot(231)) - group-276C0E0EE6EE: The snapshot info is null. Setting the last applied indexto:(t:0, i:~)
2019-10-15 04:21:16,653 [pool-403-thread-1] INFO  server.RaftServerConfigKeys (ConfUtils.java:logGet(43)) - raft.server.notification.no-leader.timeout = 120s (custom)
2019-10-15 04:21:16,653 [pool-403-thread-1] INFO  server.RaftServerConfigKeys (ConfUtils.java:logGet(43)) - raft.server.log.use.memory = false (default)
2019-10-15 04:21:16,653 [pool-403-thread-1] INFO  server.RaftServerConfigKeys (ConfUtils.java:logGet(43)) - raft.server.log.purge.gap = 1000000 (custom)
2019-10-15 04:21:16,653 [pool-403-thread-1] INFO  server.RaftServerConfigKeys (ConfUtils.java:logGet(43)) - raft.server.log.appender.buffer.byte-limit = 33554432 (custom)
2019-10-15 04:21:16,654 [pool-403-thread-1] INFO  server.RaftServerConfigKeys (ConfUtils.java:logGet(43)) - raft.server.log.segment.size.max = 1048576 (custom)
2019-10-15 04:21:16,655 [pool-403-thread-1] INFO  server.RaftServerConfigKeys (ConfUtils.java:logGet(43)) - raft.server.log.segment.cache.num.max = 2 (custom)
2019-10-15 04:21:16,656 [pool-403-thread-1] INFO  segmented.SegmentedRaftLogWorker (SegmentedRaftLogWorker.java:<init>(173)) - new b5bd5611-4c64-4c62-892e-835ab3bfeaeb@group-276C0E0EE6EE-SegmentedRaftLogWorker for RaftStorage:Storage Directory /workdir/hadoop-ozone/integration-test/target/test-dir/MiniOzoneClusterImpl-4582359f-1f53-4b17-9dcb-8937d4b14848/datanode-2/data/ratis/87c83ced-3b64-4ab7-b100-276c0e0ee6ee
2019-10-15 04:21:16,656 [pool-403-thread-1] INFO  server.RaftServerConfigKeys (ConfUtils.java:logGet(43)) - raft.server.log.queue.byte-limit = 2147483647 (custom)
2019-10-15 04:21:16,656 [pool-403-thread-1] INFO  server.RaftServerConfigKeys (ConfUtils.java:logGet(43)) - raft.server.log.queue.element-limit = 1024 (custom)
2019-10-15 04:21:16,656 [IPC Server handler 1 on 33974] INFO  net.NetworkTopology (NetworkTopologyImpl.java:add(111)) - Added a new node: /default-rack/a047aedb-2737-4041-818a-6d6a1738c372
2019-10-15 04:21:16,656 [pool-403-thread-1] INFO  server.RaftServerConfigKeys (ConfUtils.java:logGet(43)) - raft.server.log.segment.size.max = 1048576 (custom)
2019-10-15 04:21:16,656 [IPC Server handler 1 on 33974] INFO  node.SCMNodeManager (SCMNodeManager.java:register(268)) - Registered Data node : a047aedb-2737-4041-818a-6d6a1738c372{ip: 192.168.151.112, host: pr-hdds-2194-gpqhj-1713016619, networkLocation: /default-rack, certSerialId: null}
2019-10-15 04:21:16,656 [pool-403-thread-1] INFO  server.RaftServerConfigKeys (ConfUtils.java:logGet(43)) - raft.server.log.preallocated.size = 16384 (custom)
2019-10-15 04:21:16,657 [pool-403-thread-1] INFO  server.RaftServerConfigKeys (ConfUtils.java:logGet(43)) - raft.server.log.write.buffer.size = 33554432 (custom)
2019-10-15 04:21:16,657 [pool-403-thread-1] INFO  server.RaftServerConfigKeys (ConfUtils.java:logGet(43)) - raft.server.log.force.sync.num = 128 (default)
2019-10-15 04:21:16,657 [pool-403-thread-1] INFO  server.RaftServerConfigKeys (ConfUtils.java:logGet(43)) - raft.server.log.statemachine.data.sync = true (default)
2019-10-15 04:21:16,657 [pool-403-thread-1] INFO  server.RaftServerConfigKeys (ConfUtils.java:logGet(43)) - raft.server.log.statemachine.data.sync.timeout = 10s (default)
2019-10-15 04:21:16,657 [pool-403-thread-1] INFO  server.RaftServerConfigKeys (ConfUtils.java:logGet(43)) - raft.server.log.statemachine.data.sync.timeout.retry = -1 (default)
2019-10-15 04:21:16,658 [pool-403-thread-1] INFO  server.RaftServerConfigKeys (ConfUtils.java:logGet(43)) - raft.server.log.statemachine.data.caching.enabled = true (custom)
2019-10-15 04:21:16,658 [pool-403-thread-1] INFO  segmented.SegmentedRaftLogWorker (SegmentedRaftLogWorker.java:lambda$new$0(128)) - b5bd5611-4c64-4c62-892e-835ab3bfeaeb@group-276C0E0EE6EE-SegmentedRaftLogWorker: flushIndex: setUnconditionally 0 -> -1
2019-10-15 04:21:16,658 [pool-403-thread-1] INFO  server.RaftServerConfigKeys (ConfUtils.java:logGet(43)) - raft.server.snapshot.auto.trigger.enabled = true (custom)
2019-10-15 04:21:16,658 [pool-403-thread-1] INFO  server.RaftServerConfigKeys (ConfUtils.java:logGet(43)) - raft.server.snapshot.auto.trigger.threshold = 10000 (custom)
2019-10-15 04:21:16,658 [pool-403-thread-1] INFO  server.RaftServerConfigKeys (ConfUtils.java:logGet(43)) - raft.server.snapshot.retention.file.num = 5 (custom)
2019-10-15 04:21:16,659 [pool-403-thread-1] INFO  server.RaftServerConfigKeys (ConfUtils.java:logGet(43)) - raft.server.retrycache.expirytime = 600000ms (custom)
2019-10-15 04:21:16,660 [pool-403-thread-1] INFO  impl.RaftServerImpl (RaftServerImpl.java:start(181)) - b5bd5611-4c64-4c62-892e-835ab3bfeaeb@group-276C0E0EE6EE: start as a follower, conf=-1: [b5bd5611-4c64-4c62-892e-835ab3bfeaeb:192.168.151.112:36250], old=null
2019-10-15 04:21:16,661 [pool-403-thread-1] INFO  impl.RaftServerImpl (RaftServerImpl.java:setRole(170)) - b5bd5611-4c64-4c62-892e-835ab3bfeaeb@group-276C0E0EE6EE: changes role from      null to FOLLOWER at term 0 for startAsFollower
2019-10-15 04:21:16,661 [pool-403-thread-1] INFO  impl.RoleInfo (RoleInfo.java:updateAndGet(143)) - b5bd5611-4c64-4c62-892e-835ab3bfeaeb: start FollowerState
2019-10-15 04:21:16,661 [pool-403-thread-1] INFO  util.JmxRegister (JmxRegister.java:tryRegister(44)) - Successfully registered JMX Bean with object name Ratis:service=RaftServer,group=group-276C0E0EE6EE,id=b5bd5611-4c64-4c62-892e-835ab3bfeaeb
2019-10-15 04:21:16,665 [RatisPipelineUtilsThread] INFO  pipeline.PipelineStateManager (PipelineStateManager.java:addPipeline(56)) - Created pipeline Pipeline[ Id: 87c83ced-3b64-4ab7-b100-276c0e0ee6ee, Nodes: b5bd5611-4c64-4c62-892e-835ab3bfeaeb{ip: 192.168.151.112, host: pr-hdds-2194-gpqhj-1713016619, networkLocation: /default-rack, certSerialId: null}, Type:RATIS, Factor:ONE, State:OPEN]
2019-10-15 04:21:16,673 [grpc-default-executor-3] INFO  impl.RaftServerProxy (RaftServerProxy.java:addNew(89)) - a047aedb-2737-4041-818a-6d6a1738c372: addNew group-9D0C8A2012F4:[a047aedb-2737-4041-818a-6d6a1738c372:192.168.151.112:44285] returns group-9D0C8A2012F4:java.util.concurrent.CompletableFuture@69fe6125[Not completed]
2019-10-15 04:21:16,675 [pool-433-thread-1] INFO  impl.RaftServerImpl (RaftServerImpl.java:<init>(95)) - a047aedb-2737-4041-818a-6d6a1738c372: new RaftServerImpl for group-9D0C8A2012F4:[a047aedb-2737-4041-818a-6d6a1738c372:192.168.151.112:44285] with ContainerStateMachine:uninitialized
2019-10-15 04:21:16,675 [pool-433-thread-1] INFO  server.RaftServerConfigKeys (ConfUtils.java:logGet(43)) - raft.server.rpc.timeout.min = 5s (custom)
2019-10-15 04:21:16,675 [pool-433-thread-1] INFO  server.RaftServerConfigKeys (ConfUtils.java:logGet(43)) - raft.server.rpc.timeout.max = 5200ms (custom)
2019-10-15 04:21:16,675 [pool-433-thread-1] INFO  server.RaftServerConfigKeys (ConfUtils.java:logGet(43)) - raft.server.rpcslowness.timeout = 120s (custom)
2019-10-15 04:21:16,675 [pool-433-thread-1] INFO  server.RaftServerConfigKeys (ConfUtils.java:logGet(43)) - raft.server.sleep.deviation.threshold = 300 (default)
2019-10-15 04:21:16,675 [pool-433-thread-1] INFO  server.RaftServerConfigKeys (ConfUtils.java:logGet(43)) - raft.server.log.appender.install.snapshot.enabled = false (custom)
2019-10-15 04:21:16,675 [pool-433-thread-1] INFO  impl.RaftServerImpl (ServerState.java:<init>(103)) - a047aedb-2737-4041-818a-6d6a1738c372@group-9D0C8A2012F4: ConfigurationManager, init=-1: [a047aedb-2737-4041-818a-6d6a1738c372:192.168.151.112:44285], old=null, confs=<EMPTY_MAP>
2019-10-15 04:21:16,676 [pool-433-thread-1] INFO  server.RaftServerConfigKeys (ConfUtils.java:logGet(43)) - raft.server.storage.dir = [/workdir/hadoop-ozone/integration-test/target/test-dir/MiniOzoneClusterImpl-4582359f-1f53-4b17-9dcb-8937d4b14848/datanode-5/data/ratis] (custom)
2019-10-15 04:21:16,676 [pool-433-thread-1] INFO  server.RaftServerConfigKeys (ConfUtils.java:logGet(43)) - raft.server.log.corruption.policy = EXCEPTION (default)
2019-10-15 04:21:16,676 [pool-433-thread-1] INFO  storage.RaftStorageDirectory (RaftStorageDirectory.java:analyzeStorage(246)) - The storage directory /workdir/hadoop-ozone/integration-test/target/test-dir/MiniOzoneClusterImpl-4582359f-1f53-4b17-9dcb-8937d4b14848/datanode-5/data/ratis/a33cda2f-9ff0-4d81-880b-9d0c8a2012f4 does not exist. Creating ...
2019-10-15 04:21:16,728 [pool-433-thread-1] INFO  storage.RaftStorageDirectory (RaftStorageDirectory.java:tryLock(328)) - Lock on /workdir/hadoop-ozone/integration-test/target/test-dir/MiniOzoneClusterImpl-4582359f-1f53-4b17-9dcb-8937d4b14848/datanode-5/data/ratis/a33cda2f-9ff0-4d81-880b-9d0c8a2012f4/in_use.lock acquired by nodename 24710@pr-hdds-2194-gpqhj-1713016619
2019-10-15 04:21:16,743 [IPC Server handler 7 on 33974] INFO  net.NetworkTopology (NetworkTopologyImpl.java:add(111)) - Added a new node: /default-rack/4f07d5d1-48cc-45cb-b3e4-19ab413f427c
2019-10-15 04:21:16,743 [IPC Server handler 7 on 33974] INFO  node.SCMNodeManager (SCMNodeManager.java:register(268)) - Registered Data node : 4f07d5d1-48cc-45cb-b3e4-19ab413f427c{ip: 192.168.151.112, host: pr-hdds-2194-gpqhj-1713016619, networkLocation: /default-rack, certSerialId: null}
2019-10-15 04:21:16,744 [main] INFO  ozone.MiniOzoneClusterImpl (MiniOzoneClusterImpl.java:lambda$waitForClusterToBeReady$0(147)) - Cluster is ready. Got 7 of 7 DN Heartbeats.
2019-10-15 04:21:16,753 [pool-433-thread-1] INFO  storage.RaftStorage (RaftStorage.java:format(84)) - Storage directory /workdir/hadoop-ozone/integration-test/target/test-dir/MiniOzoneClusterImpl-4582359f-1f53-4b17-9dcb-8937d4b14848/datanode-5/data/ratis/a33cda2f-9ff0-4d81-880b-9d0c8a2012f4 has been successfully formatted.
2019-10-15 04:21:16,754 [pool-433-thread-1] INFO  ratis.ContainerStateMachine (ContainerStateMachine.java:loadSnapshot(231)) - group-9D0C8A2012F4: The snapshot info is null. Setting the last applied indexto:(t:0, i:~)
2019-10-15 04:21:16,755 [pool-433-thread-1] INFO  server.RaftServerConfigKeys (ConfUtils.java:logGet(43)) - raft.server.notification.no-leader.timeout = 120s (custom)
2019-10-15 04:21:16,756 [pool-433-thread-1] INFO  server.RaftServerConfigKeys (ConfUtils.java:logGet(43)) - raft.server.log.use.memory = false (default)
2019-10-15 04:21:16,756 [pool-433-thread-1] INFO  server.RaftServerConfigKeys (ConfUtils.java:logGet(43)) - raft.server.log.purge.gap = 1000000 (custom)
2019-10-15 04:21:16,756 [pool-433-thread-1] INFO  server.RaftServerConfigKeys (ConfUtils.java:logGet(43)) - raft.server.log.appender.buffer.byte-limit = 33554432 (custom)
2019-10-15 04:21:16,756 [pool-433-thread-1] INFO  server.RaftServerConfigKeys (ConfUtils.java:logGet(43)) - raft.server.log.segment.size.max = 1048576 (custom)
2019-10-15 04:21:16,776 [pool-433-thread-1] INFO  server.RaftServerConfigKeys (ConfUtils.java:logGet(43)) - raft.server.log.segment.cache.num.max = 2 (custom)
2019-10-15 04:21:16,776 [pool-433-thread-1] INFO  segmented.SegmentedRaftLogWorker (SegmentedRaftLogWorker.java:<init>(173)) - new a047aedb-2737-4041-818a-6d6a1738c372@group-9D0C8A2012F4-SegmentedRaftLogWorker for RaftStorage:Storage Directory /workdir/hadoop-ozone/integration-test/target/test-dir/MiniOzoneClusterImpl-4582359f-1f53-4b17-9dcb-8937d4b14848/datanode-5/data/ratis/a33cda2f-9ff0-4d81-880b-9d0c8a2012f4
2019-10-15 04:21:16,777 [pool-433-thread-1] INFO  server.RaftServerConfigKeys (ConfUtils.java:logGet(43)) - raft.server.log.queue.byte-limit = 2147483647 (custom)
2019-10-15 04:21:16,777 [pool-433-thread-1] INFO  server.RaftServerConfigKeys (ConfUtils.java:logGet(43)) - raft.server.log.queue.element-limit = 1024 (custom)
2019-10-15 04:21:16,777 [pool-433-thread-1] INFO  server.RaftServerConfigKeys (ConfUtils.java:logGet(43)) - raft.server.log.segment.size.max = 1048576 (custom)
2019-10-15 04:21:16,777 [pool-433-thread-1] INFO  server.RaftServerConfigKeys (ConfUtils.java:logGet(43)) - raft.server.log.preallocated.size = 16384 (custom)
2019-10-15 04:21:16,777 [pool-433-thread-1] INFO  server.RaftServerConfigKeys (ConfUtils.java:logGet(43)) - raft.server.log.write.buffer.size = 33554432 (custom)
2019-10-15 04:21:16,777 [pool-433-thread-1] INFO  server.RaftServerConfigKeys (ConfUtils.java:logGet(43)) - raft.server.log.force.sync.num = 128 (default)
2019-10-15 04:21:16,777 [pool-433-thread-1] INFO  server.RaftServerConfigKeys (ConfUtils.java:logGet(43)) - raft.server.log.statemachine.data.sync = true (default)
2019-10-15 04:21:16,777 [pool-433-thread-1] INFO  server.RaftServerConfigKeys (ConfUtils.java:logGet(43)) - raft.server.log.statemachine.data.sync.timeout = 10s (default)
2019-10-15 04:21:16,778 [pool-433-thread-1] INFO  server.RaftServerConfigKeys (ConfUtils.java:logGet(43)) - raft.server.log.statemachine.data.sync.timeout.retry = -1 (default)
2019-10-15 04:21:16,778 [pool-433-thread-1] INFO  server.RaftServerConfigKeys (ConfUtils.java:logGet(43)) - raft.server.log.statemachine.data.caching.enabled = true (custom)
2019-10-15 04:21:16,778 [pool-433-thread-1] INFO  segmented.SegmentedRaftLogWorker (SegmentedRaftLogWorker.java:lambda$new$0(128)) - a047aedb-2737-4041-818a-6d6a1738c372@group-9D0C8A2012F4-SegmentedRaftLogWorker: flushIndex: setUnconditionally 0 -> -1
2019-10-15 04:21:16,778 [pool-433-thread-1] INFO  server.RaftServerConfigKeys (ConfUtils.java:logGet(43)) - raft.server.snapshot.auto.trigger.enabled = true (custom)
2019-10-15 04:21:16,779 [pool-433-thread-1] INFO  server.RaftServerConfigKeys (ConfUtils.java:logGet(43)) - raft.server.snapshot.auto.trigger.threshold = 10000 (custom)
2019-10-15 04:21:16,779 [pool-433-thread-1] INFO  server.RaftServerConfigKeys (ConfUtils.java:logGet(43)) - raft.server.snapshot.retention.file.num = 5 (custom)
2019-10-15 04:21:16,779 [pool-433-thread-1] INFO  server.RaftServerConfigKeys (ConfUtils.java:logGet(43)) - raft.server.retrycache.expirytime = 600000ms (custom)
2019-10-15 04:21:16,783 [pool-433-thread-1] INFO  impl.RaftServerImpl (RaftServerImpl.java:start(181)) - a047aedb-2737-4041-818a-6d6a1738c372@group-9D0C8A2012F4: start as a follower, conf=-1: [a047aedb-2737-4041-818a-6d6a1738c372:192.168.151.112:44285], old=null
2019-10-15 04:21:16,783 [pool-433-thread-1] INFO  impl.RaftServerImpl (RaftServerImpl.java:setRole(170)) - a047aedb-2737-4041-818a-6d6a1738c372@group-9D0C8A2012F4: changes role from      null to FOLLOWER at term 0 for startAsFollower
2019-10-15 04:21:16,783 [pool-433-thread-1] INFO  impl.RoleInfo (RoleInfo.java:updateAndGet(143)) - a047aedb-2737-4041-818a-6d6a1738c372: start FollowerState
2019-10-15 04:21:16,784 [pool-433-thread-1] INFO  util.JmxRegister (JmxRegister.java:tryRegister(44)) - Successfully registered JMX Bean with object name Ratis:service=RaftServer,group=group-9D0C8A2012F4,id=a047aedb-2737-4041-818a-6d6a1738c372
2019-10-15 04:21:16,784 [main] INFO  rpc.RpcClient (RpcClient.java:createVolume(272)) - Creating Volume: watchforcommithandlingtest, with jenkins1000 as owner.
2019-10-15 04:21:16,787 [RatisPipelineUtilsThread] INFO  pipeline.PipelineStateManager (PipelineStateManager.java:addPipeline(56)) - Created pipeline Pipeline[ Id: a33cda2f-9ff0-4d81-880b-9d0c8a2012f4, Nodes: a047aedb-2737-4041-818a-6d6a1738c372{ip: 192.168.151.112, host: pr-hdds-2194-gpqhj-1713016619, networkLocation: /default-rack, certSerialId: null}, Type:RATIS, Factor:ONE, State:OPEN]
2019-10-15 04:21:16,790 [IPC Server handler 3 on 45255] INFO  volume.OMVolumeCreateRequest (OMVolumeCreateRequest.java:validateAndUpdateCache(193)) - created volume:watchforcommithandlingtest for user:jenkins1000
2019-10-15 04:21:16,797 [grpc-default-executor-3] INFO  impl.RaftServerProxy (RaftServerProxy.java:addNew(89)) - 7be157f4-d73b-448e-8cd7-6469e73fa7ac: addNew group-F3FF56657BA5:[7be157f4-d73b-448e-8cd7-6469e73fa7ac:192.168.151.112:42318] returns group-F3FF56657BA5:java.util.concurrent.CompletableFuture@43187eaa[Not completed]
2019-10-15 04:21:16,803 [main] INFO  rpc.RpcClient (RpcClient.java:createBucket(411)) - Creating Bucket: watchforcommithandlingtest/watchforcommithandlingtest, with Versioning false and Storage Type set to DISK and Encryption set to false 
2019-10-15 04:21:16,804 [pool-423-thread-1] INFO  impl.RaftServerImpl (RaftServerImpl.java:<init>(95)) - 7be157f4-d73b-448e-8cd7-6469e73fa7ac: new RaftServerImpl for group-F3FF56657BA5:[7be157f4-d73b-448e-8cd7-6469e73fa7ac:192.168.151.112:42318] with ContainerStateMachine:uninitialized
2019-10-15 04:21:16,804 [pool-423-thread-1] INFO  server.RaftServerConfigKeys (ConfUtils.java:logGet(43)) - raft.server.rpc.timeout.min = 5s (custom)
2019-10-15 04:21:16,804 [pool-423-thread-1] INFO  server.RaftServerConfigKeys (ConfUtils.java:logGet(43)) - raft.server.rpc.timeout.max = 5200ms (custom)
2019-10-15 04:21:16,804 [pool-423-thread-1] INFO  server.RaftServerConfigKeys (ConfUtils.java:logGet(43)) - raft.server.rpcslowness.timeout = 120s (custom)
2019-10-15 04:21:16,805 [pool-423-thread-1] INFO  server.RaftServerConfigKeys (ConfUtils.java:logGet(43)) - raft.server.sleep.deviation.threshold = 300 (default)
2019-10-15 04:21:16,805 [pool-423-thread-1] INFO  server.RaftServerConfigKeys (ConfUtils.java:logGet(43)) - raft.server.log.appender.install.snapshot.enabled = false (custom)
2019-10-15 04:21:16,805 [pool-423-thread-1] INFO  impl.RaftServerImpl (ServerState.java:<init>(103)) - 7be157f4-d73b-448e-8cd7-6469e73fa7ac@group-F3FF56657BA5: ConfigurationManager, init=-1: [7be157f4-d73b-448e-8cd7-6469e73fa7ac:192.168.151.112:42318], old=null, confs=<EMPTY_MAP>
2019-10-15 04:21:16,805 [pool-423-thread-1] INFO  server.RaftServerConfigKeys (ConfUtils.java:logGet(43)) - raft.server.storage.dir = [/workdir/hadoop-ozone/integration-test/target/test-dir/MiniOzoneClusterImpl-4582359f-1f53-4b17-9dcb-8937d4b14848/datanode-4/data/ratis] (custom)
2019-10-15 04:21:16,805 [pool-423-thread-1] INFO  server.RaftServerConfigKeys (ConfUtils.java:logGet(43)) - raft.server.log.corruption.policy = EXCEPTION (default)
2019-10-15 04:21:16,805 [pool-423-thread-1] INFO  storage.RaftStorageDirectory (RaftStorageDirectory.java:analyzeStorage(246)) - The storage directory /workdir/hadoop-ozone/integration-test/target/test-dir/MiniOzoneClusterImpl-4582359f-1f53-4b17-9dcb-8937d4b14848/datanode-4/data/ratis/7ec07e0e-d9b7-4c93-b359-f3ff56657ba5 does not exist. Creating ...
2019-10-15 04:21:16,808 [main] INFO  ozone.MiniOzoneClusterImpl (MiniOzoneClusterImpl.java:getStorageContainerLocationClient(234)) - Creating StorageContainerLocationProtocol RPC client with address /0.0.0.0:44500
2019-10-15 04:21:16,839 [pool-423-thread-1] INFO  storage.RaftStorageDirectory (RaftStorageDirectory.java:tryLock(328)) - Lock on /workdir/hadoop-ozone/integration-test/target/test-dir/MiniOzoneClusterImpl-4582359f-1f53-4b17-9dcb-8937d4b14848/datanode-4/data/ratis/7ec07e0e-d9b7-4c93-b359-f3ff56657ba5/in_use.lock acquired by nodename 24710@pr-hdds-2194-gpqhj-1713016619
2019-10-15 04:21:16,873 [pool-423-thread-1] INFO  storage.RaftStorage (RaftStorage.java:format(84)) - Storage directory /workdir/hadoop-ozone/integration-test/target/test-dir/MiniOzoneClusterImpl-4582359f-1f53-4b17-9dcb-8937d4b14848/datanode-4/data/ratis/7ec07e0e-d9b7-4c93-b359-f3ff56657ba5 has been successfully formatted.
2019-10-15 04:21:16,873 [pool-423-thread-1] INFO  ratis.ContainerStateMachine (ContainerStateMachine.java:loadSnapshot(231)) - group-F3FF56657BA5: The snapshot info is null. Setting the last applied indexto:(t:0, i:~)
2019-10-15 04:21:16,874 [pool-423-thread-1] INFO  server.RaftServerConfigKeys (ConfUtils.java:logGet(43)) - raft.server.notification.no-leader.timeout = 120s (custom)
2019-10-15 04:21:16,874 [pool-423-thread-1] INFO  server.RaftServerConfigKeys (ConfUtils.java:logGet(43)) - raft.server.log.use.memory = false (default)
2019-10-15 04:21:16,874 [pool-423-thread-1] INFO  server.RaftServerConfigKeys (ConfUtils.java:logGet(43)) - raft.server.log.purge.gap = 1000000 (custom)
2019-10-15 04:21:16,874 [pool-423-thread-1] INFO  server.RaftServerConfigKeys (ConfUtils.java:logGet(43)) - raft.server.log.appender.buffer.byte-limit = 33554432 (custom)
2019-10-15 04:21:16,875 [pool-423-thread-1] INFO  server.RaftServerConfigKeys (ConfUtils.java:logGet(43)) - raft.server.log.segment.size.max = 1048576 (custom)
2019-10-15 04:21:16,877 [pool-423-thread-1] INFO  server.RaftServerConfigKeys (ConfUtils.java:logGet(43)) - raft.server.log.segment.cache.num.max = 2 (custom)
2019-10-15 04:21:16,877 [pool-423-thread-1] INFO  segmented.SegmentedRaftLogWorker (SegmentedRaftLogWorker.java:<init>(173)) - new 7be157f4-d73b-448e-8cd7-6469e73fa7ac@group-F3FF56657BA5-SegmentedRaftLogWorker for RaftStorage:Storage Directory /workdir/hadoop-ozone/integration-test/target/test-dir/MiniOzoneClusterImpl-4582359f-1f53-4b17-9dcb-8937d4b14848/datanode-4/data/ratis/7ec07e0e-d9b7-4c93-b359-f3ff56657ba5
2019-10-15 04:21:16,877 [pool-423-thread-1] INFO  server.RaftServerConfigKeys (ConfUtils.java:logGet(43)) - raft.server.log.queue.byte-limit = 2147483647 (custom)
2019-10-15 04:21:16,877 [pool-423-thread-1] INFO  server.RaftServerConfigKeys (ConfUtils.java:logGet(43)) - raft.server.log.queue.element-limit = 1024 (custom)
2019-10-15 04:21:16,878 [pool-423-thread-1] INFO  server.RaftServerConfigKeys (ConfUtils.java:logGet(43)) - raft.server.log.segment.size.max = 1048576 (custom)
2019-10-15 04:21:16,878 [pool-423-thread-1] INFO  server.RaftServerConfigKeys (ConfUtils.java:logGet(43)) - raft.server.log.preallocated.size = 16384 (custom)
2019-10-15 04:21:16,878 [pool-423-thread-1] INFO  server.RaftServerConfigKeys (ConfUtils.java:logGet(43)) - raft.server.log.write.buffer.size = 33554432 (custom)
2019-10-15 04:21:16,878 [pool-423-thread-1] INFO  server.RaftServerConfigKeys (ConfUtils.java:logGet(43)) - raft.server.log.force.sync.num = 128 (default)
2019-10-15 04:21:16,878 [pool-423-thread-1] INFO  server.RaftServerConfigKeys (ConfUtils.java:logGet(43)) - raft.server.log.statemachine.data.sync = true (default)
2019-10-15 04:21:16,878 [pool-423-thread-1] INFO  server.RaftServerConfigKeys (ConfUtils.java:logGet(43)) - raft.server.log.statemachine.data.sync.timeout = 10s (default)
2019-10-15 04:21:16,878 [pool-423-thread-1] INFO  server.RaftServerConfigKeys (ConfUtils.java:logGet(43)) - raft.server.log.statemachine.data.sync.timeout.retry = -1 (default)
2019-10-15 04:21:16,879 [pool-423-thread-1] INFO  server.RaftServerConfigKeys (ConfUtils.java:logGet(43)) - raft.server.log.statemachine.data.caching.enabled = true (custom)
2019-10-15 04:21:16,879 [pool-423-thread-1] INFO  segmented.SegmentedRaftLogWorker (SegmentedRaftLogWorker.java:lambda$new$0(128)) - 7be157f4-d73b-448e-8cd7-6469e73fa7ac@group-F3FF56657BA5-SegmentedRaftLogWorker: flushIndex: setUnconditionally 0 -> -1
2019-10-15 04:21:16,880 [pool-423-thread-1] INFO  server.RaftServerConfigKeys (ConfUtils.java:logGet(43)) - raft.server.snapshot.auto.trigger.enabled = true (custom)
2019-10-15 04:21:16,880 [pool-423-thread-1] INFO  server.RaftServerConfigKeys (ConfUtils.java:logGet(43)) - raft.server.snapshot.auto.trigger.threshold = 10000 (custom)
2019-10-15 04:21:16,880 [pool-423-thread-1] INFO  server.RaftServerConfigKeys (ConfUtils.java:logGet(43)) - raft.server.snapshot.retention.file.num = 5 (custom)
2019-10-15 04:21:16,880 [pool-423-thread-1] INFO  server.RaftServerConfigKeys (ConfUtils.java:logGet(43)) - raft.server.retrycache.expirytime = 600000ms (custom)
2019-10-15 04:21:16,882 [pool-423-thread-1] INFO  impl.RaftServerImpl (RaftServerImpl.java:start(181)) - 7be157f4-d73b-448e-8cd7-6469e73fa7ac@group-F3FF56657BA5: start as a follower, conf=-1: [7be157f4-d73b-448e-8cd7-6469e73fa7ac:192.168.151.112:42318], old=null
2019-10-15 04:21:16,882 [pool-423-thread-1] INFO  impl.RaftServerImpl (RaftServerImpl.java:setRole(170)) - 7be157f4-d73b-448e-8cd7-6469e73fa7ac@group-F3FF56657BA5: changes role from      null to FOLLOWER at term 0 for startAsFollower
2019-10-15 04:21:16,882 [pool-423-thread-1] INFO  impl.RoleInfo (RoleInfo.java:updateAndGet(143)) - 7be157f4-d73b-448e-8cd7-6469e73fa7ac: start FollowerState
2019-10-15 04:21:16,882 [pool-423-thread-1] INFO  util.JmxRegister (JmxRegister.java:tryRegister(44)) - Successfully registered JMX Bean with object name Ratis:service=RaftServer,group=group-F3FF56657BA5,id=7be157f4-d73b-448e-8cd7-6469e73fa7ac
2019-10-15 04:21:16,886 [RatisPipelineUtilsThread] INFO  pipeline.PipelineStateManager (PipelineStateManager.java:addPipeline(56)) - Created pipeline Pipeline[ Id: 7ec07e0e-d9b7-4c93-b359-f3ff56657ba5, Nodes: 7be157f4-d73b-448e-8cd7-6469e73fa7ac{ip: 192.168.151.112, host: pr-hdds-2194-gpqhj-1713016619, networkLocation: /default-rack, certSerialId: null}, Type:RATIS, Factor:ONE, State:OPEN]
2019-10-15 04:21:16,892 [grpc-default-executor-3] INFO  impl.RaftServerProxy (RaftServerProxy.java:addNew(89)) - 4f07d5d1-48cc-45cb-b3e4-19ab413f427c: addNew group-88B633E56C21:[4f07d5d1-48cc-45cb-b3e4-19ab413f427c:192.168.151.112:38258] returns group-88B633E56C21:java.util.concurrent.CompletableFuture@51a634ee[Not completed]
2019-10-15 04:21:16,893 [pool-443-thread-1] INFO  impl.RaftServerImpl (RaftServerImpl.java:<init>(95)) - 4f07d5d1-48cc-45cb-b3e4-19ab413f427c: new RaftServerImpl for group-88B633E56C21:[4f07d5d1-48cc-45cb-b3e4-19ab413f427c:192.168.151.112:38258] with ContainerStateMachine:uninitialized
2019-10-15 04:21:16,894 [pool-443-thread-1] INFO  server.RaftServerConfigKeys (ConfUtils.java:logGet(43)) - raft.server.rpc.timeout.min = 5s (custom)
2019-10-15 04:21:16,894 [pool-443-thread-1] INFO  server.RaftServerConfigKeys (ConfUtils.java:logGet(43)) - raft.server.rpc.timeout.max = 5200ms (custom)
2019-10-15 04:21:16,894 [pool-443-thread-1] INFO  server.RaftServerConfigKeys (ConfUtils.java:logGet(43)) - raft.server.rpcslowness.timeout = 120s (custom)
2019-10-15 04:21:16,894 [pool-443-thread-1] INFO  server.RaftServerConfigKeys (ConfUtils.java:logGet(43)) - raft.server.sleep.deviation.threshold = 300 (default)
2019-10-15 04:21:16,894 [pool-443-thread-1] INFO  server.RaftServerConfigKeys (ConfUtils.java:logGet(43)) - raft.server.log.appender.install.snapshot.enabled = false (custom)
2019-10-15 04:21:16,894 [pool-443-thread-1] INFO  impl.RaftServerImpl (ServerState.java:<init>(103)) - 4f07d5d1-48cc-45cb-b3e4-19ab413f427c@group-88B633E56C21: ConfigurationManager, init=-1: [4f07d5d1-48cc-45cb-b3e4-19ab413f427c:192.168.151.112:38258], old=null, confs=<EMPTY_MAP>
2019-10-15 04:21:16,894 [pool-443-thread-1] INFO  server.RaftServerConfigKeys (ConfUtils.java:logGet(43)) - raft.server.storage.dir = [/workdir/hadoop-ozone/integration-test/target/test-dir/MiniOzoneClusterImpl-4582359f-1f53-4b17-9dcb-8937d4b14848/datanode-6/data/ratis] (custom)
2019-10-15 04:21:16,894 [pool-443-thread-1] INFO  server.RaftServerConfigKeys (ConfUtils.java:logGet(43)) - raft.server.log.corruption.policy = EXCEPTION (default)
2019-10-15 04:21:16,894 [pool-443-thread-1] INFO  storage.RaftStorageDirectory (RaftStorageDirectory.java:analyzeStorage(246)) - The storage directory /workdir/hadoop-ozone/integration-test/target/test-dir/MiniOzoneClusterImpl-4582359f-1f53-4b17-9dcb-8937d4b14848/datanode-6/data/ratis/4df04719-d71c-4d0f-8e3f-88b633e56c21 does not exist. Creating ...
2019-10-15 04:21:16,932 [pool-443-thread-1] INFO  storage.RaftStorageDirectory (RaftStorageDirectory.java:tryLock(328)) - Lock on /workdir/hadoop-ozone/integration-test/target/test-dir/MiniOzoneClusterImpl-4582359f-1f53-4b17-9dcb-8937d4b14848/datanode-6/data/ratis/4df04719-d71c-4d0f-8e3f-88b633e56c21/in_use.lock acquired by nodename 24710@pr-hdds-2194-gpqhj-1713016619
2019-10-15 04:21:16,966 [pool-443-thread-1] INFO  storage.RaftStorage (RaftStorage.java:format(84)) - Storage directory /workdir/hadoop-ozone/integration-test/target/test-dir/MiniOzoneClusterImpl-4582359f-1f53-4b17-9dcb-8937d4b14848/datanode-6/data/ratis/4df04719-d71c-4d0f-8e3f-88b633e56c21 has been successfully formatted.
2019-10-15 04:21:16,966 [pool-443-thread-1] INFO  ratis.ContainerStateMachine (ContainerStateMachine.java:loadSnapshot(231)) - group-88B633E56C21: The snapshot info is null. Setting the last applied indexto:(t:0, i:~)
2019-10-15 04:21:16,966 [pool-443-thread-1] INFO  server.RaftServerConfigKeys (ConfUtils.java:logGet(43)) - raft.server.notification.no-leader.timeout = 120s (custom)
2019-10-15 04:21:16,967 [pool-443-thread-1] INFO  server.RaftServerConfigKeys (ConfUtils.java:logGet(43)) - raft.server.log.use.memory = false (default)
2019-10-15 04:21:16,967 [pool-443-thread-1] INFO  server.RaftServerConfigKeys (ConfUtils.java:logGet(43)) - raft.server.log.purge.gap = 1000000 (custom)
2019-10-15 04:21:16,967 [pool-443-thread-1] INFO  server.RaftServerConfigKeys (ConfUtils.java:logGet(43)) - raft.server.log.appender.buffer.byte-limit = 33554432 (custom)
2019-10-15 04:21:16,967 [pool-443-thread-1] INFO  server.RaftServerConfigKeys (ConfUtils.java:logGet(43)) - raft.server.log.segment.size.max = 1048576 (custom)
2019-10-15 04:21:16,968 [pool-443-thread-1] INFO  server.RaftServerConfigKeys (ConfUtils.java:logGet(43)) - raft.server.log.segment.cache.num.max = 2 (custom)
2019-10-15 04:21:16,968 [pool-443-thread-1] INFO  segmented.SegmentedRaftLogWorker (SegmentedRaftLogWorker.java:<init>(173)) - new 4f07d5d1-48cc-45cb-b3e4-19ab413f427c@group-88B633E56C21-SegmentedRaftLogWorker for RaftStorage:Storage Directory /workdir/hadoop-ozone/integration-test/target/test-dir/MiniOzoneClusterImpl-4582359f-1f53-4b17-9dcb-8937d4b14848/datanode-6/data/ratis/4df04719-d71c-4d0f-8e3f-88b633e56c21
2019-10-15 04:21:16,968 [pool-443-thread-1] INFO  server.RaftServerConfigKeys (ConfUtils.java:logGet(43)) - raft.server.log.queue.byte-limit = 2147483647 (custom)
2019-10-15 04:21:16,969 [pool-443-thread-1] INFO  server.RaftServerConfigKeys (ConfUtils.java:logGet(43)) - raft.server.log.queue.element-limit = 1024 (custom)
2019-10-15 04:21:16,969 [pool-443-thread-1] INFO  server.RaftServerConfigKeys (ConfUtils.java:logGet(43)) - raft.server.log.segment.size.max = 1048576 (custom)
2019-10-15 04:21:16,969 [pool-443-thread-1] INFO  server.RaftServerConfigKeys (ConfUtils.java:logGet(43)) - raft.server.log.preallocated.size = 16384 (custom)
2019-10-15 04:21:16,969 [pool-443-thread-1] INFO  server.RaftServerConfigKeys (ConfUtils.java:logGet(43)) - raft.server.log.write.buffer.size = 33554432 (custom)
2019-10-15 04:21:16,969 [pool-443-thread-1] INFO  server.RaftServerConfigKeys (ConfUtils.java:logGet(43)) - raft.server.log.force.sync.num = 128 (default)
2019-10-15 04:21:16,969 [pool-443-thread-1] INFO  server.RaftServerConfigKeys (ConfUtils.java:logGet(43)) - raft.server.log.statemachine.data.sync = true (default)
2019-10-15 04:21:16,969 [pool-443-thread-1] INFO  server.RaftServerConfigKeys (ConfUtils.java:logGet(43)) - raft.server.log.statemachine.data.sync.timeout = 10s (default)
2019-10-15 04:21:16,969 [pool-443-thread-1] INFO  server.RaftServerConfigKeys (ConfUtils.java:logGet(43)) - raft.server.log.statemachine.data.sync.timeout.retry = -1 (default)
2019-10-15 04:21:16,970 [pool-443-thread-1] INFO  server.RaftServerConfigKeys (ConfUtils.java:logGet(43)) - raft.server.log.statemachine.data.caching.enabled = true (custom)
2019-10-15 04:21:16,970 [pool-443-thread-1] INFO  segmented.SegmentedRaftLogWorker (SegmentedRaftLogWorker.java:lambda$new$0(128)) - 4f07d5d1-48cc-45cb-b3e4-19ab413f427c@group-88B633E56C21-SegmentedRaftLogWorker: flushIndex: setUnconditionally 0 -> -1
2019-10-15 04:21:16,970 [pool-443-thread-1] INFO  server.RaftServerConfigKeys (ConfUtils.java:logGet(43)) - raft.server.snapshot.auto.trigger.enabled = true (custom)
2019-10-15 04:21:16,970 [pool-443-thread-1] INFO  server.RaftServerConfigKeys (ConfUtils.java:logGet(43)) - raft.server.snapshot.auto.trigger.threshold = 10000 (custom)
2019-10-15 04:21:16,970 [pool-443-thread-1] INFO  server.RaftServerConfigKeys (ConfUtils.java:logGet(43)) - raft.server.snapshot.retention.file.num = 5 (custom)
2019-10-15 04:21:16,970 [pool-443-thread-1] INFO  server.RaftServerConfigKeys (ConfUtils.java:logGet(43)) - raft.server.retrycache.expirytime = 600000ms (custom)
2019-10-15 04:21:16,972 [pool-443-thread-1] INFO  impl.RaftServerImpl (RaftServerImpl.java:start(181)) - 4f07d5d1-48cc-45cb-b3e4-19ab413f427c@group-88B633E56C21: start as a follower, conf=-1: [4f07d5d1-48cc-45cb-b3e4-19ab413f427c:192.168.151.112:38258], old=null
2019-10-15 04:21:16,972 [pool-443-thread-1] INFO  impl.RaftServerImpl (RaftServerImpl.java:setRole(170)) - 4f07d5d1-48cc-45cb-b3e4-19ab413f427c@group-88B633E56C21: changes role from      null to FOLLOWER at term 0 for startAsFollower
2019-10-15 04:21:16,972 [pool-443-thread-1] INFO  impl.RoleInfo (RoleInfo.java:updateAndGet(143)) - 4f07d5d1-48cc-45cb-b3e4-19ab413f427c: start FollowerState
2019-10-15 04:21:16,972 [pool-443-thread-1] INFO  util.JmxRegister (JmxRegister.java:tryRegister(44)) - Successfully registered JMX Bean with object name Ratis:service=RaftServer,group=group-88B633E56C21,id=4f07d5d1-48cc-45cb-b3e4-19ab413f427c
2019-10-15 04:21:16,976 [RatisPipelineUtilsThread] INFO  pipeline.PipelineStateManager (PipelineStateManager.java:addPipeline(56)) - Created pipeline Pipeline[ Id: 4df04719-d71c-4d0f-8e3f-88b633e56c21, Nodes: 4f07d5d1-48cc-45cb-b3e4-19ab413f427c{ip: 192.168.151.112, host: pr-hdds-2194-gpqhj-1713016619, networkLocation: /default-rack, certSerialId: null}, Type:RATIS, Factor:ONE, State:OPEN]
2019-10-15 04:21:16,984 [grpc-default-executor-4] INFO  impl.RaftServerProxy (RaftServerProxy.java:addNew(89)) - a047aedb-2737-4041-818a-6d6a1738c372: addNew group-88D59F24621E:[a047aedb-2737-4041-818a-6d6a1738c372:192.168.151.112:44285, 6e548805-b2c6-4eb0-be2a-269260f5db19:192.168.151.112:41243, 52fbfc08-63f7-48cc-855c-e048bc3c6967:192.168.151.112:33865] returns group-88D59F24621E:java.util.concurrent.CompletableFuture@2e910413[Not completed]
2019-10-15 04:21:16,984 [grpc-default-executor-7] INFO  impl.RaftServerProxy (RaftServerProxy.java:addNew(89)) - 52fbfc08-63f7-48cc-855c-e048bc3c6967: addNew group-88D59F24621E:[a047aedb-2737-4041-818a-6d6a1738c372:192.168.151.112:44285, 6e548805-b2c6-4eb0-be2a-269260f5db19:192.168.151.112:41243, 52fbfc08-63f7-48cc-855c-e048bc3c6967:192.168.151.112:33865] returns group-88D59F24621E:java.util.concurrent.CompletableFuture@3cc23e8[Not completed]
2019-10-15 04:21:16,984 [grpc-default-executor-3] INFO  impl.RaftServerProxy (RaftServerProxy.java:addNew(89)) - 6e548805-b2c6-4eb0-be2a-269260f5db19: addNew group-88D59F24621E:[a047aedb-2737-4041-818a-6d6a1738c372:192.168.151.112:44285, 6e548805-b2c6-4eb0-be2a-269260f5db19:192.168.151.112:41243, 52fbfc08-63f7-48cc-855c-e048bc3c6967:192.168.151.112:33865] returns group-88D59F24621E:java.util.concurrent.CompletableFuture@268cb722[Not completed]
2019-10-15 04:21:16,985 [pool-433-thread-1] INFO  impl.RaftServerImpl (RaftServerImpl.java:<init>(95)) - a047aedb-2737-4041-818a-6d6a1738c372: new RaftServerImpl for group-88D59F24621E:[a047aedb-2737-4041-818a-6d6a1738c372:192.168.151.112:44285, 6e548805-b2c6-4eb0-be2a-269260f5db19:192.168.151.112:41243, 52fbfc08-63f7-48cc-855c-e048bc3c6967:192.168.151.112:33865] with ContainerStateMachine:uninitialized
2019-10-15 04:21:16,986 [pool-433-thread-1] INFO  server.RaftServerConfigKeys (ConfUtils.java:logGet(43)) - raft.server.rpc.timeout.min = 5s (custom)
2019-10-15 04:21:16,986 [pool-433-thread-1] INFO  server.RaftServerConfigKeys (ConfUtils.java:logGet(43)) - raft.server.rpc.timeout.max = 5200ms (custom)
2019-10-15 04:21:16,986 [pool-433-thread-1] INFO  server.RaftServerConfigKeys (ConfUtils.java:logGet(43)) - raft.server.rpcslowness.timeout = 120s (custom)
2019-10-15 04:21:16,986 [pool-433-thread-1] INFO  server.RaftServerConfigKeys (ConfUtils.java:logGet(43)) - raft.server.sleep.deviation.threshold = 300 (default)
2019-10-15 04:21:16,986 [pool-413-thread-1] INFO  impl.RaftServerImpl (RaftServerImpl.java:<init>(95)) - 6e548805-b2c6-4eb0-be2a-269260f5db19: new RaftServerImpl for group-88D59F24621E:[a047aedb-2737-4041-818a-6d6a1738c372:192.168.151.112:44285, 6e548805-b2c6-4eb0-be2a-269260f5db19:192.168.151.112:41243, 52fbfc08-63f7-48cc-855c-e048bc3c6967:192.168.151.112:33865] with ContainerStateMachine:uninitialized
2019-10-15 04:21:16,986 [pool-433-thread-1] INFO  server.RaftServerConfigKeys (ConfUtils.java:logGet(43)) - raft.server.log.appender.install.snapshot.enabled = false (custom)
2019-10-15 04:21:16,986 [pool-413-thread-1] INFO  server.RaftServerConfigKeys (ConfUtils.java:logGet(43)) - raft.server.rpc.timeout.min = 5s (custom)
2019-10-15 04:21:16,986 [pool-433-thread-1] INFO  impl.RaftServerImpl (ServerState.java:<init>(103)) - a047aedb-2737-4041-818a-6d6a1738c372@group-88D59F24621E: ConfigurationManager, init=-1: [a047aedb-2737-4041-818a-6d6a1738c372:192.168.151.112:44285, 6e548805-b2c6-4eb0-be2a-269260f5db19:192.168.151.112:41243, 52fbfc08-63f7-48cc-855c-e048bc3c6967:192.168.151.112:33865], old=null, confs=<EMPTY_MAP>
2019-10-15 04:21:16,987 [pool-393-thread-1] INFO  impl.RaftServerImpl (RaftServerImpl.java:<init>(95)) - 52fbfc08-63f7-48cc-855c-e048bc3c6967: new RaftServerImpl for group-88D59F24621E:[a047aedb-2737-4041-818a-6d6a1738c372:192.168.151.112:44285, 6e548805-b2c6-4eb0-be2a-269260f5db19:192.168.151.112:41243, 52fbfc08-63f7-48cc-855c-e048bc3c6967:192.168.151.112:33865] with ContainerStateMachine:uninitialized
2019-10-15 04:21:16,987 [pool-433-thread-1] INFO  server.RaftServerConfigKeys (ConfUtils.java:logGet(43)) - raft.server.storage.dir = [/workdir/hadoop-ozone/integration-test/target/test-dir/MiniOzoneClusterImpl-4582359f-1f53-4b17-9dcb-8937d4b14848/datanode-5/data/ratis] (custom)
2019-10-15 04:21:16,987 [pool-413-thread-1] INFO  server.RaftServerConfigKeys (ConfUtils.java:logGet(43)) - raft.server.rpc.timeout.max = 5200ms (custom)
2019-10-15 04:21:16,987 [pool-393-thread-1] INFO  server.RaftServerConfigKeys (ConfUtils.java:logGet(43)) - raft.server.rpc.timeout.min = 5s (custom)
2019-10-15 04:21:16,987 [pool-413-thread-1] INFO  server.RaftServerConfigKeys (ConfUtils.java:logGet(43)) - raft.server.rpcslowness.timeout = 120s (custom)
2019-10-15 04:21:16,987 [pool-433-thread-1] INFO  server.RaftServerConfigKeys (ConfUtils.java:logGet(43)) - raft.server.log.corruption.policy = EXCEPTION (default)
2019-10-15 04:21:16,987 [pool-413-thread-1] INFO  server.RaftServerConfigKeys (ConfUtils.java:logGet(43)) - raft.server.sleep.deviation.threshold = 300 (default)
2019-10-15 04:21:16,988 [pool-413-thread-1] INFO  server.RaftServerConfigKeys (ConfUtils.java:logGet(43)) - raft.server.log.appender.install.snapshot.enabled = false (custom)
2019-10-15 04:21:16,987 [pool-393-thread-1] INFO  server.RaftServerConfigKeys (ConfUtils.java:logGet(43)) - raft.server.rpc.timeout.max = 5200ms (custom)
2019-10-15 04:21:16,988 [pool-413-thread-1] INFO  impl.RaftServerImpl (ServerState.java:<init>(103)) - 6e548805-b2c6-4eb0-be2a-269260f5db19@group-88D59F24621E: ConfigurationManager, init=-1: [a047aedb-2737-4041-818a-6d6a1738c372:192.168.151.112:44285, 6e548805-b2c6-4eb0-be2a-269260f5db19:192.168.151.112:41243, 52fbfc08-63f7-48cc-855c-e048bc3c6967:192.168.151.112:33865], old=null, confs=<EMPTY_MAP>
2019-10-15 04:21:16,988 [pool-433-thread-1] INFO  storage.RaftStorageDirectory (RaftStorageDirectory.java:analyzeStorage(246)) - The storage directory /workdir/hadoop-ozone/integration-test/target/test-dir/MiniOzoneClusterImpl-4582359f-1f53-4b17-9dcb-8937d4b14848/datanode-5/data/ratis/166b0d43-da49-44e4-8ee7-88d59f24621e does not exist. Creating ...
2019-10-15 04:21:16,988 [pool-413-thread-1] INFO  server.RaftServerConfigKeys (ConfUtils.java:logGet(43)) - raft.server.storage.dir = [/workdir/hadoop-ozone/integration-test/target/test-dir/MiniOzoneClusterImpl-4582359f-1f53-4b17-9dcb-8937d4b14848/datanode-3/data/ratis] (custom)
2019-10-15 04:21:16,988 [pool-393-thread-1] INFO  server.RaftServerConfigKeys (ConfUtils.java:logGet(43)) - raft.server.rpcslowness.timeout = 120s (custom)
2019-10-15 04:21:16,989 [pool-413-thread-1] INFO  server.RaftServerConfigKeys (ConfUtils.java:logGet(43)) - raft.server.log.corruption.policy = EXCEPTION (default)
2019-10-15 04:21:16,989 [pool-393-thread-1] INFO  server.RaftServerConfigKeys (ConfUtils.java:logGet(43)) - raft.server.sleep.deviation.threshold = 300 (default)
2019-10-15 04:21:16,989 [pool-413-thread-1] INFO  storage.RaftStorageDirectory (RaftStorageDirectory.java:analyzeStorage(246)) - The storage directory /workdir/hadoop-ozone/integration-test/target/test-dir/MiniOzoneClusterImpl-4582359f-1f53-4b17-9dcb-8937d4b14848/datanode-3/data/ratis/166b0d43-da49-44e4-8ee7-88d59f24621e does not exist. Creating ...
2019-10-15 04:21:16,989 [pool-393-thread-1] INFO  server.RaftServerConfigKeys (ConfUtils.java:logGet(43)) - raft.server.log.appender.install.snapshot.enabled = false (custom)
2019-10-15 04:21:16,989 [pool-393-thread-1] INFO  impl.RaftServerImpl (ServerState.java:<init>(103)) - 52fbfc08-63f7-48cc-855c-e048bc3c6967@group-88D59F24621E: ConfigurationManager, init=-1: [a047aedb-2737-4041-818a-6d6a1738c372:192.168.151.112:44285, 6e548805-b2c6-4eb0-be2a-269260f5db19:192.168.151.112:41243, 52fbfc08-63f7-48cc-855c-e048bc3c6967:192.168.151.112:33865], old=null, confs=<EMPTY_MAP>
2019-10-15 04:21:16,989 [pool-393-thread-1] INFO  server.RaftServerConfigKeys (ConfUtils.java:logGet(43)) - raft.server.storage.dir = [/workdir/hadoop-ozone/integration-test/target/test-dir/MiniOzoneClusterImpl-4582359f-1f53-4b17-9dcb-8937d4b14848/datanode-1/data/ratis] (custom)
2019-10-15 04:21:16,990 [pool-393-thread-1] INFO  server.RaftServerConfigKeys (ConfUtils.java:logGet(43)) - raft.server.log.corruption.policy = EXCEPTION (default)
2019-10-15 04:21:16,990 [pool-393-thread-1] INFO  storage.RaftStorageDirectory (RaftStorageDirectory.java:analyzeStorage(246)) - The storage directory /workdir/hadoop-ozone/integration-test/target/test-dir/MiniOzoneClusterImpl-4582359f-1f53-4b17-9dcb-8937d4b14848/datanode-1/data/ratis/166b0d43-da49-44e4-8ee7-88d59f24621e does not exist. Creating ...
2019-10-15 04:21:17,025 [pool-433-thread-1] INFO  storage.RaftStorageDirectory (RaftStorageDirectory.java:tryLock(328)) - Lock on /workdir/hadoop-ozone/integration-test/target/test-dir/MiniOzoneClusterImpl-4582359f-1f53-4b17-9dcb-8937d4b14848/datanode-5/data/ratis/166b0d43-da49-44e4-8ee7-88d59f24621e/in_use.lock acquired by nodename 24710@pr-hdds-2194-gpqhj-1713016619
2019-10-15 04:21:17,025 [pool-393-thread-1] INFO  storage.RaftStorageDirectory (RaftStorageDirectory.java:tryLock(328)) - Lock on /workdir/hadoop-ozone/integration-test/target/test-dir/MiniOzoneClusterImpl-4582359f-1f53-4b17-9dcb-8937d4b14848/datanode-1/data/ratis/166b0d43-da49-44e4-8ee7-88d59f24621e/in_use.lock acquired by nodename 24710@pr-hdds-2194-gpqhj-1713016619
2019-10-15 04:21:17,025 [pool-413-thread-1] INFO  storage.RaftStorageDirectory (RaftStorageDirectory.java:tryLock(328)) - Lock on /workdir/hadoop-ozone/integration-test/target/test-dir/MiniOzoneClusterImpl-4582359f-1f53-4b17-9dcb-8937d4b14848/datanode-3/data/ratis/166b0d43-da49-44e4-8ee7-88d59f24621e/in_use.lock acquired by nodename 24710@pr-hdds-2194-gpqhj-1713016619
2019-10-15 04:21:17,067 [pool-433-thread-1] INFO  storage.RaftStorage (RaftStorage.java:format(84)) - Storage directory /workdir/hadoop-ozone/integration-test/target/test-dir/MiniOzoneClusterImpl-4582359f-1f53-4b17-9dcb-8937d4b14848/datanode-5/data/ratis/166b0d43-da49-44e4-8ee7-88d59f24621e has been successfully formatted.
2019-10-15 04:21:17,067 [pool-413-thread-1] INFO  storage.RaftStorage (RaftStorage.java:format(84)) - Storage directory /workdir/hadoop-ozone/integration-test/target/test-dir/MiniOzoneClusterImpl-4582359f-1f53-4b17-9dcb-8937d4b14848/datanode-3/data/ratis/166b0d43-da49-44e4-8ee7-88d59f24621e has been successfully formatted.
2019-10-15 04:21:17,067 [pool-433-thread-1] INFO  ratis.ContainerStateMachine (ContainerStateMachine.java:loadSnapshot(231)) - group-88D59F24621E: The snapshot info is null. Setting the last applied indexto:(t:0, i:~)
2019-10-15 04:21:17,067 [pool-393-thread-1] INFO  storage.RaftStorage (RaftStorage.java:format(84)) - Storage directory /workdir/hadoop-ozone/integration-test/target/test-dir/MiniOzoneClusterImpl-4582359f-1f53-4b17-9dcb-8937d4b14848/datanode-1/data/ratis/166b0d43-da49-44e4-8ee7-88d59f24621e has been successfully formatted.
2019-10-15 04:21:17,067 [pool-433-thread-1] INFO  server.RaftServerConfigKeys (ConfUtils.java:logGet(43)) - raft.server.notification.no-leader.timeout = 120s (custom)
2019-10-15 04:21:17,067 [pool-413-thread-1] INFO  ratis.ContainerStateMachine (ContainerStateMachine.java:loadSnapshot(231)) - group-88D59F24621E: The snapshot info is null. Setting the last applied indexto:(t:0, i:~)
2019-10-15 04:21:17,068 [pool-393-thread-1] INFO  ratis.ContainerStateMachine (ContainerStateMachine.java:loadSnapshot(231)) - group-88D59F24621E: The snapshot info is null. Setting the last applied indexto:(t:0, i:~)
2019-10-15 04:21:17,068 [pool-433-thread-1] INFO  server.RaftServerConfigKeys (ConfUtils.java:logGet(43)) - raft.server.log.use.memory = false (default)
2019-10-15 04:21:17,068 [pool-393-thread-1] INFO  server.RaftServerConfigKeys (ConfUtils.java:logGet(43)) - raft.server.notification.no-leader.timeout = 120s (custom)
2019-10-15 04:21:17,068 [pool-413-thread-1] INFO  server.RaftServerConfigKeys (ConfUtils.java:logGet(43)) - raft.server.notification.no-leader.timeout = 120s (custom)
2019-10-15 04:21:17,068 [pool-393-thread-1] INFO  server.RaftServerConfigKeys (ConfUtils.java:logGet(43)) - raft.server.log.use.memory = false (default)
2019-10-15 04:21:17,068 [pool-433-thread-1] INFO  server.RaftServerConfigKeys (ConfUtils.java:logGet(43)) - raft.server.log.purge.gap = 1000000 (custom)
2019-10-15 04:21:17,068 [pool-393-thread-1] INFO  server.RaftServerConfigKeys (ConfUtils.java:logGet(43)) - raft.server.log.purge.gap = 1000000 (custom)
2019-10-15 04:21:17,068 [pool-413-thread-1] INFO  server.RaftServerConfigKeys (ConfUtils.java:logGet(43)) - raft.server.log.use.memory = false (default)
2019-10-15 04:21:17,069 [pool-393-thread-1] INFO  server.RaftServerConfigKeys (ConfUtils.java:logGet(43)) - raft.server.log.appender.buffer.byte-limit = 33554432 (custom)
2019-10-15 04:21:17,069 [pool-433-thread-1] INFO  server.RaftServerConfigKeys (ConfUtils.java:logGet(43)) - raft.server.log.appender.buffer.byte-limit = 33554432 (custom)
2019-10-15 04:21:17,069 [pool-393-thread-1] INFO  server.RaftServerConfigKeys (ConfUtils.java:logGet(43)) - raft.server.log.segment.size.max = 1048576 (custom)
2019-10-15 04:21:17,069 [pool-413-thread-1] INFO  server.RaftServerConfigKeys (ConfUtils.java:logGet(43)) - raft.server.log.purge.gap = 1000000 (custom)
2019-10-15 04:21:17,069 [pool-393-thread-1] INFO  server.RaftServerConfigKeys (ConfUtils.java:logGet(43)) - raft.server.log.segment.cache.num.max = 2 (custom)
2019-10-15 04:21:17,069 [pool-433-thread-1] INFO  server.RaftServerConfigKeys (ConfUtils.java:logGet(43)) - raft.server.log.segment.size.max = 1048576 (custom)
2019-10-15 04:21:17,070 [pool-393-thread-1] INFO  segmented.SegmentedRaftLogWorker (SegmentedRaftLogWorker.java:<init>(173)) - new 52fbfc08-63f7-48cc-855c-e048bc3c6967@group-88D59F24621E-SegmentedRaftLogWorker for RaftStorage:Storage Directory /workdir/hadoop-ozone/integration-test/target/test-dir/MiniOzoneClusterImpl-4582359f-1f53-4b17-9dcb-8937d4b14848/datanode-1/data/ratis/166b0d43-da49-44e4-8ee7-88d59f24621e
2019-10-15 04:21:17,069 [pool-413-thread-1] INFO  server.RaftServerConfigKeys (ConfUtils.java:logGet(43)) - raft.server.log.appender.buffer.byte-limit = 33554432 (custom)
2019-10-15 04:21:17,070 [pool-393-thread-1] INFO  server.RaftServerConfigKeys (ConfUtils.java:logGet(43)) - raft.server.log.queue.byte-limit = 2147483647 (custom)
2019-10-15 04:21:17,070 [pool-433-thread-1] INFO  server.RaftServerConfigKeys (ConfUtils.java:logGet(43)) - raft.server.log.segment.cache.num.max = 2 (custom)
2019-10-15 04:21:17,070 [pool-393-thread-1] INFO  server.RaftServerConfigKeys (ConfUtils.java:logGet(43)) - raft.server.log.queue.element-limit = 1024 (custom)
2019-10-15 04:21:17,070 [pool-413-thread-1] INFO  server.RaftServerConfigKeys (ConfUtils.java:logGet(43)) - raft.server.log.segment.size.max = 1048576 (custom)
2019-10-15 04:21:17,070 [pool-393-thread-1] INFO  server.RaftServerConfigKeys (ConfUtils.java:logGet(43)) - raft.server.log.segment.size.max = 1048576 (custom)
2019-10-15 04:21:17,070 [pool-433-thread-1] INFO  segmented.SegmentedRaftLogWorker (SegmentedRaftLogWorker.java:<init>(173)) - new a047aedb-2737-4041-818a-6d6a1738c372@group-88D59F24621E-SegmentedRaftLogWorker for RaftStorage:Storage Directory /workdir/hadoop-ozone/integration-test/target/test-dir/MiniOzoneClusterImpl-4582359f-1f53-4b17-9dcb-8937d4b14848/datanode-5/data/ratis/166b0d43-da49-44e4-8ee7-88d59f24621e
2019-10-15 04:21:17,071 [pool-393-thread-1] INFO  server.RaftServerConfigKeys (ConfUtils.java:logGet(43)) - raft.server.log.preallocated.size = 16384 (custom)
2019-10-15 04:21:17,070 [pool-413-thread-1] INFO  server.RaftServerConfigKeys (ConfUtils.java:logGet(43)) - raft.server.log.segment.cache.num.max = 2 (custom)
2019-10-15 04:21:17,071 [pool-393-thread-1] INFO  server.RaftServerConfigKeys (ConfUtils.java:logGet(43)) - raft.server.log.write.buffer.size = 33554432 (custom)
2019-10-15 04:21:17,071 [pool-433-thread-1] INFO  server.RaftServerConfigKeys (ConfUtils.java:logGet(43)) - raft.server.log.queue.byte-limit = 2147483647 (custom)
2019-10-15 04:21:17,071 [pool-393-thread-1] INFO  server.RaftServerConfigKeys (ConfUtils.java:logGet(43)) - raft.server.log.force.sync.num = 128 (default)
2019-10-15 04:21:17,071 [pool-413-thread-1] INFO  segmented.SegmentedRaftLogWorker (SegmentedRaftLogWorker.java:<init>(173)) - new 6e548805-b2c6-4eb0-be2a-269260f5db19@group-88D59F24621E-SegmentedRaftLogWorker for RaftStorage:Storage Directory /workdir/hadoop-ozone/integration-test/target/test-dir/MiniOzoneClusterImpl-4582359f-1f53-4b17-9dcb-8937d4b14848/datanode-3/data/ratis/166b0d43-da49-44e4-8ee7-88d59f24621e
2019-10-15 04:21:17,071 [pool-393-thread-1] INFO  server.RaftServerConfigKeys (ConfUtils.java:logGet(43)) - raft.server.log.statemachine.data.sync = true (default)
2019-10-15 04:21:17,071 [pool-433-thread-1] INFO  server.RaftServerConfigKeys (ConfUtils.java:logGet(43)) - raft.server.log.queue.element-limit = 1024 (custom)
2019-10-15 04:21:17,072 [pool-393-thread-1] INFO  server.RaftServerConfigKeys (ConfUtils.java:logGet(43)) - raft.server.log.statemachine.data.sync.timeout = 10s (default)
2019-10-15 04:21:17,071 [pool-413-thread-1] INFO  server.RaftServerConfigKeys (ConfUtils.java:logGet(43)) - raft.server.log.queue.byte-limit = 2147483647 (custom)
2019-10-15 04:21:17,072 [pool-393-thread-1] INFO  server.RaftServerConfigKeys (ConfUtils.java:logGet(43)) - raft.server.log.statemachine.data.sync.timeout.retry = -1 (default)
2019-10-15 04:21:17,072 [pool-433-thread-1] INFO  server.RaftServerConfigKeys (ConfUtils.java:logGet(43)) - raft.server.log.segment.size.max = 1048576 (custom)
2019-10-15 04:21:17,072 [pool-393-thread-1] INFO  server.RaftServerConfigKeys (ConfUtils.java:logGet(43)) - raft.server.log.statemachine.data.caching.enabled = true (custom)
2019-10-15 04:21:17,072 [pool-413-thread-1] INFO  server.RaftServerConfigKeys (ConfUtils.java:logGet(43)) - raft.server.log.queue.element-limit = 1024 (custom)
2019-10-15 04:21:17,072 [pool-433-thread-1] INFO  server.RaftServerConfigKeys (ConfUtils.java:logGet(43)) - raft.server.log.preallocated.size = 16384 (custom)
2019-10-15 04:21:17,073 [pool-393-thread-1] INFO  segmented.SegmentedRaftLogWorker (SegmentedRaftLogWorker.java:lambda$new$0(128)) - 52fbfc08-63f7-48cc-855c-e048bc3c6967@group-88D59F24621E-SegmentedRaftLogWorker: flushIndex: setUnconditionally 0 -> -1
2019-10-15 04:21:17,073 [pool-413-thread-1] INFO  server.RaftServerConfigKeys (ConfUtils.java:logGet(43)) - raft.server.log.segment.size.max = 1048576 (custom)
2019-10-15 04:21:17,073 [pool-433-thread-1] INFO  server.RaftServerConfigKeys (ConfUtils.java:logGet(43)) - raft.server.log.write.buffer.size = 33554432 (custom)
2019-10-15 04:21:17,073 [pool-393-thread-1] INFO  server.RaftServerConfigKeys (ConfUtils.java:logGet(43)) - raft.server.snapshot.auto.trigger.enabled = true (custom)
2019-10-15 04:21:17,073 [pool-413-thread-1] INFO  server.RaftServerConfigKeys (ConfUtils.java:logGet(43)) - raft.server.log.preallocated.size = 16384 (custom)
2019-10-15 04:21:17,073 [pool-393-thread-1] INFO  server.RaftServerConfigKeys (ConfUtils.java:logGet(43)) - raft.server.snapshot.auto.trigger.threshold = 10000 (custom)
2019-10-15 04:21:17,073 [pool-433-thread-1] INFO  server.RaftServerConfigKeys (ConfUtils.java:logGet(43)) - raft.server.log.force.sync.num = 128 (default)
2019-10-15 04:21:17,074 [pool-393-thread-1] INFO  server.RaftServerConfigKeys (ConfUtils.java:logGet(43)) - raft.server.snapshot.retention.file.num = 5 (custom)
2019-10-15 04:21:17,073 [pool-413-thread-1] INFO  server.RaftServerConfigKeys (ConfUtils.java:logGet(43)) - raft.server.log.write.buffer.size = 33554432 (custom)
2019-10-15 04:21:17,074 [pool-393-thread-1] INFO  server.RaftServerConfigKeys (ConfUtils.java:logGet(43)) - raft.server.retrycache.expirytime = 600000ms (custom)
2019-10-15 04:21:17,074 [pool-433-thread-1] INFO  server.RaftServerConfigKeys (ConfUtils.java:logGet(43)) - raft.server.log.statemachine.data.sync = true (default)
2019-10-15 04:21:17,074 [pool-413-thread-1] INFO  server.RaftServerConfigKeys (ConfUtils.java:logGet(43)) - raft.server.log.force.sync.num = 128 (default)
2019-10-15 04:21:17,074 [pool-433-thread-1] INFO  server.RaftServerConfigKeys (ConfUtils.java:logGet(43)) - raft.server.log.statemachine.data.sync.timeout = 10s (default)
2019-10-15 04:21:17,074 [pool-413-thread-1] INFO  server.RaftServerConfigKeys (ConfUtils.java:logGet(43)) - raft.server.log.statemachine.data.sync = true (default)
2019-10-15 04:21:17,074 [pool-433-thread-1] INFO  server.RaftServerConfigKeys (ConfUtils.java:logGet(43)) - raft.server.log.statemachine.data.sync.timeout.retry = -1 (default)
2019-10-15 04:21:17,075 [pool-413-thread-1] INFO  server.RaftServerConfigKeys (ConfUtils.java:logGet(43)) - raft.server.log.statemachine.data.sync.timeout = 10s (default)
2019-10-15 04:21:17,075 [pool-433-thread-1] INFO  server.RaftServerConfigKeys (ConfUtils.java:logGet(43)) - raft.server.log.statemachine.data.caching.enabled = true (custom)
2019-10-15 04:21:17,075 [pool-413-thread-1] INFO  server.RaftServerConfigKeys (ConfUtils.java:logGet(43)) - raft.server.log.statemachine.data.sync.timeout.retry = -1 (default)
2019-10-15 04:21:17,075 [pool-433-thread-1] INFO  segmented.SegmentedRaftLogWorker (SegmentedRaftLogWorker.java:lambda$new$0(128)) - a047aedb-2737-4041-818a-6d6a1738c372@group-88D59F24621E-SegmentedRaftLogWorker: flushIndex: setUnconditionally 0 -> -1
2019-10-15 04:21:17,075 [pool-413-thread-1] INFO  server.RaftServerConfigKeys (ConfUtils.java:logGet(43)) - raft.server.log.statemachine.data.caching.enabled = true (custom)
2019-10-15 04:21:17,075 [pool-433-thread-1] INFO  server.RaftServerConfigKeys (ConfUtils.java:logGet(43)) - raft.server.snapshot.auto.trigger.enabled = true (custom)
2019-10-15 04:21:17,075 [pool-433-thread-1] INFO  server.RaftServerConfigKeys (ConfUtils.java:logGet(43)) - raft.server.snapshot.auto.trigger.threshold = 10000 (custom)
2019-10-15 04:21:17,076 [pool-433-thread-1] INFO  server.RaftServerConfigKeys (ConfUtils.java:logGet(43)) - raft.server.snapshot.retention.file.num = 5 (custom)
2019-10-15 04:21:17,076 [pool-413-thread-1] INFO  segmented.SegmentedRaftLogWorker (SegmentedRaftLogWorker.java:lambda$new$0(128)) - 6e548805-b2c6-4eb0-be2a-269260f5db19@group-88D59F24621E-SegmentedRaftLogWorker: flushIndex: setUnconditionally 0 -> -1
2019-10-15 04:21:17,076 [pool-433-thread-1] INFO  server.RaftServerConfigKeys (ConfUtils.java:logGet(43)) - raft.server.retrycache.expirytime = 600000ms (custom)
2019-10-15 04:21:17,076 [pool-413-thread-1] INFO  server.RaftServerConfigKeys (ConfUtils.java:logGet(43)) - raft.server.snapshot.auto.trigger.enabled = true (custom)
2019-10-15 04:21:17,076 [pool-393-thread-1] INFO  impl.RaftServerImpl (RaftServerImpl.java:start(181)) - 52fbfc08-63f7-48cc-855c-e048bc3c6967@group-88D59F24621E: start as a follower, conf=-1: [a047aedb-2737-4041-818a-6d6a1738c372:192.168.151.112:44285, 6e548805-b2c6-4eb0-be2a-269260f5db19:192.168.151.112:41243, 52fbfc08-63f7-48cc-855c-e048bc3c6967:192.168.151.112:33865], old=null
2019-10-15 04:21:17,076 [pool-413-thread-1] INFO  server.RaftServerConfigKeys (ConfUtils.java:logGet(43)) - raft.server.snapshot.auto.trigger.threshold = 10000 (custom)
2019-10-15 04:21:17,076 [pool-393-thread-1] INFO  impl.RaftServerImpl (RaftServerImpl.java:setRole(170)) - 52fbfc08-63f7-48cc-855c-e048bc3c6967@group-88D59F24621E: changes role from      null to FOLLOWER at term 0 for startAsFollower
2019-10-15 04:21:17,076 [pool-413-thread-1] INFO  server.RaftServerConfigKeys (ConfUtils.java:logGet(43)) - raft.server.snapshot.retention.file.num = 5 (custom)
2019-10-15 04:21:17,077 [pool-393-thread-1] INFO  impl.RoleInfo (RoleInfo.java:updateAndGet(143)) - 52fbfc08-63f7-48cc-855c-e048bc3c6967: start FollowerState
2019-10-15 04:21:17,077 [pool-413-thread-1] INFO  server.RaftServerConfigKeys (ConfUtils.java:logGet(43)) - raft.server.retrycache.expirytime = 600000ms (custom)
2019-10-15 04:21:17,077 [pool-433-thread-1] INFO  impl.RaftServerImpl (RaftServerImpl.java:start(181)) - a047aedb-2737-4041-818a-6d6a1738c372@group-88D59F24621E: start as a follower, conf=-1: [a047aedb-2737-4041-818a-6d6a1738c372:192.168.151.112:44285, 6e548805-b2c6-4eb0-be2a-269260f5db19:192.168.151.112:41243, 52fbfc08-63f7-48cc-855c-e048bc3c6967:192.168.151.112:33865], old=null
2019-10-15 04:21:17,077 [pool-433-thread-1] INFO  impl.RaftServerImpl (RaftServerImpl.java:setRole(170)) - a047aedb-2737-4041-818a-6d6a1738c372@group-88D59F24621E: changes role from      null to FOLLOWER at term 0 for startAsFollower
2019-10-15 04:21:17,077 [pool-393-thread-1] INFO  util.JmxRegister (JmxRegister.java:tryRegister(44)) - Successfully registered JMX Bean with object name Ratis:service=RaftServer,group=group-88D59F24621E,id=52fbfc08-63f7-48cc-855c-e048bc3c6967
2019-10-15 04:21:17,077 [pool-433-thread-1] INFO  impl.RoleInfo (RoleInfo.java:updateAndGet(143)) - a047aedb-2737-4041-818a-6d6a1738c372: start FollowerState
2019-10-15 04:21:17,078 [pool-433-thread-1] INFO  util.JmxRegister (JmxRegister.java:tryRegister(44)) - Successfully registered JMX Bean with object name Ratis:service=RaftServer,group=group-88D59F24621E,id=a047aedb-2737-4041-818a-6d6a1738c372
2019-10-15 04:21:17,080 [pool-413-thread-1] INFO  impl.RaftServerImpl (RaftServerImpl.java:start(181)) - 6e548805-b2c6-4eb0-be2a-269260f5db19@group-88D59F24621E: start as a follower, conf=-1: [a047aedb-2737-4041-818a-6d6a1738c372:192.168.151.112:44285, 6e548805-b2c6-4eb0-be2a-269260f5db19:192.168.151.112:41243, 52fbfc08-63f7-48cc-855c-e048bc3c6967:192.168.151.112:33865], old=null
2019-10-15 04:21:17,081 [pool-413-thread-1] INFO  impl.RaftServerImpl (RaftServerImpl.java:setRole(170)) - 6e548805-b2c6-4eb0-be2a-269260f5db19@group-88D59F24621E: changes role from      null to FOLLOWER at term 0 for startAsFollower
2019-10-15 04:21:17,081 [pool-413-thread-1] INFO  impl.RoleInfo (RoleInfo.java:updateAndGet(143)) - 6e548805-b2c6-4eb0-be2a-269260f5db19: start FollowerState
2019-10-15 04:21:17,081 [pool-413-thread-1] INFO  util.JmxRegister (JmxRegister.java:tryRegister(44)) - Successfully registered JMX Bean with object name Ratis:service=RaftServer,group=group-88D59F24621E,id=6e548805-b2c6-4eb0-be2a-269260f5db19
2019-10-15 04:21:17,086 [RatisPipelineUtilsThread] INFO  pipeline.PipelineStateManager (PipelineStateManager.java:addPipeline(56)) - Created pipeline Pipeline[ Id: 166b0d43-da49-44e4-8ee7-88d59f24621e, Nodes: a047aedb-2737-4041-818a-6d6a1738c372{ip: 192.168.151.112, host: pr-hdds-2194-gpqhj-1713016619, networkLocation: /default-rack, certSerialId: null}6e548805-b2c6-4eb0-be2a-269260f5db19{ip: 192.168.151.112, host: pr-hdds-2194-gpqhj-1713016619, networkLocation: /default-rack, certSerialId: null}52fbfc08-63f7-48cc-855c-e048bc3c6967{ip: 192.168.151.112, host: pr-hdds-2194-gpqhj-1713016619, networkLocation: /default-rack, certSerialId: null}, Type:RATIS, Factor:THREE, State:OPEN]
2019-10-15 04:21:17,102 [grpc-default-executor-3] INFO  impl.RaftServerProxy (RaftServerProxy.java:addNew(89)) - b5bd5611-4c64-4c62-892e-835ab3bfeaeb: addNew group-5EAA2AFB8070:[e5145cd3-4f68-44c8-b3e3-52f0b3be5370:192.168.151.112:39797, 7be157f4-d73b-448e-8cd7-6469e73fa7ac:192.168.151.112:42318, b5bd5611-4c64-4c62-892e-835ab3bfeaeb:192.168.151.112:36250] returns group-5EAA2AFB8070:java.util.concurrent.CompletableFuture@3c3915b[Not completed]
2019-10-15 04:21:17,103 [grpc-default-executor-4] INFO  impl.RaftServerProxy (RaftServerProxy.java:addNew(89)) - 7be157f4-d73b-448e-8cd7-6469e73fa7ac: addNew group-5EAA2AFB8070:[e5145cd3-4f68-44c8-b3e3-52f0b3be5370:192.168.151.112:39797, 7be157f4-d73b-448e-8cd7-6469e73fa7ac:192.168.151.112:42318, b5bd5611-4c64-4c62-892e-835ab3bfeaeb:192.168.151.112:36250] returns group-5EAA2AFB8070:java.util.concurrent.CompletableFuture@4f51a8d4[Not completed]
2019-10-15 04:21:17,104 [grpc-default-executor-3] INFO  impl.RaftServerProxy (RaftServerProxy.java:addNew(89)) - e5145cd3-4f68-44c8-b3e3-52f0b3be5370: addNew group-5EAA2AFB8070:[e5145cd3-4f68-44c8-b3e3-52f0b3be5370:192.168.151.112:39797, 7be157f4-d73b-448e-8cd7-6469e73fa7ac:192.168.151.112:42318, b5bd5611-4c64-4c62-892e-835ab3bfeaeb:192.168.151.112:36250] returns group-5EAA2AFB8070:java.util.concurrent.CompletableFuture@d6c3d60[Not completed]
2019-10-15 04:21:17,106 [pool-423-thread-1] INFO  impl.RaftServerImpl (RaftServerImpl.java:<init>(95)) - 7be157f4-d73b-448e-8cd7-6469e73fa7ac: new RaftServerImpl for group-5EAA2AFB8070:[e5145cd3-4f68-44c8-b3e3-52f0b3be5370:192.168.151.112:39797, 7be157f4-d73b-448e-8cd7-6469e73fa7ac:192.168.151.112:42318, b5bd5611-4c64-4c62-892e-835ab3bfeaeb:192.168.151.112:36250] with ContainerStateMachine:uninitialized
2019-10-15 04:21:17,106 [pool-423-thread-1] INFO  server.RaftServerConfigKeys (ConfUtils.java:logGet(43)) - raft.server.rpc.timeout.min = 5s (custom)
2019-10-15 04:21:17,106 [pool-423-thread-1] INFO  server.RaftServerConfigKeys (ConfUtils.java:logGet(43)) - raft.server.rpc.timeout.max = 5200ms (custom)
2019-10-15 04:21:17,106 [pool-423-thread-1] INFO  server.RaftServerConfigKeys (ConfUtils.java:logGet(43)) - raft.server.rpcslowness.timeout = 120s (custom)
2019-10-15 04:21:17,106 [pool-383-thread-1] INFO  impl.RaftServerImpl (RaftServerImpl.java:<init>(95)) - e5145cd3-4f68-44c8-b3e3-52f0b3be5370: new RaftServerImpl for group-5EAA2AFB8070:[e5145cd3-4f68-44c8-b3e3-52f0b3be5370:192.168.151.112:39797, 7be157f4-d73b-448e-8cd7-6469e73fa7ac:192.168.151.112:42318, b5bd5611-4c64-4c62-892e-835ab3bfeaeb:192.168.151.112:36250] with ContainerStateMachine:uninitialized
2019-10-15 04:21:17,107 [pool-423-thread-1] INFO  server.RaftServerConfigKeys (ConfUtils.java:logGet(43)) - raft.server.sleep.deviation.threshold = 300 (default)
2019-10-15 04:21:17,107 [pool-403-thread-1] INFO  impl.RaftServerImpl (RaftServerImpl.java:<init>(95)) - b5bd5611-4c64-4c62-892e-835ab3bfeaeb: new RaftServerImpl for group-5EAA2AFB8070:[e5145cd3-4f68-44c8-b3e3-52f0b3be5370:192.168.151.112:39797, 7be157f4-d73b-448e-8cd7-6469e73fa7ac:192.168.151.112:42318, b5bd5611-4c64-4c62-892e-835ab3bfeaeb:192.168.151.112:36250] with ContainerStateMachine:uninitialized
2019-10-15 04:21:17,107 [pool-383-thread-1] INFO  server.RaftServerConfigKeys (ConfUtils.java:logGet(43)) - raft.server.rpc.timeout.min = 5s (custom)
2019-10-15 04:21:17,107 [pool-403-thread-1] INFO  server.RaftServerConfigKeys (ConfUtils.java:logGet(43)) - raft.server.rpc.timeout.min = 5s (custom)
2019-10-15 04:21:17,107 [pool-423-thread-1] INFO  server.RaftServerConfigKeys (ConfUtils.java:logGet(43)) - raft.server.log.appender.install.snapshot.enabled = false (custom)
2019-10-15 04:21:17,107 [pool-403-thread-1] INFO  server.RaftServerConfigKeys (ConfUtils.java:logGet(43)) - raft.server.rpc.timeout.max = 5200ms (custom)
2019-10-15 04:21:17,107 [pool-383-thread-1] INFO  server.RaftServerConfigKeys (ConfUtils.java:logGet(43)) - raft.server.rpc.timeout.max = 5200ms (custom)
2019-10-15 04:21:17,108 [pool-403-thread-1] INFO  server.RaftServerConfigKeys (ConfUtils.java:logGet(43)) - raft.server.rpcslowness.timeout = 120s (custom)
2019-10-15 04:21:17,107 [pool-423-thread-1] INFO  impl.RaftServerImpl (ServerState.java:<init>(103)) - 7be157f4-d73b-448e-8cd7-6469e73fa7ac@group-5EAA2AFB8070: ConfigurationManager, init=-1: [e5145cd3-4f68-44c8-b3e3-52f0b3be5370:192.168.151.112:39797, 7be157f4-d73b-448e-8cd7-6469e73fa7ac:192.168.151.112:42318, b5bd5611-4c64-4c62-892e-835ab3bfeaeb:192.168.151.112:36250], old=null, confs=<EMPTY_MAP>
2019-10-15 04:21:17,108 [pool-403-thread-1] INFO  server.RaftServerConfigKeys (ConfUtils.java:logGet(43)) - raft.server.sleep.deviation.threshold = 300 (default)
2019-10-15 04:21:17,108 [pool-383-thread-1] INFO  server.RaftServerConfigKeys (ConfUtils.java:logGet(43)) - raft.server.rpcslowness.timeout = 120s (custom)
2019-10-15 04:21:17,108 [pool-403-thread-1] INFO  server.RaftServerConfigKeys (ConfUtils.java:logGet(43)) - raft.server.log.appender.install.snapshot.enabled = false (custom)
2019-10-15 04:21:17,108 [pool-423-thread-1] INFO  server.RaftServerConfigKeys (ConfUtils.java:logGet(43)) - raft.server.storage.dir = [/workdir/hadoop-ozone/integration-test/target/test-dir/MiniOzoneClusterImpl-4582359f-1f53-4b17-9dcb-8937d4b14848/datanode-4/data/ratis] (custom)
2019-10-15 04:21:17,108 [pool-403-thread-1] INFO  impl.RaftServerImpl (ServerState.java:<init>(103)) - b5bd5611-4c64-4c62-892e-835ab3bfeaeb@group-5EAA2AFB8070: ConfigurationManager, init=-1: [e5145cd3-4f68-44c8-b3e3-52f0b3be5370:192.168.151.112:39797, 7be157f4-d73b-448e-8cd7-6469e73fa7ac:192.168.151.112:42318, b5bd5611-4c64-4c62-892e-835ab3bfeaeb:192.168.151.112:36250], old=null, confs=<EMPTY_MAP>
2019-10-15 04:21:17,108 [pool-383-thread-1] INFO  server.RaftServerConfigKeys (ConfUtils.java:logGet(43)) - raft.server.sleep.deviation.threshold = 300 (default)
2019-10-15 04:21:17,109 [pool-423-thread-1] INFO  server.RaftServerConfigKeys (ConfUtils.java:logGet(43)) - raft.server.log.corruption.policy = EXCEPTION (default)
2019-10-15 04:21:17,109 [pool-403-thread-1] INFO  server.RaftServerConfigKeys (ConfUtils.java:logGet(43)) - raft.server.storage.dir = [/workdir/hadoop-ozone/integration-test/target/test-dir/MiniOzoneClusterImpl-4582359f-1f53-4b17-9dcb-8937d4b14848/datanode-2/data/ratis] (custom)
2019-10-15 04:21:17,109 [pool-423-thread-1] INFO  storage.RaftStorageDirectory (RaftStorageDirectory.java:analyzeStorage(246)) - The storage directory /workdir/hadoop-ozone/integration-test/target/test-dir/MiniOzoneClusterImpl-4582359f-1f53-4b17-9dcb-8937d4b14848/datanode-4/data/ratis/fba24eef-f893-462e-90f9-5eaa2afb8070 does not exist. Creating ...
2019-10-15 04:21:17,109 [pool-383-thread-1] INFO  server.RaftServerConfigKeys (ConfUtils.java:logGet(43)) - raft.server.log.appender.install.snapshot.enabled = false (custom)
2019-10-15 04:21:17,109 [pool-403-thread-1] INFO  server.RaftServerConfigKeys (ConfUtils.java:logGet(43)) - raft.server.log.corruption.policy = EXCEPTION (default)
2019-10-15 04:21:17,109 [pool-383-thread-1] INFO  impl.RaftServerImpl (ServerState.java:<init>(103)) - e5145cd3-4f68-44c8-b3e3-52f0b3be5370@group-5EAA2AFB8070: ConfigurationManager, init=-1: [e5145cd3-4f68-44c8-b3e3-52f0b3be5370:192.168.151.112:39797, 7be157f4-d73b-448e-8cd7-6469e73fa7ac:192.168.151.112:42318, b5bd5611-4c64-4c62-892e-835ab3bfeaeb:192.168.151.112:36250], old=null, confs=<EMPTY_MAP>
2019-10-15 04:21:17,110 [pool-403-thread-1] INFO  storage.RaftStorageDirectory (RaftStorageDirectory.java:analyzeStorage(246)) - The storage directory /workdir/hadoop-ozone/integration-test/target/test-dir/MiniOzoneClusterImpl-4582359f-1f53-4b17-9dcb-8937d4b14848/datanode-2/data/ratis/fba24eef-f893-462e-90f9-5eaa2afb8070 does not exist. Creating ...
2019-10-15 04:21:17,110 [pool-383-thread-1] INFO  server.RaftServerConfigKeys (ConfUtils.java:logGet(43)) - raft.server.storage.dir = [/workdir/hadoop-ozone/integration-test/target/test-dir/MiniOzoneClusterImpl-4582359f-1f53-4b17-9dcb-8937d4b14848/datanode-0/data/ratis] (custom)
2019-10-15 04:21:17,110 [pool-383-thread-1] INFO  server.RaftServerConfigKeys (ConfUtils.java:logGet(43)) - raft.server.log.corruption.policy = EXCEPTION (default)
2019-10-15 04:21:17,111 [pool-383-thread-1] INFO  storage.RaftStorageDirectory (RaftStorageDirectory.java:analyzeStorage(246)) - The storage directory /workdir/hadoop-ozone/integration-test/target/test-dir/MiniOzoneClusterImpl-4582359f-1f53-4b17-9dcb-8937d4b14848/datanode-0/data/ratis/fba24eef-f893-462e-90f9-5eaa2afb8070 does not exist. Creating ...
2019-10-15 04:21:17,168 [pool-403-thread-1] INFO  storage.RaftStorageDirectory (RaftStorageDirectory.java:tryLock(328)) - Lock on /workdir/hadoop-ozone/integration-test/target/test-dir/MiniOzoneClusterImpl-4582359f-1f53-4b17-9dcb-8937d4b14848/datanode-2/data/ratis/fba24eef-f893-462e-90f9-5eaa2afb8070/in_use.lock acquired by nodename 24710@pr-hdds-2194-gpqhj-1713016619
2019-10-15 04:21:17,168 [pool-383-thread-1] INFO  storage.RaftStorageDirectory (RaftStorageDirectory.java:tryLock(328)) - Lock on /workdir/hadoop-ozone/integration-test/target/test-dir/MiniOzoneClusterImpl-4582359f-1f53-4b17-9dcb-8937d4b14848/datanode-0/data/ratis/fba24eef-f893-462e-90f9-5eaa2afb8070/in_use.lock acquired by nodename 24710@pr-hdds-2194-gpqhj-1713016619
2019-10-15 04:21:17,168 [pool-423-thread-1] INFO  storage.RaftStorageDirectory (RaftStorageDirectory.java:tryLock(328)) - Lock on /workdir/hadoop-ozone/integration-test/target/test-dir/MiniOzoneClusterImpl-4582359f-1f53-4b17-9dcb-8937d4b14848/datanode-4/data/ratis/fba24eef-f893-462e-90f9-5eaa2afb8070/in_use.lock acquired by nodename 24710@pr-hdds-2194-gpqhj-1713016619
2019-10-15 04:21:17,202 [pool-383-thread-1] INFO  storage.RaftStorage (RaftStorage.java:format(84)) - Storage directory /workdir/hadoop-ozone/integration-test/target/test-dir/MiniOzoneClusterImpl-4582359f-1f53-4b17-9dcb-8937d4b14848/datanode-0/data/ratis/fba24eef-f893-462e-90f9-5eaa2afb8070 has been successfully formatted.
2019-10-15 04:21:17,202 [pool-403-thread-1] INFO  storage.RaftStorage (RaftStorage.java:format(84)) - Storage directory /workdir/hadoop-ozone/integration-test/target/test-dir/MiniOzoneClusterImpl-4582359f-1f53-4b17-9dcb-8937d4b14848/datanode-2/data/ratis/fba24eef-f893-462e-90f9-5eaa2afb8070 has been successfully formatted.
2019-10-15 04:21:17,202 [pool-423-thread-1] INFO  storage.RaftStorage (RaftStorage.java:format(84)) - Storage directory /workdir/hadoop-ozone/integration-test/target/test-dir/MiniOzoneClusterImpl-4582359f-1f53-4b17-9dcb-8937d4b14848/datanode-4/data/ratis/fba24eef-f893-462e-90f9-5eaa2afb8070 has been successfully formatted.
2019-10-15 04:21:17,202 [pool-403-thread-1] INFO  ratis.ContainerStateMachine (ContainerStateMachine.java:loadSnapshot(231)) - group-5EAA2AFB8070: The snapshot info is null. Setting the last applied indexto:(t:0, i:~)
2019-10-15 04:21:17,202 [pool-383-thread-1] INFO  ratis.ContainerStateMachine (ContainerStateMachine.java:loadSnapshot(231)) - group-5EAA2AFB8070: The snapshot info is null. Setting the last applied indexto:(t:0, i:~)
2019-10-15 04:21:17,203 [pool-403-thread-1] INFO  server.RaftServerConfigKeys (ConfUtils.java:logGet(43)) - raft.server.notification.no-leader.timeout = 120s (custom)
2019-10-15 04:21:17,202 [pool-423-thread-1] INFO  ratis.ContainerStateMachine (ContainerStateMachine.java:loadSnapshot(231)) - group-5EAA2AFB8070: The snapshot info is null. Setting the last applied indexto:(t:0, i:~)
2019-10-15 04:21:17,203 [pool-403-thread-1] INFO  server.RaftServerConfigKeys (ConfUtils.java:logGet(43)) - raft.server.log.use.memory = false (default)
2019-10-15 04:21:17,203 [pool-383-thread-1] INFO  server.RaftServerConfigKeys (ConfUtils.java:logGet(43)) - raft.server.notification.no-leader.timeout = 120s (custom)
2019-10-15 04:21:17,203 [pool-403-thread-1] INFO  server.RaftServerConfigKeys (ConfUtils.java:logGet(43)) - raft.server.log.purge.gap = 1000000 (custom)
2019-10-15 04:21:17,203 [pool-423-thread-1] INFO  server.RaftServerConfigKeys (ConfUtils.java:logGet(43)) - raft.server.notification.no-leader.timeout = 120s (custom)
2019-10-15 04:21:17,204 [pool-403-thread-1] INFO  server.RaftServerConfigKeys (ConfUtils.java:logGet(43)) - raft.server.log.appender.buffer.byte-limit = 33554432 (custom)
2019-10-15 04:21:17,203 [pool-383-thread-1] INFO  server.RaftServerConfigKeys (ConfUtils.java:logGet(43)) - raft.server.log.use.memory = false (default)
2019-10-15 04:21:17,204 [pool-403-thread-1] INFO  server.RaftServerConfigKeys (ConfUtils.java:logGet(43)) - raft.server.log.segment.size.max = 1048576 (custom)
2019-10-15 04:21:17,204 [pool-423-thread-1] INFO  server.RaftServerConfigKeys (ConfUtils.java:logGet(43)) - raft.server.log.use.memory = false (default)
2019-10-15 04:21:17,204 [pool-403-thread-1] INFO  server.RaftServerConfigKeys (ConfUtils.java:logGet(43)) - raft.server.log.segment.cache.num.max = 2 (custom)
2019-10-15 04:21:17,204 [pool-383-thread-1] INFO  server.RaftServerConfigKeys (ConfUtils.java:logGet(43)) - raft.server.log.purge.gap = 1000000 (custom)
2019-10-15 04:21:17,205 [pool-403-thread-1] INFO  segmented.SegmentedRaftLogWorker (SegmentedRaftLogWorker.java:<init>(173)) - new b5bd5611-4c64-4c62-892e-835ab3bfeaeb@group-5EAA2AFB8070-SegmentedRaftLogWorker for RaftStorage:Storage Directory /workdir/hadoop-ozone/integration-test/target/test-dir/MiniOzoneClusterImpl-4582359f-1f53-4b17-9dcb-8937d4b14848/datanode-2/data/ratis/fba24eef-f893-462e-90f9-5eaa2afb8070
2019-10-15 04:21:17,204 [pool-423-thread-1] INFO  server.RaftServerConfigKeys (ConfUtils.java:logGet(43)) - raft.server.log.purge.gap = 1000000 (custom)
2019-10-15 04:21:17,205 [pool-403-thread-1] INFO  server.RaftServerConfigKeys (ConfUtils.java:logGet(43)) - raft.server.log.queue.byte-limit = 2147483647 (custom)
2019-10-15 04:21:17,205 [pool-383-thread-1] INFO  server.RaftServerConfigKeys (ConfUtils.java:logGet(43)) - raft.server.log.appender.buffer.byte-limit = 33554432 (custom)
2019-10-15 04:21:17,205 [pool-403-thread-1] INFO  server.RaftServerConfigKeys (ConfUtils.java:logGet(43)) - raft.server.log.queue.element-limit = 1024 (custom)
2019-10-15 04:21:17,205 [pool-423-thread-1] INFO  server.RaftServerConfigKeys (ConfUtils.java:logGet(43)) - raft.server.log.appender.buffer.byte-limit = 33554432 (custom)
2019-10-15 04:21:17,206 [pool-403-thread-1] INFO  server.RaftServerConfigKeys (ConfUtils.java:logGet(43)) - raft.server.log.segment.size.max = 1048576 (custom)
2019-10-15 04:21:17,205 [pool-383-thread-1] INFO  server.RaftServerConfigKeys (ConfUtils.java:logGet(43)) - raft.server.log.segment.size.max = 1048576 (custom)
2019-10-15 04:21:17,206 [pool-403-thread-1] INFO  server.RaftServerConfigKeys (ConfUtils.java:logGet(43)) - raft.server.log.preallocated.size = 16384 (custom)
2019-10-15 04:21:17,206 [pool-423-thread-1] INFO  server.RaftServerConfigKeys (ConfUtils.java:logGet(43)) - raft.server.log.segment.size.max = 1048576 (custom)
2019-10-15 04:21:17,206 [pool-403-thread-1] INFO  server.RaftServerConfigKeys (ConfUtils.java:logGet(43)) - raft.server.log.write.buffer.size = 33554432 (custom)
2019-10-15 04:21:17,206 [pool-383-thread-1] INFO  server.RaftServerConfigKeys (ConfUtils.java:logGet(43)) - raft.server.log.segment.cache.num.max = 2 (custom)
2019-10-15 04:21:17,206 [pool-403-thread-1] INFO  server.RaftServerConfigKeys (ConfUtils.java:logGet(43)) - raft.server.log.force.sync.num = 128 (default)
2019-10-15 04:21:17,206 [pool-423-thread-1] INFO  server.RaftServerConfigKeys (ConfUtils.java:logGet(43)) - raft.server.log.segment.cache.num.max = 2 (custom)
2019-10-15 04:21:17,207 [pool-403-thread-1] INFO  server.RaftServerConfigKeys (ConfUtils.java:logGet(43)) - raft.server.log.statemachine.data.sync = true (default)
2019-10-15 04:21:17,207 [pool-383-thread-1] INFO  segmented.SegmentedRaftLogWorker (SegmentedRaftLogWorker.java:<init>(173)) - new e5145cd3-4f68-44c8-b3e3-52f0b3be5370@group-5EAA2AFB8070-SegmentedRaftLogWorker for RaftStorage:Storage Directory /workdir/hadoop-ozone/integration-test/target/test-dir/MiniOzoneClusterImpl-4582359f-1f53-4b17-9dcb-8937d4b14848/datanode-0/data/ratis/fba24eef-f893-462e-90f9-5eaa2afb8070
2019-10-15 04:21:17,207 [pool-403-thread-1] INFO  server.RaftServerConfigKeys (ConfUtils.java:logGet(43)) - raft.server.log.statemachine.data.sync.timeout = 10s (default)
2019-10-15 04:21:17,207 [pool-423-thread-1] INFO  segmented.SegmentedRaftLogWorker (SegmentedRaftLogWorker.java:<init>(173)) - new 7be157f4-d73b-448e-8cd7-6469e73fa7ac@group-5EAA2AFB8070-SegmentedRaftLogWorker for RaftStorage:Storage Directory /workdir/hadoop-ozone/integration-test/target/test-dir/MiniOzoneClusterImpl-4582359f-1f53-4b17-9dcb-8937d4b14848/datanode-4/data/ratis/fba24eef-f893-462e-90f9-5eaa2afb8070
2019-10-15 04:21:17,207 [pool-403-thread-1] INFO  server.RaftServerConfigKeys (ConfUtils.java:logGet(43)) - raft.server.log.statemachine.data.sync.timeout.retry = -1 (default)
2019-10-15 04:21:17,207 [pool-383-thread-1] INFO  server.RaftServerConfigKeys (ConfUtils.java:logGet(43)) - raft.server.log.queue.byte-limit = 2147483647 (custom)
2019-10-15 04:21:17,208 [pool-423-thread-1] INFO  server.RaftServerConfigKeys (ConfUtils.java:logGet(43)) - raft.server.log.queue.byte-limit = 2147483647 (custom)
2019-10-15 04:21:17,208 [pool-403-thread-1] INFO  server.RaftServerConfigKeys (ConfUtils.java:logGet(43)) - raft.server.log.statemachine.data.caching.enabled = true (custom)
2019-10-15 04:21:17,208 [pool-383-thread-1] INFO  server.RaftServerConfigKeys (ConfUtils.java:logGet(43)) - raft.server.log.queue.element-limit = 1024 (custom)
2019-10-15 04:21:17,208 [pool-423-thread-1] INFO  server.RaftServerConfigKeys (ConfUtils.java:logGet(43)) - raft.server.log.queue.element-limit = 1024 (custom)
2019-10-15 04:21:17,209 [pool-403-thread-1] INFO  segmented.SegmentedRaftLogWorker (SegmentedRaftLogWorker.java:lambda$new$0(128)) - b5bd5611-4c64-4c62-892e-835ab3bfeaeb@group-5EAA2AFB8070-SegmentedRaftLogWorker: flushIndex: setUnconditionally 0 -> -1
2019-10-15 04:21:17,208 [pool-383-thread-1] INFO  server.RaftServerConfigKeys (ConfUtils.java:logGet(43)) - raft.server.log.segment.size.max = 1048576 (custom)
2019-10-15 04:21:17,209 [pool-403-thread-1] INFO  server.RaftServerConfigKeys (ConfUtils.java:logGet(43)) - raft.server.snapshot.auto.trigger.enabled = true (custom)
2019-10-15 04:21:17,209 [pool-423-thread-1] INFO  server.RaftServerConfigKeys (ConfUtils.java:logGet(43)) - raft.server.log.segment.size.max = 1048576 (custom)
2019-10-15 04:21:17,209 [pool-403-thread-1] INFO  server.RaftServerConfigKeys (ConfUtils.java:logGet(43)) - raft.server.snapshot.auto.trigger.threshold = 10000 (custom)
2019-10-15 04:21:17,209 [pool-383-thread-1] INFO  server.RaftServerConfigKeys (ConfUtils.java:logGet(43)) - raft.server.log.preallocated.size = 16384 (custom)
2019-10-15 04:21:17,209 [pool-403-thread-1] INFO  server.RaftServerConfigKeys (ConfUtils.java:logGet(43)) - raft.server.snapshot.retention.file.num = 5 (custom)
2019-10-15 04:21:17,209 [pool-423-thread-1] INFO  server.RaftServerConfigKeys (ConfUtils.java:logGet(43)) - raft.server.log.preallocated.size = 16384 (custom)
2019-10-15 04:21:17,210 [pool-403-thread-1] INFO  server.RaftServerConfigKeys (ConfUtils.java:logGet(43)) - raft.server.retrycache.expirytime = 600000ms (custom)
2019-10-15 04:21:17,210 [pool-383-thread-1] INFO  server.RaftServerConfigKeys (ConfUtils.java:logGet(43)) - raft.server.log.write.buffer.size = 33554432 (custom)
2019-10-15 04:21:17,210 [pool-423-thread-1] INFO  server.RaftServerConfigKeys (ConfUtils.java:logGet(43)) - raft.server.log.write.buffer.size = 33554432 (custom)
2019-10-15 04:21:17,210 [pool-383-thread-1] INFO  server.RaftServerConfigKeys (ConfUtils.java:logGet(43)) - raft.server.log.force.sync.num = 128 (default)
2019-10-15 04:21:17,211 [pool-423-thread-1] INFO  server.RaftServerConfigKeys (ConfUtils.java:logGet(43)) - raft.server.log.force.sync.num = 128 (default)
2019-10-15 04:21:17,211 [pool-383-thread-1] INFO  server.RaftServerConfigKeys (ConfUtils.java:logGet(43)) - raft.server.log.statemachine.data.sync = true (default)
2019-10-15 04:21:17,211 [pool-423-thread-1] INFO  server.RaftServerConfigKeys (ConfUtils.java:logGet(43)) - raft.server.log.statemachine.data.sync = true (default)
2019-10-15 04:21:17,211 [pool-383-thread-1] INFO  server.RaftServerConfigKeys (ConfUtils.java:logGet(43)) - raft.server.log.statemachine.data.sync.timeout = 10s (default)
2019-10-15 04:21:17,211 [pool-423-thread-1] INFO  server.RaftServerConfigKeys (ConfUtils.java:logGet(43)) - raft.server.log.statemachine.data.sync.timeout = 10s (default)
2019-10-15 04:21:17,211 [pool-383-thread-1] INFO  server.RaftServerConfigKeys (ConfUtils.java:logGet(43)) - raft.server.log.statemachine.data.sync.timeout.retry = -1 (default)
2019-10-15 04:21:17,212 [pool-423-thread-1] INFO  server.RaftServerConfigKeys (ConfUtils.java:logGet(43)) - raft.server.log.statemachine.data.sync.timeout.retry = -1 (default)
2019-10-15 04:21:17,212 [pool-383-thread-1] INFO  server.RaftServerConfigKeys (ConfUtils.java:logGet(43)) - raft.server.log.statemachine.data.caching.enabled = true (custom)
2019-10-15 04:21:17,212 [pool-423-thread-1] INFO  server.RaftServerConfigKeys (ConfUtils.java:logGet(43)) - raft.server.log.statemachine.data.caching.enabled = true (custom)
2019-10-15 04:21:17,212 [pool-383-thread-1] INFO  segmented.SegmentedRaftLogWorker (SegmentedRaftLogWorker.java:lambda$new$0(128)) - e5145cd3-4f68-44c8-b3e3-52f0b3be5370@group-5EAA2AFB8070-SegmentedRaftLogWorker: flushIndex: setUnconditionally 0 -> -1
2019-10-15 04:21:17,213 [pool-423-thread-1] INFO  segmented.SegmentedRaftLogWorker (SegmentedRaftLogWorker.java:lambda$new$0(128)) - 7be157f4-d73b-448e-8cd7-6469e73fa7ac@group-5EAA2AFB8070-SegmentedRaftLogWorker: flushIndex: setUnconditionally 0 -> -1
2019-10-15 04:21:17,213 [pool-383-thread-1] INFO  server.RaftServerConfigKeys (ConfUtils.java:logGet(43)) - raft.server.snapshot.auto.trigger.enabled = true (custom)
2019-10-15 04:21:17,213 [pool-383-thread-1] INFO  server.RaftServerConfigKeys (ConfUtils.java:logGet(43)) - raft.server.snapshot.auto.trigger.threshold = 10000 (custom)
2019-10-15 04:21:17,213 [pool-423-thread-1] INFO  server.RaftServerConfigKeys (ConfUtils.java:logGet(43)) - raft.server.snapshot.auto.trigger.enabled = true (custom)
2019-10-15 04:21:17,213 [pool-383-thread-1] INFO  server.RaftServerConfigKeys (ConfUtils.java:logGet(43)) - raft.server.snapshot.retention.file.num = 5 (custom)
2019-10-15 04:21:17,213 [pool-403-thread-1] INFO  impl.RaftServerImpl (RaftServerImpl.java:start(181)) - b5bd5611-4c64-4c62-892e-835ab3bfeaeb@group-5EAA2AFB8070: start as a follower, conf=-1: [e5145cd3-4f68-44c8-b3e3-52f0b3be5370:192.168.151.112:39797, 7be157f4-d73b-448e-8cd7-6469e73fa7ac:192.168.151.112:42318, b5bd5611-4c64-4c62-892e-835ab3bfeaeb:192.168.151.112:36250], old=null
2019-10-15 04:21:17,213 [pool-423-thread-1] INFO  server.RaftServerConfigKeys (ConfUtils.java:logGet(43)) - raft.server.snapshot.auto.trigger.threshold = 10000 (custom)
2019-10-15 04:21:17,214 [pool-403-thread-1] INFO  impl.RaftServerImpl (RaftServerImpl.java:setRole(170)) - b5bd5611-4c64-4c62-892e-835ab3bfeaeb@group-5EAA2AFB8070: changes role from      null to FOLLOWER at term 0 for startAsFollower
2019-10-15 04:21:17,214 [pool-383-thread-1] INFO  server.RaftServerConfigKeys (ConfUtils.java:logGet(43)) - raft.server.retrycache.expirytime = 600000ms (custom)
2019-10-15 04:21:17,214 [pool-403-thread-1] INFO  impl.RoleInfo (RoleInfo.java:updateAndGet(143)) - b5bd5611-4c64-4c62-892e-835ab3bfeaeb: start FollowerState
2019-10-15 04:21:17,214 [pool-423-thread-1] INFO  server.RaftServerConfigKeys (ConfUtils.java:logGet(43)) - raft.server.snapshot.retention.file.num = 5 (custom)
2019-10-15 04:21:17,215 [pool-403-thread-1] INFO  util.JmxRegister (JmxRegister.java:tryRegister(44)) - Successfully registered JMX Bean with object name Ratis:service=RaftServer,group=group-5EAA2AFB8070,id=b5bd5611-4c64-4c62-892e-835ab3bfeaeb
2019-10-15 04:21:17,215 [pool-423-thread-1] INFO  server.RaftServerConfigKeys (ConfUtils.java:logGet(43)) - raft.server.retrycache.expirytime = 600000ms (custom)
2019-10-15 04:21:17,217 [pool-383-thread-1] INFO  impl.RaftServerImpl (RaftServerImpl.java:start(181)) - e5145cd3-4f68-44c8-b3e3-52f0b3be5370@group-5EAA2AFB8070: start as a follower, conf=-1: [e5145cd3-4f68-44c8-b3e3-52f0b3be5370:192.168.151.112:39797, 7be157f4-d73b-448e-8cd7-6469e73fa7ac:192.168.151.112:42318, b5bd5611-4c64-4c62-892e-835ab3bfeaeb:192.168.151.112:36250], old=null
2019-10-15 04:21:17,217 [pool-383-thread-1] INFO  impl.RaftServerImpl (RaftServerImpl.java:setRole(170)) - e5145cd3-4f68-44c8-b3e3-52f0b3be5370@group-5EAA2AFB8070: changes role from      null to FOLLOWER at term 0 for startAsFollower
2019-10-15 04:21:17,217 [pool-383-thread-1] INFO  impl.RoleInfo (RoleInfo.java:updateAndGet(143)) - e5145cd3-4f68-44c8-b3e3-52f0b3be5370: start FollowerState
2019-10-15 04:21:17,217 [pool-383-thread-1] INFO  util.JmxRegister (JmxRegister.java:tryRegister(44)) - Successfully registered JMX Bean with object name Ratis:service=RaftServer,group=group-5EAA2AFB8070,id=e5145cd3-4f68-44c8-b3e3-52f0b3be5370
2019-10-15 04:21:17,220 [pool-423-thread-1] INFO  impl.RaftServerImpl (RaftServerImpl.java:start(181)) - 7be157f4-d73b-448e-8cd7-6469e73fa7ac@group-5EAA2AFB8070: start as a follower, conf=-1: [e5145cd3-4f68-44c8-b3e3-52f0b3be5370:192.168.151.112:39797, 7be157f4-d73b-448e-8cd7-6469e73fa7ac:192.168.151.112:42318, b5bd5611-4c64-4c62-892e-835ab3bfeaeb:192.168.151.112:36250], old=null
2019-10-15 04:21:17,220 [pool-423-thread-1] INFO  impl.RaftServerImpl (RaftServerImpl.java:setRole(170)) - 7be157f4-d73b-448e-8cd7-6469e73fa7ac@group-5EAA2AFB8070: changes role from      null to FOLLOWER at term 0 for startAsFollower
2019-10-15 04:21:17,220 [pool-423-thread-1] INFO  impl.RoleInfo (RoleInfo.java:updateAndGet(143)) - 7be157f4-d73b-448e-8cd7-6469e73fa7ac: start FollowerState
2019-10-15 04:21:17,221 [pool-423-thread-1] INFO  util.JmxRegister (JmxRegister.java:tryRegister(44)) - Successfully registered JMX Bean with object name Ratis:service=RaftServer,group=group-5EAA2AFB8070,id=7be157f4-d73b-448e-8cd7-6469e73fa7ac
2019-10-15 04:21:17,224 [RatisPipelineUtilsThread] INFO  pipeline.PipelineStateManager (PipelineStateManager.java:addPipeline(56)) - Created pipeline Pipeline[ Id: fba24eef-f893-462e-90f9-5eaa2afb8070, Nodes: e5145cd3-4f68-44c8-b3e3-52f0b3be5370{ip: 192.168.151.112, host: pr-hdds-2194-gpqhj-1713016619, networkLocation: /default-rack, certSerialId: null}b5bd5611-4c64-4c62-892e-835ab3bfeaeb{ip: 192.168.151.112, host: pr-hdds-2194-gpqhj-1713016619, networkLocation: /default-rack, certSerialId: null}7be157f4-d73b-448e-8cd7-6469e73fa7ac{ip: 192.168.151.112, host: pr-hdds-2194-gpqhj-1713016619, networkLocation: /default-rack, certSerialId: null}, Type:RATIS, Factor:THREE, State:OPEN]
2019-10-15 04:21:19,297 [Thread-2406] INFO  container.ReplicationManager (ReplicationManager.java:start(162)) - Starting Replication Monitor Thread.
2019-10-15 04:21:19,301 [ReplicationMonitor] INFO  container.ReplicationManager (ReplicationManager.java:run(225)) - Replication Monitor Thread took 0 milliseconds for processing 1 containers.
2019-10-15 04:21:21,463 [Thread-2408] INFO  impl.FollowerState (FollowerState.java:run(108)) - e5145cd3-4f68-44c8-b3e3-52f0b3be5370@group-B729864888E3-FollowerState: change to CANDIDATE, lastRpcTime:5070ms, electionTimeout:5070ms
2019-10-15 04:21:21,463 [Thread-2408] INFO  impl.RoleInfo (RoleInfo.java:shutdownFollowerState(121)) - e5145cd3-4f68-44c8-b3e3-52f0b3be5370: shutdown FollowerState
2019-10-15 04:21:21,464 [Thread-2408] INFO  impl.RaftServerImpl (RaftServerImpl.java:setRole(170)) - e5145cd3-4f68-44c8-b3e3-52f0b3be5370@group-B729864888E3: changes role from  FOLLOWER to CANDIDATE at term 0 for changeToCandidate
2019-10-15 04:21:21,464 [Thread-2408] INFO  impl.RoleInfo (RoleInfo.java:updateAndGet(143)) - e5145cd3-4f68-44c8-b3e3-52f0b3be5370: start LeaderElection
2019-10-15 04:21:21,508 [Thread-2411] INFO  impl.FollowerState (FollowerState.java:run(108)) - 52fbfc08-63f7-48cc-855c-e048bc3c6967@group-0ED711817336-FollowerState: change to CANDIDATE, lastRpcTime:5030ms, electionTimeout:5030ms
2019-10-15 04:21:21,508 [Thread-2411] INFO  impl.RoleInfo (RoleInfo.java:shutdownFollowerState(121)) - 52fbfc08-63f7-48cc-855c-e048bc3c6967: shutdown FollowerState
2019-10-15 04:21:21,508 [Thread-2411] INFO  impl.RaftServerImpl (RaftServerImpl.java:setRole(170)) - 52fbfc08-63f7-48cc-855c-e048bc3c6967@group-0ED711817336: changes role from  FOLLOWER to CANDIDATE at term 0 for changeToCandidate
2019-10-15 04:21:21,508 [Thread-2411] INFO  impl.RoleInfo (RoleInfo.java:updateAndGet(143)) - 52fbfc08-63f7-48cc-855c-e048bc3c6967: start LeaderElection
2019-10-15 04:21:21,517 [e5145cd3-4f68-44c8-b3e3-52f0b3be5370@group-B729864888E3-LeaderElection63] INFO  impl.LeaderElection (LeaderElection.java:askForVotes(178)) - e5145cd3-4f68-44c8-b3e3-52f0b3be5370@group-B729864888E3-LeaderElection63: begin an election at term 1 for -1: [e5145cd3-4f68-44c8-b3e3-52f0b3be5370:192.168.151.112:39797], old=null
2019-10-15 04:21:21,517 [e5145cd3-4f68-44c8-b3e3-52f0b3be5370@group-B729864888E3-LeaderElection63] INFO  impl.RoleInfo (RoleInfo.java:shutdownLeaderElection(134)) - e5145cd3-4f68-44c8-b3e3-52f0b3be5370: shutdown LeaderElection
2019-10-15 04:21:21,517 [e5145cd3-4f68-44c8-b3e3-52f0b3be5370@group-B729864888E3-LeaderElection63] INFO  impl.RaftServerImpl (RaftServerImpl.java:setRole(170)) - e5145cd3-4f68-44c8-b3e3-52f0b3be5370@group-B729864888E3: changes role from CANDIDATE to LEADER at term 1 for changeToLeader
2019-10-15 04:21:21,517 [e5145cd3-4f68-44c8-b3e3-52f0b3be5370@group-B729864888E3-LeaderElection63] INFO  impl.RaftServerImpl (ServerState.java:setLeader(255)) - e5145cd3-4f68-44c8-b3e3-52f0b3be5370@group-B729864888E3: change Leader from null to e5145cd3-4f68-44c8-b3e3-52f0b3be5370 at term 1 for becomeLeader, leader elected after 5133ms
2019-10-15 04:21:21,517 [e5145cd3-4f68-44c8-b3e3-52f0b3be5370@group-B729864888E3-LeaderElection63] INFO  server.RaftServerConfigKeys (ConfUtils.java:logGet(43)) - raft.server.staging.catchup.gap = 1000 (default)
2019-10-15 04:21:21,518 [e5145cd3-4f68-44c8-b3e3-52f0b3be5370@group-B729864888E3-LeaderElection63] INFO  server.RaftServerConfigKeys (ConfUtils.java:logGet(43)) - raft.server.rpc.sleep.time = 25ms (default)
2019-10-15 04:21:21,518 [e5145cd3-4f68-44c8-b3e3-52f0b3be5370@group-B729864888E3-LeaderElection63] INFO  server.RaftServerConfigKeys (ConfUtils.java:logGet(43)) - raft.server.write.element-limit = 4096 (default)
2019-10-15 04:21:21,518 [e5145cd3-4f68-44c8-b3e3-52f0b3be5370@group-B729864888E3-LeaderElection63] INFO  server.RaftServerConfigKeys (ConfUtils.java:logGet(43)) - raft.server.watch.timeout = 10s (default)
2019-10-15 04:21:21,518 [e5145cd3-4f68-44c8-b3e3-52f0b3be5370@group-B729864888E3-LeaderElection63] INFO  server.RaftServerConfigKeys (ConfUtils.java:logGet(43)) - raft.server.watch.timeout.denomination = 1s (default)
2019-10-15 04:21:21,518 [e5145cd3-4f68-44c8-b3e3-52f0b3be5370@group-B729864888E3-LeaderElection63] INFO  server.RaftServerConfigKeys (ConfUtils.java:logGet(43)) - raft.server.watch.element-limit = 65536 (default)
2019-10-15 04:21:21,520 [e5145cd3-4f68-44c8-b3e3-52f0b3be5370@group-B729864888E3-LeaderElection63] INFO  impl.RoleInfo (RoleInfo.java:updateAndGet(143)) - e5145cd3-4f68-44c8-b3e3-52f0b3be5370: start LeaderState
2019-10-15 04:21:21,521 [e5145cd3-4f68-44c8-b3e3-52f0b3be5370@group-B729864888E3-LeaderElection63] INFO  segmented.SegmentedRaftLogWorker (SegmentedRaftLogWorker.java:startLogSegment(385)) - e5145cd3-4f68-44c8-b3e3-52f0b3be5370@group-B729864888E3-SegmentedRaftLogWorker: Starting segment from index:0
2019-10-15 04:21:21,521 [e5145cd3-4f68-44c8-b3e3-52f0b3be5370@group-B729864888E3-LeaderElection63] INFO  impl.RaftServerImpl (ServerState.java:setRaftConf(356)) - e5145cd3-4f68-44c8-b3e3-52f0b3be5370@group-B729864888E3: set configuration 0: [e5145cd3-4f68-44c8-b3e3-52f0b3be5370:192.168.151.112:39797], old=null at 0
2019-10-15 04:21:21,548 [52fbfc08-63f7-48cc-855c-e048bc3c6967@group-0ED711817336-LeaderElection64] INFO  impl.LeaderElection (LeaderElection.java:askForVotes(178)) - 52fbfc08-63f7-48cc-855c-e048bc3c6967@group-0ED711817336-LeaderElection64: begin an election at term 1 for -1: [52fbfc08-63f7-48cc-855c-e048bc3c6967:192.168.151.112:33865], old=null
2019-10-15 04:21:21,549 [52fbfc08-63f7-48cc-855c-e048bc3c6967@group-0ED711817336-LeaderElection64] INFO  impl.RoleInfo (RoleInfo.java:shutdownLeaderElection(134)) - 52fbfc08-63f7-48cc-855c-e048bc3c6967: shutdown LeaderElection
2019-10-15 04:21:21,549 [52fbfc08-63f7-48cc-855c-e048bc3c6967@group-0ED711817336-LeaderElection64] INFO  impl.RaftServerImpl (RaftServerImpl.java:setRole(170)) - 52fbfc08-63f7-48cc-855c-e048bc3c6967@group-0ED711817336: changes role from CANDIDATE to LEADER at term 1 for changeToLeader
2019-10-15 04:21:21,549 [52fbfc08-63f7-48cc-855c-e048bc3c6967@group-0ED711817336-LeaderElection64] INFO  impl.RaftServerImpl (ServerState.java:setLeader(255)) - 52fbfc08-63f7-48cc-855c-e048bc3c6967@group-0ED711817336: change Leader from null to 52fbfc08-63f7-48cc-855c-e048bc3c6967 at term 1 for becomeLeader, leader elected after 5080ms
2019-10-15 04:21:21,549 [52fbfc08-63f7-48cc-855c-e048bc3c6967@group-0ED711817336-LeaderElection64] INFO  server.RaftServerConfigKeys (ConfUtils.java:logGet(43)) - raft.server.staging.catchup.gap = 1000 (default)
2019-10-15 04:21:21,549 [52fbfc08-63f7-48cc-855c-e048bc3c6967@group-0ED711817336-LeaderElection64] INFO  server.RaftServerConfigKeys (ConfUtils.java:logGet(43)) - raft.server.rpc.sleep.time = 25ms (default)
2019-10-15 04:21:21,549 [52fbfc08-63f7-48cc-855c-e048bc3c6967@group-0ED711817336-LeaderElection64] INFO  server.RaftServerConfigKeys (ConfUtils.java:logGet(43)) - raft.server.write.element-limit = 4096 (default)
2019-10-15 04:21:21,550 [52fbfc08-63f7-48cc-855c-e048bc3c6967@group-0ED711817336-LeaderElection64] INFO  server.RaftServerConfigKeys (ConfUtils.java:logGet(43)) - raft.server.watch.timeout = 10s (default)
2019-10-15 04:21:21,550 [52fbfc08-63f7-48cc-855c-e048bc3c6967@group-0ED711817336-LeaderElection64] INFO  server.RaftServerConfigKeys (ConfUtils.java:logGet(43)) - raft.server.watch.timeout.denomination = 1s (default)
2019-10-15 04:21:21,550 [52fbfc08-63f7-48cc-855c-e048bc3c6967@group-0ED711817336-LeaderElection64] INFO  server.RaftServerConfigKeys (ConfUtils.java:logGet(43)) - raft.server.watch.element-limit = 65536 (default)
2019-10-15 04:21:21,551 [52fbfc08-63f7-48cc-855c-e048bc3c6967@group-0ED711817336-LeaderElection64] INFO  impl.RoleInfo (RoleInfo.java:updateAndGet(143)) - 52fbfc08-63f7-48cc-855c-e048bc3c6967: start LeaderState
2019-10-15 04:21:21,552 [52fbfc08-63f7-48cc-855c-e048bc3c6967@group-0ED711817336-LeaderElection64] INFO  segmented.SegmentedRaftLogWorker (SegmentedRaftLogWorker.java:startLogSegment(385)) - 52fbfc08-63f7-48cc-855c-e048bc3c6967@group-0ED711817336-SegmentedRaftLogWorker: Starting segment from index:0
2019-10-15 04:21:21,552 [52fbfc08-63f7-48cc-855c-e048bc3c6967@group-0ED711817336-LeaderElection64] INFO  impl.RaftServerImpl (ServerState.java:setRaftConf(356)) - 52fbfc08-63f7-48cc-855c-e048bc3c6967@group-0ED711817336: set configuration 0: [52fbfc08-63f7-48cc-855c-e048bc3c6967:192.168.151.112:33865], old=null at 0
2019-10-15 04:21:21,582 [e5145cd3-4f68-44c8-b3e3-52f0b3be5370@group-B729864888E3-SegmentedRaftLogWorker] INFO  segmented.SegmentedRaftLogWorker (SegmentedRaftLogWorker.java:execute(574)) - e5145cd3-4f68-44c8-b3e3-52f0b3be5370@group-B729864888E3-SegmentedRaftLogWorker: created new log segment /workdir/hadoop-ozone/integration-test/target/test-dir/MiniOzoneClusterImpl-4582359f-1f53-4b17-9dcb-8937d4b14848/datanode-0/data/ratis/fefdc109-6cb9-431b-bf82-b729864888e3/current/log_inprogress_0
2019-10-15 04:21:21,607 [52fbfc08-63f7-48cc-855c-e048bc3c6967@group-0ED711817336-SegmentedRaftLogWorker] INFO  segmented.SegmentedRaftLogWorker (SegmentedRaftLogWorker.java:execute(574)) - 52fbfc08-63f7-48cc-855c-e048bc3c6967@group-0ED711817336-SegmentedRaftLogWorker: created new log segment /workdir/hadoop-ozone/integration-test/target/test-dir/MiniOzoneClusterImpl-4582359f-1f53-4b17-9dcb-8937d4b14848/datanode-1/data/ratis/2e3b0cd9-12d9-4112-81de-0ed711817336/current/log_inprogress_0
2019-10-15 04:21:21,749 [Thread-2414] INFO  impl.FollowerState (FollowerState.java:run(108)) - 6e548805-b2c6-4eb0-be2a-269260f5db19@group-D38F71A405D3-FollowerState: change to CANDIDATE, lastRpcTime:5172ms, electionTimeout:5172ms
2019-10-15 04:21:21,749 [Thread-2414] INFO  impl.RoleInfo (RoleInfo.java:shutdownFollowerState(121)) - 6e548805-b2c6-4eb0-be2a-269260f5db19: shutdown FollowerState
2019-10-15 04:21:21,749 [Thread-2414] INFO  impl.RaftServerImpl (RaftServerImpl.java:setRole(170)) - 6e548805-b2c6-4eb0-be2a-269260f5db19@group-D38F71A405D3: changes role from  FOLLOWER to CANDIDATE at term 0 for changeToCandidate
2019-10-15 04:21:21,750 [Thread-2414] INFO  impl.RoleInfo (RoleInfo.java:updateAndGet(143)) - 6e548805-b2c6-4eb0-be2a-269260f5db19: start LeaderElection
2019-10-15 04:21:21,783 [6e548805-b2c6-4eb0-be2a-269260f5db19@group-D38F71A405D3-LeaderElection65] INFO  impl.LeaderElection (LeaderElection.java:askForVotes(178)) - 6e548805-b2c6-4eb0-be2a-269260f5db19@group-D38F71A405D3-LeaderElection65: begin an election at term 1 for -1: [6e548805-b2c6-4eb0-be2a-269260f5db19:192.168.151.112:41243], old=null
2019-10-15 04:21:21,783 [6e548805-b2c6-4eb0-be2a-269260f5db19@group-D38F71A405D3-LeaderElection65] INFO  impl.RoleInfo (RoleInfo.java:shutdownLeaderElection(134)) - 6e548805-b2c6-4eb0-be2a-269260f5db19: shutdown LeaderElection
2019-10-15 04:21:21,783 [6e548805-b2c6-4eb0-be2a-269260f5db19@group-D38F71A405D3-LeaderElection65] INFO  impl.RaftServerImpl (RaftServerImpl.java:setRole(170)) - 6e548805-b2c6-4eb0-be2a-269260f5db19@group-D38F71A405D3: changes role from CANDIDATE to LEADER at term 1 for changeToLeader
2019-10-15 04:21:21,784 [6e548805-b2c6-4eb0-be2a-269260f5db19@group-D38F71A405D3-LeaderElection65] INFO  impl.RaftServerImpl (ServerState.java:setLeader(255)) - 6e548805-b2c6-4eb0-be2a-269260f5db19@group-D38F71A405D3: change Leader from null to 6e548805-b2c6-4eb0-be2a-269260f5db19 at term 1 for becomeLeader, leader elected after 5214ms
2019-10-15 04:21:21,784 [6e548805-b2c6-4eb0-be2a-269260f5db19@group-D38F71A405D3-LeaderElection65] INFO  server.RaftServerConfigKeys (ConfUtils.java:logGet(43)) - raft.server.staging.catchup.gap = 1000 (default)
2019-10-15 04:21:21,784 [6e548805-b2c6-4eb0-be2a-269260f5db19@group-D38F71A405D3-LeaderElection65] INFO  server.RaftServerConfigKeys (ConfUtils.java:logGet(43)) - raft.server.rpc.sleep.time = 25ms (default)
2019-10-15 04:21:21,784 [6e548805-b2c6-4eb0-be2a-269260f5db19@group-D38F71A405D3-LeaderElection65] INFO  server.RaftServerConfigKeys (ConfUtils.java:logGet(43)) - raft.server.write.element-limit = 4096 (default)
2019-10-15 04:21:21,785 [6e548805-b2c6-4eb0-be2a-269260f5db19@group-D38F71A405D3-LeaderElection65] INFO  server.RaftServerConfigKeys (ConfUtils.java:logGet(43)) - raft.server.watch.timeout = 10s (default)
2019-10-15 04:21:21,785 [6e548805-b2c6-4eb0-be2a-269260f5db19@group-D38F71A405D3-LeaderElection65] INFO  server.RaftServerConfigKeys (ConfUtils.java:logGet(43)) - raft.server.watch.timeout.denomination = 1s (default)
2019-10-15 04:21:21,785 [6e548805-b2c6-4eb0-be2a-269260f5db19@group-D38F71A405D3-LeaderElection65] INFO  server.RaftServerConfigKeys (ConfUtils.java:logGet(43)) - raft.server.watch.element-limit = 65536 (default)
2019-10-15 04:21:21,788 [6e548805-b2c6-4eb0-be2a-269260f5db19@group-D38F71A405D3-LeaderElection65] INFO  impl.RoleInfo (RoleInfo.java:updateAndGet(143)) - 6e548805-b2c6-4eb0-be2a-269260f5db19: start LeaderState
2019-10-15 04:21:21,789 [6e548805-b2c6-4eb0-be2a-269260f5db19@group-D38F71A405D3-LeaderElection65] INFO  segmented.SegmentedRaftLogWorker (SegmentedRaftLogWorker.java:startLogSegment(385)) - 6e548805-b2c6-4eb0-be2a-269260f5db19@group-D38F71A405D3-SegmentedRaftLogWorker: Starting segment from index:0
2019-10-15 04:21:21,790 [6e548805-b2c6-4eb0-be2a-269260f5db19@group-D38F71A405D3-LeaderElection65] INFO  impl.RaftServerImpl (ServerState.java:setRaftConf(356)) - 6e548805-b2c6-4eb0-be2a-269260f5db19@group-D38F71A405D3: set configuration 0: [6e548805-b2c6-4eb0-be2a-269260f5db19:192.168.151.112:41243], old=null at 0
2019-10-15 04:21:21,798 [Thread-2417] INFO  impl.FollowerState (FollowerState.java:run(108)) - b5bd5611-4c64-4c62-892e-835ab3bfeaeb@group-276C0E0EE6EE-FollowerState: change to CANDIDATE, lastRpcTime:5137ms, electionTimeout:5137ms
2019-10-15 04:21:21,798 [Thread-2417] INFO  impl.RoleInfo (RoleInfo.java:shutdownFollowerState(121)) - b5bd5611-4c64-4c62-892e-835ab3bfeaeb: shutdown FollowerState
2019-10-15 04:21:21,799 [Thread-2417] INFO  impl.RaftServerImpl (RaftServerImpl.java:setRole(170)) - b5bd5611-4c64-4c62-892e-835ab3bfeaeb@group-276C0E0EE6EE: changes role from  FOLLOWER to CANDIDATE at term 0 for changeToCandidate
2019-10-15 04:21:21,799 [Thread-2417] INFO  impl.RoleInfo (RoleInfo.java:updateAndGet(143)) - b5bd5611-4c64-4c62-892e-835ab3bfeaeb: start LeaderElection
2019-10-15 04:21:21,858 [6e548805-b2c6-4eb0-be2a-269260f5db19@group-D38F71A405D3-SegmentedRaftLogWorker] INFO  segmented.SegmentedRaftLogWorker (SegmentedRaftLogWorker.java:execute(574)) - 6e548805-b2c6-4eb0-be2a-269260f5db19@group-D38F71A405D3-SegmentedRaftLogWorker: created new log segment /workdir/hadoop-ozone/integration-test/target/test-dir/MiniOzoneClusterImpl-4582359f-1f53-4b17-9dcb-8937d4b14848/datanode-3/data/ratis/2a16c49b-a46b-4782-ab5d-d38f71a405d3/current/log_inprogress_0
2019-10-15 04:21:21,883 [b5bd5611-4c64-4c62-892e-835ab3bfeaeb@group-276C0E0EE6EE-LeaderElection66] INFO  impl.LeaderElection (LeaderElection.java:askForVotes(178)) - b5bd5611-4c64-4c62-892e-835ab3bfeaeb@group-276C0E0EE6EE-LeaderElection66: begin an election at term 1 for -1: [b5bd5611-4c64-4c62-892e-835ab3bfeaeb:192.168.151.112:36250], old=null
2019-10-15 04:21:21,884 [b5bd5611-4c64-4c62-892e-835ab3bfeaeb@group-276C0E0EE6EE-LeaderElection66] INFO  impl.RoleInfo (RoleInfo.java:shutdownLeaderElection(134)) - b5bd5611-4c64-4c62-892e-835ab3bfeaeb: shutdown LeaderElection
2019-10-15 04:21:21,884 [b5bd5611-4c64-4c62-892e-835ab3bfeaeb@group-276C0E0EE6EE-LeaderElection66] INFO  impl.RaftServerImpl (RaftServerImpl.java:setRole(170)) - b5bd5611-4c64-4c62-892e-835ab3bfeaeb@group-276C0E0EE6EE: changes role from CANDIDATE to LEADER at term 1 for changeToLeader
2019-10-15 04:21:21,884 [b5bd5611-4c64-4c62-892e-835ab3bfeaeb@group-276C0E0EE6EE-LeaderElection66] INFO  impl.RaftServerImpl (ServerState.java:setLeader(255)) - b5bd5611-4c64-4c62-892e-835ab3bfeaeb@group-276C0E0EE6EE: change Leader from null to b5bd5611-4c64-4c62-892e-835ab3bfeaeb at term 1 for becomeLeader, leader elected after 5231ms
2019-10-15 04:21:21,884 [b5bd5611-4c64-4c62-892e-835ab3bfeaeb@group-276C0E0EE6EE-LeaderElection66] INFO  server.RaftServerConfigKeys (ConfUtils.java:logGet(43)) - raft.server.staging.catchup.gap = 1000 (default)
2019-10-15 04:21:21,884 [b5bd5611-4c64-4c62-892e-835ab3bfeaeb@group-276C0E0EE6EE-LeaderElection66] INFO  server.RaftServerConfigKeys (ConfUtils.java:logGet(43)) - raft.server.rpc.sleep.time = 25ms (default)
2019-10-15 04:21:21,885 [b5bd5611-4c64-4c62-892e-835ab3bfeaeb@group-276C0E0EE6EE-LeaderElection66] INFO  server.RaftServerConfigKeys (ConfUtils.java:logGet(43)) - raft.server.write.element-limit = 4096 (default)
2019-10-15 04:21:21,885 [b5bd5611-4c64-4c62-892e-835ab3bfeaeb@group-276C0E0EE6EE-LeaderElection66] INFO  server.RaftServerConfigKeys (ConfUtils.java:logGet(43)) - raft.server.watch.timeout = 10s (default)
2019-10-15 04:21:21,885 [b5bd5611-4c64-4c62-892e-835ab3bfeaeb@group-276C0E0EE6EE-LeaderElection66] INFO  server.RaftServerConfigKeys (ConfUtils.java:logGet(43)) - raft.server.watch.timeout.denomination = 1s (default)
2019-10-15 04:21:21,885 [b5bd5611-4c64-4c62-892e-835ab3bfeaeb@group-276C0E0EE6EE-LeaderElection66] INFO  server.RaftServerConfigKeys (ConfUtils.java:logGet(43)) - raft.server.watch.element-limit = 65536 (default)
2019-10-15 04:21:21,887 [b5bd5611-4c64-4c62-892e-835ab3bfeaeb@group-276C0E0EE6EE-LeaderElection66] INFO  impl.RoleInfo (RoleInfo.java:updateAndGet(143)) - b5bd5611-4c64-4c62-892e-835ab3bfeaeb: start LeaderState
2019-10-15 04:21:21,887 [b5bd5611-4c64-4c62-892e-835ab3bfeaeb@group-276C0E0EE6EE-LeaderElection66] INFO  segmented.SegmentedRaftLogWorker (SegmentedRaftLogWorker.java:startLogSegment(385)) - b5bd5611-4c64-4c62-892e-835ab3bfeaeb@group-276C0E0EE6EE-SegmentedRaftLogWorker: Starting segment from index:0
2019-10-15 04:21:21,888 [b5bd5611-4c64-4c62-892e-835ab3bfeaeb@group-276C0E0EE6EE-LeaderElection66] INFO  impl.RaftServerImpl (ServerState.java:setRaftConf(356)) - b5bd5611-4c64-4c62-892e-835ab3bfeaeb@group-276C0E0EE6EE: set configuration 0: [b5bd5611-4c64-4c62-892e-835ab3bfeaeb:192.168.151.112:36250], old=null at 0
2019-10-15 04:21:21,902 [Thread-2422] INFO  impl.FollowerState (FollowerState.java:run(108)) - a047aedb-2737-4041-818a-6d6a1738c372@group-9D0C8A2012F4-FollowerState: change to CANDIDATE, lastRpcTime:5118ms, electionTimeout:5118ms
2019-10-15 04:21:21,902 [Thread-2422] INFO  impl.RoleInfo (RoleInfo.java:shutdownFollowerState(121)) - a047aedb-2737-4041-818a-6d6a1738c372: shutdown FollowerState
2019-10-15 04:21:21,902 [Thread-2422] INFO  impl.RaftServerImpl (RaftServerImpl.java:setRole(170)) - a047aedb-2737-4041-818a-6d6a1738c372@group-9D0C8A2012F4: changes role from  FOLLOWER to CANDIDATE at term 0 for changeToCandidate
2019-10-15 04:21:21,903 [Thread-2422] INFO  impl.RoleInfo (RoleInfo.java:updateAndGet(143)) - a047aedb-2737-4041-818a-6d6a1738c372: start LeaderElection
2019-10-15 04:21:21,959 [b5bd5611-4c64-4c62-892e-835ab3bfeaeb@group-276C0E0EE6EE-SegmentedRaftLogWorker] INFO  segmented.SegmentedRaftLogWorker (SegmentedRaftLogWorker.java:execute(574)) - b5bd5611-4c64-4c62-892e-835ab3bfeaeb@group-276C0E0EE6EE-SegmentedRaftLogWorker: created new log segment /workdir/hadoop-ozone/integration-test/target/test-dir/MiniOzoneClusterImpl-4582359f-1f53-4b17-9dcb-8937d4b14848/datanode-2/data/ratis/87c83ced-3b64-4ab7-b100-276c0e0ee6ee/current/log_inprogress_0
2019-10-15 04:21:21,959 [a047aedb-2737-4041-818a-6d6a1738c372@group-9D0C8A2012F4-LeaderElection67] INFO  impl.LeaderElection (LeaderElection.java:askForVotes(178)) - a047aedb-2737-4041-818a-6d6a1738c372@group-9D0C8A2012F4-LeaderElection67: begin an election at term 1 for -1: [a047aedb-2737-4041-818a-6d6a1738c372:192.168.151.112:44285], old=null
2019-10-15 04:21:21,959 [a047aedb-2737-4041-818a-6d6a1738c372@group-9D0C8A2012F4-LeaderElection67] INFO  impl.RoleInfo (RoleInfo.java:shutdownLeaderElection(134)) - a047aedb-2737-4041-818a-6d6a1738c372: shutdown LeaderElection
2019-10-15 04:21:21,959 [a047aedb-2737-4041-818a-6d6a1738c372@group-9D0C8A2012F4-LeaderElection67] INFO  impl.RaftServerImpl (RaftServerImpl.java:setRole(170)) - a047aedb-2737-4041-818a-6d6a1738c372@group-9D0C8A2012F4: changes role from CANDIDATE to LEADER at term 1 for changeToLeader
2019-10-15 04:21:21,960 [a047aedb-2737-4041-818a-6d6a1738c372@group-9D0C8A2012F4-LeaderElection67] INFO  impl.RaftServerImpl (ServerState.java:setLeader(255)) - a047aedb-2737-4041-818a-6d6a1738c372@group-9D0C8A2012F4: change Leader from null to a047aedb-2737-4041-818a-6d6a1738c372 at term 1 for becomeLeader, leader elected after 5205ms
2019-10-15 04:21:21,960 [a047aedb-2737-4041-818a-6d6a1738c372@group-9D0C8A2012F4-LeaderElection67] INFO  server.RaftServerConfigKeys (ConfUtils.java:logGet(43)) - raft.server.staging.catchup.gap = 1000 (default)
2019-10-15 04:21:21,960 [a047aedb-2737-4041-818a-6d6a1738c372@group-9D0C8A2012F4-LeaderElection67] INFO  server.RaftServerConfigKeys (ConfUtils.java:logGet(43)) - raft.server.rpc.sleep.time = 25ms (default)
2019-10-15 04:21:21,960 [a047aedb-2737-4041-818a-6d6a1738c372@group-9D0C8A2012F4-LeaderElection67] INFO  server.RaftServerConfigKeys (ConfUtils.java:logGet(43)) - raft.server.write.element-limit = 4096 (default)
2019-10-15 04:21:21,960 [a047aedb-2737-4041-818a-6d6a1738c372@group-9D0C8A2012F4-LeaderElection67] INFO  server.RaftServerConfigKeys (ConfUtils.java:logGet(43)) - raft.server.watch.timeout = 10s (default)
2019-10-15 04:21:21,961 [a047aedb-2737-4041-818a-6d6a1738c372@group-9D0C8A2012F4-LeaderElection67] INFO  server.RaftServerConfigKeys (ConfUtils.java:logGet(43)) - raft.server.watch.timeout.denomination = 1s (default)
2019-10-15 04:21:21,961 [a047aedb-2737-4041-818a-6d6a1738c372@group-9D0C8A2012F4-LeaderElection67] INFO  server.RaftServerConfigKeys (ConfUtils.java:logGet(43)) - raft.server.watch.element-limit = 65536 (default)
2019-10-15 04:21:21,963 [a047aedb-2737-4041-818a-6d6a1738c372@group-9D0C8A2012F4-LeaderElection67] INFO  impl.RoleInfo (RoleInfo.java:updateAndGet(143)) - a047aedb-2737-4041-818a-6d6a1738c372: start LeaderState
2019-10-15 04:21:21,964 [a047aedb-2737-4041-818a-6d6a1738c372@group-9D0C8A2012F4-LeaderElection67] INFO  segmented.SegmentedRaftLogWorker (SegmentedRaftLogWorker.java:startLogSegment(385)) - a047aedb-2737-4041-818a-6d6a1738c372@group-9D0C8A2012F4-SegmentedRaftLogWorker: Starting segment from index:0
2019-10-15 04:21:21,965 [a047aedb-2737-4041-818a-6d6a1738c372@group-9D0C8A2012F4-LeaderElection67] INFO  impl.RaftServerImpl (ServerState.java:setRaftConf(356)) - a047aedb-2737-4041-818a-6d6a1738c372@group-9D0C8A2012F4: set configuration 0: [a047aedb-2737-4041-818a-6d6a1738c372:192.168.151.112:44285], old=null at 0
2019-10-15 04:21:21,973 [Thread-2425] INFO  impl.FollowerState (FollowerState.java:run(108)) - 7be157f4-d73b-448e-8cd7-6469e73fa7ac@group-F3FF56657BA5-FollowerState: change to CANDIDATE, lastRpcTime:5090ms, electionTimeout:5090ms
2019-10-15 04:21:21,973 [Thread-2425] INFO  impl.RoleInfo (RoleInfo.java:shutdownFollowerState(121)) - 7be157f4-d73b-448e-8cd7-6469e73fa7ac: shutdown FollowerState
2019-10-15 04:21:21,973 [Thread-2425] INFO  impl.RaftServerImpl (RaftServerImpl.java:setRole(170)) - 7be157f4-d73b-448e-8cd7-6469e73fa7ac@group-F3FF56657BA5: changes role from  FOLLOWER to CANDIDATE at term 0 for changeToCandidate
2019-10-15 04:21:21,973 [Thread-2425] INFO  impl.RoleInfo (RoleInfo.java:updateAndGet(143)) - 7be157f4-d73b-448e-8cd7-6469e73fa7ac: start LeaderElection
2019-10-15 04:21:22,021 [Thread-2428] INFO  impl.FollowerState (FollowerState.java:run(108)) - 4f07d5d1-48cc-45cb-b3e4-19ab413f427c@group-88B633E56C21-FollowerState: change to CANDIDATE, lastRpcTime:5049ms, electionTimeout:5049ms
2019-10-15 04:21:22,022 [Thread-2428] INFO  impl.RoleInfo (RoleInfo.java:shutdownFollowerState(121)) - 4f07d5d1-48cc-45cb-b3e4-19ab413f427c: shutdown FollowerState
2019-10-15 04:21:22,022 [Thread-2428] INFO  impl.RaftServerImpl (RaftServerImpl.java:setRole(170)) - 4f07d5d1-48cc-45cb-b3e4-19ab413f427c@group-88B633E56C21: changes role from  FOLLOWER to CANDIDATE at term 0 for changeToCandidate
2019-10-15 04:21:22,022 [Thread-2428] INFO  impl.RoleInfo (RoleInfo.java:updateAndGet(143)) - 4f07d5d1-48cc-45cb-b3e4-19ab413f427c: start LeaderElection
2019-10-15 04:21:22,042 [a047aedb-2737-4041-818a-6d6a1738c372@group-9D0C8A2012F4-SegmentedRaftLogWorker] INFO  segmented.SegmentedRaftLogWorker (SegmentedRaftLogWorker.java:execute(574)) - a047aedb-2737-4041-818a-6d6a1738c372@group-9D0C8A2012F4-SegmentedRaftLogWorker: created new log segment /workdir/hadoop-ozone/integration-test/target/test-dir/MiniOzoneClusterImpl-4582359f-1f53-4b17-9dcb-8937d4b14848/datanode-5/data/ratis/a33cda2f-9ff0-4d81-880b-9d0c8a2012f4/current/log_inprogress_0
2019-10-15 04:21:22,051 [7be157f4-d73b-448e-8cd7-6469e73fa7ac@group-F3FF56657BA5-LeaderElection68] INFO  impl.LeaderElection (LeaderElection.java:askForVotes(178)) - 7be157f4-d73b-448e-8cd7-6469e73fa7ac@group-F3FF56657BA5-LeaderElection68: begin an election at term 1 for -1: [7be157f4-d73b-448e-8cd7-6469e73fa7ac:192.168.151.112:42318], old=null
2019-10-15 04:21:22,051 [7be157f4-d73b-448e-8cd7-6469e73fa7ac@group-F3FF56657BA5-LeaderElection68] INFO  impl.RoleInfo (RoleInfo.java:shutdownLeaderElection(134)) - 7be157f4-d73b-448e-8cd7-6469e73fa7ac: shutdown LeaderElection
2019-10-15 04:21:22,052 [7be157f4-d73b-448e-8cd7-6469e73fa7ac@group-F3FF56657BA5-LeaderElection68] INFO  impl.RaftServerImpl (RaftServerImpl.java:setRole(170)) - 7be157f4-d73b-448e-8cd7-6469e73fa7ac@group-F3FF56657BA5: changes role from CANDIDATE to LEADER at term 1 for changeToLeader
2019-10-15 04:21:22,052 [7be157f4-d73b-448e-8cd7-6469e73fa7ac@group-F3FF56657BA5-LeaderElection68] INFO  impl.RaftServerImpl (ServerState.java:setLeader(255)) - 7be157f4-d73b-448e-8cd7-6469e73fa7ac@group-F3FF56657BA5: change Leader from null to 7be157f4-d73b-448e-8cd7-6469e73fa7ac at term 1 for becomeLeader, leader elected after 5178ms
2019-10-15 04:21:22,052 [7be157f4-d73b-448e-8cd7-6469e73fa7ac@group-F3FF56657BA5-LeaderElection68] INFO  server.RaftServerConfigKeys (ConfUtils.java:logGet(43)) - raft.server.staging.catchup.gap = 1000 (default)
2019-10-15 04:21:22,052 [7be157f4-d73b-448e-8cd7-6469e73fa7ac@group-F3FF56657BA5-LeaderElection68] INFO  server.RaftServerConfigKeys (ConfUtils.java:logGet(43)) - raft.server.rpc.sleep.time = 25ms (default)
2019-10-15 04:21:22,052 [7be157f4-d73b-448e-8cd7-6469e73fa7ac@group-F3FF56657BA5-LeaderElection68] INFO  server.RaftServerConfigKeys (ConfUtils.java:logGet(43)) - raft.server.write.element-limit = 4096 (default)
2019-10-15 04:21:22,052 [7be157f4-d73b-448e-8cd7-6469e73fa7ac@group-F3FF56657BA5-LeaderElection68] INFO  server.RaftServerConfigKeys (ConfUtils.java:logGet(43)) - raft.server.watch.timeout = 10s (default)
2019-10-15 04:21:22,052 [7be157f4-d73b-448e-8cd7-6469e73fa7ac@group-F3FF56657BA5-LeaderElection68] INFO  server.RaftServerConfigKeys (ConfUtils.java:logGet(43)) - raft.server.watch.timeout.denomination = 1s (default)
2019-10-15 04:21:22,052 [7be157f4-d73b-448e-8cd7-6469e73fa7ac@group-F3FF56657BA5-LeaderElection68] INFO  server.RaftServerConfigKeys (ConfUtils.java:logGet(43)) - raft.server.watch.element-limit = 65536 (default)
2019-10-15 04:21:22,054 [7be157f4-d73b-448e-8cd7-6469e73fa7ac@group-F3FF56657BA5-LeaderElection68] INFO  impl.RoleInfo (RoleInfo.java:updateAndGet(143)) - 7be157f4-d73b-448e-8cd7-6469e73fa7ac: start LeaderState
2019-10-15 04:21:22,054 [7be157f4-d73b-448e-8cd7-6469e73fa7ac@group-F3FF56657BA5-LeaderElection68] INFO  segmented.SegmentedRaftLogWorker (SegmentedRaftLogWorker.java:startLogSegment(385)) - 7be157f4-d73b-448e-8cd7-6469e73fa7ac@group-F3FF56657BA5-SegmentedRaftLogWorker: Starting segment from index:0
2019-10-15 04:21:22,054 [7be157f4-d73b-448e-8cd7-6469e73fa7ac@group-F3FF56657BA5-LeaderElection68] INFO  impl.RaftServerImpl (ServerState.java:setRaftConf(356)) - 7be157f4-d73b-448e-8cd7-6469e73fa7ac@group-F3FF56657BA5: set configuration 0: [7be157f4-d73b-448e-8cd7-6469e73fa7ac:192.168.151.112:42318], old=null at 0
2019-10-15 04:21:22,060 [4f07d5d1-48cc-45cb-b3e4-19ab413f427c@group-88B633E56C21-LeaderElection69] INFO  impl.LeaderElection (LeaderElection.java:askForVotes(178)) - 4f07d5d1-48cc-45cb-b3e4-19ab413f427c@group-88B633E56C21-LeaderElection69: begin an election at term 1 for -1: [4f07d5d1-48cc-45cb-b3e4-19ab413f427c:192.168.151.112:38258], old=null
2019-10-15 04:21:22,060 [4f07d5d1-48cc-45cb-b3e4-19ab413f427c@group-88B633E56C21-LeaderElection69] INFO  impl.RoleInfo (RoleInfo.java:shutdownLeaderElection(134)) - 4f07d5d1-48cc-45cb-b3e4-19ab413f427c: shutdown LeaderElection
2019-10-15 04:21:22,060 [4f07d5d1-48cc-45cb-b3e4-19ab413f427c@group-88B633E56C21-LeaderElection69] INFO  impl.RaftServerImpl (RaftServerImpl.java:setRole(170)) - 4f07d5d1-48cc-45cb-b3e4-19ab413f427c@group-88B633E56C21: changes role from CANDIDATE to LEADER at term 1 for changeToLeader
2019-10-15 04:21:22,060 [4f07d5d1-48cc-45cb-b3e4-19ab413f427c@group-88B633E56C21-LeaderElection69] INFO  impl.RaftServerImpl (ServerState.java:setLeader(255)) - 4f07d5d1-48cc-45cb-b3e4-19ab413f427c@group-88B633E56C21: change Leader from null to 4f07d5d1-48cc-45cb-b3e4-19ab413f427c at term 1 for becomeLeader, leader elected after 5093ms
2019-10-15 04:21:22,060 [4f07d5d1-48cc-45cb-b3e4-19ab413f427c@group-88B633E56C21-LeaderElection69] INFO  server.RaftServerConfigKeys (ConfUtils.java:logGet(43)) - raft.server.staging.catchup.gap = 1000 (default)
2019-10-15 04:21:22,060 [4f07d5d1-48cc-45cb-b3e4-19ab413f427c@group-88B633E56C21-LeaderElection69] INFO  server.RaftServerConfigKeys (ConfUtils.java:logGet(43)) - raft.server.rpc.sleep.time = 25ms (default)
2019-10-15 04:21:22,060 [4f07d5d1-48cc-45cb-b3e4-19ab413f427c@group-88B633E56C21-LeaderElection69] INFO  server.RaftServerConfigKeys (ConfUtils.java:logGet(43)) - raft.server.write.element-limit = 4096 (default)
2019-10-15 04:21:22,061 [4f07d5d1-48cc-45cb-b3e4-19ab413f427c@group-88B633E56C21-LeaderElection69] INFO  server.RaftServerConfigKeys (ConfUtils.java:logGet(43)) - raft.server.watch.timeout = 10s (default)
2019-10-15 04:21:22,061 [4f07d5d1-48cc-45cb-b3e4-19ab413f427c@group-88B633E56C21-LeaderElection69] INFO  server.RaftServerConfigKeys (ConfUtils.java:logGet(43)) - raft.server.watch.timeout.denomination = 1s (default)
2019-10-15 04:21:22,061 [4f07d5d1-48cc-45cb-b3e4-19ab413f427c@group-88B633E56C21-LeaderElection69] INFO  server.RaftServerConfigKeys (ConfUtils.java:logGet(43)) - raft.server.watch.element-limit = 65536 (default)
2019-10-15 04:21:22,062 [4f07d5d1-48cc-45cb-b3e4-19ab413f427c@group-88B633E56C21-LeaderElection69] INFO  impl.RoleInfo (RoleInfo.java:updateAndGet(143)) - 4f07d5d1-48cc-45cb-b3e4-19ab413f427c: start LeaderState
2019-10-15 04:21:22,062 [4f07d5d1-48cc-45cb-b3e4-19ab413f427c@group-88B633E56C21-LeaderElection69] INFO  segmented.SegmentedRaftLogWorker (SegmentedRaftLogWorker.java:startLogSegment(385)) - 4f07d5d1-48cc-45cb-b3e4-19ab413f427c@group-88B633E56C21-SegmentedRaftLogWorker: Starting segment from index:0
2019-10-15 04:21:22,063 [4f07d5d1-48cc-45cb-b3e4-19ab413f427c@group-88B633E56C21-LeaderElection69] INFO  impl.RaftServerImpl (ServerState.java:setRaftConf(356)) - 4f07d5d1-48cc-45cb-b3e4-19ab413f427c@group-88B633E56C21: set configuration 0: [4f07d5d1-48cc-45cb-b3e4-19ab413f427c:192.168.151.112:38258], old=null at 0
2019-10-15 04:21:22,127 [7be157f4-d73b-448e-8cd7-6469e73fa7ac@group-F3FF56657BA5-SegmentedRaftLogWorker] INFO  segmented.SegmentedRaftLogWorker (SegmentedRaftLogWorker.java:execute(574)) - 7be157f4-d73b-448e-8cd7-6469e73fa7ac@group-F3FF56657BA5-SegmentedRaftLogWorker: created new log segment /workdir/hadoop-ozone/integration-test/target/test-dir/MiniOzoneClusterImpl-4582359f-1f53-4b17-9dcb-8937d4b14848/datanode-4/data/ratis/7ec07e0e-d9b7-4c93-b359-f3ff56657ba5/current/log_inprogress_0
2019-10-15 04:21:22,127 [4f07d5d1-48cc-45cb-b3e4-19ab413f427c@group-88B633E56C21-SegmentedRaftLogWorker] INFO  segmented.SegmentedRaftLogWorker (SegmentedRaftLogWorker.java:execute(574)) - 4f07d5d1-48cc-45cb-b3e4-19ab413f427c@group-88B633E56C21-SegmentedRaftLogWorker: created new log segment /workdir/hadoop-ozone/integration-test/target/test-dir/MiniOzoneClusterImpl-4582359f-1f53-4b17-9dcb-8937d4b14848/datanode-6/data/ratis/4df04719-d71c-4d0f-8e3f-88b633e56c21/current/log_inprogress_0
2019-10-15 04:21:22,182 [Thread-2432] INFO  impl.FollowerState (FollowerState.java:run(108)) - 52fbfc08-63f7-48cc-855c-e048bc3c6967@group-88D59F24621E-FollowerState: change to CANDIDATE, lastRpcTime:5105ms, electionTimeout:5105ms
2019-10-15 04:21:22,182 [Thread-2432] INFO  impl.RoleInfo (RoleInfo.java:shutdownFollowerState(121)) - 52fbfc08-63f7-48cc-855c-e048bc3c6967: shutdown FollowerState
2019-10-15 04:21:22,183 [Thread-2432] INFO  impl.RaftServerImpl (RaftServerImpl.java:setRole(170)) - 52fbfc08-63f7-48cc-855c-e048bc3c6967@group-88D59F24621E: changes role from  FOLLOWER to CANDIDATE at term 0 for changeToCandidate
2019-10-15 04:21:22,183 [Thread-2432] INFO  impl.RoleInfo (RoleInfo.java:updateAndGet(143)) - 52fbfc08-63f7-48cc-855c-e048bc3c6967: start LeaderElection
2019-10-15 04:21:22,187 [Thread-2434] INFO  impl.FollowerState (FollowerState.java:run(108)) - a047aedb-2737-4041-818a-6d6a1738c372@group-88D59F24621E-FollowerState: change to CANDIDATE, lastRpcTime:5109ms, electionTimeout:5109ms
2019-10-15 04:21:22,193 [Thread-2434] INFO  impl.RoleInfo (RoleInfo.java:shutdownFollowerState(121)) - a047aedb-2737-4041-818a-6d6a1738c372: shutdown FollowerState
2019-10-15 04:21:22,194 [Thread-2434] INFO  impl.RaftServerImpl (RaftServerImpl.java:setRole(170)) - a047aedb-2737-4041-818a-6d6a1738c372@group-88D59F24621E: changes role from  FOLLOWER to CANDIDATE at term 0 for changeToCandidate
2019-10-15 04:21:22,194 [Thread-2434] INFO  impl.RoleInfo (RoleInfo.java:updateAndGet(143)) - a047aedb-2737-4041-818a-6d6a1738c372: start LeaderElection
2019-10-15 04:21:22,228 [a047aedb-2737-4041-818a-6d6a1738c372@group-88D59F24621E-LeaderElection71] INFO  impl.LeaderElection (LeaderElection.java:askForVotes(178)) - a047aedb-2737-4041-818a-6d6a1738c372@group-88D59F24621E-LeaderElection71: begin an election at term 1 for -1: [a047aedb-2737-4041-818a-6d6a1738c372:192.168.151.112:44285, 6e548805-b2c6-4eb0-be2a-269260f5db19:192.168.151.112:41243, 52fbfc08-63f7-48cc-855c-e048bc3c6967:192.168.151.112:33865], old=null
2019-10-15 04:21:22,228 [52fbfc08-63f7-48cc-855c-e048bc3c6967@group-88D59F24621E-LeaderElection70] INFO  impl.LeaderElection (LeaderElection.java:askForVotes(178)) - 52fbfc08-63f7-48cc-855c-e048bc3c6967@group-88D59F24621E-LeaderElection70: begin an election at term 1 for -1: [a047aedb-2737-4041-818a-6d6a1738c372:192.168.151.112:44285, 6e548805-b2c6-4eb0-be2a-269260f5db19:192.168.151.112:41243, 52fbfc08-63f7-48cc-855c-e048bc3c6967:192.168.151.112:33865], old=null
2019-10-15 04:21:22,232 [grpc-default-executor-9] INFO  impl.RaftServerImpl (RaftServerImpl.java:setRole(170)) - 6e548805-b2c6-4eb0-be2a-269260f5db19@group-88D59F24621E: changes role from  FOLLOWER to FOLLOWER at term 1 for recognizeCandidate:a047aedb-2737-4041-818a-6d6a1738c372
2019-10-15 04:21:22,232 [grpc-default-executor-9] INFO  impl.RoleInfo (RoleInfo.java:shutdownFollowerState(121)) - 6e548805-b2c6-4eb0-be2a-269260f5db19: shutdown FollowerState
2019-10-15 04:21:22,232 [grpc-default-executor-9] INFO  impl.RoleInfo (RoleInfo.java:updateAndGet(143)) - 6e548805-b2c6-4eb0-be2a-269260f5db19: start FollowerState
2019-10-15 04:21:22,232 [Thread-2435] INFO  impl.FollowerState (FollowerState.java:run(117)) - 6e548805-b2c6-4eb0-be2a-269260f5db19@group-88D59F24621E-FollowerState was interrupted: java.lang.InterruptedException: sleep interrupted
2019-10-15 04:21:22,271 [52fbfc08-63f7-48cc-855c-e048bc3c6967@group-88D59F24621E-LeaderElection70] INFO  impl.LeaderElection (LeaderElection.java:logAndReturn(56)) - 52fbfc08-63f7-48cc-855c-e048bc3c6967@group-88D59F24621E-LeaderElection70: Election REJECTED; received 2 response(s) [52fbfc08-63f7-48cc-855c-e048bc3c6967<-a047aedb-2737-4041-818a-6d6a1738c372#0:FAIL-t1, 52fbfc08-63f7-48cc-855c-e048bc3c6967<-6e548805-b2c6-4eb0-be2a-269260f5db19#0:FAIL-t1] and 0 exception(s); 52fbfc08-63f7-48cc-855c-e048bc3c6967@group-88D59F24621E:t1, leader=null, voted=52fbfc08-63f7-48cc-855c-e048bc3c6967, raftlog=52fbfc08-63f7-48cc-855c-e048bc3c6967@group-88D59F24621E-SegmentedRaftLog:OPENED:c-1,f-1,i0, conf=-1: [a047aedb-2737-4041-818a-6d6a1738c372:192.168.151.112:44285, 6e548805-b2c6-4eb0-be2a-269260f5db19:192.168.151.112:41243, 52fbfc08-63f7-48cc-855c-e048bc3c6967:192.168.151.112:33865], old=null
2019-10-15 04:21:22,271 [a047aedb-2737-4041-818a-6d6a1738c372@group-88D59F24621E-LeaderElection71] INFO  impl.LeaderElection (LeaderElection.java:logAndReturn(56)) - a047aedb-2737-4041-818a-6d6a1738c372@group-88D59F24621E-LeaderElection71: Election PASSED; received 2 response(s) [a047aedb-2737-4041-818a-6d6a1738c372<-6e548805-b2c6-4eb0-be2a-269260f5db19#0:OK-t1, a047aedb-2737-4041-818a-6d6a1738c372<-52fbfc08-63f7-48cc-855c-e048bc3c6967#0:FAIL-t1] and 0 exception(s); a047aedb-2737-4041-818a-6d6a1738c372@group-88D59F24621E:t1, leader=null, voted=a047aedb-2737-4041-818a-6d6a1738c372, raftlog=a047aedb-2737-4041-818a-6d6a1738c372@group-88D59F24621E-SegmentedRaftLog:OPENED:c-1,f-1,i0, conf=-1: [a047aedb-2737-4041-818a-6d6a1738c372:192.168.151.112:44285, 6e548805-b2c6-4eb0-be2a-269260f5db19:192.168.151.112:41243, 52fbfc08-63f7-48cc-855c-e048bc3c6967:192.168.151.112:33865], old=null
2019-10-15 04:21:22,271 [52fbfc08-63f7-48cc-855c-e048bc3c6967@group-88D59F24621E-LeaderElection70] INFO  impl.RaftServerImpl (RaftServerImpl.java:setRole(170)) - 52fbfc08-63f7-48cc-855c-e048bc3c6967@group-88D59F24621E: changes role from CANDIDATE to FOLLOWER at term 1 for DISCOVERED_A_NEW_TERM
2019-10-15 04:21:22,274 [52fbfc08-63f7-48cc-855c-e048bc3c6967@group-88D59F24621E-LeaderElection70] INFO  impl.RoleInfo (RoleInfo.java:shutdownLeaderElection(134)) - 52fbfc08-63f7-48cc-855c-e048bc3c6967: shutdown LeaderElection
2019-10-15 04:21:22,271 [a047aedb-2737-4041-818a-6d6a1738c372@group-88D59F24621E-LeaderElection71] INFO  impl.RoleInfo (RoleInfo.java:shutdownLeaderElection(134)) - a047aedb-2737-4041-818a-6d6a1738c372: shutdown LeaderElection
2019-10-15 04:21:22,276 [52fbfc08-63f7-48cc-855c-e048bc3c6967@group-88D59F24621E-LeaderElection70] INFO  impl.RoleInfo (RoleInfo.java:updateAndGet(143)) - 52fbfc08-63f7-48cc-855c-e048bc3c6967: start FollowerState
2019-10-15 04:21:22,276 [a047aedb-2737-4041-818a-6d6a1738c372@group-88D59F24621E-LeaderElection71] INFO  impl.RaftServerImpl (RaftServerImpl.java:setRole(170)) - a047aedb-2737-4041-818a-6d6a1738c372@group-88D59F24621E: changes role from CANDIDATE to LEADER at term 1 for changeToLeader
2019-10-15 04:21:22,276 [a047aedb-2737-4041-818a-6d6a1738c372@group-88D59F24621E-LeaderElection71] INFO  impl.RaftServerImpl (ServerState.java:setLeader(255)) - a047aedb-2737-4041-818a-6d6a1738c372@group-88D59F24621E: change Leader from null to a047aedb-2737-4041-818a-6d6a1738c372 at term 1 for becomeLeader, leader elected after 5208ms
2019-10-15 04:21:22,276 [a047aedb-2737-4041-818a-6d6a1738c372@group-88D59F24621E-LeaderElection71] INFO  server.RaftServerConfigKeys (ConfUtils.java:logGet(43)) - raft.server.staging.catchup.gap = 1000 (default)
2019-10-15 04:21:22,276 [a047aedb-2737-4041-818a-6d6a1738c372@group-88D59F24621E-LeaderElection71] INFO  server.RaftServerConfigKeys (ConfUtils.java:logGet(43)) - raft.server.rpc.sleep.time = 25ms (default)
2019-10-15 04:21:22,276 [a047aedb-2737-4041-818a-6d6a1738c372@group-88D59F24621E-LeaderElection71] INFO  server.RaftServerConfigKeys (ConfUtils.java:logGet(43)) - raft.server.write.element-limit = 4096 (default)
2019-10-15 04:21:22,276 [a047aedb-2737-4041-818a-6d6a1738c372@group-88D59F24621E-LeaderElection71] INFO  server.RaftServerConfigKeys (ConfUtils.java:logGet(43)) - raft.server.watch.timeout = 10s (default)
2019-10-15 04:21:22,277 [a047aedb-2737-4041-818a-6d6a1738c372@group-88D59F24621E-LeaderElection71] INFO  server.RaftServerConfigKeys (ConfUtils.java:logGet(43)) - raft.server.watch.timeout.denomination = 1s (default)
2019-10-15 04:21:22,277 [a047aedb-2737-4041-818a-6d6a1738c372@group-88D59F24621E-LeaderElection71] INFO  server.RaftServerConfigKeys (ConfUtils.java:logGet(43)) - raft.server.watch.element-limit = 65536 (default)
2019-10-15 04:21:22,278 [a047aedb-2737-4041-818a-6d6a1738c372@group-88D59F24621E-LeaderElection71] INFO  server.RaftServerConfigKeys (ConfUtils.java:logGet(43)) - raft.server.log.appender.snapshot.chunk.size.max = 16MB (=16777216) (default)
2019-10-15 04:21:22,278 [a047aedb-2737-4041-818a-6d6a1738c372@group-88D59F24621E-LeaderElection71] INFO  server.RaftServerConfigKeys (ConfUtils.java:logGet(43)) - raft.server.log.appender.buffer.byte-limit = 33554432 (custom)
2019-10-15 04:21:22,278 [a047aedb-2737-4041-818a-6d6a1738c372@group-88D59F24621E-LeaderElection71] INFO  server.RaftServerConfigKeys (ConfUtils.java:logGet(43)) - raft.server.log.appender.buffer.element-limit = 1 (custom)
2019-10-15 04:21:22,278 [a047aedb-2737-4041-818a-6d6a1738c372@group-88D59F24621E-LeaderElection71] INFO  grpc.GrpcConfigKeys$Server (ConfUtils.java:logGet(43)) - raft.grpc.server.leader.outstanding.appends.max = 128 (default)
2019-10-15 04:21:22,278 [a047aedb-2737-4041-818a-6d6a1738c372@group-88D59F24621E-LeaderElection71] INFO  server.RaftServerConfigKeys (ConfUtils.java:logGet(43)) - raft.server.rpc.request.timeout = 3000ms (default)
2019-10-15 04:21:22,279 [a047aedb-2737-4041-818a-6d6a1738c372@group-88D59F24621E-LeaderElection71] INFO  server.RaftServerConfigKeys (ConfUtils.java:logGet(43)) - raft.server.log.appender.install.snapshot.enabled = false (custom)
2019-10-15 04:21:22,279 [a047aedb-2737-4041-818a-6d6a1738c372@group-88D59F24621E-LeaderElection71] INFO  server.RaftServerConfigKeys (ConfUtils.java:logGet(43)) - raft.server.log.appender.snapshot.chunk.size.max = 16MB (=16777216) (default)
2019-10-15 04:21:22,279 [a047aedb-2737-4041-818a-6d6a1738c372@group-88D59F24621E-LeaderElection71] INFO  server.RaftServerConfigKeys (ConfUtils.java:logGet(43)) - raft.server.log.appender.buffer.byte-limit = 33554432 (custom)
2019-10-15 04:21:22,279 [a047aedb-2737-4041-818a-6d6a1738c372@group-88D59F24621E-LeaderElection71] INFO  server.RaftServerConfigKeys (ConfUtils.java:logGet(43)) - raft.server.log.appender.buffer.element-limit = 1 (custom)
2019-10-15 04:21:22,279 [a047aedb-2737-4041-818a-6d6a1738c372@group-88D59F24621E-LeaderElection71] INFO  grpc.GrpcConfigKeys$Server (ConfUtils.java:logGet(43)) - raft.grpc.server.leader.outstanding.appends.max = 128 (default)
2019-10-15 04:21:22,279 [a047aedb-2737-4041-818a-6d6a1738c372@group-88D59F24621E-LeaderElection71] INFO  server.RaftServerConfigKeys (ConfUtils.java:logGet(43)) - raft.server.rpc.request.timeout = 3000ms (default)
2019-10-15 04:21:22,279 [a047aedb-2737-4041-818a-6d6a1738c372@group-88D59F24621E-LeaderElection71] INFO  server.RaftServerConfigKeys (ConfUtils.java:logGet(43)) - raft.server.log.appender.install.snapshot.enabled = false (custom)
2019-10-15 04:21:22,279 [a047aedb-2737-4041-818a-6d6a1738c372@group-88D59F24621E-LeaderElection71] INFO  impl.RoleInfo (RoleInfo.java:updateAndGet(143)) - a047aedb-2737-4041-818a-6d6a1738c372: start LeaderState
2019-10-15 04:21:22,280 [a047aedb-2737-4041-818a-6d6a1738c372@group-88D59F24621E-LeaderElection71] INFO  segmented.SegmentedRaftLogWorker (SegmentedRaftLogWorker.java:startLogSegment(385)) - a047aedb-2737-4041-818a-6d6a1738c372@group-88D59F24621E-SegmentedRaftLogWorker: Starting segment from index:0
2019-10-15 04:21:22,280 [a047aedb-2737-4041-818a-6d6a1738c372@group-88D59F24621E-LeaderElection71] INFO  impl.RaftServerImpl (ServerState.java:setRaftConf(356)) - a047aedb-2737-4041-818a-6d6a1738c372@group-88D59F24621E: set configuration 0: [a047aedb-2737-4041-818a-6d6a1738c372:192.168.151.112:44285, 6e548805-b2c6-4eb0-be2a-269260f5db19:192.168.151.112:41243, 52fbfc08-63f7-48cc-855c-e048bc3c6967:192.168.151.112:33865], old=null at 0
2019-10-15 04:21:22,282 [grpc-default-executor-9] INFO  impl.RaftServerImpl (ServerState.java:setLeader(255)) - 6e548805-b2c6-4eb0-be2a-269260f5db19@group-88D59F24621E: change Leader from null to a047aedb-2737-4041-818a-6d6a1738c372 at term 1 for appendEntries, leader elected after 5214ms
2019-10-15 04:21:22,283 [grpc-default-executor-9] INFO  impl.RaftServerImpl (ServerState.java:setLeader(255)) - 52fbfc08-63f7-48cc-855c-e048bc3c6967@group-88D59F24621E: change Leader from null to a047aedb-2737-4041-818a-6d6a1738c372 at term 1 for appendEntries, leader elected after 5215ms
2019-10-15 04:21:22,284 [grpc-default-executor-9] INFO  impl.RaftServerImpl (ServerState.java:setRaftConf(356)) - 6e548805-b2c6-4eb0-be2a-269260f5db19@group-88D59F24621E: set configuration 0: [a047aedb-2737-4041-818a-6d6a1738c372:192.168.151.112:44285, 6e548805-b2c6-4eb0-be2a-269260f5db19:192.168.151.112:41243, 52fbfc08-63f7-48cc-855c-e048bc3c6967:192.168.151.112:33865], old=null at 0
2019-10-15 04:21:22,285 [grpc-default-executor-9] INFO  segmented.SegmentedRaftLogWorker (SegmentedRaftLogWorker.java:startLogSegment(385)) - 6e548805-b2c6-4eb0-be2a-269260f5db19@group-88D59F24621E-SegmentedRaftLogWorker: Starting segment from index:0
2019-10-15 04:21:22,285 [grpc-default-executor-7] INFO  impl.RaftServerImpl (ServerState.java:setRaftConf(356)) - 52fbfc08-63f7-48cc-855c-e048bc3c6967@group-88D59F24621E: set configuration 0: [a047aedb-2737-4041-818a-6d6a1738c372:192.168.151.112:44285, 6e548805-b2c6-4eb0-be2a-269260f5db19:192.168.151.112:41243, 52fbfc08-63f7-48cc-855c-e048bc3c6967:192.168.151.112:33865], old=null at 0
2019-10-15 04:21:22,285 [grpc-default-executor-7] INFO  segmented.SegmentedRaftLogWorker (SegmentedRaftLogWorker.java:startLogSegment(385)) - 52fbfc08-63f7-48cc-855c-e048bc3c6967@group-88D59F24621E-SegmentedRaftLogWorker: Starting segment from index:0
2019-10-15 04:21:22,335 [Thread-2445] INFO  impl.FollowerState (FollowerState.java:run(108)) - 7be157f4-d73b-448e-8cd7-6469e73fa7ac@group-5EAA2AFB8070-FollowerState: change to CANDIDATE, lastRpcTime:5114ms, electionTimeout:5114ms
2019-10-15 04:21:22,335 [Thread-2445] INFO  impl.RoleInfo (RoleInfo.java:shutdownFollowerState(121)) - 7be157f4-d73b-448e-8cd7-6469e73fa7ac: shutdown FollowerState
2019-10-15 04:21:22,335 [Thread-2445] INFO  impl.RaftServerImpl (RaftServerImpl.java:setRole(170)) - 7be157f4-d73b-448e-8cd7-6469e73fa7ac@group-5EAA2AFB8070: changes role from  FOLLOWER to CANDIDATE at term 0 for changeToCandidate
2019-10-15 04:21:22,335 [Thread-2445] INFO  impl.RoleInfo (RoleInfo.java:updateAndGet(143)) - 7be157f4-d73b-448e-8cd7-6469e73fa7ac: start LeaderElection
2019-10-15 04:21:22,341 [Thread-2443] INFO  impl.FollowerState (FollowerState.java:run(108)) - e5145cd3-4f68-44c8-b3e3-52f0b3be5370@group-5EAA2AFB8070-FollowerState: change to CANDIDATE, lastRpcTime:5120ms, electionTimeout:5120ms
2019-10-15 04:21:22,341 [Thread-2441] INFO  impl.FollowerState (FollowerState.java:run(108)) - b5bd5611-4c64-4c62-892e-835ab3bfeaeb@group-5EAA2AFB8070-FollowerState: change to CANDIDATE, lastRpcTime:5126ms, electionTimeout:5123ms
2019-10-15 04:21:22,341 [Thread-2443] INFO  impl.RoleInfo (RoleInfo.java:shutdownFollowerState(121)) - e5145cd3-4f68-44c8-b3e3-52f0b3be5370: shutdown FollowerState
2019-10-15 04:21:22,341 [Thread-2441] INFO  impl.RoleInfo (RoleInfo.java:shutdownFollowerState(121)) - b5bd5611-4c64-4c62-892e-835ab3bfeaeb: shutdown FollowerState
2019-10-15 04:21:22,341 [Thread-2443] INFO  impl.RaftServerImpl (RaftServerImpl.java:setRole(170)) - e5145cd3-4f68-44c8-b3e3-52f0b3be5370@group-5EAA2AFB8070: changes role from  FOLLOWER to CANDIDATE at term 0 for changeToCandidate
2019-10-15 04:21:22,341 [Thread-2441] INFO  impl.RaftServerImpl (RaftServerImpl.java:setRole(170)) - b5bd5611-4c64-4c62-892e-835ab3bfeaeb@group-5EAA2AFB8070: changes role from  FOLLOWER to CANDIDATE at term 0 for changeToCandidate
2019-10-15 04:21:22,341 [Thread-2443] INFO  impl.RoleInfo (RoleInfo.java:updateAndGet(143)) - e5145cd3-4f68-44c8-b3e3-52f0b3be5370: start LeaderElection
2019-10-15 04:21:22,341 [Thread-2441] INFO  impl.RoleInfo (RoleInfo.java:updateAndGet(143)) - b5bd5611-4c64-4c62-892e-835ab3bfeaeb: start LeaderElection
2019-10-15 04:21:22,362 [6e548805-b2c6-4eb0-be2a-269260f5db19@group-88D59F24621E-SegmentedRaftLogWorker] INFO  segmented.SegmentedRaftLogWorker (SegmentedRaftLogWorker.java:execute(574)) - 6e548805-b2c6-4eb0-be2a-269260f5db19@group-88D59F24621E-SegmentedRaftLogWorker: created new log segment /workdir/hadoop-ozone/integration-test/target/test-dir/MiniOzoneClusterImpl-4582359f-1f53-4b17-9dcb-8937d4b14848/datanode-3/data/ratis/166b0d43-da49-44e4-8ee7-88d59f24621e/current/log_inprogress_0
2019-10-15 04:21:22,362 [a047aedb-2737-4041-818a-6d6a1738c372@group-88D59F24621E-SegmentedRaftLogWorker] INFO  segmented.SegmentedRaftLogWorker (SegmentedRaftLogWorker.java:execute(574)) - a047aedb-2737-4041-818a-6d6a1738c372@group-88D59F24621E-SegmentedRaftLogWorker: created new log segment /workdir/hadoop-ozone/integration-test/target/test-dir/MiniOzoneClusterImpl-4582359f-1f53-4b17-9dcb-8937d4b14848/datanode-5/data/ratis/166b0d43-da49-44e4-8ee7-88d59f24621e/current/log_inprogress_0
2019-10-15 04:21:22,362 [52fbfc08-63f7-48cc-855c-e048bc3c6967@group-88D59F24621E-SegmentedRaftLogWorker] INFO  segmented.SegmentedRaftLogWorker (SegmentedRaftLogWorker.java:execute(574)) - 52fbfc08-63f7-48cc-855c-e048bc3c6967@group-88D59F24621E-SegmentedRaftLogWorker: created new log segment /workdir/hadoop-ozone/integration-test/target/test-dir/MiniOzoneClusterImpl-4582359f-1f53-4b17-9dcb-8937d4b14848/datanode-1/data/ratis/166b0d43-da49-44e4-8ee7-88d59f24621e/current/log_inprogress_0
2019-10-15 04:21:22,396 [b5bd5611-4c64-4c62-892e-835ab3bfeaeb@group-5EAA2AFB8070-LeaderElection74] INFO  impl.LeaderElection (LeaderElection.java:askForVotes(178)) - b5bd5611-4c64-4c62-892e-835ab3bfeaeb@group-5EAA2AFB8070-LeaderElection74: begin an election at term 1 for -1: [e5145cd3-4f68-44c8-b3e3-52f0b3be5370:192.168.151.112:39797, 7be157f4-d73b-448e-8cd7-6469e73fa7ac:192.168.151.112:42318, b5bd5611-4c64-4c62-892e-835ab3bfeaeb:192.168.151.112:36250], old=null
2019-10-15 04:21:22,396 [7be157f4-d73b-448e-8cd7-6469e73fa7ac@group-5EAA2AFB8070-LeaderElection72] INFO  impl.LeaderElection (LeaderElection.java:askForVotes(178)) - 7be157f4-d73b-448e-8cd7-6469e73fa7ac@group-5EAA2AFB8070-LeaderElection72: begin an election at term 1 for -1: [e5145cd3-4f68-44c8-b3e3-52f0b3be5370:192.168.151.112:39797, 7be157f4-d73b-448e-8cd7-6469e73fa7ac:192.168.151.112:42318, b5bd5611-4c64-4c62-892e-835ab3bfeaeb:192.168.151.112:36250], old=null
2019-10-15 04:21:22,396 [e5145cd3-4f68-44c8-b3e3-52f0b3be5370@group-5EAA2AFB8070-LeaderElection73] INFO  impl.LeaderElection (LeaderElection.java:askForVotes(178)) - e5145cd3-4f68-44c8-b3e3-52f0b3be5370@group-5EAA2AFB8070-LeaderElection73: begin an election at term 1 for -1: [e5145cd3-4f68-44c8-b3e3-52f0b3be5370:192.168.151.112:39797, 7be157f4-d73b-448e-8cd7-6469e73fa7ac:192.168.151.112:42318, b5bd5611-4c64-4c62-892e-835ab3bfeaeb:192.168.151.112:36250], old=null
2019-10-15 04:21:22,402 [b5bd5611-4c64-4c62-892e-835ab3bfeaeb@group-5EAA2AFB8070-LeaderElection74] INFO  impl.LeaderElection (LeaderElection.java:logAndReturn(56)) - b5bd5611-4c64-4c62-892e-835ab3bfeaeb@group-5EAA2AFB8070-LeaderElection74: Election REJECTED; received 2 response(s) [b5bd5611-4c64-4c62-892e-835ab3bfeaeb<-e5145cd3-4f68-44c8-b3e3-52f0b3be5370#0:FAIL-t1, b5bd5611-4c64-4c62-892e-835ab3bfeaeb<-7be157f4-d73b-448e-8cd7-6469e73fa7ac#0:FAIL-t1] and 0 exception(s); b5bd5611-4c64-4c62-892e-835ab3bfeaeb@group-5EAA2AFB8070:t1, leader=null, voted=b5bd5611-4c64-4c62-892e-835ab3bfeaeb, raftlog=b5bd5611-4c64-4c62-892e-835ab3bfeaeb@group-5EAA2AFB8070-SegmentedRaftLog:OPENED:c-1,f-1,i0, conf=-1: [e5145cd3-4f68-44c8-b3e3-52f0b3be5370:192.168.151.112:39797, 7be157f4-d73b-448e-8cd7-6469e73fa7ac:192.168.151.112:42318, b5bd5611-4c64-4c62-892e-835ab3bfeaeb:192.168.151.112:36250], old=null
2019-10-15 04:21:22,403 [b5bd5611-4c64-4c62-892e-835ab3bfeaeb@group-5EAA2AFB8070-LeaderElection74] INFO  impl.RaftServerImpl (RaftServerImpl.java:setRole(170)) - b5bd5611-4c64-4c62-892e-835ab3bfeaeb@group-5EAA2AFB8070: changes role from CANDIDATE to FOLLOWER at term 1 for DISCOVERED_A_NEW_TERM
2019-10-15 04:21:22,403 [b5bd5611-4c64-4c62-892e-835ab3bfeaeb@group-5EAA2AFB8070-LeaderElection74] INFO  impl.RoleInfo (RoleInfo.java:shutdownLeaderElection(134)) - b5bd5611-4c64-4c62-892e-835ab3bfeaeb: shutdown LeaderElection
2019-10-15 04:21:22,403 [b5bd5611-4c64-4c62-892e-835ab3bfeaeb@group-5EAA2AFB8070-LeaderElection74] INFO  impl.RoleInfo (RoleInfo.java:updateAndGet(143)) - b5bd5611-4c64-4c62-892e-835ab3bfeaeb: start FollowerState
2019-10-15 04:21:22,404 [7be157f4-d73b-448e-8cd7-6469e73fa7ac@group-5EAA2AFB8070-LeaderElection72] INFO  impl.LeaderElection (LeaderElection.java:logAndReturn(56)) - 7be157f4-d73b-448e-8cd7-6469e73fa7ac@group-5EAA2AFB8070-LeaderElection72: Election REJECTED; received 2 response(s) [7be157f4-d73b-448e-8cd7-6469e73fa7ac<-e5145cd3-4f68-44c8-b3e3-52f0b3be5370#0:FAIL-t1, 7be157f4-d73b-448e-8cd7-6469e73fa7ac<-b5bd5611-4c64-4c62-892e-835ab3bfeaeb#0:FAIL-t1] and 0 exception(s); 7be157f4-d73b-448e-8cd7-6469e73fa7ac@group-5EAA2AFB8070:t1, leader=null, voted=7be157f4-d73b-448e-8cd7-6469e73fa7ac, raftlog=7be157f4-d73b-448e-8cd7-6469e73fa7ac@group-5EAA2AFB8070-SegmentedRaftLog:OPENED:c-1,f-1,i0, conf=-1: [e5145cd3-4f68-44c8-b3e3-52f0b3be5370:192.168.151.112:39797, 7be157f4-d73b-448e-8cd7-6469e73fa7ac:192.168.151.112:42318, b5bd5611-4c64-4c62-892e-835ab3bfeaeb:192.168.151.112:36250], old=null
2019-10-15 04:21:22,407 [7be157f4-d73b-448e-8cd7-6469e73fa7ac@group-5EAA2AFB8070-LeaderElection72] INFO  impl.RaftServerImpl (RaftServerImpl.java:setRole(170)) - 7be157f4-d73b-448e-8cd7-6469e73fa7ac@group-5EAA2AFB8070: changes role from CANDIDATE to FOLLOWER at term 1 for DISCOVERED_A_NEW_TERM
2019-10-15 04:21:22,407 [7be157f4-d73b-448e-8cd7-6469e73fa7ac@group-5EAA2AFB8070-LeaderElection72] INFO  impl.RoleInfo (RoleInfo.java:shutdownLeaderElection(134)) - 7be157f4-d73b-448e-8cd7-6469e73fa7ac: shutdown LeaderElection
2019-10-15 04:21:22,407 [e5145cd3-4f68-44c8-b3e3-52f0b3be5370@group-5EAA2AFB8070-LeaderElection73] INFO  impl.LeaderElection (LeaderElection.java:logAndReturn(56)) - e5145cd3-4f68-44c8-b3e3-52f0b3be5370@group-5EAA2AFB8070-LeaderElection73: Election REJECTED; received 2 response(s) [e5145cd3-4f68-44c8-b3e3-52f0b3be5370<-7be157f4-d73b-448e-8cd7-6469e73fa7ac#0:FAIL-t1, e5145cd3-4f68-44c8-b3e3-52f0b3be5370<-b5bd5611-4c64-4c62-892e-835ab3bfeaeb#0:FAIL-t1] and 0 exception(s); e5145cd3-4f68-44c8-b3e3-52f0b3be5370@group-5EAA2AFB8070:t1, leader=null, voted=e5145cd3-4f68-44c8-b3e3-52f0b3be5370, raftlog=e5145cd3-4f68-44c8-b3e3-52f0b3be5370@group-5EAA2AFB8070-SegmentedRaftLog:OPENED:c-1,f-1,i0, conf=-1: [e5145cd3-4f68-44c8-b3e3-52f0b3be5370:192.168.151.112:39797, 7be157f4-d73b-448e-8cd7-6469e73fa7ac:192.168.151.112:42318, b5bd5611-4c64-4c62-892e-835ab3bfeaeb:192.168.151.112:36250], old=null
2019-10-15 04:21:22,408 [7be157f4-d73b-448e-8cd7-6469e73fa7ac@group-5EAA2AFB8070-LeaderElection72] INFO  impl.RoleInfo (RoleInfo.java:updateAndGet(143)) - 7be157f4-d73b-448e-8cd7-6469e73fa7ac: start FollowerState
2019-10-15 04:21:22,411 [e5145cd3-4f68-44c8-b3e3-52f0b3be5370@group-5EAA2AFB8070-LeaderElection73] INFO  impl.RaftServerImpl (RaftServerImpl.java:setRole(170)) - e5145cd3-4f68-44c8-b3e3-52f0b3be5370@group-5EAA2AFB8070: changes role from CANDIDATE to FOLLOWER at term 1 for DISCOVERED_A_NEW_TERM
2019-10-15 04:21:22,414 [e5145cd3-4f68-44c8-b3e3-52f0b3be5370@group-5EAA2AFB8070-LeaderElection73] INFO  impl.RoleInfo (RoleInfo.java:shutdownLeaderElection(134)) - e5145cd3-4f68-44c8-b3e3-52f0b3be5370: shutdown LeaderElection
2019-10-15 04:21:22,414 [e5145cd3-4f68-44c8-b3e3-52f0b3be5370@group-5EAA2AFB8070-LeaderElection73] INFO  impl.RoleInfo (RoleInfo.java:updateAndGet(143)) - e5145cd3-4f68-44c8-b3e3-52f0b3be5370: start FollowerState
2019-10-15 04:21:25,685 [Datanode State Machine Thread - 0] INFO  statemachine.DatanodeStateMachine (DatanodeStateMachine.java:lambda$startDaemon$0(350)) - Ozone container server started.
2019-10-15 04:21:27,459 [Thread-2506] INFO  impl.FollowerState (FollowerState.java:run(108)) - e5145cd3-4f68-44c8-b3e3-52f0b3be5370@group-5EAA2AFB8070-FollowerState: change to CANDIDATE, lastRpcTime:5044ms, electionTimeout:5044ms
2019-10-15 04:21:27,459 [Thread-2506] INFO  impl.RoleInfo (RoleInfo.java:shutdownFollowerState(121)) - e5145cd3-4f68-44c8-b3e3-52f0b3be5370: shutdown FollowerState
2019-10-15 04:21:27,459 [Thread-2506] INFO  impl.RaftServerImpl (RaftServerImpl.java:setRole(170)) - e5145cd3-4f68-44c8-b3e3-52f0b3be5370@group-5EAA2AFB8070: changes role from  FOLLOWER to CANDIDATE at term 1 for changeToCandidate
2019-10-15 04:21:27,460 [Thread-2506] INFO  impl.RoleInfo (RoleInfo.java:updateAndGet(143)) - e5145cd3-4f68-44c8-b3e3-52f0b3be5370: start LeaderElection
2019-10-15 04:21:27,486 [e5145cd3-4f68-44c8-b3e3-52f0b3be5370@group-5EAA2AFB8070-LeaderElection75] INFO  impl.LeaderElection (LeaderElection.java:askForVotes(178)) - e5145cd3-4f68-44c8-b3e3-52f0b3be5370@group-5EAA2AFB8070-LeaderElection75: begin an election at term 2 for -1: [e5145cd3-4f68-44c8-b3e3-52f0b3be5370:192.168.151.112:39797, 7be157f4-d73b-448e-8cd7-6469e73fa7ac:192.168.151.112:42318, b5bd5611-4c64-4c62-892e-835ab3bfeaeb:192.168.151.112:36250], old=null
2019-10-15 04:21:27,489 [grpc-default-executor-9] INFO  impl.RaftServerImpl (RaftServerImpl.java:setRole(170)) - 7be157f4-d73b-448e-8cd7-6469e73fa7ac@group-5EAA2AFB8070: changes role from  FOLLOWER to FOLLOWER at term 2 for recognizeCandidate:e5145cd3-4f68-44c8-b3e3-52f0b3be5370
2019-10-15 04:21:27,489 [grpc-default-executor-3] INFO  impl.RaftServerImpl (RaftServerImpl.java:setRole(170)) - b5bd5611-4c64-4c62-892e-835ab3bfeaeb@group-5EAA2AFB8070: changes role from  FOLLOWER to FOLLOWER at term 2 for recognizeCandidate:e5145cd3-4f68-44c8-b3e3-52f0b3be5370
2019-10-15 04:21:27,489 [grpc-default-executor-9] INFO  impl.RoleInfo (RoleInfo.java:shutdownFollowerState(121)) - 7be157f4-d73b-448e-8cd7-6469e73fa7ac: shutdown FollowerState
2019-10-15 04:21:27,490 [grpc-default-executor-3] INFO  impl.RoleInfo (RoleInfo.java:shutdownFollowerState(121)) - b5bd5611-4c64-4c62-892e-835ab3bfeaeb: shutdown FollowerState
2019-10-15 04:21:27,490 [grpc-default-executor-9] INFO  impl.RoleInfo (RoleInfo.java:updateAndGet(143)) - 7be157f4-d73b-448e-8cd7-6469e73fa7ac: start FollowerState
2019-10-15 04:21:27,490 [grpc-default-executor-3] INFO  impl.RoleInfo (RoleInfo.java:updateAndGet(143)) - b5bd5611-4c64-4c62-892e-835ab3bfeaeb: start FollowerState
2019-10-15 04:21:27,490 [Thread-2504] INFO  impl.FollowerState (FollowerState.java:run(117)) - b5bd5611-4c64-4c62-892e-835ab3bfeaeb@group-5EAA2AFB8070-FollowerState was interrupted: java.lang.InterruptedException: sleep interrupted
2019-10-15 04:21:27,490 [Thread-2505] INFO  impl.FollowerState (FollowerState.java:run(117)) - 7be157f4-d73b-448e-8cd7-6469e73fa7ac@group-5EAA2AFB8070-FollowerState was interrupted: java.lang.InterruptedException: sleep interrupted
2019-10-15 04:21:27,512 [e5145cd3-4f68-44c8-b3e3-52f0b3be5370@group-5EAA2AFB8070-LeaderElection75] INFO  impl.LeaderElection (LeaderElection.java:logAndReturn(56)) - e5145cd3-4f68-44c8-b3e3-52f0b3be5370@group-5EAA2AFB8070-LeaderElection75: Election PASSED; received 1 response(s) [e5145cd3-4f68-44c8-b3e3-52f0b3be5370<-b5bd5611-4c64-4c62-892e-835ab3bfeaeb#0:OK-t2] and 0 exception(s); e5145cd3-4f68-44c8-b3e3-52f0b3be5370@group-5EAA2AFB8070:t2, leader=null, voted=e5145cd3-4f68-44c8-b3e3-52f0b3be5370, raftlog=e5145cd3-4f68-44c8-b3e3-52f0b3be5370@group-5EAA2AFB8070-SegmentedRaftLog:OPENED:c-1,f-1,i0, conf=-1: [e5145cd3-4f68-44c8-b3e3-52f0b3be5370:192.168.151.112:39797, 7be157f4-d73b-448e-8cd7-6469e73fa7ac:192.168.151.112:42318, b5bd5611-4c64-4c62-892e-835ab3bfeaeb:192.168.151.112:36250], old=null
2019-10-15 04:21:27,513 [e5145cd3-4f68-44c8-b3e3-52f0b3be5370@group-5EAA2AFB8070-LeaderElection75] INFO  impl.RoleInfo (RoleInfo.java:shutdownLeaderElection(134)) - e5145cd3-4f68-44c8-b3e3-52f0b3be5370: shutdown LeaderElection
2019-10-15 04:21:27,513 [e5145cd3-4f68-44c8-b3e3-52f0b3be5370@group-5EAA2AFB8070-LeaderElection75] INFO  impl.RaftServerImpl (RaftServerImpl.java:setRole(170)) - e5145cd3-4f68-44c8-b3e3-52f0b3be5370@group-5EAA2AFB8070: changes role from CANDIDATE to LEADER at term 2 for changeToLeader
2019-10-15 04:21:27,513 [e5145cd3-4f68-44c8-b3e3-52f0b3be5370@group-5EAA2AFB8070-LeaderElection75] INFO  impl.RaftServerImpl (ServerState.java:setLeader(255)) - e5145cd3-4f68-44c8-b3e3-52f0b3be5370@group-5EAA2AFB8070: change Leader from null to e5145cd3-4f68-44c8-b3e3-52f0b3be5370 at term 2 for becomeLeader, leader elected after 10310ms
2019-10-15 04:21:27,513 [e5145cd3-4f68-44c8-b3e3-52f0b3be5370@group-5EAA2AFB8070-LeaderElection75] INFO  server.RaftServerConfigKeys (ConfUtils.java:logGet(43)) - raft.server.staging.catchup.gap = 1000 (default)
2019-10-15 04:21:27,513 [e5145cd3-4f68-44c8-b3e3-52f0b3be5370@group-5EAA2AFB8070-LeaderElection75] INFO  server.RaftServerConfigKeys (ConfUtils.java:logGet(43)) - raft.server.rpc.sleep.time = 25ms (default)
2019-10-15 04:21:27,514 [e5145cd3-4f68-44c8-b3e3-52f0b3be5370@group-5EAA2AFB8070-LeaderElection75] INFO  server.RaftServerConfigKeys (ConfUtils.java:logGet(43)) - raft.server.write.element-limit = 4096 (default)
2019-10-15 04:21:27,514 [e5145cd3-4f68-44c8-b3e3-52f0b3be5370@group-5EAA2AFB8070-LeaderElection75] INFO  server.RaftServerConfigKeys (ConfUtils.java:logGet(43)) - raft.server.watch.timeout = 10s (default)
2019-10-15 04:21:27,514 [e5145cd3-4f68-44c8-b3e3-52f0b3be5370@group-5EAA2AFB8070-LeaderElection75] INFO  server.RaftServerConfigKeys (ConfUtils.java:logGet(43)) - raft.server.watch.timeout.denomination = 1s (default)
2019-10-15 04:21:27,514 [e5145cd3-4f68-44c8-b3e3-52f0b3be5370@group-5EAA2AFB8070-LeaderElection75] INFO  server.RaftServerConfigKeys (ConfUtils.java:logGet(43)) - raft.server.watch.element-limit = 65536 (default)
2019-10-15 04:21:27,516 [e5145cd3-4f68-44c8-b3e3-52f0b3be5370@group-5EAA2AFB8070-LeaderElection75] INFO  server.RaftServerConfigKeys (ConfUtils.java:logGet(43)) - raft.server.log.appender.snapshot.chunk.size.max = 16MB (=16777216) (default)
2019-10-15 04:21:27,516 [e5145cd3-4f68-44c8-b3e3-52f0b3be5370@group-5EAA2AFB8070-LeaderElection75] INFO  server.RaftServerConfigKeys (ConfUtils.java:logGet(43)) - raft.server.log.appender.buffer.byte-limit = 33554432 (custom)
2019-10-15 04:21:27,516 [e5145cd3-4f68-44c8-b3e3-52f0b3be5370@group-5EAA2AFB8070-LeaderElection75] INFO  server.RaftServerConfigKeys (ConfUtils.java:logGet(43)) - raft.server.log.appender.buffer.element-limit = 1 (custom)
2019-10-15 04:21:27,516 [e5145cd3-4f68-44c8-b3e3-52f0b3be5370@group-5EAA2AFB8070-LeaderElection75] INFO  grpc.GrpcConfigKeys$Server (ConfUtils.java:logGet(43)) - raft.grpc.server.leader.outstanding.appends.max = 128 (default)
2019-10-15 04:21:27,517 [e5145cd3-4f68-44c8-b3e3-52f0b3be5370@group-5EAA2AFB8070-LeaderElection75] INFO  server.RaftServerConfigKeys (ConfUtils.java:logGet(43)) - raft.server.rpc.request.timeout = 3000ms (default)
2019-10-15 04:21:27,517 [e5145cd3-4f68-44c8-b3e3-52f0b3be5370@group-5EAA2AFB8070-LeaderElection75] INFO  server.RaftServerConfigKeys (ConfUtils.java:logGet(43)) - raft.server.log.appender.install.snapshot.enabled = false (custom)
2019-10-15 04:21:27,517 [e5145cd3-4f68-44c8-b3e3-52f0b3be5370@group-5EAA2AFB8070-LeaderElection75] INFO  server.RaftServerConfigKeys (ConfUtils.java:logGet(43)) - raft.server.log.appender.snapshot.chunk.size.max = 16MB (=16777216) (default)
2019-10-15 04:21:27,517 [e5145cd3-4f68-44c8-b3e3-52f0b3be5370@group-5EAA2AFB8070-LeaderElection75] INFO  server.RaftServerConfigKeys (ConfUtils.java:logGet(43)) - raft.server.log.appender.buffer.byte-limit = 33554432 (custom)
2019-10-15 04:21:27,517 [e5145cd3-4f68-44c8-b3e3-52f0b3be5370@group-5EAA2AFB8070-LeaderElection75] INFO  server.RaftServerConfigKeys (ConfUtils.java:logGet(43)) - raft.server.log.appender.buffer.element-limit = 1 (custom)
2019-10-15 04:21:27,517 [e5145cd3-4f68-44c8-b3e3-52f0b3be5370@group-5EAA2AFB8070-LeaderElection75] INFO  grpc.GrpcConfigKeys$Server (ConfUtils.java:logGet(43)) - raft.grpc.server.leader.outstanding.appends.max = 128 (default)
2019-10-15 04:21:27,517 [e5145cd3-4f68-44c8-b3e3-52f0b3be5370@group-5EAA2AFB8070-LeaderElection75] INFO  server.RaftServerConfigKeys (ConfUtils.java:logGet(43)) - raft.server.rpc.request.timeout = 3000ms (default)
2019-10-15 04:21:27,518 [e5145cd3-4f68-44c8-b3e3-52f0b3be5370@group-5EAA2AFB8070-LeaderElection75] INFO  server.RaftServerConfigKeys (ConfUtils.java:logGet(43)) - raft.server.log.appender.install.snapshot.enabled = false (custom)
2019-10-15 04:21:27,518 [e5145cd3-4f68-44c8-b3e3-52f0b3be5370@group-5EAA2AFB8070-LeaderElection75] INFO  impl.RoleInfo (RoleInfo.java:updateAndGet(143)) - e5145cd3-4f68-44c8-b3e3-52f0b3be5370: start LeaderState
2019-10-15 04:21:27,518 [e5145cd3-4f68-44c8-b3e3-52f0b3be5370@group-5EAA2AFB8070-LeaderElection75] INFO  segmented.SegmentedRaftLogWorker (SegmentedRaftLogWorker.java:startLogSegment(385)) - e5145cd3-4f68-44c8-b3e3-52f0b3be5370@group-5EAA2AFB8070-SegmentedRaftLogWorker: Starting segment from index:0
2019-10-15 04:21:27,519 [e5145cd3-4f68-44c8-b3e3-52f0b3be5370@group-5EAA2AFB8070-LeaderElection75] INFO  impl.RaftServerImpl (ServerState.java:setRaftConf(356)) - e5145cd3-4f68-44c8-b3e3-52f0b3be5370@group-5EAA2AFB8070: set configuration 0: [e5145cd3-4f68-44c8-b3e3-52f0b3be5370:192.168.151.112:39797, 7be157f4-d73b-448e-8cd7-6469e73fa7ac:192.168.151.112:42318, b5bd5611-4c64-4c62-892e-835ab3bfeaeb:192.168.151.112:36250], old=null at 0
2019-10-15 04:21:27,520 [grpc-default-executor-9] INFO  impl.RaftServerImpl (ServerState.java:setLeader(255)) - b5bd5611-4c64-4c62-892e-835ab3bfeaeb@group-5EAA2AFB8070: change Leader from null to e5145cd3-4f68-44c8-b3e3-52f0b3be5370 at term 2 for appendEntries, leader elected after 10317ms
2019-10-15 04:21:27,547 [grpc-default-executor-3] INFO  impl.RaftServerImpl (ServerState.java:setLeader(255)) - 7be157f4-d73b-448e-8cd7-6469e73fa7ac@group-5EAA2AFB8070: change Leader from null to e5145cd3-4f68-44c8-b3e3-52f0b3be5370 at term 2 for appendEntries, leader elected after 10343ms
2019-10-15 04:21:27,549 [grpc-default-executor-3] INFO  impl.RaftServerImpl (ServerState.java:setRaftConf(356)) - 7be157f4-d73b-448e-8cd7-6469e73fa7ac@group-5EAA2AFB8070: set configuration 0: [e5145cd3-4f68-44c8-b3e3-52f0b3be5370:192.168.151.112:39797, 7be157f4-d73b-448e-8cd7-6469e73fa7ac:192.168.151.112:42318, b5bd5611-4c64-4c62-892e-835ab3bfeaeb:192.168.151.112:36250], old=null at 0
2019-10-15 04:21:27,549 [grpc-default-executor-9] INFO  impl.RaftServerImpl (ServerState.java:setRaftConf(356)) - b5bd5611-4c64-4c62-892e-835ab3bfeaeb@group-5EAA2AFB8070: set configuration 0: [e5145cd3-4f68-44c8-b3e3-52f0b3be5370:192.168.151.112:39797, 7be157f4-d73b-448e-8cd7-6469e73fa7ac:192.168.151.112:42318, b5bd5611-4c64-4c62-892e-835ab3bfeaeb:192.168.151.112:36250], old=null at 0
2019-10-15 04:21:27,550 [grpc-default-executor-3] INFO  segmented.SegmentedRaftLogWorker (SegmentedRaftLogWorker.java:startLogSegment(385)) - 7be157f4-d73b-448e-8cd7-6469e73fa7ac@group-5EAA2AFB8070-SegmentedRaftLogWorker: Starting segment from index:0
2019-10-15 04:21:27,550 [grpc-default-executor-9] INFO  segmented.SegmentedRaftLogWorker (SegmentedRaftLogWorker.java:startLogSegment(385)) - b5bd5611-4c64-4c62-892e-835ab3bfeaeb@group-5EAA2AFB8070-SegmentedRaftLogWorker: Starting segment from index:0
2019-10-15 04:21:27,587 [e5145cd3-4f68-44c8-b3e3-52f0b3be5370@group-5EAA2AFB8070-SegmentedRaftLogWorker] INFO  segmented.SegmentedRaftLogWorker (SegmentedRaftLogWorker.java:execute(574)) - e5145cd3-4f68-44c8-b3e3-52f0b3be5370@group-5EAA2AFB8070-SegmentedRaftLogWorker: created new log segment /workdir/hadoop-ozone/integration-test/target/test-dir/MiniOzoneClusterImpl-4582359f-1f53-4b17-9dcb-8937d4b14848/datanode-0/data/ratis/fba24eef-f893-462e-90f9-5eaa2afb8070/current/log_inprogress_0
2019-10-15 04:21:27,604 [b5bd5611-4c64-4c62-892e-835ab3bfeaeb@group-5EAA2AFB8070-SegmentedRaftLogWorker] INFO  segmented.SegmentedRaftLogWorker (SegmentedRaftLogWorker.java:execute(574)) - b5bd5611-4c64-4c62-892e-835ab3bfeaeb@group-5EAA2AFB8070-SegmentedRaftLogWorker: created new log segment /workdir/hadoop-ozone/integration-test/target/test-dir/MiniOzoneClusterImpl-4582359f-1f53-4b17-9dcb-8937d4b14848/datanode-2/data/ratis/fba24eef-f893-462e-90f9-5eaa2afb8070/current/log_inprogress_0
2019-10-15 04:21:27,604 [7be157f4-d73b-448e-8cd7-6469e73fa7ac@group-5EAA2AFB8070-SegmentedRaftLogWorker] INFO  segmented.SegmentedRaftLogWorker (SegmentedRaftLogWorker.java:execute(574)) - 7be157f4-d73b-448e-8cd7-6469e73fa7ac@group-5EAA2AFB8070-SegmentedRaftLogWorker: created new log segment /workdir/hadoop-ozone/integration-test/target/test-dir/MiniOzoneClusterImpl-4582359f-1f53-4b17-9dcb-8937d4b14848/datanode-4/data/ratis/fba24eef-f893-462e-90f9-5eaa2afb8070/current/log_inprogress_0
2019-10-15 04:21:29,692 [main] INFO  ozoneimpl.OzoneContainer (OzoneContainer.java:stop(227)) - Attempting to stop container services.
2019-10-15 04:21:29,693 [main] INFO  impl.RaftServerProxy (RaftServerProxy.java:lambda$close$4(314)) - a047aedb-2737-4041-818a-6d6a1738c372: close
2019-10-15 04:21:29,694 [main] INFO  impl.RaftServerImpl (RaftServerImpl.java:lambda$shutdown$3(247)) - a047aedb-2737-4041-818a-6d6a1738c372@group-9D0C8A2012F4: shutdown
2019-10-15 04:21:29,694 [ForkJoinPool.commonPool-worker-0] INFO  impl.RaftServerImpl (RaftServerImpl.java:lambda$shutdown$3(247)) - a047aedb-2737-4041-818a-6d6a1738c372@group-88D59F24621E: shutdown
2019-10-15 04:21:29,695 [main] INFO  util.JmxRegister (JmxRegister.java:unregister(73)) - Successfully un-registered JMX Bean with object name Ratis:service=RaftServer,group=group-9D0C8A2012F4,id=a047aedb-2737-4041-818a-6d6a1738c372
2019-10-15 04:21:29,695 [ForkJoinPool.commonPool-worker-0] INFO  util.JmxRegister (JmxRegister.java:unregister(73)) - Successfully un-registered JMX Bean with object name Ratis:service=RaftServer,group=group-88D59F24621E,id=a047aedb-2737-4041-818a-6d6a1738c372
2019-10-15 04:21:29,695 [main] INFO  impl.RoleInfo (RoleInfo.java:shutdownLeaderState(104)) - a047aedb-2737-4041-818a-6d6a1738c372: shutdown LeaderState
2019-10-15 04:21:29,695 [ForkJoinPool.commonPool-worker-0] INFO  impl.RoleInfo (RoleInfo.java:shutdownLeaderState(104)) - a047aedb-2737-4041-818a-6d6a1738c372: shutdown LeaderState
2019-10-15 04:21:29,696 [main] INFO  impl.PendingRequests (PendingRequests.java:sendNotLeaderResponses(202)) - a047aedb-2737-4041-818a-6d6a1738c372@group-9D0C8A2012F4-PendingRequests: sendNotLeaderResponses
2019-10-15 04:21:29,702 [org.apache.ratis.server.impl.LogAppender$AppenderDaemon$$Lambda$459/809372263@1d5ce175] WARN  server.GrpcLogAppender (GrpcLogAppender.java:mayWait(143)) - a047aedb-2737-4041-818a-6d6a1738c372@group-88D59F24621E->6e548805-b2c6-4eb0-be2a-269260f5db19-GrpcLogAppender: Wait interrupted by java.lang.InterruptedException
2019-10-15 04:21:29,702 [org.apache.ratis.server.impl.LogAppender$AppenderDaemon$$Lambda$459/809372263@7f6360eb] WARN  server.GrpcLogAppender (GrpcLogAppender.java:mayWait(143)) - a047aedb-2737-4041-818a-6d6a1738c372@group-88D59F24621E->52fbfc08-63f7-48cc-855c-e048bc3c6967-GrpcLogAppender: Wait interrupted by java.lang.InterruptedException
2019-10-15 04:21:29,702 [ForkJoinPool.commonPool-worker-0] INFO  impl.PendingRequests (PendingRequests.java:sendNotLeaderResponses(202)) - a047aedb-2737-4041-818a-6d6a1738c372@group-88D59F24621E-PendingRequests: sendNotLeaderResponses
2019-10-15 04:21:29,702 [main] INFO  impl.StateMachineUpdater (StateMachineUpdater.java:stopAndJoin(136)) - a047aedb-2737-4041-818a-6d6a1738c372@group-9D0C8A2012F4-StateMachineUpdater: set stopIndex = 0
2019-10-15 04:21:29,709 [grpc-default-executor-9] INFO  server.GrpcServerProtocolService (GrpcServerProtocolService.java:onCompleted(113)) - 52fbfc08-63f7-48cc-855c-e048bc3c6967: Completed APPEND_ENTRIES, lastRequest: a047aedb-2737-4041-818a-6d6a1738c372->52fbfc08-63f7-48cc-855c-e048bc3c6967#5-t1, previous=(t:1, i:2), leaderCommit=2, initializing? false, entries: <empty>
2019-10-15 04:21:29,709 [grpc-default-executor-3] INFO  server.GrpcServerProtocolService (GrpcServerProtocolService.java:onCompleted(113)) - 6e548805-b2c6-4eb0-be2a-269260f5db19: Completed APPEND_ENTRIES, lastRequest: a047aedb-2737-4041-818a-6d6a1738c372->6e548805-b2c6-4eb0-be2a-269260f5db19#5-t1, previous=(t:1, i:2), leaderCommit=2, initializing? false, entries: <empty>
2019-10-15 04:21:29,714 [a047aedb-2737-4041-818a-6d6a1738c372@group-88D59F24621E-StateMachineUpdater] INFO  ratis.ContainerStateMachine (ContainerStateMachine.java:takeSnapshot(294)) - group-88D59F24621E: Taking a snapshot at:(t:1, i:2) file /workdir/hadoop-ozone/integration-test/target/test-dir/MiniOzoneClusterImpl-4582359f-1f53-4b17-9dcb-8937d4b14848/datanode-5/data/ratis/166b0d43-da49-44e4-8ee7-88d59f24621e/sm/snapshot.1_2
2019-10-15 04:21:29,714 [main] INFO  impl.RaftServerImpl (ServerState.java:close(387)) - a047aedb-2737-4041-818a-6d6a1738c372@group-9D0C8A2012F4: closes. applyIndex: 0
2019-10-15 04:21:29,714 [ForkJoinPool.commonPool-worker-0] INFO  impl.StateMachineUpdater (StateMachineUpdater.java:stopAndJoin(136)) - a047aedb-2737-4041-818a-6d6a1738c372@group-88D59F24621E-StateMachineUpdater: set stopIndex = 2
2019-10-15 04:21:29,715 [a047aedb-2737-4041-818a-6d6a1738c372@group-9D0C8A2012F4-SegmentedRaftLogWorker] INFO  segmented.SegmentedRaftLogWorker (SegmentedRaftLogWorker.java:run(316)) - a047aedb-2737-4041-818a-6d6a1738c372@group-9D0C8A2012F4-SegmentedRaftLogWorker was interrupted, exiting. There are 0 tasks remaining in the queue.
2019-10-15 04:21:29,714 [grpc-default-executor-9] INFO  server.GrpcLogAppender (GrpcLogAppender.java:onCompleted(293)) - a047aedb-2737-4041-818a-6d6a1738c372@group-88D59F24621E->52fbfc08-63f7-48cc-855c-e048bc3c6967-AppendLogResponseHandler: follower responses appendEntries COMPLETED
2019-10-15 04:21:29,714 [grpc-default-executor-3] INFO  server.GrpcLogAppender (GrpcLogAppender.java:onCompleted(293)) - a047aedb-2737-4041-818a-6d6a1738c372@group-88D59F24621E->6e548805-b2c6-4eb0-be2a-269260f5db19-AppendLogResponseHandler: follower responses appendEntries COMPLETED
2019-10-15 04:21:29,718 [main] INFO  segmented.SegmentedRaftLogWorker (SegmentedRaftLogWorker.java:close(224)) - a047aedb-2737-4041-818a-6d6a1738c372@group-9D0C8A2012F4-SegmentedRaftLogWorker close()
2019-10-15 04:21:29,724 [grpc-default-executor-9] INFO  impl.FollowerInfo (FollowerInfo.java:lambda$new$0(51)) - a047aedb-2737-4041-818a-6d6a1738c372@group-88D59F24621E->52fbfc08-63f7-48cc-855c-e048bc3c6967: nextIndex: updateUnconditionally 3 -> 2
2019-10-15 04:21:29,724 [grpc-default-executor-3] INFO  impl.FollowerInfo (FollowerInfo.java:lambda$new$0(51)) - a047aedb-2737-4041-818a-6d6a1738c372@group-88D59F24621E->6e548805-b2c6-4eb0-be2a-269260f5db19: nextIndex: updateUnconditionally 3 -> 2
2019-10-15 04:21:29,752 [a047aedb-2737-4041-818a-6d6a1738c372@group-88D59F24621E-StateMachineUpdater] INFO  ratis.ContainerStateMachine (ContainerStateMachine.java:takeSnapshot(305)) - group-88D59F24621E: Finished taking a snapshot at:(t:1, i:2) file:/workdir/hadoop-ozone/integration-test/target/test-dir/MiniOzoneClusterImpl-4582359f-1f53-4b17-9dcb-8937d4b14848/datanode-5/data/ratis/166b0d43-da49-44e4-8ee7-88d59f24621e/sm/snapshot.1_2 time:39
2019-10-15 04:21:29,753 [a047aedb-2737-4041-818a-6d6a1738c372@group-88D59F24621E-StateMachineUpdater] INFO  impl.StateMachineUpdater (StateMachineUpdater.java:takeSnapshot(269)) - a047aedb-2737-4041-818a-6d6a1738c372@group-88D59F24621E-StateMachineUpdater: Took a snapshot at index 2
2019-10-15 04:21:29,753 [a047aedb-2737-4041-818a-6d6a1738c372@group-88D59F24621E-StateMachineUpdater] INFO  impl.StateMachineUpdater (StateMachineUpdater.java:lambda$new$0(84)) - a047aedb-2737-4041-818a-6d6a1738c372@group-88D59F24621E-StateMachineUpdater: snapshotIndex: updateIncreasingly -1 -> 2
2019-10-15 04:21:29,754 [ForkJoinPool.commonPool-worker-0] INFO  impl.RaftServerImpl (ServerState.java:close(387)) - a047aedb-2737-4041-818a-6d6a1738c372@group-88D59F24621E: closes. applyIndex: 2
2019-10-15 04:21:29,754 [a047aedb-2737-4041-818a-6d6a1738c372@group-88D59F24621E-SegmentedRaftLogWorker] INFO  segmented.SegmentedRaftLogWorker (SegmentedRaftLogWorker.java:run(316)) - a047aedb-2737-4041-818a-6d6a1738c372@group-88D59F24621E-SegmentedRaftLogWorker was interrupted, exiting. There are 0 tasks remaining in the queue.
2019-10-15 04:21:29,762 [ForkJoinPool.commonPool-worker-0] INFO  segmented.SegmentedRaftLogWorker (SegmentedRaftLogWorker.java:close(224)) - a047aedb-2737-4041-818a-6d6a1738c372@group-88D59F24621E-SegmentedRaftLogWorker close()
2019-10-15 04:21:29,767 [main] INFO  server.GrpcService (GrpcService.java:closeImpl(164)) - a047aedb-2737-4041-818a-6d6a1738c372: shutdown server with port 44285 now
2019-10-15 04:21:29,768 [main] INFO  server.GrpcService (GrpcService.java:closeImpl(172)) - a047aedb-2737-4041-818a-6d6a1738c372: shutdown server with port 44285 successfully
2019-10-15 04:21:29,771 [refreshUsed-/workdir/hadoop-ozone/integration-test/target/test-dir/MiniOzoneClusterImpl-4582359f-1f53-4b17-9dcb-8937d4b14848/datanode-5/data/containers] WARN  fs.CachingGetSpaceUsed (CachingGetSpaceUsed.java:run(183)) - Thread Interrupted waiting to refresh disk information: sleep interrupted
2019-10-15 04:21:29,788 [main] INFO  utils.BackgroundService (BackgroundService.java:shutdown(151)) - Shutting down service BlockDeletingService
2019-10-15 04:21:29,795 [main] INFO  statemachine.DatanodeStateMachine (DatanodeStateMachine.java:stopDaemon(395)) - Ozone container server stopped.
2019-10-15 04:21:29,797 [main] INFO  handler.ContextHandler (ContextHandler.java:doStop(910)) - Stopped o.e.j.w.WebAppContext@2c06b113{/,null,UNAVAILABLE}{/hddsDatanode}
2019-10-15 04:21:29,798 [main] INFO  server.AbstractConnector (AbstractConnector.java:doStop(318)) - Stopped ServerConnector@7a64cb0c{HTTP/1.1,[http/1.1]}{0.0.0.0:0}
2019-10-15 04:21:29,798 [main] INFO  handler.ContextHandler (ContextHandler.java:doStop(910)) - Stopped o.e.j.s.ServletContextHandler@5012c571{/static,jar:file:/home/user/.m2/repository/org/apache/hadoop/hadoop-hdds-container-service/0.5.0-SNAPSHOT/hadoop-hdds-container-service-0.5.0-SNAPSHOT.jar!/webapps/static,UNAVAILABLE}
2019-10-15 04:21:29,799 [main] INFO  handler.ContextHandler (ContextHandler.java:doStop(910)) - Stopped o.e.j.s.ServletContextHandler@756808cc{/logs,file:///workdir/hadoop-ozone/integration-test/target/log,UNAVAILABLE}
2019-10-15 04:21:37,602 [Thread-2480] INFO  impl.FollowerState (FollowerState.java:run(108)) - 6e548805-b2c6-4eb0-be2a-269260f5db19@group-88D59F24621E-FollowerState: change to CANDIDATE, lastRpcTime:8158ms, electionTimeout:5072ms
2019-10-15 04:21:37,604 [Thread-2480] INFO  impl.RoleInfo (RoleInfo.java:shutdownFollowerState(121)) - 6e548805-b2c6-4eb0-be2a-269260f5db19: shutdown FollowerState
2019-10-15 04:21:37,604 [Thread-2480] INFO  impl.RaftServerImpl (RaftServerImpl.java:setRole(170)) - 6e548805-b2c6-4eb0-be2a-269260f5db19@group-88D59F24621E: changes role from  FOLLOWER to CANDIDATE at term 1 for changeToCandidate
2019-10-15 04:21:37,604 [Thread-2480] INFO  impl.RoleInfo (RoleInfo.java:updateAndGet(143)) - 6e548805-b2c6-4eb0-be2a-269260f5db19: start LeaderElection
2019-10-15 04:21:37,611 [6e548805-b2c6-4eb0-be2a-269260f5db19@group-88D59F24621E-LeaderElection76] INFO  impl.RaftServerImpl (ServerState.java:setLeader(255)) - 6e548805-b2c6-4eb0-be2a-269260f5db19@group-88D59F24621E: change Leader from a047aedb-2737-4041-818a-6d6a1738c372 to null at term 1 for initElection
2019-10-15 04:21:37,613 [Thread-2481] INFO  impl.FollowerState (FollowerState.java:run(108)) - 52fbfc08-63f7-48cc-855c-e048bc3c6967@group-88D59F24621E-FollowerState: change to CANDIDATE, lastRpcTime:8171ms, electionTimeout:5035ms
2019-10-15 04:21:37,613 [Thread-2481] INFO  impl.RoleInfo (RoleInfo.java:shutdownFollowerState(121)) - 52fbfc08-63f7-48cc-855c-e048bc3c6967: shutdown FollowerState
2019-10-15 04:21:37,613 [Thread-2481] INFO  impl.RaftServerImpl (RaftServerImpl.java:setRole(170)) - 52fbfc08-63f7-48cc-855c-e048bc3c6967@group-88D59F24621E: changes role from  FOLLOWER to CANDIDATE at term 1 for changeToCandidate
2019-10-15 04:21:37,613 [Thread-2481] INFO  impl.RoleInfo (RoleInfo.java:updateAndGet(143)) - 52fbfc08-63f7-48cc-855c-e048bc3c6967: start LeaderElection
2019-10-15 04:21:37,615 [52fbfc08-63f7-48cc-855c-e048bc3c6967@group-88D59F24621E-LeaderElection77] INFO  impl.RaftServerImpl (ServerState.java:setLeader(255)) - 52fbfc08-63f7-48cc-855c-e048bc3c6967@group-88D59F24621E: change Leader from a047aedb-2737-4041-818a-6d6a1738c372 to null at term 1 for initElection
2019-10-15 04:21:37,647 [52fbfc08-63f7-48cc-855c-e048bc3c6967@group-88D59F24621E-LeaderElection77] INFO  impl.LeaderElection (LeaderElection.java:askForVotes(178)) - 52fbfc08-63f7-48cc-855c-e048bc3c6967@group-88D59F24621E-LeaderElection77: begin an election at term 2 for 0: [a047aedb-2737-4041-818a-6d6a1738c372:192.168.151.112:44285, 6e548805-b2c6-4eb0-be2a-269260f5db19:192.168.151.112:41243, 52fbfc08-63f7-48cc-855c-e048bc3c6967:192.168.151.112:33865], old=null
2019-10-15 04:21:37,647 [6e548805-b2c6-4eb0-be2a-269260f5db19@group-88D59F24621E-LeaderElection76] INFO  impl.LeaderElection (LeaderElection.java:askForVotes(178)) - 6e548805-b2c6-4eb0-be2a-269260f5db19@group-88D59F24621E-LeaderElection76: begin an election at term 2 for 0: [a047aedb-2737-4041-818a-6d6a1738c372:192.168.151.112:44285, 6e548805-b2c6-4eb0-be2a-269260f5db19:192.168.151.112:41243, 52fbfc08-63f7-48cc-855c-e048bc3c6967:192.168.151.112:33865], old=null
2019-10-15 04:21:37,650 [52fbfc08-63f7-48cc-855c-e048bc3c6967@group-88D59F24621E-LeaderElection77] INFO  impl.LeaderElection (LogUtils.java:infoOrTrace(149)) - 52fbfc08-63f7-48cc-855c-e048bc3c6967@group-88D59F24621E-LeaderElection77 got exception when requesting votes: {}
java.util.concurrent.ExecutionException: org.apache.ratis.thirdparty.io.grpc.StatusRuntimeException: UNAVAILABLE: io exception
	at java.util.concurrent.FutureTask.report(FutureTask.java:122)
	at java.util.concurrent.FutureTask.get(FutureTask.java:192)
	at org.apache.ratis.server.impl.LeaderElection.waitForResults(LeaderElection.java:259)
	at org.apache.ratis.server.impl.LeaderElection.askForVotes(LeaderElection.java:197)
	at org.apache.ratis.server.impl.LeaderElection.run(LeaderElection.java:133)
	at java.lang.Thread.run(Thread.java:748)
Caused by: org.apache.ratis.thirdparty.io.grpc.StatusRuntimeException: UNAVAILABLE: io exception
	at org.apache.ratis.thirdparty.io.grpc.stub.ClientCalls.toStatusRuntimeException(ClientCalls.java:233)
	at org.apache.ratis.thirdparty.io.grpc.stub.ClientCalls.getUnchecked(ClientCalls.java:214)
	at org.apache.ratis.thirdparty.io.grpc.stub.ClientCalls.blockingUnaryCall(ClientCalls.java:139)
	at org.apache.ratis.proto.grpc.RaftServerProtocolServiceGrpc$RaftServerProtocolServiceBlockingStub.requestVote(RaftServerProtocolServiceGrpc.java:265)
	at org.apache.ratis.grpc.server.GrpcServerProtocolClient.requestVote(GrpcServerProtocolClient.java:99)
	at org.apache.ratis.grpc.server.GrpcService.requestVote(GrpcService.java:204)
	at org.apache.ratis.server.impl.LeaderElection.lambda$submitRequests$1(LeaderElection.java:234)
	at java.util.concurrent.FutureTask.run(FutureTask.java:266)
	at java.util.concurrent.Executors$RunnableAdapter.call(Executors.java:511)
	at java.util.concurrent.FutureTask.run(FutureTask.java:266)
	at java.util.concurrent.ThreadPoolExecutor.runWorker(ThreadPoolExecutor.java:1149)
	at java.util.concurrent.ThreadPoolExecutor$Worker.run(ThreadPoolExecutor.java:624)
	... 1 more
Caused by: org.apache.ratis.thirdparty.io.netty.channel.AbstractChannel$AnnotatedConnectException: Connection refused: /192.168.151.112:44285
	at sun.nio.ch.SocketChannelImpl.checkConnect(Native Method)
	at sun.nio.ch.SocketChannelImpl.finishConnect(SocketChannelImpl.java:717)
	at org.apache.ratis.thirdparty.io.netty.channel.socket.nio.NioSocketChannel.doFinishConnect(NioSocketChannel.java:327)
	at org.apache.ratis.thirdparty.io.netty.channel.nio.AbstractNioChannel$AbstractNioUnsafe.finishConnect(AbstractNioChannel.java:340)
	at org.apache.ratis.thirdparty.io.netty.channel.nio.NioEventLoop.processSelectedKey(NioEventLoop.java:632)
	at org.apache.ratis.thirdparty.io.netty.channel.nio.NioEventLoop.processSelectedKeysOptimized(NioEventLoop.java:579)
	at org.apache.ratis.thirdparty.io.netty.channel.nio.NioEventLoop.processSelectedKeys(NioEventLoop.java:496)
	at org.apache.ratis.thirdparty.io.netty.channel.nio.NioEventLoop.run(NioEventLoop.java:458)
	at org.apache.ratis.thirdparty.io.netty.util.concurrent.SingleThreadEventExecutor$5.run(SingleThreadEventExecutor.java:897)
	at org.apache.ratis.thirdparty.io.netty.util.concurrent.FastThreadLocalRunnable.run(FastThreadLocalRunnable.java:30)
	... 1 more
Caused by: java.net.ConnectException: Connection refused
	... 11 more
2019-10-15 04:21:37,650 [6e548805-b2c6-4eb0-be2a-269260f5db19@group-88D59F24621E-LeaderElection76] INFO  impl.LeaderElection (LogUtils.java:infoOrTrace(149)) - 6e548805-b2c6-4eb0-be2a-269260f5db19@group-88D59F24621E-LeaderElection76 got exception when requesting votes: {}
java.util.concurrent.ExecutionException: org.apache.ratis.thirdparty.io.grpc.StatusRuntimeException: UNAVAILABLE: io exception
	at java.util.concurrent.FutureTask.report(FutureTask.java:122)
	at java.util.concurrent.FutureTask.get(FutureTask.java:192)
	at org.apache.ratis.server.impl.LeaderElection.waitForResults(LeaderElection.java:259)
	at org.apache.ratis.server.impl.LeaderElection.askForVotes(LeaderElection.java:197)
	at org.apache.ratis.server.impl.LeaderElection.run(LeaderElection.java:133)
	at java.lang.Thread.run(Thread.java:748)
Caused by: org.apache.ratis.thirdparty.io.grpc.StatusRuntimeException: UNAVAILABLE: io exception
	at org.apache.ratis.thirdparty.io.grpc.stub.ClientCalls.toStatusRuntimeException(ClientCalls.java:233)
	at org.apache.ratis.thirdparty.io.grpc.stub.ClientCalls.getUnchecked(ClientCalls.java:214)
	at org.apache.ratis.thirdparty.io.grpc.stub.ClientCalls.blockingUnaryCall(ClientCalls.java:139)
	at org.apache.ratis.proto.grpc.RaftServerProtocolServiceGrpc$RaftServerProtocolServiceBlockingStub.requestVote(RaftServerProtocolServiceGrpc.java:265)
	at org.apache.ratis.grpc.server.GrpcServerProtocolClient.requestVote(GrpcServerProtocolClient.java:99)
	at org.apache.ratis.grpc.server.GrpcService.requestVote(GrpcService.java:204)
	at org.apache.ratis.server.impl.LeaderElection.lambda$submitRequests$1(LeaderElection.java:234)
	at java.util.concurrent.FutureTask.run(FutureTask.java:266)
	at java.util.concurrent.Executors$RunnableAdapter.call(Executors.java:511)
	at java.util.concurrent.FutureTask.run(FutureTask.java:266)
	at java.util.concurrent.ThreadPoolExecutor.runWorker(ThreadPoolExecutor.java:1149)
	at java.util.concurrent.ThreadPoolExecutor$Worker.run(ThreadPoolExecutor.java:624)
	... 1 more
Caused by: org.apache.ratis.thirdparty.io.netty.channel.AbstractChannel$AnnotatedConnectException: Connection refused: /192.168.151.112:44285
	at sun.nio.ch.SocketChannelImpl.checkConnect(Native Method)
	at sun.nio.ch.SocketChannelImpl.finishConnect(SocketChannelImpl.java:717)
	at org.apache.ratis.thirdparty.io.netty.channel.socket.nio.NioSocketChannel.doFinishConnect(NioSocketChannel.java:327)
	at org.apache.ratis.thirdparty.io.netty.channel.nio.AbstractNioChannel$AbstractNioUnsafe.finishConnect(AbstractNioChannel.java:340)
	at org.apache.ratis.thirdparty.io.netty.channel.nio.NioEventLoop.processSelectedKey(NioEventLoop.java:632)
	at org.apache.ratis.thirdparty.io.netty.channel.nio.NioEventLoop.processSelectedKeysOptimized(NioEventLoop.java:579)
	at org.apache.ratis.thirdparty.io.netty.channel.nio.NioEventLoop.processSelectedKeys(NioEventLoop.java:496)
	at org.apache.ratis.thirdparty.io.netty.channel.nio.NioEventLoop.run(NioEventLoop.java:458)
	at org.apache.ratis.thirdparty.io.netty.util.concurrent.SingleThreadEventExecutor$5.run(SingleThreadEventExecutor.java:897)
	at org.apache.ratis.thirdparty.io.netty.util.concurrent.FastThreadLocalRunnable.run(FastThreadLocalRunnable.java:30)
	... 1 more
Caused by: java.net.ConnectException: Connection refused
	... 11 more
2019-10-15 04:21:37,655 [52fbfc08-63f7-48cc-855c-e048bc3c6967@group-88D59F24621E-LeaderElection77] INFO  impl.LeaderElection (LeaderElection.java:logAndReturn(56)) - 52fbfc08-63f7-48cc-855c-e048bc3c6967@group-88D59F24621E-LeaderElection77: Election REJECTED; received 1 response(s) [52fbfc08-63f7-48cc-855c-e048bc3c6967<-6e548805-b2c6-4eb0-be2a-269260f5db19#0:FAIL-t2] and 1 exception(s); 52fbfc08-63f7-48cc-855c-e048bc3c6967@group-88D59F24621E:t2, leader=null, voted=52fbfc08-63f7-48cc-855c-e048bc3c6967, raftlog=52fbfc08-63f7-48cc-855c-e048bc3c6967@group-88D59F24621E-SegmentedRaftLog:OPENED:c2,f2,i2, conf=0: [a047aedb-2737-4041-818a-6d6a1738c372:192.168.151.112:44285, 6e548805-b2c6-4eb0-be2a-269260f5db19:192.168.151.112:41243, 52fbfc08-63f7-48cc-855c-e048bc3c6967:192.168.151.112:33865], old=null
2019-10-15 04:21:37,655 [52fbfc08-63f7-48cc-855c-e048bc3c6967@group-88D59F24621E-LeaderElection77] INFO  impl.LeaderElection (LogUtils.java:infoOrTrace(149)) -   Exception 0: {}
java.util.concurrent.ExecutionException: org.apache.ratis.thirdparty.io.grpc.StatusRuntimeException: UNAVAILABLE: io exception
	at java.util.concurrent.FutureTask.report(FutureTask.java:122)
	at java.util.concurrent.FutureTask.get(FutureTask.java:192)
	at org.apache.ratis.server.impl.LeaderElection.waitForResults(LeaderElection.java:259)
	at org.apache.ratis.server.impl.LeaderElection.askForVotes(LeaderElection.java:197)
	at org.apache.ratis.server.impl.LeaderElection.run(LeaderElection.java:133)
	at java.lang.Thread.run(Thread.java:748)
Caused by: org.apache.ratis.thirdparty.io.grpc.StatusRuntimeException: UNAVAILABLE: io exception
	at org.apache.ratis.thirdparty.io.grpc.stub.ClientCalls.toStatusRuntimeException(ClientCalls.java:233)
	at org.apache.ratis.thirdparty.io.grpc.stub.ClientCalls.getUnchecked(ClientCalls.java:214)
	at org.apache.ratis.thirdparty.io.grpc.stub.ClientCalls.blockingUnaryCall(ClientCalls.java:139)
	at org.apache.ratis.proto.grpc.RaftServerProtocolServiceGrpc$RaftServerProtocolServiceBlockingStub.requestVote(RaftServerProtocolServiceGrpc.java:265)
	at org.apache.ratis.grpc.server.GrpcServerProtocolClient.requestVote(GrpcServerProtocolClient.java:99)
	at org.apache.ratis.grpc.server.GrpcService.requestVote(GrpcService.java:204)
	at org.apache.ratis.server.impl.LeaderElection.lambda$submitRequests$1(LeaderElection.java:234)
	at java.util.concurrent.FutureTask.run(FutureTask.java:266)
	at java.util.concurrent.Executors$RunnableAdapter.call(Executors.java:511)
	at java.util.concurrent.FutureTask.run(FutureTask.java:266)
	at java.util.concurrent.ThreadPoolExecutor.runWorker(ThreadPoolExecutor.java:1149)
	at java.util.concurrent.ThreadPoolExecutor$Worker.run(ThreadPoolExecutor.java:624)
	... 1 more
Caused by: org.apache.ratis.thirdparty.io.netty.channel.AbstractChannel$AnnotatedConnectException: Connection refused: /192.168.151.112:44285
	at sun.nio.ch.SocketChannelImpl.checkConnect(Native Method)
	at sun.nio.ch.SocketChannelImpl.finishConnect(SocketChannelImpl.java:717)
	at org.apache.ratis.thirdparty.io.netty.channel.socket.nio.NioSocketChannel.doFinishConnect(NioSocketChannel.java:327)
	at org.apache.ratis.thirdparty.io.netty.channel.nio.AbstractNioChannel$AbstractNioUnsafe.finishConnect(AbstractNioChannel.java:340)
	at org.apache.ratis.thirdparty.io.netty.channel.nio.NioEventLoop.processSelectedKey(NioEventLoop.java:632)
	at org.apache.ratis.thirdparty.io.netty.channel.nio.NioEventLoop.processSelectedKeysOptimized(NioEventLoop.java:579)
	at org.apache.ratis.thirdparty.io.netty.channel.nio.NioEventLoop.processSelectedKeys(NioEventLoop.java:496)
	at org.apache.ratis.thirdparty.io.netty.channel.nio.NioEventLoop.run(NioEventLoop.java:458)
	at org.apache.ratis.thirdparty.io.netty.util.concurrent.SingleThreadEventExecutor$5.run(SingleThreadEventExecutor.java:897)
	at org.apache.ratis.thirdparty.io.netty.util.concurrent.FastThreadLocalRunnable.run(FastThreadLocalRunnable.java:30)
	... 1 more
Caused by: java.net.ConnectException: Connection refused
	... 11 more
2019-10-15 04:21:37,655 [6e548805-b2c6-4eb0-be2a-269260f5db19@group-88D59F24621E-LeaderElection76] INFO  impl.LeaderElection (LeaderElection.java:logAndReturn(56)) - 6e548805-b2c6-4eb0-be2a-269260f5db19@group-88D59F24621E-LeaderElection76: Election REJECTED; received 1 response(s) [6e548805-b2c6-4eb0-be2a-269260f5db19<-52fbfc08-63f7-48cc-855c-e048bc3c6967#0:FAIL-t2] and 1 exception(s); 6e548805-b2c6-4eb0-be2a-269260f5db19@group-88D59F24621E:t2, leader=null, voted=6e548805-b2c6-4eb0-be2a-269260f5db19, raftlog=6e548805-b2c6-4eb0-be2a-269260f5db19@group-88D59F24621E-SegmentedRaftLog:OPENED:c2,f2,i2, conf=0: [a047aedb-2737-4041-818a-6d6a1738c372:192.168.151.112:44285, 6e548805-b2c6-4eb0-be2a-269260f5db19:192.168.151.112:41243, 52fbfc08-63f7-48cc-855c-e048bc3c6967:192.168.151.112:33865], old=null
2019-10-15 04:21:37,657 [6e548805-b2c6-4eb0-be2a-269260f5db19@group-88D59F24621E-LeaderElection76] INFO  impl.LeaderElection (LogUtils.java:infoOrTrace(149)) -   Exception 0: {}
java.util.concurrent.ExecutionException: org.apache.ratis.thirdparty.io.grpc.StatusRuntimeException: UNAVAILABLE: io exception
	at java.util.concurrent.FutureTask.report(FutureTask.java:122)
	at java.util.concurrent.FutureTask.get(FutureTask.java:192)
	at org.apache.ratis.server.impl.LeaderElection.waitForResults(LeaderElection.java:259)
	at org.apache.ratis.server.impl.LeaderElection.askForVotes(LeaderElection.java:197)
	at org.apache.ratis.server.impl.LeaderElection.run(LeaderElection.java:133)
	at java.lang.Thread.run(Thread.java:748)
Caused by: org.apache.ratis.thirdparty.io.grpc.StatusRuntimeException: UNAVAILABLE: io exception
	at org.apache.ratis.thirdparty.io.grpc.stub.ClientCalls.toStatusRuntimeException(ClientCalls.java:233)
	at org.apache.ratis.thirdparty.io.grpc.stub.ClientCalls.getUnchecked(ClientCalls.java:214)
	at org.apache.ratis.thirdparty.io.grpc.stub.ClientCalls.blockingUnaryCall(ClientCalls.java:139)
	at org.apache.ratis.proto.grpc.RaftServerProtocolServiceGrpc$RaftServerProtocolServiceBlockingStub.requestVote(RaftServerProtocolServiceGrpc.java:265)
	at org.apache.ratis.grpc.server.GrpcServerProtocolClient.requestVote(GrpcServerProtocolClient.java:99)
	at org.apache.ratis.grpc.server.GrpcService.requestVote(GrpcService.java:204)
	at org.apache.ratis.server.impl.LeaderElection.lambda$submitRequests$1(LeaderElection.java:234)
	at java.util.concurrent.FutureTask.run(FutureTask.java:266)
	at java.util.concurrent.Executors$RunnableAdapter.call(Executors.java:511)
	at java.util.concurrent.FutureTask.run(FutureTask.java:266)
	at java.util.concurrent.ThreadPoolExecutor.runWorker(ThreadPoolExecutor.java:1149)
	at java.util.concurrent.ThreadPoolExecutor$Worker.run(ThreadPoolExecutor.java:624)
	... 1 more
Caused by: org.apache.ratis.thirdparty.io.netty.channel.AbstractChannel$AnnotatedConnectException: Connection refused: /192.168.151.112:44285
	at sun.nio.ch.SocketChannelImpl.checkConnect(Native Method)
	at sun.nio.ch.SocketChannelImpl.finishConnect(SocketChannelImpl.java:717)
	at org.apache.ratis.thirdparty.io.netty.channel.socket.nio.NioSocketChannel.doFinishConnect(NioSocketChannel.java:327)
	at org.apache.ratis.thirdparty.io.netty.channel.nio.AbstractNioChannel$AbstractNioUnsafe.finishConnect(AbstractNioChannel.java:340)
	at org.apache.ratis.thirdparty.io.netty.channel.nio.NioEventLoop.processSelectedKey(NioEventLoop.java:632)
	at org.apache.ratis.thirdparty.io.netty.channel.nio.NioEventLoop.processSelectedKeysOptimized(NioEventLoop.java:579)
	at org.apache.ratis.thirdparty.io.netty.channel.nio.NioEventLoop.processSelectedKeys(NioEventLoop.java:496)
	at org.apache.ratis.thirdparty.io.netty.channel.nio.NioEventLoop.run(NioEventLoop.java:458)
	at org.apache.ratis.thirdparty.io.netty.util.concurrent.SingleThreadEventExecutor$5.run(SingleThreadEventExecutor.java:897)
	at org.apache.ratis.thirdparty.io.netty.util.concurrent.FastThreadLocalRunnable.run(FastThreadLocalRunnable.java:30)
	... 1 more
Caused by: java.net.ConnectException: Connection refused
	... 11 more
2019-10-15 04:21:37,658 [52fbfc08-63f7-48cc-855c-e048bc3c6967@group-88D59F24621E-LeaderElection77] INFO  impl.RaftServerImpl (RaftServerImpl.java:setRole(170)) - 52fbfc08-63f7-48cc-855c-e048bc3c6967@group-88D59F24621E: changes role from CANDIDATE to FOLLOWER at term 2 for DISCOVERED_A_NEW_TERM
2019-10-15 04:21:37,660 [52fbfc08-63f7-48cc-855c-e048bc3c6967@group-88D59F24621E-LeaderElection77] INFO  impl.RoleInfo (RoleInfo.java:shutdownLeaderElection(134)) - 52fbfc08-63f7-48cc-855c-e048bc3c6967: shutdown LeaderElection
2019-10-15 04:21:37,660 [6e548805-b2c6-4eb0-be2a-269260f5db19@group-88D59F24621E-LeaderElection76] INFO  impl.RaftServerImpl (RaftServerImpl.java:setRole(170)) - 6e548805-b2c6-4eb0-be2a-269260f5db19@group-88D59F24621E: changes role from CANDIDATE to FOLLOWER at term 2 for DISCOVERED_A_NEW_TERM
2019-10-15 04:21:37,660 [52fbfc08-63f7-48cc-855c-e048bc3c6967@group-88D59F24621E-LeaderElection77] INFO  impl.RoleInfo (RoleInfo.java:updateAndGet(143)) - 52fbfc08-63f7-48cc-855c-e048bc3c6967: start FollowerState
2019-10-15 04:21:37,660 [6e548805-b2c6-4eb0-be2a-269260f5db19@group-88D59F24621E-LeaderElection76] INFO  impl.RoleInfo (RoleInfo.java:shutdownLeaderElection(134)) - 6e548805-b2c6-4eb0-be2a-269260f5db19: shutdown LeaderElection
2019-10-15 04:21:37,661 [6e548805-b2c6-4eb0-be2a-269260f5db19@group-88D59F24621E-LeaderElection76] INFO  impl.RoleInfo (RoleInfo.java:updateAndGet(143)) - 6e548805-b2c6-4eb0-be2a-269260f5db19: start FollowerState
]]></system-out>
  </testcase>
</testsuite>