<?xml version="1.0" encoding="UTF-8"?>
<testsuite xmlns:xsi="http://www.w3.org/2001/XMLSchema-instance" xsi:noNamespaceSchemaLocation="https://maven.apache.org/surefire/maven-surefire-plugin/xsd/surefire-test-report.xsd" name="org.apache.hadoop.ozone.client.rpc.TestWatchForCommit" time="190.367" tests="5" errors="1" skipped="0" failures="1">
  <properties>
    <property name="awt.toolkit" value="sun.awt.X11.XToolkit"/>
    <property name="file.encoding.pkg" value="sun.io"/>
    <property name="java.specification.version" value="1.8"/>
    <property name="sun.cpu.isalist" value=""/>
    <property name="sun.jnu.encoding" value="UTF-8"/>
    <property name="java.class.path" value="/workdir/hadoop-ozone/integration-test/target/test-classes:/workdir/hadoop-ozone/integration-test/target/classes:/home/user/.m2/repository/org/apache/hadoop/hadoop-ozone-common/0.5.0-SNAPSHOT/hadoop-ozone-common-0.5.0-SNAPSHOT.jar:/home/user/.m2/repository/org/apache/commons/commons-compress/1.4.1/commons-compress-1.4.1.jar:/home/user/.m2/repository/org/tukaani/xz/1.0/xz-1.0.jar:/home/user/.m2/repository/org/apache/hadoop/hadoop-common/3.2.0/hadoop-common-3.2.0.jar:/home/user/.m2/repository/org/apache/hadoop/hadoop-hdfs/3.2.0/hadoop-hdfs-3.2.0.jar:/home/user/.m2/repository/org/apache/hadoop/hadoop-hdfs-client/3.2.0/hadoop-hdfs-client-3.2.0.jar:/home/user/.m2/repository/com/fasterxml/jackson/core/jackson-annotations/2.9.9/jackson-annotations-2.9.9.jar:/home/user/.m2/repository/org/apache/hadoop/hadoop-hdds-common/0.5.0-SNAPSHOT/hadoop-hdds-common-0.5.0-SNAPSHOT.jar:/home/user/.m2/repository/javax/annotation/javax.annotation-api/1.2/javax.annotation-api-1.2.jar:/home/user/.m2/repository/org/apache/ratis/ratis-server/0.5.0-3f446aa-SNAPSHOT/ratis-server-0.5.0-3f446aa-SNAPSHOT.jar:/home/user/.m2/repository/org/apache/ratis/ratis-thirdparty-misc/0.2.0/ratis-thirdparty-misc-0.2.0.jar:/home/user/.m2/repository/org/apache/ratis/ratis-proto/0.5.0-3f446aa-SNAPSHOT/ratis-proto-0.5.0-3f446aa-SNAPSHOT.jar:/home/user/.m2/repository/org/apache/ratis/ratis-common/0.5.0-3f446aa-SNAPSHOT/ratis-common-0.5.0-3f446aa-SNAPSHOT.jar:/home/user/.m2/repository/org/apache/ratis/ratis-client/0.5.0-3f446aa-SNAPSHOT/ratis-client-0.5.0-3f446aa-SNAPSHOT.jar:/home/user/.m2/repository/org/apache/ratis/ratis-metrics/0.5.0-3f446aa-SNAPSHOT/ratis-metrics-0.5.0-3f446aa-SNAPSHOT.jar:/home/user/.m2/repository/com/github/joshelser/dropwizard-metrics-hadoop-metrics2-reporter/0.1.2/dropwizard-metrics-hadoop-metrics2-reporter-0.1.2.jar:/home/user/.m2/repository/io/dropwizard/metrics/metrics-jvm/3.2.5/metrics-jvm-3.2.5.jar:/home/user/.m2/repository/io/dropwizard/metrics/metrics-ganglia/3.2.5/metrics-ganglia-3.2.5.jar:/home/user/.m2/repository/info/ganglia/gmetric4j/gmetric4j/1.0.7/gmetric4j-1.0.7.jar:/home/user/.m2/repository/org/apache/ratis/ratis-netty/0.5.0-3f446aa-SNAPSHOT/ratis-netty-0.5.0-3f446aa-SNAPSHOT.jar:/home/user/.m2/repository/org/apache/ratis/ratis-grpc/0.5.0-3f446aa-SNAPSHOT/ratis-grpc-0.5.0-3f446aa-SNAPSHOT.jar:/home/user/.m2/repository/org/rocksdb/rocksdbjni/6.0.1/rocksdbjni-6.0.1.jar:/home/user/.m2/repository/org/apache/logging/log4j/log4j-api/2.11.0/log4j-api-2.11.0.jar:/home/user/.m2/repository/org/apache/logging/log4j/log4j-core/2.11.0/log4j-core-2.11.0.jar:/home/user/.m2/repository/com/lmax/disruptor/3.4.2/disruptor-3.4.2.jar:/home/user/.m2/repository/org/apache/commons/commons-pool2/2.6.0/commons-pool2-2.6.0.jar:/home/user/.m2/repository/org/bouncycastle/bcpkix-jdk15on/1.60/bcpkix-jdk15on-1.60.jar:/home/user/.m2/repository/commons-validator/commons-validator/1.6/commons-validator-1.6.jar:/home/user/.m2/repository/commons-digester/commons-digester/1.8.1/commons-digester-1.8.1.jar:/home/user/.m2/repository/io/jaegertracing/jaeger-client/0.34.0/jaeger-client-0.34.0.jar:/home/user/.m2/repository/io/jaegertracing/jaeger-thrift/0.34.0/jaeger-thrift-0.34.0.jar:/home/user/.m2/repository/org/apache/thrift/libthrift/0.12.0/libthrift-0.12.0.jar:/home/user/.m2/repository/com/squareup/okhttp3/okhttp/3.9.0/okhttp-3.9.0.jar:/home/user/.m2/repository/com/squareup/okio/okio/1.13.0/okio-1.13.0.jar:/home/user/.m2/repository/io/jaegertracing/jaeger-core/0.34.0/jaeger-core-0.34.0.jar:/home/user/.m2/repository/io/jaegertracing/jaeger-tracerresolver/0.34.0/jaeger-tracerresolver-0.34.0.jar:/home/user/.m2/repository/io/opentracing/contrib/opentracing-tracerresolver/0.1.5/opentracing-tracerresolver-0.1.5.jar:/home/user/.m2/repository/io/opentracing/opentracing-util/0.31.0/opentracing-util-0.31.0.jar:/home/user/.m2/repository/io/opentracing/opentracing-api/0.31.0/opentracing-api-0.31.0.jar:/home/user/.m2/repository/io/opentracing/opentracing-noop/0.31.0/opentracing-noop-0.31.0.jar:/home/user/.m2/repository/org/apache/hadoop/hadoop-hdds-server-framework/0.5.0-SNAPSHOT/hadoop-hdds-server-framework-0.5.0-SNAPSHOT.jar:/home/user/.m2/repository/org/apache/hadoop/hadoop-hdds-container-service/0.5.0-SNAPSHOT/hadoop-hdds-container-service-0.5.0-SNAPSHOT.jar:/home/user/.m2/repository/org/apache/hadoop/hadoop-hdds-client/0.5.0-SNAPSHOT/hadoop-hdds-client-0.5.0-SNAPSHOT.jar:/home/user/.m2/repository/org/apache/hadoop/hadoop-hdds-tools/0.5.0-SNAPSHOT/hadoop-hdds-tools-0.5.0-SNAPSHOT.jar:/home/user/.m2/repository/org/apache/hadoop/hadoop-hdds-server-scm/0.5.0-SNAPSHOT/hadoop-hdds-server-scm-0.5.0-SNAPSHOT.jar:/home/user/.m2/repository/org/apache/hadoop/hadoop-hdds-docs/0.5.0-SNAPSHOT/hadoop-hdds-docs-0.5.0-SNAPSHOT.jar:/home/user/.m2/repository/io/dropwizard/metrics/metrics-core/3.2.4/metrics-core-3.2.4.jar:/home/user/.m2/repository/org/hamcrest/hamcrest-all/1.3/hamcrest-all-1.3.jar:/home/user/.m2/repository/org/bouncycastle/bcprov-jdk15on/1.60/bcprov-jdk15on-1.60.jar:/home/user/.m2/repository/info/picocli/picocli/3.9.6/picocli-3.9.6.jar:/home/user/.m2/repository/com/google/protobuf/protobuf-java/2.5.0/protobuf-java-2.5.0.jar:/home/user/.m2/repository/com/google/guava/guava/11.0.2/guava-11.0.2.jar:/home/user/.m2/repository/org/apache/hadoop/hadoop-ozone-ozone-manager/0.5.0-SNAPSHOT/hadoop-ozone-ozone-manager-0.5.0-SNAPSHOT.jar:/home/user/.m2/repository/org/apache/hadoop/hadoop-minikdc/3.2.0/hadoop-minikdc-3.2.0.jar:/home/user/.m2/repository/commons-io/commons-io/2.5/commons-io-2.5.jar:/home/user/.m2/repository/org/apache/kerby/kerb-simplekdc/1.0.1/kerb-simplekdc-1.0.1.jar:/home/user/.m2/repository/org/apache/kerby/kerb-client/1.0.1/kerb-client-1.0.1.jar:/home/user/.m2/repository/org/apache/kerby/kerby-config/1.0.1/kerby-config-1.0.1.jar:/home/user/.m2/repository/org/apache/kerby/kerb-core/1.0.1/kerb-core-1.0.1.jar:/home/user/.m2/repository/org/apache/kerby/kerby-pkix/1.0.1/kerby-pkix-1.0.1.jar:/home/user/.m2/repository/org/apache/kerby/kerby-asn1/1.0.1/kerby-asn1-1.0.1.jar:/home/user/.m2/repository/org/apache/kerby/kerby-util/1.0.1/kerby-util-1.0.1.jar:/home/user/.m2/repository/org/apache/kerby/kerb-common/1.0.1/kerb-common-1.0.1.jar:/home/user/.m2/repository/org/apache/kerby/kerb-crypto/1.0.1/kerb-crypto-1.0.1.jar:/home/user/.m2/repository/org/apache/kerby/kerb-util/1.0.1/kerb-util-1.0.1.jar:/home/user/.m2/repository/org/apache/kerby/token-provider/1.0.1/token-provider-1.0.1.jar:/home/user/.m2/repository/org/apache/kerby/kerb-admin/1.0.1/kerb-admin-1.0.1.jar:/home/user/.m2/repository/org/apache/kerby/kerb-server/1.0.1/kerb-server-1.0.1.jar:/home/user/.m2/repository/org/apache/kerby/kerb-identity/1.0.1/kerb-identity-1.0.1.jar:/home/user/.m2/repository/org/apache/kerby/kerby-xdr/1.0.1/kerby-xdr-1.0.1.jar:/home/user/.m2/repository/org/slf4j/slf4j-log4j12/1.7.25/slf4j-log4j12-1.7.25.jar:/home/user/.m2/repository/org/apache/hadoop/hadoop-ozone-s3gateway/0.5.0-SNAPSHOT/hadoop-ozone-s3gateway-0.5.0-SNAPSHOT.jar:/home/user/.m2/repository/org/jboss/weld/servlet/weld-servlet/2.4.7.Final/weld-servlet-2.4.7.Final.jar:/home/user/.m2/repository/org/glassfish/jersey/containers/jersey-container-servlet-core/2.27/jersey-container-servlet-core-2.27.jar:/home/user/.m2/repository/org/glassfish/hk2/external/javax.inject/2.5.0-b42/javax.inject-2.5.0-b42.jar:/home/user/.m2/repository/org/glassfish/jersey/core/jersey-common/2.27/jersey-common-2.27.jar:/home/user/.m2/repository/org/glassfish/hk2/osgi-resource-locator/1.0.1/osgi-resource-locator-1.0.1.jar:/home/user/.m2/repository/javax/ws/rs/javax.ws.rs-api/2.1/javax.ws.rs-api-2.1.jar:/home/user/.m2/repository/org/glassfish/jersey/ext/cdi/jersey-cdi1x/2.27/jersey-cdi1x-2.27.jar:/home/user/.m2/repository/org/glassfish/jersey/inject/jersey-hk2/2.27/jersey-hk2-2.27.jar:/home/user/.m2/repository/org/glassfish/hk2/hk2-locator/2.5.0-b42/hk2-locator-2.5.0-b42.jar:/home/user/.m2/repository/org/javassist/javassist/3.22.0-CR2/javassist-3.22.0-CR2.jar:/home/user/.m2/repository/org/glassfish/hk2/hk2-api/2.5.0/hk2-api-2.5.0.jar:/home/user/.m2/repository/org/glassfish/hk2/external/jakarta.inject/2.5.0/jakarta.inject-2.5.0.jar:/home/user/.m2/repository/org/glassfish/hk2/hk2-utils/2.5.0/hk2-utils-2.5.0.jar:/home/user/.m2/repository/jakarta/annotation/jakarta.annotation-api/1.3.4/jakarta.annotation-api-1.3.4.jar:/home/user/.m2/repository/org/glassfish/hk2/external/aopalliance-repackaged/2.5.0/aopalliance-repackaged-2.5.0.jar:/home/user/.m2/repository/com/fasterxml/jackson/dataformat/jackson-dataformat-xml/2.9.0/jackson-dataformat-xml-2.9.0.jar:/home/user/.m2/repository/com/fasterxml/jackson/core/jackson-core/2.9.9/jackson-core-2.9.9.jar:/home/user/.m2/repository/com/fasterxml/jackson/module/jackson-module-jaxb-annotations/2.9.9/jackson-module-jaxb-annotations-2.9.9.jar:/home/user/.m2/repository/javax/enterprise/cdi-api/1.2/cdi-api-1.2.jar:/home/user/.m2/repository/javax/el/javax.el-api/3.0.0/javax.el-api-3.0.0.jar:/home/user/.m2/repository/javax/interceptor/javax.interceptor-api/1.2/javax.interceptor-api-1.2.jar:/home/user/.m2/repository/javax/inject/javax.inject/1/javax.inject-1.jar:/home/user/.m2/repository/com/sun/xml/bind/jaxb-impl/2.3.0.1/jaxb-impl-2.3.0.1.jar:/home/user/.m2/repository/com/sun/xml/bind/jaxb-core/2.3.0.1/jaxb-core-2.3.0.1.jar:/home/user/.m2/repository/javax/xml/bind/jaxb-api/2.3.0/jaxb-api-2.3.0.jar:/home/user/.m2/repository/javax/activation/activation/1.1.1/activation-1.1.1.jar:/home/user/.m2/repository/org/apache/hadoop/hadoop-ozone-csi/0.5.0-SNAPSHOT/hadoop-ozone-csi-0.5.0-SNAPSHOT.jar:/home/user/.m2/repository/com/google/protobuf/protobuf-java-util/3.5.1/protobuf-java-util-3.5.1.jar:/home/user/.m2/repository/org/apache/hadoop/hadoop-hdds-config/0.5.0-SNAPSHOT/hadoop-hdds-config-0.5.0-SNAPSHOT.jar:/home/user/.m2/repository/io/grpc/grpc-netty/1.17.1/grpc-netty-1.17.1.jar:/home/user/.m2/repository/io/grpc/grpc-core/1.17.1/grpc-core-1.17.1.jar:/home/user/.m2/repository/io/grpc/grpc-context/1.17.1/grpc-context-1.17.1.jar:/home/user/.m2/repository/com/google/errorprone/error_prone_annotations/2.2.0/error_prone_annotations-2.2.0.jar:/home/user/.m2/repository/org/codehaus/mojo/animal-sniffer-annotations/1.17/animal-sniffer-annotations-1.17.jar:/home/user/.m2/repository/io/opencensus/opencensus-api/0.17.0/opencensus-api-0.17.0.jar:/home/user/.m2/repository/io/opencensus/opencensus-contrib-grpc-metrics/0.17.0/opencensus-contrib-grpc-metrics-0.17.0.jar:/home/user/.m2/repository/io/netty/netty-codec-http2/4.1.30.Final/netty-codec-http2-4.1.30.Final.jar:/home/user/.m2/repository/io/netty/netty-codec-http/4.1.30.Final/netty-codec-http-4.1.30.Final.jar:/home/user/.m2/repository/io/netty/netty-codec/4.1.30.Final/netty-codec-4.1.30.Final.jar:/home/user/.m2/repository/io/netty/netty-handler/4.1.30.Final/netty-handler-4.1.30.Final.jar:/home/user/.m2/repository/io/netty/netty-handler-proxy/4.1.30.Final/netty-handler-proxy-4.1.30.Final.jar:/home/user/.m2/repository/io/netty/netty-codec-socks/4.1.30.Final/netty-codec-socks-4.1.30.Final.jar:/home/user/.m2/repository/io/netty/netty-transport-native-epoll/4.1.30.Final/netty-transport-native-epoll-4.1.30.Final.jar:/home/user/.m2/repository/io/netty/netty-common/4.1.30.Final/netty-common-4.1.30.Final.jar:/home/user/.m2/repository/io/netty/netty-buffer/4.1.30.Final/netty-buffer-4.1.30.Final.jar:/home/user/.m2/repository/io/netty/netty-transport/4.1.30.Final/netty-transport-4.1.30.Final.jar:/home/user/.m2/repository/io/netty/netty-resolver/4.1.30.Final/netty-resolver-4.1.30.Final.jar:/home/user/.m2/repository/io/netty/netty-transport-native-unix-common/4.1.30.Final/netty-transport-native-unix-common-4.1.30.Final.jar:/home/user/.m2/repository/io/grpc/grpc-protobuf/1.17.1/grpc-protobuf-1.17.1.jar:/home/user/.m2/repository/com/google/api/grpc/proto-google-common-protos/1.0.0/proto-google-common-protos-1.0.0.jar:/home/user/.m2/repository/io/grpc/grpc-protobuf-lite/1.17.1/grpc-protobuf-lite-1.17.1.jar:/home/user/.m2/repository/io/grpc/grpc-stub/1.17.1/grpc-stub-1.17.1.jar:/home/user/.m2/repository/org/apache/hadoop/hadoop-ozone-recon/0.5.0-SNAPSHOT/hadoop-ozone-recon-0.5.0-SNAPSHOT.jar:/home/user/.m2/repository/org/apache/hadoop/hadoop-ozone-reconcodegen/0.5.0-SNAPSHOT/hadoop-ozone-reconcodegen-0.5.0-SNAPSHOT.jar:/home/user/.m2/repository/com/google/inject/extensions/guice-multibindings/4.0/guice-multibindings-4.0.jar:/home/user/.m2/repository/com/google/inject/guice/4.0/guice-4.0.jar:/home/user/.m2/repository/aopalliance/aopalliance/1.0/aopalliance-1.0.jar:/home/user/.m2/repository/com/google/inject/extensions/guice-servlet/4.0/guice-servlet-4.0.jar:/home/user/.m2/repository/org/glassfish/jersey/containers/jersey-container-servlet/2.27/jersey-container-servlet-2.27.jar:/home/user/.m2/repository/org/glassfish/hk2/guice-bridge/2.5.0/guice-bridge-2.5.0.jar:/home/user/.m2/repository/org/glassfish/jersey/core/jersey-server/2.27/jersey-server-2.27.jar:/home/user/.m2/repository/org/glassfish/jersey/core/jersey-client/2.27/jersey-client-2.27.jar:/home/user/.m2/repository/org/glassfish/jersey/media/jersey-media-jaxb/2.27/jersey-media-jaxb-2.27.jar:/home/user/.m2/repository/javax/validation/validation-api/1.1.0.Final/validation-api-1.1.0.Final.jar:/home/user/.m2/repository/org/glassfish/jersey/media/jersey-media-json-jackson/2.27/jersey-media-json-jackson-2.27.jar:/home/user/.m2/repository/org/glassfish/jersey/ext/jersey-entity-filtering/2.27/jersey-entity-filtering-2.27.jar:/home/user/.m2/repository/com/google/inject/extensions/guice-assistedinject/4.0/guice-assistedinject-4.0.jar:/home/user/.m2/repository/org/jooq/jooq/3.11.10/jooq-3.11.10.jar:/home/user/.m2/repository/org/jooq/jooq-meta/3.11.10/jooq-meta-3.11.10.jar:/home/user/.m2/repository/org/jooq/jooq-codegen/3.11.10/jooq-codegen-3.11.10.jar:/home/user/.m2/repository/com/jolbox/bonecp/0.8.0.RELEASE/bonecp-0.8.0.RELEASE.jar:/home/user/.m2/repository/org/xerial/sqlite-jdbc/3.25.2/sqlite-jdbc-3.25.2.jar:/home/user/.m2/repository/org/springframework/spring-jdbc/5.1.3.RELEASE/spring-jdbc-5.1.3.RELEASE.jar:/home/user/.m2/repository/org/springframework/spring-beans/5.1.3.RELEASE/spring-beans-5.1.3.RELEASE.jar:/home/user/.m2/repository/org/springframework/spring-core/5.1.3.RELEASE/spring-core-5.1.3.RELEASE.jar:/home/user/.m2/repository/org/springframework/spring-jcl/5.1.3.RELEASE/spring-jcl-5.1.3.RELEASE.jar:/home/user/.m2/repository/org/springframework/spring-tx/5.1.3.RELEASE/spring-tx-5.1.3.RELEASE.jar:/home/user/.m2/repository/org/apache/hadoop/hadoop-ozone-client/0.5.0-SNAPSHOT/hadoop-ozone-client-0.5.0-SNAPSHOT.jar:/home/user/.m2/repository/commons-lang/commons-lang/2.6/commons-lang-2.6.jar:/home/user/.m2/repository/org/apache/hadoop/hadoop-ozone-ozone-manager/0.5.0-SNAPSHOT/hadoop-ozone-ozone-manager-0.5.0-SNAPSHOT-tests.jar:/home/user/.m2/repository/junit/junit/4.11/junit-4.11.jar:/home/user/.m2/repository/org/hamcrest/hamcrest-core/1.3/hamcrest-core-1.3.jar:/home/user/.m2/repository/org/openjdk/jmh/jmh-core/1.19/jmh-core-1.19.jar:/home/user/.m2/repository/net/sf/jopt-simple/jopt-simple/4.6/jopt-simple-4.6.jar:/home/user/.m2/repository/org/apache/commons/commons-math3/3.1.1/commons-math3-3.1.1.jar:/home/user/.m2/repository/org/openjdk/jmh/jmh-generator-annprocess/1.19/jmh-generator-annprocess-1.19.jar:/home/user/.m2/repository/org/mockito/mockito-all/1.8.5/mockito-all-1.8.5.jar:/home/user/.m2/repository/org/apache/hadoop/hadoop-kms/3.2.0/hadoop-kms-3.2.0.jar:/home/user/.m2/repository/org/apache/hadoop/hadoop-auth/3.2.0/hadoop-auth-3.2.0.jar:/home/user/.m2/repository/com/nimbusds/nimbus-jose-jwt/4.41.1/nimbus-jose-jwt-4.41.1.jar:/home/user/.m2/repository/com/github/stephenc/jcip/jcip-annotations/1.0-1/jcip-annotations-1.0-1.jar:/home/user/.m2/repository/net/minidev/json-smart/2.3/json-smart-2.3.jar:/home/user/.m2/repository/net/minidev/accessors-smart/1.2/accessors-smart-1.2.jar:/home/user/.m2/repository/org/ow2/asm/asm/5.0.4/asm-5.0.4.jar:/home/user/.m2/repository/org/apache/curator/curator-framework/2.12.0/curator-framework-2.12.0.jar:/home/user/.m2/repository/com/sun/jersey/jersey-core/1.19/jersey-core-1.19.jar:/home/user/.m2/repository/javax/ws/rs/jsr311-api/1.1.1/jsr311-api-1.1.1.jar:/home/user/.m2/repository/com/sun/jersey/jersey-server/1.19/jersey-server-1.19.jar:/home/user/.m2/repository/javax/servlet/javax.servlet-api/3.1.0/javax.servlet-api-3.1.0.jar:/home/user/.m2/repository/org/eclipse/jetty/jetty-server/9.3.25.v20180904/jetty-server-9.3.25.v20180904.jar:/home/user/.m2/repository/org/eclipse/jetty/jetty-http/9.3.25.v20180904/jetty-http-9.3.25.v20180904.jar:/home/user/.m2/repository/org/eclipse/jetty/jetty-io/9.3.25.v20180904/jetty-io-9.3.25.v20180904.jar:/home/user/.m2/repository/org/eclipse/jetty/jetty-webapp/9.3.25.v20180904/jetty-webapp-9.3.25.v20180904.jar:/home/user/.m2/repository/org/eclipse/jetty/jetty-xml/9.3.25.v20180904/jetty-xml-9.3.25.v20180904.jar:/home/user/.m2/repository/log4j/log4j/1.2.17/log4j-1.2.17.jar:/home/user/.m2/repository/org/slf4j/slf4j-api/1.7.25/slf4j-api-1.7.25.jar:/home/user/.m2/repository/org/slf4j/jul-to-slf4j/1.7.25/jul-to-slf4j-1.7.25.jar:/home/user/.m2/repository/org/eclipse/jetty/jetty-util/9.3.25.v20180904/jetty-util-9.3.25.v20180904.jar:/home/user/.m2/repository/com/fasterxml/jackson/core/jackson-databind/2.9.9/jackson-databind-2.9.9.jar:/home/user/.m2/repository/org/apache/hadoop/hadoop-kms/3.2.0/hadoop-kms-3.2.0-tests.jar:/home/user/.m2/repository/org/apache/hadoop/hadoop-hdds-server-scm/0.5.0-SNAPSHOT/hadoop-hdds-server-scm-0.5.0-SNAPSHOT-tests.jar:/home/user/.m2/repository/org/apache/hadoop/hadoop-hdds-container-service/0.5.0-SNAPSHOT/hadoop-hdds-container-service-0.5.0-SNAPSHOT-tests.jar:/home/user/.m2/repository/org/yaml/snakeyaml/1.16/snakeyaml-1.16.jar:/home/user/.m2/repository/org/apache/hadoop/hadoop-common/3.2.0/hadoop-common-3.2.0-tests.jar:/home/user/.m2/repository/org/apache/hadoop/hadoop-annotations/3.2.0/hadoop-annotations-3.2.0.jar:/usr/lib/jvm/java-1.8-openjdk/jre/../lib/tools.jar:/home/user/.m2/repository/commons-cli/commons-cli/1.2/commons-cli-1.2.jar:/home/user/.m2/repository/org/apache/httpcomponents/httpclient/4.5.2/httpclient-4.5.2.jar:/home/user/.m2/repository/org/apache/httpcomponents/httpcore/4.4.4/httpcore-4.4.4.jar:/home/user/.m2/repository/commons-codec/commons-codec/1.11/commons-codec-1.11.jar:/home/user/.m2/repository/commons-net/commons-net/3.6/commons-net-3.6.jar:/home/user/.m2/repository/commons-collections/commons-collections/3.2.2/commons-collections-3.2.2.jar:/home/user/.m2/repository/org/eclipse/jetty/jetty-servlet/9.3.25.v20180904/jetty-servlet-9.3.25.v20180904.jar:/home/user/.m2/repository/org/eclipse/jetty/jetty-security/9.3.25.v20180904/jetty-security-9.3.25.v20180904.jar:/home/user/.m2/repository/javax/servlet/jsp/jsp-api/2.1/jsp-api-2.1.jar:/home/user/.m2/repository/com/sun/jersey/jersey-servlet/1.19/jersey-servlet-1.19.jar:/home/user/.m2/repository/com/sun/jersey/jersey-json/1.19/jersey-json-1.19.jar:/home/user/.m2/repository/org/codehaus/jettison/jettison/1.1/jettison-1.1.jar:/home/user/.m2/repository/org/codehaus/jackson/jackson-core-asl/1.9.13/jackson-core-asl-1.9.13.jar:/home/user/.m2/repository/org/codehaus/jackson/jackson-mapper-asl/1.9.13/jackson-mapper-asl-1.9.13.jar:/home/user/.m2/repository/org/codehaus/jackson/jackson-jaxrs/1.9.13/jackson-jaxrs-1.9.13.jar:/home/user/.m2/repository/org/codehaus/jackson/jackson-xc/1.9.13/jackson-xc-1.9.13.jar:/home/user/.m2/repository/commons-logging/commons-logging/1.1.3/commons-logging-1.1.3.jar:/home/user/.m2/repository/commons-beanutils/commons-beanutils/1.9.4/commons-beanutils-1.9.4.jar:/home/user/.m2/repository/org/apache/commons/commons-configuration2/2.1.1/commons-configuration2-2.1.1.jar:/home/user/.m2/repository/org/apache/commons/commons-lang3/3.7/commons-lang3-3.7.jar:/home/user/.m2/repository/org/apache/commons/commons-text/1.4/commons-text-1.4.jar:/home/user/.m2/repository/org/apache/avro/avro/1.7.7/avro-1.7.7.jar:/home/user/.m2/repository/com/thoughtworks/paranamer/paranamer/2.3/paranamer-2.3.jar:/home/user/.m2/repository/org/xerial/snappy/snappy-java/1.0.5/snappy-java-1.0.5.jar:/home/user/.m2/repository/com/google/re2j/re2j/1.1/re2j-1.1.jar:/home/user/.m2/repository/com/google/code/gson/gson/2.2.4/gson-2.2.4.jar:/home/user/.m2/repository/com/jcraft/jsch/0.1.54/jsch-0.1.54.jar:/home/user/.m2/repository/org/apache/curator/curator-client/2.12.0/curator-client-2.12.0.jar:/home/user/.m2/repository/org/apache/curator/curator-recipes/2.12.0/curator-recipes-2.12.0.jar:/home/user/.m2/repository/com/google/code/findbugs/jsr305/3.0.0/jsr305-3.0.0.jar:/home/user/.m2/repository/org/apache/htrace/htrace-core4/4.1.0-incubating/htrace-core4-4.1.0-incubating.jar:/home/user/.m2/repository/org/apache/zookeeper/zookeeper/3.4.13/zookeeper-3.4.13.jar:/home/user/.m2/repository/jline/jline/0.9.94/jline-0.9.94.jar:/home/user/.m2/repository/org/apache/yetus/audience-annotations/0.5.0/audience-annotations-0.5.0.jar:/home/user/.m2/repository/org/codehaus/woodstox/stax2-api/3.1.4/stax2-api-3.1.4.jar:/home/user/.m2/repository/com/fasterxml/woodstox/woodstox-core/5.0.3/woodstox-core-5.0.3.jar:/home/user/.m2/repository/dnsjava/dnsjava/2.1.7/dnsjava-2.1.7.jar:/home/user/.m2/repository/org/apache/hadoop/hadoop-hdfs/3.2.0/hadoop-hdfs-3.2.0-tests.jar:/home/user/.m2/repository/org/eclipse/jetty/jetty-util-ajax/9.3.25.v20180904/jetty-util-ajax-9.3.25.v20180904.jar:/home/user/.m2/repository/commons-daemon/commons-daemon/1.0.13/commons-daemon-1.0.13.jar:/home/user/.m2/repository/io/netty/netty/3.10.5.Final/netty-3.10.5.Final.jar:/home/user/.m2/repository/io/netty/netty-all/4.0.52.Final/netty-all-4.0.52.Final.jar:/home/user/.m2/repository/org/fusesource/leveldbjni/leveldbjni-all/1.8/leveldbjni-all-1.8.jar:"/>
    <property name="java.vm.vendor" value="IcedTea"/>
    <property name="sun.arch.data.model" value="64"/>
    <property name="test.build.dir" value="/workdir/hadoop-ozone/integration-test/target/test-dir"/>
    <property name="test.cache.data" value=""/>
    <property name="java.vendor.url" value="https://icedtea.classpath.org"/>
    <property name="user.timezone" value=""/>
    <property name="java.vm.specification.version" value="1.8"/>
    <property name="os.name" value="Linux"/>
    <property name="test.build.data" value="/workdir/hadoop-ozone/integration-test/target/test-dir"/>
    <property name="user.country" value="US"/>
    <property name="sun.java.launcher" value="SUN_STANDARD"/>
    <property name="sun.boot.library.path" value="/usr/lib/jvm/java-1.8-openjdk/jre/lib/amd64"/>
    <property name="sun.java.command" value="/workdir/hadoop-ozone/integration-test/target/surefire/surefirebooter1395136579421540898.jar /workdir/hadoop-ozone/integration-test/target/surefire 2019-10-15T03-01-07_073-jvmRun1 surefire8221345972175779016tmp surefire_20913095058054125268tmp"/>
    <property name="test" value="!TestMiniChaosOzoneCluster"/>
    <property name="surefire.test.class.path" value="/workdir/hadoop-ozone/integration-test/target/test-classes:/workdir/hadoop-ozone/integration-test/target/classes:/home/user/.m2/repository/org/apache/hadoop/hadoop-ozone-common/0.5.0-SNAPSHOT/hadoop-ozone-common-0.5.0-SNAPSHOT.jar:/home/user/.m2/repository/org/apache/commons/commons-compress/1.4.1/commons-compress-1.4.1.jar:/home/user/.m2/repository/org/tukaani/xz/1.0/xz-1.0.jar:/home/user/.m2/repository/org/apache/hadoop/hadoop-common/3.2.0/hadoop-common-3.2.0.jar:/home/user/.m2/repository/org/apache/hadoop/hadoop-hdfs/3.2.0/hadoop-hdfs-3.2.0.jar:/home/user/.m2/repository/org/apache/hadoop/hadoop-hdfs-client/3.2.0/hadoop-hdfs-client-3.2.0.jar:/home/user/.m2/repository/com/fasterxml/jackson/core/jackson-annotations/2.9.9/jackson-annotations-2.9.9.jar:/home/user/.m2/repository/org/apache/hadoop/hadoop-hdds-common/0.5.0-SNAPSHOT/hadoop-hdds-common-0.5.0-SNAPSHOT.jar:/home/user/.m2/repository/javax/annotation/javax.annotation-api/1.2/javax.annotation-api-1.2.jar:/home/user/.m2/repository/org/apache/ratis/ratis-server/0.5.0-3f446aa-SNAPSHOT/ratis-server-0.5.0-3f446aa-SNAPSHOT.jar:/home/user/.m2/repository/org/apache/ratis/ratis-thirdparty-misc/0.2.0/ratis-thirdparty-misc-0.2.0.jar:/home/user/.m2/repository/org/apache/ratis/ratis-proto/0.5.0-3f446aa-SNAPSHOT/ratis-proto-0.5.0-3f446aa-SNAPSHOT.jar:/home/user/.m2/repository/org/apache/ratis/ratis-common/0.5.0-3f446aa-SNAPSHOT/ratis-common-0.5.0-3f446aa-SNAPSHOT.jar:/home/user/.m2/repository/org/apache/ratis/ratis-client/0.5.0-3f446aa-SNAPSHOT/ratis-client-0.5.0-3f446aa-SNAPSHOT.jar:/home/user/.m2/repository/org/apache/ratis/ratis-metrics/0.5.0-3f446aa-SNAPSHOT/ratis-metrics-0.5.0-3f446aa-SNAPSHOT.jar:/home/user/.m2/repository/com/github/joshelser/dropwizard-metrics-hadoop-metrics2-reporter/0.1.2/dropwizard-metrics-hadoop-metrics2-reporter-0.1.2.jar:/home/user/.m2/repository/io/dropwizard/metrics/metrics-jvm/3.2.5/metrics-jvm-3.2.5.jar:/home/user/.m2/repository/io/dropwizard/metrics/metrics-ganglia/3.2.5/metrics-ganglia-3.2.5.jar:/home/user/.m2/repository/info/ganglia/gmetric4j/gmetric4j/1.0.7/gmetric4j-1.0.7.jar:/home/user/.m2/repository/org/apache/ratis/ratis-netty/0.5.0-3f446aa-SNAPSHOT/ratis-netty-0.5.0-3f446aa-SNAPSHOT.jar:/home/user/.m2/repository/org/apache/ratis/ratis-grpc/0.5.0-3f446aa-SNAPSHOT/ratis-grpc-0.5.0-3f446aa-SNAPSHOT.jar:/home/user/.m2/repository/org/rocksdb/rocksdbjni/6.0.1/rocksdbjni-6.0.1.jar:/home/user/.m2/repository/org/apache/logging/log4j/log4j-api/2.11.0/log4j-api-2.11.0.jar:/home/user/.m2/repository/org/apache/logging/log4j/log4j-core/2.11.0/log4j-core-2.11.0.jar:/home/user/.m2/repository/com/lmax/disruptor/3.4.2/disruptor-3.4.2.jar:/home/user/.m2/repository/org/apache/commons/commons-pool2/2.6.0/commons-pool2-2.6.0.jar:/home/user/.m2/repository/org/bouncycastle/bcpkix-jdk15on/1.60/bcpkix-jdk15on-1.60.jar:/home/user/.m2/repository/commons-validator/commons-validator/1.6/commons-validator-1.6.jar:/home/user/.m2/repository/commons-digester/commons-digester/1.8.1/commons-digester-1.8.1.jar:/home/user/.m2/repository/io/jaegertracing/jaeger-client/0.34.0/jaeger-client-0.34.0.jar:/home/user/.m2/repository/io/jaegertracing/jaeger-thrift/0.34.0/jaeger-thrift-0.34.0.jar:/home/user/.m2/repository/org/apache/thrift/libthrift/0.12.0/libthrift-0.12.0.jar:/home/user/.m2/repository/com/squareup/okhttp3/okhttp/3.9.0/okhttp-3.9.0.jar:/home/user/.m2/repository/com/squareup/okio/okio/1.13.0/okio-1.13.0.jar:/home/user/.m2/repository/io/jaegertracing/jaeger-core/0.34.0/jaeger-core-0.34.0.jar:/home/user/.m2/repository/io/jaegertracing/jaeger-tracerresolver/0.34.0/jaeger-tracerresolver-0.34.0.jar:/home/user/.m2/repository/io/opentracing/contrib/opentracing-tracerresolver/0.1.5/opentracing-tracerresolver-0.1.5.jar:/home/user/.m2/repository/io/opentracing/opentracing-util/0.31.0/opentracing-util-0.31.0.jar:/home/user/.m2/repository/io/opentracing/opentracing-api/0.31.0/opentracing-api-0.31.0.jar:/home/user/.m2/repository/io/opentracing/opentracing-noop/0.31.0/opentracing-noop-0.31.0.jar:/home/user/.m2/repository/org/apache/hadoop/hadoop-hdds-server-framework/0.5.0-SNAPSHOT/hadoop-hdds-server-framework-0.5.0-SNAPSHOT.jar:/home/user/.m2/repository/org/apache/hadoop/hadoop-hdds-container-service/0.5.0-SNAPSHOT/hadoop-hdds-container-service-0.5.0-SNAPSHOT.jar:/home/user/.m2/repository/org/apache/hadoop/hadoop-hdds-client/0.5.0-SNAPSHOT/hadoop-hdds-client-0.5.0-SNAPSHOT.jar:/home/user/.m2/repository/org/apache/hadoop/hadoop-hdds-tools/0.5.0-SNAPSHOT/hadoop-hdds-tools-0.5.0-SNAPSHOT.jar:/home/user/.m2/repository/org/apache/hadoop/hadoop-hdds-server-scm/0.5.0-SNAPSHOT/hadoop-hdds-server-scm-0.5.0-SNAPSHOT.jar:/home/user/.m2/repository/org/apache/hadoop/hadoop-hdds-docs/0.5.0-SNAPSHOT/hadoop-hdds-docs-0.5.0-SNAPSHOT.jar:/home/user/.m2/repository/io/dropwizard/metrics/metrics-core/3.2.4/metrics-core-3.2.4.jar:/home/user/.m2/repository/org/hamcrest/hamcrest-all/1.3/hamcrest-all-1.3.jar:/home/user/.m2/repository/org/bouncycastle/bcprov-jdk15on/1.60/bcprov-jdk15on-1.60.jar:/home/user/.m2/repository/info/picocli/picocli/3.9.6/picocli-3.9.6.jar:/home/user/.m2/repository/com/google/protobuf/protobuf-java/2.5.0/protobuf-java-2.5.0.jar:/home/user/.m2/repository/com/google/guava/guava/11.0.2/guava-11.0.2.jar:/home/user/.m2/repository/org/apache/hadoop/hadoop-ozone-ozone-manager/0.5.0-SNAPSHOT/hadoop-ozone-ozone-manager-0.5.0-SNAPSHOT.jar:/home/user/.m2/repository/org/apache/hadoop/hadoop-minikdc/3.2.0/hadoop-minikdc-3.2.0.jar:/home/user/.m2/repository/commons-io/commons-io/2.5/commons-io-2.5.jar:/home/user/.m2/repository/org/apache/kerby/kerb-simplekdc/1.0.1/kerb-simplekdc-1.0.1.jar:/home/user/.m2/repository/org/apache/kerby/kerb-client/1.0.1/kerb-client-1.0.1.jar:/home/user/.m2/repository/org/apache/kerby/kerby-config/1.0.1/kerby-config-1.0.1.jar:/home/user/.m2/repository/org/apache/kerby/kerb-core/1.0.1/kerb-core-1.0.1.jar:/home/user/.m2/repository/org/apache/kerby/kerby-pkix/1.0.1/kerby-pkix-1.0.1.jar:/home/user/.m2/repository/org/apache/kerby/kerby-asn1/1.0.1/kerby-asn1-1.0.1.jar:/home/user/.m2/repository/org/apache/kerby/kerby-util/1.0.1/kerby-util-1.0.1.jar:/home/user/.m2/repository/org/apache/kerby/kerb-common/1.0.1/kerb-common-1.0.1.jar:/home/user/.m2/repository/org/apache/kerby/kerb-crypto/1.0.1/kerb-crypto-1.0.1.jar:/home/user/.m2/repository/org/apache/kerby/kerb-util/1.0.1/kerb-util-1.0.1.jar:/home/user/.m2/repository/org/apache/kerby/token-provider/1.0.1/token-provider-1.0.1.jar:/home/user/.m2/repository/org/apache/kerby/kerb-admin/1.0.1/kerb-admin-1.0.1.jar:/home/user/.m2/repository/org/apache/kerby/kerb-server/1.0.1/kerb-server-1.0.1.jar:/home/user/.m2/repository/org/apache/kerby/kerb-identity/1.0.1/kerb-identity-1.0.1.jar:/home/user/.m2/repository/org/apache/kerby/kerby-xdr/1.0.1/kerby-xdr-1.0.1.jar:/home/user/.m2/repository/org/slf4j/slf4j-log4j12/1.7.25/slf4j-log4j12-1.7.25.jar:/home/user/.m2/repository/org/apache/hadoop/hadoop-ozone-s3gateway/0.5.0-SNAPSHOT/hadoop-ozone-s3gateway-0.5.0-SNAPSHOT.jar:/home/user/.m2/repository/org/jboss/weld/servlet/weld-servlet/2.4.7.Final/weld-servlet-2.4.7.Final.jar:/home/user/.m2/repository/org/glassfish/jersey/containers/jersey-container-servlet-core/2.27/jersey-container-servlet-core-2.27.jar:/home/user/.m2/repository/org/glassfish/hk2/external/javax.inject/2.5.0-b42/javax.inject-2.5.0-b42.jar:/home/user/.m2/repository/org/glassfish/jersey/core/jersey-common/2.27/jersey-common-2.27.jar:/home/user/.m2/repository/org/glassfish/hk2/osgi-resource-locator/1.0.1/osgi-resource-locator-1.0.1.jar:/home/user/.m2/repository/javax/ws/rs/javax.ws.rs-api/2.1/javax.ws.rs-api-2.1.jar:/home/user/.m2/repository/org/glassfish/jersey/ext/cdi/jersey-cdi1x/2.27/jersey-cdi1x-2.27.jar:/home/user/.m2/repository/org/glassfish/jersey/inject/jersey-hk2/2.27/jersey-hk2-2.27.jar:/home/user/.m2/repository/org/glassfish/hk2/hk2-locator/2.5.0-b42/hk2-locator-2.5.0-b42.jar:/home/user/.m2/repository/org/javassist/javassist/3.22.0-CR2/javassist-3.22.0-CR2.jar:/home/user/.m2/repository/org/glassfish/hk2/hk2-api/2.5.0/hk2-api-2.5.0.jar:/home/user/.m2/repository/org/glassfish/hk2/external/jakarta.inject/2.5.0/jakarta.inject-2.5.0.jar:/home/user/.m2/repository/org/glassfish/hk2/hk2-utils/2.5.0/hk2-utils-2.5.0.jar:/home/user/.m2/repository/jakarta/annotation/jakarta.annotation-api/1.3.4/jakarta.annotation-api-1.3.4.jar:/home/user/.m2/repository/org/glassfish/hk2/external/aopalliance-repackaged/2.5.0/aopalliance-repackaged-2.5.0.jar:/home/user/.m2/repository/com/fasterxml/jackson/dataformat/jackson-dataformat-xml/2.9.0/jackson-dataformat-xml-2.9.0.jar:/home/user/.m2/repository/com/fasterxml/jackson/core/jackson-core/2.9.9/jackson-core-2.9.9.jar:/home/user/.m2/repository/com/fasterxml/jackson/module/jackson-module-jaxb-annotations/2.9.9/jackson-module-jaxb-annotations-2.9.9.jar:/home/user/.m2/repository/javax/enterprise/cdi-api/1.2/cdi-api-1.2.jar:/home/user/.m2/repository/javax/el/javax.el-api/3.0.0/javax.el-api-3.0.0.jar:/home/user/.m2/repository/javax/interceptor/javax.interceptor-api/1.2/javax.interceptor-api-1.2.jar:/home/user/.m2/repository/javax/inject/javax.inject/1/javax.inject-1.jar:/home/user/.m2/repository/com/sun/xml/bind/jaxb-impl/2.3.0.1/jaxb-impl-2.3.0.1.jar:/home/user/.m2/repository/com/sun/xml/bind/jaxb-core/2.3.0.1/jaxb-core-2.3.0.1.jar:/home/user/.m2/repository/javax/xml/bind/jaxb-api/2.3.0/jaxb-api-2.3.0.jar:/home/user/.m2/repository/javax/activation/activation/1.1.1/activation-1.1.1.jar:/home/user/.m2/repository/org/apache/hadoop/hadoop-ozone-csi/0.5.0-SNAPSHOT/hadoop-ozone-csi-0.5.0-SNAPSHOT.jar:/home/user/.m2/repository/com/google/protobuf/protobuf-java-util/3.5.1/protobuf-java-util-3.5.1.jar:/home/user/.m2/repository/org/apache/hadoop/hadoop-hdds-config/0.5.0-SNAPSHOT/hadoop-hdds-config-0.5.0-SNAPSHOT.jar:/home/user/.m2/repository/io/grpc/grpc-netty/1.17.1/grpc-netty-1.17.1.jar:/home/user/.m2/repository/io/grpc/grpc-core/1.17.1/grpc-core-1.17.1.jar:/home/user/.m2/repository/io/grpc/grpc-context/1.17.1/grpc-context-1.17.1.jar:/home/user/.m2/repository/com/google/errorprone/error_prone_annotations/2.2.0/error_prone_annotations-2.2.0.jar:/home/user/.m2/repository/org/codehaus/mojo/animal-sniffer-annotations/1.17/animal-sniffer-annotations-1.17.jar:/home/user/.m2/repository/io/opencensus/opencensus-api/0.17.0/opencensus-api-0.17.0.jar:/home/user/.m2/repository/io/opencensus/opencensus-contrib-grpc-metrics/0.17.0/opencensus-contrib-grpc-metrics-0.17.0.jar:/home/user/.m2/repository/io/netty/netty-codec-http2/4.1.30.Final/netty-codec-http2-4.1.30.Final.jar:/home/user/.m2/repository/io/netty/netty-codec-http/4.1.30.Final/netty-codec-http-4.1.30.Final.jar:/home/user/.m2/repository/io/netty/netty-codec/4.1.30.Final/netty-codec-4.1.30.Final.jar:/home/user/.m2/repository/io/netty/netty-handler/4.1.30.Final/netty-handler-4.1.30.Final.jar:/home/user/.m2/repository/io/netty/netty-handler-proxy/4.1.30.Final/netty-handler-proxy-4.1.30.Final.jar:/home/user/.m2/repository/io/netty/netty-codec-socks/4.1.30.Final/netty-codec-socks-4.1.30.Final.jar:/home/user/.m2/repository/io/netty/netty-transport-native-epoll/4.1.30.Final/netty-transport-native-epoll-4.1.30.Final.jar:/home/user/.m2/repository/io/netty/netty-common/4.1.30.Final/netty-common-4.1.30.Final.jar:/home/user/.m2/repository/io/netty/netty-buffer/4.1.30.Final/netty-buffer-4.1.30.Final.jar:/home/user/.m2/repository/io/netty/netty-transport/4.1.30.Final/netty-transport-4.1.30.Final.jar:/home/user/.m2/repository/io/netty/netty-resolver/4.1.30.Final/netty-resolver-4.1.30.Final.jar:/home/user/.m2/repository/io/netty/netty-transport-native-unix-common/4.1.30.Final/netty-transport-native-unix-common-4.1.30.Final.jar:/home/user/.m2/repository/io/grpc/grpc-protobuf/1.17.1/grpc-protobuf-1.17.1.jar:/home/user/.m2/repository/com/google/api/grpc/proto-google-common-protos/1.0.0/proto-google-common-protos-1.0.0.jar:/home/user/.m2/repository/io/grpc/grpc-protobuf-lite/1.17.1/grpc-protobuf-lite-1.17.1.jar:/home/user/.m2/repository/io/grpc/grpc-stub/1.17.1/grpc-stub-1.17.1.jar:/home/user/.m2/repository/org/apache/hadoop/hadoop-ozone-recon/0.5.0-SNAPSHOT/hadoop-ozone-recon-0.5.0-SNAPSHOT.jar:/home/user/.m2/repository/org/apache/hadoop/hadoop-ozone-reconcodegen/0.5.0-SNAPSHOT/hadoop-ozone-reconcodegen-0.5.0-SNAPSHOT.jar:/home/user/.m2/repository/com/google/inject/extensions/guice-multibindings/4.0/guice-multibindings-4.0.jar:/home/user/.m2/repository/com/google/inject/guice/4.0/guice-4.0.jar:/home/user/.m2/repository/aopalliance/aopalliance/1.0/aopalliance-1.0.jar:/home/user/.m2/repository/com/google/inject/extensions/guice-servlet/4.0/guice-servlet-4.0.jar:/home/user/.m2/repository/org/glassfish/jersey/containers/jersey-container-servlet/2.27/jersey-container-servlet-2.27.jar:/home/user/.m2/repository/org/glassfish/hk2/guice-bridge/2.5.0/guice-bridge-2.5.0.jar:/home/user/.m2/repository/org/glassfish/jersey/core/jersey-server/2.27/jersey-server-2.27.jar:/home/user/.m2/repository/org/glassfish/jersey/core/jersey-client/2.27/jersey-client-2.27.jar:/home/user/.m2/repository/org/glassfish/jersey/media/jersey-media-jaxb/2.27/jersey-media-jaxb-2.27.jar:/home/user/.m2/repository/javax/validation/validation-api/1.1.0.Final/validation-api-1.1.0.Final.jar:/home/user/.m2/repository/org/glassfish/jersey/media/jersey-media-json-jackson/2.27/jersey-media-json-jackson-2.27.jar:/home/user/.m2/repository/org/glassfish/jersey/ext/jersey-entity-filtering/2.27/jersey-entity-filtering-2.27.jar:/home/user/.m2/repository/com/google/inject/extensions/guice-assistedinject/4.0/guice-assistedinject-4.0.jar:/home/user/.m2/repository/org/jooq/jooq/3.11.10/jooq-3.11.10.jar:/home/user/.m2/repository/org/jooq/jooq-meta/3.11.10/jooq-meta-3.11.10.jar:/home/user/.m2/repository/org/jooq/jooq-codegen/3.11.10/jooq-codegen-3.11.10.jar:/home/user/.m2/repository/com/jolbox/bonecp/0.8.0.RELEASE/bonecp-0.8.0.RELEASE.jar:/home/user/.m2/repository/org/xerial/sqlite-jdbc/3.25.2/sqlite-jdbc-3.25.2.jar:/home/user/.m2/repository/org/springframework/spring-jdbc/5.1.3.RELEASE/spring-jdbc-5.1.3.RELEASE.jar:/home/user/.m2/repository/org/springframework/spring-beans/5.1.3.RELEASE/spring-beans-5.1.3.RELEASE.jar:/home/user/.m2/repository/org/springframework/spring-core/5.1.3.RELEASE/spring-core-5.1.3.RELEASE.jar:/home/user/.m2/repository/org/springframework/spring-jcl/5.1.3.RELEASE/spring-jcl-5.1.3.RELEASE.jar:/home/user/.m2/repository/org/springframework/spring-tx/5.1.3.RELEASE/spring-tx-5.1.3.RELEASE.jar:/home/user/.m2/repository/org/apache/hadoop/hadoop-ozone-client/0.5.0-SNAPSHOT/hadoop-ozone-client-0.5.0-SNAPSHOT.jar:/home/user/.m2/repository/commons-lang/commons-lang/2.6/commons-lang-2.6.jar:/home/user/.m2/repository/org/apache/hadoop/hadoop-ozone-ozone-manager/0.5.0-SNAPSHOT/hadoop-ozone-ozone-manager-0.5.0-SNAPSHOT-tests.jar:/home/user/.m2/repository/junit/junit/4.11/junit-4.11.jar:/home/user/.m2/repository/org/hamcrest/hamcrest-core/1.3/hamcrest-core-1.3.jar:/home/user/.m2/repository/org/openjdk/jmh/jmh-core/1.19/jmh-core-1.19.jar:/home/user/.m2/repository/net/sf/jopt-simple/jopt-simple/4.6/jopt-simple-4.6.jar:/home/user/.m2/repository/org/apache/commons/commons-math3/3.1.1/commons-math3-3.1.1.jar:/home/user/.m2/repository/org/openjdk/jmh/jmh-generator-annprocess/1.19/jmh-generator-annprocess-1.19.jar:/home/user/.m2/repository/org/mockito/mockito-all/1.8.5/mockito-all-1.8.5.jar:/home/user/.m2/repository/org/apache/hadoop/hadoop-kms/3.2.0/hadoop-kms-3.2.0.jar:/home/user/.m2/repository/org/apache/hadoop/hadoop-auth/3.2.0/hadoop-auth-3.2.0.jar:/home/user/.m2/repository/com/nimbusds/nimbus-jose-jwt/4.41.1/nimbus-jose-jwt-4.41.1.jar:/home/user/.m2/repository/com/github/stephenc/jcip/jcip-annotations/1.0-1/jcip-annotations-1.0-1.jar:/home/user/.m2/repository/net/minidev/json-smart/2.3/json-smart-2.3.jar:/home/user/.m2/repository/net/minidev/accessors-smart/1.2/accessors-smart-1.2.jar:/home/user/.m2/repository/org/ow2/asm/asm/5.0.4/asm-5.0.4.jar:/home/user/.m2/repository/org/apache/curator/curator-framework/2.12.0/curator-framework-2.12.0.jar:/home/user/.m2/repository/com/sun/jersey/jersey-core/1.19/jersey-core-1.19.jar:/home/user/.m2/repository/javax/ws/rs/jsr311-api/1.1.1/jsr311-api-1.1.1.jar:/home/user/.m2/repository/com/sun/jersey/jersey-server/1.19/jersey-server-1.19.jar:/home/user/.m2/repository/javax/servlet/javax.servlet-api/3.1.0/javax.servlet-api-3.1.0.jar:/home/user/.m2/repository/org/eclipse/jetty/jetty-server/9.3.25.v20180904/jetty-server-9.3.25.v20180904.jar:/home/user/.m2/repository/org/eclipse/jetty/jetty-http/9.3.25.v20180904/jetty-http-9.3.25.v20180904.jar:/home/user/.m2/repository/org/eclipse/jetty/jetty-io/9.3.25.v20180904/jetty-io-9.3.25.v20180904.jar:/home/user/.m2/repository/org/eclipse/jetty/jetty-webapp/9.3.25.v20180904/jetty-webapp-9.3.25.v20180904.jar:/home/user/.m2/repository/org/eclipse/jetty/jetty-xml/9.3.25.v20180904/jetty-xml-9.3.25.v20180904.jar:/home/user/.m2/repository/log4j/log4j/1.2.17/log4j-1.2.17.jar:/home/user/.m2/repository/org/slf4j/slf4j-api/1.7.25/slf4j-api-1.7.25.jar:/home/user/.m2/repository/org/slf4j/jul-to-slf4j/1.7.25/jul-to-slf4j-1.7.25.jar:/home/user/.m2/repository/org/eclipse/jetty/jetty-util/9.3.25.v20180904/jetty-util-9.3.25.v20180904.jar:/home/user/.m2/repository/com/fasterxml/jackson/core/jackson-databind/2.9.9/jackson-databind-2.9.9.jar:/home/user/.m2/repository/org/apache/hadoop/hadoop-kms/3.2.0/hadoop-kms-3.2.0-tests.jar:/home/user/.m2/repository/org/apache/hadoop/hadoop-hdds-server-scm/0.5.0-SNAPSHOT/hadoop-hdds-server-scm-0.5.0-SNAPSHOT-tests.jar:/home/user/.m2/repository/org/apache/hadoop/hadoop-hdds-container-service/0.5.0-SNAPSHOT/hadoop-hdds-container-service-0.5.0-SNAPSHOT-tests.jar:/home/user/.m2/repository/org/yaml/snakeyaml/1.16/snakeyaml-1.16.jar:/home/user/.m2/repository/org/apache/hadoop/hadoop-common/3.2.0/hadoop-common-3.2.0-tests.jar:/home/user/.m2/repository/org/apache/hadoop/hadoop-annotations/3.2.0/hadoop-annotations-3.2.0.jar:/usr/lib/jvm/java-1.8-openjdk/jre/../lib/tools.jar:/home/user/.m2/repository/commons-cli/commons-cli/1.2/commons-cli-1.2.jar:/home/user/.m2/repository/org/apache/httpcomponents/httpclient/4.5.2/httpclient-4.5.2.jar:/home/user/.m2/repository/org/apache/httpcomponents/httpcore/4.4.4/httpcore-4.4.4.jar:/home/user/.m2/repository/commons-codec/commons-codec/1.11/commons-codec-1.11.jar:/home/user/.m2/repository/commons-net/commons-net/3.6/commons-net-3.6.jar:/home/user/.m2/repository/commons-collections/commons-collections/3.2.2/commons-collections-3.2.2.jar:/home/user/.m2/repository/org/eclipse/jetty/jetty-servlet/9.3.25.v20180904/jetty-servlet-9.3.25.v20180904.jar:/home/user/.m2/repository/org/eclipse/jetty/jetty-security/9.3.25.v20180904/jetty-security-9.3.25.v20180904.jar:/home/user/.m2/repository/javax/servlet/jsp/jsp-api/2.1/jsp-api-2.1.jar:/home/user/.m2/repository/com/sun/jersey/jersey-servlet/1.19/jersey-servlet-1.19.jar:/home/user/.m2/repository/com/sun/jersey/jersey-json/1.19/jersey-json-1.19.jar:/home/user/.m2/repository/org/codehaus/jettison/jettison/1.1/jettison-1.1.jar:/home/user/.m2/repository/org/codehaus/jackson/jackson-core-asl/1.9.13/jackson-core-asl-1.9.13.jar:/home/user/.m2/repository/org/codehaus/jackson/jackson-mapper-asl/1.9.13/jackson-mapper-asl-1.9.13.jar:/home/user/.m2/repository/org/codehaus/jackson/jackson-jaxrs/1.9.13/jackson-jaxrs-1.9.13.jar:/home/user/.m2/repository/org/codehaus/jackson/jackson-xc/1.9.13/jackson-xc-1.9.13.jar:/home/user/.m2/repository/commons-logging/commons-logging/1.1.3/commons-logging-1.1.3.jar:/home/user/.m2/repository/commons-beanutils/commons-beanutils/1.9.4/commons-beanutils-1.9.4.jar:/home/user/.m2/repository/org/apache/commons/commons-configuration2/2.1.1/commons-configuration2-2.1.1.jar:/home/user/.m2/repository/org/apache/commons/commons-lang3/3.7/commons-lang3-3.7.jar:/home/user/.m2/repository/org/apache/commons/commons-text/1.4/commons-text-1.4.jar:/home/user/.m2/repository/org/apache/avro/avro/1.7.7/avro-1.7.7.jar:/home/user/.m2/repository/com/thoughtworks/paranamer/paranamer/2.3/paranamer-2.3.jar:/home/user/.m2/repository/org/xerial/snappy/snappy-java/1.0.5/snappy-java-1.0.5.jar:/home/user/.m2/repository/com/google/re2j/re2j/1.1/re2j-1.1.jar:/home/user/.m2/repository/com/google/code/gson/gson/2.2.4/gson-2.2.4.jar:/home/user/.m2/repository/com/jcraft/jsch/0.1.54/jsch-0.1.54.jar:/home/user/.m2/repository/org/apache/curator/curator-client/2.12.0/curator-client-2.12.0.jar:/home/user/.m2/repository/org/apache/curator/curator-recipes/2.12.0/curator-recipes-2.12.0.jar:/home/user/.m2/repository/com/google/code/findbugs/jsr305/3.0.0/jsr305-3.0.0.jar:/home/user/.m2/repository/org/apache/htrace/htrace-core4/4.1.0-incubating/htrace-core4-4.1.0-incubating.jar:/home/user/.m2/repository/org/apache/zookeeper/zookeeper/3.4.13/zookeeper-3.4.13.jar:/home/user/.m2/repository/jline/jline/0.9.94/jline-0.9.94.jar:/home/user/.m2/repository/org/apache/yetus/audience-annotations/0.5.0/audience-annotations-0.5.0.jar:/home/user/.m2/repository/org/codehaus/woodstox/stax2-api/3.1.4/stax2-api-3.1.4.jar:/home/user/.m2/repository/com/fasterxml/woodstox/woodstox-core/5.0.3/woodstox-core-5.0.3.jar:/home/user/.m2/repository/dnsjava/dnsjava/2.1.7/dnsjava-2.1.7.jar:/home/user/.m2/repository/org/apache/hadoop/hadoop-hdfs/3.2.0/hadoop-hdfs-3.2.0-tests.jar:/home/user/.m2/repository/org/eclipse/jetty/jetty-util-ajax/9.3.25.v20180904/jetty-util-ajax-9.3.25.v20180904.jar:/home/user/.m2/repository/commons-daemon/commons-daemon/1.0.13/commons-daemon-1.0.13.jar:/home/user/.m2/repository/io/netty/netty/3.10.5.Final/netty-3.10.5.Final.jar:/home/user/.m2/repository/io/netty/netty-all/4.0.52.Final/netty-all-4.0.52.Final.jar:/home/user/.m2/repository/org/fusesource/leveldbjni/leveldbjni-all/1.8/leveldbjni-all-1.8.jar:"/>
    <property name="sun.cpu.endian" value="little"/>
    <property name="user.home" value="/home/user"/>
    <property name="user.language" value="en"/>
    <property name="java.specification.vendor" value="Oracle Corporation"/>
    <property name="java.home" value="/usr/lib/jvm/java-1.8-openjdk/jre"/>
    <property name="surefire.excludesFile" value="/tools/ozone-bad-unit-tests"/>
    <property name="java.security.krb5.conf" value="/workdir/hadoop-ozone/integration-test/target/test-classes/krb5.conf"/>
    <property name="basedir" value="/workdir/hadoop-ozone/integration-test"/>
    <property name="file.separator" value="/"/>
    <property name="line.separator" value="&#10;"/>
    <property name="java.vm.specification.vendor" value="Oracle Corporation"/>
    <property name="java.specification.name" value="Java Platform API Specification"/>
    <property name="java.awt.graphicsenv" value="sun.awt.X11GraphicsEnvironment"/>
    <property name="surefire.real.class.path" value="/workdir/hadoop-ozone/integration-test/target/surefire/surefirebooter1395136579421540898.jar"/>
    <property name="hadoop.log.dir" value="/workdir/hadoop-ozone/integration-test/target/log"/>
    <property name="sun.boot.class.path" value="/usr/lib/jvm/java-1.8-openjdk/jre/lib/resources.jar:/usr/lib/jvm/java-1.8-openjdk/jre/lib/rt.jar:/usr/lib/jvm/java-1.8-openjdk/jre/lib/sunrsasign.jar:/usr/lib/jvm/java-1.8-openjdk/jre/lib/jsse.jar:/usr/lib/jvm/java-1.8-openjdk/jre/lib/jce.jar:/usr/lib/jvm/java-1.8-openjdk/jre/lib/charsets.jar:/usr/lib/jvm/java-1.8-openjdk/jre/lib/jfr.jar:/usr/lib/jvm/java-1.8-openjdk/jre/classes"/>
    <property name="sun.management.compiler" value="HotSpot 64-Bit Tiered Compilers"/>
    <property name="java.runtime.version" value="1.8.0_212-b04"/>
    <property name="java.net.preferIPv4Stack" value="true"/>
    <property name="user.name" value="jenkins1000"/>
    <property name="path.separator" value=":"/>
    <property name="java.security.egd" value="file:///dev/urandom"/>
    <property name="os.version" value="3.10.0-957.12.2.el7.x86_64"/>
    <property name="java.endorsed.dirs" value="/usr/lib/jvm/java-1.8-openjdk/jre/lib/endorsed"/>
    <property name="java.runtime.name" value="OpenJDK Runtime Environment"/>
    <property name="file.encoding" value="UTF-8"/>
    <property name="java.vm.name" value="OpenJDK 64-Bit Server VM"/>
    <property name="test.build.webapps" value=""/>
    <property name="localRepository" value="/home/user/.m2/repository"/>
    <property name="java.vendor.url.bug" value="https://icedtea.classpath.org/bugzilla"/>
    <property name="java.io.tmpdir" value="/tmp"/>
    <property name="require.test.libhadoop" value=""/>
    <property name="java.version" value="1.8.0_212"/>
    <property name="user.dir" value="/workdir/hadoop-ozone/integration-test"/>
    <property name="os.arch" value="amd64"/>
    <property name="java.vm.specification.name" value="Java Virtual Machine Specification"/>
    <property name="test.build.classes" value="/workdir/hadoop-ozone/integration-test/target/test-classes"/>
    <property name="java.awt.printerjob" value="sun.print.PSPrinterJob"/>
    <property name="sun.os.patch.level" value="unknown"/>
    <property name="hadoop.tmp.dir" value="/workdir/hadoop-ozone/integration-test/target/tmp"/>
    <property name="java.library.path" value="/usr/lib/jvm/java-1.8-openjdk/jre/lib/amd64/server:/usr/lib/jvm/java-1.8-openjdk/jre/lib/amd64:/usr/lib/jvm/java-1.8-openjdk/jre/../lib/amd64:/workdir/hadoop-ozone/integration-test/target/native/target/usr/local/lib:/workdir/hadoop-ozone/integration-test/../../hadoop-common-project/hadoop-common/target/native/target/usr/local/lib:/usr/java/packages/lib/amd64:/usr/lib64:/lib64:/lib:/usr/lib"/>
    <property name="java.vm.info" value="mixed mode"/>
    <property name="java.vendor" value="IcedTea"/>
    <property name="java.vm.version" value="25.212-b04"/>
    <property name="java.ext.dirs" value="/usr/lib/jvm/java-1.8-openjdk/jre/lib/ext:/usr/java/packages/lib/ext"/>
    <property name="sun.io.unicode.encoding" value="UnicodeLittle"/>
    <property name="java.class.version" value="52.0"/>
  </properties>
  <testcase name="testWatchForCommitWithKeyWrite" classname="org.apache.hadoop.ozone.client.rpc.TestWatchForCommit" time="33.081">
    <failure message="expected:&lt;4&gt; but was:&lt;8&gt;" type="java.lang.AssertionError"><![CDATA[java.lang.AssertionError: expected:<4> but was:<8>
	at org.junit.Assert.fail(Assert.java:88)
	at org.junit.Assert.failNotEquals(Assert.java:743)
	at org.junit.Assert.assertEquals(Assert.java:118)
	at org.junit.Assert.assertEquals(Assert.java:555)
	at org.junit.Assert.assertEquals(Assert.java:542)
	at org.apache.hadoop.ozone.client.rpc.TestWatchForCommit.testWatchForCommitWithKeyWrite(TestWatchForCommit.java:172)
	at sun.reflect.NativeMethodAccessorImpl.invoke0(Native Method)
	at sun.reflect.NativeMethodAccessorImpl.invoke(NativeMethodAccessorImpl.java:62)
	at sun.reflect.DelegatingMethodAccessorImpl.invoke(DelegatingMethodAccessorImpl.java:43)
	at java.lang.reflect.Method.invoke(Method.java:498)
	at org.junit.runners.model.FrameworkMethod$1.runReflectiveCall(FrameworkMethod.java:47)
	at org.junit.internal.runners.model.ReflectiveCallable.run(ReflectiveCallable.java:12)
	at org.junit.runners.model.FrameworkMethod.invokeExplosively(FrameworkMethod.java:44)
	at org.junit.internal.runners.statements.InvokeMethod.evaluate(InvokeMethod.java:17)
	at org.junit.runners.ParentRunner.runLeaf(ParentRunner.java:271)
	at org.junit.runners.BlockJUnit4ClassRunner.runChild(BlockJUnit4ClassRunner.java:70)
	at org.junit.runners.BlockJUnit4ClassRunner.runChild(BlockJUnit4ClassRunner.java:50)
	at org.junit.runners.ParentRunner$3.run(ParentRunner.java:238)
	at org.junit.runners.ParentRunner$1.schedule(ParentRunner.java:63)
	at org.junit.runners.ParentRunner.runChildren(ParentRunner.java:236)
	at org.junit.runners.ParentRunner.access$000(ParentRunner.java:53)
	at org.junit.runners.ParentRunner$2.evaluate(ParentRunner.java:229)
	at org.junit.runners.ParentRunner.run(ParentRunner.java:309)
	at org.apache.maven.surefire.junit4.JUnit4Provider.execute(JUnit4Provider.java:365)
	at org.apache.maven.surefire.junit4.JUnit4Provider.executeWithRerun(JUnit4Provider.java:273)
	at org.apache.maven.surefire.junit4.JUnit4Provider.executeTestSet(JUnit4Provider.java:238)
	at org.apache.maven.surefire.junit4.JUnit4Provider.invoke(JUnit4Provider.java:159)
	at org.apache.maven.surefire.booter.ForkedBooter.invokeProviderInSameClassLoader(ForkedBooter.java:384)
	at org.apache.maven.surefire.booter.ForkedBooter.runSuitesInProcess(ForkedBooter.java:345)
	at org.apache.maven.surefire.booter.ForkedBooter.execute(ForkedBooter.java:126)
	at org.apache.maven.surefire.booter.ForkedBooter.main(ForkedBooter.java:418)
]]></failure>
    <system-out><![CDATA[2019-10-15 03:18:54,686 [main] WARN  server.ServerUtils (ServerUtils.java:getScmDbDir(145)) - ozone.scm.db.dirs is not configured. We recommend adding this setting. Falling back to ozone.metadata.dirs instead.
2019-10-15 03:18:54,799 [main] WARN  server.ServerUtils (ServerUtils.java:getScmDbDir(145)) - ozone.scm.db.dirs is not configured. We recommend adding this setting. Falling back to ozone.metadata.dirs instead.
2019-10-15 03:18:54,804 [main] WARN  server.ServerUtils (ServerUtils.java:getScmDbDir(145)) - ozone.scm.db.dirs is not configured. We recommend adding this setting. Falling back to ozone.metadata.dirs instead.
2019-10-15 03:18:54,831 [main] INFO  util.log (Log.java:initialized(192)) - Logging initialized @972ms
2019-10-15 03:18:54,931 [main] INFO  db.DBStoreBuilder (DBStoreBuilder.java:addTable(117)) - using custom profile for table: deletedBlocks
2019-10-15 03:18:54,932 [main] INFO  db.DBStoreBuilder (DBStoreBuilder.java:processTables(168)) - Using default column profile:DBProfile.DISK for Table:deletedBlocks
2019-10-15 03:18:54,933 [main] INFO  db.DBStoreBuilder (DBStoreBuilder.java:addTable(117)) - using custom profile for table: validCerts
2019-10-15 03:18:54,933 [main] INFO  db.DBStoreBuilder (DBStoreBuilder.java:processTables(168)) - Using default column profile:DBProfile.DISK for Table:validCerts
2019-10-15 03:18:54,933 [main] INFO  db.DBStoreBuilder (DBStoreBuilder.java:addTable(117)) - using custom profile for table: revokedCerts
2019-10-15 03:18:54,934 [main] INFO  db.DBStoreBuilder (DBStoreBuilder.java:processTables(168)) - Using default column profile:DBProfile.DISK for Table:revokedCerts
2019-10-15 03:18:54,946 [main] INFO  db.DBStoreBuilder (DBStoreBuilder.java:addTable(117)) - using custom profile for table: default
2019-10-15 03:18:54,947 [main] INFO  db.DBStoreBuilder (DBStoreBuilder.java:processTables(174)) - Using default column profile:DBProfile.DISK for Table:default
2019-10-15 03:18:54,948 [main] INFO  db.DBStoreBuilder (DBStoreBuilder.java:getDbProfile(205)) - Using default options. DBProfile.DISK
2019-10-15 03:18:55,221 [main] INFO  net.NodeSchemaLoader (NodeSchemaLoader.java:loadSchemaFromFile(125)) - Loading file from sun.misc.CompoundEnumeration@3754a4bf
2019-10-15 03:18:55,223 [main] INFO  net.NodeSchemaLoader (NodeSchemaLoader.java:loadSchema(171)) - Loading network topology layer schema file
2019-10-15 03:18:55,299 [main] WARN  server.ServerUtils (ServerUtils.java:sanitizeUserArgs(70)) - ozone.scm.stale.node.interval value = 300000 is larger than max = 100000 based on the key value of ozone.scm.heartbeat.thread.interval, reset to the max value 100000.
2019-10-15 03:18:55,301 [main] WARN  server.ServerUtils (ServerUtils.java:sanitizeUserArgs(70)) - ozone.scm.stale.node.interval value = 300000 is larger than max = 100000 based on the key value of ozone.scm.heartbeat.thread.interval, reset to the max value 100000.
2019-10-15 03:18:55,303 [main] INFO  node.SCMNodeManager (SCMNodeManager.java:<init>(116)) - Entering startup safe mode.
2019-10-15 03:18:55,381 [main] INFO  algorithms.ContainerPlacementPolicyFactory (ContainerPlacementPolicyFactory.java:getPolicy(57)) - Create container placement policy of type org.apache.hadoop.hdds.scm.container.placement.algorithms.SCMContainerPlacementRandom
2019-10-15 03:18:55,402 [main] WARN  server.ServerUtils (ServerUtils.java:getScmDbDir(145)) - ozone.scm.db.dirs is not configured. We recommend adding this setting. Falling back to ozone.metadata.dirs instead.
2019-10-15 03:18:55,496 [main] INFO  pipeline.SCMPipelineManager (SCMPipelineManager.java:initializePipelineState(132)) - No pipeline exists in current db
2019-10-15 03:18:55,500 [main] WARN  server.ServerUtils (ServerUtils.java:getScmDbDir(145)) - ozone.scm.db.dirs is not configured. We recommend adding this setting. Falling back to ozone.metadata.dirs instead.
2019-10-15 03:18:55,612 [main] WARN  events.EventQueue (EventQueue.java:fireEvent(183)) - No event handler registered for event TypedEvent{payloadType=SafeModeStatus, name='SafeModeStatus'}
2019-10-15 03:18:55,963 [main] INFO  ipc.CallQueueManager (CallQueueManager.java:<init>(84)) - Using callQueue: class java.util.concurrent.LinkedBlockingQueue, queueCapacity: 2000, scheduler: class org.apache.hadoop.ipc.DefaultRpcScheduler, ipcBackoff: false.
2019-10-15 03:18:55,991 [Socket Reader #1 for port 42641] INFO  ipc.Server (Server.java:run(1074)) - Starting Socket Reader #1 for port 42641
2019-10-15 03:18:56,119 [main] INFO  ipc.CallQueueManager (CallQueueManager.java:<init>(84)) - Using callQueue: class java.util.concurrent.LinkedBlockingQueue, queueCapacity: 2000, scheduler: class org.apache.hadoop.ipc.DefaultRpcScheduler, ipcBackoff: false.
2019-10-15 03:18:56,120 [Socket Reader #1 for port 38676] INFO  ipc.Server (Server.java:run(1074)) - Starting Socket Reader #1 for port 38676
2019-10-15 03:18:56,130 [main] INFO  ipc.CallQueueManager (CallQueueManager.java:<init>(84)) - Using callQueue: class java.util.concurrent.LinkedBlockingQueue, queueCapacity: 2000, scheduler: class org.apache.hadoop.ipc.DefaultRpcScheduler, ipcBackoff: false.
2019-10-15 03:18:56,131 [Socket Reader #1 for port 44554] INFO  ipc.Server (Server.java:run(1074)) - Starting Socket Reader #1 for port 44554
2019-10-15 03:18:56,153 [main] INFO  hdfs.DFSUtil (DFSUtil.java:httpServerTemplateForNNAndJN(1641)) - Starting Web-server for scm at: http://0.0.0.0:0
2019-10-15 03:18:56,315 [main] INFO  server.AuthenticationFilter (AuthenticationFilter.java:constructSecretProvider(240)) - Unable to initialize FileSignerSecretProvider, falling back to use random secrets.
2019-10-15 03:18:56,323 [main] WARN  http.HttpRequestLog (HttpRequestLog.java:getRequestLog(97)) - Jetty request log can only be enabled using Log4j
2019-10-15 03:18:56,331 [main] INFO  http.HttpServer2 (HttpServer2.java:addGlobalFilter(975)) - Added global filter 'safety' (class=org.apache.hadoop.http.HttpServer2$QuotingInputFilter)
2019-10-15 03:18:56,334 [main] INFO  http.HttpServer2 (HttpServer2.java:addFilter(948)) - Added filter static_user_filter (class=org.apache.hadoop.http.lib.StaticUserWebFilter$StaticUserFilter) to context scm
2019-10-15 03:18:56,334 [main] INFO  http.HttpServer2 (HttpServer2.java:addFilter(958)) - Added filter static_user_filter (class=org.apache.hadoop.http.lib.StaticUserWebFilter$StaticUserFilter) to context logs
2019-10-15 03:18:56,334 [main] INFO  http.HttpServer2 (HttpServer2.java:addFilter(958)) - Added filter static_user_filter (class=org.apache.hadoop.http.lib.StaticUserWebFilter$StaticUserFilter) to context static
2019-10-15 03:18:56,366 [main] INFO  server.StorageContainerManager (StorageContainerManager.java:start(772)) - StorageContainerLocationProtocol RPC server is listening at /0.0.0.0:44554
2019-10-15 03:18:56,440 [main] WARN  impl.MetricsConfig (MetricsConfig.java:loadFirst(134)) - Cannot locate configuration: tried hadoop-metrics2-storagecontainermanager.properties,hadoop-metrics2.properties
2019-10-15 03:18:56,453 [main] INFO  impl.MetricsSystemImpl (MetricsSystemImpl.java:startTimer(374)) - Scheduled Metric snapshot period at 10 second(s).
2019-10-15 03:18:56,453 [main] INFO  impl.MetricsSystemImpl (MetricsSystemImpl.java:start(191)) - StorageContainerManager metrics system started
2019-10-15 03:18:56,676 [main] INFO  server.SCMClientProtocolServer (SCMClientProtocolServer.java:start(159)) - RPC server for Client  is listening at /0.0.0.0:44554
2019-10-15 03:18:56,677 [IPC Server Responder] INFO  ipc.Server (Server.java:run(1314)) - IPC Server Responder: starting
2019-10-15 03:18:56,677 [IPC Server listener on 44554] INFO  ipc.Server (Server.java:run(1153)) - IPC Server listener on 44554: starting
2019-10-15 03:18:56,679 [main] INFO  server.StorageContainerManager (StorageContainerManager.java:start(782)) - ScmBlockLocationProtocol RPC server is listening at /0.0.0.0:38676
2019-10-15 03:18:56,680 [main] INFO  server.SCMBlockProtocolServer (SCMBlockProtocolServer.java:start(146)) - RPC server for Block Protocol is listening at /0.0.0.0:38676
2019-10-15 03:18:56,680 [IPC Server Responder] INFO  ipc.Server (Server.java:run(1314)) - IPC Server Responder: starting
2019-10-15 03:18:56,680 [IPC Server listener on 38676] INFO  ipc.Server (Server.java:run(1153)) - IPC Server listener on 38676: starting
2019-10-15 03:18:56,682 [main] INFO  server.StorageContainerManager (StorageContainerManager.java:start(786)) - ScmDatanodeProtocl RPC server is listening at /0.0.0.0:42641
2019-10-15 03:18:56,682 [main] INFO  server.SCMDatanodeProtocolServer (SCMDatanodeProtocolServer.java:start(169)) - RPC server for DataNodes is listening at /0.0.0.0:42641
2019-10-15 03:18:56,683 [IPC Server Responder] INFO  ipc.Server (Server.java:run(1314)) - IPC Server Responder: starting
2019-10-15 03:18:56,683 [IPC Server listener on 42641] INFO  ipc.Server (Server.java:run(1153)) - IPC Server listener on 42641: starting
2019-10-15 03:18:56,686 [main] INFO  http.HttpServer2 (HttpServer2.java:bindListener(1191)) - Jetty bound to port 33611
2019-10-15 03:18:56,687 [main] INFO  server.Server (Server.java:doStart(351)) - jetty-9.3.25.v20180904, build timestamp: 2018-09-04T21:11:46Z, git hash: 3ce520221d0240229c862b122d2b06c12a625732
2019-10-15 03:18:56,730 [main] INFO  handler.ContextHandler (ContextHandler.java:doStart(781)) - Started o.e.j.s.ServletContextHandler@7a560583{/logs,file:///workdir/hadoop-ozone/integration-test/target/log,AVAILABLE}
2019-10-15 03:18:56,731 [main] INFO  handler.ContextHandler (ContextHandler.java:doStart(781)) - Started o.e.j.s.ServletContextHandler@53f0a4cb{/static,file:///workdir/hadoop-ozone/integration-test/target/test-classes/webapps/static,AVAILABLE}
2019-10-15 03:18:56,765 [main] INFO  handler.ContextHandler (ContextHandler.java:doStart(781)) - Started o.e.j.w.WebAppContext@6970140a{/,file:///workdir/hadoop-ozone/integration-test/target/test-classes/webapps/scm/,AVAILABLE}{/scm}
2019-10-15 03:18:56,771 [main] INFO  server.AbstractConnector (AbstractConnector.java:doStart(278)) - Started ServerConnector@1c32886a{HTTP/1.1,[http/1.1]}{0.0.0.0:33611}
2019-10-15 03:18:56,772 [main] INFO  server.Server (Server.java:doStart(419)) - Started @2914ms
2019-10-15 03:18:56,774 [main] INFO  impl.MetricsSinkAdapter (MetricsSinkAdapter.java:start(204)) - Sink prometheus started
2019-10-15 03:18:56,774 [main] INFO  impl.MetricsSystemImpl (MetricsSystemImpl.java:registerSink(301)) - Registered sink prometheus
2019-10-15 03:18:56,776 [main] INFO  server.BaseHttpServer (BaseHttpServer.java:updateConnectorAddress(215)) - HTTP server of SCM is listening at http://0.0.0.0:33611
2019-10-15 03:18:56,781 [org.apache.hadoop.util.JvmPauseMonitor$Monitor@62d363ab] INFO  util.JvmPauseMonitor (JvmPauseMonitor.java:run(188)) - Starting JVM pause monitor
2019-10-15 03:18:56,784 [main] WARN  server.ServerUtils (ServerUtils.java:getDBPath(222)) - ozone.om.db.dirs is not configured. We recommend adding this setting. Falling back to ozone.metadata.dirs instead.
2019-10-15 03:18:56,936 [main] INFO  ha.OMHANodeDetails (OMHANodeDetails.java:loadOMHAConfig(190)) - Configuration either no ozone.om.address set. Falling back to the default OM address /127.0.0.1:0
2019-10-15 03:18:56,936 [main] INFO  ha.OMHANodeDetails (OMHANodeDetails.java:getOMNodeDetails(220)) - OM Service ID is not set. Setting it to the default ID: omServiceIdDefault
2019-10-15 03:18:56,938 [main] WARN  server.ServerUtils (ServerUtils.java:getDBPath(222)) - ozone.om.db.dirs is not configured. We recommend adding this setting. Falling back to ozone.metadata.dirs instead.
2019-10-15 03:18:56,939 [main] WARN  server.ServerUtils (ServerUtils.java:getDBPath(222)) - ozone.om.db.dirs is not configured. We recommend adding this setting. Falling back to ozone.metadata.dirs instead.
2019-10-15 03:18:57,585 [main] WARN  server.ServerUtils (ServerUtils.java:getDBPath(222)) - ozone.om.db.dirs is not configured. We recommend adding this setting. Falling back to ozone.metadata.dirs instead.
2019-10-15 03:18:57,594 [main] INFO  db.DBStoreBuilder (DBStoreBuilder.java:addTable(117)) - using custom profile for table: userTable
2019-10-15 03:18:57,595 [main] INFO  db.DBStoreBuilder (DBStoreBuilder.java:processTables(168)) - Using default column profile:DBProfile.DISK for Table:userTable
2019-10-15 03:18:57,595 [main] INFO  db.DBStoreBuilder (DBStoreBuilder.java:addTable(117)) - using custom profile for table: volumeTable
2019-10-15 03:18:57,595 [main] INFO  db.DBStoreBuilder (DBStoreBuilder.java:processTables(168)) - Using default column profile:DBProfile.DISK for Table:volumeTable
2019-10-15 03:18:57,595 [main] INFO  db.DBStoreBuilder (DBStoreBuilder.java:addTable(117)) - using custom profile for table: bucketTable
2019-10-15 03:18:57,596 [main] INFO  db.DBStoreBuilder (DBStoreBuilder.java:processTables(168)) - Using default column profile:DBProfile.DISK for Table:bucketTable
2019-10-15 03:18:57,596 [main] INFO  db.DBStoreBuilder (DBStoreBuilder.java:addTable(117)) - using custom profile for table: keyTable
2019-10-15 03:18:57,596 [main] INFO  db.DBStoreBuilder (DBStoreBuilder.java:processTables(168)) - Using default column profile:DBProfile.DISK for Table:keyTable
2019-10-15 03:18:57,596 [main] INFO  db.DBStoreBuilder (DBStoreBuilder.java:addTable(117)) - using custom profile for table: deletedTable
2019-10-15 03:18:57,597 [main] INFO  db.DBStoreBuilder (DBStoreBuilder.java:processTables(168)) - Using default column profile:DBProfile.DISK for Table:deletedTable
2019-10-15 03:18:57,597 [main] INFO  db.DBStoreBuilder (DBStoreBuilder.java:addTable(117)) - using custom profile for table: openKeyTable
2019-10-15 03:18:57,597 [main] INFO  db.DBStoreBuilder (DBStoreBuilder.java:processTables(168)) - Using default column profile:DBProfile.DISK for Table:openKeyTable
2019-10-15 03:18:57,597 [main] INFO  db.DBStoreBuilder (DBStoreBuilder.java:addTable(117)) - using custom profile for table: s3Table
2019-10-15 03:18:57,598 [main] INFO  db.DBStoreBuilder (DBStoreBuilder.java:processTables(168)) - Using default column profile:DBProfile.DISK for Table:s3Table
2019-10-15 03:18:57,598 [main] INFO  db.DBStoreBuilder (DBStoreBuilder.java:addTable(117)) - using custom profile for table: multipartInfoTable
2019-10-15 03:18:57,598 [main] INFO  db.DBStoreBuilder (DBStoreBuilder.java:processTables(168)) - Using default column profile:DBProfile.DISK for Table:multipartInfoTable
2019-10-15 03:18:57,599 [main] INFO  db.DBStoreBuilder (DBStoreBuilder.java:addTable(117)) - using custom profile for table: dTokenTable
2019-10-15 03:18:57,599 [main] INFO  db.DBStoreBuilder (DBStoreBuilder.java:processTables(168)) - Using default column profile:DBProfile.DISK for Table:dTokenTable
2019-10-15 03:18:57,599 [main] INFO  db.DBStoreBuilder (DBStoreBuilder.java:addTable(117)) - using custom profile for table: s3SecretTable
2019-10-15 03:18:57,599 [main] INFO  db.DBStoreBuilder (DBStoreBuilder.java:processTables(168)) - Using default column profile:DBProfile.DISK for Table:s3SecretTable
2019-10-15 03:18:57,600 [main] INFO  db.DBStoreBuilder (DBStoreBuilder.java:addTable(117)) - using custom profile for table: prefixTable
2019-10-15 03:18:57,600 [main] INFO  db.DBStoreBuilder (DBStoreBuilder.java:processTables(168)) - Using default column profile:DBProfile.DISK for Table:prefixTable
2019-10-15 03:18:57,600 [main] INFO  db.DBStoreBuilder (DBStoreBuilder.java:addTable(117)) - using custom profile for table: default
2019-10-15 03:18:57,600 [main] INFO  db.DBStoreBuilder (DBStoreBuilder.java:processTables(174)) - Using default column profile:DBProfile.DISK for Table:default
2019-10-15 03:18:57,601 [main] INFO  db.DBStoreBuilder (DBStoreBuilder.java:getDbProfile(205)) - Using default options. DBProfile.DISK
2019-10-15 03:18:58,135 [main] INFO  ipc.CallQueueManager (CallQueueManager.java:<init>(84)) - Using callQueue: class java.util.concurrent.LinkedBlockingQueue, queueCapacity: 2000, scheduler: class org.apache.hadoop.ipc.DefaultRpcScheduler, ipcBackoff: false.
2019-10-15 03:18:58,136 [Socket Reader #1 for port 40992] INFO  ipc.Server (Server.java:run(1074)) - Starting Socket Reader #1 for port 40992
2019-10-15 03:18:58,159 [main] INFO  om.OzoneManager (OzoneManager.java:start(1071)) - OzoneManager RPC server is listening at localhost/127.0.0.1:40992
2019-10-15 03:18:58,160 [main] INFO  impl.MetricsSystemImpl (MetricsSystemImpl.java:init(158)) - OzoneManager metrics system started (again)
2019-10-15 03:18:58,172 [IPC Server Responder] INFO  ipc.Server (Server.java:run(1314)) - IPC Server Responder: starting
2019-10-15 03:18:58,173 [IPC Server listener on 40992] INFO  ipc.Server (Server.java:run(1153)) - IPC Server listener on 40992: starting
2019-10-15 03:18:58,178 [main] INFO  hdfs.DFSUtil (DFSUtil.java:httpServerTemplateForNNAndJN(1641)) - Starting Web-server for ozoneManager at: http://0.0.0.0:0
2019-10-15 03:18:58,180 [main] INFO  server.AuthenticationFilter (AuthenticationFilter.java:constructSecretProvider(240)) - Unable to initialize FileSignerSecretProvider, falling back to use random secrets.
2019-10-15 03:18:58,180 [main] WARN  http.HttpRequestLog (HttpRequestLog.java:getRequestLog(97)) - Jetty request log can only be enabled using Log4j
2019-10-15 03:18:58,182 [main] INFO  http.HttpServer2 (HttpServer2.java:addGlobalFilter(975)) - Added global filter 'safety' (class=org.apache.hadoop.http.HttpServer2$QuotingInputFilter)
2019-10-15 03:18:58,183 [main] INFO  http.HttpServer2 (HttpServer2.java:addFilter(948)) - Added filter static_user_filter (class=org.apache.hadoop.http.lib.StaticUserWebFilter$StaticUserFilter) to context ozoneManager
2019-10-15 03:18:58,183 [main] INFO  http.HttpServer2 (HttpServer2.java:addFilter(958)) - Added filter static_user_filter (class=org.apache.hadoop.http.lib.StaticUserWebFilter$StaticUserFilter) to context logs
2019-10-15 03:18:58,183 [main] INFO  http.HttpServer2 (HttpServer2.java:addFilter(958)) - Added filter static_user_filter (class=org.apache.hadoop.http.lib.StaticUserWebFilter$StaticUserFilter) to context static
2019-10-15 03:18:58,186 [main] INFO  http.HttpServer2 (HttpServer2.java:bindListener(1191)) - Jetty bound to port 41478
2019-10-15 03:18:58,187 [main] INFO  server.Server (Server.java:doStart(351)) - jetty-9.3.25.v20180904, build timestamp: 2018-09-04T21:11:46Z, git hash: 3ce520221d0240229c862b122d2b06c12a625732
2019-10-15 03:18:58,189 [main] INFO  handler.ContextHandler (ContextHandler.java:doStart(781)) - Started o.e.j.s.ServletContextHandler@562c877a{/logs,file:///workdir/hadoop-ozone/integration-test/target/log,AVAILABLE}
2019-10-15 03:18:58,190 [main] INFO  handler.ContextHandler (ContextHandler.java:doStart(781)) - Started o.e.j.s.ServletContextHandler@989da1{/static,file:///workdir/hadoop-ozone/integration-test/target/test-classes/webapps/static,AVAILABLE}
2019-10-15 03:18:58,195 [main] INFO  handler.ContextHandler (ContextHandler.java:doStart(781)) - Started o.e.j.w.WebAppContext@1965539b{/,file:///workdir/hadoop-ozone/integration-test/target/test-classes/webapps/ozoneManager/,AVAILABLE}{/ozoneManager}
2019-10-15 03:18:58,196 [main] INFO  server.AbstractConnector (AbstractConnector.java:doStart(278)) - Started ServerConnector@2fc07784{HTTP/1.1,[http/1.1]}{0.0.0.0:41478}
2019-10-15 03:18:58,197 [main] INFO  server.Server (Server.java:doStart(419)) - Started @4339ms
2019-10-15 03:18:58,198 [main] WARN  impl.MetricsSystemImpl (MetricsSystemImpl.java:register(276)) - Sink prometheus already exists!
2019-10-15 03:18:58,199 [main] INFO  server.BaseHttpServer (BaseHttpServer.java:updateConnectorAddress(215)) - HTTP server of OZONEMANAGER is listening at http://0.0.0.0:41478
2019-10-15 03:18:58,491 [main] INFO  impl.MetricsSystemImpl (MetricsSystemImpl.java:init(158)) - HddsDatanode metrics system started (again)
2019-10-15 03:18:58,542 [main] INFO  ozone.HddsDatanodeService (HddsDatanodeService.java:start(184)) - HddsDatanodeService host:pr-hdds-2305-c92ks-1629580955 ip:192.168.5.131
2019-10-15 03:18:58,582 [main] INFO  volume.HddsVolume (HddsVolume.java:<init>(176)) - Creating Volume: /workdir/hadoop-ozone/integration-test/target/test-dir/MiniOzoneClusterImpl-6ac5a409-5689-4fa3-9e5a-b652cece44be/datanode-0/data/containers/hdds of  storage type : DISK and capacity : 1482555576320
2019-10-15 03:18:58,585 [main] INFO  volume.VolumeSet (VolumeSet.java:initializeVolumeSet(170)) - Added Volume : /workdir/hadoop-ozone/integration-test/target/test-dir/MiniOzoneClusterImpl-6ac5a409-5689-4fa3-9e5a-b652cece44be/datanode-0/data/containers/hdds to VolumeSet
2019-10-15 03:18:58,588 [main] INFO  volume.ThrottledAsyncChecker (ThrottledAsyncChecker.java:schedule(141)) - Scheduling a check for org.apache.hadoop.ozone.container.common.volume.HddsVolume@a52ca2e
2019-10-15 03:18:58,602 [main] INFO  volume.HddsVolumeChecker (HddsVolumeChecker.java:checkAllVolumes(204)) - Scheduled health check for volume org.apache.hadoop.ozone.container.common.volume.HddsVolume@a52ca2e
2019-10-15 03:18:58,730 [main] INFO  impl.RaftServerProxy (ConfUtils.java:logGet(43)) - raft.rpc.type = GRPC (default)
2019-10-15 03:18:58,803 [main] INFO  grpc.GrpcFactory (GrpcFactory.java:checkPooledByteBufAllocatorUseCacheForAllThreads(45)) - PERFORMANCE WARNING: useCacheForAllThreads is true that may cause Netty to create a lot garbage objects and, as a result, trigger GC.
	It is recommended to disable useCacheForAllThreads by setting -Dorg.apache.ratis.thirdparty.io.netty.allocator.useCacheForAllThreads=false in command line.
2019-10-15 03:18:58,808 [main] INFO  grpc.GrpcConfigKeys$Server (ConfUtils.java:logGet(43)) - raft.grpc.server.port = 0 (default)
2019-10-15 03:18:58,809 [main] INFO  server.GrpcService (ConfUtils.java:logGet(43)) - raft.grpc.message.size.max = 33570816 (custom)
2019-10-15 03:18:58,810 [main] INFO  server.RaftServerConfigKeys (ConfUtils.java:logGet(43)) - raft.server.log.appender.buffer.byte-limit = 33554432 (custom)
2019-10-15 03:18:58,811 [main] INFO  server.GrpcService (ConfUtils.java:logGet(43)) - raft.grpc.flow.control.window = 1MB (=1048576) (default)
2019-10-15 03:18:58,812 [main] INFO  server.RaftServerConfigKeys (ConfUtils.java:logGet(43)) - raft.server.rpc.request.timeout = 3000ms (default)
2019-10-15 03:18:58,989 [main] INFO  server.RaftServerConfigKeys (ConfUtils.java:logGet(43)) - raft.server.storage.dir = [/workdir/hadoop-ozone/integration-test/target/test-dir/MiniOzoneClusterImpl-6ac5a409-5689-4fa3-9e5a-b652cece44be/datanode-0/data/ratis] (custom)
2019-10-15 03:18:59,045 [main] INFO  hdfs.DFSUtil (DFSUtil.java:httpServerTemplateForNNAndJN(1641)) - Starting Web-server for hddsDatanode at: http://0.0.0.0:0
2019-10-15 03:18:59,048 [main] INFO  server.AuthenticationFilter (AuthenticationFilter.java:constructSecretProvider(240)) - Unable to initialize FileSignerSecretProvider, falling back to use random secrets.
2019-10-15 03:18:59,049 [main] WARN  http.HttpRequestLog (HttpRequestLog.java:getRequestLog(97)) - Jetty request log can only be enabled using Log4j
2019-10-15 03:18:59,052 [main] INFO  http.HttpServer2 (HttpServer2.java:addGlobalFilter(975)) - Added global filter 'safety' (class=org.apache.hadoop.http.HttpServer2$QuotingInputFilter)
2019-10-15 03:18:59,053 [main] INFO  http.HttpServer2 (HttpServer2.java:addFilter(948)) - Added filter static_user_filter (class=org.apache.hadoop.http.lib.StaticUserWebFilter$StaticUserFilter) to context hddsDatanode
2019-10-15 03:18:59,053 [main] INFO  http.HttpServer2 (HttpServer2.java:addFilter(958)) - Added filter static_user_filter (class=org.apache.hadoop.http.lib.StaticUserWebFilter$StaticUserFilter) to context logs
2019-10-15 03:18:59,054 [main] INFO  http.HttpServer2 (HttpServer2.java:addFilter(958)) - Added filter static_user_filter (class=org.apache.hadoop.http.lib.StaticUserWebFilter$StaticUserFilter) to context static
2019-10-15 03:18:59,055 [main] INFO  http.HttpServer2 (HttpServer2.java:bindListener(1191)) - Jetty bound to port 42595
2019-10-15 03:18:59,056 [main] INFO  server.Server (Server.java:doStart(351)) - jetty-9.3.25.v20180904, build timestamp: 2018-09-04T21:11:46Z, git hash: 3ce520221d0240229c862b122d2b06c12a625732
2019-10-15 03:18:59,059 [main] INFO  handler.ContextHandler (ContextHandler.java:doStart(781)) - Started o.e.j.s.ServletContextHandler@2849434b{/logs,file:///workdir/hadoop-ozone/integration-test/target/log,AVAILABLE}
2019-10-15 03:18:59,060 [main] INFO  handler.ContextHandler (ContextHandler.java:doStart(781)) - Started o.e.j.s.ServletContextHandler@65b97f47{/static,jar:file:/home/user/.m2/repository/org/apache/hadoop/hadoop-hdds-container-service/0.5.0-SNAPSHOT/hadoop-hdds-container-service-0.5.0-SNAPSHOT.jar!/webapps/static,AVAILABLE}
2019-10-15 03:18:59,105 [main] INFO  handler.ContextHandler (ContextHandler.java:doStart(781)) - Started o.e.j.w.WebAppContext@7e74a380{/,file:///tmp/jetty-0.0.0.0-42595-hddsDatanode-_-any-6784513141071556042.dir/webapp/,AVAILABLE}{/hddsDatanode}
2019-10-15 03:18:59,106 [main] INFO  server.AbstractConnector (AbstractConnector.java:doStart(278)) - Started ServerConnector@6dd1c3ed{HTTP/1.1,[http/1.1]}{0.0.0.0:42595}
2019-10-15 03:18:59,108 [main] INFO  server.Server (Server.java:doStart(419)) - Started @5249ms
2019-10-15 03:18:59,108 [main] WARN  impl.MetricsSystemImpl (MetricsSystemImpl.java:register(276)) - Sink prometheus already exists!
2019-10-15 03:18:59,109 [main] INFO  server.BaseHttpServer (BaseHttpServer.java:updateConnectorAddress(215)) - HTTP server of HDDSDATANODE is listening at http://0.0.0.0:42595
2019-10-15 03:18:59,111 [main] INFO  impl.MetricsSystemImpl (MetricsSystemImpl.java:init(158)) - HddsDatanode metrics system started (again)
2019-10-15 03:18:59,117 [main] INFO  ozone.HddsDatanodeService (HddsDatanodeService.java:start(184)) - HddsDatanodeService host:pr-hdds-2305-c92ks-1629580955 ip:192.168.5.131
2019-10-15 03:18:59,117 [org.apache.hadoop.util.JvmPauseMonitor$Monitor@709572f7] INFO  util.JvmPauseMonitor (JvmPauseMonitor.java:run(188)) - Starting JVM pause monitor
2019-10-15 03:18:59,130 [main] INFO  volume.HddsVolume (HddsVolume.java:<init>(176)) - Creating Volume: /workdir/hadoop-ozone/integration-test/target/test-dir/MiniOzoneClusterImpl-6ac5a409-5689-4fa3-9e5a-b652cece44be/datanode-1/data/containers/hdds of  storage type : DISK and capacity : 1482555576320
2019-10-15 03:18:59,131 [main] INFO  volume.VolumeSet (VolumeSet.java:initializeVolumeSet(170)) - Added Volume : /workdir/hadoop-ozone/integration-test/target/test-dir/MiniOzoneClusterImpl-6ac5a409-5689-4fa3-9e5a-b652cece44be/datanode-1/data/containers/hdds to VolumeSet
2019-10-15 03:18:59,131 [main] INFO  volume.ThrottledAsyncChecker (ThrottledAsyncChecker.java:schedule(141)) - Scheduling a check for org.apache.hadoop.ozone.container.common.volume.HddsVolume@2f1d0bbc
2019-10-15 03:18:59,133 [main] INFO  volume.HddsVolumeChecker (HddsVolumeChecker.java:checkAllVolumes(204)) - Scheduled health check for volume org.apache.hadoop.ozone.container.common.volume.HddsVolume@2f1d0bbc
2019-10-15 03:18:59,154 [main] INFO  impl.RaftServerProxy (ConfUtils.java:logGet(43)) - raft.rpc.type = GRPC (default)
2019-10-15 03:18:59,155 [main] INFO  grpc.GrpcFactory (GrpcFactory.java:checkPooledByteBufAllocatorUseCacheForAllThreads(45)) - PERFORMANCE WARNING: useCacheForAllThreads is true that may cause Netty to create a lot garbage objects and, as a result, trigger GC.
	It is recommended to disable useCacheForAllThreads by setting -Dorg.apache.ratis.thirdparty.io.netty.allocator.useCacheForAllThreads=false in command line.
2019-10-15 03:18:59,156 [main] INFO  grpc.GrpcConfigKeys$Server (ConfUtils.java:logGet(43)) - raft.grpc.server.port = 0 (default)
2019-10-15 03:18:59,156 [main] INFO  server.GrpcService (ConfUtils.java:logGet(43)) - raft.grpc.message.size.max = 33570816 (custom)
2019-10-15 03:18:59,156 [main] INFO  server.RaftServerConfigKeys (ConfUtils.java:logGet(43)) - raft.server.log.appender.buffer.byte-limit = 33554432 (custom)
2019-10-15 03:18:59,157 [main] INFO  server.GrpcService (ConfUtils.java:logGet(43)) - raft.grpc.flow.control.window = 1MB (=1048576) (default)
2019-10-15 03:18:59,157 [main] INFO  server.RaftServerConfigKeys (ConfUtils.java:logGet(43)) - raft.server.rpc.request.timeout = 3000ms (default)
2019-10-15 03:18:59,158 [main] INFO  server.RaftServerConfigKeys (ConfUtils.java:logGet(43)) - raft.server.storage.dir = [/workdir/hadoop-ozone/integration-test/target/test-dir/MiniOzoneClusterImpl-6ac5a409-5689-4fa3-9e5a-b652cece44be/datanode-1/data/ratis] (custom)
2019-10-15 03:18:59,160 [main] INFO  hdfs.DFSUtil (DFSUtil.java:httpServerTemplateForNNAndJN(1641)) - Starting Web-server for hddsDatanode at: http://0.0.0.0:0
2019-10-15 03:18:59,162 [main] INFO  server.AuthenticationFilter (AuthenticationFilter.java:constructSecretProvider(240)) - Unable to initialize FileSignerSecretProvider, falling back to use random secrets.
2019-10-15 03:18:59,162 [main] WARN  http.HttpRequestLog (HttpRequestLog.java:getRequestLog(97)) - Jetty request log can only be enabled using Log4j
2019-10-15 03:18:59,164 [main] INFO  http.HttpServer2 (HttpServer2.java:addGlobalFilter(975)) - Added global filter 'safety' (class=org.apache.hadoop.http.HttpServer2$QuotingInputFilter)
2019-10-15 03:18:59,165 [main] INFO  http.HttpServer2 (HttpServer2.java:addFilter(948)) - Added filter static_user_filter (class=org.apache.hadoop.http.lib.StaticUserWebFilter$StaticUserFilter) to context hddsDatanode
2019-10-15 03:18:59,165 [main] INFO  http.HttpServer2 (HttpServer2.java:addFilter(958)) - Added filter static_user_filter (class=org.apache.hadoop.http.lib.StaticUserWebFilter$StaticUserFilter) to context logs
2019-10-15 03:18:59,166 [main] INFO  http.HttpServer2 (HttpServer2.java:addFilter(958)) - Added filter static_user_filter (class=org.apache.hadoop.http.lib.StaticUserWebFilter$StaticUserFilter) to context static
2019-10-15 03:18:59,167 [main] INFO  http.HttpServer2 (HttpServer2.java:bindListener(1191)) - Jetty bound to port 35136
2019-10-15 03:18:59,167 [main] INFO  server.Server (Server.java:doStart(351)) - jetty-9.3.25.v20180904, build timestamp: 2018-09-04T21:11:46Z, git hash: 3ce520221d0240229c862b122d2b06c12a625732
2019-10-15 03:18:59,172 [main] INFO  handler.ContextHandler (ContextHandler.java:doStart(781)) - Started o.e.j.s.ServletContextHandler@7ceb4478{/logs,file:///workdir/hadoop-ozone/integration-test/target/log,AVAILABLE}
2019-10-15 03:18:59,172 [main] INFO  handler.ContextHandler (ContextHandler.java:doStart(781)) - Started o.e.j.s.ServletContextHandler@25ad4f71{/static,jar:file:/home/user/.m2/repository/org/apache/hadoop/hadoop-hdds-container-service/0.5.0-SNAPSHOT/hadoop-hdds-container-service-0.5.0-SNAPSHOT.jar!/webapps/static,AVAILABLE}
2019-10-15 03:18:59,203 [main] INFO  handler.ContextHandler (ContextHandler.java:doStart(781)) - Started o.e.j.w.WebAppContext@65e21ce3{/,file:///tmp/jetty-0.0.0.0-35136-hddsDatanode-_-any-7443279498507462210.dir/webapp/,AVAILABLE}{/hddsDatanode}
2019-10-15 03:18:59,204 [main] INFO  server.AbstractConnector (AbstractConnector.java:doStart(278)) - Started ServerConnector@6c3659be{HTTP/1.1,[http/1.1]}{0.0.0.0:35136}
2019-10-15 03:18:59,205 [main] INFO  server.Server (Server.java:doStart(419)) - Started @5347ms
2019-10-15 03:18:59,206 [main] WARN  impl.MetricsSystemImpl (MetricsSystemImpl.java:register(276)) - Sink prometheus already exists!
2019-10-15 03:18:59,207 [main] INFO  server.BaseHttpServer (BaseHttpServer.java:updateConnectorAddress(215)) - HTTP server of HDDSDATANODE is listening at http://0.0.0.0:35136
2019-10-15 03:18:59,207 [main] INFO  impl.MetricsSystemImpl (MetricsSystemImpl.java:init(158)) - HddsDatanode metrics system started (again)
2019-10-15 03:18:59,210 [org.apache.hadoop.util.JvmPauseMonitor$Monitor@2af167d7] INFO  util.JvmPauseMonitor (JvmPauseMonitor.java:run(188)) - Starting JVM pause monitor
2019-10-15 03:18:59,210 [main] INFO  ozone.HddsDatanodeService (HddsDatanodeService.java:start(184)) - HddsDatanodeService host:pr-hdds-2305-c92ks-1629580955 ip:192.168.5.131
2019-10-15 03:18:59,217 [main] INFO  volume.HddsVolume (HddsVolume.java:<init>(176)) - Creating Volume: /workdir/hadoop-ozone/integration-test/target/test-dir/MiniOzoneClusterImpl-6ac5a409-5689-4fa3-9e5a-b652cece44be/datanode-2/data/containers/hdds of  storage type : DISK and capacity : 1482555576320
2019-10-15 03:18:59,218 [main] INFO  volume.VolumeSet (VolumeSet.java:initializeVolumeSet(170)) - Added Volume : /workdir/hadoop-ozone/integration-test/target/test-dir/MiniOzoneClusterImpl-6ac5a409-5689-4fa3-9e5a-b652cece44be/datanode-2/data/containers/hdds to VolumeSet
2019-10-15 03:18:59,218 [main] INFO  volume.ThrottledAsyncChecker (ThrottledAsyncChecker.java:schedule(141)) - Scheduling a check for org.apache.hadoop.ozone.container.common.volume.HddsVolume@5624657a
2019-10-15 03:18:59,219 [main] INFO  volume.HddsVolumeChecker (HddsVolumeChecker.java:checkAllVolumes(204)) - Scheduled health check for volume org.apache.hadoop.ozone.container.common.volume.HddsVolume@5624657a
2019-10-15 03:18:59,236 [main] INFO  impl.RaftServerProxy (ConfUtils.java:logGet(43)) - raft.rpc.type = GRPC (default)
2019-10-15 03:18:59,236 [main] INFO  grpc.GrpcFactory (GrpcFactory.java:checkPooledByteBufAllocatorUseCacheForAllThreads(45)) - PERFORMANCE WARNING: useCacheForAllThreads is true that may cause Netty to create a lot garbage objects and, as a result, trigger GC.
	It is recommended to disable useCacheForAllThreads by setting -Dorg.apache.ratis.thirdparty.io.netty.allocator.useCacheForAllThreads=false in command line.
2019-10-15 03:18:59,236 [main] INFO  grpc.GrpcConfigKeys$Server (ConfUtils.java:logGet(43)) - raft.grpc.server.port = 0 (default)
2019-10-15 03:18:59,237 [main] INFO  server.GrpcService (ConfUtils.java:logGet(43)) - raft.grpc.message.size.max = 33570816 (custom)
2019-10-15 03:18:59,237 [main] INFO  server.RaftServerConfigKeys (ConfUtils.java:logGet(43)) - raft.server.log.appender.buffer.byte-limit = 33554432 (custom)
2019-10-15 03:18:59,237 [main] INFO  server.GrpcService (ConfUtils.java:logGet(43)) - raft.grpc.flow.control.window = 1MB (=1048576) (default)
2019-10-15 03:18:59,237 [main] INFO  server.RaftServerConfigKeys (ConfUtils.java:logGet(43)) - raft.server.rpc.request.timeout = 3000ms (default)
2019-10-15 03:18:59,238 [main] INFO  server.RaftServerConfigKeys (ConfUtils.java:logGet(43)) - raft.server.storage.dir = [/workdir/hadoop-ozone/integration-test/target/test-dir/MiniOzoneClusterImpl-6ac5a409-5689-4fa3-9e5a-b652cece44be/datanode-2/data/ratis] (custom)
2019-10-15 03:18:59,239 [Datanode State Machine Thread - 0] INFO  datanode.InitDatanodeState (InitDatanodeState.java:persistContainerDatanodeDetails(140)) - DatanodeDetails is persisted to /workdir/hadoop-ozone/integration-test/target/test-dir/MiniOzoneClusterImpl-6ac5a409-5689-4fa3-9e5a-b652cece44be/datanode-0/meta/datanode.id
2019-10-15 03:18:59,243 [main] INFO  hdfs.DFSUtil (DFSUtil.java:httpServerTemplateForNNAndJN(1641)) - Starting Web-server for hddsDatanode at: http://0.0.0.0:0
2019-10-15 03:18:59,243 [Datanode State Machine Thread - 0] INFO  datanode.InitDatanodeState (InitDatanodeState.java:persistContainerDatanodeDetails(140)) - DatanodeDetails is persisted to /workdir/hadoop-ozone/integration-test/target/test-dir/MiniOzoneClusterImpl-6ac5a409-5689-4fa3-9e5a-b652cece44be/datanode-1/meta/datanode.id
2019-10-15 03:18:59,244 [main] INFO  server.AuthenticationFilter (AuthenticationFilter.java:constructSecretProvider(240)) - Unable to initialize FileSignerSecretProvider, falling back to use random secrets.
2019-10-15 03:18:59,245 [main] WARN  http.HttpRequestLog (HttpRequestLog.java:getRequestLog(97)) - Jetty request log can only be enabled using Log4j
2019-10-15 03:18:59,247 [main] INFO  http.HttpServer2 (HttpServer2.java:addGlobalFilter(975)) - Added global filter 'safety' (class=org.apache.hadoop.http.HttpServer2$QuotingInputFilter)
2019-10-15 03:18:59,247 [main] INFO  http.HttpServer2 (HttpServer2.java:addFilter(948)) - Added filter static_user_filter (class=org.apache.hadoop.http.lib.StaticUserWebFilter$StaticUserFilter) to context hddsDatanode
2019-10-15 03:18:59,247 [main] INFO  http.HttpServer2 (HttpServer2.java:addFilter(958)) - Added filter static_user_filter (class=org.apache.hadoop.http.lib.StaticUserWebFilter$StaticUserFilter) to context static
2019-10-15 03:18:59,248 [main] INFO  http.HttpServer2 (HttpServer2.java:addFilter(958)) - Added filter static_user_filter (class=org.apache.hadoop.http.lib.StaticUserWebFilter$StaticUserFilter) to context logs
2019-10-15 03:18:59,248 [main] INFO  http.HttpServer2 (HttpServer2.java:bindListener(1191)) - Jetty bound to port 35720
2019-10-15 03:18:59,249 [main] INFO  server.Server (Server.java:doStart(351)) - jetty-9.3.25.v20180904, build timestamp: 2018-09-04T21:11:46Z, git hash: 3ce520221d0240229c862b122d2b06c12a625732
2019-10-15 03:18:59,251 [main] INFO  handler.ContextHandler (ContextHandler.java:doStart(781)) - Started o.e.j.s.ServletContextHandler@599e4d41{/logs,file:///workdir/hadoop-ozone/integration-test/target/log,AVAILABLE}
2019-10-15 03:18:59,251 [main] INFO  handler.ContextHandler (ContextHandler.java:doStart(781)) - Started o.e.j.s.ServletContextHandler@10f7c76{/static,jar:file:/home/user/.m2/repository/org/apache/hadoop/hadoop-hdds-container-service/0.5.0-SNAPSHOT/hadoop-hdds-container-service-0.5.0-SNAPSHOT.jar!/webapps/static,AVAILABLE}
2019-10-15 03:18:59,282 [main] INFO  handler.ContextHandler (ContextHandler.java:doStart(781)) - Started o.e.j.w.WebAppContext@37df14d1{/,file:///tmp/jetty-0.0.0.0-35720-hddsDatanode-_-any-6324190907272630054.dir/webapp/,AVAILABLE}{/hddsDatanode}
2019-10-15 03:18:59,282 [main] INFO  server.AbstractConnector (AbstractConnector.java:doStart(278)) - Started ServerConnector@7efb53af{HTTP/1.1,[http/1.1]}{0.0.0.0:35720}
2019-10-15 03:18:59,283 [main] INFO  server.Server (Server.java:doStart(419)) - Started @5425ms
2019-10-15 03:18:59,285 [main] WARN  impl.MetricsSystemImpl (MetricsSystemImpl.java:register(276)) - Sink prometheus already exists!
2019-10-15 03:18:59,286 [main] INFO  server.BaseHttpServer (BaseHttpServer.java:updateConnectorAddress(215)) - HTTP server of HDDSDATANODE is listening at http://0.0.0.0:35720
2019-10-15 03:18:59,287 [main] INFO  impl.MetricsSystemImpl (MetricsSystemImpl.java:init(158)) - HddsDatanode metrics system started (again)
2019-10-15 03:18:59,290 [org.apache.hadoop.util.JvmPauseMonitor$Monitor@61aa576b] INFO  util.JvmPauseMonitor (JvmPauseMonitor.java:run(188)) - Starting JVM pause monitor
2019-10-15 03:18:59,291 [main] INFO  ozone.HddsDatanodeService (HddsDatanodeService.java:start(184)) - HddsDatanodeService host:pr-hdds-2305-c92ks-1629580955 ip:192.168.5.131
2019-10-15 03:18:59,293 [Datanode State Machine Thread - 0] INFO  datanode.InitDatanodeState (InitDatanodeState.java:persistContainerDatanodeDetails(140)) - DatanodeDetails is persisted to /workdir/hadoop-ozone/integration-test/target/test-dir/MiniOzoneClusterImpl-6ac5a409-5689-4fa3-9e5a-b652cece44be/datanode-2/meta/datanode.id
2019-10-15 03:18:59,299 [main] INFO  volume.HddsVolume (HddsVolume.java:<init>(176)) - Creating Volume: /workdir/hadoop-ozone/integration-test/target/test-dir/MiniOzoneClusterImpl-6ac5a409-5689-4fa3-9e5a-b652cece44be/datanode-3/data/containers/hdds of  storage type : DISK and capacity : 1482555576320
2019-10-15 03:18:59,300 [main] INFO  volume.VolumeSet (VolumeSet.java:initializeVolumeSet(170)) - Added Volume : /workdir/hadoop-ozone/integration-test/target/test-dir/MiniOzoneClusterImpl-6ac5a409-5689-4fa3-9e5a-b652cece44be/datanode-3/data/containers/hdds to VolumeSet
2019-10-15 03:18:59,300 [main] INFO  volume.ThrottledAsyncChecker (ThrottledAsyncChecker.java:schedule(141)) - Scheduling a check for org.apache.hadoop.ozone.container.common.volume.HddsVolume@5e7c141d
2019-10-15 03:18:59,301 [main] INFO  volume.HddsVolumeChecker (HddsVolumeChecker.java:checkAllVolumes(204)) - Scheduled health check for volume org.apache.hadoop.ozone.container.common.volume.HddsVolume@5e7c141d
2019-10-15 03:18:59,321 [main] INFO  impl.RaftServerProxy (ConfUtils.java:logGet(43)) - raft.rpc.type = GRPC (default)
2019-10-15 03:18:59,321 [main] INFO  grpc.GrpcFactory (GrpcFactory.java:checkPooledByteBufAllocatorUseCacheForAllThreads(45)) - PERFORMANCE WARNING: useCacheForAllThreads is true that may cause Netty to create a lot garbage objects and, as a result, trigger GC.
	It is recommended to disable useCacheForAllThreads by setting -Dorg.apache.ratis.thirdparty.io.netty.allocator.useCacheForAllThreads=false in command line.
2019-10-15 03:18:59,322 [main] INFO  grpc.GrpcConfigKeys$Server (ConfUtils.java:logGet(43)) - raft.grpc.server.port = 0 (default)
2019-10-15 03:18:59,322 [main] INFO  server.GrpcService (ConfUtils.java:logGet(43)) - raft.grpc.message.size.max = 33570816 (custom)
2019-10-15 03:18:59,323 [main] INFO  server.RaftServerConfigKeys (ConfUtils.java:logGet(43)) - raft.server.log.appender.buffer.byte-limit = 33554432 (custom)
2019-10-15 03:18:59,323 [main] INFO  server.GrpcService (ConfUtils.java:logGet(43)) - raft.grpc.flow.control.window = 1MB (=1048576) (default)
2019-10-15 03:18:59,323 [main] INFO  server.RaftServerConfigKeys (ConfUtils.java:logGet(43)) - raft.server.rpc.request.timeout = 3000ms (default)
2019-10-15 03:18:59,324 [main] INFO  server.RaftServerConfigKeys (ConfUtils.java:logGet(43)) - raft.server.storage.dir = [/workdir/hadoop-ozone/integration-test/target/test-dir/MiniOzoneClusterImpl-6ac5a409-5689-4fa3-9e5a-b652cece44be/datanode-3/data/ratis] (custom)
2019-10-15 03:18:59,326 [main] INFO  hdfs.DFSUtil (DFSUtil.java:httpServerTemplateForNNAndJN(1641)) - Starting Web-server for hddsDatanode at: http://0.0.0.0:0
2019-10-15 03:18:59,328 [main] INFO  server.AuthenticationFilter (AuthenticationFilter.java:constructSecretProvider(240)) - Unable to initialize FileSignerSecretProvider, falling back to use random secrets.
2019-10-15 03:18:59,329 [main] WARN  http.HttpRequestLog (HttpRequestLog.java:getRequestLog(97)) - Jetty request log can only be enabled using Log4j
2019-10-15 03:18:59,331 [main] INFO  http.HttpServer2 (HttpServer2.java:addGlobalFilter(975)) - Added global filter 'safety' (class=org.apache.hadoop.http.HttpServer2$QuotingInputFilter)
2019-10-15 03:18:59,332 [main] INFO  http.HttpServer2 (HttpServer2.java:addFilter(948)) - Added filter static_user_filter (class=org.apache.hadoop.http.lib.StaticUserWebFilter$StaticUserFilter) to context hddsDatanode
2019-10-15 03:18:59,332 [main] INFO  http.HttpServer2 (HttpServer2.java:addFilter(958)) - Added filter static_user_filter (class=org.apache.hadoop.http.lib.StaticUserWebFilter$StaticUserFilter) to context static
2019-10-15 03:18:59,333 [main] INFO  http.HttpServer2 (HttpServer2.java:addFilter(958)) - Added filter static_user_filter (class=org.apache.hadoop.http.lib.StaticUserWebFilter$StaticUserFilter) to context logs
2019-10-15 03:18:59,334 [main] INFO  http.HttpServer2 (HttpServer2.java:bindListener(1191)) - Jetty bound to port 35311
2019-10-15 03:18:59,334 [main] INFO  server.Server (Server.java:doStart(351)) - jetty-9.3.25.v20180904, build timestamp: 2018-09-04T21:11:46Z, git hash: 3ce520221d0240229c862b122d2b06c12a625732
2019-10-15 03:18:59,339 [main] INFO  handler.ContextHandler (ContextHandler.java:doStart(781)) - Started o.e.j.s.ServletContextHandler@709ed6f3{/logs,file:///workdir/hadoop-ozone/integration-test/target/log,AVAILABLE}
2019-10-15 03:18:59,340 [main] INFO  handler.ContextHandler (ContextHandler.java:doStart(781)) - Started o.e.j.s.ServletContextHandler@102c577f{/static,jar:file:/home/user/.m2/repository/org/apache/hadoop/hadoop-hdds-container-service/0.5.0-SNAPSHOT/hadoop-hdds-container-service-0.5.0-SNAPSHOT.jar!/webapps/static,AVAILABLE}
2019-10-15 03:18:59,389 [main] INFO  handler.ContextHandler (ContextHandler.java:doStart(781)) - Started o.e.j.w.WebAppContext@5d2828c9{/,file:///tmp/jetty-0.0.0.0-35311-hddsDatanode-_-any-110127336818338686.dir/webapp/,AVAILABLE}{/hddsDatanode}
2019-10-15 03:18:59,391 [main] INFO  server.AbstractConnector (AbstractConnector.java:doStart(278)) - Started ServerConnector@3a082ff4{HTTP/1.1,[http/1.1]}{0.0.0.0:35311}
2019-10-15 03:18:59,392 [main] INFO  server.Server (Server.java:doStart(419)) - Started @5534ms
2019-10-15 03:18:59,392 [main] WARN  impl.MetricsSystemImpl (MetricsSystemImpl.java:register(276)) - Sink prometheus already exists!
2019-10-15 03:18:59,395 [main] INFO  server.BaseHttpServer (BaseHttpServer.java:updateConnectorAddress(215)) - HTTP server of HDDSDATANODE is listening at http://0.0.0.0:35311
2019-10-15 03:18:59,398 [main] INFO  impl.MetricsSystemImpl (MetricsSystemImpl.java:init(158)) - HddsDatanode metrics system started (again)
2019-10-15 03:18:59,401 [org.apache.hadoop.util.JvmPauseMonitor$Monitor@6cf67b81] INFO  util.JvmPauseMonitor (JvmPauseMonitor.java:run(188)) - Starting JVM pause monitor
2019-10-15 03:18:59,405 [main] INFO  ozone.HddsDatanodeService (HddsDatanodeService.java:start(184)) - HddsDatanodeService host:pr-hdds-2305-c92ks-1629580955 ip:192.168.5.131
2019-10-15 03:18:59,406 [Datanode State Machine Thread - 0] INFO  datanode.InitDatanodeState (InitDatanodeState.java:persistContainerDatanodeDetails(140)) - DatanodeDetails is persisted to /workdir/hadoop-ozone/integration-test/target/test-dir/MiniOzoneClusterImpl-6ac5a409-5689-4fa3-9e5a-b652cece44be/datanode-3/meta/datanode.id
2019-10-15 03:18:59,413 [main] INFO  volume.HddsVolume (HddsVolume.java:<init>(176)) - Creating Volume: /workdir/hadoop-ozone/integration-test/target/test-dir/MiniOzoneClusterImpl-6ac5a409-5689-4fa3-9e5a-b652cece44be/datanode-4/data/containers/hdds of  storage type : DISK and capacity : 1482555576320
2019-10-15 03:18:59,414 [main] INFO  volume.VolumeSet (VolumeSet.java:initializeVolumeSet(170)) - Added Volume : /workdir/hadoop-ozone/integration-test/target/test-dir/MiniOzoneClusterImpl-6ac5a409-5689-4fa3-9e5a-b652cece44be/datanode-4/data/containers/hdds to VolumeSet
2019-10-15 03:18:59,414 [main] INFO  volume.ThrottledAsyncChecker (ThrottledAsyncChecker.java:schedule(141)) - Scheduling a check for org.apache.hadoop.ozone.container.common.volume.HddsVolume@2cae9b8
2019-10-15 03:18:59,415 [main] INFO  volume.HddsVolumeChecker (HddsVolumeChecker.java:checkAllVolumes(204)) - Scheduled health check for volume org.apache.hadoop.ozone.container.common.volume.HddsVolume@2cae9b8
2019-10-15 03:18:59,430 [main] INFO  impl.RaftServerProxy (ConfUtils.java:logGet(43)) - raft.rpc.type = GRPC (default)
2019-10-15 03:18:59,430 [main] INFO  grpc.GrpcFactory (GrpcFactory.java:checkPooledByteBufAllocatorUseCacheForAllThreads(45)) - PERFORMANCE WARNING: useCacheForAllThreads is true that may cause Netty to create a lot garbage objects and, as a result, trigger GC.
	It is recommended to disable useCacheForAllThreads by setting -Dorg.apache.ratis.thirdparty.io.netty.allocator.useCacheForAllThreads=false in command line.
2019-10-15 03:18:59,431 [main] INFO  grpc.GrpcConfigKeys$Server (ConfUtils.java:logGet(43)) - raft.grpc.server.port = 0 (default)
2019-10-15 03:18:59,431 [main] INFO  server.GrpcService (ConfUtils.java:logGet(43)) - raft.grpc.message.size.max = 33570816 (custom)
2019-10-15 03:18:59,432 [main] INFO  server.RaftServerConfigKeys (ConfUtils.java:logGet(43)) - raft.server.log.appender.buffer.byte-limit = 33554432 (custom)
2019-10-15 03:18:59,432 [main] INFO  server.GrpcService (ConfUtils.java:logGet(43)) - raft.grpc.flow.control.window = 1MB (=1048576) (default)
2019-10-15 03:18:59,432 [main] INFO  server.RaftServerConfigKeys (ConfUtils.java:logGet(43)) - raft.server.rpc.request.timeout = 3000ms (default)
2019-10-15 03:18:59,433 [main] INFO  server.RaftServerConfigKeys (ConfUtils.java:logGet(43)) - raft.server.storage.dir = [/workdir/hadoop-ozone/integration-test/target/test-dir/MiniOzoneClusterImpl-6ac5a409-5689-4fa3-9e5a-b652cece44be/datanode-4/data/ratis] (custom)
2019-10-15 03:18:59,436 [main] INFO  hdfs.DFSUtil (DFSUtil.java:httpServerTemplateForNNAndJN(1641)) - Starting Web-server for hddsDatanode at: http://0.0.0.0:0
2019-10-15 03:18:59,437 [main] INFO  server.AuthenticationFilter (AuthenticationFilter.java:constructSecretProvider(240)) - Unable to initialize FileSignerSecretProvider, falling back to use random secrets.
2019-10-15 03:18:59,439 [main] WARN  http.HttpRequestLog (HttpRequestLog.java:getRequestLog(97)) - Jetty request log can only be enabled using Log4j
2019-10-15 03:18:59,441 [main] INFO  http.HttpServer2 (HttpServer2.java:addGlobalFilter(975)) - Added global filter 'safety' (class=org.apache.hadoop.http.HttpServer2$QuotingInputFilter)
2019-10-15 03:18:59,442 [main] INFO  http.HttpServer2 (HttpServer2.java:addFilter(948)) - Added filter static_user_filter (class=org.apache.hadoop.http.lib.StaticUserWebFilter$StaticUserFilter) to context hddsDatanode
2019-10-15 03:18:59,443 [main] INFO  http.HttpServer2 (HttpServer2.java:addFilter(958)) - Added filter static_user_filter (class=org.apache.hadoop.http.lib.StaticUserWebFilter$StaticUserFilter) to context static
2019-10-15 03:18:59,443 [main] INFO  http.HttpServer2 (HttpServer2.java:addFilter(958)) - Added filter static_user_filter (class=org.apache.hadoop.http.lib.StaticUserWebFilter$StaticUserFilter) to context logs
2019-10-15 03:18:59,444 [main] INFO  http.HttpServer2 (HttpServer2.java:bindListener(1191)) - Jetty bound to port 46389
2019-10-15 03:18:59,444 [main] INFO  server.Server (Server.java:doStart(351)) - jetty-9.3.25.v20180904, build timestamp: 2018-09-04T21:11:46Z, git hash: 3ce520221d0240229c862b122d2b06c12a625732
2019-10-15 03:18:59,446 [main] INFO  handler.ContextHandler (ContextHandler.java:doStart(781)) - Started o.e.j.s.ServletContextHandler@372ca2d6{/logs,file:///workdir/hadoop-ozone/integration-test/target/log,AVAILABLE}
2019-10-15 03:18:59,447 [main] INFO  handler.ContextHandler (ContextHandler.java:doStart(781)) - Started o.e.j.s.ServletContextHandler@38ed139b{/static,jar:file:/home/user/.m2/repository/org/apache/hadoop/hadoop-hdds-container-service/0.5.0-SNAPSHOT/hadoop-hdds-container-service-0.5.0-SNAPSHOT.jar!/webapps/static,AVAILABLE}
2019-10-15 03:18:59,479 [main] INFO  handler.ContextHandler (ContextHandler.java:doStart(781)) - Started o.e.j.w.WebAppContext@5f481b73{/,file:///tmp/jetty-0.0.0.0-46389-hddsDatanode-_-any-5983118230926148784.dir/webapp/,AVAILABLE}{/hddsDatanode}
2019-10-15 03:18:59,481 [main] INFO  server.AbstractConnector (AbstractConnector.java:doStart(278)) - Started ServerConnector@32130e61{HTTP/1.1,[http/1.1]}{0.0.0.0:46389}
2019-10-15 03:18:59,483 [main] INFO  server.Server (Server.java:doStart(419)) - Started @5625ms
2019-10-15 03:18:59,484 [main] WARN  impl.MetricsSystemImpl (MetricsSystemImpl.java:register(276)) - Sink prometheus already exists!
2019-10-15 03:18:59,485 [main] INFO  server.BaseHttpServer (BaseHttpServer.java:updateConnectorAddress(215)) - HTTP server of HDDSDATANODE is listening at http://0.0.0.0:46389
2019-10-15 03:18:59,486 [main] INFO  impl.MetricsSystemImpl (MetricsSystemImpl.java:init(158)) - HddsDatanode metrics system started (again)
2019-10-15 03:18:59,490 [main] INFO  ozone.HddsDatanodeService (HddsDatanodeService.java:start(184)) - HddsDatanodeService host:pr-hdds-2305-c92ks-1629580955 ip:192.168.5.131
2019-10-15 03:18:59,490 [org.apache.hadoop.util.JvmPauseMonitor$Monitor@38005aa9] INFO  util.JvmPauseMonitor (JvmPauseMonitor.java:run(188)) - Starting JVM pause monitor
2019-10-15 03:18:59,493 [Datanode State Machine Thread - 0] INFO  datanode.InitDatanodeState (InitDatanodeState.java:persistContainerDatanodeDetails(140)) - DatanodeDetails is persisted to /workdir/hadoop-ozone/integration-test/target/test-dir/MiniOzoneClusterImpl-6ac5a409-5689-4fa3-9e5a-b652cece44be/datanode-4/meta/datanode.id
2019-10-15 03:18:59,499 [main] INFO  volume.HddsVolume (HddsVolume.java:<init>(176)) - Creating Volume: /workdir/hadoop-ozone/integration-test/target/test-dir/MiniOzoneClusterImpl-6ac5a409-5689-4fa3-9e5a-b652cece44be/datanode-5/data/containers/hdds of  storage type : DISK and capacity : 1482555576320
2019-10-15 03:18:59,499 [main] INFO  volume.VolumeSet (VolumeSet.java:initializeVolumeSet(170)) - Added Volume : /workdir/hadoop-ozone/integration-test/target/test-dir/MiniOzoneClusterImpl-6ac5a409-5689-4fa3-9e5a-b652cece44be/datanode-5/data/containers/hdds to VolumeSet
2019-10-15 03:18:59,499 [main] INFO  volume.ThrottledAsyncChecker (ThrottledAsyncChecker.java:schedule(141)) - Scheduling a check for org.apache.hadoop.ozone.container.common.volume.HddsVolume@7e53339
2019-10-15 03:18:59,500 [main] INFO  volume.HddsVolumeChecker (HddsVolumeChecker.java:checkAllVolumes(204)) - Scheduled health check for volume org.apache.hadoop.ozone.container.common.volume.HddsVolume@7e53339
2019-10-15 03:18:59,517 [main] INFO  impl.RaftServerProxy (ConfUtils.java:logGet(43)) - raft.rpc.type = GRPC (default)
2019-10-15 03:18:59,517 [main] INFO  grpc.GrpcFactory (GrpcFactory.java:checkPooledByteBufAllocatorUseCacheForAllThreads(45)) - PERFORMANCE WARNING: useCacheForAllThreads is true that may cause Netty to create a lot garbage objects and, as a result, trigger GC.
	It is recommended to disable useCacheForAllThreads by setting -Dorg.apache.ratis.thirdparty.io.netty.allocator.useCacheForAllThreads=false in command line.
2019-10-15 03:18:59,518 [main] INFO  grpc.GrpcConfigKeys$Server (ConfUtils.java:logGet(43)) - raft.grpc.server.port = 0 (default)
2019-10-15 03:18:59,518 [main] INFO  server.GrpcService (ConfUtils.java:logGet(43)) - raft.grpc.message.size.max = 33570816 (custom)
2019-10-15 03:18:59,519 [main] INFO  server.RaftServerConfigKeys (ConfUtils.java:logGet(43)) - raft.server.log.appender.buffer.byte-limit = 33554432 (custom)
2019-10-15 03:18:59,519 [main] INFO  server.GrpcService (ConfUtils.java:logGet(43)) - raft.grpc.flow.control.window = 1MB (=1048576) (default)
2019-10-15 03:18:59,519 [main] INFO  server.RaftServerConfigKeys (ConfUtils.java:logGet(43)) - raft.server.rpc.request.timeout = 3000ms (default)
2019-10-15 03:18:59,520 [main] INFO  server.RaftServerConfigKeys (ConfUtils.java:logGet(43)) - raft.server.storage.dir = [/workdir/hadoop-ozone/integration-test/target/test-dir/MiniOzoneClusterImpl-6ac5a409-5689-4fa3-9e5a-b652cece44be/datanode-5/data/ratis] (custom)
2019-10-15 03:18:59,522 [main] INFO  hdfs.DFSUtil (DFSUtil.java:httpServerTemplateForNNAndJN(1641)) - Starting Web-server for hddsDatanode at: http://0.0.0.0:0
2019-10-15 03:18:59,524 [main] INFO  server.AuthenticationFilter (AuthenticationFilter.java:constructSecretProvider(240)) - Unable to initialize FileSignerSecretProvider, falling back to use random secrets.
2019-10-15 03:18:59,525 [main] WARN  http.HttpRequestLog (HttpRequestLog.java:getRequestLog(97)) - Jetty request log can only be enabled using Log4j
2019-10-15 03:18:59,528 [main] INFO  http.HttpServer2 (HttpServer2.java:addGlobalFilter(975)) - Added global filter 'safety' (class=org.apache.hadoop.http.HttpServer2$QuotingInputFilter)
2019-10-15 03:18:59,528 [main] INFO  http.HttpServer2 (HttpServer2.java:addFilter(948)) - Added filter static_user_filter (class=org.apache.hadoop.http.lib.StaticUserWebFilter$StaticUserFilter) to context hddsDatanode
2019-10-15 03:18:59,529 [main] INFO  http.HttpServer2 (HttpServer2.java:addFilter(958)) - Added filter static_user_filter (class=org.apache.hadoop.http.lib.StaticUserWebFilter$StaticUserFilter) to context static
2019-10-15 03:18:59,529 [main] INFO  http.HttpServer2 (HttpServer2.java:addFilter(958)) - Added filter static_user_filter (class=org.apache.hadoop.http.lib.StaticUserWebFilter$StaticUserFilter) to context logs
2019-10-15 03:18:59,531 [main] INFO  http.HttpServer2 (HttpServer2.java:bindListener(1191)) - Jetty bound to port 33165
2019-10-15 03:18:59,531 [main] INFO  server.Server (Server.java:doStart(351)) - jetty-9.3.25.v20180904, build timestamp: 2018-09-04T21:11:46Z, git hash: 3ce520221d0240229c862b122d2b06c12a625732
2019-10-15 03:18:59,533 [main] INFO  handler.ContextHandler (ContextHandler.java:doStart(781)) - Started o.e.j.s.ServletContextHandler@267dc982{/logs,file:///workdir/hadoop-ozone/integration-test/target/log,AVAILABLE}
2019-10-15 03:18:59,533 [main] INFO  handler.ContextHandler (ContextHandler.java:doStart(781)) - Started o.e.j.s.ServletContextHandler@3aa41da1{/static,jar:file:/home/user/.m2/repository/org/apache/hadoop/hadoop-hdds-container-service/0.5.0-SNAPSHOT/hadoop-hdds-container-service-0.5.0-SNAPSHOT.jar!/webapps/static,AVAILABLE}
2019-10-15 03:18:59,565 [main] INFO  handler.ContextHandler (ContextHandler.java:doStart(781)) - Started o.e.j.w.WebAppContext@524270b8{/,file:///tmp/jetty-0.0.0.0-33165-hddsDatanode-_-any-5512289026740108800.dir/webapp/,AVAILABLE}{/hddsDatanode}
2019-10-15 03:18:59,567 [main] INFO  server.AbstractConnector (AbstractConnector.java:doStart(278)) - Started ServerConnector@4acb7ecc{HTTP/1.1,[http/1.1]}{0.0.0.0:33165}
2019-10-15 03:18:59,568 [main] INFO  server.Server (Server.java:doStart(419)) - Started @5710ms
2019-10-15 03:18:59,568 [main] WARN  impl.MetricsSystemImpl (MetricsSystemImpl.java:register(276)) - Sink prometheus already exists!
2019-10-15 03:18:59,569 [main] INFO  server.BaseHttpServer (BaseHttpServer.java:updateConnectorAddress(215)) - HTTP server of HDDSDATANODE is listening at http://0.0.0.0:33165
2019-10-15 03:18:59,569 [main] INFO  impl.MetricsSystemImpl (MetricsSystemImpl.java:init(158)) - HddsDatanode metrics system started (again)
2019-10-15 03:18:59,573 [org.apache.hadoop.util.JvmPauseMonitor$Monitor@32e35daf] INFO  util.JvmPauseMonitor (JvmPauseMonitor.java:run(188)) - Starting JVM pause monitor
2019-10-15 03:18:59,574 [main] INFO  ozone.HddsDatanodeService (HddsDatanodeService.java:start(184)) - HddsDatanodeService host:pr-hdds-2305-c92ks-1629580955 ip:192.168.5.131
2019-10-15 03:18:59,576 [Datanode State Machine Thread - 0] INFO  datanode.InitDatanodeState (InitDatanodeState.java:persistContainerDatanodeDetails(140)) - DatanodeDetails is persisted to /workdir/hadoop-ozone/integration-test/target/test-dir/MiniOzoneClusterImpl-6ac5a409-5689-4fa3-9e5a-b652cece44be/datanode-5/meta/datanode.id
2019-10-15 03:18:59,581 [main] INFO  volume.HddsVolume (HddsVolume.java:<init>(176)) - Creating Volume: /workdir/hadoop-ozone/integration-test/target/test-dir/MiniOzoneClusterImpl-6ac5a409-5689-4fa3-9e5a-b652cece44be/datanode-6/data/containers/hdds of  storage type : DISK and capacity : 1482555576320
2019-10-15 03:18:59,581 [main] INFO  volume.VolumeSet (VolumeSet.java:initializeVolumeSet(170)) - Added Volume : /workdir/hadoop-ozone/integration-test/target/test-dir/MiniOzoneClusterImpl-6ac5a409-5689-4fa3-9e5a-b652cece44be/datanode-6/data/containers/hdds to VolumeSet
2019-10-15 03:18:59,582 [main] INFO  volume.ThrottledAsyncChecker (ThrottledAsyncChecker.java:schedule(141)) - Scheduling a check for org.apache.hadoop.ozone.container.common.volume.HddsVolume@6edf29c1
2019-10-15 03:18:59,582 [main] INFO  volume.HddsVolumeChecker (HddsVolumeChecker.java:checkAllVolumes(204)) - Scheduled health check for volume org.apache.hadoop.ozone.container.common.volume.HddsVolume@6edf29c1
2019-10-15 03:18:59,600 [main] INFO  impl.RaftServerProxy (ConfUtils.java:logGet(43)) - raft.rpc.type = GRPC (default)
2019-10-15 03:18:59,600 [main] INFO  grpc.GrpcFactory (GrpcFactory.java:checkPooledByteBufAllocatorUseCacheForAllThreads(45)) - PERFORMANCE WARNING: useCacheForAllThreads is true that may cause Netty to create a lot garbage objects and, as a result, trigger GC.
	It is recommended to disable useCacheForAllThreads by setting -Dorg.apache.ratis.thirdparty.io.netty.allocator.useCacheForAllThreads=false in command line.
2019-10-15 03:18:59,600 [main] INFO  grpc.GrpcConfigKeys$Server (ConfUtils.java:logGet(43)) - raft.grpc.server.port = 0 (default)
2019-10-15 03:18:59,601 [main] INFO  server.GrpcService (ConfUtils.java:logGet(43)) - raft.grpc.message.size.max = 33570816 (custom)
2019-10-15 03:18:59,601 [main] INFO  server.RaftServerConfigKeys (ConfUtils.java:logGet(43)) - raft.server.log.appender.buffer.byte-limit = 33554432 (custom)
2019-10-15 03:18:59,601 [main] INFO  server.GrpcService (ConfUtils.java:logGet(43)) - raft.grpc.flow.control.window = 1MB (=1048576) (default)
2019-10-15 03:18:59,601 [main] INFO  server.RaftServerConfigKeys (ConfUtils.java:logGet(43)) - raft.server.rpc.request.timeout = 3000ms (default)
2019-10-15 03:18:59,602 [main] INFO  server.RaftServerConfigKeys (ConfUtils.java:logGet(43)) - raft.server.storage.dir = [/workdir/hadoop-ozone/integration-test/target/test-dir/MiniOzoneClusterImpl-6ac5a409-5689-4fa3-9e5a-b652cece44be/datanode-6/data/ratis] (custom)
2019-10-15 03:18:59,604 [main] INFO  hdfs.DFSUtil (DFSUtil.java:httpServerTemplateForNNAndJN(1641)) - Starting Web-server for hddsDatanode at: http://0.0.0.0:0
2019-10-15 03:18:59,606 [main] INFO  server.AuthenticationFilter (AuthenticationFilter.java:constructSecretProvider(240)) - Unable to initialize FileSignerSecretProvider, falling back to use random secrets.
2019-10-15 03:18:59,606 [main] WARN  http.HttpRequestLog (HttpRequestLog.java:getRequestLog(97)) - Jetty request log can only be enabled using Log4j
2019-10-15 03:18:59,608 [main] INFO  http.HttpServer2 (HttpServer2.java:addGlobalFilter(975)) - Added global filter 'safety' (class=org.apache.hadoop.http.HttpServer2$QuotingInputFilter)
2019-10-15 03:18:59,609 [main] INFO  http.HttpServer2 (HttpServer2.java:addFilter(948)) - Added filter static_user_filter (class=org.apache.hadoop.http.lib.StaticUserWebFilter$StaticUserFilter) to context hddsDatanode
2019-10-15 03:18:59,609 [main] INFO  http.HttpServer2 (HttpServer2.java:addFilter(958)) - Added filter static_user_filter (class=org.apache.hadoop.http.lib.StaticUserWebFilter$StaticUserFilter) to context static
2019-10-15 03:18:59,609 [main] INFO  http.HttpServer2 (HttpServer2.java:addFilter(958)) - Added filter static_user_filter (class=org.apache.hadoop.http.lib.StaticUserWebFilter$StaticUserFilter) to context logs
2019-10-15 03:18:59,610 [main] INFO  http.HttpServer2 (HttpServer2.java:bindListener(1191)) - Jetty bound to port 44813
2019-10-15 03:18:59,610 [main] INFO  server.Server (Server.java:doStart(351)) - jetty-9.3.25.v20180904, build timestamp: 2018-09-04T21:11:46Z, git hash: 3ce520221d0240229c862b122d2b06c12a625732
2019-10-15 03:18:59,612 [main] INFO  handler.ContextHandler (ContextHandler.java:doStart(781)) - Started o.e.j.s.ServletContextHandler@2d3ef181{/logs,file:///workdir/hadoop-ozone/integration-test/target/log,AVAILABLE}
2019-10-15 03:18:59,613 [main] INFO  handler.ContextHandler (ContextHandler.java:doStart(781)) - Started o.e.j.s.ServletContextHandler@6e4c0d8c{/static,jar:file:/home/user/.m2/repository/org/apache/hadoop/hadoop-hdds-container-service/0.5.0-SNAPSHOT/hadoop-hdds-container-service-0.5.0-SNAPSHOT.jar!/webapps/static,AVAILABLE}
2019-10-15 03:18:59,644 [main] INFO  handler.ContextHandler (ContextHandler.java:doStart(781)) - Started o.e.j.w.WebAppContext@3743539f{/,file:///tmp/jetty-0.0.0.0-44813-hddsDatanode-_-any-7345873890855175907.dir/webapp/,AVAILABLE}{/hddsDatanode}
2019-10-15 03:18:59,645 [main] INFO  server.AbstractConnector (AbstractConnector.java:doStart(278)) - Started ServerConnector@d277579{HTTP/1.1,[http/1.1]}{0.0.0.0:44813}
2019-10-15 03:18:59,646 [main] INFO  server.Server (Server.java:doStart(419)) - Started @5787ms
2019-10-15 03:18:59,646 [main] WARN  impl.MetricsSystemImpl (MetricsSystemImpl.java:register(276)) - Sink prometheus already exists!
2019-10-15 03:18:59,647 [main] INFO  server.BaseHttpServer (BaseHttpServer.java:updateConnectorAddress(215)) - HTTP server of HDDSDATANODE is listening at http://0.0.0.0:44813
2019-10-15 03:18:59,649 [org.apache.hadoop.util.JvmPauseMonitor$Monitor@7b760c25] INFO  util.JvmPauseMonitor (JvmPauseMonitor.java:run(188)) - Starting JVM pause monitor
2019-10-15 03:18:59,650 [main] INFO  ozone.MiniOzoneClusterImpl (MiniOzoneClusterImpl.java:lambda$waitForClusterToBeReady$0(147)) - Waiting for cluster to be ready. Got 0 of 7 DN Heartbeats.
2019-10-15 03:18:59,652 [Datanode State Machine Thread - 0] INFO  datanode.InitDatanodeState (InitDatanodeState.java:persistContainerDatanodeDetails(140)) - DatanodeDetails is persisted to /workdir/hadoop-ozone/integration-test/target/test-dir/MiniOzoneClusterImpl-6ac5a409-5689-4fa3-9e5a-b652cece44be/datanode-6/meta/datanode.id
2019-10-15 03:19:00,651 [main] INFO  ozone.MiniOzoneClusterImpl (MiniOzoneClusterImpl.java:lambda$waitForClusterToBeReady$0(147)) - Waiting for cluster to be ready. Got 0 of 7 DN Heartbeats.
2019-10-15 03:19:01,239 [Datanode State Machine Thread - 0] INFO  ozoneimpl.OzoneContainer (OzoneContainer.java:start(213)) - Attempting to start container services.
2019-10-15 03:19:01,242 [Datanode State Machine Thread - 0] INFO  ozoneimpl.OzoneContainer (OzoneContainer.java:start(213)) - Attempting to start container services.
2019-10-15 03:19:01,246 [Datanode State Machine Thread - 0] INFO  ozoneimpl.OzoneContainer (OzoneContainer.java:startContainerScrub(177)) - Background container scanner has been disabled.
2019-10-15 03:19:01,251 [Datanode State Machine Thread - 0] INFO  ozoneimpl.OzoneContainer (OzoneContainer.java:startContainerScrub(177)) - Background container scanner has been disabled.
2019-10-15 03:19:01,251 [Datanode State Machine Thread - 0] INFO  ratis.XceiverServerRatis (XceiverServerRatis.java:start(418)) - Starting XceiverServerRatis f33cd6fc-8ced-446f-8d55-94c77b4ccaf0 at port 0
2019-10-15 03:19:01,251 [Datanode State Machine Thread - 0] INFO  ratis.XceiverServerRatis (XceiverServerRatis.java:start(418)) - Starting XceiverServerRatis 7d741aae-27f8-4285-96eb-ab6c1983d5cf at port 0
2019-10-15 03:19:01,293 [Datanode State Machine Thread - 0] INFO  impl.RaftServerProxy (RaftServerProxy.java:lambda$start$3(299)) - 7d741aae-27f8-4285-96eb-ab6c1983d5cf: start RPC server
2019-10-15 03:19:01,293 [Datanode State Machine Thread - 0] INFO  impl.RaftServerProxy (RaftServerProxy.java:lambda$start$3(299)) - f33cd6fc-8ced-446f-8d55-94c77b4ccaf0: start RPC server
2019-10-15 03:19:01,310 [Datanode State Machine Thread - 0] INFO  ozoneimpl.OzoneContainer (OzoneContainer.java:start(213)) - Attempting to start container services.
2019-10-15 03:19:01,315 [Datanode State Machine Thread - 0] INFO  ozoneimpl.OzoneContainer (OzoneContainer.java:startContainerScrub(177)) - Background container scanner has been disabled.
2019-10-15 03:19:01,315 [Datanode State Machine Thread - 0] INFO  ratis.XceiverServerRatis (XceiverServerRatis.java:start(418)) - Starting XceiverServerRatis 12a42f98-880a-49b8-8419-ad6a67716254 at port 0
2019-10-15 03:19:01,327 [Datanode State Machine Thread - 0] INFO  impl.RaftServerProxy (RaftServerProxy.java:lambda$start$3(299)) - 12a42f98-880a-49b8-8419-ad6a67716254: start RPC server
2019-10-15 03:19:01,424 [Datanode State Machine Thread - 0] INFO  ozoneimpl.OzoneContainer (OzoneContainer.java:start(213)) - Attempting to start container services.
2019-10-15 03:19:01,425 [Datanode State Machine Thread - 0] INFO  ozoneimpl.OzoneContainer (OzoneContainer.java:startContainerScrub(177)) - Background container scanner has been disabled.
2019-10-15 03:19:01,426 [Datanode State Machine Thread - 0] INFO  ratis.XceiverServerRatis (XceiverServerRatis.java:start(418)) - Starting XceiverServerRatis a910346c-1ee2-4cdc-a6d8-644a3a4f0b7f at port 0
2019-10-15 03:19:01,447 [Datanode State Machine Thread - 0] INFO  impl.RaftServerProxy (RaftServerProxy.java:lambda$start$3(299)) - a910346c-1ee2-4cdc-a6d8-644a3a4f0b7f: start RPC server
2019-10-15 03:19:01,471 [Datanode State Machine Thread - 0] INFO  server.GrpcService (GrpcService.java:startImpl(158)) - a910346c-1ee2-4cdc-a6d8-644a3a4f0b7f: GrpcService started, listening on 0.0.0.0/0.0.0.0:38193
2019-10-15 03:19:01,471 [Datanode State Machine Thread - 0] INFO  server.GrpcService (GrpcService.java:startImpl(158)) - 12a42f98-880a-49b8-8419-ad6a67716254: GrpcService started, listening on 0.0.0.0/0.0.0.0:36449
2019-10-15 03:19:01,471 [Datanode State Machine Thread - 0] INFO  server.GrpcService (GrpcService.java:startImpl(158)) - f33cd6fc-8ced-446f-8d55-94c77b4ccaf0: GrpcService started, listening on 0.0.0.0/0.0.0.0:33921
2019-10-15 03:19:01,471 [Datanode State Machine Thread - 0] INFO  server.GrpcService (GrpcService.java:startImpl(158)) - 7d741aae-27f8-4285-96eb-ab6c1983d5cf: GrpcService started, listening on 0.0.0.0/0.0.0.0:44604
2019-10-15 03:19:01,472 [Datanode State Machine Thread - 0] INFO  ratis.XceiverServerRatis (XceiverServerRatis.java:start(428)) - XceiverServerRatis f33cd6fc-8ced-446f-8d55-94c77b4ccaf0 is started using port 33921
2019-10-15 03:19:01,472 [Datanode State Machine Thread - 0] INFO  ratis.XceiverServerRatis (XceiverServerRatis.java:start(428)) - XceiverServerRatis 12a42f98-880a-49b8-8419-ad6a67716254 is started using port 36449
2019-10-15 03:19:01,472 [Datanode State Machine Thread - 0] INFO  ratis.XceiverServerRatis (XceiverServerRatis.java:start(428)) - XceiverServerRatis a910346c-1ee2-4cdc-a6d8-644a3a4f0b7f is started using port 38193
2019-10-15 03:19:01,473 [Datanode State Machine Thread - 0] INFO  ratis.XceiverServerRatis (XceiverServerRatis.java:start(428)) - XceiverServerRatis 7d741aae-27f8-4285-96eb-ab6c1983d5cf is started using port 44604
2019-10-15 03:19:01,484 [Datanode State Machine Thread - 0] INFO  server.XceiverServerGrpc (XceiverServerGrpc.java:start(149)) - XceiverServerGrpc a910346c-1ee2-4cdc-a6d8-644a3a4f0b7f is started using port 38897
2019-10-15 03:19:01,484 [Datanode State Machine Thread - 0] INFO  server.XceiverServerGrpc (XceiverServerGrpc.java:start(149)) - XceiverServerGrpc f33cd6fc-8ced-446f-8d55-94c77b4ccaf0 is started using port 44270
2019-10-15 03:19:01,485 [Datanode State Machine Thread - 0] INFO  server.XceiverServerGrpc (XceiverServerGrpc.java:start(149)) - XceiverServerGrpc 12a42f98-880a-49b8-8419-ad6a67716254 is started using port 45409
2019-10-15 03:19:01,485 [Datanode State Machine Thread - 0] INFO  server.XceiverServerGrpc (XceiverServerGrpc.java:start(149)) - XceiverServerGrpc 7d741aae-27f8-4285-96eb-ab6c1983d5cf is started using port 45949
2019-10-15 03:19:01,515 [Datanode State Machine Thread - 0] INFO  ozoneimpl.OzoneContainer (OzoneContainer.java:start(213)) - Attempting to start container services.
2019-10-15 03:19:01,515 [Datanode State Machine Thread - 0] INFO  ozoneimpl.OzoneContainer (OzoneContainer.java:startContainerScrub(177)) - Background container scanner has been disabled.
2019-10-15 03:19:01,515 [Datanode State Machine Thread - 0] INFO  ratis.XceiverServerRatis (XceiverServerRatis.java:start(418)) - Starting XceiverServerRatis 742c26a8-c271-430a-a05a-c8bba3fa6d96 at port 0
2019-10-15 03:19:01,523 [Datanode State Machine Thread - 0] INFO  impl.RaftServerProxy (RaftServerProxy.java:lambda$start$3(299)) - 742c26a8-c271-430a-a05a-c8bba3fa6d96: start RPC server
2019-10-15 03:19:01,527 [Datanode State Machine Thread - 0] INFO  server.GrpcService (GrpcService.java:startImpl(158)) - 742c26a8-c271-430a-a05a-c8bba3fa6d96: GrpcService started, listening on 0.0.0.0/0.0.0.0:42235
2019-10-15 03:19:01,527 [Datanode State Machine Thread - 0] INFO  ratis.XceiverServerRatis (XceiverServerRatis.java:start(428)) - XceiverServerRatis 742c26a8-c271-430a-a05a-c8bba3fa6d96 is started using port 42235
2019-10-15 03:19:01,530 [Datanode State Machine Thread - 0] INFO  server.XceiverServerGrpc (XceiverServerGrpc.java:start(149)) - XceiverServerGrpc 742c26a8-c271-430a-a05a-c8bba3fa6d96 is started using port 37357
2019-10-15 03:19:01,598 [Datanode State Machine Thread - 0] INFO  ozoneimpl.OzoneContainer (OzoneContainer.java:start(213)) - Attempting to start container services.
2019-10-15 03:19:01,598 [Datanode State Machine Thread - 0] INFO  ozoneimpl.OzoneContainer (OzoneContainer.java:startContainerScrub(177)) - Background container scanner has been disabled.
2019-10-15 03:19:01,598 [Datanode State Machine Thread - 0] INFO  ratis.XceiverServerRatis (XceiverServerRatis.java:start(418)) - Starting XceiverServerRatis 0e8df9e6-2f6a-4342-9ca0-f721d85f1d33 at port 0
2019-10-15 03:19:01,608 [Datanode State Machine Thread - 0] INFO  impl.RaftServerProxy (RaftServerProxy.java:lambda$start$3(299)) - 0e8df9e6-2f6a-4342-9ca0-f721d85f1d33: start RPC server
2019-10-15 03:19:01,612 [Datanode State Machine Thread - 0] INFO  server.GrpcService (GrpcService.java:startImpl(158)) - 0e8df9e6-2f6a-4342-9ca0-f721d85f1d33: GrpcService started, listening on 0.0.0.0/0.0.0.0:34928
2019-10-15 03:19:01,613 [Datanode State Machine Thread - 0] INFO  ratis.XceiverServerRatis (XceiverServerRatis.java:start(428)) - XceiverServerRatis 0e8df9e6-2f6a-4342-9ca0-f721d85f1d33 is started using port 34928
2019-10-15 03:19:01,616 [Datanode State Machine Thread - 0] INFO  server.XceiverServerGrpc (XceiverServerGrpc.java:start(149)) - XceiverServerGrpc 0e8df9e6-2f6a-4342-9ca0-f721d85f1d33 is started using port 34159
2019-10-15 03:19:01,652 [main] INFO  ozone.MiniOzoneClusterImpl (MiniOzoneClusterImpl.java:lambda$waitForClusterToBeReady$0(147)) - Waiting for cluster to be ready. Got 0 of 7 DN Heartbeats.
2019-10-15 03:19:01,666 [Datanode State Machine Thread - 0] INFO  ozoneimpl.OzoneContainer (OzoneContainer.java:start(213)) - Attempting to start container services.
2019-10-15 03:19:01,667 [Datanode State Machine Thread - 0] INFO  ozoneimpl.OzoneContainer (OzoneContainer.java:startContainerScrub(177)) - Background container scanner has been disabled.
2019-10-15 03:19:01,667 [Datanode State Machine Thread - 0] INFO  ratis.XceiverServerRatis (XceiverServerRatis.java:start(418)) - Starting XceiverServerRatis 4c6a16c4-95d2-4ef7-9fc0-4f57ccbd9967 at port 0
2019-10-15 03:19:01,677 [Datanode State Machine Thread - 0] INFO  impl.RaftServerProxy (RaftServerProxy.java:lambda$start$3(299)) - 4c6a16c4-95d2-4ef7-9fc0-4f57ccbd9967: start RPC server
2019-10-15 03:19:01,684 [Datanode State Machine Thread - 0] INFO  server.GrpcService (GrpcService.java:startImpl(158)) - 4c6a16c4-95d2-4ef7-9fc0-4f57ccbd9967: GrpcService started, listening on 0.0.0.0/0.0.0.0:39112
2019-10-15 03:19:01,684 [Datanode State Machine Thread - 0] INFO  ratis.XceiverServerRatis (XceiverServerRatis.java:start(428)) - XceiverServerRatis 4c6a16c4-95d2-4ef7-9fc0-4f57ccbd9967 is started using port 39112
2019-10-15 03:19:01,688 [Datanode State Machine Thread - 0] INFO  server.XceiverServerGrpc (XceiverServerGrpc.java:start(149)) - XceiverServerGrpc 4c6a16c4-95d2-4ef7-9fc0-4f57ccbd9967 is started using port 41342
2019-10-15 03:19:02,652 [main] INFO  ozone.MiniOzoneClusterImpl (MiniOzoneClusterImpl.java:lambda$waitForClusterToBeReady$0(147)) - Waiting for cluster to be ready. Got 0 of 7 DN Heartbeats.
2019-10-15 03:19:03,166 [IPC Server handler 0 on 42641] INFO  net.NetworkTopology (NetworkTopologyImpl.java:add(111)) - Added a new node: /default-rack/f33cd6fc-8ced-446f-8d55-94c77b4ccaf0
2019-10-15 03:19:03,167 [IPC Server handler 0 on 42641] INFO  node.SCMNodeManager (SCMNodeManager.java:register(268)) - Registered Data node : f33cd6fc-8ced-446f-8d55-94c77b4ccaf0{ip: 192.168.5.131, host: pr-hdds-2305-c92ks-1629580955, networkLocation: /default-rack, certSerialId: null}
2019-10-15 03:19:03,172 [EventQueue-NodeRegistrationContainerReportForDataNodeSafeModeRule] INFO  safemode.SCMSafeModeManager (DataNodeSafeModeRule.java:process(71)) - SCM in safe mode. 1 DataNodes registered, 1 required.
2019-10-15 03:19:03,172 [EventQueue-NodeRegistrationContainerReportForDataNodeSafeModeRule] INFO  safemode.SCMSafeModeManager (SCMSafeModeManager.java:validateSafeModeExitRules(177)) - ScmSafeModeManager, all rules are successfully validated
2019-10-15 03:19:03,172 [EventQueue-NodeRegistrationContainerReportForDataNodeSafeModeRule] INFO  safemode.SCMSafeModeManager (SCMSafeModeManager.java:exitSafeMode(193)) - SCM exiting safe mode.
2019-10-15 03:19:03,213 [IPC Server handler 1 on 42641] INFO  net.NetworkTopology (NetworkTopologyImpl.java:add(111)) - Added a new node: /default-rack/7d741aae-27f8-4285-96eb-ab6c1983d5cf
2019-10-15 03:19:03,216 [IPC Server handler 1 on 42641] INFO  node.SCMNodeManager (SCMNodeManager.java:register(268)) - Registered Data node : 7d741aae-27f8-4285-96eb-ab6c1983d5cf{ip: 192.168.5.131, host: pr-hdds-2305-c92ks-1629580955, networkLocation: /default-rack, certSerialId: null}
2019-10-15 03:19:03,294 [IPC Server handler 3 on 42641] INFO  net.NetworkTopology (NetworkTopologyImpl.java:add(111)) - Added a new node: /default-rack/12a42f98-880a-49b8-8419-ad6a67716254
2019-10-15 03:19:03,295 [IPC Server handler 3 on 42641] INFO  node.SCMNodeManager (SCMNodeManager.java:register(268)) - Registered Data node : 12a42f98-880a-49b8-8419-ad6a67716254{ip: 192.168.5.131, host: pr-hdds-2305-c92ks-1629580955, networkLocation: /default-rack, certSerialId: null}
2019-10-15 03:19:03,404 [IPC Server handler 4 on 42641] INFO  net.NetworkTopology (NetworkTopologyImpl.java:add(111)) - Added a new node: /default-rack/a910346c-1ee2-4cdc-a6d8-644a3a4f0b7f
2019-10-15 03:19:03,405 [IPC Server handler 4 on 42641] INFO  node.SCMNodeManager (SCMNodeManager.java:register(268)) - Registered Data node : a910346c-1ee2-4cdc-a6d8-644a3a4f0b7f{ip: 192.168.5.131, host: pr-hdds-2305-c92ks-1629580955, networkLocation: /default-rack, certSerialId: null}
2019-10-15 03:19:03,492 [IPC Server handler 5 on 42641] INFO  net.NetworkTopology (NetworkTopologyImpl.java:add(111)) - Added a new node: /default-rack/742c26a8-c271-430a-a05a-c8bba3fa6d96
2019-10-15 03:19:03,493 [IPC Server handler 5 on 42641] INFO  node.SCMNodeManager (SCMNodeManager.java:register(268)) - Registered Data node : 742c26a8-c271-430a-a05a-c8bba3fa6d96{ip: 192.168.5.131, host: pr-hdds-2305-c92ks-1629580955, networkLocation: /default-rack, certSerialId: null}
2019-10-15 03:19:03,585 [IPC Server handler 6 on 42641] INFO  net.NetworkTopology (NetworkTopologyImpl.java:add(111)) - Added a new node: /default-rack/0e8df9e6-2f6a-4342-9ca0-f721d85f1d33
2019-10-15 03:19:03,586 [IPC Server handler 6 on 42641] INFO  node.SCMNodeManager (SCMNodeManager.java:register(268)) - Registered Data node : 0e8df9e6-2f6a-4342-9ca0-f721d85f1d33{ip: 192.168.5.131, host: pr-hdds-2305-c92ks-1629580955, networkLocation: /default-rack, certSerialId: null}
2019-10-15 03:19:03,653 [main] INFO  ozone.MiniOzoneClusterImpl (MiniOzoneClusterImpl.java:lambda$waitForClusterToBeReady$0(147)) - Waiting for cluster to be ready. Got 6 of 7 DN Heartbeats.
2019-10-15 03:19:03,653 [IPC Server handler 8 on 42641] INFO  net.NetworkTopology (NetworkTopologyImpl.java:add(111)) - Added a new node: /default-rack/4c6a16c4-95d2-4ef7-9fc0-4f57ccbd9967
2019-10-15 03:19:03,654 [IPC Server handler 8 on 42641] INFO  node.SCMNodeManager (SCMNodeManager.java:register(268)) - Registered Data node : 4c6a16c4-95d2-4ef7-9fc0-4f57ccbd9967{ip: 192.168.5.131, host: pr-hdds-2305-c92ks-1629580955, networkLocation: /default-rack, certSerialId: null}
2019-10-15 03:19:03,762 [grpc-default-executor-0] INFO  impl.RaftServerProxy (RaftServerProxy.java:addNew(89)) - f33cd6fc-8ced-446f-8d55-94c77b4ccaf0: addNew group-1BA78EE7CCA7:[f33cd6fc-8ced-446f-8d55-94c77b4ccaf0:192.168.5.131:33921] returns group-1BA78EE7CCA7:java.util.concurrent.CompletableFuture@3afecbc0[Not completed]
2019-10-15 03:19:03,776 [pool-27-thread-1] INFO  impl.RaftServerImpl (RaftServerImpl.java:<init>(104)) - f33cd6fc-8ced-446f-8d55-94c77b4ccaf0: new RaftServerImpl for group-1BA78EE7CCA7:[f33cd6fc-8ced-446f-8d55-94c77b4ccaf0:192.168.5.131:33921] with ContainerStateMachine:uninitialized
2019-10-15 03:19:03,778 [pool-27-thread-1] INFO  server.RaftServerConfigKeys (ConfUtils.java:logGet(43)) - raft.server.rpc.timeout.min = 1s (custom)
2019-10-15 03:19:03,780 [pool-27-thread-1] INFO  server.RaftServerConfigKeys (ConfUtils.java:logGet(43)) - raft.server.rpc.timeout.max = 1200ms (custom)
2019-10-15 03:19:03,780 [pool-27-thread-1] INFO  server.RaftServerConfigKeys (ConfUtils.java:logGet(43)) - raft.server.rpcslowness.timeout = 120s (custom)
2019-10-15 03:19:03,781 [pool-27-thread-1] INFO  server.RaftServerConfigKeys (ConfUtils.java:logGet(43)) - raft.server.sleep.deviation.threshold = 300 (default)
2019-10-15 03:19:03,782 [pool-27-thread-1] INFO  server.RaftServerConfigKeys (ConfUtils.java:logGet(43)) - raft.server.log.appender.install.snapshot.enabled = false (custom)
2019-10-15 03:19:03,791 [pool-27-thread-1] INFO  impl.RaftServerImpl (ServerState.java:<init>(103)) - f33cd6fc-8ced-446f-8d55-94c77b4ccaf0@group-1BA78EE7CCA7: ConfigurationManager, init=-1: [f33cd6fc-8ced-446f-8d55-94c77b4ccaf0:192.168.5.131:33921], old=null, confs=<EMPTY_MAP>
2019-10-15 03:19:03,792 [pool-27-thread-1] INFO  server.RaftServerConfigKeys (ConfUtils.java:logGet(43)) - raft.server.storage.dir = [/workdir/hadoop-ozone/integration-test/target/test-dir/MiniOzoneClusterImpl-6ac5a409-5689-4fa3-9e5a-b652cece44be/datanode-0/data/ratis] (custom)
2019-10-15 03:19:03,799 [pool-27-thread-1] INFO  server.RaftServerConfigKeys (ConfUtils.java:logGet(43)) - raft.server.log.corruption.policy = EXCEPTION (default)
2019-10-15 03:19:03,801 [pool-27-thread-1] INFO  storage.RaftStorageDirectory (RaftStorageDirectory.java:analyzeStorage(246)) - The storage directory /workdir/hadoop-ozone/integration-test/target/test-dir/MiniOzoneClusterImpl-6ac5a409-5689-4fa3-9e5a-b652cece44be/datanode-0/data/ratis/252380b9-ea8d-4abf-94a8-1ba78ee7cca7 does not exist. Creating ...
2019-10-15 03:19:03,819 [pool-27-thread-1] INFO  storage.RaftStorageDirectory (RaftStorageDirectory.java:tryLock(328)) - Lock on /workdir/hadoop-ozone/integration-test/target/test-dir/MiniOzoneClusterImpl-6ac5a409-5689-4fa3-9e5a-b652cece44be/datanode-0/data/ratis/252380b9-ea8d-4abf-94a8-1ba78ee7cca7/in_use.lock acquired by nodename 3330@pr-hdds-2305-c92ks-1629580955
2019-10-15 03:19:03,833 [pool-27-thread-1] INFO  storage.RaftStorage (RaftStorage.java:format(84)) - Storage directory /workdir/hadoop-ozone/integration-test/target/test-dir/MiniOzoneClusterImpl-6ac5a409-5689-4fa3-9e5a-b652cece44be/datanode-0/data/ratis/252380b9-ea8d-4abf-94a8-1ba78ee7cca7 has been successfully formatted.
2019-10-15 03:19:03,836 [pool-27-thread-1] INFO  ratis.ContainerStateMachine (ContainerStateMachine.java:loadSnapshot(231)) - group-1BA78EE7CCA7: The snapshot info is null. Setting the last applied indexto:(t:0, i:~)
2019-10-15 03:19:03,837 [pool-27-thread-1] INFO  server.RaftServerConfigKeys (ConfUtils.java:logGet(43)) - raft.server.notification.no-leader.timeout = 120s (custom)
2019-10-15 03:19:03,840 [pool-27-thread-1] INFO  server.RaftServerConfigKeys (ConfUtils.java:logGet(43)) - raft.server.log.use.memory = false (default)
2019-10-15 03:19:03,849 [pool-27-thread-1] INFO  server.RaftServerConfigKeys (ConfUtils.java:logGet(43)) - raft.server.log.purge.gap = 1000000 (custom)
2019-10-15 03:19:03,849 [pool-27-thread-1] INFO  server.RaftServerConfigKeys (ConfUtils.java:logGet(43)) - raft.server.log.appender.buffer.byte-limit = 33554432 (custom)
2019-10-15 03:19:03,853 [pool-27-thread-1] INFO  server.RaftServerConfigKeys (ConfUtils.java:logGet(43)) - raft.server.log.segment.size.max = 1048576 (custom)
2019-10-15 03:19:03,855 [pool-27-thread-1] INFO  impl.MetricsSystemImpl (MetricsSystemImpl.java:init(158)) - ratis metrics system started (again)
2019-10-15 03:19:03,862 [pool-27-thread-1] INFO  metrics.MetricRegistries (MetricRegistriesLoader.java:load(64)) - Loaded MetricRegistries class org.apache.ratis.metrics.impl.MetricRegistriesImpl
2019-10-15 03:19:03,920 [pool-27-thread-1] INFO  server.RaftServerConfigKeys (ConfUtils.java:logGet(43)) - raft.server.log.segment.cache.num.max = 2 (custom)
2019-10-15 03:19:03,927 [pool-27-thread-1] INFO  segmented.SegmentedRaftLogWorker (SegmentedRaftLogWorker.java:<init>(173)) - new f33cd6fc-8ced-446f-8d55-94c77b4ccaf0@group-1BA78EE7CCA7-SegmentedRaftLogWorker for RaftStorage:Storage Directory /workdir/hadoop-ozone/integration-test/target/test-dir/MiniOzoneClusterImpl-6ac5a409-5689-4fa3-9e5a-b652cece44be/datanode-0/data/ratis/252380b9-ea8d-4abf-94a8-1ba78ee7cca7
2019-10-15 03:19:03,928 [pool-27-thread-1] INFO  server.RaftServerConfigKeys (ConfUtils.java:logGet(43)) - raft.server.log.queue.byte-limit = 2147483647 (custom)
2019-10-15 03:19:03,928 [pool-27-thread-1] INFO  server.RaftServerConfigKeys (ConfUtils.java:logGet(43)) - raft.server.log.queue.element-limit = 1024 (custom)
2019-10-15 03:19:03,930 [pool-27-thread-1] INFO  server.RaftServerConfigKeys (ConfUtils.java:logGet(43)) - raft.server.log.segment.size.max = 1048576 (custom)
2019-10-15 03:19:03,930 [pool-27-thread-1] INFO  server.RaftServerConfigKeys (ConfUtils.java:logGet(43)) - raft.server.log.preallocated.size = 16384 (custom)
2019-10-15 03:19:03,931 [pool-27-thread-1] INFO  server.RaftServerConfigKeys (ConfUtils.java:logGet(43)) - raft.server.log.write.buffer.size = 33554432 (custom)
2019-10-15 03:19:03,931 [pool-27-thread-1] INFO  server.RaftServerConfigKeys (ConfUtils.java:logGet(43)) - raft.server.log.force.sync.num = 128 (default)
2019-10-15 03:19:03,933 [pool-27-thread-1] INFO  server.RaftServerConfigKeys (ConfUtils.java:logGet(43)) - raft.server.log.statemachine.data.sync = true (default)
2019-10-15 03:19:03,933 [pool-27-thread-1] INFO  server.RaftServerConfigKeys (ConfUtils.java:logGet(43)) - raft.server.log.statemachine.data.sync.timeout = 10s (default)
2019-10-15 03:19:03,933 [pool-27-thread-1] INFO  server.RaftServerConfigKeys (ConfUtils.java:logGet(43)) - raft.server.log.statemachine.data.sync.timeout.retry = -1 (default)
2019-10-15 03:19:03,947 [pool-27-thread-1] INFO  server.RaftServerConfigKeys (ConfUtils.java:logGet(43)) - raft.server.log.statemachine.data.caching.enabled = true (custom)
2019-10-15 03:19:03,952 [pool-27-thread-1] INFO  segmented.SegmentedRaftLogWorker (SegmentedRaftLogWorker.java:lambda$new$0(128)) - f33cd6fc-8ced-446f-8d55-94c77b4ccaf0@group-1BA78EE7CCA7-SegmentedRaftLogWorker: flushIndex: setUnconditionally 0 -> -1
2019-10-15 03:19:03,957 [pool-27-thread-1] INFO  server.RaftServerConfigKeys (ConfUtils.java:logGet(43)) - raft.server.snapshot.auto.trigger.enabled = true (custom)
2019-10-15 03:19:03,958 [pool-27-thread-1] INFO  server.RaftServerConfigKeys (ConfUtils.java:logGet(43)) - raft.server.snapshot.auto.trigger.threshold = 10000 (custom)
2019-10-15 03:19:03,958 [pool-27-thread-1] INFO  server.RaftServerConfigKeys (ConfUtils.java:logGet(43)) - raft.server.snapshot.retention.file.num = 5 (custom)
2019-10-15 03:19:03,959 [pool-27-thread-1] INFO  server.RaftServerConfigKeys (ConfUtils.java:logGet(43)) - raft.server.retrycache.expirytime = 600000ms (custom)
2019-10-15 03:19:03,991 [pool-27-thread-1] INFO  impl.RaftServerImpl (RaftServerImpl.java:start(195)) - f33cd6fc-8ced-446f-8d55-94c77b4ccaf0@group-1BA78EE7CCA7: start as a follower, conf=-1: [f33cd6fc-8ced-446f-8d55-94c77b4ccaf0:192.168.5.131:33921], old=null
2019-10-15 03:19:03,992 [pool-27-thread-1] INFO  impl.RaftServerImpl (RaftServerImpl.java:setRole(184)) - f33cd6fc-8ced-446f-8d55-94c77b4ccaf0@group-1BA78EE7CCA7: changes role from      null to FOLLOWER at term 0 for startAsFollower
2019-10-15 03:19:03,993 [pool-27-thread-1] INFO  impl.RoleInfo (RoleInfo.java:updateAndGet(143)) - f33cd6fc-8ced-446f-8d55-94c77b4ccaf0: start FollowerState
2019-10-15 03:19:03,995 [pool-27-thread-1] INFO  util.JmxRegister (JmxRegister.java:tryRegister(44)) - Successfully registered JMX Bean with object name Ratis:service=RaftServer,group=group-1BA78EE7CCA7,id=f33cd6fc-8ced-446f-8d55-94c77b4ccaf0
2019-10-15 03:19:04,078 [RatisPipelineUtilsThread] INFO  pipeline.PipelineStateManager (PipelineStateManager.java:addPipeline(56)) - Created pipeline Pipeline[ Id: 252380b9-ea8d-4abf-94a8-1ba78ee7cca7, Nodes: f33cd6fc-8ced-446f-8d55-94c77b4ccaf0{ip: 192.168.5.131, host: pr-hdds-2305-c92ks-1629580955, networkLocation: /default-rack, certSerialId: null}, Type:RATIS, Factor:ONE, State:OPEN]
2019-10-15 03:19:04,108 [grpc-default-executor-0] INFO  impl.RaftServerProxy (RaftServerProxy.java:addNew(89)) - a910346c-1ee2-4cdc-a6d8-644a3a4f0b7f: addNew group-E4F5CC24B7F2:[a910346c-1ee2-4cdc-a6d8-644a3a4f0b7f:192.168.5.131:38193] returns group-E4F5CC24B7F2:java.util.concurrent.CompletableFuture@4eac0f64[Not completed]
2019-10-15 03:19:04,133 [Thread-240] INFO  impl.FollowerState (FollowerState.java:run(108)) - f33cd6fc-8ced-446f-8d55-94c77b4ccaf0@group-1BA78EE7CCA7-FollowerState: change to CANDIDATE, lastRpcTime:140ms, electionTimeout:139ms
2019-10-15 03:19:04,157 [pool-57-thread-1] INFO  impl.RaftServerImpl (RaftServerImpl.java:<init>(104)) - a910346c-1ee2-4cdc-a6d8-644a3a4f0b7f: new RaftServerImpl for group-E4F5CC24B7F2:[a910346c-1ee2-4cdc-a6d8-644a3a4f0b7f:192.168.5.131:38193] with ContainerStateMachine:uninitialized
2019-10-15 03:19:04,159 [Thread-240] INFO  impl.RoleInfo (RoleInfo.java:shutdownFollowerState(121)) - f33cd6fc-8ced-446f-8d55-94c77b4ccaf0: shutdown FollowerState
2019-10-15 03:19:04,161 [pool-57-thread-1] INFO  server.RaftServerConfigKeys (ConfUtils.java:logGet(43)) - raft.server.rpc.timeout.min = 1s (custom)
2019-10-15 03:19:04,161 [Thread-240] INFO  impl.RaftServerImpl (RaftServerImpl.java:setRole(184)) - f33cd6fc-8ced-446f-8d55-94c77b4ccaf0@group-1BA78EE7CCA7: changes role from  FOLLOWER to CANDIDATE at term 0 for changeToCandidate
2019-10-15 03:19:04,161 [pool-57-thread-1] INFO  server.RaftServerConfigKeys (ConfUtils.java:logGet(43)) - raft.server.rpc.timeout.max = 1200ms (custom)
2019-10-15 03:19:04,161 [pool-57-thread-1] INFO  server.RaftServerConfigKeys (ConfUtils.java:logGet(43)) - raft.server.rpcslowness.timeout = 120s (custom)
2019-10-15 03:19:04,161 [pool-57-thread-1] INFO  server.RaftServerConfigKeys (ConfUtils.java:logGet(43)) - raft.server.sleep.deviation.threshold = 300 (default)
2019-10-15 03:19:04,161 [pool-57-thread-1] INFO  server.RaftServerConfigKeys (ConfUtils.java:logGet(43)) - raft.server.log.appender.install.snapshot.enabled = false (custom)
2019-10-15 03:19:04,161 [pool-57-thread-1] INFO  impl.RaftServerImpl (ServerState.java:<init>(103)) - a910346c-1ee2-4cdc-a6d8-644a3a4f0b7f@group-E4F5CC24B7F2: ConfigurationManager, init=-1: [a910346c-1ee2-4cdc-a6d8-644a3a4f0b7f:192.168.5.131:38193], old=null, confs=<EMPTY_MAP>
2019-10-15 03:19:04,162 [pool-57-thread-1] INFO  server.RaftServerConfigKeys (ConfUtils.java:logGet(43)) - raft.server.storage.dir = [/workdir/hadoop-ozone/integration-test/target/test-dir/MiniOzoneClusterImpl-6ac5a409-5689-4fa3-9e5a-b652cece44be/datanode-3/data/ratis] (custom)
2019-10-15 03:19:04,162 [pool-57-thread-1] INFO  server.RaftServerConfigKeys (ConfUtils.java:logGet(43)) - raft.server.log.corruption.policy = EXCEPTION (default)
2019-10-15 03:19:04,162 [pool-57-thread-1] INFO  storage.RaftStorageDirectory (RaftStorageDirectory.java:analyzeStorage(246)) - The storage directory /workdir/hadoop-ozone/integration-test/target/test-dir/MiniOzoneClusterImpl-6ac5a409-5689-4fa3-9e5a-b652cece44be/datanode-3/data/ratis/cb572d94-a82c-4566-af66-e4f5cc24b7f2 does not exist. Creating ...
2019-10-15 03:19:04,168 [Thread-240] INFO  impl.RoleInfo (RoleInfo.java:updateAndGet(143)) - f33cd6fc-8ced-446f-8d55-94c77b4ccaf0: start LeaderElection
2019-10-15 03:19:04,178 [pool-57-thread-1] INFO  storage.RaftStorageDirectory (RaftStorageDirectory.java:tryLock(328)) - Lock on /workdir/hadoop-ozone/integration-test/target/test-dir/MiniOzoneClusterImpl-6ac5a409-5689-4fa3-9e5a-b652cece44be/datanode-3/data/ratis/cb572d94-a82c-4566-af66-e4f5cc24b7f2/in_use.lock acquired by nodename 3330@pr-hdds-2305-c92ks-1629580955
2019-10-15 03:19:04,178 [f33cd6fc-8ced-446f-8d55-94c77b4ccaf0@group-1BA78EE7CCA7-LeaderElection1] INFO  impl.LeaderElection (LeaderElection.java:askForVotes(178)) - f33cd6fc-8ced-446f-8d55-94c77b4ccaf0@group-1BA78EE7CCA7-LeaderElection1: begin an election at term 1 for -1: [f33cd6fc-8ced-446f-8d55-94c77b4ccaf0:192.168.5.131:33921], old=null
2019-10-15 03:19:04,180 [f33cd6fc-8ced-446f-8d55-94c77b4ccaf0@group-1BA78EE7CCA7-LeaderElection1] INFO  impl.RoleInfo (RoleInfo.java:shutdownLeaderElection(134)) - f33cd6fc-8ced-446f-8d55-94c77b4ccaf0: shutdown LeaderElection
2019-10-15 03:19:04,180 [f33cd6fc-8ced-446f-8d55-94c77b4ccaf0@group-1BA78EE7CCA7-LeaderElection1] INFO  impl.RaftServerImpl (RaftServerImpl.java:setRole(184)) - f33cd6fc-8ced-446f-8d55-94c77b4ccaf0@group-1BA78EE7CCA7: changes role from CANDIDATE to LEADER at term 1 for changeToLeader
2019-10-15 03:19:04,180 [f33cd6fc-8ced-446f-8d55-94c77b4ccaf0@group-1BA78EE7CCA7-LeaderElection1] INFO  impl.RaftServerImpl (ServerState.java:setLeader(256)) - f33cd6fc-8ced-446f-8d55-94c77b4ccaf0@group-1BA78EE7CCA7: change Leader from null to f33cd6fc-8ced-446f-8d55-94c77b4ccaf0 at term 1 for becomeLeader, leader elected after 343ms
2019-10-15 03:19:04,186 [f33cd6fc-8ced-446f-8d55-94c77b4ccaf0@group-1BA78EE7CCA7-LeaderElection1] INFO  server.RaftServerConfigKeys (ConfUtils.java:logGet(43)) - raft.server.staging.catchup.gap = 1000 (default)
2019-10-15 03:19:04,186 [f33cd6fc-8ced-446f-8d55-94c77b4ccaf0@group-1BA78EE7CCA7-LeaderElection1] INFO  server.RaftServerConfigKeys (ConfUtils.java:logGet(43)) - raft.server.rpc.sleep.time = 25ms (default)
2019-10-15 03:19:04,190 [f33cd6fc-8ced-446f-8d55-94c77b4ccaf0@group-1BA78EE7CCA7-LeaderElection1] INFO  server.RaftServerConfigKeys (ConfUtils.java:logGet(43)) - raft.server.write.element-limit = 4096 (default)
2019-10-15 03:19:04,190 [pool-57-thread-1] INFO  storage.RaftStorage (RaftStorage.java:format(84)) - Storage directory /workdir/hadoop-ozone/integration-test/target/test-dir/MiniOzoneClusterImpl-6ac5a409-5689-4fa3-9e5a-b652cece44be/datanode-3/data/ratis/cb572d94-a82c-4566-af66-e4f5cc24b7f2 has been successfully formatted.
2019-10-15 03:19:04,192 [pool-57-thread-1] INFO  ratis.ContainerStateMachine (ContainerStateMachine.java:loadSnapshot(231)) - group-E4F5CC24B7F2: The snapshot info is null. Setting the last applied indexto:(t:0, i:~)
2019-10-15 03:19:04,194 [pool-57-thread-1] INFO  server.RaftServerConfigKeys (ConfUtils.java:logGet(43)) - raft.server.notification.no-leader.timeout = 120s (custom)
2019-10-15 03:19:04,194 [pool-57-thread-1] INFO  server.RaftServerConfigKeys (ConfUtils.java:logGet(43)) - raft.server.log.use.memory = false (default)
2019-10-15 03:19:04,194 [pool-57-thread-1] INFO  server.RaftServerConfigKeys (ConfUtils.java:logGet(43)) - raft.server.log.purge.gap = 1000000 (custom)
2019-10-15 03:19:04,194 [pool-57-thread-1] INFO  server.RaftServerConfigKeys (ConfUtils.java:logGet(43)) - raft.server.log.appender.buffer.byte-limit = 33554432 (custom)
2019-10-15 03:19:04,194 [pool-57-thread-1] INFO  server.RaftServerConfigKeys (ConfUtils.java:logGet(43)) - raft.server.log.segment.size.max = 1048576 (custom)
2019-10-15 03:19:04,195 [f33cd6fc-8ced-446f-8d55-94c77b4ccaf0@group-1BA78EE7CCA7-LeaderElection1] INFO  server.RaftServerConfigKeys (ConfUtils.java:logGet(43)) - raft.server.watch.timeout = 10s (default)
2019-10-15 03:19:04,195 [f33cd6fc-8ced-446f-8d55-94c77b4ccaf0@group-1BA78EE7CCA7-LeaderElection1] INFO  server.RaftServerConfigKeys (ConfUtils.java:logGet(43)) - raft.server.watch.timeout.denomination = 1s (default)
2019-10-15 03:19:04,196 [f33cd6fc-8ced-446f-8d55-94c77b4ccaf0@group-1BA78EE7CCA7-LeaderElection1] INFO  server.RaftServerConfigKeys (ConfUtils.java:logGet(43)) - raft.server.watch.element-limit = 65536 (default)
2019-10-15 03:19:04,199 [pool-57-thread-1] INFO  server.RaftServerConfigKeys (ConfUtils.java:logGet(43)) - raft.server.log.segment.cache.num.max = 2 (custom)
2019-10-15 03:19:04,199 [pool-57-thread-1] INFO  segmented.SegmentedRaftLogWorker (SegmentedRaftLogWorker.java:<init>(173)) - new a910346c-1ee2-4cdc-a6d8-644a3a4f0b7f@group-E4F5CC24B7F2-SegmentedRaftLogWorker for RaftStorage:Storage Directory /workdir/hadoop-ozone/integration-test/target/test-dir/MiniOzoneClusterImpl-6ac5a409-5689-4fa3-9e5a-b652cece44be/datanode-3/data/ratis/cb572d94-a82c-4566-af66-e4f5cc24b7f2
2019-10-15 03:19:04,201 [pool-57-thread-1] INFO  server.RaftServerConfigKeys (ConfUtils.java:logGet(43)) - raft.server.log.queue.byte-limit = 2147483647 (custom)
2019-10-15 03:19:04,201 [pool-57-thread-1] INFO  server.RaftServerConfigKeys (ConfUtils.java:logGet(43)) - raft.server.log.queue.element-limit = 1024 (custom)
2019-10-15 03:19:04,201 [pool-57-thread-1] INFO  server.RaftServerConfigKeys (ConfUtils.java:logGet(43)) - raft.server.log.segment.size.max = 1048576 (custom)
2019-10-15 03:19:04,201 [pool-57-thread-1] INFO  server.RaftServerConfigKeys (ConfUtils.java:logGet(43)) - raft.server.log.preallocated.size = 16384 (custom)
2019-10-15 03:19:04,201 [pool-57-thread-1] INFO  server.RaftServerConfigKeys (ConfUtils.java:logGet(43)) - raft.server.log.write.buffer.size = 33554432 (custom)
2019-10-15 03:19:04,201 [pool-57-thread-1] INFO  server.RaftServerConfigKeys (ConfUtils.java:logGet(43)) - raft.server.log.force.sync.num = 128 (default)
2019-10-15 03:19:04,201 [pool-57-thread-1] INFO  server.RaftServerConfigKeys (ConfUtils.java:logGet(43)) - raft.server.log.statemachine.data.sync = true (default)
2019-10-15 03:19:04,202 [pool-57-thread-1] INFO  server.RaftServerConfigKeys (ConfUtils.java:logGet(43)) - raft.server.log.statemachine.data.sync.timeout = 10s (default)
2019-10-15 03:19:04,203 [pool-57-thread-1] INFO  server.RaftServerConfigKeys (ConfUtils.java:logGet(43)) - raft.server.log.statemachine.data.sync.timeout.retry = -1 (default)
2019-10-15 03:19:04,252 [pool-57-thread-1] INFO  server.RaftServerConfigKeys (ConfUtils.java:logGet(43)) - raft.server.log.statemachine.data.caching.enabled = true (custom)
2019-10-15 03:19:04,253 [pool-57-thread-1] INFO  segmented.SegmentedRaftLogWorker (SegmentedRaftLogWorker.java:lambda$new$0(128)) - a910346c-1ee2-4cdc-a6d8-644a3a4f0b7f@group-E4F5CC24B7F2-SegmentedRaftLogWorker: flushIndex: setUnconditionally 0 -> -1
2019-10-15 03:19:04,253 [pool-57-thread-1] INFO  server.RaftServerConfigKeys (ConfUtils.java:logGet(43)) - raft.server.snapshot.auto.trigger.enabled = true (custom)
2019-10-15 03:19:04,253 [pool-57-thread-1] INFO  server.RaftServerConfigKeys (ConfUtils.java:logGet(43)) - raft.server.snapshot.auto.trigger.threshold = 10000 (custom)
2019-10-15 03:19:04,253 [pool-57-thread-1] INFO  server.RaftServerConfigKeys (ConfUtils.java:logGet(43)) - raft.server.snapshot.retention.file.num = 5 (custom)
2019-10-15 03:19:04,254 [pool-57-thread-1] INFO  server.RaftServerConfigKeys (ConfUtils.java:logGet(43)) - raft.server.retrycache.expirytime = 600000ms (custom)
2019-10-15 03:19:04,261 [f33cd6fc-8ced-446f-8d55-94c77b4ccaf0@group-1BA78EE7CCA7-LeaderElection1] INFO  impl.RoleInfo (RoleInfo.java:updateAndGet(143)) - f33cd6fc-8ced-446f-8d55-94c77b4ccaf0: start LeaderState
2019-10-15 03:19:04,265 [pool-57-thread-1] INFO  impl.RaftServerImpl (RaftServerImpl.java:start(195)) - a910346c-1ee2-4cdc-a6d8-644a3a4f0b7f@group-E4F5CC24B7F2: start as a follower, conf=-1: [a910346c-1ee2-4cdc-a6d8-644a3a4f0b7f:192.168.5.131:38193], old=null
2019-10-15 03:19:04,265 [pool-57-thread-1] INFO  impl.RaftServerImpl (RaftServerImpl.java:setRole(184)) - a910346c-1ee2-4cdc-a6d8-644a3a4f0b7f@group-E4F5CC24B7F2: changes role from      null to FOLLOWER at term 0 for startAsFollower
2019-10-15 03:19:04,265 [pool-57-thread-1] INFO  impl.RoleInfo (RoleInfo.java:updateAndGet(143)) - a910346c-1ee2-4cdc-a6d8-644a3a4f0b7f: start FollowerState
2019-10-15 03:19:04,266 [pool-57-thread-1] INFO  util.JmxRegister (JmxRegister.java:tryRegister(44)) - Successfully registered JMX Bean with object name Ratis:service=RaftServer,group=group-E4F5CC24B7F2,id=a910346c-1ee2-4cdc-a6d8-644a3a4f0b7f
2019-10-15 03:19:04,286 [RatisPipelineUtilsThread] INFO  pipeline.PipelineStateManager (PipelineStateManager.java:addPipeline(56)) - Created pipeline Pipeline[ Id: cb572d94-a82c-4566-af66-e4f5cc24b7f2, Nodes: a910346c-1ee2-4cdc-a6d8-644a3a4f0b7f{ip: 192.168.5.131, host: pr-hdds-2305-c92ks-1629580955, networkLocation: /default-rack, certSerialId: null}, Type:RATIS, Factor:ONE, State:OPEN]
2019-10-15 03:19:04,307 [f33cd6fc-8ced-446f-8d55-94c77b4ccaf0@group-1BA78EE7CCA7-LeaderElection1] INFO  segmented.SegmentedRaftLogWorker (SegmentedRaftLogWorker.java:startLogSegment(385)) - f33cd6fc-8ced-446f-8d55-94c77b4ccaf0@group-1BA78EE7CCA7-SegmentedRaftLogWorker: Starting segment from index:0
2019-10-15 03:19:04,319 [grpc-default-executor-0] INFO  impl.RaftServerProxy (RaftServerProxy.java:addNew(89)) - 742c26a8-c271-430a-a05a-c8bba3fa6d96: addNew group-908A6E676644:[742c26a8-c271-430a-a05a-c8bba3fa6d96:192.168.5.131:42235] returns group-908A6E676644:java.util.concurrent.CompletableFuture@24cc15dc[Not completed]
2019-10-15 03:19:04,324 [pool-67-thread-1] INFO  impl.RaftServerImpl (RaftServerImpl.java:<init>(104)) - 742c26a8-c271-430a-a05a-c8bba3fa6d96: new RaftServerImpl for group-908A6E676644:[742c26a8-c271-430a-a05a-c8bba3fa6d96:192.168.5.131:42235] with ContainerStateMachine:uninitialized
2019-10-15 03:19:04,324 [pool-67-thread-1] INFO  server.RaftServerConfigKeys (ConfUtils.java:logGet(43)) - raft.server.rpc.timeout.min = 1s (custom)
2019-10-15 03:19:04,324 [pool-67-thread-1] INFO  server.RaftServerConfigKeys (ConfUtils.java:logGet(43)) - raft.server.rpc.timeout.max = 1200ms (custom)
2019-10-15 03:19:04,324 [pool-67-thread-1] INFO  server.RaftServerConfigKeys (ConfUtils.java:logGet(43)) - raft.server.rpcslowness.timeout = 120s (custom)
2019-10-15 03:19:04,325 [pool-67-thread-1] INFO  server.RaftServerConfigKeys (ConfUtils.java:logGet(43)) - raft.server.sleep.deviation.threshold = 300 (default)
2019-10-15 03:19:04,325 [pool-67-thread-1] INFO  server.RaftServerConfigKeys (ConfUtils.java:logGet(43)) - raft.server.log.appender.install.snapshot.enabled = false (custom)
2019-10-15 03:19:04,325 [pool-67-thread-1] INFO  impl.RaftServerImpl (ServerState.java:<init>(103)) - 742c26a8-c271-430a-a05a-c8bba3fa6d96@group-908A6E676644: ConfigurationManager, init=-1: [742c26a8-c271-430a-a05a-c8bba3fa6d96:192.168.5.131:42235], old=null, confs=<EMPTY_MAP>
2019-10-15 03:19:04,325 [pool-67-thread-1] INFO  server.RaftServerConfigKeys (ConfUtils.java:logGet(43)) - raft.server.storage.dir = [/workdir/hadoop-ozone/integration-test/target/test-dir/MiniOzoneClusterImpl-6ac5a409-5689-4fa3-9e5a-b652cece44be/datanode-4/data/ratis] (custom)
2019-10-15 03:19:04,325 [pool-67-thread-1] INFO  server.RaftServerConfigKeys (ConfUtils.java:logGet(43)) - raft.server.log.corruption.policy = EXCEPTION (default)
2019-10-15 03:19:04,326 [pool-67-thread-1] INFO  storage.RaftStorageDirectory (RaftStorageDirectory.java:analyzeStorage(246)) - The storage directory /workdir/hadoop-ozone/integration-test/target/test-dir/MiniOzoneClusterImpl-6ac5a409-5689-4fa3-9e5a-b652cece44be/datanode-4/data/ratis/d54f0f5a-a68a-44e5-ae11-908a6e676644 does not exist. Creating ...
2019-10-15 03:19:04,326 [f33cd6fc-8ced-446f-8d55-94c77b4ccaf0@group-1BA78EE7CCA7-LeaderElection1] INFO  impl.RaftServerImpl (ServerState.java:setRaftConf(357)) - f33cd6fc-8ced-446f-8d55-94c77b4ccaf0@group-1BA78EE7CCA7: set configuration 0: [f33cd6fc-8ced-446f-8d55-94c77b4ccaf0:192.168.5.131:33921], old=null at 0
2019-10-15 03:19:04,342 [pool-67-thread-1] INFO  storage.RaftStorageDirectory (RaftStorageDirectory.java:tryLock(328)) - Lock on /workdir/hadoop-ozone/integration-test/target/test-dir/MiniOzoneClusterImpl-6ac5a409-5689-4fa3-9e5a-b652cece44be/datanode-4/data/ratis/d54f0f5a-a68a-44e5-ae11-908a6e676644/in_use.lock acquired by nodename 3330@pr-hdds-2305-c92ks-1629580955
2019-10-15 03:19:04,354 [pool-67-thread-1] INFO  storage.RaftStorage (RaftStorage.java:format(84)) - Storage directory /workdir/hadoop-ozone/integration-test/target/test-dir/MiniOzoneClusterImpl-6ac5a409-5689-4fa3-9e5a-b652cece44be/datanode-4/data/ratis/d54f0f5a-a68a-44e5-ae11-908a6e676644 has been successfully formatted.
2019-10-15 03:19:04,355 [pool-67-thread-1] INFO  ratis.ContainerStateMachine (ContainerStateMachine.java:loadSnapshot(231)) - group-908A6E676644: The snapshot info is null. Setting the last applied indexto:(t:0, i:~)
2019-10-15 03:19:04,355 [pool-67-thread-1] INFO  server.RaftServerConfigKeys (ConfUtils.java:logGet(43)) - raft.server.notification.no-leader.timeout = 120s (custom)
2019-10-15 03:19:04,355 [pool-67-thread-1] INFO  server.RaftServerConfigKeys (ConfUtils.java:logGet(43)) - raft.server.log.use.memory = false (default)
2019-10-15 03:19:04,355 [pool-67-thread-1] INFO  server.RaftServerConfigKeys (ConfUtils.java:logGet(43)) - raft.server.log.purge.gap = 1000000 (custom)
2019-10-15 03:19:04,356 [pool-67-thread-1] INFO  server.RaftServerConfigKeys (ConfUtils.java:logGet(43)) - raft.server.log.appender.buffer.byte-limit = 33554432 (custom)
2019-10-15 03:19:04,356 [pool-67-thread-1] INFO  server.RaftServerConfigKeys (ConfUtils.java:logGet(43)) - raft.server.log.segment.size.max = 1048576 (custom)
2019-10-15 03:19:04,361 [pool-67-thread-1] INFO  server.RaftServerConfigKeys (ConfUtils.java:logGet(43)) - raft.server.log.segment.cache.num.max = 2 (custom)
2019-10-15 03:19:04,361 [pool-67-thread-1] INFO  segmented.SegmentedRaftLogWorker (SegmentedRaftLogWorker.java:<init>(173)) - new 742c26a8-c271-430a-a05a-c8bba3fa6d96@group-908A6E676644-SegmentedRaftLogWorker for RaftStorage:Storage Directory /workdir/hadoop-ozone/integration-test/target/test-dir/MiniOzoneClusterImpl-6ac5a409-5689-4fa3-9e5a-b652cece44be/datanode-4/data/ratis/d54f0f5a-a68a-44e5-ae11-908a6e676644
2019-10-15 03:19:04,361 [pool-67-thread-1] INFO  server.RaftServerConfigKeys (ConfUtils.java:logGet(43)) - raft.server.log.queue.byte-limit = 2147483647 (custom)
2019-10-15 03:19:04,362 [pool-67-thread-1] INFO  server.RaftServerConfigKeys (ConfUtils.java:logGet(43)) - raft.server.log.queue.element-limit = 1024 (custom)
2019-10-15 03:19:04,362 [pool-67-thread-1] INFO  server.RaftServerConfigKeys (ConfUtils.java:logGet(43)) - raft.server.log.segment.size.max = 1048576 (custom)
2019-10-15 03:19:04,362 [pool-67-thread-1] INFO  server.RaftServerConfigKeys (ConfUtils.java:logGet(43)) - raft.server.log.preallocated.size = 16384 (custom)
2019-10-15 03:19:04,362 [pool-67-thread-1] INFO  server.RaftServerConfigKeys (ConfUtils.java:logGet(43)) - raft.server.log.write.buffer.size = 33554432 (custom)
2019-10-15 03:19:04,362 [pool-67-thread-1] INFO  server.RaftServerConfigKeys (ConfUtils.java:logGet(43)) - raft.server.log.force.sync.num = 128 (default)
2019-10-15 03:19:04,363 [pool-67-thread-1] INFO  server.RaftServerConfigKeys (ConfUtils.java:logGet(43)) - raft.server.log.statemachine.data.sync = true (default)
2019-10-15 03:19:04,363 [pool-67-thread-1] INFO  server.RaftServerConfigKeys (ConfUtils.java:logGet(43)) - raft.server.log.statemachine.data.sync.timeout = 10s (default)
2019-10-15 03:19:04,363 [pool-67-thread-1] INFO  server.RaftServerConfigKeys (ConfUtils.java:logGet(43)) - raft.server.log.statemachine.data.sync.timeout.retry = -1 (default)
2019-10-15 03:19:04,364 [pool-67-thread-1] INFO  server.RaftServerConfigKeys (ConfUtils.java:logGet(43)) - raft.server.log.statemachine.data.caching.enabled = true (custom)
2019-10-15 03:19:04,365 [pool-67-thread-1] INFO  segmented.SegmentedRaftLogWorker (SegmentedRaftLogWorker.java:lambda$new$0(128)) - 742c26a8-c271-430a-a05a-c8bba3fa6d96@group-908A6E676644-SegmentedRaftLogWorker: flushIndex: setUnconditionally 0 -> -1
2019-10-15 03:19:04,365 [pool-67-thread-1] INFO  server.RaftServerConfigKeys (ConfUtils.java:logGet(43)) - raft.server.snapshot.auto.trigger.enabled = true (custom)
2019-10-15 03:19:04,366 [pool-67-thread-1] INFO  server.RaftServerConfigKeys (ConfUtils.java:logGet(43)) - raft.server.snapshot.auto.trigger.threshold = 10000 (custom)
2019-10-15 03:19:04,366 [pool-67-thread-1] INFO  server.RaftServerConfigKeys (ConfUtils.java:logGet(43)) - raft.server.snapshot.retention.file.num = 5 (custom)
2019-10-15 03:19:04,366 [pool-67-thread-1] INFO  server.RaftServerConfigKeys (ConfUtils.java:logGet(43)) - raft.server.retrycache.expirytime = 600000ms (custom)
2019-10-15 03:19:04,373 [pool-67-thread-1] INFO  impl.RaftServerImpl (RaftServerImpl.java:start(195)) - 742c26a8-c271-430a-a05a-c8bba3fa6d96@group-908A6E676644: start as a follower, conf=-1: [742c26a8-c271-430a-a05a-c8bba3fa6d96:192.168.5.131:42235], old=null
2019-10-15 03:19:04,373 [pool-67-thread-1] INFO  impl.RaftServerImpl (RaftServerImpl.java:setRole(184)) - 742c26a8-c271-430a-a05a-c8bba3fa6d96@group-908A6E676644: changes role from      null to FOLLOWER at term 0 for startAsFollower
2019-10-15 03:19:04,374 [pool-67-thread-1] INFO  impl.RoleInfo (RoleInfo.java:updateAndGet(143)) - 742c26a8-c271-430a-a05a-c8bba3fa6d96: start FollowerState
2019-10-15 03:19:04,374 [pool-67-thread-1] INFO  util.JmxRegister (JmxRegister.java:tryRegister(44)) - Successfully registered JMX Bean with object name Ratis:service=RaftServer,group=group-908A6E676644,id=742c26a8-c271-430a-a05a-c8bba3fa6d96
2019-10-15 03:19:04,395 [RatisPipelineUtilsThread] INFO  pipeline.PipelineStateManager (PipelineStateManager.java:addPipeline(56)) - Created pipeline Pipeline[ Id: d54f0f5a-a68a-44e5-ae11-908a6e676644, Nodes: 742c26a8-c271-430a-a05a-c8bba3fa6d96{ip: 192.168.5.131, host: pr-hdds-2305-c92ks-1629580955, networkLocation: /default-rack, certSerialId: null}, Type:RATIS, Factor:ONE, State:OPEN]
2019-10-15 03:19:04,419 [grpc-default-executor-0] INFO  impl.RaftServerProxy (RaftServerProxy.java:addNew(89)) - 4c6a16c4-95d2-4ef7-9fc0-4f57ccbd9967: addNew group-15151B2EFA2A:[4c6a16c4-95d2-4ef7-9fc0-4f57ccbd9967:192.168.5.131:39112] returns group-15151B2EFA2A:java.util.concurrent.CompletableFuture@25aa6b57[Not completed]
2019-10-15 03:19:04,427 [pool-87-thread-1] INFO  impl.RaftServerImpl (RaftServerImpl.java:<init>(104)) - 4c6a16c4-95d2-4ef7-9fc0-4f57ccbd9967: new RaftServerImpl for group-15151B2EFA2A:[4c6a16c4-95d2-4ef7-9fc0-4f57ccbd9967:192.168.5.131:39112] with ContainerStateMachine:uninitialized
2019-10-15 03:19:04,432 [Thread-245] INFO  impl.FollowerState (FollowerState.java:run(108)) - a910346c-1ee2-4cdc-a6d8-644a3a4f0b7f@group-E4F5CC24B7F2-FollowerState: change to CANDIDATE, lastRpcTime:166ms, electionTimeout:166ms
2019-10-15 03:19:04,433 [pool-87-thread-1] INFO  server.RaftServerConfigKeys (ConfUtils.java:logGet(43)) - raft.server.rpc.timeout.min = 1s (custom)
2019-10-15 03:19:04,433 [Thread-245] INFO  impl.RoleInfo (RoleInfo.java:shutdownFollowerState(121)) - a910346c-1ee2-4cdc-a6d8-644a3a4f0b7f: shutdown FollowerState
2019-10-15 03:19:04,433 [pool-87-thread-1] INFO  server.RaftServerConfigKeys (ConfUtils.java:logGet(43)) - raft.server.rpc.timeout.max = 1200ms (custom)
2019-10-15 03:19:04,433 [Thread-245] INFO  impl.RaftServerImpl (RaftServerImpl.java:setRole(184)) - a910346c-1ee2-4cdc-a6d8-644a3a4f0b7f@group-E4F5CC24B7F2: changes role from  FOLLOWER to CANDIDATE at term 0 for changeToCandidate
2019-10-15 03:19:04,434 [pool-87-thread-1] INFO  server.RaftServerConfigKeys (ConfUtils.java:logGet(43)) - raft.server.rpcslowness.timeout = 120s (custom)
2019-10-15 03:19:04,434 [Thread-245] INFO  impl.RoleInfo (RoleInfo.java:updateAndGet(143)) - a910346c-1ee2-4cdc-a6d8-644a3a4f0b7f: start LeaderElection
2019-10-15 03:19:04,434 [pool-87-thread-1] INFO  server.RaftServerConfigKeys (ConfUtils.java:logGet(43)) - raft.server.sleep.deviation.threshold = 300 (default)
2019-10-15 03:19:04,434 [pool-87-thread-1] INFO  server.RaftServerConfigKeys (ConfUtils.java:logGet(43)) - raft.server.log.appender.install.snapshot.enabled = false (custom)
2019-10-15 03:19:04,439 [pool-87-thread-1] INFO  impl.RaftServerImpl (ServerState.java:<init>(103)) - 4c6a16c4-95d2-4ef7-9fc0-4f57ccbd9967@group-15151B2EFA2A: ConfigurationManager, init=-1: [4c6a16c4-95d2-4ef7-9fc0-4f57ccbd9967:192.168.5.131:39112], old=null, confs=<EMPTY_MAP>
2019-10-15 03:19:04,439 [pool-87-thread-1] INFO  server.RaftServerConfigKeys (ConfUtils.java:logGet(43)) - raft.server.storage.dir = [/workdir/hadoop-ozone/integration-test/target/test-dir/MiniOzoneClusterImpl-6ac5a409-5689-4fa3-9e5a-b652cece44be/datanode-6/data/ratis] (custom)
2019-10-15 03:19:04,439 [pool-87-thread-1] INFO  server.RaftServerConfigKeys (ConfUtils.java:logGet(43)) - raft.server.log.corruption.policy = EXCEPTION (default)
2019-10-15 03:19:04,440 [pool-87-thread-1] INFO  storage.RaftStorageDirectory (RaftStorageDirectory.java:analyzeStorage(246)) - The storage directory /workdir/hadoop-ozone/integration-test/target/test-dir/MiniOzoneClusterImpl-6ac5a409-5689-4fa3-9e5a-b652cece44be/datanode-6/data/ratis/8cd60b96-f12f-4f95-9409-15151b2efa2a does not exist. Creating ...
2019-10-15 03:19:04,464 [pool-87-thread-1] INFO  storage.RaftStorageDirectory (RaftStorageDirectory.java:tryLock(328)) - Lock on /workdir/hadoop-ozone/integration-test/target/test-dir/MiniOzoneClusterImpl-6ac5a409-5689-4fa3-9e5a-b652cece44be/datanode-6/data/ratis/8cd60b96-f12f-4f95-9409-15151b2efa2a/in_use.lock acquired by nodename 3330@pr-hdds-2305-c92ks-1629580955
2019-10-15 03:19:04,464 [a910346c-1ee2-4cdc-a6d8-644a3a4f0b7f@group-E4F5CC24B7F2-LeaderElection2] INFO  impl.LeaderElection (LeaderElection.java:askForVotes(178)) - a910346c-1ee2-4cdc-a6d8-644a3a4f0b7f@group-E4F5CC24B7F2-LeaderElection2: begin an election at term 1 for -1: [a910346c-1ee2-4cdc-a6d8-644a3a4f0b7f:192.168.5.131:38193], old=null
2019-10-15 03:19:04,472 [a910346c-1ee2-4cdc-a6d8-644a3a4f0b7f@group-E4F5CC24B7F2-LeaderElection2] INFO  impl.RoleInfo (RoleInfo.java:shutdownLeaderElection(134)) - a910346c-1ee2-4cdc-a6d8-644a3a4f0b7f: shutdown LeaderElection
2019-10-15 03:19:04,472 [a910346c-1ee2-4cdc-a6d8-644a3a4f0b7f@group-E4F5CC24B7F2-LeaderElection2] INFO  impl.RaftServerImpl (RaftServerImpl.java:setRole(184)) - a910346c-1ee2-4cdc-a6d8-644a3a4f0b7f@group-E4F5CC24B7F2: changes role from CANDIDATE to LEADER at term 1 for changeToLeader
2019-10-15 03:19:04,472 [a910346c-1ee2-4cdc-a6d8-644a3a4f0b7f@group-E4F5CC24B7F2-LeaderElection2] INFO  impl.RaftServerImpl (ServerState.java:setLeader(256)) - a910346c-1ee2-4cdc-a6d8-644a3a4f0b7f@group-E4F5CC24B7F2: change Leader from null to a910346c-1ee2-4cdc-a6d8-644a3a4f0b7f at term 1 for becomeLeader, leader elected after 278ms
2019-10-15 03:19:04,474 [a910346c-1ee2-4cdc-a6d8-644a3a4f0b7f@group-E4F5CC24B7F2-LeaderElection2] INFO  server.RaftServerConfigKeys (ConfUtils.java:logGet(43)) - raft.server.staging.catchup.gap = 1000 (default)
2019-10-15 03:19:04,474 [a910346c-1ee2-4cdc-a6d8-644a3a4f0b7f@group-E4F5CC24B7F2-LeaderElection2] INFO  server.RaftServerConfigKeys (ConfUtils.java:logGet(43)) - raft.server.rpc.sleep.time = 25ms (default)
2019-10-15 03:19:04,475 [a910346c-1ee2-4cdc-a6d8-644a3a4f0b7f@group-E4F5CC24B7F2-LeaderElection2] INFO  server.RaftServerConfigKeys (ConfUtils.java:logGet(43)) - raft.server.write.element-limit = 4096 (default)
2019-10-15 03:19:04,475 [a910346c-1ee2-4cdc-a6d8-644a3a4f0b7f@group-E4F5CC24B7F2-LeaderElection2] INFO  server.RaftServerConfigKeys (ConfUtils.java:logGet(43)) - raft.server.watch.timeout = 10s (default)
2019-10-15 03:19:04,475 [a910346c-1ee2-4cdc-a6d8-644a3a4f0b7f@group-E4F5CC24B7F2-LeaderElection2] INFO  server.RaftServerConfigKeys (ConfUtils.java:logGet(43)) - raft.server.watch.timeout.denomination = 1s (default)
2019-10-15 03:19:04,475 [a910346c-1ee2-4cdc-a6d8-644a3a4f0b7f@group-E4F5CC24B7F2-LeaderElection2] INFO  server.RaftServerConfigKeys (ConfUtils.java:logGet(43)) - raft.server.watch.element-limit = 65536 (default)
2019-10-15 03:19:04,479 [a910346c-1ee2-4cdc-a6d8-644a3a4f0b7f@group-E4F5CC24B7F2-LeaderElection2] INFO  impl.RoleInfo (RoleInfo.java:updateAndGet(143)) - a910346c-1ee2-4cdc-a6d8-644a3a4f0b7f: start LeaderState
2019-10-15 03:19:04,479 [a910346c-1ee2-4cdc-a6d8-644a3a4f0b7f@group-E4F5CC24B7F2-LeaderElection2] INFO  segmented.SegmentedRaftLogWorker (SegmentedRaftLogWorker.java:startLogSegment(385)) - a910346c-1ee2-4cdc-a6d8-644a3a4f0b7f@group-E4F5CC24B7F2-SegmentedRaftLogWorker: Starting segment from index:0
2019-10-15 03:19:04,480 [a910346c-1ee2-4cdc-a6d8-644a3a4f0b7f@group-E4F5CC24B7F2-LeaderElection2] INFO  impl.RaftServerImpl (ServerState.java:setRaftConf(357)) - a910346c-1ee2-4cdc-a6d8-644a3a4f0b7f@group-E4F5CC24B7F2: set configuration 0: [a910346c-1ee2-4cdc-a6d8-644a3a4f0b7f:192.168.5.131:38193], old=null at 0
2019-10-15 03:19:04,493 [Thread-248] INFO  impl.FollowerState (FollowerState.java:run(108)) - 742c26a8-c271-430a-a05a-c8bba3fa6d96@group-908A6E676644-FollowerState: change to CANDIDATE, lastRpcTime:119ms, electionTimeout:119ms
2019-10-15 03:19:04,493 [pool-87-thread-1] INFO  storage.RaftStorage (RaftStorage.java:format(84)) - Storage directory /workdir/hadoop-ozone/integration-test/target/test-dir/MiniOzoneClusterImpl-6ac5a409-5689-4fa3-9e5a-b652cece44be/datanode-6/data/ratis/8cd60b96-f12f-4f95-9409-15151b2efa2a has been successfully formatted.
2019-10-15 03:19:04,493 [Thread-248] INFO  impl.RoleInfo (RoleInfo.java:shutdownFollowerState(121)) - 742c26a8-c271-430a-a05a-c8bba3fa6d96: shutdown FollowerState
2019-10-15 03:19:04,494 [pool-87-thread-1] INFO  ratis.ContainerStateMachine (ContainerStateMachine.java:loadSnapshot(231)) - group-15151B2EFA2A: The snapshot info is null. Setting the last applied indexto:(t:0, i:~)
2019-10-15 03:19:04,494 [Thread-248] INFO  impl.RaftServerImpl (RaftServerImpl.java:setRole(184)) - 742c26a8-c271-430a-a05a-c8bba3fa6d96@group-908A6E676644: changes role from  FOLLOWER to CANDIDATE at term 0 for changeToCandidate
2019-10-15 03:19:04,494 [pool-87-thread-1] INFO  server.RaftServerConfigKeys (ConfUtils.java:logGet(43)) - raft.server.notification.no-leader.timeout = 120s (custom)
2019-10-15 03:19:04,494 [Thread-248] INFO  impl.RoleInfo (RoleInfo.java:updateAndGet(143)) - 742c26a8-c271-430a-a05a-c8bba3fa6d96: start LeaderElection
2019-10-15 03:19:04,494 [pool-87-thread-1] INFO  server.RaftServerConfigKeys (ConfUtils.java:logGet(43)) - raft.server.log.use.memory = false (default)
2019-10-15 03:19:04,495 [pool-87-thread-1] INFO  server.RaftServerConfigKeys (ConfUtils.java:logGet(43)) - raft.server.log.purge.gap = 1000000 (custom)
2019-10-15 03:19:04,500 [pool-87-thread-1] INFO  server.RaftServerConfigKeys (ConfUtils.java:logGet(43)) - raft.server.log.appender.buffer.byte-limit = 33554432 (custom)
2019-10-15 03:19:04,501 [pool-87-thread-1] INFO  server.RaftServerConfigKeys (ConfUtils.java:logGet(43)) - raft.server.log.segment.size.max = 1048576 (custom)
2019-10-15 03:19:04,504 [pool-87-thread-1] INFO  server.RaftServerConfigKeys (ConfUtils.java:logGet(43)) - raft.server.log.segment.cache.num.max = 2 (custom)
2019-10-15 03:19:04,504 [pool-87-thread-1] INFO  segmented.SegmentedRaftLogWorker (SegmentedRaftLogWorker.java:<init>(173)) - new 4c6a16c4-95d2-4ef7-9fc0-4f57ccbd9967@group-15151B2EFA2A-SegmentedRaftLogWorker for RaftStorage:Storage Directory /workdir/hadoop-ozone/integration-test/target/test-dir/MiniOzoneClusterImpl-6ac5a409-5689-4fa3-9e5a-b652cece44be/datanode-6/data/ratis/8cd60b96-f12f-4f95-9409-15151b2efa2a
2019-10-15 03:19:04,504 [pool-87-thread-1] INFO  server.RaftServerConfigKeys (ConfUtils.java:logGet(43)) - raft.server.log.queue.byte-limit = 2147483647 (custom)
2019-10-15 03:19:04,505 [pool-87-thread-1] INFO  server.RaftServerConfigKeys (ConfUtils.java:logGet(43)) - raft.server.log.queue.element-limit = 1024 (custom)
2019-10-15 03:19:04,505 [pool-87-thread-1] INFO  server.RaftServerConfigKeys (ConfUtils.java:logGet(43)) - raft.server.log.segment.size.max = 1048576 (custom)
2019-10-15 03:19:04,505 [pool-87-thread-1] INFO  server.RaftServerConfigKeys (ConfUtils.java:logGet(43)) - raft.server.log.preallocated.size = 16384 (custom)
2019-10-15 03:19:04,505 [pool-87-thread-1] INFO  server.RaftServerConfigKeys (ConfUtils.java:logGet(43)) - raft.server.log.write.buffer.size = 33554432 (custom)
2019-10-15 03:19:04,505 [pool-87-thread-1] INFO  server.RaftServerConfigKeys (ConfUtils.java:logGet(43)) - raft.server.log.force.sync.num = 128 (default)
2019-10-15 03:19:04,506 [pool-87-thread-1] INFO  server.RaftServerConfigKeys (ConfUtils.java:logGet(43)) - raft.server.log.statemachine.data.sync = true (default)
2019-10-15 03:19:04,506 [pool-87-thread-1] INFO  server.RaftServerConfigKeys (ConfUtils.java:logGet(43)) - raft.server.log.statemachine.data.sync.timeout = 10s (default)
2019-10-15 03:19:04,506 [pool-87-thread-1] INFO  server.RaftServerConfigKeys (ConfUtils.java:logGet(43)) - raft.server.log.statemachine.data.sync.timeout.retry = -1 (default)
2019-10-15 03:19:04,507 [pool-87-thread-1] INFO  server.RaftServerConfigKeys (ConfUtils.java:logGet(43)) - raft.server.log.statemachine.data.caching.enabled = true (custom)
2019-10-15 03:19:04,507 [pool-87-thread-1] INFO  segmented.SegmentedRaftLogWorker (SegmentedRaftLogWorker.java:lambda$new$0(128)) - 4c6a16c4-95d2-4ef7-9fc0-4f57ccbd9967@group-15151B2EFA2A-SegmentedRaftLogWorker: flushIndex: setUnconditionally 0 -> -1
2019-10-15 03:19:04,507 [pool-87-thread-1] INFO  server.RaftServerConfigKeys (ConfUtils.java:logGet(43)) - raft.server.snapshot.auto.trigger.enabled = true (custom)
2019-10-15 03:19:04,508 [pool-87-thread-1] INFO  server.RaftServerConfigKeys (ConfUtils.java:logGet(43)) - raft.server.snapshot.auto.trigger.threshold = 10000 (custom)
2019-10-15 03:19:04,508 [pool-87-thread-1] INFO  server.RaftServerConfigKeys (ConfUtils.java:logGet(43)) - raft.server.snapshot.retention.file.num = 5 (custom)
2019-10-15 03:19:04,508 [pool-87-thread-1] INFO  server.RaftServerConfigKeys (ConfUtils.java:logGet(43)) - raft.server.retrycache.expirytime = 600000ms (custom)
2019-10-15 03:19:04,513 [742c26a8-c271-430a-a05a-c8bba3fa6d96@group-908A6E676644-LeaderElection3] INFO  impl.LeaderElection (LeaderElection.java:askForVotes(178)) - 742c26a8-c271-430a-a05a-c8bba3fa6d96@group-908A6E676644-LeaderElection3: begin an election at term 1 for -1: [742c26a8-c271-430a-a05a-c8bba3fa6d96:192.168.5.131:42235], old=null
2019-10-15 03:19:04,515 [742c26a8-c271-430a-a05a-c8bba3fa6d96@group-908A6E676644-LeaderElection3] INFO  impl.RoleInfo (RoleInfo.java:shutdownLeaderElection(134)) - 742c26a8-c271-430a-a05a-c8bba3fa6d96: shutdown LeaderElection
2019-10-15 03:19:04,515 [742c26a8-c271-430a-a05a-c8bba3fa6d96@group-908A6E676644-LeaderElection3] INFO  impl.RaftServerImpl (RaftServerImpl.java:setRole(184)) - 742c26a8-c271-430a-a05a-c8bba3fa6d96@group-908A6E676644: changes role from CANDIDATE to LEADER at term 1 for changeToLeader
2019-10-15 03:19:04,516 [742c26a8-c271-430a-a05a-c8bba3fa6d96@group-908A6E676644-LeaderElection3] INFO  impl.RaftServerImpl (ServerState.java:setLeader(256)) - 742c26a8-c271-430a-a05a-c8bba3fa6d96@group-908A6E676644: change Leader from null to 742c26a8-c271-430a-a05a-c8bba3fa6d96 at term 1 for becomeLeader, leader elected after 160ms
2019-10-15 03:19:04,518 [742c26a8-c271-430a-a05a-c8bba3fa6d96@group-908A6E676644-LeaderElection3] INFO  server.RaftServerConfigKeys (ConfUtils.java:logGet(43)) - raft.server.staging.catchup.gap = 1000 (default)
2019-10-15 03:19:04,518 [742c26a8-c271-430a-a05a-c8bba3fa6d96@group-908A6E676644-LeaderElection3] INFO  server.RaftServerConfigKeys (ConfUtils.java:logGet(43)) - raft.server.rpc.sleep.time = 25ms (default)
2019-10-15 03:19:04,518 [742c26a8-c271-430a-a05a-c8bba3fa6d96@group-908A6E676644-LeaderElection3] INFO  server.RaftServerConfigKeys (ConfUtils.java:logGet(43)) - raft.server.write.element-limit = 4096 (default)
2019-10-15 03:19:04,518 [742c26a8-c271-430a-a05a-c8bba3fa6d96@group-908A6E676644-LeaderElection3] INFO  server.RaftServerConfigKeys (ConfUtils.java:logGet(43)) - raft.server.watch.timeout = 10s (default)
2019-10-15 03:19:04,518 [pool-87-thread-1] INFO  impl.RaftServerImpl (RaftServerImpl.java:start(195)) - 4c6a16c4-95d2-4ef7-9fc0-4f57ccbd9967@group-15151B2EFA2A: start as a follower, conf=-1: [4c6a16c4-95d2-4ef7-9fc0-4f57ccbd9967:192.168.5.131:39112], old=null
2019-10-15 03:19:04,518 [742c26a8-c271-430a-a05a-c8bba3fa6d96@group-908A6E676644-LeaderElection3] INFO  server.RaftServerConfigKeys (ConfUtils.java:logGet(43)) - raft.server.watch.timeout.denomination = 1s (default)
2019-10-15 03:19:04,518 [pool-87-thread-1] INFO  impl.RaftServerImpl (RaftServerImpl.java:setRole(184)) - 4c6a16c4-95d2-4ef7-9fc0-4f57ccbd9967@group-15151B2EFA2A: changes role from      null to FOLLOWER at term 0 for startAsFollower
2019-10-15 03:19:04,519 [742c26a8-c271-430a-a05a-c8bba3fa6d96@group-908A6E676644-LeaderElection3] INFO  server.RaftServerConfigKeys (ConfUtils.java:logGet(43)) - raft.server.watch.element-limit = 65536 (default)
2019-10-15 03:19:04,519 [pool-87-thread-1] INFO  impl.RoleInfo (RoleInfo.java:updateAndGet(143)) - 4c6a16c4-95d2-4ef7-9fc0-4f57ccbd9967: start FollowerState
2019-10-15 03:19:04,519 [pool-87-thread-1] INFO  util.JmxRegister (JmxRegister.java:tryRegister(44)) - Successfully registered JMX Bean with object name Ratis:service=RaftServer,group=group-15151B2EFA2A,id=4c6a16c4-95d2-4ef7-9fc0-4f57ccbd9967
2019-10-15 03:19:04,523 [742c26a8-c271-430a-a05a-c8bba3fa6d96@group-908A6E676644-LeaderElection3] INFO  impl.RoleInfo (RoleInfo.java:updateAndGet(143)) - 742c26a8-c271-430a-a05a-c8bba3fa6d96: start LeaderState
2019-10-15 03:19:04,523 [742c26a8-c271-430a-a05a-c8bba3fa6d96@group-908A6E676644-LeaderElection3] INFO  segmented.SegmentedRaftLogWorker (SegmentedRaftLogWorker.java:startLogSegment(385)) - 742c26a8-c271-430a-a05a-c8bba3fa6d96@group-908A6E676644-SegmentedRaftLogWorker: Starting segment from index:0
2019-10-15 03:19:04,524 [742c26a8-c271-430a-a05a-c8bba3fa6d96@group-908A6E676644-LeaderElection3] INFO  impl.RaftServerImpl (ServerState.java:setRaftConf(357)) - 742c26a8-c271-430a-a05a-c8bba3fa6d96@group-908A6E676644: set configuration 0: [742c26a8-c271-430a-a05a-c8bba3fa6d96:192.168.5.131:42235], old=null at 0
2019-10-15 03:19:04,526 [Thread-255] INFO  impl.FollowerState (FollowerState.java:run(108)) - 4c6a16c4-95d2-4ef7-9fc0-4f57ccbd9967@group-15151B2EFA2A-FollowerState: change to CANDIDATE, lastRpcTime:6ms, electionTimeout:5ms
2019-10-15 03:19:04,526 [Thread-255] INFO  impl.RoleInfo (RoleInfo.java:shutdownFollowerState(121)) - 4c6a16c4-95d2-4ef7-9fc0-4f57ccbd9967: shutdown FollowerState
2019-10-15 03:19:04,526 [Thread-255] INFO  impl.RaftServerImpl (RaftServerImpl.java:setRole(184)) - 4c6a16c4-95d2-4ef7-9fc0-4f57ccbd9967@group-15151B2EFA2A: changes role from  FOLLOWER to CANDIDATE at term 0 for changeToCandidate
2019-10-15 03:19:04,526 [Thread-255] INFO  impl.RoleInfo (RoleInfo.java:updateAndGet(143)) - 4c6a16c4-95d2-4ef7-9fc0-4f57ccbd9967: start LeaderElection
2019-10-15 03:19:04,543 [RatisPipelineUtilsThread] INFO  pipeline.PipelineStateManager (PipelineStateManager.java:addPipeline(56)) - Created pipeline Pipeline[ Id: 8cd60b96-f12f-4f95-9409-15151b2efa2a, Nodes: 4c6a16c4-95d2-4ef7-9fc0-4f57ccbd9967{ip: 192.168.5.131, host: pr-hdds-2305-c92ks-1629580955, networkLocation: /default-rack, certSerialId: null}, Type:RATIS, Factor:ONE, State:OPEN]
2019-10-15 03:19:04,578 [4c6a16c4-95d2-4ef7-9fc0-4f57ccbd9967@group-15151B2EFA2A-LeaderElection4] INFO  impl.LeaderElection (LeaderElection.java:askForVotes(178)) - 4c6a16c4-95d2-4ef7-9fc0-4f57ccbd9967@group-15151B2EFA2A-LeaderElection4: begin an election at term 1 for -1: [4c6a16c4-95d2-4ef7-9fc0-4f57ccbd9967:192.168.5.131:39112], old=null
2019-10-15 03:19:04,578 [4c6a16c4-95d2-4ef7-9fc0-4f57ccbd9967@group-15151B2EFA2A-LeaderElection4] INFO  impl.RoleInfo (RoleInfo.java:shutdownLeaderElection(134)) - 4c6a16c4-95d2-4ef7-9fc0-4f57ccbd9967: shutdown LeaderElection
2019-10-15 03:19:04,578 [4c6a16c4-95d2-4ef7-9fc0-4f57ccbd9967@group-15151B2EFA2A-LeaderElection4] INFO  impl.RaftServerImpl (RaftServerImpl.java:setRole(184)) - 4c6a16c4-95d2-4ef7-9fc0-4f57ccbd9967@group-15151B2EFA2A: changes role from CANDIDATE to LEADER at term 1 for changeToLeader
2019-10-15 03:19:04,579 [4c6a16c4-95d2-4ef7-9fc0-4f57ccbd9967@group-15151B2EFA2A-LeaderElection4] INFO  impl.RaftServerImpl (ServerState.java:setLeader(256)) - 4c6a16c4-95d2-4ef7-9fc0-4f57ccbd9967@group-15151B2EFA2A: change Leader from null to 4c6a16c4-95d2-4ef7-9fc0-4f57ccbd9967 at term 1 for becomeLeader, leader elected after 84ms
2019-10-15 03:19:04,581 [4c6a16c4-95d2-4ef7-9fc0-4f57ccbd9967@group-15151B2EFA2A-LeaderElection4] INFO  server.RaftServerConfigKeys (ConfUtils.java:logGet(43)) - raft.server.staging.catchup.gap = 1000 (default)
2019-10-15 03:19:04,581 [4c6a16c4-95d2-4ef7-9fc0-4f57ccbd9967@group-15151B2EFA2A-LeaderElection4] INFO  server.RaftServerConfigKeys (ConfUtils.java:logGet(43)) - raft.server.rpc.sleep.time = 25ms (default)
2019-10-15 03:19:04,581 [4c6a16c4-95d2-4ef7-9fc0-4f57ccbd9967@group-15151B2EFA2A-LeaderElection4] INFO  server.RaftServerConfigKeys (ConfUtils.java:logGet(43)) - raft.server.write.element-limit = 4096 (default)
2019-10-15 03:19:04,581 [4c6a16c4-95d2-4ef7-9fc0-4f57ccbd9967@group-15151B2EFA2A-LeaderElection4] INFO  server.RaftServerConfigKeys (ConfUtils.java:logGet(43)) - raft.server.watch.timeout = 10s (default)
2019-10-15 03:19:04,581 [4c6a16c4-95d2-4ef7-9fc0-4f57ccbd9967@group-15151B2EFA2A-LeaderElection4] INFO  server.RaftServerConfigKeys (ConfUtils.java:logGet(43)) - raft.server.watch.timeout.denomination = 1s (default)
2019-10-15 03:19:04,582 [4c6a16c4-95d2-4ef7-9fc0-4f57ccbd9967@group-15151B2EFA2A-LeaderElection4] INFO  server.RaftServerConfigKeys (ConfUtils.java:logGet(43)) - raft.server.watch.element-limit = 65536 (default)
2019-10-15 03:19:04,590 [4c6a16c4-95d2-4ef7-9fc0-4f57ccbd9967@group-15151B2EFA2A-LeaderElection4] INFO  impl.RoleInfo (RoleInfo.java:updateAndGet(143)) - 4c6a16c4-95d2-4ef7-9fc0-4f57ccbd9967: start LeaderState
2019-10-15 03:19:04,592 [4c6a16c4-95d2-4ef7-9fc0-4f57ccbd9967@group-15151B2EFA2A-LeaderElection4] INFO  segmented.SegmentedRaftLogWorker (SegmentedRaftLogWorker.java:startLogSegment(385)) - 4c6a16c4-95d2-4ef7-9fc0-4f57ccbd9967@group-15151B2EFA2A-SegmentedRaftLogWorker: Starting segment from index:0
2019-10-15 03:19:04,593 [4c6a16c4-95d2-4ef7-9fc0-4f57ccbd9967@group-15151B2EFA2A-LeaderElection4] INFO  impl.RaftServerImpl (ServerState.java:setRaftConf(357)) - 4c6a16c4-95d2-4ef7-9fc0-4f57ccbd9967@group-15151B2EFA2A: set configuration 0: [4c6a16c4-95d2-4ef7-9fc0-4f57ccbd9967:192.168.5.131:39112], old=null at 0
2019-10-15 03:19:04,620 [f33cd6fc-8ced-446f-8d55-94c77b4ccaf0@group-1BA78EE7CCA7-SegmentedRaftLogWorker] INFO  segmented.SegmentedRaftLogWorker (SegmentedRaftLogWorker.java:execute(576)) - f33cd6fc-8ced-446f-8d55-94c77b4ccaf0@group-1BA78EE7CCA7-SegmentedRaftLogWorker: created new log segment /workdir/hadoop-ozone/integration-test/target/test-dir/MiniOzoneClusterImpl-6ac5a409-5689-4fa3-9e5a-b652cece44be/datanode-0/data/ratis/252380b9-ea8d-4abf-94a8-1ba78ee7cca7/current/log_inprogress_0
2019-10-15 03:19:04,620 [742c26a8-c271-430a-a05a-c8bba3fa6d96@group-908A6E676644-SegmentedRaftLogWorker] INFO  segmented.SegmentedRaftLogWorker (SegmentedRaftLogWorker.java:execute(576)) - 742c26a8-c271-430a-a05a-c8bba3fa6d96@group-908A6E676644-SegmentedRaftLogWorker: created new log segment /workdir/hadoop-ozone/integration-test/target/test-dir/MiniOzoneClusterImpl-6ac5a409-5689-4fa3-9e5a-b652cece44be/datanode-4/data/ratis/d54f0f5a-a68a-44e5-ae11-908a6e676644/current/log_inprogress_0
2019-10-15 03:19:04,620 [a910346c-1ee2-4cdc-a6d8-644a3a4f0b7f@group-E4F5CC24B7F2-SegmentedRaftLogWorker] INFO  segmented.SegmentedRaftLogWorker (SegmentedRaftLogWorker.java:execute(576)) - a910346c-1ee2-4cdc-a6d8-644a3a4f0b7f@group-E4F5CC24B7F2-SegmentedRaftLogWorker: created new log segment /workdir/hadoop-ozone/integration-test/target/test-dir/MiniOzoneClusterImpl-6ac5a409-5689-4fa3-9e5a-b652cece44be/datanode-3/data/ratis/cb572d94-a82c-4566-af66-e4f5cc24b7f2/current/log_inprogress_0
2019-10-15 03:19:04,630 [grpc-default-executor-0] INFO  impl.RaftServerProxy (RaftServerProxy.java:addNew(89)) - 12a42f98-880a-49b8-8419-ad6a67716254: addNew group-068D6AED0F91:[12a42f98-880a-49b8-8419-ad6a67716254:192.168.5.131:36449] returns group-068D6AED0F91:java.util.concurrent.CompletableFuture@49d08440[Not completed]
2019-10-15 03:19:04,634 [4c6a16c4-95d2-4ef7-9fc0-4f57ccbd9967@group-15151B2EFA2A-SegmentedRaftLogWorker] INFO  segmented.SegmentedRaftLogWorker (SegmentedRaftLogWorker.java:execute(576)) - 4c6a16c4-95d2-4ef7-9fc0-4f57ccbd9967@group-15151B2EFA2A-SegmentedRaftLogWorker: created new log segment /workdir/hadoop-ozone/integration-test/target/test-dir/MiniOzoneClusterImpl-6ac5a409-5689-4fa3-9e5a-b652cece44be/datanode-6/data/ratis/8cd60b96-f12f-4f95-9409-15151b2efa2a/current/log_inprogress_0
2019-10-15 03:19:04,634 [pool-47-thread-1] INFO  impl.RaftServerImpl (RaftServerImpl.java:<init>(104)) - 12a42f98-880a-49b8-8419-ad6a67716254: new RaftServerImpl for group-068D6AED0F91:[12a42f98-880a-49b8-8419-ad6a67716254:192.168.5.131:36449] with ContainerStateMachine:uninitialized
2019-10-15 03:19:04,634 [pool-47-thread-1] INFO  server.RaftServerConfigKeys (ConfUtils.java:logGet(43)) - raft.server.rpc.timeout.min = 1s (custom)
2019-10-15 03:19:04,634 [pool-47-thread-1] INFO  server.RaftServerConfigKeys (ConfUtils.java:logGet(43)) - raft.server.rpc.timeout.max = 1200ms (custom)
2019-10-15 03:19:04,635 [pool-47-thread-1] INFO  server.RaftServerConfigKeys (ConfUtils.java:logGet(43)) - raft.server.rpcslowness.timeout = 120s (custom)
2019-10-15 03:19:04,635 [pool-47-thread-1] INFO  server.RaftServerConfigKeys (ConfUtils.java:logGet(43)) - raft.server.sleep.deviation.threshold = 300 (default)
2019-10-15 03:19:04,635 [pool-47-thread-1] INFO  server.RaftServerConfigKeys (ConfUtils.java:logGet(43)) - raft.server.log.appender.install.snapshot.enabled = false (custom)
2019-10-15 03:19:04,635 [pool-47-thread-1] INFO  impl.RaftServerImpl (ServerState.java:<init>(103)) - 12a42f98-880a-49b8-8419-ad6a67716254@group-068D6AED0F91: ConfigurationManager, init=-1: [12a42f98-880a-49b8-8419-ad6a67716254:192.168.5.131:36449], old=null, confs=<EMPTY_MAP>
2019-10-15 03:19:04,635 [pool-47-thread-1] INFO  server.RaftServerConfigKeys (ConfUtils.java:logGet(43)) - raft.server.storage.dir = [/workdir/hadoop-ozone/integration-test/target/test-dir/MiniOzoneClusterImpl-6ac5a409-5689-4fa3-9e5a-b652cece44be/datanode-2/data/ratis] (custom)
2019-10-15 03:19:04,636 [pool-47-thread-1] INFO  server.RaftServerConfigKeys (ConfUtils.java:logGet(43)) - raft.server.log.corruption.policy = EXCEPTION (default)
2019-10-15 03:19:04,636 [pool-47-thread-1] INFO  storage.RaftStorageDirectory (RaftStorageDirectory.java:analyzeStorage(246)) - The storage directory /workdir/hadoop-ozone/integration-test/target/test-dir/MiniOzoneClusterImpl-6ac5a409-5689-4fa3-9e5a-b652cece44be/datanode-2/data/ratis/53d010bd-4cf6-4a94-b233-068d6aed0f91 does not exist. Creating ...
2019-10-15 03:19:04,650 [pool-47-thread-1] INFO  storage.RaftStorageDirectory (RaftStorageDirectory.java:tryLock(328)) - Lock on /workdir/hadoop-ozone/integration-test/target/test-dir/MiniOzoneClusterImpl-6ac5a409-5689-4fa3-9e5a-b652cece44be/datanode-2/data/ratis/53d010bd-4cf6-4a94-b233-068d6aed0f91/in_use.lock acquired by nodename 3330@pr-hdds-2305-c92ks-1629580955
2019-10-15 03:19:04,653 [main] INFO  ozone.MiniOzoneClusterImpl (MiniOzoneClusterImpl.java:lambda$waitForClusterToBeReady$0(147)) - Cluster is ready. Got 7 of 7 DN Heartbeats.
2019-10-15 03:19:04,663 [pool-47-thread-1] INFO  storage.RaftStorage (RaftStorage.java:format(84)) - Storage directory /workdir/hadoop-ozone/integration-test/target/test-dir/MiniOzoneClusterImpl-6ac5a409-5689-4fa3-9e5a-b652cece44be/datanode-2/data/ratis/53d010bd-4cf6-4a94-b233-068d6aed0f91 has been successfully formatted.
2019-10-15 03:19:04,663 [pool-47-thread-1] INFO  ratis.ContainerStateMachine (ContainerStateMachine.java:loadSnapshot(231)) - group-068D6AED0F91: The snapshot info is null. Setting the last applied indexto:(t:0, i:~)
2019-10-15 03:19:04,663 [pool-47-thread-1] INFO  server.RaftServerConfigKeys (ConfUtils.java:logGet(43)) - raft.server.notification.no-leader.timeout = 120s (custom)
2019-10-15 03:19:04,663 [pool-47-thread-1] INFO  server.RaftServerConfigKeys (ConfUtils.java:logGet(43)) - raft.server.log.use.memory = false (default)
2019-10-15 03:19:04,664 [pool-47-thread-1] INFO  server.RaftServerConfigKeys (ConfUtils.java:logGet(43)) - raft.server.log.purge.gap = 1000000 (custom)
2019-10-15 03:19:04,664 [pool-47-thread-1] INFO  server.RaftServerConfigKeys (ConfUtils.java:logGet(43)) - raft.server.log.appender.buffer.byte-limit = 33554432 (custom)
2019-10-15 03:19:04,664 [pool-47-thread-1] INFO  server.RaftServerConfigKeys (ConfUtils.java:logGet(43)) - raft.server.log.segment.size.max = 1048576 (custom)
2019-10-15 03:19:04,667 [pool-47-thread-1] INFO  server.RaftServerConfigKeys (ConfUtils.java:logGet(43)) - raft.server.log.segment.cache.num.max = 2 (custom)
2019-10-15 03:19:04,667 [pool-47-thread-1] INFO  segmented.SegmentedRaftLogWorker (SegmentedRaftLogWorker.java:<init>(173)) - new 12a42f98-880a-49b8-8419-ad6a67716254@group-068D6AED0F91-SegmentedRaftLogWorker for RaftStorage:Storage Directory /workdir/hadoop-ozone/integration-test/target/test-dir/MiniOzoneClusterImpl-6ac5a409-5689-4fa3-9e5a-b652cece44be/datanode-2/data/ratis/53d010bd-4cf6-4a94-b233-068d6aed0f91
2019-10-15 03:19:04,668 [pool-47-thread-1] INFO  server.RaftServerConfigKeys (ConfUtils.java:logGet(43)) - raft.server.log.queue.byte-limit = 2147483647 (custom)
2019-10-15 03:19:04,668 [pool-47-thread-1] INFO  server.RaftServerConfigKeys (ConfUtils.java:logGet(43)) - raft.server.log.queue.element-limit = 1024 (custom)
2019-10-15 03:19:04,668 [pool-47-thread-1] INFO  server.RaftServerConfigKeys (ConfUtils.java:logGet(43)) - raft.server.log.segment.size.max = 1048576 (custom)
2019-10-15 03:19:04,668 [pool-47-thread-1] INFO  server.RaftServerConfigKeys (ConfUtils.java:logGet(43)) - raft.server.log.preallocated.size = 16384 (custom)
2019-10-15 03:19:04,668 [pool-47-thread-1] INFO  server.RaftServerConfigKeys (ConfUtils.java:logGet(43)) - raft.server.log.write.buffer.size = 33554432 (custom)
2019-10-15 03:19:04,668 [pool-47-thread-1] INFO  server.RaftServerConfigKeys (ConfUtils.java:logGet(43)) - raft.server.log.force.sync.num = 128 (default)
2019-10-15 03:19:04,669 [pool-47-thread-1] INFO  server.RaftServerConfigKeys (ConfUtils.java:logGet(43)) - raft.server.log.statemachine.data.sync = true (default)
2019-10-15 03:19:04,669 [pool-47-thread-1] INFO  server.RaftServerConfigKeys (ConfUtils.java:logGet(43)) - raft.server.log.statemachine.data.sync.timeout = 10s (default)
2019-10-15 03:19:04,669 [pool-47-thread-1] INFO  server.RaftServerConfigKeys (ConfUtils.java:logGet(43)) - raft.server.log.statemachine.data.sync.timeout.retry = -1 (default)
2019-10-15 03:19:04,670 [pool-47-thread-1] INFO  server.RaftServerConfigKeys (ConfUtils.java:logGet(43)) - raft.server.log.statemachine.data.caching.enabled = true (custom)
2019-10-15 03:19:04,670 [pool-47-thread-1] INFO  segmented.SegmentedRaftLogWorker (SegmentedRaftLogWorker.java:lambda$new$0(128)) - 12a42f98-880a-49b8-8419-ad6a67716254@group-068D6AED0F91-SegmentedRaftLogWorker: flushIndex: setUnconditionally 0 -> -1
2019-10-15 03:19:04,670 [pool-47-thread-1] INFO  server.RaftServerConfigKeys (ConfUtils.java:logGet(43)) - raft.server.snapshot.auto.trigger.enabled = true (custom)
2019-10-15 03:19:04,671 [pool-47-thread-1] INFO  server.RaftServerConfigKeys (ConfUtils.java:logGet(43)) - raft.server.snapshot.auto.trigger.threshold = 10000 (custom)
2019-10-15 03:19:04,671 [pool-47-thread-1] INFO  server.RaftServerConfigKeys (ConfUtils.java:logGet(43)) - raft.server.snapshot.retention.file.num = 5 (custom)
2019-10-15 03:19:04,671 [pool-47-thread-1] INFO  server.RaftServerConfigKeys (ConfUtils.java:logGet(43)) - raft.server.retrycache.expirytime = 600000ms (custom)
2019-10-15 03:19:04,677 [pool-47-thread-1] INFO  impl.RaftServerImpl (RaftServerImpl.java:start(195)) - 12a42f98-880a-49b8-8419-ad6a67716254@group-068D6AED0F91: start as a follower, conf=-1: [12a42f98-880a-49b8-8419-ad6a67716254:192.168.5.131:36449], old=null
2019-10-15 03:19:04,677 [pool-47-thread-1] INFO  impl.RaftServerImpl (RaftServerImpl.java:setRole(184)) - 12a42f98-880a-49b8-8419-ad6a67716254@group-068D6AED0F91: changes role from      null to FOLLOWER at term 0 for startAsFollower
2019-10-15 03:19:04,677 [pool-47-thread-1] INFO  impl.RoleInfo (RoleInfo.java:updateAndGet(143)) - 12a42f98-880a-49b8-8419-ad6a67716254: start FollowerState
2019-10-15 03:19:04,677 [pool-47-thread-1] INFO  util.JmxRegister (JmxRegister.java:tryRegister(44)) - Successfully registered JMX Bean with object name Ratis:service=RaftServer,group=group-068D6AED0F91,id=12a42f98-880a-49b8-8419-ad6a67716254
2019-10-15 03:19:04,686 [Thread-260] INFO  impl.FollowerState (FollowerState.java:run(108)) - 12a42f98-880a-49b8-8419-ad6a67716254@group-068D6AED0F91-FollowerState: change to CANDIDATE, lastRpcTime:9ms, electionTimeout:9ms
2019-10-15 03:19:04,687 [Thread-260] INFO  impl.RoleInfo (RoleInfo.java:shutdownFollowerState(121)) - 12a42f98-880a-49b8-8419-ad6a67716254: shutdown FollowerState
2019-10-15 03:19:04,687 [Thread-260] INFO  impl.RaftServerImpl (RaftServerImpl.java:setRole(184)) - 12a42f98-880a-49b8-8419-ad6a67716254@group-068D6AED0F91: changes role from  FOLLOWER to CANDIDATE at term 0 for changeToCandidate
2019-10-15 03:19:04,689 [Thread-260] INFO  impl.RoleInfo (RoleInfo.java:updateAndGet(143)) - 12a42f98-880a-49b8-8419-ad6a67716254: start LeaderElection
2019-10-15 03:19:04,705 [RatisPipelineUtilsThread] INFO  pipeline.PipelineStateManager (PipelineStateManager.java:addPipeline(56)) - Created pipeline Pipeline[ Id: 53d010bd-4cf6-4a94-b233-068d6aed0f91, Nodes: 12a42f98-880a-49b8-8419-ad6a67716254{ip: 192.168.5.131, host: pr-hdds-2305-c92ks-1629580955, networkLocation: /default-rack, certSerialId: null}, Type:RATIS, Factor:ONE, State:OPEN]
2019-10-15 03:19:04,714 [12a42f98-880a-49b8-8419-ad6a67716254@group-068D6AED0F91-LeaderElection5] INFO  impl.LeaderElection (LeaderElection.java:askForVotes(178)) - 12a42f98-880a-49b8-8419-ad6a67716254@group-068D6AED0F91-LeaderElection5: begin an election at term 1 for -1: [12a42f98-880a-49b8-8419-ad6a67716254:192.168.5.131:36449], old=null
2019-10-15 03:19:04,714 [12a42f98-880a-49b8-8419-ad6a67716254@group-068D6AED0F91-LeaderElection5] INFO  impl.RoleInfo (RoleInfo.java:shutdownLeaderElection(134)) - 12a42f98-880a-49b8-8419-ad6a67716254: shutdown LeaderElection
2019-10-15 03:19:04,714 [12a42f98-880a-49b8-8419-ad6a67716254@group-068D6AED0F91-LeaderElection5] INFO  impl.RaftServerImpl (RaftServerImpl.java:setRole(184)) - 12a42f98-880a-49b8-8419-ad6a67716254@group-068D6AED0F91: changes role from CANDIDATE to LEADER at term 1 for changeToLeader
2019-10-15 03:19:04,714 [12a42f98-880a-49b8-8419-ad6a67716254@group-068D6AED0F91-LeaderElection5] INFO  impl.RaftServerImpl (ServerState.java:setLeader(256)) - 12a42f98-880a-49b8-8419-ad6a67716254@group-068D6AED0F91: change Leader from null to 12a42f98-880a-49b8-8419-ad6a67716254 at term 1 for becomeLeader, leader elected after 50ms
2019-10-15 03:19:04,721 [12a42f98-880a-49b8-8419-ad6a67716254@group-068D6AED0F91-LeaderElection5] INFO  server.RaftServerConfigKeys (ConfUtils.java:logGet(43)) - raft.server.staging.catchup.gap = 1000 (default)
2019-10-15 03:19:04,721 [12a42f98-880a-49b8-8419-ad6a67716254@group-068D6AED0F91-LeaderElection5] INFO  server.RaftServerConfigKeys (ConfUtils.java:logGet(43)) - raft.server.rpc.sleep.time = 25ms (default)
2019-10-15 03:19:04,721 [12a42f98-880a-49b8-8419-ad6a67716254@group-068D6AED0F91-LeaderElection5] INFO  server.RaftServerConfigKeys (ConfUtils.java:logGet(43)) - raft.server.write.element-limit = 4096 (default)
2019-10-15 03:19:04,722 [12a42f98-880a-49b8-8419-ad6a67716254@group-068D6AED0F91-LeaderElection5] INFO  server.RaftServerConfigKeys (ConfUtils.java:logGet(43)) - raft.server.watch.timeout = 10s (default)
2019-10-15 03:19:04,728 [12a42f98-880a-49b8-8419-ad6a67716254@group-068D6AED0F91-LeaderElection5] INFO  server.RaftServerConfigKeys (ConfUtils.java:logGet(43)) - raft.server.watch.timeout.denomination = 1s (default)
2019-10-15 03:19:04,728 [12a42f98-880a-49b8-8419-ad6a67716254@group-068D6AED0F91-LeaderElection5] INFO  server.RaftServerConfigKeys (ConfUtils.java:logGet(43)) - raft.server.watch.element-limit = 65536 (default)
2019-10-15 03:19:04,735 [12a42f98-880a-49b8-8419-ad6a67716254@group-068D6AED0F91-LeaderElection5] INFO  impl.RoleInfo (RoleInfo.java:updateAndGet(143)) - 12a42f98-880a-49b8-8419-ad6a67716254: start LeaderState
2019-10-15 03:19:04,736 [grpc-default-executor-0] INFO  impl.RaftServerProxy (RaftServerProxy.java:addNew(89)) - 7d741aae-27f8-4285-96eb-ab6c1983d5cf: addNew group-EB58D7050DA1:[7d741aae-27f8-4285-96eb-ab6c1983d5cf:192.168.5.131:44604] returns group-EB58D7050DA1:java.util.concurrent.CompletableFuture@592d6bc9[Not completed]
2019-10-15 03:19:04,736 [12a42f98-880a-49b8-8419-ad6a67716254@group-068D6AED0F91-LeaderElection5] INFO  segmented.SegmentedRaftLogWorker (SegmentedRaftLogWorker.java:startLogSegment(385)) - 12a42f98-880a-49b8-8419-ad6a67716254@group-068D6AED0F91-SegmentedRaftLogWorker: Starting segment from index:0
2019-10-15 03:19:04,737 [12a42f98-880a-49b8-8419-ad6a67716254@group-068D6AED0F91-LeaderElection5] INFO  impl.RaftServerImpl (ServerState.java:setRaftConf(357)) - 12a42f98-880a-49b8-8419-ad6a67716254@group-068D6AED0F91: set configuration 0: [12a42f98-880a-49b8-8419-ad6a67716254:192.168.5.131:36449], old=null at 0
2019-10-15 03:19:04,772 [pool-37-thread-1] INFO  impl.RaftServerImpl (RaftServerImpl.java:<init>(104)) - 7d741aae-27f8-4285-96eb-ab6c1983d5cf: new RaftServerImpl for group-EB58D7050DA1:[7d741aae-27f8-4285-96eb-ab6c1983d5cf:192.168.5.131:44604] with ContainerStateMachine:uninitialized
2019-10-15 03:19:04,772 [pool-37-thread-1] INFO  server.RaftServerConfigKeys (ConfUtils.java:logGet(43)) - raft.server.rpc.timeout.min = 1s (custom)
2019-10-15 03:19:04,773 [pool-37-thread-1] INFO  server.RaftServerConfigKeys (ConfUtils.java:logGet(43)) - raft.server.rpc.timeout.max = 1200ms (custom)
2019-10-15 03:19:04,773 [pool-37-thread-1] INFO  server.RaftServerConfigKeys (ConfUtils.java:logGet(43)) - raft.server.rpcslowness.timeout = 120s (custom)
2019-10-15 03:19:04,773 [pool-37-thread-1] INFO  server.RaftServerConfigKeys (ConfUtils.java:logGet(43)) - raft.server.sleep.deviation.threshold = 300 (default)
2019-10-15 03:19:04,773 [pool-37-thread-1] INFO  server.RaftServerConfigKeys (ConfUtils.java:logGet(43)) - raft.server.log.appender.install.snapshot.enabled = false (custom)
2019-10-15 03:19:04,773 [pool-37-thread-1] INFO  impl.RaftServerImpl (ServerState.java:<init>(103)) - 7d741aae-27f8-4285-96eb-ab6c1983d5cf@group-EB58D7050DA1: ConfigurationManager, init=-1: [7d741aae-27f8-4285-96eb-ab6c1983d5cf:192.168.5.131:44604], old=null, confs=<EMPTY_MAP>
2019-10-15 03:19:04,774 [pool-37-thread-1] INFO  server.RaftServerConfigKeys (ConfUtils.java:logGet(43)) - raft.server.storage.dir = [/workdir/hadoop-ozone/integration-test/target/test-dir/MiniOzoneClusterImpl-6ac5a409-5689-4fa3-9e5a-b652cece44be/datanode-1/data/ratis] (custom)
2019-10-15 03:19:04,774 [pool-37-thread-1] INFO  server.RaftServerConfigKeys (ConfUtils.java:logGet(43)) - raft.server.log.corruption.policy = EXCEPTION (default)
2019-10-15 03:19:04,774 [pool-37-thread-1] INFO  storage.RaftStorageDirectory (RaftStorageDirectory.java:analyzeStorage(246)) - The storage directory /workdir/hadoop-ozone/integration-test/target/test-dir/MiniOzoneClusterImpl-6ac5a409-5689-4fa3-9e5a-b652cece44be/datanode-1/data/ratis/c09b4158-d33a-4165-ae31-eb58d7050da1 does not exist. Creating ...
2019-10-15 03:19:04,795 [pool-37-thread-1] INFO  storage.RaftStorageDirectory (RaftStorageDirectory.java:tryLock(328)) - Lock on /workdir/hadoop-ozone/integration-test/target/test-dir/MiniOzoneClusterImpl-6ac5a409-5689-4fa3-9e5a-b652cece44be/datanode-1/data/ratis/c09b4158-d33a-4165-ae31-eb58d7050da1/in_use.lock acquired by nodename 3330@pr-hdds-2305-c92ks-1629580955
2019-10-15 03:19:04,795 [12a42f98-880a-49b8-8419-ad6a67716254@group-068D6AED0F91-SegmentedRaftLogWorker] INFO  segmented.SegmentedRaftLogWorker (SegmentedRaftLogWorker.java:execute(576)) - 12a42f98-880a-49b8-8419-ad6a67716254@group-068D6AED0F91-SegmentedRaftLogWorker: created new log segment /workdir/hadoop-ozone/integration-test/target/test-dir/MiniOzoneClusterImpl-6ac5a409-5689-4fa3-9e5a-b652cece44be/datanode-2/data/ratis/53d010bd-4cf6-4a94-b233-068d6aed0f91/current/log_inprogress_0
2019-10-15 03:19:04,821 [pool-37-thread-1] INFO  storage.RaftStorage (RaftStorage.java:format(84)) - Storage directory /workdir/hadoop-ozone/integration-test/target/test-dir/MiniOzoneClusterImpl-6ac5a409-5689-4fa3-9e5a-b652cece44be/datanode-1/data/ratis/c09b4158-d33a-4165-ae31-eb58d7050da1 has been successfully formatted.
2019-10-15 03:19:04,821 [pool-37-thread-1] INFO  ratis.ContainerStateMachine (ContainerStateMachine.java:loadSnapshot(231)) - group-EB58D7050DA1: The snapshot info is null. Setting the last applied indexto:(t:0, i:~)
2019-10-15 03:19:04,821 [pool-37-thread-1] INFO  server.RaftServerConfigKeys (ConfUtils.java:logGet(43)) - raft.server.notification.no-leader.timeout = 120s (custom)
2019-10-15 03:19:04,821 [pool-37-thread-1] INFO  server.RaftServerConfigKeys (ConfUtils.java:logGet(43)) - raft.server.log.use.memory = false (default)
2019-10-15 03:19:04,822 [pool-37-thread-1] INFO  server.RaftServerConfigKeys (ConfUtils.java:logGet(43)) - raft.server.log.purge.gap = 1000000 (custom)
2019-10-15 03:19:04,822 [pool-37-thread-1] INFO  server.RaftServerConfigKeys (ConfUtils.java:logGet(43)) - raft.server.log.appender.buffer.byte-limit = 33554432 (custom)
2019-10-15 03:19:04,822 [pool-37-thread-1] INFO  server.RaftServerConfigKeys (ConfUtils.java:logGet(43)) - raft.server.log.segment.size.max = 1048576 (custom)
2019-10-15 03:19:04,826 [pool-37-thread-1] INFO  server.RaftServerConfigKeys (ConfUtils.java:logGet(43)) - raft.server.log.segment.cache.num.max = 2 (custom)
2019-10-15 03:19:04,826 [pool-37-thread-1] INFO  segmented.SegmentedRaftLogWorker (SegmentedRaftLogWorker.java:<init>(173)) - new 7d741aae-27f8-4285-96eb-ab6c1983d5cf@group-EB58D7050DA1-SegmentedRaftLogWorker for RaftStorage:Storage Directory /workdir/hadoop-ozone/integration-test/target/test-dir/MiniOzoneClusterImpl-6ac5a409-5689-4fa3-9e5a-b652cece44be/datanode-1/data/ratis/c09b4158-d33a-4165-ae31-eb58d7050da1
2019-10-15 03:19:04,826 [pool-37-thread-1] INFO  server.RaftServerConfigKeys (ConfUtils.java:logGet(43)) - raft.server.log.queue.byte-limit = 2147483647 (custom)
2019-10-15 03:19:04,826 [pool-37-thread-1] INFO  server.RaftServerConfigKeys (ConfUtils.java:logGet(43)) - raft.server.log.queue.element-limit = 1024 (custom)
2019-10-15 03:19:04,826 [pool-37-thread-1] INFO  server.RaftServerConfigKeys (ConfUtils.java:logGet(43)) - raft.server.log.segment.size.max = 1048576 (custom)
2019-10-15 03:19:04,827 [pool-37-thread-1] INFO  server.RaftServerConfigKeys (ConfUtils.java:logGet(43)) - raft.server.log.preallocated.size = 16384 (custom)
2019-10-15 03:19:04,827 [pool-37-thread-1] INFO  server.RaftServerConfigKeys (ConfUtils.java:logGet(43)) - raft.server.log.write.buffer.size = 33554432 (custom)
2019-10-15 03:19:04,827 [pool-37-thread-1] INFO  server.RaftServerConfigKeys (ConfUtils.java:logGet(43)) - raft.server.log.force.sync.num = 128 (default)
2019-10-15 03:19:04,827 [pool-37-thread-1] INFO  server.RaftServerConfigKeys (ConfUtils.java:logGet(43)) - raft.server.log.statemachine.data.sync = true (default)
2019-10-15 03:19:04,827 [pool-37-thread-1] INFO  server.RaftServerConfigKeys (ConfUtils.java:logGet(43)) - raft.server.log.statemachine.data.sync.timeout = 10s (default)
2019-10-15 03:19:04,827 [pool-37-thread-1] INFO  server.RaftServerConfigKeys (ConfUtils.java:logGet(43)) - raft.server.log.statemachine.data.sync.timeout.retry = -1 (default)
2019-10-15 03:19:04,828 [pool-37-thread-1] INFO  server.RaftServerConfigKeys (ConfUtils.java:logGet(43)) - raft.server.log.statemachine.data.caching.enabled = true (custom)
2019-10-15 03:19:04,828 [pool-37-thread-1] INFO  segmented.SegmentedRaftLogWorker (SegmentedRaftLogWorker.java:lambda$new$0(128)) - 7d741aae-27f8-4285-96eb-ab6c1983d5cf@group-EB58D7050DA1-SegmentedRaftLogWorker: flushIndex: setUnconditionally 0 -> -1
2019-10-15 03:19:04,829 [pool-37-thread-1] INFO  server.RaftServerConfigKeys (ConfUtils.java:logGet(43)) - raft.server.snapshot.auto.trigger.enabled = true (custom)
2019-10-15 03:19:04,829 [pool-37-thread-1] INFO  server.RaftServerConfigKeys (ConfUtils.java:logGet(43)) - raft.server.snapshot.auto.trigger.threshold = 10000 (custom)
2019-10-15 03:19:04,829 [pool-37-thread-1] INFO  server.RaftServerConfigKeys (ConfUtils.java:logGet(43)) - raft.server.snapshot.retention.file.num = 5 (custom)
2019-10-15 03:19:04,829 [pool-37-thread-1] INFO  server.RaftServerConfigKeys (ConfUtils.java:logGet(43)) - raft.server.retrycache.expirytime = 600000ms (custom)
2019-10-15 03:19:04,835 [pool-37-thread-1] INFO  impl.RaftServerImpl (RaftServerImpl.java:start(195)) - 7d741aae-27f8-4285-96eb-ab6c1983d5cf@group-EB58D7050DA1: start as a follower, conf=-1: [7d741aae-27f8-4285-96eb-ab6c1983d5cf:192.168.5.131:44604], old=null
2019-10-15 03:19:04,835 [pool-37-thread-1] INFO  impl.RaftServerImpl (RaftServerImpl.java:setRole(184)) - 7d741aae-27f8-4285-96eb-ab6c1983d5cf@group-EB58D7050DA1: changes role from      null to FOLLOWER at term 0 for startAsFollower
2019-10-15 03:19:04,835 [pool-37-thread-1] INFO  impl.RoleInfo (RoleInfo.java:updateAndGet(143)) - 7d741aae-27f8-4285-96eb-ab6c1983d5cf: start FollowerState
2019-10-15 03:19:04,836 [pool-37-thread-1] INFO  util.JmxRegister (JmxRegister.java:tryRegister(44)) - Successfully registered JMX Bean with object name Ratis:service=RaftServer,group=group-EB58D7050DA1,id=7d741aae-27f8-4285-96eb-ab6c1983d5cf
2019-10-15 03:19:04,862 [RatisPipelineUtilsThread] INFO  pipeline.PipelineStateManager (PipelineStateManager.java:addPipeline(56)) - Created pipeline Pipeline[ Id: c09b4158-d33a-4165-ae31-eb58d7050da1, Nodes: 7d741aae-27f8-4285-96eb-ab6c1983d5cf{ip: 192.168.5.131, host: pr-hdds-2305-c92ks-1629580955, networkLocation: /default-rack, certSerialId: null}, Type:RATIS, Factor:ONE, State:OPEN]
2019-10-15 03:19:04,887 [grpc-default-executor-0] INFO  impl.RaftServerProxy (RaftServerProxy.java:addNew(89)) - 0e8df9e6-2f6a-4342-9ca0-f721d85f1d33: addNew group-D70B570111F5:[0e8df9e6-2f6a-4342-9ca0-f721d85f1d33:192.168.5.131:34928] returns group-D70B570111F5:java.util.concurrent.CompletableFuture@71d7c289[Not completed]
2019-10-15 03:19:04,893 [pool-77-thread-1] INFO  impl.RaftServerImpl (RaftServerImpl.java:<init>(104)) - 0e8df9e6-2f6a-4342-9ca0-f721d85f1d33: new RaftServerImpl for group-D70B570111F5:[0e8df9e6-2f6a-4342-9ca0-f721d85f1d33:192.168.5.131:34928] with ContainerStateMachine:uninitialized
2019-10-15 03:19:04,894 [pool-77-thread-1] INFO  server.RaftServerConfigKeys (ConfUtils.java:logGet(43)) - raft.server.rpc.timeout.min = 1s (custom)
2019-10-15 03:19:04,894 [pool-77-thread-1] INFO  server.RaftServerConfigKeys (ConfUtils.java:logGet(43)) - raft.server.rpc.timeout.max = 1200ms (custom)
2019-10-15 03:19:04,894 [pool-77-thread-1] INFO  server.RaftServerConfigKeys (ConfUtils.java:logGet(43)) - raft.server.rpcslowness.timeout = 120s (custom)
2019-10-15 03:19:04,894 [pool-77-thread-1] INFO  server.RaftServerConfigKeys (ConfUtils.java:logGet(43)) - raft.server.sleep.deviation.threshold = 300 (default)
2019-10-15 03:19:04,894 [pool-77-thread-1] INFO  server.RaftServerConfigKeys (ConfUtils.java:logGet(43)) - raft.server.log.appender.install.snapshot.enabled = false (custom)
2019-10-15 03:19:04,894 [pool-77-thread-1] INFO  impl.RaftServerImpl (ServerState.java:<init>(103)) - 0e8df9e6-2f6a-4342-9ca0-f721d85f1d33@group-D70B570111F5: ConfigurationManager, init=-1: [0e8df9e6-2f6a-4342-9ca0-f721d85f1d33:192.168.5.131:34928], old=null, confs=<EMPTY_MAP>
2019-10-15 03:19:04,895 [pool-77-thread-1] INFO  server.RaftServerConfigKeys (ConfUtils.java:logGet(43)) - raft.server.storage.dir = [/workdir/hadoop-ozone/integration-test/target/test-dir/MiniOzoneClusterImpl-6ac5a409-5689-4fa3-9e5a-b652cece44be/datanode-5/data/ratis] (custom)
2019-10-15 03:19:04,895 [pool-77-thread-1] INFO  server.RaftServerConfigKeys (ConfUtils.java:logGet(43)) - raft.server.log.corruption.policy = EXCEPTION (default)
2019-10-15 03:19:04,895 [pool-77-thread-1] INFO  storage.RaftStorageDirectory (RaftStorageDirectory.java:analyzeStorage(246)) - The storage directory /workdir/hadoop-ozone/integration-test/target/test-dir/MiniOzoneClusterImpl-6ac5a409-5689-4fa3-9e5a-b652cece44be/datanode-5/data/ratis/54ceff22-17f9-427c-9be1-d70b570111f5 does not exist. Creating ...
2019-10-15 03:19:04,908 [pool-77-thread-1] INFO  storage.RaftStorageDirectory (RaftStorageDirectory.java:tryLock(328)) - Lock on /workdir/hadoop-ozone/integration-test/target/test-dir/MiniOzoneClusterImpl-6ac5a409-5689-4fa3-9e5a-b652cece44be/datanode-5/data/ratis/54ceff22-17f9-427c-9be1-d70b570111f5/in_use.lock acquired by nodename 3330@pr-hdds-2305-c92ks-1629580955
2019-10-15 03:19:04,921 [pool-77-thread-1] INFO  storage.RaftStorage (RaftStorage.java:format(84)) - Storage directory /workdir/hadoop-ozone/integration-test/target/test-dir/MiniOzoneClusterImpl-6ac5a409-5689-4fa3-9e5a-b652cece44be/datanode-5/data/ratis/54ceff22-17f9-427c-9be1-d70b570111f5 has been successfully formatted.
2019-10-15 03:19:04,921 [pool-77-thread-1] INFO  ratis.ContainerStateMachine (ContainerStateMachine.java:loadSnapshot(231)) - group-D70B570111F5: The snapshot info is null. Setting the last applied indexto:(t:0, i:~)
2019-10-15 03:19:04,921 [pool-77-thread-1] INFO  server.RaftServerConfigKeys (ConfUtils.java:logGet(43)) - raft.server.notification.no-leader.timeout = 120s (custom)
2019-10-15 03:19:04,921 [pool-77-thread-1] INFO  server.RaftServerConfigKeys (ConfUtils.java:logGet(43)) - raft.server.log.use.memory = false (default)
2019-10-15 03:19:04,922 [pool-77-thread-1] INFO  server.RaftServerConfigKeys (ConfUtils.java:logGet(43)) - raft.server.log.purge.gap = 1000000 (custom)
2019-10-15 03:19:04,922 [pool-77-thread-1] INFO  server.RaftServerConfigKeys (ConfUtils.java:logGet(43)) - raft.server.log.appender.buffer.byte-limit = 33554432 (custom)
2019-10-15 03:19:04,922 [pool-77-thread-1] INFO  server.RaftServerConfigKeys (ConfUtils.java:logGet(43)) - raft.server.log.segment.size.max = 1048576 (custom)
2019-10-15 03:19:04,925 [pool-77-thread-1] INFO  server.RaftServerConfigKeys (ConfUtils.java:logGet(43)) - raft.server.log.segment.cache.num.max = 2 (custom)
2019-10-15 03:19:04,925 [pool-77-thread-1] INFO  segmented.SegmentedRaftLogWorker (SegmentedRaftLogWorker.java:<init>(173)) - new 0e8df9e6-2f6a-4342-9ca0-f721d85f1d33@group-D70B570111F5-SegmentedRaftLogWorker for RaftStorage:Storage Directory /workdir/hadoop-ozone/integration-test/target/test-dir/MiniOzoneClusterImpl-6ac5a409-5689-4fa3-9e5a-b652cece44be/datanode-5/data/ratis/54ceff22-17f9-427c-9be1-d70b570111f5
2019-10-15 03:19:04,925 [pool-77-thread-1] INFO  server.RaftServerConfigKeys (ConfUtils.java:logGet(43)) - raft.server.log.queue.byte-limit = 2147483647 (custom)
2019-10-15 03:19:04,926 [pool-77-thread-1] INFO  server.RaftServerConfigKeys (ConfUtils.java:logGet(43)) - raft.server.log.queue.element-limit = 1024 (custom)
2019-10-15 03:19:04,926 [pool-77-thread-1] INFO  server.RaftServerConfigKeys (ConfUtils.java:logGet(43)) - raft.server.log.segment.size.max = 1048576 (custom)
2019-10-15 03:19:04,926 [pool-77-thread-1] INFO  server.RaftServerConfigKeys (ConfUtils.java:logGet(43)) - raft.server.log.preallocated.size = 16384 (custom)
2019-10-15 03:19:04,926 [pool-77-thread-1] INFO  server.RaftServerConfigKeys (ConfUtils.java:logGet(43)) - raft.server.log.write.buffer.size = 33554432 (custom)
2019-10-15 03:19:04,926 [pool-77-thread-1] INFO  server.RaftServerConfigKeys (ConfUtils.java:logGet(43)) - raft.server.log.force.sync.num = 128 (default)
2019-10-15 03:19:04,926 [pool-77-thread-1] INFO  server.RaftServerConfigKeys (ConfUtils.java:logGet(43)) - raft.server.log.statemachine.data.sync = true (default)
2019-10-15 03:19:04,927 [pool-77-thread-1] INFO  server.RaftServerConfigKeys (ConfUtils.java:logGet(43)) - raft.server.log.statemachine.data.sync.timeout = 10s (default)
2019-10-15 03:19:04,927 [pool-77-thread-1] INFO  server.RaftServerConfigKeys (ConfUtils.java:logGet(43)) - raft.server.log.statemachine.data.sync.timeout.retry = -1 (default)
2019-10-15 03:19:04,927 [pool-77-thread-1] INFO  server.RaftServerConfigKeys (ConfUtils.java:logGet(43)) - raft.server.log.statemachine.data.caching.enabled = true (custom)
2019-10-15 03:19:04,928 [pool-77-thread-1] INFO  segmented.SegmentedRaftLogWorker (SegmentedRaftLogWorker.java:lambda$new$0(128)) - 0e8df9e6-2f6a-4342-9ca0-f721d85f1d33@group-D70B570111F5-SegmentedRaftLogWorker: flushIndex: setUnconditionally 0 -> -1
2019-10-15 03:19:04,931 [pool-77-thread-1] INFO  server.RaftServerConfigKeys (ConfUtils.java:logGet(43)) - raft.server.snapshot.auto.trigger.enabled = true (custom)
2019-10-15 03:19:04,931 [pool-77-thread-1] INFO  server.RaftServerConfigKeys (ConfUtils.java:logGet(43)) - raft.server.snapshot.auto.trigger.threshold = 10000 (custom)
2019-10-15 03:19:04,931 [pool-77-thread-1] INFO  server.RaftServerConfigKeys (ConfUtils.java:logGet(43)) - raft.server.snapshot.retention.file.num = 5 (custom)
2019-10-15 03:19:04,932 [pool-77-thread-1] INFO  server.RaftServerConfigKeys (ConfUtils.java:logGet(43)) - raft.server.retrycache.expirytime = 600000ms (custom)
2019-10-15 03:19:04,940 [pool-77-thread-1] INFO  impl.RaftServerImpl (RaftServerImpl.java:start(195)) - 0e8df9e6-2f6a-4342-9ca0-f721d85f1d33@group-D70B570111F5: start as a follower, conf=-1: [0e8df9e6-2f6a-4342-9ca0-f721d85f1d33:192.168.5.131:34928], old=null
2019-10-15 03:19:04,940 [pool-77-thread-1] INFO  impl.RaftServerImpl (RaftServerImpl.java:setRole(184)) - 0e8df9e6-2f6a-4342-9ca0-f721d85f1d33@group-D70B570111F5: changes role from      null to FOLLOWER at term 0 for startAsFollower
2019-10-15 03:19:04,940 [pool-77-thread-1] INFO  impl.RoleInfo (RoleInfo.java:updateAndGet(143)) - 0e8df9e6-2f6a-4342-9ca0-f721d85f1d33: start FollowerState
2019-10-15 03:19:04,941 [pool-77-thread-1] INFO  util.JmxRegister (JmxRegister.java:tryRegister(44)) - Successfully registered JMX Bean with object name Ratis:service=RaftServer,group=group-D70B570111F5,id=0e8df9e6-2f6a-4342-9ca0-f721d85f1d33
2019-10-15 03:19:04,962 [Thread-265] INFO  impl.FollowerState (FollowerState.java:run(108)) - 7d741aae-27f8-4285-96eb-ab6c1983d5cf@group-EB58D7050DA1-FollowerState: change to CANDIDATE, lastRpcTime:127ms, electionTimeout:126ms
2019-10-15 03:19:04,963 [Thread-265] INFO  impl.RoleInfo (RoleInfo.java:shutdownFollowerState(121)) - 7d741aae-27f8-4285-96eb-ab6c1983d5cf: shutdown FollowerState
2019-10-15 03:19:04,963 [Thread-265] INFO  impl.RaftServerImpl (RaftServerImpl.java:setRole(184)) - 7d741aae-27f8-4285-96eb-ab6c1983d5cf@group-EB58D7050DA1: changes role from  FOLLOWER to CANDIDATE at term 0 for changeToCandidate
2019-10-15 03:19:04,966 [Thread-265] INFO  impl.RoleInfo (RoleInfo.java:updateAndGet(143)) - 7d741aae-27f8-4285-96eb-ab6c1983d5cf: start LeaderElection
2019-10-15 03:19:04,970 [RatisPipelineUtilsThread] INFO  pipeline.PipelineStateManager (PipelineStateManager.java:addPipeline(56)) - Created pipeline Pipeline[ Id: 54ceff22-17f9-427c-9be1-d70b570111f5, Nodes: 0e8df9e6-2f6a-4342-9ca0-f721d85f1d33{ip: 192.168.5.131, host: pr-hdds-2305-c92ks-1629580955, networkLocation: /default-rack, certSerialId: null}, Type:RATIS, Factor:ONE, State:OPEN]
2019-10-15 03:19:05,001 [7d741aae-27f8-4285-96eb-ab6c1983d5cf@group-EB58D7050DA1-LeaderElection6] INFO  impl.LeaderElection (LeaderElection.java:askForVotes(178)) - 7d741aae-27f8-4285-96eb-ab6c1983d5cf@group-EB58D7050DA1-LeaderElection6: begin an election at term 1 for -1: [7d741aae-27f8-4285-96eb-ab6c1983d5cf:192.168.5.131:44604], old=null
2019-10-15 03:19:05,003 [7d741aae-27f8-4285-96eb-ab6c1983d5cf@group-EB58D7050DA1-LeaderElection6] INFO  impl.RoleInfo (RoleInfo.java:shutdownLeaderElection(134)) - 7d741aae-27f8-4285-96eb-ab6c1983d5cf: shutdown LeaderElection
2019-10-15 03:19:05,003 [7d741aae-27f8-4285-96eb-ab6c1983d5cf@group-EB58D7050DA1-LeaderElection6] INFO  impl.RaftServerImpl (RaftServerImpl.java:setRole(184)) - 7d741aae-27f8-4285-96eb-ab6c1983d5cf@group-EB58D7050DA1: changes role from CANDIDATE to LEADER at term 1 for changeToLeader
2019-10-15 03:19:05,003 [7d741aae-27f8-4285-96eb-ab6c1983d5cf@group-EB58D7050DA1-LeaderElection6] INFO  impl.RaftServerImpl (ServerState.java:setLeader(256)) - 7d741aae-27f8-4285-96eb-ab6c1983d5cf@group-EB58D7050DA1: change Leader from null to 7d741aae-27f8-4285-96eb-ab6c1983d5cf at term 1 for becomeLeader, leader elected after 182ms
2019-10-15 03:19:05,005 [7d741aae-27f8-4285-96eb-ab6c1983d5cf@group-EB58D7050DA1-LeaderElection6] INFO  server.RaftServerConfigKeys (ConfUtils.java:logGet(43)) - raft.server.staging.catchup.gap = 1000 (default)
2019-10-15 03:19:05,005 [7d741aae-27f8-4285-96eb-ab6c1983d5cf@group-EB58D7050DA1-LeaderElection6] INFO  server.RaftServerConfigKeys (ConfUtils.java:logGet(43)) - raft.server.rpc.sleep.time = 25ms (default)
2019-10-15 03:19:05,005 [7d741aae-27f8-4285-96eb-ab6c1983d5cf@group-EB58D7050DA1-LeaderElection6] INFO  server.RaftServerConfigKeys (ConfUtils.java:logGet(43)) - raft.server.write.element-limit = 4096 (default)
2019-10-15 03:19:05,006 [7d741aae-27f8-4285-96eb-ab6c1983d5cf@group-EB58D7050DA1-LeaderElection6] INFO  server.RaftServerConfigKeys (ConfUtils.java:logGet(43)) - raft.server.watch.timeout = 10s (default)
2019-10-15 03:19:05,006 [7d741aae-27f8-4285-96eb-ab6c1983d5cf@group-EB58D7050DA1-LeaderElection6] INFO  server.RaftServerConfigKeys (ConfUtils.java:logGet(43)) - raft.server.watch.timeout.denomination = 1s (default)
2019-10-15 03:19:05,006 [7d741aae-27f8-4285-96eb-ab6c1983d5cf@group-EB58D7050DA1-LeaderElection6] INFO  server.RaftServerConfigKeys (ConfUtils.java:logGet(43)) - raft.server.watch.element-limit = 65536 (default)
2019-10-15 03:19:05,014 [grpc-default-executor-2] INFO  impl.RaftServerProxy (RaftServerProxy.java:addNew(89)) - 742c26a8-c271-430a-a05a-c8bba3fa6d96: addNew group-5FF82F29B6C0:[4c6a16c4-95d2-4ef7-9fc0-4f57ccbd9967:192.168.5.131:39112, 742c26a8-c271-430a-a05a-c8bba3fa6d96:192.168.5.131:42235, a910346c-1ee2-4cdc-a6d8-644a3a4f0b7f:192.168.5.131:38193] returns group-5FF82F29B6C0:java.util.concurrent.CompletableFuture@1232e92a[Not completed]
2019-10-15 03:19:05,014 [grpc-default-executor-1] INFO  impl.RaftServerProxy (RaftServerProxy.java:addNew(89)) - 4c6a16c4-95d2-4ef7-9fc0-4f57ccbd9967: addNew group-5FF82F29B6C0:[4c6a16c4-95d2-4ef7-9fc0-4f57ccbd9967:192.168.5.131:39112, 742c26a8-c271-430a-a05a-c8bba3fa6d96:192.168.5.131:42235, a910346c-1ee2-4cdc-a6d8-644a3a4f0b7f:192.168.5.131:38193] returns group-5FF82F29B6C0:java.util.concurrent.CompletableFuture@5682e263[Not completed]
2019-10-15 03:19:05,014 [grpc-default-executor-0] INFO  impl.RaftServerProxy (RaftServerProxy.java:addNew(89)) - a910346c-1ee2-4cdc-a6d8-644a3a4f0b7f: addNew group-5FF82F29B6C0:[4c6a16c4-95d2-4ef7-9fc0-4f57ccbd9967:192.168.5.131:39112, 742c26a8-c271-430a-a05a-c8bba3fa6d96:192.168.5.131:42235, a910346c-1ee2-4cdc-a6d8-644a3a4f0b7f:192.168.5.131:38193] returns group-5FF82F29B6C0:java.util.concurrent.CompletableFuture@4731e155[Not completed]
2019-10-15 03:19:05,015 [7d741aae-27f8-4285-96eb-ab6c1983d5cf@group-EB58D7050DA1-LeaderElection6] INFO  impl.RoleInfo (RoleInfo.java:updateAndGet(143)) - 7d741aae-27f8-4285-96eb-ab6c1983d5cf: start LeaderState
2019-10-15 03:19:05,015 [7d741aae-27f8-4285-96eb-ab6c1983d5cf@group-EB58D7050DA1-LeaderElection6] INFO  segmented.SegmentedRaftLogWorker (SegmentedRaftLogWorker.java:startLogSegment(385)) - 7d741aae-27f8-4285-96eb-ab6c1983d5cf@group-EB58D7050DA1-SegmentedRaftLogWorker: Starting segment from index:0
2019-10-15 03:19:05,016 [7d741aae-27f8-4285-96eb-ab6c1983d5cf@group-EB58D7050DA1-LeaderElection6] INFO  impl.RaftServerImpl (ServerState.java:setRaftConf(357)) - 7d741aae-27f8-4285-96eb-ab6c1983d5cf@group-EB58D7050DA1: set configuration 0: [7d741aae-27f8-4285-96eb-ab6c1983d5cf:192.168.5.131:44604], old=null at 0
2019-10-15 03:19:05,016 [pool-67-thread-1] INFO  impl.RaftServerImpl (RaftServerImpl.java:<init>(104)) - 742c26a8-c271-430a-a05a-c8bba3fa6d96: new RaftServerImpl for group-5FF82F29B6C0:[4c6a16c4-95d2-4ef7-9fc0-4f57ccbd9967:192.168.5.131:39112, 742c26a8-c271-430a-a05a-c8bba3fa6d96:192.168.5.131:42235, a910346c-1ee2-4cdc-a6d8-644a3a4f0b7f:192.168.5.131:38193] with ContainerStateMachine:uninitialized
2019-10-15 03:19:05,045 [Thread-268] INFO  impl.FollowerState (FollowerState.java:run(108)) - 0e8df9e6-2f6a-4342-9ca0-f721d85f1d33@group-D70B570111F5-FollowerState: change to CANDIDATE, lastRpcTime:104ms, electionTimeout:103ms
2019-10-15 03:19:05,045 [pool-67-thread-1] INFO  server.RaftServerConfigKeys (ConfUtils.java:logGet(43)) - raft.server.rpc.timeout.min = 1s (custom)
2019-10-15 03:19:05,045 [Thread-268] INFO  impl.RoleInfo (RoleInfo.java:shutdownFollowerState(121)) - 0e8df9e6-2f6a-4342-9ca0-f721d85f1d33: shutdown FollowerState
2019-10-15 03:19:05,045 [pool-67-thread-1] INFO  server.RaftServerConfigKeys (ConfUtils.java:logGet(43)) - raft.server.rpc.timeout.max = 1200ms (custom)
2019-10-15 03:19:05,046 [Thread-268] INFO  impl.RaftServerImpl (RaftServerImpl.java:setRole(184)) - 0e8df9e6-2f6a-4342-9ca0-f721d85f1d33@group-D70B570111F5: changes role from  FOLLOWER to CANDIDATE at term 0 for changeToCandidate
2019-10-15 03:19:05,046 [pool-67-thread-1] INFO  server.RaftServerConfigKeys (ConfUtils.java:logGet(43)) - raft.server.rpcslowness.timeout = 120s (custom)
2019-10-15 03:19:05,046 [pool-67-thread-1] INFO  server.RaftServerConfigKeys (ConfUtils.java:logGet(43)) - raft.server.sleep.deviation.threshold = 300 (default)
2019-10-15 03:19:05,046 [Thread-268] INFO  impl.RoleInfo (RoleInfo.java:updateAndGet(143)) - 0e8df9e6-2f6a-4342-9ca0-f721d85f1d33: start LeaderElection
2019-10-15 03:19:05,046 [pool-67-thread-1] INFO  server.RaftServerConfigKeys (ConfUtils.java:logGet(43)) - raft.server.log.appender.install.snapshot.enabled = false (custom)
2019-10-15 03:19:05,046 [pool-67-thread-1] INFO  impl.RaftServerImpl (ServerState.java:<init>(103)) - 742c26a8-c271-430a-a05a-c8bba3fa6d96@group-5FF82F29B6C0: ConfigurationManager, init=-1: [4c6a16c4-95d2-4ef7-9fc0-4f57ccbd9967:192.168.5.131:39112, 742c26a8-c271-430a-a05a-c8bba3fa6d96:192.168.5.131:42235, a910346c-1ee2-4cdc-a6d8-644a3a4f0b7f:192.168.5.131:38193], old=null, confs=<EMPTY_MAP>
2019-10-15 03:19:05,046 [pool-87-thread-1] INFO  impl.RaftServerImpl (RaftServerImpl.java:<init>(104)) - 4c6a16c4-95d2-4ef7-9fc0-4f57ccbd9967: new RaftServerImpl for group-5FF82F29B6C0:[4c6a16c4-95d2-4ef7-9fc0-4f57ccbd9967:192.168.5.131:39112, 742c26a8-c271-430a-a05a-c8bba3fa6d96:192.168.5.131:42235, a910346c-1ee2-4cdc-a6d8-644a3a4f0b7f:192.168.5.131:38193] with ContainerStateMachine:uninitialized
2019-10-15 03:19:05,050 [pool-67-thread-1] INFO  server.RaftServerConfigKeys (ConfUtils.java:logGet(43)) - raft.server.storage.dir = [/workdir/hadoop-ozone/integration-test/target/test-dir/MiniOzoneClusterImpl-6ac5a409-5689-4fa3-9e5a-b652cece44be/datanode-4/data/ratis] (custom)
2019-10-15 03:19:05,050 [pool-87-thread-1] INFO  server.RaftServerConfigKeys (ConfUtils.java:logGet(43)) - raft.server.rpc.timeout.min = 1s (custom)
2019-10-15 03:19:05,050 [pool-87-thread-1] INFO  server.RaftServerConfigKeys (ConfUtils.java:logGet(43)) - raft.server.rpc.timeout.max = 1200ms (custom)
2019-10-15 03:19:05,050 [pool-87-thread-1] INFO  server.RaftServerConfigKeys (ConfUtils.java:logGet(43)) - raft.server.rpcslowness.timeout = 120s (custom)
2019-10-15 03:19:05,050 [pool-57-thread-1] INFO  impl.RaftServerImpl (RaftServerImpl.java:<init>(104)) - a910346c-1ee2-4cdc-a6d8-644a3a4f0b7f: new RaftServerImpl for group-5FF82F29B6C0:[4c6a16c4-95d2-4ef7-9fc0-4f57ccbd9967:192.168.5.131:39112, 742c26a8-c271-430a-a05a-c8bba3fa6d96:192.168.5.131:42235, a910346c-1ee2-4cdc-a6d8-644a3a4f0b7f:192.168.5.131:38193] with ContainerStateMachine:uninitialized
2019-10-15 03:19:05,050 [pool-87-thread-1] INFO  server.RaftServerConfigKeys (ConfUtils.java:logGet(43)) - raft.server.sleep.deviation.threshold = 300 (default)
2019-10-15 03:19:05,050 [pool-67-thread-1] INFO  server.RaftServerConfigKeys (ConfUtils.java:logGet(43)) - raft.server.log.corruption.policy = EXCEPTION (default)
2019-10-15 03:19:05,051 [pool-87-thread-1] INFO  server.RaftServerConfigKeys (ConfUtils.java:logGet(43)) - raft.server.log.appender.install.snapshot.enabled = false (custom)
2019-10-15 03:19:05,051 [pool-67-thread-1] INFO  storage.RaftStorageDirectory (RaftStorageDirectory.java:analyzeStorage(246)) - The storage directory /workdir/hadoop-ozone/integration-test/target/test-dir/MiniOzoneClusterImpl-6ac5a409-5689-4fa3-9e5a-b652cece44be/datanode-4/data/ratis/e4bf9835-e697-42f6-b211-5ff82f29b6c0 does not exist. Creating ...
2019-10-15 03:19:05,051 [pool-57-thread-1] INFO  server.RaftServerConfigKeys (ConfUtils.java:logGet(43)) - raft.server.rpc.timeout.min = 1s (custom)
2019-10-15 03:19:05,051 [pool-87-thread-1] INFO  impl.RaftServerImpl (ServerState.java:<init>(103)) - 4c6a16c4-95d2-4ef7-9fc0-4f57ccbd9967@group-5FF82F29B6C0: ConfigurationManager, init=-1: [4c6a16c4-95d2-4ef7-9fc0-4f57ccbd9967:192.168.5.131:39112, 742c26a8-c271-430a-a05a-c8bba3fa6d96:192.168.5.131:42235, a910346c-1ee2-4cdc-a6d8-644a3a4f0b7f:192.168.5.131:38193], old=null, confs=<EMPTY_MAP>
2019-10-15 03:19:05,051 [pool-57-thread-1] INFO  server.RaftServerConfigKeys (ConfUtils.java:logGet(43)) - raft.server.rpc.timeout.max = 1200ms (custom)
2019-10-15 03:19:05,051 [pool-57-thread-1] INFO  server.RaftServerConfigKeys (ConfUtils.java:logGet(43)) - raft.server.rpcslowness.timeout = 120s (custom)
2019-10-15 03:19:05,051 [pool-87-thread-1] INFO  server.RaftServerConfigKeys (ConfUtils.java:logGet(43)) - raft.server.storage.dir = [/workdir/hadoop-ozone/integration-test/target/test-dir/MiniOzoneClusterImpl-6ac5a409-5689-4fa3-9e5a-b652cece44be/datanode-6/data/ratis] (custom)
2019-10-15 03:19:05,052 [pool-57-thread-1] INFO  server.RaftServerConfigKeys (ConfUtils.java:logGet(43)) - raft.server.sleep.deviation.threshold = 300 (default)
2019-10-15 03:19:05,052 [pool-57-thread-1] INFO  server.RaftServerConfigKeys (ConfUtils.java:logGet(43)) - raft.server.log.appender.install.snapshot.enabled = false (custom)
2019-10-15 03:19:05,052 [pool-57-thread-1] INFO  impl.RaftServerImpl (ServerState.java:<init>(103)) - a910346c-1ee2-4cdc-a6d8-644a3a4f0b7f@group-5FF82F29B6C0: ConfigurationManager, init=-1: [4c6a16c4-95d2-4ef7-9fc0-4f57ccbd9967:192.168.5.131:39112, 742c26a8-c271-430a-a05a-c8bba3fa6d96:192.168.5.131:42235, a910346c-1ee2-4cdc-a6d8-644a3a4f0b7f:192.168.5.131:38193], old=null, confs=<EMPTY_MAP>
2019-10-15 03:19:05,052 [pool-87-thread-1] INFO  server.RaftServerConfigKeys (ConfUtils.java:logGet(43)) - raft.server.log.corruption.policy = EXCEPTION (default)
2019-10-15 03:19:05,052 [pool-57-thread-1] INFO  server.RaftServerConfigKeys (ConfUtils.java:logGet(43)) - raft.server.storage.dir = [/workdir/hadoop-ozone/integration-test/target/test-dir/MiniOzoneClusterImpl-6ac5a409-5689-4fa3-9e5a-b652cece44be/datanode-3/data/ratis] (custom)
2019-10-15 03:19:05,052 [pool-87-thread-1] INFO  storage.RaftStorageDirectory (RaftStorageDirectory.java:analyzeStorage(246)) - The storage directory /workdir/hadoop-ozone/integration-test/target/test-dir/MiniOzoneClusterImpl-6ac5a409-5689-4fa3-9e5a-b652cece44be/datanode-6/data/ratis/e4bf9835-e697-42f6-b211-5ff82f29b6c0 does not exist. Creating ...
2019-10-15 03:19:05,052 [pool-57-thread-1] INFO  server.RaftServerConfigKeys (ConfUtils.java:logGet(43)) - raft.server.log.corruption.policy = EXCEPTION (default)
2019-10-15 03:19:05,052 [pool-57-thread-1] INFO  storage.RaftStorageDirectory (RaftStorageDirectory.java:analyzeStorage(246)) - The storage directory /workdir/hadoop-ozone/integration-test/target/test-dir/MiniOzoneClusterImpl-6ac5a409-5689-4fa3-9e5a-b652cece44be/datanode-3/data/ratis/e4bf9835-e697-42f6-b211-5ff82f29b6c0 does not exist. Creating ...
2019-10-15 03:19:05,058 [pool-67-thread-1] INFO  storage.RaftStorageDirectory (RaftStorageDirectory.java:tryLock(328)) - Lock on /workdir/hadoop-ozone/integration-test/target/test-dir/MiniOzoneClusterImpl-6ac5a409-5689-4fa3-9e5a-b652cece44be/datanode-4/data/ratis/e4bf9835-e697-42f6-b211-5ff82f29b6c0/in_use.lock acquired by nodename 3330@pr-hdds-2305-c92ks-1629580955
2019-10-15 03:19:05,058 [0e8df9e6-2f6a-4342-9ca0-f721d85f1d33@group-D70B570111F5-LeaderElection7] INFO  impl.LeaderElection (LeaderElection.java:askForVotes(178)) - 0e8df9e6-2f6a-4342-9ca0-f721d85f1d33@group-D70B570111F5-LeaderElection7: begin an election at term 1 for -1: [0e8df9e6-2f6a-4342-9ca0-f721d85f1d33:192.168.5.131:34928], old=null
2019-10-15 03:19:05,058 [7d741aae-27f8-4285-96eb-ab6c1983d5cf@group-EB58D7050DA1-SegmentedRaftLogWorker] INFO  segmented.SegmentedRaftLogWorker (SegmentedRaftLogWorker.java:execute(576)) - 7d741aae-27f8-4285-96eb-ab6c1983d5cf@group-EB58D7050DA1-SegmentedRaftLogWorker: created new log segment /workdir/hadoop-ozone/integration-test/target/test-dir/MiniOzoneClusterImpl-6ac5a409-5689-4fa3-9e5a-b652cece44be/datanode-1/data/ratis/c09b4158-d33a-4165-ae31-eb58d7050da1/current/log_inprogress_0
2019-10-15 03:19:05,058 [pool-57-thread-1] INFO  storage.RaftStorageDirectory (RaftStorageDirectory.java:tryLock(328)) - Lock on /workdir/hadoop-ozone/integration-test/target/test-dir/MiniOzoneClusterImpl-6ac5a409-5689-4fa3-9e5a-b652cece44be/datanode-3/data/ratis/e4bf9835-e697-42f6-b211-5ff82f29b6c0/in_use.lock acquired by nodename 3330@pr-hdds-2305-c92ks-1629580955
2019-10-15 03:19:05,058 [pool-87-thread-1] INFO  storage.RaftStorageDirectory (RaftStorageDirectory.java:tryLock(328)) - Lock on /workdir/hadoop-ozone/integration-test/target/test-dir/MiniOzoneClusterImpl-6ac5a409-5689-4fa3-9e5a-b652cece44be/datanode-6/data/ratis/e4bf9835-e697-42f6-b211-5ff82f29b6c0/in_use.lock acquired by nodename 3330@pr-hdds-2305-c92ks-1629580955
2019-10-15 03:19:05,059 [0e8df9e6-2f6a-4342-9ca0-f721d85f1d33@group-D70B570111F5-LeaderElection7] INFO  impl.RoleInfo (RoleInfo.java:shutdownLeaderElection(134)) - 0e8df9e6-2f6a-4342-9ca0-f721d85f1d33: shutdown LeaderElection
2019-10-15 03:19:05,059 [0e8df9e6-2f6a-4342-9ca0-f721d85f1d33@group-D70B570111F5-LeaderElection7] INFO  impl.RaftServerImpl (RaftServerImpl.java:setRole(184)) - 0e8df9e6-2f6a-4342-9ca0-f721d85f1d33@group-D70B570111F5: changes role from CANDIDATE to LEADER at term 1 for changeToLeader
2019-10-15 03:19:05,059 [0e8df9e6-2f6a-4342-9ca0-f721d85f1d33@group-D70B570111F5-LeaderElection7] INFO  impl.RaftServerImpl (ServerState.java:setLeader(256)) - 0e8df9e6-2f6a-4342-9ca0-f721d85f1d33@group-D70B570111F5: change Leader from null to 0e8df9e6-2f6a-4342-9ca0-f721d85f1d33 at term 1 for becomeLeader, leader elected after 137ms
2019-10-15 03:19:05,061 [0e8df9e6-2f6a-4342-9ca0-f721d85f1d33@group-D70B570111F5-LeaderElection7] INFO  server.RaftServerConfigKeys (ConfUtils.java:logGet(43)) - raft.server.staging.catchup.gap = 1000 (default)
2019-10-15 03:19:05,061 [0e8df9e6-2f6a-4342-9ca0-f721d85f1d33@group-D70B570111F5-LeaderElection7] INFO  server.RaftServerConfigKeys (ConfUtils.java:logGet(43)) - raft.server.rpc.sleep.time = 25ms (default)
2019-10-15 03:19:05,062 [0e8df9e6-2f6a-4342-9ca0-f721d85f1d33@group-D70B570111F5-LeaderElection7] INFO  server.RaftServerConfigKeys (ConfUtils.java:logGet(43)) - raft.server.write.element-limit = 4096 (default)
2019-10-15 03:19:05,062 [0e8df9e6-2f6a-4342-9ca0-f721d85f1d33@group-D70B570111F5-LeaderElection7] INFO  server.RaftServerConfigKeys (ConfUtils.java:logGet(43)) - raft.server.watch.timeout = 10s (default)
2019-10-15 03:19:05,062 [0e8df9e6-2f6a-4342-9ca0-f721d85f1d33@group-D70B570111F5-LeaderElection7] INFO  server.RaftServerConfigKeys (ConfUtils.java:logGet(43)) - raft.server.watch.timeout.denomination = 1s (default)
2019-10-15 03:19:05,062 [0e8df9e6-2f6a-4342-9ca0-f721d85f1d33@group-D70B570111F5-LeaderElection7] INFO  server.RaftServerConfigKeys (ConfUtils.java:logGet(43)) - raft.server.watch.element-limit = 65536 (default)
2019-10-15 03:19:05,064 [0e8df9e6-2f6a-4342-9ca0-f721d85f1d33@group-D70B570111F5-LeaderElection7] INFO  impl.RoleInfo (RoleInfo.java:updateAndGet(143)) - 0e8df9e6-2f6a-4342-9ca0-f721d85f1d33: start LeaderState
2019-10-15 03:19:05,065 [0e8df9e6-2f6a-4342-9ca0-f721d85f1d33@group-D70B570111F5-LeaderElection7] INFO  segmented.SegmentedRaftLogWorker (SegmentedRaftLogWorker.java:startLogSegment(385)) - 0e8df9e6-2f6a-4342-9ca0-f721d85f1d33@group-D70B570111F5-SegmentedRaftLogWorker: Starting segment from index:0
2019-10-15 03:19:05,065 [0e8df9e6-2f6a-4342-9ca0-f721d85f1d33@group-D70B570111F5-LeaderElection7] INFO  impl.RaftServerImpl (ServerState.java:setRaftConf(357)) - 0e8df9e6-2f6a-4342-9ca0-f721d85f1d33@group-D70B570111F5: set configuration 0: [0e8df9e6-2f6a-4342-9ca0-f721d85f1d33:192.168.5.131:34928], old=null at 0
2019-10-15 03:19:05,099 [pool-67-thread-1] INFO  storage.RaftStorage (RaftStorage.java:format(84)) - Storage directory /workdir/hadoop-ozone/integration-test/target/test-dir/MiniOzoneClusterImpl-6ac5a409-5689-4fa3-9e5a-b652cece44be/datanode-4/data/ratis/e4bf9835-e697-42f6-b211-5ff82f29b6c0 has been successfully formatted.
2019-10-15 03:19:05,100 [pool-87-thread-1] INFO  storage.RaftStorage (RaftStorage.java:format(84)) - Storage directory /workdir/hadoop-ozone/integration-test/target/test-dir/MiniOzoneClusterImpl-6ac5a409-5689-4fa3-9e5a-b652cece44be/datanode-6/data/ratis/e4bf9835-e697-42f6-b211-5ff82f29b6c0 has been successfully formatted.
2019-10-15 03:19:05,099 [pool-57-thread-1] INFO  storage.RaftStorage (RaftStorage.java:format(84)) - Storage directory /workdir/hadoop-ozone/integration-test/target/test-dir/MiniOzoneClusterImpl-6ac5a409-5689-4fa3-9e5a-b652cece44be/datanode-3/data/ratis/e4bf9835-e697-42f6-b211-5ff82f29b6c0 has been successfully formatted.
2019-10-15 03:19:05,100 [pool-87-thread-1] INFO  ratis.ContainerStateMachine (ContainerStateMachine.java:loadSnapshot(231)) - group-5FF82F29B6C0: The snapshot info is null. Setting the last applied indexto:(t:0, i:~)
2019-10-15 03:19:05,100 [pool-67-thread-1] INFO  ratis.ContainerStateMachine (ContainerStateMachine.java:loadSnapshot(231)) - group-5FF82F29B6C0: The snapshot info is null. Setting the last applied indexto:(t:0, i:~)
2019-10-15 03:19:05,100 [pool-87-thread-1] INFO  server.RaftServerConfigKeys (ConfUtils.java:logGet(43)) - raft.server.notification.no-leader.timeout = 120s (custom)
2019-10-15 03:19:05,100 [pool-67-thread-1] INFO  server.RaftServerConfigKeys (ConfUtils.java:logGet(43)) - raft.server.notification.no-leader.timeout = 120s (custom)
2019-10-15 03:19:05,100 [pool-57-thread-1] INFO  ratis.ContainerStateMachine (ContainerStateMachine.java:loadSnapshot(231)) - group-5FF82F29B6C0: The snapshot info is null. Setting the last applied indexto:(t:0, i:~)
2019-10-15 03:19:05,100 [pool-67-thread-1] INFO  server.RaftServerConfigKeys (ConfUtils.java:logGet(43)) - raft.server.log.use.memory = false (default)
2019-10-15 03:19:05,100 [pool-87-thread-1] INFO  server.RaftServerConfigKeys (ConfUtils.java:logGet(43)) - raft.server.log.use.memory = false (default)
2019-10-15 03:19:05,101 [pool-67-thread-1] INFO  server.RaftServerConfigKeys (ConfUtils.java:logGet(43)) - raft.server.log.purge.gap = 1000000 (custom)
2019-10-15 03:19:05,101 [pool-57-thread-1] INFO  server.RaftServerConfigKeys (ConfUtils.java:logGet(43)) - raft.server.notification.no-leader.timeout = 120s (custom)
2019-10-15 03:19:05,101 [pool-67-thread-1] INFO  server.RaftServerConfigKeys (ConfUtils.java:logGet(43)) - raft.server.log.appender.buffer.byte-limit = 33554432 (custom)
2019-10-15 03:19:05,101 [pool-87-thread-1] INFO  server.RaftServerConfigKeys (ConfUtils.java:logGet(43)) - raft.server.log.purge.gap = 1000000 (custom)
2019-10-15 03:19:05,101 [pool-67-thread-1] INFO  server.RaftServerConfigKeys (ConfUtils.java:logGet(43)) - raft.server.log.segment.size.max = 1048576 (custom)
2019-10-15 03:19:05,101 [pool-57-thread-1] INFO  server.RaftServerConfigKeys (ConfUtils.java:logGet(43)) - raft.server.log.use.memory = false (default)
2019-10-15 03:19:05,101 [pool-67-thread-1] INFO  server.RaftServerConfigKeys (ConfUtils.java:logGet(43)) - raft.server.log.segment.cache.num.max = 2 (custom)
2019-10-15 03:19:05,101 [pool-87-thread-1] INFO  server.RaftServerConfigKeys (ConfUtils.java:logGet(43)) - raft.server.log.appender.buffer.byte-limit = 33554432 (custom)
2019-10-15 03:19:05,102 [pool-67-thread-1] INFO  segmented.SegmentedRaftLogWorker (SegmentedRaftLogWorker.java:<init>(173)) - new 742c26a8-c271-430a-a05a-c8bba3fa6d96@group-5FF82F29B6C0-SegmentedRaftLogWorker for RaftStorage:Storage Directory /workdir/hadoop-ozone/integration-test/target/test-dir/MiniOzoneClusterImpl-6ac5a409-5689-4fa3-9e5a-b652cece44be/datanode-4/data/ratis/e4bf9835-e697-42f6-b211-5ff82f29b6c0
2019-10-15 03:19:05,101 [pool-57-thread-1] INFO  server.RaftServerConfigKeys (ConfUtils.java:logGet(43)) - raft.server.log.purge.gap = 1000000 (custom)
2019-10-15 03:19:05,102 [pool-67-thread-1] INFO  server.RaftServerConfigKeys (ConfUtils.java:logGet(43)) - raft.server.log.queue.byte-limit = 2147483647 (custom)
2019-10-15 03:19:05,102 [pool-87-thread-1] INFO  server.RaftServerConfigKeys (ConfUtils.java:logGet(43)) - raft.server.log.segment.size.max = 1048576 (custom)
2019-10-15 03:19:05,102 [pool-67-thread-1] INFO  server.RaftServerConfigKeys (ConfUtils.java:logGet(43)) - raft.server.log.queue.element-limit = 1024 (custom)
2019-10-15 03:19:05,102 [pool-57-thread-1] INFO  server.RaftServerConfigKeys (ConfUtils.java:logGet(43)) - raft.server.log.appender.buffer.byte-limit = 33554432 (custom)
2019-10-15 03:19:05,102 [pool-67-thread-1] INFO  server.RaftServerConfigKeys (ConfUtils.java:logGet(43)) - raft.server.log.segment.size.max = 1048576 (custom)
2019-10-15 03:19:05,102 [pool-87-thread-1] INFO  server.RaftServerConfigKeys (ConfUtils.java:logGet(43)) - raft.server.log.segment.cache.num.max = 2 (custom)
2019-10-15 03:19:05,102 [pool-67-thread-1] INFO  server.RaftServerConfigKeys (ConfUtils.java:logGet(43)) - raft.server.log.preallocated.size = 16384 (custom)
2019-10-15 03:19:05,102 [pool-57-thread-1] INFO  server.RaftServerConfigKeys (ConfUtils.java:logGet(43)) - raft.server.log.segment.size.max = 1048576 (custom)
2019-10-15 03:19:05,103 [pool-67-thread-1] INFO  server.RaftServerConfigKeys (ConfUtils.java:logGet(43)) - raft.server.log.write.buffer.size = 33554432 (custom)
2019-10-15 03:19:05,102 [pool-87-thread-1] INFO  segmented.SegmentedRaftLogWorker (SegmentedRaftLogWorker.java:<init>(173)) - new 4c6a16c4-95d2-4ef7-9fc0-4f57ccbd9967@group-5FF82F29B6C0-SegmentedRaftLogWorker for RaftStorage:Storage Directory /workdir/hadoop-ozone/integration-test/target/test-dir/MiniOzoneClusterImpl-6ac5a409-5689-4fa3-9e5a-b652cece44be/datanode-6/data/ratis/e4bf9835-e697-42f6-b211-5ff82f29b6c0
2019-10-15 03:19:05,103 [pool-67-thread-1] INFO  server.RaftServerConfigKeys (ConfUtils.java:logGet(43)) - raft.server.log.force.sync.num = 128 (default)
2019-10-15 03:19:05,103 [pool-57-thread-1] INFO  server.RaftServerConfigKeys (ConfUtils.java:logGet(43)) - raft.server.log.segment.cache.num.max = 2 (custom)
2019-10-15 03:19:05,103 [pool-67-thread-1] INFO  server.RaftServerConfigKeys (ConfUtils.java:logGet(43)) - raft.server.log.statemachine.data.sync = true (default)
2019-10-15 03:19:05,103 [pool-87-thread-1] INFO  server.RaftServerConfigKeys (ConfUtils.java:logGet(43)) - raft.server.log.queue.byte-limit = 2147483647 (custom)
2019-10-15 03:19:05,103 [pool-67-thread-1] INFO  server.RaftServerConfigKeys (ConfUtils.java:logGet(43)) - raft.server.log.statemachine.data.sync.timeout = 10s (default)
2019-10-15 03:19:05,103 [pool-57-thread-1] INFO  segmented.SegmentedRaftLogWorker (SegmentedRaftLogWorker.java:<init>(173)) - new a910346c-1ee2-4cdc-a6d8-644a3a4f0b7f@group-5FF82F29B6C0-SegmentedRaftLogWorker for RaftStorage:Storage Directory /workdir/hadoop-ozone/integration-test/target/test-dir/MiniOzoneClusterImpl-6ac5a409-5689-4fa3-9e5a-b652cece44be/datanode-3/data/ratis/e4bf9835-e697-42f6-b211-5ff82f29b6c0
2019-10-15 03:19:05,104 [pool-67-thread-1] INFO  server.RaftServerConfigKeys (ConfUtils.java:logGet(43)) - raft.server.log.statemachine.data.sync.timeout.retry = -1 (default)
2019-10-15 03:19:05,104 [pool-87-thread-1] INFO  server.RaftServerConfigKeys (ConfUtils.java:logGet(43)) - raft.server.log.queue.element-limit = 1024 (custom)
2019-10-15 03:19:05,110 [pool-67-thread-1] INFO  server.RaftServerConfigKeys (ConfUtils.java:logGet(43)) - raft.server.log.statemachine.data.caching.enabled = true (custom)
2019-10-15 03:19:05,104 [pool-57-thread-1] INFO  server.RaftServerConfigKeys (ConfUtils.java:logGet(43)) - raft.server.log.queue.byte-limit = 2147483647 (custom)
2019-10-15 03:19:05,110 [pool-57-thread-1] INFO  server.RaftServerConfigKeys (ConfUtils.java:logGet(43)) - raft.server.log.queue.element-limit = 1024 (custom)
2019-10-15 03:19:05,111 [pool-57-thread-1] INFO  server.RaftServerConfigKeys (ConfUtils.java:logGet(43)) - raft.server.log.segment.size.max = 1048576 (custom)
2019-10-15 03:19:05,111 [pool-57-thread-1] INFO  server.RaftServerConfigKeys (ConfUtils.java:logGet(43)) - raft.server.log.preallocated.size = 16384 (custom)
2019-10-15 03:19:05,111 [pool-57-thread-1] INFO  server.RaftServerConfigKeys (ConfUtils.java:logGet(43)) - raft.server.log.write.buffer.size = 33554432 (custom)
2019-10-15 03:19:05,111 [pool-57-thread-1] INFO  server.RaftServerConfigKeys (ConfUtils.java:logGet(43)) - raft.server.log.force.sync.num = 128 (default)
2019-10-15 03:19:05,110 [pool-87-thread-1] INFO  server.RaftServerConfigKeys (ConfUtils.java:logGet(43)) - raft.server.log.segment.size.max = 1048576 (custom)
2019-10-15 03:19:05,111 [pool-57-thread-1] INFO  server.RaftServerConfigKeys (ConfUtils.java:logGet(43)) - raft.server.log.statemachine.data.sync = true (default)
2019-10-15 03:19:05,111 [pool-87-thread-1] INFO  server.RaftServerConfigKeys (ConfUtils.java:logGet(43)) - raft.server.log.preallocated.size = 16384 (custom)
2019-10-15 03:19:05,112 [pool-57-thread-1] INFO  server.RaftServerConfigKeys (ConfUtils.java:logGet(43)) - raft.server.log.statemachine.data.sync.timeout = 10s (default)
2019-10-15 03:19:05,112 [pool-87-thread-1] INFO  server.RaftServerConfigKeys (ConfUtils.java:logGet(43)) - raft.server.log.write.buffer.size = 33554432 (custom)
2019-10-15 03:19:05,112 [pool-57-thread-1] INFO  server.RaftServerConfigKeys (ConfUtils.java:logGet(43)) - raft.server.log.statemachine.data.sync.timeout.retry = -1 (default)
2019-10-15 03:19:05,112 [pool-87-thread-1] INFO  server.RaftServerConfigKeys (ConfUtils.java:logGet(43)) - raft.server.log.force.sync.num = 128 (default)
2019-10-15 03:19:05,112 [pool-87-thread-1] INFO  server.RaftServerConfigKeys (ConfUtils.java:logGet(43)) - raft.server.log.statemachine.data.sync = true (default)
2019-10-15 03:19:05,112 [pool-57-thread-1] INFO  server.RaftServerConfigKeys (ConfUtils.java:logGet(43)) - raft.server.log.statemachine.data.caching.enabled = true (custom)
2019-10-15 03:19:05,112 [pool-87-thread-1] INFO  server.RaftServerConfigKeys (ConfUtils.java:logGet(43)) - raft.server.log.statemachine.data.sync.timeout = 10s (default)
2019-10-15 03:19:05,112 [pool-87-thread-1] INFO  server.RaftServerConfigKeys (ConfUtils.java:logGet(43)) - raft.server.log.statemachine.data.sync.timeout.retry = -1 (default)
2019-10-15 03:19:05,112 [pool-87-thread-1] INFO  server.RaftServerConfigKeys (ConfUtils.java:logGet(43)) - raft.server.log.statemachine.data.caching.enabled = true (custom)
2019-10-15 03:19:05,113 [pool-67-thread-1] INFO  segmented.SegmentedRaftLogWorker (SegmentedRaftLogWorker.java:lambda$new$0(128)) - 742c26a8-c271-430a-a05a-c8bba3fa6d96@group-5FF82F29B6C0-SegmentedRaftLogWorker: flushIndex: setUnconditionally 0 -> -1
2019-10-15 03:19:05,113 [pool-57-thread-1] INFO  segmented.SegmentedRaftLogWorker (SegmentedRaftLogWorker.java:lambda$new$0(128)) - a910346c-1ee2-4cdc-a6d8-644a3a4f0b7f@group-5FF82F29B6C0-SegmentedRaftLogWorker: flushIndex: setUnconditionally 0 -> -1
2019-10-15 03:19:05,113 [pool-87-thread-1] INFO  segmented.SegmentedRaftLogWorker (SegmentedRaftLogWorker.java:lambda$new$0(128)) - 4c6a16c4-95d2-4ef7-9fc0-4f57ccbd9967@group-5FF82F29B6C0-SegmentedRaftLogWorker: flushIndex: setUnconditionally 0 -> -1
2019-10-15 03:19:05,113 [pool-67-thread-1] INFO  server.RaftServerConfigKeys (ConfUtils.java:logGet(43)) - raft.server.snapshot.auto.trigger.enabled = true (custom)
2019-10-15 03:19:05,113 [pool-57-thread-1] INFO  server.RaftServerConfigKeys (ConfUtils.java:logGet(43)) - raft.server.snapshot.auto.trigger.enabled = true (custom)
2019-10-15 03:19:05,113 [pool-67-thread-1] INFO  server.RaftServerConfigKeys (ConfUtils.java:logGet(43)) - raft.server.snapshot.auto.trigger.threshold = 10000 (custom)
2019-10-15 03:19:05,113 [pool-87-thread-1] INFO  server.RaftServerConfigKeys (ConfUtils.java:logGet(43)) - raft.server.snapshot.auto.trigger.enabled = true (custom)
2019-10-15 03:19:05,114 [pool-67-thread-1] INFO  server.RaftServerConfigKeys (ConfUtils.java:logGet(43)) - raft.server.snapshot.retention.file.num = 5 (custom)
2019-10-15 03:19:05,114 [pool-57-thread-1] INFO  server.RaftServerConfigKeys (ConfUtils.java:logGet(43)) - raft.server.snapshot.auto.trigger.threshold = 10000 (custom)
2019-10-15 03:19:05,114 [pool-67-thread-1] INFO  server.RaftServerConfigKeys (ConfUtils.java:logGet(43)) - raft.server.retrycache.expirytime = 600000ms (custom)
2019-10-15 03:19:05,114 [pool-87-thread-1] INFO  server.RaftServerConfigKeys (ConfUtils.java:logGet(43)) - raft.server.snapshot.auto.trigger.threshold = 10000 (custom)
2019-10-15 03:19:05,114 [pool-57-thread-1] INFO  server.RaftServerConfigKeys (ConfUtils.java:logGet(43)) - raft.server.snapshot.retention.file.num = 5 (custom)
2019-10-15 03:19:05,114 [pool-87-thread-1] INFO  server.RaftServerConfigKeys (ConfUtils.java:logGet(43)) - raft.server.snapshot.retention.file.num = 5 (custom)
2019-10-15 03:19:05,114 [pool-57-thread-1] INFO  server.RaftServerConfigKeys (ConfUtils.java:logGet(43)) - raft.server.retrycache.expirytime = 600000ms (custom)
2019-10-15 03:19:05,114 [pool-87-thread-1] INFO  server.RaftServerConfigKeys (ConfUtils.java:logGet(43)) - raft.server.retrycache.expirytime = 600000ms (custom)
2019-10-15 03:19:05,119 [pool-67-thread-1] INFO  impl.RaftServerImpl (RaftServerImpl.java:start(195)) - 742c26a8-c271-430a-a05a-c8bba3fa6d96@group-5FF82F29B6C0: start as a follower, conf=-1: [4c6a16c4-95d2-4ef7-9fc0-4f57ccbd9967:192.168.5.131:39112, 742c26a8-c271-430a-a05a-c8bba3fa6d96:192.168.5.131:42235, a910346c-1ee2-4cdc-a6d8-644a3a4f0b7f:192.168.5.131:38193], old=null
2019-10-15 03:19:05,119 [pool-67-thread-1] INFO  impl.RaftServerImpl (RaftServerImpl.java:setRole(184)) - 742c26a8-c271-430a-a05a-c8bba3fa6d96@group-5FF82F29B6C0: changes role from      null to FOLLOWER at term 0 for startAsFollower
2019-10-15 03:19:05,119 [pool-67-thread-1] INFO  impl.RoleInfo (RoleInfo.java:updateAndGet(143)) - 742c26a8-c271-430a-a05a-c8bba3fa6d96: start FollowerState
2019-10-15 03:19:05,119 [pool-87-thread-1] INFO  impl.RaftServerImpl (RaftServerImpl.java:start(195)) - 4c6a16c4-95d2-4ef7-9fc0-4f57ccbd9967@group-5FF82F29B6C0: start as a follower, conf=-1: [4c6a16c4-95d2-4ef7-9fc0-4f57ccbd9967:192.168.5.131:39112, 742c26a8-c271-430a-a05a-c8bba3fa6d96:192.168.5.131:42235, a910346c-1ee2-4cdc-a6d8-644a3a4f0b7f:192.168.5.131:38193], old=null
2019-10-15 03:19:05,120 [pool-87-thread-1] INFO  impl.RaftServerImpl (RaftServerImpl.java:setRole(184)) - 4c6a16c4-95d2-4ef7-9fc0-4f57ccbd9967@group-5FF82F29B6C0: changes role from      null to FOLLOWER at term 0 for startAsFollower
2019-10-15 03:19:05,120 [pool-67-thread-1] INFO  util.JmxRegister (JmxRegister.java:tryRegister(44)) - Successfully registered JMX Bean with object name Ratis:service=RaftServer,group=group-5FF82F29B6C0,id=742c26a8-c271-430a-a05a-c8bba3fa6d96
2019-10-15 03:19:05,120 [pool-57-thread-1] INFO  impl.RaftServerImpl (RaftServerImpl.java:start(195)) - a910346c-1ee2-4cdc-a6d8-644a3a4f0b7f@group-5FF82F29B6C0: start as a follower, conf=-1: [4c6a16c4-95d2-4ef7-9fc0-4f57ccbd9967:192.168.5.131:39112, 742c26a8-c271-430a-a05a-c8bba3fa6d96:192.168.5.131:42235, a910346c-1ee2-4cdc-a6d8-644a3a4f0b7f:192.168.5.131:38193], old=null
2019-10-15 03:19:05,120 [pool-87-thread-1] INFO  impl.RoleInfo (RoleInfo.java:updateAndGet(143)) - 4c6a16c4-95d2-4ef7-9fc0-4f57ccbd9967: start FollowerState
2019-10-15 03:19:05,120 [pool-57-thread-1] INFO  impl.RaftServerImpl (RaftServerImpl.java:setRole(184)) - a910346c-1ee2-4cdc-a6d8-644a3a4f0b7f@group-5FF82F29B6C0: changes role from      null to FOLLOWER at term 0 for startAsFollower
2019-10-15 03:19:05,120 [pool-57-thread-1] INFO  impl.RoleInfo (RoleInfo.java:updateAndGet(143)) - a910346c-1ee2-4cdc-a6d8-644a3a4f0b7f: start FollowerState
2019-10-15 03:19:05,121 [pool-87-thread-1] INFO  util.JmxRegister (JmxRegister.java:tryRegister(44)) - Successfully registered JMX Bean with object name Ratis:service=RaftServer,group=group-5FF82F29B6C0,id=4c6a16c4-95d2-4ef7-9fc0-4f57ccbd9967
2019-10-15 03:19:05,121 [pool-57-thread-1] INFO  util.JmxRegister (JmxRegister.java:tryRegister(44)) - Successfully registered JMX Bean with object name Ratis:service=RaftServer,group=group-5FF82F29B6C0,id=a910346c-1ee2-4cdc-a6d8-644a3a4f0b7f
2019-10-15 03:19:05,123 [0e8df9e6-2f6a-4342-9ca0-f721d85f1d33@group-D70B570111F5-SegmentedRaftLogWorker] INFO  segmented.SegmentedRaftLogWorker (SegmentedRaftLogWorker.java:execute(576)) - 0e8df9e6-2f6a-4342-9ca0-f721d85f1d33@group-D70B570111F5-SegmentedRaftLogWorker: created new log segment /workdir/hadoop-ozone/integration-test/target/test-dir/MiniOzoneClusterImpl-6ac5a409-5689-4fa3-9e5a-b652cece44be/datanode-5/data/ratis/54ceff22-17f9-427c-9be1-d70b570111f5/current/log_inprogress_0
2019-10-15 03:19:05,153 [RatisPipelineUtilsThread] INFO  pipeline.PipelineStateManager (PipelineStateManager.java:addPipeline(56)) - Created pipeline Pipeline[ Id: e4bf9835-e697-42f6-b211-5ff82f29b6c0, Nodes: a910346c-1ee2-4cdc-a6d8-644a3a4f0b7f{ip: 192.168.5.131, host: pr-hdds-2305-c92ks-1629580955, networkLocation: /default-rack, certSerialId: null}742c26a8-c271-430a-a05a-c8bba3fa6d96{ip: 192.168.5.131, host: pr-hdds-2305-c92ks-1629580955, networkLocation: /default-rack, certSerialId: null}4c6a16c4-95d2-4ef7-9fc0-4f57ccbd9967{ip: 192.168.5.131, host: pr-hdds-2305-c92ks-1629580955, networkLocation: /default-rack, certSerialId: null}, Type:RATIS, Factor:THREE, State:OPEN]
2019-10-15 03:19:05,190 [Thread-279] INFO  impl.FollowerState (FollowerState.java:run(108)) - 4c6a16c4-95d2-4ef7-9fc0-4f57ccbd9967@group-5FF82F29B6C0-FollowerState: change to CANDIDATE, lastRpcTime:69ms, electionTimeout:69ms
2019-10-15 03:19:05,190 [grpc-default-executor-0] INFO  impl.RaftServerProxy (RaftServerProxy.java:addNew(89)) - 12a42f98-880a-49b8-8419-ad6a67716254: addNew group-4CF04C12C6E5:[f33cd6fc-8ced-446f-8d55-94c77b4ccaf0:192.168.5.131:33921, 7d741aae-27f8-4285-96eb-ab6c1983d5cf:192.168.5.131:44604, 12a42f98-880a-49b8-8419-ad6a67716254:192.168.5.131:36449] returns group-4CF04C12C6E5:java.util.concurrent.CompletableFuture@598df8d1[Not completed]
2019-10-15 03:19:05,192 [Thread-279] INFO  impl.RoleInfo (RoleInfo.java:shutdownFollowerState(121)) - 4c6a16c4-95d2-4ef7-9fc0-4f57ccbd9967: shutdown FollowerState
2019-10-15 03:19:05,192 [grpc-default-executor-1] INFO  impl.RaftServerProxy (RaftServerProxy.java:addNew(89)) - 7d741aae-27f8-4285-96eb-ab6c1983d5cf: addNew group-4CF04C12C6E5:[f33cd6fc-8ced-446f-8d55-94c77b4ccaf0:192.168.5.131:33921, 7d741aae-27f8-4285-96eb-ab6c1983d5cf:192.168.5.131:44604, 12a42f98-880a-49b8-8419-ad6a67716254:192.168.5.131:36449] returns group-4CF04C12C6E5:java.util.concurrent.CompletableFuture@1b3a47a5[Not completed]
2019-10-15 03:19:05,192 [Thread-279] INFO  impl.RaftServerImpl (RaftServerImpl.java:setRole(184)) - 4c6a16c4-95d2-4ef7-9fc0-4f57ccbd9967@group-5FF82F29B6C0: changes role from  FOLLOWER to CANDIDATE at term 0 for changeToCandidate
2019-10-15 03:19:05,193 [grpc-default-executor-2] INFO  impl.RaftServerProxy (RaftServerProxy.java:addNew(89)) - f33cd6fc-8ced-446f-8d55-94c77b4ccaf0: addNew group-4CF04C12C6E5:[f33cd6fc-8ced-446f-8d55-94c77b4ccaf0:192.168.5.131:33921, 7d741aae-27f8-4285-96eb-ab6c1983d5cf:192.168.5.131:44604, 12a42f98-880a-49b8-8419-ad6a67716254:192.168.5.131:36449] returns group-4CF04C12C6E5:java.util.concurrent.CompletableFuture@1ba4e5e6[Not completed]
2019-10-15 03:19:05,193 [Thread-279] INFO  impl.RoleInfo (RoleInfo.java:updateAndGet(143)) - 4c6a16c4-95d2-4ef7-9fc0-4f57ccbd9967: start LeaderElection
2019-10-15 03:19:05,197 [pool-47-thread-1] INFO  impl.RaftServerImpl (RaftServerImpl.java:<init>(104)) - 12a42f98-880a-49b8-8419-ad6a67716254: new RaftServerImpl for group-4CF04C12C6E5:[f33cd6fc-8ced-446f-8d55-94c77b4ccaf0:192.168.5.131:33921, 7d741aae-27f8-4285-96eb-ab6c1983d5cf:192.168.5.131:44604, 12a42f98-880a-49b8-8419-ad6a67716254:192.168.5.131:36449] with ContainerStateMachine:uninitialized
2019-10-15 03:19:05,197 [pool-47-thread-1] INFO  server.RaftServerConfigKeys (ConfUtils.java:logGet(43)) - raft.server.rpc.timeout.min = 1s (custom)
2019-10-15 03:19:05,197 [pool-47-thread-1] INFO  server.RaftServerConfigKeys (ConfUtils.java:logGet(43)) - raft.server.rpc.timeout.max = 1200ms (custom)
2019-10-15 03:19:05,197 [pool-47-thread-1] INFO  server.RaftServerConfigKeys (ConfUtils.java:logGet(43)) - raft.server.rpcslowness.timeout = 120s (custom)
2019-10-15 03:19:05,197 [pool-47-thread-1] INFO  server.RaftServerConfigKeys (ConfUtils.java:logGet(43)) - raft.server.sleep.deviation.threshold = 300 (default)
2019-10-15 03:19:05,197 [pool-47-thread-1] INFO  server.RaftServerConfigKeys (ConfUtils.java:logGet(43)) - raft.server.log.appender.install.snapshot.enabled = false (custom)
2019-10-15 03:19:05,198 [pool-47-thread-1] INFO  impl.RaftServerImpl (ServerState.java:<init>(103)) - 12a42f98-880a-49b8-8419-ad6a67716254@group-4CF04C12C6E5: ConfigurationManager, init=-1: [f33cd6fc-8ced-446f-8d55-94c77b4ccaf0:192.168.5.131:33921, 7d741aae-27f8-4285-96eb-ab6c1983d5cf:192.168.5.131:44604, 12a42f98-880a-49b8-8419-ad6a67716254:192.168.5.131:36449], old=null, confs=<EMPTY_MAP>
2019-10-15 03:19:05,198 [pool-47-thread-1] INFO  server.RaftServerConfigKeys (ConfUtils.java:logGet(43)) - raft.server.storage.dir = [/workdir/hadoop-ozone/integration-test/target/test-dir/MiniOzoneClusterImpl-6ac5a409-5689-4fa3-9e5a-b652cece44be/datanode-2/data/ratis] (custom)
2019-10-15 03:19:05,198 [pool-27-thread-1] INFO  impl.RaftServerImpl (RaftServerImpl.java:<init>(104)) - f33cd6fc-8ced-446f-8d55-94c77b4ccaf0: new RaftServerImpl for group-4CF04C12C6E5:[f33cd6fc-8ced-446f-8d55-94c77b4ccaf0:192.168.5.131:33921, 7d741aae-27f8-4285-96eb-ab6c1983d5cf:192.168.5.131:44604, 12a42f98-880a-49b8-8419-ad6a67716254:192.168.5.131:36449] with ContainerStateMachine:uninitialized
2019-10-15 03:19:05,198 [pool-47-thread-1] INFO  server.RaftServerConfigKeys (ConfUtils.java:logGet(43)) - raft.server.log.corruption.policy = EXCEPTION (default)
2019-10-15 03:19:05,198 [pool-27-thread-1] INFO  server.RaftServerConfigKeys (ConfUtils.java:logGet(43)) - raft.server.rpc.timeout.min = 1s (custom)
2019-10-15 03:19:05,198 [pool-47-thread-1] INFO  storage.RaftStorageDirectory (RaftStorageDirectory.java:analyzeStorage(246)) - The storage directory /workdir/hadoop-ozone/integration-test/target/test-dir/MiniOzoneClusterImpl-6ac5a409-5689-4fa3-9e5a-b652cece44be/datanode-2/data/ratis/263fb315-29b1-4742-bae6-4cf04c12c6e5 does not exist. Creating ...
2019-10-15 03:19:05,198 [pool-27-thread-1] INFO  server.RaftServerConfigKeys (ConfUtils.java:logGet(43)) - raft.server.rpc.timeout.max = 1200ms (custom)
2019-10-15 03:19:05,198 [pool-27-thread-1] INFO  server.RaftServerConfigKeys (ConfUtils.java:logGet(43)) - raft.server.rpcslowness.timeout = 120s (custom)
2019-10-15 03:19:05,199 [pool-27-thread-1] INFO  server.RaftServerConfigKeys (ConfUtils.java:logGet(43)) - raft.server.sleep.deviation.threshold = 300 (default)
2019-10-15 03:19:05,199 [pool-27-thread-1] INFO  server.RaftServerConfigKeys (ConfUtils.java:logGet(43)) - raft.server.log.appender.install.snapshot.enabled = false (custom)
2019-10-15 03:19:05,199 [pool-37-thread-1] INFO  impl.RaftServerImpl (RaftServerImpl.java:<init>(104)) - 7d741aae-27f8-4285-96eb-ab6c1983d5cf: new RaftServerImpl for group-4CF04C12C6E5:[f33cd6fc-8ced-446f-8d55-94c77b4ccaf0:192.168.5.131:33921, 7d741aae-27f8-4285-96eb-ab6c1983d5cf:192.168.5.131:44604, 12a42f98-880a-49b8-8419-ad6a67716254:192.168.5.131:36449] with ContainerStateMachine:uninitialized
2019-10-15 03:19:05,199 [pool-27-thread-1] INFO  impl.RaftServerImpl (ServerState.java:<init>(103)) - f33cd6fc-8ced-446f-8d55-94c77b4ccaf0@group-4CF04C12C6E5: ConfigurationManager, init=-1: [f33cd6fc-8ced-446f-8d55-94c77b4ccaf0:192.168.5.131:33921, 7d741aae-27f8-4285-96eb-ab6c1983d5cf:192.168.5.131:44604, 12a42f98-880a-49b8-8419-ad6a67716254:192.168.5.131:36449], old=null, confs=<EMPTY_MAP>
2019-10-15 03:19:05,199 [pool-37-thread-1] INFO  server.RaftServerConfigKeys (ConfUtils.java:logGet(43)) - raft.server.rpc.timeout.min = 1s (custom)
2019-10-15 03:19:05,199 [pool-27-thread-1] INFO  server.RaftServerConfigKeys (ConfUtils.java:logGet(43)) - raft.server.storage.dir = [/workdir/hadoop-ozone/integration-test/target/test-dir/MiniOzoneClusterImpl-6ac5a409-5689-4fa3-9e5a-b652cece44be/datanode-0/data/ratis] (custom)
2019-10-15 03:19:05,199 [pool-37-thread-1] INFO  server.RaftServerConfigKeys (ConfUtils.java:logGet(43)) - raft.server.rpc.timeout.max = 1200ms (custom)
2019-10-15 03:19:05,199 [pool-37-thread-1] INFO  server.RaftServerConfigKeys (ConfUtils.java:logGet(43)) - raft.server.rpcslowness.timeout = 120s (custom)
2019-10-15 03:19:05,199 [pool-27-thread-1] INFO  server.RaftServerConfigKeys (ConfUtils.java:logGet(43)) - raft.server.log.corruption.policy = EXCEPTION (default)
2019-10-15 03:19:05,199 [pool-37-thread-1] INFO  server.RaftServerConfigKeys (ConfUtils.java:logGet(43)) - raft.server.sleep.deviation.threshold = 300 (default)
2019-10-15 03:19:05,199 [pool-27-thread-1] INFO  storage.RaftStorageDirectory (RaftStorageDirectory.java:analyzeStorage(246)) - The storage directory /workdir/hadoop-ozone/integration-test/target/test-dir/MiniOzoneClusterImpl-6ac5a409-5689-4fa3-9e5a-b652cece44be/datanode-0/data/ratis/263fb315-29b1-4742-bae6-4cf04c12c6e5 does not exist. Creating ...
2019-10-15 03:19:05,199 [pool-37-thread-1] INFO  server.RaftServerConfigKeys (ConfUtils.java:logGet(43)) - raft.server.log.appender.install.snapshot.enabled = false (custom)
2019-10-15 03:19:05,200 [pool-37-thread-1] INFO  impl.RaftServerImpl (ServerState.java:<init>(103)) - 7d741aae-27f8-4285-96eb-ab6c1983d5cf@group-4CF04C12C6E5: ConfigurationManager, init=-1: [f33cd6fc-8ced-446f-8d55-94c77b4ccaf0:192.168.5.131:33921, 7d741aae-27f8-4285-96eb-ab6c1983d5cf:192.168.5.131:44604, 12a42f98-880a-49b8-8419-ad6a67716254:192.168.5.131:36449], old=null, confs=<EMPTY_MAP>
2019-10-15 03:19:05,200 [pool-37-thread-1] INFO  server.RaftServerConfigKeys (ConfUtils.java:logGet(43)) - raft.server.storage.dir = [/workdir/hadoop-ozone/integration-test/target/test-dir/MiniOzoneClusterImpl-6ac5a409-5689-4fa3-9e5a-b652cece44be/datanode-1/data/ratis] (custom)
2019-10-15 03:19:05,200 [pool-37-thread-1] INFO  server.RaftServerConfigKeys (ConfUtils.java:logGet(43)) - raft.server.log.corruption.policy = EXCEPTION (default)
2019-10-15 03:19:05,200 [pool-37-thread-1] INFO  storage.RaftStorageDirectory (RaftStorageDirectory.java:analyzeStorage(246)) - The storage directory /workdir/hadoop-ozone/integration-test/target/test-dir/MiniOzoneClusterImpl-6ac5a409-5689-4fa3-9e5a-b652cece44be/datanode-1/data/ratis/263fb315-29b1-4742-bae6-4cf04c12c6e5 does not exist. Creating ...
2019-10-15 03:19:05,209 [pool-27-thread-1] INFO  storage.RaftStorageDirectory (RaftStorageDirectory.java:tryLock(328)) - Lock on /workdir/hadoop-ozone/integration-test/target/test-dir/MiniOzoneClusterImpl-6ac5a409-5689-4fa3-9e5a-b652cece44be/datanode-0/data/ratis/263fb315-29b1-4742-bae6-4cf04c12c6e5/in_use.lock acquired by nodename 3330@pr-hdds-2305-c92ks-1629580955
2019-10-15 03:19:05,210 [4c6a16c4-95d2-4ef7-9fc0-4f57ccbd9967@group-5FF82F29B6C0-LeaderElection8] INFO  impl.LeaderElection (LeaderElection.java:askForVotes(178)) - 4c6a16c4-95d2-4ef7-9fc0-4f57ccbd9967@group-5FF82F29B6C0-LeaderElection8: begin an election at term 1 for -1: [4c6a16c4-95d2-4ef7-9fc0-4f57ccbd9967:192.168.5.131:39112, 742c26a8-c271-430a-a05a-c8bba3fa6d96:192.168.5.131:42235, a910346c-1ee2-4cdc-a6d8-644a3a4f0b7f:192.168.5.131:38193], old=null
2019-10-15 03:19:05,209 [pool-47-thread-1] INFO  storage.RaftStorageDirectory (RaftStorageDirectory.java:tryLock(328)) - Lock on /workdir/hadoop-ozone/integration-test/target/test-dir/MiniOzoneClusterImpl-6ac5a409-5689-4fa3-9e5a-b652cece44be/datanode-2/data/ratis/263fb315-29b1-4742-bae6-4cf04c12c6e5/in_use.lock acquired by nodename 3330@pr-hdds-2305-c92ks-1629580955
2019-10-15 03:19:05,209 [pool-37-thread-1] INFO  storage.RaftStorageDirectory (RaftStorageDirectory.java:tryLock(328)) - Lock on /workdir/hadoop-ozone/integration-test/target/test-dir/MiniOzoneClusterImpl-6ac5a409-5689-4fa3-9e5a-b652cece44be/datanode-1/data/ratis/263fb315-29b1-4742-bae6-4cf04c12c6e5/in_use.lock acquired by nodename 3330@pr-hdds-2305-c92ks-1629580955
2019-10-15 03:19:05,214 [Thread-278] INFO  impl.FollowerState (FollowerState.java:run(108)) - 742c26a8-c271-430a-a05a-c8bba3fa6d96@group-5FF82F29B6C0-FollowerState: change to CANDIDATE, lastRpcTime:94ms, electionTimeout:94ms
2019-10-15 03:19:05,215 [Thread-278] INFO  impl.RoleInfo (RoleInfo.java:shutdownFollowerState(121)) - 742c26a8-c271-430a-a05a-c8bba3fa6d96: shutdown FollowerState
2019-10-15 03:19:05,215 [Thread-278] INFO  impl.RaftServerImpl (RaftServerImpl.java:setRole(184)) - 742c26a8-c271-430a-a05a-c8bba3fa6d96@group-5FF82F29B6C0: changes role from  FOLLOWER to CANDIDATE at term 0 for changeToCandidate
2019-10-15 03:19:05,215 [Thread-278] INFO  impl.RoleInfo (RoleInfo.java:updateAndGet(143)) - 742c26a8-c271-430a-a05a-c8bba3fa6d96: start LeaderElection
2019-10-15 03:19:05,222 [Thread-280] INFO  impl.FollowerState (FollowerState.java:run(108)) - a910346c-1ee2-4cdc-a6d8-644a3a4f0b7f@group-5FF82F29B6C0-FollowerState: change to CANDIDATE, lastRpcTime:101ms, electionTimeout:101ms
2019-10-15 03:19:05,222 [Thread-280] INFO  impl.RoleInfo (RoleInfo.java:shutdownFollowerState(121)) - a910346c-1ee2-4cdc-a6d8-644a3a4f0b7f: shutdown FollowerState
2019-10-15 03:19:05,222 [Thread-280] INFO  impl.RaftServerImpl (RaftServerImpl.java:setRole(184)) - a910346c-1ee2-4cdc-a6d8-644a3a4f0b7f@group-5FF82F29B6C0: changes role from  FOLLOWER to CANDIDATE at term 0 for changeToCandidate
2019-10-15 03:19:05,222 [Thread-280] INFO  impl.RoleInfo (RoleInfo.java:updateAndGet(143)) - a910346c-1ee2-4cdc-a6d8-644a3a4f0b7f: start LeaderElection
2019-10-15 03:19:05,233 [pool-37-thread-1] INFO  storage.RaftStorage (RaftStorage.java:format(84)) - Storage directory /workdir/hadoop-ozone/integration-test/target/test-dir/MiniOzoneClusterImpl-6ac5a409-5689-4fa3-9e5a-b652cece44be/datanode-1/data/ratis/263fb315-29b1-4742-bae6-4cf04c12c6e5 has been successfully formatted.
2019-10-15 03:19:05,233 [742c26a8-c271-430a-a05a-c8bba3fa6d96@group-5FF82F29B6C0-LeaderElection9] INFO  impl.LeaderElection (LeaderElection.java:askForVotes(178)) - 742c26a8-c271-430a-a05a-c8bba3fa6d96@group-5FF82F29B6C0-LeaderElection9: begin an election at term 1 for -1: [4c6a16c4-95d2-4ef7-9fc0-4f57ccbd9967:192.168.5.131:39112, 742c26a8-c271-430a-a05a-c8bba3fa6d96:192.168.5.131:42235, a910346c-1ee2-4cdc-a6d8-644a3a4f0b7f:192.168.5.131:38193], old=null
2019-10-15 03:19:05,233 [a910346c-1ee2-4cdc-a6d8-644a3a4f0b7f@group-5FF82F29B6C0-LeaderElection10] INFO  impl.LeaderElection (LeaderElection.java:askForVotes(178)) - a910346c-1ee2-4cdc-a6d8-644a3a4f0b7f@group-5FF82F29B6C0-LeaderElection10: begin an election at term 1 for -1: [4c6a16c4-95d2-4ef7-9fc0-4f57ccbd9967:192.168.5.131:39112, 742c26a8-c271-430a-a05a-c8bba3fa6d96:192.168.5.131:42235, a910346c-1ee2-4cdc-a6d8-644a3a4f0b7f:192.168.5.131:38193], old=null
2019-10-15 03:19:05,233 [pool-27-thread-1] INFO  storage.RaftStorage (RaftStorage.java:format(84)) - Storage directory /workdir/hadoop-ozone/integration-test/target/test-dir/MiniOzoneClusterImpl-6ac5a409-5689-4fa3-9e5a-b652cece44be/datanode-0/data/ratis/263fb315-29b1-4742-bae6-4cf04c12c6e5 has been successfully formatted.
2019-10-15 03:19:05,233 [pool-47-thread-1] INFO  storage.RaftStorage (RaftStorage.java:format(84)) - Storage directory /workdir/hadoop-ozone/integration-test/target/test-dir/MiniOzoneClusterImpl-6ac5a409-5689-4fa3-9e5a-b652cece44be/datanode-2/data/ratis/263fb315-29b1-4742-bae6-4cf04c12c6e5 has been successfully formatted.
2019-10-15 03:19:05,233 [pool-37-thread-1] INFO  ratis.ContainerStateMachine (ContainerStateMachine.java:loadSnapshot(231)) - group-4CF04C12C6E5: The snapshot info is null. Setting the last applied indexto:(t:0, i:~)
2019-10-15 03:19:05,234 [pool-27-thread-1] INFO  ratis.ContainerStateMachine (ContainerStateMachine.java:loadSnapshot(231)) - group-4CF04C12C6E5: The snapshot info is null. Setting the last applied indexto:(t:0, i:~)
2019-10-15 03:19:05,234 [pool-47-thread-1] INFO  ratis.ContainerStateMachine (ContainerStateMachine.java:loadSnapshot(231)) - group-4CF04C12C6E5: The snapshot info is null. Setting the last applied indexto:(t:0, i:~)
2019-10-15 03:19:05,234 [pool-37-thread-1] INFO  server.RaftServerConfigKeys (ConfUtils.java:logGet(43)) - raft.server.notification.no-leader.timeout = 120s (custom)
2019-10-15 03:19:05,240 [pool-47-thread-1] INFO  server.RaftServerConfigKeys (ConfUtils.java:logGet(43)) - raft.server.notification.no-leader.timeout = 120s (custom)
2019-10-15 03:19:05,237 [pool-27-thread-1] INFO  server.RaftServerConfigKeys (ConfUtils.java:logGet(43)) - raft.server.notification.no-leader.timeout = 120s (custom)
2019-10-15 03:19:05,242 [pool-47-thread-1] INFO  server.RaftServerConfigKeys (ConfUtils.java:logGet(43)) - raft.server.log.use.memory = false (default)
2019-10-15 03:19:05,242 [pool-37-thread-1] INFO  server.RaftServerConfigKeys (ConfUtils.java:logGet(43)) - raft.server.log.use.memory = false (default)
2019-10-15 03:19:05,245 [pool-47-thread-1] INFO  server.RaftServerConfigKeys (ConfUtils.java:logGet(43)) - raft.server.log.purge.gap = 1000000 (custom)
2019-10-15 03:19:05,242 [pool-27-thread-1] INFO  server.RaftServerConfigKeys (ConfUtils.java:logGet(43)) - raft.server.log.use.memory = false (default)
2019-10-15 03:19:05,247 [pool-47-thread-1] INFO  server.RaftServerConfigKeys (ConfUtils.java:logGet(43)) - raft.server.log.appender.buffer.byte-limit = 33554432 (custom)
2019-10-15 03:19:05,245 [pool-37-thread-1] INFO  server.RaftServerConfigKeys (ConfUtils.java:logGet(43)) - raft.server.log.purge.gap = 1000000 (custom)
2019-10-15 03:19:05,248 [pool-47-thread-1] INFO  server.RaftServerConfigKeys (ConfUtils.java:logGet(43)) - raft.server.log.segment.size.max = 1048576 (custom)
2019-10-15 03:19:05,247 [pool-27-thread-1] INFO  server.RaftServerConfigKeys (ConfUtils.java:logGet(43)) - raft.server.log.purge.gap = 1000000 (custom)
2019-10-15 03:19:05,248 [pool-47-thread-1] INFO  server.RaftServerConfigKeys (ConfUtils.java:logGet(43)) - raft.server.log.segment.cache.num.max = 2 (custom)
2019-10-15 03:19:05,248 [pool-37-thread-1] INFO  server.RaftServerConfigKeys (ConfUtils.java:logGet(43)) - raft.server.log.appender.buffer.byte-limit = 33554432 (custom)
2019-10-15 03:19:05,248 [pool-47-thread-1] INFO  segmented.SegmentedRaftLogWorker (SegmentedRaftLogWorker.java:<init>(173)) - new 12a42f98-880a-49b8-8419-ad6a67716254@group-4CF04C12C6E5-SegmentedRaftLogWorker for RaftStorage:Storage Directory /workdir/hadoop-ozone/integration-test/target/test-dir/MiniOzoneClusterImpl-6ac5a409-5689-4fa3-9e5a-b652cece44be/datanode-2/data/ratis/263fb315-29b1-4742-bae6-4cf04c12c6e5
2019-10-15 03:19:05,248 [pool-27-thread-1] INFO  server.RaftServerConfigKeys (ConfUtils.java:logGet(43)) - raft.server.log.appender.buffer.byte-limit = 33554432 (custom)
2019-10-15 03:19:05,248 [pool-47-thread-1] INFO  server.RaftServerConfigKeys (ConfUtils.java:logGet(43)) - raft.server.log.queue.byte-limit = 2147483647 (custom)
2019-10-15 03:19:05,248 [pool-37-thread-1] INFO  server.RaftServerConfigKeys (ConfUtils.java:logGet(43)) - raft.server.log.segment.size.max = 1048576 (custom)
2019-10-15 03:19:05,249 [pool-47-thread-1] INFO  server.RaftServerConfigKeys (ConfUtils.java:logGet(43)) - raft.server.log.queue.element-limit = 1024 (custom)
2019-10-15 03:19:05,248 [pool-27-thread-1] INFO  server.RaftServerConfigKeys (ConfUtils.java:logGet(43)) - raft.server.log.segment.size.max = 1048576 (custom)
2019-10-15 03:19:05,249 [pool-37-thread-1] INFO  server.RaftServerConfigKeys (ConfUtils.java:logGet(43)) - raft.server.log.segment.cache.num.max = 2 (custom)
2019-10-15 03:19:05,249 [pool-27-thread-1] INFO  server.RaftServerConfigKeys (ConfUtils.java:logGet(43)) - raft.server.log.segment.cache.num.max = 2 (custom)
2019-10-15 03:19:05,249 [pool-47-thread-1] INFO  server.RaftServerConfigKeys (ConfUtils.java:logGet(43)) - raft.server.log.segment.size.max = 1048576 (custom)
2019-10-15 03:19:05,249 [pool-27-thread-1] INFO  segmented.SegmentedRaftLogWorker (SegmentedRaftLogWorker.java:<init>(173)) - new f33cd6fc-8ced-446f-8d55-94c77b4ccaf0@group-4CF04C12C6E5-SegmentedRaftLogWorker for RaftStorage:Storage Directory /workdir/hadoop-ozone/integration-test/target/test-dir/MiniOzoneClusterImpl-6ac5a409-5689-4fa3-9e5a-b652cece44be/datanode-0/data/ratis/263fb315-29b1-4742-bae6-4cf04c12c6e5
2019-10-15 03:19:05,249 [pool-37-thread-1] INFO  segmented.SegmentedRaftLogWorker (SegmentedRaftLogWorker.java:<init>(173)) - new 7d741aae-27f8-4285-96eb-ab6c1983d5cf@group-4CF04C12C6E5-SegmentedRaftLogWorker for RaftStorage:Storage Directory /workdir/hadoop-ozone/integration-test/target/test-dir/MiniOzoneClusterImpl-6ac5a409-5689-4fa3-9e5a-b652cece44be/datanode-1/data/ratis/263fb315-29b1-4742-bae6-4cf04c12c6e5
2019-10-15 03:19:05,249 [pool-27-thread-1] INFO  server.RaftServerConfigKeys (ConfUtils.java:logGet(43)) - raft.server.log.queue.byte-limit = 2147483647 (custom)
2019-10-15 03:19:05,249 [pool-47-thread-1] INFO  server.RaftServerConfigKeys (ConfUtils.java:logGet(43)) - raft.server.log.preallocated.size = 16384 (custom)
2019-10-15 03:19:05,250 [pool-27-thread-1] INFO  server.RaftServerConfigKeys (ConfUtils.java:logGet(43)) - raft.server.log.queue.element-limit = 1024 (custom)
2019-10-15 03:19:05,249 [pool-37-thread-1] INFO  server.RaftServerConfigKeys (ConfUtils.java:logGet(43)) - raft.server.log.queue.byte-limit = 2147483647 (custom)
2019-10-15 03:19:05,250 [pool-27-thread-1] INFO  server.RaftServerConfigKeys (ConfUtils.java:logGet(43)) - raft.server.log.segment.size.max = 1048576 (custom)
2019-10-15 03:19:05,250 [pool-47-thread-1] INFO  server.RaftServerConfigKeys (ConfUtils.java:logGet(43)) - raft.server.log.write.buffer.size = 33554432 (custom)
2019-10-15 03:19:05,250 [pool-27-thread-1] INFO  server.RaftServerConfigKeys (ConfUtils.java:logGet(43)) - raft.server.log.preallocated.size = 16384 (custom)
2019-10-15 03:19:05,250 [pool-37-thread-1] INFO  server.RaftServerConfigKeys (ConfUtils.java:logGet(43)) - raft.server.log.queue.element-limit = 1024 (custom)
2019-10-15 03:19:05,250 [pool-37-thread-1] INFO  server.RaftServerConfigKeys (ConfUtils.java:logGet(43)) - raft.server.log.segment.size.max = 1048576 (custom)
2019-10-15 03:19:05,250 [pool-27-thread-1] INFO  server.RaftServerConfigKeys (ConfUtils.java:logGet(43)) - raft.server.log.write.buffer.size = 33554432 (custom)
2019-10-15 03:19:05,250 [pool-47-thread-1] INFO  server.RaftServerConfigKeys (ConfUtils.java:logGet(43)) - raft.server.log.force.sync.num = 128 (default)
2019-10-15 03:19:05,251 [pool-27-thread-1] INFO  server.RaftServerConfigKeys (ConfUtils.java:logGet(43)) - raft.server.log.force.sync.num = 128 (default)
2019-10-15 03:19:05,251 [pool-37-thread-1] INFO  server.RaftServerConfigKeys (ConfUtils.java:logGet(43)) - raft.server.log.preallocated.size = 16384 (custom)
2019-10-15 03:19:05,251 [pool-27-thread-1] INFO  server.RaftServerConfigKeys (ConfUtils.java:logGet(43)) - raft.server.log.statemachine.data.sync = true (default)
2019-10-15 03:19:05,251 [pool-47-thread-1] INFO  server.RaftServerConfigKeys (ConfUtils.java:logGet(43)) - raft.server.log.statemachine.data.sync = true (default)
2019-10-15 03:19:05,251 [pool-27-thread-1] INFO  server.RaftServerConfigKeys (ConfUtils.java:logGet(43)) - raft.server.log.statemachine.data.sync.timeout = 10s (default)
2019-10-15 03:19:05,251 [pool-37-thread-1] INFO  server.RaftServerConfigKeys (ConfUtils.java:logGet(43)) - raft.server.log.write.buffer.size = 33554432 (custom)
2019-10-15 03:19:05,251 [pool-27-thread-1] INFO  server.RaftServerConfigKeys (ConfUtils.java:logGet(43)) - raft.server.log.statemachine.data.sync.timeout.retry = -1 (default)
2019-10-15 03:19:05,251 [pool-47-thread-1] INFO  server.RaftServerConfigKeys (ConfUtils.java:logGet(43)) - raft.server.log.statemachine.data.sync.timeout = 10s (default)
2019-10-15 03:19:05,251 [pool-37-thread-1] INFO  server.RaftServerConfigKeys (ConfUtils.java:logGet(43)) - raft.server.log.force.sync.num = 128 (default)
2019-10-15 03:19:05,252 [pool-27-thread-1] INFO  server.RaftServerConfigKeys (ConfUtils.java:logGet(43)) - raft.server.log.statemachine.data.caching.enabled = true (custom)
2019-10-15 03:19:05,252 [pool-47-thread-1] INFO  server.RaftServerConfigKeys (ConfUtils.java:logGet(43)) - raft.server.log.statemachine.data.sync.timeout.retry = -1 (default)
2019-10-15 03:19:05,252 [pool-37-thread-1] INFO  server.RaftServerConfigKeys (ConfUtils.java:logGet(43)) - raft.server.log.statemachine.data.sync = true (default)
2019-10-15 03:19:05,254 [pool-47-thread-1] INFO  server.RaftServerConfigKeys (ConfUtils.java:logGet(43)) - raft.server.log.statemachine.data.caching.enabled = true (custom)
2019-10-15 03:19:05,255 [pool-27-thread-1] INFO  segmented.SegmentedRaftLogWorker (SegmentedRaftLogWorker.java:lambda$new$0(128)) - f33cd6fc-8ced-446f-8d55-94c77b4ccaf0@group-4CF04C12C6E5-SegmentedRaftLogWorker: flushIndex: setUnconditionally 0 -> -1
2019-10-15 03:19:05,254 [pool-37-thread-1] INFO  server.RaftServerConfigKeys (ConfUtils.java:logGet(43)) - raft.server.log.statemachine.data.sync.timeout = 10s (default)
2019-10-15 03:19:05,255 [pool-47-thread-1] INFO  segmented.SegmentedRaftLogWorker (SegmentedRaftLogWorker.java:lambda$new$0(128)) - 12a42f98-880a-49b8-8419-ad6a67716254@group-4CF04C12C6E5-SegmentedRaftLogWorker: flushIndex: setUnconditionally 0 -> -1
2019-10-15 03:19:05,255 [pool-27-thread-1] INFO  server.RaftServerConfigKeys (ConfUtils.java:logGet(43)) - raft.server.snapshot.auto.trigger.enabled = true (custom)
2019-10-15 03:19:05,255 [pool-37-thread-1] INFO  server.RaftServerConfigKeys (ConfUtils.java:logGet(43)) - raft.server.log.statemachine.data.sync.timeout.retry = -1 (default)
2019-10-15 03:19:05,257 [pool-47-thread-1] INFO  server.RaftServerConfigKeys (ConfUtils.java:logGet(43)) - raft.server.snapshot.auto.trigger.enabled = true (custom)
2019-10-15 03:19:05,257 [pool-27-thread-1] INFO  server.RaftServerConfigKeys (ConfUtils.java:logGet(43)) - raft.server.snapshot.auto.trigger.threshold = 10000 (custom)
2019-10-15 03:19:05,257 [pool-37-thread-1] INFO  server.RaftServerConfigKeys (ConfUtils.java:logGet(43)) - raft.server.log.statemachine.data.caching.enabled = true (custom)
2019-10-15 03:19:05,257 [pool-47-thread-1] INFO  server.RaftServerConfigKeys (ConfUtils.java:logGet(43)) - raft.server.snapshot.auto.trigger.threshold = 10000 (custom)
2019-10-15 03:19:05,258 [pool-27-thread-1] INFO  server.RaftServerConfigKeys (ConfUtils.java:logGet(43)) - raft.server.snapshot.retention.file.num = 5 (custom)
2019-10-15 03:19:05,258 [pool-47-thread-1] INFO  server.RaftServerConfigKeys (ConfUtils.java:logGet(43)) - raft.server.snapshot.retention.file.num = 5 (custom)
2019-10-15 03:19:05,260 [pool-27-thread-1] INFO  server.RaftServerConfigKeys (ConfUtils.java:logGet(43)) - raft.server.retrycache.expirytime = 600000ms (custom)
2019-10-15 03:19:05,260 [pool-47-thread-1] INFO  server.RaftServerConfigKeys (ConfUtils.java:logGet(43)) - raft.server.retrycache.expirytime = 600000ms (custom)
2019-10-15 03:19:05,260 [pool-37-thread-1] INFO  segmented.SegmentedRaftLogWorker (SegmentedRaftLogWorker.java:lambda$new$0(128)) - 7d741aae-27f8-4285-96eb-ab6c1983d5cf@group-4CF04C12C6E5-SegmentedRaftLogWorker: flushIndex: setUnconditionally 0 -> -1
2019-10-15 03:19:05,268 [pool-37-thread-1] INFO  server.RaftServerConfigKeys (ConfUtils.java:logGet(43)) - raft.server.snapshot.auto.trigger.enabled = true (custom)
2019-10-15 03:19:05,270 [pool-37-thread-1] INFO  server.RaftServerConfigKeys (ConfUtils.java:logGet(43)) - raft.server.snapshot.auto.trigger.threshold = 10000 (custom)
2019-10-15 03:19:05,270 [pool-37-thread-1] INFO  server.RaftServerConfigKeys (ConfUtils.java:logGet(43)) - raft.server.snapshot.retention.file.num = 5 (custom)
2019-10-15 03:19:05,271 [pool-37-thread-1] INFO  server.RaftServerConfigKeys (ConfUtils.java:logGet(43)) - raft.server.retrycache.expirytime = 600000ms (custom)
2019-10-15 03:19:05,295 [4c6a16c4-95d2-4ef7-9fc0-4f57ccbd9967@group-5FF82F29B6C0-LeaderElection8] INFO  impl.LeaderElection (LeaderElection.java:logAndReturn(56)) - 4c6a16c4-95d2-4ef7-9fc0-4f57ccbd9967@group-5FF82F29B6C0-LeaderElection8: Election REJECTED; received 2 response(s) [4c6a16c4-95d2-4ef7-9fc0-4f57ccbd9967<-742c26a8-c271-430a-a05a-c8bba3fa6d96#0:FAIL-t1, 4c6a16c4-95d2-4ef7-9fc0-4f57ccbd9967<-a910346c-1ee2-4cdc-a6d8-644a3a4f0b7f#0:FAIL-t1] and 0 exception(s); 4c6a16c4-95d2-4ef7-9fc0-4f57ccbd9967@group-5FF82F29B6C0:t1, leader=null, voted=4c6a16c4-95d2-4ef7-9fc0-4f57ccbd9967, raftlog=4c6a16c4-95d2-4ef7-9fc0-4f57ccbd9967@group-5FF82F29B6C0-SegmentedRaftLog:OPENED:c-1,f-1,i0, conf=-1: [4c6a16c4-95d2-4ef7-9fc0-4f57ccbd9967:192.168.5.131:39112, 742c26a8-c271-430a-a05a-c8bba3fa6d96:192.168.5.131:42235, a910346c-1ee2-4cdc-a6d8-644a3a4f0b7f:192.168.5.131:38193], old=null
2019-10-15 03:19:05,295 [742c26a8-c271-430a-a05a-c8bba3fa6d96@group-5FF82F29B6C0-LeaderElection9] INFO  impl.LeaderElection (LeaderElection.java:logAndReturn(56)) - 742c26a8-c271-430a-a05a-c8bba3fa6d96@group-5FF82F29B6C0-LeaderElection9: Election REJECTED; received 2 response(s) [742c26a8-c271-430a-a05a-c8bba3fa6d96<-4c6a16c4-95d2-4ef7-9fc0-4f57ccbd9967#0:FAIL-t1, 742c26a8-c271-430a-a05a-c8bba3fa6d96<-a910346c-1ee2-4cdc-a6d8-644a3a4f0b7f#0:FAIL-t1] and 0 exception(s); 742c26a8-c271-430a-a05a-c8bba3fa6d96@group-5FF82F29B6C0:t1, leader=null, voted=742c26a8-c271-430a-a05a-c8bba3fa6d96, raftlog=742c26a8-c271-430a-a05a-c8bba3fa6d96@group-5FF82F29B6C0-SegmentedRaftLog:OPENED:c-1,f-1,i0, conf=-1: [4c6a16c4-95d2-4ef7-9fc0-4f57ccbd9967:192.168.5.131:39112, 742c26a8-c271-430a-a05a-c8bba3fa6d96:192.168.5.131:42235, a910346c-1ee2-4cdc-a6d8-644a3a4f0b7f:192.168.5.131:38193], old=null
2019-10-15 03:19:05,299 [742c26a8-c271-430a-a05a-c8bba3fa6d96@group-5FF82F29B6C0-LeaderElection9] INFO  impl.RaftServerImpl (RaftServerImpl.java:setRole(184)) - 742c26a8-c271-430a-a05a-c8bba3fa6d96@group-5FF82F29B6C0: changes role from CANDIDATE to FOLLOWER at term 1 for DISCOVERED_A_NEW_TERM
2019-10-15 03:19:05,299 [742c26a8-c271-430a-a05a-c8bba3fa6d96@group-5FF82F29B6C0-LeaderElection9] INFO  impl.RoleInfo (RoleInfo.java:shutdownLeaderElection(134)) - 742c26a8-c271-430a-a05a-c8bba3fa6d96: shutdown LeaderElection
2019-10-15 03:19:05,299 [4c6a16c4-95d2-4ef7-9fc0-4f57ccbd9967@group-5FF82F29B6C0-LeaderElection8] INFO  impl.RaftServerImpl (RaftServerImpl.java:setRole(184)) - 4c6a16c4-95d2-4ef7-9fc0-4f57ccbd9967@group-5FF82F29B6C0: changes role from CANDIDATE to FOLLOWER at term 1 for DISCOVERED_A_NEW_TERM
2019-10-15 03:19:05,303 [4c6a16c4-95d2-4ef7-9fc0-4f57ccbd9967@group-5FF82F29B6C0-LeaderElection8] INFO  impl.RoleInfo (RoleInfo.java:shutdownLeaderElection(134)) - 4c6a16c4-95d2-4ef7-9fc0-4f57ccbd9967: shutdown LeaderElection
2019-10-15 03:19:05,303 [a910346c-1ee2-4cdc-a6d8-644a3a4f0b7f@group-5FF82F29B6C0-LeaderElection10] INFO  impl.LeaderElection (LeaderElection.java:logAndReturn(56)) - a910346c-1ee2-4cdc-a6d8-644a3a4f0b7f@group-5FF82F29B6C0-LeaderElection10: Election REJECTED; received 2 response(s) [a910346c-1ee2-4cdc-a6d8-644a3a4f0b7f<-4c6a16c4-95d2-4ef7-9fc0-4f57ccbd9967#0:FAIL-t1, a910346c-1ee2-4cdc-a6d8-644a3a4f0b7f<-742c26a8-c271-430a-a05a-c8bba3fa6d96#0:FAIL-t1] and 0 exception(s); a910346c-1ee2-4cdc-a6d8-644a3a4f0b7f@group-5FF82F29B6C0:t1, leader=null, voted=a910346c-1ee2-4cdc-a6d8-644a3a4f0b7f, raftlog=a910346c-1ee2-4cdc-a6d8-644a3a4f0b7f@group-5FF82F29B6C0-SegmentedRaftLog:OPENED:c-1,f-1,i0, conf=-1: [4c6a16c4-95d2-4ef7-9fc0-4f57ccbd9967:192.168.5.131:39112, 742c26a8-c271-430a-a05a-c8bba3fa6d96:192.168.5.131:42235, a910346c-1ee2-4cdc-a6d8-644a3a4f0b7f:192.168.5.131:38193], old=null
2019-10-15 03:19:05,303 [4c6a16c4-95d2-4ef7-9fc0-4f57ccbd9967@group-5FF82F29B6C0-LeaderElection8] INFO  impl.RoleInfo (RoleInfo.java:updateAndGet(143)) - 4c6a16c4-95d2-4ef7-9fc0-4f57ccbd9967: start FollowerState
2019-10-15 03:19:05,303 [742c26a8-c271-430a-a05a-c8bba3fa6d96@group-5FF82F29B6C0-LeaderElection9] INFO  impl.RoleInfo (RoleInfo.java:updateAndGet(143)) - 742c26a8-c271-430a-a05a-c8bba3fa6d96: start FollowerState
2019-10-15 03:19:05,303 [a910346c-1ee2-4cdc-a6d8-644a3a4f0b7f@group-5FF82F29B6C0-LeaderElection10] INFO  impl.RaftServerImpl (RaftServerImpl.java:setRole(184)) - a910346c-1ee2-4cdc-a6d8-644a3a4f0b7f@group-5FF82F29B6C0: changes role from CANDIDATE to FOLLOWER at term 1 for DISCOVERED_A_NEW_TERM
2019-10-15 03:19:05,305 [a910346c-1ee2-4cdc-a6d8-644a3a4f0b7f@group-5FF82F29B6C0-LeaderElection10] INFO  impl.RoleInfo (RoleInfo.java:shutdownLeaderElection(134)) - a910346c-1ee2-4cdc-a6d8-644a3a4f0b7f: shutdown LeaderElection
2019-10-15 03:19:05,307 [a910346c-1ee2-4cdc-a6d8-644a3a4f0b7f@group-5FF82F29B6C0-LeaderElection10] INFO  impl.RoleInfo (RoleInfo.java:updateAndGet(143)) - a910346c-1ee2-4cdc-a6d8-644a3a4f0b7f: start FollowerState
2019-10-15 03:19:05,309 [pool-27-thread-1] INFO  impl.RaftServerImpl (RaftServerImpl.java:start(195)) - f33cd6fc-8ced-446f-8d55-94c77b4ccaf0@group-4CF04C12C6E5: start as a follower, conf=-1: [f33cd6fc-8ced-446f-8d55-94c77b4ccaf0:192.168.5.131:33921, 7d741aae-27f8-4285-96eb-ab6c1983d5cf:192.168.5.131:44604, 12a42f98-880a-49b8-8419-ad6a67716254:192.168.5.131:36449], old=null
2019-10-15 03:19:05,309 [pool-27-thread-1] INFO  impl.RaftServerImpl (RaftServerImpl.java:setRole(184)) - f33cd6fc-8ced-446f-8d55-94c77b4ccaf0@group-4CF04C12C6E5: changes role from      null to FOLLOWER at term 0 for startAsFollower
2019-10-15 03:19:05,309 [pool-27-thread-1] INFO  impl.RoleInfo (RoleInfo.java:updateAndGet(143)) - f33cd6fc-8ced-446f-8d55-94c77b4ccaf0: start FollowerState
2019-10-15 03:19:05,309 [pool-47-thread-1] INFO  impl.RaftServerImpl (RaftServerImpl.java:start(195)) - 12a42f98-880a-49b8-8419-ad6a67716254@group-4CF04C12C6E5: start as a follower, conf=-1: [f33cd6fc-8ced-446f-8d55-94c77b4ccaf0:192.168.5.131:33921, 7d741aae-27f8-4285-96eb-ab6c1983d5cf:192.168.5.131:44604, 12a42f98-880a-49b8-8419-ad6a67716254:192.168.5.131:36449], old=null
2019-10-15 03:19:05,310 [pool-37-thread-1] INFO  impl.RaftServerImpl (RaftServerImpl.java:start(195)) - 7d741aae-27f8-4285-96eb-ab6c1983d5cf@group-4CF04C12C6E5: start as a follower, conf=-1: [f33cd6fc-8ced-446f-8d55-94c77b4ccaf0:192.168.5.131:33921, 7d741aae-27f8-4285-96eb-ab6c1983d5cf:192.168.5.131:44604, 12a42f98-880a-49b8-8419-ad6a67716254:192.168.5.131:36449], old=null
2019-10-15 03:19:05,310 [pool-47-thread-1] INFO  impl.RaftServerImpl (RaftServerImpl.java:setRole(184)) - 12a42f98-880a-49b8-8419-ad6a67716254@group-4CF04C12C6E5: changes role from      null to FOLLOWER at term 0 for startAsFollower
2019-10-15 03:19:05,310 [pool-37-thread-1] INFO  impl.RaftServerImpl (RaftServerImpl.java:setRole(184)) - 7d741aae-27f8-4285-96eb-ab6c1983d5cf@group-4CF04C12C6E5: changes role from      null to FOLLOWER at term 0 for startAsFollower
2019-10-15 03:19:05,310 [pool-47-thread-1] INFO  impl.RoleInfo (RoleInfo.java:updateAndGet(143)) - 12a42f98-880a-49b8-8419-ad6a67716254: start FollowerState
2019-10-15 03:19:05,310 [pool-27-thread-1] INFO  util.JmxRegister (JmxRegister.java:tryRegister(44)) - Successfully registered JMX Bean with object name Ratis:service=RaftServer,group=group-4CF04C12C6E5,id=f33cd6fc-8ced-446f-8d55-94c77b4ccaf0
2019-10-15 03:19:05,310 [pool-37-thread-1] INFO  impl.RoleInfo (RoleInfo.java:updateAndGet(143)) - 7d741aae-27f8-4285-96eb-ab6c1983d5cf: start FollowerState
2019-10-15 03:19:05,310 [pool-47-thread-1] INFO  util.JmxRegister (JmxRegister.java:tryRegister(44)) - Successfully registered JMX Bean with object name Ratis:service=RaftServer,group=group-4CF04C12C6E5,id=12a42f98-880a-49b8-8419-ad6a67716254
2019-10-15 03:19:05,310 [pool-37-thread-1] INFO  util.JmxRegister (JmxRegister.java:tryRegister(44)) - Successfully registered JMX Bean with object name Ratis:service=RaftServer,group=group-4CF04C12C6E5,id=7d741aae-27f8-4285-96eb-ab6c1983d5cf
2019-10-15 03:19:05,321 [Thread-301] INFO  impl.FollowerState (FollowerState.java:run(108)) - 7d741aae-27f8-4285-96eb-ab6c1983d5cf@group-4CF04C12C6E5-FollowerState: change to CANDIDATE, lastRpcTime:10ms, electionTimeout:10ms
2019-10-15 03:19:05,321 [Thread-301] INFO  impl.RoleInfo (RoleInfo.java:shutdownFollowerState(121)) - 7d741aae-27f8-4285-96eb-ab6c1983d5cf: shutdown FollowerState
2019-10-15 03:19:05,321 [Thread-301] INFO  impl.RaftServerImpl (RaftServerImpl.java:setRole(184)) - 7d741aae-27f8-4285-96eb-ab6c1983d5cf@group-4CF04C12C6E5: changes role from  FOLLOWER to CANDIDATE at term 0 for changeToCandidate
2019-10-15 03:19:05,321 [Thread-301] INFO  impl.RoleInfo (RoleInfo.java:updateAndGet(143)) - 7d741aae-27f8-4285-96eb-ab6c1983d5cf: start LeaderElection
2019-10-15 03:19:05,326 [RatisPipelineUtilsThread] INFO  pipeline.PipelineStateManager (PipelineStateManager.java:addPipeline(56)) - Created pipeline Pipeline[ Id: 263fb315-29b1-4742-bae6-4cf04c12c6e5, Nodes: 12a42f98-880a-49b8-8419-ad6a67716254{ip: 192.168.5.131, host: pr-hdds-2305-c92ks-1629580955, networkLocation: /default-rack, certSerialId: null}f33cd6fc-8ced-446f-8d55-94c77b4ccaf0{ip: 192.168.5.131, host: pr-hdds-2305-c92ks-1629580955, networkLocation: /default-rack, certSerialId: null}7d741aae-27f8-4285-96eb-ab6c1983d5cf{ip: 192.168.5.131, host: pr-hdds-2305-c92ks-1629580955, networkLocation: /default-rack, certSerialId: null}, Type:RATIS, Factor:THREE, State:OPEN]
2019-10-15 03:19:05,332 [Thread-296] INFO  impl.FollowerState (FollowerState.java:run(108)) - 742c26a8-c271-430a-a05a-c8bba3fa6d96@group-5FF82F29B6C0-FollowerState: change to CANDIDATE, lastRpcTime:29ms, electionTimeout:26ms
2019-10-15 03:19:05,332 [Thread-296] INFO  impl.RoleInfo (RoleInfo.java:shutdownFollowerState(121)) - 742c26a8-c271-430a-a05a-c8bba3fa6d96: shutdown FollowerState
2019-10-15 03:19:05,332 [Thread-296] INFO  impl.RaftServerImpl (RaftServerImpl.java:setRole(184)) - 742c26a8-c271-430a-a05a-c8bba3fa6d96@group-5FF82F29B6C0: changes role from  FOLLOWER to CANDIDATE at term 1 for changeToCandidate
2019-10-15 03:19:05,332 [Thread-296] INFO  impl.RoleInfo (RoleInfo.java:updateAndGet(143)) - 742c26a8-c271-430a-a05a-c8bba3fa6d96: start LeaderElection
2019-10-15 03:19:05,345 [Thread-298] INFO  impl.FollowerState (FollowerState.java:run(108)) - a910346c-1ee2-4cdc-a6d8-644a3a4f0b7f@group-5FF82F29B6C0-FollowerState: change to CANDIDATE, lastRpcTime:37ms, electionTimeout:36ms
2019-10-15 03:19:05,346 [Thread-298] INFO  impl.RoleInfo (RoleInfo.java:shutdownFollowerState(121)) - a910346c-1ee2-4cdc-a6d8-644a3a4f0b7f: shutdown FollowerState
2019-10-15 03:19:05,346 [Thread-298] INFO  impl.RaftServerImpl (RaftServerImpl.java:setRole(184)) - a910346c-1ee2-4cdc-a6d8-644a3a4f0b7f@group-5FF82F29B6C0: changes role from  FOLLOWER to CANDIDATE at term 1 for changeToCandidate
2019-10-15 03:19:05,346 [Thread-298] INFO  impl.RoleInfo (RoleInfo.java:updateAndGet(143)) - a910346c-1ee2-4cdc-a6d8-644a3a4f0b7f: start LeaderElection
2019-10-15 03:19:05,357 [742c26a8-c271-430a-a05a-c8bba3fa6d96@group-5FF82F29B6C0-LeaderElection12] INFO  impl.LeaderElection (LeaderElection.java:askForVotes(178)) - 742c26a8-c271-430a-a05a-c8bba3fa6d96@group-5FF82F29B6C0-LeaderElection12: begin an election at term 2 for -1: [4c6a16c4-95d2-4ef7-9fc0-4f57ccbd9967:192.168.5.131:39112, 742c26a8-c271-430a-a05a-c8bba3fa6d96:192.168.5.131:42235, a910346c-1ee2-4cdc-a6d8-644a3a4f0b7f:192.168.5.131:38193], old=null
2019-10-15 03:19:05,357 [7d741aae-27f8-4285-96eb-ab6c1983d5cf@group-4CF04C12C6E5-LeaderElection11] INFO  impl.LeaderElection (LeaderElection.java:askForVotes(178)) - 7d741aae-27f8-4285-96eb-ab6c1983d5cf@group-4CF04C12C6E5-LeaderElection11: begin an election at term 1 for -1: [f33cd6fc-8ced-446f-8d55-94c77b4ccaf0:192.168.5.131:33921, 7d741aae-27f8-4285-96eb-ab6c1983d5cf:192.168.5.131:44604, 12a42f98-880a-49b8-8419-ad6a67716254:192.168.5.131:36449], old=null
2019-10-15 03:19:05,358 [Thread-300] INFO  impl.FollowerState (FollowerState.java:run(108)) - 12a42f98-880a-49b8-8419-ad6a67716254@group-4CF04C12C6E5-FollowerState: change to CANDIDATE, lastRpcTime:48ms, electionTimeout:48ms
2019-10-15 03:19:05,364 [a910346c-1ee2-4cdc-a6d8-644a3a4f0b7f@group-5FF82F29B6C0-LeaderElection13] INFO  impl.LeaderElection (LeaderElection.java:askForVotes(178)) - a910346c-1ee2-4cdc-a6d8-644a3a4f0b7f@group-5FF82F29B6C0-LeaderElection13: begin an election at term 2 for -1: [4c6a16c4-95d2-4ef7-9fc0-4f57ccbd9967:192.168.5.131:39112, 742c26a8-c271-430a-a05a-c8bba3fa6d96:192.168.5.131:42235, a910346c-1ee2-4cdc-a6d8-644a3a4f0b7f:192.168.5.131:38193], old=null
2019-10-15 03:19:05,364 [Thread-300] INFO  impl.RoleInfo (RoleInfo.java:shutdownFollowerState(121)) - 12a42f98-880a-49b8-8419-ad6a67716254: shutdown FollowerState
2019-10-15 03:19:05,364 [Thread-300] INFO  impl.RaftServerImpl (RaftServerImpl.java:setRole(184)) - 12a42f98-880a-49b8-8419-ad6a67716254@group-4CF04C12C6E5: changes role from  FOLLOWER to CANDIDATE at term 0 for changeToCandidate
2019-10-15 03:19:05,366 [Thread-300] INFO  impl.RoleInfo (RoleInfo.java:updateAndGet(143)) - 12a42f98-880a-49b8-8419-ad6a67716254: start LeaderElection
2019-10-15 03:19:05,377 [742c26a8-c271-430a-a05a-c8bba3fa6d96@group-5FF82F29B6C0-LeaderElection12] INFO  impl.LeaderElection (LeaderElection.java:logAndReturn(56)) - 742c26a8-c271-430a-a05a-c8bba3fa6d96@group-5FF82F29B6C0-LeaderElection12: Election TIMEOUT; received 0 response(s) [] and 0 exception(s); 742c26a8-c271-430a-a05a-c8bba3fa6d96@group-5FF82F29B6C0:t2, leader=null, voted=742c26a8-c271-430a-a05a-c8bba3fa6d96, raftlog=742c26a8-c271-430a-a05a-c8bba3fa6d96@group-5FF82F29B6C0-SegmentedRaftLog:OPENED:c-1,f-1,i0, conf=-1: [4c6a16c4-95d2-4ef7-9fc0-4f57ccbd9967:192.168.5.131:39112, 742c26a8-c271-430a-a05a-c8bba3fa6d96:192.168.5.131:42235, a910346c-1ee2-4cdc-a6d8-644a3a4f0b7f:192.168.5.131:38193], old=null
2019-10-15 03:19:05,379 [grpc-default-executor-1] INFO  impl.RaftServerImpl (RaftServerImpl.java:setRole(184)) - 4c6a16c4-95d2-4ef7-9fc0-4f57ccbd9967@group-5FF82F29B6C0: changes role from  FOLLOWER to FOLLOWER at term 2 for recognizeCandidate:742c26a8-c271-430a-a05a-c8bba3fa6d96
2019-10-15 03:19:05,380 [grpc-default-executor-1] INFO  impl.RoleInfo (RoleInfo.java:shutdownFollowerState(121)) - 4c6a16c4-95d2-4ef7-9fc0-4f57ccbd9967: shutdown FollowerState
2019-10-15 03:19:05,382 [grpc-default-executor-1] INFO  impl.RoleInfo (RoleInfo.java:updateAndGet(143)) - 4c6a16c4-95d2-4ef7-9fc0-4f57ccbd9967: start FollowerState
2019-10-15 03:19:05,382 [Thread-297] INFO  impl.FollowerState (FollowerState.java:run(117)) - 4c6a16c4-95d2-4ef7-9fc0-4f57ccbd9967@group-5FF82F29B6C0-FollowerState was interrupted: java.lang.InterruptedException: sleep interrupted
2019-10-15 03:19:05,385 [12a42f98-880a-49b8-8419-ad6a67716254@group-4CF04C12C6E5-LeaderElection14] INFO  impl.LeaderElection (LeaderElection.java:askForVotes(178)) - 12a42f98-880a-49b8-8419-ad6a67716254@group-4CF04C12C6E5-LeaderElection14: begin an election at term 1 for -1: [f33cd6fc-8ced-446f-8d55-94c77b4ccaf0:192.168.5.131:33921, 7d741aae-27f8-4285-96eb-ab6c1983d5cf:192.168.5.131:44604, 12a42f98-880a-49b8-8419-ad6a67716254:192.168.5.131:36449], old=null
2019-10-15 03:19:05,385 [742c26a8-c271-430a-a05a-c8bba3fa6d96@group-5FF82F29B6C0-LeaderElection12] INFO  impl.LeaderElection (LeaderElection.java:askForVotes(178)) - 742c26a8-c271-430a-a05a-c8bba3fa6d96@group-5FF82F29B6C0-LeaderElection12: begin an election at term 3 for -1: [4c6a16c4-95d2-4ef7-9fc0-4f57ccbd9967:192.168.5.131:39112, 742c26a8-c271-430a-a05a-c8bba3fa6d96:192.168.5.131:42235, a910346c-1ee2-4cdc-a6d8-644a3a4f0b7f:192.168.5.131:38193], old=null
2019-10-15 03:19:05,391 [a910346c-1ee2-4cdc-a6d8-644a3a4f0b7f@group-5FF82F29B6C0-LeaderElection13] INFO  impl.LeaderElection (LeaderElection.java:logAndReturn(56)) - a910346c-1ee2-4cdc-a6d8-644a3a4f0b7f@group-5FF82F29B6C0-LeaderElection13: Election DISCOVERED_A_NEW_TERM; received 1 response(s) [a910346c-1ee2-4cdc-a6d8-644a3a4f0b7f<-742c26a8-c271-430a-a05a-c8bba3fa6d96#0:FAIL-t3] and 0 exception(s); a910346c-1ee2-4cdc-a6d8-644a3a4f0b7f@group-5FF82F29B6C0:t2, leader=null, voted=a910346c-1ee2-4cdc-a6d8-644a3a4f0b7f, raftlog=a910346c-1ee2-4cdc-a6d8-644a3a4f0b7f@group-5FF82F29B6C0-SegmentedRaftLog:OPENED:c-1,f-1,i0, conf=-1: [4c6a16c4-95d2-4ef7-9fc0-4f57ccbd9967:192.168.5.131:39112, 742c26a8-c271-430a-a05a-c8bba3fa6d96:192.168.5.131:42235, a910346c-1ee2-4cdc-a6d8-644a3a4f0b7f:192.168.5.131:38193], old=null
2019-10-15 03:19:05,392 [a910346c-1ee2-4cdc-a6d8-644a3a4f0b7f@group-5FF82F29B6C0-LeaderElection13] INFO  impl.RaftServerImpl (RaftServerImpl.java:setRole(184)) - a910346c-1ee2-4cdc-a6d8-644a3a4f0b7f@group-5FF82F29B6C0: changes role from CANDIDATE to FOLLOWER at term 3 for DISCOVERED_A_NEW_TERM
2019-10-15 03:19:05,396 [a910346c-1ee2-4cdc-a6d8-644a3a4f0b7f@group-5FF82F29B6C0-LeaderElection13] INFO  impl.RoleInfo (RoleInfo.java:shutdownLeaderElection(134)) - a910346c-1ee2-4cdc-a6d8-644a3a4f0b7f: shutdown LeaderElection
2019-10-15 03:19:05,396 [742c26a8-c271-430a-a05a-c8bba3fa6d96@group-5FF82F29B6C0-LeaderElection12] INFO  impl.LeaderElection (LeaderElection.java:logAndReturn(56)) - 742c26a8-c271-430a-a05a-c8bba3fa6d96@group-5FF82F29B6C0-LeaderElection12: Election TIMEOUT; received 0 response(s) [] and 0 exception(s); 742c26a8-c271-430a-a05a-c8bba3fa6d96@group-5FF82F29B6C0:t3, leader=null, voted=742c26a8-c271-430a-a05a-c8bba3fa6d96, raftlog=742c26a8-c271-430a-a05a-c8bba3fa6d96@group-5FF82F29B6C0-SegmentedRaftLog:OPENED:c-1,f-1,i0, conf=-1: [4c6a16c4-95d2-4ef7-9fc0-4f57ccbd9967:192.168.5.131:39112, 742c26a8-c271-430a-a05a-c8bba3fa6d96:192.168.5.131:42235, a910346c-1ee2-4cdc-a6d8-644a3a4f0b7f:192.168.5.131:38193], old=null
2019-10-15 03:19:05,406 [a910346c-1ee2-4cdc-a6d8-644a3a4f0b7f@group-5FF82F29B6C0-LeaderElection13] INFO  impl.RoleInfo (RoleInfo.java:updateAndGet(143)) - a910346c-1ee2-4cdc-a6d8-644a3a4f0b7f: start FollowerState
2019-10-15 03:19:05,414 [grpc-default-executor-3] INFO  impl.RaftServerImpl (RaftServerImpl.java:setRole(184)) - f33cd6fc-8ced-446f-8d55-94c77b4ccaf0@group-4CF04C12C6E5: changes role from  FOLLOWER to FOLLOWER at term 1 for recognizeCandidate:7d741aae-27f8-4285-96eb-ab6c1983d5cf
2019-10-15 03:19:05,416 [grpc-default-executor-3] INFO  impl.RoleInfo (RoleInfo.java:shutdownFollowerState(121)) - f33cd6fc-8ced-446f-8d55-94c77b4ccaf0: shutdown FollowerState
2019-10-15 03:19:05,418 [grpc-default-executor-3] INFO  impl.RoleInfo (RoleInfo.java:updateAndGet(143)) - f33cd6fc-8ced-446f-8d55-94c77b4ccaf0: start FollowerState
2019-10-15 03:19:05,418 [Thread-299] INFO  impl.FollowerState (FollowerState.java:run(117)) - f33cd6fc-8ced-446f-8d55-94c77b4ccaf0@group-4CF04C12C6E5-FollowerState was interrupted: java.lang.InterruptedException: sleep interrupted
2019-10-15 03:19:05,431 [7d741aae-27f8-4285-96eb-ab6c1983d5cf@group-4CF04C12C6E5-LeaderElection11] INFO  impl.LeaderElection (LeaderElection.java:logAndReturn(56)) - 7d741aae-27f8-4285-96eb-ab6c1983d5cf@group-4CF04C12C6E5-LeaderElection11: Election TIMEOUT; received 0 response(s) [] and 0 exception(s); 7d741aae-27f8-4285-96eb-ab6c1983d5cf@group-4CF04C12C6E5:t1, leader=null, voted=7d741aae-27f8-4285-96eb-ab6c1983d5cf, raftlog=7d741aae-27f8-4285-96eb-ab6c1983d5cf@group-4CF04C12C6E5-SegmentedRaftLog:OPENED:c-1,f-1,i0, conf=-1: [f33cd6fc-8ced-446f-8d55-94c77b4ccaf0:192.168.5.131:33921, 7d741aae-27f8-4285-96eb-ab6c1983d5cf:192.168.5.131:44604, 12a42f98-880a-49b8-8419-ad6a67716254:192.168.5.131:36449], old=null
2019-10-15 03:19:05,431 [742c26a8-c271-430a-a05a-c8bba3fa6d96@group-5FF82F29B6C0-LeaderElection12] INFO  impl.LeaderElection (LeaderElection.java:askForVotes(178)) - 742c26a8-c271-430a-a05a-c8bba3fa6d96@group-5FF82F29B6C0-LeaderElection12: begin an election at term 4 for -1: [4c6a16c4-95d2-4ef7-9fc0-4f57ccbd9967:192.168.5.131:39112, 742c26a8-c271-430a-a05a-c8bba3fa6d96:192.168.5.131:42235, a910346c-1ee2-4cdc-a6d8-644a3a4f0b7f:192.168.5.131:38193], old=null
2019-10-15 03:19:05,434 [grpc-default-executor-0] INFO  impl.RaftServerImpl (RaftServerImpl.java:setRole(184)) - 4c6a16c4-95d2-4ef7-9fc0-4f57ccbd9967@group-5FF82F29B6C0: changes role from  FOLLOWER to FOLLOWER at term 3 for recognizeCandidate:742c26a8-c271-430a-a05a-c8bba3fa6d96
2019-10-15 03:19:05,435 [grpc-default-executor-5] INFO  impl.RaftServerImpl (RaftServerImpl.java:setRole(184)) - a910346c-1ee2-4cdc-a6d8-644a3a4f0b7f@group-5FF82F29B6C0: changes role from  FOLLOWER to FOLLOWER at term 3 for recognizeCandidate:742c26a8-c271-430a-a05a-c8bba3fa6d96
2019-10-15 03:19:05,435 [grpc-default-executor-0] INFO  impl.RoleInfo (RoleInfo.java:shutdownFollowerState(121)) - 4c6a16c4-95d2-4ef7-9fc0-4f57ccbd9967: shutdown FollowerState
2019-10-15 03:19:05,435 [grpc-default-executor-5] INFO  impl.RoleInfo (RoleInfo.java:shutdownFollowerState(121)) - a910346c-1ee2-4cdc-a6d8-644a3a4f0b7f: shutdown FollowerState
2019-10-15 03:19:05,435 [grpc-default-executor-0] INFO  impl.RoleInfo (RoleInfo.java:updateAndGet(143)) - 4c6a16c4-95d2-4ef7-9fc0-4f57ccbd9967: start FollowerState
2019-10-15 03:19:05,436 [Thread-320] INFO  impl.FollowerState (FollowerState.java:run(117)) - a910346c-1ee2-4cdc-a6d8-644a3a4f0b7f@group-5FF82F29B6C0-FollowerState was interrupted: java.lang.InterruptedException: sleep interrupted
2019-10-15 03:19:05,436 [grpc-default-executor-5] INFO  impl.RoleInfo (RoleInfo.java:updateAndGet(143)) - a910346c-1ee2-4cdc-a6d8-644a3a4f0b7f: start FollowerState
2019-10-15 03:19:05,435 [Thread-315] INFO  impl.FollowerState (FollowerState.java:run(117)) - 4c6a16c4-95d2-4ef7-9fc0-4f57ccbd9967@group-5FF82F29B6C0-FollowerState was interrupted: java.lang.InterruptedException: sleep interrupted
2019-10-15 03:19:05,459 [7d741aae-27f8-4285-96eb-ab6c1983d5cf@group-4CF04C12C6E5-LeaderElection11] INFO  impl.LeaderElection (LeaderElection.java:askForVotes(178)) - 7d741aae-27f8-4285-96eb-ab6c1983d5cf@group-4CF04C12C6E5-LeaderElection11: begin an election at term 2 for -1: [f33cd6fc-8ced-446f-8d55-94c77b4ccaf0:192.168.5.131:33921, 7d741aae-27f8-4285-96eb-ab6c1983d5cf:192.168.5.131:44604, 12a42f98-880a-49b8-8419-ad6a67716254:192.168.5.131:36449], old=null
2019-10-15 03:19:05,459 [Thread-321] INFO  impl.FollowerState (FollowerState.java:run(108)) - f33cd6fc-8ced-446f-8d55-94c77b4ccaf0@group-4CF04C12C6E5-FollowerState: change to CANDIDATE, lastRpcTime:40ms, electionTimeout:29ms
2019-10-15 03:19:05,459 [grpc-default-executor-7] INFO  impl.RaftServerImpl (RaftServerImpl.java:setRole(184)) - 4c6a16c4-95d2-4ef7-9fc0-4f57ccbd9967@group-5FF82F29B6C0: changes role from  FOLLOWER to FOLLOWER at term 4 for recognizeCandidate:742c26a8-c271-430a-a05a-c8bba3fa6d96
2019-10-15 03:19:05,459 [Thread-321] INFO  impl.RoleInfo (RoleInfo.java:shutdownFollowerState(121)) - f33cd6fc-8ced-446f-8d55-94c77b4ccaf0: shutdown FollowerState
2019-10-15 03:19:05,459 [grpc-default-executor-7] INFO  impl.RoleInfo (RoleInfo.java:shutdownFollowerState(121)) - 4c6a16c4-95d2-4ef7-9fc0-4f57ccbd9967: shutdown FollowerState
2019-10-15 03:19:05,460 [Thread-321] INFO  impl.RaftServerImpl (RaftServerImpl.java:setRole(184)) - f33cd6fc-8ced-446f-8d55-94c77b4ccaf0@group-4CF04C12C6E5: changes role from  FOLLOWER to CANDIDATE at term 1 for changeToCandidate
2019-10-15 03:19:05,460 [grpc-default-executor-7] INFO  impl.RoleInfo (RoleInfo.java:updateAndGet(143)) - 4c6a16c4-95d2-4ef7-9fc0-4f57ccbd9967: start FollowerState
2019-10-15 03:19:05,545 [Thread-321] INFO  impl.RoleInfo (RoleInfo.java:updateAndGet(143)) - f33cd6fc-8ced-446f-8d55-94c77b4ccaf0: start LeaderElection
2019-10-15 03:19:05,536 [7d741aae-27f8-4285-96eb-ab6c1983d5cf@group-4CF04C12C6E5-LeaderElection11] INFO  impl.LeaderElection (LeaderElection.java:logAndReturn(56)) - 7d741aae-27f8-4285-96eb-ab6c1983d5cf@group-4CF04C12C6E5-LeaderElection11: Election TIMEOUT; received 0 response(s) [] and 0 exception(s); 7d741aae-27f8-4285-96eb-ab6c1983d5cf@group-4CF04C12C6E5:t2, leader=null, voted=7d741aae-27f8-4285-96eb-ab6c1983d5cf, raftlog=7d741aae-27f8-4285-96eb-ab6c1983d5cf@group-4CF04C12C6E5-SegmentedRaftLog:OPENED:c-1,f-1,i0, conf=-1: [f33cd6fc-8ced-446f-8d55-94c77b4ccaf0:192.168.5.131:33921, 7d741aae-27f8-4285-96eb-ab6c1983d5cf:192.168.5.131:44604, 12a42f98-880a-49b8-8419-ad6a67716254:192.168.5.131:36449], old=null
2019-10-15 03:19:05,460 [Thread-324] INFO  impl.FollowerState (FollowerState.java:run(117)) - 4c6a16c4-95d2-4ef7-9fc0-4f57ccbd9967@group-5FF82F29B6C0-FollowerState was interrupted: java.lang.InterruptedException: sleep interrupted
2019-10-15 03:19:05,546 [Thread-325] INFO  impl.FollowerState (FollowerState.java:run(108)) - a910346c-1ee2-4cdc-a6d8-644a3a4f0b7f@group-5FF82F29B6C0-FollowerState: change to CANDIDATE, lastRpcTime:110ms, electionTimeout:101ms
2019-10-15 03:19:05,546 [12a42f98-880a-49b8-8419-ad6a67716254@group-4CF04C12C6E5-LeaderElection14] INFO  impl.LeaderElection (LeaderElection.java:logAndReturn(56)) - 12a42f98-880a-49b8-8419-ad6a67716254@group-4CF04C12C6E5-LeaderElection14: Election TIMEOUT; received 0 response(s) [] and 0 exception(s); 12a42f98-880a-49b8-8419-ad6a67716254@group-4CF04C12C6E5:t1, leader=null, voted=12a42f98-880a-49b8-8419-ad6a67716254, raftlog=12a42f98-880a-49b8-8419-ad6a67716254@group-4CF04C12C6E5-SegmentedRaftLog:OPENED:c-1,f-1,i0, conf=-1: [f33cd6fc-8ced-446f-8d55-94c77b4ccaf0:192.168.5.131:33921, 7d741aae-27f8-4285-96eb-ab6c1983d5cf:192.168.5.131:44604, 12a42f98-880a-49b8-8419-ad6a67716254:192.168.5.131:36449], old=null
2019-10-15 03:19:05,564 [Thread-325] INFO  impl.RoleInfo (RoleInfo.java:shutdownFollowerState(121)) - a910346c-1ee2-4cdc-a6d8-644a3a4f0b7f: shutdown FollowerState
2019-10-15 03:19:05,573 [Thread-325] INFO  impl.RaftServerImpl (RaftServerImpl.java:setRole(184)) - a910346c-1ee2-4cdc-a6d8-644a3a4f0b7f@group-5FF82F29B6C0: changes role from  FOLLOWER to CANDIDATE at term 3 for changeToCandidate
2019-10-15 03:19:05,573 [Thread-325] INFO  impl.RoleInfo (RoleInfo.java:updateAndGet(143)) - a910346c-1ee2-4cdc-a6d8-644a3a4f0b7f: start LeaderElection
2019-10-15 03:19:05,573 [grpc-default-executor-4] INFO  impl.RaftServerImpl (RaftServerImpl.java:setRole(184)) - a910346c-1ee2-4cdc-a6d8-644a3a4f0b7f@group-5FF82F29B6C0: changes role from CANDIDATE to FOLLOWER at term 4 for recognizeCandidate:742c26a8-c271-430a-a05a-c8bba3fa6d96
2019-10-15 03:19:05,576 [grpc-default-executor-4] INFO  impl.RoleInfo (RoleInfo.java:shutdownLeaderElection(134)) - a910346c-1ee2-4cdc-a6d8-644a3a4f0b7f: shutdown LeaderElection
2019-10-15 03:19:05,576 [grpc-default-executor-4] INFO  impl.RoleInfo (RoleInfo.java:updateAndGet(143)) - a910346c-1ee2-4cdc-a6d8-644a3a4f0b7f: start FollowerState
2019-10-15 03:19:05,583 [Thread-328] INFO  impl.FollowerState (FollowerState.java:run(108)) - 4c6a16c4-95d2-4ef7-9fc0-4f57ccbd9967@group-5FF82F29B6C0-FollowerState: change to CANDIDATE, lastRpcTime:122ms, electionTimeout:37ms
2019-10-15 03:19:05,583 [Thread-328] INFO  impl.RoleInfo (RoleInfo.java:shutdownFollowerState(121)) - 4c6a16c4-95d2-4ef7-9fc0-4f57ccbd9967: shutdown FollowerState
2019-10-15 03:19:05,583 [Thread-328] INFO  impl.RaftServerImpl (RaftServerImpl.java:setRole(184)) - 4c6a16c4-95d2-4ef7-9fc0-4f57ccbd9967@group-5FF82F29B6C0: changes role from  FOLLOWER to CANDIDATE at term 4 for changeToCandidate
2019-10-15 03:19:05,583 [Thread-328] INFO  impl.RoleInfo (RoleInfo.java:updateAndGet(143)) - 4c6a16c4-95d2-4ef7-9fc0-4f57ccbd9967: start LeaderElection
2019-10-15 03:19:05,586 [742c26a8-c271-430a-a05a-c8bba3fa6d96@group-5FF82F29B6C0-LeaderElection12] INFO  impl.LeaderElection (LeaderElection.java:logAndReturn(56)) - 742c26a8-c271-430a-a05a-c8bba3fa6d96@group-5FF82F29B6C0-LeaderElection12: Election PASSED; received 1 response(s) [742c26a8-c271-430a-a05a-c8bba3fa6d96<-4c6a16c4-95d2-4ef7-9fc0-4f57ccbd9967#0:OK-t4] and 0 exception(s); 742c26a8-c271-430a-a05a-c8bba3fa6d96@group-5FF82F29B6C0:t4, leader=null, voted=742c26a8-c271-430a-a05a-c8bba3fa6d96, raftlog=742c26a8-c271-430a-a05a-c8bba3fa6d96@group-5FF82F29B6C0-SegmentedRaftLog:OPENED:c-1,f-1,i0, conf=-1: [4c6a16c4-95d2-4ef7-9fc0-4f57ccbd9967:192.168.5.131:39112, 742c26a8-c271-430a-a05a-c8bba3fa6d96:192.168.5.131:42235, a910346c-1ee2-4cdc-a6d8-644a3a4f0b7f:192.168.5.131:38193], old=null
2019-10-15 03:19:05,586 [742c26a8-c271-430a-a05a-c8bba3fa6d96@group-5FF82F29B6C0-LeaderElection12] INFO  impl.RoleInfo (RoleInfo.java:shutdownLeaderElection(134)) - 742c26a8-c271-430a-a05a-c8bba3fa6d96: shutdown LeaderElection
2019-10-15 03:19:05,586 [742c26a8-c271-430a-a05a-c8bba3fa6d96@group-5FF82F29B6C0-LeaderElection12] INFO  impl.RaftServerImpl (RaftServerImpl.java:setRole(184)) - 742c26a8-c271-430a-a05a-c8bba3fa6d96@group-5FF82F29B6C0: changes role from CANDIDATE to LEADER at term 4 for changeToLeader
2019-10-15 03:19:05,586 [742c26a8-c271-430a-a05a-c8bba3fa6d96@group-5FF82F29B6C0-LeaderElection12] INFO  impl.RaftServerImpl (ServerState.java:setLeader(256)) - 742c26a8-c271-430a-a05a-c8bba3fa6d96@group-5FF82F29B6C0: change Leader from null to 742c26a8-c271-430a-a05a-c8bba3fa6d96 at term 4 for becomeLeader, leader elected after 485ms
2019-10-15 03:19:05,586 [742c26a8-c271-430a-a05a-c8bba3fa6d96@group-5FF82F29B6C0-LeaderElection12] INFO  server.RaftServerConfigKeys (ConfUtils.java:logGet(43)) - raft.server.staging.catchup.gap = 1000 (default)
2019-10-15 03:19:05,587 [742c26a8-c271-430a-a05a-c8bba3fa6d96@group-5FF82F29B6C0-LeaderElection12] INFO  server.RaftServerConfigKeys (ConfUtils.java:logGet(43)) - raft.server.rpc.sleep.time = 25ms (default)
2019-10-15 03:19:05,587 [12a42f98-880a-49b8-8419-ad6a67716254@group-4CF04C12C6E5-LeaderElection14] INFO  impl.LeaderElection (LeaderElection.java:askForVotes(178)) - 12a42f98-880a-49b8-8419-ad6a67716254@group-4CF04C12C6E5-LeaderElection14: begin an election at term 2 for -1: [f33cd6fc-8ced-446f-8d55-94c77b4ccaf0:192.168.5.131:33921, 7d741aae-27f8-4285-96eb-ab6c1983d5cf:192.168.5.131:44604, 12a42f98-880a-49b8-8419-ad6a67716254:192.168.5.131:36449], old=null
2019-10-15 03:19:05,587 [Thread-331] INFO  impl.FollowerState (FollowerState.java:run(108)) - a910346c-1ee2-4cdc-a6d8-644a3a4f0b7f@group-5FF82F29B6C0-FollowerState: change to CANDIDATE, lastRpcTime:10ms, electionTimeout:5ms
2019-10-15 03:19:05,587 [7d741aae-27f8-4285-96eb-ab6c1983d5cf@group-4CF04C12C6E5-LeaderElection11] INFO  impl.LeaderElection (LeaderElection.java:askForVotes(178)) - 7d741aae-27f8-4285-96eb-ab6c1983d5cf@group-4CF04C12C6E5-LeaderElection11: begin an election at term 3 for -1: [f33cd6fc-8ced-446f-8d55-94c77b4ccaf0:192.168.5.131:33921, 7d741aae-27f8-4285-96eb-ab6c1983d5cf:192.168.5.131:44604, 12a42f98-880a-49b8-8419-ad6a67716254:192.168.5.131:36449], old=null
2019-10-15 03:19:05,587 [f33cd6fc-8ced-446f-8d55-94c77b4ccaf0@group-4CF04C12C6E5-LeaderElection15] INFO  impl.LeaderElection (LeaderElection.java:askForVotes(178)) - f33cd6fc-8ced-446f-8d55-94c77b4ccaf0@group-4CF04C12C6E5-LeaderElection15: begin an election at term 2 for -1: [f33cd6fc-8ced-446f-8d55-94c77b4ccaf0:192.168.5.131:33921, 7d741aae-27f8-4285-96eb-ab6c1983d5cf:192.168.5.131:44604, 12a42f98-880a-49b8-8419-ad6a67716254:192.168.5.131:36449], old=null
2019-10-15 03:19:05,589 [Thread-331] INFO  impl.RoleInfo (RoleInfo.java:shutdownFollowerState(121)) - a910346c-1ee2-4cdc-a6d8-644a3a4f0b7f: shutdown FollowerState
2019-10-15 03:19:05,589 [742c26a8-c271-430a-a05a-c8bba3fa6d96@group-5FF82F29B6C0-LeaderElection12] INFO  server.RaftServerConfigKeys (ConfUtils.java:logGet(43)) - raft.server.write.element-limit = 4096 (default)
2019-10-15 03:19:05,592 [Thread-331] INFO  impl.RaftServerImpl (RaftServerImpl.java:setRole(184)) - a910346c-1ee2-4cdc-a6d8-644a3a4f0b7f@group-5FF82F29B6C0: changes role from  FOLLOWER to CANDIDATE at term 4 for changeToCandidate
2019-10-15 03:19:05,593 [742c26a8-c271-430a-a05a-c8bba3fa6d96@group-5FF82F29B6C0-LeaderElection12] INFO  server.RaftServerConfigKeys (ConfUtils.java:logGet(43)) - raft.server.watch.timeout = 10s (default)
2019-10-15 03:19:05,593 [742c26a8-c271-430a-a05a-c8bba3fa6d96@group-5FF82F29B6C0-LeaderElection12] INFO  server.RaftServerConfigKeys (ConfUtils.java:logGet(43)) - raft.server.watch.timeout.denomination = 1s (default)
2019-10-15 03:19:05,594 [Thread-331] INFO  impl.RoleInfo (RoleInfo.java:updateAndGet(143)) - a910346c-1ee2-4cdc-a6d8-644a3a4f0b7f: start LeaderElection
2019-10-15 03:19:05,595 [742c26a8-c271-430a-a05a-c8bba3fa6d96@group-5FF82F29B6C0-LeaderElection12] INFO  server.RaftServerConfigKeys (ConfUtils.java:logGet(43)) - raft.server.watch.element-limit = 65536 (default)
2019-10-15 03:19:05,600 [4c6a16c4-95d2-4ef7-9fc0-4f57ccbd9967@group-5FF82F29B6C0-LeaderElection17] INFO  impl.LeaderElection (LeaderElection.java:askForVotes(178)) - 4c6a16c4-95d2-4ef7-9fc0-4f57ccbd9967@group-5FF82F29B6C0-LeaderElection17: begin an election at term 5 for -1: [4c6a16c4-95d2-4ef7-9fc0-4f57ccbd9967:192.168.5.131:39112, 742c26a8-c271-430a-a05a-c8bba3fa6d96:192.168.5.131:42235, a910346c-1ee2-4cdc-a6d8-644a3a4f0b7f:192.168.5.131:38193], old=null
2019-10-15 03:19:05,628 [a910346c-1ee2-4cdc-a6d8-644a3a4f0b7f@group-5FF82F29B6C0-LeaderElection16] INFO  impl.LeaderElection (LeaderElection.java:askForVotes(178)) - a910346c-1ee2-4cdc-a6d8-644a3a4f0b7f@group-5FF82F29B6C0-LeaderElection16: begin an election at term 5 for -1: [4c6a16c4-95d2-4ef7-9fc0-4f57ccbd9967:192.168.5.131:39112, 742c26a8-c271-430a-a05a-c8bba3fa6d96:192.168.5.131:42235, a910346c-1ee2-4cdc-a6d8-644a3a4f0b7f:192.168.5.131:38193], old=null
2019-10-15 03:19:05,646 [a910346c-1ee2-4cdc-a6d8-644a3a4f0b7f@group-5FF82F29B6C0-LeaderElection18] INFO  impl.LeaderElection (LeaderElection.java:askForVotes(178)) - a910346c-1ee2-4cdc-a6d8-644a3a4f0b7f@group-5FF82F29B6C0-LeaderElection18: begin an election at term 6 for -1: [4c6a16c4-95d2-4ef7-9fc0-4f57ccbd9967:192.168.5.131:39112, 742c26a8-c271-430a-a05a-c8bba3fa6d96:192.168.5.131:42235, a910346c-1ee2-4cdc-a6d8-644a3a4f0b7f:192.168.5.131:38193], old=null
2019-10-15 03:19:05,646 [grpc-default-executor-1] INFO  impl.RaftServerImpl (RaftServerImpl.java:setRole(184)) - f33cd6fc-8ced-446f-8d55-94c77b4ccaf0@group-4CF04C12C6E5: changes role from CANDIDATE to FOLLOWER at term 3 for recognizeCandidate:7d741aae-27f8-4285-96eb-ab6c1983d5cf
2019-10-15 03:19:05,647 [a910346c-1ee2-4cdc-a6d8-644a3a4f0b7f@group-5FF82F29B6C0-LeaderElection16] INFO  impl.LeaderElection (LeaderElection.java:logAndReturn(56)) - a910346c-1ee2-4cdc-a6d8-644a3a4f0b7f@group-5FF82F29B6C0-LeaderElection16: Election REJECTED; received 0 response(s) [] and 0 exception(s); a910346c-1ee2-4cdc-a6d8-644a3a4f0b7f@group-5FF82F29B6C0:t6, leader=null, voted=a910346c-1ee2-4cdc-a6d8-644a3a4f0b7f, raftlog=a910346c-1ee2-4cdc-a6d8-644a3a4f0b7f@group-5FF82F29B6C0-SegmentedRaftLog:OPENED:c-1,f-1,i0, conf=-1: [4c6a16c4-95d2-4ef7-9fc0-4f57ccbd9967:192.168.5.131:39112, 742c26a8-c271-430a-a05a-c8bba3fa6d96:192.168.5.131:42235, a910346c-1ee2-4cdc-a6d8-644a3a4f0b7f:192.168.5.131:38193], old=null
2019-10-15 03:19:05,647 [grpc-default-executor-1] INFO  impl.RoleInfo (RoleInfo.java:shutdownLeaderElection(134)) - f33cd6fc-8ced-446f-8d55-94c77b4ccaf0: shutdown LeaderElection
2019-10-15 03:19:05,646 [grpc-default-executor-5] INFO  impl.RaftServerImpl (RaftServerImpl.java:setRole(184)) - 12a42f98-880a-49b8-8419-ad6a67716254@group-4CF04C12C6E5: changes role from CANDIDATE to FOLLOWER at term 3 for recognizeCandidate:7d741aae-27f8-4285-96eb-ab6c1983d5cf
2019-10-15 03:19:05,650 [grpc-default-executor-5] INFO  impl.RoleInfo (RoleInfo.java:shutdownLeaderElection(134)) - 12a42f98-880a-49b8-8419-ad6a67716254: shutdown LeaderElection
2019-10-15 03:19:05,651 [grpc-default-executor-1] INFO  impl.RoleInfo (RoleInfo.java:updateAndGet(143)) - f33cd6fc-8ced-446f-8d55-94c77b4ccaf0: start FollowerState
2019-10-15 03:19:05,651 [742c26a8-c271-430a-a05a-c8bba3fa6d96@group-5FF82F29B6C0-LeaderElection12] INFO  server.RaftServerConfigKeys (ConfUtils.java:logGet(43)) - raft.server.log.appender.snapshot.chunk.size.max = 16MB (=16777216) (default)
2019-10-15 03:19:05,651 [grpc-default-executor-5] INFO  impl.RoleInfo (RoleInfo.java:updateAndGet(143)) - 12a42f98-880a-49b8-8419-ad6a67716254: start FollowerState
2019-10-15 03:19:05,653 [742c26a8-c271-430a-a05a-c8bba3fa6d96@group-5FF82F29B6C0-LeaderElection12] INFO  server.RaftServerConfigKeys (ConfUtils.java:logGet(43)) - raft.server.log.appender.buffer.byte-limit = 33554432 (custom)
2019-10-15 03:19:05,656 [f33cd6fc-8ced-446f-8d55-94c77b4ccaf0@group-4CF04C12C6E5-LeaderElection15] INFO  impl.LeaderElection (LeaderElection.java:logAndReturn(56)) - f33cd6fc-8ced-446f-8d55-94c77b4ccaf0@group-4CF04C12C6E5-LeaderElection15: Election REJECTED; received 1 response(s) [f33cd6fc-8ced-446f-8d55-94c77b4ccaf0<-12a42f98-880a-49b8-8419-ad6a67716254#0:FAIL-t2] and 0 exception(s); f33cd6fc-8ced-446f-8d55-94c77b4ccaf0@group-4CF04C12C6E5:t3, leader=null, voted=null, raftlog=f33cd6fc-8ced-446f-8d55-94c77b4ccaf0@group-4CF04C12C6E5-SegmentedRaftLog:OPENED:c-1,f-1,i0, conf=-1: [f33cd6fc-8ced-446f-8d55-94c77b4ccaf0:192.168.5.131:33921, 7d741aae-27f8-4285-96eb-ab6c1983d5cf:192.168.5.131:44604, 12a42f98-880a-49b8-8419-ad6a67716254:192.168.5.131:36449], old=null
2019-10-15 03:19:05,656 [742c26a8-c271-430a-a05a-c8bba3fa6d96@group-5FF82F29B6C0-LeaderElection12] INFO  server.RaftServerConfigKeys (ConfUtils.java:logGet(43)) - raft.server.log.appender.buffer.element-limit = 1 (custom)
2019-10-15 03:19:05,658 [4c6a16c4-95d2-4ef7-9fc0-4f57ccbd9967@group-5FF82F29B6C0-LeaderElection17] INFO  impl.LeaderElection (LeaderElection.java:logAndReturn(56)) - 4c6a16c4-95d2-4ef7-9fc0-4f57ccbd9967@group-5FF82F29B6C0-LeaderElection17: Election DISCOVERED_A_NEW_TERM; received 1 response(s) [4c6a16c4-95d2-4ef7-9fc0-4f57ccbd9967<-a910346c-1ee2-4cdc-a6d8-644a3a4f0b7f#0:FAIL-t6] and 0 exception(s); 4c6a16c4-95d2-4ef7-9fc0-4f57ccbd9967@group-5FF82F29B6C0:t5, leader=null, voted=4c6a16c4-95d2-4ef7-9fc0-4f57ccbd9967, raftlog=4c6a16c4-95d2-4ef7-9fc0-4f57ccbd9967@group-5FF82F29B6C0-SegmentedRaftLog:OPENED:c-1,f-1,i0, conf=-1: [4c6a16c4-95d2-4ef7-9fc0-4f57ccbd9967:192.168.5.131:39112, 742c26a8-c271-430a-a05a-c8bba3fa6d96:192.168.5.131:42235, a910346c-1ee2-4cdc-a6d8-644a3a4f0b7f:192.168.5.131:38193], old=null
2019-10-15 03:19:05,660 [4c6a16c4-95d2-4ef7-9fc0-4f57ccbd9967@group-5FF82F29B6C0-LeaderElection17] INFO  impl.RaftServerImpl (RaftServerImpl.java:setRole(184)) - 4c6a16c4-95d2-4ef7-9fc0-4f57ccbd9967@group-5FF82F29B6C0: changes role from CANDIDATE to FOLLOWER at term 6 for DISCOVERED_A_NEW_TERM
2019-10-15 03:19:05,660 [4c6a16c4-95d2-4ef7-9fc0-4f57ccbd9967@group-5FF82F29B6C0-LeaderElection17] INFO  impl.RoleInfo (RoleInfo.java:shutdownLeaderElection(134)) - 4c6a16c4-95d2-4ef7-9fc0-4f57ccbd9967: shutdown LeaderElection
2019-10-15 03:19:05,666 [4c6a16c4-95d2-4ef7-9fc0-4f57ccbd9967@group-5FF82F29B6C0-LeaderElection17] INFO  impl.RoleInfo (RoleInfo.java:updateAndGet(143)) - 4c6a16c4-95d2-4ef7-9fc0-4f57ccbd9967: start FollowerState
2019-10-15 03:19:05,669 [12a42f98-880a-49b8-8419-ad6a67716254@group-4CF04C12C6E5-LeaderElection14] INFO  impl.LeaderElection (LeaderElection.java:logAndReturn(56)) - 12a42f98-880a-49b8-8419-ad6a67716254@group-4CF04C12C6E5-LeaderElection14: Election DISCOVERED_A_NEW_TERM; received 2 response(s) [12a42f98-880a-49b8-8419-ad6a67716254<-f33cd6fc-8ced-446f-8d55-94c77b4ccaf0#0:FAIL-t2, 12a42f98-880a-49b8-8419-ad6a67716254<-7d741aae-27f8-4285-96eb-ab6c1983d5cf#0:FAIL-t3] and 0 exception(s); 12a42f98-880a-49b8-8419-ad6a67716254@group-4CF04C12C6E5:t3, leader=null, voted=null, raftlog=12a42f98-880a-49b8-8419-ad6a67716254@group-4CF04C12C6E5-SegmentedRaftLog:OPENED:c-1,f-1,i0, conf=-1: [f33cd6fc-8ced-446f-8d55-94c77b4ccaf0:192.168.5.131:33921, 7d741aae-27f8-4285-96eb-ab6c1983d5cf:192.168.5.131:44604, 12a42f98-880a-49b8-8419-ad6a67716254:192.168.5.131:36449], old=null
2019-10-15 03:19:05,687 [742c26a8-c271-430a-a05a-c8bba3fa6d96@group-5FF82F29B6C0-LeaderElection12] INFO  grpc.GrpcConfigKeys$Server (ConfUtils.java:logGet(43)) - raft.grpc.server.leader.outstanding.appends.max = 128 (default)
2019-10-15 03:19:05,687 [742c26a8-c271-430a-a05a-c8bba3fa6d96@group-5FF82F29B6C0-LeaderElection12] INFO  server.RaftServerConfigKeys (ConfUtils.java:logGet(43)) - raft.server.rpc.request.timeout = 3000ms (default)
2019-10-15 03:19:05,689 [742c26a8-c271-430a-a05a-c8bba3fa6d96@group-5FF82F29B6C0-LeaderElection12] INFO  server.RaftServerConfigKeys (ConfUtils.java:logGet(43)) - raft.server.log.appender.install.snapshot.enabled = false (custom)
2019-10-15 03:19:05,689 [grpc-default-executor-4] INFO  impl.RaftServerImpl (RaftServerImpl.java:setRole(184)) - 4c6a16c4-95d2-4ef7-9fc0-4f57ccbd9967@group-5FF82F29B6C0: changes role from  FOLLOWER to FOLLOWER at term 6 for recognizeCandidate:a910346c-1ee2-4cdc-a6d8-644a3a4f0b7f
2019-10-15 03:19:05,691 [grpc-default-executor-4] INFO  impl.RoleInfo (RoleInfo.java:shutdownFollowerState(121)) - 4c6a16c4-95d2-4ef7-9fc0-4f57ccbd9967: shutdown FollowerState
2019-10-15 03:19:05,691 [grpc-default-executor-4] INFO  impl.RoleInfo (RoleInfo.java:updateAndGet(143)) - 4c6a16c4-95d2-4ef7-9fc0-4f57ccbd9967: start FollowerState
2019-10-15 03:19:05,692 [7d741aae-27f8-4285-96eb-ab6c1983d5cf@group-4CF04C12C6E5-LeaderElection11] INFO  impl.LeaderElection (LeaderElection.java:logAndReturn(56)) - 7d741aae-27f8-4285-96eb-ab6c1983d5cf@group-4CF04C12C6E5-LeaderElection11: Election REJECTED; received 2 response(s) [7d741aae-27f8-4285-96eb-ab6c1983d5cf<-f33cd6fc-8ced-446f-8d55-94c77b4ccaf0#0:FAIL-t3, 7d741aae-27f8-4285-96eb-ab6c1983d5cf<-12a42f98-880a-49b8-8419-ad6a67716254#0:FAIL-t3] and 0 exception(s); 7d741aae-27f8-4285-96eb-ab6c1983d5cf@group-4CF04C12C6E5:t3, leader=null, voted=7d741aae-27f8-4285-96eb-ab6c1983d5cf, raftlog=7d741aae-27f8-4285-96eb-ab6c1983d5cf@group-4CF04C12C6E5-SegmentedRaftLog:OPENED:c-1,f-1,i0, conf=-1: [f33cd6fc-8ced-446f-8d55-94c77b4ccaf0:192.168.5.131:33921, 7d741aae-27f8-4285-96eb-ab6c1983d5cf:192.168.5.131:44604, 12a42f98-880a-49b8-8419-ad6a67716254:192.168.5.131:36449], old=null
2019-10-15 03:19:05,692 [7d741aae-27f8-4285-96eb-ab6c1983d5cf@group-4CF04C12C6E5-LeaderElection11] INFO  impl.RaftServerImpl (RaftServerImpl.java:setRole(184)) - 7d741aae-27f8-4285-96eb-ab6c1983d5cf@group-4CF04C12C6E5: changes role from CANDIDATE to FOLLOWER at term 3 for DISCOVERED_A_NEW_TERM
2019-10-15 03:19:05,695 [7d741aae-27f8-4285-96eb-ab6c1983d5cf@group-4CF04C12C6E5-LeaderElection11] INFO  impl.RoleInfo (RoleInfo.java:shutdownLeaderElection(134)) - 7d741aae-27f8-4285-96eb-ab6c1983d5cf: shutdown LeaderElection
2019-10-15 03:19:05,695 [7d741aae-27f8-4285-96eb-ab6c1983d5cf@group-4CF04C12C6E5-LeaderElection11] INFO  impl.RoleInfo (RoleInfo.java:updateAndGet(143)) - 7d741aae-27f8-4285-96eb-ab6c1983d5cf: start FollowerState
2019-10-15 03:19:05,697 [742c26a8-c271-430a-a05a-c8bba3fa6d96@group-5FF82F29B6C0-LeaderElection12] INFO  server.RaftServerConfigKeys (ConfUtils.java:logGet(43)) - raft.server.log.appender.snapshot.chunk.size.max = 16MB (=16777216) (default)
2019-10-15 03:19:05,698 [742c26a8-c271-430a-a05a-c8bba3fa6d96@group-5FF82F29B6C0-LeaderElection12] INFO  server.RaftServerConfigKeys (ConfUtils.java:logGet(43)) - raft.server.log.appender.buffer.byte-limit = 33554432 (custom)
2019-10-15 03:19:05,699 [742c26a8-c271-430a-a05a-c8bba3fa6d96@group-5FF82F29B6C0-LeaderElection12] INFO  server.RaftServerConfigKeys (ConfUtils.java:logGet(43)) - raft.server.log.appender.buffer.element-limit = 1 (custom)
2019-10-15 03:19:05,699 [742c26a8-c271-430a-a05a-c8bba3fa6d96@group-5FF82F29B6C0-LeaderElection12] INFO  grpc.GrpcConfigKeys$Server (ConfUtils.java:logGet(43)) - raft.grpc.server.leader.outstanding.appends.max = 128 (default)
2019-10-15 03:19:05,699 [742c26a8-c271-430a-a05a-c8bba3fa6d96@group-5FF82F29B6C0-LeaderElection12] INFO  server.RaftServerConfigKeys (ConfUtils.java:logGet(43)) - raft.server.rpc.request.timeout = 3000ms (default)
2019-10-15 03:19:05,699 [742c26a8-c271-430a-a05a-c8bba3fa6d96@group-5FF82F29B6C0-LeaderElection12] INFO  server.RaftServerConfigKeys (ConfUtils.java:logGet(43)) - raft.server.log.appender.install.snapshot.enabled = false (custom)
2019-10-15 03:19:05,703 [742c26a8-c271-430a-a05a-c8bba3fa6d96@group-5FF82F29B6C0-LeaderElection12] INFO  impl.RoleInfo (RoleInfo.java:updateAndGet(143)) - 742c26a8-c271-430a-a05a-c8bba3fa6d96: start LeaderState
2019-10-15 03:19:05,704 [742c26a8-c271-430a-a05a-c8bba3fa6d96@group-5FF82F29B6C0-LeaderElection12] INFO  segmented.SegmentedRaftLogWorker (SegmentedRaftLogWorker.java:startLogSegment(385)) - 742c26a8-c271-430a-a05a-c8bba3fa6d96@group-5FF82F29B6C0-SegmentedRaftLogWorker: Starting segment from index:0
2019-10-15 03:19:05,728 [742c26a8-c271-430a-a05a-c8bba3fa6d96@group-5FF82F29B6C0-LeaderElection12] INFO  impl.RaftServerImpl (ServerState.java:setRaftConf(357)) - 742c26a8-c271-430a-a05a-c8bba3fa6d96@group-5FF82F29B6C0: set configuration 0: [4c6a16c4-95d2-4ef7-9fc0-4f57ccbd9967:192.168.5.131:39112, 742c26a8-c271-430a-a05a-c8bba3fa6d96:192.168.5.131:42235, a910346c-1ee2-4cdc-a6d8-644a3a4f0b7f:192.168.5.131:38193], old=null at 0
2019-10-15 03:19:05,729 [grpc-default-executor-6] INFO  impl.RaftServerImpl (ServerState.java:setLeader(256)) - 742c26a8-c271-430a-a05a-c8bba3fa6d96@group-5FF82F29B6C0: change Leader from 742c26a8-c271-430a-a05a-c8bba3fa6d96 to null at term 6 for updateCurrentTerm
2019-10-15 03:19:05,729 [grpc-default-executor-6] INFO  impl.RaftServerImpl (RaftServerImpl.java:setRole(184)) - 742c26a8-c271-430a-a05a-c8bba3fa6d96@group-5FF82F29B6C0: changes role from    LEADER to FOLLOWER at term 6 for recognizeCandidate:a910346c-1ee2-4cdc-a6d8-644a3a4f0b7f
2019-10-15 03:19:05,729 [grpc-default-executor-6] INFO  impl.RoleInfo (RoleInfo.java:shutdownLeaderState(104)) - 742c26a8-c271-430a-a05a-c8bba3fa6d96: shutdown LeaderState
2019-10-15 03:19:05,734 [Thread-348] INFO  impl.FollowerState (FollowerState.java:run(108)) - 12a42f98-880a-49b8-8419-ad6a67716254@group-4CF04C12C6E5-FollowerState: change to CANDIDATE, lastRpcTime:83ms, electionTimeout:80ms
2019-10-15 03:19:05,734 [Thread-348] INFO  impl.RoleInfo (RoleInfo.java:shutdownFollowerState(121)) - 12a42f98-880a-49b8-8419-ad6a67716254: shutdown FollowerState
2019-10-15 03:19:05,734 [Thread-348] INFO  impl.RaftServerImpl (RaftServerImpl.java:setRole(184)) - 12a42f98-880a-49b8-8419-ad6a67716254@group-4CF04C12C6E5: changes role from  FOLLOWER to CANDIDATE at term 3 for changeToCandidate
2019-10-15 03:19:05,734 [grpc-default-executor-6] INFO  impl.PendingRequests (PendingRequests.java:sendNotLeaderResponses(202)) - 742c26a8-c271-430a-a05a-c8bba3fa6d96@group-5FF82F29B6C0-PendingRequests: sendNotLeaderResponses
2019-10-15 03:19:05,734 [Thread-348] INFO  impl.RoleInfo (RoleInfo.java:updateAndGet(143)) - 12a42f98-880a-49b8-8419-ad6a67716254: start LeaderElection
2019-10-15 03:19:05,737 [a910346c-1ee2-4cdc-a6d8-644a3a4f0b7f@group-5FF82F29B6C0-LeaderElection18] INFO  impl.LeaderElection (LeaderElection.java:logAndReturn(56)) - a910346c-1ee2-4cdc-a6d8-644a3a4f0b7f@group-5FF82F29B6C0-LeaderElection18: Election PASSED; received 1 response(s) [a910346c-1ee2-4cdc-a6d8-644a3a4f0b7f<-4c6a16c4-95d2-4ef7-9fc0-4f57ccbd9967#0:OK-t6] and 0 exception(s); a910346c-1ee2-4cdc-a6d8-644a3a4f0b7f@group-5FF82F29B6C0:t6, leader=null, voted=a910346c-1ee2-4cdc-a6d8-644a3a4f0b7f, raftlog=a910346c-1ee2-4cdc-a6d8-644a3a4f0b7f@group-5FF82F29B6C0-SegmentedRaftLog:OPENED:c-1,f-1,i0, conf=-1: [4c6a16c4-95d2-4ef7-9fc0-4f57ccbd9967:192.168.5.131:39112, 742c26a8-c271-430a-a05a-c8bba3fa6d96:192.168.5.131:42235, a910346c-1ee2-4cdc-a6d8-644a3a4f0b7f:192.168.5.131:38193], old=null
2019-10-15 03:19:05,739 [grpc-default-executor-6] INFO  impl.RoleInfo (RoleInfo.java:updateAndGet(143)) - 742c26a8-c271-430a-a05a-c8bba3fa6d96: start FollowerState
2019-10-15 03:19:05,739 [a910346c-1ee2-4cdc-a6d8-644a3a4f0b7f@group-5FF82F29B6C0-LeaderElection18] INFO  impl.RoleInfo (RoleInfo.java:shutdownLeaderElection(134)) - a910346c-1ee2-4cdc-a6d8-644a3a4f0b7f: shutdown LeaderElection
2019-10-15 03:19:05,742 [a910346c-1ee2-4cdc-a6d8-644a3a4f0b7f@group-5FF82F29B6C0-LeaderElection18] INFO  impl.RaftServerImpl (RaftServerImpl.java:setRole(184)) - a910346c-1ee2-4cdc-a6d8-644a3a4f0b7f@group-5FF82F29B6C0: changes role from CANDIDATE to LEADER at term 6 for changeToLeader
2019-10-15 03:19:05,742 [a910346c-1ee2-4cdc-a6d8-644a3a4f0b7f@group-5FF82F29B6C0-LeaderElection18] INFO  impl.RaftServerImpl (ServerState.java:setLeader(256)) - a910346c-1ee2-4cdc-a6d8-644a3a4f0b7f@group-5FF82F29B6C0: change Leader from null to a910346c-1ee2-4cdc-a6d8-644a3a4f0b7f at term 6 for becomeLeader, leader elected after 641ms
2019-10-15 03:19:05,742 [a910346c-1ee2-4cdc-a6d8-644a3a4f0b7f@group-5FF82F29B6C0-LeaderElection18] INFO  server.RaftServerConfigKeys (ConfUtils.java:logGet(43)) - raft.server.staging.catchup.gap = 1000 (default)
2019-10-15 03:19:05,743 [a910346c-1ee2-4cdc-a6d8-644a3a4f0b7f@group-5FF82F29B6C0-LeaderElection18] INFO  server.RaftServerConfigKeys (ConfUtils.java:logGet(43)) - raft.server.rpc.sleep.time = 25ms (default)
2019-10-15 03:19:05,743 [a910346c-1ee2-4cdc-a6d8-644a3a4f0b7f@group-5FF82F29B6C0-LeaderElection18] INFO  server.RaftServerConfigKeys (ConfUtils.java:logGet(43)) - raft.server.write.element-limit = 4096 (default)
2019-10-15 03:19:05,743 [a910346c-1ee2-4cdc-a6d8-644a3a4f0b7f@group-5FF82F29B6C0-LeaderElection18] INFO  server.RaftServerConfigKeys (ConfUtils.java:logGet(43)) - raft.server.watch.timeout = 10s (default)
2019-10-15 03:19:05,743 [a910346c-1ee2-4cdc-a6d8-644a3a4f0b7f@group-5FF82F29B6C0-LeaderElection18] INFO  server.RaftServerConfigKeys (ConfUtils.java:logGet(43)) - raft.server.watch.timeout.denomination = 1s (default)
2019-10-15 03:19:05,743 [a910346c-1ee2-4cdc-a6d8-644a3a4f0b7f@group-5FF82F29B6C0-LeaderElection18] INFO  server.RaftServerConfigKeys (ConfUtils.java:logGet(43)) - raft.server.watch.element-limit = 65536 (default)
2019-10-15 03:19:05,746 [org.apache.ratis.server.impl.LogAppender$AppenderDaemon$$Lambda$444/1862658289@72388bcb] WARN  server.GrpcLogAppender (GrpcLogAppender.java:mayWait(149)) - 742c26a8-c271-430a-a05a-c8bba3fa6d96@group-5FF82F29B6C0->4c6a16c4-95d2-4ef7-9fc0-4f57ccbd9967-GrpcLogAppender: Wait interrupted by java.lang.InterruptedException
2019-10-15 03:19:05,746 [org.apache.ratis.server.impl.LogAppender$AppenderDaemon$$Lambda$444/1862658289@3ded431e] WARN  server.GrpcLogAppender (GrpcLogAppender.java:mayWait(149)) - 742c26a8-c271-430a-a05a-c8bba3fa6d96@group-5FF82F29B6C0->a910346c-1ee2-4cdc-a6d8-644a3a4f0b7f-GrpcLogAppender: Wait interrupted by java.lang.InterruptedException
2019-10-15 03:19:05,747 [Thread-347] INFO  impl.FollowerState (FollowerState.java:run(108)) - f33cd6fc-8ced-446f-8d55-94c77b4ccaf0@group-4CF04C12C6E5-FollowerState: change to CANDIDATE, lastRpcTime:96ms, electionTimeout:93ms
2019-10-15 03:19:05,747 [Thread-347] INFO  impl.RoleInfo (RoleInfo.java:shutdownFollowerState(121)) - f33cd6fc-8ced-446f-8d55-94c77b4ccaf0: shutdown FollowerState
2019-10-15 03:19:05,749 [Thread-347] INFO  impl.RaftServerImpl (RaftServerImpl.java:setRole(184)) - f33cd6fc-8ced-446f-8d55-94c77b4ccaf0@group-4CF04C12C6E5: changes role from  FOLLOWER to CANDIDATE at term 3 for changeToCandidate
2019-10-15 03:19:05,749 [Thread-347] INFO  impl.RoleInfo (RoleInfo.java:updateAndGet(143)) - f33cd6fc-8ced-446f-8d55-94c77b4ccaf0: start LeaderElection
2019-10-15 03:19:05,751 [a910346c-1ee2-4cdc-a6d8-644a3a4f0b7f@group-5FF82F29B6C0-LeaderElection18] INFO  server.RaftServerConfigKeys (ConfUtils.java:logGet(43)) - raft.server.log.appender.snapshot.chunk.size.max = 16MB (=16777216) (default)
2019-10-15 03:19:05,751 [a910346c-1ee2-4cdc-a6d8-644a3a4f0b7f@group-5FF82F29B6C0-LeaderElection18] INFO  server.RaftServerConfigKeys (ConfUtils.java:logGet(43)) - raft.server.log.appender.buffer.byte-limit = 33554432 (custom)
2019-10-15 03:19:05,751 [a910346c-1ee2-4cdc-a6d8-644a3a4f0b7f@group-5FF82F29B6C0-LeaderElection18] INFO  server.RaftServerConfigKeys (ConfUtils.java:logGet(43)) - raft.server.log.appender.buffer.element-limit = 1 (custom)
2019-10-15 03:19:05,751 [12a42f98-880a-49b8-8419-ad6a67716254@group-4CF04C12C6E5-LeaderElection19] INFO  impl.LeaderElection (LeaderElection.java:askForVotes(178)) - 12a42f98-880a-49b8-8419-ad6a67716254@group-4CF04C12C6E5-LeaderElection19: begin an election at term 4 for -1: [f33cd6fc-8ced-446f-8d55-94c77b4ccaf0:192.168.5.131:33921, 7d741aae-27f8-4285-96eb-ab6c1983d5cf:192.168.5.131:44604, 12a42f98-880a-49b8-8419-ad6a67716254:192.168.5.131:36449], old=null
2019-10-15 03:19:05,751 [742c26a8-c271-430a-a05a-c8bba3fa6d96@group-5FF82F29B6C0-SegmentedRaftLogWorker] INFO  segmented.SegmentedRaftLogWorker (SegmentedRaftLogWorker.java:execute(576)) - 742c26a8-c271-430a-a05a-c8bba3fa6d96@group-5FF82F29B6C0-SegmentedRaftLogWorker: created new log segment /workdir/hadoop-ozone/integration-test/target/test-dir/MiniOzoneClusterImpl-6ac5a409-5689-4fa3-9e5a-b652cece44be/datanode-4/data/ratis/e4bf9835-e697-42f6-b211-5ff82f29b6c0/current/log_inprogress_0
2019-10-15 03:19:05,752 [a910346c-1ee2-4cdc-a6d8-644a3a4f0b7f@group-5FF82F29B6C0-LeaderElection18] INFO  grpc.GrpcConfigKeys$Server (ConfUtils.java:logGet(43)) - raft.grpc.server.leader.outstanding.appends.max = 128 (default)
2019-10-15 03:19:05,753 [a910346c-1ee2-4cdc-a6d8-644a3a4f0b7f@group-5FF82F29B6C0-LeaderElection18] INFO  server.RaftServerConfigKeys (ConfUtils.java:logGet(43)) - raft.server.rpc.request.timeout = 3000ms (default)
2019-10-15 03:19:05,753 [a910346c-1ee2-4cdc-a6d8-644a3a4f0b7f@group-5FF82F29B6C0-LeaderElection18] INFO  server.RaftServerConfigKeys (ConfUtils.java:logGet(43)) - raft.server.log.appender.install.snapshot.enabled = false (custom)
2019-10-15 03:19:06,003 [Thread-353] INFO  impl.FollowerState (FollowerState.java:run(108)) - 7d741aae-27f8-4285-96eb-ab6c1983d5cf@group-4CF04C12C6E5-FollowerState: change to CANDIDATE, lastRpcTime:307ms, electionTimeout:173ms
2019-10-15 03:19:06,008 [f33cd6fc-8ced-446f-8d55-94c77b4ccaf0@group-4CF04C12C6E5-LeaderElection20] INFO  impl.LeaderElection (LeaderElection.java:askForVotes(178)) - f33cd6fc-8ced-446f-8d55-94c77b4ccaf0@group-4CF04C12C6E5-LeaderElection20: begin an election at term 4 for -1: [f33cd6fc-8ced-446f-8d55-94c77b4ccaf0:192.168.5.131:33921, 7d741aae-27f8-4285-96eb-ab6c1983d5cf:192.168.5.131:44604, 12a42f98-880a-49b8-8419-ad6a67716254:192.168.5.131:36449], old=null
2019-10-15 03:19:06,006 [Thread-352] INFO  impl.FollowerState (FollowerState.java:run(108)) - 4c6a16c4-95d2-4ef7-9fc0-4f57ccbd9967@group-5FF82F29B6C0-FollowerState: change to CANDIDATE, lastRpcTime:315ms, electionTimeout:113ms
2019-10-15 03:19:06,003 [12a42f98-880a-49b8-8419-ad6a67716254@group-4CF04C12C6E5-LeaderElection19] INFO  impl.LeaderElection (LeaderElection.java:logAndReturn(56)) - 12a42f98-880a-49b8-8419-ad6a67716254@group-4CF04C12C6E5-LeaderElection19: Election TIMEOUT; received 0 response(s) [] and 0 exception(s); 12a42f98-880a-49b8-8419-ad6a67716254@group-4CF04C12C6E5:t4, leader=null, voted=12a42f98-880a-49b8-8419-ad6a67716254, raftlog=12a42f98-880a-49b8-8419-ad6a67716254@group-4CF04C12C6E5-SegmentedRaftLog:OPENED:c-1,f-1,i0, conf=-1: [f33cd6fc-8ced-446f-8d55-94c77b4ccaf0:192.168.5.131:33921, 7d741aae-27f8-4285-96eb-ab6c1983d5cf:192.168.5.131:44604, 12a42f98-880a-49b8-8419-ad6a67716254:192.168.5.131:36449], old=null
2019-10-15 03:19:06,015 [Thread-352] INFO  impl.RoleInfo (RoleInfo.java:shutdownFollowerState(121)) - 4c6a16c4-95d2-4ef7-9fc0-4f57ccbd9967: shutdown FollowerState
2019-10-15 03:19:06,015 [Thread-353] INFO  impl.RoleInfo (RoleInfo.java:shutdownFollowerState(121)) - 7d741aae-27f8-4285-96eb-ab6c1983d5cf: shutdown FollowerState
2019-10-15 03:19:06,018 [Thread-352] INFO  impl.RaftServerImpl (RaftServerImpl.java:setRole(184)) - 4c6a16c4-95d2-4ef7-9fc0-4f57ccbd9967@group-5FF82F29B6C0: changes role from  FOLLOWER to CANDIDATE at term 6 for changeToCandidate
2019-10-15 03:19:06,019 [grpc-default-executor-3] INFO  server.GrpcServerProtocolService (GrpcServerProtocolService.java:onCompleted(113)) - a910346c-1ee2-4cdc-a6d8-644a3a4f0b7f: Completed APPEND_ENTRIES, lastRequest: null
2019-10-15 03:19:06,018 [Thread-353] INFO  impl.RaftServerImpl (RaftServerImpl.java:setRole(184)) - 7d741aae-27f8-4285-96eb-ab6c1983d5cf@group-4CF04C12C6E5: changes role from  FOLLOWER to CANDIDATE at term 3 for changeToCandidate
2019-10-15 03:19:06,021 [Thread-352] INFO  impl.RoleInfo (RoleInfo.java:updateAndGet(143)) - 4c6a16c4-95d2-4ef7-9fc0-4f57ccbd9967: start LeaderElection
2019-10-15 03:19:06,021 [12a42f98-880a-49b8-8419-ad6a67716254@group-4CF04C12C6E5-LeaderElection19] INFO  impl.LeaderElection (LeaderElection.java:askForVotes(178)) - 12a42f98-880a-49b8-8419-ad6a67716254@group-4CF04C12C6E5-LeaderElection19: begin an election at term 5 for -1: [f33cd6fc-8ced-446f-8d55-94c77b4ccaf0:192.168.5.131:33921, 7d741aae-27f8-4285-96eb-ab6c1983d5cf:192.168.5.131:44604, 12a42f98-880a-49b8-8419-ad6a67716254:192.168.5.131:36449], old=null
2019-10-15 03:19:06,019 [grpc-default-executor-4] INFO  server.GrpcServerProtocolService (GrpcServerProtocolService.java:onCompleted(113)) - 4c6a16c4-95d2-4ef7-9fc0-4f57ccbd9967: Completed APPEND_ENTRIES, lastRequest: null
2019-10-15 03:19:06,022 [Thread-353] INFO  impl.RoleInfo (RoleInfo.java:updateAndGet(143)) - 7d741aae-27f8-4285-96eb-ab6c1983d5cf: start LeaderElection
2019-10-15 03:19:06,027 [grpc-default-executor-6] INFO  server.GrpcLogAppender (GrpcLogAppender.java:onCompleted(308)) - 742c26a8-c271-430a-a05a-c8bba3fa6d96@group-5FF82F29B6C0->4c6a16c4-95d2-4ef7-9fc0-4f57ccbd9967-AppendLogResponseHandler: follower responses appendEntries COMPLETED
2019-10-15 03:19:06,030 [f33cd6fc-8ced-446f-8d55-94c77b4ccaf0@group-4CF04C12C6E5-LeaderElection20] INFO  impl.LeaderElection (LeaderElection.java:logAndReturn(56)) - f33cd6fc-8ced-446f-8d55-94c77b4ccaf0@group-4CF04C12C6E5-LeaderElection20: Election TIMEOUT; received 0 response(s) [] and 0 exception(s); f33cd6fc-8ced-446f-8d55-94c77b4ccaf0@group-4CF04C12C6E5:t4, leader=null, voted=f33cd6fc-8ced-446f-8d55-94c77b4ccaf0, raftlog=f33cd6fc-8ced-446f-8d55-94c77b4ccaf0@group-4CF04C12C6E5-SegmentedRaftLog:OPENED:c-1,f-1,i0, conf=-1: [f33cd6fc-8ced-446f-8d55-94c77b4ccaf0:192.168.5.131:33921, 7d741aae-27f8-4285-96eb-ab6c1983d5cf:192.168.5.131:44604, 12a42f98-880a-49b8-8419-ad6a67716254:192.168.5.131:36449], old=null
2019-10-15 03:19:06,031 [grpc-default-executor-4] INFO  server.GrpcLogAppender (GrpcLogAppender.java:onCompleted(308)) - 742c26a8-c271-430a-a05a-c8bba3fa6d96@group-5FF82F29B6C0->a910346c-1ee2-4cdc-a6d8-644a3a4f0b7f-AppendLogResponseHandler: follower responses appendEntries COMPLETED
2019-10-15 03:19:06,031 [a910346c-1ee2-4cdc-a6d8-644a3a4f0b7f@group-5FF82F29B6C0-LeaderElection18] INFO  server.RaftServerConfigKeys (ConfUtils.java:logGet(43)) - raft.server.log.appender.snapshot.chunk.size.max = 16MB (=16777216) (default)
2019-10-15 03:19:06,033 [a910346c-1ee2-4cdc-a6d8-644a3a4f0b7f@group-5FF82F29B6C0-LeaderElection18] INFO  server.RaftServerConfigKeys (ConfUtils.java:logGet(43)) - raft.server.log.appender.buffer.byte-limit = 33554432 (custom)
2019-10-15 03:19:06,033 [a910346c-1ee2-4cdc-a6d8-644a3a4f0b7f@group-5FF82F29B6C0-LeaderElection18] INFO  server.RaftServerConfigKeys (ConfUtils.java:logGet(43)) - raft.server.log.appender.buffer.element-limit = 1 (custom)
2019-10-15 03:19:06,034 [a910346c-1ee2-4cdc-a6d8-644a3a4f0b7f@group-5FF82F29B6C0-LeaderElection18] INFO  grpc.GrpcConfigKeys$Server (ConfUtils.java:logGet(43)) - raft.grpc.server.leader.outstanding.appends.max = 128 (default)
2019-10-15 03:19:06,034 [a910346c-1ee2-4cdc-a6d8-644a3a4f0b7f@group-5FF82F29B6C0-LeaderElection18] INFO  server.RaftServerConfigKeys (ConfUtils.java:logGet(43)) - raft.server.rpc.request.timeout = 3000ms (default)
2019-10-15 03:19:06,036 [a910346c-1ee2-4cdc-a6d8-644a3a4f0b7f@group-5FF82F29B6C0-LeaderElection18] INFO  server.RaftServerConfigKeys (ConfUtils.java:logGet(43)) - raft.server.log.appender.install.snapshot.enabled = false (custom)
2019-10-15 03:19:06,048 [4c6a16c4-95d2-4ef7-9fc0-4f57ccbd9967@group-5FF82F29B6C0-LeaderElection21] INFO  impl.LeaderElection (LeaderElection.java:askForVotes(178)) - 4c6a16c4-95d2-4ef7-9fc0-4f57ccbd9967@group-5FF82F29B6C0-LeaderElection21: begin an election at term 7 for -1: [4c6a16c4-95d2-4ef7-9fc0-4f57ccbd9967:192.168.5.131:39112, 742c26a8-c271-430a-a05a-c8bba3fa6d96:192.168.5.131:42235, a910346c-1ee2-4cdc-a6d8-644a3a4f0b7f:192.168.5.131:38193], old=null
2019-10-15 03:19:06,048 [f33cd6fc-8ced-446f-8d55-94c77b4ccaf0@group-4CF04C12C6E5-LeaderElection20] INFO  impl.LeaderElection (LeaderElection.java:askForVotes(178)) - f33cd6fc-8ced-446f-8d55-94c77b4ccaf0@group-4CF04C12C6E5-LeaderElection20: begin an election at term 5 for -1: [f33cd6fc-8ced-446f-8d55-94c77b4ccaf0:192.168.5.131:33921, 7d741aae-27f8-4285-96eb-ab6c1983d5cf:192.168.5.131:44604, 12a42f98-880a-49b8-8419-ad6a67716254:192.168.5.131:36449], old=null
2019-10-15 03:19:06,048 [7d741aae-27f8-4285-96eb-ab6c1983d5cf@group-4CF04C12C6E5-LeaderElection22] INFO  impl.LeaderElection (LeaderElection.java:askForVotes(178)) - 7d741aae-27f8-4285-96eb-ab6c1983d5cf@group-4CF04C12C6E5-LeaderElection22: begin an election at term 4 for -1: [f33cd6fc-8ced-446f-8d55-94c77b4ccaf0:192.168.5.131:33921, 7d741aae-27f8-4285-96eb-ab6c1983d5cf:192.168.5.131:44604, 12a42f98-880a-49b8-8419-ad6a67716254:192.168.5.131:36449], old=null
2019-10-15 03:19:06,048 [grpc-default-executor-4] INFO  impl.FollowerInfo (FollowerInfo.java:lambda$new$0(51)) - 742c26a8-c271-430a-a05a-c8bba3fa6d96@group-5FF82F29B6C0->a910346c-1ee2-4cdc-a6d8-644a3a4f0b7f: nextIndex: updateUnconditionally 0 -> 0
2019-10-15 03:19:06,051 [grpc-default-executor-5] INFO  impl.RaftServerImpl (RaftServerImpl.java:setRole(184)) - 7d741aae-27f8-4285-96eb-ab6c1983d5cf@group-4CF04C12C6E5: changes role from CANDIDATE to FOLLOWER at term 5 for recognizeCandidate:12a42f98-880a-49b8-8419-ad6a67716254
2019-10-15 03:19:06,048 [grpc-default-executor-6] INFO  impl.FollowerInfo (FollowerInfo.java:lambda$new$0(51)) - 742c26a8-c271-430a-a05a-c8bba3fa6d96@group-5FF82F29B6C0->4c6a16c4-95d2-4ef7-9fc0-4f57ccbd9967: nextIndex: updateUnconditionally 0 -> 0
2019-10-15 03:19:06,052 [grpc-default-executor-5] INFO  impl.RoleInfo (RoleInfo.java:shutdownLeaderElection(134)) - 7d741aae-27f8-4285-96eb-ab6c1983d5cf: shutdown LeaderElection
2019-10-15 03:19:06,052 [grpc-default-executor-5] INFO  impl.RoleInfo (RoleInfo.java:updateAndGet(143)) - 7d741aae-27f8-4285-96eb-ab6c1983d5cf: start FollowerState
2019-10-15 03:19:06,054 [a910346c-1ee2-4cdc-a6d8-644a3a4f0b7f@group-5FF82F29B6C0-LeaderElection18] INFO  impl.RoleInfo (RoleInfo.java:updateAndGet(143)) - a910346c-1ee2-4cdc-a6d8-644a3a4f0b7f: start LeaderState
2019-10-15 03:19:06,055 [a910346c-1ee2-4cdc-a6d8-644a3a4f0b7f@group-5FF82F29B6C0-LeaderElection18] INFO  segmented.SegmentedRaftLogWorker (SegmentedRaftLogWorker.java:startLogSegment(385)) - a910346c-1ee2-4cdc-a6d8-644a3a4f0b7f@group-5FF82F29B6C0-SegmentedRaftLogWorker: Starting segment from index:0
2019-10-15 03:19:06,055 [grpc-default-executor-7] INFO  impl.RaftServerImpl (RaftServerImpl.java:setRole(184)) - 742c26a8-c271-430a-a05a-c8bba3fa6d96@group-5FF82F29B6C0: changes role from  FOLLOWER to FOLLOWER at term 7 for recognizeCandidate:4c6a16c4-95d2-4ef7-9fc0-4f57ccbd9967
2019-10-15 03:19:06,055 [grpc-default-executor-7] INFO  impl.RoleInfo (RoleInfo.java:shutdownFollowerState(121)) - 742c26a8-c271-430a-a05a-c8bba3fa6d96: shutdown FollowerState
2019-10-15 03:19:06,055 [grpc-default-executor-7] INFO  impl.RoleInfo (RoleInfo.java:updateAndGet(143)) - 742c26a8-c271-430a-a05a-c8bba3fa6d96: start FollowerState
2019-10-15 03:19:06,056 [a910346c-1ee2-4cdc-a6d8-644a3a4f0b7f@group-5FF82F29B6C0-LeaderElection18] INFO  impl.RaftServerImpl (ServerState.java:setRaftConf(357)) - a910346c-1ee2-4cdc-a6d8-644a3a4f0b7f@group-5FF82F29B6C0: set configuration 0: [4c6a16c4-95d2-4ef7-9fc0-4f57ccbd9967:192.168.5.131:39112, 742c26a8-c271-430a-a05a-c8bba3fa6d96:192.168.5.131:42235, a910346c-1ee2-4cdc-a6d8-644a3a4f0b7f:192.168.5.131:38193], old=null at 0
2019-10-15 03:19:06,055 [Thread-356] INFO  impl.FollowerState (FollowerState.java:run(117)) - 742c26a8-c271-430a-a05a-c8bba3fa6d96@group-5FF82F29B6C0-FollowerState was interrupted: java.lang.InterruptedException: sleep interrupted
2019-10-15 03:19:06,056 [grpc-default-executor-3] INFO  impl.RaftServerImpl (ServerState.java:setLeader(256)) - a910346c-1ee2-4cdc-a6d8-644a3a4f0b7f@group-5FF82F29B6C0: change Leader from a910346c-1ee2-4cdc-a6d8-644a3a4f0b7f to null at term 7 for updateCurrentTerm
2019-10-15 03:19:06,089 [grpc-default-executor-6] INFO  impl.RaftServerImpl (RaftServerImpl.java:setRole(184)) - 7d741aae-27f8-4285-96eb-ab6c1983d5cf@group-4CF04C12C6E5: changes role from  FOLLOWER to FOLLOWER at term 5 for recognizeCandidate:f33cd6fc-8ced-446f-8d55-94c77b4ccaf0
2019-10-15 03:19:06,089 [grpc-default-executor-3] INFO  impl.RaftServerImpl (RaftServerImpl.java:setRole(184)) - a910346c-1ee2-4cdc-a6d8-644a3a4f0b7f@group-5FF82F29B6C0: changes role from    LEADER to FOLLOWER at term 7 for recognizeCandidate:4c6a16c4-95d2-4ef7-9fc0-4f57ccbd9967
2019-10-15 03:19:06,089 [grpc-default-executor-3] INFO  impl.RoleInfo (RoleInfo.java:shutdownLeaderState(104)) - a910346c-1ee2-4cdc-a6d8-644a3a4f0b7f: shutdown LeaderState
2019-10-15 03:19:06,089 [grpc-default-executor-6] INFO  impl.RoleInfo (RoleInfo.java:shutdownFollowerState(121)) - 7d741aae-27f8-4285-96eb-ab6c1983d5cf: shutdown FollowerState
2019-10-15 03:19:06,093 [grpc-default-executor-3] INFO  impl.PendingRequests (PendingRequests.java:sendNotLeaderResponses(202)) - a910346c-1ee2-4cdc-a6d8-644a3a4f0b7f@group-5FF82F29B6C0-PendingRequests: sendNotLeaderResponses
2019-10-15 03:19:06,095 [f33cd6fc-8ced-446f-8d55-94c77b4ccaf0@group-4CF04C12C6E5-LeaderElection20] INFO  impl.LeaderElection (LeaderElection.java:logAndReturn(56)) - f33cd6fc-8ced-446f-8d55-94c77b4ccaf0@group-4CF04C12C6E5-LeaderElection20: Election TIMEOUT; received 0 response(s) [] and 0 exception(s); f33cd6fc-8ced-446f-8d55-94c77b4ccaf0@group-4CF04C12C6E5:t5, leader=null, voted=f33cd6fc-8ced-446f-8d55-94c77b4ccaf0, raftlog=f33cd6fc-8ced-446f-8d55-94c77b4ccaf0@group-4CF04C12C6E5-SegmentedRaftLog:OPENED:c-1,f-1,i0, conf=-1: [f33cd6fc-8ced-446f-8d55-94c77b4ccaf0:192.168.5.131:33921, 7d741aae-27f8-4285-96eb-ab6c1983d5cf:192.168.5.131:44604, 12a42f98-880a-49b8-8419-ad6a67716254:192.168.5.131:36449], old=null
2019-10-15 03:19:06,095 [Thread-374] INFO  impl.FollowerState (FollowerState.java:run(117)) - 7d741aae-27f8-4285-96eb-ab6c1983d5cf@group-4CF04C12C6E5-FollowerState was interrupted: java.lang.InterruptedException: sleep interrupted
2019-10-15 03:19:06,095 [grpc-default-executor-6] INFO  impl.RoleInfo (RoleInfo.java:updateAndGet(143)) - 7d741aae-27f8-4285-96eb-ab6c1983d5cf: start FollowerState
2019-10-15 03:19:06,095 [org.apache.ratis.server.impl.LogAppender$AppenderDaemon$$Lambda$444/1862658289@6104ca35] WARN  server.GrpcLogAppender (GrpcLogAppender.java:mayWait(149)) - a910346c-1ee2-4cdc-a6d8-644a3a4f0b7f@group-5FF82F29B6C0->742c26a8-c271-430a-a05a-c8bba3fa6d96-GrpcLogAppender: Wait interrupted by java.lang.InterruptedException
2019-10-15 03:19:06,104 [a910346c-1ee2-4cdc-a6d8-644a3a4f0b7f@group-5FF82F29B6C0-SegmentedRaftLogWorker] INFO  segmented.SegmentedRaftLogWorker (SegmentedRaftLogWorker.java:execute(576)) - a910346c-1ee2-4cdc-a6d8-644a3a4f0b7f@group-5FF82F29B6C0-SegmentedRaftLogWorker: created new log segment /workdir/hadoop-ozone/integration-test/target/test-dir/MiniOzoneClusterImpl-6ac5a409-5689-4fa3-9e5a-b652cece44be/datanode-3/data/ratis/e4bf9835-e697-42f6-b211-5ff82f29b6c0/current/log_inprogress_0
2019-10-15 03:19:06,095 [grpc-default-executor-3] INFO  impl.RoleInfo (RoleInfo.java:updateAndGet(143)) - a910346c-1ee2-4cdc-a6d8-644a3a4f0b7f: start FollowerState
2019-10-15 03:19:06,108 [grpc-default-executor-4] INFO  server.GrpcServerProtocolService (GrpcServerProtocolService.java:onCompleted(113)) - 742c26a8-c271-430a-a05a-c8bba3fa6d96: Completed APPEND_ENTRIES, lastRequest: null
2019-10-15 03:19:06,108 [12a42f98-880a-49b8-8419-ad6a67716254@group-4CF04C12C6E5-LeaderElection19] INFO  impl.LeaderElection (LeaderElection.java:logAndReturn(56)) - 12a42f98-880a-49b8-8419-ad6a67716254@group-4CF04C12C6E5-LeaderElection19: Election REJECTED; received 2 response(s) [12a42f98-880a-49b8-8419-ad6a67716254<-f33cd6fc-8ced-446f-8d55-94c77b4ccaf0#0:FAIL-t5, 12a42f98-880a-49b8-8419-ad6a67716254<-7d741aae-27f8-4285-96eb-ab6c1983d5cf#0:FAIL-t5] and 0 exception(s); 12a42f98-880a-49b8-8419-ad6a67716254@group-4CF04C12C6E5:t5, leader=null, voted=12a42f98-880a-49b8-8419-ad6a67716254, raftlog=12a42f98-880a-49b8-8419-ad6a67716254@group-4CF04C12C6E5-SegmentedRaftLog:OPENED:c-1,f-1,i0, conf=-1: [f33cd6fc-8ced-446f-8d55-94c77b4ccaf0:192.168.5.131:33921, 7d741aae-27f8-4285-96eb-ab6c1983d5cf:192.168.5.131:44604, 12a42f98-880a-49b8-8419-ad6a67716254:192.168.5.131:36449], old=null
2019-10-15 03:19:06,109 [12a42f98-880a-49b8-8419-ad6a67716254@group-4CF04C12C6E5-LeaderElection19] INFO  impl.RaftServerImpl (RaftServerImpl.java:setRole(184)) - 12a42f98-880a-49b8-8419-ad6a67716254@group-4CF04C12C6E5: changes role from CANDIDATE to FOLLOWER at term 5 for DISCOVERED_A_NEW_TERM
2019-10-15 03:19:06,109 [12a42f98-880a-49b8-8419-ad6a67716254@group-4CF04C12C6E5-LeaderElection19] INFO  impl.RoleInfo (RoleInfo.java:shutdownLeaderElection(134)) - 12a42f98-880a-49b8-8419-ad6a67716254: shutdown LeaderElection
2019-10-15 03:19:06,109 [grpc-default-executor-7] INFO  server.GrpcLogAppender (GrpcLogAppender.java:onCompleted(308)) - a910346c-1ee2-4cdc-a6d8-644a3a4f0b7f@group-5FF82F29B6C0->742c26a8-c271-430a-a05a-c8bba3fa6d96-AppendLogResponseHandler: follower responses appendEntries COMPLETED
2019-10-15 03:19:06,111 [org.apache.ratis.server.impl.LogAppender$AppenderDaemon$$Lambda$444/1862658289@501efbc3] WARN  server.GrpcLogAppender (GrpcLogAppender.java:mayWait(149)) - a910346c-1ee2-4cdc-a6d8-644a3a4f0b7f@group-5FF82F29B6C0->4c6a16c4-95d2-4ef7-9fc0-4f57ccbd9967-GrpcLogAppender: Wait interrupted by java.lang.InterruptedException
2019-10-15 03:19:06,111 [12a42f98-880a-49b8-8419-ad6a67716254@group-4CF04C12C6E5-LeaderElection19] INFO  impl.RoleInfo (RoleInfo.java:updateAndGet(143)) - 12a42f98-880a-49b8-8419-ad6a67716254: start FollowerState
2019-10-15 03:19:06,114 [grpc-default-executor-7] INFO  impl.FollowerInfo (FollowerInfo.java:lambda$new$0(51)) - a910346c-1ee2-4cdc-a6d8-644a3a4f0b7f@group-5FF82F29B6C0->742c26a8-c271-430a-a05a-c8bba3fa6d96: nextIndex: updateUnconditionally 0 -> 0
2019-10-15 03:19:06,127 [grpc-default-executor-4] INFO  server.GrpcServerProtocolService (GrpcServerProtocolService.java:onCompleted(113)) - 4c6a16c4-95d2-4ef7-9fc0-4f57ccbd9967: Completed APPEND_ENTRIES, lastRequest: a910346c-1ee2-4cdc-a6d8-644a3a4f0b7f->4c6a16c4-95d2-4ef7-9fc0-4f57ccbd9967#0-t6, previous=(t:0, i:0), leaderCommit=-1, initializing? false, entries: <empty>
2019-10-15 03:19:06,132 [f33cd6fc-8ced-446f-8d55-94c77b4ccaf0@group-4CF04C12C6E5-LeaderElection20] INFO  impl.LeaderElection (LeaderElection.java:askForVotes(178)) - f33cd6fc-8ced-446f-8d55-94c77b4ccaf0@group-4CF04C12C6E5-LeaderElection20: begin an election at term 6 for -1: [f33cd6fc-8ced-446f-8d55-94c77b4ccaf0:192.168.5.131:33921, 7d741aae-27f8-4285-96eb-ab6c1983d5cf:192.168.5.131:44604, 12a42f98-880a-49b8-8419-ad6a67716254:192.168.5.131:36449], old=null
2019-10-15 03:19:06,132 [grpc-default-executor-4] INFO  server.GrpcLogAppender (GrpcLogAppender.java:onCompleted(308)) - a910346c-1ee2-4cdc-a6d8-644a3a4f0b7f@group-5FF82F29B6C0->4c6a16c4-95d2-4ef7-9fc0-4f57ccbd9967-AppendLogResponseHandler: follower responses appendEntries COMPLETED
2019-10-15 03:19:06,133 [7d741aae-27f8-4285-96eb-ab6c1983d5cf@group-4CF04C12C6E5-LeaderElection22] INFO  impl.LeaderElection (LeaderElection.java:logAndReturn(56)) - 7d741aae-27f8-4285-96eb-ab6c1983d5cf@group-4CF04C12C6E5-LeaderElection22: Election REJECTED; received 0 response(s) [] and 0 exception(s); 7d741aae-27f8-4285-96eb-ab6c1983d5cf@group-4CF04C12C6E5:t5, leader=null, voted=f33cd6fc-8ced-446f-8d55-94c77b4ccaf0, raftlog=7d741aae-27f8-4285-96eb-ab6c1983d5cf@group-4CF04C12C6E5-SegmentedRaftLog:OPENED:c-1,f-1,i0, conf=-1: [f33cd6fc-8ced-446f-8d55-94c77b4ccaf0:192.168.5.131:33921, 7d741aae-27f8-4285-96eb-ab6c1983d5cf:192.168.5.131:44604, 12a42f98-880a-49b8-8419-ad6a67716254:192.168.5.131:36449], old=null
2019-10-15 03:19:06,141 [grpc-default-executor-4] INFO  impl.FollowerInfo (FollowerInfo.java:lambda$new$0(51)) - a910346c-1ee2-4cdc-a6d8-644a3a4f0b7f@group-5FF82F29B6C0->4c6a16c4-95d2-4ef7-9fc0-4f57ccbd9967: nextIndex: updateUnconditionally 0 -> 0
2019-10-15 03:19:06,142 [4c6a16c4-95d2-4ef7-9fc0-4f57ccbd9967@group-5FF82F29B6C0-LeaderElection21] INFO  impl.LeaderElection (LeaderElection.java:logAndReturn(56)) - 4c6a16c4-95d2-4ef7-9fc0-4f57ccbd9967@group-5FF82F29B6C0-LeaderElection21: Election REJECTED; received 2 response(s) [4c6a16c4-95d2-4ef7-9fc0-4f57ccbd9967<-742c26a8-c271-430a-a05a-c8bba3fa6d96#0:FAIL-t7, 4c6a16c4-95d2-4ef7-9fc0-4f57ccbd9967<-a910346c-1ee2-4cdc-a6d8-644a3a4f0b7f#0:FAIL-t7] and 0 exception(s); 4c6a16c4-95d2-4ef7-9fc0-4f57ccbd9967@group-5FF82F29B6C0:t7, leader=null, voted=4c6a16c4-95d2-4ef7-9fc0-4f57ccbd9967, raftlog=4c6a16c4-95d2-4ef7-9fc0-4f57ccbd9967@group-5FF82F29B6C0-SegmentedRaftLog:OPENED:c-1,f-1,i0, conf=-1: [4c6a16c4-95d2-4ef7-9fc0-4f57ccbd9967:192.168.5.131:39112, 742c26a8-c271-430a-a05a-c8bba3fa6d96:192.168.5.131:42235, a910346c-1ee2-4cdc-a6d8-644a3a4f0b7f:192.168.5.131:38193], old=null
2019-10-15 03:19:06,145 [4c6a16c4-95d2-4ef7-9fc0-4f57ccbd9967@group-5FF82F29B6C0-LeaderElection21] INFO  impl.RaftServerImpl (RaftServerImpl.java:setRole(184)) - 4c6a16c4-95d2-4ef7-9fc0-4f57ccbd9967@group-5FF82F29B6C0: changes role from CANDIDATE to FOLLOWER at term 7 for DISCOVERED_A_NEW_TERM
2019-10-15 03:19:06,145 [4c6a16c4-95d2-4ef7-9fc0-4f57ccbd9967@group-5FF82F29B6C0-LeaderElection21] INFO  impl.RoleInfo (RoleInfo.java:shutdownLeaderElection(134)) - 4c6a16c4-95d2-4ef7-9fc0-4f57ccbd9967: shutdown LeaderElection
2019-10-15 03:19:06,145 [4c6a16c4-95d2-4ef7-9fc0-4f57ccbd9967@group-5FF82F29B6C0-LeaderElection21] INFO  impl.RoleInfo (RoleInfo.java:updateAndGet(143)) - 4c6a16c4-95d2-4ef7-9fc0-4f57ccbd9967: start FollowerState
2019-10-15 03:19:06,145 [grpc-default-executor-4] INFO  impl.RaftServerImpl (RaftServerImpl.java:setRole(184)) - 12a42f98-880a-49b8-8419-ad6a67716254@group-4CF04C12C6E5: changes role from  FOLLOWER to FOLLOWER at term 6 for recognizeCandidate:f33cd6fc-8ced-446f-8d55-94c77b4ccaf0
2019-10-15 03:19:06,147 [grpc-default-executor-4] INFO  impl.RoleInfo (RoleInfo.java:shutdownFollowerState(121)) - 12a42f98-880a-49b8-8419-ad6a67716254: shutdown FollowerState
2019-10-15 03:19:06,148 [grpc-default-executor-4] INFO  impl.RoleInfo (RoleInfo.java:updateAndGet(143)) - 12a42f98-880a-49b8-8419-ad6a67716254: start FollowerState
2019-10-15 03:19:06,148 [Thread-379] INFO  impl.FollowerState (FollowerState.java:run(117)) - 12a42f98-880a-49b8-8419-ad6a67716254@group-4CF04C12C6E5-FollowerState was interrupted: java.lang.InterruptedException: sleep interrupted
2019-10-15 03:19:06,150 [grpc-default-executor-3] INFO  impl.RaftServerImpl (RaftServerImpl.java:setRole(184)) - 7d741aae-27f8-4285-96eb-ab6c1983d5cf@group-4CF04C12C6E5: changes role from  FOLLOWER to FOLLOWER at term 6 for recognizeCandidate:f33cd6fc-8ced-446f-8d55-94c77b4ccaf0
2019-10-15 03:19:06,151 [grpc-default-executor-3] INFO  impl.RoleInfo (RoleInfo.java:shutdownFollowerState(121)) - 7d741aae-27f8-4285-96eb-ab6c1983d5cf: shutdown FollowerState
2019-10-15 03:19:06,151 [grpc-default-executor-3] INFO  impl.RoleInfo (RoleInfo.java:updateAndGet(143)) - 7d741aae-27f8-4285-96eb-ab6c1983d5cf: start FollowerState
2019-10-15 03:19:06,151 [Thread-376] INFO  impl.FollowerState (FollowerState.java:run(117)) - 7d741aae-27f8-4285-96eb-ab6c1983d5cf@group-4CF04C12C6E5-FollowerState was interrupted: java.lang.InterruptedException: sleep interrupted
2019-10-15 03:19:06,167 [f33cd6fc-8ced-446f-8d55-94c77b4ccaf0@group-4CF04C12C6E5-LeaderElection20] INFO  impl.LeaderElection (LeaderElection.java:logAndReturn(56)) - f33cd6fc-8ced-446f-8d55-94c77b4ccaf0@group-4CF04C12C6E5-LeaderElection20: Election PASSED; received 1 response(s) [f33cd6fc-8ced-446f-8d55-94c77b4ccaf0<-12a42f98-880a-49b8-8419-ad6a67716254#0:OK-t6] and 0 exception(s); f33cd6fc-8ced-446f-8d55-94c77b4ccaf0@group-4CF04C12C6E5:t6, leader=null, voted=f33cd6fc-8ced-446f-8d55-94c77b4ccaf0, raftlog=f33cd6fc-8ced-446f-8d55-94c77b4ccaf0@group-4CF04C12C6E5-SegmentedRaftLog:OPENED:c-1,f-1,i0, conf=-1: [f33cd6fc-8ced-446f-8d55-94c77b4ccaf0:192.168.5.131:33921, 7d741aae-27f8-4285-96eb-ab6c1983d5cf:192.168.5.131:44604, 12a42f98-880a-49b8-8419-ad6a67716254:192.168.5.131:36449], old=null
2019-10-15 03:19:06,168 [f33cd6fc-8ced-446f-8d55-94c77b4ccaf0@group-4CF04C12C6E5-LeaderElection20] INFO  impl.RoleInfo (RoleInfo.java:shutdownLeaderElection(134)) - f33cd6fc-8ced-446f-8d55-94c77b4ccaf0: shutdown LeaderElection
2019-10-15 03:19:06,168 [f33cd6fc-8ced-446f-8d55-94c77b4ccaf0@group-4CF04C12C6E5-LeaderElection20] INFO  impl.RaftServerImpl (RaftServerImpl.java:setRole(184)) - f33cd6fc-8ced-446f-8d55-94c77b4ccaf0@group-4CF04C12C6E5: changes role from CANDIDATE to LEADER at term 6 for changeToLeader
2019-10-15 03:19:06,168 [f33cd6fc-8ced-446f-8d55-94c77b4ccaf0@group-4CF04C12C6E5-LeaderElection20] INFO  impl.RaftServerImpl (ServerState.java:setLeader(256)) - f33cd6fc-8ced-446f-8d55-94c77b4ccaf0@group-4CF04C12C6E5: change Leader from null to f33cd6fc-8ced-446f-8d55-94c77b4ccaf0 at term 6 for becomeLeader, leader elected after 933ms
2019-10-15 03:19:06,168 [f33cd6fc-8ced-446f-8d55-94c77b4ccaf0@group-4CF04C12C6E5-LeaderElection20] INFO  server.RaftServerConfigKeys (ConfUtils.java:logGet(43)) - raft.server.staging.catchup.gap = 1000 (default)
2019-10-15 03:19:06,168 [f33cd6fc-8ced-446f-8d55-94c77b4ccaf0@group-4CF04C12C6E5-LeaderElection20] INFO  server.RaftServerConfigKeys (ConfUtils.java:logGet(43)) - raft.server.rpc.sleep.time = 25ms (default)
2019-10-15 03:19:06,168 [f33cd6fc-8ced-446f-8d55-94c77b4ccaf0@group-4CF04C12C6E5-LeaderElection20] INFO  server.RaftServerConfigKeys (ConfUtils.java:logGet(43)) - raft.server.write.element-limit = 4096 (default)
2019-10-15 03:19:06,171 [f33cd6fc-8ced-446f-8d55-94c77b4ccaf0@group-4CF04C12C6E5-LeaderElection20] INFO  server.RaftServerConfigKeys (ConfUtils.java:logGet(43)) - raft.server.watch.timeout = 10s (default)
2019-10-15 03:19:06,171 [f33cd6fc-8ced-446f-8d55-94c77b4ccaf0@group-4CF04C12C6E5-LeaderElection20] INFO  server.RaftServerConfigKeys (ConfUtils.java:logGet(43)) - raft.server.watch.timeout.denomination = 1s (default)
2019-10-15 03:19:06,171 [f33cd6fc-8ced-446f-8d55-94c77b4ccaf0@group-4CF04C12C6E5-LeaderElection20] INFO  server.RaftServerConfigKeys (ConfUtils.java:logGet(43)) - raft.server.watch.element-limit = 65536 (default)
2019-10-15 03:19:06,174 [f33cd6fc-8ced-446f-8d55-94c77b4ccaf0@group-4CF04C12C6E5-LeaderElection20] INFO  server.RaftServerConfigKeys (ConfUtils.java:logGet(43)) - raft.server.log.appender.snapshot.chunk.size.max = 16MB (=16777216) (default)
2019-10-15 03:19:06,174 [f33cd6fc-8ced-446f-8d55-94c77b4ccaf0@group-4CF04C12C6E5-LeaderElection20] INFO  server.RaftServerConfigKeys (ConfUtils.java:logGet(43)) - raft.server.log.appender.buffer.byte-limit = 33554432 (custom)
2019-10-15 03:19:06,174 [f33cd6fc-8ced-446f-8d55-94c77b4ccaf0@group-4CF04C12C6E5-LeaderElection20] INFO  server.RaftServerConfigKeys (ConfUtils.java:logGet(43)) - raft.server.log.appender.buffer.element-limit = 1 (custom)
2019-10-15 03:19:06,175 [f33cd6fc-8ced-446f-8d55-94c77b4ccaf0@group-4CF04C12C6E5-LeaderElection20] INFO  grpc.GrpcConfigKeys$Server (ConfUtils.java:logGet(43)) - raft.grpc.server.leader.outstanding.appends.max = 128 (default)
2019-10-15 03:19:06,175 [f33cd6fc-8ced-446f-8d55-94c77b4ccaf0@group-4CF04C12C6E5-LeaderElection20] INFO  server.RaftServerConfigKeys (ConfUtils.java:logGet(43)) - raft.server.rpc.request.timeout = 3000ms (default)
2019-10-15 03:19:06,175 [f33cd6fc-8ced-446f-8d55-94c77b4ccaf0@group-4CF04C12C6E5-LeaderElection20] INFO  server.RaftServerConfigKeys (ConfUtils.java:logGet(43)) - raft.server.log.appender.install.snapshot.enabled = false (custom)
2019-10-15 03:19:06,178 [Thread-238] INFO  container.ReplicationManager (ReplicationManager.java:start(162)) - Starting Replication Monitor Thread.
2019-10-15 03:19:06,182 [ReplicationMonitor] INFO  container.ReplicationManager (ReplicationManager.java:run(225)) - Replication Monitor Thread took 1 milliseconds for processing 0 containers.
2019-10-15 03:19:06,182 [f33cd6fc-8ced-446f-8d55-94c77b4ccaf0@group-4CF04C12C6E5-LeaderElection20] INFO  server.RaftServerConfigKeys (ConfUtils.java:logGet(43)) - raft.server.log.appender.snapshot.chunk.size.max = 16MB (=16777216) (default)
2019-10-15 03:19:06,182 [f33cd6fc-8ced-446f-8d55-94c77b4ccaf0@group-4CF04C12C6E5-LeaderElection20] INFO  server.RaftServerConfigKeys (ConfUtils.java:logGet(43)) - raft.server.log.appender.buffer.byte-limit = 33554432 (custom)
2019-10-15 03:19:06,182 [f33cd6fc-8ced-446f-8d55-94c77b4ccaf0@group-4CF04C12C6E5-LeaderElection20] INFO  server.RaftServerConfigKeys (ConfUtils.java:logGet(43)) - raft.server.log.appender.buffer.element-limit = 1 (custom)
2019-10-15 03:19:06,183 [f33cd6fc-8ced-446f-8d55-94c77b4ccaf0@group-4CF04C12C6E5-LeaderElection20] INFO  grpc.GrpcConfigKeys$Server (ConfUtils.java:logGet(43)) - raft.grpc.server.leader.outstanding.appends.max = 128 (default)
2019-10-15 03:19:06,183 [f33cd6fc-8ced-446f-8d55-94c77b4ccaf0@group-4CF04C12C6E5-LeaderElection20] INFO  server.RaftServerConfigKeys (ConfUtils.java:logGet(43)) - raft.server.rpc.request.timeout = 3000ms (default)
2019-10-15 03:19:06,183 [f33cd6fc-8ced-446f-8d55-94c77b4ccaf0@group-4CF04C12C6E5-LeaderElection20] INFO  server.RaftServerConfigKeys (ConfUtils.java:logGet(43)) - raft.server.log.appender.install.snapshot.enabled = false (custom)
2019-10-15 03:19:06,185 [f33cd6fc-8ced-446f-8d55-94c77b4ccaf0@group-4CF04C12C6E5-LeaderElection20] INFO  impl.RoleInfo (RoleInfo.java:updateAndGet(143)) - f33cd6fc-8ced-446f-8d55-94c77b4ccaf0: start LeaderState
2019-10-15 03:19:06,186 [f33cd6fc-8ced-446f-8d55-94c77b4ccaf0@group-4CF04C12C6E5-LeaderElection20] INFO  segmented.SegmentedRaftLogWorker (SegmentedRaftLogWorker.java:startLogSegment(385)) - f33cd6fc-8ced-446f-8d55-94c77b4ccaf0@group-4CF04C12C6E5-SegmentedRaftLogWorker: Starting segment from index:0
2019-10-15 03:19:06,187 [f33cd6fc-8ced-446f-8d55-94c77b4ccaf0@group-4CF04C12C6E5-LeaderElection20] INFO  impl.RaftServerImpl (ServerState.java:setRaftConf(357)) - f33cd6fc-8ced-446f-8d55-94c77b4ccaf0@group-4CF04C12C6E5: set configuration 0: [f33cd6fc-8ced-446f-8d55-94c77b4ccaf0:192.168.5.131:33921, 7d741aae-27f8-4285-96eb-ab6c1983d5cf:192.168.5.131:44604, 12a42f98-880a-49b8-8419-ad6a67716254:192.168.5.131:36449], old=null at 0
2019-10-15 03:19:06,190 [grpc-default-executor-5] INFO  impl.RaftServerImpl (ServerState.java:setLeader(256)) - 12a42f98-880a-49b8-8419-ad6a67716254@group-4CF04C12C6E5: change Leader from null to f33cd6fc-8ced-446f-8d55-94c77b4ccaf0 at term 6 for appendEntries, leader elected after 952ms
2019-10-15 03:19:06,190 [grpc-default-executor-3] INFO  impl.RaftServerImpl (ServerState.java:setLeader(256)) - 7d741aae-27f8-4285-96eb-ab6c1983d5cf@group-4CF04C12C6E5: change Leader from null to f33cd6fc-8ced-446f-8d55-94c77b4ccaf0 at term 6 for appendEntries, leader elected after 956ms
2019-10-15 03:19:06,235 [f33cd6fc-8ced-446f-8d55-94c77b4ccaf0@group-4CF04C12C6E5-SegmentedRaftLogWorker] INFO  segmented.SegmentedRaftLogWorker (SegmentedRaftLogWorker.java:execute(576)) - f33cd6fc-8ced-446f-8d55-94c77b4ccaf0@group-4CF04C12C6E5-SegmentedRaftLogWorker: created new log segment /workdir/hadoop-ozone/integration-test/target/test-dir/MiniOzoneClusterImpl-6ac5a409-5689-4fa3-9e5a-b652cece44be/datanode-0/data/ratis/263fb315-29b1-4742-bae6-4cf04c12c6e5/current/log_inprogress_0
2019-10-15 03:19:06,247 [grpc-default-executor-5] INFO  impl.RaftServerImpl (ServerState.java:setRaftConf(357)) - 7d741aae-27f8-4285-96eb-ab6c1983d5cf@group-4CF04C12C6E5: set configuration 0: [f33cd6fc-8ced-446f-8d55-94c77b4ccaf0:192.168.5.131:33921, 7d741aae-27f8-4285-96eb-ab6c1983d5cf:192.168.5.131:44604, 12a42f98-880a-49b8-8419-ad6a67716254:192.168.5.131:36449], old=null at 0
2019-10-15 03:19:06,247 [grpc-default-executor-3] INFO  impl.RaftServerImpl (ServerState.java:setRaftConf(357)) - 12a42f98-880a-49b8-8419-ad6a67716254@group-4CF04C12C6E5: set configuration 0: [f33cd6fc-8ced-446f-8d55-94c77b4ccaf0:192.168.5.131:33921, 7d741aae-27f8-4285-96eb-ab6c1983d5cf:192.168.5.131:44604, 12a42f98-880a-49b8-8419-ad6a67716254:192.168.5.131:36449], old=null at 0
2019-10-15 03:19:06,247 [grpc-default-executor-5] INFO  segmented.SegmentedRaftLogWorker (SegmentedRaftLogWorker.java:startLogSegment(385)) - 7d741aae-27f8-4285-96eb-ab6c1983d5cf@group-4CF04C12C6E5-SegmentedRaftLogWorker: Starting segment from index:0
2019-10-15 03:19:06,247 [grpc-default-executor-3] INFO  segmented.SegmentedRaftLogWorker (SegmentedRaftLogWorker.java:startLogSegment(385)) - 12a42f98-880a-49b8-8419-ad6a67716254@group-4CF04C12C6E5-SegmentedRaftLogWorker: Starting segment from index:0
2019-10-15 03:19:06,282 [Thread-383] INFO  impl.FollowerState (FollowerState.java:run(108)) - 4c6a16c4-95d2-4ef7-9fc0-4f57ccbd9967@group-5FF82F29B6C0-FollowerState: change to CANDIDATE, lastRpcTime:137ms, electionTimeout:132ms
2019-10-15 03:19:06,291 [Thread-383] INFO  impl.RoleInfo (RoleInfo.java:shutdownFollowerState(121)) - 4c6a16c4-95d2-4ef7-9fc0-4f57ccbd9967: shutdown FollowerState
2019-10-15 03:19:06,291 [Thread-383] INFO  impl.RaftServerImpl (RaftServerImpl.java:setRole(184)) - 4c6a16c4-95d2-4ef7-9fc0-4f57ccbd9967@group-5FF82F29B6C0: changes role from  FOLLOWER to CANDIDATE at term 7 for changeToCandidate
2019-10-15 03:19:06,291 [Thread-383] INFO  impl.RoleInfo (RoleInfo.java:updateAndGet(143)) - 4c6a16c4-95d2-4ef7-9fc0-4f57ccbd9967: start LeaderElection
2019-10-15 03:19:06,299 [main] INFO  rpc.RpcClient (RpcClient.java:createVolume(272)) - Creating Volume: watchforcommithandlingtest, with jenkins1000 as owner.
2019-10-15 03:19:06,306 [12a42f98-880a-49b8-8419-ad6a67716254@group-4CF04C12C6E5-SegmentedRaftLogWorker] INFO  segmented.SegmentedRaftLogWorker (SegmentedRaftLogWorker.java:execute(576)) - 12a42f98-880a-49b8-8419-ad6a67716254@group-4CF04C12C6E5-SegmentedRaftLogWorker: created new log segment /workdir/hadoop-ozone/integration-test/target/test-dir/MiniOzoneClusterImpl-6ac5a409-5689-4fa3-9e5a-b652cece44be/datanode-2/data/ratis/263fb315-29b1-4742-bae6-4cf04c12c6e5/current/log_inprogress_0
2019-10-15 03:19:06,306 [7d741aae-27f8-4285-96eb-ab6c1983d5cf@group-4CF04C12C6E5-SegmentedRaftLogWorker] INFO  segmented.SegmentedRaftLogWorker (SegmentedRaftLogWorker.java:execute(576)) - 7d741aae-27f8-4285-96eb-ab6c1983d5cf@group-4CF04C12C6E5-SegmentedRaftLogWorker: created new log segment /workdir/hadoop-ozone/integration-test/target/test-dir/MiniOzoneClusterImpl-6ac5a409-5689-4fa3-9e5a-b652cece44be/datanode-1/data/ratis/263fb315-29b1-4742-bae6-4cf04c12c6e5/current/log_inprogress_0
2019-10-15 03:19:06,306 [4c6a16c4-95d2-4ef7-9fc0-4f57ccbd9967@group-5FF82F29B6C0-LeaderElection23] INFO  impl.LeaderElection (LeaderElection.java:askForVotes(178)) - 4c6a16c4-95d2-4ef7-9fc0-4f57ccbd9967@group-5FF82F29B6C0-LeaderElection23: begin an election at term 8 for -1: [4c6a16c4-95d2-4ef7-9fc0-4f57ccbd9967:192.168.5.131:39112, 742c26a8-c271-430a-a05a-c8bba3fa6d96:192.168.5.131:42235, a910346c-1ee2-4cdc-a6d8-644a3a4f0b7f:192.168.5.131:38193], old=null
2019-10-15 03:19:06,310 [grpc-default-executor-3] INFO  impl.RaftServerImpl (RaftServerImpl.java:setRole(184)) - 742c26a8-c271-430a-a05a-c8bba3fa6d96@group-5FF82F29B6C0: changes role from  FOLLOWER to FOLLOWER at term 8 for recognizeCandidate:4c6a16c4-95d2-4ef7-9fc0-4f57ccbd9967
2019-10-15 03:19:06,310 [grpc-default-executor-3] INFO  impl.RoleInfo (RoleInfo.java:shutdownFollowerState(121)) - 742c26a8-c271-430a-a05a-c8bba3fa6d96: shutdown FollowerState
2019-10-15 03:19:06,310 [grpc-default-executor-5] INFO  impl.RaftServerImpl (RaftServerImpl.java:setRole(184)) - a910346c-1ee2-4cdc-a6d8-644a3a4f0b7f@group-5FF82F29B6C0: changes role from  FOLLOWER to FOLLOWER at term 8 for recognizeCandidate:4c6a16c4-95d2-4ef7-9fc0-4f57ccbd9967
2019-10-15 03:19:06,310 [Thread-375] INFO  impl.FollowerState (FollowerState.java:run(117)) - 742c26a8-c271-430a-a05a-c8bba3fa6d96@group-5FF82F29B6C0-FollowerState was interrupted: java.lang.InterruptedException: sleep interrupted
2019-10-15 03:19:06,310 [grpc-default-executor-3] INFO  impl.RoleInfo (RoleInfo.java:updateAndGet(143)) - 742c26a8-c271-430a-a05a-c8bba3fa6d96: start FollowerState
2019-10-15 03:19:06,310 [grpc-default-executor-5] INFO  impl.RoleInfo (RoleInfo.java:shutdownFollowerState(121)) - a910346c-1ee2-4cdc-a6d8-644a3a4f0b7f: shutdown FollowerState
2019-10-15 03:19:06,313 [grpc-default-executor-5] INFO  impl.RoleInfo (RoleInfo.java:updateAndGet(143)) - a910346c-1ee2-4cdc-a6d8-644a3a4f0b7f: start FollowerState
2019-10-15 03:19:06,313 [Thread-377] INFO  impl.FollowerState (FollowerState.java:run(117)) - a910346c-1ee2-4cdc-a6d8-644a3a4f0b7f@group-5FF82F29B6C0-FollowerState was interrupted: java.lang.InterruptedException: sleep interrupted
2019-10-15 03:19:06,321 [4c6a16c4-95d2-4ef7-9fc0-4f57ccbd9967@group-5FF82F29B6C0-LeaderElection23] INFO  impl.LeaderElection (LeaderElection.java:logAndReturn(56)) - 4c6a16c4-95d2-4ef7-9fc0-4f57ccbd9967@group-5FF82F29B6C0-LeaderElection23: Election REJECTED; received 2 response(s) [4c6a16c4-95d2-4ef7-9fc0-4f57ccbd9967<-742c26a8-c271-430a-a05a-c8bba3fa6d96#0:FAIL-t8, 4c6a16c4-95d2-4ef7-9fc0-4f57ccbd9967<-a910346c-1ee2-4cdc-a6d8-644a3a4f0b7f#0:FAIL-t8] and 0 exception(s); 4c6a16c4-95d2-4ef7-9fc0-4f57ccbd9967@group-5FF82F29B6C0:t8, leader=null, voted=4c6a16c4-95d2-4ef7-9fc0-4f57ccbd9967, raftlog=4c6a16c4-95d2-4ef7-9fc0-4f57ccbd9967@group-5FF82F29B6C0-SegmentedRaftLog:OPENED:c-1,f-1,i0, conf=-1: [4c6a16c4-95d2-4ef7-9fc0-4f57ccbd9967:192.168.5.131:39112, 742c26a8-c271-430a-a05a-c8bba3fa6d96:192.168.5.131:42235, a910346c-1ee2-4cdc-a6d8-644a3a4f0b7f:192.168.5.131:38193], old=null
2019-10-15 03:19:06,321 [4c6a16c4-95d2-4ef7-9fc0-4f57ccbd9967@group-5FF82F29B6C0-LeaderElection23] INFO  impl.RaftServerImpl (RaftServerImpl.java:setRole(184)) - 4c6a16c4-95d2-4ef7-9fc0-4f57ccbd9967@group-5FF82F29B6C0: changes role from CANDIDATE to FOLLOWER at term 8 for DISCOVERED_A_NEW_TERM
2019-10-15 03:19:06,321 [4c6a16c4-95d2-4ef7-9fc0-4f57ccbd9967@group-5FF82F29B6C0-LeaderElection23] INFO  impl.RoleInfo (RoleInfo.java:shutdownLeaderElection(134)) - 4c6a16c4-95d2-4ef7-9fc0-4f57ccbd9967: shutdown LeaderElection
2019-10-15 03:19:06,322 [4c6a16c4-95d2-4ef7-9fc0-4f57ccbd9967@group-5FF82F29B6C0-LeaderElection23] INFO  impl.RoleInfo (RoleInfo.java:updateAndGet(143)) - 4c6a16c4-95d2-4ef7-9fc0-4f57ccbd9967: start FollowerState
2019-10-15 03:19:06,381 [Thread-402] INFO  impl.FollowerState (FollowerState.java:run(108)) - 4c6a16c4-95d2-4ef7-9fc0-4f57ccbd9967@group-5FF82F29B6C0-FollowerState: change to CANDIDATE, lastRpcTime:59ms, electionTimeout:59ms
2019-10-15 03:19:06,383 [Thread-402] INFO  impl.RoleInfo (RoleInfo.java:shutdownFollowerState(121)) - 4c6a16c4-95d2-4ef7-9fc0-4f57ccbd9967: shutdown FollowerState
2019-10-15 03:19:06,383 [Thread-402] INFO  impl.RaftServerImpl (RaftServerImpl.java:setRole(184)) - 4c6a16c4-95d2-4ef7-9fc0-4f57ccbd9967@group-5FF82F29B6C0: changes role from  FOLLOWER to CANDIDATE at term 8 for changeToCandidate
2019-10-15 03:19:06,384 [Thread-402] INFO  impl.RoleInfo (RoleInfo.java:updateAndGet(143)) - 4c6a16c4-95d2-4ef7-9fc0-4f57ccbd9967: start LeaderElection
2019-10-15 03:19:06,400 [4c6a16c4-95d2-4ef7-9fc0-4f57ccbd9967@group-5FF82F29B6C0-LeaderElection24] INFO  impl.LeaderElection (LeaderElection.java:askForVotes(178)) - 4c6a16c4-95d2-4ef7-9fc0-4f57ccbd9967@group-5FF82F29B6C0-LeaderElection24: begin an election at term 9 for -1: [4c6a16c4-95d2-4ef7-9fc0-4f57ccbd9967:192.168.5.131:39112, 742c26a8-c271-430a-a05a-c8bba3fa6d96:192.168.5.131:42235, a910346c-1ee2-4cdc-a6d8-644a3a4f0b7f:192.168.5.131:38193], old=null
2019-10-15 03:19:06,404 [grpc-default-executor-4] INFO  impl.RaftServerImpl (RaftServerImpl.java:setRole(184)) - a910346c-1ee2-4cdc-a6d8-644a3a4f0b7f@group-5FF82F29B6C0: changes role from  FOLLOWER to FOLLOWER at term 9 for recognizeCandidate:4c6a16c4-95d2-4ef7-9fc0-4f57ccbd9967
2019-10-15 03:19:06,404 [grpc-default-executor-3] INFO  impl.RaftServerImpl (RaftServerImpl.java:setRole(184)) - 742c26a8-c271-430a-a05a-c8bba3fa6d96@group-5FF82F29B6C0: changes role from  FOLLOWER to FOLLOWER at term 9 for recognizeCandidate:4c6a16c4-95d2-4ef7-9fc0-4f57ccbd9967
2019-10-15 03:19:06,404 [grpc-default-executor-4] INFO  impl.RoleInfo (RoleInfo.java:shutdownFollowerState(121)) - a910346c-1ee2-4cdc-a6d8-644a3a4f0b7f: shutdown FollowerState
2019-10-15 03:19:06,404 [grpc-default-executor-3] INFO  impl.RoleInfo (RoleInfo.java:shutdownFollowerState(121)) - 742c26a8-c271-430a-a05a-c8bba3fa6d96: shutdown FollowerState
2019-10-15 03:19:06,405 [Thread-399] INFO  impl.FollowerState (FollowerState.java:run(117)) - a910346c-1ee2-4cdc-a6d8-644a3a4f0b7f@group-5FF82F29B6C0-FollowerState was interrupted: java.lang.InterruptedException: sleep interrupted
2019-10-15 03:19:06,405 [grpc-default-executor-4] INFO  impl.RoleInfo (RoleInfo.java:updateAndGet(143)) - a910346c-1ee2-4cdc-a6d8-644a3a4f0b7f: start FollowerState
2019-10-15 03:19:06,405 [grpc-default-executor-3] INFO  impl.RoleInfo (RoleInfo.java:updateAndGet(143)) - 742c26a8-c271-430a-a05a-c8bba3fa6d96: start FollowerState
2019-10-15 03:19:06,405 [Thread-398] INFO  impl.FollowerState (FollowerState.java:run(117)) - 742c26a8-c271-430a-a05a-c8bba3fa6d96@group-5FF82F29B6C0-FollowerState was interrupted: java.lang.InterruptedException: sleep interrupted
2019-10-15 03:19:06,414 [IPC Server handler 0 on 40992] INFO  volume.OMVolumeCreateRequest (OMVolumeCreateRequest.java:validateAndUpdateCache(193)) - created volume:watchforcommithandlingtest for user:jenkins1000
2019-10-15 03:19:06,438 [4c6a16c4-95d2-4ef7-9fc0-4f57ccbd9967@group-5FF82F29B6C0-LeaderElection24] INFO  impl.LeaderElection (LeaderElection.java:logAndReturn(56)) - 4c6a16c4-95d2-4ef7-9fc0-4f57ccbd9967@group-5FF82F29B6C0-LeaderElection24: Election REJECTED; received 2 response(s) [4c6a16c4-95d2-4ef7-9fc0-4f57ccbd9967<-742c26a8-c271-430a-a05a-c8bba3fa6d96#0:FAIL-t9, 4c6a16c4-95d2-4ef7-9fc0-4f57ccbd9967<-a910346c-1ee2-4cdc-a6d8-644a3a4f0b7f#0:FAIL-t9] and 0 exception(s); 4c6a16c4-95d2-4ef7-9fc0-4f57ccbd9967@group-5FF82F29B6C0:t9, leader=null, voted=4c6a16c4-95d2-4ef7-9fc0-4f57ccbd9967, raftlog=4c6a16c4-95d2-4ef7-9fc0-4f57ccbd9967@group-5FF82F29B6C0-SegmentedRaftLog:OPENED:c-1,f-1,i0, conf=-1: [4c6a16c4-95d2-4ef7-9fc0-4f57ccbd9967:192.168.5.131:39112, 742c26a8-c271-430a-a05a-c8bba3fa6d96:192.168.5.131:42235, a910346c-1ee2-4cdc-a6d8-644a3a4f0b7f:192.168.5.131:38193], old=null
2019-10-15 03:19:06,438 [4c6a16c4-95d2-4ef7-9fc0-4f57ccbd9967@group-5FF82F29B6C0-LeaderElection24] INFO  impl.RaftServerImpl (RaftServerImpl.java:setRole(184)) - 4c6a16c4-95d2-4ef7-9fc0-4f57ccbd9967@group-5FF82F29B6C0: changes role from CANDIDATE to FOLLOWER at term 9 for DISCOVERED_A_NEW_TERM
2019-10-15 03:19:06,439 [4c6a16c4-95d2-4ef7-9fc0-4f57ccbd9967@group-5FF82F29B6C0-LeaderElection24] INFO  impl.RoleInfo (RoleInfo.java:shutdownLeaderElection(134)) - 4c6a16c4-95d2-4ef7-9fc0-4f57ccbd9967: shutdown LeaderElection
2019-10-15 03:19:06,439 [4c6a16c4-95d2-4ef7-9fc0-4f57ccbd9967@group-5FF82F29B6C0-LeaderElection24] INFO  impl.RoleInfo (RoleInfo.java:updateAndGet(143)) - 4c6a16c4-95d2-4ef7-9fc0-4f57ccbd9967: start FollowerState
2019-10-15 03:19:06,441 [main] INFO  rpc.RpcClient (RpcClient.java:createBucket(411)) - Creating Bucket: watchforcommithandlingtest/watchforcommithandlingtest, with Versioning false and Storage Type set to DISK and Encryption set to false 
2019-10-15 03:19:06,492 [main] INFO  ozone.MiniOzoneClusterImpl (MiniOzoneClusterImpl.java:getStorageContainerLocationClient(234)) - Creating StorageContainerLocationProtocol RPC client with address /0.0.0.0:44554
2019-10-15 03:19:06,631 [Thread-408] INFO  impl.FollowerState (FollowerState.java:run(108)) - 4c6a16c4-95d2-4ef7-9fc0-4f57ccbd9967@group-5FF82F29B6C0-FollowerState: change to CANDIDATE, lastRpcTime:192ms, electionTimeout:192ms
2019-10-15 03:19:06,632 [Thread-408] INFO  impl.RoleInfo (RoleInfo.java:shutdownFollowerState(121)) - 4c6a16c4-95d2-4ef7-9fc0-4f57ccbd9967: shutdown FollowerState
2019-10-15 03:19:06,632 [Thread-408] INFO  impl.RaftServerImpl (RaftServerImpl.java:setRole(184)) - 4c6a16c4-95d2-4ef7-9fc0-4f57ccbd9967@group-5FF82F29B6C0: changes role from  FOLLOWER to CANDIDATE at term 9 for changeToCandidate
2019-10-15 03:19:06,637 [Thread-408] INFO  impl.RoleInfo (RoleInfo.java:updateAndGet(143)) - 4c6a16c4-95d2-4ef7-9fc0-4f57ccbd9967: start LeaderElection
2019-10-15 03:19:06,665 [4c6a16c4-95d2-4ef7-9fc0-4f57ccbd9967@group-5FF82F29B6C0-LeaderElection25] INFO  impl.LeaderElection (LeaderElection.java:askForVotes(178)) - 4c6a16c4-95d2-4ef7-9fc0-4f57ccbd9967@group-5FF82F29B6C0-LeaderElection25: begin an election at term 10 for -1: [4c6a16c4-95d2-4ef7-9fc0-4f57ccbd9967:192.168.5.131:39112, 742c26a8-c271-430a-a05a-c8bba3fa6d96:192.168.5.131:42235, a910346c-1ee2-4cdc-a6d8-644a3a4f0b7f:192.168.5.131:38193], old=null
2019-10-15 03:19:06,676 [grpc-default-executor-4] INFO  impl.RaftServerImpl (RaftServerImpl.java:setRole(184)) - 742c26a8-c271-430a-a05a-c8bba3fa6d96@group-5FF82F29B6C0: changes role from  FOLLOWER to FOLLOWER at term 10 for recognizeCandidate:4c6a16c4-95d2-4ef7-9fc0-4f57ccbd9967
2019-10-15 03:19:06,676 [grpc-default-executor-3] INFO  impl.RaftServerImpl (RaftServerImpl.java:setRole(184)) - a910346c-1ee2-4cdc-a6d8-644a3a4f0b7f@group-5FF82F29B6C0: changes role from  FOLLOWER to FOLLOWER at term 10 for recognizeCandidate:4c6a16c4-95d2-4ef7-9fc0-4f57ccbd9967
2019-10-15 03:19:06,677 [grpc-default-executor-4] INFO  impl.RoleInfo (RoleInfo.java:shutdownFollowerState(121)) - 742c26a8-c271-430a-a05a-c8bba3fa6d96: shutdown FollowerState
2019-10-15 03:19:06,677 [grpc-default-executor-3] INFO  impl.RoleInfo (RoleInfo.java:shutdownFollowerState(121)) - a910346c-1ee2-4cdc-a6d8-644a3a4f0b7f: shutdown FollowerState
2019-10-15 03:19:06,702 [Thread-406] INFO  impl.FollowerState (FollowerState.java:run(117)) - a910346c-1ee2-4cdc-a6d8-644a3a4f0b7f@group-5FF82F29B6C0-FollowerState was interrupted: java.lang.InterruptedException: sleep interrupted
2019-10-15 03:19:06,702 [grpc-default-executor-3] INFO  impl.RoleInfo (RoleInfo.java:updateAndGet(143)) - a910346c-1ee2-4cdc-a6d8-644a3a4f0b7f: start FollowerState
2019-10-15 03:19:06,702 [grpc-default-executor-4] INFO  impl.RoleInfo (RoleInfo.java:updateAndGet(143)) - 742c26a8-c271-430a-a05a-c8bba3fa6d96: start FollowerState
2019-10-15 03:19:06,702 [Thread-407] INFO  impl.FollowerState (FollowerState.java:run(117)) - 742c26a8-c271-430a-a05a-c8bba3fa6d96@group-5FF82F29B6C0-FollowerState was interrupted: java.lang.InterruptedException: sleep interrupted
2019-10-15 03:19:06,750 [4c6a16c4-95d2-4ef7-9fc0-4f57ccbd9967@group-5FF82F29B6C0-LeaderElection25] INFO  impl.LeaderElection (LeaderElection.java:logAndReturn(56)) - 4c6a16c4-95d2-4ef7-9fc0-4f57ccbd9967@group-5FF82F29B6C0-LeaderElection25: Election REJECTED; received 2 response(s) [4c6a16c4-95d2-4ef7-9fc0-4f57ccbd9967<-742c26a8-c271-430a-a05a-c8bba3fa6d96#0:FAIL-t10, 4c6a16c4-95d2-4ef7-9fc0-4f57ccbd9967<-a910346c-1ee2-4cdc-a6d8-644a3a4f0b7f#0:FAIL-t10] and 0 exception(s); 4c6a16c4-95d2-4ef7-9fc0-4f57ccbd9967@group-5FF82F29B6C0:t10, leader=null, voted=4c6a16c4-95d2-4ef7-9fc0-4f57ccbd9967, raftlog=4c6a16c4-95d2-4ef7-9fc0-4f57ccbd9967@group-5FF82F29B6C0-SegmentedRaftLog:OPENED:c-1,f-1,i0, conf=-1: [4c6a16c4-95d2-4ef7-9fc0-4f57ccbd9967:192.168.5.131:39112, 742c26a8-c271-430a-a05a-c8bba3fa6d96:192.168.5.131:42235, a910346c-1ee2-4cdc-a6d8-644a3a4f0b7f:192.168.5.131:38193], old=null
2019-10-15 03:19:06,750 [4c6a16c4-95d2-4ef7-9fc0-4f57ccbd9967@group-5FF82F29B6C0-LeaderElection25] INFO  impl.RaftServerImpl (RaftServerImpl.java:setRole(184)) - 4c6a16c4-95d2-4ef7-9fc0-4f57ccbd9967@group-5FF82F29B6C0: changes role from CANDIDATE to FOLLOWER at term 10 for DISCOVERED_A_NEW_TERM
2019-10-15 03:19:06,751 [4c6a16c4-95d2-4ef7-9fc0-4f57ccbd9967@group-5FF82F29B6C0-LeaderElection25] INFO  impl.RoleInfo (RoleInfo.java:shutdownLeaderElection(134)) - 4c6a16c4-95d2-4ef7-9fc0-4f57ccbd9967: shutdown LeaderElection
2019-10-15 03:19:06,751 [4c6a16c4-95d2-4ef7-9fc0-4f57ccbd9967@group-5FF82F29B6C0-LeaderElection25] INFO  impl.RoleInfo (RoleInfo.java:updateAndGet(143)) - 4c6a16c4-95d2-4ef7-9fc0-4f57ccbd9967: start FollowerState
2019-10-15 03:19:06,779 [Thread-414] INFO  impl.FollowerState (FollowerState.java:run(108)) - 4c6a16c4-95d2-4ef7-9fc0-4f57ccbd9967@group-5FF82F29B6C0-FollowerState: change to CANDIDATE, lastRpcTime:27ms, electionTimeout:27ms
2019-10-15 03:19:06,780 [Thread-414] INFO  impl.RoleInfo (RoleInfo.java:shutdownFollowerState(121)) - 4c6a16c4-95d2-4ef7-9fc0-4f57ccbd9967: shutdown FollowerState
2019-10-15 03:19:06,780 [Thread-414] INFO  impl.RaftServerImpl (RaftServerImpl.java:setRole(184)) - 4c6a16c4-95d2-4ef7-9fc0-4f57ccbd9967@group-5FF82F29B6C0: changes role from  FOLLOWER to CANDIDATE at term 10 for changeToCandidate
2019-10-15 03:19:06,781 [Thread-414] INFO  impl.RoleInfo (RoleInfo.java:updateAndGet(143)) - 4c6a16c4-95d2-4ef7-9fc0-4f57ccbd9967: start LeaderElection
2019-10-15 03:19:06,788 [main] INFO  impl.MetricsSystemImpl (MetricsSystemImpl.java:init(158)) - XceiverClientMetrics metrics system started (again)
2019-10-15 03:19:06,801 [4c6a16c4-95d2-4ef7-9fc0-4f57ccbd9967@group-5FF82F29B6C0-LeaderElection26] INFO  impl.LeaderElection (LeaderElection.java:askForVotes(178)) - 4c6a16c4-95d2-4ef7-9fc0-4f57ccbd9967@group-5FF82F29B6C0-LeaderElection26: begin an election at term 11 for -1: [4c6a16c4-95d2-4ef7-9fc0-4f57ccbd9967:192.168.5.131:39112, 742c26a8-c271-430a-a05a-c8bba3fa6d96:192.168.5.131:42235, a910346c-1ee2-4cdc-a6d8-644a3a4f0b7f:192.168.5.131:38193], old=null
2019-10-15 03:19:06,808 [grpc-default-executor-4] INFO  impl.RaftServerImpl (RaftServerImpl.java:setRole(184)) - 742c26a8-c271-430a-a05a-c8bba3fa6d96@group-5FF82F29B6C0: changes role from  FOLLOWER to FOLLOWER at term 11 for recognizeCandidate:4c6a16c4-95d2-4ef7-9fc0-4f57ccbd9967
2019-10-15 03:19:06,808 [grpc-default-executor-3] INFO  impl.RaftServerImpl (RaftServerImpl.java:setRole(184)) - a910346c-1ee2-4cdc-a6d8-644a3a4f0b7f@group-5FF82F29B6C0: changes role from  FOLLOWER to FOLLOWER at term 11 for recognizeCandidate:4c6a16c4-95d2-4ef7-9fc0-4f57ccbd9967
2019-10-15 03:19:06,808 [grpc-default-executor-4] INFO  impl.RoleInfo (RoleInfo.java:shutdownFollowerState(121)) - 742c26a8-c271-430a-a05a-c8bba3fa6d96: shutdown FollowerState
2019-10-15 03:19:06,809 [grpc-default-executor-3] INFO  impl.RoleInfo (RoleInfo.java:shutdownFollowerState(121)) - a910346c-1ee2-4cdc-a6d8-644a3a4f0b7f: shutdown FollowerState
2019-10-15 03:19:06,809 [Thread-413] INFO  impl.FollowerState (FollowerState.java:run(117)) - 742c26a8-c271-430a-a05a-c8bba3fa6d96@group-5FF82F29B6C0-FollowerState was interrupted: java.lang.InterruptedException: sleep interrupted
2019-10-15 03:19:06,809 [grpc-default-executor-4] INFO  impl.RoleInfo (RoleInfo.java:updateAndGet(143)) - 742c26a8-c271-430a-a05a-c8bba3fa6d96: start FollowerState
2019-10-15 03:19:06,809 [Thread-412] INFO  impl.FollowerState (FollowerState.java:run(117)) - a910346c-1ee2-4cdc-a6d8-644a3a4f0b7f@group-5FF82F29B6C0-FollowerState was interrupted: java.lang.InterruptedException: sleep interrupted
2019-10-15 03:19:06,809 [grpc-default-executor-3] INFO  impl.RoleInfo (RoleInfo.java:updateAndGet(143)) - a910346c-1ee2-4cdc-a6d8-644a3a4f0b7f: start FollowerState
2019-10-15 03:19:06,836 [4c6a16c4-95d2-4ef7-9fc0-4f57ccbd9967@group-5FF82F29B6C0-LeaderElection26] INFO  impl.LeaderElection (LeaderElection.java:logAndReturn(56)) - 4c6a16c4-95d2-4ef7-9fc0-4f57ccbd9967@group-5FF82F29B6C0-LeaderElection26: Election REJECTED; received 2 response(s) [4c6a16c4-95d2-4ef7-9fc0-4f57ccbd9967<-742c26a8-c271-430a-a05a-c8bba3fa6d96#0:FAIL-t11, 4c6a16c4-95d2-4ef7-9fc0-4f57ccbd9967<-a910346c-1ee2-4cdc-a6d8-644a3a4f0b7f#0:FAIL-t11] and 0 exception(s); 4c6a16c4-95d2-4ef7-9fc0-4f57ccbd9967@group-5FF82F29B6C0:t11, leader=null, voted=4c6a16c4-95d2-4ef7-9fc0-4f57ccbd9967, raftlog=4c6a16c4-95d2-4ef7-9fc0-4f57ccbd9967@group-5FF82F29B6C0-SegmentedRaftLog:OPENED:c-1,f-1,i0, conf=-1: [4c6a16c4-95d2-4ef7-9fc0-4f57ccbd9967:192.168.5.131:39112, 742c26a8-c271-430a-a05a-c8bba3fa6d96:192.168.5.131:42235, a910346c-1ee2-4cdc-a6d8-644a3a4f0b7f:192.168.5.131:38193], old=null
2019-10-15 03:19:06,836 [4c6a16c4-95d2-4ef7-9fc0-4f57ccbd9967@group-5FF82F29B6C0-LeaderElection26] INFO  impl.RaftServerImpl (RaftServerImpl.java:setRole(184)) - 4c6a16c4-95d2-4ef7-9fc0-4f57ccbd9967@group-5FF82F29B6C0: changes role from CANDIDATE to FOLLOWER at term 11 for DISCOVERED_A_NEW_TERM
2019-10-15 03:19:06,836 [4c6a16c4-95d2-4ef7-9fc0-4f57ccbd9967@group-5FF82F29B6C0-LeaderElection26] INFO  impl.RoleInfo (RoleInfo.java:shutdownLeaderElection(134)) - 4c6a16c4-95d2-4ef7-9fc0-4f57ccbd9967: shutdown LeaderElection
2019-10-15 03:19:06,836 [4c6a16c4-95d2-4ef7-9fc0-4f57ccbd9967@group-5FF82F29B6C0-LeaderElection26] INFO  impl.RoleInfo (RoleInfo.java:updateAndGet(143)) - 4c6a16c4-95d2-4ef7-9fc0-4f57ccbd9967: start FollowerState
2019-10-15 03:19:06,843 [Thread-422] INFO  impl.FollowerState (FollowerState.java:run(108)) - 4c6a16c4-95d2-4ef7-9fc0-4f57ccbd9967@group-5FF82F29B6C0-FollowerState: change to CANDIDATE, lastRpcTime:6ms, electionTimeout:6ms
2019-10-15 03:19:06,845 [Thread-422] INFO  impl.RoleInfo (RoleInfo.java:shutdownFollowerState(121)) - 4c6a16c4-95d2-4ef7-9fc0-4f57ccbd9967: shutdown FollowerState
2019-10-15 03:19:06,845 [Thread-422] INFO  impl.RaftServerImpl (RaftServerImpl.java:setRole(184)) - 4c6a16c4-95d2-4ef7-9fc0-4f57ccbd9967@group-5FF82F29B6C0: changes role from  FOLLOWER to CANDIDATE at term 11 for changeToCandidate
2019-10-15 03:19:06,845 [Thread-422] INFO  impl.RoleInfo (RoleInfo.java:updateAndGet(143)) - 4c6a16c4-95d2-4ef7-9fc0-4f57ccbd9967: start LeaderElection
2019-10-15 03:19:06,867 [4c6a16c4-95d2-4ef7-9fc0-4f57ccbd9967@group-5FF82F29B6C0-LeaderElection27] INFO  impl.LeaderElection (LeaderElection.java:askForVotes(178)) - 4c6a16c4-95d2-4ef7-9fc0-4f57ccbd9967@group-5FF82F29B6C0-LeaderElection27: begin an election at term 12 for -1: [4c6a16c4-95d2-4ef7-9fc0-4f57ccbd9967:192.168.5.131:39112, 742c26a8-c271-430a-a05a-c8bba3fa6d96:192.168.5.131:42235, a910346c-1ee2-4cdc-a6d8-644a3a4f0b7f:192.168.5.131:38193], old=null
2019-10-15 03:19:06,872 [grpc-default-executor-3] INFO  impl.RaftServerImpl (RaftServerImpl.java:setRole(184)) - 742c26a8-c271-430a-a05a-c8bba3fa6d96@group-5FF82F29B6C0: changes role from  FOLLOWER to FOLLOWER at term 12 for recognizeCandidate:4c6a16c4-95d2-4ef7-9fc0-4f57ccbd9967
2019-10-15 03:19:06,872 [grpc-default-executor-4] INFO  impl.RaftServerImpl (RaftServerImpl.java:setRole(184)) - a910346c-1ee2-4cdc-a6d8-644a3a4f0b7f@group-5FF82F29B6C0: changes role from  FOLLOWER to FOLLOWER at term 12 for recognizeCandidate:4c6a16c4-95d2-4ef7-9fc0-4f57ccbd9967
2019-10-15 03:19:06,873 [grpc-default-executor-3] INFO  impl.RoleInfo (RoleInfo.java:shutdownFollowerState(121)) - 742c26a8-c271-430a-a05a-c8bba3fa6d96: shutdown FollowerState
2019-10-15 03:19:06,873 [grpc-default-executor-4] INFO  impl.RoleInfo (RoleInfo.java:shutdownFollowerState(121)) - a910346c-1ee2-4cdc-a6d8-644a3a4f0b7f: shutdown FollowerState
2019-10-15 03:19:06,873 [grpc-default-executor-3] INFO  impl.RoleInfo (RoleInfo.java:updateAndGet(143)) - 742c26a8-c271-430a-a05a-c8bba3fa6d96: start FollowerState
2019-10-15 03:19:06,873 [Thread-418] INFO  impl.FollowerState (FollowerState.java:run(117)) - 742c26a8-c271-430a-a05a-c8bba3fa6d96@group-5FF82F29B6C0-FollowerState was interrupted: java.lang.InterruptedException: sleep interrupted
2019-10-15 03:19:06,873 [Thread-419] INFO  impl.FollowerState (FollowerState.java:run(117)) - a910346c-1ee2-4cdc-a6d8-644a3a4f0b7f@group-5FF82F29B6C0-FollowerState was interrupted: java.lang.InterruptedException: sleep interrupted
2019-10-15 03:19:06,873 [grpc-default-executor-4] INFO  impl.RoleInfo (RoleInfo.java:updateAndGet(143)) - a910346c-1ee2-4cdc-a6d8-644a3a4f0b7f: start FollowerState
2019-10-15 03:19:06,884 [4c6a16c4-95d2-4ef7-9fc0-4f57ccbd9967@group-5FF82F29B6C0-LeaderElection27] INFO  impl.LeaderElection (LeaderElection.java:logAndReturn(56)) - 4c6a16c4-95d2-4ef7-9fc0-4f57ccbd9967@group-5FF82F29B6C0-LeaderElection27: Election REJECTED; received 2 response(s) [4c6a16c4-95d2-4ef7-9fc0-4f57ccbd9967<-742c26a8-c271-430a-a05a-c8bba3fa6d96#0:FAIL-t12, 4c6a16c4-95d2-4ef7-9fc0-4f57ccbd9967<-a910346c-1ee2-4cdc-a6d8-644a3a4f0b7f#0:FAIL-t12] and 0 exception(s); 4c6a16c4-95d2-4ef7-9fc0-4f57ccbd9967@group-5FF82F29B6C0:t12, leader=null, voted=4c6a16c4-95d2-4ef7-9fc0-4f57ccbd9967, raftlog=4c6a16c4-95d2-4ef7-9fc0-4f57ccbd9967@group-5FF82F29B6C0-SegmentedRaftLog:OPENED:c-1,f-1,i0, conf=-1: [4c6a16c4-95d2-4ef7-9fc0-4f57ccbd9967:192.168.5.131:39112, 742c26a8-c271-430a-a05a-c8bba3fa6d96:192.168.5.131:42235, a910346c-1ee2-4cdc-a6d8-644a3a4f0b7f:192.168.5.131:38193], old=null
2019-10-15 03:19:06,884 [4c6a16c4-95d2-4ef7-9fc0-4f57ccbd9967@group-5FF82F29B6C0-LeaderElection27] INFO  impl.RaftServerImpl (RaftServerImpl.java:setRole(184)) - 4c6a16c4-95d2-4ef7-9fc0-4f57ccbd9967@group-5FF82F29B6C0: changes role from CANDIDATE to FOLLOWER at term 12 for DISCOVERED_A_NEW_TERM
2019-10-15 03:19:06,884 [4c6a16c4-95d2-4ef7-9fc0-4f57ccbd9967@group-5FF82F29B6C0-LeaderElection27] INFO  impl.RoleInfo (RoleInfo.java:shutdownLeaderElection(134)) - 4c6a16c4-95d2-4ef7-9fc0-4f57ccbd9967: shutdown LeaderElection
2019-10-15 03:19:06,884 [4c6a16c4-95d2-4ef7-9fc0-4f57ccbd9967@group-5FF82F29B6C0-LeaderElection27] INFO  impl.RoleInfo (RoleInfo.java:updateAndGet(143)) - 4c6a16c4-95d2-4ef7-9fc0-4f57ccbd9967: start FollowerState
2019-10-15 03:19:06,910 [Thread-428] INFO  impl.FollowerState (FollowerState.java:run(108)) - 4c6a16c4-95d2-4ef7-9fc0-4f57ccbd9967@group-5FF82F29B6C0-FollowerState: change to CANDIDATE, lastRpcTime:25ms, electionTimeout:25ms
2019-10-15 03:19:06,915 [Thread-428] INFO  impl.RoleInfo (RoleInfo.java:shutdownFollowerState(121)) - 4c6a16c4-95d2-4ef7-9fc0-4f57ccbd9967: shutdown FollowerState
2019-10-15 03:19:06,915 [Thread-428] INFO  impl.RaftServerImpl (RaftServerImpl.java:setRole(184)) - 4c6a16c4-95d2-4ef7-9fc0-4f57ccbd9967@group-5FF82F29B6C0: changes role from  FOLLOWER to CANDIDATE at term 12 for changeToCandidate
2019-10-15 03:19:06,915 [Thread-428] INFO  impl.RoleInfo (RoleInfo.java:updateAndGet(143)) - 4c6a16c4-95d2-4ef7-9fc0-4f57ccbd9967: start LeaderElection
2019-10-15 03:19:06,932 [4c6a16c4-95d2-4ef7-9fc0-4f57ccbd9967@group-5FF82F29B6C0-LeaderElection28] INFO  impl.LeaderElection (LeaderElection.java:askForVotes(178)) - 4c6a16c4-95d2-4ef7-9fc0-4f57ccbd9967@group-5FF82F29B6C0-LeaderElection28: begin an election at term 13 for -1: [4c6a16c4-95d2-4ef7-9fc0-4f57ccbd9967:192.168.5.131:39112, 742c26a8-c271-430a-a05a-c8bba3fa6d96:192.168.5.131:42235, a910346c-1ee2-4cdc-a6d8-644a3a4f0b7f:192.168.5.131:38193], old=null
2019-10-15 03:19:06,936 [grpc-default-executor-4] INFO  impl.RaftServerImpl (RaftServerImpl.java:setRole(184)) - 742c26a8-c271-430a-a05a-c8bba3fa6d96@group-5FF82F29B6C0: changes role from  FOLLOWER to FOLLOWER at term 13 for recognizeCandidate:4c6a16c4-95d2-4ef7-9fc0-4f57ccbd9967
2019-10-15 03:19:06,936 [grpc-default-executor-3] INFO  impl.RaftServerImpl (RaftServerImpl.java:setRole(184)) - a910346c-1ee2-4cdc-a6d8-644a3a4f0b7f@group-5FF82F29B6C0: changes role from  FOLLOWER to FOLLOWER at term 13 for recognizeCandidate:4c6a16c4-95d2-4ef7-9fc0-4f57ccbd9967
2019-10-15 03:19:06,936 [grpc-default-executor-4] INFO  impl.RoleInfo (RoleInfo.java:shutdownFollowerState(121)) - 742c26a8-c271-430a-a05a-c8bba3fa6d96: shutdown FollowerState
2019-10-15 03:19:06,936 [grpc-default-executor-3] INFO  impl.RoleInfo (RoleInfo.java:shutdownFollowerState(121)) - a910346c-1ee2-4cdc-a6d8-644a3a4f0b7f: shutdown FollowerState
2019-10-15 03:19:06,937 [Thread-426] INFO  impl.FollowerState (FollowerState.java:run(117)) - 742c26a8-c271-430a-a05a-c8bba3fa6d96@group-5FF82F29B6C0-FollowerState was interrupted: java.lang.InterruptedException: sleep interrupted
2019-10-15 03:19:06,937 [grpc-default-executor-3] INFO  impl.RoleInfo (RoleInfo.java:updateAndGet(143)) - a910346c-1ee2-4cdc-a6d8-644a3a4f0b7f: start FollowerState
2019-10-15 03:19:06,937 [grpc-default-executor-4] INFO  impl.RoleInfo (RoleInfo.java:updateAndGet(143)) - 742c26a8-c271-430a-a05a-c8bba3fa6d96: start FollowerState
2019-10-15 03:19:06,937 [Thread-427] INFO  impl.FollowerState (FollowerState.java:run(117)) - a910346c-1ee2-4cdc-a6d8-644a3a4f0b7f@group-5FF82F29B6C0-FollowerState was interrupted: java.lang.InterruptedException: sleep interrupted
2019-10-15 03:19:06,937 [4c6a16c4-95d2-4ef7-9fc0-4f57ccbd9967@group-5FF82F29B6C0-LeaderElection28] INFO  impl.LeaderElection (LeaderElection.java:logAndReturn(56)) - 4c6a16c4-95d2-4ef7-9fc0-4f57ccbd9967@group-5FF82F29B6C0-LeaderElection28: Election TIMEOUT; received 0 response(s) [] and 0 exception(s); 4c6a16c4-95d2-4ef7-9fc0-4f57ccbd9967@group-5FF82F29B6C0:t13, leader=null, voted=4c6a16c4-95d2-4ef7-9fc0-4f57ccbd9967, raftlog=4c6a16c4-95d2-4ef7-9fc0-4f57ccbd9967@group-5FF82F29B6C0-SegmentedRaftLog:OPENED:c-1,f-1,i0, conf=-1: [4c6a16c4-95d2-4ef7-9fc0-4f57ccbd9967:192.168.5.131:39112, 742c26a8-c271-430a-a05a-c8bba3fa6d96:192.168.5.131:42235, a910346c-1ee2-4cdc-a6d8-644a3a4f0b7f:192.168.5.131:38193], old=null
2019-10-15 03:19:06,961 [4c6a16c4-95d2-4ef7-9fc0-4f57ccbd9967@group-5FF82F29B6C0-LeaderElection28] INFO  impl.LeaderElection (LeaderElection.java:askForVotes(178)) - 4c6a16c4-95d2-4ef7-9fc0-4f57ccbd9967@group-5FF82F29B6C0-LeaderElection28: begin an election at term 14 for -1: [4c6a16c4-95d2-4ef7-9fc0-4f57ccbd9967:192.168.5.131:39112, 742c26a8-c271-430a-a05a-c8bba3fa6d96:192.168.5.131:42235, a910346c-1ee2-4cdc-a6d8-644a3a4f0b7f:192.168.5.131:38193], old=null
2019-10-15 03:19:06,964 [grpc-default-executor-4] INFO  impl.RaftServerImpl (RaftServerImpl.java:setRole(184)) - 742c26a8-c271-430a-a05a-c8bba3fa6d96@group-5FF82F29B6C0: changes role from  FOLLOWER to FOLLOWER at term 14 for recognizeCandidate:4c6a16c4-95d2-4ef7-9fc0-4f57ccbd9967
2019-10-15 03:19:06,964 [grpc-default-executor-3] INFO  impl.RaftServerImpl (RaftServerImpl.java:setRole(184)) - a910346c-1ee2-4cdc-a6d8-644a3a4f0b7f@group-5FF82F29B6C0: changes role from  FOLLOWER to FOLLOWER at term 14 for recognizeCandidate:4c6a16c4-95d2-4ef7-9fc0-4f57ccbd9967
2019-10-15 03:19:06,967 [grpc-default-executor-4] INFO  impl.RoleInfo (RoleInfo.java:shutdownFollowerState(121)) - 742c26a8-c271-430a-a05a-c8bba3fa6d96: shutdown FollowerState
2019-10-15 03:19:06,967 [grpc-default-executor-3] INFO  impl.RoleInfo (RoleInfo.java:shutdownFollowerState(121)) - a910346c-1ee2-4cdc-a6d8-644a3a4f0b7f: shutdown FollowerState
2019-10-15 03:19:06,968 [grpc-default-executor-4] INFO  impl.RoleInfo (RoleInfo.java:updateAndGet(143)) - 742c26a8-c271-430a-a05a-c8bba3fa6d96: start FollowerState
2019-10-15 03:19:06,968 [Thread-433] INFO  impl.FollowerState (FollowerState.java:run(117)) - a910346c-1ee2-4cdc-a6d8-644a3a4f0b7f@group-5FF82F29B6C0-FollowerState was interrupted: java.lang.InterruptedException: sleep interrupted
2019-10-15 03:19:06,968 [grpc-default-executor-3] INFO  impl.RoleInfo (RoleInfo.java:updateAndGet(143)) - a910346c-1ee2-4cdc-a6d8-644a3a4f0b7f: start FollowerState
2019-10-15 03:19:06,968 [Thread-432] INFO  impl.FollowerState (FollowerState.java:run(117)) - 742c26a8-c271-430a-a05a-c8bba3fa6d96@group-5FF82F29B6C0-FollowerState was interrupted: java.lang.InterruptedException: sleep interrupted
2019-10-15 03:19:06,995 [4c6a16c4-95d2-4ef7-9fc0-4f57ccbd9967@group-5FF82F29B6C0-LeaderElection28] INFO  impl.LeaderElection (LeaderElection.java:logAndReturn(56)) - 4c6a16c4-95d2-4ef7-9fc0-4f57ccbd9967@group-5FF82F29B6C0-LeaderElection28: Election REJECTED; received 2 response(s) [4c6a16c4-95d2-4ef7-9fc0-4f57ccbd9967<-742c26a8-c271-430a-a05a-c8bba3fa6d96#0:FAIL-t14, 4c6a16c4-95d2-4ef7-9fc0-4f57ccbd9967<-a910346c-1ee2-4cdc-a6d8-644a3a4f0b7f#0:FAIL-t14] and 0 exception(s); 4c6a16c4-95d2-4ef7-9fc0-4f57ccbd9967@group-5FF82F29B6C0:t14, leader=null, voted=4c6a16c4-95d2-4ef7-9fc0-4f57ccbd9967, raftlog=4c6a16c4-95d2-4ef7-9fc0-4f57ccbd9967@group-5FF82F29B6C0-SegmentedRaftLog:OPENED:c-1,f-1,i0, conf=-1: [4c6a16c4-95d2-4ef7-9fc0-4f57ccbd9967:192.168.5.131:39112, 742c26a8-c271-430a-a05a-c8bba3fa6d96:192.168.5.131:42235, a910346c-1ee2-4cdc-a6d8-644a3a4f0b7f:192.168.5.131:38193], old=null
2019-10-15 03:19:06,996 [4c6a16c4-95d2-4ef7-9fc0-4f57ccbd9967@group-5FF82F29B6C0-LeaderElection28] INFO  impl.RaftServerImpl (RaftServerImpl.java:setRole(184)) - 4c6a16c4-95d2-4ef7-9fc0-4f57ccbd9967@group-5FF82F29B6C0: changes role from CANDIDATE to FOLLOWER at term 14 for DISCOVERED_A_NEW_TERM
2019-10-15 03:19:06,996 [4c6a16c4-95d2-4ef7-9fc0-4f57ccbd9967@group-5FF82F29B6C0-LeaderElection28] INFO  impl.RoleInfo (RoleInfo.java:shutdownLeaderElection(134)) - 4c6a16c4-95d2-4ef7-9fc0-4f57ccbd9967: shutdown LeaderElection
2019-10-15 03:19:06,996 [4c6a16c4-95d2-4ef7-9fc0-4f57ccbd9967@group-5FF82F29B6C0-LeaderElection28] INFO  impl.RoleInfo (RoleInfo.java:updateAndGet(143)) - 4c6a16c4-95d2-4ef7-9fc0-4f57ccbd9967: start FollowerState
2019-10-15 03:19:07,095 [Thread-438] INFO  impl.FollowerState (FollowerState.java:run(108)) - 4c6a16c4-95d2-4ef7-9fc0-4f57ccbd9967@group-5FF82F29B6C0-FollowerState: change to CANDIDATE, lastRpcTime:99ms, electionTimeout:99ms
2019-10-15 03:19:07,098 [Thread-438] INFO  impl.RoleInfo (RoleInfo.java:shutdownFollowerState(121)) - 4c6a16c4-95d2-4ef7-9fc0-4f57ccbd9967: shutdown FollowerState
2019-10-15 03:19:07,098 [Thread-438] INFO  impl.RaftServerImpl (RaftServerImpl.java:setRole(184)) - 4c6a16c4-95d2-4ef7-9fc0-4f57ccbd9967@group-5FF82F29B6C0: changes role from  FOLLOWER to CANDIDATE at term 14 for changeToCandidate
2019-10-15 03:19:07,098 [Thread-438] INFO  impl.RoleInfo (RoleInfo.java:updateAndGet(143)) - 4c6a16c4-95d2-4ef7-9fc0-4f57ccbd9967: start LeaderElection
2019-10-15 03:19:07,114 [4c6a16c4-95d2-4ef7-9fc0-4f57ccbd9967@group-5FF82F29B6C0-LeaderElection29] INFO  impl.LeaderElection (LeaderElection.java:askForVotes(178)) - 4c6a16c4-95d2-4ef7-9fc0-4f57ccbd9967@group-5FF82F29B6C0-LeaderElection29: begin an election at term 15 for -1: [4c6a16c4-95d2-4ef7-9fc0-4f57ccbd9967:192.168.5.131:39112, 742c26a8-c271-430a-a05a-c8bba3fa6d96:192.168.5.131:42235, a910346c-1ee2-4cdc-a6d8-644a3a4f0b7f:192.168.5.131:38193], old=null
2019-10-15 03:19:07,117 [grpc-default-executor-3] INFO  impl.RaftServerImpl (RaftServerImpl.java:setRole(184)) - 742c26a8-c271-430a-a05a-c8bba3fa6d96@group-5FF82F29B6C0: changes role from  FOLLOWER to FOLLOWER at term 15 for recognizeCandidate:4c6a16c4-95d2-4ef7-9fc0-4f57ccbd9967
2019-10-15 03:19:07,117 [grpc-default-executor-3] INFO  impl.RoleInfo (RoleInfo.java:shutdownFollowerState(121)) - 742c26a8-c271-430a-a05a-c8bba3fa6d96: shutdown FollowerState
2019-10-15 03:19:07,117 [grpc-default-executor-4] INFO  impl.RaftServerImpl (RaftServerImpl.java:setRole(184)) - a910346c-1ee2-4cdc-a6d8-644a3a4f0b7f@group-5FF82F29B6C0: changes role from  FOLLOWER to FOLLOWER at term 15 for recognizeCandidate:4c6a16c4-95d2-4ef7-9fc0-4f57ccbd9967
2019-10-15 03:19:07,118 [grpc-default-executor-3] INFO  impl.RoleInfo (RoleInfo.java:updateAndGet(143)) - 742c26a8-c271-430a-a05a-c8bba3fa6d96: start FollowerState
2019-10-15 03:19:07,118 [Thread-436] INFO  impl.FollowerState (FollowerState.java:run(117)) - 742c26a8-c271-430a-a05a-c8bba3fa6d96@group-5FF82F29B6C0-FollowerState was interrupted: java.lang.InterruptedException: sleep interrupted
2019-10-15 03:19:07,118 [grpc-default-executor-4] INFO  impl.RoleInfo (RoleInfo.java:shutdownFollowerState(121)) - a910346c-1ee2-4cdc-a6d8-644a3a4f0b7f: shutdown FollowerState
2019-10-15 03:19:07,118 [grpc-default-executor-4] INFO  impl.RoleInfo (RoleInfo.java:updateAndGet(143)) - a910346c-1ee2-4cdc-a6d8-644a3a4f0b7f: start FollowerState
2019-10-15 03:19:07,118 [Thread-437] INFO  impl.FollowerState (FollowerState.java:run(117)) - a910346c-1ee2-4cdc-a6d8-644a3a4f0b7f@group-5FF82F29B6C0-FollowerState was interrupted: java.lang.InterruptedException: sleep interrupted
2019-10-15 03:19:07,135 [4c6a16c4-95d2-4ef7-9fc0-4f57ccbd9967@group-5FF82F29B6C0-LeaderElection29] INFO  impl.LeaderElection (LeaderElection.java:logAndReturn(56)) - 4c6a16c4-95d2-4ef7-9fc0-4f57ccbd9967@group-5FF82F29B6C0-LeaderElection29: Election REJECTED; received 2 response(s) [4c6a16c4-95d2-4ef7-9fc0-4f57ccbd9967<-742c26a8-c271-430a-a05a-c8bba3fa6d96#0:FAIL-t15, 4c6a16c4-95d2-4ef7-9fc0-4f57ccbd9967<-a910346c-1ee2-4cdc-a6d8-644a3a4f0b7f#0:FAIL-t15] and 0 exception(s); 4c6a16c4-95d2-4ef7-9fc0-4f57ccbd9967@group-5FF82F29B6C0:t15, leader=null, voted=4c6a16c4-95d2-4ef7-9fc0-4f57ccbd9967, raftlog=4c6a16c4-95d2-4ef7-9fc0-4f57ccbd9967@group-5FF82F29B6C0-SegmentedRaftLog:OPENED:c-1,f-1,i0, conf=-1: [4c6a16c4-95d2-4ef7-9fc0-4f57ccbd9967:192.168.5.131:39112, 742c26a8-c271-430a-a05a-c8bba3fa6d96:192.168.5.131:42235, a910346c-1ee2-4cdc-a6d8-644a3a4f0b7f:192.168.5.131:38193], old=null
2019-10-15 03:19:07,135 [4c6a16c4-95d2-4ef7-9fc0-4f57ccbd9967@group-5FF82F29B6C0-LeaderElection29] INFO  impl.RaftServerImpl (RaftServerImpl.java:setRole(184)) - 4c6a16c4-95d2-4ef7-9fc0-4f57ccbd9967@group-5FF82F29B6C0: changes role from CANDIDATE to FOLLOWER at term 15 for DISCOVERED_A_NEW_TERM
2019-10-15 03:19:07,135 [4c6a16c4-95d2-4ef7-9fc0-4f57ccbd9967@group-5FF82F29B6C0-LeaderElection29] INFO  impl.RoleInfo (RoleInfo.java:shutdownLeaderElection(134)) - 4c6a16c4-95d2-4ef7-9fc0-4f57ccbd9967: shutdown LeaderElection
2019-10-15 03:19:07,136 [4c6a16c4-95d2-4ef7-9fc0-4f57ccbd9967@group-5FF82F29B6C0-LeaderElection29] INFO  impl.RoleInfo (RoleInfo.java:updateAndGet(143)) - 4c6a16c4-95d2-4ef7-9fc0-4f57ccbd9967: start FollowerState
2019-10-15 03:19:07,153 [Thread-447] INFO  impl.FollowerState (FollowerState.java:run(108)) - 4c6a16c4-95d2-4ef7-9fc0-4f57ccbd9967@group-5FF82F29B6C0-FollowerState: change to CANDIDATE, lastRpcTime:17ms, electionTimeout:17ms
2019-10-15 03:19:07,156 [Thread-447] INFO  impl.RoleInfo (RoleInfo.java:shutdownFollowerState(121)) - 4c6a16c4-95d2-4ef7-9fc0-4f57ccbd9967: shutdown FollowerState
2019-10-15 03:19:07,156 [Thread-447] INFO  impl.RaftServerImpl (RaftServerImpl.java:setRole(184)) - 4c6a16c4-95d2-4ef7-9fc0-4f57ccbd9967@group-5FF82F29B6C0: changes role from  FOLLOWER to CANDIDATE at term 15 for changeToCandidate
2019-10-15 03:19:07,156 [Thread-447] INFO  impl.RoleInfo (RoleInfo.java:updateAndGet(143)) - 4c6a16c4-95d2-4ef7-9fc0-4f57ccbd9967: start LeaderElection
2019-10-15 03:19:07,169 [4c6a16c4-95d2-4ef7-9fc0-4f57ccbd9967@group-5FF82F29B6C0-LeaderElection30] INFO  impl.LeaderElection (LeaderElection.java:askForVotes(178)) - 4c6a16c4-95d2-4ef7-9fc0-4f57ccbd9967@group-5FF82F29B6C0-LeaderElection30: begin an election at term 16 for -1: [4c6a16c4-95d2-4ef7-9fc0-4f57ccbd9967:192.168.5.131:39112, 742c26a8-c271-430a-a05a-c8bba3fa6d96:192.168.5.131:42235, a910346c-1ee2-4cdc-a6d8-644a3a4f0b7f:192.168.5.131:38193], old=null
2019-10-15 03:19:07,173 [grpc-default-executor-4] INFO  impl.RaftServerImpl (RaftServerImpl.java:setRole(184)) - 742c26a8-c271-430a-a05a-c8bba3fa6d96@group-5FF82F29B6C0: changes role from  FOLLOWER to FOLLOWER at term 16 for recognizeCandidate:4c6a16c4-95d2-4ef7-9fc0-4f57ccbd9967
2019-10-15 03:19:07,173 [grpc-default-executor-3] INFO  impl.RaftServerImpl (RaftServerImpl.java:setRole(184)) - a910346c-1ee2-4cdc-a6d8-644a3a4f0b7f@group-5FF82F29B6C0: changes role from  FOLLOWER to FOLLOWER at term 16 for recognizeCandidate:4c6a16c4-95d2-4ef7-9fc0-4f57ccbd9967
2019-10-15 03:19:07,173 [grpc-default-executor-4] INFO  impl.RoleInfo (RoleInfo.java:shutdownFollowerState(121)) - 742c26a8-c271-430a-a05a-c8bba3fa6d96: shutdown FollowerState
2019-10-15 03:19:07,173 [grpc-default-executor-3] INFO  impl.RoleInfo (RoleInfo.java:shutdownFollowerState(121)) - a910346c-1ee2-4cdc-a6d8-644a3a4f0b7f: shutdown FollowerState
2019-10-15 03:19:07,174 [Thread-445] INFO  impl.FollowerState (FollowerState.java:run(117)) - 742c26a8-c271-430a-a05a-c8bba3fa6d96@group-5FF82F29B6C0-FollowerState was interrupted: java.lang.InterruptedException: sleep interrupted
2019-10-15 03:19:07,173 [grpc-default-executor-4] INFO  impl.RoleInfo (RoleInfo.java:updateAndGet(143)) - 742c26a8-c271-430a-a05a-c8bba3fa6d96: start FollowerState
2019-10-15 03:19:07,174 [Thread-446] INFO  impl.FollowerState (FollowerState.java:run(117)) - a910346c-1ee2-4cdc-a6d8-644a3a4f0b7f@group-5FF82F29B6C0-FollowerState was interrupted: java.lang.InterruptedException: sleep interrupted
2019-10-15 03:19:07,174 [grpc-default-executor-3] INFO  impl.RoleInfo (RoleInfo.java:updateAndGet(143)) - a910346c-1ee2-4cdc-a6d8-644a3a4f0b7f: start FollowerState
2019-10-15 03:19:07,180 [4c6a16c4-95d2-4ef7-9fc0-4f57ccbd9967@group-5FF82F29B6C0-LeaderElection30] INFO  impl.LeaderElection (LeaderElection.java:logAndReturn(56)) - 4c6a16c4-95d2-4ef7-9fc0-4f57ccbd9967@group-5FF82F29B6C0-LeaderElection30: Election TIMEOUT; received 0 response(s) [] and 0 exception(s); 4c6a16c4-95d2-4ef7-9fc0-4f57ccbd9967@group-5FF82F29B6C0:t16, leader=null, voted=4c6a16c4-95d2-4ef7-9fc0-4f57ccbd9967, raftlog=4c6a16c4-95d2-4ef7-9fc0-4f57ccbd9967@group-5FF82F29B6C0-SegmentedRaftLog:OPENED:c-1,f-1,i0, conf=-1: [4c6a16c4-95d2-4ef7-9fc0-4f57ccbd9967:192.168.5.131:39112, 742c26a8-c271-430a-a05a-c8bba3fa6d96:192.168.5.131:42235, a910346c-1ee2-4cdc-a6d8-644a3a4f0b7f:192.168.5.131:38193], old=null
2019-10-15 03:19:07,201 [4c6a16c4-95d2-4ef7-9fc0-4f57ccbd9967@group-5FF82F29B6C0-LeaderElection30] INFO  impl.LeaderElection (LeaderElection.java:askForVotes(178)) - 4c6a16c4-95d2-4ef7-9fc0-4f57ccbd9967@group-5FF82F29B6C0-LeaderElection30: begin an election at term 17 for -1: [4c6a16c4-95d2-4ef7-9fc0-4f57ccbd9967:192.168.5.131:39112, 742c26a8-c271-430a-a05a-c8bba3fa6d96:192.168.5.131:42235, a910346c-1ee2-4cdc-a6d8-644a3a4f0b7f:192.168.5.131:38193], old=null
2019-10-15 03:19:07,204 [grpc-default-executor-4] INFO  impl.RaftServerImpl (RaftServerImpl.java:setRole(184)) - a910346c-1ee2-4cdc-a6d8-644a3a4f0b7f@group-5FF82F29B6C0: changes role from  FOLLOWER to FOLLOWER at term 17 for recognizeCandidate:4c6a16c4-95d2-4ef7-9fc0-4f57ccbd9967
2019-10-15 03:19:07,207 [grpc-default-executor-4] INFO  impl.RoleInfo (RoleInfo.java:shutdownFollowerState(121)) - a910346c-1ee2-4cdc-a6d8-644a3a4f0b7f: shutdown FollowerState
2019-10-15 03:19:07,207 [grpc-default-executor-3] INFO  impl.RaftServerImpl (RaftServerImpl.java:setRole(184)) - 742c26a8-c271-430a-a05a-c8bba3fa6d96@group-5FF82F29B6C0: changes role from  FOLLOWER to FOLLOWER at term 17 for recognizeCandidate:4c6a16c4-95d2-4ef7-9fc0-4f57ccbd9967
2019-10-15 03:19:07,207 [Thread-452] INFO  impl.FollowerState (FollowerState.java:run(117)) - a910346c-1ee2-4cdc-a6d8-644a3a4f0b7f@group-5FF82F29B6C0-FollowerState was interrupted: java.lang.InterruptedException: sleep interrupted
2019-10-15 03:19:07,207 [grpc-default-executor-4] INFO  impl.RoleInfo (RoleInfo.java:updateAndGet(143)) - a910346c-1ee2-4cdc-a6d8-644a3a4f0b7f: start FollowerState
2019-10-15 03:19:07,207 [grpc-default-executor-3] INFO  impl.RoleInfo (RoleInfo.java:shutdownFollowerState(121)) - 742c26a8-c271-430a-a05a-c8bba3fa6d96: shutdown FollowerState
2019-10-15 03:19:07,208 [grpc-default-executor-3] INFO  impl.RoleInfo (RoleInfo.java:updateAndGet(143)) - 742c26a8-c271-430a-a05a-c8bba3fa6d96: start FollowerState
2019-10-15 03:19:07,208 [Thread-451] INFO  impl.FollowerState (FollowerState.java:run(117)) - 742c26a8-c271-430a-a05a-c8bba3fa6d96@group-5FF82F29B6C0-FollowerState was interrupted: java.lang.InterruptedException: sleep interrupted
2019-10-15 03:19:07,242 [4c6a16c4-95d2-4ef7-9fc0-4f57ccbd9967@group-5FF82F29B6C0-LeaderElection30] INFO  impl.LeaderElection (LeaderElection.java:logAndReturn(56)) - 4c6a16c4-95d2-4ef7-9fc0-4f57ccbd9967@group-5FF82F29B6C0-LeaderElection30: Election REJECTED; received 2 response(s) [4c6a16c4-95d2-4ef7-9fc0-4f57ccbd9967<-742c26a8-c271-430a-a05a-c8bba3fa6d96#0:FAIL-t17, 4c6a16c4-95d2-4ef7-9fc0-4f57ccbd9967<-a910346c-1ee2-4cdc-a6d8-644a3a4f0b7f#0:FAIL-t17] and 0 exception(s); 4c6a16c4-95d2-4ef7-9fc0-4f57ccbd9967@group-5FF82F29B6C0:t17, leader=null, voted=4c6a16c4-95d2-4ef7-9fc0-4f57ccbd9967, raftlog=4c6a16c4-95d2-4ef7-9fc0-4f57ccbd9967@group-5FF82F29B6C0-SegmentedRaftLog:OPENED:c-1,f-1,i0, conf=-1: [4c6a16c4-95d2-4ef7-9fc0-4f57ccbd9967:192.168.5.131:39112, 742c26a8-c271-430a-a05a-c8bba3fa6d96:192.168.5.131:42235, a910346c-1ee2-4cdc-a6d8-644a3a4f0b7f:192.168.5.131:38193], old=null
2019-10-15 03:19:07,243 [4c6a16c4-95d2-4ef7-9fc0-4f57ccbd9967@group-5FF82F29B6C0-LeaderElection30] INFO  impl.RaftServerImpl (RaftServerImpl.java:setRole(184)) - 4c6a16c4-95d2-4ef7-9fc0-4f57ccbd9967@group-5FF82F29B6C0: changes role from CANDIDATE to FOLLOWER at term 17 for DISCOVERED_A_NEW_TERM
2019-10-15 03:19:07,243 [4c6a16c4-95d2-4ef7-9fc0-4f57ccbd9967@group-5FF82F29B6C0-LeaderElection30] INFO  impl.RoleInfo (RoleInfo.java:shutdownLeaderElection(134)) - 4c6a16c4-95d2-4ef7-9fc0-4f57ccbd9967: shutdown LeaderElection
2019-10-15 03:19:07,243 [4c6a16c4-95d2-4ef7-9fc0-4f57ccbd9967@group-5FF82F29B6C0-LeaderElection30] INFO  impl.RoleInfo (RoleInfo.java:updateAndGet(143)) - 4c6a16c4-95d2-4ef7-9fc0-4f57ccbd9967: start FollowerState
2019-10-15 03:19:07,432 [Thread-457] INFO  impl.FollowerState (FollowerState.java:run(108)) - 4c6a16c4-95d2-4ef7-9fc0-4f57ccbd9967@group-5FF82F29B6C0-FollowerState: change to CANDIDATE, lastRpcTime:188ms, electionTimeout:188ms
2019-10-15 03:19:07,434 [Thread-457] INFO  impl.RoleInfo (RoleInfo.java:shutdownFollowerState(121)) - 4c6a16c4-95d2-4ef7-9fc0-4f57ccbd9967: shutdown FollowerState
2019-10-15 03:19:07,435 [Thread-457] INFO  impl.RaftServerImpl (RaftServerImpl.java:setRole(184)) - 4c6a16c4-95d2-4ef7-9fc0-4f57ccbd9967@group-5FF82F29B6C0: changes role from  FOLLOWER to CANDIDATE at term 17 for changeToCandidate
2019-10-15 03:19:07,435 [Thread-457] INFO  impl.RoleInfo (RoleInfo.java:updateAndGet(143)) - 4c6a16c4-95d2-4ef7-9fc0-4f57ccbd9967: start LeaderElection
2019-10-15 03:19:07,457 [4c6a16c4-95d2-4ef7-9fc0-4f57ccbd9967@group-5FF82F29B6C0-LeaderElection31] INFO  impl.LeaderElection (LeaderElection.java:askForVotes(178)) - 4c6a16c4-95d2-4ef7-9fc0-4f57ccbd9967@group-5FF82F29B6C0-LeaderElection31: begin an election at term 18 for -1: [4c6a16c4-95d2-4ef7-9fc0-4f57ccbd9967:192.168.5.131:39112, 742c26a8-c271-430a-a05a-c8bba3fa6d96:192.168.5.131:42235, a910346c-1ee2-4cdc-a6d8-644a3a4f0b7f:192.168.5.131:38193], old=null
2019-10-15 03:19:07,461 [grpc-default-executor-4] INFO  impl.RaftServerImpl (RaftServerImpl.java:setRole(184)) - 742c26a8-c271-430a-a05a-c8bba3fa6d96@group-5FF82F29B6C0: changes role from  FOLLOWER to FOLLOWER at term 18 for recognizeCandidate:4c6a16c4-95d2-4ef7-9fc0-4f57ccbd9967
2019-10-15 03:19:07,461 [grpc-default-executor-3] INFO  impl.RaftServerImpl (RaftServerImpl.java:setRole(184)) - a910346c-1ee2-4cdc-a6d8-644a3a4f0b7f@group-5FF82F29B6C0: changes role from  FOLLOWER to FOLLOWER at term 18 for recognizeCandidate:4c6a16c4-95d2-4ef7-9fc0-4f57ccbd9967
2019-10-15 03:19:07,462 [grpc-default-executor-4] INFO  impl.RoleInfo (RoleInfo.java:shutdownFollowerState(121)) - 742c26a8-c271-430a-a05a-c8bba3fa6d96: shutdown FollowerState
2019-10-15 03:19:07,462 [grpc-default-executor-3] INFO  impl.RoleInfo (RoleInfo.java:shutdownFollowerState(121)) - a910346c-1ee2-4cdc-a6d8-644a3a4f0b7f: shutdown FollowerState
2019-10-15 03:19:07,462 [grpc-default-executor-4] INFO  impl.RoleInfo (RoleInfo.java:updateAndGet(143)) - 742c26a8-c271-430a-a05a-c8bba3fa6d96: start FollowerState
2019-10-15 03:19:07,462 [Thread-456] INFO  impl.FollowerState (FollowerState.java:run(117)) - 742c26a8-c271-430a-a05a-c8bba3fa6d96@group-5FF82F29B6C0-FollowerState was interrupted: java.lang.InterruptedException: sleep interrupted
2019-10-15 03:19:07,462 [Thread-455] INFO  impl.FollowerState (FollowerState.java:run(117)) - a910346c-1ee2-4cdc-a6d8-644a3a4f0b7f@group-5FF82F29B6C0-FollowerState was interrupted: java.lang.InterruptedException: sleep interrupted
2019-10-15 03:19:07,462 [grpc-default-executor-3] INFO  impl.RoleInfo (RoleInfo.java:updateAndGet(143)) - a910346c-1ee2-4cdc-a6d8-644a3a4f0b7f: start FollowerState
2019-10-15 03:19:07,487 [4c6a16c4-95d2-4ef7-9fc0-4f57ccbd9967@group-5FF82F29B6C0-LeaderElection31] INFO  impl.LeaderElection (LeaderElection.java:logAndReturn(56)) - 4c6a16c4-95d2-4ef7-9fc0-4f57ccbd9967@group-5FF82F29B6C0-LeaderElection31: Election REJECTED; received 2 response(s) [4c6a16c4-95d2-4ef7-9fc0-4f57ccbd9967<-742c26a8-c271-430a-a05a-c8bba3fa6d96#0:FAIL-t18, 4c6a16c4-95d2-4ef7-9fc0-4f57ccbd9967<-a910346c-1ee2-4cdc-a6d8-644a3a4f0b7f#0:FAIL-t18] and 0 exception(s); 4c6a16c4-95d2-4ef7-9fc0-4f57ccbd9967@group-5FF82F29B6C0:t18, leader=null, voted=4c6a16c4-95d2-4ef7-9fc0-4f57ccbd9967, raftlog=4c6a16c4-95d2-4ef7-9fc0-4f57ccbd9967@group-5FF82F29B6C0-SegmentedRaftLog:OPENED:c-1,f-1,i0, conf=-1: [4c6a16c4-95d2-4ef7-9fc0-4f57ccbd9967:192.168.5.131:39112, 742c26a8-c271-430a-a05a-c8bba3fa6d96:192.168.5.131:42235, a910346c-1ee2-4cdc-a6d8-644a3a4f0b7f:192.168.5.131:38193], old=null
2019-10-15 03:19:07,487 [4c6a16c4-95d2-4ef7-9fc0-4f57ccbd9967@group-5FF82F29B6C0-LeaderElection31] INFO  impl.RaftServerImpl (RaftServerImpl.java:setRole(184)) - 4c6a16c4-95d2-4ef7-9fc0-4f57ccbd9967@group-5FF82F29B6C0: changes role from CANDIDATE to FOLLOWER at term 18 for DISCOVERED_A_NEW_TERM
2019-10-15 03:19:07,488 [4c6a16c4-95d2-4ef7-9fc0-4f57ccbd9967@group-5FF82F29B6C0-LeaderElection31] INFO  impl.RoleInfo (RoleInfo.java:shutdownLeaderElection(134)) - 4c6a16c4-95d2-4ef7-9fc0-4f57ccbd9967: shutdown LeaderElection
2019-10-15 03:19:07,488 [4c6a16c4-95d2-4ef7-9fc0-4f57ccbd9967@group-5FF82F29B6C0-LeaderElection31] INFO  impl.RoleInfo (RoleInfo.java:updateAndGet(143)) - 4c6a16c4-95d2-4ef7-9fc0-4f57ccbd9967: start FollowerState
2019-10-15 03:19:07,497 [Thread-465] INFO  impl.FollowerState (FollowerState.java:run(108)) - 4c6a16c4-95d2-4ef7-9fc0-4f57ccbd9967@group-5FF82F29B6C0-FollowerState: change to CANDIDATE, lastRpcTime:9ms, electionTimeout:9ms
2019-10-15 03:19:07,500 [Thread-465] INFO  impl.RoleInfo (RoleInfo.java:shutdownFollowerState(121)) - 4c6a16c4-95d2-4ef7-9fc0-4f57ccbd9967: shutdown FollowerState
2019-10-15 03:19:07,500 [Thread-465] INFO  impl.RaftServerImpl (RaftServerImpl.java:setRole(184)) - 4c6a16c4-95d2-4ef7-9fc0-4f57ccbd9967@group-5FF82F29B6C0: changes role from  FOLLOWER to CANDIDATE at term 18 for changeToCandidate
2019-10-15 03:19:07,500 [Thread-465] INFO  impl.RoleInfo (RoleInfo.java:updateAndGet(143)) - 4c6a16c4-95d2-4ef7-9fc0-4f57ccbd9967: start LeaderElection
2019-10-15 03:19:07,516 [4c6a16c4-95d2-4ef7-9fc0-4f57ccbd9967@group-5FF82F29B6C0-LeaderElection32] INFO  impl.LeaderElection (LeaderElection.java:askForVotes(178)) - 4c6a16c4-95d2-4ef7-9fc0-4f57ccbd9967@group-5FF82F29B6C0-LeaderElection32: begin an election at term 19 for -1: [4c6a16c4-95d2-4ef7-9fc0-4f57ccbd9967:192.168.5.131:39112, 742c26a8-c271-430a-a05a-c8bba3fa6d96:192.168.5.131:42235, a910346c-1ee2-4cdc-a6d8-644a3a4f0b7f:192.168.5.131:38193], old=null
2019-10-15 03:19:07,519 [grpc-default-executor-4] INFO  impl.RaftServerImpl (RaftServerImpl.java:setRole(184)) - 742c26a8-c271-430a-a05a-c8bba3fa6d96@group-5FF82F29B6C0: changes role from  FOLLOWER to FOLLOWER at term 19 for recognizeCandidate:4c6a16c4-95d2-4ef7-9fc0-4f57ccbd9967
2019-10-15 03:19:07,519 [grpc-default-executor-3] INFO  impl.RaftServerImpl (RaftServerImpl.java:setRole(184)) - a910346c-1ee2-4cdc-a6d8-644a3a4f0b7f@group-5FF82F29B6C0: changes role from  FOLLOWER to FOLLOWER at term 19 for recognizeCandidate:4c6a16c4-95d2-4ef7-9fc0-4f57ccbd9967
2019-10-15 03:19:07,519 [grpc-default-executor-4] INFO  impl.RoleInfo (RoleInfo.java:shutdownFollowerState(121)) - 742c26a8-c271-430a-a05a-c8bba3fa6d96: shutdown FollowerState
2019-10-15 03:19:07,520 [grpc-default-executor-3] INFO  impl.RoleInfo (RoleInfo.java:shutdownFollowerState(121)) - a910346c-1ee2-4cdc-a6d8-644a3a4f0b7f: shutdown FollowerState
2019-10-15 03:19:07,520 [Thread-463] INFO  impl.FollowerState (FollowerState.java:run(117)) - 742c26a8-c271-430a-a05a-c8bba3fa6d96@group-5FF82F29B6C0-FollowerState was interrupted: java.lang.InterruptedException: sleep interrupted
2019-10-15 03:19:07,520 [grpc-default-executor-4] INFO  impl.RoleInfo (RoleInfo.java:updateAndGet(143)) - 742c26a8-c271-430a-a05a-c8bba3fa6d96: start FollowerState
2019-10-15 03:19:07,520 [Thread-464] INFO  impl.FollowerState (FollowerState.java:run(117)) - a910346c-1ee2-4cdc-a6d8-644a3a4f0b7f@group-5FF82F29B6C0-FollowerState was interrupted: java.lang.InterruptedException: sleep interrupted
2019-10-15 03:19:07,520 [grpc-default-executor-3] INFO  impl.RoleInfo (RoleInfo.java:updateAndGet(143)) - a910346c-1ee2-4cdc-a6d8-644a3a4f0b7f: start FollowerState
2019-10-15 03:19:07,533 [4c6a16c4-95d2-4ef7-9fc0-4f57ccbd9967@group-5FF82F29B6C0-LeaderElection32] INFO  impl.LeaderElection (LeaderElection.java:logAndReturn(56)) - 4c6a16c4-95d2-4ef7-9fc0-4f57ccbd9967@group-5FF82F29B6C0-LeaderElection32: Election TIMEOUT; received 0 response(s) [] and 0 exception(s); 4c6a16c4-95d2-4ef7-9fc0-4f57ccbd9967@group-5FF82F29B6C0:t19, leader=null, voted=4c6a16c4-95d2-4ef7-9fc0-4f57ccbd9967, raftlog=4c6a16c4-95d2-4ef7-9fc0-4f57ccbd9967@group-5FF82F29B6C0-SegmentedRaftLog:OPENED:c-1,f-1,i0, conf=-1: [4c6a16c4-95d2-4ef7-9fc0-4f57ccbd9967:192.168.5.131:39112, 742c26a8-c271-430a-a05a-c8bba3fa6d96:192.168.5.131:42235, a910346c-1ee2-4cdc-a6d8-644a3a4f0b7f:192.168.5.131:38193], old=null
2019-10-15 03:19:07,562 [4c6a16c4-95d2-4ef7-9fc0-4f57ccbd9967@group-5FF82F29B6C0-LeaderElection32] INFO  impl.LeaderElection (LeaderElection.java:askForVotes(178)) - 4c6a16c4-95d2-4ef7-9fc0-4f57ccbd9967@group-5FF82F29B6C0-LeaderElection32: begin an election at term 20 for -1: [4c6a16c4-95d2-4ef7-9fc0-4f57ccbd9967:192.168.5.131:39112, 742c26a8-c271-430a-a05a-c8bba3fa6d96:192.168.5.131:42235, a910346c-1ee2-4cdc-a6d8-644a3a4f0b7f:192.168.5.131:38193], old=null
2019-10-15 03:19:07,566 [grpc-default-executor-4] INFO  impl.RaftServerImpl (RaftServerImpl.java:setRole(184)) - a910346c-1ee2-4cdc-a6d8-644a3a4f0b7f@group-5FF82F29B6C0: changes role from  FOLLOWER to FOLLOWER at term 20 for recognizeCandidate:4c6a16c4-95d2-4ef7-9fc0-4f57ccbd9967
2019-10-15 03:19:07,568 [grpc-default-executor-4] INFO  impl.RoleInfo (RoleInfo.java:shutdownFollowerState(121)) - a910346c-1ee2-4cdc-a6d8-644a3a4f0b7f: shutdown FollowerState
2019-10-15 03:19:07,566 [grpc-default-executor-3] INFO  impl.RaftServerImpl (RaftServerImpl.java:setRole(184)) - 742c26a8-c271-430a-a05a-c8bba3fa6d96@group-5FF82F29B6C0: changes role from  FOLLOWER to FOLLOWER at term 20 for recognizeCandidate:4c6a16c4-95d2-4ef7-9fc0-4f57ccbd9967
2019-10-15 03:19:07,568 [Thread-470] INFO  impl.FollowerState (FollowerState.java:run(117)) - a910346c-1ee2-4cdc-a6d8-644a3a4f0b7f@group-5FF82F29B6C0-FollowerState was interrupted: java.lang.InterruptedException: sleep interrupted
2019-10-15 03:19:07,568 [grpc-default-executor-4] INFO  impl.RoleInfo (RoleInfo.java:updateAndGet(143)) - a910346c-1ee2-4cdc-a6d8-644a3a4f0b7f: start FollowerState
2019-10-15 03:19:07,569 [grpc-default-executor-3] INFO  impl.RoleInfo (RoleInfo.java:shutdownFollowerState(121)) - 742c26a8-c271-430a-a05a-c8bba3fa6d96: shutdown FollowerState
2019-10-15 03:19:07,569 [Thread-469] INFO  impl.FollowerState (FollowerState.java:run(117)) - 742c26a8-c271-430a-a05a-c8bba3fa6d96@group-5FF82F29B6C0-FollowerState was interrupted: java.lang.InterruptedException: sleep interrupted
2019-10-15 03:19:07,569 [grpc-default-executor-3] INFO  impl.RoleInfo (RoleInfo.java:updateAndGet(143)) - 742c26a8-c271-430a-a05a-c8bba3fa6d96: start FollowerState
2019-10-15 03:19:07,596 [4c6a16c4-95d2-4ef7-9fc0-4f57ccbd9967@group-5FF82F29B6C0-LeaderElection32] INFO  impl.LeaderElection (LeaderElection.java:logAndReturn(56)) - 4c6a16c4-95d2-4ef7-9fc0-4f57ccbd9967@group-5FF82F29B6C0-LeaderElection32: Election REJECTED; received 2 response(s) [4c6a16c4-95d2-4ef7-9fc0-4f57ccbd9967<-742c26a8-c271-430a-a05a-c8bba3fa6d96#0:FAIL-t20, 4c6a16c4-95d2-4ef7-9fc0-4f57ccbd9967<-a910346c-1ee2-4cdc-a6d8-644a3a4f0b7f#0:FAIL-t20] and 0 exception(s); 4c6a16c4-95d2-4ef7-9fc0-4f57ccbd9967@group-5FF82F29B6C0:t20, leader=null, voted=4c6a16c4-95d2-4ef7-9fc0-4f57ccbd9967, raftlog=4c6a16c4-95d2-4ef7-9fc0-4f57ccbd9967@group-5FF82F29B6C0-SegmentedRaftLog:OPENED:c-1,f-1,i0, conf=-1: [4c6a16c4-95d2-4ef7-9fc0-4f57ccbd9967:192.168.5.131:39112, 742c26a8-c271-430a-a05a-c8bba3fa6d96:192.168.5.131:42235, a910346c-1ee2-4cdc-a6d8-644a3a4f0b7f:192.168.5.131:38193], old=null
2019-10-15 03:19:07,596 [4c6a16c4-95d2-4ef7-9fc0-4f57ccbd9967@group-5FF82F29B6C0-LeaderElection32] INFO  impl.RaftServerImpl (RaftServerImpl.java:setRole(184)) - 4c6a16c4-95d2-4ef7-9fc0-4f57ccbd9967@group-5FF82F29B6C0: changes role from CANDIDATE to FOLLOWER at term 20 for DISCOVERED_A_NEW_TERM
2019-10-15 03:19:07,597 [4c6a16c4-95d2-4ef7-9fc0-4f57ccbd9967@group-5FF82F29B6C0-LeaderElection32] INFO  impl.RoleInfo (RoleInfo.java:shutdownLeaderElection(134)) - 4c6a16c4-95d2-4ef7-9fc0-4f57ccbd9967: shutdown LeaderElection
2019-10-15 03:19:07,597 [4c6a16c4-95d2-4ef7-9fc0-4f57ccbd9967@group-5FF82F29B6C0-LeaderElection32] INFO  impl.RoleInfo (RoleInfo.java:updateAndGet(143)) - 4c6a16c4-95d2-4ef7-9fc0-4f57ccbd9967: start FollowerState
2019-10-15 03:19:07,638 [Thread-475] INFO  impl.FollowerState (FollowerState.java:run(108)) - 4c6a16c4-95d2-4ef7-9fc0-4f57ccbd9967@group-5FF82F29B6C0-FollowerState: change to CANDIDATE, lastRpcTime:41ms, electionTimeout:41ms
2019-10-15 03:19:07,641 [Thread-475] INFO  impl.RoleInfo (RoleInfo.java:shutdownFollowerState(121)) - 4c6a16c4-95d2-4ef7-9fc0-4f57ccbd9967: shutdown FollowerState
2019-10-15 03:19:07,641 [Thread-475] INFO  impl.RaftServerImpl (RaftServerImpl.java:setRole(184)) - 4c6a16c4-95d2-4ef7-9fc0-4f57ccbd9967@group-5FF82F29B6C0: changes role from  FOLLOWER to CANDIDATE at term 20 for changeToCandidate
2019-10-15 03:19:07,641 [Thread-475] INFO  impl.RoleInfo (RoleInfo.java:updateAndGet(143)) - 4c6a16c4-95d2-4ef7-9fc0-4f57ccbd9967: start LeaderElection
2019-10-15 03:19:07,655 [4c6a16c4-95d2-4ef7-9fc0-4f57ccbd9967@group-5FF82F29B6C0-LeaderElection33] INFO  impl.LeaderElection (LeaderElection.java:askForVotes(178)) - 4c6a16c4-95d2-4ef7-9fc0-4f57ccbd9967@group-5FF82F29B6C0-LeaderElection33: begin an election at term 21 for -1: [4c6a16c4-95d2-4ef7-9fc0-4f57ccbd9967:192.168.5.131:39112, 742c26a8-c271-430a-a05a-c8bba3fa6d96:192.168.5.131:42235, a910346c-1ee2-4cdc-a6d8-644a3a4f0b7f:192.168.5.131:38193], old=null
2019-10-15 03:19:07,659 [grpc-default-executor-3] INFO  impl.RaftServerImpl (RaftServerImpl.java:setRole(184)) - 742c26a8-c271-430a-a05a-c8bba3fa6d96@group-5FF82F29B6C0: changes role from  FOLLOWER to FOLLOWER at term 21 for recognizeCandidate:4c6a16c4-95d2-4ef7-9fc0-4f57ccbd9967
2019-10-15 03:19:07,659 [grpc-default-executor-4] INFO  impl.RaftServerImpl (RaftServerImpl.java:setRole(184)) - a910346c-1ee2-4cdc-a6d8-644a3a4f0b7f@group-5FF82F29B6C0: changes role from  FOLLOWER to FOLLOWER at term 21 for recognizeCandidate:4c6a16c4-95d2-4ef7-9fc0-4f57ccbd9967
2019-10-15 03:19:07,659 [grpc-default-executor-3] INFO  impl.RoleInfo (RoleInfo.java:shutdownFollowerState(121)) - 742c26a8-c271-430a-a05a-c8bba3fa6d96: shutdown FollowerState
2019-10-15 03:19:07,659 [grpc-default-executor-4] INFO  impl.RoleInfo (RoleInfo.java:shutdownFollowerState(121)) - a910346c-1ee2-4cdc-a6d8-644a3a4f0b7f: shutdown FollowerState
2019-10-15 03:19:07,660 [Thread-474] INFO  impl.FollowerState (FollowerState.java:run(117)) - 742c26a8-c271-430a-a05a-c8bba3fa6d96@group-5FF82F29B6C0-FollowerState was interrupted: java.lang.InterruptedException: sleep interrupted
2019-10-15 03:19:07,660 [Thread-473] INFO  impl.FollowerState (FollowerState.java:run(117)) - a910346c-1ee2-4cdc-a6d8-644a3a4f0b7f@group-5FF82F29B6C0-FollowerState was interrupted: java.lang.InterruptedException: sleep interrupted
2019-10-15 03:19:07,660 [grpc-default-executor-3] INFO  impl.RoleInfo (RoleInfo.java:updateAndGet(143)) - 742c26a8-c271-430a-a05a-c8bba3fa6d96: start FollowerState
2019-10-15 03:19:07,660 [grpc-default-executor-4] INFO  impl.RoleInfo (RoleInfo.java:updateAndGet(143)) - a910346c-1ee2-4cdc-a6d8-644a3a4f0b7f: start FollowerState
2019-10-15 03:19:07,692 [4c6a16c4-95d2-4ef7-9fc0-4f57ccbd9967@group-5FF82F29B6C0-LeaderElection33] INFO  impl.LeaderElection (LeaderElection.java:logAndReturn(56)) - 4c6a16c4-95d2-4ef7-9fc0-4f57ccbd9967@group-5FF82F29B6C0-LeaderElection33: Election REJECTED; received 2 response(s) [4c6a16c4-95d2-4ef7-9fc0-4f57ccbd9967<-742c26a8-c271-430a-a05a-c8bba3fa6d96#0:FAIL-t21, 4c6a16c4-95d2-4ef7-9fc0-4f57ccbd9967<-a910346c-1ee2-4cdc-a6d8-644a3a4f0b7f#0:FAIL-t21] and 0 exception(s); 4c6a16c4-95d2-4ef7-9fc0-4f57ccbd9967@group-5FF82F29B6C0:t21, leader=null, voted=4c6a16c4-95d2-4ef7-9fc0-4f57ccbd9967, raftlog=4c6a16c4-95d2-4ef7-9fc0-4f57ccbd9967@group-5FF82F29B6C0-SegmentedRaftLog:OPENED:c-1,f-1,i0, conf=-1: [4c6a16c4-95d2-4ef7-9fc0-4f57ccbd9967:192.168.5.131:39112, 742c26a8-c271-430a-a05a-c8bba3fa6d96:192.168.5.131:42235, a910346c-1ee2-4cdc-a6d8-644a3a4f0b7f:192.168.5.131:38193], old=null
2019-10-15 03:19:07,692 [4c6a16c4-95d2-4ef7-9fc0-4f57ccbd9967@group-5FF82F29B6C0-LeaderElection33] INFO  impl.RaftServerImpl (RaftServerImpl.java:setRole(184)) - 4c6a16c4-95d2-4ef7-9fc0-4f57ccbd9967@group-5FF82F29B6C0: changes role from CANDIDATE to FOLLOWER at term 21 for DISCOVERED_A_NEW_TERM
2019-10-15 03:19:07,693 [4c6a16c4-95d2-4ef7-9fc0-4f57ccbd9967@group-5FF82F29B6C0-LeaderElection33] INFO  impl.RoleInfo (RoleInfo.java:shutdownLeaderElection(134)) - 4c6a16c4-95d2-4ef7-9fc0-4f57ccbd9967: shutdown LeaderElection
2019-10-15 03:19:07,693 [4c6a16c4-95d2-4ef7-9fc0-4f57ccbd9967@group-5FF82F29B6C0-LeaderElection33] INFO  impl.RoleInfo (RoleInfo.java:updateAndGet(143)) - 4c6a16c4-95d2-4ef7-9fc0-4f57ccbd9967: start FollowerState
2019-10-15 03:19:07,763 [Thread-481] INFO  impl.FollowerState (FollowerState.java:run(108)) - 4c6a16c4-95d2-4ef7-9fc0-4f57ccbd9967@group-5FF82F29B6C0-FollowerState: change to CANDIDATE, lastRpcTime:70ms, electionTimeout:70ms
2019-10-15 03:19:07,767 [Thread-481] INFO  impl.RoleInfo (RoleInfo.java:shutdownFollowerState(121)) - 4c6a16c4-95d2-4ef7-9fc0-4f57ccbd9967: shutdown FollowerState
2019-10-15 03:19:07,767 [Thread-481] INFO  impl.RaftServerImpl (RaftServerImpl.java:setRole(184)) - 4c6a16c4-95d2-4ef7-9fc0-4f57ccbd9967@group-5FF82F29B6C0: changes role from  FOLLOWER to CANDIDATE at term 21 for changeToCandidate
2019-10-15 03:19:07,767 [Thread-481] INFO  impl.RoleInfo (RoleInfo.java:updateAndGet(143)) - 4c6a16c4-95d2-4ef7-9fc0-4f57ccbd9967: start LeaderElection
2019-10-15 03:19:07,782 [4c6a16c4-95d2-4ef7-9fc0-4f57ccbd9967@group-5FF82F29B6C0-LeaderElection34] INFO  impl.LeaderElection (LeaderElection.java:askForVotes(178)) - 4c6a16c4-95d2-4ef7-9fc0-4f57ccbd9967@group-5FF82F29B6C0-LeaderElection34: begin an election at term 22 for -1: [4c6a16c4-95d2-4ef7-9fc0-4f57ccbd9967:192.168.5.131:39112, 742c26a8-c271-430a-a05a-c8bba3fa6d96:192.168.5.131:42235, a910346c-1ee2-4cdc-a6d8-644a3a4f0b7f:192.168.5.131:38193], old=null
2019-10-15 03:19:07,786 [grpc-default-executor-4] INFO  impl.RaftServerImpl (RaftServerImpl.java:setRole(184)) - 742c26a8-c271-430a-a05a-c8bba3fa6d96@group-5FF82F29B6C0: changes role from  FOLLOWER to FOLLOWER at term 22 for recognizeCandidate:4c6a16c4-95d2-4ef7-9fc0-4f57ccbd9967
2019-10-15 03:19:07,786 [grpc-default-executor-3] INFO  impl.RaftServerImpl (RaftServerImpl.java:setRole(184)) - a910346c-1ee2-4cdc-a6d8-644a3a4f0b7f@group-5FF82F29B6C0: changes role from  FOLLOWER to FOLLOWER at term 22 for recognizeCandidate:4c6a16c4-95d2-4ef7-9fc0-4f57ccbd9967
2019-10-15 03:19:07,786 [grpc-default-executor-4] INFO  impl.RoleInfo (RoleInfo.java:shutdownFollowerState(121)) - 742c26a8-c271-430a-a05a-c8bba3fa6d96: shutdown FollowerState
2019-10-15 03:19:07,786 [grpc-default-executor-3] INFO  impl.RoleInfo (RoleInfo.java:shutdownFollowerState(121)) - a910346c-1ee2-4cdc-a6d8-644a3a4f0b7f: shutdown FollowerState
2019-10-15 03:19:07,786 [Thread-479] INFO  impl.FollowerState (FollowerState.java:run(117)) - 742c26a8-c271-430a-a05a-c8bba3fa6d96@group-5FF82F29B6C0-FollowerState was interrupted: java.lang.InterruptedException: sleep interrupted
2019-10-15 03:19:07,786 [grpc-default-executor-4] INFO  impl.RoleInfo (RoleInfo.java:updateAndGet(143)) - 742c26a8-c271-430a-a05a-c8bba3fa6d96: start FollowerState
2019-10-15 03:19:07,787 [Thread-480] INFO  impl.FollowerState (FollowerState.java:run(117)) - a910346c-1ee2-4cdc-a6d8-644a3a4f0b7f@group-5FF82F29B6C0-FollowerState was interrupted: java.lang.InterruptedException: sleep interrupted
2019-10-15 03:19:07,787 [grpc-default-executor-3] INFO  impl.RoleInfo (RoleInfo.java:updateAndGet(143)) - a910346c-1ee2-4cdc-a6d8-644a3a4f0b7f: start FollowerState
2019-10-15 03:19:07,802 [4c6a16c4-95d2-4ef7-9fc0-4f57ccbd9967@group-5FF82F29B6C0-LeaderElection34] INFO  impl.LeaderElection (LeaderElection.java:logAndReturn(56)) - 4c6a16c4-95d2-4ef7-9fc0-4f57ccbd9967@group-5FF82F29B6C0-LeaderElection34: Election REJECTED; received 2 response(s) [4c6a16c4-95d2-4ef7-9fc0-4f57ccbd9967<-742c26a8-c271-430a-a05a-c8bba3fa6d96#0:FAIL-t22, 4c6a16c4-95d2-4ef7-9fc0-4f57ccbd9967<-a910346c-1ee2-4cdc-a6d8-644a3a4f0b7f#0:FAIL-t22] and 0 exception(s); 4c6a16c4-95d2-4ef7-9fc0-4f57ccbd9967@group-5FF82F29B6C0:t22, leader=null, voted=4c6a16c4-95d2-4ef7-9fc0-4f57ccbd9967, raftlog=4c6a16c4-95d2-4ef7-9fc0-4f57ccbd9967@group-5FF82F29B6C0-SegmentedRaftLog:OPENED:c-1,f-1,i0, conf=-1: [4c6a16c4-95d2-4ef7-9fc0-4f57ccbd9967:192.168.5.131:39112, 742c26a8-c271-430a-a05a-c8bba3fa6d96:192.168.5.131:42235, a910346c-1ee2-4cdc-a6d8-644a3a4f0b7f:192.168.5.131:38193], old=null
2019-10-15 03:19:07,802 [4c6a16c4-95d2-4ef7-9fc0-4f57ccbd9967@group-5FF82F29B6C0-LeaderElection34] INFO  impl.RaftServerImpl (RaftServerImpl.java:setRole(184)) - 4c6a16c4-95d2-4ef7-9fc0-4f57ccbd9967@group-5FF82F29B6C0: changes role from CANDIDATE to FOLLOWER at term 22 for DISCOVERED_A_NEW_TERM
2019-10-15 03:19:07,802 [4c6a16c4-95d2-4ef7-9fc0-4f57ccbd9967@group-5FF82F29B6C0-LeaderElection34] INFO  impl.RoleInfo (RoleInfo.java:shutdownLeaderElection(134)) - 4c6a16c4-95d2-4ef7-9fc0-4f57ccbd9967: shutdown LeaderElection
2019-10-15 03:19:07,803 [4c6a16c4-95d2-4ef7-9fc0-4f57ccbd9967@group-5FF82F29B6C0-LeaderElection34] INFO  impl.RoleInfo (RoleInfo.java:updateAndGet(143)) - 4c6a16c4-95d2-4ef7-9fc0-4f57ccbd9967: start FollowerState
2019-10-15 03:19:07,973 [Thread-487] INFO  impl.FollowerState (FollowerState.java:run(108)) - 4c6a16c4-95d2-4ef7-9fc0-4f57ccbd9967@group-5FF82F29B6C0-FollowerState: change to CANDIDATE, lastRpcTime:170ms, electionTimeout:170ms
2019-10-15 03:19:07,982 [Thread-487] INFO  impl.RoleInfo (RoleInfo.java:shutdownFollowerState(121)) - 4c6a16c4-95d2-4ef7-9fc0-4f57ccbd9967: shutdown FollowerState
2019-10-15 03:19:07,983 [Thread-487] INFO  impl.RaftServerImpl (RaftServerImpl.java:setRole(184)) - 4c6a16c4-95d2-4ef7-9fc0-4f57ccbd9967@group-5FF82F29B6C0: changes role from  FOLLOWER to CANDIDATE at term 22 for changeToCandidate
2019-10-15 03:19:07,983 [Thread-487] INFO  impl.RoleInfo (RoleInfo.java:updateAndGet(143)) - 4c6a16c4-95d2-4ef7-9fc0-4f57ccbd9967: start LeaderElection
2019-10-15 03:19:07,997 [4c6a16c4-95d2-4ef7-9fc0-4f57ccbd9967@group-5FF82F29B6C0-LeaderElection35] INFO  impl.LeaderElection (LeaderElection.java:askForVotes(178)) - 4c6a16c4-95d2-4ef7-9fc0-4f57ccbd9967@group-5FF82F29B6C0-LeaderElection35: begin an election at term 23 for -1: [4c6a16c4-95d2-4ef7-9fc0-4f57ccbd9967:192.168.5.131:39112, 742c26a8-c271-430a-a05a-c8bba3fa6d96:192.168.5.131:42235, a910346c-1ee2-4cdc-a6d8-644a3a4f0b7f:192.168.5.131:38193], old=null
2019-10-15 03:19:08,000 [grpc-default-executor-4] INFO  impl.RaftServerImpl (RaftServerImpl.java:setRole(184)) - 742c26a8-c271-430a-a05a-c8bba3fa6d96@group-5FF82F29B6C0: changes role from  FOLLOWER to FOLLOWER at term 23 for recognizeCandidate:4c6a16c4-95d2-4ef7-9fc0-4f57ccbd9967
2019-10-15 03:19:08,001 [grpc-default-executor-3] INFO  impl.RaftServerImpl (RaftServerImpl.java:setRole(184)) - a910346c-1ee2-4cdc-a6d8-644a3a4f0b7f@group-5FF82F29B6C0: changes role from  FOLLOWER to FOLLOWER at term 23 for recognizeCandidate:4c6a16c4-95d2-4ef7-9fc0-4f57ccbd9967
2019-10-15 03:19:08,001 [grpc-default-executor-4] INFO  impl.RoleInfo (RoleInfo.java:shutdownFollowerState(121)) - 742c26a8-c271-430a-a05a-c8bba3fa6d96: shutdown FollowerState
2019-10-15 03:19:08,001 [grpc-default-executor-3] INFO  impl.RoleInfo (RoleInfo.java:shutdownFollowerState(121)) - a910346c-1ee2-4cdc-a6d8-644a3a4f0b7f: shutdown FollowerState
2019-10-15 03:19:08,001 [grpc-default-executor-4] INFO  impl.RoleInfo (RoleInfo.java:updateAndGet(143)) - 742c26a8-c271-430a-a05a-c8bba3fa6d96: start FollowerState
2019-10-15 03:19:08,001 [Thread-485] INFO  impl.FollowerState (FollowerState.java:run(117)) - 742c26a8-c271-430a-a05a-c8bba3fa6d96@group-5FF82F29B6C0-FollowerState was interrupted: java.lang.InterruptedException: sleep interrupted
2019-10-15 03:19:08,001 [Thread-486] INFO  impl.FollowerState (FollowerState.java:run(117)) - a910346c-1ee2-4cdc-a6d8-644a3a4f0b7f@group-5FF82F29B6C0-FollowerState was interrupted: java.lang.InterruptedException: sleep interrupted
2019-10-15 03:19:08,001 [grpc-default-executor-3] INFO  impl.RoleInfo (RoleInfo.java:updateAndGet(143)) - a910346c-1ee2-4cdc-a6d8-644a3a4f0b7f: start FollowerState
2019-10-15 03:19:08,017 [4c6a16c4-95d2-4ef7-9fc0-4f57ccbd9967@group-5FF82F29B6C0-LeaderElection35] INFO  impl.LeaderElection (LeaderElection.java:logAndReturn(56)) - 4c6a16c4-95d2-4ef7-9fc0-4f57ccbd9967@group-5FF82F29B6C0-LeaderElection35: Election REJECTED; received 2 response(s) [4c6a16c4-95d2-4ef7-9fc0-4f57ccbd9967<-742c26a8-c271-430a-a05a-c8bba3fa6d96#0:FAIL-t23, 4c6a16c4-95d2-4ef7-9fc0-4f57ccbd9967<-a910346c-1ee2-4cdc-a6d8-644a3a4f0b7f#0:FAIL-t23] and 0 exception(s); 4c6a16c4-95d2-4ef7-9fc0-4f57ccbd9967@group-5FF82F29B6C0:t23, leader=null, voted=4c6a16c4-95d2-4ef7-9fc0-4f57ccbd9967, raftlog=4c6a16c4-95d2-4ef7-9fc0-4f57ccbd9967@group-5FF82F29B6C0-SegmentedRaftLog:OPENED:c-1,f-1,i0, conf=-1: [4c6a16c4-95d2-4ef7-9fc0-4f57ccbd9967:192.168.5.131:39112, 742c26a8-c271-430a-a05a-c8bba3fa6d96:192.168.5.131:42235, a910346c-1ee2-4cdc-a6d8-644a3a4f0b7f:192.168.5.131:38193], old=null
2019-10-15 03:19:08,017 [4c6a16c4-95d2-4ef7-9fc0-4f57ccbd9967@group-5FF82F29B6C0-LeaderElection35] INFO  impl.RaftServerImpl (RaftServerImpl.java:setRole(184)) - 4c6a16c4-95d2-4ef7-9fc0-4f57ccbd9967@group-5FF82F29B6C0: changes role from CANDIDATE to FOLLOWER at term 23 for DISCOVERED_A_NEW_TERM
2019-10-15 03:19:08,017 [4c6a16c4-95d2-4ef7-9fc0-4f57ccbd9967@group-5FF82F29B6C0-LeaderElection35] INFO  impl.RoleInfo (RoleInfo.java:shutdownLeaderElection(134)) - 4c6a16c4-95d2-4ef7-9fc0-4f57ccbd9967: shutdown LeaderElection
2019-10-15 03:19:08,018 [4c6a16c4-95d2-4ef7-9fc0-4f57ccbd9967@group-5FF82F29B6C0-LeaderElection35] INFO  impl.RoleInfo (RoleInfo.java:updateAndGet(143)) - 4c6a16c4-95d2-4ef7-9fc0-4f57ccbd9967: start FollowerState
2019-10-15 03:19:08,092 [Thread-495] INFO  impl.FollowerState (FollowerState.java:run(108)) - 4c6a16c4-95d2-4ef7-9fc0-4f57ccbd9967@group-5FF82F29B6C0-FollowerState: change to CANDIDATE, lastRpcTime:74ms, electionTimeout:72ms
2019-10-15 03:19:08,092 [Thread-495] INFO  impl.RoleInfo (RoleInfo.java:shutdownFollowerState(121)) - 4c6a16c4-95d2-4ef7-9fc0-4f57ccbd9967: shutdown FollowerState
2019-10-15 03:19:08,096 [Thread-495] INFO  impl.RaftServerImpl (RaftServerImpl.java:setRole(184)) - 4c6a16c4-95d2-4ef7-9fc0-4f57ccbd9967@group-5FF82F29B6C0: changes role from  FOLLOWER to CANDIDATE at term 23 for changeToCandidate
2019-10-15 03:19:08,096 [Thread-495] INFO  impl.RoleInfo (RoleInfo.java:updateAndGet(143)) - 4c6a16c4-95d2-4ef7-9fc0-4f57ccbd9967: start LeaderElection
2019-10-15 03:19:08,116 [4c6a16c4-95d2-4ef7-9fc0-4f57ccbd9967@group-5FF82F29B6C0-LeaderElection36] INFO  impl.LeaderElection (LeaderElection.java:askForVotes(178)) - 4c6a16c4-95d2-4ef7-9fc0-4f57ccbd9967@group-5FF82F29B6C0-LeaderElection36: begin an election at term 24 for -1: [4c6a16c4-95d2-4ef7-9fc0-4f57ccbd9967:192.168.5.131:39112, 742c26a8-c271-430a-a05a-c8bba3fa6d96:192.168.5.131:42235, a910346c-1ee2-4cdc-a6d8-644a3a4f0b7f:192.168.5.131:38193], old=null
2019-10-15 03:19:08,119 [grpc-default-executor-4] INFO  impl.RaftServerImpl (RaftServerImpl.java:setRole(184)) - 742c26a8-c271-430a-a05a-c8bba3fa6d96@group-5FF82F29B6C0: changes role from  FOLLOWER to FOLLOWER at term 24 for recognizeCandidate:4c6a16c4-95d2-4ef7-9fc0-4f57ccbd9967
2019-10-15 03:19:08,119 [grpc-default-executor-3] INFO  impl.RaftServerImpl (RaftServerImpl.java:setRole(184)) - a910346c-1ee2-4cdc-a6d8-644a3a4f0b7f@group-5FF82F29B6C0: changes role from  FOLLOWER to FOLLOWER at term 24 for recognizeCandidate:4c6a16c4-95d2-4ef7-9fc0-4f57ccbd9967
2019-10-15 03:19:08,119 [grpc-default-executor-4] INFO  impl.RoleInfo (RoleInfo.java:shutdownFollowerState(121)) - 742c26a8-c271-430a-a05a-c8bba3fa6d96: shutdown FollowerState
2019-10-15 03:19:08,120 [grpc-default-executor-3] INFO  impl.RoleInfo (RoleInfo.java:shutdownFollowerState(121)) - a910346c-1ee2-4cdc-a6d8-644a3a4f0b7f: shutdown FollowerState
2019-10-15 03:19:08,120 [grpc-default-executor-4] INFO  impl.RoleInfo (RoleInfo.java:updateAndGet(143)) - 742c26a8-c271-430a-a05a-c8bba3fa6d96: start FollowerState
2019-10-15 03:19:08,120 [Thread-493] INFO  impl.FollowerState (FollowerState.java:run(117)) - 742c26a8-c271-430a-a05a-c8bba3fa6d96@group-5FF82F29B6C0-FollowerState was interrupted: java.lang.InterruptedException: sleep interrupted
2019-10-15 03:19:08,120 [Thread-494] INFO  impl.FollowerState (FollowerState.java:run(117)) - a910346c-1ee2-4cdc-a6d8-644a3a4f0b7f@group-5FF82F29B6C0-FollowerState was interrupted: java.lang.InterruptedException: sleep interrupted
2019-10-15 03:19:08,120 [grpc-default-executor-3] INFO  impl.RoleInfo (RoleInfo.java:updateAndGet(143)) - a910346c-1ee2-4cdc-a6d8-644a3a4f0b7f: start FollowerState
2019-10-15 03:19:08,148 [4c6a16c4-95d2-4ef7-9fc0-4f57ccbd9967@group-5FF82F29B6C0-LeaderElection36] INFO  impl.LeaderElection (LeaderElection.java:logAndReturn(56)) - 4c6a16c4-95d2-4ef7-9fc0-4f57ccbd9967@group-5FF82F29B6C0-LeaderElection36: Election REJECTED; received 2 response(s) [4c6a16c4-95d2-4ef7-9fc0-4f57ccbd9967<-742c26a8-c271-430a-a05a-c8bba3fa6d96#0:FAIL-t24, 4c6a16c4-95d2-4ef7-9fc0-4f57ccbd9967<-a910346c-1ee2-4cdc-a6d8-644a3a4f0b7f#0:FAIL-t24] and 0 exception(s); 4c6a16c4-95d2-4ef7-9fc0-4f57ccbd9967@group-5FF82F29B6C0:t24, leader=null, voted=4c6a16c4-95d2-4ef7-9fc0-4f57ccbd9967, raftlog=4c6a16c4-95d2-4ef7-9fc0-4f57ccbd9967@group-5FF82F29B6C0-SegmentedRaftLog:OPENED:c-1,f-1,i0, conf=-1: [4c6a16c4-95d2-4ef7-9fc0-4f57ccbd9967:192.168.5.131:39112, 742c26a8-c271-430a-a05a-c8bba3fa6d96:192.168.5.131:42235, a910346c-1ee2-4cdc-a6d8-644a3a4f0b7f:192.168.5.131:38193], old=null
2019-10-15 03:19:08,148 [4c6a16c4-95d2-4ef7-9fc0-4f57ccbd9967@group-5FF82F29B6C0-LeaderElection36] INFO  impl.RaftServerImpl (RaftServerImpl.java:setRole(184)) - 4c6a16c4-95d2-4ef7-9fc0-4f57ccbd9967@group-5FF82F29B6C0: changes role from CANDIDATE to FOLLOWER at term 24 for DISCOVERED_A_NEW_TERM
2019-10-15 03:19:08,148 [4c6a16c4-95d2-4ef7-9fc0-4f57ccbd9967@group-5FF82F29B6C0-LeaderElection36] INFO  impl.RoleInfo (RoleInfo.java:shutdownLeaderElection(134)) - 4c6a16c4-95d2-4ef7-9fc0-4f57ccbd9967: shutdown LeaderElection
2019-10-15 03:19:08,148 [4c6a16c4-95d2-4ef7-9fc0-4f57ccbd9967@group-5FF82F29B6C0-LeaderElection36] INFO  impl.RoleInfo (RoleInfo.java:updateAndGet(143)) - 4c6a16c4-95d2-4ef7-9fc0-4f57ccbd9967: start FollowerState
2019-10-15 03:19:08,176 [Thread-503] INFO  impl.FollowerState (FollowerState.java:run(108)) - 4c6a16c4-95d2-4ef7-9fc0-4f57ccbd9967@group-5FF82F29B6C0-FollowerState: change to CANDIDATE, lastRpcTime:27ms, electionTimeout:27ms
2019-10-15 03:19:08,176 [Thread-503] INFO  impl.RoleInfo (RoleInfo.java:shutdownFollowerState(121)) - 4c6a16c4-95d2-4ef7-9fc0-4f57ccbd9967: shutdown FollowerState
2019-10-15 03:19:08,176 [Thread-503] INFO  impl.RaftServerImpl (RaftServerImpl.java:setRole(184)) - 4c6a16c4-95d2-4ef7-9fc0-4f57ccbd9967@group-5FF82F29B6C0: changes role from  FOLLOWER to CANDIDATE at term 24 for changeToCandidate
2019-10-15 03:19:08,176 [Thread-503] INFO  impl.RoleInfo (RoleInfo.java:updateAndGet(143)) - 4c6a16c4-95d2-4ef7-9fc0-4f57ccbd9967: start LeaderElection
2019-10-15 03:19:08,190 [4c6a16c4-95d2-4ef7-9fc0-4f57ccbd9967@group-5FF82F29B6C0-LeaderElection37] INFO  impl.LeaderElection (LeaderElection.java:askForVotes(178)) - 4c6a16c4-95d2-4ef7-9fc0-4f57ccbd9967@group-5FF82F29B6C0-LeaderElection37: begin an election at term 25 for -1: [4c6a16c4-95d2-4ef7-9fc0-4f57ccbd9967:192.168.5.131:39112, 742c26a8-c271-430a-a05a-c8bba3fa6d96:192.168.5.131:42235, a910346c-1ee2-4cdc-a6d8-644a3a4f0b7f:192.168.5.131:38193], old=null
2019-10-15 03:19:08,193 [grpc-default-executor-4] INFO  impl.RaftServerImpl (RaftServerImpl.java:setRole(184)) - 742c26a8-c271-430a-a05a-c8bba3fa6d96@group-5FF82F29B6C0: changes role from  FOLLOWER to FOLLOWER at term 25 for recognizeCandidate:4c6a16c4-95d2-4ef7-9fc0-4f57ccbd9967
2019-10-15 03:19:08,194 [grpc-default-executor-3] INFO  impl.RaftServerImpl (RaftServerImpl.java:setRole(184)) - a910346c-1ee2-4cdc-a6d8-644a3a4f0b7f@group-5FF82F29B6C0: changes role from  FOLLOWER to FOLLOWER at term 25 for recognizeCandidate:4c6a16c4-95d2-4ef7-9fc0-4f57ccbd9967
2019-10-15 03:19:08,194 [grpc-default-executor-4] INFO  impl.RoleInfo (RoleInfo.java:shutdownFollowerState(121)) - 742c26a8-c271-430a-a05a-c8bba3fa6d96: shutdown FollowerState
2019-10-15 03:19:08,194 [grpc-default-executor-3] INFO  impl.RoleInfo (RoleInfo.java:shutdownFollowerState(121)) - a910346c-1ee2-4cdc-a6d8-644a3a4f0b7f: shutdown FollowerState
2019-10-15 03:19:08,194 [Thread-501] INFO  impl.FollowerState (FollowerState.java:run(117)) - 742c26a8-c271-430a-a05a-c8bba3fa6d96@group-5FF82F29B6C0-FollowerState was interrupted: java.lang.InterruptedException: sleep interrupted
2019-10-15 03:19:08,194 [Thread-502] INFO  impl.FollowerState (FollowerState.java:run(117)) - a910346c-1ee2-4cdc-a6d8-644a3a4f0b7f@group-5FF82F29B6C0-FollowerState was interrupted: java.lang.InterruptedException: sleep interrupted
2019-10-15 03:19:08,194 [grpc-default-executor-4] INFO  impl.RoleInfo (RoleInfo.java:updateAndGet(143)) - 742c26a8-c271-430a-a05a-c8bba3fa6d96: start FollowerState
2019-10-15 03:19:08,194 [grpc-default-executor-3] INFO  impl.RoleInfo (RoleInfo.java:updateAndGet(143)) - a910346c-1ee2-4cdc-a6d8-644a3a4f0b7f: start FollowerState
2019-10-15 03:19:08,219 [4c6a16c4-95d2-4ef7-9fc0-4f57ccbd9967@group-5FF82F29B6C0-LeaderElection37] INFO  impl.LeaderElection (LeaderElection.java:logAndReturn(56)) - 4c6a16c4-95d2-4ef7-9fc0-4f57ccbd9967@group-5FF82F29B6C0-LeaderElection37: Election REJECTED; received 2 response(s) [4c6a16c4-95d2-4ef7-9fc0-4f57ccbd9967<-742c26a8-c271-430a-a05a-c8bba3fa6d96#0:FAIL-t25, 4c6a16c4-95d2-4ef7-9fc0-4f57ccbd9967<-a910346c-1ee2-4cdc-a6d8-644a3a4f0b7f#0:FAIL-t25] and 0 exception(s); 4c6a16c4-95d2-4ef7-9fc0-4f57ccbd9967@group-5FF82F29B6C0:t25, leader=null, voted=4c6a16c4-95d2-4ef7-9fc0-4f57ccbd9967, raftlog=4c6a16c4-95d2-4ef7-9fc0-4f57ccbd9967@group-5FF82F29B6C0-SegmentedRaftLog:OPENED:c-1,f-1,i0, conf=-1: [4c6a16c4-95d2-4ef7-9fc0-4f57ccbd9967:192.168.5.131:39112, 742c26a8-c271-430a-a05a-c8bba3fa6d96:192.168.5.131:42235, a910346c-1ee2-4cdc-a6d8-644a3a4f0b7f:192.168.5.131:38193], old=null
2019-10-15 03:19:08,220 [4c6a16c4-95d2-4ef7-9fc0-4f57ccbd9967@group-5FF82F29B6C0-LeaderElection37] INFO  impl.RaftServerImpl (RaftServerImpl.java:setRole(184)) - 4c6a16c4-95d2-4ef7-9fc0-4f57ccbd9967@group-5FF82F29B6C0: changes role from CANDIDATE to FOLLOWER at term 25 for DISCOVERED_A_NEW_TERM
2019-10-15 03:19:08,220 [4c6a16c4-95d2-4ef7-9fc0-4f57ccbd9967@group-5FF82F29B6C0-LeaderElection37] INFO  impl.RoleInfo (RoleInfo.java:shutdownLeaderElection(134)) - 4c6a16c4-95d2-4ef7-9fc0-4f57ccbd9967: shutdown LeaderElection
2019-10-15 03:19:08,220 [4c6a16c4-95d2-4ef7-9fc0-4f57ccbd9967@group-5FF82F29B6C0-LeaderElection37] INFO  impl.RoleInfo (RoleInfo.java:updateAndGet(143)) - 4c6a16c4-95d2-4ef7-9fc0-4f57ccbd9967: start FollowerState
2019-10-15 03:19:08,252 [Thread-509] INFO  impl.FollowerState (FollowerState.java:run(108)) - 4c6a16c4-95d2-4ef7-9fc0-4f57ccbd9967@group-5FF82F29B6C0-FollowerState: change to CANDIDATE, lastRpcTime:31ms, electionTimeout:31ms
2019-10-15 03:19:08,252 [Thread-509] INFO  impl.RoleInfo (RoleInfo.java:shutdownFollowerState(121)) - 4c6a16c4-95d2-4ef7-9fc0-4f57ccbd9967: shutdown FollowerState
2019-10-15 03:19:08,252 [Thread-509] INFO  impl.RaftServerImpl (RaftServerImpl.java:setRole(184)) - 4c6a16c4-95d2-4ef7-9fc0-4f57ccbd9967@group-5FF82F29B6C0: changes role from  FOLLOWER to CANDIDATE at term 25 for changeToCandidate
2019-10-15 03:19:08,252 [Thread-509] INFO  impl.RoleInfo (RoleInfo.java:updateAndGet(143)) - 4c6a16c4-95d2-4ef7-9fc0-4f57ccbd9967: start LeaderElection
2019-10-15 03:19:08,278 [4c6a16c4-95d2-4ef7-9fc0-4f57ccbd9967@group-5FF82F29B6C0-LeaderElection38] INFO  impl.LeaderElection (LeaderElection.java:askForVotes(178)) - 4c6a16c4-95d2-4ef7-9fc0-4f57ccbd9967@group-5FF82F29B6C0-LeaderElection38: begin an election at term 26 for -1: [4c6a16c4-95d2-4ef7-9fc0-4f57ccbd9967:192.168.5.131:39112, 742c26a8-c271-430a-a05a-c8bba3fa6d96:192.168.5.131:42235, a910346c-1ee2-4cdc-a6d8-644a3a4f0b7f:192.168.5.131:38193], old=null
2019-10-15 03:19:08,281 [grpc-default-executor-3] INFO  impl.RaftServerImpl (RaftServerImpl.java:setRole(184)) - 742c26a8-c271-430a-a05a-c8bba3fa6d96@group-5FF82F29B6C0: changes role from  FOLLOWER to FOLLOWER at term 26 for recognizeCandidate:4c6a16c4-95d2-4ef7-9fc0-4f57ccbd9967
2019-10-15 03:19:08,281 [grpc-default-executor-4] INFO  impl.RaftServerImpl (RaftServerImpl.java:setRole(184)) - a910346c-1ee2-4cdc-a6d8-644a3a4f0b7f@group-5FF82F29B6C0: changes role from  FOLLOWER to FOLLOWER at term 26 for recognizeCandidate:4c6a16c4-95d2-4ef7-9fc0-4f57ccbd9967
2019-10-15 03:19:08,281 [grpc-default-executor-3] INFO  impl.RoleInfo (RoleInfo.java:shutdownFollowerState(121)) - 742c26a8-c271-430a-a05a-c8bba3fa6d96: shutdown FollowerState
2019-10-15 03:19:08,281 [grpc-default-executor-4] INFO  impl.RoleInfo (RoleInfo.java:shutdownFollowerState(121)) - a910346c-1ee2-4cdc-a6d8-644a3a4f0b7f: shutdown FollowerState
2019-10-15 03:19:08,282 [Thread-507] INFO  impl.FollowerState (FollowerState.java:run(117)) - 742c26a8-c271-430a-a05a-c8bba3fa6d96@group-5FF82F29B6C0-FollowerState was interrupted: java.lang.InterruptedException: sleep interrupted
2019-10-15 03:19:08,282 [grpc-default-executor-3] INFO  impl.RoleInfo (RoleInfo.java:updateAndGet(143)) - 742c26a8-c271-430a-a05a-c8bba3fa6d96: start FollowerState
2019-10-15 03:19:08,282 [grpc-default-executor-4] INFO  impl.RoleInfo (RoleInfo.java:updateAndGet(143)) - a910346c-1ee2-4cdc-a6d8-644a3a4f0b7f: start FollowerState
2019-10-15 03:19:08,282 [Thread-508] INFO  impl.FollowerState (FollowerState.java:run(117)) - a910346c-1ee2-4cdc-a6d8-644a3a4f0b7f@group-5FF82F29B6C0-FollowerState was interrupted: java.lang.InterruptedException: sleep interrupted
2019-10-15 03:19:08,310 [4c6a16c4-95d2-4ef7-9fc0-4f57ccbd9967@group-5FF82F29B6C0-LeaderElection38] INFO  impl.LeaderElection (LeaderElection.java:logAndReturn(56)) - 4c6a16c4-95d2-4ef7-9fc0-4f57ccbd9967@group-5FF82F29B6C0-LeaderElection38: Election REJECTED; received 2 response(s) [4c6a16c4-95d2-4ef7-9fc0-4f57ccbd9967<-742c26a8-c271-430a-a05a-c8bba3fa6d96#0:FAIL-t26, 4c6a16c4-95d2-4ef7-9fc0-4f57ccbd9967<-a910346c-1ee2-4cdc-a6d8-644a3a4f0b7f#0:FAIL-t26] and 0 exception(s); 4c6a16c4-95d2-4ef7-9fc0-4f57ccbd9967@group-5FF82F29B6C0:t26, leader=null, voted=4c6a16c4-95d2-4ef7-9fc0-4f57ccbd9967, raftlog=4c6a16c4-95d2-4ef7-9fc0-4f57ccbd9967@group-5FF82F29B6C0-SegmentedRaftLog:OPENED:c-1,f-1,i0, conf=-1: [4c6a16c4-95d2-4ef7-9fc0-4f57ccbd9967:192.168.5.131:39112, 742c26a8-c271-430a-a05a-c8bba3fa6d96:192.168.5.131:42235, a910346c-1ee2-4cdc-a6d8-644a3a4f0b7f:192.168.5.131:38193], old=null
2019-10-15 03:19:08,310 [4c6a16c4-95d2-4ef7-9fc0-4f57ccbd9967@group-5FF82F29B6C0-LeaderElection38] INFO  impl.RaftServerImpl (RaftServerImpl.java:setRole(184)) - 4c6a16c4-95d2-4ef7-9fc0-4f57ccbd9967@group-5FF82F29B6C0: changes role from CANDIDATE to FOLLOWER at term 26 for DISCOVERED_A_NEW_TERM
2019-10-15 03:19:08,310 [4c6a16c4-95d2-4ef7-9fc0-4f57ccbd9967@group-5FF82F29B6C0-LeaderElection38] INFO  impl.RoleInfo (RoleInfo.java:shutdownLeaderElection(134)) - 4c6a16c4-95d2-4ef7-9fc0-4f57ccbd9967: shutdown LeaderElection
2019-10-15 03:19:08,310 [4c6a16c4-95d2-4ef7-9fc0-4f57ccbd9967@group-5FF82F29B6C0-LeaderElection38] INFO  impl.RoleInfo (RoleInfo.java:updateAndGet(143)) - 4c6a16c4-95d2-4ef7-9fc0-4f57ccbd9967: start FollowerState
2019-10-15 03:19:08,438 [Thread-515] INFO  impl.FollowerState (FollowerState.java:run(108)) - 4c6a16c4-95d2-4ef7-9fc0-4f57ccbd9967@group-5FF82F29B6C0-FollowerState: change to CANDIDATE, lastRpcTime:127ms, electionTimeout:127ms
2019-10-15 03:19:08,438 [Thread-515] INFO  impl.RoleInfo (RoleInfo.java:shutdownFollowerState(121)) - 4c6a16c4-95d2-4ef7-9fc0-4f57ccbd9967: shutdown FollowerState
2019-10-15 03:19:08,438 [Thread-515] INFO  impl.RaftServerImpl (RaftServerImpl.java:setRole(184)) - 4c6a16c4-95d2-4ef7-9fc0-4f57ccbd9967@group-5FF82F29B6C0: changes role from  FOLLOWER to CANDIDATE at term 26 for changeToCandidate
2019-10-15 03:19:08,438 [Thread-515] INFO  impl.RoleInfo (RoleInfo.java:updateAndGet(143)) - 4c6a16c4-95d2-4ef7-9fc0-4f57ccbd9967: start LeaderElection
2019-10-15 03:19:08,453 [4c6a16c4-95d2-4ef7-9fc0-4f57ccbd9967@group-5FF82F29B6C0-LeaderElection39] INFO  impl.LeaderElection (LeaderElection.java:askForVotes(178)) - 4c6a16c4-95d2-4ef7-9fc0-4f57ccbd9967@group-5FF82F29B6C0-LeaderElection39: begin an election at term 27 for -1: [4c6a16c4-95d2-4ef7-9fc0-4f57ccbd9967:192.168.5.131:39112, 742c26a8-c271-430a-a05a-c8bba3fa6d96:192.168.5.131:42235, a910346c-1ee2-4cdc-a6d8-644a3a4f0b7f:192.168.5.131:38193], old=null
2019-10-15 03:19:08,456 [grpc-default-executor-3] INFO  impl.RaftServerImpl (RaftServerImpl.java:setRole(184)) - 742c26a8-c271-430a-a05a-c8bba3fa6d96@group-5FF82F29B6C0: changes role from  FOLLOWER to FOLLOWER at term 27 for recognizeCandidate:4c6a16c4-95d2-4ef7-9fc0-4f57ccbd9967
2019-10-15 03:19:08,456 [grpc-default-executor-4] INFO  impl.RaftServerImpl (RaftServerImpl.java:setRole(184)) - a910346c-1ee2-4cdc-a6d8-644a3a4f0b7f@group-5FF82F29B6C0: changes role from  FOLLOWER to FOLLOWER at term 27 for recognizeCandidate:4c6a16c4-95d2-4ef7-9fc0-4f57ccbd9967
2019-10-15 03:19:08,457 [grpc-default-executor-3] INFO  impl.RoleInfo (RoleInfo.java:shutdownFollowerState(121)) - 742c26a8-c271-430a-a05a-c8bba3fa6d96: shutdown FollowerState
2019-10-15 03:19:08,457 [grpc-default-executor-4] INFO  impl.RoleInfo (RoleInfo.java:shutdownFollowerState(121)) - a910346c-1ee2-4cdc-a6d8-644a3a4f0b7f: shutdown FollowerState
2019-10-15 03:19:08,457 [grpc-default-executor-3] INFO  impl.RoleInfo (RoleInfo.java:updateAndGet(143)) - 742c26a8-c271-430a-a05a-c8bba3fa6d96: start FollowerState
2019-10-15 03:19:08,457 [Thread-513] INFO  impl.FollowerState (FollowerState.java:run(117)) - 742c26a8-c271-430a-a05a-c8bba3fa6d96@group-5FF82F29B6C0-FollowerState was interrupted: java.lang.InterruptedException: sleep interrupted
2019-10-15 03:19:08,457 [Thread-514] INFO  impl.FollowerState (FollowerState.java:run(117)) - a910346c-1ee2-4cdc-a6d8-644a3a4f0b7f@group-5FF82F29B6C0-FollowerState was interrupted: java.lang.InterruptedException: sleep interrupted
2019-10-15 03:19:08,457 [grpc-default-executor-4] INFO  impl.RoleInfo (RoleInfo.java:updateAndGet(143)) - a910346c-1ee2-4cdc-a6d8-644a3a4f0b7f: start FollowerState
2019-10-15 03:19:08,471 [4c6a16c4-95d2-4ef7-9fc0-4f57ccbd9967@group-5FF82F29B6C0-LeaderElection39] INFO  impl.LeaderElection (LeaderElection.java:logAndReturn(56)) - 4c6a16c4-95d2-4ef7-9fc0-4f57ccbd9967@group-5FF82F29B6C0-LeaderElection39: Election REJECTED; received 2 response(s) [4c6a16c4-95d2-4ef7-9fc0-4f57ccbd9967<-742c26a8-c271-430a-a05a-c8bba3fa6d96#0:FAIL-t27, 4c6a16c4-95d2-4ef7-9fc0-4f57ccbd9967<-a910346c-1ee2-4cdc-a6d8-644a3a4f0b7f#0:FAIL-t27] and 0 exception(s); 4c6a16c4-95d2-4ef7-9fc0-4f57ccbd9967@group-5FF82F29B6C0:t27, leader=null, voted=4c6a16c4-95d2-4ef7-9fc0-4f57ccbd9967, raftlog=4c6a16c4-95d2-4ef7-9fc0-4f57ccbd9967@group-5FF82F29B6C0-SegmentedRaftLog:OPENED:c-1,f-1,i0, conf=-1: [4c6a16c4-95d2-4ef7-9fc0-4f57ccbd9967:192.168.5.131:39112, 742c26a8-c271-430a-a05a-c8bba3fa6d96:192.168.5.131:42235, a910346c-1ee2-4cdc-a6d8-644a3a4f0b7f:192.168.5.131:38193], old=null
2019-10-15 03:19:08,471 [4c6a16c4-95d2-4ef7-9fc0-4f57ccbd9967@group-5FF82F29B6C0-LeaderElection39] INFO  impl.RaftServerImpl (RaftServerImpl.java:setRole(184)) - 4c6a16c4-95d2-4ef7-9fc0-4f57ccbd9967@group-5FF82F29B6C0: changes role from CANDIDATE to FOLLOWER at term 27 for DISCOVERED_A_NEW_TERM
2019-10-15 03:19:08,471 [4c6a16c4-95d2-4ef7-9fc0-4f57ccbd9967@group-5FF82F29B6C0-LeaderElection39] INFO  impl.RoleInfo (RoleInfo.java:shutdownLeaderElection(134)) - 4c6a16c4-95d2-4ef7-9fc0-4f57ccbd9967: shutdown LeaderElection
2019-10-15 03:19:08,471 [4c6a16c4-95d2-4ef7-9fc0-4f57ccbd9967@group-5FF82F29B6C0-LeaderElection39] INFO  impl.RoleInfo (RoleInfo.java:updateAndGet(143)) - 4c6a16c4-95d2-4ef7-9fc0-4f57ccbd9967: start FollowerState
2019-10-15 03:19:08,511 [Thread-523] INFO  impl.FollowerState (FollowerState.java:run(108)) - 4c6a16c4-95d2-4ef7-9fc0-4f57ccbd9967@group-5FF82F29B6C0-FollowerState: change to CANDIDATE, lastRpcTime:39ms, electionTimeout:39ms
2019-10-15 03:19:08,511 [Thread-523] INFO  impl.RoleInfo (RoleInfo.java:shutdownFollowerState(121)) - 4c6a16c4-95d2-4ef7-9fc0-4f57ccbd9967: shutdown FollowerState
2019-10-15 03:19:08,511 [Thread-523] INFO  impl.RaftServerImpl (RaftServerImpl.java:setRole(184)) - 4c6a16c4-95d2-4ef7-9fc0-4f57ccbd9967@group-5FF82F29B6C0: changes role from  FOLLOWER to CANDIDATE at term 27 for changeToCandidate
2019-10-15 03:19:08,511 [Thread-523] INFO  impl.RoleInfo (RoleInfo.java:updateAndGet(143)) - 4c6a16c4-95d2-4ef7-9fc0-4f57ccbd9967: start LeaderElection
2019-10-15 03:19:08,525 [4c6a16c4-95d2-4ef7-9fc0-4f57ccbd9967@group-5FF82F29B6C0-LeaderElection40] INFO  impl.LeaderElection (LeaderElection.java:askForVotes(178)) - 4c6a16c4-95d2-4ef7-9fc0-4f57ccbd9967@group-5FF82F29B6C0-LeaderElection40: begin an election at term 28 for -1: [4c6a16c4-95d2-4ef7-9fc0-4f57ccbd9967:192.168.5.131:39112, 742c26a8-c271-430a-a05a-c8bba3fa6d96:192.168.5.131:42235, a910346c-1ee2-4cdc-a6d8-644a3a4f0b7f:192.168.5.131:38193], old=null
2019-10-15 03:19:08,528 [grpc-default-executor-3] INFO  impl.RaftServerImpl (RaftServerImpl.java:setRole(184)) - 742c26a8-c271-430a-a05a-c8bba3fa6d96@group-5FF82F29B6C0: changes role from  FOLLOWER to FOLLOWER at term 28 for recognizeCandidate:4c6a16c4-95d2-4ef7-9fc0-4f57ccbd9967
2019-10-15 03:19:08,528 [grpc-default-executor-4] INFO  impl.RaftServerImpl (RaftServerImpl.java:setRole(184)) - a910346c-1ee2-4cdc-a6d8-644a3a4f0b7f@group-5FF82F29B6C0: changes role from  FOLLOWER to FOLLOWER at term 28 for recognizeCandidate:4c6a16c4-95d2-4ef7-9fc0-4f57ccbd9967
2019-10-15 03:19:08,528 [grpc-default-executor-3] INFO  impl.RoleInfo (RoleInfo.java:shutdownFollowerState(121)) - 742c26a8-c271-430a-a05a-c8bba3fa6d96: shutdown FollowerState
2019-10-15 03:19:08,529 [grpc-default-executor-4] INFO  impl.RoleInfo (RoleInfo.java:shutdownFollowerState(121)) - a910346c-1ee2-4cdc-a6d8-644a3a4f0b7f: shutdown FollowerState
2019-10-15 03:19:08,529 [Thread-521] INFO  impl.FollowerState (FollowerState.java:run(117)) - 742c26a8-c271-430a-a05a-c8bba3fa6d96@group-5FF82F29B6C0-FollowerState was interrupted: java.lang.InterruptedException: sleep interrupted
2019-10-15 03:19:08,529 [grpc-default-executor-3] INFO  impl.RoleInfo (RoleInfo.java:updateAndGet(143)) - 742c26a8-c271-430a-a05a-c8bba3fa6d96: start FollowerState
2019-10-15 03:19:08,529 [Thread-522] INFO  impl.FollowerState (FollowerState.java:run(117)) - a910346c-1ee2-4cdc-a6d8-644a3a4f0b7f@group-5FF82F29B6C0-FollowerState was interrupted: java.lang.InterruptedException: sleep interrupted
2019-10-15 03:19:08,529 [grpc-default-executor-4] INFO  impl.RoleInfo (RoleInfo.java:updateAndGet(143)) - a910346c-1ee2-4cdc-a6d8-644a3a4f0b7f: start FollowerState
2019-10-15 03:19:08,544 [4c6a16c4-95d2-4ef7-9fc0-4f57ccbd9967@group-5FF82F29B6C0-LeaderElection40] INFO  impl.LeaderElection (LeaderElection.java:logAndReturn(56)) - 4c6a16c4-95d2-4ef7-9fc0-4f57ccbd9967@group-5FF82F29B6C0-LeaderElection40: Election REJECTED; received 2 response(s) [4c6a16c4-95d2-4ef7-9fc0-4f57ccbd9967<-742c26a8-c271-430a-a05a-c8bba3fa6d96#0:FAIL-t28, 4c6a16c4-95d2-4ef7-9fc0-4f57ccbd9967<-a910346c-1ee2-4cdc-a6d8-644a3a4f0b7f#0:FAIL-t28] and 0 exception(s); 4c6a16c4-95d2-4ef7-9fc0-4f57ccbd9967@group-5FF82F29B6C0:t28, leader=null, voted=4c6a16c4-95d2-4ef7-9fc0-4f57ccbd9967, raftlog=4c6a16c4-95d2-4ef7-9fc0-4f57ccbd9967@group-5FF82F29B6C0-SegmentedRaftLog:OPENED:c-1,f-1,i0, conf=-1: [4c6a16c4-95d2-4ef7-9fc0-4f57ccbd9967:192.168.5.131:39112, 742c26a8-c271-430a-a05a-c8bba3fa6d96:192.168.5.131:42235, a910346c-1ee2-4cdc-a6d8-644a3a4f0b7f:192.168.5.131:38193], old=null
2019-10-15 03:19:08,545 [4c6a16c4-95d2-4ef7-9fc0-4f57ccbd9967@group-5FF82F29B6C0-LeaderElection40] INFO  impl.RaftServerImpl (RaftServerImpl.java:setRole(184)) - 4c6a16c4-95d2-4ef7-9fc0-4f57ccbd9967@group-5FF82F29B6C0: changes role from CANDIDATE to FOLLOWER at term 28 for DISCOVERED_A_NEW_TERM
2019-10-15 03:19:08,545 [4c6a16c4-95d2-4ef7-9fc0-4f57ccbd9967@group-5FF82F29B6C0-LeaderElection40] INFO  impl.RoleInfo (RoleInfo.java:shutdownLeaderElection(134)) - 4c6a16c4-95d2-4ef7-9fc0-4f57ccbd9967: shutdown LeaderElection
2019-10-15 03:19:08,545 [4c6a16c4-95d2-4ef7-9fc0-4f57ccbd9967@group-5FF82F29B6C0-LeaderElection40] INFO  impl.RoleInfo (RoleInfo.java:updateAndGet(143)) - 4c6a16c4-95d2-4ef7-9fc0-4f57ccbd9967: start FollowerState
2019-10-15 03:19:08,715 [Thread-529] INFO  impl.FollowerState (FollowerState.java:run(108)) - 4c6a16c4-95d2-4ef7-9fc0-4f57ccbd9967@group-5FF82F29B6C0-FollowerState: change to CANDIDATE, lastRpcTime:169ms, electionTimeout:169ms
2019-10-15 03:19:08,715 [Thread-529] INFO  impl.RoleInfo (RoleInfo.java:shutdownFollowerState(121)) - 4c6a16c4-95d2-4ef7-9fc0-4f57ccbd9967: shutdown FollowerState
2019-10-15 03:19:08,715 [Thread-529] INFO  impl.RaftServerImpl (RaftServerImpl.java:setRole(184)) - 4c6a16c4-95d2-4ef7-9fc0-4f57ccbd9967@group-5FF82F29B6C0: changes role from  FOLLOWER to CANDIDATE at term 28 for changeToCandidate
2019-10-15 03:19:08,715 [Thread-529] INFO  impl.RoleInfo (RoleInfo.java:updateAndGet(143)) - 4c6a16c4-95d2-4ef7-9fc0-4f57ccbd9967: start LeaderElection
2019-10-15 03:19:08,747 [4c6a16c4-95d2-4ef7-9fc0-4f57ccbd9967@group-5FF82F29B6C0-LeaderElection41] INFO  impl.LeaderElection (LeaderElection.java:askForVotes(178)) - 4c6a16c4-95d2-4ef7-9fc0-4f57ccbd9967@group-5FF82F29B6C0-LeaderElection41: begin an election at term 29 for -1: [4c6a16c4-95d2-4ef7-9fc0-4f57ccbd9967:192.168.5.131:39112, 742c26a8-c271-430a-a05a-c8bba3fa6d96:192.168.5.131:42235, a910346c-1ee2-4cdc-a6d8-644a3a4f0b7f:192.168.5.131:38193], old=null
2019-10-15 03:19:08,751 [grpc-default-executor-4] INFO  impl.RaftServerImpl (RaftServerImpl.java:setRole(184)) - 742c26a8-c271-430a-a05a-c8bba3fa6d96@group-5FF82F29B6C0: changes role from  FOLLOWER to FOLLOWER at term 29 for recognizeCandidate:4c6a16c4-95d2-4ef7-9fc0-4f57ccbd9967
2019-10-15 03:19:08,751 [grpc-default-executor-3] INFO  impl.RaftServerImpl (RaftServerImpl.java:setRole(184)) - a910346c-1ee2-4cdc-a6d8-644a3a4f0b7f@group-5FF82F29B6C0: changes role from  FOLLOWER to FOLLOWER at term 29 for recognizeCandidate:4c6a16c4-95d2-4ef7-9fc0-4f57ccbd9967
2019-10-15 03:19:08,751 [grpc-default-executor-4] INFO  impl.RoleInfo (RoleInfo.java:shutdownFollowerState(121)) - 742c26a8-c271-430a-a05a-c8bba3fa6d96: shutdown FollowerState
2019-10-15 03:19:08,751 [grpc-default-executor-3] INFO  impl.RoleInfo (RoleInfo.java:shutdownFollowerState(121)) - a910346c-1ee2-4cdc-a6d8-644a3a4f0b7f: shutdown FollowerState
2019-10-15 03:19:08,752 [Thread-527] INFO  impl.FollowerState (FollowerState.java:run(117)) - 742c26a8-c271-430a-a05a-c8bba3fa6d96@group-5FF82F29B6C0-FollowerState was interrupted: java.lang.InterruptedException: sleep interrupted
2019-10-15 03:19:08,752 [Thread-528] INFO  impl.FollowerState (FollowerState.java:run(117)) - a910346c-1ee2-4cdc-a6d8-644a3a4f0b7f@group-5FF82F29B6C0-FollowerState was interrupted: java.lang.InterruptedException: sleep interrupted
2019-10-15 03:19:08,752 [grpc-default-executor-4] INFO  impl.RoleInfo (RoleInfo.java:updateAndGet(143)) - 742c26a8-c271-430a-a05a-c8bba3fa6d96: start FollowerState
2019-10-15 03:19:08,752 [grpc-default-executor-3] INFO  impl.RoleInfo (RoleInfo.java:updateAndGet(143)) - a910346c-1ee2-4cdc-a6d8-644a3a4f0b7f: start FollowerState
2019-10-15 03:19:08,778 [4c6a16c4-95d2-4ef7-9fc0-4f57ccbd9967@group-5FF82F29B6C0-LeaderElection41] INFO  impl.LeaderElection (LeaderElection.java:logAndReturn(56)) - 4c6a16c4-95d2-4ef7-9fc0-4f57ccbd9967@group-5FF82F29B6C0-LeaderElection41: Election REJECTED; received 2 response(s) [4c6a16c4-95d2-4ef7-9fc0-4f57ccbd9967<-742c26a8-c271-430a-a05a-c8bba3fa6d96#0:FAIL-t29, 4c6a16c4-95d2-4ef7-9fc0-4f57ccbd9967<-a910346c-1ee2-4cdc-a6d8-644a3a4f0b7f#0:FAIL-t29] and 0 exception(s); 4c6a16c4-95d2-4ef7-9fc0-4f57ccbd9967@group-5FF82F29B6C0:t29, leader=null, voted=4c6a16c4-95d2-4ef7-9fc0-4f57ccbd9967, raftlog=4c6a16c4-95d2-4ef7-9fc0-4f57ccbd9967@group-5FF82F29B6C0-SegmentedRaftLog:OPENED:c-1,f-1,i0, conf=-1: [4c6a16c4-95d2-4ef7-9fc0-4f57ccbd9967:192.168.5.131:39112, 742c26a8-c271-430a-a05a-c8bba3fa6d96:192.168.5.131:42235, a910346c-1ee2-4cdc-a6d8-644a3a4f0b7f:192.168.5.131:38193], old=null
2019-10-15 03:19:08,779 [4c6a16c4-95d2-4ef7-9fc0-4f57ccbd9967@group-5FF82F29B6C0-LeaderElection41] INFO  impl.RaftServerImpl (RaftServerImpl.java:setRole(184)) - 4c6a16c4-95d2-4ef7-9fc0-4f57ccbd9967@group-5FF82F29B6C0: changes role from CANDIDATE to FOLLOWER at term 29 for DISCOVERED_A_NEW_TERM
2019-10-15 03:19:08,779 [4c6a16c4-95d2-4ef7-9fc0-4f57ccbd9967@group-5FF82F29B6C0-LeaderElection41] INFO  impl.RoleInfo (RoleInfo.java:shutdownLeaderElection(134)) - 4c6a16c4-95d2-4ef7-9fc0-4f57ccbd9967: shutdown LeaderElection
2019-10-15 03:19:08,779 [4c6a16c4-95d2-4ef7-9fc0-4f57ccbd9967@group-5FF82F29B6C0-LeaderElection41] INFO  impl.RoleInfo (RoleInfo.java:updateAndGet(143)) - 4c6a16c4-95d2-4ef7-9fc0-4f57ccbd9967: start FollowerState
2019-10-15 03:19:08,923 [Thread-535] INFO  impl.FollowerState (FollowerState.java:run(108)) - 4c6a16c4-95d2-4ef7-9fc0-4f57ccbd9967@group-5FF82F29B6C0-FollowerState: change to CANDIDATE, lastRpcTime:144ms, electionTimeout:144ms
2019-10-15 03:19:08,924 [Thread-535] INFO  impl.RoleInfo (RoleInfo.java:shutdownFollowerState(121)) - 4c6a16c4-95d2-4ef7-9fc0-4f57ccbd9967: shutdown FollowerState
2019-10-15 03:19:08,924 [Thread-535] INFO  impl.RaftServerImpl (RaftServerImpl.java:setRole(184)) - 4c6a16c4-95d2-4ef7-9fc0-4f57ccbd9967@group-5FF82F29B6C0: changes role from  FOLLOWER to CANDIDATE at term 29 for changeToCandidate
2019-10-15 03:19:08,924 [Thread-535] INFO  impl.RoleInfo (RoleInfo.java:updateAndGet(143)) - 4c6a16c4-95d2-4ef7-9fc0-4f57ccbd9967: start LeaderElection
2019-10-15 03:19:08,940 [4c6a16c4-95d2-4ef7-9fc0-4f57ccbd9967@group-5FF82F29B6C0-LeaderElection42] INFO  impl.LeaderElection (LeaderElection.java:askForVotes(178)) - 4c6a16c4-95d2-4ef7-9fc0-4f57ccbd9967@group-5FF82F29B6C0-LeaderElection42: begin an election at term 30 for -1: [4c6a16c4-95d2-4ef7-9fc0-4f57ccbd9967:192.168.5.131:39112, 742c26a8-c271-430a-a05a-c8bba3fa6d96:192.168.5.131:42235, a910346c-1ee2-4cdc-a6d8-644a3a4f0b7f:192.168.5.131:38193], old=null
2019-10-15 03:19:08,943 [grpc-default-executor-4] INFO  impl.RaftServerImpl (RaftServerImpl.java:setRole(184)) - 742c26a8-c271-430a-a05a-c8bba3fa6d96@group-5FF82F29B6C0: changes role from  FOLLOWER to FOLLOWER at term 30 for recognizeCandidate:4c6a16c4-95d2-4ef7-9fc0-4f57ccbd9967
2019-10-15 03:19:08,944 [grpc-default-executor-4] INFO  impl.RoleInfo (RoleInfo.java:shutdownFollowerState(121)) - 742c26a8-c271-430a-a05a-c8bba3fa6d96: shutdown FollowerState
2019-10-15 03:19:08,944 [grpc-default-executor-3] INFO  impl.RaftServerImpl (RaftServerImpl.java:setRole(184)) - a910346c-1ee2-4cdc-a6d8-644a3a4f0b7f@group-5FF82F29B6C0: changes role from  FOLLOWER to FOLLOWER at term 30 for recognizeCandidate:4c6a16c4-95d2-4ef7-9fc0-4f57ccbd9967
2019-10-15 03:19:08,944 [grpc-default-executor-4] INFO  impl.RoleInfo (RoleInfo.java:updateAndGet(143)) - 742c26a8-c271-430a-a05a-c8bba3fa6d96: start FollowerState
2019-10-15 03:19:08,944 [Thread-533] INFO  impl.FollowerState (FollowerState.java:run(117)) - 742c26a8-c271-430a-a05a-c8bba3fa6d96@group-5FF82F29B6C0-FollowerState was interrupted: java.lang.InterruptedException: sleep interrupted
2019-10-15 03:19:08,944 [grpc-default-executor-3] INFO  impl.RoleInfo (RoleInfo.java:shutdownFollowerState(121)) - a910346c-1ee2-4cdc-a6d8-644a3a4f0b7f: shutdown FollowerState
2019-10-15 03:19:08,945 [grpc-default-executor-3] INFO  impl.RoleInfo (RoleInfo.java:updateAndGet(143)) - a910346c-1ee2-4cdc-a6d8-644a3a4f0b7f: start FollowerState
2019-10-15 03:19:08,945 [Thread-534] INFO  impl.FollowerState (FollowerState.java:run(117)) - a910346c-1ee2-4cdc-a6d8-644a3a4f0b7f@group-5FF82F29B6C0-FollowerState was interrupted: java.lang.InterruptedException: sleep interrupted
2019-10-15 03:19:08,972 [4c6a16c4-95d2-4ef7-9fc0-4f57ccbd9967@group-5FF82F29B6C0-LeaderElection42] INFO  impl.LeaderElection (LeaderElection.java:logAndReturn(56)) - 4c6a16c4-95d2-4ef7-9fc0-4f57ccbd9967@group-5FF82F29B6C0-LeaderElection42: Election REJECTED; received 2 response(s) [4c6a16c4-95d2-4ef7-9fc0-4f57ccbd9967<-742c26a8-c271-430a-a05a-c8bba3fa6d96#0:FAIL-t30, 4c6a16c4-95d2-4ef7-9fc0-4f57ccbd9967<-a910346c-1ee2-4cdc-a6d8-644a3a4f0b7f#0:FAIL-t30] and 0 exception(s); 4c6a16c4-95d2-4ef7-9fc0-4f57ccbd9967@group-5FF82F29B6C0:t30, leader=null, voted=4c6a16c4-95d2-4ef7-9fc0-4f57ccbd9967, raftlog=4c6a16c4-95d2-4ef7-9fc0-4f57ccbd9967@group-5FF82F29B6C0-SegmentedRaftLog:OPENED:c-1,f-1,i0, conf=-1: [4c6a16c4-95d2-4ef7-9fc0-4f57ccbd9967:192.168.5.131:39112, 742c26a8-c271-430a-a05a-c8bba3fa6d96:192.168.5.131:42235, a910346c-1ee2-4cdc-a6d8-644a3a4f0b7f:192.168.5.131:38193], old=null
2019-10-15 03:19:08,972 [4c6a16c4-95d2-4ef7-9fc0-4f57ccbd9967@group-5FF82F29B6C0-LeaderElection42] INFO  impl.RaftServerImpl (RaftServerImpl.java:setRole(184)) - 4c6a16c4-95d2-4ef7-9fc0-4f57ccbd9967@group-5FF82F29B6C0: changes role from CANDIDATE to FOLLOWER at term 30 for DISCOVERED_A_NEW_TERM
2019-10-15 03:19:08,972 [4c6a16c4-95d2-4ef7-9fc0-4f57ccbd9967@group-5FF82F29B6C0-LeaderElection42] INFO  impl.RoleInfo (RoleInfo.java:shutdownLeaderElection(134)) - 4c6a16c4-95d2-4ef7-9fc0-4f57ccbd9967: shutdown LeaderElection
2019-10-15 03:19:08,973 [4c6a16c4-95d2-4ef7-9fc0-4f57ccbd9967@group-5FF82F29B6C0-LeaderElection42] INFO  impl.RoleInfo (RoleInfo.java:updateAndGet(143)) - 4c6a16c4-95d2-4ef7-9fc0-4f57ccbd9967: start FollowerState
2019-10-15 03:19:09,145 [Thread-543] INFO  impl.FollowerState (FollowerState.java:run(108)) - 4c6a16c4-95d2-4ef7-9fc0-4f57ccbd9967@group-5FF82F29B6C0-FollowerState: change to CANDIDATE, lastRpcTime:172ms, electionTimeout:172ms
2019-10-15 03:19:09,146 [Thread-543] INFO  impl.RoleInfo (RoleInfo.java:shutdownFollowerState(121)) - 4c6a16c4-95d2-4ef7-9fc0-4f57ccbd9967: shutdown FollowerState
2019-10-15 03:19:09,146 [Thread-543] INFO  impl.RaftServerImpl (RaftServerImpl.java:setRole(184)) - 4c6a16c4-95d2-4ef7-9fc0-4f57ccbd9967@group-5FF82F29B6C0: changes role from  FOLLOWER to CANDIDATE at term 30 for changeToCandidate
2019-10-15 03:19:09,146 [Thread-543] INFO  impl.RoleInfo (RoleInfo.java:updateAndGet(143)) - 4c6a16c4-95d2-4ef7-9fc0-4f57ccbd9967: start LeaderElection
2019-10-15 03:19:09,172 [4c6a16c4-95d2-4ef7-9fc0-4f57ccbd9967@group-5FF82F29B6C0-LeaderElection43] INFO  impl.LeaderElection (LeaderElection.java:askForVotes(178)) - 4c6a16c4-95d2-4ef7-9fc0-4f57ccbd9967@group-5FF82F29B6C0-LeaderElection43: begin an election at term 31 for -1: [4c6a16c4-95d2-4ef7-9fc0-4f57ccbd9967:192.168.5.131:39112, 742c26a8-c271-430a-a05a-c8bba3fa6d96:192.168.5.131:42235, a910346c-1ee2-4cdc-a6d8-644a3a4f0b7f:192.168.5.131:38193], old=null
2019-10-15 03:19:09,175 [grpc-default-executor-3] INFO  impl.RaftServerImpl (RaftServerImpl.java:setRole(184)) - 742c26a8-c271-430a-a05a-c8bba3fa6d96@group-5FF82F29B6C0: changes role from  FOLLOWER to FOLLOWER at term 31 for recognizeCandidate:4c6a16c4-95d2-4ef7-9fc0-4f57ccbd9967
2019-10-15 03:19:09,175 [grpc-default-executor-3] INFO  impl.RoleInfo (RoleInfo.java:shutdownFollowerState(121)) - 742c26a8-c271-430a-a05a-c8bba3fa6d96: shutdown FollowerState
2019-10-15 03:19:09,175 [grpc-default-executor-4] INFO  impl.RaftServerImpl (RaftServerImpl.java:setRole(184)) - a910346c-1ee2-4cdc-a6d8-644a3a4f0b7f@group-5FF82F29B6C0: changes role from  FOLLOWER to FOLLOWER at term 31 for recognizeCandidate:4c6a16c4-95d2-4ef7-9fc0-4f57ccbd9967
2019-10-15 03:19:09,175 [Thread-541] INFO  impl.FollowerState (FollowerState.java:run(117)) - 742c26a8-c271-430a-a05a-c8bba3fa6d96@group-5FF82F29B6C0-FollowerState was interrupted: java.lang.InterruptedException: sleep interrupted
2019-10-15 03:19:09,175 [grpc-default-executor-4] INFO  impl.RoleInfo (RoleInfo.java:shutdownFollowerState(121)) - a910346c-1ee2-4cdc-a6d8-644a3a4f0b7f: shutdown FollowerState
2019-10-15 03:19:09,175 [grpc-default-executor-3] INFO  impl.RoleInfo (RoleInfo.java:updateAndGet(143)) - 742c26a8-c271-430a-a05a-c8bba3fa6d96: start FollowerState
2019-10-15 03:19:09,176 [Thread-542] INFO  impl.FollowerState (FollowerState.java:run(117)) - a910346c-1ee2-4cdc-a6d8-644a3a4f0b7f@group-5FF82F29B6C0-FollowerState was interrupted: java.lang.InterruptedException: sleep interrupted
2019-10-15 03:19:09,176 [grpc-default-executor-4] INFO  impl.RoleInfo (RoleInfo.java:updateAndGet(143)) - a910346c-1ee2-4cdc-a6d8-644a3a4f0b7f: start FollowerState
2019-10-15 03:19:09,202 [4c6a16c4-95d2-4ef7-9fc0-4f57ccbd9967@group-5FF82F29B6C0-LeaderElection43] INFO  impl.LeaderElection (LeaderElection.java:logAndReturn(56)) - 4c6a16c4-95d2-4ef7-9fc0-4f57ccbd9967@group-5FF82F29B6C0-LeaderElection43: Election REJECTED; received 2 response(s) [4c6a16c4-95d2-4ef7-9fc0-4f57ccbd9967<-742c26a8-c271-430a-a05a-c8bba3fa6d96#0:FAIL-t31, 4c6a16c4-95d2-4ef7-9fc0-4f57ccbd9967<-a910346c-1ee2-4cdc-a6d8-644a3a4f0b7f#0:FAIL-t31] and 0 exception(s); 4c6a16c4-95d2-4ef7-9fc0-4f57ccbd9967@group-5FF82F29B6C0:t31, leader=null, voted=4c6a16c4-95d2-4ef7-9fc0-4f57ccbd9967, raftlog=4c6a16c4-95d2-4ef7-9fc0-4f57ccbd9967@group-5FF82F29B6C0-SegmentedRaftLog:OPENED:c-1,f-1,i0, conf=-1: [4c6a16c4-95d2-4ef7-9fc0-4f57ccbd9967:192.168.5.131:39112, 742c26a8-c271-430a-a05a-c8bba3fa6d96:192.168.5.131:42235, a910346c-1ee2-4cdc-a6d8-644a3a4f0b7f:192.168.5.131:38193], old=null
2019-10-15 03:19:09,203 [4c6a16c4-95d2-4ef7-9fc0-4f57ccbd9967@group-5FF82F29B6C0-LeaderElection43] INFO  impl.RaftServerImpl (RaftServerImpl.java:setRole(184)) - 4c6a16c4-95d2-4ef7-9fc0-4f57ccbd9967@group-5FF82F29B6C0: changes role from CANDIDATE to FOLLOWER at term 31 for DISCOVERED_A_NEW_TERM
2019-10-15 03:19:09,203 [4c6a16c4-95d2-4ef7-9fc0-4f57ccbd9967@group-5FF82F29B6C0-LeaderElection43] INFO  impl.RoleInfo (RoleInfo.java:shutdownLeaderElection(134)) - 4c6a16c4-95d2-4ef7-9fc0-4f57ccbd9967: shutdown LeaderElection
2019-10-15 03:19:09,203 [4c6a16c4-95d2-4ef7-9fc0-4f57ccbd9967@group-5FF82F29B6C0-LeaderElection43] INFO  impl.RoleInfo (RoleInfo.java:updateAndGet(143)) - 4c6a16c4-95d2-4ef7-9fc0-4f57ccbd9967: start FollowerState
2019-10-15 03:19:09,323 [Thread-551] INFO  impl.FollowerState (FollowerState.java:run(108)) - 4c6a16c4-95d2-4ef7-9fc0-4f57ccbd9967@group-5FF82F29B6C0-FollowerState: change to CANDIDATE, lastRpcTime:119ms, electionTimeout:119ms
2019-10-15 03:19:09,323 [Thread-551] INFO  impl.RoleInfo (RoleInfo.java:shutdownFollowerState(121)) - 4c6a16c4-95d2-4ef7-9fc0-4f57ccbd9967: shutdown FollowerState
2019-10-15 03:19:09,323 [Thread-551] INFO  impl.RaftServerImpl (RaftServerImpl.java:setRole(184)) - 4c6a16c4-95d2-4ef7-9fc0-4f57ccbd9967@group-5FF82F29B6C0: changes role from  FOLLOWER to CANDIDATE at term 31 for changeToCandidate
2019-10-15 03:19:09,323 [Thread-551] INFO  impl.RoleInfo (RoleInfo.java:updateAndGet(143)) - 4c6a16c4-95d2-4ef7-9fc0-4f57ccbd9967: start LeaderElection
2019-10-15 03:19:09,337 [4c6a16c4-95d2-4ef7-9fc0-4f57ccbd9967@group-5FF82F29B6C0-LeaderElection44] INFO  impl.LeaderElection (LeaderElection.java:askForVotes(178)) - 4c6a16c4-95d2-4ef7-9fc0-4f57ccbd9967@group-5FF82F29B6C0-LeaderElection44: begin an election at term 32 for -1: [4c6a16c4-95d2-4ef7-9fc0-4f57ccbd9967:192.168.5.131:39112, 742c26a8-c271-430a-a05a-c8bba3fa6d96:192.168.5.131:42235, a910346c-1ee2-4cdc-a6d8-644a3a4f0b7f:192.168.5.131:38193], old=null
2019-10-15 03:19:09,341 [grpc-default-executor-3] INFO  impl.RaftServerImpl (RaftServerImpl.java:setRole(184)) - a910346c-1ee2-4cdc-a6d8-644a3a4f0b7f@group-5FF82F29B6C0: changes role from  FOLLOWER to FOLLOWER at term 32 for recognizeCandidate:4c6a16c4-95d2-4ef7-9fc0-4f57ccbd9967
2019-10-15 03:19:09,341 [grpc-default-executor-4] INFO  impl.RaftServerImpl (RaftServerImpl.java:setRole(184)) - 742c26a8-c271-430a-a05a-c8bba3fa6d96@group-5FF82F29B6C0: changes role from  FOLLOWER to FOLLOWER at term 32 for recognizeCandidate:4c6a16c4-95d2-4ef7-9fc0-4f57ccbd9967
2019-10-15 03:19:09,341 [grpc-default-executor-3] INFO  impl.RoleInfo (RoleInfo.java:shutdownFollowerState(121)) - a910346c-1ee2-4cdc-a6d8-644a3a4f0b7f: shutdown FollowerState
2019-10-15 03:19:09,341 [grpc-default-executor-4] INFO  impl.RoleInfo (RoleInfo.java:shutdownFollowerState(121)) - 742c26a8-c271-430a-a05a-c8bba3fa6d96: shutdown FollowerState
2019-10-15 03:19:09,342 [Thread-550] INFO  impl.FollowerState (FollowerState.java:run(117)) - a910346c-1ee2-4cdc-a6d8-644a3a4f0b7f@group-5FF82F29B6C0-FollowerState was interrupted: java.lang.InterruptedException: sleep interrupted
2019-10-15 03:19:09,342 [grpc-default-executor-3] INFO  impl.RoleInfo (RoleInfo.java:updateAndGet(143)) - a910346c-1ee2-4cdc-a6d8-644a3a4f0b7f: start FollowerState
2019-10-15 03:19:09,342 [grpc-default-executor-4] INFO  impl.RoleInfo (RoleInfo.java:updateAndGet(143)) - 742c26a8-c271-430a-a05a-c8bba3fa6d96: start FollowerState
2019-10-15 03:19:09,342 [Thread-549] INFO  impl.FollowerState (FollowerState.java:run(117)) - 742c26a8-c271-430a-a05a-c8bba3fa6d96@group-5FF82F29B6C0-FollowerState was interrupted: java.lang.InterruptedException: sleep interrupted
2019-10-15 03:19:09,358 [4c6a16c4-95d2-4ef7-9fc0-4f57ccbd9967@group-5FF82F29B6C0-LeaderElection44] INFO  impl.LeaderElection (LeaderElection.java:logAndReturn(56)) - 4c6a16c4-95d2-4ef7-9fc0-4f57ccbd9967@group-5FF82F29B6C0-LeaderElection44: Election REJECTED; received 2 response(s) [4c6a16c4-95d2-4ef7-9fc0-4f57ccbd9967<-742c26a8-c271-430a-a05a-c8bba3fa6d96#0:FAIL-t32, 4c6a16c4-95d2-4ef7-9fc0-4f57ccbd9967<-a910346c-1ee2-4cdc-a6d8-644a3a4f0b7f#0:FAIL-t32] and 0 exception(s); 4c6a16c4-95d2-4ef7-9fc0-4f57ccbd9967@group-5FF82F29B6C0:t32, leader=null, voted=4c6a16c4-95d2-4ef7-9fc0-4f57ccbd9967, raftlog=4c6a16c4-95d2-4ef7-9fc0-4f57ccbd9967@group-5FF82F29B6C0-SegmentedRaftLog:OPENED:c-1,f-1,i0, conf=-1: [4c6a16c4-95d2-4ef7-9fc0-4f57ccbd9967:192.168.5.131:39112, 742c26a8-c271-430a-a05a-c8bba3fa6d96:192.168.5.131:42235, a910346c-1ee2-4cdc-a6d8-644a3a4f0b7f:192.168.5.131:38193], old=null
2019-10-15 03:19:09,358 [4c6a16c4-95d2-4ef7-9fc0-4f57ccbd9967@group-5FF82F29B6C0-LeaderElection44] INFO  impl.RaftServerImpl (RaftServerImpl.java:setRole(184)) - 4c6a16c4-95d2-4ef7-9fc0-4f57ccbd9967@group-5FF82F29B6C0: changes role from CANDIDATE to FOLLOWER at term 32 for DISCOVERED_A_NEW_TERM
2019-10-15 03:19:09,358 [4c6a16c4-95d2-4ef7-9fc0-4f57ccbd9967@group-5FF82F29B6C0-LeaderElection44] INFO  impl.RoleInfo (RoleInfo.java:shutdownLeaderElection(134)) - 4c6a16c4-95d2-4ef7-9fc0-4f57ccbd9967: shutdown LeaderElection
2019-10-15 03:19:09,359 [4c6a16c4-95d2-4ef7-9fc0-4f57ccbd9967@group-5FF82F29B6C0-LeaderElection44] INFO  impl.RoleInfo (RoleInfo.java:updateAndGet(143)) - 4c6a16c4-95d2-4ef7-9fc0-4f57ccbd9967: start FollowerState
2019-10-15 03:19:09,402 [Thread-559] INFO  impl.FollowerState (FollowerState.java:run(108)) - 4c6a16c4-95d2-4ef7-9fc0-4f57ccbd9967@group-5FF82F29B6C0-FollowerState: change to CANDIDATE, lastRpcTime:43ms, electionTimeout:43ms
2019-10-15 03:19:09,402 [Thread-559] INFO  impl.RoleInfo (RoleInfo.java:shutdownFollowerState(121)) - 4c6a16c4-95d2-4ef7-9fc0-4f57ccbd9967: shutdown FollowerState
2019-10-15 03:19:09,402 [Thread-559] INFO  impl.RaftServerImpl (RaftServerImpl.java:setRole(184)) - 4c6a16c4-95d2-4ef7-9fc0-4f57ccbd9967@group-5FF82F29B6C0: changes role from  FOLLOWER to CANDIDATE at term 32 for changeToCandidate
2019-10-15 03:19:09,403 [Thread-559] INFO  impl.RoleInfo (RoleInfo.java:updateAndGet(143)) - 4c6a16c4-95d2-4ef7-9fc0-4f57ccbd9967: start LeaderElection
2019-10-15 03:19:09,427 [4c6a16c4-95d2-4ef7-9fc0-4f57ccbd9967@group-5FF82F29B6C0-LeaderElection45] INFO  impl.LeaderElection (LeaderElection.java:askForVotes(178)) - 4c6a16c4-95d2-4ef7-9fc0-4f57ccbd9967@group-5FF82F29B6C0-LeaderElection45: begin an election at term 33 for -1: [4c6a16c4-95d2-4ef7-9fc0-4f57ccbd9967:192.168.5.131:39112, 742c26a8-c271-430a-a05a-c8bba3fa6d96:192.168.5.131:42235, a910346c-1ee2-4cdc-a6d8-644a3a4f0b7f:192.168.5.131:38193], old=null
2019-10-15 03:19:09,431 [grpc-default-executor-3] INFO  impl.RaftServerImpl (RaftServerImpl.java:setRole(184)) - 742c26a8-c271-430a-a05a-c8bba3fa6d96@group-5FF82F29B6C0: changes role from  FOLLOWER to FOLLOWER at term 33 for recognizeCandidate:4c6a16c4-95d2-4ef7-9fc0-4f57ccbd9967
2019-10-15 03:19:09,431 [grpc-default-executor-4] INFO  impl.RaftServerImpl (RaftServerImpl.java:setRole(184)) - a910346c-1ee2-4cdc-a6d8-644a3a4f0b7f@group-5FF82F29B6C0: changes role from  FOLLOWER to FOLLOWER at term 33 for recognizeCandidate:4c6a16c4-95d2-4ef7-9fc0-4f57ccbd9967
2019-10-15 03:19:09,431 [grpc-default-executor-3] INFO  impl.RoleInfo (RoleInfo.java:shutdownFollowerState(121)) - 742c26a8-c271-430a-a05a-c8bba3fa6d96: shutdown FollowerState
2019-10-15 03:19:09,431 [grpc-default-executor-4] INFO  impl.RoleInfo (RoleInfo.java:shutdownFollowerState(121)) - a910346c-1ee2-4cdc-a6d8-644a3a4f0b7f: shutdown FollowerState
2019-10-15 03:19:09,432 [Thread-556] INFO  impl.FollowerState (FollowerState.java:run(117)) - 742c26a8-c271-430a-a05a-c8bba3fa6d96@group-5FF82F29B6C0-FollowerState was interrupted: java.lang.InterruptedException: sleep interrupted
2019-10-15 03:19:09,432 [grpc-default-executor-3] INFO  impl.RoleInfo (RoleInfo.java:updateAndGet(143)) - 742c26a8-c271-430a-a05a-c8bba3fa6d96: start FollowerState
2019-10-15 03:19:09,432 [grpc-default-executor-4] INFO  impl.RoleInfo (RoleInfo.java:updateAndGet(143)) - a910346c-1ee2-4cdc-a6d8-644a3a4f0b7f: start FollowerState
2019-10-15 03:19:09,432 [Thread-555] INFO  impl.FollowerState (FollowerState.java:run(117)) - a910346c-1ee2-4cdc-a6d8-644a3a4f0b7f@group-5FF82F29B6C0-FollowerState was interrupted: java.lang.InterruptedException: sleep interrupted
2019-10-15 03:19:09,459 [4c6a16c4-95d2-4ef7-9fc0-4f57ccbd9967@group-5FF82F29B6C0-LeaderElection45] INFO  impl.LeaderElection (LeaderElection.java:logAndReturn(56)) - 4c6a16c4-95d2-4ef7-9fc0-4f57ccbd9967@group-5FF82F29B6C0-LeaderElection45: Election REJECTED; received 2 response(s) [4c6a16c4-95d2-4ef7-9fc0-4f57ccbd9967<-742c26a8-c271-430a-a05a-c8bba3fa6d96#0:FAIL-t33, 4c6a16c4-95d2-4ef7-9fc0-4f57ccbd9967<-a910346c-1ee2-4cdc-a6d8-644a3a4f0b7f#0:FAIL-t33] and 0 exception(s); 4c6a16c4-95d2-4ef7-9fc0-4f57ccbd9967@group-5FF82F29B6C0:t33, leader=null, voted=4c6a16c4-95d2-4ef7-9fc0-4f57ccbd9967, raftlog=4c6a16c4-95d2-4ef7-9fc0-4f57ccbd9967@group-5FF82F29B6C0-SegmentedRaftLog:OPENED:c-1,f-1,i0, conf=-1: [4c6a16c4-95d2-4ef7-9fc0-4f57ccbd9967:192.168.5.131:39112, 742c26a8-c271-430a-a05a-c8bba3fa6d96:192.168.5.131:42235, a910346c-1ee2-4cdc-a6d8-644a3a4f0b7f:192.168.5.131:38193], old=null
2019-10-15 03:19:09,459 [4c6a16c4-95d2-4ef7-9fc0-4f57ccbd9967@group-5FF82F29B6C0-LeaderElection45] INFO  impl.RaftServerImpl (RaftServerImpl.java:setRole(184)) - 4c6a16c4-95d2-4ef7-9fc0-4f57ccbd9967@group-5FF82F29B6C0: changes role from CANDIDATE to FOLLOWER at term 33 for DISCOVERED_A_NEW_TERM
2019-10-15 03:19:09,459 [4c6a16c4-95d2-4ef7-9fc0-4f57ccbd9967@group-5FF82F29B6C0-LeaderElection45] INFO  impl.RoleInfo (RoleInfo.java:shutdownLeaderElection(134)) - 4c6a16c4-95d2-4ef7-9fc0-4f57ccbd9967: shutdown LeaderElection
2019-10-15 03:19:09,459 [4c6a16c4-95d2-4ef7-9fc0-4f57ccbd9967@group-5FF82F29B6C0-LeaderElection45] INFO  impl.RoleInfo (RoleInfo.java:updateAndGet(143)) - 4c6a16c4-95d2-4ef7-9fc0-4f57ccbd9967: start FollowerState
2019-10-15 03:19:09,623 [Thread-565] INFO  impl.FollowerState (FollowerState.java:run(108)) - 4c6a16c4-95d2-4ef7-9fc0-4f57ccbd9967@group-5FF82F29B6C0-FollowerState: change to CANDIDATE, lastRpcTime:163ms, electionTimeout:163ms
2019-10-15 03:19:09,623 [Thread-565] INFO  impl.RoleInfo (RoleInfo.java:shutdownFollowerState(121)) - 4c6a16c4-95d2-4ef7-9fc0-4f57ccbd9967: shutdown FollowerState
2019-10-15 03:19:09,623 [Thread-565] INFO  impl.RaftServerImpl (RaftServerImpl.java:setRole(184)) - 4c6a16c4-95d2-4ef7-9fc0-4f57ccbd9967@group-5FF82F29B6C0: changes role from  FOLLOWER to CANDIDATE at term 33 for changeToCandidate
2019-10-15 03:19:09,623 [Thread-565] INFO  impl.RoleInfo (RoleInfo.java:updateAndGet(143)) - 4c6a16c4-95d2-4ef7-9fc0-4f57ccbd9967: start LeaderElection
2019-10-15 03:19:09,646 [4c6a16c4-95d2-4ef7-9fc0-4f57ccbd9967@group-5FF82F29B6C0-LeaderElection46] INFO  impl.LeaderElection (LeaderElection.java:askForVotes(178)) - 4c6a16c4-95d2-4ef7-9fc0-4f57ccbd9967@group-5FF82F29B6C0-LeaderElection46: begin an election at term 34 for -1: [4c6a16c4-95d2-4ef7-9fc0-4f57ccbd9967:192.168.5.131:39112, 742c26a8-c271-430a-a05a-c8bba3fa6d96:192.168.5.131:42235, a910346c-1ee2-4cdc-a6d8-644a3a4f0b7f:192.168.5.131:38193], old=null
2019-10-15 03:19:09,650 [grpc-default-executor-3] INFO  impl.RaftServerImpl (RaftServerImpl.java:setRole(184)) - a910346c-1ee2-4cdc-a6d8-644a3a4f0b7f@group-5FF82F29B6C0: changes role from  FOLLOWER to FOLLOWER at term 34 for recognizeCandidate:4c6a16c4-95d2-4ef7-9fc0-4f57ccbd9967
2019-10-15 03:19:09,650 [grpc-default-executor-4] INFO  impl.RaftServerImpl (RaftServerImpl.java:setRole(184)) - 742c26a8-c271-430a-a05a-c8bba3fa6d96@group-5FF82F29B6C0: changes role from  FOLLOWER to FOLLOWER at term 34 for recognizeCandidate:4c6a16c4-95d2-4ef7-9fc0-4f57ccbd9967
2019-10-15 03:19:09,650 [grpc-default-executor-3] INFO  impl.RoleInfo (RoleInfo.java:shutdownFollowerState(121)) - a910346c-1ee2-4cdc-a6d8-644a3a4f0b7f: shutdown FollowerState
2019-10-15 03:19:09,650 [grpc-default-executor-4] INFO  impl.RoleInfo (RoleInfo.java:shutdownFollowerState(121)) - 742c26a8-c271-430a-a05a-c8bba3fa6d96: shutdown FollowerState
2019-10-15 03:19:09,650 [Thread-564] INFO  impl.FollowerState (FollowerState.java:run(117)) - a910346c-1ee2-4cdc-a6d8-644a3a4f0b7f@group-5FF82F29B6C0-FollowerState was interrupted: java.lang.InterruptedException: sleep interrupted
2019-10-15 03:19:09,650 [grpc-default-executor-3] INFO  impl.RoleInfo (RoleInfo.java:updateAndGet(143)) - a910346c-1ee2-4cdc-a6d8-644a3a4f0b7f: start FollowerState
2019-10-15 03:19:09,651 [Thread-563] INFO  impl.FollowerState (FollowerState.java:run(117)) - 742c26a8-c271-430a-a05a-c8bba3fa6d96@group-5FF82F29B6C0-FollowerState was interrupted: java.lang.InterruptedException: sleep interrupted
2019-10-15 03:19:09,651 [grpc-default-executor-4] INFO  impl.RoleInfo (RoleInfo.java:updateAndGet(143)) - 742c26a8-c271-430a-a05a-c8bba3fa6d96: start FollowerState
2019-10-15 03:19:09,678 [4c6a16c4-95d2-4ef7-9fc0-4f57ccbd9967@group-5FF82F29B6C0-LeaderElection46] INFO  impl.LeaderElection (LeaderElection.java:logAndReturn(56)) - 4c6a16c4-95d2-4ef7-9fc0-4f57ccbd9967@group-5FF82F29B6C0-LeaderElection46: Election REJECTED; received 2 response(s) [4c6a16c4-95d2-4ef7-9fc0-4f57ccbd9967<-742c26a8-c271-430a-a05a-c8bba3fa6d96#0:FAIL-t34, 4c6a16c4-95d2-4ef7-9fc0-4f57ccbd9967<-a910346c-1ee2-4cdc-a6d8-644a3a4f0b7f#0:FAIL-t34] and 0 exception(s); 4c6a16c4-95d2-4ef7-9fc0-4f57ccbd9967@group-5FF82F29B6C0:t34, leader=null, voted=4c6a16c4-95d2-4ef7-9fc0-4f57ccbd9967, raftlog=4c6a16c4-95d2-4ef7-9fc0-4f57ccbd9967@group-5FF82F29B6C0-SegmentedRaftLog:OPENED:c-1,f-1,i0, conf=-1: [4c6a16c4-95d2-4ef7-9fc0-4f57ccbd9967:192.168.5.131:39112, 742c26a8-c271-430a-a05a-c8bba3fa6d96:192.168.5.131:42235, a910346c-1ee2-4cdc-a6d8-644a3a4f0b7f:192.168.5.131:38193], old=null
2019-10-15 03:19:09,678 [4c6a16c4-95d2-4ef7-9fc0-4f57ccbd9967@group-5FF82F29B6C0-LeaderElection46] INFO  impl.RaftServerImpl (RaftServerImpl.java:setRole(184)) - 4c6a16c4-95d2-4ef7-9fc0-4f57ccbd9967@group-5FF82F29B6C0: changes role from CANDIDATE to FOLLOWER at term 34 for DISCOVERED_A_NEW_TERM
2019-10-15 03:19:09,678 [4c6a16c4-95d2-4ef7-9fc0-4f57ccbd9967@group-5FF82F29B6C0-LeaderElection46] INFO  impl.RoleInfo (RoleInfo.java:shutdownLeaderElection(134)) - 4c6a16c4-95d2-4ef7-9fc0-4f57ccbd9967: shutdown LeaderElection
2019-10-15 03:19:09,679 [4c6a16c4-95d2-4ef7-9fc0-4f57ccbd9967@group-5FF82F29B6C0-LeaderElection46] INFO  impl.RoleInfo (RoleInfo.java:updateAndGet(143)) - 4c6a16c4-95d2-4ef7-9fc0-4f57ccbd9967: start FollowerState
2019-10-15 03:19:09,751 [Thread-571] INFO  impl.FollowerState (FollowerState.java:run(108)) - 4c6a16c4-95d2-4ef7-9fc0-4f57ccbd9967@group-5FF82F29B6C0-FollowerState: change to CANDIDATE, lastRpcTime:72ms, electionTimeout:72ms
2019-10-15 03:19:09,751 [Thread-571] INFO  impl.RoleInfo (RoleInfo.java:shutdownFollowerState(121)) - 4c6a16c4-95d2-4ef7-9fc0-4f57ccbd9967: shutdown FollowerState
2019-10-15 03:19:09,751 [Thread-571] INFO  impl.RaftServerImpl (RaftServerImpl.java:setRole(184)) - 4c6a16c4-95d2-4ef7-9fc0-4f57ccbd9967@group-5FF82F29B6C0: changes role from  FOLLOWER to CANDIDATE at term 34 for changeToCandidate
2019-10-15 03:19:09,752 [Thread-571] INFO  impl.RoleInfo (RoleInfo.java:updateAndGet(143)) - 4c6a16c4-95d2-4ef7-9fc0-4f57ccbd9967: start LeaderElection
2019-10-15 03:19:09,765 [4c6a16c4-95d2-4ef7-9fc0-4f57ccbd9967@group-5FF82F29B6C0-LeaderElection47] INFO  impl.LeaderElection (LeaderElection.java:askForVotes(178)) - 4c6a16c4-95d2-4ef7-9fc0-4f57ccbd9967@group-5FF82F29B6C0-LeaderElection47: begin an election at term 35 for -1: [4c6a16c4-95d2-4ef7-9fc0-4f57ccbd9967:192.168.5.131:39112, 742c26a8-c271-430a-a05a-c8bba3fa6d96:192.168.5.131:42235, a910346c-1ee2-4cdc-a6d8-644a3a4f0b7f:192.168.5.131:38193], old=null
2019-10-15 03:19:09,768 [grpc-default-executor-4] INFO  impl.RaftServerImpl (RaftServerImpl.java:setRole(184)) - a910346c-1ee2-4cdc-a6d8-644a3a4f0b7f@group-5FF82F29B6C0: changes role from  FOLLOWER to FOLLOWER at term 35 for recognizeCandidate:4c6a16c4-95d2-4ef7-9fc0-4f57ccbd9967
2019-10-15 03:19:09,768 [grpc-default-executor-4] INFO  impl.RoleInfo (RoleInfo.java:shutdownFollowerState(121)) - a910346c-1ee2-4cdc-a6d8-644a3a4f0b7f: shutdown FollowerState
2019-10-15 03:19:09,768 [grpc-default-executor-3] INFO  impl.RaftServerImpl (RaftServerImpl.java:setRole(184)) - 742c26a8-c271-430a-a05a-c8bba3fa6d96@group-5FF82F29B6C0: changes role from  FOLLOWER to FOLLOWER at term 35 for recognizeCandidate:4c6a16c4-95d2-4ef7-9fc0-4f57ccbd9967
2019-10-15 03:19:09,769 [Thread-569] INFO  impl.FollowerState (FollowerState.java:run(117)) - a910346c-1ee2-4cdc-a6d8-644a3a4f0b7f@group-5FF82F29B6C0-FollowerState was interrupted: java.lang.InterruptedException: sleep interrupted
2019-10-15 03:19:09,769 [grpc-default-executor-4] INFO  impl.RoleInfo (RoleInfo.java:updateAndGet(143)) - a910346c-1ee2-4cdc-a6d8-644a3a4f0b7f: start FollowerState
2019-10-15 03:19:09,769 [grpc-default-executor-3] INFO  impl.RoleInfo (RoleInfo.java:shutdownFollowerState(121)) - 742c26a8-c271-430a-a05a-c8bba3fa6d96: shutdown FollowerState
2019-10-15 03:19:09,769 [grpc-default-executor-3] INFO  impl.RoleInfo (RoleInfo.java:updateAndGet(143)) - 742c26a8-c271-430a-a05a-c8bba3fa6d96: start FollowerState
2019-10-15 03:19:09,769 [Thread-570] INFO  impl.FollowerState (FollowerState.java:run(117)) - 742c26a8-c271-430a-a05a-c8bba3fa6d96@group-5FF82F29B6C0-FollowerState was interrupted: java.lang.InterruptedException: sleep interrupted
2019-10-15 03:19:09,796 [4c6a16c4-95d2-4ef7-9fc0-4f57ccbd9967@group-5FF82F29B6C0-LeaderElection47] INFO  impl.LeaderElection (LeaderElection.java:logAndReturn(56)) - 4c6a16c4-95d2-4ef7-9fc0-4f57ccbd9967@group-5FF82F29B6C0-LeaderElection47: Election REJECTED; received 2 response(s) [4c6a16c4-95d2-4ef7-9fc0-4f57ccbd9967<-742c26a8-c271-430a-a05a-c8bba3fa6d96#0:FAIL-t35, 4c6a16c4-95d2-4ef7-9fc0-4f57ccbd9967<-a910346c-1ee2-4cdc-a6d8-644a3a4f0b7f#0:FAIL-t35] and 0 exception(s); 4c6a16c4-95d2-4ef7-9fc0-4f57ccbd9967@group-5FF82F29B6C0:t35, leader=null, voted=4c6a16c4-95d2-4ef7-9fc0-4f57ccbd9967, raftlog=4c6a16c4-95d2-4ef7-9fc0-4f57ccbd9967@group-5FF82F29B6C0-SegmentedRaftLog:OPENED:c-1,f-1,i0, conf=-1: [4c6a16c4-95d2-4ef7-9fc0-4f57ccbd9967:192.168.5.131:39112, 742c26a8-c271-430a-a05a-c8bba3fa6d96:192.168.5.131:42235, a910346c-1ee2-4cdc-a6d8-644a3a4f0b7f:192.168.5.131:38193], old=null
2019-10-15 03:19:09,796 [4c6a16c4-95d2-4ef7-9fc0-4f57ccbd9967@group-5FF82F29B6C0-LeaderElection47] INFO  impl.RaftServerImpl (RaftServerImpl.java:setRole(184)) - 4c6a16c4-95d2-4ef7-9fc0-4f57ccbd9967@group-5FF82F29B6C0: changes role from CANDIDATE to FOLLOWER at term 35 for DISCOVERED_A_NEW_TERM
2019-10-15 03:19:09,796 [4c6a16c4-95d2-4ef7-9fc0-4f57ccbd9967@group-5FF82F29B6C0-LeaderElection47] INFO  impl.RoleInfo (RoleInfo.java:shutdownLeaderElection(134)) - 4c6a16c4-95d2-4ef7-9fc0-4f57ccbd9967: shutdown LeaderElection
2019-10-15 03:19:09,796 [4c6a16c4-95d2-4ef7-9fc0-4f57ccbd9967@group-5FF82F29B6C0-LeaderElection47] INFO  impl.RoleInfo (RoleInfo.java:updateAndGet(143)) - 4c6a16c4-95d2-4ef7-9fc0-4f57ccbd9967: start FollowerState
2019-10-15 03:19:09,954 [Thread-577] INFO  impl.FollowerState (FollowerState.java:run(108)) - 4c6a16c4-95d2-4ef7-9fc0-4f57ccbd9967@group-5FF82F29B6C0-FollowerState: change to CANDIDATE, lastRpcTime:157ms, electionTimeout:157ms
2019-10-15 03:19:09,954 [Thread-577] INFO  impl.RoleInfo (RoleInfo.java:shutdownFollowerState(121)) - 4c6a16c4-95d2-4ef7-9fc0-4f57ccbd9967: shutdown FollowerState
2019-10-15 03:19:09,954 [Thread-577] INFO  impl.RaftServerImpl (RaftServerImpl.java:setRole(184)) - 4c6a16c4-95d2-4ef7-9fc0-4f57ccbd9967@group-5FF82F29B6C0: changes role from  FOLLOWER to CANDIDATE at term 35 for changeToCandidate
2019-10-15 03:19:09,954 [Thread-577] INFO  impl.RoleInfo (RoleInfo.java:updateAndGet(143)) - 4c6a16c4-95d2-4ef7-9fc0-4f57ccbd9967: start LeaderElection
2019-10-15 03:19:09,979 [4c6a16c4-95d2-4ef7-9fc0-4f57ccbd9967@group-5FF82F29B6C0-LeaderElection48] INFO  impl.LeaderElection (LeaderElection.java:askForVotes(178)) - 4c6a16c4-95d2-4ef7-9fc0-4f57ccbd9967@group-5FF82F29B6C0-LeaderElection48: begin an election at term 36 for -1: [4c6a16c4-95d2-4ef7-9fc0-4f57ccbd9967:192.168.5.131:39112, 742c26a8-c271-430a-a05a-c8bba3fa6d96:192.168.5.131:42235, a910346c-1ee2-4cdc-a6d8-644a3a4f0b7f:192.168.5.131:38193], old=null
2019-10-15 03:19:09,982 [grpc-default-executor-4] INFO  impl.RaftServerImpl (RaftServerImpl.java:setRole(184)) - a910346c-1ee2-4cdc-a6d8-644a3a4f0b7f@group-5FF82F29B6C0: changes role from  FOLLOWER to FOLLOWER at term 36 for recognizeCandidate:4c6a16c4-95d2-4ef7-9fc0-4f57ccbd9967
2019-10-15 03:19:09,982 [grpc-default-executor-3] INFO  impl.RaftServerImpl (RaftServerImpl.java:setRole(184)) - 742c26a8-c271-430a-a05a-c8bba3fa6d96@group-5FF82F29B6C0: changes role from  FOLLOWER to FOLLOWER at term 36 for recognizeCandidate:4c6a16c4-95d2-4ef7-9fc0-4f57ccbd9967
2019-10-15 03:19:09,983 [grpc-default-executor-4] INFO  impl.RoleInfo (RoleInfo.java:shutdownFollowerState(121)) - a910346c-1ee2-4cdc-a6d8-644a3a4f0b7f: shutdown FollowerState
2019-10-15 03:19:09,983 [grpc-default-executor-3] INFO  impl.RoleInfo (RoleInfo.java:shutdownFollowerState(121)) - 742c26a8-c271-430a-a05a-c8bba3fa6d96: shutdown FollowerState
2019-10-15 03:19:09,983 [Thread-575] INFO  impl.FollowerState (FollowerState.java:run(117)) - a910346c-1ee2-4cdc-a6d8-644a3a4f0b7f@group-5FF82F29B6C0-FollowerState was interrupted: java.lang.InterruptedException: sleep interrupted
2019-10-15 03:19:09,983 [Thread-576] INFO  impl.FollowerState (FollowerState.java:run(117)) - 742c26a8-c271-430a-a05a-c8bba3fa6d96@group-5FF82F29B6C0-FollowerState was interrupted: java.lang.InterruptedException: sleep interrupted
2019-10-15 03:19:09,983 [grpc-default-executor-4] INFO  impl.RoleInfo (RoleInfo.java:updateAndGet(143)) - a910346c-1ee2-4cdc-a6d8-644a3a4f0b7f: start FollowerState
2019-10-15 03:19:09,983 [grpc-default-executor-3] INFO  impl.RoleInfo (RoleInfo.java:updateAndGet(143)) - 742c26a8-c271-430a-a05a-c8bba3fa6d96: start FollowerState
2019-10-15 03:19:09,998 [4c6a16c4-95d2-4ef7-9fc0-4f57ccbd9967@group-5FF82F29B6C0-LeaderElection48] INFO  impl.LeaderElection (LeaderElection.java:logAndReturn(56)) - 4c6a16c4-95d2-4ef7-9fc0-4f57ccbd9967@group-5FF82F29B6C0-LeaderElection48: Election REJECTED; received 2 response(s) [4c6a16c4-95d2-4ef7-9fc0-4f57ccbd9967<-742c26a8-c271-430a-a05a-c8bba3fa6d96#0:FAIL-t36, 4c6a16c4-95d2-4ef7-9fc0-4f57ccbd9967<-a910346c-1ee2-4cdc-a6d8-644a3a4f0b7f#0:FAIL-t36] and 0 exception(s); 4c6a16c4-95d2-4ef7-9fc0-4f57ccbd9967@group-5FF82F29B6C0:t36, leader=null, voted=4c6a16c4-95d2-4ef7-9fc0-4f57ccbd9967, raftlog=4c6a16c4-95d2-4ef7-9fc0-4f57ccbd9967@group-5FF82F29B6C0-SegmentedRaftLog:OPENED:c-1,f-1,i0, conf=-1: [4c6a16c4-95d2-4ef7-9fc0-4f57ccbd9967:192.168.5.131:39112, 742c26a8-c271-430a-a05a-c8bba3fa6d96:192.168.5.131:42235, a910346c-1ee2-4cdc-a6d8-644a3a4f0b7f:192.168.5.131:38193], old=null
2019-10-15 03:19:09,999 [4c6a16c4-95d2-4ef7-9fc0-4f57ccbd9967@group-5FF82F29B6C0-LeaderElection48] INFO  impl.RaftServerImpl (RaftServerImpl.java:setRole(184)) - 4c6a16c4-95d2-4ef7-9fc0-4f57ccbd9967@group-5FF82F29B6C0: changes role from CANDIDATE to FOLLOWER at term 36 for DISCOVERED_A_NEW_TERM
2019-10-15 03:19:09,999 [4c6a16c4-95d2-4ef7-9fc0-4f57ccbd9967@group-5FF82F29B6C0-LeaderElection48] INFO  impl.RoleInfo (RoleInfo.java:shutdownLeaderElection(134)) - 4c6a16c4-95d2-4ef7-9fc0-4f57ccbd9967: shutdown LeaderElection
2019-10-15 03:19:09,999 [4c6a16c4-95d2-4ef7-9fc0-4f57ccbd9967@group-5FF82F29B6C0-LeaderElection48] INFO  impl.RoleInfo (RoleInfo.java:updateAndGet(143)) - 4c6a16c4-95d2-4ef7-9fc0-4f57ccbd9967: start FollowerState
2019-10-15 03:19:10,084 [Thread-585] INFO  impl.FollowerState (FollowerState.java:run(108)) - 4c6a16c4-95d2-4ef7-9fc0-4f57ccbd9967@group-5FF82F29B6C0-FollowerState: change to CANDIDATE, lastRpcTime:84ms, electionTimeout:84ms
2019-10-15 03:19:10,084 [Thread-585] INFO  impl.RoleInfo (RoleInfo.java:shutdownFollowerState(121)) - 4c6a16c4-95d2-4ef7-9fc0-4f57ccbd9967: shutdown FollowerState
2019-10-15 03:19:10,084 [Thread-585] INFO  impl.RaftServerImpl (RaftServerImpl.java:setRole(184)) - 4c6a16c4-95d2-4ef7-9fc0-4f57ccbd9967@group-5FF82F29B6C0: changes role from  FOLLOWER to CANDIDATE at term 36 for changeToCandidate
2019-10-15 03:19:10,084 [Thread-585] INFO  impl.RoleInfo (RoleInfo.java:updateAndGet(143)) - 4c6a16c4-95d2-4ef7-9fc0-4f57ccbd9967: start LeaderElection
2019-10-15 03:19:10,097 [4c6a16c4-95d2-4ef7-9fc0-4f57ccbd9967@group-5FF82F29B6C0-LeaderElection49] INFO  impl.LeaderElection (LeaderElection.java:askForVotes(178)) - 4c6a16c4-95d2-4ef7-9fc0-4f57ccbd9967@group-5FF82F29B6C0-LeaderElection49: begin an election at term 37 for -1: [4c6a16c4-95d2-4ef7-9fc0-4f57ccbd9967:192.168.5.131:39112, 742c26a8-c271-430a-a05a-c8bba3fa6d96:192.168.5.131:42235, a910346c-1ee2-4cdc-a6d8-644a3a4f0b7f:192.168.5.131:38193], old=null
2019-10-15 03:19:10,100 [grpc-default-executor-4] INFO  impl.RaftServerImpl (RaftServerImpl.java:setRole(184)) - 742c26a8-c271-430a-a05a-c8bba3fa6d96@group-5FF82F29B6C0: changes role from  FOLLOWER to FOLLOWER at term 37 for recognizeCandidate:4c6a16c4-95d2-4ef7-9fc0-4f57ccbd9967
2019-10-15 03:19:10,100 [grpc-default-executor-4] INFO  impl.RoleInfo (RoleInfo.java:shutdownFollowerState(121)) - 742c26a8-c271-430a-a05a-c8bba3fa6d96: shutdown FollowerState
2019-10-15 03:19:10,100 [grpc-default-executor-4] INFO  impl.RoleInfo (RoleInfo.java:updateAndGet(143)) - 742c26a8-c271-430a-a05a-c8bba3fa6d96: start FollowerState
2019-10-15 03:19:10,101 [Thread-584] INFO  impl.FollowerState (FollowerState.java:run(117)) - 742c26a8-c271-430a-a05a-c8bba3fa6d96@group-5FF82F29B6C0-FollowerState was interrupted: java.lang.InterruptedException: sleep interrupted
2019-10-15 03:19:10,101 [grpc-default-executor-3] INFO  impl.RaftServerImpl (RaftServerImpl.java:setRole(184)) - a910346c-1ee2-4cdc-a6d8-644a3a4f0b7f@group-5FF82F29B6C0: changes role from  FOLLOWER to FOLLOWER at term 37 for recognizeCandidate:4c6a16c4-95d2-4ef7-9fc0-4f57ccbd9967
2019-10-15 03:19:10,101 [grpc-default-executor-3] INFO  impl.RoleInfo (RoleInfo.java:shutdownFollowerState(121)) - a910346c-1ee2-4cdc-a6d8-644a3a4f0b7f: shutdown FollowerState
2019-10-15 03:19:10,101 [grpc-default-executor-3] INFO  impl.RoleInfo (RoleInfo.java:updateAndGet(143)) - a910346c-1ee2-4cdc-a6d8-644a3a4f0b7f: start FollowerState
2019-10-15 03:19:10,101 [Thread-583] INFO  impl.FollowerState (FollowerState.java:run(117)) - a910346c-1ee2-4cdc-a6d8-644a3a4f0b7f@group-5FF82F29B6C0-FollowerState was interrupted: java.lang.InterruptedException: sleep interrupted
2019-10-15 03:19:10,115 [4c6a16c4-95d2-4ef7-9fc0-4f57ccbd9967@group-5FF82F29B6C0-LeaderElection49] INFO  impl.LeaderElection (LeaderElection.java:logAndReturn(56)) - 4c6a16c4-95d2-4ef7-9fc0-4f57ccbd9967@group-5FF82F29B6C0-LeaderElection49: Election REJECTED; received 2 response(s) [4c6a16c4-95d2-4ef7-9fc0-4f57ccbd9967<-742c26a8-c271-430a-a05a-c8bba3fa6d96#0:FAIL-t37, 4c6a16c4-95d2-4ef7-9fc0-4f57ccbd9967<-a910346c-1ee2-4cdc-a6d8-644a3a4f0b7f#0:FAIL-t37] and 0 exception(s); 4c6a16c4-95d2-4ef7-9fc0-4f57ccbd9967@group-5FF82F29B6C0:t37, leader=null, voted=4c6a16c4-95d2-4ef7-9fc0-4f57ccbd9967, raftlog=4c6a16c4-95d2-4ef7-9fc0-4f57ccbd9967@group-5FF82F29B6C0-SegmentedRaftLog:OPENED:c-1,f-1,i0, conf=-1: [4c6a16c4-95d2-4ef7-9fc0-4f57ccbd9967:192.168.5.131:39112, 742c26a8-c271-430a-a05a-c8bba3fa6d96:192.168.5.131:42235, a910346c-1ee2-4cdc-a6d8-644a3a4f0b7f:192.168.5.131:38193], old=null
2019-10-15 03:19:10,116 [4c6a16c4-95d2-4ef7-9fc0-4f57ccbd9967@group-5FF82F29B6C0-LeaderElection49] INFO  impl.RaftServerImpl (RaftServerImpl.java:setRole(184)) - 4c6a16c4-95d2-4ef7-9fc0-4f57ccbd9967@group-5FF82F29B6C0: changes role from CANDIDATE to FOLLOWER at term 37 for DISCOVERED_A_NEW_TERM
2019-10-15 03:19:10,116 [4c6a16c4-95d2-4ef7-9fc0-4f57ccbd9967@group-5FF82F29B6C0-LeaderElection49] INFO  impl.RoleInfo (RoleInfo.java:shutdownLeaderElection(134)) - 4c6a16c4-95d2-4ef7-9fc0-4f57ccbd9967: shutdown LeaderElection
2019-10-15 03:19:10,116 [4c6a16c4-95d2-4ef7-9fc0-4f57ccbd9967@group-5FF82F29B6C0-LeaderElection49] INFO  impl.RoleInfo (RoleInfo.java:updateAndGet(143)) - 4c6a16c4-95d2-4ef7-9fc0-4f57ccbd9967: start FollowerState
2019-10-15 03:19:10,210 [Thread-591] INFO  impl.FollowerState (FollowerState.java:run(108)) - 4c6a16c4-95d2-4ef7-9fc0-4f57ccbd9967@group-5FF82F29B6C0-FollowerState: change to CANDIDATE, lastRpcTime:94ms, electionTimeout:94ms
2019-10-15 03:19:10,211 [Thread-591] INFO  impl.RoleInfo (RoleInfo.java:shutdownFollowerState(121)) - 4c6a16c4-95d2-4ef7-9fc0-4f57ccbd9967: shutdown FollowerState
2019-10-15 03:19:10,211 [Thread-591] INFO  impl.RaftServerImpl (RaftServerImpl.java:setRole(184)) - 4c6a16c4-95d2-4ef7-9fc0-4f57ccbd9967@group-5FF82F29B6C0: changes role from  FOLLOWER to CANDIDATE at term 37 for changeToCandidate
2019-10-15 03:19:10,211 [Thread-591] INFO  impl.RoleInfo (RoleInfo.java:updateAndGet(143)) - 4c6a16c4-95d2-4ef7-9fc0-4f57ccbd9967: start LeaderElection
2019-10-15 03:19:10,225 [4c6a16c4-95d2-4ef7-9fc0-4f57ccbd9967@group-5FF82F29B6C0-LeaderElection50] INFO  impl.LeaderElection (LeaderElection.java:askForVotes(178)) - 4c6a16c4-95d2-4ef7-9fc0-4f57ccbd9967@group-5FF82F29B6C0-LeaderElection50: begin an election at term 38 for -1: [4c6a16c4-95d2-4ef7-9fc0-4f57ccbd9967:192.168.5.131:39112, 742c26a8-c271-430a-a05a-c8bba3fa6d96:192.168.5.131:42235, a910346c-1ee2-4cdc-a6d8-644a3a4f0b7f:192.168.5.131:38193], old=null
2019-10-15 03:19:10,229 [grpc-default-executor-3] INFO  impl.RaftServerImpl (RaftServerImpl.java:setRole(184)) - a910346c-1ee2-4cdc-a6d8-644a3a4f0b7f@group-5FF82F29B6C0: changes role from  FOLLOWER to FOLLOWER at term 38 for recognizeCandidate:4c6a16c4-95d2-4ef7-9fc0-4f57ccbd9967
2019-10-15 03:19:10,229 [grpc-default-executor-4] INFO  impl.RaftServerImpl (RaftServerImpl.java:setRole(184)) - 742c26a8-c271-430a-a05a-c8bba3fa6d96@group-5FF82F29B6C0: changes role from  FOLLOWER to FOLLOWER at term 38 for recognizeCandidate:4c6a16c4-95d2-4ef7-9fc0-4f57ccbd9967
2019-10-15 03:19:10,229 [grpc-default-executor-3] INFO  impl.RoleInfo (RoleInfo.java:shutdownFollowerState(121)) - a910346c-1ee2-4cdc-a6d8-644a3a4f0b7f: shutdown FollowerState
2019-10-15 03:19:10,229 [grpc-default-executor-4] INFO  impl.RoleInfo (RoleInfo.java:shutdownFollowerState(121)) - 742c26a8-c271-430a-a05a-c8bba3fa6d96: shutdown FollowerState
2019-10-15 03:19:10,229 [grpc-default-executor-3] INFO  impl.RoleInfo (RoleInfo.java:updateAndGet(143)) - a910346c-1ee2-4cdc-a6d8-644a3a4f0b7f: start FollowerState
2019-10-15 03:19:10,229 [grpc-default-executor-4] INFO  impl.RoleInfo (RoleInfo.java:updateAndGet(143)) - 742c26a8-c271-430a-a05a-c8bba3fa6d96: start FollowerState
2019-10-15 03:19:10,229 [Thread-590] INFO  impl.FollowerState (FollowerState.java:run(117)) - a910346c-1ee2-4cdc-a6d8-644a3a4f0b7f@group-5FF82F29B6C0-FollowerState was interrupted: java.lang.InterruptedException: sleep interrupted
2019-10-15 03:19:10,229 [Thread-589] INFO  impl.FollowerState (FollowerState.java:run(117)) - 742c26a8-c271-430a-a05a-c8bba3fa6d96@group-5FF82F29B6C0-FollowerState was interrupted: java.lang.InterruptedException: sleep interrupted
2019-10-15 03:19:10,252 [4c6a16c4-95d2-4ef7-9fc0-4f57ccbd9967@group-5FF82F29B6C0-LeaderElection50] INFO  impl.LeaderElection (LeaderElection.java:logAndReturn(56)) - 4c6a16c4-95d2-4ef7-9fc0-4f57ccbd9967@group-5FF82F29B6C0-LeaderElection50: Election REJECTED; received 2 response(s) [4c6a16c4-95d2-4ef7-9fc0-4f57ccbd9967<-742c26a8-c271-430a-a05a-c8bba3fa6d96#0:FAIL-t38, 4c6a16c4-95d2-4ef7-9fc0-4f57ccbd9967<-a910346c-1ee2-4cdc-a6d8-644a3a4f0b7f#0:FAIL-t38] and 0 exception(s); 4c6a16c4-95d2-4ef7-9fc0-4f57ccbd9967@group-5FF82F29B6C0:t38, leader=null, voted=4c6a16c4-95d2-4ef7-9fc0-4f57ccbd9967, raftlog=4c6a16c4-95d2-4ef7-9fc0-4f57ccbd9967@group-5FF82F29B6C0-SegmentedRaftLog:OPENED:c-1,f-1,i0, conf=-1: [4c6a16c4-95d2-4ef7-9fc0-4f57ccbd9967:192.168.5.131:39112, 742c26a8-c271-430a-a05a-c8bba3fa6d96:192.168.5.131:42235, a910346c-1ee2-4cdc-a6d8-644a3a4f0b7f:192.168.5.131:38193], old=null
2019-10-15 03:19:10,252 [4c6a16c4-95d2-4ef7-9fc0-4f57ccbd9967@group-5FF82F29B6C0-LeaderElection50] INFO  impl.RaftServerImpl (RaftServerImpl.java:setRole(184)) - 4c6a16c4-95d2-4ef7-9fc0-4f57ccbd9967@group-5FF82F29B6C0: changes role from CANDIDATE to FOLLOWER at term 38 for DISCOVERED_A_NEW_TERM
2019-10-15 03:19:10,253 [4c6a16c4-95d2-4ef7-9fc0-4f57ccbd9967@group-5FF82F29B6C0-LeaderElection50] INFO  impl.RoleInfo (RoleInfo.java:shutdownLeaderElection(134)) - 4c6a16c4-95d2-4ef7-9fc0-4f57ccbd9967: shutdown LeaderElection
2019-10-15 03:19:10,253 [4c6a16c4-95d2-4ef7-9fc0-4f57ccbd9967@group-5FF82F29B6C0-LeaderElection50] INFO  impl.RoleInfo (RoleInfo.java:updateAndGet(143)) - 4c6a16c4-95d2-4ef7-9fc0-4f57ccbd9967: start FollowerState
2019-10-15 03:19:10,305 [Thread-599] INFO  impl.FollowerState (FollowerState.java:run(108)) - 4c6a16c4-95d2-4ef7-9fc0-4f57ccbd9967@group-5FF82F29B6C0-FollowerState: change to CANDIDATE, lastRpcTime:52ms, electionTimeout:52ms
2019-10-15 03:19:10,305 [Thread-599] INFO  impl.RoleInfo (RoleInfo.java:shutdownFollowerState(121)) - 4c6a16c4-95d2-4ef7-9fc0-4f57ccbd9967: shutdown FollowerState
2019-10-15 03:19:10,306 [Thread-599] INFO  impl.RaftServerImpl (RaftServerImpl.java:setRole(184)) - 4c6a16c4-95d2-4ef7-9fc0-4f57ccbd9967@group-5FF82F29B6C0: changes role from  FOLLOWER to CANDIDATE at term 38 for changeToCandidate
2019-10-15 03:19:10,306 [Thread-599] INFO  impl.RoleInfo (RoleInfo.java:updateAndGet(143)) - 4c6a16c4-95d2-4ef7-9fc0-4f57ccbd9967: start LeaderElection
2019-10-15 03:19:10,319 [4c6a16c4-95d2-4ef7-9fc0-4f57ccbd9967@group-5FF82F29B6C0-LeaderElection51] INFO  impl.LeaderElection (LeaderElection.java:askForVotes(178)) - 4c6a16c4-95d2-4ef7-9fc0-4f57ccbd9967@group-5FF82F29B6C0-LeaderElection51: begin an election at term 39 for -1: [4c6a16c4-95d2-4ef7-9fc0-4f57ccbd9967:192.168.5.131:39112, 742c26a8-c271-430a-a05a-c8bba3fa6d96:192.168.5.131:42235, a910346c-1ee2-4cdc-a6d8-644a3a4f0b7f:192.168.5.131:38193], old=null
2019-10-15 03:19:10,323 [grpc-default-executor-4] INFO  impl.RaftServerImpl (RaftServerImpl.java:setRole(184)) - 742c26a8-c271-430a-a05a-c8bba3fa6d96@group-5FF82F29B6C0: changes role from  FOLLOWER to FOLLOWER at term 39 for recognizeCandidate:4c6a16c4-95d2-4ef7-9fc0-4f57ccbd9967
2019-10-15 03:19:10,323 [grpc-default-executor-3] INFO  impl.RaftServerImpl (RaftServerImpl.java:setRole(184)) - a910346c-1ee2-4cdc-a6d8-644a3a4f0b7f@group-5FF82F29B6C0: changes role from  FOLLOWER to FOLLOWER at term 39 for recognizeCandidate:4c6a16c4-95d2-4ef7-9fc0-4f57ccbd9967
2019-10-15 03:19:10,323 [grpc-default-executor-4] INFO  impl.RoleInfo (RoleInfo.java:shutdownFollowerState(121)) - 742c26a8-c271-430a-a05a-c8bba3fa6d96: shutdown FollowerState
2019-10-15 03:19:10,323 [grpc-default-executor-3] INFO  impl.RoleInfo (RoleInfo.java:shutdownFollowerState(121)) - a910346c-1ee2-4cdc-a6d8-644a3a4f0b7f: shutdown FollowerState
2019-10-15 03:19:10,324 [Thread-598] INFO  impl.FollowerState (FollowerState.java:run(117)) - 742c26a8-c271-430a-a05a-c8bba3fa6d96@group-5FF82F29B6C0-FollowerState was interrupted: java.lang.InterruptedException: sleep interrupted
2019-10-15 03:19:10,324 [Thread-597] INFO  impl.FollowerState (FollowerState.java:run(117)) - a910346c-1ee2-4cdc-a6d8-644a3a4f0b7f@group-5FF82F29B6C0-FollowerState was interrupted: java.lang.InterruptedException: sleep interrupted
2019-10-15 03:19:10,323 [grpc-default-executor-4] INFO  impl.RoleInfo (RoleInfo.java:updateAndGet(143)) - 742c26a8-c271-430a-a05a-c8bba3fa6d96: start FollowerState
2019-10-15 03:19:10,324 [grpc-default-executor-3] INFO  impl.RoleInfo (RoleInfo.java:updateAndGet(143)) - a910346c-1ee2-4cdc-a6d8-644a3a4f0b7f: start FollowerState
2019-10-15 03:19:10,339 [4c6a16c4-95d2-4ef7-9fc0-4f57ccbd9967@group-5FF82F29B6C0-LeaderElection51] INFO  impl.LeaderElection (LeaderElection.java:logAndReturn(56)) - 4c6a16c4-95d2-4ef7-9fc0-4f57ccbd9967@group-5FF82F29B6C0-LeaderElection51: Election REJECTED; received 2 response(s) [4c6a16c4-95d2-4ef7-9fc0-4f57ccbd9967<-742c26a8-c271-430a-a05a-c8bba3fa6d96#0:FAIL-t39, 4c6a16c4-95d2-4ef7-9fc0-4f57ccbd9967<-a910346c-1ee2-4cdc-a6d8-644a3a4f0b7f#0:FAIL-t39] and 0 exception(s); 4c6a16c4-95d2-4ef7-9fc0-4f57ccbd9967@group-5FF82F29B6C0:t39, leader=null, voted=4c6a16c4-95d2-4ef7-9fc0-4f57ccbd9967, raftlog=4c6a16c4-95d2-4ef7-9fc0-4f57ccbd9967@group-5FF82F29B6C0-SegmentedRaftLog:OPENED:c-1,f-1,i0, conf=-1: [4c6a16c4-95d2-4ef7-9fc0-4f57ccbd9967:192.168.5.131:39112, 742c26a8-c271-430a-a05a-c8bba3fa6d96:192.168.5.131:42235, a910346c-1ee2-4cdc-a6d8-644a3a4f0b7f:192.168.5.131:38193], old=null
2019-10-15 03:19:10,339 [4c6a16c4-95d2-4ef7-9fc0-4f57ccbd9967@group-5FF82F29B6C0-LeaderElection51] INFO  impl.RaftServerImpl (RaftServerImpl.java:setRole(184)) - 4c6a16c4-95d2-4ef7-9fc0-4f57ccbd9967@group-5FF82F29B6C0: changes role from CANDIDATE to FOLLOWER at term 39 for DISCOVERED_A_NEW_TERM
2019-10-15 03:19:10,339 [4c6a16c4-95d2-4ef7-9fc0-4f57ccbd9967@group-5FF82F29B6C0-LeaderElection51] INFO  impl.RoleInfo (RoleInfo.java:shutdownLeaderElection(134)) - 4c6a16c4-95d2-4ef7-9fc0-4f57ccbd9967: shutdown LeaderElection
2019-10-15 03:19:10,340 [4c6a16c4-95d2-4ef7-9fc0-4f57ccbd9967@group-5FF82F29B6C0-LeaderElection51] INFO  impl.RoleInfo (RoleInfo.java:updateAndGet(143)) - 4c6a16c4-95d2-4ef7-9fc0-4f57ccbd9967: start FollowerState
2019-10-15 03:19:10,504 [Thread-605] INFO  impl.FollowerState (FollowerState.java:run(108)) - 4c6a16c4-95d2-4ef7-9fc0-4f57ccbd9967@group-5FF82F29B6C0-FollowerState: change to CANDIDATE, lastRpcTime:164ms, electionTimeout:164ms
2019-10-15 03:19:10,504 [Thread-605] INFO  impl.RoleInfo (RoleInfo.java:shutdownFollowerState(121)) - 4c6a16c4-95d2-4ef7-9fc0-4f57ccbd9967: shutdown FollowerState
2019-10-15 03:19:10,505 [Thread-605] INFO  impl.RaftServerImpl (RaftServerImpl.java:setRole(184)) - 4c6a16c4-95d2-4ef7-9fc0-4f57ccbd9967@group-5FF82F29B6C0: changes role from  FOLLOWER to CANDIDATE at term 39 for changeToCandidate
2019-10-15 03:19:10,505 [Thread-605] INFO  impl.RoleInfo (RoleInfo.java:updateAndGet(143)) - 4c6a16c4-95d2-4ef7-9fc0-4f57ccbd9967: start LeaderElection
2019-10-15 03:19:10,519 [4c6a16c4-95d2-4ef7-9fc0-4f57ccbd9967@group-5FF82F29B6C0-LeaderElection52] INFO  impl.LeaderElection (LeaderElection.java:askForVotes(178)) - 4c6a16c4-95d2-4ef7-9fc0-4f57ccbd9967@group-5FF82F29B6C0-LeaderElection52: begin an election at term 40 for -1: [4c6a16c4-95d2-4ef7-9fc0-4f57ccbd9967:192.168.5.131:39112, 742c26a8-c271-430a-a05a-c8bba3fa6d96:192.168.5.131:42235, a910346c-1ee2-4cdc-a6d8-644a3a4f0b7f:192.168.5.131:38193], old=null
2019-10-15 03:19:10,522 [grpc-default-executor-4] INFO  impl.RaftServerImpl (RaftServerImpl.java:setRole(184)) - 742c26a8-c271-430a-a05a-c8bba3fa6d96@group-5FF82F29B6C0: changes role from  FOLLOWER to FOLLOWER at term 40 for recognizeCandidate:4c6a16c4-95d2-4ef7-9fc0-4f57ccbd9967
2019-10-15 03:19:10,522 [grpc-default-executor-3] INFO  impl.RaftServerImpl (RaftServerImpl.java:setRole(184)) - a910346c-1ee2-4cdc-a6d8-644a3a4f0b7f@group-5FF82F29B6C0: changes role from  FOLLOWER to FOLLOWER at term 40 for recognizeCandidate:4c6a16c4-95d2-4ef7-9fc0-4f57ccbd9967
2019-10-15 03:19:10,522 [grpc-default-executor-4] INFO  impl.RoleInfo (RoleInfo.java:shutdownFollowerState(121)) - 742c26a8-c271-430a-a05a-c8bba3fa6d96: shutdown FollowerState
2019-10-15 03:19:10,522 [grpc-default-executor-3] INFO  impl.RoleInfo (RoleInfo.java:shutdownFollowerState(121)) - a910346c-1ee2-4cdc-a6d8-644a3a4f0b7f: shutdown FollowerState
2019-10-15 03:19:10,522 [Thread-603] INFO  impl.FollowerState (FollowerState.java:run(117)) - 742c26a8-c271-430a-a05a-c8bba3fa6d96@group-5FF82F29B6C0-FollowerState was interrupted: java.lang.InterruptedException: sleep interrupted
2019-10-15 03:19:10,522 [grpc-default-executor-3] INFO  impl.RoleInfo (RoleInfo.java:updateAndGet(143)) - a910346c-1ee2-4cdc-a6d8-644a3a4f0b7f: start FollowerState
2019-10-15 03:19:10,522 [grpc-default-executor-4] INFO  impl.RoleInfo (RoleInfo.java:updateAndGet(143)) - 742c26a8-c271-430a-a05a-c8bba3fa6d96: start FollowerState
2019-10-15 03:19:10,522 [Thread-604] INFO  impl.FollowerState (FollowerState.java:run(117)) - a910346c-1ee2-4cdc-a6d8-644a3a4f0b7f@group-5FF82F29B6C0-FollowerState was interrupted: java.lang.InterruptedException: sleep interrupted
2019-10-15 03:19:10,549 [4c6a16c4-95d2-4ef7-9fc0-4f57ccbd9967@group-5FF82F29B6C0-LeaderElection52] INFO  impl.LeaderElection (LeaderElection.java:logAndReturn(56)) - 4c6a16c4-95d2-4ef7-9fc0-4f57ccbd9967@group-5FF82F29B6C0-LeaderElection52: Election REJECTED; received 2 response(s) [4c6a16c4-95d2-4ef7-9fc0-4f57ccbd9967<-742c26a8-c271-430a-a05a-c8bba3fa6d96#0:FAIL-t40, 4c6a16c4-95d2-4ef7-9fc0-4f57ccbd9967<-a910346c-1ee2-4cdc-a6d8-644a3a4f0b7f#0:FAIL-t40] and 0 exception(s); 4c6a16c4-95d2-4ef7-9fc0-4f57ccbd9967@group-5FF82F29B6C0:t40, leader=null, voted=4c6a16c4-95d2-4ef7-9fc0-4f57ccbd9967, raftlog=4c6a16c4-95d2-4ef7-9fc0-4f57ccbd9967@group-5FF82F29B6C0-SegmentedRaftLog:OPENED:c-1,f-1,i0, conf=-1: [4c6a16c4-95d2-4ef7-9fc0-4f57ccbd9967:192.168.5.131:39112, 742c26a8-c271-430a-a05a-c8bba3fa6d96:192.168.5.131:42235, a910346c-1ee2-4cdc-a6d8-644a3a4f0b7f:192.168.5.131:38193], old=null
2019-10-15 03:19:10,549 [4c6a16c4-95d2-4ef7-9fc0-4f57ccbd9967@group-5FF82F29B6C0-LeaderElection52] INFO  impl.RaftServerImpl (RaftServerImpl.java:setRole(184)) - 4c6a16c4-95d2-4ef7-9fc0-4f57ccbd9967@group-5FF82F29B6C0: changes role from CANDIDATE to FOLLOWER at term 40 for DISCOVERED_A_NEW_TERM
2019-10-15 03:19:10,549 [4c6a16c4-95d2-4ef7-9fc0-4f57ccbd9967@group-5FF82F29B6C0-LeaderElection52] INFO  impl.RoleInfo (RoleInfo.java:shutdownLeaderElection(134)) - 4c6a16c4-95d2-4ef7-9fc0-4f57ccbd9967: shutdown LeaderElection
2019-10-15 03:19:10,549 [4c6a16c4-95d2-4ef7-9fc0-4f57ccbd9967@group-5FF82F29B6C0-LeaderElection52] INFO  impl.RoleInfo (RoleInfo.java:updateAndGet(143)) - 4c6a16c4-95d2-4ef7-9fc0-4f57ccbd9967: start FollowerState
2019-10-15 03:19:10,639 [Thread-613] INFO  impl.FollowerState (FollowerState.java:run(108)) - 4c6a16c4-95d2-4ef7-9fc0-4f57ccbd9967@group-5FF82F29B6C0-FollowerState: change to CANDIDATE, lastRpcTime:89ms, electionTimeout:89ms
2019-10-15 03:19:10,639 [Thread-613] INFO  impl.RoleInfo (RoleInfo.java:shutdownFollowerState(121)) - 4c6a16c4-95d2-4ef7-9fc0-4f57ccbd9967: shutdown FollowerState
2019-10-15 03:19:10,640 [Thread-613] INFO  impl.RaftServerImpl (RaftServerImpl.java:setRole(184)) - 4c6a16c4-95d2-4ef7-9fc0-4f57ccbd9967@group-5FF82F29B6C0: changes role from  FOLLOWER to CANDIDATE at term 40 for changeToCandidate
2019-10-15 03:19:10,640 [Thread-613] INFO  impl.RoleInfo (RoleInfo.java:updateAndGet(143)) - 4c6a16c4-95d2-4ef7-9fc0-4f57ccbd9967: start LeaderElection
2019-10-15 03:19:10,653 [4c6a16c4-95d2-4ef7-9fc0-4f57ccbd9967@group-5FF82F29B6C0-LeaderElection53] INFO  impl.LeaderElection (LeaderElection.java:askForVotes(178)) - 4c6a16c4-95d2-4ef7-9fc0-4f57ccbd9967@group-5FF82F29B6C0-LeaderElection53: begin an election at term 41 for -1: [4c6a16c4-95d2-4ef7-9fc0-4f57ccbd9967:192.168.5.131:39112, 742c26a8-c271-430a-a05a-c8bba3fa6d96:192.168.5.131:42235, a910346c-1ee2-4cdc-a6d8-644a3a4f0b7f:192.168.5.131:38193], old=null
2019-10-15 03:19:10,657 [grpc-default-executor-3] INFO  impl.RaftServerImpl (RaftServerImpl.java:setRole(184)) - 742c26a8-c271-430a-a05a-c8bba3fa6d96@group-5FF82F29B6C0: changes role from  FOLLOWER to FOLLOWER at term 41 for recognizeCandidate:4c6a16c4-95d2-4ef7-9fc0-4f57ccbd9967
2019-10-15 03:19:10,657 [grpc-default-executor-4] INFO  impl.RaftServerImpl (RaftServerImpl.java:setRole(184)) - a910346c-1ee2-4cdc-a6d8-644a3a4f0b7f@group-5FF82F29B6C0: changes role from  FOLLOWER to FOLLOWER at term 41 for recognizeCandidate:4c6a16c4-95d2-4ef7-9fc0-4f57ccbd9967
2019-10-15 03:19:10,657 [grpc-default-executor-3] INFO  impl.RoleInfo (RoleInfo.java:shutdownFollowerState(121)) - 742c26a8-c271-430a-a05a-c8bba3fa6d96: shutdown FollowerState
2019-10-15 03:19:10,657 [grpc-default-executor-4] INFO  impl.RoleInfo (RoleInfo.java:shutdownFollowerState(121)) - a910346c-1ee2-4cdc-a6d8-644a3a4f0b7f: shutdown FollowerState
2019-10-15 03:19:10,657 [Thread-611] INFO  impl.FollowerState (FollowerState.java:run(117)) - 742c26a8-c271-430a-a05a-c8bba3fa6d96@group-5FF82F29B6C0-FollowerState was interrupted: java.lang.InterruptedException: sleep interrupted
2019-10-15 03:19:10,657 [grpc-default-executor-3] INFO  impl.RoleInfo (RoleInfo.java:updateAndGet(143)) - 742c26a8-c271-430a-a05a-c8bba3fa6d96: start FollowerState
2019-10-15 03:19:10,657 [Thread-612] INFO  impl.FollowerState (FollowerState.java:run(117)) - a910346c-1ee2-4cdc-a6d8-644a3a4f0b7f@group-5FF82F29B6C0-FollowerState was interrupted: java.lang.InterruptedException: sleep interrupted
2019-10-15 03:19:10,657 [grpc-default-executor-4] INFO  impl.RoleInfo (RoleInfo.java:updateAndGet(143)) - a910346c-1ee2-4cdc-a6d8-644a3a4f0b7f: start FollowerState
2019-10-15 03:19:10,665 [4c6a16c4-95d2-4ef7-9fc0-4f57ccbd9967@group-5FF82F29B6C0-LeaderElection53] INFO  impl.LeaderElection (LeaderElection.java:logAndReturn(56)) - 4c6a16c4-95d2-4ef7-9fc0-4f57ccbd9967@group-5FF82F29B6C0-LeaderElection53: Election TIMEOUT; received 0 response(s) [] and 0 exception(s); 4c6a16c4-95d2-4ef7-9fc0-4f57ccbd9967@group-5FF82F29B6C0:t41, leader=null, voted=4c6a16c4-95d2-4ef7-9fc0-4f57ccbd9967, raftlog=4c6a16c4-95d2-4ef7-9fc0-4f57ccbd9967@group-5FF82F29B6C0-SegmentedRaftLog:OPENED:c-1,f-1,i0, conf=-1: [4c6a16c4-95d2-4ef7-9fc0-4f57ccbd9967:192.168.5.131:39112, 742c26a8-c271-430a-a05a-c8bba3fa6d96:192.168.5.131:42235, a910346c-1ee2-4cdc-a6d8-644a3a4f0b7f:192.168.5.131:38193], old=null
2019-10-15 03:19:10,671 [4c6a16c4-95d2-4ef7-9fc0-4f57ccbd9967@group-5FF82F29B6C0-LeaderElection53] INFO  impl.LeaderElection (LeaderElection.java:askForVotes(178)) - 4c6a16c4-95d2-4ef7-9fc0-4f57ccbd9967@group-5FF82F29B6C0-LeaderElection53: begin an election at term 42 for -1: [4c6a16c4-95d2-4ef7-9fc0-4f57ccbd9967:192.168.5.131:39112, 742c26a8-c271-430a-a05a-c8bba3fa6d96:192.168.5.131:42235, a910346c-1ee2-4cdc-a6d8-644a3a4f0b7f:192.168.5.131:38193], old=null
2019-10-15 03:19:10,673 [grpc-default-executor-4] INFO  impl.RaftServerImpl (RaftServerImpl.java:setRole(184)) - a910346c-1ee2-4cdc-a6d8-644a3a4f0b7f@group-5FF82F29B6C0: changes role from  FOLLOWER to FOLLOWER at term 42 for recognizeCandidate:4c6a16c4-95d2-4ef7-9fc0-4f57ccbd9967
2019-10-15 03:19:10,673 [grpc-default-executor-4] INFO  impl.RoleInfo (RoleInfo.java:shutdownFollowerState(121)) - a910346c-1ee2-4cdc-a6d8-644a3a4f0b7f: shutdown FollowerState
2019-10-15 03:19:10,673 [grpc-default-executor-3] INFO  impl.RaftServerImpl (RaftServerImpl.java:setRole(184)) - 742c26a8-c271-430a-a05a-c8bba3fa6d96@group-5FF82F29B6C0: changes role from  FOLLOWER to FOLLOWER at term 42 for recognizeCandidate:4c6a16c4-95d2-4ef7-9fc0-4f57ccbd9967
2019-10-15 03:19:10,673 [Thread-618] INFO  impl.FollowerState (FollowerState.java:run(117)) - a910346c-1ee2-4cdc-a6d8-644a3a4f0b7f@group-5FF82F29B6C0-FollowerState was interrupted: java.lang.InterruptedException: sleep interrupted
2019-10-15 03:19:10,673 [grpc-default-executor-4] INFO  impl.RoleInfo (RoleInfo.java:updateAndGet(143)) - a910346c-1ee2-4cdc-a6d8-644a3a4f0b7f: start FollowerState
2019-10-15 03:19:10,673 [grpc-default-executor-3] INFO  impl.RoleInfo (RoleInfo.java:shutdownFollowerState(121)) - 742c26a8-c271-430a-a05a-c8bba3fa6d96: shutdown FollowerState
2019-10-15 03:19:10,674 [grpc-default-executor-3] INFO  impl.RoleInfo (RoleInfo.java:updateAndGet(143)) - 742c26a8-c271-430a-a05a-c8bba3fa6d96: start FollowerState
2019-10-15 03:19:10,674 [Thread-617] INFO  impl.FollowerState (FollowerState.java:run(117)) - 742c26a8-c271-430a-a05a-c8bba3fa6d96@group-5FF82F29B6C0-FollowerState was interrupted: java.lang.InterruptedException: sleep interrupted
2019-10-15 03:19:10,681 [4c6a16c4-95d2-4ef7-9fc0-4f57ccbd9967@group-5FF82F29B6C0-LeaderElection53] INFO  impl.LeaderElection (LeaderElection.java:logAndReturn(56)) - 4c6a16c4-95d2-4ef7-9fc0-4f57ccbd9967@group-5FF82F29B6C0-LeaderElection53: Election REJECTED; received 2 response(s) [4c6a16c4-95d2-4ef7-9fc0-4f57ccbd9967<-742c26a8-c271-430a-a05a-c8bba3fa6d96#0:FAIL-t42, 4c6a16c4-95d2-4ef7-9fc0-4f57ccbd9967<-a910346c-1ee2-4cdc-a6d8-644a3a4f0b7f#0:FAIL-t42] and 0 exception(s); 4c6a16c4-95d2-4ef7-9fc0-4f57ccbd9967@group-5FF82F29B6C0:t42, leader=null, voted=4c6a16c4-95d2-4ef7-9fc0-4f57ccbd9967, raftlog=4c6a16c4-95d2-4ef7-9fc0-4f57ccbd9967@group-5FF82F29B6C0-SegmentedRaftLog:OPENED:c-1,f-1,i0, conf=-1: [4c6a16c4-95d2-4ef7-9fc0-4f57ccbd9967:192.168.5.131:39112, 742c26a8-c271-430a-a05a-c8bba3fa6d96:192.168.5.131:42235, a910346c-1ee2-4cdc-a6d8-644a3a4f0b7f:192.168.5.131:38193], old=null
2019-10-15 03:19:10,681 [4c6a16c4-95d2-4ef7-9fc0-4f57ccbd9967@group-5FF82F29B6C0-LeaderElection53] INFO  impl.RaftServerImpl (RaftServerImpl.java:setRole(184)) - 4c6a16c4-95d2-4ef7-9fc0-4f57ccbd9967@group-5FF82F29B6C0: changes role from CANDIDATE to FOLLOWER at term 42 for DISCOVERED_A_NEW_TERM
2019-10-15 03:19:10,681 [4c6a16c4-95d2-4ef7-9fc0-4f57ccbd9967@group-5FF82F29B6C0-LeaderElection53] INFO  impl.RoleInfo (RoleInfo.java:shutdownLeaderElection(134)) - 4c6a16c4-95d2-4ef7-9fc0-4f57ccbd9967: shutdown LeaderElection
2019-10-15 03:19:10,681 [4c6a16c4-95d2-4ef7-9fc0-4f57ccbd9967@group-5FF82F29B6C0-LeaderElection53] INFO  impl.RoleInfo (RoleInfo.java:updateAndGet(143)) - 4c6a16c4-95d2-4ef7-9fc0-4f57ccbd9967: start FollowerState
2019-10-15 03:19:10,798 [Thread-623] INFO  impl.FollowerState (FollowerState.java:run(108)) - 4c6a16c4-95d2-4ef7-9fc0-4f57ccbd9967@group-5FF82F29B6C0-FollowerState: change to CANDIDATE, lastRpcTime:116ms, electionTimeout:116ms
2019-10-15 03:19:10,798 [Thread-623] INFO  impl.RoleInfo (RoleInfo.java:shutdownFollowerState(121)) - 4c6a16c4-95d2-4ef7-9fc0-4f57ccbd9967: shutdown FollowerState
2019-10-15 03:19:10,799 [Thread-623] INFO  impl.RaftServerImpl (RaftServerImpl.java:setRole(184)) - 4c6a16c4-95d2-4ef7-9fc0-4f57ccbd9967@group-5FF82F29B6C0: changes role from  FOLLOWER to CANDIDATE at term 42 for changeToCandidate
2019-10-15 03:19:10,799 [Thread-623] INFO  impl.RoleInfo (RoleInfo.java:updateAndGet(143)) - 4c6a16c4-95d2-4ef7-9fc0-4f57ccbd9967: start LeaderElection
2019-10-15 03:19:10,815 [4c6a16c4-95d2-4ef7-9fc0-4f57ccbd9967@group-5FF82F29B6C0-LeaderElection54] INFO  impl.LeaderElection (LeaderElection.java:askForVotes(178)) - 4c6a16c4-95d2-4ef7-9fc0-4f57ccbd9967@group-5FF82F29B6C0-LeaderElection54: begin an election at term 43 for -1: [4c6a16c4-95d2-4ef7-9fc0-4f57ccbd9967:192.168.5.131:39112, 742c26a8-c271-430a-a05a-c8bba3fa6d96:192.168.5.131:42235, a910346c-1ee2-4cdc-a6d8-644a3a4f0b7f:192.168.5.131:38193], old=null
2019-10-15 03:19:10,822 [grpc-default-executor-4] INFO  impl.RaftServerImpl (RaftServerImpl.java:setRole(184)) - 742c26a8-c271-430a-a05a-c8bba3fa6d96@group-5FF82F29B6C0: changes role from  FOLLOWER to FOLLOWER at term 43 for recognizeCandidate:4c6a16c4-95d2-4ef7-9fc0-4f57ccbd9967
2019-10-15 03:19:10,822 [grpc-default-executor-4] INFO  impl.RoleInfo (RoleInfo.java:shutdownFollowerState(121)) - 742c26a8-c271-430a-a05a-c8bba3fa6d96: shutdown FollowerState
2019-10-15 03:19:10,822 [grpc-default-executor-3] INFO  impl.RaftServerImpl (RaftServerImpl.java:setRole(184)) - a910346c-1ee2-4cdc-a6d8-644a3a4f0b7f@group-5FF82F29B6C0: changes role from  FOLLOWER to FOLLOWER at term 43 for recognizeCandidate:4c6a16c4-95d2-4ef7-9fc0-4f57ccbd9967
2019-10-15 03:19:10,822 [grpc-default-executor-4] INFO  impl.RoleInfo (RoleInfo.java:updateAndGet(143)) - 742c26a8-c271-430a-a05a-c8bba3fa6d96: start FollowerState
2019-10-15 03:19:10,822 [Thread-622] INFO  impl.FollowerState (FollowerState.java:run(117)) - 742c26a8-c271-430a-a05a-c8bba3fa6d96@group-5FF82F29B6C0-FollowerState was interrupted: java.lang.InterruptedException: sleep interrupted
2019-10-15 03:19:10,822 [grpc-default-executor-3] INFO  impl.RoleInfo (RoleInfo.java:shutdownFollowerState(121)) - a910346c-1ee2-4cdc-a6d8-644a3a4f0b7f: shutdown FollowerState
2019-10-15 03:19:10,827 [grpc-default-executor-3] INFO  impl.RoleInfo (RoleInfo.java:updateAndGet(143)) - a910346c-1ee2-4cdc-a6d8-644a3a4f0b7f: start FollowerState
2019-10-15 03:19:10,827 [Thread-621] INFO  impl.FollowerState (FollowerState.java:run(117)) - a910346c-1ee2-4cdc-a6d8-644a3a4f0b7f@group-5FF82F29B6C0-FollowerState was interrupted: java.lang.InterruptedException: sleep interrupted
2019-10-15 03:19:10,853 [4c6a16c4-95d2-4ef7-9fc0-4f57ccbd9967@group-5FF82F29B6C0-LeaderElection54] INFO  impl.LeaderElection (LeaderElection.java:logAndReturn(56)) - 4c6a16c4-95d2-4ef7-9fc0-4f57ccbd9967@group-5FF82F29B6C0-LeaderElection54: Election REJECTED; received 2 response(s) [4c6a16c4-95d2-4ef7-9fc0-4f57ccbd9967<-742c26a8-c271-430a-a05a-c8bba3fa6d96#0:FAIL-t43, 4c6a16c4-95d2-4ef7-9fc0-4f57ccbd9967<-a910346c-1ee2-4cdc-a6d8-644a3a4f0b7f#0:FAIL-t43] and 0 exception(s); 4c6a16c4-95d2-4ef7-9fc0-4f57ccbd9967@group-5FF82F29B6C0:t43, leader=null, voted=4c6a16c4-95d2-4ef7-9fc0-4f57ccbd9967, raftlog=4c6a16c4-95d2-4ef7-9fc0-4f57ccbd9967@group-5FF82F29B6C0-SegmentedRaftLog:OPENED:c-1,f-1,i0, conf=-1: [4c6a16c4-95d2-4ef7-9fc0-4f57ccbd9967:192.168.5.131:39112, 742c26a8-c271-430a-a05a-c8bba3fa6d96:192.168.5.131:42235, a910346c-1ee2-4cdc-a6d8-644a3a4f0b7f:192.168.5.131:38193], old=null
2019-10-15 03:19:10,853 [4c6a16c4-95d2-4ef7-9fc0-4f57ccbd9967@group-5FF82F29B6C0-LeaderElection54] INFO  impl.RaftServerImpl (RaftServerImpl.java:setRole(184)) - 4c6a16c4-95d2-4ef7-9fc0-4f57ccbd9967@group-5FF82F29B6C0: changes role from CANDIDATE to FOLLOWER at term 43 for DISCOVERED_A_NEW_TERM
2019-10-15 03:19:10,853 [4c6a16c4-95d2-4ef7-9fc0-4f57ccbd9967@group-5FF82F29B6C0-LeaderElection54] INFO  impl.RoleInfo (RoleInfo.java:shutdownLeaderElection(134)) - 4c6a16c4-95d2-4ef7-9fc0-4f57ccbd9967: shutdown LeaderElection
2019-10-15 03:19:10,853 [4c6a16c4-95d2-4ef7-9fc0-4f57ccbd9967@group-5FF82F29B6C0-LeaderElection54] INFO  impl.RoleInfo (RoleInfo.java:updateAndGet(143)) - 4c6a16c4-95d2-4ef7-9fc0-4f57ccbd9967: start FollowerState
2019-10-15 03:19:11,032 [Thread-629] INFO  impl.FollowerState (FollowerState.java:run(108)) - 4c6a16c4-95d2-4ef7-9fc0-4f57ccbd9967@group-5FF82F29B6C0-FollowerState: change to CANDIDATE, lastRpcTime:178ms, electionTimeout:178ms
2019-10-15 03:19:11,032 [Thread-629] INFO  impl.RoleInfo (RoleInfo.java:shutdownFollowerState(121)) - 4c6a16c4-95d2-4ef7-9fc0-4f57ccbd9967: shutdown FollowerState
2019-10-15 03:19:11,032 [Thread-629] INFO  impl.RaftServerImpl (RaftServerImpl.java:setRole(184)) - 4c6a16c4-95d2-4ef7-9fc0-4f57ccbd9967@group-5FF82F29B6C0: changes role from  FOLLOWER to CANDIDATE at term 43 for changeToCandidate
2019-10-15 03:19:11,032 [Thread-629] INFO  impl.RoleInfo (RoleInfo.java:updateAndGet(143)) - 4c6a16c4-95d2-4ef7-9fc0-4f57ccbd9967: start LeaderElection
2019-10-15 03:19:11,046 [4c6a16c4-95d2-4ef7-9fc0-4f57ccbd9967@group-5FF82F29B6C0-LeaderElection55] INFO  impl.LeaderElection (LeaderElection.java:askForVotes(178)) - 4c6a16c4-95d2-4ef7-9fc0-4f57ccbd9967@group-5FF82F29B6C0-LeaderElection55: begin an election at term 44 for -1: [4c6a16c4-95d2-4ef7-9fc0-4f57ccbd9967:192.168.5.131:39112, 742c26a8-c271-430a-a05a-c8bba3fa6d96:192.168.5.131:42235, a910346c-1ee2-4cdc-a6d8-644a3a4f0b7f:192.168.5.131:38193], old=null
2019-10-15 03:19:11,048 [4c6a16c4-95d2-4ef7-9fc0-4f57ccbd9967@group-5FF82F29B6C0-LeaderElection55] INFO  impl.LeaderElection (LeaderElection.java:logAndReturn(56)) - 4c6a16c4-95d2-4ef7-9fc0-4f57ccbd9967@group-5FF82F29B6C0-LeaderElection55: Election TIMEOUT; received 0 response(s) [] and 0 exception(s); 4c6a16c4-95d2-4ef7-9fc0-4f57ccbd9967@group-5FF82F29B6C0:t44, leader=null, voted=4c6a16c4-95d2-4ef7-9fc0-4f57ccbd9967, raftlog=4c6a16c4-95d2-4ef7-9fc0-4f57ccbd9967@group-5FF82F29B6C0-SegmentedRaftLog:OPENED:c-1,f-1,i0, conf=-1: [4c6a16c4-95d2-4ef7-9fc0-4f57ccbd9967:192.168.5.131:39112, 742c26a8-c271-430a-a05a-c8bba3fa6d96:192.168.5.131:42235, a910346c-1ee2-4cdc-a6d8-644a3a4f0b7f:192.168.5.131:38193], old=null
2019-10-15 03:19:11,048 [grpc-default-executor-3] INFO  impl.RaftServerImpl (RaftServerImpl.java:setRole(184)) - 742c26a8-c271-430a-a05a-c8bba3fa6d96@group-5FF82F29B6C0: changes role from  FOLLOWER to FOLLOWER at term 44 for recognizeCandidate:4c6a16c4-95d2-4ef7-9fc0-4f57ccbd9967
2019-10-15 03:19:11,049 [grpc-default-executor-4] INFO  impl.RaftServerImpl (RaftServerImpl.java:setRole(184)) - a910346c-1ee2-4cdc-a6d8-644a3a4f0b7f@group-5FF82F29B6C0: changes role from  FOLLOWER to FOLLOWER at term 44 for recognizeCandidate:4c6a16c4-95d2-4ef7-9fc0-4f57ccbd9967
2019-10-15 03:19:11,049 [grpc-default-executor-3] INFO  impl.RoleInfo (RoleInfo.java:shutdownFollowerState(121)) - 742c26a8-c271-430a-a05a-c8bba3fa6d96: shutdown FollowerState
2019-10-15 03:19:11,049 [grpc-default-executor-4] INFO  impl.RoleInfo (RoleInfo.java:shutdownFollowerState(121)) - a910346c-1ee2-4cdc-a6d8-644a3a4f0b7f: shutdown FollowerState
2019-10-15 03:19:11,049 [Thread-627] INFO  impl.FollowerState (FollowerState.java:run(117)) - 742c26a8-c271-430a-a05a-c8bba3fa6d96@group-5FF82F29B6C0-FollowerState was interrupted: java.lang.InterruptedException: sleep interrupted
2019-10-15 03:19:11,049 [grpc-default-executor-3] INFO  impl.RoleInfo (RoleInfo.java:updateAndGet(143)) - 742c26a8-c271-430a-a05a-c8bba3fa6d96: start FollowerState
2019-10-15 03:19:11,049 [Thread-628] INFO  impl.FollowerState (FollowerState.java:run(117)) - a910346c-1ee2-4cdc-a6d8-644a3a4f0b7f@group-5FF82F29B6C0-FollowerState was interrupted: java.lang.InterruptedException: sleep interrupted
2019-10-15 03:19:11,049 [grpc-default-executor-4] INFO  impl.RoleInfo (RoleInfo.java:updateAndGet(143)) - a910346c-1ee2-4cdc-a6d8-644a3a4f0b7f: start FollowerState
2019-10-15 03:19:11,073 [4c6a16c4-95d2-4ef7-9fc0-4f57ccbd9967@group-5FF82F29B6C0-LeaderElection55] INFO  impl.LeaderElection (LeaderElection.java:askForVotes(178)) - 4c6a16c4-95d2-4ef7-9fc0-4f57ccbd9967@group-5FF82F29B6C0-LeaderElection55: begin an election at term 45 for -1: [4c6a16c4-95d2-4ef7-9fc0-4f57ccbd9967:192.168.5.131:39112, 742c26a8-c271-430a-a05a-c8bba3fa6d96:192.168.5.131:42235, a910346c-1ee2-4cdc-a6d8-644a3a4f0b7f:192.168.5.131:38193], old=null
2019-10-15 03:19:11,076 [grpc-default-executor-3] INFO  impl.RaftServerImpl (RaftServerImpl.java:setRole(184)) - 742c26a8-c271-430a-a05a-c8bba3fa6d96@group-5FF82F29B6C0: changes role from  FOLLOWER to FOLLOWER at term 45 for recognizeCandidate:4c6a16c4-95d2-4ef7-9fc0-4f57ccbd9967
2019-10-15 03:19:11,076 [grpc-default-executor-4] INFO  impl.RaftServerImpl (RaftServerImpl.java:setRole(184)) - a910346c-1ee2-4cdc-a6d8-644a3a4f0b7f@group-5FF82F29B6C0: changes role from  FOLLOWER to FOLLOWER at term 45 for recognizeCandidate:4c6a16c4-95d2-4ef7-9fc0-4f57ccbd9967
2019-10-15 03:19:11,076 [grpc-default-executor-3] INFO  impl.RoleInfo (RoleInfo.java:shutdownFollowerState(121)) - 742c26a8-c271-430a-a05a-c8bba3fa6d96: shutdown FollowerState
2019-10-15 03:19:11,076 [grpc-default-executor-4] INFO  impl.RoleInfo (RoleInfo.java:shutdownFollowerState(121)) - a910346c-1ee2-4cdc-a6d8-644a3a4f0b7f: shutdown FollowerState
2019-10-15 03:19:11,076 [Thread-635] INFO  impl.FollowerState (FollowerState.java:run(117)) - 742c26a8-c271-430a-a05a-c8bba3fa6d96@group-5FF82F29B6C0-FollowerState was interrupted: java.lang.InterruptedException: sleep interrupted
2019-10-15 03:19:11,076 [grpc-default-executor-4] INFO  impl.RoleInfo (RoleInfo.java:updateAndGet(143)) - a910346c-1ee2-4cdc-a6d8-644a3a4f0b7f: start FollowerState
2019-10-15 03:19:11,076 [grpc-default-executor-3] INFO  impl.RoleInfo (RoleInfo.java:updateAndGet(143)) - 742c26a8-c271-430a-a05a-c8bba3fa6d96: start FollowerState
2019-10-15 03:19:11,077 [Thread-636] INFO  impl.FollowerState (FollowerState.java:run(117)) - a910346c-1ee2-4cdc-a6d8-644a3a4f0b7f@group-5FF82F29B6C0-FollowerState was interrupted: java.lang.InterruptedException: sleep interrupted
2019-10-15 03:19:11,103 [4c6a16c4-95d2-4ef7-9fc0-4f57ccbd9967@group-5FF82F29B6C0-LeaderElection55] INFO  impl.LeaderElection (LeaderElection.java:logAndReturn(56)) - 4c6a16c4-95d2-4ef7-9fc0-4f57ccbd9967@group-5FF82F29B6C0-LeaderElection55: Election REJECTED; received 2 response(s) [4c6a16c4-95d2-4ef7-9fc0-4f57ccbd9967<-742c26a8-c271-430a-a05a-c8bba3fa6d96#0:FAIL-t45, 4c6a16c4-95d2-4ef7-9fc0-4f57ccbd9967<-a910346c-1ee2-4cdc-a6d8-644a3a4f0b7f#0:FAIL-t45] and 0 exception(s); 4c6a16c4-95d2-4ef7-9fc0-4f57ccbd9967@group-5FF82F29B6C0:t45, leader=null, voted=4c6a16c4-95d2-4ef7-9fc0-4f57ccbd9967, raftlog=4c6a16c4-95d2-4ef7-9fc0-4f57ccbd9967@group-5FF82F29B6C0-SegmentedRaftLog:OPENED:c-1,f-1,i0, conf=-1: [4c6a16c4-95d2-4ef7-9fc0-4f57ccbd9967:192.168.5.131:39112, 742c26a8-c271-430a-a05a-c8bba3fa6d96:192.168.5.131:42235, a910346c-1ee2-4cdc-a6d8-644a3a4f0b7f:192.168.5.131:38193], old=null
2019-10-15 03:19:11,104 [4c6a16c4-95d2-4ef7-9fc0-4f57ccbd9967@group-5FF82F29B6C0-LeaderElection55] INFO  impl.RaftServerImpl (RaftServerImpl.java:setRole(184)) - 4c6a16c4-95d2-4ef7-9fc0-4f57ccbd9967@group-5FF82F29B6C0: changes role from CANDIDATE to FOLLOWER at term 45 for DISCOVERED_A_NEW_TERM
2019-10-15 03:19:11,104 [4c6a16c4-95d2-4ef7-9fc0-4f57ccbd9967@group-5FF82F29B6C0-LeaderElection55] INFO  impl.RoleInfo (RoleInfo.java:shutdownLeaderElection(134)) - 4c6a16c4-95d2-4ef7-9fc0-4f57ccbd9967: shutdown LeaderElection
2019-10-15 03:19:11,104 [4c6a16c4-95d2-4ef7-9fc0-4f57ccbd9967@group-5FF82F29B6C0-LeaderElection55] INFO  impl.RoleInfo (RoleInfo.java:updateAndGet(143)) - 4c6a16c4-95d2-4ef7-9fc0-4f57ccbd9967: start FollowerState
2019-10-15 03:19:11,198 [Thread-641] INFO  impl.FollowerState (FollowerState.java:run(108)) - 4c6a16c4-95d2-4ef7-9fc0-4f57ccbd9967@group-5FF82F29B6C0-FollowerState: change to CANDIDATE, lastRpcTime:93ms, electionTimeout:93ms
2019-10-15 03:19:11,198 [Thread-641] INFO  impl.RoleInfo (RoleInfo.java:shutdownFollowerState(121)) - 4c6a16c4-95d2-4ef7-9fc0-4f57ccbd9967: shutdown FollowerState
2019-10-15 03:19:11,198 [Thread-641] INFO  impl.RaftServerImpl (RaftServerImpl.java:setRole(184)) - 4c6a16c4-95d2-4ef7-9fc0-4f57ccbd9967@group-5FF82F29B6C0: changes role from  FOLLOWER to CANDIDATE at term 45 for changeToCandidate
2019-10-15 03:19:11,198 [Thread-641] INFO  impl.RoleInfo (RoleInfo.java:updateAndGet(143)) - 4c6a16c4-95d2-4ef7-9fc0-4f57ccbd9967: start LeaderElection
2019-10-15 03:19:11,211 [4c6a16c4-95d2-4ef7-9fc0-4f57ccbd9967@group-5FF82F29B6C0-LeaderElection56] INFO  impl.LeaderElection (LeaderElection.java:askForVotes(178)) - 4c6a16c4-95d2-4ef7-9fc0-4f57ccbd9967@group-5FF82F29B6C0-LeaderElection56: begin an election at term 46 for -1: [4c6a16c4-95d2-4ef7-9fc0-4f57ccbd9967:192.168.5.131:39112, 742c26a8-c271-430a-a05a-c8bba3fa6d96:192.168.5.131:42235, a910346c-1ee2-4cdc-a6d8-644a3a4f0b7f:192.168.5.131:38193], old=null
2019-10-15 03:19:11,214 [grpc-default-executor-3] INFO  impl.RaftServerImpl (RaftServerImpl.java:setRole(184)) - 742c26a8-c271-430a-a05a-c8bba3fa6d96@group-5FF82F29B6C0: changes role from  FOLLOWER to FOLLOWER at term 46 for recognizeCandidate:4c6a16c4-95d2-4ef7-9fc0-4f57ccbd9967
2019-10-15 03:19:11,214 [grpc-default-executor-4] INFO  impl.RaftServerImpl (RaftServerImpl.java:setRole(184)) - a910346c-1ee2-4cdc-a6d8-644a3a4f0b7f@group-5FF82F29B6C0: changes role from  FOLLOWER to FOLLOWER at term 46 for recognizeCandidate:4c6a16c4-95d2-4ef7-9fc0-4f57ccbd9967
2019-10-15 03:19:11,215 [grpc-default-executor-3] INFO  impl.RoleInfo (RoleInfo.java:shutdownFollowerState(121)) - 742c26a8-c271-430a-a05a-c8bba3fa6d96: shutdown FollowerState
2019-10-15 03:19:11,215 [grpc-default-executor-4] INFO  impl.RoleInfo (RoleInfo.java:shutdownFollowerState(121)) - a910346c-1ee2-4cdc-a6d8-644a3a4f0b7f: shutdown FollowerState
2019-10-15 03:19:11,215 [grpc-default-executor-3] INFO  impl.RoleInfo (RoleInfo.java:updateAndGet(143)) - 742c26a8-c271-430a-a05a-c8bba3fa6d96: start FollowerState
2019-10-15 03:19:11,215 [Thread-640] INFO  impl.FollowerState (FollowerState.java:run(117)) - a910346c-1ee2-4cdc-a6d8-644a3a4f0b7f@group-5FF82F29B6C0-FollowerState was interrupted: java.lang.InterruptedException: sleep interrupted
2019-10-15 03:19:11,215 [Thread-639] INFO  impl.FollowerState (FollowerState.java:run(117)) - 742c26a8-c271-430a-a05a-c8bba3fa6d96@group-5FF82F29B6C0-FollowerState was interrupted: java.lang.InterruptedException: sleep interrupted
2019-10-15 03:19:11,215 [grpc-default-executor-4] INFO  impl.RoleInfo (RoleInfo.java:updateAndGet(143)) - a910346c-1ee2-4cdc-a6d8-644a3a4f0b7f: start FollowerState
2019-10-15 03:19:11,235 [4c6a16c4-95d2-4ef7-9fc0-4f57ccbd9967@group-5FF82F29B6C0-LeaderElection56] INFO  impl.LeaderElection (LeaderElection.java:logAndReturn(56)) - 4c6a16c4-95d2-4ef7-9fc0-4f57ccbd9967@group-5FF82F29B6C0-LeaderElection56: Election REJECTED; received 2 response(s) [4c6a16c4-95d2-4ef7-9fc0-4f57ccbd9967<-742c26a8-c271-430a-a05a-c8bba3fa6d96#0:FAIL-t46, 4c6a16c4-95d2-4ef7-9fc0-4f57ccbd9967<-a910346c-1ee2-4cdc-a6d8-644a3a4f0b7f#0:FAIL-t46] and 0 exception(s); 4c6a16c4-95d2-4ef7-9fc0-4f57ccbd9967@group-5FF82F29B6C0:t46, leader=null, voted=4c6a16c4-95d2-4ef7-9fc0-4f57ccbd9967, raftlog=4c6a16c4-95d2-4ef7-9fc0-4f57ccbd9967@group-5FF82F29B6C0-SegmentedRaftLog:OPENED:c-1,f-1,i0, conf=-1: [4c6a16c4-95d2-4ef7-9fc0-4f57ccbd9967:192.168.5.131:39112, 742c26a8-c271-430a-a05a-c8bba3fa6d96:192.168.5.131:42235, a910346c-1ee2-4cdc-a6d8-644a3a4f0b7f:192.168.5.131:38193], old=null
2019-10-15 03:19:11,236 [4c6a16c4-95d2-4ef7-9fc0-4f57ccbd9967@group-5FF82F29B6C0-LeaderElection56] INFO  impl.RaftServerImpl (RaftServerImpl.java:setRole(184)) - 4c6a16c4-95d2-4ef7-9fc0-4f57ccbd9967@group-5FF82F29B6C0: changes role from CANDIDATE to FOLLOWER at term 46 for DISCOVERED_A_NEW_TERM
2019-10-15 03:19:11,236 [4c6a16c4-95d2-4ef7-9fc0-4f57ccbd9967@group-5FF82F29B6C0-LeaderElection56] INFO  impl.RoleInfo (RoleInfo.java:shutdownLeaderElection(134)) - 4c6a16c4-95d2-4ef7-9fc0-4f57ccbd9967: shutdown LeaderElection
2019-10-15 03:19:11,236 [4c6a16c4-95d2-4ef7-9fc0-4f57ccbd9967@group-5FF82F29B6C0-LeaderElection56] INFO  impl.RoleInfo (RoleInfo.java:updateAndGet(143)) - 4c6a16c4-95d2-4ef7-9fc0-4f57ccbd9967: start FollowerState
2019-10-15 03:19:11,351 [Thread-649] INFO  impl.FollowerState (FollowerState.java:run(108)) - 4c6a16c4-95d2-4ef7-9fc0-4f57ccbd9967@group-5FF82F29B6C0-FollowerState: change to CANDIDATE, lastRpcTime:114ms, electionTimeout:114ms
2019-10-15 03:19:11,351 [Thread-649] INFO  impl.RoleInfo (RoleInfo.java:shutdownFollowerState(121)) - 4c6a16c4-95d2-4ef7-9fc0-4f57ccbd9967: shutdown FollowerState
2019-10-15 03:19:11,351 [Thread-649] INFO  impl.RaftServerImpl (RaftServerImpl.java:setRole(184)) - 4c6a16c4-95d2-4ef7-9fc0-4f57ccbd9967@group-5FF82F29B6C0: changes role from  FOLLOWER to CANDIDATE at term 46 for changeToCandidate
2019-10-15 03:19:11,351 [Thread-649] INFO  impl.RoleInfo (RoleInfo.java:updateAndGet(143)) - 4c6a16c4-95d2-4ef7-9fc0-4f57ccbd9967: start LeaderElection
2019-10-15 03:19:11,376 [4c6a16c4-95d2-4ef7-9fc0-4f57ccbd9967@group-5FF82F29B6C0-LeaderElection57] INFO  impl.LeaderElection (LeaderElection.java:askForVotes(178)) - 4c6a16c4-95d2-4ef7-9fc0-4f57ccbd9967@group-5FF82F29B6C0-LeaderElection57: begin an election at term 47 for -1: [4c6a16c4-95d2-4ef7-9fc0-4f57ccbd9967:192.168.5.131:39112, 742c26a8-c271-430a-a05a-c8bba3fa6d96:192.168.5.131:42235, a910346c-1ee2-4cdc-a6d8-644a3a4f0b7f:192.168.5.131:38193], old=null
2019-10-15 03:19:11,379 [grpc-default-executor-3] INFO  impl.RaftServerImpl (RaftServerImpl.java:setRole(184)) - 742c26a8-c271-430a-a05a-c8bba3fa6d96@group-5FF82F29B6C0: changes role from  FOLLOWER to FOLLOWER at term 47 for recognizeCandidate:4c6a16c4-95d2-4ef7-9fc0-4f57ccbd9967
2019-10-15 03:19:11,379 [grpc-default-executor-4] INFO  impl.RaftServerImpl (RaftServerImpl.java:setRole(184)) - a910346c-1ee2-4cdc-a6d8-644a3a4f0b7f@group-5FF82F29B6C0: changes role from  FOLLOWER to FOLLOWER at term 47 for recognizeCandidate:4c6a16c4-95d2-4ef7-9fc0-4f57ccbd9967
2019-10-15 03:19:11,379 [grpc-default-executor-3] INFO  impl.RoleInfo (RoleInfo.java:shutdownFollowerState(121)) - 742c26a8-c271-430a-a05a-c8bba3fa6d96: shutdown FollowerState
2019-10-15 03:19:11,379 [grpc-default-executor-4] INFO  impl.RoleInfo (RoleInfo.java:shutdownFollowerState(121)) - a910346c-1ee2-4cdc-a6d8-644a3a4f0b7f: shutdown FollowerState
2019-10-15 03:19:11,379 [Thread-647] INFO  impl.FollowerState (FollowerState.java:run(117)) - 742c26a8-c271-430a-a05a-c8bba3fa6d96@group-5FF82F29B6C0-FollowerState was interrupted: java.lang.InterruptedException: sleep interrupted
2019-10-15 03:19:11,379 [grpc-default-executor-3] INFO  impl.RoleInfo (RoleInfo.java:updateAndGet(143)) - 742c26a8-c271-430a-a05a-c8bba3fa6d96: start FollowerState
2019-10-15 03:19:11,380 [Thread-648] INFO  impl.FollowerState (FollowerState.java:run(117)) - a910346c-1ee2-4cdc-a6d8-644a3a4f0b7f@group-5FF82F29B6C0-FollowerState was interrupted: java.lang.InterruptedException: sleep interrupted
2019-10-15 03:19:11,380 [grpc-default-executor-4] INFO  impl.RoleInfo (RoleInfo.java:updateAndGet(143)) - a910346c-1ee2-4cdc-a6d8-644a3a4f0b7f: start FollowerState
2019-10-15 03:19:11,413 [4c6a16c4-95d2-4ef7-9fc0-4f57ccbd9967@group-5FF82F29B6C0-LeaderElection57] INFO  impl.LeaderElection (LeaderElection.java:logAndReturn(56)) - 4c6a16c4-95d2-4ef7-9fc0-4f57ccbd9967@group-5FF82F29B6C0-LeaderElection57: Election REJECTED; received 2 response(s) [4c6a16c4-95d2-4ef7-9fc0-4f57ccbd9967<-742c26a8-c271-430a-a05a-c8bba3fa6d96#0:FAIL-t47, 4c6a16c4-95d2-4ef7-9fc0-4f57ccbd9967<-a910346c-1ee2-4cdc-a6d8-644a3a4f0b7f#0:FAIL-t47] and 0 exception(s); 4c6a16c4-95d2-4ef7-9fc0-4f57ccbd9967@group-5FF82F29B6C0:t47, leader=null, voted=4c6a16c4-95d2-4ef7-9fc0-4f57ccbd9967, raftlog=4c6a16c4-95d2-4ef7-9fc0-4f57ccbd9967@group-5FF82F29B6C0-SegmentedRaftLog:OPENED:c-1,f-1,i0, conf=-1: [4c6a16c4-95d2-4ef7-9fc0-4f57ccbd9967:192.168.5.131:39112, 742c26a8-c271-430a-a05a-c8bba3fa6d96:192.168.5.131:42235, a910346c-1ee2-4cdc-a6d8-644a3a4f0b7f:192.168.5.131:38193], old=null
2019-10-15 03:19:11,413 [4c6a16c4-95d2-4ef7-9fc0-4f57ccbd9967@group-5FF82F29B6C0-LeaderElection57] INFO  impl.RaftServerImpl (RaftServerImpl.java:setRole(184)) - 4c6a16c4-95d2-4ef7-9fc0-4f57ccbd9967@group-5FF82F29B6C0: changes role from CANDIDATE to FOLLOWER at term 47 for DISCOVERED_A_NEW_TERM
2019-10-15 03:19:11,413 [4c6a16c4-95d2-4ef7-9fc0-4f57ccbd9967@group-5FF82F29B6C0-LeaderElection57] INFO  impl.RoleInfo (RoleInfo.java:shutdownLeaderElection(134)) - 4c6a16c4-95d2-4ef7-9fc0-4f57ccbd9967: shutdown LeaderElection
2019-10-15 03:19:11,414 [4c6a16c4-95d2-4ef7-9fc0-4f57ccbd9967@group-5FF82F29B6C0-LeaderElection57] INFO  impl.RoleInfo (RoleInfo.java:updateAndGet(143)) - 4c6a16c4-95d2-4ef7-9fc0-4f57ccbd9967: start FollowerState
2019-10-15 03:19:11,568 [Thread-657] INFO  impl.FollowerState (FollowerState.java:run(108)) - 4c6a16c4-95d2-4ef7-9fc0-4f57ccbd9967@group-5FF82F29B6C0-FollowerState: change to CANDIDATE, lastRpcTime:154ms, electionTimeout:154ms
2019-10-15 03:19:11,568 [Thread-657] INFO  impl.RoleInfo (RoleInfo.java:shutdownFollowerState(121)) - 4c6a16c4-95d2-4ef7-9fc0-4f57ccbd9967: shutdown FollowerState
2019-10-15 03:19:11,569 [Thread-657] INFO  impl.RaftServerImpl (RaftServerImpl.java:setRole(184)) - 4c6a16c4-95d2-4ef7-9fc0-4f57ccbd9967@group-5FF82F29B6C0: changes role from  FOLLOWER to CANDIDATE at term 47 for changeToCandidate
2019-10-15 03:19:11,569 [Thread-657] INFO  impl.RoleInfo (RoleInfo.java:updateAndGet(143)) - 4c6a16c4-95d2-4ef7-9fc0-4f57ccbd9967: start LeaderElection
2019-10-15 03:19:11,583 [4c6a16c4-95d2-4ef7-9fc0-4f57ccbd9967@group-5FF82F29B6C0-LeaderElection58] INFO  impl.LeaderElection (LeaderElection.java:askForVotes(178)) - 4c6a16c4-95d2-4ef7-9fc0-4f57ccbd9967@group-5FF82F29B6C0-LeaderElection58: begin an election at term 48 for -1: [4c6a16c4-95d2-4ef7-9fc0-4f57ccbd9967:192.168.5.131:39112, 742c26a8-c271-430a-a05a-c8bba3fa6d96:192.168.5.131:42235, a910346c-1ee2-4cdc-a6d8-644a3a4f0b7f:192.168.5.131:38193], old=null
2019-10-15 03:19:11,589 [grpc-default-executor-3] INFO  impl.RaftServerImpl (RaftServerImpl.java:setRole(184)) - 742c26a8-c271-430a-a05a-c8bba3fa6d96@group-5FF82F29B6C0: changes role from  FOLLOWER to FOLLOWER at term 48 for recognizeCandidate:4c6a16c4-95d2-4ef7-9fc0-4f57ccbd9967
2019-10-15 03:19:11,589 [grpc-default-executor-4] INFO  impl.RaftServerImpl (RaftServerImpl.java:setRole(184)) - a910346c-1ee2-4cdc-a6d8-644a3a4f0b7f@group-5FF82F29B6C0: changes role from  FOLLOWER to FOLLOWER at term 48 for recognizeCandidate:4c6a16c4-95d2-4ef7-9fc0-4f57ccbd9967
2019-10-15 03:19:11,590 [grpc-default-executor-3] INFO  impl.RoleInfo (RoleInfo.java:shutdownFollowerState(121)) - 742c26a8-c271-430a-a05a-c8bba3fa6d96: shutdown FollowerState
2019-10-15 03:19:11,590 [grpc-default-executor-4] INFO  impl.RoleInfo (RoleInfo.java:shutdownFollowerState(121)) - a910346c-1ee2-4cdc-a6d8-644a3a4f0b7f: shutdown FollowerState
2019-10-15 03:19:11,590 [Thread-655] INFO  impl.FollowerState (FollowerState.java:run(117)) - 742c26a8-c271-430a-a05a-c8bba3fa6d96@group-5FF82F29B6C0-FollowerState was interrupted: java.lang.InterruptedException: sleep interrupted
2019-10-15 03:19:11,590 [Thread-656] INFO  impl.FollowerState (FollowerState.java:run(117)) - a910346c-1ee2-4cdc-a6d8-644a3a4f0b7f@group-5FF82F29B6C0-FollowerState was interrupted: java.lang.InterruptedException: sleep interrupted
2019-10-15 03:19:11,590 [grpc-default-executor-3] INFO  impl.RoleInfo (RoleInfo.java:updateAndGet(143)) - 742c26a8-c271-430a-a05a-c8bba3fa6d96: start FollowerState
2019-10-15 03:19:11,590 [grpc-default-executor-4] INFO  impl.RoleInfo (RoleInfo.java:updateAndGet(143)) - a910346c-1ee2-4cdc-a6d8-644a3a4f0b7f: start FollowerState
2019-10-15 03:19:11,617 [4c6a16c4-95d2-4ef7-9fc0-4f57ccbd9967@group-5FF82F29B6C0-LeaderElection58] INFO  impl.LeaderElection (LeaderElection.java:logAndReturn(56)) - 4c6a16c4-95d2-4ef7-9fc0-4f57ccbd9967@group-5FF82F29B6C0-LeaderElection58: Election REJECTED; received 2 response(s) [4c6a16c4-95d2-4ef7-9fc0-4f57ccbd9967<-742c26a8-c271-430a-a05a-c8bba3fa6d96#0:FAIL-t48, 4c6a16c4-95d2-4ef7-9fc0-4f57ccbd9967<-a910346c-1ee2-4cdc-a6d8-644a3a4f0b7f#0:FAIL-t48] and 0 exception(s); 4c6a16c4-95d2-4ef7-9fc0-4f57ccbd9967@group-5FF82F29B6C0:t48, leader=null, voted=4c6a16c4-95d2-4ef7-9fc0-4f57ccbd9967, raftlog=4c6a16c4-95d2-4ef7-9fc0-4f57ccbd9967@group-5FF82F29B6C0-SegmentedRaftLog:OPENED:c-1,f-1,i0, conf=-1: [4c6a16c4-95d2-4ef7-9fc0-4f57ccbd9967:192.168.5.131:39112, 742c26a8-c271-430a-a05a-c8bba3fa6d96:192.168.5.131:42235, a910346c-1ee2-4cdc-a6d8-644a3a4f0b7f:192.168.5.131:38193], old=null
2019-10-15 03:19:11,618 [4c6a16c4-95d2-4ef7-9fc0-4f57ccbd9967@group-5FF82F29B6C0-LeaderElection58] INFO  impl.RaftServerImpl (RaftServerImpl.java:setRole(184)) - 4c6a16c4-95d2-4ef7-9fc0-4f57ccbd9967@group-5FF82F29B6C0: changes role from CANDIDATE to FOLLOWER at term 48 for DISCOVERED_A_NEW_TERM
2019-10-15 03:19:11,618 [4c6a16c4-95d2-4ef7-9fc0-4f57ccbd9967@group-5FF82F29B6C0-LeaderElection58] INFO  impl.RoleInfo (RoleInfo.java:shutdownLeaderElection(134)) - 4c6a16c4-95d2-4ef7-9fc0-4f57ccbd9967: shutdown LeaderElection
2019-10-15 03:19:11,618 [4c6a16c4-95d2-4ef7-9fc0-4f57ccbd9967@group-5FF82F29B6C0-LeaderElection58] INFO  impl.RoleInfo (RoleInfo.java:updateAndGet(143)) - 4c6a16c4-95d2-4ef7-9fc0-4f57ccbd9967: start FollowerState
2019-10-15 03:19:11,795 [Thread-663] INFO  impl.FollowerState (FollowerState.java:run(108)) - 4c6a16c4-95d2-4ef7-9fc0-4f57ccbd9967@group-5FF82F29B6C0-FollowerState: change to CANDIDATE, lastRpcTime:176ms, electionTimeout:176ms
2019-10-15 03:19:11,795 [Thread-663] INFO  impl.RoleInfo (RoleInfo.java:shutdownFollowerState(121)) - 4c6a16c4-95d2-4ef7-9fc0-4f57ccbd9967: shutdown FollowerState
2019-10-15 03:19:11,796 [Thread-663] INFO  impl.RaftServerImpl (RaftServerImpl.java:setRole(184)) - 4c6a16c4-95d2-4ef7-9fc0-4f57ccbd9967@group-5FF82F29B6C0: changes role from  FOLLOWER to CANDIDATE at term 48 for changeToCandidate
2019-10-15 03:19:11,796 [Thread-663] INFO  impl.RoleInfo (RoleInfo.java:updateAndGet(143)) - 4c6a16c4-95d2-4ef7-9fc0-4f57ccbd9967: start LeaderElection
2019-10-15 03:19:11,811 [4c6a16c4-95d2-4ef7-9fc0-4f57ccbd9967@group-5FF82F29B6C0-LeaderElection59] INFO  impl.LeaderElection (LeaderElection.java:askForVotes(178)) - 4c6a16c4-95d2-4ef7-9fc0-4f57ccbd9967@group-5FF82F29B6C0-LeaderElection59: begin an election at term 49 for -1: [4c6a16c4-95d2-4ef7-9fc0-4f57ccbd9967:192.168.5.131:39112, 742c26a8-c271-430a-a05a-c8bba3fa6d96:192.168.5.131:42235, a910346c-1ee2-4cdc-a6d8-644a3a4f0b7f:192.168.5.131:38193], old=null
2019-10-15 03:19:11,815 [grpc-default-executor-4] INFO  impl.RaftServerImpl (RaftServerImpl.java:setRole(184)) - 742c26a8-c271-430a-a05a-c8bba3fa6d96@group-5FF82F29B6C0: changes role from  FOLLOWER to FOLLOWER at term 49 for recognizeCandidate:4c6a16c4-95d2-4ef7-9fc0-4f57ccbd9967
2019-10-15 03:19:11,815 [grpc-default-executor-3] INFO  impl.RaftServerImpl (RaftServerImpl.java:setRole(184)) - a910346c-1ee2-4cdc-a6d8-644a3a4f0b7f@group-5FF82F29B6C0: changes role from  FOLLOWER to FOLLOWER at term 49 for recognizeCandidate:4c6a16c4-95d2-4ef7-9fc0-4f57ccbd9967
2019-10-15 03:19:11,816 [grpc-default-executor-4] INFO  impl.RoleInfo (RoleInfo.java:shutdownFollowerState(121)) - 742c26a8-c271-430a-a05a-c8bba3fa6d96: shutdown FollowerState
2019-10-15 03:19:11,816 [grpc-default-executor-3] INFO  impl.RoleInfo (RoleInfo.java:shutdownFollowerState(121)) - a910346c-1ee2-4cdc-a6d8-644a3a4f0b7f: shutdown FollowerState
2019-10-15 03:19:11,816 [Thread-661] INFO  impl.FollowerState (FollowerState.java:run(117)) - 742c26a8-c271-430a-a05a-c8bba3fa6d96@group-5FF82F29B6C0-FollowerState was interrupted: java.lang.InterruptedException: sleep interrupted
2019-10-15 03:19:11,816 [grpc-default-executor-4] INFO  impl.RoleInfo (RoleInfo.java:updateAndGet(143)) - 742c26a8-c271-430a-a05a-c8bba3fa6d96: start FollowerState
2019-10-15 03:19:11,816 [Thread-662] INFO  impl.FollowerState (FollowerState.java:run(117)) - a910346c-1ee2-4cdc-a6d8-644a3a4f0b7f@group-5FF82F29B6C0-FollowerState was interrupted: java.lang.InterruptedException: sleep interrupted
2019-10-15 03:19:11,816 [grpc-default-executor-3] INFO  impl.RoleInfo (RoleInfo.java:updateAndGet(143)) - a910346c-1ee2-4cdc-a6d8-644a3a4f0b7f: start FollowerState
2019-10-15 03:19:11,843 [4c6a16c4-95d2-4ef7-9fc0-4f57ccbd9967@group-5FF82F29B6C0-LeaderElection59] INFO  impl.LeaderElection (LeaderElection.java:logAndReturn(56)) - 4c6a16c4-95d2-4ef7-9fc0-4f57ccbd9967@group-5FF82F29B6C0-LeaderElection59: Election REJECTED; received 2 response(s) [4c6a16c4-95d2-4ef7-9fc0-4f57ccbd9967<-742c26a8-c271-430a-a05a-c8bba3fa6d96#0:FAIL-t49, 4c6a16c4-95d2-4ef7-9fc0-4f57ccbd9967<-a910346c-1ee2-4cdc-a6d8-644a3a4f0b7f#0:FAIL-t49] and 0 exception(s); 4c6a16c4-95d2-4ef7-9fc0-4f57ccbd9967@group-5FF82F29B6C0:t49, leader=null, voted=4c6a16c4-95d2-4ef7-9fc0-4f57ccbd9967, raftlog=4c6a16c4-95d2-4ef7-9fc0-4f57ccbd9967@group-5FF82F29B6C0-SegmentedRaftLog:OPENED:c-1,f-1,i0, conf=-1: [4c6a16c4-95d2-4ef7-9fc0-4f57ccbd9967:192.168.5.131:39112, 742c26a8-c271-430a-a05a-c8bba3fa6d96:192.168.5.131:42235, a910346c-1ee2-4cdc-a6d8-644a3a4f0b7f:192.168.5.131:38193], old=null
2019-10-15 03:19:11,844 [4c6a16c4-95d2-4ef7-9fc0-4f57ccbd9967@group-5FF82F29B6C0-LeaderElection59] INFO  impl.RaftServerImpl (RaftServerImpl.java:setRole(184)) - 4c6a16c4-95d2-4ef7-9fc0-4f57ccbd9967@group-5FF82F29B6C0: changes role from CANDIDATE to FOLLOWER at term 49 for DISCOVERED_A_NEW_TERM
2019-10-15 03:19:11,844 [4c6a16c4-95d2-4ef7-9fc0-4f57ccbd9967@group-5FF82F29B6C0-LeaderElection59] INFO  impl.RoleInfo (RoleInfo.java:shutdownLeaderElection(134)) - 4c6a16c4-95d2-4ef7-9fc0-4f57ccbd9967: shutdown LeaderElection
2019-10-15 03:19:11,844 [4c6a16c4-95d2-4ef7-9fc0-4f57ccbd9967@group-5FF82F29B6C0-LeaderElection59] INFO  impl.RoleInfo (RoleInfo.java:updateAndGet(143)) - 4c6a16c4-95d2-4ef7-9fc0-4f57ccbd9967: start FollowerState
2019-10-15 03:19:11,981 [Thread-669] INFO  impl.FollowerState (FollowerState.java:run(108)) - 4c6a16c4-95d2-4ef7-9fc0-4f57ccbd9967@group-5FF82F29B6C0-FollowerState: change to CANDIDATE, lastRpcTime:137ms, electionTimeout:137ms
2019-10-15 03:19:11,982 [Thread-669] INFO  impl.RoleInfo (RoleInfo.java:shutdownFollowerState(121)) - 4c6a16c4-95d2-4ef7-9fc0-4f57ccbd9967: shutdown FollowerState
2019-10-15 03:19:11,982 [Thread-669] INFO  impl.RaftServerImpl (RaftServerImpl.java:setRole(184)) - 4c6a16c4-95d2-4ef7-9fc0-4f57ccbd9967@group-5FF82F29B6C0: changes role from  FOLLOWER to CANDIDATE at term 49 for changeToCandidate
2019-10-15 03:19:11,982 [Thread-669] INFO  impl.RoleInfo (RoleInfo.java:updateAndGet(143)) - 4c6a16c4-95d2-4ef7-9fc0-4f57ccbd9967: start LeaderElection
2019-10-15 03:19:11,996 [4c6a16c4-95d2-4ef7-9fc0-4f57ccbd9967@group-5FF82F29B6C0-LeaderElection60] INFO  impl.LeaderElection (LeaderElection.java:askForVotes(178)) - 4c6a16c4-95d2-4ef7-9fc0-4f57ccbd9967@group-5FF82F29B6C0-LeaderElection60: begin an election at term 50 for -1: [4c6a16c4-95d2-4ef7-9fc0-4f57ccbd9967:192.168.5.131:39112, 742c26a8-c271-430a-a05a-c8bba3fa6d96:192.168.5.131:42235, a910346c-1ee2-4cdc-a6d8-644a3a4f0b7f:192.168.5.131:38193], old=null
2019-10-15 03:19:11,999 [grpc-default-executor-4] INFO  impl.RaftServerImpl (RaftServerImpl.java:setRole(184)) - 742c26a8-c271-430a-a05a-c8bba3fa6d96@group-5FF82F29B6C0: changes role from  FOLLOWER to FOLLOWER at term 50 for recognizeCandidate:4c6a16c4-95d2-4ef7-9fc0-4f57ccbd9967
2019-10-15 03:19:11,999 [grpc-default-executor-3] INFO  impl.RaftServerImpl (RaftServerImpl.java:setRole(184)) - a910346c-1ee2-4cdc-a6d8-644a3a4f0b7f@group-5FF82F29B6C0: changes role from  FOLLOWER to FOLLOWER at term 50 for recognizeCandidate:4c6a16c4-95d2-4ef7-9fc0-4f57ccbd9967
2019-10-15 03:19:11,999 [grpc-default-executor-4] INFO  impl.RoleInfo (RoleInfo.java:shutdownFollowerState(121)) - 742c26a8-c271-430a-a05a-c8bba3fa6d96: shutdown FollowerState
2019-10-15 03:19:12,000 [grpc-default-executor-3] INFO  impl.RoleInfo (RoleInfo.java:shutdownFollowerState(121)) - a910346c-1ee2-4cdc-a6d8-644a3a4f0b7f: shutdown FollowerState
2019-10-15 03:19:12,000 [Thread-667] INFO  impl.FollowerState (FollowerState.java:run(117)) - 742c26a8-c271-430a-a05a-c8bba3fa6d96@group-5FF82F29B6C0-FollowerState was interrupted: java.lang.InterruptedException: sleep interrupted
2019-10-15 03:19:12,000 [Thread-668] INFO  impl.FollowerState (FollowerState.java:run(117)) - a910346c-1ee2-4cdc-a6d8-644a3a4f0b7f@group-5FF82F29B6C0-FollowerState was interrupted: java.lang.InterruptedException: sleep interrupted
2019-10-15 03:19:12,000 [grpc-default-executor-4] INFO  impl.RoleInfo (RoleInfo.java:updateAndGet(143)) - 742c26a8-c271-430a-a05a-c8bba3fa6d96: start FollowerState
2019-10-15 03:19:12,000 [grpc-default-executor-3] INFO  impl.RoleInfo (RoleInfo.java:updateAndGet(143)) - a910346c-1ee2-4cdc-a6d8-644a3a4f0b7f: start FollowerState
2019-10-15 03:19:12,014 [4c6a16c4-95d2-4ef7-9fc0-4f57ccbd9967@group-5FF82F29B6C0-LeaderElection60] INFO  impl.LeaderElection (LeaderElection.java:logAndReturn(56)) - 4c6a16c4-95d2-4ef7-9fc0-4f57ccbd9967@group-5FF82F29B6C0-LeaderElection60: Election TIMEOUT; received 0 response(s) [] and 0 exception(s); 4c6a16c4-95d2-4ef7-9fc0-4f57ccbd9967@group-5FF82F29B6C0:t50, leader=null, voted=4c6a16c4-95d2-4ef7-9fc0-4f57ccbd9967, raftlog=4c6a16c4-95d2-4ef7-9fc0-4f57ccbd9967@group-5FF82F29B6C0-SegmentedRaftLog:OPENED:c-1,f-1,i0, conf=-1: [4c6a16c4-95d2-4ef7-9fc0-4f57ccbd9967:192.168.5.131:39112, 742c26a8-c271-430a-a05a-c8bba3fa6d96:192.168.5.131:42235, a910346c-1ee2-4cdc-a6d8-644a3a4f0b7f:192.168.5.131:38193], old=null
2019-10-15 03:19:12,031 [4c6a16c4-95d2-4ef7-9fc0-4f57ccbd9967@group-5FF82F29B6C0-LeaderElection60] INFO  impl.LeaderElection (LeaderElection.java:askForVotes(178)) - 4c6a16c4-95d2-4ef7-9fc0-4f57ccbd9967@group-5FF82F29B6C0-LeaderElection60: begin an election at term 51 for -1: [4c6a16c4-95d2-4ef7-9fc0-4f57ccbd9967:192.168.5.131:39112, 742c26a8-c271-430a-a05a-c8bba3fa6d96:192.168.5.131:42235, a910346c-1ee2-4cdc-a6d8-644a3a4f0b7f:192.168.5.131:38193], old=null
2019-10-15 03:19:12,033 [grpc-default-executor-3] INFO  impl.RaftServerImpl (RaftServerImpl.java:setRole(184)) - a910346c-1ee2-4cdc-a6d8-644a3a4f0b7f@group-5FF82F29B6C0: changes role from  FOLLOWER to FOLLOWER at term 51 for recognizeCandidate:4c6a16c4-95d2-4ef7-9fc0-4f57ccbd9967
2019-10-15 03:19:12,033 [grpc-default-executor-4] INFO  impl.RaftServerImpl (RaftServerImpl.java:setRole(184)) - 742c26a8-c271-430a-a05a-c8bba3fa6d96@group-5FF82F29B6C0: changes role from  FOLLOWER to FOLLOWER at term 51 for recognizeCandidate:4c6a16c4-95d2-4ef7-9fc0-4f57ccbd9967
2019-10-15 03:19:12,033 [grpc-default-executor-3] INFO  impl.RoleInfo (RoleInfo.java:shutdownFollowerState(121)) - a910346c-1ee2-4cdc-a6d8-644a3a4f0b7f: shutdown FollowerState
2019-10-15 03:19:12,034 [grpc-default-executor-4] INFO  impl.RoleInfo (RoleInfo.java:shutdownFollowerState(121)) - 742c26a8-c271-430a-a05a-c8bba3fa6d96: shutdown FollowerState
2019-10-15 03:19:12,034 [Thread-676] INFO  impl.FollowerState (FollowerState.java:run(117)) - a910346c-1ee2-4cdc-a6d8-644a3a4f0b7f@group-5FF82F29B6C0-FollowerState was interrupted: java.lang.InterruptedException: sleep interrupted
2019-10-15 03:19:12,034 [grpc-default-executor-3] INFO  impl.RoleInfo (RoleInfo.java:updateAndGet(143)) - a910346c-1ee2-4cdc-a6d8-644a3a4f0b7f: start FollowerState
2019-10-15 03:19:12,034 [Thread-675] INFO  impl.FollowerState (FollowerState.java:run(117)) - 742c26a8-c271-430a-a05a-c8bba3fa6d96@group-5FF82F29B6C0-FollowerState was interrupted: java.lang.InterruptedException: sleep interrupted
2019-10-15 03:19:12,034 [grpc-default-executor-4] INFO  impl.RoleInfo (RoleInfo.java:updateAndGet(143)) - 742c26a8-c271-430a-a05a-c8bba3fa6d96: start FollowerState
2019-10-15 03:19:12,052 [4c6a16c4-95d2-4ef7-9fc0-4f57ccbd9967@group-5FF82F29B6C0-LeaderElection60] INFO  impl.LeaderElection (LeaderElection.java:logAndReturn(56)) - 4c6a16c4-95d2-4ef7-9fc0-4f57ccbd9967@group-5FF82F29B6C0-LeaderElection60: Election REJECTED; received 2 response(s) [4c6a16c4-95d2-4ef7-9fc0-4f57ccbd9967<-742c26a8-c271-430a-a05a-c8bba3fa6d96#0:FAIL-t51, 4c6a16c4-95d2-4ef7-9fc0-4f57ccbd9967<-a910346c-1ee2-4cdc-a6d8-644a3a4f0b7f#0:FAIL-t51] and 0 exception(s); 4c6a16c4-95d2-4ef7-9fc0-4f57ccbd9967@group-5FF82F29B6C0:t51, leader=null, voted=4c6a16c4-95d2-4ef7-9fc0-4f57ccbd9967, raftlog=4c6a16c4-95d2-4ef7-9fc0-4f57ccbd9967@group-5FF82F29B6C0-SegmentedRaftLog:OPENED:c-1,f-1,i0, conf=-1: [4c6a16c4-95d2-4ef7-9fc0-4f57ccbd9967:192.168.5.131:39112, 742c26a8-c271-430a-a05a-c8bba3fa6d96:192.168.5.131:42235, a910346c-1ee2-4cdc-a6d8-644a3a4f0b7f:192.168.5.131:38193], old=null
2019-10-15 03:19:12,052 [4c6a16c4-95d2-4ef7-9fc0-4f57ccbd9967@group-5FF82F29B6C0-LeaderElection60] INFO  impl.RaftServerImpl (RaftServerImpl.java:setRole(184)) - 4c6a16c4-95d2-4ef7-9fc0-4f57ccbd9967@group-5FF82F29B6C0: changes role from CANDIDATE to FOLLOWER at term 51 for DISCOVERED_A_NEW_TERM
2019-10-15 03:19:12,052 [4c6a16c4-95d2-4ef7-9fc0-4f57ccbd9967@group-5FF82F29B6C0-LeaderElection60] INFO  impl.RoleInfo (RoleInfo.java:shutdownLeaderElection(134)) - 4c6a16c4-95d2-4ef7-9fc0-4f57ccbd9967: shutdown LeaderElection
2019-10-15 03:19:12,052 [4c6a16c4-95d2-4ef7-9fc0-4f57ccbd9967@group-5FF82F29B6C0-LeaderElection60] INFO  impl.RoleInfo (RoleInfo.java:updateAndGet(143)) - 4c6a16c4-95d2-4ef7-9fc0-4f57ccbd9967: start FollowerState
2019-10-15 03:19:12,086 [Thread-681] INFO  impl.FollowerState (FollowerState.java:run(108)) - 4c6a16c4-95d2-4ef7-9fc0-4f57ccbd9967@group-5FF82F29B6C0-FollowerState: change to CANDIDATE, lastRpcTime:33ms, electionTimeout:33ms
2019-10-15 03:19:12,086 [Thread-681] INFO  impl.RoleInfo (RoleInfo.java:shutdownFollowerState(121)) - 4c6a16c4-95d2-4ef7-9fc0-4f57ccbd9967: shutdown FollowerState
2019-10-15 03:19:12,086 [Thread-681] INFO  impl.RaftServerImpl (RaftServerImpl.java:setRole(184)) - 4c6a16c4-95d2-4ef7-9fc0-4f57ccbd9967@group-5FF82F29B6C0: changes role from  FOLLOWER to CANDIDATE at term 51 for changeToCandidate
2019-10-15 03:19:12,086 [Thread-681] INFO  impl.RoleInfo (RoleInfo.java:updateAndGet(143)) - 4c6a16c4-95d2-4ef7-9fc0-4f57ccbd9967: start LeaderElection
2019-10-15 03:19:12,100 [4c6a16c4-95d2-4ef7-9fc0-4f57ccbd9967@group-5FF82F29B6C0-LeaderElection61] INFO  impl.LeaderElection (LeaderElection.java:askForVotes(178)) - 4c6a16c4-95d2-4ef7-9fc0-4f57ccbd9967@group-5FF82F29B6C0-LeaderElection61: begin an election at term 52 for -1: [4c6a16c4-95d2-4ef7-9fc0-4f57ccbd9967:192.168.5.131:39112, 742c26a8-c271-430a-a05a-c8bba3fa6d96:192.168.5.131:42235, a910346c-1ee2-4cdc-a6d8-644a3a4f0b7f:192.168.5.131:38193], old=null
2019-10-15 03:19:12,103 [grpc-default-executor-4] INFO  impl.RaftServerImpl (RaftServerImpl.java:setRole(184)) - a910346c-1ee2-4cdc-a6d8-644a3a4f0b7f@group-5FF82F29B6C0: changes role from  FOLLOWER to FOLLOWER at term 52 for recognizeCandidate:4c6a16c4-95d2-4ef7-9fc0-4f57ccbd9967
2019-10-15 03:19:12,103 [grpc-default-executor-3] INFO  impl.RaftServerImpl (RaftServerImpl.java:setRole(184)) - 742c26a8-c271-430a-a05a-c8bba3fa6d96@group-5FF82F29B6C0: changes role from  FOLLOWER to FOLLOWER at term 52 for recognizeCandidate:4c6a16c4-95d2-4ef7-9fc0-4f57ccbd9967
2019-10-15 03:19:12,103 [grpc-default-executor-4] INFO  impl.RoleInfo (RoleInfo.java:shutdownFollowerState(121)) - a910346c-1ee2-4cdc-a6d8-644a3a4f0b7f: shutdown FollowerState
2019-10-15 03:19:12,103 [grpc-default-executor-3] INFO  impl.RoleInfo (RoleInfo.java:shutdownFollowerState(121)) - 742c26a8-c271-430a-a05a-c8bba3fa6d96: shutdown FollowerState
2019-10-15 03:19:12,103 [grpc-default-executor-4] INFO  impl.RoleInfo (RoleInfo.java:updateAndGet(143)) - a910346c-1ee2-4cdc-a6d8-644a3a4f0b7f: start FollowerState
2019-10-15 03:19:12,103 [Thread-679] INFO  impl.FollowerState (FollowerState.java:run(117)) - a910346c-1ee2-4cdc-a6d8-644a3a4f0b7f@group-5FF82F29B6C0-FollowerState was interrupted: java.lang.InterruptedException: sleep interrupted
2019-10-15 03:19:12,104 [Thread-680] INFO  impl.FollowerState (FollowerState.java:run(117)) - 742c26a8-c271-430a-a05a-c8bba3fa6d96@group-5FF82F29B6C0-FollowerState was interrupted: java.lang.InterruptedException: sleep interrupted
2019-10-15 03:19:12,104 [grpc-default-executor-3] INFO  impl.RoleInfo (RoleInfo.java:updateAndGet(143)) - 742c26a8-c271-430a-a05a-c8bba3fa6d96: start FollowerState
2019-10-15 03:19:12,112 [4c6a16c4-95d2-4ef7-9fc0-4f57ccbd9967@group-5FF82F29B6C0-LeaderElection61] INFO  impl.LeaderElection (LeaderElection.java:logAndReturn(56)) - 4c6a16c4-95d2-4ef7-9fc0-4f57ccbd9967@group-5FF82F29B6C0-LeaderElection61: Election TIMEOUT; received 0 response(s) [] and 0 exception(s); 4c6a16c4-95d2-4ef7-9fc0-4f57ccbd9967@group-5FF82F29B6C0:t52, leader=null, voted=4c6a16c4-95d2-4ef7-9fc0-4f57ccbd9967, raftlog=4c6a16c4-95d2-4ef7-9fc0-4f57ccbd9967@group-5FF82F29B6C0-SegmentedRaftLog:OPENED:c-1,f-1,i0, conf=-1: [4c6a16c4-95d2-4ef7-9fc0-4f57ccbd9967:192.168.5.131:39112, 742c26a8-c271-430a-a05a-c8bba3fa6d96:192.168.5.131:42235, a910346c-1ee2-4cdc-a6d8-644a3a4f0b7f:192.168.5.131:38193], old=null
2019-10-15 03:19:12,128 [4c6a16c4-95d2-4ef7-9fc0-4f57ccbd9967@group-5FF82F29B6C0-LeaderElection61] INFO  impl.LeaderElection (LeaderElection.java:askForVotes(178)) - 4c6a16c4-95d2-4ef7-9fc0-4f57ccbd9967@group-5FF82F29B6C0-LeaderElection61: begin an election at term 53 for -1: [4c6a16c4-95d2-4ef7-9fc0-4f57ccbd9967:192.168.5.131:39112, 742c26a8-c271-430a-a05a-c8bba3fa6d96:192.168.5.131:42235, a910346c-1ee2-4cdc-a6d8-644a3a4f0b7f:192.168.5.131:38193], old=null
2019-10-15 03:19:12,130 [grpc-default-executor-4] INFO  impl.RaftServerImpl (RaftServerImpl.java:setRole(184)) - a910346c-1ee2-4cdc-a6d8-644a3a4f0b7f@group-5FF82F29B6C0: changes role from  FOLLOWER to FOLLOWER at term 53 for recognizeCandidate:4c6a16c4-95d2-4ef7-9fc0-4f57ccbd9967
2019-10-15 03:19:12,131 [grpc-default-executor-3] INFO  impl.RaftServerImpl (RaftServerImpl.java:setRole(184)) - 742c26a8-c271-430a-a05a-c8bba3fa6d96@group-5FF82F29B6C0: changes role from  FOLLOWER to FOLLOWER at term 53 for recognizeCandidate:4c6a16c4-95d2-4ef7-9fc0-4f57ccbd9967
2019-10-15 03:19:12,131 [grpc-default-executor-4] INFO  impl.RoleInfo (RoleInfo.java:shutdownFollowerState(121)) - a910346c-1ee2-4cdc-a6d8-644a3a4f0b7f: shutdown FollowerState
2019-10-15 03:19:12,131 [grpc-default-executor-3] INFO  impl.RoleInfo (RoleInfo.java:shutdownFollowerState(121)) - 742c26a8-c271-430a-a05a-c8bba3fa6d96: shutdown FollowerState
2019-10-15 03:19:12,131 [Thread-685] INFO  impl.FollowerState (FollowerState.java:run(117)) - a910346c-1ee2-4cdc-a6d8-644a3a4f0b7f@group-5FF82F29B6C0-FollowerState was interrupted: java.lang.InterruptedException: sleep interrupted
2019-10-15 03:19:12,131 [Thread-686] INFO  impl.FollowerState (FollowerState.java:run(117)) - 742c26a8-c271-430a-a05a-c8bba3fa6d96@group-5FF82F29B6C0-FollowerState was interrupted: java.lang.InterruptedException: sleep interrupted
2019-10-15 03:19:12,131 [grpc-default-executor-4] INFO  impl.RoleInfo (RoleInfo.java:updateAndGet(143)) - a910346c-1ee2-4cdc-a6d8-644a3a4f0b7f: start FollowerState
2019-10-15 03:19:12,131 [grpc-default-executor-3] INFO  impl.RoleInfo (RoleInfo.java:updateAndGet(143)) - 742c26a8-c271-430a-a05a-c8bba3fa6d96: start FollowerState
2019-10-15 03:19:12,154 [4c6a16c4-95d2-4ef7-9fc0-4f57ccbd9967@group-5FF82F29B6C0-LeaderElection61] INFO  impl.LeaderElection (LeaderElection.java:logAndReturn(56)) - 4c6a16c4-95d2-4ef7-9fc0-4f57ccbd9967@group-5FF82F29B6C0-LeaderElection61: Election TIMEOUT; received 0 response(s) [] and 0 exception(s); 4c6a16c4-95d2-4ef7-9fc0-4f57ccbd9967@group-5FF82F29B6C0:t53, leader=null, voted=4c6a16c4-95d2-4ef7-9fc0-4f57ccbd9967, raftlog=4c6a16c4-95d2-4ef7-9fc0-4f57ccbd9967@group-5FF82F29B6C0-SegmentedRaftLog:OPENED:c-1,f-1,i0, conf=-1: [4c6a16c4-95d2-4ef7-9fc0-4f57ccbd9967:192.168.5.131:39112, 742c26a8-c271-430a-a05a-c8bba3fa6d96:192.168.5.131:42235, a910346c-1ee2-4cdc-a6d8-644a3a4f0b7f:192.168.5.131:38193], old=null
2019-10-15 03:19:12,159 [4c6a16c4-95d2-4ef7-9fc0-4f57ccbd9967@group-5FF82F29B6C0-LeaderElection61] INFO  impl.LeaderElection (LeaderElection.java:askForVotes(178)) - 4c6a16c4-95d2-4ef7-9fc0-4f57ccbd9967@group-5FF82F29B6C0-LeaderElection61: begin an election at term 54 for -1: [4c6a16c4-95d2-4ef7-9fc0-4f57ccbd9967:192.168.5.131:39112, 742c26a8-c271-430a-a05a-c8bba3fa6d96:192.168.5.131:42235, a910346c-1ee2-4cdc-a6d8-644a3a4f0b7f:192.168.5.131:38193], old=null
2019-10-15 03:19:12,161 [grpc-default-executor-4] INFO  impl.RaftServerImpl (RaftServerImpl.java:setRole(184)) - 742c26a8-c271-430a-a05a-c8bba3fa6d96@group-5FF82F29B6C0: changes role from  FOLLOWER to FOLLOWER at term 54 for recognizeCandidate:4c6a16c4-95d2-4ef7-9fc0-4f57ccbd9967
2019-10-15 03:19:12,161 [grpc-default-executor-4] INFO  impl.RoleInfo (RoleInfo.java:shutdownFollowerState(121)) - 742c26a8-c271-430a-a05a-c8bba3fa6d96: shutdown FollowerState
2019-10-15 03:19:12,161 [grpc-default-executor-4] INFO  impl.RoleInfo (RoleInfo.java:updateAndGet(143)) - 742c26a8-c271-430a-a05a-c8bba3fa6d96: start FollowerState
2019-10-15 03:19:12,161 [grpc-default-executor-3] INFO  impl.RaftServerImpl (RaftServerImpl.java:setRole(184)) - a910346c-1ee2-4cdc-a6d8-644a3a4f0b7f@group-5FF82F29B6C0: changes role from  FOLLOWER to FOLLOWER at term 54 for recognizeCandidate:4c6a16c4-95d2-4ef7-9fc0-4f57ccbd9967
2019-10-15 03:19:12,161 [Thread-690] INFO  impl.FollowerState (FollowerState.java:run(117)) - 742c26a8-c271-430a-a05a-c8bba3fa6d96@group-5FF82F29B6C0-FollowerState was interrupted: java.lang.InterruptedException: sleep interrupted
2019-10-15 03:19:12,162 [grpc-default-executor-3] INFO  impl.RoleInfo (RoleInfo.java:shutdownFollowerState(121)) - a910346c-1ee2-4cdc-a6d8-644a3a4f0b7f: shutdown FollowerState
2019-10-15 03:19:12,162 [grpc-default-executor-3] INFO  impl.RoleInfo (RoleInfo.java:updateAndGet(143)) - a910346c-1ee2-4cdc-a6d8-644a3a4f0b7f: start FollowerState
2019-10-15 03:19:12,162 [Thread-689] INFO  impl.FollowerState (FollowerState.java:run(117)) - a910346c-1ee2-4cdc-a6d8-644a3a4f0b7f@group-5FF82F29B6C0-FollowerState was interrupted: java.lang.InterruptedException: sleep interrupted
2019-10-15 03:19:12,190 [4c6a16c4-95d2-4ef7-9fc0-4f57ccbd9967@group-5FF82F29B6C0-LeaderElection61] INFO  impl.LeaderElection (LeaderElection.java:logAndReturn(56)) - 4c6a16c4-95d2-4ef7-9fc0-4f57ccbd9967@group-5FF82F29B6C0-LeaderElection61: Election REJECTED; received 2 response(s) [4c6a16c4-95d2-4ef7-9fc0-4f57ccbd9967<-742c26a8-c271-430a-a05a-c8bba3fa6d96#0:FAIL-t54, 4c6a16c4-95d2-4ef7-9fc0-4f57ccbd9967<-a910346c-1ee2-4cdc-a6d8-644a3a4f0b7f#0:FAIL-t54] and 0 exception(s); 4c6a16c4-95d2-4ef7-9fc0-4f57ccbd9967@group-5FF82F29B6C0:t54, leader=null, voted=4c6a16c4-95d2-4ef7-9fc0-4f57ccbd9967, raftlog=4c6a16c4-95d2-4ef7-9fc0-4f57ccbd9967@group-5FF82F29B6C0-SegmentedRaftLog:OPENED:c-1,f-1,i0, conf=-1: [4c6a16c4-95d2-4ef7-9fc0-4f57ccbd9967:192.168.5.131:39112, 742c26a8-c271-430a-a05a-c8bba3fa6d96:192.168.5.131:42235, a910346c-1ee2-4cdc-a6d8-644a3a4f0b7f:192.168.5.131:38193], old=null
2019-10-15 03:19:12,191 [4c6a16c4-95d2-4ef7-9fc0-4f57ccbd9967@group-5FF82F29B6C0-LeaderElection61] INFO  impl.RaftServerImpl (RaftServerImpl.java:setRole(184)) - 4c6a16c4-95d2-4ef7-9fc0-4f57ccbd9967@group-5FF82F29B6C0: changes role from CANDIDATE to FOLLOWER at term 54 for DISCOVERED_A_NEW_TERM
2019-10-15 03:19:12,191 [4c6a16c4-95d2-4ef7-9fc0-4f57ccbd9967@group-5FF82F29B6C0-LeaderElection61] INFO  impl.RoleInfo (RoleInfo.java:shutdownLeaderElection(134)) - 4c6a16c4-95d2-4ef7-9fc0-4f57ccbd9967: shutdown LeaderElection
2019-10-15 03:19:12,191 [4c6a16c4-95d2-4ef7-9fc0-4f57ccbd9967@group-5FF82F29B6C0-LeaderElection61] INFO  impl.RoleInfo (RoleInfo.java:updateAndGet(143)) - 4c6a16c4-95d2-4ef7-9fc0-4f57ccbd9967: start FollowerState
2019-10-15 03:19:12,301 [Thread-696] INFO  impl.FollowerState (FollowerState.java:run(108)) - 4c6a16c4-95d2-4ef7-9fc0-4f57ccbd9967@group-5FF82F29B6C0-FollowerState: change to CANDIDATE, lastRpcTime:109ms, electionTimeout:109ms
2019-10-15 03:19:12,301 [Thread-696] INFO  impl.RoleInfo (RoleInfo.java:shutdownFollowerState(121)) - 4c6a16c4-95d2-4ef7-9fc0-4f57ccbd9967: shutdown FollowerState
2019-10-15 03:19:12,301 [Thread-696] INFO  impl.RaftServerImpl (RaftServerImpl.java:setRole(184)) - 4c6a16c4-95d2-4ef7-9fc0-4f57ccbd9967@group-5FF82F29B6C0: changes role from  FOLLOWER to CANDIDATE at term 54 for changeToCandidate
2019-10-15 03:19:12,302 [Thread-696] INFO  impl.RoleInfo (RoleInfo.java:updateAndGet(143)) - 4c6a16c4-95d2-4ef7-9fc0-4f57ccbd9967: start LeaderElection
2019-10-15 03:19:12,316 [4c6a16c4-95d2-4ef7-9fc0-4f57ccbd9967@group-5FF82F29B6C0-LeaderElection62] INFO  impl.LeaderElection (LeaderElection.java:askForVotes(178)) - 4c6a16c4-95d2-4ef7-9fc0-4f57ccbd9967@group-5FF82F29B6C0-LeaderElection62: begin an election at term 55 for -1: [4c6a16c4-95d2-4ef7-9fc0-4f57ccbd9967:192.168.5.131:39112, 742c26a8-c271-430a-a05a-c8bba3fa6d96:192.168.5.131:42235, a910346c-1ee2-4cdc-a6d8-644a3a4f0b7f:192.168.5.131:38193], old=null
2019-10-15 03:19:12,320 [grpc-default-executor-4] INFO  impl.RaftServerImpl (RaftServerImpl.java:setRole(184)) - 742c26a8-c271-430a-a05a-c8bba3fa6d96@group-5FF82F29B6C0: changes role from  FOLLOWER to FOLLOWER at term 55 for recognizeCandidate:4c6a16c4-95d2-4ef7-9fc0-4f57ccbd9967
2019-10-15 03:19:12,320 [grpc-default-executor-5] INFO  impl.RaftServerImpl (RaftServerImpl.java:setRole(184)) - a910346c-1ee2-4cdc-a6d8-644a3a4f0b7f@group-5FF82F29B6C0: changes role from  FOLLOWER to FOLLOWER at term 55 for recognizeCandidate:4c6a16c4-95d2-4ef7-9fc0-4f57ccbd9967
2019-10-15 03:19:12,320 [grpc-default-executor-4] INFO  impl.RoleInfo (RoleInfo.java:shutdownFollowerState(121)) - 742c26a8-c271-430a-a05a-c8bba3fa6d96: shutdown FollowerState
2019-10-15 03:19:12,320 [grpc-default-executor-5] INFO  impl.RoleInfo (RoleInfo.java:shutdownFollowerState(121)) - a910346c-1ee2-4cdc-a6d8-644a3a4f0b7f: shutdown FollowerState
2019-10-15 03:19:12,321 [grpc-default-executor-4] INFO  impl.RoleInfo (RoleInfo.java:updateAndGet(143)) - 742c26a8-c271-430a-a05a-c8bba3fa6d96: start FollowerState
2019-10-15 03:19:12,321 [Thread-693] INFO  impl.FollowerState (FollowerState.java:run(117)) - 742c26a8-c271-430a-a05a-c8bba3fa6d96@group-5FF82F29B6C0-FollowerState was interrupted: java.lang.InterruptedException: sleep interrupted
2019-10-15 03:19:12,321 [Thread-694] INFO  impl.FollowerState (FollowerState.java:run(117)) - a910346c-1ee2-4cdc-a6d8-644a3a4f0b7f@group-5FF82F29B6C0-FollowerState was interrupted: java.lang.InterruptedException: sleep interrupted
2019-10-15 03:19:12,321 [grpc-default-executor-5] INFO  impl.RoleInfo (RoleInfo.java:updateAndGet(143)) - a910346c-1ee2-4cdc-a6d8-644a3a4f0b7f: start FollowerState
2019-10-15 03:19:12,347 [4c6a16c4-95d2-4ef7-9fc0-4f57ccbd9967@group-5FF82F29B6C0-LeaderElection62] INFO  impl.LeaderElection (LeaderElection.java:logAndReturn(56)) - 4c6a16c4-95d2-4ef7-9fc0-4f57ccbd9967@group-5FF82F29B6C0-LeaderElection62: Election REJECTED; received 2 response(s) [4c6a16c4-95d2-4ef7-9fc0-4f57ccbd9967<-742c26a8-c271-430a-a05a-c8bba3fa6d96#0:FAIL-t55, 4c6a16c4-95d2-4ef7-9fc0-4f57ccbd9967<-a910346c-1ee2-4cdc-a6d8-644a3a4f0b7f#0:FAIL-t55] and 0 exception(s); 4c6a16c4-95d2-4ef7-9fc0-4f57ccbd9967@group-5FF82F29B6C0:t55, leader=null, voted=4c6a16c4-95d2-4ef7-9fc0-4f57ccbd9967, raftlog=4c6a16c4-95d2-4ef7-9fc0-4f57ccbd9967@group-5FF82F29B6C0-SegmentedRaftLog:OPENED:c-1,f-1,i0, conf=-1: [4c6a16c4-95d2-4ef7-9fc0-4f57ccbd9967:192.168.5.131:39112, 742c26a8-c271-430a-a05a-c8bba3fa6d96:192.168.5.131:42235, a910346c-1ee2-4cdc-a6d8-644a3a4f0b7f:192.168.5.131:38193], old=null
2019-10-15 03:19:12,348 [4c6a16c4-95d2-4ef7-9fc0-4f57ccbd9967@group-5FF82F29B6C0-LeaderElection62] INFO  impl.RaftServerImpl (RaftServerImpl.java:setRole(184)) - 4c6a16c4-95d2-4ef7-9fc0-4f57ccbd9967@group-5FF82F29B6C0: changes role from CANDIDATE to FOLLOWER at term 55 for DISCOVERED_A_NEW_TERM
2019-10-15 03:19:12,348 [4c6a16c4-95d2-4ef7-9fc0-4f57ccbd9967@group-5FF82F29B6C0-LeaderElection62] INFO  impl.RoleInfo (RoleInfo.java:shutdownLeaderElection(134)) - 4c6a16c4-95d2-4ef7-9fc0-4f57ccbd9967: shutdown LeaderElection
2019-10-15 03:19:12,348 [4c6a16c4-95d2-4ef7-9fc0-4f57ccbd9967@group-5FF82F29B6C0-LeaderElection62] INFO  impl.RoleInfo (RoleInfo.java:updateAndGet(143)) - 4c6a16c4-95d2-4ef7-9fc0-4f57ccbd9967: start FollowerState
2019-10-15 03:19:12,381 [Thread-703] INFO  impl.FollowerState (FollowerState.java:run(108)) - 4c6a16c4-95d2-4ef7-9fc0-4f57ccbd9967@group-5FF82F29B6C0-FollowerState: change to CANDIDATE, lastRpcTime:32ms, electionTimeout:32ms
2019-10-15 03:19:12,381 [Thread-703] INFO  impl.RoleInfo (RoleInfo.java:shutdownFollowerState(121)) - 4c6a16c4-95d2-4ef7-9fc0-4f57ccbd9967: shutdown FollowerState
2019-10-15 03:19:12,381 [Thread-703] INFO  impl.RaftServerImpl (RaftServerImpl.java:setRole(184)) - 4c6a16c4-95d2-4ef7-9fc0-4f57ccbd9967@group-5FF82F29B6C0: changes role from  FOLLOWER to CANDIDATE at term 55 for changeToCandidate
2019-10-15 03:19:12,381 [Thread-703] INFO  impl.RoleInfo (RoleInfo.java:updateAndGet(143)) - 4c6a16c4-95d2-4ef7-9fc0-4f57ccbd9967: start LeaderElection
2019-10-15 03:19:12,394 [4c6a16c4-95d2-4ef7-9fc0-4f57ccbd9967@group-5FF82F29B6C0-LeaderElection63] INFO  impl.LeaderElection (LeaderElection.java:askForVotes(178)) - 4c6a16c4-95d2-4ef7-9fc0-4f57ccbd9967@group-5FF82F29B6C0-LeaderElection63: begin an election at term 56 for -1: [4c6a16c4-95d2-4ef7-9fc0-4f57ccbd9967:192.168.5.131:39112, 742c26a8-c271-430a-a05a-c8bba3fa6d96:192.168.5.131:42235, a910346c-1ee2-4cdc-a6d8-644a3a4f0b7f:192.168.5.131:38193], old=null
2019-10-15 03:19:12,396 [4c6a16c4-95d2-4ef7-9fc0-4f57ccbd9967@group-5FF82F29B6C0-LeaderElection63] INFO  impl.LeaderElection (LeaderElection.java:logAndReturn(56)) - 4c6a16c4-95d2-4ef7-9fc0-4f57ccbd9967@group-5FF82F29B6C0-LeaderElection63: Election TIMEOUT; received 0 response(s) [] and 0 exception(s); 4c6a16c4-95d2-4ef7-9fc0-4f57ccbd9967@group-5FF82F29B6C0:t56, leader=null, voted=4c6a16c4-95d2-4ef7-9fc0-4f57ccbd9967, raftlog=4c6a16c4-95d2-4ef7-9fc0-4f57ccbd9967@group-5FF82F29B6C0-SegmentedRaftLog:OPENED:c-1,f-1,i0, conf=-1: [4c6a16c4-95d2-4ef7-9fc0-4f57ccbd9967:192.168.5.131:39112, 742c26a8-c271-430a-a05a-c8bba3fa6d96:192.168.5.131:42235, a910346c-1ee2-4cdc-a6d8-644a3a4f0b7f:192.168.5.131:38193], old=null
2019-10-15 03:19:12,397 [grpc-default-executor-4] INFO  impl.RaftServerImpl (RaftServerImpl.java:setRole(184)) - 742c26a8-c271-430a-a05a-c8bba3fa6d96@group-5FF82F29B6C0: changes role from  FOLLOWER to FOLLOWER at term 56 for recognizeCandidate:4c6a16c4-95d2-4ef7-9fc0-4f57ccbd9967
2019-10-15 03:19:12,397 [grpc-default-executor-4] INFO  impl.RoleInfo (RoleInfo.java:shutdownFollowerState(121)) - 742c26a8-c271-430a-a05a-c8bba3fa6d96: shutdown FollowerState
2019-10-15 03:19:12,397 [grpc-default-executor-5] INFO  impl.RaftServerImpl (RaftServerImpl.java:setRole(184)) - a910346c-1ee2-4cdc-a6d8-644a3a4f0b7f@group-5FF82F29B6C0: changes role from  FOLLOWER to FOLLOWER at term 56 for recognizeCandidate:4c6a16c4-95d2-4ef7-9fc0-4f57ccbd9967
2019-10-15 03:19:12,397 [Thread-701] INFO  impl.FollowerState (FollowerState.java:run(117)) - 742c26a8-c271-430a-a05a-c8bba3fa6d96@group-5FF82F29B6C0-FollowerState was interrupted: java.lang.InterruptedException: sleep interrupted
2019-10-15 03:19:12,397 [grpc-default-executor-4] INFO  impl.RoleInfo (RoleInfo.java:updateAndGet(143)) - 742c26a8-c271-430a-a05a-c8bba3fa6d96: start FollowerState
2019-10-15 03:19:12,397 [grpc-default-executor-5] INFO  impl.RoleInfo (RoleInfo.java:shutdownFollowerState(121)) - a910346c-1ee2-4cdc-a6d8-644a3a4f0b7f: shutdown FollowerState
2019-10-15 03:19:12,398 [grpc-default-executor-5] INFO  impl.RoleInfo (RoleInfo.java:updateAndGet(143)) - a910346c-1ee2-4cdc-a6d8-644a3a4f0b7f: start FollowerState
2019-10-15 03:19:12,398 [Thread-702] INFO  impl.FollowerState (FollowerState.java:run(117)) - a910346c-1ee2-4cdc-a6d8-644a3a4f0b7f@group-5FF82F29B6C0-FollowerState was interrupted: java.lang.InterruptedException: sleep interrupted
2019-10-15 03:19:12,409 [4c6a16c4-95d2-4ef7-9fc0-4f57ccbd9967@group-5FF82F29B6C0-LeaderElection63] INFO  impl.LeaderElection (LeaderElection.java:askForVotes(178)) - 4c6a16c4-95d2-4ef7-9fc0-4f57ccbd9967@group-5FF82F29B6C0-LeaderElection63: begin an election at term 57 for -1: [4c6a16c4-95d2-4ef7-9fc0-4f57ccbd9967:192.168.5.131:39112, 742c26a8-c271-430a-a05a-c8bba3fa6d96:192.168.5.131:42235, a910346c-1ee2-4cdc-a6d8-644a3a4f0b7f:192.168.5.131:38193], old=null
2019-10-15 03:19:12,411 [grpc-default-executor-4] INFO  impl.RaftServerImpl (RaftServerImpl.java:setRole(184)) - 742c26a8-c271-430a-a05a-c8bba3fa6d96@group-5FF82F29B6C0: changes role from  FOLLOWER to FOLLOWER at term 57 for recognizeCandidate:4c6a16c4-95d2-4ef7-9fc0-4f57ccbd9967
2019-10-15 03:19:12,411 [grpc-default-executor-5] INFO  impl.RaftServerImpl (RaftServerImpl.java:setRole(184)) - a910346c-1ee2-4cdc-a6d8-644a3a4f0b7f@group-5FF82F29B6C0: changes role from  FOLLOWER to FOLLOWER at term 57 for recognizeCandidate:4c6a16c4-95d2-4ef7-9fc0-4f57ccbd9967
2019-10-15 03:19:12,411 [grpc-default-executor-4] INFO  impl.RoleInfo (RoleInfo.java:shutdownFollowerState(121)) - 742c26a8-c271-430a-a05a-c8bba3fa6d96: shutdown FollowerState
2019-10-15 03:19:12,411 [grpc-default-executor-5] INFO  impl.RoleInfo (RoleInfo.java:shutdownFollowerState(121)) - a910346c-1ee2-4cdc-a6d8-644a3a4f0b7f: shutdown FollowerState
2019-10-15 03:19:12,412 [grpc-default-executor-4] INFO  impl.RoleInfo (RoleInfo.java:updateAndGet(143)) - 742c26a8-c271-430a-a05a-c8bba3fa6d96: start FollowerState
2019-10-15 03:19:12,412 [Thread-710] INFO  impl.FollowerState (FollowerState.java:run(117)) - a910346c-1ee2-4cdc-a6d8-644a3a4f0b7f@group-5FF82F29B6C0-FollowerState was interrupted: java.lang.InterruptedException: sleep interrupted
2019-10-15 03:19:12,412 [Thread-709] INFO  impl.FollowerState (FollowerState.java:run(117)) - 742c26a8-c271-430a-a05a-c8bba3fa6d96@group-5FF82F29B6C0-FollowerState was interrupted: java.lang.InterruptedException: sleep interrupted
2019-10-15 03:19:12,412 [grpc-default-executor-5] INFO  impl.RoleInfo (RoleInfo.java:updateAndGet(143)) - a910346c-1ee2-4cdc-a6d8-644a3a4f0b7f: start FollowerState
2019-10-15 03:19:12,438 [4c6a16c4-95d2-4ef7-9fc0-4f57ccbd9967@group-5FF82F29B6C0-LeaderElection63] INFO  impl.LeaderElection (LeaderElection.java:logAndReturn(56)) - 4c6a16c4-95d2-4ef7-9fc0-4f57ccbd9967@group-5FF82F29B6C0-LeaderElection63: Election REJECTED; received 2 response(s) [4c6a16c4-95d2-4ef7-9fc0-4f57ccbd9967<-742c26a8-c271-430a-a05a-c8bba3fa6d96#0:FAIL-t57, 4c6a16c4-95d2-4ef7-9fc0-4f57ccbd9967<-a910346c-1ee2-4cdc-a6d8-644a3a4f0b7f#0:FAIL-t57] and 0 exception(s); 4c6a16c4-95d2-4ef7-9fc0-4f57ccbd9967@group-5FF82F29B6C0:t57, leader=null, voted=4c6a16c4-95d2-4ef7-9fc0-4f57ccbd9967, raftlog=4c6a16c4-95d2-4ef7-9fc0-4f57ccbd9967@group-5FF82F29B6C0-SegmentedRaftLog:OPENED:c-1,f-1,i0, conf=-1: [4c6a16c4-95d2-4ef7-9fc0-4f57ccbd9967:192.168.5.131:39112, 742c26a8-c271-430a-a05a-c8bba3fa6d96:192.168.5.131:42235, a910346c-1ee2-4cdc-a6d8-644a3a4f0b7f:192.168.5.131:38193], old=null
2019-10-15 03:19:12,438 [4c6a16c4-95d2-4ef7-9fc0-4f57ccbd9967@group-5FF82F29B6C0-LeaderElection63] INFO  impl.RaftServerImpl (RaftServerImpl.java:setRole(184)) - 4c6a16c4-95d2-4ef7-9fc0-4f57ccbd9967@group-5FF82F29B6C0: changes role from CANDIDATE to FOLLOWER at term 57 for DISCOVERED_A_NEW_TERM
2019-10-15 03:19:12,438 [4c6a16c4-95d2-4ef7-9fc0-4f57ccbd9967@group-5FF82F29B6C0-LeaderElection63] INFO  impl.RoleInfo (RoleInfo.java:shutdownLeaderElection(134)) - 4c6a16c4-95d2-4ef7-9fc0-4f57ccbd9967: shutdown LeaderElection
2019-10-15 03:19:12,438 [4c6a16c4-95d2-4ef7-9fc0-4f57ccbd9967@group-5FF82F29B6C0-LeaderElection63] INFO  impl.RoleInfo (RoleInfo.java:updateAndGet(143)) - 4c6a16c4-95d2-4ef7-9fc0-4f57ccbd9967: start FollowerState
2019-10-15 03:19:12,503 [Thread-715] INFO  impl.FollowerState (FollowerState.java:run(108)) - 4c6a16c4-95d2-4ef7-9fc0-4f57ccbd9967@group-5FF82F29B6C0-FollowerState: change to CANDIDATE, lastRpcTime:64ms, electionTimeout:64ms
2019-10-15 03:19:12,503 [Thread-715] INFO  impl.RoleInfo (RoleInfo.java:shutdownFollowerState(121)) - 4c6a16c4-95d2-4ef7-9fc0-4f57ccbd9967: shutdown FollowerState
2019-10-15 03:19:12,503 [Thread-715] INFO  impl.RaftServerImpl (RaftServerImpl.java:setRole(184)) - 4c6a16c4-95d2-4ef7-9fc0-4f57ccbd9967@group-5FF82F29B6C0: changes role from  FOLLOWER to CANDIDATE at term 57 for changeToCandidate
2019-10-15 03:19:12,503 [Thread-715] INFO  impl.RoleInfo (RoleInfo.java:updateAndGet(143)) - 4c6a16c4-95d2-4ef7-9fc0-4f57ccbd9967: start LeaderElection
2019-10-15 03:19:12,517 [4c6a16c4-95d2-4ef7-9fc0-4f57ccbd9967@group-5FF82F29B6C0-LeaderElection64] INFO  impl.LeaderElection (LeaderElection.java:askForVotes(178)) - 4c6a16c4-95d2-4ef7-9fc0-4f57ccbd9967@group-5FF82F29B6C0-LeaderElection64: begin an election at term 58 for -1: [4c6a16c4-95d2-4ef7-9fc0-4f57ccbd9967:192.168.5.131:39112, 742c26a8-c271-430a-a05a-c8bba3fa6d96:192.168.5.131:42235, a910346c-1ee2-4cdc-a6d8-644a3a4f0b7f:192.168.5.131:38193], old=null
2019-10-15 03:19:12,520 [grpc-default-executor-5] INFO  impl.RaftServerImpl (RaftServerImpl.java:setRole(184)) - 742c26a8-c271-430a-a05a-c8bba3fa6d96@group-5FF82F29B6C0: changes role from  FOLLOWER to FOLLOWER at term 58 for recognizeCandidate:4c6a16c4-95d2-4ef7-9fc0-4f57ccbd9967
2019-10-15 03:19:12,520 [grpc-default-executor-4] INFO  impl.RaftServerImpl (RaftServerImpl.java:setRole(184)) - a910346c-1ee2-4cdc-a6d8-644a3a4f0b7f@group-5FF82F29B6C0: changes role from  FOLLOWER to FOLLOWER at term 58 for recognizeCandidate:4c6a16c4-95d2-4ef7-9fc0-4f57ccbd9967
2019-10-15 03:19:12,521 [grpc-default-executor-5] INFO  impl.RoleInfo (RoleInfo.java:shutdownFollowerState(121)) - 742c26a8-c271-430a-a05a-c8bba3fa6d96: shutdown FollowerState
2019-10-15 03:19:12,521 [grpc-default-executor-4] INFO  impl.RoleInfo (RoleInfo.java:shutdownFollowerState(121)) - a910346c-1ee2-4cdc-a6d8-644a3a4f0b7f: shutdown FollowerState
2019-10-15 03:19:12,521 [Thread-713] INFO  impl.FollowerState (FollowerState.java:run(117)) - 742c26a8-c271-430a-a05a-c8bba3fa6d96@group-5FF82F29B6C0-FollowerState was interrupted: java.lang.InterruptedException: sleep interrupted
2019-10-15 03:19:12,521 [grpc-default-executor-5] INFO  impl.RoleInfo (RoleInfo.java:updateAndGet(143)) - 742c26a8-c271-430a-a05a-c8bba3fa6d96: start FollowerState
2019-10-15 03:19:12,521 [Thread-714] INFO  impl.FollowerState (FollowerState.java:run(117)) - a910346c-1ee2-4cdc-a6d8-644a3a4f0b7f@group-5FF82F29B6C0-FollowerState was interrupted: java.lang.InterruptedException: sleep interrupted
2019-10-15 03:19:12,521 [grpc-default-executor-4] INFO  impl.RoleInfo (RoleInfo.java:updateAndGet(143)) - a910346c-1ee2-4cdc-a6d8-644a3a4f0b7f: start FollowerState
2019-10-15 03:19:12,547 [4c6a16c4-95d2-4ef7-9fc0-4f57ccbd9967@group-5FF82F29B6C0-LeaderElection64] INFO  impl.LeaderElection (LeaderElection.java:logAndReturn(56)) - 4c6a16c4-95d2-4ef7-9fc0-4f57ccbd9967@group-5FF82F29B6C0-LeaderElection64: Election REJECTED; received 2 response(s) [4c6a16c4-95d2-4ef7-9fc0-4f57ccbd9967<-742c26a8-c271-430a-a05a-c8bba3fa6d96#0:FAIL-t58, 4c6a16c4-95d2-4ef7-9fc0-4f57ccbd9967<-a910346c-1ee2-4cdc-a6d8-644a3a4f0b7f#0:FAIL-t58] and 0 exception(s); 4c6a16c4-95d2-4ef7-9fc0-4f57ccbd9967@group-5FF82F29B6C0:t58, leader=null, voted=4c6a16c4-95d2-4ef7-9fc0-4f57ccbd9967, raftlog=4c6a16c4-95d2-4ef7-9fc0-4f57ccbd9967@group-5FF82F29B6C0-SegmentedRaftLog:OPENED:c-1,f-1,i0, conf=-1: [4c6a16c4-95d2-4ef7-9fc0-4f57ccbd9967:192.168.5.131:39112, 742c26a8-c271-430a-a05a-c8bba3fa6d96:192.168.5.131:42235, a910346c-1ee2-4cdc-a6d8-644a3a4f0b7f:192.168.5.131:38193], old=null
2019-10-15 03:19:12,548 [4c6a16c4-95d2-4ef7-9fc0-4f57ccbd9967@group-5FF82F29B6C0-LeaderElection64] INFO  impl.RaftServerImpl (RaftServerImpl.java:setRole(184)) - 4c6a16c4-95d2-4ef7-9fc0-4f57ccbd9967@group-5FF82F29B6C0: changes role from CANDIDATE to FOLLOWER at term 58 for DISCOVERED_A_NEW_TERM
2019-10-15 03:19:12,548 [4c6a16c4-95d2-4ef7-9fc0-4f57ccbd9967@group-5FF82F29B6C0-LeaderElection64] INFO  impl.RoleInfo (RoleInfo.java:shutdownLeaderElection(134)) - 4c6a16c4-95d2-4ef7-9fc0-4f57ccbd9967: shutdown LeaderElection
2019-10-15 03:19:12,548 [4c6a16c4-95d2-4ef7-9fc0-4f57ccbd9967@group-5FF82F29B6C0-LeaderElection64] INFO  impl.RoleInfo (RoleInfo.java:updateAndGet(143)) - 4c6a16c4-95d2-4ef7-9fc0-4f57ccbd9967: start FollowerState
2019-10-15 03:19:12,585 [Thread-721] INFO  impl.FollowerState (FollowerState.java:run(108)) - 4c6a16c4-95d2-4ef7-9fc0-4f57ccbd9967@group-5FF82F29B6C0-FollowerState: change to CANDIDATE, lastRpcTime:36ms, electionTimeout:36ms
2019-10-15 03:19:12,585 [Thread-721] INFO  impl.RoleInfo (RoleInfo.java:shutdownFollowerState(121)) - 4c6a16c4-95d2-4ef7-9fc0-4f57ccbd9967: shutdown FollowerState
2019-10-15 03:19:12,585 [Thread-721] INFO  impl.RaftServerImpl (RaftServerImpl.java:setRole(184)) - 4c6a16c4-95d2-4ef7-9fc0-4f57ccbd9967@group-5FF82F29B6C0: changes role from  FOLLOWER to CANDIDATE at term 58 for changeToCandidate
2019-10-15 03:19:12,585 [Thread-721] INFO  impl.RoleInfo (RoleInfo.java:updateAndGet(143)) - 4c6a16c4-95d2-4ef7-9fc0-4f57ccbd9967: start LeaderElection
2019-10-15 03:19:12,611 [4c6a16c4-95d2-4ef7-9fc0-4f57ccbd9967@group-5FF82F29B6C0-LeaderElection65] INFO  impl.LeaderElection (LeaderElection.java:askForVotes(178)) - 4c6a16c4-95d2-4ef7-9fc0-4f57ccbd9967@group-5FF82F29B6C0-LeaderElection65: begin an election at term 59 for -1: [4c6a16c4-95d2-4ef7-9fc0-4f57ccbd9967:192.168.5.131:39112, 742c26a8-c271-430a-a05a-c8bba3fa6d96:192.168.5.131:42235, a910346c-1ee2-4cdc-a6d8-644a3a4f0b7f:192.168.5.131:38193], old=null
2019-10-15 03:19:12,614 [grpc-default-executor-5] INFO  impl.RaftServerImpl (RaftServerImpl.java:setRole(184)) - 742c26a8-c271-430a-a05a-c8bba3fa6d96@group-5FF82F29B6C0: changes role from  FOLLOWER to FOLLOWER at term 59 for recognizeCandidate:4c6a16c4-95d2-4ef7-9fc0-4f57ccbd9967
2019-10-15 03:19:12,614 [grpc-default-executor-4] INFO  impl.RaftServerImpl (RaftServerImpl.java:setRole(184)) - a910346c-1ee2-4cdc-a6d8-644a3a4f0b7f@group-5FF82F29B6C0: changes role from  FOLLOWER to FOLLOWER at term 59 for recognizeCandidate:4c6a16c4-95d2-4ef7-9fc0-4f57ccbd9967
2019-10-15 03:19:12,614 [grpc-default-executor-5] INFO  impl.RoleInfo (RoleInfo.java:shutdownFollowerState(121)) - 742c26a8-c271-430a-a05a-c8bba3fa6d96: shutdown FollowerState
2019-10-15 03:19:12,615 [grpc-default-executor-4] INFO  impl.RoleInfo (RoleInfo.java:shutdownFollowerState(121)) - a910346c-1ee2-4cdc-a6d8-644a3a4f0b7f: shutdown FollowerState
2019-10-15 03:19:12,615 [grpc-default-executor-5] INFO  impl.RoleInfo (RoleInfo.java:updateAndGet(143)) - 742c26a8-c271-430a-a05a-c8bba3fa6d96: start FollowerState
2019-10-15 03:19:12,615 [Thread-719] INFO  impl.FollowerState (FollowerState.java:run(117)) - 742c26a8-c271-430a-a05a-c8bba3fa6d96@group-5FF82F29B6C0-FollowerState was interrupted: java.lang.InterruptedException: sleep interrupted
2019-10-15 03:19:12,615 [grpc-default-executor-4] INFO  impl.RoleInfo (RoleInfo.java:updateAndGet(143)) - a910346c-1ee2-4cdc-a6d8-644a3a4f0b7f: start FollowerState
2019-10-15 03:19:12,615 [Thread-720] INFO  impl.FollowerState (FollowerState.java:run(117)) - a910346c-1ee2-4cdc-a6d8-644a3a4f0b7f@group-5FF82F29B6C0-FollowerState was interrupted: java.lang.InterruptedException: sleep interrupted
2019-10-15 03:19:12,638 [4c6a16c4-95d2-4ef7-9fc0-4f57ccbd9967@group-5FF82F29B6C0-LeaderElection65] INFO  impl.LeaderElection (LeaderElection.java:logAndReturn(56)) - 4c6a16c4-95d2-4ef7-9fc0-4f57ccbd9967@group-5FF82F29B6C0-LeaderElection65: Election REJECTED; received 2 response(s) [4c6a16c4-95d2-4ef7-9fc0-4f57ccbd9967<-742c26a8-c271-430a-a05a-c8bba3fa6d96#0:FAIL-t59, 4c6a16c4-95d2-4ef7-9fc0-4f57ccbd9967<-a910346c-1ee2-4cdc-a6d8-644a3a4f0b7f#0:FAIL-t59] and 0 exception(s); 4c6a16c4-95d2-4ef7-9fc0-4f57ccbd9967@group-5FF82F29B6C0:t59, leader=null, voted=4c6a16c4-95d2-4ef7-9fc0-4f57ccbd9967, raftlog=4c6a16c4-95d2-4ef7-9fc0-4f57ccbd9967@group-5FF82F29B6C0-SegmentedRaftLog:OPENED:c-1,f-1,i0, conf=-1: [4c6a16c4-95d2-4ef7-9fc0-4f57ccbd9967:192.168.5.131:39112, 742c26a8-c271-430a-a05a-c8bba3fa6d96:192.168.5.131:42235, a910346c-1ee2-4cdc-a6d8-644a3a4f0b7f:192.168.5.131:38193], old=null
2019-10-15 03:19:12,638 [4c6a16c4-95d2-4ef7-9fc0-4f57ccbd9967@group-5FF82F29B6C0-LeaderElection65] INFO  impl.RaftServerImpl (RaftServerImpl.java:setRole(184)) - 4c6a16c4-95d2-4ef7-9fc0-4f57ccbd9967@group-5FF82F29B6C0: changes role from CANDIDATE to FOLLOWER at term 59 for DISCOVERED_A_NEW_TERM
2019-10-15 03:19:12,639 [4c6a16c4-95d2-4ef7-9fc0-4f57ccbd9967@group-5FF82F29B6C0-LeaderElection65] INFO  impl.RoleInfo (RoleInfo.java:shutdownLeaderElection(134)) - 4c6a16c4-95d2-4ef7-9fc0-4f57ccbd9967: shutdown LeaderElection
2019-10-15 03:19:12,639 [4c6a16c4-95d2-4ef7-9fc0-4f57ccbd9967@group-5FF82F29B6C0-LeaderElection65] INFO  impl.RoleInfo (RoleInfo.java:updateAndGet(143)) - 4c6a16c4-95d2-4ef7-9fc0-4f57ccbd9967: start FollowerState
2019-10-15 03:19:12,793 [Thread-727] INFO  impl.FollowerState (FollowerState.java:run(108)) - 4c6a16c4-95d2-4ef7-9fc0-4f57ccbd9967@group-5FF82F29B6C0-FollowerState: change to CANDIDATE, lastRpcTime:154ms, electionTimeout:154ms
2019-10-15 03:19:12,793 [Thread-727] INFO  impl.RoleInfo (RoleInfo.java:shutdownFollowerState(121)) - 4c6a16c4-95d2-4ef7-9fc0-4f57ccbd9967: shutdown FollowerState
2019-10-15 03:19:12,794 [Thread-727] INFO  impl.RaftServerImpl (RaftServerImpl.java:setRole(184)) - 4c6a16c4-95d2-4ef7-9fc0-4f57ccbd9967@group-5FF82F29B6C0: changes role from  FOLLOWER to CANDIDATE at term 59 for changeToCandidate
2019-10-15 03:19:12,794 [Thread-727] INFO  impl.RoleInfo (RoleInfo.java:updateAndGet(143)) - 4c6a16c4-95d2-4ef7-9fc0-4f57ccbd9967: start LeaderElection
2019-10-15 03:19:12,807 [4c6a16c4-95d2-4ef7-9fc0-4f57ccbd9967@group-5FF82F29B6C0-LeaderElection66] INFO  impl.LeaderElection (LeaderElection.java:askForVotes(178)) - 4c6a16c4-95d2-4ef7-9fc0-4f57ccbd9967@group-5FF82F29B6C0-LeaderElection66: begin an election at term 60 for -1: [4c6a16c4-95d2-4ef7-9fc0-4f57ccbd9967:192.168.5.131:39112, 742c26a8-c271-430a-a05a-c8bba3fa6d96:192.168.5.131:42235, a910346c-1ee2-4cdc-a6d8-644a3a4f0b7f:192.168.5.131:38193], old=null
2019-10-15 03:19:12,810 [grpc-default-executor-5] INFO  impl.RaftServerImpl (RaftServerImpl.java:setRole(184)) - a910346c-1ee2-4cdc-a6d8-644a3a4f0b7f@group-5FF82F29B6C0: changes role from  FOLLOWER to FOLLOWER at term 60 for recognizeCandidate:4c6a16c4-95d2-4ef7-9fc0-4f57ccbd9967
2019-10-15 03:19:12,810 [grpc-default-executor-4] INFO  impl.RaftServerImpl (RaftServerImpl.java:setRole(184)) - 742c26a8-c271-430a-a05a-c8bba3fa6d96@group-5FF82F29B6C0: changes role from  FOLLOWER to FOLLOWER at term 60 for recognizeCandidate:4c6a16c4-95d2-4ef7-9fc0-4f57ccbd9967
2019-10-15 03:19:12,810 [grpc-default-executor-5] INFO  impl.RoleInfo (RoleInfo.java:shutdownFollowerState(121)) - a910346c-1ee2-4cdc-a6d8-644a3a4f0b7f: shutdown FollowerState
2019-10-15 03:19:12,811 [grpc-default-executor-4] INFO  impl.RoleInfo (RoleInfo.java:shutdownFollowerState(121)) - 742c26a8-c271-430a-a05a-c8bba3fa6d96: shutdown FollowerState
2019-10-15 03:19:12,811 [Thread-726] INFO  impl.FollowerState (FollowerState.java:run(117)) - a910346c-1ee2-4cdc-a6d8-644a3a4f0b7f@group-5FF82F29B6C0-FollowerState was interrupted: java.lang.InterruptedException: sleep interrupted
2019-10-15 03:19:12,811 [grpc-default-executor-5] INFO  impl.RoleInfo (RoleInfo.java:updateAndGet(143)) - a910346c-1ee2-4cdc-a6d8-644a3a4f0b7f: start FollowerState
2019-10-15 03:19:12,811 [Thread-725] INFO  impl.FollowerState (FollowerState.java:run(117)) - 742c26a8-c271-430a-a05a-c8bba3fa6d96@group-5FF82F29B6C0-FollowerState was interrupted: java.lang.InterruptedException: sleep interrupted
2019-10-15 03:19:12,811 [grpc-default-executor-4] INFO  impl.RoleInfo (RoleInfo.java:updateAndGet(143)) - 742c26a8-c271-430a-a05a-c8bba3fa6d96: start FollowerState
2019-10-15 03:19:12,826 [4c6a16c4-95d2-4ef7-9fc0-4f57ccbd9967@group-5FF82F29B6C0-LeaderElection66] INFO  impl.LeaderElection (LeaderElection.java:logAndReturn(56)) - 4c6a16c4-95d2-4ef7-9fc0-4f57ccbd9967@group-5FF82F29B6C0-LeaderElection66: Election REJECTED; received 2 response(s) [4c6a16c4-95d2-4ef7-9fc0-4f57ccbd9967<-742c26a8-c271-430a-a05a-c8bba3fa6d96#0:FAIL-t60, 4c6a16c4-95d2-4ef7-9fc0-4f57ccbd9967<-a910346c-1ee2-4cdc-a6d8-644a3a4f0b7f#0:FAIL-t60] and 0 exception(s); 4c6a16c4-95d2-4ef7-9fc0-4f57ccbd9967@group-5FF82F29B6C0:t60, leader=null, voted=4c6a16c4-95d2-4ef7-9fc0-4f57ccbd9967, raftlog=4c6a16c4-95d2-4ef7-9fc0-4f57ccbd9967@group-5FF82F29B6C0-SegmentedRaftLog:OPENED:c-1,f-1,i0, conf=-1: [4c6a16c4-95d2-4ef7-9fc0-4f57ccbd9967:192.168.5.131:39112, 742c26a8-c271-430a-a05a-c8bba3fa6d96:192.168.5.131:42235, a910346c-1ee2-4cdc-a6d8-644a3a4f0b7f:192.168.5.131:38193], old=null
2019-10-15 03:19:12,826 [4c6a16c4-95d2-4ef7-9fc0-4f57ccbd9967@group-5FF82F29B6C0-LeaderElection66] INFO  impl.RaftServerImpl (RaftServerImpl.java:setRole(184)) - 4c6a16c4-95d2-4ef7-9fc0-4f57ccbd9967@group-5FF82F29B6C0: changes role from CANDIDATE to FOLLOWER at term 60 for DISCOVERED_A_NEW_TERM
2019-10-15 03:19:12,826 [4c6a16c4-95d2-4ef7-9fc0-4f57ccbd9967@group-5FF82F29B6C0-LeaderElection66] INFO  impl.RoleInfo (RoleInfo.java:shutdownLeaderElection(134)) - 4c6a16c4-95d2-4ef7-9fc0-4f57ccbd9967: shutdown LeaderElection
2019-10-15 03:19:12,826 [4c6a16c4-95d2-4ef7-9fc0-4f57ccbd9967@group-5FF82F29B6C0-LeaderElection66] INFO  impl.RoleInfo (RoleInfo.java:updateAndGet(143)) - 4c6a16c4-95d2-4ef7-9fc0-4f57ccbd9967: start FollowerState
2019-10-15 03:19:12,976 [Thread-733] INFO  impl.FollowerState (FollowerState.java:run(108)) - 4c6a16c4-95d2-4ef7-9fc0-4f57ccbd9967@group-5FF82F29B6C0-FollowerState: change to CANDIDATE, lastRpcTime:149ms, electionTimeout:149ms
2019-10-15 03:19:12,976 [Thread-733] INFO  impl.RoleInfo (RoleInfo.java:shutdownFollowerState(121)) - 4c6a16c4-95d2-4ef7-9fc0-4f57ccbd9967: shutdown FollowerState
2019-10-15 03:19:12,976 [Thread-733] INFO  impl.RaftServerImpl (RaftServerImpl.java:setRole(184)) - 4c6a16c4-95d2-4ef7-9fc0-4f57ccbd9967@group-5FF82F29B6C0: changes role from  FOLLOWER to CANDIDATE at term 60 for changeToCandidate
2019-10-15 03:19:12,977 [Thread-733] INFO  impl.RoleInfo (RoleInfo.java:updateAndGet(143)) - 4c6a16c4-95d2-4ef7-9fc0-4f57ccbd9967: start LeaderElection
2019-10-15 03:19:12,991 [4c6a16c4-95d2-4ef7-9fc0-4f57ccbd9967@group-5FF82F29B6C0-LeaderElection67] INFO  impl.LeaderElection (LeaderElection.java:askForVotes(178)) - 4c6a16c4-95d2-4ef7-9fc0-4f57ccbd9967@group-5FF82F29B6C0-LeaderElection67: begin an election at term 61 for -1: [4c6a16c4-95d2-4ef7-9fc0-4f57ccbd9967:192.168.5.131:39112, 742c26a8-c271-430a-a05a-c8bba3fa6d96:192.168.5.131:42235, a910346c-1ee2-4cdc-a6d8-644a3a4f0b7f:192.168.5.131:38193], old=null
2019-10-15 03:19:12,994 [grpc-default-executor-5] INFO  impl.RaftServerImpl (RaftServerImpl.java:setRole(184)) - a910346c-1ee2-4cdc-a6d8-644a3a4f0b7f@group-5FF82F29B6C0: changes role from  FOLLOWER to FOLLOWER at term 61 for recognizeCandidate:4c6a16c4-95d2-4ef7-9fc0-4f57ccbd9967
2019-10-15 03:19:12,994 [grpc-default-executor-4] INFO  impl.RaftServerImpl (RaftServerImpl.java:setRole(184)) - 742c26a8-c271-430a-a05a-c8bba3fa6d96@group-5FF82F29B6C0: changes role from  FOLLOWER to FOLLOWER at term 61 for recognizeCandidate:4c6a16c4-95d2-4ef7-9fc0-4f57ccbd9967
2019-10-15 03:19:12,994 [grpc-default-executor-5] INFO  impl.RoleInfo (RoleInfo.java:shutdownFollowerState(121)) - a910346c-1ee2-4cdc-a6d8-644a3a4f0b7f: shutdown FollowerState
2019-10-15 03:19:12,995 [grpc-default-executor-4] INFO  impl.RoleInfo (RoleInfo.java:shutdownFollowerState(121)) - 742c26a8-c271-430a-a05a-c8bba3fa6d96: shutdown FollowerState
2019-10-15 03:19:12,995 [Thread-731] INFO  impl.FollowerState (FollowerState.java:run(117)) - a910346c-1ee2-4cdc-a6d8-644a3a4f0b7f@group-5FF82F29B6C0-FollowerState was interrupted: java.lang.InterruptedException: sleep interrupted
2019-10-15 03:19:12,995 [Thread-732] INFO  impl.FollowerState (FollowerState.java:run(117)) - 742c26a8-c271-430a-a05a-c8bba3fa6d96@group-5FF82F29B6C0-FollowerState was interrupted: java.lang.InterruptedException: sleep interrupted
2019-10-15 03:19:12,995 [grpc-default-executor-5] INFO  impl.RoleInfo (RoleInfo.java:updateAndGet(143)) - a910346c-1ee2-4cdc-a6d8-644a3a4f0b7f: start FollowerState
2019-10-15 03:19:12,995 [grpc-default-executor-4] INFO  impl.RoleInfo (RoleInfo.java:updateAndGet(143)) - 742c26a8-c271-430a-a05a-c8bba3fa6d96: start FollowerState
2019-10-15 03:19:13,022 [4c6a16c4-95d2-4ef7-9fc0-4f57ccbd9967@group-5FF82F29B6C0-LeaderElection67] INFO  impl.LeaderElection (LeaderElection.java:logAndReturn(56)) - 4c6a16c4-95d2-4ef7-9fc0-4f57ccbd9967@group-5FF82F29B6C0-LeaderElection67: Election REJECTED; received 2 response(s) [4c6a16c4-95d2-4ef7-9fc0-4f57ccbd9967<-742c26a8-c271-430a-a05a-c8bba3fa6d96#0:FAIL-t61, 4c6a16c4-95d2-4ef7-9fc0-4f57ccbd9967<-a910346c-1ee2-4cdc-a6d8-644a3a4f0b7f#0:FAIL-t61] and 0 exception(s); 4c6a16c4-95d2-4ef7-9fc0-4f57ccbd9967@group-5FF82F29B6C0:t61, leader=null, voted=4c6a16c4-95d2-4ef7-9fc0-4f57ccbd9967, raftlog=4c6a16c4-95d2-4ef7-9fc0-4f57ccbd9967@group-5FF82F29B6C0-SegmentedRaftLog:OPENED:c-1,f-1,i0, conf=-1: [4c6a16c4-95d2-4ef7-9fc0-4f57ccbd9967:192.168.5.131:39112, 742c26a8-c271-430a-a05a-c8bba3fa6d96:192.168.5.131:42235, a910346c-1ee2-4cdc-a6d8-644a3a4f0b7f:192.168.5.131:38193], old=null
2019-10-15 03:19:13,022 [4c6a16c4-95d2-4ef7-9fc0-4f57ccbd9967@group-5FF82F29B6C0-LeaderElection67] INFO  impl.RaftServerImpl (RaftServerImpl.java:setRole(184)) - 4c6a16c4-95d2-4ef7-9fc0-4f57ccbd9967@group-5FF82F29B6C0: changes role from CANDIDATE to FOLLOWER at term 61 for DISCOVERED_A_NEW_TERM
2019-10-15 03:19:13,023 [4c6a16c4-95d2-4ef7-9fc0-4f57ccbd9967@group-5FF82F29B6C0-LeaderElection67] INFO  impl.RoleInfo (RoleInfo.java:shutdownLeaderElection(134)) - 4c6a16c4-95d2-4ef7-9fc0-4f57ccbd9967: shutdown LeaderElection
2019-10-15 03:19:13,023 [4c6a16c4-95d2-4ef7-9fc0-4f57ccbd9967@group-5FF82F29B6C0-LeaderElection67] INFO  impl.RoleInfo (RoleInfo.java:updateAndGet(143)) - 4c6a16c4-95d2-4ef7-9fc0-4f57ccbd9967: start FollowerState
2019-10-15 03:19:13,161 [Thread-741] INFO  impl.FollowerState (FollowerState.java:run(108)) - 4c6a16c4-95d2-4ef7-9fc0-4f57ccbd9967@group-5FF82F29B6C0-FollowerState: change to CANDIDATE, lastRpcTime:138ms, electionTimeout:138ms
2019-10-15 03:19:13,162 [Thread-741] INFO  impl.RoleInfo (RoleInfo.java:shutdownFollowerState(121)) - 4c6a16c4-95d2-4ef7-9fc0-4f57ccbd9967: shutdown FollowerState
2019-10-15 03:19:13,162 [Thread-741] INFO  impl.RaftServerImpl (RaftServerImpl.java:setRole(184)) - 4c6a16c4-95d2-4ef7-9fc0-4f57ccbd9967@group-5FF82F29B6C0: changes role from  FOLLOWER to CANDIDATE at term 61 for changeToCandidate
2019-10-15 03:19:13,162 [Thread-741] INFO  impl.RoleInfo (RoleInfo.java:updateAndGet(143)) - 4c6a16c4-95d2-4ef7-9fc0-4f57ccbd9967: start LeaderElection
2019-10-15 03:19:13,176 [4c6a16c4-95d2-4ef7-9fc0-4f57ccbd9967@group-5FF82F29B6C0-LeaderElection68] INFO  impl.LeaderElection (LeaderElection.java:askForVotes(178)) - 4c6a16c4-95d2-4ef7-9fc0-4f57ccbd9967@group-5FF82F29B6C0-LeaderElection68: begin an election at term 62 for -1: [4c6a16c4-95d2-4ef7-9fc0-4f57ccbd9967:192.168.5.131:39112, 742c26a8-c271-430a-a05a-c8bba3fa6d96:192.168.5.131:42235, a910346c-1ee2-4cdc-a6d8-644a3a4f0b7f:192.168.5.131:38193], old=null
2019-10-15 03:19:13,179 [grpc-default-executor-4] INFO  impl.RaftServerImpl (RaftServerImpl.java:setRole(184)) - a910346c-1ee2-4cdc-a6d8-644a3a4f0b7f@group-5FF82F29B6C0: changes role from  FOLLOWER to FOLLOWER at term 62 for recognizeCandidate:4c6a16c4-95d2-4ef7-9fc0-4f57ccbd9967
2019-10-15 03:19:13,179 [grpc-default-executor-4] INFO  impl.RoleInfo (RoleInfo.java:shutdownFollowerState(121)) - a910346c-1ee2-4cdc-a6d8-644a3a4f0b7f: shutdown FollowerState
2019-10-15 03:19:13,179 [grpc-default-executor-5] INFO  impl.RaftServerImpl (RaftServerImpl.java:setRole(184)) - 742c26a8-c271-430a-a05a-c8bba3fa6d96@group-5FF82F29B6C0: changes role from  FOLLOWER to FOLLOWER at term 62 for recognizeCandidate:4c6a16c4-95d2-4ef7-9fc0-4f57ccbd9967
2019-10-15 03:19:13,180 [Thread-739] INFO  impl.FollowerState (FollowerState.java:run(117)) - a910346c-1ee2-4cdc-a6d8-644a3a4f0b7f@group-5FF82F29B6C0-FollowerState was interrupted: java.lang.InterruptedException: sleep interrupted
2019-10-15 03:19:13,180 [grpc-default-executor-4] INFO  impl.RoleInfo (RoleInfo.java:updateAndGet(143)) - a910346c-1ee2-4cdc-a6d8-644a3a4f0b7f: start FollowerState
2019-10-15 03:19:13,180 [grpc-default-executor-5] INFO  impl.RoleInfo (RoleInfo.java:shutdownFollowerState(121)) - 742c26a8-c271-430a-a05a-c8bba3fa6d96: shutdown FollowerState
2019-10-15 03:19:13,181 [grpc-default-executor-5] INFO  impl.RoleInfo (RoleInfo.java:updateAndGet(143)) - 742c26a8-c271-430a-a05a-c8bba3fa6d96: start FollowerState
2019-10-15 03:19:13,181 [Thread-740] INFO  impl.FollowerState (FollowerState.java:run(117)) - 742c26a8-c271-430a-a05a-c8bba3fa6d96@group-5FF82F29B6C0-FollowerState was interrupted: java.lang.InterruptedException: sleep interrupted
2019-10-15 03:19:13,197 [4c6a16c4-95d2-4ef7-9fc0-4f57ccbd9967@group-5FF82F29B6C0-LeaderElection68] INFO  impl.LeaderElection (LeaderElection.java:logAndReturn(56)) - 4c6a16c4-95d2-4ef7-9fc0-4f57ccbd9967@group-5FF82F29B6C0-LeaderElection68: Election REJECTED; received 2 response(s) [4c6a16c4-95d2-4ef7-9fc0-4f57ccbd9967<-742c26a8-c271-430a-a05a-c8bba3fa6d96#0:FAIL-t62, 4c6a16c4-95d2-4ef7-9fc0-4f57ccbd9967<-a910346c-1ee2-4cdc-a6d8-644a3a4f0b7f#0:FAIL-t62] and 0 exception(s); 4c6a16c4-95d2-4ef7-9fc0-4f57ccbd9967@group-5FF82F29B6C0:t62, leader=null, voted=4c6a16c4-95d2-4ef7-9fc0-4f57ccbd9967, raftlog=4c6a16c4-95d2-4ef7-9fc0-4f57ccbd9967@group-5FF82F29B6C0-SegmentedRaftLog:OPENED:c-1,f-1,i0, conf=-1: [4c6a16c4-95d2-4ef7-9fc0-4f57ccbd9967:192.168.5.131:39112, 742c26a8-c271-430a-a05a-c8bba3fa6d96:192.168.5.131:42235, a910346c-1ee2-4cdc-a6d8-644a3a4f0b7f:192.168.5.131:38193], old=null
2019-10-15 03:19:13,197 [4c6a16c4-95d2-4ef7-9fc0-4f57ccbd9967@group-5FF82F29B6C0-LeaderElection68] INFO  impl.RaftServerImpl (RaftServerImpl.java:setRole(184)) - 4c6a16c4-95d2-4ef7-9fc0-4f57ccbd9967@group-5FF82F29B6C0: changes role from CANDIDATE to FOLLOWER at term 62 for DISCOVERED_A_NEW_TERM
2019-10-15 03:19:13,197 [4c6a16c4-95d2-4ef7-9fc0-4f57ccbd9967@group-5FF82F29B6C0-LeaderElection68] INFO  impl.RoleInfo (RoleInfo.java:shutdownLeaderElection(134)) - 4c6a16c4-95d2-4ef7-9fc0-4f57ccbd9967: shutdown LeaderElection
2019-10-15 03:19:13,197 [4c6a16c4-95d2-4ef7-9fc0-4f57ccbd9967@group-5FF82F29B6C0-LeaderElection68] INFO  impl.RoleInfo (RoleInfo.java:updateAndGet(143)) - 4c6a16c4-95d2-4ef7-9fc0-4f57ccbd9967: start FollowerState
2019-10-15 03:19:13,256 [Thread-747] INFO  impl.FollowerState (FollowerState.java:run(108)) - 4c6a16c4-95d2-4ef7-9fc0-4f57ccbd9967@group-5FF82F29B6C0-FollowerState: change to CANDIDATE, lastRpcTime:58ms, electionTimeout:58ms
2019-10-15 03:19:13,256 [Thread-747] INFO  impl.RoleInfo (RoleInfo.java:shutdownFollowerState(121)) - 4c6a16c4-95d2-4ef7-9fc0-4f57ccbd9967: shutdown FollowerState
2019-10-15 03:19:13,256 [Thread-747] INFO  impl.RaftServerImpl (RaftServerImpl.java:setRole(184)) - 4c6a16c4-95d2-4ef7-9fc0-4f57ccbd9967@group-5FF82F29B6C0: changes role from  FOLLOWER to CANDIDATE at term 62 for changeToCandidate
2019-10-15 03:19:13,256 [Thread-747] INFO  impl.RoleInfo (RoleInfo.java:updateAndGet(143)) - 4c6a16c4-95d2-4ef7-9fc0-4f57ccbd9967: start LeaderElection
2019-10-15 03:19:13,269 [4c6a16c4-95d2-4ef7-9fc0-4f57ccbd9967@group-5FF82F29B6C0-LeaderElection69] INFO  impl.LeaderElection (LeaderElection.java:askForVotes(178)) - 4c6a16c4-95d2-4ef7-9fc0-4f57ccbd9967@group-5FF82F29B6C0-LeaderElection69: begin an election at term 63 for -1: [4c6a16c4-95d2-4ef7-9fc0-4f57ccbd9967:192.168.5.131:39112, 742c26a8-c271-430a-a05a-c8bba3fa6d96:192.168.5.131:42235, a910346c-1ee2-4cdc-a6d8-644a3a4f0b7f:192.168.5.131:38193], old=null
2019-10-15 03:19:13,272 [grpc-default-executor-5] INFO  impl.RaftServerImpl (RaftServerImpl.java:setRole(184)) - 742c26a8-c271-430a-a05a-c8bba3fa6d96@group-5FF82F29B6C0: changes role from  FOLLOWER to FOLLOWER at term 63 for recognizeCandidate:4c6a16c4-95d2-4ef7-9fc0-4f57ccbd9967
2019-10-15 03:19:13,272 [grpc-default-executor-4] INFO  impl.RaftServerImpl (RaftServerImpl.java:setRole(184)) - a910346c-1ee2-4cdc-a6d8-644a3a4f0b7f@group-5FF82F29B6C0: changes role from  FOLLOWER to FOLLOWER at term 63 for recognizeCandidate:4c6a16c4-95d2-4ef7-9fc0-4f57ccbd9967
2019-10-15 03:19:13,272 [grpc-default-executor-5] INFO  impl.RoleInfo (RoleInfo.java:shutdownFollowerState(121)) - 742c26a8-c271-430a-a05a-c8bba3fa6d96: shutdown FollowerState
2019-10-15 03:19:13,272 [grpc-default-executor-4] INFO  impl.RoleInfo (RoleInfo.java:shutdownFollowerState(121)) - a910346c-1ee2-4cdc-a6d8-644a3a4f0b7f: shutdown FollowerState
2019-10-15 03:19:13,273 [Thread-746] INFO  impl.FollowerState (FollowerState.java:run(117)) - 742c26a8-c271-430a-a05a-c8bba3fa6d96@group-5FF82F29B6C0-FollowerState was interrupted: java.lang.InterruptedException: sleep interrupted
2019-10-15 03:19:13,273 [grpc-default-executor-5] INFO  impl.RoleInfo (RoleInfo.java:updateAndGet(143)) - 742c26a8-c271-430a-a05a-c8bba3fa6d96: start FollowerState
2019-10-15 03:19:13,273 [grpc-default-executor-4] INFO  impl.RoleInfo (RoleInfo.java:updateAndGet(143)) - a910346c-1ee2-4cdc-a6d8-644a3a4f0b7f: start FollowerState
2019-10-15 03:19:13,273 [Thread-745] INFO  impl.FollowerState (FollowerState.java:run(117)) - a910346c-1ee2-4cdc-a6d8-644a3a4f0b7f@group-5FF82F29B6C0-FollowerState was interrupted: java.lang.InterruptedException: sleep interrupted
2019-10-15 03:19:13,299 [4c6a16c4-95d2-4ef7-9fc0-4f57ccbd9967@group-5FF82F29B6C0-LeaderElection69] INFO  impl.LeaderElection (LeaderElection.java:logAndReturn(56)) - 4c6a16c4-95d2-4ef7-9fc0-4f57ccbd9967@group-5FF82F29B6C0-LeaderElection69: Election REJECTED; received 2 response(s) [4c6a16c4-95d2-4ef7-9fc0-4f57ccbd9967<-742c26a8-c271-430a-a05a-c8bba3fa6d96#0:FAIL-t63, 4c6a16c4-95d2-4ef7-9fc0-4f57ccbd9967<-a910346c-1ee2-4cdc-a6d8-644a3a4f0b7f#0:FAIL-t63] and 0 exception(s); 4c6a16c4-95d2-4ef7-9fc0-4f57ccbd9967@group-5FF82F29B6C0:t63, leader=null, voted=4c6a16c4-95d2-4ef7-9fc0-4f57ccbd9967, raftlog=4c6a16c4-95d2-4ef7-9fc0-4f57ccbd9967@group-5FF82F29B6C0-SegmentedRaftLog:OPENED:c-1,f-1,i0, conf=-1: [4c6a16c4-95d2-4ef7-9fc0-4f57ccbd9967:192.168.5.131:39112, 742c26a8-c271-430a-a05a-c8bba3fa6d96:192.168.5.131:42235, a910346c-1ee2-4cdc-a6d8-644a3a4f0b7f:192.168.5.131:38193], old=null
2019-10-15 03:19:13,299 [4c6a16c4-95d2-4ef7-9fc0-4f57ccbd9967@group-5FF82F29B6C0-LeaderElection69] INFO  impl.RaftServerImpl (RaftServerImpl.java:setRole(184)) - 4c6a16c4-95d2-4ef7-9fc0-4f57ccbd9967@group-5FF82F29B6C0: changes role from CANDIDATE to FOLLOWER at term 63 for DISCOVERED_A_NEW_TERM
2019-10-15 03:19:13,300 [4c6a16c4-95d2-4ef7-9fc0-4f57ccbd9967@group-5FF82F29B6C0-LeaderElection69] INFO  impl.RoleInfo (RoleInfo.java:shutdownLeaderElection(134)) - 4c6a16c4-95d2-4ef7-9fc0-4f57ccbd9967: shutdown LeaderElection
2019-10-15 03:19:13,300 [4c6a16c4-95d2-4ef7-9fc0-4f57ccbd9967@group-5FF82F29B6C0-LeaderElection69] INFO  impl.RoleInfo (RoleInfo.java:updateAndGet(143)) - 4c6a16c4-95d2-4ef7-9fc0-4f57ccbd9967: start FollowerState
2019-10-15 03:19:13,473 [Thread-755] INFO  impl.FollowerState (FollowerState.java:run(108)) - 4c6a16c4-95d2-4ef7-9fc0-4f57ccbd9967@group-5FF82F29B6C0-FollowerState: change to CANDIDATE, lastRpcTime:173ms, electionTimeout:173ms
2019-10-15 03:19:13,474 [Thread-755] INFO  impl.RoleInfo (RoleInfo.java:shutdownFollowerState(121)) - 4c6a16c4-95d2-4ef7-9fc0-4f57ccbd9967: shutdown FollowerState
2019-10-15 03:19:13,474 [Thread-755] INFO  impl.RaftServerImpl (RaftServerImpl.java:setRole(184)) - 4c6a16c4-95d2-4ef7-9fc0-4f57ccbd9967@group-5FF82F29B6C0: changes role from  FOLLOWER to CANDIDATE at term 63 for changeToCandidate
2019-10-15 03:19:13,474 [Thread-755] INFO  impl.RoleInfo (RoleInfo.java:updateAndGet(143)) - 4c6a16c4-95d2-4ef7-9fc0-4f57ccbd9967: start LeaderElection
2019-10-15 03:19:13,488 [4c6a16c4-95d2-4ef7-9fc0-4f57ccbd9967@group-5FF82F29B6C0-LeaderElection70] INFO  impl.LeaderElection (LeaderElection.java:askForVotes(178)) - 4c6a16c4-95d2-4ef7-9fc0-4f57ccbd9967@group-5FF82F29B6C0-LeaderElection70: begin an election at term 64 for -1: [4c6a16c4-95d2-4ef7-9fc0-4f57ccbd9967:192.168.5.131:39112, 742c26a8-c271-430a-a05a-c8bba3fa6d96:192.168.5.131:42235, a910346c-1ee2-4cdc-a6d8-644a3a4f0b7f:192.168.5.131:38193], old=null
2019-10-15 03:19:13,491 [grpc-default-executor-5] INFO  impl.RaftServerImpl (RaftServerImpl.java:setRole(184)) - 742c26a8-c271-430a-a05a-c8bba3fa6d96@group-5FF82F29B6C0: changes role from  FOLLOWER to FOLLOWER at term 64 for recognizeCandidate:4c6a16c4-95d2-4ef7-9fc0-4f57ccbd9967
2019-10-15 03:19:13,491 [grpc-default-executor-4] INFO  impl.RaftServerImpl (RaftServerImpl.java:setRole(184)) - a910346c-1ee2-4cdc-a6d8-644a3a4f0b7f@group-5FF82F29B6C0: changes role from  FOLLOWER to FOLLOWER at term 64 for recognizeCandidate:4c6a16c4-95d2-4ef7-9fc0-4f57ccbd9967
2019-10-15 03:19:13,491 [grpc-default-executor-5] INFO  impl.RoleInfo (RoleInfo.java:shutdownFollowerState(121)) - 742c26a8-c271-430a-a05a-c8bba3fa6d96: shutdown FollowerState
2019-10-15 03:19:13,491 [grpc-default-executor-4] INFO  impl.RoleInfo (RoleInfo.java:shutdownFollowerState(121)) - a910346c-1ee2-4cdc-a6d8-644a3a4f0b7f: shutdown FollowerState
2019-10-15 03:19:13,491 [Thread-753] INFO  impl.FollowerState (FollowerState.java:run(117)) - 742c26a8-c271-430a-a05a-c8bba3fa6d96@group-5FF82F29B6C0-FollowerState was interrupted: java.lang.InterruptedException: sleep interrupted
2019-10-15 03:19:13,491 [grpc-default-executor-5] INFO  impl.RoleInfo (RoleInfo.java:updateAndGet(143)) - 742c26a8-c271-430a-a05a-c8bba3fa6d96: start FollowerState
2019-10-15 03:19:13,492 [Thread-754] INFO  impl.FollowerState (FollowerState.java:run(117)) - a910346c-1ee2-4cdc-a6d8-644a3a4f0b7f@group-5FF82F29B6C0-FollowerState was interrupted: java.lang.InterruptedException: sleep interrupted
2019-10-15 03:19:13,492 [grpc-default-executor-4] INFO  impl.RoleInfo (RoleInfo.java:updateAndGet(143)) - a910346c-1ee2-4cdc-a6d8-644a3a4f0b7f: start FollowerState
2019-10-15 03:19:13,507 [4c6a16c4-95d2-4ef7-9fc0-4f57ccbd9967@group-5FF82F29B6C0-LeaderElection70] INFO  impl.LeaderElection (LeaderElection.java:logAndReturn(56)) - 4c6a16c4-95d2-4ef7-9fc0-4f57ccbd9967@group-5FF82F29B6C0-LeaderElection70: Election REJECTED; received 2 response(s) [4c6a16c4-95d2-4ef7-9fc0-4f57ccbd9967<-742c26a8-c271-430a-a05a-c8bba3fa6d96#0:FAIL-t64, 4c6a16c4-95d2-4ef7-9fc0-4f57ccbd9967<-a910346c-1ee2-4cdc-a6d8-644a3a4f0b7f#0:FAIL-t64] and 0 exception(s); 4c6a16c4-95d2-4ef7-9fc0-4f57ccbd9967@group-5FF82F29B6C0:t64, leader=null, voted=4c6a16c4-95d2-4ef7-9fc0-4f57ccbd9967, raftlog=4c6a16c4-95d2-4ef7-9fc0-4f57ccbd9967@group-5FF82F29B6C0-SegmentedRaftLog:OPENED:c-1,f-1,i0, conf=-1: [4c6a16c4-95d2-4ef7-9fc0-4f57ccbd9967:192.168.5.131:39112, 742c26a8-c271-430a-a05a-c8bba3fa6d96:192.168.5.131:42235, a910346c-1ee2-4cdc-a6d8-644a3a4f0b7f:192.168.5.131:38193], old=null
2019-10-15 03:19:13,507 [4c6a16c4-95d2-4ef7-9fc0-4f57ccbd9967@group-5FF82F29B6C0-LeaderElection70] INFO  impl.RaftServerImpl (RaftServerImpl.java:setRole(184)) - 4c6a16c4-95d2-4ef7-9fc0-4f57ccbd9967@group-5FF82F29B6C0: changes role from CANDIDATE to FOLLOWER at term 64 for DISCOVERED_A_NEW_TERM
2019-10-15 03:19:13,508 [4c6a16c4-95d2-4ef7-9fc0-4f57ccbd9967@group-5FF82F29B6C0-LeaderElection70] INFO  impl.RoleInfo (RoleInfo.java:shutdownLeaderElection(134)) - 4c6a16c4-95d2-4ef7-9fc0-4f57ccbd9967: shutdown LeaderElection
2019-10-15 03:19:13,508 [4c6a16c4-95d2-4ef7-9fc0-4f57ccbd9967@group-5FF82F29B6C0-LeaderElection70] INFO  impl.RoleInfo (RoleInfo.java:updateAndGet(143)) - 4c6a16c4-95d2-4ef7-9fc0-4f57ccbd9967: start FollowerState
2019-10-15 03:19:13,559 [Thread-763] INFO  impl.FollowerState (FollowerState.java:run(108)) - 4c6a16c4-95d2-4ef7-9fc0-4f57ccbd9967@group-5FF82F29B6C0-FollowerState: change to CANDIDATE, lastRpcTime:51ms, electionTimeout:51ms
2019-10-15 03:19:13,559 [Thread-763] INFO  impl.RoleInfo (RoleInfo.java:shutdownFollowerState(121)) - 4c6a16c4-95d2-4ef7-9fc0-4f57ccbd9967: shutdown FollowerState
2019-10-15 03:19:13,560 [Thread-763] INFO  impl.RaftServerImpl (RaftServerImpl.java:setRole(184)) - 4c6a16c4-95d2-4ef7-9fc0-4f57ccbd9967@group-5FF82F29B6C0: changes role from  FOLLOWER to CANDIDATE at term 64 for changeToCandidate
2019-10-15 03:19:13,560 [Thread-763] INFO  impl.RoleInfo (RoleInfo.java:updateAndGet(143)) - 4c6a16c4-95d2-4ef7-9fc0-4f57ccbd9967: start LeaderElection
2019-10-15 03:19:13,586 [4c6a16c4-95d2-4ef7-9fc0-4f57ccbd9967@group-5FF82F29B6C0-LeaderElection71] INFO  impl.LeaderElection (LeaderElection.java:askForVotes(178)) - 4c6a16c4-95d2-4ef7-9fc0-4f57ccbd9967@group-5FF82F29B6C0-LeaderElection71: begin an election at term 65 for -1: [4c6a16c4-95d2-4ef7-9fc0-4f57ccbd9967:192.168.5.131:39112, 742c26a8-c271-430a-a05a-c8bba3fa6d96:192.168.5.131:42235, a910346c-1ee2-4cdc-a6d8-644a3a4f0b7f:192.168.5.131:38193], old=null
2019-10-15 03:19:13,588 [grpc-default-executor-5] INFO  impl.RaftServerImpl (RaftServerImpl.java:setRole(184)) - a910346c-1ee2-4cdc-a6d8-644a3a4f0b7f@group-5FF82F29B6C0: changes role from  FOLLOWER to FOLLOWER at term 65 for recognizeCandidate:4c6a16c4-95d2-4ef7-9fc0-4f57ccbd9967
2019-10-15 03:19:13,588 [grpc-default-executor-5] INFO  impl.RoleInfo (RoleInfo.java:shutdownFollowerState(121)) - a910346c-1ee2-4cdc-a6d8-644a3a4f0b7f: shutdown FollowerState
2019-10-15 03:19:13,588 [grpc-default-executor-4] INFO  impl.RaftServerImpl (RaftServerImpl.java:setRole(184)) - 742c26a8-c271-430a-a05a-c8bba3fa6d96@group-5FF82F29B6C0: changes role from  FOLLOWER to FOLLOWER at term 65 for recognizeCandidate:4c6a16c4-95d2-4ef7-9fc0-4f57ccbd9967
2019-10-15 03:19:13,589 [Thread-762] INFO  impl.FollowerState (FollowerState.java:run(117)) - a910346c-1ee2-4cdc-a6d8-644a3a4f0b7f@group-5FF82F29B6C0-FollowerState was interrupted: java.lang.InterruptedException: sleep interrupted
2019-10-15 03:19:13,588 [grpc-default-executor-5] INFO  impl.RoleInfo (RoleInfo.java:updateAndGet(143)) - a910346c-1ee2-4cdc-a6d8-644a3a4f0b7f: start FollowerState
2019-10-15 03:19:13,589 [grpc-default-executor-4] INFO  impl.RoleInfo (RoleInfo.java:shutdownFollowerState(121)) - 742c26a8-c271-430a-a05a-c8bba3fa6d96: shutdown FollowerState
2019-10-15 03:19:13,589 [grpc-default-executor-4] INFO  impl.RoleInfo (RoleInfo.java:updateAndGet(143)) - 742c26a8-c271-430a-a05a-c8bba3fa6d96: start FollowerState
2019-10-15 03:19:13,589 [Thread-761] INFO  impl.FollowerState (FollowerState.java:run(117)) - 742c26a8-c271-430a-a05a-c8bba3fa6d96@group-5FF82F29B6C0-FollowerState was interrupted: java.lang.InterruptedException: sleep interrupted
2019-10-15 03:19:13,615 [4c6a16c4-95d2-4ef7-9fc0-4f57ccbd9967@group-5FF82F29B6C0-LeaderElection71] INFO  impl.LeaderElection (LeaderElection.java:logAndReturn(56)) - 4c6a16c4-95d2-4ef7-9fc0-4f57ccbd9967@group-5FF82F29B6C0-LeaderElection71: Election REJECTED; received 2 response(s) [4c6a16c4-95d2-4ef7-9fc0-4f57ccbd9967<-742c26a8-c271-430a-a05a-c8bba3fa6d96#0:FAIL-t65, 4c6a16c4-95d2-4ef7-9fc0-4f57ccbd9967<-a910346c-1ee2-4cdc-a6d8-644a3a4f0b7f#0:FAIL-t65] and 0 exception(s); 4c6a16c4-95d2-4ef7-9fc0-4f57ccbd9967@group-5FF82F29B6C0:t65, leader=null, voted=4c6a16c4-95d2-4ef7-9fc0-4f57ccbd9967, raftlog=4c6a16c4-95d2-4ef7-9fc0-4f57ccbd9967@group-5FF82F29B6C0-SegmentedRaftLog:OPENED:c-1,f-1,i0, conf=-1: [4c6a16c4-95d2-4ef7-9fc0-4f57ccbd9967:192.168.5.131:39112, 742c26a8-c271-430a-a05a-c8bba3fa6d96:192.168.5.131:42235, a910346c-1ee2-4cdc-a6d8-644a3a4f0b7f:192.168.5.131:38193], old=null
2019-10-15 03:19:13,615 [4c6a16c4-95d2-4ef7-9fc0-4f57ccbd9967@group-5FF82F29B6C0-LeaderElection71] INFO  impl.RaftServerImpl (RaftServerImpl.java:setRole(184)) - 4c6a16c4-95d2-4ef7-9fc0-4f57ccbd9967@group-5FF82F29B6C0: changes role from CANDIDATE to FOLLOWER at term 65 for DISCOVERED_A_NEW_TERM
2019-10-15 03:19:13,616 [4c6a16c4-95d2-4ef7-9fc0-4f57ccbd9967@group-5FF82F29B6C0-LeaderElection71] INFO  impl.RoleInfo (RoleInfo.java:shutdownLeaderElection(134)) - 4c6a16c4-95d2-4ef7-9fc0-4f57ccbd9967: shutdown LeaderElection
2019-10-15 03:19:13,616 [4c6a16c4-95d2-4ef7-9fc0-4f57ccbd9967@group-5FF82F29B6C0-LeaderElection71] INFO  impl.RoleInfo (RoleInfo.java:updateAndGet(143)) - 4c6a16c4-95d2-4ef7-9fc0-4f57ccbd9967: start FollowerState
2019-10-15 03:19:13,699 [Thread-769] INFO  impl.FollowerState (FollowerState.java:run(108)) - 4c6a16c4-95d2-4ef7-9fc0-4f57ccbd9967@group-5FF82F29B6C0-FollowerState: change to CANDIDATE, lastRpcTime:83ms, electionTimeout:83ms
2019-10-15 03:19:13,699 [Thread-769] INFO  impl.RoleInfo (RoleInfo.java:shutdownFollowerState(121)) - 4c6a16c4-95d2-4ef7-9fc0-4f57ccbd9967: shutdown FollowerState
2019-10-15 03:19:13,699 [Thread-769] INFO  impl.RaftServerImpl (RaftServerImpl.java:setRole(184)) - 4c6a16c4-95d2-4ef7-9fc0-4f57ccbd9967@group-5FF82F29B6C0: changes role from  FOLLOWER to CANDIDATE at term 65 for changeToCandidate
2019-10-15 03:19:13,700 [Thread-769] INFO  impl.RoleInfo (RoleInfo.java:updateAndGet(143)) - 4c6a16c4-95d2-4ef7-9fc0-4f57ccbd9967: start LeaderElection
2019-10-15 03:19:13,713 [4c6a16c4-95d2-4ef7-9fc0-4f57ccbd9967@group-5FF82F29B6C0-LeaderElection72] INFO  impl.LeaderElection (LeaderElection.java:askForVotes(178)) - 4c6a16c4-95d2-4ef7-9fc0-4f57ccbd9967@group-5FF82F29B6C0-LeaderElection72: begin an election at term 66 for -1: [4c6a16c4-95d2-4ef7-9fc0-4f57ccbd9967:192.168.5.131:39112, 742c26a8-c271-430a-a05a-c8bba3fa6d96:192.168.5.131:42235, a910346c-1ee2-4cdc-a6d8-644a3a4f0b7f:192.168.5.131:38193], old=null
2019-10-15 03:19:13,716 [grpc-default-executor-4] INFO  impl.RaftServerImpl (RaftServerImpl.java:setRole(184)) - 742c26a8-c271-430a-a05a-c8bba3fa6d96@group-5FF82F29B6C0: changes role from  FOLLOWER to FOLLOWER at term 66 for recognizeCandidate:4c6a16c4-95d2-4ef7-9fc0-4f57ccbd9967
2019-10-15 03:19:13,716 [grpc-default-executor-5] INFO  impl.RaftServerImpl (RaftServerImpl.java:setRole(184)) - a910346c-1ee2-4cdc-a6d8-644a3a4f0b7f@group-5FF82F29B6C0: changes role from  FOLLOWER to FOLLOWER at term 66 for recognizeCandidate:4c6a16c4-95d2-4ef7-9fc0-4f57ccbd9967
2019-10-15 03:19:13,716 [grpc-default-executor-4] INFO  impl.RoleInfo (RoleInfo.java:shutdownFollowerState(121)) - 742c26a8-c271-430a-a05a-c8bba3fa6d96: shutdown FollowerState
2019-10-15 03:19:13,716 [grpc-default-executor-5] INFO  impl.RoleInfo (RoleInfo.java:shutdownFollowerState(121)) - a910346c-1ee2-4cdc-a6d8-644a3a4f0b7f: shutdown FollowerState
2019-10-15 03:19:13,716 [Thread-768] INFO  impl.FollowerState (FollowerState.java:run(117)) - 742c26a8-c271-430a-a05a-c8bba3fa6d96@group-5FF82F29B6C0-FollowerState was interrupted: java.lang.InterruptedException: sleep interrupted
2019-10-15 03:19:13,717 [Thread-767] INFO  impl.FollowerState (FollowerState.java:run(117)) - a910346c-1ee2-4cdc-a6d8-644a3a4f0b7f@group-5FF82F29B6C0-FollowerState was interrupted: java.lang.InterruptedException: sleep interrupted
2019-10-15 03:19:13,716 [grpc-default-executor-4] INFO  impl.RoleInfo (RoleInfo.java:updateAndGet(143)) - 742c26a8-c271-430a-a05a-c8bba3fa6d96: start FollowerState
2019-10-15 03:19:13,717 [grpc-default-executor-5] INFO  impl.RoleInfo (RoleInfo.java:updateAndGet(143)) - a910346c-1ee2-4cdc-a6d8-644a3a4f0b7f: start FollowerState
2019-10-15 03:19:13,732 [4c6a16c4-95d2-4ef7-9fc0-4f57ccbd9967@group-5FF82F29B6C0-LeaderElection72] INFO  impl.LeaderElection (LeaderElection.java:logAndReturn(56)) - 4c6a16c4-95d2-4ef7-9fc0-4f57ccbd9967@group-5FF82F29B6C0-LeaderElection72: Election REJECTED; received 2 response(s) [4c6a16c4-95d2-4ef7-9fc0-4f57ccbd9967<-742c26a8-c271-430a-a05a-c8bba3fa6d96#0:FAIL-t66, 4c6a16c4-95d2-4ef7-9fc0-4f57ccbd9967<-a910346c-1ee2-4cdc-a6d8-644a3a4f0b7f#0:FAIL-t66] and 0 exception(s); 4c6a16c4-95d2-4ef7-9fc0-4f57ccbd9967@group-5FF82F29B6C0:t66, leader=null, voted=4c6a16c4-95d2-4ef7-9fc0-4f57ccbd9967, raftlog=4c6a16c4-95d2-4ef7-9fc0-4f57ccbd9967@group-5FF82F29B6C0-SegmentedRaftLog:OPENED:c-1,f-1,i0, conf=-1: [4c6a16c4-95d2-4ef7-9fc0-4f57ccbd9967:192.168.5.131:39112, 742c26a8-c271-430a-a05a-c8bba3fa6d96:192.168.5.131:42235, a910346c-1ee2-4cdc-a6d8-644a3a4f0b7f:192.168.5.131:38193], old=null
2019-10-15 03:19:13,732 [4c6a16c4-95d2-4ef7-9fc0-4f57ccbd9967@group-5FF82F29B6C0-LeaderElection72] INFO  impl.RaftServerImpl (RaftServerImpl.java:setRole(184)) - 4c6a16c4-95d2-4ef7-9fc0-4f57ccbd9967@group-5FF82F29B6C0: changes role from CANDIDATE to FOLLOWER at term 66 for DISCOVERED_A_NEW_TERM
2019-10-15 03:19:13,733 [4c6a16c4-95d2-4ef7-9fc0-4f57ccbd9967@group-5FF82F29B6C0-LeaderElection72] INFO  impl.RoleInfo (RoleInfo.java:shutdownLeaderElection(134)) - 4c6a16c4-95d2-4ef7-9fc0-4f57ccbd9967: shutdown LeaderElection
2019-10-15 03:19:13,733 [4c6a16c4-95d2-4ef7-9fc0-4f57ccbd9967@group-5FF82F29B6C0-LeaderElection72] INFO  impl.RoleInfo (RoleInfo.java:updateAndGet(143)) - 4c6a16c4-95d2-4ef7-9fc0-4f57ccbd9967: start FollowerState
2019-10-15 03:19:13,810 [Thread-775] INFO  impl.FollowerState (FollowerState.java:run(108)) - 4c6a16c4-95d2-4ef7-9fc0-4f57ccbd9967@group-5FF82F29B6C0-FollowerState: change to CANDIDATE, lastRpcTime:77ms, electionTimeout:77ms
2019-10-15 03:19:13,810 [Thread-775] INFO  impl.RoleInfo (RoleInfo.java:shutdownFollowerState(121)) - 4c6a16c4-95d2-4ef7-9fc0-4f57ccbd9967: shutdown FollowerState
2019-10-15 03:19:13,811 [Thread-775] INFO  impl.RaftServerImpl (RaftServerImpl.java:setRole(184)) - 4c6a16c4-95d2-4ef7-9fc0-4f57ccbd9967@group-5FF82F29B6C0: changes role from  FOLLOWER to CANDIDATE at term 66 for changeToCandidate
2019-10-15 03:19:13,811 [Thread-775] INFO  impl.RoleInfo (RoleInfo.java:updateAndGet(143)) - 4c6a16c4-95d2-4ef7-9fc0-4f57ccbd9967: start LeaderElection
2019-10-15 03:19:13,833 [4c6a16c4-95d2-4ef7-9fc0-4f57ccbd9967@group-5FF82F29B6C0-LeaderElection73] INFO  impl.LeaderElection (LeaderElection.java:askForVotes(178)) - 4c6a16c4-95d2-4ef7-9fc0-4f57ccbd9967@group-5FF82F29B6C0-LeaderElection73: begin an election at term 67 for -1: [4c6a16c4-95d2-4ef7-9fc0-4f57ccbd9967:192.168.5.131:39112, 742c26a8-c271-430a-a05a-c8bba3fa6d96:192.168.5.131:42235, a910346c-1ee2-4cdc-a6d8-644a3a4f0b7f:192.168.5.131:38193], old=null
2019-10-15 03:19:13,835 [grpc-default-executor-4] INFO  impl.RaftServerImpl (RaftServerImpl.java:setRole(184)) - 742c26a8-c271-430a-a05a-c8bba3fa6d96@group-5FF82F29B6C0: changes role from  FOLLOWER to FOLLOWER at term 67 for recognizeCandidate:4c6a16c4-95d2-4ef7-9fc0-4f57ccbd9967
2019-10-15 03:19:13,836 [grpc-default-executor-5] INFO  impl.RaftServerImpl (RaftServerImpl.java:setRole(184)) - a910346c-1ee2-4cdc-a6d8-644a3a4f0b7f@group-5FF82F29B6C0: changes role from  FOLLOWER to FOLLOWER at term 67 for recognizeCandidate:4c6a16c4-95d2-4ef7-9fc0-4f57ccbd9967
2019-10-15 03:19:13,836 [grpc-default-executor-4] INFO  impl.RoleInfo (RoleInfo.java:shutdownFollowerState(121)) - 742c26a8-c271-430a-a05a-c8bba3fa6d96: shutdown FollowerState
2019-10-15 03:19:13,836 [grpc-default-executor-5] INFO  impl.RoleInfo (RoleInfo.java:shutdownFollowerState(121)) - a910346c-1ee2-4cdc-a6d8-644a3a4f0b7f: shutdown FollowerState
2019-10-15 03:19:13,836 [Thread-773] INFO  impl.FollowerState (FollowerState.java:run(117)) - 742c26a8-c271-430a-a05a-c8bba3fa6d96@group-5FF82F29B6C0-FollowerState was interrupted: java.lang.InterruptedException: sleep interrupted
2019-10-15 03:19:13,836 [grpc-default-executor-4] INFO  impl.RoleInfo (RoleInfo.java:updateAndGet(143)) - 742c26a8-c271-430a-a05a-c8bba3fa6d96: start FollowerState
2019-10-15 03:19:13,836 [Thread-774] INFO  impl.FollowerState (FollowerState.java:run(117)) - a910346c-1ee2-4cdc-a6d8-644a3a4f0b7f@group-5FF82F29B6C0-FollowerState was interrupted: java.lang.InterruptedException: sleep interrupted
2019-10-15 03:19:13,836 [grpc-default-executor-5] INFO  impl.RoleInfo (RoleInfo.java:updateAndGet(143)) - a910346c-1ee2-4cdc-a6d8-644a3a4f0b7f: start FollowerState
2019-10-15 03:19:13,863 [4c6a16c4-95d2-4ef7-9fc0-4f57ccbd9967@group-5FF82F29B6C0-LeaderElection73] INFO  impl.LeaderElection (LeaderElection.java:logAndReturn(56)) - 4c6a16c4-95d2-4ef7-9fc0-4f57ccbd9967@group-5FF82F29B6C0-LeaderElection73: Election REJECTED; received 2 response(s) [4c6a16c4-95d2-4ef7-9fc0-4f57ccbd9967<-742c26a8-c271-430a-a05a-c8bba3fa6d96#0:FAIL-t67, 4c6a16c4-95d2-4ef7-9fc0-4f57ccbd9967<-a910346c-1ee2-4cdc-a6d8-644a3a4f0b7f#0:FAIL-t67] and 0 exception(s); 4c6a16c4-95d2-4ef7-9fc0-4f57ccbd9967@group-5FF82F29B6C0:t67, leader=null, voted=4c6a16c4-95d2-4ef7-9fc0-4f57ccbd9967, raftlog=4c6a16c4-95d2-4ef7-9fc0-4f57ccbd9967@group-5FF82F29B6C0-SegmentedRaftLog:OPENED:c-1,f-1,i0, conf=-1: [4c6a16c4-95d2-4ef7-9fc0-4f57ccbd9967:192.168.5.131:39112, 742c26a8-c271-430a-a05a-c8bba3fa6d96:192.168.5.131:42235, a910346c-1ee2-4cdc-a6d8-644a3a4f0b7f:192.168.5.131:38193], old=null
2019-10-15 03:19:13,863 [4c6a16c4-95d2-4ef7-9fc0-4f57ccbd9967@group-5FF82F29B6C0-LeaderElection73] INFO  impl.RaftServerImpl (RaftServerImpl.java:setRole(184)) - 4c6a16c4-95d2-4ef7-9fc0-4f57ccbd9967@group-5FF82F29B6C0: changes role from CANDIDATE to FOLLOWER at term 67 for DISCOVERED_A_NEW_TERM
2019-10-15 03:19:13,863 [4c6a16c4-95d2-4ef7-9fc0-4f57ccbd9967@group-5FF82F29B6C0-LeaderElection73] INFO  impl.RoleInfo (RoleInfo.java:shutdownLeaderElection(134)) - 4c6a16c4-95d2-4ef7-9fc0-4f57ccbd9967: shutdown LeaderElection
2019-10-15 03:19:13,863 [4c6a16c4-95d2-4ef7-9fc0-4f57ccbd9967@group-5FF82F29B6C0-LeaderElection73] INFO  impl.RoleInfo (RoleInfo.java:updateAndGet(143)) - 4c6a16c4-95d2-4ef7-9fc0-4f57ccbd9967: start FollowerState
2019-10-15 03:19:13,934 [Thread-781] INFO  impl.FollowerState (FollowerState.java:run(108)) - 4c6a16c4-95d2-4ef7-9fc0-4f57ccbd9967@group-5FF82F29B6C0-FollowerState: change to CANDIDATE, lastRpcTime:70ms, electionTimeout:70ms
2019-10-15 03:19:13,934 [Thread-781] INFO  impl.RoleInfo (RoleInfo.java:shutdownFollowerState(121)) - 4c6a16c4-95d2-4ef7-9fc0-4f57ccbd9967: shutdown FollowerState
2019-10-15 03:19:13,934 [Thread-781] INFO  impl.RaftServerImpl (RaftServerImpl.java:setRole(184)) - 4c6a16c4-95d2-4ef7-9fc0-4f57ccbd9967@group-5FF82F29B6C0: changes role from  FOLLOWER to CANDIDATE at term 67 for changeToCandidate
2019-10-15 03:19:13,935 [Thread-781] INFO  impl.RoleInfo (RoleInfo.java:updateAndGet(143)) - 4c6a16c4-95d2-4ef7-9fc0-4f57ccbd9967: start LeaderElection
2019-10-15 03:19:13,948 [4c6a16c4-95d2-4ef7-9fc0-4f57ccbd9967@group-5FF82F29B6C0-LeaderElection74] INFO  impl.LeaderElection (LeaderElection.java:askForVotes(178)) - 4c6a16c4-95d2-4ef7-9fc0-4f57ccbd9967@group-5FF82F29B6C0-LeaderElection74: begin an election at term 68 for -1: [4c6a16c4-95d2-4ef7-9fc0-4f57ccbd9967:192.168.5.131:39112, 742c26a8-c271-430a-a05a-c8bba3fa6d96:192.168.5.131:42235, a910346c-1ee2-4cdc-a6d8-644a3a4f0b7f:192.168.5.131:38193], old=null
2019-10-15 03:19:13,951 [grpc-default-executor-5] INFO  impl.RaftServerImpl (RaftServerImpl.java:setRole(184)) - 742c26a8-c271-430a-a05a-c8bba3fa6d96@group-5FF82F29B6C0: changes role from  FOLLOWER to FOLLOWER at term 68 for recognizeCandidate:4c6a16c4-95d2-4ef7-9fc0-4f57ccbd9967
2019-10-15 03:19:13,951 [grpc-default-executor-4] INFO  impl.RaftServerImpl (RaftServerImpl.java:setRole(184)) - a910346c-1ee2-4cdc-a6d8-644a3a4f0b7f@group-5FF82F29B6C0: changes role from  FOLLOWER to FOLLOWER at term 68 for recognizeCandidate:4c6a16c4-95d2-4ef7-9fc0-4f57ccbd9967
2019-10-15 03:19:13,952 [grpc-default-executor-5] INFO  impl.RoleInfo (RoleInfo.java:shutdownFollowerState(121)) - 742c26a8-c271-430a-a05a-c8bba3fa6d96: shutdown FollowerState
2019-10-15 03:19:13,952 [grpc-default-executor-4] INFO  impl.RoleInfo (RoleInfo.java:shutdownFollowerState(121)) - a910346c-1ee2-4cdc-a6d8-644a3a4f0b7f: shutdown FollowerState
2019-10-15 03:19:13,952 [Thread-779] INFO  impl.FollowerState (FollowerState.java:run(117)) - 742c26a8-c271-430a-a05a-c8bba3fa6d96@group-5FF82F29B6C0-FollowerState was interrupted: java.lang.InterruptedException: sleep interrupted
2019-10-15 03:19:13,952 [grpc-default-executor-5] INFO  impl.RoleInfo (RoleInfo.java:updateAndGet(143)) - 742c26a8-c271-430a-a05a-c8bba3fa6d96: start FollowerState
2019-10-15 03:19:13,952 [Thread-780] INFO  impl.FollowerState (FollowerState.java:run(117)) - a910346c-1ee2-4cdc-a6d8-644a3a4f0b7f@group-5FF82F29B6C0-FollowerState was interrupted: java.lang.InterruptedException: sleep interrupted
2019-10-15 03:19:13,952 [grpc-default-executor-4] INFO  impl.RoleInfo (RoleInfo.java:updateAndGet(143)) - a910346c-1ee2-4cdc-a6d8-644a3a4f0b7f: start FollowerState
2019-10-15 03:19:13,979 [4c6a16c4-95d2-4ef7-9fc0-4f57ccbd9967@group-5FF82F29B6C0-LeaderElection74] INFO  impl.LeaderElection (LeaderElection.java:logAndReturn(56)) - 4c6a16c4-95d2-4ef7-9fc0-4f57ccbd9967@group-5FF82F29B6C0-LeaderElection74: Election REJECTED; received 2 response(s) [4c6a16c4-95d2-4ef7-9fc0-4f57ccbd9967<-742c26a8-c271-430a-a05a-c8bba3fa6d96#0:FAIL-t68, 4c6a16c4-95d2-4ef7-9fc0-4f57ccbd9967<-a910346c-1ee2-4cdc-a6d8-644a3a4f0b7f#0:FAIL-t68] and 0 exception(s); 4c6a16c4-95d2-4ef7-9fc0-4f57ccbd9967@group-5FF82F29B6C0:t68, leader=null, voted=4c6a16c4-95d2-4ef7-9fc0-4f57ccbd9967, raftlog=4c6a16c4-95d2-4ef7-9fc0-4f57ccbd9967@group-5FF82F29B6C0-SegmentedRaftLog:OPENED:c-1,f-1,i0, conf=-1: [4c6a16c4-95d2-4ef7-9fc0-4f57ccbd9967:192.168.5.131:39112, 742c26a8-c271-430a-a05a-c8bba3fa6d96:192.168.5.131:42235, a910346c-1ee2-4cdc-a6d8-644a3a4f0b7f:192.168.5.131:38193], old=null
2019-10-15 03:19:13,979 [4c6a16c4-95d2-4ef7-9fc0-4f57ccbd9967@group-5FF82F29B6C0-LeaderElection74] INFO  impl.RaftServerImpl (RaftServerImpl.java:setRole(184)) - 4c6a16c4-95d2-4ef7-9fc0-4f57ccbd9967@group-5FF82F29B6C0: changes role from CANDIDATE to FOLLOWER at term 68 for DISCOVERED_A_NEW_TERM
2019-10-15 03:19:13,979 [4c6a16c4-95d2-4ef7-9fc0-4f57ccbd9967@group-5FF82F29B6C0-LeaderElection74] INFO  impl.RoleInfo (RoleInfo.java:shutdownLeaderElection(134)) - 4c6a16c4-95d2-4ef7-9fc0-4f57ccbd9967: shutdown LeaderElection
2019-10-15 03:19:13,979 [4c6a16c4-95d2-4ef7-9fc0-4f57ccbd9967@group-5FF82F29B6C0-LeaderElection74] INFO  impl.RoleInfo (RoleInfo.java:updateAndGet(143)) - 4c6a16c4-95d2-4ef7-9fc0-4f57ccbd9967: start FollowerState
2019-10-15 03:19:14,068 [Thread-789] INFO  impl.FollowerState (FollowerState.java:run(108)) - 4c6a16c4-95d2-4ef7-9fc0-4f57ccbd9967@group-5FF82F29B6C0-FollowerState: change to CANDIDATE, lastRpcTime:88ms, electionTimeout:88ms
2019-10-15 03:19:14,068 [Thread-789] INFO  impl.RoleInfo (RoleInfo.java:shutdownFollowerState(121)) - 4c6a16c4-95d2-4ef7-9fc0-4f57ccbd9967: shutdown FollowerState
2019-10-15 03:19:14,068 [Thread-789] INFO  impl.RaftServerImpl (RaftServerImpl.java:setRole(184)) - 4c6a16c4-95d2-4ef7-9fc0-4f57ccbd9967@group-5FF82F29B6C0: changes role from  FOLLOWER to CANDIDATE at term 68 for changeToCandidate
2019-10-15 03:19:14,069 [Thread-789] INFO  impl.RoleInfo (RoleInfo.java:updateAndGet(143)) - 4c6a16c4-95d2-4ef7-9fc0-4f57ccbd9967: start LeaderElection
2019-10-15 03:19:14,082 [4c6a16c4-95d2-4ef7-9fc0-4f57ccbd9967@group-5FF82F29B6C0-LeaderElection75] INFO  impl.LeaderElection (LeaderElection.java:askForVotes(178)) - 4c6a16c4-95d2-4ef7-9fc0-4f57ccbd9967@group-5FF82F29B6C0-LeaderElection75: begin an election at term 69 for -1: [4c6a16c4-95d2-4ef7-9fc0-4f57ccbd9967:192.168.5.131:39112, 742c26a8-c271-430a-a05a-c8bba3fa6d96:192.168.5.131:42235, a910346c-1ee2-4cdc-a6d8-644a3a4f0b7f:192.168.5.131:38193], old=null
2019-10-15 03:19:14,085 [grpc-default-executor-5] INFO  impl.RaftServerImpl (RaftServerImpl.java:setRole(184)) - a910346c-1ee2-4cdc-a6d8-644a3a4f0b7f@group-5FF82F29B6C0: changes role from  FOLLOWER to FOLLOWER at term 69 for recognizeCandidate:4c6a16c4-95d2-4ef7-9fc0-4f57ccbd9967
2019-10-15 03:19:14,085 [grpc-default-executor-4] INFO  impl.RaftServerImpl (RaftServerImpl.java:setRole(184)) - 742c26a8-c271-430a-a05a-c8bba3fa6d96@group-5FF82F29B6C0: changes role from  FOLLOWER to FOLLOWER at term 69 for recognizeCandidate:4c6a16c4-95d2-4ef7-9fc0-4f57ccbd9967
2019-10-15 03:19:14,085 [grpc-default-executor-5] INFO  impl.RoleInfo (RoleInfo.java:shutdownFollowerState(121)) - a910346c-1ee2-4cdc-a6d8-644a3a4f0b7f: shutdown FollowerState
2019-10-15 03:19:14,085 [grpc-default-executor-4] INFO  impl.RoleInfo (RoleInfo.java:shutdownFollowerState(121)) - 742c26a8-c271-430a-a05a-c8bba3fa6d96: shutdown FollowerState
2019-10-15 03:19:14,085 [grpc-default-executor-5] INFO  impl.RoleInfo (RoleInfo.java:updateAndGet(143)) - a910346c-1ee2-4cdc-a6d8-644a3a4f0b7f: start FollowerState
2019-10-15 03:19:14,085 [Thread-787] INFO  impl.FollowerState (FollowerState.java:run(117)) - 742c26a8-c271-430a-a05a-c8bba3fa6d96@group-5FF82F29B6C0-FollowerState was interrupted: java.lang.InterruptedException: sleep interrupted
2019-10-15 03:19:14,085 [Thread-788] INFO  impl.FollowerState (FollowerState.java:run(117)) - a910346c-1ee2-4cdc-a6d8-644a3a4f0b7f@group-5FF82F29B6C0-FollowerState was interrupted: java.lang.InterruptedException: sleep interrupted
2019-10-15 03:19:14,085 [grpc-default-executor-4] INFO  impl.RoleInfo (RoleInfo.java:updateAndGet(143)) - 742c26a8-c271-430a-a05a-c8bba3fa6d96: start FollowerState
2019-10-15 03:19:14,101 [4c6a16c4-95d2-4ef7-9fc0-4f57ccbd9967@group-5FF82F29B6C0-LeaderElection75] INFO  impl.LeaderElection (LeaderElection.java:logAndReturn(56)) - 4c6a16c4-95d2-4ef7-9fc0-4f57ccbd9967@group-5FF82F29B6C0-LeaderElection75: Election REJECTED; received 2 response(s) [4c6a16c4-95d2-4ef7-9fc0-4f57ccbd9967<-742c26a8-c271-430a-a05a-c8bba3fa6d96#0:FAIL-t69, 4c6a16c4-95d2-4ef7-9fc0-4f57ccbd9967<-a910346c-1ee2-4cdc-a6d8-644a3a4f0b7f#0:FAIL-t69] and 0 exception(s); 4c6a16c4-95d2-4ef7-9fc0-4f57ccbd9967@group-5FF82F29B6C0:t69, leader=null, voted=4c6a16c4-95d2-4ef7-9fc0-4f57ccbd9967, raftlog=4c6a16c4-95d2-4ef7-9fc0-4f57ccbd9967@group-5FF82F29B6C0-SegmentedRaftLog:OPENED:c-1,f-1,i0, conf=-1: [4c6a16c4-95d2-4ef7-9fc0-4f57ccbd9967:192.168.5.131:39112, 742c26a8-c271-430a-a05a-c8bba3fa6d96:192.168.5.131:42235, a910346c-1ee2-4cdc-a6d8-644a3a4f0b7f:192.168.5.131:38193], old=null
2019-10-15 03:19:14,101 [4c6a16c4-95d2-4ef7-9fc0-4f57ccbd9967@group-5FF82F29B6C0-LeaderElection75] INFO  impl.RaftServerImpl (RaftServerImpl.java:setRole(184)) - 4c6a16c4-95d2-4ef7-9fc0-4f57ccbd9967@group-5FF82F29B6C0: changes role from CANDIDATE to FOLLOWER at term 69 for DISCOVERED_A_NEW_TERM
2019-10-15 03:19:14,101 [4c6a16c4-95d2-4ef7-9fc0-4f57ccbd9967@group-5FF82F29B6C0-LeaderElection75] INFO  impl.RoleInfo (RoleInfo.java:shutdownLeaderElection(134)) - 4c6a16c4-95d2-4ef7-9fc0-4f57ccbd9967: shutdown LeaderElection
2019-10-15 03:19:14,101 [4c6a16c4-95d2-4ef7-9fc0-4f57ccbd9967@group-5FF82F29B6C0-LeaderElection75] INFO  impl.RoleInfo (RoleInfo.java:updateAndGet(143)) - 4c6a16c4-95d2-4ef7-9fc0-4f57ccbd9967: start FollowerState
2019-10-15 03:19:14,233 [Thread-795] INFO  impl.FollowerState (FollowerState.java:run(108)) - 4c6a16c4-95d2-4ef7-9fc0-4f57ccbd9967@group-5FF82F29B6C0-FollowerState: change to CANDIDATE, lastRpcTime:131ms, electionTimeout:131ms
2019-10-15 03:19:14,233 [Thread-795] INFO  impl.RoleInfo (RoleInfo.java:shutdownFollowerState(121)) - 4c6a16c4-95d2-4ef7-9fc0-4f57ccbd9967: shutdown FollowerState
2019-10-15 03:19:14,233 [Thread-795] INFO  impl.RaftServerImpl (RaftServerImpl.java:setRole(184)) - 4c6a16c4-95d2-4ef7-9fc0-4f57ccbd9967@group-5FF82F29B6C0: changes role from  FOLLOWER to CANDIDATE at term 69 for changeToCandidate
2019-10-15 03:19:14,233 [Thread-795] INFO  impl.RoleInfo (RoleInfo.java:updateAndGet(143)) - 4c6a16c4-95d2-4ef7-9fc0-4f57ccbd9967: start LeaderElection
2019-10-15 03:19:14,249 [4c6a16c4-95d2-4ef7-9fc0-4f57ccbd9967@group-5FF82F29B6C0-LeaderElection76] INFO  impl.LeaderElection (LeaderElection.java:askForVotes(178)) - 4c6a16c4-95d2-4ef7-9fc0-4f57ccbd9967@group-5FF82F29B6C0-LeaderElection76: begin an election at term 70 for -1: [4c6a16c4-95d2-4ef7-9fc0-4f57ccbd9967:192.168.5.131:39112, 742c26a8-c271-430a-a05a-c8bba3fa6d96:192.168.5.131:42235, a910346c-1ee2-4cdc-a6d8-644a3a4f0b7f:192.168.5.131:38193], old=null
2019-10-15 03:19:14,259 [grpc-default-executor-3] INFO  impl.RaftServerImpl (RaftServerImpl.java:setRole(184)) - a910346c-1ee2-4cdc-a6d8-644a3a4f0b7f@group-5FF82F29B6C0: changes role from  FOLLOWER to FOLLOWER at term 70 for recognizeCandidate:4c6a16c4-95d2-4ef7-9fc0-4f57ccbd9967
2019-10-15 03:19:14,259 [grpc-default-executor-3] INFO  impl.RoleInfo (RoleInfo.java:shutdownFollowerState(121)) - a910346c-1ee2-4cdc-a6d8-644a3a4f0b7f: shutdown FollowerState
2019-10-15 03:19:14,259 [grpc-default-executor-3] INFO  impl.RoleInfo (RoleInfo.java:updateAndGet(143)) - a910346c-1ee2-4cdc-a6d8-644a3a4f0b7f: start FollowerState
2019-10-15 03:19:14,259 [grpc-default-executor-4] INFO  impl.RaftServerImpl (RaftServerImpl.java:setRole(184)) - 742c26a8-c271-430a-a05a-c8bba3fa6d96@group-5FF82F29B6C0: changes role from  FOLLOWER to FOLLOWER at term 70 for recognizeCandidate:4c6a16c4-95d2-4ef7-9fc0-4f57ccbd9967
2019-10-15 03:19:14,261 [grpc-default-executor-4] INFO  impl.RoleInfo (RoleInfo.java:shutdownFollowerState(121)) - 742c26a8-c271-430a-a05a-c8bba3fa6d96: shutdown FollowerState
2019-10-15 03:19:14,259 [Thread-793] INFO  impl.FollowerState (FollowerState.java:run(117)) - a910346c-1ee2-4cdc-a6d8-644a3a4f0b7f@group-5FF82F29B6C0-FollowerState was interrupted: java.lang.InterruptedException: sleep interrupted
2019-10-15 03:19:14,261 [Thread-794] INFO  impl.FollowerState (FollowerState.java:run(117)) - 742c26a8-c271-430a-a05a-c8bba3fa6d96@group-5FF82F29B6C0-FollowerState was interrupted: java.lang.InterruptedException: sleep interrupted
2019-10-15 03:19:14,261 [grpc-default-executor-4] INFO  impl.RoleInfo (RoleInfo.java:updateAndGet(143)) - 742c26a8-c271-430a-a05a-c8bba3fa6d96: start FollowerState
2019-10-15 03:19:14,264 [4c6a16c4-95d2-4ef7-9fc0-4f57ccbd9967@group-5FF82F29B6C0-LeaderElection76] INFO  impl.LeaderElection (LeaderElection.java:logAndReturn(56)) - 4c6a16c4-95d2-4ef7-9fc0-4f57ccbd9967@group-5FF82F29B6C0-LeaderElection76: Election TIMEOUT; received 0 response(s) [] and 0 exception(s); 4c6a16c4-95d2-4ef7-9fc0-4f57ccbd9967@group-5FF82F29B6C0:t70, leader=null, voted=4c6a16c4-95d2-4ef7-9fc0-4f57ccbd9967, raftlog=4c6a16c4-95d2-4ef7-9fc0-4f57ccbd9967@group-5FF82F29B6C0-SegmentedRaftLog:OPENED:c-1,f-1,i0, conf=-1: [4c6a16c4-95d2-4ef7-9fc0-4f57ccbd9967:192.168.5.131:39112, 742c26a8-c271-430a-a05a-c8bba3fa6d96:192.168.5.131:42235, a910346c-1ee2-4cdc-a6d8-644a3a4f0b7f:192.168.5.131:38193], old=null
2019-10-15 03:19:14,286 [4c6a16c4-95d2-4ef7-9fc0-4f57ccbd9967@group-5FF82F29B6C0-LeaderElection76] INFO  impl.LeaderElection (LeaderElection.java:askForVotes(178)) - 4c6a16c4-95d2-4ef7-9fc0-4f57ccbd9967@group-5FF82F29B6C0-LeaderElection76: begin an election at term 71 for -1: [4c6a16c4-95d2-4ef7-9fc0-4f57ccbd9967:192.168.5.131:39112, 742c26a8-c271-430a-a05a-c8bba3fa6d96:192.168.5.131:42235, a910346c-1ee2-4cdc-a6d8-644a3a4f0b7f:192.168.5.131:38193], old=null
2019-10-15 03:19:14,288 [grpc-default-executor-3] INFO  impl.RaftServerImpl (RaftServerImpl.java:setRole(184)) - a910346c-1ee2-4cdc-a6d8-644a3a4f0b7f@group-5FF82F29B6C0: changes role from  FOLLOWER to FOLLOWER at term 71 for recognizeCandidate:4c6a16c4-95d2-4ef7-9fc0-4f57ccbd9967
2019-10-15 03:19:14,288 [grpc-default-executor-4] INFO  impl.RaftServerImpl (RaftServerImpl.java:setRole(184)) - 742c26a8-c271-430a-a05a-c8bba3fa6d96@group-5FF82F29B6C0: changes role from  FOLLOWER to FOLLOWER at term 71 for recognizeCandidate:4c6a16c4-95d2-4ef7-9fc0-4f57ccbd9967
2019-10-15 03:19:14,288 [grpc-default-executor-3] INFO  impl.RoleInfo (RoleInfo.java:shutdownFollowerState(121)) - a910346c-1ee2-4cdc-a6d8-644a3a4f0b7f: shutdown FollowerState
2019-10-15 03:19:14,288 [grpc-default-executor-4] INFO  impl.RoleInfo (RoleInfo.java:shutdownFollowerState(121)) - 742c26a8-c271-430a-a05a-c8bba3fa6d96: shutdown FollowerState
2019-10-15 03:19:14,289 [Thread-801] INFO  impl.FollowerState (FollowerState.java:run(117)) - a910346c-1ee2-4cdc-a6d8-644a3a4f0b7f@group-5FF82F29B6C0-FollowerState was interrupted: java.lang.InterruptedException: sleep interrupted
2019-10-15 03:19:14,289 [grpc-default-executor-3] INFO  impl.RoleInfo (RoleInfo.java:updateAndGet(143)) - a910346c-1ee2-4cdc-a6d8-644a3a4f0b7f: start FollowerState
2019-10-15 03:19:14,289 [Thread-802] INFO  impl.FollowerState (FollowerState.java:run(117)) - 742c26a8-c271-430a-a05a-c8bba3fa6d96@group-5FF82F29B6C0-FollowerState was interrupted: java.lang.InterruptedException: sleep interrupted
2019-10-15 03:19:14,289 [grpc-default-executor-4] INFO  impl.RoleInfo (RoleInfo.java:updateAndGet(143)) - 742c26a8-c271-430a-a05a-c8bba3fa6d96: start FollowerState
2019-10-15 03:19:14,315 [4c6a16c4-95d2-4ef7-9fc0-4f57ccbd9967@group-5FF82F29B6C0-LeaderElection76] INFO  impl.LeaderElection (LeaderElection.java:logAndReturn(56)) - 4c6a16c4-95d2-4ef7-9fc0-4f57ccbd9967@group-5FF82F29B6C0-LeaderElection76: Election REJECTED; received 2 response(s) [4c6a16c4-95d2-4ef7-9fc0-4f57ccbd9967<-742c26a8-c271-430a-a05a-c8bba3fa6d96#0:FAIL-t71, 4c6a16c4-95d2-4ef7-9fc0-4f57ccbd9967<-a910346c-1ee2-4cdc-a6d8-644a3a4f0b7f#0:FAIL-t71] and 0 exception(s); 4c6a16c4-95d2-4ef7-9fc0-4f57ccbd9967@group-5FF82F29B6C0:t71, leader=null, voted=4c6a16c4-95d2-4ef7-9fc0-4f57ccbd9967, raftlog=4c6a16c4-95d2-4ef7-9fc0-4f57ccbd9967@group-5FF82F29B6C0-SegmentedRaftLog:OPENED:c-1,f-1,i0, conf=-1: [4c6a16c4-95d2-4ef7-9fc0-4f57ccbd9967:192.168.5.131:39112, 742c26a8-c271-430a-a05a-c8bba3fa6d96:192.168.5.131:42235, a910346c-1ee2-4cdc-a6d8-644a3a4f0b7f:192.168.5.131:38193], old=null
2019-10-15 03:19:14,315 [4c6a16c4-95d2-4ef7-9fc0-4f57ccbd9967@group-5FF82F29B6C0-LeaderElection76] INFO  impl.RaftServerImpl (RaftServerImpl.java:setRole(184)) - 4c6a16c4-95d2-4ef7-9fc0-4f57ccbd9967@group-5FF82F29B6C0: changes role from CANDIDATE to FOLLOWER at term 71 for DISCOVERED_A_NEW_TERM
2019-10-15 03:19:14,315 [4c6a16c4-95d2-4ef7-9fc0-4f57ccbd9967@group-5FF82F29B6C0-LeaderElection76] INFO  impl.RoleInfo (RoleInfo.java:shutdownLeaderElection(134)) - 4c6a16c4-95d2-4ef7-9fc0-4f57ccbd9967: shutdown LeaderElection
2019-10-15 03:19:14,315 [4c6a16c4-95d2-4ef7-9fc0-4f57ccbd9967@group-5FF82F29B6C0-LeaderElection76] INFO  impl.RoleInfo (RoleInfo.java:updateAndGet(143)) - 4c6a16c4-95d2-4ef7-9fc0-4f57ccbd9967: start FollowerState
2019-10-15 03:19:14,479 [Thread-807] INFO  impl.FollowerState (FollowerState.java:run(108)) - 4c6a16c4-95d2-4ef7-9fc0-4f57ccbd9967@group-5FF82F29B6C0-FollowerState: change to CANDIDATE, lastRpcTime:164ms, electionTimeout:164ms
2019-10-15 03:19:14,480 [Thread-807] INFO  impl.RoleInfo (RoleInfo.java:shutdownFollowerState(121)) - 4c6a16c4-95d2-4ef7-9fc0-4f57ccbd9967: shutdown FollowerState
2019-10-15 03:19:14,480 [Thread-807] INFO  impl.RaftServerImpl (RaftServerImpl.java:setRole(184)) - 4c6a16c4-95d2-4ef7-9fc0-4f57ccbd9967@group-5FF82F29B6C0: changes role from  FOLLOWER to CANDIDATE at term 71 for changeToCandidate
2019-10-15 03:19:14,480 [Thread-807] INFO  impl.RoleInfo (RoleInfo.java:updateAndGet(143)) - 4c6a16c4-95d2-4ef7-9fc0-4f57ccbd9967: start LeaderElection
2019-10-15 03:19:14,494 [4c6a16c4-95d2-4ef7-9fc0-4f57ccbd9967@group-5FF82F29B6C0-LeaderElection77] INFO  impl.LeaderElection (LeaderElection.java:askForVotes(178)) - 4c6a16c4-95d2-4ef7-9fc0-4f57ccbd9967@group-5FF82F29B6C0-LeaderElection77: begin an election at term 72 for -1: [4c6a16c4-95d2-4ef7-9fc0-4f57ccbd9967:192.168.5.131:39112, 742c26a8-c271-430a-a05a-c8bba3fa6d96:192.168.5.131:42235, a910346c-1ee2-4cdc-a6d8-644a3a4f0b7f:192.168.5.131:38193], old=null
2019-10-15 03:19:14,498 [grpc-default-executor-4] INFO  impl.RaftServerImpl (RaftServerImpl.java:setRole(184)) - a910346c-1ee2-4cdc-a6d8-644a3a4f0b7f@group-5FF82F29B6C0: changes role from  FOLLOWER to FOLLOWER at term 72 for recognizeCandidate:4c6a16c4-95d2-4ef7-9fc0-4f57ccbd9967
2019-10-15 03:19:14,498 [grpc-default-executor-3] INFO  impl.RaftServerImpl (RaftServerImpl.java:setRole(184)) - 742c26a8-c271-430a-a05a-c8bba3fa6d96@group-5FF82F29B6C0: changes role from  FOLLOWER to FOLLOWER at term 72 for recognizeCandidate:4c6a16c4-95d2-4ef7-9fc0-4f57ccbd9967
2019-10-15 03:19:14,498 [grpc-default-executor-4] INFO  impl.RoleInfo (RoleInfo.java:shutdownFollowerState(121)) - a910346c-1ee2-4cdc-a6d8-644a3a4f0b7f: shutdown FollowerState
2019-10-15 03:19:14,498 [grpc-default-executor-3] INFO  impl.RoleInfo (RoleInfo.java:shutdownFollowerState(121)) - 742c26a8-c271-430a-a05a-c8bba3fa6d96: shutdown FollowerState
2019-10-15 03:19:14,498 [Thread-805] INFO  impl.FollowerState (FollowerState.java:run(117)) - a910346c-1ee2-4cdc-a6d8-644a3a4f0b7f@group-5FF82F29B6C0-FollowerState was interrupted: java.lang.InterruptedException: sleep interrupted
2019-10-15 03:19:14,498 [grpc-default-executor-4] INFO  impl.RoleInfo (RoleInfo.java:updateAndGet(143)) - a910346c-1ee2-4cdc-a6d8-644a3a4f0b7f: start FollowerState
2019-10-15 03:19:14,499 [Thread-806] INFO  impl.FollowerState (FollowerState.java:run(117)) - 742c26a8-c271-430a-a05a-c8bba3fa6d96@group-5FF82F29B6C0-FollowerState was interrupted: java.lang.InterruptedException: sleep interrupted
2019-10-15 03:19:14,498 [grpc-default-executor-3] INFO  impl.RoleInfo (RoleInfo.java:updateAndGet(143)) - 742c26a8-c271-430a-a05a-c8bba3fa6d96: start FollowerState
2019-10-15 03:19:14,515 [4c6a16c4-95d2-4ef7-9fc0-4f57ccbd9967@group-5FF82F29B6C0-LeaderElection77] INFO  impl.LeaderElection (LeaderElection.java:logAndReturn(56)) - 4c6a16c4-95d2-4ef7-9fc0-4f57ccbd9967@group-5FF82F29B6C0-LeaderElection77: Election REJECTED; received 2 response(s) [4c6a16c4-95d2-4ef7-9fc0-4f57ccbd9967<-742c26a8-c271-430a-a05a-c8bba3fa6d96#0:FAIL-t72, 4c6a16c4-95d2-4ef7-9fc0-4f57ccbd9967<-a910346c-1ee2-4cdc-a6d8-644a3a4f0b7f#0:FAIL-t72] and 0 exception(s); 4c6a16c4-95d2-4ef7-9fc0-4f57ccbd9967@group-5FF82F29B6C0:t72, leader=null, voted=4c6a16c4-95d2-4ef7-9fc0-4f57ccbd9967, raftlog=4c6a16c4-95d2-4ef7-9fc0-4f57ccbd9967@group-5FF82F29B6C0-SegmentedRaftLog:OPENED:c-1,f-1,i0, conf=-1: [4c6a16c4-95d2-4ef7-9fc0-4f57ccbd9967:192.168.5.131:39112, 742c26a8-c271-430a-a05a-c8bba3fa6d96:192.168.5.131:42235, a910346c-1ee2-4cdc-a6d8-644a3a4f0b7f:192.168.5.131:38193], old=null
2019-10-15 03:19:14,515 [4c6a16c4-95d2-4ef7-9fc0-4f57ccbd9967@group-5FF82F29B6C0-LeaderElection77] INFO  impl.RaftServerImpl (RaftServerImpl.java:setRole(184)) - 4c6a16c4-95d2-4ef7-9fc0-4f57ccbd9967@group-5FF82F29B6C0: changes role from CANDIDATE to FOLLOWER at term 72 for DISCOVERED_A_NEW_TERM
2019-10-15 03:19:14,516 [4c6a16c4-95d2-4ef7-9fc0-4f57ccbd9967@group-5FF82F29B6C0-LeaderElection77] INFO  impl.RoleInfo (RoleInfo.java:shutdownLeaderElection(134)) - 4c6a16c4-95d2-4ef7-9fc0-4f57ccbd9967: shutdown LeaderElection
2019-10-15 03:19:14,516 [4c6a16c4-95d2-4ef7-9fc0-4f57ccbd9967@group-5FF82F29B6C0-LeaderElection77] INFO  impl.RoleInfo (RoleInfo.java:updateAndGet(143)) - 4c6a16c4-95d2-4ef7-9fc0-4f57ccbd9967: start FollowerState
2019-10-15 03:19:14,550 [Thread-815] INFO  impl.FollowerState (FollowerState.java:run(108)) - 4c6a16c4-95d2-4ef7-9fc0-4f57ccbd9967@group-5FF82F29B6C0-FollowerState: change to CANDIDATE, lastRpcTime:34ms, electionTimeout:34ms
2019-10-15 03:19:14,550 [Thread-815] INFO  impl.RoleInfo (RoleInfo.java:shutdownFollowerState(121)) - 4c6a16c4-95d2-4ef7-9fc0-4f57ccbd9967: shutdown FollowerState
2019-10-15 03:19:14,550 [Thread-815] INFO  impl.RaftServerImpl (RaftServerImpl.java:setRole(184)) - 4c6a16c4-95d2-4ef7-9fc0-4f57ccbd9967@group-5FF82F29B6C0: changes role from  FOLLOWER to CANDIDATE at term 72 for changeToCandidate
2019-10-15 03:19:14,551 [Thread-815] INFO  impl.RoleInfo (RoleInfo.java:updateAndGet(143)) - 4c6a16c4-95d2-4ef7-9fc0-4f57ccbd9967: start LeaderElection
2019-10-15 03:19:14,564 [4c6a16c4-95d2-4ef7-9fc0-4f57ccbd9967@group-5FF82F29B6C0-LeaderElection78] INFO  impl.LeaderElection (LeaderElection.java:askForVotes(178)) - 4c6a16c4-95d2-4ef7-9fc0-4f57ccbd9967@group-5FF82F29B6C0-LeaderElection78: begin an election at term 73 for -1: [4c6a16c4-95d2-4ef7-9fc0-4f57ccbd9967:192.168.5.131:39112, 742c26a8-c271-430a-a05a-c8bba3fa6d96:192.168.5.131:42235, a910346c-1ee2-4cdc-a6d8-644a3a4f0b7f:192.168.5.131:38193], old=null
2019-10-15 03:19:14,567 [grpc-default-executor-4] INFO  impl.RaftServerImpl (RaftServerImpl.java:setRole(184)) - a910346c-1ee2-4cdc-a6d8-644a3a4f0b7f@group-5FF82F29B6C0: changes role from  FOLLOWER to FOLLOWER at term 73 for recognizeCandidate:4c6a16c4-95d2-4ef7-9fc0-4f57ccbd9967
2019-10-15 03:19:14,567 [grpc-default-executor-3] INFO  impl.RaftServerImpl (RaftServerImpl.java:setRole(184)) - 742c26a8-c271-430a-a05a-c8bba3fa6d96@group-5FF82F29B6C0: changes role from  FOLLOWER to FOLLOWER at term 73 for recognizeCandidate:4c6a16c4-95d2-4ef7-9fc0-4f57ccbd9967
2019-10-15 03:19:14,568 [grpc-default-executor-3] INFO  impl.RoleInfo (RoleInfo.java:shutdownFollowerState(121)) - 742c26a8-c271-430a-a05a-c8bba3fa6d96: shutdown FollowerState
2019-10-15 03:19:14,568 [grpc-default-executor-4] INFO  impl.RoleInfo (RoleInfo.java:shutdownFollowerState(121)) - a910346c-1ee2-4cdc-a6d8-644a3a4f0b7f: shutdown FollowerState
2019-10-15 03:19:14,568 [Thread-814] INFO  impl.FollowerState (FollowerState.java:run(117)) - 742c26a8-c271-430a-a05a-c8bba3fa6d96@group-5FF82F29B6C0-FollowerState was interrupted: java.lang.InterruptedException: sleep interrupted
2019-10-15 03:19:14,568 [grpc-default-executor-3] INFO  impl.RoleInfo (RoleInfo.java:updateAndGet(143)) - 742c26a8-c271-430a-a05a-c8bba3fa6d96: start FollowerState
2019-10-15 03:19:14,569 [Thread-813] INFO  impl.FollowerState (FollowerState.java:run(117)) - a910346c-1ee2-4cdc-a6d8-644a3a4f0b7f@group-5FF82F29B6C0-FollowerState was interrupted: java.lang.InterruptedException: sleep interrupted
2019-10-15 03:19:14,569 [grpc-default-executor-4] INFO  impl.RoleInfo (RoleInfo.java:updateAndGet(143)) - a910346c-1ee2-4cdc-a6d8-644a3a4f0b7f: start FollowerState
2019-10-15 03:19:14,588 [4c6a16c4-95d2-4ef7-9fc0-4f57ccbd9967@group-5FF82F29B6C0-LeaderElection78] INFO  impl.LeaderElection (LeaderElection.java:logAndReturn(56)) - 4c6a16c4-95d2-4ef7-9fc0-4f57ccbd9967@group-5FF82F29B6C0-LeaderElection78: Election REJECTED; received 2 response(s) [4c6a16c4-95d2-4ef7-9fc0-4f57ccbd9967<-742c26a8-c271-430a-a05a-c8bba3fa6d96#0:FAIL-t73, 4c6a16c4-95d2-4ef7-9fc0-4f57ccbd9967<-a910346c-1ee2-4cdc-a6d8-644a3a4f0b7f#0:FAIL-t73] and 0 exception(s); 4c6a16c4-95d2-4ef7-9fc0-4f57ccbd9967@group-5FF82F29B6C0:t73, leader=null, voted=4c6a16c4-95d2-4ef7-9fc0-4f57ccbd9967, raftlog=4c6a16c4-95d2-4ef7-9fc0-4f57ccbd9967@group-5FF82F29B6C0-SegmentedRaftLog:OPENED:c-1,f-1,i0, conf=-1: [4c6a16c4-95d2-4ef7-9fc0-4f57ccbd9967:192.168.5.131:39112, 742c26a8-c271-430a-a05a-c8bba3fa6d96:192.168.5.131:42235, a910346c-1ee2-4cdc-a6d8-644a3a4f0b7f:192.168.5.131:38193], old=null
2019-10-15 03:19:14,589 [4c6a16c4-95d2-4ef7-9fc0-4f57ccbd9967@group-5FF82F29B6C0-LeaderElection78] INFO  impl.RaftServerImpl (RaftServerImpl.java:setRole(184)) - 4c6a16c4-95d2-4ef7-9fc0-4f57ccbd9967@group-5FF82F29B6C0: changes role from CANDIDATE to FOLLOWER at term 73 for DISCOVERED_A_NEW_TERM
2019-10-15 03:19:14,589 [4c6a16c4-95d2-4ef7-9fc0-4f57ccbd9967@group-5FF82F29B6C0-LeaderElection78] INFO  impl.RoleInfo (RoleInfo.java:shutdownLeaderElection(134)) - 4c6a16c4-95d2-4ef7-9fc0-4f57ccbd9967: shutdown LeaderElection
2019-10-15 03:19:14,589 [4c6a16c4-95d2-4ef7-9fc0-4f57ccbd9967@group-5FF82F29B6C0-LeaderElection78] INFO  impl.RoleInfo (RoleInfo.java:updateAndGet(143)) - 4c6a16c4-95d2-4ef7-9fc0-4f57ccbd9967: start FollowerState
2019-10-15 03:19:14,733 [Thread-821] INFO  impl.FollowerState (FollowerState.java:run(108)) - 4c6a16c4-95d2-4ef7-9fc0-4f57ccbd9967@group-5FF82F29B6C0-FollowerState: change to CANDIDATE, lastRpcTime:144ms, electionTimeout:144ms
2019-10-15 03:19:14,734 [Thread-821] INFO  impl.RoleInfo (RoleInfo.java:shutdownFollowerState(121)) - 4c6a16c4-95d2-4ef7-9fc0-4f57ccbd9967: shutdown FollowerState
2019-10-15 03:19:14,734 [Thread-821] INFO  impl.RaftServerImpl (RaftServerImpl.java:setRole(184)) - 4c6a16c4-95d2-4ef7-9fc0-4f57ccbd9967@group-5FF82F29B6C0: changes role from  FOLLOWER to CANDIDATE at term 73 for changeToCandidate
2019-10-15 03:19:14,734 [Thread-821] INFO  impl.RoleInfo (RoleInfo.java:updateAndGet(143)) - 4c6a16c4-95d2-4ef7-9fc0-4f57ccbd9967: start LeaderElection
2019-10-15 03:19:14,749 [4c6a16c4-95d2-4ef7-9fc0-4f57ccbd9967@group-5FF82F29B6C0-LeaderElection79] INFO  impl.LeaderElection (LeaderElection.java:askForVotes(178)) - 4c6a16c4-95d2-4ef7-9fc0-4f57ccbd9967@group-5FF82F29B6C0-LeaderElection79: begin an election at term 74 for -1: [4c6a16c4-95d2-4ef7-9fc0-4f57ccbd9967:192.168.5.131:39112, 742c26a8-c271-430a-a05a-c8bba3fa6d96:192.168.5.131:42235, a910346c-1ee2-4cdc-a6d8-644a3a4f0b7f:192.168.5.131:38193], old=null
2019-10-15 03:19:14,757 [grpc-default-executor-4] INFO  impl.RaftServerImpl (RaftServerImpl.java:setRole(184)) - a910346c-1ee2-4cdc-a6d8-644a3a4f0b7f@group-5FF82F29B6C0: changes role from  FOLLOWER to FOLLOWER at term 74 for recognizeCandidate:4c6a16c4-95d2-4ef7-9fc0-4f57ccbd9967
2019-10-15 03:19:14,757 [grpc-default-executor-3] INFO  impl.RaftServerImpl (RaftServerImpl.java:setRole(184)) - 742c26a8-c271-430a-a05a-c8bba3fa6d96@group-5FF82F29B6C0: changes role from  FOLLOWER to FOLLOWER at term 74 for recognizeCandidate:4c6a16c4-95d2-4ef7-9fc0-4f57ccbd9967
2019-10-15 03:19:14,757 [grpc-default-executor-4] INFO  impl.RoleInfo (RoleInfo.java:shutdownFollowerState(121)) - a910346c-1ee2-4cdc-a6d8-644a3a4f0b7f: shutdown FollowerState
2019-10-15 03:19:14,757 [grpc-default-executor-3] INFO  impl.RoleInfo (RoleInfo.java:shutdownFollowerState(121)) - 742c26a8-c271-430a-a05a-c8bba3fa6d96: shutdown FollowerState
2019-10-15 03:19:14,758 [Thread-820] INFO  impl.FollowerState (FollowerState.java:run(117)) - a910346c-1ee2-4cdc-a6d8-644a3a4f0b7f@group-5FF82F29B6C0-FollowerState was interrupted: java.lang.InterruptedException: sleep interrupted
2019-10-15 03:19:14,757 [grpc-default-executor-4] INFO  impl.RoleInfo (RoleInfo.java:updateAndGet(143)) - a910346c-1ee2-4cdc-a6d8-644a3a4f0b7f: start FollowerState
2019-10-15 03:19:14,758 [Thread-819] INFO  impl.FollowerState (FollowerState.java:run(117)) - 742c26a8-c271-430a-a05a-c8bba3fa6d96@group-5FF82F29B6C0-FollowerState was interrupted: java.lang.InterruptedException: sleep interrupted
2019-10-15 03:19:14,758 [grpc-default-executor-3] INFO  impl.RoleInfo (RoleInfo.java:updateAndGet(143)) - 742c26a8-c271-430a-a05a-c8bba3fa6d96: start FollowerState
2019-10-15 03:19:14,790 [4c6a16c4-95d2-4ef7-9fc0-4f57ccbd9967@group-5FF82F29B6C0-LeaderElection79] INFO  impl.LeaderElection (LeaderElection.java:logAndReturn(56)) - 4c6a16c4-95d2-4ef7-9fc0-4f57ccbd9967@group-5FF82F29B6C0-LeaderElection79: Election REJECTED; received 2 response(s) [4c6a16c4-95d2-4ef7-9fc0-4f57ccbd9967<-742c26a8-c271-430a-a05a-c8bba3fa6d96#0:FAIL-t74, 4c6a16c4-95d2-4ef7-9fc0-4f57ccbd9967<-a910346c-1ee2-4cdc-a6d8-644a3a4f0b7f#0:FAIL-t74] and 0 exception(s); 4c6a16c4-95d2-4ef7-9fc0-4f57ccbd9967@group-5FF82F29B6C0:t74, leader=null, voted=4c6a16c4-95d2-4ef7-9fc0-4f57ccbd9967, raftlog=4c6a16c4-95d2-4ef7-9fc0-4f57ccbd9967@group-5FF82F29B6C0-SegmentedRaftLog:OPENED:c-1,f-1,i0, conf=-1: [4c6a16c4-95d2-4ef7-9fc0-4f57ccbd9967:192.168.5.131:39112, 742c26a8-c271-430a-a05a-c8bba3fa6d96:192.168.5.131:42235, a910346c-1ee2-4cdc-a6d8-644a3a4f0b7f:192.168.5.131:38193], old=null
2019-10-15 03:19:14,790 [4c6a16c4-95d2-4ef7-9fc0-4f57ccbd9967@group-5FF82F29B6C0-LeaderElection79] INFO  impl.RaftServerImpl (RaftServerImpl.java:setRole(184)) - 4c6a16c4-95d2-4ef7-9fc0-4f57ccbd9967@group-5FF82F29B6C0: changes role from CANDIDATE to FOLLOWER at term 74 for DISCOVERED_A_NEW_TERM
2019-10-15 03:19:14,790 [4c6a16c4-95d2-4ef7-9fc0-4f57ccbd9967@group-5FF82F29B6C0-LeaderElection79] INFO  impl.RoleInfo (RoleInfo.java:shutdownLeaderElection(134)) - 4c6a16c4-95d2-4ef7-9fc0-4f57ccbd9967: shutdown LeaderElection
2019-10-15 03:19:14,791 [4c6a16c4-95d2-4ef7-9fc0-4f57ccbd9967@group-5FF82F29B6C0-LeaderElection79] INFO  impl.RoleInfo (RoleInfo.java:updateAndGet(143)) - 4c6a16c4-95d2-4ef7-9fc0-4f57ccbd9967: start FollowerState
2019-10-15 03:19:14,893 [Thread-827] INFO  impl.FollowerState (FollowerState.java:run(108)) - 4c6a16c4-95d2-4ef7-9fc0-4f57ccbd9967@group-5FF82F29B6C0-FollowerState: change to CANDIDATE, lastRpcTime:102ms, electionTimeout:102ms
2019-10-15 03:19:14,893 [Thread-827] INFO  impl.RoleInfo (RoleInfo.java:shutdownFollowerState(121)) - 4c6a16c4-95d2-4ef7-9fc0-4f57ccbd9967: shutdown FollowerState
2019-10-15 03:19:14,893 [Thread-827] INFO  impl.RaftServerImpl (RaftServerImpl.java:setRole(184)) - 4c6a16c4-95d2-4ef7-9fc0-4f57ccbd9967@group-5FF82F29B6C0: changes role from  FOLLOWER to CANDIDATE at term 74 for changeToCandidate
2019-10-15 03:19:14,894 [Thread-827] INFO  impl.RoleInfo (RoleInfo.java:updateAndGet(143)) - 4c6a16c4-95d2-4ef7-9fc0-4f57ccbd9967: start LeaderElection
2019-10-15 03:19:14,909 [4c6a16c4-95d2-4ef7-9fc0-4f57ccbd9967@group-5FF82F29B6C0-LeaderElection80] INFO  impl.LeaderElection (LeaderElection.java:askForVotes(178)) - 4c6a16c4-95d2-4ef7-9fc0-4f57ccbd9967@group-5FF82F29B6C0-LeaderElection80: begin an election at term 75 for -1: [4c6a16c4-95d2-4ef7-9fc0-4f57ccbd9967:192.168.5.131:39112, 742c26a8-c271-430a-a05a-c8bba3fa6d96:192.168.5.131:42235, a910346c-1ee2-4cdc-a6d8-644a3a4f0b7f:192.168.5.131:38193], old=null
2019-10-15 03:19:14,912 [grpc-default-executor-4] INFO  impl.RaftServerImpl (RaftServerImpl.java:setRole(184)) - a910346c-1ee2-4cdc-a6d8-644a3a4f0b7f@group-5FF82F29B6C0: changes role from  FOLLOWER to FOLLOWER at term 75 for recognizeCandidate:4c6a16c4-95d2-4ef7-9fc0-4f57ccbd9967
2019-10-15 03:19:14,912 [grpc-default-executor-4] INFO  impl.RoleInfo (RoleInfo.java:shutdownFollowerState(121)) - a910346c-1ee2-4cdc-a6d8-644a3a4f0b7f: shutdown FollowerState
2019-10-15 03:19:14,912 [grpc-default-executor-4] INFO  impl.RoleInfo (RoleInfo.java:updateAndGet(143)) - a910346c-1ee2-4cdc-a6d8-644a3a4f0b7f: start FollowerState
2019-10-15 03:19:14,912 [Thread-825] INFO  impl.FollowerState (FollowerState.java:run(117)) - a910346c-1ee2-4cdc-a6d8-644a3a4f0b7f@group-5FF82F29B6C0-FollowerState was interrupted: java.lang.InterruptedException: sleep interrupted
2019-10-15 03:19:14,912 [grpc-default-executor-3] INFO  impl.RaftServerImpl (RaftServerImpl.java:setRole(184)) - 742c26a8-c271-430a-a05a-c8bba3fa6d96@group-5FF82F29B6C0: changes role from  FOLLOWER to FOLLOWER at term 75 for recognizeCandidate:4c6a16c4-95d2-4ef7-9fc0-4f57ccbd9967
2019-10-15 03:19:14,913 [grpc-default-executor-3] INFO  impl.RoleInfo (RoleInfo.java:shutdownFollowerState(121)) - 742c26a8-c271-430a-a05a-c8bba3fa6d96: shutdown FollowerState
2019-10-15 03:19:14,913 [grpc-default-executor-3] INFO  impl.RoleInfo (RoleInfo.java:updateAndGet(143)) - 742c26a8-c271-430a-a05a-c8bba3fa6d96: start FollowerState
2019-10-15 03:19:14,913 [Thread-826] INFO  impl.FollowerState (FollowerState.java:run(117)) - 742c26a8-c271-430a-a05a-c8bba3fa6d96@group-5FF82F29B6C0-FollowerState was interrupted: java.lang.InterruptedException: sleep interrupted
2019-10-15 03:19:14,947 [4c6a16c4-95d2-4ef7-9fc0-4f57ccbd9967@group-5FF82F29B6C0-LeaderElection80] INFO  impl.LeaderElection (LeaderElection.java:logAndReturn(56)) - 4c6a16c4-95d2-4ef7-9fc0-4f57ccbd9967@group-5FF82F29B6C0-LeaderElection80: Election REJECTED; received 2 response(s) [4c6a16c4-95d2-4ef7-9fc0-4f57ccbd9967<-742c26a8-c271-430a-a05a-c8bba3fa6d96#0:FAIL-t75, 4c6a16c4-95d2-4ef7-9fc0-4f57ccbd9967<-a910346c-1ee2-4cdc-a6d8-644a3a4f0b7f#0:FAIL-t75] and 0 exception(s); 4c6a16c4-95d2-4ef7-9fc0-4f57ccbd9967@group-5FF82F29B6C0:t75, leader=null, voted=4c6a16c4-95d2-4ef7-9fc0-4f57ccbd9967, raftlog=4c6a16c4-95d2-4ef7-9fc0-4f57ccbd9967@group-5FF82F29B6C0-SegmentedRaftLog:OPENED:c-1,f-1,i0, conf=-1: [4c6a16c4-95d2-4ef7-9fc0-4f57ccbd9967:192.168.5.131:39112, 742c26a8-c271-430a-a05a-c8bba3fa6d96:192.168.5.131:42235, a910346c-1ee2-4cdc-a6d8-644a3a4f0b7f:192.168.5.131:38193], old=null
2019-10-15 03:19:14,948 [4c6a16c4-95d2-4ef7-9fc0-4f57ccbd9967@group-5FF82F29B6C0-LeaderElection80] INFO  impl.RaftServerImpl (RaftServerImpl.java:setRole(184)) - 4c6a16c4-95d2-4ef7-9fc0-4f57ccbd9967@group-5FF82F29B6C0: changes role from CANDIDATE to FOLLOWER at term 75 for DISCOVERED_A_NEW_TERM
2019-10-15 03:19:14,948 [4c6a16c4-95d2-4ef7-9fc0-4f57ccbd9967@group-5FF82F29B6C0-LeaderElection80] INFO  impl.RoleInfo (RoleInfo.java:shutdownLeaderElection(134)) - 4c6a16c4-95d2-4ef7-9fc0-4f57ccbd9967: shutdown LeaderElection
2019-10-15 03:19:14,948 [4c6a16c4-95d2-4ef7-9fc0-4f57ccbd9967@group-5FF82F29B6C0-LeaderElection80] INFO  impl.RoleInfo (RoleInfo.java:updateAndGet(143)) - 4c6a16c4-95d2-4ef7-9fc0-4f57ccbd9967: start FollowerState
2019-10-15 03:19:15,108 [Thread-835] INFO  impl.FollowerState (FollowerState.java:run(108)) - 4c6a16c4-95d2-4ef7-9fc0-4f57ccbd9967@group-5FF82F29B6C0-FollowerState: change to CANDIDATE, lastRpcTime:159ms, electionTimeout:159ms
2019-10-15 03:19:15,108 [Thread-835] INFO  impl.RoleInfo (RoleInfo.java:shutdownFollowerState(121)) - 4c6a16c4-95d2-4ef7-9fc0-4f57ccbd9967: shutdown FollowerState
2019-10-15 03:19:15,108 [Thread-835] INFO  impl.RaftServerImpl (RaftServerImpl.java:setRole(184)) - 4c6a16c4-95d2-4ef7-9fc0-4f57ccbd9967@group-5FF82F29B6C0: changes role from  FOLLOWER to CANDIDATE at term 75 for changeToCandidate
2019-10-15 03:19:15,109 [Thread-835] INFO  impl.RoleInfo (RoleInfo.java:updateAndGet(143)) - 4c6a16c4-95d2-4ef7-9fc0-4f57ccbd9967: start LeaderElection
2019-10-15 03:19:15,135 [4c6a16c4-95d2-4ef7-9fc0-4f57ccbd9967@group-5FF82F29B6C0-LeaderElection81] INFO  impl.LeaderElection (LeaderElection.java:askForVotes(178)) - 4c6a16c4-95d2-4ef7-9fc0-4f57ccbd9967@group-5FF82F29B6C0-LeaderElection81: begin an election at term 76 for -1: [4c6a16c4-95d2-4ef7-9fc0-4f57ccbd9967:192.168.5.131:39112, 742c26a8-c271-430a-a05a-c8bba3fa6d96:192.168.5.131:42235, a910346c-1ee2-4cdc-a6d8-644a3a4f0b7f:192.168.5.131:38193], old=null
2019-10-15 03:19:15,138 [grpc-default-executor-3] INFO  impl.RaftServerImpl (RaftServerImpl.java:setRole(184)) - 742c26a8-c271-430a-a05a-c8bba3fa6d96@group-5FF82F29B6C0: changes role from  FOLLOWER to FOLLOWER at term 76 for recognizeCandidate:4c6a16c4-95d2-4ef7-9fc0-4f57ccbd9967
2019-10-15 03:19:15,138 [grpc-default-executor-4] INFO  impl.RaftServerImpl (RaftServerImpl.java:setRole(184)) - a910346c-1ee2-4cdc-a6d8-644a3a4f0b7f@group-5FF82F29B6C0: changes role from  FOLLOWER to FOLLOWER at term 76 for recognizeCandidate:4c6a16c4-95d2-4ef7-9fc0-4f57ccbd9967
2019-10-15 03:19:15,138 [grpc-default-executor-4] INFO  impl.RoleInfo (RoleInfo.java:shutdownFollowerState(121)) - a910346c-1ee2-4cdc-a6d8-644a3a4f0b7f: shutdown FollowerState
2019-10-15 03:19:15,138 [grpc-default-executor-3] INFO  impl.RoleInfo (RoleInfo.java:shutdownFollowerState(121)) - 742c26a8-c271-430a-a05a-c8bba3fa6d96: shutdown FollowerState
2019-10-15 03:19:15,139 [Thread-833] INFO  impl.FollowerState (FollowerState.java:run(117)) - a910346c-1ee2-4cdc-a6d8-644a3a4f0b7f@group-5FF82F29B6C0-FollowerState was interrupted: java.lang.InterruptedException: sleep interrupted
2019-10-15 03:19:15,139 [Thread-834] INFO  impl.FollowerState (FollowerState.java:run(117)) - 742c26a8-c271-430a-a05a-c8bba3fa6d96@group-5FF82F29B6C0-FollowerState was interrupted: java.lang.InterruptedException: sleep interrupted
2019-10-15 03:19:15,139 [grpc-default-executor-3] INFO  impl.RoleInfo (RoleInfo.java:updateAndGet(143)) - 742c26a8-c271-430a-a05a-c8bba3fa6d96: start FollowerState
2019-10-15 03:19:15,139 [grpc-default-executor-4] INFO  impl.RoleInfo (RoleInfo.java:updateAndGet(143)) - a910346c-1ee2-4cdc-a6d8-644a3a4f0b7f: start FollowerState
2019-10-15 03:19:15,165 [4c6a16c4-95d2-4ef7-9fc0-4f57ccbd9967@group-5FF82F29B6C0-LeaderElection81] INFO  impl.LeaderElection (LeaderElection.java:logAndReturn(56)) - 4c6a16c4-95d2-4ef7-9fc0-4f57ccbd9967@group-5FF82F29B6C0-LeaderElection81: Election REJECTED; received 2 response(s) [4c6a16c4-95d2-4ef7-9fc0-4f57ccbd9967<-742c26a8-c271-430a-a05a-c8bba3fa6d96#0:FAIL-t76, 4c6a16c4-95d2-4ef7-9fc0-4f57ccbd9967<-a910346c-1ee2-4cdc-a6d8-644a3a4f0b7f#0:FAIL-t76] and 0 exception(s); 4c6a16c4-95d2-4ef7-9fc0-4f57ccbd9967@group-5FF82F29B6C0:t76, leader=null, voted=4c6a16c4-95d2-4ef7-9fc0-4f57ccbd9967, raftlog=4c6a16c4-95d2-4ef7-9fc0-4f57ccbd9967@group-5FF82F29B6C0-SegmentedRaftLog:OPENED:c-1,f-1,i0, conf=-1: [4c6a16c4-95d2-4ef7-9fc0-4f57ccbd9967:192.168.5.131:39112, 742c26a8-c271-430a-a05a-c8bba3fa6d96:192.168.5.131:42235, a910346c-1ee2-4cdc-a6d8-644a3a4f0b7f:192.168.5.131:38193], old=null
2019-10-15 03:19:15,166 [4c6a16c4-95d2-4ef7-9fc0-4f57ccbd9967@group-5FF82F29B6C0-LeaderElection81] INFO  impl.RaftServerImpl (RaftServerImpl.java:setRole(184)) - 4c6a16c4-95d2-4ef7-9fc0-4f57ccbd9967@group-5FF82F29B6C0: changes role from CANDIDATE to FOLLOWER at term 76 for DISCOVERED_A_NEW_TERM
2019-10-15 03:19:15,166 [4c6a16c4-95d2-4ef7-9fc0-4f57ccbd9967@group-5FF82F29B6C0-LeaderElection81] INFO  impl.RoleInfo (RoleInfo.java:shutdownLeaderElection(134)) - 4c6a16c4-95d2-4ef7-9fc0-4f57ccbd9967: shutdown LeaderElection
2019-10-15 03:19:15,166 [4c6a16c4-95d2-4ef7-9fc0-4f57ccbd9967@group-5FF82F29B6C0-LeaderElection81] INFO  impl.RoleInfo (RoleInfo.java:updateAndGet(143)) - 4c6a16c4-95d2-4ef7-9fc0-4f57ccbd9967: start FollowerState
2019-10-15 03:19:15,205 [Thread-841] INFO  impl.FollowerState (FollowerState.java:run(108)) - 4c6a16c4-95d2-4ef7-9fc0-4f57ccbd9967@group-5FF82F29B6C0-FollowerState: change to CANDIDATE, lastRpcTime:39ms, electionTimeout:39ms
2019-10-15 03:19:15,206 [Thread-841] INFO  impl.RoleInfo (RoleInfo.java:shutdownFollowerState(121)) - 4c6a16c4-95d2-4ef7-9fc0-4f57ccbd9967: shutdown FollowerState
2019-10-15 03:19:15,206 [Thread-841] INFO  impl.RaftServerImpl (RaftServerImpl.java:setRole(184)) - 4c6a16c4-95d2-4ef7-9fc0-4f57ccbd9967@group-5FF82F29B6C0: changes role from  FOLLOWER to CANDIDATE at term 76 for changeToCandidate
2019-10-15 03:19:15,206 [Thread-841] INFO  impl.RoleInfo (RoleInfo.java:updateAndGet(143)) - 4c6a16c4-95d2-4ef7-9fc0-4f57ccbd9967: start LeaderElection
2019-10-15 03:19:15,221 [4c6a16c4-95d2-4ef7-9fc0-4f57ccbd9967@group-5FF82F29B6C0-LeaderElection82] INFO  impl.LeaderElection (LeaderElection.java:askForVotes(178)) - 4c6a16c4-95d2-4ef7-9fc0-4f57ccbd9967@group-5FF82F29B6C0-LeaderElection82: begin an election at term 77 for -1: [4c6a16c4-95d2-4ef7-9fc0-4f57ccbd9967:192.168.5.131:39112, 742c26a8-c271-430a-a05a-c8bba3fa6d96:192.168.5.131:42235, a910346c-1ee2-4cdc-a6d8-644a3a4f0b7f:192.168.5.131:38193], old=null
2019-10-15 03:19:15,224 [grpc-default-executor-4] INFO  impl.RaftServerImpl (RaftServerImpl.java:setRole(184)) - 742c26a8-c271-430a-a05a-c8bba3fa6d96@group-5FF82F29B6C0: changes role from  FOLLOWER to FOLLOWER at term 77 for recognizeCandidate:4c6a16c4-95d2-4ef7-9fc0-4f57ccbd9967
2019-10-15 03:19:15,224 [grpc-default-executor-4] INFO  impl.RoleInfo (RoleInfo.java:shutdownFollowerState(121)) - 742c26a8-c271-430a-a05a-c8bba3fa6d96: shutdown FollowerState
2019-10-15 03:19:15,224 [grpc-default-executor-3] INFO  impl.RaftServerImpl (RaftServerImpl.java:setRole(184)) - a910346c-1ee2-4cdc-a6d8-644a3a4f0b7f@group-5FF82F29B6C0: changes role from  FOLLOWER to FOLLOWER at term 77 for recognizeCandidate:4c6a16c4-95d2-4ef7-9fc0-4f57ccbd9967
2019-10-15 03:19:15,224 [Thread-840] INFO  impl.FollowerState (FollowerState.java:run(117)) - 742c26a8-c271-430a-a05a-c8bba3fa6d96@group-5FF82F29B6C0-FollowerState was interrupted: java.lang.InterruptedException: sleep interrupted
2019-10-15 03:19:15,224 [grpc-default-executor-4] INFO  impl.RoleInfo (RoleInfo.java:updateAndGet(143)) - 742c26a8-c271-430a-a05a-c8bba3fa6d96: start FollowerState
2019-10-15 03:19:15,224 [grpc-default-executor-3] INFO  impl.RoleInfo (RoleInfo.java:shutdownFollowerState(121)) - a910346c-1ee2-4cdc-a6d8-644a3a4f0b7f: shutdown FollowerState
2019-10-15 03:19:15,225 [grpc-default-executor-3] INFO  impl.RoleInfo (RoleInfo.java:updateAndGet(143)) - a910346c-1ee2-4cdc-a6d8-644a3a4f0b7f: start FollowerState
2019-10-15 03:19:15,225 [Thread-839] INFO  impl.FollowerState (FollowerState.java:run(117)) - a910346c-1ee2-4cdc-a6d8-644a3a4f0b7f@group-5FF82F29B6C0-FollowerState was interrupted: java.lang.InterruptedException: sleep interrupted
2019-10-15 03:19:15,251 [4c6a16c4-95d2-4ef7-9fc0-4f57ccbd9967@group-5FF82F29B6C0-LeaderElection82] INFO  impl.LeaderElection (LeaderElection.java:logAndReturn(56)) - 4c6a16c4-95d2-4ef7-9fc0-4f57ccbd9967@group-5FF82F29B6C0-LeaderElection82: Election REJECTED; received 2 response(s) [4c6a16c4-95d2-4ef7-9fc0-4f57ccbd9967<-742c26a8-c271-430a-a05a-c8bba3fa6d96#0:FAIL-t77, 4c6a16c4-95d2-4ef7-9fc0-4f57ccbd9967<-a910346c-1ee2-4cdc-a6d8-644a3a4f0b7f#0:FAIL-t77] and 0 exception(s); 4c6a16c4-95d2-4ef7-9fc0-4f57ccbd9967@group-5FF82F29B6C0:t77, leader=null, voted=4c6a16c4-95d2-4ef7-9fc0-4f57ccbd9967, raftlog=4c6a16c4-95d2-4ef7-9fc0-4f57ccbd9967@group-5FF82F29B6C0-SegmentedRaftLog:OPENED:c-1,f-1,i0, conf=-1: [4c6a16c4-95d2-4ef7-9fc0-4f57ccbd9967:192.168.5.131:39112, 742c26a8-c271-430a-a05a-c8bba3fa6d96:192.168.5.131:42235, a910346c-1ee2-4cdc-a6d8-644a3a4f0b7f:192.168.5.131:38193], old=null
2019-10-15 03:19:15,251 [4c6a16c4-95d2-4ef7-9fc0-4f57ccbd9967@group-5FF82F29B6C0-LeaderElection82] INFO  impl.RaftServerImpl (RaftServerImpl.java:setRole(184)) - 4c6a16c4-95d2-4ef7-9fc0-4f57ccbd9967@group-5FF82F29B6C0: changes role from CANDIDATE to FOLLOWER at term 77 for DISCOVERED_A_NEW_TERM
2019-10-15 03:19:15,251 [4c6a16c4-95d2-4ef7-9fc0-4f57ccbd9967@group-5FF82F29B6C0-LeaderElection82] INFO  impl.RoleInfo (RoleInfo.java:shutdownLeaderElection(134)) - 4c6a16c4-95d2-4ef7-9fc0-4f57ccbd9967: shutdown LeaderElection
2019-10-15 03:19:15,252 [4c6a16c4-95d2-4ef7-9fc0-4f57ccbd9967@group-5FF82F29B6C0-LeaderElection82] INFO  impl.RoleInfo (RoleInfo.java:updateAndGet(143)) - 4c6a16c4-95d2-4ef7-9fc0-4f57ccbd9967: start FollowerState
2019-10-15 03:19:15,344 [Thread-847] INFO  impl.FollowerState (FollowerState.java:run(108)) - 4c6a16c4-95d2-4ef7-9fc0-4f57ccbd9967@group-5FF82F29B6C0-FollowerState: change to CANDIDATE, lastRpcTime:92ms, electionTimeout:92ms
2019-10-15 03:19:15,344 [Thread-847] INFO  impl.RoleInfo (RoleInfo.java:shutdownFollowerState(121)) - 4c6a16c4-95d2-4ef7-9fc0-4f57ccbd9967: shutdown FollowerState
2019-10-15 03:19:15,344 [Thread-847] INFO  impl.RaftServerImpl (RaftServerImpl.java:setRole(184)) - 4c6a16c4-95d2-4ef7-9fc0-4f57ccbd9967@group-5FF82F29B6C0: changes role from  FOLLOWER to CANDIDATE at term 77 for changeToCandidate
2019-10-15 03:19:15,345 [Thread-847] INFO  impl.RoleInfo (RoleInfo.java:updateAndGet(143)) - 4c6a16c4-95d2-4ef7-9fc0-4f57ccbd9967: start LeaderElection
2019-10-15 03:19:15,367 [4c6a16c4-95d2-4ef7-9fc0-4f57ccbd9967@group-5FF82F29B6C0-LeaderElection83] INFO  impl.LeaderElection (LeaderElection.java:askForVotes(178)) - 4c6a16c4-95d2-4ef7-9fc0-4f57ccbd9967@group-5FF82F29B6C0-LeaderElection83: begin an election at term 78 for -1: [4c6a16c4-95d2-4ef7-9fc0-4f57ccbd9967:192.168.5.131:39112, 742c26a8-c271-430a-a05a-c8bba3fa6d96:192.168.5.131:42235, a910346c-1ee2-4cdc-a6d8-644a3a4f0b7f:192.168.5.131:38193], old=null
2019-10-15 03:19:15,369 [grpc-default-executor-3] INFO  impl.RaftServerImpl (RaftServerImpl.java:setRole(184)) - 742c26a8-c271-430a-a05a-c8bba3fa6d96@group-5FF82F29B6C0: changes role from  FOLLOWER to FOLLOWER at term 78 for recognizeCandidate:4c6a16c4-95d2-4ef7-9fc0-4f57ccbd9967
2019-10-15 03:19:15,369 [grpc-default-executor-4] INFO  impl.RaftServerImpl (RaftServerImpl.java:setRole(184)) - a910346c-1ee2-4cdc-a6d8-644a3a4f0b7f@group-5FF82F29B6C0: changes role from  FOLLOWER to FOLLOWER at term 78 for recognizeCandidate:4c6a16c4-95d2-4ef7-9fc0-4f57ccbd9967
2019-10-15 03:19:15,370 [grpc-default-executor-3] INFO  impl.RoleInfo (RoleInfo.java:shutdownFollowerState(121)) - 742c26a8-c271-430a-a05a-c8bba3fa6d96: shutdown FollowerState
2019-10-15 03:19:15,370 [grpc-default-executor-4] INFO  impl.RoleInfo (RoleInfo.java:shutdownFollowerState(121)) - a910346c-1ee2-4cdc-a6d8-644a3a4f0b7f: shutdown FollowerState
2019-10-15 03:19:15,370 [Thread-845] INFO  impl.FollowerState (FollowerState.java:run(117)) - 742c26a8-c271-430a-a05a-c8bba3fa6d96@group-5FF82F29B6C0-FollowerState was interrupted: java.lang.InterruptedException: sleep interrupted
2019-10-15 03:19:15,370 [grpc-default-executor-3] INFO  impl.RoleInfo (RoleInfo.java:updateAndGet(143)) - 742c26a8-c271-430a-a05a-c8bba3fa6d96: start FollowerState
2019-10-15 03:19:15,370 [Thread-846] INFO  impl.FollowerState (FollowerState.java:run(117)) - a910346c-1ee2-4cdc-a6d8-644a3a4f0b7f@group-5FF82F29B6C0-FollowerState was interrupted: java.lang.InterruptedException: sleep interrupted
2019-10-15 03:19:15,370 [grpc-default-executor-4] INFO  impl.RoleInfo (RoleInfo.java:updateAndGet(143)) - a910346c-1ee2-4cdc-a6d8-644a3a4f0b7f: start FollowerState
2019-10-15 03:19:15,386 [4c6a16c4-95d2-4ef7-9fc0-4f57ccbd9967@group-5FF82F29B6C0-LeaderElection83] INFO  impl.LeaderElection (LeaderElection.java:logAndReturn(56)) - 4c6a16c4-95d2-4ef7-9fc0-4f57ccbd9967@group-5FF82F29B6C0-LeaderElection83: Election REJECTED; received 2 response(s) [4c6a16c4-95d2-4ef7-9fc0-4f57ccbd9967<-742c26a8-c271-430a-a05a-c8bba3fa6d96#0:FAIL-t78, 4c6a16c4-95d2-4ef7-9fc0-4f57ccbd9967<-a910346c-1ee2-4cdc-a6d8-644a3a4f0b7f#0:FAIL-t78] and 0 exception(s); 4c6a16c4-95d2-4ef7-9fc0-4f57ccbd9967@group-5FF82F29B6C0:t78, leader=null, voted=4c6a16c4-95d2-4ef7-9fc0-4f57ccbd9967, raftlog=4c6a16c4-95d2-4ef7-9fc0-4f57ccbd9967@group-5FF82F29B6C0-SegmentedRaftLog:OPENED:c-1,f-1,i0, conf=-1: [4c6a16c4-95d2-4ef7-9fc0-4f57ccbd9967:192.168.5.131:39112, 742c26a8-c271-430a-a05a-c8bba3fa6d96:192.168.5.131:42235, a910346c-1ee2-4cdc-a6d8-644a3a4f0b7f:192.168.5.131:38193], old=null
2019-10-15 03:19:15,386 [4c6a16c4-95d2-4ef7-9fc0-4f57ccbd9967@group-5FF82F29B6C0-LeaderElection83] INFO  impl.RaftServerImpl (RaftServerImpl.java:setRole(184)) - 4c6a16c4-95d2-4ef7-9fc0-4f57ccbd9967@group-5FF82F29B6C0: changes role from CANDIDATE to FOLLOWER at term 78 for DISCOVERED_A_NEW_TERM
2019-10-15 03:19:15,387 [4c6a16c4-95d2-4ef7-9fc0-4f57ccbd9967@group-5FF82F29B6C0-LeaderElection83] INFO  impl.RoleInfo (RoleInfo.java:shutdownLeaderElection(134)) - 4c6a16c4-95d2-4ef7-9fc0-4f57ccbd9967: shutdown LeaderElection
2019-10-15 03:19:15,387 [4c6a16c4-95d2-4ef7-9fc0-4f57ccbd9967@group-5FF82F29B6C0-LeaderElection83] INFO  impl.RoleInfo (RoleInfo.java:updateAndGet(143)) - 4c6a16c4-95d2-4ef7-9fc0-4f57ccbd9967: start FollowerState
2019-10-15 03:19:15,469 [Thread-855] INFO  impl.FollowerState (FollowerState.java:run(108)) - 4c6a16c4-95d2-4ef7-9fc0-4f57ccbd9967@group-5FF82F29B6C0-FollowerState: change to CANDIDATE, lastRpcTime:82ms, electionTimeout:82ms
2019-10-15 03:19:15,469 [Thread-855] INFO  impl.RoleInfo (RoleInfo.java:shutdownFollowerState(121)) - 4c6a16c4-95d2-4ef7-9fc0-4f57ccbd9967: shutdown FollowerState
2019-10-15 03:19:15,470 [Thread-855] INFO  impl.RaftServerImpl (RaftServerImpl.java:setRole(184)) - 4c6a16c4-95d2-4ef7-9fc0-4f57ccbd9967@group-5FF82F29B6C0: changes role from  FOLLOWER to CANDIDATE at term 78 for changeToCandidate
2019-10-15 03:19:15,470 [Thread-855] INFO  impl.RoleInfo (RoleInfo.java:updateAndGet(143)) - 4c6a16c4-95d2-4ef7-9fc0-4f57ccbd9967: start LeaderElection
2019-10-15 03:19:15,483 [4c6a16c4-95d2-4ef7-9fc0-4f57ccbd9967@group-5FF82F29B6C0-LeaderElection84] INFO  impl.LeaderElection (LeaderElection.java:askForVotes(178)) - 4c6a16c4-95d2-4ef7-9fc0-4f57ccbd9967@group-5FF82F29B6C0-LeaderElection84: begin an election at term 79 for -1: [4c6a16c4-95d2-4ef7-9fc0-4f57ccbd9967:192.168.5.131:39112, 742c26a8-c271-430a-a05a-c8bba3fa6d96:192.168.5.131:42235, a910346c-1ee2-4cdc-a6d8-644a3a4f0b7f:192.168.5.131:38193], old=null
2019-10-15 03:19:15,486 [grpc-default-executor-3] INFO  impl.RaftServerImpl (RaftServerImpl.java:setRole(184)) - a910346c-1ee2-4cdc-a6d8-644a3a4f0b7f@group-5FF82F29B6C0: changes role from  FOLLOWER to FOLLOWER at term 79 for recognizeCandidate:4c6a16c4-95d2-4ef7-9fc0-4f57ccbd9967
2019-10-15 03:19:15,486 [grpc-default-executor-4] INFO  impl.RaftServerImpl (RaftServerImpl.java:setRole(184)) - 742c26a8-c271-430a-a05a-c8bba3fa6d96@group-5FF82F29B6C0: changes role from  FOLLOWER to FOLLOWER at term 79 for recognizeCandidate:4c6a16c4-95d2-4ef7-9fc0-4f57ccbd9967
2019-10-15 03:19:15,486 [grpc-default-executor-3] INFO  impl.RoleInfo (RoleInfo.java:shutdownFollowerState(121)) - a910346c-1ee2-4cdc-a6d8-644a3a4f0b7f: shutdown FollowerState
2019-10-15 03:19:15,486 [grpc-default-executor-4] INFO  impl.RoleInfo (RoleInfo.java:shutdownFollowerState(121)) - 742c26a8-c271-430a-a05a-c8bba3fa6d96: shutdown FollowerState
2019-10-15 03:19:15,486 [Thread-854] INFO  impl.FollowerState (FollowerState.java:run(117)) - a910346c-1ee2-4cdc-a6d8-644a3a4f0b7f@group-5FF82F29B6C0-FollowerState was interrupted: java.lang.InterruptedException: sleep interrupted
2019-10-15 03:19:15,487 [Thread-853] INFO  impl.FollowerState (FollowerState.java:run(117)) - 742c26a8-c271-430a-a05a-c8bba3fa6d96@group-5FF82F29B6C0-FollowerState was interrupted: java.lang.InterruptedException: sleep interrupted
2019-10-15 03:19:15,486 [grpc-default-executor-3] INFO  impl.RoleInfo (RoleInfo.java:updateAndGet(143)) - a910346c-1ee2-4cdc-a6d8-644a3a4f0b7f: start FollowerState
2019-10-15 03:19:15,487 [grpc-default-executor-4] INFO  impl.RoleInfo (RoleInfo.java:updateAndGet(143)) - 742c26a8-c271-430a-a05a-c8bba3fa6d96: start FollowerState
2019-10-15 03:19:15,513 [4c6a16c4-95d2-4ef7-9fc0-4f57ccbd9967@group-5FF82F29B6C0-LeaderElection84] INFO  impl.LeaderElection (LeaderElection.java:logAndReturn(56)) - 4c6a16c4-95d2-4ef7-9fc0-4f57ccbd9967@group-5FF82F29B6C0-LeaderElection84: Election REJECTED; received 2 response(s) [4c6a16c4-95d2-4ef7-9fc0-4f57ccbd9967<-742c26a8-c271-430a-a05a-c8bba3fa6d96#0:FAIL-t79, 4c6a16c4-95d2-4ef7-9fc0-4f57ccbd9967<-a910346c-1ee2-4cdc-a6d8-644a3a4f0b7f#0:FAIL-t79] and 0 exception(s); 4c6a16c4-95d2-4ef7-9fc0-4f57ccbd9967@group-5FF82F29B6C0:t79, leader=null, voted=4c6a16c4-95d2-4ef7-9fc0-4f57ccbd9967, raftlog=4c6a16c4-95d2-4ef7-9fc0-4f57ccbd9967@group-5FF82F29B6C0-SegmentedRaftLog:OPENED:c-1,f-1,i0, conf=-1: [4c6a16c4-95d2-4ef7-9fc0-4f57ccbd9967:192.168.5.131:39112, 742c26a8-c271-430a-a05a-c8bba3fa6d96:192.168.5.131:42235, a910346c-1ee2-4cdc-a6d8-644a3a4f0b7f:192.168.5.131:38193], old=null
2019-10-15 03:19:15,513 [4c6a16c4-95d2-4ef7-9fc0-4f57ccbd9967@group-5FF82F29B6C0-LeaderElection84] INFO  impl.RaftServerImpl (RaftServerImpl.java:setRole(184)) - 4c6a16c4-95d2-4ef7-9fc0-4f57ccbd9967@group-5FF82F29B6C0: changes role from CANDIDATE to FOLLOWER at term 79 for DISCOVERED_A_NEW_TERM
2019-10-15 03:19:15,513 [4c6a16c4-95d2-4ef7-9fc0-4f57ccbd9967@group-5FF82F29B6C0-LeaderElection84] INFO  impl.RoleInfo (RoleInfo.java:shutdownLeaderElection(134)) - 4c6a16c4-95d2-4ef7-9fc0-4f57ccbd9967: shutdown LeaderElection
2019-10-15 03:19:15,514 [4c6a16c4-95d2-4ef7-9fc0-4f57ccbd9967@group-5FF82F29B6C0-LeaderElection84] INFO  impl.RoleInfo (RoleInfo.java:updateAndGet(143)) - 4c6a16c4-95d2-4ef7-9fc0-4f57ccbd9967: start FollowerState
2019-10-15 03:19:15,613 [Thread-863] INFO  impl.FollowerState (FollowerState.java:run(108)) - 4c6a16c4-95d2-4ef7-9fc0-4f57ccbd9967@group-5FF82F29B6C0-FollowerState: change to CANDIDATE, lastRpcTime:99ms, electionTimeout:99ms
2019-10-15 03:19:15,613 [Thread-863] INFO  impl.RoleInfo (RoleInfo.java:shutdownFollowerState(121)) - 4c6a16c4-95d2-4ef7-9fc0-4f57ccbd9967: shutdown FollowerState
2019-10-15 03:19:15,614 [Thread-863] INFO  impl.RaftServerImpl (RaftServerImpl.java:setRole(184)) - 4c6a16c4-95d2-4ef7-9fc0-4f57ccbd9967@group-5FF82F29B6C0: changes role from  FOLLOWER to CANDIDATE at term 79 for changeToCandidate
2019-10-15 03:19:15,614 [Thread-863] INFO  impl.RoleInfo (RoleInfo.java:updateAndGet(143)) - 4c6a16c4-95d2-4ef7-9fc0-4f57ccbd9967: start LeaderElection
2019-10-15 03:19:15,640 [4c6a16c4-95d2-4ef7-9fc0-4f57ccbd9967@group-5FF82F29B6C0-LeaderElection85] INFO  impl.LeaderElection (LeaderElection.java:askForVotes(178)) - 4c6a16c4-95d2-4ef7-9fc0-4f57ccbd9967@group-5FF82F29B6C0-LeaderElection85: begin an election at term 80 for -1: [4c6a16c4-95d2-4ef7-9fc0-4f57ccbd9967:192.168.5.131:39112, 742c26a8-c271-430a-a05a-c8bba3fa6d96:192.168.5.131:42235, a910346c-1ee2-4cdc-a6d8-644a3a4f0b7f:192.168.5.131:38193], old=null
2019-10-15 03:19:15,643 [grpc-default-executor-4] INFO  impl.RaftServerImpl (RaftServerImpl.java:setRole(184)) - a910346c-1ee2-4cdc-a6d8-644a3a4f0b7f@group-5FF82F29B6C0: changes role from  FOLLOWER to FOLLOWER at term 80 for recognizeCandidate:4c6a16c4-95d2-4ef7-9fc0-4f57ccbd9967
2019-10-15 03:19:15,643 [grpc-default-executor-3] INFO  impl.RaftServerImpl (RaftServerImpl.java:setRole(184)) - 742c26a8-c271-430a-a05a-c8bba3fa6d96@group-5FF82F29B6C0: changes role from  FOLLOWER to FOLLOWER at term 80 for recognizeCandidate:4c6a16c4-95d2-4ef7-9fc0-4f57ccbd9967
2019-10-15 03:19:15,644 [grpc-default-executor-4] INFO  impl.RoleInfo (RoleInfo.java:shutdownFollowerState(121)) - a910346c-1ee2-4cdc-a6d8-644a3a4f0b7f: shutdown FollowerState
2019-10-15 03:19:15,644 [grpc-default-executor-3] INFO  impl.RoleInfo (RoleInfo.java:shutdownFollowerState(121)) - 742c26a8-c271-430a-a05a-c8bba3fa6d96: shutdown FollowerState
2019-10-15 03:19:15,644 [grpc-default-executor-4] INFO  impl.RoleInfo (RoleInfo.java:updateAndGet(143)) - a910346c-1ee2-4cdc-a6d8-644a3a4f0b7f: start FollowerState
2019-10-15 03:19:15,644 [Thread-861] INFO  impl.FollowerState (FollowerState.java:run(117)) - a910346c-1ee2-4cdc-a6d8-644a3a4f0b7f@group-5FF82F29B6C0-FollowerState was interrupted: java.lang.InterruptedException: sleep interrupted
2019-10-15 03:19:15,644 [Thread-862] INFO  impl.FollowerState (FollowerState.java:run(117)) - 742c26a8-c271-430a-a05a-c8bba3fa6d96@group-5FF82F29B6C0-FollowerState was interrupted: java.lang.InterruptedException: sleep interrupted
2019-10-15 03:19:15,644 [grpc-default-executor-3] INFO  impl.RoleInfo (RoleInfo.java:updateAndGet(143)) - 742c26a8-c271-430a-a05a-c8bba3fa6d96: start FollowerState
2019-10-15 03:19:15,659 [4c6a16c4-95d2-4ef7-9fc0-4f57ccbd9967@group-5FF82F29B6C0-LeaderElection85] INFO  impl.LeaderElection (LeaderElection.java:logAndReturn(56)) - 4c6a16c4-95d2-4ef7-9fc0-4f57ccbd9967@group-5FF82F29B6C0-LeaderElection85: Election REJECTED; received 2 response(s) [4c6a16c4-95d2-4ef7-9fc0-4f57ccbd9967<-742c26a8-c271-430a-a05a-c8bba3fa6d96#0:FAIL-t80, 4c6a16c4-95d2-4ef7-9fc0-4f57ccbd9967<-a910346c-1ee2-4cdc-a6d8-644a3a4f0b7f#0:FAIL-t80] and 0 exception(s); 4c6a16c4-95d2-4ef7-9fc0-4f57ccbd9967@group-5FF82F29B6C0:t80, leader=null, voted=4c6a16c4-95d2-4ef7-9fc0-4f57ccbd9967, raftlog=4c6a16c4-95d2-4ef7-9fc0-4f57ccbd9967@group-5FF82F29B6C0-SegmentedRaftLog:OPENED:c-1,f-1,i0, conf=-1: [4c6a16c4-95d2-4ef7-9fc0-4f57ccbd9967:192.168.5.131:39112, 742c26a8-c271-430a-a05a-c8bba3fa6d96:192.168.5.131:42235, a910346c-1ee2-4cdc-a6d8-644a3a4f0b7f:192.168.5.131:38193], old=null
2019-10-15 03:19:15,659 [4c6a16c4-95d2-4ef7-9fc0-4f57ccbd9967@group-5FF82F29B6C0-LeaderElection85] INFO  impl.RaftServerImpl (RaftServerImpl.java:setRole(184)) - 4c6a16c4-95d2-4ef7-9fc0-4f57ccbd9967@group-5FF82F29B6C0: changes role from CANDIDATE to FOLLOWER at term 80 for DISCOVERED_A_NEW_TERM
2019-10-15 03:19:15,659 [4c6a16c4-95d2-4ef7-9fc0-4f57ccbd9967@group-5FF82F29B6C0-LeaderElection85] INFO  impl.RoleInfo (RoleInfo.java:shutdownLeaderElection(134)) - 4c6a16c4-95d2-4ef7-9fc0-4f57ccbd9967: shutdown LeaderElection
2019-10-15 03:19:15,659 [4c6a16c4-95d2-4ef7-9fc0-4f57ccbd9967@group-5FF82F29B6C0-LeaderElection85] INFO  impl.RoleInfo (RoleInfo.java:updateAndGet(143)) - 4c6a16c4-95d2-4ef7-9fc0-4f57ccbd9967: start FollowerState
2019-10-15 03:19:15,671 [Thread-869] INFO  impl.FollowerState (FollowerState.java:run(108)) - 4c6a16c4-95d2-4ef7-9fc0-4f57ccbd9967@group-5FF82F29B6C0-FollowerState: change to CANDIDATE, lastRpcTime:11ms, electionTimeout:11ms
2019-10-15 03:19:15,671 [Thread-869] INFO  impl.RoleInfo (RoleInfo.java:shutdownFollowerState(121)) - 4c6a16c4-95d2-4ef7-9fc0-4f57ccbd9967: shutdown FollowerState
2019-10-15 03:19:15,671 [Thread-869] INFO  impl.RaftServerImpl (RaftServerImpl.java:setRole(184)) - 4c6a16c4-95d2-4ef7-9fc0-4f57ccbd9967@group-5FF82F29B6C0: changes role from  FOLLOWER to CANDIDATE at term 80 for changeToCandidate
2019-10-15 03:19:15,671 [Thread-869] INFO  impl.RoleInfo (RoleInfo.java:updateAndGet(143)) - 4c6a16c4-95d2-4ef7-9fc0-4f57ccbd9967: start LeaderElection
2019-10-15 03:19:15,684 [4c6a16c4-95d2-4ef7-9fc0-4f57ccbd9967@group-5FF82F29B6C0-LeaderElection86] INFO  impl.LeaderElection (LeaderElection.java:askForVotes(178)) - 4c6a16c4-95d2-4ef7-9fc0-4f57ccbd9967@group-5FF82F29B6C0-LeaderElection86: begin an election at term 81 for -1: [4c6a16c4-95d2-4ef7-9fc0-4f57ccbd9967:192.168.5.131:39112, 742c26a8-c271-430a-a05a-c8bba3fa6d96:192.168.5.131:42235, a910346c-1ee2-4cdc-a6d8-644a3a4f0b7f:192.168.5.131:38193], old=null
2019-10-15 03:19:15,686 [grpc-default-executor-4] INFO  impl.RaftServerImpl (RaftServerImpl.java:setRole(184)) - a910346c-1ee2-4cdc-a6d8-644a3a4f0b7f@group-5FF82F29B6C0: changes role from  FOLLOWER to FOLLOWER at term 81 for recognizeCandidate:4c6a16c4-95d2-4ef7-9fc0-4f57ccbd9967
2019-10-15 03:19:15,686 [grpc-default-executor-4] INFO  impl.RoleInfo (RoleInfo.java:shutdownFollowerState(121)) - a910346c-1ee2-4cdc-a6d8-644a3a4f0b7f: shutdown FollowerState
2019-10-15 03:19:15,686 [grpc-default-executor-4] INFO  impl.RoleInfo (RoleInfo.java:updateAndGet(143)) - a910346c-1ee2-4cdc-a6d8-644a3a4f0b7f: start FollowerState
2019-10-15 03:19:15,686 [Thread-867] INFO  impl.FollowerState (FollowerState.java:run(117)) - a910346c-1ee2-4cdc-a6d8-644a3a4f0b7f@group-5FF82F29B6C0-FollowerState was interrupted: java.lang.InterruptedException: sleep interrupted
2019-10-15 03:19:15,687 [grpc-default-executor-3] INFO  impl.RaftServerImpl (RaftServerImpl.java:setRole(184)) - 742c26a8-c271-430a-a05a-c8bba3fa6d96@group-5FF82F29B6C0: changes role from  FOLLOWER to FOLLOWER at term 81 for recognizeCandidate:4c6a16c4-95d2-4ef7-9fc0-4f57ccbd9967
2019-10-15 03:19:15,687 [grpc-default-executor-3] INFO  impl.RoleInfo (RoleInfo.java:shutdownFollowerState(121)) - 742c26a8-c271-430a-a05a-c8bba3fa6d96: shutdown FollowerState
2019-10-15 03:19:15,687 [grpc-default-executor-3] INFO  impl.RoleInfo (RoleInfo.java:updateAndGet(143)) - 742c26a8-c271-430a-a05a-c8bba3fa6d96: start FollowerState
2019-10-15 03:19:15,687 [Thread-868] INFO  impl.FollowerState (FollowerState.java:run(117)) - 742c26a8-c271-430a-a05a-c8bba3fa6d96@group-5FF82F29B6C0-FollowerState was interrupted: java.lang.InterruptedException: sleep interrupted
2019-10-15 03:19:15,713 [4c6a16c4-95d2-4ef7-9fc0-4f57ccbd9967@group-5FF82F29B6C0-LeaderElection86] INFO  impl.LeaderElection (LeaderElection.java:logAndReturn(56)) - 4c6a16c4-95d2-4ef7-9fc0-4f57ccbd9967@group-5FF82F29B6C0-LeaderElection86: Election REJECTED; received 2 response(s) [4c6a16c4-95d2-4ef7-9fc0-4f57ccbd9967<-742c26a8-c271-430a-a05a-c8bba3fa6d96#0:FAIL-t81, 4c6a16c4-95d2-4ef7-9fc0-4f57ccbd9967<-a910346c-1ee2-4cdc-a6d8-644a3a4f0b7f#0:FAIL-t81] and 0 exception(s); 4c6a16c4-95d2-4ef7-9fc0-4f57ccbd9967@group-5FF82F29B6C0:t81, leader=null, voted=4c6a16c4-95d2-4ef7-9fc0-4f57ccbd9967, raftlog=4c6a16c4-95d2-4ef7-9fc0-4f57ccbd9967@group-5FF82F29B6C0-SegmentedRaftLog:OPENED:c-1,f-1,i0, conf=-1: [4c6a16c4-95d2-4ef7-9fc0-4f57ccbd9967:192.168.5.131:39112, 742c26a8-c271-430a-a05a-c8bba3fa6d96:192.168.5.131:42235, a910346c-1ee2-4cdc-a6d8-644a3a4f0b7f:192.168.5.131:38193], old=null
2019-10-15 03:19:15,713 [4c6a16c4-95d2-4ef7-9fc0-4f57ccbd9967@group-5FF82F29B6C0-LeaderElection86] INFO  impl.RaftServerImpl (RaftServerImpl.java:setRole(184)) - 4c6a16c4-95d2-4ef7-9fc0-4f57ccbd9967@group-5FF82F29B6C0: changes role from CANDIDATE to FOLLOWER at term 81 for DISCOVERED_A_NEW_TERM
2019-10-15 03:19:15,713 [4c6a16c4-95d2-4ef7-9fc0-4f57ccbd9967@group-5FF82F29B6C0-LeaderElection86] INFO  impl.RoleInfo (RoleInfo.java:shutdownLeaderElection(134)) - 4c6a16c4-95d2-4ef7-9fc0-4f57ccbd9967: shutdown LeaderElection
2019-10-15 03:19:15,713 [4c6a16c4-95d2-4ef7-9fc0-4f57ccbd9967@group-5FF82F29B6C0-LeaderElection86] INFO  impl.RoleInfo (RoleInfo.java:updateAndGet(143)) - 4c6a16c4-95d2-4ef7-9fc0-4f57ccbd9967: start FollowerState
2019-10-15 03:19:15,862 [Thread-875] INFO  impl.FollowerState (FollowerState.java:run(108)) - 4c6a16c4-95d2-4ef7-9fc0-4f57ccbd9967@group-5FF82F29B6C0-FollowerState: change to CANDIDATE, lastRpcTime:148ms, electionTimeout:148ms
2019-10-15 03:19:15,862 [Thread-875] INFO  impl.RoleInfo (RoleInfo.java:shutdownFollowerState(121)) - 4c6a16c4-95d2-4ef7-9fc0-4f57ccbd9967: shutdown FollowerState
2019-10-15 03:19:15,862 [Thread-875] INFO  impl.RaftServerImpl (RaftServerImpl.java:setRole(184)) - 4c6a16c4-95d2-4ef7-9fc0-4f57ccbd9967@group-5FF82F29B6C0: changes role from  FOLLOWER to CANDIDATE at term 81 for changeToCandidate
2019-10-15 03:19:15,863 [Thread-875] INFO  impl.RoleInfo (RoleInfo.java:updateAndGet(143)) - 4c6a16c4-95d2-4ef7-9fc0-4f57ccbd9967: start LeaderElection
2019-10-15 03:19:15,876 [4c6a16c4-95d2-4ef7-9fc0-4f57ccbd9967@group-5FF82F29B6C0-LeaderElection87] INFO  impl.LeaderElection (LeaderElection.java:askForVotes(178)) - 4c6a16c4-95d2-4ef7-9fc0-4f57ccbd9967@group-5FF82F29B6C0-LeaderElection87: begin an election at term 82 for -1: [4c6a16c4-95d2-4ef7-9fc0-4f57ccbd9967:192.168.5.131:39112, 742c26a8-c271-430a-a05a-c8bba3fa6d96:192.168.5.131:42235, a910346c-1ee2-4cdc-a6d8-644a3a4f0b7f:192.168.5.131:38193], old=null
2019-10-15 03:19:15,880 [grpc-default-executor-3] INFO  impl.RaftServerImpl (RaftServerImpl.java:setRole(184)) - a910346c-1ee2-4cdc-a6d8-644a3a4f0b7f@group-5FF82F29B6C0: changes role from  FOLLOWER to FOLLOWER at term 82 for recognizeCandidate:4c6a16c4-95d2-4ef7-9fc0-4f57ccbd9967
2019-10-15 03:19:15,880 [grpc-default-executor-4] INFO  impl.RaftServerImpl (RaftServerImpl.java:setRole(184)) - 742c26a8-c271-430a-a05a-c8bba3fa6d96@group-5FF82F29B6C0: changes role from  FOLLOWER to FOLLOWER at term 82 for recognizeCandidate:4c6a16c4-95d2-4ef7-9fc0-4f57ccbd9967
2019-10-15 03:19:15,880 [grpc-default-executor-3] INFO  impl.RoleInfo (RoleInfo.java:shutdownFollowerState(121)) - a910346c-1ee2-4cdc-a6d8-644a3a4f0b7f: shutdown FollowerState
2019-10-15 03:19:15,881 [grpc-default-executor-4] INFO  impl.RoleInfo (RoleInfo.java:shutdownFollowerState(121)) - 742c26a8-c271-430a-a05a-c8bba3fa6d96: shutdown FollowerState
2019-10-15 03:19:15,881 [Thread-873] INFO  impl.FollowerState (FollowerState.java:run(117)) - a910346c-1ee2-4cdc-a6d8-644a3a4f0b7f@group-5FF82F29B6C0-FollowerState was interrupted: java.lang.InterruptedException: sleep interrupted
2019-10-15 03:19:15,881 [grpc-default-executor-3] INFO  impl.RoleInfo (RoleInfo.java:updateAndGet(143)) - a910346c-1ee2-4cdc-a6d8-644a3a4f0b7f: start FollowerState
2019-10-15 03:19:15,881 [Thread-874] INFO  impl.FollowerState (FollowerState.java:run(117)) - 742c26a8-c271-430a-a05a-c8bba3fa6d96@group-5FF82F29B6C0-FollowerState was interrupted: java.lang.InterruptedException: sleep interrupted
2019-10-15 03:19:15,881 [grpc-default-executor-4] INFO  impl.RoleInfo (RoleInfo.java:updateAndGet(143)) - 742c26a8-c271-430a-a05a-c8bba3fa6d96: start FollowerState
2019-10-15 03:19:15,884 [4c6a16c4-95d2-4ef7-9fc0-4f57ccbd9967@group-5FF82F29B6C0-LeaderElection87] INFO  impl.LeaderElection (LeaderElection.java:logAndReturn(56)) - 4c6a16c4-95d2-4ef7-9fc0-4f57ccbd9967@group-5FF82F29B6C0-LeaderElection87: Election TIMEOUT; received 0 response(s) [] and 0 exception(s); 4c6a16c4-95d2-4ef7-9fc0-4f57ccbd9967@group-5FF82F29B6C0:t82, leader=null, voted=4c6a16c4-95d2-4ef7-9fc0-4f57ccbd9967, raftlog=4c6a16c4-95d2-4ef7-9fc0-4f57ccbd9967@group-5FF82F29B6C0-SegmentedRaftLog:OPENED:c-1,f-1,i0, conf=-1: [4c6a16c4-95d2-4ef7-9fc0-4f57ccbd9967:192.168.5.131:39112, 742c26a8-c271-430a-a05a-c8bba3fa6d96:192.168.5.131:42235, a910346c-1ee2-4cdc-a6d8-644a3a4f0b7f:192.168.5.131:38193], old=null
2019-10-15 03:19:15,898 [4c6a16c4-95d2-4ef7-9fc0-4f57ccbd9967@group-5FF82F29B6C0-LeaderElection87] INFO  impl.LeaderElection (LeaderElection.java:askForVotes(178)) - 4c6a16c4-95d2-4ef7-9fc0-4f57ccbd9967@group-5FF82F29B6C0-LeaderElection87: begin an election at term 83 for -1: [4c6a16c4-95d2-4ef7-9fc0-4f57ccbd9967:192.168.5.131:39112, 742c26a8-c271-430a-a05a-c8bba3fa6d96:192.168.5.131:42235, a910346c-1ee2-4cdc-a6d8-644a3a4f0b7f:192.168.5.131:38193], old=null
2019-10-15 03:19:15,900 [grpc-default-executor-3] INFO  impl.RaftServerImpl (RaftServerImpl.java:setRole(184)) - a910346c-1ee2-4cdc-a6d8-644a3a4f0b7f@group-5FF82F29B6C0: changes role from  FOLLOWER to FOLLOWER at term 83 for recognizeCandidate:4c6a16c4-95d2-4ef7-9fc0-4f57ccbd9967
2019-10-15 03:19:15,900 [grpc-default-executor-4] INFO  impl.RaftServerImpl (RaftServerImpl.java:setRole(184)) - 742c26a8-c271-430a-a05a-c8bba3fa6d96@group-5FF82F29B6C0: changes role from  FOLLOWER to FOLLOWER at term 83 for recognizeCandidate:4c6a16c4-95d2-4ef7-9fc0-4f57ccbd9967
2019-10-15 03:19:15,901 [grpc-default-executor-3] INFO  impl.RoleInfo (RoleInfo.java:shutdownFollowerState(121)) - a910346c-1ee2-4cdc-a6d8-644a3a4f0b7f: shutdown FollowerState
2019-10-15 03:19:15,901 [grpc-default-executor-4] INFO  impl.RoleInfo (RoleInfo.java:shutdownFollowerState(121)) - 742c26a8-c271-430a-a05a-c8bba3fa6d96: shutdown FollowerState
2019-10-15 03:19:15,901 [grpc-default-executor-3] INFO  impl.RoleInfo (RoleInfo.java:updateAndGet(143)) - a910346c-1ee2-4cdc-a6d8-644a3a4f0b7f: start FollowerState
2019-10-15 03:19:15,901 [Thread-879] INFO  impl.FollowerState (FollowerState.java:run(117)) - a910346c-1ee2-4cdc-a6d8-644a3a4f0b7f@group-5FF82F29B6C0-FollowerState was interrupted: java.lang.InterruptedException: sleep interrupted
2019-10-15 03:19:15,901 [grpc-default-executor-4] INFO  impl.RoleInfo (RoleInfo.java:updateAndGet(143)) - 742c26a8-c271-430a-a05a-c8bba3fa6d96: start FollowerState
2019-10-15 03:19:15,901 [Thread-880] INFO  impl.FollowerState (FollowerState.java:run(117)) - 742c26a8-c271-430a-a05a-c8bba3fa6d96@group-5FF82F29B6C0-FollowerState was interrupted: java.lang.InterruptedException: sleep interrupted
2019-10-15 03:19:15,909 [4c6a16c4-95d2-4ef7-9fc0-4f57ccbd9967@group-5FF82F29B6C0-LeaderElection87] INFO  impl.LeaderElection (LeaderElection.java:logAndReturn(56)) - 4c6a16c4-95d2-4ef7-9fc0-4f57ccbd9967@group-5FF82F29B6C0-LeaderElection87: Election REJECTED; received 2 response(s) [4c6a16c4-95d2-4ef7-9fc0-4f57ccbd9967<-742c26a8-c271-430a-a05a-c8bba3fa6d96#0:FAIL-t83, 4c6a16c4-95d2-4ef7-9fc0-4f57ccbd9967<-a910346c-1ee2-4cdc-a6d8-644a3a4f0b7f#0:FAIL-t83] and 0 exception(s); 4c6a16c4-95d2-4ef7-9fc0-4f57ccbd9967@group-5FF82F29B6C0:t83, leader=null, voted=4c6a16c4-95d2-4ef7-9fc0-4f57ccbd9967, raftlog=4c6a16c4-95d2-4ef7-9fc0-4f57ccbd9967@group-5FF82F29B6C0-SegmentedRaftLog:OPENED:c-1,f-1,i0, conf=-1: [4c6a16c4-95d2-4ef7-9fc0-4f57ccbd9967:192.168.5.131:39112, 742c26a8-c271-430a-a05a-c8bba3fa6d96:192.168.5.131:42235, a910346c-1ee2-4cdc-a6d8-644a3a4f0b7f:192.168.5.131:38193], old=null
2019-10-15 03:19:15,909 [4c6a16c4-95d2-4ef7-9fc0-4f57ccbd9967@group-5FF82F29B6C0-LeaderElection87] INFO  impl.RaftServerImpl (RaftServerImpl.java:setRole(184)) - 4c6a16c4-95d2-4ef7-9fc0-4f57ccbd9967@group-5FF82F29B6C0: changes role from CANDIDATE to FOLLOWER at term 83 for DISCOVERED_A_NEW_TERM
2019-10-15 03:19:15,909 [4c6a16c4-95d2-4ef7-9fc0-4f57ccbd9967@group-5FF82F29B6C0-LeaderElection87] INFO  impl.RoleInfo (RoleInfo.java:shutdownLeaderElection(134)) - 4c6a16c4-95d2-4ef7-9fc0-4f57ccbd9967: shutdown LeaderElection
2019-10-15 03:19:15,909 [4c6a16c4-95d2-4ef7-9fc0-4f57ccbd9967@group-5FF82F29B6C0-LeaderElection87] INFO  impl.RoleInfo (RoleInfo.java:updateAndGet(143)) - 4c6a16c4-95d2-4ef7-9fc0-4f57ccbd9967: start FollowerState
2019-10-15 03:19:16,060 [Thread-887] INFO  impl.FollowerState (FollowerState.java:run(108)) - 4c6a16c4-95d2-4ef7-9fc0-4f57ccbd9967@group-5FF82F29B6C0-FollowerState: change to CANDIDATE, lastRpcTime:150ms, electionTimeout:150ms
2019-10-15 03:19:16,060 [Thread-887] INFO  impl.RoleInfo (RoleInfo.java:shutdownFollowerState(121)) - 4c6a16c4-95d2-4ef7-9fc0-4f57ccbd9967: shutdown FollowerState
2019-10-15 03:19:16,060 [Thread-887] INFO  impl.RaftServerImpl (RaftServerImpl.java:setRole(184)) - 4c6a16c4-95d2-4ef7-9fc0-4f57ccbd9967@group-5FF82F29B6C0: changes role from  FOLLOWER to CANDIDATE at term 83 for changeToCandidate
2019-10-15 03:19:16,061 [Thread-887] INFO  impl.RoleInfo (RoleInfo.java:updateAndGet(143)) - 4c6a16c4-95d2-4ef7-9fc0-4f57ccbd9967: start LeaderElection
2019-10-15 03:19:16,075 [4c6a16c4-95d2-4ef7-9fc0-4f57ccbd9967@group-5FF82F29B6C0-LeaderElection88] INFO  impl.LeaderElection (LeaderElection.java:askForVotes(178)) - 4c6a16c4-95d2-4ef7-9fc0-4f57ccbd9967@group-5FF82F29B6C0-LeaderElection88: begin an election at term 84 for -1: [4c6a16c4-95d2-4ef7-9fc0-4f57ccbd9967:192.168.5.131:39112, 742c26a8-c271-430a-a05a-c8bba3fa6d96:192.168.5.131:42235, a910346c-1ee2-4cdc-a6d8-644a3a4f0b7f:192.168.5.131:38193], old=null
2019-10-15 03:19:16,078 [grpc-default-executor-3] INFO  impl.RaftServerImpl (RaftServerImpl.java:setRole(184)) - 742c26a8-c271-430a-a05a-c8bba3fa6d96@group-5FF82F29B6C0: changes role from  FOLLOWER to FOLLOWER at term 84 for recognizeCandidate:4c6a16c4-95d2-4ef7-9fc0-4f57ccbd9967
2019-10-15 03:19:16,078 [grpc-default-executor-4] INFO  impl.RaftServerImpl (RaftServerImpl.java:setRole(184)) - a910346c-1ee2-4cdc-a6d8-644a3a4f0b7f@group-5FF82F29B6C0: changes role from  FOLLOWER to FOLLOWER at term 84 for recognizeCandidate:4c6a16c4-95d2-4ef7-9fc0-4f57ccbd9967
2019-10-15 03:19:16,078 [grpc-default-executor-3] INFO  impl.RoleInfo (RoleInfo.java:shutdownFollowerState(121)) - 742c26a8-c271-430a-a05a-c8bba3fa6d96: shutdown FollowerState
2019-10-15 03:19:16,078 [grpc-default-executor-4] INFO  impl.RoleInfo (RoleInfo.java:shutdownFollowerState(121)) - a910346c-1ee2-4cdc-a6d8-644a3a4f0b7f: shutdown FollowerState
2019-10-15 03:19:16,079 [Thread-886] INFO  impl.FollowerState (FollowerState.java:run(117)) - 742c26a8-c271-430a-a05a-c8bba3fa6d96@group-5FF82F29B6C0-FollowerState was interrupted: java.lang.InterruptedException: sleep interrupted
2019-10-15 03:19:16,079 [grpc-default-executor-3] INFO  impl.RoleInfo (RoleInfo.java:updateAndGet(143)) - 742c26a8-c271-430a-a05a-c8bba3fa6d96: start FollowerState
2019-10-15 03:19:16,079 [Thread-885] INFO  impl.FollowerState (FollowerState.java:run(117)) - a910346c-1ee2-4cdc-a6d8-644a3a4f0b7f@group-5FF82F29B6C0-FollowerState was interrupted: java.lang.InterruptedException: sleep interrupted
2019-10-15 03:19:16,079 [grpc-default-executor-4] INFO  impl.RoleInfo (RoleInfo.java:updateAndGet(143)) - a910346c-1ee2-4cdc-a6d8-644a3a4f0b7f: start FollowerState
2019-10-15 03:19:16,105 [4c6a16c4-95d2-4ef7-9fc0-4f57ccbd9967@group-5FF82F29B6C0-LeaderElection88] INFO  impl.LeaderElection (LeaderElection.java:logAndReturn(56)) - 4c6a16c4-95d2-4ef7-9fc0-4f57ccbd9967@group-5FF82F29B6C0-LeaderElection88: Election REJECTED; received 2 response(s) [4c6a16c4-95d2-4ef7-9fc0-4f57ccbd9967<-742c26a8-c271-430a-a05a-c8bba3fa6d96#0:FAIL-t84, 4c6a16c4-95d2-4ef7-9fc0-4f57ccbd9967<-a910346c-1ee2-4cdc-a6d8-644a3a4f0b7f#0:FAIL-t84] and 0 exception(s); 4c6a16c4-95d2-4ef7-9fc0-4f57ccbd9967@group-5FF82F29B6C0:t84, leader=null, voted=4c6a16c4-95d2-4ef7-9fc0-4f57ccbd9967, raftlog=4c6a16c4-95d2-4ef7-9fc0-4f57ccbd9967@group-5FF82F29B6C0-SegmentedRaftLog:OPENED:c-1,f-1,i0, conf=-1: [4c6a16c4-95d2-4ef7-9fc0-4f57ccbd9967:192.168.5.131:39112, 742c26a8-c271-430a-a05a-c8bba3fa6d96:192.168.5.131:42235, a910346c-1ee2-4cdc-a6d8-644a3a4f0b7f:192.168.5.131:38193], old=null
2019-10-15 03:19:16,106 [4c6a16c4-95d2-4ef7-9fc0-4f57ccbd9967@group-5FF82F29B6C0-LeaderElection88] INFO  impl.RaftServerImpl (RaftServerImpl.java:setRole(184)) - 4c6a16c4-95d2-4ef7-9fc0-4f57ccbd9967@group-5FF82F29B6C0: changes role from CANDIDATE to FOLLOWER at term 84 for DISCOVERED_A_NEW_TERM
2019-10-15 03:19:16,106 [4c6a16c4-95d2-4ef7-9fc0-4f57ccbd9967@group-5FF82F29B6C0-LeaderElection88] INFO  impl.RoleInfo (RoleInfo.java:shutdownLeaderElection(134)) - 4c6a16c4-95d2-4ef7-9fc0-4f57ccbd9967: shutdown LeaderElection
2019-10-15 03:19:16,106 [4c6a16c4-95d2-4ef7-9fc0-4f57ccbd9967@group-5FF82F29B6C0-LeaderElection88] INFO  impl.RoleInfo (RoleInfo.java:updateAndGet(143)) - 4c6a16c4-95d2-4ef7-9fc0-4f57ccbd9967: start FollowerState
2019-10-15 03:19:16,212 [Thread-893] INFO  impl.FollowerState (FollowerState.java:run(108)) - 4c6a16c4-95d2-4ef7-9fc0-4f57ccbd9967@group-5FF82F29B6C0-FollowerState: change to CANDIDATE, lastRpcTime:105ms, electionTimeout:105ms
2019-10-15 03:19:16,212 [Thread-893] INFO  impl.RoleInfo (RoleInfo.java:shutdownFollowerState(121)) - 4c6a16c4-95d2-4ef7-9fc0-4f57ccbd9967: shutdown FollowerState
2019-10-15 03:19:16,212 [Thread-893] INFO  impl.RaftServerImpl (RaftServerImpl.java:setRole(184)) - 4c6a16c4-95d2-4ef7-9fc0-4f57ccbd9967@group-5FF82F29B6C0: changes role from  FOLLOWER to CANDIDATE at term 84 for changeToCandidate
2019-10-15 03:19:16,212 [Thread-893] INFO  impl.RoleInfo (RoleInfo.java:updateAndGet(143)) - 4c6a16c4-95d2-4ef7-9fc0-4f57ccbd9967: start LeaderElection
2019-10-15 03:19:16,227 [4c6a16c4-95d2-4ef7-9fc0-4f57ccbd9967@group-5FF82F29B6C0-LeaderElection89] INFO  impl.LeaderElection (LeaderElection.java:askForVotes(178)) - 4c6a16c4-95d2-4ef7-9fc0-4f57ccbd9967@group-5FF82F29B6C0-LeaderElection89: begin an election at term 85 for -1: [4c6a16c4-95d2-4ef7-9fc0-4f57ccbd9967:192.168.5.131:39112, 742c26a8-c271-430a-a05a-c8bba3fa6d96:192.168.5.131:42235, a910346c-1ee2-4cdc-a6d8-644a3a4f0b7f:192.168.5.131:38193], old=null
2019-10-15 03:19:16,230 [grpc-default-executor-3] INFO  impl.RaftServerImpl (RaftServerImpl.java:setRole(184)) - a910346c-1ee2-4cdc-a6d8-644a3a4f0b7f@group-5FF82F29B6C0: changes role from  FOLLOWER to FOLLOWER at term 85 for recognizeCandidate:4c6a16c4-95d2-4ef7-9fc0-4f57ccbd9967
2019-10-15 03:19:16,230 [grpc-default-executor-4] INFO  impl.RaftServerImpl (RaftServerImpl.java:setRole(184)) - 742c26a8-c271-430a-a05a-c8bba3fa6d96@group-5FF82F29B6C0: changes role from  FOLLOWER to FOLLOWER at term 85 for recognizeCandidate:4c6a16c4-95d2-4ef7-9fc0-4f57ccbd9967
2019-10-15 03:19:16,230 [grpc-default-executor-3] INFO  impl.RoleInfo (RoleInfo.java:shutdownFollowerState(121)) - a910346c-1ee2-4cdc-a6d8-644a3a4f0b7f: shutdown FollowerState
2019-10-15 03:19:16,230 [grpc-default-executor-4] INFO  impl.RoleInfo (RoleInfo.java:shutdownFollowerState(121)) - 742c26a8-c271-430a-a05a-c8bba3fa6d96: shutdown FollowerState
2019-10-15 03:19:16,230 [grpc-default-executor-3] INFO  impl.RoleInfo (RoleInfo.java:updateAndGet(143)) - a910346c-1ee2-4cdc-a6d8-644a3a4f0b7f: start FollowerState
2019-10-15 03:19:16,230 [Thread-891] INFO  impl.FollowerState (FollowerState.java:run(117)) - 742c26a8-c271-430a-a05a-c8bba3fa6d96@group-5FF82F29B6C0-FollowerState was interrupted: java.lang.InterruptedException: sleep interrupted
2019-10-15 03:19:16,230 [Thread-892] INFO  impl.FollowerState (FollowerState.java:run(117)) - a910346c-1ee2-4cdc-a6d8-644a3a4f0b7f@group-5FF82F29B6C0-FollowerState was interrupted: java.lang.InterruptedException: sleep interrupted
2019-10-15 03:19:16,230 [grpc-default-executor-4] INFO  impl.RoleInfo (RoleInfo.java:updateAndGet(143)) - 742c26a8-c271-430a-a05a-c8bba3fa6d96: start FollowerState
2019-10-15 03:19:16,245 [4c6a16c4-95d2-4ef7-9fc0-4f57ccbd9967@group-5FF82F29B6C0-LeaderElection89] INFO  impl.LeaderElection (LeaderElection.java:logAndReturn(56)) - 4c6a16c4-95d2-4ef7-9fc0-4f57ccbd9967@group-5FF82F29B6C0-LeaderElection89: Election REJECTED; received 2 response(s) [4c6a16c4-95d2-4ef7-9fc0-4f57ccbd9967<-742c26a8-c271-430a-a05a-c8bba3fa6d96#0:FAIL-t85, 4c6a16c4-95d2-4ef7-9fc0-4f57ccbd9967<-a910346c-1ee2-4cdc-a6d8-644a3a4f0b7f#0:FAIL-t85] and 0 exception(s); 4c6a16c4-95d2-4ef7-9fc0-4f57ccbd9967@group-5FF82F29B6C0:t85, leader=null, voted=4c6a16c4-95d2-4ef7-9fc0-4f57ccbd9967, raftlog=4c6a16c4-95d2-4ef7-9fc0-4f57ccbd9967@group-5FF82F29B6C0-SegmentedRaftLog:OPENED:c-1,f-1,i0, conf=-1: [4c6a16c4-95d2-4ef7-9fc0-4f57ccbd9967:192.168.5.131:39112, 742c26a8-c271-430a-a05a-c8bba3fa6d96:192.168.5.131:42235, a910346c-1ee2-4cdc-a6d8-644a3a4f0b7f:192.168.5.131:38193], old=null
2019-10-15 03:19:16,245 [4c6a16c4-95d2-4ef7-9fc0-4f57ccbd9967@group-5FF82F29B6C0-LeaderElection89] INFO  impl.RaftServerImpl (RaftServerImpl.java:setRole(184)) - 4c6a16c4-95d2-4ef7-9fc0-4f57ccbd9967@group-5FF82F29B6C0: changes role from CANDIDATE to FOLLOWER at term 85 for DISCOVERED_A_NEW_TERM
2019-10-15 03:19:16,246 [4c6a16c4-95d2-4ef7-9fc0-4f57ccbd9967@group-5FF82F29B6C0-LeaderElection89] INFO  impl.RoleInfo (RoleInfo.java:shutdownLeaderElection(134)) - 4c6a16c4-95d2-4ef7-9fc0-4f57ccbd9967: shutdown LeaderElection
2019-10-15 03:19:16,246 [4c6a16c4-95d2-4ef7-9fc0-4f57ccbd9967@group-5FF82F29B6C0-LeaderElection89] INFO  impl.RoleInfo (RoleInfo.java:updateAndGet(143)) - 4c6a16c4-95d2-4ef7-9fc0-4f57ccbd9967: start FollowerState
2019-10-15 03:19:16,441 [Thread-899] INFO  impl.FollowerState (FollowerState.java:run(108)) - 4c6a16c4-95d2-4ef7-9fc0-4f57ccbd9967@group-5FF82F29B6C0-FollowerState: change to CANDIDATE, lastRpcTime:195ms, electionTimeout:195ms
2019-10-15 03:19:16,441 [Thread-899] INFO  impl.RoleInfo (RoleInfo.java:shutdownFollowerState(121)) - 4c6a16c4-95d2-4ef7-9fc0-4f57ccbd9967: shutdown FollowerState
2019-10-15 03:19:16,442 [Thread-899] INFO  impl.RaftServerImpl (RaftServerImpl.java:setRole(184)) - 4c6a16c4-95d2-4ef7-9fc0-4f57ccbd9967@group-5FF82F29B6C0: changes role from  FOLLOWER to CANDIDATE at term 85 for changeToCandidate
2019-10-15 03:19:16,442 [Thread-899] INFO  impl.RoleInfo (RoleInfo.java:updateAndGet(143)) - 4c6a16c4-95d2-4ef7-9fc0-4f57ccbd9967: start LeaderElection
2019-10-15 03:19:16,456 [4c6a16c4-95d2-4ef7-9fc0-4f57ccbd9967@group-5FF82F29B6C0-LeaderElection90] INFO  impl.LeaderElection (LeaderElection.java:askForVotes(178)) - 4c6a16c4-95d2-4ef7-9fc0-4f57ccbd9967@group-5FF82F29B6C0-LeaderElection90: begin an election at term 86 for -1: [4c6a16c4-95d2-4ef7-9fc0-4f57ccbd9967:192.168.5.131:39112, 742c26a8-c271-430a-a05a-c8bba3fa6d96:192.168.5.131:42235, a910346c-1ee2-4cdc-a6d8-644a3a4f0b7f:192.168.5.131:38193], old=null
2019-10-15 03:19:16,470 [4c6a16c4-95d2-4ef7-9fc0-4f57ccbd9967@group-5FF82F29B6C0-LeaderElection90] INFO  impl.LeaderElection (LeaderElection.java:logAndReturn(56)) - 4c6a16c4-95d2-4ef7-9fc0-4f57ccbd9967@group-5FF82F29B6C0-LeaderElection90: Election TIMEOUT; received 0 response(s) [] and 0 exception(s); 4c6a16c4-95d2-4ef7-9fc0-4f57ccbd9967@group-5FF82F29B6C0:t86, leader=null, voted=4c6a16c4-95d2-4ef7-9fc0-4f57ccbd9967, raftlog=4c6a16c4-95d2-4ef7-9fc0-4f57ccbd9967@group-5FF82F29B6C0-SegmentedRaftLog:OPENED:c-1,f-1,i0, conf=-1: [4c6a16c4-95d2-4ef7-9fc0-4f57ccbd9967:192.168.5.131:39112, 742c26a8-c271-430a-a05a-c8bba3fa6d96:192.168.5.131:42235, a910346c-1ee2-4cdc-a6d8-644a3a4f0b7f:192.168.5.131:38193], old=null
2019-10-15 03:19:16,473 [grpc-default-executor-4] INFO  impl.RaftServerImpl (RaftServerImpl.java:setRole(184)) - 742c26a8-c271-430a-a05a-c8bba3fa6d96@group-5FF82F29B6C0: changes role from  FOLLOWER to FOLLOWER at term 86 for recognizeCandidate:4c6a16c4-95d2-4ef7-9fc0-4f57ccbd9967
2019-10-15 03:19:16,473 [grpc-default-executor-3] INFO  impl.RaftServerImpl (RaftServerImpl.java:setRole(184)) - a910346c-1ee2-4cdc-a6d8-644a3a4f0b7f@group-5FF82F29B6C0: changes role from  FOLLOWER to FOLLOWER at term 86 for recognizeCandidate:4c6a16c4-95d2-4ef7-9fc0-4f57ccbd9967
2019-10-15 03:19:16,473 [grpc-default-executor-4] INFO  impl.RoleInfo (RoleInfo.java:shutdownFollowerState(121)) - 742c26a8-c271-430a-a05a-c8bba3fa6d96: shutdown FollowerState
2019-10-15 03:19:16,473 [grpc-default-executor-3] INFO  impl.RoleInfo (RoleInfo.java:shutdownFollowerState(121)) - a910346c-1ee2-4cdc-a6d8-644a3a4f0b7f: shutdown FollowerState
2019-10-15 03:19:16,473 [grpc-default-executor-4] INFO  impl.RoleInfo (RoleInfo.java:updateAndGet(143)) - 742c26a8-c271-430a-a05a-c8bba3fa6d96: start FollowerState
2019-10-15 03:19:16,474 [grpc-default-executor-3] INFO  impl.RoleInfo (RoleInfo.java:updateAndGet(143)) - a910346c-1ee2-4cdc-a6d8-644a3a4f0b7f: start FollowerState
2019-10-15 03:19:16,476 [Thread-898] INFO  impl.FollowerState (FollowerState.java:run(117)) - 742c26a8-c271-430a-a05a-c8bba3fa6d96@group-5FF82F29B6C0-FollowerState was interrupted: java.lang.InterruptedException: sleep interrupted
2019-10-15 03:19:16,476 [Thread-897] INFO  impl.FollowerState (FollowerState.java:run(117)) - a910346c-1ee2-4cdc-a6d8-644a3a4f0b7f@group-5FF82F29B6C0-FollowerState was interrupted: java.lang.InterruptedException: sleep interrupted
2019-10-15 03:19:16,478 [4c6a16c4-95d2-4ef7-9fc0-4f57ccbd9967@group-5FF82F29B6C0-LeaderElection90] INFO  impl.LeaderElection (LeaderElection.java:askForVotes(178)) - 4c6a16c4-95d2-4ef7-9fc0-4f57ccbd9967@group-5FF82F29B6C0-LeaderElection90: begin an election at term 87 for -1: [4c6a16c4-95d2-4ef7-9fc0-4f57ccbd9967:192.168.5.131:39112, 742c26a8-c271-430a-a05a-c8bba3fa6d96:192.168.5.131:42235, a910346c-1ee2-4cdc-a6d8-644a3a4f0b7f:192.168.5.131:38193], old=null
2019-10-15 03:19:16,490 [grpc-default-executor-5] INFO  impl.RaftServerImpl (RaftServerImpl.java:setRole(184)) - 742c26a8-c271-430a-a05a-c8bba3fa6d96@group-5FF82F29B6C0: changes role from  FOLLOWER to FOLLOWER at term 87 for recognizeCandidate:4c6a16c4-95d2-4ef7-9fc0-4f57ccbd9967
2019-10-15 03:19:16,490 [grpc-default-executor-6] INFO  impl.RaftServerImpl (RaftServerImpl.java:setRole(184)) - a910346c-1ee2-4cdc-a6d8-644a3a4f0b7f@group-5FF82F29B6C0: changes role from  FOLLOWER to FOLLOWER at term 87 for recognizeCandidate:4c6a16c4-95d2-4ef7-9fc0-4f57ccbd9967
2019-10-15 03:19:16,490 [grpc-default-executor-5] INFO  impl.RoleInfo (RoleInfo.java:shutdownFollowerState(121)) - 742c26a8-c271-430a-a05a-c8bba3fa6d96: shutdown FollowerState
2019-10-15 03:19:16,491 [grpc-default-executor-6] INFO  impl.RoleInfo (RoleInfo.java:shutdownFollowerState(121)) - a910346c-1ee2-4cdc-a6d8-644a3a4f0b7f: shutdown FollowerState
2019-10-15 03:19:16,500 [grpc-default-executor-6] INFO  impl.RoleInfo (RoleInfo.java:updateAndGet(143)) - a910346c-1ee2-4cdc-a6d8-644a3a4f0b7f: start FollowerState
2019-10-15 03:19:16,500 [Thread-908] INFO  impl.FollowerState (FollowerState.java:run(117)) - a910346c-1ee2-4cdc-a6d8-644a3a4f0b7f@group-5FF82F29B6C0-FollowerState was interrupted: java.lang.InterruptedException: sleep interrupted
2019-10-15 03:19:16,500 [Thread-907] INFO  impl.FollowerState (FollowerState.java:run(117)) - 742c26a8-c271-430a-a05a-c8bba3fa6d96@group-5FF82F29B6C0-FollowerState was interrupted: java.lang.InterruptedException: sleep interrupted
2019-10-15 03:19:16,500 [grpc-default-executor-5] INFO  impl.RoleInfo (RoleInfo.java:updateAndGet(143)) - 742c26a8-c271-430a-a05a-c8bba3fa6d96: start FollowerState
2019-10-15 03:19:16,504 [4c6a16c4-95d2-4ef7-9fc0-4f57ccbd9967@group-5FF82F29B6C0-LeaderElection90] INFO  impl.LeaderElection (LeaderElection.java:logAndReturn(56)) - 4c6a16c4-95d2-4ef7-9fc0-4f57ccbd9967@group-5FF82F29B6C0-LeaderElection90: Election TIMEOUT; received 0 response(s) [] and 0 exception(s); 4c6a16c4-95d2-4ef7-9fc0-4f57ccbd9967@group-5FF82F29B6C0:t87, leader=null, voted=4c6a16c4-95d2-4ef7-9fc0-4f57ccbd9967, raftlog=4c6a16c4-95d2-4ef7-9fc0-4f57ccbd9967@group-5FF82F29B6C0-SegmentedRaftLog:OPENED:c-1,f-1,i0, conf=-1: [4c6a16c4-95d2-4ef7-9fc0-4f57ccbd9967:192.168.5.131:39112, 742c26a8-c271-430a-a05a-c8bba3fa6d96:192.168.5.131:42235, a910346c-1ee2-4cdc-a6d8-644a3a4f0b7f:192.168.5.131:38193], old=null
2019-10-15 03:19:16,520 [4c6a16c4-95d2-4ef7-9fc0-4f57ccbd9967@group-5FF82F29B6C0-LeaderElection90] INFO  impl.LeaderElection (LeaderElection.java:askForVotes(178)) - 4c6a16c4-95d2-4ef7-9fc0-4f57ccbd9967@group-5FF82F29B6C0-LeaderElection90: begin an election at term 88 for -1: [4c6a16c4-95d2-4ef7-9fc0-4f57ccbd9967:192.168.5.131:39112, 742c26a8-c271-430a-a05a-c8bba3fa6d96:192.168.5.131:42235, a910346c-1ee2-4cdc-a6d8-644a3a4f0b7f:192.168.5.131:38193], old=null
2019-10-15 03:19:16,535 [grpc-default-executor-5] INFO  impl.RaftServerImpl (RaftServerImpl.java:setRole(184)) - 742c26a8-c271-430a-a05a-c8bba3fa6d96@group-5FF82F29B6C0: changes role from  FOLLOWER to FOLLOWER at term 88 for recognizeCandidate:4c6a16c4-95d2-4ef7-9fc0-4f57ccbd9967
2019-10-15 03:19:16,535 [grpc-default-executor-6] INFO  impl.RaftServerImpl (RaftServerImpl.java:setRole(184)) - a910346c-1ee2-4cdc-a6d8-644a3a4f0b7f@group-5FF82F29B6C0: changes role from  FOLLOWER to FOLLOWER at term 88 for recognizeCandidate:4c6a16c4-95d2-4ef7-9fc0-4f57ccbd9967
2019-10-15 03:19:16,535 [grpc-default-executor-5] INFO  impl.RoleInfo (RoleInfo.java:shutdownFollowerState(121)) - 742c26a8-c271-430a-a05a-c8bba3fa6d96: shutdown FollowerState
2019-10-15 03:19:16,535 [grpc-default-executor-6] INFO  impl.RoleInfo (RoleInfo.java:shutdownFollowerState(121)) - a910346c-1ee2-4cdc-a6d8-644a3a4f0b7f: shutdown FollowerState
2019-10-15 03:19:16,546 [grpc-default-executor-6] INFO  impl.RoleInfo (RoleInfo.java:updateAndGet(143)) - a910346c-1ee2-4cdc-a6d8-644a3a4f0b7f: start FollowerState
2019-10-15 03:19:16,546 [Thread-912] INFO  impl.FollowerState (FollowerState.java:run(117)) - 742c26a8-c271-430a-a05a-c8bba3fa6d96@group-5FF82F29B6C0-FollowerState was interrupted: java.lang.InterruptedException: sleep interrupted
2019-10-15 03:19:16,546 [grpc-default-executor-5] INFO  impl.RoleInfo (RoleInfo.java:updateAndGet(143)) - 742c26a8-c271-430a-a05a-c8bba3fa6d96: start FollowerState
2019-10-15 03:19:16,546 [Thread-911] INFO  impl.FollowerState (FollowerState.java:run(117)) - a910346c-1ee2-4cdc-a6d8-644a3a4f0b7f@group-5FF82F29B6C0-FollowerState was interrupted: java.lang.InterruptedException: sleep interrupted
2019-10-15 03:19:16,572 [4c6a16c4-95d2-4ef7-9fc0-4f57ccbd9967@group-5FF82F29B6C0-LeaderElection90] INFO  impl.LeaderElection (LeaderElection.java:logAndReturn(56)) - 4c6a16c4-95d2-4ef7-9fc0-4f57ccbd9967@group-5FF82F29B6C0-LeaderElection90: Election REJECTED; received 2 response(s) [4c6a16c4-95d2-4ef7-9fc0-4f57ccbd9967<-742c26a8-c271-430a-a05a-c8bba3fa6d96#0:FAIL-t88, 4c6a16c4-95d2-4ef7-9fc0-4f57ccbd9967<-a910346c-1ee2-4cdc-a6d8-644a3a4f0b7f#0:FAIL-t88] and 0 exception(s); 4c6a16c4-95d2-4ef7-9fc0-4f57ccbd9967@group-5FF82F29B6C0:t88, leader=null, voted=4c6a16c4-95d2-4ef7-9fc0-4f57ccbd9967, raftlog=4c6a16c4-95d2-4ef7-9fc0-4f57ccbd9967@group-5FF82F29B6C0-SegmentedRaftLog:OPENED:c-1,f-1,i0, conf=-1: [4c6a16c4-95d2-4ef7-9fc0-4f57ccbd9967:192.168.5.131:39112, 742c26a8-c271-430a-a05a-c8bba3fa6d96:192.168.5.131:42235, a910346c-1ee2-4cdc-a6d8-644a3a4f0b7f:192.168.5.131:38193], old=null
2019-10-15 03:19:16,572 [4c6a16c4-95d2-4ef7-9fc0-4f57ccbd9967@group-5FF82F29B6C0-LeaderElection90] INFO  impl.RaftServerImpl (RaftServerImpl.java:setRole(184)) - 4c6a16c4-95d2-4ef7-9fc0-4f57ccbd9967@group-5FF82F29B6C0: changes role from CANDIDATE to FOLLOWER at term 88 for DISCOVERED_A_NEW_TERM
2019-10-15 03:19:16,573 [4c6a16c4-95d2-4ef7-9fc0-4f57ccbd9967@group-5FF82F29B6C0-LeaderElection90] INFO  impl.RoleInfo (RoleInfo.java:shutdownLeaderElection(134)) - 4c6a16c4-95d2-4ef7-9fc0-4f57ccbd9967: shutdown LeaderElection
2019-10-15 03:19:16,583 [4c6a16c4-95d2-4ef7-9fc0-4f57ccbd9967@group-5FF82F29B6C0-LeaderElection90] INFO  impl.RoleInfo (RoleInfo.java:updateAndGet(143)) - 4c6a16c4-95d2-4ef7-9fc0-4f57ccbd9967: start FollowerState
2019-10-15 03:19:16,697 [Thread-917] INFO  impl.FollowerState (FollowerState.java:run(108)) - 4c6a16c4-95d2-4ef7-9fc0-4f57ccbd9967@group-5FF82F29B6C0-FollowerState: change to CANDIDATE, lastRpcTime:113ms, electionTimeout:113ms
2019-10-15 03:19:16,697 [Thread-917] INFO  impl.RoleInfo (RoleInfo.java:shutdownFollowerState(121)) - 4c6a16c4-95d2-4ef7-9fc0-4f57ccbd9967: shutdown FollowerState
2019-10-15 03:19:16,697 [Thread-917] INFO  impl.RaftServerImpl (RaftServerImpl.java:setRole(184)) - 4c6a16c4-95d2-4ef7-9fc0-4f57ccbd9967@group-5FF82F29B6C0: changes role from  FOLLOWER to CANDIDATE at term 88 for changeToCandidate
2019-10-15 03:19:16,697 [Thread-917] INFO  impl.RoleInfo (RoleInfo.java:updateAndGet(143)) - 4c6a16c4-95d2-4ef7-9fc0-4f57ccbd9967: start LeaderElection
2019-10-15 03:19:16,712 [4c6a16c4-95d2-4ef7-9fc0-4f57ccbd9967@group-5FF82F29B6C0-LeaderElection91] INFO  impl.LeaderElection (LeaderElection.java:askForVotes(178)) - 4c6a16c4-95d2-4ef7-9fc0-4f57ccbd9967@group-5FF82F29B6C0-LeaderElection91: begin an election at term 89 for -1: [4c6a16c4-95d2-4ef7-9fc0-4f57ccbd9967:192.168.5.131:39112, 742c26a8-c271-430a-a05a-c8bba3fa6d96:192.168.5.131:42235, a910346c-1ee2-4cdc-a6d8-644a3a4f0b7f:192.168.5.131:38193], old=null
2019-10-15 03:19:16,715 [grpc-default-executor-5] INFO  impl.RaftServerImpl (RaftServerImpl.java:setRole(184)) - a910346c-1ee2-4cdc-a6d8-644a3a4f0b7f@group-5FF82F29B6C0: changes role from  FOLLOWER to FOLLOWER at term 89 for recognizeCandidate:4c6a16c4-95d2-4ef7-9fc0-4f57ccbd9967
2019-10-15 03:19:16,715 [grpc-default-executor-6] INFO  impl.RaftServerImpl (RaftServerImpl.java:setRole(184)) - 742c26a8-c271-430a-a05a-c8bba3fa6d96@group-5FF82F29B6C0: changes role from  FOLLOWER to FOLLOWER at term 89 for recognizeCandidate:4c6a16c4-95d2-4ef7-9fc0-4f57ccbd9967
2019-10-15 03:19:16,715 [grpc-default-executor-5] INFO  impl.RoleInfo (RoleInfo.java:shutdownFollowerState(121)) - a910346c-1ee2-4cdc-a6d8-644a3a4f0b7f: shutdown FollowerState
2019-10-15 03:19:16,715 [grpc-default-executor-6] INFO  impl.RoleInfo (RoleInfo.java:shutdownFollowerState(121)) - 742c26a8-c271-430a-a05a-c8bba3fa6d96: shutdown FollowerState
2019-10-15 03:19:16,716 [Thread-915] INFO  impl.FollowerState (FollowerState.java:run(117)) - a910346c-1ee2-4cdc-a6d8-644a3a4f0b7f@group-5FF82F29B6C0-FollowerState was interrupted: java.lang.InterruptedException: sleep interrupted
2019-10-15 03:19:16,716 [grpc-default-executor-5] INFO  impl.RoleInfo (RoleInfo.java:updateAndGet(143)) - a910346c-1ee2-4cdc-a6d8-644a3a4f0b7f: start FollowerState
2019-10-15 03:19:16,716 [Thread-916] INFO  impl.FollowerState (FollowerState.java:run(117)) - 742c26a8-c271-430a-a05a-c8bba3fa6d96@group-5FF82F29B6C0-FollowerState was interrupted: java.lang.InterruptedException: sleep interrupted
2019-10-15 03:19:16,716 [grpc-default-executor-6] INFO  impl.RoleInfo (RoleInfo.java:updateAndGet(143)) - 742c26a8-c271-430a-a05a-c8bba3fa6d96: start FollowerState
2019-10-15 03:19:16,745 [4c6a16c4-95d2-4ef7-9fc0-4f57ccbd9967@group-5FF82F29B6C0-LeaderElection91] INFO  impl.LeaderElection (LeaderElection.java:logAndReturn(56)) - 4c6a16c4-95d2-4ef7-9fc0-4f57ccbd9967@group-5FF82F29B6C0-LeaderElection91: Election REJECTED; received 2 response(s) [4c6a16c4-95d2-4ef7-9fc0-4f57ccbd9967<-742c26a8-c271-430a-a05a-c8bba3fa6d96#0:FAIL-t89, 4c6a16c4-95d2-4ef7-9fc0-4f57ccbd9967<-a910346c-1ee2-4cdc-a6d8-644a3a4f0b7f#0:FAIL-t89] and 0 exception(s); 4c6a16c4-95d2-4ef7-9fc0-4f57ccbd9967@group-5FF82F29B6C0:t89, leader=null, voted=4c6a16c4-95d2-4ef7-9fc0-4f57ccbd9967, raftlog=4c6a16c4-95d2-4ef7-9fc0-4f57ccbd9967@group-5FF82F29B6C0-SegmentedRaftLog:OPENED:c-1,f-1,i0, conf=-1: [4c6a16c4-95d2-4ef7-9fc0-4f57ccbd9967:192.168.5.131:39112, 742c26a8-c271-430a-a05a-c8bba3fa6d96:192.168.5.131:42235, a910346c-1ee2-4cdc-a6d8-644a3a4f0b7f:192.168.5.131:38193], old=null
2019-10-15 03:19:16,746 [4c6a16c4-95d2-4ef7-9fc0-4f57ccbd9967@group-5FF82F29B6C0-LeaderElection91] INFO  impl.RaftServerImpl (RaftServerImpl.java:setRole(184)) - 4c6a16c4-95d2-4ef7-9fc0-4f57ccbd9967@group-5FF82F29B6C0: changes role from CANDIDATE to FOLLOWER at term 89 for DISCOVERED_A_NEW_TERM
2019-10-15 03:19:16,746 [4c6a16c4-95d2-4ef7-9fc0-4f57ccbd9967@group-5FF82F29B6C0-LeaderElection91] INFO  impl.RoleInfo (RoleInfo.java:shutdownLeaderElection(134)) - 4c6a16c4-95d2-4ef7-9fc0-4f57ccbd9967: shutdown LeaderElection
2019-10-15 03:19:16,746 [4c6a16c4-95d2-4ef7-9fc0-4f57ccbd9967@group-5FF82F29B6C0-LeaderElection91] INFO  impl.RoleInfo (RoleInfo.java:updateAndGet(143)) - 4c6a16c4-95d2-4ef7-9fc0-4f57ccbd9967: start FollowerState
2019-10-15 03:19:16,755 [Thread-923] INFO  impl.FollowerState (FollowerState.java:run(108)) - 4c6a16c4-95d2-4ef7-9fc0-4f57ccbd9967@group-5FF82F29B6C0-FollowerState: change to CANDIDATE, lastRpcTime:8ms, electionTimeout:8ms
2019-10-15 03:19:16,755 [Thread-923] INFO  impl.RoleInfo (RoleInfo.java:shutdownFollowerState(121)) - 4c6a16c4-95d2-4ef7-9fc0-4f57ccbd9967: shutdown FollowerState
2019-10-15 03:19:16,755 [Thread-923] INFO  impl.RaftServerImpl (RaftServerImpl.java:setRole(184)) - 4c6a16c4-95d2-4ef7-9fc0-4f57ccbd9967@group-5FF82F29B6C0: changes role from  FOLLOWER to CANDIDATE at term 89 for changeToCandidate
2019-10-15 03:19:16,755 [Thread-923] INFO  impl.RoleInfo (RoleInfo.java:updateAndGet(143)) - 4c6a16c4-95d2-4ef7-9fc0-4f57ccbd9967: start LeaderElection
2019-10-15 03:19:16,769 [4c6a16c4-95d2-4ef7-9fc0-4f57ccbd9967@group-5FF82F29B6C0-LeaderElection92] INFO  impl.LeaderElection (LeaderElection.java:askForVotes(178)) - 4c6a16c4-95d2-4ef7-9fc0-4f57ccbd9967@group-5FF82F29B6C0-LeaderElection92: begin an election at term 90 for -1: [4c6a16c4-95d2-4ef7-9fc0-4f57ccbd9967:192.168.5.131:39112, 742c26a8-c271-430a-a05a-c8bba3fa6d96:192.168.5.131:42235, a910346c-1ee2-4cdc-a6d8-644a3a4f0b7f:192.168.5.131:38193], old=null
2019-10-15 03:19:16,772 [grpc-default-executor-6] INFO  impl.RaftServerImpl (RaftServerImpl.java:setRole(184)) - 742c26a8-c271-430a-a05a-c8bba3fa6d96@group-5FF82F29B6C0: changes role from  FOLLOWER to FOLLOWER at term 90 for recognizeCandidate:4c6a16c4-95d2-4ef7-9fc0-4f57ccbd9967
2019-10-15 03:19:16,772 [grpc-default-executor-5] INFO  impl.RaftServerImpl (RaftServerImpl.java:setRole(184)) - a910346c-1ee2-4cdc-a6d8-644a3a4f0b7f@group-5FF82F29B6C0: changes role from  FOLLOWER to FOLLOWER at term 90 for recognizeCandidate:4c6a16c4-95d2-4ef7-9fc0-4f57ccbd9967
2019-10-15 03:19:16,772 [grpc-default-executor-6] INFO  impl.RoleInfo (RoleInfo.java:shutdownFollowerState(121)) - 742c26a8-c271-430a-a05a-c8bba3fa6d96: shutdown FollowerState
2019-10-15 03:19:16,772 [grpc-default-executor-5] INFO  impl.RoleInfo (RoleInfo.java:shutdownFollowerState(121)) - a910346c-1ee2-4cdc-a6d8-644a3a4f0b7f: shutdown FollowerState
2019-10-15 03:19:16,772 [Thread-922] INFO  impl.FollowerState (FollowerState.java:run(117)) - 742c26a8-c271-430a-a05a-c8bba3fa6d96@group-5FF82F29B6C0-FollowerState was interrupted: java.lang.InterruptedException: sleep interrupted
2019-10-15 03:19:16,772 [grpc-default-executor-6] INFO  impl.RoleInfo (RoleInfo.java:updateAndGet(143)) - 742c26a8-c271-430a-a05a-c8bba3fa6d96: start FollowerState
2019-10-15 03:19:16,773 [Thread-921] INFO  impl.FollowerState (FollowerState.java:run(117)) - a910346c-1ee2-4cdc-a6d8-644a3a4f0b7f@group-5FF82F29B6C0-FollowerState was interrupted: java.lang.InterruptedException: sleep interrupted
2019-10-15 03:19:16,772 [grpc-default-executor-5] INFO  impl.RoleInfo (RoleInfo.java:updateAndGet(143)) - a910346c-1ee2-4cdc-a6d8-644a3a4f0b7f: start FollowerState
2019-10-15 03:19:16,789 [4c6a16c4-95d2-4ef7-9fc0-4f57ccbd9967@group-5FF82F29B6C0-LeaderElection92] INFO  impl.LeaderElection (LeaderElection.java:logAndReturn(56)) - 4c6a16c4-95d2-4ef7-9fc0-4f57ccbd9967@group-5FF82F29B6C0-LeaderElection92: Election REJECTED; received 2 response(s) [4c6a16c4-95d2-4ef7-9fc0-4f57ccbd9967<-742c26a8-c271-430a-a05a-c8bba3fa6d96#0:FAIL-t90, 4c6a16c4-95d2-4ef7-9fc0-4f57ccbd9967<-a910346c-1ee2-4cdc-a6d8-644a3a4f0b7f#0:FAIL-t90] and 0 exception(s); 4c6a16c4-95d2-4ef7-9fc0-4f57ccbd9967@group-5FF82F29B6C0:t90, leader=null, voted=4c6a16c4-95d2-4ef7-9fc0-4f57ccbd9967, raftlog=4c6a16c4-95d2-4ef7-9fc0-4f57ccbd9967@group-5FF82F29B6C0-SegmentedRaftLog:OPENED:c-1,f-1,i0, conf=-1: [4c6a16c4-95d2-4ef7-9fc0-4f57ccbd9967:192.168.5.131:39112, 742c26a8-c271-430a-a05a-c8bba3fa6d96:192.168.5.131:42235, a910346c-1ee2-4cdc-a6d8-644a3a4f0b7f:192.168.5.131:38193], old=null
2019-10-15 03:19:16,789 [4c6a16c4-95d2-4ef7-9fc0-4f57ccbd9967@group-5FF82F29B6C0-LeaderElection92] INFO  impl.RaftServerImpl (RaftServerImpl.java:setRole(184)) - 4c6a16c4-95d2-4ef7-9fc0-4f57ccbd9967@group-5FF82F29B6C0: changes role from CANDIDATE to FOLLOWER at term 90 for DISCOVERED_A_NEW_TERM
2019-10-15 03:19:16,789 [4c6a16c4-95d2-4ef7-9fc0-4f57ccbd9967@group-5FF82F29B6C0-LeaderElection92] INFO  impl.RoleInfo (RoleInfo.java:shutdownLeaderElection(134)) - 4c6a16c4-95d2-4ef7-9fc0-4f57ccbd9967: shutdown LeaderElection
2019-10-15 03:19:16,789 [4c6a16c4-95d2-4ef7-9fc0-4f57ccbd9967@group-5FF82F29B6C0-LeaderElection92] INFO  impl.RoleInfo (RoleInfo.java:updateAndGet(143)) - 4c6a16c4-95d2-4ef7-9fc0-4f57ccbd9967: start FollowerState
2019-10-15 03:19:16,941 [Thread-929] INFO  impl.FollowerState (FollowerState.java:run(108)) - 4c6a16c4-95d2-4ef7-9fc0-4f57ccbd9967@group-5FF82F29B6C0-FollowerState: change to CANDIDATE, lastRpcTime:151ms, electionTimeout:151ms
2019-10-15 03:19:16,941 [Thread-929] INFO  impl.RoleInfo (RoleInfo.java:shutdownFollowerState(121)) - 4c6a16c4-95d2-4ef7-9fc0-4f57ccbd9967: shutdown FollowerState
2019-10-15 03:19:16,941 [Thread-929] INFO  impl.RaftServerImpl (RaftServerImpl.java:setRole(184)) - 4c6a16c4-95d2-4ef7-9fc0-4f57ccbd9967@group-5FF82F29B6C0: changes role from  FOLLOWER to CANDIDATE at term 90 for changeToCandidate
2019-10-15 03:19:16,941 [Thread-929] INFO  impl.RoleInfo (RoleInfo.java:updateAndGet(143)) - 4c6a16c4-95d2-4ef7-9fc0-4f57ccbd9967: start LeaderElection
2019-10-15 03:19:16,963 [4c6a16c4-95d2-4ef7-9fc0-4f57ccbd9967@group-5FF82F29B6C0-LeaderElection93] INFO  impl.LeaderElection (LeaderElection.java:askForVotes(178)) - 4c6a16c4-95d2-4ef7-9fc0-4f57ccbd9967@group-5FF82F29B6C0-LeaderElection93: begin an election at term 91 for -1: [4c6a16c4-95d2-4ef7-9fc0-4f57ccbd9967:192.168.5.131:39112, 742c26a8-c271-430a-a05a-c8bba3fa6d96:192.168.5.131:42235, a910346c-1ee2-4cdc-a6d8-644a3a4f0b7f:192.168.5.131:38193], old=null
2019-10-15 03:19:16,965 [grpc-default-executor-5] INFO  impl.RaftServerImpl (RaftServerImpl.java:setRole(184)) - a910346c-1ee2-4cdc-a6d8-644a3a4f0b7f@group-5FF82F29B6C0: changes role from  FOLLOWER to FOLLOWER at term 91 for recognizeCandidate:4c6a16c4-95d2-4ef7-9fc0-4f57ccbd9967
2019-10-15 03:19:16,965 [grpc-default-executor-6] INFO  impl.RaftServerImpl (RaftServerImpl.java:setRole(184)) - 742c26a8-c271-430a-a05a-c8bba3fa6d96@group-5FF82F29B6C0: changes role from  FOLLOWER to FOLLOWER at term 91 for recognizeCandidate:4c6a16c4-95d2-4ef7-9fc0-4f57ccbd9967
2019-10-15 03:19:16,965 [grpc-default-executor-5] INFO  impl.RoleInfo (RoleInfo.java:shutdownFollowerState(121)) - a910346c-1ee2-4cdc-a6d8-644a3a4f0b7f: shutdown FollowerState
2019-10-15 03:19:16,966 [grpc-default-executor-6] INFO  impl.RoleInfo (RoleInfo.java:shutdownFollowerState(121)) - 742c26a8-c271-430a-a05a-c8bba3fa6d96: shutdown FollowerState
2019-10-15 03:19:16,966 [Thread-928] INFO  impl.FollowerState (FollowerState.java:run(117)) - a910346c-1ee2-4cdc-a6d8-644a3a4f0b7f@group-5FF82F29B6C0-FollowerState was interrupted: java.lang.InterruptedException: sleep interrupted
2019-10-15 03:19:16,966 [Thread-927] INFO  impl.FollowerState (FollowerState.java:run(117)) - 742c26a8-c271-430a-a05a-c8bba3fa6d96@group-5FF82F29B6C0-FollowerState was interrupted: java.lang.InterruptedException: sleep interrupted
2019-10-15 03:19:16,966 [grpc-default-executor-5] INFO  impl.RoleInfo (RoleInfo.java:updateAndGet(143)) - a910346c-1ee2-4cdc-a6d8-644a3a4f0b7f: start FollowerState
2019-10-15 03:19:16,966 [grpc-default-executor-6] INFO  impl.RoleInfo (RoleInfo.java:updateAndGet(143)) - 742c26a8-c271-430a-a05a-c8bba3fa6d96: start FollowerState
2019-10-15 03:19:17,003 [4c6a16c4-95d2-4ef7-9fc0-4f57ccbd9967@group-5FF82F29B6C0-LeaderElection93] INFO  impl.LeaderElection (LeaderElection.java:logAndReturn(56)) - 4c6a16c4-95d2-4ef7-9fc0-4f57ccbd9967@group-5FF82F29B6C0-LeaderElection93: Election REJECTED; received 2 response(s) [4c6a16c4-95d2-4ef7-9fc0-4f57ccbd9967<-742c26a8-c271-430a-a05a-c8bba3fa6d96#0:FAIL-t91, 4c6a16c4-95d2-4ef7-9fc0-4f57ccbd9967<-a910346c-1ee2-4cdc-a6d8-644a3a4f0b7f#0:FAIL-t91] and 0 exception(s); 4c6a16c4-95d2-4ef7-9fc0-4f57ccbd9967@group-5FF82F29B6C0:t91, leader=null, voted=4c6a16c4-95d2-4ef7-9fc0-4f57ccbd9967, raftlog=4c6a16c4-95d2-4ef7-9fc0-4f57ccbd9967@group-5FF82F29B6C0-SegmentedRaftLog:OPENED:c-1,f-1,i0, conf=-1: [4c6a16c4-95d2-4ef7-9fc0-4f57ccbd9967:192.168.5.131:39112, 742c26a8-c271-430a-a05a-c8bba3fa6d96:192.168.5.131:42235, a910346c-1ee2-4cdc-a6d8-644a3a4f0b7f:192.168.5.131:38193], old=null
2019-10-15 03:19:17,003 [4c6a16c4-95d2-4ef7-9fc0-4f57ccbd9967@group-5FF82F29B6C0-LeaderElection93] INFO  impl.RaftServerImpl (RaftServerImpl.java:setRole(184)) - 4c6a16c4-95d2-4ef7-9fc0-4f57ccbd9967@group-5FF82F29B6C0: changes role from CANDIDATE to FOLLOWER at term 91 for DISCOVERED_A_NEW_TERM
2019-10-15 03:19:17,003 [4c6a16c4-95d2-4ef7-9fc0-4f57ccbd9967@group-5FF82F29B6C0-LeaderElection93] INFO  impl.RoleInfo (RoleInfo.java:shutdownLeaderElection(134)) - 4c6a16c4-95d2-4ef7-9fc0-4f57ccbd9967: shutdown LeaderElection
2019-10-15 03:19:17,003 [4c6a16c4-95d2-4ef7-9fc0-4f57ccbd9967@group-5FF82F29B6C0-LeaderElection93] INFO  impl.RoleInfo (RoleInfo.java:updateAndGet(143)) - 4c6a16c4-95d2-4ef7-9fc0-4f57ccbd9967: start FollowerState
2019-10-15 03:19:17,072 [Thread-937] INFO  impl.FollowerState (FollowerState.java:run(108)) - 4c6a16c4-95d2-4ef7-9fc0-4f57ccbd9967@group-5FF82F29B6C0-FollowerState: change to CANDIDATE, lastRpcTime:68ms, electionTimeout:68ms
2019-10-15 03:19:17,072 [Thread-937] INFO  impl.RoleInfo (RoleInfo.java:shutdownFollowerState(121)) - 4c6a16c4-95d2-4ef7-9fc0-4f57ccbd9967: shutdown FollowerState
2019-10-15 03:19:17,072 [Thread-937] INFO  impl.RaftServerImpl (RaftServerImpl.java:setRole(184)) - 4c6a16c4-95d2-4ef7-9fc0-4f57ccbd9967@group-5FF82F29B6C0: changes role from  FOLLOWER to CANDIDATE at term 91 for changeToCandidate
2019-10-15 03:19:17,072 [Thread-937] INFO  impl.RoleInfo (RoleInfo.java:updateAndGet(143)) - 4c6a16c4-95d2-4ef7-9fc0-4f57ccbd9967: start LeaderElection
2019-10-15 03:19:17,161 [4c6a16c4-95d2-4ef7-9fc0-4f57ccbd9967@group-5FF82F29B6C0-LeaderElection94] INFO  impl.LeaderElection (LeaderElection.java:askForVotes(178)) - 4c6a16c4-95d2-4ef7-9fc0-4f57ccbd9967@group-5FF82F29B6C0-LeaderElection94: begin an election at term 92 for -1: [4c6a16c4-95d2-4ef7-9fc0-4f57ccbd9967:192.168.5.131:39112, 742c26a8-c271-430a-a05a-c8bba3fa6d96:192.168.5.131:42235, a910346c-1ee2-4cdc-a6d8-644a3a4f0b7f:192.168.5.131:38193], old=null
2019-10-15 03:19:17,164 [grpc-default-executor-5] INFO  impl.RaftServerImpl (RaftServerImpl.java:setRole(184)) - a910346c-1ee2-4cdc-a6d8-644a3a4f0b7f@group-5FF82F29B6C0: changes role from  FOLLOWER to FOLLOWER at term 92 for recognizeCandidate:4c6a16c4-95d2-4ef7-9fc0-4f57ccbd9967
2019-10-15 03:19:17,164 [grpc-default-executor-6] INFO  impl.RaftServerImpl (RaftServerImpl.java:setRole(184)) - 742c26a8-c271-430a-a05a-c8bba3fa6d96@group-5FF82F29B6C0: changes role from  FOLLOWER to FOLLOWER at term 92 for recognizeCandidate:4c6a16c4-95d2-4ef7-9fc0-4f57ccbd9967
2019-10-15 03:19:17,164 [grpc-default-executor-5] INFO  impl.RoleInfo (RoleInfo.java:shutdownFollowerState(121)) - a910346c-1ee2-4cdc-a6d8-644a3a4f0b7f: shutdown FollowerState
2019-10-15 03:19:17,165 [grpc-default-executor-6] INFO  impl.RoleInfo (RoleInfo.java:shutdownFollowerState(121)) - 742c26a8-c271-430a-a05a-c8bba3fa6d96: shutdown FollowerState
2019-10-15 03:19:17,165 [Thread-935] INFO  impl.FollowerState (FollowerState.java:run(117)) - a910346c-1ee2-4cdc-a6d8-644a3a4f0b7f@group-5FF82F29B6C0-FollowerState was interrupted: java.lang.InterruptedException: sleep interrupted
2019-10-15 03:19:17,165 [Thread-936] INFO  impl.FollowerState (FollowerState.java:run(117)) - 742c26a8-c271-430a-a05a-c8bba3fa6d96@group-5FF82F29B6C0-FollowerState was interrupted: java.lang.InterruptedException: sleep interrupted
2019-10-15 03:19:17,165 [grpc-default-executor-5] INFO  impl.RoleInfo (RoleInfo.java:updateAndGet(143)) - a910346c-1ee2-4cdc-a6d8-644a3a4f0b7f: start FollowerState
2019-10-15 03:19:17,165 [grpc-default-executor-6] INFO  impl.RoleInfo (RoleInfo.java:updateAndGet(143)) - 742c26a8-c271-430a-a05a-c8bba3fa6d96: start FollowerState
2019-10-15 03:19:17,265 [4c6a16c4-95d2-4ef7-9fc0-4f57ccbd9967@group-5FF82F29B6C0-LeaderElection94] INFO  impl.LeaderElection (LeaderElection.java:logAndReturn(56)) - 4c6a16c4-95d2-4ef7-9fc0-4f57ccbd9967@group-5FF82F29B6C0-LeaderElection94: Election REJECTED; received 2 response(s) [4c6a16c4-95d2-4ef7-9fc0-4f57ccbd9967<-742c26a8-c271-430a-a05a-c8bba3fa6d96#0:FAIL-t92, 4c6a16c4-95d2-4ef7-9fc0-4f57ccbd9967<-a910346c-1ee2-4cdc-a6d8-644a3a4f0b7f#0:FAIL-t92] and 0 exception(s); 4c6a16c4-95d2-4ef7-9fc0-4f57ccbd9967@group-5FF82F29B6C0:t92, leader=null, voted=4c6a16c4-95d2-4ef7-9fc0-4f57ccbd9967, raftlog=4c6a16c4-95d2-4ef7-9fc0-4f57ccbd9967@group-5FF82F29B6C0-SegmentedRaftLog:OPENED:c-1,f-1,i0, conf=-1: [4c6a16c4-95d2-4ef7-9fc0-4f57ccbd9967:192.168.5.131:39112, 742c26a8-c271-430a-a05a-c8bba3fa6d96:192.168.5.131:42235, a910346c-1ee2-4cdc-a6d8-644a3a4f0b7f:192.168.5.131:38193], old=null
2019-10-15 03:19:17,265 [4c6a16c4-95d2-4ef7-9fc0-4f57ccbd9967@group-5FF82F29B6C0-LeaderElection94] INFO  impl.RaftServerImpl (RaftServerImpl.java:setRole(184)) - 4c6a16c4-95d2-4ef7-9fc0-4f57ccbd9967@group-5FF82F29B6C0: changes role from CANDIDATE to FOLLOWER at term 92 for DISCOVERED_A_NEW_TERM
2019-10-15 03:19:17,265 [4c6a16c4-95d2-4ef7-9fc0-4f57ccbd9967@group-5FF82F29B6C0-LeaderElection94] INFO  impl.RoleInfo (RoleInfo.java:shutdownLeaderElection(134)) - 4c6a16c4-95d2-4ef7-9fc0-4f57ccbd9967: shutdown LeaderElection
2019-10-15 03:19:17,266 [4c6a16c4-95d2-4ef7-9fc0-4f57ccbd9967@group-5FF82F29B6C0-LeaderElection94] INFO  impl.RoleInfo (RoleInfo.java:updateAndGet(143)) - 4c6a16c4-95d2-4ef7-9fc0-4f57ccbd9967: start FollowerState
2019-10-15 03:19:17,421 [Thread-943] INFO  impl.FollowerState (FollowerState.java:run(108)) - 4c6a16c4-95d2-4ef7-9fc0-4f57ccbd9967@group-5FF82F29B6C0-FollowerState: change to CANDIDATE, lastRpcTime:155ms, electionTimeout:155ms
2019-10-15 03:19:17,421 [Thread-943] INFO  impl.RoleInfo (RoleInfo.java:shutdownFollowerState(121)) - 4c6a16c4-95d2-4ef7-9fc0-4f57ccbd9967: shutdown FollowerState
2019-10-15 03:19:17,421 [Thread-943] INFO  impl.RaftServerImpl (RaftServerImpl.java:setRole(184)) - 4c6a16c4-95d2-4ef7-9fc0-4f57ccbd9967@group-5FF82F29B6C0: changes role from  FOLLOWER to CANDIDATE at term 92 for changeToCandidate
2019-10-15 03:19:17,421 [Thread-943] INFO  impl.RoleInfo (RoleInfo.java:updateAndGet(143)) - 4c6a16c4-95d2-4ef7-9fc0-4f57ccbd9967: start LeaderElection
2019-10-15 03:19:17,428 [4c6a16c4-95d2-4ef7-9fc0-4f57ccbd9967@group-5FF82F29B6C0-LeaderElection95] INFO  impl.LeaderElection (LeaderElection.java:askForVotes(178)) - 4c6a16c4-95d2-4ef7-9fc0-4f57ccbd9967@group-5FF82F29B6C0-LeaderElection95: begin an election at term 93 for -1: [4c6a16c4-95d2-4ef7-9fc0-4f57ccbd9967:192.168.5.131:39112, 742c26a8-c271-430a-a05a-c8bba3fa6d96:192.168.5.131:42235, a910346c-1ee2-4cdc-a6d8-644a3a4f0b7f:192.168.5.131:38193], old=null
2019-10-15 03:19:17,431 [grpc-default-executor-6] INFO  impl.RaftServerImpl (RaftServerImpl.java:setRole(184)) - 742c26a8-c271-430a-a05a-c8bba3fa6d96@group-5FF82F29B6C0: changes role from  FOLLOWER to FOLLOWER at term 93 for recognizeCandidate:4c6a16c4-95d2-4ef7-9fc0-4f57ccbd9967
2019-10-15 03:19:17,431 [grpc-default-executor-6] INFO  impl.RoleInfo (RoleInfo.java:shutdownFollowerState(121)) - 742c26a8-c271-430a-a05a-c8bba3fa6d96: shutdown FollowerState
2019-10-15 03:19:17,431 [grpc-default-executor-5] INFO  impl.RaftServerImpl (RaftServerImpl.java:setRole(184)) - a910346c-1ee2-4cdc-a6d8-644a3a4f0b7f@group-5FF82F29B6C0: changes role from  FOLLOWER to FOLLOWER at term 93 for recognizeCandidate:4c6a16c4-95d2-4ef7-9fc0-4f57ccbd9967
2019-10-15 03:19:17,432 [Thread-942] INFO  impl.FollowerState (FollowerState.java:run(117)) - 742c26a8-c271-430a-a05a-c8bba3fa6d96@group-5FF82F29B6C0-FollowerState was interrupted: java.lang.InterruptedException: sleep interrupted
2019-10-15 03:19:17,431 [grpc-default-executor-6] INFO  impl.RoleInfo (RoleInfo.java:updateAndGet(143)) - 742c26a8-c271-430a-a05a-c8bba3fa6d96: start FollowerState
2019-10-15 03:19:17,432 [grpc-default-executor-5] INFO  impl.RoleInfo (RoleInfo.java:shutdownFollowerState(121)) - a910346c-1ee2-4cdc-a6d8-644a3a4f0b7f: shutdown FollowerState
2019-10-15 03:19:17,432 [grpc-default-executor-5] INFO  impl.RoleInfo (RoleInfo.java:updateAndGet(143)) - a910346c-1ee2-4cdc-a6d8-644a3a4f0b7f: start FollowerState
2019-10-15 03:19:17,432 [Thread-941] INFO  impl.FollowerState (FollowerState.java:run(117)) - a910346c-1ee2-4cdc-a6d8-644a3a4f0b7f@group-5FF82F29B6C0-FollowerState was interrupted: java.lang.InterruptedException: sleep interrupted
2019-10-15 03:19:17,441 [4c6a16c4-95d2-4ef7-9fc0-4f57ccbd9967@group-5FF82F29B6C0-LeaderElection95] INFO  impl.LeaderElection (LeaderElection.java:logAndReturn(56)) - 4c6a16c4-95d2-4ef7-9fc0-4f57ccbd9967@group-5FF82F29B6C0-LeaderElection95: Election REJECTED; received 2 response(s) [4c6a16c4-95d2-4ef7-9fc0-4f57ccbd9967<-742c26a8-c271-430a-a05a-c8bba3fa6d96#0:FAIL-t93, 4c6a16c4-95d2-4ef7-9fc0-4f57ccbd9967<-a910346c-1ee2-4cdc-a6d8-644a3a4f0b7f#0:FAIL-t93] and 0 exception(s); 4c6a16c4-95d2-4ef7-9fc0-4f57ccbd9967@group-5FF82F29B6C0:t93, leader=null, voted=4c6a16c4-95d2-4ef7-9fc0-4f57ccbd9967, raftlog=4c6a16c4-95d2-4ef7-9fc0-4f57ccbd9967@group-5FF82F29B6C0-SegmentedRaftLog:OPENED:c-1,f-1,i0, conf=-1: [4c6a16c4-95d2-4ef7-9fc0-4f57ccbd9967:192.168.5.131:39112, 742c26a8-c271-430a-a05a-c8bba3fa6d96:192.168.5.131:42235, a910346c-1ee2-4cdc-a6d8-644a3a4f0b7f:192.168.5.131:38193], old=null
2019-10-15 03:19:17,441 [4c6a16c4-95d2-4ef7-9fc0-4f57ccbd9967@group-5FF82F29B6C0-LeaderElection95] INFO  impl.RaftServerImpl (RaftServerImpl.java:setRole(184)) - 4c6a16c4-95d2-4ef7-9fc0-4f57ccbd9967@group-5FF82F29B6C0: changes role from CANDIDATE to FOLLOWER at term 93 for DISCOVERED_A_NEW_TERM
2019-10-15 03:19:17,441 [4c6a16c4-95d2-4ef7-9fc0-4f57ccbd9967@group-5FF82F29B6C0-LeaderElection95] INFO  impl.RoleInfo (RoleInfo.java:shutdownLeaderElection(134)) - 4c6a16c4-95d2-4ef7-9fc0-4f57ccbd9967: shutdown LeaderElection
2019-10-15 03:19:17,441 [4c6a16c4-95d2-4ef7-9fc0-4f57ccbd9967@group-5FF82F29B6C0-LeaderElection95] INFO  impl.RoleInfo (RoleInfo.java:updateAndGet(143)) - 4c6a16c4-95d2-4ef7-9fc0-4f57ccbd9967: start FollowerState
2019-10-15 03:19:17,493 [Thread-953] INFO  impl.FollowerState (FollowerState.java:run(108)) - 4c6a16c4-95d2-4ef7-9fc0-4f57ccbd9967@group-5FF82F29B6C0-FollowerState: change to CANDIDATE, lastRpcTime:51ms, electionTimeout:51ms
2019-10-15 03:19:17,493 [Thread-953] INFO  impl.RoleInfo (RoleInfo.java:shutdownFollowerState(121)) - 4c6a16c4-95d2-4ef7-9fc0-4f57ccbd9967: shutdown FollowerState
2019-10-15 03:19:17,493 [Thread-953] INFO  impl.RaftServerImpl (RaftServerImpl.java:setRole(184)) - 4c6a16c4-95d2-4ef7-9fc0-4f57ccbd9967@group-5FF82F29B6C0: changes role from  FOLLOWER to CANDIDATE at term 93 for changeToCandidate
2019-10-15 03:19:17,494 [Thread-953] INFO  impl.RoleInfo (RoleInfo.java:updateAndGet(143)) - 4c6a16c4-95d2-4ef7-9fc0-4f57ccbd9967: start LeaderElection
2019-10-15 03:19:17,513 [4c6a16c4-95d2-4ef7-9fc0-4f57ccbd9967@group-5FF82F29B6C0-LeaderElection96] INFO  impl.LeaderElection (LeaderElection.java:askForVotes(178)) - 4c6a16c4-95d2-4ef7-9fc0-4f57ccbd9967@group-5FF82F29B6C0-LeaderElection96: begin an election at term 94 for -1: [4c6a16c4-95d2-4ef7-9fc0-4f57ccbd9967:192.168.5.131:39112, 742c26a8-c271-430a-a05a-c8bba3fa6d96:192.168.5.131:42235, a910346c-1ee2-4cdc-a6d8-644a3a4f0b7f:192.168.5.131:38193], old=null
2019-10-15 03:19:17,516 [grpc-default-executor-5] INFO  impl.RaftServerImpl (RaftServerImpl.java:setRole(184)) - 742c26a8-c271-430a-a05a-c8bba3fa6d96@group-5FF82F29B6C0: changes role from  FOLLOWER to FOLLOWER at term 94 for recognizeCandidate:4c6a16c4-95d2-4ef7-9fc0-4f57ccbd9967
2019-10-15 03:19:17,516 [grpc-default-executor-5] INFO  impl.RoleInfo (RoleInfo.java:shutdownFollowerState(121)) - 742c26a8-c271-430a-a05a-c8bba3fa6d96: shutdown FollowerState
2019-10-15 03:19:17,516 [grpc-default-executor-5] INFO  impl.RoleInfo (RoleInfo.java:updateAndGet(143)) - 742c26a8-c271-430a-a05a-c8bba3fa6d96: start FollowerState
2019-10-15 03:19:17,516 [Thread-951] INFO  impl.FollowerState (FollowerState.java:run(117)) - 742c26a8-c271-430a-a05a-c8bba3fa6d96@group-5FF82F29B6C0-FollowerState was interrupted: java.lang.InterruptedException: sleep interrupted
2019-10-15 03:19:17,517 [grpc-default-executor-6] INFO  impl.RaftServerImpl (RaftServerImpl.java:setRole(184)) - a910346c-1ee2-4cdc-a6d8-644a3a4f0b7f@group-5FF82F29B6C0: changes role from  FOLLOWER to FOLLOWER at term 94 for recognizeCandidate:4c6a16c4-95d2-4ef7-9fc0-4f57ccbd9967
2019-10-15 03:19:17,517 [grpc-default-executor-6] INFO  impl.RoleInfo (RoleInfo.java:shutdownFollowerState(121)) - a910346c-1ee2-4cdc-a6d8-644a3a4f0b7f: shutdown FollowerState
2019-10-15 03:19:17,517 [grpc-default-executor-6] INFO  impl.RoleInfo (RoleInfo.java:updateAndGet(143)) - a910346c-1ee2-4cdc-a6d8-644a3a4f0b7f: start FollowerState
2019-10-15 03:19:17,517 [Thread-952] INFO  impl.FollowerState (FollowerState.java:run(117)) - a910346c-1ee2-4cdc-a6d8-644a3a4f0b7f@group-5FF82F29B6C0-FollowerState was interrupted: java.lang.InterruptedException: sleep interrupted
2019-10-15 03:19:17,526 [4c6a16c4-95d2-4ef7-9fc0-4f57ccbd9967@group-5FF82F29B6C0-LeaderElection96] INFO  impl.LeaderElection (LeaderElection.java:logAndReturn(56)) - 4c6a16c4-95d2-4ef7-9fc0-4f57ccbd9967@group-5FF82F29B6C0-LeaderElection96: Election REJECTED; received 2 response(s) [4c6a16c4-95d2-4ef7-9fc0-4f57ccbd9967<-742c26a8-c271-430a-a05a-c8bba3fa6d96#0:FAIL-t94, 4c6a16c4-95d2-4ef7-9fc0-4f57ccbd9967<-a910346c-1ee2-4cdc-a6d8-644a3a4f0b7f#0:FAIL-t94] and 0 exception(s); 4c6a16c4-95d2-4ef7-9fc0-4f57ccbd9967@group-5FF82F29B6C0:t94, leader=null, voted=4c6a16c4-95d2-4ef7-9fc0-4f57ccbd9967, raftlog=4c6a16c4-95d2-4ef7-9fc0-4f57ccbd9967@group-5FF82F29B6C0-SegmentedRaftLog:OPENED:c-1,f-1,i0, conf=-1: [4c6a16c4-95d2-4ef7-9fc0-4f57ccbd9967:192.168.5.131:39112, 742c26a8-c271-430a-a05a-c8bba3fa6d96:192.168.5.131:42235, a910346c-1ee2-4cdc-a6d8-644a3a4f0b7f:192.168.5.131:38193], old=null
2019-10-15 03:19:17,526 [4c6a16c4-95d2-4ef7-9fc0-4f57ccbd9967@group-5FF82F29B6C0-LeaderElection96] INFO  impl.RaftServerImpl (RaftServerImpl.java:setRole(184)) - 4c6a16c4-95d2-4ef7-9fc0-4f57ccbd9967@group-5FF82F29B6C0: changes role from CANDIDATE to FOLLOWER at term 94 for DISCOVERED_A_NEW_TERM
2019-10-15 03:19:17,526 [4c6a16c4-95d2-4ef7-9fc0-4f57ccbd9967@group-5FF82F29B6C0-LeaderElection96] INFO  impl.RoleInfo (RoleInfo.java:shutdownLeaderElection(134)) - 4c6a16c4-95d2-4ef7-9fc0-4f57ccbd9967: shutdown LeaderElection
2019-10-15 03:19:17,526 [4c6a16c4-95d2-4ef7-9fc0-4f57ccbd9967@group-5FF82F29B6C0-LeaderElection96] INFO  impl.RoleInfo (RoleInfo.java:updateAndGet(143)) - 4c6a16c4-95d2-4ef7-9fc0-4f57ccbd9967: start FollowerState
2019-10-15 03:19:17,538 [Thread-959] INFO  impl.FollowerState (FollowerState.java:run(108)) - 4c6a16c4-95d2-4ef7-9fc0-4f57ccbd9967@group-5FF82F29B6C0-FollowerState: change to CANDIDATE, lastRpcTime:11ms, electionTimeout:11ms
2019-10-15 03:19:17,538 [Thread-959] INFO  impl.RoleInfo (RoleInfo.java:shutdownFollowerState(121)) - 4c6a16c4-95d2-4ef7-9fc0-4f57ccbd9967: shutdown FollowerState
2019-10-15 03:19:17,538 [Thread-959] INFO  impl.RaftServerImpl (RaftServerImpl.java:setRole(184)) - 4c6a16c4-95d2-4ef7-9fc0-4f57ccbd9967@group-5FF82F29B6C0: changes role from  FOLLOWER to CANDIDATE at term 94 for changeToCandidate
2019-10-15 03:19:17,539 [Thread-959] INFO  impl.RoleInfo (RoleInfo.java:updateAndGet(143)) - 4c6a16c4-95d2-4ef7-9fc0-4f57ccbd9967: start LeaderElection
2019-10-15 03:19:17,548 [4c6a16c4-95d2-4ef7-9fc0-4f57ccbd9967@group-5FF82F29B6C0-LeaderElection97] INFO  impl.LeaderElection (LeaderElection.java:askForVotes(178)) - 4c6a16c4-95d2-4ef7-9fc0-4f57ccbd9967@group-5FF82F29B6C0-LeaderElection97: begin an election at term 95 for -1: [4c6a16c4-95d2-4ef7-9fc0-4f57ccbd9967:192.168.5.131:39112, 742c26a8-c271-430a-a05a-c8bba3fa6d96:192.168.5.131:42235, a910346c-1ee2-4cdc-a6d8-644a3a4f0b7f:192.168.5.131:38193], old=null
2019-10-15 03:19:17,550 [grpc-default-executor-6] INFO  impl.RaftServerImpl (RaftServerImpl.java:setRole(184)) - 742c26a8-c271-430a-a05a-c8bba3fa6d96@group-5FF82F29B6C0: changes role from  FOLLOWER to FOLLOWER at term 95 for recognizeCandidate:4c6a16c4-95d2-4ef7-9fc0-4f57ccbd9967
2019-10-15 03:19:17,550 [grpc-default-executor-6] INFO  impl.RoleInfo (RoleInfo.java:shutdownFollowerState(121)) - 742c26a8-c271-430a-a05a-c8bba3fa6d96: shutdown FollowerState
2019-10-15 03:19:17,550 [grpc-default-executor-6] INFO  impl.RoleInfo (RoleInfo.java:updateAndGet(143)) - 742c26a8-c271-430a-a05a-c8bba3fa6d96: start FollowerState
2019-10-15 03:19:17,550 [grpc-default-executor-5] INFO  impl.RaftServerImpl (RaftServerImpl.java:setRole(184)) - a910346c-1ee2-4cdc-a6d8-644a3a4f0b7f@group-5FF82F29B6C0: changes role from  FOLLOWER to FOLLOWER at term 95 for recognizeCandidate:4c6a16c4-95d2-4ef7-9fc0-4f57ccbd9967
2019-10-15 03:19:17,550 [Thread-957] INFO  impl.FollowerState (FollowerState.java:run(117)) - 742c26a8-c271-430a-a05a-c8bba3fa6d96@group-5FF82F29B6C0-FollowerState was interrupted: java.lang.InterruptedException: sleep interrupted
2019-10-15 03:19:17,550 [grpc-default-executor-5] INFO  impl.RoleInfo (RoleInfo.java:shutdownFollowerState(121)) - a910346c-1ee2-4cdc-a6d8-644a3a4f0b7f: shutdown FollowerState
2019-10-15 03:19:17,551 [grpc-default-executor-5] INFO  impl.RoleInfo (RoleInfo.java:updateAndGet(143)) - a910346c-1ee2-4cdc-a6d8-644a3a4f0b7f: start FollowerState
2019-10-15 03:19:17,551 [Thread-958] INFO  impl.FollowerState (FollowerState.java:run(117)) - a910346c-1ee2-4cdc-a6d8-644a3a4f0b7f@group-5FF82F29B6C0-FollowerState was interrupted: java.lang.InterruptedException: sleep interrupted
2019-10-15 03:19:17,553 [4c6a16c4-95d2-4ef7-9fc0-4f57ccbd9967@group-5FF82F29B6C0-LeaderElection97] INFO  impl.LeaderElection (LeaderElection.java:logAndReturn(56)) - 4c6a16c4-95d2-4ef7-9fc0-4f57ccbd9967@group-5FF82F29B6C0-LeaderElection97: Election TIMEOUT; received 0 response(s) [] and 0 exception(s); 4c6a16c4-95d2-4ef7-9fc0-4f57ccbd9967@group-5FF82F29B6C0:t95, leader=null, voted=4c6a16c4-95d2-4ef7-9fc0-4f57ccbd9967, raftlog=4c6a16c4-95d2-4ef7-9fc0-4f57ccbd9967@group-5FF82F29B6C0-SegmentedRaftLog:OPENED:c-1,f-1,i0, conf=-1: [4c6a16c4-95d2-4ef7-9fc0-4f57ccbd9967:192.168.5.131:39112, 742c26a8-c271-430a-a05a-c8bba3fa6d96:192.168.5.131:42235, a910346c-1ee2-4cdc-a6d8-644a3a4f0b7f:192.168.5.131:38193], old=null
2019-10-15 03:19:17,568 [4c6a16c4-95d2-4ef7-9fc0-4f57ccbd9967@group-5FF82F29B6C0-LeaderElection97] INFO  impl.LeaderElection (LeaderElection.java:askForVotes(178)) - 4c6a16c4-95d2-4ef7-9fc0-4f57ccbd9967@group-5FF82F29B6C0-LeaderElection97: begin an election at term 96 for -1: [4c6a16c4-95d2-4ef7-9fc0-4f57ccbd9967:192.168.5.131:39112, 742c26a8-c271-430a-a05a-c8bba3fa6d96:192.168.5.131:42235, a910346c-1ee2-4cdc-a6d8-644a3a4f0b7f:192.168.5.131:38193], old=null
2019-10-15 03:19:17,571 [grpc-default-executor-5] INFO  impl.RaftServerImpl (RaftServerImpl.java:setRole(184)) - 742c26a8-c271-430a-a05a-c8bba3fa6d96@group-5FF82F29B6C0: changes role from  FOLLOWER to FOLLOWER at term 96 for recognizeCandidate:4c6a16c4-95d2-4ef7-9fc0-4f57ccbd9967
2019-10-15 03:19:17,571 [grpc-default-executor-5] INFO  impl.RoleInfo (RoleInfo.java:shutdownFollowerState(121)) - 742c26a8-c271-430a-a05a-c8bba3fa6d96: shutdown FollowerState
2019-10-15 03:19:17,571 [grpc-default-executor-6] INFO  impl.RaftServerImpl (RaftServerImpl.java:setRole(184)) - a910346c-1ee2-4cdc-a6d8-644a3a4f0b7f@group-5FF82F29B6C0: changes role from  FOLLOWER to FOLLOWER at term 96 for recognizeCandidate:4c6a16c4-95d2-4ef7-9fc0-4f57ccbd9967
2019-10-15 03:19:17,571 [Thread-963] INFO  impl.FollowerState (FollowerState.java:run(117)) - 742c26a8-c271-430a-a05a-c8bba3fa6d96@group-5FF82F29B6C0-FollowerState was interrupted: java.lang.InterruptedException: sleep interrupted
2019-10-15 03:19:17,571 [grpc-default-executor-5] INFO  impl.RoleInfo (RoleInfo.java:updateAndGet(143)) - 742c26a8-c271-430a-a05a-c8bba3fa6d96: start FollowerState
2019-10-15 03:19:17,571 [grpc-default-executor-6] INFO  impl.RoleInfo (RoleInfo.java:shutdownFollowerState(121)) - a910346c-1ee2-4cdc-a6d8-644a3a4f0b7f: shutdown FollowerState
2019-10-15 03:19:17,572 [grpc-default-executor-6] INFO  impl.RoleInfo (RoleInfo.java:updateAndGet(143)) - a910346c-1ee2-4cdc-a6d8-644a3a4f0b7f: start FollowerState
2019-10-15 03:19:17,572 [Thread-964] INFO  impl.FollowerState (FollowerState.java:run(117)) - a910346c-1ee2-4cdc-a6d8-644a3a4f0b7f@group-5FF82F29B6C0-FollowerState was interrupted: java.lang.InterruptedException: sleep interrupted
2019-10-15 03:19:17,585 [4c6a16c4-95d2-4ef7-9fc0-4f57ccbd9967@group-5FF82F29B6C0-LeaderElection97] INFO  impl.LeaderElection (LeaderElection.java:logAndReturn(56)) - 4c6a16c4-95d2-4ef7-9fc0-4f57ccbd9967@group-5FF82F29B6C0-LeaderElection97: Election REJECTED; received 2 response(s) [4c6a16c4-95d2-4ef7-9fc0-4f57ccbd9967<-742c26a8-c271-430a-a05a-c8bba3fa6d96#0:FAIL-t96, 4c6a16c4-95d2-4ef7-9fc0-4f57ccbd9967<-a910346c-1ee2-4cdc-a6d8-644a3a4f0b7f#0:FAIL-t96] and 0 exception(s); 4c6a16c4-95d2-4ef7-9fc0-4f57ccbd9967@group-5FF82F29B6C0:t96, leader=null, voted=4c6a16c4-95d2-4ef7-9fc0-4f57ccbd9967, raftlog=4c6a16c4-95d2-4ef7-9fc0-4f57ccbd9967@group-5FF82F29B6C0-SegmentedRaftLog:OPENED:c-1,f-1,i0, conf=-1: [4c6a16c4-95d2-4ef7-9fc0-4f57ccbd9967:192.168.5.131:39112, 742c26a8-c271-430a-a05a-c8bba3fa6d96:192.168.5.131:42235, a910346c-1ee2-4cdc-a6d8-644a3a4f0b7f:192.168.5.131:38193], old=null
2019-10-15 03:19:17,585 [4c6a16c4-95d2-4ef7-9fc0-4f57ccbd9967@group-5FF82F29B6C0-LeaderElection97] INFO  impl.RaftServerImpl (RaftServerImpl.java:setRole(184)) - 4c6a16c4-95d2-4ef7-9fc0-4f57ccbd9967@group-5FF82F29B6C0: changes role from CANDIDATE to FOLLOWER at term 96 for DISCOVERED_A_NEW_TERM
2019-10-15 03:19:17,585 [4c6a16c4-95d2-4ef7-9fc0-4f57ccbd9967@group-5FF82F29B6C0-LeaderElection97] INFO  impl.RoleInfo (RoleInfo.java:shutdownLeaderElection(134)) - 4c6a16c4-95d2-4ef7-9fc0-4f57ccbd9967: shutdown LeaderElection
2019-10-15 03:19:17,585 [4c6a16c4-95d2-4ef7-9fc0-4f57ccbd9967@group-5FF82F29B6C0-LeaderElection97] INFO  impl.RoleInfo (RoleInfo.java:updateAndGet(143)) - 4c6a16c4-95d2-4ef7-9fc0-4f57ccbd9967: start FollowerState
2019-10-15 03:19:17,714 [Thread-969] INFO  impl.FollowerState (FollowerState.java:run(108)) - 4c6a16c4-95d2-4ef7-9fc0-4f57ccbd9967@group-5FF82F29B6C0-FollowerState: change to CANDIDATE, lastRpcTime:128ms, electionTimeout:128ms
2019-10-15 03:19:17,714 [Thread-969] INFO  impl.RoleInfo (RoleInfo.java:shutdownFollowerState(121)) - 4c6a16c4-95d2-4ef7-9fc0-4f57ccbd9967: shutdown FollowerState
2019-10-15 03:19:17,714 [Thread-969] INFO  impl.RaftServerImpl (RaftServerImpl.java:setRole(184)) - 4c6a16c4-95d2-4ef7-9fc0-4f57ccbd9967@group-5FF82F29B6C0: changes role from  FOLLOWER to CANDIDATE at term 96 for changeToCandidate
2019-10-15 03:19:17,714 [Thread-969] INFO  impl.RoleInfo (RoleInfo.java:updateAndGet(143)) - 4c6a16c4-95d2-4ef7-9fc0-4f57ccbd9967: start LeaderElection
2019-10-15 03:19:17,728 [4c6a16c4-95d2-4ef7-9fc0-4f57ccbd9967@group-5FF82F29B6C0-LeaderElection98] INFO  impl.LeaderElection (LeaderElection.java:askForVotes(178)) - 4c6a16c4-95d2-4ef7-9fc0-4f57ccbd9967@group-5FF82F29B6C0-LeaderElection98: begin an election at term 97 for -1: [4c6a16c4-95d2-4ef7-9fc0-4f57ccbd9967:192.168.5.131:39112, 742c26a8-c271-430a-a05a-c8bba3fa6d96:192.168.5.131:42235, a910346c-1ee2-4cdc-a6d8-644a3a4f0b7f:192.168.5.131:38193], old=null
2019-10-15 03:19:17,731 [grpc-default-executor-6] INFO  impl.RaftServerImpl (RaftServerImpl.java:setRole(184)) - 742c26a8-c271-430a-a05a-c8bba3fa6d96@group-5FF82F29B6C0: changes role from  FOLLOWER to FOLLOWER at term 97 for recognizeCandidate:4c6a16c4-95d2-4ef7-9fc0-4f57ccbd9967
2019-10-15 03:19:17,731 [grpc-default-executor-6] INFO  impl.RoleInfo (RoleInfo.java:shutdownFollowerState(121)) - 742c26a8-c271-430a-a05a-c8bba3fa6d96: shutdown FollowerState
2019-10-15 03:19:17,732 [grpc-default-executor-5] INFO  impl.RaftServerImpl (RaftServerImpl.java:setRole(184)) - a910346c-1ee2-4cdc-a6d8-644a3a4f0b7f@group-5FF82F29B6C0: changes role from  FOLLOWER to FOLLOWER at term 97 for recognizeCandidate:4c6a16c4-95d2-4ef7-9fc0-4f57ccbd9967
2019-10-15 03:19:17,732 [Thread-967] INFO  impl.FollowerState (FollowerState.java:run(117)) - 742c26a8-c271-430a-a05a-c8bba3fa6d96@group-5FF82F29B6C0-FollowerState was interrupted: java.lang.InterruptedException: sleep interrupted
2019-10-15 03:19:17,732 [grpc-default-executor-6] INFO  impl.RoleInfo (RoleInfo.java:updateAndGet(143)) - 742c26a8-c271-430a-a05a-c8bba3fa6d96: start FollowerState
2019-10-15 03:19:17,732 [grpc-default-executor-5] INFO  impl.RoleInfo (RoleInfo.java:shutdownFollowerState(121)) - a910346c-1ee2-4cdc-a6d8-644a3a4f0b7f: shutdown FollowerState
2019-10-15 03:19:17,733 [grpc-default-executor-5] INFO  impl.RoleInfo (RoleInfo.java:updateAndGet(143)) - a910346c-1ee2-4cdc-a6d8-644a3a4f0b7f: start FollowerState
2019-10-15 03:19:17,733 [Thread-968] INFO  impl.FollowerState (FollowerState.java:run(117)) - a910346c-1ee2-4cdc-a6d8-644a3a4f0b7f@group-5FF82F29B6C0-FollowerState was interrupted: java.lang.InterruptedException: sleep interrupted
2019-10-15 03:19:17,745 [4c6a16c4-95d2-4ef7-9fc0-4f57ccbd9967@group-5FF82F29B6C0-LeaderElection98] INFO  impl.LeaderElection (LeaderElection.java:logAndReturn(56)) - 4c6a16c4-95d2-4ef7-9fc0-4f57ccbd9967@group-5FF82F29B6C0-LeaderElection98: Election REJECTED; received 2 response(s) [4c6a16c4-95d2-4ef7-9fc0-4f57ccbd9967<-742c26a8-c271-430a-a05a-c8bba3fa6d96#0:FAIL-t97, 4c6a16c4-95d2-4ef7-9fc0-4f57ccbd9967<-a910346c-1ee2-4cdc-a6d8-644a3a4f0b7f#0:FAIL-t97] and 0 exception(s); 4c6a16c4-95d2-4ef7-9fc0-4f57ccbd9967@group-5FF82F29B6C0:t97, leader=null, voted=4c6a16c4-95d2-4ef7-9fc0-4f57ccbd9967, raftlog=4c6a16c4-95d2-4ef7-9fc0-4f57ccbd9967@group-5FF82F29B6C0-SegmentedRaftLog:OPENED:c-1,f-1,i0, conf=-1: [4c6a16c4-95d2-4ef7-9fc0-4f57ccbd9967:192.168.5.131:39112, 742c26a8-c271-430a-a05a-c8bba3fa6d96:192.168.5.131:42235, a910346c-1ee2-4cdc-a6d8-644a3a4f0b7f:192.168.5.131:38193], old=null
2019-10-15 03:19:17,746 [4c6a16c4-95d2-4ef7-9fc0-4f57ccbd9967@group-5FF82F29B6C0-LeaderElection98] INFO  impl.RaftServerImpl (RaftServerImpl.java:setRole(184)) - 4c6a16c4-95d2-4ef7-9fc0-4f57ccbd9967@group-5FF82F29B6C0: changes role from CANDIDATE to FOLLOWER at term 97 for DISCOVERED_A_NEW_TERM
2019-10-15 03:19:17,746 [4c6a16c4-95d2-4ef7-9fc0-4f57ccbd9967@group-5FF82F29B6C0-LeaderElection98] INFO  impl.RoleInfo (RoleInfo.java:shutdownLeaderElection(134)) - 4c6a16c4-95d2-4ef7-9fc0-4f57ccbd9967: shutdown LeaderElection
2019-10-15 03:19:17,746 [4c6a16c4-95d2-4ef7-9fc0-4f57ccbd9967@group-5FF82F29B6C0-LeaderElection98] INFO  impl.RoleInfo (RoleInfo.java:updateAndGet(143)) - 4c6a16c4-95d2-4ef7-9fc0-4f57ccbd9967: start FollowerState
2019-10-15 03:19:17,747 [Thread-975] INFO  impl.FollowerState (FollowerState.java:run(108)) - 4c6a16c4-95d2-4ef7-9fc0-4f57ccbd9967@group-5FF82F29B6C0-FollowerState: change to CANDIDATE, lastRpcTime:1ms, electionTimeout:1ms
2019-10-15 03:19:17,748 [Thread-975] INFO  impl.RoleInfo (RoleInfo.java:shutdownFollowerState(121)) - 4c6a16c4-95d2-4ef7-9fc0-4f57ccbd9967: shutdown FollowerState
2019-10-15 03:19:17,748 [Thread-975] INFO  impl.RaftServerImpl (RaftServerImpl.java:setRole(184)) - 4c6a16c4-95d2-4ef7-9fc0-4f57ccbd9967@group-5FF82F29B6C0: changes role from  FOLLOWER to CANDIDATE at term 97 for changeToCandidate
2019-10-15 03:19:17,748 [Thread-975] INFO  impl.RoleInfo (RoleInfo.java:updateAndGet(143)) - 4c6a16c4-95d2-4ef7-9fc0-4f57ccbd9967: start LeaderElection
2019-10-15 03:19:17,757 [4c6a16c4-95d2-4ef7-9fc0-4f57ccbd9967@group-5FF82F29B6C0-LeaderElection99] INFO  impl.LeaderElection (LeaderElection.java:askForVotes(178)) - 4c6a16c4-95d2-4ef7-9fc0-4f57ccbd9967@group-5FF82F29B6C0-LeaderElection99: begin an election at term 98 for -1: [4c6a16c4-95d2-4ef7-9fc0-4f57ccbd9967:192.168.5.131:39112, 742c26a8-c271-430a-a05a-c8bba3fa6d96:192.168.5.131:42235, a910346c-1ee2-4cdc-a6d8-644a3a4f0b7f:192.168.5.131:38193], old=null
2019-10-15 03:19:17,760 [grpc-default-executor-5] INFO  impl.RaftServerImpl (RaftServerImpl.java:setRole(184)) - 742c26a8-c271-430a-a05a-c8bba3fa6d96@group-5FF82F29B6C0: changes role from  FOLLOWER to FOLLOWER at term 98 for recognizeCandidate:4c6a16c4-95d2-4ef7-9fc0-4f57ccbd9967
2019-10-15 03:19:17,760 [grpc-default-executor-6] INFO  impl.RaftServerImpl (RaftServerImpl.java:setRole(184)) - a910346c-1ee2-4cdc-a6d8-644a3a4f0b7f@group-5FF82F29B6C0: changes role from  FOLLOWER to FOLLOWER at term 98 for recognizeCandidate:4c6a16c4-95d2-4ef7-9fc0-4f57ccbd9967
2019-10-15 03:19:17,760 [grpc-default-executor-5] INFO  impl.RoleInfo (RoleInfo.java:shutdownFollowerState(121)) - 742c26a8-c271-430a-a05a-c8bba3fa6d96: shutdown FollowerState
2019-10-15 03:19:17,760 [grpc-default-executor-6] INFO  impl.RoleInfo (RoleInfo.java:shutdownFollowerState(121)) - a910346c-1ee2-4cdc-a6d8-644a3a4f0b7f: shutdown FollowerState
2019-10-15 03:19:17,761 [Thread-973] INFO  impl.FollowerState (FollowerState.java:run(117)) - 742c26a8-c271-430a-a05a-c8bba3fa6d96@group-5FF82F29B6C0-FollowerState was interrupted: java.lang.InterruptedException: sleep interrupted
2019-10-15 03:19:17,761 [grpc-default-executor-5] INFO  impl.RoleInfo (RoleInfo.java:updateAndGet(143)) - 742c26a8-c271-430a-a05a-c8bba3fa6d96: start FollowerState
2019-10-15 03:19:17,761 [Thread-974] INFO  impl.FollowerState (FollowerState.java:run(117)) - a910346c-1ee2-4cdc-a6d8-644a3a4f0b7f@group-5FF82F29B6C0-FollowerState was interrupted: java.lang.InterruptedException: sleep interrupted
2019-10-15 03:19:17,761 [grpc-default-executor-6] INFO  impl.RoleInfo (RoleInfo.java:updateAndGet(143)) - a910346c-1ee2-4cdc-a6d8-644a3a4f0b7f: start FollowerState
2019-10-15 03:19:17,776 [4c6a16c4-95d2-4ef7-9fc0-4f57ccbd9967@group-5FF82F29B6C0-LeaderElection99] INFO  impl.LeaderElection (LeaderElection.java:logAndReturn(56)) - 4c6a16c4-95d2-4ef7-9fc0-4f57ccbd9967@group-5FF82F29B6C0-LeaderElection99: Election REJECTED; received 2 response(s) [4c6a16c4-95d2-4ef7-9fc0-4f57ccbd9967<-742c26a8-c271-430a-a05a-c8bba3fa6d96#0:FAIL-t98, 4c6a16c4-95d2-4ef7-9fc0-4f57ccbd9967<-a910346c-1ee2-4cdc-a6d8-644a3a4f0b7f#0:FAIL-t98] and 0 exception(s); 4c6a16c4-95d2-4ef7-9fc0-4f57ccbd9967@group-5FF82F29B6C0:t98, leader=null, voted=4c6a16c4-95d2-4ef7-9fc0-4f57ccbd9967, raftlog=4c6a16c4-95d2-4ef7-9fc0-4f57ccbd9967@group-5FF82F29B6C0-SegmentedRaftLog:OPENED:c-1,f-1,i0, conf=-1: [4c6a16c4-95d2-4ef7-9fc0-4f57ccbd9967:192.168.5.131:39112, 742c26a8-c271-430a-a05a-c8bba3fa6d96:192.168.5.131:42235, a910346c-1ee2-4cdc-a6d8-644a3a4f0b7f:192.168.5.131:38193], old=null
2019-10-15 03:19:17,776 [4c6a16c4-95d2-4ef7-9fc0-4f57ccbd9967@group-5FF82F29B6C0-LeaderElection99] INFO  impl.RaftServerImpl (RaftServerImpl.java:setRole(184)) - 4c6a16c4-95d2-4ef7-9fc0-4f57ccbd9967@group-5FF82F29B6C0: changes role from CANDIDATE to FOLLOWER at term 98 for DISCOVERED_A_NEW_TERM
2019-10-15 03:19:17,777 [4c6a16c4-95d2-4ef7-9fc0-4f57ccbd9967@group-5FF82F29B6C0-LeaderElection99] INFO  impl.RoleInfo (RoleInfo.java:shutdownLeaderElection(134)) - 4c6a16c4-95d2-4ef7-9fc0-4f57ccbd9967: shutdown LeaderElection
2019-10-15 03:19:17,777 [4c6a16c4-95d2-4ef7-9fc0-4f57ccbd9967@group-5FF82F29B6C0-LeaderElection99] INFO  impl.RoleInfo (RoleInfo.java:updateAndGet(143)) - 4c6a16c4-95d2-4ef7-9fc0-4f57ccbd9967: start FollowerState
2019-10-15 03:19:17,831 [Thread-981] INFO  impl.FollowerState (FollowerState.java:run(108)) - 4c6a16c4-95d2-4ef7-9fc0-4f57ccbd9967@group-5FF82F29B6C0-FollowerState: change to CANDIDATE, lastRpcTime:54ms, electionTimeout:54ms
2019-10-15 03:19:17,831 [Thread-981] INFO  impl.RoleInfo (RoleInfo.java:shutdownFollowerState(121)) - 4c6a16c4-95d2-4ef7-9fc0-4f57ccbd9967: shutdown FollowerState
2019-10-15 03:19:17,831 [Thread-981] INFO  impl.RaftServerImpl (RaftServerImpl.java:setRole(184)) - 4c6a16c4-95d2-4ef7-9fc0-4f57ccbd9967@group-5FF82F29B6C0: changes role from  FOLLOWER to CANDIDATE at term 98 for changeToCandidate
2019-10-15 03:19:17,832 [Thread-981] INFO  impl.RoleInfo (RoleInfo.java:updateAndGet(143)) - 4c6a16c4-95d2-4ef7-9fc0-4f57ccbd9967: start LeaderElection
2019-10-15 03:19:17,845 [4c6a16c4-95d2-4ef7-9fc0-4f57ccbd9967@group-5FF82F29B6C0-LeaderElection100] INFO  impl.LeaderElection (LeaderElection.java:askForVotes(178)) - 4c6a16c4-95d2-4ef7-9fc0-4f57ccbd9967@group-5FF82F29B6C0-LeaderElection100: begin an election at term 99 for -1: [4c6a16c4-95d2-4ef7-9fc0-4f57ccbd9967:192.168.5.131:39112, 742c26a8-c271-430a-a05a-c8bba3fa6d96:192.168.5.131:42235, a910346c-1ee2-4cdc-a6d8-644a3a4f0b7f:192.168.5.131:38193], old=null
2019-10-15 03:19:17,849 [grpc-default-executor-5] INFO  impl.RaftServerImpl (RaftServerImpl.java:setRole(184)) - 742c26a8-c271-430a-a05a-c8bba3fa6d96@group-5FF82F29B6C0: changes role from  FOLLOWER to FOLLOWER at term 99 for recognizeCandidate:4c6a16c4-95d2-4ef7-9fc0-4f57ccbd9967
2019-10-15 03:19:17,849 [grpc-default-executor-6] INFO  impl.RaftServerImpl (RaftServerImpl.java:setRole(184)) - a910346c-1ee2-4cdc-a6d8-644a3a4f0b7f@group-5FF82F29B6C0: changes role from  FOLLOWER to FOLLOWER at term 99 for recognizeCandidate:4c6a16c4-95d2-4ef7-9fc0-4f57ccbd9967
2019-10-15 03:19:17,849 [grpc-default-executor-5] INFO  impl.RoleInfo (RoleInfo.java:shutdownFollowerState(121)) - 742c26a8-c271-430a-a05a-c8bba3fa6d96: shutdown FollowerState
2019-10-15 03:19:17,849 [grpc-default-executor-6] INFO  impl.RoleInfo (RoleInfo.java:shutdownFollowerState(121)) - a910346c-1ee2-4cdc-a6d8-644a3a4f0b7f: shutdown FollowerState
2019-10-15 03:19:17,849 [Thread-979] INFO  impl.FollowerState (FollowerState.java:run(117)) - 742c26a8-c271-430a-a05a-c8bba3fa6d96@group-5FF82F29B6C0-FollowerState was interrupted: java.lang.InterruptedException: sleep interrupted
2019-10-15 03:19:17,849 [Thread-980] INFO  impl.FollowerState (FollowerState.java:run(117)) - a910346c-1ee2-4cdc-a6d8-644a3a4f0b7f@group-5FF82F29B6C0-FollowerState was interrupted: java.lang.InterruptedException: sleep interrupted
2019-10-15 03:19:17,849 [grpc-default-executor-5] INFO  impl.RoleInfo (RoleInfo.java:updateAndGet(143)) - 742c26a8-c271-430a-a05a-c8bba3fa6d96: start FollowerState
2019-10-15 03:19:17,849 [grpc-default-executor-6] INFO  impl.RoleInfo (RoleInfo.java:updateAndGet(143)) - a910346c-1ee2-4cdc-a6d8-644a3a4f0b7f: start FollowerState
2019-10-15 03:19:17,868 [4c6a16c4-95d2-4ef7-9fc0-4f57ccbd9967@group-5FF82F29B6C0-LeaderElection100] INFO  impl.LeaderElection (LeaderElection.java:logAndReturn(56)) - 4c6a16c4-95d2-4ef7-9fc0-4f57ccbd9967@group-5FF82F29B6C0-LeaderElection100: Election REJECTED; received 2 response(s) [4c6a16c4-95d2-4ef7-9fc0-4f57ccbd9967<-742c26a8-c271-430a-a05a-c8bba3fa6d96#0:FAIL-t99, 4c6a16c4-95d2-4ef7-9fc0-4f57ccbd9967<-a910346c-1ee2-4cdc-a6d8-644a3a4f0b7f#0:FAIL-t99] and 0 exception(s); 4c6a16c4-95d2-4ef7-9fc0-4f57ccbd9967@group-5FF82F29B6C0:t99, leader=null, voted=4c6a16c4-95d2-4ef7-9fc0-4f57ccbd9967, raftlog=4c6a16c4-95d2-4ef7-9fc0-4f57ccbd9967@group-5FF82F29B6C0-SegmentedRaftLog:OPENED:c-1,f-1,i0, conf=-1: [4c6a16c4-95d2-4ef7-9fc0-4f57ccbd9967:192.168.5.131:39112, 742c26a8-c271-430a-a05a-c8bba3fa6d96:192.168.5.131:42235, a910346c-1ee2-4cdc-a6d8-644a3a4f0b7f:192.168.5.131:38193], old=null
2019-10-15 03:19:17,868 [4c6a16c4-95d2-4ef7-9fc0-4f57ccbd9967@group-5FF82F29B6C0-LeaderElection100] INFO  impl.RaftServerImpl (RaftServerImpl.java:setRole(184)) - 4c6a16c4-95d2-4ef7-9fc0-4f57ccbd9967@group-5FF82F29B6C0: changes role from CANDIDATE to FOLLOWER at term 99 for DISCOVERED_A_NEW_TERM
2019-10-15 03:19:17,868 [4c6a16c4-95d2-4ef7-9fc0-4f57ccbd9967@group-5FF82F29B6C0-LeaderElection100] INFO  impl.RoleInfo (RoleInfo.java:shutdownLeaderElection(134)) - 4c6a16c4-95d2-4ef7-9fc0-4f57ccbd9967: shutdown LeaderElection
2019-10-15 03:19:17,868 [4c6a16c4-95d2-4ef7-9fc0-4f57ccbd9967@group-5FF82F29B6C0-LeaderElection100] INFO  impl.RoleInfo (RoleInfo.java:updateAndGet(143)) - 4c6a16c4-95d2-4ef7-9fc0-4f57ccbd9967: start FollowerState
2019-10-15 03:19:17,981 [Thread-987] INFO  impl.FollowerState (FollowerState.java:run(108)) - 4c6a16c4-95d2-4ef7-9fc0-4f57ccbd9967@group-5FF82F29B6C0-FollowerState: change to CANDIDATE, lastRpcTime:112ms, electionTimeout:112ms
2019-10-15 03:19:17,981 [Thread-987] INFO  impl.RoleInfo (RoleInfo.java:shutdownFollowerState(121)) - 4c6a16c4-95d2-4ef7-9fc0-4f57ccbd9967: shutdown FollowerState
2019-10-15 03:19:17,981 [Thread-987] INFO  impl.RaftServerImpl (RaftServerImpl.java:setRole(184)) - 4c6a16c4-95d2-4ef7-9fc0-4f57ccbd9967@group-5FF82F29B6C0: changes role from  FOLLOWER to CANDIDATE at term 99 for changeToCandidate
2019-10-15 03:19:17,982 [Thread-987] INFO  impl.RoleInfo (RoleInfo.java:updateAndGet(143)) - 4c6a16c4-95d2-4ef7-9fc0-4f57ccbd9967: start LeaderElection
2019-10-15 03:19:17,995 [4c6a16c4-95d2-4ef7-9fc0-4f57ccbd9967@group-5FF82F29B6C0-LeaderElection101] INFO  impl.LeaderElection (LeaderElection.java:askForVotes(178)) - 4c6a16c4-95d2-4ef7-9fc0-4f57ccbd9967@group-5FF82F29B6C0-LeaderElection101: begin an election at term 100 for -1: [4c6a16c4-95d2-4ef7-9fc0-4f57ccbd9967:192.168.5.131:39112, 742c26a8-c271-430a-a05a-c8bba3fa6d96:192.168.5.131:42235, a910346c-1ee2-4cdc-a6d8-644a3a4f0b7f:192.168.5.131:38193], old=null
2019-10-15 03:19:17,999 [grpc-default-executor-5] INFO  impl.RaftServerImpl (RaftServerImpl.java:setRole(184)) - a910346c-1ee2-4cdc-a6d8-644a3a4f0b7f@group-5FF82F29B6C0: changes role from  FOLLOWER to FOLLOWER at term 100 for recognizeCandidate:4c6a16c4-95d2-4ef7-9fc0-4f57ccbd9967
2019-10-15 03:19:17,999 [grpc-default-executor-6] INFO  impl.RaftServerImpl (RaftServerImpl.java:setRole(184)) - 742c26a8-c271-430a-a05a-c8bba3fa6d96@group-5FF82F29B6C0: changes role from  FOLLOWER to FOLLOWER at term 100 for recognizeCandidate:4c6a16c4-95d2-4ef7-9fc0-4f57ccbd9967
2019-10-15 03:19:17,999 [grpc-default-executor-5] INFO  impl.RoleInfo (RoleInfo.java:shutdownFollowerState(121)) - a910346c-1ee2-4cdc-a6d8-644a3a4f0b7f: shutdown FollowerState
2019-10-15 03:19:17,999 [grpc-default-executor-6] INFO  impl.RoleInfo (RoleInfo.java:shutdownFollowerState(121)) - 742c26a8-c271-430a-a05a-c8bba3fa6d96: shutdown FollowerState
2019-10-15 03:19:17,999 [grpc-default-executor-5] INFO  impl.RoleInfo (RoleInfo.java:updateAndGet(143)) - a910346c-1ee2-4cdc-a6d8-644a3a4f0b7f: start FollowerState
2019-10-15 03:19:17,999 [grpc-default-executor-6] INFO  impl.RoleInfo (RoleInfo.java:updateAndGet(143)) - 742c26a8-c271-430a-a05a-c8bba3fa6d96: start FollowerState
2019-10-15 03:19:17,999 [Thread-986] INFO  impl.FollowerState (FollowerState.java:run(117)) - a910346c-1ee2-4cdc-a6d8-644a3a4f0b7f@group-5FF82F29B6C0-FollowerState was interrupted: java.lang.InterruptedException: sleep interrupted
2019-10-15 03:19:18,000 [Thread-985] INFO  impl.FollowerState (FollowerState.java:run(117)) - 742c26a8-c271-430a-a05a-c8bba3fa6d96@group-5FF82F29B6C0-FollowerState was interrupted: java.lang.InterruptedException: sleep interrupted
2019-10-15 03:19:18,014 [4c6a16c4-95d2-4ef7-9fc0-4f57ccbd9967@group-5FF82F29B6C0-LeaderElection101] INFO  impl.LeaderElection (LeaderElection.java:logAndReturn(56)) - 4c6a16c4-95d2-4ef7-9fc0-4f57ccbd9967@group-5FF82F29B6C0-LeaderElection101: Election REJECTED; received 2 response(s) [4c6a16c4-95d2-4ef7-9fc0-4f57ccbd9967<-742c26a8-c271-430a-a05a-c8bba3fa6d96#0:FAIL-t100, 4c6a16c4-95d2-4ef7-9fc0-4f57ccbd9967<-a910346c-1ee2-4cdc-a6d8-644a3a4f0b7f#0:FAIL-t100] and 0 exception(s); 4c6a16c4-95d2-4ef7-9fc0-4f57ccbd9967@group-5FF82F29B6C0:t100, leader=null, voted=4c6a16c4-95d2-4ef7-9fc0-4f57ccbd9967, raftlog=4c6a16c4-95d2-4ef7-9fc0-4f57ccbd9967@group-5FF82F29B6C0-SegmentedRaftLog:OPENED:c-1,f-1,i0, conf=-1: [4c6a16c4-95d2-4ef7-9fc0-4f57ccbd9967:192.168.5.131:39112, 742c26a8-c271-430a-a05a-c8bba3fa6d96:192.168.5.131:42235, a910346c-1ee2-4cdc-a6d8-644a3a4f0b7f:192.168.5.131:38193], old=null
2019-10-15 03:19:18,014 [4c6a16c4-95d2-4ef7-9fc0-4f57ccbd9967@group-5FF82F29B6C0-LeaderElection101] INFO  impl.RaftServerImpl (RaftServerImpl.java:setRole(184)) - 4c6a16c4-95d2-4ef7-9fc0-4f57ccbd9967@group-5FF82F29B6C0: changes role from CANDIDATE to FOLLOWER at term 100 for DISCOVERED_A_NEW_TERM
2019-10-15 03:19:18,014 [4c6a16c4-95d2-4ef7-9fc0-4f57ccbd9967@group-5FF82F29B6C0-LeaderElection101] INFO  impl.RoleInfo (RoleInfo.java:shutdownLeaderElection(134)) - 4c6a16c4-95d2-4ef7-9fc0-4f57ccbd9967: shutdown LeaderElection
2019-10-15 03:19:18,015 [4c6a16c4-95d2-4ef7-9fc0-4f57ccbd9967@group-5FF82F29B6C0-LeaderElection101] INFO  impl.RoleInfo (RoleInfo.java:updateAndGet(143)) - 4c6a16c4-95d2-4ef7-9fc0-4f57ccbd9967: start FollowerState
2019-10-15 03:19:18,084 [Thread-995] INFO  impl.FollowerState (FollowerState.java:run(108)) - 4c6a16c4-95d2-4ef7-9fc0-4f57ccbd9967@group-5FF82F29B6C0-FollowerState: change to CANDIDATE, lastRpcTime:69ms, electionTimeout:69ms
2019-10-15 03:19:18,084 [Thread-995] INFO  impl.RoleInfo (RoleInfo.java:shutdownFollowerState(121)) - 4c6a16c4-95d2-4ef7-9fc0-4f57ccbd9967: shutdown FollowerState
2019-10-15 03:19:18,084 [Thread-995] INFO  impl.RaftServerImpl (RaftServerImpl.java:setRole(184)) - 4c6a16c4-95d2-4ef7-9fc0-4f57ccbd9967@group-5FF82F29B6C0: changes role from  FOLLOWER to CANDIDATE at term 100 for changeToCandidate
2019-10-15 03:19:18,085 [Thread-995] INFO  impl.RoleInfo (RoleInfo.java:updateAndGet(143)) - 4c6a16c4-95d2-4ef7-9fc0-4f57ccbd9967: start LeaderElection
2019-10-15 03:19:18,107 [4c6a16c4-95d2-4ef7-9fc0-4f57ccbd9967@group-5FF82F29B6C0-LeaderElection102] INFO  impl.LeaderElection (LeaderElection.java:askForVotes(178)) - 4c6a16c4-95d2-4ef7-9fc0-4f57ccbd9967@group-5FF82F29B6C0-LeaderElection102: begin an election at term 101 for -1: [4c6a16c4-95d2-4ef7-9fc0-4f57ccbd9967:192.168.5.131:39112, 742c26a8-c271-430a-a05a-c8bba3fa6d96:192.168.5.131:42235, a910346c-1ee2-4cdc-a6d8-644a3a4f0b7f:192.168.5.131:38193], old=null
2019-10-15 03:19:18,110 [grpc-default-executor-5] INFO  impl.RaftServerImpl (RaftServerImpl.java:setRole(184)) - 742c26a8-c271-430a-a05a-c8bba3fa6d96@group-5FF82F29B6C0: changes role from  FOLLOWER to FOLLOWER at term 101 for recognizeCandidate:4c6a16c4-95d2-4ef7-9fc0-4f57ccbd9967
2019-10-15 03:19:18,110 [grpc-default-executor-6] INFO  impl.RaftServerImpl (RaftServerImpl.java:setRole(184)) - a910346c-1ee2-4cdc-a6d8-644a3a4f0b7f@group-5FF82F29B6C0: changes role from  FOLLOWER to FOLLOWER at term 101 for recognizeCandidate:4c6a16c4-95d2-4ef7-9fc0-4f57ccbd9967
2019-10-15 03:19:18,110 [grpc-default-executor-5] INFO  impl.RoleInfo (RoleInfo.java:shutdownFollowerState(121)) - 742c26a8-c271-430a-a05a-c8bba3fa6d96: shutdown FollowerState
2019-10-15 03:19:18,110 [grpc-default-executor-6] INFO  impl.RoleInfo (RoleInfo.java:shutdownFollowerState(121)) - a910346c-1ee2-4cdc-a6d8-644a3a4f0b7f: shutdown FollowerState
2019-10-15 03:19:18,110 [Thread-994] INFO  impl.FollowerState (FollowerState.java:run(117)) - 742c26a8-c271-430a-a05a-c8bba3fa6d96@group-5FF82F29B6C0-FollowerState was interrupted: java.lang.InterruptedException: sleep interrupted
2019-10-15 03:19:18,110 [grpc-default-executor-5] INFO  impl.RoleInfo (RoleInfo.java:updateAndGet(143)) - 742c26a8-c271-430a-a05a-c8bba3fa6d96: start FollowerState
2019-10-15 03:19:18,110 [Thread-993] INFO  impl.FollowerState (FollowerState.java:run(117)) - a910346c-1ee2-4cdc-a6d8-644a3a4f0b7f@group-5FF82F29B6C0-FollowerState was interrupted: java.lang.InterruptedException: sleep interrupted
2019-10-15 03:19:18,110 [grpc-default-executor-6] INFO  impl.RoleInfo (RoleInfo.java:updateAndGet(143)) - a910346c-1ee2-4cdc-a6d8-644a3a4f0b7f: start FollowerState
2019-10-15 03:19:18,125 [4c6a16c4-95d2-4ef7-9fc0-4f57ccbd9967@group-5FF82F29B6C0-LeaderElection102] INFO  impl.LeaderElection (LeaderElection.java:logAndReturn(56)) - 4c6a16c4-95d2-4ef7-9fc0-4f57ccbd9967@group-5FF82F29B6C0-LeaderElection102: Election REJECTED; received 2 response(s) [4c6a16c4-95d2-4ef7-9fc0-4f57ccbd9967<-742c26a8-c271-430a-a05a-c8bba3fa6d96#0:FAIL-t101, 4c6a16c4-95d2-4ef7-9fc0-4f57ccbd9967<-a910346c-1ee2-4cdc-a6d8-644a3a4f0b7f#0:FAIL-t101] and 0 exception(s); 4c6a16c4-95d2-4ef7-9fc0-4f57ccbd9967@group-5FF82F29B6C0:t101, leader=null, voted=4c6a16c4-95d2-4ef7-9fc0-4f57ccbd9967, raftlog=4c6a16c4-95d2-4ef7-9fc0-4f57ccbd9967@group-5FF82F29B6C0-SegmentedRaftLog:OPENED:c-1,f-1,i0, conf=-1: [4c6a16c4-95d2-4ef7-9fc0-4f57ccbd9967:192.168.5.131:39112, 742c26a8-c271-430a-a05a-c8bba3fa6d96:192.168.5.131:42235, a910346c-1ee2-4cdc-a6d8-644a3a4f0b7f:192.168.5.131:38193], old=null
2019-10-15 03:19:18,126 [4c6a16c4-95d2-4ef7-9fc0-4f57ccbd9967@group-5FF82F29B6C0-LeaderElection102] INFO  impl.RaftServerImpl (RaftServerImpl.java:setRole(184)) - 4c6a16c4-95d2-4ef7-9fc0-4f57ccbd9967@group-5FF82F29B6C0: changes role from CANDIDATE to FOLLOWER at term 101 for DISCOVERED_A_NEW_TERM
2019-10-15 03:19:18,126 [4c6a16c4-95d2-4ef7-9fc0-4f57ccbd9967@group-5FF82F29B6C0-LeaderElection102] INFO  impl.RoleInfo (RoleInfo.java:shutdownLeaderElection(134)) - 4c6a16c4-95d2-4ef7-9fc0-4f57ccbd9967: shutdown LeaderElection
2019-10-15 03:19:18,126 [4c6a16c4-95d2-4ef7-9fc0-4f57ccbd9967@group-5FF82F29B6C0-LeaderElection102] INFO  impl.RoleInfo (RoleInfo.java:updateAndGet(143)) - 4c6a16c4-95d2-4ef7-9fc0-4f57ccbd9967: start FollowerState
2019-10-15 03:19:18,254 [Thread-1001] INFO  impl.FollowerState (FollowerState.java:run(108)) - 4c6a16c4-95d2-4ef7-9fc0-4f57ccbd9967@group-5FF82F29B6C0-FollowerState: change to CANDIDATE, lastRpcTime:127ms, electionTimeout:127ms
2019-10-15 03:19:18,254 [Thread-1001] INFO  impl.RoleInfo (RoleInfo.java:shutdownFollowerState(121)) - 4c6a16c4-95d2-4ef7-9fc0-4f57ccbd9967: shutdown FollowerState
2019-10-15 03:19:18,254 [Thread-1001] INFO  impl.RaftServerImpl (RaftServerImpl.java:setRole(184)) - 4c6a16c4-95d2-4ef7-9fc0-4f57ccbd9967@group-5FF82F29B6C0: changes role from  FOLLOWER to CANDIDATE at term 101 for changeToCandidate
2019-10-15 03:19:18,254 [Thread-1001] INFO  impl.RoleInfo (RoleInfo.java:updateAndGet(143)) - 4c6a16c4-95d2-4ef7-9fc0-4f57ccbd9967: start LeaderElection
2019-10-15 03:19:18,268 [4c6a16c4-95d2-4ef7-9fc0-4f57ccbd9967@group-5FF82F29B6C0-LeaderElection103] INFO  impl.LeaderElection (LeaderElection.java:askForVotes(178)) - 4c6a16c4-95d2-4ef7-9fc0-4f57ccbd9967@group-5FF82F29B6C0-LeaderElection103: begin an election at term 102 for -1: [4c6a16c4-95d2-4ef7-9fc0-4f57ccbd9967:192.168.5.131:39112, 742c26a8-c271-430a-a05a-c8bba3fa6d96:192.168.5.131:42235, a910346c-1ee2-4cdc-a6d8-644a3a4f0b7f:192.168.5.131:38193], old=null
2019-10-15 03:19:18,271 [grpc-default-executor-5] INFO  impl.RaftServerImpl (RaftServerImpl.java:setRole(184)) - a910346c-1ee2-4cdc-a6d8-644a3a4f0b7f@group-5FF82F29B6C0: changes role from  FOLLOWER to FOLLOWER at term 102 for recognizeCandidate:4c6a16c4-95d2-4ef7-9fc0-4f57ccbd9967
2019-10-15 03:19:18,271 [grpc-default-executor-6] INFO  impl.RaftServerImpl (RaftServerImpl.java:setRole(184)) - 742c26a8-c271-430a-a05a-c8bba3fa6d96@group-5FF82F29B6C0: changes role from  FOLLOWER to FOLLOWER at term 102 for recognizeCandidate:4c6a16c4-95d2-4ef7-9fc0-4f57ccbd9967
2019-10-15 03:19:18,271 [grpc-default-executor-5] INFO  impl.RoleInfo (RoleInfo.java:shutdownFollowerState(121)) - a910346c-1ee2-4cdc-a6d8-644a3a4f0b7f: shutdown FollowerState
2019-10-15 03:19:18,271 [grpc-default-executor-6] INFO  impl.RoleInfo (RoleInfo.java:shutdownFollowerState(121)) - 742c26a8-c271-430a-a05a-c8bba3fa6d96: shutdown FollowerState
2019-10-15 03:19:18,271 [Thread-1000] INFO  impl.FollowerState (FollowerState.java:run(117)) - a910346c-1ee2-4cdc-a6d8-644a3a4f0b7f@group-5FF82F29B6C0-FollowerState was interrupted: java.lang.InterruptedException: sleep interrupted
2019-10-15 03:19:18,271 [grpc-default-executor-5] INFO  impl.RoleInfo (RoleInfo.java:updateAndGet(143)) - a910346c-1ee2-4cdc-a6d8-644a3a4f0b7f: start FollowerState
2019-10-15 03:19:18,271 [grpc-default-executor-6] INFO  impl.RoleInfo (RoleInfo.java:updateAndGet(143)) - 742c26a8-c271-430a-a05a-c8bba3fa6d96: start FollowerState
2019-10-15 03:19:18,271 [Thread-999] INFO  impl.FollowerState (FollowerState.java:run(117)) - 742c26a8-c271-430a-a05a-c8bba3fa6d96@group-5FF82F29B6C0-FollowerState was interrupted: java.lang.InterruptedException: sleep interrupted
2019-10-15 03:19:18,297 [4c6a16c4-95d2-4ef7-9fc0-4f57ccbd9967@group-5FF82F29B6C0-LeaderElection103] INFO  impl.LeaderElection (LeaderElection.java:logAndReturn(56)) - 4c6a16c4-95d2-4ef7-9fc0-4f57ccbd9967@group-5FF82F29B6C0-LeaderElection103: Election REJECTED; received 2 response(s) [4c6a16c4-95d2-4ef7-9fc0-4f57ccbd9967<-742c26a8-c271-430a-a05a-c8bba3fa6d96#0:FAIL-t102, 4c6a16c4-95d2-4ef7-9fc0-4f57ccbd9967<-a910346c-1ee2-4cdc-a6d8-644a3a4f0b7f#0:FAIL-t102] and 0 exception(s); 4c6a16c4-95d2-4ef7-9fc0-4f57ccbd9967@group-5FF82F29B6C0:t102, leader=null, voted=4c6a16c4-95d2-4ef7-9fc0-4f57ccbd9967, raftlog=4c6a16c4-95d2-4ef7-9fc0-4f57ccbd9967@group-5FF82F29B6C0-SegmentedRaftLog:OPENED:c-1,f-1,i0, conf=-1: [4c6a16c4-95d2-4ef7-9fc0-4f57ccbd9967:192.168.5.131:39112, 742c26a8-c271-430a-a05a-c8bba3fa6d96:192.168.5.131:42235, a910346c-1ee2-4cdc-a6d8-644a3a4f0b7f:192.168.5.131:38193], old=null
2019-10-15 03:19:18,298 [4c6a16c4-95d2-4ef7-9fc0-4f57ccbd9967@group-5FF82F29B6C0-LeaderElection103] INFO  impl.RaftServerImpl (RaftServerImpl.java:setRole(184)) - 4c6a16c4-95d2-4ef7-9fc0-4f57ccbd9967@group-5FF82F29B6C0: changes role from CANDIDATE to FOLLOWER at term 102 for DISCOVERED_A_NEW_TERM
2019-10-15 03:19:18,298 [4c6a16c4-95d2-4ef7-9fc0-4f57ccbd9967@group-5FF82F29B6C0-LeaderElection103] INFO  impl.RoleInfo (RoleInfo.java:shutdownLeaderElection(134)) - 4c6a16c4-95d2-4ef7-9fc0-4f57ccbd9967: shutdown LeaderElection
2019-10-15 03:19:18,298 [4c6a16c4-95d2-4ef7-9fc0-4f57ccbd9967@group-5FF82F29B6C0-LeaderElection103] INFO  impl.RoleInfo (RoleInfo.java:updateAndGet(143)) - 4c6a16c4-95d2-4ef7-9fc0-4f57ccbd9967: start FollowerState
2019-10-15 03:19:18,443 [Thread-1007] INFO  impl.FollowerState (FollowerState.java:run(108)) - 4c6a16c4-95d2-4ef7-9fc0-4f57ccbd9967@group-5FF82F29B6C0-FollowerState: change to CANDIDATE, lastRpcTime:145ms, electionTimeout:145ms
2019-10-15 03:19:18,444 [Thread-1007] INFO  impl.RoleInfo (RoleInfo.java:shutdownFollowerState(121)) - 4c6a16c4-95d2-4ef7-9fc0-4f57ccbd9967: shutdown FollowerState
2019-10-15 03:19:18,444 [Thread-1007] INFO  impl.RaftServerImpl (RaftServerImpl.java:setRole(184)) - 4c6a16c4-95d2-4ef7-9fc0-4f57ccbd9967@group-5FF82F29B6C0: changes role from  FOLLOWER to CANDIDATE at term 102 for changeToCandidate
2019-10-15 03:19:18,444 [Thread-1007] INFO  impl.RoleInfo (RoleInfo.java:updateAndGet(143)) - 4c6a16c4-95d2-4ef7-9fc0-4f57ccbd9967: start LeaderElection
2019-10-15 03:19:18,458 [4c6a16c4-95d2-4ef7-9fc0-4f57ccbd9967@group-5FF82F29B6C0-LeaderElection104] INFO  impl.LeaderElection (LeaderElection.java:askForVotes(178)) - 4c6a16c4-95d2-4ef7-9fc0-4f57ccbd9967@group-5FF82F29B6C0-LeaderElection104: begin an election at term 103 for -1: [4c6a16c4-95d2-4ef7-9fc0-4f57ccbd9967:192.168.5.131:39112, 742c26a8-c271-430a-a05a-c8bba3fa6d96:192.168.5.131:42235, a910346c-1ee2-4cdc-a6d8-644a3a4f0b7f:192.168.5.131:38193], old=null
2019-10-15 03:19:18,460 [grpc-default-executor-5] INFO  impl.RaftServerImpl (RaftServerImpl.java:setRole(184)) - a910346c-1ee2-4cdc-a6d8-644a3a4f0b7f@group-5FF82F29B6C0: changes role from  FOLLOWER to FOLLOWER at term 103 for recognizeCandidate:4c6a16c4-95d2-4ef7-9fc0-4f57ccbd9967
2019-10-15 03:19:18,461 [grpc-default-executor-5] INFO  impl.RoleInfo (RoleInfo.java:shutdownFollowerState(121)) - a910346c-1ee2-4cdc-a6d8-644a3a4f0b7f: shutdown FollowerState
2019-10-15 03:19:18,460 [grpc-default-executor-6] INFO  impl.RaftServerImpl (RaftServerImpl.java:setRole(184)) - 742c26a8-c271-430a-a05a-c8bba3fa6d96@group-5FF82F29B6C0: changes role from  FOLLOWER to FOLLOWER at term 103 for recognizeCandidate:4c6a16c4-95d2-4ef7-9fc0-4f57ccbd9967
2019-10-15 03:19:18,461 [Thread-1005] INFO  impl.FollowerState (FollowerState.java:run(117)) - a910346c-1ee2-4cdc-a6d8-644a3a4f0b7f@group-5FF82F29B6C0-FollowerState was interrupted: java.lang.InterruptedException: sleep interrupted
2019-10-15 03:19:18,461 [grpc-default-executor-5] INFO  impl.RoleInfo (RoleInfo.java:updateAndGet(143)) - a910346c-1ee2-4cdc-a6d8-644a3a4f0b7f: start FollowerState
2019-10-15 03:19:18,461 [grpc-default-executor-6] INFO  impl.RoleInfo (RoleInfo.java:shutdownFollowerState(121)) - 742c26a8-c271-430a-a05a-c8bba3fa6d96: shutdown FollowerState
2019-10-15 03:19:18,461 [grpc-default-executor-6] INFO  impl.RoleInfo (RoleInfo.java:updateAndGet(143)) - 742c26a8-c271-430a-a05a-c8bba3fa6d96: start FollowerState
2019-10-15 03:19:18,461 [Thread-1006] INFO  impl.FollowerState (FollowerState.java:run(117)) - 742c26a8-c271-430a-a05a-c8bba3fa6d96@group-5FF82F29B6C0-FollowerState was interrupted: java.lang.InterruptedException: sleep interrupted
2019-10-15 03:19:18,487 [4c6a16c4-95d2-4ef7-9fc0-4f57ccbd9967@group-5FF82F29B6C0-LeaderElection104] INFO  impl.LeaderElection (LeaderElection.java:logAndReturn(56)) - 4c6a16c4-95d2-4ef7-9fc0-4f57ccbd9967@group-5FF82F29B6C0-LeaderElection104: Election REJECTED; received 2 response(s) [4c6a16c4-95d2-4ef7-9fc0-4f57ccbd9967<-742c26a8-c271-430a-a05a-c8bba3fa6d96#0:FAIL-t103, 4c6a16c4-95d2-4ef7-9fc0-4f57ccbd9967<-a910346c-1ee2-4cdc-a6d8-644a3a4f0b7f#0:FAIL-t103] and 0 exception(s); 4c6a16c4-95d2-4ef7-9fc0-4f57ccbd9967@group-5FF82F29B6C0:t103, leader=null, voted=4c6a16c4-95d2-4ef7-9fc0-4f57ccbd9967, raftlog=4c6a16c4-95d2-4ef7-9fc0-4f57ccbd9967@group-5FF82F29B6C0-SegmentedRaftLog:OPENED:c-1,f-1,i0, conf=-1: [4c6a16c4-95d2-4ef7-9fc0-4f57ccbd9967:192.168.5.131:39112, 742c26a8-c271-430a-a05a-c8bba3fa6d96:192.168.5.131:42235, a910346c-1ee2-4cdc-a6d8-644a3a4f0b7f:192.168.5.131:38193], old=null
2019-10-15 03:19:18,487 [4c6a16c4-95d2-4ef7-9fc0-4f57ccbd9967@group-5FF82F29B6C0-LeaderElection104] INFO  impl.RaftServerImpl (RaftServerImpl.java:setRole(184)) - 4c6a16c4-95d2-4ef7-9fc0-4f57ccbd9967@group-5FF82F29B6C0: changes role from CANDIDATE to FOLLOWER at term 103 for DISCOVERED_A_NEW_TERM
2019-10-15 03:19:18,488 [4c6a16c4-95d2-4ef7-9fc0-4f57ccbd9967@group-5FF82F29B6C0-LeaderElection104] INFO  impl.RoleInfo (RoleInfo.java:shutdownLeaderElection(134)) - 4c6a16c4-95d2-4ef7-9fc0-4f57ccbd9967: shutdown LeaderElection
2019-10-15 03:19:18,488 [4c6a16c4-95d2-4ef7-9fc0-4f57ccbd9967@group-5FF82F29B6C0-LeaderElection104] INFO  impl.RoleInfo (RoleInfo.java:updateAndGet(143)) - 4c6a16c4-95d2-4ef7-9fc0-4f57ccbd9967: start FollowerState
2019-10-15 03:19:18,542 [Thread-1017] INFO  impl.FollowerState (FollowerState.java:run(108)) - 4c6a16c4-95d2-4ef7-9fc0-4f57ccbd9967@group-5FF82F29B6C0-FollowerState: change to CANDIDATE, lastRpcTime:54ms, electionTimeout:54ms
2019-10-15 03:19:18,543 [Thread-1017] INFO  impl.RoleInfo (RoleInfo.java:shutdownFollowerState(121)) - 4c6a16c4-95d2-4ef7-9fc0-4f57ccbd9967: shutdown FollowerState
2019-10-15 03:19:18,543 [Thread-1017] INFO  impl.RaftServerImpl (RaftServerImpl.java:setRole(184)) - 4c6a16c4-95d2-4ef7-9fc0-4f57ccbd9967@group-5FF82F29B6C0: changes role from  FOLLOWER to CANDIDATE at term 103 for changeToCandidate
2019-10-15 03:19:18,543 [Thread-1017] INFO  impl.RoleInfo (RoleInfo.java:updateAndGet(143)) - 4c6a16c4-95d2-4ef7-9fc0-4f57ccbd9967: start LeaderElection
2019-10-15 03:19:18,557 [4c6a16c4-95d2-4ef7-9fc0-4f57ccbd9967@group-5FF82F29B6C0-LeaderElection105] INFO  impl.LeaderElection (LeaderElection.java:askForVotes(178)) - 4c6a16c4-95d2-4ef7-9fc0-4f57ccbd9967@group-5FF82F29B6C0-LeaderElection105: begin an election at term 104 for -1: [4c6a16c4-95d2-4ef7-9fc0-4f57ccbd9967:192.168.5.131:39112, 742c26a8-c271-430a-a05a-c8bba3fa6d96:192.168.5.131:42235, a910346c-1ee2-4cdc-a6d8-644a3a4f0b7f:192.168.5.131:38193], old=null
2019-10-15 03:19:18,559 [grpc-default-executor-6] INFO  impl.RaftServerImpl (RaftServerImpl.java:setRole(184)) - a910346c-1ee2-4cdc-a6d8-644a3a4f0b7f@group-5FF82F29B6C0: changes role from  FOLLOWER to FOLLOWER at term 104 for recognizeCandidate:4c6a16c4-95d2-4ef7-9fc0-4f57ccbd9967
2019-10-15 03:19:18,559 [grpc-default-executor-5] INFO  impl.RaftServerImpl (RaftServerImpl.java:setRole(184)) - 742c26a8-c271-430a-a05a-c8bba3fa6d96@group-5FF82F29B6C0: changes role from  FOLLOWER to FOLLOWER at term 104 for recognizeCandidate:4c6a16c4-95d2-4ef7-9fc0-4f57ccbd9967
2019-10-15 03:19:18,560 [grpc-default-executor-6] INFO  impl.RoleInfo (RoleInfo.java:shutdownFollowerState(121)) - a910346c-1ee2-4cdc-a6d8-644a3a4f0b7f: shutdown FollowerState
2019-10-15 03:19:18,560 [grpc-default-executor-5] INFO  impl.RoleInfo (RoleInfo.java:shutdownFollowerState(121)) - 742c26a8-c271-430a-a05a-c8bba3fa6d96: shutdown FollowerState
2019-10-15 03:19:18,560 [Thread-1015] INFO  impl.FollowerState (FollowerState.java:run(117)) - a910346c-1ee2-4cdc-a6d8-644a3a4f0b7f@group-5FF82F29B6C0-FollowerState was interrupted: java.lang.InterruptedException: sleep interrupted
2019-10-15 03:19:18,560 [grpc-default-executor-6] INFO  impl.RoleInfo (RoleInfo.java:updateAndGet(143)) - a910346c-1ee2-4cdc-a6d8-644a3a4f0b7f: start FollowerState
2019-10-15 03:19:18,560 [Thread-1016] INFO  impl.FollowerState (FollowerState.java:run(117)) - 742c26a8-c271-430a-a05a-c8bba3fa6d96@group-5FF82F29B6C0-FollowerState was interrupted: java.lang.InterruptedException: sleep interrupted
2019-10-15 03:19:18,560 [grpc-default-executor-5] INFO  impl.RoleInfo (RoleInfo.java:updateAndGet(143)) - 742c26a8-c271-430a-a05a-c8bba3fa6d96: start FollowerState
2019-10-15 03:19:18,572 [4c6a16c4-95d2-4ef7-9fc0-4f57ccbd9967@group-5FF82F29B6C0-LeaderElection105] INFO  impl.LeaderElection (LeaderElection.java:logAndReturn(56)) - 4c6a16c4-95d2-4ef7-9fc0-4f57ccbd9967@group-5FF82F29B6C0-LeaderElection105: Election TIMEOUT; received 0 response(s) [] and 0 exception(s); 4c6a16c4-95d2-4ef7-9fc0-4f57ccbd9967@group-5FF82F29B6C0:t104, leader=null, voted=4c6a16c4-95d2-4ef7-9fc0-4f57ccbd9967, raftlog=4c6a16c4-95d2-4ef7-9fc0-4f57ccbd9967@group-5FF82F29B6C0-SegmentedRaftLog:OPENED:c-1,f-1,i0, conf=-1: [4c6a16c4-95d2-4ef7-9fc0-4f57ccbd9967:192.168.5.131:39112, 742c26a8-c271-430a-a05a-c8bba3fa6d96:192.168.5.131:42235, a910346c-1ee2-4cdc-a6d8-644a3a4f0b7f:192.168.5.131:38193], old=null
2019-10-15 03:19:18,587 [4c6a16c4-95d2-4ef7-9fc0-4f57ccbd9967@group-5FF82F29B6C0-LeaderElection105] INFO  impl.LeaderElection (LeaderElection.java:askForVotes(178)) - 4c6a16c4-95d2-4ef7-9fc0-4f57ccbd9967@group-5FF82F29B6C0-LeaderElection105: begin an election at term 105 for -1: [4c6a16c4-95d2-4ef7-9fc0-4f57ccbd9967:192.168.5.131:39112, 742c26a8-c271-430a-a05a-c8bba3fa6d96:192.168.5.131:42235, a910346c-1ee2-4cdc-a6d8-644a3a4f0b7f:192.168.5.131:38193], old=null
2019-10-15 03:19:18,589 [grpc-default-executor-6] INFO  impl.RaftServerImpl (RaftServerImpl.java:setRole(184)) - 742c26a8-c271-430a-a05a-c8bba3fa6d96@group-5FF82F29B6C0: changes role from  FOLLOWER to FOLLOWER at term 105 for recognizeCandidate:4c6a16c4-95d2-4ef7-9fc0-4f57ccbd9967
2019-10-15 03:19:18,589 [grpc-default-executor-6] INFO  impl.RoleInfo (RoleInfo.java:shutdownFollowerState(121)) - 742c26a8-c271-430a-a05a-c8bba3fa6d96: shutdown FollowerState
2019-10-15 03:19:18,589 [grpc-default-executor-5] INFO  impl.RaftServerImpl (RaftServerImpl.java:setRole(184)) - a910346c-1ee2-4cdc-a6d8-644a3a4f0b7f@group-5FF82F29B6C0: changes role from  FOLLOWER to FOLLOWER at term 105 for recognizeCandidate:4c6a16c4-95d2-4ef7-9fc0-4f57ccbd9967
2019-10-15 03:19:18,589 [Thread-1022] INFO  impl.FollowerState (FollowerState.java:run(117)) - 742c26a8-c271-430a-a05a-c8bba3fa6d96@group-5FF82F29B6C0-FollowerState was interrupted: java.lang.InterruptedException: sleep interrupted
2019-10-15 03:19:18,589 [grpc-default-executor-6] INFO  impl.RoleInfo (RoleInfo.java:updateAndGet(143)) - 742c26a8-c271-430a-a05a-c8bba3fa6d96: start FollowerState
2019-10-15 03:19:18,589 [grpc-default-executor-5] INFO  impl.RoleInfo (RoleInfo.java:shutdownFollowerState(121)) - a910346c-1ee2-4cdc-a6d8-644a3a4f0b7f: shutdown FollowerState
2019-10-15 03:19:18,590 [grpc-default-executor-5] INFO  impl.RoleInfo (RoleInfo.java:updateAndGet(143)) - a910346c-1ee2-4cdc-a6d8-644a3a4f0b7f: start FollowerState
2019-10-15 03:19:18,590 [Thread-1021] INFO  impl.FollowerState (FollowerState.java:run(117)) - a910346c-1ee2-4cdc-a6d8-644a3a4f0b7f@group-5FF82F29B6C0-FollowerState was interrupted: java.lang.InterruptedException: sleep interrupted
2019-10-15 03:19:18,616 [4c6a16c4-95d2-4ef7-9fc0-4f57ccbd9967@group-5FF82F29B6C0-LeaderElection105] INFO  impl.LeaderElection (LeaderElection.java:logAndReturn(56)) - 4c6a16c4-95d2-4ef7-9fc0-4f57ccbd9967@group-5FF82F29B6C0-LeaderElection105: Election REJECTED; received 2 response(s) [4c6a16c4-95d2-4ef7-9fc0-4f57ccbd9967<-742c26a8-c271-430a-a05a-c8bba3fa6d96#0:FAIL-t105, 4c6a16c4-95d2-4ef7-9fc0-4f57ccbd9967<-a910346c-1ee2-4cdc-a6d8-644a3a4f0b7f#0:FAIL-t105] and 0 exception(s); 4c6a16c4-95d2-4ef7-9fc0-4f57ccbd9967@group-5FF82F29B6C0:t105, leader=null, voted=4c6a16c4-95d2-4ef7-9fc0-4f57ccbd9967, raftlog=4c6a16c4-95d2-4ef7-9fc0-4f57ccbd9967@group-5FF82F29B6C0-SegmentedRaftLog:OPENED:c-1,f-1,i0, conf=-1: [4c6a16c4-95d2-4ef7-9fc0-4f57ccbd9967:192.168.5.131:39112, 742c26a8-c271-430a-a05a-c8bba3fa6d96:192.168.5.131:42235, a910346c-1ee2-4cdc-a6d8-644a3a4f0b7f:192.168.5.131:38193], old=null
2019-10-15 03:19:18,616 [4c6a16c4-95d2-4ef7-9fc0-4f57ccbd9967@group-5FF82F29B6C0-LeaderElection105] INFO  impl.RaftServerImpl (RaftServerImpl.java:setRole(184)) - 4c6a16c4-95d2-4ef7-9fc0-4f57ccbd9967@group-5FF82F29B6C0: changes role from CANDIDATE to FOLLOWER at term 105 for DISCOVERED_A_NEW_TERM
2019-10-15 03:19:18,616 [4c6a16c4-95d2-4ef7-9fc0-4f57ccbd9967@group-5FF82F29B6C0-LeaderElection105] INFO  impl.RoleInfo (RoleInfo.java:shutdownLeaderElection(134)) - 4c6a16c4-95d2-4ef7-9fc0-4f57ccbd9967: shutdown LeaderElection
2019-10-15 03:19:18,617 [4c6a16c4-95d2-4ef7-9fc0-4f57ccbd9967@group-5FF82F29B6C0-LeaderElection105] INFO  impl.RoleInfo (RoleInfo.java:updateAndGet(143)) - 4c6a16c4-95d2-4ef7-9fc0-4f57ccbd9967: start FollowerState
2019-10-15 03:19:18,792 [Thread-1027] INFO  impl.FollowerState (FollowerState.java:run(108)) - 4c6a16c4-95d2-4ef7-9fc0-4f57ccbd9967@group-5FF82F29B6C0-FollowerState: change to CANDIDATE, lastRpcTime:175ms, electionTimeout:175ms
2019-10-15 03:19:18,792 [Thread-1027] INFO  impl.RoleInfo (RoleInfo.java:shutdownFollowerState(121)) - 4c6a16c4-95d2-4ef7-9fc0-4f57ccbd9967: shutdown FollowerState
2019-10-15 03:19:18,793 [Thread-1027] INFO  impl.RaftServerImpl (RaftServerImpl.java:setRole(184)) - 4c6a16c4-95d2-4ef7-9fc0-4f57ccbd9967@group-5FF82F29B6C0: changes role from  FOLLOWER to CANDIDATE at term 105 for changeToCandidate
2019-10-15 03:19:18,793 [Thread-1027] INFO  impl.RoleInfo (RoleInfo.java:updateAndGet(143)) - 4c6a16c4-95d2-4ef7-9fc0-4f57ccbd9967: start LeaderElection
2019-10-15 03:19:18,806 [4c6a16c4-95d2-4ef7-9fc0-4f57ccbd9967@group-5FF82F29B6C0-LeaderElection106] INFO  impl.LeaderElection (LeaderElection.java:askForVotes(178)) - 4c6a16c4-95d2-4ef7-9fc0-4f57ccbd9967@group-5FF82F29B6C0-LeaderElection106: begin an election at term 106 for -1: [4c6a16c4-95d2-4ef7-9fc0-4f57ccbd9967:192.168.5.131:39112, 742c26a8-c271-430a-a05a-c8bba3fa6d96:192.168.5.131:42235, a910346c-1ee2-4cdc-a6d8-644a3a4f0b7f:192.168.5.131:38193], old=null
2019-10-15 03:19:18,809 [grpc-default-executor-5] INFO  impl.RaftServerImpl (RaftServerImpl.java:setRole(184)) - a910346c-1ee2-4cdc-a6d8-644a3a4f0b7f@group-5FF82F29B6C0: changes role from  FOLLOWER to FOLLOWER at term 106 for recognizeCandidate:4c6a16c4-95d2-4ef7-9fc0-4f57ccbd9967
2019-10-15 03:19:18,809 [grpc-default-executor-6] INFO  impl.RaftServerImpl (RaftServerImpl.java:setRole(184)) - 742c26a8-c271-430a-a05a-c8bba3fa6d96@group-5FF82F29B6C0: changes role from  FOLLOWER to FOLLOWER at term 106 for recognizeCandidate:4c6a16c4-95d2-4ef7-9fc0-4f57ccbd9967
2019-10-15 03:19:18,809 [grpc-default-executor-5] INFO  impl.RoleInfo (RoleInfo.java:shutdownFollowerState(121)) - a910346c-1ee2-4cdc-a6d8-644a3a4f0b7f: shutdown FollowerState
2019-10-15 03:19:18,809 [grpc-default-executor-6] INFO  impl.RoleInfo (RoleInfo.java:shutdownFollowerState(121)) - 742c26a8-c271-430a-a05a-c8bba3fa6d96: shutdown FollowerState
2019-10-15 03:19:18,809 [Thread-1026] INFO  impl.FollowerState (FollowerState.java:run(117)) - a910346c-1ee2-4cdc-a6d8-644a3a4f0b7f@group-5FF82F29B6C0-FollowerState was interrupted: java.lang.InterruptedException: sleep interrupted
2019-10-15 03:19:18,809 [grpc-default-executor-5] INFO  impl.RoleInfo (RoleInfo.java:updateAndGet(143)) - a910346c-1ee2-4cdc-a6d8-644a3a4f0b7f: start FollowerState
2019-10-15 03:19:18,810 [Thread-1025] INFO  impl.FollowerState (FollowerState.java:run(117)) - 742c26a8-c271-430a-a05a-c8bba3fa6d96@group-5FF82F29B6C0-FollowerState was interrupted: java.lang.InterruptedException: sleep interrupted
2019-10-15 03:19:18,809 [grpc-default-executor-6] INFO  impl.RoleInfo (RoleInfo.java:updateAndGet(143)) - 742c26a8-c271-430a-a05a-c8bba3fa6d96: start FollowerState
2019-10-15 03:19:18,825 [4c6a16c4-95d2-4ef7-9fc0-4f57ccbd9967@group-5FF82F29B6C0-LeaderElection106] INFO  impl.LeaderElection (LeaderElection.java:logAndReturn(56)) - 4c6a16c4-95d2-4ef7-9fc0-4f57ccbd9967@group-5FF82F29B6C0-LeaderElection106: Election REJECTED; received 2 response(s) [4c6a16c4-95d2-4ef7-9fc0-4f57ccbd9967<-742c26a8-c271-430a-a05a-c8bba3fa6d96#0:FAIL-t106, 4c6a16c4-95d2-4ef7-9fc0-4f57ccbd9967<-a910346c-1ee2-4cdc-a6d8-644a3a4f0b7f#0:FAIL-t106] and 0 exception(s); 4c6a16c4-95d2-4ef7-9fc0-4f57ccbd9967@group-5FF82F29B6C0:t106, leader=null, voted=4c6a16c4-95d2-4ef7-9fc0-4f57ccbd9967, raftlog=4c6a16c4-95d2-4ef7-9fc0-4f57ccbd9967@group-5FF82F29B6C0-SegmentedRaftLog:OPENED:c-1,f-1,i0, conf=-1: [4c6a16c4-95d2-4ef7-9fc0-4f57ccbd9967:192.168.5.131:39112, 742c26a8-c271-430a-a05a-c8bba3fa6d96:192.168.5.131:42235, a910346c-1ee2-4cdc-a6d8-644a3a4f0b7f:192.168.5.131:38193], old=null
2019-10-15 03:19:18,825 [4c6a16c4-95d2-4ef7-9fc0-4f57ccbd9967@group-5FF82F29B6C0-LeaderElection106] INFO  impl.RaftServerImpl (RaftServerImpl.java:setRole(184)) - 4c6a16c4-95d2-4ef7-9fc0-4f57ccbd9967@group-5FF82F29B6C0: changes role from CANDIDATE to FOLLOWER at term 106 for DISCOVERED_A_NEW_TERM
2019-10-15 03:19:18,825 [4c6a16c4-95d2-4ef7-9fc0-4f57ccbd9967@group-5FF82F29B6C0-LeaderElection106] INFO  impl.RoleInfo (RoleInfo.java:shutdownLeaderElection(134)) - 4c6a16c4-95d2-4ef7-9fc0-4f57ccbd9967: shutdown LeaderElection
2019-10-15 03:19:18,825 [4c6a16c4-95d2-4ef7-9fc0-4f57ccbd9967@group-5FF82F29B6C0-LeaderElection106] INFO  impl.RoleInfo (RoleInfo.java:updateAndGet(143)) - 4c6a16c4-95d2-4ef7-9fc0-4f57ccbd9967: start FollowerState
2019-10-15 03:19:18,956 [Thread-1033] INFO  impl.FollowerState (FollowerState.java:run(108)) - 4c6a16c4-95d2-4ef7-9fc0-4f57ccbd9967@group-5FF82F29B6C0-FollowerState: change to CANDIDATE, lastRpcTime:130ms, electionTimeout:130ms
2019-10-15 03:19:18,956 [Thread-1033] INFO  impl.RoleInfo (RoleInfo.java:shutdownFollowerState(121)) - 4c6a16c4-95d2-4ef7-9fc0-4f57ccbd9967: shutdown FollowerState
2019-10-15 03:19:18,956 [Thread-1033] INFO  impl.RaftServerImpl (RaftServerImpl.java:setRole(184)) - 4c6a16c4-95d2-4ef7-9fc0-4f57ccbd9967@group-5FF82F29B6C0: changes role from  FOLLOWER to CANDIDATE at term 106 for changeToCandidate
2019-10-15 03:19:18,956 [Thread-1033] INFO  impl.RoleInfo (RoleInfo.java:updateAndGet(143)) - 4c6a16c4-95d2-4ef7-9fc0-4f57ccbd9967: start LeaderElection
2019-10-15 03:19:18,971 [4c6a16c4-95d2-4ef7-9fc0-4f57ccbd9967@group-5FF82F29B6C0-LeaderElection107] INFO  impl.LeaderElection (LeaderElection.java:askForVotes(178)) - 4c6a16c4-95d2-4ef7-9fc0-4f57ccbd9967@group-5FF82F29B6C0-LeaderElection107: begin an election at term 107 for -1: [4c6a16c4-95d2-4ef7-9fc0-4f57ccbd9967:192.168.5.131:39112, 742c26a8-c271-430a-a05a-c8bba3fa6d96:192.168.5.131:42235, a910346c-1ee2-4cdc-a6d8-644a3a4f0b7f:192.168.5.131:38193], old=null
2019-10-15 03:19:18,974 [grpc-default-executor-5] INFO  impl.RaftServerImpl (RaftServerImpl.java:setRole(184)) - a910346c-1ee2-4cdc-a6d8-644a3a4f0b7f@group-5FF82F29B6C0: changes role from  FOLLOWER to FOLLOWER at term 107 for recognizeCandidate:4c6a16c4-95d2-4ef7-9fc0-4f57ccbd9967
2019-10-15 03:19:18,974 [grpc-default-executor-6] INFO  impl.RaftServerImpl (RaftServerImpl.java:setRole(184)) - 742c26a8-c271-430a-a05a-c8bba3fa6d96@group-5FF82F29B6C0: changes role from  FOLLOWER to FOLLOWER at term 107 for recognizeCandidate:4c6a16c4-95d2-4ef7-9fc0-4f57ccbd9967
2019-10-15 03:19:18,974 [grpc-default-executor-5] INFO  impl.RoleInfo (RoleInfo.java:shutdownFollowerState(121)) - a910346c-1ee2-4cdc-a6d8-644a3a4f0b7f: shutdown FollowerState
2019-10-15 03:19:18,974 [grpc-default-executor-6] INFO  impl.RoleInfo (RoleInfo.java:shutdownFollowerState(121)) - 742c26a8-c271-430a-a05a-c8bba3fa6d96: shutdown FollowerState
2019-10-15 03:19:18,974 [Thread-1031] INFO  impl.FollowerState (FollowerState.java:run(117)) - a910346c-1ee2-4cdc-a6d8-644a3a4f0b7f@group-5FF82F29B6C0-FollowerState was interrupted: java.lang.InterruptedException: sleep interrupted
2019-10-15 03:19:18,974 [grpc-default-executor-5] INFO  impl.RoleInfo (RoleInfo.java:updateAndGet(143)) - a910346c-1ee2-4cdc-a6d8-644a3a4f0b7f: start FollowerState
2019-10-15 03:19:18,974 [Thread-1032] INFO  impl.FollowerState (FollowerState.java:run(117)) - 742c26a8-c271-430a-a05a-c8bba3fa6d96@group-5FF82F29B6C0-FollowerState was interrupted: java.lang.InterruptedException: sleep interrupted
2019-10-15 03:19:18,974 [grpc-default-executor-6] INFO  impl.RoleInfo (RoleInfo.java:updateAndGet(143)) - 742c26a8-c271-430a-a05a-c8bba3fa6d96: start FollowerState
2019-10-15 03:19:18,991 [4c6a16c4-95d2-4ef7-9fc0-4f57ccbd9967@group-5FF82F29B6C0-LeaderElection107] INFO  impl.LeaderElection (LeaderElection.java:logAndReturn(56)) - 4c6a16c4-95d2-4ef7-9fc0-4f57ccbd9967@group-5FF82F29B6C0-LeaderElection107: Election REJECTED; received 2 response(s) [4c6a16c4-95d2-4ef7-9fc0-4f57ccbd9967<-742c26a8-c271-430a-a05a-c8bba3fa6d96#0:FAIL-t107, 4c6a16c4-95d2-4ef7-9fc0-4f57ccbd9967<-a910346c-1ee2-4cdc-a6d8-644a3a4f0b7f#0:FAIL-t107] and 0 exception(s); 4c6a16c4-95d2-4ef7-9fc0-4f57ccbd9967@group-5FF82F29B6C0:t107, leader=null, voted=4c6a16c4-95d2-4ef7-9fc0-4f57ccbd9967, raftlog=4c6a16c4-95d2-4ef7-9fc0-4f57ccbd9967@group-5FF82F29B6C0-SegmentedRaftLog:OPENED:c-1,f-1,i0, conf=-1: [4c6a16c4-95d2-4ef7-9fc0-4f57ccbd9967:192.168.5.131:39112, 742c26a8-c271-430a-a05a-c8bba3fa6d96:192.168.5.131:42235, a910346c-1ee2-4cdc-a6d8-644a3a4f0b7f:192.168.5.131:38193], old=null
2019-10-15 03:19:18,991 [4c6a16c4-95d2-4ef7-9fc0-4f57ccbd9967@group-5FF82F29B6C0-LeaderElection107] INFO  impl.RaftServerImpl (RaftServerImpl.java:setRole(184)) - 4c6a16c4-95d2-4ef7-9fc0-4f57ccbd9967@group-5FF82F29B6C0: changes role from CANDIDATE to FOLLOWER at term 107 for DISCOVERED_A_NEW_TERM
2019-10-15 03:19:18,991 [4c6a16c4-95d2-4ef7-9fc0-4f57ccbd9967@group-5FF82F29B6C0-LeaderElection107] INFO  impl.RoleInfo (RoleInfo.java:shutdownLeaderElection(134)) - 4c6a16c4-95d2-4ef7-9fc0-4f57ccbd9967: shutdown LeaderElection
2019-10-15 03:19:18,991 [4c6a16c4-95d2-4ef7-9fc0-4f57ccbd9967@group-5FF82F29B6C0-LeaderElection107] INFO  impl.RoleInfo (RoleInfo.java:updateAndGet(143)) - 4c6a16c4-95d2-4ef7-9fc0-4f57ccbd9967: start FollowerState
2019-10-15 03:19:19,121 [Thread-1041] INFO  impl.FollowerState (FollowerState.java:run(108)) - 4c6a16c4-95d2-4ef7-9fc0-4f57ccbd9967@group-5FF82F29B6C0-FollowerState: change to CANDIDATE, lastRpcTime:129ms, electionTimeout:129ms
2019-10-15 03:19:19,122 [Thread-1041] INFO  impl.RoleInfo (RoleInfo.java:shutdownFollowerState(121)) - 4c6a16c4-95d2-4ef7-9fc0-4f57ccbd9967: shutdown FollowerState
2019-10-15 03:19:19,122 [Thread-1041] INFO  impl.RaftServerImpl (RaftServerImpl.java:setRole(184)) - 4c6a16c4-95d2-4ef7-9fc0-4f57ccbd9967@group-5FF82F29B6C0: changes role from  FOLLOWER to CANDIDATE at term 107 for changeToCandidate
2019-10-15 03:19:19,122 [Thread-1041] INFO  impl.RoleInfo (RoleInfo.java:updateAndGet(143)) - 4c6a16c4-95d2-4ef7-9fc0-4f57ccbd9967: start LeaderElection
2019-10-15 03:19:19,144 [4c6a16c4-95d2-4ef7-9fc0-4f57ccbd9967@group-5FF82F29B6C0-LeaderElection108] INFO  impl.LeaderElection (LeaderElection.java:askForVotes(178)) - 4c6a16c4-95d2-4ef7-9fc0-4f57ccbd9967@group-5FF82F29B6C0-LeaderElection108: begin an election at term 108 for -1: [4c6a16c4-95d2-4ef7-9fc0-4f57ccbd9967:192.168.5.131:39112, 742c26a8-c271-430a-a05a-c8bba3fa6d96:192.168.5.131:42235, a910346c-1ee2-4cdc-a6d8-644a3a4f0b7f:192.168.5.131:38193], old=null
2019-10-15 03:19:19,148 [grpc-default-executor-5] INFO  impl.RaftServerImpl (RaftServerImpl.java:setRole(184)) - a910346c-1ee2-4cdc-a6d8-644a3a4f0b7f@group-5FF82F29B6C0: changes role from  FOLLOWER to FOLLOWER at term 108 for recognizeCandidate:4c6a16c4-95d2-4ef7-9fc0-4f57ccbd9967
2019-10-15 03:19:19,148 [grpc-default-executor-5] INFO  impl.RoleInfo (RoleInfo.java:shutdownFollowerState(121)) - a910346c-1ee2-4cdc-a6d8-644a3a4f0b7f: shutdown FollowerState
2019-10-15 03:19:19,148 [grpc-default-executor-5] INFO  impl.RoleInfo (RoleInfo.java:updateAndGet(143)) - a910346c-1ee2-4cdc-a6d8-644a3a4f0b7f: start FollowerState
2019-10-15 03:19:19,148 [grpc-default-executor-6] INFO  impl.RaftServerImpl (RaftServerImpl.java:setRole(184)) - 742c26a8-c271-430a-a05a-c8bba3fa6d96@group-5FF82F29B6C0: changes role from  FOLLOWER to FOLLOWER at term 108 for recognizeCandidate:4c6a16c4-95d2-4ef7-9fc0-4f57ccbd9967
2019-10-15 03:19:19,148 [Thread-1039] INFO  impl.FollowerState (FollowerState.java:run(117)) - a910346c-1ee2-4cdc-a6d8-644a3a4f0b7f@group-5FF82F29B6C0-FollowerState was interrupted: java.lang.InterruptedException: sleep interrupted
2019-10-15 03:19:19,149 [grpc-default-executor-6] INFO  impl.RoleInfo (RoleInfo.java:shutdownFollowerState(121)) - 742c26a8-c271-430a-a05a-c8bba3fa6d96: shutdown FollowerState
2019-10-15 03:19:19,149 [grpc-default-executor-6] INFO  impl.RoleInfo (RoleInfo.java:updateAndGet(143)) - 742c26a8-c271-430a-a05a-c8bba3fa6d96: start FollowerState
2019-10-15 03:19:19,149 [Thread-1040] INFO  impl.FollowerState (FollowerState.java:run(117)) - 742c26a8-c271-430a-a05a-c8bba3fa6d96@group-5FF82F29B6C0-FollowerState was interrupted: java.lang.InterruptedException: sleep interrupted
2019-10-15 03:19:19,174 [4c6a16c4-95d2-4ef7-9fc0-4f57ccbd9967@group-5FF82F29B6C0-LeaderElection108] INFO  impl.LeaderElection (LeaderElection.java:logAndReturn(56)) - 4c6a16c4-95d2-4ef7-9fc0-4f57ccbd9967@group-5FF82F29B6C0-LeaderElection108: Election REJECTED; received 2 response(s) [4c6a16c4-95d2-4ef7-9fc0-4f57ccbd9967<-742c26a8-c271-430a-a05a-c8bba3fa6d96#0:FAIL-t108, 4c6a16c4-95d2-4ef7-9fc0-4f57ccbd9967<-a910346c-1ee2-4cdc-a6d8-644a3a4f0b7f#0:FAIL-t108] and 0 exception(s); 4c6a16c4-95d2-4ef7-9fc0-4f57ccbd9967@group-5FF82F29B6C0:t108, leader=null, voted=4c6a16c4-95d2-4ef7-9fc0-4f57ccbd9967, raftlog=4c6a16c4-95d2-4ef7-9fc0-4f57ccbd9967@group-5FF82F29B6C0-SegmentedRaftLog:OPENED:c-1,f-1,i0, conf=-1: [4c6a16c4-95d2-4ef7-9fc0-4f57ccbd9967:192.168.5.131:39112, 742c26a8-c271-430a-a05a-c8bba3fa6d96:192.168.5.131:42235, a910346c-1ee2-4cdc-a6d8-644a3a4f0b7f:192.168.5.131:38193], old=null
2019-10-15 03:19:19,175 [4c6a16c4-95d2-4ef7-9fc0-4f57ccbd9967@group-5FF82F29B6C0-LeaderElection108] INFO  impl.RaftServerImpl (RaftServerImpl.java:setRole(184)) - 4c6a16c4-95d2-4ef7-9fc0-4f57ccbd9967@group-5FF82F29B6C0: changes role from CANDIDATE to FOLLOWER at term 108 for DISCOVERED_A_NEW_TERM
2019-10-15 03:19:19,175 [4c6a16c4-95d2-4ef7-9fc0-4f57ccbd9967@group-5FF82F29B6C0-LeaderElection108] INFO  impl.RoleInfo (RoleInfo.java:shutdownLeaderElection(134)) - 4c6a16c4-95d2-4ef7-9fc0-4f57ccbd9967: shutdown LeaderElection
2019-10-15 03:19:19,175 [4c6a16c4-95d2-4ef7-9fc0-4f57ccbd9967@group-5FF82F29B6C0-LeaderElection108] INFO  impl.RoleInfo (RoleInfo.java:updateAndGet(143)) - 4c6a16c4-95d2-4ef7-9fc0-4f57ccbd9967: start FollowerState
2019-10-15 03:19:19,304 [Thread-1047] INFO  impl.FollowerState (FollowerState.java:run(108)) - 4c6a16c4-95d2-4ef7-9fc0-4f57ccbd9967@group-5FF82F29B6C0-FollowerState: change to CANDIDATE, lastRpcTime:128ms, electionTimeout:128ms
2019-10-15 03:19:19,304 [Thread-1047] INFO  impl.RoleInfo (RoleInfo.java:shutdownFollowerState(121)) - 4c6a16c4-95d2-4ef7-9fc0-4f57ccbd9967: shutdown FollowerState
2019-10-15 03:19:19,304 [Thread-1047] INFO  impl.RaftServerImpl (RaftServerImpl.java:setRole(184)) - 4c6a16c4-95d2-4ef7-9fc0-4f57ccbd9967@group-5FF82F29B6C0: changes role from  FOLLOWER to CANDIDATE at term 108 for changeToCandidate
2019-10-15 03:19:19,304 [Thread-1047] INFO  impl.RoleInfo (RoleInfo.java:updateAndGet(143)) - 4c6a16c4-95d2-4ef7-9fc0-4f57ccbd9967: start LeaderElection
2019-10-15 03:19:19,318 [4c6a16c4-95d2-4ef7-9fc0-4f57ccbd9967@group-5FF82F29B6C0-LeaderElection109] INFO  impl.LeaderElection (LeaderElection.java:askForVotes(178)) - 4c6a16c4-95d2-4ef7-9fc0-4f57ccbd9967@group-5FF82F29B6C0-LeaderElection109: begin an election at term 109 for -1: [4c6a16c4-95d2-4ef7-9fc0-4f57ccbd9967:192.168.5.131:39112, 742c26a8-c271-430a-a05a-c8bba3fa6d96:192.168.5.131:42235, a910346c-1ee2-4cdc-a6d8-644a3a4f0b7f:192.168.5.131:38193], old=null
2019-10-15 03:19:19,320 [grpc-default-executor-6] INFO  impl.RaftServerImpl (RaftServerImpl.java:setRole(184)) - a910346c-1ee2-4cdc-a6d8-644a3a4f0b7f@group-5FF82F29B6C0: changes role from  FOLLOWER to FOLLOWER at term 109 for recognizeCandidate:4c6a16c4-95d2-4ef7-9fc0-4f57ccbd9967
2019-10-15 03:19:19,320 [grpc-default-executor-5] INFO  impl.RaftServerImpl (RaftServerImpl.java:setRole(184)) - 742c26a8-c271-430a-a05a-c8bba3fa6d96@group-5FF82F29B6C0: changes role from  FOLLOWER to FOLLOWER at term 109 for recognizeCandidate:4c6a16c4-95d2-4ef7-9fc0-4f57ccbd9967
2019-10-15 03:19:19,320 [grpc-default-executor-6] INFO  impl.RoleInfo (RoleInfo.java:shutdownFollowerState(121)) - a910346c-1ee2-4cdc-a6d8-644a3a4f0b7f: shutdown FollowerState
2019-10-15 03:19:19,320 [grpc-default-executor-5] INFO  impl.RoleInfo (RoleInfo.java:shutdownFollowerState(121)) - 742c26a8-c271-430a-a05a-c8bba3fa6d96: shutdown FollowerState
2019-10-15 03:19:19,320 [grpc-default-executor-6] INFO  impl.RoleInfo (RoleInfo.java:updateAndGet(143)) - a910346c-1ee2-4cdc-a6d8-644a3a4f0b7f: start FollowerState
2019-10-15 03:19:19,321 [Thread-1046] INFO  impl.FollowerState (FollowerState.java:run(117)) - 742c26a8-c271-430a-a05a-c8bba3fa6d96@group-5FF82F29B6C0-FollowerState was interrupted: java.lang.InterruptedException: sleep interrupted
2019-10-15 03:19:19,321 [grpc-default-executor-5] INFO  impl.RoleInfo (RoleInfo.java:updateAndGet(143)) - 742c26a8-c271-430a-a05a-c8bba3fa6d96: start FollowerState
2019-10-15 03:19:19,321 [Thread-1045] INFO  impl.FollowerState (FollowerState.java:run(117)) - a910346c-1ee2-4cdc-a6d8-644a3a4f0b7f@group-5FF82F29B6C0-FollowerState was interrupted: java.lang.InterruptedException: sleep interrupted
2019-10-15 03:19:19,336 [4c6a16c4-95d2-4ef7-9fc0-4f57ccbd9967@group-5FF82F29B6C0-LeaderElection109] INFO  impl.LeaderElection (LeaderElection.java:logAndReturn(56)) - 4c6a16c4-95d2-4ef7-9fc0-4f57ccbd9967@group-5FF82F29B6C0-LeaderElection109: Election REJECTED; received 2 response(s) [4c6a16c4-95d2-4ef7-9fc0-4f57ccbd9967<-742c26a8-c271-430a-a05a-c8bba3fa6d96#0:FAIL-t109, 4c6a16c4-95d2-4ef7-9fc0-4f57ccbd9967<-a910346c-1ee2-4cdc-a6d8-644a3a4f0b7f#0:FAIL-t109] and 0 exception(s); 4c6a16c4-95d2-4ef7-9fc0-4f57ccbd9967@group-5FF82F29B6C0:t109, leader=null, voted=4c6a16c4-95d2-4ef7-9fc0-4f57ccbd9967, raftlog=4c6a16c4-95d2-4ef7-9fc0-4f57ccbd9967@group-5FF82F29B6C0-SegmentedRaftLog:OPENED:c-1,f-1,i0, conf=-1: [4c6a16c4-95d2-4ef7-9fc0-4f57ccbd9967:192.168.5.131:39112, 742c26a8-c271-430a-a05a-c8bba3fa6d96:192.168.5.131:42235, a910346c-1ee2-4cdc-a6d8-644a3a4f0b7f:192.168.5.131:38193], old=null
2019-10-15 03:19:19,336 [4c6a16c4-95d2-4ef7-9fc0-4f57ccbd9967@group-5FF82F29B6C0-LeaderElection109] INFO  impl.RaftServerImpl (RaftServerImpl.java:setRole(184)) - 4c6a16c4-95d2-4ef7-9fc0-4f57ccbd9967@group-5FF82F29B6C0: changes role from CANDIDATE to FOLLOWER at term 109 for DISCOVERED_A_NEW_TERM
2019-10-15 03:19:19,336 [4c6a16c4-95d2-4ef7-9fc0-4f57ccbd9967@group-5FF82F29B6C0-LeaderElection109] INFO  impl.RoleInfo (RoleInfo.java:shutdownLeaderElection(134)) - 4c6a16c4-95d2-4ef7-9fc0-4f57ccbd9967: shutdown LeaderElection
2019-10-15 03:19:19,336 [4c6a16c4-95d2-4ef7-9fc0-4f57ccbd9967@group-5FF82F29B6C0-LeaderElection109] INFO  impl.RoleInfo (RoleInfo.java:updateAndGet(143)) - 4c6a16c4-95d2-4ef7-9fc0-4f57ccbd9967: start FollowerState
2019-10-15 03:19:19,341 [Thread-1053] INFO  impl.FollowerState (FollowerState.java:run(108)) - 4c6a16c4-95d2-4ef7-9fc0-4f57ccbd9967@group-5FF82F29B6C0-FollowerState: change to CANDIDATE, lastRpcTime:4ms, electionTimeout:4ms
2019-10-15 03:19:19,341 [Thread-1053] INFO  impl.RoleInfo (RoleInfo.java:shutdownFollowerState(121)) - 4c6a16c4-95d2-4ef7-9fc0-4f57ccbd9967: shutdown FollowerState
2019-10-15 03:19:19,341 [Thread-1053] INFO  impl.RaftServerImpl (RaftServerImpl.java:setRole(184)) - 4c6a16c4-95d2-4ef7-9fc0-4f57ccbd9967@group-5FF82F29B6C0: changes role from  FOLLOWER to CANDIDATE at term 109 for changeToCandidate
2019-10-15 03:19:19,341 [Thread-1053] INFO  impl.RoleInfo (RoleInfo.java:updateAndGet(143)) - 4c6a16c4-95d2-4ef7-9fc0-4f57ccbd9967: start LeaderElection
2019-10-15 03:19:19,356 [4c6a16c4-95d2-4ef7-9fc0-4f57ccbd9967@group-5FF82F29B6C0-LeaderElection110] INFO  impl.LeaderElection (LeaderElection.java:askForVotes(178)) - 4c6a16c4-95d2-4ef7-9fc0-4f57ccbd9967@group-5FF82F29B6C0-LeaderElection110: begin an election at term 110 for -1: [4c6a16c4-95d2-4ef7-9fc0-4f57ccbd9967:192.168.5.131:39112, 742c26a8-c271-430a-a05a-c8bba3fa6d96:192.168.5.131:42235, a910346c-1ee2-4cdc-a6d8-644a3a4f0b7f:192.168.5.131:38193], old=null
2019-10-15 03:19:19,359 [grpc-default-executor-6] INFO  impl.RaftServerImpl (RaftServerImpl.java:setRole(184)) - 742c26a8-c271-430a-a05a-c8bba3fa6d96@group-5FF82F29B6C0: changes role from  FOLLOWER to FOLLOWER at term 110 for recognizeCandidate:4c6a16c4-95d2-4ef7-9fc0-4f57ccbd9967
2019-10-15 03:19:19,359 [grpc-default-executor-5] INFO  impl.RaftServerImpl (RaftServerImpl.java:setRole(184)) - a910346c-1ee2-4cdc-a6d8-644a3a4f0b7f@group-5FF82F29B6C0: changes role from  FOLLOWER to FOLLOWER at term 110 for recognizeCandidate:4c6a16c4-95d2-4ef7-9fc0-4f57ccbd9967
2019-10-15 03:19:19,360 [grpc-default-executor-5] INFO  impl.RoleInfo (RoleInfo.java:shutdownFollowerState(121)) - a910346c-1ee2-4cdc-a6d8-644a3a4f0b7f: shutdown FollowerState
2019-10-15 03:19:19,359 [grpc-default-executor-6] INFO  impl.RoleInfo (RoleInfo.java:shutdownFollowerState(121)) - 742c26a8-c271-430a-a05a-c8bba3fa6d96: shutdown FollowerState
2019-10-15 03:19:19,361 [Thread-1051] INFO  impl.FollowerState (FollowerState.java:run(117)) - a910346c-1ee2-4cdc-a6d8-644a3a4f0b7f@group-5FF82F29B6C0-FollowerState was interrupted: java.lang.InterruptedException: sleep interrupted
2019-10-15 03:19:19,360 [grpc-default-executor-5] INFO  impl.RoleInfo (RoleInfo.java:updateAndGet(143)) - a910346c-1ee2-4cdc-a6d8-644a3a4f0b7f: start FollowerState
2019-10-15 03:19:19,361 [Thread-1052] INFO  impl.FollowerState (FollowerState.java:run(117)) - 742c26a8-c271-430a-a05a-c8bba3fa6d96@group-5FF82F29B6C0-FollowerState was interrupted: java.lang.InterruptedException: sleep interrupted
2019-10-15 03:19:19,361 [grpc-default-executor-6] INFO  impl.RoleInfo (RoleInfo.java:updateAndGet(143)) - 742c26a8-c271-430a-a05a-c8bba3fa6d96: start FollowerState
2019-10-15 03:19:19,392 [4c6a16c4-95d2-4ef7-9fc0-4f57ccbd9967@group-5FF82F29B6C0-LeaderElection110] INFO  impl.LeaderElection (LeaderElection.java:logAndReturn(56)) - 4c6a16c4-95d2-4ef7-9fc0-4f57ccbd9967@group-5FF82F29B6C0-LeaderElection110: Election REJECTED; received 2 response(s) [4c6a16c4-95d2-4ef7-9fc0-4f57ccbd9967<-742c26a8-c271-430a-a05a-c8bba3fa6d96#0:FAIL-t110, 4c6a16c4-95d2-4ef7-9fc0-4f57ccbd9967<-a910346c-1ee2-4cdc-a6d8-644a3a4f0b7f#0:FAIL-t110] and 0 exception(s); 4c6a16c4-95d2-4ef7-9fc0-4f57ccbd9967@group-5FF82F29B6C0:t110, leader=null, voted=4c6a16c4-95d2-4ef7-9fc0-4f57ccbd9967, raftlog=4c6a16c4-95d2-4ef7-9fc0-4f57ccbd9967@group-5FF82F29B6C0-SegmentedRaftLog:OPENED:c-1,f-1,i0, conf=-1: [4c6a16c4-95d2-4ef7-9fc0-4f57ccbd9967:192.168.5.131:39112, 742c26a8-c271-430a-a05a-c8bba3fa6d96:192.168.5.131:42235, a910346c-1ee2-4cdc-a6d8-644a3a4f0b7f:192.168.5.131:38193], old=null
2019-10-15 03:19:19,392 [4c6a16c4-95d2-4ef7-9fc0-4f57ccbd9967@group-5FF82F29B6C0-LeaderElection110] INFO  impl.RaftServerImpl (RaftServerImpl.java:setRole(184)) - 4c6a16c4-95d2-4ef7-9fc0-4f57ccbd9967@group-5FF82F29B6C0: changes role from CANDIDATE to FOLLOWER at term 110 for DISCOVERED_A_NEW_TERM
2019-10-15 03:19:19,392 [4c6a16c4-95d2-4ef7-9fc0-4f57ccbd9967@group-5FF82F29B6C0-LeaderElection110] INFO  impl.RoleInfo (RoleInfo.java:shutdownLeaderElection(134)) - 4c6a16c4-95d2-4ef7-9fc0-4f57ccbd9967: shutdown LeaderElection
2019-10-15 03:19:19,392 [4c6a16c4-95d2-4ef7-9fc0-4f57ccbd9967@group-5FF82F29B6C0-LeaderElection110] INFO  impl.RoleInfo (RoleInfo.java:updateAndGet(143)) - 4c6a16c4-95d2-4ef7-9fc0-4f57ccbd9967: start FollowerState
2019-10-15 03:19:19,486 [Thread-1061] INFO  impl.FollowerState (FollowerState.java:run(108)) - 4c6a16c4-95d2-4ef7-9fc0-4f57ccbd9967@group-5FF82F29B6C0-FollowerState: change to CANDIDATE, lastRpcTime:93ms, electionTimeout:93ms
2019-10-15 03:19:19,486 [Thread-1061] INFO  impl.RoleInfo (RoleInfo.java:shutdownFollowerState(121)) - 4c6a16c4-95d2-4ef7-9fc0-4f57ccbd9967: shutdown FollowerState
2019-10-15 03:19:19,486 [Thread-1061] INFO  impl.RaftServerImpl (RaftServerImpl.java:setRole(184)) - 4c6a16c4-95d2-4ef7-9fc0-4f57ccbd9967@group-5FF82F29B6C0: changes role from  FOLLOWER to CANDIDATE at term 110 for changeToCandidate
2019-10-15 03:19:19,486 [Thread-1061] INFO  impl.RoleInfo (RoleInfo.java:updateAndGet(143)) - 4c6a16c4-95d2-4ef7-9fc0-4f57ccbd9967: start LeaderElection
2019-10-15 03:19:19,500 [4c6a16c4-95d2-4ef7-9fc0-4f57ccbd9967@group-5FF82F29B6C0-LeaderElection111] INFO  impl.LeaderElection (LeaderElection.java:askForVotes(178)) - 4c6a16c4-95d2-4ef7-9fc0-4f57ccbd9967@group-5FF82F29B6C0-LeaderElection111: begin an election at term 111 for -1: [4c6a16c4-95d2-4ef7-9fc0-4f57ccbd9967:192.168.5.131:39112, 742c26a8-c271-430a-a05a-c8bba3fa6d96:192.168.5.131:42235, a910346c-1ee2-4cdc-a6d8-644a3a4f0b7f:192.168.5.131:38193], old=null
2019-10-15 03:19:19,502 [grpc-default-executor-6] INFO  impl.RaftServerImpl (RaftServerImpl.java:setRole(184)) - a910346c-1ee2-4cdc-a6d8-644a3a4f0b7f@group-5FF82F29B6C0: changes role from  FOLLOWER to FOLLOWER at term 111 for recognizeCandidate:4c6a16c4-95d2-4ef7-9fc0-4f57ccbd9967
2019-10-15 03:19:19,502 [grpc-default-executor-6] INFO  impl.RoleInfo (RoleInfo.java:shutdownFollowerState(121)) - a910346c-1ee2-4cdc-a6d8-644a3a4f0b7f: shutdown FollowerState
2019-10-15 03:19:19,502 [grpc-default-executor-5] INFO  impl.RaftServerImpl (RaftServerImpl.java:setRole(184)) - 742c26a8-c271-430a-a05a-c8bba3fa6d96@group-5FF82F29B6C0: changes role from  FOLLOWER to FOLLOWER at term 111 for recognizeCandidate:4c6a16c4-95d2-4ef7-9fc0-4f57ccbd9967
2019-10-15 03:19:19,502 [grpc-default-executor-5] INFO  impl.RoleInfo (RoleInfo.java:shutdownFollowerState(121)) - 742c26a8-c271-430a-a05a-c8bba3fa6d96: shutdown FollowerState
2019-10-15 03:19:19,502 [Thread-1059] INFO  impl.FollowerState (FollowerState.java:run(117)) - a910346c-1ee2-4cdc-a6d8-644a3a4f0b7f@group-5FF82F29B6C0-FollowerState was interrupted: java.lang.InterruptedException: sleep interrupted
2019-10-15 03:19:19,502 [grpc-default-executor-6] INFO  impl.RoleInfo (RoleInfo.java:updateAndGet(143)) - a910346c-1ee2-4cdc-a6d8-644a3a4f0b7f: start FollowerState
2019-10-15 03:19:19,503 [Thread-1060] INFO  impl.FollowerState (FollowerState.java:run(117)) - 742c26a8-c271-430a-a05a-c8bba3fa6d96@group-5FF82F29B6C0-FollowerState was interrupted: java.lang.InterruptedException: sleep interrupted
2019-10-15 03:19:19,503 [grpc-default-executor-5] INFO  impl.RoleInfo (RoleInfo.java:updateAndGet(143)) - 742c26a8-c271-430a-a05a-c8bba3fa6d96: start FollowerState
2019-10-15 03:19:19,517 [4c6a16c4-95d2-4ef7-9fc0-4f57ccbd9967@group-5FF82F29B6C0-LeaderElection111] INFO  impl.LeaderElection (LeaderElection.java:logAndReturn(56)) - 4c6a16c4-95d2-4ef7-9fc0-4f57ccbd9967@group-5FF82F29B6C0-LeaderElection111: Election REJECTED; received 2 response(s) [4c6a16c4-95d2-4ef7-9fc0-4f57ccbd9967<-742c26a8-c271-430a-a05a-c8bba3fa6d96#0:FAIL-t111, 4c6a16c4-95d2-4ef7-9fc0-4f57ccbd9967<-a910346c-1ee2-4cdc-a6d8-644a3a4f0b7f#0:FAIL-t111] and 0 exception(s); 4c6a16c4-95d2-4ef7-9fc0-4f57ccbd9967@group-5FF82F29B6C0:t111, leader=null, voted=4c6a16c4-95d2-4ef7-9fc0-4f57ccbd9967, raftlog=4c6a16c4-95d2-4ef7-9fc0-4f57ccbd9967@group-5FF82F29B6C0-SegmentedRaftLog:OPENED:c-1,f-1,i0, conf=-1: [4c6a16c4-95d2-4ef7-9fc0-4f57ccbd9967:192.168.5.131:39112, 742c26a8-c271-430a-a05a-c8bba3fa6d96:192.168.5.131:42235, a910346c-1ee2-4cdc-a6d8-644a3a4f0b7f:192.168.5.131:38193], old=null
2019-10-15 03:19:19,518 [4c6a16c4-95d2-4ef7-9fc0-4f57ccbd9967@group-5FF82F29B6C0-LeaderElection111] INFO  impl.RaftServerImpl (RaftServerImpl.java:setRole(184)) - 4c6a16c4-95d2-4ef7-9fc0-4f57ccbd9967@group-5FF82F29B6C0: changes role from CANDIDATE to FOLLOWER at term 111 for DISCOVERED_A_NEW_TERM
2019-10-15 03:19:19,518 [4c6a16c4-95d2-4ef7-9fc0-4f57ccbd9967@group-5FF82F29B6C0-LeaderElection111] INFO  impl.RoleInfo (RoleInfo.java:shutdownLeaderElection(134)) - 4c6a16c4-95d2-4ef7-9fc0-4f57ccbd9967: shutdown LeaderElection
2019-10-15 03:19:19,518 [4c6a16c4-95d2-4ef7-9fc0-4f57ccbd9967@group-5FF82F29B6C0-LeaderElection111] INFO  impl.RoleInfo (RoleInfo.java:updateAndGet(143)) - 4c6a16c4-95d2-4ef7-9fc0-4f57ccbd9967: start FollowerState
2019-10-15 03:19:19,532 [Thread-1069] INFO  impl.FollowerState (FollowerState.java:run(108)) - 4c6a16c4-95d2-4ef7-9fc0-4f57ccbd9967@group-5FF82F29B6C0-FollowerState: change to CANDIDATE, lastRpcTime:14ms, electionTimeout:14ms
2019-10-15 03:19:19,532 [Thread-1069] INFO  impl.RoleInfo (RoleInfo.java:shutdownFollowerState(121)) - 4c6a16c4-95d2-4ef7-9fc0-4f57ccbd9967: shutdown FollowerState
2019-10-15 03:19:19,533 [Thread-1069] INFO  impl.RaftServerImpl (RaftServerImpl.java:setRole(184)) - 4c6a16c4-95d2-4ef7-9fc0-4f57ccbd9967@group-5FF82F29B6C0: changes role from  FOLLOWER to CANDIDATE at term 111 for changeToCandidate
2019-10-15 03:19:19,533 [Thread-1069] INFO  impl.RoleInfo (RoleInfo.java:updateAndGet(143)) - 4c6a16c4-95d2-4ef7-9fc0-4f57ccbd9967: start LeaderElection
2019-10-15 03:19:19,548 [4c6a16c4-95d2-4ef7-9fc0-4f57ccbd9967@group-5FF82F29B6C0-LeaderElection112] INFO  impl.LeaderElection (LeaderElection.java:askForVotes(178)) - 4c6a16c4-95d2-4ef7-9fc0-4f57ccbd9967@group-5FF82F29B6C0-LeaderElection112: begin an election at term 112 for -1: [4c6a16c4-95d2-4ef7-9fc0-4f57ccbd9967:192.168.5.131:39112, 742c26a8-c271-430a-a05a-c8bba3fa6d96:192.168.5.131:42235, a910346c-1ee2-4cdc-a6d8-644a3a4f0b7f:192.168.5.131:38193], old=null
2019-10-15 03:19:19,550 [grpc-default-executor-6] INFO  impl.RaftServerImpl (RaftServerImpl.java:setRole(184)) - a910346c-1ee2-4cdc-a6d8-644a3a4f0b7f@group-5FF82F29B6C0: changes role from  FOLLOWER to FOLLOWER at term 112 for recognizeCandidate:4c6a16c4-95d2-4ef7-9fc0-4f57ccbd9967
2019-10-15 03:19:19,550 [grpc-default-executor-5] INFO  impl.RaftServerImpl (RaftServerImpl.java:setRole(184)) - 742c26a8-c271-430a-a05a-c8bba3fa6d96@group-5FF82F29B6C0: changes role from  FOLLOWER to FOLLOWER at term 112 for recognizeCandidate:4c6a16c4-95d2-4ef7-9fc0-4f57ccbd9967
2019-10-15 03:19:19,550 [grpc-default-executor-6] INFO  impl.RoleInfo (RoleInfo.java:shutdownFollowerState(121)) - a910346c-1ee2-4cdc-a6d8-644a3a4f0b7f: shutdown FollowerState
2019-10-15 03:19:19,550 [grpc-default-executor-5] INFO  impl.RoleInfo (RoleInfo.java:shutdownFollowerState(121)) - 742c26a8-c271-430a-a05a-c8bba3fa6d96: shutdown FollowerState
2019-10-15 03:19:19,551 [Thread-1067] INFO  impl.FollowerState (FollowerState.java:run(117)) - a910346c-1ee2-4cdc-a6d8-644a3a4f0b7f@group-5FF82F29B6C0-FollowerState was interrupted: java.lang.InterruptedException: sleep interrupted
2019-10-15 03:19:19,551 [Thread-1068] INFO  impl.FollowerState (FollowerState.java:run(117)) - 742c26a8-c271-430a-a05a-c8bba3fa6d96@group-5FF82F29B6C0-FollowerState was interrupted: java.lang.InterruptedException: sleep interrupted
2019-10-15 03:19:19,551 [grpc-default-executor-6] INFO  impl.RoleInfo (RoleInfo.java:updateAndGet(143)) - a910346c-1ee2-4cdc-a6d8-644a3a4f0b7f: start FollowerState
2019-10-15 03:19:19,551 [grpc-default-executor-5] INFO  impl.RoleInfo (RoleInfo.java:updateAndGet(143)) - 742c26a8-c271-430a-a05a-c8bba3fa6d96: start FollowerState
2019-10-15 03:19:19,565 [4c6a16c4-95d2-4ef7-9fc0-4f57ccbd9967@group-5FF82F29B6C0-LeaderElection112] INFO  impl.LeaderElection (LeaderElection.java:logAndReturn(56)) - 4c6a16c4-95d2-4ef7-9fc0-4f57ccbd9967@group-5FF82F29B6C0-LeaderElection112: Election REJECTED; received 2 response(s) [4c6a16c4-95d2-4ef7-9fc0-4f57ccbd9967<-742c26a8-c271-430a-a05a-c8bba3fa6d96#0:FAIL-t112, 4c6a16c4-95d2-4ef7-9fc0-4f57ccbd9967<-a910346c-1ee2-4cdc-a6d8-644a3a4f0b7f#0:FAIL-t112] and 0 exception(s); 4c6a16c4-95d2-4ef7-9fc0-4f57ccbd9967@group-5FF82F29B6C0:t112, leader=null, voted=4c6a16c4-95d2-4ef7-9fc0-4f57ccbd9967, raftlog=4c6a16c4-95d2-4ef7-9fc0-4f57ccbd9967@group-5FF82F29B6C0-SegmentedRaftLog:OPENED:c-1,f-1,i0, conf=-1: [4c6a16c4-95d2-4ef7-9fc0-4f57ccbd9967:192.168.5.131:39112, 742c26a8-c271-430a-a05a-c8bba3fa6d96:192.168.5.131:42235, a910346c-1ee2-4cdc-a6d8-644a3a4f0b7f:192.168.5.131:38193], old=null
2019-10-15 03:19:19,566 [4c6a16c4-95d2-4ef7-9fc0-4f57ccbd9967@group-5FF82F29B6C0-LeaderElection112] INFO  impl.RaftServerImpl (RaftServerImpl.java:setRole(184)) - 4c6a16c4-95d2-4ef7-9fc0-4f57ccbd9967@group-5FF82F29B6C0: changes role from CANDIDATE to FOLLOWER at term 112 for DISCOVERED_A_NEW_TERM
2019-10-15 03:19:19,566 [4c6a16c4-95d2-4ef7-9fc0-4f57ccbd9967@group-5FF82F29B6C0-LeaderElection112] INFO  impl.RoleInfo (RoleInfo.java:shutdownLeaderElection(134)) - 4c6a16c4-95d2-4ef7-9fc0-4f57ccbd9967: shutdown LeaderElection
2019-10-15 03:19:19,566 [4c6a16c4-95d2-4ef7-9fc0-4f57ccbd9967@group-5FF82F29B6C0-LeaderElection112] INFO  impl.RoleInfo (RoleInfo.java:updateAndGet(143)) - 4c6a16c4-95d2-4ef7-9fc0-4f57ccbd9967: start FollowerState
2019-10-15 03:19:19,630 [Thread-1075] INFO  impl.FollowerState (FollowerState.java:run(108)) - 4c6a16c4-95d2-4ef7-9fc0-4f57ccbd9967@group-5FF82F29B6C0-FollowerState: change to CANDIDATE, lastRpcTime:64ms, electionTimeout:64ms
2019-10-15 03:19:19,631 [Thread-1075] INFO  impl.RoleInfo (RoleInfo.java:shutdownFollowerState(121)) - 4c6a16c4-95d2-4ef7-9fc0-4f57ccbd9967: shutdown FollowerState
2019-10-15 03:19:19,631 [Thread-1075] INFO  impl.RaftServerImpl (RaftServerImpl.java:setRole(184)) - 4c6a16c4-95d2-4ef7-9fc0-4f57ccbd9967@group-5FF82F29B6C0: changes role from  FOLLOWER to CANDIDATE at term 112 for changeToCandidate
2019-10-15 03:19:19,631 [Thread-1075] INFO  impl.RoleInfo (RoleInfo.java:updateAndGet(143)) - 4c6a16c4-95d2-4ef7-9fc0-4f57ccbd9967: start LeaderElection
2019-10-15 03:19:19,646 [4c6a16c4-95d2-4ef7-9fc0-4f57ccbd9967@group-5FF82F29B6C0-LeaderElection113] INFO  impl.LeaderElection (LeaderElection.java:askForVotes(178)) - 4c6a16c4-95d2-4ef7-9fc0-4f57ccbd9967@group-5FF82F29B6C0-LeaderElection113: begin an election at term 113 for -1: [4c6a16c4-95d2-4ef7-9fc0-4f57ccbd9967:192.168.5.131:39112, 742c26a8-c271-430a-a05a-c8bba3fa6d96:192.168.5.131:42235, a910346c-1ee2-4cdc-a6d8-644a3a4f0b7f:192.168.5.131:38193], old=null
2019-10-15 03:19:19,648 [grpc-default-executor-5] INFO  impl.RaftServerImpl (RaftServerImpl.java:setRole(184)) - 742c26a8-c271-430a-a05a-c8bba3fa6d96@group-5FF82F29B6C0: changes role from  FOLLOWER to FOLLOWER at term 113 for recognizeCandidate:4c6a16c4-95d2-4ef7-9fc0-4f57ccbd9967
2019-10-15 03:19:19,648 [grpc-default-executor-6] INFO  impl.RaftServerImpl (RaftServerImpl.java:setRole(184)) - a910346c-1ee2-4cdc-a6d8-644a3a4f0b7f@group-5FF82F29B6C0: changes role from  FOLLOWER to FOLLOWER at term 113 for recognizeCandidate:4c6a16c4-95d2-4ef7-9fc0-4f57ccbd9967
2019-10-15 03:19:19,648 [grpc-default-executor-5] INFO  impl.RoleInfo (RoleInfo.java:shutdownFollowerState(121)) - 742c26a8-c271-430a-a05a-c8bba3fa6d96: shutdown FollowerState
2019-10-15 03:19:19,648 [grpc-default-executor-6] INFO  impl.RoleInfo (RoleInfo.java:shutdownFollowerState(121)) - a910346c-1ee2-4cdc-a6d8-644a3a4f0b7f: shutdown FollowerState
2019-10-15 03:19:19,649 [Thread-1074] INFO  impl.FollowerState (FollowerState.java:run(117)) - 742c26a8-c271-430a-a05a-c8bba3fa6d96@group-5FF82F29B6C0-FollowerState was interrupted: java.lang.InterruptedException: sleep interrupted
2019-10-15 03:19:19,649 [grpc-default-executor-5] INFO  impl.RoleInfo (RoleInfo.java:updateAndGet(143)) - 742c26a8-c271-430a-a05a-c8bba3fa6d96: start FollowerState
2019-10-15 03:19:19,649 [Thread-1073] INFO  impl.FollowerState (FollowerState.java:run(117)) - a910346c-1ee2-4cdc-a6d8-644a3a4f0b7f@group-5FF82F29B6C0-FollowerState was interrupted: java.lang.InterruptedException: sleep interrupted
2019-10-15 03:19:19,649 [grpc-default-executor-6] INFO  impl.RoleInfo (RoleInfo.java:updateAndGet(143)) - a910346c-1ee2-4cdc-a6d8-644a3a4f0b7f: start FollowerState
2019-10-15 03:19:19,675 [4c6a16c4-95d2-4ef7-9fc0-4f57ccbd9967@group-5FF82F29B6C0-LeaderElection113] INFO  impl.LeaderElection (LeaderElection.java:logAndReturn(56)) - 4c6a16c4-95d2-4ef7-9fc0-4f57ccbd9967@group-5FF82F29B6C0-LeaderElection113: Election REJECTED; received 2 response(s) [4c6a16c4-95d2-4ef7-9fc0-4f57ccbd9967<-742c26a8-c271-430a-a05a-c8bba3fa6d96#0:FAIL-t113, 4c6a16c4-95d2-4ef7-9fc0-4f57ccbd9967<-a910346c-1ee2-4cdc-a6d8-644a3a4f0b7f#0:FAIL-t113] and 0 exception(s); 4c6a16c4-95d2-4ef7-9fc0-4f57ccbd9967@group-5FF82F29B6C0:t113, leader=null, voted=4c6a16c4-95d2-4ef7-9fc0-4f57ccbd9967, raftlog=4c6a16c4-95d2-4ef7-9fc0-4f57ccbd9967@group-5FF82F29B6C0-SegmentedRaftLog:OPENED:c-1,f-1,i0, conf=-1: [4c6a16c4-95d2-4ef7-9fc0-4f57ccbd9967:192.168.5.131:39112, 742c26a8-c271-430a-a05a-c8bba3fa6d96:192.168.5.131:42235, a910346c-1ee2-4cdc-a6d8-644a3a4f0b7f:192.168.5.131:38193], old=null
2019-10-15 03:19:19,675 [4c6a16c4-95d2-4ef7-9fc0-4f57ccbd9967@group-5FF82F29B6C0-LeaderElection113] INFO  impl.RaftServerImpl (RaftServerImpl.java:setRole(184)) - 4c6a16c4-95d2-4ef7-9fc0-4f57ccbd9967@group-5FF82F29B6C0: changes role from CANDIDATE to FOLLOWER at term 113 for DISCOVERED_A_NEW_TERM
2019-10-15 03:19:19,675 [4c6a16c4-95d2-4ef7-9fc0-4f57ccbd9967@group-5FF82F29B6C0-LeaderElection113] INFO  impl.RoleInfo (RoleInfo.java:shutdownLeaderElection(134)) - 4c6a16c4-95d2-4ef7-9fc0-4f57ccbd9967: shutdown LeaderElection
2019-10-15 03:19:19,675 [4c6a16c4-95d2-4ef7-9fc0-4f57ccbd9967@group-5FF82F29B6C0-LeaderElection113] INFO  impl.RoleInfo (RoleInfo.java:updateAndGet(143)) - 4c6a16c4-95d2-4ef7-9fc0-4f57ccbd9967: start FollowerState
2019-10-15 03:19:19,797 [Thread-1081] INFO  impl.FollowerState (FollowerState.java:run(108)) - 4c6a16c4-95d2-4ef7-9fc0-4f57ccbd9967@group-5FF82F29B6C0-FollowerState: change to CANDIDATE, lastRpcTime:121ms, electionTimeout:121ms
2019-10-15 03:19:19,797 [Thread-1081] INFO  impl.RoleInfo (RoleInfo.java:shutdownFollowerState(121)) - 4c6a16c4-95d2-4ef7-9fc0-4f57ccbd9967: shutdown FollowerState
2019-10-15 03:19:19,797 [Thread-1081] INFO  impl.RaftServerImpl (RaftServerImpl.java:setRole(184)) - 4c6a16c4-95d2-4ef7-9fc0-4f57ccbd9967@group-5FF82F29B6C0: changes role from  FOLLOWER to CANDIDATE at term 113 for changeToCandidate
2019-10-15 03:19:19,798 [Thread-1081] INFO  impl.RoleInfo (RoleInfo.java:updateAndGet(143)) - 4c6a16c4-95d2-4ef7-9fc0-4f57ccbd9967: start LeaderElection
2019-10-15 03:19:19,823 [4c6a16c4-95d2-4ef7-9fc0-4f57ccbd9967@group-5FF82F29B6C0-LeaderElection114] INFO  impl.LeaderElection (LeaderElection.java:askForVotes(178)) - 4c6a16c4-95d2-4ef7-9fc0-4f57ccbd9967@group-5FF82F29B6C0-LeaderElection114: begin an election at term 114 for -1: [4c6a16c4-95d2-4ef7-9fc0-4f57ccbd9967:192.168.5.131:39112, 742c26a8-c271-430a-a05a-c8bba3fa6d96:192.168.5.131:42235, a910346c-1ee2-4cdc-a6d8-644a3a4f0b7f:192.168.5.131:38193], old=null
2019-10-15 03:19:19,825 [grpc-default-executor-5] INFO  impl.RaftServerImpl (RaftServerImpl.java:setRole(184)) - a910346c-1ee2-4cdc-a6d8-644a3a4f0b7f@group-5FF82F29B6C0: changes role from  FOLLOWER to FOLLOWER at term 114 for recognizeCandidate:4c6a16c4-95d2-4ef7-9fc0-4f57ccbd9967
2019-10-15 03:19:19,825 [grpc-default-executor-6] INFO  impl.RaftServerImpl (RaftServerImpl.java:setRole(184)) - 742c26a8-c271-430a-a05a-c8bba3fa6d96@group-5FF82F29B6C0: changes role from  FOLLOWER to FOLLOWER at term 114 for recognizeCandidate:4c6a16c4-95d2-4ef7-9fc0-4f57ccbd9967
2019-10-15 03:19:19,825 [grpc-default-executor-5] INFO  impl.RoleInfo (RoleInfo.java:shutdownFollowerState(121)) - a910346c-1ee2-4cdc-a6d8-644a3a4f0b7f: shutdown FollowerState
2019-10-15 03:19:19,825 [grpc-default-executor-6] INFO  impl.RoleInfo (RoleInfo.java:shutdownFollowerState(121)) - 742c26a8-c271-430a-a05a-c8bba3fa6d96: shutdown FollowerState
2019-10-15 03:19:19,826 [grpc-default-executor-5] INFO  impl.RoleInfo (RoleInfo.java:updateAndGet(143)) - a910346c-1ee2-4cdc-a6d8-644a3a4f0b7f: start FollowerState
2019-10-15 03:19:19,826 [Thread-1079] INFO  impl.FollowerState (FollowerState.java:run(117)) - 742c26a8-c271-430a-a05a-c8bba3fa6d96@group-5FF82F29B6C0-FollowerState was interrupted: java.lang.InterruptedException: sleep interrupted
2019-10-15 03:19:19,826 [Thread-1080] INFO  impl.FollowerState (FollowerState.java:run(117)) - a910346c-1ee2-4cdc-a6d8-644a3a4f0b7f@group-5FF82F29B6C0-FollowerState was interrupted: java.lang.InterruptedException: sleep interrupted
2019-10-15 03:19:19,826 [grpc-default-executor-6] INFO  impl.RoleInfo (RoleInfo.java:updateAndGet(143)) - 742c26a8-c271-430a-a05a-c8bba3fa6d96: start FollowerState
2019-10-15 03:19:19,852 [4c6a16c4-95d2-4ef7-9fc0-4f57ccbd9967@group-5FF82F29B6C0-LeaderElection114] INFO  impl.LeaderElection (LeaderElection.java:logAndReturn(56)) - 4c6a16c4-95d2-4ef7-9fc0-4f57ccbd9967@group-5FF82F29B6C0-LeaderElection114: Election REJECTED; received 2 response(s) [4c6a16c4-95d2-4ef7-9fc0-4f57ccbd9967<-742c26a8-c271-430a-a05a-c8bba3fa6d96#0:FAIL-t114, 4c6a16c4-95d2-4ef7-9fc0-4f57ccbd9967<-a910346c-1ee2-4cdc-a6d8-644a3a4f0b7f#0:FAIL-t114] and 0 exception(s); 4c6a16c4-95d2-4ef7-9fc0-4f57ccbd9967@group-5FF82F29B6C0:t114, leader=null, voted=4c6a16c4-95d2-4ef7-9fc0-4f57ccbd9967, raftlog=4c6a16c4-95d2-4ef7-9fc0-4f57ccbd9967@group-5FF82F29B6C0-SegmentedRaftLog:OPENED:c-1,f-1,i0, conf=-1: [4c6a16c4-95d2-4ef7-9fc0-4f57ccbd9967:192.168.5.131:39112, 742c26a8-c271-430a-a05a-c8bba3fa6d96:192.168.5.131:42235, a910346c-1ee2-4cdc-a6d8-644a3a4f0b7f:192.168.5.131:38193], old=null
2019-10-15 03:19:19,852 [4c6a16c4-95d2-4ef7-9fc0-4f57ccbd9967@group-5FF82F29B6C0-LeaderElection114] INFO  impl.RaftServerImpl (RaftServerImpl.java:setRole(184)) - 4c6a16c4-95d2-4ef7-9fc0-4f57ccbd9967@group-5FF82F29B6C0: changes role from CANDIDATE to FOLLOWER at term 114 for DISCOVERED_A_NEW_TERM
2019-10-15 03:19:19,852 [4c6a16c4-95d2-4ef7-9fc0-4f57ccbd9967@group-5FF82F29B6C0-LeaderElection114] INFO  impl.RoleInfo (RoleInfo.java:shutdownLeaderElection(134)) - 4c6a16c4-95d2-4ef7-9fc0-4f57ccbd9967: shutdown LeaderElection
2019-10-15 03:19:19,852 [4c6a16c4-95d2-4ef7-9fc0-4f57ccbd9967@group-5FF82F29B6C0-LeaderElection114] INFO  impl.RoleInfo (RoleInfo.java:updateAndGet(143)) - 4c6a16c4-95d2-4ef7-9fc0-4f57ccbd9967: start FollowerState
2019-10-15 03:19:19,888 [Thread-1087] INFO  impl.FollowerState (FollowerState.java:run(108)) - 4c6a16c4-95d2-4ef7-9fc0-4f57ccbd9967@group-5FF82F29B6C0-FollowerState: change to CANDIDATE, lastRpcTime:35ms, electionTimeout:35ms
2019-10-15 03:19:19,888 [Thread-1087] INFO  impl.RoleInfo (RoleInfo.java:shutdownFollowerState(121)) - 4c6a16c4-95d2-4ef7-9fc0-4f57ccbd9967: shutdown FollowerState
2019-10-15 03:19:19,888 [Thread-1087] INFO  impl.RaftServerImpl (RaftServerImpl.java:setRole(184)) - 4c6a16c4-95d2-4ef7-9fc0-4f57ccbd9967@group-5FF82F29B6C0: changes role from  FOLLOWER to CANDIDATE at term 114 for changeToCandidate
2019-10-15 03:19:19,888 [Thread-1087] INFO  impl.RoleInfo (RoleInfo.java:updateAndGet(143)) - 4c6a16c4-95d2-4ef7-9fc0-4f57ccbd9967: start LeaderElection
2019-10-15 03:19:19,901 [4c6a16c4-95d2-4ef7-9fc0-4f57ccbd9967@group-5FF82F29B6C0-LeaderElection115] INFO  impl.LeaderElection (LeaderElection.java:askForVotes(178)) - 4c6a16c4-95d2-4ef7-9fc0-4f57ccbd9967@group-5FF82F29B6C0-LeaderElection115: begin an election at term 115 for -1: [4c6a16c4-95d2-4ef7-9fc0-4f57ccbd9967:192.168.5.131:39112, 742c26a8-c271-430a-a05a-c8bba3fa6d96:192.168.5.131:42235, a910346c-1ee2-4cdc-a6d8-644a3a4f0b7f:192.168.5.131:38193], old=null
2019-10-15 03:19:19,904 [grpc-default-executor-6] INFO  impl.RaftServerImpl (RaftServerImpl.java:setRole(184)) - 742c26a8-c271-430a-a05a-c8bba3fa6d96@group-5FF82F29B6C0: changes role from  FOLLOWER to FOLLOWER at term 115 for recognizeCandidate:4c6a16c4-95d2-4ef7-9fc0-4f57ccbd9967
2019-10-15 03:19:19,904 [grpc-default-executor-5] INFO  impl.RaftServerImpl (RaftServerImpl.java:setRole(184)) - a910346c-1ee2-4cdc-a6d8-644a3a4f0b7f@group-5FF82F29B6C0: changes role from  FOLLOWER to FOLLOWER at term 115 for recognizeCandidate:4c6a16c4-95d2-4ef7-9fc0-4f57ccbd9967
2019-10-15 03:19:19,904 [grpc-default-executor-6] INFO  impl.RoleInfo (RoleInfo.java:shutdownFollowerState(121)) - 742c26a8-c271-430a-a05a-c8bba3fa6d96: shutdown FollowerState
2019-10-15 03:19:19,904 [grpc-default-executor-5] INFO  impl.RoleInfo (RoleInfo.java:shutdownFollowerState(121)) - a910346c-1ee2-4cdc-a6d8-644a3a4f0b7f: shutdown FollowerState
2019-10-15 03:19:19,904 [grpc-default-executor-6] INFO  impl.RoleInfo (RoleInfo.java:updateAndGet(143)) - 742c26a8-c271-430a-a05a-c8bba3fa6d96: start FollowerState
2019-10-15 03:19:19,904 [Thread-1085] INFO  impl.FollowerState (FollowerState.java:run(117)) - a910346c-1ee2-4cdc-a6d8-644a3a4f0b7f@group-5FF82F29B6C0-FollowerState was interrupted: java.lang.InterruptedException: sleep interrupted
2019-10-15 03:19:19,904 [grpc-default-executor-5] INFO  impl.RoleInfo (RoleInfo.java:updateAndGet(143)) - a910346c-1ee2-4cdc-a6d8-644a3a4f0b7f: start FollowerState
2019-10-15 03:19:19,904 [Thread-1086] INFO  impl.FollowerState (FollowerState.java:run(117)) - 742c26a8-c271-430a-a05a-c8bba3fa6d96@group-5FF82F29B6C0-FollowerState was interrupted: java.lang.InterruptedException: sleep interrupted
2019-10-15 03:19:19,926 [4c6a16c4-95d2-4ef7-9fc0-4f57ccbd9967@group-5FF82F29B6C0-LeaderElection115] INFO  impl.LeaderElection (LeaderElection.java:logAndReturn(56)) - 4c6a16c4-95d2-4ef7-9fc0-4f57ccbd9967@group-5FF82F29B6C0-LeaderElection115: Election TIMEOUT; received 0 response(s) [] and 0 exception(s); 4c6a16c4-95d2-4ef7-9fc0-4f57ccbd9967@group-5FF82F29B6C0:t115, leader=null, voted=4c6a16c4-95d2-4ef7-9fc0-4f57ccbd9967, raftlog=4c6a16c4-95d2-4ef7-9fc0-4f57ccbd9967@group-5FF82F29B6C0-SegmentedRaftLog:OPENED:c-1,f-1,i0, conf=-1: [4c6a16c4-95d2-4ef7-9fc0-4f57ccbd9967:192.168.5.131:39112, 742c26a8-c271-430a-a05a-c8bba3fa6d96:192.168.5.131:42235, a910346c-1ee2-4cdc-a6d8-644a3a4f0b7f:192.168.5.131:38193], old=null
2019-10-15 03:19:19,931 [4c6a16c4-95d2-4ef7-9fc0-4f57ccbd9967@group-5FF82F29B6C0-LeaderElection115] INFO  impl.LeaderElection (LeaderElection.java:askForVotes(178)) - 4c6a16c4-95d2-4ef7-9fc0-4f57ccbd9967@group-5FF82F29B6C0-LeaderElection115: begin an election at term 116 for -1: [4c6a16c4-95d2-4ef7-9fc0-4f57ccbd9967:192.168.5.131:39112, 742c26a8-c271-430a-a05a-c8bba3fa6d96:192.168.5.131:42235, a910346c-1ee2-4cdc-a6d8-644a3a4f0b7f:192.168.5.131:38193], old=null
2019-10-15 03:19:19,934 [grpc-default-executor-6] INFO  impl.RaftServerImpl (RaftServerImpl.java:setRole(184)) - 742c26a8-c271-430a-a05a-c8bba3fa6d96@group-5FF82F29B6C0: changes role from  FOLLOWER to FOLLOWER at term 116 for recognizeCandidate:4c6a16c4-95d2-4ef7-9fc0-4f57ccbd9967
2019-10-15 03:19:19,934 [grpc-default-executor-6] INFO  impl.RoleInfo (RoleInfo.java:shutdownFollowerState(121)) - 742c26a8-c271-430a-a05a-c8bba3fa6d96: shutdown FollowerState
2019-10-15 03:19:19,934 [grpc-default-executor-6] INFO  impl.RoleInfo (RoleInfo.java:updateAndGet(143)) - 742c26a8-c271-430a-a05a-c8bba3fa6d96: start FollowerState
2019-10-15 03:19:19,934 [Thread-1091] INFO  impl.FollowerState (FollowerState.java:run(117)) - 742c26a8-c271-430a-a05a-c8bba3fa6d96@group-5FF82F29B6C0-FollowerState was interrupted: java.lang.InterruptedException: sleep interrupted
2019-10-15 03:19:19,934 [grpc-default-executor-5] INFO  impl.RaftServerImpl (RaftServerImpl.java:setRole(184)) - a910346c-1ee2-4cdc-a6d8-644a3a4f0b7f@group-5FF82F29B6C0: changes role from  FOLLOWER to FOLLOWER at term 116 for recognizeCandidate:4c6a16c4-95d2-4ef7-9fc0-4f57ccbd9967
2019-10-15 03:19:19,934 [grpc-default-executor-5] INFO  impl.RoleInfo (RoleInfo.java:shutdownFollowerState(121)) - a910346c-1ee2-4cdc-a6d8-644a3a4f0b7f: shutdown FollowerState
2019-10-15 03:19:19,935 [grpc-default-executor-5] INFO  impl.RoleInfo (RoleInfo.java:updateAndGet(143)) - a910346c-1ee2-4cdc-a6d8-644a3a4f0b7f: start FollowerState
2019-10-15 03:19:19,935 [Thread-1092] INFO  impl.FollowerState (FollowerState.java:run(117)) - a910346c-1ee2-4cdc-a6d8-644a3a4f0b7f@group-5FF82F29B6C0-FollowerState was interrupted: java.lang.InterruptedException: sleep interrupted
2019-10-15 03:19:19,960 [4c6a16c4-95d2-4ef7-9fc0-4f57ccbd9967@group-5FF82F29B6C0-LeaderElection115] INFO  impl.LeaderElection (LeaderElection.java:logAndReturn(56)) - 4c6a16c4-95d2-4ef7-9fc0-4f57ccbd9967@group-5FF82F29B6C0-LeaderElection115: Election REJECTED; received 2 response(s) [4c6a16c4-95d2-4ef7-9fc0-4f57ccbd9967<-742c26a8-c271-430a-a05a-c8bba3fa6d96#0:FAIL-t116, 4c6a16c4-95d2-4ef7-9fc0-4f57ccbd9967<-a910346c-1ee2-4cdc-a6d8-644a3a4f0b7f#0:FAIL-t116] and 0 exception(s); 4c6a16c4-95d2-4ef7-9fc0-4f57ccbd9967@group-5FF82F29B6C0:t116, leader=null, voted=4c6a16c4-95d2-4ef7-9fc0-4f57ccbd9967, raftlog=4c6a16c4-95d2-4ef7-9fc0-4f57ccbd9967@group-5FF82F29B6C0-SegmentedRaftLog:OPENED:c-1,f-1,i0, conf=-1: [4c6a16c4-95d2-4ef7-9fc0-4f57ccbd9967:192.168.5.131:39112, 742c26a8-c271-430a-a05a-c8bba3fa6d96:192.168.5.131:42235, a910346c-1ee2-4cdc-a6d8-644a3a4f0b7f:192.168.5.131:38193], old=null
2019-10-15 03:19:19,960 [4c6a16c4-95d2-4ef7-9fc0-4f57ccbd9967@group-5FF82F29B6C0-LeaderElection115] INFO  impl.RaftServerImpl (RaftServerImpl.java:setRole(184)) - 4c6a16c4-95d2-4ef7-9fc0-4f57ccbd9967@group-5FF82F29B6C0: changes role from CANDIDATE to FOLLOWER at term 116 for DISCOVERED_A_NEW_TERM
2019-10-15 03:19:19,960 [4c6a16c4-95d2-4ef7-9fc0-4f57ccbd9967@group-5FF82F29B6C0-LeaderElection115] INFO  impl.RoleInfo (RoleInfo.java:shutdownLeaderElection(134)) - 4c6a16c4-95d2-4ef7-9fc0-4f57ccbd9967: shutdown LeaderElection
2019-10-15 03:19:19,961 [4c6a16c4-95d2-4ef7-9fc0-4f57ccbd9967@group-5FF82F29B6C0-LeaderElection115] INFO  impl.RoleInfo (RoleInfo.java:updateAndGet(143)) - 4c6a16c4-95d2-4ef7-9fc0-4f57ccbd9967: start FollowerState
2019-10-15 03:19:20,138 [Thread-1099] INFO  impl.FollowerState (FollowerState.java:run(108)) - 4c6a16c4-95d2-4ef7-9fc0-4f57ccbd9967@group-5FF82F29B6C0-FollowerState: change to CANDIDATE, lastRpcTime:177ms, electionTimeout:177ms
2019-10-15 03:19:20,138 [Thread-1099] INFO  impl.RoleInfo (RoleInfo.java:shutdownFollowerState(121)) - 4c6a16c4-95d2-4ef7-9fc0-4f57ccbd9967: shutdown FollowerState
2019-10-15 03:19:20,138 [Thread-1099] INFO  impl.RaftServerImpl (RaftServerImpl.java:setRole(184)) - 4c6a16c4-95d2-4ef7-9fc0-4f57ccbd9967@group-5FF82F29B6C0: changes role from  FOLLOWER to CANDIDATE at term 116 for changeToCandidate
2019-10-15 03:19:20,139 [Thread-1099] INFO  impl.RoleInfo (RoleInfo.java:updateAndGet(143)) - 4c6a16c4-95d2-4ef7-9fc0-4f57ccbd9967: start LeaderElection
2019-10-15 03:19:20,153 [4c6a16c4-95d2-4ef7-9fc0-4f57ccbd9967@group-5FF82F29B6C0-LeaderElection116] INFO  impl.LeaderElection (LeaderElection.java:askForVotes(178)) - 4c6a16c4-95d2-4ef7-9fc0-4f57ccbd9967@group-5FF82F29B6C0-LeaderElection116: begin an election at term 117 for -1: [4c6a16c4-95d2-4ef7-9fc0-4f57ccbd9967:192.168.5.131:39112, 742c26a8-c271-430a-a05a-c8bba3fa6d96:192.168.5.131:42235, a910346c-1ee2-4cdc-a6d8-644a3a4f0b7f:192.168.5.131:38193], old=null
2019-10-15 03:19:20,156 [grpc-default-executor-6] INFO  impl.RaftServerImpl (RaftServerImpl.java:setRole(184)) - 742c26a8-c271-430a-a05a-c8bba3fa6d96@group-5FF82F29B6C0: changes role from  FOLLOWER to FOLLOWER at term 117 for recognizeCandidate:4c6a16c4-95d2-4ef7-9fc0-4f57ccbd9967
2019-10-15 03:19:20,156 [grpc-default-executor-5] INFO  impl.RaftServerImpl (RaftServerImpl.java:setRole(184)) - a910346c-1ee2-4cdc-a6d8-644a3a4f0b7f@group-5FF82F29B6C0: changes role from  FOLLOWER to FOLLOWER at term 117 for recognizeCandidate:4c6a16c4-95d2-4ef7-9fc0-4f57ccbd9967
2019-10-15 03:19:20,156 [grpc-default-executor-6] INFO  impl.RoleInfo (RoleInfo.java:shutdownFollowerState(121)) - 742c26a8-c271-430a-a05a-c8bba3fa6d96: shutdown FollowerState
2019-10-15 03:19:20,156 [grpc-default-executor-5] INFO  impl.RoleInfo (RoleInfo.java:shutdownFollowerState(121)) - a910346c-1ee2-4cdc-a6d8-644a3a4f0b7f: shutdown FollowerState
2019-10-15 03:19:20,156 [grpc-default-executor-6] INFO  impl.RoleInfo (RoleInfo.java:updateAndGet(143)) - 742c26a8-c271-430a-a05a-c8bba3fa6d96: start FollowerState
2019-10-15 03:19:20,156 [Thread-1097] INFO  impl.FollowerState (FollowerState.java:run(117)) - 742c26a8-c271-430a-a05a-c8bba3fa6d96@group-5FF82F29B6C0-FollowerState was interrupted: java.lang.InterruptedException: sleep interrupted
2019-10-15 03:19:20,156 [grpc-default-executor-5] INFO  impl.RoleInfo (RoleInfo.java:updateAndGet(143)) - a910346c-1ee2-4cdc-a6d8-644a3a4f0b7f: start FollowerState
2019-10-15 03:19:20,156 [Thread-1098] INFO  impl.FollowerState (FollowerState.java:run(117)) - a910346c-1ee2-4cdc-a6d8-644a3a4f0b7f@group-5FF82F29B6C0-FollowerState was interrupted: java.lang.InterruptedException: sleep interrupted
2019-10-15 03:19:20,182 [4c6a16c4-95d2-4ef7-9fc0-4f57ccbd9967@group-5FF82F29B6C0-LeaderElection116] INFO  impl.LeaderElection (LeaderElection.java:logAndReturn(56)) - 4c6a16c4-95d2-4ef7-9fc0-4f57ccbd9967@group-5FF82F29B6C0-LeaderElection116: Election REJECTED; received 2 response(s) [4c6a16c4-95d2-4ef7-9fc0-4f57ccbd9967<-742c26a8-c271-430a-a05a-c8bba3fa6d96#0:FAIL-t117, 4c6a16c4-95d2-4ef7-9fc0-4f57ccbd9967<-a910346c-1ee2-4cdc-a6d8-644a3a4f0b7f#0:FAIL-t117] and 0 exception(s); 4c6a16c4-95d2-4ef7-9fc0-4f57ccbd9967@group-5FF82F29B6C0:t117, leader=null, voted=4c6a16c4-95d2-4ef7-9fc0-4f57ccbd9967, raftlog=4c6a16c4-95d2-4ef7-9fc0-4f57ccbd9967@group-5FF82F29B6C0-SegmentedRaftLog:OPENED:c-1,f-1,i0, conf=-1: [4c6a16c4-95d2-4ef7-9fc0-4f57ccbd9967:192.168.5.131:39112, 742c26a8-c271-430a-a05a-c8bba3fa6d96:192.168.5.131:42235, a910346c-1ee2-4cdc-a6d8-644a3a4f0b7f:192.168.5.131:38193], old=null
2019-10-15 03:19:20,182 [4c6a16c4-95d2-4ef7-9fc0-4f57ccbd9967@group-5FF82F29B6C0-LeaderElection116] INFO  impl.RaftServerImpl (RaftServerImpl.java:setRole(184)) - 4c6a16c4-95d2-4ef7-9fc0-4f57ccbd9967@group-5FF82F29B6C0: changes role from CANDIDATE to FOLLOWER at term 117 for DISCOVERED_A_NEW_TERM
2019-10-15 03:19:20,182 [4c6a16c4-95d2-4ef7-9fc0-4f57ccbd9967@group-5FF82F29B6C0-LeaderElection116] INFO  impl.RoleInfo (RoleInfo.java:shutdownLeaderElection(134)) - 4c6a16c4-95d2-4ef7-9fc0-4f57ccbd9967: shutdown LeaderElection
2019-10-15 03:19:20,183 [4c6a16c4-95d2-4ef7-9fc0-4f57ccbd9967@group-5FF82F29B6C0-LeaderElection116] INFO  impl.RoleInfo (RoleInfo.java:updateAndGet(143)) - 4c6a16c4-95d2-4ef7-9fc0-4f57ccbd9967: start FollowerState
2019-10-15 03:19:20,363 [Thread-1105] INFO  impl.FollowerState (FollowerState.java:run(108)) - 4c6a16c4-95d2-4ef7-9fc0-4f57ccbd9967@group-5FF82F29B6C0-FollowerState: change to CANDIDATE, lastRpcTime:180ms, electionTimeout:180ms
2019-10-15 03:19:20,363 [Thread-1105] INFO  impl.RoleInfo (RoleInfo.java:shutdownFollowerState(121)) - 4c6a16c4-95d2-4ef7-9fc0-4f57ccbd9967: shutdown FollowerState
2019-10-15 03:19:20,364 [Thread-1105] INFO  impl.RaftServerImpl (RaftServerImpl.java:setRole(184)) - 4c6a16c4-95d2-4ef7-9fc0-4f57ccbd9967@group-5FF82F29B6C0: changes role from  FOLLOWER to CANDIDATE at term 117 for changeToCandidate
2019-10-15 03:19:20,364 [Thread-1105] INFO  impl.RoleInfo (RoleInfo.java:updateAndGet(143)) - 4c6a16c4-95d2-4ef7-9fc0-4f57ccbd9967: start LeaderElection
2019-10-15 03:19:20,397 [4c6a16c4-95d2-4ef7-9fc0-4f57ccbd9967@group-5FF82F29B6C0-LeaderElection117] INFO  impl.LeaderElection (LeaderElection.java:askForVotes(178)) - 4c6a16c4-95d2-4ef7-9fc0-4f57ccbd9967@group-5FF82F29B6C0-LeaderElection117: begin an election at term 118 for -1: [4c6a16c4-95d2-4ef7-9fc0-4f57ccbd9967:192.168.5.131:39112, 742c26a8-c271-430a-a05a-c8bba3fa6d96:192.168.5.131:42235, a910346c-1ee2-4cdc-a6d8-644a3a4f0b7f:192.168.5.131:38193], old=null
2019-10-15 03:19:20,407 [grpc-default-executor-6] INFO  impl.RaftServerImpl (RaftServerImpl.java:setRole(184)) - 742c26a8-c271-430a-a05a-c8bba3fa6d96@group-5FF82F29B6C0: changes role from  FOLLOWER to FOLLOWER at term 118 for recognizeCandidate:4c6a16c4-95d2-4ef7-9fc0-4f57ccbd9967
2019-10-15 03:19:20,407 [grpc-default-executor-5] INFO  impl.RaftServerImpl (RaftServerImpl.java:setRole(184)) - a910346c-1ee2-4cdc-a6d8-644a3a4f0b7f@group-5FF82F29B6C0: changes role from  FOLLOWER to FOLLOWER at term 118 for recognizeCandidate:4c6a16c4-95d2-4ef7-9fc0-4f57ccbd9967
2019-10-15 03:19:20,407 [grpc-default-executor-6] INFO  impl.RoleInfo (RoleInfo.java:shutdownFollowerState(121)) - 742c26a8-c271-430a-a05a-c8bba3fa6d96: shutdown FollowerState
2019-10-15 03:19:20,407 [grpc-default-executor-5] INFO  impl.RoleInfo (RoleInfo.java:shutdownFollowerState(121)) - a910346c-1ee2-4cdc-a6d8-644a3a4f0b7f: shutdown FollowerState
2019-10-15 03:19:20,408 [grpc-default-executor-6] INFO  impl.RoleInfo (RoleInfo.java:updateAndGet(143)) - 742c26a8-c271-430a-a05a-c8bba3fa6d96: start FollowerState
2019-10-15 03:19:20,408 [Thread-1104] INFO  impl.FollowerState (FollowerState.java:run(117)) - a910346c-1ee2-4cdc-a6d8-644a3a4f0b7f@group-5FF82F29B6C0-FollowerState was interrupted: java.lang.InterruptedException: sleep interrupted
2019-10-15 03:19:20,408 [grpc-default-executor-5] INFO  impl.RoleInfo (RoleInfo.java:updateAndGet(143)) - a910346c-1ee2-4cdc-a6d8-644a3a4f0b7f: start FollowerState
2019-10-15 03:19:20,408 [Thread-1103] INFO  impl.FollowerState (FollowerState.java:run(117)) - 742c26a8-c271-430a-a05a-c8bba3fa6d96@group-5FF82F29B6C0-FollowerState was interrupted: java.lang.InterruptedException: sleep interrupted
2019-10-15 03:19:20,423 [4c6a16c4-95d2-4ef7-9fc0-4f57ccbd9967@group-5FF82F29B6C0-LeaderElection117] INFO  impl.LeaderElection (LeaderElection.java:logAndReturn(56)) - 4c6a16c4-95d2-4ef7-9fc0-4f57ccbd9967@group-5FF82F29B6C0-LeaderElection117: Election REJECTED; received 2 response(s) [4c6a16c4-95d2-4ef7-9fc0-4f57ccbd9967<-742c26a8-c271-430a-a05a-c8bba3fa6d96#0:FAIL-t118, 4c6a16c4-95d2-4ef7-9fc0-4f57ccbd9967<-a910346c-1ee2-4cdc-a6d8-644a3a4f0b7f#0:FAIL-t118] and 0 exception(s); 4c6a16c4-95d2-4ef7-9fc0-4f57ccbd9967@group-5FF82F29B6C0:t118, leader=null, voted=4c6a16c4-95d2-4ef7-9fc0-4f57ccbd9967, raftlog=4c6a16c4-95d2-4ef7-9fc0-4f57ccbd9967@group-5FF82F29B6C0-SegmentedRaftLog:OPENED:c-1,f-1,i0, conf=-1: [4c6a16c4-95d2-4ef7-9fc0-4f57ccbd9967:192.168.5.131:39112, 742c26a8-c271-430a-a05a-c8bba3fa6d96:192.168.5.131:42235, a910346c-1ee2-4cdc-a6d8-644a3a4f0b7f:192.168.5.131:38193], old=null
2019-10-15 03:19:20,423 [4c6a16c4-95d2-4ef7-9fc0-4f57ccbd9967@group-5FF82F29B6C0-LeaderElection117] INFO  impl.RaftServerImpl (RaftServerImpl.java:setRole(184)) - 4c6a16c4-95d2-4ef7-9fc0-4f57ccbd9967@group-5FF82F29B6C0: changes role from CANDIDATE to FOLLOWER at term 118 for DISCOVERED_A_NEW_TERM
2019-10-15 03:19:20,423 [4c6a16c4-95d2-4ef7-9fc0-4f57ccbd9967@group-5FF82F29B6C0-LeaderElection117] INFO  impl.RoleInfo (RoleInfo.java:shutdownLeaderElection(134)) - 4c6a16c4-95d2-4ef7-9fc0-4f57ccbd9967: shutdown LeaderElection
2019-10-15 03:19:20,424 [4c6a16c4-95d2-4ef7-9fc0-4f57ccbd9967@group-5FF82F29B6C0-LeaderElection117] INFO  impl.RoleInfo (RoleInfo.java:updateAndGet(143)) - 4c6a16c4-95d2-4ef7-9fc0-4f57ccbd9967: start FollowerState
2019-10-15 03:19:20,573 [Thread-1115] INFO  impl.FollowerState (FollowerState.java:run(108)) - 4c6a16c4-95d2-4ef7-9fc0-4f57ccbd9967@group-5FF82F29B6C0-FollowerState: change to CANDIDATE, lastRpcTime:149ms, electionTimeout:149ms
2019-10-15 03:19:20,573 [Thread-1115] INFO  impl.RoleInfo (RoleInfo.java:shutdownFollowerState(121)) - 4c6a16c4-95d2-4ef7-9fc0-4f57ccbd9967: shutdown FollowerState
2019-10-15 03:19:20,573 [Thread-1115] INFO  impl.RaftServerImpl (RaftServerImpl.java:setRole(184)) - 4c6a16c4-95d2-4ef7-9fc0-4f57ccbd9967@group-5FF82F29B6C0: changes role from  FOLLOWER to CANDIDATE at term 118 for changeToCandidate
2019-10-15 03:19:20,574 [Thread-1115] INFO  impl.RoleInfo (RoleInfo.java:updateAndGet(143)) - 4c6a16c4-95d2-4ef7-9fc0-4f57ccbd9967: start LeaderElection
2019-10-15 03:19:20,586 [4c6a16c4-95d2-4ef7-9fc0-4f57ccbd9967@group-5FF82F29B6C0-LeaderElection118] INFO  impl.LeaderElection (LeaderElection.java:askForVotes(178)) - 4c6a16c4-95d2-4ef7-9fc0-4f57ccbd9967@group-5FF82F29B6C0-LeaderElection118: begin an election at term 119 for -1: [4c6a16c4-95d2-4ef7-9fc0-4f57ccbd9967:192.168.5.131:39112, 742c26a8-c271-430a-a05a-c8bba3fa6d96:192.168.5.131:42235, a910346c-1ee2-4cdc-a6d8-644a3a4f0b7f:192.168.5.131:38193], old=null
2019-10-15 03:19:20,588 [grpc-default-executor-5] INFO  impl.RaftServerImpl (RaftServerImpl.java:setRole(184)) - a910346c-1ee2-4cdc-a6d8-644a3a4f0b7f@group-5FF82F29B6C0: changes role from  FOLLOWER to FOLLOWER at term 119 for recognizeCandidate:4c6a16c4-95d2-4ef7-9fc0-4f57ccbd9967
2019-10-15 03:19:20,588 [grpc-default-executor-6] INFO  impl.RaftServerImpl (RaftServerImpl.java:setRole(184)) - 742c26a8-c271-430a-a05a-c8bba3fa6d96@group-5FF82F29B6C0: changes role from  FOLLOWER to FOLLOWER at term 119 for recognizeCandidate:4c6a16c4-95d2-4ef7-9fc0-4f57ccbd9967
2019-10-15 03:19:20,589 [grpc-default-executor-5] INFO  impl.RoleInfo (RoleInfo.java:shutdownFollowerState(121)) - a910346c-1ee2-4cdc-a6d8-644a3a4f0b7f: shutdown FollowerState
2019-10-15 03:19:20,589 [grpc-default-executor-6] INFO  impl.RoleInfo (RoleInfo.java:shutdownFollowerState(121)) - 742c26a8-c271-430a-a05a-c8bba3fa6d96: shutdown FollowerState
2019-10-15 03:19:20,589 [Thread-1112] INFO  impl.FollowerState (FollowerState.java:run(117)) - a910346c-1ee2-4cdc-a6d8-644a3a4f0b7f@group-5FF82F29B6C0-FollowerState was interrupted: java.lang.InterruptedException: sleep interrupted
2019-10-15 03:19:20,589 [grpc-default-executor-5] INFO  impl.RoleInfo (RoleInfo.java:updateAndGet(143)) - a910346c-1ee2-4cdc-a6d8-644a3a4f0b7f: start FollowerState
2019-10-15 03:19:20,589 [Thread-1111] INFO  impl.FollowerState (FollowerState.java:run(117)) - 742c26a8-c271-430a-a05a-c8bba3fa6d96@group-5FF82F29B6C0-FollowerState was interrupted: java.lang.InterruptedException: sleep interrupted
2019-10-15 03:19:20,589 [grpc-default-executor-6] INFO  impl.RoleInfo (RoleInfo.java:updateAndGet(143)) - 742c26a8-c271-430a-a05a-c8bba3fa6d96: start FollowerState
2019-10-15 03:19:20,615 [4c6a16c4-95d2-4ef7-9fc0-4f57ccbd9967@group-5FF82F29B6C0-LeaderElection118] INFO  impl.LeaderElection (LeaderElection.java:logAndReturn(56)) - 4c6a16c4-95d2-4ef7-9fc0-4f57ccbd9967@group-5FF82F29B6C0-LeaderElection118: Election REJECTED; received 2 response(s) [4c6a16c4-95d2-4ef7-9fc0-4f57ccbd9967<-742c26a8-c271-430a-a05a-c8bba3fa6d96#0:FAIL-t119, 4c6a16c4-95d2-4ef7-9fc0-4f57ccbd9967<-a910346c-1ee2-4cdc-a6d8-644a3a4f0b7f#0:FAIL-t119] and 0 exception(s); 4c6a16c4-95d2-4ef7-9fc0-4f57ccbd9967@group-5FF82F29B6C0:t119, leader=null, voted=4c6a16c4-95d2-4ef7-9fc0-4f57ccbd9967, raftlog=4c6a16c4-95d2-4ef7-9fc0-4f57ccbd9967@group-5FF82F29B6C0-SegmentedRaftLog:OPENED:c-1,f-1,i0, conf=-1: [4c6a16c4-95d2-4ef7-9fc0-4f57ccbd9967:192.168.5.131:39112, 742c26a8-c271-430a-a05a-c8bba3fa6d96:192.168.5.131:42235, a910346c-1ee2-4cdc-a6d8-644a3a4f0b7f:192.168.5.131:38193], old=null
2019-10-15 03:19:20,616 [4c6a16c4-95d2-4ef7-9fc0-4f57ccbd9967@group-5FF82F29B6C0-LeaderElection118] INFO  impl.RaftServerImpl (RaftServerImpl.java:setRole(184)) - 4c6a16c4-95d2-4ef7-9fc0-4f57ccbd9967@group-5FF82F29B6C0: changes role from CANDIDATE to FOLLOWER at term 119 for DISCOVERED_A_NEW_TERM
2019-10-15 03:19:20,616 [4c6a16c4-95d2-4ef7-9fc0-4f57ccbd9967@group-5FF82F29B6C0-LeaderElection118] INFO  impl.RoleInfo (RoleInfo.java:shutdownLeaderElection(134)) - 4c6a16c4-95d2-4ef7-9fc0-4f57ccbd9967: shutdown LeaderElection
2019-10-15 03:19:20,616 [4c6a16c4-95d2-4ef7-9fc0-4f57ccbd9967@group-5FF82F29B6C0-LeaderElection118] INFO  impl.RoleInfo (RoleInfo.java:updateAndGet(143)) - 4c6a16c4-95d2-4ef7-9fc0-4f57ccbd9967: start FollowerState
2019-10-15 03:19:20,651 [Thread-1121] INFO  impl.FollowerState (FollowerState.java:run(108)) - 4c6a16c4-95d2-4ef7-9fc0-4f57ccbd9967@group-5FF82F29B6C0-FollowerState: change to CANDIDATE, lastRpcTime:35ms, electionTimeout:35ms
2019-10-15 03:19:20,652 [Thread-1121] INFO  impl.RoleInfo (RoleInfo.java:shutdownFollowerState(121)) - 4c6a16c4-95d2-4ef7-9fc0-4f57ccbd9967: shutdown FollowerState
2019-10-15 03:19:20,652 [Thread-1121] INFO  impl.RaftServerImpl (RaftServerImpl.java:setRole(184)) - 4c6a16c4-95d2-4ef7-9fc0-4f57ccbd9967@group-5FF82F29B6C0: changes role from  FOLLOWER to CANDIDATE at term 119 for changeToCandidate
2019-10-15 03:19:20,652 [Thread-1121] INFO  impl.RoleInfo (RoleInfo.java:updateAndGet(143)) - 4c6a16c4-95d2-4ef7-9fc0-4f57ccbd9967: start LeaderElection
2019-10-15 03:19:20,665 [4c6a16c4-95d2-4ef7-9fc0-4f57ccbd9967@group-5FF82F29B6C0-LeaderElection119] INFO  impl.LeaderElection (LeaderElection.java:askForVotes(178)) - 4c6a16c4-95d2-4ef7-9fc0-4f57ccbd9967@group-5FF82F29B6C0-LeaderElection119: begin an election at term 120 for -1: [4c6a16c4-95d2-4ef7-9fc0-4f57ccbd9967:192.168.5.131:39112, 742c26a8-c271-430a-a05a-c8bba3fa6d96:192.168.5.131:42235, a910346c-1ee2-4cdc-a6d8-644a3a4f0b7f:192.168.5.131:38193], old=null
2019-10-15 03:19:20,668 [grpc-default-executor-5] INFO  impl.RaftServerImpl (RaftServerImpl.java:setRole(184)) - 742c26a8-c271-430a-a05a-c8bba3fa6d96@group-5FF82F29B6C0: changes role from  FOLLOWER to FOLLOWER at term 120 for recognizeCandidate:4c6a16c4-95d2-4ef7-9fc0-4f57ccbd9967
2019-10-15 03:19:20,668 [grpc-default-executor-5] INFO  impl.RoleInfo (RoleInfo.java:shutdownFollowerState(121)) - 742c26a8-c271-430a-a05a-c8bba3fa6d96: shutdown FollowerState
2019-10-15 03:19:20,668 [grpc-default-executor-6] INFO  impl.RaftServerImpl (RaftServerImpl.java:setRole(184)) - a910346c-1ee2-4cdc-a6d8-644a3a4f0b7f@group-5FF82F29B6C0: changes role from  FOLLOWER to FOLLOWER at term 120 for recognizeCandidate:4c6a16c4-95d2-4ef7-9fc0-4f57ccbd9967
2019-10-15 03:19:20,668 [Thread-1120] INFO  impl.FollowerState (FollowerState.java:run(117)) - 742c26a8-c271-430a-a05a-c8bba3fa6d96@group-5FF82F29B6C0-FollowerState was interrupted: java.lang.InterruptedException: sleep interrupted
2019-10-15 03:19:20,668 [grpc-default-executor-6] INFO  impl.RoleInfo (RoleInfo.java:shutdownFollowerState(121)) - a910346c-1ee2-4cdc-a6d8-644a3a4f0b7f: shutdown FollowerState
2019-10-15 03:19:20,668 [grpc-default-executor-5] INFO  impl.RoleInfo (RoleInfo.java:updateAndGet(143)) - 742c26a8-c271-430a-a05a-c8bba3fa6d96: start FollowerState
2019-10-15 03:19:20,669 [Thread-1119] INFO  impl.FollowerState (FollowerState.java:run(117)) - a910346c-1ee2-4cdc-a6d8-644a3a4f0b7f@group-5FF82F29B6C0-FollowerState was interrupted: java.lang.InterruptedException: sleep interrupted
2019-10-15 03:19:20,669 [grpc-default-executor-6] INFO  impl.RoleInfo (RoleInfo.java:updateAndGet(143)) - a910346c-1ee2-4cdc-a6d8-644a3a4f0b7f: start FollowerState
2019-10-15 03:19:20,683 [4c6a16c4-95d2-4ef7-9fc0-4f57ccbd9967@group-5FF82F29B6C0-LeaderElection119] INFO  impl.LeaderElection (LeaderElection.java:logAndReturn(56)) - 4c6a16c4-95d2-4ef7-9fc0-4f57ccbd9967@group-5FF82F29B6C0-LeaderElection119: Election REJECTED; received 2 response(s) [4c6a16c4-95d2-4ef7-9fc0-4f57ccbd9967<-742c26a8-c271-430a-a05a-c8bba3fa6d96#0:FAIL-t120, 4c6a16c4-95d2-4ef7-9fc0-4f57ccbd9967<-a910346c-1ee2-4cdc-a6d8-644a3a4f0b7f#0:FAIL-t120] and 0 exception(s); 4c6a16c4-95d2-4ef7-9fc0-4f57ccbd9967@group-5FF82F29B6C0:t120, leader=null, voted=4c6a16c4-95d2-4ef7-9fc0-4f57ccbd9967, raftlog=4c6a16c4-95d2-4ef7-9fc0-4f57ccbd9967@group-5FF82F29B6C0-SegmentedRaftLog:OPENED:c-1,f-1,i0, conf=-1: [4c6a16c4-95d2-4ef7-9fc0-4f57ccbd9967:192.168.5.131:39112, 742c26a8-c271-430a-a05a-c8bba3fa6d96:192.168.5.131:42235, a910346c-1ee2-4cdc-a6d8-644a3a4f0b7f:192.168.5.131:38193], old=null
2019-10-15 03:19:20,684 [4c6a16c4-95d2-4ef7-9fc0-4f57ccbd9967@group-5FF82F29B6C0-LeaderElection119] INFO  impl.RaftServerImpl (RaftServerImpl.java:setRole(184)) - 4c6a16c4-95d2-4ef7-9fc0-4f57ccbd9967@group-5FF82F29B6C0: changes role from CANDIDATE to FOLLOWER at term 120 for DISCOVERED_A_NEW_TERM
2019-10-15 03:19:20,684 [4c6a16c4-95d2-4ef7-9fc0-4f57ccbd9967@group-5FF82F29B6C0-LeaderElection119] INFO  impl.RoleInfo (RoleInfo.java:shutdownLeaderElection(134)) - 4c6a16c4-95d2-4ef7-9fc0-4f57ccbd9967: shutdown LeaderElection
2019-10-15 03:19:20,684 [4c6a16c4-95d2-4ef7-9fc0-4f57ccbd9967@group-5FF82F29B6C0-LeaderElection119] INFO  impl.RoleInfo (RoleInfo.java:updateAndGet(143)) - 4c6a16c4-95d2-4ef7-9fc0-4f57ccbd9967: start FollowerState
2019-10-15 03:19:20,691 [Thread-1127] INFO  impl.FollowerState (FollowerState.java:run(108)) - 4c6a16c4-95d2-4ef7-9fc0-4f57ccbd9967@group-5FF82F29B6C0-FollowerState: change to CANDIDATE, lastRpcTime:7ms, electionTimeout:7ms
2019-10-15 03:19:20,691 [Thread-1127] INFO  impl.RoleInfo (RoleInfo.java:shutdownFollowerState(121)) - 4c6a16c4-95d2-4ef7-9fc0-4f57ccbd9967: shutdown FollowerState
2019-10-15 03:19:20,691 [Thread-1127] INFO  impl.RaftServerImpl (RaftServerImpl.java:setRole(184)) - 4c6a16c4-95d2-4ef7-9fc0-4f57ccbd9967@group-5FF82F29B6C0: changes role from  FOLLOWER to CANDIDATE at term 120 for changeToCandidate
2019-10-15 03:19:20,691 [Thread-1127] INFO  impl.RoleInfo (RoleInfo.java:updateAndGet(143)) - 4c6a16c4-95d2-4ef7-9fc0-4f57ccbd9967: start LeaderElection
2019-10-15 03:19:20,705 [4c6a16c4-95d2-4ef7-9fc0-4f57ccbd9967@group-5FF82F29B6C0-LeaderElection120] INFO  impl.LeaderElection (LeaderElection.java:askForVotes(178)) - 4c6a16c4-95d2-4ef7-9fc0-4f57ccbd9967@group-5FF82F29B6C0-LeaderElection120: begin an election at term 121 for -1: [4c6a16c4-95d2-4ef7-9fc0-4f57ccbd9967:192.168.5.131:39112, 742c26a8-c271-430a-a05a-c8bba3fa6d96:192.168.5.131:42235, a910346c-1ee2-4cdc-a6d8-644a3a4f0b7f:192.168.5.131:38193], old=null
2019-10-15 03:19:20,706 [grpc-default-executor-5] INFO  impl.RaftServerImpl (RaftServerImpl.java:setRole(184)) - 742c26a8-c271-430a-a05a-c8bba3fa6d96@group-5FF82F29B6C0: changes role from  FOLLOWER to FOLLOWER at term 121 for recognizeCandidate:4c6a16c4-95d2-4ef7-9fc0-4f57ccbd9967
2019-10-15 03:19:20,707 [grpc-default-executor-5] INFO  impl.RoleInfo (RoleInfo.java:shutdownFollowerState(121)) - 742c26a8-c271-430a-a05a-c8bba3fa6d96: shutdown FollowerState
2019-10-15 03:19:20,707 [grpc-default-executor-6] INFO  impl.RaftServerImpl (RaftServerImpl.java:setRole(184)) - a910346c-1ee2-4cdc-a6d8-644a3a4f0b7f@group-5FF82F29B6C0: changes role from  FOLLOWER to FOLLOWER at term 121 for recognizeCandidate:4c6a16c4-95d2-4ef7-9fc0-4f57ccbd9967
2019-10-15 03:19:20,707 [Thread-1125] INFO  impl.FollowerState (FollowerState.java:run(117)) - 742c26a8-c271-430a-a05a-c8bba3fa6d96@group-5FF82F29B6C0-FollowerState was interrupted: java.lang.InterruptedException: sleep interrupted
2019-10-15 03:19:20,707 [grpc-default-executor-5] INFO  impl.RoleInfo (RoleInfo.java:updateAndGet(143)) - 742c26a8-c271-430a-a05a-c8bba3fa6d96: start FollowerState
2019-10-15 03:19:20,707 [grpc-default-executor-6] INFO  impl.RoleInfo (RoleInfo.java:shutdownFollowerState(121)) - a910346c-1ee2-4cdc-a6d8-644a3a4f0b7f: shutdown FollowerState
2019-10-15 03:19:20,707 [grpc-default-executor-6] INFO  impl.RoleInfo (RoleInfo.java:updateAndGet(143)) - a910346c-1ee2-4cdc-a6d8-644a3a4f0b7f: start FollowerState
2019-10-15 03:19:20,707 [Thread-1126] INFO  impl.FollowerState (FollowerState.java:run(117)) - a910346c-1ee2-4cdc-a6d8-644a3a4f0b7f@group-5FF82F29B6C0-FollowerState was interrupted: java.lang.InterruptedException: sleep interrupted
2019-10-15 03:19:20,721 [4c6a16c4-95d2-4ef7-9fc0-4f57ccbd9967@group-5FF82F29B6C0-LeaderElection120] INFO  impl.LeaderElection (LeaderElection.java:logAndReturn(56)) - 4c6a16c4-95d2-4ef7-9fc0-4f57ccbd9967@group-5FF82F29B6C0-LeaderElection120: Election TIMEOUT; received 0 response(s) [] and 0 exception(s); 4c6a16c4-95d2-4ef7-9fc0-4f57ccbd9967@group-5FF82F29B6C0:t121, leader=null, voted=4c6a16c4-95d2-4ef7-9fc0-4f57ccbd9967, raftlog=4c6a16c4-95d2-4ef7-9fc0-4f57ccbd9967@group-5FF82F29B6C0-SegmentedRaftLog:OPENED:c-1,f-1,i0, conf=-1: [4c6a16c4-95d2-4ef7-9fc0-4f57ccbd9967:192.168.5.131:39112, 742c26a8-c271-430a-a05a-c8bba3fa6d96:192.168.5.131:42235, a910346c-1ee2-4cdc-a6d8-644a3a4f0b7f:192.168.5.131:38193], old=null
2019-10-15 03:19:20,743 [4c6a16c4-95d2-4ef7-9fc0-4f57ccbd9967@group-5FF82F29B6C0-LeaderElection120] INFO  impl.LeaderElection (LeaderElection.java:askForVotes(178)) - 4c6a16c4-95d2-4ef7-9fc0-4f57ccbd9967@group-5FF82F29B6C0-LeaderElection120: begin an election at term 122 for -1: [4c6a16c4-95d2-4ef7-9fc0-4f57ccbd9967:192.168.5.131:39112, 742c26a8-c271-430a-a05a-c8bba3fa6d96:192.168.5.131:42235, a910346c-1ee2-4cdc-a6d8-644a3a4f0b7f:192.168.5.131:38193], old=null
2019-10-15 03:19:20,745 [grpc-default-executor-5] INFO  impl.RaftServerImpl (RaftServerImpl.java:setRole(184)) - a910346c-1ee2-4cdc-a6d8-644a3a4f0b7f@group-5FF82F29B6C0: changes role from  FOLLOWER to FOLLOWER at term 122 for recognizeCandidate:4c6a16c4-95d2-4ef7-9fc0-4f57ccbd9967
2019-10-15 03:19:20,745 [grpc-default-executor-6] INFO  impl.RaftServerImpl (RaftServerImpl.java:setRole(184)) - 742c26a8-c271-430a-a05a-c8bba3fa6d96@group-5FF82F29B6C0: changes role from  FOLLOWER to FOLLOWER at term 122 for recognizeCandidate:4c6a16c4-95d2-4ef7-9fc0-4f57ccbd9967
2019-10-15 03:19:20,745 [grpc-default-executor-5] INFO  impl.RoleInfo (RoleInfo.java:shutdownFollowerState(121)) - a910346c-1ee2-4cdc-a6d8-644a3a4f0b7f: shutdown FollowerState
2019-10-15 03:19:20,745 [grpc-default-executor-6] INFO  impl.RoleInfo (RoleInfo.java:shutdownFollowerState(121)) - 742c26a8-c271-430a-a05a-c8bba3fa6d96: shutdown FollowerState
2019-10-15 03:19:20,745 [Thread-1132] INFO  impl.FollowerState (FollowerState.java:run(117)) - a910346c-1ee2-4cdc-a6d8-644a3a4f0b7f@group-5FF82F29B6C0-FollowerState was interrupted: java.lang.InterruptedException: sleep interrupted
2019-10-15 03:19:20,745 [grpc-default-executor-5] INFO  impl.RoleInfo (RoleInfo.java:updateAndGet(143)) - a910346c-1ee2-4cdc-a6d8-644a3a4f0b7f: start FollowerState
2019-10-15 03:19:20,745 [Thread-1131] INFO  impl.FollowerState (FollowerState.java:run(117)) - 742c26a8-c271-430a-a05a-c8bba3fa6d96@group-5FF82F29B6C0-FollowerState was interrupted: java.lang.InterruptedException: sleep interrupted
2019-10-15 03:19:20,745 [grpc-default-executor-6] INFO  impl.RoleInfo (RoleInfo.java:updateAndGet(143)) - 742c26a8-c271-430a-a05a-c8bba3fa6d96: start FollowerState
2019-10-15 03:19:20,760 [4c6a16c4-95d2-4ef7-9fc0-4f57ccbd9967@group-5FF82F29B6C0-LeaderElection120] INFO  impl.LeaderElection (LeaderElection.java:logAndReturn(56)) - 4c6a16c4-95d2-4ef7-9fc0-4f57ccbd9967@group-5FF82F29B6C0-LeaderElection120: Election REJECTED; received 2 response(s) [4c6a16c4-95d2-4ef7-9fc0-4f57ccbd9967<-742c26a8-c271-430a-a05a-c8bba3fa6d96#0:FAIL-t122, 4c6a16c4-95d2-4ef7-9fc0-4f57ccbd9967<-a910346c-1ee2-4cdc-a6d8-644a3a4f0b7f#0:FAIL-t122] and 0 exception(s); 4c6a16c4-95d2-4ef7-9fc0-4f57ccbd9967@group-5FF82F29B6C0:t122, leader=null, voted=4c6a16c4-95d2-4ef7-9fc0-4f57ccbd9967, raftlog=4c6a16c4-95d2-4ef7-9fc0-4f57ccbd9967@group-5FF82F29B6C0-SegmentedRaftLog:OPENED:c-1,f-1,i0, conf=-1: [4c6a16c4-95d2-4ef7-9fc0-4f57ccbd9967:192.168.5.131:39112, 742c26a8-c271-430a-a05a-c8bba3fa6d96:192.168.5.131:42235, a910346c-1ee2-4cdc-a6d8-644a3a4f0b7f:192.168.5.131:38193], old=null
2019-10-15 03:19:20,760 [4c6a16c4-95d2-4ef7-9fc0-4f57ccbd9967@group-5FF82F29B6C0-LeaderElection120] INFO  impl.RaftServerImpl (RaftServerImpl.java:setRole(184)) - 4c6a16c4-95d2-4ef7-9fc0-4f57ccbd9967@group-5FF82F29B6C0: changes role from CANDIDATE to FOLLOWER at term 122 for DISCOVERED_A_NEW_TERM
2019-10-15 03:19:20,760 [4c6a16c4-95d2-4ef7-9fc0-4f57ccbd9967@group-5FF82F29B6C0-LeaderElection120] INFO  impl.RoleInfo (RoleInfo.java:shutdownLeaderElection(134)) - 4c6a16c4-95d2-4ef7-9fc0-4f57ccbd9967: shutdown LeaderElection
2019-10-15 03:19:20,760 [4c6a16c4-95d2-4ef7-9fc0-4f57ccbd9967@group-5FF82F29B6C0-LeaderElection120] INFO  impl.RoleInfo (RoleInfo.java:updateAndGet(143)) - 4c6a16c4-95d2-4ef7-9fc0-4f57ccbd9967: start FollowerState
2019-10-15 03:19:20,858 [Thread-1137] INFO  impl.FollowerState (FollowerState.java:run(108)) - 4c6a16c4-95d2-4ef7-9fc0-4f57ccbd9967@group-5FF82F29B6C0-FollowerState: change to CANDIDATE, lastRpcTime:98ms, electionTimeout:98ms
2019-10-15 03:19:20,859 [Thread-1137] INFO  impl.RoleInfo (RoleInfo.java:shutdownFollowerState(121)) - 4c6a16c4-95d2-4ef7-9fc0-4f57ccbd9967: shutdown FollowerState
2019-10-15 03:19:20,859 [Thread-1137] INFO  impl.RaftServerImpl (RaftServerImpl.java:setRole(184)) - 4c6a16c4-95d2-4ef7-9fc0-4f57ccbd9967@group-5FF82F29B6C0: changes role from  FOLLOWER to CANDIDATE at term 122 for changeToCandidate
2019-10-15 03:19:20,859 [Thread-1137] INFO  impl.RoleInfo (RoleInfo.java:updateAndGet(143)) - 4c6a16c4-95d2-4ef7-9fc0-4f57ccbd9967: start LeaderElection
2019-10-15 03:19:20,874 [4c6a16c4-95d2-4ef7-9fc0-4f57ccbd9967@group-5FF82F29B6C0-LeaderElection121] INFO  impl.LeaderElection (LeaderElection.java:askForVotes(178)) - 4c6a16c4-95d2-4ef7-9fc0-4f57ccbd9967@group-5FF82F29B6C0-LeaderElection121: begin an election at term 123 for -1: [4c6a16c4-95d2-4ef7-9fc0-4f57ccbd9967:192.168.5.131:39112, 742c26a8-c271-430a-a05a-c8bba3fa6d96:192.168.5.131:42235, a910346c-1ee2-4cdc-a6d8-644a3a4f0b7f:192.168.5.131:38193], old=null
2019-10-15 03:19:20,876 [grpc-default-executor-5] INFO  impl.RaftServerImpl (RaftServerImpl.java:setRole(184)) - 742c26a8-c271-430a-a05a-c8bba3fa6d96@group-5FF82F29B6C0: changes role from  FOLLOWER to FOLLOWER at term 123 for recognizeCandidate:4c6a16c4-95d2-4ef7-9fc0-4f57ccbd9967
2019-10-15 03:19:20,876 [grpc-default-executor-6] INFO  impl.RaftServerImpl (RaftServerImpl.java:setRole(184)) - a910346c-1ee2-4cdc-a6d8-644a3a4f0b7f@group-5FF82F29B6C0: changes role from  FOLLOWER to FOLLOWER at term 123 for recognizeCandidate:4c6a16c4-95d2-4ef7-9fc0-4f57ccbd9967
2019-10-15 03:19:20,876 [grpc-default-executor-6] INFO  impl.RoleInfo (RoleInfo.java:shutdownFollowerState(121)) - a910346c-1ee2-4cdc-a6d8-644a3a4f0b7f: shutdown FollowerState
2019-10-15 03:19:20,876 [grpc-default-executor-5] INFO  impl.RoleInfo (RoleInfo.java:shutdownFollowerState(121)) - 742c26a8-c271-430a-a05a-c8bba3fa6d96: shutdown FollowerState
2019-10-15 03:19:20,877 [Thread-1135] INFO  impl.FollowerState (FollowerState.java:run(117)) - a910346c-1ee2-4cdc-a6d8-644a3a4f0b7f@group-5FF82F29B6C0-FollowerState was interrupted: java.lang.InterruptedException: sleep interrupted
2019-10-15 03:19:20,876 [grpc-default-executor-6] INFO  impl.RoleInfo (RoleInfo.java:updateAndGet(143)) - a910346c-1ee2-4cdc-a6d8-644a3a4f0b7f: start FollowerState
2019-10-15 03:19:20,877 [grpc-default-executor-5] INFO  impl.RoleInfo (RoleInfo.java:updateAndGet(143)) - 742c26a8-c271-430a-a05a-c8bba3fa6d96: start FollowerState
2019-10-15 03:19:20,877 [Thread-1136] INFO  impl.FollowerState (FollowerState.java:run(117)) - 742c26a8-c271-430a-a05a-c8bba3fa6d96@group-5FF82F29B6C0-FollowerState was interrupted: java.lang.InterruptedException: sleep interrupted
2019-10-15 03:19:20,894 [4c6a16c4-95d2-4ef7-9fc0-4f57ccbd9967@group-5FF82F29B6C0-LeaderElection121] INFO  impl.LeaderElection (LeaderElection.java:logAndReturn(56)) - 4c6a16c4-95d2-4ef7-9fc0-4f57ccbd9967@group-5FF82F29B6C0-LeaderElection121: Election REJECTED; received 2 response(s) [4c6a16c4-95d2-4ef7-9fc0-4f57ccbd9967<-742c26a8-c271-430a-a05a-c8bba3fa6d96#0:FAIL-t123, 4c6a16c4-95d2-4ef7-9fc0-4f57ccbd9967<-a910346c-1ee2-4cdc-a6d8-644a3a4f0b7f#0:FAIL-t123] and 0 exception(s); 4c6a16c4-95d2-4ef7-9fc0-4f57ccbd9967@group-5FF82F29B6C0:t123, leader=null, voted=4c6a16c4-95d2-4ef7-9fc0-4f57ccbd9967, raftlog=4c6a16c4-95d2-4ef7-9fc0-4f57ccbd9967@group-5FF82F29B6C0-SegmentedRaftLog:OPENED:c-1,f-1,i0, conf=-1: [4c6a16c4-95d2-4ef7-9fc0-4f57ccbd9967:192.168.5.131:39112, 742c26a8-c271-430a-a05a-c8bba3fa6d96:192.168.5.131:42235, a910346c-1ee2-4cdc-a6d8-644a3a4f0b7f:192.168.5.131:38193], old=null
2019-10-15 03:19:20,894 [4c6a16c4-95d2-4ef7-9fc0-4f57ccbd9967@group-5FF82F29B6C0-LeaderElection121] INFO  impl.RaftServerImpl (RaftServerImpl.java:setRole(184)) - 4c6a16c4-95d2-4ef7-9fc0-4f57ccbd9967@group-5FF82F29B6C0: changes role from CANDIDATE to FOLLOWER at term 123 for DISCOVERED_A_NEW_TERM
2019-10-15 03:19:20,894 [4c6a16c4-95d2-4ef7-9fc0-4f57ccbd9967@group-5FF82F29B6C0-LeaderElection121] INFO  impl.RoleInfo (RoleInfo.java:shutdownLeaderElection(134)) - 4c6a16c4-95d2-4ef7-9fc0-4f57ccbd9967: shutdown LeaderElection
2019-10-15 03:19:20,894 [4c6a16c4-95d2-4ef7-9fc0-4f57ccbd9967@group-5FF82F29B6C0-LeaderElection121] INFO  impl.RoleInfo (RoleInfo.java:updateAndGet(143)) - 4c6a16c4-95d2-4ef7-9fc0-4f57ccbd9967: start FollowerState
2019-10-15 03:19:20,987 [Thread-1143] INFO  impl.FollowerState (FollowerState.java:run(108)) - 4c6a16c4-95d2-4ef7-9fc0-4f57ccbd9967@group-5FF82F29B6C0-FollowerState: change to CANDIDATE, lastRpcTime:92ms, electionTimeout:92ms
2019-10-15 03:19:20,987 [Thread-1143] INFO  impl.RoleInfo (RoleInfo.java:shutdownFollowerState(121)) - 4c6a16c4-95d2-4ef7-9fc0-4f57ccbd9967: shutdown FollowerState
2019-10-15 03:19:20,987 [Thread-1143] INFO  impl.RaftServerImpl (RaftServerImpl.java:setRole(184)) - 4c6a16c4-95d2-4ef7-9fc0-4f57ccbd9967@group-5FF82F29B6C0: changes role from  FOLLOWER to CANDIDATE at term 123 for changeToCandidate
2019-10-15 03:19:20,987 [Thread-1143] INFO  impl.RoleInfo (RoleInfo.java:updateAndGet(143)) - 4c6a16c4-95d2-4ef7-9fc0-4f57ccbd9967: start LeaderElection
2019-10-15 03:19:21,013 [4c6a16c4-95d2-4ef7-9fc0-4f57ccbd9967@group-5FF82F29B6C0-LeaderElection122] INFO  impl.LeaderElection (LeaderElection.java:askForVotes(178)) - 4c6a16c4-95d2-4ef7-9fc0-4f57ccbd9967@group-5FF82F29B6C0-LeaderElection122: begin an election at term 124 for -1: [4c6a16c4-95d2-4ef7-9fc0-4f57ccbd9967:192.168.5.131:39112, 742c26a8-c271-430a-a05a-c8bba3fa6d96:192.168.5.131:42235, a910346c-1ee2-4cdc-a6d8-644a3a4f0b7f:192.168.5.131:38193], old=null
2019-10-15 03:19:21,016 [grpc-default-executor-6] INFO  impl.RaftServerImpl (RaftServerImpl.java:setRole(184)) - 742c26a8-c271-430a-a05a-c8bba3fa6d96@group-5FF82F29B6C0: changes role from  FOLLOWER to FOLLOWER at term 124 for recognizeCandidate:4c6a16c4-95d2-4ef7-9fc0-4f57ccbd9967
2019-10-15 03:19:21,016 [grpc-default-executor-5] INFO  impl.RaftServerImpl (RaftServerImpl.java:setRole(184)) - a910346c-1ee2-4cdc-a6d8-644a3a4f0b7f@group-5FF82F29B6C0: changes role from  FOLLOWER to FOLLOWER at term 124 for recognizeCandidate:4c6a16c4-95d2-4ef7-9fc0-4f57ccbd9967
2019-10-15 03:19:21,016 [grpc-default-executor-6] INFO  impl.RoleInfo (RoleInfo.java:shutdownFollowerState(121)) - 742c26a8-c271-430a-a05a-c8bba3fa6d96: shutdown FollowerState
2019-10-15 03:19:21,016 [grpc-default-executor-5] INFO  impl.RoleInfo (RoleInfo.java:shutdownFollowerState(121)) - a910346c-1ee2-4cdc-a6d8-644a3a4f0b7f: shutdown FollowerState
2019-10-15 03:19:21,016 [Thread-1142] INFO  impl.FollowerState (FollowerState.java:run(117)) - 742c26a8-c271-430a-a05a-c8bba3fa6d96@group-5FF82F29B6C0-FollowerState was interrupted: java.lang.InterruptedException: sleep interrupted
2019-10-15 03:19:21,016 [grpc-default-executor-6] INFO  impl.RoleInfo (RoleInfo.java:updateAndGet(143)) - 742c26a8-c271-430a-a05a-c8bba3fa6d96: start FollowerState
2019-10-15 03:19:21,016 [Thread-1141] INFO  impl.FollowerState (FollowerState.java:run(117)) - a910346c-1ee2-4cdc-a6d8-644a3a4f0b7f@group-5FF82F29B6C0-FollowerState was interrupted: java.lang.InterruptedException: sleep interrupted
2019-10-15 03:19:21,016 [grpc-default-executor-5] INFO  impl.RoleInfo (RoleInfo.java:updateAndGet(143)) - a910346c-1ee2-4cdc-a6d8-644a3a4f0b7f: start FollowerState
2019-10-15 03:19:21,042 [4c6a16c4-95d2-4ef7-9fc0-4f57ccbd9967@group-5FF82F29B6C0-LeaderElection122] INFO  impl.LeaderElection (LeaderElection.java:logAndReturn(56)) - 4c6a16c4-95d2-4ef7-9fc0-4f57ccbd9967@group-5FF82F29B6C0-LeaderElection122: Election REJECTED; received 2 response(s) [4c6a16c4-95d2-4ef7-9fc0-4f57ccbd9967<-742c26a8-c271-430a-a05a-c8bba3fa6d96#0:FAIL-t124, 4c6a16c4-95d2-4ef7-9fc0-4f57ccbd9967<-a910346c-1ee2-4cdc-a6d8-644a3a4f0b7f#0:FAIL-t124] and 0 exception(s); 4c6a16c4-95d2-4ef7-9fc0-4f57ccbd9967@group-5FF82F29B6C0:t124, leader=null, voted=4c6a16c4-95d2-4ef7-9fc0-4f57ccbd9967, raftlog=4c6a16c4-95d2-4ef7-9fc0-4f57ccbd9967@group-5FF82F29B6C0-SegmentedRaftLog:OPENED:c-1,f-1,i0, conf=-1: [4c6a16c4-95d2-4ef7-9fc0-4f57ccbd9967:192.168.5.131:39112, 742c26a8-c271-430a-a05a-c8bba3fa6d96:192.168.5.131:42235, a910346c-1ee2-4cdc-a6d8-644a3a4f0b7f:192.168.5.131:38193], old=null
2019-10-15 03:19:21,042 [4c6a16c4-95d2-4ef7-9fc0-4f57ccbd9967@group-5FF82F29B6C0-LeaderElection122] INFO  impl.RaftServerImpl (RaftServerImpl.java:setRole(184)) - 4c6a16c4-95d2-4ef7-9fc0-4f57ccbd9967@group-5FF82F29B6C0: changes role from CANDIDATE to FOLLOWER at term 124 for DISCOVERED_A_NEW_TERM
2019-10-15 03:19:21,042 [4c6a16c4-95d2-4ef7-9fc0-4f57ccbd9967@group-5FF82F29B6C0-LeaderElection122] INFO  impl.RoleInfo (RoleInfo.java:shutdownLeaderElection(134)) - 4c6a16c4-95d2-4ef7-9fc0-4f57ccbd9967: shutdown LeaderElection
2019-10-15 03:19:21,043 [4c6a16c4-95d2-4ef7-9fc0-4f57ccbd9967@group-5FF82F29B6C0-LeaderElection122] INFO  impl.RoleInfo (RoleInfo.java:updateAndGet(143)) - 4c6a16c4-95d2-4ef7-9fc0-4f57ccbd9967: start FollowerState
2019-10-15 03:19:21,099 [Thread-1151] INFO  impl.FollowerState (FollowerState.java:run(108)) - 4c6a16c4-95d2-4ef7-9fc0-4f57ccbd9967@group-5FF82F29B6C0-FollowerState: change to CANDIDATE, lastRpcTime:56ms, electionTimeout:56ms
2019-10-15 03:19:21,099 [Thread-1151] INFO  impl.RoleInfo (RoleInfo.java:shutdownFollowerState(121)) - 4c6a16c4-95d2-4ef7-9fc0-4f57ccbd9967: shutdown FollowerState
2019-10-15 03:19:21,099 [Thread-1151] INFO  impl.RaftServerImpl (RaftServerImpl.java:setRole(184)) - 4c6a16c4-95d2-4ef7-9fc0-4f57ccbd9967@group-5FF82F29B6C0: changes role from  FOLLOWER to CANDIDATE at term 124 for changeToCandidate
2019-10-15 03:19:21,099 [Thread-1151] INFO  impl.RoleInfo (RoleInfo.java:updateAndGet(143)) - 4c6a16c4-95d2-4ef7-9fc0-4f57ccbd9967: start LeaderElection
2019-10-15 03:19:21,113 [4c6a16c4-95d2-4ef7-9fc0-4f57ccbd9967@group-5FF82F29B6C0-LeaderElection123] INFO  impl.LeaderElection (LeaderElection.java:askForVotes(178)) - 4c6a16c4-95d2-4ef7-9fc0-4f57ccbd9967@group-5FF82F29B6C0-LeaderElection123: begin an election at term 125 for -1: [4c6a16c4-95d2-4ef7-9fc0-4f57ccbd9967:192.168.5.131:39112, 742c26a8-c271-430a-a05a-c8bba3fa6d96:192.168.5.131:42235, a910346c-1ee2-4cdc-a6d8-644a3a4f0b7f:192.168.5.131:38193], old=null
2019-10-15 03:19:21,115 [grpc-default-executor-6] INFO  impl.RaftServerImpl (RaftServerImpl.java:setRole(184)) - 742c26a8-c271-430a-a05a-c8bba3fa6d96@group-5FF82F29B6C0: changes role from  FOLLOWER to FOLLOWER at term 125 for recognizeCandidate:4c6a16c4-95d2-4ef7-9fc0-4f57ccbd9967
2019-10-15 03:19:21,115 [grpc-default-executor-5] INFO  impl.RaftServerImpl (RaftServerImpl.java:setRole(184)) - a910346c-1ee2-4cdc-a6d8-644a3a4f0b7f@group-5FF82F29B6C0: changes role from  FOLLOWER to FOLLOWER at term 125 for recognizeCandidate:4c6a16c4-95d2-4ef7-9fc0-4f57ccbd9967
2019-10-15 03:19:21,115 [grpc-default-executor-6] INFO  impl.RoleInfo (RoleInfo.java:shutdownFollowerState(121)) - 742c26a8-c271-430a-a05a-c8bba3fa6d96: shutdown FollowerState
2019-10-15 03:19:21,115 [grpc-default-executor-5] INFO  impl.RoleInfo (RoleInfo.java:shutdownFollowerState(121)) - a910346c-1ee2-4cdc-a6d8-644a3a4f0b7f: shutdown FollowerState
2019-10-15 03:19:21,116 [grpc-default-executor-6] INFO  impl.RoleInfo (RoleInfo.java:updateAndGet(143)) - 742c26a8-c271-430a-a05a-c8bba3fa6d96: start FollowerState
2019-10-15 03:19:21,116 [Thread-1150] INFO  impl.FollowerState (FollowerState.java:run(117)) - a910346c-1ee2-4cdc-a6d8-644a3a4f0b7f@group-5FF82F29B6C0-FollowerState was interrupted: java.lang.InterruptedException: sleep interrupted
2019-10-15 03:19:21,116 [grpc-default-executor-5] INFO  impl.RoleInfo (RoleInfo.java:updateAndGet(143)) - a910346c-1ee2-4cdc-a6d8-644a3a4f0b7f: start FollowerState
2019-10-15 03:19:21,116 [Thread-1149] INFO  impl.FollowerState (FollowerState.java:run(117)) - 742c26a8-c271-430a-a05a-c8bba3fa6d96@group-5FF82F29B6C0-FollowerState was interrupted: java.lang.InterruptedException: sleep interrupted
2019-10-15 03:19:21,141 [4c6a16c4-95d2-4ef7-9fc0-4f57ccbd9967@group-5FF82F29B6C0-LeaderElection123] INFO  impl.LeaderElection (LeaderElection.java:logAndReturn(56)) - 4c6a16c4-95d2-4ef7-9fc0-4f57ccbd9967@group-5FF82F29B6C0-LeaderElection123: Election REJECTED; received 2 response(s) [4c6a16c4-95d2-4ef7-9fc0-4f57ccbd9967<-742c26a8-c271-430a-a05a-c8bba3fa6d96#0:FAIL-t125, 4c6a16c4-95d2-4ef7-9fc0-4f57ccbd9967<-a910346c-1ee2-4cdc-a6d8-644a3a4f0b7f#0:FAIL-t125] and 0 exception(s); 4c6a16c4-95d2-4ef7-9fc0-4f57ccbd9967@group-5FF82F29B6C0:t125, leader=null, voted=4c6a16c4-95d2-4ef7-9fc0-4f57ccbd9967, raftlog=4c6a16c4-95d2-4ef7-9fc0-4f57ccbd9967@group-5FF82F29B6C0-SegmentedRaftLog:OPENED:c-1,f-1,i0, conf=-1: [4c6a16c4-95d2-4ef7-9fc0-4f57ccbd9967:192.168.5.131:39112, 742c26a8-c271-430a-a05a-c8bba3fa6d96:192.168.5.131:42235, a910346c-1ee2-4cdc-a6d8-644a3a4f0b7f:192.168.5.131:38193], old=null
2019-10-15 03:19:21,141 [4c6a16c4-95d2-4ef7-9fc0-4f57ccbd9967@group-5FF82F29B6C0-LeaderElection123] INFO  impl.RaftServerImpl (RaftServerImpl.java:setRole(184)) - 4c6a16c4-95d2-4ef7-9fc0-4f57ccbd9967@group-5FF82F29B6C0: changes role from CANDIDATE to FOLLOWER at term 125 for DISCOVERED_A_NEW_TERM
2019-10-15 03:19:21,141 [4c6a16c4-95d2-4ef7-9fc0-4f57ccbd9967@group-5FF82F29B6C0-LeaderElection123] INFO  impl.RoleInfo (RoleInfo.java:shutdownLeaderElection(134)) - 4c6a16c4-95d2-4ef7-9fc0-4f57ccbd9967: shutdown LeaderElection
2019-10-15 03:19:21,141 [4c6a16c4-95d2-4ef7-9fc0-4f57ccbd9967@group-5FF82F29B6C0-LeaderElection123] INFO  impl.RoleInfo (RoleInfo.java:updateAndGet(143)) - 4c6a16c4-95d2-4ef7-9fc0-4f57ccbd9967: start FollowerState
2019-10-15 03:19:21,301 [Thread-1157] INFO  impl.FollowerState (FollowerState.java:run(108)) - 4c6a16c4-95d2-4ef7-9fc0-4f57ccbd9967@group-5FF82F29B6C0-FollowerState: change to CANDIDATE, lastRpcTime:159ms, electionTimeout:159ms
2019-10-15 03:19:21,301 [Thread-1157] INFO  impl.RoleInfo (RoleInfo.java:shutdownFollowerState(121)) - 4c6a16c4-95d2-4ef7-9fc0-4f57ccbd9967: shutdown FollowerState
2019-10-15 03:19:21,301 [Thread-1157] INFO  impl.RaftServerImpl (RaftServerImpl.java:setRole(184)) - 4c6a16c4-95d2-4ef7-9fc0-4f57ccbd9967@group-5FF82F29B6C0: changes role from  FOLLOWER to CANDIDATE at term 125 for changeToCandidate
2019-10-15 03:19:21,302 [Thread-1157] INFO  impl.RoleInfo (RoleInfo.java:updateAndGet(143)) - 4c6a16c4-95d2-4ef7-9fc0-4f57ccbd9967: start LeaderElection
2019-10-15 03:19:21,325 [4c6a16c4-95d2-4ef7-9fc0-4f57ccbd9967@group-5FF82F29B6C0-LeaderElection124] INFO  impl.LeaderElection (LeaderElection.java:askForVotes(178)) - 4c6a16c4-95d2-4ef7-9fc0-4f57ccbd9967@group-5FF82F29B6C0-LeaderElection124: begin an election at term 126 for -1: [4c6a16c4-95d2-4ef7-9fc0-4f57ccbd9967:192.168.5.131:39112, 742c26a8-c271-430a-a05a-c8bba3fa6d96:192.168.5.131:42235, a910346c-1ee2-4cdc-a6d8-644a3a4f0b7f:192.168.5.131:38193], old=null
2019-10-15 03:19:21,327 [grpc-default-executor-6] INFO  impl.RaftServerImpl (RaftServerImpl.java:setRole(184)) - a910346c-1ee2-4cdc-a6d8-644a3a4f0b7f@group-5FF82F29B6C0: changes role from  FOLLOWER to FOLLOWER at term 126 for recognizeCandidate:4c6a16c4-95d2-4ef7-9fc0-4f57ccbd9967
2019-10-15 03:19:21,327 [grpc-default-executor-5] INFO  impl.RaftServerImpl (RaftServerImpl.java:setRole(184)) - 742c26a8-c271-430a-a05a-c8bba3fa6d96@group-5FF82F29B6C0: changes role from  FOLLOWER to FOLLOWER at term 126 for recognizeCandidate:4c6a16c4-95d2-4ef7-9fc0-4f57ccbd9967
2019-10-15 03:19:21,328 [grpc-default-executor-6] INFO  impl.RoleInfo (RoleInfo.java:shutdownFollowerState(121)) - a910346c-1ee2-4cdc-a6d8-644a3a4f0b7f: shutdown FollowerState
2019-10-15 03:19:21,328 [grpc-default-executor-5] INFO  impl.RoleInfo (RoleInfo.java:shutdownFollowerState(121)) - 742c26a8-c271-430a-a05a-c8bba3fa6d96: shutdown FollowerState
2019-10-15 03:19:21,328 [Thread-1156] INFO  impl.FollowerState (FollowerState.java:run(117)) - a910346c-1ee2-4cdc-a6d8-644a3a4f0b7f@group-5FF82F29B6C0-FollowerState was interrupted: java.lang.InterruptedException: sleep interrupted
2019-10-15 03:19:21,328 [grpc-default-executor-6] INFO  impl.RoleInfo (RoleInfo.java:updateAndGet(143)) - a910346c-1ee2-4cdc-a6d8-644a3a4f0b7f: start FollowerState
2019-10-15 03:19:21,328 [Thread-1155] INFO  impl.FollowerState (FollowerState.java:run(117)) - 742c26a8-c271-430a-a05a-c8bba3fa6d96@group-5FF82F29B6C0-FollowerState was interrupted: java.lang.InterruptedException: sleep interrupted
2019-10-15 03:19:21,328 [grpc-default-executor-5] INFO  impl.RoleInfo (RoleInfo.java:updateAndGet(143)) - 742c26a8-c271-430a-a05a-c8bba3fa6d96: start FollowerState
2019-10-15 03:19:21,356 [4c6a16c4-95d2-4ef7-9fc0-4f57ccbd9967@group-5FF82F29B6C0-LeaderElection124] INFO  impl.LeaderElection (LeaderElection.java:logAndReturn(56)) - 4c6a16c4-95d2-4ef7-9fc0-4f57ccbd9967@group-5FF82F29B6C0-LeaderElection124: Election REJECTED; received 2 response(s) [4c6a16c4-95d2-4ef7-9fc0-4f57ccbd9967<-742c26a8-c271-430a-a05a-c8bba3fa6d96#0:FAIL-t126, 4c6a16c4-95d2-4ef7-9fc0-4f57ccbd9967<-a910346c-1ee2-4cdc-a6d8-644a3a4f0b7f#0:FAIL-t126] and 0 exception(s); 4c6a16c4-95d2-4ef7-9fc0-4f57ccbd9967@group-5FF82F29B6C0:t126, leader=null, voted=4c6a16c4-95d2-4ef7-9fc0-4f57ccbd9967, raftlog=4c6a16c4-95d2-4ef7-9fc0-4f57ccbd9967@group-5FF82F29B6C0-SegmentedRaftLog:OPENED:c-1,f-1,i0, conf=-1: [4c6a16c4-95d2-4ef7-9fc0-4f57ccbd9967:192.168.5.131:39112, 742c26a8-c271-430a-a05a-c8bba3fa6d96:192.168.5.131:42235, a910346c-1ee2-4cdc-a6d8-644a3a4f0b7f:192.168.5.131:38193], old=null
2019-10-15 03:19:21,356 [4c6a16c4-95d2-4ef7-9fc0-4f57ccbd9967@group-5FF82F29B6C0-LeaderElection124] INFO  impl.RaftServerImpl (RaftServerImpl.java:setRole(184)) - 4c6a16c4-95d2-4ef7-9fc0-4f57ccbd9967@group-5FF82F29B6C0: changes role from CANDIDATE to FOLLOWER at term 126 for DISCOVERED_A_NEW_TERM
2019-10-15 03:19:21,356 [4c6a16c4-95d2-4ef7-9fc0-4f57ccbd9967@group-5FF82F29B6C0-LeaderElection124] INFO  impl.RoleInfo (RoleInfo.java:shutdownLeaderElection(134)) - 4c6a16c4-95d2-4ef7-9fc0-4f57ccbd9967: shutdown LeaderElection
2019-10-15 03:19:21,356 [4c6a16c4-95d2-4ef7-9fc0-4f57ccbd9967@group-5FF82F29B6C0-LeaderElection124] INFO  impl.RoleInfo (RoleInfo.java:updateAndGet(143)) - 4c6a16c4-95d2-4ef7-9fc0-4f57ccbd9967: start FollowerState
2019-10-15 03:19:21,392 [Thread-1163] INFO  impl.FollowerState (FollowerState.java:run(108)) - 4c6a16c4-95d2-4ef7-9fc0-4f57ccbd9967@group-5FF82F29B6C0-FollowerState: change to CANDIDATE, lastRpcTime:35ms, electionTimeout:35ms
2019-10-15 03:19:21,392 [Thread-1163] INFO  impl.RoleInfo (RoleInfo.java:shutdownFollowerState(121)) - 4c6a16c4-95d2-4ef7-9fc0-4f57ccbd9967: shutdown FollowerState
2019-10-15 03:19:21,392 [Thread-1163] INFO  impl.RaftServerImpl (RaftServerImpl.java:setRole(184)) - 4c6a16c4-95d2-4ef7-9fc0-4f57ccbd9967@group-5FF82F29B6C0: changes role from  FOLLOWER to CANDIDATE at term 126 for changeToCandidate
2019-10-15 03:19:21,392 [Thread-1163] INFO  impl.RoleInfo (RoleInfo.java:updateAndGet(143)) - 4c6a16c4-95d2-4ef7-9fc0-4f57ccbd9967: start LeaderElection
2019-10-15 03:19:21,422 [4c6a16c4-95d2-4ef7-9fc0-4f57ccbd9967@group-5FF82F29B6C0-LeaderElection125] INFO  impl.LeaderElection (LeaderElection.java:askForVotes(178)) - 4c6a16c4-95d2-4ef7-9fc0-4f57ccbd9967@group-5FF82F29B6C0-LeaderElection125: begin an election at term 127 for -1: [4c6a16c4-95d2-4ef7-9fc0-4f57ccbd9967:192.168.5.131:39112, 742c26a8-c271-430a-a05a-c8bba3fa6d96:192.168.5.131:42235, a910346c-1ee2-4cdc-a6d8-644a3a4f0b7f:192.168.5.131:38193], old=null
2019-10-15 03:19:21,425 [grpc-default-executor-5] INFO  impl.RaftServerImpl (RaftServerImpl.java:setRole(184)) - 742c26a8-c271-430a-a05a-c8bba3fa6d96@group-5FF82F29B6C0: changes role from  FOLLOWER to FOLLOWER at term 127 for recognizeCandidate:4c6a16c4-95d2-4ef7-9fc0-4f57ccbd9967
2019-10-15 03:19:21,425 [grpc-default-executor-5] INFO  impl.RoleInfo (RoleInfo.java:shutdownFollowerState(121)) - 742c26a8-c271-430a-a05a-c8bba3fa6d96: shutdown FollowerState
2019-10-15 03:19:21,425 [grpc-default-executor-4] INFO  impl.RaftServerImpl (RaftServerImpl.java:setRole(184)) - a910346c-1ee2-4cdc-a6d8-644a3a4f0b7f@group-5FF82F29B6C0: changes role from  FOLLOWER to FOLLOWER at term 127 for recognizeCandidate:4c6a16c4-95d2-4ef7-9fc0-4f57ccbd9967
2019-10-15 03:19:21,425 [Thread-1162] INFO  impl.FollowerState (FollowerState.java:run(117)) - 742c26a8-c271-430a-a05a-c8bba3fa6d96@group-5FF82F29B6C0-FollowerState was interrupted: java.lang.InterruptedException: sleep interrupted
2019-10-15 03:19:21,425 [grpc-default-executor-5] INFO  impl.RoleInfo (RoleInfo.java:updateAndGet(143)) - 742c26a8-c271-430a-a05a-c8bba3fa6d96: start FollowerState
2019-10-15 03:19:21,425 [grpc-default-executor-4] INFO  impl.RoleInfo (RoleInfo.java:shutdownFollowerState(121)) - a910346c-1ee2-4cdc-a6d8-644a3a4f0b7f: shutdown FollowerState
2019-10-15 03:19:21,428 [grpc-default-executor-4] INFO  impl.RoleInfo (RoleInfo.java:updateAndGet(143)) - a910346c-1ee2-4cdc-a6d8-644a3a4f0b7f: start FollowerState
2019-10-15 03:19:21,428 [Thread-1161] INFO  impl.FollowerState (FollowerState.java:run(117)) - a910346c-1ee2-4cdc-a6d8-644a3a4f0b7f@group-5FF82F29B6C0-FollowerState was interrupted: java.lang.InterruptedException: sleep interrupted
2019-10-15 03:19:21,466 [4c6a16c4-95d2-4ef7-9fc0-4f57ccbd9967@group-5FF82F29B6C0-LeaderElection125] INFO  impl.LeaderElection (LeaderElection.java:logAndReturn(56)) - 4c6a16c4-95d2-4ef7-9fc0-4f57ccbd9967@group-5FF82F29B6C0-LeaderElection125: Election REJECTED; received 2 response(s) [4c6a16c4-95d2-4ef7-9fc0-4f57ccbd9967<-742c26a8-c271-430a-a05a-c8bba3fa6d96#0:FAIL-t127, 4c6a16c4-95d2-4ef7-9fc0-4f57ccbd9967<-a910346c-1ee2-4cdc-a6d8-644a3a4f0b7f#0:FAIL-t127] and 0 exception(s); 4c6a16c4-95d2-4ef7-9fc0-4f57ccbd9967@group-5FF82F29B6C0:t127, leader=null, voted=4c6a16c4-95d2-4ef7-9fc0-4f57ccbd9967, raftlog=4c6a16c4-95d2-4ef7-9fc0-4f57ccbd9967@group-5FF82F29B6C0-SegmentedRaftLog:OPENED:c-1,f-1,i0, conf=-1: [4c6a16c4-95d2-4ef7-9fc0-4f57ccbd9967:192.168.5.131:39112, 742c26a8-c271-430a-a05a-c8bba3fa6d96:192.168.5.131:42235, a910346c-1ee2-4cdc-a6d8-644a3a4f0b7f:192.168.5.131:38193], old=null
2019-10-15 03:19:21,466 [4c6a16c4-95d2-4ef7-9fc0-4f57ccbd9967@group-5FF82F29B6C0-LeaderElection125] INFO  impl.RaftServerImpl (RaftServerImpl.java:setRole(184)) - 4c6a16c4-95d2-4ef7-9fc0-4f57ccbd9967@group-5FF82F29B6C0: changes role from CANDIDATE to FOLLOWER at term 127 for DISCOVERED_A_NEW_TERM
2019-10-15 03:19:21,466 [4c6a16c4-95d2-4ef7-9fc0-4f57ccbd9967@group-5FF82F29B6C0-LeaderElection125] INFO  impl.RoleInfo (RoleInfo.java:shutdownLeaderElection(134)) - 4c6a16c4-95d2-4ef7-9fc0-4f57ccbd9967: shutdown LeaderElection
2019-10-15 03:19:21,466 [4c6a16c4-95d2-4ef7-9fc0-4f57ccbd9967@group-5FF82F29B6C0-LeaderElection125] INFO  impl.RoleInfo (RoleInfo.java:updateAndGet(143)) - 4c6a16c4-95d2-4ef7-9fc0-4f57ccbd9967: start FollowerState
2019-10-15 03:19:21,607 [Thread-1173] INFO  impl.FollowerState (FollowerState.java:run(108)) - 4c6a16c4-95d2-4ef7-9fc0-4f57ccbd9967@group-5FF82F29B6C0-FollowerState: change to CANDIDATE, lastRpcTime:141ms, electionTimeout:141ms
2019-10-15 03:19:21,608 [Thread-1173] INFO  impl.RoleInfo (RoleInfo.java:shutdownFollowerState(121)) - 4c6a16c4-95d2-4ef7-9fc0-4f57ccbd9967: shutdown FollowerState
2019-10-15 03:19:21,608 [Thread-1173] INFO  impl.RaftServerImpl (RaftServerImpl.java:setRole(184)) - 4c6a16c4-95d2-4ef7-9fc0-4f57ccbd9967@group-5FF82F29B6C0: changes role from  FOLLOWER to CANDIDATE at term 127 for changeToCandidate
2019-10-15 03:19:21,608 [Thread-1173] INFO  impl.RoleInfo (RoleInfo.java:updateAndGet(143)) - 4c6a16c4-95d2-4ef7-9fc0-4f57ccbd9967: start LeaderElection
2019-10-15 03:19:21,634 [4c6a16c4-95d2-4ef7-9fc0-4f57ccbd9967@group-5FF82F29B6C0-LeaderElection126] INFO  impl.LeaderElection (LeaderElection.java:askForVotes(178)) - 4c6a16c4-95d2-4ef7-9fc0-4f57ccbd9967@group-5FF82F29B6C0-LeaderElection126: begin an election at term 128 for -1: [4c6a16c4-95d2-4ef7-9fc0-4f57ccbd9967:192.168.5.131:39112, 742c26a8-c271-430a-a05a-c8bba3fa6d96:192.168.5.131:42235, a910346c-1ee2-4cdc-a6d8-644a3a4f0b7f:192.168.5.131:38193], old=null
2019-10-15 03:19:21,637 [grpc-default-executor-4] INFO  impl.RaftServerImpl (RaftServerImpl.java:setRole(184)) - 742c26a8-c271-430a-a05a-c8bba3fa6d96@group-5FF82F29B6C0: changes role from  FOLLOWER to FOLLOWER at term 128 for recognizeCandidate:4c6a16c4-95d2-4ef7-9fc0-4f57ccbd9967
2019-10-15 03:19:21,637 [grpc-default-executor-5] INFO  impl.RaftServerImpl (RaftServerImpl.java:setRole(184)) - a910346c-1ee2-4cdc-a6d8-644a3a4f0b7f@group-5FF82F29B6C0: changes role from  FOLLOWER to FOLLOWER at term 128 for recognizeCandidate:4c6a16c4-95d2-4ef7-9fc0-4f57ccbd9967
2019-10-15 03:19:21,637 [grpc-default-executor-4] INFO  impl.RoleInfo (RoleInfo.java:shutdownFollowerState(121)) - 742c26a8-c271-430a-a05a-c8bba3fa6d96: shutdown FollowerState
2019-10-15 03:19:21,638 [grpc-default-executor-5] INFO  impl.RoleInfo (RoleInfo.java:shutdownFollowerState(121)) - a910346c-1ee2-4cdc-a6d8-644a3a4f0b7f: shutdown FollowerState
2019-10-15 03:19:21,638 [Thread-1170] INFO  impl.FollowerState (FollowerState.java:run(117)) - 742c26a8-c271-430a-a05a-c8bba3fa6d96@group-5FF82F29B6C0-FollowerState was interrupted: java.lang.InterruptedException: sleep interrupted
2019-10-15 03:19:21,638 [grpc-default-executor-4] INFO  impl.RoleInfo (RoleInfo.java:updateAndGet(143)) - 742c26a8-c271-430a-a05a-c8bba3fa6d96: start FollowerState
2019-10-15 03:19:21,638 [Thread-1172] INFO  impl.FollowerState (FollowerState.java:run(117)) - a910346c-1ee2-4cdc-a6d8-644a3a4f0b7f@group-5FF82F29B6C0-FollowerState was interrupted: java.lang.InterruptedException: sleep interrupted
2019-10-15 03:19:21,638 [grpc-default-executor-5] INFO  impl.RoleInfo (RoleInfo.java:updateAndGet(143)) - a910346c-1ee2-4cdc-a6d8-644a3a4f0b7f: start FollowerState
2019-10-15 03:19:21,655 [4c6a16c4-95d2-4ef7-9fc0-4f57ccbd9967@group-5FF82F29B6C0-LeaderElection126] INFO  impl.LeaderElection (LeaderElection.java:logAndReturn(56)) - 4c6a16c4-95d2-4ef7-9fc0-4f57ccbd9967@group-5FF82F29B6C0-LeaderElection126: Election REJECTED; received 2 response(s) [4c6a16c4-95d2-4ef7-9fc0-4f57ccbd9967<-742c26a8-c271-430a-a05a-c8bba3fa6d96#0:FAIL-t128, 4c6a16c4-95d2-4ef7-9fc0-4f57ccbd9967<-a910346c-1ee2-4cdc-a6d8-644a3a4f0b7f#0:FAIL-t128] and 0 exception(s); 4c6a16c4-95d2-4ef7-9fc0-4f57ccbd9967@group-5FF82F29B6C0:t128, leader=null, voted=4c6a16c4-95d2-4ef7-9fc0-4f57ccbd9967, raftlog=4c6a16c4-95d2-4ef7-9fc0-4f57ccbd9967@group-5FF82F29B6C0-SegmentedRaftLog:OPENED:c-1,f-1,i0, conf=-1: [4c6a16c4-95d2-4ef7-9fc0-4f57ccbd9967:192.168.5.131:39112, 742c26a8-c271-430a-a05a-c8bba3fa6d96:192.168.5.131:42235, a910346c-1ee2-4cdc-a6d8-644a3a4f0b7f:192.168.5.131:38193], old=null
2019-10-15 03:19:21,655 [4c6a16c4-95d2-4ef7-9fc0-4f57ccbd9967@group-5FF82F29B6C0-LeaderElection126] INFO  impl.RaftServerImpl (RaftServerImpl.java:setRole(184)) - 4c6a16c4-95d2-4ef7-9fc0-4f57ccbd9967@group-5FF82F29B6C0: changes role from CANDIDATE to FOLLOWER at term 128 for DISCOVERED_A_NEW_TERM
2019-10-15 03:19:21,655 [4c6a16c4-95d2-4ef7-9fc0-4f57ccbd9967@group-5FF82F29B6C0-LeaderElection126] INFO  impl.RoleInfo (RoleInfo.java:shutdownLeaderElection(134)) - 4c6a16c4-95d2-4ef7-9fc0-4f57ccbd9967: shutdown LeaderElection
2019-10-15 03:19:21,655 [4c6a16c4-95d2-4ef7-9fc0-4f57ccbd9967@group-5FF82F29B6C0-LeaderElection126] INFO  impl.RoleInfo (RoleInfo.java:updateAndGet(143)) - 4c6a16c4-95d2-4ef7-9fc0-4f57ccbd9967: start FollowerState
2019-10-15 03:19:21,732 [Thread-1179] INFO  impl.FollowerState (FollowerState.java:run(108)) - 4c6a16c4-95d2-4ef7-9fc0-4f57ccbd9967@group-5FF82F29B6C0-FollowerState: change to CANDIDATE, lastRpcTime:76ms, electionTimeout:76ms
2019-10-15 03:19:21,732 [Thread-1179] INFO  impl.RoleInfo (RoleInfo.java:shutdownFollowerState(121)) - 4c6a16c4-95d2-4ef7-9fc0-4f57ccbd9967: shutdown FollowerState
2019-10-15 03:19:21,732 [Thread-1179] INFO  impl.RaftServerImpl (RaftServerImpl.java:setRole(184)) - 4c6a16c4-95d2-4ef7-9fc0-4f57ccbd9967@group-5FF82F29B6C0: changes role from  FOLLOWER to CANDIDATE at term 128 for changeToCandidate
2019-10-15 03:19:21,732 [Thread-1179] INFO  impl.RoleInfo (RoleInfo.java:updateAndGet(143)) - 4c6a16c4-95d2-4ef7-9fc0-4f57ccbd9967: start LeaderElection
2019-10-15 03:19:21,757 [4c6a16c4-95d2-4ef7-9fc0-4f57ccbd9967@group-5FF82F29B6C0-LeaderElection127] INFO  impl.LeaderElection (LeaderElection.java:askForVotes(178)) - 4c6a16c4-95d2-4ef7-9fc0-4f57ccbd9967@group-5FF82F29B6C0-LeaderElection127: begin an election at term 129 for -1: [4c6a16c4-95d2-4ef7-9fc0-4f57ccbd9967:192.168.5.131:39112, 742c26a8-c271-430a-a05a-c8bba3fa6d96:192.168.5.131:42235, a910346c-1ee2-4cdc-a6d8-644a3a4f0b7f:192.168.5.131:38193], old=null
2019-10-15 03:19:21,760 [grpc-default-executor-4] INFO  impl.RaftServerImpl (RaftServerImpl.java:setRole(184)) - 742c26a8-c271-430a-a05a-c8bba3fa6d96@group-5FF82F29B6C0: changes role from  FOLLOWER to FOLLOWER at term 129 for recognizeCandidate:4c6a16c4-95d2-4ef7-9fc0-4f57ccbd9967
2019-10-15 03:19:21,760 [grpc-default-executor-5] INFO  impl.RaftServerImpl (RaftServerImpl.java:setRole(184)) - a910346c-1ee2-4cdc-a6d8-644a3a4f0b7f@group-5FF82F29B6C0: changes role from  FOLLOWER to FOLLOWER at term 129 for recognizeCandidate:4c6a16c4-95d2-4ef7-9fc0-4f57ccbd9967
2019-10-15 03:19:21,761 [grpc-default-executor-4] INFO  impl.RoleInfo (RoleInfo.java:shutdownFollowerState(121)) - 742c26a8-c271-430a-a05a-c8bba3fa6d96: shutdown FollowerState
2019-10-15 03:19:21,761 [grpc-default-executor-5] INFO  impl.RoleInfo (RoleInfo.java:shutdownFollowerState(121)) - a910346c-1ee2-4cdc-a6d8-644a3a4f0b7f: shutdown FollowerState
2019-10-15 03:19:21,761 [Thread-1177] INFO  impl.FollowerState (FollowerState.java:run(117)) - 742c26a8-c271-430a-a05a-c8bba3fa6d96@group-5FF82F29B6C0-FollowerState was interrupted: java.lang.InterruptedException: sleep interrupted
2019-10-15 03:19:21,761 [grpc-default-executor-4] INFO  impl.RoleInfo (RoleInfo.java:updateAndGet(143)) - 742c26a8-c271-430a-a05a-c8bba3fa6d96: start FollowerState
2019-10-15 03:19:21,761 [Thread-1178] INFO  impl.FollowerState (FollowerState.java:run(117)) - a910346c-1ee2-4cdc-a6d8-644a3a4f0b7f@group-5FF82F29B6C0-FollowerState was interrupted: java.lang.InterruptedException: sleep interrupted
2019-10-15 03:19:21,761 [grpc-default-executor-5] INFO  impl.RoleInfo (RoleInfo.java:updateAndGet(143)) - a910346c-1ee2-4cdc-a6d8-644a3a4f0b7f: start FollowerState
2019-10-15 03:19:21,776 [4c6a16c4-95d2-4ef7-9fc0-4f57ccbd9967@group-5FF82F29B6C0-LeaderElection127] INFO  impl.LeaderElection (LeaderElection.java:logAndReturn(56)) - 4c6a16c4-95d2-4ef7-9fc0-4f57ccbd9967@group-5FF82F29B6C0-LeaderElection127: Election REJECTED; received 2 response(s) [4c6a16c4-95d2-4ef7-9fc0-4f57ccbd9967<-742c26a8-c271-430a-a05a-c8bba3fa6d96#0:FAIL-t129, 4c6a16c4-95d2-4ef7-9fc0-4f57ccbd9967<-a910346c-1ee2-4cdc-a6d8-644a3a4f0b7f#0:FAIL-t129] and 0 exception(s); 4c6a16c4-95d2-4ef7-9fc0-4f57ccbd9967@group-5FF82F29B6C0:t129, leader=null, voted=4c6a16c4-95d2-4ef7-9fc0-4f57ccbd9967, raftlog=4c6a16c4-95d2-4ef7-9fc0-4f57ccbd9967@group-5FF82F29B6C0-SegmentedRaftLog:OPENED:c-1,f-1,i0, conf=-1: [4c6a16c4-95d2-4ef7-9fc0-4f57ccbd9967:192.168.5.131:39112, 742c26a8-c271-430a-a05a-c8bba3fa6d96:192.168.5.131:42235, a910346c-1ee2-4cdc-a6d8-644a3a4f0b7f:192.168.5.131:38193], old=null
2019-10-15 03:19:21,776 [4c6a16c4-95d2-4ef7-9fc0-4f57ccbd9967@group-5FF82F29B6C0-LeaderElection127] INFO  impl.RaftServerImpl (RaftServerImpl.java:setRole(184)) - 4c6a16c4-95d2-4ef7-9fc0-4f57ccbd9967@group-5FF82F29B6C0: changes role from CANDIDATE to FOLLOWER at term 129 for DISCOVERED_A_NEW_TERM
2019-10-15 03:19:21,777 [4c6a16c4-95d2-4ef7-9fc0-4f57ccbd9967@group-5FF82F29B6C0-LeaderElection127] INFO  impl.RoleInfo (RoleInfo.java:shutdownLeaderElection(134)) - 4c6a16c4-95d2-4ef7-9fc0-4f57ccbd9967: shutdown LeaderElection
2019-10-15 03:19:21,777 [4c6a16c4-95d2-4ef7-9fc0-4f57ccbd9967@group-5FF82F29B6C0-LeaderElection127] INFO  impl.RoleInfo (RoleInfo.java:updateAndGet(143)) - 4c6a16c4-95d2-4ef7-9fc0-4f57ccbd9967: start FollowerState
2019-10-15 03:19:21,925 [Thread-1185] INFO  impl.FollowerState (FollowerState.java:run(108)) - 4c6a16c4-95d2-4ef7-9fc0-4f57ccbd9967@group-5FF82F29B6C0-FollowerState: change to CANDIDATE, lastRpcTime:148ms, electionTimeout:148ms
2019-10-15 03:19:21,926 [Thread-1185] INFO  impl.RoleInfo (RoleInfo.java:shutdownFollowerState(121)) - 4c6a16c4-95d2-4ef7-9fc0-4f57ccbd9967: shutdown FollowerState
2019-10-15 03:19:21,926 [Thread-1185] INFO  impl.RaftServerImpl (RaftServerImpl.java:setRole(184)) - 4c6a16c4-95d2-4ef7-9fc0-4f57ccbd9967@group-5FF82F29B6C0: changes role from  FOLLOWER to CANDIDATE at term 129 for changeToCandidate
2019-10-15 03:19:21,926 [Thread-1185] INFO  impl.RoleInfo (RoleInfo.java:updateAndGet(143)) - 4c6a16c4-95d2-4ef7-9fc0-4f57ccbd9967: start LeaderElection
2019-10-15 03:19:21,941 [4c6a16c4-95d2-4ef7-9fc0-4f57ccbd9967@group-5FF82F29B6C0-LeaderElection128] INFO  impl.LeaderElection (LeaderElection.java:askForVotes(178)) - 4c6a16c4-95d2-4ef7-9fc0-4f57ccbd9967@group-5FF82F29B6C0-LeaderElection128: begin an election at term 130 for -1: [4c6a16c4-95d2-4ef7-9fc0-4f57ccbd9967:192.168.5.131:39112, 742c26a8-c271-430a-a05a-c8bba3fa6d96:192.168.5.131:42235, a910346c-1ee2-4cdc-a6d8-644a3a4f0b7f:192.168.5.131:38193], old=null
2019-10-15 03:19:21,944 [grpc-default-executor-5] INFO  impl.RaftServerImpl (RaftServerImpl.java:setRole(184)) - 742c26a8-c271-430a-a05a-c8bba3fa6d96@group-5FF82F29B6C0: changes role from  FOLLOWER to FOLLOWER at term 130 for recognizeCandidate:4c6a16c4-95d2-4ef7-9fc0-4f57ccbd9967
2019-10-15 03:19:21,944 [grpc-default-executor-5] INFO  impl.RoleInfo (RoleInfo.java:shutdownFollowerState(121)) - 742c26a8-c271-430a-a05a-c8bba3fa6d96: shutdown FollowerState
2019-10-15 03:19:21,944 [grpc-default-executor-4] INFO  impl.RaftServerImpl (RaftServerImpl.java:setRole(184)) - a910346c-1ee2-4cdc-a6d8-644a3a4f0b7f@group-5FF82F29B6C0: changes role from  FOLLOWER to FOLLOWER at term 130 for recognizeCandidate:4c6a16c4-95d2-4ef7-9fc0-4f57ccbd9967
2019-10-15 03:19:21,944 [grpc-default-executor-4] INFO  impl.RoleInfo (RoleInfo.java:shutdownFollowerState(121)) - a910346c-1ee2-4cdc-a6d8-644a3a4f0b7f: shutdown FollowerState
2019-10-15 03:19:21,944 [Thread-1183] INFO  impl.FollowerState (FollowerState.java:run(117)) - 742c26a8-c271-430a-a05a-c8bba3fa6d96@group-5FF82F29B6C0-FollowerState was interrupted: java.lang.InterruptedException: sleep interrupted
2019-10-15 03:19:21,944 [grpc-default-executor-5] INFO  impl.RoleInfo (RoleInfo.java:updateAndGet(143)) - 742c26a8-c271-430a-a05a-c8bba3fa6d96: start FollowerState
2019-10-15 03:19:21,944 [Thread-1184] INFO  impl.FollowerState (FollowerState.java:run(117)) - a910346c-1ee2-4cdc-a6d8-644a3a4f0b7f@group-5FF82F29B6C0-FollowerState was interrupted: java.lang.InterruptedException: sleep interrupted
2019-10-15 03:19:21,944 [grpc-default-executor-4] INFO  impl.RoleInfo (RoleInfo.java:updateAndGet(143)) - a910346c-1ee2-4cdc-a6d8-644a3a4f0b7f: start FollowerState
2019-10-15 03:19:21,960 [4c6a16c4-95d2-4ef7-9fc0-4f57ccbd9967@group-5FF82F29B6C0-LeaderElection128] INFO  impl.LeaderElection (LeaderElection.java:logAndReturn(56)) - 4c6a16c4-95d2-4ef7-9fc0-4f57ccbd9967@group-5FF82F29B6C0-LeaderElection128: Election REJECTED; received 2 response(s) [4c6a16c4-95d2-4ef7-9fc0-4f57ccbd9967<-742c26a8-c271-430a-a05a-c8bba3fa6d96#0:FAIL-t130, 4c6a16c4-95d2-4ef7-9fc0-4f57ccbd9967<-a910346c-1ee2-4cdc-a6d8-644a3a4f0b7f#0:FAIL-t130] and 0 exception(s); 4c6a16c4-95d2-4ef7-9fc0-4f57ccbd9967@group-5FF82F29B6C0:t130, leader=null, voted=4c6a16c4-95d2-4ef7-9fc0-4f57ccbd9967, raftlog=4c6a16c4-95d2-4ef7-9fc0-4f57ccbd9967@group-5FF82F29B6C0-SegmentedRaftLog:OPENED:c-1,f-1,i0, conf=-1: [4c6a16c4-95d2-4ef7-9fc0-4f57ccbd9967:192.168.5.131:39112, 742c26a8-c271-430a-a05a-c8bba3fa6d96:192.168.5.131:42235, a910346c-1ee2-4cdc-a6d8-644a3a4f0b7f:192.168.5.131:38193], old=null
2019-10-15 03:19:21,960 [4c6a16c4-95d2-4ef7-9fc0-4f57ccbd9967@group-5FF82F29B6C0-LeaderElection128] INFO  impl.RaftServerImpl (RaftServerImpl.java:setRole(184)) - 4c6a16c4-95d2-4ef7-9fc0-4f57ccbd9967@group-5FF82F29B6C0: changes role from CANDIDATE to FOLLOWER at term 130 for DISCOVERED_A_NEW_TERM
2019-10-15 03:19:21,960 [4c6a16c4-95d2-4ef7-9fc0-4f57ccbd9967@group-5FF82F29B6C0-LeaderElection128] INFO  impl.RoleInfo (RoleInfo.java:shutdownLeaderElection(134)) - 4c6a16c4-95d2-4ef7-9fc0-4f57ccbd9967: shutdown LeaderElection
2019-10-15 03:19:21,960 [4c6a16c4-95d2-4ef7-9fc0-4f57ccbd9967@group-5FF82F29B6C0-LeaderElection128] INFO  impl.RoleInfo (RoleInfo.java:updateAndGet(143)) - 4c6a16c4-95d2-4ef7-9fc0-4f57ccbd9967: start FollowerState
2019-10-15 03:19:22,066 [Thread-1193] INFO  impl.FollowerState (FollowerState.java:run(108)) - 4c6a16c4-95d2-4ef7-9fc0-4f57ccbd9967@group-5FF82F29B6C0-FollowerState: change to CANDIDATE, lastRpcTime:105ms, electionTimeout:105ms
2019-10-15 03:19:22,066 [Thread-1193] INFO  impl.RoleInfo (RoleInfo.java:shutdownFollowerState(121)) - 4c6a16c4-95d2-4ef7-9fc0-4f57ccbd9967: shutdown FollowerState
2019-10-15 03:19:22,066 [Thread-1193] INFO  impl.RaftServerImpl (RaftServerImpl.java:setRole(184)) - 4c6a16c4-95d2-4ef7-9fc0-4f57ccbd9967@group-5FF82F29B6C0: changes role from  FOLLOWER to CANDIDATE at term 130 for changeToCandidate
2019-10-15 03:19:22,066 [Thread-1193] INFO  impl.RoleInfo (RoleInfo.java:updateAndGet(143)) - 4c6a16c4-95d2-4ef7-9fc0-4f57ccbd9967: start LeaderElection
2019-10-15 03:19:22,080 [4c6a16c4-95d2-4ef7-9fc0-4f57ccbd9967@group-5FF82F29B6C0-LeaderElection129] INFO  impl.LeaderElection (LeaderElection.java:askForVotes(178)) - 4c6a16c4-95d2-4ef7-9fc0-4f57ccbd9967@group-5FF82F29B6C0-LeaderElection129: begin an election at term 131 for -1: [4c6a16c4-95d2-4ef7-9fc0-4f57ccbd9967:192.168.5.131:39112, 742c26a8-c271-430a-a05a-c8bba3fa6d96:192.168.5.131:42235, a910346c-1ee2-4cdc-a6d8-644a3a4f0b7f:192.168.5.131:38193], old=null
2019-10-15 03:19:22,082 [grpc-default-executor-4] INFO  impl.RaftServerImpl (RaftServerImpl.java:setRole(184)) - 742c26a8-c271-430a-a05a-c8bba3fa6d96@group-5FF82F29B6C0: changes role from  FOLLOWER to FOLLOWER at term 131 for recognizeCandidate:4c6a16c4-95d2-4ef7-9fc0-4f57ccbd9967
2019-10-15 03:19:22,082 [grpc-default-executor-4] INFO  impl.RoleInfo (RoleInfo.java:shutdownFollowerState(121)) - 742c26a8-c271-430a-a05a-c8bba3fa6d96: shutdown FollowerState
2019-10-15 03:19:22,082 [grpc-default-executor-5] INFO  impl.RaftServerImpl (RaftServerImpl.java:setRole(184)) - a910346c-1ee2-4cdc-a6d8-644a3a4f0b7f@group-5FF82F29B6C0: changes role from  FOLLOWER to FOLLOWER at term 131 for recognizeCandidate:4c6a16c4-95d2-4ef7-9fc0-4f57ccbd9967
2019-10-15 03:19:22,082 [Thread-1191] INFO  impl.FollowerState (FollowerState.java:run(117)) - 742c26a8-c271-430a-a05a-c8bba3fa6d96@group-5FF82F29B6C0-FollowerState was interrupted: java.lang.InterruptedException: sleep interrupted
2019-10-15 03:19:22,082 [grpc-default-executor-4] INFO  impl.RoleInfo (RoleInfo.java:updateAndGet(143)) - 742c26a8-c271-430a-a05a-c8bba3fa6d96: start FollowerState
2019-10-15 03:19:22,082 [grpc-default-executor-5] INFO  impl.RoleInfo (RoleInfo.java:shutdownFollowerState(121)) - a910346c-1ee2-4cdc-a6d8-644a3a4f0b7f: shutdown FollowerState
2019-10-15 03:19:22,083 [grpc-default-executor-5] INFO  impl.RoleInfo (RoleInfo.java:updateAndGet(143)) - a910346c-1ee2-4cdc-a6d8-644a3a4f0b7f: start FollowerState
2019-10-15 03:19:22,083 [Thread-1192] INFO  impl.FollowerState (FollowerState.java:run(117)) - a910346c-1ee2-4cdc-a6d8-644a3a4f0b7f@group-5FF82F29B6C0-FollowerState was interrupted: java.lang.InterruptedException: sleep interrupted
2019-10-15 03:19:22,098 [4c6a16c4-95d2-4ef7-9fc0-4f57ccbd9967@group-5FF82F29B6C0-LeaderElection129] INFO  impl.LeaderElection (LeaderElection.java:logAndReturn(56)) - 4c6a16c4-95d2-4ef7-9fc0-4f57ccbd9967@group-5FF82F29B6C0-LeaderElection129: Election REJECTED; received 2 response(s) [4c6a16c4-95d2-4ef7-9fc0-4f57ccbd9967<-742c26a8-c271-430a-a05a-c8bba3fa6d96#0:FAIL-t131, 4c6a16c4-95d2-4ef7-9fc0-4f57ccbd9967<-a910346c-1ee2-4cdc-a6d8-644a3a4f0b7f#0:FAIL-t131] and 0 exception(s); 4c6a16c4-95d2-4ef7-9fc0-4f57ccbd9967@group-5FF82F29B6C0:t131, leader=null, voted=4c6a16c4-95d2-4ef7-9fc0-4f57ccbd9967, raftlog=4c6a16c4-95d2-4ef7-9fc0-4f57ccbd9967@group-5FF82F29B6C0-SegmentedRaftLog:OPENED:c-1,f-1,i0, conf=-1: [4c6a16c4-95d2-4ef7-9fc0-4f57ccbd9967:192.168.5.131:39112, 742c26a8-c271-430a-a05a-c8bba3fa6d96:192.168.5.131:42235, a910346c-1ee2-4cdc-a6d8-644a3a4f0b7f:192.168.5.131:38193], old=null
2019-10-15 03:19:22,098 [4c6a16c4-95d2-4ef7-9fc0-4f57ccbd9967@group-5FF82F29B6C0-LeaderElection129] INFO  impl.RaftServerImpl (RaftServerImpl.java:setRole(184)) - 4c6a16c4-95d2-4ef7-9fc0-4f57ccbd9967@group-5FF82F29B6C0: changes role from CANDIDATE to FOLLOWER at term 131 for DISCOVERED_A_NEW_TERM
2019-10-15 03:19:22,098 [4c6a16c4-95d2-4ef7-9fc0-4f57ccbd9967@group-5FF82F29B6C0-LeaderElection129] INFO  impl.RoleInfo (RoleInfo.java:shutdownLeaderElection(134)) - 4c6a16c4-95d2-4ef7-9fc0-4f57ccbd9967: shutdown LeaderElection
2019-10-15 03:19:22,098 [4c6a16c4-95d2-4ef7-9fc0-4f57ccbd9967@group-5FF82F29B6C0-LeaderElection129] INFO  impl.RoleInfo (RoleInfo.java:updateAndGet(143)) - 4c6a16c4-95d2-4ef7-9fc0-4f57ccbd9967: start FollowerState
2019-10-15 03:19:22,228 [Thread-1199] INFO  impl.FollowerState (FollowerState.java:run(108)) - 4c6a16c4-95d2-4ef7-9fc0-4f57ccbd9967@group-5FF82F29B6C0-FollowerState: change to CANDIDATE, lastRpcTime:130ms, electionTimeout:130ms
2019-10-15 03:19:22,229 [Thread-1199] INFO  impl.RoleInfo (RoleInfo.java:shutdownFollowerState(121)) - 4c6a16c4-95d2-4ef7-9fc0-4f57ccbd9967: shutdown FollowerState
2019-10-15 03:19:22,229 [Thread-1199] INFO  impl.RaftServerImpl (RaftServerImpl.java:setRole(184)) - 4c6a16c4-95d2-4ef7-9fc0-4f57ccbd9967@group-5FF82F29B6C0: changes role from  FOLLOWER to CANDIDATE at term 131 for changeToCandidate
2019-10-15 03:19:22,229 [Thread-1199] INFO  impl.RoleInfo (RoleInfo.java:updateAndGet(143)) - 4c6a16c4-95d2-4ef7-9fc0-4f57ccbd9967: start LeaderElection
2019-10-15 03:19:22,375 [4c6a16c4-95d2-4ef7-9fc0-4f57ccbd9967@group-5FF82F29B6C0-LeaderElection130] INFO  impl.LeaderElection (LeaderElection.java:askForVotes(178)) - 4c6a16c4-95d2-4ef7-9fc0-4f57ccbd9967@group-5FF82F29B6C0-LeaderElection130: begin an election at term 132 for -1: [4c6a16c4-95d2-4ef7-9fc0-4f57ccbd9967:192.168.5.131:39112, 742c26a8-c271-430a-a05a-c8bba3fa6d96:192.168.5.131:42235, a910346c-1ee2-4cdc-a6d8-644a3a4f0b7f:192.168.5.131:38193], old=null
2019-10-15 03:19:22,377 [grpc-default-executor-5] INFO  impl.RaftServerImpl (RaftServerImpl.java:setRole(184)) - 742c26a8-c271-430a-a05a-c8bba3fa6d96@group-5FF82F29B6C0: changes role from  FOLLOWER to FOLLOWER at term 132 for recognizeCandidate:4c6a16c4-95d2-4ef7-9fc0-4f57ccbd9967
2019-10-15 03:19:22,377 [grpc-default-executor-4] INFO  impl.RaftServerImpl (RaftServerImpl.java:setRole(184)) - a910346c-1ee2-4cdc-a6d8-644a3a4f0b7f@group-5FF82F29B6C0: changes role from  FOLLOWER to FOLLOWER at term 132 for recognizeCandidate:4c6a16c4-95d2-4ef7-9fc0-4f57ccbd9967
2019-10-15 03:19:22,378 [grpc-default-executor-5] INFO  impl.RoleInfo (RoleInfo.java:shutdownFollowerState(121)) - 742c26a8-c271-430a-a05a-c8bba3fa6d96: shutdown FollowerState
2019-10-15 03:19:22,378 [grpc-default-executor-4] INFO  impl.RoleInfo (RoleInfo.java:shutdownFollowerState(121)) - a910346c-1ee2-4cdc-a6d8-644a3a4f0b7f: shutdown FollowerState
2019-10-15 03:19:22,378 [Thread-1197] INFO  impl.FollowerState (FollowerState.java:run(117)) - 742c26a8-c271-430a-a05a-c8bba3fa6d96@group-5FF82F29B6C0-FollowerState was interrupted: java.lang.InterruptedException: sleep interrupted
2019-10-15 03:19:22,378 [Thread-1198] INFO  impl.FollowerState (FollowerState.java:run(117)) - a910346c-1ee2-4cdc-a6d8-644a3a4f0b7f@group-5FF82F29B6C0-FollowerState was interrupted: java.lang.InterruptedException: sleep interrupted
2019-10-15 03:19:22,378 [grpc-default-executor-5] INFO  impl.RoleInfo (RoleInfo.java:updateAndGet(143)) - 742c26a8-c271-430a-a05a-c8bba3fa6d96: start FollowerState
2019-10-15 03:19:22,378 [grpc-default-executor-4] INFO  impl.RoleInfo (RoleInfo.java:updateAndGet(143)) - a910346c-1ee2-4cdc-a6d8-644a3a4f0b7f: start FollowerState
2019-10-15 03:19:22,391 [4c6a16c4-95d2-4ef7-9fc0-4f57ccbd9967@group-5FF82F29B6C0-LeaderElection130] INFO  impl.LeaderElection (LeaderElection.java:logAndReturn(56)) - 4c6a16c4-95d2-4ef7-9fc0-4f57ccbd9967@group-5FF82F29B6C0-LeaderElection130: Election REJECTED; received 2 response(s) [4c6a16c4-95d2-4ef7-9fc0-4f57ccbd9967<-742c26a8-c271-430a-a05a-c8bba3fa6d96#0:FAIL-t132, 4c6a16c4-95d2-4ef7-9fc0-4f57ccbd9967<-a910346c-1ee2-4cdc-a6d8-644a3a4f0b7f#0:FAIL-t132] and 0 exception(s); 4c6a16c4-95d2-4ef7-9fc0-4f57ccbd9967@group-5FF82F29B6C0:t132, leader=null, voted=4c6a16c4-95d2-4ef7-9fc0-4f57ccbd9967, raftlog=4c6a16c4-95d2-4ef7-9fc0-4f57ccbd9967@group-5FF82F29B6C0-SegmentedRaftLog:OPENED:c-1,f-1,i0, conf=-1: [4c6a16c4-95d2-4ef7-9fc0-4f57ccbd9967:192.168.5.131:39112, 742c26a8-c271-430a-a05a-c8bba3fa6d96:192.168.5.131:42235, a910346c-1ee2-4cdc-a6d8-644a3a4f0b7f:192.168.5.131:38193], old=null
2019-10-15 03:19:22,391 [4c6a16c4-95d2-4ef7-9fc0-4f57ccbd9967@group-5FF82F29B6C0-LeaderElection130] INFO  impl.RaftServerImpl (RaftServerImpl.java:setRole(184)) - 4c6a16c4-95d2-4ef7-9fc0-4f57ccbd9967@group-5FF82F29B6C0: changes role from CANDIDATE to FOLLOWER at term 132 for DISCOVERED_A_NEW_TERM
2019-10-15 03:19:22,391 [4c6a16c4-95d2-4ef7-9fc0-4f57ccbd9967@group-5FF82F29B6C0-LeaderElection130] INFO  impl.RoleInfo (RoleInfo.java:shutdownLeaderElection(134)) - 4c6a16c4-95d2-4ef7-9fc0-4f57ccbd9967: shutdown LeaderElection
2019-10-15 03:19:22,391 [4c6a16c4-95d2-4ef7-9fc0-4f57ccbd9967@group-5FF82F29B6C0-LeaderElection130] INFO  impl.RoleInfo (RoleInfo.java:updateAndGet(143)) - 4c6a16c4-95d2-4ef7-9fc0-4f57ccbd9967: start FollowerState
2019-10-15 03:19:22,585 [Thread-1205] INFO  impl.FollowerState (FollowerState.java:run(108)) - 4c6a16c4-95d2-4ef7-9fc0-4f57ccbd9967@group-5FF82F29B6C0-FollowerState: change to CANDIDATE, lastRpcTime:193ms, electionTimeout:193ms
2019-10-15 03:19:22,585 [Thread-1205] INFO  impl.RoleInfo (RoleInfo.java:shutdownFollowerState(121)) - 4c6a16c4-95d2-4ef7-9fc0-4f57ccbd9967: shutdown FollowerState
2019-10-15 03:19:22,585 [Thread-1205] INFO  impl.RaftServerImpl (RaftServerImpl.java:setRole(184)) - 4c6a16c4-95d2-4ef7-9fc0-4f57ccbd9967@group-5FF82F29B6C0: changes role from  FOLLOWER to CANDIDATE at term 132 for changeToCandidate
2019-10-15 03:19:22,586 [Thread-1205] INFO  impl.RoleInfo (RoleInfo.java:updateAndGet(143)) - 4c6a16c4-95d2-4ef7-9fc0-4f57ccbd9967: start LeaderElection
2019-10-15 03:19:22,599 [4c6a16c4-95d2-4ef7-9fc0-4f57ccbd9967@group-5FF82F29B6C0-LeaderElection131] INFO  impl.LeaderElection (LeaderElection.java:askForVotes(178)) - 4c6a16c4-95d2-4ef7-9fc0-4f57ccbd9967@group-5FF82F29B6C0-LeaderElection131: begin an election at term 133 for -1: [4c6a16c4-95d2-4ef7-9fc0-4f57ccbd9967:192.168.5.131:39112, 742c26a8-c271-430a-a05a-c8bba3fa6d96:192.168.5.131:42235, a910346c-1ee2-4cdc-a6d8-644a3a4f0b7f:192.168.5.131:38193], old=null
2019-10-15 03:19:22,601 [grpc-default-executor-4] INFO  impl.RaftServerImpl (RaftServerImpl.java:setRole(184)) - 742c26a8-c271-430a-a05a-c8bba3fa6d96@group-5FF82F29B6C0: changes role from  FOLLOWER to FOLLOWER at term 133 for recognizeCandidate:4c6a16c4-95d2-4ef7-9fc0-4f57ccbd9967
2019-10-15 03:19:22,602 [grpc-default-executor-5] INFO  impl.RaftServerImpl (RaftServerImpl.java:setRole(184)) - a910346c-1ee2-4cdc-a6d8-644a3a4f0b7f@group-5FF82F29B6C0: changes role from  FOLLOWER to FOLLOWER at term 133 for recognizeCandidate:4c6a16c4-95d2-4ef7-9fc0-4f57ccbd9967
2019-10-15 03:19:22,602 [grpc-default-executor-4] INFO  impl.RoleInfo (RoleInfo.java:shutdownFollowerState(121)) - 742c26a8-c271-430a-a05a-c8bba3fa6d96: shutdown FollowerState
2019-10-15 03:19:22,602 [grpc-default-executor-5] INFO  impl.RoleInfo (RoleInfo.java:shutdownFollowerState(121)) - a910346c-1ee2-4cdc-a6d8-644a3a4f0b7f: shutdown FollowerState
2019-10-15 03:19:22,602 [Thread-1203] INFO  impl.FollowerState (FollowerState.java:run(117)) - 742c26a8-c271-430a-a05a-c8bba3fa6d96@group-5FF82F29B6C0-FollowerState was interrupted: java.lang.InterruptedException: sleep interrupted
2019-10-15 03:19:22,602 [grpc-default-executor-4] INFO  impl.RoleInfo (RoleInfo.java:updateAndGet(143)) - 742c26a8-c271-430a-a05a-c8bba3fa6d96: start FollowerState
2019-10-15 03:19:22,602 [Thread-1204] INFO  impl.FollowerState (FollowerState.java:run(117)) - a910346c-1ee2-4cdc-a6d8-644a3a4f0b7f@group-5FF82F29B6C0-FollowerState was interrupted: java.lang.InterruptedException: sleep interrupted
2019-10-15 03:19:22,602 [grpc-default-executor-5] INFO  impl.RoleInfo (RoleInfo.java:updateAndGet(143)) - a910346c-1ee2-4cdc-a6d8-644a3a4f0b7f: start FollowerState
2019-10-15 03:19:22,617 [4c6a16c4-95d2-4ef7-9fc0-4f57ccbd9967@group-5FF82F29B6C0-LeaderElection131] INFO  impl.LeaderElection (LeaderElection.java:logAndReturn(56)) - 4c6a16c4-95d2-4ef7-9fc0-4f57ccbd9967@group-5FF82F29B6C0-LeaderElection131: Election REJECTED; received 2 response(s) [4c6a16c4-95d2-4ef7-9fc0-4f57ccbd9967<-742c26a8-c271-430a-a05a-c8bba3fa6d96#0:FAIL-t133, 4c6a16c4-95d2-4ef7-9fc0-4f57ccbd9967<-a910346c-1ee2-4cdc-a6d8-644a3a4f0b7f#0:FAIL-t133] and 0 exception(s); 4c6a16c4-95d2-4ef7-9fc0-4f57ccbd9967@group-5FF82F29B6C0:t133, leader=null, voted=4c6a16c4-95d2-4ef7-9fc0-4f57ccbd9967, raftlog=4c6a16c4-95d2-4ef7-9fc0-4f57ccbd9967@group-5FF82F29B6C0-SegmentedRaftLog:OPENED:c-1,f-1,i0, conf=-1: [4c6a16c4-95d2-4ef7-9fc0-4f57ccbd9967:192.168.5.131:39112, 742c26a8-c271-430a-a05a-c8bba3fa6d96:192.168.5.131:42235, a910346c-1ee2-4cdc-a6d8-644a3a4f0b7f:192.168.5.131:38193], old=null
2019-10-15 03:19:22,617 [4c6a16c4-95d2-4ef7-9fc0-4f57ccbd9967@group-5FF82F29B6C0-LeaderElection131] INFO  impl.RaftServerImpl (RaftServerImpl.java:setRole(184)) - 4c6a16c4-95d2-4ef7-9fc0-4f57ccbd9967@group-5FF82F29B6C0: changes role from CANDIDATE to FOLLOWER at term 133 for DISCOVERED_A_NEW_TERM
2019-10-15 03:19:22,617 [4c6a16c4-95d2-4ef7-9fc0-4f57ccbd9967@group-5FF82F29B6C0-LeaderElection131] INFO  impl.RoleInfo (RoleInfo.java:shutdownLeaderElection(134)) - 4c6a16c4-95d2-4ef7-9fc0-4f57ccbd9967: shutdown LeaderElection
2019-10-15 03:19:22,617 [4c6a16c4-95d2-4ef7-9fc0-4f57ccbd9967@group-5FF82F29B6C0-LeaderElection131] INFO  impl.RoleInfo (RoleInfo.java:updateAndGet(143)) - 4c6a16c4-95d2-4ef7-9fc0-4f57ccbd9967: start FollowerState
2019-10-15 03:19:22,797 [Thread-1215] INFO  impl.FollowerState (FollowerState.java:run(108)) - 4c6a16c4-95d2-4ef7-9fc0-4f57ccbd9967@group-5FF82F29B6C0-FollowerState: change to CANDIDATE, lastRpcTime:179ms, electionTimeout:179ms
2019-10-15 03:19:22,798 [Thread-1215] INFO  impl.RoleInfo (RoleInfo.java:shutdownFollowerState(121)) - 4c6a16c4-95d2-4ef7-9fc0-4f57ccbd9967: shutdown FollowerState
2019-10-15 03:19:22,798 [Thread-1215] INFO  impl.RaftServerImpl (RaftServerImpl.java:setRole(184)) - 4c6a16c4-95d2-4ef7-9fc0-4f57ccbd9967@group-5FF82F29B6C0: changes role from  FOLLOWER to CANDIDATE at term 133 for changeToCandidate
2019-10-15 03:19:22,798 [Thread-1215] INFO  impl.RoleInfo (RoleInfo.java:updateAndGet(143)) - 4c6a16c4-95d2-4ef7-9fc0-4f57ccbd9967: start LeaderElection
2019-10-15 03:19:22,813 [4c6a16c4-95d2-4ef7-9fc0-4f57ccbd9967@group-5FF82F29B6C0-LeaderElection132] INFO  impl.LeaderElection (LeaderElection.java:askForVotes(178)) - 4c6a16c4-95d2-4ef7-9fc0-4f57ccbd9967@group-5FF82F29B6C0-LeaderElection132: begin an election at term 134 for -1: [4c6a16c4-95d2-4ef7-9fc0-4f57ccbd9967:192.168.5.131:39112, 742c26a8-c271-430a-a05a-c8bba3fa6d96:192.168.5.131:42235, a910346c-1ee2-4cdc-a6d8-644a3a4f0b7f:192.168.5.131:38193], old=null
2019-10-15 03:19:22,817 [grpc-default-executor-5] INFO  impl.RaftServerImpl (RaftServerImpl.java:setRole(184)) - 742c26a8-c271-430a-a05a-c8bba3fa6d96@group-5FF82F29B6C0: changes role from  FOLLOWER to FOLLOWER at term 134 for recognizeCandidate:4c6a16c4-95d2-4ef7-9fc0-4f57ccbd9967
2019-10-15 03:19:22,817 [grpc-default-executor-4] INFO  impl.RaftServerImpl (RaftServerImpl.java:setRole(184)) - a910346c-1ee2-4cdc-a6d8-644a3a4f0b7f@group-5FF82F29B6C0: changes role from  FOLLOWER to FOLLOWER at term 134 for recognizeCandidate:4c6a16c4-95d2-4ef7-9fc0-4f57ccbd9967
2019-10-15 03:19:22,817 [grpc-default-executor-5] INFO  impl.RoleInfo (RoleInfo.java:shutdownFollowerState(121)) - 742c26a8-c271-430a-a05a-c8bba3fa6d96: shutdown FollowerState
2019-10-15 03:19:22,817 [grpc-default-executor-4] INFO  impl.RoleInfo (RoleInfo.java:shutdownFollowerState(121)) - a910346c-1ee2-4cdc-a6d8-644a3a4f0b7f: shutdown FollowerState
2019-10-15 03:19:22,817 [Thread-1213] INFO  impl.FollowerState (FollowerState.java:run(117)) - 742c26a8-c271-430a-a05a-c8bba3fa6d96@group-5FF82F29B6C0-FollowerState was interrupted: java.lang.InterruptedException: sleep interrupted
2019-10-15 03:19:22,817 [grpc-default-executor-5] INFO  impl.RoleInfo (RoleInfo.java:updateAndGet(143)) - 742c26a8-c271-430a-a05a-c8bba3fa6d96: start FollowerState
2019-10-15 03:19:22,818 [Thread-1214] INFO  impl.FollowerState (FollowerState.java:run(117)) - a910346c-1ee2-4cdc-a6d8-644a3a4f0b7f@group-5FF82F29B6C0-FollowerState was interrupted: java.lang.InterruptedException: sleep interrupted
2019-10-15 03:19:22,818 [grpc-default-executor-4] INFO  impl.RoleInfo (RoleInfo.java:updateAndGet(143)) - a910346c-1ee2-4cdc-a6d8-644a3a4f0b7f: start FollowerState
2019-10-15 03:19:22,832 [4c6a16c4-95d2-4ef7-9fc0-4f57ccbd9967@group-5FF82F29B6C0-LeaderElection132] INFO  impl.LeaderElection (LeaderElection.java:logAndReturn(56)) - 4c6a16c4-95d2-4ef7-9fc0-4f57ccbd9967@group-5FF82F29B6C0-LeaderElection132: Election REJECTED; received 2 response(s) [4c6a16c4-95d2-4ef7-9fc0-4f57ccbd9967<-742c26a8-c271-430a-a05a-c8bba3fa6d96#0:FAIL-t134, 4c6a16c4-95d2-4ef7-9fc0-4f57ccbd9967<-a910346c-1ee2-4cdc-a6d8-644a3a4f0b7f#0:FAIL-t134] and 0 exception(s); 4c6a16c4-95d2-4ef7-9fc0-4f57ccbd9967@group-5FF82F29B6C0:t134, leader=null, voted=4c6a16c4-95d2-4ef7-9fc0-4f57ccbd9967, raftlog=4c6a16c4-95d2-4ef7-9fc0-4f57ccbd9967@group-5FF82F29B6C0-SegmentedRaftLog:OPENED:c-1,f-1,i0, conf=-1: [4c6a16c4-95d2-4ef7-9fc0-4f57ccbd9967:192.168.5.131:39112, 742c26a8-c271-430a-a05a-c8bba3fa6d96:192.168.5.131:42235, a910346c-1ee2-4cdc-a6d8-644a3a4f0b7f:192.168.5.131:38193], old=null
2019-10-15 03:19:22,833 [4c6a16c4-95d2-4ef7-9fc0-4f57ccbd9967@group-5FF82F29B6C0-LeaderElection132] INFO  impl.RaftServerImpl (RaftServerImpl.java:setRole(184)) - 4c6a16c4-95d2-4ef7-9fc0-4f57ccbd9967@group-5FF82F29B6C0: changes role from CANDIDATE to FOLLOWER at term 134 for DISCOVERED_A_NEW_TERM
2019-10-15 03:19:22,833 [4c6a16c4-95d2-4ef7-9fc0-4f57ccbd9967@group-5FF82F29B6C0-LeaderElection132] INFO  impl.RoleInfo (RoleInfo.java:shutdownLeaderElection(134)) - 4c6a16c4-95d2-4ef7-9fc0-4f57ccbd9967: shutdown LeaderElection
2019-10-15 03:19:22,833 [4c6a16c4-95d2-4ef7-9fc0-4f57ccbd9967@group-5FF82F29B6C0-LeaderElection132] INFO  impl.RoleInfo (RoleInfo.java:updateAndGet(143)) - 4c6a16c4-95d2-4ef7-9fc0-4f57ccbd9967: start FollowerState
2019-10-15 03:19:22,923 [Thread-1221] INFO  impl.FollowerState (FollowerState.java:run(108)) - 4c6a16c4-95d2-4ef7-9fc0-4f57ccbd9967@group-5FF82F29B6C0-FollowerState: change to CANDIDATE, lastRpcTime:89ms, electionTimeout:89ms
2019-10-15 03:19:22,923 [Thread-1221] INFO  impl.RoleInfo (RoleInfo.java:shutdownFollowerState(121)) - 4c6a16c4-95d2-4ef7-9fc0-4f57ccbd9967: shutdown FollowerState
2019-10-15 03:19:22,923 [Thread-1221] INFO  impl.RaftServerImpl (RaftServerImpl.java:setRole(184)) - 4c6a16c4-95d2-4ef7-9fc0-4f57ccbd9967@group-5FF82F29B6C0: changes role from  FOLLOWER to CANDIDATE at term 134 for changeToCandidate
2019-10-15 03:19:22,923 [Thread-1221] INFO  impl.RoleInfo (RoleInfo.java:updateAndGet(143)) - 4c6a16c4-95d2-4ef7-9fc0-4f57ccbd9967: start LeaderElection
2019-10-15 03:19:22,949 [4c6a16c4-95d2-4ef7-9fc0-4f57ccbd9967@group-5FF82F29B6C0-LeaderElection133] INFO  impl.LeaderElection (LeaderElection.java:askForVotes(178)) - 4c6a16c4-95d2-4ef7-9fc0-4f57ccbd9967@group-5FF82F29B6C0-LeaderElection133: begin an election at term 135 for -1: [4c6a16c4-95d2-4ef7-9fc0-4f57ccbd9967:192.168.5.131:39112, 742c26a8-c271-430a-a05a-c8bba3fa6d96:192.168.5.131:42235, a910346c-1ee2-4cdc-a6d8-644a3a4f0b7f:192.168.5.131:38193], old=null
2019-10-15 03:19:22,957 [grpc-default-executor-4] INFO  impl.RaftServerImpl (RaftServerImpl.java:setRole(184)) - a910346c-1ee2-4cdc-a6d8-644a3a4f0b7f@group-5FF82F29B6C0: changes role from  FOLLOWER to FOLLOWER at term 135 for recognizeCandidate:4c6a16c4-95d2-4ef7-9fc0-4f57ccbd9967
2019-10-15 03:19:22,957 [grpc-default-executor-5] INFO  impl.RaftServerImpl (RaftServerImpl.java:setRole(184)) - 742c26a8-c271-430a-a05a-c8bba3fa6d96@group-5FF82F29B6C0: changes role from  FOLLOWER to FOLLOWER at term 135 for recognizeCandidate:4c6a16c4-95d2-4ef7-9fc0-4f57ccbd9967
2019-10-15 03:19:22,957 [grpc-default-executor-5] INFO  impl.RoleInfo (RoleInfo.java:shutdownFollowerState(121)) - 742c26a8-c271-430a-a05a-c8bba3fa6d96: shutdown FollowerState
2019-10-15 03:19:22,957 [grpc-default-executor-4] INFO  impl.RoleInfo (RoleInfo.java:shutdownFollowerState(121)) - a910346c-1ee2-4cdc-a6d8-644a3a4f0b7f: shutdown FollowerState
2019-10-15 03:19:22,958 [Thread-1219] INFO  impl.FollowerState (FollowerState.java:run(117)) - 742c26a8-c271-430a-a05a-c8bba3fa6d96@group-5FF82F29B6C0-FollowerState was interrupted: java.lang.InterruptedException: sleep interrupted
2019-10-15 03:19:22,958 [grpc-default-executor-5] INFO  impl.RoleInfo (RoleInfo.java:updateAndGet(143)) - 742c26a8-c271-430a-a05a-c8bba3fa6d96: start FollowerState
2019-10-15 03:19:22,958 [Thread-1220] INFO  impl.FollowerState (FollowerState.java:run(117)) - a910346c-1ee2-4cdc-a6d8-644a3a4f0b7f@group-5FF82F29B6C0-FollowerState was interrupted: java.lang.InterruptedException: sleep interrupted
2019-10-15 03:19:22,958 [grpc-default-executor-4] INFO  impl.RoleInfo (RoleInfo.java:updateAndGet(143)) - a910346c-1ee2-4cdc-a6d8-644a3a4f0b7f: start FollowerState
2019-10-15 03:19:22,986 [4c6a16c4-95d2-4ef7-9fc0-4f57ccbd9967@group-5FF82F29B6C0-LeaderElection133] INFO  impl.LeaderElection (LeaderElection.java:logAndReturn(56)) - 4c6a16c4-95d2-4ef7-9fc0-4f57ccbd9967@group-5FF82F29B6C0-LeaderElection133: Election REJECTED; received 2 response(s) [4c6a16c4-95d2-4ef7-9fc0-4f57ccbd9967<-742c26a8-c271-430a-a05a-c8bba3fa6d96#0:FAIL-t135, 4c6a16c4-95d2-4ef7-9fc0-4f57ccbd9967<-a910346c-1ee2-4cdc-a6d8-644a3a4f0b7f#0:FAIL-t135] and 0 exception(s); 4c6a16c4-95d2-4ef7-9fc0-4f57ccbd9967@group-5FF82F29B6C0:t135, leader=null, voted=4c6a16c4-95d2-4ef7-9fc0-4f57ccbd9967, raftlog=4c6a16c4-95d2-4ef7-9fc0-4f57ccbd9967@group-5FF82F29B6C0-SegmentedRaftLog:OPENED:c-1,f-1,i0, conf=-1: [4c6a16c4-95d2-4ef7-9fc0-4f57ccbd9967:192.168.5.131:39112, 742c26a8-c271-430a-a05a-c8bba3fa6d96:192.168.5.131:42235, a910346c-1ee2-4cdc-a6d8-644a3a4f0b7f:192.168.5.131:38193], old=null
2019-10-15 03:19:22,986 [4c6a16c4-95d2-4ef7-9fc0-4f57ccbd9967@group-5FF82F29B6C0-LeaderElection133] INFO  impl.RaftServerImpl (RaftServerImpl.java:setRole(184)) - 4c6a16c4-95d2-4ef7-9fc0-4f57ccbd9967@group-5FF82F29B6C0: changes role from CANDIDATE to FOLLOWER at term 135 for DISCOVERED_A_NEW_TERM
2019-10-15 03:19:22,986 [4c6a16c4-95d2-4ef7-9fc0-4f57ccbd9967@group-5FF82F29B6C0-LeaderElection133] INFO  impl.RoleInfo (RoleInfo.java:shutdownLeaderElection(134)) - 4c6a16c4-95d2-4ef7-9fc0-4f57ccbd9967: shutdown LeaderElection
2019-10-15 03:19:22,987 [4c6a16c4-95d2-4ef7-9fc0-4f57ccbd9967@group-5FF82F29B6C0-LeaderElection133] INFO  impl.RoleInfo (RoleInfo.java:updateAndGet(143)) - 4c6a16c4-95d2-4ef7-9fc0-4f57ccbd9967: start FollowerState
2019-10-15 03:19:23,149 [Thread-1229] INFO  impl.FollowerState (FollowerState.java:run(108)) - 4c6a16c4-95d2-4ef7-9fc0-4f57ccbd9967@group-5FF82F29B6C0-FollowerState: change to CANDIDATE, lastRpcTime:162ms, electionTimeout:162ms
2019-10-15 03:19:23,149 [Thread-1229] INFO  impl.RoleInfo (RoleInfo.java:shutdownFollowerState(121)) - 4c6a16c4-95d2-4ef7-9fc0-4f57ccbd9967: shutdown FollowerState
2019-10-15 03:19:23,150 [Thread-1229] INFO  impl.RaftServerImpl (RaftServerImpl.java:setRole(184)) - 4c6a16c4-95d2-4ef7-9fc0-4f57ccbd9967@group-5FF82F29B6C0: changes role from  FOLLOWER to CANDIDATE at term 135 for changeToCandidate
2019-10-15 03:19:23,150 [Thread-1229] INFO  impl.RoleInfo (RoleInfo.java:updateAndGet(143)) - 4c6a16c4-95d2-4ef7-9fc0-4f57ccbd9967: start LeaderElection
2019-10-15 03:19:23,183 [4c6a16c4-95d2-4ef7-9fc0-4f57ccbd9967@group-5FF82F29B6C0-LeaderElection134] INFO  impl.LeaderElection (LeaderElection.java:askForVotes(178)) - 4c6a16c4-95d2-4ef7-9fc0-4f57ccbd9967@group-5FF82F29B6C0-LeaderElection134: begin an election at term 136 for -1: [4c6a16c4-95d2-4ef7-9fc0-4f57ccbd9967:192.168.5.131:39112, 742c26a8-c271-430a-a05a-c8bba3fa6d96:192.168.5.131:42235, a910346c-1ee2-4cdc-a6d8-644a3a4f0b7f:192.168.5.131:38193], old=null
2019-10-15 03:19:23,185 [grpc-default-executor-4] INFO  impl.RaftServerImpl (RaftServerImpl.java:setRole(184)) - 742c26a8-c271-430a-a05a-c8bba3fa6d96@group-5FF82F29B6C0: changes role from  FOLLOWER to FOLLOWER at term 136 for recognizeCandidate:4c6a16c4-95d2-4ef7-9fc0-4f57ccbd9967
2019-10-15 03:19:23,185 [grpc-default-executor-5] INFO  impl.RaftServerImpl (RaftServerImpl.java:setRole(184)) - a910346c-1ee2-4cdc-a6d8-644a3a4f0b7f@group-5FF82F29B6C0: changes role from  FOLLOWER to FOLLOWER at term 136 for recognizeCandidate:4c6a16c4-95d2-4ef7-9fc0-4f57ccbd9967
2019-10-15 03:19:23,186 [grpc-default-executor-4] INFO  impl.RoleInfo (RoleInfo.java:shutdownFollowerState(121)) - 742c26a8-c271-430a-a05a-c8bba3fa6d96: shutdown FollowerState
2019-10-15 03:19:23,186 [grpc-default-executor-5] INFO  impl.RoleInfo (RoleInfo.java:shutdownFollowerState(121)) - a910346c-1ee2-4cdc-a6d8-644a3a4f0b7f: shutdown FollowerState
2019-10-15 03:19:23,186 [Thread-1227] INFO  impl.FollowerState (FollowerState.java:run(117)) - 742c26a8-c271-430a-a05a-c8bba3fa6d96@group-5FF82F29B6C0-FollowerState was interrupted: java.lang.InterruptedException: sleep interrupted
2019-10-15 03:19:23,186 [grpc-default-executor-4] INFO  impl.RoleInfo (RoleInfo.java:updateAndGet(143)) - 742c26a8-c271-430a-a05a-c8bba3fa6d96: start FollowerState
2019-10-15 03:19:23,186 [Thread-1228] INFO  impl.FollowerState (FollowerState.java:run(117)) - a910346c-1ee2-4cdc-a6d8-644a3a4f0b7f@group-5FF82F29B6C0-FollowerState was interrupted: java.lang.InterruptedException: sleep interrupted
2019-10-15 03:19:23,186 [grpc-default-executor-5] INFO  impl.RoleInfo (RoleInfo.java:updateAndGet(143)) - a910346c-1ee2-4cdc-a6d8-644a3a4f0b7f: start FollowerState
2019-10-15 03:19:23,202 [4c6a16c4-95d2-4ef7-9fc0-4f57ccbd9967@group-5FF82F29B6C0-LeaderElection134] INFO  impl.LeaderElection (LeaderElection.java:logAndReturn(56)) - 4c6a16c4-95d2-4ef7-9fc0-4f57ccbd9967@group-5FF82F29B6C0-LeaderElection134: Election REJECTED; received 2 response(s) [4c6a16c4-95d2-4ef7-9fc0-4f57ccbd9967<-742c26a8-c271-430a-a05a-c8bba3fa6d96#0:FAIL-t136, 4c6a16c4-95d2-4ef7-9fc0-4f57ccbd9967<-a910346c-1ee2-4cdc-a6d8-644a3a4f0b7f#0:FAIL-t136] and 0 exception(s); 4c6a16c4-95d2-4ef7-9fc0-4f57ccbd9967@group-5FF82F29B6C0:t136, leader=null, voted=4c6a16c4-95d2-4ef7-9fc0-4f57ccbd9967, raftlog=4c6a16c4-95d2-4ef7-9fc0-4f57ccbd9967@group-5FF82F29B6C0-SegmentedRaftLog:OPENED:c-1,f-1,i0, conf=-1: [4c6a16c4-95d2-4ef7-9fc0-4f57ccbd9967:192.168.5.131:39112, 742c26a8-c271-430a-a05a-c8bba3fa6d96:192.168.5.131:42235, a910346c-1ee2-4cdc-a6d8-644a3a4f0b7f:192.168.5.131:38193], old=null
2019-10-15 03:19:23,202 [4c6a16c4-95d2-4ef7-9fc0-4f57ccbd9967@group-5FF82F29B6C0-LeaderElection134] INFO  impl.RaftServerImpl (RaftServerImpl.java:setRole(184)) - 4c6a16c4-95d2-4ef7-9fc0-4f57ccbd9967@group-5FF82F29B6C0: changes role from CANDIDATE to FOLLOWER at term 136 for DISCOVERED_A_NEW_TERM
2019-10-15 03:19:23,202 [4c6a16c4-95d2-4ef7-9fc0-4f57ccbd9967@group-5FF82F29B6C0-LeaderElection134] INFO  impl.RoleInfo (RoleInfo.java:shutdownLeaderElection(134)) - 4c6a16c4-95d2-4ef7-9fc0-4f57ccbd9967: shutdown LeaderElection
2019-10-15 03:19:23,203 [4c6a16c4-95d2-4ef7-9fc0-4f57ccbd9967@group-5FF82F29B6C0-LeaderElection134] INFO  impl.RoleInfo (RoleInfo.java:updateAndGet(143)) - 4c6a16c4-95d2-4ef7-9fc0-4f57ccbd9967: start FollowerState
2019-10-15 03:19:23,227 [Thread-1235] INFO  impl.FollowerState (FollowerState.java:run(108)) - 4c6a16c4-95d2-4ef7-9fc0-4f57ccbd9967@group-5FF82F29B6C0-FollowerState: change to CANDIDATE, lastRpcTime:24ms, electionTimeout:24ms
2019-10-15 03:19:23,227 [Thread-1235] INFO  impl.RoleInfo (RoleInfo.java:shutdownFollowerState(121)) - 4c6a16c4-95d2-4ef7-9fc0-4f57ccbd9967: shutdown FollowerState
2019-10-15 03:19:23,228 [Thread-1235] INFO  impl.RaftServerImpl (RaftServerImpl.java:setRole(184)) - 4c6a16c4-95d2-4ef7-9fc0-4f57ccbd9967@group-5FF82F29B6C0: changes role from  FOLLOWER to CANDIDATE at term 136 for changeToCandidate
2019-10-15 03:19:23,228 [Thread-1235] INFO  impl.RoleInfo (RoleInfo.java:updateAndGet(143)) - 4c6a16c4-95d2-4ef7-9fc0-4f57ccbd9967: start LeaderElection
2019-10-15 03:19:23,250 [4c6a16c4-95d2-4ef7-9fc0-4f57ccbd9967@group-5FF82F29B6C0-LeaderElection135] INFO  impl.LeaderElection (LeaderElection.java:askForVotes(178)) - 4c6a16c4-95d2-4ef7-9fc0-4f57ccbd9967@group-5FF82F29B6C0-LeaderElection135: begin an election at term 137 for -1: [4c6a16c4-95d2-4ef7-9fc0-4f57ccbd9967:192.168.5.131:39112, 742c26a8-c271-430a-a05a-c8bba3fa6d96:192.168.5.131:42235, a910346c-1ee2-4cdc-a6d8-644a3a4f0b7f:192.168.5.131:38193], old=null
2019-10-15 03:19:23,253 [grpc-default-executor-5] INFO  impl.RaftServerImpl (RaftServerImpl.java:setRole(184)) - 742c26a8-c271-430a-a05a-c8bba3fa6d96@group-5FF82F29B6C0: changes role from  FOLLOWER to FOLLOWER at term 137 for recognizeCandidate:4c6a16c4-95d2-4ef7-9fc0-4f57ccbd9967
2019-10-15 03:19:23,253 [grpc-default-executor-4] INFO  impl.RaftServerImpl (RaftServerImpl.java:setRole(184)) - a910346c-1ee2-4cdc-a6d8-644a3a4f0b7f@group-5FF82F29B6C0: changes role from  FOLLOWER to FOLLOWER at term 137 for recognizeCandidate:4c6a16c4-95d2-4ef7-9fc0-4f57ccbd9967
2019-10-15 03:19:23,253 [grpc-default-executor-5] INFO  impl.RoleInfo (RoleInfo.java:shutdownFollowerState(121)) - 742c26a8-c271-430a-a05a-c8bba3fa6d96: shutdown FollowerState
2019-10-15 03:19:23,253 [grpc-default-executor-4] INFO  impl.RoleInfo (RoleInfo.java:shutdownFollowerState(121)) - a910346c-1ee2-4cdc-a6d8-644a3a4f0b7f: shutdown FollowerState
2019-10-15 03:19:23,253 [Thread-1233] INFO  impl.FollowerState (FollowerState.java:run(117)) - 742c26a8-c271-430a-a05a-c8bba3fa6d96@group-5FF82F29B6C0-FollowerState was interrupted: java.lang.InterruptedException: sleep interrupted
2019-10-15 03:19:23,253 [grpc-default-executor-5] INFO  impl.RoleInfo (RoleInfo.java:updateAndGet(143)) - 742c26a8-c271-430a-a05a-c8bba3fa6d96: start FollowerState
2019-10-15 03:19:23,254 [Thread-1234] INFO  impl.FollowerState (FollowerState.java:run(117)) - a910346c-1ee2-4cdc-a6d8-644a3a4f0b7f@group-5FF82F29B6C0-FollowerState was interrupted: java.lang.InterruptedException: sleep interrupted
2019-10-15 03:19:23,254 [grpc-default-executor-4] INFO  impl.RoleInfo (RoleInfo.java:updateAndGet(143)) - a910346c-1ee2-4cdc-a6d8-644a3a4f0b7f: start FollowerState
2019-10-15 03:19:23,268 [4c6a16c4-95d2-4ef7-9fc0-4f57ccbd9967@group-5FF82F29B6C0-LeaderElection135] INFO  impl.LeaderElection (LeaderElection.java:logAndReturn(56)) - 4c6a16c4-95d2-4ef7-9fc0-4f57ccbd9967@group-5FF82F29B6C0-LeaderElection135: Election REJECTED; received 2 response(s) [4c6a16c4-95d2-4ef7-9fc0-4f57ccbd9967<-742c26a8-c271-430a-a05a-c8bba3fa6d96#0:FAIL-t137, 4c6a16c4-95d2-4ef7-9fc0-4f57ccbd9967<-a910346c-1ee2-4cdc-a6d8-644a3a4f0b7f#0:FAIL-t137] and 0 exception(s); 4c6a16c4-95d2-4ef7-9fc0-4f57ccbd9967@group-5FF82F29B6C0:t137, leader=null, voted=4c6a16c4-95d2-4ef7-9fc0-4f57ccbd9967, raftlog=4c6a16c4-95d2-4ef7-9fc0-4f57ccbd9967@group-5FF82F29B6C0-SegmentedRaftLog:OPENED:c-1,f-1,i0, conf=-1: [4c6a16c4-95d2-4ef7-9fc0-4f57ccbd9967:192.168.5.131:39112, 742c26a8-c271-430a-a05a-c8bba3fa6d96:192.168.5.131:42235, a910346c-1ee2-4cdc-a6d8-644a3a4f0b7f:192.168.5.131:38193], old=null
2019-10-15 03:19:23,268 [4c6a16c4-95d2-4ef7-9fc0-4f57ccbd9967@group-5FF82F29B6C0-LeaderElection135] INFO  impl.RaftServerImpl (RaftServerImpl.java:setRole(184)) - 4c6a16c4-95d2-4ef7-9fc0-4f57ccbd9967@group-5FF82F29B6C0: changes role from CANDIDATE to FOLLOWER at term 137 for DISCOVERED_A_NEW_TERM
2019-10-15 03:19:23,269 [4c6a16c4-95d2-4ef7-9fc0-4f57ccbd9967@group-5FF82F29B6C0-LeaderElection135] INFO  impl.RoleInfo (RoleInfo.java:shutdownLeaderElection(134)) - 4c6a16c4-95d2-4ef7-9fc0-4f57ccbd9967: shutdown LeaderElection
2019-10-15 03:19:23,269 [4c6a16c4-95d2-4ef7-9fc0-4f57ccbd9967@group-5FF82F29B6C0-LeaderElection135] INFO  impl.RoleInfo (RoleInfo.java:updateAndGet(143)) - 4c6a16c4-95d2-4ef7-9fc0-4f57ccbd9967: start FollowerState
2019-10-15 03:19:23,302 [Thread-1241] INFO  impl.FollowerState (FollowerState.java:run(108)) - 4c6a16c4-95d2-4ef7-9fc0-4f57ccbd9967@group-5FF82F29B6C0-FollowerState: change to CANDIDATE, lastRpcTime:33ms, electionTimeout:33ms
2019-10-15 03:19:23,303 [Thread-1241] INFO  impl.RoleInfo (RoleInfo.java:shutdownFollowerState(121)) - 4c6a16c4-95d2-4ef7-9fc0-4f57ccbd9967: shutdown FollowerState
2019-10-15 03:19:23,303 [Thread-1241] INFO  impl.RaftServerImpl (RaftServerImpl.java:setRole(184)) - 4c6a16c4-95d2-4ef7-9fc0-4f57ccbd9967@group-5FF82F29B6C0: changes role from  FOLLOWER to CANDIDATE at term 137 for changeToCandidate
2019-10-15 03:19:23,303 [Thread-1241] INFO  impl.RoleInfo (RoleInfo.java:updateAndGet(143)) - 4c6a16c4-95d2-4ef7-9fc0-4f57ccbd9967: start LeaderElection
2019-10-15 03:19:23,317 [4c6a16c4-95d2-4ef7-9fc0-4f57ccbd9967@group-5FF82F29B6C0-LeaderElection136] INFO  impl.LeaderElection (LeaderElection.java:askForVotes(178)) - 4c6a16c4-95d2-4ef7-9fc0-4f57ccbd9967@group-5FF82F29B6C0-LeaderElection136: begin an election at term 138 for -1: [4c6a16c4-95d2-4ef7-9fc0-4f57ccbd9967:192.168.5.131:39112, 742c26a8-c271-430a-a05a-c8bba3fa6d96:192.168.5.131:42235, a910346c-1ee2-4cdc-a6d8-644a3a4f0b7f:192.168.5.131:38193], old=null
2019-10-15 03:19:23,319 [grpc-default-executor-5] INFO  impl.RaftServerImpl (RaftServerImpl.java:setRole(184)) - 742c26a8-c271-430a-a05a-c8bba3fa6d96@group-5FF82F29B6C0: changes role from  FOLLOWER to FOLLOWER at term 138 for recognizeCandidate:4c6a16c4-95d2-4ef7-9fc0-4f57ccbd9967
2019-10-15 03:19:23,320 [grpc-default-executor-5] INFO  impl.RoleInfo (RoleInfo.java:shutdownFollowerState(121)) - 742c26a8-c271-430a-a05a-c8bba3fa6d96: shutdown FollowerState
2019-10-15 03:19:23,320 [grpc-default-executor-5] INFO  impl.RoleInfo (RoleInfo.java:updateAndGet(143)) - 742c26a8-c271-430a-a05a-c8bba3fa6d96: start FollowerState
2019-10-15 03:19:23,320 [grpc-default-executor-4] INFO  impl.RaftServerImpl (RaftServerImpl.java:setRole(184)) - a910346c-1ee2-4cdc-a6d8-644a3a4f0b7f@group-5FF82F29B6C0: changes role from  FOLLOWER to FOLLOWER at term 138 for recognizeCandidate:4c6a16c4-95d2-4ef7-9fc0-4f57ccbd9967
2019-10-15 03:19:23,320 [grpc-default-executor-4] INFO  impl.RoleInfo (RoleInfo.java:shutdownFollowerState(121)) - a910346c-1ee2-4cdc-a6d8-644a3a4f0b7f: shutdown FollowerState
2019-10-15 03:19:23,320 [Thread-1239] INFO  impl.FollowerState (FollowerState.java:run(117)) - 742c26a8-c271-430a-a05a-c8bba3fa6d96@group-5FF82F29B6C0-FollowerState was interrupted: java.lang.InterruptedException: sleep interrupted
2019-10-15 03:19:23,321 [Thread-1240] INFO  impl.FollowerState (FollowerState.java:run(117)) - a910346c-1ee2-4cdc-a6d8-644a3a4f0b7f@group-5FF82F29B6C0-FollowerState was interrupted: java.lang.InterruptedException: sleep interrupted
2019-10-15 03:19:23,321 [grpc-default-executor-4] INFO  impl.RoleInfo (RoleInfo.java:updateAndGet(143)) - a910346c-1ee2-4cdc-a6d8-644a3a4f0b7f: start FollowerState
2019-10-15 03:19:23,346 [4c6a16c4-95d2-4ef7-9fc0-4f57ccbd9967@group-5FF82F29B6C0-LeaderElection136] INFO  impl.LeaderElection (LeaderElection.java:logAndReturn(56)) - 4c6a16c4-95d2-4ef7-9fc0-4f57ccbd9967@group-5FF82F29B6C0-LeaderElection136: Election REJECTED; received 2 response(s) [4c6a16c4-95d2-4ef7-9fc0-4f57ccbd9967<-742c26a8-c271-430a-a05a-c8bba3fa6d96#0:FAIL-t138, 4c6a16c4-95d2-4ef7-9fc0-4f57ccbd9967<-a910346c-1ee2-4cdc-a6d8-644a3a4f0b7f#0:FAIL-t138] and 0 exception(s); 4c6a16c4-95d2-4ef7-9fc0-4f57ccbd9967@group-5FF82F29B6C0:t138, leader=null, voted=4c6a16c4-95d2-4ef7-9fc0-4f57ccbd9967, raftlog=4c6a16c4-95d2-4ef7-9fc0-4f57ccbd9967@group-5FF82F29B6C0-SegmentedRaftLog:OPENED:c-1,f-1,i0, conf=-1: [4c6a16c4-95d2-4ef7-9fc0-4f57ccbd9967:192.168.5.131:39112, 742c26a8-c271-430a-a05a-c8bba3fa6d96:192.168.5.131:42235, a910346c-1ee2-4cdc-a6d8-644a3a4f0b7f:192.168.5.131:38193], old=null
2019-10-15 03:19:23,346 [4c6a16c4-95d2-4ef7-9fc0-4f57ccbd9967@group-5FF82F29B6C0-LeaderElection136] INFO  impl.RaftServerImpl (RaftServerImpl.java:setRole(184)) - 4c6a16c4-95d2-4ef7-9fc0-4f57ccbd9967@group-5FF82F29B6C0: changes role from CANDIDATE to FOLLOWER at term 138 for DISCOVERED_A_NEW_TERM
2019-10-15 03:19:23,346 [4c6a16c4-95d2-4ef7-9fc0-4f57ccbd9967@group-5FF82F29B6C0-LeaderElection136] INFO  impl.RoleInfo (RoleInfo.java:shutdownLeaderElection(134)) - 4c6a16c4-95d2-4ef7-9fc0-4f57ccbd9967: shutdown LeaderElection
2019-10-15 03:19:23,346 [4c6a16c4-95d2-4ef7-9fc0-4f57ccbd9967@group-5FF82F29B6C0-LeaderElection136] INFO  impl.RoleInfo (RoleInfo.java:updateAndGet(143)) - 4c6a16c4-95d2-4ef7-9fc0-4f57ccbd9967: start FollowerState
2019-10-15 03:19:23,385 [Thread-1247] INFO  impl.FollowerState (FollowerState.java:run(108)) - 4c6a16c4-95d2-4ef7-9fc0-4f57ccbd9967@group-5FF82F29B6C0-FollowerState: change to CANDIDATE, lastRpcTime:38ms, electionTimeout:38ms
2019-10-15 03:19:23,385 [Thread-1247] INFO  impl.RoleInfo (RoleInfo.java:shutdownFollowerState(121)) - 4c6a16c4-95d2-4ef7-9fc0-4f57ccbd9967: shutdown FollowerState
2019-10-15 03:19:23,385 [Thread-1247] INFO  impl.RaftServerImpl (RaftServerImpl.java:setRole(184)) - 4c6a16c4-95d2-4ef7-9fc0-4f57ccbd9967@group-5FF82F29B6C0: changes role from  FOLLOWER to CANDIDATE at term 138 for changeToCandidate
2019-10-15 03:19:23,385 [Thread-1247] INFO  impl.RoleInfo (RoleInfo.java:updateAndGet(143)) - 4c6a16c4-95d2-4ef7-9fc0-4f57ccbd9967: start LeaderElection
2019-10-15 03:19:23,399 [4c6a16c4-95d2-4ef7-9fc0-4f57ccbd9967@group-5FF82F29B6C0-LeaderElection137] INFO  impl.LeaderElection (LeaderElection.java:askForVotes(178)) - 4c6a16c4-95d2-4ef7-9fc0-4f57ccbd9967@group-5FF82F29B6C0-LeaderElection137: begin an election at term 139 for -1: [4c6a16c4-95d2-4ef7-9fc0-4f57ccbd9967:192.168.5.131:39112, 742c26a8-c271-430a-a05a-c8bba3fa6d96:192.168.5.131:42235, a910346c-1ee2-4cdc-a6d8-644a3a4f0b7f:192.168.5.131:38193], old=null
2019-10-15 03:19:23,402 [grpc-default-executor-5] INFO  impl.RaftServerImpl (RaftServerImpl.java:setRole(184)) - 742c26a8-c271-430a-a05a-c8bba3fa6d96@group-5FF82F29B6C0: changes role from  FOLLOWER to FOLLOWER at term 139 for recognizeCandidate:4c6a16c4-95d2-4ef7-9fc0-4f57ccbd9967
2019-10-15 03:19:23,402 [grpc-default-executor-5] INFO  impl.RoleInfo (RoleInfo.java:shutdownFollowerState(121)) - 742c26a8-c271-430a-a05a-c8bba3fa6d96: shutdown FollowerState
2019-10-15 03:19:23,403 [grpc-default-executor-5] INFO  impl.RoleInfo (RoleInfo.java:updateAndGet(143)) - 742c26a8-c271-430a-a05a-c8bba3fa6d96: start FollowerState
2019-10-15 03:19:23,403 [Thread-1245] INFO  impl.FollowerState (FollowerState.java:run(117)) - 742c26a8-c271-430a-a05a-c8bba3fa6d96@group-5FF82F29B6C0-FollowerState was interrupted: java.lang.InterruptedException: sleep interrupted
2019-10-15 03:19:23,403 [grpc-default-executor-4] INFO  impl.RaftServerImpl (RaftServerImpl.java:setRole(184)) - a910346c-1ee2-4cdc-a6d8-644a3a4f0b7f@group-5FF82F29B6C0: changes role from  FOLLOWER to FOLLOWER at term 139 for recognizeCandidate:4c6a16c4-95d2-4ef7-9fc0-4f57ccbd9967
2019-10-15 03:19:23,403 [grpc-default-executor-4] INFO  impl.RoleInfo (RoleInfo.java:shutdownFollowerState(121)) - a910346c-1ee2-4cdc-a6d8-644a3a4f0b7f: shutdown FollowerState
2019-10-15 03:19:23,403 [grpc-default-executor-4] INFO  impl.RoleInfo (RoleInfo.java:updateAndGet(143)) - a910346c-1ee2-4cdc-a6d8-644a3a4f0b7f: start FollowerState
2019-10-15 03:19:23,403 [Thread-1246] INFO  impl.FollowerState (FollowerState.java:run(117)) - a910346c-1ee2-4cdc-a6d8-644a3a4f0b7f@group-5FF82F29B6C0-FollowerState was interrupted: java.lang.InterruptedException: sleep interrupted
2019-10-15 03:19:23,428 [4c6a16c4-95d2-4ef7-9fc0-4f57ccbd9967@group-5FF82F29B6C0-LeaderElection137] INFO  impl.LeaderElection (LeaderElection.java:logAndReturn(56)) - 4c6a16c4-95d2-4ef7-9fc0-4f57ccbd9967@group-5FF82F29B6C0-LeaderElection137: Election REJECTED; received 2 response(s) [4c6a16c4-95d2-4ef7-9fc0-4f57ccbd9967<-742c26a8-c271-430a-a05a-c8bba3fa6d96#0:FAIL-t139, 4c6a16c4-95d2-4ef7-9fc0-4f57ccbd9967<-a910346c-1ee2-4cdc-a6d8-644a3a4f0b7f#0:FAIL-t139] and 0 exception(s); 4c6a16c4-95d2-4ef7-9fc0-4f57ccbd9967@group-5FF82F29B6C0:t139, leader=null, voted=4c6a16c4-95d2-4ef7-9fc0-4f57ccbd9967, raftlog=4c6a16c4-95d2-4ef7-9fc0-4f57ccbd9967@group-5FF82F29B6C0-SegmentedRaftLog:OPENED:c-1,f-1,i0, conf=-1: [4c6a16c4-95d2-4ef7-9fc0-4f57ccbd9967:192.168.5.131:39112, 742c26a8-c271-430a-a05a-c8bba3fa6d96:192.168.5.131:42235, a910346c-1ee2-4cdc-a6d8-644a3a4f0b7f:192.168.5.131:38193], old=null
2019-10-15 03:19:23,428 [4c6a16c4-95d2-4ef7-9fc0-4f57ccbd9967@group-5FF82F29B6C0-LeaderElection137] INFO  impl.RaftServerImpl (RaftServerImpl.java:setRole(184)) - 4c6a16c4-95d2-4ef7-9fc0-4f57ccbd9967@group-5FF82F29B6C0: changes role from CANDIDATE to FOLLOWER at term 139 for DISCOVERED_A_NEW_TERM
2019-10-15 03:19:23,428 [4c6a16c4-95d2-4ef7-9fc0-4f57ccbd9967@group-5FF82F29B6C0-LeaderElection137] INFO  impl.RoleInfo (RoleInfo.java:shutdownLeaderElection(134)) - 4c6a16c4-95d2-4ef7-9fc0-4f57ccbd9967: shutdown LeaderElection
2019-10-15 03:19:23,428 [4c6a16c4-95d2-4ef7-9fc0-4f57ccbd9967@group-5FF82F29B6C0-LeaderElection137] INFO  impl.RoleInfo (RoleInfo.java:updateAndGet(143)) - 4c6a16c4-95d2-4ef7-9fc0-4f57ccbd9967: start FollowerState
2019-10-15 03:19:23,523 [Thread-1253] INFO  impl.FollowerState (FollowerState.java:run(108)) - 4c6a16c4-95d2-4ef7-9fc0-4f57ccbd9967@group-5FF82F29B6C0-FollowerState: change to CANDIDATE, lastRpcTime:94ms, electionTimeout:94ms
2019-10-15 03:19:23,523 [Thread-1253] INFO  impl.RoleInfo (RoleInfo.java:shutdownFollowerState(121)) - 4c6a16c4-95d2-4ef7-9fc0-4f57ccbd9967: shutdown FollowerState
2019-10-15 03:19:23,523 [Thread-1253] INFO  impl.RaftServerImpl (RaftServerImpl.java:setRole(184)) - 4c6a16c4-95d2-4ef7-9fc0-4f57ccbd9967@group-5FF82F29B6C0: changes role from  FOLLOWER to CANDIDATE at term 139 for changeToCandidate
2019-10-15 03:19:23,523 [Thread-1253] INFO  impl.RoleInfo (RoleInfo.java:updateAndGet(143)) - 4c6a16c4-95d2-4ef7-9fc0-4f57ccbd9967: start LeaderElection
2019-10-15 03:19:23,538 [4c6a16c4-95d2-4ef7-9fc0-4f57ccbd9967@group-5FF82F29B6C0-LeaderElection138] INFO  impl.LeaderElection (LeaderElection.java:askForVotes(178)) - 4c6a16c4-95d2-4ef7-9fc0-4f57ccbd9967@group-5FF82F29B6C0-LeaderElection138: begin an election at term 140 for -1: [4c6a16c4-95d2-4ef7-9fc0-4f57ccbd9967:192.168.5.131:39112, 742c26a8-c271-430a-a05a-c8bba3fa6d96:192.168.5.131:42235, a910346c-1ee2-4cdc-a6d8-644a3a4f0b7f:192.168.5.131:38193], old=null
2019-10-15 03:19:23,541 [grpc-default-executor-4] INFO  impl.RaftServerImpl (RaftServerImpl.java:setRole(184)) - 742c26a8-c271-430a-a05a-c8bba3fa6d96@group-5FF82F29B6C0: changes role from  FOLLOWER to FOLLOWER at term 140 for recognizeCandidate:4c6a16c4-95d2-4ef7-9fc0-4f57ccbd9967
2019-10-15 03:19:23,541 [grpc-default-executor-4] INFO  impl.RoleInfo (RoleInfo.java:shutdownFollowerState(121)) - 742c26a8-c271-430a-a05a-c8bba3fa6d96: shutdown FollowerState
2019-10-15 03:19:23,542 [grpc-default-executor-4] INFO  impl.RoleInfo (RoleInfo.java:updateAndGet(143)) - 742c26a8-c271-430a-a05a-c8bba3fa6d96: start FollowerState
2019-10-15 03:19:23,542 [Thread-1251] INFO  impl.FollowerState (FollowerState.java:run(117)) - 742c26a8-c271-430a-a05a-c8bba3fa6d96@group-5FF82F29B6C0-FollowerState was interrupted: java.lang.InterruptedException: sleep interrupted
2019-10-15 03:19:23,542 [grpc-default-executor-5] INFO  impl.RaftServerImpl (RaftServerImpl.java:setRole(184)) - a910346c-1ee2-4cdc-a6d8-644a3a4f0b7f@group-5FF82F29B6C0: changes role from  FOLLOWER to FOLLOWER at term 140 for recognizeCandidate:4c6a16c4-95d2-4ef7-9fc0-4f57ccbd9967
2019-10-15 03:19:23,542 [grpc-default-executor-5] INFO  impl.RoleInfo (RoleInfo.java:shutdownFollowerState(121)) - a910346c-1ee2-4cdc-a6d8-644a3a4f0b7f: shutdown FollowerState
2019-10-15 03:19:23,543 [grpc-default-executor-5] INFO  impl.RoleInfo (RoleInfo.java:updateAndGet(143)) - a910346c-1ee2-4cdc-a6d8-644a3a4f0b7f: start FollowerState
2019-10-15 03:19:23,543 [Thread-1252] INFO  impl.FollowerState (FollowerState.java:run(117)) - a910346c-1ee2-4cdc-a6d8-644a3a4f0b7f@group-5FF82F29B6C0-FollowerState was interrupted: java.lang.InterruptedException: sleep interrupted
2019-10-15 03:19:23,558 [4c6a16c4-95d2-4ef7-9fc0-4f57ccbd9967@group-5FF82F29B6C0-LeaderElection138] INFO  impl.LeaderElection (LeaderElection.java:logAndReturn(56)) - 4c6a16c4-95d2-4ef7-9fc0-4f57ccbd9967@group-5FF82F29B6C0-LeaderElection138: Election REJECTED; received 2 response(s) [4c6a16c4-95d2-4ef7-9fc0-4f57ccbd9967<-742c26a8-c271-430a-a05a-c8bba3fa6d96#0:FAIL-t140, 4c6a16c4-95d2-4ef7-9fc0-4f57ccbd9967<-a910346c-1ee2-4cdc-a6d8-644a3a4f0b7f#0:FAIL-t140] and 0 exception(s); 4c6a16c4-95d2-4ef7-9fc0-4f57ccbd9967@group-5FF82F29B6C0:t140, leader=null, voted=4c6a16c4-95d2-4ef7-9fc0-4f57ccbd9967, raftlog=4c6a16c4-95d2-4ef7-9fc0-4f57ccbd9967@group-5FF82F29B6C0-SegmentedRaftLog:OPENED:c-1,f-1,i0, conf=-1: [4c6a16c4-95d2-4ef7-9fc0-4f57ccbd9967:192.168.5.131:39112, 742c26a8-c271-430a-a05a-c8bba3fa6d96:192.168.5.131:42235, a910346c-1ee2-4cdc-a6d8-644a3a4f0b7f:192.168.5.131:38193], old=null
2019-10-15 03:19:23,559 [4c6a16c4-95d2-4ef7-9fc0-4f57ccbd9967@group-5FF82F29B6C0-LeaderElection138] INFO  impl.RaftServerImpl (RaftServerImpl.java:setRole(184)) - 4c6a16c4-95d2-4ef7-9fc0-4f57ccbd9967@group-5FF82F29B6C0: changes role from CANDIDATE to FOLLOWER at term 140 for DISCOVERED_A_NEW_TERM
2019-10-15 03:19:23,559 [4c6a16c4-95d2-4ef7-9fc0-4f57ccbd9967@group-5FF82F29B6C0-LeaderElection138] INFO  impl.RoleInfo (RoleInfo.java:shutdownLeaderElection(134)) - 4c6a16c4-95d2-4ef7-9fc0-4f57ccbd9967: shutdown LeaderElection
2019-10-15 03:19:23,559 [4c6a16c4-95d2-4ef7-9fc0-4f57ccbd9967@group-5FF82F29B6C0-LeaderElection138] INFO  impl.RoleInfo (RoleInfo.java:updateAndGet(143)) - 4c6a16c4-95d2-4ef7-9fc0-4f57ccbd9967: start FollowerState
2019-10-15 03:19:23,660 [Thread-1263] INFO  impl.FollowerState (FollowerState.java:run(108)) - 4c6a16c4-95d2-4ef7-9fc0-4f57ccbd9967@group-5FF82F29B6C0-FollowerState: change to CANDIDATE, lastRpcTime:100ms, electionTimeout:100ms
2019-10-15 03:19:23,660 [Thread-1263] INFO  impl.RoleInfo (RoleInfo.java:shutdownFollowerState(121)) - 4c6a16c4-95d2-4ef7-9fc0-4f57ccbd9967: shutdown FollowerState
2019-10-15 03:19:23,660 [Thread-1263] INFO  impl.RaftServerImpl (RaftServerImpl.java:setRole(184)) - 4c6a16c4-95d2-4ef7-9fc0-4f57ccbd9967@group-5FF82F29B6C0: changes role from  FOLLOWER to CANDIDATE at term 140 for changeToCandidate
2019-10-15 03:19:23,660 [Thread-1263] INFO  impl.RoleInfo (RoleInfo.java:updateAndGet(143)) - 4c6a16c4-95d2-4ef7-9fc0-4f57ccbd9967: start LeaderElection
2019-10-15 03:19:23,681 [4c6a16c4-95d2-4ef7-9fc0-4f57ccbd9967@group-5FF82F29B6C0-LeaderElection139] INFO  impl.LeaderElection (LeaderElection.java:askForVotes(178)) - 4c6a16c4-95d2-4ef7-9fc0-4f57ccbd9967@group-5FF82F29B6C0-LeaderElection139: begin an election at term 141 for -1: [4c6a16c4-95d2-4ef7-9fc0-4f57ccbd9967:192.168.5.131:39112, 742c26a8-c271-430a-a05a-c8bba3fa6d96:192.168.5.131:42235, a910346c-1ee2-4cdc-a6d8-644a3a4f0b7f:192.168.5.131:38193], old=null
2019-10-15 03:19:23,684 [grpc-default-executor-4] INFO  impl.RaftServerImpl (RaftServerImpl.java:setRole(184)) - 742c26a8-c271-430a-a05a-c8bba3fa6d96@group-5FF82F29B6C0: changes role from  FOLLOWER to FOLLOWER at term 141 for recognizeCandidate:4c6a16c4-95d2-4ef7-9fc0-4f57ccbd9967
2019-10-15 03:19:23,684 [grpc-default-executor-4] INFO  impl.RoleInfo (RoleInfo.java:shutdownFollowerState(121)) - 742c26a8-c271-430a-a05a-c8bba3fa6d96: shutdown FollowerState
2019-10-15 03:19:23,684 [grpc-default-executor-5] INFO  impl.RaftServerImpl (RaftServerImpl.java:setRole(184)) - a910346c-1ee2-4cdc-a6d8-644a3a4f0b7f@group-5FF82F29B6C0: changes role from  FOLLOWER to FOLLOWER at term 141 for recognizeCandidate:4c6a16c4-95d2-4ef7-9fc0-4f57ccbd9967
2019-10-15 03:19:23,684 [Thread-1261] INFO  impl.FollowerState (FollowerState.java:run(117)) - 742c26a8-c271-430a-a05a-c8bba3fa6d96@group-5FF82F29B6C0-FollowerState was interrupted: java.lang.InterruptedException: sleep interrupted
2019-10-15 03:19:23,684 [grpc-default-executor-4] INFO  impl.RoleInfo (RoleInfo.java:updateAndGet(143)) - 742c26a8-c271-430a-a05a-c8bba3fa6d96: start FollowerState
2019-10-15 03:19:23,684 [grpc-default-executor-5] INFO  impl.RoleInfo (RoleInfo.java:shutdownFollowerState(121)) - a910346c-1ee2-4cdc-a6d8-644a3a4f0b7f: shutdown FollowerState
2019-10-15 03:19:23,685 [grpc-default-executor-5] INFO  impl.RoleInfo (RoleInfo.java:updateAndGet(143)) - a910346c-1ee2-4cdc-a6d8-644a3a4f0b7f: start FollowerState
2019-10-15 03:19:23,685 [Thread-1262] INFO  impl.FollowerState (FollowerState.java:run(117)) - a910346c-1ee2-4cdc-a6d8-644a3a4f0b7f@group-5FF82F29B6C0-FollowerState was interrupted: java.lang.InterruptedException: sleep interrupted
2019-10-15 03:19:23,707 [4c6a16c4-95d2-4ef7-9fc0-4f57ccbd9967@group-5FF82F29B6C0-LeaderElection139] INFO  impl.LeaderElection (LeaderElection.java:logAndReturn(56)) - 4c6a16c4-95d2-4ef7-9fc0-4f57ccbd9967@group-5FF82F29B6C0-LeaderElection139: Election REJECTED; received 2 response(s) [4c6a16c4-95d2-4ef7-9fc0-4f57ccbd9967<-742c26a8-c271-430a-a05a-c8bba3fa6d96#0:FAIL-t141, 4c6a16c4-95d2-4ef7-9fc0-4f57ccbd9967<-a910346c-1ee2-4cdc-a6d8-644a3a4f0b7f#0:FAIL-t141] and 0 exception(s); 4c6a16c4-95d2-4ef7-9fc0-4f57ccbd9967@group-5FF82F29B6C0:t141, leader=null, voted=4c6a16c4-95d2-4ef7-9fc0-4f57ccbd9967, raftlog=4c6a16c4-95d2-4ef7-9fc0-4f57ccbd9967@group-5FF82F29B6C0-SegmentedRaftLog:OPENED:c-1,f-1,i0, conf=-1: [4c6a16c4-95d2-4ef7-9fc0-4f57ccbd9967:192.168.5.131:39112, 742c26a8-c271-430a-a05a-c8bba3fa6d96:192.168.5.131:42235, a910346c-1ee2-4cdc-a6d8-644a3a4f0b7f:192.168.5.131:38193], old=null
2019-10-15 03:19:23,707 [4c6a16c4-95d2-4ef7-9fc0-4f57ccbd9967@group-5FF82F29B6C0-LeaderElection139] INFO  impl.RaftServerImpl (RaftServerImpl.java:setRole(184)) - 4c6a16c4-95d2-4ef7-9fc0-4f57ccbd9967@group-5FF82F29B6C0: changes role from CANDIDATE to FOLLOWER at term 141 for DISCOVERED_A_NEW_TERM
2019-10-15 03:19:23,708 [4c6a16c4-95d2-4ef7-9fc0-4f57ccbd9967@group-5FF82F29B6C0-LeaderElection139] INFO  impl.RoleInfo (RoleInfo.java:shutdownLeaderElection(134)) - 4c6a16c4-95d2-4ef7-9fc0-4f57ccbd9967: shutdown LeaderElection
2019-10-15 03:19:23,708 [4c6a16c4-95d2-4ef7-9fc0-4f57ccbd9967@group-5FF82F29B6C0-LeaderElection139] INFO  impl.RoleInfo (RoleInfo.java:updateAndGet(143)) - 4c6a16c4-95d2-4ef7-9fc0-4f57ccbd9967: start FollowerState
2019-10-15 03:19:23,843 [Thread-1269] INFO  impl.FollowerState (FollowerState.java:run(108)) - 4c6a16c4-95d2-4ef7-9fc0-4f57ccbd9967@group-5FF82F29B6C0-FollowerState: change to CANDIDATE, lastRpcTime:135ms, electionTimeout:135ms
2019-10-15 03:19:23,844 [Thread-1269] INFO  impl.RoleInfo (RoleInfo.java:shutdownFollowerState(121)) - 4c6a16c4-95d2-4ef7-9fc0-4f57ccbd9967: shutdown FollowerState
2019-10-15 03:19:23,844 [Thread-1269] INFO  impl.RaftServerImpl (RaftServerImpl.java:setRole(184)) - 4c6a16c4-95d2-4ef7-9fc0-4f57ccbd9967@group-5FF82F29B6C0: changes role from  FOLLOWER to CANDIDATE at term 141 for changeToCandidate
2019-10-15 03:19:23,844 [Thread-1269] INFO  impl.RoleInfo (RoleInfo.java:updateAndGet(143)) - 4c6a16c4-95d2-4ef7-9fc0-4f57ccbd9967: start LeaderElection
2019-10-15 03:19:23,859 [4c6a16c4-95d2-4ef7-9fc0-4f57ccbd9967@group-5FF82F29B6C0-LeaderElection140] INFO  impl.LeaderElection (LeaderElection.java:askForVotes(178)) - 4c6a16c4-95d2-4ef7-9fc0-4f57ccbd9967@group-5FF82F29B6C0-LeaderElection140: begin an election at term 142 for -1: [4c6a16c4-95d2-4ef7-9fc0-4f57ccbd9967:192.168.5.131:39112, 742c26a8-c271-430a-a05a-c8bba3fa6d96:192.168.5.131:42235, a910346c-1ee2-4cdc-a6d8-644a3a4f0b7f:192.168.5.131:38193], old=null
2019-10-15 03:19:23,862 [grpc-default-executor-5] INFO  impl.RaftServerImpl (RaftServerImpl.java:setRole(184)) - 742c26a8-c271-430a-a05a-c8bba3fa6d96@group-5FF82F29B6C0: changes role from  FOLLOWER to FOLLOWER at term 142 for recognizeCandidate:4c6a16c4-95d2-4ef7-9fc0-4f57ccbd9967
2019-10-15 03:19:23,862 [grpc-default-executor-5] INFO  impl.RoleInfo (RoleInfo.java:shutdownFollowerState(121)) - 742c26a8-c271-430a-a05a-c8bba3fa6d96: shutdown FollowerState
2019-10-15 03:19:23,862 [grpc-default-executor-4] INFO  impl.RaftServerImpl (RaftServerImpl.java:setRole(184)) - a910346c-1ee2-4cdc-a6d8-644a3a4f0b7f@group-5FF82F29B6C0: changes role from  FOLLOWER to FOLLOWER at term 142 for recognizeCandidate:4c6a16c4-95d2-4ef7-9fc0-4f57ccbd9967
2019-10-15 03:19:23,863 [Thread-1267] INFO  impl.FollowerState (FollowerState.java:run(117)) - 742c26a8-c271-430a-a05a-c8bba3fa6d96@group-5FF82F29B6C0-FollowerState was interrupted: java.lang.InterruptedException: sleep interrupted
2019-10-15 03:19:23,862 [grpc-default-executor-5] INFO  impl.RoleInfo (RoleInfo.java:updateAndGet(143)) - 742c26a8-c271-430a-a05a-c8bba3fa6d96: start FollowerState
2019-10-15 03:19:23,863 [grpc-default-executor-4] INFO  impl.RoleInfo (RoleInfo.java:shutdownFollowerState(121)) - a910346c-1ee2-4cdc-a6d8-644a3a4f0b7f: shutdown FollowerState
2019-10-15 03:19:23,863 [grpc-default-executor-4] INFO  impl.RoleInfo (RoleInfo.java:updateAndGet(143)) - a910346c-1ee2-4cdc-a6d8-644a3a4f0b7f: start FollowerState
2019-10-15 03:19:23,863 [Thread-1268] INFO  impl.FollowerState (FollowerState.java:run(117)) - a910346c-1ee2-4cdc-a6d8-644a3a4f0b7f@group-5FF82F29B6C0-FollowerState was interrupted: java.lang.InterruptedException: sleep interrupted
2019-10-15 03:19:23,889 [4c6a16c4-95d2-4ef7-9fc0-4f57ccbd9967@group-5FF82F29B6C0-LeaderElection140] INFO  impl.LeaderElection (LeaderElection.java:logAndReturn(56)) - 4c6a16c4-95d2-4ef7-9fc0-4f57ccbd9967@group-5FF82F29B6C0-LeaderElection140: Election REJECTED; received 2 response(s) [4c6a16c4-95d2-4ef7-9fc0-4f57ccbd9967<-742c26a8-c271-430a-a05a-c8bba3fa6d96#0:FAIL-t142, 4c6a16c4-95d2-4ef7-9fc0-4f57ccbd9967<-a910346c-1ee2-4cdc-a6d8-644a3a4f0b7f#0:FAIL-t142] and 0 exception(s); 4c6a16c4-95d2-4ef7-9fc0-4f57ccbd9967@group-5FF82F29B6C0:t142, leader=null, voted=4c6a16c4-95d2-4ef7-9fc0-4f57ccbd9967, raftlog=4c6a16c4-95d2-4ef7-9fc0-4f57ccbd9967@group-5FF82F29B6C0-SegmentedRaftLog:OPENED:c-1,f-1,i0, conf=-1: [4c6a16c4-95d2-4ef7-9fc0-4f57ccbd9967:192.168.5.131:39112, 742c26a8-c271-430a-a05a-c8bba3fa6d96:192.168.5.131:42235, a910346c-1ee2-4cdc-a6d8-644a3a4f0b7f:192.168.5.131:38193], old=null
2019-10-15 03:19:23,889 [4c6a16c4-95d2-4ef7-9fc0-4f57ccbd9967@group-5FF82F29B6C0-LeaderElection140] INFO  impl.RaftServerImpl (RaftServerImpl.java:setRole(184)) - 4c6a16c4-95d2-4ef7-9fc0-4f57ccbd9967@group-5FF82F29B6C0: changes role from CANDIDATE to FOLLOWER at term 142 for DISCOVERED_A_NEW_TERM
2019-10-15 03:19:23,890 [4c6a16c4-95d2-4ef7-9fc0-4f57ccbd9967@group-5FF82F29B6C0-LeaderElection140] INFO  impl.RoleInfo (RoleInfo.java:shutdownLeaderElection(134)) - 4c6a16c4-95d2-4ef7-9fc0-4f57ccbd9967: shutdown LeaderElection
2019-10-15 03:19:23,890 [4c6a16c4-95d2-4ef7-9fc0-4f57ccbd9967@group-5FF82F29B6C0-LeaderElection140] INFO  impl.RoleInfo (RoleInfo.java:updateAndGet(143)) - 4c6a16c4-95d2-4ef7-9fc0-4f57ccbd9967: start FollowerState
2019-10-15 03:19:23,921 [Thread-1275] INFO  impl.FollowerState (FollowerState.java:run(108)) - 4c6a16c4-95d2-4ef7-9fc0-4f57ccbd9967@group-5FF82F29B6C0-FollowerState: change to CANDIDATE, lastRpcTime:31ms, electionTimeout:31ms
2019-10-15 03:19:23,922 [Thread-1275] INFO  impl.RoleInfo (RoleInfo.java:shutdownFollowerState(121)) - 4c6a16c4-95d2-4ef7-9fc0-4f57ccbd9967: shutdown FollowerState
2019-10-15 03:19:23,922 [Thread-1275] INFO  impl.RaftServerImpl (RaftServerImpl.java:setRole(184)) - 4c6a16c4-95d2-4ef7-9fc0-4f57ccbd9967@group-5FF82F29B6C0: changes role from  FOLLOWER to CANDIDATE at term 142 for changeToCandidate
2019-10-15 03:19:23,922 [Thread-1275] INFO  impl.RoleInfo (RoleInfo.java:updateAndGet(143)) - 4c6a16c4-95d2-4ef7-9fc0-4f57ccbd9967: start LeaderElection
2019-10-15 03:19:23,935 [4c6a16c4-95d2-4ef7-9fc0-4f57ccbd9967@group-5FF82F29B6C0-LeaderElection141] INFO  impl.LeaderElection (LeaderElection.java:askForVotes(178)) - 4c6a16c4-95d2-4ef7-9fc0-4f57ccbd9967@group-5FF82F29B6C0-LeaderElection141: begin an election at term 143 for -1: [4c6a16c4-95d2-4ef7-9fc0-4f57ccbd9967:192.168.5.131:39112, 742c26a8-c271-430a-a05a-c8bba3fa6d96:192.168.5.131:42235, a910346c-1ee2-4cdc-a6d8-644a3a4f0b7f:192.168.5.131:38193], old=null
2019-10-15 03:19:23,938 [grpc-default-executor-5] INFO  impl.RaftServerImpl (RaftServerImpl.java:setRole(184)) - a910346c-1ee2-4cdc-a6d8-644a3a4f0b7f@group-5FF82F29B6C0: changes role from  FOLLOWER to FOLLOWER at term 143 for recognizeCandidate:4c6a16c4-95d2-4ef7-9fc0-4f57ccbd9967
2019-10-15 03:19:23,938 [grpc-default-executor-5] INFO  impl.RoleInfo (RoleInfo.java:shutdownFollowerState(121)) - a910346c-1ee2-4cdc-a6d8-644a3a4f0b7f: shutdown FollowerState
2019-10-15 03:19:23,939 [grpc-default-executor-5] INFO  impl.RoleInfo (RoleInfo.java:updateAndGet(143)) - a910346c-1ee2-4cdc-a6d8-644a3a4f0b7f: start FollowerState
2019-10-15 03:19:23,939 [Thread-1274] INFO  impl.FollowerState (FollowerState.java:run(117)) - a910346c-1ee2-4cdc-a6d8-644a3a4f0b7f@group-5FF82F29B6C0-FollowerState was interrupted: java.lang.InterruptedException: sleep interrupted
2019-10-15 03:19:23,939 [grpc-default-executor-3] INFO  impl.RaftServerImpl (RaftServerImpl.java:setRole(184)) - 742c26a8-c271-430a-a05a-c8bba3fa6d96@group-5FF82F29B6C0: changes role from  FOLLOWER to FOLLOWER at term 143 for recognizeCandidate:4c6a16c4-95d2-4ef7-9fc0-4f57ccbd9967
2019-10-15 03:19:23,940 [grpc-default-executor-3] INFO  impl.RoleInfo (RoleInfo.java:shutdownFollowerState(121)) - 742c26a8-c271-430a-a05a-c8bba3fa6d96: shutdown FollowerState
2019-10-15 03:19:23,940 [grpc-default-executor-3] INFO  impl.RoleInfo (RoleInfo.java:updateAndGet(143)) - 742c26a8-c271-430a-a05a-c8bba3fa6d96: start FollowerState
2019-10-15 03:19:23,940 [Thread-1273] INFO  impl.FollowerState (FollowerState.java:run(117)) - 742c26a8-c271-430a-a05a-c8bba3fa6d96@group-5FF82F29B6C0-FollowerState was interrupted: java.lang.InterruptedException: sleep interrupted
2019-10-15 03:19:23,943 [4c6a16c4-95d2-4ef7-9fc0-4f57ccbd9967@group-5FF82F29B6C0-LeaderElection141] INFO  impl.LeaderElection (LeaderElection.java:logAndReturn(56)) - 4c6a16c4-95d2-4ef7-9fc0-4f57ccbd9967@group-5FF82F29B6C0-LeaderElection141: Election TIMEOUT; received 0 response(s) [] and 0 exception(s); 4c6a16c4-95d2-4ef7-9fc0-4f57ccbd9967@group-5FF82F29B6C0:t143, leader=null, voted=4c6a16c4-95d2-4ef7-9fc0-4f57ccbd9967, raftlog=4c6a16c4-95d2-4ef7-9fc0-4f57ccbd9967@group-5FF82F29B6C0-SegmentedRaftLog:OPENED:c-1,f-1,i0, conf=-1: [4c6a16c4-95d2-4ef7-9fc0-4f57ccbd9967:192.168.5.131:39112, 742c26a8-c271-430a-a05a-c8bba3fa6d96:192.168.5.131:42235, a910346c-1ee2-4cdc-a6d8-644a3a4f0b7f:192.168.5.131:38193], old=null
2019-10-15 03:19:23,954 [4c6a16c4-95d2-4ef7-9fc0-4f57ccbd9967@group-5FF82F29B6C0-LeaderElection141] INFO  impl.LeaderElection (LeaderElection.java:askForVotes(178)) - 4c6a16c4-95d2-4ef7-9fc0-4f57ccbd9967@group-5FF82F29B6C0-LeaderElection141: begin an election at term 144 for -1: [4c6a16c4-95d2-4ef7-9fc0-4f57ccbd9967:192.168.5.131:39112, 742c26a8-c271-430a-a05a-c8bba3fa6d96:192.168.5.131:42235, a910346c-1ee2-4cdc-a6d8-644a3a4f0b7f:192.168.5.131:38193], old=null
2019-10-15 03:19:23,956 [grpc-default-executor-5] INFO  impl.RaftServerImpl (RaftServerImpl.java:setRole(184)) - 742c26a8-c271-430a-a05a-c8bba3fa6d96@group-5FF82F29B6C0: changes role from  FOLLOWER to FOLLOWER at term 144 for recognizeCandidate:4c6a16c4-95d2-4ef7-9fc0-4f57ccbd9967
2019-10-15 03:19:23,957 [grpc-default-executor-5] INFO  impl.RoleInfo (RoleInfo.java:shutdownFollowerState(121)) - 742c26a8-c271-430a-a05a-c8bba3fa6d96: shutdown FollowerState
2019-10-15 03:19:23,957 [grpc-default-executor-5] INFO  impl.RoleInfo (RoleInfo.java:updateAndGet(143)) - 742c26a8-c271-430a-a05a-c8bba3fa6d96: start FollowerState
2019-10-15 03:19:23,957 [Thread-1282] INFO  impl.FollowerState (FollowerState.java:run(117)) - 742c26a8-c271-430a-a05a-c8bba3fa6d96@group-5FF82F29B6C0-FollowerState was interrupted: java.lang.InterruptedException: sleep interrupted
2019-10-15 03:19:23,957 [grpc-default-executor-3] INFO  impl.RaftServerImpl (RaftServerImpl.java:setRole(184)) - a910346c-1ee2-4cdc-a6d8-644a3a4f0b7f@group-5FF82F29B6C0: changes role from  FOLLOWER to FOLLOWER at term 144 for recognizeCandidate:4c6a16c4-95d2-4ef7-9fc0-4f57ccbd9967
2019-10-15 03:19:23,957 [grpc-default-executor-3] INFO  impl.RoleInfo (RoleInfo.java:shutdownFollowerState(121)) - a910346c-1ee2-4cdc-a6d8-644a3a4f0b7f: shutdown FollowerState
2019-10-15 03:19:23,958 [grpc-default-executor-3] INFO  impl.RoleInfo (RoleInfo.java:updateAndGet(143)) - a910346c-1ee2-4cdc-a6d8-644a3a4f0b7f: start FollowerState
2019-10-15 03:19:23,958 [Thread-1279] INFO  impl.FollowerState (FollowerState.java:run(117)) - a910346c-1ee2-4cdc-a6d8-644a3a4f0b7f@group-5FF82F29B6C0-FollowerState was interrupted: java.lang.InterruptedException: sleep interrupted
2019-10-15 03:19:23,985 [4c6a16c4-95d2-4ef7-9fc0-4f57ccbd9967@group-5FF82F29B6C0-LeaderElection141] INFO  impl.LeaderElection (LeaderElection.java:logAndReturn(56)) - 4c6a16c4-95d2-4ef7-9fc0-4f57ccbd9967@group-5FF82F29B6C0-LeaderElection141: Election REJECTED; received 2 response(s) [4c6a16c4-95d2-4ef7-9fc0-4f57ccbd9967<-742c26a8-c271-430a-a05a-c8bba3fa6d96#0:FAIL-t144, 4c6a16c4-95d2-4ef7-9fc0-4f57ccbd9967<-a910346c-1ee2-4cdc-a6d8-644a3a4f0b7f#0:FAIL-t144] and 0 exception(s); 4c6a16c4-95d2-4ef7-9fc0-4f57ccbd9967@group-5FF82F29B6C0:t144, leader=null, voted=4c6a16c4-95d2-4ef7-9fc0-4f57ccbd9967, raftlog=4c6a16c4-95d2-4ef7-9fc0-4f57ccbd9967@group-5FF82F29B6C0-SegmentedRaftLog:OPENED:c-1,f-1,i0, conf=-1: [4c6a16c4-95d2-4ef7-9fc0-4f57ccbd9967:192.168.5.131:39112, 742c26a8-c271-430a-a05a-c8bba3fa6d96:192.168.5.131:42235, a910346c-1ee2-4cdc-a6d8-644a3a4f0b7f:192.168.5.131:38193], old=null
2019-10-15 03:19:23,986 [4c6a16c4-95d2-4ef7-9fc0-4f57ccbd9967@group-5FF82F29B6C0-LeaderElection141] INFO  impl.RaftServerImpl (RaftServerImpl.java:setRole(184)) - 4c6a16c4-95d2-4ef7-9fc0-4f57ccbd9967@group-5FF82F29B6C0: changes role from CANDIDATE to FOLLOWER at term 144 for DISCOVERED_A_NEW_TERM
2019-10-15 03:19:23,986 [4c6a16c4-95d2-4ef7-9fc0-4f57ccbd9967@group-5FF82F29B6C0-LeaderElection141] INFO  impl.RoleInfo (RoleInfo.java:shutdownLeaderElection(134)) - 4c6a16c4-95d2-4ef7-9fc0-4f57ccbd9967: shutdown LeaderElection
2019-10-15 03:19:23,986 [4c6a16c4-95d2-4ef7-9fc0-4f57ccbd9967@group-5FF82F29B6C0-LeaderElection141] INFO  impl.RoleInfo (RoleInfo.java:updateAndGet(143)) - 4c6a16c4-95d2-4ef7-9fc0-4f57ccbd9967: start FollowerState
2019-10-15 03:19:24,067 [Thread-1287] INFO  impl.FollowerState (FollowerState.java:run(108)) - 4c6a16c4-95d2-4ef7-9fc0-4f57ccbd9967@group-5FF82F29B6C0-FollowerState: change to CANDIDATE, lastRpcTime:81ms, electionTimeout:81ms
2019-10-15 03:19:24,068 [Thread-1287] INFO  impl.RoleInfo (RoleInfo.java:shutdownFollowerState(121)) - 4c6a16c4-95d2-4ef7-9fc0-4f57ccbd9967: shutdown FollowerState
2019-10-15 03:19:24,068 [Thread-1287] INFO  impl.RaftServerImpl (RaftServerImpl.java:setRole(184)) - 4c6a16c4-95d2-4ef7-9fc0-4f57ccbd9967@group-5FF82F29B6C0: changes role from  FOLLOWER to CANDIDATE at term 144 for changeToCandidate
2019-10-15 03:19:24,068 [Thread-1287] INFO  impl.RoleInfo (RoleInfo.java:updateAndGet(143)) - 4c6a16c4-95d2-4ef7-9fc0-4f57ccbd9967: start LeaderElection
2019-10-15 03:19:24,082 [4c6a16c4-95d2-4ef7-9fc0-4f57ccbd9967@group-5FF82F29B6C0-LeaderElection142] INFO  impl.LeaderElection (LeaderElection.java:askForVotes(178)) - 4c6a16c4-95d2-4ef7-9fc0-4f57ccbd9967@group-5FF82F29B6C0-LeaderElection142: begin an election at term 145 for -1: [4c6a16c4-95d2-4ef7-9fc0-4f57ccbd9967:192.168.5.131:39112, 742c26a8-c271-430a-a05a-c8bba3fa6d96:192.168.5.131:42235, a910346c-1ee2-4cdc-a6d8-644a3a4f0b7f:192.168.5.131:38193], old=null
2019-10-15 03:19:24,085 [grpc-default-executor-3] INFO  impl.RaftServerImpl (RaftServerImpl.java:setRole(184)) - 742c26a8-c271-430a-a05a-c8bba3fa6d96@group-5FF82F29B6C0: changes role from  FOLLOWER to FOLLOWER at term 145 for recognizeCandidate:4c6a16c4-95d2-4ef7-9fc0-4f57ccbd9967
2019-10-15 03:19:24,085 [grpc-default-executor-3] INFO  impl.RoleInfo (RoleInfo.java:shutdownFollowerState(121)) - 742c26a8-c271-430a-a05a-c8bba3fa6d96: shutdown FollowerState
2019-10-15 03:19:24,085 [grpc-default-executor-5] INFO  impl.RaftServerImpl (RaftServerImpl.java:setRole(184)) - a910346c-1ee2-4cdc-a6d8-644a3a4f0b7f@group-5FF82F29B6C0: changes role from  FOLLOWER to FOLLOWER at term 145 for recognizeCandidate:4c6a16c4-95d2-4ef7-9fc0-4f57ccbd9967
2019-10-15 03:19:24,086 [Thread-1285] INFO  impl.FollowerState (FollowerState.java:run(117)) - 742c26a8-c271-430a-a05a-c8bba3fa6d96@group-5FF82F29B6C0-FollowerState was interrupted: java.lang.InterruptedException: sleep interrupted
2019-10-15 03:19:24,086 [grpc-default-executor-3] INFO  impl.RoleInfo (RoleInfo.java:updateAndGet(143)) - 742c26a8-c271-430a-a05a-c8bba3fa6d96: start FollowerState
2019-10-15 03:19:24,086 [grpc-default-executor-5] INFO  impl.RoleInfo (RoleInfo.java:shutdownFollowerState(121)) - a910346c-1ee2-4cdc-a6d8-644a3a4f0b7f: shutdown FollowerState
2019-10-15 03:19:24,087 [grpc-default-executor-5] INFO  impl.RoleInfo (RoleInfo.java:updateAndGet(143)) - a910346c-1ee2-4cdc-a6d8-644a3a4f0b7f: start FollowerState
2019-10-15 03:19:24,087 [Thread-1286] INFO  impl.FollowerState (FollowerState.java:run(117)) - a910346c-1ee2-4cdc-a6d8-644a3a4f0b7f@group-5FF82F29B6C0-FollowerState was interrupted: java.lang.InterruptedException: sleep interrupted
2019-10-15 03:19:24,112 [4c6a16c4-95d2-4ef7-9fc0-4f57ccbd9967@group-5FF82F29B6C0-LeaderElection142] INFO  impl.LeaderElection (LeaderElection.java:logAndReturn(56)) - 4c6a16c4-95d2-4ef7-9fc0-4f57ccbd9967@group-5FF82F29B6C0-LeaderElection142: Election REJECTED; received 2 response(s) [4c6a16c4-95d2-4ef7-9fc0-4f57ccbd9967<-742c26a8-c271-430a-a05a-c8bba3fa6d96#0:FAIL-t145, 4c6a16c4-95d2-4ef7-9fc0-4f57ccbd9967<-a910346c-1ee2-4cdc-a6d8-644a3a4f0b7f#0:FAIL-t145] and 0 exception(s); 4c6a16c4-95d2-4ef7-9fc0-4f57ccbd9967@group-5FF82F29B6C0:t145, leader=null, voted=4c6a16c4-95d2-4ef7-9fc0-4f57ccbd9967, raftlog=4c6a16c4-95d2-4ef7-9fc0-4f57ccbd9967@group-5FF82F29B6C0-SegmentedRaftLog:OPENED:c-1,f-1,i0, conf=-1: [4c6a16c4-95d2-4ef7-9fc0-4f57ccbd9967:192.168.5.131:39112, 742c26a8-c271-430a-a05a-c8bba3fa6d96:192.168.5.131:42235, a910346c-1ee2-4cdc-a6d8-644a3a4f0b7f:192.168.5.131:38193], old=null
2019-10-15 03:19:24,113 [4c6a16c4-95d2-4ef7-9fc0-4f57ccbd9967@group-5FF82F29B6C0-LeaderElection142] INFO  impl.RaftServerImpl (RaftServerImpl.java:setRole(184)) - 4c6a16c4-95d2-4ef7-9fc0-4f57ccbd9967@group-5FF82F29B6C0: changes role from CANDIDATE to FOLLOWER at term 145 for DISCOVERED_A_NEW_TERM
2019-10-15 03:19:24,113 [4c6a16c4-95d2-4ef7-9fc0-4f57ccbd9967@group-5FF82F29B6C0-LeaderElection142] INFO  impl.RoleInfo (RoleInfo.java:shutdownLeaderElection(134)) - 4c6a16c4-95d2-4ef7-9fc0-4f57ccbd9967: shutdown LeaderElection
2019-10-15 03:19:24,113 [4c6a16c4-95d2-4ef7-9fc0-4f57ccbd9967@group-5FF82F29B6C0-LeaderElection142] INFO  impl.RoleInfo (RoleInfo.java:updateAndGet(143)) - 4c6a16c4-95d2-4ef7-9fc0-4f57ccbd9967: start FollowerState
2019-10-15 03:19:24,258 [Thread-1293] INFO  impl.FollowerState (FollowerState.java:run(108)) - 4c6a16c4-95d2-4ef7-9fc0-4f57ccbd9967@group-5FF82F29B6C0-FollowerState: change to CANDIDATE, lastRpcTime:144ms, electionTimeout:144ms
2019-10-15 03:19:24,258 [Thread-1293] INFO  impl.RoleInfo (RoleInfo.java:shutdownFollowerState(121)) - 4c6a16c4-95d2-4ef7-9fc0-4f57ccbd9967: shutdown FollowerState
2019-10-15 03:19:24,258 [Thread-1293] INFO  impl.RaftServerImpl (RaftServerImpl.java:setRole(184)) - 4c6a16c4-95d2-4ef7-9fc0-4f57ccbd9967@group-5FF82F29B6C0: changes role from  FOLLOWER to CANDIDATE at term 145 for changeToCandidate
2019-10-15 03:19:24,258 [Thread-1293] INFO  impl.RoleInfo (RoleInfo.java:updateAndGet(143)) - 4c6a16c4-95d2-4ef7-9fc0-4f57ccbd9967: start LeaderElection
2019-10-15 03:19:24,345 [4c6a16c4-95d2-4ef7-9fc0-4f57ccbd9967@group-5FF82F29B6C0-LeaderElection143] INFO  impl.LeaderElection (LeaderElection.java:askForVotes(178)) - 4c6a16c4-95d2-4ef7-9fc0-4f57ccbd9967@group-5FF82F29B6C0-LeaderElection143: begin an election at term 146 for -1: [4c6a16c4-95d2-4ef7-9fc0-4f57ccbd9967:192.168.5.131:39112, 742c26a8-c271-430a-a05a-c8bba3fa6d96:192.168.5.131:42235, a910346c-1ee2-4cdc-a6d8-644a3a4f0b7f:192.168.5.131:38193], old=null
2019-10-15 03:19:24,348 [grpc-default-executor-3] INFO  impl.RaftServerImpl (RaftServerImpl.java:setRole(184)) - 742c26a8-c271-430a-a05a-c8bba3fa6d96@group-5FF82F29B6C0: changes role from  FOLLOWER to FOLLOWER at term 146 for recognizeCandidate:4c6a16c4-95d2-4ef7-9fc0-4f57ccbd9967
2019-10-15 03:19:24,349 [grpc-default-executor-3] INFO  impl.RoleInfo (RoleInfo.java:shutdownFollowerState(121)) - 742c26a8-c271-430a-a05a-c8bba3fa6d96: shutdown FollowerState
2019-10-15 03:19:24,349 [grpc-default-executor-5] INFO  impl.RaftServerImpl (RaftServerImpl.java:setRole(184)) - a910346c-1ee2-4cdc-a6d8-644a3a4f0b7f@group-5FF82F29B6C0: changes role from  FOLLOWER to FOLLOWER at term 146 for recognizeCandidate:4c6a16c4-95d2-4ef7-9fc0-4f57ccbd9967
2019-10-15 03:19:24,349 [Thread-1291] INFO  impl.FollowerState (FollowerState.java:run(117)) - 742c26a8-c271-430a-a05a-c8bba3fa6d96@group-5FF82F29B6C0-FollowerState was interrupted: java.lang.InterruptedException: sleep interrupted
2019-10-15 03:19:24,349 [grpc-default-executor-3] INFO  impl.RoleInfo (RoleInfo.java:updateAndGet(143)) - 742c26a8-c271-430a-a05a-c8bba3fa6d96: start FollowerState
2019-10-15 03:19:24,349 [grpc-default-executor-5] INFO  impl.RoleInfo (RoleInfo.java:shutdownFollowerState(121)) - a910346c-1ee2-4cdc-a6d8-644a3a4f0b7f: shutdown FollowerState
2019-10-15 03:19:24,350 [grpc-default-executor-5] INFO  impl.RoleInfo (RoleInfo.java:updateAndGet(143)) - a910346c-1ee2-4cdc-a6d8-644a3a4f0b7f: start FollowerState
2019-10-15 03:19:24,350 [Thread-1292] INFO  impl.FollowerState (FollowerState.java:run(117)) - a910346c-1ee2-4cdc-a6d8-644a3a4f0b7f@group-5FF82F29B6C0-FollowerState was interrupted: java.lang.InterruptedException: sleep interrupted
2019-10-15 03:19:24,358 [4c6a16c4-95d2-4ef7-9fc0-4f57ccbd9967@group-5FF82F29B6C0-LeaderElection143] INFO  impl.LeaderElection (LeaderElection.java:logAndReturn(56)) - 4c6a16c4-95d2-4ef7-9fc0-4f57ccbd9967@group-5FF82F29B6C0-LeaderElection143: Election REJECTED; received 2 response(s) [4c6a16c4-95d2-4ef7-9fc0-4f57ccbd9967<-742c26a8-c271-430a-a05a-c8bba3fa6d96#0:FAIL-t146, 4c6a16c4-95d2-4ef7-9fc0-4f57ccbd9967<-a910346c-1ee2-4cdc-a6d8-644a3a4f0b7f#0:FAIL-t146] and 0 exception(s); 4c6a16c4-95d2-4ef7-9fc0-4f57ccbd9967@group-5FF82F29B6C0:t146, leader=null, voted=4c6a16c4-95d2-4ef7-9fc0-4f57ccbd9967, raftlog=4c6a16c4-95d2-4ef7-9fc0-4f57ccbd9967@group-5FF82F29B6C0-SegmentedRaftLog:OPENED:c-1,f-1,i0, conf=-1: [4c6a16c4-95d2-4ef7-9fc0-4f57ccbd9967:192.168.5.131:39112, 742c26a8-c271-430a-a05a-c8bba3fa6d96:192.168.5.131:42235, a910346c-1ee2-4cdc-a6d8-644a3a4f0b7f:192.168.5.131:38193], old=null
2019-10-15 03:19:24,358 [4c6a16c4-95d2-4ef7-9fc0-4f57ccbd9967@group-5FF82F29B6C0-LeaderElection143] INFO  impl.RaftServerImpl (RaftServerImpl.java:setRole(184)) - 4c6a16c4-95d2-4ef7-9fc0-4f57ccbd9967@group-5FF82F29B6C0: changes role from CANDIDATE to FOLLOWER at term 146 for DISCOVERED_A_NEW_TERM
2019-10-15 03:19:24,358 [4c6a16c4-95d2-4ef7-9fc0-4f57ccbd9967@group-5FF82F29B6C0-LeaderElection143] INFO  impl.RoleInfo (RoleInfo.java:shutdownLeaderElection(134)) - 4c6a16c4-95d2-4ef7-9fc0-4f57ccbd9967: shutdown LeaderElection
2019-10-15 03:19:24,359 [4c6a16c4-95d2-4ef7-9fc0-4f57ccbd9967@group-5FF82F29B6C0-LeaderElection143] INFO  impl.RoleInfo (RoleInfo.java:updateAndGet(143)) - 4c6a16c4-95d2-4ef7-9fc0-4f57ccbd9967: start FollowerState
2019-10-15 03:19:24,480 [Thread-1299] INFO  impl.FollowerState (FollowerState.java:run(108)) - 4c6a16c4-95d2-4ef7-9fc0-4f57ccbd9967@group-5FF82F29B6C0-FollowerState: change to CANDIDATE, lastRpcTime:121ms, electionTimeout:121ms
2019-10-15 03:19:24,481 [Thread-1299] INFO  impl.RoleInfo (RoleInfo.java:shutdownFollowerState(121)) - 4c6a16c4-95d2-4ef7-9fc0-4f57ccbd9967: shutdown FollowerState
2019-10-15 03:19:24,481 [Thread-1299] INFO  impl.RaftServerImpl (RaftServerImpl.java:setRole(184)) - 4c6a16c4-95d2-4ef7-9fc0-4f57ccbd9967@group-5FF82F29B6C0: changes role from  FOLLOWER to CANDIDATE at term 146 for changeToCandidate
2019-10-15 03:19:24,481 [Thread-1299] INFO  impl.RoleInfo (RoleInfo.java:updateAndGet(143)) - 4c6a16c4-95d2-4ef7-9fc0-4f57ccbd9967: start LeaderElection
2019-10-15 03:19:24,488 [4c6a16c4-95d2-4ef7-9fc0-4f57ccbd9967@group-5FF82F29B6C0-LeaderElection144] INFO  impl.LeaderElection (LeaderElection.java:askForVotes(178)) - 4c6a16c4-95d2-4ef7-9fc0-4f57ccbd9967@group-5FF82F29B6C0-LeaderElection144: begin an election at term 147 for -1: [4c6a16c4-95d2-4ef7-9fc0-4f57ccbd9967:192.168.5.131:39112, 742c26a8-c271-430a-a05a-c8bba3fa6d96:192.168.5.131:42235, a910346c-1ee2-4cdc-a6d8-644a3a4f0b7f:192.168.5.131:38193], old=null
2019-10-15 03:19:24,491 [grpc-default-executor-5] INFO  impl.RaftServerImpl (RaftServerImpl.java:setRole(184)) - 742c26a8-c271-430a-a05a-c8bba3fa6d96@group-5FF82F29B6C0: changes role from  FOLLOWER to FOLLOWER at term 147 for recognizeCandidate:4c6a16c4-95d2-4ef7-9fc0-4f57ccbd9967
2019-10-15 03:19:24,492 [grpc-default-executor-5] INFO  impl.RoleInfo (RoleInfo.java:shutdownFollowerState(121)) - 742c26a8-c271-430a-a05a-c8bba3fa6d96: shutdown FollowerState
2019-10-15 03:19:24,492 [grpc-default-executor-3] INFO  impl.RaftServerImpl (RaftServerImpl.java:setRole(184)) - a910346c-1ee2-4cdc-a6d8-644a3a4f0b7f@group-5FF82F29B6C0: changes role from  FOLLOWER to FOLLOWER at term 147 for recognizeCandidate:4c6a16c4-95d2-4ef7-9fc0-4f57ccbd9967
2019-10-15 03:19:24,492 [grpc-default-executor-3] INFO  impl.RoleInfo (RoleInfo.java:shutdownFollowerState(121)) - a910346c-1ee2-4cdc-a6d8-644a3a4f0b7f: shutdown FollowerState
2019-10-15 03:19:24,492 [Thread-1297] INFO  impl.FollowerState (FollowerState.java:run(117)) - 742c26a8-c271-430a-a05a-c8bba3fa6d96@group-5FF82F29B6C0-FollowerState was interrupted: java.lang.InterruptedException: sleep interrupted
2019-10-15 03:19:24,492 [grpc-default-executor-5] INFO  impl.RoleInfo (RoleInfo.java:updateAndGet(143)) - 742c26a8-c271-430a-a05a-c8bba3fa6d96: start FollowerState
2019-10-15 03:19:24,492 [Thread-1298] INFO  impl.FollowerState (FollowerState.java:run(117)) - a910346c-1ee2-4cdc-a6d8-644a3a4f0b7f@group-5FF82F29B6C0-FollowerState was interrupted: java.lang.InterruptedException: sleep interrupted
2019-10-15 03:19:24,492 [grpc-default-executor-3] INFO  impl.RoleInfo (RoleInfo.java:updateAndGet(143)) - a910346c-1ee2-4cdc-a6d8-644a3a4f0b7f: start FollowerState
2019-10-15 03:19:24,522 [4c6a16c4-95d2-4ef7-9fc0-4f57ccbd9967@group-5FF82F29B6C0-LeaderElection144] INFO  impl.LeaderElection (LeaderElection.java:logAndReturn(56)) - 4c6a16c4-95d2-4ef7-9fc0-4f57ccbd9967@group-5FF82F29B6C0-LeaderElection144: Election REJECTED; received 2 response(s) [4c6a16c4-95d2-4ef7-9fc0-4f57ccbd9967<-742c26a8-c271-430a-a05a-c8bba3fa6d96#0:FAIL-t147, 4c6a16c4-95d2-4ef7-9fc0-4f57ccbd9967<-a910346c-1ee2-4cdc-a6d8-644a3a4f0b7f#0:FAIL-t147] and 0 exception(s); 4c6a16c4-95d2-4ef7-9fc0-4f57ccbd9967@group-5FF82F29B6C0:t147, leader=null, voted=4c6a16c4-95d2-4ef7-9fc0-4f57ccbd9967, raftlog=4c6a16c4-95d2-4ef7-9fc0-4f57ccbd9967@group-5FF82F29B6C0-SegmentedRaftLog:OPENED:c-1,f-1,i0, conf=-1: [4c6a16c4-95d2-4ef7-9fc0-4f57ccbd9967:192.168.5.131:39112, 742c26a8-c271-430a-a05a-c8bba3fa6d96:192.168.5.131:42235, a910346c-1ee2-4cdc-a6d8-644a3a4f0b7f:192.168.5.131:38193], old=null
2019-10-15 03:19:24,526 [4c6a16c4-95d2-4ef7-9fc0-4f57ccbd9967@group-5FF82F29B6C0-LeaderElection144] INFO  impl.RaftServerImpl (RaftServerImpl.java:setRole(184)) - 4c6a16c4-95d2-4ef7-9fc0-4f57ccbd9967@group-5FF82F29B6C0: changes role from CANDIDATE to FOLLOWER at term 147 for DISCOVERED_A_NEW_TERM
2019-10-15 03:19:24,528 [4c6a16c4-95d2-4ef7-9fc0-4f57ccbd9967@group-5FF82F29B6C0-LeaderElection144] INFO  impl.RoleInfo (RoleInfo.java:shutdownLeaderElection(134)) - 4c6a16c4-95d2-4ef7-9fc0-4f57ccbd9967: shutdown LeaderElection
2019-10-15 03:19:24,529 [4c6a16c4-95d2-4ef7-9fc0-4f57ccbd9967@group-5FF82F29B6C0-LeaderElection144] INFO  impl.RoleInfo (RoleInfo.java:updateAndGet(143)) - 4c6a16c4-95d2-4ef7-9fc0-4f57ccbd9967: start FollowerState
2019-10-15 03:19:24,541 [Thread-1309] INFO  impl.FollowerState (FollowerState.java:run(108)) - 4c6a16c4-95d2-4ef7-9fc0-4f57ccbd9967@group-5FF82F29B6C0-FollowerState: change to CANDIDATE, lastRpcTime:12ms, electionTimeout:10ms
2019-10-15 03:19:24,541 [Thread-1309] INFO  impl.RoleInfo (RoleInfo.java:shutdownFollowerState(121)) - 4c6a16c4-95d2-4ef7-9fc0-4f57ccbd9967: shutdown FollowerState
2019-10-15 03:19:24,542 [Thread-1309] INFO  impl.RaftServerImpl (RaftServerImpl.java:setRole(184)) - 4c6a16c4-95d2-4ef7-9fc0-4f57ccbd9967@group-5FF82F29B6C0: changes role from  FOLLOWER to CANDIDATE at term 147 for changeToCandidate
2019-10-15 03:19:24,542 [Thread-1309] INFO  impl.RoleInfo (RoleInfo.java:updateAndGet(143)) - 4c6a16c4-95d2-4ef7-9fc0-4f57ccbd9967: start LeaderElection
2019-10-15 03:19:24,561 [4c6a16c4-95d2-4ef7-9fc0-4f57ccbd9967@group-5FF82F29B6C0-LeaderElection145] INFO  impl.LeaderElection (LeaderElection.java:askForVotes(178)) - 4c6a16c4-95d2-4ef7-9fc0-4f57ccbd9967@group-5FF82F29B6C0-LeaderElection145: begin an election at term 148 for -1: [4c6a16c4-95d2-4ef7-9fc0-4f57ccbd9967:192.168.5.131:39112, 742c26a8-c271-430a-a05a-c8bba3fa6d96:192.168.5.131:42235, a910346c-1ee2-4cdc-a6d8-644a3a4f0b7f:192.168.5.131:38193], old=null
2019-10-15 03:19:24,564 [grpc-default-executor-3] INFO  impl.RaftServerImpl (RaftServerImpl.java:setRole(184)) - 742c26a8-c271-430a-a05a-c8bba3fa6d96@group-5FF82F29B6C0: changes role from  FOLLOWER to FOLLOWER at term 148 for recognizeCandidate:4c6a16c4-95d2-4ef7-9fc0-4f57ccbd9967
2019-10-15 03:19:24,564 [grpc-default-executor-3] INFO  impl.RoleInfo (RoleInfo.java:shutdownFollowerState(121)) - 742c26a8-c271-430a-a05a-c8bba3fa6d96: shutdown FollowerState
2019-10-15 03:19:24,564 [grpc-default-executor-5] INFO  impl.RaftServerImpl (RaftServerImpl.java:setRole(184)) - a910346c-1ee2-4cdc-a6d8-644a3a4f0b7f@group-5FF82F29B6C0: changes role from  FOLLOWER to FOLLOWER at term 148 for recognizeCandidate:4c6a16c4-95d2-4ef7-9fc0-4f57ccbd9967
2019-10-15 03:19:24,565 [Thread-1305] INFO  impl.FollowerState (FollowerState.java:run(117)) - 742c26a8-c271-430a-a05a-c8bba3fa6d96@group-5FF82F29B6C0-FollowerState was interrupted: java.lang.InterruptedException: sleep interrupted
2019-10-15 03:19:24,565 [grpc-default-executor-5] INFO  impl.RoleInfo (RoleInfo.java:shutdownFollowerState(121)) - a910346c-1ee2-4cdc-a6d8-644a3a4f0b7f: shutdown FollowerState
2019-10-15 03:19:24,564 [grpc-default-executor-3] INFO  impl.RoleInfo (RoleInfo.java:updateAndGet(143)) - 742c26a8-c271-430a-a05a-c8bba3fa6d96: start FollowerState
2019-10-15 03:19:24,565 [Thread-1306] INFO  impl.FollowerState (FollowerState.java:run(117)) - a910346c-1ee2-4cdc-a6d8-644a3a4f0b7f@group-5FF82F29B6C0-FollowerState was interrupted: java.lang.InterruptedException: sleep interrupted
2019-10-15 03:19:24,565 [grpc-default-executor-5] INFO  impl.RoleInfo (RoleInfo.java:updateAndGet(143)) - a910346c-1ee2-4cdc-a6d8-644a3a4f0b7f: start FollowerState
2019-10-15 03:19:24,588 [4c6a16c4-95d2-4ef7-9fc0-4f57ccbd9967@group-5FF82F29B6C0-LeaderElection145] INFO  impl.LeaderElection (LeaderElection.java:logAndReturn(56)) - 4c6a16c4-95d2-4ef7-9fc0-4f57ccbd9967@group-5FF82F29B6C0-LeaderElection145: Election REJECTED; received 2 response(s) [4c6a16c4-95d2-4ef7-9fc0-4f57ccbd9967<-742c26a8-c271-430a-a05a-c8bba3fa6d96#0:FAIL-t148, 4c6a16c4-95d2-4ef7-9fc0-4f57ccbd9967<-a910346c-1ee2-4cdc-a6d8-644a3a4f0b7f#0:FAIL-t148] and 0 exception(s); 4c6a16c4-95d2-4ef7-9fc0-4f57ccbd9967@group-5FF82F29B6C0:t148, leader=null, voted=4c6a16c4-95d2-4ef7-9fc0-4f57ccbd9967, raftlog=4c6a16c4-95d2-4ef7-9fc0-4f57ccbd9967@group-5FF82F29B6C0-SegmentedRaftLog:OPENED:c-1,f-1,i0, conf=-1: [4c6a16c4-95d2-4ef7-9fc0-4f57ccbd9967:192.168.5.131:39112, 742c26a8-c271-430a-a05a-c8bba3fa6d96:192.168.5.131:42235, a910346c-1ee2-4cdc-a6d8-644a3a4f0b7f:192.168.5.131:38193], old=null
2019-10-15 03:19:24,588 [4c6a16c4-95d2-4ef7-9fc0-4f57ccbd9967@group-5FF82F29B6C0-LeaderElection145] INFO  impl.RaftServerImpl (RaftServerImpl.java:setRole(184)) - 4c6a16c4-95d2-4ef7-9fc0-4f57ccbd9967@group-5FF82F29B6C0: changes role from CANDIDATE to FOLLOWER at term 148 for DISCOVERED_A_NEW_TERM
2019-10-15 03:19:24,589 [4c6a16c4-95d2-4ef7-9fc0-4f57ccbd9967@group-5FF82F29B6C0-LeaderElection145] INFO  impl.RoleInfo (RoleInfo.java:shutdownLeaderElection(134)) - 4c6a16c4-95d2-4ef7-9fc0-4f57ccbd9967: shutdown LeaderElection
2019-10-15 03:19:24,589 [4c6a16c4-95d2-4ef7-9fc0-4f57ccbd9967@group-5FF82F29B6C0-LeaderElection145] INFO  impl.RoleInfo (RoleInfo.java:updateAndGet(143)) - 4c6a16c4-95d2-4ef7-9fc0-4f57ccbd9967: start FollowerState
2019-10-15 03:19:24,722 [Thread-1315] INFO  impl.FollowerState (FollowerState.java:run(108)) - 4c6a16c4-95d2-4ef7-9fc0-4f57ccbd9967@group-5FF82F29B6C0-FollowerState: change to CANDIDATE, lastRpcTime:133ms, electionTimeout:133ms
2019-10-15 03:19:24,722 [Thread-1315] INFO  impl.RoleInfo (RoleInfo.java:shutdownFollowerState(121)) - 4c6a16c4-95d2-4ef7-9fc0-4f57ccbd9967: shutdown FollowerState
2019-10-15 03:19:24,723 [Thread-1315] INFO  impl.RaftServerImpl (RaftServerImpl.java:setRole(184)) - 4c6a16c4-95d2-4ef7-9fc0-4f57ccbd9967@group-5FF82F29B6C0: changes role from  FOLLOWER to CANDIDATE at term 148 for changeToCandidate
2019-10-15 03:19:24,723 [Thread-1315] INFO  impl.RoleInfo (RoleInfo.java:updateAndGet(143)) - 4c6a16c4-95d2-4ef7-9fc0-4f57ccbd9967: start LeaderElection
2019-10-15 03:19:24,737 [4c6a16c4-95d2-4ef7-9fc0-4f57ccbd9967@group-5FF82F29B6C0-LeaderElection146] INFO  impl.LeaderElection (LeaderElection.java:askForVotes(178)) - 4c6a16c4-95d2-4ef7-9fc0-4f57ccbd9967@group-5FF82F29B6C0-LeaderElection146: begin an election at term 149 for -1: [4c6a16c4-95d2-4ef7-9fc0-4f57ccbd9967:192.168.5.131:39112, 742c26a8-c271-430a-a05a-c8bba3fa6d96:192.168.5.131:42235, a910346c-1ee2-4cdc-a6d8-644a3a4f0b7f:192.168.5.131:38193], old=null
2019-10-15 03:19:24,740 [grpc-default-executor-5] INFO  impl.RaftServerImpl (RaftServerImpl.java:setRole(184)) - 742c26a8-c271-430a-a05a-c8bba3fa6d96@group-5FF82F29B6C0: changes role from  FOLLOWER to FOLLOWER at term 149 for recognizeCandidate:4c6a16c4-95d2-4ef7-9fc0-4f57ccbd9967
2019-10-15 03:19:24,740 [grpc-default-executor-5] INFO  impl.RoleInfo (RoleInfo.java:shutdownFollowerState(121)) - 742c26a8-c271-430a-a05a-c8bba3fa6d96: shutdown FollowerState
2019-10-15 03:19:24,740 [grpc-default-executor-5] INFO  impl.RoleInfo (RoleInfo.java:updateAndGet(143)) - 742c26a8-c271-430a-a05a-c8bba3fa6d96: start FollowerState
2019-10-15 03:19:24,740 [grpc-default-executor-3] INFO  impl.RaftServerImpl (RaftServerImpl.java:setRole(184)) - a910346c-1ee2-4cdc-a6d8-644a3a4f0b7f@group-5FF82F29B6C0: changes role from  FOLLOWER to FOLLOWER at term 149 for recognizeCandidate:4c6a16c4-95d2-4ef7-9fc0-4f57ccbd9967
2019-10-15 03:19:24,740 [Thread-1313] INFO  impl.FollowerState (FollowerState.java:run(117)) - 742c26a8-c271-430a-a05a-c8bba3fa6d96@group-5FF82F29B6C0-FollowerState was interrupted: java.lang.InterruptedException: sleep interrupted
2019-10-15 03:19:24,745 [grpc-default-executor-3] INFO  impl.RoleInfo (RoleInfo.java:shutdownFollowerState(121)) - a910346c-1ee2-4cdc-a6d8-644a3a4f0b7f: shutdown FollowerState
2019-10-15 03:19:24,747 [grpc-default-executor-3] INFO  impl.RoleInfo (RoleInfo.java:updateAndGet(143)) - a910346c-1ee2-4cdc-a6d8-644a3a4f0b7f: start FollowerState
2019-10-15 03:19:24,747 [Thread-1314] INFO  impl.FollowerState (FollowerState.java:run(117)) - a910346c-1ee2-4cdc-a6d8-644a3a4f0b7f@group-5FF82F29B6C0-FollowerState was interrupted: java.lang.InterruptedException: sleep interrupted
2019-10-15 03:19:24,773 [4c6a16c4-95d2-4ef7-9fc0-4f57ccbd9967@group-5FF82F29B6C0-LeaderElection146] INFO  impl.LeaderElection (LeaderElection.java:logAndReturn(56)) - 4c6a16c4-95d2-4ef7-9fc0-4f57ccbd9967@group-5FF82F29B6C0-LeaderElection146: Election REJECTED; received 2 response(s) [4c6a16c4-95d2-4ef7-9fc0-4f57ccbd9967<-742c26a8-c271-430a-a05a-c8bba3fa6d96#0:FAIL-t149, 4c6a16c4-95d2-4ef7-9fc0-4f57ccbd9967<-a910346c-1ee2-4cdc-a6d8-644a3a4f0b7f#0:FAIL-t149] and 0 exception(s); 4c6a16c4-95d2-4ef7-9fc0-4f57ccbd9967@group-5FF82F29B6C0:t149, leader=null, voted=4c6a16c4-95d2-4ef7-9fc0-4f57ccbd9967, raftlog=4c6a16c4-95d2-4ef7-9fc0-4f57ccbd9967@group-5FF82F29B6C0-SegmentedRaftLog:OPENED:c-1,f-1,i0, conf=-1: [4c6a16c4-95d2-4ef7-9fc0-4f57ccbd9967:192.168.5.131:39112, 742c26a8-c271-430a-a05a-c8bba3fa6d96:192.168.5.131:42235, a910346c-1ee2-4cdc-a6d8-644a3a4f0b7f:192.168.5.131:38193], old=null
2019-10-15 03:19:24,774 [4c6a16c4-95d2-4ef7-9fc0-4f57ccbd9967@group-5FF82F29B6C0-LeaderElection146] INFO  impl.RaftServerImpl (RaftServerImpl.java:setRole(184)) - 4c6a16c4-95d2-4ef7-9fc0-4f57ccbd9967@group-5FF82F29B6C0: changes role from CANDIDATE to FOLLOWER at term 149 for DISCOVERED_A_NEW_TERM
2019-10-15 03:19:24,774 [4c6a16c4-95d2-4ef7-9fc0-4f57ccbd9967@group-5FF82F29B6C0-LeaderElection146] INFO  impl.RoleInfo (RoleInfo.java:shutdownLeaderElection(134)) - 4c6a16c4-95d2-4ef7-9fc0-4f57ccbd9967: shutdown LeaderElection
2019-10-15 03:19:24,774 [4c6a16c4-95d2-4ef7-9fc0-4f57ccbd9967@group-5FF82F29B6C0-LeaderElection146] INFO  impl.RoleInfo (RoleInfo.java:updateAndGet(143)) - 4c6a16c4-95d2-4ef7-9fc0-4f57ccbd9967: start FollowerState
2019-10-15 03:19:24,943 [Thread-1321] INFO  impl.FollowerState (FollowerState.java:run(108)) - 4c6a16c4-95d2-4ef7-9fc0-4f57ccbd9967@group-5FF82F29B6C0-FollowerState: change to CANDIDATE, lastRpcTime:168ms, electionTimeout:168ms
2019-10-15 03:19:24,943 [Thread-1321] INFO  impl.RoleInfo (RoleInfo.java:shutdownFollowerState(121)) - 4c6a16c4-95d2-4ef7-9fc0-4f57ccbd9967: shutdown FollowerState
2019-10-15 03:19:24,943 [Thread-1321] INFO  impl.RaftServerImpl (RaftServerImpl.java:setRole(184)) - 4c6a16c4-95d2-4ef7-9fc0-4f57ccbd9967@group-5FF82F29B6C0: changes role from  FOLLOWER to CANDIDATE at term 149 for changeToCandidate
2019-10-15 03:19:24,944 [Thread-1321] INFO  impl.RoleInfo (RoleInfo.java:updateAndGet(143)) - 4c6a16c4-95d2-4ef7-9fc0-4f57ccbd9967: start LeaderElection
2019-10-15 03:19:24,958 [4c6a16c4-95d2-4ef7-9fc0-4f57ccbd9967@group-5FF82F29B6C0-LeaderElection147] INFO  impl.LeaderElection (LeaderElection.java:askForVotes(178)) - 4c6a16c4-95d2-4ef7-9fc0-4f57ccbd9967@group-5FF82F29B6C0-LeaderElection147: begin an election at term 150 for -1: [4c6a16c4-95d2-4ef7-9fc0-4f57ccbd9967:192.168.5.131:39112, 742c26a8-c271-430a-a05a-c8bba3fa6d96:192.168.5.131:42235, a910346c-1ee2-4cdc-a6d8-644a3a4f0b7f:192.168.5.131:38193], old=null
2019-10-15 03:19:24,962 [grpc-default-executor-5] INFO  impl.RaftServerImpl (RaftServerImpl.java:setRole(184)) - a910346c-1ee2-4cdc-a6d8-644a3a4f0b7f@group-5FF82F29B6C0: changes role from  FOLLOWER to FOLLOWER at term 150 for recognizeCandidate:4c6a16c4-95d2-4ef7-9fc0-4f57ccbd9967
2019-10-15 03:19:24,962 [grpc-default-executor-5] INFO  impl.RoleInfo (RoleInfo.java:shutdownFollowerState(121)) - a910346c-1ee2-4cdc-a6d8-644a3a4f0b7f: shutdown FollowerState
2019-10-15 03:19:24,962 [grpc-default-executor-3] INFO  impl.RaftServerImpl (RaftServerImpl.java:setRole(184)) - 742c26a8-c271-430a-a05a-c8bba3fa6d96@group-5FF82F29B6C0: changes role from  FOLLOWER to FOLLOWER at term 150 for recognizeCandidate:4c6a16c4-95d2-4ef7-9fc0-4f57ccbd9967
2019-10-15 03:19:24,962 [Thread-1320] INFO  impl.FollowerState (FollowerState.java:run(117)) - a910346c-1ee2-4cdc-a6d8-644a3a4f0b7f@group-5FF82F29B6C0-FollowerState was interrupted: java.lang.InterruptedException: sleep interrupted
2019-10-15 03:19:24,962 [grpc-default-executor-5] INFO  impl.RoleInfo (RoleInfo.java:updateAndGet(143)) - a910346c-1ee2-4cdc-a6d8-644a3a4f0b7f: start FollowerState
2019-10-15 03:19:24,962 [grpc-default-executor-3] INFO  impl.RoleInfo (RoleInfo.java:shutdownFollowerState(121)) - 742c26a8-c271-430a-a05a-c8bba3fa6d96: shutdown FollowerState
2019-10-15 03:19:24,963 [grpc-default-executor-3] INFO  impl.RoleInfo (RoleInfo.java:updateAndGet(143)) - 742c26a8-c271-430a-a05a-c8bba3fa6d96: start FollowerState
2019-10-15 03:19:24,963 [Thread-1319] INFO  impl.FollowerState (FollowerState.java:run(117)) - 742c26a8-c271-430a-a05a-c8bba3fa6d96@group-5FF82F29B6C0-FollowerState was interrupted: java.lang.InterruptedException: sleep interrupted
2019-10-15 03:19:24,979 [4c6a16c4-95d2-4ef7-9fc0-4f57ccbd9967@group-5FF82F29B6C0-LeaderElection147] INFO  impl.LeaderElection (LeaderElection.java:logAndReturn(56)) - 4c6a16c4-95d2-4ef7-9fc0-4f57ccbd9967@group-5FF82F29B6C0-LeaderElection147: Election REJECTED; received 2 response(s) [4c6a16c4-95d2-4ef7-9fc0-4f57ccbd9967<-742c26a8-c271-430a-a05a-c8bba3fa6d96#0:FAIL-t150, 4c6a16c4-95d2-4ef7-9fc0-4f57ccbd9967<-a910346c-1ee2-4cdc-a6d8-644a3a4f0b7f#0:FAIL-t150] and 0 exception(s); 4c6a16c4-95d2-4ef7-9fc0-4f57ccbd9967@group-5FF82F29B6C0:t150, leader=null, voted=4c6a16c4-95d2-4ef7-9fc0-4f57ccbd9967, raftlog=4c6a16c4-95d2-4ef7-9fc0-4f57ccbd9967@group-5FF82F29B6C0-SegmentedRaftLog:OPENED:c-1,f-1,i0, conf=-1: [4c6a16c4-95d2-4ef7-9fc0-4f57ccbd9967:192.168.5.131:39112, 742c26a8-c271-430a-a05a-c8bba3fa6d96:192.168.5.131:42235, a910346c-1ee2-4cdc-a6d8-644a3a4f0b7f:192.168.5.131:38193], old=null
2019-10-15 03:19:24,979 [4c6a16c4-95d2-4ef7-9fc0-4f57ccbd9967@group-5FF82F29B6C0-LeaderElection147] INFO  impl.RaftServerImpl (RaftServerImpl.java:setRole(184)) - 4c6a16c4-95d2-4ef7-9fc0-4f57ccbd9967@group-5FF82F29B6C0: changes role from CANDIDATE to FOLLOWER at term 150 for DISCOVERED_A_NEW_TERM
2019-10-15 03:19:24,980 [4c6a16c4-95d2-4ef7-9fc0-4f57ccbd9967@group-5FF82F29B6C0-LeaderElection147] INFO  impl.RoleInfo (RoleInfo.java:shutdownLeaderElection(134)) - 4c6a16c4-95d2-4ef7-9fc0-4f57ccbd9967: shutdown LeaderElection
2019-10-15 03:19:24,980 [4c6a16c4-95d2-4ef7-9fc0-4f57ccbd9967@group-5FF82F29B6C0-LeaderElection147] INFO  impl.RoleInfo (RoleInfo.java:updateAndGet(143)) - 4c6a16c4-95d2-4ef7-9fc0-4f57ccbd9967: start FollowerState
2019-10-15 03:19:24,992 [Thread-1329] INFO  impl.FollowerState (FollowerState.java:run(108)) - 4c6a16c4-95d2-4ef7-9fc0-4f57ccbd9967@group-5FF82F29B6C0-FollowerState: change to CANDIDATE, lastRpcTime:12ms, electionTimeout:12ms
2019-10-15 03:19:24,993 [Thread-1329] INFO  impl.RoleInfo (RoleInfo.java:shutdownFollowerState(121)) - 4c6a16c4-95d2-4ef7-9fc0-4f57ccbd9967: shutdown FollowerState
2019-10-15 03:19:24,993 [Thread-1329] INFO  impl.RaftServerImpl (RaftServerImpl.java:setRole(184)) - 4c6a16c4-95d2-4ef7-9fc0-4f57ccbd9967@group-5FF82F29B6C0: changes role from  FOLLOWER to CANDIDATE at term 150 for changeToCandidate
2019-10-15 03:19:24,993 [Thread-1329] INFO  impl.RoleInfo (RoleInfo.java:updateAndGet(143)) - 4c6a16c4-95d2-4ef7-9fc0-4f57ccbd9967: start LeaderElection
2019-10-15 03:19:25,022 [4c6a16c4-95d2-4ef7-9fc0-4f57ccbd9967@group-5FF82F29B6C0-LeaderElection148] INFO  impl.LeaderElection (LeaderElection.java:askForVotes(178)) - 4c6a16c4-95d2-4ef7-9fc0-4f57ccbd9967@group-5FF82F29B6C0-LeaderElection148: begin an election at term 151 for -1: [4c6a16c4-95d2-4ef7-9fc0-4f57ccbd9967:192.168.5.131:39112, 742c26a8-c271-430a-a05a-c8bba3fa6d96:192.168.5.131:42235, a910346c-1ee2-4cdc-a6d8-644a3a4f0b7f:192.168.5.131:38193], old=null
2019-10-15 03:19:25,027 [grpc-default-executor-3] INFO  impl.RaftServerImpl (RaftServerImpl.java:setRole(184)) - 742c26a8-c271-430a-a05a-c8bba3fa6d96@group-5FF82F29B6C0: changes role from  FOLLOWER to FOLLOWER at term 151 for recognizeCandidate:4c6a16c4-95d2-4ef7-9fc0-4f57ccbd9967
2019-10-15 03:19:25,027 [grpc-default-executor-5] INFO  impl.RaftServerImpl (RaftServerImpl.java:setRole(184)) - a910346c-1ee2-4cdc-a6d8-644a3a4f0b7f@group-5FF82F29B6C0: changes role from  FOLLOWER to FOLLOWER at term 151 for recognizeCandidate:4c6a16c4-95d2-4ef7-9fc0-4f57ccbd9967
2019-10-15 03:19:25,027 [grpc-default-executor-3] INFO  impl.RoleInfo (RoleInfo.java:shutdownFollowerState(121)) - 742c26a8-c271-430a-a05a-c8bba3fa6d96: shutdown FollowerState
2019-10-15 03:19:25,027 [grpc-default-executor-5] INFO  impl.RoleInfo (RoleInfo.java:shutdownFollowerState(121)) - a910346c-1ee2-4cdc-a6d8-644a3a4f0b7f: shutdown FollowerState
2019-10-15 03:19:25,027 [grpc-default-executor-3] INFO  impl.RoleInfo (RoleInfo.java:updateAndGet(143)) - 742c26a8-c271-430a-a05a-c8bba3fa6d96: start FollowerState
2019-10-15 03:19:25,027 [grpc-default-executor-5] INFO  impl.RoleInfo (RoleInfo.java:updateAndGet(143)) - a910346c-1ee2-4cdc-a6d8-644a3a4f0b7f: start FollowerState
2019-10-15 03:19:25,027 [Thread-1328] INFO  impl.FollowerState (FollowerState.java:run(117)) - 742c26a8-c271-430a-a05a-c8bba3fa6d96@group-5FF82F29B6C0-FollowerState was interrupted: java.lang.InterruptedException: sleep interrupted
2019-10-15 03:19:25,027 [Thread-1327] INFO  impl.FollowerState (FollowerState.java:run(117)) - a910346c-1ee2-4cdc-a6d8-644a3a4f0b7f@group-5FF82F29B6C0-FollowerState was interrupted: java.lang.InterruptedException: sleep interrupted
2019-10-15 03:19:25,039 [4c6a16c4-95d2-4ef7-9fc0-4f57ccbd9967@group-5FF82F29B6C0-LeaderElection148] INFO  impl.LeaderElection (LeaderElection.java:logAndReturn(56)) - 4c6a16c4-95d2-4ef7-9fc0-4f57ccbd9967@group-5FF82F29B6C0-LeaderElection148: Election REJECTED; received 2 response(s) [4c6a16c4-95d2-4ef7-9fc0-4f57ccbd9967<-742c26a8-c271-430a-a05a-c8bba3fa6d96#0:FAIL-t151, 4c6a16c4-95d2-4ef7-9fc0-4f57ccbd9967<-a910346c-1ee2-4cdc-a6d8-644a3a4f0b7f#0:FAIL-t151] and 0 exception(s); 4c6a16c4-95d2-4ef7-9fc0-4f57ccbd9967@group-5FF82F29B6C0:t151, leader=null, voted=4c6a16c4-95d2-4ef7-9fc0-4f57ccbd9967, raftlog=4c6a16c4-95d2-4ef7-9fc0-4f57ccbd9967@group-5FF82F29B6C0-SegmentedRaftLog:OPENED:c-1,f-1,i0, conf=-1: [4c6a16c4-95d2-4ef7-9fc0-4f57ccbd9967:192.168.5.131:39112, 742c26a8-c271-430a-a05a-c8bba3fa6d96:192.168.5.131:42235, a910346c-1ee2-4cdc-a6d8-644a3a4f0b7f:192.168.5.131:38193], old=null
2019-10-15 03:19:25,039 [4c6a16c4-95d2-4ef7-9fc0-4f57ccbd9967@group-5FF82F29B6C0-LeaderElection148] INFO  impl.RaftServerImpl (RaftServerImpl.java:setRole(184)) - 4c6a16c4-95d2-4ef7-9fc0-4f57ccbd9967@group-5FF82F29B6C0: changes role from CANDIDATE to FOLLOWER at term 151 for DISCOVERED_A_NEW_TERM
2019-10-15 03:19:25,039 [4c6a16c4-95d2-4ef7-9fc0-4f57ccbd9967@group-5FF82F29B6C0-LeaderElection148] INFO  impl.RoleInfo (RoleInfo.java:shutdownLeaderElection(134)) - 4c6a16c4-95d2-4ef7-9fc0-4f57ccbd9967: shutdown LeaderElection
2019-10-15 03:19:25,039 [4c6a16c4-95d2-4ef7-9fc0-4f57ccbd9967@group-5FF82F29B6C0-LeaderElection148] INFO  impl.RoleInfo (RoleInfo.java:updateAndGet(143)) - 4c6a16c4-95d2-4ef7-9fc0-4f57ccbd9967: start FollowerState
2019-10-15 03:19:25,067 [Thread-1335] INFO  impl.FollowerState (FollowerState.java:run(108)) - 4c6a16c4-95d2-4ef7-9fc0-4f57ccbd9967@group-5FF82F29B6C0-FollowerState: change to CANDIDATE, lastRpcTime:27ms, electionTimeout:27ms
2019-10-15 03:19:25,067 [Thread-1335] INFO  impl.RoleInfo (RoleInfo.java:shutdownFollowerState(121)) - 4c6a16c4-95d2-4ef7-9fc0-4f57ccbd9967: shutdown FollowerState
2019-10-15 03:19:25,067 [Thread-1335] INFO  impl.RaftServerImpl (RaftServerImpl.java:setRole(184)) - 4c6a16c4-95d2-4ef7-9fc0-4f57ccbd9967@group-5FF82F29B6C0: changes role from  FOLLOWER to CANDIDATE at term 151 for changeToCandidate
2019-10-15 03:19:25,067 [Thread-1335] INFO  impl.RoleInfo (RoleInfo.java:updateAndGet(143)) - 4c6a16c4-95d2-4ef7-9fc0-4f57ccbd9967: start LeaderElection
2019-10-15 03:19:25,081 [4c6a16c4-95d2-4ef7-9fc0-4f57ccbd9967@group-5FF82F29B6C0-LeaderElection149] INFO  impl.LeaderElection (LeaderElection.java:askForVotes(178)) - 4c6a16c4-95d2-4ef7-9fc0-4f57ccbd9967@group-5FF82F29B6C0-LeaderElection149: begin an election at term 152 for -1: [4c6a16c4-95d2-4ef7-9fc0-4f57ccbd9967:192.168.5.131:39112, 742c26a8-c271-430a-a05a-c8bba3fa6d96:192.168.5.131:42235, a910346c-1ee2-4cdc-a6d8-644a3a4f0b7f:192.168.5.131:38193], old=null
2019-10-15 03:19:25,083 [grpc-default-executor-5] INFO  impl.RaftServerImpl (RaftServerImpl.java:setRole(184)) - 742c26a8-c271-430a-a05a-c8bba3fa6d96@group-5FF82F29B6C0: changes role from  FOLLOWER to FOLLOWER at term 152 for recognizeCandidate:4c6a16c4-95d2-4ef7-9fc0-4f57ccbd9967
2019-10-15 03:19:25,084 [grpc-default-executor-5] INFO  impl.RoleInfo (RoleInfo.java:shutdownFollowerState(121)) - 742c26a8-c271-430a-a05a-c8bba3fa6d96: shutdown FollowerState
2019-10-15 03:19:25,084 [grpc-default-executor-5] INFO  impl.RoleInfo (RoleInfo.java:updateAndGet(143)) - 742c26a8-c271-430a-a05a-c8bba3fa6d96: start FollowerState
2019-10-15 03:19:25,084 [Thread-1333] INFO  impl.FollowerState (FollowerState.java:run(117)) - 742c26a8-c271-430a-a05a-c8bba3fa6d96@group-5FF82F29B6C0-FollowerState was interrupted: java.lang.InterruptedException: sleep interrupted
2019-10-15 03:19:25,084 [grpc-default-executor-3] INFO  impl.RaftServerImpl (RaftServerImpl.java:setRole(184)) - a910346c-1ee2-4cdc-a6d8-644a3a4f0b7f@group-5FF82F29B6C0: changes role from  FOLLOWER to FOLLOWER at term 152 for recognizeCandidate:4c6a16c4-95d2-4ef7-9fc0-4f57ccbd9967
2019-10-15 03:19:25,084 [grpc-default-executor-3] INFO  impl.RoleInfo (RoleInfo.java:shutdownFollowerState(121)) - a910346c-1ee2-4cdc-a6d8-644a3a4f0b7f: shutdown FollowerState
2019-10-15 03:19:25,085 [grpc-default-executor-3] INFO  impl.RoleInfo (RoleInfo.java:updateAndGet(143)) - a910346c-1ee2-4cdc-a6d8-644a3a4f0b7f: start FollowerState
2019-10-15 03:19:25,085 [Thread-1334] INFO  impl.FollowerState (FollowerState.java:run(117)) - a910346c-1ee2-4cdc-a6d8-644a3a4f0b7f@group-5FF82F29B6C0-FollowerState was interrupted: java.lang.InterruptedException: sleep interrupted
2019-10-15 03:19:25,097 [4c6a16c4-95d2-4ef7-9fc0-4f57ccbd9967@group-5FF82F29B6C0-LeaderElection149] INFO  impl.LeaderElection (LeaderElection.java:logAndReturn(56)) - 4c6a16c4-95d2-4ef7-9fc0-4f57ccbd9967@group-5FF82F29B6C0-LeaderElection149: Election TIMEOUT; received 0 response(s) [] and 0 exception(s); 4c6a16c4-95d2-4ef7-9fc0-4f57ccbd9967@group-5FF82F29B6C0:t152, leader=null, voted=4c6a16c4-95d2-4ef7-9fc0-4f57ccbd9967, raftlog=4c6a16c4-95d2-4ef7-9fc0-4f57ccbd9967@group-5FF82F29B6C0-SegmentedRaftLog:OPENED:c-1,f-1,i0, conf=-1: [4c6a16c4-95d2-4ef7-9fc0-4f57ccbd9967:192.168.5.131:39112, 742c26a8-c271-430a-a05a-c8bba3fa6d96:192.168.5.131:42235, a910346c-1ee2-4cdc-a6d8-644a3a4f0b7f:192.168.5.131:38193], old=null
2019-10-15 03:19:25,112 [4c6a16c4-95d2-4ef7-9fc0-4f57ccbd9967@group-5FF82F29B6C0-LeaderElection149] INFO  impl.LeaderElection (LeaderElection.java:askForVotes(178)) - 4c6a16c4-95d2-4ef7-9fc0-4f57ccbd9967@group-5FF82F29B6C0-LeaderElection149: begin an election at term 153 for -1: [4c6a16c4-95d2-4ef7-9fc0-4f57ccbd9967:192.168.5.131:39112, 742c26a8-c271-430a-a05a-c8bba3fa6d96:192.168.5.131:42235, a910346c-1ee2-4cdc-a6d8-644a3a4f0b7f:192.168.5.131:38193], old=null
2019-10-15 03:19:25,115 [grpc-default-executor-3] INFO  impl.RaftServerImpl (RaftServerImpl.java:setRole(184)) - 742c26a8-c271-430a-a05a-c8bba3fa6d96@group-5FF82F29B6C0: changes role from  FOLLOWER to FOLLOWER at term 153 for recognizeCandidate:4c6a16c4-95d2-4ef7-9fc0-4f57ccbd9967
2019-10-15 03:19:25,115 [grpc-default-executor-3] INFO  impl.RoleInfo (RoleInfo.java:shutdownFollowerState(121)) - 742c26a8-c271-430a-a05a-c8bba3fa6d96: shutdown FollowerState
2019-10-15 03:19:25,115 [grpc-default-executor-3] INFO  impl.RoleInfo (RoleInfo.java:updateAndGet(143)) - 742c26a8-c271-430a-a05a-c8bba3fa6d96: start FollowerState
2019-10-15 03:19:25,115 [Thread-1339] INFO  impl.FollowerState (FollowerState.java:run(117)) - 742c26a8-c271-430a-a05a-c8bba3fa6d96@group-5FF82F29B6C0-FollowerState was interrupted: java.lang.InterruptedException: sleep interrupted
2019-10-15 03:19:25,115 [grpc-default-executor-5] INFO  impl.RaftServerImpl (RaftServerImpl.java:setRole(184)) - a910346c-1ee2-4cdc-a6d8-644a3a4f0b7f@group-5FF82F29B6C0: changes role from  FOLLOWER to FOLLOWER at term 153 for recognizeCandidate:4c6a16c4-95d2-4ef7-9fc0-4f57ccbd9967
2019-10-15 03:19:25,116 [grpc-default-executor-5] INFO  impl.RoleInfo (RoleInfo.java:shutdownFollowerState(121)) - a910346c-1ee2-4cdc-a6d8-644a3a4f0b7f: shutdown FollowerState
2019-10-15 03:19:25,116 [grpc-default-executor-5] INFO  impl.RoleInfo (RoleInfo.java:updateAndGet(143)) - a910346c-1ee2-4cdc-a6d8-644a3a4f0b7f: start FollowerState
2019-10-15 03:19:25,116 [Thread-1340] INFO  impl.FollowerState (FollowerState.java:run(117)) - a910346c-1ee2-4cdc-a6d8-644a3a4f0b7f@group-5FF82F29B6C0-FollowerState was interrupted: java.lang.InterruptedException: sleep interrupted
2019-10-15 03:19:25,130 [4c6a16c4-95d2-4ef7-9fc0-4f57ccbd9967@group-5FF82F29B6C0-LeaderElection149] INFO  impl.LeaderElection (LeaderElection.java:logAndReturn(56)) - 4c6a16c4-95d2-4ef7-9fc0-4f57ccbd9967@group-5FF82F29B6C0-LeaderElection149: Election REJECTED; received 2 response(s) [4c6a16c4-95d2-4ef7-9fc0-4f57ccbd9967<-742c26a8-c271-430a-a05a-c8bba3fa6d96#0:FAIL-t153, 4c6a16c4-95d2-4ef7-9fc0-4f57ccbd9967<-a910346c-1ee2-4cdc-a6d8-644a3a4f0b7f#0:FAIL-t153] and 0 exception(s); 4c6a16c4-95d2-4ef7-9fc0-4f57ccbd9967@group-5FF82F29B6C0:t153, leader=null, voted=4c6a16c4-95d2-4ef7-9fc0-4f57ccbd9967, raftlog=4c6a16c4-95d2-4ef7-9fc0-4f57ccbd9967@group-5FF82F29B6C0-SegmentedRaftLog:OPENED:c-1,f-1,i0, conf=-1: [4c6a16c4-95d2-4ef7-9fc0-4f57ccbd9967:192.168.5.131:39112, 742c26a8-c271-430a-a05a-c8bba3fa6d96:192.168.5.131:42235, a910346c-1ee2-4cdc-a6d8-644a3a4f0b7f:192.168.5.131:38193], old=null
2019-10-15 03:19:25,130 [4c6a16c4-95d2-4ef7-9fc0-4f57ccbd9967@group-5FF82F29B6C0-LeaderElection149] INFO  impl.RaftServerImpl (RaftServerImpl.java:setRole(184)) - 4c6a16c4-95d2-4ef7-9fc0-4f57ccbd9967@group-5FF82F29B6C0: changes role from CANDIDATE to FOLLOWER at term 153 for DISCOVERED_A_NEW_TERM
2019-10-15 03:19:25,130 [4c6a16c4-95d2-4ef7-9fc0-4f57ccbd9967@group-5FF82F29B6C0-LeaderElection149] INFO  impl.RoleInfo (RoleInfo.java:shutdownLeaderElection(134)) - 4c6a16c4-95d2-4ef7-9fc0-4f57ccbd9967: shutdown LeaderElection
2019-10-15 03:19:25,131 [4c6a16c4-95d2-4ef7-9fc0-4f57ccbd9967@group-5FF82F29B6C0-LeaderElection149] INFO  impl.RoleInfo (RoleInfo.java:updateAndGet(143)) - 4c6a16c4-95d2-4ef7-9fc0-4f57ccbd9967: start FollowerState
2019-10-15 03:19:25,214 [Thread-1345] INFO  impl.FollowerState (FollowerState.java:run(108)) - 4c6a16c4-95d2-4ef7-9fc0-4f57ccbd9967@group-5FF82F29B6C0-FollowerState: change to CANDIDATE, lastRpcTime:83ms, electionTimeout:83ms
2019-10-15 03:19:25,215 [Thread-1345] INFO  impl.RoleInfo (RoleInfo.java:shutdownFollowerState(121)) - 4c6a16c4-95d2-4ef7-9fc0-4f57ccbd9967: shutdown FollowerState
2019-10-15 03:19:25,215 [Thread-1345] INFO  impl.RaftServerImpl (RaftServerImpl.java:setRole(184)) - 4c6a16c4-95d2-4ef7-9fc0-4f57ccbd9967@group-5FF82F29B6C0: changes role from  FOLLOWER to CANDIDATE at term 153 for changeToCandidate
2019-10-15 03:19:25,215 [Thread-1345] INFO  impl.RoleInfo (RoleInfo.java:updateAndGet(143)) - 4c6a16c4-95d2-4ef7-9fc0-4f57ccbd9967: start LeaderElection
2019-10-15 03:19:25,229 [4c6a16c4-95d2-4ef7-9fc0-4f57ccbd9967@group-5FF82F29B6C0-LeaderElection150] INFO  impl.LeaderElection (LeaderElection.java:askForVotes(178)) - 4c6a16c4-95d2-4ef7-9fc0-4f57ccbd9967@group-5FF82F29B6C0-LeaderElection150: begin an election at term 154 for -1: [4c6a16c4-95d2-4ef7-9fc0-4f57ccbd9967:192.168.5.131:39112, 742c26a8-c271-430a-a05a-c8bba3fa6d96:192.168.5.131:42235, a910346c-1ee2-4cdc-a6d8-644a3a4f0b7f:192.168.5.131:38193], old=null
2019-10-15 03:19:25,232 [grpc-default-executor-5] INFO  impl.RaftServerImpl (RaftServerImpl.java:setRole(184)) - 742c26a8-c271-430a-a05a-c8bba3fa6d96@group-5FF82F29B6C0: changes role from  FOLLOWER to FOLLOWER at term 154 for recognizeCandidate:4c6a16c4-95d2-4ef7-9fc0-4f57ccbd9967
2019-10-15 03:19:25,232 [grpc-default-executor-5] INFO  impl.RoleInfo (RoleInfo.java:shutdownFollowerState(121)) - 742c26a8-c271-430a-a05a-c8bba3fa6d96: shutdown FollowerState
2019-10-15 03:19:25,232 [grpc-default-executor-3] INFO  impl.RaftServerImpl (RaftServerImpl.java:setRole(184)) - a910346c-1ee2-4cdc-a6d8-644a3a4f0b7f@group-5FF82F29B6C0: changes role from  FOLLOWER to FOLLOWER at term 154 for recognizeCandidate:4c6a16c4-95d2-4ef7-9fc0-4f57ccbd9967
2019-10-15 03:19:25,232 [Thread-1343] INFO  impl.FollowerState (FollowerState.java:run(117)) - 742c26a8-c271-430a-a05a-c8bba3fa6d96@group-5FF82F29B6C0-FollowerState was interrupted: java.lang.InterruptedException: sleep interrupted
2019-10-15 03:19:25,232 [grpc-default-executor-5] INFO  impl.RoleInfo (RoleInfo.java:updateAndGet(143)) - 742c26a8-c271-430a-a05a-c8bba3fa6d96: start FollowerState
2019-10-15 03:19:25,233 [grpc-default-executor-3] INFO  impl.RoleInfo (RoleInfo.java:shutdownFollowerState(121)) - a910346c-1ee2-4cdc-a6d8-644a3a4f0b7f: shutdown FollowerState
2019-10-15 03:19:25,233 [grpc-default-executor-3] INFO  impl.RoleInfo (RoleInfo.java:updateAndGet(143)) - a910346c-1ee2-4cdc-a6d8-644a3a4f0b7f: start FollowerState
2019-10-15 03:19:25,233 [Thread-1344] INFO  impl.FollowerState (FollowerState.java:run(117)) - a910346c-1ee2-4cdc-a6d8-644a3a4f0b7f@group-5FF82F29B6C0-FollowerState was interrupted: java.lang.InterruptedException: sleep interrupted
2019-10-15 03:19:25,259 [4c6a16c4-95d2-4ef7-9fc0-4f57ccbd9967@group-5FF82F29B6C0-LeaderElection150] INFO  impl.LeaderElection (LeaderElection.java:logAndReturn(56)) - 4c6a16c4-95d2-4ef7-9fc0-4f57ccbd9967@group-5FF82F29B6C0-LeaderElection150: Election REJECTED; received 2 response(s) [4c6a16c4-95d2-4ef7-9fc0-4f57ccbd9967<-742c26a8-c271-430a-a05a-c8bba3fa6d96#0:FAIL-t154, 4c6a16c4-95d2-4ef7-9fc0-4f57ccbd9967<-a910346c-1ee2-4cdc-a6d8-644a3a4f0b7f#0:FAIL-t154] and 0 exception(s); 4c6a16c4-95d2-4ef7-9fc0-4f57ccbd9967@group-5FF82F29B6C0:t154, leader=null, voted=4c6a16c4-95d2-4ef7-9fc0-4f57ccbd9967, raftlog=4c6a16c4-95d2-4ef7-9fc0-4f57ccbd9967@group-5FF82F29B6C0-SegmentedRaftLog:OPENED:c-1,f-1,i0, conf=-1: [4c6a16c4-95d2-4ef7-9fc0-4f57ccbd9967:192.168.5.131:39112, 742c26a8-c271-430a-a05a-c8bba3fa6d96:192.168.5.131:42235, a910346c-1ee2-4cdc-a6d8-644a3a4f0b7f:192.168.5.131:38193], old=null
2019-10-15 03:19:25,259 [4c6a16c4-95d2-4ef7-9fc0-4f57ccbd9967@group-5FF82F29B6C0-LeaderElection150] INFO  impl.RaftServerImpl (RaftServerImpl.java:setRole(184)) - 4c6a16c4-95d2-4ef7-9fc0-4f57ccbd9967@group-5FF82F29B6C0: changes role from CANDIDATE to FOLLOWER at term 154 for DISCOVERED_A_NEW_TERM
2019-10-15 03:19:25,259 [4c6a16c4-95d2-4ef7-9fc0-4f57ccbd9967@group-5FF82F29B6C0-LeaderElection150] INFO  impl.RoleInfo (RoleInfo.java:shutdownLeaderElection(134)) - 4c6a16c4-95d2-4ef7-9fc0-4f57ccbd9967: shutdown LeaderElection
2019-10-15 03:19:25,259 [4c6a16c4-95d2-4ef7-9fc0-4f57ccbd9967@group-5FF82F29B6C0-LeaderElection150] INFO  impl.RoleInfo (RoleInfo.java:updateAndGet(143)) - 4c6a16c4-95d2-4ef7-9fc0-4f57ccbd9967: start FollowerState
2019-10-15 03:19:25,363 [Thread-1351] INFO  impl.FollowerState (FollowerState.java:run(108)) - 4c6a16c4-95d2-4ef7-9fc0-4f57ccbd9967@group-5FF82F29B6C0-FollowerState: change to CANDIDATE, lastRpcTime:103ms, electionTimeout:103ms
2019-10-15 03:19:25,363 [Thread-1351] INFO  impl.RoleInfo (RoleInfo.java:shutdownFollowerState(121)) - 4c6a16c4-95d2-4ef7-9fc0-4f57ccbd9967: shutdown FollowerState
2019-10-15 03:19:25,363 [Thread-1351] INFO  impl.RaftServerImpl (RaftServerImpl.java:setRole(184)) - 4c6a16c4-95d2-4ef7-9fc0-4f57ccbd9967@group-5FF82F29B6C0: changes role from  FOLLOWER to CANDIDATE at term 154 for changeToCandidate
2019-10-15 03:19:25,363 [Thread-1351] INFO  impl.RoleInfo (RoleInfo.java:updateAndGet(143)) - 4c6a16c4-95d2-4ef7-9fc0-4f57ccbd9967: start LeaderElection
2019-10-15 03:19:25,379 [4c6a16c4-95d2-4ef7-9fc0-4f57ccbd9967@group-5FF82F29B6C0-LeaderElection151] INFO  impl.LeaderElection (LeaderElection.java:askForVotes(178)) - 4c6a16c4-95d2-4ef7-9fc0-4f57ccbd9967@group-5FF82F29B6C0-LeaderElection151: begin an election at term 155 for -1: [4c6a16c4-95d2-4ef7-9fc0-4f57ccbd9967:192.168.5.131:39112, 742c26a8-c271-430a-a05a-c8bba3fa6d96:192.168.5.131:42235, a910346c-1ee2-4cdc-a6d8-644a3a4f0b7f:192.168.5.131:38193], old=null
2019-10-15 03:19:25,382 [grpc-default-executor-3] INFO  impl.RaftServerImpl (RaftServerImpl.java:setRole(184)) - a910346c-1ee2-4cdc-a6d8-644a3a4f0b7f@group-5FF82F29B6C0: changes role from  FOLLOWER to FOLLOWER at term 155 for recognizeCandidate:4c6a16c4-95d2-4ef7-9fc0-4f57ccbd9967
2019-10-15 03:19:25,382 [grpc-default-executor-5] INFO  impl.RaftServerImpl (RaftServerImpl.java:setRole(184)) - 742c26a8-c271-430a-a05a-c8bba3fa6d96@group-5FF82F29B6C0: changes role from  FOLLOWER to FOLLOWER at term 155 for recognizeCandidate:4c6a16c4-95d2-4ef7-9fc0-4f57ccbd9967
2019-10-15 03:19:25,382 [grpc-default-executor-3] INFO  impl.RoleInfo (RoleInfo.java:shutdownFollowerState(121)) - a910346c-1ee2-4cdc-a6d8-644a3a4f0b7f: shutdown FollowerState
2019-10-15 03:19:25,382 [grpc-default-executor-5] INFO  impl.RoleInfo (RoleInfo.java:shutdownFollowerState(121)) - 742c26a8-c271-430a-a05a-c8bba3fa6d96: shutdown FollowerState
2019-10-15 03:19:25,382 [Thread-1350] INFO  impl.FollowerState (FollowerState.java:run(117)) - a910346c-1ee2-4cdc-a6d8-644a3a4f0b7f@group-5FF82F29B6C0-FollowerState was interrupted: java.lang.InterruptedException: sleep interrupted
2019-10-15 03:19:25,383 [Thread-1349] INFO  impl.FollowerState (FollowerState.java:run(117)) - 742c26a8-c271-430a-a05a-c8bba3fa6d96@group-5FF82F29B6C0-FollowerState was interrupted: java.lang.InterruptedException: sleep interrupted
2019-10-15 03:19:25,382 [grpc-default-executor-3] INFO  impl.RoleInfo (RoleInfo.java:updateAndGet(143)) - a910346c-1ee2-4cdc-a6d8-644a3a4f0b7f: start FollowerState
2019-10-15 03:19:25,382 [grpc-default-executor-5] INFO  impl.RoleInfo (RoleInfo.java:updateAndGet(143)) - 742c26a8-c271-430a-a05a-c8bba3fa6d96: start FollowerState
2019-10-15 03:19:25,389 [4c6a16c4-95d2-4ef7-9fc0-4f57ccbd9967@group-5FF82F29B6C0-LeaderElection151] INFO  impl.LeaderElection (LeaderElection.java:logAndReturn(56)) - 4c6a16c4-95d2-4ef7-9fc0-4f57ccbd9967@group-5FF82F29B6C0-LeaderElection151: Election TIMEOUT; received 0 response(s) [] and 0 exception(s); 4c6a16c4-95d2-4ef7-9fc0-4f57ccbd9967@group-5FF82F29B6C0:t155, leader=null, voted=4c6a16c4-95d2-4ef7-9fc0-4f57ccbd9967, raftlog=4c6a16c4-95d2-4ef7-9fc0-4f57ccbd9967@group-5FF82F29B6C0-SegmentedRaftLog:OPENED:c-1,f-1,i0, conf=-1: [4c6a16c4-95d2-4ef7-9fc0-4f57ccbd9967:192.168.5.131:39112, 742c26a8-c271-430a-a05a-c8bba3fa6d96:192.168.5.131:42235, a910346c-1ee2-4cdc-a6d8-644a3a4f0b7f:192.168.5.131:38193], old=null
2019-10-15 03:19:25,397 [4c6a16c4-95d2-4ef7-9fc0-4f57ccbd9967@group-5FF82F29B6C0-LeaderElection151] INFO  impl.LeaderElection (LeaderElection.java:askForVotes(178)) - 4c6a16c4-95d2-4ef7-9fc0-4f57ccbd9967@group-5FF82F29B6C0-LeaderElection151: begin an election at term 156 for -1: [4c6a16c4-95d2-4ef7-9fc0-4f57ccbd9967:192.168.5.131:39112, 742c26a8-c271-430a-a05a-c8bba3fa6d96:192.168.5.131:42235, a910346c-1ee2-4cdc-a6d8-644a3a4f0b7f:192.168.5.131:38193], old=null
2019-10-15 03:19:25,400 [grpc-default-executor-3] INFO  impl.RaftServerImpl (RaftServerImpl.java:setRole(184)) - 742c26a8-c271-430a-a05a-c8bba3fa6d96@group-5FF82F29B6C0: changes role from  FOLLOWER to FOLLOWER at term 156 for recognizeCandidate:4c6a16c4-95d2-4ef7-9fc0-4f57ccbd9967
2019-10-15 03:19:25,400 [grpc-default-executor-5] INFO  impl.RaftServerImpl (RaftServerImpl.java:setRole(184)) - a910346c-1ee2-4cdc-a6d8-644a3a4f0b7f@group-5FF82F29B6C0: changes role from  FOLLOWER to FOLLOWER at term 156 for recognizeCandidate:4c6a16c4-95d2-4ef7-9fc0-4f57ccbd9967
2019-10-15 03:19:25,400 [grpc-default-executor-3] INFO  impl.RoleInfo (RoleInfo.java:shutdownFollowerState(121)) - 742c26a8-c271-430a-a05a-c8bba3fa6d96: shutdown FollowerState
2019-10-15 03:19:25,400 [grpc-default-executor-5] INFO  impl.RoleInfo (RoleInfo.java:shutdownFollowerState(121)) - a910346c-1ee2-4cdc-a6d8-644a3a4f0b7f: shutdown FollowerState
2019-10-15 03:19:25,400 [Thread-1356] INFO  impl.FollowerState (FollowerState.java:run(117)) - 742c26a8-c271-430a-a05a-c8bba3fa6d96@group-5FF82F29B6C0-FollowerState was interrupted: java.lang.InterruptedException: sleep interrupted
2019-10-15 03:19:25,400 [grpc-default-executor-3] INFO  impl.RoleInfo (RoleInfo.java:updateAndGet(143)) - 742c26a8-c271-430a-a05a-c8bba3fa6d96: start FollowerState
2019-10-15 03:19:25,401 [Thread-1355] INFO  impl.FollowerState (FollowerState.java:run(117)) - a910346c-1ee2-4cdc-a6d8-644a3a4f0b7f@group-5FF82F29B6C0-FollowerState was interrupted: java.lang.InterruptedException: sleep interrupted
2019-10-15 03:19:25,400 [grpc-default-executor-5] INFO  impl.RoleInfo (RoleInfo.java:updateAndGet(143)) - a910346c-1ee2-4cdc-a6d8-644a3a4f0b7f: start FollowerState
2019-10-15 03:19:25,427 [4c6a16c4-95d2-4ef7-9fc0-4f57ccbd9967@group-5FF82F29B6C0-LeaderElection151] INFO  impl.LeaderElection (LeaderElection.java:logAndReturn(56)) - 4c6a16c4-95d2-4ef7-9fc0-4f57ccbd9967@group-5FF82F29B6C0-LeaderElection151: Election REJECTED; received 2 response(s) [4c6a16c4-95d2-4ef7-9fc0-4f57ccbd9967<-742c26a8-c271-430a-a05a-c8bba3fa6d96#0:FAIL-t156, 4c6a16c4-95d2-4ef7-9fc0-4f57ccbd9967<-a910346c-1ee2-4cdc-a6d8-644a3a4f0b7f#0:FAIL-t156] and 0 exception(s); 4c6a16c4-95d2-4ef7-9fc0-4f57ccbd9967@group-5FF82F29B6C0:t156, leader=null, voted=4c6a16c4-95d2-4ef7-9fc0-4f57ccbd9967, raftlog=4c6a16c4-95d2-4ef7-9fc0-4f57ccbd9967@group-5FF82F29B6C0-SegmentedRaftLog:OPENED:c-1,f-1,i0, conf=-1: [4c6a16c4-95d2-4ef7-9fc0-4f57ccbd9967:192.168.5.131:39112, 742c26a8-c271-430a-a05a-c8bba3fa6d96:192.168.5.131:42235, a910346c-1ee2-4cdc-a6d8-644a3a4f0b7f:192.168.5.131:38193], old=null
2019-10-15 03:19:25,428 [4c6a16c4-95d2-4ef7-9fc0-4f57ccbd9967@group-5FF82F29B6C0-LeaderElection151] INFO  impl.RaftServerImpl (RaftServerImpl.java:setRole(184)) - 4c6a16c4-95d2-4ef7-9fc0-4f57ccbd9967@group-5FF82F29B6C0: changes role from CANDIDATE to FOLLOWER at term 156 for DISCOVERED_A_NEW_TERM
2019-10-15 03:19:25,428 [4c6a16c4-95d2-4ef7-9fc0-4f57ccbd9967@group-5FF82F29B6C0-LeaderElection151] INFO  impl.RoleInfo (RoleInfo.java:shutdownLeaderElection(134)) - 4c6a16c4-95d2-4ef7-9fc0-4f57ccbd9967: shutdown LeaderElection
2019-10-15 03:19:25,428 [4c6a16c4-95d2-4ef7-9fc0-4f57ccbd9967@group-5FF82F29B6C0-LeaderElection151] INFO  impl.RoleInfo (RoleInfo.java:updateAndGet(143)) - 4c6a16c4-95d2-4ef7-9fc0-4f57ccbd9967: start FollowerState
2019-10-15 03:19:25,479 [Thread-1361] INFO  impl.FollowerState (FollowerState.java:run(108)) - 4c6a16c4-95d2-4ef7-9fc0-4f57ccbd9967@group-5FF82F29B6C0-FollowerState: change to CANDIDATE, lastRpcTime:51ms, electionTimeout:51ms
2019-10-15 03:19:25,480 [Thread-1361] INFO  impl.RoleInfo (RoleInfo.java:shutdownFollowerState(121)) - 4c6a16c4-95d2-4ef7-9fc0-4f57ccbd9967: shutdown FollowerState
2019-10-15 03:19:25,480 [Thread-1361] INFO  impl.RaftServerImpl (RaftServerImpl.java:setRole(184)) - 4c6a16c4-95d2-4ef7-9fc0-4f57ccbd9967@group-5FF82F29B6C0: changes role from  FOLLOWER to CANDIDATE at term 156 for changeToCandidate
2019-10-15 03:19:25,480 [Thread-1361] INFO  impl.RoleInfo (RoleInfo.java:updateAndGet(143)) - 4c6a16c4-95d2-4ef7-9fc0-4f57ccbd9967: start LeaderElection
2019-10-15 03:19:25,495 [4c6a16c4-95d2-4ef7-9fc0-4f57ccbd9967@group-5FF82F29B6C0-LeaderElection152] INFO  impl.LeaderElection (LeaderElection.java:askForVotes(178)) - 4c6a16c4-95d2-4ef7-9fc0-4f57ccbd9967@group-5FF82F29B6C0-LeaderElection152: begin an election at term 157 for -1: [4c6a16c4-95d2-4ef7-9fc0-4f57ccbd9967:192.168.5.131:39112, 742c26a8-c271-430a-a05a-c8bba3fa6d96:192.168.5.131:42235, a910346c-1ee2-4cdc-a6d8-644a3a4f0b7f:192.168.5.131:38193], old=null
2019-10-15 03:19:25,498 [grpc-default-executor-3] INFO  impl.RaftServerImpl (RaftServerImpl.java:setRole(184)) - 742c26a8-c271-430a-a05a-c8bba3fa6d96@group-5FF82F29B6C0: changes role from  FOLLOWER to FOLLOWER at term 157 for recognizeCandidate:4c6a16c4-95d2-4ef7-9fc0-4f57ccbd9967
2019-10-15 03:19:25,498 [grpc-default-executor-5] INFO  impl.RaftServerImpl (RaftServerImpl.java:setRole(184)) - a910346c-1ee2-4cdc-a6d8-644a3a4f0b7f@group-5FF82F29B6C0: changes role from  FOLLOWER to FOLLOWER at term 157 for recognizeCandidate:4c6a16c4-95d2-4ef7-9fc0-4f57ccbd9967
2019-10-15 03:19:25,498 [grpc-default-executor-3] INFO  impl.RoleInfo (RoleInfo.java:shutdownFollowerState(121)) - 742c26a8-c271-430a-a05a-c8bba3fa6d96: shutdown FollowerState
2019-10-15 03:19:25,498 [grpc-default-executor-5] INFO  impl.RoleInfo (RoleInfo.java:shutdownFollowerState(121)) - a910346c-1ee2-4cdc-a6d8-644a3a4f0b7f: shutdown FollowerState
2019-10-15 03:19:25,498 [Thread-1359] INFO  impl.FollowerState (FollowerState.java:run(117)) - 742c26a8-c271-430a-a05a-c8bba3fa6d96@group-5FF82F29B6C0-FollowerState was interrupted: java.lang.InterruptedException: sleep interrupted
2019-10-15 03:19:25,498 [grpc-default-executor-3] INFO  impl.RoleInfo (RoleInfo.java:updateAndGet(143)) - 742c26a8-c271-430a-a05a-c8bba3fa6d96: start FollowerState
2019-10-15 03:19:25,499 [Thread-1360] INFO  impl.FollowerState (FollowerState.java:run(117)) - a910346c-1ee2-4cdc-a6d8-644a3a4f0b7f@group-5FF82F29B6C0-FollowerState was interrupted: java.lang.InterruptedException: sleep interrupted
2019-10-15 03:19:25,499 [grpc-default-executor-5] INFO  impl.RoleInfo (RoleInfo.java:updateAndGet(143)) - a910346c-1ee2-4cdc-a6d8-644a3a4f0b7f: start FollowerState
2019-10-15 03:19:25,506 [4c6a16c4-95d2-4ef7-9fc0-4f57ccbd9967@group-5FF82F29B6C0-LeaderElection152] INFO  impl.LeaderElection (LeaderElection.java:logAndReturn(56)) - 4c6a16c4-95d2-4ef7-9fc0-4f57ccbd9967@group-5FF82F29B6C0-LeaderElection152: Election TIMEOUT; received 0 response(s) [] and 0 exception(s); 4c6a16c4-95d2-4ef7-9fc0-4f57ccbd9967@group-5FF82F29B6C0:t157, leader=null, voted=4c6a16c4-95d2-4ef7-9fc0-4f57ccbd9967, raftlog=4c6a16c4-95d2-4ef7-9fc0-4f57ccbd9967@group-5FF82F29B6C0-SegmentedRaftLog:OPENED:c-1,f-1,i0, conf=-1: [4c6a16c4-95d2-4ef7-9fc0-4f57ccbd9967:192.168.5.131:39112, 742c26a8-c271-430a-a05a-c8bba3fa6d96:192.168.5.131:42235, a910346c-1ee2-4cdc-a6d8-644a3a4f0b7f:192.168.5.131:38193], old=null
2019-10-15 03:19:25,525 [4c6a16c4-95d2-4ef7-9fc0-4f57ccbd9967@group-5FF82F29B6C0-LeaderElection152] INFO  impl.LeaderElection (LeaderElection.java:askForVotes(178)) - 4c6a16c4-95d2-4ef7-9fc0-4f57ccbd9967@group-5FF82F29B6C0-LeaderElection152: begin an election at term 158 for -1: [4c6a16c4-95d2-4ef7-9fc0-4f57ccbd9967:192.168.5.131:39112, 742c26a8-c271-430a-a05a-c8bba3fa6d96:192.168.5.131:42235, a910346c-1ee2-4cdc-a6d8-644a3a4f0b7f:192.168.5.131:38193], old=null
2019-10-15 03:19:25,527 [grpc-default-executor-3] INFO  impl.RaftServerImpl (RaftServerImpl.java:setRole(184)) - 742c26a8-c271-430a-a05a-c8bba3fa6d96@group-5FF82F29B6C0: changes role from  FOLLOWER to FOLLOWER at term 158 for recognizeCandidate:4c6a16c4-95d2-4ef7-9fc0-4f57ccbd9967
2019-10-15 03:19:25,527 [grpc-default-executor-3] INFO  impl.RoleInfo (RoleInfo.java:shutdownFollowerState(121)) - 742c26a8-c271-430a-a05a-c8bba3fa6d96: shutdown FollowerState
2019-10-15 03:19:25,527 [grpc-default-executor-3] INFO  impl.RoleInfo (RoleInfo.java:updateAndGet(143)) - 742c26a8-c271-430a-a05a-c8bba3fa6d96: start FollowerState
2019-10-15 03:19:25,527 [grpc-default-executor-5] INFO  impl.RaftServerImpl (RaftServerImpl.java:setRole(184)) - a910346c-1ee2-4cdc-a6d8-644a3a4f0b7f@group-5FF82F29B6C0: changes role from  FOLLOWER to FOLLOWER at term 158 for recognizeCandidate:4c6a16c4-95d2-4ef7-9fc0-4f57ccbd9967
2019-10-15 03:19:25,527 [Thread-1367] INFO  impl.FollowerState (FollowerState.java:run(117)) - 742c26a8-c271-430a-a05a-c8bba3fa6d96@group-5FF82F29B6C0-FollowerState was interrupted: java.lang.InterruptedException: sleep interrupted
2019-10-15 03:19:25,527 [grpc-default-executor-5] INFO  impl.RoleInfo (RoleInfo.java:shutdownFollowerState(121)) - a910346c-1ee2-4cdc-a6d8-644a3a4f0b7f: shutdown FollowerState
2019-10-15 03:19:25,528 [grpc-default-executor-5] INFO  impl.RoleInfo (RoleInfo.java:updateAndGet(143)) - a910346c-1ee2-4cdc-a6d8-644a3a4f0b7f: start FollowerState
2019-10-15 03:19:25,528 [Thread-1368] INFO  impl.FollowerState (FollowerState.java:run(117)) - a910346c-1ee2-4cdc-a6d8-644a3a4f0b7f@group-5FF82F29B6C0-FollowerState was interrupted: java.lang.InterruptedException: sleep interrupted
2019-10-15 03:19:25,548 [4c6a16c4-95d2-4ef7-9fc0-4f57ccbd9967@group-5FF82F29B6C0-LeaderElection152] INFO  impl.LeaderElection (LeaderElection.java:logAndReturn(56)) - 4c6a16c4-95d2-4ef7-9fc0-4f57ccbd9967@group-5FF82F29B6C0-LeaderElection152: Election REJECTED; received 2 response(s) [4c6a16c4-95d2-4ef7-9fc0-4f57ccbd9967<-742c26a8-c271-430a-a05a-c8bba3fa6d96#0:FAIL-t158, 4c6a16c4-95d2-4ef7-9fc0-4f57ccbd9967<-a910346c-1ee2-4cdc-a6d8-644a3a4f0b7f#0:FAIL-t158] and 0 exception(s); 4c6a16c4-95d2-4ef7-9fc0-4f57ccbd9967@group-5FF82F29B6C0:t158, leader=null, voted=4c6a16c4-95d2-4ef7-9fc0-4f57ccbd9967, raftlog=4c6a16c4-95d2-4ef7-9fc0-4f57ccbd9967@group-5FF82F29B6C0-SegmentedRaftLog:OPENED:c-1,f-1,i0, conf=-1: [4c6a16c4-95d2-4ef7-9fc0-4f57ccbd9967:192.168.5.131:39112, 742c26a8-c271-430a-a05a-c8bba3fa6d96:192.168.5.131:42235, a910346c-1ee2-4cdc-a6d8-644a3a4f0b7f:192.168.5.131:38193], old=null
2019-10-15 03:19:25,548 [4c6a16c4-95d2-4ef7-9fc0-4f57ccbd9967@group-5FF82F29B6C0-LeaderElection152] INFO  impl.RaftServerImpl (RaftServerImpl.java:setRole(184)) - 4c6a16c4-95d2-4ef7-9fc0-4f57ccbd9967@group-5FF82F29B6C0: changes role from CANDIDATE to FOLLOWER at term 158 for DISCOVERED_A_NEW_TERM
2019-10-15 03:19:25,550 [4c6a16c4-95d2-4ef7-9fc0-4f57ccbd9967@group-5FF82F29B6C0-LeaderElection152] INFO  impl.RoleInfo (RoleInfo.java:shutdownLeaderElection(134)) - 4c6a16c4-95d2-4ef7-9fc0-4f57ccbd9967: shutdown LeaderElection
2019-10-15 03:19:25,552 [4c6a16c4-95d2-4ef7-9fc0-4f57ccbd9967@group-5FF82F29B6C0-LeaderElection152] INFO  impl.RoleInfo (RoleInfo.java:updateAndGet(143)) - 4c6a16c4-95d2-4ef7-9fc0-4f57ccbd9967: start FollowerState
2019-10-15 03:19:25,594 [Thread-1375] INFO  impl.FollowerState (FollowerState.java:run(108)) - 4c6a16c4-95d2-4ef7-9fc0-4f57ccbd9967@group-5FF82F29B6C0-FollowerState: change to CANDIDATE, lastRpcTime:43ms, electionTimeout:38ms
2019-10-15 03:19:25,594 [Thread-1375] INFO  impl.RoleInfo (RoleInfo.java:shutdownFollowerState(121)) - 4c6a16c4-95d2-4ef7-9fc0-4f57ccbd9967: shutdown FollowerState
2019-10-15 03:19:25,594 [Thread-1375] INFO  impl.RaftServerImpl (RaftServerImpl.java:setRole(184)) - 4c6a16c4-95d2-4ef7-9fc0-4f57ccbd9967@group-5FF82F29B6C0: changes role from  FOLLOWER to CANDIDATE at term 158 for changeToCandidate
2019-10-15 03:19:25,595 [Thread-1375] INFO  impl.RoleInfo (RoleInfo.java:updateAndGet(143)) - 4c6a16c4-95d2-4ef7-9fc0-4f57ccbd9967: start LeaderElection
2019-10-15 03:19:25,608 [4c6a16c4-95d2-4ef7-9fc0-4f57ccbd9967@group-5FF82F29B6C0-LeaderElection153] INFO  impl.LeaderElection (LeaderElection.java:askForVotes(178)) - 4c6a16c4-95d2-4ef7-9fc0-4f57ccbd9967@group-5FF82F29B6C0-LeaderElection153: begin an election at term 159 for -1: [4c6a16c4-95d2-4ef7-9fc0-4f57ccbd9967:192.168.5.131:39112, 742c26a8-c271-430a-a05a-c8bba3fa6d96:192.168.5.131:42235, a910346c-1ee2-4cdc-a6d8-644a3a4f0b7f:192.168.5.131:38193], old=null
2019-10-15 03:19:25,610 [grpc-default-executor-5] INFO  impl.RaftServerImpl (RaftServerImpl.java:setRole(184)) - a910346c-1ee2-4cdc-a6d8-644a3a4f0b7f@group-5FF82F29B6C0: changes role from  FOLLOWER to FOLLOWER at term 159 for recognizeCandidate:4c6a16c4-95d2-4ef7-9fc0-4f57ccbd9967
2019-10-15 03:19:25,611 [grpc-default-executor-3] INFO  impl.RaftServerImpl (RaftServerImpl.java:setRole(184)) - 742c26a8-c271-430a-a05a-c8bba3fa6d96@group-5FF82F29B6C0: changes role from  FOLLOWER to FOLLOWER at term 159 for recognizeCandidate:4c6a16c4-95d2-4ef7-9fc0-4f57ccbd9967
2019-10-15 03:19:25,611 [grpc-default-executor-5] INFO  impl.RoleInfo (RoleInfo.java:shutdownFollowerState(121)) - a910346c-1ee2-4cdc-a6d8-644a3a4f0b7f: shutdown FollowerState
2019-10-15 03:19:25,611 [grpc-default-executor-3] INFO  impl.RoleInfo (RoleInfo.java:shutdownFollowerState(121)) - 742c26a8-c271-430a-a05a-c8bba3fa6d96: shutdown FollowerState
2019-10-15 03:19:25,611 [Thread-1372] INFO  impl.FollowerState (FollowerState.java:run(117)) - a910346c-1ee2-4cdc-a6d8-644a3a4f0b7f@group-5FF82F29B6C0-FollowerState was interrupted: java.lang.InterruptedException: sleep interrupted
2019-10-15 03:19:25,611 [Thread-1371] INFO  impl.FollowerState (FollowerState.java:run(117)) - 742c26a8-c271-430a-a05a-c8bba3fa6d96@group-5FF82F29B6C0-FollowerState was interrupted: java.lang.InterruptedException: sleep interrupted
2019-10-15 03:19:25,611 [grpc-default-executor-5] INFO  impl.RoleInfo (RoleInfo.java:updateAndGet(143)) - a910346c-1ee2-4cdc-a6d8-644a3a4f0b7f: start FollowerState
2019-10-15 03:19:25,611 [grpc-default-executor-3] INFO  impl.RoleInfo (RoleInfo.java:updateAndGet(143)) - 742c26a8-c271-430a-a05a-c8bba3fa6d96: start FollowerState
2019-10-15 03:19:25,637 [4c6a16c4-95d2-4ef7-9fc0-4f57ccbd9967@group-5FF82F29B6C0-LeaderElection153] INFO  impl.LeaderElection (LeaderElection.java:logAndReturn(56)) - 4c6a16c4-95d2-4ef7-9fc0-4f57ccbd9967@group-5FF82F29B6C0-LeaderElection153: Election REJECTED; received 2 response(s) [4c6a16c4-95d2-4ef7-9fc0-4f57ccbd9967<-742c26a8-c271-430a-a05a-c8bba3fa6d96#0:FAIL-t159, 4c6a16c4-95d2-4ef7-9fc0-4f57ccbd9967<-a910346c-1ee2-4cdc-a6d8-644a3a4f0b7f#0:FAIL-t159] and 0 exception(s); 4c6a16c4-95d2-4ef7-9fc0-4f57ccbd9967@group-5FF82F29B6C0:t159, leader=null, voted=4c6a16c4-95d2-4ef7-9fc0-4f57ccbd9967, raftlog=4c6a16c4-95d2-4ef7-9fc0-4f57ccbd9967@group-5FF82F29B6C0-SegmentedRaftLog:OPENED:c-1,f-1,i0, conf=-1: [4c6a16c4-95d2-4ef7-9fc0-4f57ccbd9967:192.168.5.131:39112, 742c26a8-c271-430a-a05a-c8bba3fa6d96:192.168.5.131:42235, a910346c-1ee2-4cdc-a6d8-644a3a4f0b7f:192.168.5.131:38193], old=null
2019-10-15 03:19:25,637 [4c6a16c4-95d2-4ef7-9fc0-4f57ccbd9967@group-5FF82F29B6C0-LeaderElection153] INFO  impl.RaftServerImpl (RaftServerImpl.java:setRole(184)) - 4c6a16c4-95d2-4ef7-9fc0-4f57ccbd9967@group-5FF82F29B6C0: changes role from CANDIDATE to FOLLOWER at term 159 for DISCOVERED_A_NEW_TERM
2019-10-15 03:19:25,638 [4c6a16c4-95d2-4ef7-9fc0-4f57ccbd9967@group-5FF82F29B6C0-LeaderElection153] INFO  impl.RoleInfo (RoleInfo.java:shutdownLeaderElection(134)) - 4c6a16c4-95d2-4ef7-9fc0-4f57ccbd9967: shutdown LeaderElection
2019-10-15 03:19:25,638 [4c6a16c4-95d2-4ef7-9fc0-4f57ccbd9967@group-5FF82F29B6C0-LeaderElection153] INFO  impl.RoleInfo (RoleInfo.java:updateAndGet(143)) - 4c6a16c4-95d2-4ef7-9fc0-4f57ccbd9967: start FollowerState
2019-10-15 03:19:25,779 [Thread-1381] INFO  impl.FollowerState (FollowerState.java:run(108)) - 4c6a16c4-95d2-4ef7-9fc0-4f57ccbd9967@group-5FF82F29B6C0-FollowerState: change to CANDIDATE, lastRpcTime:141ms, electionTimeout:141ms
2019-10-15 03:19:25,779 [Thread-1381] INFO  impl.RoleInfo (RoleInfo.java:shutdownFollowerState(121)) - 4c6a16c4-95d2-4ef7-9fc0-4f57ccbd9967: shutdown FollowerState
2019-10-15 03:19:25,780 [Thread-1381] INFO  impl.RaftServerImpl (RaftServerImpl.java:setRole(184)) - 4c6a16c4-95d2-4ef7-9fc0-4f57ccbd9967@group-5FF82F29B6C0: changes role from  FOLLOWER to CANDIDATE at term 159 for changeToCandidate
2019-10-15 03:19:25,780 [Thread-1381] INFO  impl.RoleInfo (RoleInfo.java:updateAndGet(143)) - 4c6a16c4-95d2-4ef7-9fc0-4f57ccbd9967: start LeaderElection
2019-10-15 03:19:25,813 [4c6a16c4-95d2-4ef7-9fc0-4f57ccbd9967@group-5FF82F29B6C0-LeaderElection154] INFO  impl.LeaderElection (LeaderElection.java:askForVotes(178)) - 4c6a16c4-95d2-4ef7-9fc0-4f57ccbd9967@group-5FF82F29B6C0-LeaderElection154: begin an election at term 160 for -1: [4c6a16c4-95d2-4ef7-9fc0-4f57ccbd9967:192.168.5.131:39112, 742c26a8-c271-430a-a05a-c8bba3fa6d96:192.168.5.131:42235, a910346c-1ee2-4cdc-a6d8-644a3a4f0b7f:192.168.5.131:38193], old=null
2019-10-15 03:19:25,818 [grpc-default-executor-3] INFO  impl.RaftServerImpl (RaftServerImpl.java:setRole(184)) - a910346c-1ee2-4cdc-a6d8-644a3a4f0b7f@group-5FF82F29B6C0: changes role from  FOLLOWER to FOLLOWER at term 160 for recognizeCandidate:4c6a16c4-95d2-4ef7-9fc0-4f57ccbd9967
2019-10-15 03:19:25,818 [grpc-default-executor-5] INFO  impl.RaftServerImpl (RaftServerImpl.java:setRole(184)) - 742c26a8-c271-430a-a05a-c8bba3fa6d96@group-5FF82F29B6C0: changes role from  FOLLOWER to FOLLOWER at term 160 for recognizeCandidate:4c6a16c4-95d2-4ef7-9fc0-4f57ccbd9967
2019-10-15 03:19:25,818 [grpc-default-executor-3] INFO  impl.RoleInfo (RoleInfo.java:shutdownFollowerState(121)) - a910346c-1ee2-4cdc-a6d8-644a3a4f0b7f: shutdown FollowerState
2019-10-15 03:19:25,819 [grpc-default-executor-5] INFO  impl.RoleInfo (RoleInfo.java:shutdownFollowerState(121)) - 742c26a8-c271-430a-a05a-c8bba3fa6d96: shutdown FollowerState
2019-10-15 03:19:25,819 [Thread-1379] INFO  impl.FollowerState (FollowerState.java:run(117)) - a910346c-1ee2-4cdc-a6d8-644a3a4f0b7f@group-5FF82F29B6C0-FollowerState was interrupted: java.lang.InterruptedException: sleep interrupted
2019-10-15 03:19:25,819 [Thread-1380] INFO  impl.FollowerState (FollowerState.java:run(117)) - 742c26a8-c271-430a-a05a-c8bba3fa6d96@group-5FF82F29B6C0-FollowerState was interrupted: java.lang.InterruptedException: sleep interrupted
2019-10-15 03:19:25,819 [grpc-default-executor-3] INFO  impl.RoleInfo (RoleInfo.java:updateAndGet(143)) - a910346c-1ee2-4cdc-a6d8-644a3a4f0b7f: start FollowerState
2019-10-15 03:19:25,819 [grpc-default-executor-5] INFO  impl.RoleInfo (RoleInfo.java:updateAndGet(143)) - 742c26a8-c271-430a-a05a-c8bba3fa6d96: start FollowerState
2019-10-15 03:19:25,848 [4c6a16c4-95d2-4ef7-9fc0-4f57ccbd9967@group-5FF82F29B6C0-LeaderElection154] INFO  impl.LeaderElection (LeaderElection.java:logAndReturn(56)) - 4c6a16c4-95d2-4ef7-9fc0-4f57ccbd9967@group-5FF82F29B6C0-LeaderElection154: Election REJECTED; received 2 response(s) [4c6a16c4-95d2-4ef7-9fc0-4f57ccbd9967<-742c26a8-c271-430a-a05a-c8bba3fa6d96#0:FAIL-t160, 4c6a16c4-95d2-4ef7-9fc0-4f57ccbd9967<-a910346c-1ee2-4cdc-a6d8-644a3a4f0b7f#0:FAIL-t160] and 0 exception(s); 4c6a16c4-95d2-4ef7-9fc0-4f57ccbd9967@group-5FF82F29B6C0:t160, leader=null, voted=4c6a16c4-95d2-4ef7-9fc0-4f57ccbd9967, raftlog=4c6a16c4-95d2-4ef7-9fc0-4f57ccbd9967@group-5FF82F29B6C0-SegmentedRaftLog:OPENED:c-1,f-1,i0, conf=-1: [4c6a16c4-95d2-4ef7-9fc0-4f57ccbd9967:192.168.5.131:39112, 742c26a8-c271-430a-a05a-c8bba3fa6d96:192.168.5.131:42235, a910346c-1ee2-4cdc-a6d8-644a3a4f0b7f:192.168.5.131:38193], old=null
2019-10-15 03:19:25,848 [4c6a16c4-95d2-4ef7-9fc0-4f57ccbd9967@group-5FF82F29B6C0-LeaderElection154] INFO  impl.RaftServerImpl (RaftServerImpl.java:setRole(184)) - 4c6a16c4-95d2-4ef7-9fc0-4f57ccbd9967@group-5FF82F29B6C0: changes role from CANDIDATE to FOLLOWER at term 160 for DISCOVERED_A_NEW_TERM
2019-10-15 03:19:25,849 [4c6a16c4-95d2-4ef7-9fc0-4f57ccbd9967@group-5FF82F29B6C0-LeaderElection154] INFO  impl.RoleInfo (RoleInfo.java:shutdownLeaderElection(134)) - 4c6a16c4-95d2-4ef7-9fc0-4f57ccbd9967: shutdown LeaderElection
2019-10-15 03:19:25,849 [4c6a16c4-95d2-4ef7-9fc0-4f57ccbd9967@group-5FF82F29B6C0-LeaderElection154] INFO  impl.RoleInfo (RoleInfo.java:updateAndGet(143)) - 4c6a16c4-95d2-4ef7-9fc0-4f57ccbd9967: start FollowerState
2019-10-15 03:19:25,887 [Thread-1387] INFO  impl.FollowerState (FollowerState.java:run(108)) - 4c6a16c4-95d2-4ef7-9fc0-4f57ccbd9967@group-5FF82F29B6C0-FollowerState: change to CANDIDATE, lastRpcTime:38ms, electionTimeout:38ms
2019-10-15 03:19:25,887 [Thread-1387] INFO  impl.RoleInfo (RoleInfo.java:shutdownFollowerState(121)) - 4c6a16c4-95d2-4ef7-9fc0-4f57ccbd9967: shutdown FollowerState
2019-10-15 03:19:25,887 [Thread-1387] INFO  impl.RaftServerImpl (RaftServerImpl.java:setRole(184)) - 4c6a16c4-95d2-4ef7-9fc0-4f57ccbd9967@group-5FF82F29B6C0: changes role from  FOLLOWER to CANDIDATE at term 160 for changeToCandidate
2019-10-15 03:19:25,888 [Thread-1387] INFO  impl.RoleInfo (RoleInfo.java:updateAndGet(143)) - 4c6a16c4-95d2-4ef7-9fc0-4f57ccbd9967: start LeaderElection
2019-10-15 03:19:25,902 [4c6a16c4-95d2-4ef7-9fc0-4f57ccbd9967@group-5FF82F29B6C0-LeaderElection155] INFO  impl.LeaderElection (LeaderElection.java:askForVotes(178)) - 4c6a16c4-95d2-4ef7-9fc0-4f57ccbd9967@group-5FF82F29B6C0-LeaderElection155: begin an election at term 161 for -1: [4c6a16c4-95d2-4ef7-9fc0-4f57ccbd9967:192.168.5.131:39112, 742c26a8-c271-430a-a05a-c8bba3fa6d96:192.168.5.131:42235, a910346c-1ee2-4cdc-a6d8-644a3a4f0b7f:192.168.5.131:38193], old=null
2019-10-15 03:19:25,905 [grpc-default-executor-3] INFO  impl.RaftServerImpl (RaftServerImpl.java:setRole(184)) - a910346c-1ee2-4cdc-a6d8-644a3a4f0b7f@group-5FF82F29B6C0: changes role from  FOLLOWER to FOLLOWER at term 161 for recognizeCandidate:4c6a16c4-95d2-4ef7-9fc0-4f57ccbd9967
2019-10-15 03:19:25,905 [grpc-default-executor-5] INFO  impl.RaftServerImpl (RaftServerImpl.java:setRole(184)) - 742c26a8-c271-430a-a05a-c8bba3fa6d96@group-5FF82F29B6C0: changes role from  FOLLOWER to FOLLOWER at term 161 for recognizeCandidate:4c6a16c4-95d2-4ef7-9fc0-4f57ccbd9967
2019-10-15 03:19:25,905 [grpc-default-executor-3] INFO  impl.RoleInfo (RoleInfo.java:shutdownFollowerState(121)) - a910346c-1ee2-4cdc-a6d8-644a3a4f0b7f: shutdown FollowerState
2019-10-15 03:19:25,905 [grpc-default-executor-5] INFO  impl.RoleInfo (RoleInfo.java:shutdownFollowerState(121)) - 742c26a8-c271-430a-a05a-c8bba3fa6d96: shutdown FollowerState
2019-10-15 03:19:25,905 [Thread-1385] INFO  impl.FollowerState (FollowerState.java:run(117)) - a910346c-1ee2-4cdc-a6d8-644a3a4f0b7f@group-5FF82F29B6C0-FollowerState was interrupted: java.lang.InterruptedException: sleep interrupted
2019-10-15 03:19:25,905 [grpc-default-executor-3] INFO  impl.RoleInfo (RoleInfo.java:updateAndGet(143)) - a910346c-1ee2-4cdc-a6d8-644a3a4f0b7f: start FollowerState
2019-10-15 03:19:25,906 [Thread-1386] INFO  impl.FollowerState (FollowerState.java:run(117)) - 742c26a8-c271-430a-a05a-c8bba3fa6d96@group-5FF82F29B6C0-FollowerState was interrupted: java.lang.InterruptedException: sleep interrupted
2019-10-15 03:19:25,906 [grpc-default-executor-5] INFO  impl.RoleInfo (RoleInfo.java:updateAndGet(143)) - 742c26a8-c271-430a-a05a-c8bba3fa6d96: start FollowerState
2019-10-15 03:19:25,920 [4c6a16c4-95d2-4ef7-9fc0-4f57ccbd9967@group-5FF82F29B6C0-LeaderElection155] INFO  impl.LeaderElection (LeaderElection.java:logAndReturn(56)) - 4c6a16c4-95d2-4ef7-9fc0-4f57ccbd9967@group-5FF82F29B6C0-LeaderElection155: Election REJECTED; received 2 response(s) [4c6a16c4-95d2-4ef7-9fc0-4f57ccbd9967<-742c26a8-c271-430a-a05a-c8bba3fa6d96#0:FAIL-t161, 4c6a16c4-95d2-4ef7-9fc0-4f57ccbd9967<-a910346c-1ee2-4cdc-a6d8-644a3a4f0b7f#0:FAIL-t161] and 0 exception(s); 4c6a16c4-95d2-4ef7-9fc0-4f57ccbd9967@group-5FF82F29B6C0:t161, leader=null, voted=4c6a16c4-95d2-4ef7-9fc0-4f57ccbd9967, raftlog=4c6a16c4-95d2-4ef7-9fc0-4f57ccbd9967@group-5FF82F29B6C0-SegmentedRaftLog:OPENED:c-1,f-1,i0, conf=-1: [4c6a16c4-95d2-4ef7-9fc0-4f57ccbd9967:192.168.5.131:39112, 742c26a8-c271-430a-a05a-c8bba3fa6d96:192.168.5.131:42235, a910346c-1ee2-4cdc-a6d8-644a3a4f0b7f:192.168.5.131:38193], old=null
2019-10-15 03:19:25,921 [4c6a16c4-95d2-4ef7-9fc0-4f57ccbd9967@group-5FF82F29B6C0-LeaderElection155] INFO  impl.RaftServerImpl (RaftServerImpl.java:setRole(184)) - 4c6a16c4-95d2-4ef7-9fc0-4f57ccbd9967@group-5FF82F29B6C0: changes role from CANDIDATE to FOLLOWER at term 161 for DISCOVERED_A_NEW_TERM
2019-10-15 03:19:25,921 [4c6a16c4-95d2-4ef7-9fc0-4f57ccbd9967@group-5FF82F29B6C0-LeaderElection155] INFO  impl.RoleInfo (RoleInfo.java:shutdownLeaderElection(134)) - 4c6a16c4-95d2-4ef7-9fc0-4f57ccbd9967: shutdown LeaderElection
2019-10-15 03:19:25,921 [4c6a16c4-95d2-4ef7-9fc0-4f57ccbd9967@group-5FF82F29B6C0-LeaderElection155] INFO  impl.RoleInfo (RoleInfo.java:updateAndGet(143)) - 4c6a16c4-95d2-4ef7-9fc0-4f57ccbd9967: start FollowerState
2019-10-15 03:19:25,990 [Thread-1393] INFO  impl.FollowerState (FollowerState.java:run(108)) - 4c6a16c4-95d2-4ef7-9fc0-4f57ccbd9967@group-5FF82F29B6C0-FollowerState: change to CANDIDATE, lastRpcTime:68ms, electionTimeout:68ms
2019-10-15 03:19:25,990 [Thread-1393] INFO  impl.RoleInfo (RoleInfo.java:shutdownFollowerState(121)) - 4c6a16c4-95d2-4ef7-9fc0-4f57ccbd9967: shutdown FollowerState
2019-10-15 03:19:25,990 [Thread-1393] INFO  impl.RaftServerImpl (RaftServerImpl.java:setRole(184)) - 4c6a16c4-95d2-4ef7-9fc0-4f57ccbd9967@group-5FF82F29B6C0: changes role from  FOLLOWER to CANDIDATE at term 161 for changeToCandidate
2019-10-15 03:19:25,990 [Thread-1393] INFO  impl.RoleInfo (RoleInfo.java:updateAndGet(143)) - 4c6a16c4-95d2-4ef7-9fc0-4f57ccbd9967: start LeaderElection
2019-10-15 03:19:26,004 [4c6a16c4-95d2-4ef7-9fc0-4f57ccbd9967@group-5FF82F29B6C0-LeaderElection156] INFO  impl.LeaderElection (LeaderElection.java:askForVotes(178)) - 4c6a16c4-95d2-4ef7-9fc0-4f57ccbd9967@group-5FF82F29B6C0-LeaderElection156: begin an election at term 162 for -1: [4c6a16c4-95d2-4ef7-9fc0-4f57ccbd9967:192.168.5.131:39112, 742c26a8-c271-430a-a05a-c8bba3fa6d96:192.168.5.131:42235, a910346c-1ee2-4cdc-a6d8-644a3a4f0b7f:192.168.5.131:38193], old=null
2019-10-15 03:19:26,006 [grpc-default-executor-5] INFO  impl.RaftServerImpl (RaftServerImpl.java:setRole(184)) - 742c26a8-c271-430a-a05a-c8bba3fa6d96@group-5FF82F29B6C0: changes role from  FOLLOWER to FOLLOWER at term 162 for recognizeCandidate:4c6a16c4-95d2-4ef7-9fc0-4f57ccbd9967
2019-10-15 03:19:26,007 [grpc-default-executor-5] INFO  impl.RoleInfo (RoleInfo.java:shutdownFollowerState(121)) - 742c26a8-c271-430a-a05a-c8bba3fa6d96: shutdown FollowerState
2019-10-15 03:19:26,007 [grpc-default-executor-3] INFO  impl.RaftServerImpl (RaftServerImpl.java:setRole(184)) - a910346c-1ee2-4cdc-a6d8-644a3a4f0b7f@group-5FF82F29B6C0: changes role from  FOLLOWER to FOLLOWER at term 162 for recognizeCandidate:4c6a16c4-95d2-4ef7-9fc0-4f57ccbd9967
2019-10-15 03:19:26,007 [Thread-1392] INFO  impl.FollowerState (FollowerState.java:run(117)) - 742c26a8-c271-430a-a05a-c8bba3fa6d96@group-5FF82F29B6C0-FollowerState was interrupted: java.lang.InterruptedException: sleep interrupted
2019-10-15 03:19:26,007 [grpc-default-executor-5] INFO  impl.RoleInfo (RoleInfo.java:updateAndGet(143)) - 742c26a8-c271-430a-a05a-c8bba3fa6d96: start FollowerState
2019-10-15 03:19:26,007 [grpc-default-executor-3] INFO  impl.RoleInfo (RoleInfo.java:shutdownFollowerState(121)) - a910346c-1ee2-4cdc-a6d8-644a3a4f0b7f: shutdown FollowerState
2019-10-15 03:19:26,008 [grpc-default-executor-3] INFO  impl.RoleInfo (RoleInfo.java:updateAndGet(143)) - a910346c-1ee2-4cdc-a6d8-644a3a4f0b7f: start FollowerState
2019-10-15 03:19:26,008 [Thread-1391] INFO  impl.FollowerState (FollowerState.java:run(117)) - a910346c-1ee2-4cdc-a6d8-644a3a4f0b7f@group-5FF82F29B6C0-FollowerState was interrupted: java.lang.InterruptedException: sleep interrupted
2019-10-15 03:19:26,022 [4c6a16c4-95d2-4ef7-9fc0-4f57ccbd9967@group-5FF82F29B6C0-LeaderElection156] INFO  impl.LeaderElection (LeaderElection.java:logAndReturn(56)) - 4c6a16c4-95d2-4ef7-9fc0-4f57ccbd9967@group-5FF82F29B6C0-LeaderElection156: Election REJECTED; received 2 response(s) [4c6a16c4-95d2-4ef7-9fc0-4f57ccbd9967<-742c26a8-c271-430a-a05a-c8bba3fa6d96#0:FAIL-t162, 4c6a16c4-95d2-4ef7-9fc0-4f57ccbd9967<-a910346c-1ee2-4cdc-a6d8-644a3a4f0b7f#0:FAIL-t162] and 0 exception(s); 4c6a16c4-95d2-4ef7-9fc0-4f57ccbd9967@group-5FF82F29B6C0:t162, leader=null, voted=4c6a16c4-95d2-4ef7-9fc0-4f57ccbd9967, raftlog=4c6a16c4-95d2-4ef7-9fc0-4f57ccbd9967@group-5FF82F29B6C0-SegmentedRaftLog:OPENED:c-1,f-1,i0, conf=-1: [4c6a16c4-95d2-4ef7-9fc0-4f57ccbd9967:192.168.5.131:39112, 742c26a8-c271-430a-a05a-c8bba3fa6d96:192.168.5.131:42235, a910346c-1ee2-4cdc-a6d8-644a3a4f0b7f:192.168.5.131:38193], old=null
2019-10-15 03:19:26,022 [4c6a16c4-95d2-4ef7-9fc0-4f57ccbd9967@group-5FF82F29B6C0-LeaderElection156] INFO  impl.RaftServerImpl (RaftServerImpl.java:setRole(184)) - 4c6a16c4-95d2-4ef7-9fc0-4f57ccbd9967@group-5FF82F29B6C0: changes role from CANDIDATE to FOLLOWER at term 162 for DISCOVERED_A_NEW_TERM
2019-10-15 03:19:26,022 [4c6a16c4-95d2-4ef7-9fc0-4f57ccbd9967@group-5FF82F29B6C0-LeaderElection156] INFO  impl.RoleInfo (RoleInfo.java:shutdownLeaderElection(134)) - 4c6a16c4-95d2-4ef7-9fc0-4f57ccbd9967: shutdown LeaderElection
2019-10-15 03:19:26,023 [4c6a16c4-95d2-4ef7-9fc0-4f57ccbd9967@group-5FF82F29B6C0-LeaderElection156] INFO  impl.RoleInfo (RoleInfo.java:updateAndGet(143)) - 4c6a16c4-95d2-4ef7-9fc0-4f57ccbd9967: start FollowerState
2019-10-15 03:19:26,088 [Thread-1401] INFO  impl.FollowerState (FollowerState.java:run(108)) - 4c6a16c4-95d2-4ef7-9fc0-4f57ccbd9967@group-5FF82F29B6C0-FollowerState: change to CANDIDATE, lastRpcTime:65ms, electionTimeout:65ms
2019-10-15 03:19:26,089 [Thread-1401] INFO  impl.RoleInfo (RoleInfo.java:shutdownFollowerState(121)) - 4c6a16c4-95d2-4ef7-9fc0-4f57ccbd9967: shutdown FollowerState
2019-10-15 03:19:26,089 [Thread-1401] INFO  impl.RaftServerImpl (RaftServerImpl.java:setRole(184)) - 4c6a16c4-95d2-4ef7-9fc0-4f57ccbd9967@group-5FF82F29B6C0: changes role from  FOLLOWER to CANDIDATE at term 162 for changeToCandidate
2019-10-15 03:19:26,090 [Thread-1401] INFO  impl.RoleInfo (RoleInfo.java:updateAndGet(143)) - 4c6a16c4-95d2-4ef7-9fc0-4f57ccbd9967: start LeaderElection
2019-10-15 03:19:26,105 [4c6a16c4-95d2-4ef7-9fc0-4f57ccbd9967@group-5FF82F29B6C0-LeaderElection157] INFO  impl.LeaderElection (LeaderElection.java:askForVotes(178)) - 4c6a16c4-95d2-4ef7-9fc0-4f57ccbd9967@group-5FF82F29B6C0-LeaderElection157: begin an election at term 163 for -1: [4c6a16c4-95d2-4ef7-9fc0-4f57ccbd9967:192.168.5.131:39112, 742c26a8-c271-430a-a05a-c8bba3fa6d96:192.168.5.131:42235, a910346c-1ee2-4cdc-a6d8-644a3a4f0b7f:192.168.5.131:38193], old=null
2019-10-15 03:19:26,111 [grpc-default-executor-3] INFO  impl.RaftServerImpl (RaftServerImpl.java:setRole(184)) - a910346c-1ee2-4cdc-a6d8-644a3a4f0b7f@group-5FF82F29B6C0: changes role from  FOLLOWER to FOLLOWER at term 163 for recognizeCandidate:4c6a16c4-95d2-4ef7-9fc0-4f57ccbd9967
2019-10-15 03:19:26,111 [grpc-default-executor-3] INFO  impl.RoleInfo (RoleInfo.java:shutdownFollowerState(121)) - a910346c-1ee2-4cdc-a6d8-644a3a4f0b7f: shutdown FollowerState
2019-10-15 03:19:26,111 [grpc-default-executor-5] INFO  impl.RaftServerImpl (RaftServerImpl.java:setRole(184)) - 742c26a8-c271-430a-a05a-c8bba3fa6d96@group-5FF82F29B6C0: changes role from  FOLLOWER to FOLLOWER at term 163 for recognizeCandidate:4c6a16c4-95d2-4ef7-9fc0-4f57ccbd9967
2019-10-15 03:19:26,111 [Thread-1400] INFO  impl.FollowerState (FollowerState.java:run(117)) - a910346c-1ee2-4cdc-a6d8-644a3a4f0b7f@group-5FF82F29B6C0-FollowerState was interrupted: java.lang.InterruptedException: sleep interrupted
2019-10-15 03:19:26,111 [grpc-default-executor-3] INFO  impl.RoleInfo (RoleInfo.java:updateAndGet(143)) - a910346c-1ee2-4cdc-a6d8-644a3a4f0b7f: start FollowerState
2019-10-15 03:19:26,111 [grpc-default-executor-5] INFO  impl.RoleInfo (RoleInfo.java:shutdownFollowerState(121)) - 742c26a8-c271-430a-a05a-c8bba3fa6d96: shutdown FollowerState
2019-10-15 03:19:26,112 [grpc-default-executor-5] INFO  impl.RoleInfo (RoleInfo.java:updateAndGet(143)) - 742c26a8-c271-430a-a05a-c8bba3fa6d96: start FollowerState
2019-10-15 03:19:26,112 [Thread-1399] INFO  impl.FollowerState (FollowerState.java:run(117)) - 742c26a8-c271-430a-a05a-c8bba3fa6d96@group-5FF82F29B6C0-FollowerState was interrupted: java.lang.InterruptedException: sleep interrupted
2019-10-15 03:19:26,118 [4c6a16c4-95d2-4ef7-9fc0-4f57ccbd9967@group-5FF82F29B6C0-LeaderElection157] INFO  impl.LeaderElection (LeaderElection.java:logAndReturn(56)) - 4c6a16c4-95d2-4ef7-9fc0-4f57ccbd9967@group-5FF82F29B6C0-LeaderElection157: Election TIMEOUT; received 0 response(s) [] and 0 exception(s); 4c6a16c4-95d2-4ef7-9fc0-4f57ccbd9967@group-5FF82F29B6C0:t163, leader=null, voted=4c6a16c4-95d2-4ef7-9fc0-4f57ccbd9967, raftlog=4c6a16c4-95d2-4ef7-9fc0-4f57ccbd9967@group-5FF82F29B6C0-SegmentedRaftLog:OPENED:c-1,f-1,i0, conf=-1: [4c6a16c4-95d2-4ef7-9fc0-4f57ccbd9967:192.168.5.131:39112, 742c26a8-c271-430a-a05a-c8bba3fa6d96:192.168.5.131:42235, a910346c-1ee2-4cdc-a6d8-644a3a4f0b7f:192.168.5.131:38193], old=null
2019-10-15 03:19:26,136 [4c6a16c4-95d2-4ef7-9fc0-4f57ccbd9967@group-5FF82F29B6C0-LeaderElection157] INFO  impl.LeaderElection (LeaderElection.java:askForVotes(178)) - 4c6a16c4-95d2-4ef7-9fc0-4f57ccbd9967@group-5FF82F29B6C0-LeaderElection157: begin an election at term 164 for -1: [4c6a16c4-95d2-4ef7-9fc0-4f57ccbd9967:192.168.5.131:39112, 742c26a8-c271-430a-a05a-c8bba3fa6d96:192.168.5.131:42235, a910346c-1ee2-4cdc-a6d8-644a3a4f0b7f:192.168.5.131:38193], old=null
2019-10-15 03:19:26,138 [grpc-default-executor-5] INFO  impl.RaftServerImpl (RaftServerImpl.java:setRole(184)) - a910346c-1ee2-4cdc-a6d8-644a3a4f0b7f@group-5FF82F29B6C0: changes role from  FOLLOWER to FOLLOWER at term 164 for recognizeCandidate:4c6a16c4-95d2-4ef7-9fc0-4f57ccbd9967
2019-10-15 03:19:26,138 [grpc-default-executor-3] INFO  impl.RaftServerImpl (RaftServerImpl.java:setRole(184)) - 742c26a8-c271-430a-a05a-c8bba3fa6d96@group-5FF82F29B6C0: changes role from  FOLLOWER to FOLLOWER at term 164 for recognizeCandidate:4c6a16c4-95d2-4ef7-9fc0-4f57ccbd9967
2019-10-15 03:19:26,138 [grpc-default-executor-5] INFO  impl.RoleInfo (RoleInfo.java:shutdownFollowerState(121)) - a910346c-1ee2-4cdc-a6d8-644a3a4f0b7f: shutdown FollowerState
2019-10-15 03:19:26,139 [grpc-default-executor-3] INFO  impl.RoleInfo (RoleInfo.java:shutdownFollowerState(121)) - 742c26a8-c271-430a-a05a-c8bba3fa6d96: shutdown FollowerState
2019-10-15 03:19:26,139 [Thread-1405] INFO  impl.FollowerState (FollowerState.java:run(117)) - a910346c-1ee2-4cdc-a6d8-644a3a4f0b7f@group-5FF82F29B6C0-FollowerState was interrupted: java.lang.InterruptedException: sleep interrupted
2019-10-15 03:19:26,139 [grpc-default-executor-5] INFO  impl.RoleInfo (RoleInfo.java:updateAndGet(143)) - a910346c-1ee2-4cdc-a6d8-644a3a4f0b7f: start FollowerState
2019-10-15 03:19:26,139 [Thread-1406] INFO  impl.FollowerState (FollowerState.java:run(117)) - 742c26a8-c271-430a-a05a-c8bba3fa6d96@group-5FF82F29B6C0-FollowerState was interrupted: java.lang.InterruptedException: sleep interrupted
2019-10-15 03:19:26,139 [grpc-default-executor-3] INFO  impl.RoleInfo (RoleInfo.java:updateAndGet(143)) - 742c26a8-c271-430a-a05a-c8bba3fa6d96: start FollowerState
2019-10-15 03:19:26,166 [4c6a16c4-95d2-4ef7-9fc0-4f57ccbd9967@group-5FF82F29B6C0-LeaderElection157] INFO  impl.LeaderElection (LeaderElection.java:logAndReturn(56)) - 4c6a16c4-95d2-4ef7-9fc0-4f57ccbd9967@group-5FF82F29B6C0-LeaderElection157: Election REJECTED; received 2 response(s) [4c6a16c4-95d2-4ef7-9fc0-4f57ccbd9967<-742c26a8-c271-430a-a05a-c8bba3fa6d96#0:FAIL-t164, 4c6a16c4-95d2-4ef7-9fc0-4f57ccbd9967<-a910346c-1ee2-4cdc-a6d8-644a3a4f0b7f#0:FAIL-t164] and 0 exception(s); 4c6a16c4-95d2-4ef7-9fc0-4f57ccbd9967@group-5FF82F29B6C0:t164, leader=null, voted=4c6a16c4-95d2-4ef7-9fc0-4f57ccbd9967, raftlog=4c6a16c4-95d2-4ef7-9fc0-4f57ccbd9967@group-5FF82F29B6C0-SegmentedRaftLog:OPENED:c-1,f-1,i0, conf=-1: [4c6a16c4-95d2-4ef7-9fc0-4f57ccbd9967:192.168.5.131:39112, 742c26a8-c271-430a-a05a-c8bba3fa6d96:192.168.5.131:42235, a910346c-1ee2-4cdc-a6d8-644a3a4f0b7f:192.168.5.131:38193], old=null
2019-10-15 03:19:26,166 [4c6a16c4-95d2-4ef7-9fc0-4f57ccbd9967@group-5FF82F29B6C0-LeaderElection157] INFO  impl.RaftServerImpl (RaftServerImpl.java:setRole(184)) - 4c6a16c4-95d2-4ef7-9fc0-4f57ccbd9967@group-5FF82F29B6C0: changes role from CANDIDATE to FOLLOWER at term 164 for DISCOVERED_A_NEW_TERM
2019-10-15 03:19:26,166 [4c6a16c4-95d2-4ef7-9fc0-4f57ccbd9967@group-5FF82F29B6C0-LeaderElection157] INFO  impl.RoleInfo (RoleInfo.java:shutdownLeaderElection(134)) - 4c6a16c4-95d2-4ef7-9fc0-4f57ccbd9967: shutdown LeaderElection
2019-10-15 03:19:26,166 [4c6a16c4-95d2-4ef7-9fc0-4f57ccbd9967@group-5FF82F29B6C0-LeaderElection157] INFO  impl.RoleInfo (RoleInfo.java:updateAndGet(143)) - 4c6a16c4-95d2-4ef7-9fc0-4f57ccbd9967: start FollowerState
2019-10-15 03:19:26,357 [Thread-1411] INFO  impl.FollowerState (FollowerState.java:run(108)) - 4c6a16c4-95d2-4ef7-9fc0-4f57ccbd9967@group-5FF82F29B6C0-FollowerState: change to CANDIDATE, lastRpcTime:190ms, electionTimeout:190ms
2019-10-15 03:19:26,357 [Thread-1411] INFO  impl.RoleInfo (RoleInfo.java:shutdownFollowerState(121)) - 4c6a16c4-95d2-4ef7-9fc0-4f57ccbd9967: shutdown FollowerState
2019-10-15 03:19:26,357 [Thread-1411] INFO  impl.RaftServerImpl (RaftServerImpl.java:setRole(184)) - 4c6a16c4-95d2-4ef7-9fc0-4f57ccbd9967@group-5FF82F29B6C0: changes role from  FOLLOWER to CANDIDATE at term 164 for changeToCandidate
2019-10-15 03:19:26,358 [Thread-1411] INFO  impl.RoleInfo (RoleInfo.java:updateAndGet(143)) - 4c6a16c4-95d2-4ef7-9fc0-4f57ccbd9967: start LeaderElection
2019-10-15 03:19:26,371 [4c6a16c4-95d2-4ef7-9fc0-4f57ccbd9967@group-5FF82F29B6C0-LeaderElection158] INFO  impl.LeaderElection (LeaderElection.java:askForVotes(178)) - 4c6a16c4-95d2-4ef7-9fc0-4f57ccbd9967@group-5FF82F29B6C0-LeaderElection158: begin an election at term 165 for -1: [4c6a16c4-95d2-4ef7-9fc0-4f57ccbd9967:192.168.5.131:39112, 742c26a8-c271-430a-a05a-c8bba3fa6d96:192.168.5.131:42235, a910346c-1ee2-4cdc-a6d8-644a3a4f0b7f:192.168.5.131:38193], old=null
2019-10-15 03:19:26,373 [grpc-default-executor-5] INFO  impl.RaftServerImpl (RaftServerImpl.java:setRole(184)) - 742c26a8-c271-430a-a05a-c8bba3fa6d96@group-5FF82F29B6C0: changes role from  FOLLOWER to FOLLOWER at term 165 for recognizeCandidate:4c6a16c4-95d2-4ef7-9fc0-4f57ccbd9967
2019-10-15 03:19:26,373 [grpc-default-executor-3] INFO  impl.RaftServerImpl (RaftServerImpl.java:setRole(184)) - a910346c-1ee2-4cdc-a6d8-644a3a4f0b7f@group-5FF82F29B6C0: changes role from  FOLLOWER to FOLLOWER at term 165 for recognizeCandidate:4c6a16c4-95d2-4ef7-9fc0-4f57ccbd9967
2019-10-15 03:19:26,373 [grpc-default-executor-5] INFO  impl.RoleInfo (RoleInfo.java:shutdownFollowerState(121)) - 742c26a8-c271-430a-a05a-c8bba3fa6d96: shutdown FollowerState
2019-10-15 03:19:26,374 [grpc-default-executor-3] INFO  impl.RoleInfo (RoleInfo.java:shutdownFollowerState(121)) - a910346c-1ee2-4cdc-a6d8-644a3a4f0b7f: shutdown FollowerState
2019-10-15 03:19:26,374 [grpc-default-executor-5] INFO  impl.RoleInfo (RoleInfo.java:updateAndGet(143)) - 742c26a8-c271-430a-a05a-c8bba3fa6d96: start FollowerState
2019-10-15 03:19:26,374 [Thread-1410] INFO  impl.FollowerState (FollowerState.java:run(117)) - 742c26a8-c271-430a-a05a-c8bba3fa6d96@group-5FF82F29B6C0-FollowerState was interrupted: java.lang.InterruptedException: sleep interrupted
2019-10-15 03:19:26,374 [grpc-default-executor-3] INFO  impl.RoleInfo (RoleInfo.java:updateAndGet(143)) - a910346c-1ee2-4cdc-a6d8-644a3a4f0b7f: start FollowerState
2019-10-15 03:19:26,374 [Thread-1409] INFO  impl.FollowerState (FollowerState.java:run(117)) - a910346c-1ee2-4cdc-a6d8-644a3a4f0b7f@group-5FF82F29B6C0-FollowerState was interrupted: java.lang.InterruptedException: sleep interrupted
2019-10-15 03:19:26,407 [4c6a16c4-95d2-4ef7-9fc0-4f57ccbd9967@group-5FF82F29B6C0-LeaderElection158] INFO  impl.LeaderElection (LeaderElection.java:logAndReturn(56)) - 4c6a16c4-95d2-4ef7-9fc0-4f57ccbd9967@group-5FF82F29B6C0-LeaderElection158: Election REJECTED; received 2 response(s) [4c6a16c4-95d2-4ef7-9fc0-4f57ccbd9967<-742c26a8-c271-430a-a05a-c8bba3fa6d96#0:FAIL-t165, 4c6a16c4-95d2-4ef7-9fc0-4f57ccbd9967<-a910346c-1ee2-4cdc-a6d8-644a3a4f0b7f#0:FAIL-t165] and 0 exception(s); 4c6a16c4-95d2-4ef7-9fc0-4f57ccbd9967@group-5FF82F29B6C0:t165, leader=null, voted=4c6a16c4-95d2-4ef7-9fc0-4f57ccbd9967, raftlog=4c6a16c4-95d2-4ef7-9fc0-4f57ccbd9967@group-5FF82F29B6C0-SegmentedRaftLog:OPENED:c-1,f-1,i0, conf=-1: [4c6a16c4-95d2-4ef7-9fc0-4f57ccbd9967:192.168.5.131:39112, 742c26a8-c271-430a-a05a-c8bba3fa6d96:192.168.5.131:42235, a910346c-1ee2-4cdc-a6d8-644a3a4f0b7f:192.168.5.131:38193], old=null
2019-10-15 03:19:26,407 [4c6a16c4-95d2-4ef7-9fc0-4f57ccbd9967@group-5FF82F29B6C0-LeaderElection158] INFO  impl.RaftServerImpl (RaftServerImpl.java:setRole(184)) - 4c6a16c4-95d2-4ef7-9fc0-4f57ccbd9967@group-5FF82F29B6C0: changes role from CANDIDATE to FOLLOWER at term 165 for DISCOVERED_A_NEW_TERM
2019-10-15 03:19:26,407 [4c6a16c4-95d2-4ef7-9fc0-4f57ccbd9967@group-5FF82F29B6C0-LeaderElection158] INFO  impl.RoleInfo (RoleInfo.java:shutdownLeaderElection(134)) - 4c6a16c4-95d2-4ef7-9fc0-4f57ccbd9967: shutdown LeaderElection
2019-10-15 03:19:26,407 [4c6a16c4-95d2-4ef7-9fc0-4f57ccbd9967@group-5FF82F29B6C0-LeaderElection158] INFO  impl.RoleInfo (RoleInfo.java:updateAndGet(143)) - 4c6a16c4-95d2-4ef7-9fc0-4f57ccbd9967: start FollowerState
2019-10-15 03:19:26,470 [Thread-1417] INFO  impl.FollowerState (FollowerState.java:run(108)) - 4c6a16c4-95d2-4ef7-9fc0-4f57ccbd9967@group-5FF82F29B6C0-FollowerState: change to CANDIDATE, lastRpcTime:62ms, electionTimeout:62ms
2019-10-15 03:19:26,470 [Thread-1417] INFO  impl.RoleInfo (RoleInfo.java:shutdownFollowerState(121)) - 4c6a16c4-95d2-4ef7-9fc0-4f57ccbd9967: shutdown FollowerState
2019-10-15 03:19:26,470 [Thread-1417] INFO  impl.RaftServerImpl (RaftServerImpl.java:setRole(184)) - 4c6a16c4-95d2-4ef7-9fc0-4f57ccbd9967@group-5FF82F29B6C0: changes role from  FOLLOWER to CANDIDATE at term 165 for changeToCandidate
2019-10-15 03:19:26,479 [Thread-1417] INFO  impl.RoleInfo (RoleInfo.java:updateAndGet(143)) - 4c6a16c4-95d2-4ef7-9fc0-4f57ccbd9967: start LeaderElection
2019-10-15 03:19:26,492 [4c6a16c4-95d2-4ef7-9fc0-4f57ccbd9967@group-5FF82F29B6C0-LeaderElection159] INFO  impl.LeaderElection (LeaderElection.java:askForVotes(178)) - 4c6a16c4-95d2-4ef7-9fc0-4f57ccbd9967@group-5FF82F29B6C0-LeaderElection159: begin an election at term 166 for -1: [4c6a16c4-95d2-4ef7-9fc0-4f57ccbd9967:192.168.5.131:39112, 742c26a8-c271-430a-a05a-c8bba3fa6d96:192.168.5.131:42235, a910346c-1ee2-4cdc-a6d8-644a3a4f0b7f:192.168.5.131:38193], old=null
2019-10-15 03:19:26,495 [grpc-default-executor-5] INFO  impl.RaftServerImpl (RaftServerImpl.java:setRole(184)) - a910346c-1ee2-4cdc-a6d8-644a3a4f0b7f@group-5FF82F29B6C0: changes role from  FOLLOWER to FOLLOWER at term 166 for recognizeCandidate:4c6a16c4-95d2-4ef7-9fc0-4f57ccbd9967
2019-10-15 03:19:26,495 [grpc-default-executor-3] INFO  impl.RaftServerImpl (RaftServerImpl.java:setRole(184)) - 742c26a8-c271-430a-a05a-c8bba3fa6d96@group-5FF82F29B6C0: changes role from  FOLLOWER to FOLLOWER at term 166 for recognizeCandidate:4c6a16c4-95d2-4ef7-9fc0-4f57ccbd9967
2019-10-15 03:19:26,495 [grpc-default-executor-5] INFO  impl.RoleInfo (RoleInfo.java:shutdownFollowerState(121)) - a910346c-1ee2-4cdc-a6d8-644a3a4f0b7f: shutdown FollowerState
2019-10-15 03:19:26,496 [grpc-default-executor-3] INFO  impl.RoleInfo (RoleInfo.java:shutdownFollowerState(121)) - 742c26a8-c271-430a-a05a-c8bba3fa6d96: shutdown FollowerState
2019-10-15 03:19:26,505 [grpc-default-executor-3] INFO  impl.RoleInfo (RoleInfo.java:updateAndGet(143)) - 742c26a8-c271-430a-a05a-c8bba3fa6d96: start FollowerState
2019-10-15 03:19:26,506 [Thread-1416] INFO  impl.FollowerState (FollowerState.java:run(117)) - a910346c-1ee2-4cdc-a6d8-644a3a4f0b7f@group-5FF82F29B6C0-FollowerState was interrupted: java.lang.InterruptedException: sleep interrupted
2019-10-15 03:19:26,505 [Thread-1415] INFO  impl.FollowerState (FollowerState.java:run(117)) - 742c26a8-c271-430a-a05a-c8bba3fa6d96@group-5FF82F29B6C0-FollowerState was interrupted: java.lang.InterruptedException: sleep interrupted
2019-10-15 03:19:26,505 [grpc-default-executor-5] INFO  impl.RoleInfo (RoleInfo.java:updateAndGet(143)) - a910346c-1ee2-4cdc-a6d8-644a3a4f0b7f: start FollowerState
2019-10-15 03:19:26,523 [4c6a16c4-95d2-4ef7-9fc0-4f57ccbd9967@group-5FF82F29B6C0-LeaderElection159] INFO  impl.LeaderElection (LeaderElection.java:logAndReturn(56)) - 4c6a16c4-95d2-4ef7-9fc0-4f57ccbd9967@group-5FF82F29B6C0-LeaderElection159: Election REJECTED; received 2 response(s) [4c6a16c4-95d2-4ef7-9fc0-4f57ccbd9967<-742c26a8-c271-430a-a05a-c8bba3fa6d96#0:FAIL-t166, 4c6a16c4-95d2-4ef7-9fc0-4f57ccbd9967<-a910346c-1ee2-4cdc-a6d8-644a3a4f0b7f#0:FAIL-t166] and 0 exception(s); 4c6a16c4-95d2-4ef7-9fc0-4f57ccbd9967@group-5FF82F29B6C0:t166, leader=null, voted=4c6a16c4-95d2-4ef7-9fc0-4f57ccbd9967, raftlog=4c6a16c4-95d2-4ef7-9fc0-4f57ccbd9967@group-5FF82F29B6C0-SegmentedRaftLog:OPENED:c-1,f-1,i0, conf=-1: [4c6a16c4-95d2-4ef7-9fc0-4f57ccbd9967:192.168.5.131:39112, 742c26a8-c271-430a-a05a-c8bba3fa6d96:192.168.5.131:42235, a910346c-1ee2-4cdc-a6d8-644a3a4f0b7f:192.168.5.131:38193], old=null
2019-10-15 03:19:26,523 [4c6a16c4-95d2-4ef7-9fc0-4f57ccbd9967@group-5FF82F29B6C0-LeaderElection159] INFO  impl.RaftServerImpl (RaftServerImpl.java:setRole(184)) - 4c6a16c4-95d2-4ef7-9fc0-4f57ccbd9967@group-5FF82F29B6C0: changes role from CANDIDATE to FOLLOWER at term 166 for DISCOVERED_A_NEW_TERM
2019-10-15 03:19:26,523 [4c6a16c4-95d2-4ef7-9fc0-4f57ccbd9967@group-5FF82F29B6C0-LeaderElection159] INFO  impl.RoleInfo (RoleInfo.java:shutdownLeaderElection(134)) - 4c6a16c4-95d2-4ef7-9fc0-4f57ccbd9967: shutdown LeaderElection
2019-10-15 03:19:26,523 [4c6a16c4-95d2-4ef7-9fc0-4f57ccbd9967@group-5FF82F29B6C0-LeaderElection159] INFO  impl.RoleInfo (RoleInfo.java:updateAndGet(143)) - 4c6a16c4-95d2-4ef7-9fc0-4f57ccbd9967: start FollowerState
2019-10-15 03:19:26,583 [Thread-1425] INFO  impl.FollowerState (FollowerState.java:run(108)) - 4c6a16c4-95d2-4ef7-9fc0-4f57ccbd9967@group-5FF82F29B6C0-FollowerState: change to CANDIDATE, lastRpcTime:59ms, electionTimeout:47ms
2019-10-15 03:19:26,583 [Thread-1425] INFO  impl.RoleInfo (RoleInfo.java:shutdownFollowerState(121)) - 4c6a16c4-95d2-4ef7-9fc0-4f57ccbd9967: shutdown FollowerState
2019-10-15 03:19:26,584 [Thread-1425] INFO  impl.RaftServerImpl (RaftServerImpl.java:setRole(184)) - 4c6a16c4-95d2-4ef7-9fc0-4f57ccbd9967@group-5FF82F29B6C0: changes role from  FOLLOWER to CANDIDATE at term 166 for changeToCandidate
2019-10-15 03:19:26,584 [Thread-1425] INFO  impl.RoleInfo (RoleInfo.java:updateAndGet(143)) - 4c6a16c4-95d2-4ef7-9fc0-4f57ccbd9967: start LeaderElection
2019-10-15 03:19:26,607 [4c6a16c4-95d2-4ef7-9fc0-4f57ccbd9967@group-5FF82F29B6C0-LeaderElection160] INFO  impl.LeaderElection (LeaderElection.java:askForVotes(178)) - 4c6a16c4-95d2-4ef7-9fc0-4f57ccbd9967@group-5FF82F29B6C0-LeaderElection160: begin an election at term 167 for -1: [4c6a16c4-95d2-4ef7-9fc0-4f57ccbd9967:192.168.5.131:39112, 742c26a8-c271-430a-a05a-c8bba3fa6d96:192.168.5.131:42235, a910346c-1ee2-4cdc-a6d8-644a3a4f0b7f:192.168.5.131:38193], old=null
2019-10-15 03:19:26,611 [4c6a16c4-95d2-4ef7-9fc0-4f57ccbd9967@group-5FF82F29B6C0-LeaderElection160] INFO  impl.LeaderElection (LeaderElection.java:logAndReturn(56)) - 4c6a16c4-95d2-4ef7-9fc0-4f57ccbd9967@group-5FF82F29B6C0-LeaderElection160: Election TIMEOUT; received 0 response(s) [] and 0 exception(s); 4c6a16c4-95d2-4ef7-9fc0-4f57ccbd9967@group-5FF82F29B6C0:t167, leader=null, voted=4c6a16c4-95d2-4ef7-9fc0-4f57ccbd9967, raftlog=4c6a16c4-95d2-4ef7-9fc0-4f57ccbd9967@group-5FF82F29B6C0-SegmentedRaftLog:OPENED:c-1,f-1,i0, conf=-1: [4c6a16c4-95d2-4ef7-9fc0-4f57ccbd9967:192.168.5.131:39112, 742c26a8-c271-430a-a05a-c8bba3fa6d96:192.168.5.131:42235, a910346c-1ee2-4cdc-a6d8-644a3a4f0b7f:192.168.5.131:38193], old=null
2019-10-15 03:19:26,612 [grpc-default-executor-3] INFO  impl.RaftServerImpl (RaftServerImpl.java:setRole(184)) - 742c26a8-c271-430a-a05a-c8bba3fa6d96@group-5FF82F29B6C0: changes role from  FOLLOWER to FOLLOWER at term 167 for recognizeCandidate:4c6a16c4-95d2-4ef7-9fc0-4f57ccbd9967
2019-10-15 03:19:26,612 [grpc-default-executor-6] INFO  impl.RaftServerImpl (RaftServerImpl.java:setRole(184)) - a910346c-1ee2-4cdc-a6d8-644a3a4f0b7f@group-5FF82F29B6C0: changes role from  FOLLOWER to FOLLOWER at term 167 for recognizeCandidate:4c6a16c4-95d2-4ef7-9fc0-4f57ccbd9967
2019-10-15 03:19:26,612 [grpc-default-executor-3] INFO  impl.RoleInfo (RoleInfo.java:shutdownFollowerState(121)) - 742c26a8-c271-430a-a05a-c8bba3fa6d96: shutdown FollowerState
2019-10-15 03:19:26,612 [grpc-default-executor-6] INFO  impl.RoleInfo (RoleInfo.java:shutdownFollowerState(121)) - a910346c-1ee2-4cdc-a6d8-644a3a4f0b7f: shutdown FollowerState
2019-10-15 03:19:26,612 [Thread-1423] INFO  impl.FollowerState (FollowerState.java:run(117)) - 742c26a8-c271-430a-a05a-c8bba3fa6d96@group-5FF82F29B6C0-FollowerState was interrupted: java.lang.InterruptedException: sleep interrupted
2019-10-15 03:19:26,612 [grpc-default-executor-3] INFO  impl.RoleInfo (RoleInfo.java:updateAndGet(143)) - 742c26a8-c271-430a-a05a-c8bba3fa6d96: start FollowerState
2019-10-15 03:19:26,612 [grpc-default-executor-6] INFO  impl.RoleInfo (RoleInfo.java:updateAndGet(143)) - a910346c-1ee2-4cdc-a6d8-644a3a4f0b7f: start FollowerState
2019-10-15 03:19:26,612 [Thread-1424] INFO  impl.FollowerState (FollowerState.java:run(117)) - a910346c-1ee2-4cdc-a6d8-644a3a4f0b7f@group-5FF82F29B6C0-FollowerState was interrupted: java.lang.InterruptedException: sleep interrupted
2019-10-15 03:19:26,636 [4c6a16c4-95d2-4ef7-9fc0-4f57ccbd9967@group-5FF82F29B6C0-LeaderElection160] INFO  impl.LeaderElection (LeaderElection.java:askForVotes(178)) - 4c6a16c4-95d2-4ef7-9fc0-4f57ccbd9967@group-5FF82F29B6C0-LeaderElection160: begin an election at term 168 for -1: [4c6a16c4-95d2-4ef7-9fc0-4f57ccbd9967:192.168.5.131:39112, 742c26a8-c271-430a-a05a-c8bba3fa6d96:192.168.5.131:42235, a910346c-1ee2-4cdc-a6d8-644a3a4f0b7f:192.168.5.131:38193], old=null
2019-10-15 03:19:26,638 [grpc-default-executor-6] INFO  impl.RaftServerImpl (RaftServerImpl.java:setRole(184)) - 742c26a8-c271-430a-a05a-c8bba3fa6d96@group-5FF82F29B6C0: changes role from  FOLLOWER to FOLLOWER at term 168 for recognizeCandidate:4c6a16c4-95d2-4ef7-9fc0-4f57ccbd9967
2019-10-15 03:19:26,639 [grpc-default-executor-6] INFO  impl.RoleInfo (RoleInfo.java:shutdownFollowerState(121)) - 742c26a8-c271-430a-a05a-c8bba3fa6d96: shutdown FollowerState
2019-10-15 03:19:26,639 [grpc-default-executor-3] INFO  impl.RaftServerImpl (RaftServerImpl.java:setRole(184)) - a910346c-1ee2-4cdc-a6d8-644a3a4f0b7f@group-5FF82F29B6C0: changes role from  FOLLOWER to FOLLOWER at term 168 for recognizeCandidate:4c6a16c4-95d2-4ef7-9fc0-4f57ccbd9967
2019-10-15 03:19:26,639 [Thread-1431] INFO  impl.FollowerState (FollowerState.java:run(117)) - 742c26a8-c271-430a-a05a-c8bba3fa6d96@group-5FF82F29B6C0-FollowerState was interrupted: java.lang.InterruptedException: sleep interrupted
2019-10-15 03:19:26,639 [grpc-default-executor-6] INFO  impl.RoleInfo (RoleInfo.java:updateAndGet(143)) - 742c26a8-c271-430a-a05a-c8bba3fa6d96: start FollowerState
2019-10-15 03:19:26,639 [grpc-default-executor-3] INFO  impl.RoleInfo (RoleInfo.java:shutdownFollowerState(121)) - a910346c-1ee2-4cdc-a6d8-644a3a4f0b7f: shutdown FollowerState
2019-10-15 03:19:26,640 [grpc-default-executor-3] INFO  impl.RoleInfo (RoleInfo.java:updateAndGet(143)) - a910346c-1ee2-4cdc-a6d8-644a3a4f0b7f: start FollowerState
2019-10-15 03:19:26,640 [Thread-1432] INFO  impl.FollowerState (FollowerState.java:run(117)) - a910346c-1ee2-4cdc-a6d8-644a3a4f0b7f@group-5FF82F29B6C0-FollowerState was interrupted: java.lang.InterruptedException: sleep interrupted
2019-10-15 03:19:26,666 [4c6a16c4-95d2-4ef7-9fc0-4f57ccbd9967@group-5FF82F29B6C0-LeaderElection160] INFO  impl.LeaderElection (LeaderElection.java:logAndReturn(56)) - 4c6a16c4-95d2-4ef7-9fc0-4f57ccbd9967@group-5FF82F29B6C0-LeaderElection160: Election REJECTED; received 2 response(s) [4c6a16c4-95d2-4ef7-9fc0-4f57ccbd9967<-742c26a8-c271-430a-a05a-c8bba3fa6d96#0:FAIL-t168, 4c6a16c4-95d2-4ef7-9fc0-4f57ccbd9967<-a910346c-1ee2-4cdc-a6d8-644a3a4f0b7f#0:FAIL-t168] and 0 exception(s); 4c6a16c4-95d2-4ef7-9fc0-4f57ccbd9967@group-5FF82F29B6C0:t168, leader=null, voted=4c6a16c4-95d2-4ef7-9fc0-4f57ccbd9967, raftlog=4c6a16c4-95d2-4ef7-9fc0-4f57ccbd9967@group-5FF82F29B6C0-SegmentedRaftLog:OPENED:c-1,f-1,i0, conf=-1: [4c6a16c4-95d2-4ef7-9fc0-4f57ccbd9967:192.168.5.131:39112, 742c26a8-c271-430a-a05a-c8bba3fa6d96:192.168.5.131:42235, a910346c-1ee2-4cdc-a6d8-644a3a4f0b7f:192.168.5.131:38193], old=null
2019-10-15 03:19:26,666 [4c6a16c4-95d2-4ef7-9fc0-4f57ccbd9967@group-5FF82F29B6C0-LeaderElection160] INFO  impl.RaftServerImpl (RaftServerImpl.java:setRole(184)) - 4c6a16c4-95d2-4ef7-9fc0-4f57ccbd9967@group-5FF82F29B6C0: changes role from CANDIDATE to FOLLOWER at term 168 for DISCOVERED_A_NEW_TERM
2019-10-15 03:19:26,666 [4c6a16c4-95d2-4ef7-9fc0-4f57ccbd9967@group-5FF82F29B6C0-LeaderElection160] INFO  impl.RoleInfo (RoleInfo.java:shutdownLeaderElection(134)) - 4c6a16c4-95d2-4ef7-9fc0-4f57ccbd9967: shutdown LeaderElection
2019-10-15 03:19:26,666 [4c6a16c4-95d2-4ef7-9fc0-4f57ccbd9967@group-5FF82F29B6C0-LeaderElection160] INFO  impl.RoleInfo (RoleInfo.java:updateAndGet(143)) - 4c6a16c4-95d2-4ef7-9fc0-4f57ccbd9967: start FollowerState
2019-10-15 03:19:26,757 [main] WARN  io.KeyOutputStream (KeyOutputStream.java:handleException(274)) - Encountered exception java.io.IOException: Unexpected Storage Container Exception: java.util.concurrent.CompletionException: java.util.concurrent.CompletionException: org.apache.ratis.protocol.RaftRetryFailureException: Failed RaftClientRequest:client-3DE4E1546797->4c6a16c4-95d2-4ef7-9fc0-4f57ccbd9967@group-5FF82F29B6C0, cid=13, seq=1*, RW, cmdType: WriteChunk
traceID: "c3a5eea794164c47:c3a5eea794164c47:0:0"
containerID: 1
datanodeUuid: "a910346c-1ee2-4cdc-a6d8-644a3a4f0b7f"
writeChunk {
  blockID {
    containerID: 1
    localID: 102964235263475712
    blockCommitSequenceId: 0
  }
  chunkData {
    chunkName: "102964235263475712_chunk_1"
    offset: 0
    len: 100
    checksumData {
      type: CRC32
      bytesPerChecksum: 1048576
      checksums: "\000\000\000\000\243o\000#"
    }
  }
}
, data.size=100 for 20 attempts with RetryLimited(maxAttempts=20, sleepTime=1000ms) on the pipeline Pipeline[ Id: e4bf9835-e697-42f6-b211-5ff82f29b6c0, Nodes: a910346c-1ee2-4cdc-a6d8-644a3a4f0b7f{ip: 192.168.5.131, host: pr-hdds-2305-c92ks-1629580955, networkLocation: /default-rack, certSerialId: null}742c26a8-c271-430a-a05a-c8bba3fa6d96{ip: 192.168.5.131, host: pr-hdds-2305-c92ks-1629580955, networkLocation: /default-rack, certSerialId: null}4c6a16c4-95d2-4ef7-9fc0-4f57ccbd9967{ip: 192.168.5.131, host: pr-hdds-2305-c92ks-1629580955, networkLocation: /default-rack, certSerialId: null}, Type:RATIS, Factor:THREE, State:OPEN]. The last committed block length is 0, uncommitted data length is 400 retry count 0
2019-10-15 03:19:26,818 [Thread-1437] INFO  impl.FollowerState (FollowerState.java:run(108)) - 4c6a16c4-95d2-4ef7-9fc0-4f57ccbd9967@group-5FF82F29B6C0-FollowerState: change to CANDIDATE, lastRpcTime:151ms, electionTimeout:143ms
2019-10-15 03:19:26,818 [Thread-1437] INFO  impl.RoleInfo (RoleInfo.java:shutdownFollowerState(121)) - 4c6a16c4-95d2-4ef7-9fc0-4f57ccbd9967: shutdown FollowerState
2019-10-15 03:19:26,819 [Thread-1437] INFO  impl.RaftServerImpl (RaftServerImpl.java:setRole(184)) - 4c6a16c4-95d2-4ef7-9fc0-4f57ccbd9967@group-5FF82F29B6C0: changes role from  FOLLOWER to CANDIDATE at term 168 for changeToCandidate
2019-10-15 03:19:26,826 [Thread-1437] INFO  impl.RoleInfo (RoleInfo.java:updateAndGet(143)) - 4c6a16c4-95d2-4ef7-9fc0-4f57ccbd9967: start LeaderElection
2019-10-15 03:19:26,853 [4c6a16c4-95d2-4ef7-9fc0-4f57ccbd9967@group-5FF82F29B6C0-LeaderElection161] INFO  impl.LeaderElection (LeaderElection.java:askForVotes(178)) - 4c6a16c4-95d2-4ef7-9fc0-4f57ccbd9967@group-5FF82F29B6C0-LeaderElection161: begin an election at term 169 for -1: [4c6a16c4-95d2-4ef7-9fc0-4f57ccbd9967:192.168.5.131:39112, 742c26a8-c271-430a-a05a-c8bba3fa6d96:192.168.5.131:42235, a910346c-1ee2-4cdc-a6d8-644a3a4f0b7f:192.168.5.131:38193], old=null
2019-10-15 03:19:26,856 [grpc-default-executor-6] INFO  impl.RaftServerImpl (RaftServerImpl.java:setRole(184)) - 742c26a8-c271-430a-a05a-c8bba3fa6d96@group-5FF82F29B6C0: changes role from  FOLLOWER to FOLLOWER at term 169 for recognizeCandidate:4c6a16c4-95d2-4ef7-9fc0-4f57ccbd9967
2019-10-15 03:19:26,856 [grpc-default-executor-6] INFO  impl.RoleInfo (RoleInfo.java:shutdownFollowerState(121)) - 742c26a8-c271-430a-a05a-c8bba3fa6d96: shutdown FollowerState
2019-10-15 03:19:26,856 [grpc-default-executor-6] INFO  impl.RoleInfo (RoleInfo.java:updateAndGet(143)) - 742c26a8-c271-430a-a05a-c8bba3fa6d96: start FollowerState
2019-10-15 03:19:26,856 [Thread-1435] INFO  impl.FollowerState (FollowerState.java:run(117)) - 742c26a8-c271-430a-a05a-c8bba3fa6d96@group-5FF82F29B6C0-FollowerState was interrupted: java.lang.InterruptedException: sleep interrupted
2019-10-15 03:19:26,856 [grpc-default-executor-3] INFO  impl.RaftServerImpl (RaftServerImpl.java:setRole(184)) - a910346c-1ee2-4cdc-a6d8-644a3a4f0b7f@group-5FF82F29B6C0: changes role from  FOLLOWER to FOLLOWER at term 169 for recognizeCandidate:4c6a16c4-95d2-4ef7-9fc0-4f57ccbd9967
2019-10-15 03:19:26,857 [grpc-default-executor-3] INFO  impl.RoleInfo (RoleInfo.java:shutdownFollowerState(121)) - a910346c-1ee2-4cdc-a6d8-644a3a4f0b7f: shutdown FollowerState
2019-10-15 03:19:26,857 [grpc-default-executor-3] INFO  impl.RoleInfo (RoleInfo.java:updateAndGet(143)) - a910346c-1ee2-4cdc-a6d8-644a3a4f0b7f: start FollowerState
2019-10-15 03:19:26,857 [Thread-1436] INFO  impl.FollowerState (FollowerState.java:run(117)) - a910346c-1ee2-4cdc-a6d8-644a3a4f0b7f@group-5FF82F29B6C0-FollowerState was interrupted: java.lang.InterruptedException: sleep interrupted
2019-10-15 03:19:26,883 [4c6a16c4-95d2-4ef7-9fc0-4f57ccbd9967@group-5FF82F29B6C0-LeaderElection161] INFO  impl.LeaderElection (LeaderElection.java:logAndReturn(56)) - 4c6a16c4-95d2-4ef7-9fc0-4f57ccbd9967@group-5FF82F29B6C0-LeaderElection161: Election REJECTED; received 2 response(s) [4c6a16c4-95d2-4ef7-9fc0-4f57ccbd9967<-742c26a8-c271-430a-a05a-c8bba3fa6d96#0:FAIL-t169, 4c6a16c4-95d2-4ef7-9fc0-4f57ccbd9967<-a910346c-1ee2-4cdc-a6d8-644a3a4f0b7f#0:FAIL-t169] and 0 exception(s); 4c6a16c4-95d2-4ef7-9fc0-4f57ccbd9967@group-5FF82F29B6C0:t169, leader=null, voted=4c6a16c4-95d2-4ef7-9fc0-4f57ccbd9967, raftlog=4c6a16c4-95d2-4ef7-9fc0-4f57ccbd9967@group-5FF82F29B6C0-SegmentedRaftLog:OPENED:c-1,f-1,i0, conf=-1: [4c6a16c4-95d2-4ef7-9fc0-4f57ccbd9967:192.168.5.131:39112, 742c26a8-c271-430a-a05a-c8bba3fa6d96:192.168.5.131:42235, a910346c-1ee2-4cdc-a6d8-644a3a4f0b7f:192.168.5.131:38193], old=null
2019-10-15 03:19:26,883 [4c6a16c4-95d2-4ef7-9fc0-4f57ccbd9967@group-5FF82F29B6C0-LeaderElection161] INFO  impl.RaftServerImpl (RaftServerImpl.java:setRole(184)) - 4c6a16c4-95d2-4ef7-9fc0-4f57ccbd9967@group-5FF82F29B6C0: changes role from CANDIDATE to FOLLOWER at term 169 for DISCOVERED_A_NEW_TERM
2019-10-15 03:19:26,883 [4c6a16c4-95d2-4ef7-9fc0-4f57ccbd9967@group-5FF82F29B6C0-LeaderElection161] INFO  impl.RoleInfo (RoleInfo.java:shutdownLeaderElection(134)) - 4c6a16c4-95d2-4ef7-9fc0-4f57ccbd9967: shutdown LeaderElection
2019-10-15 03:19:26,884 [4c6a16c4-95d2-4ef7-9fc0-4f57ccbd9967@group-5FF82F29B6C0-LeaderElection161] INFO  impl.RoleInfo (RoleInfo.java:updateAndGet(143)) - 4c6a16c4-95d2-4ef7-9fc0-4f57ccbd9967: start FollowerState
2019-10-15 03:19:26,903 [Thread-1449] INFO  impl.FollowerState (FollowerState.java:run(108)) - 4c6a16c4-95d2-4ef7-9fc0-4f57ccbd9967@group-5FF82F29B6C0-FollowerState: change to CANDIDATE, lastRpcTime:19ms, electionTimeout:19ms
2019-10-15 03:19:26,903 [Thread-1449] INFO  impl.RoleInfo (RoleInfo.java:shutdownFollowerState(121)) - 4c6a16c4-95d2-4ef7-9fc0-4f57ccbd9967: shutdown FollowerState
2019-10-15 03:19:26,904 [Thread-1449] INFO  impl.RaftServerImpl (RaftServerImpl.java:setRole(184)) - 4c6a16c4-95d2-4ef7-9fc0-4f57ccbd9967@group-5FF82F29B6C0: changes role from  FOLLOWER to CANDIDATE at term 169 for changeToCandidate
2019-10-15 03:19:26,904 [Thread-1449] INFO  impl.RoleInfo (RoleInfo.java:updateAndGet(143)) - 4c6a16c4-95d2-4ef7-9fc0-4f57ccbd9967: start LeaderElection
2019-10-15 03:19:26,908 [4c6a16c4-95d2-4ef7-9fc0-4f57ccbd9967@group-5FF82F29B6C0-LeaderElection162] INFO  impl.LeaderElection (LeaderElection.java:askForVotes(178)) - 4c6a16c4-95d2-4ef7-9fc0-4f57ccbd9967@group-5FF82F29B6C0-LeaderElection162: begin an election at term 170 for -1: [4c6a16c4-95d2-4ef7-9fc0-4f57ccbd9967:192.168.5.131:39112, 742c26a8-c271-430a-a05a-c8bba3fa6d96:192.168.5.131:42235, a910346c-1ee2-4cdc-a6d8-644a3a4f0b7f:192.168.5.131:38193], old=null
2019-10-15 03:19:26,911 [grpc-default-executor-6] INFO  impl.RaftServerImpl (RaftServerImpl.java:setRole(184)) - a910346c-1ee2-4cdc-a6d8-644a3a4f0b7f@group-5FF82F29B6C0: changes role from  FOLLOWER to FOLLOWER at term 170 for recognizeCandidate:4c6a16c4-95d2-4ef7-9fc0-4f57ccbd9967
2019-10-15 03:19:26,911 [grpc-default-executor-3] INFO  impl.RaftServerImpl (RaftServerImpl.java:setRole(184)) - 742c26a8-c271-430a-a05a-c8bba3fa6d96@group-5FF82F29B6C0: changes role from  FOLLOWER to FOLLOWER at term 170 for recognizeCandidate:4c6a16c4-95d2-4ef7-9fc0-4f57ccbd9967
2019-10-15 03:19:26,911 [grpc-default-executor-6] INFO  impl.RoleInfo (RoleInfo.java:shutdownFollowerState(121)) - a910346c-1ee2-4cdc-a6d8-644a3a4f0b7f: shutdown FollowerState
2019-10-15 03:19:26,911 [grpc-default-executor-3] INFO  impl.RoleInfo (RoleInfo.java:shutdownFollowerState(121)) - 742c26a8-c271-430a-a05a-c8bba3fa6d96: shutdown FollowerState
2019-10-15 03:19:26,911 [Thread-1448] INFO  impl.FollowerState (FollowerState.java:run(117)) - a910346c-1ee2-4cdc-a6d8-644a3a4f0b7f@group-5FF82F29B6C0-FollowerState was interrupted: java.lang.InterruptedException: sleep interrupted
2019-10-15 03:19:26,911 [grpc-default-executor-6] INFO  impl.RoleInfo (RoleInfo.java:updateAndGet(143)) - a910346c-1ee2-4cdc-a6d8-644a3a4f0b7f: start FollowerState
2019-10-15 03:19:26,911 [Thread-1447] INFO  impl.FollowerState (FollowerState.java:run(117)) - 742c26a8-c271-430a-a05a-c8bba3fa6d96@group-5FF82F29B6C0-FollowerState was interrupted: java.lang.InterruptedException: sleep interrupted
2019-10-15 03:19:26,911 [grpc-default-executor-3] INFO  impl.RoleInfo (RoleInfo.java:updateAndGet(143)) - 742c26a8-c271-430a-a05a-c8bba3fa6d96: start FollowerState
2019-10-15 03:19:26,931 [4c6a16c4-95d2-4ef7-9fc0-4f57ccbd9967@group-5FF82F29B6C0-LeaderElection162] INFO  impl.LeaderElection (LeaderElection.java:logAndReturn(56)) - 4c6a16c4-95d2-4ef7-9fc0-4f57ccbd9967@group-5FF82F29B6C0-LeaderElection162: Election REJECTED; received 2 response(s) [4c6a16c4-95d2-4ef7-9fc0-4f57ccbd9967<-742c26a8-c271-430a-a05a-c8bba3fa6d96#0:FAIL-t170, 4c6a16c4-95d2-4ef7-9fc0-4f57ccbd9967<-a910346c-1ee2-4cdc-a6d8-644a3a4f0b7f#0:FAIL-t170] and 0 exception(s); 4c6a16c4-95d2-4ef7-9fc0-4f57ccbd9967@group-5FF82F29B6C0:t170, leader=null, voted=4c6a16c4-95d2-4ef7-9fc0-4f57ccbd9967, raftlog=4c6a16c4-95d2-4ef7-9fc0-4f57ccbd9967@group-5FF82F29B6C0-SegmentedRaftLog:OPENED:c-1,f-1,i0, conf=-1: [4c6a16c4-95d2-4ef7-9fc0-4f57ccbd9967:192.168.5.131:39112, 742c26a8-c271-430a-a05a-c8bba3fa6d96:192.168.5.131:42235, a910346c-1ee2-4cdc-a6d8-644a3a4f0b7f:192.168.5.131:38193], old=null
2019-10-15 03:19:26,931 [4c6a16c4-95d2-4ef7-9fc0-4f57ccbd9967@group-5FF82F29B6C0-LeaderElection162] INFO  impl.RaftServerImpl (RaftServerImpl.java:setRole(184)) - 4c6a16c4-95d2-4ef7-9fc0-4f57ccbd9967@group-5FF82F29B6C0: changes role from CANDIDATE to FOLLOWER at term 170 for DISCOVERED_A_NEW_TERM
2019-10-15 03:19:26,931 [4c6a16c4-95d2-4ef7-9fc0-4f57ccbd9967@group-5FF82F29B6C0-LeaderElection162] INFO  impl.RoleInfo (RoleInfo.java:shutdownLeaderElection(134)) - 4c6a16c4-95d2-4ef7-9fc0-4f57ccbd9967: shutdown LeaderElection
2019-10-15 03:19:26,931 [4c6a16c4-95d2-4ef7-9fc0-4f57ccbd9967@group-5FF82F29B6C0-LeaderElection162] INFO  impl.RoleInfo (RoleInfo.java:updateAndGet(143)) - 4c6a16c4-95d2-4ef7-9fc0-4f57ccbd9967: start FollowerState
2019-10-15 03:19:27,058 [Thread-1455] INFO  impl.FollowerState (FollowerState.java:run(108)) - 4c6a16c4-95d2-4ef7-9fc0-4f57ccbd9967@group-5FF82F29B6C0-FollowerState: change to CANDIDATE, lastRpcTime:126ms, electionTimeout:126ms
2019-10-15 03:19:27,058 [Thread-1455] INFO  impl.RoleInfo (RoleInfo.java:shutdownFollowerState(121)) - 4c6a16c4-95d2-4ef7-9fc0-4f57ccbd9967: shutdown FollowerState
2019-10-15 03:19:27,058 [Thread-1455] INFO  impl.RaftServerImpl (RaftServerImpl.java:setRole(184)) - 4c6a16c4-95d2-4ef7-9fc0-4f57ccbd9967@group-5FF82F29B6C0: changes role from  FOLLOWER to CANDIDATE at term 170 for changeToCandidate
2019-10-15 03:19:27,058 [Thread-1455] INFO  impl.RoleInfo (RoleInfo.java:updateAndGet(143)) - 4c6a16c4-95d2-4ef7-9fc0-4f57ccbd9967: start LeaderElection
2019-10-15 03:19:27,072 [4c6a16c4-95d2-4ef7-9fc0-4f57ccbd9967@group-5FF82F29B6C0-LeaderElection163] INFO  impl.LeaderElection (LeaderElection.java:askForVotes(178)) - 4c6a16c4-95d2-4ef7-9fc0-4f57ccbd9967@group-5FF82F29B6C0-LeaderElection163: begin an election at term 171 for -1: [4c6a16c4-95d2-4ef7-9fc0-4f57ccbd9967:192.168.5.131:39112, 742c26a8-c271-430a-a05a-c8bba3fa6d96:192.168.5.131:42235, a910346c-1ee2-4cdc-a6d8-644a3a4f0b7f:192.168.5.131:38193], old=null
2019-10-15 03:19:27,074 [grpc-default-executor-6] INFO  impl.RaftServerImpl (RaftServerImpl.java:setRole(184)) - 742c26a8-c271-430a-a05a-c8bba3fa6d96@group-5FF82F29B6C0: changes role from  FOLLOWER to FOLLOWER at term 171 for recognizeCandidate:4c6a16c4-95d2-4ef7-9fc0-4f57ccbd9967
2019-10-15 03:19:27,074 [grpc-default-executor-3] INFO  impl.RaftServerImpl (RaftServerImpl.java:setRole(184)) - a910346c-1ee2-4cdc-a6d8-644a3a4f0b7f@group-5FF82F29B6C0: changes role from  FOLLOWER to FOLLOWER at term 171 for recognizeCandidate:4c6a16c4-95d2-4ef7-9fc0-4f57ccbd9967
2019-10-15 03:19:27,074 [grpc-default-executor-6] INFO  impl.RoleInfo (RoleInfo.java:shutdownFollowerState(121)) - 742c26a8-c271-430a-a05a-c8bba3fa6d96: shutdown FollowerState
2019-10-15 03:19:27,075 [grpc-default-executor-3] INFO  impl.RoleInfo (RoleInfo.java:shutdownFollowerState(121)) - a910346c-1ee2-4cdc-a6d8-644a3a4f0b7f: shutdown FollowerState
2019-10-15 03:19:27,075 [Thread-1454] INFO  impl.FollowerState (FollowerState.java:run(117)) - 742c26a8-c271-430a-a05a-c8bba3fa6d96@group-5FF82F29B6C0-FollowerState was interrupted: java.lang.InterruptedException: sleep interrupted
2019-10-15 03:19:27,075 [grpc-default-executor-6] INFO  impl.RoleInfo (RoleInfo.java:updateAndGet(143)) - 742c26a8-c271-430a-a05a-c8bba3fa6d96: start FollowerState
2019-10-15 03:19:27,077 [Thread-1453] INFO  impl.FollowerState (FollowerState.java:run(117)) - a910346c-1ee2-4cdc-a6d8-644a3a4f0b7f@group-5FF82F29B6C0-FollowerState was interrupted: java.lang.InterruptedException: sleep interrupted
2019-10-15 03:19:27,077 [grpc-default-executor-3] INFO  impl.RoleInfo (RoleInfo.java:updateAndGet(143)) - a910346c-1ee2-4cdc-a6d8-644a3a4f0b7f: start FollowerState
2019-10-15 03:19:27,093 [4c6a16c4-95d2-4ef7-9fc0-4f57ccbd9967@group-5FF82F29B6C0-LeaderElection163] INFO  impl.LeaderElection (LeaderElection.java:logAndReturn(56)) - 4c6a16c4-95d2-4ef7-9fc0-4f57ccbd9967@group-5FF82F29B6C0-LeaderElection163: Election REJECTED; received 2 response(s) [4c6a16c4-95d2-4ef7-9fc0-4f57ccbd9967<-742c26a8-c271-430a-a05a-c8bba3fa6d96#0:FAIL-t171, 4c6a16c4-95d2-4ef7-9fc0-4f57ccbd9967<-a910346c-1ee2-4cdc-a6d8-644a3a4f0b7f#0:FAIL-t171] and 0 exception(s); 4c6a16c4-95d2-4ef7-9fc0-4f57ccbd9967@group-5FF82F29B6C0:t171, leader=null, voted=4c6a16c4-95d2-4ef7-9fc0-4f57ccbd9967, raftlog=4c6a16c4-95d2-4ef7-9fc0-4f57ccbd9967@group-5FF82F29B6C0-SegmentedRaftLog:OPENED:c-1,f-1,i0, conf=-1: [4c6a16c4-95d2-4ef7-9fc0-4f57ccbd9967:192.168.5.131:39112, 742c26a8-c271-430a-a05a-c8bba3fa6d96:192.168.5.131:42235, a910346c-1ee2-4cdc-a6d8-644a3a4f0b7f:192.168.5.131:38193], old=null
2019-10-15 03:19:27,094 [4c6a16c4-95d2-4ef7-9fc0-4f57ccbd9967@group-5FF82F29B6C0-LeaderElection163] INFO  impl.RaftServerImpl (RaftServerImpl.java:setRole(184)) - 4c6a16c4-95d2-4ef7-9fc0-4f57ccbd9967@group-5FF82F29B6C0: changes role from CANDIDATE to FOLLOWER at term 171 for DISCOVERED_A_NEW_TERM
2019-10-15 03:19:27,094 [4c6a16c4-95d2-4ef7-9fc0-4f57ccbd9967@group-5FF82F29B6C0-LeaderElection163] INFO  impl.RoleInfo (RoleInfo.java:shutdownLeaderElection(134)) - 4c6a16c4-95d2-4ef7-9fc0-4f57ccbd9967: shutdown LeaderElection
2019-10-15 03:19:27,094 [4c6a16c4-95d2-4ef7-9fc0-4f57ccbd9967@group-5FF82F29B6C0-LeaderElection163] INFO  impl.RoleInfo (RoleInfo.java:updateAndGet(143)) - 4c6a16c4-95d2-4ef7-9fc0-4f57ccbd9967: start FollowerState
2019-10-15 03:19:27,226 [Thread-1462] INFO  impl.FollowerState (FollowerState.java:run(108)) - 4c6a16c4-95d2-4ef7-9fc0-4f57ccbd9967@group-5FF82F29B6C0-FollowerState: change to CANDIDATE, lastRpcTime:131ms, electionTimeout:131ms
2019-10-15 03:19:27,226 [Thread-1462] INFO  impl.RoleInfo (RoleInfo.java:shutdownFollowerState(121)) - 4c6a16c4-95d2-4ef7-9fc0-4f57ccbd9967: shutdown FollowerState
2019-10-15 03:19:27,226 [Thread-1462] INFO  impl.RaftServerImpl (RaftServerImpl.java:setRole(184)) - 4c6a16c4-95d2-4ef7-9fc0-4f57ccbd9967@group-5FF82F29B6C0: changes role from  FOLLOWER to CANDIDATE at term 171 for changeToCandidate
2019-10-15 03:19:27,226 [Thread-1462] INFO  impl.RoleInfo (RoleInfo.java:updateAndGet(143)) - 4c6a16c4-95d2-4ef7-9fc0-4f57ccbd9967: start LeaderElection
2019-10-15 03:19:27,256 [4c6a16c4-95d2-4ef7-9fc0-4f57ccbd9967@group-5FF82F29B6C0-LeaderElection164] INFO  impl.LeaderElection (LeaderElection.java:askForVotes(178)) - 4c6a16c4-95d2-4ef7-9fc0-4f57ccbd9967@group-5FF82F29B6C0-LeaderElection164: begin an election at term 172 for -1: [4c6a16c4-95d2-4ef7-9fc0-4f57ccbd9967:192.168.5.131:39112, 742c26a8-c271-430a-a05a-c8bba3fa6d96:192.168.5.131:42235, a910346c-1ee2-4cdc-a6d8-644a3a4f0b7f:192.168.5.131:38193], old=null
2019-10-15 03:19:27,258 [grpc-default-executor-3] INFO  impl.RaftServerImpl (RaftServerImpl.java:setRole(184)) - 742c26a8-c271-430a-a05a-c8bba3fa6d96@group-5FF82F29B6C0: changes role from  FOLLOWER to FOLLOWER at term 172 for recognizeCandidate:4c6a16c4-95d2-4ef7-9fc0-4f57ccbd9967
2019-10-15 03:19:27,258 [grpc-default-executor-4] INFO  impl.RaftServerImpl (RaftServerImpl.java:setRole(184)) - a910346c-1ee2-4cdc-a6d8-644a3a4f0b7f@group-5FF82F29B6C0: changes role from  FOLLOWER to FOLLOWER at term 172 for recognizeCandidate:4c6a16c4-95d2-4ef7-9fc0-4f57ccbd9967
2019-10-15 03:19:27,258 [grpc-default-executor-4] INFO  impl.RoleInfo (RoleInfo.java:shutdownFollowerState(121)) - a910346c-1ee2-4cdc-a6d8-644a3a4f0b7f: shutdown FollowerState
2019-10-15 03:19:27,258 [grpc-default-executor-3] INFO  impl.RoleInfo (RoleInfo.java:shutdownFollowerState(121)) - 742c26a8-c271-430a-a05a-c8bba3fa6d96: shutdown FollowerState
2019-10-15 03:19:27,259 [Thread-1461] INFO  impl.FollowerState (FollowerState.java:run(117)) - a910346c-1ee2-4cdc-a6d8-644a3a4f0b7f@group-5FF82F29B6C0-FollowerState was interrupted: java.lang.InterruptedException: sleep interrupted
2019-10-15 03:19:27,259 [grpc-default-executor-4] INFO  impl.RoleInfo (RoleInfo.java:updateAndGet(143)) - a910346c-1ee2-4cdc-a6d8-644a3a4f0b7f: start FollowerState
2019-10-15 03:19:27,259 [Thread-1460] INFO  impl.FollowerState (FollowerState.java:run(117)) - 742c26a8-c271-430a-a05a-c8bba3fa6d96@group-5FF82F29B6C0-FollowerState was interrupted: java.lang.InterruptedException: sleep interrupted
2019-10-15 03:19:27,259 [grpc-default-executor-3] INFO  impl.RoleInfo (RoleInfo.java:updateAndGet(143)) - 742c26a8-c271-430a-a05a-c8bba3fa6d96: start FollowerState
2019-10-15 03:19:27,281 [4c6a16c4-95d2-4ef7-9fc0-4f57ccbd9967@group-5FF82F29B6C0-LeaderElection164] INFO  impl.LeaderElection (LeaderElection.java:logAndReturn(56)) - 4c6a16c4-95d2-4ef7-9fc0-4f57ccbd9967@group-5FF82F29B6C0-LeaderElection164: Election REJECTED; received 2 response(s) [4c6a16c4-95d2-4ef7-9fc0-4f57ccbd9967<-742c26a8-c271-430a-a05a-c8bba3fa6d96#0:FAIL-t172, 4c6a16c4-95d2-4ef7-9fc0-4f57ccbd9967<-a910346c-1ee2-4cdc-a6d8-644a3a4f0b7f#0:FAIL-t172] and 0 exception(s); 4c6a16c4-95d2-4ef7-9fc0-4f57ccbd9967@group-5FF82F29B6C0:t172, leader=null, voted=4c6a16c4-95d2-4ef7-9fc0-4f57ccbd9967, raftlog=4c6a16c4-95d2-4ef7-9fc0-4f57ccbd9967@group-5FF82F29B6C0-SegmentedRaftLog:OPENED:c-1,f-1,i0, conf=-1: [4c6a16c4-95d2-4ef7-9fc0-4f57ccbd9967:192.168.5.131:39112, 742c26a8-c271-430a-a05a-c8bba3fa6d96:192.168.5.131:42235, a910346c-1ee2-4cdc-a6d8-644a3a4f0b7f:192.168.5.131:38193], old=null
2019-10-15 03:19:27,281 [4c6a16c4-95d2-4ef7-9fc0-4f57ccbd9967@group-5FF82F29B6C0-LeaderElection164] INFO  impl.RaftServerImpl (RaftServerImpl.java:setRole(184)) - 4c6a16c4-95d2-4ef7-9fc0-4f57ccbd9967@group-5FF82F29B6C0: changes role from CANDIDATE to FOLLOWER at term 172 for DISCOVERED_A_NEW_TERM
2019-10-15 03:19:27,281 [4c6a16c4-95d2-4ef7-9fc0-4f57ccbd9967@group-5FF82F29B6C0-LeaderElection164] INFO  impl.RoleInfo (RoleInfo.java:shutdownLeaderElection(134)) - 4c6a16c4-95d2-4ef7-9fc0-4f57ccbd9967: shutdown LeaderElection
2019-10-15 03:19:27,282 [4c6a16c4-95d2-4ef7-9fc0-4f57ccbd9967@group-5FF82F29B6C0-LeaderElection164] INFO  impl.RoleInfo (RoleInfo.java:updateAndGet(143)) - 4c6a16c4-95d2-4ef7-9fc0-4f57ccbd9967: start FollowerState
]]></system-out>
    <system-err><![CDATA[ERROR StatusLogger No Log4j 2 configuration file found. Using default configuration (logging only errors to the console), or user programmatically provided configurations. Set system property 'log4j2.debug' to show Log4j 2 internal initialization logging. See https://logging.apache.org/log4j/2.x/manual/configuration.html for instructions on how to configure Log4j 2
]]></system-err>
  </testcase>
  <testcase name="testWatchForCommitWithSmallerTimeoutValue" classname="org.apache.hadoop.ozone.client.rpc.TestWatchForCommit" time="40.386"/>
  <testcase name="testWatchForCommitForRetryfailure" classname="org.apache.hadoop.ozone.client.rpc.TestWatchForCommit" time="70.192"/>
  <testcase name="testWatchForCommitForGroupMismatchException" classname="org.apache.hadoop.ozone.client.rpc.TestWatchForCommit" time="28.18"/>
  <testcase name="test2WayCommitForTimeoutException" classname="org.apache.hadoop.ozone.client.rpc.TestWatchForCommit" time="18.435">
    <error type="java.util.concurrent.TimeoutException">java.util.concurrent.TimeoutException
	at java.util.concurrent.CompletableFuture.timedGet(CompletableFuture.java:1771)
	at java.util.concurrent.CompletableFuture.get(CompletableFuture.java:1915)
	at org.apache.hadoop.hdds.scm.XceiverClientRatis.watchForCommit(XceiverClientRatis.java:283)
	at org.apache.hadoop.ozone.client.rpc.TestWatchForCommit.test2WayCommitForTimeoutException(TestWatchForCommit.java:391)
	at sun.reflect.NativeMethodAccessorImpl.invoke0(Native Method)
	at sun.reflect.NativeMethodAccessorImpl.invoke(NativeMethodAccessorImpl.java:62)
	at sun.reflect.DelegatingMethodAccessorImpl.invoke(DelegatingMethodAccessorImpl.java:43)
	at java.lang.reflect.Method.invoke(Method.java:498)
	at org.junit.runners.model.FrameworkMethod$1.runReflectiveCall(FrameworkMethod.java:47)
	at org.junit.internal.runners.model.ReflectiveCallable.run(ReflectiveCallable.java:12)
	at org.junit.runners.model.FrameworkMethod.invokeExplosively(FrameworkMethod.java:44)
	at org.junit.internal.runners.statements.InvokeMethod.evaluate(InvokeMethod.java:17)
	at org.junit.runners.ParentRunner.runLeaf(ParentRunner.java:271)
	at org.junit.runners.BlockJUnit4ClassRunner.runChild(BlockJUnit4ClassRunner.java:70)
	at org.junit.runners.BlockJUnit4ClassRunner.runChild(BlockJUnit4ClassRunner.java:50)
	at org.junit.runners.ParentRunner$3.run(ParentRunner.java:238)
	at org.junit.runners.ParentRunner$1.schedule(ParentRunner.java:63)
	at org.junit.runners.ParentRunner.runChildren(ParentRunner.java:236)
	at org.junit.runners.ParentRunner.access$000(ParentRunner.java:53)
	at org.junit.runners.ParentRunner$2.evaluate(ParentRunner.java:229)
	at org.junit.runners.ParentRunner.run(ParentRunner.java:309)
	at org.apache.maven.surefire.junit4.JUnit4Provider.execute(JUnit4Provider.java:365)
	at org.apache.maven.surefire.junit4.JUnit4Provider.executeWithRerun(JUnit4Provider.java:273)
	at org.apache.maven.surefire.junit4.JUnit4Provider.executeTestSet(JUnit4Provider.java:238)
	at org.apache.maven.surefire.junit4.JUnit4Provider.invoke(JUnit4Provider.java:159)
	at org.apache.maven.surefire.booter.ForkedBooter.invokeProviderInSameClassLoader(ForkedBooter.java:384)
	at org.apache.maven.surefire.booter.ForkedBooter.runSuitesInProcess(ForkedBooter.java:345)
	at org.apache.maven.surefire.booter.ForkedBooter.execute(ForkedBooter.java:126)
	at org.apache.maven.surefire.booter.ForkedBooter.main(ForkedBooter.java:418)
</error>
    <system-out><![CDATA[2019-10-15 03:21:46,178 [main] WARN  server.ServerUtils (ServerUtils.java:getScmDbDir(145)) - ozone.scm.db.dirs is not configured. We recommend adding this setting. Falling back to ozone.metadata.dirs instead.
2019-10-15 03:21:46,192 [main] WARN  server.ServerUtils (ServerUtils.java:getScmDbDir(145)) - ozone.scm.db.dirs is not configured. We recommend adding this setting. Falling back to ozone.metadata.dirs instead.
2019-10-15 03:21:46,193 [main] WARN  server.ServerUtils (ServerUtils.java:getScmDbDir(145)) - ozone.scm.db.dirs is not configured. We recommend adding this setting. Falling back to ozone.metadata.dirs instead.
2019-10-15 03:21:46,193 [main] INFO  db.DBStoreBuilder (DBStoreBuilder.java:addTable(117)) - using custom profile for table: deletedBlocks
2019-10-15 03:21:46,193 [main] INFO  db.DBStoreBuilder (DBStoreBuilder.java:processTables(168)) - Using default column profile:DBProfile.DISK for Table:deletedBlocks
2019-10-15 03:21:46,194 [main] INFO  db.DBStoreBuilder (DBStoreBuilder.java:addTable(117)) - using custom profile for table: validCerts
2019-10-15 03:21:46,194 [main] INFO  db.DBStoreBuilder (DBStoreBuilder.java:processTables(168)) - Using default column profile:DBProfile.DISK for Table:validCerts
2019-10-15 03:21:46,194 [main] INFO  db.DBStoreBuilder (DBStoreBuilder.java:addTable(117)) - using custom profile for table: revokedCerts
2019-10-15 03:21:46,194 [main] INFO  db.DBStoreBuilder (DBStoreBuilder.java:processTables(168)) - Using default column profile:DBProfile.DISK for Table:revokedCerts
2019-10-15 03:21:46,194 [main] INFO  db.DBStoreBuilder (DBStoreBuilder.java:addTable(117)) - using custom profile for table: default
2019-10-15 03:21:46,194 [main] INFO  db.DBStoreBuilder (DBStoreBuilder.java:processTables(174)) - Using default column profile:DBProfile.DISK for Table:default
2019-10-15 03:21:46,195 [main] INFO  db.DBStoreBuilder (DBStoreBuilder.java:getDbProfile(205)) - Using default options. DBProfile.DISK
2019-10-15 03:21:46,226 [Thread-9689] INFO  impl.FollowerState (FollowerState.java:run(108)) - 4c6a16c4-95d2-4ef7-9fc0-4f57ccbd9967@group-5FF82F29B6C0-FollowerState: change to CANDIDATE, lastRpcTime:149ms, electionTimeout:149ms
2019-10-15 03:21:46,226 [Thread-9689] INFO  impl.RoleInfo (RoleInfo.java:shutdownFollowerState(121)) - 4c6a16c4-95d2-4ef7-9fc0-4f57ccbd9967: shutdown FollowerState
2019-10-15 03:21:46,226 [Thread-9689] INFO  impl.RaftServerImpl (RaftServerImpl.java:setRole(184)) - 4c6a16c4-95d2-4ef7-9fc0-4f57ccbd9967@group-5FF82F29B6C0: changes role from  FOLLOWER to CANDIDATE at term 1240 for changeToCandidate
2019-10-15 03:21:46,227 [Thread-9689] ERROR ratis.XceiverServerRatis (XceiverServerRatis.java:triggerPipelineClose(582)) - pipeline Action CLOSE  on pipeline PipelineID=e4bf9835-e697-42f6-b211-5ff82f29b6c0.Reason : 4c6a16c4-95d2-4ef7-9fc0-4f57ccbd9967 is in candidate state for 161126ms
2019-10-15 03:21:46,227 [Thread-9689] INFO  impl.RoleInfo (RoleInfo.java:updateAndGet(143)) - 4c6a16c4-95d2-4ef7-9fc0-4f57ccbd9967: start LeaderElection
2019-10-15 03:21:46,254 [4c6a16c4-95d2-4ef7-9fc0-4f57ccbd9967@group-5FF82F29B6C0-LeaderElection1193] INFO  impl.LeaderElection (LeaderElection.java:askForVotes(178)) - 4c6a16c4-95d2-4ef7-9fc0-4f57ccbd9967@group-5FF82F29B6C0-LeaderElection1193: begin an election at term 1241 for -1: [4c6a16c4-95d2-4ef7-9fc0-4f57ccbd9967:192.168.5.131:39112, 742c26a8-c271-430a-a05a-c8bba3fa6d96:192.168.5.131:42235, a910346c-1ee2-4cdc-a6d8-644a3a4f0b7f:192.168.5.131:38193], old=null
2019-10-15 03:21:46,255 [grpc-default-executor-8] INFO  impl.RaftServerImpl (RaftServerImpl.java:setRole(184)) - 742c26a8-c271-430a-a05a-c8bba3fa6d96@group-5FF82F29B6C0: changes role from  FOLLOWER to FOLLOWER at term 1241 for recognizeCandidate:4c6a16c4-95d2-4ef7-9fc0-4f57ccbd9967
2019-10-15 03:21:46,256 [grpc-default-executor-4] INFO  impl.RaftServerImpl (RaftServerImpl.java:setRole(184)) - a910346c-1ee2-4cdc-a6d8-644a3a4f0b7f@group-5FF82F29B6C0: changes role from  FOLLOWER to FOLLOWER at term 1241 for recognizeCandidate:4c6a16c4-95d2-4ef7-9fc0-4f57ccbd9967
2019-10-15 03:21:46,256 [grpc-default-executor-8] INFO  impl.RoleInfo (RoleInfo.java:shutdownFollowerState(121)) - 742c26a8-c271-430a-a05a-c8bba3fa6d96: shutdown FollowerState
2019-10-15 03:21:46,256 [grpc-default-executor-4] INFO  impl.RoleInfo (RoleInfo.java:shutdownFollowerState(121)) - a910346c-1ee2-4cdc-a6d8-644a3a4f0b7f: shutdown FollowerState
2019-10-15 03:21:46,256 [Thread-9687] INFO  impl.FollowerState (FollowerState.java:run(117)) - 742c26a8-c271-430a-a05a-c8bba3fa6d96@group-5FF82F29B6C0-FollowerState was interrupted: java.lang.InterruptedException: sleep interrupted
2019-10-15 03:21:46,256 [grpc-default-executor-8] INFO  impl.RoleInfo (RoleInfo.java:updateAndGet(143)) - 742c26a8-c271-430a-a05a-c8bba3fa6d96: start FollowerState
2019-10-15 03:21:46,256 [Thread-9688] INFO  impl.FollowerState (FollowerState.java:run(117)) - a910346c-1ee2-4cdc-a6d8-644a3a4f0b7f@group-5FF82F29B6C0-FollowerState was interrupted: java.lang.InterruptedException: sleep interrupted
2019-10-15 03:21:46,256 [grpc-default-executor-4] INFO  impl.RoleInfo (RoleInfo.java:updateAndGet(143)) - a910346c-1ee2-4cdc-a6d8-644a3a4f0b7f: start FollowerState
2019-10-15 03:21:46,261 [4c6a16c4-95d2-4ef7-9fc0-4f57ccbd9967@group-5FF82F29B6C0-LeaderElection1193] INFO  impl.LeaderElection (LeaderElection.java:logAndReturn(56)) - 4c6a16c4-95d2-4ef7-9fc0-4f57ccbd9967@group-5FF82F29B6C0-LeaderElection1193: Election REJECTED; received 2 response(s) [4c6a16c4-95d2-4ef7-9fc0-4f57ccbd9967<-742c26a8-c271-430a-a05a-c8bba3fa6d96#0:FAIL-t1241, 4c6a16c4-95d2-4ef7-9fc0-4f57ccbd9967<-a910346c-1ee2-4cdc-a6d8-644a3a4f0b7f#0:FAIL-t1241] and 0 exception(s); 4c6a16c4-95d2-4ef7-9fc0-4f57ccbd9967@group-5FF82F29B6C0:t1241, leader=null, voted=4c6a16c4-95d2-4ef7-9fc0-4f57ccbd9967, raftlog=4c6a16c4-95d2-4ef7-9fc0-4f57ccbd9967@group-5FF82F29B6C0-SegmentedRaftLog:OPENED:c-1,f-1,i0, conf=-1: [4c6a16c4-95d2-4ef7-9fc0-4f57ccbd9967:192.168.5.131:39112, 742c26a8-c271-430a-a05a-c8bba3fa6d96:192.168.5.131:42235, a910346c-1ee2-4cdc-a6d8-644a3a4f0b7f:192.168.5.131:38193], old=null
2019-10-15 03:21:46,262 [4c6a16c4-95d2-4ef7-9fc0-4f57ccbd9967@group-5FF82F29B6C0-LeaderElection1193] INFO  impl.RaftServerImpl (RaftServerImpl.java:setRole(184)) - 4c6a16c4-95d2-4ef7-9fc0-4f57ccbd9967@group-5FF82F29B6C0: changes role from CANDIDATE to FOLLOWER at term 1241 for DISCOVERED_A_NEW_TERM
2019-10-15 03:21:46,262 [4c6a16c4-95d2-4ef7-9fc0-4f57ccbd9967@group-5FF82F29B6C0-LeaderElection1193] INFO  impl.RoleInfo (RoleInfo.java:shutdownLeaderElection(134)) - 4c6a16c4-95d2-4ef7-9fc0-4f57ccbd9967: shutdown LeaderElection
2019-10-15 03:21:46,262 [4c6a16c4-95d2-4ef7-9fc0-4f57ccbd9967@group-5FF82F29B6C0-LeaderElection1193] INFO  impl.RoleInfo (RoleInfo.java:updateAndGet(143)) - 4c6a16c4-95d2-4ef7-9fc0-4f57ccbd9967: start FollowerState
2019-10-15 03:21:46,366 [main] INFO  net.NodeSchemaLoader (NodeSchemaLoader.java:loadSchemaFromFile(125)) - Loading file from sun.misc.CompoundEnumeration@443cdaa4
2019-10-15 03:21:46,366 [main] INFO  net.NodeSchemaLoader (NodeSchemaLoader.java:loadSchema(171)) - Loading network topology layer schema file
2019-10-15 03:21:46,370 [main] WARN  server.ServerUtils (ServerUtils.java:sanitizeUserArgs(70)) - ozone.scm.stale.node.interval value = 300000 is larger than max = 100000 based on the key value of ozone.scm.heartbeat.thread.interval, reset to the max value 100000.
2019-10-15 03:21:46,370 [main] WARN  server.ServerUtils (ServerUtils.java:sanitizeUserArgs(70)) - ozone.scm.stale.node.interval value = 300000 is larger than max = 100000 based on the key value of ozone.scm.heartbeat.thread.interval, reset to the max value 100000.
2019-10-15 03:21:46,370 [main] INFO  node.SCMNodeManager (SCMNodeManager.java:<init>(116)) - Entering startup safe mode.
2019-10-15 03:21:46,371 [main] INFO  algorithms.ContainerPlacementPolicyFactory (ContainerPlacementPolicyFactory.java:getPolicy(57)) - Create container placement policy of type org.apache.hadoop.hdds.scm.container.placement.algorithms.SCMContainerPlacementRandom
2019-10-15 03:21:46,371 [main] WARN  server.ServerUtils (ServerUtils.java:getScmDbDir(145)) - ozone.scm.db.dirs is not configured. We recommend adding this setting. Falling back to ozone.metadata.dirs instead.
2019-10-15 03:21:46,372 [Thread-9695] INFO  impl.FollowerState (FollowerState.java:run(108)) - 4c6a16c4-95d2-4ef7-9fc0-4f57ccbd9967@group-5FF82F29B6C0-FollowerState: change to CANDIDATE, lastRpcTime:110ms, electionTimeout:110ms
2019-10-15 03:21:46,372 [Thread-9695] INFO  impl.RoleInfo (RoleInfo.java:shutdownFollowerState(121)) - 4c6a16c4-95d2-4ef7-9fc0-4f57ccbd9967: shutdown FollowerState
2019-10-15 03:21:46,373 [Thread-9695] INFO  impl.RaftServerImpl (RaftServerImpl.java:setRole(184)) - 4c6a16c4-95d2-4ef7-9fc0-4f57ccbd9967@group-5FF82F29B6C0: changes role from  FOLLOWER to CANDIDATE at term 1241 for changeToCandidate
2019-10-15 03:21:46,373 [Thread-9695] ERROR ratis.XceiverServerRatis (XceiverServerRatis.java:triggerPipelineClose(582)) - pipeline Action CLOSE  on pipeline PipelineID=e4bf9835-e697-42f6-b211-5ff82f29b6c0.Reason : 4c6a16c4-95d2-4ef7-9fc0-4f57ccbd9967 is in candidate state for 161272ms
2019-10-15 03:21:46,373 [Thread-9695] INFO  impl.RoleInfo (RoleInfo.java:updateAndGet(143)) - 4c6a16c4-95d2-4ef7-9fc0-4f57ccbd9967: start LeaderElection
2019-10-15 03:21:46,385 [4c6a16c4-95d2-4ef7-9fc0-4f57ccbd9967@group-5FF82F29B6C0-LeaderElection1194] INFO  impl.LeaderElection (LeaderElection.java:askForVotes(178)) - 4c6a16c4-95d2-4ef7-9fc0-4f57ccbd9967@group-5FF82F29B6C0-LeaderElection1194: begin an election at term 1242 for -1: [4c6a16c4-95d2-4ef7-9fc0-4f57ccbd9967:192.168.5.131:39112, 742c26a8-c271-430a-a05a-c8bba3fa6d96:192.168.5.131:42235, a910346c-1ee2-4cdc-a6d8-644a3a4f0b7f:192.168.5.131:38193], old=null
2019-10-15 03:21:46,386 [grpc-default-executor-4] INFO  impl.RaftServerImpl (RaftServerImpl.java:setRole(184)) - 742c26a8-c271-430a-a05a-c8bba3fa6d96@group-5FF82F29B6C0: changes role from  FOLLOWER to FOLLOWER at term 1242 for recognizeCandidate:4c6a16c4-95d2-4ef7-9fc0-4f57ccbd9967
2019-10-15 03:21:46,386 [grpc-default-executor-4] INFO  impl.RoleInfo (RoleInfo.java:shutdownFollowerState(121)) - 742c26a8-c271-430a-a05a-c8bba3fa6d96: shutdown FollowerState
2019-10-15 03:21:46,386 [grpc-default-executor-8] INFO  impl.RaftServerImpl (RaftServerImpl.java:setRole(184)) - a910346c-1ee2-4cdc-a6d8-644a3a4f0b7f@group-5FF82F29B6C0: changes role from  FOLLOWER to FOLLOWER at term 1242 for recognizeCandidate:4c6a16c4-95d2-4ef7-9fc0-4f57ccbd9967
2019-10-15 03:21:46,387 [grpc-default-executor-8] INFO  impl.RoleInfo (RoleInfo.java:shutdownFollowerState(121)) - a910346c-1ee2-4cdc-a6d8-644a3a4f0b7f: shutdown FollowerState
2019-10-15 03:21:46,387 [Thread-9693] INFO  impl.FollowerState (FollowerState.java:run(117)) - 742c26a8-c271-430a-a05a-c8bba3fa6d96@group-5FF82F29B6C0-FollowerState was interrupted: java.lang.InterruptedException: sleep interrupted
2019-10-15 03:21:46,386 [grpc-default-executor-4] INFO  impl.RoleInfo (RoleInfo.java:updateAndGet(143)) - 742c26a8-c271-430a-a05a-c8bba3fa6d96: start FollowerState
2019-10-15 03:21:46,387 [Thread-9694] INFO  impl.FollowerState (FollowerState.java:run(117)) - a910346c-1ee2-4cdc-a6d8-644a3a4f0b7f@group-5FF82F29B6C0-FollowerState was interrupted: java.lang.InterruptedException: sleep interrupted
2019-10-15 03:21:46,387 [grpc-default-executor-8] INFO  impl.RoleInfo (RoleInfo.java:updateAndGet(143)) - a910346c-1ee2-4cdc-a6d8-644a3a4f0b7f: start FollowerState
2019-10-15 03:21:46,387 [4c6a16c4-95d2-4ef7-9fc0-4f57ccbd9967@group-5FF82F29B6C0-LeaderElection1194] INFO  impl.LeaderElection (LeaderElection.java:logAndReturn(56)) - 4c6a16c4-95d2-4ef7-9fc0-4f57ccbd9967@group-5FF82F29B6C0-LeaderElection1194: Election TIMEOUT; received 0 response(s) [] and 0 exception(s); 4c6a16c4-95d2-4ef7-9fc0-4f57ccbd9967@group-5FF82F29B6C0:t1242, leader=null, voted=4c6a16c4-95d2-4ef7-9fc0-4f57ccbd9967, raftlog=4c6a16c4-95d2-4ef7-9fc0-4f57ccbd9967@group-5FF82F29B6C0-SegmentedRaftLog:OPENED:c-1,f-1,i0, conf=-1: [4c6a16c4-95d2-4ef7-9fc0-4f57ccbd9967:192.168.5.131:39112, 742c26a8-c271-430a-a05a-c8bba3fa6d96:192.168.5.131:42235, a910346c-1ee2-4cdc-a6d8-644a3a4f0b7f:192.168.5.131:38193], old=null
2019-10-15 03:21:46,411 [4c6a16c4-95d2-4ef7-9fc0-4f57ccbd9967@group-5FF82F29B6C0-LeaderElection1194] INFO  impl.LeaderElection (LeaderElection.java:askForVotes(178)) - 4c6a16c4-95d2-4ef7-9fc0-4f57ccbd9967@group-5FF82F29B6C0-LeaderElection1194: begin an election at term 1243 for -1: [4c6a16c4-95d2-4ef7-9fc0-4f57ccbd9967:192.168.5.131:39112, 742c26a8-c271-430a-a05a-c8bba3fa6d96:192.168.5.131:42235, a910346c-1ee2-4cdc-a6d8-644a3a4f0b7f:192.168.5.131:38193], old=null
2019-10-15 03:21:46,412 [grpc-default-executor-4] INFO  impl.RaftServerImpl (RaftServerImpl.java:setRole(184)) - 742c26a8-c271-430a-a05a-c8bba3fa6d96@group-5FF82F29B6C0: changes role from  FOLLOWER to FOLLOWER at term 1243 for recognizeCandidate:4c6a16c4-95d2-4ef7-9fc0-4f57ccbd9967
2019-10-15 03:21:46,412 [grpc-default-executor-4] INFO  impl.RoleInfo (RoleInfo.java:shutdownFollowerState(121)) - 742c26a8-c271-430a-a05a-c8bba3fa6d96: shutdown FollowerState
2019-10-15 03:21:46,412 [grpc-default-executor-8] INFO  impl.RaftServerImpl (RaftServerImpl.java:setRole(184)) - a910346c-1ee2-4cdc-a6d8-644a3a4f0b7f@group-5FF82F29B6C0: changes role from  FOLLOWER to FOLLOWER at term 1243 for recognizeCandidate:4c6a16c4-95d2-4ef7-9fc0-4f57ccbd9967
2019-10-15 03:21:46,412 [Thread-9699] INFO  impl.FollowerState (FollowerState.java:run(117)) - 742c26a8-c271-430a-a05a-c8bba3fa6d96@group-5FF82F29B6C0-FollowerState was interrupted: java.lang.InterruptedException: sleep interrupted
2019-10-15 03:21:46,412 [grpc-default-executor-4] INFO  impl.RoleInfo (RoleInfo.java:updateAndGet(143)) - 742c26a8-c271-430a-a05a-c8bba3fa6d96: start FollowerState
2019-10-15 03:21:46,412 [grpc-default-executor-8] INFO  impl.RoleInfo (RoleInfo.java:shutdownFollowerState(121)) - a910346c-1ee2-4cdc-a6d8-644a3a4f0b7f: shutdown FollowerState
2019-10-15 03:21:46,413 [Thread-9700] INFO  impl.FollowerState (FollowerState.java:run(117)) - a910346c-1ee2-4cdc-a6d8-644a3a4f0b7f@group-5FF82F29B6C0-FollowerState was interrupted: java.lang.InterruptedException: sleep interrupted
2019-10-15 03:21:46,413 [grpc-default-executor-8] INFO  impl.RoleInfo (RoleInfo.java:updateAndGet(143)) - a910346c-1ee2-4cdc-a6d8-644a3a4f0b7f: start FollowerState
2019-10-15 03:21:46,427 [4c6a16c4-95d2-4ef7-9fc0-4f57ccbd9967@group-5FF82F29B6C0-LeaderElection1194] INFO  impl.LeaderElection (LeaderElection.java:logAndReturn(56)) - 4c6a16c4-95d2-4ef7-9fc0-4f57ccbd9967@group-5FF82F29B6C0-LeaderElection1194: Election REJECTED; received 2 response(s) [4c6a16c4-95d2-4ef7-9fc0-4f57ccbd9967<-742c26a8-c271-430a-a05a-c8bba3fa6d96#0:FAIL-t1243, 4c6a16c4-95d2-4ef7-9fc0-4f57ccbd9967<-a910346c-1ee2-4cdc-a6d8-644a3a4f0b7f#0:FAIL-t1243] and 0 exception(s); 4c6a16c4-95d2-4ef7-9fc0-4f57ccbd9967@group-5FF82F29B6C0:t1243, leader=null, voted=4c6a16c4-95d2-4ef7-9fc0-4f57ccbd9967, raftlog=4c6a16c4-95d2-4ef7-9fc0-4f57ccbd9967@group-5FF82F29B6C0-SegmentedRaftLog:OPENED:c-1,f-1,i0, conf=-1: [4c6a16c4-95d2-4ef7-9fc0-4f57ccbd9967:192.168.5.131:39112, 742c26a8-c271-430a-a05a-c8bba3fa6d96:192.168.5.131:42235, a910346c-1ee2-4cdc-a6d8-644a3a4f0b7f:192.168.5.131:38193], old=null
2019-10-15 03:21:46,427 [4c6a16c4-95d2-4ef7-9fc0-4f57ccbd9967@group-5FF82F29B6C0-LeaderElection1194] INFO  impl.RaftServerImpl (RaftServerImpl.java:setRole(184)) - 4c6a16c4-95d2-4ef7-9fc0-4f57ccbd9967@group-5FF82F29B6C0: changes role from CANDIDATE to FOLLOWER at term 1243 for DISCOVERED_A_NEW_TERM
2019-10-15 03:21:46,427 [4c6a16c4-95d2-4ef7-9fc0-4f57ccbd9967@group-5FF82F29B6C0-LeaderElection1194] INFO  impl.RoleInfo (RoleInfo.java:shutdownLeaderElection(134)) - 4c6a16c4-95d2-4ef7-9fc0-4f57ccbd9967: shutdown LeaderElection
2019-10-15 03:21:46,427 [4c6a16c4-95d2-4ef7-9fc0-4f57ccbd9967@group-5FF82F29B6C0-LeaderElection1194] INFO  impl.RoleInfo (RoleInfo.java:updateAndGet(143)) - 4c6a16c4-95d2-4ef7-9fc0-4f57ccbd9967: start FollowerState
2019-10-15 03:21:46,491 [main] INFO  pipeline.SCMPipelineManager (SCMPipelineManager.java:initializePipelineState(132)) - No pipeline exists in current db
2019-10-15 03:21:46,492 [main] WARN  server.ServerUtils (ServerUtils.java:getScmDbDir(145)) - ozone.scm.db.dirs is not configured. We recommend adding this setting. Falling back to ozone.metadata.dirs instead.
2019-10-15 03:21:46,520 [Thread-9705] INFO  impl.FollowerState (FollowerState.java:run(108)) - 4c6a16c4-95d2-4ef7-9fc0-4f57ccbd9967@group-5FF82F29B6C0-FollowerState: change to CANDIDATE, lastRpcTime:93ms, electionTimeout:93ms
2019-10-15 03:21:46,521 [Thread-9705] INFO  impl.RoleInfo (RoleInfo.java:shutdownFollowerState(121)) - 4c6a16c4-95d2-4ef7-9fc0-4f57ccbd9967: shutdown FollowerState
2019-10-15 03:21:46,521 [Thread-9705] INFO  impl.RaftServerImpl (RaftServerImpl.java:setRole(184)) - 4c6a16c4-95d2-4ef7-9fc0-4f57ccbd9967@group-5FF82F29B6C0: changes role from  FOLLOWER to CANDIDATE at term 1243 for changeToCandidate
2019-10-15 03:21:46,521 [Thread-9705] ERROR ratis.XceiverServerRatis (XceiverServerRatis.java:triggerPipelineClose(582)) - pipeline Action CLOSE  on pipeline PipelineID=e4bf9835-e697-42f6-b211-5ff82f29b6c0.Reason : 4c6a16c4-95d2-4ef7-9fc0-4f57ccbd9967 is in candidate state for 161420ms
2019-10-15 03:21:46,521 [Thread-9705] INFO  impl.RoleInfo (RoleInfo.java:updateAndGet(143)) - 4c6a16c4-95d2-4ef7-9fc0-4f57ccbd9967: start LeaderElection
2019-10-15 03:21:46,534 [4c6a16c4-95d2-4ef7-9fc0-4f57ccbd9967@group-5FF82F29B6C0-LeaderElection1195] INFO  impl.LeaderElection (LeaderElection.java:askForVotes(178)) - 4c6a16c4-95d2-4ef7-9fc0-4f57ccbd9967@group-5FF82F29B6C0-LeaderElection1195: begin an election at term 1244 for -1: [4c6a16c4-95d2-4ef7-9fc0-4f57ccbd9967:192.168.5.131:39112, 742c26a8-c271-430a-a05a-c8bba3fa6d96:192.168.5.131:42235, a910346c-1ee2-4cdc-a6d8-644a3a4f0b7f:192.168.5.131:38193], old=null
2019-10-15 03:21:46,535 [grpc-default-executor-4] INFO  impl.RaftServerImpl (RaftServerImpl.java:setRole(184)) - 742c26a8-c271-430a-a05a-c8bba3fa6d96@group-5FF82F29B6C0: changes role from  FOLLOWER to FOLLOWER at term 1244 for recognizeCandidate:4c6a16c4-95d2-4ef7-9fc0-4f57ccbd9967
2019-10-15 03:21:46,535 [grpc-default-executor-8] INFO  impl.RaftServerImpl (RaftServerImpl.java:setRole(184)) - a910346c-1ee2-4cdc-a6d8-644a3a4f0b7f@group-5FF82F29B6C0: changes role from  FOLLOWER to FOLLOWER at term 1244 for recognizeCandidate:4c6a16c4-95d2-4ef7-9fc0-4f57ccbd9967
2019-10-15 03:21:46,536 [grpc-default-executor-8] INFO  impl.RoleInfo (RoleInfo.java:shutdownFollowerState(121)) - a910346c-1ee2-4cdc-a6d8-644a3a4f0b7f: shutdown FollowerState
2019-10-15 03:21:46,535 [grpc-default-executor-4] INFO  impl.RoleInfo (RoleInfo.java:shutdownFollowerState(121)) - 742c26a8-c271-430a-a05a-c8bba3fa6d96: shutdown FollowerState
2019-10-15 03:21:46,536 [Thread-9704] INFO  impl.FollowerState (FollowerState.java:run(117)) - a910346c-1ee2-4cdc-a6d8-644a3a4f0b7f@group-5FF82F29B6C0-FollowerState was interrupted: java.lang.InterruptedException: sleep interrupted
2019-10-15 03:21:46,536 [grpc-default-executor-8] INFO  impl.RoleInfo (RoleInfo.java:updateAndGet(143)) - a910346c-1ee2-4cdc-a6d8-644a3a4f0b7f: start FollowerState
2019-10-15 03:21:46,536 [grpc-default-executor-4] INFO  impl.RoleInfo (RoleInfo.java:updateAndGet(143)) - 742c26a8-c271-430a-a05a-c8bba3fa6d96: start FollowerState
2019-10-15 03:21:46,536 [Thread-9703] INFO  impl.FollowerState (FollowerState.java:run(117)) - 742c26a8-c271-430a-a05a-c8bba3fa6d96@group-5FF82F29B6C0-FollowerState was interrupted: java.lang.InterruptedException: sleep interrupted
2019-10-15 03:21:46,562 [4c6a16c4-95d2-4ef7-9fc0-4f57ccbd9967@group-5FF82F29B6C0-LeaderElection1195] INFO  impl.LeaderElection (LeaderElection.java:logAndReturn(56)) - 4c6a16c4-95d2-4ef7-9fc0-4f57ccbd9967@group-5FF82F29B6C0-LeaderElection1195: Election REJECTED; received 2 response(s) [4c6a16c4-95d2-4ef7-9fc0-4f57ccbd9967<-742c26a8-c271-430a-a05a-c8bba3fa6d96#0:FAIL-t1244, 4c6a16c4-95d2-4ef7-9fc0-4f57ccbd9967<-a910346c-1ee2-4cdc-a6d8-644a3a4f0b7f#0:FAIL-t1244] and 0 exception(s); 4c6a16c4-95d2-4ef7-9fc0-4f57ccbd9967@group-5FF82F29B6C0:t1244, leader=null, voted=4c6a16c4-95d2-4ef7-9fc0-4f57ccbd9967, raftlog=4c6a16c4-95d2-4ef7-9fc0-4f57ccbd9967@group-5FF82F29B6C0-SegmentedRaftLog:OPENED:c-1,f-1,i0, conf=-1: [4c6a16c4-95d2-4ef7-9fc0-4f57ccbd9967:192.168.5.131:39112, 742c26a8-c271-430a-a05a-c8bba3fa6d96:192.168.5.131:42235, a910346c-1ee2-4cdc-a6d8-644a3a4f0b7f:192.168.5.131:38193], old=null
2019-10-15 03:21:46,562 [4c6a16c4-95d2-4ef7-9fc0-4f57ccbd9967@group-5FF82F29B6C0-LeaderElection1195] INFO  impl.RaftServerImpl (RaftServerImpl.java:setRole(184)) - 4c6a16c4-95d2-4ef7-9fc0-4f57ccbd9967@group-5FF82F29B6C0: changes role from CANDIDATE to FOLLOWER at term 1244 for DISCOVERED_A_NEW_TERM
2019-10-15 03:21:46,562 [4c6a16c4-95d2-4ef7-9fc0-4f57ccbd9967@group-5FF82F29B6C0-LeaderElection1195] INFO  impl.RoleInfo (RoleInfo.java:shutdownLeaderElection(134)) - 4c6a16c4-95d2-4ef7-9fc0-4f57ccbd9967: shutdown LeaderElection
2019-10-15 03:21:46,562 [4c6a16c4-95d2-4ef7-9fc0-4f57ccbd9967@group-5FF82F29B6C0-LeaderElection1195] INFO  impl.RoleInfo (RoleInfo.java:updateAndGet(143)) - 4c6a16c4-95d2-4ef7-9fc0-4f57ccbd9967: start FollowerState
2019-10-15 03:21:46,565 [main] WARN  events.EventQueue (EventQueue.java:fireEvent(183)) - No event handler registered for event TypedEvent{payloadType=SafeModeStatus, name='SafeModeStatus'}
2019-10-15 03:21:46,566 [main] INFO  ipc.CallQueueManager (CallQueueManager.java:<init>(84)) - Using callQueue: class java.util.concurrent.LinkedBlockingQueue, queueCapacity: 2000, scheduler: class org.apache.hadoop.ipc.DefaultRpcScheduler, ipcBackoff: false.
2019-10-15 03:21:46,567 [Socket Reader #1 for port 45412] INFO  ipc.Server (Server.java:run(1074)) - Starting Socket Reader #1 for port 45412
2019-10-15 03:21:46,570 [main] INFO  ipc.CallQueueManager (CallQueueManager.java:<init>(84)) - Using callQueue: class java.util.concurrent.LinkedBlockingQueue, queueCapacity: 2000, scheduler: class org.apache.hadoop.ipc.DefaultRpcScheduler, ipcBackoff: false.
2019-10-15 03:21:46,571 [Socket Reader #1 for port 36222] INFO  ipc.Server (Server.java:run(1074)) - Starting Socket Reader #1 for port 36222
2019-10-15 03:21:46,574 [main] INFO  ipc.CallQueueManager (CallQueueManager.java:<init>(84)) - Using callQueue: class java.util.concurrent.LinkedBlockingQueue, queueCapacity: 2000, scheduler: class org.apache.hadoop.ipc.DefaultRpcScheduler, ipcBackoff: false.
2019-10-15 03:21:46,574 [Socket Reader #1 for port 35966] INFO  ipc.Server (Server.java:run(1074)) - Starting Socket Reader #1 for port 35966
2019-10-15 03:21:46,578 [main] INFO  hdfs.DFSUtil (DFSUtil.java:httpServerTemplateForNNAndJN(1641)) - Starting Web-server for scm at: http://0.0.0.0:0
2019-10-15 03:21:46,580 [main] INFO  server.AuthenticationFilter (AuthenticationFilter.java:constructSecretProvider(240)) - Unable to initialize FileSignerSecretProvider, falling back to use random secrets.
2019-10-15 03:21:46,580 [main] WARN  http.HttpRequestLog (HttpRequestLog.java:getRequestLog(97)) - Jetty request log can only be enabled using Log4j
2019-10-15 03:21:46,582 [main] INFO  http.HttpServer2 (HttpServer2.java:addGlobalFilter(975)) - Added global filter 'safety' (class=org.apache.hadoop.http.HttpServer2$QuotingInputFilter)
2019-10-15 03:21:46,583 [main] INFO  http.HttpServer2 (HttpServer2.java:addFilter(948)) - Added filter static_user_filter (class=org.apache.hadoop.http.lib.StaticUserWebFilter$StaticUserFilter) to context scm
2019-10-15 03:21:46,583 [main] INFO  http.HttpServer2 (HttpServer2.java:addFilter(958)) - Added filter static_user_filter (class=org.apache.hadoop.http.lib.StaticUserWebFilter$StaticUserFilter) to context logs
2019-10-15 03:21:46,583 [main] INFO  http.HttpServer2 (HttpServer2.java:addFilter(958)) - Added filter static_user_filter (class=org.apache.hadoop.http.lib.StaticUserWebFilter$StaticUserFilter) to context static
2019-10-15 03:21:46,585 [main] INFO  server.StorageContainerManager (StorageContainerManager.java:start(772)) - StorageContainerLocationProtocol RPC server is listening at /0.0.0.0:35966
2019-10-15 03:21:46,587 [main] WARN  impl.MetricsConfig (MetricsConfig.java:loadFirst(134)) - Cannot locate configuration: tried hadoop-metrics2-storagecontainermanager.properties,hadoop-metrics2.properties
2019-10-15 03:21:46,588 [main] INFO  impl.MetricsSystemImpl (MetricsSystemImpl.java:startTimer(374)) - Scheduled Metric snapshot period at 10 second(s).
2019-10-15 03:21:46,588 [main] INFO  impl.MetricsSystemImpl (MetricsSystemImpl.java:start(191)) - StorageContainerManager metrics system started
2019-10-15 03:21:46,703 [Thread-9713] INFO  impl.FollowerState (FollowerState.java:run(108)) - 4c6a16c4-95d2-4ef7-9fc0-4f57ccbd9967@group-5FF82F29B6C0-FollowerState: change to CANDIDATE, lastRpcTime:141ms, electionTimeout:141ms
2019-10-15 03:21:46,704 [Thread-9713] INFO  impl.RoleInfo (RoleInfo.java:shutdownFollowerState(121)) - 4c6a16c4-95d2-4ef7-9fc0-4f57ccbd9967: shutdown FollowerState
2019-10-15 03:21:46,704 [Thread-9713] INFO  impl.RaftServerImpl (RaftServerImpl.java:setRole(184)) - 4c6a16c4-95d2-4ef7-9fc0-4f57ccbd9967@group-5FF82F29B6C0: changes role from  FOLLOWER to CANDIDATE at term 1244 for changeToCandidate
2019-10-15 03:21:46,704 [Thread-9713] ERROR ratis.XceiverServerRatis (XceiverServerRatis.java:triggerPipelineClose(582)) - pipeline Action CLOSE  on pipeline PipelineID=e4bf9835-e697-42f6-b211-5ff82f29b6c0.Reason : 4c6a16c4-95d2-4ef7-9fc0-4f57ccbd9967 is in candidate state for 161603ms
2019-10-15 03:21:46,706 [Thread-9713] INFO  impl.RoleInfo (RoleInfo.java:updateAndGet(143)) - 4c6a16c4-95d2-4ef7-9fc0-4f57ccbd9967: start LeaderElection
2019-10-15 03:21:46,719 [4c6a16c4-95d2-4ef7-9fc0-4f57ccbd9967@group-5FF82F29B6C0-LeaderElection1196] INFO  impl.LeaderElection (LeaderElection.java:askForVotes(178)) - 4c6a16c4-95d2-4ef7-9fc0-4f57ccbd9967@group-5FF82F29B6C0-LeaderElection1196: begin an election at term 1245 for -1: [4c6a16c4-95d2-4ef7-9fc0-4f57ccbd9967:192.168.5.131:39112, 742c26a8-c271-430a-a05a-c8bba3fa6d96:192.168.5.131:42235, a910346c-1ee2-4cdc-a6d8-644a3a4f0b7f:192.168.5.131:38193], old=null
2019-10-15 03:21:46,730 [grpc-default-executor-8] INFO  impl.RaftServerImpl (RaftServerImpl.java:setRole(184)) - 742c26a8-c271-430a-a05a-c8bba3fa6d96@group-5FF82F29B6C0: changes role from  FOLLOWER to FOLLOWER at term 1245 for recognizeCandidate:4c6a16c4-95d2-4ef7-9fc0-4f57ccbd9967
2019-10-15 03:21:46,730 [grpc-default-executor-4] INFO  impl.RaftServerImpl (RaftServerImpl.java:setRole(184)) - a910346c-1ee2-4cdc-a6d8-644a3a4f0b7f@group-5FF82F29B6C0: changes role from  FOLLOWER to FOLLOWER at term 1245 for recognizeCandidate:4c6a16c4-95d2-4ef7-9fc0-4f57ccbd9967
2019-10-15 03:21:46,730 [grpc-default-executor-8] INFO  impl.RoleInfo (RoleInfo.java:shutdownFollowerState(121)) - 742c26a8-c271-430a-a05a-c8bba3fa6d96: shutdown FollowerState
2019-10-15 03:21:46,730 [grpc-default-executor-4] INFO  impl.RoleInfo (RoleInfo.java:shutdownFollowerState(121)) - a910346c-1ee2-4cdc-a6d8-644a3a4f0b7f: shutdown FollowerState
2019-10-15 03:21:46,730 [Thread-9712] INFO  impl.FollowerState (FollowerState.java:run(117)) - 742c26a8-c271-430a-a05a-c8bba3fa6d96@group-5FF82F29B6C0-FollowerState was interrupted: java.lang.InterruptedException: sleep interrupted
2019-10-15 03:21:46,730 [grpc-default-executor-8] INFO  impl.RoleInfo (RoleInfo.java:updateAndGet(143)) - 742c26a8-c271-430a-a05a-c8bba3fa6d96: start FollowerState
2019-10-15 03:21:46,730 [Thread-9711] INFO  impl.FollowerState (FollowerState.java:run(117)) - a910346c-1ee2-4cdc-a6d8-644a3a4f0b7f@group-5FF82F29B6C0-FollowerState was interrupted: java.lang.InterruptedException: sleep interrupted
2019-10-15 03:21:46,730 [grpc-default-executor-4] INFO  impl.RoleInfo (RoleInfo.java:updateAndGet(143)) - a910346c-1ee2-4cdc-a6d8-644a3a4f0b7f: start FollowerState
2019-10-15 03:21:46,759 [4c6a16c4-95d2-4ef7-9fc0-4f57ccbd9967@group-5FF82F29B6C0-LeaderElection1196] INFO  impl.LeaderElection (LeaderElection.java:logAndReturn(56)) - 4c6a16c4-95d2-4ef7-9fc0-4f57ccbd9967@group-5FF82F29B6C0-LeaderElection1196: Election REJECTED; received 2 response(s) [4c6a16c4-95d2-4ef7-9fc0-4f57ccbd9967<-742c26a8-c271-430a-a05a-c8bba3fa6d96#0:FAIL-t1245, 4c6a16c4-95d2-4ef7-9fc0-4f57ccbd9967<-a910346c-1ee2-4cdc-a6d8-644a3a4f0b7f#0:FAIL-t1245] and 0 exception(s); 4c6a16c4-95d2-4ef7-9fc0-4f57ccbd9967@group-5FF82F29B6C0:t1245, leader=null, voted=4c6a16c4-95d2-4ef7-9fc0-4f57ccbd9967, raftlog=4c6a16c4-95d2-4ef7-9fc0-4f57ccbd9967@group-5FF82F29B6C0-SegmentedRaftLog:OPENED:c-1,f-1,i0, conf=-1: [4c6a16c4-95d2-4ef7-9fc0-4f57ccbd9967:192.168.5.131:39112, 742c26a8-c271-430a-a05a-c8bba3fa6d96:192.168.5.131:42235, a910346c-1ee2-4cdc-a6d8-644a3a4f0b7f:192.168.5.131:38193], old=null
2019-10-15 03:21:46,774 [4c6a16c4-95d2-4ef7-9fc0-4f57ccbd9967@group-5FF82F29B6C0-LeaderElection1196] INFO  impl.RaftServerImpl (RaftServerImpl.java:setRole(184)) - 4c6a16c4-95d2-4ef7-9fc0-4f57ccbd9967@group-5FF82F29B6C0: changes role from CANDIDATE to FOLLOWER at term 1245 for DISCOVERED_A_NEW_TERM
2019-10-15 03:21:46,774 [4c6a16c4-95d2-4ef7-9fc0-4f57ccbd9967@group-5FF82F29B6C0-LeaderElection1196] INFO  impl.RoleInfo (RoleInfo.java:shutdownLeaderElection(134)) - 4c6a16c4-95d2-4ef7-9fc0-4f57ccbd9967: shutdown LeaderElection
2019-10-15 03:21:46,775 [4c6a16c4-95d2-4ef7-9fc0-4f57ccbd9967@group-5FF82F29B6C0-LeaderElection1196] INFO  impl.RoleInfo (RoleInfo.java:updateAndGet(143)) - 4c6a16c4-95d2-4ef7-9fc0-4f57ccbd9967: start FollowerState
2019-10-15 03:21:46,799 [Thread-9729] INFO  impl.FollowerState (FollowerState.java:run(108)) - 4c6a16c4-95d2-4ef7-9fc0-4f57ccbd9967@group-5FF82F29B6C0-FollowerState: change to CANDIDATE, lastRpcTime:24ms, electionTimeout:24ms
2019-10-15 03:21:46,799 [Thread-9729] INFO  impl.RoleInfo (RoleInfo.java:shutdownFollowerState(121)) - 4c6a16c4-95d2-4ef7-9fc0-4f57ccbd9967: shutdown FollowerState
2019-10-15 03:21:46,799 [Thread-9729] INFO  impl.RaftServerImpl (RaftServerImpl.java:setRole(184)) - 4c6a16c4-95d2-4ef7-9fc0-4f57ccbd9967@group-5FF82F29B6C0: changes role from  FOLLOWER to CANDIDATE at term 1245 for changeToCandidate
2019-10-15 03:21:46,799 [Thread-9729] ERROR ratis.XceiverServerRatis (XceiverServerRatis.java:triggerPipelineClose(582)) - pipeline Action CLOSE  on pipeline PipelineID=e4bf9835-e697-42f6-b211-5ff82f29b6c0.Reason : 4c6a16c4-95d2-4ef7-9fc0-4f57ccbd9967 is in candidate state for 161698ms
2019-10-15 03:21:46,819 [Thread-9729] INFO  impl.RoleInfo (RoleInfo.java:updateAndGet(143)) - 4c6a16c4-95d2-4ef7-9fc0-4f57ccbd9967: start LeaderElection
2019-10-15 03:21:46,833 [4c6a16c4-95d2-4ef7-9fc0-4f57ccbd9967@group-5FF82F29B6C0-LeaderElection1197] INFO  impl.LeaderElection (LeaderElection.java:askForVotes(178)) - 4c6a16c4-95d2-4ef7-9fc0-4f57ccbd9967@group-5FF82F29B6C0-LeaderElection1197: begin an election at term 1246 for -1: [4c6a16c4-95d2-4ef7-9fc0-4f57ccbd9967:192.168.5.131:39112, 742c26a8-c271-430a-a05a-c8bba3fa6d96:192.168.5.131:42235, a910346c-1ee2-4cdc-a6d8-644a3a4f0b7f:192.168.5.131:38193], old=null
2019-10-15 03:21:46,844 [grpc-default-executor-4] INFO  impl.RaftServerImpl (RaftServerImpl.java:setRole(184)) - 742c26a8-c271-430a-a05a-c8bba3fa6d96@group-5FF82F29B6C0: changes role from  FOLLOWER to FOLLOWER at term 1246 for recognizeCandidate:4c6a16c4-95d2-4ef7-9fc0-4f57ccbd9967
2019-10-15 03:21:46,844 [grpc-default-executor-8] INFO  impl.RaftServerImpl (RaftServerImpl.java:setRole(184)) - a910346c-1ee2-4cdc-a6d8-644a3a4f0b7f@group-5FF82F29B6C0: changes role from  FOLLOWER to FOLLOWER at term 1246 for recognizeCandidate:4c6a16c4-95d2-4ef7-9fc0-4f57ccbd9967
2019-10-15 03:21:46,844 [grpc-default-executor-8] INFO  impl.RoleInfo (RoleInfo.java:shutdownFollowerState(121)) - a910346c-1ee2-4cdc-a6d8-644a3a4f0b7f: shutdown FollowerState
2019-10-15 03:21:46,844 [grpc-default-executor-4] INFO  impl.RoleInfo (RoleInfo.java:shutdownFollowerState(121)) - 742c26a8-c271-430a-a05a-c8bba3fa6d96: shutdown FollowerState
2019-10-15 03:21:46,845 [grpc-default-executor-4] INFO  impl.RoleInfo (RoleInfo.java:updateAndGet(143)) - 742c26a8-c271-430a-a05a-c8bba3fa6d96: start FollowerState
2019-10-15 03:21:46,844 [Thread-9728] INFO  impl.FollowerState (FollowerState.java:run(117)) - a910346c-1ee2-4cdc-a6d8-644a3a4f0b7f@group-5FF82F29B6C0-FollowerState was interrupted: java.lang.InterruptedException: sleep interrupted
2019-10-15 03:21:46,844 [grpc-default-executor-8] INFO  impl.RoleInfo (RoleInfo.java:updateAndGet(143)) - a910346c-1ee2-4cdc-a6d8-644a3a4f0b7f: start FollowerState
2019-10-15 03:21:46,845 [Thread-9727] INFO  impl.FollowerState (FollowerState.java:run(117)) - 742c26a8-c271-430a-a05a-c8bba3fa6d96@group-5FF82F29B6C0-FollowerState was interrupted: java.lang.InterruptedException: sleep interrupted
2019-10-15 03:21:46,881 [4c6a16c4-95d2-4ef7-9fc0-4f57ccbd9967@group-5FF82F29B6C0-LeaderElection1197] INFO  impl.LeaderElection (LeaderElection.java:logAndReturn(56)) - 4c6a16c4-95d2-4ef7-9fc0-4f57ccbd9967@group-5FF82F29B6C0-LeaderElection1197: Election REJECTED; received 2 response(s) [4c6a16c4-95d2-4ef7-9fc0-4f57ccbd9967<-742c26a8-c271-430a-a05a-c8bba3fa6d96#0:FAIL-t1246, 4c6a16c4-95d2-4ef7-9fc0-4f57ccbd9967<-a910346c-1ee2-4cdc-a6d8-644a3a4f0b7f#0:FAIL-t1246] and 0 exception(s); 4c6a16c4-95d2-4ef7-9fc0-4f57ccbd9967@group-5FF82F29B6C0:t1246, leader=null, voted=4c6a16c4-95d2-4ef7-9fc0-4f57ccbd9967, raftlog=4c6a16c4-95d2-4ef7-9fc0-4f57ccbd9967@group-5FF82F29B6C0-SegmentedRaftLog:OPENED:c-1,f-1,i0, conf=-1: [4c6a16c4-95d2-4ef7-9fc0-4f57ccbd9967:192.168.5.131:39112, 742c26a8-c271-430a-a05a-c8bba3fa6d96:192.168.5.131:42235, a910346c-1ee2-4cdc-a6d8-644a3a4f0b7f:192.168.5.131:38193], old=null
2019-10-15 03:21:46,881 [4c6a16c4-95d2-4ef7-9fc0-4f57ccbd9967@group-5FF82F29B6C0-LeaderElection1197] INFO  impl.RaftServerImpl (RaftServerImpl.java:setRole(184)) - 4c6a16c4-95d2-4ef7-9fc0-4f57ccbd9967@group-5FF82F29B6C0: changes role from CANDIDATE to FOLLOWER at term 1246 for DISCOVERED_A_NEW_TERM
2019-10-15 03:21:46,881 [4c6a16c4-95d2-4ef7-9fc0-4f57ccbd9967@group-5FF82F29B6C0-LeaderElection1197] INFO  impl.RoleInfo (RoleInfo.java:shutdownLeaderElection(134)) - 4c6a16c4-95d2-4ef7-9fc0-4f57ccbd9967: shutdown LeaderElection
2019-10-15 03:21:46,881 [4c6a16c4-95d2-4ef7-9fc0-4f57ccbd9967@group-5FF82F29B6C0-LeaderElection1197] INFO  impl.RoleInfo (RoleInfo.java:updateAndGet(143)) - 4c6a16c4-95d2-4ef7-9fc0-4f57ccbd9967: start FollowerState
2019-10-15 03:21:46,957 [main] WARN  impl.MetricsSystemImpl (MetricsSystemImpl.java:register(276)) - Sink prometheus already exists!
2019-10-15 03:21:46,984 [EventQueue-PipelineActionsForPipelineActionHandler] ERROR pipeline.PipelineActionHandler (PipelineActionHandler.java:onMessage(60)) - Received pipeline action CLOSE for Pipeline[ Id: e4bf9835-e697-42f6-b211-5ff82f29b6c0, Nodes: a910346c-1ee2-4cdc-a6d8-644a3a4f0b7f{ip: 192.168.5.131, host: pr-hdds-2305-c92ks-1629580955, networkLocation: /default-rack, certSerialId: null}742c26a8-c271-430a-a05a-c8bba3fa6d96{ip: 192.168.5.131, host: pr-hdds-2305-c92ks-1629580955, networkLocation: /default-rack, certSerialId: null}4c6a16c4-95d2-4ef7-9fc0-4f57ccbd9967{ip: 192.168.5.131, host: pr-hdds-2305-c92ks-1629580955, networkLocation: /default-rack, certSerialId: null}, Type:RATIS, Factor:THREE, State:CLOSED] from datanode 4c6a16c4-95d2-4ef7-9fc0-4f57ccbd9967{ip: 192.168.5.131, host: pr-hdds-2305-c92ks-1629580955, networkLocation: /default-rack, certSerialId: null}. Reason : 4c6a16c4-95d2-4ef7-9fc0-4f57ccbd9967 is in candidate state for 160913ms
2019-10-15 03:21:46,984 [EventQueue-PipelineActionsForPipelineActionHandler] INFO  pipeline.SCMPipelineManager (SCMPipelineManager.java:finalizeAndDestroyPipeline(315)) - destroying pipeline:Pipeline[ Id: e4bf9835-e697-42f6-b211-5ff82f29b6c0, Nodes: a910346c-1ee2-4cdc-a6d8-644a3a4f0b7f{ip: 192.168.5.131, host: pr-hdds-2305-c92ks-1629580955, networkLocation: /default-rack, certSerialId: null}742c26a8-c271-430a-a05a-c8bba3fa6d96{ip: 192.168.5.131, host: pr-hdds-2305-c92ks-1629580955, networkLocation: /default-rack, certSerialId: null}4c6a16c4-95d2-4ef7-9fc0-4f57ccbd9967{ip: 192.168.5.131, host: pr-hdds-2305-c92ks-1629580955, networkLocation: /default-rack, certSerialId: null}, Type:RATIS, Factor:THREE, State:CLOSED]
2019-10-15 03:21:47,007 [Thread-9735] INFO  impl.FollowerState (FollowerState.java:run(108)) - 4c6a16c4-95d2-4ef7-9fc0-4f57ccbd9967@group-5FF82F29B6C0-FollowerState: change to CANDIDATE, lastRpcTime:126ms, electionTimeout:126ms
2019-10-15 03:21:47,008 [Thread-9735] INFO  impl.RoleInfo (RoleInfo.java:shutdownFollowerState(121)) - 4c6a16c4-95d2-4ef7-9fc0-4f57ccbd9967: shutdown FollowerState
2019-10-15 03:21:47,008 [Thread-9735] INFO  impl.RaftServerImpl (RaftServerImpl.java:setRole(184)) - 4c6a16c4-95d2-4ef7-9fc0-4f57ccbd9967@group-5FF82F29B6C0: changes role from  FOLLOWER to CANDIDATE at term 1246 for changeToCandidate
2019-10-15 03:21:47,008 [Thread-9735] ERROR ratis.XceiverServerRatis (XceiverServerRatis.java:triggerPipelineClose(582)) - pipeline Action CLOSE  on pipeline PipelineID=e4bf9835-e697-42f6-b211-5ff82f29b6c0.Reason : 4c6a16c4-95d2-4ef7-9fc0-4f57ccbd9967 is in candidate state for 161907ms
2019-10-15 03:21:47,008 [Thread-9735] INFO  impl.RoleInfo (RoleInfo.java:updateAndGet(143)) - 4c6a16c4-95d2-4ef7-9fc0-4f57ccbd9967: start LeaderElection
2019-10-15 03:21:47,022 [4c6a16c4-95d2-4ef7-9fc0-4f57ccbd9967@group-5FF82F29B6C0-LeaderElection1198] INFO  impl.LeaderElection (LeaderElection.java:askForVotes(178)) - 4c6a16c4-95d2-4ef7-9fc0-4f57ccbd9967@group-5FF82F29B6C0-LeaderElection1198: begin an election at term 1247 for -1: [4c6a16c4-95d2-4ef7-9fc0-4f57ccbd9967:192.168.5.131:39112, 742c26a8-c271-430a-a05a-c8bba3fa6d96:192.168.5.131:42235, a910346c-1ee2-4cdc-a6d8-644a3a4f0b7f:192.168.5.131:38193], old=null
2019-10-15 03:21:47,031 [grpc-default-executor-8] INFO  impl.RaftServerImpl (RaftServerImpl.java:setRole(184)) - 742c26a8-c271-430a-a05a-c8bba3fa6d96@group-5FF82F29B6C0: changes role from  FOLLOWER to FOLLOWER at term 1247 for recognizeCandidate:4c6a16c4-95d2-4ef7-9fc0-4f57ccbd9967
2019-10-15 03:21:47,032 [grpc-default-executor-8] INFO  impl.RoleInfo (RoleInfo.java:shutdownFollowerState(121)) - 742c26a8-c271-430a-a05a-c8bba3fa6d96: shutdown FollowerState
2019-10-15 03:21:47,032 [grpc-default-executor-4] INFO  impl.RaftServerImpl (RaftServerImpl.java:setRole(184)) - a910346c-1ee2-4cdc-a6d8-644a3a4f0b7f@group-5FF82F29B6C0: changes role from  FOLLOWER to FOLLOWER at term 1247 for recognizeCandidate:4c6a16c4-95d2-4ef7-9fc0-4f57ccbd9967
2019-10-15 03:21:47,032 [grpc-default-executor-4] INFO  impl.RoleInfo (RoleInfo.java:shutdownFollowerState(121)) - a910346c-1ee2-4cdc-a6d8-644a3a4f0b7f: shutdown FollowerState
2019-10-15 03:21:47,032 [Thread-9734] INFO  impl.FollowerState (FollowerState.java:run(117)) - 742c26a8-c271-430a-a05a-c8bba3fa6d96@group-5FF82F29B6C0-FollowerState was interrupted: java.lang.InterruptedException: sleep interrupted
2019-10-15 03:21:47,032 [grpc-default-executor-8] INFO  impl.RoleInfo (RoleInfo.java:updateAndGet(143)) - 742c26a8-c271-430a-a05a-c8bba3fa6d96: start FollowerState
2019-10-15 03:21:47,032 [Thread-9733] INFO  impl.FollowerState (FollowerState.java:run(117)) - a910346c-1ee2-4cdc-a6d8-644a3a4f0b7f@group-5FF82F29B6C0-FollowerState was interrupted: java.lang.InterruptedException: sleep interrupted
2019-10-15 03:21:47,032 [grpc-default-executor-4] INFO  impl.RoleInfo (RoleInfo.java:updateAndGet(143)) - a910346c-1ee2-4cdc-a6d8-644a3a4f0b7f: start FollowerState
2019-10-15 03:21:47,043 [4c6a16c4-95d2-4ef7-9fc0-4f57ccbd9967@group-5FF82F29B6C0-LeaderElection1198] INFO  impl.LeaderElection (LeaderElection.java:logAndReturn(56)) - 4c6a16c4-95d2-4ef7-9fc0-4f57ccbd9967@group-5FF82F29B6C0-LeaderElection1198: Election TIMEOUT; received 1 response(s) [4c6a16c4-95d2-4ef7-9fc0-4f57ccbd9967<-742c26a8-c271-430a-a05a-c8bba3fa6d96#0:FAIL-t1247] and 0 exception(s); 4c6a16c4-95d2-4ef7-9fc0-4f57ccbd9967@group-5FF82F29B6C0:t1247, leader=null, voted=4c6a16c4-95d2-4ef7-9fc0-4f57ccbd9967, raftlog=4c6a16c4-95d2-4ef7-9fc0-4f57ccbd9967@group-5FF82F29B6C0-SegmentedRaftLog:OPENED:c-1,f-1,i0, conf=-1: [4c6a16c4-95d2-4ef7-9fc0-4f57ccbd9967:192.168.5.131:39112, 742c26a8-c271-430a-a05a-c8bba3fa6d96:192.168.5.131:42235, a910346c-1ee2-4cdc-a6d8-644a3a4f0b7f:192.168.5.131:38193], old=null
2019-10-15 03:21:47,068 [4c6a16c4-95d2-4ef7-9fc0-4f57ccbd9967@group-5FF82F29B6C0-LeaderElection1198] INFO  impl.LeaderElection (LeaderElection.java:askForVotes(178)) - 4c6a16c4-95d2-4ef7-9fc0-4f57ccbd9967@group-5FF82F29B6C0-LeaderElection1198: begin an election at term 1248 for -1: [4c6a16c4-95d2-4ef7-9fc0-4f57ccbd9967:192.168.5.131:39112, 742c26a8-c271-430a-a05a-c8bba3fa6d96:192.168.5.131:42235, a910346c-1ee2-4cdc-a6d8-644a3a4f0b7f:192.168.5.131:38193], old=null
2019-10-15 03:21:47,079 [grpc-default-executor-4] INFO  impl.RaftServerImpl (RaftServerImpl.java:setRole(184)) - a910346c-1ee2-4cdc-a6d8-644a3a4f0b7f@group-5FF82F29B6C0: changes role from  FOLLOWER to FOLLOWER at term 1248 for recognizeCandidate:4c6a16c4-95d2-4ef7-9fc0-4f57ccbd9967
2019-10-15 03:21:47,079 [grpc-default-executor-4] INFO  impl.RoleInfo (RoleInfo.java:shutdownFollowerState(121)) - a910346c-1ee2-4cdc-a6d8-644a3a4f0b7f: shutdown FollowerState
2019-10-15 03:21:47,079 [grpc-default-executor-8] INFO  impl.RaftServerImpl (RaftServerImpl.java:setRole(184)) - 742c26a8-c271-430a-a05a-c8bba3fa6d96@group-5FF82F29B6C0: changes role from  FOLLOWER to FOLLOWER at term 1248 for recognizeCandidate:4c6a16c4-95d2-4ef7-9fc0-4f57ccbd9967
2019-10-15 03:21:47,079 [grpc-default-executor-8] INFO  impl.RoleInfo (RoleInfo.java:shutdownFollowerState(121)) - 742c26a8-c271-430a-a05a-c8bba3fa6d96: shutdown FollowerState
2019-10-15 03:21:47,079 [Thread-9742] INFO  impl.FollowerState (FollowerState.java:run(117)) - a910346c-1ee2-4cdc-a6d8-644a3a4f0b7f@group-5FF82F29B6C0-FollowerState was interrupted: java.lang.InterruptedException: sleep interrupted
2019-10-15 03:21:47,079 [grpc-default-executor-4] INFO  impl.RoleInfo (RoleInfo.java:updateAndGet(143)) - a910346c-1ee2-4cdc-a6d8-644a3a4f0b7f: start FollowerState
2019-10-15 03:21:47,079 [Thread-9741] INFO  impl.FollowerState (FollowerState.java:run(117)) - 742c26a8-c271-430a-a05a-c8bba3fa6d96@group-5FF82F29B6C0-FollowerState was interrupted: java.lang.InterruptedException: sleep interrupted
2019-10-15 03:21:47,079 [grpc-default-executor-8] INFO  impl.RoleInfo (RoleInfo.java:updateAndGet(143)) - 742c26a8-c271-430a-a05a-c8bba3fa6d96: start FollowerState
2019-10-15 03:21:47,092 [4c6a16c4-95d2-4ef7-9fc0-4f57ccbd9967@group-5FF82F29B6C0-LeaderElection1198] INFO  impl.LeaderElection (LeaderElection.java:logAndReturn(56)) - 4c6a16c4-95d2-4ef7-9fc0-4f57ccbd9967@group-5FF82F29B6C0-LeaderElection1198: Election TIMEOUT; received 0 response(s) [] and 0 exception(s); 4c6a16c4-95d2-4ef7-9fc0-4f57ccbd9967@group-5FF82F29B6C0:t1248, leader=null, voted=4c6a16c4-95d2-4ef7-9fc0-4f57ccbd9967, raftlog=4c6a16c4-95d2-4ef7-9fc0-4f57ccbd9967@group-5FF82F29B6C0-SegmentedRaftLog:OPENED:c-1,f-1,i0, conf=-1: [4c6a16c4-95d2-4ef7-9fc0-4f57ccbd9967:192.168.5.131:39112, 742c26a8-c271-430a-a05a-c8bba3fa6d96:192.168.5.131:42235, a910346c-1ee2-4cdc-a6d8-644a3a4f0b7f:192.168.5.131:38193], old=null
2019-10-15 03:21:47,115 [4c6a16c4-95d2-4ef7-9fc0-4f57ccbd9967@group-5FF82F29B6C0-LeaderElection1198] INFO  impl.LeaderElection (LeaderElection.java:askForVotes(178)) - 4c6a16c4-95d2-4ef7-9fc0-4f57ccbd9967@group-5FF82F29B6C0-LeaderElection1198: begin an election at term 1249 for -1: [4c6a16c4-95d2-4ef7-9fc0-4f57ccbd9967:192.168.5.131:39112, 742c26a8-c271-430a-a05a-c8bba3fa6d96:192.168.5.131:42235, a910346c-1ee2-4cdc-a6d8-644a3a4f0b7f:192.168.5.131:38193], old=null
2019-10-15 03:21:47,125 [grpc-default-executor-8] INFO  impl.RaftServerImpl (RaftServerImpl.java:setRole(184)) - 742c26a8-c271-430a-a05a-c8bba3fa6d96@group-5FF82F29B6C0: changes role from  FOLLOWER to FOLLOWER at term 1249 for recognizeCandidate:4c6a16c4-95d2-4ef7-9fc0-4f57ccbd9967
2019-10-15 03:21:47,125 [grpc-default-executor-8] INFO  impl.RoleInfo (RoleInfo.java:shutdownFollowerState(121)) - 742c26a8-c271-430a-a05a-c8bba3fa6d96: shutdown FollowerState
2019-10-15 03:21:47,125 [grpc-default-executor-4] INFO  impl.RaftServerImpl (RaftServerImpl.java:setRole(184)) - a910346c-1ee2-4cdc-a6d8-644a3a4f0b7f@group-5FF82F29B6C0: changes role from  FOLLOWER to FOLLOWER at term 1249 for recognizeCandidate:4c6a16c4-95d2-4ef7-9fc0-4f57ccbd9967
2019-10-15 03:21:47,126 [Thread-9746] INFO  impl.FollowerState (FollowerState.java:run(117)) - 742c26a8-c271-430a-a05a-c8bba3fa6d96@group-5FF82F29B6C0-FollowerState was interrupted: java.lang.InterruptedException: sleep interrupted
2019-10-15 03:21:47,126 [grpc-default-executor-8] INFO  impl.RoleInfo (RoleInfo.java:updateAndGet(143)) - 742c26a8-c271-430a-a05a-c8bba3fa6d96: start FollowerState
2019-10-15 03:21:47,126 [grpc-default-executor-4] INFO  impl.RoleInfo (RoleInfo.java:shutdownFollowerState(121)) - a910346c-1ee2-4cdc-a6d8-644a3a4f0b7f: shutdown FollowerState
2019-10-15 03:21:47,126 [grpc-default-executor-4] INFO  impl.RoleInfo (RoleInfo.java:updateAndGet(143)) - a910346c-1ee2-4cdc-a6d8-644a3a4f0b7f: start FollowerState
2019-10-15 03:21:47,126 [Thread-9745] INFO  impl.FollowerState (FollowerState.java:run(117)) - a910346c-1ee2-4cdc-a6d8-644a3a4f0b7f@group-5FF82F29B6C0-FollowerState was interrupted: java.lang.InterruptedException: sleep interrupted
2019-10-15 03:21:47,139 [4c6a16c4-95d2-4ef7-9fc0-4f57ccbd9967@group-5FF82F29B6C0-LeaderElection1198] INFO  impl.LeaderElection (LeaderElection.java:logAndReturn(56)) - 4c6a16c4-95d2-4ef7-9fc0-4f57ccbd9967@group-5FF82F29B6C0-LeaderElection1198: Election REJECTED; received 2 response(s) [4c6a16c4-95d2-4ef7-9fc0-4f57ccbd9967<-742c26a8-c271-430a-a05a-c8bba3fa6d96#0:FAIL-t1249, 4c6a16c4-95d2-4ef7-9fc0-4f57ccbd9967<-a910346c-1ee2-4cdc-a6d8-644a3a4f0b7f#0:FAIL-t1249] and 0 exception(s); 4c6a16c4-95d2-4ef7-9fc0-4f57ccbd9967@group-5FF82F29B6C0:t1249, leader=null, voted=4c6a16c4-95d2-4ef7-9fc0-4f57ccbd9967, raftlog=4c6a16c4-95d2-4ef7-9fc0-4f57ccbd9967@group-5FF82F29B6C0-SegmentedRaftLog:OPENED:c-1,f-1,i0, conf=-1: [4c6a16c4-95d2-4ef7-9fc0-4f57ccbd9967:192.168.5.131:39112, 742c26a8-c271-430a-a05a-c8bba3fa6d96:192.168.5.131:42235, a910346c-1ee2-4cdc-a6d8-644a3a4f0b7f:192.168.5.131:38193], old=null
2019-10-15 03:21:47,147 [4c6a16c4-95d2-4ef7-9fc0-4f57ccbd9967@group-5FF82F29B6C0-LeaderElection1198] INFO  impl.RaftServerImpl (RaftServerImpl.java:setRole(184)) - 4c6a16c4-95d2-4ef7-9fc0-4f57ccbd9967@group-5FF82F29B6C0: changes role from CANDIDATE to FOLLOWER at term 1249 for DISCOVERED_A_NEW_TERM
2019-10-15 03:21:47,147 [4c6a16c4-95d2-4ef7-9fc0-4f57ccbd9967@group-5FF82F29B6C0-LeaderElection1198] INFO  impl.RoleInfo (RoleInfo.java:shutdownLeaderElection(134)) - 4c6a16c4-95d2-4ef7-9fc0-4f57ccbd9967: shutdown LeaderElection
2019-10-15 03:21:47,147 [4c6a16c4-95d2-4ef7-9fc0-4f57ccbd9967@group-5FF82F29B6C0-LeaderElection1198] INFO  impl.RoleInfo (RoleInfo.java:updateAndGet(143)) - 4c6a16c4-95d2-4ef7-9fc0-4f57ccbd9967: start FollowerState
2019-10-15 03:21:47,228 [Thread-9751] INFO  impl.FollowerState (FollowerState.java:run(108)) - 4c6a16c4-95d2-4ef7-9fc0-4f57ccbd9967@group-5FF82F29B6C0-FollowerState: change to CANDIDATE, lastRpcTime:80ms, electionTimeout:80ms
2019-10-15 03:21:47,228 [Thread-9751] INFO  impl.RoleInfo (RoleInfo.java:shutdownFollowerState(121)) - 4c6a16c4-95d2-4ef7-9fc0-4f57ccbd9967: shutdown FollowerState
2019-10-15 03:21:47,228 [Thread-9751] INFO  impl.RaftServerImpl (RaftServerImpl.java:setRole(184)) - 4c6a16c4-95d2-4ef7-9fc0-4f57ccbd9967@group-5FF82F29B6C0: changes role from  FOLLOWER to CANDIDATE at term 1249 for changeToCandidate
2019-10-15 03:21:47,228 [Thread-9751] ERROR ratis.XceiverServerRatis (XceiverServerRatis.java:triggerPipelineClose(582)) - pipeline Action CLOSE  on pipeline PipelineID=e4bf9835-e697-42f6-b211-5ff82f29b6c0.Reason : 4c6a16c4-95d2-4ef7-9fc0-4f57ccbd9967 is in candidate state for 162127ms
2019-10-15 03:21:47,233 [Thread-9751] INFO  impl.RoleInfo (RoleInfo.java:updateAndGet(143)) - 4c6a16c4-95d2-4ef7-9fc0-4f57ccbd9967: start LeaderElection
2019-10-15 03:21:47,247 [4c6a16c4-95d2-4ef7-9fc0-4f57ccbd9967@group-5FF82F29B6C0-LeaderElection1199] INFO  impl.LeaderElection (LeaderElection.java:askForVotes(178)) - 4c6a16c4-95d2-4ef7-9fc0-4f57ccbd9967@group-5FF82F29B6C0-LeaderElection1199: begin an election at term 1250 for -1: [4c6a16c4-95d2-4ef7-9fc0-4f57ccbd9967:192.168.5.131:39112, 742c26a8-c271-430a-a05a-c8bba3fa6d96:192.168.5.131:42235, a910346c-1ee2-4cdc-a6d8-644a3a4f0b7f:192.168.5.131:38193], old=null
2019-10-15 03:21:47,256 [grpc-default-executor-4] INFO  impl.RaftServerImpl (RaftServerImpl.java:setRole(184)) - a910346c-1ee2-4cdc-a6d8-644a3a4f0b7f@group-5FF82F29B6C0: changes role from  FOLLOWER to FOLLOWER at term 1250 for recognizeCandidate:4c6a16c4-95d2-4ef7-9fc0-4f57ccbd9967
2019-10-15 03:21:47,256 [grpc-default-executor-8] INFO  impl.RaftServerImpl (RaftServerImpl.java:setRole(184)) - 742c26a8-c271-430a-a05a-c8bba3fa6d96@group-5FF82F29B6C0: changes role from  FOLLOWER to FOLLOWER at term 1250 for recognizeCandidate:4c6a16c4-95d2-4ef7-9fc0-4f57ccbd9967
2019-10-15 03:21:47,256 [grpc-default-executor-4] INFO  impl.RoleInfo (RoleInfo.java:shutdownFollowerState(121)) - a910346c-1ee2-4cdc-a6d8-644a3a4f0b7f: shutdown FollowerState
2019-10-15 03:21:47,256 [grpc-default-executor-8] INFO  impl.RoleInfo (RoleInfo.java:shutdownFollowerState(121)) - 742c26a8-c271-430a-a05a-c8bba3fa6d96: shutdown FollowerState
2019-10-15 03:21:47,256 [Thread-9750] INFO  impl.FollowerState (FollowerState.java:run(117)) - a910346c-1ee2-4cdc-a6d8-644a3a4f0b7f@group-5FF82F29B6C0-FollowerState was interrupted: java.lang.InterruptedException: sleep interrupted
2019-10-15 03:21:47,256 [grpc-default-executor-4] INFO  impl.RoleInfo (RoleInfo.java:updateAndGet(143)) - a910346c-1ee2-4cdc-a6d8-644a3a4f0b7f: start FollowerState
2019-10-15 03:21:47,256 [Thread-9749] INFO  impl.FollowerState (FollowerState.java:run(117)) - 742c26a8-c271-430a-a05a-c8bba3fa6d96@group-5FF82F29B6C0-FollowerState was interrupted: java.lang.InterruptedException: sleep interrupted
2019-10-15 03:21:47,256 [grpc-default-executor-8] INFO  impl.RoleInfo (RoleInfo.java:updateAndGet(143)) - 742c26a8-c271-430a-a05a-c8bba3fa6d96: start FollowerState
2019-10-15 03:21:47,277 [4c6a16c4-95d2-4ef7-9fc0-4f57ccbd9967@group-5FF82F29B6C0-LeaderElection1199] INFO  impl.LeaderElection (LeaderElection.java:logAndReturn(56)) - 4c6a16c4-95d2-4ef7-9fc0-4f57ccbd9967@group-5FF82F29B6C0-LeaderElection1199: Election REJECTED; received 2 response(s) [4c6a16c4-95d2-4ef7-9fc0-4f57ccbd9967<-742c26a8-c271-430a-a05a-c8bba3fa6d96#0:FAIL-t1250, 4c6a16c4-95d2-4ef7-9fc0-4f57ccbd9967<-a910346c-1ee2-4cdc-a6d8-644a3a4f0b7f#0:FAIL-t1250] and 0 exception(s); 4c6a16c4-95d2-4ef7-9fc0-4f57ccbd9967@group-5FF82F29B6C0:t1250, leader=null, voted=4c6a16c4-95d2-4ef7-9fc0-4f57ccbd9967, raftlog=4c6a16c4-95d2-4ef7-9fc0-4f57ccbd9967@group-5FF82F29B6C0-SegmentedRaftLog:OPENED:c-1,f-1,i0, conf=-1: [4c6a16c4-95d2-4ef7-9fc0-4f57ccbd9967:192.168.5.131:39112, 742c26a8-c271-430a-a05a-c8bba3fa6d96:192.168.5.131:42235, a910346c-1ee2-4cdc-a6d8-644a3a4f0b7f:192.168.5.131:38193], old=null
2019-10-15 03:21:47,277 [4c6a16c4-95d2-4ef7-9fc0-4f57ccbd9967@group-5FF82F29B6C0-LeaderElection1199] INFO  impl.RaftServerImpl (RaftServerImpl.java:setRole(184)) - 4c6a16c4-95d2-4ef7-9fc0-4f57ccbd9967@group-5FF82F29B6C0: changes role from CANDIDATE to FOLLOWER at term 1250 for DISCOVERED_A_NEW_TERM
2019-10-15 03:21:47,277 [4c6a16c4-95d2-4ef7-9fc0-4f57ccbd9967@group-5FF82F29B6C0-LeaderElection1199] INFO  impl.RoleInfo (RoleInfo.java:shutdownLeaderElection(134)) - 4c6a16c4-95d2-4ef7-9fc0-4f57ccbd9967: shutdown LeaderElection
2019-10-15 03:21:47,277 [4c6a16c4-95d2-4ef7-9fc0-4f57ccbd9967@group-5FF82F29B6C0-LeaderElection1199] INFO  impl.RoleInfo (RoleInfo.java:updateAndGet(143)) - 4c6a16c4-95d2-4ef7-9fc0-4f57ccbd9967: start FollowerState
2019-10-15 03:21:47,281 [Thread-9757] INFO  impl.FollowerState (FollowerState.java:run(108)) - 4c6a16c4-95d2-4ef7-9fc0-4f57ccbd9967@group-5FF82F29B6C0-FollowerState: change to CANDIDATE, lastRpcTime:3ms, electionTimeout:3ms
2019-10-15 03:21:47,281 [Thread-9757] INFO  impl.RoleInfo (RoleInfo.java:shutdownFollowerState(121)) - 4c6a16c4-95d2-4ef7-9fc0-4f57ccbd9967: shutdown FollowerState
2019-10-15 03:21:47,281 [Thread-9757] INFO  impl.RaftServerImpl (RaftServerImpl.java:setRole(184)) - 4c6a16c4-95d2-4ef7-9fc0-4f57ccbd9967@group-5FF82F29B6C0: changes role from  FOLLOWER to CANDIDATE at term 1250 for changeToCandidate
2019-10-15 03:21:47,281 [Thread-9757] ERROR ratis.XceiverServerRatis (XceiverServerRatis.java:triggerPipelineClose(582)) - pipeline Action CLOSE  on pipeline PipelineID=e4bf9835-e697-42f6-b211-5ff82f29b6c0.Reason : 4c6a16c4-95d2-4ef7-9fc0-4f57ccbd9967 is in candidate state for 162180ms
2019-10-15 03:21:47,298 [Thread-9757] INFO  impl.RoleInfo (RoleInfo.java:updateAndGet(143)) - 4c6a16c4-95d2-4ef7-9fc0-4f57ccbd9967: start LeaderElection
2019-10-15 03:21:47,312 [4c6a16c4-95d2-4ef7-9fc0-4f57ccbd9967@group-5FF82F29B6C0-LeaderElection1200] INFO  impl.LeaderElection (LeaderElection.java:askForVotes(178)) - 4c6a16c4-95d2-4ef7-9fc0-4f57ccbd9967@group-5FF82F29B6C0-LeaderElection1200: begin an election at term 1251 for -1: [4c6a16c4-95d2-4ef7-9fc0-4f57ccbd9967:192.168.5.131:39112, 742c26a8-c271-430a-a05a-c8bba3fa6d96:192.168.5.131:42235, a910346c-1ee2-4cdc-a6d8-644a3a4f0b7f:192.168.5.131:38193], old=null
2019-10-15 03:21:47,321 [grpc-default-executor-4] INFO  impl.RaftServerImpl (RaftServerImpl.java:setRole(184)) - a910346c-1ee2-4cdc-a6d8-644a3a4f0b7f@group-5FF82F29B6C0: changes role from  FOLLOWER to FOLLOWER at term 1251 for recognizeCandidate:4c6a16c4-95d2-4ef7-9fc0-4f57ccbd9967
2019-10-15 03:21:47,321 [grpc-default-executor-8] INFO  impl.RaftServerImpl (RaftServerImpl.java:setRole(184)) - 742c26a8-c271-430a-a05a-c8bba3fa6d96@group-5FF82F29B6C0: changes role from  FOLLOWER to FOLLOWER at term 1251 for recognizeCandidate:4c6a16c4-95d2-4ef7-9fc0-4f57ccbd9967
2019-10-15 03:21:47,321 [grpc-default-executor-4] INFO  impl.RoleInfo (RoleInfo.java:shutdownFollowerState(121)) - a910346c-1ee2-4cdc-a6d8-644a3a4f0b7f: shutdown FollowerState
2019-10-15 03:21:47,321 [grpc-default-executor-8] INFO  impl.RoleInfo (RoleInfo.java:shutdownFollowerState(121)) - 742c26a8-c271-430a-a05a-c8bba3fa6d96: shutdown FollowerState
2019-10-15 03:21:47,321 [Thread-9755] INFO  impl.FollowerState (FollowerState.java:run(117)) - a910346c-1ee2-4cdc-a6d8-644a3a4f0b7f@group-5FF82F29B6C0-FollowerState was interrupted: java.lang.InterruptedException: sleep interrupted
2019-10-15 03:21:47,321 [Thread-9756] INFO  impl.FollowerState (FollowerState.java:run(117)) - 742c26a8-c271-430a-a05a-c8bba3fa6d96@group-5FF82F29B6C0-FollowerState was interrupted: java.lang.InterruptedException: sleep interrupted
2019-10-15 03:21:47,321 [grpc-default-executor-4] INFO  impl.RoleInfo (RoleInfo.java:updateAndGet(143)) - a910346c-1ee2-4cdc-a6d8-644a3a4f0b7f: start FollowerState
2019-10-15 03:21:47,321 [grpc-default-executor-8] INFO  impl.RoleInfo (RoleInfo.java:updateAndGet(143)) - 742c26a8-c271-430a-a05a-c8bba3fa6d96: start FollowerState
2019-10-15 03:21:47,341 [4c6a16c4-95d2-4ef7-9fc0-4f57ccbd9967@group-5FF82F29B6C0-LeaderElection1200] INFO  impl.LeaderElection (LeaderElection.java:logAndReturn(56)) - 4c6a16c4-95d2-4ef7-9fc0-4f57ccbd9967@group-5FF82F29B6C0-LeaderElection1200: Election REJECTED; received 2 response(s) [4c6a16c4-95d2-4ef7-9fc0-4f57ccbd9967<-742c26a8-c271-430a-a05a-c8bba3fa6d96#0:FAIL-t1251, 4c6a16c4-95d2-4ef7-9fc0-4f57ccbd9967<-a910346c-1ee2-4cdc-a6d8-644a3a4f0b7f#0:FAIL-t1251] and 0 exception(s); 4c6a16c4-95d2-4ef7-9fc0-4f57ccbd9967@group-5FF82F29B6C0:t1251, leader=null, voted=4c6a16c4-95d2-4ef7-9fc0-4f57ccbd9967, raftlog=4c6a16c4-95d2-4ef7-9fc0-4f57ccbd9967@group-5FF82F29B6C0-SegmentedRaftLog:OPENED:c-1,f-1,i0, conf=-1: [4c6a16c4-95d2-4ef7-9fc0-4f57ccbd9967:192.168.5.131:39112, 742c26a8-c271-430a-a05a-c8bba3fa6d96:192.168.5.131:42235, a910346c-1ee2-4cdc-a6d8-644a3a4f0b7f:192.168.5.131:38193], old=null
2019-10-15 03:21:47,341 [4c6a16c4-95d2-4ef7-9fc0-4f57ccbd9967@group-5FF82F29B6C0-LeaderElection1200] INFO  impl.RaftServerImpl (RaftServerImpl.java:setRole(184)) - 4c6a16c4-95d2-4ef7-9fc0-4f57ccbd9967@group-5FF82F29B6C0: changes role from CANDIDATE to FOLLOWER at term 1251 for DISCOVERED_A_NEW_TERM
2019-10-15 03:21:47,341 [4c6a16c4-95d2-4ef7-9fc0-4f57ccbd9967@group-5FF82F29B6C0-LeaderElection1200] INFO  impl.RoleInfo (RoleInfo.java:shutdownLeaderElection(134)) - 4c6a16c4-95d2-4ef7-9fc0-4f57ccbd9967: shutdown LeaderElection
2019-10-15 03:21:47,341 [4c6a16c4-95d2-4ef7-9fc0-4f57ccbd9967@group-5FF82F29B6C0-LeaderElection1200] INFO  impl.RoleInfo (RoleInfo.java:updateAndGet(143)) - 4c6a16c4-95d2-4ef7-9fc0-4f57ccbd9967: start FollowerState
2019-10-15 03:21:47,395 [Thread-9763] INFO  impl.FollowerState (FollowerState.java:run(108)) - 4c6a16c4-95d2-4ef7-9fc0-4f57ccbd9967@group-5FF82F29B6C0-FollowerState: change to CANDIDATE, lastRpcTime:53ms, electionTimeout:53ms
2019-10-15 03:21:47,395 [Thread-9763] INFO  impl.RoleInfo (RoleInfo.java:shutdownFollowerState(121)) - 4c6a16c4-95d2-4ef7-9fc0-4f57ccbd9967: shutdown FollowerState
2019-10-15 03:21:47,395 [Thread-9763] INFO  impl.RaftServerImpl (RaftServerImpl.java:setRole(184)) - 4c6a16c4-95d2-4ef7-9fc0-4f57ccbd9967@group-5FF82F29B6C0: changes role from  FOLLOWER to CANDIDATE at term 1251 for changeToCandidate
2019-10-15 03:21:47,395 [Thread-9763] ERROR ratis.XceiverServerRatis (XceiverServerRatis.java:triggerPipelineClose(582)) - pipeline Action CLOSE  on pipeline PipelineID=e4bf9835-e697-42f6-b211-5ff82f29b6c0.Reason : 4c6a16c4-95d2-4ef7-9fc0-4f57ccbd9967 is in candidate state for 162294ms
2019-10-15 03:21:47,403 [Thread-9763] INFO  impl.RoleInfo (RoleInfo.java:updateAndGet(143)) - 4c6a16c4-95d2-4ef7-9fc0-4f57ccbd9967: start LeaderElection
2019-10-15 03:21:47,417 [4c6a16c4-95d2-4ef7-9fc0-4f57ccbd9967@group-5FF82F29B6C0-LeaderElection1201] INFO  impl.LeaderElection (LeaderElection.java:askForVotes(178)) - 4c6a16c4-95d2-4ef7-9fc0-4f57ccbd9967@group-5FF82F29B6C0-LeaderElection1201: begin an election at term 1252 for -1: [4c6a16c4-95d2-4ef7-9fc0-4f57ccbd9967:192.168.5.131:39112, 742c26a8-c271-430a-a05a-c8bba3fa6d96:192.168.5.131:42235, a910346c-1ee2-4cdc-a6d8-644a3a4f0b7f:192.168.5.131:38193], old=null
2019-10-15 03:21:47,428 [grpc-default-executor-4] INFO  impl.RaftServerImpl (RaftServerImpl.java:setRole(184)) - 742c26a8-c271-430a-a05a-c8bba3fa6d96@group-5FF82F29B6C0: changes role from  FOLLOWER to FOLLOWER at term 1252 for recognizeCandidate:4c6a16c4-95d2-4ef7-9fc0-4f57ccbd9967
2019-10-15 03:21:47,429 [grpc-default-executor-8] INFO  impl.RaftServerImpl (RaftServerImpl.java:setRole(184)) - a910346c-1ee2-4cdc-a6d8-644a3a4f0b7f@group-5FF82F29B6C0: changes role from  FOLLOWER to FOLLOWER at term 1252 for recognizeCandidate:4c6a16c4-95d2-4ef7-9fc0-4f57ccbd9967
2019-10-15 03:21:47,429 [grpc-default-executor-4] INFO  impl.RoleInfo (RoleInfo.java:shutdownFollowerState(121)) - 742c26a8-c271-430a-a05a-c8bba3fa6d96: shutdown FollowerState
2019-10-15 03:21:47,429 [grpc-default-executor-8] INFO  impl.RoleInfo (RoleInfo.java:shutdownFollowerState(121)) - a910346c-1ee2-4cdc-a6d8-644a3a4f0b7f: shutdown FollowerState
2019-10-15 03:21:47,429 [grpc-default-executor-4] INFO  impl.RoleInfo (RoleInfo.java:updateAndGet(143)) - 742c26a8-c271-430a-a05a-c8bba3fa6d96: start FollowerState
2019-10-15 03:21:47,429 [Thread-9761] INFO  impl.FollowerState (FollowerState.java:run(117)) - a910346c-1ee2-4cdc-a6d8-644a3a4f0b7f@group-5FF82F29B6C0-FollowerState was interrupted: java.lang.InterruptedException: sleep interrupted
2019-10-15 03:21:47,429 [Thread-9762] INFO  impl.FollowerState (FollowerState.java:run(117)) - 742c26a8-c271-430a-a05a-c8bba3fa6d96@group-5FF82F29B6C0-FollowerState was interrupted: java.lang.InterruptedException: sleep interrupted
2019-10-15 03:21:47,429 [grpc-default-executor-8] INFO  impl.RoleInfo (RoleInfo.java:updateAndGet(143)) - a910346c-1ee2-4cdc-a6d8-644a3a4f0b7f: start FollowerState
2019-10-15 03:21:47,429 [main] INFO  server.SCMClientProtocolServer (SCMClientProtocolServer.java:start(159)) - RPC server for Client  is listening at /0.0.0.0:35966
2019-10-15 03:21:47,430 [IPC Server Responder] INFO  ipc.Server (Server.java:run(1314)) - IPC Server Responder: starting
2019-10-15 03:21:47,430 [IPC Server listener on 35966] INFO  ipc.Server (Server.java:run(1153)) - IPC Server listener on 35966: starting
2019-10-15 03:21:47,444 [4c6a16c4-95d2-4ef7-9fc0-4f57ccbd9967@group-5FF82F29B6C0-LeaderElection1201] INFO  impl.LeaderElection (LeaderElection.java:logAndReturn(56)) - 4c6a16c4-95d2-4ef7-9fc0-4f57ccbd9967@group-5FF82F29B6C0-LeaderElection1201: Election REJECTED; received 2 response(s) [4c6a16c4-95d2-4ef7-9fc0-4f57ccbd9967<-742c26a8-c271-430a-a05a-c8bba3fa6d96#0:FAIL-t1252, 4c6a16c4-95d2-4ef7-9fc0-4f57ccbd9967<-a910346c-1ee2-4cdc-a6d8-644a3a4f0b7f#0:FAIL-t1252] and 0 exception(s); 4c6a16c4-95d2-4ef7-9fc0-4f57ccbd9967@group-5FF82F29B6C0:t1252, leader=null, voted=4c6a16c4-95d2-4ef7-9fc0-4f57ccbd9967, raftlog=4c6a16c4-95d2-4ef7-9fc0-4f57ccbd9967@group-5FF82F29B6C0-SegmentedRaftLog:OPENED:c-1,f-1,i0, conf=-1: [4c6a16c4-95d2-4ef7-9fc0-4f57ccbd9967:192.168.5.131:39112, 742c26a8-c271-430a-a05a-c8bba3fa6d96:192.168.5.131:42235, a910346c-1ee2-4cdc-a6d8-644a3a4f0b7f:192.168.5.131:38193], old=null
2019-10-15 03:21:47,444 [main] INFO  server.StorageContainerManager (StorageContainerManager.java:start(782)) - ScmBlockLocationProtocol RPC server is listening at /0.0.0.0:36222
2019-10-15 03:21:47,444 [4c6a16c4-95d2-4ef7-9fc0-4f57ccbd9967@group-5FF82F29B6C0-LeaderElection1201] INFO  impl.RaftServerImpl (RaftServerImpl.java:setRole(184)) - 4c6a16c4-95d2-4ef7-9fc0-4f57ccbd9967@group-5FF82F29B6C0: changes role from CANDIDATE to FOLLOWER at term 1252 for DISCOVERED_A_NEW_TERM
2019-10-15 03:21:47,445 [4c6a16c4-95d2-4ef7-9fc0-4f57ccbd9967@group-5FF82F29B6C0-LeaderElection1201] INFO  impl.RoleInfo (RoleInfo.java:shutdownLeaderElection(134)) - 4c6a16c4-95d2-4ef7-9fc0-4f57ccbd9967: shutdown LeaderElection
2019-10-15 03:21:47,445 [4c6a16c4-95d2-4ef7-9fc0-4f57ccbd9967@group-5FF82F29B6C0-LeaderElection1201] INFO  impl.RoleInfo (RoleInfo.java:updateAndGet(143)) - 4c6a16c4-95d2-4ef7-9fc0-4f57ccbd9967: start FollowerState
2019-10-15 03:21:47,445 [main] INFO  server.SCMBlockProtocolServer (SCMBlockProtocolServer.java:start(146)) - RPC server for Block Protocol is listening at /0.0.0.0:36222
2019-10-15 03:21:47,445 [IPC Server Responder] INFO  ipc.Server (Server.java:run(1314)) - IPC Server Responder: starting
2019-10-15 03:21:47,445 [IPC Server listener on 36222] INFO  ipc.Server (Server.java:run(1153)) - IPC Server listener on 36222: starting
2019-10-15 03:21:47,449 [main] INFO  server.StorageContainerManager (StorageContainerManager.java:start(786)) - ScmDatanodeProtocl RPC server is listening at /0.0.0.0:45412
2019-10-15 03:21:47,450 [main] INFO  server.SCMDatanodeProtocolServer (SCMDatanodeProtocolServer.java:start(169)) - RPC server for DataNodes is listening at /0.0.0.0:45412
2019-10-15 03:21:47,450 [IPC Server Responder] INFO  ipc.Server (Server.java:run(1314)) - IPC Server Responder: starting
2019-10-15 03:21:47,450 [IPC Server listener on 45412] INFO  ipc.Server (Server.java:run(1153)) - IPC Server listener on 45412: starting
2019-10-15 03:21:47,453 [main] INFO  http.HttpServer2 (HttpServer2.java:bindListener(1191)) - Jetty bound to port 44486
2019-10-15 03:21:47,453 [main] INFO  server.Server (Server.java:doStart(351)) - jetty-9.3.25.v20180904, build timestamp: 2018-09-04T21:11:46Z, git hash: 3ce520221d0240229c862b122d2b06c12a625732
2019-10-15 03:21:47,455 [main] INFO  handler.ContextHandler (ContextHandler.java:doStart(781)) - Started o.e.j.s.ServletContextHandler@61b65d54{/logs,file:///workdir/hadoop-ozone/integration-test/target/log,AVAILABLE}
2019-10-15 03:21:47,455 [main] INFO  handler.ContextHandler (ContextHandler.java:doStart(781)) - Started o.e.j.s.ServletContextHandler@7f2c57fe{/static,file:///workdir/hadoop-ozone/integration-test/target/test-classes/webapps/static,AVAILABLE}
2019-10-15 03:21:47,458 [main] INFO  handler.ContextHandler (ContextHandler.java:doStart(781)) - Started o.e.j.w.WebAppContext@8fcc534{/,file:///workdir/hadoop-ozone/integration-test/target/test-classes/webapps/scm/,AVAILABLE}{/scm}
2019-10-15 03:21:47,459 [main] INFO  server.AbstractConnector (AbstractConnector.java:doStart(278)) - Started ServerConnector@5e599100{HTTP/1.1,[http/1.1]}{0.0.0.0:44486}
2019-10-15 03:21:47,461 [main] INFO  server.Server (Server.java:doStart(419)) - Started @173602ms
2019-10-15 03:21:47,461 [main] WARN  impl.MetricsSystemImpl (MetricsSystemImpl.java:register(276)) - Sink prometheus already exists!
2019-10-15 03:21:47,461 [main] INFO  server.BaseHttpServer (BaseHttpServer.java:updateConnectorAddress(215)) - HTTP server of SCM is listening at http://0.0.0.0:44486
2019-10-15 03:21:47,464 [main] WARN  server.ServerUtils (ServerUtils.java:getDBPath(222)) - ozone.om.db.dirs is not configured. We recommend adding this setting. Falling back to ozone.metadata.dirs instead.
2019-10-15 03:21:47,464 [org.apache.hadoop.util.JvmPauseMonitor$Monitor@361cd35c] INFO  util.JvmPauseMonitor (JvmPauseMonitor.java:run(188)) - Starting JVM pause monitor
2019-10-15 03:21:47,464 [Thread-9790] INFO  impl.FollowerState (FollowerState.java:run(108)) - 4c6a16c4-95d2-4ef7-9fc0-4f57ccbd9967@group-5FF82F29B6C0-FollowerState: change to CANDIDATE, lastRpcTime:19ms, electionTimeout:19ms
2019-10-15 03:21:47,464 [Thread-9790] INFO  impl.RoleInfo (RoleInfo.java:shutdownFollowerState(121)) - 4c6a16c4-95d2-4ef7-9fc0-4f57ccbd9967: shutdown FollowerState
2019-10-15 03:21:47,464 [Thread-9790] INFO  impl.RaftServerImpl (RaftServerImpl.java:setRole(184)) - 4c6a16c4-95d2-4ef7-9fc0-4f57ccbd9967@group-5FF82F29B6C0: changes role from  FOLLOWER to CANDIDATE at term 1252 for changeToCandidate
2019-10-15 03:21:47,464 [Thread-9790] ERROR ratis.XceiverServerRatis (XceiverServerRatis.java:triggerPipelineClose(582)) - pipeline Action CLOSE  on pipeline PipelineID=e4bf9835-e697-42f6-b211-5ff82f29b6c0.Reason : 4c6a16c4-95d2-4ef7-9fc0-4f57ccbd9967 is in candidate state for 162363ms
2019-10-15 03:21:47,464 [Thread-9790] INFO  impl.RoleInfo (RoleInfo.java:updateAndGet(143)) - 4c6a16c4-95d2-4ef7-9fc0-4f57ccbd9967: start LeaderElection
2019-10-15 03:21:47,477 [4c6a16c4-95d2-4ef7-9fc0-4f57ccbd9967@group-5FF82F29B6C0-LeaderElection1202] INFO  impl.LeaderElection (LeaderElection.java:askForVotes(178)) - 4c6a16c4-95d2-4ef7-9fc0-4f57ccbd9967@group-5FF82F29B6C0-LeaderElection1202: begin an election at term 1253 for -1: [4c6a16c4-95d2-4ef7-9fc0-4f57ccbd9967:192.168.5.131:39112, 742c26a8-c271-430a-a05a-c8bba3fa6d96:192.168.5.131:42235, a910346c-1ee2-4cdc-a6d8-644a3a4f0b7f:192.168.5.131:38193], old=null
2019-10-15 03:21:47,477 [main] INFO  ha.OMHANodeDetails (OMHANodeDetails.java:loadOMHAConfig(190)) - Configuration either no ozone.om.address set. Falling back to the default OM address /127.0.0.1:0
2019-10-15 03:21:47,477 [main] INFO  ha.OMHANodeDetails (OMHANodeDetails.java:getOMNodeDetails(220)) - OM Service ID is not set. Setting it to the default ID: omServiceIdDefault
2019-10-15 03:21:47,477 [main] WARN  server.ServerUtils (ServerUtils.java:getDBPath(222)) - ozone.om.db.dirs is not configured. We recommend adding this setting. Falling back to ozone.metadata.dirs instead.
2019-10-15 03:21:47,478 [grpc-default-executor-8] INFO  impl.RaftServerImpl (RaftServerImpl.java:setRole(184)) - 742c26a8-c271-430a-a05a-c8bba3fa6d96@group-5FF82F29B6C0: changes role from  FOLLOWER to FOLLOWER at term 1253 for recognizeCandidate:4c6a16c4-95d2-4ef7-9fc0-4f57ccbd9967
2019-10-15 03:21:47,478 [grpc-default-executor-4] INFO  impl.RaftServerImpl (RaftServerImpl.java:setRole(184)) - a910346c-1ee2-4cdc-a6d8-644a3a4f0b7f@group-5FF82F29B6C0: changes role from  FOLLOWER to FOLLOWER at term 1253 for recognizeCandidate:4c6a16c4-95d2-4ef7-9fc0-4f57ccbd9967
2019-10-15 03:21:47,478 [main] WARN  server.ServerUtils (ServerUtils.java:getDBPath(222)) - ozone.om.db.dirs is not configured. We recommend adding this setting. Falling back to ozone.metadata.dirs instead.
2019-10-15 03:21:47,478 [grpc-default-executor-4] INFO  impl.RoleInfo (RoleInfo.java:shutdownFollowerState(121)) - a910346c-1ee2-4cdc-a6d8-644a3a4f0b7f: shutdown FollowerState
2019-10-15 03:21:47,478 [grpc-default-executor-8] INFO  impl.RoleInfo (RoleInfo.java:shutdownFollowerState(121)) - 742c26a8-c271-430a-a05a-c8bba3fa6d96: shutdown FollowerState
2019-10-15 03:21:47,478 [grpc-default-executor-4] INFO  impl.RoleInfo (RoleInfo.java:updateAndGet(143)) - a910346c-1ee2-4cdc-a6d8-644a3a4f0b7f: start FollowerState
2019-10-15 03:21:47,478 [Thread-9767] INFO  impl.FollowerState (FollowerState.java:run(117)) - 742c26a8-c271-430a-a05a-c8bba3fa6d96@group-5FF82F29B6C0-FollowerState was interrupted: java.lang.InterruptedException: sleep interrupted
2019-10-15 03:21:47,478 [Thread-9769] INFO  impl.FollowerState (FollowerState.java:run(117)) - a910346c-1ee2-4cdc-a6d8-644a3a4f0b7f@group-5FF82F29B6C0-FollowerState was interrupted: java.lang.InterruptedException: sleep interrupted
2019-10-15 03:21:47,478 [grpc-default-executor-8] INFO  impl.RoleInfo (RoleInfo.java:updateAndGet(143)) - 742c26a8-c271-430a-a05a-c8bba3fa6d96: start FollowerState
2019-10-15 03:21:47,484 [main] WARN  server.ServerUtils (ServerUtils.java:getDBPath(222)) - ozone.om.db.dirs is not configured. We recommend adding this setting. Falling back to ozone.metadata.dirs instead.
2019-10-15 03:21:47,485 [main] INFO  db.DBStoreBuilder (DBStoreBuilder.java:addTable(117)) - using custom profile for table: userTable
2019-10-15 03:21:47,485 [main] INFO  db.DBStoreBuilder (DBStoreBuilder.java:processTables(168)) - Using default column profile:DBProfile.DISK for Table:userTable
2019-10-15 03:21:47,485 [main] INFO  db.DBStoreBuilder (DBStoreBuilder.java:addTable(117)) - using custom profile for table: volumeTable
2019-10-15 03:21:47,485 [main] INFO  db.DBStoreBuilder (DBStoreBuilder.java:processTables(168)) - Using default column profile:DBProfile.DISK for Table:volumeTable
2019-10-15 03:21:47,485 [main] INFO  db.DBStoreBuilder (DBStoreBuilder.java:addTable(117)) - using custom profile for table: bucketTable
2019-10-15 03:21:47,485 [main] INFO  db.DBStoreBuilder (DBStoreBuilder.java:processTables(168)) - Using default column profile:DBProfile.DISK for Table:bucketTable
2019-10-15 03:21:47,486 [main] INFO  db.DBStoreBuilder (DBStoreBuilder.java:addTable(117)) - using custom profile for table: keyTable
2019-10-15 03:21:47,486 [main] INFO  db.DBStoreBuilder (DBStoreBuilder.java:processTables(168)) - Using default column profile:DBProfile.DISK for Table:keyTable
2019-10-15 03:21:47,486 [main] INFO  db.DBStoreBuilder (DBStoreBuilder.java:addTable(117)) - using custom profile for table: deletedTable
2019-10-15 03:21:47,486 [main] INFO  db.DBStoreBuilder (DBStoreBuilder.java:processTables(168)) - Using default column profile:DBProfile.DISK for Table:deletedTable
2019-10-15 03:21:47,486 [main] INFO  db.DBStoreBuilder (DBStoreBuilder.java:addTable(117)) - using custom profile for table: openKeyTable
2019-10-15 03:21:47,486 [main] INFO  db.DBStoreBuilder (DBStoreBuilder.java:processTables(168)) - Using default column profile:DBProfile.DISK for Table:openKeyTable
2019-10-15 03:21:47,486 [main] INFO  db.DBStoreBuilder (DBStoreBuilder.java:addTable(117)) - using custom profile for table: s3Table
2019-10-15 03:21:47,486 [main] INFO  db.DBStoreBuilder (DBStoreBuilder.java:processTables(168)) - Using default column profile:DBProfile.DISK for Table:s3Table
2019-10-15 03:21:47,487 [main] INFO  db.DBStoreBuilder (DBStoreBuilder.java:addTable(117)) - using custom profile for table: multipartInfoTable
2019-10-15 03:21:47,487 [main] INFO  db.DBStoreBuilder (DBStoreBuilder.java:processTables(168)) - Using default column profile:DBProfile.DISK for Table:multipartInfoTable
2019-10-15 03:21:47,487 [main] INFO  db.DBStoreBuilder (DBStoreBuilder.java:addTable(117)) - using custom profile for table: dTokenTable
2019-10-15 03:21:47,487 [main] INFO  db.DBStoreBuilder (DBStoreBuilder.java:processTables(168)) - Using default column profile:DBProfile.DISK for Table:dTokenTable
2019-10-15 03:21:47,487 [main] INFO  db.DBStoreBuilder (DBStoreBuilder.java:addTable(117)) - using custom profile for table: s3SecretTable
2019-10-15 03:21:47,487 [main] INFO  db.DBStoreBuilder (DBStoreBuilder.java:processTables(168)) - Using default column profile:DBProfile.DISK for Table:s3SecretTable
2019-10-15 03:21:47,488 [main] INFO  db.DBStoreBuilder (DBStoreBuilder.java:addTable(117)) - using custom profile for table: prefixTable
2019-10-15 03:21:47,488 [main] INFO  db.DBStoreBuilder (DBStoreBuilder.java:processTables(168)) - Using default column profile:DBProfile.DISK for Table:prefixTable
2019-10-15 03:21:47,488 [main] INFO  db.DBStoreBuilder (DBStoreBuilder.java:addTable(117)) - using custom profile for table: default
2019-10-15 03:21:47,488 [main] INFO  db.DBStoreBuilder (DBStoreBuilder.java:processTables(174)) - Using default column profile:DBProfile.DISK for Table:default
2019-10-15 03:21:47,488 [main] INFO  db.DBStoreBuilder (DBStoreBuilder.java:getDbProfile(205)) - Using default options. DBProfile.DISK
2019-10-15 03:21:47,492 [4c6a16c4-95d2-4ef7-9fc0-4f57ccbd9967@group-5FF82F29B6C0-LeaderElection1202] INFO  impl.LeaderElection (LeaderElection.java:logAndReturn(56)) - 4c6a16c4-95d2-4ef7-9fc0-4f57ccbd9967@group-5FF82F29B6C0-LeaderElection1202: Election REJECTED; received 2 response(s) [4c6a16c4-95d2-4ef7-9fc0-4f57ccbd9967<-742c26a8-c271-430a-a05a-c8bba3fa6d96#0:FAIL-t1253, 4c6a16c4-95d2-4ef7-9fc0-4f57ccbd9967<-a910346c-1ee2-4cdc-a6d8-644a3a4f0b7f#0:FAIL-t1253] and 0 exception(s); 4c6a16c4-95d2-4ef7-9fc0-4f57ccbd9967@group-5FF82F29B6C0:t1253, leader=null, voted=4c6a16c4-95d2-4ef7-9fc0-4f57ccbd9967, raftlog=4c6a16c4-95d2-4ef7-9fc0-4f57ccbd9967@group-5FF82F29B6C0-SegmentedRaftLog:OPENED:c-1,f-1,i0, conf=-1: [4c6a16c4-95d2-4ef7-9fc0-4f57ccbd9967:192.168.5.131:39112, 742c26a8-c271-430a-a05a-c8bba3fa6d96:192.168.5.131:42235, a910346c-1ee2-4cdc-a6d8-644a3a4f0b7f:192.168.5.131:38193], old=null
2019-10-15 03:21:47,492 [4c6a16c4-95d2-4ef7-9fc0-4f57ccbd9967@group-5FF82F29B6C0-LeaderElection1202] INFO  impl.RaftServerImpl (RaftServerImpl.java:setRole(184)) - 4c6a16c4-95d2-4ef7-9fc0-4f57ccbd9967@group-5FF82F29B6C0: changes role from CANDIDATE to FOLLOWER at term 1253 for DISCOVERED_A_NEW_TERM
2019-10-15 03:21:47,492 [4c6a16c4-95d2-4ef7-9fc0-4f57ccbd9967@group-5FF82F29B6C0-LeaderElection1202] INFO  impl.RoleInfo (RoleInfo.java:shutdownLeaderElection(134)) - 4c6a16c4-95d2-4ef7-9fc0-4f57ccbd9967: shutdown LeaderElection
2019-10-15 03:21:47,492 [4c6a16c4-95d2-4ef7-9fc0-4f57ccbd9967@group-5FF82F29B6C0-LeaderElection1202] INFO  impl.RoleInfo (RoleInfo.java:updateAndGet(143)) - 4c6a16c4-95d2-4ef7-9fc0-4f57ccbd9967: start FollowerState
2019-10-15 03:21:47,653 [Thread-9848] INFO  impl.FollowerState (FollowerState.java:run(108)) - 4c6a16c4-95d2-4ef7-9fc0-4f57ccbd9967@group-5FF82F29B6C0-FollowerState: change to CANDIDATE, lastRpcTime:160ms, electionTimeout:160ms
2019-10-15 03:21:47,653 [Thread-9848] INFO  impl.RoleInfo (RoleInfo.java:shutdownFollowerState(121)) - 4c6a16c4-95d2-4ef7-9fc0-4f57ccbd9967: shutdown FollowerState
2019-10-15 03:21:47,653 [Thread-9848] INFO  impl.RaftServerImpl (RaftServerImpl.java:setRole(184)) - 4c6a16c4-95d2-4ef7-9fc0-4f57ccbd9967@group-5FF82F29B6C0: changes role from  FOLLOWER to CANDIDATE at term 1253 for changeToCandidate
2019-10-15 03:21:47,653 [Thread-9848] ERROR ratis.XceiverServerRatis (XceiverServerRatis.java:triggerPipelineClose(582)) - pipeline Action CLOSE  on pipeline PipelineID=e4bf9835-e697-42f6-b211-5ff82f29b6c0.Reason : 4c6a16c4-95d2-4ef7-9fc0-4f57ccbd9967 is in candidate state for 162552ms
2019-10-15 03:21:47,653 [Thread-9848] INFO  impl.RoleInfo (RoleInfo.java:updateAndGet(143)) - 4c6a16c4-95d2-4ef7-9fc0-4f57ccbd9967: start LeaderElection
2019-10-15 03:21:47,662 [4c6a16c4-95d2-4ef7-9fc0-4f57ccbd9967@group-5FF82F29B6C0-LeaderElection1203] INFO  impl.LeaderElection (LeaderElection.java:askForVotes(178)) - 4c6a16c4-95d2-4ef7-9fc0-4f57ccbd9967@group-5FF82F29B6C0-LeaderElection1203: begin an election at term 1254 for -1: [4c6a16c4-95d2-4ef7-9fc0-4f57ccbd9967:192.168.5.131:39112, 742c26a8-c271-430a-a05a-c8bba3fa6d96:192.168.5.131:42235, a910346c-1ee2-4cdc-a6d8-644a3a4f0b7f:192.168.5.131:38193], old=null
2019-10-15 03:21:47,664 [grpc-default-executor-4] INFO  impl.RaftServerImpl (RaftServerImpl.java:setRole(184)) - 742c26a8-c271-430a-a05a-c8bba3fa6d96@group-5FF82F29B6C0: changes role from  FOLLOWER to FOLLOWER at term 1254 for recognizeCandidate:4c6a16c4-95d2-4ef7-9fc0-4f57ccbd9967
2019-10-15 03:21:47,664 [grpc-default-executor-4] INFO  impl.RoleInfo (RoleInfo.java:shutdownFollowerState(121)) - 742c26a8-c271-430a-a05a-c8bba3fa6d96: shutdown FollowerState
2019-10-15 03:21:47,665 [grpc-default-executor-4] INFO  impl.RoleInfo (RoleInfo.java:updateAndGet(143)) - 742c26a8-c271-430a-a05a-c8bba3fa6d96: start FollowerState
2019-10-15 03:21:47,665 [Thread-9846] INFO  impl.FollowerState (FollowerState.java:run(117)) - 742c26a8-c271-430a-a05a-c8bba3fa6d96@group-5FF82F29B6C0-FollowerState was interrupted: java.lang.InterruptedException: sleep interrupted
2019-10-15 03:21:47,665 [grpc-default-executor-8] INFO  impl.RaftServerImpl (RaftServerImpl.java:setRole(184)) - a910346c-1ee2-4cdc-a6d8-644a3a4f0b7f@group-5FF82F29B6C0: changes role from  FOLLOWER to FOLLOWER at term 1254 for recognizeCandidate:4c6a16c4-95d2-4ef7-9fc0-4f57ccbd9967
2019-10-15 03:21:47,665 [grpc-default-executor-8] INFO  impl.RoleInfo (RoleInfo.java:shutdownFollowerState(121)) - a910346c-1ee2-4cdc-a6d8-644a3a4f0b7f: shutdown FollowerState
2019-10-15 03:21:47,665 [grpc-default-executor-8] INFO  impl.RoleInfo (RoleInfo.java:updateAndGet(143)) - a910346c-1ee2-4cdc-a6d8-644a3a4f0b7f: start FollowerState
2019-10-15 03:21:47,665 [Thread-9845] INFO  impl.FollowerState (FollowerState.java:run(117)) - a910346c-1ee2-4cdc-a6d8-644a3a4f0b7f@group-5FF82F29B6C0-FollowerState was interrupted: java.lang.InterruptedException: sleep interrupted
2019-10-15 03:21:47,678 [4c6a16c4-95d2-4ef7-9fc0-4f57ccbd9967@group-5FF82F29B6C0-LeaderElection1203] INFO  impl.LeaderElection (LeaderElection.java:logAndReturn(56)) - 4c6a16c4-95d2-4ef7-9fc0-4f57ccbd9967@group-5FF82F29B6C0-LeaderElection1203: Election REJECTED; received 2 response(s) [4c6a16c4-95d2-4ef7-9fc0-4f57ccbd9967<-742c26a8-c271-430a-a05a-c8bba3fa6d96#0:FAIL-t1254, 4c6a16c4-95d2-4ef7-9fc0-4f57ccbd9967<-a910346c-1ee2-4cdc-a6d8-644a3a4f0b7f#0:FAIL-t1254] and 0 exception(s); 4c6a16c4-95d2-4ef7-9fc0-4f57ccbd9967@group-5FF82F29B6C0:t1254, leader=null, voted=4c6a16c4-95d2-4ef7-9fc0-4f57ccbd9967, raftlog=4c6a16c4-95d2-4ef7-9fc0-4f57ccbd9967@group-5FF82F29B6C0-SegmentedRaftLog:OPENED:c-1,f-1,i0, conf=-1: [4c6a16c4-95d2-4ef7-9fc0-4f57ccbd9967:192.168.5.131:39112, 742c26a8-c271-430a-a05a-c8bba3fa6d96:192.168.5.131:42235, a910346c-1ee2-4cdc-a6d8-644a3a4f0b7f:192.168.5.131:38193], old=null
2019-10-15 03:21:47,678 [4c6a16c4-95d2-4ef7-9fc0-4f57ccbd9967@group-5FF82F29B6C0-LeaderElection1203] INFO  impl.RaftServerImpl (RaftServerImpl.java:setRole(184)) - 4c6a16c4-95d2-4ef7-9fc0-4f57ccbd9967@group-5FF82F29B6C0: changes role from CANDIDATE to FOLLOWER at term 1254 for DISCOVERED_A_NEW_TERM
2019-10-15 03:21:47,679 [4c6a16c4-95d2-4ef7-9fc0-4f57ccbd9967@group-5FF82F29B6C0-LeaderElection1203] INFO  impl.RoleInfo (RoleInfo.java:shutdownLeaderElection(134)) - 4c6a16c4-95d2-4ef7-9fc0-4f57ccbd9967: shutdown LeaderElection
2019-10-15 03:21:47,679 [4c6a16c4-95d2-4ef7-9fc0-4f57ccbd9967@group-5FF82F29B6C0-LeaderElection1203] INFO  impl.RoleInfo (RoleInfo.java:updateAndGet(143)) - 4c6a16c4-95d2-4ef7-9fc0-4f57ccbd9967: start FollowerState
2019-10-15 03:21:47,796 [Thread-9856] INFO  impl.FollowerState (FollowerState.java:run(108)) - 4c6a16c4-95d2-4ef7-9fc0-4f57ccbd9967@group-5FF82F29B6C0-FollowerState: change to CANDIDATE, lastRpcTime:117ms, electionTimeout:117ms
2019-10-15 03:21:47,796 [Thread-9856] INFO  impl.RoleInfo (RoleInfo.java:shutdownFollowerState(121)) - 4c6a16c4-95d2-4ef7-9fc0-4f57ccbd9967: shutdown FollowerState
2019-10-15 03:21:47,797 [Thread-9856] INFO  impl.RaftServerImpl (RaftServerImpl.java:setRole(184)) - 4c6a16c4-95d2-4ef7-9fc0-4f57ccbd9967@group-5FF82F29B6C0: changes role from  FOLLOWER to CANDIDATE at term 1254 for changeToCandidate
2019-10-15 03:21:47,797 [Thread-9856] ERROR ratis.XceiverServerRatis (XceiverServerRatis.java:triggerPipelineClose(582)) - pipeline Action CLOSE  on pipeline PipelineID=e4bf9835-e697-42f6-b211-5ff82f29b6c0.Reason : 4c6a16c4-95d2-4ef7-9fc0-4f57ccbd9967 is in candidate state for 162696ms
2019-10-15 03:21:47,797 [Thread-9856] INFO  impl.RoleInfo (RoleInfo.java:updateAndGet(143)) - 4c6a16c4-95d2-4ef7-9fc0-4f57ccbd9967: start LeaderElection
2019-10-15 03:21:47,804 [4c6a16c4-95d2-4ef7-9fc0-4f57ccbd9967@group-5FF82F29B6C0-LeaderElection1204] INFO  impl.LeaderElection (LeaderElection.java:askForVotes(178)) - 4c6a16c4-95d2-4ef7-9fc0-4f57ccbd9967@group-5FF82F29B6C0-LeaderElection1204: begin an election at term 1255 for -1: [4c6a16c4-95d2-4ef7-9fc0-4f57ccbd9967:192.168.5.131:39112, 742c26a8-c271-430a-a05a-c8bba3fa6d96:192.168.5.131:42235, a910346c-1ee2-4cdc-a6d8-644a3a4f0b7f:192.168.5.131:38193], old=null
2019-10-15 03:21:47,805 [grpc-default-executor-8] INFO  impl.RaftServerImpl (RaftServerImpl.java:setRole(184)) - a910346c-1ee2-4cdc-a6d8-644a3a4f0b7f@group-5FF82F29B6C0: changes role from  FOLLOWER to FOLLOWER at term 1255 for recognizeCandidate:4c6a16c4-95d2-4ef7-9fc0-4f57ccbd9967
2019-10-15 03:21:47,805 [grpc-default-executor-8] INFO  impl.RoleInfo (RoleInfo.java:shutdownFollowerState(121)) - a910346c-1ee2-4cdc-a6d8-644a3a4f0b7f: shutdown FollowerState
2019-10-15 03:21:47,806 [grpc-default-executor-8] INFO  impl.RoleInfo (RoleInfo.java:updateAndGet(143)) - a910346c-1ee2-4cdc-a6d8-644a3a4f0b7f: start FollowerState
2019-10-15 03:21:47,806 [grpc-default-executor-4] INFO  impl.RaftServerImpl (RaftServerImpl.java:setRole(184)) - 742c26a8-c271-430a-a05a-c8bba3fa6d96@group-5FF82F29B6C0: changes role from  FOLLOWER to FOLLOWER at term 1255 for recognizeCandidate:4c6a16c4-95d2-4ef7-9fc0-4f57ccbd9967
2019-10-15 03:21:47,806 [grpc-default-executor-4] INFO  impl.RoleInfo (RoleInfo.java:shutdownFollowerState(121)) - 742c26a8-c271-430a-a05a-c8bba3fa6d96: shutdown FollowerState
2019-10-15 03:21:47,806 [Thread-9855] INFO  impl.FollowerState (FollowerState.java:run(117)) - a910346c-1ee2-4cdc-a6d8-644a3a4f0b7f@group-5FF82F29B6C0-FollowerState was interrupted: java.lang.InterruptedException: sleep interrupted
2019-10-15 03:21:47,806 [Thread-9854] INFO  impl.FollowerState (FollowerState.java:run(117)) - 742c26a8-c271-430a-a05a-c8bba3fa6d96@group-5FF82F29B6C0-FollowerState was interrupted: java.lang.InterruptedException: sleep interrupted
2019-10-15 03:21:47,806 [grpc-default-executor-4] INFO  impl.RoleInfo (RoleInfo.java:updateAndGet(143)) - 742c26a8-c271-430a-a05a-c8bba3fa6d96: start FollowerState
2019-10-15 03:21:47,823 [4c6a16c4-95d2-4ef7-9fc0-4f57ccbd9967@group-5FF82F29B6C0-LeaderElection1204] INFO  impl.LeaderElection (LeaderElection.java:logAndReturn(56)) - 4c6a16c4-95d2-4ef7-9fc0-4f57ccbd9967@group-5FF82F29B6C0-LeaderElection1204: Election REJECTED; received 2 response(s) [4c6a16c4-95d2-4ef7-9fc0-4f57ccbd9967<-742c26a8-c271-430a-a05a-c8bba3fa6d96#0:FAIL-t1255, 4c6a16c4-95d2-4ef7-9fc0-4f57ccbd9967<-a910346c-1ee2-4cdc-a6d8-644a3a4f0b7f#0:FAIL-t1255] and 0 exception(s); 4c6a16c4-95d2-4ef7-9fc0-4f57ccbd9967@group-5FF82F29B6C0:t1255, leader=null, voted=4c6a16c4-95d2-4ef7-9fc0-4f57ccbd9967, raftlog=4c6a16c4-95d2-4ef7-9fc0-4f57ccbd9967@group-5FF82F29B6C0-SegmentedRaftLog:OPENED:c-1,f-1,i0, conf=-1: [4c6a16c4-95d2-4ef7-9fc0-4f57ccbd9967:192.168.5.131:39112, 742c26a8-c271-430a-a05a-c8bba3fa6d96:192.168.5.131:42235, a910346c-1ee2-4cdc-a6d8-644a3a4f0b7f:192.168.5.131:38193], old=null
2019-10-15 03:21:47,823 [4c6a16c4-95d2-4ef7-9fc0-4f57ccbd9967@group-5FF82F29B6C0-LeaderElection1204] INFO  impl.RaftServerImpl (RaftServerImpl.java:setRole(184)) - 4c6a16c4-95d2-4ef7-9fc0-4f57ccbd9967@group-5FF82F29B6C0: changes role from CANDIDATE to FOLLOWER at term 1255 for DISCOVERED_A_NEW_TERM
2019-10-15 03:21:47,823 [4c6a16c4-95d2-4ef7-9fc0-4f57ccbd9967@group-5FF82F29B6C0-LeaderElection1204] INFO  impl.RoleInfo (RoleInfo.java:shutdownLeaderElection(134)) - 4c6a16c4-95d2-4ef7-9fc0-4f57ccbd9967: shutdown LeaderElection
2019-10-15 03:21:47,823 [4c6a16c4-95d2-4ef7-9fc0-4f57ccbd9967@group-5FF82F29B6C0-LeaderElection1204] INFO  impl.RoleInfo (RoleInfo.java:updateAndGet(143)) - 4c6a16c4-95d2-4ef7-9fc0-4f57ccbd9967: start FollowerState
2019-10-15 03:21:47,840 [Thread-9862] INFO  impl.FollowerState (FollowerState.java:run(108)) - 4c6a16c4-95d2-4ef7-9fc0-4f57ccbd9967@group-5FF82F29B6C0-FollowerState: change to CANDIDATE, lastRpcTime:17ms, electionTimeout:17ms
2019-10-15 03:21:47,840 [Thread-9862] INFO  impl.RoleInfo (RoleInfo.java:shutdownFollowerState(121)) - 4c6a16c4-95d2-4ef7-9fc0-4f57ccbd9967: shutdown FollowerState
2019-10-15 03:21:47,841 [Thread-9862] INFO  impl.RaftServerImpl (RaftServerImpl.java:setRole(184)) - 4c6a16c4-95d2-4ef7-9fc0-4f57ccbd9967@group-5FF82F29B6C0: changes role from  FOLLOWER to CANDIDATE at term 1255 for changeToCandidate
2019-10-15 03:21:47,841 [Thread-9862] ERROR ratis.XceiverServerRatis (XceiverServerRatis.java:triggerPipelineClose(582)) - pipeline Action CLOSE  on pipeline PipelineID=e4bf9835-e697-42f6-b211-5ff82f29b6c0.Reason : 4c6a16c4-95d2-4ef7-9fc0-4f57ccbd9967 is in candidate state for 162740ms
2019-10-15 03:21:47,841 [Thread-9862] INFO  impl.RoleInfo (RoleInfo.java:updateAndGet(143)) - 4c6a16c4-95d2-4ef7-9fc0-4f57ccbd9967: start LeaderElection
2019-10-15 03:21:47,845 [4c6a16c4-95d2-4ef7-9fc0-4f57ccbd9967@group-5FF82F29B6C0-LeaderElection1205] INFO  impl.LeaderElection (LeaderElection.java:askForVotes(178)) - 4c6a16c4-95d2-4ef7-9fc0-4f57ccbd9967@group-5FF82F29B6C0-LeaderElection1205: begin an election at term 1256 for -1: [4c6a16c4-95d2-4ef7-9fc0-4f57ccbd9967:192.168.5.131:39112, 742c26a8-c271-430a-a05a-c8bba3fa6d96:192.168.5.131:42235, a910346c-1ee2-4cdc-a6d8-644a3a4f0b7f:192.168.5.131:38193], old=null
2019-10-15 03:21:47,846 [grpc-default-executor-4] INFO  impl.RaftServerImpl (RaftServerImpl.java:setRole(184)) - 742c26a8-c271-430a-a05a-c8bba3fa6d96@group-5FF82F29B6C0: changes role from  FOLLOWER to FOLLOWER at term 1256 for recognizeCandidate:4c6a16c4-95d2-4ef7-9fc0-4f57ccbd9967
2019-10-15 03:21:47,846 [grpc-default-executor-8] INFO  impl.RaftServerImpl (RaftServerImpl.java:setRole(184)) - a910346c-1ee2-4cdc-a6d8-644a3a4f0b7f@group-5FF82F29B6C0: changes role from  FOLLOWER to FOLLOWER at term 1256 for recognizeCandidate:4c6a16c4-95d2-4ef7-9fc0-4f57ccbd9967
2019-10-15 03:21:47,847 [grpc-default-executor-8] INFO  impl.RoleInfo (RoleInfo.java:shutdownFollowerState(121)) - a910346c-1ee2-4cdc-a6d8-644a3a4f0b7f: shutdown FollowerState
2019-10-15 03:21:47,846 [grpc-default-executor-4] INFO  impl.RoleInfo (RoleInfo.java:shutdownFollowerState(121)) - 742c26a8-c271-430a-a05a-c8bba3fa6d96: shutdown FollowerState
2019-10-15 03:21:47,847 [Thread-9860] INFO  impl.FollowerState (FollowerState.java:run(117)) - a910346c-1ee2-4cdc-a6d8-644a3a4f0b7f@group-5FF82F29B6C0-FollowerState was interrupted: java.lang.InterruptedException: sleep interrupted
2019-10-15 03:21:47,847 [grpc-default-executor-8] INFO  impl.RoleInfo (RoleInfo.java:updateAndGet(143)) - a910346c-1ee2-4cdc-a6d8-644a3a4f0b7f: start FollowerState
2019-10-15 03:21:47,847 [Thread-9861] INFO  impl.FollowerState (FollowerState.java:run(117)) - 742c26a8-c271-430a-a05a-c8bba3fa6d96@group-5FF82F29B6C0-FollowerState was interrupted: java.lang.InterruptedException: sleep interrupted
2019-10-15 03:21:47,847 [grpc-default-executor-4] INFO  impl.RoleInfo (RoleInfo.java:updateAndGet(143)) - 742c26a8-c271-430a-a05a-c8bba3fa6d96: start FollowerState
2019-10-15 03:21:47,854 [java.util.concurrent.ThreadPoolExecutor$Worker@78846492[State = -1, empty queue]] WARN  server.GrpcLogAppender (GrpcLogAppender.java:timeoutAppendRequest(209)) - 49ef7f6e-1d60-448e-86a5-d9ce5383d754@group-751F739D8D86->c9b1bf38-8177-4286-b10a-56c1118ac7ed-GrpcLogAppender: appendEntries Timeout, request=49ef7f6e-1d60-448e-86a5-d9ce5383d754->c9b1bf38-8177-4286-b10a-56c1118ac7ed#9-t2, previous=(t:2, i:0), leaderCommit=0, initializing? false, entries: <empty>
2019-10-15 03:21:47,856 [java.util.concurrent.ThreadPoolExecutor$Worker@2feb8d23[State = -1, empty queue]] WARN  server.GrpcLogAppender (GrpcLogAppender.java:timeoutAppendRequest(209)) - 49ef7f6e-1d60-448e-86a5-d9ce5383d754@group-751F739D8D86->851a2916-0fda-4c30-b232-531f2591aa3b-GrpcLogAppender: appendEntries Timeout, request=49ef7f6e-1d60-448e-86a5-d9ce5383d754->851a2916-0fda-4c30-b232-531f2591aa3b#9-t2, previous=(t:2, i:0), leaderCommit=0, initializing? false, entries: <empty>
2019-10-15 03:21:47,861 [4c6a16c4-95d2-4ef7-9fc0-4f57ccbd9967@group-5FF82F29B6C0-LeaderElection1205] INFO  impl.LeaderElection (LeaderElection.java:logAndReturn(56)) - 4c6a16c4-95d2-4ef7-9fc0-4f57ccbd9967@group-5FF82F29B6C0-LeaderElection1205: Election REJECTED; received 2 response(s) [4c6a16c4-95d2-4ef7-9fc0-4f57ccbd9967<-742c26a8-c271-430a-a05a-c8bba3fa6d96#0:FAIL-t1256, 4c6a16c4-95d2-4ef7-9fc0-4f57ccbd9967<-a910346c-1ee2-4cdc-a6d8-644a3a4f0b7f#0:FAIL-t1256] and 0 exception(s); 4c6a16c4-95d2-4ef7-9fc0-4f57ccbd9967@group-5FF82F29B6C0:t1256, leader=null, voted=4c6a16c4-95d2-4ef7-9fc0-4f57ccbd9967, raftlog=4c6a16c4-95d2-4ef7-9fc0-4f57ccbd9967@group-5FF82F29B6C0-SegmentedRaftLog:OPENED:c-1,f-1,i0, conf=-1: [4c6a16c4-95d2-4ef7-9fc0-4f57ccbd9967:192.168.5.131:39112, 742c26a8-c271-430a-a05a-c8bba3fa6d96:192.168.5.131:42235, a910346c-1ee2-4cdc-a6d8-644a3a4f0b7f:192.168.5.131:38193], old=null
2019-10-15 03:21:47,861 [4c6a16c4-95d2-4ef7-9fc0-4f57ccbd9967@group-5FF82F29B6C0-LeaderElection1205] INFO  impl.RaftServerImpl (RaftServerImpl.java:setRole(184)) - 4c6a16c4-95d2-4ef7-9fc0-4f57ccbd9967@group-5FF82F29B6C0: changes role from CANDIDATE to FOLLOWER at term 1256 for DISCOVERED_A_NEW_TERM
2019-10-15 03:21:47,861 [4c6a16c4-95d2-4ef7-9fc0-4f57ccbd9967@group-5FF82F29B6C0-LeaderElection1205] INFO  impl.RoleInfo (RoleInfo.java:shutdownLeaderElection(134)) - 4c6a16c4-95d2-4ef7-9fc0-4f57ccbd9967: shutdown LeaderElection
2019-10-15 03:21:47,861 [4c6a16c4-95d2-4ef7-9fc0-4f57ccbd9967@group-5FF82F29B6C0-LeaderElection1205] INFO  impl.RoleInfo (RoleInfo.java:updateAndGet(143)) - 4c6a16c4-95d2-4ef7-9fc0-4f57ccbd9967: start FollowerState
2019-10-15 03:21:47,925 [main] INFO  ipc.CallQueueManager (CallQueueManager.java:<init>(84)) - Using callQueue: class java.util.concurrent.LinkedBlockingQueue, queueCapacity: 2000, scheduler: class org.apache.hadoop.ipc.DefaultRpcScheduler, ipcBackoff: false.
2019-10-15 03:21:47,925 [Socket Reader #1 for port 36533] INFO  ipc.Server (Server.java:run(1074)) - Starting Socket Reader #1 for port 36533
2019-10-15 03:21:47,938 [main] INFO  om.OzoneManager (OzoneManager.java:start(1071)) - OzoneManager RPC server is listening at localhost/127.0.0.1:36533
2019-10-15 03:21:47,938 [main] INFO  impl.MetricsSystemImpl (MetricsSystemImpl.java:init(158)) - OzoneManager metrics system started (again)
2019-10-15 03:21:47,941 [IPC Server listener on 36533] INFO  ipc.Server (Server.java:run(1153)) - IPC Server listener on 36533: starting
2019-10-15 03:21:47,945 [IPC Server Responder] INFO  ipc.Server (Server.java:run(1314)) - IPC Server Responder: starting
2019-10-15 03:21:47,949 [main] INFO  hdfs.DFSUtil (DFSUtil.java:httpServerTemplateForNNAndJN(1641)) - Starting Web-server for ozoneManager at: http://0.0.0.0:0
2019-10-15 03:21:47,950 [main] INFO  server.AuthenticationFilter (AuthenticationFilter.java:constructSecretProvider(240)) - Unable to initialize FileSignerSecretProvider, falling back to use random secrets.
2019-10-15 03:21:47,950 [main] WARN  http.HttpRequestLog (HttpRequestLog.java:getRequestLog(97)) - Jetty request log can only be enabled using Log4j
2019-10-15 03:21:47,952 [main] INFO  http.HttpServer2 (HttpServer2.java:addGlobalFilter(975)) - Added global filter 'safety' (class=org.apache.hadoop.http.HttpServer2$QuotingInputFilter)
2019-10-15 03:21:47,953 [main] INFO  http.HttpServer2 (HttpServer2.java:addFilter(948)) - Added filter static_user_filter (class=org.apache.hadoop.http.lib.StaticUserWebFilter$StaticUserFilter) to context ozoneManager
2019-10-15 03:21:47,953 [main] INFO  http.HttpServer2 (HttpServer2.java:addFilter(958)) - Added filter static_user_filter (class=org.apache.hadoop.http.lib.StaticUserWebFilter$StaticUserFilter) to context logs
2019-10-15 03:21:47,953 [main] INFO  http.HttpServer2 (HttpServer2.java:addFilter(958)) - Added filter static_user_filter (class=org.apache.hadoop.http.lib.StaticUserWebFilter$StaticUserFilter) to context static
2019-10-15 03:21:47,954 [main] INFO  http.HttpServer2 (HttpServer2.java:bindListener(1191)) - Jetty bound to port 45642
2019-10-15 03:21:47,954 [main] INFO  server.Server (Server.java:doStart(351)) - jetty-9.3.25.v20180904, build timestamp: 2018-09-04T21:11:46Z, git hash: 3ce520221d0240229c862b122d2b06c12a625732
2019-10-15 03:21:47,956 [main] INFO  handler.ContextHandler (ContextHandler.java:doStart(781)) - Started o.e.j.s.ServletContextHandler@69796bd0{/logs,file:///workdir/hadoop-ozone/integration-test/target/log,AVAILABLE}
2019-10-15 03:21:47,956 [main] INFO  handler.ContextHandler (ContextHandler.java:doStart(781)) - Started o.e.j.s.ServletContextHandler@8c0a23f{/static,file:///workdir/hadoop-ozone/integration-test/target/test-classes/webapps/static,AVAILABLE}
2019-10-15 03:21:47,960 [main] INFO  handler.ContextHandler (ContextHandler.java:doStart(781)) - Started o.e.j.w.WebAppContext@60b5e80d{/,file:///workdir/hadoop-ozone/integration-test/target/test-classes/webapps/ozoneManager/,AVAILABLE}{/ozoneManager}
2019-10-15 03:21:47,960 [main] INFO  server.AbstractConnector (AbstractConnector.java:doStart(278)) - Started ServerConnector@46394f65{HTTP/1.1,[http/1.1]}{0.0.0.0:45642}
2019-10-15 03:21:47,963 [main] INFO  server.Server (Server.java:doStart(419)) - Started @174105ms
2019-10-15 03:21:47,963 [Thread-9868] INFO  impl.FollowerState (FollowerState.java:run(108)) - 4c6a16c4-95d2-4ef7-9fc0-4f57ccbd9967@group-5FF82F29B6C0-FollowerState: change to CANDIDATE, lastRpcTime:102ms, electionTimeout:102ms
2019-10-15 03:21:47,963 [main] WARN  impl.MetricsSystemImpl (MetricsSystemImpl.java:register(276)) - Sink prometheus already exists!
2019-10-15 03:21:47,963 [Thread-9868] INFO  impl.RoleInfo (RoleInfo.java:shutdownFollowerState(121)) - 4c6a16c4-95d2-4ef7-9fc0-4f57ccbd9967: shutdown FollowerState
2019-10-15 03:21:47,963 [Thread-9868] INFO  impl.RaftServerImpl (RaftServerImpl.java:setRole(184)) - 4c6a16c4-95d2-4ef7-9fc0-4f57ccbd9967@group-5FF82F29B6C0: changes role from  FOLLOWER to CANDIDATE at term 1256 for changeToCandidate
2019-10-15 03:21:47,964 [Thread-9868] ERROR ratis.XceiverServerRatis (XceiverServerRatis.java:triggerPipelineClose(582)) - pipeline Action CLOSE  on pipeline PipelineID=e4bf9835-e697-42f6-b211-5ff82f29b6c0.Reason : 4c6a16c4-95d2-4ef7-9fc0-4f57ccbd9967 is in candidate state for 162863ms
2019-10-15 03:21:47,964 [Thread-9868] INFO  impl.RoleInfo (RoleInfo.java:updateAndGet(143)) - 4c6a16c4-95d2-4ef7-9fc0-4f57ccbd9967: start LeaderElection
2019-10-15 03:21:47,964 [main] INFO  server.BaseHttpServer (BaseHttpServer.java:updateConnectorAddress(215)) - HTTP server of OZONEMANAGER is listening at http://0.0.0.0:45642
2019-10-15 03:21:47,979 [4c6a16c4-95d2-4ef7-9fc0-4f57ccbd9967@group-5FF82F29B6C0-LeaderElection1206] INFO  impl.LeaderElection (LeaderElection.java:askForVotes(178)) - 4c6a16c4-95d2-4ef7-9fc0-4f57ccbd9967@group-5FF82F29B6C0-LeaderElection1206: begin an election at term 1257 for -1: [4c6a16c4-95d2-4ef7-9fc0-4f57ccbd9967:192.168.5.131:39112, 742c26a8-c271-430a-a05a-c8bba3fa6d96:192.168.5.131:42235, a910346c-1ee2-4cdc-a6d8-644a3a4f0b7f:192.168.5.131:38193], old=null
2019-10-15 03:21:47,980 [grpc-default-executor-4] INFO  impl.RaftServerImpl (RaftServerImpl.java:setRole(184)) - 742c26a8-c271-430a-a05a-c8bba3fa6d96@group-5FF82F29B6C0: changes role from  FOLLOWER to FOLLOWER at term 1257 for recognizeCandidate:4c6a16c4-95d2-4ef7-9fc0-4f57ccbd9967
2019-10-15 03:21:47,980 [grpc-default-executor-8] INFO  impl.RaftServerImpl (RaftServerImpl.java:setRole(184)) - a910346c-1ee2-4cdc-a6d8-644a3a4f0b7f@group-5FF82F29B6C0: changes role from  FOLLOWER to FOLLOWER at term 1257 for recognizeCandidate:4c6a16c4-95d2-4ef7-9fc0-4f57ccbd9967
2019-10-15 03:21:47,980 [grpc-default-executor-8] INFO  impl.RoleInfo (RoleInfo.java:shutdownFollowerState(121)) - a910346c-1ee2-4cdc-a6d8-644a3a4f0b7f: shutdown FollowerState
2019-10-15 03:21:47,980 [grpc-default-executor-4] INFO  impl.RoleInfo (RoleInfo.java:shutdownFollowerState(121)) - 742c26a8-c271-430a-a05a-c8bba3fa6d96: shutdown FollowerState
2019-10-15 03:21:47,981 [Thread-9866] INFO  impl.FollowerState (FollowerState.java:run(117)) - a910346c-1ee2-4cdc-a6d8-644a3a4f0b7f@group-5FF82F29B6C0-FollowerState was interrupted: java.lang.InterruptedException: sleep interrupted
2019-10-15 03:21:47,981 [grpc-default-executor-8] INFO  impl.RoleInfo (RoleInfo.java:updateAndGet(143)) - a910346c-1ee2-4cdc-a6d8-644a3a4f0b7f: start FollowerState
2019-10-15 03:21:47,981 [grpc-default-executor-4] INFO  impl.RoleInfo (RoleInfo.java:updateAndGet(143)) - 742c26a8-c271-430a-a05a-c8bba3fa6d96: start FollowerState
2019-10-15 03:21:47,981 [Thread-9867] INFO  impl.FollowerState (FollowerState.java:run(117)) - 742c26a8-c271-430a-a05a-c8bba3fa6d96@group-5FF82F29B6C0-FollowerState was interrupted: java.lang.InterruptedException: sleep interrupted
2019-10-15 03:21:47,982 [main] INFO  impl.MetricsSystemImpl (MetricsSystemImpl.java:init(158)) - HddsDatanode metrics system started (again)
2019-10-15 03:21:47,984 [EventQueue-PipelineActionsForPipelineActionHandler] ERROR pipeline.PipelineActionHandler (PipelineActionHandler.java:onMessage(60)) - Received pipeline action CLOSE for Pipeline[ Id: e4bf9835-e697-42f6-b211-5ff82f29b6c0, Nodes: a910346c-1ee2-4cdc-a6d8-644a3a4f0b7f{ip: 192.168.5.131, host: pr-hdds-2305-c92ks-1629580955, networkLocation: /default-rack, certSerialId: null}742c26a8-c271-430a-a05a-c8bba3fa6d96{ip: 192.168.5.131, host: pr-hdds-2305-c92ks-1629580955, networkLocation: /default-rack, certSerialId: null}4c6a16c4-95d2-4ef7-9fc0-4f57ccbd9967{ip: 192.168.5.131, host: pr-hdds-2305-c92ks-1629580955, networkLocation: /default-rack, certSerialId: null}, Type:RATIS, Factor:THREE, State:CLOSED] from datanode 4c6a16c4-95d2-4ef7-9fc0-4f57ccbd9967{ip: 192.168.5.131, host: pr-hdds-2305-c92ks-1629580955, networkLocation: /default-rack, certSerialId: null}. Reason : 4c6a16c4-95d2-4ef7-9fc0-4f57ccbd9967 is in candidate state for 161907ms
2019-10-15 03:21:47,984 [EventQueue-PipelineActionsForPipelineActionHandler] INFO  pipeline.SCMPipelineManager (SCMPipelineManager.java:finalizeAndDestroyPipeline(315)) - destroying pipeline:Pipeline[ Id: e4bf9835-e697-42f6-b211-5ff82f29b6c0, Nodes: a910346c-1ee2-4cdc-a6d8-644a3a4f0b7f{ip: 192.168.5.131, host: pr-hdds-2305-c92ks-1629580955, networkLocation: /default-rack, certSerialId: null}742c26a8-c271-430a-a05a-c8bba3fa6d96{ip: 192.168.5.131, host: pr-hdds-2305-c92ks-1629580955, networkLocation: /default-rack, certSerialId: null}4c6a16c4-95d2-4ef7-9fc0-4f57ccbd9967{ip: 192.168.5.131, host: pr-hdds-2305-c92ks-1629580955, networkLocation: /default-rack, certSerialId: null}, Type:RATIS, Factor:THREE, State:CLOSED]
2019-10-15 03:21:48,017 [4c6a16c4-95d2-4ef7-9fc0-4f57ccbd9967@group-5FF82F29B6C0-LeaderElection1206] INFO  impl.LeaderElection (LeaderElection.java:logAndReturn(56)) - 4c6a16c4-95d2-4ef7-9fc0-4f57ccbd9967@group-5FF82F29B6C0-LeaderElection1206: Election REJECTED; received 2 response(s) [4c6a16c4-95d2-4ef7-9fc0-4f57ccbd9967<-742c26a8-c271-430a-a05a-c8bba3fa6d96#0:FAIL-t1257, 4c6a16c4-95d2-4ef7-9fc0-4f57ccbd9967<-a910346c-1ee2-4cdc-a6d8-644a3a4f0b7f#0:FAIL-t1257] and 0 exception(s); 4c6a16c4-95d2-4ef7-9fc0-4f57ccbd9967@group-5FF82F29B6C0:t1257, leader=null, voted=4c6a16c4-95d2-4ef7-9fc0-4f57ccbd9967, raftlog=4c6a16c4-95d2-4ef7-9fc0-4f57ccbd9967@group-5FF82F29B6C0-SegmentedRaftLog:OPENED:c-1,f-1,i0, conf=-1: [4c6a16c4-95d2-4ef7-9fc0-4f57ccbd9967:192.168.5.131:39112, 742c26a8-c271-430a-a05a-c8bba3fa6d96:192.168.5.131:42235, a910346c-1ee2-4cdc-a6d8-644a3a4f0b7f:192.168.5.131:38193], old=null
2019-10-15 03:21:48,017 [4c6a16c4-95d2-4ef7-9fc0-4f57ccbd9967@group-5FF82F29B6C0-LeaderElection1206] INFO  impl.RaftServerImpl (RaftServerImpl.java:setRole(184)) - 4c6a16c4-95d2-4ef7-9fc0-4f57ccbd9967@group-5FF82F29B6C0: changes role from CANDIDATE to FOLLOWER at term 1257 for DISCOVERED_A_NEW_TERM
2019-10-15 03:21:48,017 [4c6a16c4-95d2-4ef7-9fc0-4f57ccbd9967@group-5FF82F29B6C0-LeaderElection1206] INFO  impl.RoleInfo (RoleInfo.java:shutdownLeaderElection(134)) - 4c6a16c4-95d2-4ef7-9fc0-4f57ccbd9967: shutdown LeaderElection
2019-10-15 03:21:48,017 [4c6a16c4-95d2-4ef7-9fc0-4f57ccbd9967@group-5FF82F29B6C0-LeaderElection1206] INFO  impl.RoleInfo (RoleInfo.java:updateAndGet(143)) - 4c6a16c4-95d2-4ef7-9fc0-4f57ccbd9967: start FollowerState
2019-10-15 03:21:48,019 [main] INFO  ozone.HddsDatanodeService (HddsDatanodeService.java:start(184)) - HddsDatanodeService host:pr-hdds-2305-c92ks-1629580955 ip:192.168.5.131
2019-10-15 03:21:48,029 [main] INFO  volume.HddsVolume (HddsVolume.java:<init>(176)) - Creating Volume: /workdir/hadoop-ozone/integration-test/target/test-dir/MiniOzoneClusterImpl-0445134e-5ee1-47c2-9f3a-343f5ba53be4/datanode-0/data/containers/hdds of  storage type : DISK and capacity : 1482555576320
2019-10-15 03:21:48,029 [main] INFO  volume.VolumeSet (VolumeSet.java:initializeVolumeSet(170)) - Added Volume : /workdir/hadoop-ozone/integration-test/target/test-dir/MiniOzoneClusterImpl-0445134e-5ee1-47c2-9f3a-343f5ba53be4/datanode-0/data/containers/hdds to VolumeSet
2019-10-15 03:21:48,029 [main] INFO  volume.ThrottledAsyncChecker (ThrottledAsyncChecker.java:schedule(141)) - Scheduling a check for org.apache.hadoop.ozone.container.common.volume.HddsVolume@58b311ba
2019-10-15 03:21:48,030 [main] INFO  volume.HddsVolumeChecker (HddsVolumeChecker.java:checkAllVolumes(204)) - Scheduled health check for volume org.apache.hadoop.ozone.container.common.volume.HddsVolume@58b311ba
2019-10-15 03:21:48,043 [main] INFO  impl.RaftServerProxy (ConfUtils.java:logGet(43)) - raft.rpc.type = GRPC (default)
2019-10-15 03:21:48,043 [main] INFO  grpc.GrpcFactory (GrpcFactory.java:checkPooledByteBufAllocatorUseCacheForAllThreads(45)) - PERFORMANCE WARNING: useCacheForAllThreads is true that may cause Netty to create a lot garbage objects and, as a result, trigger GC.
	It is recommended to disable useCacheForAllThreads by setting -Dorg.apache.ratis.thirdparty.io.netty.allocator.useCacheForAllThreads=false in command line.
2019-10-15 03:21:48,044 [main] INFO  grpc.GrpcConfigKeys$Server (ConfUtils.java:logGet(43)) - raft.grpc.server.port = 0 (default)
2019-10-15 03:21:48,044 [main] INFO  server.GrpcService (ConfUtils.java:logGet(43)) - raft.grpc.message.size.max = 33570816 (custom)
2019-10-15 03:21:48,044 [main] INFO  server.RaftServerConfigKeys (ConfUtils.java:logGet(43)) - raft.server.log.appender.buffer.byte-limit = 33554432 (custom)
2019-10-15 03:21:48,044 [main] INFO  server.GrpcService (ConfUtils.java:logGet(43)) - raft.grpc.flow.control.window = 1MB (=1048576) (default)
2019-10-15 03:21:48,044 [main] INFO  server.RaftServerConfigKeys (ConfUtils.java:logGet(43)) - raft.server.rpc.request.timeout = 3000ms (default)
2019-10-15 03:21:48,045 [main] INFO  server.RaftServerConfigKeys (ConfUtils.java:logGet(43)) - raft.server.storage.dir = [/workdir/hadoop-ozone/integration-test/target/test-dir/MiniOzoneClusterImpl-0445134e-5ee1-47c2-9f3a-343f5ba53be4/datanode-0/data/ratis] (custom)
2019-10-15 03:21:48,046 [main] INFO  hdfs.DFSUtil (DFSUtil.java:httpServerTemplateForNNAndJN(1641)) - Starting Web-server for hddsDatanode at: http://0.0.0.0:0
2019-10-15 03:21:48,048 [main] INFO  server.AuthenticationFilter (AuthenticationFilter.java:constructSecretProvider(240)) - Unable to initialize FileSignerSecretProvider, falling back to use random secrets.
2019-10-15 03:21:48,048 [main] WARN  http.HttpRequestLog (HttpRequestLog.java:getRequestLog(97)) - Jetty request log can only be enabled using Log4j
2019-10-15 03:21:48,050 [main] INFO  http.HttpServer2 (HttpServer2.java:addGlobalFilter(975)) - Added global filter 'safety' (class=org.apache.hadoop.http.HttpServer2$QuotingInputFilter)
2019-10-15 03:21:48,050 [main] INFO  http.HttpServer2 (HttpServer2.java:addFilter(948)) - Added filter static_user_filter (class=org.apache.hadoop.http.lib.StaticUserWebFilter$StaticUserFilter) to context hddsDatanode
2019-10-15 03:21:48,051 [main] INFO  http.HttpServer2 (HttpServer2.java:addFilter(958)) - Added filter static_user_filter (class=org.apache.hadoop.http.lib.StaticUserWebFilter$StaticUserFilter) to context static
2019-10-15 03:21:48,051 [main] INFO  http.HttpServer2 (HttpServer2.java:addFilter(958)) - Added filter static_user_filter (class=org.apache.hadoop.http.lib.StaticUserWebFilter$StaticUserFilter) to context logs
2019-10-15 03:21:48,052 [main] INFO  http.HttpServer2 (HttpServer2.java:bindListener(1191)) - Jetty bound to port 35528
2019-10-15 03:21:48,052 [main] INFO  server.Server (Server.java:doStart(351)) - jetty-9.3.25.v20180904, build timestamp: 2018-09-04T21:11:46Z, git hash: 3ce520221d0240229c862b122d2b06c12a625732
2019-10-15 03:21:48,053 [main] INFO  handler.ContextHandler (ContextHandler.java:doStart(781)) - Started o.e.j.s.ServletContextHandler@41e9f86{/logs,file:///workdir/hadoop-ozone/integration-test/target/log,AVAILABLE}
2019-10-15 03:21:48,054 [main] INFO  handler.ContextHandler (ContextHandler.java:doStart(781)) - Started o.e.j.s.ServletContextHandler@233f52f8{/static,jar:file:/home/user/.m2/repository/org/apache/hadoop/hadoop-hdds-container-service/0.5.0-SNAPSHOT/hadoop-hdds-container-service-0.5.0-SNAPSHOT.jar!/webapps/static,AVAILABLE}
2019-10-15 03:21:48,084 [Thread-9909] INFO  impl.FollowerState (FollowerState.java:run(108)) - 4c6a16c4-95d2-4ef7-9fc0-4f57ccbd9967@group-5FF82F29B6C0-FollowerState: change to CANDIDATE, lastRpcTime:66ms, electionTimeout:66ms
2019-10-15 03:21:48,084 [Thread-9909] INFO  impl.RoleInfo (RoleInfo.java:shutdownFollowerState(121)) - 4c6a16c4-95d2-4ef7-9fc0-4f57ccbd9967: shutdown FollowerState
2019-10-15 03:21:48,084 [Thread-9909] INFO  impl.RaftServerImpl (RaftServerImpl.java:setRole(184)) - 4c6a16c4-95d2-4ef7-9fc0-4f57ccbd9967@group-5FF82F29B6C0: changes role from  FOLLOWER to CANDIDATE at term 1257 for changeToCandidate
2019-10-15 03:21:48,084 [Thread-9909] ERROR ratis.XceiverServerRatis (XceiverServerRatis.java:triggerPipelineClose(582)) - pipeline Action CLOSE  on pipeline PipelineID=e4bf9835-e697-42f6-b211-5ff82f29b6c0.Reason : 4c6a16c4-95d2-4ef7-9fc0-4f57ccbd9967 is in candidate state for 162983ms
2019-10-15 03:21:48,084 [Thread-9909] INFO  impl.RoleInfo (RoleInfo.java:updateAndGet(143)) - 4c6a16c4-95d2-4ef7-9fc0-4f57ccbd9967: start LeaderElection
2019-10-15 03:21:48,089 [main] INFO  handler.ContextHandler (ContextHandler.java:doStart(781)) - Started o.e.j.w.WebAppContext@7f3c0399{/,file:///tmp/jetty-0.0.0.0-35528-hddsDatanode-_-any-4893028711707435572.dir/webapp/,AVAILABLE}{/hddsDatanode}
2019-10-15 03:21:48,089 [main] INFO  server.AbstractConnector (AbstractConnector.java:doStart(278)) - Started ServerConnector@183fc2fa{HTTP/1.1,[http/1.1]}{0.0.0.0:35528}
2019-10-15 03:21:48,092 [main] INFO  server.Server (Server.java:doStart(419)) - Started @174234ms
2019-10-15 03:21:48,093 [main] WARN  impl.MetricsSystemImpl (MetricsSystemImpl.java:register(276)) - Sink prometheus already exists!
2019-10-15 03:21:48,093 [main] INFO  server.BaseHttpServer (BaseHttpServer.java:updateConnectorAddress(215)) - HTTP server of HDDSDATANODE is listening at http://0.0.0.0:35528
2019-10-15 03:21:48,093 [main] INFO  impl.MetricsSystemImpl (MetricsSystemImpl.java:init(158)) - HddsDatanode metrics system started (again)
2019-10-15 03:21:48,101 [4c6a16c4-95d2-4ef7-9fc0-4f57ccbd9967@group-5FF82F29B6C0-LeaderElection1207] INFO  impl.LeaderElection (LeaderElection.java:askForVotes(178)) - 4c6a16c4-95d2-4ef7-9fc0-4f57ccbd9967@group-5FF82F29B6C0-LeaderElection1207: begin an election at term 1258 for -1: [4c6a16c4-95d2-4ef7-9fc0-4f57ccbd9967:192.168.5.131:39112, 742c26a8-c271-430a-a05a-c8bba3fa6d96:192.168.5.131:42235, a910346c-1ee2-4cdc-a6d8-644a3a4f0b7f:192.168.5.131:38193], old=null
2019-10-15 03:21:48,122 [org.apache.hadoop.util.JvmPauseMonitor$Monitor@49f93a2f] INFO  util.JvmPauseMonitor (JvmPauseMonitor.java:run(188)) - Starting JVM pause monitor
2019-10-15 03:21:48,122 [grpc-default-executor-4] INFO  impl.RaftServerImpl (RaftServerImpl.java:setRole(184)) - 742c26a8-c271-430a-a05a-c8bba3fa6d96@group-5FF82F29B6C0: changes role from  FOLLOWER to FOLLOWER at term 1258 for recognizeCandidate:4c6a16c4-95d2-4ef7-9fc0-4f57ccbd9967
2019-10-15 03:21:48,123 [grpc-default-executor-4] INFO  impl.RoleInfo (RoleInfo.java:shutdownFollowerState(121)) - 742c26a8-c271-430a-a05a-c8bba3fa6d96: shutdown FollowerState
2019-10-15 03:21:48,123 [grpc-default-executor-4] INFO  impl.RoleInfo (RoleInfo.java:updateAndGet(143)) - 742c26a8-c271-430a-a05a-c8bba3fa6d96: start FollowerState
2019-10-15 03:21:48,123 [Thread-9908] INFO  impl.FollowerState (FollowerState.java:run(117)) - 742c26a8-c271-430a-a05a-c8bba3fa6d96@group-5FF82F29B6C0-FollowerState was interrupted: java.lang.InterruptedException: sleep interrupted
2019-10-15 03:21:48,123 [grpc-default-executor-8] INFO  impl.RaftServerImpl (RaftServerImpl.java:setRole(184)) - a910346c-1ee2-4cdc-a6d8-644a3a4f0b7f@group-5FF82F29B6C0: changes role from  FOLLOWER to FOLLOWER at term 1258 for recognizeCandidate:4c6a16c4-95d2-4ef7-9fc0-4f57ccbd9967
2019-10-15 03:21:48,123 [grpc-default-executor-8] INFO  impl.RoleInfo (RoleInfo.java:shutdownFollowerState(121)) - a910346c-1ee2-4cdc-a6d8-644a3a4f0b7f: shutdown FollowerState
2019-10-15 03:21:48,123 [grpc-default-executor-8] INFO  impl.RoleInfo (RoleInfo.java:updateAndGet(143)) - a910346c-1ee2-4cdc-a6d8-644a3a4f0b7f: start FollowerState
2019-10-15 03:21:48,123 [Thread-9907] INFO  impl.FollowerState (FollowerState.java:run(117)) - a910346c-1ee2-4cdc-a6d8-644a3a4f0b7f@group-5FF82F29B6C0-FollowerState was interrupted: java.lang.InterruptedException: sleep interrupted
2019-10-15 03:21:48,123 [main] INFO  ozone.HddsDatanodeService (HddsDatanodeService.java:start(184)) - HddsDatanodeService host:pr-hdds-2305-c92ks-1629580955 ip:192.168.5.131
2019-10-15 03:21:48,124 [Datanode State Machine Thread - 0] INFO  datanode.InitDatanodeState (InitDatanodeState.java:persistContainerDatanodeDetails(140)) - DatanodeDetails is persisted to /workdir/hadoop-ozone/integration-test/target/test-dir/MiniOzoneClusterImpl-0445134e-5ee1-47c2-9f3a-343f5ba53be4/datanode-0/meta/datanode.id
2019-10-15 03:21:48,133 [main] INFO  volume.HddsVolume (HddsVolume.java:<init>(176)) - Creating Volume: /workdir/hadoop-ozone/integration-test/target/test-dir/MiniOzoneClusterImpl-0445134e-5ee1-47c2-9f3a-343f5ba53be4/datanode-1/data/containers/hdds of  storage type : DISK and capacity : 1482555576320
2019-10-15 03:21:48,133 [main] INFO  volume.VolumeSet (VolumeSet.java:initializeVolumeSet(170)) - Added Volume : /workdir/hadoop-ozone/integration-test/target/test-dir/MiniOzoneClusterImpl-0445134e-5ee1-47c2-9f3a-343f5ba53be4/datanode-1/data/containers/hdds to VolumeSet
2019-10-15 03:21:48,134 [main] INFO  volume.ThrottledAsyncChecker (ThrottledAsyncChecker.java:schedule(141)) - Scheduling a check for org.apache.hadoop.ozone.container.common.volume.HddsVolume@7d66e544
2019-10-15 03:21:48,134 [main] INFO  volume.HddsVolumeChecker (HddsVolumeChecker.java:checkAllVolumes(204)) - Scheduled health check for volume org.apache.hadoop.ozone.container.common.volume.HddsVolume@7d66e544
2019-10-15 03:21:48,143 [4c6a16c4-95d2-4ef7-9fc0-4f57ccbd9967@group-5FF82F29B6C0-LeaderElection1207] INFO  impl.LeaderElection (LeaderElection.java:logAndReturn(56)) - 4c6a16c4-95d2-4ef7-9fc0-4f57ccbd9967@group-5FF82F29B6C0-LeaderElection1207: Election REJECTED; received 2 response(s) [4c6a16c4-95d2-4ef7-9fc0-4f57ccbd9967<-742c26a8-c271-430a-a05a-c8bba3fa6d96#0:FAIL-t1258, 4c6a16c4-95d2-4ef7-9fc0-4f57ccbd9967<-a910346c-1ee2-4cdc-a6d8-644a3a4f0b7f#0:FAIL-t1258] and 0 exception(s); 4c6a16c4-95d2-4ef7-9fc0-4f57ccbd9967@group-5FF82F29B6C0:t1258, leader=null, voted=4c6a16c4-95d2-4ef7-9fc0-4f57ccbd9967, raftlog=4c6a16c4-95d2-4ef7-9fc0-4f57ccbd9967@group-5FF82F29B6C0-SegmentedRaftLog:OPENED:c-1,f-1,i0, conf=-1: [4c6a16c4-95d2-4ef7-9fc0-4f57ccbd9967:192.168.5.131:39112, 742c26a8-c271-430a-a05a-c8bba3fa6d96:192.168.5.131:42235, a910346c-1ee2-4cdc-a6d8-644a3a4f0b7f:192.168.5.131:38193], old=null
2019-10-15 03:21:48,144 [4c6a16c4-95d2-4ef7-9fc0-4f57ccbd9967@group-5FF82F29B6C0-LeaderElection1207] INFO  impl.RaftServerImpl (RaftServerImpl.java:setRole(184)) - 4c6a16c4-95d2-4ef7-9fc0-4f57ccbd9967@group-5FF82F29B6C0: changes role from CANDIDATE to FOLLOWER at term 1258 for DISCOVERED_A_NEW_TERM
2019-10-15 03:21:48,144 [4c6a16c4-95d2-4ef7-9fc0-4f57ccbd9967@group-5FF82F29B6C0-LeaderElection1207] INFO  impl.RoleInfo (RoleInfo.java:shutdownLeaderElection(134)) - 4c6a16c4-95d2-4ef7-9fc0-4f57ccbd9967: shutdown LeaderElection
2019-10-15 03:21:48,144 [4c6a16c4-95d2-4ef7-9fc0-4f57ccbd9967@group-5FF82F29B6C0-LeaderElection1207] INFO  impl.RoleInfo (RoleInfo.java:updateAndGet(143)) - 4c6a16c4-95d2-4ef7-9fc0-4f57ccbd9967: start FollowerState
2019-10-15 03:21:48,155 [main] INFO  impl.RaftServerProxy (ConfUtils.java:logGet(43)) - raft.rpc.type = GRPC (default)
2019-10-15 03:21:48,155 [main] INFO  grpc.GrpcFactory (GrpcFactory.java:checkPooledByteBufAllocatorUseCacheForAllThreads(45)) - PERFORMANCE WARNING: useCacheForAllThreads is true that may cause Netty to create a lot garbage objects and, as a result, trigger GC.
	It is recommended to disable useCacheForAllThreads by setting -Dorg.apache.ratis.thirdparty.io.netty.allocator.useCacheForAllThreads=false in command line.
2019-10-15 03:21:48,155 [main] INFO  grpc.GrpcConfigKeys$Server (ConfUtils.java:logGet(43)) - raft.grpc.server.port = 0 (default)
2019-10-15 03:21:48,155 [main] INFO  server.GrpcService (ConfUtils.java:logGet(43)) - raft.grpc.message.size.max = 33570816 (custom)
2019-10-15 03:21:48,155 [main] INFO  server.RaftServerConfigKeys (ConfUtils.java:logGet(43)) - raft.server.log.appender.buffer.byte-limit = 33554432 (custom)
2019-10-15 03:21:48,156 [main] INFO  server.GrpcService (ConfUtils.java:logGet(43)) - raft.grpc.flow.control.window = 1MB (=1048576) (default)
2019-10-15 03:21:48,156 [main] INFO  server.RaftServerConfigKeys (ConfUtils.java:logGet(43)) - raft.server.rpc.request.timeout = 3000ms (default)
2019-10-15 03:21:48,156 [main] INFO  server.RaftServerConfigKeys (ConfUtils.java:logGet(43)) - raft.server.storage.dir = [/workdir/hadoop-ozone/integration-test/target/test-dir/MiniOzoneClusterImpl-0445134e-5ee1-47c2-9f3a-343f5ba53be4/datanode-1/data/ratis] (custom)
2019-10-15 03:21:48,157 [main] INFO  hdfs.DFSUtil (DFSUtil.java:httpServerTemplateForNNAndJN(1641)) - Starting Web-server for hddsDatanode at: http://0.0.0.0:0
2019-10-15 03:21:48,158 [main] INFO  server.AuthenticationFilter (AuthenticationFilter.java:constructSecretProvider(240)) - Unable to initialize FileSignerSecretProvider, falling back to use random secrets.
2019-10-15 03:21:48,158 [main] WARN  http.HttpRequestLog (HttpRequestLog.java:getRequestLog(97)) - Jetty request log can only be enabled using Log4j
2019-10-15 03:21:48,160 [main] INFO  http.HttpServer2 (HttpServer2.java:addGlobalFilter(975)) - Added global filter 'safety' (class=org.apache.hadoop.http.HttpServer2$QuotingInputFilter)
2019-10-15 03:21:48,160 [main] INFO  http.HttpServer2 (HttpServer2.java:addFilter(948)) - Added filter static_user_filter (class=org.apache.hadoop.http.lib.StaticUserWebFilter$StaticUserFilter) to context hddsDatanode
2019-10-15 03:21:48,160 [main] INFO  http.HttpServer2 (HttpServer2.java:addFilter(958)) - Added filter static_user_filter (class=org.apache.hadoop.http.lib.StaticUserWebFilter$StaticUserFilter) to context logs
2019-10-15 03:21:48,160 [main] INFO  http.HttpServer2 (HttpServer2.java:addFilter(958)) - Added filter static_user_filter (class=org.apache.hadoop.http.lib.StaticUserWebFilter$StaticUserFilter) to context static
2019-10-15 03:21:48,161 [main] INFO  http.HttpServer2 (HttpServer2.java:bindListener(1191)) - Jetty bound to port 37226
2019-10-15 03:21:48,161 [main] INFO  server.Server (Server.java:doStart(351)) - jetty-9.3.25.v20180904, build timestamp: 2018-09-04T21:11:46Z, git hash: 3ce520221d0240229c862b122d2b06c12a625732
2019-10-15 03:21:48,162 [main] INFO  handler.ContextHandler (ContextHandler.java:doStart(781)) - Started o.e.j.s.ServletContextHandler@1e6060f1{/logs,file:///workdir/hadoop-ozone/integration-test/target/log,AVAILABLE}
2019-10-15 03:21:48,163 [main] INFO  handler.ContextHandler (ContextHandler.java:doStart(781)) - Started o.e.j.s.ServletContextHandler@2c6c302f{/static,jar:file:/home/user/.m2/repository/org/apache/hadoop/hadoop-hdds-container-service/0.5.0-SNAPSHOT/hadoop-hdds-container-service-0.5.0-SNAPSHOT.jar!/webapps/static,AVAILABLE}
2019-10-15 03:21:48,191 [main] INFO  handler.ContextHandler (ContextHandler.java:doStart(781)) - Started o.e.j.w.WebAppContext@5b02a984{/,file:///tmp/jetty-0.0.0.0-37226-hddsDatanode-_-any-2697527797320790515.dir/webapp/,AVAILABLE}{/hddsDatanode}
2019-10-15 03:21:48,191 [main] INFO  server.AbstractConnector (AbstractConnector.java:doStart(278)) - Started ServerConnector@57186526{HTTP/1.1,[http/1.1]}{0.0.0.0:37226}
2019-10-15 03:21:48,195 [main] INFO  server.Server (Server.java:doStart(419)) - Started @174337ms
2019-10-15 03:21:48,195 [main] WARN  impl.MetricsSystemImpl (MetricsSystemImpl.java:register(276)) - Sink prometheus already exists!
2019-10-15 03:21:48,196 [main] INFO  server.BaseHttpServer (BaseHttpServer.java:updateConnectorAddress(215)) - HTTP server of HDDSDATANODE is listening at http://0.0.0.0:37226
2019-10-15 03:21:48,196 [main] INFO  impl.MetricsSystemImpl (MetricsSystemImpl.java:init(158)) - HddsDatanode metrics system started (again)
2019-10-15 03:21:48,228 [org.apache.hadoop.util.JvmPauseMonitor$Monitor@51a8de53] INFO  util.JvmPauseMonitor (JvmPauseMonitor.java:run(188)) - Starting JVM pause monitor
2019-10-15 03:21:48,230 [Datanode State Machine Thread - 0] INFO  datanode.InitDatanodeState (InitDatanodeState.java:persistContainerDatanodeDetails(140)) - DatanodeDetails is persisted to /workdir/hadoop-ozone/integration-test/target/test-dir/MiniOzoneClusterImpl-0445134e-5ee1-47c2-9f3a-343f5ba53be4/datanode-1/meta/datanode.id
2019-10-15 03:21:48,230 [main] INFO  ozone.HddsDatanodeService (HddsDatanodeService.java:start(184)) - HddsDatanodeService host:pr-hdds-2305-c92ks-1629580955 ip:192.168.5.131
2019-10-15 03:21:48,239 [Thread-9932] INFO  impl.FollowerState (FollowerState.java:run(108)) - 4c6a16c4-95d2-4ef7-9fc0-4f57ccbd9967@group-5FF82F29B6C0-FollowerState: change to CANDIDATE, lastRpcTime:95ms, electionTimeout:93ms
2019-10-15 03:21:48,242 [main] INFO  volume.HddsVolume (HddsVolume.java:<init>(176)) - Creating Volume: /workdir/hadoop-ozone/integration-test/target/test-dir/MiniOzoneClusterImpl-0445134e-5ee1-47c2-9f3a-343f5ba53be4/datanode-2/data/containers/hdds of  storage type : DISK and capacity : 1482555576320
2019-10-15 03:21:48,242 [Thread-9932] INFO  impl.RoleInfo (RoleInfo.java:shutdownFollowerState(121)) - 4c6a16c4-95d2-4ef7-9fc0-4f57ccbd9967: shutdown FollowerState
2019-10-15 03:21:48,243 [main] INFO  volume.VolumeSet (VolumeSet.java:initializeVolumeSet(170)) - Added Volume : /workdir/hadoop-ozone/integration-test/target/test-dir/MiniOzoneClusterImpl-0445134e-5ee1-47c2-9f3a-343f5ba53be4/datanode-2/data/containers/hdds to VolumeSet
2019-10-15 03:21:48,243 [Thread-9932] INFO  impl.RaftServerImpl (RaftServerImpl.java:setRole(184)) - 4c6a16c4-95d2-4ef7-9fc0-4f57ccbd9967@group-5FF82F29B6C0: changes role from  FOLLOWER to CANDIDATE at term 1258 for changeToCandidate
2019-10-15 03:21:48,243 [main] INFO  volume.ThrottledAsyncChecker (ThrottledAsyncChecker.java:schedule(141)) - Scheduling a check for org.apache.hadoop.ozone.container.common.volume.HddsVolume@2a8dd942
2019-10-15 03:21:48,243 [Thread-9932] ERROR ratis.XceiverServerRatis (XceiverServerRatis.java:triggerPipelineClose(582)) - pipeline Action CLOSE  on pipeline PipelineID=e4bf9835-e697-42f6-b211-5ff82f29b6c0.Reason : 4c6a16c4-95d2-4ef7-9fc0-4f57ccbd9967 is in candidate state for 163142ms
2019-10-15 03:21:48,243 [Thread-9932] INFO  impl.RoleInfo (RoleInfo.java:updateAndGet(143)) - 4c6a16c4-95d2-4ef7-9fc0-4f57ccbd9967: start LeaderElection
2019-10-15 03:21:48,244 [main] INFO  volume.HddsVolumeChecker (HddsVolumeChecker.java:checkAllVolumes(204)) - Scheduled health check for volume org.apache.hadoop.ozone.container.common.volume.HddsVolume@2a8dd942
2019-10-15 03:21:48,272 [4c6a16c4-95d2-4ef7-9fc0-4f57ccbd9967@group-5FF82F29B6C0-LeaderElection1208] INFO  impl.LeaderElection (LeaderElection.java:askForVotes(178)) - 4c6a16c4-95d2-4ef7-9fc0-4f57ccbd9967@group-5FF82F29B6C0-LeaderElection1208: begin an election at term 1259 for -1: [4c6a16c4-95d2-4ef7-9fc0-4f57ccbd9967:192.168.5.131:39112, 742c26a8-c271-430a-a05a-c8bba3fa6d96:192.168.5.131:42235, a910346c-1ee2-4cdc-a6d8-644a3a4f0b7f:192.168.5.131:38193], old=null
2019-10-15 03:21:48,281 [grpc-default-executor-8] INFO  impl.RaftServerImpl (RaftServerImpl.java:setRole(184)) - 742c26a8-c271-430a-a05a-c8bba3fa6d96@group-5FF82F29B6C0: changes role from  FOLLOWER to FOLLOWER at term 1259 for recognizeCandidate:4c6a16c4-95d2-4ef7-9fc0-4f57ccbd9967
2019-10-15 03:21:48,281 [grpc-default-executor-8] INFO  impl.RoleInfo (RoleInfo.java:shutdownFollowerState(121)) - 742c26a8-c271-430a-a05a-c8bba3fa6d96: shutdown FollowerState
2019-10-15 03:21:48,281 [grpc-default-executor-4] INFO  impl.RaftServerImpl (RaftServerImpl.java:setRole(184)) - a910346c-1ee2-4cdc-a6d8-644a3a4f0b7f@group-5FF82F29B6C0: changes role from  FOLLOWER to FOLLOWER at term 1259 for recognizeCandidate:4c6a16c4-95d2-4ef7-9fc0-4f57ccbd9967
2019-10-15 03:21:48,281 [grpc-default-executor-4] INFO  impl.RoleInfo (RoleInfo.java:shutdownFollowerState(121)) - a910346c-1ee2-4cdc-a6d8-644a3a4f0b7f: shutdown FollowerState
2019-10-15 03:21:48,281 [Thread-9928] INFO  impl.FollowerState (FollowerState.java:run(117)) - 742c26a8-c271-430a-a05a-c8bba3fa6d96@group-5FF82F29B6C0-FollowerState was interrupted: java.lang.InterruptedException: sleep interrupted
2019-10-15 03:21:48,281 [grpc-default-executor-8] INFO  impl.RoleInfo (RoleInfo.java:updateAndGet(143)) - 742c26a8-c271-430a-a05a-c8bba3fa6d96: start FollowerState
2019-10-15 03:21:48,282 [Thread-9929] INFO  impl.FollowerState (FollowerState.java:run(117)) - a910346c-1ee2-4cdc-a6d8-644a3a4f0b7f@group-5FF82F29B6C0-FollowerState was interrupted: java.lang.InterruptedException: sleep interrupted
2019-10-15 03:21:48,282 [grpc-default-executor-4] INFO  impl.RoleInfo (RoleInfo.java:updateAndGet(143)) - a910346c-1ee2-4cdc-a6d8-644a3a4f0b7f: start FollowerState
2019-10-15 03:21:48,282 [main] INFO  impl.RaftServerProxy (ConfUtils.java:logGet(43)) - raft.rpc.type = GRPC (default)
2019-10-15 03:21:48,282 [main] INFO  grpc.GrpcFactory (GrpcFactory.java:checkPooledByteBufAllocatorUseCacheForAllThreads(45)) - PERFORMANCE WARNING: useCacheForAllThreads is true that may cause Netty to create a lot garbage objects and, as a result, trigger GC.
	It is recommended to disable useCacheForAllThreads by setting -Dorg.apache.ratis.thirdparty.io.netty.allocator.useCacheForAllThreads=false in command line.
2019-10-15 03:21:48,283 [main] INFO  grpc.GrpcConfigKeys$Server (ConfUtils.java:logGet(43)) - raft.grpc.server.port = 0 (default)
2019-10-15 03:21:48,283 [main] INFO  server.GrpcService (ConfUtils.java:logGet(43)) - raft.grpc.message.size.max = 33570816 (custom)
2019-10-15 03:21:48,283 [main] INFO  server.RaftServerConfigKeys (ConfUtils.java:logGet(43)) - raft.server.log.appender.buffer.byte-limit = 33554432 (custom)
2019-10-15 03:21:48,283 [main] INFO  server.GrpcService (ConfUtils.java:logGet(43)) - raft.grpc.flow.control.window = 1MB (=1048576) (default)
2019-10-15 03:21:48,284 [main] INFO  server.RaftServerConfigKeys (ConfUtils.java:logGet(43)) - raft.server.rpc.request.timeout = 3000ms (default)
2019-10-15 03:21:48,284 [main] INFO  server.RaftServerConfigKeys (ConfUtils.java:logGet(43)) - raft.server.storage.dir = [/workdir/hadoop-ozone/integration-test/target/test-dir/MiniOzoneClusterImpl-0445134e-5ee1-47c2-9f3a-343f5ba53be4/datanode-2/data/ratis] (custom)
2019-10-15 03:21:48,286 [main] INFO  hdfs.DFSUtil (DFSUtil.java:httpServerTemplateForNNAndJN(1641)) - Starting Web-server for hddsDatanode at: http://0.0.0.0:0
2019-10-15 03:21:48,287 [main] INFO  server.AuthenticationFilter (AuthenticationFilter.java:constructSecretProvider(240)) - Unable to initialize FileSignerSecretProvider, falling back to use random secrets.
2019-10-15 03:21:48,288 [main] WARN  http.HttpRequestLog (HttpRequestLog.java:getRequestLog(97)) - Jetty request log can only be enabled using Log4j
2019-10-15 03:21:48,289 [main] INFO  http.HttpServer2 (HttpServer2.java:addGlobalFilter(975)) - Added global filter 'safety' (class=org.apache.hadoop.http.HttpServer2$QuotingInputFilter)
2019-10-15 03:21:48,290 [main] INFO  http.HttpServer2 (HttpServer2.java:addFilter(948)) - Added filter static_user_filter (class=org.apache.hadoop.http.lib.StaticUserWebFilter$StaticUserFilter) to context hddsDatanode
2019-10-15 03:21:48,290 [main] INFO  http.HttpServer2 (HttpServer2.java:addFilter(958)) - Added filter static_user_filter (class=org.apache.hadoop.http.lib.StaticUserWebFilter$StaticUserFilter) to context static
2019-10-15 03:21:48,290 [main] INFO  http.HttpServer2 (HttpServer2.java:addFilter(958)) - Added filter static_user_filter (class=org.apache.hadoop.http.lib.StaticUserWebFilter$StaticUserFilter) to context logs
2019-10-15 03:21:48,291 [main] INFO  http.HttpServer2 (HttpServer2.java:bindListener(1191)) - Jetty bound to port 40831
2019-10-15 03:21:48,291 [main] INFO  server.Server (Server.java:doStart(351)) - jetty-9.3.25.v20180904, build timestamp: 2018-09-04T21:11:46Z, git hash: 3ce520221d0240229c862b122d2b06c12a625732
2019-10-15 03:21:48,292 [main] INFO  handler.ContextHandler (ContextHandler.java:doStart(781)) - Started o.e.j.s.ServletContextHandler@6ddd1c51{/logs,file:///workdir/hadoop-ozone/integration-test/target/log,AVAILABLE}
2019-10-15 03:21:48,293 [main] INFO  handler.ContextHandler (ContextHandler.java:doStart(781)) - Started o.e.j.s.ServletContextHandler@15605d83{/static,jar:file:/home/user/.m2/repository/org/apache/hadoop/hadoop-hdds-container-service/0.5.0-SNAPSHOT/hadoop-hdds-container-service-0.5.0-SNAPSHOT.jar!/webapps/static,AVAILABLE}
2019-10-15 03:21:48,301 [4c6a16c4-95d2-4ef7-9fc0-4f57ccbd9967@group-5FF82F29B6C0-LeaderElection1208] INFO  impl.LeaderElection (LeaderElection.java:logAndReturn(56)) - 4c6a16c4-95d2-4ef7-9fc0-4f57ccbd9967@group-5FF82F29B6C0-LeaderElection1208: Election REJECTED; received 2 response(s) [4c6a16c4-95d2-4ef7-9fc0-4f57ccbd9967<-742c26a8-c271-430a-a05a-c8bba3fa6d96#0:FAIL-t1259, 4c6a16c4-95d2-4ef7-9fc0-4f57ccbd9967<-a910346c-1ee2-4cdc-a6d8-644a3a4f0b7f#0:FAIL-t1259] and 0 exception(s); 4c6a16c4-95d2-4ef7-9fc0-4f57ccbd9967@group-5FF82F29B6C0:t1259, leader=null, voted=4c6a16c4-95d2-4ef7-9fc0-4f57ccbd9967, raftlog=4c6a16c4-95d2-4ef7-9fc0-4f57ccbd9967@group-5FF82F29B6C0-SegmentedRaftLog:OPENED:c-1,f-1,i0, conf=-1: [4c6a16c4-95d2-4ef7-9fc0-4f57ccbd9967:192.168.5.131:39112, 742c26a8-c271-430a-a05a-c8bba3fa6d96:192.168.5.131:42235, a910346c-1ee2-4cdc-a6d8-644a3a4f0b7f:192.168.5.131:38193], old=null
2019-10-15 03:21:48,301 [4c6a16c4-95d2-4ef7-9fc0-4f57ccbd9967@group-5FF82F29B6C0-LeaderElection1208] INFO  impl.RaftServerImpl (RaftServerImpl.java:setRole(184)) - 4c6a16c4-95d2-4ef7-9fc0-4f57ccbd9967@group-5FF82F29B6C0: changes role from CANDIDATE to FOLLOWER at term 1259 for DISCOVERED_A_NEW_TERM
2019-10-15 03:21:48,301 [4c6a16c4-95d2-4ef7-9fc0-4f57ccbd9967@group-5FF82F29B6C0-LeaderElection1208] INFO  impl.RoleInfo (RoleInfo.java:shutdownLeaderElection(134)) - 4c6a16c4-95d2-4ef7-9fc0-4f57ccbd9967: shutdown LeaderElection
2019-10-15 03:21:48,301 [4c6a16c4-95d2-4ef7-9fc0-4f57ccbd9967@group-5FF82F29B6C0-LeaderElection1208] INFO  impl.RoleInfo (RoleInfo.java:updateAndGet(143)) - 4c6a16c4-95d2-4ef7-9fc0-4f57ccbd9967: start FollowerState
2019-10-15 03:21:48,333 [main] INFO  handler.ContextHandler (ContextHandler.java:doStart(781)) - Started o.e.j.w.WebAppContext@512abf25{/,file:///tmp/jetty-0.0.0.0-40831-hddsDatanode-_-any-759036941366612972.dir/webapp/,AVAILABLE}{/hddsDatanode}
2019-10-15 03:21:48,333 [main] INFO  server.AbstractConnector (AbstractConnector.java:doStart(278)) - Started ServerConnector@515ab3f2{HTTP/1.1,[http/1.1]}{0.0.0.0:40831}
2019-10-15 03:21:48,337 [main] INFO  server.Server (Server.java:doStart(419)) - Started @174479ms
2019-10-15 03:21:48,337 [main] WARN  impl.MetricsSystemImpl (MetricsSystemImpl.java:register(276)) - Sink prometheus already exists!
2019-10-15 03:21:48,339 [main] INFO  server.BaseHttpServer (BaseHttpServer.java:updateConnectorAddress(215)) - HTTP server of HDDSDATANODE is listening at http://0.0.0.0:40831
2019-10-15 03:21:48,339 [main] INFO  impl.MetricsSystemImpl (MetricsSystemImpl.java:init(158)) - HddsDatanode metrics system started (again)
2019-10-15 03:21:48,369 [org.apache.hadoop.util.JvmPauseMonitor$Monitor@1c8989b7] INFO  util.JvmPauseMonitor (JvmPauseMonitor.java:run(188)) - Starting JVM pause monitor
2019-10-15 03:21:48,371 [Datanode State Machine Thread - 0] INFO  datanode.InitDatanodeState (InitDatanodeState.java:persistContainerDatanodeDetails(140)) - DatanodeDetails is persisted to /workdir/hadoop-ozone/integration-test/target/test-dir/MiniOzoneClusterImpl-0445134e-5ee1-47c2-9f3a-343f5ba53be4/datanode-2/meta/datanode.id
2019-10-15 03:21:48,371 [main] INFO  ozone.HddsDatanodeService (HddsDatanodeService.java:start(184)) - HddsDatanodeService host:pr-hdds-2305-c92ks-1629580955 ip:192.168.5.131
2019-10-15 03:21:48,382 [main] INFO  volume.HddsVolume (HddsVolume.java:<init>(176)) - Creating Volume: /workdir/hadoop-ozone/integration-test/target/test-dir/MiniOzoneClusterImpl-0445134e-5ee1-47c2-9f3a-343f5ba53be4/datanode-3/data/containers/hdds of  storage type : DISK and capacity : 1482555576320
2019-10-15 03:21:48,382 [main] INFO  volume.VolumeSet (VolumeSet.java:initializeVolumeSet(170)) - Added Volume : /workdir/hadoop-ozone/integration-test/target/test-dir/MiniOzoneClusterImpl-0445134e-5ee1-47c2-9f3a-343f5ba53be4/datanode-3/data/containers/hdds to VolumeSet
2019-10-15 03:21:48,383 [main] INFO  volume.ThrottledAsyncChecker (ThrottledAsyncChecker.java:schedule(141)) - Scheduling a check for org.apache.hadoop.ozone.container.common.volume.HddsVolume@1a1c21b4
2019-10-15 03:21:48,383 [main] INFO  volume.HddsVolumeChecker (HddsVolumeChecker.java:checkAllVolumes(204)) - Scheduled health check for volume org.apache.hadoop.ozone.container.common.volume.HddsVolume@1a1c21b4
2019-10-15 03:21:48,399 [main] INFO  impl.RaftServerProxy (ConfUtils.java:logGet(43)) - raft.rpc.type = GRPC (default)
2019-10-15 03:21:48,400 [main] INFO  grpc.GrpcFactory (GrpcFactory.java:checkPooledByteBufAllocatorUseCacheForAllThreads(45)) - PERFORMANCE WARNING: useCacheForAllThreads is true that may cause Netty to create a lot garbage objects and, as a result, trigger GC.
	It is recommended to disable useCacheForAllThreads by setting -Dorg.apache.ratis.thirdparty.io.netty.allocator.useCacheForAllThreads=false in command line.
2019-10-15 03:21:48,400 [main] INFO  grpc.GrpcConfigKeys$Server (ConfUtils.java:logGet(43)) - raft.grpc.server.port = 0 (default)
2019-10-15 03:21:48,400 [main] INFO  server.GrpcService (ConfUtils.java:logGet(43)) - raft.grpc.message.size.max = 33570816 (custom)
2019-10-15 03:21:48,400 [main] INFO  server.RaftServerConfigKeys (ConfUtils.java:logGet(43)) - raft.server.log.appender.buffer.byte-limit = 33554432 (custom)
2019-10-15 03:21:48,400 [main] INFO  server.GrpcService (ConfUtils.java:logGet(43)) - raft.grpc.flow.control.window = 1MB (=1048576) (default)
2019-10-15 03:21:48,400 [main] INFO  server.RaftServerConfigKeys (ConfUtils.java:logGet(43)) - raft.server.rpc.request.timeout = 3000ms (default)
2019-10-15 03:21:48,401 [main] INFO  server.RaftServerConfigKeys (ConfUtils.java:logGet(43)) - raft.server.storage.dir = [/workdir/hadoop-ozone/integration-test/target/test-dir/MiniOzoneClusterImpl-0445134e-5ee1-47c2-9f3a-343f5ba53be4/datanode-3/data/ratis] (custom)
2019-10-15 03:21:48,402 [main] INFO  hdfs.DFSUtil (DFSUtil.java:httpServerTemplateForNNAndJN(1641)) - Starting Web-server for hddsDatanode at: http://0.0.0.0:0
2019-10-15 03:21:48,403 [main] INFO  server.AuthenticationFilter (AuthenticationFilter.java:constructSecretProvider(240)) - Unable to initialize FileSignerSecretProvider, falling back to use random secrets.
2019-10-15 03:21:48,403 [main] WARN  http.HttpRequestLog (HttpRequestLog.java:getRequestLog(97)) - Jetty request log can only be enabled using Log4j
2019-10-15 03:21:48,404 [main] INFO  http.HttpServer2 (HttpServer2.java:addGlobalFilter(975)) - Added global filter 'safety' (class=org.apache.hadoop.http.HttpServer2$QuotingInputFilter)
2019-10-15 03:21:48,405 [main] INFO  http.HttpServer2 (HttpServer2.java:addFilter(948)) - Added filter static_user_filter (class=org.apache.hadoop.http.lib.StaticUserWebFilter$StaticUserFilter) to context hddsDatanode
2019-10-15 03:21:48,405 [main] INFO  http.HttpServer2 (HttpServer2.java:addFilter(958)) - Added filter static_user_filter (class=org.apache.hadoop.http.lib.StaticUserWebFilter$StaticUserFilter) to context static
2019-10-15 03:21:48,405 [main] INFO  http.HttpServer2 (HttpServer2.java:addFilter(958)) - Added filter static_user_filter (class=org.apache.hadoop.http.lib.StaticUserWebFilter$StaticUserFilter) to context logs
2019-10-15 03:21:48,406 [main] INFO  http.HttpServer2 (HttpServer2.java:bindListener(1191)) - Jetty bound to port 39778
2019-10-15 03:21:48,406 [main] INFO  server.Server (Server.java:doStart(351)) - jetty-9.3.25.v20180904, build timestamp: 2018-09-04T21:11:46Z, git hash: 3ce520221d0240229c862b122d2b06c12a625732
2019-10-15 03:21:48,407 [main] INFO  handler.ContextHandler (ContextHandler.java:doStart(781)) - Started o.e.j.s.ServletContextHandler@367d34c0{/logs,file:///workdir/hadoop-ozone/integration-test/target/log,AVAILABLE}
2019-10-15 03:21:48,408 [main] INFO  handler.ContextHandler (ContextHandler.java:doStart(781)) - Started o.e.j.s.ServletContextHandler@6380e9e9{/static,jar:file:/home/user/.m2/repository/org/apache/hadoop/hadoop-hdds-container-service/0.5.0-SNAPSHOT/hadoop-hdds-container-service-0.5.0-SNAPSHOT.jar!/webapps/static,AVAILABLE}
2019-10-15 03:21:48,412 [Thread-9960] INFO  impl.FollowerState (FollowerState.java:run(108)) - 4c6a16c4-95d2-4ef7-9fc0-4f57ccbd9967@group-5FF82F29B6C0-FollowerState: change to CANDIDATE, lastRpcTime:110ms, electionTimeout:110ms
2019-10-15 03:21:48,412 [Thread-9960] INFO  impl.RoleInfo (RoleInfo.java:shutdownFollowerState(121)) - 4c6a16c4-95d2-4ef7-9fc0-4f57ccbd9967: shutdown FollowerState
2019-10-15 03:21:48,412 [Thread-9960] INFO  impl.RaftServerImpl (RaftServerImpl.java:setRole(184)) - 4c6a16c4-95d2-4ef7-9fc0-4f57ccbd9967@group-5FF82F29B6C0: changes role from  FOLLOWER to CANDIDATE at term 1259 for changeToCandidate
2019-10-15 03:21:48,412 [Thread-9960] ERROR ratis.XceiverServerRatis (XceiverServerRatis.java:triggerPipelineClose(582)) - pipeline Action CLOSE  on pipeline PipelineID=e4bf9835-e697-42f6-b211-5ff82f29b6c0.Reason : 4c6a16c4-95d2-4ef7-9fc0-4f57ccbd9967 is in candidate state for 163312ms
2019-10-15 03:21:48,413 [Thread-9960] INFO  impl.RoleInfo (RoleInfo.java:updateAndGet(143)) - 4c6a16c4-95d2-4ef7-9fc0-4f57ccbd9967: start LeaderElection
2019-10-15 03:21:48,419 [4c6a16c4-95d2-4ef7-9fc0-4f57ccbd9967@group-5FF82F29B6C0-LeaderElection1209] INFO  impl.LeaderElection (LeaderElection.java:askForVotes(178)) - 4c6a16c4-95d2-4ef7-9fc0-4f57ccbd9967@group-5FF82F29B6C0-LeaderElection1209: begin an election at term 1260 for -1: [4c6a16c4-95d2-4ef7-9fc0-4f57ccbd9967:192.168.5.131:39112, 742c26a8-c271-430a-a05a-c8bba3fa6d96:192.168.5.131:42235, a910346c-1ee2-4cdc-a6d8-644a3a4f0b7f:192.168.5.131:38193], old=null
2019-10-15 03:21:48,420 [grpc-default-executor-4] INFO  impl.RaftServerImpl (RaftServerImpl.java:setRole(184)) - 742c26a8-c271-430a-a05a-c8bba3fa6d96@group-5FF82F29B6C0: changes role from  FOLLOWER to FOLLOWER at term 1260 for recognizeCandidate:4c6a16c4-95d2-4ef7-9fc0-4f57ccbd9967
2019-10-15 03:21:48,420 [grpc-default-executor-4] INFO  impl.RoleInfo (RoleInfo.java:shutdownFollowerState(121)) - 742c26a8-c271-430a-a05a-c8bba3fa6d96: shutdown FollowerState
2019-10-15 03:21:48,420 [grpc-default-executor-8] INFO  impl.RaftServerImpl (RaftServerImpl.java:setRole(184)) - a910346c-1ee2-4cdc-a6d8-644a3a4f0b7f@group-5FF82F29B6C0: changes role from  FOLLOWER to FOLLOWER at term 1260 for recognizeCandidate:4c6a16c4-95d2-4ef7-9fc0-4f57ccbd9967
2019-10-15 03:21:48,420 [grpc-default-executor-4] INFO  impl.RoleInfo (RoleInfo.java:updateAndGet(143)) - 742c26a8-c271-430a-a05a-c8bba3fa6d96: start FollowerState
2019-10-15 03:21:48,420 [Thread-9950] INFO  impl.FollowerState (FollowerState.java:run(117)) - 742c26a8-c271-430a-a05a-c8bba3fa6d96@group-5FF82F29B6C0-FollowerState was interrupted: java.lang.InterruptedException: sleep interrupted
2019-10-15 03:21:48,420 [grpc-default-executor-8] INFO  impl.RoleInfo (RoleInfo.java:shutdownFollowerState(121)) - a910346c-1ee2-4cdc-a6d8-644a3a4f0b7f: shutdown FollowerState
2019-10-15 03:21:48,421 [grpc-default-executor-8] INFO  impl.RoleInfo (RoleInfo.java:updateAndGet(143)) - a910346c-1ee2-4cdc-a6d8-644a3a4f0b7f: start FollowerState
2019-10-15 03:21:48,421 [Thread-9951] INFO  impl.FollowerState (FollowerState.java:run(117)) - a910346c-1ee2-4cdc-a6d8-644a3a4f0b7f@group-5FF82F29B6C0-FollowerState was interrupted: java.lang.InterruptedException: sleep interrupted
2019-10-15 03:21:48,430 [4c6a16c4-95d2-4ef7-9fc0-4f57ccbd9967@group-5FF82F29B6C0-LeaderElection1209] INFO  impl.LeaderElection (LeaderElection.java:logAndReturn(56)) - 4c6a16c4-95d2-4ef7-9fc0-4f57ccbd9967@group-5FF82F29B6C0-LeaderElection1209: Election REJECTED; received 2 response(s) [4c6a16c4-95d2-4ef7-9fc0-4f57ccbd9967<-742c26a8-c271-430a-a05a-c8bba3fa6d96#0:FAIL-t1260, 4c6a16c4-95d2-4ef7-9fc0-4f57ccbd9967<-a910346c-1ee2-4cdc-a6d8-644a3a4f0b7f#0:FAIL-t1260] and 0 exception(s); 4c6a16c4-95d2-4ef7-9fc0-4f57ccbd9967@group-5FF82F29B6C0:t1260, leader=null, voted=4c6a16c4-95d2-4ef7-9fc0-4f57ccbd9967, raftlog=4c6a16c4-95d2-4ef7-9fc0-4f57ccbd9967@group-5FF82F29B6C0-SegmentedRaftLog:OPENED:c-1,f-1,i0, conf=-1: [4c6a16c4-95d2-4ef7-9fc0-4f57ccbd9967:192.168.5.131:39112, 742c26a8-c271-430a-a05a-c8bba3fa6d96:192.168.5.131:42235, a910346c-1ee2-4cdc-a6d8-644a3a4f0b7f:192.168.5.131:38193], old=null
2019-10-15 03:21:48,430 [4c6a16c4-95d2-4ef7-9fc0-4f57ccbd9967@group-5FF82F29B6C0-LeaderElection1209] INFO  impl.RaftServerImpl (RaftServerImpl.java:setRole(184)) - 4c6a16c4-95d2-4ef7-9fc0-4f57ccbd9967@group-5FF82F29B6C0: changes role from CANDIDATE to FOLLOWER at term 1260 for DISCOVERED_A_NEW_TERM
2019-10-15 03:21:48,431 [4c6a16c4-95d2-4ef7-9fc0-4f57ccbd9967@group-5FF82F29B6C0-LeaderElection1209] INFO  impl.RoleInfo (RoleInfo.java:shutdownLeaderElection(134)) - 4c6a16c4-95d2-4ef7-9fc0-4f57ccbd9967: shutdown LeaderElection
2019-10-15 03:21:48,431 [4c6a16c4-95d2-4ef7-9fc0-4f57ccbd9967@group-5FF82F29B6C0-LeaderElection1209] INFO  impl.RoleInfo (RoleInfo.java:updateAndGet(143)) - 4c6a16c4-95d2-4ef7-9fc0-4f57ccbd9967: start FollowerState
2019-10-15 03:21:48,436 [main] INFO  handler.ContextHandler (ContextHandler.java:doStart(781)) - Started o.e.j.w.WebAppContext@2313db84{/,file:///tmp/jetty-0.0.0.0-39778-hddsDatanode-_-any-9038887184241060936.dir/webapp/,AVAILABLE}{/hddsDatanode}
2019-10-15 03:21:48,436 [main] INFO  server.AbstractConnector (AbstractConnector.java:doStart(278)) - Started ServerConnector@216372b7{HTTP/1.1,[http/1.1]}{0.0.0.0:39778}
2019-10-15 03:21:48,440 [main] INFO  server.Server (Server.java:doStart(419)) - Started @174582ms
2019-10-15 03:21:48,440 [main] WARN  impl.MetricsSystemImpl (MetricsSystemImpl.java:register(276)) - Sink prometheus already exists!
2019-10-15 03:21:48,441 [main] INFO  server.BaseHttpServer (BaseHttpServer.java:updateConnectorAddress(215)) - HTTP server of HDDSDATANODE is listening at http://0.0.0.0:39778
2019-10-15 03:21:48,441 [main] INFO  impl.MetricsSystemImpl (MetricsSystemImpl.java:init(158)) - HddsDatanode metrics system started (again)
2019-10-15 03:21:48,472 [org.apache.hadoop.util.JvmPauseMonitor$Monitor@7ae6da95] INFO  util.JvmPauseMonitor (JvmPauseMonitor.java:run(188)) - Starting JVM pause monitor
2019-10-15 03:21:48,474 [Datanode State Machine Thread - 0] INFO  datanode.InitDatanodeState (InitDatanodeState.java:persistContainerDatanodeDetails(140)) - DatanodeDetails is persisted to /workdir/hadoop-ozone/integration-test/target/test-dir/MiniOzoneClusterImpl-0445134e-5ee1-47c2-9f3a-343f5ba53be4/datanode-3/meta/datanode.id
2019-10-15 03:21:48,474 [main] INFO  ozone.HddsDatanodeService (HddsDatanodeService.java:start(184)) - HddsDatanodeService host:pr-hdds-2305-c92ks-1629580955 ip:192.168.5.131
2019-10-15 03:21:48,483 [main] INFO  volume.HddsVolume (HddsVolume.java:<init>(176)) - Creating Volume: /workdir/hadoop-ozone/integration-test/target/test-dir/MiniOzoneClusterImpl-0445134e-5ee1-47c2-9f3a-343f5ba53be4/datanode-4/data/containers/hdds of  storage type : DISK and capacity : 1482555576320
2019-10-15 03:21:48,483 [main] INFO  volume.VolumeSet (VolumeSet.java:initializeVolumeSet(170)) - Added Volume : /workdir/hadoop-ozone/integration-test/target/test-dir/MiniOzoneClusterImpl-0445134e-5ee1-47c2-9f3a-343f5ba53be4/datanode-4/data/containers/hdds to VolumeSet
2019-10-15 03:21:48,483 [main] INFO  volume.ThrottledAsyncChecker (ThrottledAsyncChecker.java:schedule(141)) - Scheduling a check for org.apache.hadoop.ozone.container.common.volume.HddsVolume@41aebbb4
2019-10-15 03:21:48,486 [main] INFO  volume.HddsVolumeChecker (HddsVolumeChecker.java:checkAllVolumes(204)) - Scheduled health check for volume org.apache.hadoop.ozone.container.common.volume.HddsVolume@41aebbb4
2019-10-15 03:21:48,499 [main] INFO  impl.RaftServerProxy (ConfUtils.java:logGet(43)) - raft.rpc.type = GRPC (default)
2019-10-15 03:21:48,499 [main] INFO  grpc.GrpcFactory (GrpcFactory.java:checkPooledByteBufAllocatorUseCacheForAllThreads(45)) - PERFORMANCE WARNING: useCacheForAllThreads is true that may cause Netty to create a lot garbage objects and, as a result, trigger GC.
	It is recommended to disable useCacheForAllThreads by setting -Dorg.apache.ratis.thirdparty.io.netty.allocator.useCacheForAllThreads=false in command line.
2019-10-15 03:21:48,500 [main] INFO  grpc.GrpcConfigKeys$Server (ConfUtils.java:logGet(43)) - raft.grpc.server.port = 0 (default)
2019-10-15 03:21:48,500 [main] INFO  server.GrpcService (ConfUtils.java:logGet(43)) - raft.grpc.message.size.max = 33570816 (custom)
2019-10-15 03:21:48,500 [main] INFO  server.RaftServerConfigKeys (ConfUtils.java:logGet(43)) - raft.server.log.appender.buffer.byte-limit = 33554432 (custom)
2019-10-15 03:21:48,500 [main] INFO  server.GrpcService (ConfUtils.java:logGet(43)) - raft.grpc.flow.control.window = 1MB (=1048576) (default)
2019-10-15 03:21:48,500 [main] INFO  server.RaftServerConfigKeys (ConfUtils.java:logGet(43)) - raft.server.rpc.request.timeout = 3000ms (default)
2019-10-15 03:21:48,501 [main] INFO  server.RaftServerConfigKeys (ConfUtils.java:logGet(43)) - raft.server.storage.dir = [/workdir/hadoop-ozone/integration-test/target/test-dir/MiniOzoneClusterImpl-0445134e-5ee1-47c2-9f3a-343f5ba53be4/datanode-4/data/ratis] (custom)
2019-10-15 03:21:48,502 [main] INFO  hdfs.DFSUtil (DFSUtil.java:httpServerTemplateForNNAndJN(1641)) - Starting Web-server for hddsDatanode at: http://0.0.0.0:0
2019-10-15 03:21:48,503 [main] INFO  server.AuthenticationFilter (AuthenticationFilter.java:constructSecretProvider(240)) - Unable to initialize FileSignerSecretProvider, falling back to use random secrets.
2019-10-15 03:21:48,504 [main] WARN  http.HttpRequestLog (HttpRequestLog.java:getRequestLog(97)) - Jetty request log can only be enabled using Log4j
2019-10-15 03:21:48,505 [main] INFO  http.HttpServer2 (HttpServer2.java:addGlobalFilter(975)) - Added global filter 'safety' (class=org.apache.hadoop.http.HttpServer2$QuotingInputFilter)
2019-10-15 03:21:48,506 [main] INFO  http.HttpServer2 (HttpServer2.java:addFilter(948)) - Added filter static_user_filter (class=org.apache.hadoop.http.lib.StaticUserWebFilter$StaticUserFilter) to context hddsDatanode
2019-10-15 03:21:48,506 [main] INFO  http.HttpServer2 (HttpServer2.java:addFilter(958)) - Added filter static_user_filter (class=org.apache.hadoop.http.lib.StaticUserWebFilter$StaticUserFilter) to context logs
2019-10-15 03:21:48,506 [main] INFO  http.HttpServer2 (HttpServer2.java:addFilter(958)) - Added filter static_user_filter (class=org.apache.hadoop.http.lib.StaticUserWebFilter$StaticUserFilter) to context static
2019-10-15 03:21:48,507 [main] INFO  http.HttpServer2 (HttpServer2.java:bindListener(1191)) - Jetty bound to port 44382
2019-10-15 03:21:48,507 [main] INFO  server.Server (Server.java:doStart(351)) - jetty-9.3.25.v20180904, build timestamp: 2018-09-04T21:11:46Z, git hash: 3ce520221d0240229c862b122d2b06c12a625732
2019-10-15 03:21:48,508 [main] INFO  handler.ContextHandler (ContextHandler.java:doStart(781)) - Started o.e.j.s.ServletContextHandler@2bd8f7db{/logs,file:///workdir/hadoop-ozone/integration-test/target/log,AVAILABLE}
2019-10-15 03:21:48,509 [main] INFO  handler.ContextHandler (ContextHandler.java:doStart(781)) - Started o.e.j.s.ServletContextHandler@30abf79c{/static,jar:file:/home/user/.m2/repository/org/apache/hadoop/hadoop-hdds-container-service/0.5.0-SNAPSHOT/hadoop-hdds-container-service-0.5.0-SNAPSHOT.jar!/webapps/static,AVAILABLE}
2019-10-15 03:21:48,514 [Thread-9979] INFO  impl.FollowerState (FollowerState.java:run(108)) - 4c6a16c4-95d2-4ef7-9fc0-4f57ccbd9967@group-5FF82F29B6C0-FollowerState: change to CANDIDATE, lastRpcTime:83ms, electionTimeout:82ms
2019-10-15 03:21:48,514 [Thread-9979] INFO  impl.RoleInfo (RoleInfo.java:shutdownFollowerState(121)) - 4c6a16c4-95d2-4ef7-9fc0-4f57ccbd9967: shutdown FollowerState
2019-10-15 03:21:48,514 [Thread-9979] INFO  impl.RaftServerImpl (RaftServerImpl.java:setRole(184)) - 4c6a16c4-95d2-4ef7-9fc0-4f57ccbd9967@group-5FF82F29B6C0: changes role from  FOLLOWER to CANDIDATE at term 1260 for changeToCandidate
2019-10-15 03:21:48,515 [Thread-9979] ERROR ratis.XceiverServerRatis (XceiverServerRatis.java:triggerPipelineClose(582)) - pipeline Action CLOSE  on pipeline PipelineID=e4bf9835-e697-42f6-b211-5ff82f29b6c0.Reason : 4c6a16c4-95d2-4ef7-9fc0-4f57ccbd9967 is in candidate state for 163414ms
2019-10-15 03:21:48,515 [Thread-9979] INFO  impl.RoleInfo (RoleInfo.java:updateAndGet(143)) - 4c6a16c4-95d2-4ef7-9fc0-4f57ccbd9967: start LeaderElection
2019-10-15 03:21:48,529 [4c6a16c4-95d2-4ef7-9fc0-4f57ccbd9967@group-5FF82F29B6C0-LeaderElection1210] INFO  impl.LeaderElection (LeaderElection.java:askForVotes(178)) - 4c6a16c4-95d2-4ef7-9fc0-4f57ccbd9967@group-5FF82F29B6C0-LeaderElection1210: begin an election at term 1261 for -1: [4c6a16c4-95d2-4ef7-9fc0-4f57ccbd9967:192.168.5.131:39112, 742c26a8-c271-430a-a05a-c8bba3fa6d96:192.168.5.131:42235, a910346c-1ee2-4cdc-a6d8-644a3a4f0b7f:192.168.5.131:38193], old=null
2019-10-15 03:21:48,531 [grpc-default-executor-4] INFO  impl.RaftServerImpl (RaftServerImpl.java:setRole(184)) - 742c26a8-c271-430a-a05a-c8bba3fa6d96@group-5FF82F29B6C0: changes role from  FOLLOWER to FOLLOWER at term 1261 for recognizeCandidate:4c6a16c4-95d2-4ef7-9fc0-4f57ccbd9967
2019-10-15 03:21:48,531 [grpc-default-executor-4] INFO  impl.RoleInfo (RoleInfo.java:shutdownFollowerState(121)) - 742c26a8-c271-430a-a05a-c8bba3fa6d96: shutdown FollowerState
2019-10-15 03:21:48,531 [grpc-default-executor-8] INFO  impl.RaftServerImpl (RaftServerImpl.java:setRole(184)) - a910346c-1ee2-4cdc-a6d8-644a3a4f0b7f@group-5FF82F29B6C0: changes role from  FOLLOWER to FOLLOWER at term 1261 for recognizeCandidate:4c6a16c4-95d2-4ef7-9fc0-4f57ccbd9967
2019-10-15 03:21:48,531 [Thread-9977] INFO  impl.FollowerState (FollowerState.java:run(117)) - 742c26a8-c271-430a-a05a-c8bba3fa6d96@group-5FF82F29B6C0-FollowerState was interrupted: java.lang.InterruptedException: sleep interrupted
2019-10-15 03:21:48,531 [grpc-default-executor-4] INFO  impl.RoleInfo (RoleInfo.java:updateAndGet(143)) - 742c26a8-c271-430a-a05a-c8bba3fa6d96: start FollowerState
2019-10-15 03:21:48,531 [grpc-default-executor-8] INFO  impl.RoleInfo (RoleInfo.java:shutdownFollowerState(121)) - a910346c-1ee2-4cdc-a6d8-644a3a4f0b7f: shutdown FollowerState
2019-10-15 03:21:48,532 [grpc-default-executor-8] INFO  impl.RoleInfo (RoleInfo.java:updateAndGet(143)) - a910346c-1ee2-4cdc-a6d8-644a3a4f0b7f: start FollowerState
2019-10-15 03:21:48,532 [Thread-9978] INFO  impl.FollowerState (FollowerState.java:run(117)) - a910346c-1ee2-4cdc-a6d8-644a3a4f0b7f@group-5FF82F29B6C0-FollowerState was interrupted: java.lang.InterruptedException: sleep interrupted
2019-10-15 03:21:48,539 [main] INFO  handler.ContextHandler (ContextHandler.java:doStart(781)) - Started o.e.j.w.WebAppContext@53314f76{/,file:///tmp/jetty-0.0.0.0-44382-hddsDatanode-_-any-8900692000798323791.dir/webapp/,AVAILABLE}{/hddsDatanode}
2019-10-15 03:21:48,540 [main] INFO  server.AbstractConnector (AbstractConnector.java:doStart(278)) - Started ServerConnector@62a6674f{HTTP/1.1,[http/1.1]}{0.0.0.0:44382}
2019-10-15 03:21:48,543 [main] INFO  server.Server (Server.java:doStart(419)) - Started @174685ms
2019-10-15 03:21:48,544 [main] WARN  impl.MetricsSystemImpl (MetricsSystemImpl.java:register(276)) - Sink prometheus already exists!
2019-10-15 03:21:48,544 [main] INFO  server.BaseHttpServer (BaseHttpServer.java:updateConnectorAddress(215)) - HTTP server of HDDSDATANODE is listening at http://0.0.0.0:44382
2019-10-15 03:21:48,545 [main] INFO  impl.MetricsSystemImpl (MetricsSystemImpl.java:init(158)) - HddsDatanode metrics system started (again)
2019-10-15 03:21:48,578 [4c6a16c4-95d2-4ef7-9fc0-4f57ccbd9967@group-5FF82F29B6C0-LeaderElection1210] INFO  impl.LeaderElection (LeaderElection.java:logAndReturn(56)) - 4c6a16c4-95d2-4ef7-9fc0-4f57ccbd9967@group-5FF82F29B6C0-LeaderElection1210: Election REJECTED; received 2 response(s) [4c6a16c4-95d2-4ef7-9fc0-4f57ccbd9967<-742c26a8-c271-430a-a05a-c8bba3fa6d96#0:FAIL-t1261, 4c6a16c4-95d2-4ef7-9fc0-4f57ccbd9967<-a910346c-1ee2-4cdc-a6d8-644a3a4f0b7f#0:FAIL-t1261] and 0 exception(s); 4c6a16c4-95d2-4ef7-9fc0-4f57ccbd9967@group-5FF82F29B6C0:t1261, leader=null, voted=4c6a16c4-95d2-4ef7-9fc0-4f57ccbd9967, raftlog=4c6a16c4-95d2-4ef7-9fc0-4f57ccbd9967@group-5FF82F29B6C0-SegmentedRaftLog:OPENED:c-1,f-1,i0, conf=-1: [4c6a16c4-95d2-4ef7-9fc0-4f57ccbd9967:192.168.5.131:39112, 742c26a8-c271-430a-a05a-c8bba3fa6d96:192.168.5.131:42235, a910346c-1ee2-4cdc-a6d8-644a3a4f0b7f:192.168.5.131:38193], old=null
2019-10-15 03:21:48,578 [4c6a16c4-95d2-4ef7-9fc0-4f57ccbd9967@group-5FF82F29B6C0-LeaderElection1210] INFO  impl.RaftServerImpl (RaftServerImpl.java:setRole(184)) - 4c6a16c4-95d2-4ef7-9fc0-4f57ccbd9967@group-5FF82F29B6C0: changes role from CANDIDATE to FOLLOWER at term 1261 for DISCOVERED_A_NEW_TERM
2019-10-15 03:21:48,578 [4c6a16c4-95d2-4ef7-9fc0-4f57ccbd9967@group-5FF82F29B6C0-LeaderElection1210] INFO  impl.RoleInfo (RoleInfo.java:shutdownLeaderElection(134)) - 4c6a16c4-95d2-4ef7-9fc0-4f57ccbd9967: shutdown LeaderElection
2019-10-15 03:21:48,578 [org.apache.hadoop.util.JvmPauseMonitor$Monitor@33785763] INFO  util.JvmPauseMonitor (JvmPauseMonitor.java:run(188)) - Starting JVM pause monitor
2019-10-15 03:21:48,578 [4c6a16c4-95d2-4ef7-9fc0-4f57ccbd9967@group-5FF82F29B6C0-LeaderElection1210] INFO  impl.RoleInfo (RoleInfo.java:updateAndGet(143)) - 4c6a16c4-95d2-4ef7-9fc0-4f57ccbd9967: start FollowerState
2019-10-15 03:21:48,580 [Datanode State Machine Thread - 0] INFO  datanode.InitDatanodeState (InitDatanodeState.java:persistContainerDatanodeDetails(140)) - DatanodeDetails is persisted to /workdir/hadoop-ozone/integration-test/target/test-dir/MiniOzoneClusterImpl-0445134e-5ee1-47c2-9f3a-343f5ba53be4/datanode-4/meta/datanode.id
2019-10-15 03:21:48,580 [main] INFO  ozone.HddsDatanodeService (HddsDatanodeService.java:start(184)) - HddsDatanodeService host:pr-hdds-2305-c92ks-1629580955 ip:192.168.5.131
2019-10-15 03:21:48,591 [main] INFO  volume.HddsVolume (HddsVolume.java:<init>(176)) - Creating Volume: /workdir/hadoop-ozone/integration-test/target/test-dir/MiniOzoneClusterImpl-0445134e-5ee1-47c2-9f3a-343f5ba53be4/datanode-5/data/containers/hdds of  storage type : DISK and capacity : 1482555576320
2019-10-15 03:21:48,591 [main] INFO  volume.VolumeSet (VolumeSet.java:initializeVolumeSet(170)) - Added Volume : /workdir/hadoop-ozone/integration-test/target/test-dir/MiniOzoneClusterImpl-0445134e-5ee1-47c2-9f3a-343f5ba53be4/datanode-5/data/containers/hdds to VolumeSet
2019-10-15 03:21:48,591 [main] INFO  volume.ThrottledAsyncChecker (ThrottledAsyncChecker.java:schedule(141)) - Scheduling a check for org.apache.hadoop.ozone.container.common.volume.HddsVolume@7ac48e10
2019-10-15 03:21:48,592 [main] INFO  volume.HddsVolumeChecker (HddsVolumeChecker.java:checkAllVolumes(204)) - Scheduled health check for volume org.apache.hadoop.ozone.container.common.volume.HddsVolume@7ac48e10
2019-10-15 03:21:48,607 [main] INFO  impl.RaftServerProxy (ConfUtils.java:logGet(43)) - raft.rpc.type = GRPC (default)
2019-10-15 03:21:48,607 [main] INFO  grpc.GrpcFactory (GrpcFactory.java:checkPooledByteBufAllocatorUseCacheForAllThreads(45)) - PERFORMANCE WARNING: useCacheForAllThreads is true that may cause Netty to create a lot garbage objects and, as a result, trigger GC.
	It is recommended to disable useCacheForAllThreads by setting -Dorg.apache.ratis.thirdparty.io.netty.allocator.useCacheForAllThreads=false in command line.
2019-10-15 03:21:48,607 [main] INFO  grpc.GrpcConfigKeys$Server (ConfUtils.java:logGet(43)) - raft.grpc.server.port = 0 (default)
2019-10-15 03:21:48,607 [main] INFO  server.GrpcService (ConfUtils.java:logGet(43)) - raft.grpc.message.size.max = 33570816 (custom)
2019-10-15 03:21:48,607 [main] INFO  server.RaftServerConfigKeys (ConfUtils.java:logGet(43)) - raft.server.log.appender.buffer.byte-limit = 33554432 (custom)
2019-10-15 03:21:48,608 [main] INFO  server.GrpcService (ConfUtils.java:logGet(43)) - raft.grpc.flow.control.window = 1MB (=1048576) (default)
2019-10-15 03:21:48,608 [main] INFO  server.RaftServerConfigKeys (ConfUtils.java:logGet(43)) - raft.server.rpc.request.timeout = 3000ms (default)
2019-10-15 03:21:48,608 [main] INFO  server.RaftServerConfigKeys (ConfUtils.java:logGet(43)) - raft.server.storage.dir = [/workdir/hadoop-ozone/integration-test/target/test-dir/MiniOzoneClusterImpl-0445134e-5ee1-47c2-9f3a-343f5ba53be4/datanode-5/data/ratis] (custom)
2019-10-15 03:21:48,609 [main] INFO  hdfs.DFSUtil (DFSUtil.java:httpServerTemplateForNNAndJN(1641)) - Starting Web-server for hddsDatanode at: http://0.0.0.0:0
2019-10-15 03:21:48,611 [main] INFO  server.AuthenticationFilter (AuthenticationFilter.java:constructSecretProvider(240)) - Unable to initialize FileSignerSecretProvider, falling back to use random secrets.
2019-10-15 03:21:48,611 [main] WARN  http.HttpRequestLog (HttpRequestLog.java:getRequestLog(97)) - Jetty request log can only be enabled using Log4j
2019-10-15 03:21:48,612 [main] INFO  http.HttpServer2 (HttpServer2.java:addGlobalFilter(975)) - Added global filter 'safety' (class=org.apache.hadoop.http.HttpServer2$QuotingInputFilter)
2019-10-15 03:21:48,613 [main] INFO  http.HttpServer2 (HttpServer2.java:addFilter(948)) - Added filter static_user_filter (class=org.apache.hadoop.http.lib.StaticUserWebFilter$StaticUserFilter) to context hddsDatanode
2019-10-15 03:21:48,613 [main] INFO  http.HttpServer2 (HttpServer2.java:addFilter(958)) - Added filter static_user_filter (class=org.apache.hadoop.http.lib.StaticUserWebFilter$StaticUserFilter) to context static
2019-10-15 03:21:48,613 [main] INFO  http.HttpServer2 (HttpServer2.java:addFilter(958)) - Added filter static_user_filter (class=org.apache.hadoop.http.lib.StaticUserWebFilter$StaticUserFilter) to context logs
2019-10-15 03:21:48,613 [main] INFO  http.HttpServer2 (HttpServer2.java:bindListener(1191)) - Jetty bound to port 36958
2019-10-15 03:21:48,613 [main] INFO  server.Server (Server.java:doStart(351)) - jetty-9.3.25.v20180904, build timestamp: 2018-09-04T21:11:46Z, git hash: 3ce520221d0240229c862b122d2b06c12a625732
2019-10-15 03:21:48,615 [main] INFO  handler.ContextHandler (ContextHandler.java:doStart(781)) - Started o.e.j.s.ServletContextHandler@2b6fb197{/logs,file:///workdir/hadoop-ozone/integration-test/target/log,AVAILABLE}
2019-10-15 03:21:48,615 [main] INFO  handler.ContextHandler (ContextHandler.java:doStart(781)) - Started o.e.j.s.ServletContextHandler@5a2ae1ab{/static,jar:file:/home/user/.m2/repository/org/apache/hadoop/hadoop-hdds-container-service/0.5.0-SNAPSHOT/hadoop-hdds-container-service-0.5.0-SNAPSHOT.jar!/webapps/static,AVAILABLE}
2019-10-15 03:21:48,641 [main] INFO  handler.ContextHandler (ContextHandler.java:doStart(781)) - Started o.e.j.w.WebAppContext@26da1ba2{/,file:///tmp/jetty-0.0.0.0-36958-hddsDatanode-_-any-8808295293390356688.dir/webapp/,AVAILABLE}{/hddsDatanode}
2019-10-15 03:21:48,641 [main] INFO  server.AbstractConnector (AbstractConnector.java:doStart(278)) - Started ServerConnector@3820cfe{HTTP/1.1,[http/1.1]}{0.0.0.0:36958}
2019-10-15 03:21:48,645 [main] INFO  server.Server (Server.java:doStart(419)) - Started @174787ms
2019-10-15 03:21:48,646 [main] WARN  impl.MetricsSystemImpl (MetricsSystemImpl.java:register(276)) - Sink prometheus already exists!
2019-10-15 03:21:48,646 [main] INFO  server.BaseHttpServer (BaseHttpServer.java:updateConnectorAddress(215)) - HTTP server of HDDSDATANODE is listening at http://0.0.0.0:36958
2019-10-15 03:21:48,647 [main] INFO  impl.MetricsSystemImpl (MetricsSystemImpl.java:init(158)) - HddsDatanode metrics system started (again)
2019-10-15 03:21:48,694 [org.apache.hadoop.util.JvmPauseMonitor$Monitor@1c1e77a6] INFO  util.JvmPauseMonitor (JvmPauseMonitor.java:run(188)) - Starting JVM pause monitor
2019-10-15 03:21:48,695 [Datanode State Machine Thread - 0] INFO  datanode.InitDatanodeState (InitDatanodeState.java:persistContainerDatanodeDetails(140)) - DatanodeDetails is persisted to /workdir/hadoop-ozone/integration-test/target/test-dir/MiniOzoneClusterImpl-0445134e-5ee1-47c2-9f3a-343f5ba53be4/datanode-5/meta/datanode.id
2019-10-15 03:21:48,697 [main] INFO  ozone.HddsDatanodeService (HddsDatanodeService.java:start(184)) - HddsDatanodeService host:pr-hdds-2305-c92ks-1629580955 ip:192.168.5.131
2019-10-15 03:21:48,708 [main] INFO  volume.HddsVolume (HddsVolume.java:<init>(176)) - Creating Volume: /workdir/hadoop-ozone/integration-test/target/test-dir/MiniOzoneClusterImpl-0445134e-5ee1-47c2-9f3a-343f5ba53be4/datanode-6/data/containers/hdds of  storage type : DISK and capacity : 1482555576320
2019-10-15 03:21:48,709 [main] INFO  volume.VolumeSet (VolumeSet.java:initializeVolumeSet(170)) - Added Volume : /workdir/hadoop-ozone/integration-test/target/test-dir/MiniOzoneClusterImpl-0445134e-5ee1-47c2-9f3a-343f5ba53be4/datanode-6/data/containers/hdds to VolumeSet
2019-10-15 03:21:48,709 [main] INFO  volume.ThrottledAsyncChecker (ThrottledAsyncChecker.java:schedule(141)) - Scheduling a check for org.apache.hadoop.ozone.container.common.volume.HddsVolume@6750e381
2019-10-15 03:21:48,709 [main] INFO  volume.HddsVolumeChecker (HddsVolumeChecker.java:checkAllVolumes(204)) - Scheduled health check for volume org.apache.hadoop.ozone.container.common.volume.HddsVolume@6750e381
2019-10-15 03:21:48,719 [Thread-10002] INFO  impl.FollowerState (FollowerState.java:run(108)) - 4c6a16c4-95d2-4ef7-9fc0-4f57ccbd9967@group-5FF82F29B6C0-FollowerState: change to CANDIDATE, lastRpcTime:140ms, electionTimeout:140ms
2019-10-15 03:21:48,719 [Thread-10002] INFO  impl.RoleInfo (RoleInfo.java:shutdownFollowerState(121)) - 4c6a16c4-95d2-4ef7-9fc0-4f57ccbd9967: shutdown FollowerState
2019-10-15 03:21:48,719 [Thread-10002] INFO  impl.RaftServerImpl (RaftServerImpl.java:setRole(184)) - 4c6a16c4-95d2-4ef7-9fc0-4f57ccbd9967@group-5FF82F29B6C0: changes role from  FOLLOWER to CANDIDATE at term 1261 for changeToCandidate
2019-10-15 03:21:48,719 [Thread-10002] ERROR ratis.XceiverServerRatis (XceiverServerRatis.java:triggerPipelineClose(582)) - pipeline Action CLOSE  on pipeline PipelineID=e4bf9835-e697-42f6-b211-5ff82f29b6c0.Reason : 4c6a16c4-95d2-4ef7-9fc0-4f57ccbd9967 is in candidate state for 163619ms
2019-10-15 03:21:48,720 [Thread-10002] INFO  impl.RoleInfo (RoleInfo.java:updateAndGet(143)) - 4c6a16c4-95d2-4ef7-9fc0-4f57ccbd9967: start LeaderElection
2019-10-15 03:21:48,726 [main] INFO  impl.RaftServerProxy (ConfUtils.java:logGet(43)) - raft.rpc.type = GRPC (default)
2019-10-15 03:21:48,726 [main] INFO  grpc.GrpcFactory (GrpcFactory.java:checkPooledByteBufAllocatorUseCacheForAllThreads(45)) - PERFORMANCE WARNING: useCacheForAllThreads is true that may cause Netty to create a lot garbage objects and, as a result, trigger GC.
	It is recommended to disable useCacheForAllThreads by setting -Dorg.apache.ratis.thirdparty.io.netty.allocator.useCacheForAllThreads=false in command line.
2019-10-15 03:21:48,726 [main] INFO  grpc.GrpcConfigKeys$Server (ConfUtils.java:logGet(43)) - raft.grpc.server.port = 0 (default)
2019-10-15 03:21:48,727 [main] INFO  server.GrpcService (ConfUtils.java:logGet(43)) - raft.grpc.message.size.max = 33570816 (custom)
2019-10-15 03:21:48,727 [main] INFO  server.RaftServerConfigKeys (ConfUtils.java:logGet(43)) - raft.server.log.appender.buffer.byte-limit = 33554432 (custom)
2019-10-15 03:21:48,727 [main] INFO  server.GrpcService (ConfUtils.java:logGet(43)) - raft.grpc.flow.control.window = 1MB (=1048576) (default)
2019-10-15 03:21:48,727 [main] INFO  server.RaftServerConfigKeys (ConfUtils.java:logGet(43)) - raft.server.rpc.request.timeout = 3000ms (default)
2019-10-15 03:21:48,728 [main] INFO  server.RaftServerConfigKeys (ConfUtils.java:logGet(43)) - raft.server.storage.dir = [/workdir/hadoop-ozone/integration-test/target/test-dir/MiniOzoneClusterImpl-0445134e-5ee1-47c2-9f3a-343f5ba53be4/datanode-6/data/ratis] (custom)
2019-10-15 03:21:48,729 [main] INFO  hdfs.DFSUtil (DFSUtil.java:httpServerTemplateForNNAndJN(1641)) - Starting Web-server for hddsDatanode at: http://0.0.0.0:0
2019-10-15 03:21:48,731 [main] INFO  server.AuthenticationFilter (AuthenticationFilter.java:constructSecretProvider(240)) - Unable to initialize FileSignerSecretProvider, falling back to use random secrets.
2019-10-15 03:21:48,731 [main] WARN  http.HttpRequestLog (HttpRequestLog.java:getRequestLog(97)) - Jetty request log can only be enabled using Log4j
2019-10-15 03:21:48,733 [4c6a16c4-95d2-4ef7-9fc0-4f57ccbd9967@group-5FF82F29B6C0-LeaderElection1211] INFO  impl.LeaderElection (LeaderElection.java:askForVotes(178)) - 4c6a16c4-95d2-4ef7-9fc0-4f57ccbd9967@group-5FF82F29B6C0-LeaderElection1211: begin an election at term 1262 for -1: [4c6a16c4-95d2-4ef7-9fc0-4f57ccbd9967:192.168.5.131:39112, 742c26a8-c271-430a-a05a-c8bba3fa6d96:192.168.5.131:42235, a910346c-1ee2-4cdc-a6d8-644a3a4f0b7f:192.168.5.131:38193], old=null
2019-10-15 03:21:48,733 [main] INFO  http.HttpServer2 (HttpServer2.java:addGlobalFilter(975)) - Added global filter 'safety' (class=org.apache.hadoop.http.HttpServer2$QuotingInputFilter)
2019-10-15 03:21:48,734 [grpc-default-executor-8] INFO  impl.RaftServerImpl (RaftServerImpl.java:setRole(184)) - 742c26a8-c271-430a-a05a-c8bba3fa6d96@group-5FF82F29B6C0: changes role from  FOLLOWER to FOLLOWER at term 1262 for recognizeCandidate:4c6a16c4-95d2-4ef7-9fc0-4f57ccbd9967
2019-10-15 03:21:48,734 [main] INFO  http.HttpServer2 (HttpServer2.java:addFilter(948)) - Added filter static_user_filter (class=org.apache.hadoop.http.lib.StaticUserWebFilter$StaticUserFilter) to context hddsDatanode
2019-10-15 03:21:48,734 [grpc-default-executor-4] INFO  impl.RaftServerImpl (RaftServerImpl.java:setRole(184)) - a910346c-1ee2-4cdc-a6d8-644a3a4f0b7f@group-5FF82F29B6C0: changes role from  FOLLOWER to FOLLOWER at term 1262 for recognizeCandidate:4c6a16c4-95d2-4ef7-9fc0-4f57ccbd9967
2019-10-15 03:21:48,735 [grpc-default-executor-4] INFO  impl.RoleInfo (RoleInfo.java:shutdownFollowerState(121)) - a910346c-1ee2-4cdc-a6d8-644a3a4f0b7f: shutdown FollowerState
2019-10-15 03:21:48,734 [grpc-default-executor-8] INFO  impl.RoleInfo (RoleInfo.java:shutdownFollowerState(121)) - 742c26a8-c271-430a-a05a-c8bba3fa6d96: shutdown FollowerState
2019-10-15 03:21:48,735 [grpc-default-executor-4] INFO  impl.RoleInfo (RoleInfo.java:updateAndGet(143)) - a910346c-1ee2-4cdc-a6d8-644a3a4f0b7f: start FollowerState
2019-10-15 03:21:48,735 [main] INFO  http.HttpServer2 (HttpServer2.java:addFilter(958)) - Added filter static_user_filter (class=org.apache.hadoop.http.lib.StaticUserWebFilter$StaticUserFilter) to context logs
2019-10-15 03:21:48,735 [Thread-9996] INFO  impl.FollowerState (FollowerState.java:run(117)) - 742c26a8-c271-430a-a05a-c8bba3fa6d96@group-5FF82F29B6C0-FollowerState was interrupted: java.lang.InterruptedException: sleep interrupted
2019-10-15 03:21:48,735 [grpc-default-executor-8] INFO  impl.RoleInfo (RoleInfo.java:updateAndGet(143)) - 742c26a8-c271-430a-a05a-c8bba3fa6d96: start FollowerState
2019-10-15 03:21:48,735 [Thread-9997] INFO  impl.FollowerState (FollowerState.java:run(117)) - a910346c-1ee2-4cdc-a6d8-644a3a4f0b7f@group-5FF82F29B6C0-FollowerState was interrupted: java.lang.InterruptedException: sleep interrupted
2019-10-15 03:21:48,737 [main] INFO  http.HttpServer2 (HttpServer2.java:addFilter(958)) - Added filter static_user_filter (class=org.apache.hadoop.http.lib.StaticUserWebFilter$StaticUserFilter) to context static
2019-10-15 03:21:48,739 [main] INFO  http.HttpServer2 (HttpServer2.java:bindListener(1191)) - Jetty bound to port 36160
2019-10-15 03:21:48,739 [main] INFO  server.Server (Server.java:doStart(351)) - jetty-9.3.25.v20180904, build timestamp: 2018-09-04T21:11:46Z, git hash: 3ce520221d0240229c862b122d2b06c12a625732
2019-10-15 03:21:48,741 [main] INFO  handler.ContextHandler (ContextHandler.java:doStart(781)) - Started o.e.j.s.ServletContextHandler@4fd74223{/logs,file:///workdir/hadoop-ozone/integration-test/target/log,AVAILABLE}
2019-10-15 03:21:48,741 [main] INFO  handler.ContextHandler (ContextHandler.java:doStart(781)) - Started o.e.j.s.ServletContextHandler@32ae8f27{/static,jar:file:/home/user/.m2/repository/org/apache/hadoop/hadoop-hdds-container-service/0.5.0-SNAPSHOT/hadoop-hdds-container-service-0.5.0-SNAPSHOT.jar!/webapps/static,AVAILABLE}
2019-10-15 03:21:48,751 [4c6a16c4-95d2-4ef7-9fc0-4f57ccbd9967@group-5FF82F29B6C0-LeaderElection1211] INFO  impl.LeaderElection (LeaderElection.java:logAndReturn(56)) - 4c6a16c4-95d2-4ef7-9fc0-4f57ccbd9967@group-5FF82F29B6C0-LeaderElection1211: Election REJECTED; received 2 response(s) [4c6a16c4-95d2-4ef7-9fc0-4f57ccbd9967<-742c26a8-c271-430a-a05a-c8bba3fa6d96#0:FAIL-t1262, 4c6a16c4-95d2-4ef7-9fc0-4f57ccbd9967<-a910346c-1ee2-4cdc-a6d8-644a3a4f0b7f#0:FAIL-t1262] and 0 exception(s); 4c6a16c4-95d2-4ef7-9fc0-4f57ccbd9967@group-5FF82F29B6C0:t1262, leader=null, voted=4c6a16c4-95d2-4ef7-9fc0-4f57ccbd9967, raftlog=4c6a16c4-95d2-4ef7-9fc0-4f57ccbd9967@group-5FF82F29B6C0-SegmentedRaftLog:OPENED:c-1,f-1,i0, conf=-1: [4c6a16c4-95d2-4ef7-9fc0-4f57ccbd9967:192.168.5.131:39112, 742c26a8-c271-430a-a05a-c8bba3fa6d96:192.168.5.131:42235, a910346c-1ee2-4cdc-a6d8-644a3a4f0b7f:192.168.5.131:38193], old=null
2019-10-15 03:21:48,751 [4c6a16c4-95d2-4ef7-9fc0-4f57ccbd9967@group-5FF82F29B6C0-LeaderElection1211] INFO  impl.RaftServerImpl (RaftServerImpl.java:setRole(184)) - 4c6a16c4-95d2-4ef7-9fc0-4f57ccbd9967@group-5FF82F29B6C0: changes role from CANDIDATE to FOLLOWER at term 1262 for DISCOVERED_A_NEW_TERM
2019-10-15 03:21:48,751 [4c6a16c4-95d2-4ef7-9fc0-4f57ccbd9967@group-5FF82F29B6C0-LeaderElection1211] INFO  impl.RoleInfo (RoleInfo.java:shutdownLeaderElection(134)) - 4c6a16c4-95d2-4ef7-9fc0-4f57ccbd9967: shutdown LeaderElection
2019-10-15 03:21:48,751 [4c6a16c4-95d2-4ef7-9fc0-4f57ccbd9967@group-5FF82F29B6C0-LeaderElection1211] INFO  impl.RoleInfo (RoleInfo.java:updateAndGet(143)) - 4c6a16c4-95d2-4ef7-9fc0-4f57ccbd9967: start FollowerState
2019-10-15 03:21:48,780 [Thread-10032] INFO  impl.FollowerState (FollowerState.java:run(108)) - 4c6a16c4-95d2-4ef7-9fc0-4f57ccbd9967@group-5FF82F29B6C0-FollowerState: change to CANDIDATE, lastRpcTime:28ms, electionTimeout:28ms
2019-10-15 03:21:48,780 [Thread-10032] INFO  impl.RoleInfo (RoleInfo.java:shutdownFollowerState(121)) - 4c6a16c4-95d2-4ef7-9fc0-4f57ccbd9967: shutdown FollowerState
2019-10-15 03:21:48,780 [Thread-10032] INFO  impl.RaftServerImpl (RaftServerImpl.java:setRole(184)) - 4c6a16c4-95d2-4ef7-9fc0-4f57ccbd9967@group-5FF82F29B6C0: changes role from  FOLLOWER to CANDIDATE at term 1262 for changeToCandidate
2019-10-15 03:21:48,780 [Thread-10032] ERROR ratis.XceiverServerRatis (XceiverServerRatis.java:triggerPipelineClose(582)) - pipeline Action CLOSE  on pipeline PipelineID=e4bf9835-e697-42f6-b211-5ff82f29b6c0.Reason : 4c6a16c4-95d2-4ef7-9fc0-4f57ccbd9967 is in candidate state for 163679ms
2019-10-15 03:21:48,780 [Thread-10032] INFO  impl.RoleInfo (RoleInfo.java:updateAndGet(143)) - 4c6a16c4-95d2-4ef7-9fc0-4f57ccbd9967: start LeaderElection
2019-10-15 03:21:48,786 [main] INFO  handler.ContextHandler (ContextHandler.java:doStart(781)) - Started o.e.j.w.WebAppContext@4981d95b{/,file:///tmp/jetty-0.0.0.0-36160-hddsDatanode-_-any-7048479094277661512.dir/webapp/,AVAILABLE}{/hddsDatanode}
2019-10-15 03:21:48,787 [main] INFO  server.AbstractConnector (AbstractConnector.java:doStart(278)) - Started ServerConnector@656842bc{HTTP/1.1,[http/1.1]}{0.0.0.0:36160}
2019-10-15 03:21:48,790 [main] INFO  server.Server (Server.java:doStart(419)) - Started @174932ms
2019-10-15 03:21:48,791 [main] WARN  impl.MetricsSystemImpl (MetricsSystemImpl.java:register(276)) - Sink prometheus already exists!
2019-10-15 03:21:48,792 [main] INFO  server.BaseHttpServer (BaseHttpServer.java:updateConnectorAddress(215)) - HTTP server of HDDSDATANODE is listening at http://0.0.0.0:36160
2019-10-15 03:21:48,792 [main] INFO  ozone.MiniOzoneClusterImpl (MiniOzoneClusterImpl.java:lambda$waitForClusterToBeReady$0(147)) - Waiting for cluster to be ready. Got 0 of 7 DN Heartbeats.
2019-10-15 03:21:48,793 [org.apache.hadoop.util.JvmPauseMonitor$Monitor@39669e9c] INFO  util.JvmPauseMonitor (JvmPauseMonitor.java:run(188)) - Starting JVM pause monitor
2019-10-15 03:21:48,793 [4c6a16c4-95d2-4ef7-9fc0-4f57ccbd9967@group-5FF82F29B6C0-LeaderElection1212] INFO  impl.LeaderElection (LeaderElection.java:askForVotes(178)) - 4c6a16c4-95d2-4ef7-9fc0-4f57ccbd9967@group-5FF82F29B6C0-LeaderElection1212: begin an election at term 1263 for -1: [4c6a16c4-95d2-4ef7-9fc0-4f57ccbd9967:192.168.5.131:39112, 742c26a8-c271-430a-a05a-c8bba3fa6d96:192.168.5.131:42235, a910346c-1ee2-4cdc-a6d8-644a3a4f0b7f:192.168.5.131:38193], old=null
2019-10-15 03:21:48,793 [Datanode State Machine Thread - 0] INFO  datanode.InitDatanodeState (InitDatanodeState.java:persistContainerDatanodeDetails(140)) - DatanodeDetails is persisted to /workdir/hadoop-ozone/integration-test/target/test-dir/MiniOzoneClusterImpl-0445134e-5ee1-47c2-9f3a-343f5ba53be4/datanode-6/meta/datanode.id
2019-10-15 03:21:48,794 [grpc-default-executor-4] INFO  impl.RaftServerImpl (RaftServerImpl.java:setRole(184)) - 742c26a8-c271-430a-a05a-c8bba3fa6d96@group-5FF82F29B6C0: changes role from  FOLLOWER to FOLLOWER at term 1263 for recognizeCandidate:4c6a16c4-95d2-4ef7-9fc0-4f57ccbd9967
2019-10-15 03:21:48,794 [grpc-default-executor-8] INFO  impl.RaftServerImpl (RaftServerImpl.java:setRole(184)) - a910346c-1ee2-4cdc-a6d8-644a3a4f0b7f@group-5FF82F29B6C0: changes role from  FOLLOWER to FOLLOWER at term 1263 for recognizeCandidate:4c6a16c4-95d2-4ef7-9fc0-4f57ccbd9967
2019-10-15 03:21:48,794 [grpc-default-executor-8] INFO  impl.RoleInfo (RoleInfo.java:shutdownFollowerState(121)) - a910346c-1ee2-4cdc-a6d8-644a3a4f0b7f: shutdown FollowerState
2019-10-15 03:21:48,794 [grpc-default-executor-4] INFO  impl.RoleInfo (RoleInfo.java:shutdownFollowerState(121)) - 742c26a8-c271-430a-a05a-c8bba3fa6d96: shutdown FollowerState
2019-10-15 03:21:48,794 [Thread-10022] INFO  impl.FollowerState (FollowerState.java:run(117)) - a910346c-1ee2-4cdc-a6d8-644a3a4f0b7f@group-5FF82F29B6C0-FollowerState was interrupted: java.lang.InterruptedException: sleep interrupted
2019-10-15 03:21:48,794 [grpc-default-executor-8] INFO  impl.RoleInfo (RoleInfo.java:updateAndGet(143)) - a910346c-1ee2-4cdc-a6d8-644a3a4f0b7f: start FollowerState
2019-10-15 03:21:48,794 [Thread-10023] INFO  impl.FollowerState (FollowerState.java:run(117)) - 742c26a8-c271-430a-a05a-c8bba3fa6d96@group-5FF82F29B6C0-FollowerState was interrupted: java.lang.InterruptedException: sleep interrupted
2019-10-15 03:21:48,794 [grpc-default-executor-4] INFO  impl.RoleInfo (RoleInfo.java:updateAndGet(143)) - 742c26a8-c271-430a-a05a-c8bba3fa6d96: start FollowerState
2019-10-15 03:21:48,808 [4c6a16c4-95d2-4ef7-9fc0-4f57ccbd9967@group-5FF82F29B6C0-LeaderElection1212] INFO  impl.LeaderElection (LeaderElection.java:logAndReturn(56)) - 4c6a16c4-95d2-4ef7-9fc0-4f57ccbd9967@group-5FF82F29B6C0-LeaderElection1212: Election REJECTED; received 2 response(s) [4c6a16c4-95d2-4ef7-9fc0-4f57ccbd9967<-742c26a8-c271-430a-a05a-c8bba3fa6d96#0:FAIL-t1263, 4c6a16c4-95d2-4ef7-9fc0-4f57ccbd9967<-a910346c-1ee2-4cdc-a6d8-644a3a4f0b7f#0:FAIL-t1263] and 0 exception(s); 4c6a16c4-95d2-4ef7-9fc0-4f57ccbd9967@group-5FF82F29B6C0:t1263, leader=null, voted=4c6a16c4-95d2-4ef7-9fc0-4f57ccbd9967, raftlog=4c6a16c4-95d2-4ef7-9fc0-4f57ccbd9967@group-5FF82F29B6C0-SegmentedRaftLog:OPENED:c-1,f-1,i0, conf=-1: [4c6a16c4-95d2-4ef7-9fc0-4f57ccbd9967:192.168.5.131:39112, 742c26a8-c271-430a-a05a-c8bba3fa6d96:192.168.5.131:42235, a910346c-1ee2-4cdc-a6d8-644a3a4f0b7f:192.168.5.131:38193], old=null
2019-10-15 03:21:48,808 [4c6a16c4-95d2-4ef7-9fc0-4f57ccbd9967@group-5FF82F29B6C0-LeaderElection1212] INFO  impl.RaftServerImpl (RaftServerImpl.java:setRole(184)) - 4c6a16c4-95d2-4ef7-9fc0-4f57ccbd9967@group-5FF82F29B6C0: changes role from CANDIDATE to FOLLOWER at term 1263 for DISCOVERED_A_NEW_TERM
2019-10-15 03:21:48,808 [4c6a16c4-95d2-4ef7-9fc0-4f57ccbd9967@group-5FF82F29B6C0-LeaderElection1212] INFO  impl.RoleInfo (RoleInfo.java:shutdownLeaderElection(134)) - 4c6a16c4-95d2-4ef7-9fc0-4f57ccbd9967: shutdown LeaderElection
2019-10-15 03:21:48,808 [4c6a16c4-95d2-4ef7-9fc0-4f57ccbd9967@group-5FF82F29B6C0-LeaderElection1212] INFO  impl.RoleInfo (RoleInfo.java:updateAndGet(143)) - 4c6a16c4-95d2-4ef7-9fc0-4f57ccbd9967: start FollowerState
2019-10-15 03:21:48,945 [Thread-10040] INFO  impl.FollowerState (FollowerState.java:run(108)) - 4c6a16c4-95d2-4ef7-9fc0-4f57ccbd9967@group-5FF82F29B6C0-FollowerState: change to CANDIDATE, lastRpcTime:136ms, electionTimeout:136ms
2019-10-15 03:21:48,945 [Thread-10040] INFO  impl.RoleInfo (RoleInfo.java:shutdownFollowerState(121)) - 4c6a16c4-95d2-4ef7-9fc0-4f57ccbd9967: shutdown FollowerState
2019-10-15 03:21:48,945 [Thread-10040] INFO  impl.RaftServerImpl (RaftServerImpl.java:setRole(184)) - 4c6a16c4-95d2-4ef7-9fc0-4f57ccbd9967@group-5FF82F29B6C0: changes role from  FOLLOWER to CANDIDATE at term 1263 for changeToCandidate
2019-10-15 03:21:48,945 [Thread-10040] ERROR ratis.XceiverServerRatis (XceiverServerRatis.java:triggerPipelineClose(582)) - pipeline Action CLOSE  on pipeline PipelineID=e4bf9835-e697-42f6-b211-5ff82f29b6c0.Reason : 4c6a16c4-95d2-4ef7-9fc0-4f57ccbd9967 is in candidate state for 163845ms
2019-10-15 03:21:48,946 [Thread-10040] INFO  impl.RoleInfo (RoleInfo.java:updateAndGet(143)) - 4c6a16c4-95d2-4ef7-9fc0-4f57ccbd9967: start LeaderElection
2019-10-15 03:21:48,959 [4c6a16c4-95d2-4ef7-9fc0-4f57ccbd9967@group-5FF82F29B6C0-LeaderElection1213] INFO  impl.LeaderElection (LeaderElection.java:askForVotes(178)) - 4c6a16c4-95d2-4ef7-9fc0-4f57ccbd9967@group-5FF82F29B6C0-LeaderElection1213: begin an election at term 1264 for -1: [4c6a16c4-95d2-4ef7-9fc0-4f57ccbd9967:192.168.5.131:39112, 742c26a8-c271-430a-a05a-c8bba3fa6d96:192.168.5.131:42235, a910346c-1ee2-4cdc-a6d8-644a3a4f0b7f:192.168.5.131:38193], old=null
2019-10-15 03:21:48,961 [grpc-default-executor-4] INFO  impl.RaftServerImpl (RaftServerImpl.java:setRole(184)) - 742c26a8-c271-430a-a05a-c8bba3fa6d96@group-5FF82F29B6C0: changes role from  FOLLOWER to FOLLOWER at term 1264 for recognizeCandidate:4c6a16c4-95d2-4ef7-9fc0-4f57ccbd9967
2019-10-15 03:21:48,961 [grpc-default-executor-8] INFO  impl.RaftServerImpl (RaftServerImpl.java:setRole(184)) - a910346c-1ee2-4cdc-a6d8-644a3a4f0b7f@group-5FF82F29B6C0: changes role from  FOLLOWER to FOLLOWER at term 1264 for recognizeCandidate:4c6a16c4-95d2-4ef7-9fc0-4f57ccbd9967
2019-10-15 03:21:48,961 [grpc-default-executor-8] INFO  impl.RoleInfo (RoleInfo.java:shutdownFollowerState(121)) - a910346c-1ee2-4cdc-a6d8-644a3a4f0b7f: shutdown FollowerState
2019-10-15 03:21:48,961 [grpc-default-executor-4] INFO  impl.RoleInfo (RoleInfo.java:shutdownFollowerState(121)) - 742c26a8-c271-430a-a05a-c8bba3fa6d96: shutdown FollowerState
2019-10-15 03:21:48,961 [Thread-10038] INFO  impl.FollowerState (FollowerState.java:run(117)) - a910346c-1ee2-4cdc-a6d8-644a3a4f0b7f@group-5FF82F29B6C0-FollowerState was interrupted: java.lang.InterruptedException: sleep interrupted
2019-10-15 03:21:48,961 [grpc-default-executor-8] INFO  impl.RoleInfo (RoleInfo.java:updateAndGet(143)) - a910346c-1ee2-4cdc-a6d8-644a3a4f0b7f: start FollowerState
2019-10-15 03:21:48,962 [Thread-10039] INFO  impl.FollowerState (FollowerState.java:run(117)) - 742c26a8-c271-430a-a05a-c8bba3fa6d96@group-5FF82F29B6C0-FollowerState was interrupted: java.lang.InterruptedException: sleep interrupted
2019-10-15 03:21:48,962 [grpc-default-executor-4] INFO  impl.RoleInfo (RoleInfo.java:updateAndGet(143)) - 742c26a8-c271-430a-a05a-c8bba3fa6d96: start FollowerState
2019-10-15 03:21:48,975 [4c6a16c4-95d2-4ef7-9fc0-4f57ccbd9967@group-5FF82F29B6C0-LeaderElection1213] INFO  impl.LeaderElection (LeaderElection.java:logAndReturn(56)) - 4c6a16c4-95d2-4ef7-9fc0-4f57ccbd9967@group-5FF82F29B6C0-LeaderElection1213: Election REJECTED; received 2 response(s) [4c6a16c4-95d2-4ef7-9fc0-4f57ccbd9967<-742c26a8-c271-430a-a05a-c8bba3fa6d96#0:FAIL-t1264, 4c6a16c4-95d2-4ef7-9fc0-4f57ccbd9967<-a910346c-1ee2-4cdc-a6d8-644a3a4f0b7f#0:FAIL-t1264] and 0 exception(s); 4c6a16c4-95d2-4ef7-9fc0-4f57ccbd9967@group-5FF82F29B6C0:t1264, leader=null, voted=4c6a16c4-95d2-4ef7-9fc0-4f57ccbd9967, raftlog=4c6a16c4-95d2-4ef7-9fc0-4f57ccbd9967@group-5FF82F29B6C0-SegmentedRaftLog:OPENED:c-1,f-1,i0, conf=-1: [4c6a16c4-95d2-4ef7-9fc0-4f57ccbd9967:192.168.5.131:39112, 742c26a8-c271-430a-a05a-c8bba3fa6d96:192.168.5.131:42235, a910346c-1ee2-4cdc-a6d8-644a3a4f0b7f:192.168.5.131:38193], old=null
2019-10-15 03:21:48,976 [4c6a16c4-95d2-4ef7-9fc0-4f57ccbd9967@group-5FF82F29B6C0-LeaderElection1213] INFO  impl.RaftServerImpl (RaftServerImpl.java:setRole(184)) - 4c6a16c4-95d2-4ef7-9fc0-4f57ccbd9967@group-5FF82F29B6C0: changes role from CANDIDATE to FOLLOWER at term 1264 for DISCOVERED_A_NEW_TERM
2019-10-15 03:21:48,976 [4c6a16c4-95d2-4ef7-9fc0-4f57ccbd9967@group-5FF82F29B6C0-LeaderElection1213] INFO  impl.RoleInfo (RoleInfo.java:shutdownLeaderElection(134)) - 4c6a16c4-95d2-4ef7-9fc0-4f57ccbd9967: shutdown LeaderElection
2019-10-15 03:21:48,976 [4c6a16c4-95d2-4ef7-9fc0-4f57ccbd9967@group-5FF82F29B6C0-LeaderElection1213] INFO  impl.RoleInfo (RoleInfo.java:updateAndGet(143)) - 4c6a16c4-95d2-4ef7-9fc0-4f57ccbd9967: start FollowerState
2019-10-15 03:21:48,984 [EventQueue-PipelineActionsForPipelineActionHandler] ERROR pipeline.PipelineActionHandler (PipelineActionHandler.java:onMessage(60)) - Received pipeline action CLOSE for Pipeline[ Id: e4bf9835-e697-42f6-b211-5ff82f29b6c0, Nodes: a910346c-1ee2-4cdc-a6d8-644a3a4f0b7f{ip: 192.168.5.131, host: pr-hdds-2305-c92ks-1629580955, networkLocation: /default-rack, certSerialId: null}742c26a8-c271-430a-a05a-c8bba3fa6d96{ip: 192.168.5.131, host: pr-hdds-2305-c92ks-1629580955, networkLocation: /default-rack, certSerialId: null}4c6a16c4-95d2-4ef7-9fc0-4f57ccbd9967{ip: 192.168.5.131, host: pr-hdds-2305-c92ks-1629580955, networkLocation: /default-rack, certSerialId: null}, Type:RATIS, Factor:THREE, State:CLOSED] from datanode 4c6a16c4-95d2-4ef7-9fc0-4f57ccbd9967{ip: 192.168.5.131, host: pr-hdds-2305-c92ks-1629580955, networkLocation: /default-rack, certSerialId: null}. Reason : 4c6a16c4-95d2-4ef7-9fc0-4f57ccbd9967 is in candidate state for 162983ms
2019-10-15 03:21:48,984 [EventQueue-PipelineActionsForPipelineActionHandler] INFO  pipeline.SCMPipelineManager (SCMPipelineManager.java:finalizeAndDestroyPipeline(315)) - destroying pipeline:Pipeline[ Id: e4bf9835-e697-42f6-b211-5ff82f29b6c0, Nodes: a910346c-1ee2-4cdc-a6d8-644a3a4f0b7f{ip: 192.168.5.131, host: pr-hdds-2305-c92ks-1629580955, networkLocation: /default-rack, certSerialId: null}742c26a8-c271-430a-a05a-c8bba3fa6d96{ip: 192.168.5.131, host: pr-hdds-2305-c92ks-1629580955, networkLocation: /default-rack, certSerialId: null}4c6a16c4-95d2-4ef7-9fc0-4f57ccbd9967{ip: 192.168.5.131, host: pr-hdds-2305-c92ks-1629580955, networkLocation: /default-rack, certSerialId: null}, Type:RATIS, Factor:THREE, State:CLOSED]
2019-10-15 03:21:49,034 [Thread-10046] INFO  impl.FollowerState (FollowerState.java:run(108)) - 4c6a16c4-95d2-4ef7-9fc0-4f57ccbd9967@group-5FF82F29B6C0-FollowerState: change to CANDIDATE, lastRpcTime:58ms, electionTimeout:58ms
2019-10-15 03:21:49,034 [Thread-10046] INFO  impl.RoleInfo (RoleInfo.java:shutdownFollowerState(121)) - 4c6a16c4-95d2-4ef7-9fc0-4f57ccbd9967: shutdown FollowerState
2019-10-15 03:21:49,035 [Thread-10046] INFO  impl.RaftServerImpl (RaftServerImpl.java:setRole(184)) - 4c6a16c4-95d2-4ef7-9fc0-4f57ccbd9967@group-5FF82F29B6C0: changes role from  FOLLOWER to CANDIDATE at term 1264 for changeToCandidate
2019-10-15 03:21:49,035 [Thread-10046] ERROR ratis.XceiverServerRatis (XceiverServerRatis.java:triggerPipelineClose(582)) - pipeline Action CLOSE  on pipeline PipelineID=e4bf9835-e697-42f6-b211-5ff82f29b6c0.Reason : 4c6a16c4-95d2-4ef7-9fc0-4f57ccbd9967 is in candidate state for 163934ms
2019-10-15 03:21:49,035 [Thread-10046] INFO  impl.RoleInfo (RoleInfo.java:updateAndGet(143)) - 4c6a16c4-95d2-4ef7-9fc0-4f57ccbd9967: start LeaderElection
2019-10-15 03:21:49,049 [4c6a16c4-95d2-4ef7-9fc0-4f57ccbd9967@group-5FF82F29B6C0-LeaderElection1214] INFO  impl.LeaderElection (LeaderElection.java:askForVotes(178)) - 4c6a16c4-95d2-4ef7-9fc0-4f57ccbd9967@group-5FF82F29B6C0-LeaderElection1214: begin an election at term 1265 for -1: [4c6a16c4-95d2-4ef7-9fc0-4f57ccbd9967:192.168.5.131:39112, 742c26a8-c271-430a-a05a-c8bba3fa6d96:192.168.5.131:42235, a910346c-1ee2-4cdc-a6d8-644a3a4f0b7f:192.168.5.131:38193], old=null
2019-10-15 03:21:49,050 [grpc-default-executor-4] INFO  impl.RaftServerImpl (RaftServerImpl.java:setRole(184)) - 742c26a8-c271-430a-a05a-c8bba3fa6d96@group-5FF82F29B6C0: changes role from  FOLLOWER to FOLLOWER at term 1265 for recognizeCandidate:4c6a16c4-95d2-4ef7-9fc0-4f57ccbd9967
2019-10-15 03:21:49,050 [grpc-default-executor-8] INFO  impl.RaftServerImpl (RaftServerImpl.java:setRole(184)) - a910346c-1ee2-4cdc-a6d8-644a3a4f0b7f@group-5FF82F29B6C0: changes role from  FOLLOWER to FOLLOWER at term 1265 for recognizeCandidate:4c6a16c4-95d2-4ef7-9fc0-4f57ccbd9967
2019-10-15 03:21:49,051 [grpc-default-executor-8] INFO  impl.RoleInfo (RoleInfo.java:shutdownFollowerState(121)) - a910346c-1ee2-4cdc-a6d8-644a3a4f0b7f: shutdown FollowerState
2019-10-15 03:21:49,050 [grpc-default-executor-4] INFO  impl.RoleInfo (RoleInfo.java:shutdownFollowerState(121)) - 742c26a8-c271-430a-a05a-c8bba3fa6d96: shutdown FollowerState
2019-10-15 03:21:49,051 [Thread-10044] INFO  impl.FollowerState (FollowerState.java:run(117)) - a910346c-1ee2-4cdc-a6d8-644a3a4f0b7f@group-5FF82F29B6C0-FollowerState was interrupted: java.lang.InterruptedException: sleep interrupted
2019-10-15 03:21:49,051 [Thread-10045] INFO  impl.FollowerState (FollowerState.java:run(117)) - 742c26a8-c271-430a-a05a-c8bba3fa6d96@group-5FF82F29B6C0-FollowerState was interrupted: java.lang.InterruptedException: sleep interrupted
2019-10-15 03:21:49,051 [grpc-default-executor-8] INFO  impl.RoleInfo (RoleInfo.java:updateAndGet(143)) - a910346c-1ee2-4cdc-a6d8-644a3a4f0b7f: start FollowerState
2019-10-15 03:21:49,051 [grpc-default-executor-4] INFO  impl.RoleInfo (RoleInfo.java:updateAndGet(143)) - 742c26a8-c271-430a-a05a-c8bba3fa6d96: start FollowerState
2019-10-15 03:21:49,065 [4c6a16c4-95d2-4ef7-9fc0-4f57ccbd9967@group-5FF82F29B6C0-LeaderElection1214] INFO  impl.LeaderElection (LeaderElection.java:logAndReturn(56)) - 4c6a16c4-95d2-4ef7-9fc0-4f57ccbd9967@group-5FF82F29B6C0-LeaderElection1214: Election REJECTED; received 2 response(s) [4c6a16c4-95d2-4ef7-9fc0-4f57ccbd9967<-742c26a8-c271-430a-a05a-c8bba3fa6d96#0:FAIL-t1265, 4c6a16c4-95d2-4ef7-9fc0-4f57ccbd9967<-a910346c-1ee2-4cdc-a6d8-644a3a4f0b7f#0:FAIL-t1265] and 0 exception(s); 4c6a16c4-95d2-4ef7-9fc0-4f57ccbd9967@group-5FF82F29B6C0:t1265, leader=null, voted=4c6a16c4-95d2-4ef7-9fc0-4f57ccbd9967, raftlog=4c6a16c4-95d2-4ef7-9fc0-4f57ccbd9967@group-5FF82F29B6C0-SegmentedRaftLog:OPENED:c-1,f-1,i0, conf=-1: [4c6a16c4-95d2-4ef7-9fc0-4f57ccbd9967:192.168.5.131:39112, 742c26a8-c271-430a-a05a-c8bba3fa6d96:192.168.5.131:42235, a910346c-1ee2-4cdc-a6d8-644a3a4f0b7f:192.168.5.131:38193], old=null
2019-10-15 03:21:49,065 [4c6a16c4-95d2-4ef7-9fc0-4f57ccbd9967@group-5FF82F29B6C0-LeaderElection1214] INFO  impl.RaftServerImpl (RaftServerImpl.java:setRole(184)) - 4c6a16c4-95d2-4ef7-9fc0-4f57ccbd9967@group-5FF82F29B6C0: changes role from CANDIDATE to FOLLOWER at term 1265 for DISCOVERED_A_NEW_TERM
2019-10-15 03:21:49,066 [4c6a16c4-95d2-4ef7-9fc0-4f57ccbd9967@group-5FF82F29B6C0-LeaderElection1214] INFO  impl.RoleInfo (RoleInfo.java:shutdownLeaderElection(134)) - 4c6a16c4-95d2-4ef7-9fc0-4f57ccbd9967: shutdown LeaderElection
2019-10-15 03:21:49,066 [4c6a16c4-95d2-4ef7-9fc0-4f57ccbd9967@group-5FF82F29B6C0-LeaderElection1214] INFO  impl.RoleInfo (RoleInfo.java:updateAndGet(143)) - 4c6a16c4-95d2-4ef7-9fc0-4f57ccbd9967: start FollowerState
2019-10-15 03:21:49,261 [Thread-10054] INFO  impl.FollowerState (FollowerState.java:run(108)) - 4c6a16c4-95d2-4ef7-9fc0-4f57ccbd9967@group-5FF82F29B6C0-FollowerState: change to CANDIDATE, lastRpcTime:195ms, electionTimeout:195ms
2019-10-15 03:21:49,261 [Thread-10054] INFO  impl.RoleInfo (RoleInfo.java:shutdownFollowerState(121)) - 4c6a16c4-95d2-4ef7-9fc0-4f57ccbd9967: shutdown FollowerState
2019-10-15 03:21:49,262 [Thread-10054] INFO  impl.RaftServerImpl (RaftServerImpl.java:setRole(184)) - 4c6a16c4-95d2-4ef7-9fc0-4f57ccbd9967@group-5FF82F29B6C0: changes role from  FOLLOWER to CANDIDATE at term 1265 for changeToCandidate
2019-10-15 03:21:49,262 [Thread-10054] ERROR ratis.XceiverServerRatis (XceiverServerRatis.java:triggerPipelineClose(582)) - pipeline Action CLOSE  on pipeline PipelineID=e4bf9835-e697-42f6-b211-5ff82f29b6c0.Reason : 4c6a16c4-95d2-4ef7-9fc0-4f57ccbd9967 is in candidate state for 164161ms
2019-10-15 03:21:49,262 [Thread-10054] INFO  impl.RoleInfo (RoleInfo.java:updateAndGet(143)) - 4c6a16c4-95d2-4ef7-9fc0-4f57ccbd9967: start LeaderElection
2019-10-15 03:21:49,284 [4c6a16c4-95d2-4ef7-9fc0-4f57ccbd9967@group-5FF82F29B6C0-LeaderElection1215] INFO  impl.LeaderElection (LeaderElection.java:askForVotes(178)) - 4c6a16c4-95d2-4ef7-9fc0-4f57ccbd9967@group-5FF82F29B6C0-LeaderElection1215: begin an election at term 1266 for -1: [4c6a16c4-95d2-4ef7-9fc0-4f57ccbd9967:192.168.5.131:39112, 742c26a8-c271-430a-a05a-c8bba3fa6d96:192.168.5.131:42235, a910346c-1ee2-4cdc-a6d8-644a3a4f0b7f:192.168.5.131:38193], old=null
2019-10-15 03:21:49,287 [grpc-default-executor-4] INFO  impl.RaftServerImpl (RaftServerImpl.java:setRole(184)) - 742c26a8-c271-430a-a05a-c8bba3fa6d96@group-5FF82F29B6C0: changes role from  FOLLOWER to FOLLOWER at term 1266 for recognizeCandidate:4c6a16c4-95d2-4ef7-9fc0-4f57ccbd9967
2019-10-15 03:21:49,287 [grpc-default-executor-4] INFO  impl.RoleInfo (RoleInfo.java:shutdownFollowerState(121)) - 742c26a8-c271-430a-a05a-c8bba3fa6d96: shutdown FollowerState
2019-10-15 03:21:49,287 [grpc-default-executor-4] INFO  impl.RoleInfo (RoleInfo.java:updateAndGet(143)) - 742c26a8-c271-430a-a05a-c8bba3fa6d96: start FollowerState
2019-10-15 03:21:49,287 [grpc-default-executor-8] INFO  impl.RaftServerImpl (RaftServerImpl.java:setRole(184)) - a910346c-1ee2-4cdc-a6d8-644a3a4f0b7f@group-5FF82F29B6C0: changes role from  FOLLOWER to FOLLOWER at term 1266 for recognizeCandidate:4c6a16c4-95d2-4ef7-9fc0-4f57ccbd9967
2019-10-15 03:21:49,287 [grpc-default-executor-8] INFO  impl.RoleInfo (RoleInfo.java:shutdownFollowerState(121)) - a910346c-1ee2-4cdc-a6d8-644a3a4f0b7f: shutdown FollowerState
2019-10-15 03:21:49,287 [Thread-10053] INFO  impl.FollowerState (FollowerState.java:run(117)) - 742c26a8-c271-430a-a05a-c8bba3fa6d96@group-5FF82F29B6C0-FollowerState was interrupted: java.lang.InterruptedException: sleep interrupted
2019-10-15 03:21:49,288 [Thread-10052] INFO  impl.FollowerState (FollowerState.java:run(117)) - a910346c-1ee2-4cdc-a6d8-644a3a4f0b7f@group-5FF82F29B6C0-FollowerState was interrupted: java.lang.InterruptedException: sleep interrupted
2019-10-15 03:21:49,287 [grpc-default-executor-8] INFO  impl.RoleInfo (RoleInfo.java:updateAndGet(143)) - a910346c-1ee2-4cdc-a6d8-644a3a4f0b7f: start FollowerState
2019-10-15 03:21:49,301 [4c6a16c4-95d2-4ef7-9fc0-4f57ccbd9967@group-5FF82F29B6C0-LeaderElection1215] INFO  impl.LeaderElection (LeaderElection.java:logAndReturn(56)) - 4c6a16c4-95d2-4ef7-9fc0-4f57ccbd9967@group-5FF82F29B6C0-LeaderElection1215: Election REJECTED; received 2 response(s) [4c6a16c4-95d2-4ef7-9fc0-4f57ccbd9967<-742c26a8-c271-430a-a05a-c8bba3fa6d96#0:FAIL-t1266, 4c6a16c4-95d2-4ef7-9fc0-4f57ccbd9967<-a910346c-1ee2-4cdc-a6d8-644a3a4f0b7f#0:FAIL-t1266] and 0 exception(s); 4c6a16c4-95d2-4ef7-9fc0-4f57ccbd9967@group-5FF82F29B6C0:t1266, leader=null, voted=4c6a16c4-95d2-4ef7-9fc0-4f57ccbd9967, raftlog=4c6a16c4-95d2-4ef7-9fc0-4f57ccbd9967@group-5FF82F29B6C0-SegmentedRaftLog:OPENED:c-1,f-1,i0, conf=-1: [4c6a16c4-95d2-4ef7-9fc0-4f57ccbd9967:192.168.5.131:39112, 742c26a8-c271-430a-a05a-c8bba3fa6d96:192.168.5.131:42235, a910346c-1ee2-4cdc-a6d8-644a3a4f0b7f:192.168.5.131:38193], old=null
2019-10-15 03:21:49,301 [4c6a16c4-95d2-4ef7-9fc0-4f57ccbd9967@group-5FF82F29B6C0-LeaderElection1215] INFO  impl.RaftServerImpl (RaftServerImpl.java:setRole(184)) - 4c6a16c4-95d2-4ef7-9fc0-4f57ccbd9967@group-5FF82F29B6C0: changes role from CANDIDATE to FOLLOWER at term 1266 for DISCOVERED_A_NEW_TERM
2019-10-15 03:21:49,301 [4c6a16c4-95d2-4ef7-9fc0-4f57ccbd9967@group-5FF82F29B6C0-LeaderElection1215] INFO  impl.RoleInfo (RoleInfo.java:shutdownLeaderElection(134)) - 4c6a16c4-95d2-4ef7-9fc0-4f57ccbd9967: shutdown LeaderElection
2019-10-15 03:21:49,301 [4c6a16c4-95d2-4ef7-9fc0-4f57ccbd9967@group-5FF82F29B6C0-LeaderElection1215] INFO  impl.RoleInfo (RoleInfo.java:updateAndGet(143)) - 4c6a16c4-95d2-4ef7-9fc0-4f57ccbd9967: start FollowerState
2019-10-15 03:21:49,411 [Thread-10060] INFO  impl.FollowerState (FollowerState.java:run(108)) - 4c6a16c4-95d2-4ef7-9fc0-4f57ccbd9967@group-5FF82F29B6C0-FollowerState: change to CANDIDATE, lastRpcTime:109ms, electionTimeout:109ms
2019-10-15 03:21:49,411 [Thread-10060] INFO  impl.RoleInfo (RoleInfo.java:shutdownFollowerState(121)) - 4c6a16c4-95d2-4ef7-9fc0-4f57ccbd9967: shutdown FollowerState
2019-10-15 03:21:49,411 [Thread-10060] INFO  impl.RaftServerImpl (RaftServerImpl.java:setRole(184)) - 4c6a16c4-95d2-4ef7-9fc0-4f57ccbd9967@group-5FF82F29B6C0: changes role from  FOLLOWER to CANDIDATE at term 1266 for changeToCandidate
2019-10-15 03:21:49,411 [Thread-10060] ERROR ratis.XceiverServerRatis (XceiverServerRatis.java:triggerPipelineClose(582)) - pipeline Action CLOSE  on pipeline PipelineID=e4bf9835-e697-42f6-b211-5ff82f29b6c0.Reason : 4c6a16c4-95d2-4ef7-9fc0-4f57ccbd9967 is in candidate state for 164311ms
2019-10-15 03:21:49,412 [Thread-10060] INFO  impl.RoleInfo (RoleInfo.java:updateAndGet(143)) - 4c6a16c4-95d2-4ef7-9fc0-4f57ccbd9967: start LeaderElection
2019-10-15 03:21:49,425 [4c6a16c4-95d2-4ef7-9fc0-4f57ccbd9967@group-5FF82F29B6C0-LeaderElection1216] INFO  impl.LeaderElection (LeaderElection.java:askForVotes(178)) - 4c6a16c4-95d2-4ef7-9fc0-4f57ccbd9967@group-5FF82F29B6C0-LeaderElection1216: begin an election at term 1267 for -1: [4c6a16c4-95d2-4ef7-9fc0-4f57ccbd9967:192.168.5.131:39112, 742c26a8-c271-430a-a05a-c8bba3fa6d96:192.168.5.131:42235, a910346c-1ee2-4cdc-a6d8-644a3a4f0b7f:192.168.5.131:38193], old=null
2019-10-15 03:21:49,426 [grpc-default-executor-8] INFO  impl.RaftServerImpl (RaftServerImpl.java:setRole(184)) - a910346c-1ee2-4cdc-a6d8-644a3a4f0b7f@group-5FF82F29B6C0: changes role from  FOLLOWER to FOLLOWER at term 1267 for recognizeCandidate:4c6a16c4-95d2-4ef7-9fc0-4f57ccbd9967
2019-10-15 03:21:49,426 [grpc-default-executor-4] INFO  impl.RaftServerImpl (RaftServerImpl.java:setRole(184)) - 742c26a8-c271-430a-a05a-c8bba3fa6d96@group-5FF82F29B6C0: changes role from  FOLLOWER to FOLLOWER at term 1267 for recognizeCandidate:4c6a16c4-95d2-4ef7-9fc0-4f57ccbd9967
2019-10-15 03:21:49,426 [grpc-default-executor-8] INFO  impl.RoleInfo (RoleInfo.java:shutdownFollowerState(121)) - a910346c-1ee2-4cdc-a6d8-644a3a4f0b7f: shutdown FollowerState
2019-10-15 03:21:49,427 [grpc-default-executor-4] INFO  impl.RoleInfo (RoleInfo.java:shutdownFollowerState(121)) - 742c26a8-c271-430a-a05a-c8bba3fa6d96: shutdown FollowerState
2019-10-15 03:21:49,427 [Thread-10059] INFO  impl.FollowerState (FollowerState.java:run(117)) - a910346c-1ee2-4cdc-a6d8-644a3a4f0b7f@group-5FF82F29B6C0-FollowerState was interrupted: java.lang.InterruptedException: sleep interrupted
2019-10-15 03:21:49,427 [grpc-default-executor-8] INFO  impl.RoleInfo (RoleInfo.java:updateAndGet(143)) - a910346c-1ee2-4cdc-a6d8-644a3a4f0b7f: start FollowerState
2019-10-15 03:21:49,427 [Thread-10058] INFO  impl.FollowerState (FollowerState.java:run(117)) - 742c26a8-c271-430a-a05a-c8bba3fa6d96@group-5FF82F29B6C0-FollowerState was interrupted: java.lang.InterruptedException: sleep interrupted
2019-10-15 03:21:49,427 [grpc-default-executor-4] INFO  impl.RoleInfo (RoleInfo.java:updateAndGet(143)) - 742c26a8-c271-430a-a05a-c8bba3fa6d96: start FollowerState
2019-10-15 03:21:49,441 [4c6a16c4-95d2-4ef7-9fc0-4f57ccbd9967@group-5FF82F29B6C0-LeaderElection1216] INFO  impl.LeaderElection (LeaderElection.java:logAndReturn(56)) - 4c6a16c4-95d2-4ef7-9fc0-4f57ccbd9967@group-5FF82F29B6C0-LeaderElection1216: Election REJECTED; received 2 response(s) [4c6a16c4-95d2-4ef7-9fc0-4f57ccbd9967<-742c26a8-c271-430a-a05a-c8bba3fa6d96#0:FAIL-t1267, 4c6a16c4-95d2-4ef7-9fc0-4f57ccbd9967<-a910346c-1ee2-4cdc-a6d8-644a3a4f0b7f#0:FAIL-t1267] and 0 exception(s); 4c6a16c4-95d2-4ef7-9fc0-4f57ccbd9967@group-5FF82F29B6C0:t1267, leader=null, voted=4c6a16c4-95d2-4ef7-9fc0-4f57ccbd9967, raftlog=4c6a16c4-95d2-4ef7-9fc0-4f57ccbd9967@group-5FF82F29B6C0-SegmentedRaftLog:OPENED:c-1,f-1,i0, conf=-1: [4c6a16c4-95d2-4ef7-9fc0-4f57ccbd9967:192.168.5.131:39112, 742c26a8-c271-430a-a05a-c8bba3fa6d96:192.168.5.131:42235, a910346c-1ee2-4cdc-a6d8-644a3a4f0b7f:192.168.5.131:38193], old=null
2019-10-15 03:21:49,441 [4c6a16c4-95d2-4ef7-9fc0-4f57ccbd9967@group-5FF82F29B6C0-LeaderElection1216] INFO  impl.RaftServerImpl (RaftServerImpl.java:setRole(184)) - 4c6a16c4-95d2-4ef7-9fc0-4f57ccbd9967@group-5FF82F29B6C0: changes role from CANDIDATE to FOLLOWER at term 1267 for DISCOVERED_A_NEW_TERM
2019-10-15 03:21:49,441 [4c6a16c4-95d2-4ef7-9fc0-4f57ccbd9967@group-5FF82F29B6C0-LeaderElection1216] INFO  impl.RoleInfo (RoleInfo.java:shutdownLeaderElection(134)) - 4c6a16c4-95d2-4ef7-9fc0-4f57ccbd9967: shutdown LeaderElection
2019-10-15 03:21:49,441 [4c6a16c4-95d2-4ef7-9fc0-4f57ccbd9967@group-5FF82F29B6C0-LeaderElection1216] INFO  impl.RoleInfo (RoleInfo.java:updateAndGet(143)) - 4c6a16c4-95d2-4ef7-9fc0-4f57ccbd9967: start FollowerState
2019-10-15 03:21:49,466 [Thread-10066] INFO  impl.FollowerState (FollowerState.java:run(108)) - 4c6a16c4-95d2-4ef7-9fc0-4f57ccbd9967@group-5FF82F29B6C0-FollowerState: change to CANDIDATE, lastRpcTime:25ms, electionTimeout:25ms
2019-10-15 03:21:49,467 [Thread-10066] INFO  impl.RoleInfo (RoleInfo.java:shutdownFollowerState(121)) - 4c6a16c4-95d2-4ef7-9fc0-4f57ccbd9967: shutdown FollowerState
2019-10-15 03:21:49,467 [Thread-10066] INFO  impl.RaftServerImpl (RaftServerImpl.java:setRole(184)) - 4c6a16c4-95d2-4ef7-9fc0-4f57ccbd9967@group-5FF82F29B6C0: changes role from  FOLLOWER to CANDIDATE at term 1267 for changeToCandidate
2019-10-15 03:21:49,467 [Thread-10066] ERROR ratis.XceiverServerRatis (XceiverServerRatis.java:triggerPipelineClose(582)) - pipeline Action CLOSE  on pipeline PipelineID=e4bf9835-e697-42f6-b211-5ff82f29b6c0.Reason : 4c6a16c4-95d2-4ef7-9fc0-4f57ccbd9967 is in candidate state for 164366ms
2019-10-15 03:21:49,467 [Thread-10066] INFO  impl.RoleInfo (RoleInfo.java:updateAndGet(143)) - 4c6a16c4-95d2-4ef7-9fc0-4f57ccbd9967: start LeaderElection
2019-10-15 03:21:49,480 [4c6a16c4-95d2-4ef7-9fc0-4f57ccbd9967@group-5FF82F29B6C0-LeaderElection1217] INFO  impl.LeaderElection (LeaderElection.java:askForVotes(178)) - 4c6a16c4-95d2-4ef7-9fc0-4f57ccbd9967@group-5FF82F29B6C0-LeaderElection1217: begin an election at term 1268 for -1: [4c6a16c4-95d2-4ef7-9fc0-4f57ccbd9967:192.168.5.131:39112, 742c26a8-c271-430a-a05a-c8bba3fa6d96:192.168.5.131:42235, a910346c-1ee2-4cdc-a6d8-644a3a4f0b7f:192.168.5.131:38193], old=null
2019-10-15 03:21:49,481 [grpc-default-executor-8] INFO  impl.RaftServerImpl (RaftServerImpl.java:setRole(184)) - a910346c-1ee2-4cdc-a6d8-644a3a4f0b7f@group-5FF82F29B6C0: changes role from  FOLLOWER to FOLLOWER at term 1268 for recognizeCandidate:4c6a16c4-95d2-4ef7-9fc0-4f57ccbd9967
2019-10-15 03:21:49,481 [grpc-default-executor-8] INFO  impl.RoleInfo (RoleInfo.java:shutdownFollowerState(121)) - a910346c-1ee2-4cdc-a6d8-644a3a4f0b7f: shutdown FollowerState
2019-10-15 03:21:49,481 [grpc-default-executor-8] INFO  impl.RoleInfo (RoleInfo.java:updateAndGet(143)) - a910346c-1ee2-4cdc-a6d8-644a3a4f0b7f: start FollowerState
2019-10-15 03:21:49,481 [grpc-default-executor-4] INFO  impl.RaftServerImpl (RaftServerImpl.java:setRole(184)) - 742c26a8-c271-430a-a05a-c8bba3fa6d96@group-5FF82F29B6C0: changes role from  FOLLOWER to FOLLOWER at term 1268 for recognizeCandidate:4c6a16c4-95d2-4ef7-9fc0-4f57ccbd9967
2019-10-15 03:21:49,482 [grpc-default-executor-4] INFO  impl.RoleInfo (RoleInfo.java:shutdownFollowerState(121)) - 742c26a8-c271-430a-a05a-c8bba3fa6d96: shutdown FollowerState
2019-10-15 03:21:49,481 [Thread-10064] INFO  impl.FollowerState (FollowerState.java:run(117)) - a910346c-1ee2-4cdc-a6d8-644a3a4f0b7f@group-5FF82F29B6C0-FollowerState was interrupted: java.lang.InterruptedException: sleep interrupted
2019-10-15 03:21:49,482 [Thread-10065] INFO  impl.FollowerState (FollowerState.java:run(117)) - 742c26a8-c271-430a-a05a-c8bba3fa6d96@group-5FF82F29B6C0-FollowerState was interrupted: java.lang.InterruptedException: sleep interrupted
2019-10-15 03:21:49,482 [grpc-default-executor-4] INFO  impl.RoleInfo (RoleInfo.java:updateAndGet(143)) - 742c26a8-c271-430a-a05a-c8bba3fa6d96: start FollowerState
2019-10-15 03:21:49,495 [4c6a16c4-95d2-4ef7-9fc0-4f57ccbd9967@group-5FF82F29B6C0-LeaderElection1217] INFO  impl.LeaderElection (LeaderElection.java:logAndReturn(56)) - 4c6a16c4-95d2-4ef7-9fc0-4f57ccbd9967@group-5FF82F29B6C0-LeaderElection1217: Election REJECTED; received 2 response(s) [4c6a16c4-95d2-4ef7-9fc0-4f57ccbd9967<-742c26a8-c271-430a-a05a-c8bba3fa6d96#0:FAIL-t1268, 4c6a16c4-95d2-4ef7-9fc0-4f57ccbd9967<-a910346c-1ee2-4cdc-a6d8-644a3a4f0b7f#0:FAIL-t1268] and 0 exception(s); 4c6a16c4-95d2-4ef7-9fc0-4f57ccbd9967@group-5FF82F29B6C0:t1268, leader=null, voted=4c6a16c4-95d2-4ef7-9fc0-4f57ccbd9967, raftlog=4c6a16c4-95d2-4ef7-9fc0-4f57ccbd9967@group-5FF82F29B6C0-SegmentedRaftLog:OPENED:c-1,f-1,i0, conf=-1: [4c6a16c4-95d2-4ef7-9fc0-4f57ccbd9967:192.168.5.131:39112, 742c26a8-c271-430a-a05a-c8bba3fa6d96:192.168.5.131:42235, a910346c-1ee2-4cdc-a6d8-644a3a4f0b7f:192.168.5.131:38193], old=null
2019-10-15 03:21:49,495 [4c6a16c4-95d2-4ef7-9fc0-4f57ccbd9967@group-5FF82F29B6C0-LeaderElection1217] INFO  impl.RaftServerImpl (RaftServerImpl.java:setRole(184)) - 4c6a16c4-95d2-4ef7-9fc0-4f57ccbd9967@group-5FF82F29B6C0: changes role from CANDIDATE to FOLLOWER at term 1268 for DISCOVERED_A_NEW_TERM
2019-10-15 03:21:49,495 [4c6a16c4-95d2-4ef7-9fc0-4f57ccbd9967@group-5FF82F29B6C0-LeaderElection1217] INFO  impl.RoleInfo (RoleInfo.java:shutdownLeaderElection(134)) - 4c6a16c4-95d2-4ef7-9fc0-4f57ccbd9967: shutdown LeaderElection
2019-10-15 03:21:49,495 [4c6a16c4-95d2-4ef7-9fc0-4f57ccbd9967@group-5FF82F29B6C0-LeaderElection1217] INFO  impl.RoleInfo (RoleInfo.java:updateAndGet(143)) - 4c6a16c4-95d2-4ef7-9fc0-4f57ccbd9967: start FollowerState
2019-10-15 03:21:49,561 [Thread-10072] INFO  impl.FollowerState (FollowerState.java:run(108)) - 4c6a16c4-95d2-4ef7-9fc0-4f57ccbd9967@group-5FF82F29B6C0-FollowerState: change to CANDIDATE, lastRpcTime:65ms, electionTimeout:65ms
2019-10-15 03:21:49,561 [Thread-10072] INFO  impl.RoleInfo (RoleInfo.java:shutdownFollowerState(121)) - 4c6a16c4-95d2-4ef7-9fc0-4f57ccbd9967: shutdown FollowerState
2019-10-15 03:21:49,561 [Thread-10072] INFO  impl.RaftServerImpl (RaftServerImpl.java:setRole(184)) - 4c6a16c4-95d2-4ef7-9fc0-4f57ccbd9967@group-5FF82F29B6C0: changes role from  FOLLOWER to CANDIDATE at term 1268 for changeToCandidate
2019-10-15 03:21:49,561 [Thread-10072] ERROR ratis.XceiverServerRatis (XceiverServerRatis.java:triggerPipelineClose(582)) - pipeline Action CLOSE  on pipeline PipelineID=e4bf9835-e697-42f6-b211-5ff82f29b6c0.Reason : 4c6a16c4-95d2-4ef7-9fc0-4f57ccbd9967 is in candidate state for 164460ms
2019-10-15 03:21:49,561 [Thread-10072] INFO  impl.RoleInfo (RoleInfo.java:updateAndGet(143)) - 4c6a16c4-95d2-4ef7-9fc0-4f57ccbd9967: start LeaderElection
2019-10-15 03:21:49,581 [4c6a16c4-95d2-4ef7-9fc0-4f57ccbd9967@group-5FF82F29B6C0-LeaderElection1218] INFO  impl.LeaderElection (LeaderElection.java:askForVotes(178)) - 4c6a16c4-95d2-4ef7-9fc0-4f57ccbd9967@group-5FF82F29B6C0-LeaderElection1218: begin an election at term 1269 for -1: [4c6a16c4-95d2-4ef7-9fc0-4f57ccbd9967:192.168.5.131:39112, 742c26a8-c271-430a-a05a-c8bba3fa6d96:192.168.5.131:42235, a910346c-1ee2-4cdc-a6d8-644a3a4f0b7f:192.168.5.131:38193], old=null
2019-10-15 03:21:49,582 [grpc-default-executor-4] INFO  impl.RaftServerImpl (RaftServerImpl.java:setRole(184)) - 742c26a8-c271-430a-a05a-c8bba3fa6d96@group-5FF82F29B6C0: changes role from  FOLLOWER to FOLLOWER at term 1269 for recognizeCandidate:4c6a16c4-95d2-4ef7-9fc0-4f57ccbd9967
2019-10-15 03:21:49,583 [grpc-default-executor-8] INFO  impl.RaftServerImpl (RaftServerImpl.java:setRole(184)) - a910346c-1ee2-4cdc-a6d8-644a3a4f0b7f@group-5FF82F29B6C0: changes role from  FOLLOWER to FOLLOWER at term 1269 for recognizeCandidate:4c6a16c4-95d2-4ef7-9fc0-4f57ccbd9967
2019-10-15 03:21:49,583 [grpc-default-executor-4] INFO  impl.RoleInfo (RoleInfo.java:shutdownFollowerState(121)) - 742c26a8-c271-430a-a05a-c8bba3fa6d96: shutdown FollowerState
2019-10-15 03:21:49,583 [grpc-default-executor-8] INFO  impl.RoleInfo (RoleInfo.java:shutdownFollowerState(121)) - a910346c-1ee2-4cdc-a6d8-644a3a4f0b7f: shutdown FollowerState
2019-10-15 03:21:49,583 [Thread-10071] INFO  impl.FollowerState (FollowerState.java:run(117)) - 742c26a8-c271-430a-a05a-c8bba3fa6d96@group-5FF82F29B6C0-FollowerState was interrupted: java.lang.InterruptedException: sleep interrupted
2019-10-15 03:21:49,583 [grpc-default-executor-4] INFO  impl.RoleInfo (RoleInfo.java:updateAndGet(143)) - 742c26a8-c271-430a-a05a-c8bba3fa6d96: start FollowerState
2019-10-15 03:21:49,583 [Thread-10070] INFO  impl.FollowerState (FollowerState.java:run(117)) - a910346c-1ee2-4cdc-a6d8-644a3a4f0b7f@group-5FF82F29B6C0-FollowerState was interrupted: java.lang.InterruptedException: sleep interrupted
2019-10-15 03:21:49,583 [grpc-default-executor-8] INFO  impl.RoleInfo (RoleInfo.java:updateAndGet(143)) - a910346c-1ee2-4cdc-a6d8-644a3a4f0b7f: start FollowerState
2019-10-15 03:21:49,597 [4c6a16c4-95d2-4ef7-9fc0-4f57ccbd9967@group-5FF82F29B6C0-LeaderElection1218] INFO  impl.LeaderElection (LeaderElection.java:logAndReturn(56)) - 4c6a16c4-95d2-4ef7-9fc0-4f57ccbd9967@group-5FF82F29B6C0-LeaderElection1218: Election REJECTED; received 2 response(s) [4c6a16c4-95d2-4ef7-9fc0-4f57ccbd9967<-742c26a8-c271-430a-a05a-c8bba3fa6d96#0:FAIL-t1269, 4c6a16c4-95d2-4ef7-9fc0-4f57ccbd9967<-a910346c-1ee2-4cdc-a6d8-644a3a4f0b7f#0:FAIL-t1269] and 0 exception(s); 4c6a16c4-95d2-4ef7-9fc0-4f57ccbd9967@group-5FF82F29B6C0:t1269, leader=null, voted=4c6a16c4-95d2-4ef7-9fc0-4f57ccbd9967, raftlog=4c6a16c4-95d2-4ef7-9fc0-4f57ccbd9967@group-5FF82F29B6C0-SegmentedRaftLog:OPENED:c-1,f-1,i0, conf=-1: [4c6a16c4-95d2-4ef7-9fc0-4f57ccbd9967:192.168.5.131:39112, 742c26a8-c271-430a-a05a-c8bba3fa6d96:192.168.5.131:42235, a910346c-1ee2-4cdc-a6d8-644a3a4f0b7f:192.168.5.131:38193], old=null
2019-10-15 03:21:49,598 [4c6a16c4-95d2-4ef7-9fc0-4f57ccbd9967@group-5FF82F29B6C0-LeaderElection1218] INFO  impl.RaftServerImpl (RaftServerImpl.java:setRole(184)) - 4c6a16c4-95d2-4ef7-9fc0-4f57ccbd9967@group-5FF82F29B6C0: changes role from CANDIDATE to FOLLOWER at term 1269 for DISCOVERED_A_NEW_TERM
2019-10-15 03:21:49,598 [4c6a16c4-95d2-4ef7-9fc0-4f57ccbd9967@group-5FF82F29B6C0-LeaderElection1218] INFO  impl.RoleInfo (RoleInfo.java:shutdownLeaderElection(134)) - 4c6a16c4-95d2-4ef7-9fc0-4f57ccbd9967: shutdown LeaderElection
2019-10-15 03:21:49,598 [4c6a16c4-95d2-4ef7-9fc0-4f57ccbd9967@group-5FF82F29B6C0-LeaderElection1218] INFO  impl.RoleInfo (RoleInfo.java:updateAndGet(143)) - 4c6a16c4-95d2-4ef7-9fc0-4f57ccbd9967: start FollowerState
2019-10-15 03:21:49,740 [Thread-10080] INFO  impl.FollowerState (FollowerState.java:run(108)) - 4c6a16c4-95d2-4ef7-9fc0-4f57ccbd9967@group-5FF82F29B6C0-FollowerState: change to CANDIDATE, lastRpcTime:142ms, electionTimeout:142ms
2019-10-15 03:21:49,740 [Thread-10080] INFO  impl.RoleInfo (RoleInfo.java:shutdownFollowerState(121)) - 4c6a16c4-95d2-4ef7-9fc0-4f57ccbd9967: shutdown FollowerState
2019-10-15 03:21:49,740 [Thread-10080] INFO  impl.RaftServerImpl (RaftServerImpl.java:setRole(184)) - 4c6a16c4-95d2-4ef7-9fc0-4f57ccbd9967@group-5FF82F29B6C0: changes role from  FOLLOWER to CANDIDATE at term 1269 for changeToCandidate
2019-10-15 03:21:49,741 [Thread-10080] ERROR ratis.XceiverServerRatis (XceiverServerRatis.java:triggerPipelineClose(582)) - pipeline Action CLOSE  on pipeline PipelineID=e4bf9835-e697-42f6-b211-5ff82f29b6c0.Reason : 4c6a16c4-95d2-4ef7-9fc0-4f57ccbd9967 is in candidate state for 164640ms
2019-10-15 03:21:49,741 [Thread-10080] INFO  impl.RoleInfo (RoleInfo.java:updateAndGet(143)) - 4c6a16c4-95d2-4ef7-9fc0-4f57ccbd9967: start LeaderElection
2019-10-15 03:21:49,754 [4c6a16c4-95d2-4ef7-9fc0-4f57ccbd9967@group-5FF82F29B6C0-LeaderElection1219] INFO  impl.LeaderElection (LeaderElection.java:askForVotes(178)) - 4c6a16c4-95d2-4ef7-9fc0-4f57ccbd9967@group-5FF82F29B6C0-LeaderElection1219: begin an election at term 1270 for -1: [4c6a16c4-95d2-4ef7-9fc0-4f57ccbd9967:192.168.5.131:39112, 742c26a8-c271-430a-a05a-c8bba3fa6d96:192.168.5.131:42235, a910346c-1ee2-4cdc-a6d8-644a3a4f0b7f:192.168.5.131:38193], old=null
2019-10-15 03:21:49,756 [grpc-default-executor-8] INFO  impl.RaftServerImpl (RaftServerImpl.java:setRole(184)) - a910346c-1ee2-4cdc-a6d8-644a3a4f0b7f@group-5FF82F29B6C0: changes role from  FOLLOWER to FOLLOWER at term 1270 for recognizeCandidate:4c6a16c4-95d2-4ef7-9fc0-4f57ccbd9967
2019-10-15 03:21:49,756 [grpc-default-executor-4] INFO  impl.RaftServerImpl (RaftServerImpl.java:setRole(184)) - 742c26a8-c271-430a-a05a-c8bba3fa6d96@group-5FF82F29B6C0: changes role from  FOLLOWER to FOLLOWER at term 1270 for recognizeCandidate:4c6a16c4-95d2-4ef7-9fc0-4f57ccbd9967
2019-10-15 03:21:49,756 [grpc-default-executor-8] INFO  impl.RoleInfo (RoleInfo.java:shutdownFollowerState(121)) - a910346c-1ee2-4cdc-a6d8-644a3a4f0b7f: shutdown FollowerState
2019-10-15 03:21:49,756 [grpc-default-executor-4] INFO  impl.RoleInfo (RoleInfo.java:shutdownFollowerState(121)) - 742c26a8-c271-430a-a05a-c8bba3fa6d96: shutdown FollowerState
2019-10-15 03:21:49,757 [Thread-10079] INFO  impl.FollowerState (FollowerState.java:run(117)) - a910346c-1ee2-4cdc-a6d8-644a3a4f0b7f@group-5FF82F29B6C0-FollowerState was interrupted: java.lang.InterruptedException: sleep interrupted
2019-10-15 03:21:49,757 [grpc-default-executor-8] INFO  impl.RoleInfo (RoleInfo.java:updateAndGet(143)) - a910346c-1ee2-4cdc-a6d8-644a3a4f0b7f: start FollowerState
2019-10-15 03:21:49,757 [Thread-10078] INFO  impl.FollowerState (FollowerState.java:run(117)) - 742c26a8-c271-430a-a05a-c8bba3fa6d96@group-5FF82F29B6C0-FollowerState was interrupted: java.lang.InterruptedException: sleep interrupted
2019-10-15 03:21:49,757 [grpc-default-executor-4] INFO  impl.RoleInfo (RoleInfo.java:updateAndGet(143)) - 742c26a8-c271-430a-a05a-c8bba3fa6d96: start FollowerState
2019-10-15 03:21:49,771 [4c6a16c4-95d2-4ef7-9fc0-4f57ccbd9967@group-5FF82F29B6C0-LeaderElection1219] INFO  impl.LeaderElection (LeaderElection.java:logAndReturn(56)) - 4c6a16c4-95d2-4ef7-9fc0-4f57ccbd9967@group-5FF82F29B6C0-LeaderElection1219: Election REJECTED; received 2 response(s) [4c6a16c4-95d2-4ef7-9fc0-4f57ccbd9967<-742c26a8-c271-430a-a05a-c8bba3fa6d96#0:FAIL-t1270, 4c6a16c4-95d2-4ef7-9fc0-4f57ccbd9967<-a910346c-1ee2-4cdc-a6d8-644a3a4f0b7f#0:FAIL-t1270] and 0 exception(s); 4c6a16c4-95d2-4ef7-9fc0-4f57ccbd9967@group-5FF82F29B6C0:t1270, leader=null, voted=4c6a16c4-95d2-4ef7-9fc0-4f57ccbd9967, raftlog=4c6a16c4-95d2-4ef7-9fc0-4f57ccbd9967@group-5FF82F29B6C0-SegmentedRaftLog:OPENED:c-1,f-1,i0, conf=-1: [4c6a16c4-95d2-4ef7-9fc0-4f57ccbd9967:192.168.5.131:39112, 742c26a8-c271-430a-a05a-c8bba3fa6d96:192.168.5.131:42235, a910346c-1ee2-4cdc-a6d8-644a3a4f0b7f:192.168.5.131:38193], old=null
2019-10-15 03:21:49,771 [4c6a16c4-95d2-4ef7-9fc0-4f57ccbd9967@group-5FF82F29B6C0-LeaderElection1219] INFO  impl.RaftServerImpl (RaftServerImpl.java:setRole(184)) - 4c6a16c4-95d2-4ef7-9fc0-4f57ccbd9967@group-5FF82F29B6C0: changes role from CANDIDATE to FOLLOWER at term 1270 for DISCOVERED_A_NEW_TERM
2019-10-15 03:21:49,771 [4c6a16c4-95d2-4ef7-9fc0-4f57ccbd9967@group-5FF82F29B6C0-LeaderElection1219] INFO  impl.RoleInfo (RoleInfo.java:shutdownLeaderElection(134)) - 4c6a16c4-95d2-4ef7-9fc0-4f57ccbd9967: shutdown LeaderElection
2019-10-15 03:21:49,772 [4c6a16c4-95d2-4ef7-9fc0-4f57ccbd9967@group-5FF82F29B6C0-LeaderElection1219] INFO  impl.RoleInfo (RoleInfo.java:updateAndGet(143)) - 4c6a16c4-95d2-4ef7-9fc0-4f57ccbd9967: start FollowerState
2019-10-15 03:21:49,801 [Thread-10086] INFO  impl.FollowerState (FollowerState.java:run(108)) - 4c6a16c4-95d2-4ef7-9fc0-4f57ccbd9967@group-5FF82F29B6C0-FollowerState: change to CANDIDATE, lastRpcTime:29ms, electionTimeout:24ms
2019-10-15 03:21:49,801 [Thread-10086] INFO  impl.RoleInfo (RoleInfo.java:shutdownFollowerState(121)) - 4c6a16c4-95d2-4ef7-9fc0-4f57ccbd9967: shutdown FollowerState
2019-10-15 03:21:49,801 [main] INFO  ozone.MiniOzoneClusterImpl (MiniOzoneClusterImpl.java:lambda$waitForClusterToBeReady$0(147)) - Waiting for cluster to be ready. Got 0 of 7 DN Heartbeats.
2019-10-15 03:21:49,801 [Thread-10086] INFO  impl.RaftServerImpl (RaftServerImpl.java:setRole(184)) - 4c6a16c4-95d2-4ef7-9fc0-4f57ccbd9967@group-5FF82F29B6C0: changes role from  FOLLOWER to CANDIDATE at term 1270 for changeToCandidate
2019-10-15 03:21:49,801 [Thread-10086] ERROR ratis.XceiverServerRatis (XceiverServerRatis.java:triggerPipelineClose(582)) - pipeline Action CLOSE  on pipeline PipelineID=e4bf9835-e697-42f6-b211-5ff82f29b6c0.Reason : 4c6a16c4-95d2-4ef7-9fc0-4f57ccbd9967 is in candidate state for 164701ms
2019-10-15 03:21:49,802 [Thread-10086] INFO  impl.RoleInfo (RoleInfo.java:updateAndGet(143)) - 4c6a16c4-95d2-4ef7-9fc0-4f57ccbd9967: start LeaderElection
2019-10-15 03:21:49,815 [4c6a16c4-95d2-4ef7-9fc0-4f57ccbd9967@group-5FF82F29B6C0-LeaderElection1220] INFO  impl.LeaderElection (LeaderElection.java:askForVotes(178)) - 4c6a16c4-95d2-4ef7-9fc0-4f57ccbd9967@group-5FF82F29B6C0-LeaderElection1220: begin an election at term 1271 for -1: [4c6a16c4-95d2-4ef7-9fc0-4f57ccbd9967:192.168.5.131:39112, 742c26a8-c271-430a-a05a-c8bba3fa6d96:192.168.5.131:42235, a910346c-1ee2-4cdc-a6d8-644a3a4f0b7f:192.168.5.131:38193], old=null
2019-10-15 03:21:49,816 [grpc-default-executor-8] INFO  impl.RaftServerImpl (RaftServerImpl.java:setRole(184)) - 742c26a8-c271-430a-a05a-c8bba3fa6d96@group-5FF82F29B6C0: changes role from  FOLLOWER to FOLLOWER at term 1271 for recognizeCandidate:4c6a16c4-95d2-4ef7-9fc0-4f57ccbd9967
2019-10-15 03:21:49,816 [grpc-default-executor-4] INFO  impl.RaftServerImpl (RaftServerImpl.java:setRole(184)) - a910346c-1ee2-4cdc-a6d8-644a3a4f0b7f@group-5FF82F29B6C0: changes role from  FOLLOWER to FOLLOWER at term 1271 for recognizeCandidate:4c6a16c4-95d2-4ef7-9fc0-4f57ccbd9967
2019-10-15 03:21:49,816 [grpc-default-executor-8] INFO  impl.RoleInfo (RoleInfo.java:shutdownFollowerState(121)) - 742c26a8-c271-430a-a05a-c8bba3fa6d96: shutdown FollowerState
2019-10-15 03:21:49,816 [grpc-default-executor-4] INFO  impl.RoleInfo (RoleInfo.java:shutdownFollowerState(121)) - a910346c-1ee2-4cdc-a6d8-644a3a4f0b7f: shutdown FollowerState
2019-10-15 03:21:49,817 [Thread-10085] INFO  impl.FollowerState (FollowerState.java:run(117)) - 742c26a8-c271-430a-a05a-c8bba3fa6d96@group-5FF82F29B6C0-FollowerState was interrupted: java.lang.InterruptedException: sleep interrupted
2019-10-15 03:21:49,817 [grpc-default-executor-8] INFO  impl.RoleInfo (RoleInfo.java:updateAndGet(143)) - 742c26a8-c271-430a-a05a-c8bba3fa6d96: start FollowerState
2019-10-15 03:21:49,817 [Thread-10084] INFO  impl.FollowerState (FollowerState.java:run(117)) - a910346c-1ee2-4cdc-a6d8-644a3a4f0b7f@group-5FF82F29B6C0-FollowerState was interrupted: java.lang.InterruptedException: sleep interrupted
2019-10-15 03:21:49,817 [grpc-default-executor-4] INFO  impl.RoleInfo (RoleInfo.java:updateAndGet(143)) - a910346c-1ee2-4cdc-a6d8-644a3a4f0b7f: start FollowerState
2019-10-15 03:21:49,832 [4c6a16c4-95d2-4ef7-9fc0-4f57ccbd9967@group-5FF82F29B6C0-LeaderElection1220] INFO  impl.LeaderElection (LeaderElection.java:logAndReturn(56)) - 4c6a16c4-95d2-4ef7-9fc0-4f57ccbd9967@group-5FF82F29B6C0-LeaderElection1220: Election REJECTED; received 2 response(s) [4c6a16c4-95d2-4ef7-9fc0-4f57ccbd9967<-742c26a8-c271-430a-a05a-c8bba3fa6d96#0:FAIL-t1271, 4c6a16c4-95d2-4ef7-9fc0-4f57ccbd9967<-a910346c-1ee2-4cdc-a6d8-644a3a4f0b7f#0:FAIL-t1271] and 0 exception(s); 4c6a16c4-95d2-4ef7-9fc0-4f57ccbd9967@group-5FF82F29B6C0:t1271, leader=null, voted=4c6a16c4-95d2-4ef7-9fc0-4f57ccbd9967, raftlog=4c6a16c4-95d2-4ef7-9fc0-4f57ccbd9967@group-5FF82F29B6C0-SegmentedRaftLog:OPENED:c-1,f-1,i0, conf=-1: [4c6a16c4-95d2-4ef7-9fc0-4f57ccbd9967:192.168.5.131:39112, 742c26a8-c271-430a-a05a-c8bba3fa6d96:192.168.5.131:42235, a910346c-1ee2-4cdc-a6d8-644a3a4f0b7f:192.168.5.131:38193], old=null
2019-10-15 03:21:49,833 [4c6a16c4-95d2-4ef7-9fc0-4f57ccbd9967@group-5FF82F29B6C0-LeaderElection1220] INFO  impl.RaftServerImpl (RaftServerImpl.java:setRole(184)) - 4c6a16c4-95d2-4ef7-9fc0-4f57ccbd9967@group-5FF82F29B6C0: changes role from CANDIDATE to FOLLOWER at term 1271 for DISCOVERED_A_NEW_TERM
2019-10-15 03:21:49,833 [4c6a16c4-95d2-4ef7-9fc0-4f57ccbd9967@group-5FF82F29B6C0-LeaderElection1220] INFO  impl.RoleInfo (RoleInfo.java:shutdownLeaderElection(134)) - 4c6a16c4-95d2-4ef7-9fc0-4f57ccbd9967: shutdown LeaderElection
2019-10-15 03:21:49,833 [4c6a16c4-95d2-4ef7-9fc0-4f57ccbd9967@group-5FF82F29B6C0-LeaderElection1220] INFO  impl.RoleInfo (RoleInfo.java:updateAndGet(143)) - 4c6a16c4-95d2-4ef7-9fc0-4f57ccbd9967: start FollowerState
2019-10-15 03:21:49,927 [Thread-10092] INFO  impl.FollowerState (FollowerState.java:run(108)) - 4c6a16c4-95d2-4ef7-9fc0-4f57ccbd9967@group-5FF82F29B6C0-FollowerState: change to CANDIDATE, lastRpcTime:94ms, electionTimeout:94ms
2019-10-15 03:21:49,927 [Thread-10092] INFO  impl.RoleInfo (RoleInfo.java:shutdownFollowerState(121)) - 4c6a16c4-95d2-4ef7-9fc0-4f57ccbd9967: shutdown FollowerState
2019-10-15 03:21:49,927 [Thread-10092] INFO  impl.RaftServerImpl (RaftServerImpl.java:setRole(184)) - 4c6a16c4-95d2-4ef7-9fc0-4f57ccbd9967@group-5FF82F29B6C0: changes role from  FOLLOWER to CANDIDATE at term 1271 for changeToCandidate
2019-10-15 03:21:49,928 [Thread-10092] ERROR ratis.XceiverServerRatis (XceiverServerRatis.java:triggerPipelineClose(582)) - pipeline Action CLOSE  on pipeline PipelineID=e4bf9835-e697-42f6-b211-5ff82f29b6c0.Reason : 4c6a16c4-95d2-4ef7-9fc0-4f57ccbd9967 is in candidate state for 164827ms
2019-10-15 03:21:49,928 [Thread-10092] INFO  impl.RoleInfo (RoleInfo.java:updateAndGet(143)) - 4c6a16c4-95d2-4ef7-9fc0-4f57ccbd9967: start LeaderElection
2019-10-15 03:21:49,942 [4c6a16c4-95d2-4ef7-9fc0-4f57ccbd9967@group-5FF82F29B6C0-LeaderElection1221] INFO  impl.LeaderElection (LeaderElection.java:askForVotes(178)) - 4c6a16c4-95d2-4ef7-9fc0-4f57ccbd9967@group-5FF82F29B6C0-LeaderElection1221: begin an election at term 1272 for -1: [4c6a16c4-95d2-4ef7-9fc0-4f57ccbd9967:192.168.5.131:39112, 742c26a8-c271-430a-a05a-c8bba3fa6d96:192.168.5.131:42235, a910346c-1ee2-4cdc-a6d8-644a3a4f0b7f:192.168.5.131:38193], old=null
2019-10-15 03:21:49,943 [grpc-default-executor-8] INFO  impl.RaftServerImpl (RaftServerImpl.java:setRole(184)) - 742c26a8-c271-430a-a05a-c8bba3fa6d96@group-5FF82F29B6C0: changes role from  FOLLOWER to FOLLOWER at term 1272 for recognizeCandidate:4c6a16c4-95d2-4ef7-9fc0-4f57ccbd9967
2019-10-15 03:21:49,943 [grpc-default-executor-8] INFO  impl.RoleInfo (RoleInfo.java:shutdownFollowerState(121)) - 742c26a8-c271-430a-a05a-c8bba3fa6d96: shutdown FollowerState
2019-10-15 03:21:49,943 [grpc-default-executor-4] INFO  impl.RaftServerImpl (RaftServerImpl.java:setRole(184)) - a910346c-1ee2-4cdc-a6d8-644a3a4f0b7f@group-5FF82F29B6C0: changes role from  FOLLOWER to FOLLOWER at term 1272 for recognizeCandidate:4c6a16c4-95d2-4ef7-9fc0-4f57ccbd9967
2019-10-15 03:21:49,944 [grpc-default-executor-4] INFO  impl.RoleInfo (RoleInfo.java:shutdownFollowerState(121)) - a910346c-1ee2-4cdc-a6d8-644a3a4f0b7f: shutdown FollowerState
2019-10-15 03:21:49,944 [Thread-10090] INFO  impl.FollowerState (FollowerState.java:run(117)) - 742c26a8-c271-430a-a05a-c8bba3fa6d96@group-5FF82F29B6C0-FollowerState was interrupted: java.lang.InterruptedException: sleep interrupted
2019-10-15 03:21:49,943 [grpc-default-executor-8] INFO  impl.RoleInfo (RoleInfo.java:updateAndGet(143)) - 742c26a8-c271-430a-a05a-c8bba3fa6d96: start FollowerState
2019-10-15 03:21:49,944 [Thread-10091] INFO  impl.FollowerState (FollowerState.java:run(117)) - a910346c-1ee2-4cdc-a6d8-644a3a4f0b7f@group-5FF82F29B6C0-FollowerState was interrupted: java.lang.InterruptedException: sleep interrupted
2019-10-15 03:21:49,944 [grpc-default-executor-4] INFO  impl.RoleInfo (RoleInfo.java:updateAndGet(143)) - a910346c-1ee2-4cdc-a6d8-644a3a4f0b7f: start FollowerState
2019-10-15 03:21:49,958 [4c6a16c4-95d2-4ef7-9fc0-4f57ccbd9967@group-5FF82F29B6C0-LeaderElection1221] INFO  impl.LeaderElection (LeaderElection.java:logAndReturn(56)) - 4c6a16c4-95d2-4ef7-9fc0-4f57ccbd9967@group-5FF82F29B6C0-LeaderElection1221: Election REJECTED; received 2 response(s) [4c6a16c4-95d2-4ef7-9fc0-4f57ccbd9967<-742c26a8-c271-430a-a05a-c8bba3fa6d96#0:FAIL-t1272, 4c6a16c4-95d2-4ef7-9fc0-4f57ccbd9967<-a910346c-1ee2-4cdc-a6d8-644a3a4f0b7f#0:FAIL-t1272] and 0 exception(s); 4c6a16c4-95d2-4ef7-9fc0-4f57ccbd9967@group-5FF82F29B6C0:t1272, leader=null, voted=4c6a16c4-95d2-4ef7-9fc0-4f57ccbd9967, raftlog=4c6a16c4-95d2-4ef7-9fc0-4f57ccbd9967@group-5FF82F29B6C0-SegmentedRaftLog:OPENED:c-1,f-1,i0, conf=-1: [4c6a16c4-95d2-4ef7-9fc0-4f57ccbd9967:192.168.5.131:39112, 742c26a8-c271-430a-a05a-c8bba3fa6d96:192.168.5.131:42235, a910346c-1ee2-4cdc-a6d8-644a3a4f0b7f:192.168.5.131:38193], old=null
2019-10-15 03:21:49,958 [4c6a16c4-95d2-4ef7-9fc0-4f57ccbd9967@group-5FF82F29B6C0-LeaderElection1221] INFO  impl.RaftServerImpl (RaftServerImpl.java:setRole(184)) - 4c6a16c4-95d2-4ef7-9fc0-4f57ccbd9967@group-5FF82F29B6C0: changes role from CANDIDATE to FOLLOWER at term 1272 for DISCOVERED_A_NEW_TERM
2019-10-15 03:21:49,959 [4c6a16c4-95d2-4ef7-9fc0-4f57ccbd9967@group-5FF82F29B6C0-LeaderElection1221] INFO  impl.RoleInfo (RoleInfo.java:shutdownLeaderElection(134)) - 4c6a16c4-95d2-4ef7-9fc0-4f57ccbd9967: shutdown LeaderElection
2019-10-15 03:21:49,959 [4c6a16c4-95d2-4ef7-9fc0-4f57ccbd9967@group-5FF82F29B6C0-LeaderElection1221] INFO  impl.RoleInfo (RoleInfo.java:updateAndGet(143)) - 4c6a16c4-95d2-4ef7-9fc0-4f57ccbd9967: start FollowerState
2019-10-15 03:21:49,984 [EventQueue-PipelineActionsForPipelineActionHandler] ERROR pipeline.PipelineActionHandler (PipelineActionHandler.java:onMessage(60)) - Received pipeline action CLOSE for Pipeline[ Id: e4bf9835-e697-42f6-b211-5ff82f29b6c0, Nodes: a910346c-1ee2-4cdc-a6d8-644a3a4f0b7f{ip: 192.168.5.131, host: pr-hdds-2305-c92ks-1629580955, networkLocation: /default-rack, certSerialId: null}742c26a8-c271-430a-a05a-c8bba3fa6d96{ip: 192.168.5.131, host: pr-hdds-2305-c92ks-1629580955, networkLocation: /default-rack, certSerialId: null}4c6a16c4-95d2-4ef7-9fc0-4f57ccbd9967{ip: 192.168.5.131, host: pr-hdds-2305-c92ks-1629580955, networkLocation: /default-rack, certSerialId: null}, Type:RATIS, Factor:THREE, State:CLOSED] from datanode 4c6a16c4-95d2-4ef7-9fc0-4f57ccbd9967{ip: 192.168.5.131, host: pr-hdds-2305-c92ks-1629580955, networkLocation: /default-rack, certSerialId: null}. Reason : 4c6a16c4-95d2-4ef7-9fc0-4f57ccbd9967 is in candidate state for 163934ms
2019-10-15 03:21:49,985 [EventQueue-PipelineActionsForPipelineActionHandler] INFO  pipeline.SCMPipelineManager (SCMPipelineManager.java:finalizeAndDestroyPipeline(315)) - destroying pipeline:Pipeline[ Id: e4bf9835-e697-42f6-b211-5ff82f29b6c0, Nodes: a910346c-1ee2-4cdc-a6d8-644a3a4f0b7f{ip: 192.168.5.131, host: pr-hdds-2305-c92ks-1629580955, networkLocation: /default-rack, certSerialId: null}742c26a8-c271-430a-a05a-c8bba3fa6d96{ip: 192.168.5.131, host: pr-hdds-2305-c92ks-1629580955, networkLocation: /default-rack, certSerialId: null}4c6a16c4-95d2-4ef7-9fc0-4f57ccbd9967{ip: 192.168.5.131, host: pr-hdds-2305-c92ks-1629580955, networkLocation: /default-rack, certSerialId: null}, Type:RATIS, Factor:THREE, State:CLOSED]
2019-10-15 03:21:50,132 [Thread-10098] INFO  impl.FollowerState (FollowerState.java:run(108)) - 4c6a16c4-95d2-4ef7-9fc0-4f57ccbd9967@group-5FF82F29B6C0-FollowerState: change to CANDIDATE, lastRpcTime:173ms, electionTimeout:166ms
2019-10-15 03:21:50,134 [Thread-10098] INFO  impl.RoleInfo (RoleInfo.java:shutdownFollowerState(121)) - 4c6a16c4-95d2-4ef7-9fc0-4f57ccbd9967: shutdown FollowerState
2019-10-15 03:21:50,134 [Thread-10098] INFO  impl.RaftServerImpl (RaftServerImpl.java:setRole(184)) - 4c6a16c4-95d2-4ef7-9fc0-4f57ccbd9967@group-5FF82F29B6C0: changes role from  FOLLOWER to CANDIDATE at term 1272 for changeToCandidate
2019-10-15 03:21:50,135 [Thread-10098] ERROR ratis.XceiverServerRatis (XceiverServerRatis.java:triggerPipelineClose(582)) - pipeline Action CLOSE  on pipeline PipelineID=e4bf9835-e697-42f6-b211-5ff82f29b6c0.Reason : 4c6a16c4-95d2-4ef7-9fc0-4f57ccbd9967 is in candidate state for 165034ms
2019-10-15 03:21:50,135 [Thread-10098] INFO  impl.RoleInfo (RoleInfo.java:updateAndGet(143)) - 4c6a16c4-95d2-4ef7-9fc0-4f57ccbd9967: start LeaderElection
2019-10-15 03:21:50,149 [4c6a16c4-95d2-4ef7-9fc0-4f57ccbd9967@group-5FF82F29B6C0-LeaderElection1222] INFO  impl.LeaderElection (LeaderElection.java:askForVotes(178)) - 4c6a16c4-95d2-4ef7-9fc0-4f57ccbd9967@group-5FF82F29B6C0-LeaderElection1222: begin an election at term 1273 for -1: [4c6a16c4-95d2-4ef7-9fc0-4f57ccbd9967:192.168.5.131:39112, 742c26a8-c271-430a-a05a-c8bba3fa6d96:192.168.5.131:42235, a910346c-1ee2-4cdc-a6d8-644a3a4f0b7f:192.168.5.131:38193], old=null
2019-10-15 03:21:50,149 [Datanode State Machine Thread - 0] INFO  ozoneimpl.OzoneContainer (OzoneContainer.java:start(213)) - Attempting to start container services.
2019-10-15 03:21:50,149 [Datanode State Machine Thread - 0] INFO  ozoneimpl.OzoneContainer (OzoneContainer.java:startContainerScrub(177)) - Background container scanner has been disabled.
2019-10-15 03:21:50,150 [Datanode State Machine Thread - 0] INFO  ratis.XceiverServerRatis (XceiverServerRatis.java:start(418)) - Starting XceiverServerRatis 2e087e40-613e-4b42-9ae6-f6bb8282a9c9 at port 0
2019-10-15 03:21:50,151 [grpc-default-executor-4] INFO  impl.RaftServerImpl (RaftServerImpl.java:setRole(184)) - 742c26a8-c271-430a-a05a-c8bba3fa6d96@group-5FF82F29B6C0: changes role from  FOLLOWER to FOLLOWER at term 1273 for recognizeCandidate:4c6a16c4-95d2-4ef7-9fc0-4f57ccbd9967
2019-10-15 03:21:50,151 [grpc-default-executor-4] INFO  impl.RoleInfo (RoleInfo.java:shutdownFollowerState(121)) - 742c26a8-c271-430a-a05a-c8bba3fa6d96: shutdown FollowerState
2019-10-15 03:21:50,151 [Thread-10096] INFO  impl.FollowerState (FollowerState.java:run(117)) - 742c26a8-c271-430a-a05a-c8bba3fa6d96@group-5FF82F29B6C0-FollowerState was interrupted: java.lang.InterruptedException: sleep interrupted
2019-10-15 03:21:50,151 [grpc-default-executor-8] INFO  impl.RaftServerImpl (RaftServerImpl.java:setRole(184)) - a910346c-1ee2-4cdc-a6d8-644a3a4f0b7f@group-5FF82F29B6C0: changes role from  FOLLOWER to FOLLOWER at term 1273 for recognizeCandidate:4c6a16c4-95d2-4ef7-9fc0-4f57ccbd9967
2019-10-15 03:21:50,152 [grpc-default-executor-8] INFO  impl.RoleInfo (RoleInfo.java:shutdownFollowerState(121)) - a910346c-1ee2-4cdc-a6d8-644a3a4f0b7f: shutdown FollowerState
2019-10-15 03:21:50,152 [grpc-default-executor-4] INFO  impl.RoleInfo (RoleInfo.java:updateAndGet(143)) - 742c26a8-c271-430a-a05a-c8bba3fa6d96: start FollowerState
2019-10-15 03:21:50,152 [Thread-10097] INFO  impl.FollowerState (FollowerState.java:run(117)) - a910346c-1ee2-4cdc-a6d8-644a3a4f0b7f@group-5FF82F29B6C0-FollowerState was interrupted: java.lang.InterruptedException: sleep interrupted
2019-10-15 03:21:50,152 [grpc-default-executor-8] INFO  impl.RoleInfo (RoleInfo.java:updateAndGet(143)) - a910346c-1ee2-4cdc-a6d8-644a3a4f0b7f: start FollowerState
2019-10-15 03:21:50,156 [Datanode State Machine Thread - 0] INFO  impl.RaftServerProxy (RaftServerProxy.java:lambda$start$3(299)) - 2e087e40-613e-4b42-9ae6-f6bb8282a9c9: start RPC server
2019-10-15 03:21:50,158 [Datanode State Machine Thread - 0] INFO  server.GrpcService (GrpcService.java:startImpl(158)) - 2e087e40-613e-4b42-9ae6-f6bb8282a9c9: GrpcService started, listening on 0.0.0.0/0.0.0.0:40304
2019-10-15 03:21:50,158 [Datanode State Machine Thread - 0] INFO  ratis.XceiverServerRatis (XceiverServerRatis.java:start(428)) - XceiverServerRatis 2e087e40-613e-4b42-9ae6-f6bb8282a9c9 is started using port 40304
2019-10-15 03:21:50,158 [Datanode State Machine Thread - 0] INFO  server.XceiverServerGrpc (XceiverServerGrpc.java:start(149)) - XceiverServerGrpc 2e087e40-613e-4b42-9ae6-f6bb8282a9c9 is started using port 34741
2019-10-15 03:21:50,166 [4c6a16c4-95d2-4ef7-9fc0-4f57ccbd9967@group-5FF82F29B6C0-LeaderElection1222] INFO  impl.LeaderElection (LeaderElection.java:logAndReturn(56)) - 4c6a16c4-95d2-4ef7-9fc0-4f57ccbd9967@group-5FF82F29B6C0-LeaderElection1222: Election REJECTED; received 2 response(s) [4c6a16c4-95d2-4ef7-9fc0-4f57ccbd9967<-742c26a8-c271-430a-a05a-c8bba3fa6d96#0:FAIL-t1273, 4c6a16c4-95d2-4ef7-9fc0-4f57ccbd9967<-a910346c-1ee2-4cdc-a6d8-644a3a4f0b7f#0:FAIL-t1273] and 0 exception(s); 4c6a16c4-95d2-4ef7-9fc0-4f57ccbd9967@group-5FF82F29B6C0:t1273, leader=null, voted=4c6a16c4-95d2-4ef7-9fc0-4f57ccbd9967, raftlog=4c6a16c4-95d2-4ef7-9fc0-4f57ccbd9967@group-5FF82F29B6C0-SegmentedRaftLog:OPENED:c-1,f-1,i0, conf=-1: [4c6a16c4-95d2-4ef7-9fc0-4f57ccbd9967:192.168.5.131:39112, 742c26a8-c271-430a-a05a-c8bba3fa6d96:192.168.5.131:42235, a910346c-1ee2-4cdc-a6d8-644a3a4f0b7f:192.168.5.131:38193], old=null
2019-10-15 03:21:50,166 [4c6a16c4-95d2-4ef7-9fc0-4f57ccbd9967@group-5FF82F29B6C0-LeaderElection1222] INFO  impl.RaftServerImpl (RaftServerImpl.java:setRole(184)) - 4c6a16c4-95d2-4ef7-9fc0-4f57ccbd9967@group-5FF82F29B6C0: changes role from CANDIDATE to FOLLOWER at term 1273 for DISCOVERED_A_NEW_TERM
2019-10-15 03:21:50,166 [4c6a16c4-95d2-4ef7-9fc0-4f57ccbd9967@group-5FF82F29B6C0-LeaderElection1222] INFO  impl.RoleInfo (RoleInfo.java:shutdownLeaderElection(134)) - 4c6a16c4-95d2-4ef7-9fc0-4f57ccbd9967: shutdown LeaderElection
2019-10-15 03:21:50,166 [4c6a16c4-95d2-4ef7-9fc0-4f57ccbd9967@group-5FF82F29B6C0-LeaderElection1222] INFO  impl.RoleInfo (RoleInfo.java:updateAndGet(143)) - 4c6a16c4-95d2-4ef7-9fc0-4f57ccbd9967: start FollowerState
2019-10-15 03:21:50,247 [Datanode State Machine Thread - 0] INFO  ozoneimpl.OzoneContainer (OzoneContainer.java:start(213)) - Attempting to start container services.
2019-10-15 03:21:50,247 [Datanode State Machine Thread - 0] INFO  ozoneimpl.OzoneContainer (OzoneContainer.java:startContainerScrub(177)) - Background container scanner has been disabled.
2019-10-15 03:21:50,248 [Datanode State Machine Thread - 0] INFO  ratis.XceiverServerRatis (XceiverServerRatis.java:start(418)) - Starting XceiverServerRatis 17d4a3a3-e05f-449b-a5b3-f00266930d75 at port 0
2019-10-15 03:21:50,252 [Datanode State Machine Thread - 0] INFO  impl.RaftServerProxy (RaftServerProxy.java:lambda$start$3(299)) - 17d4a3a3-e05f-449b-a5b3-f00266930d75: start RPC server
2019-10-15 03:21:50,253 [Datanode State Machine Thread - 0] INFO  server.GrpcService (GrpcService.java:startImpl(158)) - 17d4a3a3-e05f-449b-a5b3-f00266930d75: GrpcService started, listening on 0.0.0.0/0.0.0.0:44833
2019-10-15 03:21:50,253 [Datanode State Machine Thread - 0] INFO  ratis.XceiverServerRatis (XceiverServerRatis.java:start(428)) - XceiverServerRatis 17d4a3a3-e05f-449b-a5b3-f00266930d75 is started using port 44833
2019-10-15 03:21:50,254 [Datanode State Machine Thread - 0] INFO  server.XceiverServerGrpc (XceiverServerGrpc.java:start(149)) - XceiverServerGrpc 17d4a3a3-e05f-449b-a5b3-f00266930d75 is started using port 44992
2019-10-15 03:21:50,278 [Thread-10109] INFO  impl.FollowerState (FollowerState.java:run(108)) - 4c6a16c4-95d2-4ef7-9fc0-4f57ccbd9967@group-5FF82F29B6C0-FollowerState: change to CANDIDATE, lastRpcTime:112ms, electionTimeout:112ms
2019-10-15 03:21:50,278 [Thread-10109] INFO  impl.RoleInfo (RoleInfo.java:shutdownFollowerState(121)) - 4c6a16c4-95d2-4ef7-9fc0-4f57ccbd9967: shutdown FollowerState
2019-10-15 03:21:50,278 [Thread-10109] INFO  impl.RaftServerImpl (RaftServerImpl.java:setRole(184)) - 4c6a16c4-95d2-4ef7-9fc0-4f57ccbd9967@group-5FF82F29B6C0: changes role from  FOLLOWER to CANDIDATE at term 1273 for changeToCandidate
2019-10-15 03:21:50,279 [Thread-10109] ERROR ratis.XceiverServerRatis (XceiverServerRatis.java:triggerPipelineClose(582)) - pipeline Action CLOSE  on pipeline PipelineID=e4bf9835-e697-42f6-b211-5ff82f29b6c0.Reason : 4c6a16c4-95d2-4ef7-9fc0-4f57ccbd9967 is in candidate state for 165178ms
2019-10-15 03:21:50,279 [Thread-10109] INFO  impl.RoleInfo (RoleInfo.java:updateAndGet(143)) - 4c6a16c4-95d2-4ef7-9fc0-4f57ccbd9967: start LeaderElection
2019-10-15 03:21:50,292 [4c6a16c4-95d2-4ef7-9fc0-4f57ccbd9967@group-5FF82F29B6C0-LeaderElection1223] INFO  impl.LeaderElection (LeaderElection.java:askForVotes(178)) - 4c6a16c4-95d2-4ef7-9fc0-4f57ccbd9967@group-5FF82F29B6C0-LeaderElection1223: begin an election at term 1274 for -1: [4c6a16c4-95d2-4ef7-9fc0-4f57ccbd9967:192.168.5.131:39112, 742c26a8-c271-430a-a05a-c8bba3fa6d96:192.168.5.131:42235, a910346c-1ee2-4cdc-a6d8-644a3a4f0b7f:192.168.5.131:38193], old=null
2019-10-15 03:21:50,294 [grpc-default-executor-8] INFO  impl.RaftServerImpl (RaftServerImpl.java:setRole(184)) - 742c26a8-c271-430a-a05a-c8bba3fa6d96@group-5FF82F29B6C0: changes role from  FOLLOWER to FOLLOWER at term 1274 for recognizeCandidate:4c6a16c4-95d2-4ef7-9fc0-4f57ccbd9967
2019-10-15 03:21:50,294 [grpc-default-executor-4] INFO  impl.RaftServerImpl (RaftServerImpl.java:setRole(184)) - a910346c-1ee2-4cdc-a6d8-644a3a4f0b7f@group-5FF82F29B6C0: changes role from  FOLLOWER to FOLLOWER at term 1274 for recognizeCandidate:4c6a16c4-95d2-4ef7-9fc0-4f57ccbd9967
2019-10-15 03:21:50,294 [grpc-default-executor-8] INFO  impl.RoleInfo (RoleInfo.java:shutdownFollowerState(121)) - 742c26a8-c271-430a-a05a-c8bba3fa6d96: shutdown FollowerState
2019-10-15 03:21:50,294 [grpc-default-executor-4] INFO  impl.RoleInfo (RoleInfo.java:shutdownFollowerState(121)) - a910346c-1ee2-4cdc-a6d8-644a3a4f0b7f: shutdown FollowerState
2019-10-15 03:21:50,294 [grpc-default-executor-8] INFO  impl.RoleInfo (RoleInfo.java:updateAndGet(143)) - 742c26a8-c271-430a-a05a-c8bba3fa6d96: start FollowerState
2019-10-15 03:21:50,294 [Thread-10105] INFO  impl.FollowerState (FollowerState.java:run(117)) - 742c26a8-c271-430a-a05a-c8bba3fa6d96@group-5FF82F29B6C0-FollowerState was interrupted: java.lang.InterruptedException: sleep interrupted
2019-10-15 03:21:50,294 [Thread-10106] INFO  impl.FollowerState (FollowerState.java:run(117)) - a910346c-1ee2-4cdc-a6d8-644a3a4f0b7f@group-5FF82F29B6C0-FollowerState was interrupted: java.lang.InterruptedException: sleep interrupted
2019-10-15 03:21:50,294 [grpc-default-executor-4] INFO  impl.RoleInfo (RoleInfo.java:updateAndGet(143)) - a910346c-1ee2-4cdc-a6d8-644a3a4f0b7f: start FollowerState
2019-10-15 03:21:50,304 [4c6a16c4-95d2-4ef7-9fc0-4f57ccbd9967@group-5FF82F29B6C0-LeaderElection1223] INFO  impl.LeaderElection (LeaderElection.java:logAndReturn(56)) - 4c6a16c4-95d2-4ef7-9fc0-4f57ccbd9967@group-5FF82F29B6C0-LeaderElection1223: Election TIMEOUT; received 0 response(s) [] and 0 exception(s); 4c6a16c4-95d2-4ef7-9fc0-4f57ccbd9967@group-5FF82F29B6C0:t1274, leader=null, voted=4c6a16c4-95d2-4ef7-9fc0-4f57ccbd9967, raftlog=4c6a16c4-95d2-4ef7-9fc0-4f57ccbd9967@group-5FF82F29B6C0-SegmentedRaftLog:OPENED:c-1,f-1,i0, conf=-1: [4c6a16c4-95d2-4ef7-9fc0-4f57ccbd9967:192.168.5.131:39112, 742c26a8-c271-430a-a05a-c8bba3fa6d96:192.168.5.131:42235, a910346c-1ee2-4cdc-a6d8-644a3a4f0b7f:192.168.5.131:38193], old=null
2019-10-15 03:21:50,308 [4c6a16c4-95d2-4ef7-9fc0-4f57ccbd9967@group-5FF82F29B6C0-LeaderElection1223] INFO  impl.LeaderElection (LeaderElection.java:askForVotes(178)) - 4c6a16c4-95d2-4ef7-9fc0-4f57ccbd9967@group-5FF82F29B6C0-LeaderElection1223: begin an election at term 1275 for -1: [4c6a16c4-95d2-4ef7-9fc0-4f57ccbd9967:192.168.5.131:39112, 742c26a8-c271-430a-a05a-c8bba3fa6d96:192.168.5.131:42235, a910346c-1ee2-4cdc-a6d8-644a3a4f0b7f:192.168.5.131:38193], old=null
2019-10-15 03:21:50,309 [grpc-default-executor-4] INFO  impl.RaftServerImpl (RaftServerImpl.java:setRole(184)) - 742c26a8-c271-430a-a05a-c8bba3fa6d96@group-5FF82F29B6C0: changes role from  FOLLOWER to FOLLOWER at term 1275 for recognizeCandidate:4c6a16c4-95d2-4ef7-9fc0-4f57ccbd9967
2019-10-15 03:21:50,309 [grpc-default-executor-4] INFO  impl.RoleInfo (RoleInfo.java:shutdownFollowerState(121)) - 742c26a8-c271-430a-a05a-c8bba3fa6d96: shutdown FollowerState
2019-10-15 03:21:50,309 [grpc-default-executor-4] INFO  impl.RoleInfo (RoleInfo.java:updateAndGet(143)) - 742c26a8-c271-430a-a05a-c8bba3fa6d96: start FollowerState
2019-10-15 03:21:50,309 [Thread-10115] INFO  impl.FollowerState (FollowerState.java:run(117)) - 742c26a8-c271-430a-a05a-c8bba3fa6d96@group-5FF82F29B6C0-FollowerState was interrupted: java.lang.InterruptedException: sleep interrupted
2019-10-15 03:21:50,309 [grpc-default-executor-8] INFO  impl.RaftServerImpl (RaftServerImpl.java:setRole(184)) - a910346c-1ee2-4cdc-a6d8-644a3a4f0b7f@group-5FF82F29B6C0: changes role from  FOLLOWER to FOLLOWER at term 1275 for recognizeCandidate:4c6a16c4-95d2-4ef7-9fc0-4f57ccbd9967
2019-10-15 03:21:50,309 [grpc-default-executor-8] INFO  impl.RoleInfo (RoleInfo.java:shutdownFollowerState(121)) - a910346c-1ee2-4cdc-a6d8-644a3a4f0b7f: shutdown FollowerState
2019-10-15 03:21:50,309 [grpc-default-executor-8] INFO  impl.RoleInfo (RoleInfo.java:updateAndGet(143)) - a910346c-1ee2-4cdc-a6d8-644a3a4f0b7f: start FollowerState
2019-10-15 03:21:50,309 [Thread-10116] INFO  impl.FollowerState (FollowerState.java:run(117)) - a910346c-1ee2-4cdc-a6d8-644a3a4f0b7f@group-5FF82F29B6C0-FollowerState was interrupted: java.lang.InterruptedException: sleep interrupted
2019-10-15 03:21:50,323 [4c6a16c4-95d2-4ef7-9fc0-4f57ccbd9967@group-5FF82F29B6C0-LeaderElection1223] INFO  impl.LeaderElection (LeaderElection.java:logAndReturn(56)) - 4c6a16c4-95d2-4ef7-9fc0-4f57ccbd9967@group-5FF82F29B6C0-LeaderElection1223: Election REJECTED; received 2 response(s) [4c6a16c4-95d2-4ef7-9fc0-4f57ccbd9967<-742c26a8-c271-430a-a05a-c8bba3fa6d96#0:FAIL-t1275, 4c6a16c4-95d2-4ef7-9fc0-4f57ccbd9967<-a910346c-1ee2-4cdc-a6d8-644a3a4f0b7f#0:FAIL-t1275] and 0 exception(s); 4c6a16c4-95d2-4ef7-9fc0-4f57ccbd9967@group-5FF82F29B6C0:t1275, leader=null, voted=4c6a16c4-95d2-4ef7-9fc0-4f57ccbd9967, raftlog=4c6a16c4-95d2-4ef7-9fc0-4f57ccbd9967@group-5FF82F29B6C0-SegmentedRaftLog:OPENED:c-1,f-1,i0, conf=-1: [4c6a16c4-95d2-4ef7-9fc0-4f57ccbd9967:192.168.5.131:39112, 742c26a8-c271-430a-a05a-c8bba3fa6d96:192.168.5.131:42235, a910346c-1ee2-4cdc-a6d8-644a3a4f0b7f:192.168.5.131:38193], old=null
2019-10-15 03:21:50,323 [4c6a16c4-95d2-4ef7-9fc0-4f57ccbd9967@group-5FF82F29B6C0-LeaderElection1223] INFO  impl.RaftServerImpl (RaftServerImpl.java:setRole(184)) - 4c6a16c4-95d2-4ef7-9fc0-4f57ccbd9967@group-5FF82F29B6C0: changes role from CANDIDATE to FOLLOWER at term 1275 for DISCOVERED_A_NEW_TERM
2019-10-15 03:21:50,323 [4c6a16c4-95d2-4ef7-9fc0-4f57ccbd9967@group-5FF82F29B6C0-LeaderElection1223] INFO  impl.RoleInfo (RoleInfo.java:shutdownLeaderElection(134)) - 4c6a16c4-95d2-4ef7-9fc0-4f57ccbd9967: shutdown LeaderElection
2019-10-15 03:21:50,323 [4c6a16c4-95d2-4ef7-9fc0-4f57ccbd9967@group-5FF82F29B6C0-LeaderElection1223] INFO  impl.RoleInfo (RoleInfo.java:updateAndGet(143)) - 4c6a16c4-95d2-4ef7-9fc0-4f57ccbd9967: start FollowerState
2019-10-15 03:21:50,384 [Datanode State Machine Thread - 0] INFO  ozoneimpl.OzoneContainer (OzoneContainer.java:start(213)) - Attempting to start container services.
2019-10-15 03:21:50,384 [Datanode State Machine Thread - 0] INFO  ozoneimpl.OzoneContainer (OzoneContainer.java:startContainerScrub(177)) - Background container scanner has been disabled.
2019-10-15 03:21:50,384 [Datanode State Machine Thread - 0] INFO  ratis.XceiverServerRatis (XceiverServerRatis.java:start(418)) - Starting XceiverServerRatis 17dd8d53-48b4-4b62-8793-7cfa92585664 at port 0
2019-10-15 03:21:50,388 [Datanode State Machine Thread - 0] INFO  impl.RaftServerProxy (RaftServerProxy.java:lambda$start$3(299)) - 17dd8d53-48b4-4b62-8793-7cfa92585664: start RPC server
2019-10-15 03:21:50,389 [Datanode State Machine Thread - 0] INFO  server.GrpcService (GrpcService.java:startImpl(158)) - 17dd8d53-48b4-4b62-8793-7cfa92585664: GrpcService started, listening on 0.0.0.0/0.0.0.0:33641
2019-10-15 03:21:50,389 [Datanode State Machine Thread - 0] INFO  ratis.XceiverServerRatis (XceiverServerRatis.java:start(428)) - XceiverServerRatis 17dd8d53-48b4-4b62-8793-7cfa92585664 is started using port 33641
2019-10-15 03:21:50,390 [Datanode State Machine Thread - 0] INFO  server.XceiverServerGrpc (XceiverServerGrpc.java:start(149)) - XceiverServerGrpc 17dd8d53-48b4-4b62-8793-7cfa92585664 is started using port 35195
2019-10-15 03:21:50,410 [Thread-10121] INFO  impl.FollowerState (FollowerState.java:run(108)) - 4c6a16c4-95d2-4ef7-9fc0-4f57ccbd9967@group-5FF82F29B6C0-FollowerState: change to CANDIDATE, lastRpcTime:87ms, electionTimeout:87ms
2019-10-15 03:21:50,410 [Thread-10121] INFO  impl.RoleInfo (RoleInfo.java:shutdownFollowerState(121)) - 4c6a16c4-95d2-4ef7-9fc0-4f57ccbd9967: shutdown FollowerState
2019-10-15 03:21:50,411 [Thread-10121] INFO  impl.RaftServerImpl (RaftServerImpl.java:setRole(184)) - 4c6a16c4-95d2-4ef7-9fc0-4f57ccbd9967@group-5FF82F29B6C0: changes role from  FOLLOWER to CANDIDATE at term 1275 for changeToCandidate
2019-10-15 03:21:50,411 [Thread-10121] ERROR ratis.XceiverServerRatis (XceiverServerRatis.java:triggerPipelineClose(582)) - pipeline Action CLOSE  on pipeline PipelineID=e4bf9835-e697-42f6-b211-5ff82f29b6c0.Reason : 4c6a16c4-95d2-4ef7-9fc0-4f57ccbd9967 is in candidate state for 165310ms
2019-10-15 03:21:50,411 [Thread-10121] INFO  impl.RoleInfo (RoleInfo.java:updateAndGet(143)) - 4c6a16c4-95d2-4ef7-9fc0-4f57ccbd9967: start LeaderElection
2019-10-15 03:21:50,417 [4c6a16c4-95d2-4ef7-9fc0-4f57ccbd9967@group-5FF82F29B6C0-LeaderElection1224] INFO  impl.LeaderElection (LeaderElection.java:askForVotes(178)) - 4c6a16c4-95d2-4ef7-9fc0-4f57ccbd9967@group-5FF82F29B6C0-LeaderElection1224: begin an election at term 1276 for -1: [4c6a16c4-95d2-4ef7-9fc0-4f57ccbd9967:192.168.5.131:39112, 742c26a8-c271-430a-a05a-c8bba3fa6d96:192.168.5.131:42235, a910346c-1ee2-4cdc-a6d8-644a3a4f0b7f:192.168.5.131:38193], old=null
2019-10-15 03:21:50,418 [grpc-default-executor-8] INFO  impl.RaftServerImpl (RaftServerImpl.java:setRole(184)) - a910346c-1ee2-4cdc-a6d8-644a3a4f0b7f@group-5FF82F29B6C0: changes role from  FOLLOWER to FOLLOWER at term 1276 for recognizeCandidate:4c6a16c4-95d2-4ef7-9fc0-4f57ccbd9967
2019-10-15 03:21:50,419 [grpc-default-executor-8] INFO  impl.RoleInfo (RoleInfo.java:shutdownFollowerState(121)) - a910346c-1ee2-4cdc-a6d8-644a3a4f0b7f: shutdown FollowerState
2019-10-15 03:21:50,419 [grpc-default-executor-8] INFO  impl.RoleInfo (RoleInfo.java:updateAndGet(143)) - a910346c-1ee2-4cdc-a6d8-644a3a4f0b7f: start FollowerState
2019-10-15 03:21:50,419 [Thread-10120] INFO  impl.FollowerState (FollowerState.java:run(117)) - a910346c-1ee2-4cdc-a6d8-644a3a4f0b7f@group-5FF82F29B6C0-FollowerState was interrupted: java.lang.InterruptedException: sleep interrupted
2019-10-15 03:21:50,421 [grpc-default-executor-4] INFO  impl.RaftServerImpl (RaftServerImpl.java:setRole(184)) - 742c26a8-c271-430a-a05a-c8bba3fa6d96@group-5FF82F29B6C0: changes role from  FOLLOWER to FOLLOWER at term 1276 for recognizeCandidate:4c6a16c4-95d2-4ef7-9fc0-4f57ccbd9967
2019-10-15 03:21:50,422 [grpc-default-executor-4] INFO  impl.RoleInfo (RoleInfo.java:shutdownFollowerState(121)) - 742c26a8-c271-430a-a05a-c8bba3fa6d96: shutdown FollowerState
2019-10-15 03:21:50,422 [grpc-default-executor-4] INFO  impl.RoleInfo (RoleInfo.java:updateAndGet(143)) - 742c26a8-c271-430a-a05a-c8bba3fa6d96: start FollowerState
2019-10-15 03:21:50,422 [Thread-10119] INFO  impl.FollowerState (FollowerState.java:run(117)) - 742c26a8-c271-430a-a05a-c8bba3fa6d96@group-5FF82F29B6C0-FollowerState was interrupted: java.lang.InterruptedException: sleep interrupted
2019-10-15 03:21:50,431 [4c6a16c4-95d2-4ef7-9fc0-4f57ccbd9967@group-5FF82F29B6C0-LeaderElection1224] INFO  impl.LeaderElection (LeaderElection.java:logAndReturn(56)) - 4c6a16c4-95d2-4ef7-9fc0-4f57ccbd9967@group-5FF82F29B6C0-LeaderElection1224: Election REJECTED; received 2 response(s) [4c6a16c4-95d2-4ef7-9fc0-4f57ccbd9967<-742c26a8-c271-430a-a05a-c8bba3fa6d96#0:FAIL-t1276, 4c6a16c4-95d2-4ef7-9fc0-4f57ccbd9967<-a910346c-1ee2-4cdc-a6d8-644a3a4f0b7f#0:FAIL-t1276] and 0 exception(s); 4c6a16c4-95d2-4ef7-9fc0-4f57ccbd9967@group-5FF82F29B6C0:t1276, leader=null, voted=4c6a16c4-95d2-4ef7-9fc0-4f57ccbd9967, raftlog=4c6a16c4-95d2-4ef7-9fc0-4f57ccbd9967@group-5FF82F29B6C0-SegmentedRaftLog:OPENED:c-1,f-1,i0, conf=-1: [4c6a16c4-95d2-4ef7-9fc0-4f57ccbd9967:192.168.5.131:39112, 742c26a8-c271-430a-a05a-c8bba3fa6d96:192.168.5.131:42235, a910346c-1ee2-4cdc-a6d8-644a3a4f0b7f:192.168.5.131:38193], old=null
2019-10-15 03:21:50,431 [4c6a16c4-95d2-4ef7-9fc0-4f57ccbd9967@group-5FF82F29B6C0-LeaderElection1224] INFO  impl.RaftServerImpl (RaftServerImpl.java:setRole(184)) - 4c6a16c4-95d2-4ef7-9fc0-4f57ccbd9967@group-5FF82F29B6C0: changes role from CANDIDATE to FOLLOWER at term 1276 for DISCOVERED_A_NEW_TERM
2019-10-15 03:21:50,432 [4c6a16c4-95d2-4ef7-9fc0-4f57ccbd9967@group-5FF82F29B6C0-LeaderElection1224] INFO  impl.RoleInfo (RoleInfo.java:shutdownLeaderElection(134)) - 4c6a16c4-95d2-4ef7-9fc0-4f57ccbd9967: shutdown LeaderElection
2019-10-15 03:21:50,432 [4c6a16c4-95d2-4ef7-9fc0-4f57ccbd9967@group-5FF82F29B6C0-LeaderElection1224] INFO  impl.RoleInfo (RoleInfo.java:updateAndGet(143)) - 4c6a16c4-95d2-4ef7-9fc0-4f57ccbd9967: start FollowerState
2019-10-15 03:21:50,485 [Datanode State Machine Thread - 0] INFO  ozoneimpl.OzoneContainer (OzoneContainer.java:start(213)) - Attempting to start container services.
2019-10-15 03:21:50,486 [Datanode State Machine Thread - 0] INFO  ozoneimpl.OzoneContainer (OzoneContainer.java:startContainerScrub(177)) - Background container scanner has been disabled.
2019-10-15 03:21:50,486 [Datanode State Machine Thread - 0] INFO  ratis.XceiverServerRatis (XceiverServerRatis.java:start(418)) - Starting XceiverServerRatis a3ea6d9b-aab9-4c0f-bb1a-cec21364bbc5 at port 0
2019-10-15 03:21:50,491 [Datanode State Machine Thread - 0] INFO  impl.RaftServerProxy (RaftServerProxy.java:lambda$start$3(299)) - a3ea6d9b-aab9-4c0f-bb1a-cec21364bbc5: start RPC server
2019-10-15 03:21:50,495 [Datanode State Machine Thread - 0] INFO  server.GrpcService (GrpcService.java:startImpl(158)) - a3ea6d9b-aab9-4c0f-bb1a-cec21364bbc5: GrpcService started, listening on 0.0.0.0/0.0.0.0:39283
2019-10-15 03:21:50,495 [Datanode State Machine Thread - 0] INFO  ratis.XceiverServerRatis (XceiverServerRatis.java:start(428)) - XceiverServerRatis a3ea6d9b-aab9-4c0f-bb1a-cec21364bbc5 is started using port 39283
2019-10-15 03:21:50,495 [Datanode State Machine Thread - 0] INFO  server.XceiverServerGrpc (XceiverServerGrpc.java:start(149)) - XceiverServerGrpc a3ea6d9b-aab9-4c0f-bb1a-cec21364bbc5 is started using port 39982
2019-10-15 03:21:50,540 [Thread-10129] INFO  impl.FollowerState (FollowerState.java:run(108)) - 4c6a16c4-95d2-4ef7-9fc0-4f57ccbd9967@group-5FF82F29B6C0-FollowerState: change to CANDIDATE, lastRpcTime:108ms, electionTimeout:108ms
2019-10-15 03:21:50,540 [Thread-10129] INFO  impl.RoleInfo (RoleInfo.java:shutdownFollowerState(121)) - 4c6a16c4-95d2-4ef7-9fc0-4f57ccbd9967: shutdown FollowerState
2019-10-15 03:21:50,540 [Thread-10129] INFO  impl.RaftServerImpl (RaftServerImpl.java:setRole(184)) - 4c6a16c4-95d2-4ef7-9fc0-4f57ccbd9967@group-5FF82F29B6C0: changes role from  FOLLOWER to CANDIDATE at term 1276 for changeToCandidate
2019-10-15 03:21:50,540 [Thread-10129] ERROR ratis.XceiverServerRatis (XceiverServerRatis.java:triggerPipelineClose(582)) - pipeline Action CLOSE  on pipeline PipelineID=e4bf9835-e697-42f6-b211-5ff82f29b6c0.Reason : 4c6a16c4-95d2-4ef7-9fc0-4f57ccbd9967 is in candidate state for 165440ms
2019-10-15 03:21:50,540 [Thread-10129] INFO  impl.RoleInfo (RoleInfo.java:updateAndGet(143)) - 4c6a16c4-95d2-4ef7-9fc0-4f57ccbd9967: start LeaderElection
2019-10-15 03:21:50,554 [4c6a16c4-95d2-4ef7-9fc0-4f57ccbd9967@group-5FF82F29B6C0-LeaderElection1225] INFO  impl.LeaderElection (LeaderElection.java:askForVotes(178)) - 4c6a16c4-95d2-4ef7-9fc0-4f57ccbd9967@group-5FF82F29B6C0-LeaderElection1225: begin an election at term 1277 for -1: [4c6a16c4-95d2-4ef7-9fc0-4f57ccbd9967:192.168.5.131:39112, 742c26a8-c271-430a-a05a-c8bba3fa6d96:192.168.5.131:42235, a910346c-1ee2-4cdc-a6d8-644a3a4f0b7f:192.168.5.131:38193], old=null
2019-10-15 03:21:50,555 [grpc-default-executor-4] INFO  impl.RaftServerImpl (RaftServerImpl.java:setRole(184)) - 742c26a8-c271-430a-a05a-c8bba3fa6d96@group-5FF82F29B6C0: changes role from  FOLLOWER to FOLLOWER at term 1277 for recognizeCandidate:4c6a16c4-95d2-4ef7-9fc0-4f57ccbd9967
2019-10-15 03:21:50,555 [grpc-default-executor-4] INFO  impl.RoleInfo (RoleInfo.java:shutdownFollowerState(121)) - 742c26a8-c271-430a-a05a-c8bba3fa6d96: shutdown FollowerState
2019-10-15 03:21:50,555 [grpc-default-executor-8] INFO  impl.RaftServerImpl (RaftServerImpl.java:setRole(184)) - a910346c-1ee2-4cdc-a6d8-644a3a4f0b7f@group-5FF82F29B6C0: changes role from  FOLLOWER to FOLLOWER at term 1277 for recognizeCandidate:4c6a16c4-95d2-4ef7-9fc0-4f57ccbd9967
2019-10-15 03:21:50,556 [grpc-default-executor-8] INFO  impl.RoleInfo (RoleInfo.java:shutdownFollowerState(121)) - a910346c-1ee2-4cdc-a6d8-644a3a4f0b7f: shutdown FollowerState
2019-10-15 03:21:50,556 [Thread-10128] INFO  impl.FollowerState (FollowerState.java:run(117)) - 742c26a8-c271-430a-a05a-c8bba3fa6d96@group-5FF82F29B6C0-FollowerState was interrupted: java.lang.InterruptedException: sleep interrupted
2019-10-15 03:21:50,555 [grpc-default-executor-4] INFO  impl.RoleInfo (RoleInfo.java:updateAndGet(143)) - 742c26a8-c271-430a-a05a-c8bba3fa6d96: start FollowerState
2019-10-15 03:21:50,556 [Thread-10127] INFO  impl.FollowerState (FollowerState.java:run(117)) - a910346c-1ee2-4cdc-a6d8-644a3a4f0b7f@group-5FF82F29B6C0-FollowerState was interrupted: java.lang.InterruptedException: sleep interrupted
2019-10-15 03:21:50,556 [grpc-default-executor-8] INFO  impl.RoleInfo (RoleInfo.java:updateAndGet(143)) - a910346c-1ee2-4cdc-a6d8-644a3a4f0b7f: start FollowerState
2019-10-15 03:21:50,569 [4c6a16c4-95d2-4ef7-9fc0-4f57ccbd9967@group-5FF82F29B6C0-LeaderElection1225] INFO  impl.LeaderElection (LeaderElection.java:logAndReturn(56)) - 4c6a16c4-95d2-4ef7-9fc0-4f57ccbd9967@group-5FF82F29B6C0-LeaderElection1225: Election TIMEOUT; received 0 response(s) [] and 0 exception(s); 4c6a16c4-95d2-4ef7-9fc0-4f57ccbd9967@group-5FF82F29B6C0:t1277, leader=null, voted=4c6a16c4-95d2-4ef7-9fc0-4f57ccbd9967, raftlog=4c6a16c4-95d2-4ef7-9fc0-4f57ccbd9967@group-5FF82F29B6C0-SegmentedRaftLog:OPENED:c-1,f-1,i0, conf=-1: [4c6a16c4-95d2-4ef7-9fc0-4f57ccbd9967:192.168.5.131:39112, 742c26a8-c271-430a-a05a-c8bba3fa6d96:192.168.5.131:42235, a910346c-1ee2-4cdc-a6d8-644a3a4f0b7f:192.168.5.131:38193], old=null
2019-10-15 03:21:50,572 [4c6a16c4-95d2-4ef7-9fc0-4f57ccbd9967@group-5FF82F29B6C0-LeaderElection1225] INFO  impl.LeaderElection (LeaderElection.java:askForVotes(178)) - 4c6a16c4-95d2-4ef7-9fc0-4f57ccbd9967@group-5FF82F29B6C0-LeaderElection1225: begin an election at term 1278 for -1: [4c6a16c4-95d2-4ef7-9fc0-4f57ccbd9967:192.168.5.131:39112, 742c26a8-c271-430a-a05a-c8bba3fa6d96:192.168.5.131:42235, a910346c-1ee2-4cdc-a6d8-644a3a4f0b7f:192.168.5.131:38193], old=null
2019-10-15 03:21:50,573 [grpc-default-executor-4] INFO  impl.RaftServerImpl (RaftServerImpl.java:setRole(184)) - 742c26a8-c271-430a-a05a-c8bba3fa6d96@group-5FF82F29B6C0: changes role from  FOLLOWER to FOLLOWER at term 1278 for recognizeCandidate:4c6a16c4-95d2-4ef7-9fc0-4f57ccbd9967
2019-10-15 03:21:50,573 [grpc-default-executor-4] INFO  impl.RoleInfo (RoleInfo.java:shutdownFollowerState(121)) - 742c26a8-c271-430a-a05a-c8bba3fa6d96: shutdown FollowerState
2019-10-15 03:21:50,573 [grpc-default-executor-4] INFO  impl.RoleInfo (RoleInfo.java:updateAndGet(143)) - 742c26a8-c271-430a-a05a-c8bba3fa6d96: start FollowerState
2019-10-15 03:21:50,573 [grpc-default-executor-8] INFO  impl.RaftServerImpl (RaftServerImpl.java:setRole(184)) - a910346c-1ee2-4cdc-a6d8-644a3a4f0b7f@group-5FF82F29B6C0: changes role from  FOLLOWER to FOLLOWER at term 1278 for recognizeCandidate:4c6a16c4-95d2-4ef7-9fc0-4f57ccbd9967
2019-10-15 03:21:50,573 [grpc-default-executor-8] INFO  impl.RoleInfo (RoleInfo.java:shutdownFollowerState(121)) - a910346c-1ee2-4cdc-a6d8-644a3a4f0b7f: shutdown FollowerState
2019-10-15 03:21:50,573 [Thread-10137] INFO  impl.FollowerState (FollowerState.java:run(117)) - 742c26a8-c271-430a-a05a-c8bba3fa6d96@group-5FF82F29B6C0-FollowerState was interrupted: java.lang.InterruptedException: sleep interrupted
2019-10-15 03:21:50,574 [Thread-10138] INFO  impl.FollowerState (FollowerState.java:run(117)) - a910346c-1ee2-4cdc-a6d8-644a3a4f0b7f@group-5FF82F29B6C0-FollowerState was interrupted: java.lang.InterruptedException: sleep interrupted
2019-10-15 03:21:50,574 [grpc-default-executor-8] INFO  impl.RoleInfo (RoleInfo.java:updateAndGet(143)) - a910346c-1ee2-4cdc-a6d8-644a3a4f0b7f: start FollowerState
2019-10-15 03:21:50,587 [Datanode State Machine Thread - 0] INFO  ozoneimpl.OzoneContainer (OzoneContainer.java:start(213)) - Attempting to start container services.
2019-10-15 03:21:50,587 [Datanode State Machine Thread - 0] INFO  ozoneimpl.OzoneContainer (OzoneContainer.java:startContainerScrub(177)) - Background container scanner has been disabled.
2019-10-15 03:21:50,587 [4c6a16c4-95d2-4ef7-9fc0-4f57ccbd9967@group-5FF82F29B6C0-LeaderElection1225] INFO  impl.LeaderElection (LeaderElection.java:logAndReturn(56)) - 4c6a16c4-95d2-4ef7-9fc0-4f57ccbd9967@group-5FF82F29B6C0-LeaderElection1225: Election REJECTED; received 2 response(s) [4c6a16c4-95d2-4ef7-9fc0-4f57ccbd9967<-742c26a8-c271-430a-a05a-c8bba3fa6d96#0:FAIL-t1278, 4c6a16c4-95d2-4ef7-9fc0-4f57ccbd9967<-a910346c-1ee2-4cdc-a6d8-644a3a4f0b7f#0:FAIL-t1278] and 0 exception(s); 4c6a16c4-95d2-4ef7-9fc0-4f57ccbd9967@group-5FF82F29B6C0:t1278, leader=null, voted=4c6a16c4-95d2-4ef7-9fc0-4f57ccbd9967, raftlog=4c6a16c4-95d2-4ef7-9fc0-4f57ccbd9967@group-5FF82F29B6C0-SegmentedRaftLog:OPENED:c-1,f-1,i0, conf=-1: [4c6a16c4-95d2-4ef7-9fc0-4f57ccbd9967:192.168.5.131:39112, 742c26a8-c271-430a-a05a-c8bba3fa6d96:192.168.5.131:42235, a910346c-1ee2-4cdc-a6d8-644a3a4f0b7f:192.168.5.131:38193], old=null
2019-10-15 03:21:50,587 [Datanode State Machine Thread - 0] INFO  ratis.XceiverServerRatis (XceiverServerRatis.java:start(418)) - Starting XceiverServerRatis e2a8c572-74a6-4610-8293-be026958d719 at port 0
2019-10-15 03:21:50,587 [4c6a16c4-95d2-4ef7-9fc0-4f57ccbd9967@group-5FF82F29B6C0-LeaderElection1225] INFO  impl.RaftServerImpl (RaftServerImpl.java:setRole(184)) - 4c6a16c4-95d2-4ef7-9fc0-4f57ccbd9967@group-5FF82F29B6C0: changes role from CANDIDATE to FOLLOWER at term 1278 for DISCOVERED_A_NEW_TERM
2019-10-15 03:21:50,587 [4c6a16c4-95d2-4ef7-9fc0-4f57ccbd9967@group-5FF82F29B6C0-LeaderElection1225] INFO  impl.RoleInfo (RoleInfo.java:shutdownLeaderElection(134)) - 4c6a16c4-95d2-4ef7-9fc0-4f57ccbd9967: shutdown LeaderElection
2019-10-15 03:21:50,587 [4c6a16c4-95d2-4ef7-9fc0-4f57ccbd9967@group-5FF82F29B6C0-LeaderElection1225] INFO  impl.RoleInfo (RoleInfo.java:updateAndGet(143)) - 4c6a16c4-95d2-4ef7-9fc0-4f57ccbd9967: start FollowerState
2019-10-15 03:21:50,593 [Datanode State Machine Thread - 0] INFO  impl.RaftServerProxy (RaftServerProxy.java:lambda$start$3(299)) - e2a8c572-74a6-4610-8293-be026958d719: start RPC server
2019-10-15 03:21:50,593 [Datanode State Machine Thread - 0] INFO  server.GrpcService (GrpcService.java:startImpl(158)) - e2a8c572-74a6-4610-8293-be026958d719: GrpcService started, listening on 0.0.0.0/0.0.0.0:35509
2019-10-15 03:21:50,594 [Datanode State Machine Thread - 0] INFO  ratis.XceiverServerRatis (XceiverServerRatis.java:start(428)) - XceiverServerRatis e2a8c572-74a6-4610-8293-be026958d719 is started using port 35509
2019-10-15 03:21:50,594 [Datanode State Machine Thread - 0] INFO  server.XceiverServerGrpc (XceiverServerGrpc.java:start(149)) - XceiverServerGrpc e2a8c572-74a6-4610-8293-be026958d719 is started using port 40170
2019-10-15 03:21:50,709 [Datanode State Machine Thread - 0] INFO  ozoneimpl.OzoneContainer (OzoneContainer.java:start(213)) - Attempting to start container services.
2019-10-15 03:21:50,709 [Datanode State Machine Thread - 0] INFO  ozoneimpl.OzoneContainer (OzoneContainer.java:startContainerScrub(177)) - Background container scanner has been disabled.
2019-10-15 03:21:50,709 [Datanode State Machine Thread - 0] INFO  ratis.XceiverServerRatis (XceiverServerRatis.java:start(418)) - Starting XceiverServerRatis 8fae904a-777d-4f00-8aa1-034f5999d556 at port 0
2019-10-15 03:21:50,716 [Datanode State Machine Thread - 0] INFO  impl.RaftServerProxy (RaftServerProxy.java:lambda$start$3(299)) - 8fae904a-777d-4f00-8aa1-034f5999d556: start RPC server
2019-10-15 03:21:50,721 [Datanode State Machine Thread - 0] INFO  server.GrpcService (GrpcService.java:startImpl(158)) - 8fae904a-777d-4f00-8aa1-034f5999d556: GrpcService started, listening on 0.0.0.0/0.0.0.0:46414
2019-10-15 03:21:50,721 [Datanode State Machine Thread - 0] INFO  ratis.XceiverServerRatis (XceiverServerRatis.java:start(428)) - XceiverServerRatis 8fae904a-777d-4f00-8aa1-034f5999d556 is started using port 46414
2019-10-15 03:21:50,721 [Datanode State Machine Thread - 0] INFO  server.XceiverServerGrpc (XceiverServerGrpc.java:start(149)) - XceiverServerGrpc 8fae904a-777d-4f00-8aa1-034f5999d556 is started using port 46826
2019-10-15 03:21:50,784 [Thread-10143] INFO  impl.FollowerState (FollowerState.java:run(108)) - 4c6a16c4-95d2-4ef7-9fc0-4f57ccbd9967@group-5FF82F29B6C0-FollowerState: change to CANDIDATE, lastRpcTime:196ms, electionTimeout:196ms
2019-10-15 03:21:50,784 [Thread-10143] INFO  impl.RoleInfo (RoleInfo.java:shutdownFollowerState(121)) - 4c6a16c4-95d2-4ef7-9fc0-4f57ccbd9967: shutdown FollowerState
2019-10-15 03:21:50,784 [Thread-10143] INFO  impl.RaftServerImpl (RaftServerImpl.java:setRole(184)) - 4c6a16c4-95d2-4ef7-9fc0-4f57ccbd9967@group-5FF82F29B6C0: changes role from  FOLLOWER to CANDIDATE at term 1278 for changeToCandidate
2019-10-15 03:21:50,785 [Thread-10143] ERROR ratis.XceiverServerRatis (XceiverServerRatis.java:triggerPipelineClose(582)) - pipeline Action CLOSE  on pipeline PipelineID=e4bf9835-e697-42f6-b211-5ff82f29b6c0.Reason : 4c6a16c4-95d2-4ef7-9fc0-4f57ccbd9967 is in candidate state for 165684ms
2019-10-15 03:21:50,785 [Thread-10143] INFO  impl.RoleInfo (RoleInfo.java:updateAndGet(143)) - 4c6a16c4-95d2-4ef7-9fc0-4f57ccbd9967: start LeaderElection
2019-10-15 03:21:50,800 [4c6a16c4-95d2-4ef7-9fc0-4f57ccbd9967@group-5FF82F29B6C0-LeaderElection1226] INFO  impl.LeaderElection (LeaderElection.java:askForVotes(178)) - 4c6a16c4-95d2-4ef7-9fc0-4f57ccbd9967@group-5FF82F29B6C0-LeaderElection1226: begin an election at term 1279 for -1: [4c6a16c4-95d2-4ef7-9fc0-4f57ccbd9967:192.168.5.131:39112, 742c26a8-c271-430a-a05a-c8bba3fa6d96:192.168.5.131:42235, a910346c-1ee2-4cdc-a6d8-644a3a4f0b7f:192.168.5.131:38193], old=null
2019-10-15 03:21:50,800 [Datanode State Machine Thread - 0] INFO  ozoneimpl.OzoneContainer (OzoneContainer.java:start(213)) - Attempting to start container services.
2019-10-15 03:21:50,800 [Datanode State Machine Thread - 0] INFO  ozoneimpl.OzoneContainer (OzoneContainer.java:startContainerScrub(177)) - Background container scanner has been disabled.
2019-10-15 03:21:50,800 [Datanode State Machine Thread - 0] INFO  ratis.XceiverServerRatis (XceiverServerRatis.java:start(418)) - Starting XceiverServerRatis 794bd6a6-a7ff-41cc-9dfa-f048d3080987 at port 0
2019-10-15 03:21:50,801 [grpc-default-executor-4] INFO  impl.RaftServerImpl (RaftServerImpl.java:setRole(184)) - 742c26a8-c271-430a-a05a-c8bba3fa6d96@group-5FF82F29B6C0: changes role from  FOLLOWER to FOLLOWER at term 1279 for recognizeCandidate:4c6a16c4-95d2-4ef7-9fc0-4f57ccbd9967
2019-10-15 03:21:50,801 [grpc-default-executor-4] INFO  impl.RoleInfo (RoleInfo.java:shutdownFollowerState(121)) - 742c26a8-c271-430a-a05a-c8bba3fa6d96: shutdown FollowerState
2019-10-15 03:21:50,801 [main] INFO  ozone.MiniOzoneClusterImpl (MiniOzoneClusterImpl.java:lambda$waitForClusterToBeReady$0(147)) - Waiting for cluster to be ready. Got 0 of 7 DN Heartbeats.
2019-10-15 03:21:50,802 [Thread-10141] INFO  impl.FollowerState (FollowerState.java:run(117)) - 742c26a8-c271-430a-a05a-c8bba3fa6d96@group-5FF82F29B6C0-FollowerState was interrupted: java.lang.InterruptedException: sleep interrupted
2019-10-15 03:21:50,802 [grpc-default-executor-4] INFO  impl.RoleInfo (RoleInfo.java:updateAndGet(143)) - 742c26a8-c271-430a-a05a-c8bba3fa6d96: start FollowerState
2019-10-15 03:21:50,802 [grpc-default-executor-8] INFO  impl.RaftServerImpl (RaftServerImpl.java:setRole(184)) - a910346c-1ee2-4cdc-a6d8-644a3a4f0b7f@group-5FF82F29B6C0: changes role from  FOLLOWER to FOLLOWER at term 1279 for recognizeCandidate:4c6a16c4-95d2-4ef7-9fc0-4f57ccbd9967
2019-10-15 03:21:50,802 [grpc-default-executor-8] INFO  impl.RoleInfo (RoleInfo.java:shutdownFollowerState(121)) - a910346c-1ee2-4cdc-a6d8-644a3a4f0b7f: shutdown FollowerState
2019-10-15 03:21:50,803 [Thread-10142] INFO  impl.FollowerState (FollowerState.java:run(117)) - a910346c-1ee2-4cdc-a6d8-644a3a4f0b7f@group-5FF82F29B6C0-FollowerState was interrupted: java.lang.InterruptedException: sleep interrupted
2019-10-15 03:21:50,803 [grpc-default-executor-8] INFO  impl.RoleInfo (RoleInfo.java:updateAndGet(143)) - a910346c-1ee2-4cdc-a6d8-644a3a4f0b7f: start FollowerState
2019-10-15 03:21:50,807 [Datanode State Machine Thread - 0] INFO  impl.RaftServerProxy (RaftServerProxy.java:lambda$start$3(299)) - 794bd6a6-a7ff-41cc-9dfa-f048d3080987: start RPC server
2019-10-15 03:21:50,813 [Datanode State Machine Thread - 0] INFO  server.GrpcService (GrpcService.java:startImpl(158)) - 794bd6a6-a7ff-41cc-9dfa-f048d3080987: GrpcService started, listening on 0.0.0.0/0.0.0.0:38242
2019-10-15 03:21:50,813 [Datanode State Machine Thread - 0] INFO  ratis.XceiverServerRatis (XceiverServerRatis.java:start(428)) - XceiverServerRatis 794bd6a6-a7ff-41cc-9dfa-f048d3080987 is started using port 38242
2019-10-15 03:21:50,813 [Datanode State Machine Thread - 0] INFO  server.XceiverServerGrpc (XceiverServerGrpc.java:start(149)) - XceiverServerGrpc 794bd6a6-a7ff-41cc-9dfa-f048d3080987 is started using port 45911
2019-10-15 03:21:50,818 [4c6a16c4-95d2-4ef7-9fc0-4f57ccbd9967@group-5FF82F29B6C0-LeaderElection1226] INFO  impl.LeaderElection (LeaderElection.java:logAndReturn(56)) - 4c6a16c4-95d2-4ef7-9fc0-4f57ccbd9967@group-5FF82F29B6C0-LeaderElection1226: Election REJECTED; received 2 response(s) [4c6a16c4-95d2-4ef7-9fc0-4f57ccbd9967<-742c26a8-c271-430a-a05a-c8bba3fa6d96#0:FAIL-t1279, 4c6a16c4-95d2-4ef7-9fc0-4f57ccbd9967<-a910346c-1ee2-4cdc-a6d8-644a3a4f0b7f#0:FAIL-t1279] and 0 exception(s); 4c6a16c4-95d2-4ef7-9fc0-4f57ccbd9967@group-5FF82F29B6C0:t1279, leader=null, voted=4c6a16c4-95d2-4ef7-9fc0-4f57ccbd9967, raftlog=4c6a16c4-95d2-4ef7-9fc0-4f57ccbd9967@group-5FF82F29B6C0-SegmentedRaftLog:OPENED:c-1,f-1,i0, conf=-1: [4c6a16c4-95d2-4ef7-9fc0-4f57ccbd9967:192.168.5.131:39112, 742c26a8-c271-430a-a05a-c8bba3fa6d96:192.168.5.131:42235, a910346c-1ee2-4cdc-a6d8-644a3a4f0b7f:192.168.5.131:38193], old=null
2019-10-15 03:21:50,819 [4c6a16c4-95d2-4ef7-9fc0-4f57ccbd9967@group-5FF82F29B6C0-LeaderElection1226] INFO  impl.RaftServerImpl (RaftServerImpl.java:setRole(184)) - 4c6a16c4-95d2-4ef7-9fc0-4f57ccbd9967@group-5FF82F29B6C0: changes role from CANDIDATE to FOLLOWER at term 1279 for DISCOVERED_A_NEW_TERM
2019-10-15 03:21:50,819 [4c6a16c4-95d2-4ef7-9fc0-4f57ccbd9967@group-5FF82F29B6C0-LeaderElection1226] INFO  impl.RoleInfo (RoleInfo.java:shutdownLeaderElection(134)) - 4c6a16c4-95d2-4ef7-9fc0-4f57ccbd9967: shutdown LeaderElection
2019-10-15 03:21:50,819 [4c6a16c4-95d2-4ef7-9fc0-4f57ccbd9967@group-5FF82F29B6C0-LeaderElection1226] INFO  impl.RoleInfo (RoleInfo.java:updateAndGet(143)) - 4c6a16c4-95d2-4ef7-9fc0-4f57ccbd9967: start FollowerState
2019-10-15 03:21:50,889 [Thread-10155] INFO  impl.FollowerState (FollowerState.java:run(108)) - 4c6a16c4-95d2-4ef7-9fc0-4f57ccbd9967@group-5FF82F29B6C0-FollowerState: change to CANDIDATE, lastRpcTime:70ms, electionTimeout:70ms
2019-10-15 03:21:50,889 [Thread-10155] INFO  impl.RoleInfo (RoleInfo.java:shutdownFollowerState(121)) - 4c6a16c4-95d2-4ef7-9fc0-4f57ccbd9967: shutdown FollowerState
2019-10-15 03:21:50,890 [Thread-10155] INFO  impl.RaftServerImpl (RaftServerImpl.java:setRole(184)) - 4c6a16c4-95d2-4ef7-9fc0-4f57ccbd9967@group-5FF82F29B6C0: changes role from  FOLLOWER to CANDIDATE at term 1279 for changeToCandidate
2019-10-15 03:21:50,890 [Thread-10155] ERROR ratis.XceiverServerRatis (XceiverServerRatis.java:triggerPipelineClose(582)) - pipeline Action CLOSE  on pipeline PipelineID=e4bf9835-e697-42f6-b211-5ff82f29b6c0.Reason : 4c6a16c4-95d2-4ef7-9fc0-4f57ccbd9967 is in candidate state for 165789ms
2019-10-15 03:21:50,890 [Thread-10155] INFO  impl.RoleInfo (RoleInfo.java:updateAndGet(143)) - 4c6a16c4-95d2-4ef7-9fc0-4f57ccbd9967: start LeaderElection
2019-10-15 03:21:50,904 [4c6a16c4-95d2-4ef7-9fc0-4f57ccbd9967@group-5FF82F29B6C0-LeaderElection1227] INFO  impl.LeaderElection (LeaderElection.java:askForVotes(178)) - 4c6a16c4-95d2-4ef7-9fc0-4f57ccbd9967@group-5FF82F29B6C0-LeaderElection1227: begin an election at term 1280 for -1: [4c6a16c4-95d2-4ef7-9fc0-4f57ccbd9967:192.168.5.131:39112, 742c26a8-c271-430a-a05a-c8bba3fa6d96:192.168.5.131:42235, a910346c-1ee2-4cdc-a6d8-644a3a4f0b7f:192.168.5.131:38193], old=null
2019-10-15 03:21:50,906 [grpc-default-executor-8] INFO  impl.RaftServerImpl (RaftServerImpl.java:setRole(184)) - 742c26a8-c271-430a-a05a-c8bba3fa6d96@group-5FF82F29B6C0: changes role from  FOLLOWER to FOLLOWER at term 1280 for recognizeCandidate:4c6a16c4-95d2-4ef7-9fc0-4f57ccbd9967
2019-10-15 03:21:50,906 [grpc-default-executor-5] INFO  impl.RaftServerImpl (RaftServerImpl.java:setRole(184)) - a910346c-1ee2-4cdc-a6d8-644a3a4f0b7f@group-5FF82F29B6C0: changes role from  FOLLOWER to FOLLOWER at term 1280 for recognizeCandidate:4c6a16c4-95d2-4ef7-9fc0-4f57ccbd9967
2019-10-15 03:21:50,906 [grpc-default-executor-8] INFO  impl.RoleInfo (RoleInfo.java:shutdownFollowerState(121)) - 742c26a8-c271-430a-a05a-c8bba3fa6d96: shutdown FollowerState
2019-10-15 03:21:50,906 [grpc-default-executor-5] INFO  impl.RoleInfo (RoleInfo.java:shutdownFollowerState(121)) - a910346c-1ee2-4cdc-a6d8-644a3a4f0b7f: shutdown FollowerState
2019-10-15 03:21:50,906 [Thread-10151] INFO  impl.FollowerState (FollowerState.java:run(117)) - 742c26a8-c271-430a-a05a-c8bba3fa6d96@group-5FF82F29B6C0-FollowerState was interrupted: java.lang.InterruptedException: sleep interrupted
2019-10-15 03:21:50,906 [grpc-default-executor-8] INFO  impl.RoleInfo (RoleInfo.java:updateAndGet(143)) - 742c26a8-c271-430a-a05a-c8bba3fa6d96: start FollowerState
2019-10-15 03:21:50,906 [Thread-10152] INFO  impl.FollowerState (FollowerState.java:run(117)) - a910346c-1ee2-4cdc-a6d8-644a3a4f0b7f@group-5FF82F29B6C0-FollowerState was interrupted: java.lang.InterruptedException: sleep interrupted
2019-10-15 03:21:50,906 [grpc-default-executor-5] INFO  impl.RoleInfo (RoleInfo.java:updateAndGet(143)) - a910346c-1ee2-4cdc-a6d8-644a3a4f0b7f: start FollowerState
2019-10-15 03:21:50,920 [4c6a16c4-95d2-4ef7-9fc0-4f57ccbd9967@group-5FF82F29B6C0-LeaderElection1227] INFO  impl.LeaderElection (LeaderElection.java:logAndReturn(56)) - 4c6a16c4-95d2-4ef7-9fc0-4f57ccbd9967@group-5FF82F29B6C0-LeaderElection1227: Election REJECTED; received 2 response(s) [4c6a16c4-95d2-4ef7-9fc0-4f57ccbd9967<-742c26a8-c271-430a-a05a-c8bba3fa6d96#0:FAIL-t1280, 4c6a16c4-95d2-4ef7-9fc0-4f57ccbd9967<-a910346c-1ee2-4cdc-a6d8-644a3a4f0b7f#0:FAIL-t1280] and 0 exception(s); 4c6a16c4-95d2-4ef7-9fc0-4f57ccbd9967@group-5FF82F29B6C0:t1280, leader=null, voted=4c6a16c4-95d2-4ef7-9fc0-4f57ccbd9967, raftlog=4c6a16c4-95d2-4ef7-9fc0-4f57ccbd9967@group-5FF82F29B6C0-SegmentedRaftLog:OPENED:c-1,f-1,i0, conf=-1: [4c6a16c4-95d2-4ef7-9fc0-4f57ccbd9967:192.168.5.131:39112, 742c26a8-c271-430a-a05a-c8bba3fa6d96:192.168.5.131:42235, a910346c-1ee2-4cdc-a6d8-644a3a4f0b7f:192.168.5.131:38193], old=null
2019-10-15 03:21:50,920 [4c6a16c4-95d2-4ef7-9fc0-4f57ccbd9967@group-5FF82F29B6C0-LeaderElection1227] INFO  impl.RaftServerImpl (RaftServerImpl.java:setRole(184)) - 4c6a16c4-95d2-4ef7-9fc0-4f57ccbd9967@group-5FF82F29B6C0: changes role from CANDIDATE to FOLLOWER at term 1280 for DISCOVERED_A_NEW_TERM
2019-10-15 03:21:50,920 [4c6a16c4-95d2-4ef7-9fc0-4f57ccbd9967@group-5FF82F29B6C0-LeaderElection1227] INFO  impl.RoleInfo (RoleInfo.java:shutdownLeaderElection(134)) - 4c6a16c4-95d2-4ef7-9fc0-4f57ccbd9967: shutdown LeaderElection
2019-10-15 03:21:50,921 [4c6a16c4-95d2-4ef7-9fc0-4f57ccbd9967@group-5FF82F29B6C0-LeaderElection1227] INFO  impl.RoleInfo (RoleInfo.java:updateAndGet(143)) - 4c6a16c4-95d2-4ef7-9fc0-4f57ccbd9967: start FollowerState
2019-10-15 03:21:50,985 [EventQueue-PipelineActionsForPipelineActionHandler] ERROR pipeline.PipelineActionHandler (PipelineActionHandler.java:onMessage(60)) - Received pipeline action CLOSE for Pipeline[ Id: e4bf9835-e697-42f6-b211-5ff82f29b6c0, Nodes: a910346c-1ee2-4cdc-a6d8-644a3a4f0b7f{ip: 192.168.5.131, host: pr-hdds-2305-c92ks-1629580955, networkLocation: /default-rack, certSerialId: null}742c26a8-c271-430a-a05a-c8bba3fa6d96{ip: 192.168.5.131, host: pr-hdds-2305-c92ks-1629580955, networkLocation: /default-rack, certSerialId: null}4c6a16c4-95d2-4ef7-9fc0-4f57ccbd9967{ip: 192.168.5.131, host: pr-hdds-2305-c92ks-1629580955, networkLocation: /default-rack, certSerialId: null}, Type:RATIS, Factor:THREE, State:CLOSED] from datanode 4c6a16c4-95d2-4ef7-9fc0-4f57ccbd9967{ip: 192.168.5.131, host: pr-hdds-2305-c92ks-1629580955, networkLocation: /default-rack, certSerialId: null}. Reason : 4c6a16c4-95d2-4ef7-9fc0-4f57ccbd9967 is in candidate state for 165034ms
2019-10-15 03:21:50,985 [EventQueue-PipelineActionsForPipelineActionHandler] INFO  pipeline.SCMPipelineManager (SCMPipelineManager.java:finalizeAndDestroyPipeline(315)) - destroying pipeline:Pipeline[ Id: e4bf9835-e697-42f6-b211-5ff82f29b6c0, Nodes: a910346c-1ee2-4cdc-a6d8-644a3a4f0b7f{ip: 192.168.5.131, host: pr-hdds-2305-c92ks-1629580955, networkLocation: /default-rack, certSerialId: null}742c26a8-c271-430a-a05a-c8bba3fa6d96{ip: 192.168.5.131, host: pr-hdds-2305-c92ks-1629580955, networkLocation: /default-rack, certSerialId: null}4c6a16c4-95d2-4ef7-9fc0-4f57ccbd9967{ip: 192.168.5.131, host: pr-hdds-2305-c92ks-1629580955, networkLocation: /default-rack, certSerialId: null}, Type:RATIS, Factor:THREE, State:CLOSED]
2019-10-15 03:21:51,030 [Thread-10161] INFO  impl.FollowerState (FollowerState.java:run(108)) - 4c6a16c4-95d2-4ef7-9fc0-4f57ccbd9967@group-5FF82F29B6C0-FollowerState: change to CANDIDATE, lastRpcTime:109ms, electionTimeout:109ms
2019-10-15 03:21:51,030 [Thread-10161] INFO  impl.RoleInfo (RoleInfo.java:shutdownFollowerState(121)) - 4c6a16c4-95d2-4ef7-9fc0-4f57ccbd9967: shutdown FollowerState
2019-10-15 03:21:51,030 [Thread-10161] INFO  impl.RaftServerImpl (RaftServerImpl.java:setRole(184)) - 4c6a16c4-95d2-4ef7-9fc0-4f57ccbd9967@group-5FF82F29B6C0: changes role from  FOLLOWER to CANDIDATE at term 1280 for changeToCandidate
2019-10-15 03:21:51,031 [Thread-10161] ERROR ratis.XceiverServerRatis (XceiverServerRatis.java:triggerPipelineClose(582)) - pipeline Action CLOSE  on pipeline PipelineID=e4bf9835-e697-42f6-b211-5ff82f29b6c0.Reason : 4c6a16c4-95d2-4ef7-9fc0-4f57ccbd9967 is in candidate state for 165930ms
2019-10-15 03:21:51,031 [Thread-10161] INFO  impl.RoleInfo (RoleInfo.java:updateAndGet(143)) - 4c6a16c4-95d2-4ef7-9fc0-4f57ccbd9967: start LeaderElection
2019-10-15 03:21:51,045 [4c6a16c4-95d2-4ef7-9fc0-4f57ccbd9967@group-5FF82F29B6C0-LeaderElection1228] INFO  impl.LeaderElection (LeaderElection.java:askForVotes(178)) - 4c6a16c4-95d2-4ef7-9fc0-4f57ccbd9967@group-5FF82F29B6C0-LeaderElection1228: begin an election at term 1281 for -1: [4c6a16c4-95d2-4ef7-9fc0-4f57ccbd9967:192.168.5.131:39112, 742c26a8-c271-430a-a05a-c8bba3fa6d96:192.168.5.131:42235, a910346c-1ee2-4cdc-a6d8-644a3a4f0b7f:192.168.5.131:38193], old=null
2019-10-15 03:21:51,046 [grpc-default-executor-8] INFO  impl.RaftServerImpl (RaftServerImpl.java:setRole(184)) - 742c26a8-c271-430a-a05a-c8bba3fa6d96@group-5FF82F29B6C0: changes role from  FOLLOWER to FOLLOWER at term 1281 for recognizeCandidate:4c6a16c4-95d2-4ef7-9fc0-4f57ccbd9967
2019-10-15 03:21:51,046 [grpc-default-executor-5] INFO  impl.RaftServerImpl (RaftServerImpl.java:setRole(184)) - a910346c-1ee2-4cdc-a6d8-644a3a4f0b7f@group-5FF82F29B6C0: changes role from  FOLLOWER to FOLLOWER at term 1281 for recognizeCandidate:4c6a16c4-95d2-4ef7-9fc0-4f57ccbd9967
2019-10-15 03:21:51,046 [grpc-default-executor-5] INFO  impl.RoleInfo (RoleInfo.java:shutdownFollowerState(121)) - a910346c-1ee2-4cdc-a6d8-644a3a4f0b7f: shutdown FollowerState
2019-10-15 03:21:51,046 [grpc-default-executor-8] INFO  impl.RoleInfo (RoleInfo.java:shutdownFollowerState(121)) - 742c26a8-c271-430a-a05a-c8bba3fa6d96: shutdown FollowerState
2019-10-15 03:21:51,046 [Thread-10160] INFO  impl.FollowerState (FollowerState.java:run(117)) - a910346c-1ee2-4cdc-a6d8-644a3a4f0b7f@group-5FF82F29B6C0-FollowerState was interrupted: java.lang.InterruptedException: sleep interrupted
2019-10-15 03:21:51,046 [grpc-default-executor-5] INFO  impl.RoleInfo (RoleInfo.java:updateAndGet(143)) - a910346c-1ee2-4cdc-a6d8-644a3a4f0b7f: start FollowerState
2019-10-15 03:21:51,046 [Thread-10159] INFO  impl.FollowerState (FollowerState.java:run(117)) - 742c26a8-c271-430a-a05a-c8bba3fa6d96@group-5FF82F29B6C0-FollowerState was interrupted: java.lang.InterruptedException: sleep interrupted
2019-10-15 03:21:51,046 [grpc-default-executor-8] INFO  impl.RoleInfo (RoleInfo.java:updateAndGet(143)) - 742c26a8-c271-430a-a05a-c8bba3fa6d96: start FollowerState
2019-10-15 03:21:51,060 [4c6a16c4-95d2-4ef7-9fc0-4f57ccbd9967@group-5FF82F29B6C0-LeaderElection1228] INFO  impl.LeaderElection (LeaderElection.java:logAndReturn(56)) - 4c6a16c4-95d2-4ef7-9fc0-4f57ccbd9967@group-5FF82F29B6C0-LeaderElection1228: Election REJECTED; received 2 response(s) [4c6a16c4-95d2-4ef7-9fc0-4f57ccbd9967<-742c26a8-c271-430a-a05a-c8bba3fa6d96#0:FAIL-t1281, 4c6a16c4-95d2-4ef7-9fc0-4f57ccbd9967<-a910346c-1ee2-4cdc-a6d8-644a3a4f0b7f#0:FAIL-t1281] and 0 exception(s); 4c6a16c4-95d2-4ef7-9fc0-4f57ccbd9967@group-5FF82F29B6C0:t1281, leader=null, voted=4c6a16c4-95d2-4ef7-9fc0-4f57ccbd9967, raftlog=4c6a16c4-95d2-4ef7-9fc0-4f57ccbd9967@group-5FF82F29B6C0-SegmentedRaftLog:OPENED:c-1,f-1,i0, conf=-1: [4c6a16c4-95d2-4ef7-9fc0-4f57ccbd9967:192.168.5.131:39112, 742c26a8-c271-430a-a05a-c8bba3fa6d96:192.168.5.131:42235, a910346c-1ee2-4cdc-a6d8-644a3a4f0b7f:192.168.5.131:38193], old=null
2019-10-15 03:21:51,060 [4c6a16c4-95d2-4ef7-9fc0-4f57ccbd9967@group-5FF82F29B6C0-LeaderElection1228] INFO  impl.RaftServerImpl (RaftServerImpl.java:setRole(184)) - 4c6a16c4-95d2-4ef7-9fc0-4f57ccbd9967@group-5FF82F29B6C0: changes role from CANDIDATE to FOLLOWER at term 1281 for DISCOVERED_A_NEW_TERM
2019-10-15 03:21:51,061 [4c6a16c4-95d2-4ef7-9fc0-4f57ccbd9967@group-5FF82F29B6C0-LeaderElection1228] INFO  impl.RoleInfo (RoleInfo.java:shutdownLeaderElection(134)) - 4c6a16c4-95d2-4ef7-9fc0-4f57ccbd9967: shutdown LeaderElection
2019-10-15 03:21:51,061 [4c6a16c4-95d2-4ef7-9fc0-4f57ccbd9967@group-5FF82F29B6C0-LeaderElection1228] INFO  impl.RoleInfo (RoleInfo.java:updateAndGet(143)) - 4c6a16c4-95d2-4ef7-9fc0-4f57ccbd9967: start FollowerState
2019-10-15 03:21:51,094 [Thread-10169] INFO  impl.FollowerState (FollowerState.java:run(108)) - 4c6a16c4-95d2-4ef7-9fc0-4f57ccbd9967@group-5FF82F29B6C0-FollowerState: change to CANDIDATE, lastRpcTime:33ms, electionTimeout:33ms
2019-10-15 03:21:51,094 [Thread-10169] INFO  impl.RoleInfo (RoleInfo.java:shutdownFollowerState(121)) - 4c6a16c4-95d2-4ef7-9fc0-4f57ccbd9967: shutdown FollowerState
2019-10-15 03:21:51,094 [Thread-10169] INFO  impl.RaftServerImpl (RaftServerImpl.java:setRole(184)) - 4c6a16c4-95d2-4ef7-9fc0-4f57ccbd9967@group-5FF82F29B6C0: changes role from  FOLLOWER to CANDIDATE at term 1281 for changeToCandidate
2019-10-15 03:21:51,094 [Thread-10169] ERROR ratis.XceiverServerRatis (XceiverServerRatis.java:triggerPipelineClose(582)) - pipeline Action CLOSE  on pipeline PipelineID=e4bf9835-e697-42f6-b211-5ff82f29b6c0.Reason : 4c6a16c4-95d2-4ef7-9fc0-4f57ccbd9967 is in candidate state for 165994ms
2019-10-15 03:21:51,095 [Thread-10169] INFO  impl.RoleInfo (RoleInfo.java:updateAndGet(143)) - 4c6a16c4-95d2-4ef7-9fc0-4f57ccbd9967: start LeaderElection
2019-10-15 03:21:51,108 [4c6a16c4-95d2-4ef7-9fc0-4f57ccbd9967@group-5FF82F29B6C0-LeaderElection1229] INFO  impl.LeaderElection (LeaderElection.java:askForVotes(178)) - 4c6a16c4-95d2-4ef7-9fc0-4f57ccbd9967@group-5FF82F29B6C0-LeaderElection1229: begin an election at term 1282 for -1: [4c6a16c4-95d2-4ef7-9fc0-4f57ccbd9967:192.168.5.131:39112, 742c26a8-c271-430a-a05a-c8bba3fa6d96:192.168.5.131:42235, a910346c-1ee2-4cdc-a6d8-644a3a4f0b7f:192.168.5.131:38193], old=null
2019-10-15 03:21:51,109 [grpc-default-executor-8] INFO  impl.RaftServerImpl (RaftServerImpl.java:setRole(184)) - 742c26a8-c271-430a-a05a-c8bba3fa6d96@group-5FF82F29B6C0: changes role from  FOLLOWER to FOLLOWER at term 1282 for recognizeCandidate:4c6a16c4-95d2-4ef7-9fc0-4f57ccbd9967
2019-10-15 03:21:51,109 [grpc-default-executor-8] INFO  impl.RoleInfo (RoleInfo.java:shutdownFollowerState(121)) - 742c26a8-c271-430a-a05a-c8bba3fa6d96: shutdown FollowerState
2019-10-15 03:21:51,110 [grpc-default-executor-5] INFO  impl.RaftServerImpl (RaftServerImpl.java:setRole(184)) - a910346c-1ee2-4cdc-a6d8-644a3a4f0b7f@group-5FF82F29B6C0: changes role from  FOLLOWER to FOLLOWER at term 1282 for recognizeCandidate:4c6a16c4-95d2-4ef7-9fc0-4f57ccbd9967
2019-10-15 03:21:51,110 [grpc-default-executor-5] INFO  impl.RoleInfo (RoleInfo.java:shutdownFollowerState(121)) - a910346c-1ee2-4cdc-a6d8-644a3a4f0b7f: shutdown FollowerState
2019-10-15 03:21:51,110 [Thread-10168] INFO  impl.FollowerState (FollowerState.java:run(117)) - 742c26a8-c271-430a-a05a-c8bba3fa6d96@group-5FF82F29B6C0-FollowerState was interrupted: java.lang.InterruptedException: sleep interrupted
2019-10-15 03:21:51,110 [grpc-default-executor-8] INFO  impl.RoleInfo (RoleInfo.java:updateAndGet(143)) - 742c26a8-c271-430a-a05a-c8bba3fa6d96: start FollowerState
2019-10-15 03:21:51,110 [grpc-default-executor-5] INFO  impl.RoleInfo (RoleInfo.java:updateAndGet(143)) - a910346c-1ee2-4cdc-a6d8-644a3a4f0b7f: start FollowerState
2019-10-15 03:21:51,110 [Thread-10167] INFO  impl.FollowerState (FollowerState.java:run(117)) - a910346c-1ee2-4cdc-a6d8-644a3a4f0b7f@group-5FF82F29B6C0-FollowerState was interrupted: java.lang.InterruptedException: sleep interrupted
2019-10-15 03:21:51,124 [4c6a16c4-95d2-4ef7-9fc0-4f57ccbd9967@group-5FF82F29B6C0-LeaderElection1229] INFO  impl.LeaderElection (LeaderElection.java:logAndReturn(56)) - 4c6a16c4-95d2-4ef7-9fc0-4f57ccbd9967@group-5FF82F29B6C0-LeaderElection1229: Election REJECTED; received 2 response(s) [4c6a16c4-95d2-4ef7-9fc0-4f57ccbd9967<-742c26a8-c271-430a-a05a-c8bba3fa6d96#0:FAIL-t1282, 4c6a16c4-95d2-4ef7-9fc0-4f57ccbd9967<-a910346c-1ee2-4cdc-a6d8-644a3a4f0b7f#0:FAIL-t1282] and 0 exception(s); 4c6a16c4-95d2-4ef7-9fc0-4f57ccbd9967@group-5FF82F29B6C0:t1282, leader=null, voted=4c6a16c4-95d2-4ef7-9fc0-4f57ccbd9967, raftlog=4c6a16c4-95d2-4ef7-9fc0-4f57ccbd9967@group-5FF82F29B6C0-SegmentedRaftLog:OPENED:c-1,f-1,i0, conf=-1: [4c6a16c4-95d2-4ef7-9fc0-4f57ccbd9967:192.168.5.131:39112, 742c26a8-c271-430a-a05a-c8bba3fa6d96:192.168.5.131:42235, a910346c-1ee2-4cdc-a6d8-644a3a4f0b7f:192.168.5.131:38193], old=null
2019-10-15 03:21:51,124 [4c6a16c4-95d2-4ef7-9fc0-4f57ccbd9967@group-5FF82F29B6C0-LeaderElection1229] INFO  impl.RaftServerImpl (RaftServerImpl.java:setRole(184)) - 4c6a16c4-95d2-4ef7-9fc0-4f57ccbd9967@group-5FF82F29B6C0: changes role from CANDIDATE to FOLLOWER at term 1282 for DISCOVERED_A_NEW_TERM
2019-10-15 03:21:51,124 [4c6a16c4-95d2-4ef7-9fc0-4f57ccbd9967@group-5FF82F29B6C0-LeaderElection1229] INFO  impl.RoleInfo (RoleInfo.java:shutdownLeaderElection(134)) - 4c6a16c4-95d2-4ef7-9fc0-4f57ccbd9967: shutdown LeaderElection
2019-10-15 03:21:51,124 [4c6a16c4-95d2-4ef7-9fc0-4f57ccbd9967@group-5FF82F29B6C0-LeaderElection1229] INFO  impl.RoleInfo (RoleInfo.java:updateAndGet(143)) - 4c6a16c4-95d2-4ef7-9fc0-4f57ccbd9967: start FollowerState
2019-10-15 03:21:51,131 [Thread-10175] INFO  impl.FollowerState (FollowerState.java:run(108)) - 4c6a16c4-95d2-4ef7-9fc0-4f57ccbd9967@group-5FF82F29B6C0-FollowerState: change to CANDIDATE, lastRpcTime:7ms, electionTimeout:7ms
2019-10-15 03:21:51,131 [Thread-10175] INFO  impl.RoleInfo (RoleInfo.java:shutdownFollowerState(121)) - 4c6a16c4-95d2-4ef7-9fc0-4f57ccbd9967: shutdown FollowerState
2019-10-15 03:21:51,131 [Thread-10175] INFO  impl.RaftServerImpl (RaftServerImpl.java:setRole(184)) - 4c6a16c4-95d2-4ef7-9fc0-4f57ccbd9967@group-5FF82F29B6C0: changes role from  FOLLOWER to CANDIDATE at term 1282 for changeToCandidate
2019-10-15 03:21:51,131 [Thread-10175] ERROR ratis.XceiverServerRatis (XceiverServerRatis.java:triggerPipelineClose(582)) - pipeline Action CLOSE  on pipeline PipelineID=e4bf9835-e697-42f6-b211-5ff82f29b6c0.Reason : 4c6a16c4-95d2-4ef7-9fc0-4f57ccbd9967 is in candidate state for 166031ms
2019-10-15 03:21:51,132 [Thread-10175] INFO  impl.RoleInfo (RoleInfo.java:updateAndGet(143)) - 4c6a16c4-95d2-4ef7-9fc0-4f57ccbd9967: start LeaderElection
2019-10-15 03:21:51,145 [4c6a16c4-95d2-4ef7-9fc0-4f57ccbd9967@group-5FF82F29B6C0-LeaderElection1230] INFO  impl.LeaderElection (LeaderElection.java:askForVotes(178)) - 4c6a16c4-95d2-4ef7-9fc0-4f57ccbd9967@group-5FF82F29B6C0-LeaderElection1230: begin an election at term 1283 for -1: [4c6a16c4-95d2-4ef7-9fc0-4f57ccbd9967:192.168.5.131:39112, 742c26a8-c271-430a-a05a-c8bba3fa6d96:192.168.5.131:42235, a910346c-1ee2-4cdc-a6d8-644a3a4f0b7f:192.168.5.131:38193], old=null
2019-10-15 03:21:51,146 [grpc-default-executor-8] INFO  impl.RaftServerImpl (RaftServerImpl.java:setRole(184)) - 742c26a8-c271-430a-a05a-c8bba3fa6d96@group-5FF82F29B6C0: changes role from  FOLLOWER to FOLLOWER at term 1283 for recognizeCandidate:4c6a16c4-95d2-4ef7-9fc0-4f57ccbd9967
2019-10-15 03:21:51,147 [grpc-default-executor-5] INFO  impl.RaftServerImpl (RaftServerImpl.java:setRole(184)) - a910346c-1ee2-4cdc-a6d8-644a3a4f0b7f@group-5FF82F29B6C0: changes role from  FOLLOWER to FOLLOWER at term 1283 for recognizeCandidate:4c6a16c4-95d2-4ef7-9fc0-4f57ccbd9967
2019-10-15 03:21:51,147 [grpc-default-executor-8] INFO  impl.RoleInfo (RoleInfo.java:shutdownFollowerState(121)) - 742c26a8-c271-430a-a05a-c8bba3fa6d96: shutdown FollowerState
2019-10-15 03:21:51,147 [grpc-default-executor-5] INFO  impl.RoleInfo (RoleInfo.java:shutdownFollowerState(121)) - a910346c-1ee2-4cdc-a6d8-644a3a4f0b7f: shutdown FollowerState
2019-10-15 03:21:51,147 [Thread-10173] INFO  impl.FollowerState (FollowerState.java:run(117)) - 742c26a8-c271-430a-a05a-c8bba3fa6d96@group-5FF82F29B6C0-FollowerState was interrupted: java.lang.InterruptedException: sleep interrupted
2019-10-15 03:21:51,147 [grpc-default-executor-8] INFO  impl.RoleInfo (RoleInfo.java:updateAndGet(143)) - 742c26a8-c271-430a-a05a-c8bba3fa6d96: start FollowerState
2019-10-15 03:21:51,147 [Thread-10174] INFO  impl.FollowerState (FollowerState.java:run(117)) - a910346c-1ee2-4cdc-a6d8-644a3a4f0b7f@group-5FF82F29B6C0-FollowerState was interrupted: java.lang.InterruptedException: sleep interrupted
2019-10-15 03:21:51,147 [grpc-default-executor-5] INFO  impl.RoleInfo (RoleInfo.java:updateAndGet(143)) - a910346c-1ee2-4cdc-a6d8-644a3a4f0b7f: start FollowerState
2019-10-15 03:21:51,161 [4c6a16c4-95d2-4ef7-9fc0-4f57ccbd9967@group-5FF82F29B6C0-LeaderElection1230] INFO  impl.LeaderElection (LeaderElection.java:logAndReturn(56)) - 4c6a16c4-95d2-4ef7-9fc0-4f57ccbd9967@group-5FF82F29B6C0-LeaderElection1230: Election REJECTED; received 2 response(s) [4c6a16c4-95d2-4ef7-9fc0-4f57ccbd9967<-742c26a8-c271-430a-a05a-c8bba3fa6d96#0:FAIL-t1283, 4c6a16c4-95d2-4ef7-9fc0-4f57ccbd9967<-a910346c-1ee2-4cdc-a6d8-644a3a4f0b7f#0:FAIL-t1283] and 0 exception(s); 4c6a16c4-95d2-4ef7-9fc0-4f57ccbd9967@group-5FF82F29B6C0:t1283, leader=null, voted=4c6a16c4-95d2-4ef7-9fc0-4f57ccbd9967, raftlog=4c6a16c4-95d2-4ef7-9fc0-4f57ccbd9967@group-5FF82F29B6C0-SegmentedRaftLog:OPENED:c-1,f-1,i0, conf=-1: [4c6a16c4-95d2-4ef7-9fc0-4f57ccbd9967:192.168.5.131:39112, 742c26a8-c271-430a-a05a-c8bba3fa6d96:192.168.5.131:42235, a910346c-1ee2-4cdc-a6d8-644a3a4f0b7f:192.168.5.131:38193], old=null
2019-10-15 03:21:51,162 [4c6a16c4-95d2-4ef7-9fc0-4f57ccbd9967@group-5FF82F29B6C0-LeaderElection1230] INFO  impl.RaftServerImpl (RaftServerImpl.java:setRole(184)) - 4c6a16c4-95d2-4ef7-9fc0-4f57ccbd9967@group-5FF82F29B6C0: changes role from CANDIDATE to FOLLOWER at term 1283 for DISCOVERED_A_NEW_TERM
2019-10-15 03:21:51,162 [4c6a16c4-95d2-4ef7-9fc0-4f57ccbd9967@group-5FF82F29B6C0-LeaderElection1230] INFO  impl.RoleInfo (RoleInfo.java:shutdownLeaderElection(134)) - 4c6a16c4-95d2-4ef7-9fc0-4f57ccbd9967: shutdown LeaderElection
2019-10-15 03:21:51,162 [4c6a16c4-95d2-4ef7-9fc0-4f57ccbd9967@group-5FF82F29B6C0-LeaderElection1230] INFO  impl.RoleInfo (RoleInfo.java:updateAndGet(143)) - 4c6a16c4-95d2-4ef7-9fc0-4f57ccbd9967: start FollowerState
2019-10-15 03:21:51,247 [Thread-10181] INFO  impl.FollowerState (FollowerState.java:run(108)) - 4c6a16c4-95d2-4ef7-9fc0-4f57ccbd9967@group-5FF82F29B6C0-FollowerState: change to CANDIDATE, lastRpcTime:85ms, electionTimeout:85ms
2019-10-15 03:21:51,247 [Thread-10181] INFO  impl.RoleInfo (RoleInfo.java:shutdownFollowerState(121)) - 4c6a16c4-95d2-4ef7-9fc0-4f57ccbd9967: shutdown FollowerState
2019-10-15 03:21:51,248 [Thread-10181] INFO  impl.RaftServerImpl (RaftServerImpl.java:setRole(184)) - 4c6a16c4-95d2-4ef7-9fc0-4f57ccbd9967@group-5FF82F29B6C0: changes role from  FOLLOWER to CANDIDATE at term 1283 for changeToCandidate
2019-10-15 03:21:51,248 [Thread-10181] ERROR ratis.XceiverServerRatis (XceiverServerRatis.java:triggerPipelineClose(582)) - pipeline Action CLOSE  on pipeline PipelineID=e4bf9835-e697-42f6-b211-5ff82f29b6c0.Reason : 4c6a16c4-95d2-4ef7-9fc0-4f57ccbd9967 is in candidate state for 166147ms
2019-10-15 03:21:51,248 [Thread-10181] INFO  impl.RoleInfo (RoleInfo.java:updateAndGet(143)) - 4c6a16c4-95d2-4ef7-9fc0-4f57ccbd9967: start LeaderElection
2019-10-15 03:21:51,262 [4c6a16c4-95d2-4ef7-9fc0-4f57ccbd9967@group-5FF82F29B6C0-LeaderElection1231] INFO  impl.LeaderElection (LeaderElection.java:askForVotes(178)) - 4c6a16c4-95d2-4ef7-9fc0-4f57ccbd9967@group-5FF82F29B6C0-LeaderElection1231: begin an election at term 1284 for -1: [4c6a16c4-95d2-4ef7-9fc0-4f57ccbd9967:192.168.5.131:39112, 742c26a8-c271-430a-a05a-c8bba3fa6d96:192.168.5.131:42235, a910346c-1ee2-4cdc-a6d8-644a3a4f0b7f:192.168.5.131:38193], old=null
2019-10-15 03:21:51,263 [grpc-default-executor-5] INFO  impl.RaftServerImpl (RaftServerImpl.java:setRole(184)) - a910346c-1ee2-4cdc-a6d8-644a3a4f0b7f@group-5FF82F29B6C0: changes role from  FOLLOWER to FOLLOWER at term 1284 for recognizeCandidate:4c6a16c4-95d2-4ef7-9fc0-4f57ccbd9967
2019-10-15 03:21:51,264 [grpc-default-executor-5] INFO  impl.RoleInfo (RoleInfo.java:shutdownFollowerState(121)) - a910346c-1ee2-4cdc-a6d8-644a3a4f0b7f: shutdown FollowerState
2019-10-15 03:21:51,264 [grpc-default-executor-5] INFO  impl.RoleInfo (RoleInfo.java:updateAndGet(143)) - a910346c-1ee2-4cdc-a6d8-644a3a4f0b7f: start FollowerState
2019-10-15 03:21:51,264 [Thread-10180] INFO  impl.FollowerState (FollowerState.java:run(117)) - a910346c-1ee2-4cdc-a6d8-644a3a4f0b7f@group-5FF82F29B6C0-FollowerState was interrupted: java.lang.InterruptedException: sleep interrupted
2019-10-15 03:21:51,264 [grpc-default-executor-8] INFO  impl.RaftServerImpl (RaftServerImpl.java:setRole(184)) - 742c26a8-c271-430a-a05a-c8bba3fa6d96@group-5FF82F29B6C0: changes role from  FOLLOWER to FOLLOWER at term 1284 for recognizeCandidate:4c6a16c4-95d2-4ef7-9fc0-4f57ccbd9967
2019-10-15 03:21:51,264 [grpc-default-executor-8] INFO  impl.RoleInfo (RoleInfo.java:shutdownFollowerState(121)) - 742c26a8-c271-430a-a05a-c8bba3fa6d96: shutdown FollowerState
2019-10-15 03:21:51,264 [grpc-default-executor-8] INFO  impl.RoleInfo (RoleInfo.java:updateAndGet(143)) - 742c26a8-c271-430a-a05a-c8bba3fa6d96: start FollowerState
2019-10-15 03:21:51,264 [Thread-10179] INFO  impl.FollowerState (FollowerState.java:run(117)) - 742c26a8-c271-430a-a05a-c8bba3fa6d96@group-5FF82F29B6C0-FollowerState was interrupted: java.lang.InterruptedException: sleep interrupted
2019-10-15 03:21:51,278 [4c6a16c4-95d2-4ef7-9fc0-4f57ccbd9967@group-5FF82F29B6C0-LeaderElection1231] INFO  impl.LeaderElection (LeaderElection.java:logAndReturn(56)) - 4c6a16c4-95d2-4ef7-9fc0-4f57ccbd9967@group-5FF82F29B6C0-LeaderElection1231: Election REJECTED; received 2 response(s) [4c6a16c4-95d2-4ef7-9fc0-4f57ccbd9967<-742c26a8-c271-430a-a05a-c8bba3fa6d96#0:FAIL-t1284, 4c6a16c4-95d2-4ef7-9fc0-4f57ccbd9967<-a910346c-1ee2-4cdc-a6d8-644a3a4f0b7f#0:FAIL-t1284] and 0 exception(s); 4c6a16c4-95d2-4ef7-9fc0-4f57ccbd9967@group-5FF82F29B6C0:t1284, leader=null, voted=4c6a16c4-95d2-4ef7-9fc0-4f57ccbd9967, raftlog=4c6a16c4-95d2-4ef7-9fc0-4f57ccbd9967@group-5FF82F29B6C0-SegmentedRaftLog:OPENED:c-1,f-1,i0, conf=-1: [4c6a16c4-95d2-4ef7-9fc0-4f57ccbd9967:192.168.5.131:39112, 742c26a8-c271-430a-a05a-c8bba3fa6d96:192.168.5.131:42235, a910346c-1ee2-4cdc-a6d8-644a3a4f0b7f:192.168.5.131:38193], old=null
2019-10-15 03:21:51,278 [4c6a16c4-95d2-4ef7-9fc0-4f57ccbd9967@group-5FF82F29B6C0-LeaderElection1231] INFO  impl.RaftServerImpl (RaftServerImpl.java:setRole(184)) - 4c6a16c4-95d2-4ef7-9fc0-4f57ccbd9967@group-5FF82F29B6C0: changes role from CANDIDATE to FOLLOWER at term 1284 for DISCOVERED_A_NEW_TERM
2019-10-15 03:21:51,278 [4c6a16c4-95d2-4ef7-9fc0-4f57ccbd9967@group-5FF82F29B6C0-LeaderElection1231] INFO  impl.RoleInfo (RoleInfo.java:shutdownLeaderElection(134)) - 4c6a16c4-95d2-4ef7-9fc0-4f57ccbd9967: shutdown LeaderElection
2019-10-15 03:21:51,278 [4c6a16c4-95d2-4ef7-9fc0-4f57ccbd9967@group-5FF82F29B6C0-LeaderElection1231] INFO  impl.RoleInfo (RoleInfo.java:updateAndGet(143)) - 4c6a16c4-95d2-4ef7-9fc0-4f57ccbd9967: start FollowerState
2019-10-15 03:21:51,429 [Thread-10187] INFO  impl.FollowerState (FollowerState.java:run(108)) - 4c6a16c4-95d2-4ef7-9fc0-4f57ccbd9967@group-5FF82F29B6C0-FollowerState: change to CANDIDATE, lastRpcTime:151ms, electionTimeout:151ms
2019-10-15 03:21:51,430 [Thread-10187] INFO  impl.RoleInfo (RoleInfo.java:shutdownFollowerState(121)) - 4c6a16c4-95d2-4ef7-9fc0-4f57ccbd9967: shutdown FollowerState
2019-10-15 03:21:51,430 [Thread-10187] INFO  impl.RaftServerImpl (RaftServerImpl.java:setRole(184)) - 4c6a16c4-95d2-4ef7-9fc0-4f57ccbd9967@group-5FF82F29B6C0: changes role from  FOLLOWER to CANDIDATE at term 1284 for changeToCandidate
2019-10-15 03:21:51,430 [Thread-10187] ERROR ratis.XceiverServerRatis (XceiverServerRatis.java:triggerPipelineClose(582)) - pipeline Action CLOSE  on pipeline PipelineID=e4bf9835-e697-42f6-b211-5ff82f29b6c0.Reason : 4c6a16c4-95d2-4ef7-9fc0-4f57ccbd9967 is in candidate state for 166329ms
2019-10-15 03:21:51,430 [Thread-10187] INFO  impl.RoleInfo (RoleInfo.java:updateAndGet(143)) - 4c6a16c4-95d2-4ef7-9fc0-4f57ccbd9967: start LeaderElection
2019-10-15 03:21:51,443 [4c6a16c4-95d2-4ef7-9fc0-4f57ccbd9967@group-5FF82F29B6C0-LeaderElection1232] INFO  impl.LeaderElection (LeaderElection.java:askForVotes(178)) - 4c6a16c4-95d2-4ef7-9fc0-4f57ccbd9967@group-5FF82F29B6C0-LeaderElection1232: begin an election at term 1285 for -1: [4c6a16c4-95d2-4ef7-9fc0-4f57ccbd9967:192.168.5.131:39112, 742c26a8-c271-430a-a05a-c8bba3fa6d96:192.168.5.131:42235, a910346c-1ee2-4cdc-a6d8-644a3a4f0b7f:192.168.5.131:38193], old=null
2019-10-15 03:21:51,445 [grpc-default-executor-8] INFO  impl.RaftServerImpl (RaftServerImpl.java:setRole(184)) - a910346c-1ee2-4cdc-a6d8-644a3a4f0b7f@group-5FF82F29B6C0: changes role from  FOLLOWER to FOLLOWER at term 1285 for recognizeCandidate:4c6a16c4-95d2-4ef7-9fc0-4f57ccbd9967
2019-10-15 03:21:51,445 [grpc-default-executor-5] INFO  impl.RaftServerImpl (RaftServerImpl.java:setRole(184)) - 742c26a8-c271-430a-a05a-c8bba3fa6d96@group-5FF82F29B6C0: changes role from  FOLLOWER to FOLLOWER at term 1285 for recognizeCandidate:4c6a16c4-95d2-4ef7-9fc0-4f57ccbd9967
2019-10-15 03:21:51,445 [grpc-default-executor-8] INFO  impl.RoleInfo (RoleInfo.java:shutdownFollowerState(121)) - a910346c-1ee2-4cdc-a6d8-644a3a4f0b7f: shutdown FollowerState
2019-10-15 03:21:51,445 [grpc-default-executor-5] INFO  impl.RoleInfo (RoleInfo.java:shutdownFollowerState(121)) - 742c26a8-c271-430a-a05a-c8bba3fa6d96: shutdown FollowerState
2019-10-15 03:21:51,445 [Thread-10185] INFO  impl.FollowerState (FollowerState.java:run(117)) - a910346c-1ee2-4cdc-a6d8-644a3a4f0b7f@group-5FF82F29B6C0-FollowerState was interrupted: java.lang.InterruptedException: sleep interrupted
2019-10-15 03:21:51,446 [Thread-10186] INFO  impl.FollowerState (FollowerState.java:run(117)) - 742c26a8-c271-430a-a05a-c8bba3fa6d96@group-5FF82F29B6C0-FollowerState was interrupted: java.lang.InterruptedException: sleep interrupted
2019-10-15 03:21:51,445 [grpc-default-executor-8] INFO  impl.RoleInfo (RoleInfo.java:updateAndGet(143)) - a910346c-1ee2-4cdc-a6d8-644a3a4f0b7f: start FollowerState
2019-10-15 03:21:51,445 [grpc-default-executor-5] INFO  impl.RoleInfo (RoleInfo.java:updateAndGet(143)) - 742c26a8-c271-430a-a05a-c8bba3fa6d96: start FollowerState
2019-10-15 03:21:51,459 [4c6a16c4-95d2-4ef7-9fc0-4f57ccbd9967@group-5FF82F29B6C0-LeaderElection1232] INFO  impl.LeaderElection (LeaderElection.java:logAndReturn(56)) - 4c6a16c4-95d2-4ef7-9fc0-4f57ccbd9967@group-5FF82F29B6C0-LeaderElection1232: Election REJECTED; received 2 response(s) [4c6a16c4-95d2-4ef7-9fc0-4f57ccbd9967<-742c26a8-c271-430a-a05a-c8bba3fa6d96#0:FAIL-t1285, 4c6a16c4-95d2-4ef7-9fc0-4f57ccbd9967<-a910346c-1ee2-4cdc-a6d8-644a3a4f0b7f#0:FAIL-t1285] and 0 exception(s); 4c6a16c4-95d2-4ef7-9fc0-4f57ccbd9967@group-5FF82F29B6C0:t1285, leader=null, voted=4c6a16c4-95d2-4ef7-9fc0-4f57ccbd9967, raftlog=4c6a16c4-95d2-4ef7-9fc0-4f57ccbd9967@group-5FF82F29B6C0-SegmentedRaftLog:OPENED:c-1,f-1,i0, conf=-1: [4c6a16c4-95d2-4ef7-9fc0-4f57ccbd9967:192.168.5.131:39112, 742c26a8-c271-430a-a05a-c8bba3fa6d96:192.168.5.131:42235, a910346c-1ee2-4cdc-a6d8-644a3a4f0b7f:192.168.5.131:38193], old=null
2019-10-15 03:21:51,459 [4c6a16c4-95d2-4ef7-9fc0-4f57ccbd9967@group-5FF82F29B6C0-LeaderElection1232] INFO  impl.RaftServerImpl (RaftServerImpl.java:setRole(184)) - 4c6a16c4-95d2-4ef7-9fc0-4f57ccbd9967@group-5FF82F29B6C0: changes role from CANDIDATE to FOLLOWER at term 1285 for DISCOVERED_A_NEW_TERM
2019-10-15 03:21:51,460 [4c6a16c4-95d2-4ef7-9fc0-4f57ccbd9967@group-5FF82F29B6C0-LeaderElection1232] INFO  impl.RoleInfo (RoleInfo.java:shutdownLeaderElection(134)) - 4c6a16c4-95d2-4ef7-9fc0-4f57ccbd9967: shutdown LeaderElection
2019-10-15 03:21:51,460 [4c6a16c4-95d2-4ef7-9fc0-4f57ccbd9967@group-5FF82F29B6C0-LeaderElection1232] INFO  impl.RoleInfo (RoleInfo.java:updateAndGet(143)) - 4c6a16c4-95d2-4ef7-9fc0-4f57ccbd9967: start FollowerState
2019-10-15 03:21:51,590 [Thread-10193] INFO  impl.FollowerState (FollowerState.java:run(108)) - 4c6a16c4-95d2-4ef7-9fc0-4f57ccbd9967@group-5FF82F29B6C0-FollowerState: change to CANDIDATE, lastRpcTime:130ms, electionTimeout:130ms
2019-10-15 03:21:51,590 [Thread-10193] INFO  impl.RoleInfo (RoleInfo.java:shutdownFollowerState(121)) - 4c6a16c4-95d2-4ef7-9fc0-4f57ccbd9967: shutdown FollowerState
2019-10-15 03:21:51,590 [Thread-10193] INFO  impl.RaftServerImpl (RaftServerImpl.java:setRole(184)) - 4c6a16c4-95d2-4ef7-9fc0-4f57ccbd9967@group-5FF82F29B6C0: changes role from  FOLLOWER to CANDIDATE at term 1285 for changeToCandidate
2019-10-15 03:21:51,591 [Thread-10193] ERROR ratis.XceiverServerRatis (XceiverServerRatis.java:triggerPipelineClose(582)) - pipeline Action CLOSE  on pipeline PipelineID=e4bf9835-e697-42f6-b211-5ff82f29b6c0.Reason : 4c6a16c4-95d2-4ef7-9fc0-4f57ccbd9967 is in candidate state for 166490ms
2019-10-15 03:21:51,591 [Thread-10193] INFO  impl.RoleInfo (RoleInfo.java:updateAndGet(143)) - 4c6a16c4-95d2-4ef7-9fc0-4f57ccbd9967: start LeaderElection
2019-10-15 03:21:51,605 [4c6a16c4-95d2-4ef7-9fc0-4f57ccbd9967@group-5FF82F29B6C0-LeaderElection1233] INFO  impl.LeaderElection (LeaderElection.java:askForVotes(178)) - 4c6a16c4-95d2-4ef7-9fc0-4f57ccbd9967@group-5FF82F29B6C0-LeaderElection1233: begin an election at term 1286 for -1: [4c6a16c4-95d2-4ef7-9fc0-4f57ccbd9967:192.168.5.131:39112, 742c26a8-c271-430a-a05a-c8bba3fa6d96:192.168.5.131:42235, a910346c-1ee2-4cdc-a6d8-644a3a4f0b7f:192.168.5.131:38193], old=null
2019-10-15 03:21:51,606 [grpc-default-executor-8] INFO  impl.RaftServerImpl (RaftServerImpl.java:setRole(184)) - 742c26a8-c271-430a-a05a-c8bba3fa6d96@group-5FF82F29B6C0: changes role from  FOLLOWER to FOLLOWER at term 1286 for recognizeCandidate:4c6a16c4-95d2-4ef7-9fc0-4f57ccbd9967
2019-10-15 03:21:51,606 [grpc-default-executor-8] INFO  impl.RoleInfo (RoleInfo.java:shutdownFollowerState(121)) - 742c26a8-c271-430a-a05a-c8bba3fa6d96: shutdown FollowerState
2019-10-15 03:21:51,606 [grpc-default-executor-5] INFO  impl.RaftServerImpl (RaftServerImpl.java:setRole(184)) - a910346c-1ee2-4cdc-a6d8-644a3a4f0b7f@group-5FF82F29B6C0: changes role from  FOLLOWER to FOLLOWER at term 1286 for recognizeCandidate:4c6a16c4-95d2-4ef7-9fc0-4f57ccbd9967
2019-10-15 03:21:51,607 [grpc-default-executor-5] INFO  impl.RoleInfo (RoleInfo.java:shutdownFollowerState(121)) - a910346c-1ee2-4cdc-a6d8-644a3a4f0b7f: shutdown FollowerState
2019-10-15 03:21:51,607 [Thread-10192] INFO  impl.FollowerState (FollowerState.java:run(117)) - 742c26a8-c271-430a-a05a-c8bba3fa6d96@group-5FF82F29B6C0-FollowerState was interrupted: java.lang.InterruptedException: sleep interrupted
2019-10-15 03:21:51,607 [Thread-10191] INFO  impl.FollowerState (FollowerState.java:run(117)) - a910346c-1ee2-4cdc-a6d8-644a3a4f0b7f@group-5FF82F29B6C0-FollowerState was interrupted: java.lang.InterruptedException: sleep interrupted
2019-10-15 03:21:51,606 [grpc-default-executor-8] INFO  impl.RoleInfo (RoleInfo.java:updateAndGet(143)) - 742c26a8-c271-430a-a05a-c8bba3fa6d96: start FollowerState
2019-10-15 03:21:51,607 [grpc-default-executor-5] INFO  impl.RoleInfo (RoleInfo.java:updateAndGet(143)) - a910346c-1ee2-4cdc-a6d8-644a3a4f0b7f: start FollowerState
2019-10-15 03:21:51,621 [4c6a16c4-95d2-4ef7-9fc0-4f57ccbd9967@group-5FF82F29B6C0-LeaderElection1233] INFO  impl.LeaderElection (LeaderElection.java:logAndReturn(56)) - 4c6a16c4-95d2-4ef7-9fc0-4f57ccbd9967@group-5FF82F29B6C0-LeaderElection1233: Election REJECTED; received 2 response(s) [4c6a16c4-95d2-4ef7-9fc0-4f57ccbd9967<-742c26a8-c271-430a-a05a-c8bba3fa6d96#0:FAIL-t1286, 4c6a16c4-95d2-4ef7-9fc0-4f57ccbd9967<-a910346c-1ee2-4cdc-a6d8-644a3a4f0b7f#0:FAIL-t1286] and 0 exception(s); 4c6a16c4-95d2-4ef7-9fc0-4f57ccbd9967@group-5FF82F29B6C0:t1286, leader=null, voted=4c6a16c4-95d2-4ef7-9fc0-4f57ccbd9967, raftlog=4c6a16c4-95d2-4ef7-9fc0-4f57ccbd9967@group-5FF82F29B6C0-SegmentedRaftLog:OPENED:c-1,f-1,i0, conf=-1: [4c6a16c4-95d2-4ef7-9fc0-4f57ccbd9967:192.168.5.131:39112, 742c26a8-c271-430a-a05a-c8bba3fa6d96:192.168.5.131:42235, a910346c-1ee2-4cdc-a6d8-644a3a4f0b7f:192.168.5.131:38193], old=null
2019-10-15 03:21:51,621 [4c6a16c4-95d2-4ef7-9fc0-4f57ccbd9967@group-5FF82F29B6C0-LeaderElection1233] INFO  impl.RaftServerImpl (RaftServerImpl.java:setRole(184)) - 4c6a16c4-95d2-4ef7-9fc0-4f57ccbd9967@group-5FF82F29B6C0: changes role from CANDIDATE to FOLLOWER at term 1286 for DISCOVERED_A_NEW_TERM
2019-10-15 03:21:51,621 [4c6a16c4-95d2-4ef7-9fc0-4f57ccbd9967@group-5FF82F29B6C0-LeaderElection1233] INFO  impl.RoleInfo (RoleInfo.java:shutdownLeaderElection(134)) - 4c6a16c4-95d2-4ef7-9fc0-4f57ccbd9967: shutdown LeaderElection
2019-10-15 03:21:51,621 [4c6a16c4-95d2-4ef7-9fc0-4f57ccbd9967@group-5FF82F29B6C0-LeaderElection1233] INFO  impl.RoleInfo (RoleInfo.java:updateAndGet(143)) - 4c6a16c4-95d2-4ef7-9fc0-4f57ccbd9967: start FollowerState
2019-10-15 03:21:51,718 [Thread-10201] INFO  impl.FollowerState (FollowerState.java:run(108)) - 4c6a16c4-95d2-4ef7-9fc0-4f57ccbd9967@group-5FF82F29B6C0-FollowerState: change to CANDIDATE, lastRpcTime:96ms, electionTimeout:96ms
2019-10-15 03:21:51,718 [Thread-10201] INFO  impl.RoleInfo (RoleInfo.java:shutdownFollowerState(121)) - 4c6a16c4-95d2-4ef7-9fc0-4f57ccbd9967: shutdown FollowerState
2019-10-15 03:21:51,718 [Thread-10201] INFO  impl.RaftServerImpl (RaftServerImpl.java:setRole(184)) - 4c6a16c4-95d2-4ef7-9fc0-4f57ccbd9967@group-5FF82F29B6C0: changes role from  FOLLOWER to CANDIDATE at term 1286 for changeToCandidate
2019-10-15 03:21:51,718 [Thread-10201] ERROR ratis.XceiverServerRatis (XceiverServerRatis.java:triggerPipelineClose(582)) - pipeline Action CLOSE  on pipeline PipelineID=e4bf9835-e697-42f6-b211-5ff82f29b6c0.Reason : 4c6a16c4-95d2-4ef7-9fc0-4f57ccbd9967 is in candidate state for 166618ms
2019-10-15 03:21:51,719 [Thread-10201] INFO  impl.RoleInfo (RoleInfo.java:updateAndGet(143)) - 4c6a16c4-95d2-4ef7-9fc0-4f57ccbd9967: start LeaderElection
2019-10-15 03:21:51,732 [4c6a16c4-95d2-4ef7-9fc0-4f57ccbd9967@group-5FF82F29B6C0-LeaderElection1234] INFO  impl.LeaderElection (LeaderElection.java:askForVotes(178)) - 4c6a16c4-95d2-4ef7-9fc0-4f57ccbd9967@group-5FF82F29B6C0-LeaderElection1234: begin an election at term 1287 for -1: [4c6a16c4-95d2-4ef7-9fc0-4f57ccbd9967:192.168.5.131:39112, 742c26a8-c271-430a-a05a-c8bba3fa6d96:192.168.5.131:42235, a910346c-1ee2-4cdc-a6d8-644a3a4f0b7f:192.168.5.131:38193], old=null
2019-10-15 03:21:51,734 [grpc-default-executor-5] INFO  impl.RaftServerImpl (RaftServerImpl.java:setRole(184)) - 742c26a8-c271-430a-a05a-c8bba3fa6d96@group-5FF82F29B6C0: changes role from  FOLLOWER to FOLLOWER at term 1287 for recognizeCandidate:4c6a16c4-95d2-4ef7-9fc0-4f57ccbd9967
2019-10-15 03:21:51,734 [grpc-default-executor-5] INFO  impl.RoleInfo (RoleInfo.java:shutdownFollowerState(121)) - 742c26a8-c271-430a-a05a-c8bba3fa6d96: shutdown FollowerState
2019-10-15 03:21:51,734 [grpc-default-executor-8] INFO  impl.RaftServerImpl (RaftServerImpl.java:setRole(184)) - a910346c-1ee2-4cdc-a6d8-644a3a4f0b7f@group-5FF82F29B6C0: changes role from  FOLLOWER to FOLLOWER at term 1287 for recognizeCandidate:4c6a16c4-95d2-4ef7-9fc0-4f57ccbd9967
2019-10-15 03:21:51,734 [Thread-10199] INFO  impl.FollowerState (FollowerState.java:run(117)) - 742c26a8-c271-430a-a05a-c8bba3fa6d96@group-5FF82F29B6C0-FollowerState was interrupted: java.lang.InterruptedException: sleep interrupted
2019-10-15 03:21:51,734 [grpc-default-executor-5] INFO  impl.RoleInfo (RoleInfo.java:updateAndGet(143)) - 742c26a8-c271-430a-a05a-c8bba3fa6d96: start FollowerState
2019-10-15 03:21:51,734 [grpc-default-executor-8] INFO  impl.RoleInfo (RoleInfo.java:shutdownFollowerState(121)) - a910346c-1ee2-4cdc-a6d8-644a3a4f0b7f: shutdown FollowerState
2019-10-15 03:21:51,735 [grpc-default-executor-8] INFO  impl.RoleInfo (RoleInfo.java:updateAndGet(143)) - a910346c-1ee2-4cdc-a6d8-644a3a4f0b7f: start FollowerState
2019-10-15 03:21:51,735 [Thread-10200] INFO  impl.FollowerState (FollowerState.java:run(117)) - a910346c-1ee2-4cdc-a6d8-644a3a4f0b7f@group-5FF82F29B6C0-FollowerState was interrupted: java.lang.InterruptedException: sleep interrupted
2019-10-15 03:21:51,748 [4c6a16c4-95d2-4ef7-9fc0-4f57ccbd9967@group-5FF82F29B6C0-LeaderElection1234] INFO  impl.LeaderElection (LeaderElection.java:logAndReturn(56)) - 4c6a16c4-95d2-4ef7-9fc0-4f57ccbd9967@group-5FF82F29B6C0-LeaderElection1234: Election REJECTED; received 2 response(s) [4c6a16c4-95d2-4ef7-9fc0-4f57ccbd9967<-742c26a8-c271-430a-a05a-c8bba3fa6d96#0:FAIL-t1287, 4c6a16c4-95d2-4ef7-9fc0-4f57ccbd9967<-a910346c-1ee2-4cdc-a6d8-644a3a4f0b7f#0:FAIL-t1287] and 0 exception(s); 4c6a16c4-95d2-4ef7-9fc0-4f57ccbd9967@group-5FF82F29B6C0:t1287, leader=null, voted=4c6a16c4-95d2-4ef7-9fc0-4f57ccbd9967, raftlog=4c6a16c4-95d2-4ef7-9fc0-4f57ccbd9967@group-5FF82F29B6C0-SegmentedRaftLog:OPENED:c-1,f-1,i0, conf=-1: [4c6a16c4-95d2-4ef7-9fc0-4f57ccbd9967:192.168.5.131:39112, 742c26a8-c271-430a-a05a-c8bba3fa6d96:192.168.5.131:42235, a910346c-1ee2-4cdc-a6d8-644a3a4f0b7f:192.168.5.131:38193], old=null
2019-10-15 03:21:51,749 [4c6a16c4-95d2-4ef7-9fc0-4f57ccbd9967@group-5FF82F29B6C0-LeaderElection1234] INFO  impl.RaftServerImpl (RaftServerImpl.java:setRole(184)) - 4c6a16c4-95d2-4ef7-9fc0-4f57ccbd9967@group-5FF82F29B6C0: changes role from CANDIDATE to FOLLOWER at term 1287 for DISCOVERED_A_NEW_TERM
2019-10-15 03:21:51,749 [4c6a16c4-95d2-4ef7-9fc0-4f57ccbd9967@group-5FF82F29B6C0-LeaderElection1234] INFO  impl.RoleInfo (RoleInfo.java:shutdownLeaderElection(134)) - 4c6a16c4-95d2-4ef7-9fc0-4f57ccbd9967: shutdown LeaderElection
2019-10-15 03:21:51,749 [4c6a16c4-95d2-4ef7-9fc0-4f57ccbd9967@group-5FF82F29B6C0-LeaderElection1234] INFO  impl.RoleInfo (RoleInfo.java:updateAndGet(143)) - 4c6a16c4-95d2-4ef7-9fc0-4f57ccbd9967: start FollowerState
2019-10-15 03:21:51,774 [Thread-10207] INFO  impl.FollowerState (FollowerState.java:run(108)) - 4c6a16c4-95d2-4ef7-9fc0-4f57ccbd9967@group-5FF82F29B6C0-FollowerState: change to CANDIDATE, lastRpcTime:25ms, electionTimeout:25ms
2019-10-15 03:21:51,774 [Thread-10207] INFO  impl.RoleInfo (RoleInfo.java:shutdownFollowerState(121)) - 4c6a16c4-95d2-4ef7-9fc0-4f57ccbd9967: shutdown FollowerState
2019-10-15 03:21:51,774 [Thread-10207] INFO  impl.RaftServerImpl (RaftServerImpl.java:setRole(184)) - 4c6a16c4-95d2-4ef7-9fc0-4f57ccbd9967@group-5FF82F29B6C0: changes role from  FOLLOWER to CANDIDATE at term 1287 for changeToCandidate
2019-10-15 03:21:51,775 [Thread-10207] ERROR ratis.XceiverServerRatis (XceiverServerRatis.java:triggerPipelineClose(582)) - pipeline Action CLOSE  on pipeline PipelineID=e4bf9835-e697-42f6-b211-5ff82f29b6c0.Reason : 4c6a16c4-95d2-4ef7-9fc0-4f57ccbd9967 is in candidate state for 166674ms
2019-10-15 03:21:51,775 [Thread-10207] INFO  impl.RoleInfo (RoleInfo.java:updateAndGet(143)) - 4c6a16c4-95d2-4ef7-9fc0-4f57ccbd9967: start LeaderElection
2019-10-15 03:21:51,788 [4c6a16c4-95d2-4ef7-9fc0-4f57ccbd9967@group-5FF82F29B6C0-LeaderElection1235] INFO  impl.LeaderElection (LeaderElection.java:askForVotes(178)) - 4c6a16c4-95d2-4ef7-9fc0-4f57ccbd9967@group-5FF82F29B6C0-LeaderElection1235: begin an election at term 1288 for -1: [4c6a16c4-95d2-4ef7-9fc0-4f57ccbd9967:192.168.5.131:39112, 742c26a8-c271-430a-a05a-c8bba3fa6d96:192.168.5.131:42235, a910346c-1ee2-4cdc-a6d8-644a3a4f0b7f:192.168.5.131:38193], old=null
2019-10-15 03:21:51,789 [grpc-default-executor-5] INFO  impl.RaftServerImpl (RaftServerImpl.java:setRole(184)) - 742c26a8-c271-430a-a05a-c8bba3fa6d96@group-5FF82F29B6C0: changes role from  FOLLOWER to FOLLOWER at term 1288 for recognizeCandidate:4c6a16c4-95d2-4ef7-9fc0-4f57ccbd9967
2019-10-15 03:21:51,789 [grpc-default-executor-5] INFO  impl.RoleInfo (RoleInfo.java:shutdownFollowerState(121)) - 742c26a8-c271-430a-a05a-c8bba3fa6d96: shutdown FollowerState
2019-10-15 03:21:51,789 [grpc-default-executor-8] INFO  impl.RaftServerImpl (RaftServerImpl.java:setRole(184)) - a910346c-1ee2-4cdc-a6d8-644a3a4f0b7f@group-5FF82F29B6C0: changes role from  FOLLOWER to FOLLOWER at term 1288 for recognizeCandidate:4c6a16c4-95d2-4ef7-9fc0-4f57ccbd9967
2019-10-15 03:21:51,789 [Thread-10205] INFO  impl.FollowerState (FollowerState.java:run(117)) - 742c26a8-c271-430a-a05a-c8bba3fa6d96@group-5FF82F29B6C0-FollowerState was interrupted: java.lang.InterruptedException: sleep interrupted
2019-10-15 03:21:51,789 [grpc-default-executor-5] INFO  impl.RoleInfo (RoleInfo.java:updateAndGet(143)) - 742c26a8-c271-430a-a05a-c8bba3fa6d96: start FollowerState
2019-10-15 03:21:51,789 [grpc-default-executor-8] INFO  impl.RoleInfo (RoleInfo.java:shutdownFollowerState(121)) - a910346c-1ee2-4cdc-a6d8-644a3a4f0b7f: shutdown FollowerState
2019-10-15 03:21:51,790 [grpc-default-executor-8] INFO  impl.RoleInfo (RoleInfo.java:updateAndGet(143)) - a910346c-1ee2-4cdc-a6d8-644a3a4f0b7f: start FollowerState
2019-10-15 03:21:51,790 [Thread-10206] INFO  impl.FollowerState (FollowerState.java:run(117)) - a910346c-1ee2-4cdc-a6d8-644a3a4f0b7f@group-5FF82F29B6C0-FollowerState was interrupted: java.lang.InterruptedException: sleep interrupted
2019-10-15 03:21:51,802 [main] INFO  ozone.MiniOzoneClusterImpl (MiniOzoneClusterImpl.java:lambda$waitForClusterToBeReady$0(147)) - Waiting for cluster to be ready. Got 0 of 7 DN Heartbeats.
2019-10-15 03:21:51,802 [4c6a16c4-95d2-4ef7-9fc0-4f57ccbd9967@group-5FF82F29B6C0-LeaderElection1235] INFO  impl.LeaderElection (LeaderElection.java:logAndReturn(56)) - 4c6a16c4-95d2-4ef7-9fc0-4f57ccbd9967@group-5FF82F29B6C0-LeaderElection1235: Election TIMEOUT; received 0 response(s) [] and 0 exception(s); 4c6a16c4-95d2-4ef7-9fc0-4f57ccbd9967@group-5FF82F29B6C0:t1288, leader=null, voted=4c6a16c4-95d2-4ef7-9fc0-4f57ccbd9967, raftlog=4c6a16c4-95d2-4ef7-9fc0-4f57ccbd9967@group-5FF82F29B6C0-SegmentedRaftLog:OPENED:c-1,f-1,i0, conf=-1: [4c6a16c4-95d2-4ef7-9fc0-4f57ccbd9967:192.168.5.131:39112, 742c26a8-c271-430a-a05a-c8bba3fa6d96:192.168.5.131:42235, a910346c-1ee2-4cdc-a6d8-644a3a4f0b7f:192.168.5.131:38193], old=null
2019-10-15 03:21:51,807 [4c6a16c4-95d2-4ef7-9fc0-4f57ccbd9967@group-5FF82F29B6C0-LeaderElection1235] INFO  impl.LeaderElection (LeaderElection.java:askForVotes(178)) - 4c6a16c4-95d2-4ef7-9fc0-4f57ccbd9967@group-5FF82F29B6C0-LeaderElection1235: begin an election at term 1289 for -1: [4c6a16c4-95d2-4ef7-9fc0-4f57ccbd9967:192.168.5.131:39112, 742c26a8-c271-430a-a05a-c8bba3fa6d96:192.168.5.131:42235, a910346c-1ee2-4cdc-a6d8-644a3a4f0b7f:192.168.5.131:38193], old=null
2019-10-15 03:21:51,808 [grpc-default-executor-8] INFO  impl.RaftServerImpl (RaftServerImpl.java:setRole(184)) - 742c26a8-c271-430a-a05a-c8bba3fa6d96@group-5FF82F29B6C0: changes role from  FOLLOWER to FOLLOWER at term 1289 for recognizeCandidate:4c6a16c4-95d2-4ef7-9fc0-4f57ccbd9967
2019-10-15 03:21:51,808 [grpc-default-executor-5] INFO  impl.RaftServerImpl (RaftServerImpl.java:setRole(184)) - a910346c-1ee2-4cdc-a6d8-644a3a4f0b7f@group-5FF82F29B6C0: changes role from  FOLLOWER to FOLLOWER at term 1289 for recognizeCandidate:4c6a16c4-95d2-4ef7-9fc0-4f57ccbd9967
2019-10-15 03:21:51,808 [grpc-default-executor-8] INFO  impl.RoleInfo (RoleInfo.java:shutdownFollowerState(121)) - 742c26a8-c271-430a-a05a-c8bba3fa6d96: shutdown FollowerState
2019-10-15 03:21:51,808 [grpc-default-executor-5] INFO  impl.RoleInfo (RoleInfo.java:shutdownFollowerState(121)) - a910346c-1ee2-4cdc-a6d8-644a3a4f0b7f: shutdown FollowerState
2019-10-15 03:21:51,808 [Thread-10211] INFO  impl.FollowerState (FollowerState.java:run(117)) - 742c26a8-c271-430a-a05a-c8bba3fa6d96@group-5FF82F29B6C0-FollowerState was interrupted: java.lang.InterruptedException: sleep interrupted
2019-10-15 03:21:51,808 [grpc-default-executor-8] INFO  impl.RoleInfo (RoleInfo.java:updateAndGet(143)) - 742c26a8-c271-430a-a05a-c8bba3fa6d96: start FollowerState
2019-10-15 03:21:51,808 [Thread-10212] INFO  impl.FollowerState (FollowerState.java:run(117)) - a910346c-1ee2-4cdc-a6d8-644a3a4f0b7f@group-5FF82F29B6C0-FollowerState was interrupted: java.lang.InterruptedException: sleep interrupted
2019-10-15 03:21:51,808 [grpc-default-executor-5] INFO  impl.RoleInfo (RoleInfo.java:updateAndGet(143)) - a910346c-1ee2-4cdc-a6d8-644a3a4f0b7f: start FollowerState
2019-10-15 03:21:51,818 [4c6a16c4-95d2-4ef7-9fc0-4f57ccbd9967@group-5FF82F29B6C0-LeaderElection1235] INFO  impl.LeaderElection (LeaderElection.java:logAndReturn(56)) - 4c6a16c4-95d2-4ef7-9fc0-4f57ccbd9967@group-5FF82F29B6C0-LeaderElection1235: Election REJECTED; received 2 response(s) [4c6a16c4-95d2-4ef7-9fc0-4f57ccbd9967<-742c26a8-c271-430a-a05a-c8bba3fa6d96#0:FAIL-t1289, 4c6a16c4-95d2-4ef7-9fc0-4f57ccbd9967<-a910346c-1ee2-4cdc-a6d8-644a3a4f0b7f#0:FAIL-t1289] and 0 exception(s); 4c6a16c4-95d2-4ef7-9fc0-4f57ccbd9967@group-5FF82F29B6C0:t1289, leader=null, voted=4c6a16c4-95d2-4ef7-9fc0-4f57ccbd9967, raftlog=4c6a16c4-95d2-4ef7-9fc0-4f57ccbd9967@group-5FF82F29B6C0-SegmentedRaftLog:OPENED:c-1,f-1,i0, conf=-1: [4c6a16c4-95d2-4ef7-9fc0-4f57ccbd9967:192.168.5.131:39112, 742c26a8-c271-430a-a05a-c8bba3fa6d96:192.168.5.131:42235, a910346c-1ee2-4cdc-a6d8-644a3a4f0b7f:192.168.5.131:38193], old=null
2019-10-15 03:21:51,823 [4c6a16c4-95d2-4ef7-9fc0-4f57ccbd9967@group-5FF82F29B6C0-LeaderElection1235] INFO  impl.RaftServerImpl (RaftServerImpl.java:setRole(184)) - 4c6a16c4-95d2-4ef7-9fc0-4f57ccbd9967@group-5FF82F29B6C0: changes role from CANDIDATE to FOLLOWER at term 1289 for DISCOVERED_A_NEW_TERM
2019-10-15 03:21:51,823 [4c6a16c4-95d2-4ef7-9fc0-4f57ccbd9967@group-5FF82F29B6C0-LeaderElection1235] INFO  impl.RoleInfo (RoleInfo.java:shutdownLeaderElection(134)) - 4c6a16c4-95d2-4ef7-9fc0-4f57ccbd9967: shutdown LeaderElection
2019-10-15 03:21:51,823 [4c6a16c4-95d2-4ef7-9fc0-4f57ccbd9967@group-5FF82F29B6C0-LeaderElection1235] INFO  impl.RoleInfo (RoleInfo.java:updateAndGet(143)) - 4c6a16c4-95d2-4ef7-9fc0-4f57ccbd9967: start FollowerState
2019-10-15 03:21:51,973 [Thread-10217] INFO  impl.FollowerState (FollowerState.java:run(108)) - 4c6a16c4-95d2-4ef7-9fc0-4f57ccbd9967@group-5FF82F29B6C0-FollowerState: change to CANDIDATE, lastRpcTime:150ms, electionTimeout:150ms
2019-10-15 03:21:51,974 [Thread-10217] INFO  impl.RoleInfo (RoleInfo.java:shutdownFollowerState(121)) - 4c6a16c4-95d2-4ef7-9fc0-4f57ccbd9967: shutdown FollowerState
2019-10-15 03:21:51,974 [Thread-10217] INFO  impl.RaftServerImpl (RaftServerImpl.java:setRole(184)) - 4c6a16c4-95d2-4ef7-9fc0-4f57ccbd9967@group-5FF82F29B6C0: changes role from  FOLLOWER to CANDIDATE at term 1289 for changeToCandidate
2019-10-15 03:21:51,974 [Thread-10217] ERROR ratis.XceiverServerRatis (XceiverServerRatis.java:triggerPipelineClose(582)) - pipeline Action CLOSE  on pipeline PipelineID=e4bf9835-e697-42f6-b211-5ff82f29b6c0.Reason : 4c6a16c4-95d2-4ef7-9fc0-4f57ccbd9967 is in candidate state for 166873ms
2019-10-15 03:21:51,974 [Thread-10217] INFO  impl.RoleInfo (RoleInfo.java:updateAndGet(143)) - 4c6a16c4-95d2-4ef7-9fc0-4f57ccbd9967: start LeaderElection
2019-10-15 03:21:51,984 [EventQueue-PipelineActionsForPipelineActionHandler] ERROR pipeline.PipelineActionHandler (PipelineActionHandler.java:onMessage(60)) - Received pipeline action CLOSE for Pipeline[ Id: e4bf9835-e697-42f6-b211-5ff82f29b6c0, Nodes: a910346c-1ee2-4cdc-a6d8-644a3a4f0b7f{ip: 192.168.5.131, host: pr-hdds-2305-c92ks-1629580955, networkLocation: /default-rack, certSerialId: null}742c26a8-c271-430a-a05a-c8bba3fa6d96{ip: 192.168.5.131, host: pr-hdds-2305-c92ks-1629580955, networkLocation: /default-rack, certSerialId: null}4c6a16c4-95d2-4ef7-9fc0-4f57ccbd9967{ip: 192.168.5.131, host: pr-hdds-2305-c92ks-1629580955, networkLocation: /default-rack, certSerialId: null}, Type:RATIS, Factor:THREE, State:CLOSED] from datanode 4c6a16c4-95d2-4ef7-9fc0-4f57ccbd9967{ip: 192.168.5.131, host: pr-hdds-2305-c92ks-1629580955, networkLocation: /default-rack, certSerialId: null}. Reason : 4c6a16c4-95d2-4ef7-9fc0-4f57ccbd9967 is in candidate state for 165930ms
2019-10-15 03:21:51,984 [EventQueue-PipelineActionsForPipelineActionHandler] INFO  pipeline.SCMPipelineManager (SCMPipelineManager.java:finalizeAndDestroyPipeline(315)) - destroying pipeline:Pipeline[ Id: e4bf9835-e697-42f6-b211-5ff82f29b6c0, Nodes: a910346c-1ee2-4cdc-a6d8-644a3a4f0b7f{ip: 192.168.5.131, host: pr-hdds-2305-c92ks-1629580955, networkLocation: /default-rack, certSerialId: null}742c26a8-c271-430a-a05a-c8bba3fa6d96{ip: 192.168.5.131, host: pr-hdds-2305-c92ks-1629580955, networkLocation: /default-rack, certSerialId: null}4c6a16c4-95d2-4ef7-9fc0-4f57ccbd9967{ip: 192.168.5.131, host: pr-hdds-2305-c92ks-1629580955, networkLocation: /default-rack, certSerialId: null}, Type:RATIS, Factor:THREE, State:CLOSED]
2019-10-15 03:21:51,988 [4c6a16c4-95d2-4ef7-9fc0-4f57ccbd9967@group-5FF82F29B6C0-LeaderElection1236] INFO  impl.LeaderElection (LeaderElection.java:askForVotes(178)) - 4c6a16c4-95d2-4ef7-9fc0-4f57ccbd9967@group-5FF82F29B6C0-LeaderElection1236: begin an election at term 1290 for -1: [4c6a16c4-95d2-4ef7-9fc0-4f57ccbd9967:192.168.5.131:39112, 742c26a8-c271-430a-a05a-c8bba3fa6d96:192.168.5.131:42235, a910346c-1ee2-4cdc-a6d8-644a3a4f0b7f:192.168.5.131:38193], old=null
2019-10-15 03:21:51,989 [grpc-default-executor-5] INFO  impl.RaftServerImpl (RaftServerImpl.java:setRole(184)) - 742c26a8-c271-430a-a05a-c8bba3fa6d96@group-5FF82F29B6C0: changes role from  FOLLOWER to FOLLOWER at term 1290 for recognizeCandidate:4c6a16c4-95d2-4ef7-9fc0-4f57ccbd9967
2019-10-15 03:21:51,989 [grpc-default-executor-5] INFO  impl.RoleInfo (RoleInfo.java:shutdownFollowerState(121)) - 742c26a8-c271-430a-a05a-c8bba3fa6d96: shutdown FollowerState
2019-10-15 03:21:51,989 [grpc-default-executor-8] INFO  impl.RaftServerImpl (RaftServerImpl.java:setRole(184)) - a910346c-1ee2-4cdc-a6d8-644a3a4f0b7f@group-5FF82F29B6C0: changes role from  FOLLOWER to FOLLOWER at term 1290 for recognizeCandidate:4c6a16c4-95d2-4ef7-9fc0-4f57ccbd9967
2019-10-15 03:21:51,989 [Thread-10215] INFO  impl.FollowerState (FollowerState.java:run(117)) - 742c26a8-c271-430a-a05a-c8bba3fa6d96@group-5FF82F29B6C0-FollowerState was interrupted: java.lang.InterruptedException: sleep interrupted
2019-10-15 03:21:51,989 [grpc-default-executor-5] INFO  impl.RoleInfo (RoleInfo.java:updateAndGet(143)) - 742c26a8-c271-430a-a05a-c8bba3fa6d96: start FollowerState
2019-10-15 03:21:51,989 [grpc-default-executor-8] INFO  impl.RoleInfo (RoleInfo.java:shutdownFollowerState(121)) - a910346c-1ee2-4cdc-a6d8-644a3a4f0b7f: shutdown FollowerState
2019-10-15 03:21:51,990 [grpc-default-executor-8] INFO  impl.RoleInfo (RoleInfo.java:updateAndGet(143)) - a910346c-1ee2-4cdc-a6d8-644a3a4f0b7f: start FollowerState
2019-10-15 03:21:51,990 [Thread-10216] INFO  impl.FollowerState (FollowerState.java:run(117)) - a910346c-1ee2-4cdc-a6d8-644a3a4f0b7f@group-5FF82F29B6C0-FollowerState was interrupted: java.lang.InterruptedException: sleep interrupted
2019-10-15 03:21:52,004 [4c6a16c4-95d2-4ef7-9fc0-4f57ccbd9967@group-5FF82F29B6C0-LeaderElection1236] INFO  impl.LeaderElection (LeaderElection.java:logAndReturn(56)) - 4c6a16c4-95d2-4ef7-9fc0-4f57ccbd9967@group-5FF82F29B6C0-LeaderElection1236: Election REJECTED; received 2 response(s) [4c6a16c4-95d2-4ef7-9fc0-4f57ccbd9967<-742c26a8-c271-430a-a05a-c8bba3fa6d96#0:FAIL-t1290, 4c6a16c4-95d2-4ef7-9fc0-4f57ccbd9967<-a910346c-1ee2-4cdc-a6d8-644a3a4f0b7f#0:FAIL-t1290] and 0 exception(s); 4c6a16c4-95d2-4ef7-9fc0-4f57ccbd9967@group-5FF82F29B6C0:t1290, leader=null, voted=4c6a16c4-95d2-4ef7-9fc0-4f57ccbd9967, raftlog=4c6a16c4-95d2-4ef7-9fc0-4f57ccbd9967@group-5FF82F29B6C0-SegmentedRaftLog:OPENED:c-1,f-1,i0, conf=-1: [4c6a16c4-95d2-4ef7-9fc0-4f57ccbd9967:192.168.5.131:39112, 742c26a8-c271-430a-a05a-c8bba3fa6d96:192.168.5.131:42235, a910346c-1ee2-4cdc-a6d8-644a3a4f0b7f:192.168.5.131:38193], old=null
2019-10-15 03:21:52,004 [4c6a16c4-95d2-4ef7-9fc0-4f57ccbd9967@group-5FF82F29B6C0-LeaderElection1236] INFO  impl.RaftServerImpl (RaftServerImpl.java:setRole(184)) - 4c6a16c4-95d2-4ef7-9fc0-4f57ccbd9967@group-5FF82F29B6C0: changes role from CANDIDATE to FOLLOWER at term 1290 for DISCOVERED_A_NEW_TERM
2019-10-15 03:21:52,005 [4c6a16c4-95d2-4ef7-9fc0-4f57ccbd9967@group-5FF82F29B6C0-LeaderElection1236] INFO  impl.RoleInfo (RoleInfo.java:shutdownLeaderElection(134)) - 4c6a16c4-95d2-4ef7-9fc0-4f57ccbd9967: shutdown LeaderElection
2019-10-15 03:21:52,005 [4c6a16c4-95d2-4ef7-9fc0-4f57ccbd9967@group-5FF82F29B6C0-LeaderElection1236] INFO  impl.RoleInfo (RoleInfo.java:updateAndGet(143)) - 4c6a16c4-95d2-4ef7-9fc0-4f57ccbd9967: start FollowerState
2019-10-15 03:21:52,074 [Thread-10223] INFO  impl.FollowerState (FollowerState.java:run(108)) - 4c6a16c4-95d2-4ef7-9fc0-4f57ccbd9967@group-5FF82F29B6C0-FollowerState: change to CANDIDATE, lastRpcTime:69ms, electionTimeout:69ms
2019-10-15 03:21:52,074 [Thread-10223] INFO  impl.RoleInfo (RoleInfo.java:shutdownFollowerState(121)) - 4c6a16c4-95d2-4ef7-9fc0-4f57ccbd9967: shutdown FollowerState
2019-10-15 03:21:52,074 [Thread-10223] INFO  impl.RaftServerImpl (RaftServerImpl.java:setRole(184)) - 4c6a16c4-95d2-4ef7-9fc0-4f57ccbd9967@group-5FF82F29B6C0: changes role from  FOLLOWER to CANDIDATE at term 1290 for changeToCandidate
2019-10-15 03:21:52,075 [Thread-10223] ERROR ratis.XceiverServerRatis (XceiverServerRatis.java:triggerPipelineClose(582)) - pipeline Action CLOSE  on pipeline PipelineID=e4bf9835-e697-42f6-b211-5ff82f29b6c0.Reason : 4c6a16c4-95d2-4ef7-9fc0-4f57ccbd9967 is in candidate state for 166974ms
2019-10-15 03:21:52,075 [Thread-10223] INFO  impl.RoleInfo (RoleInfo.java:updateAndGet(143)) - 4c6a16c4-95d2-4ef7-9fc0-4f57ccbd9967: start LeaderElection
2019-10-15 03:21:52,088 [4c6a16c4-95d2-4ef7-9fc0-4f57ccbd9967@group-5FF82F29B6C0-LeaderElection1237] INFO  impl.LeaderElection (LeaderElection.java:askForVotes(178)) - 4c6a16c4-95d2-4ef7-9fc0-4f57ccbd9967@group-5FF82F29B6C0-LeaderElection1237: begin an election at term 1291 for -1: [4c6a16c4-95d2-4ef7-9fc0-4f57ccbd9967:192.168.5.131:39112, 742c26a8-c271-430a-a05a-c8bba3fa6d96:192.168.5.131:42235, a910346c-1ee2-4cdc-a6d8-644a3a4f0b7f:192.168.5.131:38193], old=null
2019-10-15 03:21:52,089 [grpc-default-executor-8] INFO  impl.RaftServerImpl (RaftServerImpl.java:setRole(184)) - 742c26a8-c271-430a-a05a-c8bba3fa6d96@group-5FF82F29B6C0: changes role from  FOLLOWER to FOLLOWER at term 1291 for recognizeCandidate:4c6a16c4-95d2-4ef7-9fc0-4f57ccbd9967
2019-10-15 03:21:52,089 [grpc-default-executor-5] INFO  impl.RaftServerImpl (RaftServerImpl.java:setRole(184)) - a910346c-1ee2-4cdc-a6d8-644a3a4f0b7f@group-5FF82F29B6C0: changes role from  FOLLOWER to FOLLOWER at term 1291 for recognizeCandidate:4c6a16c4-95d2-4ef7-9fc0-4f57ccbd9967
2019-10-15 03:21:52,089 [grpc-default-executor-8] INFO  impl.RoleInfo (RoleInfo.java:shutdownFollowerState(121)) - 742c26a8-c271-430a-a05a-c8bba3fa6d96: shutdown FollowerState
2019-10-15 03:21:52,089 [grpc-default-executor-5] INFO  impl.RoleInfo (RoleInfo.java:shutdownFollowerState(121)) - a910346c-1ee2-4cdc-a6d8-644a3a4f0b7f: shutdown FollowerState
2019-10-15 03:21:52,089 [Thread-10221] INFO  impl.FollowerState (FollowerState.java:run(117)) - 742c26a8-c271-430a-a05a-c8bba3fa6d96@group-5FF82F29B6C0-FollowerState was interrupted: java.lang.InterruptedException: sleep interrupted
2019-10-15 03:21:52,089 [grpc-default-executor-8] INFO  impl.RoleInfo (RoleInfo.java:updateAndGet(143)) - 742c26a8-c271-430a-a05a-c8bba3fa6d96: start FollowerState
2019-10-15 03:21:52,090 [Thread-10222] INFO  impl.FollowerState (FollowerState.java:run(117)) - a910346c-1ee2-4cdc-a6d8-644a3a4f0b7f@group-5FF82F29B6C0-FollowerState was interrupted: java.lang.InterruptedException: sleep interrupted
2019-10-15 03:21:52,089 [grpc-default-executor-5] INFO  impl.RoleInfo (RoleInfo.java:updateAndGet(143)) - a910346c-1ee2-4cdc-a6d8-644a3a4f0b7f: start FollowerState
2019-10-15 03:21:52,104 [4c6a16c4-95d2-4ef7-9fc0-4f57ccbd9967@group-5FF82F29B6C0-LeaderElection1237] INFO  impl.LeaderElection (LeaderElection.java:logAndReturn(56)) - 4c6a16c4-95d2-4ef7-9fc0-4f57ccbd9967@group-5FF82F29B6C0-LeaderElection1237: Election REJECTED; received 2 response(s) [4c6a16c4-95d2-4ef7-9fc0-4f57ccbd9967<-742c26a8-c271-430a-a05a-c8bba3fa6d96#0:FAIL-t1291, 4c6a16c4-95d2-4ef7-9fc0-4f57ccbd9967<-a910346c-1ee2-4cdc-a6d8-644a3a4f0b7f#0:FAIL-t1291] and 0 exception(s); 4c6a16c4-95d2-4ef7-9fc0-4f57ccbd9967@group-5FF82F29B6C0:t1291, leader=null, voted=4c6a16c4-95d2-4ef7-9fc0-4f57ccbd9967, raftlog=4c6a16c4-95d2-4ef7-9fc0-4f57ccbd9967@group-5FF82F29B6C0-SegmentedRaftLog:OPENED:c-1,f-1,i0, conf=-1: [4c6a16c4-95d2-4ef7-9fc0-4f57ccbd9967:192.168.5.131:39112, 742c26a8-c271-430a-a05a-c8bba3fa6d96:192.168.5.131:42235, a910346c-1ee2-4cdc-a6d8-644a3a4f0b7f:192.168.5.131:38193], old=null
2019-10-15 03:21:52,104 [4c6a16c4-95d2-4ef7-9fc0-4f57ccbd9967@group-5FF82F29B6C0-LeaderElection1237] INFO  impl.RaftServerImpl (RaftServerImpl.java:setRole(184)) - 4c6a16c4-95d2-4ef7-9fc0-4f57ccbd9967@group-5FF82F29B6C0: changes role from CANDIDATE to FOLLOWER at term 1291 for DISCOVERED_A_NEW_TERM
2019-10-15 03:21:52,104 [4c6a16c4-95d2-4ef7-9fc0-4f57ccbd9967@group-5FF82F29B6C0-LeaderElection1237] INFO  impl.RoleInfo (RoleInfo.java:shutdownLeaderElection(134)) - 4c6a16c4-95d2-4ef7-9fc0-4f57ccbd9967: shutdown LeaderElection
2019-10-15 03:21:52,104 [4c6a16c4-95d2-4ef7-9fc0-4f57ccbd9967@group-5FF82F29B6C0-LeaderElection1237] INFO  impl.RoleInfo (RoleInfo.java:updateAndGet(143)) - 4c6a16c4-95d2-4ef7-9fc0-4f57ccbd9967: start FollowerState
2019-10-15 03:21:52,130 [IPC Server handler 4 on 45412] INFO  net.NetworkTopology (NetworkTopologyImpl.java:add(111)) - Added a new node: /default-rack/2e087e40-613e-4b42-9ae6-f6bb8282a9c9
2019-10-15 03:21:52,133 [IPC Server handler 4 on 45412] INFO  node.SCMNodeManager (SCMNodeManager.java:register(268)) - Registered Data node : 2e087e40-613e-4b42-9ae6-f6bb8282a9c9{ip: 192.168.5.131, host: pr-hdds-2305-c92ks-1629580955, networkLocation: /default-rack, certSerialId: null}
2019-10-15 03:21:52,134 [EventQueue-NodeRegistrationContainerReportForDataNodeSafeModeRule] INFO  safemode.SCMSafeModeManager (DataNodeSafeModeRule.java:process(71)) - SCM in safe mode. 1 DataNodes registered, 1 required.
2019-10-15 03:21:52,137 [EventQueue-NodeRegistrationContainerReportForDataNodeSafeModeRule] INFO  safemode.SCMSafeModeManager (SCMSafeModeManager.java:validateSafeModeExitRules(177)) - ScmSafeModeManager, all rules are successfully validated
2019-10-15 03:21:52,137 [EventQueue-NodeRegistrationContainerReportForDataNodeSafeModeRule] INFO  safemode.SCMSafeModeManager (SCMSafeModeManager.java:exitSafeMode(193)) - SCM exiting safe mode.
2019-10-15 03:21:52,146 [grpc-default-executor-8] INFO  impl.RaftServerProxy (RaftServerProxy.java:addNew(89)) - 2e087e40-613e-4b42-9ae6-f6bb8282a9c9: addNew group-EFCC1E2C4B0E:[2e087e40-613e-4b42-9ae6-f6bb8282a9c9:192.168.5.131:40304] returns group-EFCC1E2C4B0E:java.util.concurrent.CompletableFuture@311fff9a[Not completed]
2019-10-15 03:21:52,147 [pool-382-thread-1] INFO  impl.RaftServerImpl (RaftServerImpl.java:<init>(104)) - 2e087e40-613e-4b42-9ae6-f6bb8282a9c9: new RaftServerImpl for group-EFCC1E2C4B0E:[2e087e40-613e-4b42-9ae6-f6bb8282a9c9:192.168.5.131:40304] with ContainerStateMachine:uninitialized
2019-10-15 03:21:52,148 [pool-382-thread-1] INFO  server.RaftServerConfigKeys (ConfUtils.java:logGet(43)) - raft.server.rpc.timeout.min = 5s (custom)
2019-10-15 03:21:52,148 [pool-382-thread-1] INFO  server.RaftServerConfigKeys (ConfUtils.java:logGet(43)) - raft.server.rpc.timeout.max = 5200ms (custom)
2019-10-15 03:21:52,148 [pool-382-thread-1] INFO  server.RaftServerConfigKeys (ConfUtils.java:logGet(43)) - raft.server.rpcslowness.timeout = 120s (custom)
2019-10-15 03:21:52,148 [pool-382-thread-1] INFO  server.RaftServerConfigKeys (ConfUtils.java:logGet(43)) - raft.server.sleep.deviation.threshold = 300 (default)
2019-10-15 03:21:52,148 [pool-382-thread-1] INFO  server.RaftServerConfigKeys (ConfUtils.java:logGet(43)) - raft.server.log.appender.install.snapshot.enabled = false (custom)
2019-10-15 03:21:52,148 [pool-382-thread-1] INFO  impl.RaftServerImpl (ServerState.java:<init>(103)) - 2e087e40-613e-4b42-9ae6-f6bb8282a9c9@group-EFCC1E2C4B0E: ConfigurationManager, init=-1: [2e087e40-613e-4b42-9ae6-f6bb8282a9c9:192.168.5.131:40304], old=null, confs=<EMPTY_MAP>
2019-10-15 03:21:52,148 [pool-382-thread-1] INFO  server.RaftServerConfigKeys (ConfUtils.java:logGet(43)) - raft.server.storage.dir = [/workdir/hadoop-ozone/integration-test/target/test-dir/MiniOzoneClusterImpl-0445134e-5ee1-47c2-9f3a-343f5ba53be4/datanode-0/data/ratis] (custom)
2019-10-15 03:21:52,149 [pool-382-thread-1] INFO  server.RaftServerConfigKeys (ConfUtils.java:logGet(43)) - raft.server.log.corruption.policy = EXCEPTION (default)
2019-10-15 03:21:52,149 [pool-382-thread-1] INFO  storage.RaftStorageDirectory (RaftStorageDirectory.java:analyzeStorage(246)) - The storage directory /workdir/hadoop-ozone/integration-test/target/test-dir/MiniOzoneClusterImpl-0445134e-5ee1-47c2-9f3a-343f5ba53be4/datanode-0/data/ratis/20c7d320-f6f7-440b-8af0-efcc1e2c4b0e does not exist. Creating ...
2019-10-15 03:21:52,161 [pool-382-thread-1] INFO  storage.RaftStorageDirectory (RaftStorageDirectory.java:tryLock(328)) - Lock on /workdir/hadoop-ozone/integration-test/target/test-dir/MiniOzoneClusterImpl-0445134e-5ee1-47c2-9f3a-343f5ba53be4/datanode-0/data/ratis/20c7d320-f6f7-440b-8af0-efcc1e2c4b0e/in_use.lock acquired by nodename 3330@pr-hdds-2305-c92ks-1629580955
2019-10-15 03:21:52,174 [pool-382-thread-1] INFO  storage.RaftStorage (RaftStorage.java:format(84)) - Storage directory /workdir/hadoop-ozone/integration-test/target/test-dir/MiniOzoneClusterImpl-0445134e-5ee1-47c2-9f3a-343f5ba53be4/datanode-0/data/ratis/20c7d320-f6f7-440b-8af0-efcc1e2c4b0e has been successfully formatted.
2019-10-15 03:21:52,174 [pool-382-thread-1] INFO  ratis.ContainerStateMachine (ContainerStateMachine.java:loadSnapshot(231)) - group-EFCC1E2C4B0E: The snapshot info is null. Setting the last applied indexto:(t:0, i:~)
2019-10-15 03:21:52,174 [pool-382-thread-1] INFO  server.RaftServerConfigKeys (ConfUtils.java:logGet(43)) - raft.server.notification.no-leader.timeout = 120s (custom)
2019-10-15 03:21:52,174 [pool-382-thread-1] INFO  server.RaftServerConfigKeys (ConfUtils.java:logGet(43)) - raft.server.log.use.memory = false (default)
2019-10-15 03:21:52,174 [pool-382-thread-1] INFO  server.RaftServerConfigKeys (ConfUtils.java:logGet(43)) - raft.server.log.purge.gap = 1000000 (custom)
2019-10-15 03:21:52,174 [pool-382-thread-1] INFO  server.RaftServerConfigKeys (ConfUtils.java:logGet(43)) - raft.server.log.appender.buffer.byte-limit = 33554432 (custom)
2019-10-15 03:21:52,174 [pool-382-thread-1] INFO  server.RaftServerConfigKeys (ConfUtils.java:logGet(43)) - raft.server.log.segment.size.max = 1048576 (custom)
2019-10-15 03:21:52,176 [pool-382-thread-1] INFO  server.RaftServerConfigKeys (ConfUtils.java:logGet(43)) - raft.server.log.segment.cache.num.max = 2 (custom)
2019-10-15 03:21:52,176 [pool-382-thread-1] INFO  segmented.SegmentedRaftLogWorker (SegmentedRaftLogWorker.java:<init>(173)) - new 2e087e40-613e-4b42-9ae6-f6bb8282a9c9@group-EFCC1E2C4B0E-SegmentedRaftLogWorker for RaftStorage:Storage Directory /workdir/hadoop-ozone/integration-test/target/test-dir/MiniOzoneClusterImpl-0445134e-5ee1-47c2-9f3a-343f5ba53be4/datanode-0/data/ratis/20c7d320-f6f7-440b-8af0-efcc1e2c4b0e
2019-10-15 03:21:52,176 [pool-382-thread-1] INFO  server.RaftServerConfigKeys (ConfUtils.java:logGet(43)) - raft.server.log.queue.byte-limit = 2147483647 (custom)
2019-10-15 03:21:52,176 [pool-382-thread-1] INFO  server.RaftServerConfigKeys (ConfUtils.java:logGet(43)) - raft.server.log.queue.element-limit = 1024 (custom)
2019-10-15 03:21:52,176 [pool-382-thread-1] INFO  server.RaftServerConfigKeys (ConfUtils.java:logGet(43)) - raft.server.log.segment.size.max = 1048576 (custom)
2019-10-15 03:21:52,176 [pool-382-thread-1] INFO  server.RaftServerConfigKeys (ConfUtils.java:logGet(43)) - raft.server.log.preallocated.size = 16384 (custom)
2019-10-15 03:21:52,177 [pool-382-thread-1] INFO  server.RaftServerConfigKeys (ConfUtils.java:logGet(43)) - raft.server.log.write.buffer.size = 33554432 (custom)
2019-10-15 03:21:52,177 [pool-382-thread-1] INFO  server.RaftServerConfigKeys (ConfUtils.java:logGet(43)) - raft.server.log.force.sync.num = 128 (default)
2019-10-15 03:21:52,177 [pool-382-thread-1] INFO  server.RaftServerConfigKeys (ConfUtils.java:logGet(43)) - raft.server.log.statemachine.data.sync = true (default)
2019-10-15 03:21:52,177 [pool-382-thread-1] INFO  server.RaftServerConfigKeys (ConfUtils.java:logGet(43)) - raft.server.log.statemachine.data.sync.timeout = 10s (default)
2019-10-15 03:21:52,177 [pool-382-thread-1] INFO  server.RaftServerConfigKeys (ConfUtils.java:logGet(43)) - raft.server.log.statemachine.data.sync.timeout.retry = -1 (default)
2019-10-15 03:21:52,177 [pool-382-thread-1] INFO  server.RaftServerConfigKeys (ConfUtils.java:logGet(43)) - raft.server.log.statemachine.data.caching.enabled = true (custom)
2019-10-15 03:21:52,178 [pool-382-thread-1] INFO  segmented.SegmentedRaftLogWorker (SegmentedRaftLogWorker.java:lambda$new$0(128)) - 2e087e40-613e-4b42-9ae6-f6bb8282a9c9@group-EFCC1E2C4B0E-SegmentedRaftLogWorker: flushIndex: setUnconditionally 0 -> -1
2019-10-15 03:21:52,178 [pool-382-thread-1] INFO  server.RaftServerConfigKeys (ConfUtils.java:logGet(43)) - raft.server.snapshot.auto.trigger.enabled = true (custom)
2019-10-15 03:21:52,178 [pool-382-thread-1] INFO  server.RaftServerConfigKeys (ConfUtils.java:logGet(43)) - raft.server.snapshot.auto.trigger.threshold = 10000 (custom)
2019-10-15 03:21:52,178 [pool-382-thread-1] INFO  server.RaftServerConfigKeys (ConfUtils.java:logGet(43)) - raft.server.snapshot.retention.file.num = 5 (custom)
2019-10-15 03:21:52,178 [pool-382-thread-1] INFO  server.RaftServerConfigKeys (ConfUtils.java:logGet(43)) - raft.server.retrycache.expirytime = 600000ms (custom)
2019-10-15 03:21:52,180 [pool-382-thread-1] INFO  impl.RaftServerImpl (RaftServerImpl.java:start(195)) - 2e087e40-613e-4b42-9ae6-f6bb8282a9c9@group-EFCC1E2C4B0E: start as a follower, conf=-1: [2e087e40-613e-4b42-9ae6-f6bb8282a9c9:192.168.5.131:40304], old=null
2019-10-15 03:21:52,181 [pool-382-thread-1] INFO  impl.RaftServerImpl (RaftServerImpl.java:setRole(184)) - 2e087e40-613e-4b42-9ae6-f6bb8282a9c9@group-EFCC1E2C4B0E: changes role from      null to FOLLOWER at term 0 for startAsFollower
2019-10-15 03:21:52,181 [pool-382-thread-1] INFO  impl.RoleInfo (RoleInfo.java:updateAndGet(143)) - 2e087e40-613e-4b42-9ae6-f6bb8282a9c9: start FollowerState
2019-10-15 03:21:52,181 [pool-382-thread-1] INFO  util.JmxRegister (JmxRegister.java:tryRegister(44)) - Successfully registered JMX Bean with object name Ratis:service=RaftServer,group=group-EFCC1E2C4B0E,id=2e087e40-613e-4b42-9ae6-f6bb8282a9c9
2019-10-15 03:21:52,186 [Thread-10241] INFO  impl.FollowerState (FollowerState.java:run(108)) - 2e087e40-613e-4b42-9ae6-f6bb8282a9c9@group-EFCC1E2C4B0E-FollowerState: change to CANDIDATE, lastRpcTime:5ms, electionTimeout:5ms
2019-10-15 03:21:52,186 [Thread-10241] INFO  impl.RoleInfo (RoleInfo.java:shutdownFollowerState(121)) - 2e087e40-613e-4b42-9ae6-f6bb8282a9c9: shutdown FollowerState
2019-10-15 03:21:52,186 [Thread-10241] INFO  impl.RaftServerImpl (RaftServerImpl.java:setRole(184)) - 2e087e40-613e-4b42-9ae6-f6bb8282a9c9@group-EFCC1E2C4B0E: changes role from  FOLLOWER to CANDIDATE at term 0 for changeToCandidate
2019-10-15 03:21:52,186 [Thread-10241] INFO  impl.RoleInfo (RoleInfo.java:updateAndGet(143)) - 2e087e40-613e-4b42-9ae6-f6bb8282a9c9: start LeaderElection
2019-10-15 03:21:52,203 [RatisPipelineUtilsThread] INFO  pipeline.PipelineStateManager (PipelineStateManager.java:addPipeline(56)) - Created pipeline Pipeline[ Id: 20c7d320-f6f7-440b-8af0-efcc1e2c4b0e, Nodes: 2e087e40-613e-4b42-9ae6-f6bb8282a9c9{ip: 192.168.5.131, host: pr-hdds-2305-c92ks-1629580955, networkLocation: /default-rack, certSerialId: null}, Type:RATIS, Factor:ONE, State:OPEN]
2019-10-15 03:21:52,216 [2e087e40-613e-4b42-9ae6-f6bb8282a9c9@group-EFCC1E2C4B0E-LeaderElection1238] INFO  impl.LeaderElection (LeaderElection.java:askForVotes(178)) - 2e087e40-613e-4b42-9ae6-f6bb8282a9c9@group-EFCC1E2C4B0E-LeaderElection1238: begin an election at term 1 for -1: [2e087e40-613e-4b42-9ae6-f6bb8282a9c9:192.168.5.131:40304], old=null
2019-10-15 03:21:52,216 [2e087e40-613e-4b42-9ae6-f6bb8282a9c9@group-EFCC1E2C4B0E-LeaderElection1238] INFO  impl.RoleInfo (RoleInfo.java:shutdownLeaderElection(134)) - 2e087e40-613e-4b42-9ae6-f6bb8282a9c9: shutdown LeaderElection
2019-10-15 03:21:52,216 [2e087e40-613e-4b42-9ae6-f6bb8282a9c9@group-EFCC1E2C4B0E-LeaderElection1238] INFO  impl.RaftServerImpl (RaftServerImpl.java:setRole(184)) - 2e087e40-613e-4b42-9ae6-f6bb8282a9c9@group-EFCC1E2C4B0E: changes role from CANDIDATE to LEADER at term 1 for changeToLeader
2019-10-15 03:21:52,216 [2e087e40-613e-4b42-9ae6-f6bb8282a9c9@group-EFCC1E2C4B0E-LeaderElection1238] INFO  impl.RaftServerImpl (ServerState.java:setLeader(256)) - 2e087e40-613e-4b42-9ae6-f6bb8282a9c9@group-EFCC1E2C4B0E: change Leader from null to 2e087e40-613e-4b42-9ae6-f6bb8282a9c9 at term 1 for becomeLeader, leader elected after 42ms
2019-10-15 03:21:52,216 [2e087e40-613e-4b42-9ae6-f6bb8282a9c9@group-EFCC1E2C4B0E-LeaderElection1238] INFO  server.RaftServerConfigKeys (ConfUtils.java:logGet(43)) - raft.server.staging.catchup.gap = 1000 (default)
2019-10-15 03:21:52,216 [2e087e40-613e-4b42-9ae6-f6bb8282a9c9@group-EFCC1E2C4B0E-LeaderElection1238] INFO  server.RaftServerConfigKeys (ConfUtils.java:logGet(43)) - raft.server.rpc.sleep.time = 25ms (default)
2019-10-15 03:21:52,217 [2e087e40-613e-4b42-9ae6-f6bb8282a9c9@group-EFCC1E2C4B0E-LeaderElection1238] INFO  server.RaftServerConfigKeys (ConfUtils.java:logGet(43)) - raft.server.write.element-limit = 4096 (default)
2019-10-15 03:21:52,217 [2e087e40-613e-4b42-9ae6-f6bb8282a9c9@group-EFCC1E2C4B0E-LeaderElection1238] INFO  server.RaftServerConfigKeys (ConfUtils.java:logGet(43)) - raft.server.watch.timeout = 10s (default)
2019-10-15 03:21:52,217 [2e087e40-613e-4b42-9ae6-f6bb8282a9c9@group-EFCC1E2C4B0E-LeaderElection1238] INFO  server.RaftServerConfigKeys (ConfUtils.java:logGet(43)) - raft.server.watch.timeout.denomination = 1s (default)
2019-10-15 03:21:52,217 [2e087e40-613e-4b42-9ae6-f6bb8282a9c9@group-EFCC1E2C4B0E-LeaderElection1238] INFO  server.RaftServerConfigKeys (ConfUtils.java:logGet(43)) - raft.server.watch.element-limit = 65536 (default)
2019-10-15 03:21:52,219 [2e087e40-613e-4b42-9ae6-f6bb8282a9c9@group-EFCC1E2C4B0E-LeaderElection1238] INFO  impl.RoleInfo (RoleInfo.java:updateAndGet(143)) - 2e087e40-613e-4b42-9ae6-f6bb8282a9c9: start LeaderState
2019-10-15 03:21:52,219 [2e087e40-613e-4b42-9ae6-f6bb8282a9c9@group-EFCC1E2C4B0E-LeaderElection1238] INFO  segmented.SegmentedRaftLogWorker (SegmentedRaftLogWorker.java:startLogSegment(385)) - 2e087e40-613e-4b42-9ae6-f6bb8282a9c9@group-EFCC1E2C4B0E-SegmentedRaftLogWorker: Starting segment from index:0
2019-10-15 03:21:52,220 [2e087e40-613e-4b42-9ae6-f6bb8282a9c9@group-EFCC1E2C4B0E-LeaderElection1238] INFO  impl.RaftServerImpl (ServerState.java:setRaftConf(357)) - 2e087e40-613e-4b42-9ae6-f6bb8282a9c9@group-EFCC1E2C4B0E: set configuration 0: [2e087e40-613e-4b42-9ae6-f6bb8282a9c9:192.168.5.131:40304], old=null at 0
2019-10-15 03:21:52,231 [IPC Server handler 6 on 45412] INFO  net.NetworkTopology (NetworkTopologyImpl.java:add(111)) - Added a new node: /default-rack/17d4a3a3-e05f-449b-a5b3-f00266930d75
2019-10-15 03:21:52,231 [IPC Server handler 6 on 45412] INFO  node.SCMNodeManager (SCMNodeManager.java:register(268)) - Registered Data node : 17d4a3a3-e05f-449b-a5b3-f00266930d75{ip: 192.168.5.131, host: pr-hdds-2305-c92ks-1629580955, networkLocation: /default-rack, certSerialId: null}
2019-10-15 03:21:52,256 [grpc-default-executor-8] INFO  impl.RaftServerProxy (RaftServerProxy.java:addNew(89)) - 17d4a3a3-e05f-449b-a5b3-f00266930d75: addNew group-2DEEC86E385C:[17d4a3a3-e05f-449b-a5b3-f00266930d75:192.168.5.131:44833] returns group-2DEEC86E385C:java.util.concurrent.CompletableFuture@30c5a26d[Not completed]
2019-10-15 03:21:52,257 [pool-392-thread-1] INFO  impl.RaftServerImpl (RaftServerImpl.java:<init>(104)) - 17d4a3a3-e05f-449b-a5b3-f00266930d75: new RaftServerImpl for group-2DEEC86E385C:[17d4a3a3-e05f-449b-a5b3-f00266930d75:192.168.5.131:44833] with ContainerStateMachine:uninitialized
2019-10-15 03:21:52,257 [pool-392-thread-1] INFO  server.RaftServerConfigKeys (ConfUtils.java:logGet(43)) - raft.server.rpc.timeout.min = 5s (custom)
2019-10-15 03:21:52,258 [pool-392-thread-1] INFO  server.RaftServerConfigKeys (ConfUtils.java:logGet(43)) - raft.server.rpc.timeout.max = 5200ms (custom)
2019-10-15 03:21:52,258 [pool-392-thread-1] INFO  server.RaftServerConfigKeys (ConfUtils.java:logGet(43)) - raft.server.rpcslowness.timeout = 120s (custom)
2019-10-15 03:21:52,258 [pool-392-thread-1] INFO  server.RaftServerConfigKeys (ConfUtils.java:logGet(43)) - raft.server.sleep.deviation.threshold = 300 (default)
2019-10-15 03:21:52,258 [pool-392-thread-1] INFO  server.RaftServerConfigKeys (ConfUtils.java:logGet(43)) - raft.server.log.appender.install.snapshot.enabled = false (custom)
2019-10-15 03:21:52,258 [pool-392-thread-1] INFO  impl.RaftServerImpl (ServerState.java:<init>(103)) - 17d4a3a3-e05f-449b-a5b3-f00266930d75@group-2DEEC86E385C: ConfigurationManager, init=-1: [17d4a3a3-e05f-449b-a5b3-f00266930d75:192.168.5.131:44833], old=null, confs=<EMPTY_MAP>
2019-10-15 03:21:52,258 [pool-392-thread-1] INFO  server.RaftServerConfigKeys (ConfUtils.java:logGet(43)) - raft.server.storage.dir = [/workdir/hadoop-ozone/integration-test/target/test-dir/MiniOzoneClusterImpl-0445134e-5ee1-47c2-9f3a-343f5ba53be4/datanode-1/data/ratis] (custom)
2019-10-15 03:21:52,259 [pool-392-thread-1] INFO  server.RaftServerConfigKeys (ConfUtils.java:logGet(43)) - raft.server.log.corruption.policy = EXCEPTION (default)
2019-10-15 03:21:52,259 [pool-392-thread-1] INFO  storage.RaftStorageDirectory (RaftStorageDirectory.java:analyzeStorage(246)) - The storage directory /workdir/hadoop-ozone/integration-test/target/test-dir/MiniOzoneClusterImpl-0445134e-5ee1-47c2-9f3a-343f5ba53be4/datanode-1/data/ratis/a970e57b-0958-4ed4-8c06-2deec86e385c does not exist. Creating ...
2019-10-15 03:21:52,269 [pool-392-thread-1] INFO  storage.RaftStorageDirectory (RaftStorageDirectory.java:tryLock(328)) - Lock on /workdir/hadoop-ozone/integration-test/target/test-dir/MiniOzoneClusterImpl-0445134e-5ee1-47c2-9f3a-343f5ba53be4/datanode-1/data/ratis/a970e57b-0958-4ed4-8c06-2deec86e385c/in_use.lock acquired by nodename 3330@pr-hdds-2305-c92ks-1629580955
2019-10-15 03:21:52,269 [2e087e40-613e-4b42-9ae6-f6bb8282a9c9@group-EFCC1E2C4B0E-SegmentedRaftLogWorker] INFO  segmented.SegmentedRaftLogWorker (SegmentedRaftLogWorker.java:execute(576)) - 2e087e40-613e-4b42-9ae6-f6bb8282a9c9@group-EFCC1E2C4B0E-SegmentedRaftLogWorker: created new log segment /workdir/hadoop-ozone/integration-test/target/test-dir/MiniOzoneClusterImpl-0445134e-5ee1-47c2-9f3a-343f5ba53be4/datanode-0/data/ratis/20c7d320-f6f7-440b-8af0-efcc1e2c4b0e/current/log_inprogress_0
2019-10-15 03:21:52,277 [Thread-10231] INFO  impl.FollowerState (FollowerState.java:run(108)) - 4c6a16c4-95d2-4ef7-9fc0-4f57ccbd9967@group-5FF82F29B6C0-FollowerState: change to CANDIDATE, lastRpcTime:173ms, electionTimeout:173ms
2019-10-15 03:21:52,277 [Thread-10231] INFO  impl.RoleInfo (RoleInfo.java:shutdownFollowerState(121)) - 4c6a16c4-95d2-4ef7-9fc0-4f57ccbd9967: shutdown FollowerState
2019-10-15 03:21:52,278 [Thread-10231] INFO  impl.RaftServerImpl (RaftServerImpl.java:setRole(184)) - 4c6a16c4-95d2-4ef7-9fc0-4f57ccbd9967@group-5FF82F29B6C0: changes role from  FOLLOWER to CANDIDATE at term 1291 for changeToCandidate
2019-10-15 03:21:52,278 [Thread-10231] ERROR ratis.XceiverServerRatis (XceiverServerRatis.java:triggerPipelineClose(582)) - pipeline Action CLOSE  on pipeline PipelineID=e4bf9835-e697-42f6-b211-5ff82f29b6c0.Reason : 4c6a16c4-95d2-4ef7-9fc0-4f57ccbd9967 is in candidate state for 167177ms
2019-10-15 03:21:52,278 [Thread-10231] INFO  impl.RoleInfo (RoleInfo.java:updateAndGet(143)) - 4c6a16c4-95d2-4ef7-9fc0-4f57ccbd9967: start LeaderElection
2019-10-15 03:21:52,283 [pool-392-thread-1] INFO  storage.RaftStorage (RaftStorage.java:format(84)) - Storage directory /workdir/hadoop-ozone/integration-test/target/test-dir/MiniOzoneClusterImpl-0445134e-5ee1-47c2-9f3a-343f5ba53be4/datanode-1/data/ratis/a970e57b-0958-4ed4-8c06-2deec86e385c has been successfully formatted.
2019-10-15 03:21:52,283 [4c6a16c4-95d2-4ef7-9fc0-4f57ccbd9967@group-5FF82F29B6C0-LeaderElection1239] INFO  impl.LeaderElection (LeaderElection.java:askForVotes(178)) - 4c6a16c4-95d2-4ef7-9fc0-4f57ccbd9967@group-5FF82F29B6C0-LeaderElection1239: begin an election at term 1292 for -1: [4c6a16c4-95d2-4ef7-9fc0-4f57ccbd9967:192.168.5.131:39112, 742c26a8-c271-430a-a05a-c8bba3fa6d96:192.168.5.131:42235, a910346c-1ee2-4cdc-a6d8-644a3a4f0b7f:192.168.5.131:38193], old=null
2019-10-15 03:21:52,283 [pool-392-thread-1] INFO  ratis.ContainerStateMachine (ContainerStateMachine.java:loadSnapshot(231)) - group-2DEEC86E385C: The snapshot info is null. Setting the last applied indexto:(t:0, i:~)
2019-10-15 03:21:52,283 [pool-392-thread-1] INFO  server.RaftServerConfigKeys (ConfUtils.java:logGet(43)) - raft.server.notification.no-leader.timeout = 120s (custom)
2019-10-15 03:21:52,284 [pool-392-thread-1] INFO  server.RaftServerConfigKeys (ConfUtils.java:logGet(43)) - raft.server.log.use.memory = false (default)
2019-10-15 03:21:52,284 [pool-392-thread-1] INFO  server.RaftServerConfigKeys (ConfUtils.java:logGet(43)) - raft.server.log.purge.gap = 1000000 (custom)
2019-10-15 03:21:52,284 [pool-392-thread-1] INFO  server.RaftServerConfigKeys (ConfUtils.java:logGet(43)) - raft.server.log.appender.buffer.byte-limit = 33554432 (custom)
2019-10-15 03:21:52,284 [pool-392-thread-1] INFO  server.RaftServerConfigKeys (ConfUtils.java:logGet(43)) - raft.server.log.segment.size.max = 1048576 (custom)
2019-10-15 03:21:52,284 [grpc-default-executor-8] INFO  impl.RaftServerImpl (RaftServerImpl.java:setRole(184)) - 742c26a8-c271-430a-a05a-c8bba3fa6d96@group-5FF82F29B6C0: changes role from  FOLLOWER to FOLLOWER at term 1292 for recognizeCandidate:4c6a16c4-95d2-4ef7-9fc0-4f57ccbd9967
2019-10-15 03:21:52,285 [grpc-default-executor-8] INFO  impl.RoleInfo (RoleInfo.java:shutdownFollowerState(121)) - 742c26a8-c271-430a-a05a-c8bba3fa6d96: shutdown FollowerState
2019-10-15 03:21:52,285 [grpc-default-executor-8] INFO  impl.RoleInfo (RoleInfo.java:updateAndGet(143)) - 742c26a8-c271-430a-a05a-c8bba3fa6d96: start FollowerState
2019-10-15 03:21:52,285 [Thread-10229] INFO  impl.FollowerState (FollowerState.java:run(117)) - 742c26a8-c271-430a-a05a-c8bba3fa6d96@group-5FF82F29B6C0-FollowerState was interrupted: java.lang.InterruptedException: sleep interrupted
2019-10-15 03:21:52,285 [grpc-default-executor-5] INFO  impl.RaftServerImpl (RaftServerImpl.java:setRole(184)) - a910346c-1ee2-4cdc-a6d8-644a3a4f0b7f@group-5FF82F29B6C0: changes role from  FOLLOWER to FOLLOWER at term 1292 for recognizeCandidate:4c6a16c4-95d2-4ef7-9fc0-4f57ccbd9967
2019-10-15 03:21:52,285 [grpc-default-executor-5] INFO  impl.RoleInfo (RoleInfo.java:shutdownFollowerState(121)) - a910346c-1ee2-4cdc-a6d8-644a3a4f0b7f: shutdown FollowerState
2019-10-15 03:21:52,285 [grpc-default-executor-5] INFO  impl.RoleInfo (RoleInfo.java:updateAndGet(143)) - a910346c-1ee2-4cdc-a6d8-644a3a4f0b7f: start FollowerState
2019-10-15 03:21:52,285 [Thread-10230] INFO  impl.FollowerState (FollowerState.java:run(117)) - a910346c-1ee2-4cdc-a6d8-644a3a4f0b7f@group-5FF82F29B6C0-FollowerState was interrupted: java.lang.InterruptedException: sleep interrupted
2019-10-15 03:21:52,286 [pool-392-thread-1] INFO  server.RaftServerConfigKeys (ConfUtils.java:logGet(43)) - raft.server.log.segment.cache.num.max = 2 (custom)
2019-10-15 03:21:52,286 [pool-392-thread-1] INFO  segmented.SegmentedRaftLogWorker (SegmentedRaftLogWorker.java:<init>(173)) - new 17d4a3a3-e05f-449b-a5b3-f00266930d75@group-2DEEC86E385C-SegmentedRaftLogWorker for RaftStorage:Storage Directory /workdir/hadoop-ozone/integration-test/target/test-dir/MiniOzoneClusterImpl-0445134e-5ee1-47c2-9f3a-343f5ba53be4/datanode-1/data/ratis/a970e57b-0958-4ed4-8c06-2deec86e385c
2019-10-15 03:21:52,286 [pool-392-thread-1] INFO  server.RaftServerConfigKeys (ConfUtils.java:logGet(43)) - raft.server.log.queue.byte-limit = 2147483647 (custom)
2019-10-15 03:21:52,286 [pool-392-thread-1] INFO  server.RaftServerConfigKeys (ConfUtils.java:logGet(43)) - raft.server.log.queue.element-limit = 1024 (custom)
2019-10-15 03:21:52,287 [pool-392-thread-1] INFO  server.RaftServerConfigKeys (ConfUtils.java:logGet(43)) - raft.server.log.segment.size.max = 1048576 (custom)
2019-10-15 03:21:52,287 [pool-392-thread-1] INFO  server.RaftServerConfigKeys (ConfUtils.java:logGet(43)) - raft.server.log.preallocated.size = 16384 (custom)
2019-10-15 03:21:52,287 [pool-392-thread-1] INFO  server.RaftServerConfigKeys (ConfUtils.java:logGet(43)) - raft.server.log.write.buffer.size = 33554432 (custom)
2019-10-15 03:21:52,287 [pool-392-thread-1] INFO  server.RaftServerConfigKeys (ConfUtils.java:logGet(43)) - raft.server.log.force.sync.num = 128 (default)
2019-10-15 03:21:52,287 [pool-392-thread-1] INFO  server.RaftServerConfigKeys (ConfUtils.java:logGet(43)) - raft.server.log.statemachine.data.sync = true (default)
2019-10-15 03:21:52,287 [pool-392-thread-1] INFO  server.RaftServerConfigKeys (ConfUtils.java:logGet(43)) - raft.server.log.statemachine.data.sync.timeout = 10s (default)
2019-10-15 03:21:52,287 [pool-392-thread-1] INFO  server.RaftServerConfigKeys (ConfUtils.java:logGet(43)) - raft.server.log.statemachine.data.sync.timeout.retry = -1 (default)
2019-10-15 03:21:52,288 [pool-392-thread-1] INFO  server.RaftServerConfigKeys (ConfUtils.java:logGet(43)) - raft.server.log.statemachine.data.caching.enabled = true (custom)
2019-10-15 03:21:52,288 [pool-392-thread-1] INFO  segmented.SegmentedRaftLogWorker (SegmentedRaftLogWorker.java:lambda$new$0(128)) - 17d4a3a3-e05f-449b-a5b3-f00266930d75@group-2DEEC86E385C-SegmentedRaftLogWorker: flushIndex: setUnconditionally 0 -> -1
2019-10-15 03:21:52,288 [pool-392-thread-1] INFO  server.RaftServerConfigKeys (ConfUtils.java:logGet(43)) - raft.server.snapshot.auto.trigger.enabled = true (custom)
2019-10-15 03:21:52,289 [pool-392-thread-1] INFO  server.RaftServerConfigKeys (ConfUtils.java:logGet(43)) - raft.server.snapshot.auto.trigger.threshold = 10000 (custom)
2019-10-15 03:21:52,289 [pool-392-thread-1] INFO  server.RaftServerConfigKeys (ConfUtils.java:logGet(43)) - raft.server.snapshot.retention.file.num = 5 (custom)
2019-10-15 03:21:52,289 [pool-392-thread-1] INFO  server.RaftServerConfigKeys (ConfUtils.java:logGet(43)) - raft.server.retrycache.expirytime = 600000ms (custom)
2019-10-15 03:21:52,292 [pool-392-thread-1] INFO  impl.RaftServerImpl (RaftServerImpl.java:start(195)) - 17d4a3a3-e05f-449b-a5b3-f00266930d75@group-2DEEC86E385C: start as a follower, conf=-1: [17d4a3a3-e05f-449b-a5b3-f00266930d75:192.168.5.131:44833], old=null
2019-10-15 03:21:52,292 [pool-392-thread-1] INFO  impl.RaftServerImpl (RaftServerImpl.java:setRole(184)) - 17d4a3a3-e05f-449b-a5b3-f00266930d75@group-2DEEC86E385C: changes role from      null to FOLLOWER at term 0 for startAsFollower
2019-10-15 03:21:52,292 [pool-392-thread-1] INFO  impl.RoleInfo (RoleInfo.java:updateAndGet(143)) - 17d4a3a3-e05f-449b-a5b3-f00266930d75: start FollowerState
2019-10-15 03:21:52,293 [pool-392-thread-1] INFO  util.JmxRegister (JmxRegister.java:tryRegister(44)) - Successfully registered JMX Bean with object name Ratis:service=RaftServer,group=group-2DEEC86E385C,id=17d4a3a3-e05f-449b-a5b3-f00266930d75
2019-10-15 03:21:52,296 [RatisPipelineUtilsThread] INFO  pipeline.PipelineStateManager (PipelineStateManager.java:addPipeline(56)) - Created pipeline Pipeline[ Id: a970e57b-0958-4ed4-8c06-2deec86e385c, Nodes: 17d4a3a3-e05f-449b-a5b3-f00266930d75{ip: 192.168.5.131, host: pr-hdds-2305-c92ks-1629580955, networkLocation: /default-rack, certSerialId: null}, Type:RATIS, Factor:ONE, State:OPEN]
2019-10-15 03:21:52,299 [4c6a16c4-95d2-4ef7-9fc0-4f57ccbd9967@group-5FF82F29B6C0-LeaderElection1239] INFO  impl.LeaderElection (LeaderElection.java:logAndReturn(56)) - 4c6a16c4-95d2-4ef7-9fc0-4f57ccbd9967@group-5FF82F29B6C0-LeaderElection1239: Election REJECTED; received 2 response(s) [4c6a16c4-95d2-4ef7-9fc0-4f57ccbd9967<-742c26a8-c271-430a-a05a-c8bba3fa6d96#0:FAIL-t1292, 4c6a16c4-95d2-4ef7-9fc0-4f57ccbd9967<-a910346c-1ee2-4cdc-a6d8-644a3a4f0b7f#0:FAIL-t1292] and 0 exception(s); 4c6a16c4-95d2-4ef7-9fc0-4f57ccbd9967@group-5FF82F29B6C0:t1292, leader=null, voted=4c6a16c4-95d2-4ef7-9fc0-4f57ccbd9967, raftlog=4c6a16c4-95d2-4ef7-9fc0-4f57ccbd9967@group-5FF82F29B6C0-SegmentedRaftLog:OPENED:c-1,f-1,i0, conf=-1: [4c6a16c4-95d2-4ef7-9fc0-4f57ccbd9967:192.168.5.131:39112, 742c26a8-c271-430a-a05a-c8bba3fa6d96:192.168.5.131:42235, a910346c-1ee2-4cdc-a6d8-644a3a4f0b7f:192.168.5.131:38193], old=null
2019-10-15 03:21:52,299 [4c6a16c4-95d2-4ef7-9fc0-4f57ccbd9967@group-5FF82F29B6C0-LeaderElection1239] INFO  impl.RaftServerImpl (RaftServerImpl.java:setRole(184)) - 4c6a16c4-95d2-4ef7-9fc0-4f57ccbd9967@group-5FF82F29B6C0: changes role from CANDIDATE to FOLLOWER at term 1292 for DISCOVERED_A_NEW_TERM
2019-10-15 03:21:52,299 [4c6a16c4-95d2-4ef7-9fc0-4f57ccbd9967@group-5FF82F29B6C0-LeaderElection1239] INFO  impl.RoleInfo (RoleInfo.java:shutdownLeaderElection(134)) - 4c6a16c4-95d2-4ef7-9fc0-4f57ccbd9967: shutdown LeaderElection
2019-10-15 03:21:52,299 [4c6a16c4-95d2-4ef7-9fc0-4f57ccbd9967@group-5FF82F29B6C0-LeaderElection1239] INFO  impl.RoleInfo (RoleInfo.java:updateAndGet(143)) - 4c6a16c4-95d2-4ef7-9fc0-4f57ccbd9967: start FollowerState
2019-10-15 03:21:52,370 [IPC Server handler 5 on 45412] INFO  net.NetworkTopology (NetworkTopologyImpl.java:add(111)) - Added a new node: /default-rack/17dd8d53-48b4-4b62-8793-7cfa92585664
2019-10-15 03:21:52,370 [IPC Server handler 5 on 45412] INFO  node.SCMNodeManager (SCMNodeManager.java:register(268)) - Registered Data node : 17dd8d53-48b4-4b62-8793-7cfa92585664{ip: 192.168.5.131, host: pr-hdds-2305-c92ks-1629580955, networkLocation: /default-rack, certSerialId: null}
2019-10-15 03:21:52,380 [grpc-default-executor-8] INFO  impl.RaftServerProxy (RaftServerProxy.java:addNew(89)) - 17dd8d53-48b4-4b62-8793-7cfa92585664: addNew group-5BC57254C37E:[17dd8d53-48b4-4b62-8793-7cfa92585664:192.168.5.131:33641] returns group-5BC57254C37E:java.util.concurrent.CompletableFuture@36622150[Not completed]
2019-10-15 03:21:52,381 [Thread-10253] INFO  impl.FollowerState (FollowerState.java:run(108)) - 4c6a16c4-95d2-4ef7-9fc0-4f57ccbd9967@group-5FF82F29B6C0-FollowerState: change to CANDIDATE, lastRpcTime:81ms, electionTimeout:81ms
2019-10-15 03:21:52,381 [Thread-10253] INFO  impl.RoleInfo (RoleInfo.java:shutdownFollowerState(121)) - 4c6a16c4-95d2-4ef7-9fc0-4f57ccbd9967: shutdown FollowerState
2019-10-15 03:21:52,381 [Thread-10253] INFO  impl.RaftServerImpl (RaftServerImpl.java:setRole(184)) - 4c6a16c4-95d2-4ef7-9fc0-4f57ccbd9967@group-5FF82F29B6C0: changes role from  FOLLOWER to CANDIDATE at term 1292 for changeToCandidate
2019-10-15 03:21:52,381 [Thread-10253] ERROR ratis.XceiverServerRatis (XceiverServerRatis.java:triggerPipelineClose(582)) - pipeline Action CLOSE  on pipeline PipelineID=e4bf9835-e697-42f6-b211-5ff82f29b6c0.Reason : 4c6a16c4-95d2-4ef7-9fc0-4f57ccbd9967 is in candidate state for 167280ms
2019-10-15 03:21:52,381 [Thread-10253] INFO  impl.RoleInfo (RoleInfo.java:updateAndGet(143)) - 4c6a16c4-95d2-4ef7-9fc0-4f57ccbd9967: start LeaderElection
2019-10-15 03:21:52,381 [pool-402-thread-1] INFO  impl.RaftServerImpl (RaftServerImpl.java:<init>(104)) - 17dd8d53-48b4-4b62-8793-7cfa92585664: new RaftServerImpl for group-5BC57254C37E:[17dd8d53-48b4-4b62-8793-7cfa92585664:192.168.5.131:33641] with ContainerStateMachine:uninitialized
2019-10-15 03:21:52,382 [pool-402-thread-1] INFO  server.RaftServerConfigKeys (ConfUtils.java:logGet(43)) - raft.server.rpc.timeout.min = 5s (custom)
2019-10-15 03:21:52,382 [pool-402-thread-1] INFO  server.RaftServerConfigKeys (ConfUtils.java:logGet(43)) - raft.server.rpc.timeout.max = 5200ms (custom)
2019-10-15 03:21:52,382 [pool-402-thread-1] INFO  server.RaftServerConfigKeys (ConfUtils.java:logGet(43)) - raft.server.rpcslowness.timeout = 120s (custom)
2019-10-15 03:21:52,382 [pool-402-thread-1] INFO  server.RaftServerConfigKeys (ConfUtils.java:logGet(43)) - raft.server.sleep.deviation.threshold = 300 (default)
2019-10-15 03:21:52,382 [pool-402-thread-1] INFO  server.RaftServerConfigKeys (ConfUtils.java:logGet(43)) - raft.server.log.appender.install.snapshot.enabled = false (custom)
2019-10-15 03:21:52,382 [pool-402-thread-1] INFO  impl.RaftServerImpl (ServerState.java:<init>(103)) - 17dd8d53-48b4-4b62-8793-7cfa92585664@group-5BC57254C37E: ConfigurationManager, init=-1: [17dd8d53-48b4-4b62-8793-7cfa92585664:192.168.5.131:33641], old=null, confs=<EMPTY_MAP>
2019-10-15 03:21:52,383 [pool-402-thread-1] INFO  server.RaftServerConfigKeys (ConfUtils.java:logGet(43)) - raft.server.storage.dir = [/workdir/hadoop-ozone/integration-test/target/test-dir/MiniOzoneClusterImpl-0445134e-5ee1-47c2-9f3a-343f5ba53be4/datanode-2/data/ratis] (custom)
2019-10-15 03:21:52,383 [pool-402-thread-1] INFO  server.RaftServerConfigKeys (ConfUtils.java:logGet(43)) - raft.server.log.corruption.policy = EXCEPTION (default)
2019-10-15 03:21:52,383 [pool-402-thread-1] INFO  storage.RaftStorageDirectory (RaftStorageDirectory.java:analyzeStorage(246)) - The storage directory /workdir/hadoop-ozone/integration-test/target/test-dir/MiniOzoneClusterImpl-0445134e-5ee1-47c2-9f3a-343f5ba53be4/datanode-2/data/ratis/3d882db2-c64f-4ea1-b20f-5bc57254c37e does not exist. Creating ...
2019-10-15 03:21:52,403 [pool-402-thread-1] INFO  storage.RaftStorageDirectory (RaftStorageDirectory.java:tryLock(328)) - Lock on /workdir/hadoop-ozone/integration-test/target/test-dir/MiniOzoneClusterImpl-0445134e-5ee1-47c2-9f3a-343f5ba53be4/datanode-2/data/ratis/3d882db2-c64f-4ea1-b20f-5bc57254c37e/in_use.lock acquired by nodename 3330@pr-hdds-2305-c92ks-1629580955
2019-10-15 03:21:52,403 [4c6a16c4-95d2-4ef7-9fc0-4f57ccbd9967@group-5FF82F29B6C0-LeaderElection1240] INFO  impl.LeaderElection (LeaderElection.java:askForVotes(178)) - 4c6a16c4-95d2-4ef7-9fc0-4f57ccbd9967@group-5FF82F29B6C0-LeaderElection1240: begin an election at term 1293 for -1: [4c6a16c4-95d2-4ef7-9fc0-4f57ccbd9967:192.168.5.131:39112, 742c26a8-c271-430a-a05a-c8bba3fa6d96:192.168.5.131:42235, a910346c-1ee2-4cdc-a6d8-644a3a4f0b7f:192.168.5.131:38193], old=null
2019-10-15 03:21:52,404 [grpc-default-executor-8] INFO  impl.RaftServerImpl (RaftServerImpl.java:setRole(184)) - 742c26a8-c271-430a-a05a-c8bba3fa6d96@group-5FF82F29B6C0: changes role from  FOLLOWER to FOLLOWER at term 1293 for recognizeCandidate:4c6a16c4-95d2-4ef7-9fc0-4f57ccbd9967
2019-10-15 03:21:52,404 [grpc-default-executor-8] INFO  impl.RoleInfo (RoleInfo.java:shutdownFollowerState(121)) - 742c26a8-c271-430a-a05a-c8bba3fa6d96: shutdown FollowerState
2019-10-15 03:21:52,404 [grpc-default-executor-5] INFO  impl.RaftServerImpl (RaftServerImpl.java:setRole(184)) - a910346c-1ee2-4cdc-a6d8-644a3a4f0b7f@group-5FF82F29B6C0: changes role from  FOLLOWER to FOLLOWER at term 1293 for recognizeCandidate:4c6a16c4-95d2-4ef7-9fc0-4f57ccbd9967
2019-10-15 03:21:52,405 [Thread-10248] INFO  impl.FollowerState (FollowerState.java:run(117)) - 742c26a8-c271-430a-a05a-c8bba3fa6d96@group-5FF82F29B6C0-FollowerState was interrupted: java.lang.InterruptedException: sleep interrupted
2019-10-15 03:21:52,404 [grpc-default-executor-8] INFO  impl.RoleInfo (RoleInfo.java:updateAndGet(143)) - 742c26a8-c271-430a-a05a-c8bba3fa6d96: start FollowerState
2019-10-15 03:21:52,405 [grpc-default-executor-5] INFO  impl.RoleInfo (RoleInfo.java:shutdownFollowerState(121)) - a910346c-1ee2-4cdc-a6d8-644a3a4f0b7f: shutdown FollowerState
2019-10-15 03:21:52,405 [grpc-default-executor-5] INFO  impl.RoleInfo (RoleInfo.java:updateAndGet(143)) - a910346c-1ee2-4cdc-a6d8-644a3a4f0b7f: start FollowerState
2019-10-15 03:21:52,405 [Thread-10249] INFO  impl.FollowerState (FollowerState.java:run(117)) - a910346c-1ee2-4cdc-a6d8-644a3a4f0b7f@group-5FF82F29B6C0-FollowerState was interrupted: java.lang.InterruptedException: sleep interrupted
2019-10-15 03:21:52,416 [pool-402-thread-1] INFO  storage.RaftStorage (RaftStorage.java:format(84)) - Storage directory /workdir/hadoop-ozone/integration-test/target/test-dir/MiniOzoneClusterImpl-0445134e-5ee1-47c2-9f3a-343f5ba53be4/datanode-2/data/ratis/3d882db2-c64f-4ea1-b20f-5bc57254c37e has been successfully formatted.
2019-10-15 03:21:52,416 [pool-402-thread-1] INFO  ratis.ContainerStateMachine (ContainerStateMachine.java:loadSnapshot(231)) - group-5BC57254C37E: The snapshot info is null. Setting the last applied indexto:(t:0, i:~)
2019-10-15 03:21:52,416 [4c6a16c4-95d2-4ef7-9fc0-4f57ccbd9967@group-5FF82F29B6C0-LeaderElection1240] INFO  impl.LeaderElection (LeaderElection.java:logAndReturn(56)) - 4c6a16c4-95d2-4ef7-9fc0-4f57ccbd9967@group-5FF82F29B6C0-LeaderElection1240: Election REJECTED; received 2 response(s) [4c6a16c4-95d2-4ef7-9fc0-4f57ccbd9967<-742c26a8-c271-430a-a05a-c8bba3fa6d96#0:FAIL-t1293, 4c6a16c4-95d2-4ef7-9fc0-4f57ccbd9967<-a910346c-1ee2-4cdc-a6d8-644a3a4f0b7f#0:FAIL-t1293] and 0 exception(s); 4c6a16c4-95d2-4ef7-9fc0-4f57ccbd9967@group-5FF82F29B6C0:t1293, leader=null, voted=4c6a16c4-95d2-4ef7-9fc0-4f57ccbd9967, raftlog=4c6a16c4-95d2-4ef7-9fc0-4f57ccbd9967@group-5FF82F29B6C0-SegmentedRaftLog:OPENED:c-1,f-1,i0, conf=-1: [4c6a16c4-95d2-4ef7-9fc0-4f57ccbd9967:192.168.5.131:39112, 742c26a8-c271-430a-a05a-c8bba3fa6d96:192.168.5.131:42235, a910346c-1ee2-4cdc-a6d8-644a3a4f0b7f:192.168.5.131:38193], old=null
2019-10-15 03:21:52,417 [pool-402-thread-1] INFO  server.RaftServerConfigKeys (ConfUtils.java:logGet(43)) - raft.server.notification.no-leader.timeout = 120s (custom)
2019-10-15 03:21:52,417 [4c6a16c4-95d2-4ef7-9fc0-4f57ccbd9967@group-5FF82F29B6C0-LeaderElection1240] INFO  impl.RaftServerImpl (RaftServerImpl.java:setRole(184)) - 4c6a16c4-95d2-4ef7-9fc0-4f57ccbd9967@group-5FF82F29B6C0: changes role from CANDIDATE to FOLLOWER at term 1293 for DISCOVERED_A_NEW_TERM
2019-10-15 03:21:52,417 [pool-402-thread-1] INFO  server.RaftServerConfigKeys (ConfUtils.java:logGet(43)) - raft.server.log.use.memory = false (default)
2019-10-15 03:21:52,417 [4c6a16c4-95d2-4ef7-9fc0-4f57ccbd9967@group-5FF82F29B6C0-LeaderElection1240] INFO  impl.RoleInfo (RoleInfo.java:shutdownLeaderElection(134)) - 4c6a16c4-95d2-4ef7-9fc0-4f57ccbd9967: shutdown LeaderElection
2019-10-15 03:21:52,417 [pool-402-thread-1] INFO  server.RaftServerConfigKeys (ConfUtils.java:logGet(43)) - raft.server.log.purge.gap = 1000000 (custom)
2019-10-15 03:21:52,417 [4c6a16c4-95d2-4ef7-9fc0-4f57ccbd9967@group-5FF82F29B6C0-LeaderElection1240] INFO  impl.RoleInfo (RoleInfo.java:updateAndGet(143)) - 4c6a16c4-95d2-4ef7-9fc0-4f57ccbd9967: start FollowerState
2019-10-15 03:21:52,417 [pool-402-thread-1] INFO  server.RaftServerConfigKeys (ConfUtils.java:logGet(43)) - raft.server.log.appender.buffer.byte-limit = 33554432 (custom)
2019-10-15 03:21:52,417 [pool-402-thread-1] INFO  server.RaftServerConfigKeys (ConfUtils.java:logGet(43)) - raft.server.log.segment.size.max = 1048576 (custom)
2019-10-15 03:21:52,419 [pool-402-thread-1] INFO  server.RaftServerConfigKeys (ConfUtils.java:logGet(43)) - raft.server.log.segment.cache.num.max = 2 (custom)
2019-10-15 03:21:52,419 [pool-402-thread-1] INFO  segmented.SegmentedRaftLogWorker (SegmentedRaftLogWorker.java:<init>(173)) - new 17dd8d53-48b4-4b62-8793-7cfa92585664@group-5BC57254C37E-SegmentedRaftLogWorker for RaftStorage:Storage Directory /workdir/hadoop-ozone/integration-test/target/test-dir/MiniOzoneClusterImpl-0445134e-5ee1-47c2-9f3a-343f5ba53be4/datanode-2/data/ratis/3d882db2-c64f-4ea1-b20f-5bc57254c37e
2019-10-15 03:21:52,419 [pool-402-thread-1] INFO  server.RaftServerConfigKeys (ConfUtils.java:logGet(43)) - raft.server.log.queue.byte-limit = 2147483647 (custom)
2019-10-15 03:21:52,419 [pool-402-thread-1] INFO  server.RaftServerConfigKeys (ConfUtils.java:logGet(43)) - raft.server.log.queue.element-limit = 1024 (custom)
2019-10-15 03:21:52,420 [pool-402-thread-1] INFO  server.RaftServerConfigKeys (ConfUtils.java:logGet(43)) - raft.server.log.segment.size.max = 1048576 (custom)
2019-10-15 03:21:52,420 [pool-402-thread-1] INFO  server.RaftServerConfigKeys (ConfUtils.java:logGet(43)) - raft.server.log.preallocated.size = 16384 (custom)
2019-10-15 03:21:52,420 [pool-402-thread-1] INFO  server.RaftServerConfigKeys (ConfUtils.java:logGet(43)) - raft.server.log.write.buffer.size = 33554432 (custom)
2019-10-15 03:21:52,420 [pool-402-thread-1] INFO  server.RaftServerConfigKeys (ConfUtils.java:logGet(43)) - raft.server.log.force.sync.num = 128 (default)
2019-10-15 03:21:52,420 [pool-402-thread-1] INFO  server.RaftServerConfigKeys (ConfUtils.java:logGet(43)) - raft.server.log.statemachine.data.sync = true (default)
2019-10-15 03:21:52,420 [pool-402-thread-1] INFO  server.RaftServerConfigKeys (ConfUtils.java:logGet(43)) - raft.server.log.statemachine.data.sync.timeout = 10s (default)
2019-10-15 03:21:52,420 [pool-402-thread-1] INFO  server.RaftServerConfigKeys (ConfUtils.java:logGet(43)) - raft.server.log.statemachine.data.sync.timeout.retry = -1 (default)
2019-10-15 03:21:52,421 [pool-402-thread-1] INFO  server.RaftServerConfigKeys (ConfUtils.java:logGet(43)) - raft.server.log.statemachine.data.caching.enabled = true (custom)
2019-10-15 03:21:52,421 [pool-402-thread-1] INFO  segmented.SegmentedRaftLogWorker (SegmentedRaftLogWorker.java:lambda$new$0(128)) - 17dd8d53-48b4-4b62-8793-7cfa92585664@group-5BC57254C37E-SegmentedRaftLogWorker: flushIndex: setUnconditionally 0 -> -1
2019-10-15 03:21:52,421 [pool-402-thread-1] INFO  server.RaftServerConfigKeys (ConfUtils.java:logGet(43)) - raft.server.snapshot.auto.trigger.enabled = true (custom)
2019-10-15 03:21:52,421 [pool-402-thread-1] INFO  server.RaftServerConfigKeys (ConfUtils.java:logGet(43)) - raft.server.snapshot.auto.trigger.threshold = 10000 (custom)
2019-10-15 03:21:52,422 [pool-402-thread-1] INFO  server.RaftServerConfigKeys (ConfUtils.java:logGet(43)) - raft.server.snapshot.retention.file.num = 5 (custom)
2019-10-15 03:21:52,422 [pool-402-thread-1] INFO  server.RaftServerConfigKeys (ConfUtils.java:logGet(43)) - raft.server.retrycache.expirytime = 600000ms (custom)
2019-10-15 03:21:52,425 [pool-402-thread-1] INFO  impl.RaftServerImpl (RaftServerImpl.java:start(195)) - 17dd8d53-48b4-4b62-8793-7cfa92585664@group-5BC57254C37E: start as a follower, conf=-1: [17dd8d53-48b4-4b62-8793-7cfa92585664:192.168.5.131:33641], old=null
2019-10-15 03:21:52,425 [pool-402-thread-1] INFO  impl.RaftServerImpl (RaftServerImpl.java:setRole(184)) - 17dd8d53-48b4-4b62-8793-7cfa92585664@group-5BC57254C37E: changes role from      null to FOLLOWER at term 0 for startAsFollower
2019-10-15 03:21:52,425 [pool-402-thread-1] INFO  impl.RoleInfo (RoleInfo.java:updateAndGet(143)) - 17dd8d53-48b4-4b62-8793-7cfa92585664: start FollowerState
2019-10-15 03:21:52,425 [pool-402-thread-1] INFO  util.JmxRegister (JmxRegister.java:tryRegister(44)) - Successfully registered JMX Bean with object name Ratis:service=RaftServer,group=group-5BC57254C37E,id=17dd8d53-48b4-4b62-8793-7cfa92585664
2019-10-15 03:21:52,429 [RatisPipelineUtilsThread] INFO  pipeline.PipelineStateManager (PipelineStateManager.java:addPipeline(56)) - Created pipeline Pipeline[ Id: 3d882db2-c64f-4ea1-b20f-5bc57254c37e, Nodes: 17dd8d53-48b4-4b62-8793-7cfa92585664{ip: 192.168.5.131, host: pr-hdds-2305-c92ks-1629580955, networkLocation: /default-rack, certSerialId: null}, Type:RATIS, Factor:ONE, State:OPEN]
2019-10-15 03:21:52,455 [grpc-default-executor-8] INFO  impl.RaftServerProxy (RaftServerProxy.java:addNew(89)) - 17d4a3a3-e05f-449b-a5b3-f00266930d75: addNew group-430C8F2242CE:[17dd8d53-48b4-4b62-8793-7cfa92585664:192.168.5.131:33641, 17d4a3a3-e05f-449b-a5b3-f00266930d75:192.168.5.131:44833, 2e087e40-613e-4b42-9ae6-f6bb8282a9c9:192.168.5.131:40304] returns group-430C8F2242CE:java.util.concurrent.CompletableFuture@163a78e6[Not completed]
2019-10-15 03:21:52,456 [grpc-default-executor-5] INFO  impl.RaftServerProxy (RaftServerProxy.java:addNew(89)) - 2e087e40-613e-4b42-9ae6-f6bb8282a9c9: addNew group-430C8F2242CE:[17dd8d53-48b4-4b62-8793-7cfa92585664:192.168.5.131:33641, 17d4a3a3-e05f-449b-a5b3-f00266930d75:192.168.5.131:44833, 2e087e40-613e-4b42-9ae6-f6bb8282a9c9:192.168.5.131:40304] returns group-430C8F2242CE:java.util.concurrent.CompletableFuture@6fab09b5[Not completed]
2019-10-15 03:21:52,456 [grpc-default-executor-5] INFO  impl.RaftServerProxy (RaftServerProxy.java:addNew(89)) - 17dd8d53-48b4-4b62-8793-7cfa92585664: addNew group-430C8F2242CE:[17dd8d53-48b4-4b62-8793-7cfa92585664:192.168.5.131:33641, 17d4a3a3-e05f-449b-a5b3-f00266930d75:192.168.5.131:44833, 2e087e40-613e-4b42-9ae6-f6bb8282a9c9:192.168.5.131:40304] returns group-430C8F2242CE:java.util.concurrent.CompletableFuture@1aac968b[Not completed]
2019-10-15 03:21:52,457 [pool-392-thread-1] INFO  impl.RaftServerImpl (RaftServerImpl.java:<init>(104)) - 17d4a3a3-e05f-449b-a5b3-f00266930d75: new RaftServerImpl for group-430C8F2242CE:[17dd8d53-48b4-4b62-8793-7cfa92585664:192.168.5.131:33641, 17d4a3a3-e05f-449b-a5b3-f00266930d75:192.168.5.131:44833, 2e087e40-613e-4b42-9ae6-f6bb8282a9c9:192.168.5.131:40304] with ContainerStateMachine:uninitialized
2019-10-15 03:21:52,457 [pool-392-thread-1] INFO  server.RaftServerConfigKeys (ConfUtils.java:logGet(43)) - raft.server.rpc.timeout.min = 5s (custom)
2019-10-15 03:21:52,457 [pool-392-thread-1] INFO  server.RaftServerConfigKeys (ConfUtils.java:logGet(43)) - raft.server.rpc.timeout.max = 5200ms (custom)
2019-10-15 03:21:52,457 [pool-392-thread-1] INFO  server.RaftServerConfigKeys (ConfUtils.java:logGet(43)) - raft.server.rpcslowness.timeout = 120s (custom)
2019-10-15 03:21:52,457 [pool-392-thread-1] INFO  server.RaftServerConfigKeys (ConfUtils.java:logGet(43)) - raft.server.sleep.deviation.threshold = 300 (default)
2019-10-15 03:21:52,458 [pool-402-thread-1] INFO  impl.RaftServerImpl (RaftServerImpl.java:<init>(104)) - 17dd8d53-48b4-4b62-8793-7cfa92585664: new RaftServerImpl for group-430C8F2242CE:[17dd8d53-48b4-4b62-8793-7cfa92585664:192.168.5.131:33641, 17d4a3a3-e05f-449b-a5b3-f00266930d75:192.168.5.131:44833, 2e087e40-613e-4b42-9ae6-f6bb8282a9c9:192.168.5.131:40304] with ContainerStateMachine:uninitialized
2019-10-15 03:21:52,458 [pool-392-thread-1] INFO  server.RaftServerConfigKeys (ConfUtils.java:logGet(43)) - raft.server.log.appender.install.snapshot.enabled = false (custom)
2019-10-15 03:21:52,458 [pool-402-thread-1] INFO  server.RaftServerConfigKeys (ConfUtils.java:logGet(43)) - raft.server.rpc.timeout.min = 5s (custom)
2019-10-15 03:21:52,458 [pool-392-thread-1] INFO  impl.RaftServerImpl (ServerState.java:<init>(103)) - 17d4a3a3-e05f-449b-a5b3-f00266930d75@group-430C8F2242CE: ConfigurationManager, init=-1: [17dd8d53-48b4-4b62-8793-7cfa92585664:192.168.5.131:33641, 17d4a3a3-e05f-449b-a5b3-f00266930d75:192.168.5.131:44833, 2e087e40-613e-4b42-9ae6-f6bb8282a9c9:192.168.5.131:40304], old=null, confs=<EMPTY_MAP>
2019-10-15 03:21:52,458 [pool-382-thread-1] INFO  impl.RaftServerImpl (RaftServerImpl.java:<init>(104)) - 2e087e40-613e-4b42-9ae6-f6bb8282a9c9: new RaftServerImpl for group-430C8F2242CE:[17dd8d53-48b4-4b62-8793-7cfa92585664:192.168.5.131:33641, 17d4a3a3-e05f-449b-a5b3-f00266930d75:192.168.5.131:44833, 2e087e40-613e-4b42-9ae6-f6bb8282a9c9:192.168.5.131:40304] with ContainerStateMachine:uninitialized
2019-10-15 03:21:52,458 [pool-392-thread-1] INFO  server.RaftServerConfigKeys (ConfUtils.java:logGet(43)) - raft.server.storage.dir = [/workdir/hadoop-ozone/integration-test/target/test-dir/MiniOzoneClusterImpl-0445134e-5ee1-47c2-9f3a-343f5ba53be4/datanode-1/data/ratis] (custom)
2019-10-15 03:21:52,458 [pool-402-thread-1] INFO  server.RaftServerConfigKeys (ConfUtils.java:logGet(43)) - raft.server.rpc.timeout.max = 5200ms (custom)
2019-10-15 03:21:52,458 [pool-382-thread-1] INFO  server.RaftServerConfigKeys (ConfUtils.java:logGet(43)) - raft.server.rpc.timeout.min = 5s (custom)
2019-10-15 03:21:52,458 [pool-402-thread-1] INFO  server.RaftServerConfigKeys (ConfUtils.java:logGet(43)) - raft.server.rpcslowness.timeout = 120s (custom)
2019-10-15 03:21:52,459 [pool-392-thread-1] INFO  server.RaftServerConfigKeys (ConfUtils.java:logGet(43)) - raft.server.log.corruption.policy = EXCEPTION (default)
2019-10-15 03:21:52,459 [pool-382-thread-1] INFO  server.RaftServerConfigKeys (ConfUtils.java:logGet(43)) - raft.server.rpc.timeout.max = 5200ms (custom)
2019-10-15 03:21:52,459 [pool-402-thread-1] INFO  server.RaftServerConfigKeys (ConfUtils.java:logGet(43)) - raft.server.sleep.deviation.threshold = 300 (default)
2019-10-15 03:21:52,459 [pool-392-thread-1] INFO  storage.RaftStorageDirectory (RaftStorageDirectory.java:analyzeStorage(246)) - The storage directory /workdir/hadoop-ozone/integration-test/target/test-dir/MiniOzoneClusterImpl-0445134e-5ee1-47c2-9f3a-343f5ba53be4/datanode-1/data/ratis/6dd53132-05cf-4d09-96e4-430c8f2242ce does not exist. Creating ...
2019-10-15 03:21:52,459 [pool-382-thread-1] INFO  server.RaftServerConfigKeys (ConfUtils.java:logGet(43)) - raft.server.rpcslowness.timeout = 120s (custom)
2019-10-15 03:21:52,459 [pool-402-thread-1] INFO  server.RaftServerConfigKeys (ConfUtils.java:logGet(43)) - raft.server.log.appender.install.snapshot.enabled = false (custom)
2019-10-15 03:21:52,459 [pool-382-thread-1] INFO  server.RaftServerConfigKeys (ConfUtils.java:logGet(43)) - raft.server.sleep.deviation.threshold = 300 (default)
2019-10-15 03:21:52,459 [pool-402-thread-1] INFO  impl.RaftServerImpl (ServerState.java:<init>(103)) - 17dd8d53-48b4-4b62-8793-7cfa92585664@group-430C8F2242CE: ConfigurationManager, init=-1: [17dd8d53-48b4-4b62-8793-7cfa92585664:192.168.5.131:33641, 17d4a3a3-e05f-449b-a5b3-f00266930d75:192.168.5.131:44833, 2e087e40-613e-4b42-9ae6-f6bb8282a9c9:192.168.5.131:40304], old=null, confs=<EMPTY_MAP>
2019-10-15 03:21:52,460 [pool-382-thread-1] INFO  server.RaftServerConfigKeys (ConfUtils.java:logGet(43)) - raft.server.log.appender.install.snapshot.enabled = false (custom)
2019-10-15 03:21:52,460 [pool-402-thread-1] INFO  server.RaftServerConfigKeys (ConfUtils.java:logGet(43)) - raft.server.storage.dir = [/workdir/hadoop-ozone/integration-test/target/test-dir/MiniOzoneClusterImpl-0445134e-5ee1-47c2-9f3a-343f5ba53be4/datanode-2/data/ratis] (custom)
2019-10-15 03:21:52,460 [pool-382-thread-1] INFO  impl.RaftServerImpl (ServerState.java:<init>(103)) - 2e087e40-613e-4b42-9ae6-f6bb8282a9c9@group-430C8F2242CE: ConfigurationManager, init=-1: [17dd8d53-48b4-4b62-8793-7cfa92585664:192.168.5.131:33641, 17d4a3a3-e05f-449b-a5b3-f00266930d75:192.168.5.131:44833, 2e087e40-613e-4b42-9ae6-f6bb8282a9c9:192.168.5.131:40304], old=null, confs=<EMPTY_MAP>
2019-10-15 03:21:52,460 [pool-382-thread-1] INFO  server.RaftServerConfigKeys (ConfUtils.java:logGet(43)) - raft.server.storage.dir = [/workdir/hadoop-ozone/integration-test/target/test-dir/MiniOzoneClusterImpl-0445134e-5ee1-47c2-9f3a-343f5ba53be4/datanode-0/data/ratis] (custom)
2019-10-15 03:21:52,460 [pool-402-thread-1] INFO  server.RaftServerConfigKeys (ConfUtils.java:logGet(43)) - raft.server.log.corruption.policy = EXCEPTION (default)
2019-10-15 03:21:52,460 [pool-382-thread-1] INFO  server.RaftServerConfigKeys (ConfUtils.java:logGet(43)) - raft.server.log.corruption.policy = EXCEPTION (default)
2019-10-15 03:21:52,460 [pool-402-thread-1] INFO  storage.RaftStorageDirectory (RaftStorageDirectory.java:analyzeStorage(246)) - The storage directory /workdir/hadoop-ozone/integration-test/target/test-dir/MiniOzoneClusterImpl-0445134e-5ee1-47c2-9f3a-343f5ba53be4/datanode-2/data/ratis/6dd53132-05cf-4d09-96e4-430c8f2242ce does not exist. Creating ...
2019-10-15 03:21:52,460 [pool-382-thread-1] INFO  storage.RaftStorageDirectory (RaftStorageDirectory.java:analyzeStorage(246)) - The storage directory /workdir/hadoop-ozone/integration-test/target/test-dir/MiniOzoneClusterImpl-0445134e-5ee1-47c2-9f3a-343f5ba53be4/datanode-0/data/ratis/6dd53132-05cf-4d09-96e4-430c8f2242ce does not exist. Creating ...
2019-10-15 03:21:52,468 [Thread-10251] INFO  impl.FollowerState (FollowerState.java:run(108)) - 17d4a3a3-e05f-449b-a5b3-f00266930d75@group-2DEEC86E385C-FollowerState: change to CANDIDATE, lastRpcTime:175ms, electionTimeout:175ms
2019-10-15 03:21:52,468 [Thread-10251] INFO  impl.RoleInfo (RoleInfo.java:shutdownFollowerState(121)) - 17d4a3a3-e05f-449b-a5b3-f00266930d75: shutdown FollowerState
2019-10-15 03:21:52,468 [Thread-10251] INFO  impl.RaftServerImpl (RaftServerImpl.java:setRole(184)) - 17d4a3a3-e05f-449b-a5b3-f00266930d75@group-2DEEC86E385C: changes role from  FOLLOWER to CANDIDATE at term 0 for changeToCandidate
2019-10-15 03:21:52,468 [Thread-10251] INFO  impl.RoleInfo (RoleInfo.java:updateAndGet(143)) - 17d4a3a3-e05f-449b-a5b3-f00266930d75: start LeaderElection
2019-10-15 03:21:52,476 [pool-392-thread-1] INFO  storage.RaftStorageDirectory (RaftStorageDirectory.java:tryLock(328)) - Lock on /workdir/hadoop-ozone/integration-test/target/test-dir/MiniOzoneClusterImpl-0445134e-5ee1-47c2-9f3a-343f5ba53be4/datanode-1/data/ratis/6dd53132-05cf-4d09-96e4-430c8f2242ce/in_use.lock acquired by nodename 3330@pr-hdds-2305-c92ks-1629580955
2019-10-15 03:21:52,476 [pool-402-thread-1] INFO  storage.RaftStorageDirectory (RaftStorageDirectory.java:tryLock(328)) - Lock on /workdir/hadoop-ozone/integration-test/target/test-dir/MiniOzoneClusterImpl-0445134e-5ee1-47c2-9f3a-343f5ba53be4/datanode-2/data/ratis/6dd53132-05cf-4d09-96e4-430c8f2242ce/in_use.lock acquired by nodename 3330@pr-hdds-2305-c92ks-1629580955
2019-10-15 03:21:52,476 [pool-382-thread-1] INFO  storage.RaftStorageDirectory (RaftStorageDirectory.java:tryLock(328)) - Lock on /workdir/hadoop-ozone/integration-test/target/test-dir/MiniOzoneClusterImpl-0445134e-5ee1-47c2-9f3a-343f5ba53be4/datanode-0/data/ratis/6dd53132-05cf-4d09-96e4-430c8f2242ce/in_use.lock acquired by nodename 3330@pr-hdds-2305-c92ks-1629580955
2019-10-15 03:21:52,477 [IPC Server handler 1 on 45412] INFO  net.NetworkTopology (NetworkTopologyImpl.java:add(111)) - Added a new node: /default-rack/a3ea6d9b-aab9-4c0f-bb1a-cec21364bbc5
2019-10-15 03:21:52,478 [IPC Server handler 1 on 45412] INFO  node.SCMNodeManager (SCMNodeManager.java:register(268)) - Registered Data node : a3ea6d9b-aab9-4c0f-bb1a-cec21364bbc5{ip: 192.168.5.131, host: pr-hdds-2305-c92ks-1629580955, networkLocation: /default-rack, certSerialId: null}
2019-10-15 03:21:52,489 [pool-392-thread-1] INFO  storage.RaftStorage (RaftStorage.java:format(84)) - Storage directory /workdir/hadoop-ozone/integration-test/target/test-dir/MiniOzoneClusterImpl-0445134e-5ee1-47c2-9f3a-343f5ba53be4/datanode-1/data/ratis/6dd53132-05cf-4d09-96e4-430c8f2242ce has been successfully formatted.
2019-10-15 03:21:52,489 [pool-382-thread-1] INFO  storage.RaftStorage (RaftStorage.java:format(84)) - Storage directory /workdir/hadoop-ozone/integration-test/target/test-dir/MiniOzoneClusterImpl-0445134e-5ee1-47c2-9f3a-343f5ba53be4/datanode-0/data/ratis/6dd53132-05cf-4d09-96e4-430c8f2242ce has been successfully formatted.
2019-10-15 03:21:52,489 [pool-402-thread-1] INFO  storage.RaftStorage (RaftStorage.java:format(84)) - Storage directory /workdir/hadoop-ozone/integration-test/target/test-dir/MiniOzoneClusterImpl-0445134e-5ee1-47c2-9f3a-343f5ba53be4/datanode-2/data/ratis/6dd53132-05cf-4d09-96e4-430c8f2242ce has been successfully formatted.
2019-10-15 03:21:52,489 [17d4a3a3-e05f-449b-a5b3-f00266930d75@group-2DEEC86E385C-LeaderElection1241] INFO  impl.LeaderElection (LeaderElection.java:askForVotes(178)) - 17d4a3a3-e05f-449b-a5b3-f00266930d75@group-2DEEC86E385C-LeaderElection1241: begin an election at term 1 for -1: [17d4a3a3-e05f-449b-a5b3-f00266930d75:192.168.5.131:44833], old=null
2019-10-15 03:21:52,490 [pool-382-thread-1] INFO  ratis.ContainerStateMachine (ContainerStateMachine.java:loadSnapshot(231)) - group-430C8F2242CE: The snapshot info is null. Setting the last applied indexto:(t:0, i:~)
2019-10-15 03:21:52,489 [pool-392-thread-1] INFO  ratis.ContainerStateMachine (ContainerStateMachine.java:loadSnapshot(231)) - group-430C8F2242CE: The snapshot info is null. Setting the last applied indexto:(t:0, i:~)
2019-10-15 03:21:52,490 [pool-382-thread-1] INFO  server.RaftServerConfigKeys (ConfUtils.java:logGet(43)) - raft.server.notification.no-leader.timeout = 120s (custom)
2019-10-15 03:21:52,490 [17d4a3a3-e05f-449b-a5b3-f00266930d75@group-2DEEC86E385C-LeaderElection1241] INFO  impl.RoleInfo (RoleInfo.java:shutdownLeaderElection(134)) - 17d4a3a3-e05f-449b-a5b3-f00266930d75: shutdown LeaderElection
2019-10-15 03:21:52,490 [pool-402-thread-1] INFO  ratis.ContainerStateMachine (ContainerStateMachine.java:loadSnapshot(231)) - group-430C8F2242CE: The snapshot info is null. Setting the last applied indexto:(t:0, i:~)
2019-10-15 03:21:52,490 [17d4a3a3-e05f-449b-a5b3-f00266930d75@group-2DEEC86E385C-LeaderElection1241] INFO  impl.RaftServerImpl (RaftServerImpl.java:setRole(184)) - 17d4a3a3-e05f-449b-a5b3-f00266930d75@group-2DEEC86E385C: changes role from CANDIDATE to LEADER at term 1 for changeToLeader
2019-10-15 03:21:52,491 [17d4a3a3-e05f-449b-a5b3-f00266930d75@group-2DEEC86E385C-LeaderElection1241] INFO  impl.RaftServerImpl (ServerState.java:setLeader(256)) - 17d4a3a3-e05f-449b-a5b3-f00266930d75@group-2DEEC86E385C: change Leader from null to 17d4a3a3-e05f-449b-a5b3-f00266930d75 at term 1 for becomeLeader, leader elected after 207ms
2019-10-15 03:21:52,490 [pool-382-thread-1] INFO  server.RaftServerConfigKeys (ConfUtils.java:logGet(43)) - raft.server.log.use.memory = false (default)
2019-10-15 03:21:52,490 [pool-392-thread-1] INFO  server.RaftServerConfigKeys (ConfUtils.java:logGet(43)) - raft.server.notification.no-leader.timeout = 120s (custom)
2019-10-15 03:21:52,491 [pool-382-thread-1] INFO  server.RaftServerConfigKeys (ConfUtils.java:logGet(43)) - raft.server.log.purge.gap = 1000000 (custom)
2019-10-15 03:21:52,491 [17d4a3a3-e05f-449b-a5b3-f00266930d75@group-2DEEC86E385C-LeaderElection1241] INFO  server.RaftServerConfigKeys (ConfUtils.java:logGet(43)) - raft.server.staging.catchup.gap = 1000 (default)
2019-10-15 03:21:52,491 [17d4a3a3-e05f-449b-a5b3-f00266930d75@group-2DEEC86E385C-LeaderElection1241] INFO  server.RaftServerConfigKeys (ConfUtils.java:logGet(43)) - raft.server.rpc.sleep.time = 25ms (default)
2019-10-15 03:21:52,490 [pool-402-thread-1] INFO  server.RaftServerConfigKeys (ConfUtils.java:logGet(43)) - raft.server.notification.no-leader.timeout = 120s (custom)
2019-10-15 03:21:52,491 [17d4a3a3-e05f-449b-a5b3-f00266930d75@group-2DEEC86E385C-LeaderElection1241] INFO  server.RaftServerConfigKeys (ConfUtils.java:logGet(43)) - raft.server.write.element-limit = 4096 (default)
2019-10-15 03:21:52,491 [pool-382-thread-1] INFO  server.RaftServerConfigKeys (ConfUtils.java:logGet(43)) - raft.server.log.appender.buffer.byte-limit = 33554432 (custom)
2019-10-15 03:21:52,492 [pool-382-thread-1] INFO  server.RaftServerConfigKeys (ConfUtils.java:logGet(43)) - raft.server.log.segment.size.max = 1048576 (custom)
2019-10-15 03:21:52,491 [pool-392-thread-1] INFO  server.RaftServerConfigKeys (ConfUtils.java:logGet(43)) - raft.server.log.use.memory = false (default)
2019-10-15 03:21:52,492 [pool-382-thread-1] INFO  server.RaftServerConfigKeys (ConfUtils.java:logGet(43)) - raft.server.log.segment.cache.num.max = 2 (custom)
2019-10-15 03:21:52,492 [17d4a3a3-e05f-449b-a5b3-f00266930d75@group-2DEEC86E385C-LeaderElection1241] INFO  server.RaftServerConfigKeys (ConfUtils.java:logGet(43)) - raft.server.watch.timeout = 10s (default)
2019-10-15 03:21:52,492 [17d4a3a3-e05f-449b-a5b3-f00266930d75@group-2DEEC86E385C-LeaderElection1241] INFO  server.RaftServerConfigKeys (ConfUtils.java:logGet(43)) - raft.server.watch.timeout.denomination = 1s (default)
2019-10-15 03:21:52,491 [pool-402-thread-1] INFO  server.RaftServerConfigKeys (ConfUtils.java:logGet(43)) - raft.server.log.use.memory = false (default)
2019-10-15 03:21:52,492 [17d4a3a3-e05f-449b-a5b3-f00266930d75@group-2DEEC86E385C-LeaderElection1241] INFO  server.RaftServerConfigKeys (ConfUtils.java:logGet(43)) - raft.server.watch.element-limit = 65536 (default)
2019-10-15 03:21:52,492 [pool-382-thread-1] INFO  segmented.SegmentedRaftLogWorker (SegmentedRaftLogWorker.java:<init>(173)) - new 2e087e40-613e-4b42-9ae6-f6bb8282a9c9@group-430C8F2242CE-SegmentedRaftLogWorker for RaftStorage:Storage Directory /workdir/hadoop-ozone/integration-test/target/test-dir/MiniOzoneClusterImpl-0445134e-5ee1-47c2-9f3a-343f5ba53be4/datanode-0/data/ratis/6dd53132-05cf-4d09-96e4-430c8f2242ce
2019-10-15 03:21:52,493 [pool-382-thread-1] INFO  server.RaftServerConfigKeys (ConfUtils.java:logGet(43)) - raft.server.log.queue.byte-limit = 2147483647 (custom)
2019-10-15 03:21:52,492 [pool-392-thread-1] INFO  server.RaftServerConfigKeys (ConfUtils.java:logGet(43)) - raft.server.log.purge.gap = 1000000 (custom)
2019-10-15 03:21:52,493 [pool-382-thread-1] INFO  server.RaftServerConfigKeys (ConfUtils.java:logGet(43)) - raft.server.log.queue.element-limit = 1024 (custom)
2019-10-15 03:21:52,492 [pool-402-thread-1] INFO  server.RaftServerConfigKeys (ConfUtils.java:logGet(43)) - raft.server.log.purge.gap = 1000000 (custom)
2019-10-15 03:21:52,493 [pool-382-thread-1] INFO  server.RaftServerConfigKeys (ConfUtils.java:logGet(43)) - raft.server.log.segment.size.max = 1048576 (custom)
2019-10-15 03:21:52,493 [pool-392-thread-1] INFO  server.RaftServerConfigKeys (ConfUtils.java:logGet(43)) - raft.server.log.appender.buffer.byte-limit = 33554432 (custom)
2019-10-15 03:21:52,493 [pool-382-thread-1] INFO  server.RaftServerConfigKeys (ConfUtils.java:logGet(43)) - raft.server.log.preallocated.size = 16384 (custom)
2019-10-15 03:21:52,494 [pool-382-thread-1] INFO  server.RaftServerConfigKeys (ConfUtils.java:logGet(43)) - raft.server.log.write.buffer.size = 33554432 (custom)
2019-10-15 03:21:52,493 [pool-402-thread-1] INFO  server.RaftServerConfigKeys (ConfUtils.java:logGet(43)) - raft.server.log.appender.buffer.byte-limit = 33554432 (custom)
2019-10-15 03:21:52,494 [pool-382-thread-1] INFO  server.RaftServerConfigKeys (ConfUtils.java:logGet(43)) - raft.server.log.force.sync.num = 128 (default)
2019-10-15 03:21:52,494 [pool-382-thread-1] INFO  server.RaftServerConfigKeys (ConfUtils.java:logGet(43)) - raft.server.log.statemachine.data.sync = true (default)
2019-10-15 03:21:52,494 [pool-392-thread-1] INFO  server.RaftServerConfigKeys (ConfUtils.java:logGet(43)) - raft.server.log.segment.size.max = 1048576 (custom)
2019-10-15 03:21:52,494 [pool-382-thread-1] INFO  server.RaftServerConfigKeys (ConfUtils.java:logGet(43)) - raft.server.log.statemachine.data.sync.timeout = 10s (default)
2019-10-15 03:21:52,494 [pool-402-thread-1] INFO  server.RaftServerConfigKeys (ConfUtils.java:logGet(43)) - raft.server.log.segment.size.max = 1048576 (custom)
2019-10-15 03:21:52,494 [17d4a3a3-e05f-449b-a5b3-f00266930d75@group-2DEEC86E385C-LeaderElection1241] INFO  impl.RoleInfo (RoleInfo.java:updateAndGet(143)) - 17d4a3a3-e05f-449b-a5b3-f00266930d75: start LeaderState
2019-10-15 03:21:52,495 [pool-402-thread-1] INFO  server.RaftServerConfigKeys (ConfUtils.java:logGet(43)) - raft.server.log.segment.cache.num.max = 2 (custom)
2019-10-15 03:21:52,494 [pool-382-thread-1] INFO  server.RaftServerConfigKeys (ConfUtils.java:logGet(43)) - raft.server.log.statemachine.data.sync.timeout.retry = -1 (default)
2019-10-15 03:21:52,494 [pool-392-thread-1] INFO  server.RaftServerConfigKeys (ConfUtils.java:logGet(43)) - raft.server.log.segment.cache.num.max = 2 (custom)
2019-10-15 03:21:52,495 [pool-382-thread-1] INFO  server.RaftServerConfigKeys (ConfUtils.java:logGet(43)) - raft.server.log.statemachine.data.caching.enabled = true (custom)
2019-10-15 03:21:52,495 [pool-402-thread-1] INFO  segmented.SegmentedRaftLogWorker (SegmentedRaftLogWorker.java:<init>(173)) - new 17dd8d53-48b4-4b62-8793-7cfa92585664@group-430C8F2242CE-SegmentedRaftLogWorker for RaftStorage:Storage Directory /workdir/hadoop-ozone/integration-test/target/test-dir/MiniOzoneClusterImpl-0445134e-5ee1-47c2-9f3a-343f5ba53be4/datanode-2/data/ratis/6dd53132-05cf-4d09-96e4-430c8f2242ce
2019-10-15 03:21:52,495 [pool-382-thread-1] INFO  segmented.SegmentedRaftLogWorker (SegmentedRaftLogWorker.java:lambda$new$0(128)) - 2e087e40-613e-4b42-9ae6-f6bb8282a9c9@group-430C8F2242CE-SegmentedRaftLogWorker: flushIndex: setUnconditionally 0 -> -1
2019-10-15 03:21:52,495 [17d4a3a3-e05f-449b-a5b3-f00266930d75@group-2DEEC86E385C-LeaderElection1241] INFO  segmented.SegmentedRaftLogWorker (SegmentedRaftLogWorker.java:startLogSegment(385)) - 17d4a3a3-e05f-449b-a5b3-f00266930d75@group-2DEEC86E385C-SegmentedRaftLogWorker: Starting segment from index:0
2019-10-15 03:21:52,496 [pool-402-thread-1] INFO  server.RaftServerConfigKeys (ConfUtils.java:logGet(43)) - raft.server.log.queue.byte-limit = 2147483647 (custom)
2019-10-15 03:21:52,495 [pool-392-thread-1] INFO  segmented.SegmentedRaftLogWorker (SegmentedRaftLogWorker.java:<init>(173)) - new 17d4a3a3-e05f-449b-a5b3-f00266930d75@group-430C8F2242CE-SegmentedRaftLogWorker for RaftStorage:Storage Directory /workdir/hadoop-ozone/integration-test/target/test-dir/MiniOzoneClusterImpl-0445134e-5ee1-47c2-9f3a-343f5ba53be4/datanode-1/data/ratis/6dd53132-05cf-4d09-96e4-430c8f2242ce
2019-10-15 03:21:52,496 [17d4a3a3-e05f-449b-a5b3-f00266930d75@group-2DEEC86E385C-LeaderElection1241] INFO  impl.RaftServerImpl (ServerState.java:setRaftConf(357)) - 17d4a3a3-e05f-449b-a5b3-f00266930d75@group-2DEEC86E385C: set configuration 0: [17d4a3a3-e05f-449b-a5b3-f00266930d75:192.168.5.131:44833], old=null at 0
2019-10-15 03:21:52,496 [pool-402-thread-1] INFO  server.RaftServerConfigKeys (ConfUtils.java:logGet(43)) - raft.server.log.queue.element-limit = 1024 (custom)
2019-10-15 03:21:52,496 [pool-382-thread-1] INFO  server.RaftServerConfigKeys (ConfUtils.java:logGet(43)) - raft.server.snapshot.auto.trigger.enabled = true (custom)
2019-10-15 03:21:52,496 [pool-402-thread-1] INFO  server.RaftServerConfigKeys (ConfUtils.java:logGet(43)) - raft.server.log.segment.size.max = 1048576 (custom)
2019-10-15 03:21:52,497 [pool-402-thread-1] INFO  server.RaftServerConfigKeys (ConfUtils.java:logGet(43)) - raft.server.log.preallocated.size = 16384 (custom)
2019-10-15 03:21:52,496 [pool-392-thread-1] INFO  server.RaftServerConfigKeys (ConfUtils.java:logGet(43)) - raft.server.log.queue.byte-limit = 2147483647 (custom)
2019-10-15 03:21:52,497 [pool-402-thread-1] INFO  server.RaftServerConfigKeys (ConfUtils.java:logGet(43)) - raft.server.log.write.buffer.size = 33554432 (custom)
2019-10-15 03:21:52,497 [pool-382-thread-1] INFO  server.RaftServerConfigKeys (ConfUtils.java:logGet(43)) - raft.server.snapshot.auto.trigger.threshold = 10000 (custom)
2019-10-15 03:21:52,497 [pool-402-thread-1] INFO  server.RaftServerConfigKeys (ConfUtils.java:logGet(43)) - raft.server.log.force.sync.num = 128 (default)
2019-10-15 03:21:52,497 [pool-402-thread-1] INFO  server.RaftServerConfigKeys (ConfUtils.java:logGet(43)) - raft.server.log.statemachine.data.sync = true (default)
2019-10-15 03:21:52,497 [pool-392-thread-1] INFO  server.RaftServerConfigKeys (ConfUtils.java:logGet(43)) - raft.server.log.queue.element-limit = 1024 (custom)
2019-10-15 03:21:52,497 [pool-402-thread-1] INFO  server.RaftServerConfigKeys (ConfUtils.java:logGet(43)) - raft.server.log.statemachine.data.sync.timeout = 10s (default)
2019-10-15 03:21:52,497 [pool-382-thread-1] INFO  server.RaftServerConfigKeys (ConfUtils.java:logGet(43)) - raft.server.snapshot.retention.file.num = 5 (custom)
2019-10-15 03:21:52,498 [pool-402-thread-1] INFO  server.RaftServerConfigKeys (ConfUtils.java:logGet(43)) - raft.server.log.statemachine.data.sync.timeout.retry = -1 (default)
2019-10-15 03:21:52,498 [pool-392-thread-1] INFO  server.RaftServerConfigKeys (ConfUtils.java:logGet(43)) - raft.server.log.segment.size.max = 1048576 (custom)
2019-10-15 03:21:52,498 [pool-402-thread-1] INFO  server.RaftServerConfigKeys (ConfUtils.java:logGet(43)) - raft.server.log.statemachine.data.caching.enabled = true (custom)
2019-10-15 03:21:52,498 [pool-382-thread-1] INFO  server.RaftServerConfigKeys (ConfUtils.java:logGet(43)) - raft.server.retrycache.expirytime = 600000ms (custom)
2019-10-15 03:21:52,498 [pool-392-thread-1] INFO  server.RaftServerConfigKeys (ConfUtils.java:logGet(43)) - raft.server.log.preallocated.size = 16384 (custom)
2019-10-15 03:21:52,499 [pool-402-thread-1] INFO  segmented.SegmentedRaftLogWorker (SegmentedRaftLogWorker.java:lambda$new$0(128)) - 17dd8d53-48b4-4b62-8793-7cfa92585664@group-430C8F2242CE-SegmentedRaftLogWorker: flushIndex: setUnconditionally 0 -> -1
2019-10-15 03:21:52,499 [pool-392-thread-1] INFO  server.RaftServerConfigKeys (ConfUtils.java:logGet(43)) - raft.server.log.write.buffer.size = 33554432 (custom)
2019-10-15 03:21:52,499 [pool-392-thread-1] INFO  server.RaftServerConfigKeys (ConfUtils.java:logGet(43)) - raft.server.log.force.sync.num = 128 (default)
2019-10-15 03:21:52,499 [pool-402-thread-1] INFO  server.RaftServerConfigKeys (ConfUtils.java:logGet(43)) - raft.server.snapshot.auto.trigger.enabled = true (custom)
2019-10-15 03:21:52,499 [pool-392-thread-1] INFO  server.RaftServerConfigKeys (ConfUtils.java:logGet(43)) - raft.server.log.statemachine.data.sync = true (default)
2019-10-15 03:21:52,499 [pool-402-thread-1] INFO  server.RaftServerConfigKeys (ConfUtils.java:logGet(43)) - raft.server.snapshot.auto.trigger.threshold = 10000 (custom)
2019-10-15 03:21:52,499 [pool-392-thread-1] INFO  server.RaftServerConfigKeys (ConfUtils.java:logGet(43)) - raft.server.log.statemachine.data.sync.timeout = 10s (default)
2019-10-15 03:21:52,500 [pool-402-thread-1] INFO  server.RaftServerConfigKeys (ConfUtils.java:logGet(43)) - raft.server.snapshot.retention.file.num = 5 (custom)
2019-10-15 03:21:52,500 [pool-392-thread-1] INFO  server.RaftServerConfigKeys (ConfUtils.java:logGet(43)) - raft.server.log.statemachine.data.sync.timeout.retry = -1 (default)
2019-10-15 03:21:52,500 [pool-402-thread-1] INFO  server.RaftServerConfigKeys (ConfUtils.java:logGet(43)) - raft.server.retrycache.expirytime = 600000ms (custom)
2019-10-15 03:21:52,500 [pool-392-thread-1] INFO  server.RaftServerConfigKeys (ConfUtils.java:logGet(43)) - raft.server.log.statemachine.data.caching.enabled = true (custom)
2019-10-15 03:21:52,500 [pool-382-thread-1] INFO  impl.RaftServerImpl (RaftServerImpl.java:start(195)) - 2e087e40-613e-4b42-9ae6-f6bb8282a9c9@group-430C8F2242CE: start as a follower, conf=-1: [17dd8d53-48b4-4b62-8793-7cfa92585664:192.168.5.131:33641, 17d4a3a3-e05f-449b-a5b3-f00266930d75:192.168.5.131:44833, 2e087e40-613e-4b42-9ae6-f6bb8282a9c9:192.168.5.131:40304], old=null
2019-10-15 03:21:52,500 [pool-382-thread-1] INFO  impl.RaftServerImpl (RaftServerImpl.java:setRole(184)) - 2e087e40-613e-4b42-9ae6-f6bb8282a9c9@group-430C8F2242CE: changes role from      null to FOLLOWER at term 0 for startAsFollower
2019-10-15 03:21:52,500 [pool-392-thread-1] INFO  segmented.SegmentedRaftLogWorker (SegmentedRaftLogWorker.java:lambda$new$0(128)) - 17d4a3a3-e05f-449b-a5b3-f00266930d75@group-430C8F2242CE-SegmentedRaftLogWorker: flushIndex: setUnconditionally 0 -> -1
2019-10-15 03:21:52,500 [pool-382-thread-1] INFO  impl.RoleInfo (RoleInfo.java:updateAndGet(143)) - 2e087e40-613e-4b42-9ae6-f6bb8282a9c9: start FollowerState
2019-10-15 03:21:52,501 [pool-392-thread-1] INFO  server.RaftServerConfigKeys (ConfUtils.java:logGet(43)) - raft.server.snapshot.auto.trigger.enabled = true (custom)
2019-10-15 03:21:52,501 [pool-392-thread-1] INFO  server.RaftServerConfigKeys (ConfUtils.java:logGet(43)) - raft.server.snapshot.auto.trigger.threshold = 10000 (custom)
2019-10-15 03:21:52,501 [pool-382-thread-1] INFO  util.JmxRegister (JmxRegister.java:tryRegister(44)) - Successfully registered JMX Bean with object name Ratis:service=RaftServer,group=group-430C8F2242CE,id=2e087e40-613e-4b42-9ae6-f6bb8282a9c9
2019-10-15 03:21:52,501 [pool-392-thread-1] INFO  server.RaftServerConfigKeys (ConfUtils.java:logGet(43)) - raft.server.snapshot.retention.file.num = 5 (custom)
2019-10-15 03:21:52,501 [pool-392-thread-1] INFO  server.RaftServerConfigKeys (ConfUtils.java:logGet(43)) - raft.server.retrycache.expirytime = 600000ms (custom)
2019-10-15 03:21:52,502 [pool-402-thread-1] INFO  impl.RaftServerImpl (RaftServerImpl.java:start(195)) - 17dd8d53-48b4-4b62-8793-7cfa92585664@group-430C8F2242CE: start as a follower, conf=-1: [17dd8d53-48b4-4b62-8793-7cfa92585664:192.168.5.131:33641, 17d4a3a3-e05f-449b-a5b3-f00266930d75:192.168.5.131:44833, 2e087e40-613e-4b42-9ae6-f6bb8282a9c9:192.168.5.131:40304], old=null
2019-10-15 03:21:52,502 [pool-402-thread-1] INFO  impl.RaftServerImpl (RaftServerImpl.java:setRole(184)) - 17dd8d53-48b4-4b62-8793-7cfa92585664@group-430C8F2242CE: changes role from      null to FOLLOWER at term 0 for startAsFollower
2019-10-15 03:21:52,503 [pool-402-thread-1] INFO  impl.RoleInfo (RoleInfo.java:updateAndGet(143)) - 17dd8d53-48b4-4b62-8793-7cfa92585664: start FollowerState
2019-10-15 03:21:52,503 [pool-402-thread-1] INFO  util.JmxRegister (JmxRegister.java:tryRegister(44)) - Successfully registered JMX Bean with object name Ratis:service=RaftServer,group=group-430C8F2242CE,id=17dd8d53-48b4-4b62-8793-7cfa92585664
2019-10-15 03:21:52,505 [pool-392-thread-1] INFO  impl.RaftServerImpl (RaftServerImpl.java:start(195)) - 17d4a3a3-e05f-449b-a5b3-f00266930d75@group-430C8F2242CE: start as a follower, conf=-1: [17dd8d53-48b4-4b62-8793-7cfa92585664:192.168.5.131:33641, 17d4a3a3-e05f-449b-a5b3-f00266930d75:192.168.5.131:44833, 2e087e40-613e-4b42-9ae6-f6bb8282a9c9:192.168.5.131:40304], old=null
2019-10-15 03:21:52,505 [pool-392-thread-1] INFO  impl.RaftServerImpl (RaftServerImpl.java:setRole(184)) - 17d4a3a3-e05f-449b-a5b3-f00266930d75@group-430C8F2242CE: changes role from      null to FOLLOWER at term 0 for startAsFollower
2019-10-15 03:21:52,505 [pool-392-thread-1] INFO  impl.RoleInfo (RoleInfo.java:updateAndGet(143)) - 17d4a3a3-e05f-449b-a5b3-f00266930d75: start FollowerState
2019-10-15 03:21:52,505 [pool-392-thread-1] INFO  util.JmxRegister (JmxRegister.java:tryRegister(44)) - Successfully registered JMX Bean with object name Ratis:service=RaftServer,group=group-430C8F2242CE,id=17d4a3a3-e05f-449b-a5b3-f00266930d75
2019-10-15 03:21:52,508 [Thread-10259] INFO  impl.FollowerState (FollowerState.java:run(108)) - 4c6a16c4-95d2-4ef7-9fc0-4f57ccbd9967@group-5FF82F29B6C0-FollowerState: change to CANDIDATE, lastRpcTime:90ms, electionTimeout:90ms
2019-10-15 03:21:52,508 [Thread-10259] INFO  impl.RoleInfo (RoleInfo.java:shutdownFollowerState(121)) - 4c6a16c4-95d2-4ef7-9fc0-4f57ccbd9967: shutdown FollowerState
2019-10-15 03:21:52,508 [Thread-10259] INFO  impl.RaftServerImpl (RaftServerImpl.java:setRole(184)) - 4c6a16c4-95d2-4ef7-9fc0-4f57ccbd9967@group-5FF82F29B6C0: changes role from  FOLLOWER to CANDIDATE at term 1293 for changeToCandidate
2019-10-15 03:21:52,508 [Thread-10269] INFO  impl.FollowerState (FollowerState.java:run(108)) - 17dd8d53-48b4-4b62-8793-7cfa92585664@group-430C8F2242CE-FollowerState: change to CANDIDATE, lastRpcTime:5ms, electionTimeout:5ms
2019-10-15 03:21:52,508 [Thread-10259] ERROR ratis.XceiverServerRatis (XceiverServerRatis.java:triggerPipelineClose(582)) - pipeline Action CLOSE  on pipeline PipelineID=e4bf9835-e697-42f6-b211-5ff82f29b6c0.Reason : 4c6a16c4-95d2-4ef7-9fc0-4f57ccbd9967 is in candidate state for 167407ms
2019-10-15 03:21:52,508 [Thread-10269] INFO  impl.RoleInfo (RoleInfo.java:shutdownFollowerState(121)) - 17dd8d53-48b4-4b62-8793-7cfa92585664: shutdown FollowerState
2019-10-15 03:21:52,508 [Thread-10259] INFO  impl.RoleInfo (RoleInfo.java:updateAndGet(143)) - 4c6a16c4-95d2-4ef7-9fc0-4f57ccbd9967: start LeaderElection
2019-10-15 03:21:52,508 [Thread-10269] INFO  impl.RaftServerImpl (RaftServerImpl.java:setRole(184)) - 17dd8d53-48b4-4b62-8793-7cfa92585664@group-430C8F2242CE: changes role from  FOLLOWER to CANDIDATE at term 0 for changeToCandidate
2019-10-15 03:21:52,509 [Thread-10269] INFO  impl.RoleInfo (RoleInfo.java:updateAndGet(143)) - 17dd8d53-48b4-4b62-8793-7cfa92585664: start LeaderElection
2019-10-15 03:21:52,533 [RatisPipelineUtilsThread] INFO  pipeline.PipelineStateManager (PipelineStateManager.java:addPipeline(56)) - Created pipeline Pipeline[ Id: 6dd53132-05cf-4d09-96e4-430c8f2242ce, Nodes: 2e087e40-613e-4b42-9ae6-f6bb8282a9c9{ip: 192.168.5.131, host: pr-hdds-2305-c92ks-1629580955, networkLocation: /default-rack, certSerialId: null}17d4a3a3-e05f-449b-a5b3-f00266930d75{ip: 192.168.5.131, host: pr-hdds-2305-c92ks-1629580955, networkLocation: /default-rack, certSerialId: null}17dd8d53-48b4-4b62-8793-7cfa92585664{ip: 192.168.5.131, host: pr-hdds-2305-c92ks-1629580955, networkLocation: /default-rack, certSerialId: null}, Type:RATIS, Factor:THREE, State:OPEN]
2019-10-15 03:21:52,545 [17d4a3a3-e05f-449b-a5b3-f00266930d75@group-2DEEC86E385C-SegmentedRaftLogWorker] INFO  segmented.SegmentedRaftLogWorker (SegmentedRaftLogWorker.java:execute(576)) - 17d4a3a3-e05f-449b-a5b3-f00266930d75@group-2DEEC86E385C-SegmentedRaftLogWorker: created new log segment /workdir/hadoop-ozone/integration-test/target/test-dir/MiniOzoneClusterImpl-0445134e-5ee1-47c2-9f3a-343f5ba53be4/datanode-1/data/ratis/a970e57b-0958-4ed4-8c06-2deec86e385c/current/log_inprogress_0
2019-10-15 03:21:52,545 [17dd8d53-48b4-4b62-8793-7cfa92585664@group-430C8F2242CE-LeaderElection1243] INFO  impl.LeaderElection (LeaderElection.java:askForVotes(178)) - 17dd8d53-48b4-4b62-8793-7cfa92585664@group-430C8F2242CE-LeaderElection1243: begin an election at term 1 for -1: [17dd8d53-48b4-4b62-8793-7cfa92585664:192.168.5.131:33641, 17d4a3a3-e05f-449b-a5b3-f00266930d75:192.168.5.131:44833, 2e087e40-613e-4b42-9ae6-f6bb8282a9c9:192.168.5.131:40304], old=null
2019-10-15 03:21:52,546 [4c6a16c4-95d2-4ef7-9fc0-4f57ccbd9967@group-5FF82F29B6C0-LeaderElection1242] INFO  impl.LeaderElection (LeaderElection.java:askForVotes(178)) - 4c6a16c4-95d2-4ef7-9fc0-4f57ccbd9967@group-5FF82F29B6C0-LeaderElection1242: begin an election at term 1294 for -1: [4c6a16c4-95d2-4ef7-9fc0-4f57ccbd9967:192.168.5.131:39112, 742c26a8-c271-430a-a05a-c8bba3fa6d96:192.168.5.131:42235, a910346c-1ee2-4cdc-a6d8-644a3a4f0b7f:192.168.5.131:38193], old=null
2019-10-15 03:21:52,547 [grpc-default-executor-4] INFO  impl.RaftServerImpl (RaftServerImpl.java:setRole(184)) - a910346c-1ee2-4cdc-a6d8-644a3a4f0b7f@group-5FF82F29B6C0: changes role from  FOLLOWER to FOLLOWER at term 1294 for recognizeCandidate:4c6a16c4-95d2-4ef7-9fc0-4f57ccbd9967
2019-10-15 03:21:52,548 [grpc-default-executor-8] INFO  impl.RaftServerImpl (RaftServerImpl.java:setRole(184)) - 742c26a8-c271-430a-a05a-c8bba3fa6d96@group-5FF82F29B6C0: changes role from  FOLLOWER to FOLLOWER at term 1294 for recognizeCandidate:4c6a16c4-95d2-4ef7-9fc0-4f57ccbd9967
2019-10-15 03:21:52,548 [grpc-default-executor-8] INFO  impl.RoleInfo (RoleInfo.java:shutdownFollowerState(121)) - 742c26a8-c271-430a-a05a-c8bba3fa6d96: shutdown FollowerState
2019-10-15 03:21:52,548 [grpc-default-executor-4] INFO  impl.RoleInfo (RoleInfo.java:shutdownFollowerState(121)) - a910346c-1ee2-4cdc-a6d8-644a3a4f0b7f: shutdown FollowerState
2019-10-15 03:21:52,548 [Thread-10257] INFO  impl.FollowerState (FollowerState.java:run(117)) - 742c26a8-c271-430a-a05a-c8bba3fa6d96@group-5FF82F29B6C0-FollowerState was interrupted: java.lang.InterruptedException: sleep interrupted
2019-10-15 03:21:52,548 [grpc-default-executor-8] INFO  impl.RoleInfo (RoleInfo.java:updateAndGet(143)) - 742c26a8-c271-430a-a05a-c8bba3fa6d96: start FollowerState
2019-10-15 03:21:52,548 [Thread-10258] INFO  impl.FollowerState (FollowerState.java:run(117)) - a910346c-1ee2-4cdc-a6d8-644a3a4f0b7f@group-5FF82F29B6C0-FollowerState was interrupted: java.lang.InterruptedException: sleep interrupted
2019-10-15 03:21:52,548 [grpc-default-executor-4] INFO  impl.RoleInfo (RoleInfo.java:updateAndGet(143)) - a910346c-1ee2-4cdc-a6d8-644a3a4f0b7f: start FollowerState
2019-10-15 03:21:52,554 [grpc-default-executor-5] INFO  impl.RaftServerImpl (RaftServerImpl.java:setRole(184)) - 17d4a3a3-e05f-449b-a5b3-f00266930d75@group-430C8F2242CE: changes role from  FOLLOWER to FOLLOWER at term 1 for recognizeCandidate:17dd8d53-48b4-4b62-8793-7cfa92585664
2019-10-15 03:21:52,559 [grpc-default-executor-5] INFO  impl.RoleInfo (RoleInfo.java:shutdownFollowerState(121)) - 17d4a3a3-e05f-449b-a5b3-f00266930d75: shutdown FollowerState
2019-10-15 03:21:52,559 [grpc-default-executor-6] INFO  impl.RaftServerImpl (RaftServerImpl.java:setRole(184)) - 2e087e40-613e-4b42-9ae6-f6bb8282a9c9@group-430C8F2242CE: changes role from  FOLLOWER to FOLLOWER at term 1 for recognizeCandidate:17dd8d53-48b4-4b62-8793-7cfa92585664
2019-10-15 03:21:52,564 [Thread-10271] INFO  impl.FollowerState (FollowerState.java:run(117)) - 17d4a3a3-e05f-449b-a5b3-f00266930d75@group-430C8F2242CE-FollowerState was interrupted: java.lang.InterruptedException: sleep interrupted
2019-10-15 03:21:52,564 [grpc-default-executor-5] INFO  impl.RoleInfo (RoleInfo.java:updateAndGet(143)) - 17d4a3a3-e05f-449b-a5b3-f00266930d75: start FollowerState
2019-10-15 03:21:52,564 [grpc-default-executor-6] INFO  impl.RoleInfo (RoleInfo.java:shutdownFollowerState(121)) - 2e087e40-613e-4b42-9ae6-f6bb8282a9c9: shutdown FollowerState
2019-10-15 03:21:52,564 [grpc-default-executor-6] INFO  impl.RoleInfo (RoleInfo.java:updateAndGet(143)) - 2e087e40-613e-4b42-9ae6-f6bb8282a9c9: start FollowerState
2019-10-15 03:21:52,578 [4c6a16c4-95d2-4ef7-9fc0-4f57ccbd9967@group-5FF82F29B6C0-LeaderElection1242] INFO  impl.LeaderElection (LeaderElection.java:logAndReturn(56)) - 4c6a16c4-95d2-4ef7-9fc0-4f57ccbd9967@group-5FF82F29B6C0-LeaderElection1242: Election REJECTED; received 2 response(s) [4c6a16c4-95d2-4ef7-9fc0-4f57ccbd9967<-742c26a8-c271-430a-a05a-c8bba3fa6d96#0:FAIL-t1294, 4c6a16c4-95d2-4ef7-9fc0-4f57ccbd9967<-a910346c-1ee2-4cdc-a6d8-644a3a4f0b7f#0:FAIL-t1294] and 0 exception(s); 4c6a16c4-95d2-4ef7-9fc0-4f57ccbd9967@group-5FF82F29B6C0:t1294, leader=null, voted=4c6a16c4-95d2-4ef7-9fc0-4f57ccbd9967, raftlog=4c6a16c4-95d2-4ef7-9fc0-4f57ccbd9967@group-5FF82F29B6C0-SegmentedRaftLog:OPENED:c-1,f-1,i0, conf=-1: [4c6a16c4-95d2-4ef7-9fc0-4f57ccbd9967:192.168.5.131:39112, 742c26a8-c271-430a-a05a-c8bba3fa6d96:192.168.5.131:42235, a910346c-1ee2-4cdc-a6d8-644a3a4f0b7f:192.168.5.131:38193], old=null
2019-10-15 03:21:52,578 [17dd8d53-48b4-4b62-8793-7cfa92585664@group-430C8F2242CE-LeaderElection1243] INFO  impl.LeaderElection (LeaderElection.java:logAndReturn(56)) - 17dd8d53-48b4-4b62-8793-7cfa92585664@group-430C8F2242CE-LeaderElection1243: Election PASSED; received 1 response(s) [17dd8d53-48b4-4b62-8793-7cfa92585664<-17d4a3a3-e05f-449b-a5b3-f00266930d75#0:OK-t1] and 0 exception(s); 17dd8d53-48b4-4b62-8793-7cfa92585664@group-430C8F2242CE:t1, leader=null, voted=17dd8d53-48b4-4b62-8793-7cfa92585664, raftlog=17dd8d53-48b4-4b62-8793-7cfa92585664@group-430C8F2242CE-SegmentedRaftLog:OPENED:c-1,f-1,i0, conf=-1: [17dd8d53-48b4-4b62-8793-7cfa92585664:192.168.5.131:33641, 17d4a3a3-e05f-449b-a5b3-f00266930d75:192.168.5.131:44833, 2e087e40-613e-4b42-9ae6-f6bb8282a9c9:192.168.5.131:40304], old=null
2019-10-15 03:21:52,578 [4c6a16c4-95d2-4ef7-9fc0-4f57ccbd9967@group-5FF82F29B6C0-LeaderElection1242] INFO  impl.RaftServerImpl (RaftServerImpl.java:setRole(184)) - 4c6a16c4-95d2-4ef7-9fc0-4f57ccbd9967@group-5FF82F29B6C0: changes role from CANDIDATE to FOLLOWER at term 1294 for DISCOVERED_A_NEW_TERM
2019-10-15 03:21:52,578 [17dd8d53-48b4-4b62-8793-7cfa92585664@group-430C8F2242CE-LeaderElection1243] INFO  impl.RoleInfo (RoleInfo.java:shutdownLeaderElection(134)) - 17dd8d53-48b4-4b62-8793-7cfa92585664: shutdown LeaderElection
2019-10-15 03:21:52,578 [4c6a16c4-95d2-4ef7-9fc0-4f57ccbd9967@group-5FF82F29B6C0-LeaderElection1242] INFO  impl.RoleInfo (RoleInfo.java:shutdownLeaderElection(134)) - 4c6a16c4-95d2-4ef7-9fc0-4f57ccbd9967: shutdown LeaderElection
2019-10-15 03:21:52,578 [17dd8d53-48b4-4b62-8793-7cfa92585664@group-430C8F2242CE-LeaderElection1243] INFO  impl.RaftServerImpl (RaftServerImpl.java:setRole(184)) - 17dd8d53-48b4-4b62-8793-7cfa92585664@group-430C8F2242CE: changes role from CANDIDATE to LEADER at term 1 for changeToLeader
2019-10-15 03:21:52,578 [4c6a16c4-95d2-4ef7-9fc0-4f57ccbd9967@group-5FF82F29B6C0-LeaderElection1242] INFO  impl.RoleInfo (RoleInfo.java:updateAndGet(143)) - 4c6a16c4-95d2-4ef7-9fc0-4f57ccbd9967: start FollowerState
2019-10-15 03:21:52,578 [17dd8d53-48b4-4b62-8793-7cfa92585664@group-430C8F2242CE-LeaderElection1243] INFO  impl.RaftServerImpl (ServerState.java:setLeader(256)) - 17dd8d53-48b4-4b62-8793-7cfa92585664@group-430C8F2242CE: change Leader from null to 17dd8d53-48b4-4b62-8793-7cfa92585664 at term 1 for becomeLeader, leader elected after 88ms
2019-10-15 03:21:52,579 [17dd8d53-48b4-4b62-8793-7cfa92585664@group-430C8F2242CE-LeaderElection1243] INFO  server.RaftServerConfigKeys (ConfUtils.java:logGet(43)) - raft.server.staging.catchup.gap = 1000 (default)
2019-10-15 03:21:52,579 [17dd8d53-48b4-4b62-8793-7cfa92585664@group-430C8F2242CE-LeaderElection1243] INFO  server.RaftServerConfigKeys (ConfUtils.java:logGet(43)) - raft.server.rpc.sleep.time = 25ms (default)
2019-10-15 03:21:52,579 [IPC Server handler 2 on 45412] INFO  net.NetworkTopology (NetworkTopologyImpl.java:add(111)) - Added a new node: /default-rack/e2a8c572-74a6-4610-8293-be026958d719
2019-10-15 03:21:52,579 [17dd8d53-48b4-4b62-8793-7cfa92585664@group-430C8F2242CE-LeaderElection1243] INFO  server.RaftServerConfigKeys (ConfUtils.java:logGet(43)) - raft.server.write.element-limit = 4096 (default)
2019-10-15 03:21:52,584 [Thread-10261] INFO  impl.FollowerState (FollowerState.java:run(108)) - 17dd8d53-48b4-4b62-8793-7cfa92585664@group-5BC57254C37E-FollowerState: change to CANDIDATE, lastRpcTime:158ms, electionTimeout:154ms
2019-10-15 03:21:52,579 [IPC Server handler 2 on 45412] INFO  node.SCMNodeManager (SCMNodeManager.java:register(268)) - Registered Data node : e2a8c572-74a6-4610-8293-be026958d719{ip: 192.168.5.131, host: pr-hdds-2305-c92ks-1629580955, networkLocation: /default-rack, certSerialId: null}
2019-10-15 03:21:52,584 [Thread-10261] INFO  impl.RoleInfo (RoleInfo.java:shutdownFollowerState(121)) - 17dd8d53-48b4-4b62-8793-7cfa92585664: shutdown FollowerState
2019-10-15 03:21:52,584 [17dd8d53-48b4-4b62-8793-7cfa92585664@group-430C8F2242CE-LeaderElection1243] INFO  server.RaftServerConfigKeys (ConfUtils.java:logGet(43)) - raft.server.watch.timeout = 10s (default)
2019-10-15 03:21:52,584 [Thread-10261] INFO  impl.RaftServerImpl (RaftServerImpl.java:setRole(184)) - 17dd8d53-48b4-4b62-8793-7cfa92585664@group-5BC57254C37E: changes role from  FOLLOWER to CANDIDATE at term 0 for changeToCandidate
2019-10-15 03:21:52,584 [17dd8d53-48b4-4b62-8793-7cfa92585664@group-430C8F2242CE-LeaderElection1243] INFO  server.RaftServerConfigKeys (ConfUtils.java:logGet(43)) - raft.server.watch.timeout.denomination = 1s (default)
2019-10-15 03:21:52,584 [Thread-10261] INFO  impl.RoleInfo (RoleInfo.java:updateAndGet(143)) - 17dd8d53-48b4-4b62-8793-7cfa92585664: start LeaderElection
2019-10-15 03:21:52,584 [17dd8d53-48b4-4b62-8793-7cfa92585664@group-430C8F2242CE-LeaderElection1243] INFO  server.RaftServerConfigKeys (ConfUtils.java:logGet(43)) - raft.server.watch.element-limit = 65536 (default)
2019-10-15 03:21:52,593 [17dd8d53-48b4-4b62-8793-7cfa92585664@group-430C8F2242CE-LeaderElection1243] INFO  server.RaftServerConfigKeys (ConfUtils.java:logGet(43)) - raft.server.log.appender.snapshot.chunk.size.max = 16MB (=16777216) (default)
2019-10-15 03:21:52,593 [17dd8d53-48b4-4b62-8793-7cfa92585664@group-430C8F2242CE-LeaderElection1243] INFO  server.RaftServerConfigKeys (ConfUtils.java:logGet(43)) - raft.server.log.appender.buffer.byte-limit = 33554432 (custom)
2019-10-15 03:21:52,594 [17dd8d53-48b4-4b62-8793-7cfa92585664@group-430C8F2242CE-LeaderElection1243] INFO  server.RaftServerConfigKeys (ConfUtils.java:logGet(43)) - raft.server.log.appender.buffer.element-limit = 1 (custom)
2019-10-15 03:21:52,598 [grpc-default-executor-6] INFO  impl.RaftServerProxy (RaftServerProxy.java:addNew(89)) - e2a8c572-74a6-4610-8293-be026958d719: addNew group-F7F8E0C71AC7:[e2a8c572-74a6-4610-8293-be026958d719:192.168.5.131:35509] returns group-F7F8E0C71AC7:java.util.concurrent.CompletableFuture@5c2f7be6[Not completed]
2019-10-15 03:21:52,598 [17dd8d53-48b4-4b62-8793-7cfa92585664@group-430C8F2242CE-LeaderElection1243] INFO  grpc.GrpcConfigKeys$Server (ConfUtils.java:logGet(43)) - raft.grpc.server.leader.outstanding.appends.max = 128 (default)
2019-10-15 03:21:52,598 [17dd8d53-48b4-4b62-8793-7cfa92585664@group-430C8F2242CE-LeaderElection1243] INFO  server.RaftServerConfigKeys (ConfUtils.java:logGet(43)) - raft.server.rpc.request.timeout = 3000ms (default)
2019-10-15 03:21:52,598 [17dd8d53-48b4-4b62-8793-7cfa92585664@group-430C8F2242CE-LeaderElection1243] INFO  server.RaftServerConfigKeys (ConfUtils.java:logGet(43)) - raft.server.log.appender.install.snapshot.enabled = false (custom)
2019-10-15 03:21:52,599 [pool-422-thread-1] INFO  impl.RaftServerImpl (RaftServerImpl.java:<init>(104)) - e2a8c572-74a6-4610-8293-be026958d719: new RaftServerImpl for group-F7F8E0C71AC7:[e2a8c572-74a6-4610-8293-be026958d719:192.168.5.131:35509] with ContainerStateMachine:uninitialized
2019-10-15 03:21:52,599 [pool-422-thread-1] INFO  server.RaftServerConfigKeys (ConfUtils.java:logGet(43)) - raft.server.rpc.timeout.min = 5s (custom)
2019-10-15 03:21:52,599 [pool-422-thread-1] INFO  server.RaftServerConfigKeys (ConfUtils.java:logGet(43)) - raft.server.rpc.timeout.max = 5200ms (custom)
2019-10-15 03:21:52,599 [pool-422-thread-1] INFO  server.RaftServerConfigKeys (ConfUtils.java:logGet(43)) - raft.server.rpcslowness.timeout = 120s (custom)
2019-10-15 03:21:52,599 [pool-422-thread-1] INFO  server.RaftServerConfigKeys (ConfUtils.java:logGet(43)) - raft.server.sleep.deviation.threshold = 300 (default)
2019-10-15 03:21:52,599 [pool-422-thread-1] INFO  server.RaftServerConfigKeys (ConfUtils.java:logGet(43)) - raft.server.log.appender.install.snapshot.enabled = false (custom)
2019-10-15 03:21:52,599 [pool-422-thread-1] INFO  impl.RaftServerImpl (ServerState.java:<init>(103)) - e2a8c572-74a6-4610-8293-be026958d719@group-F7F8E0C71AC7: ConfigurationManager, init=-1: [e2a8c572-74a6-4610-8293-be026958d719:192.168.5.131:35509], old=null, confs=<EMPTY_MAP>
2019-10-15 03:21:52,600 [pool-422-thread-1] INFO  server.RaftServerConfigKeys (ConfUtils.java:logGet(43)) - raft.server.storage.dir = [/workdir/hadoop-ozone/integration-test/target/test-dir/MiniOzoneClusterImpl-0445134e-5ee1-47c2-9f3a-343f5ba53be4/datanode-4/data/ratis] (custom)
2019-10-15 03:21:52,600 [pool-422-thread-1] INFO  server.RaftServerConfigKeys (ConfUtils.java:logGet(43)) - raft.server.log.corruption.policy = EXCEPTION (default)
2019-10-15 03:21:52,600 [pool-422-thread-1] INFO  storage.RaftStorageDirectory (RaftStorageDirectory.java:analyzeStorage(246)) - The storage directory /workdir/hadoop-ozone/integration-test/target/test-dir/MiniOzoneClusterImpl-0445134e-5ee1-47c2-9f3a-343f5ba53be4/datanode-4/data/ratis/a642deb1-ab26-4d72-bc2d-f7f8e0c71ac7 does not exist. Creating ...
2019-10-15 03:21:52,600 [17dd8d53-48b4-4b62-8793-7cfa92585664@group-430C8F2242CE-LeaderElection1243] INFO  server.RaftServerConfigKeys (ConfUtils.java:logGet(43)) - raft.server.log.appender.snapshot.chunk.size.max = 16MB (=16777216) (default)
2019-10-15 03:21:52,601 [17dd8d53-48b4-4b62-8793-7cfa92585664@group-430C8F2242CE-LeaderElection1243] INFO  server.RaftServerConfigKeys (ConfUtils.java:logGet(43)) - raft.server.log.appender.buffer.byte-limit = 33554432 (custom)
2019-10-15 03:21:52,601 [17dd8d53-48b4-4b62-8793-7cfa92585664@group-430C8F2242CE-LeaderElection1243] INFO  server.RaftServerConfigKeys (ConfUtils.java:logGet(43)) - raft.server.log.appender.buffer.element-limit = 1 (custom)
2019-10-15 03:21:52,605 [pool-422-thread-1] INFO  storage.RaftStorageDirectory (RaftStorageDirectory.java:tryLock(328)) - Lock on /workdir/hadoop-ozone/integration-test/target/test-dir/MiniOzoneClusterImpl-0445134e-5ee1-47c2-9f3a-343f5ba53be4/datanode-4/data/ratis/a642deb1-ab26-4d72-bc2d-f7f8e0c71ac7/in_use.lock acquired by nodename 3330@pr-hdds-2305-c92ks-1629580955
2019-10-15 03:21:52,606 [17dd8d53-48b4-4b62-8793-7cfa92585664@group-5BC57254C37E-LeaderElection1244] INFO  impl.LeaderElection (LeaderElection.java:askForVotes(178)) - 17dd8d53-48b4-4b62-8793-7cfa92585664@group-5BC57254C37E-LeaderElection1244: begin an election at term 1 for -1: [17dd8d53-48b4-4b62-8793-7cfa92585664:192.168.5.131:33641], old=null
2019-10-15 03:21:52,606 [17dd8d53-48b4-4b62-8793-7cfa92585664@group-430C8F2242CE-LeaderElection1243] INFO  grpc.GrpcConfigKeys$Server (ConfUtils.java:logGet(43)) - raft.grpc.server.leader.outstanding.appends.max = 128 (default)
2019-10-15 03:21:52,606 [17dd8d53-48b4-4b62-8793-7cfa92585664@group-5BC57254C37E-LeaderElection1244] INFO  impl.RoleInfo (RoleInfo.java:shutdownLeaderElection(134)) - 17dd8d53-48b4-4b62-8793-7cfa92585664: shutdown LeaderElection
2019-10-15 03:21:52,606 [17dd8d53-48b4-4b62-8793-7cfa92585664@group-5BC57254C37E-LeaderElection1244] INFO  impl.RaftServerImpl (RaftServerImpl.java:setRole(184)) - 17dd8d53-48b4-4b62-8793-7cfa92585664@group-5BC57254C37E: changes role from CANDIDATE to LEADER at term 1 for changeToLeader
2019-10-15 03:21:52,606 [17dd8d53-48b4-4b62-8793-7cfa92585664@group-5BC57254C37E-LeaderElection1244] INFO  impl.RaftServerImpl (ServerState.java:setLeader(256)) - 17dd8d53-48b4-4b62-8793-7cfa92585664@group-5BC57254C37E: change Leader from null to 17dd8d53-48b4-4b62-8793-7cfa92585664 at term 1 for becomeLeader, leader elected after 189ms
2019-10-15 03:21:52,606 [17dd8d53-48b4-4b62-8793-7cfa92585664@group-5BC57254C37E-LeaderElection1244] INFO  server.RaftServerConfigKeys (ConfUtils.java:logGet(43)) - raft.server.staging.catchup.gap = 1000 (default)
2019-10-15 03:21:52,606 [17dd8d53-48b4-4b62-8793-7cfa92585664@group-5BC57254C37E-LeaderElection1244] INFO  server.RaftServerConfigKeys (ConfUtils.java:logGet(43)) - raft.server.rpc.sleep.time = 25ms (default)
2019-10-15 03:21:52,607 [17dd8d53-48b4-4b62-8793-7cfa92585664@group-5BC57254C37E-LeaderElection1244] INFO  server.RaftServerConfigKeys (ConfUtils.java:logGet(43)) - raft.server.write.element-limit = 4096 (default)
2019-10-15 03:21:52,607 [17dd8d53-48b4-4b62-8793-7cfa92585664@group-5BC57254C37E-LeaderElection1244] INFO  server.RaftServerConfigKeys (ConfUtils.java:logGet(43)) - raft.server.watch.timeout = 10s (default)
2019-10-15 03:21:52,607 [17dd8d53-48b4-4b62-8793-7cfa92585664@group-5BC57254C37E-LeaderElection1244] INFO  server.RaftServerConfigKeys (ConfUtils.java:logGet(43)) - raft.server.watch.timeout.denomination = 1s (default)
2019-10-15 03:21:52,607 [17dd8d53-48b4-4b62-8793-7cfa92585664@group-5BC57254C37E-LeaderElection1244] INFO  server.RaftServerConfigKeys (ConfUtils.java:logGet(43)) - raft.server.watch.element-limit = 65536 (default)
2019-10-15 03:21:52,606 [17dd8d53-48b4-4b62-8793-7cfa92585664@group-430C8F2242CE-LeaderElection1243] INFO  server.RaftServerConfigKeys (ConfUtils.java:logGet(43)) - raft.server.rpc.request.timeout = 3000ms (default)
2019-10-15 03:21:52,607 [17dd8d53-48b4-4b62-8793-7cfa92585664@group-430C8F2242CE-LeaderElection1243] INFO  server.RaftServerConfigKeys (ConfUtils.java:logGet(43)) - raft.server.log.appender.install.snapshot.enabled = false (custom)
2019-10-15 03:21:52,609 [17dd8d53-48b4-4b62-8793-7cfa92585664@group-5BC57254C37E-LeaderElection1244] INFO  impl.RoleInfo (RoleInfo.java:updateAndGet(143)) - 17dd8d53-48b4-4b62-8793-7cfa92585664: start LeaderState
2019-10-15 03:21:52,610 [17dd8d53-48b4-4b62-8793-7cfa92585664@group-5BC57254C37E-LeaderElection1244] INFO  segmented.SegmentedRaftLogWorker (SegmentedRaftLogWorker.java:startLogSegment(385)) - 17dd8d53-48b4-4b62-8793-7cfa92585664@group-5BC57254C37E-SegmentedRaftLogWorker: Starting segment from index:0
2019-10-15 03:21:52,610 [17dd8d53-48b4-4b62-8793-7cfa92585664@group-5BC57254C37E-LeaderElection1244] INFO  impl.RaftServerImpl (ServerState.java:setRaftConf(357)) - 17dd8d53-48b4-4b62-8793-7cfa92585664@group-5BC57254C37E: set configuration 0: [17dd8d53-48b4-4b62-8793-7cfa92585664:192.168.5.131:33641], old=null at 0
2019-10-15 03:21:52,611 [17dd8d53-48b4-4b62-8793-7cfa92585664@group-430C8F2242CE-LeaderElection1243] INFO  impl.RoleInfo (RoleInfo.java:updateAndGet(143)) - 17dd8d53-48b4-4b62-8793-7cfa92585664: start LeaderState
2019-10-15 03:21:52,611 [17dd8d53-48b4-4b62-8793-7cfa92585664@group-430C8F2242CE-LeaderElection1243] INFO  segmented.SegmentedRaftLogWorker (SegmentedRaftLogWorker.java:startLogSegment(385)) - 17dd8d53-48b4-4b62-8793-7cfa92585664@group-430C8F2242CE-SegmentedRaftLogWorker: Starting segment from index:0
2019-10-15 03:21:52,612 [17dd8d53-48b4-4b62-8793-7cfa92585664@group-430C8F2242CE-LeaderElection1243] INFO  impl.RaftServerImpl (ServerState.java:setRaftConf(357)) - 17dd8d53-48b4-4b62-8793-7cfa92585664@group-430C8F2242CE: set configuration 0: [17dd8d53-48b4-4b62-8793-7cfa92585664:192.168.5.131:33641, 17d4a3a3-e05f-449b-a5b3-f00266930d75:192.168.5.131:44833, 2e087e40-613e-4b42-9ae6-f6bb8282a9c9:192.168.5.131:40304], old=null at 0
2019-10-15 03:21:52,613 [grpc-default-executor-4] INFO  impl.RaftServerImpl (ServerState.java:setLeader(256)) - 2e087e40-613e-4b42-9ae6-f6bb8282a9c9@group-430C8F2242CE: change Leader from null to 17dd8d53-48b4-4b62-8793-7cfa92585664 at term 1 for appendEntries, leader elected after 122ms
2019-10-15 03:21:52,613 [grpc-default-executor-5] INFO  impl.RaftServerImpl (ServerState.java:setLeader(256)) - 17d4a3a3-e05f-449b-a5b3-f00266930d75@group-430C8F2242CE: change Leader from null to 17dd8d53-48b4-4b62-8793-7cfa92585664 at term 1 for appendEntries, leader elected after 122ms
2019-10-15 03:21:52,645 [pool-422-thread-1] INFO  storage.RaftStorage (RaftStorage.java:format(84)) - Storage directory /workdir/hadoop-ozone/integration-test/target/test-dir/MiniOzoneClusterImpl-0445134e-5ee1-47c2-9f3a-343f5ba53be4/datanode-4/data/ratis/a642deb1-ab26-4d72-bc2d-f7f8e0c71ac7 has been successfully formatted.
2019-10-15 03:21:52,645 [pool-422-thread-1] INFO  ratis.ContainerStateMachine (ContainerStateMachine.java:loadSnapshot(231)) - group-F7F8E0C71AC7: The snapshot info is null. Setting the last applied indexto:(t:0, i:~)
2019-10-15 03:21:52,645 [pool-422-thread-1] INFO  server.RaftServerConfigKeys (ConfUtils.java:logGet(43)) - raft.server.notification.no-leader.timeout = 120s (custom)
2019-10-15 03:21:52,646 [pool-422-thread-1] INFO  server.RaftServerConfigKeys (ConfUtils.java:logGet(43)) - raft.server.log.use.memory = false (default)
2019-10-15 03:21:52,646 [pool-422-thread-1] INFO  server.RaftServerConfigKeys (ConfUtils.java:logGet(43)) - raft.server.log.purge.gap = 1000000 (custom)
2019-10-15 03:21:52,646 [pool-422-thread-1] INFO  server.RaftServerConfigKeys (ConfUtils.java:logGet(43)) - raft.server.log.appender.buffer.byte-limit = 33554432 (custom)
2019-10-15 03:21:52,646 [grpc-default-executor-4] INFO  impl.RaftServerImpl (ServerState.java:setRaftConf(357)) - 2e087e40-613e-4b42-9ae6-f6bb8282a9c9@group-430C8F2242CE: set configuration 0: [17dd8d53-48b4-4b62-8793-7cfa92585664:192.168.5.131:33641, 17d4a3a3-e05f-449b-a5b3-f00266930d75:192.168.5.131:44833, 2e087e40-613e-4b42-9ae6-f6bb8282a9c9:192.168.5.131:40304], old=null at 0
2019-10-15 03:21:52,646 [grpc-default-executor-5] INFO  impl.RaftServerImpl (ServerState.java:setRaftConf(357)) - 17d4a3a3-e05f-449b-a5b3-f00266930d75@group-430C8F2242CE: set configuration 0: [17dd8d53-48b4-4b62-8793-7cfa92585664:192.168.5.131:33641, 17d4a3a3-e05f-449b-a5b3-f00266930d75:192.168.5.131:44833, 2e087e40-613e-4b42-9ae6-f6bb8282a9c9:192.168.5.131:40304], old=null at 0
2019-10-15 03:21:52,646 [pool-422-thread-1] INFO  server.RaftServerConfigKeys (ConfUtils.java:logGet(43)) - raft.server.log.segment.size.max = 1048576 (custom)
2019-10-15 03:21:52,647 [grpc-default-executor-5] INFO  segmented.SegmentedRaftLogWorker (SegmentedRaftLogWorker.java:startLogSegment(385)) - 17d4a3a3-e05f-449b-a5b3-f00266930d75@group-430C8F2242CE-SegmentedRaftLogWorker: Starting segment from index:0
2019-10-15 03:21:52,646 [grpc-default-executor-4] INFO  segmented.SegmentedRaftLogWorker (SegmentedRaftLogWorker.java:startLogSegment(385)) - 2e087e40-613e-4b42-9ae6-f6bb8282a9c9@group-430C8F2242CE-SegmentedRaftLogWorker: Starting segment from index:0
2019-10-15 03:21:52,648 [pool-422-thread-1] INFO  server.RaftServerConfigKeys (ConfUtils.java:logGet(43)) - raft.server.log.segment.cache.num.max = 2 (custom)
2019-10-15 03:21:52,649 [pool-422-thread-1] INFO  segmented.SegmentedRaftLogWorker (SegmentedRaftLogWorker.java:<init>(173)) - new e2a8c572-74a6-4610-8293-be026958d719@group-F7F8E0C71AC7-SegmentedRaftLogWorker for RaftStorage:Storage Directory /workdir/hadoop-ozone/integration-test/target/test-dir/MiniOzoneClusterImpl-0445134e-5ee1-47c2-9f3a-343f5ba53be4/datanode-4/data/ratis/a642deb1-ab26-4d72-bc2d-f7f8e0c71ac7
2019-10-15 03:21:52,649 [pool-422-thread-1] INFO  server.RaftServerConfigKeys (ConfUtils.java:logGet(43)) - raft.server.log.queue.byte-limit = 2147483647 (custom)
2019-10-15 03:21:52,649 [pool-422-thread-1] INFO  server.RaftServerConfigKeys (ConfUtils.java:logGet(43)) - raft.server.log.queue.element-limit = 1024 (custom)
2019-10-15 03:21:52,649 [pool-422-thread-1] INFO  server.RaftServerConfigKeys (ConfUtils.java:logGet(43)) - raft.server.log.segment.size.max = 1048576 (custom)
2019-10-15 03:21:52,649 [pool-422-thread-1] INFO  server.RaftServerConfigKeys (ConfUtils.java:logGet(43)) - raft.server.log.preallocated.size = 16384 (custom)
2019-10-15 03:21:52,649 [pool-422-thread-1] INFO  server.RaftServerConfigKeys (ConfUtils.java:logGet(43)) - raft.server.log.write.buffer.size = 33554432 (custom)
2019-10-15 03:21:52,649 [pool-422-thread-1] INFO  server.RaftServerConfigKeys (ConfUtils.java:logGet(43)) - raft.server.log.force.sync.num = 128 (default)
2019-10-15 03:21:52,649 [pool-422-thread-1] INFO  server.RaftServerConfigKeys (ConfUtils.java:logGet(43)) - raft.server.log.statemachine.data.sync = true (default)
2019-10-15 03:21:52,649 [pool-422-thread-1] INFO  server.RaftServerConfigKeys (ConfUtils.java:logGet(43)) - raft.server.log.statemachine.data.sync.timeout = 10s (default)
2019-10-15 03:21:52,650 [pool-422-thread-1] INFO  server.RaftServerConfigKeys (ConfUtils.java:logGet(43)) - raft.server.log.statemachine.data.sync.timeout.retry = -1 (default)
2019-10-15 03:21:52,650 [pool-422-thread-1] INFO  server.RaftServerConfigKeys (ConfUtils.java:logGet(43)) - raft.server.log.statemachine.data.caching.enabled = true (custom)
2019-10-15 03:21:52,650 [pool-422-thread-1] INFO  segmented.SegmentedRaftLogWorker (SegmentedRaftLogWorker.java:lambda$new$0(128)) - e2a8c572-74a6-4610-8293-be026958d719@group-F7F8E0C71AC7-SegmentedRaftLogWorker: flushIndex: setUnconditionally 0 -> -1
2019-10-15 03:21:52,650 [17dd8d53-48b4-4b62-8793-7cfa92585664@group-430C8F2242CE-SegmentedRaftLogWorker] INFO  segmented.SegmentedRaftLogWorker (SegmentedRaftLogWorker.java:execute(576)) - 17dd8d53-48b4-4b62-8793-7cfa92585664@group-430C8F2242CE-SegmentedRaftLogWorker: created new log segment /workdir/hadoop-ozone/integration-test/target/test-dir/MiniOzoneClusterImpl-0445134e-5ee1-47c2-9f3a-343f5ba53be4/datanode-2/data/ratis/6dd53132-05cf-4d09-96e4-430c8f2242ce/current/log_inprogress_0
2019-10-15 03:21:52,650 [17dd8d53-48b4-4b62-8793-7cfa92585664@group-5BC57254C37E-SegmentedRaftLogWorker] INFO  segmented.SegmentedRaftLogWorker (SegmentedRaftLogWorker.java:execute(576)) - 17dd8d53-48b4-4b62-8793-7cfa92585664@group-5BC57254C37E-SegmentedRaftLogWorker: created new log segment /workdir/hadoop-ozone/integration-test/target/test-dir/MiniOzoneClusterImpl-0445134e-5ee1-47c2-9f3a-343f5ba53be4/datanode-2/data/ratis/3d882db2-c64f-4ea1-b20f-5bc57254c37e/current/log_inprogress_0
2019-10-15 03:21:52,651 [pool-422-thread-1] INFO  server.RaftServerConfigKeys (ConfUtils.java:logGet(43)) - raft.server.snapshot.auto.trigger.enabled = true (custom)
2019-10-15 03:21:52,651 [pool-422-thread-1] INFO  server.RaftServerConfigKeys (ConfUtils.java:logGet(43)) - raft.server.snapshot.auto.trigger.threshold = 10000 (custom)
2019-10-15 03:21:52,651 [pool-422-thread-1] INFO  server.RaftServerConfigKeys (ConfUtils.java:logGet(43)) - raft.server.snapshot.retention.file.num = 5 (custom)
2019-10-15 03:21:52,651 [pool-422-thread-1] INFO  server.RaftServerConfigKeys (ConfUtils.java:logGet(43)) - raft.server.retrycache.expirytime = 600000ms (custom)
2019-10-15 03:21:52,652 [Thread-10286] INFO  impl.FollowerState (FollowerState.java:run(108)) - 4c6a16c4-95d2-4ef7-9fc0-4f57ccbd9967@group-5FF82F29B6C0-FollowerState: change to CANDIDATE, lastRpcTime:73ms, electionTimeout:73ms
2019-10-15 03:21:52,652 [Thread-10286] INFO  impl.RoleInfo (RoleInfo.java:shutdownFollowerState(121)) - 4c6a16c4-95d2-4ef7-9fc0-4f57ccbd9967: shutdown FollowerState
2019-10-15 03:21:52,652 [Thread-10286] INFO  impl.RaftServerImpl (RaftServerImpl.java:setRole(184)) - 4c6a16c4-95d2-4ef7-9fc0-4f57ccbd9967@group-5FF82F29B6C0: changes role from  FOLLOWER to CANDIDATE at term 1294 for changeToCandidate
2019-10-15 03:21:52,652 [Thread-10286] ERROR ratis.XceiverServerRatis (XceiverServerRatis.java:triggerPipelineClose(582)) - pipeline Action CLOSE  on pipeline PipelineID=e4bf9835-e697-42f6-b211-5ff82f29b6c0.Reason : 4c6a16c4-95d2-4ef7-9fc0-4f57ccbd9967 is in candidate state for 167552ms
2019-10-15 03:21:52,653 [Thread-10286] INFO  impl.RoleInfo (RoleInfo.java:updateAndGet(143)) - 4c6a16c4-95d2-4ef7-9fc0-4f57ccbd9967: start LeaderElection
2019-10-15 03:21:52,654 [pool-422-thread-1] INFO  impl.RaftServerImpl (RaftServerImpl.java:start(195)) - e2a8c572-74a6-4610-8293-be026958d719@group-F7F8E0C71AC7: start as a follower, conf=-1: [e2a8c572-74a6-4610-8293-be026958d719:192.168.5.131:35509], old=null
2019-10-15 03:21:52,654 [pool-422-thread-1] INFO  impl.RaftServerImpl (RaftServerImpl.java:setRole(184)) - e2a8c572-74a6-4610-8293-be026958d719@group-F7F8E0C71AC7: changes role from      null to FOLLOWER at term 0 for startAsFollower
2019-10-15 03:21:52,654 [pool-422-thread-1] INFO  impl.RoleInfo (RoleInfo.java:updateAndGet(143)) - e2a8c572-74a6-4610-8293-be026958d719: start FollowerState
2019-10-15 03:21:52,655 [pool-422-thread-1] INFO  util.JmxRegister (JmxRegister.java:tryRegister(44)) - Successfully registered JMX Bean with object name Ratis:service=RaftServer,group=group-F7F8E0C71AC7,id=e2a8c572-74a6-4610-8293-be026958d719
2019-10-15 03:21:52,658 [RatisPipelineUtilsThread] INFO  pipeline.PipelineStateManager (PipelineStateManager.java:addPipeline(56)) - Created pipeline Pipeline[ Id: a642deb1-ab26-4d72-bc2d-f7f8e0c71ac7, Nodes: e2a8c572-74a6-4610-8293-be026958d719{ip: 192.168.5.131, host: pr-hdds-2305-c92ks-1629580955, networkLocation: /default-rack, certSerialId: null}, Type:RATIS, Factor:ONE, State:OPEN]
2019-10-15 03:21:52,677 [grpc-default-executor-4] INFO  impl.RaftServerProxy (RaftServerProxy.java:addNew(89)) - a3ea6d9b-aab9-4c0f-bb1a-cec21364bbc5: addNew group-9CE7AAA2E446:[a3ea6d9b-aab9-4c0f-bb1a-cec21364bbc5:192.168.5.131:39283] returns group-9CE7AAA2E446:java.util.concurrent.CompletableFuture@5c042fe4[Not completed]
2019-10-15 03:21:52,677 [4c6a16c4-95d2-4ef7-9fc0-4f57ccbd9967@group-5FF82F29B6C0-LeaderElection1245] INFO  impl.LeaderElection (LeaderElection.java:askForVotes(178)) - 4c6a16c4-95d2-4ef7-9fc0-4f57ccbd9967@group-5FF82F29B6C0-LeaderElection1245: begin an election at term 1295 for -1: [4c6a16c4-95d2-4ef7-9fc0-4f57ccbd9967:192.168.5.131:39112, 742c26a8-c271-430a-a05a-c8bba3fa6d96:192.168.5.131:42235, a910346c-1ee2-4cdc-a6d8-644a3a4f0b7f:192.168.5.131:38193], old=null
2019-10-15 03:21:52,678 [grpc-default-executor-4] INFO  impl.RaftServerImpl (RaftServerImpl.java:setRole(184)) - 742c26a8-c271-430a-a05a-c8bba3fa6d96@group-5FF82F29B6C0: changes role from  FOLLOWER to FOLLOWER at term 1295 for recognizeCandidate:4c6a16c4-95d2-4ef7-9fc0-4f57ccbd9967
2019-10-15 03:21:52,678 [grpc-default-executor-4] INFO  impl.RoleInfo (RoleInfo.java:shutdownFollowerState(121)) - 742c26a8-c271-430a-a05a-c8bba3fa6d96: shutdown FollowerState
2019-10-15 03:21:52,678 [pool-412-thread-1] INFO  impl.RaftServerImpl (RaftServerImpl.java:<init>(104)) - a3ea6d9b-aab9-4c0f-bb1a-cec21364bbc5: new RaftServerImpl for group-9CE7AAA2E446:[a3ea6d9b-aab9-4c0f-bb1a-cec21364bbc5:192.168.5.131:39283] with ContainerStateMachine:uninitialized
2019-10-15 03:21:52,678 [grpc-default-executor-5] INFO  impl.RaftServerImpl (RaftServerImpl.java:setRole(184)) - a910346c-1ee2-4cdc-a6d8-644a3a4f0b7f@group-5FF82F29B6C0: changes role from  FOLLOWER to FOLLOWER at term 1295 for recognizeCandidate:4c6a16c4-95d2-4ef7-9fc0-4f57ccbd9967
2019-10-15 03:21:52,678 [grpc-default-executor-5] INFO  impl.RoleInfo (RoleInfo.java:shutdownFollowerState(121)) - a910346c-1ee2-4cdc-a6d8-644a3a4f0b7f: shutdown FollowerState
2019-10-15 03:21:52,678 [pool-412-thread-1] INFO  server.RaftServerConfigKeys (ConfUtils.java:logGet(43)) - raft.server.rpc.timeout.min = 5s (custom)
2019-10-15 03:21:52,678 [Thread-10282] INFO  impl.FollowerState (FollowerState.java:run(117)) - 742c26a8-c271-430a-a05a-c8bba3fa6d96@group-5FF82F29B6C0-FollowerState was interrupted: java.lang.InterruptedException: sleep interrupted
2019-10-15 03:21:52,678 [grpc-default-executor-4] INFO  impl.RoleInfo (RoleInfo.java:updateAndGet(143)) - 742c26a8-c271-430a-a05a-c8bba3fa6d96: start FollowerState
2019-10-15 03:21:52,679 [Thread-10298] INFO  impl.FollowerState (FollowerState.java:run(108)) - e2a8c572-74a6-4610-8293-be026958d719@group-F7F8E0C71AC7-FollowerState: change to CANDIDATE, lastRpcTime:24ms, electionTimeout:24ms
2019-10-15 03:21:52,679 [pool-412-thread-1] INFO  server.RaftServerConfigKeys (ConfUtils.java:logGet(43)) - raft.server.rpc.timeout.max = 5200ms (custom)
2019-10-15 03:21:52,679 [Thread-10283] INFO  impl.FollowerState (FollowerState.java:run(117)) - a910346c-1ee2-4cdc-a6d8-644a3a4f0b7f@group-5FF82F29B6C0-FollowerState was interrupted: java.lang.InterruptedException: sleep interrupted
2019-10-15 03:21:52,679 [grpc-default-executor-5] INFO  impl.RoleInfo (RoleInfo.java:updateAndGet(143)) - a910346c-1ee2-4cdc-a6d8-644a3a4f0b7f: start FollowerState
2019-10-15 03:21:52,679 [Thread-10298] INFO  impl.RoleInfo (RoleInfo.java:shutdownFollowerState(121)) - e2a8c572-74a6-4610-8293-be026958d719: shutdown FollowerState
2019-10-15 03:21:52,679 [pool-412-thread-1] INFO  server.RaftServerConfigKeys (ConfUtils.java:logGet(43)) - raft.server.rpcslowness.timeout = 120s (custom)
2019-10-15 03:21:52,680 [Thread-10298] INFO  impl.RaftServerImpl (RaftServerImpl.java:setRole(184)) - e2a8c572-74a6-4610-8293-be026958d719@group-F7F8E0C71AC7: changes role from  FOLLOWER to CANDIDATE at term 0 for changeToCandidate
2019-10-15 03:21:52,680 [pool-412-thread-1] INFO  server.RaftServerConfigKeys (ConfUtils.java:logGet(43)) - raft.server.sleep.deviation.threshold = 300 (default)
2019-10-15 03:21:52,680 [Thread-10298] INFO  impl.RoleInfo (RoleInfo.java:updateAndGet(143)) - e2a8c572-74a6-4610-8293-be026958d719: start LeaderElection
2019-10-15 03:21:52,680 [pool-412-thread-1] INFO  server.RaftServerConfigKeys (ConfUtils.java:logGet(43)) - raft.server.log.appender.install.snapshot.enabled = false (custom)
2019-10-15 03:21:52,680 [pool-412-thread-1] INFO  impl.RaftServerImpl (ServerState.java:<init>(103)) - a3ea6d9b-aab9-4c0f-bb1a-cec21364bbc5@group-9CE7AAA2E446: ConfigurationManager, init=-1: [a3ea6d9b-aab9-4c0f-bb1a-cec21364bbc5:192.168.5.131:39283], old=null, confs=<EMPTY_MAP>
2019-10-15 03:21:52,686 [pool-412-thread-1] INFO  server.RaftServerConfigKeys (ConfUtils.java:logGet(43)) - raft.server.storage.dir = [/workdir/hadoop-ozone/integration-test/target/test-dir/MiniOzoneClusterImpl-0445134e-5ee1-47c2-9f3a-343f5ba53be4/datanode-3/data/ratis] (custom)
2019-10-15 03:21:52,687 [pool-412-thread-1] INFO  server.RaftServerConfigKeys (ConfUtils.java:logGet(43)) - raft.server.log.corruption.policy = EXCEPTION (default)
2019-10-15 03:21:52,687 [pool-412-thread-1] INFO  storage.RaftStorageDirectory (RaftStorageDirectory.java:analyzeStorage(246)) - The storage directory /workdir/hadoop-ozone/integration-test/target/test-dir/MiniOzoneClusterImpl-0445134e-5ee1-47c2-9f3a-343f5ba53be4/datanode-3/data/ratis/fca2b043-389f-43b9-9a90-9ce7aaa2e446 does not exist. Creating ...
2019-10-15 03:21:52,690 [pool-412-thread-1] INFO  storage.RaftStorageDirectory (RaftStorageDirectory.java:tryLock(328)) - Lock on /workdir/hadoop-ozone/integration-test/target/test-dir/MiniOzoneClusterImpl-0445134e-5ee1-47c2-9f3a-343f5ba53be4/datanode-3/data/ratis/fca2b043-389f-43b9-9a90-9ce7aaa2e446/in_use.lock acquired by nodename 3330@pr-hdds-2305-c92ks-1629580955
2019-10-15 03:21:52,690 [2e087e40-613e-4b42-9ae6-f6bb8282a9c9@group-430C8F2242CE-SegmentedRaftLogWorker] INFO  segmented.SegmentedRaftLogWorker (SegmentedRaftLogWorker.java:execute(576)) - 2e087e40-613e-4b42-9ae6-f6bb8282a9c9@group-430C8F2242CE-SegmentedRaftLogWorker: created new log segment /workdir/hadoop-ozone/integration-test/target/test-dir/MiniOzoneClusterImpl-0445134e-5ee1-47c2-9f3a-343f5ba53be4/datanode-0/data/ratis/6dd53132-05cf-4d09-96e4-430c8f2242ce/current/log_inprogress_0
2019-10-15 03:21:52,690 [17d4a3a3-e05f-449b-a5b3-f00266930d75@group-430C8F2242CE-SegmentedRaftLogWorker] INFO  segmented.SegmentedRaftLogWorker (SegmentedRaftLogWorker.java:execute(576)) - 17d4a3a3-e05f-449b-a5b3-f00266930d75@group-430C8F2242CE-SegmentedRaftLogWorker: created new log segment /workdir/hadoop-ozone/integration-test/target/test-dir/MiniOzoneClusterImpl-0445134e-5ee1-47c2-9f3a-343f5ba53be4/datanode-1/data/ratis/6dd53132-05cf-4d09-96e4-430c8f2242ce/current/log_inprogress_0
2019-10-15 03:21:52,690 [e2a8c572-74a6-4610-8293-be026958d719@group-F7F8E0C71AC7-LeaderElection1246] INFO  impl.LeaderElection (LeaderElection.java:askForVotes(178)) - e2a8c572-74a6-4610-8293-be026958d719@group-F7F8E0C71AC7-LeaderElection1246: begin an election at term 1 for -1: [e2a8c572-74a6-4610-8293-be026958d719:192.168.5.131:35509], old=null
2019-10-15 03:21:52,690 [e2a8c572-74a6-4610-8293-be026958d719@group-F7F8E0C71AC7-LeaderElection1246] INFO  impl.RoleInfo (RoleInfo.java:shutdownLeaderElection(134)) - e2a8c572-74a6-4610-8293-be026958d719: shutdown LeaderElection
2019-10-15 03:21:52,690 [4c6a16c4-95d2-4ef7-9fc0-4f57ccbd9967@group-5FF82F29B6C0-LeaderElection1245] INFO  impl.LeaderElection (LeaderElection.java:logAndReturn(56)) - 4c6a16c4-95d2-4ef7-9fc0-4f57ccbd9967@group-5FF82F29B6C0-LeaderElection1245: Election REJECTED; received 2 response(s) [4c6a16c4-95d2-4ef7-9fc0-4f57ccbd9967<-742c26a8-c271-430a-a05a-c8bba3fa6d96#0:FAIL-t1295, 4c6a16c4-95d2-4ef7-9fc0-4f57ccbd9967<-a910346c-1ee2-4cdc-a6d8-644a3a4f0b7f#0:FAIL-t1295] and 0 exception(s); 4c6a16c4-95d2-4ef7-9fc0-4f57ccbd9967@group-5FF82F29B6C0:t1295, leader=null, voted=4c6a16c4-95d2-4ef7-9fc0-4f57ccbd9967, raftlog=4c6a16c4-95d2-4ef7-9fc0-4f57ccbd9967@group-5FF82F29B6C0-SegmentedRaftLog:OPENED:c-1,f-1,i0, conf=-1: [4c6a16c4-95d2-4ef7-9fc0-4f57ccbd9967:192.168.5.131:39112, 742c26a8-c271-430a-a05a-c8bba3fa6d96:192.168.5.131:42235, a910346c-1ee2-4cdc-a6d8-644a3a4f0b7f:192.168.5.131:38193], old=null
2019-10-15 03:21:52,690 [e2a8c572-74a6-4610-8293-be026958d719@group-F7F8E0C71AC7-LeaderElection1246] INFO  impl.RaftServerImpl (RaftServerImpl.java:setRole(184)) - e2a8c572-74a6-4610-8293-be026958d719@group-F7F8E0C71AC7: changes role from CANDIDATE to LEADER at term 1 for changeToLeader
2019-10-15 03:21:52,690 [4c6a16c4-95d2-4ef7-9fc0-4f57ccbd9967@group-5FF82F29B6C0-LeaderElection1245] INFO  impl.RaftServerImpl (RaftServerImpl.java:setRole(184)) - 4c6a16c4-95d2-4ef7-9fc0-4f57ccbd9967@group-5FF82F29B6C0: changes role from CANDIDATE to FOLLOWER at term 1295 for DISCOVERED_A_NEW_TERM
2019-10-15 03:21:52,691 [4c6a16c4-95d2-4ef7-9fc0-4f57ccbd9967@group-5FF82F29B6C0-LeaderElection1245] INFO  impl.RoleInfo (RoleInfo.java:shutdownLeaderElection(134)) - 4c6a16c4-95d2-4ef7-9fc0-4f57ccbd9967: shutdown LeaderElection
2019-10-15 03:21:52,691 [e2a8c572-74a6-4610-8293-be026958d719@group-F7F8E0C71AC7-LeaderElection1246] INFO  impl.RaftServerImpl (ServerState.java:setLeader(256)) - e2a8c572-74a6-4610-8293-be026958d719@group-F7F8E0C71AC7: change Leader from null to e2a8c572-74a6-4610-8293-be026958d719 at term 1 for becomeLeader, leader elected after 45ms
2019-10-15 03:21:52,691 [4c6a16c4-95d2-4ef7-9fc0-4f57ccbd9967@group-5FF82F29B6C0-LeaderElection1245] INFO  impl.RoleInfo (RoleInfo.java:updateAndGet(143)) - 4c6a16c4-95d2-4ef7-9fc0-4f57ccbd9967: start FollowerState
2019-10-15 03:21:52,691 [e2a8c572-74a6-4610-8293-be026958d719@group-F7F8E0C71AC7-LeaderElection1246] INFO  server.RaftServerConfigKeys (ConfUtils.java:logGet(43)) - raft.server.staging.catchup.gap = 1000 (default)
2019-10-15 03:21:52,691 [e2a8c572-74a6-4610-8293-be026958d719@group-F7F8E0C71AC7-LeaderElection1246] INFO  server.RaftServerConfigKeys (ConfUtils.java:logGet(43)) - raft.server.rpc.sleep.time = 25ms (default)
2019-10-15 03:21:52,691 [e2a8c572-74a6-4610-8293-be026958d719@group-F7F8E0C71AC7-LeaderElection1246] INFO  server.RaftServerConfigKeys (ConfUtils.java:logGet(43)) - raft.server.write.element-limit = 4096 (default)
2019-10-15 03:21:52,691 [e2a8c572-74a6-4610-8293-be026958d719@group-F7F8E0C71AC7-LeaderElection1246] INFO  server.RaftServerConfigKeys (ConfUtils.java:logGet(43)) - raft.server.watch.timeout = 10s (default)
2019-10-15 03:21:52,691 [e2a8c572-74a6-4610-8293-be026958d719@group-F7F8E0C71AC7-LeaderElection1246] INFO  server.RaftServerConfigKeys (ConfUtils.java:logGet(43)) - raft.server.watch.timeout.denomination = 1s (default)
2019-10-15 03:21:52,691 [e2a8c572-74a6-4610-8293-be026958d719@group-F7F8E0C71AC7-LeaderElection1246] INFO  server.RaftServerConfigKeys (ConfUtils.java:logGet(43)) - raft.server.watch.element-limit = 65536 (default)
2019-10-15 03:21:52,693 [e2a8c572-74a6-4610-8293-be026958d719@group-F7F8E0C71AC7-LeaderElection1246] INFO  impl.RoleInfo (RoleInfo.java:updateAndGet(143)) - e2a8c572-74a6-4610-8293-be026958d719: start LeaderState
2019-10-15 03:21:52,693 [pool-412-thread-1] INFO  storage.RaftStorage (RaftStorage.java:format(84)) - Storage directory /workdir/hadoop-ozone/integration-test/target/test-dir/MiniOzoneClusterImpl-0445134e-5ee1-47c2-9f3a-343f5ba53be4/datanode-3/data/ratis/fca2b043-389f-43b9-9a90-9ce7aaa2e446 has been successfully formatted.
2019-10-15 03:21:52,693 [e2a8c572-74a6-4610-8293-be026958d719@group-F7F8E0C71AC7-LeaderElection1246] INFO  segmented.SegmentedRaftLogWorker (SegmentedRaftLogWorker.java:startLogSegment(385)) - e2a8c572-74a6-4610-8293-be026958d719@group-F7F8E0C71AC7-SegmentedRaftLogWorker: Starting segment from index:0
2019-10-15 03:21:52,693 [pool-412-thread-1] INFO  ratis.ContainerStateMachine (ContainerStateMachine.java:loadSnapshot(231)) - group-9CE7AAA2E446: The snapshot info is null. Setting the last applied indexto:(t:0, i:~)
2019-10-15 03:21:52,693 [pool-412-thread-1] INFO  server.RaftServerConfigKeys (ConfUtils.java:logGet(43)) - raft.server.notification.no-leader.timeout = 120s (custom)
2019-10-15 03:21:52,694 [pool-412-thread-1] INFO  server.RaftServerConfigKeys (ConfUtils.java:logGet(43)) - raft.server.log.use.memory = false (default)
2019-10-15 03:21:52,694 [e2a8c572-74a6-4610-8293-be026958d719@group-F7F8E0C71AC7-LeaderElection1246] INFO  impl.RaftServerImpl (ServerState.java:setRaftConf(357)) - e2a8c572-74a6-4610-8293-be026958d719@group-F7F8E0C71AC7: set configuration 0: [e2a8c572-74a6-4610-8293-be026958d719:192.168.5.131:35509], old=null at 0
2019-10-15 03:21:52,694 [pool-412-thread-1] INFO  server.RaftServerConfigKeys (ConfUtils.java:logGet(43)) - raft.server.log.purge.gap = 1000000 (custom)
2019-10-15 03:21:52,694 [pool-412-thread-1] INFO  server.RaftServerConfigKeys (ConfUtils.java:logGet(43)) - raft.server.log.appender.buffer.byte-limit = 33554432 (custom)
2019-10-15 03:21:52,694 [pool-412-thread-1] INFO  server.RaftServerConfigKeys (ConfUtils.java:logGet(43)) - raft.server.log.segment.size.max = 1048576 (custom)
2019-10-15 03:21:52,695 [IPC Server handler 3 on 45412] INFO  net.NetworkTopology (NetworkTopologyImpl.java:add(111)) - Added a new node: /default-rack/8fae904a-777d-4f00-8aa1-034f5999d556
2019-10-15 03:21:52,695 [IPC Server handler 3 on 45412] INFO  node.SCMNodeManager (SCMNodeManager.java:register(268)) - Registered Data node : 8fae904a-777d-4f00-8aa1-034f5999d556{ip: 192.168.5.131, host: pr-hdds-2305-c92ks-1629580955, networkLocation: /default-rack, certSerialId: null}
2019-10-15 03:21:52,695 [pool-412-thread-1] INFO  server.RaftServerConfigKeys (ConfUtils.java:logGet(43)) - raft.server.log.segment.cache.num.max = 2 (custom)
2019-10-15 03:21:52,695 [pool-412-thread-1] INFO  segmented.SegmentedRaftLogWorker (SegmentedRaftLogWorker.java:<init>(173)) - new a3ea6d9b-aab9-4c0f-bb1a-cec21364bbc5@group-9CE7AAA2E446-SegmentedRaftLogWorker for RaftStorage:Storage Directory /workdir/hadoop-ozone/integration-test/target/test-dir/MiniOzoneClusterImpl-0445134e-5ee1-47c2-9f3a-343f5ba53be4/datanode-3/data/ratis/fca2b043-389f-43b9-9a90-9ce7aaa2e446
2019-10-15 03:21:52,695 [pool-412-thread-1] INFO  server.RaftServerConfigKeys (ConfUtils.java:logGet(43)) - raft.server.log.queue.byte-limit = 2147483647 (custom)
2019-10-15 03:21:52,695 [pool-412-thread-1] INFO  server.RaftServerConfigKeys (ConfUtils.java:logGet(43)) - raft.server.log.queue.element-limit = 1024 (custom)
2019-10-15 03:21:52,695 [pool-412-thread-1] INFO  server.RaftServerConfigKeys (ConfUtils.java:logGet(43)) - raft.server.log.segment.size.max = 1048576 (custom)
2019-10-15 03:21:52,695 [pool-412-thread-1] INFO  server.RaftServerConfigKeys (ConfUtils.java:logGet(43)) - raft.server.log.preallocated.size = 16384 (custom)
2019-10-15 03:21:52,696 [pool-412-thread-1] INFO  server.RaftServerConfigKeys (ConfUtils.java:logGet(43)) - raft.server.log.write.buffer.size = 33554432 (custom)
2019-10-15 03:21:52,696 [pool-412-thread-1] INFO  server.RaftServerConfigKeys (ConfUtils.java:logGet(43)) - raft.server.log.force.sync.num = 128 (default)
2019-10-15 03:21:52,696 [pool-412-thread-1] INFO  server.RaftServerConfigKeys (ConfUtils.java:logGet(43)) - raft.server.log.statemachine.data.sync = true (default)
2019-10-15 03:21:52,696 [pool-412-thread-1] INFO  server.RaftServerConfigKeys (ConfUtils.java:logGet(43)) - raft.server.log.statemachine.data.sync.timeout = 10s (default)
2019-10-15 03:21:52,696 [pool-412-thread-1] INFO  server.RaftServerConfigKeys (ConfUtils.java:logGet(43)) - raft.server.log.statemachine.data.sync.timeout.retry = -1 (default)
2019-10-15 03:21:52,696 [pool-412-thread-1] INFO  server.RaftServerConfigKeys (ConfUtils.java:logGet(43)) - raft.server.log.statemachine.data.caching.enabled = true (custom)
2019-10-15 03:21:52,696 [pool-412-thread-1] INFO  segmented.SegmentedRaftLogWorker (SegmentedRaftLogWorker.java:lambda$new$0(128)) - a3ea6d9b-aab9-4c0f-bb1a-cec21364bbc5@group-9CE7AAA2E446-SegmentedRaftLogWorker: flushIndex: setUnconditionally 0 -> -1
2019-10-15 03:21:52,697 [pool-412-thread-1] INFO  server.RaftServerConfigKeys (ConfUtils.java:logGet(43)) - raft.server.snapshot.auto.trigger.enabled = true (custom)
2019-10-15 03:21:52,697 [pool-412-thread-1] INFO  server.RaftServerConfigKeys (ConfUtils.java:logGet(43)) - raft.server.snapshot.auto.trigger.threshold = 10000 (custom)
2019-10-15 03:21:52,697 [pool-412-thread-1] INFO  server.RaftServerConfigKeys (ConfUtils.java:logGet(43)) - raft.server.snapshot.retention.file.num = 5 (custom)
2019-10-15 03:21:52,697 [pool-412-thread-1] INFO  server.RaftServerConfigKeys (ConfUtils.java:logGet(43)) - raft.server.retrycache.expirytime = 600000ms (custom)
2019-10-15 03:21:52,699 [pool-412-thread-1] INFO  impl.RaftServerImpl (RaftServerImpl.java:start(195)) - a3ea6d9b-aab9-4c0f-bb1a-cec21364bbc5@group-9CE7AAA2E446: start as a follower, conf=-1: [a3ea6d9b-aab9-4c0f-bb1a-cec21364bbc5:192.168.5.131:39283], old=null
2019-10-15 03:21:52,699 [pool-412-thread-1] INFO  impl.RaftServerImpl (RaftServerImpl.java:setRole(184)) - a3ea6d9b-aab9-4c0f-bb1a-cec21364bbc5@group-9CE7AAA2E446: changes role from      null to FOLLOWER at term 0 for startAsFollower
2019-10-15 03:21:52,699 [pool-412-thread-1] INFO  impl.RoleInfo (RoleInfo.java:updateAndGet(143)) - a3ea6d9b-aab9-4c0f-bb1a-cec21364bbc5: start FollowerState
2019-10-15 03:21:52,699 [pool-412-thread-1] INFO  util.JmxRegister (JmxRegister.java:tryRegister(44)) - Successfully registered JMX Bean with object name Ratis:service=RaftServer,group=group-9CE7AAA2E446,id=a3ea6d9b-aab9-4c0f-bb1a-cec21364bbc5
2019-10-15 03:21:52,702 [RatisPipelineUtilsThread] INFO  pipeline.PipelineStateManager (PipelineStateManager.java:addPipeline(56)) - Created pipeline Pipeline[ Id: fca2b043-389f-43b9-9a90-9ce7aaa2e446, Nodes: a3ea6d9b-aab9-4c0f-bb1a-cec21364bbc5{ip: 192.168.5.131, host: pr-hdds-2305-c92ks-1629580955, networkLocation: /default-rack, certSerialId: null}, Type:RATIS, Factor:ONE, State:OPEN]
2019-10-15 03:21:52,736 [grpc-default-executor-5] INFO  impl.RaftServerProxy (RaftServerProxy.java:addNew(89)) - 8fae904a-777d-4f00-8aa1-034f5999d556: addNew group-870FDBD3AF61:[8fae904a-777d-4f00-8aa1-034f5999d556:192.168.5.131:46414] returns group-870FDBD3AF61:java.util.concurrent.CompletableFuture@7e1748e4[Not completed]
2019-10-15 03:21:52,737 [pool-432-thread-1] INFO  impl.RaftServerImpl (RaftServerImpl.java:<init>(104)) - 8fae904a-777d-4f00-8aa1-034f5999d556: new RaftServerImpl for group-870FDBD3AF61:[8fae904a-777d-4f00-8aa1-034f5999d556:192.168.5.131:46414] with ContainerStateMachine:uninitialized
2019-10-15 03:21:52,737 [pool-432-thread-1] INFO  server.RaftServerConfigKeys (ConfUtils.java:logGet(43)) - raft.server.rpc.timeout.min = 5s (custom)
2019-10-15 03:21:52,737 [pool-432-thread-1] INFO  server.RaftServerConfigKeys (ConfUtils.java:logGet(43)) - raft.server.rpc.timeout.max = 5200ms (custom)
2019-10-15 03:21:52,737 [pool-432-thread-1] INFO  server.RaftServerConfigKeys (ConfUtils.java:logGet(43)) - raft.server.rpcslowness.timeout = 120s (custom)
2019-10-15 03:21:52,738 [pool-432-thread-1] INFO  server.RaftServerConfigKeys (ConfUtils.java:logGet(43)) - raft.server.sleep.deviation.threshold = 300 (default)
2019-10-15 03:21:52,738 [pool-432-thread-1] INFO  server.RaftServerConfigKeys (ConfUtils.java:logGet(43)) - raft.server.log.appender.install.snapshot.enabled = false (custom)
2019-10-15 03:21:52,738 [pool-432-thread-1] INFO  impl.RaftServerImpl (ServerState.java:<init>(103)) - 8fae904a-777d-4f00-8aa1-034f5999d556@group-870FDBD3AF61: ConfigurationManager, init=-1: [8fae904a-777d-4f00-8aa1-034f5999d556:192.168.5.131:46414], old=null, confs=<EMPTY_MAP>
2019-10-15 03:21:52,738 [pool-432-thread-1] INFO  server.RaftServerConfigKeys (ConfUtils.java:logGet(43)) - raft.server.storage.dir = [/workdir/hadoop-ozone/integration-test/target/test-dir/MiniOzoneClusterImpl-0445134e-5ee1-47c2-9f3a-343f5ba53be4/datanode-5/data/ratis] (custom)
2019-10-15 03:21:52,738 [pool-432-thread-1] INFO  server.RaftServerConfigKeys (ConfUtils.java:logGet(43)) - raft.server.log.corruption.policy = EXCEPTION (default)
2019-10-15 03:21:52,739 [pool-432-thread-1] INFO  storage.RaftStorageDirectory (RaftStorageDirectory.java:analyzeStorage(246)) - The storage directory /workdir/hadoop-ozone/integration-test/target/test-dir/MiniOzoneClusterImpl-0445134e-5ee1-47c2-9f3a-343f5ba53be4/datanode-5/data/ratis/4e00cb49-bb97-447c-bb8f-870fdbd3af61 does not exist. Creating ...
2019-10-15 03:21:52,742 [e2a8c572-74a6-4610-8293-be026958d719@group-F7F8E0C71AC7-SegmentedRaftLogWorker] INFO  segmented.SegmentedRaftLogWorker (SegmentedRaftLogWorker.java:execute(576)) - e2a8c572-74a6-4610-8293-be026958d719@group-F7F8E0C71AC7-SegmentedRaftLogWorker: created new log segment /workdir/hadoop-ozone/integration-test/target/test-dir/MiniOzoneClusterImpl-0445134e-5ee1-47c2-9f3a-343f5ba53be4/datanode-4/data/ratis/a642deb1-ab26-4d72-bc2d-f7f8e0c71ac7/current/log_inprogress_0
2019-10-15 03:21:52,742 [pool-432-thread-1] INFO  storage.RaftStorageDirectory (RaftStorageDirectory.java:tryLock(328)) - Lock on /workdir/hadoop-ozone/integration-test/target/test-dir/MiniOzoneClusterImpl-0445134e-5ee1-47c2-9f3a-343f5ba53be4/datanode-5/data/ratis/4e00cb49-bb97-447c-bb8f-870fdbd3af61/in_use.lock acquired by nodename 3330@pr-hdds-2305-c92ks-1629580955
2019-10-15 03:21:52,745 [pool-432-thread-1] INFO  storage.RaftStorage (RaftStorage.java:format(84)) - Storage directory /workdir/hadoop-ozone/integration-test/target/test-dir/MiniOzoneClusterImpl-0445134e-5ee1-47c2-9f3a-343f5ba53be4/datanode-5/data/ratis/4e00cb49-bb97-447c-bb8f-870fdbd3af61 has been successfully formatted.
2019-10-15 03:21:52,745 [pool-432-thread-1] INFO  ratis.ContainerStateMachine (ContainerStateMachine.java:loadSnapshot(231)) - group-870FDBD3AF61: The snapshot info is null. Setting the last applied indexto:(t:0, i:~)
2019-10-15 03:21:52,745 [pool-432-thread-1] INFO  server.RaftServerConfigKeys (ConfUtils.java:logGet(43)) - raft.server.notification.no-leader.timeout = 120s (custom)
2019-10-15 03:21:52,746 [pool-432-thread-1] INFO  server.RaftServerConfigKeys (ConfUtils.java:logGet(43)) - raft.server.log.use.memory = false (default)
2019-10-15 03:21:52,746 [pool-432-thread-1] INFO  server.RaftServerConfigKeys (ConfUtils.java:logGet(43)) - raft.server.log.purge.gap = 1000000 (custom)
2019-10-15 03:21:52,746 [pool-432-thread-1] INFO  server.RaftServerConfigKeys (ConfUtils.java:logGet(43)) - raft.server.log.appender.buffer.byte-limit = 33554432 (custom)
2019-10-15 03:21:52,746 [pool-432-thread-1] INFO  server.RaftServerConfigKeys (ConfUtils.java:logGet(43)) - raft.server.log.segment.size.max = 1048576 (custom)
2019-10-15 03:21:52,747 [pool-432-thread-1] INFO  server.RaftServerConfigKeys (ConfUtils.java:logGet(43)) - raft.server.log.segment.cache.num.max = 2 (custom)
2019-10-15 03:21:52,748 [pool-432-thread-1] INFO  segmented.SegmentedRaftLogWorker (SegmentedRaftLogWorker.java:<init>(173)) - new 8fae904a-777d-4f00-8aa1-034f5999d556@group-870FDBD3AF61-SegmentedRaftLogWorker for RaftStorage:Storage Directory /workdir/hadoop-ozone/integration-test/target/test-dir/MiniOzoneClusterImpl-0445134e-5ee1-47c2-9f3a-343f5ba53be4/datanode-5/data/ratis/4e00cb49-bb97-447c-bb8f-870fdbd3af61
2019-10-15 03:21:52,748 [pool-432-thread-1] INFO  server.RaftServerConfigKeys (ConfUtils.java:logGet(43)) - raft.server.log.queue.byte-limit = 2147483647 (custom)
2019-10-15 03:21:52,748 [pool-432-thread-1] INFO  server.RaftServerConfigKeys (ConfUtils.java:logGet(43)) - raft.server.log.queue.element-limit = 1024 (custom)
2019-10-15 03:21:52,748 [pool-432-thread-1] INFO  server.RaftServerConfigKeys (ConfUtils.java:logGet(43)) - raft.server.log.segment.size.max = 1048576 (custom)
2019-10-15 03:21:52,748 [pool-432-thread-1] INFO  server.RaftServerConfigKeys (ConfUtils.java:logGet(43)) - raft.server.log.preallocated.size = 16384 (custom)
2019-10-15 03:21:52,748 [pool-432-thread-1] INFO  server.RaftServerConfigKeys (ConfUtils.java:logGet(43)) - raft.server.log.write.buffer.size = 33554432 (custom)
2019-10-15 03:21:52,748 [pool-432-thread-1] INFO  server.RaftServerConfigKeys (ConfUtils.java:logGet(43)) - raft.server.log.force.sync.num = 128 (default)
2019-10-15 03:21:52,748 [pool-432-thread-1] INFO  server.RaftServerConfigKeys (ConfUtils.java:logGet(43)) - raft.server.log.statemachine.data.sync = true (default)
2019-10-15 03:21:52,748 [pool-432-thread-1] INFO  server.RaftServerConfigKeys (ConfUtils.java:logGet(43)) - raft.server.log.statemachine.data.sync.timeout = 10s (default)
2019-10-15 03:21:52,749 [pool-432-thread-1] INFO  server.RaftServerConfigKeys (ConfUtils.java:logGet(43)) - raft.server.log.statemachine.data.sync.timeout.retry = -1 (default)
2019-10-15 03:21:52,749 [pool-432-thread-1] INFO  server.RaftServerConfigKeys (ConfUtils.java:logGet(43)) - raft.server.log.statemachine.data.caching.enabled = true (custom)
2019-10-15 03:21:52,749 [pool-432-thread-1] INFO  segmented.SegmentedRaftLogWorker (SegmentedRaftLogWorker.java:lambda$new$0(128)) - 8fae904a-777d-4f00-8aa1-034f5999d556@group-870FDBD3AF61-SegmentedRaftLogWorker: flushIndex: setUnconditionally 0 -> -1
2019-10-15 03:21:52,749 [pool-432-thread-1] INFO  server.RaftServerConfigKeys (ConfUtils.java:logGet(43)) - raft.server.snapshot.auto.trigger.enabled = true (custom)
2019-10-15 03:21:52,749 [pool-432-thread-1] INFO  server.RaftServerConfigKeys (ConfUtils.java:logGet(43)) - raft.server.snapshot.auto.trigger.threshold = 10000 (custom)
2019-10-15 03:21:52,749 [pool-432-thread-1] INFO  server.RaftServerConfigKeys (ConfUtils.java:logGet(43)) - raft.server.snapshot.retention.file.num = 5 (custom)
2019-10-15 03:21:52,750 [pool-432-thread-1] INFO  server.RaftServerConfigKeys (ConfUtils.java:logGet(43)) - raft.server.retrycache.expirytime = 600000ms (custom)
2019-10-15 03:21:52,752 [pool-432-thread-1] INFO  impl.RaftServerImpl (RaftServerImpl.java:start(195)) - 8fae904a-777d-4f00-8aa1-034f5999d556@group-870FDBD3AF61: start as a follower, conf=-1: [8fae904a-777d-4f00-8aa1-034f5999d556:192.168.5.131:46414], old=null
2019-10-15 03:21:52,752 [pool-432-thread-1] INFO  impl.RaftServerImpl (RaftServerImpl.java:setRole(184)) - 8fae904a-777d-4f00-8aa1-034f5999d556@group-870FDBD3AF61: changes role from      null to FOLLOWER at term 0 for startAsFollower
2019-10-15 03:21:52,752 [pool-432-thread-1] INFO  impl.RoleInfo (RoleInfo.java:updateAndGet(143)) - 8fae904a-777d-4f00-8aa1-034f5999d556: start FollowerState
2019-10-15 03:21:52,752 [pool-432-thread-1] INFO  util.JmxRegister (JmxRegister.java:tryRegister(44)) - Successfully registered JMX Bean with object name Ratis:service=RaftServer,group=group-870FDBD3AF61,id=8fae904a-777d-4f00-8aa1-034f5999d556
2019-10-15 03:21:52,755 [RatisPipelineUtilsThread] INFO  pipeline.PipelineStateManager (PipelineStateManager.java:addPipeline(56)) - Created pipeline Pipeline[ Id: 4e00cb49-bb97-447c-bb8f-870fdbd3af61, Nodes: 8fae904a-777d-4f00-8aa1-034f5999d556{ip: 192.168.5.131, host: pr-hdds-2305-c92ks-1629580955, networkLocation: /default-rack, certSerialId: null}, Type:RATIS, Factor:ONE, State:OPEN]
2019-10-15 03:21:52,765 [Thread-10305] INFO  impl.FollowerState (FollowerState.java:run(108)) - 4c6a16c4-95d2-4ef7-9fc0-4f57ccbd9967@group-5FF82F29B6C0-FollowerState: change to CANDIDATE, lastRpcTime:73ms, electionTimeout:72ms
2019-10-15 03:21:52,765 [Thread-10305] INFO  impl.RoleInfo (RoleInfo.java:shutdownFollowerState(121)) - 4c6a16c4-95d2-4ef7-9fc0-4f57ccbd9967: shutdown FollowerState
2019-10-15 03:21:52,765 [Thread-10305] INFO  impl.RaftServerImpl (RaftServerImpl.java:setRole(184)) - 4c6a16c4-95d2-4ef7-9fc0-4f57ccbd9967@group-5FF82F29B6C0: changes role from  FOLLOWER to CANDIDATE at term 1295 for changeToCandidate
2019-10-15 03:21:52,765 [Thread-10310] INFO  impl.FollowerState (FollowerState.java:run(108)) - a3ea6d9b-aab9-4c0f-bb1a-cec21364bbc5@group-9CE7AAA2E446-FollowerState: change to CANDIDATE, lastRpcTime:65ms, electionTimeout:61ms
2019-10-15 03:21:52,765 [Thread-10305] ERROR ratis.XceiverServerRatis (XceiverServerRatis.java:triggerPipelineClose(582)) - pipeline Action CLOSE  on pipeline PipelineID=e4bf9835-e697-42f6-b211-5ff82f29b6c0.Reason : 4c6a16c4-95d2-4ef7-9fc0-4f57ccbd9967 is in candidate state for 167664ms
2019-10-15 03:21:52,765 [Thread-10305] INFO  impl.RoleInfo (RoleInfo.java:updateAndGet(143)) - 4c6a16c4-95d2-4ef7-9fc0-4f57ccbd9967: start LeaderElection
2019-10-15 03:21:52,765 [Thread-10310] INFO  impl.RoleInfo (RoleInfo.java:shutdownFollowerState(121)) - a3ea6d9b-aab9-4c0f-bb1a-cec21364bbc5: shutdown FollowerState
2019-10-15 03:21:52,765 [Thread-10310] INFO  impl.RaftServerImpl (RaftServerImpl.java:setRole(184)) - a3ea6d9b-aab9-4c0f-bb1a-cec21364bbc5@group-9CE7AAA2E446: changes role from  FOLLOWER to CANDIDATE at term 0 for changeToCandidate
2019-10-15 03:21:52,765 [Thread-10310] INFO  impl.RoleInfo (RoleInfo.java:updateAndGet(143)) - a3ea6d9b-aab9-4c0f-bb1a-cec21364bbc5: start LeaderElection
2019-10-15 03:21:52,782 [grpc-default-executor-5] INFO  impl.RaftServerProxy (RaftServerProxy.java:addNew(89)) - 8fae904a-777d-4f00-8aa1-034f5999d556: addNew group-C3C18E7F5E93:[e2a8c572-74a6-4610-8293-be026958d719:192.168.5.131:35509, 8fae904a-777d-4f00-8aa1-034f5999d556:192.168.5.131:46414, a3ea6d9b-aab9-4c0f-bb1a-cec21364bbc5:192.168.5.131:39283] returns group-C3C18E7F5E93:java.util.concurrent.CompletableFuture@fd9d9ee[Not completed]
2019-10-15 03:21:52,782 [grpc-default-executor-4] INFO  impl.RaftServerProxy (RaftServerProxy.java:addNew(89)) - e2a8c572-74a6-4610-8293-be026958d719: addNew group-C3C18E7F5E93:[e2a8c572-74a6-4610-8293-be026958d719:192.168.5.131:35509, 8fae904a-777d-4f00-8aa1-034f5999d556:192.168.5.131:46414, a3ea6d9b-aab9-4c0f-bb1a-cec21364bbc5:192.168.5.131:39283] returns group-C3C18E7F5E93:java.util.concurrent.CompletableFuture@74ae5cc4[Not completed]
2019-10-15 03:21:52,782 [grpc-default-executor-6] INFO  impl.RaftServerProxy (RaftServerProxy.java:addNew(89)) - a3ea6d9b-aab9-4c0f-bb1a-cec21364bbc5: addNew group-C3C18E7F5E93:[e2a8c572-74a6-4610-8293-be026958d719:192.168.5.131:35509, 8fae904a-777d-4f00-8aa1-034f5999d556:192.168.5.131:46414, a3ea6d9b-aab9-4c0f-bb1a-cec21364bbc5:192.168.5.131:39283] returns group-C3C18E7F5E93:java.util.concurrent.CompletableFuture@620a84b3[Not completed]
2019-10-15 03:21:52,783 [pool-432-thread-1] INFO  impl.RaftServerImpl (RaftServerImpl.java:<init>(104)) - 8fae904a-777d-4f00-8aa1-034f5999d556: new RaftServerImpl for group-C3C18E7F5E93:[e2a8c572-74a6-4610-8293-be026958d719:192.168.5.131:35509, 8fae904a-777d-4f00-8aa1-034f5999d556:192.168.5.131:46414, a3ea6d9b-aab9-4c0f-bb1a-cec21364bbc5:192.168.5.131:39283] with ContainerStateMachine:uninitialized
2019-10-15 03:21:52,783 [pool-432-thread-1] INFO  server.RaftServerConfigKeys (ConfUtils.java:logGet(43)) - raft.server.rpc.timeout.min = 5s (custom)
2019-10-15 03:21:52,783 [pool-432-thread-1] INFO  server.RaftServerConfigKeys (ConfUtils.java:logGet(43)) - raft.server.rpc.timeout.max = 5200ms (custom)
2019-10-15 03:21:52,783 [pool-432-thread-1] INFO  server.RaftServerConfigKeys (ConfUtils.java:logGet(43)) - raft.server.rpcslowness.timeout = 120s (custom)
2019-10-15 03:21:52,783 [pool-432-thread-1] INFO  server.RaftServerConfigKeys (ConfUtils.java:logGet(43)) - raft.server.sleep.deviation.threshold = 300 (default)
2019-10-15 03:21:52,783 [pool-432-thread-1] INFO  server.RaftServerConfigKeys (ConfUtils.java:logGet(43)) - raft.server.log.appender.install.snapshot.enabled = false (custom)
2019-10-15 03:21:52,783 [pool-432-thread-1] INFO  impl.RaftServerImpl (ServerState.java:<init>(103)) - 8fae904a-777d-4f00-8aa1-034f5999d556@group-C3C18E7F5E93: ConfigurationManager, init=-1: [e2a8c572-74a6-4610-8293-be026958d719:192.168.5.131:35509, 8fae904a-777d-4f00-8aa1-034f5999d556:192.168.5.131:46414, a3ea6d9b-aab9-4c0f-bb1a-cec21364bbc5:192.168.5.131:39283], old=null, confs=<EMPTY_MAP>
2019-10-15 03:21:52,783 [pool-432-thread-1] INFO  server.RaftServerConfigKeys (ConfUtils.java:logGet(43)) - raft.server.storage.dir = [/workdir/hadoop-ozone/integration-test/target/test-dir/MiniOzoneClusterImpl-0445134e-5ee1-47c2-9f3a-343f5ba53be4/datanode-5/data/ratis] (custom)
2019-10-15 03:21:52,783 [pool-422-thread-1] INFO  impl.RaftServerImpl (RaftServerImpl.java:<init>(104)) - e2a8c572-74a6-4610-8293-be026958d719: new RaftServerImpl for group-C3C18E7F5E93:[e2a8c572-74a6-4610-8293-be026958d719:192.168.5.131:35509, 8fae904a-777d-4f00-8aa1-034f5999d556:192.168.5.131:46414, a3ea6d9b-aab9-4c0f-bb1a-cec21364bbc5:192.168.5.131:39283] with ContainerStateMachine:uninitialized
2019-10-15 03:21:52,783 [pool-432-thread-1] INFO  server.RaftServerConfigKeys (ConfUtils.java:logGet(43)) - raft.server.log.corruption.policy = EXCEPTION (default)
2019-10-15 03:21:52,784 [pool-422-thread-1] INFO  server.RaftServerConfigKeys (ConfUtils.java:logGet(43)) - raft.server.rpc.timeout.min = 5s (custom)
2019-10-15 03:21:52,784 [pool-432-thread-1] INFO  storage.RaftStorageDirectory (RaftStorageDirectory.java:analyzeStorage(246)) - The storage directory /workdir/hadoop-ozone/integration-test/target/test-dir/MiniOzoneClusterImpl-0445134e-5ee1-47c2-9f3a-343f5ba53be4/datanode-5/data/ratis/8de1897c-3f13-4bd7-96e5-c3c18e7f5e93 does not exist. Creating ...
2019-10-15 03:21:52,784 [pool-422-thread-1] INFO  server.RaftServerConfigKeys (ConfUtils.java:logGet(43)) - raft.server.rpc.timeout.max = 5200ms (custom)
2019-10-15 03:21:52,784 [pool-422-thread-1] INFO  server.RaftServerConfigKeys (ConfUtils.java:logGet(43)) - raft.server.rpcslowness.timeout = 120s (custom)
2019-10-15 03:21:52,784 [pool-412-thread-1] INFO  impl.RaftServerImpl (RaftServerImpl.java:<init>(104)) - a3ea6d9b-aab9-4c0f-bb1a-cec21364bbc5: new RaftServerImpl for group-C3C18E7F5E93:[e2a8c572-74a6-4610-8293-be026958d719:192.168.5.131:35509, 8fae904a-777d-4f00-8aa1-034f5999d556:192.168.5.131:46414, a3ea6d9b-aab9-4c0f-bb1a-cec21364bbc5:192.168.5.131:39283] with ContainerStateMachine:uninitialized
2019-10-15 03:21:52,784 [pool-422-thread-1] INFO  server.RaftServerConfigKeys (ConfUtils.java:logGet(43)) - raft.server.sleep.deviation.threshold = 300 (default)
2019-10-15 03:21:52,784 [pool-412-thread-1] INFO  server.RaftServerConfigKeys (ConfUtils.java:logGet(43)) - raft.server.rpc.timeout.min = 5s (custom)
2019-10-15 03:21:52,784 [pool-422-thread-1] INFO  server.RaftServerConfigKeys (ConfUtils.java:logGet(43)) - raft.server.log.appender.install.snapshot.enabled = false (custom)
2019-10-15 03:21:52,784 [pool-412-thread-1] INFO  server.RaftServerConfigKeys (ConfUtils.java:logGet(43)) - raft.server.rpc.timeout.max = 5200ms (custom)
2019-10-15 03:21:52,785 [pool-422-thread-1] INFO  impl.RaftServerImpl (ServerState.java:<init>(103)) - e2a8c572-74a6-4610-8293-be026958d719@group-C3C18E7F5E93: ConfigurationManager, init=-1: [e2a8c572-74a6-4610-8293-be026958d719:192.168.5.131:35509, 8fae904a-777d-4f00-8aa1-034f5999d556:192.168.5.131:46414, a3ea6d9b-aab9-4c0f-bb1a-cec21364bbc5:192.168.5.131:39283], old=null, confs=<EMPTY_MAP>
2019-10-15 03:21:52,785 [pool-412-thread-1] INFO  server.RaftServerConfigKeys (ConfUtils.java:logGet(43)) - raft.server.rpcslowness.timeout = 120s (custom)
2019-10-15 03:21:52,785 [pool-422-thread-1] INFO  server.RaftServerConfigKeys (ConfUtils.java:logGet(43)) - raft.server.storage.dir = [/workdir/hadoop-ozone/integration-test/target/test-dir/MiniOzoneClusterImpl-0445134e-5ee1-47c2-9f3a-343f5ba53be4/datanode-4/data/ratis] (custom)
2019-10-15 03:21:52,785 [pool-412-thread-1] INFO  server.RaftServerConfigKeys (ConfUtils.java:logGet(43)) - raft.server.sleep.deviation.threshold = 300 (default)
2019-10-15 03:21:52,785 [pool-412-thread-1] INFO  server.RaftServerConfigKeys (ConfUtils.java:logGet(43)) - raft.server.log.appender.install.snapshot.enabled = false (custom)
2019-10-15 03:21:52,785 [pool-412-thread-1] INFO  impl.RaftServerImpl (ServerState.java:<init>(103)) - a3ea6d9b-aab9-4c0f-bb1a-cec21364bbc5@group-C3C18E7F5E93: ConfigurationManager, init=-1: [e2a8c572-74a6-4610-8293-be026958d719:192.168.5.131:35509, 8fae904a-777d-4f00-8aa1-034f5999d556:192.168.5.131:46414, a3ea6d9b-aab9-4c0f-bb1a-cec21364bbc5:192.168.5.131:39283], old=null, confs=<EMPTY_MAP>
2019-10-15 03:21:52,786 [pool-412-thread-1] INFO  server.RaftServerConfigKeys (ConfUtils.java:logGet(43)) - raft.server.storage.dir = [/workdir/hadoop-ozone/integration-test/target/test-dir/MiniOzoneClusterImpl-0445134e-5ee1-47c2-9f3a-343f5ba53be4/datanode-3/data/ratis] (custom)
2019-10-15 03:21:52,786 [pool-422-thread-1] INFO  server.RaftServerConfigKeys (ConfUtils.java:logGet(43)) - raft.server.log.corruption.policy = EXCEPTION (default)
2019-10-15 03:21:52,786 [pool-412-thread-1] INFO  server.RaftServerConfigKeys (ConfUtils.java:logGet(43)) - raft.server.log.corruption.policy = EXCEPTION (default)
2019-10-15 03:21:52,787 [pool-422-thread-1] INFO  storage.RaftStorageDirectory (RaftStorageDirectory.java:analyzeStorage(246)) - The storage directory /workdir/hadoop-ozone/integration-test/target/test-dir/MiniOzoneClusterImpl-0445134e-5ee1-47c2-9f3a-343f5ba53be4/datanode-4/data/ratis/8de1897c-3f13-4bd7-96e5-c3c18e7f5e93 does not exist. Creating ...
2019-10-15 03:21:52,787 [pool-412-thread-1] INFO  storage.RaftStorageDirectory (RaftStorageDirectory.java:analyzeStorage(246)) - The storage directory /workdir/hadoop-ozone/integration-test/target/test-dir/MiniOzoneClusterImpl-0445134e-5ee1-47c2-9f3a-343f5ba53be4/datanode-3/data/ratis/8de1897c-3f13-4bd7-96e5-c3c18e7f5e93 does not exist. Creating ...
2019-10-15 03:21:52,787 [pool-432-thread-1] INFO  storage.RaftStorageDirectory (RaftStorageDirectory.java:tryLock(328)) - Lock on /workdir/hadoop-ozone/integration-test/target/test-dir/MiniOzoneClusterImpl-0445134e-5ee1-47c2-9f3a-343f5ba53be4/datanode-5/data/ratis/8de1897c-3f13-4bd7-96e5-c3c18e7f5e93/in_use.lock acquired by nodename 3330@pr-hdds-2305-c92ks-1629580955
2019-10-15 03:21:52,787 [a3ea6d9b-aab9-4c0f-bb1a-cec21364bbc5@group-9CE7AAA2E446-LeaderElection1248] INFO  impl.LeaderElection (LeaderElection.java:askForVotes(178)) - a3ea6d9b-aab9-4c0f-bb1a-cec21364bbc5@group-9CE7AAA2E446-LeaderElection1248: begin an election at term 1 for -1: [a3ea6d9b-aab9-4c0f-bb1a-cec21364bbc5:192.168.5.131:39283], old=null
2019-10-15 03:21:52,787 [4c6a16c4-95d2-4ef7-9fc0-4f57ccbd9967@group-5FF82F29B6C0-LeaderElection1247] INFO  impl.LeaderElection (LeaderElection.java:askForVotes(178)) - 4c6a16c4-95d2-4ef7-9fc0-4f57ccbd9967@group-5FF82F29B6C0-LeaderElection1247: begin an election at term 1296 for -1: [4c6a16c4-95d2-4ef7-9fc0-4f57ccbd9967:192.168.5.131:39112, 742c26a8-c271-430a-a05a-c8bba3fa6d96:192.168.5.131:42235, a910346c-1ee2-4cdc-a6d8-644a3a4f0b7f:192.168.5.131:38193], old=null
2019-10-15 03:21:52,787 [a3ea6d9b-aab9-4c0f-bb1a-cec21364bbc5@group-9CE7AAA2E446-LeaderElection1248] INFO  impl.RoleInfo (RoleInfo.java:shutdownLeaderElection(134)) - a3ea6d9b-aab9-4c0f-bb1a-cec21364bbc5: shutdown LeaderElection
2019-10-15 03:21:52,788 [a3ea6d9b-aab9-4c0f-bb1a-cec21364bbc5@group-9CE7AAA2E446-LeaderElection1248] INFO  impl.RaftServerImpl (RaftServerImpl.java:setRole(184)) - a3ea6d9b-aab9-4c0f-bb1a-cec21364bbc5@group-9CE7AAA2E446: changes role from CANDIDATE to LEADER at term 1 for changeToLeader
2019-10-15 03:21:52,788 [a3ea6d9b-aab9-4c0f-bb1a-cec21364bbc5@group-9CE7AAA2E446-LeaderElection1248] INFO  impl.RaftServerImpl (ServerState.java:setLeader(256)) - a3ea6d9b-aab9-4c0f-bb1a-cec21364bbc5@group-9CE7AAA2E446: change Leader from null to a3ea6d9b-aab9-4c0f-bb1a-cec21364bbc5 at term 1 for becomeLeader, leader elected after 94ms
2019-10-15 03:21:52,788 [a3ea6d9b-aab9-4c0f-bb1a-cec21364bbc5@group-9CE7AAA2E446-LeaderElection1248] INFO  server.RaftServerConfigKeys (ConfUtils.java:logGet(43)) - raft.server.staging.catchup.gap = 1000 (default)
2019-10-15 03:21:52,788 [a3ea6d9b-aab9-4c0f-bb1a-cec21364bbc5@group-9CE7AAA2E446-LeaderElection1248] INFO  server.RaftServerConfigKeys (ConfUtils.java:logGet(43)) - raft.server.rpc.sleep.time = 25ms (default)
2019-10-15 03:21:52,788 [a3ea6d9b-aab9-4c0f-bb1a-cec21364bbc5@group-9CE7AAA2E446-LeaderElection1248] INFO  server.RaftServerConfigKeys (ConfUtils.java:logGet(43)) - raft.server.write.element-limit = 4096 (default)
2019-10-15 03:21:52,788 [a3ea6d9b-aab9-4c0f-bb1a-cec21364bbc5@group-9CE7AAA2E446-LeaderElection1248] INFO  server.RaftServerConfigKeys (ConfUtils.java:logGet(43)) - raft.server.watch.timeout = 10s (default)
2019-10-15 03:21:52,788 [a3ea6d9b-aab9-4c0f-bb1a-cec21364bbc5@group-9CE7AAA2E446-LeaderElection1248] INFO  server.RaftServerConfigKeys (ConfUtils.java:logGet(43)) - raft.server.watch.timeout.denomination = 1s (default)
2019-10-15 03:21:52,788 [a3ea6d9b-aab9-4c0f-bb1a-cec21364bbc5@group-9CE7AAA2E446-LeaderElection1248] INFO  server.RaftServerConfigKeys (ConfUtils.java:logGet(43)) - raft.server.watch.element-limit = 65536 (default)
2019-10-15 03:21:52,788 [grpc-default-executor-6] INFO  impl.RaftServerImpl (RaftServerImpl.java:setRole(184)) - 742c26a8-c271-430a-a05a-c8bba3fa6d96@group-5FF82F29B6C0: changes role from  FOLLOWER to FOLLOWER at term 1296 for recognizeCandidate:4c6a16c4-95d2-4ef7-9fc0-4f57ccbd9967
2019-10-15 03:21:52,789 [grpc-default-executor-6] INFO  impl.RoleInfo (RoleInfo.java:shutdownFollowerState(121)) - 742c26a8-c271-430a-a05a-c8bba3fa6d96: shutdown FollowerState
2019-10-15 03:21:52,789 [grpc-default-executor-6] INFO  impl.RoleInfo (RoleInfo.java:updateAndGet(143)) - 742c26a8-c271-430a-a05a-c8bba3fa6d96: start FollowerState
2019-10-15 03:21:52,789 [Thread-10302] INFO  impl.FollowerState (FollowerState.java:run(117)) - 742c26a8-c271-430a-a05a-c8bba3fa6d96@group-5FF82F29B6C0-FollowerState was interrupted: java.lang.InterruptedException: sleep interrupted
2019-10-15 03:21:52,789 [grpc-default-executor-4] INFO  impl.RaftServerImpl (RaftServerImpl.java:setRole(184)) - a910346c-1ee2-4cdc-a6d8-644a3a4f0b7f@group-5FF82F29B6C0: changes role from  FOLLOWER to FOLLOWER at term 1296 for recognizeCandidate:4c6a16c4-95d2-4ef7-9fc0-4f57ccbd9967
2019-10-15 03:21:52,789 [grpc-default-executor-4] INFO  impl.RoleInfo (RoleInfo.java:shutdownFollowerState(121)) - a910346c-1ee2-4cdc-a6d8-644a3a4f0b7f: shutdown FollowerState
2019-10-15 03:21:52,789 [pool-412-thread-1] INFO  storage.RaftStorageDirectory (RaftStorageDirectory.java:tryLock(328)) - Lock on /workdir/hadoop-ozone/integration-test/target/test-dir/MiniOzoneClusterImpl-0445134e-5ee1-47c2-9f3a-343f5ba53be4/datanode-3/data/ratis/8de1897c-3f13-4bd7-96e5-c3c18e7f5e93/in_use.lock acquired by nodename 3330@pr-hdds-2305-c92ks-1629580955
2019-10-15 03:21:52,789 [Thread-10303] INFO  impl.FollowerState (FollowerState.java:run(117)) - a910346c-1ee2-4cdc-a6d8-644a3a4f0b7f@group-5FF82F29B6C0-FollowerState was interrupted: java.lang.InterruptedException: sleep interrupted
2019-10-15 03:21:52,789 [pool-422-thread-1] INFO  storage.RaftStorageDirectory (RaftStorageDirectory.java:tryLock(328)) - Lock on /workdir/hadoop-ozone/integration-test/target/test-dir/MiniOzoneClusterImpl-0445134e-5ee1-47c2-9f3a-343f5ba53be4/datanode-4/data/ratis/8de1897c-3f13-4bd7-96e5-c3c18e7f5e93/in_use.lock acquired by nodename 3330@pr-hdds-2305-c92ks-1629580955
2019-10-15 03:21:52,789 [grpc-default-executor-4] INFO  impl.RoleInfo (RoleInfo.java:updateAndGet(143)) - a910346c-1ee2-4cdc-a6d8-644a3a4f0b7f: start FollowerState
2019-10-15 03:21:52,790 [a3ea6d9b-aab9-4c0f-bb1a-cec21364bbc5@group-9CE7AAA2E446-LeaderElection1248] INFO  impl.RoleInfo (RoleInfo.java:updateAndGet(143)) - a3ea6d9b-aab9-4c0f-bb1a-cec21364bbc5: start LeaderState
2019-10-15 03:21:52,790 [a3ea6d9b-aab9-4c0f-bb1a-cec21364bbc5@group-9CE7AAA2E446-LeaderElection1248] INFO  segmented.SegmentedRaftLogWorker (SegmentedRaftLogWorker.java:startLogSegment(385)) - a3ea6d9b-aab9-4c0f-bb1a-cec21364bbc5@group-9CE7AAA2E446-SegmentedRaftLogWorker: Starting segment from index:0
2019-10-15 03:21:52,790 [a3ea6d9b-aab9-4c0f-bb1a-cec21364bbc5@group-9CE7AAA2E446-LeaderElection1248] INFO  impl.RaftServerImpl (ServerState.java:setRaftConf(357)) - a3ea6d9b-aab9-4c0f-bb1a-cec21364bbc5@group-9CE7AAA2E446: set configuration 0: [a3ea6d9b-aab9-4c0f-bb1a-cec21364bbc5:192.168.5.131:39283], old=null at 0
2019-10-15 03:21:52,791 [pool-432-thread-1] INFO  storage.RaftStorage (RaftStorage.java:format(84)) - Storage directory /workdir/hadoop-ozone/integration-test/target/test-dir/MiniOzoneClusterImpl-0445134e-5ee1-47c2-9f3a-343f5ba53be4/datanode-5/data/ratis/8de1897c-3f13-4bd7-96e5-c3c18e7f5e93 has been successfully formatted.
2019-10-15 03:21:52,791 [pool-432-thread-1] INFO  ratis.ContainerStateMachine (ContainerStateMachine.java:loadSnapshot(231)) - group-C3C18E7F5E93: The snapshot info is null. Setting the last applied indexto:(t:0, i:~)
2019-10-15 03:21:52,791 [pool-432-thread-1] INFO  server.RaftServerConfigKeys (ConfUtils.java:logGet(43)) - raft.server.notification.no-leader.timeout = 120s (custom)
2019-10-15 03:21:52,791 [pool-432-thread-1] INFO  server.RaftServerConfigKeys (ConfUtils.java:logGet(43)) - raft.server.log.use.memory = false (default)
2019-10-15 03:21:52,792 [pool-432-thread-1] INFO  server.RaftServerConfigKeys (ConfUtils.java:logGet(43)) - raft.server.log.purge.gap = 1000000 (custom)
2019-10-15 03:21:52,792 [pool-432-thread-1] INFO  server.RaftServerConfigKeys (ConfUtils.java:logGet(43)) - raft.server.log.appender.buffer.byte-limit = 33554432 (custom)
2019-10-15 03:21:52,792 [pool-432-thread-1] INFO  server.RaftServerConfigKeys (ConfUtils.java:logGet(43)) - raft.server.log.segment.size.max = 1048576 (custom)
2019-10-15 03:21:52,792 [pool-432-thread-1] INFO  server.RaftServerConfigKeys (ConfUtils.java:logGet(43)) - raft.server.log.segment.cache.num.max = 2 (custom)
2019-10-15 03:21:52,792 [pool-432-thread-1] INFO  segmented.SegmentedRaftLogWorker (SegmentedRaftLogWorker.java:<init>(173)) - new 8fae904a-777d-4f00-8aa1-034f5999d556@group-C3C18E7F5E93-SegmentedRaftLogWorker for RaftStorage:Storage Directory /workdir/hadoop-ozone/integration-test/target/test-dir/MiniOzoneClusterImpl-0445134e-5ee1-47c2-9f3a-343f5ba53be4/datanode-5/data/ratis/8de1897c-3f13-4bd7-96e5-c3c18e7f5e93
2019-10-15 03:21:52,792 [pool-432-thread-1] INFO  server.RaftServerConfigKeys (ConfUtils.java:logGet(43)) - raft.server.log.queue.byte-limit = 2147483647 (custom)
2019-10-15 03:21:52,792 [pool-432-thread-1] INFO  server.RaftServerConfigKeys (ConfUtils.java:logGet(43)) - raft.server.log.queue.element-limit = 1024 (custom)
2019-10-15 03:21:52,792 [pool-432-thread-1] INFO  server.RaftServerConfigKeys (ConfUtils.java:logGet(43)) - raft.server.log.segment.size.max = 1048576 (custom)
2019-10-15 03:21:52,792 [pool-432-thread-1] INFO  server.RaftServerConfigKeys (ConfUtils.java:logGet(43)) - raft.server.log.preallocated.size = 16384 (custom)
2019-10-15 03:21:52,792 [pool-432-thread-1] INFO  server.RaftServerConfigKeys (ConfUtils.java:logGet(43)) - raft.server.log.write.buffer.size = 33554432 (custom)
2019-10-15 03:21:52,792 [pool-432-thread-1] INFO  server.RaftServerConfigKeys (ConfUtils.java:logGet(43)) - raft.server.log.force.sync.num = 128 (default)
2019-10-15 03:21:52,793 [pool-432-thread-1] INFO  server.RaftServerConfigKeys (ConfUtils.java:logGet(43)) - raft.server.log.statemachine.data.sync = true (default)
2019-10-15 03:21:52,793 [pool-432-thread-1] INFO  server.RaftServerConfigKeys (ConfUtils.java:logGet(43)) - raft.server.log.statemachine.data.sync.timeout = 10s (default)
2019-10-15 03:21:52,793 [pool-432-thread-1] INFO  server.RaftServerConfigKeys (ConfUtils.java:logGet(43)) - raft.server.log.statemachine.data.sync.timeout.retry = -1 (default)
2019-10-15 03:21:52,793 [pool-432-thread-1] INFO  server.RaftServerConfigKeys (ConfUtils.java:logGet(43)) - raft.server.log.statemachine.data.caching.enabled = true (custom)
2019-10-15 03:21:52,793 [pool-432-thread-1] INFO  segmented.SegmentedRaftLogWorker (SegmentedRaftLogWorker.java:lambda$new$0(128)) - 8fae904a-777d-4f00-8aa1-034f5999d556@group-C3C18E7F5E93-SegmentedRaftLogWorker: flushIndex: setUnconditionally 0 -> -1
2019-10-15 03:21:52,793 [pool-432-thread-1] INFO  server.RaftServerConfigKeys (ConfUtils.java:logGet(43)) - raft.server.snapshot.auto.trigger.enabled = true (custom)
2019-10-15 03:21:52,794 [pool-432-thread-1] INFO  server.RaftServerConfigKeys (ConfUtils.java:logGet(43)) - raft.server.snapshot.auto.trigger.threshold = 10000 (custom)
2019-10-15 03:21:52,794 [pool-432-thread-1] INFO  server.RaftServerConfigKeys (ConfUtils.java:logGet(43)) - raft.server.snapshot.retention.file.num = 5 (custom)
2019-10-15 03:21:52,794 [pool-432-thread-1] INFO  server.RaftServerConfigKeys (ConfUtils.java:logGet(43)) - raft.server.retrycache.expirytime = 600000ms (custom)
2019-10-15 03:21:52,795 [IPC Server handler 4 on 45412] INFO  net.NetworkTopology (NetworkTopologyImpl.java:add(111)) - Added a new node: /default-rack/794bd6a6-a7ff-41cc-9dfa-f048d3080987
2019-10-15 03:21:52,795 [pool-432-thread-1] INFO  impl.RaftServerImpl (RaftServerImpl.java:start(195)) - 8fae904a-777d-4f00-8aa1-034f5999d556@group-C3C18E7F5E93: start as a follower, conf=-1: [e2a8c572-74a6-4610-8293-be026958d719:192.168.5.131:35509, 8fae904a-777d-4f00-8aa1-034f5999d556:192.168.5.131:46414, a3ea6d9b-aab9-4c0f-bb1a-cec21364bbc5:192.168.5.131:39283], old=null
2019-10-15 03:21:52,795 [4c6a16c4-95d2-4ef7-9fc0-4f57ccbd9967@group-5FF82F29B6C0-LeaderElection1247] INFO  impl.LeaderElection (LeaderElection.java:logAndReturn(56)) - 4c6a16c4-95d2-4ef7-9fc0-4f57ccbd9967@group-5FF82F29B6C0-LeaderElection1247: Election REJECTED; received 2 response(s) [4c6a16c4-95d2-4ef7-9fc0-4f57ccbd9967<-742c26a8-c271-430a-a05a-c8bba3fa6d96#0:FAIL-t1296, 4c6a16c4-95d2-4ef7-9fc0-4f57ccbd9967<-a910346c-1ee2-4cdc-a6d8-644a3a4f0b7f#0:FAIL-t1296] and 0 exception(s); 4c6a16c4-95d2-4ef7-9fc0-4f57ccbd9967@group-5FF82F29B6C0:t1296, leader=null, voted=4c6a16c4-95d2-4ef7-9fc0-4f57ccbd9967, raftlog=4c6a16c4-95d2-4ef7-9fc0-4f57ccbd9967@group-5FF82F29B6C0-SegmentedRaftLog:OPENED:c-1,f-1,i0, conf=-1: [4c6a16c4-95d2-4ef7-9fc0-4f57ccbd9967:192.168.5.131:39112, 742c26a8-c271-430a-a05a-c8bba3fa6d96:192.168.5.131:42235, a910346c-1ee2-4cdc-a6d8-644a3a4f0b7f:192.168.5.131:38193], old=null
2019-10-15 03:21:52,795 [pool-432-thread-1] INFO  impl.RaftServerImpl (RaftServerImpl.java:setRole(184)) - 8fae904a-777d-4f00-8aa1-034f5999d556@group-C3C18E7F5E93: changes role from      null to FOLLOWER at term 0 for startAsFollower
2019-10-15 03:21:52,795 [IPC Server handler 4 on 45412] INFO  node.SCMNodeManager (SCMNodeManager.java:register(268)) - Registered Data node : 794bd6a6-a7ff-41cc-9dfa-f048d3080987{ip: 192.168.5.131, host: pr-hdds-2305-c92ks-1629580955, networkLocation: /default-rack, certSerialId: null}
2019-10-15 03:21:52,795 [pool-432-thread-1] INFO  impl.RoleInfo (RoleInfo.java:updateAndGet(143)) - 8fae904a-777d-4f00-8aa1-034f5999d556: start FollowerState
2019-10-15 03:21:52,795 [4c6a16c4-95d2-4ef7-9fc0-4f57ccbd9967@group-5FF82F29B6C0-LeaderElection1247] INFO  impl.RaftServerImpl (RaftServerImpl.java:setRole(184)) - 4c6a16c4-95d2-4ef7-9fc0-4f57ccbd9967@group-5FF82F29B6C0: changes role from CANDIDATE to FOLLOWER at term 1296 for DISCOVERED_A_NEW_TERM
2019-10-15 03:21:52,796 [4c6a16c4-95d2-4ef7-9fc0-4f57ccbd9967@group-5FF82F29B6C0-LeaderElection1247] INFO  impl.RoleInfo (RoleInfo.java:shutdownLeaderElection(134)) - 4c6a16c4-95d2-4ef7-9fc0-4f57ccbd9967: shutdown LeaderElection
2019-10-15 03:21:52,796 [4c6a16c4-95d2-4ef7-9fc0-4f57ccbd9967@group-5FF82F29B6C0-LeaderElection1247] INFO  impl.RoleInfo (RoleInfo.java:updateAndGet(143)) - 4c6a16c4-95d2-4ef7-9fc0-4f57ccbd9967: start FollowerState
2019-10-15 03:21:52,796 [pool-432-thread-1] INFO  util.JmxRegister (JmxRegister.java:tryRegister(44)) - Successfully registered JMX Bean with object name Ratis:service=RaftServer,group=group-C3C18E7F5E93,id=8fae904a-777d-4f00-8aa1-034f5999d556
2019-10-15 03:21:52,802 [main] INFO  ozone.MiniOzoneClusterImpl (MiniOzoneClusterImpl.java:lambda$waitForClusterToBeReady$0(147)) - Cluster is ready. Got 7 of 7 DN Heartbeats.
2019-10-15 03:21:52,805 [pool-422-thread-1] INFO  storage.RaftStorage (RaftStorage.java:format(84)) - Storage directory /workdir/hadoop-ozone/integration-test/target/test-dir/MiniOzoneClusterImpl-0445134e-5ee1-47c2-9f3a-343f5ba53be4/datanode-4/data/ratis/8de1897c-3f13-4bd7-96e5-c3c18e7f5e93 has been successfully formatted.
2019-10-15 03:21:52,805 [pool-412-thread-1] INFO  storage.RaftStorage (RaftStorage.java:format(84)) - Storage directory /workdir/hadoop-ozone/integration-test/target/test-dir/MiniOzoneClusterImpl-0445134e-5ee1-47c2-9f3a-343f5ba53be4/datanode-3/data/ratis/8de1897c-3f13-4bd7-96e5-c3c18e7f5e93 has been successfully formatted.
2019-10-15 03:21:52,805 [pool-422-thread-1] INFO  ratis.ContainerStateMachine (ContainerStateMachine.java:loadSnapshot(231)) - group-C3C18E7F5E93: The snapshot info is null. Setting the last applied indexto:(t:0, i:~)
2019-10-15 03:21:52,838 [pool-412-thread-1] INFO  ratis.ContainerStateMachine (ContainerStateMachine.java:loadSnapshot(231)) - group-C3C18E7F5E93: The snapshot info is null. Setting the last applied indexto:(t:0, i:~)
2019-10-15 03:21:52,838 [Thread-10313] INFO  impl.FollowerState (FollowerState.java:run(108)) - 8fae904a-777d-4f00-8aa1-034f5999d556@group-870FDBD3AF61-FollowerState: change to CANDIDATE, lastRpcTime:85ms, electionTimeout:74ms
2019-10-15 03:21:52,862 [a3ea6d9b-aab9-4c0f-bb1a-cec21364bbc5@group-9CE7AAA2E446-SegmentedRaftLogWorker] INFO  segmented.SegmentedRaftLogWorker (SegmentedRaftLogWorker.java:execute(576)) - a3ea6d9b-aab9-4c0f-bb1a-cec21364bbc5@group-9CE7AAA2E446-SegmentedRaftLogWorker: created new log segment /workdir/hadoop-ozone/integration-test/target/test-dir/MiniOzoneClusterImpl-0445134e-5ee1-47c2-9f3a-343f5ba53be4/datanode-3/data/ratis/fca2b043-389f-43b9-9a90-9ce7aaa2e446/current/log_inprogress_0
2019-10-15 03:21:52,838 [pool-412-thread-1] INFO  server.RaftServerConfigKeys (ConfUtils.java:logGet(43)) - raft.server.notification.no-leader.timeout = 120s (custom)
2019-10-15 03:21:52,838 [pool-422-thread-1] INFO  server.RaftServerConfigKeys (ConfUtils.java:logGet(43)) - raft.server.notification.no-leader.timeout = 120s (custom)
2019-10-15 03:21:52,875 [pool-412-thread-1] INFO  server.RaftServerConfigKeys (ConfUtils.java:logGet(43)) - raft.server.log.use.memory = false (default)
2019-10-15 03:21:52,874 [Thread-10313] INFO  impl.RoleInfo (RoleInfo.java:shutdownFollowerState(121)) - 8fae904a-777d-4f00-8aa1-034f5999d556: shutdown FollowerState
2019-10-15 03:21:52,875 [pool-412-thread-1] INFO  server.RaftServerConfigKeys (ConfUtils.java:logGet(43)) - raft.server.log.purge.gap = 1000000 (custom)
2019-10-15 03:21:52,875 [pool-422-thread-1] INFO  server.RaftServerConfigKeys (ConfUtils.java:logGet(43)) - raft.server.log.use.memory = false (default)
2019-10-15 03:21:52,876 [pool-412-thread-1] INFO  server.RaftServerConfigKeys (ConfUtils.java:logGet(43)) - raft.server.log.appender.buffer.byte-limit = 33554432 (custom)
2019-10-15 03:21:52,875 [Thread-10313] INFO  impl.RaftServerImpl (RaftServerImpl.java:setRole(184)) - 8fae904a-777d-4f00-8aa1-034f5999d556@group-870FDBD3AF61: changes role from  FOLLOWER to CANDIDATE at term 0 for changeToCandidate
2019-10-15 03:21:52,876 [pool-412-thread-1] INFO  server.RaftServerConfigKeys (ConfUtils.java:logGet(43)) - raft.server.log.segment.size.max = 1048576 (custom)
2019-10-15 03:21:52,876 [pool-422-thread-1] INFO  server.RaftServerConfigKeys (ConfUtils.java:logGet(43)) - raft.server.log.purge.gap = 1000000 (custom)
2019-10-15 03:21:52,876 [Thread-10313] INFO  impl.RoleInfo (RoleInfo.java:updateAndGet(143)) - 8fae904a-777d-4f00-8aa1-034f5999d556: start LeaderElection
2019-10-15 03:21:52,876 [pool-422-thread-1] INFO  server.RaftServerConfigKeys (ConfUtils.java:logGet(43)) - raft.server.log.appender.buffer.byte-limit = 33554432 (custom)
2019-10-15 03:21:52,876 [pool-412-thread-1] INFO  server.RaftServerConfigKeys (ConfUtils.java:logGet(43)) - raft.server.log.segment.cache.num.max = 2 (custom)
2019-10-15 03:21:52,877 [pool-422-thread-1] INFO  server.RaftServerConfigKeys (ConfUtils.java:logGet(43)) - raft.server.log.segment.size.max = 1048576 (custom)
2019-10-15 03:21:52,883 [pool-412-thread-1] INFO  segmented.SegmentedRaftLogWorker (SegmentedRaftLogWorker.java:<init>(173)) - new a3ea6d9b-aab9-4c0f-bb1a-cec21364bbc5@group-C3C18E7F5E93-SegmentedRaftLogWorker for RaftStorage:Storage Directory /workdir/hadoop-ozone/integration-test/target/test-dir/MiniOzoneClusterImpl-0445134e-5ee1-47c2-9f3a-343f5ba53be4/datanode-3/data/ratis/8de1897c-3f13-4bd7-96e5-c3c18e7f5e93
2019-10-15 03:21:52,883 [pool-422-thread-1] INFO  server.RaftServerConfigKeys (ConfUtils.java:logGet(43)) - raft.server.log.segment.cache.num.max = 2 (custom)
2019-10-15 03:21:52,886 [pool-412-thread-1] INFO  server.RaftServerConfigKeys (ConfUtils.java:logGet(43)) - raft.server.log.queue.byte-limit = 2147483647 (custom)
2019-10-15 03:21:52,887 [pool-422-thread-1] INFO  segmented.SegmentedRaftLogWorker (SegmentedRaftLogWorker.java:<init>(173)) - new e2a8c572-74a6-4610-8293-be026958d719@group-C3C18E7F5E93-SegmentedRaftLogWorker for RaftStorage:Storage Directory /workdir/hadoop-ozone/integration-test/target/test-dir/MiniOzoneClusterImpl-0445134e-5ee1-47c2-9f3a-343f5ba53be4/datanode-4/data/ratis/8de1897c-3f13-4bd7-96e5-c3c18e7f5e93
2019-10-15 03:21:52,887 [pool-412-thread-1] INFO  server.RaftServerConfigKeys (ConfUtils.java:logGet(43)) - raft.server.log.queue.element-limit = 1024 (custom)
2019-10-15 03:21:52,887 [pool-422-thread-1] INFO  server.RaftServerConfigKeys (ConfUtils.java:logGet(43)) - raft.server.log.queue.byte-limit = 2147483647 (custom)
2019-10-15 03:21:52,887 [pool-412-thread-1] INFO  server.RaftServerConfigKeys (ConfUtils.java:logGet(43)) - raft.server.log.segment.size.max = 1048576 (custom)
2019-10-15 03:21:52,887 [pool-422-thread-1] INFO  server.RaftServerConfigKeys (ConfUtils.java:logGet(43)) - raft.server.log.queue.element-limit = 1024 (custom)
2019-10-15 03:21:52,906 [pool-412-thread-1] INFO  server.RaftServerConfigKeys (ConfUtils.java:logGet(43)) - raft.server.log.preallocated.size = 16384 (custom)
2019-10-15 03:21:52,906 [8fae904a-777d-4f00-8aa1-034f5999d556@group-870FDBD3AF61-LeaderElection1249] INFO  impl.LeaderElection (LeaderElection.java:askForVotes(178)) - 8fae904a-777d-4f00-8aa1-034f5999d556@group-870FDBD3AF61-LeaderElection1249: begin an election at term 1 for -1: [8fae904a-777d-4f00-8aa1-034f5999d556:192.168.5.131:46414], old=null
2019-10-15 03:21:52,906 [pool-422-thread-1] INFO  server.RaftServerConfigKeys (ConfUtils.java:logGet(43)) - raft.server.log.segment.size.max = 1048576 (custom)
2019-10-15 03:21:52,906 [8fae904a-777d-4f00-8aa1-034f5999d556@group-870FDBD3AF61-LeaderElection1249] INFO  impl.RoleInfo (RoleInfo.java:shutdownLeaderElection(134)) - 8fae904a-777d-4f00-8aa1-034f5999d556: shutdown LeaderElection
2019-10-15 03:21:52,906 [pool-412-thread-1] INFO  server.RaftServerConfigKeys (ConfUtils.java:logGet(43)) - raft.server.log.write.buffer.size = 33554432 (custom)
2019-10-15 03:21:52,906 [8fae904a-777d-4f00-8aa1-034f5999d556@group-870FDBD3AF61-LeaderElection1249] INFO  impl.RaftServerImpl (RaftServerImpl.java:setRole(184)) - 8fae904a-777d-4f00-8aa1-034f5999d556@group-870FDBD3AF61: changes role from CANDIDATE to LEADER at term 1 for changeToLeader
2019-10-15 03:21:52,906 [pool-422-thread-1] INFO  server.RaftServerConfigKeys (ConfUtils.java:logGet(43)) - raft.server.log.preallocated.size = 16384 (custom)
2019-10-15 03:21:52,907 [8fae904a-777d-4f00-8aa1-034f5999d556@group-870FDBD3AF61-LeaderElection1249] INFO  impl.RaftServerImpl (ServerState.java:setLeader(256)) - 8fae904a-777d-4f00-8aa1-034f5999d556@group-870FDBD3AF61: change Leader from null to 8fae904a-777d-4f00-8aa1-034f5999d556 at term 1 for becomeLeader, leader elected after 161ms
2019-10-15 03:21:52,907 [pool-412-thread-1] INFO  server.RaftServerConfigKeys (ConfUtils.java:logGet(43)) - raft.server.log.force.sync.num = 128 (default)
2019-10-15 03:21:52,907 [8fae904a-777d-4f00-8aa1-034f5999d556@group-870FDBD3AF61-LeaderElection1249] INFO  server.RaftServerConfigKeys (ConfUtils.java:logGet(43)) - raft.server.staging.catchup.gap = 1000 (default)
2019-10-15 03:21:52,907 [pool-422-thread-1] INFO  server.RaftServerConfigKeys (ConfUtils.java:logGet(43)) - raft.server.log.write.buffer.size = 33554432 (custom)
2019-10-15 03:21:52,907 [8fae904a-777d-4f00-8aa1-034f5999d556@group-870FDBD3AF61-LeaderElection1249] INFO  server.RaftServerConfigKeys (ConfUtils.java:logGet(43)) - raft.server.rpc.sleep.time = 25ms (default)
2019-10-15 03:21:52,907 [pool-412-thread-1] INFO  server.RaftServerConfigKeys (ConfUtils.java:logGet(43)) - raft.server.log.statemachine.data.sync = true (default)
2019-10-15 03:21:52,908 [8fae904a-777d-4f00-8aa1-034f5999d556@group-870FDBD3AF61-LeaderElection1249] INFO  server.RaftServerConfigKeys (ConfUtils.java:logGet(43)) - raft.server.write.element-limit = 4096 (default)
2019-10-15 03:21:52,907 [pool-422-thread-1] INFO  server.RaftServerConfigKeys (ConfUtils.java:logGet(43)) - raft.server.log.force.sync.num = 128 (default)
2019-10-15 03:21:52,908 [8fae904a-777d-4f00-8aa1-034f5999d556@group-870FDBD3AF61-LeaderElection1249] INFO  server.RaftServerConfigKeys (ConfUtils.java:logGet(43)) - raft.server.watch.timeout = 10s (default)
2019-10-15 03:21:52,908 [pool-412-thread-1] INFO  server.RaftServerConfigKeys (ConfUtils.java:logGet(43)) - raft.server.log.statemachine.data.sync.timeout = 10s (default)
2019-10-15 03:21:52,908 [8fae904a-777d-4f00-8aa1-034f5999d556@group-870FDBD3AF61-LeaderElection1249] INFO  server.RaftServerConfigKeys (ConfUtils.java:logGet(43)) - raft.server.watch.timeout.denomination = 1s (default)
2019-10-15 03:21:52,908 [pool-422-thread-1] INFO  server.RaftServerConfigKeys (ConfUtils.java:logGet(43)) - raft.server.log.statemachine.data.sync = true (default)
2019-10-15 03:21:52,908 [8fae904a-777d-4f00-8aa1-034f5999d556@group-870FDBD3AF61-LeaderElection1249] INFO  server.RaftServerConfigKeys (ConfUtils.java:logGet(43)) - raft.server.watch.element-limit = 65536 (default)
2019-10-15 03:21:52,908 [pool-412-thread-1] INFO  server.RaftServerConfigKeys (ConfUtils.java:logGet(43)) - raft.server.log.statemachine.data.sync.timeout.retry = -1 (default)
2019-10-15 03:21:52,908 [pool-422-thread-1] INFO  server.RaftServerConfigKeys (ConfUtils.java:logGet(43)) - raft.server.log.statemachine.data.sync.timeout = 10s (default)
2019-10-15 03:21:52,909 [pool-412-thread-1] INFO  server.RaftServerConfigKeys (ConfUtils.java:logGet(43)) - raft.server.log.statemachine.data.caching.enabled = true (custom)
2019-10-15 03:21:52,909 [pool-422-thread-1] INFO  server.RaftServerConfigKeys (ConfUtils.java:logGet(43)) - raft.server.log.statemachine.data.sync.timeout.retry = -1 (default)
2019-10-15 03:21:52,912 [Thread-10323] INFO  impl.FollowerState (FollowerState.java:run(108)) - 8fae904a-777d-4f00-8aa1-034f5999d556@group-C3C18E7F5E93-FollowerState: change to CANDIDATE, lastRpcTime:116ms, electionTimeout:114ms
2019-10-15 03:21:52,912 [pool-412-thread-1] INFO  segmented.SegmentedRaftLogWorker (SegmentedRaftLogWorker.java:lambda$new$0(128)) - a3ea6d9b-aab9-4c0f-bb1a-cec21364bbc5@group-C3C18E7F5E93-SegmentedRaftLogWorker: flushIndex: setUnconditionally 0 -> -1
2019-10-15 03:21:52,912 [Thread-10323] INFO  impl.RoleInfo (RoleInfo.java:shutdownFollowerState(121)) - 8fae904a-777d-4f00-8aa1-034f5999d556: shutdown FollowerState
2019-10-15 03:21:52,912 [pool-422-thread-1] INFO  server.RaftServerConfigKeys (ConfUtils.java:logGet(43)) - raft.server.log.statemachine.data.caching.enabled = true (custom)
2019-10-15 03:21:52,913 [pool-412-thread-1] INFO  server.RaftServerConfigKeys (ConfUtils.java:logGet(43)) - raft.server.snapshot.auto.trigger.enabled = true (custom)
2019-10-15 03:21:52,913 [Thread-10323] INFO  impl.RaftServerImpl (RaftServerImpl.java:setRole(184)) - 8fae904a-777d-4f00-8aa1-034f5999d556@group-C3C18E7F5E93: changes role from  FOLLOWER to CANDIDATE at term 0 for changeToCandidate
2019-10-15 03:21:52,913 [pool-422-thread-1] INFO  segmented.SegmentedRaftLogWorker (SegmentedRaftLogWorker.java:lambda$new$0(128)) - e2a8c572-74a6-4610-8293-be026958d719@group-C3C18E7F5E93-SegmentedRaftLogWorker: flushIndex: setUnconditionally 0 -> -1
2019-10-15 03:21:52,913 [pool-412-thread-1] INFO  server.RaftServerConfigKeys (ConfUtils.java:logGet(43)) - raft.server.snapshot.auto.trigger.threshold = 10000 (custom)
2019-10-15 03:21:52,913 [pool-422-thread-1] INFO  server.RaftServerConfigKeys (ConfUtils.java:logGet(43)) - raft.server.snapshot.auto.trigger.enabled = true (custom)
2019-10-15 03:21:52,913 [Thread-10323] INFO  impl.RoleInfo (RoleInfo.java:updateAndGet(143)) - 8fae904a-777d-4f00-8aa1-034f5999d556: start LeaderElection
2019-10-15 03:21:52,914 [pool-422-thread-1] INFO  server.RaftServerConfigKeys (ConfUtils.java:logGet(43)) - raft.server.snapshot.auto.trigger.threshold = 10000 (custom)
2019-10-15 03:21:52,913 [pool-412-thread-1] INFO  server.RaftServerConfigKeys (ConfUtils.java:logGet(43)) - raft.server.snapshot.retention.file.num = 5 (custom)
2019-10-15 03:21:52,914 [8fae904a-777d-4f00-8aa1-034f5999d556@group-870FDBD3AF61-LeaderElection1249] INFO  impl.RoleInfo (RoleInfo.java:updateAndGet(143)) - 8fae904a-777d-4f00-8aa1-034f5999d556: start LeaderState
2019-10-15 03:21:52,914 [main] INFO  rpc.RpcClient (RpcClient.java:createVolume(272)) - Creating Volume: watchforcommithandlingtest, with jenkins1000 as owner.
2019-10-15 03:21:52,914 [pool-422-thread-1] INFO  server.RaftServerConfigKeys (ConfUtils.java:logGet(43)) - raft.server.snapshot.retention.file.num = 5 (custom)
2019-10-15 03:21:52,920 [8fae904a-777d-4f00-8aa1-034f5999d556@group-870FDBD3AF61-LeaderElection1249] INFO  segmented.SegmentedRaftLogWorker (SegmentedRaftLogWorker.java:startLogSegment(385)) - 8fae904a-777d-4f00-8aa1-034f5999d556@group-870FDBD3AF61-SegmentedRaftLogWorker: Starting segment from index:0
2019-10-15 03:21:52,920 [pool-412-thread-1] INFO  server.RaftServerConfigKeys (ConfUtils.java:logGet(43)) - raft.server.retrycache.expirytime = 600000ms (custom)
2019-10-15 03:21:52,920 [pool-422-thread-1] INFO  server.RaftServerConfigKeys (ConfUtils.java:logGet(43)) - raft.server.retrycache.expirytime = 600000ms (custom)
2019-10-15 03:21:52,923 [8fae904a-777d-4f00-8aa1-034f5999d556@group-870FDBD3AF61-LeaderElection1249] INFO  impl.RaftServerImpl (ServerState.java:setRaftConf(357)) - 8fae904a-777d-4f00-8aa1-034f5999d556@group-870FDBD3AF61: set configuration 0: [8fae904a-777d-4f00-8aa1-034f5999d556:192.168.5.131:46414], old=null at 0
2019-10-15 03:21:52,925 [IPC Server handler 2 on 36533] INFO  volume.OMVolumeCreateRequest (OMVolumeCreateRequest.java:validateAndUpdateCache(193)) - created volume:watchforcommithandlingtest for user:jenkins1000
2019-10-15 03:21:52,925 [pool-412-thread-1] INFO  impl.RaftServerImpl (RaftServerImpl.java:start(195)) - a3ea6d9b-aab9-4c0f-bb1a-cec21364bbc5@group-C3C18E7F5E93: start as a follower, conf=-1: [e2a8c572-74a6-4610-8293-be026958d719:192.168.5.131:35509, 8fae904a-777d-4f00-8aa1-034f5999d556:192.168.5.131:46414, a3ea6d9b-aab9-4c0f-bb1a-cec21364bbc5:192.168.5.131:39283], old=null
2019-10-15 03:21:52,925 [pool-422-thread-1] INFO  impl.RaftServerImpl (RaftServerImpl.java:start(195)) - e2a8c572-74a6-4610-8293-be026958d719@group-C3C18E7F5E93: start as a follower, conf=-1: [e2a8c572-74a6-4610-8293-be026958d719:192.168.5.131:35509, 8fae904a-777d-4f00-8aa1-034f5999d556:192.168.5.131:46414, a3ea6d9b-aab9-4c0f-bb1a-cec21364bbc5:192.168.5.131:39283], old=null
2019-10-15 03:21:52,925 [pool-412-thread-1] INFO  impl.RaftServerImpl (RaftServerImpl.java:setRole(184)) - a3ea6d9b-aab9-4c0f-bb1a-cec21364bbc5@group-C3C18E7F5E93: changes role from      null to FOLLOWER at term 0 for startAsFollower
2019-10-15 03:21:52,926 [pool-422-thread-1] INFO  impl.RaftServerImpl (RaftServerImpl.java:setRole(184)) - e2a8c572-74a6-4610-8293-be026958d719@group-C3C18E7F5E93: changes role from      null to FOLLOWER at term 0 for startAsFollower
2019-10-15 03:21:52,926 [pool-412-thread-1] INFO  impl.RoleInfo (RoleInfo.java:updateAndGet(143)) - a3ea6d9b-aab9-4c0f-bb1a-cec21364bbc5: start FollowerState
2019-10-15 03:21:52,926 [pool-422-thread-1] INFO  impl.RoleInfo (RoleInfo.java:updateAndGet(143)) - e2a8c572-74a6-4610-8293-be026958d719: start FollowerState
2019-10-15 03:21:52,926 [pool-422-thread-1] INFO  util.JmxRegister (JmxRegister.java:tryRegister(44)) - Successfully registered JMX Bean with object name Ratis:service=RaftServer,group=group-C3C18E7F5E93,id=e2a8c572-74a6-4610-8293-be026958d719
2019-10-15 03:21:52,926 [pool-412-thread-1] INFO  util.JmxRegister (JmxRegister.java:tryRegister(44)) - Successfully registered JMX Bean with object name Ratis:service=RaftServer,group=group-C3C18E7F5E93,id=a3ea6d9b-aab9-4c0f-bb1a-cec21364bbc5
2019-10-15 03:21:52,952 [Thread-10324] INFO  impl.FollowerState (FollowerState.java:run(108)) - 4c6a16c4-95d2-4ef7-9fc0-4f57ccbd9967@group-5FF82F29B6C0-FollowerState: change to CANDIDATE, lastRpcTime:156ms, electionTimeout:141ms
2019-10-15 03:21:52,953 [8fae904a-777d-4f00-8aa1-034f5999d556@group-C3C18E7F5E93-LeaderElection1250] INFO  impl.LeaderElection (LeaderElection.java:askForVotes(178)) - 8fae904a-777d-4f00-8aa1-034f5999d556@group-C3C18E7F5E93-LeaderElection1250: begin an election at term 1 for -1: [e2a8c572-74a6-4610-8293-be026958d719:192.168.5.131:35509, 8fae904a-777d-4f00-8aa1-034f5999d556:192.168.5.131:46414, a3ea6d9b-aab9-4c0f-bb1a-cec21364bbc5:192.168.5.131:39283], old=null
2019-10-15 03:21:52,953 [Thread-10324] INFO  impl.RoleInfo (RoleInfo.java:shutdownFollowerState(121)) - 4c6a16c4-95d2-4ef7-9fc0-4f57ccbd9967: shutdown FollowerState
2019-10-15 03:21:52,953 [Thread-10324] INFO  impl.RaftServerImpl (RaftServerImpl.java:setRole(184)) - 4c6a16c4-95d2-4ef7-9fc0-4f57ccbd9967@group-5FF82F29B6C0: changes role from  FOLLOWER to CANDIDATE at term 1296 for changeToCandidate
2019-10-15 03:21:52,953 [Thread-10324] ERROR ratis.XceiverServerRatis (XceiverServerRatis.java:triggerPipelineClose(582)) - pipeline Action CLOSE  on pipeline PipelineID=e4bf9835-e697-42f6-b211-5ff82f29b6c0.Reason : 4c6a16c4-95d2-4ef7-9fc0-4f57ccbd9967 is in candidate state for 167852ms
2019-10-15 03:21:52,953 [Thread-10324] INFO  impl.RoleInfo (RoleInfo.java:updateAndGet(143)) - 4c6a16c4-95d2-4ef7-9fc0-4f57ccbd9967: start LeaderElection
2019-10-15 03:21:52,965 [main] INFO  rpc.RpcClient (RpcClient.java:createBucket(411)) - Creating Bucket: watchforcommithandlingtest/watchforcommithandlingtest, with Versioning false and Storage Type set to DISK and Encryption set to false 
2019-10-15 03:21:52,965 [8fae904a-777d-4f00-8aa1-034f5999d556@group-870FDBD3AF61-SegmentedRaftLogWorker] INFO  segmented.SegmentedRaftLogWorker (SegmentedRaftLogWorker.java:execute(576)) - 8fae904a-777d-4f00-8aa1-034f5999d556@group-870FDBD3AF61-SegmentedRaftLogWorker: created new log segment /workdir/hadoop-ozone/integration-test/target/test-dir/MiniOzoneClusterImpl-0445134e-5ee1-47c2-9f3a-343f5ba53be4/datanode-5/data/ratis/4e00cb49-bb97-447c-bb8f-870fdbd3af61/current/log_inprogress_0
2019-10-15 03:21:52,969 [grpc-default-executor-6] INFO  impl.RaftServerImpl (RaftServerImpl.java:setRole(184)) - a3ea6d9b-aab9-4c0f-bb1a-cec21364bbc5@group-C3C18E7F5E93: changes role from  FOLLOWER to FOLLOWER at term 1 for recognizeCandidate:8fae904a-777d-4f00-8aa1-034f5999d556
2019-10-15 03:21:52,969 [4c6a16c4-95d2-4ef7-9fc0-4f57ccbd9967@group-5FF82F29B6C0-LeaderElection1251] INFO  impl.LeaderElection (LeaderElection.java:askForVotes(178)) - 4c6a16c4-95d2-4ef7-9fc0-4f57ccbd9967@group-5FF82F29B6C0-LeaderElection1251: begin an election at term 1297 for -1: [4c6a16c4-95d2-4ef7-9fc0-4f57ccbd9967:192.168.5.131:39112, 742c26a8-c271-430a-a05a-c8bba3fa6d96:192.168.5.131:42235, a910346c-1ee2-4cdc-a6d8-644a3a4f0b7f:192.168.5.131:38193], old=null
2019-10-15 03:21:52,969 [grpc-default-executor-6] INFO  impl.RoleInfo (RoleInfo.java:shutdownFollowerState(121)) - a3ea6d9b-aab9-4c0f-bb1a-cec21364bbc5: shutdown FollowerState
2019-10-15 03:21:52,969 [Thread-10333] INFO  impl.FollowerState (FollowerState.java:run(117)) - a3ea6d9b-aab9-4c0f-bb1a-cec21364bbc5@group-C3C18E7F5E93-FollowerState was interrupted: java.lang.InterruptedException: sleep interrupted
2019-10-15 03:21:52,973 [grpc-default-executor-6] INFO  impl.RoleInfo (RoleInfo.java:updateAndGet(143)) - a3ea6d9b-aab9-4c0f-bb1a-cec21364bbc5: start FollowerState
2019-10-15 03:21:52,973 [grpc-default-executor-5] INFO  impl.RaftServerImpl (RaftServerImpl.java:setRole(184)) - e2a8c572-74a6-4610-8293-be026958d719@group-C3C18E7F5E93: changes role from  FOLLOWER to FOLLOWER at term 1 for recognizeCandidate:8fae904a-777d-4f00-8aa1-034f5999d556
2019-10-15 03:21:52,973 [grpc-default-executor-5] INFO  impl.RoleInfo (RoleInfo.java:shutdownFollowerState(121)) - e2a8c572-74a6-4610-8293-be026958d719: shutdown FollowerState
2019-10-15 03:21:52,973 [grpc-default-executor-5] INFO  impl.RoleInfo (RoleInfo.java:updateAndGet(143)) - e2a8c572-74a6-4610-8293-be026958d719: start FollowerState
2019-10-15 03:21:52,973 [Thread-10334] INFO  impl.FollowerState (FollowerState.java:run(117)) - e2a8c572-74a6-4610-8293-be026958d719@group-C3C18E7F5E93-FollowerState was interrupted: java.lang.InterruptedException: sleep interrupted
2019-10-15 03:21:52,973 [grpc-default-executor-4] INFO  impl.RaftServerImpl (RaftServerImpl.java:setRole(184)) - 742c26a8-c271-430a-a05a-c8bba3fa6d96@group-5FF82F29B6C0: changes role from  FOLLOWER to FOLLOWER at term 1297 for recognizeCandidate:4c6a16c4-95d2-4ef7-9fc0-4f57ccbd9967
2019-10-15 03:21:52,974 [grpc-default-executor-4] INFO  impl.RoleInfo (RoleInfo.java:shutdownFollowerState(121)) - 742c26a8-c271-430a-a05a-c8bba3fa6d96: shutdown FollowerState
2019-10-15 03:21:52,974 [grpc-default-executor-8] INFO  impl.RaftServerImpl (RaftServerImpl.java:setRole(184)) - a910346c-1ee2-4cdc-a6d8-644a3a4f0b7f@group-5FF82F29B6C0: changes role from  FOLLOWER to FOLLOWER at term 1297 for recognizeCandidate:4c6a16c4-95d2-4ef7-9fc0-4f57ccbd9967
2019-10-15 03:21:52,974 [grpc-default-executor-8] INFO  impl.RoleInfo (RoleInfo.java:shutdownFollowerState(121)) - a910346c-1ee2-4cdc-a6d8-644a3a4f0b7f: shutdown FollowerState
2019-10-15 03:21:52,974 [Thread-10320] INFO  impl.FollowerState (FollowerState.java:run(117)) - 742c26a8-c271-430a-a05a-c8bba3fa6d96@group-5FF82F29B6C0-FollowerState was interrupted: java.lang.InterruptedException: sleep interrupted
2019-10-15 03:21:52,974 [Thread-10321] INFO  impl.FollowerState (FollowerState.java:run(117)) - a910346c-1ee2-4cdc-a6d8-644a3a4f0b7f@group-5FF82F29B6C0-FollowerState was interrupted: java.lang.InterruptedException: sleep interrupted
2019-10-15 03:21:52,974 [RatisPipelineUtilsThread] INFO  pipeline.PipelineStateManager (PipelineStateManager.java:addPipeline(56)) - Created pipeline Pipeline[ Id: 8de1897c-3f13-4bd7-96e5-c3c18e7f5e93, Nodes: 8fae904a-777d-4f00-8aa1-034f5999d556{ip: 192.168.5.131, host: pr-hdds-2305-c92ks-1629580955, networkLocation: /default-rack, certSerialId: null}e2a8c572-74a6-4610-8293-be026958d719{ip: 192.168.5.131, host: pr-hdds-2305-c92ks-1629580955, networkLocation: /default-rack, certSerialId: null}a3ea6d9b-aab9-4c0f-bb1a-cec21364bbc5{ip: 192.168.5.131, host: pr-hdds-2305-c92ks-1629580955, networkLocation: /default-rack, certSerialId: null}, Type:RATIS, Factor:THREE, State:OPEN]
2019-10-15 03:21:52,974 [grpc-default-executor-4] INFO  impl.RoleInfo (RoleInfo.java:updateAndGet(143)) - 742c26a8-c271-430a-a05a-c8bba3fa6d96: start FollowerState
2019-10-15 03:21:52,974 [grpc-default-executor-8] INFO  impl.RoleInfo (RoleInfo.java:updateAndGet(143)) - a910346c-1ee2-4cdc-a6d8-644a3a4f0b7f: start FollowerState
2019-10-15 03:21:52,991 [main] INFO  ozone.MiniOzoneClusterImpl (MiniOzoneClusterImpl.java:getStorageContainerLocationClient(234)) - Creating StorageContainerLocationProtocol RPC client with address /0.0.0.0:35966
2019-10-15 03:21:52,991 [8fae904a-777d-4f00-8aa1-034f5999d556@group-C3C18E7F5E93-LeaderElection1250] INFO  impl.LeaderElection (LeaderElection.java:logAndReturn(56)) - 8fae904a-777d-4f00-8aa1-034f5999d556@group-C3C18E7F5E93-LeaderElection1250: Election PASSED; received 1 response(s) [8fae904a-777d-4f00-8aa1-034f5999d556<-e2a8c572-74a6-4610-8293-be026958d719#0:OK-t1] and 0 exception(s); 8fae904a-777d-4f00-8aa1-034f5999d556@group-C3C18E7F5E93:t1, leader=null, voted=8fae904a-777d-4f00-8aa1-034f5999d556, raftlog=8fae904a-777d-4f00-8aa1-034f5999d556@group-C3C18E7F5E93-SegmentedRaftLog:OPENED:c-1,f-1,i0, conf=-1: [e2a8c572-74a6-4610-8293-be026958d719:192.168.5.131:35509, 8fae904a-777d-4f00-8aa1-034f5999d556:192.168.5.131:46414, a3ea6d9b-aab9-4c0f-bb1a-cec21364bbc5:192.168.5.131:39283], old=null
2019-10-15 03:21:52,991 [EventQueue-PipelineActionsForPipelineActionHandler] ERROR pipeline.PipelineActionHandler (PipelineActionHandler.java:onMessage(60)) - Received pipeline action CLOSE for Pipeline[ Id: e4bf9835-e697-42f6-b211-5ff82f29b6c0, Nodes: a910346c-1ee2-4cdc-a6d8-644a3a4f0b7f{ip: 192.168.5.131, host: pr-hdds-2305-c92ks-1629580955, networkLocation: /default-rack, certSerialId: null}742c26a8-c271-430a-a05a-c8bba3fa6d96{ip: 192.168.5.131, host: pr-hdds-2305-c92ks-1629580955, networkLocation: /default-rack, certSerialId: null}4c6a16c4-95d2-4ef7-9fc0-4f57ccbd9967{ip: 192.168.5.131, host: pr-hdds-2305-c92ks-1629580955, networkLocation: /default-rack, certSerialId: null}, Type:RATIS, Factor:THREE, State:CLOSED] from datanode 4c6a16c4-95d2-4ef7-9fc0-4f57ccbd9967{ip: 192.168.5.131, host: pr-hdds-2305-c92ks-1629580955, networkLocation: /default-rack, certSerialId: null}. Reason : 4c6a16c4-95d2-4ef7-9fc0-4f57ccbd9967 is in candidate state for 166974ms
2019-10-15 03:21:52,991 [8fae904a-777d-4f00-8aa1-034f5999d556@group-C3C18E7F5E93-LeaderElection1250] INFO  impl.RoleInfo (RoleInfo.java:shutdownLeaderElection(134)) - 8fae904a-777d-4f00-8aa1-034f5999d556: shutdown LeaderElection
2019-10-15 03:21:52,991 [EventQueue-PipelineActionsForPipelineActionHandler] INFO  pipeline.SCMPipelineManager (SCMPipelineManager.java:finalizeAndDestroyPipeline(315)) - destroying pipeline:Pipeline[ Id: e4bf9835-e697-42f6-b211-5ff82f29b6c0, Nodes: a910346c-1ee2-4cdc-a6d8-644a3a4f0b7f{ip: 192.168.5.131, host: pr-hdds-2305-c92ks-1629580955, networkLocation: /default-rack, certSerialId: null}742c26a8-c271-430a-a05a-c8bba3fa6d96{ip: 192.168.5.131, host: pr-hdds-2305-c92ks-1629580955, networkLocation: /default-rack, certSerialId: null}4c6a16c4-95d2-4ef7-9fc0-4f57ccbd9967{ip: 192.168.5.131, host: pr-hdds-2305-c92ks-1629580955, networkLocation: /default-rack, certSerialId: null}, Type:RATIS, Factor:THREE, State:CLOSED]
2019-10-15 03:21:52,992 [8fae904a-777d-4f00-8aa1-034f5999d556@group-C3C18E7F5E93-LeaderElection1250] INFO  impl.RaftServerImpl (RaftServerImpl.java:setRole(184)) - 8fae904a-777d-4f00-8aa1-034f5999d556@group-C3C18E7F5E93: changes role from CANDIDATE to LEADER at term 1 for changeToLeader
2019-10-15 03:21:52,992 [8fae904a-777d-4f00-8aa1-034f5999d556@group-C3C18E7F5E93-LeaderElection1250] INFO  impl.RaftServerImpl (ServerState.java:setLeader(256)) - 8fae904a-777d-4f00-8aa1-034f5999d556@group-C3C18E7F5E93: change Leader from null to 8fae904a-777d-4f00-8aa1-034f5999d556 at term 1 for becomeLeader, leader elected after 200ms
2019-10-15 03:21:52,992 [8fae904a-777d-4f00-8aa1-034f5999d556@group-C3C18E7F5E93-LeaderElection1250] INFO  server.RaftServerConfigKeys (ConfUtils.java:logGet(43)) - raft.server.staging.catchup.gap = 1000 (default)
2019-10-15 03:21:52,996 [8fae904a-777d-4f00-8aa1-034f5999d556@group-C3C18E7F5E93-LeaderElection1250] INFO  server.RaftServerConfigKeys (ConfUtils.java:logGet(43)) - raft.server.rpc.sleep.time = 25ms (default)
2019-10-15 03:21:52,996 [8fae904a-777d-4f00-8aa1-034f5999d556@group-C3C18E7F5E93-LeaderElection1250] INFO  server.RaftServerConfigKeys (ConfUtils.java:logGet(43)) - raft.server.write.element-limit = 4096 (default)
2019-10-15 03:21:52,996 [8fae904a-777d-4f00-8aa1-034f5999d556@group-C3C18E7F5E93-LeaderElection1250] INFO  server.RaftServerConfigKeys (ConfUtils.java:logGet(43)) - raft.server.watch.timeout = 10s (default)
2019-10-15 03:21:52,996 [8fae904a-777d-4f00-8aa1-034f5999d556@group-C3C18E7F5E93-LeaderElection1250] INFO  server.RaftServerConfigKeys (ConfUtils.java:logGet(43)) - raft.server.watch.timeout.denomination = 1s (default)
2019-10-15 03:21:52,996 [8fae904a-777d-4f00-8aa1-034f5999d556@group-C3C18E7F5E93-LeaderElection1250] INFO  server.RaftServerConfigKeys (ConfUtils.java:logGet(43)) - raft.server.watch.element-limit = 65536 (default)
2019-10-15 03:21:52,998 [8fae904a-777d-4f00-8aa1-034f5999d556@group-C3C18E7F5E93-LeaderElection1250] INFO  server.RaftServerConfigKeys (ConfUtils.java:logGet(43)) - raft.server.log.appender.snapshot.chunk.size.max = 16MB (=16777216) (default)
2019-10-15 03:21:52,998 [8fae904a-777d-4f00-8aa1-034f5999d556@group-C3C18E7F5E93-LeaderElection1250] INFO  server.RaftServerConfigKeys (ConfUtils.java:logGet(43)) - raft.server.log.appender.buffer.byte-limit = 33554432 (custom)
2019-10-15 03:21:52,998 [8fae904a-777d-4f00-8aa1-034f5999d556@group-C3C18E7F5E93-LeaderElection1250] INFO  server.RaftServerConfigKeys (ConfUtils.java:logGet(43)) - raft.server.log.appender.buffer.element-limit = 1 (custom)
2019-10-15 03:21:52,998 [8fae904a-777d-4f00-8aa1-034f5999d556@group-C3C18E7F5E93-LeaderElection1250] INFO  grpc.GrpcConfigKeys$Server (ConfUtils.java:logGet(43)) - raft.grpc.server.leader.outstanding.appends.max = 128 (default)
2019-10-15 03:21:52,998 [8fae904a-777d-4f00-8aa1-034f5999d556@group-C3C18E7F5E93-LeaderElection1250] INFO  server.RaftServerConfigKeys (ConfUtils.java:logGet(43)) - raft.server.rpc.request.timeout = 3000ms (default)
2019-10-15 03:21:52,998 [8fae904a-777d-4f00-8aa1-034f5999d556@group-C3C18E7F5E93-LeaderElection1250] INFO  server.RaftServerConfigKeys (ConfUtils.java:logGet(43)) - raft.server.log.appender.install.snapshot.enabled = false (custom)
2019-10-15 03:21:53,000 [8fae904a-777d-4f00-8aa1-034f5999d556@group-C3C18E7F5E93-LeaderElection1250] INFO  server.RaftServerConfigKeys (ConfUtils.java:logGet(43)) - raft.server.log.appender.snapshot.chunk.size.max = 16MB (=16777216) (default)
2019-10-15 03:21:53,000 [8fae904a-777d-4f00-8aa1-034f5999d556@group-C3C18E7F5E93-LeaderElection1250] INFO  server.RaftServerConfigKeys (ConfUtils.java:logGet(43)) - raft.server.log.appender.buffer.byte-limit = 33554432 (custom)
2019-10-15 03:21:53,000 [8fae904a-777d-4f00-8aa1-034f5999d556@group-C3C18E7F5E93-LeaderElection1250] INFO  server.RaftServerConfigKeys (ConfUtils.java:logGet(43)) - raft.server.log.appender.buffer.element-limit = 1 (custom)
2019-10-15 03:21:53,000 [8fae904a-777d-4f00-8aa1-034f5999d556@group-C3C18E7F5E93-LeaderElection1250] INFO  grpc.GrpcConfigKeys$Server (ConfUtils.java:logGet(43)) - raft.grpc.server.leader.outstanding.appends.max = 128 (default)
2019-10-15 03:21:53,000 [8fae904a-777d-4f00-8aa1-034f5999d556@group-C3C18E7F5E93-LeaderElection1250] INFO  server.RaftServerConfigKeys (ConfUtils.java:logGet(43)) - raft.server.rpc.request.timeout = 3000ms (default)
2019-10-15 03:21:53,000 [8fae904a-777d-4f00-8aa1-034f5999d556@group-C3C18E7F5E93-LeaderElection1250] INFO  server.RaftServerConfigKeys (ConfUtils.java:logGet(43)) - raft.server.log.appender.install.snapshot.enabled = false (custom)
2019-10-15 03:21:53,001 [8fae904a-777d-4f00-8aa1-034f5999d556@group-C3C18E7F5E93-LeaderElection1250] INFO  impl.RoleInfo (RoleInfo.java:updateAndGet(143)) - 8fae904a-777d-4f00-8aa1-034f5999d556: start LeaderState
2019-10-15 03:21:53,002 [8fae904a-777d-4f00-8aa1-034f5999d556@group-C3C18E7F5E93-LeaderElection1250] INFO  segmented.SegmentedRaftLogWorker (SegmentedRaftLogWorker.java:startLogSegment(385)) - 8fae904a-777d-4f00-8aa1-034f5999d556@group-C3C18E7F5E93-SegmentedRaftLogWorker: Starting segment from index:0
2019-10-15 03:21:53,007 [8fae904a-777d-4f00-8aa1-034f5999d556@group-C3C18E7F5E93-LeaderElection1250] INFO  impl.RaftServerImpl (ServerState.java:setRaftConf(357)) - 8fae904a-777d-4f00-8aa1-034f5999d556@group-C3C18E7F5E93: set configuration 0: [e2a8c572-74a6-4610-8293-be026958d719:192.168.5.131:35509, 8fae904a-777d-4f00-8aa1-034f5999d556:192.168.5.131:46414, a3ea6d9b-aab9-4c0f-bb1a-cec21364bbc5:192.168.5.131:39283], old=null at 0
2019-10-15 03:21:53,007 [4c6a16c4-95d2-4ef7-9fc0-4f57ccbd9967@group-5FF82F29B6C0-LeaderElection1251] INFO  impl.LeaderElection (LeaderElection.java:logAndReturn(56)) - 4c6a16c4-95d2-4ef7-9fc0-4f57ccbd9967@group-5FF82F29B6C0-LeaderElection1251: Election REJECTED; received 2 response(s) [4c6a16c4-95d2-4ef7-9fc0-4f57ccbd9967<-742c26a8-c271-430a-a05a-c8bba3fa6d96#0:FAIL-t1297, 4c6a16c4-95d2-4ef7-9fc0-4f57ccbd9967<-a910346c-1ee2-4cdc-a6d8-644a3a4f0b7f#0:FAIL-t1297] and 0 exception(s); 4c6a16c4-95d2-4ef7-9fc0-4f57ccbd9967@group-5FF82F29B6C0:t1297, leader=null, voted=4c6a16c4-95d2-4ef7-9fc0-4f57ccbd9967, raftlog=4c6a16c4-95d2-4ef7-9fc0-4f57ccbd9967@group-5FF82F29B6C0-SegmentedRaftLog:OPENED:c-1,f-1,i0, conf=-1: [4c6a16c4-95d2-4ef7-9fc0-4f57ccbd9967:192.168.5.131:39112, 742c26a8-c271-430a-a05a-c8bba3fa6d96:192.168.5.131:42235, a910346c-1ee2-4cdc-a6d8-644a3a4f0b7f:192.168.5.131:38193], old=null
2019-10-15 03:21:53,007 [4c6a16c4-95d2-4ef7-9fc0-4f57ccbd9967@group-5FF82F29B6C0-LeaderElection1251] INFO  impl.RaftServerImpl (RaftServerImpl.java:setRole(184)) - 4c6a16c4-95d2-4ef7-9fc0-4f57ccbd9967@group-5FF82F29B6C0: changes role from CANDIDATE to FOLLOWER at term 1297 for DISCOVERED_A_NEW_TERM
2019-10-15 03:21:53,040 [4c6a16c4-95d2-4ef7-9fc0-4f57ccbd9967@group-5FF82F29B6C0-LeaderElection1251] INFO  impl.RoleInfo (RoleInfo.java:shutdownLeaderElection(134)) - 4c6a16c4-95d2-4ef7-9fc0-4f57ccbd9967: shutdown LeaderElection
2019-10-15 03:21:53,040 [4c6a16c4-95d2-4ef7-9fc0-4f57ccbd9967@group-5FF82F29B6C0-LeaderElection1251] INFO  impl.RoleInfo (RoleInfo.java:updateAndGet(143)) - 4c6a16c4-95d2-4ef7-9fc0-4f57ccbd9967: start FollowerState
2019-10-15 03:21:53,041 [grpc-default-executor-5] INFO  impl.RaftServerImpl (ServerState.java:setLeader(256)) - e2a8c572-74a6-4610-8293-be026958d719@group-C3C18E7F5E93: change Leader from null to 8fae904a-777d-4f00-8aa1-034f5999d556 at term 1 for appendEntries, leader elected after 202ms
2019-10-15 03:21:53,044 [grpc-default-executor-8] INFO  impl.RaftServerImpl (ServerState.java:setLeader(256)) - a3ea6d9b-aab9-4c0f-bb1a-cec21364bbc5@group-C3C18E7F5E93: change Leader from null to 8fae904a-777d-4f00-8aa1-034f5999d556 at term 1 for appendEntries, leader elected after 205ms
2019-10-15 03:21:53,046 [grpc-default-executor-4] INFO  impl.RaftServerImpl (ServerState.java:setRaftConf(357)) - e2a8c572-74a6-4610-8293-be026958d719@group-C3C18E7F5E93: set configuration 0: [e2a8c572-74a6-4610-8293-be026958d719:192.168.5.131:35509, 8fae904a-777d-4f00-8aa1-034f5999d556:192.168.5.131:46414, a3ea6d9b-aab9-4c0f-bb1a-cec21364bbc5:192.168.5.131:39283], old=null at 0
2019-10-15 03:21:53,046 [8fae904a-777d-4f00-8aa1-034f5999d556@group-C3C18E7F5E93-SegmentedRaftLogWorker] INFO  segmented.SegmentedRaftLogWorker (SegmentedRaftLogWorker.java:execute(576)) - 8fae904a-777d-4f00-8aa1-034f5999d556@group-C3C18E7F5E93-SegmentedRaftLogWorker: created new log segment /workdir/hadoop-ozone/integration-test/target/test-dir/MiniOzoneClusterImpl-0445134e-5ee1-47c2-9f3a-343f5ba53be4/datanode-5/data/ratis/8de1897c-3f13-4bd7-96e5-c3c18e7f5e93/current/log_inprogress_0
2019-10-15 03:21:53,046 [grpc-default-executor-5] INFO  impl.RaftServerImpl (ServerState.java:setRaftConf(357)) - a3ea6d9b-aab9-4c0f-bb1a-cec21364bbc5@group-C3C18E7F5E93: set configuration 0: [e2a8c572-74a6-4610-8293-be026958d719:192.168.5.131:35509, 8fae904a-777d-4f00-8aa1-034f5999d556:192.168.5.131:46414, a3ea6d9b-aab9-4c0f-bb1a-cec21364bbc5:192.168.5.131:39283], old=null at 0
2019-10-15 03:21:53,047 [grpc-default-executor-4] INFO  segmented.SegmentedRaftLogWorker (SegmentedRaftLogWorker.java:startLogSegment(385)) - e2a8c572-74a6-4610-8293-be026958d719@group-C3C18E7F5E93-SegmentedRaftLogWorker: Starting segment from index:0
2019-10-15 03:21:53,047 [grpc-default-executor-5] INFO  segmented.SegmentedRaftLogWorker (SegmentedRaftLogWorker.java:startLogSegment(385)) - a3ea6d9b-aab9-4c0f-bb1a-cec21364bbc5@group-C3C18E7F5E93-SegmentedRaftLogWorker: Starting segment from index:0
2019-10-15 03:21:53,076 [a3ea6d9b-aab9-4c0f-bb1a-cec21364bbc5@group-C3C18E7F5E93-SegmentedRaftLogWorker] INFO  segmented.SegmentedRaftLogWorker (SegmentedRaftLogWorker.java:execute(576)) - a3ea6d9b-aab9-4c0f-bb1a-cec21364bbc5@group-C3C18E7F5E93-SegmentedRaftLogWorker: created new log segment /workdir/hadoop-ozone/integration-test/target/test-dir/MiniOzoneClusterImpl-0445134e-5ee1-47c2-9f3a-343f5ba53be4/datanode-3/data/ratis/8de1897c-3f13-4bd7-96e5-c3c18e7f5e93/current/log_inprogress_0
2019-10-15 03:21:53,079 [e2a8c572-74a6-4610-8293-be026958d719@group-C3C18E7F5E93-SegmentedRaftLogWorker] INFO  segmented.SegmentedRaftLogWorker (SegmentedRaftLogWorker.java:execute(576)) - e2a8c572-74a6-4610-8293-be026958d719@group-C3C18E7F5E93-SegmentedRaftLogWorker: created new log segment /workdir/hadoop-ozone/integration-test/target/test-dir/MiniOzoneClusterImpl-0445134e-5ee1-47c2-9f3a-343f5ba53be4/datanode-4/data/ratis/8de1897c-3f13-4bd7-96e5-c3c18e7f5e93/current/log_inprogress_0
2019-10-15 03:21:53,180 [Datanode State Machine Thread - 0] INFO  statemachine.DatanodeStateMachine (DatanodeStateMachine.java:lambda$startDaemon$0(350)) - Ozone container server started.
2019-10-15 03:21:53,193 [Thread-10351] INFO  impl.FollowerState (FollowerState.java:run(108)) - 4c6a16c4-95d2-4ef7-9fc0-4f57ccbd9967@group-5FF82F29B6C0-FollowerState: change to CANDIDATE, lastRpcTime:152ms, electionTimeout:152ms
2019-10-15 03:21:53,193 [Thread-10351] INFO  impl.RoleInfo (RoleInfo.java:shutdownFollowerState(121)) - 4c6a16c4-95d2-4ef7-9fc0-4f57ccbd9967: shutdown FollowerState
2019-10-15 03:21:53,193 [Thread-10351] INFO  impl.RaftServerImpl (RaftServerImpl.java:setRole(184)) - 4c6a16c4-95d2-4ef7-9fc0-4f57ccbd9967@group-5FF82F29B6C0: changes role from  FOLLOWER to CANDIDATE at term 1297 for changeToCandidate
2019-10-15 03:21:53,193 [Thread-10351] ERROR ratis.XceiverServerRatis (XceiverServerRatis.java:triggerPipelineClose(582)) - pipeline Action CLOSE  on pipeline PipelineID=e4bf9835-e697-42f6-b211-5ff82f29b6c0.Reason : 4c6a16c4-95d2-4ef7-9fc0-4f57ccbd9967 is in candidate state for 168093ms
2019-10-15 03:21:53,194 [Thread-10351] INFO  impl.RoleInfo (RoleInfo.java:updateAndGet(143)) - 4c6a16c4-95d2-4ef7-9fc0-4f57ccbd9967: start LeaderElection
2019-10-15 03:21:53,207 [4c6a16c4-95d2-4ef7-9fc0-4f57ccbd9967@group-5FF82F29B6C0-LeaderElection1252] INFO  impl.LeaderElection (LeaderElection.java:askForVotes(178)) - 4c6a16c4-95d2-4ef7-9fc0-4f57ccbd9967@group-5FF82F29B6C0-LeaderElection1252: begin an election at term 1298 for -1: [4c6a16c4-95d2-4ef7-9fc0-4f57ccbd9967:192.168.5.131:39112, 742c26a8-c271-430a-a05a-c8bba3fa6d96:192.168.5.131:42235, a910346c-1ee2-4cdc-a6d8-644a3a4f0b7f:192.168.5.131:38193], old=null
2019-10-15 03:21:53,208 [grpc-default-executor-4] INFO  impl.RaftServerImpl (RaftServerImpl.java:setRole(184)) - 742c26a8-c271-430a-a05a-c8bba3fa6d96@group-5FF82F29B6C0: changes role from  FOLLOWER to FOLLOWER at term 1298 for recognizeCandidate:4c6a16c4-95d2-4ef7-9fc0-4f57ccbd9967
2019-10-15 03:21:53,208 [grpc-default-executor-8] INFO  impl.RaftServerImpl (RaftServerImpl.java:setRole(184)) - a910346c-1ee2-4cdc-a6d8-644a3a4f0b7f@group-5FF82F29B6C0: changes role from  FOLLOWER to FOLLOWER at term 1298 for recognizeCandidate:4c6a16c4-95d2-4ef7-9fc0-4f57ccbd9967
2019-10-15 03:21:53,208 [grpc-default-executor-4] INFO  impl.RoleInfo (RoleInfo.java:shutdownFollowerState(121)) - 742c26a8-c271-430a-a05a-c8bba3fa6d96: shutdown FollowerState
2019-10-15 03:21:53,208 [grpc-default-executor-8] INFO  impl.RoleInfo (RoleInfo.java:shutdownFollowerState(121)) - a910346c-1ee2-4cdc-a6d8-644a3a4f0b7f: shutdown FollowerState
2019-10-15 03:21:53,208 [Thread-10344] INFO  impl.FollowerState (FollowerState.java:run(117)) - 742c26a8-c271-430a-a05a-c8bba3fa6d96@group-5FF82F29B6C0-FollowerState was interrupted: java.lang.InterruptedException: sleep interrupted
2019-10-15 03:21:53,208 [grpc-default-executor-4] INFO  impl.RoleInfo (RoleInfo.java:updateAndGet(143)) - 742c26a8-c271-430a-a05a-c8bba3fa6d96: start FollowerState
2019-10-15 03:21:53,208 [Thread-10345] INFO  impl.FollowerState (FollowerState.java:run(117)) - a910346c-1ee2-4cdc-a6d8-644a3a4f0b7f@group-5FF82F29B6C0-FollowerState was interrupted: java.lang.InterruptedException: sleep interrupted
2019-10-15 03:21:53,208 [grpc-default-executor-8] INFO  impl.RoleInfo (RoleInfo.java:updateAndGet(143)) - a910346c-1ee2-4cdc-a6d8-644a3a4f0b7f: start FollowerState
2019-10-15 03:21:53,215 [4c6a16c4-95d2-4ef7-9fc0-4f57ccbd9967@group-5FF82F29B6C0-LeaderElection1252] INFO  impl.LeaderElection (LeaderElection.java:logAndReturn(56)) - 4c6a16c4-95d2-4ef7-9fc0-4f57ccbd9967@group-5FF82F29B6C0-LeaderElection1252: Election TIMEOUT; received 0 response(s) [] and 0 exception(s); 4c6a16c4-95d2-4ef7-9fc0-4f57ccbd9967@group-5FF82F29B6C0:t1298, leader=null, voted=4c6a16c4-95d2-4ef7-9fc0-4f57ccbd9967, raftlog=4c6a16c4-95d2-4ef7-9fc0-4f57ccbd9967@group-5FF82F29B6C0-SegmentedRaftLog:OPENED:c-1,f-1,i0, conf=-1: [4c6a16c4-95d2-4ef7-9fc0-4f57ccbd9967:192.168.5.131:39112, 742c26a8-c271-430a-a05a-c8bba3fa6d96:192.168.5.131:42235, a910346c-1ee2-4cdc-a6d8-644a3a4f0b7f:192.168.5.131:38193], old=null
2019-10-15 03:21:53,221 [4c6a16c4-95d2-4ef7-9fc0-4f57ccbd9967@group-5FF82F29B6C0-LeaderElection1252] INFO  impl.LeaderElection (LeaderElection.java:askForVotes(178)) - 4c6a16c4-95d2-4ef7-9fc0-4f57ccbd9967@group-5FF82F29B6C0-LeaderElection1252: begin an election at term 1299 for -1: [4c6a16c4-95d2-4ef7-9fc0-4f57ccbd9967:192.168.5.131:39112, 742c26a8-c271-430a-a05a-c8bba3fa6d96:192.168.5.131:42235, a910346c-1ee2-4cdc-a6d8-644a3a4f0b7f:192.168.5.131:38193], old=null
2019-10-15 03:21:53,223 [grpc-default-executor-8] INFO  impl.RaftServerImpl (RaftServerImpl.java:setRole(184)) - 742c26a8-c271-430a-a05a-c8bba3fa6d96@group-5FF82F29B6C0: changes role from  FOLLOWER to FOLLOWER at term 1299 for recognizeCandidate:4c6a16c4-95d2-4ef7-9fc0-4f57ccbd9967
2019-10-15 03:21:53,223 [grpc-default-executor-8] INFO  impl.RoleInfo (RoleInfo.java:shutdownFollowerState(121)) - 742c26a8-c271-430a-a05a-c8bba3fa6d96: shutdown FollowerState
2019-10-15 03:21:53,223 [grpc-default-executor-4] INFO  impl.RaftServerImpl (RaftServerImpl.java:setRole(184)) - a910346c-1ee2-4cdc-a6d8-644a3a4f0b7f@group-5FF82F29B6C0: changes role from  FOLLOWER to FOLLOWER at term 1299 for recognizeCandidate:4c6a16c4-95d2-4ef7-9fc0-4f57ccbd9967
2019-10-15 03:21:53,223 [Thread-10374] INFO  impl.FollowerState (FollowerState.java:run(117)) - 742c26a8-c271-430a-a05a-c8bba3fa6d96@group-5FF82F29B6C0-FollowerState was interrupted: java.lang.InterruptedException: sleep interrupted
2019-10-15 03:21:53,223 [grpc-default-executor-8] INFO  impl.RoleInfo (RoleInfo.java:updateAndGet(143)) - 742c26a8-c271-430a-a05a-c8bba3fa6d96: start FollowerState
2019-10-15 03:21:53,223 [grpc-default-executor-4] INFO  impl.RoleInfo (RoleInfo.java:shutdownFollowerState(121)) - a910346c-1ee2-4cdc-a6d8-644a3a4f0b7f: shutdown FollowerState
2019-10-15 03:21:53,223 [grpc-default-executor-4] INFO  impl.RoleInfo (RoleInfo.java:updateAndGet(143)) - a910346c-1ee2-4cdc-a6d8-644a3a4f0b7f: start FollowerState
2019-10-15 03:21:53,223 [Thread-10375] INFO  impl.FollowerState (FollowerState.java:run(117)) - a910346c-1ee2-4cdc-a6d8-644a3a4f0b7f@group-5FF82F29B6C0-FollowerState was interrupted: java.lang.InterruptedException: sleep interrupted
2019-10-15 03:21:53,237 [4c6a16c4-95d2-4ef7-9fc0-4f57ccbd9967@group-5FF82F29B6C0-LeaderElection1252] INFO  impl.LeaderElection (LeaderElection.java:logAndReturn(56)) - 4c6a16c4-95d2-4ef7-9fc0-4f57ccbd9967@group-5FF82F29B6C0-LeaderElection1252: Election REJECTED; received 2 response(s) [4c6a16c4-95d2-4ef7-9fc0-4f57ccbd9967<-742c26a8-c271-430a-a05a-c8bba3fa6d96#0:FAIL-t1299, 4c6a16c4-95d2-4ef7-9fc0-4f57ccbd9967<-a910346c-1ee2-4cdc-a6d8-644a3a4f0b7f#0:FAIL-t1299] and 0 exception(s); 4c6a16c4-95d2-4ef7-9fc0-4f57ccbd9967@group-5FF82F29B6C0:t1299, leader=null, voted=4c6a16c4-95d2-4ef7-9fc0-4f57ccbd9967, raftlog=4c6a16c4-95d2-4ef7-9fc0-4f57ccbd9967@group-5FF82F29B6C0-SegmentedRaftLog:OPENED:c-1,f-1,i0, conf=-1: [4c6a16c4-95d2-4ef7-9fc0-4f57ccbd9967:192.168.5.131:39112, 742c26a8-c271-430a-a05a-c8bba3fa6d96:192.168.5.131:42235, a910346c-1ee2-4cdc-a6d8-644a3a4f0b7f:192.168.5.131:38193], old=null
2019-10-15 03:21:53,237 [4c6a16c4-95d2-4ef7-9fc0-4f57ccbd9967@group-5FF82F29B6C0-LeaderElection1252] INFO  impl.RaftServerImpl (RaftServerImpl.java:setRole(184)) - 4c6a16c4-95d2-4ef7-9fc0-4f57ccbd9967@group-5FF82F29B6C0: changes role from CANDIDATE to FOLLOWER at term 1299 for DISCOVERED_A_NEW_TERM
2019-10-15 03:21:53,238 [4c6a16c4-95d2-4ef7-9fc0-4f57ccbd9967@group-5FF82F29B6C0-LeaderElection1252] INFO  impl.RoleInfo (RoleInfo.java:shutdownLeaderElection(134)) - 4c6a16c4-95d2-4ef7-9fc0-4f57ccbd9967: shutdown LeaderElection
2019-10-15 03:21:53,238 [4c6a16c4-95d2-4ef7-9fc0-4f57ccbd9967@group-5FF82F29B6C0-LeaderElection1252] INFO  impl.RoleInfo (RoleInfo.java:updateAndGet(143)) - 4c6a16c4-95d2-4ef7-9fc0-4f57ccbd9967: start FollowerState
2019-10-15 03:21:53,302 [Thread-10380] INFO  impl.FollowerState (FollowerState.java:run(108)) - 4c6a16c4-95d2-4ef7-9fc0-4f57ccbd9967@group-5FF82F29B6C0-FollowerState: change to CANDIDATE, lastRpcTime:64ms, electionTimeout:64ms
2019-10-15 03:21:53,302 [Thread-10380] INFO  impl.RoleInfo (RoleInfo.java:shutdownFollowerState(121)) - 4c6a16c4-95d2-4ef7-9fc0-4f57ccbd9967: shutdown FollowerState
2019-10-15 03:21:53,302 [Thread-10380] INFO  impl.RaftServerImpl (RaftServerImpl.java:setRole(184)) - 4c6a16c4-95d2-4ef7-9fc0-4f57ccbd9967@group-5FF82F29B6C0: changes role from  FOLLOWER to CANDIDATE at term 1299 for changeToCandidate
2019-10-15 03:21:53,302 [Thread-10380] ERROR ratis.XceiverServerRatis (XceiverServerRatis.java:triggerPipelineClose(582)) - pipeline Action CLOSE  on pipeline PipelineID=e4bf9835-e697-42f6-b211-5ff82f29b6c0.Reason : 4c6a16c4-95d2-4ef7-9fc0-4f57ccbd9967 is in candidate state for 168202ms
2019-10-15 03:21:53,303 [Thread-10380] INFO  impl.RoleInfo (RoleInfo.java:updateAndGet(143)) - 4c6a16c4-95d2-4ef7-9fc0-4f57ccbd9967: start LeaderElection
2019-10-15 03:21:53,316 [4c6a16c4-95d2-4ef7-9fc0-4f57ccbd9967@group-5FF82F29B6C0-LeaderElection1253] INFO  impl.LeaderElection (LeaderElection.java:askForVotes(178)) - 4c6a16c4-95d2-4ef7-9fc0-4f57ccbd9967@group-5FF82F29B6C0-LeaderElection1253: begin an election at term 1300 for -1: [4c6a16c4-95d2-4ef7-9fc0-4f57ccbd9967:192.168.5.131:39112, 742c26a8-c271-430a-a05a-c8bba3fa6d96:192.168.5.131:42235, a910346c-1ee2-4cdc-a6d8-644a3a4f0b7f:192.168.5.131:38193], old=null
2019-10-15 03:21:53,317 [grpc-default-executor-4] INFO  impl.RaftServerImpl (RaftServerImpl.java:setRole(184)) - 742c26a8-c271-430a-a05a-c8bba3fa6d96@group-5FF82F29B6C0: changes role from  FOLLOWER to FOLLOWER at term 1300 for recognizeCandidate:4c6a16c4-95d2-4ef7-9fc0-4f57ccbd9967
2019-10-15 03:21:53,317 [grpc-default-executor-4] INFO  impl.RoleInfo (RoleInfo.java:shutdownFollowerState(121)) - 742c26a8-c271-430a-a05a-c8bba3fa6d96: shutdown FollowerState
2019-10-15 03:21:53,317 [grpc-default-executor-8] INFO  impl.RaftServerImpl (RaftServerImpl.java:setRole(184)) - a910346c-1ee2-4cdc-a6d8-644a3a4f0b7f@group-5FF82F29B6C0: changes role from  FOLLOWER to FOLLOWER at term 1300 for recognizeCandidate:4c6a16c4-95d2-4ef7-9fc0-4f57ccbd9967
2019-10-15 03:21:53,317 [Thread-10378] INFO  impl.FollowerState (FollowerState.java:run(117)) - 742c26a8-c271-430a-a05a-c8bba3fa6d96@group-5FF82F29B6C0-FollowerState was interrupted: java.lang.InterruptedException: sleep interrupted
2019-10-15 03:21:53,317 [grpc-default-executor-4] INFO  impl.RoleInfo (RoleInfo.java:updateAndGet(143)) - 742c26a8-c271-430a-a05a-c8bba3fa6d96: start FollowerState
2019-10-15 03:21:53,317 [grpc-default-executor-8] INFO  impl.RoleInfo (RoleInfo.java:shutdownFollowerState(121)) - a910346c-1ee2-4cdc-a6d8-644a3a4f0b7f: shutdown FollowerState
2019-10-15 03:21:53,317 [grpc-default-executor-8] INFO  impl.RoleInfo (RoleInfo.java:updateAndGet(143)) - a910346c-1ee2-4cdc-a6d8-644a3a4f0b7f: start FollowerState
2019-10-15 03:21:53,317 [Thread-10379] INFO  impl.FollowerState (FollowerState.java:run(117)) - a910346c-1ee2-4cdc-a6d8-644a3a4f0b7f@group-5FF82F29B6C0-FollowerState was interrupted: java.lang.InterruptedException: sleep interrupted
2019-10-15 03:21:53,330 [4c6a16c4-95d2-4ef7-9fc0-4f57ccbd9967@group-5FF82F29B6C0-LeaderElection1253] INFO  impl.LeaderElection (LeaderElection.java:logAndReturn(56)) - 4c6a16c4-95d2-4ef7-9fc0-4f57ccbd9967@group-5FF82F29B6C0-LeaderElection1253: Election REJECTED; received 2 response(s) [4c6a16c4-95d2-4ef7-9fc0-4f57ccbd9967<-742c26a8-c271-430a-a05a-c8bba3fa6d96#0:FAIL-t1300, 4c6a16c4-95d2-4ef7-9fc0-4f57ccbd9967<-a910346c-1ee2-4cdc-a6d8-644a3a4f0b7f#0:FAIL-t1300] and 0 exception(s); 4c6a16c4-95d2-4ef7-9fc0-4f57ccbd9967@group-5FF82F29B6C0:t1300, leader=null, voted=4c6a16c4-95d2-4ef7-9fc0-4f57ccbd9967, raftlog=4c6a16c4-95d2-4ef7-9fc0-4f57ccbd9967@group-5FF82F29B6C0-SegmentedRaftLog:OPENED:c-1,f-1,i0, conf=-1: [4c6a16c4-95d2-4ef7-9fc0-4f57ccbd9967:192.168.5.131:39112, 742c26a8-c271-430a-a05a-c8bba3fa6d96:192.168.5.131:42235, a910346c-1ee2-4cdc-a6d8-644a3a4f0b7f:192.168.5.131:38193], old=null
2019-10-15 03:21:53,330 [4c6a16c4-95d2-4ef7-9fc0-4f57ccbd9967@group-5FF82F29B6C0-LeaderElection1253] INFO  impl.RaftServerImpl (RaftServerImpl.java:setRole(184)) - 4c6a16c4-95d2-4ef7-9fc0-4f57ccbd9967@group-5FF82F29B6C0: changes role from CANDIDATE to FOLLOWER at term 1300 for DISCOVERED_A_NEW_TERM
2019-10-15 03:21:53,331 [4c6a16c4-95d2-4ef7-9fc0-4f57ccbd9967@group-5FF82F29B6C0-LeaderElection1253] INFO  impl.RoleInfo (RoleInfo.java:shutdownLeaderElection(134)) - 4c6a16c4-95d2-4ef7-9fc0-4f57ccbd9967: shutdown LeaderElection
2019-10-15 03:21:53,331 [4c6a16c4-95d2-4ef7-9fc0-4f57ccbd9967@group-5FF82F29B6C0-LeaderElection1253] INFO  impl.RoleInfo (RoleInfo.java:updateAndGet(143)) - 4c6a16c4-95d2-4ef7-9fc0-4f57ccbd9967: start FollowerState
2019-10-15 03:21:53,514 [Thread-10386] INFO  impl.FollowerState (FollowerState.java:run(108)) - 4c6a16c4-95d2-4ef7-9fc0-4f57ccbd9967@group-5FF82F29B6C0-FollowerState: change to CANDIDATE, lastRpcTime:183ms, electionTimeout:183ms
2019-10-15 03:21:53,514 [Thread-10386] INFO  impl.RoleInfo (RoleInfo.java:shutdownFollowerState(121)) - 4c6a16c4-95d2-4ef7-9fc0-4f57ccbd9967: shutdown FollowerState
2019-10-15 03:21:53,514 [Thread-10386] INFO  impl.RaftServerImpl (RaftServerImpl.java:setRole(184)) - 4c6a16c4-95d2-4ef7-9fc0-4f57ccbd9967@group-5FF82F29B6C0: changes role from  FOLLOWER to CANDIDATE at term 1300 for changeToCandidate
2019-10-15 03:21:53,515 [Thread-10386] ERROR ratis.XceiverServerRatis (XceiverServerRatis.java:triggerPipelineClose(582)) - pipeline Action CLOSE  on pipeline PipelineID=e4bf9835-e697-42f6-b211-5ff82f29b6c0.Reason : 4c6a16c4-95d2-4ef7-9fc0-4f57ccbd9967 is in candidate state for 168414ms
2019-10-15 03:21:53,515 [Thread-10386] INFO  impl.RoleInfo (RoleInfo.java:updateAndGet(143)) - 4c6a16c4-95d2-4ef7-9fc0-4f57ccbd9967: start LeaderElection
2019-10-15 03:21:53,528 [4c6a16c4-95d2-4ef7-9fc0-4f57ccbd9967@group-5FF82F29B6C0-LeaderElection1254] INFO  impl.LeaderElection (LeaderElection.java:askForVotes(178)) - 4c6a16c4-95d2-4ef7-9fc0-4f57ccbd9967@group-5FF82F29B6C0-LeaderElection1254: begin an election at term 1301 for -1: [4c6a16c4-95d2-4ef7-9fc0-4f57ccbd9967:192.168.5.131:39112, 742c26a8-c271-430a-a05a-c8bba3fa6d96:192.168.5.131:42235, a910346c-1ee2-4cdc-a6d8-644a3a4f0b7f:192.168.5.131:38193], old=null
2019-10-15 03:21:53,529 [grpc-default-executor-4] INFO  impl.RaftServerImpl (RaftServerImpl.java:setRole(184)) - 742c26a8-c271-430a-a05a-c8bba3fa6d96@group-5FF82F29B6C0: changes role from  FOLLOWER to FOLLOWER at term 1301 for recognizeCandidate:4c6a16c4-95d2-4ef7-9fc0-4f57ccbd9967
2019-10-15 03:21:53,530 [grpc-default-executor-4] INFO  impl.RoleInfo (RoleInfo.java:shutdownFollowerState(121)) - 742c26a8-c271-430a-a05a-c8bba3fa6d96: shutdown FollowerState
2019-10-15 03:21:53,530 [grpc-default-executor-8] INFO  impl.RaftServerImpl (RaftServerImpl.java:setRole(184)) - a910346c-1ee2-4cdc-a6d8-644a3a4f0b7f@group-5FF82F29B6C0: changes role from  FOLLOWER to FOLLOWER at term 1301 for recognizeCandidate:4c6a16c4-95d2-4ef7-9fc0-4f57ccbd9967
2019-10-15 03:21:53,530 [grpc-default-executor-8] INFO  impl.RoleInfo (RoleInfo.java:shutdownFollowerState(121)) - a910346c-1ee2-4cdc-a6d8-644a3a4f0b7f: shutdown FollowerState
2019-10-15 03:21:53,530 [Thread-10384] INFO  impl.FollowerState (FollowerState.java:run(117)) - 742c26a8-c271-430a-a05a-c8bba3fa6d96@group-5FF82F29B6C0-FollowerState was interrupted: java.lang.InterruptedException: sleep interrupted
2019-10-15 03:21:53,530 [grpc-default-executor-4] INFO  impl.RoleInfo (RoleInfo.java:updateAndGet(143)) - 742c26a8-c271-430a-a05a-c8bba3fa6d96: start FollowerState
2019-10-15 03:21:53,530 [Thread-10385] INFO  impl.FollowerState (FollowerState.java:run(117)) - a910346c-1ee2-4cdc-a6d8-644a3a4f0b7f@group-5FF82F29B6C0-FollowerState was interrupted: java.lang.InterruptedException: sleep interrupted
2019-10-15 03:21:53,530 [grpc-default-executor-8] INFO  impl.RoleInfo (RoleInfo.java:updateAndGet(143)) - a910346c-1ee2-4cdc-a6d8-644a3a4f0b7f: start FollowerState
2019-10-15 03:21:53,544 [4c6a16c4-95d2-4ef7-9fc0-4f57ccbd9967@group-5FF82F29B6C0-LeaderElection1254] INFO  impl.LeaderElection (LeaderElection.java:logAndReturn(56)) - 4c6a16c4-95d2-4ef7-9fc0-4f57ccbd9967@group-5FF82F29B6C0-LeaderElection1254: Election REJECTED; received 2 response(s) [4c6a16c4-95d2-4ef7-9fc0-4f57ccbd9967<-742c26a8-c271-430a-a05a-c8bba3fa6d96#0:FAIL-t1301, 4c6a16c4-95d2-4ef7-9fc0-4f57ccbd9967<-a910346c-1ee2-4cdc-a6d8-644a3a4f0b7f#0:FAIL-t1301] and 0 exception(s); 4c6a16c4-95d2-4ef7-9fc0-4f57ccbd9967@group-5FF82F29B6C0:t1301, leader=null, voted=4c6a16c4-95d2-4ef7-9fc0-4f57ccbd9967, raftlog=4c6a16c4-95d2-4ef7-9fc0-4f57ccbd9967@group-5FF82F29B6C0-SegmentedRaftLog:OPENED:c-1,f-1,i0, conf=-1: [4c6a16c4-95d2-4ef7-9fc0-4f57ccbd9967:192.168.5.131:39112, 742c26a8-c271-430a-a05a-c8bba3fa6d96:192.168.5.131:42235, a910346c-1ee2-4cdc-a6d8-644a3a4f0b7f:192.168.5.131:38193], old=null
2019-10-15 03:21:53,544 [4c6a16c4-95d2-4ef7-9fc0-4f57ccbd9967@group-5FF82F29B6C0-LeaderElection1254] INFO  impl.RaftServerImpl (RaftServerImpl.java:setRole(184)) - 4c6a16c4-95d2-4ef7-9fc0-4f57ccbd9967@group-5FF82F29B6C0: changes role from CANDIDATE to FOLLOWER at term 1301 for DISCOVERED_A_NEW_TERM
2019-10-15 03:21:53,544 [4c6a16c4-95d2-4ef7-9fc0-4f57ccbd9967@group-5FF82F29B6C0-LeaderElection1254] INFO  impl.RoleInfo (RoleInfo.java:shutdownLeaderElection(134)) - 4c6a16c4-95d2-4ef7-9fc0-4f57ccbd9967: shutdown LeaderElection
2019-10-15 03:21:53,544 [4c6a16c4-95d2-4ef7-9fc0-4f57ccbd9967@group-5FF82F29B6C0-LeaderElection1254] INFO  impl.RoleInfo (RoleInfo.java:updateAndGet(143)) - 4c6a16c4-95d2-4ef7-9fc0-4f57ccbd9967: start FollowerState
2019-10-15 03:21:53,719 [Thread-10392] INFO  impl.FollowerState (FollowerState.java:run(108)) - 4c6a16c4-95d2-4ef7-9fc0-4f57ccbd9967@group-5FF82F29B6C0-FollowerState: change to CANDIDATE, lastRpcTime:174ms, electionTimeout:174ms
2019-10-15 03:21:53,719 [Thread-10392] INFO  impl.RoleInfo (RoleInfo.java:shutdownFollowerState(121)) - 4c6a16c4-95d2-4ef7-9fc0-4f57ccbd9967: shutdown FollowerState
2019-10-15 03:21:53,719 [Thread-10392] INFO  impl.RaftServerImpl (RaftServerImpl.java:setRole(184)) - 4c6a16c4-95d2-4ef7-9fc0-4f57ccbd9967@group-5FF82F29B6C0: changes role from  FOLLOWER to CANDIDATE at term 1301 for changeToCandidate
2019-10-15 03:21:53,719 [Thread-10392] ERROR ratis.XceiverServerRatis (XceiverServerRatis.java:triggerPipelineClose(582)) - pipeline Action CLOSE  on pipeline PipelineID=e4bf9835-e697-42f6-b211-5ff82f29b6c0.Reason : 4c6a16c4-95d2-4ef7-9fc0-4f57ccbd9967 is in candidate state for 168619ms
2019-10-15 03:21:53,719 [Thread-10392] INFO  impl.RoleInfo (RoleInfo.java:updateAndGet(143)) - 4c6a16c4-95d2-4ef7-9fc0-4f57ccbd9967: start LeaderElection
2019-10-15 03:21:53,733 [4c6a16c4-95d2-4ef7-9fc0-4f57ccbd9967@group-5FF82F29B6C0-LeaderElection1255] INFO  impl.LeaderElection (LeaderElection.java:askForVotes(178)) - 4c6a16c4-95d2-4ef7-9fc0-4f57ccbd9967@group-5FF82F29B6C0-LeaderElection1255: begin an election at term 1302 for -1: [4c6a16c4-95d2-4ef7-9fc0-4f57ccbd9967:192.168.5.131:39112, 742c26a8-c271-430a-a05a-c8bba3fa6d96:192.168.5.131:42235, a910346c-1ee2-4cdc-a6d8-644a3a4f0b7f:192.168.5.131:38193], old=null
2019-10-15 03:21:53,737 [grpc-default-executor-4] INFO  impl.RaftServerImpl (RaftServerImpl.java:setRole(184)) - 742c26a8-c271-430a-a05a-c8bba3fa6d96@group-5FF82F29B6C0: changes role from  FOLLOWER to FOLLOWER at term 1302 for recognizeCandidate:4c6a16c4-95d2-4ef7-9fc0-4f57ccbd9967
2019-10-15 03:21:53,737 [grpc-default-executor-8] INFO  impl.RaftServerImpl (RaftServerImpl.java:setRole(184)) - a910346c-1ee2-4cdc-a6d8-644a3a4f0b7f@group-5FF82F29B6C0: changes role from  FOLLOWER to FOLLOWER at term 1302 for recognizeCandidate:4c6a16c4-95d2-4ef7-9fc0-4f57ccbd9967
2019-10-15 03:21:53,737 [grpc-default-executor-4] INFO  impl.RoleInfo (RoleInfo.java:shutdownFollowerState(121)) - 742c26a8-c271-430a-a05a-c8bba3fa6d96: shutdown FollowerState
2019-10-15 03:21:53,737 [grpc-default-executor-8] INFO  impl.RoleInfo (RoleInfo.java:shutdownFollowerState(121)) - a910346c-1ee2-4cdc-a6d8-644a3a4f0b7f: shutdown FollowerState
2019-10-15 03:21:53,737 [grpc-default-executor-4] INFO  impl.RoleInfo (RoleInfo.java:updateAndGet(143)) - 742c26a8-c271-430a-a05a-c8bba3fa6d96: start FollowerState
2019-10-15 03:21:53,737 [Thread-10391] INFO  impl.FollowerState (FollowerState.java:run(117)) - a910346c-1ee2-4cdc-a6d8-644a3a4f0b7f@group-5FF82F29B6C0-FollowerState was interrupted: java.lang.InterruptedException: sleep interrupted
2019-10-15 03:21:53,737 [grpc-default-executor-8] INFO  impl.RoleInfo (RoleInfo.java:updateAndGet(143)) - a910346c-1ee2-4cdc-a6d8-644a3a4f0b7f: start FollowerState
2019-10-15 03:21:53,737 [Thread-10390] INFO  impl.FollowerState (FollowerState.java:run(117)) - 742c26a8-c271-430a-a05a-c8bba3fa6d96@group-5FF82F29B6C0-FollowerState was interrupted: java.lang.InterruptedException: sleep interrupted
2019-10-15 03:21:53,752 [4c6a16c4-95d2-4ef7-9fc0-4f57ccbd9967@group-5FF82F29B6C0-LeaderElection1255] INFO  impl.LeaderElection (LeaderElection.java:logAndReturn(56)) - 4c6a16c4-95d2-4ef7-9fc0-4f57ccbd9967@group-5FF82F29B6C0-LeaderElection1255: Election REJECTED; received 2 response(s) [4c6a16c4-95d2-4ef7-9fc0-4f57ccbd9967<-742c26a8-c271-430a-a05a-c8bba3fa6d96#0:FAIL-t1302, 4c6a16c4-95d2-4ef7-9fc0-4f57ccbd9967<-a910346c-1ee2-4cdc-a6d8-644a3a4f0b7f#0:FAIL-t1302] and 0 exception(s); 4c6a16c4-95d2-4ef7-9fc0-4f57ccbd9967@group-5FF82F29B6C0:t1302, leader=null, voted=4c6a16c4-95d2-4ef7-9fc0-4f57ccbd9967, raftlog=4c6a16c4-95d2-4ef7-9fc0-4f57ccbd9967@group-5FF82F29B6C0-SegmentedRaftLog:OPENED:c-1,f-1,i0, conf=-1: [4c6a16c4-95d2-4ef7-9fc0-4f57ccbd9967:192.168.5.131:39112, 742c26a8-c271-430a-a05a-c8bba3fa6d96:192.168.5.131:42235, a910346c-1ee2-4cdc-a6d8-644a3a4f0b7f:192.168.5.131:38193], old=null
2019-10-15 03:21:53,752 [4c6a16c4-95d2-4ef7-9fc0-4f57ccbd9967@group-5FF82F29B6C0-LeaderElection1255] INFO  impl.RaftServerImpl (RaftServerImpl.java:setRole(184)) - 4c6a16c4-95d2-4ef7-9fc0-4f57ccbd9967@group-5FF82F29B6C0: changes role from CANDIDATE to FOLLOWER at term 1302 for DISCOVERED_A_NEW_TERM
2019-10-15 03:21:53,752 [4c6a16c4-95d2-4ef7-9fc0-4f57ccbd9967@group-5FF82F29B6C0-LeaderElection1255] INFO  impl.RoleInfo (RoleInfo.java:shutdownLeaderElection(134)) - 4c6a16c4-95d2-4ef7-9fc0-4f57ccbd9967: shutdown LeaderElection
2019-10-15 03:21:53,752 [4c6a16c4-95d2-4ef7-9fc0-4f57ccbd9967@group-5FF82F29B6C0-LeaderElection1255] INFO  impl.RoleInfo (RoleInfo.java:updateAndGet(143)) - 4c6a16c4-95d2-4ef7-9fc0-4f57ccbd9967: start FollowerState
2019-10-15 03:21:53,818 [Thread-10400] INFO  impl.FollowerState (FollowerState.java:run(108)) - 4c6a16c4-95d2-4ef7-9fc0-4f57ccbd9967@group-5FF82F29B6C0-FollowerState: change to CANDIDATE, lastRpcTime:65ms, electionTimeout:65ms
2019-10-15 03:21:53,818 [Thread-10400] INFO  impl.RoleInfo (RoleInfo.java:shutdownFollowerState(121)) - 4c6a16c4-95d2-4ef7-9fc0-4f57ccbd9967: shutdown FollowerState
2019-10-15 03:21:53,818 [Thread-10400] INFO  impl.RaftServerImpl (RaftServerImpl.java:setRole(184)) - 4c6a16c4-95d2-4ef7-9fc0-4f57ccbd9967@group-5FF82F29B6C0: changes role from  FOLLOWER to CANDIDATE at term 1302 for changeToCandidate
2019-10-15 03:21:53,819 [Thread-10400] ERROR ratis.XceiverServerRatis (XceiverServerRatis.java:triggerPipelineClose(582)) - pipeline Action CLOSE  on pipeline PipelineID=e4bf9835-e697-42f6-b211-5ff82f29b6c0.Reason : 4c6a16c4-95d2-4ef7-9fc0-4f57ccbd9967 is in candidate state for 168718ms
2019-10-15 03:21:53,819 [Thread-10400] INFO  impl.RoleInfo (RoleInfo.java:updateAndGet(143)) - 4c6a16c4-95d2-4ef7-9fc0-4f57ccbd9967: start LeaderElection
2019-10-15 03:21:53,832 [4c6a16c4-95d2-4ef7-9fc0-4f57ccbd9967@group-5FF82F29B6C0-LeaderElection1256] INFO  impl.LeaderElection (LeaderElection.java:askForVotes(178)) - 4c6a16c4-95d2-4ef7-9fc0-4f57ccbd9967@group-5FF82F29B6C0-LeaderElection1256: begin an election at term 1303 for -1: [4c6a16c4-95d2-4ef7-9fc0-4f57ccbd9967:192.168.5.131:39112, 742c26a8-c271-430a-a05a-c8bba3fa6d96:192.168.5.131:42235, a910346c-1ee2-4cdc-a6d8-644a3a4f0b7f:192.168.5.131:38193], old=null
2019-10-15 03:21:53,833 [grpc-default-executor-4] INFO  impl.RaftServerImpl (RaftServerImpl.java:setRole(184)) - 742c26a8-c271-430a-a05a-c8bba3fa6d96@group-5FF82F29B6C0: changes role from  FOLLOWER to FOLLOWER at term 1303 for recognizeCandidate:4c6a16c4-95d2-4ef7-9fc0-4f57ccbd9967
2019-10-15 03:21:53,833 [grpc-default-executor-4] INFO  impl.RoleInfo (RoleInfo.java:shutdownFollowerState(121)) - 742c26a8-c271-430a-a05a-c8bba3fa6d96: shutdown FollowerState
2019-10-15 03:21:53,833 [grpc-default-executor-8] INFO  impl.RaftServerImpl (RaftServerImpl.java:setRole(184)) - a910346c-1ee2-4cdc-a6d8-644a3a4f0b7f@group-5FF82F29B6C0: changes role from  FOLLOWER to FOLLOWER at term 1303 for recognizeCandidate:4c6a16c4-95d2-4ef7-9fc0-4f57ccbd9967
2019-10-15 03:21:53,833 [Thread-10398] INFO  impl.FollowerState (FollowerState.java:run(117)) - 742c26a8-c271-430a-a05a-c8bba3fa6d96@group-5FF82F29B6C0-FollowerState was interrupted: java.lang.InterruptedException: sleep interrupted
2019-10-15 03:21:53,833 [grpc-default-executor-4] INFO  impl.RoleInfo (RoleInfo.java:updateAndGet(143)) - 742c26a8-c271-430a-a05a-c8bba3fa6d96: start FollowerState
2019-10-15 03:21:53,833 [grpc-default-executor-8] INFO  impl.RoleInfo (RoleInfo.java:shutdownFollowerState(121)) - a910346c-1ee2-4cdc-a6d8-644a3a4f0b7f: shutdown FollowerState
2019-10-15 03:21:53,834 [grpc-default-executor-8] INFO  impl.RoleInfo (RoleInfo.java:updateAndGet(143)) - a910346c-1ee2-4cdc-a6d8-644a3a4f0b7f: start FollowerState
2019-10-15 03:21:53,834 [Thread-10399] INFO  impl.FollowerState (FollowerState.java:run(117)) - a910346c-1ee2-4cdc-a6d8-644a3a4f0b7f@group-5FF82F29B6C0-FollowerState was interrupted: java.lang.InterruptedException: sleep interrupted
2019-10-15 03:21:53,848 [4c6a16c4-95d2-4ef7-9fc0-4f57ccbd9967@group-5FF82F29B6C0-LeaderElection1256] INFO  impl.LeaderElection (LeaderElection.java:logAndReturn(56)) - 4c6a16c4-95d2-4ef7-9fc0-4f57ccbd9967@group-5FF82F29B6C0-LeaderElection1256: Election REJECTED; received 2 response(s) [4c6a16c4-95d2-4ef7-9fc0-4f57ccbd9967<-742c26a8-c271-430a-a05a-c8bba3fa6d96#0:FAIL-t1303, 4c6a16c4-95d2-4ef7-9fc0-4f57ccbd9967<-a910346c-1ee2-4cdc-a6d8-644a3a4f0b7f#0:FAIL-t1303] and 0 exception(s); 4c6a16c4-95d2-4ef7-9fc0-4f57ccbd9967@group-5FF82F29B6C0:t1303, leader=null, voted=4c6a16c4-95d2-4ef7-9fc0-4f57ccbd9967, raftlog=4c6a16c4-95d2-4ef7-9fc0-4f57ccbd9967@group-5FF82F29B6C0-SegmentedRaftLog:OPENED:c-1,f-1,i0, conf=-1: [4c6a16c4-95d2-4ef7-9fc0-4f57ccbd9967:192.168.5.131:39112, 742c26a8-c271-430a-a05a-c8bba3fa6d96:192.168.5.131:42235, a910346c-1ee2-4cdc-a6d8-644a3a4f0b7f:192.168.5.131:38193], old=null
2019-10-15 03:21:53,848 [4c6a16c4-95d2-4ef7-9fc0-4f57ccbd9967@group-5FF82F29B6C0-LeaderElection1256] INFO  impl.RaftServerImpl (RaftServerImpl.java:setRole(184)) - 4c6a16c4-95d2-4ef7-9fc0-4f57ccbd9967@group-5FF82F29B6C0: changes role from CANDIDATE to FOLLOWER at term 1303 for DISCOVERED_A_NEW_TERM
2019-10-15 03:21:53,848 [4c6a16c4-95d2-4ef7-9fc0-4f57ccbd9967@group-5FF82F29B6C0-LeaderElection1256] INFO  impl.RoleInfo (RoleInfo.java:shutdownLeaderElection(134)) - 4c6a16c4-95d2-4ef7-9fc0-4f57ccbd9967: shutdown LeaderElection
2019-10-15 03:21:53,848 [4c6a16c4-95d2-4ef7-9fc0-4f57ccbd9967@group-5FF82F29B6C0-LeaderElection1256] INFO  impl.RoleInfo (RoleInfo.java:updateAndGet(143)) - 4c6a16c4-95d2-4ef7-9fc0-4f57ccbd9967: start FollowerState
2019-10-15 03:21:53,878 [Thread-10406] INFO  impl.FollowerState (FollowerState.java:run(108)) - 4c6a16c4-95d2-4ef7-9fc0-4f57ccbd9967@group-5FF82F29B6C0-FollowerState: change to CANDIDATE, lastRpcTime:29ms, electionTimeout:29ms
2019-10-15 03:21:53,878 [Thread-10406] INFO  impl.RoleInfo (RoleInfo.java:shutdownFollowerState(121)) - 4c6a16c4-95d2-4ef7-9fc0-4f57ccbd9967: shutdown FollowerState
2019-10-15 03:21:53,878 [Thread-10406] INFO  impl.RaftServerImpl (RaftServerImpl.java:setRole(184)) - 4c6a16c4-95d2-4ef7-9fc0-4f57ccbd9967@group-5FF82F29B6C0: changes role from  FOLLOWER to CANDIDATE at term 1303 for changeToCandidate
2019-10-15 03:21:53,878 [Thread-10406] ERROR ratis.XceiverServerRatis (XceiverServerRatis.java:triggerPipelineClose(582)) - pipeline Action CLOSE  on pipeline PipelineID=e4bf9835-e697-42f6-b211-5ff82f29b6c0.Reason : 4c6a16c4-95d2-4ef7-9fc0-4f57ccbd9967 is in candidate state for 168777ms
2019-10-15 03:21:53,878 [Thread-10406] INFO  impl.RoleInfo (RoleInfo.java:updateAndGet(143)) - 4c6a16c4-95d2-4ef7-9fc0-4f57ccbd9967: start LeaderElection
2019-10-15 03:21:53,891 [4c6a16c4-95d2-4ef7-9fc0-4f57ccbd9967@group-5FF82F29B6C0-LeaderElection1257] INFO  impl.LeaderElection (LeaderElection.java:askForVotes(178)) - 4c6a16c4-95d2-4ef7-9fc0-4f57ccbd9967@group-5FF82F29B6C0-LeaderElection1257: begin an election at term 1304 for -1: [4c6a16c4-95d2-4ef7-9fc0-4f57ccbd9967:192.168.5.131:39112, 742c26a8-c271-430a-a05a-c8bba3fa6d96:192.168.5.131:42235, a910346c-1ee2-4cdc-a6d8-644a3a4f0b7f:192.168.5.131:38193], old=null
2019-10-15 03:21:53,893 [grpc-default-executor-4] INFO  impl.RaftServerImpl (RaftServerImpl.java:setRole(184)) - 742c26a8-c271-430a-a05a-c8bba3fa6d96@group-5FF82F29B6C0: changes role from  FOLLOWER to FOLLOWER at term 1304 for recognizeCandidate:4c6a16c4-95d2-4ef7-9fc0-4f57ccbd9967
2019-10-15 03:21:53,893 [grpc-default-executor-4] INFO  impl.RoleInfo (RoleInfo.java:shutdownFollowerState(121)) - 742c26a8-c271-430a-a05a-c8bba3fa6d96: shutdown FollowerState
2019-10-15 03:21:53,893 [grpc-default-executor-8] INFO  impl.RaftServerImpl (RaftServerImpl.java:setRole(184)) - a910346c-1ee2-4cdc-a6d8-644a3a4f0b7f@group-5FF82F29B6C0: changes role from  FOLLOWER to FOLLOWER at term 1304 for recognizeCandidate:4c6a16c4-95d2-4ef7-9fc0-4f57ccbd9967
2019-10-15 03:21:53,893 [Thread-10404] INFO  impl.FollowerState (FollowerState.java:run(117)) - 742c26a8-c271-430a-a05a-c8bba3fa6d96@group-5FF82F29B6C0-FollowerState was interrupted: java.lang.InterruptedException: sleep interrupted
2019-10-15 03:21:53,893 [grpc-default-executor-4] INFO  impl.RoleInfo (RoleInfo.java:updateAndGet(143)) - 742c26a8-c271-430a-a05a-c8bba3fa6d96: start FollowerState
2019-10-15 03:21:53,893 [grpc-default-executor-8] INFO  impl.RoleInfo (RoleInfo.java:shutdownFollowerState(121)) - a910346c-1ee2-4cdc-a6d8-644a3a4f0b7f: shutdown FollowerState
2019-10-15 03:21:53,893 [grpc-default-executor-8] INFO  impl.RoleInfo (RoleInfo.java:updateAndGet(143)) - a910346c-1ee2-4cdc-a6d8-644a3a4f0b7f: start FollowerState
2019-10-15 03:21:53,893 [Thread-10405] INFO  impl.FollowerState (FollowerState.java:run(117)) - a910346c-1ee2-4cdc-a6d8-644a3a4f0b7f@group-5FF82F29B6C0-FollowerState was interrupted: java.lang.InterruptedException: sleep interrupted
2019-10-15 03:21:53,918 [4c6a16c4-95d2-4ef7-9fc0-4f57ccbd9967@group-5FF82F29B6C0-LeaderElection1257] INFO  impl.LeaderElection (LeaderElection.java:logAndReturn(56)) - 4c6a16c4-95d2-4ef7-9fc0-4f57ccbd9967@group-5FF82F29B6C0-LeaderElection1257: Election REJECTED; received 2 response(s) [4c6a16c4-95d2-4ef7-9fc0-4f57ccbd9967<-742c26a8-c271-430a-a05a-c8bba3fa6d96#0:FAIL-t1304, 4c6a16c4-95d2-4ef7-9fc0-4f57ccbd9967<-a910346c-1ee2-4cdc-a6d8-644a3a4f0b7f#0:FAIL-t1304] and 0 exception(s); 4c6a16c4-95d2-4ef7-9fc0-4f57ccbd9967@group-5FF82F29B6C0:t1304, leader=null, voted=4c6a16c4-95d2-4ef7-9fc0-4f57ccbd9967, raftlog=4c6a16c4-95d2-4ef7-9fc0-4f57ccbd9967@group-5FF82F29B6C0-SegmentedRaftLog:OPENED:c-1,f-1,i0, conf=-1: [4c6a16c4-95d2-4ef7-9fc0-4f57ccbd9967:192.168.5.131:39112, 742c26a8-c271-430a-a05a-c8bba3fa6d96:192.168.5.131:42235, a910346c-1ee2-4cdc-a6d8-644a3a4f0b7f:192.168.5.131:38193], old=null
2019-10-15 03:21:53,918 [4c6a16c4-95d2-4ef7-9fc0-4f57ccbd9967@group-5FF82F29B6C0-LeaderElection1257] INFO  impl.RaftServerImpl (RaftServerImpl.java:setRole(184)) - 4c6a16c4-95d2-4ef7-9fc0-4f57ccbd9967@group-5FF82F29B6C0: changes role from CANDIDATE to FOLLOWER at term 1304 for DISCOVERED_A_NEW_TERM
2019-10-15 03:21:53,918 [4c6a16c4-95d2-4ef7-9fc0-4f57ccbd9967@group-5FF82F29B6C0-LeaderElection1257] INFO  impl.RoleInfo (RoleInfo.java:shutdownLeaderElection(134)) - 4c6a16c4-95d2-4ef7-9fc0-4f57ccbd9967: shutdown LeaderElection
2019-10-15 03:21:53,918 [4c6a16c4-95d2-4ef7-9fc0-4f57ccbd9967@group-5FF82F29B6C0-LeaderElection1257] INFO  impl.RoleInfo (RoleInfo.java:updateAndGet(143)) - 4c6a16c4-95d2-4ef7-9fc0-4f57ccbd9967: start FollowerState
2019-10-15 03:21:53,992 [EventQueue-PipelineActionsForPipelineActionHandler] ERROR pipeline.PipelineActionHandler (PipelineActionHandler.java:onMessage(60)) - Received pipeline action CLOSE for Pipeline[ Id: e4bf9835-e697-42f6-b211-5ff82f29b6c0, Nodes: a910346c-1ee2-4cdc-a6d8-644a3a4f0b7f{ip: 192.168.5.131, host: pr-hdds-2305-c92ks-1629580955, networkLocation: /default-rack, certSerialId: null}742c26a8-c271-430a-a05a-c8bba3fa6d96{ip: 192.168.5.131, host: pr-hdds-2305-c92ks-1629580955, networkLocation: /default-rack, certSerialId: null}4c6a16c4-95d2-4ef7-9fc0-4f57ccbd9967{ip: 192.168.5.131, host: pr-hdds-2305-c92ks-1629580955, networkLocation: /default-rack, certSerialId: null}, Type:RATIS, Factor:THREE, State:CLOSED] from datanode 4c6a16c4-95d2-4ef7-9fc0-4f57ccbd9967{ip: 192.168.5.131, host: pr-hdds-2305-c92ks-1629580955, networkLocation: /default-rack, certSerialId: null}. Reason : 4c6a16c4-95d2-4ef7-9fc0-4f57ccbd9967 is in candidate state for 168093ms
2019-10-15 03:21:53,992 [EventQueue-PipelineActionsForPipelineActionHandler] INFO  pipeline.SCMPipelineManager (SCMPipelineManager.java:finalizeAndDestroyPipeline(315)) - destroying pipeline:Pipeline[ Id: e4bf9835-e697-42f6-b211-5ff82f29b6c0, Nodes: a910346c-1ee2-4cdc-a6d8-644a3a4f0b7f{ip: 192.168.5.131, host: pr-hdds-2305-c92ks-1629580955, networkLocation: /default-rack, certSerialId: null}742c26a8-c271-430a-a05a-c8bba3fa6d96{ip: 192.168.5.131, host: pr-hdds-2305-c92ks-1629580955, networkLocation: /default-rack, certSerialId: null}4c6a16c4-95d2-4ef7-9fc0-4f57ccbd9967{ip: 192.168.5.131, host: pr-hdds-2305-c92ks-1629580955, networkLocation: /default-rack, certSerialId: null}, Type:RATIS, Factor:THREE, State:CLOSED]
2019-10-15 03:21:54,025 [Thread-10412] INFO  impl.FollowerState (FollowerState.java:run(108)) - 4c6a16c4-95d2-4ef7-9fc0-4f57ccbd9967@group-5FF82F29B6C0-FollowerState: change to CANDIDATE, lastRpcTime:106ms, electionTimeout:106ms
2019-10-15 03:21:54,025 [Thread-10412] INFO  impl.RoleInfo (RoleInfo.java:shutdownFollowerState(121)) - 4c6a16c4-95d2-4ef7-9fc0-4f57ccbd9967: shutdown FollowerState
2019-10-15 03:21:54,025 [Thread-10412] INFO  impl.RaftServerImpl (RaftServerImpl.java:setRole(184)) - 4c6a16c4-95d2-4ef7-9fc0-4f57ccbd9967@group-5FF82F29B6C0: changes role from  FOLLOWER to CANDIDATE at term 1304 for changeToCandidate
2019-10-15 03:21:54,025 [Thread-10412] ERROR ratis.XceiverServerRatis (XceiverServerRatis.java:triggerPipelineClose(582)) - pipeline Action CLOSE  on pipeline PipelineID=e4bf9835-e697-42f6-b211-5ff82f29b6c0.Reason : 4c6a16c4-95d2-4ef7-9fc0-4f57ccbd9967 is in candidate state for 168924ms
2019-10-15 03:21:54,025 [Thread-10412] INFO  impl.RoleInfo (RoleInfo.java:updateAndGet(143)) - 4c6a16c4-95d2-4ef7-9fc0-4f57ccbd9967: start LeaderElection
2019-10-15 03:21:54,038 [4c6a16c4-95d2-4ef7-9fc0-4f57ccbd9967@group-5FF82F29B6C0-LeaderElection1258] INFO  impl.LeaderElection (LeaderElection.java:askForVotes(178)) - 4c6a16c4-95d2-4ef7-9fc0-4f57ccbd9967@group-5FF82F29B6C0-LeaderElection1258: begin an election at term 1305 for -1: [4c6a16c4-95d2-4ef7-9fc0-4f57ccbd9967:192.168.5.131:39112, 742c26a8-c271-430a-a05a-c8bba3fa6d96:192.168.5.131:42235, a910346c-1ee2-4cdc-a6d8-644a3a4f0b7f:192.168.5.131:38193], old=null
2019-10-15 03:21:54,040 [grpc-default-executor-4] INFO  impl.RaftServerImpl (RaftServerImpl.java:setRole(184)) - 742c26a8-c271-430a-a05a-c8bba3fa6d96@group-5FF82F29B6C0: changes role from  FOLLOWER to FOLLOWER at term 1305 for recognizeCandidate:4c6a16c4-95d2-4ef7-9fc0-4f57ccbd9967
2019-10-15 03:21:54,040 [grpc-default-executor-4] INFO  impl.RoleInfo (RoleInfo.java:shutdownFollowerState(121)) - 742c26a8-c271-430a-a05a-c8bba3fa6d96: shutdown FollowerState
2019-10-15 03:21:54,040 [grpc-default-executor-8] INFO  impl.RaftServerImpl (RaftServerImpl.java:setRole(184)) - a910346c-1ee2-4cdc-a6d8-644a3a4f0b7f@group-5FF82F29B6C0: changes role from  FOLLOWER to FOLLOWER at term 1305 for recognizeCandidate:4c6a16c4-95d2-4ef7-9fc0-4f57ccbd9967
2019-10-15 03:21:54,040 [grpc-default-executor-4] INFO  impl.RoleInfo (RoleInfo.java:updateAndGet(143)) - 742c26a8-c271-430a-a05a-c8bba3fa6d96: start FollowerState
2019-10-15 03:21:54,040 [Thread-10410] INFO  impl.FollowerState (FollowerState.java:run(117)) - 742c26a8-c271-430a-a05a-c8bba3fa6d96@group-5FF82F29B6C0-FollowerState was interrupted: java.lang.InterruptedException: sleep interrupted
2019-10-15 03:21:54,040 [grpc-default-executor-8] INFO  impl.RoleInfo (RoleInfo.java:shutdownFollowerState(121)) - a910346c-1ee2-4cdc-a6d8-644a3a4f0b7f: shutdown FollowerState
2019-10-15 03:21:54,040 [grpc-default-executor-8] INFO  impl.RoleInfo (RoleInfo.java:updateAndGet(143)) - a910346c-1ee2-4cdc-a6d8-644a3a4f0b7f: start FollowerState
2019-10-15 03:21:54,040 [Thread-10411] INFO  impl.FollowerState (FollowerState.java:run(117)) - a910346c-1ee2-4cdc-a6d8-644a3a4f0b7f@group-5FF82F29B6C0-FollowerState was interrupted: java.lang.InterruptedException: sleep interrupted
2019-10-15 03:21:54,054 [4c6a16c4-95d2-4ef7-9fc0-4f57ccbd9967@group-5FF82F29B6C0-LeaderElection1258] INFO  impl.LeaderElection (LeaderElection.java:logAndReturn(56)) - 4c6a16c4-95d2-4ef7-9fc0-4f57ccbd9967@group-5FF82F29B6C0-LeaderElection1258: Election REJECTED; received 2 response(s) [4c6a16c4-95d2-4ef7-9fc0-4f57ccbd9967<-742c26a8-c271-430a-a05a-c8bba3fa6d96#0:FAIL-t1305, 4c6a16c4-95d2-4ef7-9fc0-4f57ccbd9967<-a910346c-1ee2-4cdc-a6d8-644a3a4f0b7f#0:FAIL-t1305] and 0 exception(s); 4c6a16c4-95d2-4ef7-9fc0-4f57ccbd9967@group-5FF82F29B6C0:t1305, leader=null, voted=4c6a16c4-95d2-4ef7-9fc0-4f57ccbd9967, raftlog=4c6a16c4-95d2-4ef7-9fc0-4f57ccbd9967@group-5FF82F29B6C0-SegmentedRaftLog:OPENED:c-1,f-1,i0, conf=-1: [4c6a16c4-95d2-4ef7-9fc0-4f57ccbd9967:192.168.5.131:39112, 742c26a8-c271-430a-a05a-c8bba3fa6d96:192.168.5.131:42235, a910346c-1ee2-4cdc-a6d8-644a3a4f0b7f:192.168.5.131:38193], old=null
2019-10-15 03:21:54,054 [4c6a16c4-95d2-4ef7-9fc0-4f57ccbd9967@group-5FF82F29B6C0-LeaderElection1258] INFO  impl.RaftServerImpl (RaftServerImpl.java:setRole(184)) - 4c6a16c4-95d2-4ef7-9fc0-4f57ccbd9967@group-5FF82F29B6C0: changes role from CANDIDATE to FOLLOWER at term 1305 for DISCOVERED_A_NEW_TERM
2019-10-15 03:21:54,054 [4c6a16c4-95d2-4ef7-9fc0-4f57ccbd9967@group-5FF82F29B6C0-LeaderElection1258] INFO  impl.RoleInfo (RoleInfo.java:shutdownLeaderElection(134)) - 4c6a16c4-95d2-4ef7-9fc0-4f57ccbd9967: shutdown LeaderElection
2019-10-15 03:21:54,054 [4c6a16c4-95d2-4ef7-9fc0-4f57ccbd9967@group-5FF82F29B6C0-LeaderElection1258] INFO  impl.RoleInfo (RoleInfo.java:updateAndGet(143)) - 4c6a16c4-95d2-4ef7-9fc0-4f57ccbd9967: start FollowerState
2019-10-15 03:21:54,145 [Thread-10420] INFO  impl.FollowerState (FollowerState.java:run(108)) - 4c6a16c4-95d2-4ef7-9fc0-4f57ccbd9967@group-5FF82F29B6C0-FollowerState: change to CANDIDATE, lastRpcTime:91ms, electionTimeout:91ms
2019-10-15 03:21:54,145 [Thread-10420] INFO  impl.RoleInfo (RoleInfo.java:shutdownFollowerState(121)) - 4c6a16c4-95d2-4ef7-9fc0-4f57ccbd9967: shutdown FollowerState
2019-10-15 03:21:54,145 [Thread-10420] INFO  impl.RaftServerImpl (RaftServerImpl.java:setRole(184)) - 4c6a16c4-95d2-4ef7-9fc0-4f57ccbd9967@group-5FF82F29B6C0: changes role from  FOLLOWER to CANDIDATE at term 1305 for changeToCandidate
2019-10-15 03:21:54,145 [Thread-10420] ERROR ratis.XceiverServerRatis (XceiverServerRatis.java:triggerPipelineClose(582)) - pipeline Action CLOSE  on pipeline PipelineID=e4bf9835-e697-42f6-b211-5ff82f29b6c0.Reason : 4c6a16c4-95d2-4ef7-9fc0-4f57ccbd9967 is in candidate state for 169045ms
2019-10-15 03:21:54,146 [Thread-10420] INFO  impl.RoleInfo (RoleInfo.java:updateAndGet(143)) - 4c6a16c4-95d2-4ef7-9fc0-4f57ccbd9967: start LeaderElection
2019-10-15 03:21:54,159 [4c6a16c4-95d2-4ef7-9fc0-4f57ccbd9967@group-5FF82F29B6C0-LeaderElection1259] INFO  impl.LeaderElection (LeaderElection.java:askForVotes(178)) - 4c6a16c4-95d2-4ef7-9fc0-4f57ccbd9967@group-5FF82F29B6C0-LeaderElection1259: begin an election at term 1306 for -1: [4c6a16c4-95d2-4ef7-9fc0-4f57ccbd9967:192.168.5.131:39112, 742c26a8-c271-430a-a05a-c8bba3fa6d96:192.168.5.131:42235, a910346c-1ee2-4cdc-a6d8-644a3a4f0b7f:192.168.5.131:38193], old=null
2019-10-15 03:21:54,160 [grpc-default-executor-8] INFO  impl.RaftServerImpl (RaftServerImpl.java:setRole(184)) - 742c26a8-c271-430a-a05a-c8bba3fa6d96@group-5FF82F29B6C0: changes role from  FOLLOWER to FOLLOWER at term 1306 for recognizeCandidate:4c6a16c4-95d2-4ef7-9fc0-4f57ccbd9967
2019-10-15 03:21:54,160 [grpc-default-executor-4] INFO  impl.RaftServerImpl (RaftServerImpl.java:setRole(184)) - a910346c-1ee2-4cdc-a6d8-644a3a4f0b7f@group-5FF82F29B6C0: changes role from  FOLLOWER to FOLLOWER at term 1306 for recognizeCandidate:4c6a16c4-95d2-4ef7-9fc0-4f57ccbd9967
2019-10-15 03:21:54,160 [grpc-default-executor-8] INFO  impl.RoleInfo (RoleInfo.java:shutdownFollowerState(121)) - 742c26a8-c271-430a-a05a-c8bba3fa6d96: shutdown FollowerState
2019-10-15 03:21:54,160 [grpc-default-executor-4] INFO  impl.RoleInfo (RoleInfo.java:shutdownFollowerState(121)) - a910346c-1ee2-4cdc-a6d8-644a3a4f0b7f: shutdown FollowerState
2019-10-15 03:21:54,160 [Thread-10416] INFO  impl.FollowerState (FollowerState.java:run(117)) - 742c26a8-c271-430a-a05a-c8bba3fa6d96@group-5FF82F29B6C0-FollowerState was interrupted: java.lang.InterruptedException: sleep interrupted
2019-10-15 03:21:54,160 [grpc-default-executor-8] INFO  impl.RoleInfo (RoleInfo.java:updateAndGet(143)) - 742c26a8-c271-430a-a05a-c8bba3fa6d96: start FollowerState
2019-10-15 03:21:54,160 [Thread-10417] INFO  impl.FollowerState (FollowerState.java:run(117)) - a910346c-1ee2-4cdc-a6d8-644a3a4f0b7f@group-5FF82F29B6C0-FollowerState was interrupted: java.lang.InterruptedException: sleep interrupted
2019-10-15 03:21:54,160 [grpc-default-executor-4] INFO  impl.RoleInfo (RoleInfo.java:updateAndGet(143)) - a910346c-1ee2-4cdc-a6d8-644a3a4f0b7f: start FollowerState
2019-10-15 03:21:54,174 [4c6a16c4-95d2-4ef7-9fc0-4f57ccbd9967@group-5FF82F29B6C0-LeaderElection1259] INFO  impl.LeaderElection (LeaderElection.java:logAndReturn(56)) - 4c6a16c4-95d2-4ef7-9fc0-4f57ccbd9967@group-5FF82F29B6C0-LeaderElection1259: Election REJECTED; received 2 response(s) [4c6a16c4-95d2-4ef7-9fc0-4f57ccbd9967<-742c26a8-c271-430a-a05a-c8bba3fa6d96#0:FAIL-t1306, 4c6a16c4-95d2-4ef7-9fc0-4f57ccbd9967<-a910346c-1ee2-4cdc-a6d8-644a3a4f0b7f#0:FAIL-t1306] and 0 exception(s); 4c6a16c4-95d2-4ef7-9fc0-4f57ccbd9967@group-5FF82F29B6C0:t1306, leader=null, voted=4c6a16c4-95d2-4ef7-9fc0-4f57ccbd9967, raftlog=4c6a16c4-95d2-4ef7-9fc0-4f57ccbd9967@group-5FF82F29B6C0-SegmentedRaftLog:OPENED:c-1,f-1,i0, conf=-1: [4c6a16c4-95d2-4ef7-9fc0-4f57ccbd9967:192.168.5.131:39112, 742c26a8-c271-430a-a05a-c8bba3fa6d96:192.168.5.131:42235, a910346c-1ee2-4cdc-a6d8-644a3a4f0b7f:192.168.5.131:38193], old=null
2019-10-15 03:21:54,174 [4c6a16c4-95d2-4ef7-9fc0-4f57ccbd9967@group-5FF82F29B6C0-LeaderElection1259] INFO  impl.RaftServerImpl (RaftServerImpl.java:setRole(184)) - 4c6a16c4-95d2-4ef7-9fc0-4f57ccbd9967@group-5FF82F29B6C0: changes role from CANDIDATE to FOLLOWER at term 1306 for DISCOVERED_A_NEW_TERM
2019-10-15 03:21:54,174 [4c6a16c4-95d2-4ef7-9fc0-4f57ccbd9967@group-5FF82F29B6C0-LeaderElection1259] INFO  impl.RoleInfo (RoleInfo.java:shutdownLeaderElection(134)) - 4c6a16c4-95d2-4ef7-9fc0-4f57ccbd9967: shutdown LeaderElection
2019-10-15 03:21:54,174 [4c6a16c4-95d2-4ef7-9fc0-4f57ccbd9967@group-5FF82F29B6C0-LeaderElection1259] INFO  impl.RoleInfo (RoleInfo.java:updateAndGet(143)) - 4c6a16c4-95d2-4ef7-9fc0-4f57ccbd9967: start FollowerState
2019-10-15 03:21:54,258 [Thread-10426] INFO  impl.FollowerState (FollowerState.java:run(108)) - 4c6a16c4-95d2-4ef7-9fc0-4f57ccbd9967@group-5FF82F29B6C0-FollowerState: change to CANDIDATE, lastRpcTime:84ms, electionTimeout:84ms
2019-10-15 03:21:54,258 [Thread-10426] INFO  impl.RoleInfo (RoleInfo.java:shutdownFollowerState(121)) - 4c6a16c4-95d2-4ef7-9fc0-4f57ccbd9967: shutdown FollowerState
2019-10-15 03:21:54,258 [Thread-10426] INFO  impl.RaftServerImpl (RaftServerImpl.java:setRole(184)) - 4c6a16c4-95d2-4ef7-9fc0-4f57ccbd9967@group-5FF82F29B6C0: changes role from  FOLLOWER to CANDIDATE at term 1306 for changeToCandidate
2019-10-15 03:21:54,258 [Thread-10426] ERROR ratis.XceiverServerRatis (XceiverServerRatis.java:triggerPipelineClose(582)) - pipeline Action CLOSE  on pipeline PipelineID=e4bf9835-e697-42f6-b211-5ff82f29b6c0.Reason : 4c6a16c4-95d2-4ef7-9fc0-4f57ccbd9967 is in candidate state for 169158ms
2019-10-15 03:21:54,259 [Thread-10426] INFO  impl.RoleInfo (RoleInfo.java:updateAndGet(143)) - 4c6a16c4-95d2-4ef7-9fc0-4f57ccbd9967: start LeaderElection
2019-10-15 03:21:54,272 [4c6a16c4-95d2-4ef7-9fc0-4f57ccbd9967@group-5FF82F29B6C0-LeaderElection1260] INFO  impl.LeaderElection (LeaderElection.java:askForVotes(178)) - 4c6a16c4-95d2-4ef7-9fc0-4f57ccbd9967@group-5FF82F29B6C0-LeaderElection1260: begin an election at term 1307 for -1: [4c6a16c4-95d2-4ef7-9fc0-4f57ccbd9967:192.168.5.131:39112, 742c26a8-c271-430a-a05a-c8bba3fa6d96:192.168.5.131:42235, a910346c-1ee2-4cdc-a6d8-644a3a4f0b7f:192.168.5.131:38193], old=null
2019-10-15 03:21:54,273 [grpc-default-executor-8] INFO  impl.RaftServerImpl (RaftServerImpl.java:setRole(184)) - a910346c-1ee2-4cdc-a6d8-644a3a4f0b7f@group-5FF82F29B6C0: changes role from  FOLLOWER to FOLLOWER at term 1307 for recognizeCandidate:4c6a16c4-95d2-4ef7-9fc0-4f57ccbd9967
2019-10-15 03:21:54,273 [grpc-default-executor-8] INFO  impl.RoleInfo (RoleInfo.java:shutdownFollowerState(121)) - a910346c-1ee2-4cdc-a6d8-644a3a4f0b7f: shutdown FollowerState
2019-10-15 03:21:54,274 [grpc-default-executor-8] INFO  impl.RoleInfo (RoleInfo.java:updateAndGet(143)) - a910346c-1ee2-4cdc-a6d8-644a3a4f0b7f: start FollowerState
2019-10-15 03:21:54,274 [Thread-10425] INFO  impl.FollowerState (FollowerState.java:run(117)) - a910346c-1ee2-4cdc-a6d8-644a3a4f0b7f@group-5FF82F29B6C0-FollowerState was interrupted: java.lang.InterruptedException: sleep interrupted
2019-10-15 03:21:54,274 [grpc-default-executor-4] INFO  impl.RaftServerImpl (RaftServerImpl.java:setRole(184)) - 742c26a8-c271-430a-a05a-c8bba3fa6d96@group-5FF82F29B6C0: changes role from  FOLLOWER to FOLLOWER at term 1307 for recognizeCandidate:4c6a16c4-95d2-4ef7-9fc0-4f57ccbd9967
2019-10-15 03:21:54,274 [grpc-default-executor-4] INFO  impl.RoleInfo (RoleInfo.java:shutdownFollowerState(121)) - 742c26a8-c271-430a-a05a-c8bba3fa6d96: shutdown FollowerState
2019-10-15 03:21:54,274 [grpc-default-executor-4] INFO  impl.RoleInfo (RoleInfo.java:updateAndGet(143)) - 742c26a8-c271-430a-a05a-c8bba3fa6d96: start FollowerState
2019-10-15 03:21:54,274 [Thread-10424] INFO  impl.FollowerState (FollowerState.java:run(117)) - 742c26a8-c271-430a-a05a-c8bba3fa6d96@group-5FF82F29B6C0-FollowerState was interrupted: java.lang.InterruptedException: sleep interrupted
2019-10-15 03:21:54,288 [4c6a16c4-95d2-4ef7-9fc0-4f57ccbd9967@group-5FF82F29B6C0-LeaderElection1260] INFO  impl.LeaderElection (LeaderElection.java:logAndReturn(56)) - 4c6a16c4-95d2-4ef7-9fc0-4f57ccbd9967@group-5FF82F29B6C0-LeaderElection1260: Election REJECTED; received 2 response(s) [4c6a16c4-95d2-4ef7-9fc0-4f57ccbd9967<-742c26a8-c271-430a-a05a-c8bba3fa6d96#0:FAIL-t1307, 4c6a16c4-95d2-4ef7-9fc0-4f57ccbd9967<-a910346c-1ee2-4cdc-a6d8-644a3a4f0b7f#0:FAIL-t1307] and 0 exception(s); 4c6a16c4-95d2-4ef7-9fc0-4f57ccbd9967@group-5FF82F29B6C0:t1307, leader=null, voted=4c6a16c4-95d2-4ef7-9fc0-4f57ccbd9967, raftlog=4c6a16c4-95d2-4ef7-9fc0-4f57ccbd9967@group-5FF82F29B6C0-SegmentedRaftLog:OPENED:c-1,f-1,i0, conf=-1: [4c6a16c4-95d2-4ef7-9fc0-4f57ccbd9967:192.168.5.131:39112, 742c26a8-c271-430a-a05a-c8bba3fa6d96:192.168.5.131:42235, a910346c-1ee2-4cdc-a6d8-644a3a4f0b7f:192.168.5.131:38193], old=null
2019-10-15 03:21:54,289 [4c6a16c4-95d2-4ef7-9fc0-4f57ccbd9967@group-5FF82F29B6C0-LeaderElection1260] INFO  impl.RaftServerImpl (RaftServerImpl.java:setRole(184)) - 4c6a16c4-95d2-4ef7-9fc0-4f57ccbd9967@group-5FF82F29B6C0: changes role from CANDIDATE to FOLLOWER at term 1307 for DISCOVERED_A_NEW_TERM
2019-10-15 03:21:54,289 [4c6a16c4-95d2-4ef7-9fc0-4f57ccbd9967@group-5FF82F29B6C0-LeaderElection1260] INFO  impl.RoleInfo (RoleInfo.java:shutdownLeaderElection(134)) - 4c6a16c4-95d2-4ef7-9fc0-4f57ccbd9967: shutdown LeaderElection
2019-10-15 03:21:54,289 [4c6a16c4-95d2-4ef7-9fc0-4f57ccbd9967@group-5FF82F29B6C0-LeaderElection1260] INFO  impl.RoleInfo (RoleInfo.java:updateAndGet(143)) - 4c6a16c4-95d2-4ef7-9fc0-4f57ccbd9967: start FollowerState
2019-10-15 03:21:54,489 [Thread-10432] INFO  impl.FollowerState (FollowerState.java:run(108)) - 4c6a16c4-95d2-4ef7-9fc0-4f57ccbd9967@group-5FF82F29B6C0-FollowerState: change to CANDIDATE, lastRpcTime:200ms, electionTimeout:200ms
2019-10-15 03:21:54,489 [Thread-10432] INFO  impl.RoleInfo (RoleInfo.java:shutdownFollowerState(121)) - 4c6a16c4-95d2-4ef7-9fc0-4f57ccbd9967: shutdown FollowerState
2019-10-15 03:21:54,489 [Thread-10432] INFO  impl.RaftServerImpl (RaftServerImpl.java:setRole(184)) - 4c6a16c4-95d2-4ef7-9fc0-4f57ccbd9967@group-5FF82F29B6C0: changes role from  FOLLOWER to CANDIDATE at term 1307 for changeToCandidate
2019-10-15 03:21:54,490 [Thread-10432] ERROR ratis.XceiverServerRatis (XceiverServerRatis.java:triggerPipelineClose(582)) - pipeline Action CLOSE  on pipeline PipelineID=e4bf9835-e697-42f6-b211-5ff82f29b6c0.Reason : 4c6a16c4-95d2-4ef7-9fc0-4f57ccbd9967 is in candidate state for 169389ms
2019-10-15 03:21:54,490 [Thread-10432] INFO  impl.RoleInfo (RoleInfo.java:updateAndGet(143)) - 4c6a16c4-95d2-4ef7-9fc0-4f57ccbd9967: start LeaderElection
2019-10-15 03:21:54,503 [4c6a16c4-95d2-4ef7-9fc0-4f57ccbd9967@group-5FF82F29B6C0-LeaderElection1261] INFO  impl.LeaderElection (LeaderElection.java:askForVotes(178)) - 4c6a16c4-95d2-4ef7-9fc0-4f57ccbd9967@group-5FF82F29B6C0-LeaderElection1261: begin an election at term 1308 for -1: [4c6a16c4-95d2-4ef7-9fc0-4f57ccbd9967:192.168.5.131:39112, 742c26a8-c271-430a-a05a-c8bba3fa6d96:192.168.5.131:42235, a910346c-1ee2-4cdc-a6d8-644a3a4f0b7f:192.168.5.131:38193], old=null
2019-10-15 03:21:54,504 [grpc-default-executor-4] INFO  impl.RaftServerImpl (RaftServerImpl.java:setRole(184)) - 742c26a8-c271-430a-a05a-c8bba3fa6d96@group-5FF82F29B6C0: changes role from  FOLLOWER to FOLLOWER at term 1308 for recognizeCandidate:4c6a16c4-95d2-4ef7-9fc0-4f57ccbd9967
2019-10-15 03:21:54,504 [grpc-default-executor-4] INFO  impl.RoleInfo (RoleInfo.java:shutdownFollowerState(121)) - 742c26a8-c271-430a-a05a-c8bba3fa6d96: shutdown FollowerState
2019-10-15 03:21:54,504 [grpc-default-executor-8] INFO  impl.RaftServerImpl (RaftServerImpl.java:setRole(184)) - a910346c-1ee2-4cdc-a6d8-644a3a4f0b7f@group-5FF82F29B6C0: changes role from  FOLLOWER to FOLLOWER at term 1308 for recognizeCandidate:4c6a16c4-95d2-4ef7-9fc0-4f57ccbd9967
2019-10-15 03:21:54,505 [grpc-default-executor-8] INFO  impl.RoleInfo (RoleInfo.java:shutdownFollowerState(121)) - a910346c-1ee2-4cdc-a6d8-644a3a4f0b7f: shutdown FollowerState
2019-10-15 03:21:54,505 [Thread-10431] INFO  impl.FollowerState (FollowerState.java:run(117)) - 742c26a8-c271-430a-a05a-c8bba3fa6d96@group-5FF82F29B6C0-FollowerState was interrupted: java.lang.InterruptedException: sleep interrupted
2019-10-15 03:21:54,505 [grpc-default-executor-4] INFO  impl.RoleInfo (RoleInfo.java:updateAndGet(143)) - 742c26a8-c271-430a-a05a-c8bba3fa6d96: start FollowerState
2019-10-15 03:21:54,505 [Thread-10430] INFO  impl.FollowerState (FollowerState.java:run(117)) - a910346c-1ee2-4cdc-a6d8-644a3a4f0b7f@group-5FF82F29B6C0-FollowerState was interrupted: java.lang.InterruptedException: sleep interrupted
2019-10-15 03:21:54,505 [grpc-default-executor-8] INFO  impl.RoleInfo (RoleInfo.java:updateAndGet(143)) - a910346c-1ee2-4cdc-a6d8-644a3a4f0b7f: start FollowerState
2019-10-15 03:21:54,519 [4c6a16c4-95d2-4ef7-9fc0-4f57ccbd9967@group-5FF82F29B6C0-LeaderElection1261] INFO  impl.LeaderElection (LeaderElection.java:logAndReturn(56)) - 4c6a16c4-95d2-4ef7-9fc0-4f57ccbd9967@group-5FF82F29B6C0-LeaderElection1261: Election REJECTED; received 2 response(s) [4c6a16c4-95d2-4ef7-9fc0-4f57ccbd9967<-742c26a8-c271-430a-a05a-c8bba3fa6d96#0:FAIL-t1308, 4c6a16c4-95d2-4ef7-9fc0-4f57ccbd9967<-a910346c-1ee2-4cdc-a6d8-644a3a4f0b7f#0:FAIL-t1308] and 0 exception(s); 4c6a16c4-95d2-4ef7-9fc0-4f57ccbd9967@group-5FF82F29B6C0:t1308, leader=null, voted=4c6a16c4-95d2-4ef7-9fc0-4f57ccbd9967, raftlog=4c6a16c4-95d2-4ef7-9fc0-4f57ccbd9967@group-5FF82F29B6C0-SegmentedRaftLog:OPENED:c-1,f-1,i0, conf=-1: [4c6a16c4-95d2-4ef7-9fc0-4f57ccbd9967:192.168.5.131:39112, 742c26a8-c271-430a-a05a-c8bba3fa6d96:192.168.5.131:42235, a910346c-1ee2-4cdc-a6d8-644a3a4f0b7f:192.168.5.131:38193], old=null
2019-10-15 03:21:54,519 [4c6a16c4-95d2-4ef7-9fc0-4f57ccbd9967@group-5FF82F29B6C0-LeaderElection1261] INFO  impl.RaftServerImpl (RaftServerImpl.java:setRole(184)) - 4c6a16c4-95d2-4ef7-9fc0-4f57ccbd9967@group-5FF82F29B6C0: changes role from CANDIDATE to FOLLOWER at term 1308 for DISCOVERED_A_NEW_TERM
2019-10-15 03:21:54,519 [4c6a16c4-95d2-4ef7-9fc0-4f57ccbd9967@group-5FF82F29B6C0-LeaderElection1261] INFO  impl.RoleInfo (RoleInfo.java:shutdownLeaderElection(134)) - 4c6a16c4-95d2-4ef7-9fc0-4f57ccbd9967: shutdown LeaderElection
2019-10-15 03:21:54,519 [4c6a16c4-95d2-4ef7-9fc0-4f57ccbd9967@group-5FF82F29B6C0-LeaderElection1261] INFO  impl.RoleInfo (RoleInfo.java:updateAndGet(143)) - 4c6a16c4-95d2-4ef7-9fc0-4f57ccbd9967: start FollowerState
2019-10-15 03:21:54,642 [Thread-10438] INFO  impl.FollowerState (FollowerState.java:run(108)) - 4c6a16c4-95d2-4ef7-9fc0-4f57ccbd9967@group-5FF82F29B6C0-FollowerState: change to CANDIDATE, lastRpcTime:122ms, electionTimeout:122ms
2019-10-15 03:21:54,642 [Thread-10438] INFO  impl.RoleInfo (RoleInfo.java:shutdownFollowerState(121)) - 4c6a16c4-95d2-4ef7-9fc0-4f57ccbd9967: shutdown FollowerState
2019-10-15 03:21:54,642 [Thread-10438] INFO  impl.RaftServerImpl (RaftServerImpl.java:setRole(184)) - 4c6a16c4-95d2-4ef7-9fc0-4f57ccbd9967@group-5FF82F29B6C0: changes role from  FOLLOWER to CANDIDATE at term 1308 for changeToCandidate
2019-10-15 03:21:54,642 [Thread-10438] ERROR ratis.XceiverServerRatis (XceiverServerRatis.java:triggerPipelineClose(582)) - pipeline Action CLOSE  on pipeline PipelineID=e4bf9835-e697-42f6-b211-5ff82f29b6c0.Reason : 4c6a16c4-95d2-4ef7-9fc0-4f57ccbd9967 is in candidate state for 169541ms
2019-10-15 03:21:54,642 [Thread-10438] INFO  impl.RoleInfo (RoleInfo.java:updateAndGet(143)) - 4c6a16c4-95d2-4ef7-9fc0-4f57ccbd9967: start LeaderElection
2019-10-15 03:21:54,656 [4c6a16c4-95d2-4ef7-9fc0-4f57ccbd9967@group-5FF82F29B6C0-LeaderElection1262] INFO  impl.LeaderElection (LeaderElection.java:askForVotes(178)) - 4c6a16c4-95d2-4ef7-9fc0-4f57ccbd9967@group-5FF82F29B6C0-LeaderElection1262: begin an election at term 1309 for -1: [4c6a16c4-95d2-4ef7-9fc0-4f57ccbd9967:192.168.5.131:39112, 742c26a8-c271-430a-a05a-c8bba3fa6d96:192.168.5.131:42235, a910346c-1ee2-4cdc-a6d8-644a3a4f0b7f:192.168.5.131:38193], old=null
2019-10-15 03:21:54,657 [grpc-default-executor-4] INFO  impl.RaftServerImpl (RaftServerImpl.java:setRole(184)) - 742c26a8-c271-430a-a05a-c8bba3fa6d96@group-5FF82F29B6C0: changes role from  FOLLOWER to FOLLOWER at term 1309 for recognizeCandidate:4c6a16c4-95d2-4ef7-9fc0-4f57ccbd9967
2019-10-15 03:21:54,657 [grpc-default-executor-4] INFO  impl.RoleInfo (RoleInfo.java:shutdownFollowerState(121)) - 742c26a8-c271-430a-a05a-c8bba3fa6d96: shutdown FollowerState
2019-10-15 03:21:54,657 [grpc-default-executor-4] INFO  impl.RoleInfo (RoleInfo.java:updateAndGet(143)) - 742c26a8-c271-430a-a05a-c8bba3fa6d96: start FollowerState
2019-10-15 03:21:54,657 [Thread-10436] INFO  impl.FollowerState (FollowerState.java:run(117)) - 742c26a8-c271-430a-a05a-c8bba3fa6d96@group-5FF82F29B6C0-FollowerState was interrupted: java.lang.InterruptedException: sleep interrupted
2019-10-15 03:21:54,658 [grpc-default-executor-8] INFO  impl.RaftServerImpl (RaftServerImpl.java:setRole(184)) - a910346c-1ee2-4cdc-a6d8-644a3a4f0b7f@group-5FF82F29B6C0: changes role from  FOLLOWER to FOLLOWER at term 1309 for recognizeCandidate:4c6a16c4-95d2-4ef7-9fc0-4f57ccbd9967
2019-10-15 03:21:54,658 [grpc-default-executor-8] INFO  impl.RoleInfo (RoleInfo.java:shutdownFollowerState(121)) - a910346c-1ee2-4cdc-a6d8-644a3a4f0b7f: shutdown FollowerState
2019-10-15 03:21:54,658 [grpc-default-executor-8] INFO  impl.RoleInfo (RoleInfo.java:updateAndGet(143)) - a910346c-1ee2-4cdc-a6d8-644a3a4f0b7f: start FollowerState
2019-10-15 03:21:54,658 [Thread-10437] INFO  impl.FollowerState (FollowerState.java:run(117)) - a910346c-1ee2-4cdc-a6d8-644a3a4f0b7f@group-5FF82F29B6C0-FollowerState was interrupted: java.lang.InterruptedException: sleep interrupted
2019-10-15 03:21:54,671 [4c6a16c4-95d2-4ef7-9fc0-4f57ccbd9967@group-5FF82F29B6C0-LeaderElection1262] INFO  impl.LeaderElection (LeaderElection.java:logAndReturn(56)) - 4c6a16c4-95d2-4ef7-9fc0-4f57ccbd9967@group-5FF82F29B6C0-LeaderElection1262: Election REJECTED; received 2 response(s) [4c6a16c4-95d2-4ef7-9fc0-4f57ccbd9967<-742c26a8-c271-430a-a05a-c8bba3fa6d96#0:FAIL-t1309, 4c6a16c4-95d2-4ef7-9fc0-4f57ccbd9967<-a910346c-1ee2-4cdc-a6d8-644a3a4f0b7f#0:FAIL-t1309] and 0 exception(s); 4c6a16c4-95d2-4ef7-9fc0-4f57ccbd9967@group-5FF82F29B6C0:t1309, leader=null, voted=4c6a16c4-95d2-4ef7-9fc0-4f57ccbd9967, raftlog=4c6a16c4-95d2-4ef7-9fc0-4f57ccbd9967@group-5FF82F29B6C0-SegmentedRaftLog:OPENED:c-1,f-1,i0, conf=-1: [4c6a16c4-95d2-4ef7-9fc0-4f57ccbd9967:192.168.5.131:39112, 742c26a8-c271-430a-a05a-c8bba3fa6d96:192.168.5.131:42235, a910346c-1ee2-4cdc-a6d8-644a3a4f0b7f:192.168.5.131:38193], old=null
2019-10-15 03:21:54,671 [4c6a16c4-95d2-4ef7-9fc0-4f57ccbd9967@group-5FF82F29B6C0-LeaderElection1262] INFO  impl.RaftServerImpl (RaftServerImpl.java:setRole(184)) - 4c6a16c4-95d2-4ef7-9fc0-4f57ccbd9967@group-5FF82F29B6C0: changes role from CANDIDATE to FOLLOWER at term 1309 for DISCOVERED_A_NEW_TERM
2019-10-15 03:21:54,671 [4c6a16c4-95d2-4ef7-9fc0-4f57ccbd9967@group-5FF82F29B6C0-LeaderElection1262] INFO  impl.RoleInfo (RoleInfo.java:shutdownLeaderElection(134)) - 4c6a16c4-95d2-4ef7-9fc0-4f57ccbd9967: shutdown LeaderElection
2019-10-15 03:21:54,671 [4c6a16c4-95d2-4ef7-9fc0-4f57ccbd9967@group-5FF82F29B6C0-LeaderElection1262] INFO  impl.RoleInfo (RoleInfo.java:updateAndGet(143)) - 4c6a16c4-95d2-4ef7-9fc0-4f57ccbd9967: start FollowerState
2019-10-15 03:21:54,806 [Thread-10446] INFO  impl.FollowerState (FollowerState.java:run(108)) - 4c6a16c4-95d2-4ef7-9fc0-4f57ccbd9967@group-5FF82F29B6C0-FollowerState: change to CANDIDATE, lastRpcTime:134ms, electionTimeout:134ms
2019-10-15 03:21:54,806 [Thread-10446] INFO  impl.RoleInfo (RoleInfo.java:shutdownFollowerState(121)) - 4c6a16c4-95d2-4ef7-9fc0-4f57ccbd9967: shutdown FollowerState
2019-10-15 03:21:54,806 [Thread-10446] INFO  impl.RaftServerImpl (RaftServerImpl.java:setRole(184)) - 4c6a16c4-95d2-4ef7-9fc0-4f57ccbd9967@group-5FF82F29B6C0: changes role from  FOLLOWER to CANDIDATE at term 1309 for changeToCandidate
2019-10-15 03:21:54,806 [Thread-10446] ERROR ratis.XceiverServerRatis (XceiverServerRatis.java:triggerPipelineClose(582)) - pipeline Action CLOSE  on pipeline PipelineID=e4bf9835-e697-42f6-b211-5ff82f29b6c0.Reason : 4c6a16c4-95d2-4ef7-9fc0-4f57ccbd9967 is in candidate state for 169705ms
2019-10-15 03:21:54,806 [Thread-10446] INFO  impl.RoleInfo (RoleInfo.java:updateAndGet(143)) - 4c6a16c4-95d2-4ef7-9fc0-4f57ccbd9967: start LeaderElection
2019-10-15 03:21:54,820 [4c6a16c4-95d2-4ef7-9fc0-4f57ccbd9967@group-5FF82F29B6C0-LeaderElection1263] INFO  impl.LeaderElection (LeaderElection.java:askForVotes(178)) - 4c6a16c4-95d2-4ef7-9fc0-4f57ccbd9967@group-5FF82F29B6C0-LeaderElection1263: begin an election at term 1310 for -1: [4c6a16c4-95d2-4ef7-9fc0-4f57ccbd9967:192.168.5.131:39112, 742c26a8-c271-430a-a05a-c8bba3fa6d96:192.168.5.131:42235, a910346c-1ee2-4cdc-a6d8-644a3a4f0b7f:192.168.5.131:38193], old=null
2019-10-15 03:21:54,821 [grpc-default-executor-4] INFO  impl.RaftServerImpl (RaftServerImpl.java:setRole(184)) - 742c26a8-c271-430a-a05a-c8bba3fa6d96@group-5FF82F29B6C0: changes role from  FOLLOWER to FOLLOWER at term 1310 for recognizeCandidate:4c6a16c4-95d2-4ef7-9fc0-4f57ccbd9967
2019-10-15 03:21:54,822 [grpc-default-executor-4] INFO  impl.RoleInfo (RoleInfo.java:shutdownFollowerState(121)) - 742c26a8-c271-430a-a05a-c8bba3fa6d96: shutdown FollowerState
2019-10-15 03:21:54,822 [grpc-default-executor-8] INFO  impl.RaftServerImpl (RaftServerImpl.java:setRole(184)) - a910346c-1ee2-4cdc-a6d8-644a3a4f0b7f@group-5FF82F29B6C0: changes role from  FOLLOWER to FOLLOWER at term 1310 for recognizeCandidate:4c6a16c4-95d2-4ef7-9fc0-4f57ccbd9967
2019-10-15 03:21:54,822 [Thread-10444] INFO  impl.FollowerState (FollowerState.java:run(117)) - 742c26a8-c271-430a-a05a-c8bba3fa6d96@group-5FF82F29B6C0-FollowerState was interrupted: java.lang.InterruptedException: sleep interrupted
2019-10-15 03:21:54,822 [grpc-default-executor-4] INFO  impl.RoleInfo (RoleInfo.java:updateAndGet(143)) - 742c26a8-c271-430a-a05a-c8bba3fa6d96: start FollowerState
2019-10-15 03:21:54,822 [grpc-default-executor-8] INFO  impl.RoleInfo (RoleInfo.java:shutdownFollowerState(121)) - a910346c-1ee2-4cdc-a6d8-644a3a4f0b7f: shutdown FollowerState
2019-10-15 03:21:54,823 [grpc-default-executor-8] INFO  impl.RoleInfo (RoleInfo.java:updateAndGet(143)) - a910346c-1ee2-4cdc-a6d8-644a3a4f0b7f: start FollowerState
2019-10-15 03:21:54,823 [Thread-10445] INFO  impl.FollowerState (FollowerState.java:run(117)) - a910346c-1ee2-4cdc-a6d8-644a3a4f0b7f@group-5FF82F29B6C0-FollowerState was interrupted: java.lang.InterruptedException: sleep interrupted
2019-10-15 03:21:54,836 [4c6a16c4-95d2-4ef7-9fc0-4f57ccbd9967@group-5FF82F29B6C0-LeaderElection1263] INFO  impl.LeaderElection (LeaderElection.java:logAndReturn(56)) - 4c6a16c4-95d2-4ef7-9fc0-4f57ccbd9967@group-5FF82F29B6C0-LeaderElection1263: Election REJECTED; received 2 response(s) [4c6a16c4-95d2-4ef7-9fc0-4f57ccbd9967<-742c26a8-c271-430a-a05a-c8bba3fa6d96#0:FAIL-t1310, 4c6a16c4-95d2-4ef7-9fc0-4f57ccbd9967<-a910346c-1ee2-4cdc-a6d8-644a3a4f0b7f#0:FAIL-t1310] and 0 exception(s); 4c6a16c4-95d2-4ef7-9fc0-4f57ccbd9967@group-5FF82F29B6C0:t1310, leader=null, voted=4c6a16c4-95d2-4ef7-9fc0-4f57ccbd9967, raftlog=4c6a16c4-95d2-4ef7-9fc0-4f57ccbd9967@group-5FF82F29B6C0-SegmentedRaftLog:OPENED:c-1,f-1,i0, conf=-1: [4c6a16c4-95d2-4ef7-9fc0-4f57ccbd9967:192.168.5.131:39112, 742c26a8-c271-430a-a05a-c8bba3fa6d96:192.168.5.131:42235, a910346c-1ee2-4cdc-a6d8-644a3a4f0b7f:192.168.5.131:38193], old=null
2019-10-15 03:21:54,837 [4c6a16c4-95d2-4ef7-9fc0-4f57ccbd9967@group-5FF82F29B6C0-LeaderElection1263] INFO  impl.RaftServerImpl (RaftServerImpl.java:setRole(184)) - 4c6a16c4-95d2-4ef7-9fc0-4f57ccbd9967@group-5FF82F29B6C0: changes role from CANDIDATE to FOLLOWER at term 1310 for DISCOVERED_A_NEW_TERM
2019-10-15 03:21:54,837 [4c6a16c4-95d2-4ef7-9fc0-4f57ccbd9967@group-5FF82F29B6C0-LeaderElection1263] INFO  impl.RoleInfo (RoleInfo.java:shutdownLeaderElection(134)) - 4c6a16c4-95d2-4ef7-9fc0-4f57ccbd9967: shutdown LeaderElection
2019-10-15 03:21:54,837 [4c6a16c4-95d2-4ef7-9fc0-4f57ccbd9967@group-5FF82F29B6C0-LeaderElection1263] INFO  impl.RoleInfo (RoleInfo.java:updateAndGet(143)) - 4c6a16c4-95d2-4ef7-9fc0-4f57ccbd9967: start FollowerState
2019-10-15 03:21:54,990 [EventQueue-PipelineActionsForPipelineActionHandler] ERROR pipeline.PipelineActionHandler (PipelineActionHandler.java:onMessage(60)) - Received pipeline action CLOSE for Pipeline[ Id: e4bf9835-e697-42f6-b211-5ff82f29b6c0, Nodes: a910346c-1ee2-4cdc-a6d8-644a3a4f0b7f{ip: 192.168.5.131, host: pr-hdds-2305-c92ks-1629580955, networkLocation: /default-rack, certSerialId: null}742c26a8-c271-430a-a05a-c8bba3fa6d96{ip: 192.168.5.131, host: pr-hdds-2305-c92ks-1629580955, networkLocation: /default-rack, certSerialId: null}4c6a16c4-95d2-4ef7-9fc0-4f57ccbd9967{ip: 192.168.5.131, host: pr-hdds-2305-c92ks-1629580955, networkLocation: /default-rack, certSerialId: null}, Type:RATIS, Factor:THREE, State:CLOSED] from datanode 4c6a16c4-95d2-4ef7-9fc0-4f57ccbd9967{ip: 192.168.5.131, host: pr-hdds-2305-c92ks-1629580955, networkLocation: /default-rack, certSerialId: null}. Reason : 4c6a16c4-95d2-4ef7-9fc0-4f57ccbd9967 is in candidate state for 168924ms
2019-10-15 03:21:54,991 [EventQueue-PipelineActionsForPipelineActionHandler] INFO  pipeline.SCMPipelineManager (SCMPipelineManager.java:finalizeAndDestroyPipeline(315)) - destroying pipeline:Pipeline[ Id: e4bf9835-e697-42f6-b211-5ff82f29b6c0, Nodes: a910346c-1ee2-4cdc-a6d8-644a3a4f0b7f{ip: 192.168.5.131, host: pr-hdds-2305-c92ks-1629580955, networkLocation: /default-rack, certSerialId: null}742c26a8-c271-430a-a05a-c8bba3fa6d96{ip: 192.168.5.131, host: pr-hdds-2305-c92ks-1629580955, networkLocation: /default-rack, certSerialId: null}4c6a16c4-95d2-4ef7-9fc0-4f57ccbd9967{ip: 192.168.5.131, host: pr-hdds-2305-c92ks-1629580955, networkLocation: /default-rack, certSerialId: null}, Type:RATIS, Factor:THREE, State:CLOSED]
2019-10-15 03:21:55,006 [Thread-10452] INFO  impl.FollowerState (FollowerState.java:run(108)) - 4c6a16c4-95d2-4ef7-9fc0-4f57ccbd9967@group-5FF82F29B6C0-FollowerState: change to CANDIDATE, lastRpcTime:169ms, electionTimeout:169ms
2019-10-15 03:21:55,007 [Thread-10452] INFO  impl.RoleInfo (RoleInfo.java:shutdownFollowerState(121)) - 4c6a16c4-95d2-4ef7-9fc0-4f57ccbd9967: shutdown FollowerState
2019-10-15 03:21:55,007 [Thread-10452] INFO  impl.RaftServerImpl (RaftServerImpl.java:setRole(184)) - 4c6a16c4-95d2-4ef7-9fc0-4f57ccbd9967@group-5FF82F29B6C0: changes role from  FOLLOWER to CANDIDATE at term 1310 for changeToCandidate
2019-10-15 03:21:55,007 [Thread-10452] ERROR ratis.XceiverServerRatis (XceiverServerRatis.java:triggerPipelineClose(582)) - pipeline Action CLOSE  on pipeline PipelineID=e4bf9835-e697-42f6-b211-5ff82f29b6c0.Reason : 4c6a16c4-95d2-4ef7-9fc0-4f57ccbd9967 is in candidate state for 169906ms
2019-10-15 03:21:55,007 [Thread-10452] INFO  impl.RoleInfo (RoleInfo.java:updateAndGet(143)) - 4c6a16c4-95d2-4ef7-9fc0-4f57ccbd9967: start LeaderElection
2019-10-15 03:21:55,020 [4c6a16c4-95d2-4ef7-9fc0-4f57ccbd9967@group-5FF82F29B6C0-LeaderElection1264] INFO  impl.LeaderElection (LeaderElection.java:askForVotes(178)) - 4c6a16c4-95d2-4ef7-9fc0-4f57ccbd9967@group-5FF82F29B6C0-LeaderElection1264: begin an election at term 1311 for -1: [4c6a16c4-95d2-4ef7-9fc0-4f57ccbd9967:192.168.5.131:39112, 742c26a8-c271-430a-a05a-c8bba3fa6d96:192.168.5.131:42235, a910346c-1ee2-4cdc-a6d8-644a3a4f0b7f:192.168.5.131:38193], old=null
2019-10-15 03:21:55,021 [grpc-default-executor-8] INFO  impl.RaftServerImpl (RaftServerImpl.java:setRole(184)) - 742c26a8-c271-430a-a05a-c8bba3fa6d96@group-5FF82F29B6C0: changes role from  FOLLOWER to FOLLOWER at term 1311 for recognizeCandidate:4c6a16c4-95d2-4ef7-9fc0-4f57ccbd9967
2019-10-15 03:21:55,021 [grpc-default-executor-4] INFO  impl.RaftServerImpl (RaftServerImpl.java:setRole(184)) - a910346c-1ee2-4cdc-a6d8-644a3a4f0b7f@group-5FF82F29B6C0: changes role from  FOLLOWER to FOLLOWER at term 1311 for recognizeCandidate:4c6a16c4-95d2-4ef7-9fc0-4f57ccbd9967
2019-10-15 03:21:55,022 [grpc-default-executor-4] INFO  impl.RoleInfo (RoleInfo.java:shutdownFollowerState(121)) - a910346c-1ee2-4cdc-a6d8-644a3a4f0b7f: shutdown FollowerState
2019-10-15 03:21:55,021 [grpc-default-executor-8] INFO  impl.RoleInfo (RoleInfo.java:shutdownFollowerState(121)) - 742c26a8-c271-430a-a05a-c8bba3fa6d96: shutdown FollowerState
2019-10-15 03:21:55,022 [grpc-default-executor-4] INFO  impl.RoleInfo (RoleInfo.java:updateAndGet(143)) - a910346c-1ee2-4cdc-a6d8-644a3a4f0b7f: start FollowerState
2019-10-15 03:21:55,022 [Thread-10450] INFO  impl.FollowerState (FollowerState.java:run(117)) - 742c26a8-c271-430a-a05a-c8bba3fa6d96@group-5FF82F29B6C0-FollowerState was interrupted: java.lang.InterruptedException: sleep interrupted
2019-10-15 03:21:55,022 [Thread-10451] INFO  impl.FollowerState (FollowerState.java:run(117)) - a910346c-1ee2-4cdc-a6d8-644a3a4f0b7f@group-5FF82F29B6C0-FollowerState was interrupted: java.lang.InterruptedException: sleep interrupted
2019-10-15 03:21:55,022 [grpc-default-executor-8] INFO  impl.RoleInfo (RoleInfo.java:updateAndGet(143)) - 742c26a8-c271-430a-a05a-c8bba3fa6d96: start FollowerState
2019-10-15 03:21:55,036 [4c6a16c4-95d2-4ef7-9fc0-4f57ccbd9967@group-5FF82F29B6C0-LeaderElection1264] INFO  impl.LeaderElection (LeaderElection.java:logAndReturn(56)) - 4c6a16c4-95d2-4ef7-9fc0-4f57ccbd9967@group-5FF82F29B6C0-LeaderElection1264: Election REJECTED; received 2 response(s) [4c6a16c4-95d2-4ef7-9fc0-4f57ccbd9967<-742c26a8-c271-430a-a05a-c8bba3fa6d96#0:FAIL-t1311, 4c6a16c4-95d2-4ef7-9fc0-4f57ccbd9967<-a910346c-1ee2-4cdc-a6d8-644a3a4f0b7f#0:FAIL-t1311] and 0 exception(s); 4c6a16c4-95d2-4ef7-9fc0-4f57ccbd9967@group-5FF82F29B6C0:t1311, leader=null, voted=4c6a16c4-95d2-4ef7-9fc0-4f57ccbd9967, raftlog=4c6a16c4-95d2-4ef7-9fc0-4f57ccbd9967@group-5FF82F29B6C0-SegmentedRaftLog:OPENED:c-1,f-1,i0, conf=-1: [4c6a16c4-95d2-4ef7-9fc0-4f57ccbd9967:192.168.5.131:39112, 742c26a8-c271-430a-a05a-c8bba3fa6d96:192.168.5.131:42235, a910346c-1ee2-4cdc-a6d8-644a3a4f0b7f:192.168.5.131:38193], old=null
2019-10-15 03:21:55,036 [4c6a16c4-95d2-4ef7-9fc0-4f57ccbd9967@group-5FF82F29B6C0-LeaderElection1264] INFO  impl.RaftServerImpl (RaftServerImpl.java:setRole(184)) - 4c6a16c4-95d2-4ef7-9fc0-4f57ccbd9967@group-5FF82F29B6C0: changes role from CANDIDATE to FOLLOWER at term 1311 for DISCOVERED_A_NEW_TERM
2019-10-15 03:21:55,036 [4c6a16c4-95d2-4ef7-9fc0-4f57ccbd9967@group-5FF82F29B6C0-LeaderElection1264] INFO  impl.RoleInfo (RoleInfo.java:shutdownLeaderElection(134)) - 4c6a16c4-95d2-4ef7-9fc0-4f57ccbd9967: shutdown LeaderElection
2019-10-15 03:21:55,036 [4c6a16c4-95d2-4ef7-9fc0-4f57ccbd9967@group-5FF82F29B6C0-LeaderElection1264] INFO  impl.RoleInfo (RoleInfo.java:updateAndGet(143)) - 4c6a16c4-95d2-4ef7-9fc0-4f57ccbd9967: start FollowerState
2019-10-15 03:21:55,047 [Thread-10458] INFO  impl.FollowerState (FollowerState.java:run(108)) - 4c6a16c4-95d2-4ef7-9fc0-4f57ccbd9967@group-5FF82F29B6C0-FollowerState: change to CANDIDATE, lastRpcTime:11ms, electionTimeout:11ms
2019-10-15 03:21:55,047 [Thread-10458] INFO  impl.RoleInfo (RoleInfo.java:shutdownFollowerState(121)) - 4c6a16c4-95d2-4ef7-9fc0-4f57ccbd9967: shutdown FollowerState
2019-10-15 03:21:55,047 [Thread-10458] INFO  impl.RaftServerImpl (RaftServerImpl.java:setRole(184)) - 4c6a16c4-95d2-4ef7-9fc0-4f57ccbd9967@group-5FF82F29B6C0: changes role from  FOLLOWER to CANDIDATE at term 1311 for changeToCandidate
2019-10-15 03:21:55,047 [Thread-10458] ERROR ratis.XceiverServerRatis (XceiverServerRatis.java:triggerPipelineClose(582)) - pipeline Action CLOSE  on pipeline PipelineID=e4bf9835-e697-42f6-b211-5ff82f29b6c0.Reason : 4c6a16c4-95d2-4ef7-9fc0-4f57ccbd9967 is in candidate state for 169947ms
2019-10-15 03:21:55,047 [Thread-10458] INFO  impl.RoleInfo (RoleInfo.java:updateAndGet(143)) - 4c6a16c4-95d2-4ef7-9fc0-4f57ccbd9967: start LeaderElection
2019-10-15 03:21:55,060 [4c6a16c4-95d2-4ef7-9fc0-4f57ccbd9967@group-5FF82F29B6C0-LeaderElection1265] INFO  impl.LeaderElection (LeaderElection.java:askForVotes(178)) - 4c6a16c4-95d2-4ef7-9fc0-4f57ccbd9967@group-5FF82F29B6C0-LeaderElection1265: begin an election at term 1312 for -1: [4c6a16c4-95d2-4ef7-9fc0-4f57ccbd9967:192.168.5.131:39112, 742c26a8-c271-430a-a05a-c8bba3fa6d96:192.168.5.131:42235, a910346c-1ee2-4cdc-a6d8-644a3a4f0b7f:192.168.5.131:38193], old=null
2019-10-15 03:21:55,062 [grpc-default-executor-8] INFO  impl.RaftServerImpl (RaftServerImpl.java:setRole(184)) - 742c26a8-c271-430a-a05a-c8bba3fa6d96@group-5FF82F29B6C0: changes role from  FOLLOWER to FOLLOWER at term 1312 for recognizeCandidate:4c6a16c4-95d2-4ef7-9fc0-4f57ccbd9967
2019-10-15 03:21:55,062 [grpc-default-executor-4] INFO  impl.RaftServerImpl (RaftServerImpl.java:setRole(184)) - a910346c-1ee2-4cdc-a6d8-644a3a4f0b7f@group-5FF82F29B6C0: changes role from  FOLLOWER to FOLLOWER at term 1312 for recognizeCandidate:4c6a16c4-95d2-4ef7-9fc0-4f57ccbd9967
2019-10-15 03:21:55,062 [grpc-default-executor-8] INFO  impl.RoleInfo (RoleInfo.java:shutdownFollowerState(121)) - 742c26a8-c271-430a-a05a-c8bba3fa6d96: shutdown FollowerState
2019-10-15 03:21:55,062 [grpc-default-executor-4] INFO  impl.RoleInfo (RoleInfo.java:shutdownFollowerState(121)) - a910346c-1ee2-4cdc-a6d8-644a3a4f0b7f: shutdown FollowerState
2019-10-15 03:21:55,062 [Thread-10457] INFO  impl.FollowerState (FollowerState.java:run(117)) - 742c26a8-c271-430a-a05a-c8bba3fa6d96@group-5FF82F29B6C0-FollowerState was interrupted: java.lang.InterruptedException: sleep interrupted
2019-10-15 03:21:55,062 [grpc-default-executor-8] INFO  impl.RoleInfo (RoleInfo.java:updateAndGet(143)) - 742c26a8-c271-430a-a05a-c8bba3fa6d96: start FollowerState
2019-10-15 03:21:55,062 [Thread-10456] INFO  impl.FollowerState (FollowerState.java:run(117)) - a910346c-1ee2-4cdc-a6d8-644a3a4f0b7f@group-5FF82F29B6C0-FollowerState was interrupted: java.lang.InterruptedException: sleep interrupted
2019-10-15 03:21:55,062 [grpc-default-executor-4] INFO  impl.RoleInfo (RoleInfo.java:updateAndGet(143)) - a910346c-1ee2-4cdc-a6d8-644a3a4f0b7f: start FollowerState
2019-10-15 03:21:55,076 [4c6a16c4-95d2-4ef7-9fc0-4f57ccbd9967@group-5FF82F29B6C0-LeaderElection1265] INFO  impl.LeaderElection (LeaderElection.java:logAndReturn(56)) - 4c6a16c4-95d2-4ef7-9fc0-4f57ccbd9967@group-5FF82F29B6C0-LeaderElection1265: Election REJECTED; received 2 response(s) [4c6a16c4-95d2-4ef7-9fc0-4f57ccbd9967<-742c26a8-c271-430a-a05a-c8bba3fa6d96#0:FAIL-t1312, 4c6a16c4-95d2-4ef7-9fc0-4f57ccbd9967<-a910346c-1ee2-4cdc-a6d8-644a3a4f0b7f#0:FAIL-t1312] and 0 exception(s); 4c6a16c4-95d2-4ef7-9fc0-4f57ccbd9967@group-5FF82F29B6C0:t1312, leader=null, voted=4c6a16c4-95d2-4ef7-9fc0-4f57ccbd9967, raftlog=4c6a16c4-95d2-4ef7-9fc0-4f57ccbd9967@group-5FF82F29B6C0-SegmentedRaftLog:OPENED:c-1,f-1,i0, conf=-1: [4c6a16c4-95d2-4ef7-9fc0-4f57ccbd9967:192.168.5.131:39112, 742c26a8-c271-430a-a05a-c8bba3fa6d96:192.168.5.131:42235, a910346c-1ee2-4cdc-a6d8-644a3a4f0b7f:192.168.5.131:38193], old=null
2019-10-15 03:21:55,076 [4c6a16c4-95d2-4ef7-9fc0-4f57ccbd9967@group-5FF82F29B6C0-LeaderElection1265] INFO  impl.RaftServerImpl (RaftServerImpl.java:setRole(184)) - 4c6a16c4-95d2-4ef7-9fc0-4f57ccbd9967@group-5FF82F29B6C0: changes role from CANDIDATE to FOLLOWER at term 1312 for DISCOVERED_A_NEW_TERM
2019-10-15 03:21:55,076 [4c6a16c4-95d2-4ef7-9fc0-4f57ccbd9967@group-5FF82F29B6C0-LeaderElection1265] INFO  impl.RoleInfo (RoleInfo.java:shutdownLeaderElection(134)) - 4c6a16c4-95d2-4ef7-9fc0-4f57ccbd9967: shutdown LeaderElection
2019-10-15 03:21:55,076 [4c6a16c4-95d2-4ef7-9fc0-4f57ccbd9967@group-5FF82F29B6C0-LeaderElection1265] INFO  impl.RoleInfo (RoleInfo.java:updateAndGet(143)) - 4c6a16c4-95d2-4ef7-9fc0-4f57ccbd9967: start FollowerState
2019-10-15 03:21:55,139 [Thread-10239] INFO  container.ReplicationManager (ReplicationManager.java:start(162)) - Starting Replication Monitor Thread.
2019-10-15 03:21:55,145 [Thread-10466] INFO  impl.FollowerState (FollowerState.java:run(108)) - 4c6a16c4-95d2-4ef7-9fc0-4f57ccbd9967@group-5FF82F29B6C0-FollowerState: change to CANDIDATE, lastRpcTime:69ms, electionTimeout:66ms
2019-10-15 03:21:55,145 [Thread-10466] INFO  impl.RoleInfo (RoleInfo.java:shutdownFollowerState(121)) - 4c6a16c4-95d2-4ef7-9fc0-4f57ccbd9967: shutdown FollowerState
2019-10-15 03:21:55,145 [ReplicationMonitor] INFO  container.ReplicationManager (ReplicationManager.java:run(225)) - Replication Monitor Thread took 0 milliseconds for processing 1 containers.
2019-10-15 03:21:55,145 [Thread-10466] INFO  impl.RaftServerImpl (RaftServerImpl.java:setRole(184)) - 4c6a16c4-95d2-4ef7-9fc0-4f57ccbd9967@group-5FF82F29B6C0: changes role from  FOLLOWER to CANDIDATE at term 1312 for changeToCandidate
2019-10-15 03:21:55,146 [Thread-10466] ERROR ratis.XceiverServerRatis (XceiverServerRatis.java:triggerPipelineClose(582)) - pipeline Action CLOSE  on pipeline PipelineID=e4bf9835-e697-42f6-b211-5ff82f29b6c0.Reason : 4c6a16c4-95d2-4ef7-9fc0-4f57ccbd9967 is in candidate state for 170045ms
2019-10-15 03:21:55,146 [Thread-10466] INFO  impl.RoleInfo (RoleInfo.java:updateAndGet(143)) - 4c6a16c4-95d2-4ef7-9fc0-4f57ccbd9967: start LeaderElection
2019-10-15 03:21:55,159 [4c6a16c4-95d2-4ef7-9fc0-4f57ccbd9967@group-5FF82F29B6C0-LeaderElection1266] INFO  impl.LeaderElection (LeaderElection.java:askForVotes(178)) - 4c6a16c4-95d2-4ef7-9fc0-4f57ccbd9967@group-5FF82F29B6C0-LeaderElection1266: begin an election at term 1313 for -1: [4c6a16c4-95d2-4ef7-9fc0-4f57ccbd9967:192.168.5.131:39112, 742c26a8-c271-430a-a05a-c8bba3fa6d96:192.168.5.131:42235, a910346c-1ee2-4cdc-a6d8-644a3a4f0b7f:192.168.5.131:38193], old=null
2019-10-15 03:21:55,160 [grpc-default-executor-8] INFO  impl.RaftServerImpl (RaftServerImpl.java:setRole(184)) - 742c26a8-c271-430a-a05a-c8bba3fa6d96@group-5FF82F29B6C0: changes role from  FOLLOWER to FOLLOWER at term 1313 for recognizeCandidate:4c6a16c4-95d2-4ef7-9fc0-4f57ccbd9967
2019-10-15 03:21:55,160 [grpc-default-executor-8] INFO  impl.RoleInfo (RoleInfo.java:shutdownFollowerState(121)) - 742c26a8-c271-430a-a05a-c8bba3fa6d96: shutdown FollowerState
2019-10-15 03:21:55,160 [grpc-default-executor-4] INFO  impl.RaftServerImpl (RaftServerImpl.java:setRole(184)) - a910346c-1ee2-4cdc-a6d8-644a3a4f0b7f@group-5FF82F29B6C0: changes role from  FOLLOWER to FOLLOWER at term 1313 for recognizeCandidate:4c6a16c4-95d2-4ef7-9fc0-4f57ccbd9967
2019-10-15 03:21:55,161 [Thread-10464] INFO  impl.FollowerState (FollowerState.java:run(117)) - 742c26a8-c271-430a-a05a-c8bba3fa6d96@group-5FF82F29B6C0-FollowerState was interrupted: java.lang.InterruptedException: sleep interrupted
2019-10-15 03:21:55,161 [grpc-default-executor-8] INFO  impl.RoleInfo (RoleInfo.java:updateAndGet(143)) - 742c26a8-c271-430a-a05a-c8bba3fa6d96: start FollowerState
2019-10-15 03:21:55,161 [grpc-default-executor-4] INFO  impl.RoleInfo (RoleInfo.java:shutdownFollowerState(121)) - a910346c-1ee2-4cdc-a6d8-644a3a4f0b7f: shutdown FollowerState
2019-10-15 03:21:55,161 [grpc-default-executor-4] INFO  impl.RoleInfo (RoleInfo.java:updateAndGet(143)) - a910346c-1ee2-4cdc-a6d8-644a3a4f0b7f: start FollowerState
2019-10-15 03:21:55,161 [Thread-10465] INFO  impl.FollowerState (FollowerState.java:run(117)) - a910346c-1ee2-4cdc-a6d8-644a3a4f0b7f@group-5FF82F29B6C0-FollowerState was interrupted: java.lang.InterruptedException: sleep interrupted
2019-10-15 03:21:55,175 [4c6a16c4-95d2-4ef7-9fc0-4f57ccbd9967@group-5FF82F29B6C0-LeaderElection1266] INFO  impl.LeaderElection (LeaderElection.java:logAndReturn(56)) - 4c6a16c4-95d2-4ef7-9fc0-4f57ccbd9967@group-5FF82F29B6C0-LeaderElection1266: Election REJECTED; received 2 response(s) [4c6a16c4-95d2-4ef7-9fc0-4f57ccbd9967<-742c26a8-c271-430a-a05a-c8bba3fa6d96#0:FAIL-t1313, 4c6a16c4-95d2-4ef7-9fc0-4f57ccbd9967<-a910346c-1ee2-4cdc-a6d8-644a3a4f0b7f#0:FAIL-t1313] and 0 exception(s); 4c6a16c4-95d2-4ef7-9fc0-4f57ccbd9967@group-5FF82F29B6C0:t1313, leader=null, voted=4c6a16c4-95d2-4ef7-9fc0-4f57ccbd9967, raftlog=4c6a16c4-95d2-4ef7-9fc0-4f57ccbd9967@group-5FF82F29B6C0-SegmentedRaftLog:OPENED:c-1,f-1,i0, conf=-1: [4c6a16c4-95d2-4ef7-9fc0-4f57ccbd9967:192.168.5.131:39112, 742c26a8-c271-430a-a05a-c8bba3fa6d96:192.168.5.131:42235, a910346c-1ee2-4cdc-a6d8-644a3a4f0b7f:192.168.5.131:38193], old=null
2019-10-15 03:21:55,176 [4c6a16c4-95d2-4ef7-9fc0-4f57ccbd9967@group-5FF82F29B6C0-LeaderElection1266] INFO  impl.RaftServerImpl (RaftServerImpl.java:setRole(184)) - 4c6a16c4-95d2-4ef7-9fc0-4f57ccbd9967@group-5FF82F29B6C0: changes role from CANDIDATE to FOLLOWER at term 1313 for DISCOVERED_A_NEW_TERM
2019-10-15 03:21:55,176 [4c6a16c4-95d2-4ef7-9fc0-4f57ccbd9967@group-5FF82F29B6C0-LeaderElection1266] INFO  impl.RoleInfo (RoleInfo.java:shutdownLeaderElection(134)) - 4c6a16c4-95d2-4ef7-9fc0-4f57ccbd9967: shutdown LeaderElection
2019-10-15 03:21:55,176 [4c6a16c4-95d2-4ef7-9fc0-4f57ccbd9967@group-5FF82F29B6C0-LeaderElection1266] INFO  impl.RoleInfo (RoleInfo.java:updateAndGet(143)) - 4c6a16c4-95d2-4ef7-9fc0-4f57ccbd9967: start FollowerState
2019-10-15 03:21:55,317 [Thread-10473] INFO  impl.FollowerState (FollowerState.java:run(108)) - 4c6a16c4-95d2-4ef7-9fc0-4f57ccbd9967@group-5FF82F29B6C0-FollowerState: change to CANDIDATE, lastRpcTime:141ms, electionTimeout:141ms
2019-10-15 03:21:55,317 [Thread-10473] INFO  impl.RoleInfo (RoleInfo.java:shutdownFollowerState(121)) - 4c6a16c4-95d2-4ef7-9fc0-4f57ccbd9967: shutdown FollowerState
2019-10-15 03:21:55,317 [Thread-10473] INFO  impl.RaftServerImpl (RaftServerImpl.java:setRole(184)) - 4c6a16c4-95d2-4ef7-9fc0-4f57ccbd9967@group-5FF82F29B6C0: changes role from  FOLLOWER to CANDIDATE at term 1313 for changeToCandidate
2019-10-15 03:21:55,318 [Thread-10473] ERROR ratis.XceiverServerRatis (XceiverServerRatis.java:triggerPipelineClose(582)) - pipeline Action CLOSE  on pipeline PipelineID=e4bf9835-e697-42f6-b211-5ff82f29b6c0.Reason : 4c6a16c4-95d2-4ef7-9fc0-4f57ccbd9967 is in candidate state for 170217ms
2019-10-15 03:21:55,318 [Thread-10473] INFO  impl.RoleInfo (RoleInfo.java:updateAndGet(143)) - 4c6a16c4-95d2-4ef7-9fc0-4f57ccbd9967: start LeaderElection
2019-10-15 03:21:55,331 [4c6a16c4-95d2-4ef7-9fc0-4f57ccbd9967@group-5FF82F29B6C0-LeaderElection1267] INFO  impl.LeaderElection (LeaderElection.java:askForVotes(178)) - 4c6a16c4-95d2-4ef7-9fc0-4f57ccbd9967@group-5FF82F29B6C0-LeaderElection1267: begin an election at term 1314 for -1: [4c6a16c4-95d2-4ef7-9fc0-4f57ccbd9967:192.168.5.131:39112, 742c26a8-c271-430a-a05a-c8bba3fa6d96:192.168.5.131:42235, a910346c-1ee2-4cdc-a6d8-644a3a4f0b7f:192.168.5.131:38193], old=null
2019-10-15 03:21:55,332 [grpc-default-executor-8] INFO  impl.RaftServerImpl (RaftServerImpl.java:setRole(184)) - 742c26a8-c271-430a-a05a-c8bba3fa6d96@group-5FF82F29B6C0: changes role from  FOLLOWER to FOLLOWER at term 1314 for recognizeCandidate:4c6a16c4-95d2-4ef7-9fc0-4f57ccbd9967
2019-10-15 03:21:55,332 [grpc-default-executor-8] INFO  impl.RoleInfo (RoleInfo.java:shutdownFollowerState(121)) - 742c26a8-c271-430a-a05a-c8bba3fa6d96: shutdown FollowerState
2019-10-15 03:21:55,333 [grpc-default-executor-4] INFO  impl.RaftServerImpl (RaftServerImpl.java:setRole(184)) - a910346c-1ee2-4cdc-a6d8-644a3a4f0b7f@group-5FF82F29B6C0: changes role from  FOLLOWER to FOLLOWER at term 1314 for recognizeCandidate:4c6a16c4-95d2-4ef7-9fc0-4f57ccbd9967
2019-10-15 03:21:55,333 [grpc-default-executor-8] INFO  impl.RoleInfo (RoleInfo.java:updateAndGet(143)) - 742c26a8-c271-430a-a05a-c8bba3fa6d96: start FollowerState
2019-10-15 03:21:55,333 [Thread-10471] INFO  impl.FollowerState (FollowerState.java:run(117)) - 742c26a8-c271-430a-a05a-c8bba3fa6d96@group-5FF82F29B6C0-FollowerState was interrupted: java.lang.InterruptedException: sleep interrupted
2019-10-15 03:21:55,333 [grpc-default-executor-4] INFO  impl.RoleInfo (RoleInfo.java:shutdownFollowerState(121)) - a910346c-1ee2-4cdc-a6d8-644a3a4f0b7f: shutdown FollowerState
2019-10-15 03:21:55,333 [Thread-10472] INFO  impl.FollowerState (FollowerState.java:run(117)) - a910346c-1ee2-4cdc-a6d8-644a3a4f0b7f@group-5FF82F29B6C0-FollowerState was interrupted: java.lang.InterruptedException: sleep interrupted
2019-10-15 03:21:55,333 [grpc-default-executor-4] INFO  impl.RoleInfo (RoleInfo.java:updateAndGet(143)) - a910346c-1ee2-4cdc-a6d8-644a3a4f0b7f: start FollowerState
2019-10-15 03:21:55,347 [4c6a16c4-95d2-4ef7-9fc0-4f57ccbd9967@group-5FF82F29B6C0-LeaderElection1267] INFO  impl.LeaderElection (LeaderElection.java:logAndReturn(56)) - 4c6a16c4-95d2-4ef7-9fc0-4f57ccbd9967@group-5FF82F29B6C0-LeaderElection1267: Election REJECTED; received 2 response(s) [4c6a16c4-95d2-4ef7-9fc0-4f57ccbd9967<-742c26a8-c271-430a-a05a-c8bba3fa6d96#0:FAIL-t1314, 4c6a16c4-95d2-4ef7-9fc0-4f57ccbd9967<-a910346c-1ee2-4cdc-a6d8-644a3a4f0b7f#0:FAIL-t1314] and 0 exception(s); 4c6a16c4-95d2-4ef7-9fc0-4f57ccbd9967@group-5FF82F29B6C0:t1314, leader=null, voted=4c6a16c4-95d2-4ef7-9fc0-4f57ccbd9967, raftlog=4c6a16c4-95d2-4ef7-9fc0-4f57ccbd9967@group-5FF82F29B6C0-SegmentedRaftLog:OPENED:c-1,f-1,i0, conf=-1: [4c6a16c4-95d2-4ef7-9fc0-4f57ccbd9967:192.168.5.131:39112, 742c26a8-c271-430a-a05a-c8bba3fa6d96:192.168.5.131:42235, a910346c-1ee2-4cdc-a6d8-644a3a4f0b7f:192.168.5.131:38193], old=null
2019-10-15 03:21:55,347 [4c6a16c4-95d2-4ef7-9fc0-4f57ccbd9967@group-5FF82F29B6C0-LeaderElection1267] INFO  impl.RaftServerImpl (RaftServerImpl.java:setRole(184)) - 4c6a16c4-95d2-4ef7-9fc0-4f57ccbd9967@group-5FF82F29B6C0: changes role from CANDIDATE to FOLLOWER at term 1314 for DISCOVERED_A_NEW_TERM
2019-10-15 03:21:55,347 [4c6a16c4-95d2-4ef7-9fc0-4f57ccbd9967@group-5FF82F29B6C0-LeaderElection1267] INFO  impl.RoleInfo (RoleInfo.java:shutdownLeaderElection(134)) - 4c6a16c4-95d2-4ef7-9fc0-4f57ccbd9967: shutdown LeaderElection
2019-10-15 03:21:55,347 [4c6a16c4-95d2-4ef7-9fc0-4f57ccbd9967@group-5FF82F29B6C0-LeaderElection1267] INFO  impl.RoleInfo (RoleInfo.java:updateAndGet(143)) - 4c6a16c4-95d2-4ef7-9fc0-4f57ccbd9967: start FollowerState
2019-10-15 03:21:55,398 [Thread-10479] INFO  impl.FollowerState (FollowerState.java:run(108)) - 4c6a16c4-95d2-4ef7-9fc0-4f57ccbd9967@group-5FF82F29B6C0-FollowerState: change to CANDIDATE, lastRpcTime:51ms, electionTimeout:51ms
2019-10-15 03:21:55,399 [Thread-10479] INFO  impl.RoleInfo (RoleInfo.java:shutdownFollowerState(121)) - 4c6a16c4-95d2-4ef7-9fc0-4f57ccbd9967: shutdown FollowerState
2019-10-15 03:21:55,399 [Thread-10479] INFO  impl.RaftServerImpl (RaftServerImpl.java:setRole(184)) - 4c6a16c4-95d2-4ef7-9fc0-4f57ccbd9967@group-5FF82F29B6C0: changes role from  FOLLOWER to CANDIDATE at term 1314 for changeToCandidate
2019-10-15 03:21:55,399 [Thread-10479] ERROR ratis.XceiverServerRatis (XceiverServerRatis.java:triggerPipelineClose(582)) - pipeline Action CLOSE  on pipeline PipelineID=e4bf9835-e697-42f6-b211-5ff82f29b6c0.Reason : 4c6a16c4-95d2-4ef7-9fc0-4f57ccbd9967 is in candidate state for 170298ms
2019-10-15 03:21:55,399 [Thread-10479] INFO  impl.RoleInfo (RoleInfo.java:updateAndGet(143)) - 4c6a16c4-95d2-4ef7-9fc0-4f57ccbd9967: start LeaderElection
2019-10-15 03:21:55,424 [4c6a16c4-95d2-4ef7-9fc0-4f57ccbd9967@group-5FF82F29B6C0-LeaderElection1268] INFO  impl.LeaderElection (LeaderElection.java:askForVotes(178)) - 4c6a16c4-95d2-4ef7-9fc0-4f57ccbd9967@group-5FF82F29B6C0-LeaderElection1268: begin an election at term 1315 for -1: [4c6a16c4-95d2-4ef7-9fc0-4f57ccbd9967:192.168.5.131:39112, 742c26a8-c271-430a-a05a-c8bba3fa6d96:192.168.5.131:42235, a910346c-1ee2-4cdc-a6d8-644a3a4f0b7f:192.168.5.131:38193], old=null
2019-10-15 03:21:55,425 [grpc-default-executor-8] INFO  impl.RaftServerImpl (RaftServerImpl.java:setRole(184)) - 742c26a8-c271-430a-a05a-c8bba3fa6d96@group-5FF82F29B6C0: changes role from  FOLLOWER to FOLLOWER at term 1315 for recognizeCandidate:4c6a16c4-95d2-4ef7-9fc0-4f57ccbd9967
2019-10-15 03:21:55,425 [grpc-default-executor-8] INFO  impl.RoleInfo (RoleInfo.java:shutdownFollowerState(121)) - 742c26a8-c271-430a-a05a-c8bba3fa6d96: shutdown FollowerState
2019-10-15 03:21:55,425 [grpc-default-executor-4] INFO  impl.RaftServerImpl (RaftServerImpl.java:setRole(184)) - a910346c-1ee2-4cdc-a6d8-644a3a4f0b7f@group-5FF82F29B6C0: changes role from  FOLLOWER to FOLLOWER at term 1315 for recognizeCandidate:4c6a16c4-95d2-4ef7-9fc0-4f57ccbd9967
2019-10-15 03:21:55,425 [Thread-10477] INFO  impl.FollowerState (FollowerState.java:run(117)) - 742c26a8-c271-430a-a05a-c8bba3fa6d96@group-5FF82F29B6C0-FollowerState was interrupted: java.lang.InterruptedException: sleep interrupted
2019-10-15 03:21:55,425 [grpc-default-executor-8] INFO  impl.RoleInfo (RoleInfo.java:updateAndGet(143)) - 742c26a8-c271-430a-a05a-c8bba3fa6d96: start FollowerState
2019-10-15 03:21:55,426 [grpc-default-executor-4] INFO  impl.RoleInfo (RoleInfo.java:shutdownFollowerState(121)) - a910346c-1ee2-4cdc-a6d8-644a3a4f0b7f: shutdown FollowerState
2019-10-15 03:21:55,426 [grpc-default-executor-4] INFO  impl.RoleInfo (RoleInfo.java:updateAndGet(143)) - a910346c-1ee2-4cdc-a6d8-644a3a4f0b7f: start FollowerState
2019-10-15 03:21:55,426 [Thread-10478] INFO  impl.FollowerState (FollowerState.java:run(117)) - a910346c-1ee2-4cdc-a6d8-644a3a4f0b7f@group-5FF82F29B6C0-FollowerState was interrupted: java.lang.InterruptedException: sleep interrupted
2019-10-15 03:21:55,439 [4c6a16c4-95d2-4ef7-9fc0-4f57ccbd9967@group-5FF82F29B6C0-LeaderElection1268] INFO  impl.LeaderElection (LeaderElection.java:logAndReturn(56)) - 4c6a16c4-95d2-4ef7-9fc0-4f57ccbd9967@group-5FF82F29B6C0-LeaderElection1268: Election REJECTED; received 2 response(s) [4c6a16c4-95d2-4ef7-9fc0-4f57ccbd9967<-742c26a8-c271-430a-a05a-c8bba3fa6d96#0:FAIL-t1315, 4c6a16c4-95d2-4ef7-9fc0-4f57ccbd9967<-a910346c-1ee2-4cdc-a6d8-644a3a4f0b7f#0:FAIL-t1315] and 0 exception(s); 4c6a16c4-95d2-4ef7-9fc0-4f57ccbd9967@group-5FF82F29B6C0:t1315, leader=null, voted=4c6a16c4-95d2-4ef7-9fc0-4f57ccbd9967, raftlog=4c6a16c4-95d2-4ef7-9fc0-4f57ccbd9967@group-5FF82F29B6C0-SegmentedRaftLog:OPENED:c-1,f-1,i0, conf=-1: [4c6a16c4-95d2-4ef7-9fc0-4f57ccbd9967:192.168.5.131:39112, 742c26a8-c271-430a-a05a-c8bba3fa6d96:192.168.5.131:42235, a910346c-1ee2-4cdc-a6d8-644a3a4f0b7f:192.168.5.131:38193], old=null
2019-10-15 03:21:55,439 [4c6a16c4-95d2-4ef7-9fc0-4f57ccbd9967@group-5FF82F29B6C0-LeaderElection1268] INFO  impl.RaftServerImpl (RaftServerImpl.java:setRole(184)) - 4c6a16c4-95d2-4ef7-9fc0-4f57ccbd9967@group-5FF82F29B6C0: changes role from CANDIDATE to FOLLOWER at term 1315 for DISCOVERED_A_NEW_TERM
2019-10-15 03:21:55,440 [4c6a16c4-95d2-4ef7-9fc0-4f57ccbd9967@group-5FF82F29B6C0-LeaderElection1268] INFO  impl.RoleInfo (RoleInfo.java:shutdownLeaderElection(134)) - 4c6a16c4-95d2-4ef7-9fc0-4f57ccbd9967: shutdown LeaderElection
2019-10-15 03:21:55,440 [4c6a16c4-95d2-4ef7-9fc0-4f57ccbd9967@group-5FF82F29B6C0-LeaderElection1268] INFO  impl.RoleInfo (RoleInfo.java:updateAndGet(143)) - 4c6a16c4-95d2-4ef7-9fc0-4f57ccbd9967: start FollowerState
2019-10-15 03:21:55,449 [Thread-10485] INFO  impl.FollowerState (FollowerState.java:run(108)) - 4c6a16c4-95d2-4ef7-9fc0-4f57ccbd9967@group-5FF82F29B6C0-FollowerState: change to CANDIDATE, lastRpcTime:9ms, electionTimeout:9ms
2019-10-15 03:21:55,449 [Thread-10485] INFO  impl.RoleInfo (RoleInfo.java:shutdownFollowerState(121)) - 4c6a16c4-95d2-4ef7-9fc0-4f57ccbd9967: shutdown FollowerState
2019-10-15 03:21:55,449 [Thread-10485] INFO  impl.RaftServerImpl (RaftServerImpl.java:setRole(184)) - 4c6a16c4-95d2-4ef7-9fc0-4f57ccbd9967@group-5FF82F29B6C0: changes role from  FOLLOWER to CANDIDATE at term 1315 for changeToCandidate
2019-10-15 03:21:55,449 [Thread-10485] ERROR ratis.XceiverServerRatis (XceiverServerRatis.java:triggerPipelineClose(582)) - pipeline Action CLOSE  on pipeline PipelineID=e4bf9835-e697-42f6-b211-5ff82f29b6c0.Reason : 4c6a16c4-95d2-4ef7-9fc0-4f57ccbd9967 is in candidate state for 170349ms
2019-10-15 03:21:55,449 [Thread-10485] INFO  impl.RoleInfo (RoleInfo.java:updateAndGet(143)) - 4c6a16c4-95d2-4ef7-9fc0-4f57ccbd9967: start LeaderElection
2019-10-15 03:21:55,462 [4c6a16c4-95d2-4ef7-9fc0-4f57ccbd9967@group-5FF82F29B6C0-LeaderElection1269] INFO  impl.LeaderElection (LeaderElection.java:askForVotes(178)) - 4c6a16c4-95d2-4ef7-9fc0-4f57ccbd9967@group-5FF82F29B6C0-LeaderElection1269: begin an election at term 1316 for -1: [4c6a16c4-95d2-4ef7-9fc0-4f57ccbd9967:192.168.5.131:39112, 742c26a8-c271-430a-a05a-c8bba3fa6d96:192.168.5.131:42235, a910346c-1ee2-4cdc-a6d8-644a3a4f0b7f:192.168.5.131:38193], old=null
2019-10-15 03:21:55,463 [grpc-default-executor-4] INFO  impl.RaftServerImpl (RaftServerImpl.java:setRole(184)) - a910346c-1ee2-4cdc-a6d8-644a3a4f0b7f@group-5FF82F29B6C0: changes role from  FOLLOWER to FOLLOWER at term 1316 for recognizeCandidate:4c6a16c4-95d2-4ef7-9fc0-4f57ccbd9967
2019-10-15 03:21:55,463 [grpc-default-executor-4] INFO  impl.RoleInfo (RoleInfo.java:shutdownFollowerState(121)) - a910346c-1ee2-4cdc-a6d8-644a3a4f0b7f: shutdown FollowerState
2019-10-15 03:21:55,463 [grpc-default-executor-8] INFO  impl.RaftServerImpl (RaftServerImpl.java:setRole(184)) - 742c26a8-c271-430a-a05a-c8bba3fa6d96@group-5FF82F29B6C0: changes role from  FOLLOWER to FOLLOWER at term 1316 for recognizeCandidate:4c6a16c4-95d2-4ef7-9fc0-4f57ccbd9967
2019-10-15 03:21:55,463 [grpc-default-executor-4] INFO  impl.RoleInfo (RoleInfo.java:updateAndGet(143)) - a910346c-1ee2-4cdc-a6d8-644a3a4f0b7f: start FollowerState
2019-10-15 03:21:55,463 [Thread-10484] INFO  impl.FollowerState (FollowerState.java:run(117)) - a910346c-1ee2-4cdc-a6d8-644a3a4f0b7f@group-5FF82F29B6C0-FollowerState was interrupted: java.lang.InterruptedException: sleep interrupted
2019-10-15 03:21:55,463 [grpc-default-executor-8] INFO  impl.RoleInfo (RoleInfo.java:shutdownFollowerState(121)) - 742c26a8-c271-430a-a05a-c8bba3fa6d96: shutdown FollowerState
2019-10-15 03:21:55,464 [grpc-default-executor-8] INFO  impl.RoleInfo (RoleInfo.java:updateAndGet(143)) - 742c26a8-c271-430a-a05a-c8bba3fa6d96: start FollowerState
2019-10-15 03:21:55,464 [Thread-10483] INFO  impl.FollowerState (FollowerState.java:run(117)) - 742c26a8-c271-430a-a05a-c8bba3fa6d96@group-5FF82F29B6C0-FollowerState was interrupted: java.lang.InterruptedException: sleep interrupted
2019-10-15 03:21:55,477 [4c6a16c4-95d2-4ef7-9fc0-4f57ccbd9967@group-5FF82F29B6C0-LeaderElection1269] INFO  impl.LeaderElection (LeaderElection.java:logAndReturn(56)) - 4c6a16c4-95d2-4ef7-9fc0-4f57ccbd9967@group-5FF82F29B6C0-LeaderElection1269: Election REJECTED; received 2 response(s) [4c6a16c4-95d2-4ef7-9fc0-4f57ccbd9967<-742c26a8-c271-430a-a05a-c8bba3fa6d96#0:FAIL-t1316, 4c6a16c4-95d2-4ef7-9fc0-4f57ccbd9967<-a910346c-1ee2-4cdc-a6d8-644a3a4f0b7f#0:FAIL-t1316] and 0 exception(s); 4c6a16c4-95d2-4ef7-9fc0-4f57ccbd9967@group-5FF82F29B6C0:t1316, leader=null, voted=4c6a16c4-95d2-4ef7-9fc0-4f57ccbd9967, raftlog=4c6a16c4-95d2-4ef7-9fc0-4f57ccbd9967@group-5FF82F29B6C0-SegmentedRaftLog:OPENED:c-1,f-1,i0, conf=-1: [4c6a16c4-95d2-4ef7-9fc0-4f57ccbd9967:192.168.5.131:39112, 742c26a8-c271-430a-a05a-c8bba3fa6d96:192.168.5.131:42235, a910346c-1ee2-4cdc-a6d8-644a3a4f0b7f:192.168.5.131:38193], old=null
2019-10-15 03:21:55,477 [4c6a16c4-95d2-4ef7-9fc0-4f57ccbd9967@group-5FF82F29B6C0-LeaderElection1269] INFO  impl.RaftServerImpl (RaftServerImpl.java:setRole(184)) - 4c6a16c4-95d2-4ef7-9fc0-4f57ccbd9967@group-5FF82F29B6C0: changes role from CANDIDATE to FOLLOWER at term 1316 for DISCOVERED_A_NEW_TERM
2019-10-15 03:21:55,477 [4c6a16c4-95d2-4ef7-9fc0-4f57ccbd9967@group-5FF82F29B6C0-LeaderElection1269] INFO  impl.RoleInfo (RoleInfo.java:shutdownLeaderElection(134)) - 4c6a16c4-95d2-4ef7-9fc0-4f57ccbd9967: shutdown LeaderElection
2019-10-15 03:21:55,478 [4c6a16c4-95d2-4ef7-9fc0-4f57ccbd9967@group-5FF82F29B6C0-LeaderElection1269] INFO  impl.RoleInfo (RoleInfo.java:updateAndGet(143)) - 4c6a16c4-95d2-4ef7-9fc0-4f57ccbd9967: start FollowerState
2019-10-15 03:21:55,553 [Thread-10491] INFO  impl.FollowerState (FollowerState.java:run(108)) - 4c6a16c4-95d2-4ef7-9fc0-4f57ccbd9967@group-5FF82F29B6C0-FollowerState: change to CANDIDATE, lastRpcTime:75ms, electionTimeout:75ms
2019-10-15 03:21:55,553 [Thread-10491] INFO  impl.RoleInfo (RoleInfo.java:shutdownFollowerState(121)) - 4c6a16c4-95d2-4ef7-9fc0-4f57ccbd9967: shutdown FollowerState
2019-10-15 03:21:55,553 [Thread-10491] INFO  impl.RaftServerImpl (RaftServerImpl.java:setRole(184)) - 4c6a16c4-95d2-4ef7-9fc0-4f57ccbd9967@group-5FF82F29B6C0: changes role from  FOLLOWER to CANDIDATE at term 1316 for changeToCandidate
2019-10-15 03:21:55,553 [Thread-10491] ERROR ratis.XceiverServerRatis (XceiverServerRatis.java:triggerPipelineClose(582)) - pipeline Action CLOSE  on pipeline PipelineID=e4bf9835-e697-42f6-b211-5ff82f29b6c0.Reason : 4c6a16c4-95d2-4ef7-9fc0-4f57ccbd9967 is in candidate state for 170453ms
2019-10-15 03:21:55,553 [Thread-10491] INFO  impl.RoleInfo (RoleInfo.java:updateAndGet(143)) - 4c6a16c4-95d2-4ef7-9fc0-4f57ccbd9967: start LeaderElection
2019-10-15 03:21:55,566 [4c6a16c4-95d2-4ef7-9fc0-4f57ccbd9967@group-5FF82F29B6C0-LeaderElection1270] INFO  impl.LeaderElection (LeaderElection.java:askForVotes(178)) - 4c6a16c4-95d2-4ef7-9fc0-4f57ccbd9967@group-5FF82F29B6C0-LeaderElection1270: begin an election at term 1317 for -1: [4c6a16c4-95d2-4ef7-9fc0-4f57ccbd9967:192.168.5.131:39112, 742c26a8-c271-430a-a05a-c8bba3fa6d96:192.168.5.131:42235, a910346c-1ee2-4cdc-a6d8-644a3a4f0b7f:192.168.5.131:38193], old=null
2019-10-15 03:21:55,567 [grpc-default-executor-4] INFO  impl.RaftServerImpl (RaftServerImpl.java:setRole(184)) - 742c26a8-c271-430a-a05a-c8bba3fa6d96@group-5FF82F29B6C0: changes role from  FOLLOWER to FOLLOWER at term 1317 for recognizeCandidate:4c6a16c4-95d2-4ef7-9fc0-4f57ccbd9967
2019-10-15 03:21:55,567 [grpc-default-executor-4] INFO  impl.RoleInfo (RoleInfo.java:shutdownFollowerState(121)) - 742c26a8-c271-430a-a05a-c8bba3fa6d96: shutdown FollowerState
2019-10-15 03:21:55,567 [grpc-default-executor-4] INFO  impl.RoleInfo (RoleInfo.java:updateAndGet(143)) - 742c26a8-c271-430a-a05a-c8bba3fa6d96: start FollowerState
2019-10-15 03:21:55,567 [grpc-default-executor-8] INFO  impl.RaftServerImpl (RaftServerImpl.java:setRole(184)) - a910346c-1ee2-4cdc-a6d8-644a3a4f0b7f@group-5FF82F29B6C0: changes role from  FOLLOWER to FOLLOWER at term 1317 for recognizeCandidate:4c6a16c4-95d2-4ef7-9fc0-4f57ccbd9967
2019-10-15 03:21:55,567 [grpc-default-executor-8] INFO  impl.RoleInfo (RoleInfo.java:shutdownFollowerState(121)) - a910346c-1ee2-4cdc-a6d8-644a3a4f0b7f: shutdown FollowerState
2019-10-15 03:21:55,567 [Thread-10490] INFO  impl.FollowerState (FollowerState.java:run(117)) - 742c26a8-c271-430a-a05a-c8bba3fa6d96@group-5FF82F29B6C0-FollowerState was interrupted: java.lang.InterruptedException: sleep interrupted
2019-10-15 03:21:55,567 [grpc-default-executor-8] INFO  impl.RoleInfo (RoleInfo.java:updateAndGet(143)) - a910346c-1ee2-4cdc-a6d8-644a3a4f0b7f: start FollowerState
2019-10-15 03:21:55,567 [Thread-10489] INFO  impl.FollowerState (FollowerState.java:run(117)) - a910346c-1ee2-4cdc-a6d8-644a3a4f0b7f@group-5FF82F29B6C0-FollowerState was interrupted: java.lang.InterruptedException: sleep interrupted
2019-10-15 03:21:55,585 [4c6a16c4-95d2-4ef7-9fc0-4f57ccbd9967@group-5FF82F29B6C0-LeaderElection1270] INFO  impl.LeaderElection (LeaderElection.java:logAndReturn(56)) - 4c6a16c4-95d2-4ef7-9fc0-4f57ccbd9967@group-5FF82F29B6C0-LeaderElection1270: Election REJECTED; received 2 response(s) [4c6a16c4-95d2-4ef7-9fc0-4f57ccbd9967<-742c26a8-c271-430a-a05a-c8bba3fa6d96#0:FAIL-t1317, 4c6a16c4-95d2-4ef7-9fc0-4f57ccbd9967<-a910346c-1ee2-4cdc-a6d8-644a3a4f0b7f#0:FAIL-t1317] and 0 exception(s); 4c6a16c4-95d2-4ef7-9fc0-4f57ccbd9967@group-5FF82F29B6C0:t1317, leader=null, voted=4c6a16c4-95d2-4ef7-9fc0-4f57ccbd9967, raftlog=4c6a16c4-95d2-4ef7-9fc0-4f57ccbd9967@group-5FF82F29B6C0-SegmentedRaftLog:OPENED:c-1,f-1,i0, conf=-1: [4c6a16c4-95d2-4ef7-9fc0-4f57ccbd9967:192.168.5.131:39112, 742c26a8-c271-430a-a05a-c8bba3fa6d96:192.168.5.131:42235, a910346c-1ee2-4cdc-a6d8-644a3a4f0b7f:192.168.5.131:38193], old=null
2019-10-15 03:21:55,585 [4c6a16c4-95d2-4ef7-9fc0-4f57ccbd9967@group-5FF82F29B6C0-LeaderElection1270] INFO  impl.RaftServerImpl (RaftServerImpl.java:setRole(184)) - 4c6a16c4-95d2-4ef7-9fc0-4f57ccbd9967@group-5FF82F29B6C0: changes role from CANDIDATE to FOLLOWER at term 1317 for DISCOVERED_A_NEW_TERM
2019-10-15 03:21:55,585 [4c6a16c4-95d2-4ef7-9fc0-4f57ccbd9967@group-5FF82F29B6C0-LeaderElection1270] INFO  impl.RoleInfo (RoleInfo.java:shutdownLeaderElection(134)) - 4c6a16c4-95d2-4ef7-9fc0-4f57ccbd9967: shutdown LeaderElection
2019-10-15 03:21:55,585 [4c6a16c4-95d2-4ef7-9fc0-4f57ccbd9967@group-5FF82F29B6C0-LeaderElection1270] INFO  impl.RoleInfo (RoleInfo.java:updateAndGet(143)) - 4c6a16c4-95d2-4ef7-9fc0-4f57ccbd9967: start FollowerState
2019-10-15 03:21:55,586 [Thread-10503] INFO  impl.FollowerState (FollowerState.java:run(108)) - 4c6a16c4-95d2-4ef7-9fc0-4f57ccbd9967@group-5FF82F29B6C0-FollowerState: change to CANDIDATE, lastRpcTime:0ms, electionTimeout:0ms
2019-10-15 03:21:55,586 [Thread-10503] INFO  impl.RoleInfo (RoleInfo.java:shutdownFollowerState(121)) - 4c6a16c4-95d2-4ef7-9fc0-4f57ccbd9967: shutdown FollowerState
2019-10-15 03:21:55,586 [Thread-10503] INFO  impl.RaftServerImpl (RaftServerImpl.java:setRole(184)) - 4c6a16c4-95d2-4ef7-9fc0-4f57ccbd9967@group-5FF82F29B6C0: changes role from  FOLLOWER to CANDIDATE at term 1317 for changeToCandidate
2019-10-15 03:21:55,586 [Thread-10503] ERROR ratis.XceiverServerRatis (XceiverServerRatis.java:triggerPipelineClose(582)) - pipeline Action CLOSE  on pipeline PipelineID=e4bf9835-e697-42f6-b211-5ff82f29b6c0.Reason : 4c6a16c4-95d2-4ef7-9fc0-4f57ccbd9967 is in candidate state for 170485ms
2019-10-15 03:21:55,586 [Thread-10503] INFO  impl.RoleInfo (RoleInfo.java:updateAndGet(143)) - 4c6a16c4-95d2-4ef7-9fc0-4f57ccbd9967: start LeaderElection
2019-10-15 03:21:55,603 [4c6a16c4-95d2-4ef7-9fc0-4f57ccbd9967@group-5FF82F29B6C0-LeaderElection1271] INFO  impl.LeaderElection (LeaderElection.java:askForVotes(178)) - 4c6a16c4-95d2-4ef7-9fc0-4f57ccbd9967@group-5FF82F29B6C0-LeaderElection1271: begin an election at term 1318 for -1: [4c6a16c4-95d2-4ef7-9fc0-4f57ccbd9967:192.168.5.131:39112, 742c26a8-c271-430a-a05a-c8bba3fa6d96:192.168.5.131:42235, a910346c-1ee2-4cdc-a6d8-644a3a4f0b7f:192.168.5.131:38193], old=null
2019-10-15 03:21:55,604 [grpc-default-executor-4] INFO  impl.RaftServerImpl (RaftServerImpl.java:setRole(184)) - 742c26a8-c271-430a-a05a-c8bba3fa6d96@group-5FF82F29B6C0: changes role from  FOLLOWER to FOLLOWER at term 1318 for recognizeCandidate:4c6a16c4-95d2-4ef7-9fc0-4f57ccbd9967
2019-10-15 03:21:55,604 [grpc-default-executor-4] INFO  impl.RoleInfo (RoleInfo.java:shutdownFollowerState(121)) - 742c26a8-c271-430a-a05a-c8bba3fa6d96: shutdown FollowerState
2019-10-15 03:21:55,604 [grpc-default-executor-8] INFO  impl.RaftServerImpl (RaftServerImpl.java:setRole(184)) - a910346c-1ee2-4cdc-a6d8-644a3a4f0b7f@group-5FF82F29B6C0: changes role from  FOLLOWER to FOLLOWER at term 1318 for recognizeCandidate:4c6a16c4-95d2-4ef7-9fc0-4f57ccbd9967
2019-10-15 03:21:55,605 [grpc-default-executor-8] INFO  impl.RoleInfo (RoleInfo.java:shutdownFollowerState(121)) - a910346c-1ee2-4cdc-a6d8-644a3a4f0b7f: shutdown FollowerState
2019-10-15 03:21:55,605 [Thread-10497] INFO  impl.FollowerState (FollowerState.java:run(117)) - 742c26a8-c271-430a-a05a-c8bba3fa6d96@group-5FF82F29B6C0-FollowerState was interrupted: java.lang.InterruptedException: sleep interrupted
2019-10-15 03:21:55,604 [grpc-default-executor-4] INFO  impl.RoleInfo (RoleInfo.java:updateAndGet(143)) - 742c26a8-c271-430a-a05a-c8bba3fa6d96: start FollowerState
2019-10-15 03:21:55,605 [Thread-10498] INFO  impl.FollowerState (FollowerState.java:run(117)) - a910346c-1ee2-4cdc-a6d8-644a3a4f0b7f@group-5FF82F29B6C0-FollowerState was interrupted: java.lang.InterruptedException: sleep interrupted
2019-10-15 03:21:55,605 [grpc-default-executor-8] INFO  impl.RoleInfo (RoleInfo.java:updateAndGet(143)) - a910346c-1ee2-4cdc-a6d8-644a3a4f0b7f: start FollowerState
2019-10-15 03:21:55,618 [4c6a16c4-95d2-4ef7-9fc0-4f57ccbd9967@group-5FF82F29B6C0-LeaderElection1271] INFO  impl.LeaderElection (LeaderElection.java:logAndReturn(56)) - 4c6a16c4-95d2-4ef7-9fc0-4f57ccbd9967@group-5FF82F29B6C0-LeaderElection1271: Election REJECTED; received 2 response(s) [4c6a16c4-95d2-4ef7-9fc0-4f57ccbd9967<-742c26a8-c271-430a-a05a-c8bba3fa6d96#0:FAIL-t1318, 4c6a16c4-95d2-4ef7-9fc0-4f57ccbd9967<-a910346c-1ee2-4cdc-a6d8-644a3a4f0b7f#0:FAIL-t1318] and 0 exception(s); 4c6a16c4-95d2-4ef7-9fc0-4f57ccbd9967@group-5FF82F29B6C0:t1318, leader=null, voted=4c6a16c4-95d2-4ef7-9fc0-4f57ccbd9967, raftlog=4c6a16c4-95d2-4ef7-9fc0-4f57ccbd9967@group-5FF82F29B6C0-SegmentedRaftLog:OPENED:c-1,f-1,i0, conf=-1: [4c6a16c4-95d2-4ef7-9fc0-4f57ccbd9967:192.168.5.131:39112, 742c26a8-c271-430a-a05a-c8bba3fa6d96:192.168.5.131:42235, a910346c-1ee2-4cdc-a6d8-644a3a4f0b7f:192.168.5.131:38193], old=null
2019-10-15 03:21:55,618 [4c6a16c4-95d2-4ef7-9fc0-4f57ccbd9967@group-5FF82F29B6C0-LeaderElection1271] INFO  impl.RaftServerImpl (RaftServerImpl.java:setRole(184)) - 4c6a16c4-95d2-4ef7-9fc0-4f57ccbd9967@group-5FF82F29B6C0: changes role from CANDIDATE to FOLLOWER at term 1318 for DISCOVERED_A_NEW_TERM
2019-10-15 03:21:55,619 [4c6a16c4-95d2-4ef7-9fc0-4f57ccbd9967@group-5FF82F29B6C0-LeaderElection1271] INFO  impl.RoleInfo (RoleInfo.java:shutdownLeaderElection(134)) - 4c6a16c4-95d2-4ef7-9fc0-4f57ccbd9967: shutdown LeaderElection
2019-10-15 03:21:55,619 [4c6a16c4-95d2-4ef7-9fc0-4f57ccbd9967@group-5FF82F29B6C0-LeaderElection1271] INFO  impl.RoleInfo (RoleInfo.java:updateAndGet(143)) - 4c6a16c4-95d2-4ef7-9fc0-4f57ccbd9967: start FollowerState
2019-10-15 03:21:55,718 [Thread-10509] INFO  impl.FollowerState (FollowerState.java:run(108)) - 4c6a16c4-95d2-4ef7-9fc0-4f57ccbd9967@group-5FF82F29B6C0-FollowerState: change to CANDIDATE, lastRpcTime:99ms, electionTimeout:99ms
2019-10-15 03:21:55,718 [Thread-10509] INFO  impl.RoleInfo (RoleInfo.java:shutdownFollowerState(121)) - 4c6a16c4-95d2-4ef7-9fc0-4f57ccbd9967: shutdown FollowerState
2019-10-15 03:21:55,718 [Thread-10509] INFO  impl.RaftServerImpl (RaftServerImpl.java:setRole(184)) - 4c6a16c4-95d2-4ef7-9fc0-4f57ccbd9967@group-5FF82F29B6C0: changes role from  FOLLOWER to CANDIDATE at term 1318 for changeToCandidate
2019-10-15 03:21:55,719 [Thread-10509] ERROR ratis.XceiverServerRatis (XceiverServerRatis.java:triggerPipelineClose(582)) - pipeline Action CLOSE  on pipeline PipelineID=e4bf9835-e697-42f6-b211-5ff82f29b6c0.Reason : 4c6a16c4-95d2-4ef7-9fc0-4f57ccbd9967 is in candidate state for 170618ms
2019-10-15 03:21:55,719 [Thread-10509] INFO  impl.RoleInfo (RoleInfo.java:updateAndGet(143)) - 4c6a16c4-95d2-4ef7-9fc0-4f57ccbd9967: start LeaderElection
2019-10-15 03:21:55,732 [4c6a16c4-95d2-4ef7-9fc0-4f57ccbd9967@group-5FF82F29B6C0-LeaderElection1272] INFO  impl.LeaderElection (LeaderElection.java:askForVotes(178)) - 4c6a16c4-95d2-4ef7-9fc0-4f57ccbd9967@group-5FF82F29B6C0-LeaderElection1272: begin an election at term 1319 for -1: [4c6a16c4-95d2-4ef7-9fc0-4f57ccbd9967:192.168.5.131:39112, 742c26a8-c271-430a-a05a-c8bba3fa6d96:192.168.5.131:42235, a910346c-1ee2-4cdc-a6d8-644a3a4f0b7f:192.168.5.131:38193], old=null
2019-10-15 03:21:55,734 [grpc-default-executor-4] INFO  impl.RaftServerImpl (RaftServerImpl.java:setRole(184)) - 742c26a8-c271-430a-a05a-c8bba3fa6d96@group-5FF82F29B6C0: changes role from  FOLLOWER to FOLLOWER at term 1319 for recognizeCandidate:4c6a16c4-95d2-4ef7-9fc0-4f57ccbd9967
2019-10-15 03:21:55,734 [grpc-default-executor-4] INFO  impl.RoleInfo (RoleInfo.java:shutdownFollowerState(121)) - 742c26a8-c271-430a-a05a-c8bba3fa6d96: shutdown FollowerState
2019-10-15 03:21:55,734 [grpc-default-executor-8] INFO  impl.RaftServerImpl (RaftServerImpl.java:setRole(184)) - a910346c-1ee2-4cdc-a6d8-644a3a4f0b7f@group-5FF82F29B6C0: changes role from  FOLLOWER to FOLLOWER at term 1319 for recognizeCandidate:4c6a16c4-95d2-4ef7-9fc0-4f57ccbd9967
2019-10-15 03:21:55,734 [Thread-10507] INFO  impl.FollowerState (FollowerState.java:run(117)) - 742c26a8-c271-430a-a05a-c8bba3fa6d96@group-5FF82F29B6C0-FollowerState was interrupted: java.lang.InterruptedException: sleep interrupted
2019-10-15 03:21:55,734 [grpc-default-executor-4] INFO  impl.RoleInfo (RoleInfo.java:updateAndGet(143)) - 742c26a8-c271-430a-a05a-c8bba3fa6d96: start FollowerState
2019-10-15 03:21:55,734 [grpc-default-executor-8] INFO  impl.RoleInfo (RoleInfo.java:shutdownFollowerState(121)) - a910346c-1ee2-4cdc-a6d8-644a3a4f0b7f: shutdown FollowerState
2019-10-15 03:21:55,735 [grpc-default-executor-8] INFO  impl.RoleInfo (RoleInfo.java:updateAndGet(143)) - a910346c-1ee2-4cdc-a6d8-644a3a4f0b7f: start FollowerState
2019-10-15 03:21:55,735 [Thread-10508] INFO  impl.FollowerState (FollowerState.java:run(117)) - a910346c-1ee2-4cdc-a6d8-644a3a4f0b7f@group-5FF82F29B6C0-FollowerState was interrupted: java.lang.InterruptedException: sleep interrupted
2019-10-15 03:21:55,748 [4c6a16c4-95d2-4ef7-9fc0-4f57ccbd9967@group-5FF82F29B6C0-LeaderElection1272] INFO  impl.LeaderElection (LeaderElection.java:logAndReturn(56)) - 4c6a16c4-95d2-4ef7-9fc0-4f57ccbd9967@group-5FF82F29B6C0-LeaderElection1272: Election REJECTED; received 2 response(s) [4c6a16c4-95d2-4ef7-9fc0-4f57ccbd9967<-742c26a8-c271-430a-a05a-c8bba3fa6d96#0:FAIL-t1319, 4c6a16c4-95d2-4ef7-9fc0-4f57ccbd9967<-a910346c-1ee2-4cdc-a6d8-644a3a4f0b7f#0:FAIL-t1319] and 0 exception(s); 4c6a16c4-95d2-4ef7-9fc0-4f57ccbd9967@group-5FF82F29B6C0:t1319, leader=null, voted=4c6a16c4-95d2-4ef7-9fc0-4f57ccbd9967, raftlog=4c6a16c4-95d2-4ef7-9fc0-4f57ccbd9967@group-5FF82F29B6C0-SegmentedRaftLog:OPENED:c-1,f-1,i0, conf=-1: [4c6a16c4-95d2-4ef7-9fc0-4f57ccbd9967:192.168.5.131:39112, 742c26a8-c271-430a-a05a-c8bba3fa6d96:192.168.5.131:42235, a910346c-1ee2-4cdc-a6d8-644a3a4f0b7f:192.168.5.131:38193], old=null
2019-10-15 03:21:55,748 [4c6a16c4-95d2-4ef7-9fc0-4f57ccbd9967@group-5FF82F29B6C0-LeaderElection1272] INFO  impl.RaftServerImpl (RaftServerImpl.java:setRole(184)) - 4c6a16c4-95d2-4ef7-9fc0-4f57ccbd9967@group-5FF82F29B6C0: changes role from CANDIDATE to FOLLOWER at term 1319 for DISCOVERED_A_NEW_TERM
2019-10-15 03:21:55,748 [4c6a16c4-95d2-4ef7-9fc0-4f57ccbd9967@group-5FF82F29B6C0-LeaderElection1272] INFO  impl.RoleInfo (RoleInfo.java:shutdownLeaderElection(134)) - 4c6a16c4-95d2-4ef7-9fc0-4f57ccbd9967: shutdown LeaderElection
2019-10-15 03:21:55,748 [4c6a16c4-95d2-4ef7-9fc0-4f57ccbd9967@group-5FF82F29B6C0-LeaderElection1272] INFO  impl.RoleInfo (RoleInfo.java:updateAndGet(143)) - 4c6a16c4-95d2-4ef7-9fc0-4f57ccbd9967: start FollowerState
2019-10-15 03:21:55,755 [Thread-10515] INFO  impl.FollowerState (FollowerState.java:run(108)) - 4c6a16c4-95d2-4ef7-9fc0-4f57ccbd9967@group-5FF82F29B6C0-FollowerState: change to CANDIDATE, lastRpcTime:7ms, electionTimeout:7ms
2019-10-15 03:21:55,756 [Thread-10515] INFO  impl.RoleInfo (RoleInfo.java:shutdownFollowerState(121)) - 4c6a16c4-95d2-4ef7-9fc0-4f57ccbd9967: shutdown FollowerState
2019-10-15 03:21:55,756 [Thread-10515] INFO  impl.RaftServerImpl (RaftServerImpl.java:setRole(184)) - 4c6a16c4-95d2-4ef7-9fc0-4f57ccbd9967@group-5FF82F29B6C0: changes role from  FOLLOWER to CANDIDATE at term 1319 for changeToCandidate
2019-10-15 03:21:55,756 [Thread-10515] ERROR ratis.XceiverServerRatis (XceiverServerRatis.java:triggerPipelineClose(582)) - pipeline Action CLOSE  on pipeline PipelineID=e4bf9835-e697-42f6-b211-5ff82f29b6c0.Reason : 4c6a16c4-95d2-4ef7-9fc0-4f57ccbd9967 is in candidate state for 170655ms
2019-10-15 03:21:55,756 [Thread-10515] INFO  impl.RoleInfo (RoleInfo.java:updateAndGet(143)) - 4c6a16c4-95d2-4ef7-9fc0-4f57ccbd9967: start LeaderElection
2019-10-15 03:21:55,770 [4c6a16c4-95d2-4ef7-9fc0-4f57ccbd9967@group-5FF82F29B6C0-LeaderElection1273] INFO  impl.LeaderElection (LeaderElection.java:askForVotes(178)) - 4c6a16c4-95d2-4ef7-9fc0-4f57ccbd9967@group-5FF82F29B6C0-LeaderElection1273: begin an election at term 1320 for -1: [4c6a16c4-95d2-4ef7-9fc0-4f57ccbd9967:192.168.5.131:39112, 742c26a8-c271-430a-a05a-c8bba3fa6d96:192.168.5.131:42235, a910346c-1ee2-4cdc-a6d8-644a3a4f0b7f:192.168.5.131:38193], old=null
2019-10-15 03:21:55,771 [grpc-default-executor-4] INFO  impl.RaftServerImpl (RaftServerImpl.java:setRole(184)) - 742c26a8-c271-430a-a05a-c8bba3fa6d96@group-5FF82F29B6C0: changes role from  FOLLOWER to FOLLOWER at term 1320 for recognizeCandidate:4c6a16c4-95d2-4ef7-9fc0-4f57ccbd9967
2019-10-15 03:21:55,771 [grpc-default-executor-4] INFO  impl.RoleInfo (RoleInfo.java:shutdownFollowerState(121)) - 742c26a8-c271-430a-a05a-c8bba3fa6d96: shutdown FollowerState
2019-10-15 03:21:55,771 [grpc-default-executor-8] INFO  impl.RaftServerImpl (RaftServerImpl.java:setRole(184)) - a910346c-1ee2-4cdc-a6d8-644a3a4f0b7f@group-5FF82F29B6C0: changes role from  FOLLOWER to FOLLOWER at term 1320 for recognizeCandidate:4c6a16c4-95d2-4ef7-9fc0-4f57ccbd9967
2019-10-15 03:21:55,771 [Thread-10513] INFO  impl.FollowerState (FollowerState.java:run(117)) - 742c26a8-c271-430a-a05a-c8bba3fa6d96@group-5FF82F29B6C0-FollowerState was interrupted: java.lang.InterruptedException: sleep interrupted
2019-10-15 03:21:55,771 [grpc-default-executor-4] INFO  impl.RoleInfo (RoleInfo.java:updateAndGet(143)) - 742c26a8-c271-430a-a05a-c8bba3fa6d96: start FollowerState
2019-10-15 03:21:55,771 [grpc-default-executor-8] INFO  impl.RoleInfo (RoleInfo.java:shutdownFollowerState(121)) - a910346c-1ee2-4cdc-a6d8-644a3a4f0b7f: shutdown FollowerState
2019-10-15 03:21:55,772 [grpc-default-executor-8] INFO  impl.RoleInfo (RoleInfo.java:updateAndGet(143)) - a910346c-1ee2-4cdc-a6d8-644a3a4f0b7f: start FollowerState
2019-10-15 03:21:55,772 [Thread-10514] INFO  impl.FollowerState (FollowerState.java:run(117)) - a910346c-1ee2-4cdc-a6d8-644a3a4f0b7f@group-5FF82F29B6C0-FollowerState was interrupted: java.lang.InterruptedException: sleep interrupted
2019-10-15 03:21:55,785 [4c6a16c4-95d2-4ef7-9fc0-4f57ccbd9967@group-5FF82F29B6C0-LeaderElection1273] INFO  impl.LeaderElection (LeaderElection.java:logAndReturn(56)) - 4c6a16c4-95d2-4ef7-9fc0-4f57ccbd9967@group-5FF82F29B6C0-LeaderElection1273: Election REJECTED; received 2 response(s) [4c6a16c4-95d2-4ef7-9fc0-4f57ccbd9967<-742c26a8-c271-430a-a05a-c8bba3fa6d96#0:FAIL-t1320, 4c6a16c4-95d2-4ef7-9fc0-4f57ccbd9967<-a910346c-1ee2-4cdc-a6d8-644a3a4f0b7f#0:FAIL-t1320] and 0 exception(s); 4c6a16c4-95d2-4ef7-9fc0-4f57ccbd9967@group-5FF82F29B6C0:t1320, leader=null, voted=4c6a16c4-95d2-4ef7-9fc0-4f57ccbd9967, raftlog=4c6a16c4-95d2-4ef7-9fc0-4f57ccbd9967@group-5FF82F29B6C0-SegmentedRaftLog:OPENED:c-1,f-1,i0, conf=-1: [4c6a16c4-95d2-4ef7-9fc0-4f57ccbd9967:192.168.5.131:39112, 742c26a8-c271-430a-a05a-c8bba3fa6d96:192.168.5.131:42235, a910346c-1ee2-4cdc-a6d8-644a3a4f0b7f:192.168.5.131:38193], old=null
2019-10-15 03:21:55,786 [4c6a16c4-95d2-4ef7-9fc0-4f57ccbd9967@group-5FF82F29B6C0-LeaderElection1273] INFO  impl.RaftServerImpl (RaftServerImpl.java:setRole(184)) - 4c6a16c4-95d2-4ef7-9fc0-4f57ccbd9967@group-5FF82F29B6C0: changes role from CANDIDATE to FOLLOWER at term 1320 for DISCOVERED_A_NEW_TERM
2019-10-15 03:21:55,786 [4c6a16c4-95d2-4ef7-9fc0-4f57ccbd9967@group-5FF82F29B6C0-LeaderElection1273] INFO  impl.RoleInfo (RoleInfo.java:shutdownLeaderElection(134)) - 4c6a16c4-95d2-4ef7-9fc0-4f57ccbd9967: shutdown LeaderElection
2019-10-15 03:21:55,786 [4c6a16c4-95d2-4ef7-9fc0-4f57ccbd9967@group-5FF82F29B6C0-LeaderElection1273] INFO  impl.RoleInfo (RoleInfo.java:updateAndGet(143)) - 4c6a16c4-95d2-4ef7-9fc0-4f57ccbd9967: start FollowerState
2019-10-15 03:21:55,807 [Thread-10521] INFO  impl.FollowerState (FollowerState.java:run(108)) - 4c6a16c4-95d2-4ef7-9fc0-4f57ccbd9967@group-5FF82F29B6C0-FollowerState: change to CANDIDATE, lastRpcTime:21ms, electionTimeout:21ms
2019-10-15 03:21:55,807 [Thread-10521] INFO  impl.RoleInfo (RoleInfo.java:shutdownFollowerState(121)) - 4c6a16c4-95d2-4ef7-9fc0-4f57ccbd9967: shutdown FollowerState
2019-10-15 03:21:55,808 [Thread-10521] INFO  impl.RaftServerImpl (RaftServerImpl.java:setRole(184)) - 4c6a16c4-95d2-4ef7-9fc0-4f57ccbd9967@group-5FF82F29B6C0: changes role from  FOLLOWER to CANDIDATE at term 1320 for changeToCandidate
2019-10-15 03:21:55,808 [Thread-10521] ERROR ratis.XceiverServerRatis (XceiverServerRatis.java:triggerPipelineClose(582)) - pipeline Action CLOSE  on pipeline PipelineID=e4bf9835-e697-42f6-b211-5ff82f29b6c0.Reason : 4c6a16c4-95d2-4ef7-9fc0-4f57ccbd9967 is in candidate state for 170707ms
2019-10-15 03:21:55,808 [Thread-10521] INFO  impl.RoleInfo (RoleInfo.java:updateAndGet(143)) - 4c6a16c4-95d2-4ef7-9fc0-4f57ccbd9967: start LeaderElection
2019-10-15 03:21:55,821 [4c6a16c4-95d2-4ef7-9fc0-4f57ccbd9967@group-5FF82F29B6C0-LeaderElection1274] INFO  impl.LeaderElection (LeaderElection.java:askForVotes(178)) - 4c6a16c4-95d2-4ef7-9fc0-4f57ccbd9967@group-5FF82F29B6C0-LeaderElection1274: begin an election at term 1321 for -1: [4c6a16c4-95d2-4ef7-9fc0-4f57ccbd9967:192.168.5.131:39112, 742c26a8-c271-430a-a05a-c8bba3fa6d96:192.168.5.131:42235, a910346c-1ee2-4cdc-a6d8-644a3a4f0b7f:192.168.5.131:38193], old=null
2019-10-15 03:21:55,822 [grpc-default-executor-4] INFO  impl.RaftServerImpl (RaftServerImpl.java:setRole(184)) - 742c26a8-c271-430a-a05a-c8bba3fa6d96@group-5FF82F29B6C0: changes role from  FOLLOWER to FOLLOWER at term 1321 for recognizeCandidate:4c6a16c4-95d2-4ef7-9fc0-4f57ccbd9967
2019-10-15 03:21:55,823 [grpc-default-executor-4] INFO  impl.RoleInfo (RoleInfo.java:shutdownFollowerState(121)) - 742c26a8-c271-430a-a05a-c8bba3fa6d96: shutdown FollowerState
2019-10-15 03:21:55,823 [grpc-default-executor-8] INFO  impl.RaftServerImpl (RaftServerImpl.java:setRole(184)) - a910346c-1ee2-4cdc-a6d8-644a3a4f0b7f@group-5FF82F29B6C0: changes role from  FOLLOWER to FOLLOWER at term 1321 for recognizeCandidate:4c6a16c4-95d2-4ef7-9fc0-4f57ccbd9967
2019-10-15 03:21:55,823 [Thread-10519] INFO  impl.FollowerState (FollowerState.java:run(117)) - 742c26a8-c271-430a-a05a-c8bba3fa6d96@group-5FF82F29B6C0-FollowerState was interrupted: java.lang.InterruptedException: sleep interrupted
2019-10-15 03:21:55,823 [grpc-default-executor-4] INFO  impl.RoleInfo (RoleInfo.java:updateAndGet(143)) - 742c26a8-c271-430a-a05a-c8bba3fa6d96: start FollowerState
2019-10-15 03:21:55,823 [grpc-default-executor-8] INFO  impl.RoleInfo (RoleInfo.java:shutdownFollowerState(121)) - a910346c-1ee2-4cdc-a6d8-644a3a4f0b7f: shutdown FollowerState
2019-10-15 03:21:55,823 [grpc-default-executor-8] INFO  impl.RoleInfo (RoleInfo.java:updateAndGet(143)) - a910346c-1ee2-4cdc-a6d8-644a3a4f0b7f: start FollowerState
2019-10-15 03:21:55,823 [Thread-10520] INFO  impl.FollowerState (FollowerState.java:run(117)) - a910346c-1ee2-4cdc-a6d8-644a3a4f0b7f@group-5FF82F29B6C0-FollowerState was interrupted: java.lang.InterruptedException: sleep interrupted
2019-10-15 03:21:55,842 [4c6a16c4-95d2-4ef7-9fc0-4f57ccbd9967@group-5FF82F29B6C0-LeaderElection1274] INFO  impl.LeaderElection (LeaderElection.java:logAndReturn(56)) - 4c6a16c4-95d2-4ef7-9fc0-4f57ccbd9967@group-5FF82F29B6C0-LeaderElection1274: Election REJECTED; received 2 response(s) [4c6a16c4-95d2-4ef7-9fc0-4f57ccbd9967<-742c26a8-c271-430a-a05a-c8bba3fa6d96#0:FAIL-t1321, 4c6a16c4-95d2-4ef7-9fc0-4f57ccbd9967<-a910346c-1ee2-4cdc-a6d8-644a3a4f0b7f#0:FAIL-t1321] and 0 exception(s); 4c6a16c4-95d2-4ef7-9fc0-4f57ccbd9967@group-5FF82F29B6C0:t1321, leader=null, voted=4c6a16c4-95d2-4ef7-9fc0-4f57ccbd9967, raftlog=4c6a16c4-95d2-4ef7-9fc0-4f57ccbd9967@group-5FF82F29B6C0-SegmentedRaftLog:OPENED:c-1,f-1,i0, conf=-1: [4c6a16c4-95d2-4ef7-9fc0-4f57ccbd9967:192.168.5.131:39112, 742c26a8-c271-430a-a05a-c8bba3fa6d96:192.168.5.131:42235, a910346c-1ee2-4cdc-a6d8-644a3a4f0b7f:192.168.5.131:38193], old=null
2019-10-15 03:21:55,842 [4c6a16c4-95d2-4ef7-9fc0-4f57ccbd9967@group-5FF82F29B6C0-LeaderElection1274] INFO  impl.RaftServerImpl (RaftServerImpl.java:setRole(184)) - 4c6a16c4-95d2-4ef7-9fc0-4f57ccbd9967@group-5FF82F29B6C0: changes role from CANDIDATE to FOLLOWER at term 1321 for DISCOVERED_A_NEW_TERM
2019-10-15 03:21:55,842 [4c6a16c4-95d2-4ef7-9fc0-4f57ccbd9967@group-5FF82F29B6C0-LeaderElection1274] INFO  impl.RoleInfo (RoleInfo.java:shutdownLeaderElection(134)) - 4c6a16c4-95d2-4ef7-9fc0-4f57ccbd9967: shutdown LeaderElection
2019-10-15 03:21:55,842 [4c6a16c4-95d2-4ef7-9fc0-4f57ccbd9967@group-5FF82F29B6C0-LeaderElection1274] INFO  impl.RoleInfo (RoleInfo.java:updateAndGet(143)) - 4c6a16c4-95d2-4ef7-9fc0-4f57ccbd9967: start FollowerState
2019-10-15 03:21:55,885 [Thread-10527] INFO  impl.FollowerState (FollowerState.java:run(108)) - 4c6a16c4-95d2-4ef7-9fc0-4f57ccbd9967@group-5FF82F29B6C0-FollowerState: change to CANDIDATE, lastRpcTime:43ms, electionTimeout:43ms
2019-10-15 03:21:55,886 [Thread-10527] INFO  impl.RoleInfo (RoleInfo.java:shutdownFollowerState(121)) - 4c6a16c4-95d2-4ef7-9fc0-4f57ccbd9967: shutdown FollowerState
2019-10-15 03:21:55,886 [Thread-10527] INFO  impl.RaftServerImpl (RaftServerImpl.java:setRole(184)) - 4c6a16c4-95d2-4ef7-9fc0-4f57ccbd9967@group-5FF82F29B6C0: changes role from  FOLLOWER to CANDIDATE at term 1321 for changeToCandidate
2019-10-15 03:21:55,886 [Thread-10527] ERROR ratis.XceiverServerRatis (XceiverServerRatis.java:triggerPipelineClose(582)) - pipeline Action CLOSE  on pipeline PipelineID=e4bf9835-e697-42f6-b211-5ff82f29b6c0.Reason : 4c6a16c4-95d2-4ef7-9fc0-4f57ccbd9967 is in candidate state for 170785ms
2019-10-15 03:21:55,886 [Thread-10527] INFO  impl.RoleInfo (RoleInfo.java:updateAndGet(143)) - 4c6a16c4-95d2-4ef7-9fc0-4f57ccbd9967: start LeaderElection
2019-10-15 03:21:55,899 [4c6a16c4-95d2-4ef7-9fc0-4f57ccbd9967@group-5FF82F29B6C0-LeaderElection1275] INFO  impl.LeaderElection (LeaderElection.java:askForVotes(178)) - 4c6a16c4-95d2-4ef7-9fc0-4f57ccbd9967@group-5FF82F29B6C0-LeaderElection1275: begin an election at term 1322 for -1: [4c6a16c4-95d2-4ef7-9fc0-4f57ccbd9967:192.168.5.131:39112, 742c26a8-c271-430a-a05a-c8bba3fa6d96:192.168.5.131:42235, a910346c-1ee2-4cdc-a6d8-644a3a4f0b7f:192.168.5.131:38193], old=null
2019-10-15 03:21:55,900 [grpc-default-executor-8] INFO  impl.RaftServerImpl (RaftServerImpl.java:setRole(184)) - 742c26a8-c271-430a-a05a-c8bba3fa6d96@group-5FF82F29B6C0: changes role from  FOLLOWER to FOLLOWER at term 1322 for recognizeCandidate:4c6a16c4-95d2-4ef7-9fc0-4f57ccbd9967
2019-10-15 03:21:55,900 [grpc-default-executor-8] INFO  impl.RoleInfo (RoleInfo.java:shutdownFollowerState(121)) - 742c26a8-c271-430a-a05a-c8bba3fa6d96: shutdown FollowerState
2019-10-15 03:21:55,900 [grpc-default-executor-4] INFO  impl.RaftServerImpl (RaftServerImpl.java:setRole(184)) - a910346c-1ee2-4cdc-a6d8-644a3a4f0b7f@group-5FF82F29B6C0: changes role from  FOLLOWER to FOLLOWER at term 1322 for recognizeCandidate:4c6a16c4-95d2-4ef7-9fc0-4f57ccbd9967
2019-10-15 03:21:55,900 [grpc-default-executor-4] INFO  impl.RoleInfo (RoleInfo.java:shutdownFollowerState(121)) - a910346c-1ee2-4cdc-a6d8-644a3a4f0b7f: shutdown FollowerState
2019-10-15 03:21:55,900 [Thread-10525] INFO  impl.FollowerState (FollowerState.java:run(117)) - 742c26a8-c271-430a-a05a-c8bba3fa6d96@group-5FF82F29B6C0-FollowerState was interrupted: java.lang.InterruptedException: sleep interrupted
2019-10-15 03:21:55,900 [grpc-default-executor-8] INFO  impl.RoleInfo (RoleInfo.java:updateAndGet(143)) - 742c26a8-c271-430a-a05a-c8bba3fa6d96: start FollowerState
2019-10-15 03:21:55,900 [Thread-10526] INFO  impl.FollowerState (FollowerState.java:run(117)) - a910346c-1ee2-4cdc-a6d8-644a3a4f0b7f@group-5FF82F29B6C0-FollowerState was interrupted: java.lang.InterruptedException: sleep interrupted
2019-10-15 03:21:55,900 [grpc-default-executor-4] INFO  impl.RoleInfo (RoleInfo.java:updateAndGet(143)) - a910346c-1ee2-4cdc-a6d8-644a3a4f0b7f: start FollowerState
2019-10-15 03:21:55,915 [4c6a16c4-95d2-4ef7-9fc0-4f57ccbd9967@group-5FF82F29B6C0-LeaderElection1275] INFO  impl.LeaderElection (LeaderElection.java:logAndReturn(56)) - 4c6a16c4-95d2-4ef7-9fc0-4f57ccbd9967@group-5FF82F29B6C0-LeaderElection1275: Election REJECTED; received 2 response(s) [4c6a16c4-95d2-4ef7-9fc0-4f57ccbd9967<-742c26a8-c271-430a-a05a-c8bba3fa6d96#0:FAIL-t1322, 4c6a16c4-95d2-4ef7-9fc0-4f57ccbd9967<-a910346c-1ee2-4cdc-a6d8-644a3a4f0b7f#0:FAIL-t1322] and 0 exception(s); 4c6a16c4-95d2-4ef7-9fc0-4f57ccbd9967@group-5FF82F29B6C0:t1322, leader=null, voted=4c6a16c4-95d2-4ef7-9fc0-4f57ccbd9967, raftlog=4c6a16c4-95d2-4ef7-9fc0-4f57ccbd9967@group-5FF82F29B6C0-SegmentedRaftLog:OPENED:c-1,f-1,i0, conf=-1: [4c6a16c4-95d2-4ef7-9fc0-4f57ccbd9967:192.168.5.131:39112, 742c26a8-c271-430a-a05a-c8bba3fa6d96:192.168.5.131:42235, a910346c-1ee2-4cdc-a6d8-644a3a4f0b7f:192.168.5.131:38193], old=null
2019-10-15 03:21:55,915 [4c6a16c4-95d2-4ef7-9fc0-4f57ccbd9967@group-5FF82F29B6C0-LeaderElection1275] INFO  impl.RaftServerImpl (RaftServerImpl.java:setRole(184)) - 4c6a16c4-95d2-4ef7-9fc0-4f57ccbd9967@group-5FF82F29B6C0: changes role from CANDIDATE to FOLLOWER at term 1322 for DISCOVERED_A_NEW_TERM
2019-10-15 03:21:55,915 [4c6a16c4-95d2-4ef7-9fc0-4f57ccbd9967@group-5FF82F29B6C0-LeaderElection1275] INFO  impl.RoleInfo (RoleInfo.java:shutdownLeaderElection(134)) - 4c6a16c4-95d2-4ef7-9fc0-4f57ccbd9967: shutdown LeaderElection
2019-10-15 03:21:55,915 [4c6a16c4-95d2-4ef7-9fc0-4f57ccbd9967@group-5FF82F29B6C0-LeaderElection1275] INFO  impl.RoleInfo (RoleInfo.java:updateAndGet(143)) - 4c6a16c4-95d2-4ef7-9fc0-4f57ccbd9967: start FollowerState
2019-10-15 03:21:55,991 [EventQueue-PipelineActionsForPipelineActionHandler] ERROR pipeline.PipelineActionHandler (PipelineActionHandler.java:onMessage(60)) - Received pipeline action CLOSE for Pipeline[ Id: e4bf9835-e697-42f6-b211-5ff82f29b6c0, Nodes: a910346c-1ee2-4cdc-a6d8-644a3a4f0b7f{ip: 192.168.5.131, host: pr-hdds-2305-c92ks-1629580955, networkLocation: /default-rack, certSerialId: null}742c26a8-c271-430a-a05a-c8bba3fa6d96{ip: 192.168.5.131, host: pr-hdds-2305-c92ks-1629580955, networkLocation: /default-rack, certSerialId: null}4c6a16c4-95d2-4ef7-9fc0-4f57ccbd9967{ip: 192.168.5.131, host: pr-hdds-2305-c92ks-1629580955, networkLocation: /default-rack, certSerialId: null}, Type:RATIS, Factor:THREE, State:CLOSED] from datanode 4c6a16c4-95d2-4ef7-9fc0-4f57ccbd9967{ip: 192.168.5.131, host: pr-hdds-2305-c92ks-1629580955, networkLocation: /default-rack, certSerialId: null}. Reason : 4c6a16c4-95d2-4ef7-9fc0-4f57ccbd9967 is in candidate state for 169906ms
2019-10-15 03:21:55,991 [EventQueue-PipelineActionsForPipelineActionHandler] INFO  pipeline.SCMPipelineManager (SCMPipelineManager.java:finalizeAndDestroyPipeline(315)) - destroying pipeline:Pipeline[ Id: e4bf9835-e697-42f6-b211-5ff82f29b6c0, Nodes: a910346c-1ee2-4cdc-a6d8-644a3a4f0b7f{ip: 192.168.5.131, host: pr-hdds-2305-c92ks-1629580955, networkLocation: /default-rack, certSerialId: null}742c26a8-c271-430a-a05a-c8bba3fa6d96{ip: 192.168.5.131, host: pr-hdds-2305-c92ks-1629580955, networkLocation: /default-rack, certSerialId: null}4c6a16c4-95d2-4ef7-9fc0-4f57ccbd9967{ip: 192.168.5.131, host: pr-hdds-2305-c92ks-1629580955, networkLocation: /default-rack, certSerialId: null}, Type:RATIS, Factor:THREE, State:CLOSED]
2019-10-15 03:21:56,094 [Thread-10533] INFO  impl.FollowerState (FollowerState.java:run(108)) - 4c6a16c4-95d2-4ef7-9fc0-4f57ccbd9967@group-5FF82F29B6C0-FollowerState: change to CANDIDATE, lastRpcTime:179ms, electionTimeout:179ms
2019-10-15 03:21:56,094 [Thread-10533] INFO  impl.RoleInfo (RoleInfo.java:shutdownFollowerState(121)) - 4c6a16c4-95d2-4ef7-9fc0-4f57ccbd9967: shutdown FollowerState
2019-10-15 03:21:56,094 [Thread-10533] INFO  impl.RaftServerImpl (RaftServerImpl.java:setRole(184)) - 4c6a16c4-95d2-4ef7-9fc0-4f57ccbd9967@group-5FF82F29B6C0: changes role from  FOLLOWER to CANDIDATE at term 1322 for changeToCandidate
2019-10-15 03:21:56,095 [Thread-10533] ERROR ratis.XceiverServerRatis (XceiverServerRatis.java:triggerPipelineClose(582)) - pipeline Action CLOSE  on pipeline PipelineID=e4bf9835-e697-42f6-b211-5ff82f29b6c0.Reason : 4c6a16c4-95d2-4ef7-9fc0-4f57ccbd9967 is in candidate state for 170994ms
2019-10-15 03:21:56,095 [Thread-10533] INFO  impl.RoleInfo (RoleInfo.java:updateAndGet(143)) - 4c6a16c4-95d2-4ef7-9fc0-4f57ccbd9967: start LeaderElection
2019-10-15 03:21:56,108 [4c6a16c4-95d2-4ef7-9fc0-4f57ccbd9967@group-5FF82F29B6C0-LeaderElection1276] INFO  impl.LeaderElection (LeaderElection.java:askForVotes(178)) - 4c6a16c4-95d2-4ef7-9fc0-4f57ccbd9967@group-5FF82F29B6C0-LeaderElection1276: begin an election at term 1323 for -1: [4c6a16c4-95d2-4ef7-9fc0-4f57ccbd9967:192.168.5.131:39112, 742c26a8-c271-430a-a05a-c8bba3fa6d96:192.168.5.131:42235, a910346c-1ee2-4cdc-a6d8-644a3a4f0b7f:192.168.5.131:38193], old=null
2019-10-15 03:21:56,109 [grpc-default-executor-4] INFO  impl.RaftServerImpl (RaftServerImpl.java:setRole(184)) - a910346c-1ee2-4cdc-a6d8-644a3a4f0b7f@group-5FF82F29B6C0: changes role from  FOLLOWER to FOLLOWER at term 1323 for recognizeCandidate:4c6a16c4-95d2-4ef7-9fc0-4f57ccbd9967
2019-10-15 03:21:56,109 [grpc-default-executor-4] INFO  impl.RoleInfo (RoleInfo.java:shutdownFollowerState(121)) - a910346c-1ee2-4cdc-a6d8-644a3a4f0b7f: shutdown FollowerState
2019-10-15 03:21:56,109 [grpc-default-executor-8] INFO  impl.RaftServerImpl (RaftServerImpl.java:setRole(184)) - 742c26a8-c271-430a-a05a-c8bba3fa6d96@group-5FF82F29B6C0: changes role from  FOLLOWER to FOLLOWER at term 1323 for recognizeCandidate:4c6a16c4-95d2-4ef7-9fc0-4f57ccbd9967
2019-10-15 03:21:56,109 [Thread-10532] INFO  impl.FollowerState (FollowerState.java:run(117)) - a910346c-1ee2-4cdc-a6d8-644a3a4f0b7f@group-5FF82F29B6C0-FollowerState was interrupted: java.lang.InterruptedException: sleep interrupted
2019-10-15 03:21:56,109 [grpc-default-executor-4] INFO  impl.RoleInfo (RoleInfo.java:updateAndGet(143)) - a910346c-1ee2-4cdc-a6d8-644a3a4f0b7f: start FollowerState
2019-10-15 03:21:56,110 [grpc-default-executor-8] INFO  impl.RoleInfo (RoleInfo.java:shutdownFollowerState(121)) - 742c26a8-c271-430a-a05a-c8bba3fa6d96: shutdown FollowerState
2019-10-15 03:21:56,110 [grpc-default-executor-8] INFO  impl.RoleInfo (RoleInfo.java:updateAndGet(143)) - 742c26a8-c271-430a-a05a-c8bba3fa6d96: start FollowerState
2019-10-15 03:21:56,110 [Thread-10531] INFO  impl.FollowerState (FollowerState.java:run(117)) - 742c26a8-c271-430a-a05a-c8bba3fa6d96@group-5FF82F29B6C0-FollowerState was interrupted: java.lang.InterruptedException: sleep interrupted
2019-10-15 03:21:56,124 [4c6a16c4-95d2-4ef7-9fc0-4f57ccbd9967@group-5FF82F29B6C0-LeaderElection1276] INFO  impl.LeaderElection (LeaderElection.java:logAndReturn(56)) - 4c6a16c4-95d2-4ef7-9fc0-4f57ccbd9967@group-5FF82F29B6C0-LeaderElection1276: Election REJECTED; received 2 response(s) [4c6a16c4-95d2-4ef7-9fc0-4f57ccbd9967<-742c26a8-c271-430a-a05a-c8bba3fa6d96#0:FAIL-t1323, 4c6a16c4-95d2-4ef7-9fc0-4f57ccbd9967<-a910346c-1ee2-4cdc-a6d8-644a3a4f0b7f#0:FAIL-t1323] and 0 exception(s); 4c6a16c4-95d2-4ef7-9fc0-4f57ccbd9967@group-5FF82F29B6C0:t1323, leader=null, voted=4c6a16c4-95d2-4ef7-9fc0-4f57ccbd9967, raftlog=4c6a16c4-95d2-4ef7-9fc0-4f57ccbd9967@group-5FF82F29B6C0-SegmentedRaftLog:OPENED:c-1,f-1,i0, conf=-1: [4c6a16c4-95d2-4ef7-9fc0-4f57ccbd9967:192.168.5.131:39112, 742c26a8-c271-430a-a05a-c8bba3fa6d96:192.168.5.131:42235, a910346c-1ee2-4cdc-a6d8-644a3a4f0b7f:192.168.5.131:38193], old=null
2019-10-15 03:21:56,124 [4c6a16c4-95d2-4ef7-9fc0-4f57ccbd9967@group-5FF82F29B6C0-LeaderElection1276] INFO  impl.RaftServerImpl (RaftServerImpl.java:setRole(184)) - 4c6a16c4-95d2-4ef7-9fc0-4f57ccbd9967@group-5FF82F29B6C0: changes role from CANDIDATE to FOLLOWER at term 1323 for DISCOVERED_A_NEW_TERM
2019-10-15 03:21:56,124 [4c6a16c4-95d2-4ef7-9fc0-4f57ccbd9967@group-5FF82F29B6C0-LeaderElection1276] INFO  impl.RoleInfo (RoleInfo.java:shutdownLeaderElection(134)) - 4c6a16c4-95d2-4ef7-9fc0-4f57ccbd9967: shutdown LeaderElection
2019-10-15 03:21:56,124 [4c6a16c4-95d2-4ef7-9fc0-4f57ccbd9967@group-5FF82F29B6C0-LeaderElection1276] INFO  impl.RoleInfo (RoleInfo.java:updateAndGet(143)) - 4c6a16c4-95d2-4ef7-9fc0-4f57ccbd9967: start FollowerState
2019-10-15 03:21:56,242 [Thread-10541] INFO  impl.FollowerState (FollowerState.java:run(108)) - 4c6a16c4-95d2-4ef7-9fc0-4f57ccbd9967@group-5FF82F29B6C0-FollowerState: change to CANDIDATE, lastRpcTime:118ms, electionTimeout:118ms
2019-10-15 03:21:56,242 [Thread-10541] INFO  impl.RoleInfo (RoleInfo.java:shutdownFollowerState(121)) - 4c6a16c4-95d2-4ef7-9fc0-4f57ccbd9967: shutdown FollowerState
2019-10-15 03:21:56,243 [Thread-10541] INFO  impl.RaftServerImpl (RaftServerImpl.java:setRole(184)) - 4c6a16c4-95d2-4ef7-9fc0-4f57ccbd9967@group-5FF82F29B6C0: changes role from  FOLLOWER to CANDIDATE at term 1323 for changeToCandidate
2019-10-15 03:21:56,243 [Thread-10541] ERROR ratis.XceiverServerRatis (XceiverServerRatis.java:triggerPipelineClose(582)) - pipeline Action CLOSE  on pipeline PipelineID=e4bf9835-e697-42f6-b211-5ff82f29b6c0.Reason : 4c6a16c4-95d2-4ef7-9fc0-4f57ccbd9967 is in candidate state for 171142ms
2019-10-15 03:21:56,243 [Thread-10541] INFO  impl.RoleInfo (RoleInfo.java:updateAndGet(143)) - 4c6a16c4-95d2-4ef7-9fc0-4f57ccbd9967: start LeaderElection
2019-10-15 03:21:56,257 [4c6a16c4-95d2-4ef7-9fc0-4f57ccbd9967@group-5FF82F29B6C0-LeaderElection1277] INFO  impl.LeaderElection (LeaderElection.java:askForVotes(178)) - 4c6a16c4-95d2-4ef7-9fc0-4f57ccbd9967@group-5FF82F29B6C0-LeaderElection1277: begin an election at term 1324 for -1: [4c6a16c4-95d2-4ef7-9fc0-4f57ccbd9967:192.168.5.131:39112, 742c26a8-c271-430a-a05a-c8bba3fa6d96:192.168.5.131:42235, a910346c-1ee2-4cdc-a6d8-644a3a4f0b7f:192.168.5.131:38193], old=null
2019-10-15 03:21:56,258 [grpc-default-executor-8] INFO  impl.RaftServerImpl (RaftServerImpl.java:setRole(184)) - 742c26a8-c271-430a-a05a-c8bba3fa6d96@group-5FF82F29B6C0: changes role from  FOLLOWER to FOLLOWER at term 1324 for recognizeCandidate:4c6a16c4-95d2-4ef7-9fc0-4f57ccbd9967
2019-10-15 03:21:56,258 [grpc-default-executor-4] INFO  impl.RaftServerImpl (RaftServerImpl.java:setRole(184)) - a910346c-1ee2-4cdc-a6d8-644a3a4f0b7f@group-5FF82F29B6C0: changes role from  FOLLOWER to FOLLOWER at term 1324 for recognizeCandidate:4c6a16c4-95d2-4ef7-9fc0-4f57ccbd9967
2019-10-15 03:21:56,258 [grpc-default-executor-4] INFO  impl.RoleInfo (RoleInfo.java:shutdownFollowerState(121)) - a910346c-1ee2-4cdc-a6d8-644a3a4f0b7f: shutdown FollowerState
2019-10-15 03:21:56,258 [grpc-default-executor-8] INFO  impl.RoleInfo (RoleInfo.java:shutdownFollowerState(121)) - 742c26a8-c271-430a-a05a-c8bba3fa6d96: shutdown FollowerState
2019-10-15 03:21:56,259 [Thread-10539] INFO  impl.FollowerState (FollowerState.java:run(117)) - a910346c-1ee2-4cdc-a6d8-644a3a4f0b7f@group-5FF82F29B6C0-FollowerState was interrupted: java.lang.InterruptedException: sleep interrupted
2019-10-15 03:21:56,259 [grpc-default-executor-4] INFO  impl.RoleInfo (RoleInfo.java:updateAndGet(143)) - a910346c-1ee2-4cdc-a6d8-644a3a4f0b7f: start FollowerState
2019-10-15 03:21:56,259 [Thread-10540] INFO  impl.FollowerState (FollowerState.java:run(117)) - 742c26a8-c271-430a-a05a-c8bba3fa6d96@group-5FF82F29B6C0-FollowerState was interrupted: java.lang.InterruptedException: sleep interrupted
2019-10-15 03:21:56,259 [grpc-default-executor-8] INFO  impl.RoleInfo (RoleInfo.java:updateAndGet(143)) - 742c26a8-c271-430a-a05a-c8bba3fa6d96: start FollowerState
2019-10-15 03:21:56,273 [4c6a16c4-95d2-4ef7-9fc0-4f57ccbd9967@group-5FF82F29B6C0-LeaderElection1277] INFO  impl.LeaderElection (LeaderElection.java:logAndReturn(56)) - 4c6a16c4-95d2-4ef7-9fc0-4f57ccbd9967@group-5FF82F29B6C0-LeaderElection1277: Election REJECTED; received 2 response(s) [4c6a16c4-95d2-4ef7-9fc0-4f57ccbd9967<-742c26a8-c271-430a-a05a-c8bba3fa6d96#0:FAIL-t1324, 4c6a16c4-95d2-4ef7-9fc0-4f57ccbd9967<-a910346c-1ee2-4cdc-a6d8-644a3a4f0b7f#0:FAIL-t1324] and 0 exception(s); 4c6a16c4-95d2-4ef7-9fc0-4f57ccbd9967@group-5FF82F29B6C0:t1324, leader=null, voted=4c6a16c4-95d2-4ef7-9fc0-4f57ccbd9967, raftlog=4c6a16c4-95d2-4ef7-9fc0-4f57ccbd9967@group-5FF82F29B6C0-SegmentedRaftLog:OPENED:c-1,f-1,i0, conf=-1: [4c6a16c4-95d2-4ef7-9fc0-4f57ccbd9967:192.168.5.131:39112, 742c26a8-c271-430a-a05a-c8bba3fa6d96:192.168.5.131:42235, a910346c-1ee2-4cdc-a6d8-644a3a4f0b7f:192.168.5.131:38193], old=null
2019-10-15 03:21:56,273 [4c6a16c4-95d2-4ef7-9fc0-4f57ccbd9967@group-5FF82F29B6C0-LeaderElection1277] INFO  impl.RaftServerImpl (RaftServerImpl.java:setRole(184)) - 4c6a16c4-95d2-4ef7-9fc0-4f57ccbd9967@group-5FF82F29B6C0: changes role from CANDIDATE to FOLLOWER at term 1324 for DISCOVERED_A_NEW_TERM
2019-10-15 03:21:56,273 [4c6a16c4-95d2-4ef7-9fc0-4f57ccbd9967@group-5FF82F29B6C0-LeaderElection1277] INFO  impl.RoleInfo (RoleInfo.java:shutdownLeaderElection(134)) - 4c6a16c4-95d2-4ef7-9fc0-4f57ccbd9967: shutdown LeaderElection
2019-10-15 03:21:56,273 [4c6a16c4-95d2-4ef7-9fc0-4f57ccbd9967@group-5FF82F29B6C0-LeaderElection1277] INFO  impl.RoleInfo (RoleInfo.java:updateAndGet(143)) - 4c6a16c4-95d2-4ef7-9fc0-4f57ccbd9967: start FollowerState
2019-10-15 03:21:56,474 [Thread-10547] INFO  impl.FollowerState (FollowerState.java:run(108)) - 4c6a16c4-95d2-4ef7-9fc0-4f57ccbd9967@group-5FF82F29B6C0-FollowerState: change to CANDIDATE, lastRpcTime:200ms, electionTimeout:200ms
2019-10-15 03:21:56,474 [Thread-10547] INFO  impl.RoleInfo (RoleInfo.java:shutdownFollowerState(121)) - 4c6a16c4-95d2-4ef7-9fc0-4f57ccbd9967: shutdown FollowerState
2019-10-15 03:21:56,474 [Thread-10547] INFO  impl.RaftServerImpl (RaftServerImpl.java:setRole(184)) - 4c6a16c4-95d2-4ef7-9fc0-4f57ccbd9967@group-5FF82F29B6C0: changes role from  FOLLOWER to CANDIDATE at term 1324 for changeToCandidate
2019-10-15 03:21:56,474 [Thread-10547] ERROR ratis.XceiverServerRatis (XceiverServerRatis.java:triggerPipelineClose(582)) - pipeline Action CLOSE  on pipeline PipelineID=e4bf9835-e697-42f6-b211-5ff82f29b6c0.Reason : 4c6a16c4-95d2-4ef7-9fc0-4f57ccbd9967 is in candidate state for 171374ms
2019-10-15 03:21:56,475 [Thread-10547] INFO  impl.RoleInfo (RoleInfo.java:updateAndGet(143)) - 4c6a16c4-95d2-4ef7-9fc0-4f57ccbd9967: start LeaderElection
2019-10-15 03:21:56,497 [4c6a16c4-95d2-4ef7-9fc0-4f57ccbd9967@group-5FF82F29B6C0-LeaderElection1278] INFO  impl.LeaderElection (LeaderElection.java:askForVotes(178)) - 4c6a16c4-95d2-4ef7-9fc0-4f57ccbd9967@group-5FF82F29B6C0-LeaderElection1278: begin an election at term 1325 for -1: [4c6a16c4-95d2-4ef7-9fc0-4f57ccbd9967:192.168.5.131:39112, 742c26a8-c271-430a-a05a-c8bba3fa6d96:192.168.5.131:42235, a910346c-1ee2-4cdc-a6d8-644a3a4f0b7f:192.168.5.131:38193], old=null
2019-10-15 03:21:56,499 [grpc-default-executor-8] INFO  impl.RaftServerImpl (RaftServerImpl.java:setRole(184)) - 742c26a8-c271-430a-a05a-c8bba3fa6d96@group-5FF82F29B6C0: changes role from  FOLLOWER to FOLLOWER at term 1325 for recognizeCandidate:4c6a16c4-95d2-4ef7-9fc0-4f57ccbd9967
2019-10-15 03:21:56,499 [grpc-default-executor-4] INFO  impl.RaftServerImpl (RaftServerImpl.java:setRole(184)) - a910346c-1ee2-4cdc-a6d8-644a3a4f0b7f@group-5FF82F29B6C0: changes role from  FOLLOWER to FOLLOWER at term 1325 for recognizeCandidate:4c6a16c4-95d2-4ef7-9fc0-4f57ccbd9967
2019-10-15 03:21:56,499 [grpc-default-executor-8] INFO  impl.RoleInfo (RoleInfo.java:shutdownFollowerState(121)) - 742c26a8-c271-430a-a05a-c8bba3fa6d96: shutdown FollowerState
2019-10-15 03:21:56,499 [grpc-default-executor-4] INFO  impl.RoleInfo (RoleInfo.java:shutdownFollowerState(121)) - a910346c-1ee2-4cdc-a6d8-644a3a4f0b7f: shutdown FollowerState
2019-10-15 03:21:56,499 [Thread-10546] INFO  impl.FollowerState (FollowerState.java:run(117)) - 742c26a8-c271-430a-a05a-c8bba3fa6d96@group-5FF82F29B6C0-FollowerState was interrupted: java.lang.InterruptedException: sleep interrupted
2019-10-15 03:21:56,499 [grpc-default-executor-8] INFO  impl.RoleInfo (RoleInfo.java:updateAndGet(143)) - 742c26a8-c271-430a-a05a-c8bba3fa6d96: start FollowerState
2019-10-15 03:21:56,499 [Thread-10545] INFO  impl.FollowerState (FollowerState.java:run(117)) - a910346c-1ee2-4cdc-a6d8-644a3a4f0b7f@group-5FF82F29B6C0-FollowerState was interrupted: java.lang.InterruptedException: sleep interrupted
2019-10-15 03:21:56,499 [grpc-default-executor-4] INFO  impl.RoleInfo (RoleInfo.java:updateAndGet(143)) - a910346c-1ee2-4cdc-a6d8-644a3a4f0b7f: start FollowerState
2019-10-15 03:21:56,514 [4c6a16c4-95d2-4ef7-9fc0-4f57ccbd9967@group-5FF82F29B6C0-LeaderElection1278] INFO  impl.LeaderElection (LeaderElection.java:logAndReturn(56)) - 4c6a16c4-95d2-4ef7-9fc0-4f57ccbd9967@group-5FF82F29B6C0-LeaderElection1278: Election REJECTED; received 2 response(s) [4c6a16c4-95d2-4ef7-9fc0-4f57ccbd9967<-742c26a8-c271-430a-a05a-c8bba3fa6d96#0:FAIL-t1325, 4c6a16c4-95d2-4ef7-9fc0-4f57ccbd9967<-a910346c-1ee2-4cdc-a6d8-644a3a4f0b7f#0:FAIL-t1325] and 0 exception(s); 4c6a16c4-95d2-4ef7-9fc0-4f57ccbd9967@group-5FF82F29B6C0:t1325, leader=null, voted=4c6a16c4-95d2-4ef7-9fc0-4f57ccbd9967, raftlog=4c6a16c4-95d2-4ef7-9fc0-4f57ccbd9967@group-5FF82F29B6C0-SegmentedRaftLog:OPENED:c-1,f-1,i0, conf=-1: [4c6a16c4-95d2-4ef7-9fc0-4f57ccbd9967:192.168.5.131:39112, 742c26a8-c271-430a-a05a-c8bba3fa6d96:192.168.5.131:42235, a910346c-1ee2-4cdc-a6d8-644a3a4f0b7f:192.168.5.131:38193], old=null
2019-10-15 03:21:56,514 [4c6a16c4-95d2-4ef7-9fc0-4f57ccbd9967@group-5FF82F29B6C0-LeaderElection1278] INFO  impl.RaftServerImpl (RaftServerImpl.java:setRole(184)) - 4c6a16c4-95d2-4ef7-9fc0-4f57ccbd9967@group-5FF82F29B6C0: changes role from CANDIDATE to FOLLOWER at term 1325 for DISCOVERED_A_NEW_TERM
2019-10-15 03:21:56,514 [4c6a16c4-95d2-4ef7-9fc0-4f57ccbd9967@group-5FF82F29B6C0-LeaderElection1278] INFO  impl.RoleInfo (RoleInfo.java:shutdownLeaderElection(134)) - 4c6a16c4-95d2-4ef7-9fc0-4f57ccbd9967: shutdown LeaderElection
2019-10-15 03:21:56,514 [4c6a16c4-95d2-4ef7-9fc0-4f57ccbd9967@group-5FF82F29B6C0-LeaderElection1278] INFO  impl.RoleInfo (RoleInfo.java:updateAndGet(143)) - 4c6a16c4-95d2-4ef7-9fc0-4f57ccbd9967: start FollowerState
2019-10-15 03:21:56,542 [Thread-10553] INFO  impl.FollowerState (FollowerState.java:run(108)) - 4c6a16c4-95d2-4ef7-9fc0-4f57ccbd9967@group-5FF82F29B6C0-FollowerState: change to CANDIDATE, lastRpcTime:27ms, electionTimeout:27ms
2019-10-15 03:21:56,542 [Thread-10553] INFO  impl.RoleInfo (RoleInfo.java:shutdownFollowerState(121)) - 4c6a16c4-95d2-4ef7-9fc0-4f57ccbd9967: shutdown FollowerState
2019-10-15 03:21:56,542 [Thread-10553] INFO  impl.RaftServerImpl (RaftServerImpl.java:setRole(184)) - 4c6a16c4-95d2-4ef7-9fc0-4f57ccbd9967@group-5FF82F29B6C0: changes role from  FOLLOWER to CANDIDATE at term 1325 for changeToCandidate
2019-10-15 03:21:56,542 [Thread-10553] ERROR ratis.XceiverServerRatis (XceiverServerRatis.java:triggerPipelineClose(582)) - pipeline Action CLOSE  on pipeline PipelineID=e4bf9835-e697-42f6-b211-5ff82f29b6c0.Reason : 4c6a16c4-95d2-4ef7-9fc0-4f57ccbd9967 is in candidate state for 171441ms
2019-10-15 03:21:56,542 [Thread-10553] INFO  impl.RoleInfo (RoleInfo.java:updateAndGet(143)) - 4c6a16c4-95d2-4ef7-9fc0-4f57ccbd9967: start LeaderElection
2019-10-15 03:21:56,556 [4c6a16c4-95d2-4ef7-9fc0-4f57ccbd9967@group-5FF82F29B6C0-LeaderElection1279] INFO  impl.LeaderElection (LeaderElection.java:askForVotes(178)) - 4c6a16c4-95d2-4ef7-9fc0-4f57ccbd9967@group-5FF82F29B6C0-LeaderElection1279: begin an election at term 1326 for -1: [4c6a16c4-95d2-4ef7-9fc0-4f57ccbd9967:192.168.5.131:39112, 742c26a8-c271-430a-a05a-c8bba3fa6d96:192.168.5.131:42235, a910346c-1ee2-4cdc-a6d8-644a3a4f0b7f:192.168.5.131:38193], old=null
2019-10-15 03:21:56,557 [grpc-default-executor-8] INFO  impl.RaftServerImpl (RaftServerImpl.java:setRole(184)) - a910346c-1ee2-4cdc-a6d8-644a3a4f0b7f@group-5FF82F29B6C0: changes role from  FOLLOWER to FOLLOWER at term 1326 for recognizeCandidate:4c6a16c4-95d2-4ef7-9fc0-4f57ccbd9967
2019-10-15 03:21:56,557 [grpc-default-executor-8] INFO  impl.RoleInfo (RoleInfo.java:shutdownFollowerState(121)) - a910346c-1ee2-4cdc-a6d8-644a3a4f0b7f: shutdown FollowerState
2019-10-15 03:21:56,557 [grpc-default-executor-4] INFO  impl.RaftServerImpl (RaftServerImpl.java:setRole(184)) - 742c26a8-c271-430a-a05a-c8bba3fa6d96@group-5FF82F29B6C0: changes role from  FOLLOWER to FOLLOWER at term 1326 for recognizeCandidate:4c6a16c4-95d2-4ef7-9fc0-4f57ccbd9967
2019-10-15 03:21:56,557 [Thread-10552] INFO  impl.FollowerState (FollowerState.java:run(117)) - a910346c-1ee2-4cdc-a6d8-644a3a4f0b7f@group-5FF82F29B6C0-FollowerState was interrupted: java.lang.InterruptedException: sleep interrupted
2019-10-15 03:21:56,557 [grpc-default-executor-4] INFO  impl.RoleInfo (RoleInfo.java:shutdownFollowerState(121)) - 742c26a8-c271-430a-a05a-c8bba3fa6d96: shutdown FollowerState
2019-10-15 03:21:56,557 [grpc-default-executor-8] INFO  impl.RoleInfo (RoleInfo.java:updateAndGet(143)) - a910346c-1ee2-4cdc-a6d8-644a3a4f0b7f: start FollowerState
2019-10-15 03:21:56,558 [Thread-10551] INFO  impl.FollowerState (FollowerState.java:run(117)) - 742c26a8-c271-430a-a05a-c8bba3fa6d96@group-5FF82F29B6C0-FollowerState was interrupted: java.lang.InterruptedException: sleep interrupted
2019-10-15 03:21:56,557 [grpc-default-executor-4] INFO  impl.RoleInfo (RoleInfo.java:updateAndGet(143)) - 742c26a8-c271-430a-a05a-c8bba3fa6d96: start FollowerState
2019-10-15 03:21:56,571 [4c6a16c4-95d2-4ef7-9fc0-4f57ccbd9967@group-5FF82F29B6C0-LeaderElection1279] INFO  impl.LeaderElection (LeaderElection.java:logAndReturn(56)) - 4c6a16c4-95d2-4ef7-9fc0-4f57ccbd9967@group-5FF82F29B6C0-LeaderElection1279: Election REJECTED; received 2 response(s) [4c6a16c4-95d2-4ef7-9fc0-4f57ccbd9967<-742c26a8-c271-430a-a05a-c8bba3fa6d96#0:FAIL-t1326, 4c6a16c4-95d2-4ef7-9fc0-4f57ccbd9967<-a910346c-1ee2-4cdc-a6d8-644a3a4f0b7f#0:FAIL-t1326] and 0 exception(s); 4c6a16c4-95d2-4ef7-9fc0-4f57ccbd9967@group-5FF82F29B6C0:t1326, leader=null, voted=4c6a16c4-95d2-4ef7-9fc0-4f57ccbd9967, raftlog=4c6a16c4-95d2-4ef7-9fc0-4f57ccbd9967@group-5FF82F29B6C0-SegmentedRaftLog:OPENED:c-1,f-1,i0, conf=-1: [4c6a16c4-95d2-4ef7-9fc0-4f57ccbd9967:192.168.5.131:39112, 742c26a8-c271-430a-a05a-c8bba3fa6d96:192.168.5.131:42235, a910346c-1ee2-4cdc-a6d8-644a3a4f0b7f:192.168.5.131:38193], old=null
2019-10-15 03:21:56,571 [4c6a16c4-95d2-4ef7-9fc0-4f57ccbd9967@group-5FF82F29B6C0-LeaderElection1279] INFO  impl.RaftServerImpl (RaftServerImpl.java:setRole(184)) - 4c6a16c4-95d2-4ef7-9fc0-4f57ccbd9967@group-5FF82F29B6C0: changes role from CANDIDATE to FOLLOWER at term 1326 for DISCOVERED_A_NEW_TERM
2019-10-15 03:21:56,572 [4c6a16c4-95d2-4ef7-9fc0-4f57ccbd9967@group-5FF82F29B6C0-LeaderElection1279] INFO  impl.RoleInfo (RoleInfo.java:shutdownLeaderElection(134)) - 4c6a16c4-95d2-4ef7-9fc0-4f57ccbd9967: shutdown LeaderElection
2019-10-15 03:21:56,572 [4c6a16c4-95d2-4ef7-9fc0-4f57ccbd9967@group-5FF82F29B6C0-LeaderElection1279] INFO  impl.RoleInfo (RoleInfo.java:updateAndGet(143)) - 4c6a16c4-95d2-4ef7-9fc0-4f57ccbd9967: start FollowerState
2019-10-15 03:21:56,687 [Thread-10561] INFO  impl.FollowerState (FollowerState.java:run(108)) - 4c6a16c4-95d2-4ef7-9fc0-4f57ccbd9967@group-5FF82F29B6C0-FollowerState: change to CANDIDATE, lastRpcTime:115ms, electionTimeout:115ms
2019-10-15 03:21:56,687 [Thread-10561] INFO  impl.RoleInfo (RoleInfo.java:shutdownFollowerState(121)) - 4c6a16c4-95d2-4ef7-9fc0-4f57ccbd9967: shutdown FollowerState
2019-10-15 03:21:56,687 [Thread-10561] INFO  impl.RaftServerImpl (RaftServerImpl.java:setRole(184)) - 4c6a16c4-95d2-4ef7-9fc0-4f57ccbd9967@group-5FF82F29B6C0: changes role from  FOLLOWER to CANDIDATE at term 1326 for changeToCandidate
2019-10-15 03:21:56,688 [Thread-10561] ERROR ratis.XceiverServerRatis (XceiverServerRatis.java:triggerPipelineClose(582)) - pipeline Action CLOSE  on pipeline PipelineID=e4bf9835-e697-42f6-b211-5ff82f29b6c0.Reason : 4c6a16c4-95d2-4ef7-9fc0-4f57ccbd9967 is in candidate state for 171587ms
2019-10-15 03:21:56,688 [Thread-10561] INFO  impl.RoleInfo (RoleInfo.java:updateAndGet(143)) - 4c6a16c4-95d2-4ef7-9fc0-4f57ccbd9967: start LeaderElection
2019-10-15 03:21:56,701 [4c6a16c4-95d2-4ef7-9fc0-4f57ccbd9967@group-5FF82F29B6C0-LeaderElection1280] INFO  impl.LeaderElection (LeaderElection.java:askForVotes(178)) - 4c6a16c4-95d2-4ef7-9fc0-4f57ccbd9967@group-5FF82F29B6C0-LeaderElection1280: begin an election at term 1327 for -1: [4c6a16c4-95d2-4ef7-9fc0-4f57ccbd9967:192.168.5.131:39112, 742c26a8-c271-430a-a05a-c8bba3fa6d96:192.168.5.131:42235, a910346c-1ee2-4cdc-a6d8-644a3a4f0b7f:192.168.5.131:38193], old=null
2019-10-15 03:21:56,702 [grpc-default-executor-4] INFO  impl.RaftServerImpl (RaftServerImpl.java:setRole(184)) - 742c26a8-c271-430a-a05a-c8bba3fa6d96@group-5FF82F29B6C0: changes role from  FOLLOWER to FOLLOWER at term 1327 for recognizeCandidate:4c6a16c4-95d2-4ef7-9fc0-4f57ccbd9967
2019-10-15 03:21:56,702 [grpc-default-executor-4] INFO  impl.RoleInfo (RoleInfo.java:shutdownFollowerState(121)) - 742c26a8-c271-430a-a05a-c8bba3fa6d96: shutdown FollowerState
2019-10-15 03:21:56,702 [grpc-default-executor-8] INFO  impl.RaftServerImpl (RaftServerImpl.java:setRole(184)) - a910346c-1ee2-4cdc-a6d8-644a3a4f0b7f@group-5FF82F29B6C0: changes role from  FOLLOWER to FOLLOWER at term 1327 for recognizeCandidate:4c6a16c4-95d2-4ef7-9fc0-4f57ccbd9967
2019-10-15 03:21:56,702 [grpc-default-executor-4] INFO  impl.RoleInfo (RoleInfo.java:updateAndGet(143)) - 742c26a8-c271-430a-a05a-c8bba3fa6d96: start FollowerState
2019-10-15 03:21:56,702 [Thread-10560] INFO  impl.FollowerState (FollowerState.java:run(117)) - 742c26a8-c271-430a-a05a-c8bba3fa6d96@group-5FF82F29B6C0-FollowerState was interrupted: java.lang.InterruptedException: sleep interrupted
2019-10-15 03:21:56,702 [grpc-default-executor-8] INFO  impl.RoleInfo (RoleInfo.java:shutdownFollowerState(121)) - a910346c-1ee2-4cdc-a6d8-644a3a4f0b7f: shutdown FollowerState
2019-10-15 03:21:56,702 [grpc-default-executor-8] INFO  impl.RoleInfo (RoleInfo.java:updateAndGet(143)) - a910346c-1ee2-4cdc-a6d8-644a3a4f0b7f: start FollowerState
2019-10-15 03:21:56,702 [Thread-10559] INFO  impl.FollowerState (FollowerState.java:run(117)) - a910346c-1ee2-4cdc-a6d8-644a3a4f0b7f@group-5FF82F29B6C0-FollowerState was interrupted: java.lang.InterruptedException: sleep interrupted
2019-10-15 03:21:56,716 [4c6a16c4-95d2-4ef7-9fc0-4f57ccbd9967@group-5FF82F29B6C0-LeaderElection1280] INFO  impl.LeaderElection (LeaderElection.java:logAndReturn(56)) - 4c6a16c4-95d2-4ef7-9fc0-4f57ccbd9967@group-5FF82F29B6C0-LeaderElection1280: Election REJECTED; received 2 response(s) [4c6a16c4-95d2-4ef7-9fc0-4f57ccbd9967<-742c26a8-c271-430a-a05a-c8bba3fa6d96#0:FAIL-t1327, 4c6a16c4-95d2-4ef7-9fc0-4f57ccbd9967<-a910346c-1ee2-4cdc-a6d8-644a3a4f0b7f#0:FAIL-t1327] and 0 exception(s); 4c6a16c4-95d2-4ef7-9fc0-4f57ccbd9967@group-5FF82F29B6C0:t1327, leader=null, voted=4c6a16c4-95d2-4ef7-9fc0-4f57ccbd9967, raftlog=4c6a16c4-95d2-4ef7-9fc0-4f57ccbd9967@group-5FF82F29B6C0-SegmentedRaftLog:OPENED:c-1,f-1,i0, conf=-1: [4c6a16c4-95d2-4ef7-9fc0-4f57ccbd9967:192.168.5.131:39112, 742c26a8-c271-430a-a05a-c8bba3fa6d96:192.168.5.131:42235, a910346c-1ee2-4cdc-a6d8-644a3a4f0b7f:192.168.5.131:38193], old=null
2019-10-15 03:21:56,716 [4c6a16c4-95d2-4ef7-9fc0-4f57ccbd9967@group-5FF82F29B6C0-LeaderElection1280] INFO  impl.RaftServerImpl (RaftServerImpl.java:setRole(184)) - 4c6a16c4-95d2-4ef7-9fc0-4f57ccbd9967@group-5FF82F29B6C0: changes role from CANDIDATE to FOLLOWER at term 1327 for DISCOVERED_A_NEW_TERM
2019-10-15 03:21:56,716 [4c6a16c4-95d2-4ef7-9fc0-4f57ccbd9967@group-5FF82F29B6C0-LeaderElection1280] INFO  impl.RoleInfo (RoleInfo.java:shutdownLeaderElection(134)) - 4c6a16c4-95d2-4ef7-9fc0-4f57ccbd9967: shutdown LeaderElection
2019-10-15 03:21:56,716 [4c6a16c4-95d2-4ef7-9fc0-4f57ccbd9967@group-5FF82F29B6C0-LeaderElection1280] INFO  impl.RoleInfo (RoleInfo.java:updateAndGet(143)) - 4c6a16c4-95d2-4ef7-9fc0-4f57ccbd9967: start FollowerState
2019-10-15 03:21:56,866 [Thread-10567] INFO  impl.FollowerState (FollowerState.java:run(108)) - 4c6a16c4-95d2-4ef7-9fc0-4f57ccbd9967@group-5FF82F29B6C0-FollowerState: change to CANDIDATE, lastRpcTime:150ms, electionTimeout:150ms
2019-10-15 03:21:56,866 [Thread-10567] INFO  impl.RoleInfo (RoleInfo.java:shutdownFollowerState(121)) - 4c6a16c4-95d2-4ef7-9fc0-4f57ccbd9967: shutdown FollowerState
2019-10-15 03:21:56,866 [Thread-10567] INFO  impl.RaftServerImpl (RaftServerImpl.java:setRole(184)) - 4c6a16c4-95d2-4ef7-9fc0-4f57ccbd9967@group-5FF82F29B6C0: changes role from  FOLLOWER to CANDIDATE at term 1327 for changeToCandidate
2019-10-15 03:21:56,867 [Thread-10567] ERROR ratis.XceiverServerRatis (XceiverServerRatis.java:triggerPipelineClose(582)) - pipeline Action CLOSE  on pipeline PipelineID=e4bf9835-e697-42f6-b211-5ff82f29b6c0.Reason : 4c6a16c4-95d2-4ef7-9fc0-4f57ccbd9967 is in candidate state for 171766ms
2019-10-15 03:21:56,867 [Thread-10567] INFO  impl.RoleInfo (RoleInfo.java:updateAndGet(143)) - 4c6a16c4-95d2-4ef7-9fc0-4f57ccbd9967: start LeaderElection
2019-10-15 03:21:56,880 [4c6a16c4-95d2-4ef7-9fc0-4f57ccbd9967@group-5FF82F29B6C0-LeaderElection1281] INFO  impl.LeaderElection (LeaderElection.java:askForVotes(178)) - 4c6a16c4-95d2-4ef7-9fc0-4f57ccbd9967@group-5FF82F29B6C0-LeaderElection1281: begin an election at term 1328 for -1: [4c6a16c4-95d2-4ef7-9fc0-4f57ccbd9967:192.168.5.131:39112, 742c26a8-c271-430a-a05a-c8bba3fa6d96:192.168.5.131:42235, a910346c-1ee2-4cdc-a6d8-644a3a4f0b7f:192.168.5.131:38193], old=null
2019-10-15 03:21:56,881 [grpc-default-executor-4] INFO  impl.RaftServerImpl (RaftServerImpl.java:setRole(184)) - 742c26a8-c271-430a-a05a-c8bba3fa6d96@group-5FF82F29B6C0: changes role from  FOLLOWER to FOLLOWER at term 1328 for recognizeCandidate:4c6a16c4-95d2-4ef7-9fc0-4f57ccbd9967
2019-10-15 03:21:56,881 [grpc-default-executor-4] INFO  impl.RoleInfo (RoleInfo.java:shutdownFollowerState(121)) - 742c26a8-c271-430a-a05a-c8bba3fa6d96: shutdown FollowerState
2019-10-15 03:21:56,881 [grpc-default-executor-8] INFO  impl.RaftServerImpl (RaftServerImpl.java:setRole(184)) - a910346c-1ee2-4cdc-a6d8-644a3a4f0b7f@group-5FF82F29B6C0: changes role from  FOLLOWER to FOLLOWER at term 1328 for recognizeCandidate:4c6a16c4-95d2-4ef7-9fc0-4f57ccbd9967
2019-10-15 03:21:56,881 [Thread-10565] INFO  impl.FollowerState (FollowerState.java:run(117)) - 742c26a8-c271-430a-a05a-c8bba3fa6d96@group-5FF82F29B6C0-FollowerState was interrupted: java.lang.InterruptedException: sleep interrupted
2019-10-15 03:21:56,881 [grpc-default-executor-4] INFO  impl.RoleInfo (RoleInfo.java:updateAndGet(143)) - 742c26a8-c271-430a-a05a-c8bba3fa6d96: start FollowerState
2019-10-15 03:21:56,881 [grpc-default-executor-8] INFO  impl.RoleInfo (RoleInfo.java:shutdownFollowerState(121)) - a910346c-1ee2-4cdc-a6d8-644a3a4f0b7f: shutdown FollowerState
2019-10-15 03:21:56,882 [grpc-default-executor-8] INFO  impl.RoleInfo (RoleInfo.java:updateAndGet(143)) - a910346c-1ee2-4cdc-a6d8-644a3a4f0b7f: start FollowerState
2019-10-15 03:21:56,882 [Thread-10566] INFO  impl.FollowerState (FollowerState.java:run(117)) - a910346c-1ee2-4cdc-a6d8-644a3a4f0b7f@group-5FF82F29B6C0-FollowerState was interrupted: java.lang.InterruptedException: sleep interrupted
2019-10-15 03:21:56,896 [4c6a16c4-95d2-4ef7-9fc0-4f57ccbd9967@group-5FF82F29B6C0-LeaderElection1281] INFO  impl.LeaderElection (LeaderElection.java:logAndReturn(56)) - 4c6a16c4-95d2-4ef7-9fc0-4f57ccbd9967@group-5FF82F29B6C0-LeaderElection1281: Election REJECTED; received 2 response(s) [4c6a16c4-95d2-4ef7-9fc0-4f57ccbd9967<-742c26a8-c271-430a-a05a-c8bba3fa6d96#0:FAIL-t1328, 4c6a16c4-95d2-4ef7-9fc0-4f57ccbd9967<-a910346c-1ee2-4cdc-a6d8-644a3a4f0b7f#0:FAIL-t1328] and 0 exception(s); 4c6a16c4-95d2-4ef7-9fc0-4f57ccbd9967@group-5FF82F29B6C0:t1328, leader=null, voted=4c6a16c4-95d2-4ef7-9fc0-4f57ccbd9967, raftlog=4c6a16c4-95d2-4ef7-9fc0-4f57ccbd9967@group-5FF82F29B6C0-SegmentedRaftLog:OPENED:c-1,f-1,i0, conf=-1: [4c6a16c4-95d2-4ef7-9fc0-4f57ccbd9967:192.168.5.131:39112, 742c26a8-c271-430a-a05a-c8bba3fa6d96:192.168.5.131:42235, a910346c-1ee2-4cdc-a6d8-644a3a4f0b7f:192.168.5.131:38193], old=null
2019-10-15 03:21:56,896 [4c6a16c4-95d2-4ef7-9fc0-4f57ccbd9967@group-5FF82F29B6C0-LeaderElection1281] INFO  impl.RaftServerImpl (RaftServerImpl.java:setRole(184)) - 4c6a16c4-95d2-4ef7-9fc0-4f57ccbd9967@group-5FF82F29B6C0: changes role from CANDIDATE to FOLLOWER at term 1328 for DISCOVERED_A_NEW_TERM
2019-10-15 03:21:56,896 [4c6a16c4-95d2-4ef7-9fc0-4f57ccbd9967@group-5FF82F29B6C0-LeaderElection1281] INFO  impl.RoleInfo (RoleInfo.java:shutdownLeaderElection(134)) - 4c6a16c4-95d2-4ef7-9fc0-4f57ccbd9967: shutdown LeaderElection
2019-10-15 03:21:56,896 [4c6a16c4-95d2-4ef7-9fc0-4f57ccbd9967@group-5FF82F29B6C0-LeaderElection1281] INFO  impl.RoleInfo (RoleInfo.java:updateAndGet(143)) - 4c6a16c4-95d2-4ef7-9fc0-4f57ccbd9967: start FollowerState
2019-10-15 03:21:56,966 [Thread-10573] INFO  impl.FollowerState (FollowerState.java:run(108)) - 4c6a16c4-95d2-4ef7-9fc0-4f57ccbd9967@group-5FF82F29B6C0-FollowerState: change to CANDIDATE, lastRpcTime:70ms, electionTimeout:70ms
2019-10-15 03:21:56,966 [Thread-10573] INFO  impl.RoleInfo (RoleInfo.java:shutdownFollowerState(121)) - 4c6a16c4-95d2-4ef7-9fc0-4f57ccbd9967: shutdown FollowerState
2019-10-15 03:21:56,966 [Thread-10573] INFO  impl.RaftServerImpl (RaftServerImpl.java:setRole(184)) - 4c6a16c4-95d2-4ef7-9fc0-4f57ccbd9967@group-5FF82F29B6C0: changes role from  FOLLOWER to CANDIDATE at term 1328 for changeToCandidate
2019-10-15 03:21:56,966 [Thread-10573] ERROR ratis.XceiverServerRatis (XceiverServerRatis.java:triggerPipelineClose(582)) - pipeline Action CLOSE  on pipeline PipelineID=e4bf9835-e697-42f6-b211-5ff82f29b6c0.Reason : 4c6a16c4-95d2-4ef7-9fc0-4f57ccbd9967 is in candidate state for 171866ms
2019-10-15 03:21:56,967 [Thread-10573] INFO  impl.RoleInfo (RoleInfo.java:updateAndGet(143)) - 4c6a16c4-95d2-4ef7-9fc0-4f57ccbd9967: start LeaderElection
2019-10-15 03:21:56,991 [EventQueue-PipelineActionsForPipelineActionHandler] ERROR pipeline.PipelineActionHandler (PipelineActionHandler.java:onMessage(60)) - Received pipeline action CLOSE for Pipeline[ Id: e4bf9835-e697-42f6-b211-5ff82f29b6c0, Nodes: a910346c-1ee2-4cdc-a6d8-644a3a4f0b7f{ip: 192.168.5.131, host: pr-hdds-2305-c92ks-1629580955, networkLocation: /default-rack, certSerialId: null}742c26a8-c271-430a-a05a-c8bba3fa6d96{ip: 192.168.5.131, host: pr-hdds-2305-c92ks-1629580955, networkLocation: /default-rack, certSerialId: null}4c6a16c4-95d2-4ef7-9fc0-4f57ccbd9967{ip: 192.168.5.131, host: pr-hdds-2305-c92ks-1629580955, networkLocation: /default-rack, certSerialId: null}, Type:RATIS, Factor:THREE, State:CLOSED] from datanode 4c6a16c4-95d2-4ef7-9fc0-4f57ccbd9967{ip: 192.168.5.131, host: pr-hdds-2305-c92ks-1629580955, networkLocation: /default-rack, certSerialId: null}. Reason : 4c6a16c4-95d2-4ef7-9fc0-4f57ccbd9967 is in candidate state for 170994ms
2019-10-15 03:21:56,992 [EventQueue-PipelineActionsForPipelineActionHandler] INFO  pipeline.SCMPipelineManager (SCMPipelineManager.java:finalizeAndDestroyPipeline(315)) - destroying pipeline:Pipeline[ Id: e4bf9835-e697-42f6-b211-5ff82f29b6c0, Nodes: a910346c-1ee2-4cdc-a6d8-644a3a4f0b7f{ip: 192.168.5.131, host: pr-hdds-2305-c92ks-1629580955, networkLocation: /default-rack, certSerialId: null}742c26a8-c271-430a-a05a-c8bba3fa6d96{ip: 192.168.5.131, host: pr-hdds-2305-c92ks-1629580955, networkLocation: /default-rack, certSerialId: null}4c6a16c4-95d2-4ef7-9fc0-4f57ccbd9967{ip: 192.168.5.131, host: pr-hdds-2305-c92ks-1629580955, networkLocation: /default-rack, certSerialId: null}, Type:RATIS, Factor:THREE, State:CLOSED]
2019-10-15 03:21:56,999 [4c6a16c4-95d2-4ef7-9fc0-4f57ccbd9967@group-5FF82F29B6C0-LeaderElection1282] INFO  impl.LeaderElection (LeaderElection.java:askForVotes(178)) - 4c6a16c4-95d2-4ef7-9fc0-4f57ccbd9967@group-5FF82F29B6C0-LeaderElection1282: begin an election at term 1329 for -1: [4c6a16c4-95d2-4ef7-9fc0-4f57ccbd9967:192.168.5.131:39112, 742c26a8-c271-430a-a05a-c8bba3fa6d96:192.168.5.131:42235, a910346c-1ee2-4cdc-a6d8-644a3a4f0b7f:192.168.5.131:38193], old=null
2019-10-15 03:21:57,000 [grpc-default-executor-8] INFO  impl.RaftServerImpl (RaftServerImpl.java:setRole(184)) - 742c26a8-c271-430a-a05a-c8bba3fa6d96@group-5FF82F29B6C0: changes role from  FOLLOWER to FOLLOWER at term 1329 for recognizeCandidate:4c6a16c4-95d2-4ef7-9fc0-4f57ccbd9967
2019-10-15 03:21:57,000 [grpc-default-executor-4] INFO  impl.RaftServerImpl (RaftServerImpl.java:setRole(184)) - a910346c-1ee2-4cdc-a6d8-644a3a4f0b7f@group-5FF82F29B6C0: changes role from  FOLLOWER to FOLLOWER at term 1329 for recognizeCandidate:4c6a16c4-95d2-4ef7-9fc0-4f57ccbd9967
2019-10-15 03:21:57,000 [grpc-default-executor-8] INFO  impl.RoleInfo (RoleInfo.java:shutdownFollowerState(121)) - 742c26a8-c271-430a-a05a-c8bba3fa6d96: shutdown FollowerState
2019-10-15 03:21:57,000 [grpc-default-executor-4] INFO  impl.RoleInfo (RoleInfo.java:shutdownFollowerState(121)) - a910346c-1ee2-4cdc-a6d8-644a3a4f0b7f: shutdown FollowerState
2019-10-15 03:21:57,001 [Thread-10571] INFO  impl.FollowerState (FollowerState.java:run(117)) - 742c26a8-c271-430a-a05a-c8bba3fa6d96@group-5FF82F29B6C0-FollowerState was interrupted: java.lang.InterruptedException: sleep interrupted
2019-10-15 03:21:57,001 [grpc-default-executor-8] INFO  impl.RoleInfo (RoleInfo.java:updateAndGet(143)) - 742c26a8-c271-430a-a05a-c8bba3fa6d96: start FollowerState
2019-10-15 03:21:57,001 [Thread-10572] INFO  impl.FollowerState (FollowerState.java:run(117)) - a910346c-1ee2-4cdc-a6d8-644a3a4f0b7f@group-5FF82F29B6C0-FollowerState was interrupted: java.lang.InterruptedException: sleep interrupted
2019-10-15 03:21:57,001 [grpc-default-executor-4] INFO  impl.RoleInfo (RoleInfo.java:updateAndGet(143)) - a910346c-1ee2-4cdc-a6d8-644a3a4f0b7f: start FollowerState
2019-10-15 03:21:57,006 [4c6a16c4-95d2-4ef7-9fc0-4f57ccbd9967@group-5FF82F29B6C0-LeaderElection1282] INFO  impl.LeaderElection (LeaderElection.java:logAndReturn(56)) - 4c6a16c4-95d2-4ef7-9fc0-4f57ccbd9967@group-5FF82F29B6C0-LeaderElection1282: Election TIMEOUT; received 0 response(s) [] and 0 exception(s); 4c6a16c4-95d2-4ef7-9fc0-4f57ccbd9967@group-5FF82F29B6C0:t1329, leader=null, voted=4c6a16c4-95d2-4ef7-9fc0-4f57ccbd9967, raftlog=4c6a16c4-95d2-4ef7-9fc0-4f57ccbd9967@group-5FF82F29B6C0-SegmentedRaftLog:OPENED:c-1,f-1,i0, conf=-1: [4c6a16c4-95d2-4ef7-9fc0-4f57ccbd9967:192.168.5.131:39112, 742c26a8-c271-430a-a05a-c8bba3fa6d96:192.168.5.131:42235, a910346c-1ee2-4cdc-a6d8-644a3a4f0b7f:192.168.5.131:38193], old=null
2019-10-15 03:21:57,024 [4c6a16c4-95d2-4ef7-9fc0-4f57ccbd9967@group-5FF82F29B6C0-LeaderElection1282] INFO  impl.LeaderElection (LeaderElection.java:askForVotes(178)) - 4c6a16c4-95d2-4ef7-9fc0-4f57ccbd9967@group-5FF82F29B6C0-LeaderElection1282: begin an election at term 1330 for -1: [4c6a16c4-95d2-4ef7-9fc0-4f57ccbd9967:192.168.5.131:39112, 742c26a8-c271-430a-a05a-c8bba3fa6d96:192.168.5.131:42235, a910346c-1ee2-4cdc-a6d8-644a3a4f0b7f:192.168.5.131:38193], old=null
2019-10-15 03:21:57,025 [grpc-default-executor-8] INFO  impl.RaftServerImpl (RaftServerImpl.java:setRole(184)) - 742c26a8-c271-430a-a05a-c8bba3fa6d96@group-5FF82F29B6C0: changes role from  FOLLOWER to FOLLOWER at term 1330 for recognizeCandidate:4c6a16c4-95d2-4ef7-9fc0-4f57ccbd9967
2019-10-15 03:21:57,025 [grpc-default-executor-4] INFO  impl.RaftServerImpl (RaftServerImpl.java:setRole(184)) - a910346c-1ee2-4cdc-a6d8-644a3a4f0b7f@group-5FF82F29B6C0: changes role from  FOLLOWER to FOLLOWER at term 1330 for recognizeCandidate:4c6a16c4-95d2-4ef7-9fc0-4f57ccbd9967
2019-10-15 03:21:57,025 [grpc-default-executor-4] INFO  impl.RoleInfo (RoleInfo.java:shutdownFollowerState(121)) - a910346c-1ee2-4cdc-a6d8-644a3a4f0b7f: shutdown FollowerState
2019-10-15 03:21:57,025 [grpc-default-executor-8] INFO  impl.RoleInfo (RoleInfo.java:shutdownFollowerState(121)) - 742c26a8-c271-430a-a05a-c8bba3fa6d96: shutdown FollowerState
2019-10-15 03:21:57,025 [Thread-10578] INFO  impl.FollowerState (FollowerState.java:run(117)) - a910346c-1ee2-4cdc-a6d8-644a3a4f0b7f@group-5FF82F29B6C0-FollowerState was interrupted: java.lang.InterruptedException: sleep interrupted
2019-10-15 03:21:57,025 [grpc-default-executor-4] INFO  impl.RoleInfo (RoleInfo.java:updateAndGet(143)) - a910346c-1ee2-4cdc-a6d8-644a3a4f0b7f: start FollowerState
2019-10-15 03:21:57,026 [Thread-10577] INFO  impl.FollowerState (FollowerState.java:run(117)) - 742c26a8-c271-430a-a05a-c8bba3fa6d96@group-5FF82F29B6C0-FollowerState was interrupted: java.lang.InterruptedException: sleep interrupted
2019-10-15 03:21:57,025 [grpc-default-executor-8] INFO  impl.RoleInfo (RoleInfo.java:updateAndGet(143)) - 742c26a8-c271-430a-a05a-c8bba3fa6d96: start FollowerState
2019-10-15 03:21:57,039 [4c6a16c4-95d2-4ef7-9fc0-4f57ccbd9967@group-5FF82F29B6C0-LeaderElection1282] INFO  impl.LeaderElection (LeaderElection.java:logAndReturn(56)) - 4c6a16c4-95d2-4ef7-9fc0-4f57ccbd9967@group-5FF82F29B6C0-LeaderElection1282: Election REJECTED; received 2 response(s) [4c6a16c4-95d2-4ef7-9fc0-4f57ccbd9967<-742c26a8-c271-430a-a05a-c8bba3fa6d96#0:FAIL-t1330, 4c6a16c4-95d2-4ef7-9fc0-4f57ccbd9967<-a910346c-1ee2-4cdc-a6d8-644a3a4f0b7f#0:FAIL-t1330] and 0 exception(s); 4c6a16c4-95d2-4ef7-9fc0-4f57ccbd9967@group-5FF82F29B6C0:t1330, leader=null, voted=4c6a16c4-95d2-4ef7-9fc0-4f57ccbd9967, raftlog=4c6a16c4-95d2-4ef7-9fc0-4f57ccbd9967@group-5FF82F29B6C0-SegmentedRaftLog:OPENED:c-1,f-1,i0, conf=-1: [4c6a16c4-95d2-4ef7-9fc0-4f57ccbd9967:192.168.5.131:39112, 742c26a8-c271-430a-a05a-c8bba3fa6d96:192.168.5.131:42235, a910346c-1ee2-4cdc-a6d8-644a3a4f0b7f:192.168.5.131:38193], old=null
2019-10-15 03:21:57,039 [4c6a16c4-95d2-4ef7-9fc0-4f57ccbd9967@group-5FF82F29B6C0-LeaderElection1282] INFO  impl.RaftServerImpl (RaftServerImpl.java:setRole(184)) - 4c6a16c4-95d2-4ef7-9fc0-4f57ccbd9967@group-5FF82F29B6C0: changes role from CANDIDATE to FOLLOWER at term 1330 for DISCOVERED_A_NEW_TERM
2019-10-15 03:21:57,040 [4c6a16c4-95d2-4ef7-9fc0-4f57ccbd9967@group-5FF82F29B6C0-LeaderElection1282] INFO  impl.RoleInfo (RoleInfo.java:shutdownLeaderElection(134)) - 4c6a16c4-95d2-4ef7-9fc0-4f57ccbd9967: shutdown LeaderElection
2019-10-15 03:21:57,040 [4c6a16c4-95d2-4ef7-9fc0-4f57ccbd9967@group-5FF82F29B6C0-LeaderElection1282] INFO  impl.RoleInfo (RoleInfo.java:updateAndGet(143)) - 4c6a16c4-95d2-4ef7-9fc0-4f57ccbd9967: start FollowerState
2019-10-15 03:21:57,073 [Thread-10583] INFO  impl.FollowerState (FollowerState.java:run(108)) - 4c6a16c4-95d2-4ef7-9fc0-4f57ccbd9967@group-5FF82F29B6C0-FollowerState: change to CANDIDATE, lastRpcTime:33ms, electionTimeout:33ms
2019-10-15 03:21:57,073 [Thread-10583] INFO  impl.RoleInfo (RoleInfo.java:shutdownFollowerState(121)) - 4c6a16c4-95d2-4ef7-9fc0-4f57ccbd9967: shutdown FollowerState
2019-10-15 03:21:57,073 [Thread-10583] INFO  impl.RaftServerImpl (RaftServerImpl.java:setRole(184)) - 4c6a16c4-95d2-4ef7-9fc0-4f57ccbd9967@group-5FF82F29B6C0: changes role from  FOLLOWER to CANDIDATE at term 1330 for changeToCandidate
2019-10-15 03:21:57,074 [Thread-10583] ERROR ratis.XceiverServerRatis (XceiverServerRatis.java:triggerPipelineClose(582)) - pipeline Action CLOSE  on pipeline PipelineID=e4bf9835-e697-42f6-b211-5ff82f29b6c0.Reason : 4c6a16c4-95d2-4ef7-9fc0-4f57ccbd9967 is in candidate state for 171973ms
2019-10-15 03:21:57,074 [Thread-10583] INFO  impl.RoleInfo (RoleInfo.java:updateAndGet(143)) - 4c6a16c4-95d2-4ef7-9fc0-4f57ccbd9967: start LeaderElection
2019-10-15 03:21:57,087 [4c6a16c4-95d2-4ef7-9fc0-4f57ccbd9967@group-5FF82F29B6C0-LeaderElection1283] INFO  impl.LeaderElection (LeaderElection.java:askForVotes(178)) - 4c6a16c4-95d2-4ef7-9fc0-4f57ccbd9967@group-5FF82F29B6C0-LeaderElection1283: begin an election at term 1331 for -1: [4c6a16c4-95d2-4ef7-9fc0-4f57ccbd9967:192.168.5.131:39112, 742c26a8-c271-430a-a05a-c8bba3fa6d96:192.168.5.131:42235, a910346c-1ee2-4cdc-a6d8-644a3a4f0b7f:192.168.5.131:38193], old=null
2019-10-15 03:21:57,089 [grpc-default-executor-4] INFO  impl.RaftServerImpl (RaftServerImpl.java:setRole(184)) - 742c26a8-c271-430a-a05a-c8bba3fa6d96@group-5FF82F29B6C0: changes role from  FOLLOWER to FOLLOWER at term 1331 for recognizeCandidate:4c6a16c4-95d2-4ef7-9fc0-4f57ccbd9967
2019-10-15 03:21:57,089 [grpc-default-executor-4] INFO  impl.RoleInfo (RoleInfo.java:shutdownFollowerState(121)) - 742c26a8-c271-430a-a05a-c8bba3fa6d96: shutdown FollowerState
2019-10-15 03:21:57,089 [grpc-default-executor-8] INFO  impl.RaftServerImpl (RaftServerImpl.java:setRole(184)) - a910346c-1ee2-4cdc-a6d8-644a3a4f0b7f@group-5FF82F29B6C0: changes role from  FOLLOWER to FOLLOWER at term 1331 for recognizeCandidate:4c6a16c4-95d2-4ef7-9fc0-4f57ccbd9967
2019-10-15 03:21:57,089 [Thread-10582] INFO  impl.FollowerState (FollowerState.java:run(117)) - 742c26a8-c271-430a-a05a-c8bba3fa6d96@group-5FF82F29B6C0-FollowerState was interrupted: java.lang.InterruptedException: sleep interrupted
2019-10-15 03:21:57,089 [grpc-default-executor-4] INFO  impl.RoleInfo (RoleInfo.java:updateAndGet(143)) - 742c26a8-c271-430a-a05a-c8bba3fa6d96: start FollowerState
2019-10-15 03:21:57,089 [grpc-default-executor-8] INFO  impl.RoleInfo (RoleInfo.java:shutdownFollowerState(121)) - a910346c-1ee2-4cdc-a6d8-644a3a4f0b7f: shutdown FollowerState
2019-10-15 03:21:57,090 [grpc-default-executor-8] INFO  impl.RoleInfo (RoleInfo.java:updateAndGet(143)) - a910346c-1ee2-4cdc-a6d8-644a3a4f0b7f: start FollowerState
2019-10-15 03:21:57,090 [Thread-10581] INFO  impl.FollowerState (FollowerState.java:run(117)) - a910346c-1ee2-4cdc-a6d8-644a3a4f0b7f@group-5FF82F29B6C0-FollowerState was interrupted: java.lang.InterruptedException: sleep interrupted
2019-10-15 03:21:57,103 [4c6a16c4-95d2-4ef7-9fc0-4f57ccbd9967@group-5FF82F29B6C0-LeaderElection1283] INFO  impl.LeaderElection (LeaderElection.java:logAndReturn(56)) - 4c6a16c4-95d2-4ef7-9fc0-4f57ccbd9967@group-5FF82F29B6C0-LeaderElection1283: Election REJECTED; received 2 response(s) [4c6a16c4-95d2-4ef7-9fc0-4f57ccbd9967<-742c26a8-c271-430a-a05a-c8bba3fa6d96#0:FAIL-t1331, 4c6a16c4-95d2-4ef7-9fc0-4f57ccbd9967<-a910346c-1ee2-4cdc-a6d8-644a3a4f0b7f#0:FAIL-t1331] and 0 exception(s); 4c6a16c4-95d2-4ef7-9fc0-4f57ccbd9967@group-5FF82F29B6C0:t1331, leader=null, voted=4c6a16c4-95d2-4ef7-9fc0-4f57ccbd9967, raftlog=4c6a16c4-95d2-4ef7-9fc0-4f57ccbd9967@group-5FF82F29B6C0-SegmentedRaftLog:OPENED:c-1,f-1,i0, conf=-1: [4c6a16c4-95d2-4ef7-9fc0-4f57ccbd9967:192.168.5.131:39112, 742c26a8-c271-430a-a05a-c8bba3fa6d96:192.168.5.131:42235, a910346c-1ee2-4cdc-a6d8-644a3a4f0b7f:192.168.5.131:38193], old=null
2019-10-15 03:21:57,103 [4c6a16c4-95d2-4ef7-9fc0-4f57ccbd9967@group-5FF82F29B6C0-LeaderElection1283] INFO  impl.RaftServerImpl (RaftServerImpl.java:setRole(184)) - 4c6a16c4-95d2-4ef7-9fc0-4f57ccbd9967@group-5FF82F29B6C0: changes role from CANDIDATE to FOLLOWER at term 1331 for DISCOVERED_A_NEW_TERM
2019-10-15 03:21:57,104 [4c6a16c4-95d2-4ef7-9fc0-4f57ccbd9967@group-5FF82F29B6C0-LeaderElection1283] INFO  impl.RoleInfo (RoleInfo.java:shutdownLeaderElection(134)) - 4c6a16c4-95d2-4ef7-9fc0-4f57ccbd9967: shutdown LeaderElection
2019-10-15 03:21:57,104 [4c6a16c4-95d2-4ef7-9fc0-4f57ccbd9967@group-5FF82F29B6C0-LeaderElection1283] INFO  impl.RoleInfo (RoleInfo.java:updateAndGet(143)) - 4c6a16c4-95d2-4ef7-9fc0-4f57ccbd9967: start FollowerState
2019-10-15 03:21:57,232 [Thread-10591] INFO  impl.FollowerState (FollowerState.java:run(108)) - 4c6a16c4-95d2-4ef7-9fc0-4f57ccbd9967@group-5FF82F29B6C0-FollowerState: change to CANDIDATE, lastRpcTime:128ms, electionTimeout:128ms
2019-10-15 03:21:57,232 [Thread-10591] INFO  impl.RoleInfo (RoleInfo.java:shutdownFollowerState(121)) - 4c6a16c4-95d2-4ef7-9fc0-4f57ccbd9967: shutdown FollowerState
2019-10-15 03:21:57,232 [Thread-10591] INFO  impl.RaftServerImpl (RaftServerImpl.java:setRole(184)) - 4c6a16c4-95d2-4ef7-9fc0-4f57ccbd9967@group-5FF82F29B6C0: changes role from  FOLLOWER to CANDIDATE at term 1331 for changeToCandidate
2019-10-15 03:21:57,232 [Thread-10591] ERROR ratis.XceiverServerRatis (XceiverServerRatis.java:triggerPipelineClose(582)) - pipeline Action CLOSE  on pipeline PipelineID=e4bf9835-e697-42f6-b211-5ff82f29b6c0.Reason : 4c6a16c4-95d2-4ef7-9fc0-4f57ccbd9967 is in candidate state for 172132ms
2019-10-15 03:21:57,233 [Thread-10591] INFO  impl.RoleInfo (RoleInfo.java:updateAndGet(143)) - 4c6a16c4-95d2-4ef7-9fc0-4f57ccbd9967: start LeaderElection
2019-10-15 03:21:57,246 [4c6a16c4-95d2-4ef7-9fc0-4f57ccbd9967@group-5FF82F29B6C0-LeaderElection1284] INFO  impl.LeaderElection (LeaderElection.java:askForVotes(178)) - 4c6a16c4-95d2-4ef7-9fc0-4f57ccbd9967@group-5FF82F29B6C0-LeaderElection1284: begin an election at term 1332 for -1: [4c6a16c4-95d2-4ef7-9fc0-4f57ccbd9967:192.168.5.131:39112, 742c26a8-c271-430a-a05a-c8bba3fa6d96:192.168.5.131:42235, a910346c-1ee2-4cdc-a6d8-644a3a4f0b7f:192.168.5.131:38193], old=null
2019-10-15 03:21:57,248 [grpc-default-executor-4] INFO  impl.RaftServerImpl (RaftServerImpl.java:setRole(184)) - 742c26a8-c271-430a-a05a-c8bba3fa6d96@group-5FF82F29B6C0: changes role from  FOLLOWER to FOLLOWER at term 1332 for recognizeCandidate:4c6a16c4-95d2-4ef7-9fc0-4f57ccbd9967
2019-10-15 03:21:57,248 [grpc-default-executor-4] INFO  impl.RoleInfo (RoleInfo.java:shutdownFollowerState(121)) - 742c26a8-c271-430a-a05a-c8bba3fa6d96: shutdown FollowerState
2019-10-15 03:21:57,248 [grpc-default-executor-8] INFO  impl.RaftServerImpl (RaftServerImpl.java:setRole(184)) - a910346c-1ee2-4cdc-a6d8-644a3a4f0b7f@group-5FF82F29B6C0: changes role from  FOLLOWER to FOLLOWER at term 1332 for recognizeCandidate:4c6a16c4-95d2-4ef7-9fc0-4f57ccbd9967
2019-10-15 03:21:57,248 [Thread-10589] INFO  impl.FollowerState (FollowerState.java:run(117)) - 742c26a8-c271-430a-a05a-c8bba3fa6d96@group-5FF82F29B6C0-FollowerState was interrupted: java.lang.InterruptedException: sleep interrupted
2019-10-15 03:21:57,248 [grpc-default-executor-4] INFO  impl.RoleInfo (RoleInfo.java:updateAndGet(143)) - 742c26a8-c271-430a-a05a-c8bba3fa6d96: start FollowerState
2019-10-15 03:21:57,248 [grpc-default-executor-8] INFO  impl.RoleInfo (RoleInfo.java:shutdownFollowerState(121)) - a910346c-1ee2-4cdc-a6d8-644a3a4f0b7f: shutdown FollowerState
2019-10-15 03:21:57,249 [grpc-default-executor-8] INFO  impl.RoleInfo (RoleInfo.java:updateAndGet(143)) - a910346c-1ee2-4cdc-a6d8-644a3a4f0b7f: start FollowerState
2019-10-15 03:21:57,249 [Thread-10590] INFO  impl.FollowerState (FollowerState.java:run(117)) - a910346c-1ee2-4cdc-a6d8-644a3a4f0b7f@group-5FF82F29B6C0-FollowerState was interrupted: java.lang.InterruptedException: sleep interrupted
2019-10-15 03:21:57,263 [4c6a16c4-95d2-4ef7-9fc0-4f57ccbd9967@group-5FF82F29B6C0-LeaderElection1284] INFO  impl.LeaderElection (LeaderElection.java:logAndReturn(56)) - 4c6a16c4-95d2-4ef7-9fc0-4f57ccbd9967@group-5FF82F29B6C0-LeaderElection1284: Election REJECTED; received 2 response(s) [4c6a16c4-95d2-4ef7-9fc0-4f57ccbd9967<-742c26a8-c271-430a-a05a-c8bba3fa6d96#0:FAIL-t1332, 4c6a16c4-95d2-4ef7-9fc0-4f57ccbd9967<-a910346c-1ee2-4cdc-a6d8-644a3a4f0b7f#0:FAIL-t1332] and 0 exception(s); 4c6a16c4-95d2-4ef7-9fc0-4f57ccbd9967@group-5FF82F29B6C0:t1332, leader=null, voted=4c6a16c4-95d2-4ef7-9fc0-4f57ccbd9967, raftlog=4c6a16c4-95d2-4ef7-9fc0-4f57ccbd9967@group-5FF82F29B6C0-SegmentedRaftLog:OPENED:c-1,f-1,i0, conf=-1: [4c6a16c4-95d2-4ef7-9fc0-4f57ccbd9967:192.168.5.131:39112, 742c26a8-c271-430a-a05a-c8bba3fa6d96:192.168.5.131:42235, a910346c-1ee2-4cdc-a6d8-644a3a4f0b7f:192.168.5.131:38193], old=null
2019-10-15 03:21:57,264 [4c6a16c4-95d2-4ef7-9fc0-4f57ccbd9967@group-5FF82F29B6C0-LeaderElection1284] INFO  impl.RaftServerImpl (RaftServerImpl.java:setRole(184)) - 4c6a16c4-95d2-4ef7-9fc0-4f57ccbd9967@group-5FF82F29B6C0: changes role from CANDIDATE to FOLLOWER at term 1332 for DISCOVERED_A_NEW_TERM
2019-10-15 03:21:57,264 [4c6a16c4-95d2-4ef7-9fc0-4f57ccbd9967@group-5FF82F29B6C0-LeaderElection1284] INFO  impl.RoleInfo (RoleInfo.java:shutdownLeaderElection(134)) - 4c6a16c4-95d2-4ef7-9fc0-4f57ccbd9967: shutdown LeaderElection
2019-10-15 03:21:57,264 [4c6a16c4-95d2-4ef7-9fc0-4f57ccbd9967@group-5FF82F29B6C0-LeaderElection1284] INFO  impl.RoleInfo (RoleInfo.java:updateAndGet(143)) - 4c6a16c4-95d2-4ef7-9fc0-4f57ccbd9967: start FollowerState
2019-10-15 03:21:57,438 [Thread-10597] INFO  impl.FollowerState (FollowerState.java:run(108)) - 4c6a16c4-95d2-4ef7-9fc0-4f57ccbd9967@group-5FF82F29B6C0-FollowerState: change to CANDIDATE, lastRpcTime:174ms, electionTimeout:114ms
2019-10-15 03:21:57,439 [Thread-10597] INFO  impl.RoleInfo (RoleInfo.java:shutdownFollowerState(121)) - 4c6a16c4-95d2-4ef7-9fc0-4f57ccbd9967: shutdown FollowerState
2019-10-15 03:21:57,439 [Thread-10597] INFO  impl.RaftServerImpl (RaftServerImpl.java:setRole(184)) - 4c6a16c4-95d2-4ef7-9fc0-4f57ccbd9967@group-5FF82F29B6C0: changes role from  FOLLOWER to CANDIDATE at term 1332 for changeToCandidate
2019-10-15 03:21:57,439 [Thread-10597] ERROR ratis.XceiverServerRatis (XceiverServerRatis.java:triggerPipelineClose(582)) - pipeline Action CLOSE  on pipeline PipelineID=e4bf9835-e697-42f6-b211-5ff82f29b6c0.Reason : 4c6a16c4-95d2-4ef7-9fc0-4f57ccbd9967 is in candidate state for 172338ms
2019-10-15 03:21:57,439 [Thread-10597] INFO  impl.RoleInfo (RoleInfo.java:updateAndGet(143)) - 4c6a16c4-95d2-4ef7-9fc0-4f57ccbd9967: start LeaderElection
2019-10-15 03:21:57,461 [4c6a16c4-95d2-4ef7-9fc0-4f57ccbd9967@group-5FF82F29B6C0-LeaderElection1285] INFO  impl.LeaderElection (LeaderElection.java:askForVotes(178)) - 4c6a16c4-95d2-4ef7-9fc0-4f57ccbd9967@group-5FF82F29B6C0-LeaderElection1285: begin an election at term 1333 for -1: [4c6a16c4-95d2-4ef7-9fc0-4f57ccbd9967:192.168.5.131:39112, 742c26a8-c271-430a-a05a-c8bba3fa6d96:192.168.5.131:42235, a910346c-1ee2-4cdc-a6d8-644a3a4f0b7f:192.168.5.131:38193], old=null
2019-10-15 03:21:57,462 [grpc-default-executor-8] INFO  impl.RaftServerImpl (RaftServerImpl.java:setRole(184)) - 742c26a8-c271-430a-a05a-c8bba3fa6d96@group-5FF82F29B6C0: changes role from  FOLLOWER to FOLLOWER at term 1333 for recognizeCandidate:4c6a16c4-95d2-4ef7-9fc0-4f57ccbd9967
2019-10-15 03:21:57,462 [grpc-default-executor-4] INFO  impl.RaftServerImpl (RaftServerImpl.java:setRole(184)) - a910346c-1ee2-4cdc-a6d8-644a3a4f0b7f@group-5FF82F29B6C0: changes role from  FOLLOWER to FOLLOWER at term 1333 for recognizeCandidate:4c6a16c4-95d2-4ef7-9fc0-4f57ccbd9967
2019-10-15 03:21:57,463 [grpc-default-executor-8] INFO  impl.RoleInfo (RoleInfo.java:shutdownFollowerState(121)) - 742c26a8-c271-430a-a05a-c8bba3fa6d96: shutdown FollowerState
2019-10-15 03:21:57,463 [grpc-default-executor-4] INFO  impl.RoleInfo (RoleInfo.java:shutdownFollowerState(121)) - a910346c-1ee2-4cdc-a6d8-644a3a4f0b7f: shutdown FollowerState
2019-10-15 03:21:57,463 [Thread-10595] INFO  impl.FollowerState (FollowerState.java:run(117)) - 742c26a8-c271-430a-a05a-c8bba3fa6d96@group-5FF82F29B6C0-FollowerState was interrupted: java.lang.InterruptedException: sleep interrupted
2019-10-15 03:21:57,463 [grpc-default-executor-8] INFO  impl.RoleInfo (RoleInfo.java:updateAndGet(143)) - 742c26a8-c271-430a-a05a-c8bba3fa6d96: start FollowerState
2019-10-15 03:21:57,463 [grpc-default-executor-4] INFO  impl.RoleInfo (RoleInfo.java:updateAndGet(143)) - a910346c-1ee2-4cdc-a6d8-644a3a4f0b7f: start FollowerState
2019-10-15 03:21:57,463 [Thread-10596] INFO  impl.FollowerState (FollowerState.java:run(117)) - a910346c-1ee2-4cdc-a6d8-644a3a4f0b7f@group-5FF82F29B6C0-FollowerState was interrupted: java.lang.InterruptedException: sleep interrupted
2019-10-15 03:21:57,472 [4c6a16c4-95d2-4ef7-9fc0-4f57ccbd9967@group-5FF82F29B6C0-LeaderElection1285] INFO  impl.LeaderElection (LeaderElection.java:logAndReturn(56)) - 4c6a16c4-95d2-4ef7-9fc0-4f57ccbd9967@group-5FF82F29B6C0-LeaderElection1285: Election REJECTED; received 2 response(s) [4c6a16c4-95d2-4ef7-9fc0-4f57ccbd9967<-742c26a8-c271-430a-a05a-c8bba3fa6d96#0:FAIL-t1333, 4c6a16c4-95d2-4ef7-9fc0-4f57ccbd9967<-a910346c-1ee2-4cdc-a6d8-644a3a4f0b7f#0:FAIL-t1333] and 0 exception(s); 4c6a16c4-95d2-4ef7-9fc0-4f57ccbd9967@group-5FF82F29B6C0:t1333, leader=null, voted=4c6a16c4-95d2-4ef7-9fc0-4f57ccbd9967, raftlog=4c6a16c4-95d2-4ef7-9fc0-4f57ccbd9967@group-5FF82F29B6C0-SegmentedRaftLog:OPENED:c-1,f-1,i0, conf=-1: [4c6a16c4-95d2-4ef7-9fc0-4f57ccbd9967:192.168.5.131:39112, 742c26a8-c271-430a-a05a-c8bba3fa6d96:192.168.5.131:42235, a910346c-1ee2-4cdc-a6d8-644a3a4f0b7f:192.168.5.131:38193], old=null
2019-10-15 03:21:57,472 [4c6a16c4-95d2-4ef7-9fc0-4f57ccbd9967@group-5FF82F29B6C0-LeaderElection1285] INFO  impl.RaftServerImpl (RaftServerImpl.java:setRole(184)) - 4c6a16c4-95d2-4ef7-9fc0-4f57ccbd9967@group-5FF82F29B6C0: changes role from CANDIDATE to FOLLOWER at term 1333 for DISCOVERED_A_NEW_TERM
2019-10-15 03:21:57,472 [4c6a16c4-95d2-4ef7-9fc0-4f57ccbd9967@group-5FF82F29B6C0-LeaderElection1285] INFO  impl.RoleInfo (RoleInfo.java:shutdownLeaderElection(134)) - 4c6a16c4-95d2-4ef7-9fc0-4f57ccbd9967: shutdown LeaderElection
2019-10-15 03:21:57,472 [4c6a16c4-95d2-4ef7-9fc0-4f57ccbd9967@group-5FF82F29B6C0-LeaderElection1285] INFO  impl.RoleInfo (RoleInfo.java:updateAndGet(143)) - 4c6a16c4-95d2-4ef7-9fc0-4f57ccbd9967: start FollowerState
2019-10-15 03:21:57,651 [Thread-10603] INFO  impl.FollowerState (FollowerState.java:run(108)) - 4c6a16c4-95d2-4ef7-9fc0-4f57ccbd9967@group-5FF82F29B6C0-FollowerState: change to CANDIDATE, lastRpcTime:179ms, electionTimeout:179ms
2019-10-15 03:21:57,652 [Thread-10603] INFO  impl.RoleInfo (RoleInfo.java:shutdownFollowerState(121)) - 4c6a16c4-95d2-4ef7-9fc0-4f57ccbd9967: shutdown FollowerState
2019-10-15 03:21:57,652 [Thread-10603] INFO  impl.RaftServerImpl (RaftServerImpl.java:setRole(184)) - 4c6a16c4-95d2-4ef7-9fc0-4f57ccbd9967@group-5FF82F29B6C0: changes role from  FOLLOWER to CANDIDATE at term 1333 for changeToCandidate
2019-10-15 03:21:57,652 [Thread-10603] ERROR ratis.XceiverServerRatis (XceiverServerRatis.java:triggerPipelineClose(582)) - pipeline Action CLOSE  on pipeline PipelineID=e4bf9835-e697-42f6-b211-5ff82f29b6c0.Reason : 4c6a16c4-95d2-4ef7-9fc0-4f57ccbd9967 is in candidate state for 172551ms
2019-10-15 03:21:57,652 [Thread-10603] INFO  impl.RoleInfo (RoleInfo.java:updateAndGet(143)) - 4c6a16c4-95d2-4ef7-9fc0-4f57ccbd9967: start LeaderElection
2019-10-15 03:21:57,666 [4c6a16c4-95d2-4ef7-9fc0-4f57ccbd9967@group-5FF82F29B6C0-LeaderElection1286] INFO  impl.LeaderElection (LeaderElection.java:askForVotes(178)) - 4c6a16c4-95d2-4ef7-9fc0-4f57ccbd9967@group-5FF82F29B6C0-LeaderElection1286: begin an election at term 1334 for -1: [4c6a16c4-95d2-4ef7-9fc0-4f57ccbd9967:192.168.5.131:39112, 742c26a8-c271-430a-a05a-c8bba3fa6d96:192.168.5.131:42235, a910346c-1ee2-4cdc-a6d8-644a3a4f0b7f:192.168.5.131:38193], old=null
2019-10-15 03:21:57,667 [grpc-default-executor-4] INFO  impl.RaftServerImpl (RaftServerImpl.java:setRole(184)) - 742c26a8-c271-430a-a05a-c8bba3fa6d96@group-5FF82F29B6C0: changes role from  FOLLOWER to FOLLOWER at term 1334 for recognizeCandidate:4c6a16c4-95d2-4ef7-9fc0-4f57ccbd9967
2019-10-15 03:21:57,667 [grpc-default-executor-4] INFO  impl.RoleInfo (RoleInfo.java:shutdownFollowerState(121)) - 742c26a8-c271-430a-a05a-c8bba3fa6d96: shutdown FollowerState
2019-10-15 03:21:57,667 [grpc-default-executor-8] INFO  impl.RaftServerImpl (RaftServerImpl.java:setRole(184)) - a910346c-1ee2-4cdc-a6d8-644a3a4f0b7f@group-5FF82F29B6C0: changes role from  FOLLOWER to FOLLOWER at term 1334 for recognizeCandidate:4c6a16c4-95d2-4ef7-9fc0-4f57ccbd9967
2019-10-15 03:21:57,668 [Thread-10601] INFO  impl.FollowerState (FollowerState.java:run(117)) - 742c26a8-c271-430a-a05a-c8bba3fa6d96@group-5FF82F29B6C0-FollowerState was interrupted: java.lang.InterruptedException: sleep interrupted
2019-10-15 03:21:57,668 [grpc-default-executor-4] INFO  impl.RoleInfo (RoleInfo.java:updateAndGet(143)) - 742c26a8-c271-430a-a05a-c8bba3fa6d96: start FollowerState
2019-10-15 03:21:57,668 [grpc-default-executor-8] INFO  impl.RoleInfo (RoleInfo.java:shutdownFollowerState(121)) - a910346c-1ee2-4cdc-a6d8-644a3a4f0b7f: shutdown FollowerState
2019-10-15 03:21:57,668 [grpc-default-executor-8] INFO  impl.RoleInfo (RoleInfo.java:updateAndGet(143)) - a910346c-1ee2-4cdc-a6d8-644a3a4f0b7f: start FollowerState
2019-10-15 03:21:57,668 [Thread-10602] INFO  impl.FollowerState (FollowerState.java:run(117)) - a910346c-1ee2-4cdc-a6d8-644a3a4f0b7f@group-5FF82F29B6C0-FollowerState was interrupted: java.lang.InterruptedException: sleep interrupted
2019-10-15 03:21:57,682 [4c6a16c4-95d2-4ef7-9fc0-4f57ccbd9967@group-5FF82F29B6C0-LeaderElection1286] INFO  impl.LeaderElection (LeaderElection.java:logAndReturn(56)) - 4c6a16c4-95d2-4ef7-9fc0-4f57ccbd9967@group-5FF82F29B6C0-LeaderElection1286: Election REJECTED; received 2 response(s) [4c6a16c4-95d2-4ef7-9fc0-4f57ccbd9967<-742c26a8-c271-430a-a05a-c8bba3fa6d96#0:FAIL-t1334, 4c6a16c4-95d2-4ef7-9fc0-4f57ccbd9967<-a910346c-1ee2-4cdc-a6d8-644a3a4f0b7f#0:FAIL-t1334] and 0 exception(s); 4c6a16c4-95d2-4ef7-9fc0-4f57ccbd9967@group-5FF82F29B6C0:t1334, leader=null, voted=4c6a16c4-95d2-4ef7-9fc0-4f57ccbd9967, raftlog=4c6a16c4-95d2-4ef7-9fc0-4f57ccbd9967@group-5FF82F29B6C0-SegmentedRaftLog:OPENED:c-1,f-1,i0, conf=-1: [4c6a16c4-95d2-4ef7-9fc0-4f57ccbd9967:192.168.5.131:39112, 742c26a8-c271-430a-a05a-c8bba3fa6d96:192.168.5.131:42235, a910346c-1ee2-4cdc-a6d8-644a3a4f0b7f:192.168.5.131:38193], old=null
2019-10-15 03:21:57,682 [4c6a16c4-95d2-4ef7-9fc0-4f57ccbd9967@group-5FF82F29B6C0-LeaderElection1286] INFO  impl.RaftServerImpl (RaftServerImpl.java:setRole(184)) - 4c6a16c4-95d2-4ef7-9fc0-4f57ccbd9967@group-5FF82F29B6C0: changes role from CANDIDATE to FOLLOWER at term 1334 for DISCOVERED_A_NEW_TERM
2019-10-15 03:21:57,682 [4c6a16c4-95d2-4ef7-9fc0-4f57ccbd9967@group-5FF82F29B6C0-LeaderElection1286] INFO  impl.RoleInfo (RoleInfo.java:shutdownLeaderElection(134)) - 4c6a16c4-95d2-4ef7-9fc0-4f57ccbd9967: shutdown LeaderElection
2019-10-15 03:21:57,682 [4c6a16c4-95d2-4ef7-9fc0-4f57ccbd9967@group-5FF82F29B6C0-LeaderElection1286] INFO  impl.RoleInfo (RoleInfo.java:updateAndGet(143)) - 4c6a16c4-95d2-4ef7-9fc0-4f57ccbd9967: start FollowerState
2019-10-15 03:21:57,827 [Thread-10611] INFO  impl.FollowerState (FollowerState.java:run(108)) - 4c6a16c4-95d2-4ef7-9fc0-4f57ccbd9967@group-5FF82F29B6C0-FollowerState: change to CANDIDATE, lastRpcTime:144ms, electionTimeout:144ms
2019-10-15 03:21:57,827 [Thread-10611] INFO  impl.RoleInfo (RoleInfo.java:shutdownFollowerState(121)) - 4c6a16c4-95d2-4ef7-9fc0-4f57ccbd9967: shutdown FollowerState
2019-10-15 03:21:57,827 [Thread-10611] INFO  impl.RaftServerImpl (RaftServerImpl.java:setRole(184)) - 4c6a16c4-95d2-4ef7-9fc0-4f57ccbd9967@group-5FF82F29B6C0: changes role from  FOLLOWER to CANDIDATE at term 1334 for changeToCandidate
2019-10-15 03:21:57,827 [Thread-10611] ERROR ratis.XceiverServerRatis (XceiverServerRatis.java:triggerPipelineClose(582)) - pipeline Action CLOSE  on pipeline PipelineID=e4bf9835-e697-42f6-b211-5ff82f29b6c0.Reason : 4c6a16c4-95d2-4ef7-9fc0-4f57ccbd9967 is in candidate state for 172727ms
2019-10-15 03:21:57,827 [Thread-10611] INFO  impl.RoleInfo (RoleInfo.java:updateAndGet(143)) - 4c6a16c4-95d2-4ef7-9fc0-4f57ccbd9967: start LeaderElection
2019-10-15 03:21:57,838 [4c6a16c4-95d2-4ef7-9fc0-4f57ccbd9967@group-5FF82F29B6C0-LeaderElection1287] INFO  impl.LeaderElection (LeaderElection.java:askForVotes(178)) - 4c6a16c4-95d2-4ef7-9fc0-4f57ccbd9967@group-5FF82F29B6C0-LeaderElection1287: begin an election at term 1335 for -1: [4c6a16c4-95d2-4ef7-9fc0-4f57ccbd9967:192.168.5.131:39112, 742c26a8-c271-430a-a05a-c8bba3fa6d96:192.168.5.131:42235, a910346c-1ee2-4cdc-a6d8-644a3a4f0b7f:192.168.5.131:38193], old=null
2019-10-15 03:21:57,839 [grpc-default-executor-4] INFO  impl.RaftServerImpl (RaftServerImpl.java:setRole(184)) - 742c26a8-c271-430a-a05a-c8bba3fa6d96@group-5FF82F29B6C0: changes role from  FOLLOWER to FOLLOWER at term 1335 for recognizeCandidate:4c6a16c4-95d2-4ef7-9fc0-4f57ccbd9967
2019-10-15 03:21:57,839 [grpc-default-executor-8] INFO  impl.RaftServerImpl (RaftServerImpl.java:setRole(184)) - a910346c-1ee2-4cdc-a6d8-644a3a4f0b7f@group-5FF82F29B6C0: changes role from  FOLLOWER to FOLLOWER at term 1335 for recognizeCandidate:4c6a16c4-95d2-4ef7-9fc0-4f57ccbd9967
2019-10-15 03:21:57,839 [grpc-default-executor-4] INFO  impl.RoleInfo (RoleInfo.java:shutdownFollowerState(121)) - 742c26a8-c271-430a-a05a-c8bba3fa6d96: shutdown FollowerState
2019-10-15 03:21:57,840 [grpc-default-executor-8] INFO  impl.RoleInfo (RoleInfo.java:shutdownFollowerState(121)) - a910346c-1ee2-4cdc-a6d8-644a3a4f0b7f: shutdown FollowerState
2019-10-15 03:21:57,840 [Thread-10609] INFO  impl.FollowerState (FollowerState.java:run(117)) - 742c26a8-c271-430a-a05a-c8bba3fa6d96@group-5FF82F29B6C0-FollowerState was interrupted: java.lang.InterruptedException: sleep interrupted
2019-10-15 03:21:57,840 [grpc-default-executor-4] INFO  impl.RoleInfo (RoleInfo.java:updateAndGet(143)) - 742c26a8-c271-430a-a05a-c8bba3fa6d96: start FollowerState
2019-10-15 03:21:57,840 [Thread-10610] INFO  impl.FollowerState (FollowerState.java:run(117)) - a910346c-1ee2-4cdc-a6d8-644a3a4f0b7f@group-5FF82F29B6C0-FollowerState was interrupted: java.lang.InterruptedException: sleep interrupted
2019-10-15 03:21:57,840 [grpc-default-executor-8] INFO  impl.RoleInfo (RoleInfo.java:updateAndGet(143)) - a910346c-1ee2-4cdc-a6d8-644a3a4f0b7f: start FollowerState
2019-10-15 03:21:57,854 [4c6a16c4-95d2-4ef7-9fc0-4f57ccbd9967@group-5FF82F29B6C0-LeaderElection1287] INFO  impl.LeaderElection (LeaderElection.java:logAndReturn(56)) - 4c6a16c4-95d2-4ef7-9fc0-4f57ccbd9967@group-5FF82F29B6C0-LeaderElection1287: Election REJECTED; received 2 response(s) [4c6a16c4-95d2-4ef7-9fc0-4f57ccbd9967<-742c26a8-c271-430a-a05a-c8bba3fa6d96#0:FAIL-t1335, 4c6a16c4-95d2-4ef7-9fc0-4f57ccbd9967<-a910346c-1ee2-4cdc-a6d8-644a3a4f0b7f#0:FAIL-t1335] and 0 exception(s); 4c6a16c4-95d2-4ef7-9fc0-4f57ccbd9967@group-5FF82F29B6C0:t1335, leader=null, voted=4c6a16c4-95d2-4ef7-9fc0-4f57ccbd9967, raftlog=4c6a16c4-95d2-4ef7-9fc0-4f57ccbd9967@group-5FF82F29B6C0-SegmentedRaftLog:OPENED:c-1,f-1,i0, conf=-1: [4c6a16c4-95d2-4ef7-9fc0-4f57ccbd9967:192.168.5.131:39112, 742c26a8-c271-430a-a05a-c8bba3fa6d96:192.168.5.131:42235, a910346c-1ee2-4cdc-a6d8-644a3a4f0b7f:192.168.5.131:38193], old=null
2019-10-15 03:21:57,854 [4c6a16c4-95d2-4ef7-9fc0-4f57ccbd9967@group-5FF82F29B6C0-LeaderElection1287] INFO  impl.RaftServerImpl (RaftServerImpl.java:setRole(184)) - 4c6a16c4-95d2-4ef7-9fc0-4f57ccbd9967@group-5FF82F29B6C0: changes role from CANDIDATE to FOLLOWER at term 1335 for DISCOVERED_A_NEW_TERM
2019-10-15 03:21:57,855 [4c6a16c4-95d2-4ef7-9fc0-4f57ccbd9967@group-5FF82F29B6C0-LeaderElection1287] INFO  impl.RoleInfo (RoleInfo.java:shutdownLeaderElection(134)) - 4c6a16c4-95d2-4ef7-9fc0-4f57ccbd9967: shutdown LeaderElection
2019-10-15 03:21:57,855 [4c6a16c4-95d2-4ef7-9fc0-4f57ccbd9967@group-5FF82F29B6C0-LeaderElection1287] INFO  impl.RoleInfo (RoleInfo.java:updateAndGet(143)) - 4c6a16c4-95d2-4ef7-9fc0-4f57ccbd9967: start FollowerState
2019-10-15 03:21:57,991 [EventQueue-PipelineActionsForPipelineActionHandler] ERROR pipeline.PipelineActionHandler (PipelineActionHandler.java:onMessage(60)) - Received pipeline action CLOSE for Pipeline[ Id: e4bf9835-e697-42f6-b211-5ff82f29b6c0, Nodes: a910346c-1ee2-4cdc-a6d8-644a3a4f0b7f{ip: 192.168.5.131, host: pr-hdds-2305-c92ks-1629580955, networkLocation: /default-rack, certSerialId: null}742c26a8-c271-430a-a05a-c8bba3fa6d96{ip: 192.168.5.131, host: pr-hdds-2305-c92ks-1629580955, networkLocation: /default-rack, certSerialId: null}4c6a16c4-95d2-4ef7-9fc0-4f57ccbd9967{ip: 192.168.5.131, host: pr-hdds-2305-c92ks-1629580955, networkLocation: /default-rack, certSerialId: null}, Type:RATIS, Factor:THREE, State:CLOSED] from datanode 4c6a16c4-95d2-4ef7-9fc0-4f57ccbd9967{ip: 192.168.5.131, host: pr-hdds-2305-c92ks-1629580955, networkLocation: /default-rack, certSerialId: null}. Reason : 4c6a16c4-95d2-4ef7-9fc0-4f57ccbd9967 is in candidate state for 171973ms
2019-10-15 03:21:57,992 [EventQueue-PipelineActionsForPipelineActionHandler] INFO  pipeline.SCMPipelineManager (SCMPipelineManager.java:finalizeAndDestroyPipeline(315)) - destroying pipeline:Pipeline[ Id: e4bf9835-e697-42f6-b211-5ff82f29b6c0, Nodes: a910346c-1ee2-4cdc-a6d8-644a3a4f0b7f{ip: 192.168.5.131, host: pr-hdds-2305-c92ks-1629580955, networkLocation: /default-rack, certSerialId: null}742c26a8-c271-430a-a05a-c8bba3fa6d96{ip: 192.168.5.131, host: pr-hdds-2305-c92ks-1629580955, networkLocation: /default-rack, certSerialId: null}4c6a16c4-95d2-4ef7-9fc0-4f57ccbd9967{ip: 192.168.5.131, host: pr-hdds-2305-c92ks-1629580955, networkLocation: /default-rack, certSerialId: null}, Type:RATIS, Factor:THREE, State:CLOSED]
2019-10-15 03:21:58,004 [Thread-10617] INFO  impl.FollowerState (FollowerState.java:run(108)) - 4c6a16c4-95d2-4ef7-9fc0-4f57ccbd9967@group-5FF82F29B6C0-FollowerState: change to CANDIDATE, lastRpcTime:149ms, electionTimeout:149ms
2019-10-15 03:21:58,004 [Thread-10617] INFO  impl.RoleInfo (RoleInfo.java:shutdownFollowerState(121)) - 4c6a16c4-95d2-4ef7-9fc0-4f57ccbd9967: shutdown FollowerState
2019-10-15 03:21:58,004 [Thread-10617] INFO  impl.RaftServerImpl (RaftServerImpl.java:setRole(184)) - 4c6a16c4-95d2-4ef7-9fc0-4f57ccbd9967@group-5FF82F29B6C0: changes role from  FOLLOWER to CANDIDATE at term 1335 for changeToCandidate
2019-10-15 03:21:58,005 [Thread-10617] ERROR ratis.XceiverServerRatis (XceiverServerRatis.java:triggerPipelineClose(582)) - pipeline Action CLOSE  on pipeline PipelineID=e4bf9835-e697-42f6-b211-5ff82f29b6c0.Reason : 4c6a16c4-95d2-4ef7-9fc0-4f57ccbd9967 is in candidate state for 172904ms
2019-10-15 03:21:58,005 [Thread-10617] INFO  impl.RoleInfo (RoleInfo.java:updateAndGet(143)) - 4c6a16c4-95d2-4ef7-9fc0-4f57ccbd9967: start LeaderElection
2019-10-15 03:21:58,018 [4c6a16c4-95d2-4ef7-9fc0-4f57ccbd9967@group-5FF82F29B6C0-LeaderElection1288] INFO  impl.LeaderElection (LeaderElection.java:askForVotes(178)) - 4c6a16c4-95d2-4ef7-9fc0-4f57ccbd9967@group-5FF82F29B6C0-LeaderElection1288: begin an election at term 1336 for -1: [4c6a16c4-95d2-4ef7-9fc0-4f57ccbd9967:192.168.5.131:39112, 742c26a8-c271-430a-a05a-c8bba3fa6d96:192.168.5.131:42235, a910346c-1ee2-4cdc-a6d8-644a3a4f0b7f:192.168.5.131:38193], old=null
2019-10-15 03:21:58,019 [grpc-default-executor-4] INFO  impl.RaftServerImpl (RaftServerImpl.java:setRole(184)) - 742c26a8-c271-430a-a05a-c8bba3fa6d96@group-5FF82F29B6C0: changes role from  FOLLOWER to FOLLOWER at term 1336 for recognizeCandidate:4c6a16c4-95d2-4ef7-9fc0-4f57ccbd9967
2019-10-15 03:21:58,019 [grpc-default-executor-8] INFO  impl.RaftServerImpl (RaftServerImpl.java:setRole(184)) - a910346c-1ee2-4cdc-a6d8-644a3a4f0b7f@group-5FF82F29B6C0: changes role from  FOLLOWER to FOLLOWER at term 1336 for recognizeCandidate:4c6a16c4-95d2-4ef7-9fc0-4f57ccbd9967
2019-10-15 03:21:58,019 [grpc-default-executor-4] INFO  impl.RoleInfo (RoleInfo.java:shutdownFollowerState(121)) - 742c26a8-c271-430a-a05a-c8bba3fa6d96: shutdown FollowerState
2019-10-15 03:21:58,019 [grpc-default-executor-8] INFO  impl.RoleInfo (RoleInfo.java:shutdownFollowerState(121)) - a910346c-1ee2-4cdc-a6d8-644a3a4f0b7f: shutdown FollowerState
2019-10-15 03:21:58,020 [Thread-10615] INFO  impl.FollowerState (FollowerState.java:run(117)) - 742c26a8-c271-430a-a05a-c8bba3fa6d96@group-5FF82F29B6C0-FollowerState was interrupted: java.lang.InterruptedException: sleep interrupted
2019-10-15 03:21:58,020 [grpc-default-executor-4] INFO  impl.RoleInfo (RoleInfo.java:updateAndGet(143)) - 742c26a8-c271-430a-a05a-c8bba3fa6d96: start FollowerState
2019-10-15 03:21:58,020 [Thread-10616] INFO  impl.FollowerState (FollowerState.java:run(117)) - a910346c-1ee2-4cdc-a6d8-644a3a4f0b7f@group-5FF82F29B6C0-FollowerState was interrupted: java.lang.InterruptedException: sleep interrupted
2019-10-15 03:21:58,020 [grpc-default-executor-8] INFO  impl.RoleInfo (RoleInfo.java:updateAndGet(143)) - a910346c-1ee2-4cdc-a6d8-644a3a4f0b7f: start FollowerState
2019-10-15 03:21:58,033 [4c6a16c4-95d2-4ef7-9fc0-4f57ccbd9967@group-5FF82F29B6C0-LeaderElection1288] INFO  impl.LeaderElection (LeaderElection.java:logAndReturn(56)) - 4c6a16c4-95d2-4ef7-9fc0-4f57ccbd9967@group-5FF82F29B6C0-LeaderElection1288: Election REJECTED; received 2 response(s) [4c6a16c4-95d2-4ef7-9fc0-4f57ccbd9967<-742c26a8-c271-430a-a05a-c8bba3fa6d96#0:FAIL-t1336, 4c6a16c4-95d2-4ef7-9fc0-4f57ccbd9967<-a910346c-1ee2-4cdc-a6d8-644a3a4f0b7f#0:FAIL-t1336] and 0 exception(s); 4c6a16c4-95d2-4ef7-9fc0-4f57ccbd9967@group-5FF82F29B6C0:t1336, leader=null, voted=4c6a16c4-95d2-4ef7-9fc0-4f57ccbd9967, raftlog=4c6a16c4-95d2-4ef7-9fc0-4f57ccbd9967@group-5FF82F29B6C0-SegmentedRaftLog:OPENED:c-1,f-1,i0, conf=-1: [4c6a16c4-95d2-4ef7-9fc0-4f57ccbd9967:192.168.5.131:39112, 742c26a8-c271-430a-a05a-c8bba3fa6d96:192.168.5.131:42235, a910346c-1ee2-4cdc-a6d8-644a3a4f0b7f:192.168.5.131:38193], old=null
2019-10-15 03:21:58,033 [4c6a16c4-95d2-4ef7-9fc0-4f57ccbd9967@group-5FF82F29B6C0-LeaderElection1288] INFO  impl.RaftServerImpl (RaftServerImpl.java:setRole(184)) - 4c6a16c4-95d2-4ef7-9fc0-4f57ccbd9967@group-5FF82F29B6C0: changes role from CANDIDATE to FOLLOWER at term 1336 for DISCOVERED_A_NEW_TERM
2019-10-15 03:21:58,033 [4c6a16c4-95d2-4ef7-9fc0-4f57ccbd9967@group-5FF82F29B6C0-LeaderElection1288] INFO  impl.RoleInfo (RoleInfo.java:shutdownLeaderElection(134)) - 4c6a16c4-95d2-4ef7-9fc0-4f57ccbd9967: shutdown LeaderElection
2019-10-15 03:21:58,034 [4c6a16c4-95d2-4ef7-9fc0-4f57ccbd9967@group-5FF82F29B6C0-LeaderElection1288] INFO  impl.RoleInfo (RoleInfo.java:updateAndGet(143)) - 4c6a16c4-95d2-4ef7-9fc0-4f57ccbd9967: start FollowerState
2019-10-15 03:21:58,167 [main] INFO  ozoneimpl.OzoneContainer (OzoneContainer.java:stop(227)) - Attempting to stop container services.
2019-10-15 03:21:58,168 [main] INFO  impl.RaftServerProxy (RaftServerProxy.java:lambda$close$4(314)) - 2e087e40-613e-4b42-9ae6-f6bb8282a9c9: close
2019-10-15 03:21:58,168 [main] INFO  impl.RaftServerImpl (RaftServerImpl.java:lambda$shutdown$3(261)) - 2e087e40-613e-4b42-9ae6-f6bb8282a9c9@group-EFCC1E2C4B0E: shutdown
2019-10-15 03:21:58,169 [main] INFO  util.JmxRegister (JmxRegister.java:unregister(73)) - Successfully un-registered JMX Bean with object name Ratis:service=RaftServer,group=group-EFCC1E2C4B0E,id=2e087e40-613e-4b42-9ae6-f6bb8282a9c9
2019-10-15 03:21:58,169 [main] INFO  impl.RoleInfo (RoleInfo.java:shutdownLeaderState(104)) - 2e087e40-613e-4b42-9ae6-f6bb8282a9c9: shutdown LeaderState
2019-10-15 03:21:58,169 [main] INFO  impl.PendingRequests (PendingRequests.java:sendNotLeaderResponses(202)) - 2e087e40-613e-4b42-9ae6-f6bb8282a9c9@group-EFCC1E2C4B0E-PendingRequests: sendNotLeaderResponses
2019-10-15 03:21:58,170 [main] INFO  impl.StateMachineUpdater (StateMachineUpdater.java:stopAndJoin(136)) - 2e087e40-613e-4b42-9ae6-f6bb8282a9c9@group-EFCC1E2C4B0E-StateMachineUpdater: set stopIndex = 0
2019-10-15 03:21:58,170 [main] INFO  impl.RaftServerImpl (ServerState.java:close(388)) - 2e087e40-613e-4b42-9ae6-f6bb8282a9c9@group-EFCC1E2C4B0E: closes. applyIndex: 0
2019-10-15 03:21:58,170 [2e087e40-613e-4b42-9ae6-f6bb8282a9c9@group-EFCC1E2C4B0E-SegmentedRaftLogWorker] INFO  segmented.SegmentedRaftLogWorker (SegmentedRaftLogWorker.java:run(316)) - 2e087e40-613e-4b42-9ae6-f6bb8282a9c9@group-EFCC1E2C4B0E-SegmentedRaftLogWorker was interrupted, exiting. There are 0 tasks remaining in the queue.
2019-10-15 03:21:58,177 [main] INFO  segmented.SegmentedRaftLogWorker (SegmentedRaftLogWorker.java:close(224)) - 2e087e40-613e-4b42-9ae6-f6bb8282a9c9@group-EFCC1E2C4B0E-SegmentedRaftLogWorker close()
2019-10-15 03:21:58,186 [main] INFO  impl.RaftServerImpl (RaftServerImpl.java:lambda$shutdown$3(261)) - 2e087e40-613e-4b42-9ae6-f6bb8282a9c9@group-430C8F2242CE: shutdown
2019-10-15 03:21:58,186 [main] INFO  util.JmxRegister (JmxRegister.java:unregister(73)) - Successfully un-registered JMX Bean with object name Ratis:service=RaftServer,group=group-430C8F2242CE,id=2e087e40-613e-4b42-9ae6-f6bb8282a9c9
2019-10-15 03:21:58,187 [main] INFO  impl.RoleInfo (RoleInfo.java:shutdownFollowerState(121)) - 2e087e40-613e-4b42-9ae6-f6bb8282a9c9: shutdown FollowerState
2019-10-15 03:21:58,187 [main] INFO  impl.StateMachineUpdater (StateMachineUpdater.java:stopAndJoin(136)) - 2e087e40-613e-4b42-9ae6-f6bb8282a9c9@group-430C8F2242CE-StateMachineUpdater: set stopIndex = 2
2019-10-15 03:21:58,187 [2e087e40-613e-4b42-9ae6-f6bb8282a9c9@group-430C8F2242CE-StateMachineUpdater] INFO  ratis.ContainerStateMachine (ContainerStateMachine.java:takeSnapshot(294)) - group-430C8F2242CE: Taking a snapshot at:(t:1, i:1) file /workdir/hadoop-ozone/integration-test/target/test-dir/MiniOzoneClusterImpl-0445134e-5ee1-47c2-9f3a-343f5ba53be4/datanode-0/data/ratis/6dd53132-05cf-4d09-96e4-430c8f2242ce/sm/snapshot.1_1
2019-10-15 03:21:58,187 [Thread-10285] INFO  impl.FollowerState (FollowerState.java:run(117)) - 2e087e40-613e-4b42-9ae6-f6bb8282a9c9@group-430C8F2242CE-FollowerState was interrupted: java.lang.InterruptedException: sleep interrupted
2019-10-15 03:21:58,190 [Thread-10623] INFO  impl.FollowerState (FollowerState.java:run(108)) - 4c6a16c4-95d2-4ef7-9fc0-4f57ccbd9967@group-5FF82F29B6C0-FollowerState: change to CANDIDATE, lastRpcTime:156ms, electionTimeout:156ms
2019-10-15 03:21:58,190 [Thread-10623] INFO  impl.RoleInfo (RoleInfo.java:shutdownFollowerState(121)) - 4c6a16c4-95d2-4ef7-9fc0-4f57ccbd9967: shutdown FollowerState
2019-10-15 03:21:58,190 [Thread-10623] INFO  impl.RaftServerImpl (RaftServerImpl.java:setRole(184)) - 4c6a16c4-95d2-4ef7-9fc0-4f57ccbd9967@group-5FF82F29B6C0: changes role from  FOLLOWER to CANDIDATE at term 1336 for changeToCandidate
2019-10-15 03:21:58,190 [Thread-10623] ERROR ratis.XceiverServerRatis (XceiverServerRatis.java:triggerPipelineClose(582)) - pipeline Action CLOSE  on pipeline PipelineID=e4bf9835-e697-42f6-b211-5ff82f29b6c0.Reason : 4c6a16c4-95d2-4ef7-9fc0-4f57ccbd9967 is in candidate state for 173089ms
2019-10-15 03:21:58,190 [Thread-10623] INFO  impl.RoleInfo (RoleInfo.java:updateAndGet(143)) - 4c6a16c4-95d2-4ef7-9fc0-4f57ccbd9967: start LeaderElection
2019-10-15 03:21:58,209 [2e087e40-613e-4b42-9ae6-f6bb8282a9c9@group-430C8F2242CE-StateMachineUpdater] INFO  ratis.ContainerStateMachine (ContainerStateMachine.java:takeSnapshot(305)) - group-430C8F2242CE: Finished taking a snapshot at:(t:1, i:1) file:/workdir/hadoop-ozone/integration-test/target/test-dir/MiniOzoneClusterImpl-0445134e-5ee1-47c2-9f3a-343f5ba53be4/datanode-0/data/ratis/6dd53132-05cf-4d09-96e4-430c8f2242ce/sm/snapshot.1_1 time:22
2019-10-15 03:21:58,209 [4c6a16c4-95d2-4ef7-9fc0-4f57ccbd9967@group-5FF82F29B6C0-LeaderElection1289] INFO  impl.LeaderElection (LeaderElection.java:askForVotes(178)) - 4c6a16c4-95d2-4ef7-9fc0-4f57ccbd9967@group-5FF82F29B6C0-LeaderElection1289: begin an election at term 1337 for -1: [4c6a16c4-95d2-4ef7-9fc0-4f57ccbd9967:192.168.5.131:39112, 742c26a8-c271-430a-a05a-c8bba3fa6d96:192.168.5.131:42235, a910346c-1ee2-4cdc-a6d8-644a3a4f0b7f:192.168.5.131:38193], old=null
2019-10-15 03:21:58,209 [2e087e40-613e-4b42-9ae6-f6bb8282a9c9@group-430C8F2242CE-StateMachineUpdater] INFO  impl.StateMachineUpdater (StateMachineUpdater.java:takeSnapshot(269)) - 2e087e40-613e-4b42-9ae6-f6bb8282a9c9@group-430C8F2242CE-StateMachineUpdater: Took a snapshot at index 1
2019-10-15 03:21:58,209 [2e087e40-613e-4b42-9ae6-f6bb8282a9c9@group-430C8F2242CE-StateMachineUpdater] INFO  impl.StateMachineUpdater (StateMachineUpdater.java:lambda$new$0(84)) - 2e087e40-613e-4b42-9ae6-f6bb8282a9c9@group-430C8F2242CE-StateMachineUpdater: snapshotIndex: updateIncreasingly -1 -> 1
2019-10-15 03:21:58,210 [2e087e40-613e-4b42-9ae6-f6bb8282a9c9@group-430C8F2242CE-StateMachineUpdater] INFO  ratis.ContainerStateMachine (ContainerStateMachine.java:takeSnapshot(294)) - group-430C8F2242CE: Taking a snapshot at:(t:1, i:1) file /workdir/hadoop-ozone/integration-test/target/test-dir/MiniOzoneClusterImpl-0445134e-5ee1-47c2-9f3a-343f5ba53be4/datanode-0/data/ratis/6dd53132-05cf-4d09-96e4-430c8f2242ce/sm/snapshot.1_1
2019-10-15 03:21:58,210 [grpc-default-executor-8] INFO  impl.RaftServerImpl (RaftServerImpl.java:setRole(184)) - 742c26a8-c271-430a-a05a-c8bba3fa6d96@group-5FF82F29B6C0: changes role from  FOLLOWER to FOLLOWER at term 1337 for recognizeCandidate:4c6a16c4-95d2-4ef7-9fc0-4f57ccbd9967
2019-10-15 03:21:58,210 [grpc-default-executor-4] INFO  impl.RaftServerImpl (RaftServerImpl.java:setRole(184)) - a910346c-1ee2-4cdc-a6d8-644a3a4f0b7f@group-5FF82F29B6C0: changes role from  FOLLOWER to FOLLOWER at term 1337 for recognizeCandidate:4c6a16c4-95d2-4ef7-9fc0-4f57ccbd9967
2019-10-15 03:21:58,210 [grpc-default-executor-8] INFO  impl.RoleInfo (RoleInfo.java:shutdownFollowerState(121)) - 742c26a8-c271-430a-a05a-c8bba3fa6d96: shutdown FollowerState
2019-10-15 03:21:58,211 [grpc-default-executor-4] INFO  impl.RoleInfo (RoleInfo.java:shutdownFollowerState(121)) - a910346c-1ee2-4cdc-a6d8-644a3a4f0b7f: shutdown FollowerState
2019-10-15 03:21:58,211 [Thread-10621] INFO  impl.FollowerState (FollowerState.java:run(117)) - 742c26a8-c271-430a-a05a-c8bba3fa6d96@group-5FF82F29B6C0-FollowerState was interrupted: java.lang.InterruptedException: sleep interrupted
2019-10-15 03:21:58,211 [grpc-default-executor-8] INFO  impl.RoleInfo (RoleInfo.java:updateAndGet(143)) - 742c26a8-c271-430a-a05a-c8bba3fa6d96: start FollowerState
2019-10-15 03:21:58,211 [Thread-10622] INFO  impl.FollowerState (FollowerState.java:run(117)) - a910346c-1ee2-4cdc-a6d8-644a3a4f0b7f@group-5FF82F29B6C0-FollowerState was interrupted: java.lang.InterruptedException: sleep interrupted
2019-10-15 03:21:58,211 [grpc-default-executor-4] INFO  impl.RoleInfo (RoleInfo.java:updateAndGet(143)) - a910346c-1ee2-4cdc-a6d8-644a3a4f0b7f: start FollowerState
2019-10-15 03:21:58,222 [2e087e40-613e-4b42-9ae6-f6bb8282a9c9@group-430C8F2242CE-StateMachineUpdater] INFO  ratis.ContainerStateMachine (ContainerStateMachine.java:takeSnapshot(305)) - group-430C8F2242CE: Finished taking a snapshot at:(t:1, i:1) file:/workdir/hadoop-ozone/integration-test/target/test-dir/MiniOzoneClusterImpl-0445134e-5ee1-47c2-9f3a-343f5ba53be4/datanode-0/data/ratis/6dd53132-05cf-4d09-96e4-430c8f2242ce/sm/snapshot.1_1 time:13
2019-10-15 03:21:58,223 [2e087e40-613e-4b42-9ae6-f6bb8282a9c9@group-430C8F2242CE-StateMachineUpdater] INFO  impl.StateMachineUpdater (StateMachineUpdater.java:takeSnapshot(269)) - 2e087e40-613e-4b42-9ae6-f6bb8282a9c9@group-430C8F2242CE-StateMachineUpdater: Took a snapshot at index 1
2019-10-15 03:21:58,223 [2e087e40-613e-4b42-9ae6-f6bb8282a9c9@group-430C8F2242CE-StateMachineUpdater] INFO  impl.StateMachineUpdater (StateMachineUpdater.java:lambda$new$0(84)) - 2e087e40-613e-4b42-9ae6-f6bb8282a9c9@group-430C8F2242CE-StateMachineUpdater: snapshotIndex: updateIncreasingly 1 -> 1
2019-10-15 03:21:58,223 [4c6a16c4-95d2-4ef7-9fc0-4f57ccbd9967@group-5FF82F29B6C0-LeaderElection1289] INFO  impl.LeaderElection (LeaderElection.java:logAndReturn(56)) - 4c6a16c4-95d2-4ef7-9fc0-4f57ccbd9967@group-5FF82F29B6C0-LeaderElection1289: Election REJECTED; received 2 response(s) [4c6a16c4-95d2-4ef7-9fc0-4f57ccbd9967<-742c26a8-c271-430a-a05a-c8bba3fa6d96#0:FAIL-t1337, 4c6a16c4-95d2-4ef7-9fc0-4f57ccbd9967<-a910346c-1ee2-4cdc-a6d8-644a3a4f0b7f#0:FAIL-t1337] and 0 exception(s); 4c6a16c4-95d2-4ef7-9fc0-4f57ccbd9967@group-5FF82F29B6C0:t1337, leader=null, voted=4c6a16c4-95d2-4ef7-9fc0-4f57ccbd9967, raftlog=4c6a16c4-95d2-4ef7-9fc0-4f57ccbd9967@group-5FF82F29B6C0-SegmentedRaftLog:OPENED:c-1,f-1,i0, conf=-1: [4c6a16c4-95d2-4ef7-9fc0-4f57ccbd9967:192.168.5.131:39112, 742c26a8-c271-430a-a05a-c8bba3fa6d96:192.168.5.131:42235, a910346c-1ee2-4cdc-a6d8-644a3a4f0b7f:192.168.5.131:38193], old=null
2019-10-15 03:21:58,223 [main] INFO  impl.RaftServerImpl (ServerState.java:close(388)) - 2e087e40-613e-4b42-9ae6-f6bb8282a9c9@group-430C8F2242CE: closes. applyIndex: 2
2019-10-15 03:21:58,223 [4c6a16c4-95d2-4ef7-9fc0-4f57ccbd9967@group-5FF82F29B6C0-LeaderElection1289] INFO  impl.RaftServerImpl (RaftServerImpl.java:setRole(184)) - 4c6a16c4-95d2-4ef7-9fc0-4f57ccbd9967@group-5FF82F29B6C0: changes role from CANDIDATE to FOLLOWER at term 1337 for DISCOVERED_A_NEW_TERM
2019-10-15 03:21:58,223 [2e087e40-613e-4b42-9ae6-f6bb8282a9c9@group-430C8F2242CE-SegmentedRaftLogWorker] INFO  segmented.SegmentedRaftLogWorker (SegmentedRaftLogWorker.java:run(316)) - 2e087e40-613e-4b42-9ae6-f6bb8282a9c9@group-430C8F2242CE-SegmentedRaftLogWorker was interrupted, exiting. There are 0 tasks remaining in the queue.
2019-10-15 03:21:58,223 [4c6a16c4-95d2-4ef7-9fc0-4f57ccbd9967@group-5FF82F29B6C0-LeaderElection1289] INFO  impl.RoleInfo (RoleInfo.java:shutdownLeaderElection(134)) - 4c6a16c4-95d2-4ef7-9fc0-4f57ccbd9967: shutdown LeaderElection
2019-10-15 03:21:58,227 [main] INFO  segmented.SegmentedRaftLogWorker (SegmentedRaftLogWorker.java:close(224)) - 2e087e40-613e-4b42-9ae6-f6bb8282a9c9@group-430C8F2242CE-SegmentedRaftLogWorker close()
2019-10-15 03:21:58,228 [4c6a16c4-95d2-4ef7-9fc0-4f57ccbd9967@group-5FF82F29B6C0-LeaderElection1289] INFO  impl.RoleInfo (RoleInfo.java:updateAndGet(143)) - 4c6a16c4-95d2-4ef7-9fc0-4f57ccbd9967: start FollowerState
2019-10-15 03:21:58,234 [main] INFO  server.GrpcService (GrpcService.java:closeImpl(164)) - 2e087e40-613e-4b42-9ae6-f6bb8282a9c9: shutdown server with port 40304 now
2019-10-15 03:21:58,235 [grpc-default-executor-8] WARN  server.GrpcServerProtocolService (LogUtils.java:warn(134)) - 2e087e40-613e-4b42-9ae6-f6bb8282a9c9: installSnapshot onError, lastRequest: 17dd8d53-48b4-4b62-8793-7cfa92585664->2e087e40-613e-4b42-9ae6-f6bb8282a9c9#5-t1, previous=(t:1, i:2), leaderCommit=2, initializing? false, entries: <empty>: org.apache.ratis.thirdparty.io.grpc.StatusRuntimeException: CANCELLED: cancelled before receiving half close
2019-10-15 03:21:58,235 [main] INFO  server.GrpcService (GrpcService.java:closeImpl(172)) - 2e087e40-613e-4b42-9ae6-f6bb8282a9c9: shutdown server with port 40304 successfully
2019-10-15 03:21:58,235 [grpc-default-executor-5] WARN  server.GrpcLogAppender (LogUtils.java:warn(134)) - 17dd8d53-48b4-4b62-8793-7cfa92585664@group-430C8F2242CE->2e087e40-613e-4b42-9ae6-f6bb8282a9c9-AppendLogResponseHandler: Failed appendEntries: org.apache.ratis.thirdparty.io.grpc.StatusRuntimeException: CANCELLED: HTTP/2 error code: CANCEL
Received Rst Stream
2019-10-15 03:21:58,236 [refreshUsed-/workdir/hadoop-ozone/integration-test/target/test-dir/MiniOzoneClusterImpl-0445134e-5ee1-47c2-9f3a-343f5ba53be4/datanode-0/data/containers] WARN  fs.CachingGetSpaceUsed (CachingGetSpaceUsed.java:run(183)) - Thread Interrupted waiting to refresh disk information: sleep interrupted
2019-10-15 03:21:58,252 [main] INFO  utils.BackgroundService (BackgroundService.java:shutdown(151)) - Shutting down service BlockDeletingService
2019-10-15 03:21:58,262 [main] INFO  statemachine.DatanodeStateMachine (DatanodeStateMachine.java:stopDaemon(395)) - Ozone container server stopped.
2019-10-15 03:21:58,263 [main] INFO  handler.ContextHandler (ContextHandler.java:doStop(910)) - Stopped o.e.j.w.WebAppContext@7f3c0399{/,null,UNAVAILABLE}{/hddsDatanode}
2019-10-15 03:21:58,263 [main] INFO  server.AbstractConnector (AbstractConnector.java:doStop(318)) - Stopped ServerConnector@183fc2fa{HTTP/1.1,[http/1.1]}{0.0.0.0:0}
2019-10-15 03:21:58,264 [main] INFO  handler.ContextHandler (ContextHandler.java:doStop(910)) - Stopped o.e.j.s.ServletContextHandler@233f52f8{/static,jar:file:/home/user/.m2/repository/org/apache/hadoop/hadoop-hdds-container-service/0.5.0-SNAPSHOT/hadoop-hdds-container-service-0.5.0-SNAPSHOT.jar!/webapps/static,UNAVAILABLE}
2019-10-15 03:21:58,264 [main] INFO  handler.ContextHandler (ContextHandler.java:doStop(910)) - Stopped o.e.j.s.ServletContextHandler@41e9f86{/logs,file:///workdir/hadoop-ozone/integration-test/target/log,UNAVAILABLE}
2019-10-15 03:21:58,302 [EventQueue-IncrementalContainerReportForIncrementalContainerReportHandler] WARN  container.IncrementalContainerReportHandler (AbstractContainerReportHandler.java:updateContainerState(145)) - Container #1 is in OPEN state, but the datanode 17dd8d53-48b4-4b62-8793-7cfa92585664{ip: 192.168.5.131, host: pr-hdds-2305-c92ks-1629580955, networkLocation: /default-rack, certSerialId: null} reports an CLOSING replica.
2019-10-15 03:21:58,304 [EventQueue-IncrementalContainerReportForIncrementalContainerReportHandler] WARN  container.IncrementalContainerReportHandler (AbstractContainerReportHandler.java:updateContainerState(145)) - Container #1 is in OPEN state, but the datanode 17d4a3a3-e05f-449b-a5b3-f00266930d75{ip: 192.168.5.131, host: pr-hdds-2305-c92ks-1629580955, networkLocation: /default-rack, certSerialId: null} reports an CLOSING replica.
2019-10-15 03:21:58,398 [Thread-10635] INFO  impl.FollowerState (FollowerState.java:run(108)) - 4c6a16c4-95d2-4ef7-9fc0-4f57ccbd9967@group-5FF82F29B6C0-FollowerState: change to CANDIDATE, lastRpcTime:170ms, electionTimeout:164ms
2019-10-15 03:21:58,399 [Thread-10635] INFO  impl.RoleInfo (RoleInfo.java:shutdownFollowerState(121)) - 4c6a16c4-95d2-4ef7-9fc0-4f57ccbd9967: shutdown FollowerState
2019-10-15 03:21:58,399 [Thread-10635] INFO  impl.RaftServerImpl (RaftServerImpl.java:setRole(184)) - 4c6a16c4-95d2-4ef7-9fc0-4f57ccbd9967@group-5FF82F29B6C0: changes role from  FOLLOWER to CANDIDATE at term 1337 for changeToCandidate
2019-10-15 03:21:58,399 [Thread-10635] ERROR ratis.XceiverServerRatis (XceiverServerRatis.java:triggerPipelineClose(582)) - pipeline Action CLOSE  on pipeline PipelineID=e4bf9835-e697-42f6-b211-5ff82f29b6c0.Reason : 4c6a16c4-95d2-4ef7-9fc0-4f57ccbd9967 is in candidate state for 173298ms
2019-10-15 03:21:58,399 [Thread-10635] INFO  impl.RoleInfo (RoleInfo.java:updateAndGet(143)) - 4c6a16c4-95d2-4ef7-9fc0-4f57ccbd9967: start LeaderElection
2019-10-15 03:21:58,475 [4c6a16c4-95d2-4ef7-9fc0-4f57ccbd9967@group-5FF82F29B6C0-LeaderElection1290] INFO  impl.LeaderElection (LeaderElection.java:askForVotes(178)) - 4c6a16c4-95d2-4ef7-9fc0-4f57ccbd9967@group-5FF82F29B6C0-LeaderElection1290: begin an election at term 1338 for -1: [4c6a16c4-95d2-4ef7-9fc0-4f57ccbd9967:192.168.5.131:39112, 742c26a8-c271-430a-a05a-c8bba3fa6d96:192.168.5.131:42235, a910346c-1ee2-4cdc-a6d8-644a3a4f0b7f:192.168.5.131:38193], old=null
2019-10-15 03:21:58,476 [grpc-default-executor-5] INFO  impl.RaftServerImpl (RaftServerImpl.java:setRole(184)) - 742c26a8-c271-430a-a05a-c8bba3fa6d96@group-5FF82F29B6C0: changes role from  FOLLOWER to FOLLOWER at term 1338 for recognizeCandidate:4c6a16c4-95d2-4ef7-9fc0-4f57ccbd9967
2019-10-15 03:21:58,476 [grpc-default-executor-8] INFO  impl.RaftServerImpl (RaftServerImpl.java:setRole(184)) - a910346c-1ee2-4cdc-a6d8-644a3a4f0b7f@group-5FF82F29B6C0: changes role from  FOLLOWER to FOLLOWER at term 1338 for recognizeCandidate:4c6a16c4-95d2-4ef7-9fc0-4f57ccbd9967
2019-10-15 03:21:58,476 [grpc-default-executor-5] INFO  impl.RoleInfo (RoleInfo.java:shutdownFollowerState(121)) - 742c26a8-c271-430a-a05a-c8bba3fa6d96: shutdown FollowerState
2019-10-15 03:21:58,476 [grpc-default-executor-8] INFO  impl.RoleInfo (RoleInfo.java:shutdownFollowerState(121)) - a910346c-1ee2-4cdc-a6d8-644a3a4f0b7f: shutdown FollowerState
2019-10-15 03:21:58,477 [Thread-10633] INFO  impl.FollowerState (FollowerState.java:run(117)) - 742c26a8-c271-430a-a05a-c8bba3fa6d96@group-5FF82F29B6C0-FollowerState was interrupted: java.lang.InterruptedException: sleep interrupted
2019-10-15 03:21:58,476 [grpc-default-executor-5] INFO  impl.RoleInfo (RoleInfo.java:updateAndGet(143)) - 742c26a8-c271-430a-a05a-c8bba3fa6d96: start FollowerState
2019-10-15 03:21:58,477 [Thread-10634] INFO  impl.FollowerState (FollowerState.java:run(117)) - a910346c-1ee2-4cdc-a6d8-644a3a4f0b7f@group-5FF82F29B6C0-FollowerState was interrupted: java.lang.InterruptedException: sleep interrupted
2019-10-15 03:21:58,477 [grpc-default-executor-8] INFO  impl.RoleInfo (RoleInfo.java:updateAndGet(143)) - a910346c-1ee2-4cdc-a6d8-644a3a4f0b7f: start FollowerState
2019-10-15 03:21:58,489 [4c6a16c4-95d2-4ef7-9fc0-4f57ccbd9967@group-5FF82F29B6C0-LeaderElection1290] INFO  impl.LeaderElection (LeaderElection.java:logAndReturn(56)) - 4c6a16c4-95d2-4ef7-9fc0-4f57ccbd9967@group-5FF82F29B6C0-LeaderElection1290: Election REJECTED; received 2 response(s) [4c6a16c4-95d2-4ef7-9fc0-4f57ccbd9967<-742c26a8-c271-430a-a05a-c8bba3fa6d96#0:FAIL-t1338, 4c6a16c4-95d2-4ef7-9fc0-4f57ccbd9967<-a910346c-1ee2-4cdc-a6d8-644a3a4f0b7f#0:FAIL-t1338] and 0 exception(s); 4c6a16c4-95d2-4ef7-9fc0-4f57ccbd9967@group-5FF82F29B6C0:t1338, leader=null, voted=4c6a16c4-95d2-4ef7-9fc0-4f57ccbd9967, raftlog=4c6a16c4-95d2-4ef7-9fc0-4f57ccbd9967@group-5FF82F29B6C0-SegmentedRaftLog:OPENED:c-1,f-1,i0, conf=-1: [4c6a16c4-95d2-4ef7-9fc0-4f57ccbd9967:192.168.5.131:39112, 742c26a8-c271-430a-a05a-c8bba3fa6d96:192.168.5.131:42235, a910346c-1ee2-4cdc-a6d8-644a3a4f0b7f:192.168.5.131:38193], old=null
2019-10-15 03:21:58,490 [4c6a16c4-95d2-4ef7-9fc0-4f57ccbd9967@group-5FF82F29B6C0-LeaderElection1290] INFO  impl.RaftServerImpl (RaftServerImpl.java:setRole(184)) - 4c6a16c4-95d2-4ef7-9fc0-4f57ccbd9967@group-5FF82F29B6C0: changes role from CANDIDATE to FOLLOWER at term 1338 for DISCOVERED_A_NEW_TERM
2019-10-15 03:21:58,490 [4c6a16c4-95d2-4ef7-9fc0-4f57ccbd9967@group-5FF82F29B6C0-LeaderElection1290] INFO  impl.RoleInfo (RoleInfo.java:shutdownLeaderElection(134)) - 4c6a16c4-95d2-4ef7-9fc0-4f57ccbd9967: shutdown LeaderElection
2019-10-15 03:21:58,490 [4c6a16c4-95d2-4ef7-9fc0-4f57ccbd9967@group-5FF82F29B6C0-LeaderElection1290] INFO  impl.RoleInfo (RoleInfo.java:updateAndGet(143)) - 4c6a16c4-95d2-4ef7-9fc0-4f57ccbd9967: start FollowerState
2019-10-15 03:21:58,499 [Thread-10643] INFO  impl.FollowerState (FollowerState.java:run(108)) - 4c6a16c4-95d2-4ef7-9fc0-4f57ccbd9967@group-5FF82F29B6C0-FollowerState: change to CANDIDATE, lastRpcTime:9ms, electionTimeout:9ms
2019-10-15 03:21:58,499 [Thread-10643] INFO  impl.RoleInfo (RoleInfo.java:shutdownFollowerState(121)) - 4c6a16c4-95d2-4ef7-9fc0-4f57ccbd9967: shutdown FollowerState
2019-10-15 03:21:58,499 [Thread-10643] INFO  impl.RaftServerImpl (RaftServerImpl.java:setRole(184)) - 4c6a16c4-95d2-4ef7-9fc0-4f57ccbd9967@group-5FF82F29B6C0: changes role from  FOLLOWER to CANDIDATE at term 1338 for changeToCandidate
2019-10-15 03:21:58,500 [Thread-10643] ERROR ratis.XceiverServerRatis (XceiverServerRatis.java:triggerPipelineClose(582)) - pipeline Action CLOSE  on pipeline PipelineID=e4bf9835-e697-42f6-b211-5ff82f29b6c0.Reason : 4c6a16c4-95d2-4ef7-9fc0-4f57ccbd9967 is in candidate state for 173399ms
2019-10-15 03:21:58,500 [Thread-10643] INFO  impl.RoleInfo (RoleInfo.java:updateAndGet(143)) - 4c6a16c4-95d2-4ef7-9fc0-4f57ccbd9967: start LeaderElection
2019-10-15 03:21:58,503 [RatisApplyTransactionExecutor 1] INFO  interfaces.Container (KeyValueContainer.java:flushAndSyncDB(386)) - Container 1 is synced with bcsId 0.
2019-10-15 03:21:58,505 [4c6a16c4-95d2-4ef7-9fc0-4f57ccbd9967@group-5FF82F29B6C0-LeaderElection1291] INFO  impl.LeaderElection (LeaderElection.java:askForVotes(178)) - 4c6a16c4-95d2-4ef7-9fc0-4f57ccbd9967@group-5FF82F29B6C0-LeaderElection1291: begin an election at term 1339 for -1: [4c6a16c4-95d2-4ef7-9fc0-4f57ccbd9967:192.168.5.131:39112, 742c26a8-c271-430a-a05a-c8bba3fa6d96:192.168.5.131:42235, a910346c-1ee2-4cdc-a6d8-644a3a4f0b7f:192.168.5.131:38193], old=null
2019-10-15 03:21:58,506 [grpc-default-executor-8] INFO  impl.RaftServerImpl (RaftServerImpl.java:setRole(184)) - 742c26a8-c271-430a-a05a-c8bba3fa6d96@group-5FF82F29B6C0: changes role from  FOLLOWER to FOLLOWER at term 1339 for recognizeCandidate:4c6a16c4-95d2-4ef7-9fc0-4f57ccbd9967
2019-10-15 03:21:58,507 [grpc-default-executor-5] INFO  impl.RaftServerImpl (RaftServerImpl.java:setRole(184)) - a910346c-1ee2-4cdc-a6d8-644a3a4f0b7f@group-5FF82F29B6C0: changes role from  FOLLOWER to FOLLOWER at term 1339 for recognizeCandidate:4c6a16c4-95d2-4ef7-9fc0-4f57ccbd9967
2019-10-15 03:21:58,507 [grpc-default-executor-5] INFO  impl.RoleInfo (RoleInfo.java:shutdownFollowerState(121)) - a910346c-1ee2-4cdc-a6d8-644a3a4f0b7f: shutdown FollowerState
2019-10-15 03:21:58,507 [grpc-default-executor-8] INFO  impl.RoleInfo (RoleInfo.java:shutdownFollowerState(121)) - 742c26a8-c271-430a-a05a-c8bba3fa6d96: shutdown FollowerState
2019-10-15 03:21:58,507 [Thread-10642] INFO  impl.FollowerState (FollowerState.java:run(117)) - a910346c-1ee2-4cdc-a6d8-644a3a4f0b7f@group-5FF82F29B6C0-FollowerState was interrupted: java.lang.InterruptedException: sleep interrupted
2019-10-15 03:21:58,507 [grpc-default-executor-5] INFO  impl.RoleInfo (RoleInfo.java:updateAndGet(143)) - a910346c-1ee2-4cdc-a6d8-644a3a4f0b7f: start FollowerState
2019-10-15 03:21:58,507 [Thread-10641] INFO  impl.FollowerState (FollowerState.java:run(117)) - 742c26a8-c271-430a-a05a-c8bba3fa6d96@group-5FF82F29B6C0-FollowerState was interrupted: java.lang.InterruptedException: sleep interrupted
2019-10-15 03:21:58,507 [grpc-default-executor-8] INFO  impl.RoleInfo (RoleInfo.java:updateAndGet(143)) - 742c26a8-c271-430a-a05a-c8bba3fa6d96: start FollowerState
2019-10-15 03:21:58,516 [4c6a16c4-95d2-4ef7-9fc0-4f57ccbd9967@group-5FF82F29B6C0-LeaderElection1291] INFO  impl.LeaderElection (LeaderElection.java:logAndReturn(56)) - 4c6a16c4-95d2-4ef7-9fc0-4f57ccbd9967@group-5FF82F29B6C0-LeaderElection1291: Election REJECTED; received 2 response(s) [4c6a16c4-95d2-4ef7-9fc0-4f57ccbd9967<-742c26a8-c271-430a-a05a-c8bba3fa6d96#0:FAIL-t1339, 4c6a16c4-95d2-4ef7-9fc0-4f57ccbd9967<-a910346c-1ee2-4cdc-a6d8-644a3a4f0b7f#0:FAIL-t1339] and 0 exception(s); 4c6a16c4-95d2-4ef7-9fc0-4f57ccbd9967@group-5FF82F29B6C0:t1339, leader=null, voted=4c6a16c4-95d2-4ef7-9fc0-4f57ccbd9967, raftlog=4c6a16c4-95d2-4ef7-9fc0-4f57ccbd9967@group-5FF82F29B6C0-SegmentedRaftLog:OPENED:c-1,f-1,i0, conf=-1: [4c6a16c4-95d2-4ef7-9fc0-4f57ccbd9967:192.168.5.131:39112, 742c26a8-c271-430a-a05a-c8bba3fa6d96:192.168.5.131:42235, a910346c-1ee2-4cdc-a6d8-644a3a4f0b7f:192.168.5.131:38193], old=null
2019-10-15 03:21:58,516 [4c6a16c4-95d2-4ef7-9fc0-4f57ccbd9967@group-5FF82F29B6C0-LeaderElection1291] INFO  impl.RaftServerImpl (RaftServerImpl.java:setRole(184)) - 4c6a16c4-95d2-4ef7-9fc0-4f57ccbd9967@group-5FF82F29B6C0: changes role from CANDIDATE to FOLLOWER at term 1339 for DISCOVERED_A_NEW_TERM
2019-10-15 03:21:58,516 [4c6a16c4-95d2-4ef7-9fc0-4f57ccbd9967@group-5FF82F29B6C0-LeaderElection1291] INFO  impl.RoleInfo (RoleInfo.java:shutdownLeaderElection(134)) - 4c6a16c4-95d2-4ef7-9fc0-4f57ccbd9967: shutdown LeaderElection
2019-10-15 03:21:58,516 [4c6a16c4-95d2-4ef7-9fc0-4f57ccbd9967@group-5FF82F29B6C0-LeaderElection1291] INFO  impl.RoleInfo (RoleInfo.java:updateAndGet(143)) - 4c6a16c4-95d2-4ef7-9fc0-4f57ccbd9967: start FollowerState
2019-10-15 03:21:58,541 [RatisApplyTransactionExecutor 1] INFO  interfaces.Container (KeyValueContainer.java:flushAndSyncDB(386)) - Container 1 is synced with bcsId 0.
2019-10-15 03:21:58,550 [RatisApplyTransactionExecutor 1] INFO  interfaces.Container (KeyValueContainer.java:flushAndSyncDB(386)) - Container 1 is synced with bcsId 0.
2019-10-15 03:21:58,550 [RatisApplyTransactionExecutor 1] INFO  interfaces.Container (KeyValueContainer.java:flushAndSyncDB(386)) - Container 1 is synced with bcsId 0.
2019-10-15 03:21:58,560 [RatisApplyTransactionExecutor 1] INFO  interfaces.Container (KeyValueContainer.java:close(335)) - Container 1 is closed with bcsId 0.
2019-10-15 03:21:58,560 [RatisApplyTransactionExecutor 1] INFO  interfaces.Container (KeyValueContainer.java:close(335)) - Container 1 is closed with bcsId 0.
2019-10-15 03:21:58,561 [EventQueue-IncrementalContainerReportForIncrementalContainerReportHandler] WARN  container.IncrementalContainerReportHandler (AbstractContainerReportHandler.java:updateContainerState(145)) - Container #1 is in OPEN state, but the datanode 17d4a3a3-e05f-449b-a5b3-f00266930d75{ip: 192.168.5.131, host: pr-hdds-2305-c92ks-1629580955, networkLocation: /default-rack, certSerialId: null} reports an CLOSED replica.
2019-10-15 03:21:58,569 [EventQueue-IncrementalContainerReportForIncrementalContainerReportHandler] WARN  container.IncrementalContainerReportHandler (AbstractContainerReportHandler.java:updateContainerState(145)) - Container #1 is in OPEN state, but the datanode 17dd8d53-48b4-4b62-8793-7cfa92585664{ip: 192.168.5.131, host: pr-hdds-2305-c92ks-1629580955, networkLocation: /default-rack, certSerialId: null} reports an CLOSED replica.
2019-10-15 03:21:58,678 [Thread-10649] INFO  impl.FollowerState (FollowerState.java:run(108)) - 4c6a16c4-95d2-4ef7-9fc0-4f57ccbd9967@group-5FF82F29B6C0-FollowerState: change to CANDIDATE, lastRpcTime:162ms, electionTimeout:162ms
2019-10-15 03:21:58,679 [Thread-10649] INFO  impl.RoleInfo (RoleInfo.java:shutdownFollowerState(121)) - 4c6a16c4-95d2-4ef7-9fc0-4f57ccbd9967: shutdown FollowerState
2019-10-15 03:21:58,679 [Thread-10649] INFO  impl.RaftServerImpl (RaftServerImpl.java:setRole(184)) - 4c6a16c4-95d2-4ef7-9fc0-4f57ccbd9967@group-5FF82F29B6C0: changes role from  FOLLOWER to CANDIDATE at term 1339 for changeToCandidate
2019-10-15 03:21:58,679 [Thread-10649] ERROR ratis.XceiverServerRatis (XceiverServerRatis.java:triggerPipelineClose(582)) - pipeline Action CLOSE  on pipeline PipelineID=e4bf9835-e697-42f6-b211-5ff82f29b6c0.Reason : 4c6a16c4-95d2-4ef7-9fc0-4f57ccbd9967 is in candidate state for 173578ms
2019-10-15 03:21:58,679 [Thread-10649] INFO  impl.RoleInfo (RoleInfo.java:updateAndGet(143)) - 4c6a16c4-95d2-4ef7-9fc0-4f57ccbd9967: start LeaderElection
2019-10-15 03:21:58,694 [4c6a16c4-95d2-4ef7-9fc0-4f57ccbd9967@group-5FF82F29B6C0-LeaderElection1292] INFO  impl.LeaderElection (LeaderElection.java:askForVotes(178)) - 4c6a16c4-95d2-4ef7-9fc0-4f57ccbd9967@group-5FF82F29B6C0-LeaderElection1292: begin an election at term 1340 for -1: [4c6a16c4-95d2-4ef7-9fc0-4f57ccbd9967:192.168.5.131:39112, 742c26a8-c271-430a-a05a-c8bba3fa6d96:192.168.5.131:42235, a910346c-1ee2-4cdc-a6d8-644a3a4f0b7f:192.168.5.131:38193], old=null
2019-10-15 03:21:58,695 [grpc-default-executor-5] INFO  impl.RaftServerImpl (RaftServerImpl.java:setRole(184)) - 742c26a8-c271-430a-a05a-c8bba3fa6d96@group-5FF82F29B6C0: changes role from  FOLLOWER to FOLLOWER at term 1340 for recognizeCandidate:4c6a16c4-95d2-4ef7-9fc0-4f57ccbd9967
2019-10-15 03:21:58,695 [grpc-default-executor-8] INFO  impl.RaftServerImpl (RaftServerImpl.java:setRole(184)) - a910346c-1ee2-4cdc-a6d8-644a3a4f0b7f@group-5FF82F29B6C0: changes role from  FOLLOWER to FOLLOWER at term 1340 for recognizeCandidate:4c6a16c4-95d2-4ef7-9fc0-4f57ccbd9967
2019-10-15 03:21:58,695 [grpc-default-executor-8] INFO  impl.RoleInfo (RoleInfo.java:shutdownFollowerState(121)) - a910346c-1ee2-4cdc-a6d8-644a3a4f0b7f: shutdown FollowerState
2019-10-15 03:21:58,695 [grpc-default-executor-5] INFO  impl.RoleInfo (RoleInfo.java:shutdownFollowerState(121)) - 742c26a8-c271-430a-a05a-c8bba3fa6d96: shutdown FollowerState
2019-10-15 03:21:58,695 [Thread-10647] INFO  impl.FollowerState (FollowerState.java:run(117)) - a910346c-1ee2-4cdc-a6d8-644a3a4f0b7f@group-5FF82F29B6C0-FollowerState was interrupted: java.lang.InterruptedException: sleep interrupted
2019-10-15 03:21:58,695 [grpc-default-executor-8] INFO  impl.RoleInfo (RoleInfo.java:updateAndGet(143)) - a910346c-1ee2-4cdc-a6d8-644a3a4f0b7f: start FollowerState
2019-10-15 03:21:58,696 [grpc-default-executor-5] INFO  impl.RoleInfo (RoleInfo.java:updateAndGet(143)) - 742c26a8-c271-430a-a05a-c8bba3fa6d96: start FollowerState
2019-10-15 03:21:58,696 [Thread-10648] INFO  impl.FollowerState (FollowerState.java:run(117)) - 742c26a8-c271-430a-a05a-c8bba3fa6d96@group-5FF82F29B6C0-FollowerState was interrupted: java.lang.InterruptedException: sleep interrupted
2019-10-15 03:21:58,710 [4c6a16c4-95d2-4ef7-9fc0-4f57ccbd9967@group-5FF82F29B6C0-LeaderElection1292] INFO  impl.LeaderElection (LeaderElection.java:logAndReturn(56)) - 4c6a16c4-95d2-4ef7-9fc0-4f57ccbd9967@group-5FF82F29B6C0-LeaderElection1292: Election REJECTED; received 2 response(s) [4c6a16c4-95d2-4ef7-9fc0-4f57ccbd9967<-742c26a8-c271-430a-a05a-c8bba3fa6d96#0:FAIL-t1340, 4c6a16c4-95d2-4ef7-9fc0-4f57ccbd9967<-a910346c-1ee2-4cdc-a6d8-644a3a4f0b7f#0:FAIL-t1340] and 0 exception(s); 4c6a16c4-95d2-4ef7-9fc0-4f57ccbd9967@group-5FF82F29B6C0:t1340, leader=null, voted=4c6a16c4-95d2-4ef7-9fc0-4f57ccbd9967, raftlog=4c6a16c4-95d2-4ef7-9fc0-4f57ccbd9967@group-5FF82F29B6C0-SegmentedRaftLog:OPENED:c-1,f-1,i0, conf=-1: [4c6a16c4-95d2-4ef7-9fc0-4f57ccbd9967:192.168.5.131:39112, 742c26a8-c271-430a-a05a-c8bba3fa6d96:192.168.5.131:42235, a910346c-1ee2-4cdc-a6d8-644a3a4f0b7f:192.168.5.131:38193], old=null
2019-10-15 03:21:58,711 [4c6a16c4-95d2-4ef7-9fc0-4f57ccbd9967@group-5FF82F29B6C0-LeaderElection1292] INFO  impl.RaftServerImpl (RaftServerImpl.java:setRole(184)) - 4c6a16c4-95d2-4ef7-9fc0-4f57ccbd9967@group-5FF82F29B6C0: changes role from CANDIDATE to FOLLOWER at term 1340 for DISCOVERED_A_NEW_TERM
2019-10-15 03:21:58,711 [4c6a16c4-95d2-4ef7-9fc0-4f57ccbd9967@group-5FF82F29B6C0-LeaderElection1292] INFO  impl.RoleInfo (RoleInfo.java:shutdownLeaderElection(134)) - 4c6a16c4-95d2-4ef7-9fc0-4f57ccbd9967: shutdown LeaderElection
2019-10-15 03:21:58,711 [4c6a16c4-95d2-4ef7-9fc0-4f57ccbd9967@group-5FF82F29B6C0-LeaderElection1292] INFO  impl.RoleInfo (RoleInfo.java:updateAndGet(143)) - 4c6a16c4-95d2-4ef7-9fc0-4f57ccbd9967: start FollowerState
2019-10-15 03:21:58,808 [Thread-10659] INFO  impl.FollowerState (FollowerState.java:run(108)) - 4c6a16c4-95d2-4ef7-9fc0-4f57ccbd9967@group-5FF82F29B6C0-FollowerState: change to CANDIDATE, lastRpcTime:97ms, electionTimeout:97ms
2019-10-15 03:21:58,808 [Thread-10659] INFO  impl.RoleInfo (RoleInfo.java:shutdownFollowerState(121)) - 4c6a16c4-95d2-4ef7-9fc0-4f57ccbd9967: shutdown FollowerState
2019-10-15 03:21:58,809 [Thread-10659] INFO  impl.RaftServerImpl (RaftServerImpl.java:setRole(184)) - 4c6a16c4-95d2-4ef7-9fc0-4f57ccbd9967@group-5FF82F29B6C0: changes role from  FOLLOWER to CANDIDATE at term 1340 for changeToCandidate
2019-10-15 03:21:58,809 [Thread-10659] ERROR ratis.XceiverServerRatis (XceiverServerRatis.java:triggerPipelineClose(582)) - pipeline Action CLOSE  on pipeline PipelineID=e4bf9835-e697-42f6-b211-5ff82f29b6c0.Reason : 4c6a16c4-95d2-4ef7-9fc0-4f57ccbd9967 is in candidate state for 173708ms
2019-10-15 03:21:58,809 [Thread-10659] INFO  impl.RoleInfo (RoleInfo.java:updateAndGet(143)) - 4c6a16c4-95d2-4ef7-9fc0-4f57ccbd9967: start LeaderElection
2019-10-15 03:21:58,821 [4c6a16c4-95d2-4ef7-9fc0-4f57ccbd9967@group-5FF82F29B6C0-LeaderElection1293] INFO  impl.LeaderElection (LeaderElection.java:askForVotes(178)) - 4c6a16c4-95d2-4ef7-9fc0-4f57ccbd9967@group-5FF82F29B6C0-LeaderElection1293: begin an election at term 1341 for -1: [4c6a16c4-95d2-4ef7-9fc0-4f57ccbd9967:192.168.5.131:39112, 742c26a8-c271-430a-a05a-c8bba3fa6d96:192.168.5.131:42235, a910346c-1ee2-4cdc-a6d8-644a3a4f0b7f:192.168.5.131:38193], old=null
2019-10-15 03:21:58,822 [grpc-default-executor-8] INFO  impl.RaftServerImpl (RaftServerImpl.java:setRole(184)) - 742c26a8-c271-430a-a05a-c8bba3fa6d96@group-5FF82F29B6C0: changes role from  FOLLOWER to FOLLOWER at term 1341 for recognizeCandidate:4c6a16c4-95d2-4ef7-9fc0-4f57ccbd9967
2019-10-15 03:21:58,822 [grpc-default-executor-5] INFO  impl.RaftServerImpl (RaftServerImpl.java:setRole(184)) - a910346c-1ee2-4cdc-a6d8-644a3a4f0b7f@group-5FF82F29B6C0: changes role from  FOLLOWER to FOLLOWER at term 1341 for recognizeCandidate:4c6a16c4-95d2-4ef7-9fc0-4f57ccbd9967
2019-10-15 03:21:58,822 [grpc-default-executor-8] INFO  impl.RoleInfo (RoleInfo.java:shutdownFollowerState(121)) - 742c26a8-c271-430a-a05a-c8bba3fa6d96: shutdown FollowerState
2019-10-15 03:21:58,822 [grpc-default-executor-5] INFO  impl.RoleInfo (RoleInfo.java:shutdownFollowerState(121)) - a910346c-1ee2-4cdc-a6d8-644a3a4f0b7f: shutdown FollowerState
2019-10-15 03:21:58,823 [Thread-10658] INFO  impl.FollowerState (FollowerState.java:run(117)) - 742c26a8-c271-430a-a05a-c8bba3fa6d96@group-5FF82F29B6C0-FollowerState was interrupted: java.lang.InterruptedException: sleep interrupted
2019-10-15 03:21:58,823 [grpc-default-executor-8] INFO  impl.RoleInfo (RoleInfo.java:updateAndGet(143)) - 742c26a8-c271-430a-a05a-c8bba3fa6d96: start FollowerState
2019-10-15 03:21:58,823 [Thread-10657] INFO  impl.FollowerState (FollowerState.java:run(117)) - a910346c-1ee2-4cdc-a6d8-644a3a4f0b7f@group-5FF82F29B6C0-FollowerState was interrupted: java.lang.InterruptedException: sleep interrupted
2019-10-15 03:21:58,823 [grpc-default-executor-5] INFO  impl.RoleInfo (RoleInfo.java:updateAndGet(143)) - a910346c-1ee2-4cdc-a6d8-644a3a4f0b7f: start FollowerState
2019-10-15 03:21:58,836 [4c6a16c4-95d2-4ef7-9fc0-4f57ccbd9967@group-5FF82F29B6C0-LeaderElection1293] INFO  impl.LeaderElection (LeaderElection.java:logAndReturn(56)) - 4c6a16c4-95d2-4ef7-9fc0-4f57ccbd9967@group-5FF82F29B6C0-LeaderElection1293: Election REJECTED; received 2 response(s) [4c6a16c4-95d2-4ef7-9fc0-4f57ccbd9967<-742c26a8-c271-430a-a05a-c8bba3fa6d96#0:FAIL-t1341, 4c6a16c4-95d2-4ef7-9fc0-4f57ccbd9967<-a910346c-1ee2-4cdc-a6d8-644a3a4f0b7f#0:FAIL-t1341] and 0 exception(s); 4c6a16c4-95d2-4ef7-9fc0-4f57ccbd9967@group-5FF82F29B6C0:t1341, leader=null, voted=4c6a16c4-95d2-4ef7-9fc0-4f57ccbd9967, raftlog=4c6a16c4-95d2-4ef7-9fc0-4f57ccbd9967@group-5FF82F29B6C0-SegmentedRaftLog:OPENED:c-1,f-1,i0, conf=-1: [4c6a16c4-95d2-4ef7-9fc0-4f57ccbd9967:192.168.5.131:39112, 742c26a8-c271-430a-a05a-c8bba3fa6d96:192.168.5.131:42235, a910346c-1ee2-4cdc-a6d8-644a3a4f0b7f:192.168.5.131:38193], old=null
2019-10-15 03:21:58,837 [4c6a16c4-95d2-4ef7-9fc0-4f57ccbd9967@group-5FF82F29B6C0-LeaderElection1293] INFO  impl.RaftServerImpl (RaftServerImpl.java:setRole(184)) - 4c6a16c4-95d2-4ef7-9fc0-4f57ccbd9967@group-5FF82F29B6C0: changes role from CANDIDATE to FOLLOWER at term 1341 for DISCOVERED_A_NEW_TERM
2019-10-15 03:21:58,837 [4c6a16c4-95d2-4ef7-9fc0-4f57ccbd9967@group-5FF82F29B6C0-LeaderElection1293] INFO  impl.RoleInfo (RoleInfo.java:shutdownLeaderElection(134)) - 4c6a16c4-95d2-4ef7-9fc0-4f57ccbd9967: shutdown LeaderElection
2019-10-15 03:21:58,837 [4c6a16c4-95d2-4ef7-9fc0-4f57ccbd9967@group-5FF82F29B6C0-LeaderElection1293] INFO  impl.RoleInfo (RoleInfo.java:updateAndGet(143)) - 4c6a16c4-95d2-4ef7-9fc0-4f57ccbd9967: start FollowerState
2019-10-15 03:21:58,991 [EventQueue-PipelineActionsForPipelineActionHandler] ERROR pipeline.PipelineActionHandler (PipelineActionHandler.java:onMessage(60)) - Received pipeline action CLOSE for Pipeline[ Id: e4bf9835-e697-42f6-b211-5ff82f29b6c0, Nodes: a910346c-1ee2-4cdc-a6d8-644a3a4f0b7f{ip: 192.168.5.131, host: pr-hdds-2305-c92ks-1629580955, networkLocation: /default-rack, certSerialId: null}742c26a8-c271-430a-a05a-c8bba3fa6d96{ip: 192.168.5.131, host: pr-hdds-2305-c92ks-1629580955, networkLocation: /default-rack, certSerialId: null}4c6a16c4-95d2-4ef7-9fc0-4f57ccbd9967{ip: 192.168.5.131, host: pr-hdds-2305-c92ks-1629580955, networkLocation: /default-rack, certSerialId: null}, Type:RATIS, Factor:THREE, State:CLOSED] from datanode 4c6a16c4-95d2-4ef7-9fc0-4f57ccbd9967{ip: 192.168.5.131, host: pr-hdds-2305-c92ks-1629580955, networkLocation: /default-rack, certSerialId: null}. Reason : 4c6a16c4-95d2-4ef7-9fc0-4f57ccbd9967 is in candidate state for 172904ms
2019-10-15 03:21:58,992 [EventQueue-PipelineActionsForPipelineActionHandler] INFO  pipeline.SCMPipelineManager (SCMPipelineManager.java:finalizeAndDestroyPipeline(315)) - destroying pipeline:Pipeline[ Id: e4bf9835-e697-42f6-b211-5ff82f29b6c0, Nodes: a910346c-1ee2-4cdc-a6d8-644a3a4f0b7f{ip: 192.168.5.131, host: pr-hdds-2305-c92ks-1629580955, networkLocation: /default-rack, certSerialId: null}742c26a8-c271-430a-a05a-c8bba3fa6d96{ip: 192.168.5.131, host: pr-hdds-2305-c92ks-1629580955, networkLocation: /default-rack, certSerialId: null}4c6a16c4-95d2-4ef7-9fc0-4f57ccbd9967{ip: 192.168.5.131, host: pr-hdds-2305-c92ks-1629580955, networkLocation: /default-rack, certSerialId: null}, Type:RATIS, Factor:THREE, State:CLOSED]
2019-10-15 03:21:59,036 [Thread-10665] INFO  impl.FollowerState (FollowerState.java:run(108)) - 4c6a16c4-95d2-4ef7-9fc0-4f57ccbd9967@group-5FF82F29B6C0-FollowerState: change to CANDIDATE, lastRpcTime:199ms, electionTimeout:199ms
2019-10-15 03:21:59,036 [Thread-10665] INFO  impl.RoleInfo (RoleInfo.java:shutdownFollowerState(121)) - 4c6a16c4-95d2-4ef7-9fc0-4f57ccbd9967: shutdown FollowerState
2019-10-15 03:21:59,036 [Thread-10665] INFO  impl.RaftServerImpl (RaftServerImpl.java:setRole(184)) - 4c6a16c4-95d2-4ef7-9fc0-4f57ccbd9967@group-5FF82F29B6C0: changes role from  FOLLOWER to CANDIDATE at term 1341 for changeToCandidate
2019-10-15 03:21:59,037 [Thread-10665] ERROR ratis.XceiverServerRatis (XceiverServerRatis.java:triggerPipelineClose(582)) - pipeline Action CLOSE  on pipeline PipelineID=e4bf9835-e697-42f6-b211-5ff82f29b6c0.Reason : 4c6a16c4-95d2-4ef7-9fc0-4f57ccbd9967 is in candidate state for 173936ms
2019-10-15 03:21:59,037 [Thread-10665] INFO  impl.RoleInfo (RoleInfo.java:updateAndGet(143)) - 4c6a16c4-95d2-4ef7-9fc0-4f57ccbd9967: start LeaderElection
2019-10-15 03:21:59,049 [4c6a16c4-95d2-4ef7-9fc0-4f57ccbd9967@group-5FF82F29B6C0-LeaderElection1294] INFO  impl.LeaderElection (LeaderElection.java:askForVotes(178)) - 4c6a16c4-95d2-4ef7-9fc0-4f57ccbd9967@group-5FF82F29B6C0-LeaderElection1294: begin an election at term 1342 for -1: [4c6a16c4-95d2-4ef7-9fc0-4f57ccbd9967:192.168.5.131:39112, 742c26a8-c271-430a-a05a-c8bba3fa6d96:192.168.5.131:42235, a910346c-1ee2-4cdc-a6d8-644a3a4f0b7f:192.168.5.131:38193], old=null
2019-10-15 03:21:59,051 [grpc-default-executor-5] INFO  impl.RaftServerImpl (RaftServerImpl.java:setRole(184)) - 742c26a8-c271-430a-a05a-c8bba3fa6d96@group-5FF82F29B6C0: changes role from  FOLLOWER to FOLLOWER at term 1342 for recognizeCandidate:4c6a16c4-95d2-4ef7-9fc0-4f57ccbd9967
2019-10-15 03:21:59,051 [grpc-default-executor-8] INFO  impl.RaftServerImpl (RaftServerImpl.java:setRole(184)) - a910346c-1ee2-4cdc-a6d8-644a3a4f0b7f@group-5FF82F29B6C0: changes role from  FOLLOWER to FOLLOWER at term 1342 for recognizeCandidate:4c6a16c4-95d2-4ef7-9fc0-4f57ccbd9967
2019-10-15 03:21:59,051 [grpc-default-executor-5] INFO  impl.RoleInfo (RoleInfo.java:shutdownFollowerState(121)) - 742c26a8-c271-430a-a05a-c8bba3fa6d96: shutdown FollowerState
2019-10-15 03:21:59,051 [grpc-default-executor-8] INFO  impl.RoleInfo (RoleInfo.java:shutdownFollowerState(121)) - a910346c-1ee2-4cdc-a6d8-644a3a4f0b7f: shutdown FollowerState
2019-10-15 03:21:59,051 [Thread-10663] INFO  impl.FollowerState (FollowerState.java:run(117)) - 742c26a8-c271-430a-a05a-c8bba3fa6d96@group-5FF82F29B6C0-FollowerState was interrupted: java.lang.InterruptedException: sleep interrupted
2019-10-15 03:21:59,051 [grpc-default-executor-5] INFO  impl.RoleInfo (RoleInfo.java:updateAndGet(143)) - 742c26a8-c271-430a-a05a-c8bba3fa6d96: start FollowerState
2019-10-15 03:21:59,051 [Thread-10664] INFO  impl.FollowerState (FollowerState.java:run(117)) - a910346c-1ee2-4cdc-a6d8-644a3a4f0b7f@group-5FF82F29B6C0-FollowerState was interrupted: java.lang.InterruptedException: sleep interrupted
2019-10-15 03:21:59,051 [grpc-default-executor-8] INFO  impl.RoleInfo (RoleInfo.java:updateAndGet(143)) - a910346c-1ee2-4cdc-a6d8-644a3a4f0b7f: start FollowerState
2019-10-15 03:21:59,064 [4c6a16c4-95d2-4ef7-9fc0-4f57ccbd9967@group-5FF82F29B6C0-LeaderElection1294] INFO  impl.LeaderElection (LeaderElection.java:logAndReturn(56)) - 4c6a16c4-95d2-4ef7-9fc0-4f57ccbd9967@group-5FF82F29B6C0-LeaderElection1294: Election REJECTED; received 2 response(s) [4c6a16c4-95d2-4ef7-9fc0-4f57ccbd9967<-742c26a8-c271-430a-a05a-c8bba3fa6d96#0:FAIL-t1342, 4c6a16c4-95d2-4ef7-9fc0-4f57ccbd9967<-a910346c-1ee2-4cdc-a6d8-644a3a4f0b7f#0:FAIL-t1342] and 0 exception(s); 4c6a16c4-95d2-4ef7-9fc0-4f57ccbd9967@group-5FF82F29B6C0:t1342, leader=null, voted=4c6a16c4-95d2-4ef7-9fc0-4f57ccbd9967, raftlog=4c6a16c4-95d2-4ef7-9fc0-4f57ccbd9967@group-5FF82F29B6C0-SegmentedRaftLog:OPENED:c-1,f-1,i0, conf=-1: [4c6a16c4-95d2-4ef7-9fc0-4f57ccbd9967:192.168.5.131:39112, 742c26a8-c271-430a-a05a-c8bba3fa6d96:192.168.5.131:42235, a910346c-1ee2-4cdc-a6d8-644a3a4f0b7f:192.168.5.131:38193], old=null
2019-10-15 03:21:59,064 [4c6a16c4-95d2-4ef7-9fc0-4f57ccbd9967@group-5FF82F29B6C0-LeaderElection1294] INFO  impl.RaftServerImpl (RaftServerImpl.java:setRole(184)) - 4c6a16c4-95d2-4ef7-9fc0-4f57ccbd9967@group-5FF82F29B6C0: changes role from CANDIDATE to FOLLOWER at term 1342 for DISCOVERED_A_NEW_TERM
2019-10-15 03:21:59,064 [4c6a16c4-95d2-4ef7-9fc0-4f57ccbd9967@group-5FF82F29B6C0-LeaderElection1294] INFO  impl.RoleInfo (RoleInfo.java:shutdownLeaderElection(134)) - 4c6a16c4-95d2-4ef7-9fc0-4f57ccbd9967: shutdown LeaderElection
2019-10-15 03:21:59,065 [4c6a16c4-95d2-4ef7-9fc0-4f57ccbd9967@group-5FF82F29B6C0-LeaderElection1294] INFO  impl.RoleInfo (RoleInfo.java:updateAndGet(143)) - 4c6a16c4-95d2-4ef7-9fc0-4f57ccbd9967: start FollowerState
2019-10-15 03:21:59,188 [Thread-10672] INFO  impl.FollowerState (FollowerState.java:run(108)) - 4c6a16c4-95d2-4ef7-9fc0-4f57ccbd9967@group-5FF82F29B6C0-FollowerState: change to CANDIDATE, lastRpcTime:123ms, electionTimeout:123ms
2019-10-15 03:21:59,188 [Thread-10672] INFO  impl.RoleInfo (RoleInfo.java:shutdownFollowerState(121)) - 4c6a16c4-95d2-4ef7-9fc0-4f57ccbd9967: shutdown FollowerState
2019-10-15 03:21:59,188 [Thread-10672] INFO  impl.RaftServerImpl (RaftServerImpl.java:setRole(184)) - 4c6a16c4-95d2-4ef7-9fc0-4f57ccbd9967@group-5FF82F29B6C0: changes role from  FOLLOWER to CANDIDATE at term 1342 for changeToCandidate
2019-10-15 03:21:59,189 [Thread-10672] ERROR ratis.XceiverServerRatis (XceiverServerRatis.java:triggerPipelineClose(582)) - pipeline Action CLOSE  on pipeline PipelineID=e4bf9835-e697-42f6-b211-5ff82f29b6c0.Reason : 4c6a16c4-95d2-4ef7-9fc0-4f57ccbd9967 is in candidate state for 174088ms
2019-10-15 03:21:59,189 [Thread-10672] INFO  impl.RoleInfo (RoleInfo.java:updateAndGet(143)) - 4c6a16c4-95d2-4ef7-9fc0-4f57ccbd9967: start LeaderElection
2019-10-15 03:21:59,202 [4c6a16c4-95d2-4ef7-9fc0-4f57ccbd9967@group-5FF82F29B6C0-LeaderElection1295] INFO  impl.LeaderElection (LeaderElection.java:askForVotes(178)) - 4c6a16c4-95d2-4ef7-9fc0-4f57ccbd9967@group-5FF82F29B6C0-LeaderElection1295: begin an election at term 1343 for -1: [4c6a16c4-95d2-4ef7-9fc0-4f57ccbd9967:192.168.5.131:39112, 742c26a8-c271-430a-a05a-c8bba3fa6d96:192.168.5.131:42235, a910346c-1ee2-4cdc-a6d8-644a3a4f0b7f:192.168.5.131:38193], old=null
2019-10-15 03:21:59,204 [grpc-default-executor-8] INFO  impl.RaftServerImpl (RaftServerImpl.java:setRole(184)) - 742c26a8-c271-430a-a05a-c8bba3fa6d96@group-5FF82F29B6C0: changes role from  FOLLOWER to FOLLOWER at term 1343 for recognizeCandidate:4c6a16c4-95d2-4ef7-9fc0-4f57ccbd9967
2019-10-15 03:21:59,204 [grpc-default-executor-5] INFO  impl.RaftServerImpl (RaftServerImpl.java:setRole(184)) - a910346c-1ee2-4cdc-a6d8-644a3a4f0b7f@group-5FF82F29B6C0: changes role from  FOLLOWER to FOLLOWER at term 1343 for recognizeCandidate:4c6a16c4-95d2-4ef7-9fc0-4f57ccbd9967
2019-10-15 03:21:59,204 [grpc-default-executor-8] INFO  impl.RoleInfo (RoleInfo.java:shutdownFollowerState(121)) - 742c26a8-c271-430a-a05a-c8bba3fa6d96: shutdown FollowerState
2019-10-15 03:21:59,204 [grpc-default-executor-5] INFO  impl.RoleInfo (RoleInfo.java:shutdownFollowerState(121)) - a910346c-1ee2-4cdc-a6d8-644a3a4f0b7f: shutdown FollowerState
2019-10-15 03:21:59,204 [Thread-10669] INFO  impl.FollowerState (FollowerState.java:run(117)) - 742c26a8-c271-430a-a05a-c8bba3fa6d96@group-5FF82F29B6C0-FollowerState was interrupted: java.lang.InterruptedException: sleep interrupted
2019-10-15 03:21:59,204 [grpc-default-executor-8] INFO  impl.RoleInfo (RoleInfo.java:updateAndGet(143)) - 742c26a8-c271-430a-a05a-c8bba3fa6d96: start FollowerState
2019-10-15 03:21:59,204 [Thread-10670] INFO  impl.FollowerState (FollowerState.java:run(117)) - a910346c-1ee2-4cdc-a6d8-644a3a4f0b7f@group-5FF82F29B6C0-FollowerState was interrupted: java.lang.InterruptedException: sleep interrupted
2019-10-15 03:21:59,204 [grpc-default-executor-5] INFO  impl.RoleInfo (RoleInfo.java:updateAndGet(143)) - a910346c-1ee2-4cdc-a6d8-644a3a4f0b7f: start FollowerState
2019-10-15 03:21:59,218 [4c6a16c4-95d2-4ef7-9fc0-4f57ccbd9967@group-5FF82F29B6C0-LeaderElection1295] INFO  impl.LeaderElection (LeaderElection.java:logAndReturn(56)) - 4c6a16c4-95d2-4ef7-9fc0-4f57ccbd9967@group-5FF82F29B6C0-LeaderElection1295: Election REJECTED; received 2 response(s) [4c6a16c4-95d2-4ef7-9fc0-4f57ccbd9967<-742c26a8-c271-430a-a05a-c8bba3fa6d96#0:FAIL-t1343, 4c6a16c4-95d2-4ef7-9fc0-4f57ccbd9967<-a910346c-1ee2-4cdc-a6d8-644a3a4f0b7f#0:FAIL-t1343] and 0 exception(s); 4c6a16c4-95d2-4ef7-9fc0-4f57ccbd9967@group-5FF82F29B6C0:t1343, leader=null, voted=4c6a16c4-95d2-4ef7-9fc0-4f57ccbd9967, raftlog=4c6a16c4-95d2-4ef7-9fc0-4f57ccbd9967@group-5FF82F29B6C0-SegmentedRaftLog:OPENED:c-1,f-1,i0, conf=-1: [4c6a16c4-95d2-4ef7-9fc0-4f57ccbd9967:192.168.5.131:39112, 742c26a8-c271-430a-a05a-c8bba3fa6d96:192.168.5.131:42235, a910346c-1ee2-4cdc-a6d8-644a3a4f0b7f:192.168.5.131:38193], old=null
2019-10-15 03:21:59,219 [4c6a16c4-95d2-4ef7-9fc0-4f57ccbd9967@group-5FF82F29B6C0-LeaderElection1295] INFO  impl.RaftServerImpl (RaftServerImpl.java:setRole(184)) - 4c6a16c4-95d2-4ef7-9fc0-4f57ccbd9967@group-5FF82F29B6C0: changes role from CANDIDATE to FOLLOWER at term 1343 for DISCOVERED_A_NEW_TERM
2019-10-15 03:21:59,219 [4c6a16c4-95d2-4ef7-9fc0-4f57ccbd9967@group-5FF82F29B6C0-LeaderElection1295] INFO  impl.RoleInfo (RoleInfo.java:shutdownLeaderElection(134)) - 4c6a16c4-95d2-4ef7-9fc0-4f57ccbd9967: shutdown LeaderElection
2019-10-15 03:21:59,219 [4c6a16c4-95d2-4ef7-9fc0-4f57ccbd9967@group-5FF82F29B6C0-LeaderElection1295] INFO  impl.RoleInfo (RoleInfo.java:updateAndGet(143)) - 4c6a16c4-95d2-4ef7-9fc0-4f57ccbd9967: start FollowerState
2019-10-15 03:21:59,380 [Thread-10679] INFO  impl.FollowerState (FollowerState.java:run(108)) - 4c6a16c4-95d2-4ef7-9fc0-4f57ccbd9967@group-5FF82F29B6C0-FollowerState: change to CANDIDATE, lastRpcTime:161ms, electionTimeout:161ms
2019-10-15 03:21:59,380 [Thread-10679] INFO  impl.RoleInfo (RoleInfo.java:shutdownFollowerState(121)) - 4c6a16c4-95d2-4ef7-9fc0-4f57ccbd9967: shutdown FollowerState
2019-10-15 03:21:59,380 [Thread-10679] INFO  impl.RaftServerImpl (RaftServerImpl.java:setRole(184)) - 4c6a16c4-95d2-4ef7-9fc0-4f57ccbd9967@group-5FF82F29B6C0: changes role from  FOLLOWER to CANDIDATE at term 1343 for changeToCandidate
2019-10-15 03:21:59,381 [Thread-10679] ERROR ratis.XceiverServerRatis (XceiverServerRatis.java:triggerPipelineClose(582)) - pipeline Action CLOSE  on pipeline PipelineID=e4bf9835-e697-42f6-b211-5ff82f29b6c0.Reason : 4c6a16c4-95d2-4ef7-9fc0-4f57ccbd9967 is in candidate state for 174280ms
2019-10-15 03:21:59,381 [Thread-10679] INFO  impl.RoleInfo (RoleInfo.java:updateAndGet(143)) - 4c6a16c4-95d2-4ef7-9fc0-4f57ccbd9967: start LeaderElection
2019-10-15 03:21:59,394 [4c6a16c4-95d2-4ef7-9fc0-4f57ccbd9967@group-5FF82F29B6C0-LeaderElection1296] INFO  impl.LeaderElection (LeaderElection.java:askForVotes(178)) - 4c6a16c4-95d2-4ef7-9fc0-4f57ccbd9967@group-5FF82F29B6C0-LeaderElection1296: begin an election at term 1344 for -1: [4c6a16c4-95d2-4ef7-9fc0-4f57ccbd9967:192.168.5.131:39112, 742c26a8-c271-430a-a05a-c8bba3fa6d96:192.168.5.131:42235, a910346c-1ee2-4cdc-a6d8-644a3a4f0b7f:192.168.5.131:38193], old=null
2019-10-15 03:21:59,396 [grpc-default-executor-8] INFO  impl.RaftServerImpl (RaftServerImpl.java:setRole(184)) - 742c26a8-c271-430a-a05a-c8bba3fa6d96@group-5FF82F29B6C0: changes role from  FOLLOWER to FOLLOWER at term 1344 for recognizeCandidate:4c6a16c4-95d2-4ef7-9fc0-4f57ccbd9967
2019-10-15 03:21:59,396 [grpc-default-executor-5] INFO  impl.RaftServerImpl (RaftServerImpl.java:setRole(184)) - a910346c-1ee2-4cdc-a6d8-644a3a4f0b7f@group-5FF82F29B6C0: changes role from  FOLLOWER to FOLLOWER at term 1344 for recognizeCandidate:4c6a16c4-95d2-4ef7-9fc0-4f57ccbd9967
2019-10-15 03:21:59,396 [grpc-default-executor-8] INFO  impl.RoleInfo (RoleInfo.java:shutdownFollowerState(121)) - 742c26a8-c271-430a-a05a-c8bba3fa6d96: shutdown FollowerState
2019-10-15 03:21:59,396 [grpc-default-executor-5] INFO  impl.RoleInfo (RoleInfo.java:shutdownFollowerState(121)) - a910346c-1ee2-4cdc-a6d8-644a3a4f0b7f: shutdown FollowerState
2019-10-15 03:21:59,396 [Thread-10677] INFO  impl.FollowerState (FollowerState.java:run(117)) - 742c26a8-c271-430a-a05a-c8bba3fa6d96@group-5FF82F29B6C0-FollowerState was interrupted: java.lang.InterruptedException: sleep interrupted
2019-10-15 03:21:59,396 [grpc-default-executor-8] INFO  impl.RoleInfo (RoleInfo.java:updateAndGet(143)) - 742c26a8-c271-430a-a05a-c8bba3fa6d96: start FollowerState
2019-10-15 03:21:59,396 [Thread-10678] INFO  impl.FollowerState (FollowerState.java:run(117)) - a910346c-1ee2-4cdc-a6d8-644a3a4f0b7f@group-5FF82F29B6C0-FollowerState was interrupted: java.lang.InterruptedException: sleep interrupted
2019-10-15 03:21:59,396 [grpc-default-executor-5] INFO  impl.RoleInfo (RoleInfo.java:updateAndGet(143)) - a910346c-1ee2-4cdc-a6d8-644a3a4f0b7f: start FollowerState
2019-10-15 03:21:59,410 [4c6a16c4-95d2-4ef7-9fc0-4f57ccbd9967@group-5FF82F29B6C0-LeaderElection1296] INFO  impl.LeaderElection (LeaderElection.java:logAndReturn(56)) - 4c6a16c4-95d2-4ef7-9fc0-4f57ccbd9967@group-5FF82F29B6C0-LeaderElection1296: Election REJECTED; received 2 response(s) [4c6a16c4-95d2-4ef7-9fc0-4f57ccbd9967<-742c26a8-c271-430a-a05a-c8bba3fa6d96#0:FAIL-t1344, 4c6a16c4-95d2-4ef7-9fc0-4f57ccbd9967<-a910346c-1ee2-4cdc-a6d8-644a3a4f0b7f#0:FAIL-t1344] and 0 exception(s); 4c6a16c4-95d2-4ef7-9fc0-4f57ccbd9967@group-5FF82F29B6C0:t1344, leader=null, voted=4c6a16c4-95d2-4ef7-9fc0-4f57ccbd9967, raftlog=4c6a16c4-95d2-4ef7-9fc0-4f57ccbd9967@group-5FF82F29B6C0-SegmentedRaftLog:OPENED:c-1,f-1,i0, conf=-1: [4c6a16c4-95d2-4ef7-9fc0-4f57ccbd9967:192.168.5.131:39112, 742c26a8-c271-430a-a05a-c8bba3fa6d96:192.168.5.131:42235, a910346c-1ee2-4cdc-a6d8-644a3a4f0b7f:192.168.5.131:38193], old=null
2019-10-15 03:21:59,411 [4c6a16c4-95d2-4ef7-9fc0-4f57ccbd9967@group-5FF82F29B6C0-LeaderElection1296] INFO  impl.RaftServerImpl (RaftServerImpl.java:setRole(184)) - 4c6a16c4-95d2-4ef7-9fc0-4f57ccbd9967@group-5FF82F29B6C0: changes role from CANDIDATE to FOLLOWER at term 1344 for DISCOVERED_A_NEW_TERM
2019-10-15 03:21:59,411 [4c6a16c4-95d2-4ef7-9fc0-4f57ccbd9967@group-5FF82F29B6C0-LeaderElection1296] INFO  impl.RoleInfo (RoleInfo.java:shutdownLeaderElection(134)) - 4c6a16c4-95d2-4ef7-9fc0-4f57ccbd9967: shutdown LeaderElection
2019-10-15 03:21:59,411 [4c6a16c4-95d2-4ef7-9fc0-4f57ccbd9967@group-5FF82F29B6C0-LeaderElection1296] INFO  impl.RoleInfo (RoleInfo.java:updateAndGet(143)) - 4c6a16c4-95d2-4ef7-9fc0-4f57ccbd9967: start FollowerState
2019-10-15 03:21:59,439 [Thread-10685] INFO  impl.FollowerState (FollowerState.java:run(108)) - 4c6a16c4-95d2-4ef7-9fc0-4f57ccbd9967@group-5FF82F29B6C0-FollowerState: change to CANDIDATE, lastRpcTime:28ms, electionTimeout:28ms
2019-10-15 03:21:59,439 [Thread-10685] INFO  impl.RoleInfo (RoleInfo.java:shutdownFollowerState(121)) - 4c6a16c4-95d2-4ef7-9fc0-4f57ccbd9967: shutdown FollowerState
2019-10-15 03:21:59,439 [Thread-10685] INFO  impl.RaftServerImpl (RaftServerImpl.java:setRole(184)) - 4c6a16c4-95d2-4ef7-9fc0-4f57ccbd9967@group-5FF82F29B6C0: changes role from  FOLLOWER to CANDIDATE at term 1344 for changeToCandidate
2019-10-15 03:21:59,440 [Thread-10685] ERROR ratis.XceiverServerRatis (XceiverServerRatis.java:triggerPipelineClose(582)) - pipeline Action CLOSE  on pipeline PipelineID=e4bf9835-e697-42f6-b211-5ff82f29b6c0.Reason : 4c6a16c4-95d2-4ef7-9fc0-4f57ccbd9967 is in candidate state for 174339ms
2019-10-15 03:21:59,440 [Thread-10685] INFO  impl.RoleInfo (RoleInfo.java:updateAndGet(143)) - 4c6a16c4-95d2-4ef7-9fc0-4f57ccbd9967: start LeaderElection
2019-10-15 03:21:59,453 [4c6a16c4-95d2-4ef7-9fc0-4f57ccbd9967@group-5FF82F29B6C0-LeaderElection1297] INFO  impl.LeaderElection (LeaderElection.java:askForVotes(178)) - 4c6a16c4-95d2-4ef7-9fc0-4f57ccbd9967@group-5FF82F29B6C0-LeaderElection1297: begin an election at term 1345 for -1: [4c6a16c4-95d2-4ef7-9fc0-4f57ccbd9967:192.168.5.131:39112, 742c26a8-c271-430a-a05a-c8bba3fa6d96:192.168.5.131:42235, a910346c-1ee2-4cdc-a6d8-644a3a4f0b7f:192.168.5.131:38193], old=null
2019-10-15 03:21:59,454 [grpc-default-executor-8] INFO  impl.RaftServerImpl (RaftServerImpl.java:setRole(184)) - 742c26a8-c271-430a-a05a-c8bba3fa6d96@group-5FF82F29B6C0: changes role from  FOLLOWER to FOLLOWER at term 1345 for recognizeCandidate:4c6a16c4-95d2-4ef7-9fc0-4f57ccbd9967
2019-10-15 03:21:59,454 [grpc-default-executor-8] INFO  impl.RoleInfo (RoleInfo.java:shutdownFollowerState(121)) - 742c26a8-c271-430a-a05a-c8bba3fa6d96: shutdown FollowerState
2019-10-15 03:21:59,454 [grpc-default-executor-5] INFO  impl.RaftServerImpl (RaftServerImpl.java:setRole(184)) - a910346c-1ee2-4cdc-a6d8-644a3a4f0b7f@group-5FF82F29B6C0: changes role from  FOLLOWER to FOLLOWER at term 1345 for recognizeCandidate:4c6a16c4-95d2-4ef7-9fc0-4f57ccbd9967
2019-10-15 03:21:59,455 [grpc-default-executor-5] INFO  impl.RoleInfo (RoleInfo.java:shutdownFollowerState(121)) - a910346c-1ee2-4cdc-a6d8-644a3a4f0b7f: shutdown FollowerState
2019-10-15 03:21:59,454 [Thread-10683] INFO  impl.FollowerState (FollowerState.java:run(117)) - 742c26a8-c271-430a-a05a-c8bba3fa6d96@group-5FF82F29B6C0-FollowerState was interrupted: java.lang.InterruptedException: sleep interrupted
2019-10-15 03:21:59,454 [grpc-default-executor-8] INFO  impl.RoleInfo (RoleInfo.java:updateAndGet(143)) - 742c26a8-c271-430a-a05a-c8bba3fa6d96: start FollowerState
2019-10-15 03:21:59,455 [Thread-10684] INFO  impl.FollowerState (FollowerState.java:run(117)) - a910346c-1ee2-4cdc-a6d8-644a3a4f0b7f@group-5FF82F29B6C0-FollowerState was interrupted: java.lang.InterruptedException: sleep interrupted
2019-10-15 03:21:59,455 [grpc-default-executor-5] INFO  impl.RoleInfo (RoleInfo.java:updateAndGet(143)) - a910346c-1ee2-4cdc-a6d8-644a3a4f0b7f: start FollowerState
2019-10-15 03:21:59,469 [4c6a16c4-95d2-4ef7-9fc0-4f57ccbd9967@group-5FF82F29B6C0-LeaderElection1297] INFO  impl.LeaderElection (LeaderElection.java:logAndReturn(56)) - 4c6a16c4-95d2-4ef7-9fc0-4f57ccbd9967@group-5FF82F29B6C0-LeaderElection1297: Election REJECTED; received 2 response(s) [4c6a16c4-95d2-4ef7-9fc0-4f57ccbd9967<-742c26a8-c271-430a-a05a-c8bba3fa6d96#0:FAIL-t1345, 4c6a16c4-95d2-4ef7-9fc0-4f57ccbd9967<-a910346c-1ee2-4cdc-a6d8-644a3a4f0b7f#0:FAIL-t1345] and 0 exception(s); 4c6a16c4-95d2-4ef7-9fc0-4f57ccbd9967@group-5FF82F29B6C0:t1345, leader=null, voted=4c6a16c4-95d2-4ef7-9fc0-4f57ccbd9967, raftlog=4c6a16c4-95d2-4ef7-9fc0-4f57ccbd9967@group-5FF82F29B6C0-SegmentedRaftLog:OPENED:c-1,f-1,i0, conf=-1: [4c6a16c4-95d2-4ef7-9fc0-4f57ccbd9967:192.168.5.131:39112, 742c26a8-c271-430a-a05a-c8bba3fa6d96:192.168.5.131:42235, a910346c-1ee2-4cdc-a6d8-644a3a4f0b7f:192.168.5.131:38193], old=null
2019-10-15 03:21:59,469 [4c6a16c4-95d2-4ef7-9fc0-4f57ccbd9967@group-5FF82F29B6C0-LeaderElection1297] INFO  impl.RaftServerImpl (RaftServerImpl.java:setRole(184)) - 4c6a16c4-95d2-4ef7-9fc0-4f57ccbd9967@group-5FF82F29B6C0: changes role from CANDIDATE to FOLLOWER at term 1345 for DISCOVERED_A_NEW_TERM
2019-10-15 03:21:59,470 [4c6a16c4-95d2-4ef7-9fc0-4f57ccbd9967@group-5FF82F29B6C0-LeaderElection1297] INFO  impl.RoleInfo (RoleInfo.java:shutdownLeaderElection(134)) - 4c6a16c4-95d2-4ef7-9fc0-4f57ccbd9967: shutdown LeaderElection
2019-10-15 03:21:59,470 [4c6a16c4-95d2-4ef7-9fc0-4f57ccbd9967@group-5FF82F29B6C0-LeaderElection1297] INFO  impl.RoleInfo (RoleInfo.java:updateAndGet(143)) - 4c6a16c4-95d2-4ef7-9fc0-4f57ccbd9967: start FollowerState
2019-10-15 03:21:59,521 [Thread-10691] INFO  impl.FollowerState (FollowerState.java:run(108)) - 4c6a16c4-95d2-4ef7-9fc0-4f57ccbd9967@group-5FF82F29B6C0-FollowerState: change to CANDIDATE, lastRpcTime:51ms, electionTimeout:51ms
2019-10-15 03:21:59,521 [Thread-10691] INFO  impl.RoleInfo (RoleInfo.java:shutdownFollowerState(121)) - 4c6a16c4-95d2-4ef7-9fc0-4f57ccbd9967: shutdown FollowerState
2019-10-15 03:21:59,521 [Thread-10691] INFO  impl.RaftServerImpl (RaftServerImpl.java:setRole(184)) - 4c6a16c4-95d2-4ef7-9fc0-4f57ccbd9967@group-5FF82F29B6C0: changes role from  FOLLOWER to CANDIDATE at term 1345 for changeToCandidate
2019-10-15 03:21:59,521 [Thread-10691] ERROR ratis.XceiverServerRatis (XceiverServerRatis.java:triggerPipelineClose(582)) - pipeline Action CLOSE  on pipeline PipelineID=e4bf9835-e697-42f6-b211-5ff82f29b6c0.Reason : 4c6a16c4-95d2-4ef7-9fc0-4f57ccbd9967 is in candidate state for 174421ms
2019-10-15 03:21:59,522 [Thread-10691] INFO  impl.RoleInfo (RoleInfo.java:updateAndGet(143)) - 4c6a16c4-95d2-4ef7-9fc0-4f57ccbd9967: start LeaderElection
2019-10-15 03:21:59,535 [4c6a16c4-95d2-4ef7-9fc0-4f57ccbd9967@group-5FF82F29B6C0-LeaderElection1298] INFO  impl.LeaderElection (LeaderElection.java:askForVotes(178)) - 4c6a16c4-95d2-4ef7-9fc0-4f57ccbd9967@group-5FF82F29B6C0-LeaderElection1298: begin an election at term 1346 for -1: [4c6a16c4-95d2-4ef7-9fc0-4f57ccbd9967:192.168.5.131:39112, 742c26a8-c271-430a-a05a-c8bba3fa6d96:192.168.5.131:42235, a910346c-1ee2-4cdc-a6d8-644a3a4f0b7f:192.168.5.131:38193], old=null
2019-10-15 03:21:59,536 [grpc-default-executor-8] INFO  impl.RaftServerImpl (RaftServerImpl.java:setRole(184)) - a910346c-1ee2-4cdc-a6d8-644a3a4f0b7f@group-5FF82F29B6C0: changes role from  FOLLOWER to FOLLOWER at term 1346 for recognizeCandidate:4c6a16c4-95d2-4ef7-9fc0-4f57ccbd9967
2019-10-15 03:21:59,536 [grpc-default-executor-8] INFO  impl.RoleInfo (RoleInfo.java:shutdownFollowerState(121)) - a910346c-1ee2-4cdc-a6d8-644a3a4f0b7f: shutdown FollowerState
2019-10-15 03:21:59,536 [grpc-default-executor-5] INFO  impl.RaftServerImpl (RaftServerImpl.java:setRole(184)) - 742c26a8-c271-430a-a05a-c8bba3fa6d96@group-5FF82F29B6C0: changes role from  FOLLOWER to FOLLOWER at term 1346 for recognizeCandidate:4c6a16c4-95d2-4ef7-9fc0-4f57ccbd9967
2019-10-15 03:21:59,536 [Thread-10690] INFO  impl.FollowerState (FollowerState.java:run(117)) - a910346c-1ee2-4cdc-a6d8-644a3a4f0b7f@group-5FF82F29B6C0-FollowerState was interrupted: java.lang.InterruptedException: sleep interrupted
2019-10-15 03:21:59,536 [grpc-default-executor-8] INFO  impl.RoleInfo (RoleInfo.java:updateAndGet(143)) - a910346c-1ee2-4cdc-a6d8-644a3a4f0b7f: start FollowerState
2019-10-15 03:21:59,536 [grpc-default-executor-5] INFO  impl.RoleInfo (RoleInfo.java:shutdownFollowerState(121)) - 742c26a8-c271-430a-a05a-c8bba3fa6d96: shutdown FollowerState
2019-10-15 03:21:59,537 [grpc-default-executor-5] INFO  impl.RoleInfo (RoleInfo.java:updateAndGet(143)) - 742c26a8-c271-430a-a05a-c8bba3fa6d96: start FollowerState
2019-10-15 03:21:59,537 [Thread-10689] INFO  impl.FollowerState (FollowerState.java:run(117)) - 742c26a8-c271-430a-a05a-c8bba3fa6d96@group-5FF82F29B6C0-FollowerState was interrupted: java.lang.InterruptedException: sleep interrupted
2019-10-15 03:21:59,550 [4c6a16c4-95d2-4ef7-9fc0-4f57ccbd9967@group-5FF82F29B6C0-LeaderElection1298] INFO  impl.LeaderElection (LeaderElection.java:logAndReturn(56)) - 4c6a16c4-95d2-4ef7-9fc0-4f57ccbd9967@group-5FF82F29B6C0-LeaderElection1298: Election REJECTED; received 2 response(s) [4c6a16c4-95d2-4ef7-9fc0-4f57ccbd9967<-742c26a8-c271-430a-a05a-c8bba3fa6d96#0:FAIL-t1346, 4c6a16c4-95d2-4ef7-9fc0-4f57ccbd9967<-a910346c-1ee2-4cdc-a6d8-644a3a4f0b7f#0:FAIL-t1346] and 0 exception(s); 4c6a16c4-95d2-4ef7-9fc0-4f57ccbd9967@group-5FF82F29B6C0:t1346, leader=null, voted=4c6a16c4-95d2-4ef7-9fc0-4f57ccbd9967, raftlog=4c6a16c4-95d2-4ef7-9fc0-4f57ccbd9967@group-5FF82F29B6C0-SegmentedRaftLog:OPENED:c-1,f-1,i0, conf=-1: [4c6a16c4-95d2-4ef7-9fc0-4f57ccbd9967:192.168.5.131:39112, 742c26a8-c271-430a-a05a-c8bba3fa6d96:192.168.5.131:42235, a910346c-1ee2-4cdc-a6d8-644a3a4f0b7f:192.168.5.131:38193], old=null
2019-10-15 03:21:59,550 [4c6a16c4-95d2-4ef7-9fc0-4f57ccbd9967@group-5FF82F29B6C0-LeaderElection1298] INFO  impl.RaftServerImpl (RaftServerImpl.java:setRole(184)) - 4c6a16c4-95d2-4ef7-9fc0-4f57ccbd9967@group-5FF82F29B6C0: changes role from CANDIDATE to FOLLOWER at term 1346 for DISCOVERED_A_NEW_TERM
2019-10-15 03:21:59,551 [4c6a16c4-95d2-4ef7-9fc0-4f57ccbd9967@group-5FF82F29B6C0-LeaderElection1298] INFO  impl.RoleInfo (RoleInfo.java:shutdownLeaderElection(134)) - 4c6a16c4-95d2-4ef7-9fc0-4f57ccbd9967: shutdown LeaderElection
2019-10-15 03:21:59,551 [4c6a16c4-95d2-4ef7-9fc0-4f57ccbd9967@group-5FF82F29B6C0-LeaderElection1298] INFO  impl.RoleInfo (RoleInfo.java:updateAndGet(143)) - 4c6a16c4-95d2-4ef7-9fc0-4f57ccbd9967: start FollowerState
2019-10-15 03:21:59,591 [Thread-10697] INFO  impl.FollowerState (FollowerState.java:run(108)) - 4c6a16c4-95d2-4ef7-9fc0-4f57ccbd9967@group-5FF82F29B6C0-FollowerState: change to CANDIDATE, lastRpcTime:40ms, electionTimeout:40ms
2019-10-15 03:21:59,591 [Thread-10697] INFO  impl.RoleInfo (RoleInfo.java:shutdownFollowerState(121)) - 4c6a16c4-95d2-4ef7-9fc0-4f57ccbd9967: shutdown FollowerState
2019-10-15 03:21:59,591 [Thread-10697] INFO  impl.RaftServerImpl (RaftServerImpl.java:setRole(184)) - 4c6a16c4-95d2-4ef7-9fc0-4f57ccbd9967@group-5FF82F29B6C0: changes role from  FOLLOWER to CANDIDATE at term 1346 for changeToCandidate
2019-10-15 03:21:59,591 [Thread-10697] ERROR ratis.XceiverServerRatis (XceiverServerRatis.java:triggerPipelineClose(582)) - pipeline Action CLOSE  on pipeline PipelineID=e4bf9835-e697-42f6-b211-5ff82f29b6c0.Reason : 4c6a16c4-95d2-4ef7-9fc0-4f57ccbd9967 is in candidate state for 174491ms
2019-10-15 03:21:59,592 [Thread-10697] INFO  impl.RoleInfo (RoleInfo.java:updateAndGet(143)) - 4c6a16c4-95d2-4ef7-9fc0-4f57ccbd9967: start LeaderElection
2019-10-15 03:21:59,604 [4c6a16c4-95d2-4ef7-9fc0-4f57ccbd9967@group-5FF82F29B6C0-LeaderElection1299] INFO  impl.LeaderElection (LeaderElection.java:askForVotes(178)) - 4c6a16c4-95d2-4ef7-9fc0-4f57ccbd9967@group-5FF82F29B6C0-LeaderElection1299: begin an election at term 1347 for -1: [4c6a16c4-95d2-4ef7-9fc0-4f57ccbd9967:192.168.5.131:39112, 742c26a8-c271-430a-a05a-c8bba3fa6d96:192.168.5.131:42235, a910346c-1ee2-4cdc-a6d8-644a3a4f0b7f:192.168.5.131:38193], old=null
2019-10-15 03:21:59,605 [grpc-default-executor-5] INFO  impl.RaftServerImpl (RaftServerImpl.java:setRole(184)) - 742c26a8-c271-430a-a05a-c8bba3fa6d96@group-5FF82F29B6C0: changes role from  FOLLOWER to FOLLOWER at term 1347 for recognizeCandidate:4c6a16c4-95d2-4ef7-9fc0-4f57ccbd9967
2019-10-15 03:21:59,605 [grpc-default-executor-8] INFO  impl.RaftServerImpl (RaftServerImpl.java:setRole(184)) - a910346c-1ee2-4cdc-a6d8-644a3a4f0b7f@group-5FF82F29B6C0: changes role from  FOLLOWER to FOLLOWER at term 1347 for recognizeCandidate:4c6a16c4-95d2-4ef7-9fc0-4f57ccbd9967
2019-10-15 03:21:59,605 [grpc-default-executor-5] INFO  impl.RoleInfo (RoleInfo.java:shutdownFollowerState(121)) - 742c26a8-c271-430a-a05a-c8bba3fa6d96: shutdown FollowerState
2019-10-15 03:21:59,606 [grpc-default-executor-8] INFO  impl.RoleInfo (RoleInfo.java:shutdownFollowerState(121)) - a910346c-1ee2-4cdc-a6d8-644a3a4f0b7f: shutdown FollowerState
2019-10-15 03:21:59,606 [Thread-10696] INFO  impl.FollowerState (FollowerState.java:run(117)) - 742c26a8-c271-430a-a05a-c8bba3fa6d96@group-5FF82F29B6C0-FollowerState was interrupted: java.lang.InterruptedException: sleep interrupted
2019-10-15 03:21:59,606 [Thread-10695] INFO  impl.FollowerState (FollowerState.java:run(117)) - a910346c-1ee2-4cdc-a6d8-644a3a4f0b7f@group-5FF82F29B6C0-FollowerState was interrupted: java.lang.InterruptedException: sleep interrupted
2019-10-15 03:21:59,606 [grpc-default-executor-5] INFO  impl.RoleInfo (RoleInfo.java:updateAndGet(143)) - 742c26a8-c271-430a-a05a-c8bba3fa6d96: start FollowerState
2019-10-15 03:21:59,606 [grpc-default-executor-8] INFO  impl.RoleInfo (RoleInfo.java:updateAndGet(143)) - a910346c-1ee2-4cdc-a6d8-644a3a4f0b7f: start FollowerState
2019-10-15 03:21:59,624 [4c6a16c4-95d2-4ef7-9fc0-4f57ccbd9967@group-5FF82F29B6C0-LeaderElection1299] INFO  impl.LeaderElection (LeaderElection.java:logAndReturn(56)) - 4c6a16c4-95d2-4ef7-9fc0-4f57ccbd9967@group-5FF82F29B6C0-LeaderElection1299: Election REJECTED; received 2 response(s) [4c6a16c4-95d2-4ef7-9fc0-4f57ccbd9967<-742c26a8-c271-430a-a05a-c8bba3fa6d96#0:FAIL-t1347, 4c6a16c4-95d2-4ef7-9fc0-4f57ccbd9967<-a910346c-1ee2-4cdc-a6d8-644a3a4f0b7f#0:FAIL-t1347] and 0 exception(s); 4c6a16c4-95d2-4ef7-9fc0-4f57ccbd9967@group-5FF82F29B6C0:t1347, leader=null, voted=4c6a16c4-95d2-4ef7-9fc0-4f57ccbd9967, raftlog=4c6a16c4-95d2-4ef7-9fc0-4f57ccbd9967@group-5FF82F29B6C0-SegmentedRaftLog:OPENED:c-1,f-1,i0, conf=-1: [4c6a16c4-95d2-4ef7-9fc0-4f57ccbd9967:192.168.5.131:39112, 742c26a8-c271-430a-a05a-c8bba3fa6d96:192.168.5.131:42235, a910346c-1ee2-4cdc-a6d8-644a3a4f0b7f:192.168.5.131:38193], old=null
2019-10-15 03:21:59,624 [4c6a16c4-95d2-4ef7-9fc0-4f57ccbd9967@group-5FF82F29B6C0-LeaderElection1299] INFO  impl.RaftServerImpl (RaftServerImpl.java:setRole(184)) - 4c6a16c4-95d2-4ef7-9fc0-4f57ccbd9967@group-5FF82F29B6C0: changes role from CANDIDATE to FOLLOWER at term 1347 for DISCOVERED_A_NEW_TERM
2019-10-15 03:21:59,625 [4c6a16c4-95d2-4ef7-9fc0-4f57ccbd9967@group-5FF82F29B6C0-LeaderElection1299] INFO  impl.RoleInfo (RoleInfo.java:shutdownLeaderElection(134)) - 4c6a16c4-95d2-4ef7-9fc0-4f57ccbd9967: shutdown LeaderElection
2019-10-15 03:21:59,625 [4c6a16c4-95d2-4ef7-9fc0-4f57ccbd9967@group-5FF82F29B6C0-LeaderElection1299] INFO  impl.RoleInfo (RoleInfo.java:updateAndGet(143)) - 4c6a16c4-95d2-4ef7-9fc0-4f57ccbd9967: start FollowerState
2019-10-15 03:21:59,761 [Thread-10705] INFO  impl.FollowerState (FollowerState.java:run(108)) - 4c6a16c4-95d2-4ef7-9fc0-4f57ccbd9967@group-5FF82F29B6C0-FollowerState: change to CANDIDATE, lastRpcTime:136ms, electionTimeout:136ms
2019-10-15 03:21:59,761 [Thread-10705] INFO  impl.RoleInfo (RoleInfo.java:shutdownFollowerState(121)) - 4c6a16c4-95d2-4ef7-9fc0-4f57ccbd9967: shutdown FollowerState
2019-10-15 03:21:59,761 [Thread-10705] INFO  impl.RaftServerImpl (RaftServerImpl.java:setRole(184)) - 4c6a16c4-95d2-4ef7-9fc0-4f57ccbd9967@group-5FF82F29B6C0: changes role from  FOLLOWER to CANDIDATE at term 1347 for changeToCandidate
2019-10-15 03:21:59,761 [Thread-10705] ERROR ratis.XceiverServerRatis (XceiverServerRatis.java:triggerPipelineClose(582)) - pipeline Action CLOSE  on pipeline PipelineID=e4bf9835-e697-42f6-b211-5ff82f29b6c0.Reason : 4c6a16c4-95d2-4ef7-9fc0-4f57ccbd9967 is in candidate state for 174661ms
2019-10-15 03:21:59,762 [Thread-10705] INFO  impl.RoleInfo (RoleInfo.java:updateAndGet(143)) - 4c6a16c4-95d2-4ef7-9fc0-4f57ccbd9967: start LeaderElection
2019-10-15 03:21:59,774 [4c6a16c4-95d2-4ef7-9fc0-4f57ccbd9967@group-5FF82F29B6C0-LeaderElection1300] INFO  impl.LeaderElection (LeaderElection.java:askForVotes(178)) - 4c6a16c4-95d2-4ef7-9fc0-4f57ccbd9967@group-5FF82F29B6C0-LeaderElection1300: begin an election at term 1348 for -1: [4c6a16c4-95d2-4ef7-9fc0-4f57ccbd9967:192.168.5.131:39112, 742c26a8-c271-430a-a05a-c8bba3fa6d96:192.168.5.131:42235, a910346c-1ee2-4cdc-a6d8-644a3a4f0b7f:192.168.5.131:38193], old=null
2019-10-15 03:21:59,776 [grpc-default-executor-8] INFO  impl.RaftServerImpl (RaftServerImpl.java:setRole(184)) - 742c26a8-c271-430a-a05a-c8bba3fa6d96@group-5FF82F29B6C0: changes role from  FOLLOWER to FOLLOWER at term 1348 for recognizeCandidate:4c6a16c4-95d2-4ef7-9fc0-4f57ccbd9967
2019-10-15 03:21:59,776 [grpc-default-executor-8] INFO  impl.RoleInfo (RoleInfo.java:shutdownFollowerState(121)) - 742c26a8-c271-430a-a05a-c8bba3fa6d96: shutdown FollowerState
2019-10-15 03:21:59,776 [grpc-default-executor-5] INFO  impl.RaftServerImpl (RaftServerImpl.java:setRole(184)) - a910346c-1ee2-4cdc-a6d8-644a3a4f0b7f@group-5FF82F29B6C0: changes role from  FOLLOWER to FOLLOWER at term 1348 for recognizeCandidate:4c6a16c4-95d2-4ef7-9fc0-4f57ccbd9967
2019-10-15 03:21:59,776 [grpc-default-executor-5] INFO  impl.RoleInfo (RoleInfo.java:shutdownFollowerState(121)) - a910346c-1ee2-4cdc-a6d8-644a3a4f0b7f: shutdown FollowerState
2019-10-15 03:21:59,776 [Thread-10703] INFO  impl.FollowerState (FollowerState.java:run(117)) - 742c26a8-c271-430a-a05a-c8bba3fa6d96@group-5FF82F29B6C0-FollowerState was interrupted: java.lang.InterruptedException: sleep interrupted
2019-10-15 03:21:59,776 [grpc-default-executor-8] INFO  impl.RoleInfo (RoleInfo.java:updateAndGet(143)) - 742c26a8-c271-430a-a05a-c8bba3fa6d96: start FollowerState
2019-10-15 03:21:59,777 [Thread-10704] INFO  impl.FollowerState (FollowerState.java:run(117)) - a910346c-1ee2-4cdc-a6d8-644a3a4f0b7f@group-5FF82F29B6C0-FollowerState was interrupted: java.lang.InterruptedException: sleep interrupted
2019-10-15 03:21:59,776 [grpc-default-executor-5] INFO  impl.RoleInfo (RoleInfo.java:updateAndGet(143)) - a910346c-1ee2-4cdc-a6d8-644a3a4f0b7f: start FollowerState
2019-10-15 03:21:59,791 [4c6a16c4-95d2-4ef7-9fc0-4f57ccbd9967@group-5FF82F29B6C0-LeaderElection1300] INFO  impl.LeaderElection (LeaderElection.java:logAndReturn(56)) - 4c6a16c4-95d2-4ef7-9fc0-4f57ccbd9967@group-5FF82F29B6C0-LeaderElection1300: Election REJECTED; received 2 response(s) [4c6a16c4-95d2-4ef7-9fc0-4f57ccbd9967<-742c26a8-c271-430a-a05a-c8bba3fa6d96#0:FAIL-t1348, 4c6a16c4-95d2-4ef7-9fc0-4f57ccbd9967<-a910346c-1ee2-4cdc-a6d8-644a3a4f0b7f#0:FAIL-t1348] and 0 exception(s); 4c6a16c4-95d2-4ef7-9fc0-4f57ccbd9967@group-5FF82F29B6C0:t1348, leader=null, voted=4c6a16c4-95d2-4ef7-9fc0-4f57ccbd9967, raftlog=4c6a16c4-95d2-4ef7-9fc0-4f57ccbd9967@group-5FF82F29B6C0-SegmentedRaftLog:OPENED:c-1,f-1,i0, conf=-1: [4c6a16c4-95d2-4ef7-9fc0-4f57ccbd9967:192.168.5.131:39112, 742c26a8-c271-430a-a05a-c8bba3fa6d96:192.168.5.131:42235, a910346c-1ee2-4cdc-a6d8-644a3a4f0b7f:192.168.5.131:38193], old=null
2019-10-15 03:21:59,791 [4c6a16c4-95d2-4ef7-9fc0-4f57ccbd9967@group-5FF82F29B6C0-LeaderElection1300] INFO  impl.RaftServerImpl (RaftServerImpl.java:setRole(184)) - 4c6a16c4-95d2-4ef7-9fc0-4f57ccbd9967@group-5FF82F29B6C0: changes role from CANDIDATE to FOLLOWER at term 1348 for DISCOVERED_A_NEW_TERM
2019-10-15 03:21:59,791 [4c6a16c4-95d2-4ef7-9fc0-4f57ccbd9967@group-5FF82F29B6C0-LeaderElection1300] INFO  impl.RoleInfo (RoleInfo.java:shutdownLeaderElection(134)) - 4c6a16c4-95d2-4ef7-9fc0-4f57ccbd9967: shutdown LeaderElection
2019-10-15 03:21:59,791 [4c6a16c4-95d2-4ef7-9fc0-4f57ccbd9967@group-5FF82F29B6C0-LeaderElection1300] INFO  impl.RoleInfo (RoleInfo.java:updateAndGet(143)) - 4c6a16c4-95d2-4ef7-9fc0-4f57ccbd9967: start FollowerState
2019-10-15 03:21:59,990 [Thread-10711] INFO  impl.FollowerState (FollowerState.java:run(108)) - 4c6a16c4-95d2-4ef7-9fc0-4f57ccbd9967@group-5FF82F29B6C0-FollowerState: change to CANDIDATE, lastRpcTime:199ms, electionTimeout:199ms
2019-10-15 03:21:59,991 [Thread-10711] INFO  impl.RoleInfo (RoleInfo.java:shutdownFollowerState(121)) - 4c6a16c4-95d2-4ef7-9fc0-4f57ccbd9967: shutdown FollowerState
2019-10-15 03:21:59,991 [Thread-10711] INFO  impl.RaftServerImpl (RaftServerImpl.java:setRole(184)) - 4c6a16c4-95d2-4ef7-9fc0-4f57ccbd9967@group-5FF82F29B6C0: changes role from  FOLLOWER to CANDIDATE at term 1348 for changeToCandidate
2019-10-15 03:21:59,991 [Thread-10711] ERROR ratis.XceiverServerRatis (XceiverServerRatis.java:triggerPipelineClose(582)) - pipeline Action CLOSE  on pipeline PipelineID=e4bf9835-e697-42f6-b211-5ff82f29b6c0.Reason : 4c6a16c4-95d2-4ef7-9fc0-4f57ccbd9967 is in candidate state for 174890ms
2019-10-15 03:21:59,991 [Thread-10711] INFO  impl.RoleInfo (RoleInfo.java:updateAndGet(143)) - 4c6a16c4-95d2-4ef7-9fc0-4f57ccbd9967: start LeaderElection
2019-10-15 03:21:59,992 [EventQueue-PipelineActionsForPipelineActionHandler] ERROR pipeline.PipelineActionHandler (PipelineActionHandler.java:onMessage(60)) - Received pipeline action CLOSE for Pipeline[ Id: e4bf9835-e697-42f6-b211-5ff82f29b6c0, Nodes: a910346c-1ee2-4cdc-a6d8-644a3a4f0b7f{ip: 192.168.5.131, host: pr-hdds-2305-c92ks-1629580955, networkLocation: /default-rack, certSerialId: null}742c26a8-c271-430a-a05a-c8bba3fa6d96{ip: 192.168.5.131, host: pr-hdds-2305-c92ks-1629580955, networkLocation: /default-rack, certSerialId: null}4c6a16c4-95d2-4ef7-9fc0-4f57ccbd9967{ip: 192.168.5.131, host: pr-hdds-2305-c92ks-1629580955, networkLocation: /default-rack, certSerialId: null}, Type:RATIS, Factor:THREE, State:CLOSED] from datanode 4c6a16c4-95d2-4ef7-9fc0-4f57ccbd9967{ip: 192.168.5.131, host: pr-hdds-2305-c92ks-1629580955, networkLocation: /default-rack, certSerialId: null}. Reason : 4c6a16c4-95d2-4ef7-9fc0-4f57ccbd9967 is in candidate state for 173936ms
2019-10-15 03:21:59,992 [EventQueue-PipelineActionsForPipelineActionHandler] INFO  pipeline.SCMPipelineManager (SCMPipelineManager.java:finalizeAndDestroyPipeline(315)) - destroying pipeline:Pipeline[ Id: e4bf9835-e697-42f6-b211-5ff82f29b6c0, Nodes: a910346c-1ee2-4cdc-a6d8-644a3a4f0b7f{ip: 192.168.5.131, host: pr-hdds-2305-c92ks-1629580955, networkLocation: /default-rack, certSerialId: null}742c26a8-c271-430a-a05a-c8bba3fa6d96{ip: 192.168.5.131, host: pr-hdds-2305-c92ks-1629580955, networkLocation: /default-rack, certSerialId: null}4c6a16c4-95d2-4ef7-9fc0-4f57ccbd9967{ip: 192.168.5.131, host: pr-hdds-2305-c92ks-1629580955, networkLocation: /default-rack, certSerialId: null}, Type:RATIS, Factor:THREE, State:CLOSED]
2019-10-15 03:22:00,006 [4c6a16c4-95d2-4ef7-9fc0-4f57ccbd9967@group-5FF82F29B6C0-LeaderElection1301] INFO  impl.LeaderElection (LeaderElection.java:askForVotes(178)) - 4c6a16c4-95d2-4ef7-9fc0-4f57ccbd9967@group-5FF82F29B6C0-LeaderElection1301: begin an election at term 1349 for -1: [4c6a16c4-95d2-4ef7-9fc0-4f57ccbd9967:192.168.5.131:39112, 742c26a8-c271-430a-a05a-c8bba3fa6d96:192.168.5.131:42235, a910346c-1ee2-4cdc-a6d8-644a3a4f0b7f:192.168.5.131:38193], old=null
2019-10-15 03:22:00,008 [grpc-default-executor-5] INFO  impl.RaftServerImpl (RaftServerImpl.java:setRole(184)) - 742c26a8-c271-430a-a05a-c8bba3fa6d96@group-5FF82F29B6C0: changes role from  FOLLOWER to FOLLOWER at term 1349 for recognizeCandidate:4c6a16c4-95d2-4ef7-9fc0-4f57ccbd9967
2019-10-15 03:22:00,008 [grpc-default-executor-5] INFO  impl.RoleInfo (RoleInfo.java:shutdownFollowerState(121)) - 742c26a8-c271-430a-a05a-c8bba3fa6d96: shutdown FollowerState
2019-10-15 03:22:00,008 [grpc-default-executor-5] INFO  impl.RoleInfo (RoleInfo.java:updateAndGet(143)) - 742c26a8-c271-430a-a05a-c8bba3fa6d96: start FollowerState
2019-10-15 03:22:00,008 [Thread-10709] INFO  impl.FollowerState (FollowerState.java:run(117)) - 742c26a8-c271-430a-a05a-c8bba3fa6d96@group-5FF82F29B6C0-FollowerState was interrupted: java.lang.InterruptedException: sleep interrupted
2019-10-15 03:22:00,009 [grpc-default-executor-8] INFO  impl.RaftServerImpl (RaftServerImpl.java:setRole(184)) - a910346c-1ee2-4cdc-a6d8-644a3a4f0b7f@group-5FF82F29B6C0: changes role from  FOLLOWER to FOLLOWER at term 1349 for recognizeCandidate:4c6a16c4-95d2-4ef7-9fc0-4f57ccbd9967
2019-10-15 03:22:00,009 [grpc-default-executor-8] INFO  impl.RoleInfo (RoleInfo.java:shutdownFollowerState(121)) - a910346c-1ee2-4cdc-a6d8-644a3a4f0b7f: shutdown FollowerState
2019-10-15 03:22:00,009 [grpc-default-executor-8] INFO  impl.RoleInfo (RoleInfo.java:updateAndGet(143)) - a910346c-1ee2-4cdc-a6d8-644a3a4f0b7f: start FollowerState
2019-10-15 03:22:00,009 [Thread-10710] INFO  impl.FollowerState (FollowerState.java:run(117)) - a910346c-1ee2-4cdc-a6d8-644a3a4f0b7f@group-5FF82F29B6C0-FollowerState was interrupted: java.lang.InterruptedException: sleep interrupted
2019-10-15 03:22:00,026 [4c6a16c4-95d2-4ef7-9fc0-4f57ccbd9967@group-5FF82F29B6C0-LeaderElection1301] INFO  impl.LeaderElection (LeaderElection.java:logAndReturn(56)) - 4c6a16c4-95d2-4ef7-9fc0-4f57ccbd9967@group-5FF82F29B6C0-LeaderElection1301: Election REJECTED; received 2 response(s) [4c6a16c4-95d2-4ef7-9fc0-4f57ccbd9967<-742c26a8-c271-430a-a05a-c8bba3fa6d96#0:FAIL-t1349, 4c6a16c4-95d2-4ef7-9fc0-4f57ccbd9967<-a910346c-1ee2-4cdc-a6d8-644a3a4f0b7f#0:FAIL-t1349] and 0 exception(s); 4c6a16c4-95d2-4ef7-9fc0-4f57ccbd9967@group-5FF82F29B6C0:t1349, leader=null, voted=4c6a16c4-95d2-4ef7-9fc0-4f57ccbd9967, raftlog=4c6a16c4-95d2-4ef7-9fc0-4f57ccbd9967@group-5FF82F29B6C0-SegmentedRaftLog:OPENED:c-1,f-1,i0, conf=-1: [4c6a16c4-95d2-4ef7-9fc0-4f57ccbd9967:192.168.5.131:39112, 742c26a8-c271-430a-a05a-c8bba3fa6d96:192.168.5.131:42235, a910346c-1ee2-4cdc-a6d8-644a3a4f0b7f:192.168.5.131:38193], old=null
2019-10-15 03:22:00,026 [4c6a16c4-95d2-4ef7-9fc0-4f57ccbd9967@group-5FF82F29B6C0-LeaderElection1301] INFO  impl.RaftServerImpl (RaftServerImpl.java:setRole(184)) - 4c6a16c4-95d2-4ef7-9fc0-4f57ccbd9967@group-5FF82F29B6C0: changes role from CANDIDATE to FOLLOWER at term 1349 for DISCOVERED_A_NEW_TERM
2019-10-15 03:22:00,026 [4c6a16c4-95d2-4ef7-9fc0-4f57ccbd9967@group-5FF82F29B6C0-LeaderElection1301] INFO  impl.RoleInfo (RoleInfo.java:shutdownLeaderElection(134)) - 4c6a16c4-95d2-4ef7-9fc0-4f57ccbd9967: shutdown LeaderElection
2019-10-15 03:22:00,026 [4c6a16c4-95d2-4ef7-9fc0-4f57ccbd9967@group-5FF82F29B6C0-LeaderElection1301] INFO  impl.RoleInfo (RoleInfo.java:updateAndGet(143)) - 4c6a16c4-95d2-4ef7-9fc0-4f57ccbd9967: start FollowerState
2019-10-15 03:22:00,211 [Thread-10717] INFO  impl.FollowerState (FollowerState.java:run(108)) - 4c6a16c4-95d2-4ef7-9fc0-4f57ccbd9967@group-5FF82F29B6C0-FollowerState: change to CANDIDATE, lastRpcTime:184ms, electionTimeout:184ms
2019-10-15 03:22:00,211 [Thread-10717] INFO  impl.RoleInfo (RoleInfo.java:shutdownFollowerState(121)) - 4c6a16c4-95d2-4ef7-9fc0-4f57ccbd9967: shutdown FollowerState
2019-10-15 03:22:00,211 [Thread-10717] INFO  impl.RaftServerImpl (RaftServerImpl.java:setRole(184)) - 4c6a16c4-95d2-4ef7-9fc0-4f57ccbd9967@group-5FF82F29B6C0: changes role from  FOLLOWER to CANDIDATE at term 1349 for changeToCandidate
2019-10-15 03:22:00,211 [Thread-10717] ERROR ratis.XceiverServerRatis (XceiverServerRatis.java:triggerPipelineClose(582)) - pipeline Action CLOSE  on pipeline PipelineID=e4bf9835-e697-42f6-b211-5ff82f29b6c0.Reason : 4c6a16c4-95d2-4ef7-9fc0-4f57ccbd9967 is in candidate state for 175110ms
2019-10-15 03:22:00,211 [Thread-10717] INFO  impl.RoleInfo (RoleInfo.java:updateAndGet(143)) - 4c6a16c4-95d2-4ef7-9fc0-4f57ccbd9967: start LeaderElection
2019-10-15 03:22:00,224 [4c6a16c4-95d2-4ef7-9fc0-4f57ccbd9967@group-5FF82F29B6C0-LeaderElection1302] INFO  impl.LeaderElection (LeaderElection.java:askForVotes(178)) - 4c6a16c4-95d2-4ef7-9fc0-4f57ccbd9967@group-5FF82F29B6C0-LeaderElection1302: begin an election at term 1350 for -1: [4c6a16c4-95d2-4ef7-9fc0-4f57ccbd9967:192.168.5.131:39112, 742c26a8-c271-430a-a05a-c8bba3fa6d96:192.168.5.131:42235, a910346c-1ee2-4cdc-a6d8-644a3a4f0b7f:192.168.5.131:38193], old=null
2019-10-15 03:22:00,225 [grpc-default-executor-5] INFO  impl.RaftServerImpl (RaftServerImpl.java:setRole(184)) - 742c26a8-c271-430a-a05a-c8bba3fa6d96@group-5FF82F29B6C0: changes role from  FOLLOWER to FOLLOWER at term 1350 for recognizeCandidate:4c6a16c4-95d2-4ef7-9fc0-4f57ccbd9967
2019-10-15 03:22:00,225 [grpc-default-executor-8] INFO  impl.RaftServerImpl (RaftServerImpl.java:setRole(184)) - a910346c-1ee2-4cdc-a6d8-644a3a4f0b7f@group-5FF82F29B6C0: changes role from  FOLLOWER to FOLLOWER at term 1350 for recognizeCandidate:4c6a16c4-95d2-4ef7-9fc0-4f57ccbd9967
2019-10-15 03:22:00,226 [grpc-default-executor-5] INFO  impl.RoleInfo (RoleInfo.java:shutdownFollowerState(121)) - 742c26a8-c271-430a-a05a-c8bba3fa6d96: shutdown FollowerState
2019-10-15 03:22:00,226 [grpc-default-executor-8] INFO  impl.RoleInfo (RoleInfo.java:shutdownFollowerState(121)) - a910346c-1ee2-4cdc-a6d8-644a3a4f0b7f: shutdown FollowerState
2019-10-15 03:22:00,226 [grpc-default-executor-5] INFO  impl.RoleInfo (RoleInfo.java:updateAndGet(143)) - 742c26a8-c271-430a-a05a-c8bba3fa6d96: start FollowerState
2019-10-15 03:22:00,226 [Thread-10715] INFO  impl.FollowerState (FollowerState.java:run(117)) - 742c26a8-c271-430a-a05a-c8bba3fa6d96@group-5FF82F29B6C0-FollowerState was interrupted: java.lang.InterruptedException: sleep interrupted
2019-10-15 03:22:00,226 [Thread-10716] INFO  impl.FollowerState (FollowerState.java:run(117)) - a910346c-1ee2-4cdc-a6d8-644a3a4f0b7f@group-5FF82F29B6C0-FollowerState was interrupted: java.lang.InterruptedException: sleep interrupted
2019-10-15 03:22:00,226 [grpc-default-executor-8] INFO  impl.RoleInfo (RoleInfo.java:updateAndGet(143)) - a910346c-1ee2-4cdc-a6d8-644a3a4f0b7f: start FollowerState
2019-10-15 03:22:00,239 [4c6a16c4-95d2-4ef7-9fc0-4f57ccbd9967@group-5FF82F29B6C0-LeaderElection1302] INFO  impl.LeaderElection (LeaderElection.java:logAndReturn(56)) - 4c6a16c4-95d2-4ef7-9fc0-4f57ccbd9967@group-5FF82F29B6C0-LeaderElection1302: Election REJECTED; received 2 response(s) [4c6a16c4-95d2-4ef7-9fc0-4f57ccbd9967<-742c26a8-c271-430a-a05a-c8bba3fa6d96#0:FAIL-t1350, 4c6a16c4-95d2-4ef7-9fc0-4f57ccbd9967<-a910346c-1ee2-4cdc-a6d8-644a3a4f0b7f#0:FAIL-t1350] and 0 exception(s); 4c6a16c4-95d2-4ef7-9fc0-4f57ccbd9967@group-5FF82F29B6C0:t1350, leader=null, voted=4c6a16c4-95d2-4ef7-9fc0-4f57ccbd9967, raftlog=4c6a16c4-95d2-4ef7-9fc0-4f57ccbd9967@group-5FF82F29B6C0-SegmentedRaftLog:OPENED:c-1,f-1,i0, conf=-1: [4c6a16c4-95d2-4ef7-9fc0-4f57ccbd9967:192.168.5.131:39112, 742c26a8-c271-430a-a05a-c8bba3fa6d96:192.168.5.131:42235, a910346c-1ee2-4cdc-a6d8-644a3a4f0b7f:192.168.5.131:38193], old=null
2019-10-15 03:22:00,240 [4c6a16c4-95d2-4ef7-9fc0-4f57ccbd9967@group-5FF82F29B6C0-LeaderElection1302] INFO  impl.RaftServerImpl (RaftServerImpl.java:setRole(184)) - 4c6a16c4-95d2-4ef7-9fc0-4f57ccbd9967@group-5FF82F29B6C0: changes role from CANDIDATE to FOLLOWER at term 1350 for DISCOVERED_A_NEW_TERM
2019-10-15 03:22:00,240 [4c6a16c4-95d2-4ef7-9fc0-4f57ccbd9967@group-5FF82F29B6C0-LeaderElection1302] INFO  impl.RoleInfo (RoleInfo.java:shutdownLeaderElection(134)) - 4c6a16c4-95d2-4ef7-9fc0-4f57ccbd9967: shutdown LeaderElection
2019-10-15 03:22:00,240 [4c6a16c4-95d2-4ef7-9fc0-4f57ccbd9967@group-5FF82F29B6C0-LeaderElection1302] INFO  impl.RoleInfo (RoleInfo.java:updateAndGet(143)) - 4c6a16c4-95d2-4ef7-9fc0-4f57ccbd9967: start FollowerState
2019-10-15 03:22:00,334 [Thread-10725] INFO  impl.FollowerState (FollowerState.java:run(108)) - 4c6a16c4-95d2-4ef7-9fc0-4f57ccbd9967@group-5FF82F29B6C0-FollowerState: change to CANDIDATE, lastRpcTime:94ms, electionTimeout:94ms
2019-10-15 03:22:00,334 [Thread-10725] INFO  impl.RoleInfo (RoleInfo.java:shutdownFollowerState(121)) - 4c6a16c4-95d2-4ef7-9fc0-4f57ccbd9967: shutdown FollowerState
2019-10-15 03:22:00,334 [Thread-10725] INFO  impl.RaftServerImpl (RaftServerImpl.java:setRole(184)) - 4c6a16c4-95d2-4ef7-9fc0-4f57ccbd9967@group-5FF82F29B6C0: changes role from  FOLLOWER to CANDIDATE at term 1350 for changeToCandidate
2019-10-15 03:22:00,334 [Thread-10725] ERROR ratis.XceiverServerRatis (XceiverServerRatis.java:triggerPipelineClose(582)) - pipeline Action CLOSE  on pipeline PipelineID=e4bf9835-e697-42f6-b211-5ff82f29b6c0.Reason : 4c6a16c4-95d2-4ef7-9fc0-4f57ccbd9967 is in candidate state for 175234ms
2019-10-15 03:22:00,334 [Thread-10725] INFO  impl.RoleInfo (RoleInfo.java:updateAndGet(143)) - 4c6a16c4-95d2-4ef7-9fc0-4f57ccbd9967: start LeaderElection
2019-10-15 03:22:00,348 [4c6a16c4-95d2-4ef7-9fc0-4f57ccbd9967@group-5FF82F29B6C0-LeaderElection1303] INFO  impl.LeaderElection (LeaderElection.java:askForVotes(178)) - 4c6a16c4-95d2-4ef7-9fc0-4f57ccbd9967@group-5FF82F29B6C0-LeaderElection1303: begin an election at term 1351 for -1: [4c6a16c4-95d2-4ef7-9fc0-4f57ccbd9967:192.168.5.131:39112, 742c26a8-c271-430a-a05a-c8bba3fa6d96:192.168.5.131:42235, a910346c-1ee2-4cdc-a6d8-644a3a4f0b7f:192.168.5.131:38193], old=null
2019-10-15 03:22:00,350 [grpc-default-executor-5] INFO  impl.RaftServerImpl (RaftServerImpl.java:setRole(184)) - a910346c-1ee2-4cdc-a6d8-644a3a4f0b7f@group-5FF82F29B6C0: changes role from  FOLLOWER to FOLLOWER at term 1351 for recognizeCandidate:4c6a16c4-95d2-4ef7-9fc0-4f57ccbd9967
2019-10-15 03:22:00,350 [grpc-default-executor-5] INFO  impl.RoleInfo (RoleInfo.java:shutdownFollowerState(121)) - a910346c-1ee2-4cdc-a6d8-644a3a4f0b7f: shutdown FollowerState
2019-10-15 03:22:00,350 [grpc-default-executor-8] INFO  impl.RaftServerImpl (RaftServerImpl.java:setRole(184)) - 742c26a8-c271-430a-a05a-c8bba3fa6d96@group-5FF82F29B6C0: changes role from  FOLLOWER to FOLLOWER at term 1351 for recognizeCandidate:4c6a16c4-95d2-4ef7-9fc0-4f57ccbd9967
2019-10-15 03:22:00,350 [grpc-default-executor-5] INFO  impl.RoleInfo (RoleInfo.java:updateAndGet(143)) - a910346c-1ee2-4cdc-a6d8-644a3a4f0b7f: start FollowerState
2019-10-15 03:22:00,350 [Thread-10724] INFO  impl.FollowerState (FollowerState.java:run(117)) - a910346c-1ee2-4cdc-a6d8-644a3a4f0b7f@group-5FF82F29B6C0-FollowerState was interrupted: java.lang.InterruptedException: sleep interrupted
2019-10-15 03:22:00,350 [grpc-default-executor-8] INFO  impl.RoleInfo (RoleInfo.java:shutdownFollowerState(121)) - 742c26a8-c271-430a-a05a-c8bba3fa6d96: shutdown FollowerState
2019-10-15 03:22:00,351 [grpc-default-executor-8] INFO  impl.RoleInfo (RoleInfo.java:updateAndGet(143)) - 742c26a8-c271-430a-a05a-c8bba3fa6d96: start FollowerState
2019-10-15 03:22:00,351 [Thread-10723] INFO  impl.FollowerState (FollowerState.java:run(117)) - 742c26a8-c271-430a-a05a-c8bba3fa6d96@group-5FF82F29B6C0-FollowerState was interrupted: java.lang.InterruptedException: sleep interrupted
2019-10-15 03:22:00,362 [4c6a16c4-95d2-4ef7-9fc0-4f57ccbd9967@group-5FF82F29B6C0-LeaderElection1303] INFO  impl.LeaderElection (LeaderElection.java:logAndReturn(56)) - 4c6a16c4-95d2-4ef7-9fc0-4f57ccbd9967@group-5FF82F29B6C0-LeaderElection1303: Election REJECTED; received 2 response(s) [4c6a16c4-95d2-4ef7-9fc0-4f57ccbd9967<-742c26a8-c271-430a-a05a-c8bba3fa6d96#0:FAIL-t1351, 4c6a16c4-95d2-4ef7-9fc0-4f57ccbd9967<-a910346c-1ee2-4cdc-a6d8-644a3a4f0b7f#0:FAIL-t1351] and 0 exception(s); 4c6a16c4-95d2-4ef7-9fc0-4f57ccbd9967@group-5FF82F29B6C0:t1351, leader=null, voted=4c6a16c4-95d2-4ef7-9fc0-4f57ccbd9967, raftlog=4c6a16c4-95d2-4ef7-9fc0-4f57ccbd9967@group-5FF82F29B6C0-SegmentedRaftLog:OPENED:c-1,f-1,i0, conf=-1: [4c6a16c4-95d2-4ef7-9fc0-4f57ccbd9967:192.168.5.131:39112, 742c26a8-c271-430a-a05a-c8bba3fa6d96:192.168.5.131:42235, a910346c-1ee2-4cdc-a6d8-644a3a4f0b7f:192.168.5.131:38193], old=null
2019-10-15 03:22:00,362 [4c6a16c4-95d2-4ef7-9fc0-4f57ccbd9967@group-5FF82F29B6C0-LeaderElection1303] INFO  impl.RaftServerImpl (RaftServerImpl.java:setRole(184)) - 4c6a16c4-95d2-4ef7-9fc0-4f57ccbd9967@group-5FF82F29B6C0: changes role from CANDIDATE to FOLLOWER at term 1351 for DISCOVERED_A_NEW_TERM
2019-10-15 03:22:00,362 [4c6a16c4-95d2-4ef7-9fc0-4f57ccbd9967@group-5FF82F29B6C0-LeaderElection1303] INFO  impl.RoleInfo (RoleInfo.java:shutdownLeaderElection(134)) - 4c6a16c4-95d2-4ef7-9fc0-4f57ccbd9967: shutdown LeaderElection
2019-10-15 03:22:00,362 [4c6a16c4-95d2-4ef7-9fc0-4f57ccbd9967@group-5FF82F29B6C0-LeaderElection1303] INFO  impl.RoleInfo (RoleInfo.java:updateAndGet(143)) - 4c6a16c4-95d2-4ef7-9fc0-4f57ccbd9967: start FollowerState
2019-10-15 03:22:00,452 [Thread-10731] INFO  impl.FollowerState (FollowerState.java:run(108)) - 4c6a16c4-95d2-4ef7-9fc0-4f57ccbd9967@group-5FF82F29B6C0-FollowerState: change to CANDIDATE, lastRpcTime:89ms, electionTimeout:89ms
2019-10-15 03:22:00,452 [Thread-10731] INFO  impl.RoleInfo (RoleInfo.java:shutdownFollowerState(121)) - 4c6a16c4-95d2-4ef7-9fc0-4f57ccbd9967: shutdown FollowerState
2019-10-15 03:22:00,452 [Thread-10731] INFO  impl.RaftServerImpl (RaftServerImpl.java:setRole(184)) - 4c6a16c4-95d2-4ef7-9fc0-4f57ccbd9967@group-5FF82F29B6C0: changes role from  FOLLOWER to CANDIDATE at term 1351 for changeToCandidate
2019-10-15 03:22:00,452 [Thread-10731] ERROR ratis.XceiverServerRatis (XceiverServerRatis.java:triggerPipelineClose(582)) - pipeline Action CLOSE  on pipeline PipelineID=e4bf9835-e697-42f6-b211-5ff82f29b6c0.Reason : 4c6a16c4-95d2-4ef7-9fc0-4f57ccbd9967 is in candidate state for 175351ms
2019-10-15 03:22:00,452 [Thread-10731] INFO  impl.RoleInfo (RoleInfo.java:updateAndGet(143)) - 4c6a16c4-95d2-4ef7-9fc0-4f57ccbd9967: start LeaderElection
2019-10-15 03:22:00,478 [4c6a16c4-95d2-4ef7-9fc0-4f57ccbd9967@group-5FF82F29B6C0-LeaderElection1304] INFO  impl.LeaderElection (LeaderElection.java:askForVotes(178)) - 4c6a16c4-95d2-4ef7-9fc0-4f57ccbd9967@group-5FF82F29B6C0-LeaderElection1304: begin an election at term 1352 for -1: [4c6a16c4-95d2-4ef7-9fc0-4f57ccbd9967:192.168.5.131:39112, 742c26a8-c271-430a-a05a-c8bba3fa6d96:192.168.5.131:42235, a910346c-1ee2-4cdc-a6d8-644a3a4f0b7f:192.168.5.131:38193], old=null
2019-10-15 03:22:00,479 [grpc-default-executor-5] INFO  impl.RaftServerImpl (RaftServerImpl.java:setRole(184)) - 742c26a8-c271-430a-a05a-c8bba3fa6d96@group-5FF82F29B6C0: changes role from  FOLLOWER to FOLLOWER at term 1352 for recognizeCandidate:4c6a16c4-95d2-4ef7-9fc0-4f57ccbd9967
2019-10-15 03:22:00,479 [grpc-default-executor-5] INFO  impl.RoleInfo (RoleInfo.java:shutdownFollowerState(121)) - 742c26a8-c271-430a-a05a-c8bba3fa6d96: shutdown FollowerState
2019-10-15 03:22:00,479 [grpc-default-executor-8] INFO  impl.RaftServerImpl (RaftServerImpl.java:setRole(184)) - a910346c-1ee2-4cdc-a6d8-644a3a4f0b7f@group-5FF82F29B6C0: changes role from  FOLLOWER to FOLLOWER at term 1352 for recognizeCandidate:4c6a16c4-95d2-4ef7-9fc0-4f57ccbd9967
2019-10-15 03:22:00,480 [Thread-10730] INFO  impl.FollowerState (FollowerState.java:run(117)) - 742c26a8-c271-430a-a05a-c8bba3fa6d96@group-5FF82F29B6C0-FollowerState was interrupted: java.lang.InterruptedException: sleep interrupted
2019-10-15 03:22:00,479 [grpc-default-executor-5] INFO  impl.RoleInfo (RoleInfo.java:updateAndGet(143)) - 742c26a8-c271-430a-a05a-c8bba3fa6d96: start FollowerState
2019-10-15 03:22:00,480 [grpc-default-executor-8] INFO  impl.RoleInfo (RoleInfo.java:shutdownFollowerState(121)) - a910346c-1ee2-4cdc-a6d8-644a3a4f0b7f: shutdown FollowerState
2019-10-15 03:22:00,480 [grpc-default-executor-8] INFO  impl.RoleInfo (RoleInfo.java:updateAndGet(143)) - a910346c-1ee2-4cdc-a6d8-644a3a4f0b7f: start FollowerState
2019-10-15 03:22:00,480 [Thread-10729] INFO  impl.FollowerState (FollowerState.java:run(117)) - a910346c-1ee2-4cdc-a6d8-644a3a4f0b7f@group-5FF82F29B6C0-FollowerState was interrupted: java.lang.InterruptedException: sleep interrupted
2019-10-15 03:22:00,493 [4c6a16c4-95d2-4ef7-9fc0-4f57ccbd9967@group-5FF82F29B6C0-LeaderElection1304] INFO  impl.LeaderElection (LeaderElection.java:logAndReturn(56)) - 4c6a16c4-95d2-4ef7-9fc0-4f57ccbd9967@group-5FF82F29B6C0-LeaderElection1304: Election REJECTED; received 2 response(s) [4c6a16c4-95d2-4ef7-9fc0-4f57ccbd9967<-742c26a8-c271-430a-a05a-c8bba3fa6d96#0:FAIL-t1352, 4c6a16c4-95d2-4ef7-9fc0-4f57ccbd9967<-a910346c-1ee2-4cdc-a6d8-644a3a4f0b7f#0:FAIL-t1352] and 0 exception(s); 4c6a16c4-95d2-4ef7-9fc0-4f57ccbd9967@group-5FF82F29B6C0:t1352, leader=null, voted=4c6a16c4-95d2-4ef7-9fc0-4f57ccbd9967, raftlog=4c6a16c4-95d2-4ef7-9fc0-4f57ccbd9967@group-5FF82F29B6C0-SegmentedRaftLog:OPENED:c-1,f-1,i0, conf=-1: [4c6a16c4-95d2-4ef7-9fc0-4f57ccbd9967:192.168.5.131:39112, 742c26a8-c271-430a-a05a-c8bba3fa6d96:192.168.5.131:42235, a910346c-1ee2-4cdc-a6d8-644a3a4f0b7f:192.168.5.131:38193], old=null
2019-10-15 03:22:00,493 [4c6a16c4-95d2-4ef7-9fc0-4f57ccbd9967@group-5FF82F29B6C0-LeaderElection1304] INFO  impl.RaftServerImpl (RaftServerImpl.java:setRole(184)) - 4c6a16c4-95d2-4ef7-9fc0-4f57ccbd9967@group-5FF82F29B6C0: changes role from CANDIDATE to FOLLOWER at term 1352 for DISCOVERED_A_NEW_TERM
2019-10-15 03:22:00,493 [4c6a16c4-95d2-4ef7-9fc0-4f57ccbd9967@group-5FF82F29B6C0-LeaderElection1304] INFO  impl.RoleInfo (RoleInfo.java:shutdownLeaderElection(134)) - 4c6a16c4-95d2-4ef7-9fc0-4f57ccbd9967: shutdown LeaderElection
2019-10-15 03:22:00,494 [4c6a16c4-95d2-4ef7-9fc0-4f57ccbd9967@group-5FF82F29B6C0-LeaderElection1304] INFO  impl.RoleInfo (RoleInfo.java:updateAndGet(143)) - 4c6a16c4-95d2-4ef7-9fc0-4f57ccbd9967: start FollowerState
2019-10-15 03:22:00,608 [Thread-10737] INFO  impl.FollowerState (FollowerState.java:run(108)) - 4c6a16c4-95d2-4ef7-9fc0-4f57ccbd9967@group-5FF82F29B6C0-FollowerState: change to CANDIDATE, lastRpcTime:114ms, electionTimeout:114ms
2019-10-15 03:22:00,608 [Thread-10737] INFO  impl.RoleInfo (RoleInfo.java:shutdownFollowerState(121)) - 4c6a16c4-95d2-4ef7-9fc0-4f57ccbd9967: shutdown FollowerState
2019-10-15 03:22:00,608 [Thread-10737] INFO  impl.RaftServerImpl (RaftServerImpl.java:setRole(184)) - 4c6a16c4-95d2-4ef7-9fc0-4f57ccbd9967@group-5FF82F29B6C0: changes role from  FOLLOWER to CANDIDATE at term 1352 for changeToCandidate
2019-10-15 03:22:00,609 [Thread-10737] ERROR ratis.XceiverServerRatis (XceiverServerRatis.java:triggerPipelineClose(582)) - pipeline Action CLOSE  on pipeline PipelineID=e4bf9835-e697-42f6-b211-5ff82f29b6c0.Reason : 4c6a16c4-95d2-4ef7-9fc0-4f57ccbd9967 is in candidate state for 175508ms
2019-10-15 03:22:00,609 [Thread-10737] INFO  impl.RoleInfo (RoleInfo.java:updateAndGet(143)) - 4c6a16c4-95d2-4ef7-9fc0-4f57ccbd9967: start LeaderElection
2019-10-15 03:22:00,622 [4c6a16c4-95d2-4ef7-9fc0-4f57ccbd9967@group-5FF82F29B6C0-LeaderElection1305] INFO  impl.LeaderElection (LeaderElection.java:askForVotes(178)) - 4c6a16c4-95d2-4ef7-9fc0-4f57ccbd9967@group-5FF82F29B6C0-LeaderElection1305: begin an election at term 1353 for -1: [4c6a16c4-95d2-4ef7-9fc0-4f57ccbd9967:192.168.5.131:39112, 742c26a8-c271-430a-a05a-c8bba3fa6d96:192.168.5.131:42235, a910346c-1ee2-4cdc-a6d8-644a3a4f0b7f:192.168.5.131:38193], old=null
2019-10-15 03:22:00,624 [grpc-default-executor-5] INFO  impl.RaftServerImpl (RaftServerImpl.java:setRole(184)) - 742c26a8-c271-430a-a05a-c8bba3fa6d96@group-5FF82F29B6C0: changes role from  FOLLOWER to FOLLOWER at term 1353 for recognizeCandidate:4c6a16c4-95d2-4ef7-9fc0-4f57ccbd9967
2019-10-15 03:22:00,624 [grpc-default-executor-8] INFO  impl.RaftServerImpl (RaftServerImpl.java:setRole(184)) - a910346c-1ee2-4cdc-a6d8-644a3a4f0b7f@group-5FF82F29B6C0: changes role from  FOLLOWER to FOLLOWER at term 1353 for recognizeCandidate:4c6a16c4-95d2-4ef7-9fc0-4f57ccbd9967
2019-10-15 03:22:00,624 [grpc-default-executor-8] INFO  impl.RoleInfo (RoleInfo.java:shutdownFollowerState(121)) - a910346c-1ee2-4cdc-a6d8-644a3a4f0b7f: shutdown FollowerState
2019-10-15 03:22:00,624 [grpc-default-executor-5] INFO  impl.RoleInfo (RoleInfo.java:shutdownFollowerState(121)) - 742c26a8-c271-430a-a05a-c8bba3fa6d96: shutdown FollowerState
2019-10-15 03:22:00,624 [grpc-default-executor-8] INFO  impl.RoleInfo (RoleInfo.java:updateAndGet(143)) - a910346c-1ee2-4cdc-a6d8-644a3a4f0b7f: start FollowerState
2019-10-15 03:22:00,624 [Thread-10736] INFO  impl.FollowerState (FollowerState.java:run(117)) - a910346c-1ee2-4cdc-a6d8-644a3a4f0b7f@group-5FF82F29B6C0-FollowerState was interrupted: java.lang.InterruptedException: sleep interrupted
2019-10-15 03:22:00,625 [grpc-default-executor-5] INFO  impl.RoleInfo (RoleInfo.java:updateAndGet(143)) - 742c26a8-c271-430a-a05a-c8bba3fa6d96: start FollowerState
2019-10-15 03:22:00,625 [Thread-10735] INFO  impl.FollowerState (FollowerState.java:run(117)) - 742c26a8-c271-430a-a05a-c8bba3fa6d96@group-5FF82F29B6C0-FollowerState was interrupted: java.lang.InterruptedException: sleep interrupted
2019-10-15 03:22:00,639 [4c6a16c4-95d2-4ef7-9fc0-4f57ccbd9967@group-5FF82F29B6C0-LeaderElection1305] INFO  impl.LeaderElection (LeaderElection.java:logAndReturn(56)) - 4c6a16c4-95d2-4ef7-9fc0-4f57ccbd9967@group-5FF82F29B6C0-LeaderElection1305: Election REJECTED; received 2 response(s) [4c6a16c4-95d2-4ef7-9fc0-4f57ccbd9967<-742c26a8-c271-430a-a05a-c8bba3fa6d96#0:FAIL-t1353, 4c6a16c4-95d2-4ef7-9fc0-4f57ccbd9967<-a910346c-1ee2-4cdc-a6d8-644a3a4f0b7f#0:FAIL-t1353] and 0 exception(s); 4c6a16c4-95d2-4ef7-9fc0-4f57ccbd9967@group-5FF82F29B6C0:t1353, leader=null, voted=4c6a16c4-95d2-4ef7-9fc0-4f57ccbd9967, raftlog=4c6a16c4-95d2-4ef7-9fc0-4f57ccbd9967@group-5FF82F29B6C0-SegmentedRaftLog:OPENED:c-1,f-1,i0, conf=-1: [4c6a16c4-95d2-4ef7-9fc0-4f57ccbd9967:192.168.5.131:39112, 742c26a8-c271-430a-a05a-c8bba3fa6d96:192.168.5.131:42235, a910346c-1ee2-4cdc-a6d8-644a3a4f0b7f:192.168.5.131:38193], old=null
2019-10-15 03:22:00,639 [4c6a16c4-95d2-4ef7-9fc0-4f57ccbd9967@group-5FF82F29B6C0-LeaderElection1305] INFO  impl.RaftServerImpl (RaftServerImpl.java:setRole(184)) - 4c6a16c4-95d2-4ef7-9fc0-4f57ccbd9967@group-5FF82F29B6C0: changes role from CANDIDATE to FOLLOWER at term 1353 for DISCOVERED_A_NEW_TERM
2019-10-15 03:22:00,639 [4c6a16c4-95d2-4ef7-9fc0-4f57ccbd9967@group-5FF82F29B6C0-LeaderElection1305] INFO  impl.RoleInfo (RoleInfo.java:shutdownLeaderElection(134)) - 4c6a16c4-95d2-4ef7-9fc0-4f57ccbd9967: shutdown LeaderElection
2019-10-15 03:22:00,639 [4c6a16c4-95d2-4ef7-9fc0-4f57ccbd9967@group-5FF82F29B6C0-LeaderElection1305] INFO  impl.RoleInfo (RoleInfo.java:updateAndGet(143)) - 4c6a16c4-95d2-4ef7-9fc0-4f57ccbd9967: start FollowerState
2019-10-15 03:22:00,665 [Thread-10747] INFO  impl.FollowerState (FollowerState.java:run(108)) - 4c6a16c4-95d2-4ef7-9fc0-4f57ccbd9967@group-5FF82F29B6C0-FollowerState: change to CANDIDATE, lastRpcTime:25ms, electionTimeout:25ms
2019-10-15 03:22:00,665 [Thread-10747] INFO  impl.RoleInfo (RoleInfo.java:shutdownFollowerState(121)) - 4c6a16c4-95d2-4ef7-9fc0-4f57ccbd9967: shutdown FollowerState
2019-10-15 03:22:00,665 [Thread-10747] INFO  impl.RaftServerImpl (RaftServerImpl.java:setRole(184)) - 4c6a16c4-95d2-4ef7-9fc0-4f57ccbd9967@group-5FF82F29B6C0: changes role from  FOLLOWER to CANDIDATE at term 1353 for changeToCandidate
2019-10-15 03:22:00,665 [Thread-10747] ERROR ratis.XceiverServerRatis (XceiverServerRatis.java:triggerPipelineClose(582)) - pipeline Action CLOSE  on pipeline PipelineID=e4bf9835-e697-42f6-b211-5ff82f29b6c0.Reason : 4c6a16c4-95d2-4ef7-9fc0-4f57ccbd9967 is in candidate state for 175564ms
2019-10-15 03:22:00,665 [Thread-10747] INFO  impl.RoleInfo (RoleInfo.java:updateAndGet(143)) - 4c6a16c4-95d2-4ef7-9fc0-4f57ccbd9967: start LeaderElection
2019-10-15 03:22:00,678 [4c6a16c4-95d2-4ef7-9fc0-4f57ccbd9967@group-5FF82F29B6C0-LeaderElection1306] INFO  impl.LeaderElection (LeaderElection.java:askForVotes(178)) - 4c6a16c4-95d2-4ef7-9fc0-4f57ccbd9967@group-5FF82F29B6C0-LeaderElection1306: begin an election at term 1354 for -1: [4c6a16c4-95d2-4ef7-9fc0-4f57ccbd9967:192.168.5.131:39112, 742c26a8-c271-430a-a05a-c8bba3fa6d96:192.168.5.131:42235, a910346c-1ee2-4cdc-a6d8-644a3a4f0b7f:192.168.5.131:38193], old=null
2019-10-15 03:22:00,679 [grpc-default-executor-5] INFO  impl.RaftServerImpl (RaftServerImpl.java:setRole(184)) - 742c26a8-c271-430a-a05a-c8bba3fa6d96@group-5FF82F29B6C0: changes role from  FOLLOWER to FOLLOWER at term 1354 for recognizeCandidate:4c6a16c4-95d2-4ef7-9fc0-4f57ccbd9967
2019-10-15 03:22:00,679 [grpc-default-executor-5] INFO  impl.RoleInfo (RoleInfo.java:shutdownFollowerState(121)) - 742c26a8-c271-430a-a05a-c8bba3fa6d96: shutdown FollowerState
2019-10-15 03:22:00,679 [grpc-default-executor-5] INFO  impl.RoleInfo (RoleInfo.java:updateAndGet(143)) - 742c26a8-c271-430a-a05a-c8bba3fa6d96: start FollowerState
2019-10-15 03:22:00,680 [Thread-10746] INFO  impl.FollowerState (FollowerState.java:run(117)) - 742c26a8-c271-430a-a05a-c8bba3fa6d96@group-5FF82F29B6C0-FollowerState was interrupted: java.lang.InterruptedException: sleep interrupted
2019-10-15 03:22:00,680 [grpc-default-executor-8] INFO  impl.RaftServerImpl (RaftServerImpl.java:setRole(184)) - a910346c-1ee2-4cdc-a6d8-644a3a4f0b7f@group-5FF82F29B6C0: changes role from  FOLLOWER to FOLLOWER at term 1354 for recognizeCandidate:4c6a16c4-95d2-4ef7-9fc0-4f57ccbd9967
2019-10-15 03:22:00,680 [grpc-default-executor-8] INFO  impl.RoleInfo (RoleInfo.java:shutdownFollowerState(121)) - a910346c-1ee2-4cdc-a6d8-644a3a4f0b7f: shutdown FollowerState
2019-10-15 03:22:00,680 [grpc-default-executor-8] INFO  impl.RoleInfo (RoleInfo.java:updateAndGet(143)) - a910346c-1ee2-4cdc-a6d8-644a3a4f0b7f: start FollowerState
2019-10-15 03:22:00,680 [Thread-10745] INFO  impl.FollowerState (FollowerState.java:run(117)) - a910346c-1ee2-4cdc-a6d8-644a3a4f0b7f@group-5FF82F29B6C0-FollowerState was interrupted: java.lang.InterruptedException: sleep interrupted
2019-10-15 03:22:00,693 [4c6a16c4-95d2-4ef7-9fc0-4f57ccbd9967@group-5FF82F29B6C0-LeaderElection1306] INFO  impl.LeaderElection (LeaderElection.java:logAndReturn(56)) - 4c6a16c4-95d2-4ef7-9fc0-4f57ccbd9967@group-5FF82F29B6C0-LeaderElection1306: Election REJECTED; received 2 response(s) [4c6a16c4-95d2-4ef7-9fc0-4f57ccbd9967<-742c26a8-c271-430a-a05a-c8bba3fa6d96#0:FAIL-t1354, 4c6a16c4-95d2-4ef7-9fc0-4f57ccbd9967<-a910346c-1ee2-4cdc-a6d8-644a3a4f0b7f#0:FAIL-t1354] and 0 exception(s); 4c6a16c4-95d2-4ef7-9fc0-4f57ccbd9967@group-5FF82F29B6C0:t1354, leader=null, voted=4c6a16c4-95d2-4ef7-9fc0-4f57ccbd9967, raftlog=4c6a16c4-95d2-4ef7-9fc0-4f57ccbd9967@group-5FF82F29B6C0-SegmentedRaftLog:OPENED:c-1,f-1,i0, conf=-1: [4c6a16c4-95d2-4ef7-9fc0-4f57ccbd9967:192.168.5.131:39112, 742c26a8-c271-430a-a05a-c8bba3fa6d96:192.168.5.131:42235, a910346c-1ee2-4cdc-a6d8-644a3a4f0b7f:192.168.5.131:38193], old=null
2019-10-15 03:22:00,693 [4c6a16c4-95d2-4ef7-9fc0-4f57ccbd9967@group-5FF82F29B6C0-LeaderElection1306] INFO  impl.RaftServerImpl (RaftServerImpl.java:setRole(184)) - 4c6a16c4-95d2-4ef7-9fc0-4f57ccbd9967@group-5FF82F29B6C0: changes role from CANDIDATE to FOLLOWER at term 1354 for DISCOVERED_A_NEW_TERM
2019-10-15 03:22:00,693 [4c6a16c4-95d2-4ef7-9fc0-4f57ccbd9967@group-5FF82F29B6C0-LeaderElection1306] INFO  impl.RoleInfo (RoleInfo.java:shutdownLeaderElection(134)) - 4c6a16c4-95d2-4ef7-9fc0-4f57ccbd9967: shutdown LeaderElection
2019-10-15 03:22:00,694 [4c6a16c4-95d2-4ef7-9fc0-4f57ccbd9967@group-5FF82F29B6C0-LeaderElection1306] INFO  impl.RoleInfo (RoleInfo.java:updateAndGet(143)) - 4c6a16c4-95d2-4ef7-9fc0-4f57ccbd9967: start FollowerState
2019-10-15 03:22:00,720 [Thread-10753] INFO  impl.FollowerState (FollowerState.java:run(108)) - 4c6a16c4-95d2-4ef7-9fc0-4f57ccbd9967@group-5FF82F29B6C0-FollowerState: change to CANDIDATE, lastRpcTime:26ms, electionTimeout:26ms
2019-10-15 03:22:00,720 [Thread-10753] INFO  impl.RoleInfo (RoleInfo.java:shutdownFollowerState(121)) - 4c6a16c4-95d2-4ef7-9fc0-4f57ccbd9967: shutdown FollowerState
2019-10-15 03:22:00,720 [Thread-10753] INFO  impl.RaftServerImpl (RaftServerImpl.java:setRole(184)) - 4c6a16c4-95d2-4ef7-9fc0-4f57ccbd9967@group-5FF82F29B6C0: changes role from  FOLLOWER to CANDIDATE at term 1354 for changeToCandidate
2019-10-15 03:22:00,720 [Thread-10753] ERROR ratis.XceiverServerRatis (XceiverServerRatis.java:triggerPipelineClose(582)) - pipeline Action CLOSE  on pipeline PipelineID=e4bf9835-e697-42f6-b211-5ff82f29b6c0.Reason : 4c6a16c4-95d2-4ef7-9fc0-4f57ccbd9967 is in candidate state for 175620ms
2019-10-15 03:22:00,721 [Thread-10753] INFO  impl.RoleInfo (RoleInfo.java:updateAndGet(143)) - 4c6a16c4-95d2-4ef7-9fc0-4f57ccbd9967: start LeaderElection
2019-10-15 03:22:00,733 [4c6a16c4-95d2-4ef7-9fc0-4f57ccbd9967@group-5FF82F29B6C0-LeaderElection1307] INFO  impl.LeaderElection (LeaderElection.java:askForVotes(178)) - 4c6a16c4-95d2-4ef7-9fc0-4f57ccbd9967@group-5FF82F29B6C0-LeaderElection1307: begin an election at term 1355 for -1: [4c6a16c4-95d2-4ef7-9fc0-4f57ccbd9967:192.168.5.131:39112, 742c26a8-c271-430a-a05a-c8bba3fa6d96:192.168.5.131:42235, a910346c-1ee2-4cdc-a6d8-644a3a4f0b7f:192.168.5.131:38193], old=null
2019-10-15 03:22:00,735 [grpc-default-executor-8] INFO  impl.RaftServerImpl (RaftServerImpl.java:setRole(184)) - 742c26a8-c271-430a-a05a-c8bba3fa6d96@group-5FF82F29B6C0: changes role from  FOLLOWER to FOLLOWER at term 1355 for recognizeCandidate:4c6a16c4-95d2-4ef7-9fc0-4f57ccbd9967
2019-10-15 03:22:00,735 [grpc-default-executor-5] INFO  impl.RaftServerImpl (RaftServerImpl.java:setRole(184)) - a910346c-1ee2-4cdc-a6d8-644a3a4f0b7f@group-5FF82F29B6C0: changes role from  FOLLOWER to FOLLOWER at term 1355 for recognizeCandidate:4c6a16c4-95d2-4ef7-9fc0-4f57ccbd9967
2019-10-15 03:22:00,735 [grpc-default-executor-5] INFO  impl.RoleInfo (RoleInfo.java:shutdownFollowerState(121)) - a910346c-1ee2-4cdc-a6d8-644a3a4f0b7f: shutdown FollowerState
2019-10-15 03:22:00,735 [grpc-default-executor-8] INFO  impl.RoleInfo (RoleInfo.java:shutdownFollowerState(121)) - 742c26a8-c271-430a-a05a-c8bba3fa6d96: shutdown FollowerState
2019-10-15 03:22:00,735 [Thread-10752] INFO  impl.FollowerState (FollowerState.java:run(117)) - a910346c-1ee2-4cdc-a6d8-644a3a4f0b7f@group-5FF82F29B6C0-FollowerState was interrupted: java.lang.InterruptedException: sleep interrupted
2019-10-15 03:22:00,735 [grpc-default-executor-5] INFO  impl.RoleInfo (RoleInfo.java:updateAndGet(143)) - a910346c-1ee2-4cdc-a6d8-644a3a4f0b7f: start FollowerState
2019-10-15 03:22:00,735 [Thread-10751] INFO  impl.FollowerState (FollowerState.java:run(117)) - 742c26a8-c271-430a-a05a-c8bba3fa6d96@group-5FF82F29B6C0-FollowerState was interrupted: java.lang.InterruptedException: sleep interrupted
2019-10-15 03:22:00,735 [grpc-default-executor-8] INFO  impl.RoleInfo (RoleInfo.java:updateAndGet(143)) - 742c26a8-c271-430a-a05a-c8bba3fa6d96: start FollowerState
2019-10-15 03:22:00,748 [4c6a16c4-95d2-4ef7-9fc0-4f57ccbd9967@group-5FF82F29B6C0-LeaderElection1307] INFO  impl.LeaderElection (LeaderElection.java:logAndReturn(56)) - 4c6a16c4-95d2-4ef7-9fc0-4f57ccbd9967@group-5FF82F29B6C0-LeaderElection1307: Election REJECTED; received 2 response(s) [4c6a16c4-95d2-4ef7-9fc0-4f57ccbd9967<-742c26a8-c271-430a-a05a-c8bba3fa6d96#0:FAIL-t1355, 4c6a16c4-95d2-4ef7-9fc0-4f57ccbd9967<-a910346c-1ee2-4cdc-a6d8-644a3a4f0b7f#0:FAIL-t1355] and 0 exception(s); 4c6a16c4-95d2-4ef7-9fc0-4f57ccbd9967@group-5FF82F29B6C0:t1355, leader=null, voted=4c6a16c4-95d2-4ef7-9fc0-4f57ccbd9967, raftlog=4c6a16c4-95d2-4ef7-9fc0-4f57ccbd9967@group-5FF82F29B6C0-SegmentedRaftLog:OPENED:c-1,f-1,i0, conf=-1: [4c6a16c4-95d2-4ef7-9fc0-4f57ccbd9967:192.168.5.131:39112, 742c26a8-c271-430a-a05a-c8bba3fa6d96:192.168.5.131:42235, a910346c-1ee2-4cdc-a6d8-644a3a4f0b7f:192.168.5.131:38193], old=null
2019-10-15 03:22:00,748 [4c6a16c4-95d2-4ef7-9fc0-4f57ccbd9967@group-5FF82F29B6C0-LeaderElection1307] INFO  impl.RaftServerImpl (RaftServerImpl.java:setRole(184)) - 4c6a16c4-95d2-4ef7-9fc0-4f57ccbd9967@group-5FF82F29B6C0: changes role from CANDIDATE to FOLLOWER at term 1355 for DISCOVERED_A_NEW_TERM
2019-10-15 03:22:00,748 [4c6a16c4-95d2-4ef7-9fc0-4f57ccbd9967@group-5FF82F29B6C0-LeaderElection1307] INFO  impl.RoleInfo (RoleInfo.java:shutdownLeaderElection(134)) - 4c6a16c4-95d2-4ef7-9fc0-4f57ccbd9967: shutdown LeaderElection
2019-10-15 03:22:00,748 [4c6a16c4-95d2-4ef7-9fc0-4f57ccbd9967@group-5FF82F29B6C0-LeaderElection1307] INFO  impl.RoleInfo (RoleInfo.java:updateAndGet(143)) - 4c6a16c4-95d2-4ef7-9fc0-4f57ccbd9967: start FollowerState
2019-10-15 03:22:00,943 [Thread-10759] INFO  impl.FollowerState (FollowerState.java:run(108)) - 4c6a16c4-95d2-4ef7-9fc0-4f57ccbd9967@group-5FF82F29B6C0-FollowerState: change to CANDIDATE, lastRpcTime:194ms, electionTimeout:194ms
2019-10-15 03:22:00,943 [Thread-10759] INFO  impl.RoleInfo (RoleInfo.java:shutdownFollowerState(121)) - 4c6a16c4-95d2-4ef7-9fc0-4f57ccbd9967: shutdown FollowerState
2019-10-15 03:22:00,943 [Thread-10759] INFO  impl.RaftServerImpl (RaftServerImpl.java:setRole(184)) - 4c6a16c4-95d2-4ef7-9fc0-4f57ccbd9967@group-5FF82F29B6C0: changes role from  FOLLOWER to CANDIDATE at term 1355 for changeToCandidate
2019-10-15 03:22:00,943 [Thread-10759] ERROR ratis.XceiverServerRatis (XceiverServerRatis.java:triggerPipelineClose(582)) - pipeline Action CLOSE  on pipeline PipelineID=e4bf9835-e697-42f6-b211-5ff82f29b6c0.Reason : 4c6a16c4-95d2-4ef7-9fc0-4f57ccbd9967 is in candidate state for 175843ms
2019-10-15 03:22:00,944 [Thread-10759] INFO  impl.RoleInfo (RoleInfo.java:updateAndGet(143)) - 4c6a16c4-95d2-4ef7-9fc0-4f57ccbd9967: start LeaderElection
2019-10-15 03:22:00,957 [4c6a16c4-95d2-4ef7-9fc0-4f57ccbd9967@group-5FF82F29B6C0-LeaderElection1308] INFO  impl.LeaderElection (LeaderElection.java:askForVotes(178)) - 4c6a16c4-95d2-4ef7-9fc0-4f57ccbd9967@group-5FF82F29B6C0-LeaderElection1308: begin an election at term 1356 for -1: [4c6a16c4-95d2-4ef7-9fc0-4f57ccbd9967:192.168.5.131:39112, 742c26a8-c271-430a-a05a-c8bba3fa6d96:192.168.5.131:42235, a910346c-1ee2-4cdc-a6d8-644a3a4f0b7f:192.168.5.131:38193], old=null
2019-10-15 03:22:00,958 [grpc-default-executor-8] INFO  impl.RaftServerImpl (RaftServerImpl.java:setRole(184)) - 742c26a8-c271-430a-a05a-c8bba3fa6d96@group-5FF82F29B6C0: changes role from  FOLLOWER to FOLLOWER at term 1356 for recognizeCandidate:4c6a16c4-95d2-4ef7-9fc0-4f57ccbd9967
2019-10-15 03:22:00,958 [grpc-default-executor-5] INFO  impl.RaftServerImpl (RaftServerImpl.java:setRole(184)) - a910346c-1ee2-4cdc-a6d8-644a3a4f0b7f@group-5FF82F29B6C0: changes role from  FOLLOWER to FOLLOWER at term 1356 for recognizeCandidate:4c6a16c4-95d2-4ef7-9fc0-4f57ccbd9967
2019-10-15 03:22:00,958 [grpc-default-executor-8] INFO  impl.RoleInfo (RoleInfo.java:shutdownFollowerState(121)) - 742c26a8-c271-430a-a05a-c8bba3fa6d96: shutdown FollowerState
2019-10-15 03:22:00,958 [grpc-default-executor-5] INFO  impl.RoleInfo (RoleInfo.java:shutdownFollowerState(121)) - a910346c-1ee2-4cdc-a6d8-644a3a4f0b7f: shutdown FollowerState
2019-10-15 03:22:00,958 [Thread-10758] INFO  impl.FollowerState (FollowerState.java:run(117)) - 742c26a8-c271-430a-a05a-c8bba3fa6d96@group-5FF82F29B6C0-FollowerState was interrupted: java.lang.InterruptedException: sleep interrupted
2019-10-15 03:22:00,958 [grpc-default-executor-8] INFO  impl.RoleInfo (RoleInfo.java:updateAndGet(143)) - 742c26a8-c271-430a-a05a-c8bba3fa6d96: start FollowerState
2019-10-15 03:22:00,959 [Thread-10757] INFO  impl.FollowerState (FollowerState.java:run(117)) - a910346c-1ee2-4cdc-a6d8-644a3a4f0b7f@group-5FF82F29B6C0-FollowerState was interrupted: java.lang.InterruptedException: sleep interrupted
2019-10-15 03:22:00,958 [grpc-default-executor-5] INFO  impl.RoleInfo (RoleInfo.java:updateAndGet(143)) - a910346c-1ee2-4cdc-a6d8-644a3a4f0b7f: start FollowerState
2019-10-15 03:22:00,973 [4c6a16c4-95d2-4ef7-9fc0-4f57ccbd9967@group-5FF82F29B6C0-LeaderElection1308] INFO  impl.LeaderElection (LeaderElection.java:logAndReturn(56)) - 4c6a16c4-95d2-4ef7-9fc0-4f57ccbd9967@group-5FF82F29B6C0-LeaderElection1308: Election REJECTED; received 2 response(s) [4c6a16c4-95d2-4ef7-9fc0-4f57ccbd9967<-742c26a8-c271-430a-a05a-c8bba3fa6d96#0:FAIL-t1356, 4c6a16c4-95d2-4ef7-9fc0-4f57ccbd9967<-a910346c-1ee2-4cdc-a6d8-644a3a4f0b7f#0:FAIL-t1356] and 0 exception(s); 4c6a16c4-95d2-4ef7-9fc0-4f57ccbd9967@group-5FF82F29B6C0:t1356, leader=null, voted=4c6a16c4-95d2-4ef7-9fc0-4f57ccbd9967, raftlog=4c6a16c4-95d2-4ef7-9fc0-4f57ccbd9967@group-5FF82F29B6C0-SegmentedRaftLog:OPENED:c-1,f-1,i0, conf=-1: [4c6a16c4-95d2-4ef7-9fc0-4f57ccbd9967:192.168.5.131:39112, 742c26a8-c271-430a-a05a-c8bba3fa6d96:192.168.5.131:42235, a910346c-1ee2-4cdc-a6d8-644a3a4f0b7f:192.168.5.131:38193], old=null
2019-10-15 03:22:00,973 [4c6a16c4-95d2-4ef7-9fc0-4f57ccbd9967@group-5FF82F29B6C0-LeaderElection1308] INFO  impl.RaftServerImpl (RaftServerImpl.java:setRole(184)) - 4c6a16c4-95d2-4ef7-9fc0-4f57ccbd9967@group-5FF82F29B6C0: changes role from CANDIDATE to FOLLOWER at term 1356 for DISCOVERED_A_NEW_TERM
2019-10-15 03:22:00,973 [4c6a16c4-95d2-4ef7-9fc0-4f57ccbd9967@group-5FF82F29B6C0-LeaderElection1308] INFO  impl.RoleInfo (RoleInfo.java:shutdownLeaderElection(134)) - 4c6a16c4-95d2-4ef7-9fc0-4f57ccbd9967: shutdown LeaderElection
2019-10-15 03:22:00,974 [4c6a16c4-95d2-4ef7-9fc0-4f57ccbd9967@group-5FF82F29B6C0-LeaderElection1308] INFO  impl.RoleInfo (RoleInfo.java:updateAndGet(143)) - 4c6a16c4-95d2-4ef7-9fc0-4f57ccbd9967: start FollowerState
2019-10-15 03:22:00,991 [EventQueue-PipelineActionsForPipelineActionHandler] ERROR pipeline.PipelineActionHandler (PipelineActionHandler.java:onMessage(60)) - Received pipeline action CLOSE for Pipeline[ Id: e4bf9835-e697-42f6-b211-5ff82f29b6c0, Nodes: a910346c-1ee2-4cdc-a6d8-644a3a4f0b7f{ip: 192.168.5.131, host: pr-hdds-2305-c92ks-1629580955, networkLocation: /default-rack, certSerialId: null}742c26a8-c271-430a-a05a-c8bba3fa6d96{ip: 192.168.5.131, host: pr-hdds-2305-c92ks-1629580955, networkLocation: /default-rack, certSerialId: null}4c6a16c4-95d2-4ef7-9fc0-4f57ccbd9967{ip: 192.168.5.131, host: pr-hdds-2305-c92ks-1629580955, networkLocation: /default-rack, certSerialId: null}, Type:RATIS, Factor:THREE, State:CLOSED] from datanode 4c6a16c4-95d2-4ef7-9fc0-4f57ccbd9967{ip: 192.168.5.131, host: pr-hdds-2305-c92ks-1629580955, networkLocation: /default-rack, certSerialId: null}. Reason : 4c6a16c4-95d2-4ef7-9fc0-4f57ccbd9967 is in candidate state for 174890ms
2019-10-15 03:22:00,991 [EventQueue-PipelineActionsForPipelineActionHandler] INFO  pipeline.SCMPipelineManager (SCMPipelineManager.java:finalizeAndDestroyPipeline(315)) - destroying pipeline:Pipeline[ Id: e4bf9835-e697-42f6-b211-5ff82f29b6c0, Nodes: a910346c-1ee2-4cdc-a6d8-644a3a4f0b7f{ip: 192.168.5.131, host: pr-hdds-2305-c92ks-1629580955, networkLocation: /default-rack, certSerialId: null}742c26a8-c271-430a-a05a-c8bba3fa6d96{ip: 192.168.5.131, host: pr-hdds-2305-c92ks-1629580955, networkLocation: /default-rack, certSerialId: null}4c6a16c4-95d2-4ef7-9fc0-4f57ccbd9967{ip: 192.168.5.131, host: pr-hdds-2305-c92ks-1629580955, networkLocation: /default-rack, certSerialId: null}, Type:RATIS, Factor:THREE, State:CLOSED]
2019-10-15 03:22:01,016 [Thread-10766] INFO  impl.FollowerState (FollowerState.java:run(108)) - 4c6a16c4-95d2-4ef7-9fc0-4f57ccbd9967@group-5FF82F29B6C0-FollowerState: change to CANDIDATE, lastRpcTime:42ms, electionTimeout:42ms
2019-10-15 03:22:01,016 [Thread-10766] INFO  impl.RoleInfo (RoleInfo.java:shutdownFollowerState(121)) - 4c6a16c4-95d2-4ef7-9fc0-4f57ccbd9967: shutdown FollowerState
2019-10-15 03:22:01,016 [Thread-10766] INFO  impl.RaftServerImpl (RaftServerImpl.java:setRole(184)) - 4c6a16c4-95d2-4ef7-9fc0-4f57ccbd9967@group-5FF82F29B6C0: changes role from  FOLLOWER to CANDIDATE at term 1356 for changeToCandidate
2019-10-15 03:22:01,016 [Thread-10766] ERROR ratis.XceiverServerRatis (XceiverServerRatis.java:triggerPipelineClose(582)) - pipeline Action CLOSE  on pipeline PipelineID=e4bf9835-e697-42f6-b211-5ff82f29b6c0.Reason : 4c6a16c4-95d2-4ef7-9fc0-4f57ccbd9967 is in candidate state for 175915ms
2019-10-15 03:22:01,016 [Thread-10766] INFO  impl.RoleInfo (RoleInfo.java:updateAndGet(143)) - 4c6a16c4-95d2-4ef7-9fc0-4f57ccbd9967: start LeaderElection
2019-10-15 03:22:01,029 [4c6a16c4-95d2-4ef7-9fc0-4f57ccbd9967@group-5FF82F29B6C0-LeaderElection1309] INFO  impl.LeaderElection (LeaderElection.java:askForVotes(178)) - 4c6a16c4-95d2-4ef7-9fc0-4f57ccbd9967@group-5FF82F29B6C0-LeaderElection1309: begin an election at term 1357 for -1: [4c6a16c4-95d2-4ef7-9fc0-4f57ccbd9967:192.168.5.131:39112, 742c26a8-c271-430a-a05a-c8bba3fa6d96:192.168.5.131:42235, a910346c-1ee2-4cdc-a6d8-644a3a4f0b7f:192.168.5.131:38193], old=null
2019-10-15 03:22:01,030 [grpc-default-executor-8] INFO  impl.RaftServerImpl (RaftServerImpl.java:setRole(184)) - a910346c-1ee2-4cdc-a6d8-644a3a4f0b7f@group-5FF82F29B6C0: changes role from  FOLLOWER to FOLLOWER at term 1357 for recognizeCandidate:4c6a16c4-95d2-4ef7-9fc0-4f57ccbd9967
2019-10-15 03:22:01,030 [grpc-default-executor-8] INFO  impl.RoleInfo (RoleInfo.java:shutdownFollowerState(121)) - a910346c-1ee2-4cdc-a6d8-644a3a4f0b7f: shutdown FollowerState
2019-10-15 03:22:01,030 [grpc-default-executor-5] INFO  impl.RaftServerImpl (RaftServerImpl.java:setRole(184)) - 742c26a8-c271-430a-a05a-c8bba3fa6d96@group-5FF82F29B6C0: changes role from  FOLLOWER to FOLLOWER at term 1357 for recognizeCandidate:4c6a16c4-95d2-4ef7-9fc0-4f57ccbd9967
2019-10-15 03:22:01,030 [grpc-default-executor-5] INFO  impl.RoleInfo (RoleInfo.java:shutdownFollowerState(121)) - 742c26a8-c271-430a-a05a-c8bba3fa6d96: shutdown FollowerState
2019-10-15 03:22:01,030 [Thread-10765] INFO  impl.FollowerState (FollowerState.java:run(117)) - a910346c-1ee2-4cdc-a6d8-644a3a4f0b7f@group-5FF82F29B6C0-FollowerState was interrupted: java.lang.InterruptedException: sleep interrupted
2019-10-15 03:22:01,030 [grpc-default-executor-8] INFO  impl.RoleInfo (RoleInfo.java:updateAndGet(143)) - a910346c-1ee2-4cdc-a6d8-644a3a4f0b7f: start FollowerState
2019-10-15 03:22:01,031 [Thread-10764] INFO  impl.FollowerState (FollowerState.java:run(117)) - 742c26a8-c271-430a-a05a-c8bba3fa6d96@group-5FF82F29B6C0-FollowerState was interrupted: java.lang.InterruptedException: sleep interrupted
2019-10-15 03:22:01,031 [grpc-default-executor-5] INFO  impl.RoleInfo (RoleInfo.java:updateAndGet(143)) - 742c26a8-c271-430a-a05a-c8bba3fa6d96: start FollowerState
2019-10-15 03:22:01,044 [4c6a16c4-95d2-4ef7-9fc0-4f57ccbd9967@group-5FF82F29B6C0-LeaderElection1309] INFO  impl.LeaderElection (LeaderElection.java:logAndReturn(56)) - 4c6a16c4-95d2-4ef7-9fc0-4f57ccbd9967@group-5FF82F29B6C0-LeaderElection1309: Election REJECTED; received 2 response(s) [4c6a16c4-95d2-4ef7-9fc0-4f57ccbd9967<-742c26a8-c271-430a-a05a-c8bba3fa6d96#0:FAIL-t1357, 4c6a16c4-95d2-4ef7-9fc0-4f57ccbd9967<-a910346c-1ee2-4cdc-a6d8-644a3a4f0b7f#0:FAIL-t1357] and 0 exception(s); 4c6a16c4-95d2-4ef7-9fc0-4f57ccbd9967@group-5FF82F29B6C0:t1357, leader=null, voted=4c6a16c4-95d2-4ef7-9fc0-4f57ccbd9967, raftlog=4c6a16c4-95d2-4ef7-9fc0-4f57ccbd9967@group-5FF82F29B6C0-SegmentedRaftLog:OPENED:c-1,f-1,i0, conf=-1: [4c6a16c4-95d2-4ef7-9fc0-4f57ccbd9967:192.168.5.131:39112, 742c26a8-c271-430a-a05a-c8bba3fa6d96:192.168.5.131:42235, a910346c-1ee2-4cdc-a6d8-644a3a4f0b7f:192.168.5.131:38193], old=null
2019-10-15 03:22:01,045 [4c6a16c4-95d2-4ef7-9fc0-4f57ccbd9967@group-5FF82F29B6C0-LeaderElection1309] INFO  impl.RaftServerImpl (RaftServerImpl.java:setRole(184)) - 4c6a16c4-95d2-4ef7-9fc0-4f57ccbd9967@group-5FF82F29B6C0: changes role from CANDIDATE to FOLLOWER at term 1357 for DISCOVERED_A_NEW_TERM
2019-10-15 03:22:01,045 [4c6a16c4-95d2-4ef7-9fc0-4f57ccbd9967@group-5FF82F29B6C0-LeaderElection1309] INFO  impl.RoleInfo (RoleInfo.java:shutdownLeaderElection(134)) - 4c6a16c4-95d2-4ef7-9fc0-4f57ccbd9967: shutdown LeaderElection
2019-10-15 03:22:01,045 [4c6a16c4-95d2-4ef7-9fc0-4f57ccbd9967@group-5FF82F29B6C0-LeaderElection1309] INFO  impl.RoleInfo (RoleInfo.java:updateAndGet(143)) - 4c6a16c4-95d2-4ef7-9fc0-4f57ccbd9967: start FollowerState
2019-10-15 03:22:01,177 [Thread-10772] INFO  impl.FollowerState (FollowerState.java:run(108)) - 4c6a16c4-95d2-4ef7-9fc0-4f57ccbd9967@group-5FF82F29B6C0-FollowerState: change to CANDIDATE, lastRpcTime:132ms, electionTimeout:132ms
2019-10-15 03:22:01,177 [Thread-10772] INFO  impl.RoleInfo (RoleInfo.java:shutdownFollowerState(121)) - 4c6a16c4-95d2-4ef7-9fc0-4f57ccbd9967: shutdown FollowerState
2019-10-15 03:22:01,177 [Thread-10772] INFO  impl.RaftServerImpl (RaftServerImpl.java:setRole(184)) - 4c6a16c4-95d2-4ef7-9fc0-4f57ccbd9967@group-5FF82F29B6C0: changes role from  FOLLOWER to CANDIDATE at term 1357 for changeToCandidate
2019-10-15 03:22:01,178 [Thread-10772] ERROR ratis.XceiverServerRatis (XceiverServerRatis.java:triggerPipelineClose(582)) - pipeline Action CLOSE  on pipeline PipelineID=e4bf9835-e697-42f6-b211-5ff82f29b6c0.Reason : 4c6a16c4-95d2-4ef7-9fc0-4f57ccbd9967 is in candidate state for 176077ms
2019-10-15 03:22:01,178 [Thread-10772] INFO  impl.RoleInfo (RoleInfo.java:updateAndGet(143)) - 4c6a16c4-95d2-4ef7-9fc0-4f57ccbd9967: start LeaderElection
2019-10-15 03:22:01,214 [4c6a16c4-95d2-4ef7-9fc0-4f57ccbd9967@group-5FF82F29B6C0-LeaderElection1310] INFO  impl.LeaderElection (LeaderElection.java:askForVotes(178)) - 4c6a16c4-95d2-4ef7-9fc0-4f57ccbd9967@group-5FF82F29B6C0-LeaderElection1310: begin an election at term 1358 for -1: [4c6a16c4-95d2-4ef7-9fc0-4f57ccbd9967:192.168.5.131:39112, 742c26a8-c271-430a-a05a-c8bba3fa6d96:192.168.5.131:42235, a910346c-1ee2-4cdc-a6d8-644a3a4f0b7f:192.168.5.131:38193], old=null
2019-10-15 03:22:01,215 [grpc-default-executor-8] INFO  impl.RaftServerImpl (RaftServerImpl.java:setRole(184)) - 742c26a8-c271-430a-a05a-c8bba3fa6d96@group-5FF82F29B6C0: changes role from  FOLLOWER to FOLLOWER at term 1358 for recognizeCandidate:4c6a16c4-95d2-4ef7-9fc0-4f57ccbd9967
2019-10-15 03:22:01,215 [grpc-default-executor-8] INFO  impl.RoleInfo (RoleInfo.java:shutdownFollowerState(121)) - 742c26a8-c271-430a-a05a-c8bba3fa6d96: shutdown FollowerState
2019-10-15 03:22:01,215 [grpc-default-executor-5] INFO  impl.RaftServerImpl (RaftServerImpl.java:setRole(184)) - a910346c-1ee2-4cdc-a6d8-644a3a4f0b7f@group-5FF82F29B6C0: changes role from  FOLLOWER to FOLLOWER at term 1358 for recognizeCandidate:4c6a16c4-95d2-4ef7-9fc0-4f57ccbd9967
2019-10-15 03:22:01,215 [Thread-10771] INFO  impl.FollowerState (FollowerState.java:run(117)) - 742c26a8-c271-430a-a05a-c8bba3fa6d96@group-5FF82F29B6C0-FollowerState was interrupted: java.lang.InterruptedException: sleep interrupted
2019-10-15 03:22:01,215 [grpc-default-executor-8] INFO  impl.RoleInfo (RoleInfo.java:updateAndGet(143)) - 742c26a8-c271-430a-a05a-c8bba3fa6d96: start FollowerState
2019-10-15 03:22:01,215 [grpc-default-executor-5] INFO  impl.RoleInfo (RoleInfo.java:shutdownFollowerState(121)) - a910346c-1ee2-4cdc-a6d8-644a3a4f0b7f: shutdown FollowerState
2019-10-15 03:22:01,216 [grpc-default-executor-5] INFO  impl.RoleInfo (RoleInfo.java:updateAndGet(143)) - a910346c-1ee2-4cdc-a6d8-644a3a4f0b7f: start FollowerState
2019-10-15 03:22:01,216 [Thread-10770] INFO  impl.FollowerState (FollowerState.java:run(117)) - a910346c-1ee2-4cdc-a6d8-644a3a4f0b7f@group-5FF82F29B6C0-FollowerState was interrupted: java.lang.InterruptedException: sleep interrupted
2019-10-15 03:22:01,228 [4c6a16c4-95d2-4ef7-9fc0-4f57ccbd9967@group-5FF82F29B6C0-LeaderElection1310] INFO  impl.LeaderElection (LeaderElection.java:logAndReturn(56)) - 4c6a16c4-95d2-4ef7-9fc0-4f57ccbd9967@group-5FF82F29B6C0-LeaderElection1310: Election REJECTED; received 2 response(s) [4c6a16c4-95d2-4ef7-9fc0-4f57ccbd9967<-742c26a8-c271-430a-a05a-c8bba3fa6d96#0:FAIL-t1358, 4c6a16c4-95d2-4ef7-9fc0-4f57ccbd9967<-a910346c-1ee2-4cdc-a6d8-644a3a4f0b7f#0:FAIL-t1358] and 0 exception(s); 4c6a16c4-95d2-4ef7-9fc0-4f57ccbd9967@group-5FF82F29B6C0:t1358, leader=null, voted=4c6a16c4-95d2-4ef7-9fc0-4f57ccbd9967, raftlog=4c6a16c4-95d2-4ef7-9fc0-4f57ccbd9967@group-5FF82F29B6C0-SegmentedRaftLog:OPENED:c-1,f-1,i0, conf=-1: [4c6a16c4-95d2-4ef7-9fc0-4f57ccbd9967:192.168.5.131:39112, 742c26a8-c271-430a-a05a-c8bba3fa6d96:192.168.5.131:42235, a910346c-1ee2-4cdc-a6d8-644a3a4f0b7f:192.168.5.131:38193], old=null
2019-10-15 03:22:01,228 [4c6a16c4-95d2-4ef7-9fc0-4f57ccbd9967@group-5FF82F29B6C0-LeaderElection1310] INFO  impl.RaftServerImpl (RaftServerImpl.java:setRole(184)) - 4c6a16c4-95d2-4ef7-9fc0-4f57ccbd9967@group-5FF82F29B6C0: changes role from CANDIDATE to FOLLOWER at term 1358 for DISCOVERED_A_NEW_TERM
2019-10-15 03:22:01,228 [4c6a16c4-95d2-4ef7-9fc0-4f57ccbd9967@group-5FF82F29B6C0-LeaderElection1310] INFO  impl.RoleInfo (RoleInfo.java:shutdownLeaderElection(134)) - 4c6a16c4-95d2-4ef7-9fc0-4f57ccbd9967: shutdown LeaderElection
2019-10-15 03:22:01,228 [4c6a16c4-95d2-4ef7-9fc0-4f57ccbd9967@group-5FF82F29B6C0-LeaderElection1310] INFO  impl.RoleInfo (RoleInfo.java:updateAndGet(143)) - 4c6a16c4-95d2-4ef7-9fc0-4f57ccbd9967: start FollowerState
2019-10-15 03:22:01,275 [java.util.concurrent.ThreadPoolExecutor$Worker@9385c76[State = -1, empty queue]] WARN  server.GrpcLogAppender (GrpcLogAppender.java:timeoutAppendRequest(209)) - 17dd8d53-48b4-4b62-8793-7cfa92585664@group-430C8F2242CE->2e087e40-613e-4b42-9ae6-f6bb8282a9c9-GrpcLogAppender: appendEntries Timeout, request=17dd8d53-48b4-4b62-8793-7cfa92585664->2e087e40-613e-4b42-9ae6-f6bb8282a9c9#6-t1, previous=(t:1, i:2), leaderCommit=2, initializing? false, entries: size=1, first=(t:1, i:3), STATEMACHINELOGENTRY, client-5E7A5458CF39, cid=87
2019-10-15 03:22:01,287 [java.util.concurrent.ThreadPoolExecutor$Worker@9385c76[State = -1, empty queue]] WARN  server.GrpcLogAppender (GrpcLogAppender.java:timeoutAppendRequest(209)) - 17dd8d53-48b4-4b62-8793-7cfa92585664@group-430C8F2242CE->2e087e40-613e-4b42-9ae6-f6bb8282a9c9-GrpcLogAppender: appendEntries Timeout, request=17dd8d53-48b4-4b62-8793-7cfa92585664->2e087e40-613e-4b42-9ae6-f6bb8282a9c9#7-t1, previous=(t:1, i:3), leaderCommit=3, initializing? false, entries: size=1, first=(t:1, i:4), METADATAENTRY(c3)
2019-10-15 03:22:01,363 [Thread-10780] INFO  impl.FollowerState (FollowerState.java:run(108)) - 4c6a16c4-95d2-4ef7-9fc0-4f57ccbd9967@group-5FF82F29B6C0-FollowerState: change to CANDIDATE, lastRpcTime:134ms, electionTimeout:134ms
2019-10-15 03:22:01,363 [Thread-10780] INFO  impl.RoleInfo (RoleInfo.java:shutdownFollowerState(121)) - 4c6a16c4-95d2-4ef7-9fc0-4f57ccbd9967: shutdown FollowerState
2019-10-15 03:22:01,363 [Thread-10780] INFO  impl.RaftServerImpl (RaftServerImpl.java:setRole(184)) - 4c6a16c4-95d2-4ef7-9fc0-4f57ccbd9967@group-5FF82F29B6C0: changes role from  FOLLOWER to CANDIDATE at term 1358 for changeToCandidate
2019-10-15 03:22:01,363 [Thread-10780] ERROR ratis.XceiverServerRatis (XceiverServerRatis.java:triggerPipelineClose(582)) - pipeline Action CLOSE  on pipeline PipelineID=e4bf9835-e697-42f6-b211-5ff82f29b6c0.Reason : 4c6a16c4-95d2-4ef7-9fc0-4f57ccbd9967 is in candidate state for 176262ms
2019-10-15 03:22:01,363 [Thread-10780] INFO  impl.RoleInfo (RoleInfo.java:updateAndGet(143)) - 4c6a16c4-95d2-4ef7-9fc0-4f57ccbd9967: start LeaderElection
2019-10-15 03:22:01,385 [4c6a16c4-95d2-4ef7-9fc0-4f57ccbd9967@group-5FF82F29B6C0-LeaderElection1311] INFO  impl.LeaderElection (LeaderElection.java:askForVotes(178)) - 4c6a16c4-95d2-4ef7-9fc0-4f57ccbd9967@group-5FF82F29B6C0-LeaderElection1311: begin an election at term 1359 for -1: [4c6a16c4-95d2-4ef7-9fc0-4f57ccbd9967:192.168.5.131:39112, 742c26a8-c271-430a-a05a-c8bba3fa6d96:192.168.5.131:42235, a910346c-1ee2-4cdc-a6d8-644a3a4f0b7f:192.168.5.131:38193], old=null
2019-10-15 03:22:01,386 [grpc-default-executor-5] INFO  impl.RaftServerImpl (RaftServerImpl.java:setRole(184)) - a910346c-1ee2-4cdc-a6d8-644a3a4f0b7f@group-5FF82F29B6C0: changes role from  FOLLOWER to FOLLOWER at term 1359 for recognizeCandidate:4c6a16c4-95d2-4ef7-9fc0-4f57ccbd9967
2019-10-15 03:22:01,386 [grpc-default-executor-8] INFO  impl.RaftServerImpl (RaftServerImpl.java:setRole(184)) - 742c26a8-c271-430a-a05a-c8bba3fa6d96@group-5FF82F29B6C0: changes role from  FOLLOWER to FOLLOWER at term 1359 for recognizeCandidate:4c6a16c4-95d2-4ef7-9fc0-4f57ccbd9967
2019-10-15 03:22:01,386 [grpc-default-executor-8] INFO  impl.RoleInfo (RoleInfo.java:shutdownFollowerState(121)) - 742c26a8-c271-430a-a05a-c8bba3fa6d96: shutdown FollowerState
2019-10-15 03:22:01,386 [grpc-default-executor-5] INFO  impl.RoleInfo (RoleInfo.java:shutdownFollowerState(121)) - a910346c-1ee2-4cdc-a6d8-644a3a4f0b7f: shutdown FollowerState
2019-10-15 03:22:01,386 [Thread-10778] INFO  impl.FollowerState (FollowerState.java:run(117)) - 742c26a8-c271-430a-a05a-c8bba3fa6d96@group-5FF82F29B6C0-FollowerState was interrupted: java.lang.InterruptedException: sleep interrupted
2019-10-15 03:22:01,386 [Thread-10779] INFO  impl.FollowerState (FollowerState.java:run(117)) - a910346c-1ee2-4cdc-a6d8-644a3a4f0b7f@group-5FF82F29B6C0-FollowerState was interrupted: java.lang.InterruptedException: sleep interrupted
2019-10-15 03:22:01,386 [grpc-default-executor-8] INFO  impl.RoleInfo (RoleInfo.java:updateAndGet(143)) - 742c26a8-c271-430a-a05a-c8bba3fa6d96: start FollowerState
2019-10-15 03:22:01,386 [grpc-default-executor-5] INFO  impl.RoleInfo (RoleInfo.java:updateAndGet(143)) - a910346c-1ee2-4cdc-a6d8-644a3a4f0b7f: start FollowerState
2019-10-15 03:22:01,413 [4c6a16c4-95d2-4ef7-9fc0-4f57ccbd9967@group-5FF82F29B6C0-LeaderElection1311] INFO  impl.LeaderElection (LeaderElection.java:logAndReturn(56)) - 4c6a16c4-95d2-4ef7-9fc0-4f57ccbd9967@group-5FF82F29B6C0-LeaderElection1311: Election REJECTED; received 2 response(s) [4c6a16c4-95d2-4ef7-9fc0-4f57ccbd9967<-742c26a8-c271-430a-a05a-c8bba3fa6d96#0:FAIL-t1359, 4c6a16c4-95d2-4ef7-9fc0-4f57ccbd9967<-a910346c-1ee2-4cdc-a6d8-644a3a4f0b7f#0:FAIL-t1359] and 0 exception(s); 4c6a16c4-95d2-4ef7-9fc0-4f57ccbd9967@group-5FF82F29B6C0:t1359, leader=null, voted=4c6a16c4-95d2-4ef7-9fc0-4f57ccbd9967, raftlog=4c6a16c4-95d2-4ef7-9fc0-4f57ccbd9967@group-5FF82F29B6C0-SegmentedRaftLog:OPENED:c-1,f-1,i0, conf=-1: [4c6a16c4-95d2-4ef7-9fc0-4f57ccbd9967:192.168.5.131:39112, 742c26a8-c271-430a-a05a-c8bba3fa6d96:192.168.5.131:42235, a910346c-1ee2-4cdc-a6d8-644a3a4f0b7f:192.168.5.131:38193], old=null
2019-10-15 03:22:01,413 [4c6a16c4-95d2-4ef7-9fc0-4f57ccbd9967@group-5FF82F29B6C0-LeaderElection1311] INFO  impl.RaftServerImpl (RaftServerImpl.java:setRole(184)) - 4c6a16c4-95d2-4ef7-9fc0-4f57ccbd9967@group-5FF82F29B6C0: changes role from CANDIDATE to FOLLOWER at term 1359 for DISCOVERED_A_NEW_TERM
2019-10-15 03:22:01,413 [4c6a16c4-95d2-4ef7-9fc0-4f57ccbd9967@group-5FF82F29B6C0-LeaderElection1311] INFO  impl.RoleInfo (RoleInfo.java:shutdownLeaderElection(134)) - 4c6a16c4-95d2-4ef7-9fc0-4f57ccbd9967: shutdown LeaderElection
2019-10-15 03:22:01,413 [4c6a16c4-95d2-4ef7-9fc0-4f57ccbd9967@group-5FF82F29B6C0-LeaderElection1311] INFO  impl.RoleInfo (RoleInfo.java:updateAndGet(143)) - 4c6a16c4-95d2-4ef7-9fc0-4f57ccbd9967: start FollowerState
2019-10-15 03:22:01,437 [Thread-10786] INFO  impl.FollowerState (FollowerState.java:run(108)) - 4c6a16c4-95d2-4ef7-9fc0-4f57ccbd9967@group-5FF82F29B6C0-FollowerState: change to CANDIDATE, lastRpcTime:24ms, electionTimeout:24ms
2019-10-15 03:22:01,438 [Thread-10786] INFO  impl.RoleInfo (RoleInfo.java:shutdownFollowerState(121)) - 4c6a16c4-95d2-4ef7-9fc0-4f57ccbd9967: shutdown FollowerState
2019-10-15 03:22:01,438 [Thread-10786] INFO  impl.RaftServerImpl (RaftServerImpl.java:setRole(184)) - 4c6a16c4-95d2-4ef7-9fc0-4f57ccbd9967@group-5FF82F29B6C0: changes role from  FOLLOWER to CANDIDATE at term 1359 for changeToCandidate
2019-10-15 03:22:01,438 [Thread-10786] ERROR ratis.XceiverServerRatis (XceiverServerRatis.java:triggerPipelineClose(582)) - pipeline Action CLOSE  on pipeline PipelineID=e4bf9835-e697-42f6-b211-5ff82f29b6c0.Reason : 4c6a16c4-95d2-4ef7-9fc0-4f57ccbd9967 is in candidate state for 176337ms
2019-10-15 03:22:01,438 [Thread-10786] INFO  impl.RoleInfo (RoleInfo.java:updateAndGet(143)) - 4c6a16c4-95d2-4ef7-9fc0-4f57ccbd9967: start LeaderElection
2019-10-15 03:22:01,451 [4c6a16c4-95d2-4ef7-9fc0-4f57ccbd9967@group-5FF82F29B6C0-LeaderElection1312] INFO  impl.LeaderElection (LeaderElection.java:askForVotes(178)) - 4c6a16c4-95d2-4ef7-9fc0-4f57ccbd9967@group-5FF82F29B6C0-LeaderElection1312: begin an election at term 1360 for -1: [4c6a16c4-95d2-4ef7-9fc0-4f57ccbd9967:192.168.5.131:39112, 742c26a8-c271-430a-a05a-c8bba3fa6d96:192.168.5.131:42235, a910346c-1ee2-4cdc-a6d8-644a3a4f0b7f:192.168.5.131:38193], old=null
2019-10-15 03:22:01,452 [grpc-default-executor-8] INFO  impl.RaftServerImpl (RaftServerImpl.java:setRole(184)) - 742c26a8-c271-430a-a05a-c8bba3fa6d96@group-5FF82F29B6C0: changes role from  FOLLOWER to FOLLOWER at term 1360 for recognizeCandidate:4c6a16c4-95d2-4ef7-9fc0-4f57ccbd9967
2019-10-15 03:22:01,452 [grpc-default-executor-5] INFO  impl.RaftServerImpl (RaftServerImpl.java:setRole(184)) - a910346c-1ee2-4cdc-a6d8-644a3a4f0b7f@group-5FF82F29B6C0: changes role from  FOLLOWER to FOLLOWER at term 1360 for recognizeCandidate:4c6a16c4-95d2-4ef7-9fc0-4f57ccbd9967
2019-10-15 03:22:01,452 [grpc-default-executor-8] INFO  impl.RoleInfo (RoleInfo.java:shutdownFollowerState(121)) - 742c26a8-c271-430a-a05a-c8bba3fa6d96: shutdown FollowerState
2019-10-15 03:22:01,453 [grpc-default-executor-5] INFO  impl.RoleInfo (RoleInfo.java:shutdownFollowerState(121)) - a910346c-1ee2-4cdc-a6d8-644a3a4f0b7f: shutdown FollowerState
2019-10-15 03:22:01,453 [grpc-default-executor-8] INFO  impl.RoleInfo (RoleInfo.java:updateAndGet(143)) - 742c26a8-c271-430a-a05a-c8bba3fa6d96: start FollowerState
2019-10-15 03:22:01,453 [Thread-10785] INFO  impl.FollowerState (FollowerState.java:run(117)) - a910346c-1ee2-4cdc-a6d8-644a3a4f0b7f@group-5FF82F29B6C0-FollowerState was interrupted: java.lang.InterruptedException: sleep interrupted
2019-10-15 03:22:01,453 [grpc-default-executor-5] INFO  impl.RoleInfo (RoleInfo.java:updateAndGet(143)) - a910346c-1ee2-4cdc-a6d8-644a3a4f0b7f: start FollowerState
2019-10-15 03:22:01,453 [Thread-10784] INFO  impl.FollowerState (FollowerState.java:run(117)) - 742c26a8-c271-430a-a05a-c8bba3fa6d96@group-5FF82F29B6C0-FollowerState was interrupted: java.lang.InterruptedException: sleep interrupted
2019-10-15 03:22:01,467 [4c6a16c4-95d2-4ef7-9fc0-4f57ccbd9967@group-5FF82F29B6C0-LeaderElection1312] INFO  impl.LeaderElection (LeaderElection.java:logAndReturn(56)) - 4c6a16c4-95d2-4ef7-9fc0-4f57ccbd9967@group-5FF82F29B6C0-LeaderElection1312: Election REJECTED; received 2 response(s) [4c6a16c4-95d2-4ef7-9fc0-4f57ccbd9967<-742c26a8-c271-430a-a05a-c8bba3fa6d96#0:FAIL-t1360, 4c6a16c4-95d2-4ef7-9fc0-4f57ccbd9967<-a910346c-1ee2-4cdc-a6d8-644a3a4f0b7f#0:FAIL-t1360] and 0 exception(s); 4c6a16c4-95d2-4ef7-9fc0-4f57ccbd9967@group-5FF82F29B6C0:t1360, leader=null, voted=4c6a16c4-95d2-4ef7-9fc0-4f57ccbd9967, raftlog=4c6a16c4-95d2-4ef7-9fc0-4f57ccbd9967@group-5FF82F29B6C0-SegmentedRaftLog:OPENED:c-1,f-1,i0, conf=-1: [4c6a16c4-95d2-4ef7-9fc0-4f57ccbd9967:192.168.5.131:39112, 742c26a8-c271-430a-a05a-c8bba3fa6d96:192.168.5.131:42235, a910346c-1ee2-4cdc-a6d8-644a3a4f0b7f:192.168.5.131:38193], old=null
2019-10-15 03:22:01,468 [4c6a16c4-95d2-4ef7-9fc0-4f57ccbd9967@group-5FF82F29B6C0-LeaderElection1312] INFO  impl.RaftServerImpl (RaftServerImpl.java:setRole(184)) - 4c6a16c4-95d2-4ef7-9fc0-4f57ccbd9967@group-5FF82F29B6C0: changes role from CANDIDATE to FOLLOWER at term 1360 for DISCOVERED_A_NEW_TERM
2019-10-15 03:22:01,468 [4c6a16c4-95d2-4ef7-9fc0-4f57ccbd9967@group-5FF82F29B6C0-LeaderElection1312] INFO  impl.RoleInfo (RoleInfo.java:shutdownLeaderElection(134)) - 4c6a16c4-95d2-4ef7-9fc0-4f57ccbd9967: shutdown LeaderElection
2019-10-15 03:22:01,468 [4c6a16c4-95d2-4ef7-9fc0-4f57ccbd9967@group-5FF82F29B6C0-LeaderElection1312] INFO  impl.RoleInfo (RoleInfo.java:updateAndGet(143)) - 4c6a16c4-95d2-4ef7-9fc0-4f57ccbd9967: start FollowerState
2019-10-15 03:22:01,574 [main] WARN  scm.XceiverClientRatis (XceiverClientRatis.java:watchForCommit(277)) - 3 way commit failed on pipeline Pipeline[ Id: 6dd53132-05cf-4d09-96e4-430c8f2242ce, Nodes: 2e087e40-613e-4b42-9ae6-f6bb8282a9c9{ip: 192.168.5.131, host: pr-hdds-2305-c92ks-1629580955, networkLocation: /default-rack, certSerialId: null}17d4a3a3-e05f-449b-a5b3-f00266930d75{ip: 192.168.5.131, host: pr-hdds-2305-c92ks-1629580955, networkLocation: /default-rack, certSerialId: null}17dd8d53-48b4-4b62-8793-7cfa92585664{ip: 192.168.5.131, host: pr-hdds-2305-c92ks-1629580955, networkLocation: /default-rack, certSerialId: null}, Type:RATIS, Factor:THREE, State:OPEN]
java.util.concurrent.TimeoutException
	at java.util.concurrent.CompletableFuture.timedGet(CompletableFuture.java:1771)
	at java.util.concurrent.CompletableFuture.get(CompletableFuture.java:1915)
	at org.apache.hadoop.hdds.scm.XceiverClientRatis.watchForCommit(XceiverClientRatis.java:274)
	at org.apache.hadoop.ozone.client.rpc.TestWatchForCommit.test2WayCommitForTimeoutException(TestWatchForCommit.java:391)
	at sun.reflect.NativeMethodAccessorImpl.invoke0(Native Method)
	at sun.reflect.NativeMethodAccessorImpl.invoke(NativeMethodAccessorImpl.java:62)
	at sun.reflect.DelegatingMethodAccessorImpl.invoke(DelegatingMethodAccessorImpl.java:43)
	at java.lang.reflect.Method.invoke(Method.java:498)
	at org.junit.runners.model.FrameworkMethod$1.runReflectiveCall(FrameworkMethod.java:47)
	at org.junit.internal.runners.model.ReflectiveCallable.run(ReflectiveCallable.java:12)
	at org.junit.runners.model.FrameworkMethod.invokeExplosively(FrameworkMethod.java:44)
	at org.junit.internal.runners.statements.InvokeMethod.evaluate(InvokeMethod.java:17)
	at org.junit.runners.ParentRunner.runLeaf(ParentRunner.java:271)
	at org.junit.runners.BlockJUnit4ClassRunner.runChild(BlockJUnit4ClassRunner.java:70)
	at org.junit.runners.BlockJUnit4ClassRunner.runChild(BlockJUnit4ClassRunner.java:50)
	at org.junit.runners.ParentRunner$3.run(ParentRunner.java:238)
	at org.junit.runners.ParentRunner$1.schedule(ParentRunner.java:63)
	at org.junit.runners.ParentRunner.runChildren(ParentRunner.java:236)
	at org.junit.runners.ParentRunner.access$000(ParentRunner.java:53)
	at org.junit.runners.ParentRunner$2.evaluate(ParentRunner.java:229)
	at org.junit.runners.ParentRunner.run(ParentRunner.java:309)
	at org.apache.maven.surefire.junit4.JUnit4Provider.execute(JUnit4Provider.java:365)
	at org.apache.maven.surefire.junit4.JUnit4Provider.executeWithRerun(JUnit4Provider.java:273)
	at org.apache.maven.surefire.junit4.JUnit4Provider.executeTestSet(JUnit4Provider.java:238)
	at org.apache.maven.surefire.junit4.JUnit4Provider.invoke(JUnit4Provider.java:159)
	at org.apache.maven.surefire.booter.ForkedBooter.invokeProviderInSameClassLoader(ForkedBooter.java:384)
	at org.apache.maven.surefire.booter.ForkedBooter.runSuitesInProcess(ForkedBooter.java:345)
	at org.apache.maven.surefire.booter.ForkedBooter.execute(ForkedBooter.java:126)
	at org.apache.maven.surefire.booter.ForkedBooter.main(ForkedBooter.java:418)
2019-10-15 03:22:01,599 [Thread-10802] INFO  client.GrpcClientProtocolService (GrpcClientProtocolService.java:lambda$processClientRequest$0(278)) - Failed RaftClientRequest:client-5E7A5458CF39->17d4a3a3-e05f-449b-a5b3-f00266930d75@group-430C8F2242CE, cid=89, seq=0, Watch-MAJORITY_COMMITTED(3), Message:<EMPTY>, reply=RaftClientReply:client-5E7A5458CF39->17d4a3a3-e05f-449b-a5b3-f00266930d75@group-430C8F2242CE, cid=89, FAILED org.apache.ratis.protocol.NotLeaderException: Server 17d4a3a3-e05f-449b-a5b3-f00266930d75@group-430C8F2242CE is not the leader 17dd8d53-48b4-4b62-8793-7cfa92585664:192.168.5.131:33641, logIndex=0, commits[17d4a3a3-e05f-449b-a5b3-f00266930d75:c4, 17dd8d53-48b4-4b62-8793-7cfa92585664:c4, 2e087e40-613e-4b42-9ae6-f6bb8282a9c9:c2]
2019-10-15 03:22:01,653 [Thread-10792] INFO  impl.FollowerState (FollowerState.java:run(108)) - 4c6a16c4-95d2-4ef7-9fc0-4f57ccbd9967@group-5FF82F29B6C0-FollowerState: change to CANDIDATE, lastRpcTime:185ms, electionTimeout:185ms
2019-10-15 03:22:01,653 [Thread-10792] INFO  impl.RoleInfo (RoleInfo.java:shutdownFollowerState(121)) - 4c6a16c4-95d2-4ef7-9fc0-4f57ccbd9967: shutdown FollowerState
2019-10-15 03:22:01,653 [Thread-10792] INFO  impl.RaftServerImpl (RaftServerImpl.java:setRole(184)) - 4c6a16c4-95d2-4ef7-9fc0-4f57ccbd9967@group-5FF82F29B6C0: changes role from  FOLLOWER to CANDIDATE at term 1360 for changeToCandidate
2019-10-15 03:22:01,653 [Thread-10792] ERROR ratis.XceiverServerRatis (XceiverServerRatis.java:triggerPipelineClose(582)) - pipeline Action CLOSE  on pipeline PipelineID=e4bf9835-e697-42f6-b211-5ff82f29b6c0.Reason : 4c6a16c4-95d2-4ef7-9fc0-4f57ccbd9967 is in candidate state for 176553ms
2019-10-15 03:22:01,654 [Thread-10792] INFO  impl.RoleInfo (RoleInfo.java:updateAndGet(143)) - 4c6a16c4-95d2-4ef7-9fc0-4f57ccbd9967: start LeaderElection
2019-10-15 03:22:01,666 [4c6a16c4-95d2-4ef7-9fc0-4f57ccbd9967@group-5FF82F29B6C0-LeaderElection1313] INFO  impl.LeaderElection (LeaderElection.java:askForVotes(178)) - 4c6a16c4-95d2-4ef7-9fc0-4f57ccbd9967@group-5FF82F29B6C0-LeaderElection1313: begin an election at term 1361 for -1: [4c6a16c4-95d2-4ef7-9fc0-4f57ccbd9967:192.168.5.131:39112, 742c26a8-c271-430a-a05a-c8bba3fa6d96:192.168.5.131:42235, a910346c-1ee2-4cdc-a6d8-644a3a4f0b7f:192.168.5.131:38193], old=null
2019-10-15 03:22:01,667 [grpc-default-executor-5] INFO  impl.RaftServerImpl (RaftServerImpl.java:setRole(184)) - a910346c-1ee2-4cdc-a6d8-644a3a4f0b7f@group-5FF82F29B6C0: changes role from  FOLLOWER to FOLLOWER at term 1361 for recognizeCandidate:4c6a16c4-95d2-4ef7-9fc0-4f57ccbd9967
2019-10-15 03:22:01,667 [grpc-default-executor-5] INFO  impl.RoleInfo (RoleInfo.java:shutdownFollowerState(121)) - a910346c-1ee2-4cdc-a6d8-644a3a4f0b7f: shutdown FollowerState
2019-10-15 03:22:01,667 [grpc-default-executor-8] INFO  impl.RaftServerImpl (RaftServerImpl.java:setRole(184)) - 742c26a8-c271-430a-a05a-c8bba3fa6d96@group-5FF82F29B6C0: changes role from  FOLLOWER to FOLLOWER at term 1361 for recognizeCandidate:4c6a16c4-95d2-4ef7-9fc0-4f57ccbd9967
2019-10-15 03:22:01,667 [Thread-10791] INFO  impl.FollowerState (FollowerState.java:run(117)) - a910346c-1ee2-4cdc-a6d8-644a3a4f0b7f@group-5FF82F29B6C0-FollowerState was interrupted: java.lang.InterruptedException: sleep interrupted
2019-10-15 03:22:01,667 [grpc-default-executor-5] INFO  impl.RoleInfo (RoleInfo.java:updateAndGet(143)) - a910346c-1ee2-4cdc-a6d8-644a3a4f0b7f: start FollowerState
2019-10-15 03:22:01,667 [grpc-default-executor-8] INFO  impl.RoleInfo (RoleInfo.java:shutdownFollowerState(121)) - 742c26a8-c271-430a-a05a-c8bba3fa6d96: shutdown FollowerState
2019-10-15 03:22:01,668 [grpc-default-executor-8] INFO  impl.RoleInfo (RoleInfo.java:updateAndGet(143)) - 742c26a8-c271-430a-a05a-c8bba3fa6d96: start FollowerState
2019-10-15 03:22:01,668 [Thread-10790] INFO  impl.FollowerState (FollowerState.java:run(117)) - 742c26a8-c271-430a-a05a-c8bba3fa6d96@group-5FF82F29B6C0-FollowerState was interrupted: java.lang.InterruptedException: sleep interrupted
2019-10-15 03:22:01,675 [4c6a16c4-95d2-4ef7-9fc0-4f57ccbd9967@group-5FF82F29B6C0-LeaderElection1313] INFO  impl.LeaderElection (LeaderElection.java:logAndReturn(56)) - 4c6a16c4-95d2-4ef7-9fc0-4f57ccbd9967@group-5FF82F29B6C0-LeaderElection1313: Election TIMEOUT; received 0 response(s) [] and 0 exception(s); 4c6a16c4-95d2-4ef7-9fc0-4f57ccbd9967@group-5FF82F29B6C0:t1361, leader=null, voted=4c6a16c4-95d2-4ef7-9fc0-4f57ccbd9967, raftlog=4c6a16c4-95d2-4ef7-9fc0-4f57ccbd9967@group-5FF82F29B6C0-SegmentedRaftLog:OPENED:c-1,f-1,i0, conf=-1: [4c6a16c4-95d2-4ef7-9fc0-4f57ccbd9967:192.168.5.131:39112, 742c26a8-c271-430a-a05a-c8bba3fa6d96:192.168.5.131:42235, a910346c-1ee2-4cdc-a6d8-644a3a4f0b7f:192.168.5.131:38193], old=null
2019-10-15 03:22:01,681 [4c6a16c4-95d2-4ef7-9fc0-4f57ccbd9967@group-5FF82F29B6C0-LeaderElection1313] INFO  impl.LeaderElection (LeaderElection.java:askForVotes(178)) - 4c6a16c4-95d2-4ef7-9fc0-4f57ccbd9967@group-5FF82F29B6C0-LeaderElection1313: begin an election at term 1362 for -1: [4c6a16c4-95d2-4ef7-9fc0-4f57ccbd9967:192.168.5.131:39112, 742c26a8-c271-430a-a05a-c8bba3fa6d96:192.168.5.131:42235, a910346c-1ee2-4cdc-a6d8-644a3a4f0b7f:192.168.5.131:38193], old=null
2019-10-15 03:22:01,682 [grpc-default-executor-8] INFO  impl.RaftServerImpl (RaftServerImpl.java:setRole(184)) - 742c26a8-c271-430a-a05a-c8bba3fa6d96@group-5FF82F29B6C0: changes role from  FOLLOWER to FOLLOWER at term 1362 for recognizeCandidate:4c6a16c4-95d2-4ef7-9fc0-4f57ccbd9967
2019-10-15 03:22:01,683 [grpc-default-executor-5] INFO  impl.RaftServerImpl (RaftServerImpl.java:setRole(184)) - a910346c-1ee2-4cdc-a6d8-644a3a4f0b7f@group-5FF82F29B6C0: changes role from  FOLLOWER to FOLLOWER at term 1362 for recognizeCandidate:4c6a16c4-95d2-4ef7-9fc0-4f57ccbd9967
2019-10-15 03:22:01,683 [grpc-default-executor-5] INFO  impl.RoleInfo (RoleInfo.java:shutdownFollowerState(121)) - a910346c-1ee2-4cdc-a6d8-644a3a4f0b7f: shutdown FollowerState
2019-10-15 03:22:01,683 [grpc-default-executor-8] INFO  impl.RoleInfo (RoleInfo.java:shutdownFollowerState(121)) - 742c26a8-c271-430a-a05a-c8bba3fa6d96: shutdown FollowerState
2019-10-15 03:22:01,683 [Thread-10808] INFO  impl.FollowerState (FollowerState.java:run(117)) - a910346c-1ee2-4cdc-a6d8-644a3a4f0b7f@group-5FF82F29B6C0-FollowerState was interrupted: java.lang.InterruptedException: sleep interrupted
2019-10-15 03:22:01,683 [grpc-default-executor-5] INFO  impl.RoleInfo (RoleInfo.java:updateAndGet(143)) - a910346c-1ee2-4cdc-a6d8-644a3a4f0b7f: start FollowerState
2019-10-15 03:22:01,683 [Thread-10809] INFO  impl.FollowerState (FollowerState.java:run(117)) - 742c26a8-c271-430a-a05a-c8bba3fa6d96@group-5FF82F29B6C0-FollowerState was interrupted: java.lang.InterruptedException: sleep interrupted
2019-10-15 03:22:01,683 [grpc-default-executor-8] INFO  impl.RoleInfo (RoleInfo.java:updateAndGet(143)) - 742c26a8-c271-430a-a05a-c8bba3fa6d96: start FollowerState
2019-10-15 03:22:01,698 [4c6a16c4-95d2-4ef7-9fc0-4f57ccbd9967@group-5FF82F29B6C0-LeaderElection1313] INFO  impl.LeaderElection (LeaderElection.java:logAndReturn(56)) - 4c6a16c4-95d2-4ef7-9fc0-4f57ccbd9967@group-5FF82F29B6C0-LeaderElection1313: Election REJECTED; received 2 response(s) [4c6a16c4-95d2-4ef7-9fc0-4f57ccbd9967<-742c26a8-c271-430a-a05a-c8bba3fa6d96#0:FAIL-t1362, 4c6a16c4-95d2-4ef7-9fc0-4f57ccbd9967<-a910346c-1ee2-4cdc-a6d8-644a3a4f0b7f#0:FAIL-t1362] and 0 exception(s); 4c6a16c4-95d2-4ef7-9fc0-4f57ccbd9967@group-5FF82F29B6C0:t1362, leader=null, voted=4c6a16c4-95d2-4ef7-9fc0-4f57ccbd9967, raftlog=4c6a16c4-95d2-4ef7-9fc0-4f57ccbd9967@group-5FF82F29B6C0-SegmentedRaftLog:OPENED:c-1,f-1,i0, conf=-1: [4c6a16c4-95d2-4ef7-9fc0-4f57ccbd9967:192.168.5.131:39112, 742c26a8-c271-430a-a05a-c8bba3fa6d96:192.168.5.131:42235, a910346c-1ee2-4cdc-a6d8-644a3a4f0b7f:192.168.5.131:38193], old=null
2019-10-15 03:22:01,699 [4c6a16c4-95d2-4ef7-9fc0-4f57ccbd9967@group-5FF82F29B6C0-LeaderElection1313] INFO  impl.RaftServerImpl (RaftServerImpl.java:setRole(184)) - 4c6a16c4-95d2-4ef7-9fc0-4f57ccbd9967@group-5FF82F29B6C0: changes role from CANDIDATE to FOLLOWER at term 1362 for DISCOVERED_A_NEW_TERM
2019-10-15 03:22:01,699 [4c6a16c4-95d2-4ef7-9fc0-4f57ccbd9967@group-5FF82F29B6C0-LeaderElection1313] INFO  impl.RoleInfo (RoleInfo.java:shutdownLeaderElection(134)) - 4c6a16c4-95d2-4ef7-9fc0-4f57ccbd9967: shutdown LeaderElection
2019-10-15 03:22:01,699 [4c6a16c4-95d2-4ef7-9fc0-4f57ccbd9967@group-5FF82F29B6C0-LeaderElection1313] INFO  impl.RoleInfo (RoleInfo.java:updateAndGet(143)) - 4c6a16c4-95d2-4ef7-9fc0-4f57ccbd9967: start FollowerState
2019-10-15 03:22:01,820 [Thread-10815] INFO  impl.FollowerState (FollowerState.java:run(108)) - 4c6a16c4-95d2-4ef7-9fc0-4f57ccbd9967@group-5FF82F29B6C0-FollowerState: change to CANDIDATE, lastRpcTime:121ms, electionTimeout:121ms
2019-10-15 03:22:01,820 [Thread-10815] INFO  impl.RoleInfo (RoleInfo.java:shutdownFollowerState(121)) - 4c6a16c4-95d2-4ef7-9fc0-4f57ccbd9967: shutdown FollowerState
2019-10-15 03:22:01,820 [Thread-10815] INFO  impl.RaftServerImpl (RaftServerImpl.java:setRole(184)) - 4c6a16c4-95d2-4ef7-9fc0-4f57ccbd9967@group-5FF82F29B6C0: changes role from  FOLLOWER to CANDIDATE at term 1362 for changeToCandidate
2019-10-15 03:22:01,821 [Thread-10815] ERROR ratis.XceiverServerRatis (XceiverServerRatis.java:triggerPipelineClose(582)) - pipeline Action CLOSE  on pipeline PipelineID=e4bf9835-e697-42f6-b211-5ff82f29b6c0.Reason : 4c6a16c4-95d2-4ef7-9fc0-4f57ccbd9967 is in candidate state for 176720ms
2019-10-15 03:22:01,821 [Thread-10815] INFO  impl.RoleInfo (RoleInfo.java:updateAndGet(143)) - 4c6a16c4-95d2-4ef7-9fc0-4f57ccbd9967: start LeaderElection
2019-10-15 03:22:01,842 [4c6a16c4-95d2-4ef7-9fc0-4f57ccbd9967@group-5FF82F29B6C0-LeaderElection1314] INFO  impl.LeaderElection (LeaderElection.java:askForVotes(178)) - 4c6a16c4-95d2-4ef7-9fc0-4f57ccbd9967@group-5FF82F29B6C0-LeaderElection1314: begin an election at term 1363 for -1: [4c6a16c4-95d2-4ef7-9fc0-4f57ccbd9967:192.168.5.131:39112, 742c26a8-c271-430a-a05a-c8bba3fa6d96:192.168.5.131:42235, a910346c-1ee2-4cdc-a6d8-644a3a4f0b7f:192.168.5.131:38193], old=null
2019-10-15 03:22:01,843 [grpc-default-executor-8] INFO  impl.RaftServerImpl (RaftServerImpl.java:setRole(184)) - 742c26a8-c271-430a-a05a-c8bba3fa6d96@group-5FF82F29B6C0: changes role from  FOLLOWER to FOLLOWER at term 1363 for recognizeCandidate:4c6a16c4-95d2-4ef7-9fc0-4f57ccbd9967
2019-10-15 03:22:01,843 [grpc-default-executor-8] INFO  impl.RoleInfo (RoleInfo.java:shutdownFollowerState(121)) - 742c26a8-c271-430a-a05a-c8bba3fa6d96: shutdown FollowerState
2019-10-15 03:22:01,843 [grpc-default-executor-5] INFO  impl.RaftServerImpl (RaftServerImpl.java:setRole(184)) - a910346c-1ee2-4cdc-a6d8-644a3a4f0b7f@group-5FF82F29B6C0: changes role from  FOLLOWER to FOLLOWER at term 1363 for recognizeCandidate:4c6a16c4-95d2-4ef7-9fc0-4f57ccbd9967
2019-10-15 03:22:01,843 [grpc-default-executor-5] INFO  impl.RoleInfo (RoleInfo.java:shutdownFollowerState(121)) - a910346c-1ee2-4cdc-a6d8-644a3a4f0b7f: shutdown FollowerState
2019-10-15 03:22:01,843 [Thread-10813] INFO  impl.FollowerState (FollowerState.java:run(117)) - 742c26a8-c271-430a-a05a-c8bba3fa6d96@group-5FF82F29B6C0-FollowerState was interrupted: java.lang.InterruptedException: sleep interrupted
2019-10-15 03:22:01,843 [grpc-default-executor-8] INFO  impl.RoleInfo (RoleInfo.java:updateAndGet(143)) - 742c26a8-c271-430a-a05a-c8bba3fa6d96: start FollowerState
2019-10-15 03:22:01,844 [Thread-10812] INFO  impl.FollowerState (FollowerState.java:run(117)) - a910346c-1ee2-4cdc-a6d8-644a3a4f0b7f@group-5FF82F29B6C0-FollowerState was interrupted: java.lang.InterruptedException: sleep interrupted
2019-10-15 03:22:01,844 [grpc-default-executor-5] INFO  impl.RoleInfo (RoleInfo.java:updateAndGet(143)) - a910346c-1ee2-4cdc-a6d8-644a3a4f0b7f: start FollowerState
2019-10-15 03:22:01,857 [4c6a16c4-95d2-4ef7-9fc0-4f57ccbd9967@group-5FF82F29B6C0-LeaderElection1314] INFO  impl.LeaderElection (LeaderElection.java:logAndReturn(56)) - 4c6a16c4-95d2-4ef7-9fc0-4f57ccbd9967@group-5FF82F29B6C0-LeaderElection1314: Election REJECTED; received 2 response(s) [4c6a16c4-95d2-4ef7-9fc0-4f57ccbd9967<-742c26a8-c271-430a-a05a-c8bba3fa6d96#0:FAIL-t1363, 4c6a16c4-95d2-4ef7-9fc0-4f57ccbd9967<-a910346c-1ee2-4cdc-a6d8-644a3a4f0b7f#0:FAIL-t1363] and 0 exception(s); 4c6a16c4-95d2-4ef7-9fc0-4f57ccbd9967@group-5FF82F29B6C0:t1363, leader=null, voted=4c6a16c4-95d2-4ef7-9fc0-4f57ccbd9967, raftlog=4c6a16c4-95d2-4ef7-9fc0-4f57ccbd9967@group-5FF82F29B6C0-SegmentedRaftLog:OPENED:c-1,f-1,i0, conf=-1: [4c6a16c4-95d2-4ef7-9fc0-4f57ccbd9967:192.168.5.131:39112, 742c26a8-c271-430a-a05a-c8bba3fa6d96:192.168.5.131:42235, a910346c-1ee2-4cdc-a6d8-644a3a4f0b7f:192.168.5.131:38193], old=null
2019-10-15 03:22:01,858 [4c6a16c4-95d2-4ef7-9fc0-4f57ccbd9967@group-5FF82F29B6C0-LeaderElection1314] INFO  impl.RaftServerImpl (RaftServerImpl.java:setRole(184)) - 4c6a16c4-95d2-4ef7-9fc0-4f57ccbd9967@group-5FF82F29B6C0: changes role from CANDIDATE to FOLLOWER at term 1363 for DISCOVERED_A_NEW_TERM
2019-10-15 03:22:01,858 [4c6a16c4-95d2-4ef7-9fc0-4f57ccbd9967@group-5FF82F29B6C0-LeaderElection1314] INFO  impl.RoleInfo (RoleInfo.java:shutdownLeaderElection(134)) - 4c6a16c4-95d2-4ef7-9fc0-4f57ccbd9967: shutdown LeaderElection
2019-10-15 03:22:01,858 [4c6a16c4-95d2-4ef7-9fc0-4f57ccbd9967@group-5FF82F29B6C0-LeaderElection1314] INFO  impl.RoleInfo (RoleInfo.java:updateAndGet(143)) - 4c6a16c4-95d2-4ef7-9fc0-4f57ccbd9967: start FollowerState
2019-10-15 03:22:01,991 [EventQueue-PipelineActionsForPipelineActionHandler] ERROR pipeline.PipelineActionHandler (PipelineActionHandler.java:onMessage(60)) - Received pipeline action CLOSE for Pipeline[ Id: e4bf9835-e697-42f6-b211-5ff82f29b6c0, Nodes: a910346c-1ee2-4cdc-a6d8-644a3a4f0b7f{ip: 192.168.5.131, host: pr-hdds-2305-c92ks-1629580955, networkLocation: /default-rack, certSerialId: null}742c26a8-c271-430a-a05a-c8bba3fa6d96{ip: 192.168.5.131, host: pr-hdds-2305-c92ks-1629580955, networkLocation: /default-rack, certSerialId: null}4c6a16c4-95d2-4ef7-9fc0-4f57ccbd9967{ip: 192.168.5.131, host: pr-hdds-2305-c92ks-1629580955, networkLocation: /default-rack, certSerialId: null}, Type:RATIS, Factor:THREE, State:CLOSED] from datanode 4c6a16c4-95d2-4ef7-9fc0-4f57ccbd9967{ip: 192.168.5.131, host: pr-hdds-2305-c92ks-1629580955, networkLocation: /default-rack, certSerialId: null}. Reason : 4c6a16c4-95d2-4ef7-9fc0-4f57ccbd9967 is in candidate state for 175915ms
2019-10-15 03:22:01,991 [EventQueue-PipelineActionsForPipelineActionHandler] INFO  pipeline.SCMPipelineManager (SCMPipelineManager.java:finalizeAndDestroyPipeline(315)) - destroying pipeline:Pipeline[ Id: e4bf9835-e697-42f6-b211-5ff82f29b6c0, Nodes: a910346c-1ee2-4cdc-a6d8-644a3a4f0b7f{ip: 192.168.5.131, host: pr-hdds-2305-c92ks-1629580955, networkLocation: /default-rack, certSerialId: null}742c26a8-c271-430a-a05a-c8bba3fa6d96{ip: 192.168.5.131, host: pr-hdds-2305-c92ks-1629580955, networkLocation: /default-rack, certSerialId: null}4c6a16c4-95d2-4ef7-9fc0-4f57ccbd9967{ip: 192.168.5.131, host: pr-hdds-2305-c92ks-1629580955, networkLocation: /default-rack, certSerialId: null}, Type:RATIS, Factor:THREE, State:CLOSED]
2019-10-15 03:22:01,997 [Thread-10821] INFO  impl.FollowerState (FollowerState.java:run(108)) - 4c6a16c4-95d2-4ef7-9fc0-4f57ccbd9967@group-5FF82F29B6C0-FollowerState: change to CANDIDATE, lastRpcTime:139ms, electionTimeout:139ms
2019-10-15 03:22:01,997 [Thread-10821] INFO  impl.RoleInfo (RoleInfo.java:shutdownFollowerState(121)) - 4c6a16c4-95d2-4ef7-9fc0-4f57ccbd9967: shutdown FollowerState
2019-10-15 03:22:01,997 [Thread-10821] INFO  impl.RaftServerImpl (RaftServerImpl.java:setRole(184)) - 4c6a16c4-95d2-4ef7-9fc0-4f57ccbd9967@group-5FF82F29B6C0: changes role from  FOLLOWER to CANDIDATE at term 1363 for changeToCandidate
2019-10-15 03:22:01,998 [Thread-10821] ERROR ratis.XceiverServerRatis (XceiverServerRatis.java:triggerPipelineClose(582)) - pipeline Action CLOSE  on pipeline PipelineID=e4bf9835-e697-42f6-b211-5ff82f29b6c0.Reason : 4c6a16c4-95d2-4ef7-9fc0-4f57ccbd9967 is in candidate state for 176897ms
2019-10-15 03:22:01,998 [Thread-10821] INFO  impl.RoleInfo (RoleInfo.java:updateAndGet(143)) - 4c6a16c4-95d2-4ef7-9fc0-4f57ccbd9967: start LeaderElection
2019-10-15 03:22:02,023 [4c6a16c4-95d2-4ef7-9fc0-4f57ccbd9967@group-5FF82F29B6C0-LeaderElection1315] INFO  impl.LeaderElection (LeaderElection.java:askForVotes(178)) - 4c6a16c4-95d2-4ef7-9fc0-4f57ccbd9967@group-5FF82F29B6C0-LeaderElection1315: begin an election at term 1364 for -1: [4c6a16c4-95d2-4ef7-9fc0-4f57ccbd9967:192.168.5.131:39112, 742c26a8-c271-430a-a05a-c8bba3fa6d96:192.168.5.131:42235, a910346c-1ee2-4cdc-a6d8-644a3a4f0b7f:192.168.5.131:38193], old=null
2019-10-15 03:22:02,024 [grpc-default-executor-5] INFO  impl.RaftServerImpl (RaftServerImpl.java:setRole(184)) - a910346c-1ee2-4cdc-a6d8-644a3a4f0b7f@group-5FF82F29B6C0: changes role from  FOLLOWER to FOLLOWER at term 1364 for recognizeCandidate:4c6a16c4-95d2-4ef7-9fc0-4f57ccbd9967
2019-10-15 03:22:02,025 [grpc-default-executor-8] INFO  impl.RaftServerImpl (RaftServerImpl.java:setRole(184)) - 742c26a8-c271-430a-a05a-c8bba3fa6d96@group-5FF82F29B6C0: changes role from  FOLLOWER to FOLLOWER at term 1364 for recognizeCandidate:4c6a16c4-95d2-4ef7-9fc0-4f57ccbd9967
2019-10-15 03:22:02,025 [grpc-default-executor-8] INFO  impl.RoleInfo (RoleInfo.java:shutdownFollowerState(121)) - 742c26a8-c271-430a-a05a-c8bba3fa6d96: shutdown FollowerState
2019-10-15 03:22:02,025 [grpc-default-executor-5] INFO  impl.RoleInfo (RoleInfo.java:shutdownFollowerState(121)) - a910346c-1ee2-4cdc-a6d8-644a3a4f0b7f: shutdown FollowerState
2019-10-15 03:22:02,025 [Thread-10819] INFO  impl.FollowerState (FollowerState.java:run(117)) - 742c26a8-c271-430a-a05a-c8bba3fa6d96@group-5FF82F29B6C0-FollowerState was interrupted: java.lang.InterruptedException: sleep interrupted
2019-10-15 03:22:02,025 [Thread-10820] INFO  impl.FollowerState (FollowerState.java:run(117)) - a910346c-1ee2-4cdc-a6d8-644a3a4f0b7f@group-5FF82F29B6C0-FollowerState was interrupted: java.lang.InterruptedException: sleep interrupted
2019-10-15 03:22:02,025 [grpc-default-executor-8] INFO  impl.RoleInfo (RoleInfo.java:updateAndGet(143)) - 742c26a8-c271-430a-a05a-c8bba3fa6d96: start FollowerState
2019-10-15 03:22:02,025 [grpc-default-executor-5] INFO  impl.RoleInfo (RoleInfo.java:updateAndGet(143)) - a910346c-1ee2-4cdc-a6d8-644a3a4f0b7f: start FollowerState
2019-10-15 03:22:02,050 [4c6a16c4-95d2-4ef7-9fc0-4f57ccbd9967@group-5FF82F29B6C0-LeaderElection1315] INFO  impl.LeaderElection (LeaderElection.java:logAndReturn(56)) - 4c6a16c4-95d2-4ef7-9fc0-4f57ccbd9967@group-5FF82F29B6C0-LeaderElection1315: Election REJECTED; received 2 response(s) [4c6a16c4-95d2-4ef7-9fc0-4f57ccbd9967<-742c26a8-c271-430a-a05a-c8bba3fa6d96#0:FAIL-t1364, 4c6a16c4-95d2-4ef7-9fc0-4f57ccbd9967<-a910346c-1ee2-4cdc-a6d8-644a3a4f0b7f#0:FAIL-t1364] and 0 exception(s); 4c6a16c4-95d2-4ef7-9fc0-4f57ccbd9967@group-5FF82F29B6C0:t1364, leader=null, voted=4c6a16c4-95d2-4ef7-9fc0-4f57ccbd9967, raftlog=4c6a16c4-95d2-4ef7-9fc0-4f57ccbd9967@group-5FF82F29B6C0-SegmentedRaftLog:OPENED:c-1,f-1,i0, conf=-1: [4c6a16c4-95d2-4ef7-9fc0-4f57ccbd9967:192.168.5.131:39112, 742c26a8-c271-430a-a05a-c8bba3fa6d96:192.168.5.131:42235, a910346c-1ee2-4cdc-a6d8-644a3a4f0b7f:192.168.5.131:38193], old=null
2019-10-15 03:22:02,051 [4c6a16c4-95d2-4ef7-9fc0-4f57ccbd9967@group-5FF82F29B6C0-LeaderElection1315] INFO  impl.RaftServerImpl (RaftServerImpl.java:setRole(184)) - 4c6a16c4-95d2-4ef7-9fc0-4f57ccbd9967@group-5FF82F29B6C0: changes role from CANDIDATE to FOLLOWER at term 1364 for DISCOVERED_A_NEW_TERM
2019-10-15 03:22:02,051 [4c6a16c4-95d2-4ef7-9fc0-4f57ccbd9967@group-5FF82F29B6C0-LeaderElection1315] INFO  impl.RoleInfo (RoleInfo.java:shutdownLeaderElection(134)) - 4c6a16c4-95d2-4ef7-9fc0-4f57ccbd9967: shutdown LeaderElection
2019-10-15 03:22:02,051 [4c6a16c4-95d2-4ef7-9fc0-4f57ccbd9967@group-5FF82F29B6C0-LeaderElection1315] INFO  impl.RoleInfo (RoleInfo.java:updateAndGet(143)) - 4c6a16c4-95d2-4ef7-9fc0-4f57ccbd9967: start FollowerState
2019-10-15 03:22:02,060 [Thread-10827] INFO  impl.FollowerState (FollowerState.java:run(108)) - 4c6a16c4-95d2-4ef7-9fc0-4f57ccbd9967@group-5FF82F29B6C0-FollowerState: change to CANDIDATE, lastRpcTime:9ms, electionTimeout:9ms
2019-10-15 03:22:02,060 [Thread-10827] INFO  impl.RoleInfo (RoleInfo.java:shutdownFollowerState(121)) - 4c6a16c4-95d2-4ef7-9fc0-4f57ccbd9967: shutdown FollowerState
2019-10-15 03:22:02,060 [Thread-10827] INFO  impl.RaftServerImpl (RaftServerImpl.java:setRole(184)) - 4c6a16c4-95d2-4ef7-9fc0-4f57ccbd9967@group-5FF82F29B6C0: changes role from  FOLLOWER to CANDIDATE at term 1364 for changeToCandidate
2019-10-15 03:22:02,061 [Thread-10827] ERROR ratis.XceiverServerRatis (XceiverServerRatis.java:triggerPipelineClose(582)) - pipeline Action CLOSE  on pipeline PipelineID=e4bf9835-e697-42f6-b211-5ff82f29b6c0.Reason : 4c6a16c4-95d2-4ef7-9fc0-4f57ccbd9967 is in candidate state for 176960ms
2019-10-15 03:22:02,061 [Thread-10827] INFO  impl.RoleInfo (RoleInfo.java:updateAndGet(143)) - 4c6a16c4-95d2-4ef7-9fc0-4f57ccbd9967: start LeaderElection
2019-10-15 03:22:02,073 [4c6a16c4-95d2-4ef7-9fc0-4f57ccbd9967@group-5FF82F29B6C0-LeaderElection1316] INFO  impl.LeaderElection (LeaderElection.java:askForVotes(178)) - 4c6a16c4-95d2-4ef7-9fc0-4f57ccbd9967@group-5FF82F29B6C0-LeaderElection1316: begin an election at term 1365 for -1: [4c6a16c4-95d2-4ef7-9fc0-4f57ccbd9967:192.168.5.131:39112, 742c26a8-c271-430a-a05a-c8bba3fa6d96:192.168.5.131:42235, a910346c-1ee2-4cdc-a6d8-644a3a4f0b7f:192.168.5.131:38193], old=null
2019-10-15 03:22:02,074 [grpc-default-executor-8] INFO  impl.RaftServerImpl (RaftServerImpl.java:setRole(184)) - 742c26a8-c271-430a-a05a-c8bba3fa6d96@group-5FF82F29B6C0: changes role from  FOLLOWER to FOLLOWER at term 1365 for recognizeCandidate:4c6a16c4-95d2-4ef7-9fc0-4f57ccbd9967
2019-10-15 03:22:02,074 [grpc-default-executor-8] INFO  impl.RoleInfo (RoleInfo.java:shutdownFollowerState(121)) - 742c26a8-c271-430a-a05a-c8bba3fa6d96: shutdown FollowerState
2019-10-15 03:22:02,074 [grpc-default-executor-5] INFO  impl.RaftServerImpl (RaftServerImpl.java:setRole(184)) - a910346c-1ee2-4cdc-a6d8-644a3a4f0b7f@group-5FF82F29B6C0: changes role from  FOLLOWER to FOLLOWER at term 1365 for recognizeCandidate:4c6a16c4-95d2-4ef7-9fc0-4f57ccbd9967
2019-10-15 03:22:02,075 [Thread-10825] INFO  impl.FollowerState (FollowerState.java:run(117)) - 742c26a8-c271-430a-a05a-c8bba3fa6d96@group-5FF82F29B6C0-FollowerState was interrupted: java.lang.InterruptedException: sleep interrupted
2019-10-15 03:22:02,075 [grpc-default-executor-8] INFO  impl.RoleInfo (RoleInfo.java:updateAndGet(143)) - 742c26a8-c271-430a-a05a-c8bba3fa6d96: start FollowerState
2019-10-15 03:22:02,075 [grpc-default-executor-5] INFO  impl.RoleInfo (RoleInfo.java:shutdownFollowerState(121)) - a910346c-1ee2-4cdc-a6d8-644a3a4f0b7f: shutdown FollowerState
2019-10-15 03:22:02,075 [grpc-default-executor-5] INFO  impl.RoleInfo (RoleInfo.java:updateAndGet(143)) - a910346c-1ee2-4cdc-a6d8-644a3a4f0b7f: start FollowerState
2019-10-15 03:22:02,075 [Thread-10826] INFO  impl.FollowerState (FollowerState.java:run(117)) - a910346c-1ee2-4cdc-a6d8-644a3a4f0b7f@group-5FF82F29B6C0-FollowerState was interrupted: java.lang.InterruptedException: sleep interrupted
2019-10-15 03:22:02,087 [4c6a16c4-95d2-4ef7-9fc0-4f57ccbd9967@group-5FF82F29B6C0-LeaderElection1316] INFO  impl.LeaderElection (LeaderElection.java:logAndReturn(56)) - 4c6a16c4-95d2-4ef7-9fc0-4f57ccbd9967@group-5FF82F29B6C0-LeaderElection1316: Election REJECTED; received 2 response(s) [4c6a16c4-95d2-4ef7-9fc0-4f57ccbd9967<-742c26a8-c271-430a-a05a-c8bba3fa6d96#0:FAIL-t1365, 4c6a16c4-95d2-4ef7-9fc0-4f57ccbd9967<-a910346c-1ee2-4cdc-a6d8-644a3a4f0b7f#0:FAIL-t1365] and 0 exception(s); 4c6a16c4-95d2-4ef7-9fc0-4f57ccbd9967@group-5FF82F29B6C0:t1365, leader=null, voted=4c6a16c4-95d2-4ef7-9fc0-4f57ccbd9967, raftlog=4c6a16c4-95d2-4ef7-9fc0-4f57ccbd9967@group-5FF82F29B6C0-SegmentedRaftLog:OPENED:c-1,f-1,i0, conf=-1: [4c6a16c4-95d2-4ef7-9fc0-4f57ccbd9967:192.168.5.131:39112, 742c26a8-c271-430a-a05a-c8bba3fa6d96:192.168.5.131:42235, a910346c-1ee2-4cdc-a6d8-644a3a4f0b7f:192.168.5.131:38193], old=null
2019-10-15 03:22:02,088 [4c6a16c4-95d2-4ef7-9fc0-4f57ccbd9967@group-5FF82F29B6C0-LeaderElection1316] INFO  impl.RaftServerImpl (RaftServerImpl.java:setRole(184)) - 4c6a16c4-95d2-4ef7-9fc0-4f57ccbd9967@group-5FF82F29B6C0: changes role from CANDIDATE to FOLLOWER at term 1365 for DISCOVERED_A_NEW_TERM
2019-10-15 03:22:02,088 [4c6a16c4-95d2-4ef7-9fc0-4f57ccbd9967@group-5FF82F29B6C0-LeaderElection1316] INFO  impl.RoleInfo (RoleInfo.java:shutdownLeaderElection(134)) - 4c6a16c4-95d2-4ef7-9fc0-4f57ccbd9967: shutdown LeaderElection
2019-10-15 03:22:02,088 [4c6a16c4-95d2-4ef7-9fc0-4f57ccbd9967@group-5FF82F29B6C0-LeaderElection1316] INFO  impl.RoleInfo (RoleInfo.java:updateAndGet(143)) - 4c6a16c4-95d2-4ef7-9fc0-4f57ccbd9967: start FollowerState
2019-10-15 03:22:02,271 [Thread-10834] INFO  impl.FollowerState (FollowerState.java:run(108)) - 4c6a16c4-95d2-4ef7-9fc0-4f57ccbd9967@group-5FF82F29B6C0-FollowerState: change to CANDIDATE, lastRpcTime:183ms, electionTimeout:183ms
2019-10-15 03:22:02,272 [Thread-10834] INFO  impl.RoleInfo (RoleInfo.java:shutdownFollowerState(121)) - 4c6a16c4-95d2-4ef7-9fc0-4f57ccbd9967: shutdown FollowerState
2019-10-15 03:22:02,272 [Thread-10834] INFO  impl.RaftServerImpl (RaftServerImpl.java:setRole(184)) - 4c6a16c4-95d2-4ef7-9fc0-4f57ccbd9967@group-5FF82F29B6C0: changes role from  FOLLOWER to CANDIDATE at term 1365 for changeToCandidate
2019-10-15 03:22:02,272 [Thread-10834] ERROR ratis.XceiverServerRatis (XceiverServerRatis.java:triggerPipelineClose(582)) - pipeline Action CLOSE  on pipeline PipelineID=e4bf9835-e697-42f6-b211-5ff82f29b6c0.Reason : 4c6a16c4-95d2-4ef7-9fc0-4f57ccbd9967 is in candidate state for 177171ms
2019-10-15 03:22:02,272 [Thread-10834] INFO  impl.RoleInfo (RoleInfo.java:updateAndGet(143)) - 4c6a16c4-95d2-4ef7-9fc0-4f57ccbd9967: start LeaderElection
2019-10-15 03:22:02,285 [4c6a16c4-95d2-4ef7-9fc0-4f57ccbd9967@group-5FF82F29B6C0-LeaderElection1317] INFO  impl.LeaderElection (LeaderElection.java:askForVotes(178)) - 4c6a16c4-95d2-4ef7-9fc0-4f57ccbd9967@group-5FF82F29B6C0-LeaderElection1317: begin an election at term 1366 for -1: [4c6a16c4-95d2-4ef7-9fc0-4f57ccbd9967:192.168.5.131:39112, 742c26a8-c271-430a-a05a-c8bba3fa6d96:192.168.5.131:42235, a910346c-1ee2-4cdc-a6d8-644a3a4f0b7f:192.168.5.131:38193], old=null
2019-10-15 03:22:02,286 [grpc-default-executor-8] INFO  impl.RaftServerImpl (RaftServerImpl.java:setRole(184)) - 742c26a8-c271-430a-a05a-c8bba3fa6d96@group-5FF82F29B6C0: changes role from  FOLLOWER to FOLLOWER at term 1366 for recognizeCandidate:4c6a16c4-95d2-4ef7-9fc0-4f57ccbd9967
2019-10-15 03:22:02,286 [grpc-default-executor-5] INFO  impl.RaftServerImpl (RaftServerImpl.java:setRole(184)) - a910346c-1ee2-4cdc-a6d8-644a3a4f0b7f@group-5FF82F29B6C0: changes role from  FOLLOWER to FOLLOWER at term 1366 for recognizeCandidate:4c6a16c4-95d2-4ef7-9fc0-4f57ccbd9967
2019-10-15 03:22:02,287 [grpc-default-executor-5] INFO  impl.RoleInfo (RoleInfo.java:shutdownFollowerState(121)) - a910346c-1ee2-4cdc-a6d8-644a3a4f0b7f: shutdown FollowerState
2019-10-15 03:22:02,286 [grpc-default-executor-8] INFO  impl.RoleInfo (RoleInfo.java:shutdownFollowerState(121)) - 742c26a8-c271-430a-a05a-c8bba3fa6d96: shutdown FollowerState
2019-10-15 03:22:02,287 [Thread-10833] INFO  impl.FollowerState (FollowerState.java:run(117)) - a910346c-1ee2-4cdc-a6d8-644a3a4f0b7f@group-5FF82F29B6C0-FollowerState was interrupted: java.lang.InterruptedException: sleep interrupted
2019-10-15 03:22:02,287 [grpc-default-executor-5] INFO  impl.RoleInfo (RoleInfo.java:updateAndGet(143)) - a910346c-1ee2-4cdc-a6d8-644a3a4f0b7f: start FollowerState
2019-10-15 03:22:02,287 [Thread-10832] INFO  impl.FollowerState (FollowerState.java:run(117)) - 742c26a8-c271-430a-a05a-c8bba3fa6d96@group-5FF82F29B6C0-FollowerState was interrupted: java.lang.InterruptedException: sleep interrupted
2019-10-15 03:22:02,287 [grpc-default-executor-8] INFO  impl.RoleInfo (RoleInfo.java:updateAndGet(143)) - 742c26a8-c271-430a-a05a-c8bba3fa6d96: start FollowerState
2019-10-15 03:22:02,301 [4c6a16c4-95d2-4ef7-9fc0-4f57ccbd9967@group-5FF82F29B6C0-LeaderElection1317] INFO  impl.LeaderElection (LeaderElection.java:logAndReturn(56)) - 4c6a16c4-95d2-4ef7-9fc0-4f57ccbd9967@group-5FF82F29B6C0-LeaderElection1317: Election REJECTED; received 2 response(s) [4c6a16c4-95d2-4ef7-9fc0-4f57ccbd9967<-742c26a8-c271-430a-a05a-c8bba3fa6d96#0:FAIL-t1366, 4c6a16c4-95d2-4ef7-9fc0-4f57ccbd9967<-a910346c-1ee2-4cdc-a6d8-644a3a4f0b7f#0:FAIL-t1366] and 0 exception(s); 4c6a16c4-95d2-4ef7-9fc0-4f57ccbd9967@group-5FF82F29B6C0:t1366, leader=null, voted=4c6a16c4-95d2-4ef7-9fc0-4f57ccbd9967, raftlog=4c6a16c4-95d2-4ef7-9fc0-4f57ccbd9967@group-5FF82F29B6C0-SegmentedRaftLog:OPENED:c-1,f-1,i0, conf=-1: [4c6a16c4-95d2-4ef7-9fc0-4f57ccbd9967:192.168.5.131:39112, 742c26a8-c271-430a-a05a-c8bba3fa6d96:192.168.5.131:42235, a910346c-1ee2-4cdc-a6d8-644a3a4f0b7f:192.168.5.131:38193], old=null
2019-10-15 03:22:02,302 [4c6a16c4-95d2-4ef7-9fc0-4f57ccbd9967@group-5FF82F29B6C0-LeaderElection1317] INFO  impl.RaftServerImpl (RaftServerImpl.java:setRole(184)) - 4c6a16c4-95d2-4ef7-9fc0-4f57ccbd9967@group-5FF82F29B6C0: changes role from CANDIDATE to FOLLOWER at term 1366 for DISCOVERED_A_NEW_TERM
2019-10-15 03:22:02,302 [4c6a16c4-95d2-4ef7-9fc0-4f57ccbd9967@group-5FF82F29B6C0-LeaderElection1317] INFO  impl.RoleInfo (RoleInfo.java:shutdownLeaderElection(134)) - 4c6a16c4-95d2-4ef7-9fc0-4f57ccbd9967: shutdown LeaderElection
2019-10-15 03:22:02,302 [4c6a16c4-95d2-4ef7-9fc0-4f57ccbd9967@group-5FF82F29B6C0-LeaderElection1317] INFO  impl.RoleInfo (RoleInfo.java:updateAndGet(143)) - 4c6a16c4-95d2-4ef7-9fc0-4f57ccbd9967: start FollowerState
2019-10-15 03:22:02,336 [Thread-10841] INFO  impl.FollowerState (FollowerState.java:run(108)) - 4c6a16c4-95d2-4ef7-9fc0-4f57ccbd9967@group-5FF82F29B6C0-FollowerState: change to CANDIDATE, lastRpcTime:34ms, electionTimeout:34ms
2019-10-15 03:22:02,336 [Thread-10841] INFO  impl.RoleInfo (RoleInfo.java:shutdownFollowerState(121)) - 4c6a16c4-95d2-4ef7-9fc0-4f57ccbd9967: shutdown FollowerState
2019-10-15 03:22:02,336 [Thread-10841] INFO  impl.RaftServerImpl (RaftServerImpl.java:setRole(184)) - 4c6a16c4-95d2-4ef7-9fc0-4f57ccbd9967@group-5FF82F29B6C0: changes role from  FOLLOWER to CANDIDATE at term 1366 for changeToCandidate
2019-10-15 03:22:02,337 [Thread-10841] ERROR ratis.XceiverServerRatis (XceiverServerRatis.java:triggerPipelineClose(582)) - pipeline Action CLOSE  on pipeline PipelineID=e4bf9835-e697-42f6-b211-5ff82f29b6c0.Reason : 4c6a16c4-95d2-4ef7-9fc0-4f57ccbd9967 is in candidate state for 177236ms
2019-10-15 03:22:02,337 [Thread-10841] INFO  impl.RoleInfo (RoleInfo.java:updateAndGet(143)) - 4c6a16c4-95d2-4ef7-9fc0-4f57ccbd9967: start LeaderElection
2019-10-15 03:22:02,351 [4c6a16c4-95d2-4ef7-9fc0-4f57ccbd9967@group-5FF82F29B6C0-LeaderElection1318] INFO  impl.LeaderElection (LeaderElection.java:askForVotes(178)) - 4c6a16c4-95d2-4ef7-9fc0-4f57ccbd9967@group-5FF82F29B6C0-LeaderElection1318: begin an election at term 1367 for -1: [4c6a16c4-95d2-4ef7-9fc0-4f57ccbd9967:192.168.5.131:39112, 742c26a8-c271-430a-a05a-c8bba3fa6d96:192.168.5.131:42235, a910346c-1ee2-4cdc-a6d8-644a3a4f0b7f:192.168.5.131:38193], old=null
2019-10-15 03:22:02,352 [grpc-default-executor-5] INFO  impl.RaftServerImpl (RaftServerImpl.java:setRole(184)) - 742c26a8-c271-430a-a05a-c8bba3fa6d96@group-5FF82F29B6C0: changes role from  FOLLOWER to FOLLOWER at term 1367 for recognizeCandidate:4c6a16c4-95d2-4ef7-9fc0-4f57ccbd9967
2019-10-15 03:22:02,352 [grpc-default-executor-5] INFO  impl.RoleInfo (RoleInfo.java:shutdownFollowerState(121)) - 742c26a8-c271-430a-a05a-c8bba3fa6d96: shutdown FollowerState
2019-10-15 03:22:02,352 [grpc-default-executor-8] INFO  impl.RaftServerImpl (RaftServerImpl.java:setRole(184)) - a910346c-1ee2-4cdc-a6d8-644a3a4f0b7f@group-5FF82F29B6C0: changes role from  FOLLOWER to FOLLOWER at term 1367 for recognizeCandidate:4c6a16c4-95d2-4ef7-9fc0-4f57ccbd9967
2019-10-15 03:22:02,352 [4c6a16c4-95d2-4ef7-9fc0-4f57ccbd9967@group-5FF82F29B6C0-LeaderElection1318] INFO  impl.LeaderElection (LeaderElection.java:logAndReturn(56)) - 4c6a16c4-95d2-4ef7-9fc0-4f57ccbd9967@group-5FF82F29B6C0-LeaderElection1318: Election TIMEOUT; received 0 response(s) [] and 0 exception(s); 4c6a16c4-95d2-4ef7-9fc0-4f57ccbd9967@group-5FF82F29B6C0:t1367, leader=null, voted=4c6a16c4-95d2-4ef7-9fc0-4f57ccbd9967, raftlog=4c6a16c4-95d2-4ef7-9fc0-4f57ccbd9967@group-5FF82F29B6C0-SegmentedRaftLog:OPENED:c-1,f-1,i0, conf=-1: [4c6a16c4-95d2-4ef7-9fc0-4f57ccbd9967:192.168.5.131:39112, 742c26a8-c271-430a-a05a-c8bba3fa6d96:192.168.5.131:42235, a910346c-1ee2-4cdc-a6d8-644a3a4f0b7f:192.168.5.131:38193], old=null
2019-10-15 03:22:02,352 [Thread-10840] INFO  impl.FollowerState (FollowerState.java:run(117)) - 742c26a8-c271-430a-a05a-c8bba3fa6d96@group-5FF82F29B6C0-FollowerState was interrupted: java.lang.InterruptedException: sleep interrupted
2019-10-15 03:22:02,352 [grpc-default-executor-5] INFO  impl.RoleInfo (RoleInfo.java:updateAndGet(143)) - 742c26a8-c271-430a-a05a-c8bba3fa6d96: start FollowerState
2019-10-15 03:22:02,352 [grpc-default-executor-8] INFO  impl.RoleInfo (RoleInfo.java:shutdownFollowerState(121)) - a910346c-1ee2-4cdc-a6d8-644a3a4f0b7f: shutdown FollowerState
2019-10-15 03:22:02,353 [grpc-default-executor-8] INFO  impl.RoleInfo (RoleInfo.java:updateAndGet(143)) - a910346c-1ee2-4cdc-a6d8-644a3a4f0b7f: start FollowerState
2019-10-15 03:22:02,353 [Thread-10839] INFO  impl.FollowerState (FollowerState.java:run(117)) - a910346c-1ee2-4cdc-a6d8-644a3a4f0b7f@group-5FF82F29B6C0-FollowerState was interrupted: java.lang.InterruptedException: sleep interrupted
2019-10-15 03:22:02,377 [4c6a16c4-95d2-4ef7-9fc0-4f57ccbd9967@group-5FF82F29B6C0-LeaderElection1318] INFO  impl.LeaderElection (LeaderElection.java:askForVotes(178)) - 4c6a16c4-95d2-4ef7-9fc0-4f57ccbd9967@group-5FF82F29B6C0-LeaderElection1318: begin an election at term 1368 for -1: [4c6a16c4-95d2-4ef7-9fc0-4f57ccbd9967:192.168.5.131:39112, 742c26a8-c271-430a-a05a-c8bba3fa6d96:192.168.5.131:42235, a910346c-1ee2-4cdc-a6d8-644a3a4f0b7f:192.168.5.131:38193], old=null
2019-10-15 03:22:02,377 [grpc-default-executor-8] INFO  impl.RaftServerImpl (RaftServerImpl.java:setRole(184)) - 742c26a8-c271-430a-a05a-c8bba3fa6d96@group-5FF82F29B6C0: changes role from  FOLLOWER to FOLLOWER at term 1368 for recognizeCandidate:4c6a16c4-95d2-4ef7-9fc0-4f57ccbd9967
2019-10-15 03:22:02,378 [grpc-default-executor-8] INFO  impl.RoleInfo (RoleInfo.java:shutdownFollowerState(121)) - 742c26a8-c271-430a-a05a-c8bba3fa6d96: shutdown FollowerState
2019-10-15 03:22:02,378 [grpc-default-executor-5] INFO  impl.RaftServerImpl (RaftServerImpl.java:setRole(184)) - a910346c-1ee2-4cdc-a6d8-644a3a4f0b7f@group-5FF82F29B6C0: changes role from  FOLLOWER to FOLLOWER at term 1368 for recognizeCandidate:4c6a16c4-95d2-4ef7-9fc0-4f57ccbd9967
2019-10-15 03:22:02,378 [Thread-10845] INFO  impl.FollowerState (FollowerState.java:run(117)) - 742c26a8-c271-430a-a05a-c8bba3fa6d96@group-5FF82F29B6C0-FollowerState was interrupted: java.lang.InterruptedException: sleep interrupted
2019-10-15 03:22:02,378 [grpc-default-executor-8] INFO  impl.RoleInfo (RoleInfo.java:updateAndGet(143)) - 742c26a8-c271-430a-a05a-c8bba3fa6d96: start FollowerState
2019-10-15 03:22:02,378 [grpc-default-executor-5] INFO  impl.RoleInfo (RoleInfo.java:shutdownFollowerState(121)) - a910346c-1ee2-4cdc-a6d8-644a3a4f0b7f: shutdown FollowerState
2019-10-15 03:22:02,378 [grpc-default-executor-5] INFO  impl.RoleInfo (RoleInfo.java:updateAndGet(143)) - a910346c-1ee2-4cdc-a6d8-644a3a4f0b7f: start FollowerState
2019-10-15 03:22:02,378 [Thread-10846] INFO  impl.FollowerState (FollowerState.java:run(117)) - a910346c-1ee2-4cdc-a6d8-644a3a4f0b7f@group-5FF82F29B6C0-FollowerState was interrupted: java.lang.InterruptedException: sleep interrupted
2019-10-15 03:22:02,392 [4c6a16c4-95d2-4ef7-9fc0-4f57ccbd9967@group-5FF82F29B6C0-LeaderElection1318] INFO  impl.LeaderElection (LeaderElection.java:logAndReturn(56)) - 4c6a16c4-95d2-4ef7-9fc0-4f57ccbd9967@group-5FF82F29B6C0-LeaderElection1318: Election REJECTED; received 2 response(s) [4c6a16c4-95d2-4ef7-9fc0-4f57ccbd9967<-742c26a8-c271-430a-a05a-c8bba3fa6d96#0:FAIL-t1368, 4c6a16c4-95d2-4ef7-9fc0-4f57ccbd9967<-a910346c-1ee2-4cdc-a6d8-644a3a4f0b7f#0:FAIL-t1368] and 0 exception(s); 4c6a16c4-95d2-4ef7-9fc0-4f57ccbd9967@group-5FF82F29B6C0:t1368, leader=null, voted=4c6a16c4-95d2-4ef7-9fc0-4f57ccbd9967, raftlog=4c6a16c4-95d2-4ef7-9fc0-4f57ccbd9967@group-5FF82F29B6C0-SegmentedRaftLog:OPENED:c-1,f-1,i0, conf=-1: [4c6a16c4-95d2-4ef7-9fc0-4f57ccbd9967:192.168.5.131:39112, 742c26a8-c271-430a-a05a-c8bba3fa6d96:192.168.5.131:42235, a910346c-1ee2-4cdc-a6d8-644a3a4f0b7f:192.168.5.131:38193], old=null
2019-10-15 03:22:02,392 [4c6a16c4-95d2-4ef7-9fc0-4f57ccbd9967@group-5FF82F29B6C0-LeaderElection1318] INFO  impl.RaftServerImpl (RaftServerImpl.java:setRole(184)) - 4c6a16c4-95d2-4ef7-9fc0-4f57ccbd9967@group-5FF82F29B6C0: changes role from CANDIDATE to FOLLOWER at term 1368 for DISCOVERED_A_NEW_TERM
2019-10-15 03:22:02,392 [4c6a16c4-95d2-4ef7-9fc0-4f57ccbd9967@group-5FF82F29B6C0-LeaderElection1318] INFO  impl.RoleInfo (RoleInfo.java:shutdownLeaderElection(134)) - 4c6a16c4-95d2-4ef7-9fc0-4f57ccbd9967: shutdown LeaderElection
2019-10-15 03:22:02,392 [4c6a16c4-95d2-4ef7-9fc0-4f57ccbd9967@group-5FF82F29B6C0-LeaderElection1318] INFO  impl.RoleInfo (RoleInfo.java:updateAndGet(143)) - 4c6a16c4-95d2-4ef7-9fc0-4f57ccbd9967: start FollowerState
2019-10-15 03:22:02,432 [Thread-10851] INFO  impl.FollowerState (FollowerState.java:run(108)) - 4c6a16c4-95d2-4ef7-9fc0-4f57ccbd9967@group-5FF82F29B6C0-FollowerState: change to CANDIDATE, lastRpcTime:40ms, electionTimeout:40ms
2019-10-15 03:22:02,432 [Thread-10851] INFO  impl.RoleInfo (RoleInfo.java:shutdownFollowerState(121)) - 4c6a16c4-95d2-4ef7-9fc0-4f57ccbd9967: shutdown FollowerState
2019-10-15 03:22:02,432 [Thread-10851] INFO  impl.RaftServerImpl (RaftServerImpl.java:setRole(184)) - 4c6a16c4-95d2-4ef7-9fc0-4f57ccbd9967@group-5FF82F29B6C0: changes role from  FOLLOWER to CANDIDATE at term 1368 for changeToCandidate
2019-10-15 03:22:02,433 [Thread-10851] ERROR ratis.XceiverServerRatis (XceiverServerRatis.java:triggerPipelineClose(582)) - pipeline Action CLOSE  on pipeline PipelineID=e4bf9835-e697-42f6-b211-5ff82f29b6c0.Reason : 4c6a16c4-95d2-4ef7-9fc0-4f57ccbd9967 is in candidate state for 177332ms
2019-10-15 03:22:02,433 [Thread-10851] INFO  impl.RoleInfo (RoleInfo.java:updateAndGet(143)) - 4c6a16c4-95d2-4ef7-9fc0-4f57ccbd9967: start LeaderElection
2019-10-15 03:22:02,446 [4c6a16c4-95d2-4ef7-9fc0-4f57ccbd9967@group-5FF82F29B6C0-LeaderElection1319] INFO  impl.LeaderElection (LeaderElection.java:askForVotes(178)) - 4c6a16c4-95d2-4ef7-9fc0-4f57ccbd9967@group-5FF82F29B6C0-LeaderElection1319: begin an election at term 1369 for -1: [4c6a16c4-95d2-4ef7-9fc0-4f57ccbd9967:192.168.5.131:39112, 742c26a8-c271-430a-a05a-c8bba3fa6d96:192.168.5.131:42235, a910346c-1ee2-4cdc-a6d8-644a3a4f0b7f:192.168.5.131:38193], old=null
2019-10-15 03:22:02,447 [grpc-default-executor-8] INFO  impl.RaftServerImpl (RaftServerImpl.java:setRole(184)) - 742c26a8-c271-430a-a05a-c8bba3fa6d96@group-5FF82F29B6C0: changes role from  FOLLOWER to FOLLOWER at term 1369 for recognizeCandidate:4c6a16c4-95d2-4ef7-9fc0-4f57ccbd9967
2019-10-15 03:22:02,447 [grpc-default-executor-8] INFO  impl.RoleInfo (RoleInfo.java:shutdownFollowerState(121)) - 742c26a8-c271-430a-a05a-c8bba3fa6d96: shutdown FollowerState
2019-10-15 03:22:02,447 [grpc-default-executor-8] INFO  impl.RoleInfo (RoleInfo.java:updateAndGet(143)) - 742c26a8-c271-430a-a05a-c8bba3fa6d96: start FollowerState
2019-10-15 03:22:02,447 [Thread-10849] INFO  impl.FollowerState (FollowerState.java:run(117)) - 742c26a8-c271-430a-a05a-c8bba3fa6d96@group-5FF82F29B6C0-FollowerState was interrupted: java.lang.InterruptedException: sleep interrupted
2019-10-15 03:22:02,447 [grpc-default-executor-5] INFO  impl.RaftServerImpl (RaftServerImpl.java:setRole(184)) - a910346c-1ee2-4cdc-a6d8-644a3a4f0b7f@group-5FF82F29B6C0: changes role from  FOLLOWER to FOLLOWER at term 1369 for recognizeCandidate:4c6a16c4-95d2-4ef7-9fc0-4f57ccbd9967
2019-10-15 03:22:02,448 [grpc-default-executor-5] INFO  impl.RoleInfo (RoleInfo.java:shutdownFollowerState(121)) - a910346c-1ee2-4cdc-a6d8-644a3a4f0b7f: shutdown FollowerState
2019-10-15 03:22:02,448 [grpc-default-executor-5] INFO  impl.RoleInfo (RoleInfo.java:updateAndGet(143)) - a910346c-1ee2-4cdc-a6d8-644a3a4f0b7f: start FollowerState
2019-10-15 03:22:02,448 [Thread-10850] INFO  impl.FollowerState (FollowerState.java:run(117)) - a910346c-1ee2-4cdc-a6d8-644a3a4f0b7f@group-5FF82F29B6C0-FollowerState was interrupted: java.lang.InterruptedException: sleep interrupted
2019-10-15 03:22:02,461 [4c6a16c4-95d2-4ef7-9fc0-4f57ccbd9967@group-5FF82F29B6C0-LeaderElection1319] INFO  impl.LeaderElection (LeaderElection.java:logAndReturn(56)) - 4c6a16c4-95d2-4ef7-9fc0-4f57ccbd9967@group-5FF82F29B6C0-LeaderElection1319: Election REJECTED; received 2 response(s) [4c6a16c4-95d2-4ef7-9fc0-4f57ccbd9967<-742c26a8-c271-430a-a05a-c8bba3fa6d96#0:FAIL-t1369, 4c6a16c4-95d2-4ef7-9fc0-4f57ccbd9967<-a910346c-1ee2-4cdc-a6d8-644a3a4f0b7f#0:FAIL-t1369] and 0 exception(s); 4c6a16c4-95d2-4ef7-9fc0-4f57ccbd9967@group-5FF82F29B6C0:t1369, leader=null, voted=4c6a16c4-95d2-4ef7-9fc0-4f57ccbd9967, raftlog=4c6a16c4-95d2-4ef7-9fc0-4f57ccbd9967@group-5FF82F29B6C0-SegmentedRaftLog:OPENED:c-1,f-1,i0, conf=-1: [4c6a16c4-95d2-4ef7-9fc0-4f57ccbd9967:192.168.5.131:39112, 742c26a8-c271-430a-a05a-c8bba3fa6d96:192.168.5.131:42235, a910346c-1ee2-4cdc-a6d8-644a3a4f0b7f:192.168.5.131:38193], old=null
2019-10-15 03:22:02,461 [4c6a16c4-95d2-4ef7-9fc0-4f57ccbd9967@group-5FF82F29B6C0-LeaderElection1319] INFO  impl.RaftServerImpl (RaftServerImpl.java:setRole(184)) - 4c6a16c4-95d2-4ef7-9fc0-4f57ccbd9967@group-5FF82F29B6C0: changes role from CANDIDATE to FOLLOWER at term 1369 for DISCOVERED_A_NEW_TERM
2019-10-15 03:22:02,461 [4c6a16c4-95d2-4ef7-9fc0-4f57ccbd9967@group-5FF82F29B6C0-LeaderElection1319] INFO  impl.RoleInfo (RoleInfo.java:shutdownLeaderElection(134)) - 4c6a16c4-95d2-4ef7-9fc0-4f57ccbd9967: shutdown LeaderElection
2019-10-15 03:22:02,461 [4c6a16c4-95d2-4ef7-9fc0-4f57ccbd9967@group-5FF82F29B6C0-LeaderElection1319] INFO  impl.RoleInfo (RoleInfo.java:updateAndGet(143)) - 4c6a16c4-95d2-4ef7-9fc0-4f57ccbd9967: start FollowerState
2019-10-15 03:22:02,529 [Thread-10857] INFO  impl.FollowerState (FollowerState.java:run(108)) - 4c6a16c4-95d2-4ef7-9fc0-4f57ccbd9967@group-5FF82F29B6C0-FollowerState: change to CANDIDATE, lastRpcTime:68ms, electionTimeout:68ms
2019-10-15 03:22:02,529 [Thread-10857] INFO  impl.RoleInfo (RoleInfo.java:shutdownFollowerState(121)) - 4c6a16c4-95d2-4ef7-9fc0-4f57ccbd9967: shutdown FollowerState
2019-10-15 03:22:02,529 [Thread-10857] INFO  impl.RaftServerImpl (RaftServerImpl.java:setRole(184)) - 4c6a16c4-95d2-4ef7-9fc0-4f57ccbd9967@group-5FF82F29B6C0: changes role from  FOLLOWER to CANDIDATE at term 1369 for changeToCandidate
2019-10-15 03:22:02,530 [Thread-10857] ERROR ratis.XceiverServerRatis (XceiverServerRatis.java:triggerPipelineClose(582)) - pipeline Action CLOSE  on pipeline PipelineID=e4bf9835-e697-42f6-b211-5ff82f29b6c0.Reason : 4c6a16c4-95d2-4ef7-9fc0-4f57ccbd9967 is in candidate state for 177429ms
2019-10-15 03:22:02,530 [Thread-10857] INFO  impl.RoleInfo (RoleInfo.java:updateAndGet(143)) - 4c6a16c4-95d2-4ef7-9fc0-4f57ccbd9967: start LeaderElection
2019-10-15 03:22:02,542 [4c6a16c4-95d2-4ef7-9fc0-4f57ccbd9967@group-5FF82F29B6C0-LeaderElection1320] INFO  impl.LeaderElection (LeaderElection.java:askForVotes(178)) - 4c6a16c4-95d2-4ef7-9fc0-4f57ccbd9967@group-5FF82F29B6C0-LeaderElection1320: begin an election at term 1370 for -1: [4c6a16c4-95d2-4ef7-9fc0-4f57ccbd9967:192.168.5.131:39112, 742c26a8-c271-430a-a05a-c8bba3fa6d96:192.168.5.131:42235, a910346c-1ee2-4cdc-a6d8-644a3a4f0b7f:192.168.5.131:38193], old=null
2019-10-15 03:22:02,544 [grpc-default-executor-8] INFO  impl.RaftServerImpl (RaftServerImpl.java:setRole(184)) - a910346c-1ee2-4cdc-a6d8-644a3a4f0b7f@group-5FF82F29B6C0: changes role from  FOLLOWER to FOLLOWER at term 1370 for recognizeCandidate:4c6a16c4-95d2-4ef7-9fc0-4f57ccbd9967
2019-10-15 03:22:02,544 [grpc-default-executor-8] INFO  impl.RoleInfo (RoleInfo.java:shutdownFollowerState(121)) - a910346c-1ee2-4cdc-a6d8-644a3a4f0b7f: shutdown FollowerState
2019-10-15 03:22:02,544 [grpc-default-executor-5] INFO  impl.RaftServerImpl (RaftServerImpl.java:setRole(184)) - 742c26a8-c271-430a-a05a-c8bba3fa6d96@group-5FF82F29B6C0: changes role from  FOLLOWER to FOLLOWER at term 1370 for recognizeCandidate:4c6a16c4-95d2-4ef7-9fc0-4f57ccbd9967
2019-10-15 03:22:02,544 [grpc-default-executor-5] INFO  impl.RoleInfo (RoleInfo.java:shutdownFollowerState(121)) - 742c26a8-c271-430a-a05a-c8bba3fa6d96: shutdown FollowerState
2019-10-15 03:22:02,544 [Thread-10856] INFO  impl.FollowerState (FollowerState.java:run(117)) - a910346c-1ee2-4cdc-a6d8-644a3a4f0b7f@group-5FF82F29B6C0-FollowerState was interrupted: java.lang.InterruptedException: sleep interrupted
2019-10-15 03:22:02,544 [grpc-default-executor-8] INFO  impl.RoleInfo (RoleInfo.java:updateAndGet(143)) - a910346c-1ee2-4cdc-a6d8-644a3a4f0b7f: start FollowerState
2019-10-15 03:22:02,544 [Thread-10855] INFO  impl.FollowerState (FollowerState.java:run(117)) - 742c26a8-c271-430a-a05a-c8bba3fa6d96@group-5FF82F29B6C0-FollowerState was interrupted: java.lang.InterruptedException: sleep interrupted
2019-10-15 03:22:02,544 [grpc-default-executor-5] INFO  impl.RoleInfo (RoleInfo.java:updateAndGet(143)) - 742c26a8-c271-430a-a05a-c8bba3fa6d96: start FollowerState
2019-10-15 03:22:02,566 [4c6a16c4-95d2-4ef7-9fc0-4f57ccbd9967@group-5FF82F29B6C0-LeaderElection1320] INFO  impl.LeaderElection (LeaderElection.java:logAndReturn(56)) - 4c6a16c4-95d2-4ef7-9fc0-4f57ccbd9967@group-5FF82F29B6C0-LeaderElection1320: Election REJECTED; received 2 response(s) [4c6a16c4-95d2-4ef7-9fc0-4f57ccbd9967<-742c26a8-c271-430a-a05a-c8bba3fa6d96#0:FAIL-t1370, 4c6a16c4-95d2-4ef7-9fc0-4f57ccbd9967<-a910346c-1ee2-4cdc-a6d8-644a3a4f0b7f#0:FAIL-t1370] and 0 exception(s); 4c6a16c4-95d2-4ef7-9fc0-4f57ccbd9967@group-5FF82F29B6C0:t1370, leader=null, voted=4c6a16c4-95d2-4ef7-9fc0-4f57ccbd9967, raftlog=4c6a16c4-95d2-4ef7-9fc0-4f57ccbd9967@group-5FF82F29B6C0-SegmentedRaftLog:OPENED:c-1,f-1,i0, conf=-1: [4c6a16c4-95d2-4ef7-9fc0-4f57ccbd9967:192.168.5.131:39112, 742c26a8-c271-430a-a05a-c8bba3fa6d96:192.168.5.131:42235, a910346c-1ee2-4cdc-a6d8-644a3a4f0b7f:192.168.5.131:38193], old=null
2019-10-15 03:22:02,566 [4c6a16c4-95d2-4ef7-9fc0-4f57ccbd9967@group-5FF82F29B6C0-LeaderElection1320] INFO  impl.RaftServerImpl (RaftServerImpl.java:setRole(184)) - 4c6a16c4-95d2-4ef7-9fc0-4f57ccbd9967@group-5FF82F29B6C0: changes role from CANDIDATE to FOLLOWER at term 1370 for DISCOVERED_A_NEW_TERM
2019-10-15 03:22:02,566 [4c6a16c4-95d2-4ef7-9fc0-4f57ccbd9967@group-5FF82F29B6C0-LeaderElection1320] INFO  impl.RoleInfo (RoleInfo.java:shutdownLeaderElection(134)) - 4c6a16c4-95d2-4ef7-9fc0-4f57ccbd9967: shutdown LeaderElection
2019-10-15 03:22:02,567 [4c6a16c4-95d2-4ef7-9fc0-4f57ccbd9967@group-5FF82F29B6C0-LeaderElection1320] INFO  impl.RoleInfo (RoleInfo.java:updateAndGet(143)) - 4c6a16c4-95d2-4ef7-9fc0-4f57ccbd9967: start FollowerState
2019-10-15 03:22:02,702 [Thread-10863] INFO  impl.FollowerState (FollowerState.java:run(108)) - 4c6a16c4-95d2-4ef7-9fc0-4f57ccbd9967@group-5FF82F29B6C0-FollowerState: change to CANDIDATE, lastRpcTime:135ms, electionTimeout:135ms
2019-10-15 03:22:02,702 [Thread-10863] INFO  impl.RoleInfo (RoleInfo.java:shutdownFollowerState(121)) - 4c6a16c4-95d2-4ef7-9fc0-4f57ccbd9967: shutdown FollowerState
2019-10-15 03:22:02,702 [Thread-10863] INFO  impl.RaftServerImpl (RaftServerImpl.java:setRole(184)) - 4c6a16c4-95d2-4ef7-9fc0-4f57ccbd9967@group-5FF82F29B6C0: changes role from  FOLLOWER to CANDIDATE at term 1370 for changeToCandidate
2019-10-15 03:22:02,702 [Thread-10863] ERROR ratis.XceiverServerRatis (XceiverServerRatis.java:triggerPipelineClose(582)) - pipeline Action CLOSE  on pipeline PipelineID=e4bf9835-e697-42f6-b211-5ff82f29b6c0.Reason : 4c6a16c4-95d2-4ef7-9fc0-4f57ccbd9967 is in candidate state for 177602ms
2019-10-15 03:22:02,703 [Thread-10863] INFO  impl.RoleInfo (RoleInfo.java:updateAndGet(143)) - 4c6a16c4-95d2-4ef7-9fc0-4f57ccbd9967: start LeaderElection
2019-10-15 03:22:02,716 [4c6a16c4-95d2-4ef7-9fc0-4f57ccbd9967@group-5FF82F29B6C0-LeaderElection1321] INFO  impl.LeaderElection (LeaderElection.java:askForVotes(178)) - 4c6a16c4-95d2-4ef7-9fc0-4f57ccbd9967@group-5FF82F29B6C0-LeaderElection1321: begin an election at term 1371 for -1: [4c6a16c4-95d2-4ef7-9fc0-4f57ccbd9967:192.168.5.131:39112, 742c26a8-c271-430a-a05a-c8bba3fa6d96:192.168.5.131:42235, a910346c-1ee2-4cdc-a6d8-644a3a4f0b7f:192.168.5.131:38193], old=null
2019-10-15 03:22:02,717 [grpc-default-executor-8] INFO  impl.RaftServerImpl (RaftServerImpl.java:setRole(184)) - 742c26a8-c271-430a-a05a-c8bba3fa6d96@group-5FF82F29B6C0: changes role from  FOLLOWER to FOLLOWER at term 1371 for recognizeCandidate:4c6a16c4-95d2-4ef7-9fc0-4f57ccbd9967
2019-10-15 03:22:02,717 [grpc-default-executor-5] INFO  impl.RaftServerImpl (RaftServerImpl.java:setRole(184)) - a910346c-1ee2-4cdc-a6d8-644a3a4f0b7f@group-5FF82F29B6C0: changes role from  FOLLOWER to FOLLOWER at term 1371 for recognizeCandidate:4c6a16c4-95d2-4ef7-9fc0-4f57ccbd9967
2019-10-15 03:22:02,717 [grpc-default-executor-8] INFO  impl.RoleInfo (RoleInfo.java:shutdownFollowerState(121)) - 742c26a8-c271-430a-a05a-c8bba3fa6d96: shutdown FollowerState
2019-10-15 03:22:02,717 [grpc-default-executor-5] INFO  impl.RoleInfo (RoleInfo.java:shutdownFollowerState(121)) - a910346c-1ee2-4cdc-a6d8-644a3a4f0b7f: shutdown FollowerState
2019-10-15 03:22:02,718 [Thread-10862] INFO  impl.FollowerState (FollowerState.java:run(117)) - 742c26a8-c271-430a-a05a-c8bba3fa6d96@group-5FF82F29B6C0-FollowerState was interrupted: java.lang.InterruptedException: sleep interrupted
2019-10-15 03:22:02,718 [grpc-default-executor-8] INFO  impl.RoleInfo (RoleInfo.java:updateAndGet(143)) - 742c26a8-c271-430a-a05a-c8bba3fa6d96: start FollowerState
2019-10-15 03:22:02,718 [Thread-10861] INFO  impl.FollowerState (FollowerState.java:run(117)) - a910346c-1ee2-4cdc-a6d8-644a3a4f0b7f@group-5FF82F29B6C0-FollowerState was interrupted: java.lang.InterruptedException: sleep interrupted
2019-10-15 03:22:02,718 [grpc-default-executor-5] INFO  impl.RoleInfo (RoleInfo.java:updateAndGet(143)) - a910346c-1ee2-4cdc-a6d8-644a3a4f0b7f: start FollowerState
2019-10-15 03:22:02,730 [4c6a16c4-95d2-4ef7-9fc0-4f57ccbd9967@group-5FF82F29B6C0-LeaderElection1321] INFO  impl.LeaderElection (LeaderElection.java:logAndReturn(56)) - 4c6a16c4-95d2-4ef7-9fc0-4f57ccbd9967@group-5FF82F29B6C0-LeaderElection1321: Election REJECTED; received 2 response(s) [4c6a16c4-95d2-4ef7-9fc0-4f57ccbd9967<-742c26a8-c271-430a-a05a-c8bba3fa6d96#0:FAIL-t1371, 4c6a16c4-95d2-4ef7-9fc0-4f57ccbd9967<-a910346c-1ee2-4cdc-a6d8-644a3a4f0b7f#0:FAIL-t1371] and 0 exception(s); 4c6a16c4-95d2-4ef7-9fc0-4f57ccbd9967@group-5FF82F29B6C0:t1371, leader=null, voted=4c6a16c4-95d2-4ef7-9fc0-4f57ccbd9967, raftlog=4c6a16c4-95d2-4ef7-9fc0-4f57ccbd9967@group-5FF82F29B6C0-SegmentedRaftLog:OPENED:c-1,f-1,i0, conf=-1: [4c6a16c4-95d2-4ef7-9fc0-4f57ccbd9967:192.168.5.131:39112, 742c26a8-c271-430a-a05a-c8bba3fa6d96:192.168.5.131:42235, a910346c-1ee2-4cdc-a6d8-644a3a4f0b7f:192.168.5.131:38193], old=null
2019-10-15 03:22:02,730 [4c6a16c4-95d2-4ef7-9fc0-4f57ccbd9967@group-5FF82F29B6C0-LeaderElection1321] INFO  impl.RaftServerImpl (RaftServerImpl.java:setRole(184)) - 4c6a16c4-95d2-4ef7-9fc0-4f57ccbd9967@group-5FF82F29B6C0: changes role from CANDIDATE to FOLLOWER at term 1371 for DISCOVERED_A_NEW_TERM
2019-10-15 03:22:02,730 [4c6a16c4-95d2-4ef7-9fc0-4f57ccbd9967@group-5FF82F29B6C0-LeaderElection1321] INFO  impl.RoleInfo (RoleInfo.java:shutdownLeaderElection(134)) - 4c6a16c4-95d2-4ef7-9fc0-4f57ccbd9967: shutdown LeaderElection
2019-10-15 03:22:02,730 [4c6a16c4-95d2-4ef7-9fc0-4f57ccbd9967@group-5FF82F29B6C0-LeaderElection1321] INFO  impl.RoleInfo (RoleInfo.java:updateAndGet(143)) - 4c6a16c4-95d2-4ef7-9fc0-4f57ccbd9967: start FollowerState
2019-10-15 03:22:02,904 [Thread-10871] INFO  impl.FollowerState (FollowerState.java:run(108)) - 4c6a16c4-95d2-4ef7-9fc0-4f57ccbd9967@group-5FF82F29B6C0-FollowerState: change to CANDIDATE, lastRpcTime:173ms, electionTimeout:173ms
2019-10-15 03:22:02,904 [Thread-10871] INFO  impl.RoleInfo (RoleInfo.java:shutdownFollowerState(121)) - 4c6a16c4-95d2-4ef7-9fc0-4f57ccbd9967: shutdown FollowerState
2019-10-15 03:22:02,904 [Thread-10871] INFO  impl.RaftServerImpl (RaftServerImpl.java:setRole(184)) - 4c6a16c4-95d2-4ef7-9fc0-4f57ccbd9967@group-5FF82F29B6C0: changes role from  FOLLOWER to CANDIDATE at term 1371 for changeToCandidate
2019-10-15 03:22:02,904 [Thread-10871] ERROR ratis.XceiverServerRatis (XceiverServerRatis.java:triggerPipelineClose(582)) - pipeline Action CLOSE  on pipeline PipelineID=e4bf9835-e697-42f6-b211-5ff82f29b6c0.Reason : 4c6a16c4-95d2-4ef7-9fc0-4f57ccbd9967 is in candidate state for 177803ms
2019-10-15 03:22:02,904 [Thread-10871] INFO  impl.RoleInfo (RoleInfo.java:updateAndGet(143)) - 4c6a16c4-95d2-4ef7-9fc0-4f57ccbd9967: start LeaderElection
2019-10-15 03:22:02,917 [4c6a16c4-95d2-4ef7-9fc0-4f57ccbd9967@group-5FF82F29B6C0-LeaderElection1322] INFO  impl.LeaderElection (LeaderElection.java:askForVotes(178)) - 4c6a16c4-95d2-4ef7-9fc0-4f57ccbd9967@group-5FF82F29B6C0-LeaderElection1322: begin an election at term 1372 for -1: [4c6a16c4-95d2-4ef7-9fc0-4f57ccbd9967:192.168.5.131:39112, 742c26a8-c271-430a-a05a-c8bba3fa6d96:192.168.5.131:42235, a910346c-1ee2-4cdc-a6d8-644a3a4f0b7f:192.168.5.131:38193], old=null
2019-10-15 03:22:02,918 [grpc-default-executor-5] INFO  impl.RaftServerImpl (RaftServerImpl.java:setRole(184)) - 742c26a8-c271-430a-a05a-c8bba3fa6d96@group-5FF82F29B6C0: changes role from  FOLLOWER to FOLLOWER at term 1372 for recognizeCandidate:4c6a16c4-95d2-4ef7-9fc0-4f57ccbd9967
2019-10-15 03:22:02,919 [grpc-default-executor-5] INFO  impl.RoleInfo (RoleInfo.java:shutdownFollowerState(121)) - 742c26a8-c271-430a-a05a-c8bba3fa6d96: shutdown FollowerState
2019-10-15 03:22:02,918 [grpc-default-executor-8] INFO  impl.RaftServerImpl (RaftServerImpl.java:setRole(184)) - a910346c-1ee2-4cdc-a6d8-644a3a4f0b7f@group-5FF82F29B6C0: changes role from  FOLLOWER to FOLLOWER at term 1372 for recognizeCandidate:4c6a16c4-95d2-4ef7-9fc0-4f57ccbd9967
2019-10-15 03:22:02,919 [Thread-10869] INFO  impl.FollowerState (FollowerState.java:run(117)) - 742c26a8-c271-430a-a05a-c8bba3fa6d96@group-5FF82F29B6C0-FollowerState was interrupted: java.lang.InterruptedException: sleep interrupted
2019-10-15 03:22:02,919 [grpc-default-executor-5] INFO  impl.RoleInfo (RoleInfo.java:updateAndGet(143)) - 742c26a8-c271-430a-a05a-c8bba3fa6d96: start FollowerState
2019-10-15 03:22:02,919 [grpc-default-executor-8] INFO  impl.RoleInfo (RoleInfo.java:shutdownFollowerState(121)) - a910346c-1ee2-4cdc-a6d8-644a3a4f0b7f: shutdown FollowerState
2019-10-15 03:22:02,919 [grpc-default-executor-8] INFO  impl.RoleInfo (RoleInfo.java:updateAndGet(143)) - a910346c-1ee2-4cdc-a6d8-644a3a4f0b7f: start FollowerState
2019-10-15 03:22:02,919 [Thread-10870] INFO  impl.FollowerState (FollowerState.java:run(117)) - a910346c-1ee2-4cdc-a6d8-644a3a4f0b7f@group-5FF82F29B6C0-FollowerState was interrupted: java.lang.InterruptedException: sleep interrupted
2019-10-15 03:22:02,926 [4c6a16c4-95d2-4ef7-9fc0-4f57ccbd9967@group-5FF82F29B6C0-LeaderElection1322] INFO  impl.LeaderElection (LeaderElection.java:logAndReturn(56)) - 4c6a16c4-95d2-4ef7-9fc0-4f57ccbd9967@group-5FF82F29B6C0-LeaderElection1322: Election TIMEOUT; received 0 response(s) [] and 0 exception(s); 4c6a16c4-95d2-4ef7-9fc0-4f57ccbd9967@group-5FF82F29B6C0:t1372, leader=null, voted=4c6a16c4-95d2-4ef7-9fc0-4f57ccbd9967, raftlog=4c6a16c4-95d2-4ef7-9fc0-4f57ccbd9967@group-5FF82F29B6C0-SegmentedRaftLog:OPENED:c-1,f-1,i0, conf=-1: [4c6a16c4-95d2-4ef7-9fc0-4f57ccbd9967:192.168.5.131:39112, 742c26a8-c271-430a-a05a-c8bba3fa6d96:192.168.5.131:42235, a910346c-1ee2-4cdc-a6d8-644a3a4f0b7f:192.168.5.131:38193], old=null
2019-10-15 03:22:02,933 [4c6a16c4-95d2-4ef7-9fc0-4f57ccbd9967@group-5FF82F29B6C0-LeaderElection1322] INFO  impl.LeaderElection (LeaderElection.java:askForVotes(178)) - 4c6a16c4-95d2-4ef7-9fc0-4f57ccbd9967@group-5FF82F29B6C0-LeaderElection1322: begin an election at term 1373 for -1: [4c6a16c4-95d2-4ef7-9fc0-4f57ccbd9967:192.168.5.131:39112, 742c26a8-c271-430a-a05a-c8bba3fa6d96:192.168.5.131:42235, a910346c-1ee2-4cdc-a6d8-644a3a4f0b7f:192.168.5.131:38193], old=null
2019-10-15 03:22:02,934 [grpc-default-executor-5] INFO  impl.RaftServerImpl (RaftServerImpl.java:setRole(184)) - 742c26a8-c271-430a-a05a-c8bba3fa6d96@group-5FF82F29B6C0: changes role from  FOLLOWER to FOLLOWER at term 1373 for recognizeCandidate:4c6a16c4-95d2-4ef7-9fc0-4f57ccbd9967
2019-10-15 03:22:02,934 [grpc-default-executor-5] INFO  impl.RoleInfo (RoleInfo.java:shutdownFollowerState(121)) - 742c26a8-c271-430a-a05a-c8bba3fa6d96: shutdown FollowerState
2019-10-15 03:22:02,934 [grpc-default-executor-5] INFO  impl.RoleInfo (RoleInfo.java:updateAndGet(143)) - 742c26a8-c271-430a-a05a-c8bba3fa6d96: start FollowerState
2019-10-15 03:22:02,935 [grpc-default-executor-8] INFO  impl.RaftServerImpl (RaftServerImpl.java:setRole(184)) - a910346c-1ee2-4cdc-a6d8-644a3a4f0b7f@group-5FF82F29B6C0: changes role from  FOLLOWER to FOLLOWER at term 1373 for recognizeCandidate:4c6a16c4-95d2-4ef7-9fc0-4f57ccbd9967
2019-10-15 03:22:02,935 [grpc-default-executor-8] INFO  impl.RoleInfo (RoleInfo.java:shutdownFollowerState(121)) - a910346c-1ee2-4cdc-a6d8-644a3a4f0b7f: shutdown FollowerState
2019-10-15 03:22:02,935 [Thread-10875] INFO  impl.FollowerState (FollowerState.java:run(117)) - 742c26a8-c271-430a-a05a-c8bba3fa6d96@group-5FF82F29B6C0-FollowerState was interrupted: java.lang.InterruptedException: sleep interrupted
2019-10-15 03:22:02,935 [Thread-10876] INFO  impl.FollowerState (FollowerState.java:run(117)) - a910346c-1ee2-4cdc-a6d8-644a3a4f0b7f@group-5FF82F29B6C0-FollowerState was interrupted: java.lang.InterruptedException: sleep interrupted
2019-10-15 03:22:02,935 [grpc-default-executor-8] INFO  impl.RoleInfo (RoleInfo.java:updateAndGet(143)) - a910346c-1ee2-4cdc-a6d8-644a3a4f0b7f: start FollowerState
2019-10-15 03:22:02,948 [4c6a16c4-95d2-4ef7-9fc0-4f57ccbd9967@group-5FF82F29B6C0-LeaderElection1322] INFO  impl.LeaderElection (LeaderElection.java:logAndReturn(56)) - 4c6a16c4-95d2-4ef7-9fc0-4f57ccbd9967@group-5FF82F29B6C0-LeaderElection1322: Election REJECTED; received 2 response(s) [4c6a16c4-95d2-4ef7-9fc0-4f57ccbd9967<-742c26a8-c271-430a-a05a-c8bba3fa6d96#0:FAIL-t1373, 4c6a16c4-95d2-4ef7-9fc0-4f57ccbd9967<-a910346c-1ee2-4cdc-a6d8-644a3a4f0b7f#0:FAIL-t1373] and 0 exception(s); 4c6a16c4-95d2-4ef7-9fc0-4f57ccbd9967@group-5FF82F29B6C0:t1373, leader=null, voted=4c6a16c4-95d2-4ef7-9fc0-4f57ccbd9967, raftlog=4c6a16c4-95d2-4ef7-9fc0-4f57ccbd9967@group-5FF82F29B6C0-SegmentedRaftLog:OPENED:c-1,f-1,i0, conf=-1: [4c6a16c4-95d2-4ef7-9fc0-4f57ccbd9967:192.168.5.131:39112, 742c26a8-c271-430a-a05a-c8bba3fa6d96:192.168.5.131:42235, a910346c-1ee2-4cdc-a6d8-644a3a4f0b7f:192.168.5.131:38193], old=null
2019-10-15 03:22:02,948 [4c6a16c4-95d2-4ef7-9fc0-4f57ccbd9967@group-5FF82F29B6C0-LeaderElection1322] INFO  impl.RaftServerImpl (RaftServerImpl.java:setRole(184)) - 4c6a16c4-95d2-4ef7-9fc0-4f57ccbd9967@group-5FF82F29B6C0: changes role from CANDIDATE to FOLLOWER at term 1373 for DISCOVERED_A_NEW_TERM
2019-10-15 03:22:02,948 [4c6a16c4-95d2-4ef7-9fc0-4f57ccbd9967@group-5FF82F29B6C0-LeaderElection1322] INFO  impl.RoleInfo (RoleInfo.java:shutdownLeaderElection(134)) - 4c6a16c4-95d2-4ef7-9fc0-4f57ccbd9967: shutdown LeaderElection
2019-10-15 03:22:02,948 [4c6a16c4-95d2-4ef7-9fc0-4f57ccbd9967@group-5FF82F29B6C0-LeaderElection1322] INFO  impl.RoleInfo (RoleInfo.java:updateAndGet(143)) - 4c6a16c4-95d2-4ef7-9fc0-4f57ccbd9967: start FollowerState
2019-10-15 03:22:02,991 [EventQueue-PipelineActionsForPipelineActionHandler] ERROR pipeline.PipelineActionHandler (PipelineActionHandler.java:onMessage(60)) - Received pipeline action CLOSE for Pipeline[ Id: e4bf9835-e697-42f6-b211-5ff82f29b6c0, Nodes: a910346c-1ee2-4cdc-a6d8-644a3a4f0b7f{ip: 192.168.5.131, host: pr-hdds-2305-c92ks-1629580955, networkLocation: /default-rack, certSerialId: null}742c26a8-c271-430a-a05a-c8bba3fa6d96{ip: 192.168.5.131, host: pr-hdds-2305-c92ks-1629580955, networkLocation: /default-rack, certSerialId: null}4c6a16c4-95d2-4ef7-9fc0-4f57ccbd9967{ip: 192.168.5.131, host: pr-hdds-2305-c92ks-1629580955, networkLocation: /default-rack, certSerialId: null}, Type:RATIS, Factor:THREE, State:CLOSED] from datanode 4c6a16c4-95d2-4ef7-9fc0-4f57ccbd9967{ip: 192.168.5.131, host: pr-hdds-2305-c92ks-1629580955, networkLocation: /default-rack, certSerialId: null}. Reason : 4c6a16c4-95d2-4ef7-9fc0-4f57ccbd9967 is in candidate state for 176897ms
2019-10-15 03:22:02,991 [EventQueue-PipelineActionsForPipelineActionHandler] INFO  pipeline.SCMPipelineManager (SCMPipelineManager.java:finalizeAndDestroyPipeline(315)) - destroying pipeline:Pipeline[ Id: e4bf9835-e697-42f6-b211-5ff82f29b6c0, Nodes: a910346c-1ee2-4cdc-a6d8-644a3a4f0b7f{ip: 192.168.5.131, host: pr-hdds-2305-c92ks-1629580955, networkLocation: /default-rack, certSerialId: null}742c26a8-c271-430a-a05a-c8bba3fa6d96{ip: 192.168.5.131, host: pr-hdds-2305-c92ks-1629580955, networkLocation: /default-rack, certSerialId: null}4c6a16c4-95d2-4ef7-9fc0-4f57ccbd9967{ip: 192.168.5.131, host: pr-hdds-2305-c92ks-1629580955, networkLocation: /default-rack, certSerialId: null}, Type:RATIS, Factor:THREE, State:CLOSED]
2019-10-15 03:22:03,010 [Thread-10881] INFO  impl.FollowerState (FollowerState.java:run(108)) - 4c6a16c4-95d2-4ef7-9fc0-4f57ccbd9967@group-5FF82F29B6C0-FollowerState: change to CANDIDATE, lastRpcTime:62ms, electionTimeout:62ms
2019-10-15 03:22:03,011 [Thread-10881] INFO  impl.RoleInfo (RoleInfo.java:shutdownFollowerState(121)) - 4c6a16c4-95d2-4ef7-9fc0-4f57ccbd9967: shutdown FollowerState
2019-10-15 03:22:03,011 [Thread-10881] INFO  impl.RaftServerImpl (RaftServerImpl.java:setRole(184)) - 4c6a16c4-95d2-4ef7-9fc0-4f57ccbd9967@group-5FF82F29B6C0: changes role from  FOLLOWER to CANDIDATE at term 1373 for changeToCandidate
2019-10-15 03:22:03,011 [Thread-10881] ERROR ratis.XceiverServerRatis (XceiverServerRatis.java:triggerPipelineClose(582)) - pipeline Action CLOSE  on pipeline PipelineID=e4bf9835-e697-42f6-b211-5ff82f29b6c0.Reason : 4c6a16c4-95d2-4ef7-9fc0-4f57ccbd9967 is in candidate state for 177910ms
2019-10-15 03:22:03,011 [Thread-10881] INFO  impl.RoleInfo (RoleInfo.java:updateAndGet(143)) - 4c6a16c4-95d2-4ef7-9fc0-4f57ccbd9967: start LeaderElection
2019-10-15 03:22:03,026 [4c6a16c4-95d2-4ef7-9fc0-4f57ccbd9967@group-5FF82F29B6C0-LeaderElection1323] INFO  impl.LeaderElection (LeaderElection.java:askForVotes(178)) - 4c6a16c4-95d2-4ef7-9fc0-4f57ccbd9967@group-5FF82F29B6C0-LeaderElection1323: begin an election at term 1374 for -1: [4c6a16c4-95d2-4ef7-9fc0-4f57ccbd9967:192.168.5.131:39112, 742c26a8-c271-430a-a05a-c8bba3fa6d96:192.168.5.131:42235, a910346c-1ee2-4cdc-a6d8-644a3a4f0b7f:192.168.5.131:38193], old=null
2019-10-15 03:22:03,027 [grpc-default-executor-8] INFO  impl.RaftServerImpl (RaftServerImpl.java:setRole(184)) - 742c26a8-c271-430a-a05a-c8bba3fa6d96@group-5FF82F29B6C0: changes role from  FOLLOWER to FOLLOWER at term 1374 for recognizeCandidate:4c6a16c4-95d2-4ef7-9fc0-4f57ccbd9967
2019-10-15 03:22:03,027 [grpc-default-executor-8] INFO  impl.RoleInfo (RoleInfo.java:shutdownFollowerState(121)) - 742c26a8-c271-430a-a05a-c8bba3fa6d96: shutdown FollowerState
2019-10-15 03:22:03,027 [grpc-default-executor-5] INFO  impl.RaftServerImpl (RaftServerImpl.java:setRole(184)) - a910346c-1ee2-4cdc-a6d8-644a3a4f0b7f@group-5FF82F29B6C0: changes role from  FOLLOWER to FOLLOWER at term 1374 for recognizeCandidate:4c6a16c4-95d2-4ef7-9fc0-4f57ccbd9967
2019-10-15 03:22:03,027 [Thread-10879] INFO  impl.FollowerState (FollowerState.java:run(117)) - 742c26a8-c271-430a-a05a-c8bba3fa6d96@group-5FF82F29B6C0-FollowerState was interrupted: java.lang.InterruptedException: sleep interrupted
2019-10-15 03:22:03,027 [grpc-default-executor-8] INFO  impl.RoleInfo (RoleInfo.java:updateAndGet(143)) - 742c26a8-c271-430a-a05a-c8bba3fa6d96: start FollowerState
2019-10-15 03:22:03,027 [grpc-default-executor-5] INFO  impl.RoleInfo (RoleInfo.java:shutdownFollowerState(121)) - a910346c-1ee2-4cdc-a6d8-644a3a4f0b7f: shutdown FollowerState
2019-10-15 03:22:03,027 [grpc-default-executor-5] INFO  impl.RoleInfo (RoleInfo.java:updateAndGet(143)) - a910346c-1ee2-4cdc-a6d8-644a3a4f0b7f: start FollowerState
2019-10-15 03:22:03,027 [Thread-10880] INFO  impl.FollowerState (FollowerState.java:run(117)) - a910346c-1ee2-4cdc-a6d8-644a3a4f0b7f@group-5FF82F29B6C0-FollowerState was interrupted: java.lang.InterruptedException: sleep interrupted
2019-10-15 03:22:03,041 [4c6a16c4-95d2-4ef7-9fc0-4f57ccbd9967@group-5FF82F29B6C0-LeaderElection1323] INFO  impl.LeaderElection (LeaderElection.java:logAndReturn(56)) - 4c6a16c4-95d2-4ef7-9fc0-4f57ccbd9967@group-5FF82F29B6C0-LeaderElection1323: Election REJECTED; received 2 response(s) [4c6a16c4-95d2-4ef7-9fc0-4f57ccbd9967<-742c26a8-c271-430a-a05a-c8bba3fa6d96#0:FAIL-t1374, 4c6a16c4-95d2-4ef7-9fc0-4f57ccbd9967<-a910346c-1ee2-4cdc-a6d8-644a3a4f0b7f#0:FAIL-t1374] and 0 exception(s); 4c6a16c4-95d2-4ef7-9fc0-4f57ccbd9967@group-5FF82F29B6C0:t1374, leader=null, voted=4c6a16c4-95d2-4ef7-9fc0-4f57ccbd9967, raftlog=4c6a16c4-95d2-4ef7-9fc0-4f57ccbd9967@group-5FF82F29B6C0-SegmentedRaftLog:OPENED:c-1,f-1,i0, conf=-1: [4c6a16c4-95d2-4ef7-9fc0-4f57ccbd9967:192.168.5.131:39112, 742c26a8-c271-430a-a05a-c8bba3fa6d96:192.168.5.131:42235, a910346c-1ee2-4cdc-a6d8-644a3a4f0b7f:192.168.5.131:38193], old=null
2019-10-15 03:22:03,041 [4c6a16c4-95d2-4ef7-9fc0-4f57ccbd9967@group-5FF82F29B6C0-LeaderElection1323] INFO  impl.RaftServerImpl (RaftServerImpl.java:setRole(184)) - 4c6a16c4-95d2-4ef7-9fc0-4f57ccbd9967@group-5FF82F29B6C0: changes role from CANDIDATE to FOLLOWER at term 1374 for DISCOVERED_A_NEW_TERM
2019-10-15 03:22:03,041 [4c6a16c4-95d2-4ef7-9fc0-4f57ccbd9967@group-5FF82F29B6C0-LeaderElection1323] INFO  impl.RoleInfo (RoleInfo.java:shutdownLeaderElection(134)) - 4c6a16c4-95d2-4ef7-9fc0-4f57ccbd9967: shutdown LeaderElection
2019-10-15 03:22:03,041 [4c6a16c4-95d2-4ef7-9fc0-4f57ccbd9967@group-5FF82F29B6C0-LeaderElection1323] INFO  impl.RoleInfo (RoleInfo.java:updateAndGet(143)) - 4c6a16c4-95d2-4ef7-9fc0-4f57ccbd9967: start FollowerState
2019-10-15 03:22:03,183 [Thread-10887] INFO  impl.FollowerState (FollowerState.java:run(108)) - 4c6a16c4-95d2-4ef7-9fc0-4f57ccbd9967@group-5FF82F29B6C0-FollowerState: change to CANDIDATE, lastRpcTime:142ms, electionTimeout:142ms
2019-10-15 03:22:03,183 [Thread-10887] INFO  impl.RoleInfo (RoleInfo.java:shutdownFollowerState(121)) - 4c6a16c4-95d2-4ef7-9fc0-4f57ccbd9967: shutdown FollowerState
2019-10-15 03:22:03,183 [Thread-10887] INFO  impl.RaftServerImpl (RaftServerImpl.java:setRole(184)) - 4c6a16c4-95d2-4ef7-9fc0-4f57ccbd9967@group-5FF82F29B6C0: changes role from  FOLLOWER to CANDIDATE at term 1374 for changeToCandidate
2019-10-15 03:22:03,184 [Thread-10887] ERROR ratis.XceiverServerRatis (XceiverServerRatis.java:triggerPipelineClose(582)) - pipeline Action CLOSE  on pipeline PipelineID=e4bf9835-e697-42f6-b211-5ff82f29b6c0.Reason : 4c6a16c4-95d2-4ef7-9fc0-4f57ccbd9967 is in candidate state for 178083ms
2019-10-15 03:22:03,184 [Thread-10887] INFO  impl.RoleInfo (RoleInfo.java:updateAndGet(143)) - 4c6a16c4-95d2-4ef7-9fc0-4f57ccbd9967: start LeaderElection
2019-10-15 03:22:03,198 [4c6a16c4-95d2-4ef7-9fc0-4f57ccbd9967@group-5FF82F29B6C0-LeaderElection1324] INFO  impl.LeaderElection (LeaderElection.java:askForVotes(178)) - 4c6a16c4-95d2-4ef7-9fc0-4f57ccbd9967@group-5FF82F29B6C0-LeaderElection1324: begin an election at term 1375 for -1: [4c6a16c4-95d2-4ef7-9fc0-4f57ccbd9967:192.168.5.131:39112, 742c26a8-c271-430a-a05a-c8bba3fa6d96:192.168.5.131:42235, a910346c-1ee2-4cdc-a6d8-644a3a4f0b7f:192.168.5.131:38193], old=null
2019-10-15 03:22:03,199 [grpc-default-executor-5] INFO  impl.RaftServerImpl (RaftServerImpl.java:setRole(184)) - a910346c-1ee2-4cdc-a6d8-644a3a4f0b7f@group-5FF82F29B6C0: changes role from  FOLLOWER to FOLLOWER at term 1375 for recognizeCandidate:4c6a16c4-95d2-4ef7-9fc0-4f57ccbd9967
2019-10-15 03:22:03,199 [grpc-default-executor-8] INFO  impl.RaftServerImpl (RaftServerImpl.java:setRole(184)) - 742c26a8-c271-430a-a05a-c8bba3fa6d96@group-5FF82F29B6C0: changes role from  FOLLOWER to FOLLOWER at term 1375 for recognizeCandidate:4c6a16c4-95d2-4ef7-9fc0-4f57ccbd9967
2019-10-15 03:22:03,199 [grpc-default-executor-5] INFO  impl.RoleInfo (RoleInfo.java:shutdownFollowerState(121)) - a910346c-1ee2-4cdc-a6d8-644a3a4f0b7f: shutdown FollowerState
2019-10-15 03:22:03,199 [grpc-default-executor-8] INFO  impl.RoleInfo (RoleInfo.java:shutdownFollowerState(121)) - 742c26a8-c271-430a-a05a-c8bba3fa6d96: shutdown FollowerState
2019-10-15 03:22:03,200 [grpc-default-executor-5] INFO  impl.RoleInfo (RoleInfo.java:updateAndGet(143)) - a910346c-1ee2-4cdc-a6d8-644a3a4f0b7f: start FollowerState
2019-10-15 03:22:03,200 [Thread-10885] INFO  impl.FollowerState (FollowerState.java:run(117)) - 742c26a8-c271-430a-a05a-c8bba3fa6d96@group-5FF82F29B6C0-FollowerState was interrupted: java.lang.InterruptedException: sleep interrupted
2019-10-15 03:22:03,200 [grpc-default-executor-8] INFO  impl.RoleInfo (RoleInfo.java:updateAndGet(143)) - 742c26a8-c271-430a-a05a-c8bba3fa6d96: start FollowerState
2019-10-15 03:22:03,200 [Thread-10886] INFO  impl.FollowerState (FollowerState.java:run(117)) - a910346c-1ee2-4cdc-a6d8-644a3a4f0b7f@group-5FF82F29B6C0-FollowerState was interrupted: java.lang.InterruptedException: sleep interrupted
2019-10-15 03:22:03,214 [4c6a16c4-95d2-4ef7-9fc0-4f57ccbd9967@group-5FF82F29B6C0-LeaderElection1324] INFO  impl.LeaderElection (LeaderElection.java:logAndReturn(56)) - 4c6a16c4-95d2-4ef7-9fc0-4f57ccbd9967@group-5FF82F29B6C0-LeaderElection1324: Election REJECTED; received 2 response(s) [4c6a16c4-95d2-4ef7-9fc0-4f57ccbd9967<-742c26a8-c271-430a-a05a-c8bba3fa6d96#0:FAIL-t1375, 4c6a16c4-95d2-4ef7-9fc0-4f57ccbd9967<-a910346c-1ee2-4cdc-a6d8-644a3a4f0b7f#0:FAIL-t1375] and 0 exception(s); 4c6a16c4-95d2-4ef7-9fc0-4f57ccbd9967@group-5FF82F29B6C0:t1375, leader=null, voted=4c6a16c4-95d2-4ef7-9fc0-4f57ccbd9967, raftlog=4c6a16c4-95d2-4ef7-9fc0-4f57ccbd9967@group-5FF82F29B6C0-SegmentedRaftLog:OPENED:c-1,f-1,i0, conf=-1: [4c6a16c4-95d2-4ef7-9fc0-4f57ccbd9967:192.168.5.131:39112, 742c26a8-c271-430a-a05a-c8bba3fa6d96:192.168.5.131:42235, a910346c-1ee2-4cdc-a6d8-644a3a4f0b7f:192.168.5.131:38193], old=null
2019-10-15 03:22:03,214 [4c6a16c4-95d2-4ef7-9fc0-4f57ccbd9967@group-5FF82F29B6C0-LeaderElection1324] INFO  impl.RaftServerImpl (RaftServerImpl.java:setRole(184)) - 4c6a16c4-95d2-4ef7-9fc0-4f57ccbd9967@group-5FF82F29B6C0: changes role from CANDIDATE to FOLLOWER at term 1375 for DISCOVERED_A_NEW_TERM
2019-10-15 03:22:03,214 [4c6a16c4-95d2-4ef7-9fc0-4f57ccbd9967@group-5FF82F29B6C0-LeaderElection1324] INFO  impl.RoleInfo (RoleInfo.java:shutdownLeaderElection(134)) - 4c6a16c4-95d2-4ef7-9fc0-4f57ccbd9967: shutdown LeaderElection
2019-10-15 03:22:03,214 [4c6a16c4-95d2-4ef7-9fc0-4f57ccbd9967@group-5FF82F29B6C0-LeaderElection1324] INFO  impl.RoleInfo (RoleInfo.java:updateAndGet(143)) - 4c6a16c4-95d2-4ef7-9fc0-4f57ccbd9967: start FollowerState
2019-10-15 03:22:03,411 [Thread-10897] INFO  impl.FollowerState (FollowerState.java:run(108)) - 4c6a16c4-95d2-4ef7-9fc0-4f57ccbd9967@group-5FF82F29B6C0-FollowerState: change to CANDIDATE, lastRpcTime:196ms, electionTimeout:196ms
2019-10-15 03:22:03,411 [Thread-10897] INFO  impl.RoleInfo (RoleInfo.java:shutdownFollowerState(121)) - 4c6a16c4-95d2-4ef7-9fc0-4f57ccbd9967: shutdown FollowerState
2019-10-15 03:22:03,411 [Thread-10897] INFO  impl.RaftServerImpl (RaftServerImpl.java:setRole(184)) - 4c6a16c4-95d2-4ef7-9fc0-4f57ccbd9967@group-5FF82F29B6C0: changes role from  FOLLOWER to CANDIDATE at term 1375 for changeToCandidate
2019-10-15 03:22:03,411 [Thread-10897] ERROR ratis.XceiverServerRatis (XceiverServerRatis.java:triggerPipelineClose(582)) - pipeline Action CLOSE  on pipeline PipelineID=e4bf9835-e697-42f6-b211-5ff82f29b6c0.Reason : 4c6a16c4-95d2-4ef7-9fc0-4f57ccbd9967 is in candidate state for 178310ms
2019-10-15 03:22:03,411 [Thread-10897] INFO  impl.RoleInfo (RoleInfo.java:updateAndGet(143)) - 4c6a16c4-95d2-4ef7-9fc0-4f57ccbd9967: start LeaderElection
2019-10-15 03:22:03,435 [4c6a16c4-95d2-4ef7-9fc0-4f57ccbd9967@group-5FF82F29B6C0-LeaderElection1325] INFO  impl.LeaderElection (LeaderElection.java:askForVotes(178)) - 4c6a16c4-95d2-4ef7-9fc0-4f57ccbd9967@group-5FF82F29B6C0-LeaderElection1325: begin an election at term 1376 for -1: [4c6a16c4-95d2-4ef7-9fc0-4f57ccbd9967:192.168.5.131:39112, 742c26a8-c271-430a-a05a-c8bba3fa6d96:192.168.5.131:42235, a910346c-1ee2-4cdc-a6d8-644a3a4f0b7f:192.168.5.131:38193], old=null
2019-10-15 03:22:03,436 [grpc-default-executor-5] INFO  impl.RaftServerImpl (RaftServerImpl.java:setRole(184)) - 742c26a8-c271-430a-a05a-c8bba3fa6d96@group-5FF82F29B6C0: changes role from  FOLLOWER to FOLLOWER at term 1376 for recognizeCandidate:4c6a16c4-95d2-4ef7-9fc0-4f57ccbd9967
2019-10-15 03:22:03,436 [grpc-default-executor-8] INFO  impl.RaftServerImpl (RaftServerImpl.java:setRole(184)) - a910346c-1ee2-4cdc-a6d8-644a3a4f0b7f@group-5FF82F29B6C0: changes role from  FOLLOWER to FOLLOWER at term 1376 for recognizeCandidate:4c6a16c4-95d2-4ef7-9fc0-4f57ccbd9967
2019-10-15 03:22:03,436 [grpc-default-executor-8] INFO  impl.RoleInfo (RoleInfo.java:shutdownFollowerState(121)) - a910346c-1ee2-4cdc-a6d8-644a3a4f0b7f: shutdown FollowerState
2019-10-15 03:22:03,436 [grpc-default-executor-5] INFO  impl.RoleInfo (RoleInfo.java:shutdownFollowerState(121)) - 742c26a8-c271-430a-a05a-c8bba3fa6d96: shutdown FollowerState
2019-10-15 03:22:03,436 [Thread-10895] INFO  impl.FollowerState (FollowerState.java:run(117)) - a910346c-1ee2-4cdc-a6d8-644a3a4f0b7f@group-5FF82F29B6C0-FollowerState was interrupted: java.lang.InterruptedException: sleep interrupted
2019-10-15 03:22:03,436 [grpc-default-executor-8] INFO  impl.RoleInfo (RoleInfo.java:updateAndGet(143)) - a910346c-1ee2-4cdc-a6d8-644a3a4f0b7f: start FollowerState
2019-10-15 03:22:03,437 [Thread-10896] INFO  impl.FollowerState (FollowerState.java:run(117)) - 742c26a8-c271-430a-a05a-c8bba3fa6d96@group-5FF82F29B6C0-FollowerState was interrupted: java.lang.InterruptedException: sleep interrupted
2019-10-15 03:22:03,437 [grpc-default-executor-5] INFO  impl.RoleInfo (RoleInfo.java:updateAndGet(143)) - 742c26a8-c271-430a-a05a-c8bba3fa6d96: start FollowerState
2019-10-15 03:22:03,439 [4c6a16c4-95d2-4ef7-9fc0-4f57ccbd9967@group-5FF82F29B6C0-LeaderElection1325] INFO  impl.LeaderElection (LeaderElection.java:logAndReturn(56)) - 4c6a16c4-95d2-4ef7-9fc0-4f57ccbd9967@group-5FF82F29B6C0-LeaderElection1325: Election TIMEOUT; received 0 response(s) [] and 0 exception(s); 4c6a16c4-95d2-4ef7-9fc0-4f57ccbd9967@group-5FF82F29B6C0:t1376, leader=null, voted=4c6a16c4-95d2-4ef7-9fc0-4f57ccbd9967, raftlog=4c6a16c4-95d2-4ef7-9fc0-4f57ccbd9967@group-5FF82F29B6C0-SegmentedRaftLog:OPENED:c-1,f-1,i0, conf=-1: [4c6a16c4-95d2-4ef7-9fc0-4f57ccbd9967:192.168.5.131:39112, 742c26a8-c271-430a-a05a-c8bba3fa6d96:192.168.5.131:42235, a910346c-1ee2-4cdc-a6d8-644a3a4f0b7f:192.168.5.131:38193], old=null
2019-10-15 03:22:03,450 [4c6a16c4-95d2-4ef7-9fc0-4f57ccbd9967@group-5FF82F29B6C0-LeaderElection1325] INFO  impl.LeaderElection (LeaderElection.java:askForVotes(178)) - 4c6a16c4-95d2-4ef7-9fc0-4f57ccbd9967@group-5FF82F29B6C0-LeaderElection1325: begin an election at term 1377 for -1: [4c6a16c4-95d2-4ef7-9fc0-4f57ccbd9967:192.168.5.131:39112, 742c26a8-c271-430a-a05a-c8bba3fa6d96:192.168.5.131:42235, a910346c-1ee2-4cdc-a6d8-644a3a4f0b7f:192.168.5.131:38193], old=null
2019-10-15 03:22:03,452 [grpc-default-executor-5] INFO  impl.RaftServerImpl (RaftServerImpl.java:setRole(184)) - 742c26a8-c271-430a-a05a-c8bba3fa6d96@group-5FF82F29B6C0: changes role from  FOLLOWER to FOLLOWER at term 1377 for recognizeCandidate:4c6a16c4-95d2-4ef7-9fc0-4f57ccbd9967
2019-10-15 03:22:03,452 [grpc-default-executor-5] INFO  impl.RoleInfo (RoleInfo.java:shutdownFollowerState(121)) - 742c26a8-c271-430a-a05a-c8bba3fa6d96: shutdown FollowerState
2019-10-15 03:22:03,452 [grpc-default-executor-5] INFO  impl.RoleInfo (RoleInfo.java:updateAndGet(143)) - 742c26a8-c271-430a-a05a-c8bba3fa6d96: start FollowerState
2019-10-15 03:22:03,452 [grpc-default-executor-8] INFO  impl.RaftServerImpl (RaftServerImpl.java:setRole(184)) - a910346c-1ee2-4cdc-a6d8-644a3a4f0b7f@group-5FF82F29B6C0: changes role from  FOLLOWER to FOLLOWER at term 1377 for recognizeCandidate:4c6a16c4-95d2-4ef7-9fc0-4f57ccbd9967
2019-10-15 03:22:03,453 [grpc-default-executor-8] INFO  impl.RoleInfo (RoleInfo.java:shutdownFollowerState(121)) - a910346c-1ee2-4cdc-a6d8-644a3a4f0b7f: shutdown FollowerState
2019-10-15 03:22:03,453 [grpc-default-executor-8] INFO  impl.RoleInfo (RoleInfo.java:updateAndGet(143)) - a910346c-1ee2-4cdc-a6d8-644a3a4f0b7f: start FollowerState
2019-10-15 03:22:03,452 [Thread-10903] INFO  impl.FollowerState (FollowerState.java:run(117)) - 742c26a8-c271-430a-a05a-c8bba3fa6d96@group-5FF82F29B6C0-FollowerState was interrupted: java.lang.InterruptedException: sleep interrupted
2019-10-15 03:22:03,453 [Thread-10902] INFO  impl.FollowerState (FollowerState.java:run(117)) - a910346c-1ee2-4cdc-a6d8-644a3a4f0b7f@group-5FF82F29B6C0-FollowerState was interrupted: java.lang.InterruptedException: sleep interrupted
2019-10-15 03:22:03,478 [4c6a16c4-95d2-4ef7-9fc0-4f57ccbd9967@group-5FF82F29B6C0-LeaderElection1325] INFO  impl.LeaderElection (LeaderElection.java:logAndReturn(56)) - 4c6a16c4-95d2-4ef7-9fc0-4f57ccbd9967@group-5FF82F29B6C0-LeaderElection1325: Election REJECTED; received 2 response(s) [4c6a16c4-95d2-4ef7-9fc0-4f57ccbd9967<-742c26a8-c271-430a-a05a-c8bba3fa6d96#0:FAIL-t1377, 4c6a16c4-95d2-4ef7-9fc0-4f57ccbd9967<-a910346c-1ee2-4cdc-a6d8-644a3a4f0b7f#0:FAIL-t1377] and 0 exception(s); 4c6a16c4-95d2-4ef7-9fc0-4f57ccbd9967@group-5FF82F29B6C0:t1377, leader=null, voted=4c6a16c4-95d2-4ef7-9fc0-4f57ccbd9967, raftlog=4c6a16c4-95d2-4ef7-9fc0-4f57ccbd9967@group-5FF82F29B6C0-SegmentedRaftLog:OPENED:c-1,f-1,i0, conf=-1: [4c6a16c4-95d2-4ef7-9fc0-4f57ccbd9967:192.168.5.131:39112, 742c26a8-c271-430a-a05a-c8bba3fa6d96:192.168.5.131:42235, a910346c-1ee2-4cdc-a6d8-644a3a4f0b7f:192.168.5.131:38193], old=null
2019-10-15 03:22:03,478 [4c6a16c4-95d2-4ef7-9fc0-4f57ccbd9967@group-5FF82F29B6C0-LeaderElection1325] INFO  impl.RaftServerImpl (RaftServerImpl.java:setRole(184)) - 4c6a16c4-95d2-4ef7-9fc0-4f57ccbd9967@group-5FF82F29B6C0: changes role from CANDIDATE to FOLLOWER at term 1377 for DISCOVERED_A_NEW_TERM
2019-10-15 03:22:03,478 [4c6a16c4-95d2-4ef7-9fc0-4f57ccbd9967@group-5FF82F29B6C0-LeaderElection1325] INFO  impl.RoleInfo (RoleInfo.java:shutdownLeaderElection(134)) - 4c6a16c4-95d2-4ef7-9fc0-4f57ccbd9967: shutdown LeaderElection
2019-10-15 03:22:03,479 [4c6a16c4-95d2-4ef7-9fc0-4f57ccbd9967@group-5FF82F29B6C0-LeaderElection1325] INFO  impl.RoleInfo (RoleInfo.java:updateAndGet(143)) - 4c6a16c4-95d2-4ef7-9fc0-4f57ccbd9967: start FollowerState
2019-10-15 03:22:03,652 [Thread-10908] INFO  impl.FollowerState (FollowerState.java:run(108)) - 4c6a16c4-95d2-4ef7-9fc0-4f57ccbd9967@group-5FF82F29B6C0-FollowerState: change to CANDIDATE, lastRpcTime:173ms, electionTimeout:173ms
2019-10-15 03:22:03,652 [Thread-10908] INFO  impl.RoleInfo (RoleInfo.java:shutdownFollowerState(121)) - 4c6a16c4-95d2-4ef7-9fc0-4f57ccbd9967: shutdown FollowerState
2019-10-15 03:22:03,652 [Thread-10908] INFO  impl.RaftServerImpl (RaftServerImpl.java:setRole(184)) - 4c6a16c4-95d2-4ef7-9fc0-4f57ccbd9967@group-5FF82F29B6C0: changes role from  FOLLOWER to CANDIDATE at term 1377 for changeToCandidate
2019-10-15 03:22:03,653 [Thread-10908] ERROR ratis.XceiverServerRatis (XceiverServerRatis.java:triggerPipelineClose(582)) - pipeline Action CLOSE  on pipeline PipelineID=e4bf9835-e697-42f6-b211-5ff82f29b6c0.Reason : 4c6a16c4-95d2-4ef7-9fc0-4f57ccbd9967 is in candidate state for 178552ms
2019-10-15 03:22:03,653 [Thread-10908] INFO  impl.RoleInfo (RoleInfo.java:updateAndGet(143)) - 4c6a16c4-95d2-4ef7-9fc0-4f57ccbd9967: start LeaderElection
2019-10-15 03:22:03,666 [4c6a16c4-95d2-4ef7-9fc0-4f57ccbd9967@group-5FF82F29B6C0-LeaderElection1326] INFO  impl.LeaderElection (LeaderElection.java:askForVotes(178)) - 4c6a16c4-95d2-4ef7-9fc0-4f57ccbd9967@group-5FF82F29B6C0-LeaderElection1326: begin an election at term 1378 for -1: [4c6a16c4-95d2-4ef7-9fc0-4f57ccbd9967:192.168.5.131:39112, 742c26a8-c271-430a-a05a-c8bba3fa6d96:192.168.5.131:42235, a910346c-1ee2-4cdc-a6d8-644a3a4f0b7f:192.168.5.131:38193], old=null
2019-10-15 03:22:03,668 [grpc-default-executor-5] INFO  impl.RaftServerImpl (RaftServerImpl.java:setRole(184)) - 742c26a8-c271-430a-a05a-c8bba3fa6d96@group-5FF82F29B6C0: changes role from  FOLLOWER to FOLLOWER at term 1378 for recognizeCandidate:4c6a16c4-95d2-4ef7-9fc0-4f57ccbd9967
2019-10-15 03:22:03,668 [grpc-default-executor-8] INFO  impl.RaftServerImpl (RaftServerImpl.java:setRole(184)) - a910346c-1ee2-4cdc-a6d8-644a3a4f0b7f@group-5FF82F29B6C0: changes role from  FOLLOWER to FOLLOWER at term 1378 for recognizeCandidate:4c6a16c4-95d2-4ef7-9fc0-4f57ccbd9967
2019-10-15 03:22:03,668 [grpc-default-executor-5] INFO  impl.RoleInfo (RoleInfo.java:shutdownFollowerState(121)) - 742c26a8-c271-430a-a05a-c8bba3fa6d96: shutdown FollowerState
2019-10-15 03:22:03,668 [grpc-default-executor-8] INFO  impl.RoleInfo (RoleInfo.java:shutdownFollowerState(121)) - a910346c-1ee2-4cdc-a6d8-644a3a4f0b7f: shutdown FollowerState
2019-10-15 03:22:03,668 [Thread-10906] INFO  impl.FollowerState (FollowerState.java:run(117)) - 742c26a8-c271-430a-a05a-c8bba3fa6d96@group-5FF82F29B6C0-FollowerState was interrupted: java.lang.InterruptedException: sleep interrupted
2019-10-15 03:22:03,668 [grpc-default-executor-5] INFO  impl.RoleInfo (RoleInfo.java:updateAndGet(143)) - 742c26a8-c271-430a-a05a-c8bba3fa6d96: start FollowerState
2019-10-15 03:22:03,668 [Thread-10907] INFO  impl.FollowerState (FollowerState.java:run(117)) - a910346c-1ee2-4cdc-a6d8-644a3a4f0b7f@group-5FF82F29B6C0-FollowerState was interrupted: java.lang.InterruptedException: sleep interrupted
2019-10-15 03:22:03,668 [grpc-default-executor-8] INFO  impl.RoleInfo (RoleInfo.java:updateAndGet(143)) - a910346c-1ee2-4cdc-a6d8-644a3a4f0b7f: start FollowerState
2019-10-15 03:22:03,712 [4c6a16c4-95d2-4ef7-9fc0-4f57ccbd9967@group-5FF82F29B6C0-LeaderElection1326] INFO  impl.LeaderElection (LeaderElection.java:logAndReturn(56)) - 4c6a16c4-95d2-4ef7-9fc0-4f57ccbd9967@group-5FF82F29B6C0-LeaderElection1326: Election REJECTED; received 2 response(s) [4c6a16c4-95d2-4ef7-9fc0-4f57ccbd9967<-742c26a8-c271-430a-a05a-c8bba3fa6d96#0:FAIL-t1378, 4c6a16c4-95d2-4ef7-9fc0-4f57ccbd9967<-a910346c-1ee2-4cdc-a6d8-644a3a4f0b7f#0:FAIL-t1378] and 0 exception(s); 4c6a16c4-95d2-4ef7-9fc0-4f57ccbd9967@group-5FF82F29B6C0:t1378, leader=null, voted=4c6a16c4-95d2-4ef7-9fc0-4f57ccbd9967, raftlog=4c6a16c4-95d2-4ef7-9fc0-4f57ccbd9967@group-5FF82F29B6C0-SegmentedRaftLog:OPENED:c-1,f-1,i0, conf=-1: [4c6a16c4-95d2-4ef7-9fc0-4f57ccbd9967:192.168.5.131:39112, 742c26a8-c271-430a-a05a-c8bba3fa6d96:192.168.5.131:42235, a910346c-1ee2-4cdc-a6d8-644a3a4f0b7f:192.168.5.131:38193], old=null
2019-10-15 03:22:03,712 [4c6a16c4-95d2-4ef7-9fc0-4f57ccbd9967@group-5FF82F29B6C0-LeaderElection1326] INFO  impl.RaftServerImpl (RaftServerImpl.java:setRole(184)) - 4c6a16c4-95d2-4ef7-9fc0-4f57ccbd9967@group-5FF82F29B6C0: changes role from CANDIDATE to FOLLOWER at term 1378 for DISCOVERED_A_NEW_TERM
2019-10-15 03:22:03,712 [4c6a16c4-95d2-4ef7-9fc0-4f57ccbd9967@group-5FF82F29B6C0-LeaderElection1326] INFO  impl.RoleInfo (RoleInfo.java:shutdownLeaderElection(134)) - 4c6a16c4-95d2-4ef7-9fc0-4f57ccbd9967: shutdown LeaderElection
2019-10-15 03:22:03,712 [4c6a16c4-95d2-4ef7-9fc0-4f57ccbd9967@group-5FF82F29B6C0-LeaderElection1326] INFO  impl.RoleInfo (RoleInfo.java:updateAndGet(143)) - 4c6a16c4-95d2-4ef7-9fc0-4f57ccbd9967: start FollowerState
2019-10-15 03:22:03,788 [java.util.concurrent.ThreadPoolExecutor$Worker@9385c76[State = -1, empty queue]] WARN  server.GrpcLogAppender (GrpcLogAppender.java:timeoutAppendRequest(209)) - 17dd8d53-48b4-4b62-8793-7cfa92585664@group-430C8F2242CE->2e087e40-613e-4b42-9ae6-f6bb8282a9c9-GrpcLogAppender: appendEntries Timeout, request=17dd8d53-48b4-4b62-8793-7cfa92585664->2e087e40-613e-4b42-9ae6-f6bb8282a9c9#8-t1, previous=(t:1, i:4), leaderCommit=4, initializing? false, entries: <empty>
2019-10-15 03:22:03,805 [Thread-10916] INFO  impl.FollowerState (FollowerState.java:run(108)) - 4c6a16c4-95d2-4ef7-9fc0-4f57ccbd9967@group-5FF82F29B6C0-FollowerState: change to CANDIDATE, lastRpcTime:92ms, electionTimeout:92ms
2019-10-15 03:22:03,805 [Thread-10916] INFO  impl.RoleInfo (RoleInfo.java:shutdownFollowerState(121)) - 4c6a16c4-95d2-4ef7-9fc0-4f57ccbd9967: shutdown FollowerState
2019-10-15 03:22:03,805 [Thread-10916] INFO  impl.RaftServerImpl (RaftServerImpl.java:setRole(184)) - 4c6a16c4-95d2-4ef7-9fc0-4f57ccbd9967@group-5FF82F29B6C0: changes role from  FOLLOWER to CANDIDATE at term 1378 for changeToCandidate
2019-10-15 03:22:03,805 [Thread-10916] ERROR ratis.XceiverServerRatis (XceiverServerRatis.java:triggerPipelineClose(582)) - pipeline Action CLOSE  on pipeline PipelineID=e4bf9835-e697-42f6-b211-5ff82f29b6c0.Reason : 4c6a16c4-95d2-4ef7-9fc0-4f57ccbd9967 is in candidate state for 178704ms
2019-10-15 03:22:03,805 [Thread-10916] INFO  impl.RoleInfo (RoleInfo.java:updateAndGet(143)) - 4c6a16c4-95d2-4ef7-9fc0-4f57ccbd9967: start LeaderElection
2019-10-15 03:22:03,819 [4c6a16c4-95d2-4ef7-9fc0-4f57ccbd9967@group-5FF82F29B6C0-LeaderElection1327] INFO  impl.LeaderElection (LeaderElection.java:askForVotes(178)) - 4c6a16c4-95d2-4ef7-9fc0-4f57ccbd9967@group-5FF82F29B6C0-LeaderElection1327: begin an election at term 1379 for -1: [4c6a16c4-95d2-4ef7-9fc0-4f57ccbd9967:192.168.5.131:39112, 742c26a8-c271-430a-a05a-c8bba3fa6d96:192.168.5.131:42235, a910346c-1ee2-4cdc-a6d8-644a3a4f0b7f:192.168.5.131:38193], old=null
2019-10-15 03:22:03,820 [grpc-default-executor-8] INFO  impl.RaftServerImpl (RaftServerImpl.java:setRole(184)) - 742c26a8-c271-430a-a05a-c8bba3fa6d96@group-5FF82F29B6C0: changes role from  FOLLOWER to FOLLOWER at term 1379 for recognizeCandidate:4c6a16c4-95d2-4ef7-9fc0-4f57ccbd9967
2019-10-15 03:22:03,820 [grpc-default-executor-8] INFO  impl.RoleInfo (RoleInfo.java:shutdownFollowerState(121)) - 742c26a8-c271-430a-a05a-c8bba3fa6d96: shutdown FollowerState
2019-10-15 03:22:03,820 [grpc-default-executor-5] INFO  impl.RaftServerImpl (RaftServerImpl.java:setRole(184)) - a910346c-1ee2-4cdc-a6d8-644a3a4f0b7f@group-5FF82F29B6C0: changes role from  FOLLOWER to FOLLOWER at term 1379 for recognizeCandidate:4c6a16c4-95d2-4ef7-9fc0-4f57ccbd9967
2019-10-15 03:22:03,820 [grpc-default-executor-5] INFO  impl.RoleInfo (RoleInfo.java:shutdownFollowerState(121)) - a910346c-1ee2-4cdc-a6d8-644a3a4f0b7f: shutdown FollowerState
2019-10-15 03:22:03,820 [Thread-10914] INFO  impl.FollowerState (FollowerState.java:run(117)) - 742c26a8-c271-430a-a05a-c8bba3fa6d96@group-5FF82F29B6C0-FollowerState was interrupted: java.lang.InterruptedException: sleep interrupted
2019-10-15 03:22:03,820 [grpc-default-executor-8] INFO  impl.RoleInfo (RoleInfo.java:updateAndGet(143)) - 742c26a8-c271-430a-a05a-c8bba3fa6d96: start FollowerState
2019-10-15 03:22:03,820 [Thread-10915] INFO  impl.FollowerState (FollowerState.java:run(117)) - a910346c-1ee2-4cdc-a6d8-644a3a4f0b7f@group-5FF82F29B6C0-FollowerState was interrupted: java.lang.InterruptedException: sleep interrupted
2019-10-15 03:22:03,820 [grpc-default-executor-5] INFO  impl.RoleInfo (RoleInfo.java:updateAndGet(143)) - a910346c-1ee2-4cdc-a6d8-644a3a4f0b7f: start FollowerState
2019-10-15 03:22:03,834 [4c6a16c4-95d2-4ef7-9fc0-4f57ccbd9967@group-5FF82F29B6C0-LeaderElection1327] INFO  impl.LeaderElection (LeaderElection.java:logAndReturn(56)) - 4c6a16c4-95d2-4ef7-9fc0-4f57ccbd9967@group-5FF82F29B6C0-LeaderElection1327: Election REJECTED; received 2 response(s) [4c6a16c4-95d2-4ef7-9fc0-4f57ccbd9967<-742c26a8-c271-430a-a05a-c8bba3fa6d96#0:FAIL-t1379, 4c6a16c4-95d2-4ef7-9fc0-4f57ccbd9967<-a910346c-1ee2-4cdc-a6d8-644a3a4f0b7f#0:FAIL-t1379] and 0 exception(s); 4c6a16c4-95d2-4ef7-9fc0-4f57ccbd9967@group-5FF82F29B6C0:t1379, leader=null, voted=4c6a16c4-95d2-4ef7-9fc0-4f57ccbd9967, raftlog=4c6a16c4-95d2-4ef7-9fc0-4f57ccbd9967@group-5FF82F29B6C0-SegmentedRaftLog:OPENED:c-1,f-1,i0, conf=-1: [4c6a16c4-95d2-4ef7-9fc0-4f57ccbd9967:192.168.5.131:39112, 742c26a8-c271-430a-a05a-c8bba3fa6d96:192.168.5.131:42235, a910346c-1ee2-4cdc-a6d8-644a3a4f0b7f:192.168.5.131:38193], old=null
2019-10-15 03:22:03,834 [4c6a16c4-95d2-4ef7-9fc0-4f57ccbd9967@group-5FF82F29B6C0-LeaderElection1327] INFO  impl.RaftServerImpl (RaftServerImpl.java:setRole(184)) - 4c6a16c4-95d2-4ef7-9fc0-4f57ccbd9967@group-5FF82F29B6C0: changes role from CANDIDATE to FOLLOWER at term 1379 for DISCOVERED_A_NEW_TERM
2019-10-15 03:22:03,834 [4c6a16c4-95d2-4ef7-9fc0-4f57ccbd9967@group-5FF82F29B6C0-LeaderElection1327] INFO  impl.RoleInfo (RoleInfo.java:shutdownLeaderElection(134)) - 4c6a16c4-95d2-4ef7-9fc0-4f57ccbd9967: shutdown LeaderElection
2019-10-15 03:22:03,834 [4c6a16c4-95d2-4ef7-9fc0-4f57ccbd9967@group-5FF82F29B6C0-LeaderElection1327] INFO  impl.RoleInfo (RoleInfo.java:updateAndGet(143)) - 4c6a16c4-95d2-4ef7-9fc0-4f57ccbd9967: start FollowerState
2019-10-15 03:22:03,884 [Thread-10922] INFO  impl.FollowerState (FollowerState.java:run(108)) - 4c6a16c4-95d2-4ef7-9fc0-4f57ccbd9967@group-5FF82F29B6C0-FollowerState: change to CANDIDATE, lastRpcTime:49ms, electionTimeout:49ms
2019-10-15 03:22:03,884 [Thread-10922] INFO  impl.RoleInfo (RoleInfo.java:shutdownFollowerState(121)) - 4c6a16c4-95d2-4ef7-9fc0-4f57ccbd9967: shutdown FollowerState
2019-10-15 03:22:03,884 [Thread-10922] INFO  impl.RaftServerImpl (RaftServerImpl.java:setRole(184)) - 4c6a16c4-95d2-4ef7-9fc0-4f57ccbd9967@group-5FF82F29B6C0: changes role from  FOLLOWER to CANDIDATE at term 1379 for changeToCandidate
2019-10-15 03:22:03,884 [Thread-10922] ERROR ratis.XceiverServerRatis (XceiverServerRatis.java:triggerPipelineClose(582)) - pipeline Action CLOSE  on pipeline PipelineID=e4bf9835-e697-42f6-b211-5ff82f29b6c0.Reason : 4c6a16c4-95d2-4ef7-9fc0-4f57ccbd9967 is in candidate state for 178783ms
2019-10-15 03:22:03,884 [Thread-10922] INFO  impl.RoleInfo (RoleInfo.java:updateAndGet(143)) - 4c6a16c4-95d2-4ef7-9fc0-4f57ccbd9967: start LeaderElection
2019-10-15 03:22:03,897 [4c6a16c4-95d2-4ef7-9fc0-4f57ccbd9967@group-5FF82F29B6C0-LeaderElection1328] INFO  impl.LeaderElection (LeaderElection.java:askForVotes(178)) - 4c6a16c4-95d2-4ef7-9fc0-4f57ccbd9967@group-5FF82F29B6C0-LeaderElection1328: begin an election at term 1380 for -1: [4c6a16c4-95d2-4ef7-9fc0-4f57ccbd9967:192.168.5.131:39112, 742c26a8-c271-430a-a05a-c8bba3fa6d96:192.168.5.131:42235, a910346c-1ee2-4cdc-a6d8-644a3a4f0b7f:192.168.5.131:38193], old=null
2019-10-15 03:22:03,898 [grpc-default-executor-8] INFO  impl.RaftServerImpl (RaftServerImpl.java:setRole(184)) - 742c26a8-c271-430a-a05a-c8bba3fa6d96@group-5FF82F29B6C0: changes role from  FOLLOWER to FOLLOWER at term 1380 for recognizeCandidate:4c6a16c4-95d2-4ef7-9fc0-4f57ccbd9967
2019-10-15 03:22:03,898 [grpc-default-executor-8] INFO  impl.RoleInfo (RoleInfo.java:shutdownFollowerState(121)) - 742c26a8-c271-430a-a05a-c8bba3fa6d96: shutdown FollowerState
2019-10-15 03:22:03,898 [grpc-default-executor-5] INFO  impl.RaftServerImpl (RaftServerImpl.java:setRole(184)) - a910346c-1ee2-4cdc-a6d8-644a3a4f0b7f@group-5FF82F29B6C0: changes role from  FOLLOWER to FOLLOWER at term 1380 for recognizeCandidate:4c6a16c4-95d2-4ef7-9fc0-4f57ccbd9967
2019-10-15 03:22:03,898 [grpc-default-executor-5] INFO  impl.RoleInfo (RoleInfo.java:shutdownFollowerState(121)) - a910346c-1ee2-4cdc-a6d8-644a3a4f0b7f: shutdown FollowerState
2019-10-15 03:22:03,898 [Thread-10920] INFO  impl.FollowerState (FollowerState.java:run(117)) - 742c26a8-c271-430a-a05a-c8bba3fa6d96@group-5FF82F29B6C0-FollowerState was interrupted: java.lang.InterruptedException: sleep interrupted
2019-10-15 03:22:03,898 [grpc-default-executor-8] INFO  impl.RoleInfo (RoleInfo.java:updateAndGet(143)) - 742c26a8-c271-430a-a05a-c8bba3fa6d96: start FollowerState
2019-10-15 03:22:03,899 [Thread-10921] INFO  impl.FollowerState (FollowerState.java:run(117)) - a910346c-1ee2-4cdc-a6d8-644a3a4f0b7f@group-5FF82F29B6C0-FollowerState was interrupted: java.lang.InterruptedException: sleep interrupted
2019-10-15 03:22:03,899 [grpc-default-executor-5] INFO  impl.RoleInfo (RoleInfo.java:updateAndGet(143)) - a910346c-1ee2-4cdc-a6d8-644a3a4f0b7f: start FollowerState
2019-10-15 03:22:03,924 [4c6a16c4-95d2-4ef7-9fc0-4f57ccbd9967@group-5FF82F29B6C0-LeaderElection1328] INFO  impl.LeaderElection (LeaderElection.java:logAndReturn(56)) - 4c6a16c4-95d2-4ef7-9fc0-4f57ccbd9967@group-5FF82F29B6C0-LeaderElection1328: Election REJECTED; received 2 response(s) [4c6a16c4-95d2-4ef7-9fc0-4f57ccbd9967<-742c26a8-c271-430a-a05a-c8bba3fa6d96#0:FAIL-t1380, 4c6a16c4-95d2-4ef7-9fc0-4f57ccbd9967<-a910346c-1ee2-4cdc-a6d8-644a3a4f0b7f#0:FAIL-t1380] and 0 exception(s); 4c6a16c4-95d2-4ef7-9fc0-4f57ccbd9967@group-5FF82F29B6C0:t1380, leader=null, voted=4c6a16c4-95d2-4ef7-9fc0-4f57ccbd9967, raftlog=4c6a16c4-95d2-4ef7-9fc0-4f57ccbd9967@group-5FF82F29B6C0-SegmentedRaftLog:OPENED:c-1,f-1,i0, conf=-1: [4c6a16c4-95d2-4ef7-9fc0-4f57ccbd9967:192.168.5.131:39112, 742c26a8-c271-430a-a05a-c8bba3fa6d96:192.168.5.131:42235, a910346c-1ee2-4cdc-a6d8-644a3a4f0b7f:192.168.5.131:38193], old=null
2019-10-15 03:22:03,924 [4c6a16c4-95d2-4ef7-9fc0-4f57ccbd9967@group-5FF82F29B6C0-LeaderElection1328] INFO  impl.RaftServerImpl (RaftServerImpl.java:setRole(184)) - 4c6a16c4-95d2-4ef7-9fc0-4f57ccbd9967@group-5FF82F29B6C0: changes role from CANDIDATE to FOLLOWER at term 1380 for DISCOVERED_A_NEW_TERM
2019-10-15 03:22:03,924 [4c6a16c4-95d2-4ef7-9fc0-4f57ccbd9967@group-5FF82F29B6C0-LeaderElection1328] INFO  impl.RoleInfo (RoleInfo.java:shutdownLeaderElection(134)) - 4c6a16c4-95d2-4ef7-9fc0-4f57ccbd9967: shutdown LeaderElection
2019-10-15 03:22:03,924 [4c6a16c4-95d2-4ef7-9fc0-4f57ccbd9967@group-5FF82F29B6C0-LeaderElection1328] INFO  impl.RoleInfo (RoleInfo.java:updateAndGet(143)) - 4c6a16c4-95d2-4ef7-9fc0-4f57ccbd9967: start FollowerState
2019-10-15 03:22:03,991 [EventQueue-PipelineActionsForPipelineActionHandler] ERROR pipeline.PipelineActionHandler (PipelineActionHandler.java:onMessage(60)) - Received pipeline action CLOSE for Pipeline[ Id: e4bf9835-e697-42f6-b211-5ff82f29b6c0, Nodes: a910346c-1ee2-4cdc-a6d8-644a3a4f0b7f{ip: 192.168.5.131, host: pr-hdds-2305-c92ks-1629580955, networkLocation: /default-rack, certSerialId: null}742c26a8-c271-430a-a05a-c8bba3fa6d96{ip: 192.168.5.131, host: pr-hdds-2305-c92ks-1629580955, networkLocation: /default-rack, certSerialId: null}4c6a16c4-95d2-4ef7-9fc0-4f57ccbd9967{ip: 192.168.5.131, host: pr-hdds-2305-c92ks-1629580955, networkLocation: /default-rack, certSerialId: null}, Type:RATIS, Factor:THREE, State:CLOSED] from datanode 4c6a16c4-95d2-4ef7-9fc0-4f57ccbd9967{ip: 192.168.5.131, host: pr-hdds-2305-c92ks-1629580955, networkLocation: /default-rack, certSerialId: null}. Reason : 4c6a16c4-95d2-4ef7-9fc0-4f57ccbd9967 is in candidate state for 177910ms
2019-10-15 03:22:03,991 [EventQueue-PipelineActionsForPipelineActionHandler] INFO  pipeline.SCMPipelineManager (SCMPipelineManager.java:finalizeAndDestroyPipeline(315)) - destroying pipeline:Pipeline[ Id: e4bf9835-e697-42f6-b211-5ff82f29b6c0, Nodes: a910346c-1ee2-4cdc-a6d8-644a3a4f0b7f{ip: 192.168.5.131, host: pr-hdds-2305-c92ks-1629580955, networkLocation: /default-rack, certSerialId: null}742c26a8-c271-430a-a05a-c8bba3fa6d96{ip: 192.168.5.131, host: pr-hdds-2305-c92ks-1629580955, networkLocation: /default-rack, certSerialId: null}4c6a16c4-95d2-4ef7-9fc0-4f57ccbd9967{ip: 192.168.5.131, host: pr-hdds-2305-c92ks-1629580955, networkLocation: /default-rack, certSerialId: null}, Type:RATIS, Factor:THREE, State:CLOSED]
2019-10-15 03:22:04,074 [Thread-10928] INFO  impl.FollowerState (FollowerState.java:run(108)) - 4c6a16c4-95d2-4ef7-9fc0-4f57ccbd9967@group-5FF82F29B6C0-FollowerState: change to CANDIDATE, lastRpcTime:149ms, electionTimeout:149ms
2019-10-15 03:22:04,074 [Thread-10928] INFO  impl.RoleInfo (RoleInfo.java:shutdownFollowerState(121)) - 4c6a16c4-95d2-4ef7-9fc0-4f57ccbd9967: shutdown FollowerState
2019-10-15 03:22:04,074 [Thread-10928] INFO  impl.RaftServerImpl (RaftServerImpl.java:setRole(184)) - 4c6a16c4-95d2-4ef7-9fc0-4f57ccbd9967@group-5FF82F29B6C0: changes role from  FOLLOWER to CANDIDATE at term 1380 for changeToCandidate
2019-10-15 03:22:04,074 [Thread-10928] ERROR ratis.XceiverServerRatis (XceiverServerRatis.java:triggerPipelineClose(582)) - pipeline Action CLOSE  on pipeline PipelineID=e4bf9835-e697-42f6-b211-5ff82f29b6c0.Reason : 4c6a16c4-95d2-4ef7-9fc0-4f57ccbd9967 is in candidate state for 178973ms
2019-10-15 03:22:04,074 [Thread-10928] INFO  impl.RoleInfo (RoleInfo.java:updateAndGet(143)) - 4c6a16c4-95d2-4ef7-9fc0-4f57ccbd9967: start LeaderElection
2019-10-15 03:22:04,088 [4c6a16c4-95d2-4ef7-9fc0-4f57ccbd9967@group-5FF82F29B6C0-LeaderElection1329] INFO  impl.LeaderElection (LeaderElection.java:askForVotes(178)) - 4c6a16c4-95d2-4ef7-9fc0-4f57ccbd9967@group-5FF82F29B6C0-LeaderElection1329: begin an election at term 1381 for -1: [4c6a16c4-95d2-4ef7-9fc0-4f57ccbd9967:192.168.5.131:39112, 742c26a8-c271-430a-a05a-c8bba3fa6d96:192.168.5.131:42235, a910346c-1ee2-4cdc-a6d8-644a3a4f0b7f:192.168.5.131:38193], old=null
2019-10-15 03:22:04,089 [grpc-default-executor-8] INFO  impl.RaftServerImpl (RaftServerImpl.java:setRole(184)) - 742c26a8-c271-430a-a05a-c8bba3fa6d96@group-5FF82F29B6C0: changes role from  FOLLOWER to FOLLOWER at term 1381 for recognizeCandidate:4c6a16c4-95d2-4ef7-9fc0-4f57ccbd9967
2019-10-15 03:22:04,089 [grpc-default-executor-8] INFO  impl.RoleInfo (RoleInfo.java:shutdownFollowerState(121)) - 742c26a8-c271-430a-a05a-c8bba3fa6d96: shutdown FollowerState
2019-10-15 03:22:04,089 [grpc-default-executor-5] INFO  impl.RaftServerImpl (RaftServerImpl.java:setRole(184)) - a910346c-1ee2-4cdc-a6d8-644a3a4f0b7f@group-5FF82F29B6C0: changes role from  FOLLOWER to FOLLOWER at term 1381 for recognizeCandidate:4c6a16c4-95d2-4ef7-9fc0-4f57ccbd9967
2019-10-15 03:22:04,089 [Thread-10926] INFO  impl.FollowerState (FollowerState.java:run(117)) - 742c26a8-c271-430a-a05a-c8bba3fa6d96@group-5FF82F29B6C0-FollowerState was interrupted: java.lang.InterruptedException: sleep interrupted
2019-10-15 03:22:04,089 [grpc-default-executor-8] INFO  impl.RoleInfo (RoleInfo.java:updateAndGet(143)) - 742c26a8-c271-430a-a05a-c8bba3fa6d96: start FollowerState
2019-10-15 03:22:04,089 [grpc-default-executor-5] INFO  impl.RoleInfo (RoleInfo.java:shutdownFollowerState(121)) - a910346c-1ee2-4cdc-a6d8-644a3a4f0b7f: shutdown FollowerState
2019-10-15 03:22:04,089 [grpc-default-executor-5] INFO  impl.RoleInfo (RoleInfo.java:updateAndGet(143)) - a910346c-1ee2-4cdc-a6d8-644a3a4f0b7f: start FollowerState
2019-10-15 03:22:04,089 [Thread-10927] INFO  impl.FollowerState (FollowerState.java:run(117)) - a910346c-1ee2-4cdc-a6d8-644a3a4f0b7f@group-5FF82F29B6C0-FollowerState was interrupted: java.lang.InterruptedException: sleep interrupted
2019-10-15 03:22:04,103 [4c6a16c4-95d2-4ef7-9fc0-4f57ccbd9967@group-5FF82F29B6C0-LeaderElection1329] INFO  impl.LeaderElection (LeaderElection.java:logAndReturn(56)) - 4c6a16c4-95d2-4ef7-9fc0-4f57ccbd9967@group-5FF82F29B6C0-LeaderElection1329: Election REJECTED; received 2 response(s) [4c6a16c4-95d2-4ef7-9fc0-4f57ccbd9967<-742c26a8-c271-430a-a05a-c8bba3fa6d96#0:FAIL-t1381, 4c6a16c4-95d2-4ef7-9fc0-4f57ccbd9967<-a910346c-1ee2-4cdc-a6d8-644a3a4f0b7f#0:FAIL-t1381] and 0 exception(s); 4c6a16c4-95d2-4ef7-9fc0-4f57ccbd9967@group-5FF82F29B6C0:t1381, leader=null, voted=4c6a16c4-95d2-4ef7-9fc0-4f57ccbd9967, raftlog=4c6a16c4-95d2-4ef7-9fc0-4f57ccbd9967@group-5FF82F29B6C0-SegmentedRaftLog:OPENED:c-1,f-1,i0, conf=-1: [4c6a16c4-95d2-4ef7-9fc0-4f57ccbd9967:192.168.5.131:39112, 742c26a8-c271-430a-a05a-c8bba3fa6d96:192.168.5.131:42235, a910346c-1ee2-4cdc-a6d8-644a3a4f0b7f:192.168.5.131:38193], old=null
2019-10-15 03:22:04,103 [4c6a16c4-95d2-4ef7-9fc0-4f57ccbd9967@group-5FF82F29B6C0-LeaderElection1329] INFO  impl.RaftServerImpl (RaftServerImpl.java:setRole(184)) - 4c6a16c4-95d2-4ef7-9fc0-4f57ccbd9967@group-5FF82F29B6C0: changes role from CANDIDATE to FOLLOWER at term 1381 for DISCOVERED_A_NEW_TERM
2019-10-15 03:22:04,103 [4c6a16c4-95d2-4ef7-9fc0-4f57ccbd9967@group-5FF82F29B6C0-LeaderElection1329] INFO  impl.RoleInfo (RoleInfo.java:shutdownLeaderElection(134)) - 4c6a16c4-95d2-4ef7-9fc0-4f57ccbd9967: shutdown LeaderElection
2019-10-15 03:22:04,103 [4c6a16c4-95d2-4ef7-9fc0-4f57ccbd9967@group-5FF82F29B6C0-LeaderElection1329] INFO  impl.RoleInfo (RoleInfo.java:updateAndGet(143)) - 4c6a16c4-95d2-4ef7-9fc0-4f57ccbd9967: start FollowerState
2019-10-15 03:22:04,296 [Thread-10936] INFO  impl.FollowerState (FollowerState.java:run(108)) - 4c6a16c4-95d2-4ef7-9fc0-4f57ccbd9967@group-5FF82F29B6C0-FollowerState: change to CANDIDATE, lastRpcTime:193ms, electionTimeout:193ms
2019-10-15 03:22:04,296 [Thread-10936] INFO  impl.RoleInfo (RoleInfo.java:shutdownFollowerState(121)) - 4c6a16c4-95d2-4ef7-9fc0-4f57ccbd9967: shutdown FollowerState
2019-10-15 03:22:04,296 [Thread-10936] INFO  impl.RaftServerImpl (RaftServerImpl.java:setRole(184)) - 4c6a16c4-95d2-4ef7-9fc0-4f57ccbd9967@group-5FF82F29B6C0: changes role from  FOLLOWER to CANDIDATE at term 1381 for changeToCandidate
2019-10-15 03:22:04,297 [Thread-10936] ERROR ratis.XceiverServerRatis (XceiverServerRatis.java:triggerPipelineClose(582)) - pipeline Action CLOSE  on pipeline PipelineID=e4bf9835-e697-42f6-b211-5ff82f29b6c0.Reason : 4c6a16c4-95d2-4ef7-9fc0-4f57ccbd9967 is in candidate state for 179196ms
2019-10-15 03:22:04,297 [Thread-10936] INFO  impl.RoleInfo (RoleInfo.java:updateAndGet(143)) - 4c6a16c4-95d2-4ef7-9fc0-4f57ccbd9967: start LeaderElection
2019-10-15 03:22:04,318 [4c6a16c4-95d2-4ef7-9fc0-4f57ccbd9967@group-5FF82F29B6C0-LeaderElection1330] INFO  impl.LeaderElection (LeaderElection.java:askForVotes(178)) - 4c6a16c4-95d2-4ef7-9fc0-4f57ccbd9967@group-5FF82F29B6C0-LeaderElection1330: begin an election at term 1382 for -1: [4c6a16c4-95d2-4ef7-9fc0-4f57ccbd9967:192.168.5.131:39112, 742c26a8-c271-430a-a05a-c8bba3fa6d96:192.168.5.131:42235, a910346c-1ee2-4cdc-a6d8-644a3a4f0b7f:192.168.5.131:38193], old=null
2019-10-15 03:22:04,319 [grpc-default-executor-5] INFO  impl.RaftServerImpl (RaftServerImpl.java:setRole(184)) - 742c26a8-c271-430a-a05a-c8bba3fa6d96@group-5FF82F29B6C0: changes role from  FOLLOWER to FOLLOWER at term 1382 for recognizeCandidate:4c6a16c4-95d2-4ef7-9fc0-4f57ccbd9967
2019-10-15 03:22:04,319 [grpc-default-executor-8] INFO  impl.RaftServerImpl (RaftServerImpl.java:setRole(184)) - a910346c-1ee2-4cdc-a6d8-644a3a4f0b7f@group-5FF82F29B6C0: changes role from  FOLLOWER to FOLLOWER at term 1382 for recognizeCandidate:4c6a16c4-95d2-4ef7-9fc0-4f57ccbd9967
2019-10-15 03:22:04,319 [grpc-default-executor-5] INFO  impl.RoleInfo (RoleInfo.java:shutdownFollowerState(121)) - 742c26a8-c271-430a-a05a-c8bba3fa6d96: shutdown FollowerState
2019-10-15 03:22:04,319 [grpc-default-executor-8] INFO  impl.RoleInfo (RoleInfo.java:shutdownFollowerState(121)) - a910346c-1ee2-4cdc-a6d8-644a3a4f0b7f: shutdown FollowerState
2019-10-15 03:22:04,320 [Thread-10933] INFO  impl.FollowerState (FollowerState.java:run(117)) - 742c26a8-c271-430a-a05a-c8bba3fa6d96@group-5FF82F29B6C0-FollowerState was interrupted: java.lang.InterruptedException: sleep interrupted
2019-10-15 03:22:04,320 [grpc-default-executor-5] INFO  impl.RoleInfo (RoleInfo.java:updateAndGet(143)) - 742c26a8-c271-430a-a05a-c8bba3fa6d96: start FollowerState
2019-10-15 03:22:04,320 [Thread-10934] INFO  impl.FollowerState (FollowerState.java:run(117)) - a910346c-1ee2-4cdc-a6d8-644a3a4f0b7f@group-5FF82F29B6C0-FollowerState was interrupted: java.lang.InterruptedException: sleep interrupted
2019-10-15 03:22:04,320 [grpc-default-executor-8] INFO  impl.RoleInfo (RoleInfo.java:updateAndGet(143)) - a910346c-1ee2-4cdc-a6d8-644a3a4f0b7f: start FollowerState
2019-10-15 03:22:04,333 [4c6a16c4-95d2-4ef7-9fc0-4f57ccbd9967@group-5FF82F29B6C0-LeaderElection1330] INFO  impl.LeaderElection (LeaderElection.java:logAndReturn(56)) - 4c6a16c4-95d2-4ef7-9fc0-4f57ccbd9967@group-5FF82F29B6C0-LeaderElection1330: Election REJECTED; received 2 response(s) [4c6a16c4-95d2-4ef7-9fc0-4f57ccbd9967<-742c26a8-c271-430a-a05a-c8bba3fa6d96#0:FAIL-t1382, 4c6a16c4-95d2-4ef7-9fc0-4f57ccbd9967<-a910346c-1ee2-4cdc-a6d8-644a3a4f0b7f#0:FAIL-t1382] and 0 exception(s); 4c6a16c4-95d2-4ef7-9fc0-4f57ccbd9967@group-5FF82F29B6C0:t1382, leader=null, voted=4c6a16c4-95d2-4ef7-9fc0-4f57ccbd9967, raftlog=4c6a16c4-95d2-4ef7-9fc0-4f57ccbd9967@group-5FF82F29B6C0-SegmentedRaftLog:OPENED:c-1,f-1,i0, conf=-1: [4c6a16c4-95d2-4ef7-9fc0-4f57ccbd9967:192.168.5.131:39112, 742c26a8-c271-430a-a05a-c8bba3fa6d96:192.168.5.131:42235, a910346c-1ee2-4cdc-a6d8-644a3a4f0b7f:192.168.5.131:38193], old=null
2019-10-15 03:22:04,333 [4c6a16c4-95d2-4ef7-9fc0-4f57ccbd9967@group-5FF82F29B6C0-LeaderElection1330] INFO  impl.RaftServerImpl (RaftServerImpl.java:setRole(184)) - 4c6a16c4-95d2-4ef7-9fc0-4f57ccbd9967@group-5FF82F29B6C0: changes role from CANDIDATE to FOLLOWER at term 1382 for DISCOVERED_A_NEW_TERM
2019-10-15 03:22:04,333 [4c6a16c4-95d2-4ef7-9fc0-4f57ccbd9967@group-5FF82F29B6C0-LeaderElection1330] INFO  impl.RoleInfo (RoleInfo.java:shutdownLeaderElection(134)) - 4c6a16c4-95d2-4ef7-9fc0-4f57ccbd9967: shutdown LeaderElection
2019-10-15 03:22:04,333 [4c6a16c4-95d2-4ef7-9fc0-4f57ccbd9967@group-5FF82F29B6C0-LeaderElection1330] INFO  impl.RoleInfo (RoleInfo.java:updateAndGet(143)) - 4c6a16c4-95d2-4ef7-9fc0-4f57ccbd9967: start FollowerState
2019-10-15 03:22:04,343 [Thread-10942] INFO  impl.FollowerState (FollowerState.java:run(108)) - 4c6a16c4-95d2-4ef7-9fc0-4f57ccbd9967@group-5FF82F29B6C0-FollowerState: change to CANDIDATE, lastRpcTime:9ms, electionTimeout:9ms
2019-10-15 03:22:04,343 [Thread-10942] INFO  impl.RoleInfo (RoleInfo.java:shutdownFollowerState(121)) - 4c6a16c4-95d2-4ef7-9fc0-4f57ccbd9967: shutdown FollowerState
2019-10-15 03:22:04,343 [Thread-10942] INFO  impl.RaftServerImpl (RaftServerImpl.java:setRole(184)) - 4c6a16c4-95d2-4ef7-9fc0-4f57ccbd9967@group-5FF82F29B6C0: changes role from  FOLLOWER to CANDIDATE at term 1382 for changeToCandidate
2019-10-15 03:22:04,343 [Thread-10942] ERROR ratis.XceiverServerRatis (XceiverServerRatis.java:triggerPipelineClose(582)) - pipeline Action CLOSE  on pipeline PipelineID=e4bf9835-e697-42f6-b211-5ff82f29b6c0.Reason : 4c6a16c4-95d2-4ef7-9fc0-4f57ccbd9967 is in candidate state for 179242ms
2019-10-15 03:22:04,343 [Thread-10942] INFO  impl.RoleInfo (RoleInfo.java:updateAndGet(143)) - 4c6a16c4-95d2-4ef7-9fc0-4f57ccbd9967: start LeaderElection
2019-10-15 03:22:04,356 [4c6a16c4-95d2-4ef7-9fc0-4f57ccbd9967@group-5FF82F29B6C0-LeaderElection1331] INFO  impl.LeaderElection (LeaderElection.java:askForVotes(178)) - 4c6a16c4-95d2-4ef7-9fc0-4f57ccbd9967@group-5FF82F29B6C0-LeaderElection1331: begin an election at term 1383 for -1: [4c6a16c4-95d2-4ef7-9fc0-4f57ccbd9967:192.168.5.131:39112, 742c26a8-c271-430a-a05a-c8bba3fa6d96:192.168.5.131:42235, a910346c-1ee2-4cdc-a6d8-644a3a4f0b7f:192.168.5.131:38193], old=null
2019-10-15 03:22:04,357 [grpc-default-executor-5] INFO  impl.RaftServerImpl (RaftServerImpl.java:setRole(184)) - 742c26a8-c271-430a-a05a-c8bba3fa6d96@group-5FF82F29B6C0: changes role from  FOLLOWER to FOLLOWER at term 1383 for recognizeCandidate:4c6a16c4-95d2-4ef7-9fc0-4f57ccbd9967
2019-10-15 03:22:04,357 [grpc-default-executor-8] INFO  impl.RaftServerImpl (RaftServerImpl.java:setRole(184)) - a910346c-1ee2-4cdc-a6d8-644a3a4f0b7f@group-5FF82F29B6C0: changes role from  FOLLOWER to FOLLOWER at term 1383 for recognizeCandidate:4c6a16c4-95d2-4ef7-9fc0-4f57ccbd9967
2019-10-15 03:22:04,357 [grpc-default-executor-5] INFO  impl.RoleInfo (RoleInfo.java:shutdownFollowerState(121)) - 742c26a8-c271-430a-a05a-c8bba3fa6d96: shutdown FollowerState
2019-10-15 03:22:04,357 [grpc-default-executor-8] INFO  impl.RoleInfo (RoleInfo.java:shutdownFollowerState(121)) - a910346c-1ee2-4cdc-a6d8-644a3a4f0b7f: shutdown FollowerState
2019-10-15 03:22:04,357 [Thread-10940] INFO  impl.FollowerState (FollowerState.java:run(117)) - 742c26a8-c271-430a-a05a-c8bba3fa6d96@group-5FF82F29B6C0-FollowerState was interrupted: java.lang.InterruptedException: sleep interrupted
2019-10-15 03:22:04,357 [grpc-default-executor-5] INFO  impl.RoleInfo (RoleInfo.java:updateAndGet(143)) - 742c26a8-c271-430a-a05a-c8bba3fa6d96: start FollowerState
2019-10-15 03:22:04,357 [Thread-10941] INFO  impl.FollowerState (FollowerState.java:run(117)) - a910346c-1ee2-4cdc-a6d8-644a3a4f0b7f@group-5FF82F29B6C0-FollowerState was interrupted: java.lang.InterruptedException: sleep interrupted
2019-10-15 03:22:04,357 [grpc-default-executor-8] INFO  impl.RoleInfo (RoleInfo.java:updateAndGet(143)) - a910346c-1ee2-4cdc-a6d8-644a3a4f0b7f: start FollowerState
2019-10-15 03:22:04,383 [4c6a16c4-95d2-4ef7-9fc0-4f57ccbd9967@group-5FF82F29B6C0-LeaderElection1331] INFO  impl.LeaderElection (LeaderElection.java:logAndReturn(56)) - 4c6a16c4-95d2-4ef7-9fc0-4f57ccbd9967@group-5FF82F29B6C0-LeaderElection1331: Election REJECTED; received 2 response(s) [4c6a16c4-95d2-4ef7-9fc0-4f57ccbd9967<-742c26a8-c271-430a-a05a-c8bba3fa6d96#0:FAIL-t1383, 4c6a16c4-95d2-4ef7-9fc0-4f57ccbd9967<-a910346c-1ee2-4cdc-a6d8-644a3a4f0b7f#0:FAIL-t1383] and 0 exception(s); 4c6a16c4-95d2-4ef7-9fc0-4f57ccbd9967@group-5FF82F29B6C0:t1383, leader=null, voted=4c6a16c4-95d2-4ef7-9fc0-4f57ccbd9967, raftlog=4c6a16c4-95d2-4ef7-9fc0-4f57ccbd9967@group-5FF82F29B6C0-SegmentedRaftLog:OPENED:c-1,f-1,i0, conf=-1: [4c6a16c4-95d2-4ef7-9fc0-4f57ccbd9967:192.168.5.131:39112, 742c26a8-c271-430a-a05a-c8bba3fa6d96:192.168.5.131:42235, a910346c-1ee2-4cdc-a6d8-644a3a4f0b7f:192.168.5.131:38193], old=null
2019-10-15 03:22:04,383 [4c6a16c4-95d2-4ef7-9fc0-4f57ccbd9967@group-5FF82F29B6C0-LeaderElection1331] INFO  impl.RaftServerImpl (RaftServerImpl.java:setRole(184)) - 4c6a16c4-95d2-4ef7-9fc0-4f57ccbd9967@group-5FF82F29B6C0: changes role from CANDIDATE to FOLLOWER at term 1383 for DISCOVERED_A_NEW_TERM
2019-10-15 03:22:04,383 [4c6a16c4-95d2-4ef7-9fc0-4f57ccbd9967@group-5FF82F29B6C0-LeaderElection1331] INFO  impl.RoleInfo (RoleInfo.java:shutdownLeaderElection(134)) - 4c6a16c4-95d2-4ef7-9fc0-4f57ccbd9967: shutdown LeaderElection
2019-10-15 03:22:04,383 [4c6a16c4-95d2-4ef7-9fc0-4f57ccbd9967@group-5FF82F29B6C0-LeaderElection1331] INFO  impl.RoleInfo (RoleInfo.java:updateAndGet(143)) - 4c6a16c4-95d2-4ef7-9fc0-4f57ccbd9967: start FollowerState
2019-10-15 03:22:04,401 [Thread-10948] INFO  impl.FollowerState (FollowerState.java:run(108)) - 4c6a16c4-95d2-4ef7-9fc0-4f57ccbd9967@group-5FF82F29B6C0-FollowerState: change to CANDIDATE, lastRpcTime:18ms, electionTimeout:18ms
2019-10-15 03:22:04,401 [Thread-10948] INFO  impl.RoleInfo (RoleInfo.java:shutdownFollowerState(121)) - 4c6a16c4-95d2-4ef7-9fc0-4f57ccbd9967: shutdown FollowerState
2019-10-15 03:22:04,401 [Thread-10948] INFO  impl.RaftServerImpl (RaftServerImpl.java:setRole(184)) - 4c6a16c4-95d2-4ef7-9fc0-4f57ccbd9967@group-5FF82F29B6C0: changes role from  FOLLOWER to CANDIDATE at term 1383 for changeToCandidate
2019-10-15 03:22:04,402 [Thread-10948] ERROR ratis.XceiverServerRatis (XceiverServerRatis.java:triggerPipelineClose(582)) - pipeline Action CLOSE  on pipeline PipelineID=e4bf9835-e697-42f6-b211-5ff82f29b6c0.Reason : 4c6a16c4-95d2-4ef7-9fc0-4f57ccbd9967 is in candidate state for 179301ms
2019-10-15 03:22:04,402 [Thread-10948] INFO  impl.RoleInfo (RoleInfo.java:updateAndGet(143)) - 4c6a16c4-95d2-4ef7-9fc0-4f57ccbd9967: start LeaderElection
2019-10-15 03:22:04,414 [4c6a16c4-95d2-4ef7-9fc0-4f57ccbd9967@group-5FF82F29B6C0-LeaderElection1332] INFO  impl.LeaderElection (LeaderElection.java:askForVotes(178)) - 4c6a16c4-95d2-4ef7-9fc0-4f57ccbd9967@group-5FF82F29B6C0-LeaderElection1332: begin an election at term 1384 for -1: [4c6a16c4-95d2-4ef7-9fc0-4f57ccbd9967:192.168.5.131:39112, 742c26a8-c271-430a-a05a-c8bba3fa6d96:192.168.5.131:42235, a910346c-1ee2-4cdc-a6d8-644a3a4f0b7f:192.168.5.131:38193], old=null
2019-10-15 03:22:04,414 [grpc-default-executor-5] INFO  impl.RaftServerImpl (RaftServerImpl.java:setRole(184)) - 742c26a8-c271-430a-a05a-c8bba3fa6d96@group-5FF82F29B6C0: changes role from  FOLLOWER to FOLLOWER at term 1384 for recognizeCandidate:4c6a16c4-95d2-4ef7-9fc0-4f57ccbd9967
2019-10-15 03:22:04,415 [grpc-default-executor-5] INFO  impl.RoleInfo (RoleInfo.java:shutdownFollowerState(121)) - 742c26a8-c271-430a-a05a-c8bba3fa6d96: shutdown FollowerState
2019-10-15 03:22:04,415 [grpc-default-executor-8] INFO  impl.RaftServerImpl (RaftServerImpl.java:setRole(184)) - a910346c-1ee2-4cdc-a6d8-644a3a4f0b7f@group-5FF82F29B6C0: changes role from  FOLLOWER to FOLLOWER at term 1384 for recognizeCandidate:4c6a16c4-95d2-4ef7-9fc0-4f57ccbd9967
2019-10-15 03:22:04,415 [Thread-10946] INFO  impl.FollowerState (FollowerState.java:run(117)) - 742c26a8-c271-430a-a05a-c8bba3fa6d96@group-5FF82F29B6C0-FollowerState was interrupted: java.lang.InterruptedException: sleep interrupted
2019-10-15 03:22:04,415 [grpc-default-executor-5] INFO  impl.RoleInfo (RoleInfo.java:updateAndGet(143)) - 742c26a8-c271-430a-a05a-c8bba3fa6d96: start FollowerState
2019-10-15 03:22:04,415 [grpc-default-executor-8] INFO  impl.RoleInfo (RoleInfo.java:shutdownFollowerState(121)) - a910346c-1ee2-4cdc-a6d8-644a3a4f0b7f: shutdown FollowerState
2019-10-15 03:22:04,415 [grpc-default-executor-8] INFO  impl.RoleInfo (RoleInfo.java:updateAndGet(143)) - a910346c-1ee2-4cdc-a6d8-644a3a4f0b7f: start FollowerState
2019-10-15 03:22:04,415 [Thread-10947] INFO  impl.FollowerState (FollowerState.java:run(117)) - a910346c-1ee2-4cdc-a6d8-644a3a4f0b7f@group-5FF82F29B6C0-FollowerState was interrupted: java.lang.InterruptedException: sleep interrupted
2019-10-15 03:22:04,440 [4c6a16c4-95d2-4ef7-9fc0-4f57ccbd9967@group-5FF82F29B6C0-LeaderElection1332] INFO  impl.LeaderElection (LeaderElection.java:logAndReturn(56)) - 4c6a16c4-95d2-4ef7-9fc0-4f57ccbd9967@group-5FF82F29B6C0-LeaderElection1332: Election REJECTED; received 2 response(s) [4c6a16c4-95d2-4ef7-9fc0-4f57ccbd9967<-742c26a8-c271-430a-a05a-c8bba3fa6d96#0:FAIL-t1384, 4c6a16c4-95d2-4ef7-9fc0-4f57ccbd9967<-a910346c-1ee2-4cdc-a6d8-644a3a4f0b7f#0:FAIL-t1384] and 0 exception(s); 4c6a16c4-95d2-4ef7-9fc0-4f57ccbd9967@group-5FF82F29B6C0:t1384, leader=null, voted=4c6a16c4-95d2-4ef7-9fc0-4f57ccbd9967, raftlog=4c6a16c4-95d2-4ef7-9fc0-4f57ccbd9967@group-5FF82F29B6C0-SegmentedRaftLog:OPENED:c-1,f-1,i0, conf=-1: [4c6a16c4-95d2-4ef7-9fc0-4f57ccbd9967:192.168.5.131:39112, 742c26a8-c271-430a-a05a-c8bba3fa6d96:192.168.5.131:42235, a910346c-1ee2-4cdc-a6d8-644a3a4f0b7f:192.168.5.131:38193], old=null
2019-10-15 03:22:04,440 [4c6a16c4-95d2-4ef7-9fc0-4f57ccbd9967@group-5FF82F29B6C0-LeaderElection1332] INFO  impl.RaftServerImpl (RaftServerImpl.java:setRole(184)) - 4c6a16c4-95d2-4ef7-9fc0-4f57ccbd9967@group-5FF82F29B6C0: changes role from CANDIDATE to FOLLOWER at term 1384 for DISCOVERED_A_NEW_TERM
2019-10-15 03:22:04,440 [4c6a16c4-95d2-4ef7-9fc0-4f57ccbd9967@group-5FF82F29B6C0-LeaderElection1332] INFO  impl.RoleInfo (RoleInfo.java:shutdownLeaderElection(134)) - 4c6a16c4-95d2-4ef7-9fc0-4f57ccbd9967: shutdown LeaderElection
2019-10-15 03:22:04,440 [4c6a16c4-95d2-4ef7-9fc0-4f57ccbd9967@group-5FF82F29B6C0-LeaderElection1332] INFO  impl.RoleInfo (RoleInfo.java:updateAndGet(143)) - 4c6a16c4-95d2-4ef7-9fc0-4f57ccbd9967: start FollowerState
2019-10-15 03:22:04,490 [Thread-10954] INFO  impl.FollowerState (FollowerState.java:run(108)) - 4c6a16c4-95d2-4ef7-9fc0-4f57ccbd9967@group-5FF82F29B6C0-FollowerState: change to CANDIDATE, lastRpcTime:50ms, electionTimeout:50ms
2019-10-15 03:22:04,490 [Thread-10954] INFO  impl.RoleInfo (RoleInfo.java:shutdownFollowerState(121)) - 4c6a16c4-95d2-4ef7-9fc0-4f57ccbd9967: shutdown FollowerState
2019-10-15 03:22:04,490 [Thread-10954] INFO  impl.RaftServerImpl (RaftServerImpl.java:setRole(184)) - 4c6a16c4-95d2-4ef7-9fc0-4f57ccbd9967@group-5FF82F29B6C0: changes role from  FOLLOWER to CANDIDATE at term 1384 for changeToCandidate
2019-10-15 03:22:04,490 [Thread-10954] ERROR ratis.XceiverServerRatis (XceiverServerRatis.java:triggerPipelineClose(582)) - pipeline Action CLOSE  on pipeline PipelineID=e4bf9835-e697-42f6-b211-5ff82f29b6c0.Reason : 4c6a16c4-95d2-4ef7-9fc0-4f57ccbd9967 is in candidate state for 179390ms
2019-10-15 03:22:04,491 [Thread-10954] INFO  impl.RoleInfo (RoleInfo.java:updateAndGet(143)) - 4c6a16c4-95d2-4ef7-9fc0-4f57ccbd9967: start LeaderElection
2019-10-15 03:22:04,495 [4c6a16c4-95d2-4ef7-9fc0-4f57ccbd9967@group-5FF82F29B6C0-LeaderElection1333] INFO  impl.LeaderElection (LeaderElection.java:askForVotes(178)) - 4c6a16c4-95d2-4ef7-9fc0-4f57ccbd9967@group-5FF82F29B6C0-LeaderElection1333: begin an election at term 1385 for -1: [4c6a16c4-95d2-4ef7-9fc0-4f57ccbd9967:192.168.5.131:39112, 742c26a8-c271-430a-a05a-c8bba3fa6d96:192.168.5.131:42235, a910346c-1ee2-4cdc-a6d8-644a3a4f0b7f:192.168.5.131:38193], old=null
2019-10-15 03:22:04,496 [grpc-default-executor-8] INFO  impl.RaftServerImpl (RaftServerImpl.java:setRole(184)) - 742c26a8-c271-430a-a05a-c8bba3fa6d96@group-5FF82F29B6C0: changes role from  FOLLOWER to FOLLOWER at term 1385 for recognizeCandidate:4c6a16c4-95d2-4ef7-9fc0-4f57ccbd9967
2019-10-15 03:22:04,496 [grpc-default-executor-8] INFO  impl.RoleInfo (RoleInfo.java:shutdownFollowerState(121)) - 742c26a8-c271-430a-a05a-c8bba3fa6d96: shutdown FollowerState
2019-10-15 03:22:04,496 [grpc-default-executor-5] INFO  impl.RaftServerImpl (RaftServerImpl.java:setRole(184)) - a910346c-1ee2-4cdc-a6d8-644a3a4f0b7f@group-5FF82F29B6C0: changes role from  FOLLOWER to FOLLOWER at term 1385 for recognizeCandidate:4c6a16c4-95d2-4ef7-9fc0-4f57ccbd9967
2019-10-15 03:22:04,496 [Thread-10952] INFO  impl.FollowerState (FollowerState.java:run(117)) - 742c26a8-c271-430a-a05a-c8bba3fa6d96@group-5FF82F29B6C0-FollowerState was interrupted: java.lang.InterruptedException: sleep interrupted
2019-10-15 03:22:04,496 [grpc-default-executor-8] INFO  impl.RoleInfo (RoleInfo.java:updateAndGet(143)) - 742c26a8-c271-430a-a05a-c8bba3fa6d96: start FollowerState
2019-10-15 03:22:04,496 [grpc-default-executor-5] INFO  impl.RoleInfo (RoleInfo.java:shutdownFollowerState(121)) - a910346c-1ee2-4cdc-a6d8-644a3a4f0b7f: shutdown FollowerState
2019-10-15 03:22:04,496 [grpc-default-executor-5] INFO  impl.RoleInfo (RoleInfo.java:updateAndGet(143)) - a910346c-1ee2-4cdc-a6d8-644a3a4f0b7f: start FollowerState
2019-10-15 03:22:04,496 [Thread-10953] INFO  impl.FollowerState (FollowerState.java:run(117)) - a910346c-1ee2-4cdc-a6d8-644a3a4f0b7f@group-5FF82F29B6C0-FollowerState was interrupted: java.lang.InterruptedException: sleep interrupted
2019-10-15 03:22:04,517 [4c6a16c4-95d2-4ef7-9fc0-4f57ccbd9967@group-5FF82F29B6C0-LeaderElection1333] INFO  impl.LeaderElection (LeaderElection.java:logAndReturn(56)) - 4c6a16c4-95d2-4ef7-9fc0-4f57ccbd9967@group-5FF82F29B6C0-LeaderElection1333: Election REJECTED; received 2 response(s) [4c6a16c4-95d2-4ef7-9fc0-4f57ccbd9967<-742c26a8-c271-430a-a05a-c8bba3fa6d96#0:FAIL-t1385, 4c6a16c4-95d2-4ef7-9fc0-4f57ccbd9967<-a910346c-1ee2-4cdc-a6d8-644a3a4f0b7f#0:FAIL-t1385] and 0 exception(s); 4c6a16c4-95d2-4ef7-9fc0-4f57ccbd9967@group-5FF82F29B6C0:t1385, leader=null, voted=4c6a16c4-95d2-4ef7-9fc0-4f57ccbd9967, raftlog=4c6a16c4-95d2-4ef7-9fc0-4f57ccbd9967@group-5FF82F29B6C0-SegmentedRaftLog:OPENED:c-1,f-1,i0, conf=-1: [4c6a16c4-95d2-4ef7-9fc0-4f57ccbd9967:192.168.5.131:39112, 742c26a8-c271-430a-a05a-c8bba3fa6d96:192.168.5.131:42235, a910346c-1ee2-4cdc-a6d8-644a3a4f0b7f:192.168.5.131:38193], old=null
2019-10-15 03:22:04,518 [4c6a16c4-95d2-4ef7-9fc0-4f57ccbd9967@group-5FF82F29B6C0-LeaderElection1333] INFO  impl.RaftServerImpl (RaftServerImpl.java:setRole(184)) - 4c6a16c4-95d2-4ef7-9fc0-4f57ccbd9967@group-5FF82F29B6C0: changes role from CANDIDATE to FOLLOWER at term 1385 for DISCOVERED_A_NEW_TERM
2019-10-15 03:22:04,518 [4c6a16c4-95d2-4ef7-9fc0-4f57ccbd9967@group-5FF82F29B6C0-LeaderElection1333] INFO  impl.RoleInfo (RoleInfo.java:shutdownLeaderElection(134)) - 4c6a16c4-95d2-4ef7-9fc0-4f57ccbd9967: shutdown LeaderElection
2019-10-15 03:22:04,518 [4c6a16c4-95d2-4ef7-9fc0-4f57ccbd9967@group-5FF82F29B6C0-LeaderElection1333] INFO  impl.RoleInfo (RoleInfo.java:updateAndGet(143)) - 4c6a16c4-95d2-4ef7-9fc0-4f57ccbd9967: start FollowerState
2019-10-15 03:22:04,562 [Thread-10960] INFO  impl.FollowerState (FollowerState.java:run(108)) - 4c6a16c4-95d2-4ef7-9fc0-4f57ccbd9967@group-5FF82F29B6C0-FollowerState: change to CANDIDATE, lastRpcTime:44ms, electionTimeout:44ms
2019-10-15 03:22:04,562 [Thread-10960] INFO  impl.RoleInfo (RoleInfo.java:shutdownFollowerState(121)) - 4c6a16c4-95d2-4ef7-9fc0-4f57ccbd9967: shutdown FollowerState
2019-10-15 03:22:04,562 [Thread-10960] INFO  impl.RaftServerImpl (RaftServerImpl.java:setRole(184)) - 4c6a16c4-95d2-4ef7-9fc0-4f57ccbd9967@group-5FF82F29B6C0: changes role from  FOLLOWER to CANDIDATE at term 1385 for changeToCandidate
2019-10-15 03:22:04,562 [Thread-10960] ERROR ratis.XceiverServerRatis (XceiverServerRatis.java:triggerPipelineClose(582)) - pipeline Action CLOSE  on pipeline PipelineID=e4bf9835-e697-42f6-b211-5ff82f29b6c0.Reason : 4c6a16c4-95d2-4ef7-9fc0-4f57ccbd9967 is in candidate state for 179462ms
2019-10-15 03:22:04,562 [Thread-10960] INFO  impl.RoleInfo (RoleInfo.java:updateAndGet(143)) - 4c6a16c4-95d2-4ef7-9fc0-4f57ccbd9967: start LeaderElection
2019-10-15 03:22:04,577 [4c6a16c4-95d2-4ef7-9fc0-4f57ccbd9967@group-5FF82F29B6C0-LeaderElection1334] INFO  impl.LeaderElection (LeaderElection.java:askForVotes(178)) - 4c6a16c4-95d2-4ef7-9fc0-4f57ccbd9967@group-5FF82F29B6C0-LeaderElection1334: begin an election at term 1386 for -1: [4c6a16c4-95d2-4ef7-9fc0-4f57ccbd9967:192.168.5.131:39112, 742c26a8-c271-430a-a05a-c8bba3fa6d96:192.168.5.131:42235, a910346c-1ee2-4cdc-a6d8-644a3a4f0b7f:192.168.5.131:38193], old=null
2019-10-15 03:22:04,578 [grpc-default-executor-5] INFO  impl.RaftServerImpl (RaftServerImpl.java:setRole(184)) - 742c26a8-c271-430a-a05a-c8bba3fa6d96@group-5FF82F29B6C0: changes role from  FOLLOWER to FOLLOWER at term 1386 for recognizeCandidate:4c6a16c4-95d2-4ef7-9fc0-4f57ccbd9967
2019-10-15 03:22:04,578 [grpc-default-executor-5] INFO  impl.RoleInfo (RoleInfo.java:shutdownFollowerState(121)) - 742c26a8-c271-430a-a05a-c8bba3fa6d96: shutdown FollowerState
2019-10-15 03:22:04,578 [grpc-default-executor-8] INFO  impl.RaftServerImpl (RaftServerImpl.java:setRole(184)) - a910346c-1ee2-4cdc-a6d8-644a3a4f0b7f@group-5FF82F29B6C0: changes role from  FOLLOWER to FOLLOWER at term 1386 for recognizeCandidate:4c6a16c4-95d2-4ef7-9fc0-4f57ccbd9967
2019-10-15 03:22:04,578 [Thread-10958] INFO  impl.FollowerState (FollowerState.java:run(117)) - 742c26a8-c271-430a-a05a-c8bba3fa6d96@group-5FF82F29B6C0-FollowerState was interrupted: java.lang.InterruptedException: sleep interrupted
2019-10-15 03:22:04,578 [grpc-default-executor-5] INFO  impl.RoleInfo (RoleInfo.java:updateAndGet(143)) - 742c26a8-c271-430a-a05a-c8bba3fa6d96: start FollowerState
2019-10-15 03:22:04,578 [grpc-default-executor-8] INFO  impl.RoleInfo (RoleInfo.java:shutdownFollowerState(121)) - a910346c-1ee2-4cdc-a6d8-644a3a4f0b7f: shutdown FollowerState
2019-10-15 03:22:04,579 [grpc-default-executor-8] INFO  impl.RoleInfo (RoleInfo.java:updateAndGet(143)) - a910346c-1ee2-4cdc-a6d8-644a3a4f0b7f: start FollowerState
2019-10-15 03:22:04,579 [Thread-10959] INFO  impl.FollowerState (FollowerState.java:run(117)) - a910346c-1ee2-4cdc-a6d8-644a3a4f0b7f@group-5FF82F29B6C0-FollowerState was interrupted: java.lang.InterruptedException: sleep interrupted
2019-10-15 03:22:04,593 [4c6a16c4-95d2-4ef7-9fc0-4f57ccbd9967@group-5FF82F29B6C0-LeaderElection1334] INFO  impl.LeaderElection (LeaderElection.java:logAndReturn(56)) - 4c6a16c4-95d2-4ef7-9fc0-4f57ccbd9967@group-5FF82F29B6C0-LeaderElection1334: Election REJECTED; received 2 response(s) [4c6a16c4-95d2-4ef7-9fc0-4f57ccbd9967<-742c26a8-c271-430a-a05a-c8bba3fa6d96#0:FAIL-t1386, 4c6a16c4-95d2-4ef7-9fc0-4f57ccbd9967<-a910346c-1ee2-4cdc-a6d8-644a3a4f0b7f#0:FAIL-t1386] and 0 exception(s); 4c6a16c4-95d2-4ef7-9fc0-4f57ccbd9967@group-5FF82F29B6C0:t1386, leader=null, voted=4c6a16c4-95d2-4ef7-9fc0-4f57ccbd9967, raftlog=4c6a16c4-95d2-4ef7-9fc0-4f57ccbd9967@group-5FF82F29B6C0-SegmentedRaftLog:OPENED:c-1,f-1,i0, conf=-1: [4c6a16c4-95d2-4ef7-9fc0-4f57ccbd9967:192.168.5.131:39112, 742c26a8-c271-430a-a05a-c8bba3fa6d96:192.168.5.131:42235, a910346c-1ee2-4cdc-a6d8-644a3a4f0b7f:192.168.5.131:38193], old=null
2019-10-15 03:22:04,593 [4c6a16c4-95d2-4ef7-9fc0-4f57ccbd9967@group-5FF82F29B6C0-LeaderElection1334] INFO  impl.RaftServerImpl (RaftServerImpl.java:setRole(184)) - 4c6a16c4-95d2-4ef7-9fc0-4f57ccbd9967@group-5FF82F29B6C0: changes role from CANDIDATE to FOLLOWER at term 1386 for DISCOVERED_A_NEW_TERM
2019-10-15 03:22:04,593 [4c6a16c4-95d2-4ef7-9fc0-4f57ccbd9967@group-5FF82F29B6C0-LeaderElection1334] INFO  impl.RoleInfo (RoleInfo.java:shutdownLeaderElection(134)) - 4c6a16c4-95d2-4ef7-9fc0-4f57ccbd9967: shutdown LeaderElection
2019-10-15 03:22:04,593 [4c6a16c4-95d2-4ef7-9fc0-4f57ccbd9967@group-5FF82F29B6C0-LeaderElection1334] INFO  impl.RoleInfo (RoleInfo.java:updateAndGet(143)) - 4c6a16c4-95d2-4ef7-9fc0-4f57ccbd9967: start FollowerState
]]></system-out>
    <system-err><![CDATA[Oct 15, 2019 3:21:58 AM org.apache.ratis.thirdparty.io.grpc.internal.SerializingExecutor run
SEVERE: Exception while executing runnable org.apache.ratis.thirdparty.io.grpc.internal.ServerImpl$JumpToApplicationThreadServerStreamListener$1Closed@5e92db26
org.apache.ratis.thirdparty.io.grpc.StatusRuntimeException: CANCELLED: call already cancelled
	at org.apache.ratis.thirdparty.io.grpc.Status.asRuntimeException(Status.java:517)
	at org.apache.ratis.thirdparty.io.grpc.stub.ServerCalls$ServerCallStreamObserverImpl.onCompleted(ServerCalls.java:356)
	at org.apache.ratis.grpc.server.GrpcServerProtocolService$ServerRequestStreamObserver.onError(GrpcServerProtocolService.java:121)
	at org.apache.ratis.thirdparty.io.grpc.stub.ServerCalls$StreamingServerCallHandler$StreamingServerCallListener.onCancel(ServerCalls.java:269)
	at org.apache.ratis.thirdparty.io.grpc.internal.ServerCallImpl$ServerStreamListenerImpl.closed(ServerCallImpl.java:293)
	at org.apache.ratis.thirdparty.io.grpc.internal.ServerImpl$JumpToApplicationThreadServerStreamListener$1Closed.runInContext(ServerImpl.java:741)
	at org.apache.ratis.thirdparty.io.grpc.internal.ContextRunnable.run(ContextRunnable.java:37)
	at org.apache.ratis.thirdparty.io.grpc.internal.SerializingExecutor.run(SerializingExecutor.java:123)
	at java.util.concurrent.ThreadPoolExecutor.runWorker(ThreadPoolExecutor.java:1149)
	at java.util.concurrent.ThreadPoolExecutor$Worker.run(ThreadPoolExecutor.java:624)
	at java.lang.Thread.run(Thread.java:748)

Oct 15, 2019 3:21:58 AM org.apache.ratis.thirdparty.io.grpc.internal.SerializingExecutor run
SEVERE: Exception while executing runnable org.apache.ratis.thirdparty.io.grpc.internal.ClientCallImpl$ClientStreamListenerImpl$1StreamClosed@3d1aa5c
java.lang.NullPointerException
	at org.apache.ratis.grpc.server.GrpcLogAppender$AppendLogResponseHandler.onError(GrpcLogAppender.java:303)
	at org.apache.ratis.thirdparty.io.grpc.stub.ClientCalls$StreamObserverToCallListenerAdapter.onClose(ClientCalls.java:434)
	at org.apache.ratis.thirdparty.io.grpc.PartialForwardingClientCallListener.onClose(PartialForwardingClientCallListener.java:39)
	at org.apache.ratis.thirdparty.io.grpc.ForwardingClientCallListener.onClose(ForwardingClientCallListener.java:23)
	at org.apache.ratis.thirdparty.io.grpc.ForwardingClientCallListener$SimpleForwardingClientCallListener.onClose(ForwardingClientCallListener.java:40)
	at org.apache.ratis.thirdparty.io.grpc.internal.CensusStatsModule$StatsClientInterceptor$1$1.onClose(CensusStatsModule.java:678)
	at org.apache.ratis.thirdparty.io.grpc.PartialForwardingClientCallListener.onClose(PartialForwardingClientCallListener.java:39)
	at org.apache.ratis.thirdparty.io.grpc.ForwardingClientCallListener.onClose(ForwardingClientCallListener.java:23)
	at org.apache.ratis.thirdparty.io.grpc.ForwardingClientCallListener$SimpleForwardingClientCallListener.onClose(ForwardingClientCallListener.java:40)
	at org.apache.ratis.thirdparty.io.grpc.internal.CensusTracingModule$TracingClientInterceptor$1$1.onClose(CensusTracingModule.java:397)
	at org.apache.ratis.thirdparty.io.grpc.internal.ClientCallImpl.closeObserver(ClientCallImpl.java:459)
	at org.apache.ratis.thirdparty.io.grpc.internal.ClientCallImpl.access$300(ClientCallImpl.java:63)
	at org.apache.ratis.thirdparty.io.grpc.internal.ClientCallImpl$ClientStreamListenerImpl.close(ClientCallImpl.java:546)
	at org.apache.ratis.thirdparty.io.grpc.internal.ClientCallImpl$ClientStreamListenerImpl.access$600(ClientCallImpl.java:467)
	at org.apache.ratis.thirdparty.io.grpc.internal.ClientCallImpl$ClientStreamListenerImpl$1StreamClosed.runInContext(ClientCallImpl.java:584)
	at org.apache.ratis.thirdparty.io.grpc.internal.ContextRunnable.run(ContextRunnable.java:37)
	at org.apache.ratis.thirdparty.io.grpc.internal.SerializingExecutor.run(SerializingExecutor.java:123)
	at java.util.concurrent.ThreadPoolExecutor.runWorker(ThreadPoolExecutor.java:1149)
	at java.util.concurrent.ThreadPoolExecutor$Worker.run(ThreadPoolExecutor.java:624)
	at java.lang.Thread.run(Thread.java:748)

Oct 15, 2019 3:22:01 AM org.apache.ratis.thirdparty.io.grpc.internal.ManagedChannelOrphanWrapper$ManagedChannelReference cleanQueue
SEVERE: *~*~*~ Channel ManagedChannelImpl{logId=1105, target=192.168.5.131:46092} was not shutdown properly!!! ~*~*~*
    Make sure to call shutdown()/shutdownNow() and wait until awaitTermination() returns true.
java.lang.RuntimeException: ManagedChannel allocation site
	at org.apache.ratis.thirdparty.io.grpc.internal.ManagedChannelOrphanWrapper$ManagedChannelReference.<init>(ManagedChannelOrphanWrapper.java:103)
	at org.apache.ratis.thirdparty.io.grpc.internal.ManagedChannelOrphanWrapper.<init>(ManagedChannelOrphanWrapper.java:53)
	at org.apache.ratis.thirdparty.io.grpc.internal.ManagedChannelOrphanWrapper.<init>(ManagedChannelOrphanWrapper.java:44)
	at org.apache.ratis.thirdparty.io.grpc.internal.AbstractManagedChannelImplBuilder.build(AbstractManagedChannelImplBuilder.java:411)
	at org.apache.ratis.grpc.client.GrpcClientProtocolClient.<init>(GrpcClientProtocolClient.java:128)
	at org.apache.ratis.grpc.client.GrpcClientRpc.lambda$new$0(GrpcClientRpc.java:55)
	at org.apache.ratis.util.PeerProxyMap$PeerAndProxy.lambda$getProxy$0(PeerProxyMap.java:61)
	at org.apache.ratis.util.LifeCycle.startAndTransition(LifeCycle.java:202)
	at org.apache.ratis.util.PeerProxyMap$PeerAndProxy.getProxy(PeerProxyMap.java:60)
	at org.apache.ratis.util.PeerProxyMap.getProxy(PeerProxyMap.java:108)
	at org.apache.ratis.grpc.client.GrpcClientRpc.sendRequestAsync(GrpcClientRpc.java:66)
	at org.apache.ratis.client.impl.OrderedAsync.sendRequest(OrderedAsync.java:208)
	at org.apache.ratis.client.impl.OrderedAsync.sendRequestWithRetry(OrderedAsync.java:169)
	at org.apache.ratis.util.SlidingWindow$Client.sendOrDelayRequest(SlidingWindow.java:278)
	at org.apache.ratis.util.SlidingWindow$Client.retry(SlidingWindow.java:294)
	at org.apache.ratis.client.impl.OrderedAsync.lambda$scheduleWithTimeout$7(OrderedAsync.java:195)
	at org.apache.ratis.util.TimeoutScheduler.lambda$onTimeout$0(TimeoutScheduler.java:113)
	at org.apache.ratis.util.TimeoutScheduler.lambda$onTimeout$1(TimeoutScheduler.java:133)
	at org.apache.ratis.util.LogUtils.runAndLog(LogUtils.java:50)
	at org.apache.ratis.util.LogUtils$1.run(LogUtils.java:91)
	at java.util.concurrent.Executors$RunnableAdapter.call(Executors.java:511)
	at java.util.concurrent.FutureTask.run(FutureTask.java:266)
	at java.util.concurrent.ScheduledThreadPoolExecutor$ScheduledFutureTask.access$201(ScheduledThreadPoolExecutor.java:180)
	at java.util.concurrent.ScheduledThreadPoolExecutor$ScheduledFutureTask.run(ScheduledThreadPoolExecutor.java:293)
	at java.util.concurrent.ThreadPoolExecutor.runWorker(ThreadPoolExecutor.java:1149)
	at java.util.concurrent.ThreadPoolExecutor$Worker.run(ThreadPoolExecutor.java:624)
	at java.lang.Thread.run(Thread.java:748)

]]></system-err>
  </testcase>
</testsuite>