<?xml version="1.0" encoding="UTF-8"?>
<testsuite xmlns:xsi="http://www.w3.org/2001/XMLSchema-instance" xsi:noNamespaceSchemaLocation="https://maven.apache.org/surefire/maven-surefire-plugin/xsd/surefire-test-report.xsd" name="org.apache.hadoop.fs.ozone.TestOzoneFSInputStream" time="122.076" tests="2" errors="2" skipped="0" failures="0">
  <properties>
    <property name="awt.toolkit" value="sun.awt.X11.XToolkit"/>
    <property name="file.encoding.pkg" value="sun.io"/>
    <property name="java.specification.version" value="1.8"/>
    <property name="sun.cpu.isalist" value=""/>
    <property name="sun.jnu.encoding" value="UTF-8"/>
    <property name="java.class.path" value="/workdir/hadoop-ozone/ozonefs/target/test-classes:/workdir/hadoop-ozone/ozonefs/target/classes:/home/user/.m2/repository/org/apache/hadoop/hadoop-common/3.2.0/hadoop-common-3.2.0.jar:/home/user/.m2/repository/org/apache/hadoop/hadoop-annotations/3.2.0/hadoop-annotations-3.2.0.jar:/usr/lib/jvm/java-1.8-openjdk/jre/../lib/tools.jar:/home/user/.m2/repository/com/google/guava/guava/11.0.2/guava-11.0.2.jar:/home/user/.m2/repository/commons-cli/commons-cli/1.2/commons-cli-1.2.jar:/home/user/.m2/repository/org/apache/commons/commons-math3/3.1.1/commons-math3-3.1.1.jar:/home/user/.m2/repository/commons-codec/commons-codec/1.11/commons-codec-1.11.jar:/home/user/.m2/repository/commons-io/commons-io/2.5/commons-io-2.5.jar:/home/user/.m2/repository/commons-net/commons-net/3.6/commons-net-3.6.jar:/home/user/.m2/repository/commons-collections/commons-collections/3.2.2/commons-collections-3.2.2.jar:/home/user/.m2/repository/javax/servlet/javax.servlet-api/3.1.0/javax.servlet-api-3.1.0.jar:/home/user/.m2/repository/org/eclipse/jetty/jetty-server/9.3.25.v20180904/jetty-server-9.3.25.v20180904.jar:/home/user/.m2/repository/org/eclipse/jetty/jetty-http/9.3.25.v20180904/jetty-http-9.3.25.v20180904.jar:/home/user/.m2/repository/org/eclipse/jetty/jetty-io/9.3.25.v20180904/jetty-io-9.3.25.v20180904.jar:/home/user/.m2/repository/org/eclipse/jetty/jetty-util/9.3.25.v20180904/jetty-util-9.3.25.v20180904.jar:/home/user/.m2/repository/org/eclipse/jetty/jetty-servlet/9.3.25.v20180904/jetty-servlet-9.3.25.v20180904.jar:/home/user/.m2/repository/org/eclipse/jetty/jetty-security/9.3.25.v20180904/jetty-security-9.3.25.v20180904.jar:/home/user/.m2/repository/org/eclipse/jetty/jetty-webapp/9.3.25.v20180904/jetty-webapp-9.3.25.v20180904.jar:/home/user/.m2/repository/org/eclipse/jetty/jetty-xml/9.3.25.v20180904/jetty-xml-9.3.25.v20180904.jar:/home/user/.m2/repository/javax/servlet/jsp/jsp-api/2.1/jsp-api-2.1.jar:/home/user/.m2/repository/com/sun/jersey/jersey-core/1.19/jersey-core-1.19.jar:/home/user/.m2/repository/javax/ws/rs/jsr311-api/1.1.1/jsr311-api-1.1.1.jar:/home/user/.m2/repository/com/sun/jersey/jersey-servlet/1.19/jersey-servlet-1.19.jar:/home/user/.m2/repository/com/sun/jersey/jersey-json/1.19/jersey-json-1.19.jar:/home/user/.m2/repository/org/codehaus/jettison/jettison/1.1/jettison-1.1.jar:/home/user/.m2/repository/com/sun/xml/bind/jaxb-impl/2.3.0.1/jaxb-impl-2.3.0.1.jar:/home/user/.m2/repository/org/codehaus/jackson/jackson-core-asl/1.9.13/jackson-core-asl-1.9.13.jar:/home/user/.m2/repository/org/codehaus/jackson/jackson-mapper-asl/1.9.13/jackson-mapper-asl-1.9.13.jar:/home/user/.m2/repository/org/codehaus/jackson/jackson-jaxrs/1.9.13/jackson-jaxrs-1.9.13.jar:/home/user/.m2/repository/org/codehaus/jackson/jackson-xc/1.9.13/jackson-xc-1.9.13.jar:/home/user/.m2/repository/com/sun/jersey/jersey-server/1.19/jersey-server-1.19.jar:/home/user/.m2/repository/commons-logging/commons-logging/1.1.3/commons-logging-1.1.3.jar:/home/user/.m2/repository/log4j/log4j/1.2.17/log4j-1.2.17.jar:/home/user/.m2/repository/commons-beanutils/commons-beanutils/1.9.4/commons-beanutils-1.9.4.jar:/home/user/.m2/repository/org/apache/commons/commons-configuration2/2.1.1/commons-configuration2-2.1.1.jar:/home/user/.m2/repository/org/apache/commons/commons-lang3/3.7/commons-lang3-3.7.jar:/home/user/.m2/repository/org/apache/commons/commons-text/1.4/commons-text-1.4.jar:/home/user/.m2/repository/org/slf4j/slf4j-api/1.7.25/slf4j-api-1.7.25.jar:/home/user/.m2/repository/org/slf4j/slf4j-log4j12/1.7.25/slf4j-log4j12-1.7.25.jar:/home/user/.m2/repository/org/apache/avro/avro/1.7.7/avro-1.7.7.jar:/home/user/.m2/repository/com/thoughtworks/paranamer/paranamer/2.3/paranamer-2.3.jar:/home/user/.m2/repository/org/xerial/snappy/snappy-java/1.0.5/snappy-java-1.0.5.jar:/home/user/.m2/repository/com/google/re2j/re2j/1.1/re2j-1.1.jar:/home/user/.m2/repository/com/google/protobuf/protobuf-java/2.5.0/protobuf-java-2.5.0.jar:/home/user/.m2/repository/com/google/code/gson/gson/2.2.4/gson-2.2.4.jar:/home/user/.m2/repository/org/apache/hadoop/hadoop-auth/3.2.0/hadoop-auth-3.2.0.jar:/home/user/.m2/repository/com/nimbusds/nimbus-jose-jwt/4.41.1/nimbus-jose-jwt-4.41.1.jar:/home/user/.m2/repository/com/github/stephenc/jcip/jcip-annotations/1.0-1/jcip-annotations-1.0-1.jar:/home/user/.m2/repository/net/minidev/json-smart/2.3/json-smart-2.3.jar:/home/user/.m2/repository/net/minidev/accessors-smart/1.2/accessors-smart-1.2.jar:/home/user/.m2/repository/org/apache/curator/curator-framework/2.12.0/curator-framework-2.12.0.jar:/home/user/.m2/repository/com/jcraft/jsch/0.1.54/jsch-0.1.54.jar:/home/user/.m2/repository/org/apache/curator/curator-client/2.12.0/curator-client-2.12.0.jar:/home/user/.m2/repository/org/apache/curator/curator-recipes/2.12.0/curator-recipes-2.12.0.jar:/home/user/.m2/repository/com/google/code/findbugs/jsr305/3.0.0/jsr305-3.0.0.jar:/home/user/.m2/repository/org/apache/htrace/htrace-core4/4.1.0-incubating/htrace-core4-4.1.0-incubating.jar:/home/user/.m2/repository/org/apache/zookeeper/zookeeper/3.4.13/zookeeper-3.4.13.jar:/home/user/.m2/repository/jline/jline/0.9.94/jline-0.9.94.jar:/home/user/.m2/repository/org/apache/yetus/audience-annotations/0.5.0/audience-annotations-0.5.0.jar:/home/user/.m2/repository/org/apache/commons/commons-compress/1.4.1/commons-compress-1.4.1.jar:/home/user/.m2/repository/org/tukaani/xz/1.0/xz-1.0.jar:/home/user/.m2/repository/org/apache/kerby/kerb-simplekdc/1.0.1/kerb-simplekdc-1.0.1.jar:/home/user/.m2/repository/org/apache/kerby/kerb-client/1.0.1/kerb-client-1.0.1.jar:/home/user/.m2/repository/org/apache/kerby/kerby-config/1.0.1/kerby-config-1.0.1.jar:/home/user/.m2/repository/org/apache/kerby/kerb-core/1.0.1/kerb-core-1.0.1.jar:/home/user/.m2/repository/org/apache/kerby/kerby-pkix/1.0.1/kerby-pkix-1.0.1.jar:/home/user/.m2/repository/org/apache/kerby/kerby-asn1/1.0.1/kerby-asn1-1.0.1.jar:/home/user/.m2/repository/org/apache/kerby/kerby-util/1.0.1/kerby-util-1.0.1.jar:/home/user/.m2/repository/org/apache/kerby/kerb-common/1.0.1/kerb-common-1.0.1.jar:/home/user/.m2/repository/org/apache/kerby/kerb-crypto/1.0.1/kerb-crypto-1.0.1.jar:/home/user/.m2/repository/org/apache/kerby/kerb-util/1.0.1/kerb-util-1.0.1.jar:/home/user/.m2/repository/org/apache/kerby/token-provider/1.0.1/token-provider-1.0.1.jar:/home/user/.m2/repository/org/apache/kerby/kerb-admin/1.0.1/kerb-admin-1.0.1.jar:/home/user/.m2/repository/org/apache/kerby/kerb-server/1.0.1/kerb-server-1.0.1.jar:/home/user/.m2/repository/org/apache/kerby/kerb-identity/1.0.1/kerb-identity-1.0.1.jar:/home/user/.m2/repository/org/apache/kerby/kerby-xdr/1.0.1/kerby-xdr-1.0.1.jar:/home/user/.m2/repository/com/fasterxml/jackson/core/jackson-databind/2.9.9/jackson-databind-2.9.9.jar:/home/user/.m2/repository/com/fasterxml/jackson/core/jackson-annotations/2.9.9/jackson-annotations-2.9.9.jar:/home/user/.m2/repository/com/fasterxml/jackson/core/jackson-core/2.9.9/jackson-core-2.9.9.jar:/home/user/.m2/repository/org/codehaus/woodstox/stax2-api/3.1.4/stax2-api-3.1.4.jar:/home/user/.m2/repository/com/fasterxml/woodstox/woodstox-core/5.0.3/woodstox-core-5.0.3.jar:/home/user/.m2/repository/dnsjava/dnsjava/2.1.7/dnsjava-2.1.7.jar:/home/user/.m2/repository/org/apache/hadoop/hadoop-hdfs/3.2.0/hadoop-hdfs-3.2.0.jar:/home/user/.m2/repository/org/eclipse/jetty/jetty-util-ajax/9.3.25.v20180904/jetty-util-ajax-9.3.25.v20180904.jar:/home/user/.m2/repository/commons-daemon/commons-daemon/1.0.13/commons-daemon-1.0.13.jar:/home/user/.m2/repository/io/netty/netty/3.10.5.Final/netty-3.10.5.Final.jar:/home/user/.m2/repository/io/netty/netty-all/4.0.52.Final/netty-all-4.0.52.Final.jar:/home/user/.m2/repository/org/fusesource/leveldbjni/leveldbjni-all/1.8/leveldbjni-all-1.8.jar:/home/user/.m2/repository/org/apache/hadoop/hadoop-hdds-common/0.5.0-SNAPSHOT/hadoop-hdds-common-0.5.0-SNAPSHOT.jar:/home/user/.m2/repository/org/apache/hadoop/hadoop-hdds-config/0.5.0-SNAPSHOT/hadoop-hdds-config-0.5.0-SNAPSHOT.jar:/home/user/.m2/repository/javax/annotation/javax.annotation-api/1.2/javax.annotation-api-1.2.jar:/home/user/.m2/repository/org/apache/ratis/ratis-server/0.4.0/ratis-server-0.4.0.jar:/home/user/.m2/repository/org/apache/ratis/ratis-thirdparty-misc/0.2.0/ratis-thirdparty-misc-0.2.0.jar:/home/user/.m2/repository/org/apache/ratis/ratis-proto/0.4.0/ratis-proto-0.4.0.jar:/home/user/.m2/repository/org/apache/ratis/ratis-common/0.4.0/ratis-common-0.4.0.jar:/home/user/.m2/repository/org/apache/ratis/ratis-client/0.4.0/ratis-client-0.4.0.jar:/home/user/.m2/repository/org/apache/ratis/ratis-metrics/0.4.0/ratis-metrics-0.4.0.jar:/home/user/.m2/repository/com/github/joshelser/dropwizard-metrics-hadoop-metrics2-reporter/0.1.2/dropwizard-metrics-hadoop-metrics2-reporter-0.1.2.jar:/home/user/.m2/repository/io/dropwizard/metrics/metrics-jvm/3.2.5/metrics-jvm-3.2.5.jar:/home/user/.m2/repository/io/dropwizard/metrics/metrics-ganglia/3.2.5/metrics-ganglia-3.2.5.jar:/home/user/.m2/repository/info/ganglia/gmetric4j/gmetric4j/1.0.7/gmetric4j-1.0.7.jar:/home/user/.m2/repository/org/apache/ratis/ratis-netty/0.4.0/ratis-netty-0.4.0.jar:/home/user/.m2/repository/org/apache/ratis/ratis-grpc/0.4.0/ratis-grpc-0.4.0.jar:/home/user/.m2/repository/org/rocksdb/rocksdbjni/6.0.1/rocksdbjni-6.0.1.jar:/home/user/.m2/repository/org/apache/logging/log4j/log4j-api/2.11.0/log4j-api-2.11.0.jar:/home/user/.m2/repository/org/apache/logging/log4j/log4j-core/2.11.0/log4j-core-2.11.0.jar:/home/user/.m2/repository/com/lmax/disruptor/3.4.2/disruptor-3.4.2.jar:/home/user/.m2/repository/org/apache/commons/commons-pool2/2.6.0/commons-pool2-2.6.0.jar:/home/user/.m2/repository/org/bouncycastle/bcpkix-jdk15on/1.60/bcpkix-jdk15on-1.60.jar:/home/user/.m2/repository/commons-validator/commons-validator/1.6/commons-validator-1.6.jar:/home/user/.m2/repository/commons-digester/commons-digester/1.8.1/commons-digester-1.8.1.jar:/home/user/.m2/repository/io/jaegertracing/jaeger-client/0.34.0/jaeger-client-0.34.0.jar:/home/user/.m2/repository/io/jaegertracing/jaeger-thrift/0.34.0/jaeger-thrift-0.34.0.jar:/home/user/.m2/repository/org/apache/thrift/libthrift/0.12.0/libthrift-0.12.0.jar:/home/user/.m2/repository/com/squareup/okhttp3/okhttp/3.9.0/okhttp-3.9.0.jar:/home/user/.m2/repository/com/squareup/okio/okio/1.13.0/okio-1.13.0.jar:/home/user/.m2/repository/io/jaegertracing/jaeger-core/0.34.0/jaeger-core-0.34.0.jar:/home/user/.m2/repository/io/jaegertracing/jaeger-tracerresolver/0.34.0/jaeger-tracerresolver-0.34.0.jar:/home/user/.m2/repository/io/opentracing/contrib/opentracing-tracerresolver/0.1.5/opentracing-tracerresolver-0.1.5.jar:/home/user/.m2/repository/io/opentracing/opentracing-util/0.31.0/opentracing-util-0.31.0.jar:/home/user/.m2/repository/io/opentracing/opentracing-api/0.31.0/opentracing-api-0.31.0.jar:/home/user/.m2/repository/io/opentracing/opentracing-noop/0.31.0/opentracing-noop-0.31.0.jar:/home/user/.m2/repository/org/yaml/snakeyaml/1.16/snakeyaml-1.16.jar:/home/user/.m2/repository/org/apache/hadoop/hadoop-hdfs-client/3.2.0/hadoop-hdfs-client-3.2.0.jar:/home/user/.m2/repository/info/picocli/picocli/3.9.6/picocli-3.9.6.jar:/home/user/.m2/repository/org/apache/hadoop/hadoop-hdds-server-scm/0.5.0-SNAPSHOT/hadoop-hdds-server-scm-0.5.0-SNAPSHOT.jar:/home/user/.m2/repository/org/apache/hadoop/hadoop-hdds-docs/0.5.0-SNAPSHOT/hadoop-hdds-docs-0.5.0-SNAPSHOT.jar:/home/user/.m2/repository/io/dropwizard/metrics/metrics-core/3.2.4/metrics-core-3.2.4.jar:/home/user/.m2/repository/org/hamcrest/hamcrest-all/1.3/hamcrest-all-1.3.jar:/home/user/.m2/repository/org/bouncycastle/bcprov-jdk15on/1.60/bcprov-jdk15on-1.60.jar:/home/user/.m2/repository/org/apache/hadoop/hadoop-hdds-server-framework/0.5.0-SNAPSHOT/hadoop-hdds-server-framework-0.5.0-SNAPSHOT.jar:/home/user/.m2/repository/org/apache/hadoop/hadoop-ozone-ozone-manager/0.5.0-SNAPSHOT/hadoop-ozone-ozone-manager-0.5.0-SNAPSHOT.jar:/home/user/.m2/repository/org/apache/hadoop/hadoop-hdds-container-service/0.5.0-SNAPSHOT/hadoop-hdds-container-service-0.5.0-SNAPSHOT.jar:/home/user/.m2/repository/org/apache/hadoop/hadoop-hdds-client/0.5.0-SNAPSHOT/hadoop-hdds-client-0.5.0-SNAPSHOT.jar:/home/user/.m2/repository/org/apache/hadoop/hadoop-ozone-common/0.5.0-SNAPSHOT/hadoop-ozone-common-0.5.0-SNAPSHOT.jar:/home/user/.m2/repository/org/apache/hadoop/hadoop-hdds-tools/0.5.0-SNAPSHOT/hadoop-hdds-tools-0.5.0-SNAPSHOT.jar:/home/user/.m2/repository/org/xerial/sqlite-jdbc/3.25.2/sqlite-jdbc-3.25.2.jar:/home/user/.m2/repository/org/apache/httpcomponents/httpclient/4.5.2/httpclient-4.5.2.jar:/home/user/.m2/repository/org/apache/httpcomponents/httpcore/4.4.4/httpcore-4.4.4.jar:/home/user/.m2/repository/com/google/code/findbugs/findbugs/3.0.1/findbugs-3.0.1.jar:/home/user/.m2/repository/net/jcip/jcip-annotations/1.0/jcip-annotations-1.0.jar:/home/user/.m2/repository/com/google/code/findbugs/bcel-findbugs/6.0/bcel-findbugs-6.0.jar:/home/user/.m2/repository/com/google/code/findbugs/jFormatString/2.0.1/jFormatString-2.0.1.jar:/home/user/.m2/repository/dom4j/dom4j/1.6.1/dom4j-1.6.1.jar:/home/user/.m2/repository/xml-apis/xml-apis/1.0.b2/xml-apis-1.0.b2.jar:/home/user/.m2/repository/org/ow2/asm/asm-debug-all/5.0.2/asm-debug-all-5.0.2.jar:/home/user/.m2/repository/org/ow2/asm/asm-commons/5.0.2/asm-commons-5.0.2.jar:/home/user/.m2/repository/org/ow2/asm/asm-tree/5.0.2/asm-tree-5.0.2.jar:/home/user/.m2/repository/org/ow2/asm/asm/5.0.4/asm-5.0.4.jar:/home/user/.m2/repository/commons-lang/commons-lang/2.6/commons-lang-2.6.jar:/home/user/.m2/repository/com/apple/AppleJavaExtensions/1.4/AppleJavaExtensions-1.4.jar:/home/user/.m2/repository/jaxen/jaxen/1.1.6/jaxen-1.1.6.jar:/home/user/.m2/repository/org/apache/hadoop/hadoop-common/3.2.0/hadoop-common-3.2.0-tests.jar:/home/user/.m2/repository/org/apache/hadoop/hadoop-ozone-client/0.5.0-SNAPSHOT/hadoop-ozone-client-0.5.0-SNAPSHOT.jar:/home/user/.m2/repository/org/apache/hadoop/hadoop-hdfs/3.2.0/hadoop-hdfs-3.2.0-tests.jar:/workdir/hadoop-ozone/integration-test/target/test-classes:/home/user/.m2/repository/org/apache/hadoop/hadoop-ozone-s3gateway/0.5.0-SNAPSHOT/hadoop-ozone-s3gateway-0.5.0-SNAPSHOT.jar:/home/user/.m2/repository/org/jboss/weld/servlet/weld-servlet/2.4.7.Final/weld-servlet-2.4.7.Final.jar:/home/user/.m2/repository/org/glassfish/jersey/containers/jersey-container-servlet-core/2.27/jersey-container-servlet-core-2.27.jar:/home/user/.m2/repository/org/glassfish/hk2/external/javax.inject/2.5.0-b42/javax.inject-2.5.0-b42.jar:/home/user/.m2/repository/org/glassfish/jersey/core/jersey-common/2.27/jersey-common-2.27.jar:/home/user/.m2/repository/org/glassfish/hk2/osgi-resource-locator/1.0.1/osgi-resource-locator-1.0.1.jar:/home/user/.m2/repository/javax/ws/rs/javax.ws.rs-api/2.1/javax.ws.rs-api-2.1.jar:/home/user/.m2/repository/org/glassfish/jersey/ext/cdi/jersey-cdi1x/2.27/jersey-cdi1x-2.27.jar:/home/user/.m2/repository/org/glassfish/jersey/inject/jersey-hk2/2.27/jersey-hk2-2.27.jar:/home/user/.m2/repository/org/glassfish/hk2/hk2-locator/2.5.0-b42/hk2-locator-2.5.0-b42.jar:/home/user/.m2/repository/org/javassist/javassist/3.22.0-CR2/javassist-3.22.0-CR2.jar:/home/user/.m2/repository/org/glassfish/hk2/hk2-api/2.5.0/hk2-api-2.5.0.jar:/home/user/.m2/repository/org/glassfish/hk2/external/jakarta.inject/2.5.0/jakarta.inject-2.5.0.jar:/home/user/.m2/repository/org/glassfish/hk2/hk2-utils/2.5.0/hk2-utils-2.5.0.jar:/home/user/.m2/repository/jakarta/annotation/jakarta.annotation-api/1.3.4/jakarta.annotation-api-1.3.4.jar:/home/user/.m2/repository/org/glassfish/hk2/external/aopalliance-repackaged/2.5.0/aopalliance-repackaged-2.5.0.jar:/home/user/.m2/repository/com/fasterxml/jackson/dataformat/jackson-dataformat-xml/2.9.0/jackson-dataformat-xml-2.9.0.jar:/home/user/.m2/repository/com/fasterxml/jackson/module/jackson-module-jaxb-annotations/2.9.9/jackson-module-jaxb-annotations-2.9.9.jar:/home/user/.m2/repository/javax/enterprise/cdi-api/1.2/cdi-api-1.2.jar:/home/user/.m2/repository/javax/el/javax.el-api/3.0.0/javax.el-api-3.0.0.jar:/home/user/.m2/repository/javax/interceptor/javax.interceptor-api/1.2/javax.interceptor-api-1.2.jar:/home/user/.m2/repository/javax/inject/javax.inject/1/javax.inject-1.jar:/home/user/.m2/repository/com/sun/xml/bind/jaxb-core/2.3.0.1/jaxb-core-2.3.0.1.jar:/home/user/.m2/repository/javax/xml/bind/jaxb-api/2.3.0/jaxb-api-2.3.0.jar:/home/user/.m2/repository/javax/activation/activation/1.1.1/activation-1.1.1.jar:/home/user/.m2/repository/org/apache/hadoop/hadoop-ozone-csi/0.5.0-SNAPSHOT/hadoop-ozone-csi-0.5.0-SNAPSHOT.jar:/home/user/.m2/repository/com/google/protobuf/protobuf-java-util/3.5.1/protobuf-java-util-3.5.1.jar:/home/user/.m2/repository/io/grpc/grpc-netty/1.17.1/grpc-netty-1.17.1.jar:/home/user/.m2/repository/io/grpc/grpc-core/1.17.1/grpc-core-1.17.1.jar:/home/user/.m2/repository/io/grpc/grpc-context/1.17.1/grpc-context-1.17.1.jar:/home/user/.m2/repository/com/google/errorprone/error_prone_annotations/2.2.0/error_prone_annotations-2.2.0.jar:/home/user/.m2/repository/org/codehaus/mojo/animal-sniffer-annotations/1.17/animal-sniffer-annotations-1.17.jar:/home/user/.m2/repository/io/opencensus/opencensus-api/0.17.0/opencensus-api-0.17.0.jar:/home/user/.m2/repository/io/opencensus/opencensus-contrib-grpc-metrics/0.17.0/opencensus-contrib-grpc-metrics-0.17.0.jar:/home/user/.m2/repository/io/netty/netty-codec-http2/4.1.30.Final/netty-codec-http2-4.1.30.Final.jar:/home/user/.m2/repository/io/netty/netty-codec-http/4.1.30.Final/netty-codec-http-4.1.30.Final.jar:/home/user/.m2/repository/io/netty/netty-codec/4.1.30.Final/netty-codec-4.1.30.Final.jar:/home/user/.m2/repository/io/netty/netty-handler/4.1.30.Final/netty-handler-4.1.30.Final.jar:/home/user/.m2/repository/io/netty/netty-handler-proxy/4.1.30.Final/netty-handler-proxy-4.1.30.Final.jar:/home/user/.m2/repository/io/netty/netty-codec-socks/4.1.30.Final/netty-codec-socks-4.1.30.Final.jar:/home/user/.m2/repository/io/netty/netty-transport-native-epoll/4.1.30.Final/netty-transport-native-epoll-4.1.30.Final.jar:/home/user/.m2/repository/io/netty/netty-common/4.1.30.Final/netty-common-4.1.30.Final.jar:/home/user/.m2/repository/io/netty/netty-buffer/4.1.30.Final/netty-buffer-4.1.30.Final.jar:/home/user/.m2/repository/io/netty/netty-transport/4.1.30.Final/netty-transport-4.1.30.Final.jar:/home/user/.m2/repository/io/netty/netty-resolver/4.1.30.Final/netty-resolver-4.1.30.Final.jar:/home/user/.m2/repository/io/netty/netty-transport-native-unix-common/4.1.30.Final/netty-transport-native-unix-common-4.1.30.Final.jar:/home/user/.m2/repository/io/grpc/grpc-protobuf/1.17.1/grpc-protobuf-1.17.1.jar:/home/user/.m2/repository/com/google/api/grpc/proto-google-common-protos/1.0.0/proto-google-common-protos-1.0.0.jar:/home/user/.m2/repository/io/grpc/grpc-protobuf-lite/1.17.1/grpc-protobuf-lite-1.17.1.jar:/home/user/.m2/repository/io/grpc/grpc-stub/1.17.1/grpc-stub-1.17.1.jar:/home/user/.m2/repository/org/apache/hadoop/hadoop-ozone-recon/0.5.0-SNAPSHOT/hadoop-ozone-recon-0.5.0-SNAPSHOT.jar:/home/user/.m2/repository/org/apache/hadoop/hadoop-ozone-reconcodegen/0.5.0-SNAPSHOT/hadoop-ozone-reconcodegen-0.5.0-SNAPSHOT.jar:/home/user/.m2/repository/com/google/inject/extensions/guice-multibindings/4.0/guice-multibindings-4.0.jar:/home/user/.m2/repository/com/google/inject/guice/4.0/guice-4.0.jar:/home/user/.m2/repository/aopalliance/aopalliance/1.0/aopalliance-1.0.jar:/home/user/.m2/repository/org/glassfish/jersey/containers/jersey-container-servlet/2.27/jersey-container-servlet-2.27.jar:/home/user/.m2/repository/org/glassfish/hk2/guice-bridge/2.5.0/guice-bridge-2.5.0.jar:/home/user/.m2/repository/org/glassfish/jersey/core/jersey-server/2.27/jersey-server-2.27.jar:/home/user/.m2/repository/org/glassfish/jersey/core/jersey-client/2.27/jersey-client-2.27.jar:/home/user/.m2/repository/org/glassfish/jersey/media/jersey-media-jaxb/2.27/jersey-media-jaxb-2.27.jar:/home/user/.m2/repository/javax/validation/validation-api/1.1.0.Final/validation-api-1.1.0.Final.jar:/home/user/.m2/repository/org/glassfish/jersey/media/jersey-media-json-jackson/2.27/jersey-media-json-jackson-2.27.jar:/home/user/.m2/repository/org/glassfish/jersey/ext/jersey-entity-filtering/2.27/jersey-entity-filtering-2.27.jar:/home/user/.m2/repository/com/google/inject/extensions/guice-assistedinject/4.0/guice-assistedinject-4.0.jar:/home/user/.m2/repository/org/jooq/jooq/3.11.10/jooq-3.11.10.jar:/home/user/.m2/repository/org/jooq/jooq-meta/3.11.10/jooq-meta-3.11.10.jar:/home/user/.m2/repository/org/jooq/jooq-codegen/3.11.10/jooq-codegen-3.11.10.jar:/home/user/.m2/repository/com/jolbox/bonecp/0.8.0.RELEASE/bonecp-0.8.0.RELEASE.jar:/home/user/.m2/repository/org/springframework/spring-jdbc/5.1.3.RELEASE/spring-jdbc-5.1.3.RELEASE.jar:/home/user/.m2/repository/org/springframework/spring-beans/5.1.3.RELEASE/spring-beans-5.1.3.RELEASE.jar:/home/user/.m2/repository/org/springframework/spring-core/5.1.3.RELEASE/spring-core-5.1.3.RELEASE.jar:/home/user/.m2/repository/org/springframework/spring-jcl/5.1.3.RELEASE/spring-jcl-5.1.3.RELEASE.jar:/home/user/.m2/repository/org/springframework/spring-tx/5.1.3.RELEASE/spring-tx-5.1.3.RELEASE.jar:/home/user/.m2/repository/org/mockito/mockito-all/1.10.19/mockito-all-1.10.19.jar:/home/user/.m2/repository/junit/junit/4.11/junit-4.11.jar:/home/user/.m2/repository/org/hamcrest/hamcrest-core/1.3/hamcrest-core-1.3.jar:/home/user/.m2/repository/org/apache/hadoop/hadoop-distcp/3.2.0/hadoop-distcp-3.2.0.jar:/home/user/.m2/repository/org/apache/hadoop/hadoop-distcp/3.2.0/hadoop-distcp-3.2.0-tests.jar:/home/user/.m2/repository/org/apache/hadoop/hadoop-mapreduce-client-jobclient/3.2.0/hadoop-mapreduce-client-jobclient-3.2.0.jar:/home/user/.m2/repository/org/apache/hadoop/hadoop-mapreduce-client-common/3.2.0/hadoop-mapreduce-client-common-3.2.0.jar:/home/user/.m2/repository/org/apache/hadoop/hadoop-yarn-common/3.2.0/hadoop-yarn-common-3.2.0.jar:/home/user/.m2/repository/org/apache/hadoop/hadoop-yarn-api/3.2.0/hadoop-yarn-api-3.2.0.jar:/home/user/.m2/repository/com/sun/jersey/jersey-client/1.19/jersey-client-1.19.jar:/home/user/.m2/repository/com/sun/jersey/contribs/jersey-guice/1.19/jersey-guice-1.19.jar:/home/user/.m2/repository/com/fasterxml/jackson/jaxrs/jackson-jaxrs-json-provider/2.9.9/jackson-jaxrs-json-provider-2.9.9.jar:/home/user/.m2/repository/com/fasterxml/jackson/jaxrs/jackson-jaxrs-base/2.9.9/jackson-jaxrs-base-2.9.9.jar:/home/user/.m2/repository/org/apache/hadoop/hadoop-yarn-client/3.2.0/hadoop-yarn-client-3.2.0.jar:/home/user/.m2/repository/org/apache/hadoop/hadoop-mapreduce-client-core/3.2.0/hadoop-mapreduce-client-core-3.2.0.jar:/home/user/.m2/repository/com/google/inject/extensions/guice-servlet/4.0/guice-servlet-4.0.jar:/home/user/.m2/repository/org/powermock/powermock-module-junit4/1.6.5/powermock-module-junit4-1.6.5.jar:/home/user/.m2/repository/org/powermock/powermock-module-junit4-common/1.6.5/powermock-module-junit4-common-1.6.5.jar:/home/user/.m2/repository/org/powermock/powermock-core/1.6.5/powermock-core-1.6.5.jar:/home/user/.m2/repository/org/powermock/powermock-reflect/1.6.5/powermock-reflect-1.6.5.jar:/home/user/.m2/repository/org/powermock/powermock-api-mockito/1.6.5/powermock-api-mockito-1.6.5.jar:/home/user/.m2/repository/org/mockito/mockito-core/1.10.19/mockito-core-1.10.19.jar:/home/user/.m2/repository/org/objenesis/objenesis/1.0/objenesis-1.0.jar:/home/user/.m2/repository/org/powermock/powermock-api-mockito-common/1.6.5/powermock-api-mockito-common-1.6.5.jar:/home/user/.m2/repository/org/powermock/powermock-api-support/1.6.5/powermock-api-support-1.6.5.jar:"/>
    <property name="java.vm.vendor" value="IcedTea"/>
    <property name="sun.arch.data.model" value="64"/>
    <property name="test.build.dir" value="/workdir/hadoop-ozone/ozonefs/target/test-dir"/>
    <property name="test.cache.data" value=""/>
    <property name="java.vendor.url" value="https://icedtea.classpath.org"/>
    <property name="user.timezone" value=""/>
    <property name="java.vm.specification.version" value="1.8"/>
    <property name="os.name" value="Linux"/>
    <property name="test.build.data" value="/workdir/hadoop-ozone/ozonefs/target/test-dir"/>
    <property name="user.country" value="US"/>
    <property name="sun.java.launcher" value="SUN_STANDARD"/>
    <property name="sun.boot.library.path" value="/usr/lib/jvm/java-1.8-openjdk/jre/lib/amd64"/>
    <property name="sun.java.command" value="/workdir/hadoop-ozone/ozonefs/target/surefire/surefirebooter3790605237931365998.jar /workdir/hadoop-ozone/ozonefs/target/surefire 2019-09-26T18-35-23_830-jvmRun1 surefire3901439171342926931tmp surefire_1047074857450771490649tmp"/>
    <property name="test" value="!TestMiniChaosOzoneCluster"/>
    <property name="surefire.test.class.path" value="/workdir/hadoop-ozone/ozonefs/target/test-classes:/workdir/hadoop-ozone/ozonefs/target/classes:/home/user/.m2/repository/org/apache/hadoop/hadoop-common/3.2.0/hadoop-common-3.2.0.jar:/home/user/.m2/repository/org/apache/hadoop/hadoop-annotations/3.2.0/hadoop-annotations-3.2.0.jar:/usr/lib/jvm/java-1.8-openjdk/jre/../lib/tools.jar:/home/user/.m2/repository/com/google/guava/guava/11.0.2/guava-11.0.2.jar:/home/user/.m2/repository/commons-cli/commons-cli/1.2/commons-cli-1.2.jar:/home/user/.m2/repository/org/apache/commons/commons-math3/3.1.1/commons-math3-3.1.1.jar:/home/user/.m2/repository/commons-codec/commons-codec/1.11/commons-codec-1.11.jar:/home/user/.m2/repository/commons-io/commons-io/2.5/commons-io-2.5.jar:/home/user/.m2/repository/commons-net/commons-net/3.6/commons-net-3.6.jar:/home/user/.m2/repository/commons-collections/commons-collections/3.2.2/commons-collections-3.2.2.jar:/home/user/.m2/repository/javax/servlet/javax.servlet-api/3.1.0/javax.servlet-api-3.1.0.jar:/home/user/.m2/repository/org/eclipse/jetty/jetty-server/9.3.25.v20180904/jetty-server-9.3.25.v20180904.jar:/home/user/.m2/repository/org/eclipse/jetty/jetty-http/9.3.25.v20180904/jetty-http-9.3.25.v20180904.jar:/home/user/.m2/repository/org/eclipse/jetty/jetty-io/9.3.25.v20180904/jetty-io-9.3.25.v20180904.jar:/home/user/.m2/repository/org/eclipse/jetty/jetty-util/9.3.25.v20180904/jetty-util-9.3.25.v20180904.jar:/home/user/.m2/repository/org/eclipse/jetty/jetty-servlet/9.3.25.v20180904/jetty-servlet-9.3.25.v20180904.jar:/home/user/.m2/repository/org/eclipse/jetty/jetty-security/9.3.25.v20180904/jetty-security-9.3.25.v20180904.jar:/home/user/.m2/repository/org/eclipse/jetty/jetty-webapp/9.3.25.v20180904/jetty-webapp-9.3.25.v20180904.jar:/home/user/.m2/repository/org/eclipse/jetty/jetty-xml/9.3.25.v20180904/jetty-xml-9.3.25.v20180904.jar:/home/user/.m2/repository/javax/servlet/jsp/jsp-api/2.1/jsp-api-2.1.jar:/home/user/.m2/repository/com/sun/jersey/jersey-core/1.19/jersey-core-1.19.jar:/home/user/.m2/repository/javax/ws/rs/jsr311-api/1.1.1/jsr311-api-1.1.1.jar:/home/user/.m2/repository/com/sun/jersey/jersey-servlet/1.19/jersey-servlet-1.19.jar:/home/user/.m2/repository/com/sun/jersey/jersey-json/1.19/jersey-json-1.19.jar:/home/user/.m2/repository/org/codehaus/jettison/jettison/1.1/jettison-1.1.jar:/home/user/.m2/repository/com/sun/xml/bind/jaxb-impl/2.3.0.1/jaxb-impl-2.3.0.1.jar:/home/user/.m2/repository/org/codehaus/jackson/jackson-core-asl/1.9.13/jackson-core-asl-1.9.13.jar:/home/user/.m2/repository/org/codehaus/jackson/jackson-mapper-asl/1.9.13/jackson-mapper-asl-1.9.13.jar:/home/user/.m2/repository/org/codehaus/jackson/jackson-jaxrs/1.9.13/jackson-jaxrs-1.9.13.jar:/home/user/.m2/repository/org/codehaus/jackson/jackson-xc/1.9.13/jackson-xc-1.9.13.jar:/home/user/.m2/repository/com/sun/jersey/jersey-server/1.19/jersey-server-1.19.jar:/home/user/.m2/repository/commons-logging/commons-logging/1.1.3/commons-logging-1.1.3.jar:/home/user/.m2/repository/log4j/log4j/1.2.17/log4j-1.2.17.jar:/home/user/.m2/repository/commons-beanutils/commons-beanutils/1.9.4/commons-beanutils-1.9.4.jar:/home/user/.m2/repository/org/apache/commons/commons-configuration2/2.1.1/commons-configuration2-2.1.1.jar:/home/user/.m2/repository/org/apache/commons/commons-lang3/3.7/commons-lang3-3.7.jar:/home/user/.m2/repository/org/apache/commons/commons-text/1.4/commons-text-1.4.jar:/home/user/.m2/repository/org/slf4j/slf4j-api/1.7.25/slf4j-api-1.7.25.jar:/home/user/.m2/repository/org/slf4j/slf4j-log4j12/1.7.25/slf4j-log4j12-1.7.25.jar:/home/user/.m2/repository/org/apache/avro/avro/1.7.7/avro-1.7.7.jar:/home/user/.m2/repository/com/thoughtworks/paranamer/paranamer/2.3/paranamer-2.3.jar:/home/user/.m2/repository/org/xerial/snappy/snappy-java/1.0.5/snappy-java-1.0.5.jar:/home/user/.m2/repository/com/google/re2j/re2j/1.1/re2j-1.1.jar:/home/user/.m2/repository/com/google/protobuf/protobuf-java/2.5.0/protobuf-java-2.5.0.jar:/home/user/.m2/repository/com/google/code/gson/gson/2.2.4/gson-2.2.4.jar:/home/user/.m2/repository/org/apache/hadoop/hadoop-auth/3.2.0/hadoop-auth-3.2.0.jar:/home/user/.m2/repository/com/nimbusds/nimbus-jose-jwt/4.41.1/nimbus-jose-jwt-4.41.1.jar:/home/user/.m2/repository/com/github/stephenc/jcip/jcip-annotations/1.0-1/jcip-annotations-1.0-1.jar:/home/user/.m2/repository/net/minidev/json-smart/2.3/json-smart-2.3.jar:/home/user/.m2/repository/net/minidev/accessors-smart/1.2/accessors-smart-1.2.jar:/home/user/.m2/repository/org/apache/curator/curator-framework/2.12.0/curator-framework-2.12.0.jar:/home/user/.m2/repository/com/jcraft/jsch/0.1.54/jsch-0.1.54.jar:/home/user/.m2/repository/org/apache/curator/curator-client/2.12.0/curator-client-2.12.0.jar:/home/user/.m2/repository/org/apache/curator/curator-recipes/2.12.0/curator-recipes-2.12.0.jar:/home/user/.m2/repository/com/google/code/findbugs/jsr305/3.0.0/jsr305-3.0.0.jar:/home/user/.m2/repository/org/apache/htrace/htrace-core4/4.1.0-incubating/htrace-core4-4.1.0-incubating.jar:/home/user/.m2/repository/org/apache/zookeeper/zookeeper/3.4.13/zookeeper-3.4.13.jar:/home/user/.m2/repository/jline/jline/0.9.94/jline-0.9.94.jar:/home/user/.m2/repository/org/apache/yetus/audience-annotations/0.5.0/audience-annotations-0.5.0.jar:/home/user/.m2/repository/org/apache/commons/commons-compress/1.4.1/commons-compress-1.4.1.jar:/home/user/.m2/repository/org/tukaani/xz/1.0/xz-1.0.jar:/home/user/.m2/repository/org/apache/kerby/kerb-simplekdc/1.0.1/kerb-simplekdc-1.0.1.jar:/home/user/.m2/repository/org/apache/kerby/kerb-client/1.0.1/kerb-client-1.0.1.jar:/home/user/.m2/repository/org/apache/kerby/kerby-config/1.0.1/kerby-config-1.0.1.jar:/home/user/.m2/repository/org/apache/kerby/kerb-core/1.0.1/kerb-core-1.0.1.jar:/home/user/.m2/repository/org/apache/kerby/kerby-pkix/1.0.1/kerby-pkix-1.0.1.jar:/home/user/.m2/repository/org/apache/kerby/kerby-asn1/1.0.1/kerby-asn1-1.0.1.jar:/home/user/.m2/repository/org/apache/kerby/kerby-util/1.0.1/kerby-util-1.0.1.jar:/home/user/.m2/repository/org/apache/kerby/kerb-common/1.0.1/kerb-common-1.0.1.jar:/home/user/.m2/repository/org/apache/kerby/kerb-crypto/1.0.1/kerb-crypto-1.0.1.jar:/home/user/.m2/repository/org/apache/kerby/kerb-util/1.0.1/kerb-util-1.0.1.jar:/home/user/.m2/repository/org/apache/kerby/token-provider/1.0.1/token-provider-1.0.1.jar:/home/user/.m2/repository/org/apache/kerby/kerb-admin/1.0.1/kerb-admin-1.0.1.jar:/home/user/.m2/repository/org/apache/kerby/kerb-server/1.0.1/kerb-server-1.0.1.jar:/home/user/.m2/repository/org/apache/kerby/kerb-identity/1.0.1/kerb-identity-1.0.1.jar:/home/user/.m2/repository/org/apache/kerby/kerby-xdr/1.0.1/kerby-xdr-1.0.1.jar:/home/user/.m2/repository/com/fasterxml/jackson/core/jackson-databind/2.9.9/jackson-databind-2.9.9.jar:/home/user/.m2/repository/com/fasterxml/jackson/core/jackson-annotations/2.9.9/jackson-annotations-2.9.9.jar:/home/user/.m2/repository/com/fasterxml/jackson/core/jackson-core/2.9.9/jackson-core-2.9.9.jar:/home/user/.m2/repository/org/codehaus/woodstox/stax2-api/3.1.4/stax2-api-3.1.4.jar:/home/user/.m2/repository/com/fasterxml/woodstox/woodstox-core/5.0.3/woodstox-core-5.0.3.jar:/home/user/.m2/repository/dnsjava/dnsjava/2.1.7/dnsjava-2.1.7.jar:/home/user/.m2/repository/org/apache/hadoop/hadoop-hdfs/3.2.0/hadoop-hdfs-3.2.0.jar:/home/user/.m2/repository/org/eclipse/jetty/jetty-util-ajax/9.3.25.v20180904/jetty-util-ajax-9.3.25.v20180904.jar:/home/user/.m2/repository/commons-daemon/commons-daemon/1.0.13/commons-daemon-1.0.13.jar:/home/user/.m2/repository/io/netty/netty/3.10.5.Final/netty-3.10.5.Final.jar:/home/user/.m2/repository/io/netty/netty-all/4.0.52.Final/netty-all-4.0.52.Final.jar:/home/user/.m2/repository/org/fusesource/leveldbjni/leveldbjni-all/1.8/leveldbjni-all-1.8.jar:/home/user/.m2/repository/org/apache/hadoop/hadoop-hdds-common/0.5.0-SNAPSHOT/hadoop-hdds-common-0.5.0-SNAPSHOT.jar:/home/user/.m2/repository/org/apache/hadoop/hadoop-hdds-config/0.5.0-SNAPSHOT/hadoop-hdds-config-0.5.0-SNAPSHOT.jar:/home/user/.m2/repository/javax/annotation/javax.annotation-api/1.2/javax.annotation-api-1.2.jar:/home/user/.m2/repository/org/apache/ratis/ratis-server/0.4.0/ratis-server-0.4.0.jar:/home/user/.m2/repository/org/apache/ratis/ratis-thirdparty-misc/0.2.0/ratis-thirdparty-misc-0.2.0.jar:/home/user/.m2/repository/org/apache/ratis/ratis-proto/0.4.0/ratis-proto-0.4.0.jar:/home/user/.m2/repository/org/apache/ratis/ratis-common/0.4.0/ratis-common-0.4.0.jar:/home/user/.m2/repository/org/apache/ratis/ratis-client/0.4.0/ratis-client-0.4.0.jar:/home/user/.m2/repository/org/apache/ratis/ratis-metrics/0.4.0/ratis-metrics-0.4.0.jar:/home/user/.m2/repository/com/github/joshelser/dropwizard-metrics-hadoop-metrics2-reporter/0.1.2/dropwizard-metrics-hadoop-metrics2-reporter-0.1.2.jar:/home/user/.m2/repository/io/dropwizard/metrics/metrics-jvm/3.2.5/metrics-jvm-3.2.5.jar:/home/user/.m2/repository/io/dropwizard/metrics/metrics-ganglia/3.2.5/metrics-ganglia-3.2.5.jar:/home/user/.m2/repository/info/ganglia/gmetric4j/gmetric4j/1.0.7/gmetric4j-1.0.7.jar:/home/user/.m2/repository/org/apache/ratis/ratis-netty/0.4.0/ratis-netty-0.4.0.jar:/home/user/.m2/repository/org/apache/ratis/ratis-grpc/0.4.0/ratis-grpc-0.4.0.jar:/home/user/.m2/repository/org/rocksdb/rocksdbjni/6.0.1/rocksdbjni-6.0.1.jar:/home/user/.m2/repository/org/apache/logging/log4j/log4j-api/2.11.0/log4j-api-2.11.0.jar:/home/user/.m2/repository/org/apache/logging/log4j/log4j-core/2.11.0/log4j-core-2.11.0.jar:/home/user/.m2/repository/com/lmax/disruptor/3.4.2/disruptor-3.4.2.jar:/home/user/.m2/repository/org/apache/commons/commons-pool2/2.6.0/commons-pool2-2.6.0.jar:/home/user/.m2/repository/org/bouncycastle/bcpkix-jdk15on/1.60/bcpkix-jdk15on-1.60.jar:/home/user/.m2/repository/commons-validator/commons-validator/1.6/commons-validator-1.6.jar:/home/user/.m2/repository/commons-digester/commons-digester/1.8.1/commons-digester-1.8.1.jar:/home/user/.m2/repository/io/jaegertracing/jaeger-client/0.34.0/jaeger-client-0.34.0.jar:/home/user/.m2/repository/io/jaegertracing/jaeger-thrift/0.34.0/jaeger-thrift-0.34.0.jar:/home/user/.m2/repository/org/apache/thrift/libthrift/0.12.0/libthrift-0.12.0.jar:/home/user/.m2/repository/com/squareup/okhttp3/okhttp/3.9.0/okhttp-3.9.0.jar:/home/user/.m2/repository/com/squareup/okio/okio/1.13.0/okio-1.13.0.jar:/home/user/.m2/repository/io/jaegertracing/jaeger-core/0.34.0/jaeger-core-0.34.0.jar:/home/user/.m2/repository/io/jaegertracing/jaeger-tracerresolver/0.34.0/jaeger-tracerresolver-0.34.0.jar:/home/user/.m2/repository/io/opentracing/contrib/opentracing-tracerresolver/0.1.5/opentracing-tracerresolver-0.1.5.jar:/home/user/.m2/repository/io/opentracing/opentracing-util/0.31.0/opentracing-util-0.31.0.jar:/home/user/.m2/repository/io/opentracing/opentracing-api/0.31.0/opentracing-api-0.31.0.jar:/home/user/.m2/repository/io/opentracing/opentracing-noop/0.31.0/opentracing-noop-0.31.0.jar:/home/user/.m2/repository/org/yaml/snakeyaml/1.16/snakeyaml-1.16.jar:/home/user/.m2/repository/org/apache/hadoop/hadoop-hdfs-client/3.2.0/hadoop-hdfs-client-3.2.0.jar:/home/user/.m2/repository/info/picocli/picocli/3.9.6/picocli-3.9.6.jar:/home/user/.m2/repository/org/apache/hadoop/hadoop-hdds-server-scm/0.5.0-SNAPSHOT/hadoop-hdds-server-scm-0.5.0-SNAPSHOT.jar:/home/user/.m2/repository/org/apache/hadoop/hadoop-hdds-docs/0.5.0-SNAPSHOT/hadoop-hdds-docs-0.5.0-SNAPSHOT.jar:/home/user/.m2/repository/io/dropwizard/metrics/metrics-core/3.2.4/metrics-core-3.2.4.jar:/home/user/.m2/repository/org/hamcrest/hamcrest-all/1.3/hamcrest-all-1.3.jar:/home/user/.m2/repository/org/bouncycastle/bcprov-jdk15on/1.60/bcprov-jdk15on-1.60.jar:/home/user/.m2/repository/org/apache/hadoop/hadoop-hdds-server-framework/0.5.0-SNAPSHOT/hadoop-hdds-server-framework-0.5.0-SNAPSHOT.jar:/home/user/.m2/repository/org/apache/hadoop/hadoop-ozone-ozone-manager/0.5.0-SNAPSHOT/hadoop-ozone-ozone-manager-0.5.0-SNAPSHOT.jar:/home/user/.m2/repository/org/apache/hadoop/hadoop-hdds-container-service/0.5.0-SNAPSHOT/hadoop-hdds-container-service-0.5.0-SNAPSHOT.jar:/home/user/.m2/repository/org/apache/hadoop/hadoop-hdds-client/0.5.0-SNAPSHOT/hadoop-hdds-client-0.5.0-SNAPSHOT.jar:/home/user/.m2/repository/org/apache/hadoop/hadoop-ozone-common/0.5.0-SNAPSHOT/hadoop-ozone-common-0.5.0-SNAPSHOT.jar:/home/user/.m2/repository/org/apache/hadoop/hadoop-hdds-tools/0.5.0-SNAPSHOT/hadoop-hdds-tools-0.5.0-SNAPSHOT.jar:/home/user/.m2/repository/org/xerial/sqlite-jdbc/3.25.2/sqlite-jdbc-3.25.2.jar:/home/user/.m2/repository/org/apache/httpcomponents/httpclient/4.5.2/httpclient-4.5.2.jar:/home/user/.m2/repository/org/apache/httpcomponents/httpcore/4.4.4/httpcore-4.4.4.jar:/home/user/.m2/repository/com/google/code/findbugs/findbugs/3.0.1/findbugs-3.0.1.jar:/home/user/.m2/repository/net/jcip/jcip-annotations/1.0/jcip-annotations-1.0.jar:/home/user/.m2/repository/com/google/code/findbugs/bcel-findbugs/6.0/bcel-findbugs-6.0.jar:/home/user/.m2/repository/com/google/code/findbugs/jFormatString/2.0.1/jFormatString-2.0.1.jar:/home/user/.m2/repository/dom4j/dom4j/1.6.1/dom4j-1.6.1.jar:/home/user/.m2/repository/xml-apis/xml-apis/1.0.b2/xml-apis-1.0.b2.jar:/home/user/.m2/repository/org/ow2/asm/asm-debug-all/5.0.2/asm-debug-all-5.0.2.jar:/home/user/.m2/repository/org/ow2/asm/asm-commons/5.0.2/asm-commons-5.0.2.jar:/home/user/.m2/repository/org/ow2/asm/asm-tree/5.0.2/asm-tree-5.0.2.jar:/home/user/.m2/repository/org/ow2/asm/asm/5.0.4/asm-5.0.4.jar:/home/user/.m2/repository/commons-lang/commons-lang/2.6/commons-lang-2.6.jar:/home/user/.m2/repository/com/apple/AppleJavaExtensions/1.4/AppleJavaExtensions-1.4.jar:/home/user/.m2/repository/jaxen/jaxen/1.1.6/jaxen-1.1.6.jar:/home/user/.m2/repository/org/apache/hadoop/hadoop-common/3.2.0/hadoop-common-3.2.0-tests.jar:/home/user/.m2/repository/org/apache/hadoop/hadoop-ozone-client/0.5.0-SNAPSHOT/hadoop-ozone-client-0.5.0-SNAPSHOT.jar:/home/user/.m2/repository/org/apache/hadoop/hadoop-hdfs/3.2.0/hadoop-hdfs-3.2.0-tests.jar:/workdir/hadoop-ozone/integration-test/target/test-classes:/home/user/.m2/repository/org/apache/hadoop/hadoop-ozone-s3gateway/0.5.0-SNAPSHOT/hadoop-ozone-s3gateway-0.5.0-SNAPSHOT.jar:/home/user/.m2/repository/org/jboss/weld/servlet/weld-servlet/2.4.7.Final/weld-servlet-2.4.7.Final.jar:/home/user/.m2/repository/org/glassfish/jersey/containers/jersey-container-servlet-core/2.27/jersey-container-servlet-core-2.27.jar:/home/user/.m2/repository/org/glassfish/hk2/external/javax.inject/2.5.0-b42/javax.inject-2.5.0-b42.jar:/home/user/.m2/repository/org/glassfish/jersey/core/jersey-common/2.27/jersey-common-2.27.jar:/home/user/.m2/repository/org/glassfish/hk2/osgi-resource-locator/1.0.1/osgi-resource-locator-1.0.1.jar:/home/user/.m2/repository/javax/ws/rs/javax.ws.rs-api/2.1/javax.ws.rs-api-2.1.jar:/home/user/.m2/repository/org/glassfish/jersey/ext/cdi/jersey-cdi1x/2.27/jersey-cdi1x-2.27.jar:/home/user/.m2/repository/org/glassfish/jersey/inject/jersey-hk2/2.27/jersey-hk2-2.27.jar:/home/user/.m2/repository/org/glassfish/hk2/hk2-locator/2.5.0-b42/hk2-locator-2.5.0-b42.jar:/home/user/.m2/repository/org/javassist/javassist/3.22.0-CR2/javassist-3.22.0-CR2.jar:/home/user/.m2/repository/org/glassfish/hk2/hk2-api/2.5.0/hk2-api-2.5.0.jar:/home/user/.m2/repository/org/glassfish/hk2/external/jakarta.inject/2.5.0/jakarta.inject-2.5.0.jar:/home/user/.m2/repository/org/glassfish/hk2/hk2-utils/2.5.0/hk2-utils-2.5.0.jar:/home/user/.m2/repository/jakarta/annotation/jakarta.annotation-api/1.3.4/jakarta.annotation-api-1.3.4.jar:/home/user/.m2/repository/org/glassfish/hk2/external/aopalliance-repackaged/2.5.0/aopalliance-repackaged-2.5.0.jar:/home/user/.m2/repository/com/fasterxml/jackson/dataformat/jackson-dataformat-xml/2.9.0/jackson-dataformat-xml-2.9.0.jar:/home/user/.m2/repository/com/fasterxml/jackson/module/jackson-module-jaxb-annotations/2.9.9/jackson-module-jaxb-annotations-2.9.9.jar:/home/user/.m2/repository/javax/enterprise/cdi-api/1.2/cdi-api-1.2.jar:/home/user/.m2/repository/javax/el/javax.el-api/3.0.0/javax.el-api-3.0.0.jar:/home/user/.m2/repository/javax/interceptor/javax.interceptor-api/1.2/javax.interceptor-api-1.2.jar:/home/user/.m2/repository/javax/inject/javax.inject/1/javax.inject-1.jar:/home/user/.m2/repository/com/sun/xml/bind/jaxb-core/2.3.0.1/jaxb-core-2.3.0.1.jar:/home/user/.m2/repository/javax/xml/bind/jaxb-api/2.3.0/jaxb-api-2.3.0.jar:/home/user/.m2/repository/javax/activation/activation/1.1.1/activation-1.1.1.jar:/home/user/.m2/repository/org/apache/hadoop/hadoop-ozone-csi/0.5.0-SNAPSHOT/hadoop-ozone-csi-0.5.0-SNAPSHOT.jar:/home/user/.m2/repository/com/google/protobuf/protobuf-java-util/3.5.1/protobuf-java-util-3.5.1.jar:/home/user/.m2/repository/io/grpc/grpc-netty/1.17.1/grpc-netty-1.17.1.jar:/home/user/.m2/repository/io/grpc/grpc-core/1.17.1/grpc-core-1.17.1.jar:/home/user/.m2/repository/io/grpc/grpc-context/1.17.1/grpc-context-1.17.1.jar:/home/user/.m2/repository/com/google/errorprone/error_prone_annotations/2.2.0/error_prone_annotations-2.2.0.jar:/home/user/.m2/repository/org/codehaus/mojo/animal-sniffer-annotations/1.17/animal-sniffer-annotations-1.17.jar:/home/user/.m2/repository/io/opencensus/opencensus-api/0.17.0/opencensus-api-0.17.0.jar:/home/user/.m2/repository/io/opencensus/opencensus-contrib-grpc-metrics/0.17.0/opencensus-contrib-grpc-metrics-0.17.0.jar:/home/user/.m2/repository/io/netty/netty-codec-http2/4.1.30.Final/netty-codec-http2-4.1.30.Final.jar:/home/user/.m2/repository/io/netty/netty-codec-http/4.1.30.Final/netty-codec-http-4.1.30.Final.jar:/home/user/.m2/repository/io/netty/netty-codec/4.1.30.Final/netty-codec-4.1.30.Final.jar:/home/user/.m2/repository/io/netty/netty-handler/4.1.30.Final/netty-handler-4.1.30.Final.jar:/home/user/.m2/repository/io/netty/netty-handler-proxy/4.1.30.Final/netty-handler-proxy-4.1.30.Final.jar:/home/user/.m2/repository/io/netty/netty-codec-socks/4.1.30.Final/netty-codec-socks-4.1.30.Final.jar:/home/user/.m2/repository/io/netty/netty-transport-native-epoll/4.1.30.Final/netty-transport-native-epoll-4.1.30.Final.jar:/home/user/.m2/repository/io/netty/netty-common/4.1.30.Final/netty-common-4.1.30.Final.jar:/home/user/.m2/repository/io/netty/netty-buffer/4.1.30.Final/netty-buffer-4.1.30.Final.jar:/home/user/.m2/repository/io/netty/netty-transport/4.1.30.Final/netty-transport-4.1.30.Final.jar:/home/user/.m2/repository/io/netty/netty-resolver/4.1.30.Final/netty-resolver-4.1.30.Final.jar:/home/user/.m2/repository/io/netty/netty-transport-native-unix-common/4.1.30.Final/netty-transport-native-unix-common-4.1.30.Final.jar:/home/user/.m2/repository/io/grpc/grpc-protobuf/1.17.1/grpc-protobuf-1.17.1.jar:/home/user/.m2/repository/com/google/api/grpc/proto-google-common-protos/1.0.0/proto-google-common-protos-1.0.0.jar:/home/user/.m2/repository/io/grpc/grpc-protobuf-lite/1.17.1/grpc-protobuf-lite-1.17.1.jar:/home/user/.m2/repository/io/grpc/grpc-stub/1.17.1/grpc-stub-1.17.1.jar:/home/user/.m2/repository/org/apache/hadoop/hadoop-ozone-recon/0.5.0-SNAPSHOT/hadoop-ozone-recon-0.5.0-SNAPSHOT.jar:/home/user/.m2/repository/org/apache/hadoop/hadoop-ozone-reconcodegen/0.5.0-SNAPSHOT/hadoop-ozone-reconcodegen-0.5.0-SNAPSHOT.jar:/home/user/.m2/repository/com/google/inject/extensions/guice-multibindings/4.0/guice-multibindings-4.0.jar:/home/user/.m2/repository/com/google/inject/guice/4.0/guice-4.0.jar:/home/user/.m2/repository/aopalliance/aopalliance/1.0/aopalliance-1.0.jar:/home/user/.m2/repository/org/glassfish/jersey/containers/jersey-container-servlet/2.27/jersey-container-servlet-2.27.jar:/home/user/.m2/repository/org/glassfish/hk2/guice-bridge/2.5.0/guice-bridge-2.5.0.jar:/home/user/.m2/repository/org/glassfish/jersey/core/jersey-server/2.27/jersey-server-2.27.jar:/home/user/.m2/repository/org/glassfish/jersey/core/jersey-client/2.27/jersey-client-2.27.jar:/home/user/.m2/repository/org/glassfish/jersey/media/jersey-media-jaxb/2.27/jersey-media-jaxb-2.27.jar:/home/user/.m2/repository/javax/validation/validation-api/1.1.0.Final/validation-api-1.1.0.Final.jar:/home/user/.m2/repository/org/glassfish/jersey/media/jersey-media-json-jackson/2.27/jersey-media-json-jackson-2.27.jar:/home/user/.m2/repository/org/glassfish/jersey/ext/jersey-entity-filtering/2.27/jersey-entity-filtering-2.27.jar:/home/user/.m2/repository/com/google/inject/extensions/guice-assistedinject/4.0/guice-assistedinject-4.0.jar:/home/user/.m2/repository/org/jooq/jooq/3.11.10/jooq-3.11.10.jar:/home/user/.m2/repository/org/jooq/jooq-meta/3.11.10/jooq-meta-3.11.10.jar:/home/user/.m2/repository/org/jooq/jooq-codegen/3.11.10/jooq-codegen-3.11.10.jar:/home/user/.m2/repository/com/jolbox/bonecp/0.8.0.RELEASE/bonecp-0.8.0.RELEASE.jar:/home/user/.m2/repository/org/springframework/spring-jdbc/5.1.3.RELEASE/spring-jdbc-5.1.3.RELEASE.jar:/home/user/.m2/repository/org/springframework/spring-beans/5.1.3.RELEASE/spring-beans-5.1.3.RELEASE.jar:/home/user/.m2/repository/org/springframework/spring-core/5.1.3.RELEASE/spring-core-5.1.3.RELEASE.jar:/home/user/.m2/repository/org/springframework/spring-jcl/5.1.3.RELEASE/spring-jcl-5.1.3.RELEASE.jar:/home/user/.m2/repository/org/springframework/spring-tx/5.1.3.RELEASE/spring-tx-5.1.3.RELEASE.jar:/home/user/.m2/repository/org/mockito/mockito-all/1.10.19/mockito-all-1.10.19.jar:/home/user/.m2/repository/junit/junit/4.11/junit-4.11.jar:/home/user/.m2/repository/org/hamcrest/hamcrest-core/1.3/hamcrest-core-1.3.jar:/home/user/.m2/repository/org/apache/hadoop/hadoop-distcp/3.2.0/hadoop-distcp-3.2.0.jar:/home/user/.m2/repository/org/apache/hadoop/hadoop-distcp/3.2.0/hadoop-distcp-3.2.0-tests.jar:/home/user/.m2/repository/org/apache/hadoop/hadoop-mapreduce-client-jobclient/3.2.0/hadoop-mapreduce-client-jobclient-3.2.0.jar:/home/user/.m2/repository/org/apache/hadoop/hadoop-mapreduce-client-common/3.2.0/hadoop-mapreduce-client-common-3.2.0.jar:/home/user/.m2/repository/org/apache/hadoop/hadoop-yarn-common/3.2.0/hadoop-yarn-common-3.2.0.jar:/home/user/.m2/repository/org/apache/hadoop/hadoop-yarn-api/3.2.0/hadoop-yarn-api-3.2.0.jar:/home/user/.m2/repository/com/sun/jersey/jersey-client/1.19/jersey-client-1.19.jar:/home/user/.m2/repository/com/sun/jersey/contribs/jersey-guice/1.19/jersey-guice-1.19.jar:/home/user/.m2/repository/com/fasterxml/jackson/jaxrs/jackson-jaxrs-json-provider/2.9.9/jackson-jaxrs-json-provider-2.9.9.jar:/home/user/.m2/repository/com/fasterxml/jackson/jaxrs/jackson-jaxrs-base/2.9.9/jackson-jaxrs-base-2.9.9.jar:/home/user/.m2/repository/org/apache/hadoop/hadoop-yarn-client/3.2.0/hadoop-yarn-client-3.2.0.jar:/home/user/.m2/repository/org/apache/hadoop/hadoop-mapreduce-client-core/3.2.0/hadoop-mapreduce-client-core-3.2.0.jar:/home/user/.m2/repository/com/google/inject/extensions/guice-servlet/4.0/guice-servlet-4.0.jar:/home/user/.m2/repository/org/powermock/powermock-module-junit4/1.6.5/powermock-module-junit4-1.6.5.jar:/home/user/.m2/repository/org/powermock/powermock-module-junit4-common/1.6.5/powermock-module-junit4-common-1.6.5.jar:/home/user/.m2/repository/org/powermock/powermock-core/1.6.5/powermock-core-1.6.5.jar:/home/user/.m2/repository/org/powermock/powermock-reflect/1.6.5/powermock-reflect-1.6.5.jar:/home/user/.m2/repository/org/powermock/powermock-api-mockito/1.6.5/powermock-api-mockito-1.6.5.jar:/home/user/.m2/repository/org/mockito/mockito-core/1.10.19/mockito-core-1.10.19.jar:/home/user/.m2/repository/org/objenesis/objenesis/1.0/objenesis-1.0.jar:/home/user/.m2/repository/org/powermock/powermock-api-mockito-common/1.6.5/powermock-api-mockito-common-1.6.5.jar:/home/user/.m2/repository/org/powermock/powermock-api-support/1.6.5/powermock-api-support-1.6.5.jar:"/>
    <property name="sun.cpu.endian" value="little"/>
    <property name="user.home" value="/home/user"/>
    <property name="user.language" value="en"/>
    <property name="java.specification.vendor" value="Oracle Corporation"/>
    <property name="java.home" value="/usr/lib/jvm/java-1.8-openjdk/jre"/>
    <property name="java.security.krb5.conf" value="/workdir/hadoop-ozone/ozonefs/target/test-classes/krb5.conf"/>
    <property name="basedir" value="/workdir/hadoop-ozone/ozonefs"/>
    <property name="file.separator" value="/"/>
    <property name="line.separator" value="&#10;"/>
    <property name="java.vm.specification.vendor" value="Oracle Corporation"/>
    <property name="java.specification.name" value="Java Platform API Specification"/>
    <property name="java.awt.graphicsenv" value="sun.awt.X11GraphicsEnvironment"/>
    <property name="surefire.real.class.path" value="/workdir/hadoop-ozone/ozonefs/target/surefire/surefirebooter3790605237931365998.jar"/>
    <property name="hadoop.log.dir" value="/workdir/hadoop-ozone/ozonefs/target/log"/>
    <property name="sun.boot.class.path" value="/usr/lib/jvm/java-1.8-openjdk/jre/lib/resources.jar:/usr/lib/jvm/java-1.8-openjdk/jre/lib/rt.jar:/usr/lib/jvm/java-1.8-openjdk/jre/lib/sunrsasign.jar:/usr/lib/jvm/java-1.8-openjdk/jre/lib/jsse.jar:/usr/lib/jvm/java-1.8-openjdk/jre/lib/jce.jar:/usr/lib/jvm/java-1.8-openjdk/jre/lib/charsets.jar:/usr/lib/jvm/java-1.8-openjdk/jre/lib/jfr.jar:/usr/lib/jvm/java-1.8-openjdk/jre/classes"/>
    <property name="sun.management.compiler" value="HotSpot 64-Bit Tiered Compilers"/>
    <property name="java.runtime.version" value="1.8.0_212-b04"/>
    <property name="java.net.preferIPv4Stack" value="true"/>
    <property name="user.name" value="jenkins1000"/>
    <property name="path.separator" value=":"/>
    <property name="java.security.egd" value="file:///dev/urandom"/>
    <property name="os.version" value="3.10.0-957.12.2.el7.x86_64"/>
    <property name="java.endorsed.dirs" value="/usr/lib/jvm/java-1.8-openjdk/jre/lib/endorsed"/>
    <property name="java.runtime.name" value="OpenJDK Runtime Environment"/>
    <property name="file.encoding" value="UTF-8"/>
    <property name="java.vm.name" value="OpenJDK 64-Bit Server VM"/>
    <property name="test.build.webapps" value=""/>
    <property name="localRepository" value="/home/user/.m2/repository"/>
    <property name="java.vendor.url.bug" value="https://icedtea.classpath.org/bugzilla"/>
    <property name="java.io.tmpdir" value="/tmp"/>
    <property name="require.test.libhadoop" value=""/>
    <property name="java.version" value="1.8.0_212"/>
    <property name="user.dir" value="/workdir/hadoop-ozone/ozonefs"/>
    <property name="os.arch" value="amd64"/>
    <property name="java.vm.specification.name" value="Java Virtual Machine Specification"/>
    <property name="test.build.classes" value="/workdir/hadoop-ozone/ozonefs/target/test-classes"/>
    <property name="java.awt.printerjob" value="sun.print.PSPrinterJob"/>
    <property name="sun.os.patch.level" value="unknown"/>
    <property name="hadoop.tmp.dir" value="/workdir/hadoop-ozone/ozonefs/target/tmp"/>
    <property name="java.library.path" value="/usr/lib/jvm/java-1.8-openjdk/jre/lib/amd64/server:/usr/lib/jvm/java-1.8-openjdk/jre/lib/amd64:/usr/lib/jvm/java-1.8-openjdk/jre/../lib/amd64:/workdir/hadoop-ozone/ozonefs/target/native/target/usr/local/lib:/workdir/hadoop-ozone/ozonefs/../../hadoop-common-project/hadoop-common/target/native/target/usr/local/lib:/usr/java/packages/lib/amd64:/usr/lib64:/lib64:/lib:/usr/lib"/>
    <property name="java.vm.info" value="mixed mode"/>
    <property name="java.vendor" value="IcedTea"/>
    <property name="java.vm.version" value="25.212-b04"/>
    <property name="java.ext.dirs" value="/usr/lib/jvm/java-1.8-openjdk/jre/lib/ext:/usr/java/packages/lib/ext"/>
    <property name="sun.io.unicode.encoding" value="UnicodeLittle"/>
    <property name="java.class.version" value="52.0"/>
  </properties>
  <testcase name="org.apache.hadoop.fs.ozone.TestOzoneFSInputStream" classname="org.apache.hadoop.fs.ozone.TestOzoneFSInputStream" time="122.075">
    <error message="Connection refused" type="java.net.ConnectException"><![CDATA[java.net.ConnectException: Connection refused
	at sun.nio.ch.SocketChannelImpl.checkConnect(Native Method)
	at sun.nio.ch.SocketChannelImpl.finishConnect(SocketChannelImpl.java:717)
	at org.apache.hadoop.net.SocketIOWithTimeout.connect(SocketIOWithTimeout.java:206)
	at org.apache.hadoop.net.NetUtils.connect(NetUtils.java:531)
	at org.apache.hadoop.ipc.Client$Connection.setupConnection(Client.java:690)
	at org.apache.hadoop.ipc.Client$Connection.setupIOstreams(Client.java:794)
	at org.apache.hadoop.ipc.Client$Connection.access$3700(Client.java:411)
	at org.apache.hadoop.ipc.Client.getConnection(Client.java:1572)
	at org.apache.hadoop.ipc.Client.call(Client.java:1403)
	at org.apache.hadoop.ipc.Client.call(Client.java:1367)
	at org.apache.hadoop.ipc.ProtobufRpcEngine$Invoker.invoke(ProtobufRpcEngine.java:228)
	at org.apache.hadoop.ipc.ProtobufRpcEngine$Invoker.invoke(ProtobufRpcEngine.java:116)
	at com.sun.proxy.$Proxy36.submitRequest(Unknown Source)
	at sun.reflect.NativeMethodAccessorImpl.invoke0(Native Method)
	at sun.reflect.NativeMethodAccessorImpl.invoke(NativeMethodAccessorImpl.java:62)
	at sun.reflect.DelegatingMethodAccessorImpl.invoke(DelegatingMethodAccessorImpl.java:43)
	at java.lang.reflect.Method.invoke(Method.java:498)
	at org.apache.hadoop.io.retry.RetryInvocationHandler.invokeMethod(RetryInvocationHandler.java:422)
	at org.apache.hadoop.io.retry.RetryInvocationHandler$Call.invokeMethod(RetryInvocationHandler.java:165)
	at org.apache.hadoop.io.retry.RetryInvocationHandler$Call.invoke(RetryInvocationHandler.java:157)
	at org.apache.hadoop.io.retry.RetryInvocationHandler$Call.invokeOnce(RetryInvocationHandler.java:95)
	at org.apache.hadoop.io.retry.RetryInvocationHandler.invoke(RetryInvocationHandler.java:359)
	at com.sun.proxy.$Proxy36.submitRequest(Unknown Source)
	at org.apache.hadoop.ozone.om.protocolPB.OzoneManagerProtocolClientSideTranslatorPB.submitRequest(OzoneManagerProtocolClientSideTranslatorPB.java:338)
	at org.apache.hadoop.ozone.om.protocolPB.OzoneManagerProtocolClientSideTranslatorPB.getServiceInfo(OzoneManagerProtocolClientSideTranslatorPB.java:1223)
	at sun.reflect.NativeMethodAccessorImpl.invoke0(Native Method)
	at sun.reflect.NativeMethodAccessorImpl.invoke(NativeMethodAccessorImpl.java:62)
	at sun.reflect.DelegatingMethodAccessorImpl.invoke(DelegatingMethodAccessorImpl.java:43)
	at java.lang.reflect.Method.invoke(Method.java:498)
	at org.apache.hadoop.hdds.tracing.TraceAllMethod.invoke(TraceAllMethod.java:66)
	at com.sun.proxy.$Proxy37.getServiceInfo(Unknown Source)
	at org.apache.hadoop.ozone.client.rpc.RpcClient.<init>(RpcClient.java:154)
	at org.apache.hadoop.ozone.client.OzoneClientFactory.getClientProtocol(OzoneClientFactory.java:256)
	at org.apache.hadoop.ozone.client.OzoneClientFactory.getClientProtocol(OzoneClientFactory.java:239)
	at org.apache.hadoop.ozone.client.OzoneClientFactory.getClient(OzoneClientFactory.java:75)
	at org.apache.hadoop.ozone.MiniOzoneClusterImpl.getClient(MiniOzoneClusterImpl.java:212)
	at org.apache.hadoop.ozone.TestDataUtil.createVolumeAndBucket(TestDataUtil.java:51)
	at org.apache.hadoop.ozone.TestDataUtil.createVolumeAndBucket(TestDataUtil.java:93)
	at org.apache.hadoop.fs.ozone.TestOzoneFSInputStream.init(TestOzoneFSInputStream.java:72)
	at sun.reflect.NativeMethodAccessorImpl.invoke0(Native Method)
	at sun.reflect.NativeMethodAccessorImpl.invoke(NativeMethodAccessorImpl.java:62)
	at sun.reflect.DelegatingMethodAccessorImpl.invoke(DelegatingMethodAccessorImpl.java:43)
	at java.lang.reflect.Method.invoke(Method.java:498)
	at org.junit.runners.model.FrameworkMethod$1.runReflectiveCall(FrameworkMethod.java:47)
	at org.junit.internal.runners.model.ReflectiveCallable.run(ReflectiveCallable.java:12)
	at org.junit.runners.model.FrameworkMethod.invokeExplosively(FrameworkMethod.java:44)
	at org.junit.internal.runners.statements.RunBefores.evaluate(RunBefores.java:24)
	at org.junit.internal.runners.statements.RunAfters.evaluate(RunAfters.java:27)
	at org.junit.runners.ParentRunner.run(ParentRunner.java:309)
	at org.apache.maven.surefire.junit4.JUnit4Provider.execute(JUnit4Provider.java:365)
	at org.apache.maven.surefire.junit4.JUnit4Provider.executeWithRerun(JUnit4Provider.java:273)
	at org.apache.maven.surefire.junit4.JUnit4Provider.executeTestSet(JUnit4Provider.java:238)
	at org.apache.maven.surefire.junit4.JUnit4Provider.invoke(JUnit4Provider.java:159)
	at org.apache.maven.surefire.booter.ForkedBooter.invokeProviderInSameClassLoader(ForkedBooter.java:384)
	at org.apache.maven.surefire.booter.ForkedBooter.runSuitesInProcess(ForkedBooter.java:345)
	at org.apache.maven.surefire.booter.ForkedBooter.execute(ForkedBooter.java:126)
	at org.apache.maven.surefire.booter.ForkedBooter.main(ForkedBooter.java:418)
]]></error>
    <system-out><![CDATA[2019-09-26 23:41:48,948 [main] WARN  server.ServerUtils (ServerUtils.java:getScmDbDir(145)) - ozone.scm.db.dirs is not configured. We recommend adding this setting. Falling back to ozone.metadata.dirs instead.
2019-09-26 23:41:49,092 [main] WARN  server.ServerUtils (ServerUtils.java:getScmDbDir(145)) - ozone.scm.db.dirs is not configured. We recommend adding this setting. Falling back to ozone.metadata.dirs instead.
2019-09-26 23:41:49,096 [main] WARN  server.ServerUtils (ServerUtils.java:getScmDbDir(145)) - ozone.scm.db.dirs is not configured. We recommend adding this setting. Falling back to ozone.metadata.dirs instead.
2019-09-26 23:41:49,117 [main] INFO  util.log (Log.java:initialized(192)) - Logging initialized @905ms
2019-09-26 23:41:49,251 [main] INFO  db.DBStoreBuilder (DBStoreBuilder.java:addTable(110)) - using custom profile for table: deletedBlocks
2019-09-26 23:41:49,252 [main] INFO  db.DBStoreBuilder (DBStoreBuilder.java:processTables(161)) - Using default column profile:DBProfile.DISK for Table:deletedBlocks
2019-09-26 23:41:49,252 [main] INFO  db.DBStoreBuilder (DBStoreBuilder.java:addTable(110)) - using custom profile for table: validCerts
2019-09-26 23:41:49,252 [main] INFO  db.DBStoreBuilder (DBStoreBuilder.java:processTables(161)) - Using default column profile:DBProfile.DISK for Table:validCerts
2019-09-26 23:41:49,253 [main] INFO  db.DBStoreBuilder (DBStoreBuilder.java:addTable(110)) - using custom profile for table: revokedCerts
2019-09-26 23:41:49,253 [main] INFO  db.DBStoreBuilder (DBStoreBuilder.java:processTables(161)) - Using default column profile:DBProfile.DISK for Table:revokedCerts
2019-09-26 23:41:49,267 [main] INFO  db.DBStoreBuilder (DBStoreBuilder.java:addTable(110)) - using custom profile for table: default
2019-09-26 23:41:49,267 [main] INFO  db.DBStoreBuilder (DBStoreBuilder.java:processTables(167)) - Using default column profile:DBProfile.DISK for Table:default
2019-09-26 23:41:49,269 [main] INFO  db.DBStoreBuilder (DBStoreBuilder.java:getDbProfile(198)) - Using default options. DBProfile.DISK
2019-09-26 23:41:49,505 [main] INFO  net.NodeSchemaLoader (NodeSchemaLoader.java:loadSchemaFromFile(125)) - Loading file from sun.misc.CompoundEnumeration@6771beb3
2019-09-26 23:41:49,507 [main] INFO  net.NodeSchemaLoader (NodeSchemaLoader.java:loadSchema(171)) - Loading network topology layer schema file
2019-09-26 23:41:49,582 [main] WARN  server.ServerUtils (ServerUtils.java:sanitizeUserArgs(70)) - ozone.scm.stale.node.interval value = 300000 is larger than max = 100000 based on the key value of ozone.scm.heartbeat.thread.interval, reset to the max value 100000.
2019-09-26 23:41:49,583 [main] WARN  server.ServerUtils (ServerUtils.java:sanitizeUserArgs(70)) - ozone.scm.stale.node.interval value = 300000 is larger than max = 100000 based on the key value of ozone.scm.heartbeat.thread.interval, reset to the max value 100000.
2019-09-26 23:41:49,586 [main] INFO  node.SCMNodeManager (SCMNodeManager.java:<init>(114)) - Entering startup safe mode.
2019-09-26 23:41:49,726 [main] INFO  algorithms.ContainerPlacementPolicyFactory (ContainerPlacementPolicyFactory.java:getPolicy(57)) - Create container placement policy of type org.apache.hadoop.hdds.scm.container.placement.algorithms.SCMContainerPlacementRandom
2019-09-26 23:41:49,743 [main] WARN  server.ServerUtils (ServerUtils.java:getScmDbDir(145)) - ozone.scm.db.dirs is not configured. We recommend adding this setting. Falling back to ozone.metadata.dirs instead.
2019-09-26 23:41:49,803 [main] INFO  pipeline.SCMPipelineManager (SCMPipelineManager.java:initializePipelineState(132)) - No pipeline exists in current db
2019-09-26 23:41:49,806 [main] WARN  server.ServerUtils (ServerUtils.java:getScmDbDir(145)) - ozone.scm.db.dirs is not configured. We recommend adding this setting. Falling back to ozone.metadata.dirs instead.
2019-09-26 23:41:49,903 [main] WARN  events.EventQueue (EventQueue.java:fireEvent(183)) - No event handler registered for event TypedEvent{payloadType=SafeModeStatus, name='SafeModeStatus'}
2019-09-26 23:41:50,279 [main] INFO  ipc.CallQueueManager (CallQueueManager.java:<init>(84)) - Using callQueue: class java.util.concurrent.LinkedBlockingQueue, queueCapacity: 2000, scheduler: class org.apache.hadoop.ipc.DefaultRpcScheduler, ipcBackoff: false.
2019-09-26 23:41:50,433 [Socket Reader #1 for port 34311] INFO  ipc.Server (Server.java:run(1074)) - Starting Socket Reader #1 for port 34311
2019-09-26 23:41:50,472 [main] INFO  ipc.CallQueueManager (CallQueueManager.java:<init>(84)) - Using callQueue: class java.util.concurrent.LinkedBlockingQueue, queueCapacity: 2000, scheduler: class org.apache.hadoop.ipc.DefaultRpcScheduler, ipcBackoff: false.
2019-09-26 23:41:50,473 [Socket Reader #1 for port 42638] INFO  ipc.Server (Server.java:run(1074)) - Starting Socket Reader #1 for port 42638
2019-09-26 23:41:50,484 [main] INFO  ipc.CallQueueManager (CallQueueManager.java:<init>(84)) - Using callQueue: class java.util.concurrent.LinkedBlockingQueue, queueCapacity: 2000, scheduler: class org.apache.hadoop.ipc.DefaultRpcScheduler, ipcBackoff: false.
2019-09-26 23:41:50,485 [Socket Reader #1 for port 33356] INFO  ipc.Server (Server.java:run(1074)) - Starting Socket Reader #1 for port 33356
2019-09-26 23:41:50,509 [main] INFO  hdfs.DFSUtil (DFSUtil.java:httpServerTemplateForNNAndJN(1641)) - Starting Web-server for scm at: http://0.0.0.0:0
2019-09-26 23:41:50,644 [main] INFO  server.AuthenticationFilter (AuthenticationFilter.java:constructSecretProvider(240)) - Unable to initialize FileSignerSecretProvider, falling back to use random secrets.
2019-09-26 23:41:50,660 [main] WARN  http.HttpRequestLog (HttpRequestLog.java:getRequestLog(97)) - Jetty request log can only be enabled using Log4j
2019-09-26 23:41:50,671 [main] INFO  http.HttpServer2 (HttpServer2.java:addGlobalFilter(975)) - Added global filter 'safety' (class=org.apache.hadoop.http.HttpServer2$QuotingInputFilter)
2019-09-26 23:41:50,674 [main] INFO  http.HttpServer2 (HttpServer2.java:addFilter(948)) - Added filter static_user_filter (class=org.apache.hadoop.http.lib.StaticUserWebFilter$StaticUserFilter) to context scm
2019-09-26 23:41:50,674 [main] INFO  http.HttpServer2 (HttpServer2.java:addFilter(958)) - Added filter static_user_filter (class=org.apache.hadoop.http.lib.StaticUserWebFilter$StaticUserFilter) to context logs
2019-09-26 23:41:50,674 [main] INFO  http.HttpServer2 (HttpServer2.java:addFilter(958)) - Added filter static_user_filter (class=org.apache.hadoop.http.lib.StaticUserWebFilter$StaticUserFilter) to context static
2019-09-26 23:41:50,704 [main] INFO  server.StorageContainerManager (StorageContainerManager.java:start(770)) - StorageContainerLocationProtocol RPC server is listening at /0.0.0.0:33356
2019-09-26 23:41:50,756 [main] WARN  impl.MetricsConfig (MetricsConfig.java:loadFirst(134)) - Cannot locate configuration: tried hadoop-metrics2-storagecontainermanager.properties,hadoop-metrics2.properties
2019-09-26 23:41:50,773 [main] INFO  impl.MetricsSystemImpl (MetricsSystemImpl.java:startTimer(374)) - Scheduled Metric snapshot period at 10 second(s).
2019-09-26 23:41:50,773 [main] INFO  impl.MetricsSystemImpl (MetricsSystemImpl.java:start(191)) - StorageContainerManager metrics system started
2019-09-26 23:41:51,002 [main] INFO  server.SCMClientProtocolServer (SCMClientProtocolServer.java:start(151)) - RPC server for Client  is listening at /0.0.0.0:33356
2019-09-26 23:41:51,002 [IPC Server Responder] INFO  ipc.Server (Server.java:run(1314)) - IPC Server Responder: starting
2019-09-26 23:41:51,002 [IPC Server listener on 33356] INFO  ipc.Server (Server.java:run(1153)) - IPC Server listener on 33356: starting
2019-09-26 23:41:51,006 [main] INFO  server.StorageContainerManager (StorageContainerManager.java:start(780)) - ScmBlockLocationProtocol RPC server is listening at /0.0.0.0:42638
2019-09-26 23:41:51,007 [main] INFO  server.SCMBlockProtocolServer (SCMBlockProtocolServer.java:start(146)) - RPC server for Block Protocol is listening at /0.0.0.0:42638
2019-09-26 23:41:51,008 [IPC Server Responder] INFO  ipc.Server (Server.java:run(1314)) - IPC Server Responder: starting
2019-09-26 23:41:51,008 [IPC Server listener on 42638] INFO  ipc.Server (Server.java:run(1153)) - IPC Server listener on 42638: starting
2019-09-26 23:41:51,010 [main] INFO  server.StorageContainerManager (StorageContainerManager.java:start(784)) - ScmDatanodeProtocl RPC server is listening at /0.0.0.0:34311
2019-09-26 23:41:51,011 [main] INFO  server.SCMDatanodeProtocolServer (SCMDatanodeProtocolServer.java:start(191)) - RPC server for DataNodes is listening at /0.0.0.0:34311
2019-09-26 23:41:51,011 [IPC Server Responder] INFO  ipc.Server (Server.java:run(1314)) - IPC Server Responder: starting
2019-09-26 23:41:51,011 [IPC Server listener on 34311] INFO  ipc.Server (Server.java:run(1153)) - IPC Server listener on 34311: starting
2019-09-26 23:41:51,016 [main] INFO  http.HttpServer2 (HttpServer2.java:bindListener(1191)) - Jetty bound to port 44909
2019-09-26 23:41:51,017 [main] INFO  server.Server (Server.java:doStart(351)) - jetty-9.3.25.v20180904, build timestamp: 2018-09-04T21:11:46Z, git hash: 3ce520221d0240229c862b122d2b06c12a625732
2019-09-26 23:41:51,050 [main] INFO  handler.ContextHandler (ContextHandler.java:doStart(781)) - Started o.e.j.s.ServletContextHandler@52d239ba{/logs,file:///workdir/hadoop-ozone/ozonefs/target/log,AVAILABLE}
2019-09-26 23:41:51,051 [main] INFO  handler.ContextHandler (ContextHandler.java:doStart(781)) - Started o.e.j.s.ServletContextHandler@2f05be7f{/static,jar:file:/home/user/.m2/repository/org/apache/hadoop/hadoop-hdds-server-scm/0.5.0-SNAPSHOT/hadoop-hdds-server-scm-0.5.0-SNAPSHOT.jar!/webapps/static,AVAILABLE}
2019-09-26 23:41:51,122 [main] INFO  handler.ContextHandler (ContextHandler.java:doStart(781)) - Started o.e.j.w.WebAppContext@263f04ca{/,file:///tmp/jetty-0.0.0.0-44909-scm-_-any-1668122314920306250.dir/webapp/,AVAILABLE}{/scm}
2019-09-26 23:41:51,127 [main] INFO  server.AbstractConnector (AbstractConnector.java:doStart(278)) - Started ServerConnector@5c77053b{HTTP/1.1,[http/1.1]}{0.0.0.0:44909}
2019-09-26 23:41:51,127 [main] INFO  server.Server (Server.java:doStart(419)) - Started @2916ms
2019-09-26 23:41:51,129 [main] INFO  impl.MetricsSinkAdapter (MetricsSinkAdapter.java:start(204)) - Sink prometheus started
2019-09-26 23:41:51,130 [main] INFO  impl.MetricsSystemImpl (MetricsSystemImpl.java:registerSink(301)) - Registered sink prometheus
2019-09-26 23:41:51,131 [main] INFO  server.BaseHttpServer (BaseHttpServer.java:updateConnectorAddress(215)) - HTTP server of SCM is listening at http://0.0.0.0:44909
2019-09-26 23:41:51,141 [org.apache.hadoop.util.JvmPauseMonitor$Monitor@2ad3a1bb] INFO  util.JvmPauseMonitor (JvmPauseMonitor.java:run(188)) - Starting JVM pause monitor
2019-09-26 23:41:51,146 [main] WARN  server.ServerUtils (ServerUtils.java:getDBPath(222)) - ozone.om.db.dirs is not configured. We recommend adding this setting. Falling back to ozone.metadata.dirs instead.
2019-09-26 23:41:51,268 [main] INFO  ha.OMHANodeDetails (OMHANodeDetails.java:loadOMHAConfig(194)) - Configuration either no ozone.om.address set. Falling back to the default OM address /127.0.0.1:0
2019-09-26 23:41:51,268 [main] INFO  ha.OMHANodeDetails (OMHANodeDetails.java:getOMNodeDetails(224)) - OM Service ID is not set. Setting it to the default ID: omServiceIdDefault
2019-09-26 23:41:51,270 [main] WARN  server.ServerUtils (ServerUtils.java:getDBPath(222)) - ozone.om.db.dirs is not configured. We recommend adding this setting. Falling back to ozone.metadata.dirs instead.
2019-09-26 23:41:51,270 [main] WARN  server.ServerUtils (ServerUtils.java:getDBPath(222)) - ozone.om.db.dirs is not configured. We recommend adding this setting. Falling back to ozone.metadata.dirs instead.
2019-09-26 23:41:52,071 [main] WARN  server.ServerUtils (ServerUtils.java:getDBPath(222)) - ozone.om.db.dirs is not configured. We recommend adding this setting. Falling back to ozone.metadata.dirs instead.
2019-09-26 23:41:52,082 [main] INFO  db.DBStoreBuilder (DBStoreBuilder.java:addTable(110)) - using custom profile for table: userTable
2019-09-26 23:41:52,082 [main] INFO  db.DBStoreBuilder (DBStoreBuilder.java:processTables(161)) - Using default column profile:DBProfile.DISK for Table:userTable
2019-09-26 23:41:52,082 [main] INFO  db.DBStoreBuilder (DBStoreBuilder.java:addTable(110)) - using custom profile for table: volumeTable
2019-09-26 23:41:52,082 [main] INFO  db.DBStoreBuilder (DBStoreBuilder.java:processTables(161)) - Using default column profile:DBProfile.DISK for Table:volumeTable
2019-09-26 23:41:52,083 [main] INFO  db.DBStoreBuilder (DBStoreBuilder.java:addTable(110)) - using custom profile for table: bucketTable
2019-09-26 23:41:52,083 [main] INFO  db.DBStoreBuilder (DBStoreBuilder.java:processTables(161)) - Using default column profile:DBProfile.DISK for Table:bucketTable
2019-09-26 23:41:52,083 [main] INFO  db.DBStoreBuilder (DBStoreBuilder.java:addTable(110)) - using custom profile for table: keyTable
2019-09-26 23:41:52,083 [main] INFO  db.DBStoreBuilder (DBStoreBuilder.java:processTables(161)) - Using default column profile:DBProfile.DISK for Table:keyTable
2019-09-26 23:41:52,084 [main] INFO  db.DBStoreBuilder (DBStoreBuilder.java:addTable(110)) - using custom profile for table: deletedTable
2019-09-26 23:41:52,084 [main] INFO  db.DBStoreBuilder (DBStoreBuilder.java:processTables(161)) - Using default column profile:DBProfile.DISK for Table:deletedTable
2019-09-26 23:41:52,084 [main] INFO  db.DBStoreBuilder (DBStoreBuilder.java:addTable(110)) - using custom profile for table: openKeyTable
2019-09-26 23:41:52,084 [main] INFO  db.DBStoreBuilder (DBStoreBuilder.java:processTables(161)) - Using default column profile:DBProfile.DISK for Table:openKeyTable
2019-09-26 23:41:52,085 [main] INFO  db.DBStoreBuilder (DBStoreBuilder.java:addTable(110)) - using custom profile for table: s3Table
2019-09-26 23:41:52,085 [main] INFO  db.DBStoreBuilder (DBStoreBuilder.java:processTables(161)) - Using default column profile:DBProfile.DISK for Table:s3Table
2019-09-26 23:41:52,085 [main] INFO  db.DBStoreBuilder (DBStoreBuilder.java:addTable(110)) - using custom profile for table: multipartInfoTable
2019-09-26 23:41:52,085 [main] INFO  db.DBStoreBuilder (DBStoreBuilder.java:processTables(161)) - Using default column profile:DBProfile.DISK for Table:multipartInfoTable
2019-09-26 23:41:52,086 [main] INFO  db.DBStoreBuilder (DBStoreBuilder.java:addTable(110)) - using custom profile for table: dTokenTable
2019-09-26 23:41:52,086 [main] INFO  db.DBStoreBuilder (DBStoreBuilder.java:processTables(161)) - Using default column profile:DBProfile.DISK for Table:dTokenTable
2019-09-26 23:41:52,086 [main] INFO  db.DBStoreBuilder (DBStoreBuilder.java:addTable(110)) - using custom profile for table: s3SecretTable
2019-09-26 23:41:52,086 [main] INFO  db.DBStoreBuilder (DBStoreBuilder.java:processTables(161)) - Using default column profile:DBProfile.DISK for Table:s3SecretTable
2019-09-26 23:41:52,087 [main] INFO  db.DBStoreBuilder (DBStoreBuilder.java:addTable(110)) - using custom profile for table: prefixTable
2019-09-26 23:41:52,087 [main] INFO  db.DBStoreBuilder (DBStoreBuilder.java:processTables(161)) - Using default column profile:DBProfile.DISK for Table:prefixTable
2019-09-26 23:41:52,087 [main] INFO  db.DBStoreBuilder (DBStoreBuilder.java:addTable(110)) - using custom profile for table: default
2019-09-26 23:41:52,087 [main] INFO  db.DBStoreBuilder (DBStoreBuilder.java:processTables(167)) - Using default column profile:DBProfile.DISK for Table:default
2019-09-26 23:41:52,087 [main] INFO  db.DBStoreBuilder (DBStoreBuilder.java:getDbProfile(198)) - Using default options. DBProfile.DISK
2019-09-26 23:41:52,643 [main] INFO  ipc.CallQueueManager (CallQueueManager.java:<init>(84)) - Using callQueue: class java.util.concurrent.LinkedBlockingQueue, queueCapacity: 2000, scheduler: class org.apache.hadoop.ipc.DefaultRpcScheduler, ipcBackoff: false.
2019-09-26 23:41:52,644 [Socket Reader #1 for port 43379] INFO  ipc.Server (Server.java:run(1074)) - Starting Socket Reader #1 for port 43379
2019-09-26 23:41:52,676 [main] INFO  om.OzoneManager (OzoneManager.java:start(1069)) - OzoneManager RPC server is listening at localhost/127.0.0.1:43379
2019-09-26 23:41:52,676 [main] INFO  impl.MetricsSystemImpl (MetricsSystemImpl.java:init(158)) - OzoneManager metrics system started (again)
2019-09-26 23:41:52,677 [IPC Server Responder] INFO  ipc.Server (Server.java:run(1314)) - IPC Server Responder: starting
2019-09-26 23:41:52,678 [IPC Server listener on 43379] INFO  ipc.Server (Server.java:run(1153)) - IPC Server listener on 43379: starting
2019-09-26 23:41:52,684 [main] INFO  hdfs.DFSUtil (DFSUtil.java:httpServerTemplateForNNAndJN(1641)) - Starting Web-server for ozoneManager at: http://0.0.0.0:0
2019-09-26 23:41:52,688 [main] INFO  server.AuthenticationFilter (AuthenticationFilter.java:constructSecretProvider(240)) - Unable to initialize FileSignerSecretProvider, falling back to use random secrets.
2019-09-26 23:41:52,688 [main] WARN  http.HttpRequestLog (HttpRequestLog.java:getRequestLog(97)) - Jetty request log can only be enabled using Log4j
2019-09-26 23:41:52,692 [main] INFO  http.HttpServer2 (HttpServer2.java:addGlobalFilter(975)) - Added global filter 'safety' (class=org.apache.hadoop.http.HttpServer2$QuotingInputFilter)
2019-09-26 23:41:52,695 [main] INFO  http.HttpServer2 (HttpServer2.java:addFilter(948)) - Added filter static_user_filter (class=org.apache.hadoop.http.lib.StaticUserWebFilter$StaticUserFilter) to context ozoneManager
2019-09-26 23:41:52,695 [main] INFO  http.HttpServer2 (HttpServer2.java:addFilter(958)) - Added filter static_user_filter (class=org.apache.hadoop.http.lib.StaticUserWebFilter$StaticUserFilter) to context static
2019-09-26 23:41:52,695 [main] INFO  http.HttpServer2 (HttpServer2.java:addFilter(958)) - Added filter static_user_filter (class=org.apache.hadoop.http.lib.StaticUserWebFilter$StaticUserFilter) to context logs
2019-09-26 23:41:52,699 [main] INFO  http.HttpServer2 (HttpServer2.java:bindListener(1191)) - Jetty bound to port 33692
2019-09-26 23:41:52,700 [main] INFO  server.Server (Server.java:doStart(351)) - jetty-9.3.25.v20180904, build timestamp: 2018-09-04T21:11:46Z, git hash: 3ce520221d0240229c862b122d2b06c12a625732
2019-09-26 23:41:52,704 [main] INFO  handler.ContextHandler (ContextHandler.java:doStart(781)) - Started o.e.j.s.ServletContextHandler@19569ebd{/logs,file:///workdir/hadoop-ozone/ozonefs/target/log,AVAILABLE}
2019-09-26 23:41:52,705 [main] INFO  handler.ContextHandler (ContextHandler.java:doStart(781)) - Started o.e.j.s.ServletContextHandler@6e1f8469{/static,jar:file:/home/user/.m2/repository/org/apache/hadoop/hadoop-ozone-ozone-manager/0.5.0-SNAPSHOT/hadoop-ozone-ozone-manager-0.5.0-SNAPSHOT.jar!/webapps/static,AVAILABLE}
2019-09-26 23:41:52,770 [main] INFO  handler.ContextHandler (ContextHandler.java:doStart(781)) - Started o.e.j.w.WebAppContext@7ac9af2a{/,file:///tmp/jetty-0.0.0.0-33692-ozoneManager-_-any-8215102141684069559.dir/webapp/,AVAILABLE}{/ozoneManager}
2019-09-26 23:41:52,772 [main] INFO  server.AbstractConnector (AbstractConnector.java:doStart(278)) - Started ServerConnector@7bb004b8{HTTP/1.1,[http/1.1]}{0.0.0.0:33692}
2019-09-26 23:41:52,772 [main] INFO  server.Server (Server.java:doStart(419)) - Started @4561ms
2019-09-26 23:41:52,773 [main] WARN  impl.MetricsSystemImpl (MetricsSystemImpl.java:register(276)) - Sink prometheus already exists!
2019-09-26 23:41:52,774 [main] INFO  server.BaseHttpServer (BaseHttpServer.java:updateConnectorAddress(215)) - HTTP server of OZONEMANAGER is listening at http://0.0.0.0:33692
2019-09-26 23:41:53,168 [main] INFO  impl.MetricsSystemImpl (MetricsSystemImpl.java:init(158)) - HddsDatanode metrics system started (again)
2019-09-26 23:41:53,250 [main] INFO  ozone.HddsDatanodeService (HddsDatanodeService.java:start(184)) - HddsDatanodeService host:pr-hdds-2162-kpcbn-4093309294 ip:192.168.151.109
2019-09-26 23:41:53,306 [main] INFO  volume.HddsVolume (HddsVolume.java:<init>(176)) - Creating Volume: /workdir/hadoop-ozone/ozonefs/target/test-dir/MiniOzoneClusterImpl-732670c7-f75b-424f-848a-3ce441686c31/datanode-0/data/containers/hdds of  storage type : DISK and capacity : 1482555576320
2019-09-26 23:41:53,310 [main] INFO  volume.VolumeSet (VolumeSet.java:initializeVolumeSet(170)) - Added Volume : /workdir/hadoop-ozone/ozonefs/target/test-dir/MiniOzoneClusterImpl-732670c7-f75b-424f-848a-3ce441686c31/datanode-0/data/containers/hdds to VolumeSet
2019-09-26 23:41:53,315 [main] INFO  volume.ThrottledAsyncChecker (ThrottledAsyncChecker.java:schedule(139)) - Scheduling a check for org.apache.hadoop.ozone.container.common.volume.HddsVolume@4ce14f05
2019-09-26 23:41:53,344 [main] INFO  volume.HddsVolumeChecker (HddsVolumeChecker.java:checkAllVolumes(202)) - Scheduled health check for volume org.apache.hadoop.ozone.container.common.volume.HddsVolume@4ce14f05
2019-09-26 23:41:53,492 [main] INFO  impl.RaftServerProxy (ConfUtils.java:logGet(43)) - raft.rpc.type = GRPC (default)
2019-09-26 23:41:53,570 [main] INFO  grpc.GrpcFactory (GrpcFactory.java:checkPooledByteBufAllocatorUseCacheForAllThreads(45)) - PERFORMANCE WARNING: useCacheForAllThreads is true that may cause Netty to create a lot garbage objects and, as a result, trigger GC.
	It is recommended to disable useCacheForAllThreads by setting -Dorg.apache.ratis.thirdparty.io.netty.allocator.useCacheForAllThreads=false in command line.
2019-09-26 23:41:53,575 [main] INFO  grpc.GrpcConfigKeys$Server (ConfUtils.java:logGet(43)) - raft.grpc.server.port = 0 (default)
2019-09-26 23:41:53,576 [main] INFO  server.GrpcService (ConfUtils.java:logGet(43)) - raft.grpc.message.size.max = 33570816 (custom)
2019-09-26 23:41:53,578 [main] INFO  server.RaftServerConfigKeys (ConfUtils.java:logGet(43)) - raft.server.log.appender.buffer.byte-limit = 33554432 (custom)
2019-09-26 23:41:53,579 [main] INFO  server.GrpcService (ConfUtils.java:logGet(43)) - raft.grpc.flow.control.window = 1MB (=1048576) (default)
2019-09-26 23:41:53,580 [main] INFO  server.RaftServerConfigKeys (ConfUtils.java:logGet(43)) - raft.server.rpc.request.timeout = 3000ms (default)
2019-09-26 23:41:53,767 [main] INFO  server.RaftServerConfigKeys (ConfUtils.java:logGet(43)) - raft.server.storage.dir = [/workdir/hadoop-ozone/ozonefs/target/test-dir/MiniOzoneClusterImpl-732670c7-f75b-424f-848a-3ce441686c31/datanode-0/data/ratis] (custom)
2019-09-26 23:41:53,829 [main] INFO  hdfs.DFSUtil (DFSUtil.java:httpServerTemplateForNNAndJN(1641)) - Starting Web-server for hddsDatanode at: http://0.0.0.0:0
2019-09-26 23:41:53,833 [main] INFO  server.AuthenticationFilter (AuthenticationFilter.java:constructSecretProvider(240)) - Unable to initialize FileSignerSecretProvider, falling back to use random secrets.
2019-09-26 23:41:53,834 [main] WARN  http.HttpRequestLog (HttpRequestLog.java:getRequestLog(97)) - Jetty request log can only be enabled using Log4j
2019-09-26 23:41:53,840 [main] INFO  http.HttpServer2 (HttpServer2.java:addGlobalFilter(975)) - Added global filter 'safety' (class=org.apache.hadoop.http.HttpServer2$QuotingInputFilter)
2019-09-26 23:41:53,845 [main] INFO  http.HttpServer2 (HttpServer2.java:addFilter(948)) - Added filter static_user_filter (class=org.apache.hadoop.http.lib.StaticUserWebFilter$StaticUserFilter) to context hddsDatanode
2019-09-26 23:41:53,845 [main] INFO  http.HttpServer2 (HttpServer2.java:addFilter(958)) - Added filter static_user_filter (class=org.apache.hadoop.http.lib.StaticUserWebFilter$StaticUserFilter) to context logs
2019-09-26 23:41:53,846 [main] INFO  http.HttpServer2 (HttpServer2.java:addFilter(958)) - Added filter static_user_filter (class=org.apache.hadoop.http.lib.StaticUserWebFilter$StaticUserFilter) to context static
2019-09-26 23:41:53,848 [main] INFO  http.HttpServer2 (HttpServer2.java:bindListener(1191)) - Jetty bound to port 37163
2019-09-26 23:41:53,848 [main] INFO  server.Server (Server.java:doStart(351)) - jetty-9.3.25.v20180904, build timestamp: 2018-09-04T21:11:46Z, git hash: 3ce520221d0240229c862b122d2b06c12a625732
2019-09-26 23:41:53,854 [main] INFO  handler.ContextHandler (ContextHandler.java:doStart(781)) - Started o.e.j.s.ServletContextHandler@784abd3e{/logs,file:///workdir/hadoop-ozone/ozonefs/target/log,AVAILABLE}
2019-09-26 23:41:53,856 [main] INFO  handler.ContextHandler (ContextHandler.java:doStart(781)) - Started o.e.j.s.ServletContextHandler@434514d8{/static,jar:file:/home/user/.m2/repository/org/apache/hadoop/hadoop-hdds-container-service/0.5.0-SNAPSHOT/hadoop-hdds-container-service-0.5.0-SNAPSHOT.jar!/webapps/static,AVAILABLE}
2019-09-26 23:41:53,898 [main] INFO  handler.ContextHandler (ContextHandler.java:doStart(781)) - Started o.e.j.w.WebAppContext@4b97c4ad{/,file:///tmp/jetty-0.0.0.0-37163-hddsDatanode-_-any-8058519117548701910.dir/webapp/,AVAILABLE}{/hddsDatanode}
2019-09-26 23:41:53,900 [main] INFO  server.AbstractConnector (AbstractConnector.java:doStart(278)) - Started ServerConnector@7640a5b1{HTTP/1.1,[http/1.1]}{0.0.0.0:37163}
2019-09-26 23:41:53,901 [main] INFO  server.Server (Server.java:doStart(419)) - Started @5690ms
2019-09-26 23:41:53,902 [main] WARN  impl.MetricsSystemImpl (MetricsSystemImpl.java:register(276)) - Sink prometheus already exists!
2019-09-26 23:41:53,903 [main] INFO  server.BaseHttpServer (BaseHttpServer.java:updateConnectorAddress(215)) - HTTP server of HDDSDATANODE is listening at http://0.0.0.0:37163
2019-09-26 23:41:53,904 [main] INFO  impl.MetricsSystemImpl (MetricsSystemImpl.java:init(158)) - HddsDatanode metrics system started (again)
2019-09-26 23:41:53,909 [main] INFO  ozone.HddsDatanodeService (HddsDatanodeService.java:start(184)) - HddsDatanodeService host:pr-hdds-2162-kpcbn-4093309294 ip:192.168.151.109
2019-09-26 23:41:53,914 [org.apache.hadoop.util.JvmPauseMonitor$Monitor@6ae50af4] INFO  util.JvmPauseMonitor (JvmPauseMonitor.java:run(188)) - Starting JVM pause monitor
2019-09-26 23:41:53,919 [main] INFO  volume.HddsVolume (HddsVolume.java:<init>(176)) - Creating Volume: /workdir/hadoop-ozone/ozonefs/target/test-dir/MiniOzoneClusterImpl-732670c7-f75b-424f-848a-3ce441686c31/datanode-1/data/containers/hdds of  storage type : DISK and capacity : 1482555576320
2019-09-26 23:41:53,919 [main] INFO  volume.VolumeSet (VolumeSet.java:initializeVolumeSet(170)) - Added Volume : /workdir/hadoop-ozone/ozonefs/target/test-dir/MiniOzoneClusterImpl-732670c7-f75b-424f-848a-3ce441686c31/datanode-1/data/containers/hdds to VolumeSet
2019-09-26 23:41:53,920 [main] INFO  volume.ThrottledAsyncChecker (ThrottledAsyncChecker.java:schedule(139)) - Scheduling a check for org.apache.hadoop.ozone.container.common.volume.HddsVolume@4052c8c2
2019-09-26 23:41:53,920 [main] INFO  volume.HddsVolumeChecker (HddsVolumeChecker.java:checkAllVolumes(202)) - Scheduled health check for volume org.apache.hadoop.ozone.container.common.volume.HddsVolume@4052c8c2
2019-09-26 23:41:53,945 [main] INFO  impl.RaftServerProxy (ConfUtils.java:logGet(43)) - raft.rpc.type = GRPC (default)
2019-09-26 23:41:53,945 [main] INFO  grpc.GrpcFactory (GrpcFactory.java:checkPooledByteBufAllocatorUseCacheForAllThreads(45)) - PERFORMANCE WARNING: useCacheForAllThreads is true that may cause Netty to create a lot garbage objects and, as a result, trigger GC.
	It is recommended to disable useCacheForAllThreads by setting -Dorg.apache.ratis.thirdparty.io.netty.allocator.useCacheForAllThreads=false in command line.
2019-09-26 23:41:53,945 [main] INFO  grpc.GrpcConfigKeys$Server (ConfUtils.java:logGet(43)) - raft.grpc.server.port = 0 (default)
2019-09-26 23:41:53,946 [main] INFO  server.GrpcService (ConfUtils.java:logGet(43)) - raft.grpc.message.size.max = 33570816 (custom)
2019-09-26 23:41:53,946 [main] INFO  server.RaftServerConfigKeys (ConfUtils.java:logGet(43)) - raft.server.log.appender.buffer.byte-limit = 33554432 (custom)
2019-09-26 23:41:53,946 [main] INFO  server.GrpcService (ConfUtils.java:logGet(43)) - raft.grpc.flow.control.window = 1MB (=1048576) (default)
2019-09-26 23:41:53,946 [main] INFO  server.RaftServerConfigKeys (ConfUtils.java:logGet(43)) - raft.server.rpc.request.timeout = 3000ms (default)
2019-09-26 23:41:53,947 [main] INFO  server.RaftServerConfigKeys (ConfUtils.java:logGet(43)) - raft.server.storage.dir = [/workdir/hadoop-ozone/ozonefs/target/test-dir/MiniOzoneClusterImpl-732670c7-f75b-424f-848a-3ce441686c31/datanode-1/data/ratis] (custom)
2019-09-26 23:41:53,949 [main] INFO  hdfs.DFSUtil (DFSUtil.java:httpServerTemplateForNNAndJN(1641)) - Starting Web-server for hddsDatanode at: http://0.0.0.0:0
2019-09-26 23:41:53,950 [main] INFO  server.AuthenticationFilter (AuthenticationFilter.java:constructSecretProvider(240)) - Unable to initialize FileSignerSecretProvider, falling back to use random secrets.
2019-09-26 23:41:53,951 [main] WARN  http.HttpRequestLog (HttpRequestLog.java:getRequestLog(97)) - Jetty request log can only be enabled using Log4j
2019-09-26 23:41:53,953 [main] INFO  http.HttpServer2 (HttpServer2.java:addGlobalFilter(975)) - Added global filter 'safety' (class=org.apache.hadoop.http.HttpServer2$QuotingInputFilter)
2019-09-26 23:41:53,954 [main] INFO  http.HttpServer2 (HttpServer2.java:addFilter(948)) - Added filter static_user_filter (class=org.apache.hadoop.http.lib.StaticUserWebFilter$StaticUserFilter) to context hddsDatanode
2019-09-26 23:41:53,954 [main] INFO  http.HttpServer2 (HttpServer2.java:addFilter(958)) - Added filter static_user_filter (class=org.apache.hadoop.http.lib.StaticUserWebFilter$StaticUserFilter) to context logs
2019-09-26 23:41:53,955 [main] INFO  http.HttpServer2 (HttpServer2.java:addFilter(958)) - Added filter static_user_filter (class=org.apache.hadoop.http.lib.StaticUserWebFilter$StaticUserFilter) to context static
2019-09-26 23:41:53,955 [main] INFO  http.HttpServer2 (HttpServer2.java:bindListener(1191)) - Jetty bound to port 33365
2019-09-26 23:41:53,955 [main] INFO  server.Server (Server.java:doStart(351)) - jetty-9.3.25.v20180904, build timestamp: 2018-09-04T21:11:46Z, git hash: 3ce520221d0240229c862b122d2b06c12a625732
2019-09-26 23:41:53,960 [main] INFO  handler.ContextHandler (ContextHandler.java:doStart(781)) - Started o.e.j.s.ServletContextHandler@45acdd11{/logs,file:///workdir/hadoop-ozone/ozonefs/target/log,AVAILABLE}
2019-09-26 23:41:53,960 [main] INFO  handler.ContextHandler (ContextHandler.java:doStart(781)) - Started o.e.j.s.ServletContextHandler@237f7970{/static,jar:file:/home/user/.m2/repository/org/apache/hadoop/hadoop-hdds-container-service/0.5.0-SNAPSHOT/hadoop-hdds-container-service-0.5.0-SNAPSHOT.jar!/webapps/static,AVAILABLE}
2019-09-26 23:41:53,988 [main] INFO  handler.ContextHandler (ContextHandler.java:doStart(781)) - Started o.e.j.w.WebAppContext@4f89331f{/,file:///tmp/jetty-0.0.0.0-33365-hddsDatanode-_-any-1634996432420637057.dir/webapp/,AVAILABLE}{/hddsDatanode}
2019-09-26 23:41:53,989 [main] INFO  server.AbstractConnector (AbstractConnector.java:doStart(278)) - Started ServerConnector@618ff5c2{HTTP/1.1,[http/1.1]}{0.0.0.0:33365}
2019-09-26 23:41:53,990 [main] INFO  server.Server (Server.java:doStart(419)) - Started @5779ms
2019-09-26 23:41:53,991 [main] WARN  impl.MetricsSystemImpl (MetricsSystemImpl.java:register(276)) - Sink prometheus already exists!
2019-09-26 23:41:53,992 [main] INFO  server.BaseHttpServer (BaseHttpServer.java:updateConnectorAddress(215)) - HTTP server of HDDSDATANODE is listening at http://0.0.0.0:33365
2019-09-26 23:41:53,992 [main] INFO  impl.MetricsSystemImpl (MetricsSystemImpl.java:init(158)) - HddsDatanode metrics system started (again)
2019-09-26 23:41:53,995 [main] INFO  ozone.HddsDatanodeService (HddsDatanodeService.java:start(184)) - HddsDatanodeService host:pr-hdds-2162-kpcbn-4093309294 ip:192.168.151.109
2019-09-26 23:41:53,995 [org.apache.hadoop.util.JvmPauseMonitor$Monitor@4342573a] INFO  util.JvmPauseMonitor (JvmPauseMonitor.java:run(188)) - Starting JVM pause monitor
2019-09-26 23:41:54,004 [main] INFO  volume.HddsVolume (HddsVolume.java:<init>(176)) - Creating Volume: /workdir/hadoop-ozone/ozonefs/target/test-dir/MiniOzoneClusterImpl-732670c7-f75b-424f-848a-3ce441686c31/datanode-2/data/containers/hdds of  storage type : DISK and capacity : 1482555576320
2019-09-26 23:41:54,005 [main] INFO  volume.VolumeSet (VolumeSet.java:initializeVolumeSet(170)) - Added Volume : /workdir/hadoop-ozone/ozonefs/target/test-dir/MiniOzoneClusterImpl-732670c7-f75b-424f-848a-3ce441686c31/datanode-2/data/containers/hdds to VolumeSet
2019-09-26 23:41:54,005 [main] INFO  volume.ThrottledAsyncChecker (ThrottledAsyncChecker.java:schedule(139)) - Scheduling a check for org.apache.hadoop.ozone.container.common.volume.HddsVolume@7b306b9f
2019-09-26 23:41:54,006 [main] INFO  volume.HddsVolumeChecker (HddsVolumeChecker.java:checkAllVolumes(202)) - Scheduled health check for volume org.apache.hadoop.ozone.container.common.volume.HddsVolume@7b306b9f
2019-09-26 23:41:54,029 [main] INFO  impl.RaftServerProxy (ConfUtils.java:logGet(43)) - raft.rpc.type = GRPC (default)
2019-09-26 23:41:54,030 [main] INFO  grpc.GrpcFactory (GrpcFactory.java:checkPooledByteBufAllocatorUseCacheForAllThreads(45)) - PERFORMANCE WARNING: useCacheForAllThreads is true that may cause Netty to create a lot garbage objects and, as a result, trigger GC.
	It is recommended to disable useCacheForAllThreads by setting -Dorg.apache.ratis.thirdparty.io.netty.allocator.useCacheForAllThreads=false in command line.
2019-09-26 23:41:54,030 [main] INFO  grpc.GrpcConfigKeys$Server (ConfUtils.java:logGet(43)) - raft.grpc.server.port = 0 (default)
2019-09-26 23:41:54,030 [main] INFO  server.GrpcService (ConfUtils.java:logGet(43)) - raft.grpc.message.size.max = 33570816 (custom)
2019-09-26 23:41:54,030 [main] INFO  server.RaftServerConfigKeys (ConfUtils.java:logGet(43)) - raft.server.log.appender.buffer.byte-limit = 33554432 (custom)
2019-09-26 23:41:54,031 [main] INFO  server.GrpcService (ConfUtils.java:logGet(43)) - raft.grpc.flow.control.window = 1MB (=1048576) (default)
2019-09-26 23:41:54,031 [main] INFO  server.RaftServerConfigKeys (ConfUtils.java:logGet(43)) - raft.server.rpc.request.timeout = 3000ms (default)
2019-09-26 23:41:54,032 [main] INFO  server.RaftServerConfigKeys (ConfUtils.java:logGet(43)) - raft.server.storage.dir = [/workdir/hadoop-ozone/ozonefs/target/test-dir/MiniOzoneClusterImpl-732670c7-f75b-424f-848a-3ce441686c31/datanode-2/data/ratis] (custom)
2019-09-26 23:41:54,034 [main] INFO  hdfs.DFSUtil (DFSUtil.java:httpServerTemplateForNNAndJN(1641)) - Starting Web-server for hddsDatanode at: http://0.0.0.0:0
2019-09-26 23:41:54,035 [main] INFO  server.AuthenticationFilter (AuthenticationFilter.java:constructSecretProvider(240)) - Unable to initialize FileSignerSecretProvider, falling back to use random secrets.
2019-09-26 23:41:54,036 [main] WARN  http.HttpRequestLog (HttpRequestLog.java:getRequestLog(97)) - Jetty request log can only be enabled using Log4j
2019-09-26 23:41:54,038 [main] INFO  http.HttpServer2 (HttpServer2.java:addGlobalFilter(975)) - Added global filter 'safety' (class=org.apache.hadoop.http.HttpServer2$QuotingInputFilter)
2019-09-26 23:41:54,039 [main] INFO  http.HttpServer2 (HttpServer2.java:addFilter(948)) - Added filter static_user_filter (class=org.apache.hadoop.http.lib.StaticUserWebFilter$StaticUserFilter) to context hddsDatanode
2019-09-26 23:41:54,039 [main] INFO  http.HttpServer2 (HttpServer2.java:addFilter(958)) - Added filter static_user_filter (class=org.apache.hadoop.http.lib.StaticUserWebFilter$StaticUserFilter) to context static
2019-09-26 23:41:54,039 [main] INFO  http.HttpServer2 (HttpServer2.java:addFilter(958)) - Added filter static_user_filter (class=org.apache.hadoop.http.lib.StaticUserWebFilter$StaticUserFilter) to context logs
2019-09-26 23:41:54,040 [main] INFO  http.HttpServer2 (HttpServer2.java:bindListener(1191)) - Jetty bound to port 39755
2019-09-26 23:41:54,040 [main] INFO  server.Server (Server.java:doStart(351)) - jetty-9.3.25.v20180904, build timestamp: 2018-09-04T21:11:46Z, git hash: 3ce520221d0240229c862b122d2b06c12a625732
2019-09-26 23:41:54,042 [main] INFO  handler.ContextHandler (ContextHandler.java:doStart(781)) - Started o.e.j.s.ServletContextHandler@3a66e67e{/logs,file:///workdir/hadoop-ozone/ozonefs/target/log,AVAILABLE}
2019-09-26 23:41:54,043 [main] INFO  handler.ContextHandler (ContextHandler.java:doStart(781)) - Started o.e.j.s.ServletContextHandler@4596f8f3{/static,jar:file:/home/user/.m2/repository/org/apache/hadoop/hadoop-hdds-container-service/0.5.0-SNAPSHOT/hadoop-hdds-container-service-0.5.0-SNAPSHOT.jar!/webapps/static,AVAILABLE}
2019-09-26 23:41:54,056 [Datanode State Machine Thread - 0] INFO  datanode.InitDatanodeState (InitDatanodeState.java:persistContainerDatanodeDetails(140)) - DatanodeDetails is persisted to /workdir/hadoop-ozone/ozonefs/target/test-dir/MiniOzoneClusterImpl-732670c7-f75b-424f-848a-3ce441686c31/datanode-0/meta/datanode.id
2019-09-26 23:41:54,061 [Datanode State Machine Thread - 0] INFO  datanode.InitDatanodeState (InitDatanodeState.java:persistContainerDatanodeDetails(140)) - DatanodeDetails is persisted to /workdir/hadoop-ozone/ozonefs/target/test-dir/MiniOzoneClusterImpl-732670c7-f75b-424f-848a-3ce441686c31/datanode-1/meta/datanode.id
2019-09-26 23:41:54,075 [main] INFO  handler.ContextHandler (ContextHandler.java:doStart(781)) - Started o.e.j.w.WebAppContext@3aa41da1{/,file:///tmp/jetty-0.0.0.0-39755-hddsDatanode-_-any-4514959036138316413.dir/webapp/,AVAILABLE}{/hddsDatanode}
2019-09-26 23:41:54,076 [main] INFO  server.AbstractConnector (AbstractConnector.java:doStart(278)) - Started ServerConnector@74fab04a{HTTP/1.1,[http/1.1]}{0.0.0.0:39755}
2019-09-26 23:41:54,076 [main] INFO  server.Server (Server.java:doStart(419)) - Started @5865ms
2019-09-26 23:41:54,077 [main] WARN  impl.MetricsSystemImpl (MetricsSystemImpl.java:register(276)) - Sink prometheus already exists!
2019-09-26 23:41:54,078 [main] INFO  server.BaseHttpServer (BaseHttpServer.java:updateConnectorAddress(215)) - HTTP server of HDDSDATANODE is listening at http://0.0.0.0:39755
2019-09-26 23:41:54,078 [main] INFO  impl.MetricsSystemImpl (MetricsSystemImpl.java:init(158)) - HddsDatanode metrics system started (again)
2019-09-26 23:41:54,081 [main] INFO  ozone.HddsDatanodeService (HddsDatanodeService.java:start(184)) - HddsDatanodeService host:pr-hdds-2162-kpcbn-4093309294 ip:192.168.151.109
2019-09-26 23:41:54,082 [org.apache.hadoop.util.JvmPauseMonitor$Monitor@24551ce6] INFO  util.JvmPauseMonitor (JvmPauseMonitor.java:run(188)) - Starting JVM pause monitor
2019-09-26 23:41:54,085 [Datanode State Machine Thread - 0] INFO  datanode.InitDatanodeState (InitDatanodeState.java:persistContainerDatanodeDetails(140)) - DatanodeDetails is persisted to /workdir/hadoop-ozone/ozonefs/target/test-dir/MiniOzoneClusterImpl-732670c7-f75b-424f-848a-3ce441686c31/datanode-2/meta/datanode.id
2019-09-26 23:41:54,091 [main] INFO  volume.HddsVolume (HddsVolume.java:<init>(176)) - Creating Volume: /workdir/hadoop-ozone/ozonefs/target/test-dir/MiniOzoneClusterImpl-732670c7-f75b-424f-848a-3ce441686c31/datanode-3/data/containers/hdds of  storage type : DISK and capacity : 1482555576320
2019-09-26 23:41:54,091 [main] INFO  volume.VolumeSet (VolumeSet.java:initializeVolumeSet(170)) - Added Volume : /workdir/hadoop-ozone/ozonefs/target/test-dir/MiniOzoneClusterImpl-732670c7-f75b-424f-848a-3ce441686c31/datanode-3/data/containers/hdds to VolumeSet
2019-09-26 23:41:54,092 [main] INFO  volume.ThrottledAsyncChecker (ThrottledAsyncChecker.java:schedule(139)) - Scheduling a check for org.apache.hadoop.ozone.container.common.volume.HddsVolume@788ddc1f
2019-09-26 23:41:54,092 [main] INFO  volume.HddsVolumeChecker (HddsVolumeChecker.java:checkAllVolumes(202)) - Scheduled health check for volume org.apache.hadoop.ozone.container.common.volume.HddsVolume@788ddc1f
2019-09-26 23:41:54,112 [main] INFO  impl.RaftServerProxy (ConfUtils.java:logGet(43)) - raft.rpc.type = GRPC (default)
2019-09-26 23:41:54,112 [main] INFO  grpc.GrpcFactory (GrpcFactory.java:checkPooledByteBufAllocatorUseCacheForAllThreads(45)) - PERFORMANCE WARNING: useCacheForAllThreads is true that may cause Netty to create a lot garbage objects and, as a result, trigger GC.
	It is recommended to disable useCacheForAllThreads by setting -Dorg.apache.ratis.thirdparty.io.netty.allocator.useCacheForAllThreads=false in command line.
2019-09-26 23:41:54,113 [main] INFO  grpc.GrpcConfigKeys$Server (ConfUtils.java:logGet(43)) - raft.grpc.server.port = 0 (default)
2019-09-26 23:41:54,113 [main] INFO  server.GrpcService (ConfUtils.java:logGet(43)) - raft.grpc.message.size.max = 33570816 (custom)
2019-09-26 23:41:54,113 [main] INFO  server.RaftServerConfigKeys (ConfUtils.java:logGet(43)) - raft.server.log.appender.buffer.byte-limit = 33554432 (custom)
2019-09-26 23:41:54,113 [main] INFO  server.GrpcService (ConfUtils.java:logGet(43)) - raft.grpc.flow.control.window = 1MB (=1048576) (default)
2019-09-26 23:41:54,113 [main] INFO  server.RaftServerConfigKeys (ConfUtils.java:logGet(43)) - raft.server.rpc.request.timeout = 3000ms (default)
2019-09-26 23:41:54,114 [main] INFO  server.RaftServerConfigKeys (ConfUtils.java:logGet(43)) - raft.server.storage.dir = [/workdir/hadoop-ozone/ozonefs/target/test-dir/MiniOzoneClusterImpl-732670c7-f75b-424f-848a-3ce441686c31/datanode-3/data/ratis] (custom)
2019-09-26 23:41:54,115 [main] INFO  hdfs.DFSUtil (DFSUtil.java:httpServerTemplateForNNAndJN(1641)) - Starting Web-server for hddsDatanode at: http://0.0.0.0:0
2019-09-26 23:41:54,117 [main] INFO  server.AuthenticationFilter (AuthenticationFilter.java:constructSecretProvider(240)) - Unable to initialize FileSignerSecretProvider, falling back to use random secrets.
2019-09-26 23:41:54,117 [main] WARN  http.HttpRequestLog (HttpRequestLog.java:getRequestLog(97)) - Jetty request log can only be enabled using Log4j
2019-09-26 23:41:54,119 [main] INFO  http.HttpServer2 (HttpServer2.java:addGlobalFilter(975)) - Added global filter 'safety' (class=org.apache.hadoop.http.HttpServer2$QuotingInputFilter)
2019-09-26 23:41:54,120 [main] INFO  http.HttpServer2 (HttpServer2.java:addFilter(948)) - Added filter static_user_filter (class=org.apache.hadoop.http.lib.StaticUserWebFilter$StaticUserFilter) to context hddsDatanode
2019-09-26 23:41:54,120 [main] INFO  http.HttpServer2 (HttpServer2.java:addFilter(958)) - Added filter static_user_filter (class=org.apache.hadoop.http.lib.StaticUserWebFilter$StaticUserFilter) to context logs
2019-09-26 23:41:54,120 [main] INFO  http.HttpServer2 (HttpServer2.java:addFilter(958)) - Added filter static_user_filter (class=org.apache.hadoop.http.lib.StaticUserWebFilter$StaticUserFilter) to context static
2019-09-26 23:41:54,121 [main] INFO  http.HttpServer2 (HttpServer2.java:bindListener(1191)) - Jetty bound to port 33639
2019-09-26 23:41:54,121 [main] INFO  server.Server (Server.java:doStart(351)) - jetty-9.3.25.v20180904, build timestamp: 2018-09-04T21:11:46Z, git hash: 3ce520221d0240229c862b122d2b06c12a625732
2019-09-26 23:41:54,125 [main] INFO  handler.ContextHandler (ContextHandler.java:doStart(781)) - Started o.e.j.s.ServletContextHandler@1f9f381d{/logs,file:///workdir/hadoop-ozone/ozonefs/target/log,AVAILABLE}
2019-09-26 23:41:54,126 [main] INFO  handler.ContextHandler (ContextHandler.java:doStart(781)) - Started o.e.j.s.ServletContextHandler@623ebac7{/static,jar:file:/home/user/.m2/repository/org/apache/hadoop/hadoop-hdds-container-service/0.5.0-SNAPSHOT/hadoop-hdds-container-service-0.5.0-SNAPSHOT.jar!/webapps/static,AVAILABLE}
2019-09-26 23:41:54,154 [main] INFO  handler.ContextHandler (ContextHandler.java:doStart(781)) - Started o.e.j.w.WebAppContext@5cf3157b{/,file:///tmp/jetty-0.0.0.0-33639-hddsDatanode-_-any-8732351137922262695.dir/webapp/,AVAILABLE}{/hddsDatanode}
2019-09-26 23:41:54,154 [main] INFO  server.AbstractConnector (AbstractConnector.java:doStart(278)) - Started ServerConnector@625dfff3{HTTP/1.1,[http/1.1]}{0.0.0.0:33639}
2019-09-26 23:41:54,155 [main] INFO  server.Server (Server.java:doStart(419)) - Started @5944ms
2019-09-26 23:41:54,155 [main] WARN  impl.MetricsSystemImpl (MetricsSystemImpl.java:register(276)) - Sink prometheus already exists!
2019-09-26 23:41:54,156 [main] INFO  server.BaseHttpServer (BaseHttpServer.java:updateConnectorAddress(215)) - HTTP server of HDDSDATANODE is listening at http://0.0.0.0:33639
2019-09-26 23:41:54,156 [main] INFO  impl.MetricsSystemImpl (MetricsSystemImpl.java:init(158)) - HddsDatanode metrics system started (again)
2019-09-26 23:41:54,159 [org.apache.hadoop.util.JvmPauseMonitor$Monitor@6cdf47c3] INFO  util.JvmPauseMonitor (JvmPauseMonitor.java:run(188)) - Starting JVM pause monitor
2019-09-26 23:41:54,160 [main] INFO  ozone.HddsDatanodeService (HddsDatanodeService.java:start(184)) - HddsDatanodeService host:pr-hdds-2162-kpcbn-4093309294 ip:192.168.151.109
2019-09-26 23:41:54,163 [Datanode State Machine Thread - 0] INFO  datanode.InitDatanodeState (InitDatanodeState.java:persistContainerDatanodeDetails(140)) - DatanodeDetails is persisted to /workdir/hadoop-ozone/ozonefs/target/test-dir/MiniOzoneClusterImpl-732670c7-f75b-424f-848a-3ce441686c31/datanode-3/meta/datanode.id
2019-09-26 23:41:54,168 [main] INFO  volume.HddsVolume (HddsVolume.java:<init>(176)) - Creating Volume: /workdir/hadoop-ozone/ozonefs/target/test-dir/MiniOzoneClusterImpl-732670c7-f75b-424f-848a-3ce441686c31/datanode-4/data/containers/hdds of  storage type : DISK and capacity : 1482555576320
2019-09-26 23:41:54,168 [main] INFO  volume.VolumeSet (VolumeSet.java:initializeVolumeSet(170)) - Added Volume : /workdir/hadoop-ozone/ozonefs/target/test-dir/MiniOzoneClusterImpl-732670c7-f75b-424f-848a-3ce441686c31/datanode-4/data/containers/hdds to VolumeSet
2019-09-26 23:41:54,168 [main] INFO  volume.ThrottledAsyncChecker (ThrottledAsyncChecker.java:schedule(139)) - Scheduling a check for org.apache.hadoop.ozone.container.common.volume.HddsVolume@3c74aa0d
2019-09-26 23:41:54,169 [main] INFO  volume.HddsVolumeChecker (HddsVolumeChecker.java:checkAllVolumes(202)) - Scheduled health check for volume org.apache.hadoop.ozone.container.common.volume.HddsVolume@3c74aa0d
2019-09-26 23:41:54,189 [main] INFO  impl.RaftServerProxy (ConfUtils.java:logGet(43)) - raft.rpc.type = GRPC (default)
2019-09-26 23:41:54,190 [main] INFO  grpc.GrpcFactory (GrpcFactory.java:checkPooledByteBufAllocatorUseCacheForAllThreads(45)) - PERFORMANCE WARNING: useCacheForAllThreads is true that may cause Netty to create a lot garbage objects and, as a result, trigger GC.
	It is recommended to disable useCacheForAllThreads by setting -Dorg.apache.ratis.thirdparty.io.netty.allocator.useCacheForAllThreads=false in command line.
2019-09-26 23:41:54,190 [main] INFO  grpc.GrpcConfigKeys$Server (ConfUtils.java:logGet(43)) - raft.grpc.server.port = 0 (default)
2019-09-26 23:41:54,190 [main] INFO  server.GrpcService (ConfUtils.java:logGet(43)) - raft.grpc.message.size.max = 33570816 (custom)
2019-09-26 23:41:54,190 [main] INFO  server.RaftServerConfigKeys (ConfUtils.java:logGet(43)) - raft.server.log.appender.buffer.byte-limit = 33554432 (custom)
2019-09-26 23:41:54,191 [main] INFO  server.GrpcService (ConfUtils.java:logGet(43)) - raft.grpc.flow.control.window = 1MB (=1048576) (default)
2019-09-26 23:41:54,191 [main] INFO  server.RaftServerConfigKeys (ConfUtils.java:logGet(43)) - raft.server.rpc.request.timeout = 3000ms (default)
2019-09-26 23:41:54,192 [main] INFO  server.RaftServerConfigKeys (ConfUtils.java:logGet(43)) - raft.server.storage.dir = [/workdir/hadoop-ozone/ozonefs/target/test-dir/MiniOzoneClusterImpl-732670c7-f75b-424f-848a-3ce441686c31/datanode-4/data/ratis] (custom)
2019-09-26 23:41:54,193 [main] INFO  hdfs.DFSUtil (DFSUtil.java:httpServerTemplateForNNAndJN(1641)) - Starting Web-server for hddsDatanode at: http://0.0.0.0:0
2019-09-26 23:41:54,195 [main] INFO  server.AuthenticationFilter (AuthenticationFilter.java:constructSecretProvider(240)) - Unable to initialize FileSignerSecretProvider, falling back to use random secrets.
2019-09-26 23:41:54,195 [main] WARN  http.HttpRequestLog (HttpRequestLog.java:getRequestLog(97)) - Jetty request log can only be enabled using Log4j
2019-09-26 23:41:54,197 [main] INFO  http.HttpServer2 (HttpServer2.java:addGlobalFilter(975)) - Added global filter 'safety' (class=org.apache.hadoop.http.HttpServer2$QuotingInputFilter)
2019-09-26 23:41:54,198 [main] INFO  http.HttpServer2 (HttpServer2.java:addFilter(948)) - Added filter static_user_filter (class=org.apache.hadoop.http.lib.StaticUserWebFilter$StaticUserFilter) to context hddsDatanode
2019-09-26 23:41:54,198 [main] INFO  http.HttpServer2 (HttpServer2.java:addFilter(958)) - Added filter static_user_filter (class=org.apache.hadoop.http.lib.StaticUserWebFilter$StaticUserFilter) to context logs
2019-09-26 23:41:54,198 [main] INFO  http.HttpServer2 (HttpServer2.java:addFilter(958)) - Added filter static_user_filter (class=org.apache.hadoop.http.lib.StaticUserWebFilter$StaticUserFilter) to context static
2019-09-26 23:41:54,199 [main] INFO  http.HttpServer2 (HttpServer2.java:bindListener(1191)) - Jetty bound to port 36752
2019-09-26 23:41:54,199 [main] INFO  server.Server (Server.java:doStart(351)) - jetty-9.3.25.v20180904, build timestamp: 2018-09-04T21:11:46Z, git hash: 3ce520221d0240229c862b122d2b06c12a625732
2019-09-26 23:41:54,201 [main] INFO  handler.ContextHandler (ContextHandler.java:doStart(781)) - Started o.e.j.s.ServletContextHandler@19a64eae{/logs,file:///workdir/hadoop-ozone/ozonefs/target/log,AVAILABLE}
2019-09-26 23:41:54,202 [main] INFO  handler.ContextHandler (ContextHandler.java:doStart(781)) - Started o.e.j.s.ServletContextHandler@2da3b078{/static,jar:file:/home/user/.m2/repository/org/apache/hadoop/hadoop-hdds-container-service/0.5.0-SNAPSHOT/hadoop-hdds-container-service-0.5.0-SNAPSHOT.jar!/webapps/static,AVAILABLE}
2019-09-26 23:41:54,229 [main] INFO  handler.ContextHandler (ContextHandler.java:doStart(781)) - Started o.e.j.w.WebAppContext@7e446d92{/,file:///tmp/jetty-0.0.0.0-36752-hddsDatanode-_-any-2416591526028900034.dir/webapp/,AVAILABLE}{/hddsDatanode}
2019-09-26 23:41:54,229 [main] INFO  server.AbstractConnector (AbstractConnector.java:doStart(278)) - Started ServerConnector@57f9b467{HTTP/1.1,[http/1.1]}{0.0.0.0:36752}
2019-09-26 23:41:54,230 [main] INFO  server.Server (Server.java:doStart(419)) - Started @6019ms
2019-09-26 23:41:54,231 [main] WARN  impl.MetricsSystemImpl (MetricsSystemImpl.java:register(276)) - Sink prometheus already exists!
2019-09-26 23:41:54,231 [main] INFO  server.BaseHttpServer (BaseHttpServer.java:updateConnectorAddress(215)) - HTTP server of HDDSDATANODE is listening at http://0.0.0.0:36752
2019-09-26 23:41:54,232 [main] INFO  impl.MetricsSystemImpl (MetricsSystemImpl.java:init(158)) - HddsDatanode metrics system started (again)
2019-09-26 23:41:54,234 [main] INFO  ozone.HddsDatanodeService (HddsDatanodeService.java:start(184)) - HddsDatanodeService host:pr-hdds-2162-kpcbn-4093309294 ip:192.168.151.109
2019-09-26 23:41:54,234 [org.apache.hadoop.util.JvmPauseMonitor$Monitor@8d91dcf] INFO  util.JvmPauseMonitor (JvmPauseMonitor.java:run(188)) - Starting JVM pause monitor
2019-09-26 23:41:54,237 [Datanode State Machine Thread - 0] INFO  datanode.InitDatanodeState (InitDatanodeState.java:persistContainerDatanodeDetails(140)) - DatanodeDetails is persisted to /workdir/hadoop-ozone/ozonefs/target/test-dir/MiniOzoneClusterImpl-732670c7-f75b-424f-848a-3ce441686c31/datanode-4/meta/datanode.id
2019-09-26 23:41:54,241 [main] INFO  volume.HddsVolume (HddsVolume.java:<init>(176)) - Creating Volume: /workdir/hadoop-ozone/ozonefs/target/test-dir/MiniOzoneClusterImpl-732670c7-f75b-424f-848a-3ce441686c31/datanode-5/data/containers/hdds of  storage type : DISK and capacity : 1482555576320
2019-09-26 23:41:54,242 [main] INFO  volume.VolumeSet (VolumeSet.java:initializeVolumeSet(170)) - Added Volume : /workdir/hadoop-ozone/ozonefs/target/test-dir/MiniOzoneClusterImpl-732670c7-f75b-424f-848a-3ce441686c31/datanode-5/data/containers/hdds to VolumeSet
2019-09-26 23:41:54,242 [main] INFO  volume.ThrottledAsyncChecker (ThrottledAsyncChecker.java:schedule(139)) - Scheduling a check for org.apache.hadoop.ozone.container.common.volume.HddsVolume@94e51e8
2019-09-26 23:41:54,242 [main] INFO  volume.HddsVolumeChecker (HddsVolumeChecker.java:checkAllVolumes(202)) - Scheduled health check for volume org.apache.hadoop.ozone.container.common.volume.HddsVolume@94e51e8
2019-09-26 23:41:54,261 [main] INFO  impl.RaftServerProxy (ConfUtils.java:logGet(43)) - raft.rpc.type = GRPC (default)
2019-09-26 23:41:54,261 [main] INFO  grpc.GrpcFactory (GrpcFactory.java:checkPooledByteBufAllocatorUseCacheForAllThreads(45)) - PERFORMANCE WARNING: useCacheForAllThreads is true that may cause Netty to create a lot garbage objects and, as a result, trigger GC.
	It is recommended to disable useCacheForAllThreads by setting -Dorg.apache.ratis.thirdparty.io.netty.allocator.useCacheForAllThreads=false in command line.
2019-09-26 23:41:54,261 [main] INFO  grpc.GrpcConfigKeys$Server (ConfUtils.java:logGet(43)) - raft.grpc.server.port = 0 (default)
2019-09-26 23:41:54,262 [main] INFO  server.GrpcService (ConfUtils.java:logGet(43)) - raft.grpc.message.size.max = 33570816 (custom)
2019-09-26 23:41:54,262 [main] INFO  server.RaftServerConfigKeys (ConfUtils.java:logGet(43)) - raft.server.log.appender.buffer.byte-limit = 33554432 (custom)
2019-09-26 23:41:54,262 [main] INFO  server.GrpcService (ConfUtils.java:logGet(43)) - raft.grpc.flow.control.window = 1MB (=1048576) (default)
2019-09-26 23:41:54,262 [main] INFO  server.RaftServerConfigKeys (ConfUtils.java:logGet(43)) - raft.server.rpc.request.timeout = 3000ms (default)
2019-09-26 23:41:54,263 [main] INFO  server.RaftServerConfigKeys (ConfUtils.java:logGet(43)) - raft.server.storage.dir = [/workdir/hadoop-ozone/ozonefs/target/test-dir/MiniOzoneClusterImpl-732670c7-f75b-424f-848a-3ce441686c31/datanode-5/data/ratis] (custom)
2019-09-26 23:41:54,264 [main] INFO  hdfs.DFSUtil (DFSUtil.java:httpServerTemplateForNNAndJN(1641)) - Starting Web-server for hddsDatanode at: http://0.0.0.0:0
2019-09-26 23:41:54,265 [main] INFO  server.AuthenticationFilter (AuthenticationFilter.java:constructSecretProvider(240)) - Unable to initialize FileSignerSecretProvider, falling back to use random secrets.
2019-09-26 23:41:54,266 [main] WARN  http.HttpRequestLog (HttpRequestLog.java:getRequestLog(97)) - Jetty request log can only be enabled using Log4j
2019-09-26 23:41:54,267 [main] INFO  http.HttpServer2 (HttpServer2.java:addGlobalFilter(975)) - Added global filter 'safety' (class=org.apache.hadoop.http.HttpServer2$QuotingInputFilter)
2019-09-26 23:41:54,268 [main] INFO  http.HttpServer2 (HttpServer2.java:addFilter(948)) - Added filter static_user_filter (class=org.apache.hadoop.http.lib.StaticUserWebFilter$StaticUserFilter) to context hddsDatanode
2019-09-26 23:41:54,268 [main] INFO  http.HttpServer2 (HttpServer2.java:addFilter(958)) - Added filter static_user_filter (class=org.apache.hadoop.http.lib.StaticUserWebFilter$StaticUserFilter) to context logs
2019-09-26 23:41:54,268 [main] INFO  http.HttpServer2 (HttpServer2.java:addFilter(958)) - Added filter static_user_filter (class=org.apache.hadoop.http.lib.StaticUserWebFilter$StaticUserFilter) to context static
2019-09-26 23:41:54,269 [main] INFO  http.HttpServer2 (HttpServer2.java:bindListener(1191)) - Jetty bound to port 33316
2019-09-26 23:41:54,269 [main] INFO  server.Server (Server.java:doStart(351)) - jetty-9.3.25.v20180904, build timestamp: 2018-09-04T21:11:46Z, git hash: 3ce520221d0240229c862b122d2b06c12a625732
2019-09-26 23:41:54,271 [main] INFO  handler.ContextHandler (ContextHandler.java:doStart(781)) - Started o.e.j.s.ServletContextHandler@2fcd7d3f{/logs,file:///workdir/hadoop-ozone/ozonefs/target/log,AVAILABLE}
2019-09-26 23:41:54,272 [main] INFO  handler.ContextHandler (ContextHandler.java:doStart(781)) - Started o.e.j.s.ServletContextHandler@6f70a21b{/static,jar:file:/home/user/.m2/repository/org/apache/hadoop/hadoop-hdds-container-service/0.5.0-SNAPSHOT/hadoop-hdds-container-service-0.5.0-SNAPSHOT.jar!/webapps/static,AVAILABLE}
2019-09-26 23:41:54,300 [main] INFO  handler.ContextHandler (ContextHandler.java:doStart(781)) - Started o.e.j.w.WebAppContext@7a360554{/,file:///tmp/jetty-0.0.0.0-33316-hddsDatanode-_-any-5003232781528851661.dir/webapp/,AVAILABLE}{/hddsDatanode}
2019-09-26 23:41:54,300 [main] INFO  server.AbstractConnector (AbstractConnector.java:doStart(278)) - Started ServerConnector@424de326{HTTP/1.1,[http/1.1]}{0.0.0.0:33316}
2019-09-26 23:41:54,301 [main] INFO  server.Server (Server.java:doStart(419)) - Started @6090ms
2019-09-26 23:41:54,302 [main] WARN  impl.MetricsSystemImpl (MetricsSystemImpl.java:register(276)) - Sink prometheus already exists!
2019-09-26 23:41:54,302 [main] INFO  server.BaseHttpServer (BaseHttpServer.java:updateConnectorAddress(215)) - HTTP server of HDDSDATANODE is listening at http://0.0.0.0:33316
2019-09-26 23:41:54,303 [main] INFO  impl.MetricsSystemImpl (MetricsSystemImpl.java:init(158)) - HddsDatanode metrics system started (again)
2019-09-26 23:41:54,306 [main] INFO  ozone.HddsDatanodeService (HddsDatanodeService.java:start(184)) - HddsDatanodeService host:pr-hdds-2162-kpcbn-4093309294 ip:192.168.151.109
2019-09-26 23:41:54,307 [org.apache.hadoop.util.JvmPauseMonitor$Monitor@40436cf6] INFO  util.JvmPauseMonitor (JvmPauseMonitor.java:run(188)) - Starting JVM pause monitor
2019-09-26 23:41:54,311 [Datanode State Machine Thread - 0] INFO  datanode.InitDatanodeState (InitDatanodeState.java:persistContainerDatanodeDetails(140)) - DatanodeDetails is persisted to /workdir/hadoop-ozone/ozonefs/target/test-dir/MiniOzoneClusterImpl-732670c7-f75b-424f-848a-3ce441686c31/datanode-5/meta/datanode.id
2019-09-26 23:41:54,316 [main] INFO  volume.HddsVolume (HddsVolume.java:<init>(176)) - Creating Volume: /workdir/hadoop-ozone/ozonefs/target/test-dir/MiniOzoneClusterImpl-732670c7-f75b-424f-848a-3ce441686c31/datanode-6/data/containers/hdds of  storage type : DISK and capacity : 1482555576320
2019-09-26 23:41:54,317 [main] INFO  volume.VolumeSet (VolumeSet.java:initializeVolumeSet(170)) - Added Volume : /workdir/hadoop-ozone/ozonefs/target/test-dir/MiniOzoneClusterImpl-732670c7-f75b-424f-848a-3ce441686c31/datanode-6/data/containers/hdds to VolumeSet
2019-09-26 23:41:54,317 [main] INFO  volume.ThrottledAsyncChecker (ThrottledAsyncChecker.java:schedule(139)) - Scheduling a check for org.apache.hadoop.ozone.container.common.volume.HddsVolume@7b676112
2019-09-26 23:41:54,317 [main] INFO  volume.HddsVolumeChecker (HddsVolumeChecker.java:checkAllVolumes(202)) - Scheduled health check for volume org.apache.hadoop.ozone.container.common.volume.HddsVolume@7b676112
2019-09-26 23:41:54,339 [main] INFO  impl.RaftServerProxy (ConfUtils.java:logGet(43)) - raft.rpc.type = GRPC (default)
2019-09-26 23:41:54,339 [main] INFO  grpc.GrpcFactory (GrpcFactory.java:checkPooledByteBufAllocatorUseCacheForAllThreads(45)) - PERFORMANCE WARNING: useCacheForAllThreads is true that may cause Netty to create a lot garbage objects and, as a result, trigger GC.
	It is recommended to disable useCacheForAllThreads by setting -Dorg.apache.ratis.thirdparty.io.netty.allocator.useCacheForAllThreads=false in command line.
2019-09-26 23:41:54,339 [main] INFO  grpc.GrpcConfigKeys$Server (ConfUtils.java:logGet(43)) - raft.grpc.server.port = 0 (default)
2019-09-26 23:41:54,339 [main] INFO  server.GrpcService (ConfUtils.java:logGet(43)) - raft.grpc.message.size.max = 33570816 (custom)
2019-09-26 23:41:54,339 [main] INFO  server.RaftServerConfigKeys (ConfUtils.java:logGet(43)) - raft.server.log.appender.buffer.byte-limit = 33554432 (custom)
2019-09-26 23:41:54,340 [main] INFO  server.GrpcService (ConfUtils.java:logGet(43)) - raft.grpc.flow.control.window = 1MB (=1048576) (default)
2019-09-26 23:41:54,340 [main] INFO  server.RaftServerConfigKeys (ConfUtils.java:logGet(43)) - raft.server.rpc.request.timeout = 3000ms (default)
2019-09-26 23:41:54,340 [main] INFO  server.RaftServerConfigKeys (ConfUtils.java:logGet(43)) - raft.server.storage.dir = [/workdir/hadoop-ozone/ozonefs/target/test-dir/MiniOzoneClusterImpl-732670c7-f75b-424f-848a-3ce441686c31/datanode-6/data/ratis] (custom)
2019-09-26 23:41:54,342 [main] INFO  hdfs.DFSUtil (DFSUtil.java:httpServerTemplateForNNAndJN(1641)) - Starting Web-server for hddsDatanode at: http://0.0.0.0:0
2019-09-26 23:41:54,343 [main] INFO  server.AuthenticationFilter (AuthenticationFilter.java:constructSecretProvider(240)) - Unable to initialize FileSignerSecretProvider, falling back to use random secrets.
2019-09-26 23:41:54,344 [main] WARN  http.HttpRequestLog (HttpRequestLog.java:getRequestLog(97)) - Jetty request log can only be enabled using Log4j
2019-09-26 23:41:54,345 [main] INFO  http.HttpServer2 (HttpServer2.java:addGlobalFilter(975)) - Added global filter 'safety' (class=org.apache.hadoop.http.HttpServer2$QuotingInputFilter)
2019-09-26 23:41:54,346 [main] INFO  http.HttpServer2 (HttpServer2.java:addFilter(948)) - Added filter static_user_filter (class=org.apache.hadoop.http.lib.StaticUserWebFilter$StaticUserFilter) to context hddsDatanode
2019-09-26 23:41:54,346 [main] INFO  http.HttpServer2 (HttpServer2.java:addFilter(958)) - Added filter static_user_filter (class=org.apache.hadoop.http.lib.StaticUserWebFilter$StaticUserFilter) to context static
2019-09-26 23:41:54,346 [main] INFO  http.HttpServer2 (HttpServer2.java:addFilter(958)) - Added filter static_user_filter (class=org.apache.hadoop.http.lib.StaticUserWebFilter$StaticUserFilter) to context logs
2019-09-26 23:41:54,347 [main] INFO  http.HttpServer2 (HttpServer2.java:bindListener(1191)) - Jetty bound to port 33948
2019-09-26 23:41:54,347 [main] INFO  server.Server (Server.java:doStart(351)) - jetty-9.3.25.v20180904, build timestamp: 2018-09-04T21:11:46Z, git hash: 3ce520221d0240229c862b122d2b06c12a625732
2019-09-26 23:41:54,349 [main] INFO  handler.ContextHandler (ContextHandler.java:doStart(781)) - Started o.e.j.s.ServletContextHandler@797c3c3b{/logs,file:///workdir/hadoop-ozone/ozonefs/target/log,AVAILABLE}
2019-09-26 23:41:54,349 [main] INFO  handler.ContextHandler (ContextHandler.java:doStart(781)) - Started o.e.j.s.ServletContextHandler@4375b013{/static,jar:file:/home/user/.m2/repository/org/apache/hadoop/hadoop-hdds-container-service/0.5.0-SNAPSHOT/hadoop-hdds-container-service-0.5.0-SNAPSHOT.jar!/webapps/static,AVAILABLE}
2019-09-26 23:41:54,377 [main] INFO  handler.ContextHandler (ContextHandler.java:doStart(781)) - Started o.e.j.w.WebAppContext@2da66a44{/,file:///tmp/jetty-0.0.0.0-33948-hddsDatanode-_-any-2550145707457099277.dir/webapp/,AVAILABLE}{/hddsDatanode}
2019-09-26 23:41:54,377 [main] INFO  server.AbstractConnector (AbstractConnector.java:doStart(278)) - Started ServerConnector@527fc8e{HTTP/1.1,[http/1.1]}{0.0.0.0:33948}
2019-09-26 23:41:54,378 [main] INFO  server.Server (Server.java:doStart(419)) - Started @6167ms
2019-09-26 23:41:54,379 [main] WARN  impl.MetricsSystemImpl (MetricsSystemImpl.java:register(276)) - Sink prometheus already exists!
2019-09-26 23:41:54,379 [main] INFO  server.BaseHttpServer (BaseHttpServer.java:updateConnectorAddress(215)) - HTTP server of HDDSDATANODE is listening at http://0.0.0.0:33948
2019-09-26 23:41:54,380 [main] INFO  impl.MetricsSystemImpl (MetricsSystemImpl.java:init(158)) - HddsDatanode metrics system started (again)
2019-09-26 23:41:54,384 [main] INFO  ozone.HddsDatanodeService (HddsDatanodeService.java:start(184)) - HddsDatanodeService host:pr-hdds-2162-kpcbn-4093309294 ip:192.168.151.109
2019-09-26 23:41:54,384 [org.apache.hadoop.util.JvmPauseMonitor$Monitor@5d3a960c] INFO  util.JvmPauseMonitor (JvmPauseMonitor.java:run(188)) - Starting JVM pause monitor
2019-09-26 23:41:54,387 [Datanode State Machine Thread - 0] INFO  datanode.InitDatanodeState (InitDatanodeState.java:persistContainerDatanodeDetails(140)) - DatanodeDetails is persisted to /workdir/hadoop-ozone/ozonefs/target/test-dir/MiniOzoneClusterImpl-732670c7-f75b-424f-848a-3ce441686c31/datanode-6/meta/datanode.id
2019-09-26 23:41:54,392 [main] INFO  volume.HddsVolume (HddsVolume.java:<init>(176)) - Creating Volume: /workdir/hadoop-ozone/ozonefs/target/test-dir/MiniOzoneClusterImpl-732670c7-f75b-424f-848a-3ce441686c31/datanode-7/data/containers/hdds of  storage type : DISK and capacity : 1482555576320
2019-09-26 23:41:54,392 [main] INFO  volume.VolumeSet (VolumeSet.java:initializeVolumeSet(170)) - Added Volume : /workdir/hadoop-ozone/ozonefs/target/test-dir/MiniOzoneClusterImpl-732670c7-f75b-424f-848a-3ce441686c31/datanode-7/data/containers/hdds to VolumeSet
2019-09-26 23:41:54,393 [main] INFO  volume.ThrottledAsyncChecker (ThrottledAsyncChecker.java:schedule(139)) - Scheduling a check for org.apache.hadoop.ozone.container.common.volume.HddsVolume@f4a3a8d
2019-09-26 23:41:54,393 [main] INFO  volume.HddsVolumeChecker (HddsVolumeChecker.java:checkAllVolumes(202)) - Scheduled health check for volume org.apache.hadoop.ozone.container.common.volume.HddsVolume@f4a3a8d
2019-09-26 23:41:54,417 [main] INFO  impl.RaftServerProxy (ConfUtils.java:logGet(43)) - raft.rpc.type = GRPC (default)
2019-09-26 23:41:54,417 [main] INFO  grpc.GrpcFactory (GrpcFactory.java:checkPooledByteBufAllocatorUseCacheForAllThreads(45)) - PERFORMANCE WARNING: useCacheForAllThreads is true that may cause Netty to create a lot garbage objects and, as a result, trigger GC.
	It is recommended to disable useCacheForAllThreads by setting -Dorg.apache.ratis.thirdparty.io.netty.allocator.useCacheForAllThreads=false in command line.
2019-09-26 23:41:54,418 [main] INFO  grpc.GrpcConfigKeys$Server (ConfUtils.java:logGet(43)) - raft.grpc.server.port = 0 (default)
2019-09-26 23:41:54,418 [main] INFO  server.GrpcService (ConfUtils.java:logGet(43)) - raft.grpc.message.size.max = 33570816 (custom)
2019-09-26 23:41:54,418 [main] INFO  server.RaftServerConfigKeys (ConfUtils.java:logGet(43)) - raft.server.log.appender.buffer.byte-limit = 33554432 (custom)
2019-09-26 23:41:54,418 [main] INFO  server.GrpcService (ConfUtils.java:logGet(43)) - raft.grpc.flow.control.window = 1MB (=1048576) (default)
2019-09-26 23:41:54,419 [main] INFO  server.RaftServerConfigKeys (ConfUtils.java:logGet(43)) - raft.server.rpc.request.timeout = 3000ms (default)
2019-09-26 23:41:54,419 [main] INFO  server.RaftServerConfigKeys (ConfUtils.java:logGet(43)) - raft.server.storage.dir = [/workdir/hadoop-ozone/ozonefs/target/test-dir/MiniOzoneClusterImpl-732670c7-f75b-424f-848a-3ce441686c31/datanode-7/data/ratis] (custom)
2019-09-26 23:41:54,421 [main] INFO  hdfs.DFSUtil (DFSUtil.java:httpServerTemplateForNNAndJN(1641)) - Starting Web-server for hddsDatanode at: http://0.0.0.0:0
2019-09-26 23:41:54,425 [main] INFO  server.AuthenticationFilter (AuthenticationFilter.java:constructSecretProvider(240)) - Unable to initialize FileSignerSecretProvider, falling back to use random secrets.
2019-09-26 23:41:54,425 [main] WARN  http.HttpRequestLog (HttpRequestLog.java:getRequestLog(97)) - Jetty request log can only be enabled using Log4j
2019-09-26 23:41:54,429 [main] INFO  http.HttpServer2 (HttpServer2.java:addGlobalFilter(975)) - Added global filter 'safety' (class=org.apache.hadoop.http.HttpServer2$QuotingInputFilter)
2019-09-26 23:41:54,431 [main] INFO  http.HttpServer2 (HttpServer2.java:addFilter(948)) - Added filter static_user_filter (class=org.apache.hadoop.http.lib.StaticUserWebFilter$StaticUserFilter) to context hddsDatanode
2019-09-26 23:41:54,432 [main] INFO  http.HttpServer2 (HttpServer2.java:addFilter(958)) - Added filter static_user_filter (class=org.apache.hadoop.http.lib.StaticUserWebFilter$StaticUserFilter) to context static
2019-09-26 23:41:54,432 [main] INFO  http.HttpServer2 (HttpServer2.java:addFilter(958)) - Added filter static_user_filter (class=org.apache.hadoop.http.lib.StaticUserWebFilter$StaticUserFilter) to context logs
2019-09-26 23:41:54,434 [main] INFO  http.HttpServer2 (HttpServer2.java:bindListener(1191)) - Jetty bound to port 35156
2019-09-26 23:41:54,434 [main] INFO  server.Server (Server.java:doStart(351)) - jetty-9.3.25.v20180904, build timestamp: 2018-09-04T21:11:46Z, git hash: 3ce520221d0240229c862b122d2b06c12a625732
2019-09-26 23:41:54,437 [main] INFO  handler.ContextHandler (ContextHandler.java:doStart(781)) - Started o.e.j.s.ServletContextHandler@9b9a327{/logs,file:///workdir/hadoop-ozone/ozonefs/target/log,AVAILABLE}
2019-09-26 23:41:54,438 [main] INFO  handler.ContextHandler (ContextHandler.java:doStart(781)) - Started o.e.j.s.ServletContextHandler@358ab600{/static,jar:file:/home/user/.m2/repository/org/apache/hadoop/hadoop-hdds-container-service/0.5.0-SNAPSHOT/hadoop-hdds-container-service-0.5.0-SNAPSHOT.jar!/webapps/static,AVAILABLE}
2019-09-26 23:41:54,482 [main] INFO  handler.ContextHandler (ContextHandler.java:doStart(781)) - Started o.e.j.w.WebAppContext@2c05ff9d{/,file:///tmp/jetty-0.0.0.0-35156-hddsDatanode-_-any-4656223263731576457.dir/webapp/,AVAILABLE}{/hddsDatanode}
2019-09-26 23:41:54,484 [main] INFO  server.AbstractConnector (AbstractConnector.java:doStart(278)) - Started ServerConnector@33956d1a{HTTP/1.1,[http/1.1]}{0.0.0.0:35156}
2019-09-26 23:41:54,485 [main] INFO  server.Server (Server.java:doStart(419)) - Started @6274ms
2019-09-26 23:41:54,485 [main] WARN  impl.MetricsSystemImpl (MetricsSystemImpl.java:register(276)) - Sink prometheus already exists!
2019-09-26 23:41:54,486 [main] INFO  server.BaseHttpServer (BaseHttpServer.java:updateConnectorAddress(215)) - HTTP server of HDDSDATANODE is listening at http://0.0.0.0:35156
2019-09-26 23:41:54,486 [main] INFO  impl.MetricsSystemImpl (MetricsSystemImpl.java:init(158)) - HddsDatanode metrics system started (again)
2019-09-26 23:41:54,492 [org.apache.hadoop.util.JvmPauseMonitor$Monitor@537cb44] INFO  util.JvmPauseMonitor (JvmPauseMonitor.java:run(188)) - Starting JVM pause monitor
2019-09-26 23:41:54,494 [main] INFO  ozone.HddsDatanodeService (HddsDatanodeService.java:start(184)) - HddsDatanodeService host:pr-hdds-2162-kpcbn-4093309294 ip:192.168.151.109
2019-09-26 23:41:54,496 [Datanode State Machine Thread - 0] INFO  datanode.InitDatanodeState (InitDatanodeState.java:persistContainerDatanodeDetails(140)) - DatanodeDetails is persisted to /workdir/hadoop-ozone/ozonefs/target/test-dir/MiniOzoneClusterImpl-732670c7-f75b-424f-848a-3ce441686c31/datanode-7/meta/datanode.id
2019-09-26 23:41:54,505 [main] INFO  volume.HddsVolume (HddsVolume.java:<init>(176)) - Creating Volume: /workdir/hadoop-ozone/ozonefs/target/test-dir/MiniOzoneClusterImpl-732670c7-f75b-424f-848a-3ce441686c31/datanode-8/data/containers/hdds of  storage type : DISK and capacity : 1482555576320
2019-09-26 23:41:54,506 [main] INFO  volume.VolumeSet (VolumeSet.java:initializeVolumeSet(170)) - Added Volume : /workdir/hadoop-ozone/ozonefs/target/test-dir/MiniOzoneClusterImpl-732670c7-f75b-424f-848a-3ce441686c31/datanode-8/data/containers/hdds to VolumeSet
2019-09-26 23:41:54,506 [main] INFO  volume.ThrottledAsyncChecker (ThrottledAsyncChecker.java:schedule(139)) - Scheduling a check for org.apache.hadoop.ozone.container.common.volume.HddsVolume@a4b5ce3
2019-09-26 23:41:54,507 [main] INFO  volume.HddsVolumeChecker (HddsVolumeChecker.java:checkAllVolumes(202)) - Scheduled health check for volume org.apache.hadoop.ozone.container.common.volume.HddsVolume@a4b5ce3
2019-09-26 23:41:54,531 [main] INFO  impl.RaftServerProxy (ConfUtils.java:logGet(43)) - raft.rpc.type = GRPC (default)
2019-09-26 23:41:54,531 [main] INFO  grpc.GrpcFactory (GrpcFactory.java:checkPooledByteBufAllocatorUseCacheForAllThreads(45)) - PERFORMANCE WARNING: useCacheForAllThreads is true that may cause Netty to create a lot garbage objects and, as a result, trigger GC.
	It is recommended to disable useCacheForAllThreads by setting -Dorg.apache.ratis.thirdparty.io.netty.allocator.useCacheForAllThreads=false in command line.
2019-09-26 23:41:54,531 [main] INFO  grpc.GrpcConfigKeys$Server (ConfUtils.java:logGet(43)) - raft.grpc.server.port = 0 (default)
2019-09-26 23:41:54,531 [main] INFO  server.GrpcService (ConfUtils.java:logGet(43)) - raft.grpc.message.size.max = 33570816 (custom)
2019-09-26 23:41:54,532 [main] INFO  server.RaftServerConfigKeys (ConfUtils.java:logGet(43)) - raft.server.log.appender.buffer.byte-limit = 33554432 (custom)
2019-09-26 23:41:54,532 [main] INFO  server.GrpcService (ConfUtils.java:logGet(43)) - raft.grpc.flow.control.window = 1MB (=1048576) (default)
2019-09-26 23:41:54,532 [main] INFO  server.RaftServerConfigKeys (ConfUtils.java:logGet(43)) - raft.server.rpc.request.timeout = 3000ms (default)
2019-09-26 23:41:54,533 [main] INFO  server.RaftServerConfigKeys (ConfUtils.java:logGet(43)) - raft.server.storage.dir = [/workdir/hadoop-ozone/ozonefs/target/test-dir/MiniOzoneClusterImpl-732670c7-f75b-424f-848a-3ce441686c31/datanode-8/data/ratis] (custom)
2019-09-26 23:41:54,534 [main] INFO  hdfs.DFSUtil (DFSUtil.java:httpServerTemplateForNNAndJN(1641)) - Starting Web-server for hddsDatanode at: http://0.0.0.0:0
2019-09-26 23:41:54,536 [main] INFO  server.AuthenticationFilter (AuthenticationFilter.java:constructSecretProvider(240)) - Unable to initialize FileSignerSecretProvider, falling back to use random secrets.
2019-09-26 23:41:54,537 [main] WARN  http.HttpRequestLog (HttpRequestLog.java:getRequestLog(97)) - Jetty request log can only be enabled using Log4j
2019-09-26 23:41:54,538 [main] INFO  http.HttpServer2 (HttpServer2.java:addGlobalFilter(975)) - Added global filter 'safety' (class=org.apache.hadoop.http.HttpServer2$QuotingInputFilter)
2019-09-26 23:41:54,539 [main] INFO  http.HttpServer2 (HttpServer2.java:addFilter(948)) - Added filter static_user_filter (class=org.apache.hadoop.http.lib.StaticUserWebFilter$StaticUserFilter) to context hddsDatanode
2019-09-26 23:41:54,540 [main] INFO  http.HttpServer2 (HttpServer2.java:addFilter(958)) - Added filter static_user_filter (class=org.apache.hadoop.http.lib.StaticUserWebFilter$StaticUserFilter) to context logs
2019-09-26 23:41:54,540 [main] INFO  http.HttpServer2 (HttpServer2.java:addFilter(958)) - Added filter static_user_filter (class=org.apache.hadoop.http.lib.StaticUserWebFilter$StaticUserFilter) to context static
2019-09-26 23:41:54,540 [main] INFO  http.HttpServer2 (HttpServer2.java:bindListener(1191)) - Jetty bound to port 33587
2019-09-26 23:41:54,541 [main] INFO  server.Server (Server.java:doStart(351)) - jetty-9.3.25.v20180904, build timestamp: 2018-09-04T21:11:46Z, git hash: 3ce520221d0240229c862b122d2b06c12a625732
2019-09-26 23:41:54,543 [main] INFO  handler.ContextHandler (ContextHandler.java:doStart(781)) - Started o.e.j.s.ServletContextHandler@76332405{/logs,file:///workdir/hadoop-ozone/ozonefs/target/log,AVAILABLE}
2019-09-26 23:41:54,543 [main] INFO  handler.ContextHandler (ContextHandler.java:doStart(781)) - Started o.e.j.s.ServletContextHandler@d1d8e1a{/static,jar:file:/home/user/.m2/repository/org/apache/hadoop/hadoop-hdds-container-service/0.5.0-SNAPSHOT/hadoop-hdds-container-service-0.5.0-SNAPSHOT.jar!/webapps/static,AVAILABLE}
2019-09-26 23:41:54,571 [main] INFO  handler.ContextHandler (ContextHandler.java:doStart(781)) - Started o.e.j.w.WebAppContext@47d023b7{/,file:///tmp/jetty-0.0.0.0-33587-hddsDatanode-_-any-1982069267158277734.dir/webapp/,AVAILABLE}{/hddsDatanode}
2019-09-26 23:41:54,572 [main] INFO  server.AbstractConnector (AbstractConnector.java:doStart(278)) - Started ServerConnector@5c83ae01{HTTP/1.1,[http/1.1]}{0.0.0.0:33587}
2019-09-26 23:41:54,573 [main] INFO  server.Server (Server.java:doStart(419)) - Started @6362ms
2019-09-26 23:41:54,573 [main] WARN  impl.MetricsSystemImpl (MetricsSystemImpl.java:register(276)) - Sink prometheus already exists!
2019-09-26 23:41:54,574 [main] INFO  server.BaseHttpServer (BaseHttpServer.java:updateConnectorAddress(215)) - HTTP server of HDDSDATANODE is listening at http://0.0.0.0:33587
2019-09-26 23:41:54,574 [main] INFO  impl.MetricsSystemImpl (MetricsSystemImpl.java:init(158)) - HddsDatanode metrics system started (again)
2019-09-26 23:41:54,580 [org.apache.hadoop.util.JvmPauseMonitor$Monitor@3d307240] INFO  util.JvmPauseMonitor (JvmPauseMonitor.java:run(188)) - Starting JVM pause monitor
2019-09-26 23:41:54,580 [main] INFO  ozone.HddsDatanodeService (HddsDatanodeService.java:start(184)) - HddsDatanodeService host:pr-hdds-2162-kpcbn-4093309294 ip:192.168.151.109
2019-09-26 23:41:54,583 [Datanode State Machine Thread - 0] INFO  datanode.InitDatanodeState (InitDatanodeState.java:persistContainerDatanodeDetails(140)) - DatanodeDetails is persisted to /workdir/hadoop-ozone/ozonefs/target/test-dir/MiniOzoneClusterImpl-732670c7-f75b-424f-848a-3ce441686c31/datanode-8/meta/datanode.id
2019-09-26 23:41:54,588 [main] INFO  volume.HddsVolume (HddsVolume.java:<init>(176)) - Creating Volume: /workdir/hadoop-ozone/ozonefs/target/test-dir/MiniOzoneClusterImpl-732670c7-f75b-424f-848a-3ce441686c31/datanode-9/data/containers/hdds of  storage type : DISK and capacity : 1482555576320
2019-09-26 23:41:54,589 [main] INFO  volume.VolumeSet (VolumeSet.java:initializeVolumeSet(170)) - Added Volume : /workdir/hadoop-ozone/ozonefs/target/test-dir/MiniOzoneClusterImpl-732670c7-f75b-424f-848a-3ce441686c31/datanode-9/data/containers/hdds to VolumeSet
2019-09-26 23:41:54,589 [main] INFO  volume.ThrottledAsyncChecker (ThrottledAsyncChecker.java:schedule(139)) - Scheduling a check for org.apache.hadoop.ozone.container.common.volume.HddsVolume@71e35c4
2019-09-26 23:41:54,589 [main] INFO  volume.HddsVolumeChecker (HddsVolumeChecker.java:checkAllVolumes(202)) - Scheduled health check for volume org.apache.hadoop.ozone.container.common.volume.HddsVolume@71e35c4
2019-09-26 23:41:54,610 [main] INFO  impl.RaftServerProxy (ConfUtils.java:logGet(43)) - raft.rpc.type = GRPC (default)
2019-09-26 23:41:54,611 [main] INFO  grpc.GrpcFactory (GrpcFactory.java:checkPooledByteBufAllocatorUseCacheForAllThreads(45)) - PERFORMANCE WARNING: useCacheForAllThreads is true that may cause Netty to create a lot garbage objects and, as a result, trigger GC.
	It is recommended to disable useCacheForAllThreads by setting -Dorg.apache.ratis.thirdparty.io.netty.allocator.useCacheForAllThreads=false in command line.
2019-09-26 23:41:54,611 [main] INFO  grpc.GrpcConfigKeys$Server (ConfUtils.java:logGet(43)) - raft.grpc.server.port = 0 (default)
2019-09-26 23:41:54,611 [main] INFO  server.GrpcService (ConfUtils.java:logGet(43)) - raft.grpc.message.size.max = 33570816 (custom)
2019-09-26 23:41:54,611 [main] INFO  server.RaftServerConfigKeys (ConfUtils.java:logGet(43)) - raft.server.log.appender.buffer.byte-limit = 33554432 (custom)
2019-09-26 23:41:54,611 [main] INFO  server.GrpcService (ConfUtils.java:logGet(43)) - raft.grpc.flow.control.window = 1MB (=1048576) (default)
2019-09-26 23:41:54,612 [main] INFO  server.RaftServerConfigKeys (ConfUtils.java:logGet(43)) - raft.server.rpc.request.timeout = 3000ms (default)
2019-09-26 23:41:54,612 [main] INFO  server.RaftServerConfigKeys (ConfUtils.java:logGet(43)) - raft.server.storage.dir = [/workdir/hadoop-ozone/ozonefs/target/test-dir/MiniOzoneClusterImpl-732670c7-f75b-424f-848a-3ce441686c31/datanode-9/data/ratis] (custom)
2019-09-26 23:41:54,614 [main] INFO  hdfs.DFSUtil (DFSUtil.java:httpServerTemplateForNNAndJN(1641)) - Starting Web-server for hddsDatanode at: http://0.0.0.0:0
2019-09-26 23:41:54,615 [main] INFO  server.AuthenticationFilter (AuthenticationFilter.java:constructSecretProvider(240)) - Unable to initialize FileSignerSecretProvider, falling back to use random secrets.
2019-09-26 23:41:54,615 [main] WARN  http.HttpRequestLog (HttpRequestLog.java:getRequestLog(97)) - Jetty request log can only be enabled using Log4j
2019-09-26 23:41:54,617 [main] INFO  http.HttpServer2 (HttpServer2.java:addGlobalFilter(975)) - Added global filter 'safety' (class=org.apache.hadoop.http.HttpServer2$QuotingInputFilter)
2019-09-26 23:41:54,618 [main] INFO  http.HttpServer2 (HttpServer2.java:addFilter(948)) - Added filter static_user_filter (class=org.apache.hadoop.http.lib.StaticUserWebFilter$StaticUserFilter) to context hddsDatanode
2019-09-26 23:41:54,618 [main] INFO  http.HttpServer2 (HttpServer2.java:addFilter(958)) - Added filter static_user_filter (class=org.apache.hadoop.http.lib.StaticUserWebFilter$StaticUserFilter) to context logs
2019-09-26 23:41:54,618 [main] INFO  http.HttpServer2 (HttpServer2.java:addFilter(958)) - Added filter static_user_filter (class=org.apache.hadoop.http.lib.StaticUserWebFilter$StaticUserFilter) to context static
2019-09-26 23:41:54,619 [main] INFO  http.HttpServer2 (HttpServer2.java:bindListener(1191)) - Jetty bound to port 44736
2019-09-26 23:41:54,619 [main] INFO  server.Server (Server.java:doStart(351)) - jetty-9.3.25.v20180904, build timestamp: 2018-09-04T21:11:46Z, git hash: 3ce520221d0240229c862b122d2b06c12a625732
2019-09-26 23:41:54,621 [main] INFO  handler.ContextHandler (ContextHandler.java:doStart(781)) - Started o.e.j.s.ServletContextHandler@fe7b6b0{/logs,file:///workdir/hadoop-ozone/ozonefs/target/log,AVAILABLE}
2019-09-26 23:41:54,622 [main] INFO  handler.ContextHandler (ContextHandler.java:doStart(781)) - Started o.e.j.s.ServletContextHandler@77681ce4{/static,jar:file:/home/user/.m2/repository/org/apache/hadoop/hadoop-hdds-container-service/0.5.0-SNAPSHOT/hadoop-hdds-container-service-0.5.0-SNAPSHOT.jar!/webapps/static,AVAILABLE}
2019-09-26 23:41:54,649 [main] INFO  handler.ContextHandler (ContextHandler.java:doStart(781)) - Started o.e.j.w.WebAppContext@49d831c2{/,file:///tmp/jetty-0.0.0.0-44736-hddsDatanode-_-any-4972967300657270746.dir/webapp/,AVAILABLE}{/hddsDatanode}
2019-09-26 23:41:54,650 [main] INFO  server.AbstractConnector (AbstractConnector.java:doStart(278)) - Started ServerConnector@53a7a60c{HTTP/1.1,[http/1.1]}{0.0.0.0:44736}
2019-09-26 23:41:54,651 [main] INFO  server.Server (Server.java:doStart(419)) - Started @6440ms
2019-09-26 23:41:54,651 [main] WARN  impl.MetricsSystemImpl (MetricsSystemImpl.java:register(276)) - Sink prometheus already exists!
2019-09-26 23:41:54,652 [main] INFO  server.BaseHttpServer (BaseHttpServer.java:updateConnectorAddress(215)) - HTTP server of HDDSDATANODE is listening at http://0.0.0.0:44736
2019-09-26 23:41:54,657 [main] INFO  ozone.MiniOzoneClusterImpl (MiniOzoneClusterImpl.java:lambda$waitForClusterToBeReady$0(147)) - Waiting for cluster to be ready. Got 0 of 10 DN Heartbeats.
2019-09-26 23:41:54,657 [org.apache.hadoop.util.JvmPauseMonitor$Monitor@1d93289d] INFO  util.JvmPauseMonitor (JvmPauseMonitor.java:run(188)) - Starting JVM pause monitor
2019-09-26 23:41:54,663 [Datanode State Machine Thread - 0] INFO  datanode.InitDatanodeState (InitDatanodeState.java:persistContainerDatanodeDetails(140)) - DatanodeDetails is persisted to /workdir/hadoop-ozone/ozonefs/target/test-dir/MiniOzoneClusterImpl-732670c7-f75b-424f-848a-3ce441686c31/datanode-9/meta/datanode.id
2019-09-26 23:41:55,657 [main] INFO  ozone.MiniOzoneClusterImpl (MiniOzoneClusterImpl.java:lambda$waitForClusterToBeReady$0(147)) - Waiting for cluster to be ready. Got 0 of 10 DN Heartbeats.
2019-09-26 23:41:55,991 [Datanode State Machine Thread - 0] INFO  ozoneimpl.OzoneContainer (OzoneContainer.java:start(217)) - Attempting to start container services.
2019-09-26 23:41:55,994 [Datanode State Machine Thread - 0] INFO  ozoneimpl.OzoneContainer (OzoneContainer.java:startContainerScrub(179)) - Background container scanner has been disabled.
2019-09-26 23:41:55,994 [Datanode State Machine Thread - 0] INFO  ratis.XceiverServerRatis (XceiverServerRatis.java:start(411)) - Starting XceiverServerRatis 851bd362-786e-47e4-b76b-6e60954f2395 at port 0
2019-09-26 23:41:56,014 [Datanode State Machine Thread - 0] INFO  ozoneimpl.OzoneContainer (OzoneContainer.java:start(217)) - Attempting to start container services.
2019-09-26 23:41:56,023 [Datanode State Machine Thread - 0] INFO  ozoneimpl.OzoneContainer (OzoneContainer.java:startContainerScrub(179)) - Background container scanner has been disabled.
2019-09-26 23:41:56,023 [Datanode State Machine Thread - 0] INFO  ratis.XceiverServerRatis (XceiverServerRatis.java:start(411)) - Starting XceiverServerRatis 60963438-63b2-41a0-8acf-c4371cc0aece at port 0
2019-09-26 23:41:56,033 [Datanode State Machine Thread - 0] INFO  impl.RaftServerProxy (RaftServerProxy.java:lambda$start$3(299)) - 851bd362-786e-47e4-b76b-6e60954f2395: start RPC server
2019-09-26 23:41:56,038 [Datanode State Machine Thread - 0] INFO  impl.RaftServerProxy (RaftServerProxy.java:lambda$start$3(299)) - 60963438-63b2-41a0-8acf-c4371cc0aece: start RPC server
2019-09-26 23:41:56,097 [Datanode State Machine Thread - 0] INFO  ozoneimpl.OzoneContainer (OzoneContainer.java:start(217)) - Attempting to start container services.
2019-09-26 23:41:56,097 [Datanode State Machine Thread - 0] INFO  ozoneimpl.OzoneContainer (OzoneContainer.java:startContainerScrub(179)) - Background container scanner has been disabled.
2019-09-26 23:41:56,098 [Datanode State Machine Thread - 0] INFO  ratis.XceiverServerRatis (XceiverServerRatis.java:start(411)) - Starting XceiverServerRatis e5ad9ec2-43b6-4ed1-8189-34962d8a433d at port 0
2019-09-26 23:41:56,109 [Datanode State Machine Thread - 0] INFO  impl.RaftServerProxy (RaftServerProxy.java:lambda$start$3(299)) - e5ad9ec2-43b6-4ed1-8189-34962d8a433d: start RPC server
2019-09-26 23:41:56,179 [Datanode State Machine Thread - 0] INFO  ozoneimpl.OzoneContainer (OzoneContainer.java:start(217)) - Attempting to start container services.
2019-09-26 23:41:56,181 [Datanode State Machine Thread - 0] INFO  ozoneimpl.OzoneContainer (OzoneContainer.java:startContainerScrub(179)) - Background container scanner has been disabled.
2019-09-26 23:41:56,181 [Datanode State Machine Thread - 0] INFO  ratis.XceiverServerRatis (XceiverServerRatis.java:start(411)) - Starting XceiverServerRatis 9671e2fb-19cf-4d94-83a6-d109edb687a3 at port 0
2019-09-26 23:41:56,192 [Datanode State Machine Thread - 0] INFO  impl.RaftServerProxy (RaftServerProxy.java:lambda$start$3(299)) - 9671e2fb-19cf-4d94-83a6-d109edb687a3: start RPC server
2019-09-26 23:41:56,251 [Datanode State Machine Thread - 0] INFO  server.GrpcService (GrpcService.java:startImpl(158)) - 851bd362-786e-47e4-b76b-6e60954f2395: GrpcService started, listening on 0.0.0.0/0.0.0.0:39279
2019-09-26 23:41:56,251 [Datanode State Machine Thread - 0] INFO  server.GrpcService (GrpcService.java:startImpl(158)) - 60963438-63b2-41a0-8acf-c4371cc0aece: GrpcService started, listening on 0.0.0.0/0.0.0.0:45167
2019-09-26 23:41:56,252 [Datanode State Machine Thread - 0] INFO  ratis.XceiverServerRatis (XceiverServerRatis.java:start(421)) - XceiverServerRatis 851bd362-786e-47e4-b76b-6e60954f2395 is started using port 39279
2019-09-26 23:41:56,251 [Datanode State Machine Thread - 0] INFO  server.GrpcService (GrpcService.java:startImpl(158)) - e5ad9ec2-43b6-4ed1-8189-34962d8a433d: GrpcService started, listening on 0.0.0.0/0.0.0.0:33223
2019-09-26 23:41:56,251 [Datanode State Machine Thread - 0] INFO  server.GrpcService (GrpcService.java:startImpl(158)) - 9671e2fb-19cf-4d94-83a6-d109edb687a3: GrpcService started, listening on 0.0.0.0/0.0.0.0:46144
2019-09-26 23:41:56,253 [Datanode State Machine Thread - 0] INFO  ratis.XceiverServerRatis (XceiverServerRatis.java:start(421)) - XceiverServerRatis e5ad9ec2-43b6-4ed1-8189-34962d8a433d is started using port 33223
2019-09-26 23:41:56,252 [Datanode State Machine Thread - 0] INFO  ratis.XceiverServerRatis (XceiverServerRatis.java:start(421)) - XceiverServerRatis 60963438-63b2-41a0-8acf-c4371cc0aece is started using port 45167
2019-09-26 23:41:56,253 [Datanode State Machine Thread - 0] INFO  ratis.XceiverServerRatis (XceiverServerRatis.java:start(421)) - XceiverServerRatis 9671e2fb-19cf-4d94-83a6-d109edb687a3 is started using port 46144
2019-09-26 23:41:56,264 [Datanode State Machine Thread - 0] INFO  server.XceiverServerGrpc (XceiverServerGrpc.java:start(149)) - XceiverServerGrpc e5ad9ec2-43b6-4ed1-8189-34962d8a433d is started using port 35754
2019-09-26 23:41:56,264 [Datanode State Machine Thread - 0] INFO  server.XceiverServerGrpc (XceiverServerGrpc.java:start(149)) - XceiverServerGrpc 851bd362-786e-47e4-b76b-6e60954f2395 is started using port 35262
2019-09-26 23:41:56,264 [Datanode State Machine Thread - 0] INFO  server.XceiverServerGrpc (XceiverServerGrpc.java:start(149)) - XceiverServerGrpc 9671e2fb-19cf-4d94-83a6-d109edb687a3 is started using port 43044
2019-09-26 23:41:56,264 [Datanode State Machine Thread - 0] INFO  server.XceiverServerGrpc (XceiverServerGrpc.java:start(149)) - XceiverServerGrpc 60963438-63b2-41a0-8acf-c4371cc0aece is started using port 44441
2019-09-26 23:41:56,273 [Datanode State Machine Thread - 0] INFO  ozoneimpl.OzoneContainer (OzoneContainer.java:start(217)) - Attempting to start container services.
2019-09-26 23:41:56,273 [Datanode State Machine Thread - 0] INFO  ozoneimpl.OzoneContainer (OzoneContainer.java:startContainerScrub(179)) - Background container scanner has been disabled.
2019-09-26 23:41:56,274 [Datanode State Machine Thread - 0] INFO  ratis.XceiverServerRatis (XceiverServerRatis.java:start(411)) - Starting XceiverServerRatis fc06cb59-39ee-4f47-9dde-cbe0d3a3cd99 at port 0
2019-09-26 23:41:56,281 [Datanode State Machine Thread - 0] INFO  impl.RaftServerProxy (RaftServerProxy.java:lambda$start$3(299)) - fc06cb59-39ee-4f47-9dde-cbe0d3a3cd99: start RPC server
2019-09-26 23:41:56,285 [Datanode State Machine Thread - 0] INFO  server.GrpcService (GrpcService.java:startImpl(158)) - fc06cb59-39ee-4f47-9dde-cbe0d3a3cd99: GrpcService started, listening on 0.0.0.0/0.0.0.0:39124
2019-09-26 23:41:56,285 [Datanode State Machine Thread - 0] INFO  ratis.XceiverServerRatis (XceiverServerRatis.java:start(421)) - XceiverServerRatis fc06cb59-39ee-4f47-9dde-cbe0d3a3cd99 is started using port 39124
2019-09-26 23:41:56,288 [Datanode State Machine Thread - 0] INFO  server.XceiverServerGrpc (XceiverServerGrpc.java:start(149)) - XceiverServerGrpc fc06cb59-39ee-4f47-9dde-cbe0d3a3cd99 is started using port 45467
2019-09-26 23:41:56,323 [Datanode State Machine Thread - 0] INFO  ozoneimpl.OzoneContainer (OzoneContainer.java:start(217)) - Attempting to start container services.
2019-09-26 23:41:56,324 [Datanode State Machine Thread - 0] INFO  ozoneimpl.OzoneContainer (OzoneContainer.java:startContainerScrub(179)) - Background container scanner has been disabled.
2019-09-26 23:41:56,324 [Datanode State Machine Thread - 0] INFO  ratis.XceiverServerRatis (XceiverServerRatis.java:start(411)) - Starting XceiverServerRatis b52e39db-c2d0-40de-8fee-40e15cba9af1 at port 0
2019-09-26 23:41:56,333 [Datanode State Machine Thread - 0] INFO  impl.RaftServerProxy (RaftServerProxy.java:lambda$start$3(299)) - b52e39db-c2d0-40de-8fee-40e15cba9af1: start RPC server
2019-09-26 23:41:56,337 [Datanode State Machine Thread - 0] INFO  server.GrpcService (GrpcService.java:startImpl(158)) - b52e39db-c2d0-40de-8fee-40e15cba9af1: GrpcService started, listening on 0.0.0.0/0.0.0.0:42236
2019-09-26 23:41:56,338 [Datanode State Machine Thread - 0] INFO  ratis.XceiverServerRatis (XceiverServerRatis.java:start(421)) - XceiverServerRatis b52e39db-c2d0-40de-8fee-40e15cba9af1 is started using port 42236
2019-09-26 23:41:56,342 [Datanode State Machine Thread - 0] INFO  server.XceiverServerGrpc (XceiverServerGrpc.java:start(149)) - XceiverServerGrpc b52e39db-c2d0-40de-8fee-40e15cba9af1 is started using port 33215
2019-09-26 23:41:56,402 [Datanode State Machine Thread - 0] INFO  ozoneimpl.OzoneContainer (OzoneContainer.java:start(217)) - Attempting to start container services.
2019-09-26 23:41:56,402 [Datanode State Machine Thread - 0] INFO  ozoneimpl.OzoneContainer (OzoneContainer.java:startContainerScrub(179)) - Background container scanner has been disabled.
2019-09-26 23:41:56,402 [Datanode State Machine Thread - 0] INFO  ratis.XceiverServerRatis (XceiverServerRatis.java:start(411)) - Starting XceiverServerRatis 1e248264-0a57-4cd2-bcd2-8134f948d94e at port 0
2019-09-26 23:41:56,410 [Datanode State Machine Thread - 0] INFO  impl.RaftServerProxy (RaftServerProxy.java:lambda$start$3(299)) - 1e248264-0a57-4cd2-bcd2-8134f948d94e: start RPC server
2019-09-26 23:41:56,415 [Datanode State Machine Thread - 0] INFO  server.GrpcService (GrpcService.java:startImpl(158)) - 1e248264-0a57-4cd2-bcd2-8134f948d94e: GrpcService started, listening on 0.0.0.0/0.0.0.0:34639
2019-09-26 23:41:56,415 [Datanode State Machine Thread - 0] INFO  ratis.XceiverServerRatis (XceiverServerRatis.java:start(421)) - XceiverServerRatis 1e248264-0a57-4cd2-bcd2-8134f948d94e is started using port 34639
2019-09-26 23:41:56,420 [Datanode State Machine Thread - 0] INFO  server.XceiverServerGrpc (XceiverServerGrpc.java:start(149)) - XceiverServerGrpc 1e248264-0a57-4cd2-bcd2-8134f948d94e is started using port 33954
2019-09-26 23:41:56,511 [Datanode State Machine Thread - 0] INFO  ozoneimpl.OzoneContainer (OzoneContainer.java:start(217)) - Attempting to start container services.
2019-09-26 23:41:56,511 [Datanode State Machine Thread - 0] INFO  ozoneimpl.OzoneContainer (OzoneContainer.java:startContainerScrub(179)) - Background container scanner has been disabled.
2019-09-26 23:41:56,512 [Datanode State Machine Thread - 0] INFO  ratis.XceiverServerRatis (XceiverServerRatis.java:start(411)) - Starting XceiverServerRatis 65e91836-b75a-4544-83ee-502e3b7b211d at port 0
2019-09-26 23:41:56,519 [Datanode State Machine Thread - 0] INFO  impl.RaftServerProxy (RaftServerProxy.java:lambda$start$3(299)) - 65e91836-b75a-4544-83ee-502e3b7b211d: start RPC server
2019-09-26 23:41:56,524 [Datanode State Machine Thread - 0] INFO  server.GrpcService (GrpcService.java:startImpl(158)) - 65e91836-b75a-4544-83ee-502e3b7b211d: GrpcService started, listening on 0.0.0.0/0.0.0.0:38455
2019-09-26 23:41:56,524 [Datanode State Machine Thread - 0] INFO  ratis.XceiverServerRatis (XceiverServerRatis.java:start(421)) - XceiverServerRatis 65e91836-b75a-4544-83ee-502e3b7b211d is started using port 38455
2019-09-26 23:41:56,529 [Datanode State Machine Thread - 0] INFO  server.XceiverServerGrpc (XceiverServerGrpc.java:start(149)) - XceiverServerGrpc 65e91836-b75a-4544-83ee-502e3b7b211d is started using port 42816
2019-09-26 23:41:56,597 [Datanode State Machine Thread - 0] INFO  ozoneimpl.OzoneContainer (OzoneContainer.java:start(217)) - Attempting to start container services.
2019-09-26 23:41:56,598 [Datanode State Machine Thread - 0] INFO  ozoneimpl.OzoneContainer (OzoneContainer.java:startContainerScrub(179)) - Background container scanner has been disabled.
2019-09-26 23:41:56,598 [Datanode State Machine Thread - 0] INFO  ratis.XceiverServerRatis (XceiverServerRatis.java:start(411)) - Starting XceiverServerRatis 5b82487c-0b6e-45f1-9b19-ee8d86ea6de1 at port 0
2019-09-26 23:41:56,608 [Datanode State Machine Thread - 0] INFO  impl.RaftServerProxy (RaftServerProxy.java:lambda$start$3(299)) - 5b82487c-0b6e-45f1-9b19-ee8d86ea6de1: start RPC server
2019-09-26 23:41:56,615 [Datanode State Machine Thread - 0] INFO  server.GrpcService (GrpcService.java:startImpl(158)) - 5b82487c-0b6e-45f1-9b19-ee8d86ea6de1: GrpcService started, listening on 0.0.0.0/0.0.0.0:43751
2019-09-26 23:41:56,616 [Datanode State Machine Thread - 0] INFO  ratis.XceiverServerRatis (XceiverServerRatis.java:start(421)) - XceiverServerRatis 5b82487c-0b6e-45f1-9b19-ee8d86ea6de1 is started using port 43751
2019-09-26 23:41:56,621 [Datanode State Machine Thread - 0] INFO  server.XceiverServerGrpc (XceiverServerGrpc.java:start(149)) - XceiverServerGrpc 5b82487c-0b6e-45f1-9b19-ee8d86ea6de1 is started using port 46097
2019-09-26 23:41:56,658 [main] INFO  ozone.MiniOzoneClusterImpl (MiniOzoneClusterImpl.java:lambda$waitForClusterToBeReady$0(147)) - Waiting for cluster to be ready. Got 0 of 10 DN Heartbeats.
2019-09-26 23:41:56,676 [Datanode State Machine Thread - 0] INFO  ozoneimpl.OzoneContainer (OzoneContainer.java:start(217)) - Attempting to start container services.
2019-09-26 23:41:56,676 [Datanode State Machine Thread - 0] INFO  ozoneimpl.OzoneContainer (OzoneContainer.java:startContainerScrub(179)) - Background container scanner has been disabled.
2019-09-26 23:41:56,676 [Datanode State Machine Thread - 0] INFO  ratis.XceiverServerRatis (XceiverServerRatis.java:start(411)) - Starting XceiverServerRatis c021c5a2-d8d2-494e-ae80-bc384f6a911c at port 0
2019-09-26 23:41:56,697 [Datanode State Machine Thread - 0] INFO  impl.RaftServerProxy (RaftServerProxy.java:lambda$start$3(299)) - c021c5a2-d8d2-494e-ae80-bc384f6a911c: start RPC server
2019-09-26 23:41:56,714 [Datanode State Machine Thread - 0] INFO  server.GrpcService (GrpcService.java:startImpl(158)) - c021c5a2-d8d2-494e-ae80-bc384f6a911c: GrpcService started, listening on 0.0.0.0/0.0.0.0:37740
2019-09-26 23:41:56,714 [Datanode State Machine Thread - 0] INFO  ratis.XceiverServerRatis (XceiverServerRatis.java:start(421)) - XceiverServerRatis c021c5a2-d8d2-494e-ae80-bc384f6a911c is started using port 37740
2019-09-26 23:41:56,736 [Datanode State Machine Thread - 0] INFO  server.XceiverServerGrpc (XceiverServerGrpc.java:start(149)) - XceiverServerGrpc c021c5a2-d8d2-494e-ae80-bc384f6a911c is started using port 42316
2019-09-26 23:41:57,661 [main] INFO  ozone.MiniOzoneClusterImpl (MiniOzoneClusterImpl.java:lambda$waitForClusterToBeReady$0(147)) - Waiting for cluster to be ready. Got 0 of 10 DN Heartbeats.
2019-09-26 23:41:58,108 [IPC Server handler 3 on 34311] INFO  net.NetworkTopology (NetworkTopologyImpl.java:add(111)) - Added a new node: /default-rack/60963438-63b2-41a0-8acf-c4371cc0aece
2019-09-26 23:41:58,108 [IPC Server handler 0 on 34311] INFO  net.NetworkTopology (NetworkTopologyImpl.java:add(111)) - Added a new node: /default-rack/e5ad9ec2-43b6-4ed1-8189-34962d8a433d
2019-09-26 23:41:58,109 [IPC Server handler 3 on 34311] INFO  node.SCMNodeManager (SCMNodeManager.java:register(266)) - Registered Data node : 60963438-63b2-41a0-8acf-c4371cc0aece{ip: 192.168.151.109, host: pr-hdds-2162-kpcbn-4093309294, networkLocation: /default-rack, certSerialId: null}
2019-09-26 23:41:58,109 [IPC Server handler 0 on 34311] INFO  node.SCMNodeManager (SCMNodeManager.java:register(266)) - Registered Data node : e5ad9ec2-43b6-4ed1-8189-34962d8a433d{ip: 192.168.151.109, host: pr-hdds-2162-kpcbn-4093309294, networkLocation: /default-rack, certSerialId: null}
2019-09-26 23:41:58,112 [IPC Server handler 2 on 34311] INFO  net.NetworkTopology (NetworkTopologyImpl.java:add(111)) - Added a new node: /default-rack/851bd362-786e-47e4-b76b-6e60954f2395
2019-09-26 23:41:58,112 [IPC Server handler 2 on 34311] INFO  node.SCMNodeManager (SCMNodeManager.java:register(266)) - Registered Data node : 851bd362-786e-47e4-b76b-6e60954f2395{ip: 192.168.151.109, host: pr-hdds-2162-kpcbn-4093309294, networkLocation: /default-rack, certSerialId: null}
2019-09-26 23:41:58,119 [EventQueue-NodeRegistrationContainerReportForDataNodeSafeModeRule] INFO  safemode.SCMSafeModeManager (DataNodeSafeModeRule.java:process(71)) - SCM in safe mode. 1 DataNodes registered, 1 required.
2019-09-26 23:41:58,119 [EventQueue-NodeRegistrationContainerReportForDataNodeSafeModeRule] INFO  safemode.SCMSafeModeManager (SCMSafeModeManager.java:validateSafeModeExitRules(177)) - ScmSafeModeManager, all rules are successfully validated
2019-09-26 23:41:58,119 [EventQueue-NodeRegistrationContainerReportForDataNodeSafeModeRule] INFO  safemode.SCMSafeModeManager (SCMSafeModeManager.java:exitSafeMode(193)) - SCM exiting safe mode.
2019-09-26 23:41:58,163 [IPC Server handler 5 on 34311] INFO  net.NetworkTopology (NetworkTopologyImpl.java:add(111)) - Added a new node: /default-rack/9671e2fb-19cf-4d94-83a6-d109edb687a3
2019-09-26 23:41:58,164 [IPC Server handler 5 on 34311] INFO  node.SCMNodeManager (SCMNodeManager.java:register(266)) - Registered Data node : 9671e2fb-19cf-4d94-83a6-d109edb687a3{ip: 192.168.151.109, host: pr-hdds-2162-kpcbn-4093309294, networkLocation: /default-rack, certSerialId: null}
2019-09-26 23:41:58,241 [IPC Server handler 4 on 34311] INFO  net.NetworkTopology (NetworkTopologyImpl.java:add(111)) - Added a new node: /default-rack/fc06cb59-39ee-4f47-9dde-cbe0d3a3cd99
2019-09-26 23:41:58,241 [IPC Server handler 4 on 34311] INFO  node.SCMNodeManager (SCMNodeManager.java:register(266)) - Registered Data node : fc06cb59-39ee-4f47-9dde-cbe0d3a3cd99{ip: 192.168.151.109, host: pr-hdds-2162-kpcbn-4093309294, networkLocation: /default-rack, certSerialId: null}
2019-09-26 23:41:58,311 [IPC Server handler 6 on 34311] INFO  net.NetworkTopology (NetworkTopologyImpl.java:add(111)) - Added a new node: /default-rack/b52e39db-c2d0-40de-8fee-40e15cba9af1
2019-09-26 23:41:58,311 [IPC Server handler 6 on 34311] INFO  node.SCMNodeManager (SCMNodeManager.java:register(266)) - Registered Data node : b52e39db-c2d0-40de-8fee-40e15cba9af1{ip: 192.168.151.109, host: pr-hdds-2162-kpcbn-4093309294, networkLocation: /default-rack, certSerialId: null}
2019-09-26 23:41:58,391 [IPC Server handler 8 on 34311] INFO  net.NetworkTopology (NetworkTopologyImpl.java:add(111)) - Added a new node: /default-rack/1e248264-0a57-4cd2-bcd2-8134f948d94e
2019-09-26 23:41:58,391 [IPC Server handler 8 on 34311] INFO  node.SCMNodeManager (SCMNodeManager.java:register(266)) - Registered Data node : 1e248264-0a57-4cd2-bcd2-8134f948d94e{ip: 192.168.151.109, host: pr-hdds-2162-kpcbn-4093309294, networkLocation: /default-rack, certSerialId: null}
2019-09-26 23:41:58,499 [IPC Server handler 7 on 34311] INFO  net.NetworkTopology (NetworkTopologyImpl.java:add(111)) - Added a new node: /default-rack/65e91836-b75a-4544-83ee-502e3b7b211d
2019-09-26 23:41:58,499 [IPC Server handler 7 on 34311] INFO  node.SCMNodeManager (SCMNodeManager.java:register(266)) - Registered Data node : 65e91836-b75a-4544-83ee-502e3b7b211d{ip: 192.168.151.109, host: pr-hdds-2162-kpcbn-4093309294, networkLocation: /default-rack, certSerialId: null}
2019-09-26 23:41:58,597 [IPC Server handler 17 on 34311] INFO  net.NetworkTopology (NetworkTopologyImpl.java:add(111)) - Added a new node: /default-rack/5b82487c-0b6e-45f1-9b19-ee8d86ea6de1
2019-09-26 23:41:58,598 [IPC Server handler 17 on 34311] INFO  node.SCMNodeManager (SCMNodeManager.java:register(266)) - Registered Data node : 5b82487c-0b6e-45f1-9b19-ee8d86ea6de1{ip: 192.168.151.109, host: pr-hdds-2162-kpcbn-4093309294, networkLocation: /default-rack, certSerialId: null}
2019-09-26 23:41:58,680 [main] INFO  ozone.MiniOzoneClusterImpl (MiniOzoneClusterImpl.java:lambda$waitForClusterToBeReady$0(147)) - Waiting for cluster to be ready. Got 9 of 10 DN Heartbeats.
2019-09-26 23:41:58,691 [IPC Server handler 16 on 34311] INFO  net.NetworkTopology (NetworkTopologyImpl.java:add(111)) - Added a new node: /default-rack/c021c5a2-d8d2-494e-ae80-bc384f6a911c
2019-09-26 23:41:58,691 [IPC Server handler 16 on 34311] INFO  node.SCMNodeManager (SCMNodeManager.java:register(266)) - Registered Data node : c021c5a2-d8d2-494e-ae80-bc384f6a911c{ip: 192.168.151.109, host: pr-hdds-2162-kpcbn-4093309294, networkLocation: /default-rack, certSerialId: null}
2019-09-26 23:41:58,835 [grpc-default-executor-0] INFO  impl.RaftServerProxy (RaftServerProxy.java:addNew(89)) - e5ad9ec2-43b6-4ed1-8189-34962d8a433d: addNew group-58C16E1D8D20:[e5ad9ec2-43b6-4ed1-8189-34962d8a433d:192.168.151.109:33223] returns group-58C16E1D8D20:java.util.concurrent.CompletableFuture@4c595d90[Not completed]
2019-09-26 23:41:58,873 [pool-47-thread-1] INFO  impl.RaftServerImpl (RaftServerImpl.java:<init>(95)) - e5ad9ec2-43b6-4ed1-8189-34962d8a433d: new RaftServerImpl for group-58C16E1D8D20:[e5ad9ec2-43b6-4ed1-8189-34962d8a433d:192.168.151.109:33223] with ContainerStateMachine:uninitialized
2019-09-26 23:41:58,875 [pool-47-thread-1] INFO  server.RaftServerConfigKeys (ConfUtils.java:logGet(43)) - raft.server.rpc.timeout.min = 5s (custom)
2019-09-26 23:41:58,877 [pool-47-thread-1] INFO  server.RaftServerConfigKeys (ConfUtils.java:logGet(43)) - raft.server.rpc.timeout.max = 5200ms (custom)
2019-09-26 23:41:58,878 [pool-47-thread-1] INFO  server.RaftServerConfigKeys (ConfUtils.java:logGet(43)) - raft.server.rpcslowness.timeout = 120s (custom)
2019-09-26 23:41:58,878 [pool-47-thread-1] INFO  server.RaftServerConfigKeys (ConfUtils.java:logGet(43)) - raft.server.sleep.deviation.threshold = 300 (default)
2019-09-26 23:41:58,879 [pool-47-thread-1] INFO  server.RaftServerConfigKeys (ConfUtils.java:logGet(43)) - raft.server.log.appender.install.snapshot.enabled = false (custom)
2019-09-26 23:41:58,890 [pool-47-thread-1] INFO  impl.RaftServerImpl (ServerState.java:<init>(103)) - e5ad9ec2-43b6-4ed1-8189-34962d8a433d@group-58C16E1D8D20: ConfigurationManager, init=-1: [e5ad9ec2-43b6-4ed1-8189-34962d8a433d:192.168.151.109:33223], old=null, confs=<EMPTY_MAP>
2019-09-26 23:41:58,891 [pool-47-thread-1] INFO  server.RaftServerConfigKeys (ConfUtils.java:logGet(43)) - raft.server.storage.dir = [/workdir/hadoop-ozone/ozonefs/target/test-dir/MiniOzoneClusterImpl-732670c7-f75b-424f-848a-3ce441686c31/datanode-2/data/ratis] (custom)
2019-09-26 23:41:58,900 [pool-47-thread-1] INFO  storage.RaftStorageDirectory (RaftStorageDirectory.java:analyzeStorage(246)) - The storage directory /workdir/hadoop-ozone/ozonefs/target/test-dir/MiniOzoneClusterImpl-732670c7-f75b-424f-848a-3ce441686c31/datanode-2/data/ratis/ef5cf0c5-cb5d-4de1-be7b-58c16e1d8d20 does not exist. Creating ...
2019-09-26 23:41:58,918 [pool-47-thread-1] INFO  storage.RaftStorageDirectory (RaftStorageDirectory.java:tryLock(328)) - Lock on /workdir/hadoop-ozone/ozonefs/target/test-dir/MiniOzoneClusterImpl-732670c7-f75b-424f-848a-3ce441686c31/datanode-2/data/ratis/ef5cf0c5-cb5d-4de1-be7b-58c16e1d8d20/in_use.lock acquired by nodename 7326@pr-hdds-2162-kpcbn-4093309294
2019-09-26 23:41:58,934 [pool-47-thread-1] INFO  storage.RaftStorage (RaftStorage.java:format(72)) - Storage directory /workdir/hadoop-ozone/ozonefs/target/test-dir/MiniOzoneClusterImpl-732670c7-f75b-424f-848a-3ce441686c31/datanode-2/data/ratis/ef5cf0c5-cb5d-4de1-be7b-58c16e1d8d20 has been successfully formatted.
2019-09-26 23:41:58,937 [pool-47-thread-1] INFO  ratis.ContainerStateMachine (ContainerStateMachine.java:loadSnapshot(230)) - group-58C16E1D8D20: The snapshot info is null. Setting the last applied indexto:(t:0, i:~)
2019-09-26 23:41:58,938 [pool-47-thread-1] INFO  server.RaftServerConfigKeys (ConfUtils.java:logGet(43)) - raft.server.notification.no-leader.timeout = 120s (custom)
2019-09-26 23:41:58,940 [pool-47-thread-1] INFO  server.RaftServerConfigKeys (ConfUtils.java:logGet(43)) - raft.server.log.use.memory = false (default)
2019-09-26 23:41:58,947 [pool-47-thread-1] INFO  server.RaftServerConfigKeys (ConfUtils.java:logGet(43)) - raft.server.log.purge.gap = 1000000 (custom)
2019-09-26 23:41:58,947 [pool-47-thread-1] INFO  server.RaftServerConfigKeys (ConfUtils.java:logGet(43)) - raft.server.log.appender.buffer.byte-limit = 33554432 (custom)
2019-09-26 23:41:58,950 [pool-47-thread-1] INFO  server.RaftServerConfigKeys (ConfUtils.java:logGet(43)) - raft.server.log.segment.size.max = 1048576 (custom)
2019-09-26 23:41:58,956 [pool-47-thread-1] INFO  server.RaftServerConfigKeys (ConfUtils.java:logGet(43)) - raft.server.log.segment.cache.num.max = 2 (custom)
2019-09-26 23:41:58,962 [pool-47-thread-1] INFO  segmented.SegmentedRaftLogWorker (SegmentedRaftLogWorker.java:<init>(172)) - new e5ad9ec2-43b6-4ed1-8189-34962d8a433d@group-58C16E1D8D20-SegmentedRaftLogWorker for RaftStorage:Storage Directory /workdir/hadoop-ozone/ozonefs/target/test-dir/MiniOzoneClusterImpl-732670c7-f75b-424f-848a-3ce441686c31/datanode-2/data/ratis/ef5cf0c5-cb5d-4de1-be7b-58c16e1d8d20
2019-09-26 23:41:58,964 [pool-47-thread-1] INFO  impl.MetricsSystemImpl (MetricsSystemImpl.java:init(158)) - ratis metrics system started (again)
2019-09-26 23:41:58,970 [pool-47-thread-1] INFO  metrics.MetricRegistries (MetricRegistriesLoader.java:load(64)) - Loaded MetricRegistries class org.apache.ratis.metrics.impl.MetricRegistriesImpl
2019-09-26 23:41:59,003 [pool-47-thread-1] INFO  server.RaftServerConfigKeys (ConfUtils.java:logGet(43)) - raft.server.log.queue.byte-limit = 2147483647 (custom)
2019-09-26 23:41:59,004 [pool-47-thread-1] INFO  server.RaftServerConfigKeys (ConfUtils.java:logGet(43)) - raft.server.log.queue.element-limit = 1024 (custom)
2019-09-26 23:41:59,007 [pool-47-thread-1] INFO  server.RaftServerConfigKeys (ConfUtils.java:logGet(43)) - raft.server.log.segment.size.max = 1048576 (custom)
2019-09-26 23:41:59,008 [pool-47-thread-1] INFO  server.RaftServerConfigKeys (ConfUtils.java:logGet(43)) - raft.server.log.preallocated.size = 16384 (custom)
2019-09-26 23:41:59,008 [pool-47-thread-1] INFO  server.RaftServerConfigKeys (ConfUtils.java:logGet(43)) - raft.server.log.write.buffer.size = 33554432 (custom)
2019-09-26 23:41:59,009 [pool-47-thread-1] INFO  server.RaftServerConfigKeys (ConfUtils.java:logGet(43)) - raft.server.log.force.sync.num = 128 (default)
2019-09-26 23:41:59,010 [pool-47-thread-1] INFO  server.RaftServerConfigKeys (ConfUtils.java:logGet(43)) - raft.server.log.statemachine.data.sync = true (default)
2019-09-26 23:41:59,010 [pool-47-thread-1] INFO  server.RaftServerConfigKeys (ConfUtils.java:logGet(43)) - raft.server.log.statemachine.data.sync.timeout = 10s (default)
2019-09-26 23:41:59,010 [pool-47-thread-1] INFO  server.RaftServerConfigKeys (ConfUtils.java:logGet(43)) - raft.server.log.statemachine.data.sync.timeout.retry = -1 (default)
2019-09-26 23:41:59,025 [pool-47-thread-1] INFO  server.RaftServerConfigKeys (ConfUtils.java:logGet(43)) - raft.server.log.statemachine.data.caching.enabled = true (custom)
2019-09-26 23:41:59,032 [pool-47-thread-1] INFO  segmented.SegmentedRaftLogWorker (SegmentedRaftLogWorker.java:lambda$new$0(132)) - e5ad9ec2-43b6-4ed1-8189-34962d8a433d@group-58C16E1D8D20-SegmentedRaftLogWorker: flushIndex: setUnconditionally 0 -> -1
2019-09-26 23:41:59,039 [pool-47-thread-1] INFO  server.RaftServerConfigKeys (ConfUtils.java:logGet(43)) - raft.server.snapshot.auto.trigger.enabled = true (custom)
2019-09-26 23:41:59,040 [pool-47-thread-1] INFO  server.RaftServerConfigKeys (ConfUtils.java:logGet(43)) - raft.server.snapshot.auto.trigger.threshold = 10000 (custom)
2019-09-26 23:41:59,040 [pool-47-thread-1] INFO  server.RaftServerConfigKeys (ConfUtils.java:logGet(43)) - raft.server.snapshot.retention.num.files = 5 (custom)
2019-09-26 23:41:59,041 [pool-47-thread-1] INFO  server.RaftServerConfigKeys (ConfUtils.java:logGet(43)) - raft.server.retrycache.expirytime = 600000ms (custom)
2019-09-26 23:41:59,086 [pool-47-thread-1] INFO  impl.RaftServerImpl (RaftServerImpl.java:start(185)) - e5ad9ec2-43b6-4ed1-8189-34962d8a433d@group-58C16E1D8D20: start as a follower, conf=-1: [e5ad9ec2-43b6-4ed1-8189-34962d8a433d:192.168.151.109:33223], old=null
2019-09-26 23:41:59,088 [pool-47-thread-1] INFO  impl.RaftServerImpl (RaftServerImpl.java:setRole(174)) - e5ad9ec2-43b6-4ed1-8189-34962d8a433d@group-58C16E1D8D20: changes role from      null to FOLLOWER at term 0 for startAsFollower
2019-09-26 23:41:59,090 [pool-47-thread-1] INFO  impl.RoleInfo (RoleInfo.java:updateAndGet(143)) - e5ad9ec2-43b6-4ed1-8189-34962d8a433d: start FollowerState
2019-09-26 23:41:59,092 [pool-47-thread-1] INFO  util.JmxRegister (JmxRegister.java:tryRegister(44)) - Successfully registered JMX Bean with object name Ratis:service=RaftServer,group=group-58C16E1D8D20,id=e5ad9ec2-43b6-4ed1-8189-34962d8a433d
2019-09-26 23:41:59,169 [RatisPipelineUtilsThread] INFO  pipeline.PipelineStateManager (PipelineStateManager.java:addPipeline(56)) - Created pipeline Pipeline[ Id: ef5cf0c5-cb5d-4de1-be7b-58c16e1d8d20, Nodes: e5ad9ec2-43b6-4ed1-8189-34962d8a433d{ip: 192.168.151.109, host: pr-hdds-2162-kpcbn-4093309294, networkLocation: /default-rack, certSerialId: null}, Type:RATIS, Factor:ONE, State:OPEN]
2019-09-26 23:41:59,196 [grpc-default-executor-0] INFO  impl.RaftServerProxy (RaftServerProxy.java:addNew(89)) - c021c5a2-d8d2-494e-ae80-bc384f6a911c: addNew group-9C392301FDF0:[c021c5a2-d8d2-494e-ae80-bc384f6a911c:192.168.151.109:37740] returns group-9C392301FDF0:java.util.concurrent.CompletableFuture@21553770[Not completed]
2019-09-26 23:41:59,285 [pool-117-thread-1] INFO  impl.RaftServerImpl (RaftServerImpl.java:<init>(95)) - c021c5a2-d8d2-494e-ae80-bc384f6a911c: new RaftServerImpl for group-9C392301FDF0:[c021c5a2-d8d2-494e-ae80-bc384f6a911c:192.168.151.109:37740] with ContainerStateMachine:uninitialized
2019-09-26 23:41:59,287 [pool-117-thread-1] INFO  server.RaftServerConfigKeys (ConfUtils.java:logGet(43)) - raft.server.rpc.timeout.min = 5s (custom)
2019-09-26 23:41:59,287 [pool-117-thread-1] INFO  server.RaftServerConfigKeys (ConfUtils.java:logGet(43)) - raft.server.rpc.timeout.max = 5200ms (custom)
2019-09-26 23:41:59,287 [pool-117-thread-1] INFO  server.RaftServerConfigKeys (ConfUtils.java:logGet(43)) - raft.server.rpcslowness.timeout = 120s (custom)
2019-09-26 23:41:59,287 [pool-117-thread-1] INFO  server.RaftServerConfigKeys (ConfUtils.java:logGet(43)) - raft.server.sleep.deviation.threshold = 300 (default)
2019-09-26 23:41:59,287 [pool-117-thread-1] INFO  server.RaftServerConfigKeys (ConfUtils.java:logGet(43)) - raft.server.log.appender.install.snapshot.enabled = false (custom)
2019-09-26 23:41:59,288 [pool-117-thread-1] INFO  impl.RaftServerImpl (ServerState.java:<init>(103)) - c021c5a2-d8d2-494e-ae80-bc384f6a911c@group-9C392301FDF0: ConfigurationManager, init=-1: [c021c5a2-d8d2-494e-ae80-bc384f6a911c:192.168.151.109:37740], old=null, confs=<EMPTY_MAP>
2019-09-26 23:41:59,288 [pool-117-thread-1] INFO  server.RaftServerConfigKeys (ConfUtils.java:logGet(43)) - raft.server.storage.dir = [/workdir/hadoop-ozone/ozonefs/target/test-dir/MiniOzoneClusterImpl-732670c7-f75b-424f-848a-3ce441686c31/datanode-9/data/ratis] (custom)
2019-09-26 23:41:59,289 [pool-117-thread-1] INFO  storage.RaftStorageDirectory (RaftStorageDirectory.java:analyzeStorage(246)) - The storage directory /workdir/hadoop-ozone/ozonefs/target/test-dir/MiniOzoneClusterImpl-732670c7-f75b-424f-848a-3ce441686c31/datanode-9/data/ratis/b952ef0e-6882-40aa-bb88-9c392301fdf0 does not exist. Creating ...
2019-09-26 23:41:59,303 [pool-117-thread-1] INFO  storage.RaftStorageDirectory (RaftStorageDirectory.java:tryLock(328)) - Lock on /workdir/hadoop-ozone/ozonefs/target/test-dir/MiniOzoneClusterImpl-732670c7-f75b-424f-848a-3ce441686c31/datanode-9/data/ratis/b952ef0e-6882-40aa-bb88-9c392301fdf0/in_use.lock acquired by nodename 7326@pr-hdds-2162-kpcbn-4093309294
2019-09-26 23:41:59,317 [pool-117-thread-1] INFO  storage.RaftStorage (RaftStorage.java:format(72)) - Storage directory /workdir/hadoop-ozone/ozonefs/target/test-dir/MiniOzoneClusterImpl-732670c7-f75b-424f-848a-3ce441686c31/datanode-9/data/ratis/b952ef0e-6882-40aa-bb88-9c392301fdf0 has been successfully formatted.
2019-09-26 23:41:59,319 [pool-117-thread-1] INFO  ratis.ContainerStateMachine (ContainerStateMachine.java:loadSnapshot(230)) - group-9C392301FDF0: The snapshot info is null. Setting the last applied indexto:(t:0, i:~)
2019-09-26 23:41:59,321 [pool-117-thread-1] INFO  server.RaftServerConfigKeys (ConfUtils.java:logGet(43)) - raft.server.notification.no-leader.timeout = 120s (custom)
2019-09-26 23:41:59,321 [pool-117-thread-1] INFO  server.RaftServerConfigKeys (ConfUtils.java:logGet(43)) - raft.server.log.use.memory = false (default)
2019-09-26 23:41:59,322 [pool-117-thread-1] INFO  server.RaftServerConfigKeys (ConfUtils.java:logGet(43)) - raft.server.log.purge.gap = 1000000 (custom)
2019-09-26 23:41:59,322 [pool-117-thread-1] INFO  server.RaftServerConfigKeys (ConfUtils.java:logGet(43)) - raft.server.log.appender.buffer.byte-limit = 33554432 (custom)
2019-09-26 23:41:59,322 [pool-117-thread-1] INFO  server.RaftServerConfigKeys (ConfUtils.java:logGet(43)) - raft.server.log.segment.size.max = 1048576 (custom)
2019-09-26 23:41:59,322 [pool-117-thread-1] INFO  server.RaftServerConfigKeys (ConfUtils.java:logGet(43)) - raft.server.log.segment.cache.num.max = 2 (custom)
2019-09-26 23:41:59,322 [pool-117-thread-1] INFO  segmented.SegmentedRaftLogWorker (SegmentedRaftLogWorker.java:<init>(172)) - new c021c5a2-d8d2-494e-ae80-bc384f6a911c@group-9C392301FDF0-SegmentedRaftLogWorker for RaftStorage:Storage Directory /workdir/hadoop-ozone/ozonefs/target/test-dir/MiniOzoneClusterImpl-732670c7-f75b-424f-848a-3ce441686c31/datanode-9/data/ratis/b952ef0e-6882-40aa-bb88-9c392301fdf0
2019-09-26 23:41:59,331 [pool-117-thread-1] INFO  server.RaftServerConfigKeys (ConfUtils.java:logGet(43)) - raft.server.log.queue.byte-limit = 2147483647 (custom)
2019-09-26 23:41:59,331 [pool-117-thread-1] INFO  server.RaftServerConfigKeys (ConfUtils.java:logGet(43)) - raft.server.log.queue.element-limit = 1024 (custom)
2019-09-26 23:41:59,331 [pool-117-thread-1] INFO  server.RaftServerConfigKeys (ConfUtils.java:logGet(43)) - raft.server.log.segment.size.max = 1048576 (custom)
2019-09-26 23:41:59,332 [pool-117-thread-1] INFO  server.RaftServerConfigKeys (ConfUtils.java:logGet(43)) - raft.server.log.preallocated.size = 16384 (custom)
2019-09-26 23:41:59,332 [pool-117-thread-1] INFO  server.RaftServerConfigKeys (ConfUtils.java:logGet(43)) - raft.server.log.write.buffer.size = 33554432 (custom)
2019-09-26 23:41:59,332 [pool-117-thread-1] INFO  server.RaftServerConfigKeys (ConfUtils.java:logGet(43)) - raft.server.log.force.sync.num = 128 (default)
2019-09-26 23:41:59,332 [pool-117-thread-1] INFO  server.RaftServerConfigKeys (ConfUtils.java:logGet(43)) - raft.server.log.statemachine.data.sync = true (default)
2019-09-26 23:41:59,332 [pool-117-thread-1] INFO  server.RaftServerConfigKeys (ConfUtils.java:logGet(43)) - raft.server.log.statemachine.data.sync.timeout = 10s (default)
2019-09-26 23:41:59,332 [pool-117-thread-1] INFO  server.RaftServerConfigKeys (ConfUtils.java:logGet(43)) - raft.server.log.statemachine.data.sync.timeout.retry = -1 (default)
2019-09-26 23:41:59,333 [pool-117-thread-1] INFO  server.RaftServerConfigKeys (ConfUtils.java:logGet(43)) - raft.server.log.statemachine.data.caching.enabled = true (custom)
2019-09-26 23:41:59,333 [pool-117-thread-1] INFO  segmented.SegmentedRaftLogWorker (SegmentedRaftLogWorker.java:lambda$new$0(132)) - c021c5a2-d8d2-494e-ae80-bc384f6a911c@group-9C392301FDF0-SegmentedRaftLogWorker: flushIndex: setUnconditionally 0 -> -1
2019-09-26 23:41:59,334 [pool-117-thread-1] INFO  server.RaftServerConfigKeys (ConfUtils.java:logGet(43)) - raft.server.snapshot.auto.trigger.enabled = true (custom)
2019-09-26 23:41:59,334 [pool-117-thread-1] INFO  server.RaftServerConfigKeys (ConfUtils.java:logGet(43)) - raft.server.snapshot.auto.trigger.threshold = 10000 (custom)
2019-09-26 23:41:59,334 [pool-117-thread-1] INFO  server.RaftServerConfigKeys (ConfUtils.java:logGet(43)) - raft.server.snapshot.retention.num.files = 5 (custom)
2019-09-26 23:41:59,334 [pool-117-thread-1] INFO  server.RaftServerConfigKeys (ConfUtils.java:logGet(43)) - raft.server.retrycache.expirytime = 600000ms (custom)
2019-09-26 23:41:59,340 [pool-117-thread-1] INFO  impl.RaftServerImpl (RaftServerImpl.java:start(185)) - c021c5a2-d8d2-494e-ae80-bc384f6a911c@group-9C392301FDF0: start as a follower, conf=-1: [c021c5a2-d8d2-494e-ae80-bc384f6a911c:192.168.151.109:37740], old=null
2019-09-26 23:41:59,340 [pool-117-thread-1] INFO  impl.RaftServerImpl (RaftServerImpl.java:setRole(174)) - c021c5a2-d8d2-494e-ae80-bc384f6a911c@group-9C392301FDF0: changes role from      null to FOLLOWER at term 0 for startAsFollower
2019-09-26 23:41:59,340 [pool-117-thread-1] INFO  impl.RoleInfo (RoleInfo.java:updateAndGet(143)) - c021c5a2-d8d2-494e-ae80-bc384f6a911c: start FollowerState
2019-09-26 23:41:59,343 [pool-117-thread-1] INFO  util.JmxRegister (JmxRegister.java:tryRegister(44)) - Successfully registered JMX Bean with object name Ratis:service=RaftServer,group=group-9C392301FDF0,id=c021c5a2-d8d2-494e-ae80-bc384f6a911c
2019-09-26 23:41:59,367 [RatisPipelineUtilsThread] INFO  pipeline.PipelineStateManager (PipelineStateManager.java:addPipeline(56)) - Created pipeline Pipeline[ Id: b952ef0e-6882-40aa-bb88-9c392301fdf0, Nodes: c021c5a2-d8d2-494e-ae80-bc384f6a911c{ip: 192.168.151.109, host: pr-hdds-2162-kpcbn-4093309294, networkLocation: /default-rack, certSerialId: null}, Type:RATIS, Factor:ONE, State:OPEN]
2019-09-26 23:41:59,395 [grpc-default-executor-0] INFO  impl.RaftServerProxy (RaftServerProxy.java:addNew(89)) - 851bd362-786e-47e4-b76b-6e60954f2395: addNew group-1778A877D573:[851bd362-786e-47e4-b76b-6e60954f2395:192.168.151.109:39279] returns group-1778A877D573:java.util.concurrent.CompletableFuture@660ef7c[Not completed]
2019-09-26 23:41:59,438 [pool-27-thread-1] INFO  impl.RaftServerImpl (RaftServerImpl.java:<init>(95)) - 851bd362-786e-47e4-b76b-6e60954f2395: new RaftServerImpl for group-1778A877D573:[851bd362-786e-47e4-b76b-6e60954f2395:192.168.151.109:39279] with ContainerStateMachine:uninitialized
2019-09-26 23:41:59,438 [pool-27-thread-1] INFO  server.RaftServerConfigKeys (ConfUtils.java:logGet(43)) - raft.server.rpc.timeout.min = 5s (custom)
2019-09-26 23:41:59,438 [pool-27-thread-1] INFO  server.RaftServerConfigKeys (ConfUtils.java:logGet(43)) - raft.server.rpc.timeout.max = 5200ms (custom)
2019-09-26 23:41:59,438 [pool-27-thread-1] INFO  server.RaftServerConfigKeys (ConfUtils.java:logGet(43)) - raft.server.rpcslowness.timeout = 120s (custom)
2019-09-26 23:41:59,439 [pool-27-thread-1] INFO  server.RaftServerConfigKeys (ConfUtils.java:logGet(43)) - raft.server.sleep.deviation.threshold = 300 (default)
2019-09-26 23:41:59,439 [pool-27-thread-1] INFO  server.RaftServerConfigKeys (ConfUtils.java:logGet(43)) - raft.server.log.appender.install.snapshot.enabled = false (custom)
2019-09-26 23:41:59,439 [pool-27-thread-1] INFO  impl.RaftServerImpl (ServerState.java:<init>(103)) - 851bd362-786e-47e4-b76b-6e60954f2395@group-1778A877D573: ConfigurationManager, init=-1: [851bd362-786e-47e4-b76b-6e60954f2395:192.168.151.109:39279], old=null, confs=<EMPTY_MAP>
2019-09-26 23:41:59,439 [pool-27-thread-1] INFO  server.RaftServerConfigKeys (ConfUtils.java:logGet(43)) - raft.server.storage.dir = [/workdir/hadoop-ozone/ozonefs/target/test-dir/MiniOzoneClusterImpl-732670c7-f75b-424f-848a-3ce441686c31/datanode-0/data/ratis] (custom)
2019-09-26 23:41:59,439 [pool-27-thread-1] INFO  storage.RaftStorageDirectory (RaftStorageDirectory.java:analyzeStorage(246)) - The storage directory /workdir/hadoop-ozone/ozonefs/target/test-dir/MiniOzoneClusterImpl-732670c7-f75b-424f-848a-3ce441686c31/datanode-0/data/ratis/e20bd7f9-6fc6-4d35-b3e0-1778a877d573 does not exist. Creating ...
2019-09-26 23:41:59,453 [pool-27-thread-1] INFO  storage.RaftStorageDirectory (RaftStorageDirectory.java:tryLock(328)) - Lock on /workdir/hadoop-ozone/ozonefs/target/test-dir/MiniOzoneClusterImpl-732670c7-f75b-424f-848a-3ce441686c31/datanode-0/data/ratis/e20bd7f9-6fc6-4d35-b3e0-1778a877d573/in_use.lock acquired by nodename 7326@pr-hdds-2162-kpcbn-4093309294
2019-09-26 23:41:59,466 [pool-27-thread-1] INFO  storage.RaftStorage (RaftStorage.java:format(72)) - Storage directory /workdir/hadoop-ozone/ozonefs/target/test-dir/MiniOzoneClusterImpl-732670c7-f75b-424f-848a-3ce441686c31/datanode-0/data/ratis/e20bd7f9-6fc6-4d35-b3e0-1778a877d573 has been successfully formatted.
2019-09-26 23:41:59,466 [pool-27-thread-1] INFO  ratis.ContainerStateMachine (ContainerStateMachine.java:loadSnapshot(230)) - group-1778A877D573: The snapshot info is null. Setting the last applied indexto:(t:0, i:~)
2019-09-26 23:41:59,467 [pool-27-thread-1] INFO  server.RaftServerConfigKeys (ConfUtils.java:logGet(43)) - raft.server.notification.no-leader.timeout = 120s (custom)
2019-09-26 23:41:59,467 [pool-27-thread-1] INFO  server.RaftServerConfigKeys (ConfUtils.java:logGet(43)) - raft.server.log.use.memory = false (default)
2019-09-26 23:41:59,467 [pool-27-thread-1] INFO  server.RaftServerConfigKeys (ConfUtils.java:logGet(43)) - raft.server.log.purge.gap = 1000000 (custom)
2019-09-26 23:41:59,467 [pool-27-thread-1] INFO  server.RaftServerConfigKeys (ConfUtils.java:logGet(43)) - raft.server.log.appender.buffer.byte-limit = 33554432 (custom)
2019-09-26 23:41:59,467 [pool-27-thread-1] INFO  server.RaftServerConfigKeys (ConfUtils.java:logGet(43)) - raft.server.log.segment.size.max = 1048576 (custom)
2019-09-26 23:41:59,467 [pool-27-thread-1] INFO  server.RaftServerConfigKeys (ConfUtils.java:logGet(43)) - raft.server.log.segment.cache.num.max = 2 (custom)
2019-09-26 23:41:59,467 [pool-27-thread-1] INFO  segmented.SegmentedRaftLogWorker (SegmentedRaftLogWorker.java:<init>(172)) - new 851bd362-786e-47e4-b76b-6e60954f2395@group-1778A877D573-SegmentedRaftLogWorker for RaftStorage:Storage Directory /workdir/hadoop-ozone/ozonefs/target/test-dir/MiniOzoneClusterImpl-732670c7-f75b-424f-848a-3ce441686c31/datanode-0/data/ratis/e20bd7f9-6fc6-4d35-b3e0-1778a877d573
2019-09-26 23:41:59,512 [pool-27-thread-1] INFO  server.RaftServerConfigKeys (ConfUtils.java:logGet(43)) - raft.server.log.queue.byte-limit = 2147483647 (custom)
2019-09-26 23:41:59,512 [pool-27-thread-1] INFO  server.RaftServerConfigKeys (ConfUtils.java:logGet(43)) - raft.server.log.queue.element-limit = 1024 (custom)
2019-09-26 23:41:59,512 [pool-27-thread-1] INFO  server.RaftServerConfigKeys (ConfUtils.java:logGet(43)) - raft.server.log.segment.size.max = 1048576 (custom)
2019-09-26 23:41:59,512 [pool-27-thread-1] INFO  server.RaftServerConfigKeys (ConfUtils.java:logGet(43)) - raft.server.log.preallocated.size = 16384 (custom)
2019-09-26 23:41:59,512 [pool-27-thread-1] INFO  server.RaftServerConfigKeys (ConfUtils.java:logGet(43)) - raft.server.log.write.buffer.size = 33554432 (custom)
2019-09-26 23:41:59,512 [pool-27-thread-1] INFO  server.RaftServerConfigKeys (ConfUtils.java:logGet(43)) - raft.server.log.force.sync.num = 128 (default)
2019-09-26 23:41:59,513 [pool-27-thread-1] INFO  server.RaftServerConfigKeys (ConfUtils.java:logGet(43)) - raft.server.log.statemachine.data.sync = true (default)
2019-09-26 23:41:59,513 [pool-27-thread-1] INFO  server.RaftServerConfigKeys (ConfUtils.java:logGet(43)) - raft.server.log.statemachine.data.sync.timeout = 10s (default)
2019-09-26 23:41:59,513 [pool-27-thread-1] INFO  server.RaftServerConfigKeys (ConfUtils.java:logGet(43)) - raft.server.log.statemachine.data.sync.timeout.retry = -1 (default)
2019-09-26 23:41:59,513 [pool-27-thread-1] INFO  server.RaftServerConfigKeys (ConfUtils.java:logGet(43)) - raft.server.log.statemachine.data.caching.enabled = true (custom)
2019-09-26 23:41:59,514 [pool-27-thread-1] INFO  segmented.SegmentedRaftLogWorker (SegmentedRaftLogWorker.java:lambda$new$0(132)) - 851bd362-786e-47e4-b76b-6e60954f2395@group-1778A877D573-SegmentedRaftLogWorker: flushIndex: setUnconditionally 0 -> -1
2019-09-26 23:41:59,514 [pool-27-thread-1] INFO  server.RaftServerConfigKeys (ConfUtils.java:logGet(43)) - raft.server.snapshot.auto.trigger.enabled = true (custom)
2019-09-26 23:41:59,514 [pool-27-thread-1] INFO  server.RaftServerConfigKeys (ConfUtils.java:logGet(43)) - raft.server.snapshot.auto.trigger.threshold = 10000 (custom)
2019-09-26 23:41:59,514 [pool-27-thread-1] INFO  server.RaftServerConfigKeys (ConfUtils.java:logGet(43)) - raft.server.snapshot.retention.num.files = 5 (custom)
2019-09-26 23:41:59,514 [pool-27-thread-1] INFO  server.RaftServerConfigKeys (ConfUtils.java:logGet(43)) - raft.server.retrycache.expirytime = 600000ms (custom)
2019-09-26 23:41:59,518 [pool-27-thread-1] INFO  impl.RaftServerImpl (RaftServerImpl.java:start(185)) - 851bd362-786e-47e4-b76b-6e60954f2395@group-1778A877D573: start as a follower, conf=-1: [851bd362-786e-47e4-b76b-6e60954f2395:192.168.151.109:39279], old=null
2019-09-26 23:41:59,518 [pool-27-thread-1] INFO  impl.RaftServerImpl (RaftServerImpl.java:setRole(174)) - 851bd362-786e-47e4-b76b-6e60954f2395@group-1778A877D573: changes role from      null to FOLLOWER at term 0 for startAsFollower
2019-09-26 23:41:59,518 [pool-27-thread-1] INFO  impl.RoleInfo (RoleInfo.java:updateAndGet(143)) - 851bd362-786e-47e4-b76b-6e60954f2395: start FollowerState
2019-09-26 23:41:59,519 [pool-27-thread-1] INFO  util.JmxRegister (JmxRegister.java:tryRegister(44)) - Successfully registered JMX Bean with object name Ratis:service=RaftServer,group=group-1778A877D573,id=851bd362-786e-47e4-b76b-6e60954f2395
2019-09-26 23:41:59,536 [RatisPipelineUtilsThread] INFO  pipeline.PipelineStateManager (PipelineStateManager.java:addPipeline(56)) - Created pipeline Pipeline[ Id: e20bd7f9-6fc6-4d35-b3e0-1778a877d573, Nodes: 851bd362-786e-47e4-b76b-6e60954f2395{ip: 192.168.151.109, host: pr-hdds-2162-kpcbn-4093309294, networkLocation: /default-rack, certSerialId: null}, Type:RATIS, Factor:ONE, State:OPEN]
2019-09-26 23:41:59,564 [grpc-default-executor-0] INFO  impl.RaftServerProxy (RaftServerProxy.java:addNew(89)) - fc06cb59-39ee-4f47-9dde-cbe0d3a3cd99: addNew group-A6C448C1BF71:[fc06cb59-39ee-4f47-9dde-cbe0d3a3cd99:192.168.151.109:39124] returns group-A6C448C1BF71:java.util.concurrent.CompletableFuture@463ab61c[Not completed]
2019-09-26 23:41:59,569 [pool-67-thread-1] INFO  impl.RaftServerImpl (RaftServerImpl.java:<init>(95)) - fc06cb59-39ee-4f47-9dde-cbe0d3a3cd99: new RaftServerImpl for group-A6C448C1BF71:[fc06cb59-39ee-4f47-9dde-cbe0d3a3cd99:192.168.151.109:39124] with ContainerStateMachine:uninitialized
2019-09-26 23:41:59,570 [pool-67-thread-1] INFO  server.RaftServerConfigKeys (ConfUtils.java:logGet(43)) - raft.server.rpc.timeout.min = 5s (custom)
2019-09-26 23:41:59,570 [pool-67-thread-1] INFO  server.RaftServerConfigKeys (ConfUtils.java:logGet(43)) - raft.server.rpc.timeout.max = 5200ms (custom)
2019-09-26 23:41:59,570 [pool-67-thread-1] INFO  server.RaftServerConfigKeys (ConfUtils.java:logGet(43)) - raft.server.rpcslowness.timeout = 120s (custom)
2019-09-26 23:41:59,570 [pool-67-thread-1] INFO  server.RaftServerConfigKeys (ConfUtils.java:logGet(43)) - raft.server.sleep.deviation.threshold = 300 (default)
2019-09-26 23:41:59,570 [pool-67-thread-1] INFO  server.RaftServerConfigKeys (ConfUtils.java:logGet(43)) - raft.server.log.appender.install.snapshot.enabled = false (custom)
2019-09-26 23:41:59,570 [pool-67-thread-1] INFO  impl.RaftServerImpl (ServerState.java:<init>(103)) - fc06cb59-39ee-4f47-9dde-cbe0d3a3cd99@group-A6C448C1BF71: ConfigurationManager, init=-1: [fc06cb59-39ee-4f47-9dde-cbe0d3a3cd99:192.168.151.109:39124], old=null, confs=<EMPTY_MAP>
2019-09-26 23:41:59,570 [pool-67-thread-1] INFO  server.RaftServerConfigKeys (ConfUtils.java:logGet(43)) - raft.server.storage.dir = [/workdir/hadoop-ozone/ozonefs/target/test-dir/MiniOzoneClusterImpl-732670c7-f75b-424f-848a-3ce441686c31/datanode-4/data/ratis] (custom)
2019-09-26 23:41:59,571 [pool-67-thread-1] INFO  storage.RaftStorageDirectory (RaftStorageDirectory.java:analyzeStorage(246)) - The storage directory /workdir/hadoop-ozone/ozonefs/target/test-dir/MiniOzoneClusterImpl-732670c7-f75b-424f-848a-3ce441686c31/datanode-4/data/ratis/ef3c4aba-e42e-46b1-94d0-a6c448c1bf71 does not exist. Creating ...
2019-09-26 23:41:59,584 [pool-67-thread-1] INFO  storage.RaftStorageDirectory (RaftStorageDirectory.java:tryLock(328)) - Lock on /workdir/hadoop-ozone/ozonefs/target/test-dir/MiniOzoneClusterImpl-732670c7-f75b-424f-848a-3ce441686c31/datanode-4/data/ratis/ef3c4aba-e42e-46b1-94d0-a6c448c1bf71/in_use.lock acquired by nodename 7326@pr-hdds-2162-kpcbn-4093309294
2019-09-26 23:41:59,600 [pool-67-thread-1] INFO  storage.RaftStorage (RaftStorage.java:format(72)) - Storage directory /workdir/hadoop-ozone/ozonefs/target/test-dir/MiniOzoneClusterImpl-732670c7-f75b-424f-848a-3ce441686c31/datanode-4/data/ratis/ef3c4aba-e42e-46b1-94d0-a6c448c1bf71 has been successfully formatted.
2019-09-26 23:41:59,600 [pool-67-thread-1] INFO  ratis.ContainerStateMachine (ContainerStateMachine.java:loadSnapshot(230)) - group-A6C448C1BF71: The snapshot info is null. Setting the last applied indexto:(t:0, i:~)
2019-09-26 23:41:59,600 [pool-67-thread-1] INFO  server.RaftServerConfigKeys (ConfUtils.java:logGet(43)) - raft.server.notification.no-leader.timeout = 120s (custom)
2019-09-26 23:41:59,600 [pool-67-thread-1] INFO  server.RaftServerConfigKeys (ConfUtils.java:logGet(43)) - raft.server.log.use.memory = false (default)
2019-09-26 23:41:59,600 [pool-67-thread-1] INFO  server.RaftServerConfigKeys (ConfUtils.java:logGet(43)) - raft.server.log.purge.gap = 1000000 (custom)
2019-09-26 23:41:59,601 [pool-67-thread-1] INFO  server.RaftServerConfigKeys (ConfUtils.java:logGet(43)) - raft.server.log.appender.buffer.byte-limit = 33554432 (custom)
2019-09-26 23:41:59,601 [pool-67-thread-1] INFO  server.RaftServerConfigKeys (ConfUtils.java:logGet(43)) - raft.server.log.segment.size.max = 1048576 (custom)
2019-09-26 23:41:59,601 [pool-67-thread-1] INFO  server.RaftServerConfigKeys (ConfUtils.java:logGet(43)) - raft.server.log.segment.cache.num.max = 2 (custom)
2019-09-26 23:41:59,601 [pool-67-thread-1] INFO  segmented.SegmentedRaftLogWorker (SegmentedRaftLogWorker.java:<init>(172)) - new fc06cb59-39ee-4f47-9dde-cbe0d3a3cd99@group-A6C448C1BF71-SegmentedRaftLogWorker for RaftStorage:Storage Directory /workdir/hadoop-ozone/ozonefs/target/test-dir/MiniOzoneClusterImpl-732670c7-f75b-424f-848a-3ce441686c31/datanode-4/data/ratis/ef3c4aba-e42e-46b1-94d0-a6c448c1bf71
2019-09-26 23:41:59,605 [pool-67-thread-1] INFO  server.RaftServerConfigKeys (ConfUtils.java:logGet(43)) - raft.server.log.queue.byte-limit = 2147483647 (custom)
2019-09-26 23:41:59,605 [pool-67-thread-1] INFO  server.RaftServerConfigKeys (ConfUtils.java:logGet(43)) - raft.server.log.queue.element-limit = 1024 (custom)
2019-09-26 23:41:59,605 [pool-67-thread-1] INFO  server.RaftServerConfigKeys (ConfUtils.java:logGet(43)) - raft.server.log.segment.size.max = 1048576 (custom)
2019-09-26 23:41:59,605 [pool-67-thread-1] INFO  server.RaftServerConfigKeys (ConfUtils.java:logGet(43)) - raft.server.log.preallocated.size = 16384 (custom)
2019-09-26 23:41:59,605 [pool-67-thread-1] INFO  server.RaftServerConfigKeys (ConfUtils.java:logGet(43)) - raft.server.log.write.buffer.size = 33554432 (custom)
2019-09-26 23:41:59,606 [pool-67-thread-1] INFO  server.RaftServerConfigKeys (ConfUtils.java:logGet(43)) - raft.server.log.force.sync.num = 128 (default)
2019-09-26 23:41:59,606 [pool-67-thread-1] INFO  server.RaftServerConfigKeys (ConfUtils.java:logGet(43)) - raft.server.log.statemachine.data.sync = true (default)
2019-09-26 23:41:59,606 [pool-67-thread-1] INFO  server.RaftServerConfigKeys (ConfUtils.java:logGet(43)) - raft.server.log.statemachine.data.sync.timeout = 10s (default)
2019-09-26 23:41:59,606 [pool-67-thread-1] INFO  server.RaftServerConfigKeys (ConfUtils.java:logGet(43)) - raft.server.log.statemachine.data.sync.timeout.retry = -1 (default)
2019-09-26 23:41:59,606 [pool-67-thread-1] INFO  server.RaftServerConfigKeys (ConfUtils.java:logGet(43)) - raft.server.log.statemachine.data.caching.enabled = true (custom)
2019-09-26 23:41:59,607 [pool-67-thread-1] INFO  segmented.SegmentedRaftLogWorker (SegmentedRaftLogWorker.java:lambda$new$0(132)) - fc06cb59-39ee-4f47-9dde-cbe0d3a3cd99@group-A6C448C1BF71-SegmentedRaftLogWorker: flushIndex: setUnconditionally 0 -> -1
2019-09-26 23:41:59,607 [pool-67-thread-1] INFO  server.RaftServerConfigKeys (ConfUtils.java:logGet(43)) - raft.server.snapshot.auto.trigger.enabled = true (custom)
2019-09-26 23:41:59,607 [pool-67-thread-1] INFO  server.RaftServerConfigKeys (ConfUtils.java:logGet(43)) - raft.server.snapshot.auto.trigger.threshold = 10000 (custom)
2019-09-26 23:41:59,607 [pool-67-thread-1] INFO  server.RaftServerConfigKeys (ConfUtils.java:logGet(43)) - raft.server.snapshot.retention.num.files = 5 (custom)
2019-09-26 23:41:59,607 [pool-67-thread-1] INFO  server.RaftServerConfigKeys (ConfUtils.java:logGet(43)) - raft.server.retrycache.expirytime = 600000ms (custom)
2019-09-26 23:41:59,611 [pool-67-thread-1] INFO  impl.RaftServerImpl (RaftServerImpl.java:start(185)) - fc06cb59-39ee-4f47-9dde-cbe0d3a3cd99@group-A6C448C1BF71: start as a follower, conf=-1: [fc06cb59-39ee-4f47-9dde-cbe0d3a3cd99:192.168.151.109:39124], old=null
2019-09-26 23:41:59,611 [pool-67-thread-1] INFO  impl.RaftServerImpl (RaftServerImpl.java:setRole(174)) - fc06cb59-39ee-4f47-9dde-cbe0d3a3cd99@group-A6C448C1BF71: changes role from      null to FOLLOWER at term 0 for startAsFollower
2019-09-26 23:41:59,612 [pool-67-thread-1] INFO  impl.RoleInfo (RoleInfo.java:updateAndGet(143)) - fc06cb59-39ee-4f47-9dde-cbe0d3a3cd99: start FollowerState
2019-09-26 23:41:59,612 [pool-67-thread-1] INFO  util.JmxRegister (JmxRegister.java:tryRegister(44)) - Successfully registered JMX Bean with object name Ratis:service=RaftServer,group=group-A6C448C1BF71,id=fc06cb59-39ee-4f47-9dde-cbe0d3a3cd99
2019-09-26 23:41:59,647 [RatisPipelineUtilsThread] INFO  pipeline.PipelineStateManager (PipelineStateManager.java:addPipeline(56)) - Created pipeline Pipeline[ Id: ef3c4aba-e42e-46b1-94d0-a6c448c1bf71, Nodes: fc06cb59-39ee-4f47-9dde-cbe0d3a3cd99{ip: 192.168.151.109, host: pr-hdds-2162-kpcbn-4093309294, networkLocation: /default-rack, certSerialId: null}, Type:RATIS, Factor:ONE, State:OPEN]
2019-09-26 23:41:59,668 [grpc-default-executor-0] INFO  impl.RaftServerProxy (RaftServerProxy.java:addNew(89)) - 1e248264-0a57-4cd2-bcd2-8134f948d94e: addNew group-6AF14087493C:[1e248264-0a57-4cd2-bcd2-8134f948d94e:192.168.151.109:34639] returns group-6AF14087493C:java.util.concurrent.CompletableFuture@18c44ec4[Not completed]
2019-09-26 23:41:59,673 [pool-87-thread-1] INFO  impl.RaftServerImpl (RaftServerImpl.java:<init>(95)) - 1e248264-0a57-4cd2-bcd2-8134f948d94e: new RaftServerImpl for group-6AF14087493C:[1e248264-0a57-4cd2-bcd2-8134f948d94e:192.168.151.109:34639] with ContainerStateMachine:uninitialized
2019-09-26 23:41:59,673 [pool-87-thread-1] INFO  server.RaftServerConfigKeys (ConfUtils.java:logGet(43)) - raft.server.rpc.timeout.min = 5s (custom)
2019-09-26 23:41:59,674 [pool-87-thread-1] INFO  server.RaftServerConfigKeys (ConfUtils.java:logGet(43)) - raft.server.rpc.timeout.max = 5200ms (custom)
2019-09-26 23:41:59,674 [pool-87-thread-1] INFO  server.RaftServerConfigKeys (ConfUtils.java:logGet(43)) - raft.server.rpcslowness.timeout = 120s (custom)
2019-09-26 23:41:59,674 [pool-87-thread-1] INFO  server.RaftServerConfigKeys (ConfUtils.java:logGet(43)) - raft.server.sleep.deviation.threshold = 300 (default)
2019-09-26 23:41:59,674 [pool-87-thread-1] INFO  server.RaftServerConfigKeys (ConfUtils.java:logGet(43)) - raft.server.log.appender.install.snapshot.enabled = false (custom)
2019-09-26 23:41:59,674 [pool-87-thread-1] INFO  impl.RaftServerImpl (ServerState.java:<init>(103)) - 1e248264-0a57-4cd2-bcd2-8134f948d94e@group-6AF14087493C: ConfigurationManager, init=-1: [1e248264-0a57-4cd2-bcd2-8134f948d94e:192.168.151.109:34639], old=null, confs=<EMPTY_MAP>
2019-09-26 23:41:59,674 [pool-87-thread-1] INFO  server.RaftServerConfigKeys (ConfUtils.java:logGet(43)) - raft.server.storage.dir = [/workdir/hadoop-ozone/ozonefs/target/test-dir/MiniOzoneClusterImpl-732670c7-f75b-424f-848a-3ce441686c31/datanode-6/data/ratis] (custom)
2019-09-26 23:41:59,675 [pool-87-thread-1] INFO  storage.RaftStorageDirectory (RaftStorageDirectory.java:analyzeStorage(246)) - The storage directory /workdir/hadoop-ozone/ozonefs/target/test-dir/MiniOzoneClusterImpl-732670c7-f75b-424f-848a-3ce441686c31/datanode-6/data/ratis/90c91516-6c2f-4aae-8de3-6af14087493c does not exist. Creating ...
2019-09-26 23:41:59,688 [pool-87-thread-1] INFO  storage.RaftStorageDirectory (RaftStorageDirectory.java:tryLock(328)) - Lock on /workdir/hadoop-ozone/ozonefs/target/test-dir/MiniOzoneClusterImpl-732670c7-f75b-424f-848a-3ce441686c31/datanode-6/data/ratis/90c91516-6c2f-4aae-8de3-6af14087493c/in_use.lock acquired by nodename 7326@pr-hdds-2162-kpcbn-4093309294
2019-09-26 23:41:59,691 [main] INFO  ozone.MiniOzoneClusterImpl (MiniOzoneClusterImpl.java:lambda$waitForClusterToBeReady$0(147)) - Cluster is ready. Got 10 of 10 DN Heartbeats.
2019-09-26 23:41:59,701 [pool-87-thread-1] INFO  storage.RaftStorage (RaftStorage.java:format(72)) - Storage directory /workdir/hadoop-ozone/ozonefs/target/test-dir/MiniOzoneClusterImpl-732670c7-f75b-424f-848a-3ce441686c31/datanode-6/data/ratis/90c91516-6c2f-4aae-8de3-6af14087493c has been successfully formatted.
2019-09-26 23:41:59,702 [pool-87-thread-1] INFO  ratis.ContainerStateMachine (ContainerStateMachine.java:loadSnapshot(230)) - group-6AF14087493C: The snapshot info is null. Setting the last applied indexto:(t:0, i:~)
2019-09-26 23:41:59,702 [pool-87-thread-1] INFO  server.RaftServerConfigKeys (ConfUtils.java:logGet(43)) - raft.server.notification.no-leader.timeout = 120s (custom)
2019-09-26 23:41:59,702 [pool-87-thread-1] INFO  server.RaftServerConfigKeys (ConfUtils.java:logGet(43)) - raft.server.log.use.memory = false (default)
2019-09-26 23:41:59,702 [pool-87-thread-1] INFO  server.RaftServerConfigKeys (ConfUtils.java:logGet(43)) - raft.server.log.purge.gap = 1000000 (custom)
2019-09-26 23:41:59,702 [pool-87-thread-1] INFO  server.RaftServerConfigKeys (ConfUtils.java:logGet(43)) - raft.server.log.appender.buffer.byte-limit = 33554432 (custom)
2019-09-26 23:41:59,702 [pool-87-thread-1] INFO  server.RaftServerConfigKeys (ConfUtils.java:logGet(43)) - raft.server.log.segment.size.max = 1048576 (custom)
2019-09-26 23:41:59,703 [pool-87-thread-1] INFO  server.RaftServerConfigKeys (ConfUtils.java:logGet(43)) - raft.server.log.segment.cache.num.max = 2 (custom)
2019-09-26 23:41:59,703 [pool-87-thread-1] INFO  segmented.SegmentedRaftLogWorker (SegmentedRaftLogWorker.java:<init>(172)) - new 1e248264-0a57-4cd2-bcd2-8134f948d94e@group-6AF14087493C-SegmentedRaftLogWorker for RaftStorage:Storage Directory /workdir/hadoop-ozone/ozonefs/target/test-dir/MiniOzoneClusterImpl-732670c7-f75b-424f-848a-3ce441686c31/datanode-6/data/ratis/90c91516-6c2f-4aae-8de3-6af14087493c
2019-09-26 23:41:59,706 [pool-87-thread-1] INFO  server.RaftServerConfigKeys (ConfUtils.java:logGet(43)) - raft.server.log.queue.byte-limit = 2147483647 (custom)
2019-09-26 23:41:59,706 [pool-87-thread-1] INFO  server.RaftServerConfigKeys (ConfUtils.java:logGet(43)) - raft.server.log.queue.element-limit = 1024 (custom)
2019-09-26 23:41:59,706 [pool-87-thread-1] INFO  server.RaftServerConfigKeys (ConfUtils.java:logGet(43)) - raft.server.log.segment.size.max = 1048576 (custom)
2019-09-26 23:41:59,707 [pool-87-thread-1] INFO  server.RaftServerConfigKeys (ConfUtils.java:logGet(43)) - raft.server.log.preallocated.size = 16384 (custom)
2019-09-26 23:41:59,707 [pool-87-thread-1] INFO  server.RaftServerConfigKeys (ConfUtils.java:logGet(43)) - raft.server.log.write.buffer.size = 33554432 (custom)
2019-09-26 23:41:59,707 [pool-87-thread-1] INFO  server.RaftServerConfigKeys (ConfUtils.java:logGet(43)) - raft.server.log.force.sync.num = 128 (default)
2019-09-26 23:41:59,707 [pool-87-thread-1] INFO  server.RaftServerConfigKeys (ConfUtils.java:logGet(43)) - raft.server.log.statemachine.data.sync = true (default)
2019-09-26 23:41:59,707 [pool-87-thread-1] INFO  server.RaftServerConfigKeys (ConfUtils.java:logGet(43)) - raft.server.log.statemachine.data.sync.timeout = 10s (default)
2019-09-26 23:41:59,707 [pool-87-thread-1] INFO  server.RaftServerConfigKeys (ConfUtils.java:logGet(43)) - raft.server.log.statemachine.data.sync.timeout.retry = -1 (default)
2019-09-26 23:41:59,707 [pool-87-thread-1] INFO  server.RaftServerConfigKeys (ConfUtils.java:logGet(43)) - raft.server.log.statemachine.data.caching.enabled = true (custom)
2019-09-26 23:41:59,708 [pool-87-thread-1] INFO  segmented.SegmentedRaftLogWorker (SegmentedRaftLogWorker.java:lambda$new$0(132)) - 1e248264-0a57-4cd2-bcd2-8134f948d94e@group-6AF14087493C-SegmentedRaftLogWorker: flushIndex: setUnconditionally 0 -> -1
2019-09-26 23:41:59,708 [pool-87-thread-1] INFO  server.RaftServerConfigKeys (ConfUtils.java:logGet(43)) - raft.server.snapshot.auto.trigger.enabled = true (custom)
2019-09-26 23:41:59,708 [pool-87-thread-1] INFO  server.RaftServerConfigKeys (ConfUtils.java:logGet(43)) - raft.server.snapshot.auto.trigger.threshold = 10000 (custom)
2019-09-26 23:41:59,709 [pool-87-thread-1] INFO  server.RaftServerConfigKeys (ConfUtils.java:logGet(43)) - raft.server.snapshot.retention.num.files = 5 (custom)
2019-09-26 23:41:59,709 [pool-87-thread-1] INFO  server.RaftServerConfigKeys (ConfUtils.java:logGet(43)) - raft.server.retrycache.expirytime = 600000ms (custom)
2019-09-26 23:41:59,712 [pool-87-thread-1] INFO  impl.RaftServerImpl (RaftServerImpl.java:start(185)) - 1e248264-0a57-4cd2-bcd2-8134f948d94e@group-6AF14087493C: start as a follower, conf=-1: [1e248264-0a57-4cd2-bcd2-8134f948d94e:192.168.151.109:34639], old=null
2019-09-26 23:41:59,713 [pool-87-thread-1] INFO  impl.RaftServerImpl (RaftServerImpl.java:setRole(174)) - 1e248264-0a57-4cd2-bcd2-8134f948d94e@group-6AF14087493C: changes role from      null to FOLLOWER at term 0 for startAsFollower
2019-09-26 23:41:59,713 [pool-87-thread-1] INFO  impl.RoleInfo (RoleInfo.java:updateAndGet(143)) - 1e248264-0a57-4cd2-bcd2-8134f948d94e: start FollowerState
2019-09-26 23:41:59,713 [pool-87-thread-1] INFO  util.JmxRegister (JmxRegister.java:tryRegister(44)) - Successfully registered JMX Bean with object name Ratis:service=RaftServer,group=group-6AF14087493C,id=1e248264-0a57-4cd2-bcd2-8134f948d94e
2019-09-26 23:41:59,730 [RatisPipelineUtilsThread] INFO  pipeline.PipelineStateManager (PipelineStateManager.java:addPipeline(56)) - Created pipeline Pipeline[ Id: 90c91516-6c2f-4aae-8de3-6af14087493c, Nodes: 1e248264-0a57-4cd2-bcd2-8134f948d94e{ip: 192.168.151.109, host: pr-hdds-2162-kpcbn-4093309294, networkLocation: /default-rack, certSerialId: null}, Type:RATIS, Factor:ONE, State:OPEN]
2019-09-26 23:41:59,756 [grpc-default-executor-0] INFO  impl.RaftServerProxy (RaftServerProxy.java:addNew(89)) - 65e91836-b75a-4544-83ee-502e3b7b211d: addNew group-8E58A621EA84:[65e91836-b75a-4544-83ee-502e3b7b211d:192.168.151.109:38455] returns group-8E58A621EA84:java.util.concurrent.CompletableFuture@41054086[Not completed]
2019-09-26 23:41:59,761 [pool-97-thread-1] INFO  impl.RaftServerImpl (RaftServerImpl.java:<init>(95)) - 65e91836-b75a-4544-83ee-502e3b7b211d: new RaftServerImpl for group-8E58A621EA84:[65e91836-b75a-4544-83ee-502e3b7b211d:192.168.151.109:38455] with ContainerStateMachine:uninitialized
2019-09-26 23:41:59,762 [pool-97-thread-1] INFO  server.RaftServerConfigKeys (ConfUtils.java:logGet(43)) - raft.server.rpc.timeout.min = 5s (custom)
2019-09-26 23:41:59,762 [pool-97-thread-1] INFO  server.RaftServerConfigKeys (ConfUtils.java:logGet(43)) - raft.server.rpc.timeout.max = 5200ms (custom)
2019-09-26 23:41:59,762 [pool-97-thread-1] INFO  server.RaftServerConfigKeys (ConfUtils.java:logGet(43)) - raft.server.rpcslowness.timeout = 120s (custom)
2019-09-26 23:41:59,762 [pool-97-thread-1] INFO  server.RaftServerConfigKeys (ConfUtils.java:logGet(43)) - raft.server.sleep.deviation.threshold = 300 (default)
2019-09-26 23:41:59,762 [pool-97-thread-1] INFO  server.RaftServerConfigKeys (ConfUtils.java:logGet(43)) - raft.server.log.appender.install.snapshot.enabled = false (custom)
2019-09-26 23:41:59,763 [pool-97-thread-1] INFO  impl.RaftServerImpl (ServerState.java:<init>(103)) - 65e91836-b75a-4544-83ee-502e3b7b211d@group-8E58A621EA84: ConfigurationManager, init=-1: [65e91836-b75a-4544-83ee-502e3b7b211d:192.168.151.109:38455], old=null, confs=<EMPTY_MAP>
2019-09-26 23:41:59,763 [pool-97-thread-1] INFO  server.RaftServerConfigKeys (ConfUtils.java:logGet(43)) - raft.server.storage.dir = [/workdir/hadoop-ozone/ozonefs/target/test-dir/MiniOzoneClusterImpl-732670c7-f75b-424f-848a-3ce441686c31/datanode-7/data/ratis] (custom)
2019-09-26 23:41:59,763 [pool-97-thread-1] INFO  storage.RaftStorageDirectory (RaftStorageDirectory.java:analyzeStorage(246)) - The storage directory /workdir/hadoop-ozone/ozonefs/target/test-dir/MiniOzoneClusterImpl-732670c7-f75b-424f-848a-3ce441686c31/datanode-7/data/ratis/c5bd5ab4-750f-48f4-a210-8e58a621ea84 does not exist. Creating ...
2019-09-26 23:41:59,777 [pool-97-thread-1] INFO  storage.RaftStorageDirectory (RaftStorageDirectory.java:tryLock(328)) - Lock on /workdir/hadoop-ozone/ozonefs/target/test-dir/MiniOzoneClusterImpl-732670c7-f75b-424f-848a-3ce441686c31/datanode-7/data/ratis/c5bd5ab4-750f-48f4-a210-8e58a621ea84/in_use.lock acquired by nodename 7326@pr-hdds-2162-kpcbn-4093309294
2019-09-26 23:41:59,790 [pool-97-thread-1] INFO  storage.RaftStorage (RaftStorage.java:format(72)) - Storage directory /workdir/hadoop-ozone/ozonefs/target/test-dir/MiniOzoneClusterImpl-732670c7-f75b-424f-848a-3ce441686c31/datanode-7/data/ratis/c5bd5ab4-750f-48f4-a210-8e58a621ea84 has been successfully formatted.
2019-09-26 23:41:59,791 [pool-97-thread-1] INFO  ratis.ContainerStateMachine (ContainerStateMachine.java:loadSnapshot(230)) - group-8E58A621EA84: The snapshot info is null. Setting the last applied indexto:(t:0, i:~)
2019-09-26 23:41:59,791 [pool-97-thread-1] INFO  server.RaftServerConfigKeys (ConfUtils.java:logGet(43)) - raft.server.notification.no-leader.timeout = 120s (custom)
2019-09-26 23:41:59,791 [pool-97-thread-1] INFO  server.RaftServerConfigKeys (ConfUtils.java:logGet(43)) - raft.server.log.use.memory = false (default)
2019-09-26 23:41:59,791 [pool-97-thread-1] INFO  server.RaftServerConfigKeys (ConfUtils.java:logGet(43)) - raft.server.log.purge.gap = 1000000 (custom)
2019-09-26 23:41:59,791 [pool-97-thread-1] INFO  server.RaftServerConfigKeys (ConfUtils.java:logGet(43)) - raft.server.log.appender.buffer.byte-limit = 33554432 (custom)
2019-09-26 23:41:59,791 [pool-97-thread-1] INFO  server.RaftServerConfigKeys (ConfUtils.java:logGet(43)) - raft.server.log.segment.size.max = 1048576 (custom)
2019-09-26 23:41:59,792 [pool-97-thread-1] INFO  server.RaftServerConfigKeys (ConfUtils.java:logGet(43)) - raft.server.log.segment.cache.num.max = 2 (custom)
2019-09-26 23:41:59,792 [pool-97-thread-1] INFO  segmented.SegmentedRaftLogWorker (SegmentedRaftLogWorker.java:<init>(172)) - new 65e91836-b75a-4544-83ee-502e3b7b211d@group-8E58A621EA84-SegmentedRaftLogWorker for RaftStorage:Storage Directory /workdir/hadoop-ozone/ozonefs/target/test-dir/MiniOzoneClusterImpl-732670c7-f75b-424f-848a-3ce441686c31/datanode-7/data/ratis/c5bd5ab4-750f-48f4-a210-8e58a621ea84
2019-09-26 23:41:59,796 [pool-97-thread-1] INFO  server.RaftServerConfigKeys (ConfUtils.java:logGet(43)) - raft.server.log.queue.byte-limit = 2147483647 (custom)
2019-09-26 23:41:59,796 [pool-97-thread-1] INFO  server.RaftServerConfigKeys (ConfUtils.java:logGet(43)) - raft.server.log.queue.element-limit = 1024 (custom)
2019-09-26 23:41:59,796 [pool-97-thread-1] INFO  server.RaftServerConfigKeys (ConfUtils.java:logGet(43)) - raft.server.log.segment.size.max = 1048576 (custom)
2019-09-26 23:41:59,796 [pool-97-thread-1] INFO  server.RaftServerConfigKeys (ConfUtils.java:logGet(43)) - raft.server.log.preallocated.size = 16384 (custom)
2019-09-26 23:41:59,797 [pool-97-thread-1] INFO  server.RaftServerConfigKeys (ConfUtils.java:logGet(43)) - raft.server.log.write.buffer.size = 33554432 (custom)
2019-09-26 23:41:59,797 [pool-97-thread-1] INFO  server.RaftServerConfigKeys (ConfUtils.java:logGet(43)) - raft.server.log.force.sync.num = 128 (default)
2019-09-26 23:41:59,797 [pool-97-thread-1] INFO  server.RaftServerConfigKeys (ConfUtils.java:logGet(43)) - raft.server.log.statemachine.data.sync = true (default)
2019-09-26 23:41:59,797 [pool-97-thread-1] INFO  server.RaftServerConfigKeys (ConfUtils.java:logGet(43)) - raft.server.log.statemachine.data.sync.timeout = 10s (default)
2019-09-26 23:41:59,797 [pool-97-thread-1] INFO  server.RaftServerConfigKeys (ConfUtils.java:logGet(43)) - raft.server.log.statemachine.data.sync.timeout.retry = -1 (default)
2019-09-26 23:41:59,798 [pool-97-thread-1] INFO  server.RaftServerConfigKeys (ConfUtils.java:logGet(43)) - raft.server.log.statemachine.data.caching.enabled = true (custom)
2019-09-26 23:41:59,798 [pool-97-thread-1] INFO  segmented.SegmentedRaftLogWorker (SegmentedRaftLogWorker.java:lambda$new$0(132)) - 65e91836-b75a-4544-83ee-502e3b7b211d@group-8E58A621EA84-SegmentedRaftLogWorker: flushIndex: setUnconditionally 0 -> -1
2019-09-26 23:41:59,798 [pool-97-thread-1] INFO  server.RaftServerConfigKeys (ConfUtils.java:logGet(43)) - raft.server.snapshot.auto.trigger.enabled = true (custom)
2019-09-26 23:41:59,799 [pool-97-thread-1] INFO  server.RaftServerConfigKeys (ConfUtils.java:logGet(43)) - raft.server.snapshot.auto.trigger.threshold = 10000 (custom)
2019-09-26 23:41:59,799 [pool-97-thread-1] INFO  server.RaftServerConfigKeys (ConfUtils.java:logGet(43)) - raft.server.snapshot.retention.num.files = 5 (custom)
2019-09-26 23:41:59,799 [pool-97-thread-1] INFO  server.RaftServerConfigKeys (ConfUtils.java:logGet(43)) - raft.server.retrycache.expirytime = 600000ms (custom)
2019-09-26 23:41:59,803 [pool-97-thread-1] INFO  impl.RaftServerImpl (RaftServerImpl.java:start(185)) - 65e91836-b75a-4544-83ee-502e3b7b211d@group-8E58A621EA84: start as a follower, conf=-1: [65e91836-b75a-4544-83ee-502e3b7b211d:192.168.151.109:38455], old=null
2019-09-26 23:41:59,803 [pool-97-thread-1] INFO  impl.RaftServerImpl (RaftServerImpl.java:setRole(174)) - 65e91836-b75a-4544-83ee-502e3b7b211d@group-8E58A621EA84: changes role from      null to FOLLOWER at term 0 for startAsFollower
2019-09-26 23:41:59,803 [pool-97-thread-1] INFO  impl.RoleInfo (RoleInfo.java:updateAndGet(143)) - 65e91836-b75a-4544-83ee-502e3b7b211d: start FollowerState
2019-09-26 23:41:59,803 [pool-97-thread-1] INFO  util.JmxRegister (JmxRegister.java:tryRegister(44)) - Successfully registered JMX Bean with object name Ratis:service=RaftServer,group=group-8E58A621EA84,id=65e91836-b75a-4544-83ee-502e3b7b211d
2019-09-26 23:41:59,816 [RatisPipelineUtilsThread] INFO  pipeline.PipelineStateManager (PipelineStateManager.java:addPipeline(56)) - Created pipeline Pipeline[ Id: c5bd5ab4-750f-48f4-a210-8e58a621ea84, Nodes: 65e91836-b75a-4544-83ee-502e3b7b211d{ip: 192.168.151.109, host: pr-hdds-2162-kpcbn-4093309294, networkLocation: /default-rack, certSerialId: null}, Type:RATIS, Factor:ONE, State:OPEN]
2019-09-26 23:41:59,845 [grpc-default-executor-0] INFO  impl.RaftServerProxy (RaftServerProxy.java:addNew(89)) - 60963438-63b2-41a0-8acf-c4371cc0aece: addNew group-92D8621D4FD8:[60963438-63b2-41a0-8acf-c4371cc0aece:192.168.151.109:45167] returns group-92D8621D4FD8:java.util.concurrent.CompletableFuture@5358895[Not completed]
2019-09-26 23:41:59,850 [pool-37-thread-1] INFO  impl.RaftServerImpl (RaftServerImpl.java:<init>(95)) - 60963438-63b2-41a0-8acf-c4371cc0aece: new RaftServerImpl for group-92D8621D4FD8:[60963438-63b2-41a0-8acf-c4371cc0aece:192.168.151.109:45167] with ContainerStateMachine:uninitialized
2019-09-26 23:41:59,850 [pool-37-thread-1] INFO  server.RaftServerConfigKeys (ConfUtils.java:logGet(43)) - raft.server.rpc.timeout.min = 5s (custom)
2019-09-26 23:41:59,850 [pool-37-thread-1] INFO  server.RaftServerConfigKeys (ConfUtils.java:logGet(43)) - raft.server.rpc.timeout.max = 5200ms (custom)
2019-09-26 23:41:59,850 [pool-37-thread-1] INFO  server.RaftServerConfigKeys (ConfUtils.java:logGet(43)) - raft.server.rpcslowness.timeout = 120s (custom)
2019-09-26 23:41:59,850 [pool-37-thread-1] INFO  server.RaftServerConfigKeys (ConfUtils.java:logGet(43)) - raft.server.sleep.deviation.threshold = 300 (default)
2019-09-26 23:41:59,850 [pool-37-thread-1] INFO  server.RaftServerConfigKeys (ConfUtils.java:logGet(43)) - raft.server.log.appender.install.snapshot.enabled = false (custom)
2019-09-26 23:41:59,850 [pool-37-thread-1] INFO  impl.RaftServerImpl (ServerState.java:<init>(103)) - 60963438-63b2-41a0-8acf-c4371cc0aece@group-92D8621D4FD8: ConfigurationManager, init=-1: [60963438-63b2-41a0-8acf-c4371cc0aece:192.168.151.109:45167], old=null, confs=<EMPTY_MAP>
2019-09-26 23:41:59,851 [pool-37-thread-1] INFO  server.RaftServerConfigKeys (ConfUtils.java:logGet(43)) - raft.server.storage.dir = [/workdir/hadoop-ozone/ozonefs/target/test-dir/MiniOzoneClusterImpl-732670c7-f75b-424f-848a-3ce441686c31/datanode-1/data/ratis] (custom)
2019-09-26 23:41:59,851 [pool-37-thread-1] INFO  storage.RaftStorageDirectory (RaftStorageDirectory.java:analyzeStorage(246)) - The storage directory /workdir/hadoop-ozone/ozonefs/target/test-dir/MiniOzoneClusterImpl-732670c7-f75b-424f-848a-3ce441686c31/datanode-1/data/ratis/05ea9427-5b8d-47d3-9344-92d8621d4fd8 does not exist. Creating ...
2019-09-26 23:41:59,872 [pool-37-thread-1] INFO  storage.RaftStorageDirectory (RaftStorageDirectory.java:tryLock(328)) - Lock on /workdir/hadoop-ozone/ozonefs/target/test-dir/MiniOzoneClusterImpl-732670c7-f75b-424f-848a-3ce441686c31/datanode-1/data/ratis/05ea9427-5b8d-47d3-9344-92d8621d4fd8/in_use.lock acquired by nodename 7326@pr-hdds-2162-kpcbn-4093309294
2019-09-26 23:41:59,885 [pool-37-thread-1] INFO  storage.RaftStorage (RaftStorage.java:format(72)) - Storage directory /workdir/hadoop-ozone/ozonefs/target/test-dir/MiniOzoneClusterImpl-732670c7-f75b-424f-848a-3ce441686c31/datanode-1/data/ratis/05ea9427-5b8d-47d3-9344-92d8621d4fd8 has been successfully formatted.
2019-09-26 23:41:59,885 [pool-37-thread-1] INFO  ratis.ContainerStateMachine (ContainerStateMachine.java:loadSnapshot(230)) - group-92D8621D4FD8: The snapshot info is null. Setting the last applied indexto:(t:0, i:~)
2019-09-26 23:41:59,885 [pool-37-thread-1] INFO  server.RaftServerConfigKeys (ConfUtils.java:logGet(43)) - raft.server.notification.no-leader.timeout = 120s (custom)
2019-09-26 23:41:59,885 [pool-37-thread-1] INFO  server.RaftServerConfigKeys (ConfUtils.java:logGet(43)) - raft.server.log.use.memory = false (default)
2019-09-26 23:41:59,885 [pool-37-thread-1] INFO  server.RaftServerConfigKeys (ConfUtils.java:logGet(43)) - raft.server.log.purge.gap = 1000000 (custom)
2019-09-26 23:41:59,885 [pool-37-thread-1] INFO  server.RaftServerConfigKeys (ConfUtils.java:logGet(43)) - raft.server.log.appender.buffer.byte-limit = 33554432 (custom)
2019-09-26 23:41:59,886 [pool-37-thread-1] INFO  server.RaftServerConfigKeys (ConfUtils.java:logGet(43)) - raft.server.log.segment.size.max = 1048576 (custom)
2019-09-26 23:41:59,886 [pool-37-thread-1] INFO  server.RaftServerConfigKeys (ConfUtils.java:logGet(43)) - raft.server.log.segment.cache.num.max = 2 (custom)
2019-09-26 23:41:59,886 [pool-37-thread-1] INFO  segmented.SegmentedRaftLogWorker (SegmentedRaftLogWorker.java:<init>(172)) - new 60963438-63b2-41a0-8acf-c4371cc0aece@group-92D8621D4FD8-SegmentedRaftLogWorker for RaftStorage:Storage Directory /workdir/hadoop-ozone/ozonefs/target/test-dir/MiniOzoneClusterImpl-732670c7-f75b-424f-848a-3ce441686c31/datanode-1/data/ratis/05ea9427-5b8d-47d3-9344-92d8621d4fd8
2019-09-26 23:41:59,888 [pool-37-thread-1] INFO  server.RaftServerConfigKeys (ConfUtils.java:logGet(43)) - raft.server.log.queue.byte-limit = 2147483647 (custom)
2019-09-26 23:41:59,888 [pool-37-thread-1] INFO  server.RaftServerConfigKeys (ConfUtils.java:logGet(43)) - raft.server.log.queue.element-limit = 1024 (custom)
2019-09-26 23:41:59,889 [pool-37-thread-1] INFO  server.RaftServerConfigKeys (ConfUtils.java:logGet(43)) - raft.server.log.segment.size.max = 1048576 (custom)
2019-09-26 23:41:59,889 [pool-37-thread-1] INFO  server.RaftServerConfigKeys (ConfUtils.java:logGet(43)) - raft.server.log.preallocated.size = 16384 (custom)
2019-09-26 23:41:59,889 [pool-37-thread-1] INFO  server.RaftServerConfigKeys (ConfUtils.java:logGet(43)) - raft.server.log.write.buffer.size = 33554432 (custom)
2019-09-26 23:41:59,889 [pool-37-thread-1] INFO  server.RaftServerConfigKeys (ConfUtils.java:logGet(43)) - raft.server.log.force.sync.num = 128 (default)
2019-09-26 23:41:59,889 [pool-37-thread-1] INFO  server.RaftServerConfigKeys (ConfUtils.java:logGet(43)) - raft.server.log.statemachine.data.sync = true (default)
2019-09-26 23:41:59,889 [pool-37-thread-1] INFO  server.RaftServerConfigKeys (ConfUtils.java:logGet(43)) - raft.server.log.statemachine.data.sync.timeout = 10s (default)
2019-09-26 23:41:59,889 [pool-37-thread-1] INFO  server.RaftServerConfigKeys (ConfUtils.java:logGet(43)) - raft.server.log.statemachine.data.sync.timeout.retry = -1 (default)
2019-09-26 23:41:59,890 [pool-37-thread-1] INFO  server.RaftServerConfigKeys (ConfUtils.java:logGet(43)) - raft.server.log.statemachine.data.caching.enabled = true (custom)
2019-09-26 23:41:59,890 [pool-37-thread-1] INFO  segmented.SegmentedRaftLogWorker (SegmentedRaftLogWorker.java:lambda$new$0(132)) - 60963438-63b2-41a0-8acf-c4371cc0aece@group-92D8621D4FD8-SegmentedRaftLogWorker: flushIndex: setUnconditionally 0 -> -1
2019-09-26 23:41:59,890 [pool-37-thread-1] INFO  server.RaftServerConfigKeys (ConfUtils.java:logGet(43)) - raft.server.snapshot.auto.trigger.enabled = true (custom)
2019-09-26 23:41:59,890 [pool-37-thread-1] INFO  server.RaftServerConfigKeys (ConfUtils.java:logGet(43)) - raft.server.snapshot.auto.trigger.threshold = 10000 (custom)
2019-09-26 23:41:59,890 [pool-37-thread-1] INFO  server.RaftServerConfigKeys (ConfUtils.java:logGet(43)) - raft.server.snapshot.retention.num.files = 5 (custom)
2019-09-26 23:41:59,890 [pool-37-thread-1] INFO  server.RaftServerConfigKeys (ConfUtils.java:logGet(43)) - raft.server.retrycache.expirytime = 600000ms (custom)
2019-09-26 23:41:59,892 [pool-37-thread-1] INFO  impl.RaftServerImpl (RaftServerImpl.java:start(185)) - 60963438-63b2-41a0-8acf-c4371cc0aece@group-92D8621D4FD8: start as a follower, conf=-1: [60963438-63b2-41a0-8acf-c4371cc0aece:192.168.151.109:45167], old=null
2019-09-26 23:41:59,892 [pool-37-thread-1] INFO  impl.RaftServerImpl (RaftServerImpl.java:setRole(174)) - 60963438-63b2-41a0-8acf-c4371cc0aece@group-92D8621D4FD8: changes role from      null to FOLLOWER at term 0 for startAsFollower
2019-09-26 23:41:59,893 [pool-37-thread-1] INFO  impl.RoleInfo (RoleInfo.java:updateAndGet(143)) - 60963438-63b2-41a0-8acf-c4371cc0aece: start FollowerState
2019-09-26 23:41:59,893 [pool-37-thread-1] INFO  util.JmxRegister (JmxRegister.java:tryRegister(44)) - Successfully registered JMX Bean with object name Ratis:service=RaftServer,group=group-92D8621D4FD8,id=60963438-63b2-41a0-8acf-c4371cc0aece
2019-09-26 23:41:59,918 [RatisPipelineUtilsThread] INFO  pipeline.PipelineStateManager (PipelineStateManager.java:addPipeline(56)) - Created pipeline Pipeline[ Id: 05ea9427-5b8d-47d3-9344-92d8621d4fd8, Nodes: 60963438-63b2-41a0-8acf-c4371cc0aece{ip: 192.168.151.109, host: pr-hdds-2162-kpcbn-4093309294, networkLocation: /default-rack, certSerialId: null}, Type:RATIS, Factor:ONE, State:OPEN]
2019-09-26 23:41:59,939 [grpc-default-executor-0] INFO  impl.RaftServerProxy (RaftServerProxy.java:addNew(89)) - 9671e2fb-19cf-4d94-83a6-d109edb687a3: addNew group-82BDA2BE778A:[9671e2fb-19cf-4d94-83a6-d109edb687a3:192.168.151.109:46144] returns group-82BDA2BE778A:java.util.concurrent.CompletableFuture@3ec7ec2b[Not completed]
2019-09-26 23:41:59,946 [pool-57-thread-1] INFO  impl.RaftServerImpl (RaftServerImpl.java:<init>(95)) - 9671e2fb-19cf-4d94-83a6-d109edb687a3: new RaftServerImpl for group-82BDA2BE778A:[9671e2fb-19cf-4d94-83a6-d109edb687a3:192.168.151.109:46144] with ContainerStateMachine:uninitialized
2019-09-26 23:41:59,946 [pool-57-thread-1] INFO  server.RaftServerConfigKeys (ConfUtils.java:logGet(43)) - raft.server.rpc.timeout.min = 5s (custom)
2019-09-26 23:41:59,946 [pool-57-thread-1] INFO  server.RaftServerConfigKeys (ConfUtils.java:logGet(43)) - raft.server.rpc.timeout.max = 5200ms (custom)
2019-09-26 23:41:59,946 [pool-57-thread-1] INFO  server.RaftServerConfigKeys (ConfUtils.java:logGet(43)) - raft.server.rpcslowness.timeout = 120s (custom)
2019-09-26 23:41:59,947 [pool-57-thread-1] INFO  server.RaftServerConfigKeys (ConfUtils.java:logGet(43)) - raft.server.sleep.deviation.threshold = 300 (default)
2019-09-26 23:41:59,947 [pool-57-thread-1] INFO  server.RaftServerConfigKeys (ConfUtils.java:logGet(43)) - raft.server.log.appender.install.snapshot.enabled = false (custom)
2019-09-26 23:41:59,947 [pool-57-thread-1] INFO  impl.RaftServerImpl (ServerState.java:<init>(103)) - 9671e2fb-19cf-4d94-83a6-d109edb687a3@group-82BDA2BE778A: ConfigurationManager, init=-1: [9671e2fb-19cf-4d94-83a6-d109edb687a3:192.168.151.109:46144], old=null, confs=<EMPTY_MAP>
2019-09-26 23:41:59,947 [pool-57-thread-1] INFO  server.RaftServerConfigKeys (ConfUtils.java:logGet(43)) - raft.server.storage.dir = [/workdir/hadoop-ozone/ozonefs/target/test-dir/MiniOzoneClusterImpl-732670c7-f75b-424f-848a-3ce441686c31/datanode-3/data/ratis] (custom)
2019-09-26 23:41:59,948 [pool-57-thread-1] INFO  storage.RaftStorageDirectory (RaftStorageDirectory.java:analyzeStorage(246)) - The storage directory /workdir/hadoop-ozone/ozonefs/target/test-dir/MiniOzoneClusterImpl-732670c7-f75b-424f-848a-3ce441686c31/datanode-3/data/ratis/c12ba5ec-2bb3-4781-9bc8-82bda2be778a does not exist. Creating ...
2019-09-26 23:41:59,961 [pool-57-thread-1] INFO  storage.RaftStorageDirectory (RaftStorageDirectory.java:tryLock(328)) - Lock on /workdir/hadoop-ozone/ozonefs/target/test-dir/MiniOzoneClusterImpl-732670c7-f75b-424f-848a-3ce441686c31/datanode-3/data/ratis/c12ba5ec-2bb3-4781-9bc8-82bda2be778a/in_use.lock acquired by nodename 7326@pr-hdds-2162-kpcbn-4093309294
2019-09-26 23:41:59,974 [pool-57-thread-1] INFO  storage.RaftStorage (RaftStorage.java:format(72)) - Storage directory /workdir/hadoop-ozone/ozonefs/target/test-dir/MiniOzoneClusterImpl-732670c7-f75b-424f-848a-3ce441686c31/datanode-3/data/ratis/c12ba5ec-2bb3-4781-9bc8-82bda2be778a has been successfully formatted.
2019-09-26 23:41:59,975 [pool-57-thread-1] INFO  ratis.ContainerStateMachine (ContainerStateMachine.java:loadSnapshot(230)) - group-82BDA2BE778A: The snapshot info is null. Setting the last applied indexto:(t:0, i:~)
2019-09-26 23:41:59,975 [pool-57-thread-1] INFO  server.RaftServerConfigKeys (ConfUtils.java:logGet(43)) - raft.server.notification.no-leader.timeout = 120s (custom)
2019-09-26 23:41:59,975 [pool-57-thread-1] INFO  server.RaftServerConfigKeys (ConfUtils.java:logGet(43)) - raft.server.log.use.memory = false (default)
2019-09-26 23:41:59,975 [pool-57-thread-1] INFO  server.RaftServerConfigKeys (ConfUtils.java:logGet(43)) - raft.server.log.purge.gap = 1000000 (custom)
2019-09-26 23:41:59,975 [pool-57-thread-1] INFO  server.RaftServerConfigKeys (ConfUtils.java:logGet(43)) - raft.server.log.appender.buffer.byte-limit = 33554432 (custom)
2019-09-26 23:41:59,976 [pool-57-thread-1] INFO  server.RaftServerConfigKeys (ConfUtils.java:logGet(43)) - raft.server.log.segment.size.max = 1048576 (custom)
2019-09-26 23:41:59,976 [pool-57-thread-1] INFO  server.RaftServerConfigKeys (ConfUtils.java:logGet(43)) - raft.server.log.segment.cache.num.max = 2 (custom)
2019-09-26 23:41:59,976 [pool-57-thread-1] INFO  segmented.SegmentedRaftLogWorker (SegmentedRaftLogWorker.java:<init>(172)) - new 9671e2fb-19cf-4d94-83a6-d109edb687a3@group-82BDA2BE778A-SegmentedRaftLogWorker for RaftStorage:Storage Directory /workdir/hadoop-ozone/ozonefs/target/test-dir/MiniOzoneClusterImpl-732670c7-f75b-424f-848a-3ce441686c31/datanode-3/data/ratis/c12ba5ec-2bb3-4781-9bc8-82bda2be778a
2019-09-26 23:41:59,980 [pool-57-thread-1] INFO  server.RaftServerConfigKeys (ConfUtils.java:logGet(43)) - raft.server.log.queue.byte-limit = 2147483647 (custom)
2019-09-26 23:41:59,980 [pool-57-thread-1] INFO  server.RaftServerConfigKeys (ConfUtils.java:logGet(43)) - raft.server.log.queue.element-limit = 1024 (custom)
2019-09-26 23:41:59,980 [pool-57-thread-1] INFO  server.RaftServerConfigKeys (ConfUtils.java:logGet(43)) - raft.server.log.segment.size.max = 1048576 (custom)
2019-09-26 23:41:59,980 [pool-57-thread-1] INFO  server.RaftServerConfigKeys (ConfUtils.java:logGet(43)) - raft.server.log.preallocated.size = 16384 (custom)
2019-09-26 23:41:59,981 [pool-57-thread-1] INFO  server.RaftServerConfigKeys (ConfUtils.java:logGet(43)) - raft.server.log.write.buffer.size = 33554432 (custom)
2019-09-26 23:41:59,981 [pool-57-thread-1] INFO  server.RaftServerConfigKeys (ConfUtils.java:logGet(43)) - raft.server.log.force.sync.num = 128 (default)
2019-09-26 23:41:59,981 [pool-57-thread-1] INFO  server.RaftServerConfigKeys (ConfUtils.java:logGet(43)) - raft.server.log.statemachine.data.sync = true (default)
2019-09-26 23:41:59,981 [pool-57-thread-1] INFO  server.RaftServerConfigKeys (ConfUtils.java:logGet(43)) - raft.server.log.statemachine.data.sync.timeout = 10s (default)
2019-09-26 23:41:59,981 [pool-57-thread-1] INFO  server.RaftServerConfigKeys (ConfUtils.java:logGet(43)) - raft.server.log.statemachine.data.sync.timeout.retry = -1 (default)
2019-09-26 23:41:59,982 [pool-57-thread-1] INFO  server.RaftServerConfigKeys (ConfUtils.java:logGet(43)) - raft.server.log.statemachine.data.caching.enabled = true (custom)
2019-09-26 23:41:59,982 [pool-57-thread-1] INFO  segmented.SegmentedRaftLogWorker (SegmentedRaftLogWorker.java:lambda$new$0(132)) - 9671e2fb-19cf-4d94-83a6-d109edb687a3@group-82BDA2BE778A-SegmentedRaftLogWorker: flushIndex: setUnconditionally 0 -> -1
2019-09-26 23:41:59,983 [pool-57-thread-1] INFO  server.RaftServerConfigKeys (ConfUtils.java:logGet(43)) - raft.server.snapshot.auto.trigger.enabled = true (custom)
2019-09-26 23:41:59,983 [pool-57-thread-1] INFO  server.RaftServerConfigKeys (ConfUtils.java:logGet(43)) - raft.server.snapshot.auto.trigger.threshold = 10000 (custom)
2019-09-26 23:41:59,983 [pool-57-thread-1] INFO  server.RaftServerConfigKeys (ConfUtils.java:logGet(43)) - raft.server.snapshot.retention.num.files = 5 (custom)
2019-09-26 23:41:59,983 [pool-57-thread-1] INFO  server.RaftServerConfigKeys (ConfUtils.java:logGet(43)) - raft.server.retrycache.expirytime = 600000ms (custom)
2019-09-26 23:41:59,986 [pool-57-thread-1] INFO  impl.RaftServerImpl (RaftServerImpl.java:start(185)) - 9671e2fb-19cf-4d94-83a6-d109edb687a3@group-82BDA2BE778A: start as a follower, conf=-1: [9671e2fb-19cf-4d94-83a6-d109edb687a3:192.168.151.109:46144], old=null
2019-09-26 23:41:59,986 [pool-57-thread-1] INFO  impl.RaftServerImpl (RaftServerImpl.java:setRole(174)) - 9671e2fb-19cf-4d94-83a6-d109edb687a3@group-82BDA2BE778A: changes role from      null to FOLLOWER at term 0 for startAsFollower
2019-09-26 23:41:59,987 [pool-57-thread-1] INFO  impl.RoleInfo (RoleInfo.java:updateAndGet(143)) - 9671e2fb-19cf-4d94-83a6-d109edb687a3: start FollowerState
2019-09-26 23:41:59,987 [pool-57-thread-1] INFO  util.JmxRegister (JmxRegister.java:tryRegister(44)) - Successfully registered JMX Bean with object name Ratis:service=RaftServer,group=group-82BDA2BE778A,id=9671e2fb-19cf-4d94-83a6-d109edb687a3
2019-09-26 23:42:00,003 [RatisPipelineUtilsThread] INFO  pipeline.PipelineStateManager (PipelineStateManager.java:addPipeline(56)) - Created pipeline Pipeline[ Id: c12ba5ec-2bb3-4781-9bc8-82bda2be778a, Nodes: 9671e2fb-19cf-4d94-83a6-d109edb687a3{ip: 192.168.151.109, host: pr-hdds-2162-kpcbn-4093309294, networkLocation: /default-rack, certSerialId: null}, Type:RATIS, Factor:ONE, State:OPEN]
2019-09-26 23:42:00,032 [grpc-default-executor-0] INFO  impl.RaftServerProxy (RaftServerProxy.java:addNew(89)) - 5b82487c-0b6e-45f1-9b19-ee8d86ea6de1: addNew group-6A8E168F9972:[5b82487c-0b6e-45f1-9b19-ee8d86ea6de1:192.168.151.109:43751] returns group-6A8E168F9972:java.util.concurrent.CompletableFuture@5645ef09[Not completed]
2019-09-26 23:42:00,038 [pool-107-thread-1] INFO  impl.RaftServerImpl (RaftServerImpl.java:<init>(95)) - 5b82487c-0b6e-45f1-9b19-ee8d86ea6de1: new RaftServerImpl for group-6A8E168F9972:[5b82487c-0b6e-45f1-9b19-ee8d86ea6de1:192.168.151.109:43751] with ContainerStateMachine:uninitialized
2019-09-26 23:42:00,038 [pool-107-thread-1] INFO  server.RaftServerConfigKeys (ConfUtils.java:logGet(43)) - raft.server.rpc.timeout.min = 5s (custom)
2019-09-26 23:42:00,038 [pool-107-thread-1] INFO  server.RaftServerConfigKeys (ConfUtils.java:logGet(43)) - raft.server.rpc.timeout.max = 5200ms (custom)
2019-09-26 23:42:00,038 [pool-107-thread-1] INFO  server.RaftServerConfigKeys (ConfUtils.java:logGet(43)) - raft.server.rpcslowness.timeout = 120s (custom)
2019-09-26 23:42:00,038 [pool-107-thread-1] INFO  server.RaftServerConfigKeys (ConfUtils.java:logGet(43)) - raft.server.sleep.deviation.threshold = 300 (default)
2019-09-26 23:42:00,039 [pool-107-thread-1] INFO  server.RaftServerConfigKeys (ConfUtils.java:logGet(43)) - raft.server.log.appender.install.snapshot.enabled = false (custom)
2019-09-26 23:42:00,039 [pool-107-thread-1] INFO  impl.RaftServerImpl (ServerState.java:<init>(103)) - 5b82487c-0b6e-45f1-9b19-ee8d86ea6de1@group-6A8E168F9972: ConfigurationManager, init=-1: [5b82487c-0b6e-45f1-9b19-ee8d86ea6de1:192.168.151.109:43751], old=null, confs=<EMPTY_MAP>
2019-09-26 23:42:00,039 [pool-107-thread-1] INFO  server.RaftServerConfigKeys (ConfUtils.java:logGet(43)) - raft.server.storage.dir = [/workdir/hadoop-ozone/ozonefs/target/test-dir/MiniOzoneClusterImpl-732670c7-f75b-424f-848a-3ce441686c31/datanode-8/data/ratis] (custom)
2019-09-26 23:42:00,039 [pool-107-thread-1] INFO  storage.RaftStorageDirectory (RaftStorageDirectory.java:analyzeStorage(246)) - The storage directory /workdir/hadoop-ozone/ozonefs/target/test-dir/MiniOzoneClusterImpl-732670c7-f75b-424f-848a-3ce441686c31/datanode-8/data/ratis/9549a26c-0280-4b08-917b-6a8e168f9972 does not exist. Creating ...
2019-09-26 23:42:00,052 [pool-107-thread-1] INFO  storage.RaftStorageDirectory (RaftStorageDirectory.java:tryLock(328)) - Lock on /workdir/hadoop-ozone/ozonefs/target/test-dir/MiniOzoneClusterImpl-732670c7-f75b-424f-848a-3ce441686c31/datanode-8/data/ratis/9549a26c-0280-4b08-917b-6a8e168f9972/in_use.lock acquired by nodename 7326@pr-hdds-2162-kpcbn-4093309294
2019-09-26 23:42:00,066 [pool-107-thread-1] INFO  storage.RaftStorage (RaftStorage.java:format(72)) - Storage directory /workdir/hadoop-ozone/ozonefs/target/test-dir/MiniOzoneClusterImpl-732670c7-f75b-424f-848a-3ce441686c31/datanode-8/data/ratis/9549a26c-0280-4b08-917b-6a8e168f9972 has been successfully formatted.
2019-09-26 23:42:00,066 [pool-107-thread-1] INFO  ratis.ContainerStateMachine (ContainerStateMachine.java:loadSnapshot(230)) - group-6A8E168F9972: The snapshot info is null. Setting the last applied indexto:(t:0, i:~)
2019-09-26 23:42:00,066 [pool-107-thread-1] INFO  server.RaftServerConfigKeys (ConfUtils.java:logGet(43)) - raft.server.notification.no-leader.timeout = 120s (custom)
2019-09-26 23:42:00,066 [pool-107-thread-1] INFO  server.RaftServerConfigKeys (ConfUtils.java:logGet(43)) - raft.server.log.use.memory = false (default)
2019-09-26 23:42:00,066 [pool-107-thread-1] INFO  server.RaftServerConfigKeys (ConfUtils.java:logGet(43)) - raft.server.log.purge.gap = 1000000 (custom)
2019-09-26 23:42:00,067 [pool-107-thread-1] INFO  server.RaftServerConfigKeys (ConfUtils.java:logGet(43)) - raft.server.log.appender.buffer.byte-limit = 33554432 (custom)
2019-09-26 23:42:00,067 [pool-107-thread-1] INFO  server.RaftServerConfigKeys (ConfUtils.java:logGet(43)) - raft.server.log.segment.size.max = 1048576 (custom)
2019-09-26 23:42:00,067 [pool-107-thread-1] INFO  server.RaftServerConfigKeys (ConfUtils.java:logGet(43)) - raft.server.log.segment.cache.num.max = 2 (custom)
2019-09-26 23:42:00,067 [pool-107-thread-1] INFO  segmented.SegmentedRaftLogWorker (SegmentedRaftLogWorker.java:<init>(172)) - new 5b82487c-0b6e-45f1-9b19-ee8d86ea6de1@group-6A8E168F9972-SegmentedRaftLogWorker for RaftStorage:Storage Directory /workdir/hadoop-ozone/ozonefs/target/test-dir/MiniOzoneClusterImpl-732670c7-f75b-424f-848a-3ce441686c31/datanode-8/data/ratis/9549a26c-0280-4b08-917b-6a8e168f9972
2019-09-26 23:42:00,070 [pool-107-thread-1] INFO  server.RaftServerConfigKeys (ConfUtils.java:logGet(43)) - raft.server.log.queue.byte-limit = 2147483647 (custom)
2019-09-26 23:42:00,070 [pool-107-thread-1] INFO  server.RaftServerConfigKeys (ConfUtils.java:logGet(43)) - raft.server.log.queue.element-limit = 1024 (custom)
2019-09-26 23:42:00,070 [pool-107-thread-1] INFO  server.RaftServerConfigKeys (ConfUtils.java:logGet(43)) - raft.server.log.segment.size.max = 1048576 (custom)
2019-09-26 23:42:00,070 [pool-107-thread-1] INFO  server.RaftServerConfigKeys (ConfUtils.java:logGet(43)) - raft.server.log.preallocated.size = 16384 (custom)
2019-09-26 23:42:00,070 [pool-107-thread-1] INFO  server.RaftServerConfigKeys (ConfUtils.java:logGet(43)) - raft.server.log.write.buffer.size = 33554432 (custom)
2019-09-26 23:42:00,071 [pool-107-thread-1] INFO  server.RaftServerConfigKeys (ConfUtils.java:logGet(43)) - raft.server.log.force.sync.num = 128 (default)
2019-09-26 23:42:00,071 [pool-107-thread-1] INFO  server.RaftServerConfigKeys (ConfUtils.java:logGet(43)) - raft.server.log.statemachine.data.sync = true (default)
2019-09-26 23:42:00,071 [pool-107-thread-1] INFO  server.RaftServerConfigKeys (ConfUtils.java:logGet(43)) - raft.server.log.statemachine.data.sync.timeout = 10s (default)
2019-09-26 23:42:00,071 [pool-107-thread-1] INFO  server.RaftServerConfigKeys (ConfUtils.java:logGet(43)) - raft.server.log.statemachine.data.sync.timeout.retry = -1 (default)
2019-09-26 23:42:00,072 [pool-107-thread-1] INFO  server.RaftServerConfigKeys (ConfUtils.java:logGet(43)) - raft.server.log.statemachine.data.caching.enabled = true (custom)
2019-09-26 23:42:00,072 [pool-107-thread-1] INFO  segmented.SegmentedRaftLogWorker (SegmentedRaftLogWorker.java:lambda$new$0(132)) - 5b82487c-0b6e-45f1-9b19-ee8d86ea6de1@group-6A8E168F9972-SegmentedRaftLogWorker: flushIndex: setUnconditionally 0 -> -1
2019-09-26 23:42:00,073 [pool-107-thread-1] INFO  server.RaftServerConfigKeys (ConfUtils.java:logGet(43)) - raft.server.snapshot.auto.trigger.enabled = true (custom)
2019-09-26 23:42:00,073 [pool-107-thread-1] INFO  server.RaftServerConfigKeys (ConfUtils.java:logGet(43)) - raft.server.snapshot.auto.trigger.threshold = 10000 (custom)
2019-09-26 23:42:00,073 [pool-107-thread-1] INFO  server.RaftServerConfigKeys (ConfUtils.java:logGet(43)) - raft.server.snapshot.retention.num.files = 5 (custom)
2019-09-26 23:42:00,073 [pool-107-thread-1] INFO  server.RaftServerConfigKeys (ConfUtils.java:logGet(43)) - raft.server.retrycache.expirytime = 600000ms (custom)
2019-09-26 23:42:00,076 [pool-107-thread-1] INFO  impl.RaftServerImpl (RaftServerImpl.java:start(185)) - 5b82487c-0b6e-45f1-9b19-ee8d86ea6de1@group-6A8E168F9972: start as a follower, conf=-1: [5b82487c-0b6e-45f1-9b19-ee8d86ea6de1:192.168.151.109:43751], old=null
2019-09-26 23:42:00,076 [pool-107-thread-1] INFO  impl.RaftServerImpl (RaftServerImpl.java:setRole(174)) - 5b82487c-0b6e-45f1-9b19-ee8d86ea6de1@group-6A8E168F9972: changes role from      null to FOLLOWER at term 0 for startAsFollower
2019-09-26 23:42:00,076 [pool-107-thread-1] INFO  impl.RoleInfo (RoleInfo.java:updateAndGet(143)) - 5b82487c-0b6e-45f1-9b19-ee8d86ea6de1: start FollowerState
2019-09-26 23:42:00,077 [pool-107-thread-1] INFO  util.JmxRegister (JmxRegister.java:tryRegister(44)) - Successfully registered JMX Bean with object name Ratis:service=RaftServer,group=group-6A8E168F9972,id=5b82487c-0b6e-45f1-9b19-ee8d86ea6de1
2019-09-26 23:42:00,097 [RatisPipelineUtilsThread] INFO  pipeline.PipelineStateManager (PipelineStateManager.java:addPipeline(56)) - Created pipeline Pipeline[ Id: 9549a26c-0280-4b08-917b-6a8e168f9972, Nodes: 5b82487c-0b6e-45f1-9b19-ee8d86ea6de1{ip: 192.168.151.109, host: pr-hdds-2162-kpcbn-4093309294, networkLocation: /default-rack, certSerialId: null}, Type:RATIS, Factor:ONE, State:OPEN]
2019-09-26 23:42:00,129 [grpc-default-executor-0] INFO  impl.RaftServerProxy (RaftServerProxy.java:addNew(89)) - b52e39db-c2d0-40de-8fee-40e15cba9af1: addNew group-7427F1D5AE40:[b52e39db-c2d0-40de-8fee-40e15cba9af1:192.168.151.109:42236] returns group-7427F1D5AE40:java.util.concurrent.CompletableFuture@40629787[Not completed]
2019-09-26 23:42:00,141 [pool-77-thread-1] INFO  impl.RaftServerImpl (RaftServerImpl.java:<init>(95)) - b52e39db-c2d0-40de-8fee-40e15cba9af1: new RaftServerImpl for group-7427F1D5AE40:[b52e39db-c2d0-40de-8fee-40e15cba9af1:192.168.151.109:42236] with ContainerStateMachine:uninitialized
2019-09-26 23:42:00,141 [pool-77-thread-1] INFO  server.RaftServerConfigKeys (ConfUtils.java:logGet(43)) - raft.server.rpc.timeout.min = 5s (custom)
2019-09-26 23:42:00,141 [pool-77-thread-1] INFO  server.RaftServerConfigKeys (ConfUtils.java:logGet(43)) - raft.server.rpc.timeout.max = 5200ms (custom)
2019-09-26 23:42:00,141 [pool-77-thread-1] INFO  server.RaftServerConfigKeys (ConfUtils.java:logGet(43)) - raft.server.rpcslowness.timeout = 120s (custom)
2019-09-26 23:42:00,141 [pool-77-thread-1] INFO  server.RaftServerConfigKeys (ConfUtils.java:logGet(43)) - raft.server.sleep.deviation.threshold = 300 (default)
2019-09-26 23:42:00,142 [pool-77-thread-1] INFO  server.RaftServerConfigKeys (ConfUtils.java:logGet(43)) - raft.server.log.appender.install.snapshot.enabled = false (custom)
2019-09-26 23:42:00,142 [pool-77-thread-1] INFO  impl.RaftServerImpl (ServerState.java:<init>(103)) - b52e39db-c2d0-40de-8fee-40e15cba9af1@group-7427F1D5AE40: ConfigurationManager, init=-1: [b52e39db-c2d0-40de-8fee-40e15cba9af1:192.168.151.109:42236], old=null, confs=<EMPTY_MAP>
2019-09-26 23:42:00,142 [pool-77-thread-1] INFO  server.RaftServerConfigKeys (ConfUtils.java:logGet(43)) - raft.server.storage.dir = [/workdir/hadoop-ozone/ozonefs/target/test-dir/MiniOzoneClusterImpl-732670c7-f75b-424f-848a-3ce441686c31/datanode-5/data/ratis] (custom)
2019-09-26 23:42:00,142 [pool-77-thread-1] INFO  storage.RaftStorageDirectory (RaftStorageDirectory.java:analyzeStorage(246)) - The storage directory /workdir/hadoop-ozone/ozonefs/target/test-dir/MiniOzoneClusterImpl-732670c7-f75b-424f-848a-3ce441686c31/datanode-5/data/ratis/5b70e23e-2223-4552-9efb-7427f1d5ae40 does not exist. Creating ...
2019-09-26 23:42:00,169 [pool-77-thread-1] INFO  storage.RaftStorageDirectory (RaftStorageDirectory.java:tryLock(328)) - Lock on /workdir/hadoop-ozone/ozonefs/target/test-dir/MiniOzoneClusterImpl-732670c7-f75b-424f-848a-3ce441686c31/datanode-5/data/ratis/5b70e23e-2223-4552-9efb-7427f1d5ae40/in_use.lock acquired by nodename 7326@pr-hdds-2162-kpcbn-4093309294
2019-09-26 23:42:00,182 [pool-77-thread-1] INFO  storage.RaftStorage (RaftStorage.java:format(72)) - Storage directory /workdir/hadoop-ozone/ozonefs/target/test-dir/MiniOzoneClusterImpl-732670c7-f75b-424f-848a-3ce441686c31/datanode-5/data/ratis/5b70e23e-2223-4552-9efb-7427f1d5ae40 has been successfully formatted.
2019-09-26 23:42:00,182 [pool-77-thread-1] INFO  ratis.ContainerStateMachine (ContainerStateMachine.java:loadSnapshot(230)) - group-7427F1D5AE40: The snapshot info is null. Setting the last applied indexto:(t:0, i:~)
2019-09-26 23:42:00,183 [pool-77-thread-1] INFO  server.RaftServerConfigKeys (ConfUtils.java:logGet(43)) - raft.server.notification.no-leader.timeout = 120s (custom)
2019-09-26 23:42:00,183 [pool-77-thread-1] INFO  server.RaftServerConfigKeys (ConfUtils.java:logGet(43)) - raft.server.log.use.memory = false (default)
2019-09-26 23:42:00,183 [pool-77-thread-1] INFO  server.RaftServerConfigKeys (ConfUtils.java:logGet(43)) - raft.server.log.purge.gap = 1000000 (custom)
2019-09-26 23:42:00,183 [pool-77-thread-1] INFO  server.RaftServerConfigKeys (ConfUtils.java:logGet(43)) - raft.server.log.appender.buffer.byte-limit = 33554432 (custom)
2019-09-26 23:42:00,183 [pool-77-thread-1] INFO  server.RaftServerConfigKeys (ConfUtils.java:logGet(43)) - raft.server.log.segment.size.max = 1048576 (custom)
2019-09-26 23:42:00,183 [pool-77-thread-1] INFO  server.RaftServerConfigKeys (ConfUtils.java:logGet(43)) - raft.server.log.segment.cache.num.max = 2 (custom)
2019-09-26 23:42:00,184 [pool-77-thread-1] INFO  segmented.SegmentedRaftLogWorker (SegmentedRaftLogWorker.java:<init>(172)) - new b52e39db-c2d0-40de-8fee-40e15cba9af1@group-7427F1D5AE40-SegmentedRaftLogWorker for RaftStorage:Storage Directory /workdir/hadoop-ozone/ozonefs/target/test-dir/MiniOzoneClusterImpl-732670c7-f75b-424f-848a-3ce441686c31/datanode-5/data/ratis/5b70e23e-2223-4552-9efb-7427f1d5ae40
2019-09-26 23:42:00,186 [pool-77-thread-1] INFO  server.RaftServerConfigKeys (ConfUtils.java:logGet(43)) - raft.server.log.queue.byte-limit = 2147483647 (custom)
2019-09-26 23:42:00,187 [pool-77-thread-1] INFO  server.RaftServerConfigKeys (ConfUtils.java:logGet(43)) - raft.server.log.queue.element-limit = 1024 (custom)
2019-09-26 23:42:00,187 [pool-77-thread-1] INFO  server.RaftServerConfigKeys (ConfUtils.java:logGet(43)) - raft.server.log.segment.size.max = 1048576 (custom)
2019-09-26 23:42:00,187 [pool-77-thread-1] INFO  server.RaftServerConfigKeys (ConfUtils.java:logGet(43)) - raft.server.log.preallocated.size = 16384 (custom)
2019-09-26 23:42:00,187 [pool-77-thread-1] INFO  server.RaftServerConfigKeys (ConfUtils.java:logGet(43)) - raft.server.log.write.buffer.size = 33554432 (custom)
2019-09-26 23:42:00,187 [pool-77-thread-1] INFO  server.RaftServerConfigKeys (ConfUtils.java:logGet(43)) - raft.server.log.force.sync.num = 128 (default)
2019-09-26 23:42:00,187 [pool-77-thread-1] INFO  server.RaftServerConfigKeys (ConfUtils.java:logGet(43)) - raft.server.log.statemachine.data.sync = true (default)
2019-09-26 23:42:00,188 [pool-77-thread-1] INFO  server.RaftServerConfigKeys (ConfUtils.java:logGet(43)) - raft.server.log.statemachine.data.sync.timeout = 10s (default)
2019-09-26 23:42:00,188 [pool-77-thread-1] INFO  server.RaftServerConfigKeys (ConfUtils.java:logGet(43)) - raft.server.log.statemachine.data.sync.timeout.retry = -1 (default)
2019-09-26 23:42:00,188 [pool-77-thread-1] INFO  server.RaftServerConfigKeys (ConfUtils.java:logGet(43)) - raft.server.log.statemachine.data.caching.enabled = true (custom)
2019-09-26 23:42:00,188 [pool-77-thread-1] INFO  segmented.SegmentedRaftLogWorker (SegmentedRaftLogWorker.java:lambda$new$0(132)) - b52e39db-c2d0-40de-8fee-40e15cba9af1@group-7427F1D5AE40-SegmentedRaftLogWorker: flushIndex: setUnconditionally 0 -> -1
2019-09-26 23:42:00,189 [pool-77-thread-1] INFO  server.RaftServerConfigKeys (ConfUtils.java:logGet(43)) - raft.server.snapshot.auto.trigger.enabled = true (custom)
2019-09-26 23:42:00,189 [pool-77-thread-1] INFO  server.RaftServerConfigKeys (ConfUtils.java:logGet(43)) - raft.server.snapshot.auto.trigger.threshold = 10000 (custom)
2019-09-26 23:42:00,189 [pool-77-thread-1] INFO  server.RaftServerConfigKeys (ConfUtils.java:logGet(43)) - raft.server.snapshot.retention.num.files = 5 (custom)
2019-09-26 23:42:00,189 [pool-77-thread-1] INFO  server.RaftServerConfigKeys (ConfUtils.java:logGet(43)) - raft.server.retrycache.expirytime = 600000ms (custom)
2019-09-26 23:42:00,192 [pool-77-thread-1] INFO  impl.RaftServerImpl (RaftServerImpl.java:start(185)) - b52e39db-c2d0-40de-8fee-40e15cba9af1@group-7427F1D5AE40: start as a follower, conf=-1: [b52e39db-c2d0-40de-8fee-40e15cba9af1:192.168.151.109:42236], old=null
2019-09-26 23:42:00,192 [pool-77-thread-1] INFO  impl.RaftServerImpl (RaftServerImpl.java:setRole(174)) - b52e39db-c2d0-40de-8fee-40e15cba9af1@group-7427F1D5AE40: changes role from      null to FOLLOWER at term 0 for startAsFollower
2019-09-26 23:42:00,192 [pool-77-thread-1] INFO  impl.RoleInfo (RoleInfo.java:updateAndGet(143)) - b52e39db-c2d0-40de-8fee-40e15cba9af1: start FollowerState
2019-09-26 23:42:00,192 [pool-77-thread-1] INFO  util.JmxRegister (JmxRegister.java:tryRegister(44)) - Successfully registered JMX Bean with object name Ratis:service=RaftServer,group=group-7427F1D5AE40,id=b52e39db-c2d0-40de-8fee-40e15cba9af1
2019-09-26 23:42:00,209 [RatisPipelineUtilsThread] INFO  pipeline.PipelineStateManager (PipelineStateManager.java:addPipeline(56)) - Created pipeline Pipeline[ Id: 5b70e23e-2223-4552-9efb-7427f1d5ae40, Nodes: b52e39db-c2d0-40de-8fee-40e15cba9af1{ip: 192.168.151.109, host: pr-hdds-2162-kpcbn-4093309294, networkLocation: /default-rack, certSerialId: null}, Type:RATIS, Factor:ONE, State:OPEN]
2019-09-26 23:42:00,257 [grpc-default-executor-1] INFO  impl.RaftServerProxy (RaftServerProxy.java:addNew(89)) - c021c5a2-d8d2-494e-ae80-bc384f6a911c: addNew group-CA38942D40E9:[c021c5a2-d8d2-494e-ae80-bc384f6a911c:192.168.151.109:37740, e5ad9ec2-43b6-4ed1-8189-34962d8a433d:192.168.151.109:33223, 851bd362-786e-47e4-b76b-6e60954f2395:192.168.151.109:39279] returns group-CA38942D40E9:java.util.concurrent.CompletableFuture@65d1aebb[Not completed]
2019-09-26 23:42:00,257 [grpc-default-executor-2] INFO  impl.RaftServerProxy (RaftServerProxy.java:addNew(89)) - 851bd362-786e-47e4-b76b-6e60954f2395: addNew group-CA38942D40E9:[c021c5a2-d8d2-494e-ae80-bc384f6a911c:192.168.151.109:37740, e5ad9ec2-43b6-4ed1-8189-34962d8a433d:192.168.151.109:33223, 851bd362-786e-47e4-b76b-6e60954f2395:192.168.151.109:39279] returns group-CA38942D40E9:java.util.concurrent.CompletableFuture@511819e7[Not completed]
2019-09-26 23:42:00,259 [pool-117-thread-1] INFO  impl.RaftServerImpl (RaftServerImpl.java:<init>(95)) - c021c5a2-d8d2-494e-ae80-bc384f6a911c: new RaftServerImpl for group-CA38942D40E9:[c021c5a2-d8d2-494e-ae80-bc384f6a911c:192.168.151.109:37740, e5ad9ec2-43b6-4ed1-8189-34962d8a433d:192.168.151.109:33223, 851bd362-786e-47e4-b76b-6e60954f2395:192.168.151.109:39279] with ContainerStateMachine:uninitialized
2019-09-26 23:42:00,261 [pool-117-thread-1] INFO  server.RaftServerConfigKeys (ConfUtils.java:logGet(43)) - raft.server.rpc.timeout.min = 5s (custom)
2019-09-26 23:42:00,261 [pool-117-thread-1] INFO  server.RaftServerConfigKeys (ConfUtils.java:logGet(43)) - raft.server.rpc.timeout.max = 5200ms (custom)
2019-09-26 23:42:00,262 [pool-117-thread-1] INFO  server.RaftServerConfigKeys (ConfUtils.java:logGet(43)) - raft.server.rpcslowness.timeout = 120s (custom)
2019-09-26 23:42:00,262 [pool-117-thread-1] INFO  server.RaftServerConfigKeys (ConfUtils.java:logGet(43)) - raft.server.sleep.deviation.threshold = 300 (default)
2019-09-26 23:42:00,262 [pool-117-thread-1] INFO  server.RaftServerConfigKeys (ConfUtils.java:logGet(43)) - raft.server.log.appender.install.snapshot.enabled = false (custom)
2019-09-26 23:42:00,262 [pool-117-thread-1] INFO  impl.RaftServerImpl (ServerState.java:<init>(103)) - c021c5a2-d8d2-494e-ae80-bc384f6a911c@group-CA38942D40E9: ConfigurationManager, init=-1: [c021c5a2-d8d2-494e-ae80-bc384f6a911c:192.168.151.109:37740, e5ad9ec2-43b6-4ed1-8189-34962d8a433d:192.168.151.109:33223, 851bd362-786e-47e4-b76b-6e60954f2395:192.168.151.109:39279], old=null, confs=<EMPTY_MAP>
2019-09-26 23:42:00,262 [pool-117-thread-1] INFO  server.RaftServerConfigKeys (ConfUtils.java:logGet(43)) - raft.server.storage.dir = [/workdir/hadoop-ozone/ozonefs/target/test-dir/MiniOzoneClusterImpl-732670c7-f75b-424f-848a-3ce441686c31/datanode-9/data/ratis] (custom)
2019-09-26 23:42:00,262 [grpc-default-executor-2] INFO  impl.RaftServerProxy (RaftServerProxy.java:addNew(89)) - e5ad9ec2-43b6-4ed1-8189-34962d8a433d: addNew group-CA38942D40E9:[c021c5a2-d8d2-494e-ae80-bc384f6a911c:192.168.151.109:37740, e5ad9ec2-43b6-4ed1-8189-34962d8a433d:192.168.151.109:33223, 851bd362-786e-47e4-b76b-6e60954f2395:192.168.151.109:39279] returns group-CA38942D40E9:java.util.concurrent.CompletableFuture@5527971c[Not completed]
2019-09-26 23:42:00,262 [pool-27-thread-1] INFO  impl.RaftServerImpl (RaftServerImpl.java:<init>(95)) - 851bd362-786e-47e4-b76b-6e60954f2395: new RaftServerImpl for group-CA38942D40E9:[c021c5a2-d8d2-494e-ae80-bc384f6a911c:192.168.151.109:37740, e5ad9ec2-43b6-4ed1-8189-34962d8a433d:192.168.151.109:33223, 851bd362-786e-47e4-b76b-6e60954f2395:192.168.151.109:39279] with ContainerStateMachine:uninitialized
2019-09-26 23:42:00,263 [pool-117-thread-1] INFO  storage.RaftStorageDirectory (RaftStorageDirectory.java:analyzeStorage(246)) - The storage directory /workdir/hadoop-ozone/ozonefs/target/test-dir/MiniOzoneClusterImpl-732670c7-f75b-424f-848a-3ce441686c31/datanode-9/data/ratis/35e20704-6ddb-4a7f-b3af-ca38942d40e9 does not exist. Creating ...
2019-09-26 23:42:00,263 [pool-27-thread-1] INFO  server.RaftServerConfigKeys (ConfUtils.java:logGet(43)) - raft.server.rpc.timeout.min = 5s (custom)
2019-09-26 23:42:00,263 [pool-27-thread-1] INFO  server.RaftServerConfigKeys (ConfUtils.java:logGet(43)) - raft.server.rpc.timeout.max = 5200ms (custom)
2019-09-26 23:42:00,263 [pool-27-thread-1] INFO  server.RaftServerConfigKeys (ConfUtils.java:logGet(43)) - raft.server.rpcslowness.timeout = 120s (custom)
2019-09-26 23:42:00,263 [pool-27-thread-1] INFO  server.RaftServerConfigKeys (ConfUtils.java:logGet(43)) - raft.server.sleep.deviation.threshold = 300 (default)
2019-09-26 23:42:00,264 [pool-27-thread-1] INFO  server.RaftServerConfigKeys (ConfUtils.java:logGet(43)) - raft.server.log.appender.install.snapshot.enabled = false (custom)
2019-09-26 23:42:00,264 [pool-27-thread-1] INFO  impl.RaftServerImpl (ServerState.java:<init>(103)) - 851bd362-786e-47e4-b76b-6e60954f2395@group-CA38942D40E9: ConfigurationManager, init=-1: [c021c5a2-d8d2-494e-ae80-bc384f6a911c:192.168.151.109:37740, e5ad9ec2-43b6-4ed1-8189-34962d8a433d:192.168.151.109:33223, 851bd362-786e-47e4-b76b-6e60954f2395:192.168.151.109:39279], old=null, confs=<EMPTY_MAP>
2019-09-26 23:42:00,264 [pool-27-thread-1] INFO  server.RaftServerConfigKeys (ConfUtils.java:logGet(43)) - raft.server.storage.dir = [/workdir/hadoop-ozone/ozonefs/target/test-dir/MiniOzoneClusterImpl-732670c7-f75b-424f-848a-3ce441686c31/datanode-0/data/ratis] (custom)
2019-09-26 23:42:00,265 [pool-47-thread-1] INFO  impl.RaftServerImpl (RaftServerImpl.java:<init>(95)) - e5ad9ec2-43b6-4ed1-8189-34962d8a433d: new RaftServerImpl for group-CA38942D40E9:[c021c5a2-d8d2-494e-ae80-bc384f6a911c:192.168.151.109:37740, e5ad9ec2-43b6-4ed1-8189-34962d8a433d:192.168.151.109:33223, 851bd362-786e-47e4-b76b-6e60954f2395:192.168.151.109:39279] with ContainerStateMachine:uninitialized
2019-09-26 23:42:00,265 [pool-47-thread-1] INFO  server.RaftServerConfigKeys (ConfUtils.java:logGet(43)) - raft.server.rpc.timeout.min = 5s (custom)
2019-09-26 23:42:00,265 [pool-27-thread-1] INFO  storage.RaftStorageDirectory (RaftStorageDirectory.java:analyzeStorage(246)) - The storage directory /workdir/hadoop-ozone/ozonefs/target/test-dir/MiniOzoneClusterImpl-732670c7-f75b-424f-848a-3ce441686c31/datanode-0/data/ratis/35e20704-6ddb-4a7f-b3af-ca38942d40e9 does not exist. Creating ...
2019-09-26 23:42:00,265 [pool-47-thread-1] INFO  server.RaftServerConfigKeys (ConfUtils.java:logGet(43)) - raft.server.rpc.timeout.max = 5200ms (custom)
2019-09-26 23:42:00,266 [pool-47-thread-1] INFO  server.RaftServerConfigKeys (ConfUtils.java:logGet(43)) - raft.server.rpcslowness.timeout = 120s (custom)
2019-09-26 23:42:00,266 [pool-47-thread-1] INFO  server.RaftServerConfigKeys (ConfUtils.java:logGet(43)) - raft.server.sleep.deviation.threshold = 300 (default)
2019-09-26 23:42:00,266 [pool-47-thread-1] INFO  server.RaftServerConfigKeys (ConfUtils.java:logGet(43)) - raft.server.log.appender.install.snapshot.enabled = false (custom)
2019-09-26 23:42:00,266 [pool-47-thread-1] INFO  impl.RaftServerImpl (ServerState.java:<init>(103)) - e5ad9ec2-43b6-4ed1-8189-34962d8a433d@group-CA38942D40E9: ConfigurationManager, init=-1: [c021c5a2-d8d2-494e-ae80-bc384f6a911c:192.168.151.109:37740, e5ad9ec2-43b6-4ed1-8189-34962d8a433d:192.168.151.109:33223, 851bd362-786e-47e4-b76b-6e60954f2395:192.168.151.109:39279], old=null, confs=<EMPTY_MAP>
2019-09-26 23:42:00,266 [pool-47-thread-1] INFO  server.RaftServerConfigKeys (ConfUtils.java:logGet(43)) - raft.server.storage.dir = [/workdir/hadoop-ozone/ozonefs/target/test-dir/MiniOzoneClusterImpl-732670c7-f75b-424f-848a-3ce441686c31/datanode-2/data/ratis] (custom)
2019-09-26 23:42:00,267 [pool-47-thread-1] INFO  storage.RaftStorageDirectory (RaftStorageDirectory.java:analyzeStorage(246)) - The storage directory /workdir/hadoop-ozone/ozonefs/target/test-dir/MiniOzoneClusterImpl-732670c7-f75b-424f-848a-3ce441686c31/datanode-2/data/ratis/35e20704-6ddb-4a7f-b3af-ca38942d40e9 does not exist. Creating ...
2019-09-26 23:42:00,276 [pool-47-thread-1] INFO  storage.RaftStorageDirectory (RaftStorageDirectory.java:tryLock(328)) - Lock on /workdir/hadoop-ozone/ozonefs/target/test-dir/MiniOzoneClusterImpl-732670c7-f75b-424f-848a-3ce441686c31/datanode-2/data/ratis/35e20704-6ddb-4a7f-b3af-ca38942d40e9/in_use.lock acquired by nodename 7326@pr-hdds-2162-kpcbn-4093309294
2019-09-26 23:42:00,276 [pool-117-thread-1] INFO  storage.RaftStorageDirectory (RaftStorageDirectory.java:tryLock(328)) - Lock on /workdir/hadoop-ozone/ozonefs/target/test-dir/MiniOzoneClusterImpl-732670c7-f75b-424f-848a-3ce441686c31/datanode-9/data/ratis/35e20704-6ddb-4a7f-b3af-ca38942d40e9/in_use.lock acquired by nodename 7326@pr-hdds-2162-kpcbn-4093309294
2019-09-26 23:42:00,276 [pool-27-thread-1] INFO  storage.RaftStorageDirectory (RaftStorageDirectory.java:tryLock(328)) - Lock on /workdir/hadoop-ozone/ozonefs/target/test-dir/MiniOzoneClusterImpl-732670c7-f75b-424f-848a-3ce441686c31/datanode-0/data/ratis/35e20704-6ddb-4a7f-b3af-ca38942d40e9/in_use.lock acquired by nodename 7326@pr-hdds-2162-kpcbn-4093309294
2019-09-26 23:42:00,290 [pool-27-thread-1] INFO  storage.RaftStorage (RaftStorage.java:format(72)) - Storage directory /workdir/hadoop-ozone/ozonefs/target/test-dir/MiniOzoneClusterImpl-732670c7-f75b-424f-848a-3ce441686c31/datanode-0/data/ratis/35e20704-6ddb-4a7f-b3af-ca38942d40e9 has been successfully formatted.
2019-09-26 23:42:00,290 [pool-47-thread-1] INFO  storage.RaftStorage (RaftStorage.java:format(72)) - Storage directory /workdir/hadoop-ozone/ozonefs/target/test-dir/MiniOzoneClusterImpl-732670c7-f75b-424f-848a-3ce441686c31/datanode-2/data/ratis/35e20704-6ddb-4a7f-b3af-ca38942d40e9 has been successfully formatted.
2019-09-26 23:42:00,290 [pool-27-thread-1] INFO  ratis.ContainerStateMachine (ContainerStateMachine.java:loadSnapshot(230)) - group-CA38942D40E9: The snapshot info is null. Setting the last applied indexto:(t:0, i:~)
2019-09-26 23:42:00,290 [pool-117-thread-1] INFO  storage.RaftStorage (RaftStorage.java:format(72)) - Storage directory /workdir/hadoop-ozone/ozonefs/target/test-dir/MiniOzoneClusterImpl-732670c7-f75b-424f-848a-3ce441686c31/datanode-9/data/ratis/35e20704-6ddb-4a7f-b3af-ca38942d40e9 has been successfully formatted.
2019-09-26 23:42:00,290 [pool-27-thread-1] INFO  server.RaftServerConfigKeys (ConfUtils.java:logGet(43)) - raft.server.notification.no-leader.timeout = 120s (custom)
2019-09-26 23:42:00,290 [pool-47-thread-1] INFO  ratis.ContainerStateMachine (ContainerStateMachine.java:loadSnapshot(230)) - group-CA38942D40E9: The snapshot info is null. Setting the last applied indexto:(t:0, i:~)
2019-09-26 23:42:00,291 [pool-117-thread-1] INFO  ratis.ContainerStateMachine (ContainerStateMachine.java:loadSnapshot(230)) - group-CA38942D40E9: The snapshot info is null. Setting the last applied indexto:(t:0, i:~)
2019-09-26 23:42:00,291 [pool-27-thread-1] INFO  server.RaftServerConfigKeys (ConfUtils.java:logGet(43)) - raft.server.log.use.memory = false (default)
2019-09-26 23:42:00,291 [pool-117-thread-1] INFO  server.RaftServerConfigKeys (ConfUtils.java:logGet(43)) - raft.server.notification.no-leader.timeout = 120s (custom)
2019-09-26 23:42:00,291 [pool-47-thread-1] INFO  server.RaftServerConfigKeys (ConfUtils.java:logGet(43)) - raft.server.notification.no-leader.timeout = 120s (custom)
2019-09-26 23:42:00,291 [pool-117-thread-1] INFO  server.RaftServerConfigKeys (ConfUtils.java:logGet(43)) - raft.server.log.use.memory = false (default)
2019-09-26 23:42:00,291 [pool-27-thread-1] INFO  server.RaftServerConfigKeys (ConfUtils.java:logGet(43)) - raft.server.log.purge.gap = 1000000 (custom)
2019-09-26 23:42:00,291 [pool-117-thread-1] INFO  server.RaftServerConfigKeys (ConfUtils.java:logGet(43)) - raft.server.log.purge.gap = 1000000 (custom)
2019-09-26 23:42:00,291 [pool-47-thread-1] INFO  server.RaftServerConfigKeys (ConfUtils.java:logGet(43)) - raft.server.log.use.memory = false (default)
2019-09-26 23:42:00,292 [pool-117-thread-1] INFO  server.RaftServerConfigKeys (ConfUtils.java:logGet(43)) - raft.server.log.appender.buffer.byte-limit = 33554432 (custom)
2019-09-26 23:42:00,292 [pool-27-thread-1] INFO  server.RaftServerConfigKeys (ConfUtils.java:logGet(43)) - raft.server.log.appender.buffer.byte-limit = 33554432 (custom)
2019-09-26 23:42:00,292 [pool-117-thread-1] INFO  server.RaftServerConfigKeys (ConfUtils.java:logGet(43)) - raft.server.log.segment.size.max = 1048576 (custom)
2019-09-26 23:42:00,292 [pool-47-thread-1] INFO  server.RaftServerConfigKeys (ConfUtils.java:logGet(43)) - raft.server.log.purge.gap = 1000000 (custom)
2019-09-26 23:42:00,292 [pool-117-thread-1] INFO  server.RaftServerConfigKeys (ConfUtils.java:logGet(43)) - raft.server.log.segment.cache.num.max = 2 (custom)
2019-09-26 23:42:00,292 [pool-27-thread-1] INFO  server.RaftServerConfigKeys (ConfUtils.java:logGet(43)) - raft.server.log.segment.size.max = 1048576 (custom)
2019-09-26 23:42:00,292 [pool-117-thread-1] INFO  segmented.SegmentedRaftLogWorker (SegmentedRaftLogWorker.java:<init>(172)) - new c021c5a2-d8d2-494e-ae80-bc384f6a911c@group-CA38942D40E9-SegmentedRaftLogWorker for RaftStorage:Storage Directory /workdir/hadoop-ozone/ozonefs/target/test-dir/MiniOzoneClusterImpl-732670c7-f75b-424f-848a-3ce441686c31/datanode-9/data/ratis/35e20704-6ddb-4a7f-b3af-ca38942d40e9
2019-09-26 23:42:00,292 [pool-47-thread-1] INFO  server.RaftServerConfigKeys (ConfUtils.java:logGet(43)) - raft.server.log.appender.buffer.byte-limit = 33554432 (custom)
2019-09-26 23:42:00,293 [pool-117-thread-1] INFO  server.RaftServerConfigKeys (ConfUtils.java:logGet(43)) - raft.server.log.queue.byte-limit = 2147483647 (custom)
2019-09-26 23:42:00,293 [pool-27-thread-1] INFO  server.RaftServerConfigKeys (ConfUtils.java:logGet(43)) - raft.server.log.segment.cache.num.max = 2 (custom)
2019-09-26 23:42:00,293 [pool-117-thread-1] INFO  server.RaftServerConfigKeys (ConfUtils.java:logGet(43)) - raft.server.log.queue.element-limit = 1024 (custom)
2019-09-26 23:42:00,293 [pool-47-thread-1] INFO  server.RaftServerConfigKeys (ConfUtils.java:logGet(43)) - raft.server.log.segment.size.max = 1048576 (custom)
2019-09-26 23:42:00,296 [pool-117-thread-1] INFO  server.RaftServerConfigKeys (ConfUtils.java:logGet(43)) - raft.server.log.segment.size.max = 1048576 (custom)
2019-09-26 23:42:00,296 [pool-27-thread-1] INFO  segmented.SegmentedRaftLogWorker (SegmentedRaftLogWorker.java:<init>(172)) - new 851bd362-786e-47e4-b76b-6e60954f2395@group-CA38942D40E9-SegmentedRaftLogWorker for RaftStorage:Storage Directory /workdir/hadoop-ozone/ozonefs/target/test-dir/MiniOzoneClusterImpl-732670c7-f75b-424f-848a-3ce441686c31/datanode-0/data/ratis/35e20704-6ddb-4a7f-b3af-ca38942d40e9
2019-09-26 23:42:00,296 [pool-117-thread-1] INFO  server.RaftServerConfigKeys (ConfUtils.java:logGet(43)) - raft.server.log.preallocated.size = 16384 (custom)
2019-09-26 23:42:00,296 [pool-47-thread-1] INFO  server.RaftServerConfigKeys (ConfUtils.java:logGet(43)) - raft.server.log.segment.cache.num.max = 2 (custom)
2019-09-26 23:42:00,297 [pool-117-thread-1] INFO  server.RaftServerConfigKeys (ConfUtils.java:logGet(43)) - raft.server.log.write.buffer.size = 33554432 (custom)
2019-09-26 23:42:00,296 [pool-27-thread-1] INFO  server.RaftServerConfigKeys (ConfUtils.java:logGet(43)) - raft.server.log.queue.byte-limit = 2147483647 (custom)
2019-09-26 23:42:00,297 [pool-117-thread-1] INFO  server.RaftServerConfigKeys (ConfUtils.java:logGet(43)) - raft.server.log.force.sync.num = 128 (default)
2019-09-26 23:42:00,297 [pool-47-thread-1] INFO  segmented.SegmentedRaftLogWorker (SegmentedRaftLogWorker.java:<init>(172)) - new e5ad9ec2-43b6-4ed1-8189-34962d8a433d@group-CA38942D40E9-SegmentedRaftLogWorker for RaftStorage:Storage Directory /workdir/hadoop-ozone/ozonefs/target/test-dir/MiniOzoneClusterImpl-732670c7-f75b-424f-848a-3ce441686c31/datanode-2/data/ratis/35e20704-6ddb-4a7f-b3af-ca38942d40e9
2019-09-26 23:42:00,297 [pool-117-thread-1] INFO  server.RaftServerConfigKeys (ConfUtils.java:logGet(43)) - raft.server.log.statemachine.data.sync = true (default)
2019-09-26 23:42:00,297 [pool-27-thread-1] INFO  server.RaftServerConfigKeys (ConfUtils.java:logGet(43)) - raft.server.log.queue.element-limit = 1024 (custom)
2019-09-26 23:42:00,298 [pool-117-thread-1] INFO  server.RaftServerConfigKeys (ConfUtils.java:logGet(43)) - raft.server.log.statemachine.data.sync.timeout = 10s (default)
2019-09-26 23:42:00,297 [pool-47-thread-1] INFO  server.RaftServerConfigKeys (ConfUtils.java:logGet(43)) - raft.server.log.queue.byte-limit = 2147483647 (custom)
2019-09-26 23:42:00,298 [pool-117-thread-1] INFO  server.RaftServerConfigKeys (ConfUtils.java:logGet(43)) - raft.server.log.statemachine.data.sync.timeout.retry = -1 (default)
2019-09-26 23:42:00,298 [pool-27-thread-1] INFO  server.RaftServerConfigKeys (ConfUtils.java:logGet(43)) - raft.server.log.segment.size.max = 1048576 (custom)
2019-09-26 23:42:00,298 [pool-117-thread-1] INFO  server.RaftServerConfigKeys (ConfUtils.java:logGet(43)) - raft.server.log.statemachine.data.caching.enabled = true (custom)
2019-09-26 23:42:00,298 [pool-47-thread-1] INFO  server.RaftServerConfigKeys (ConfUtils.java:logGet(43)) - raft.server.log.queue.element-limit = 1024 (custom)
2019-09-26 23:42:00,298 [pool-27-thread-1] INFO  server.RaftServerConfigKeys (ConfUtils.java:logGet(43)) - raft.server.log.preallocated.size = 16384 (custom)
2019-09-26 23:42:00,299 [pool-47-thread-1] INFO  server.RaftServerConfigKeys (ConfUtils.java:logGet(43)) - raft.server.log.segment.size.max = 1048576 (custom)
2019-09-26 23:42:00,299 [pool-117-thread-1] INFO  segmented.SegmentedRaftLogWorker (SegmentedRaftLogWorker.java:lambda$new$0(132)) - c021c5a2-d8d2-494e-ae80-bc384f6a911c@group-CA38942D40E9-SegmentedRaftLogWorker: flushIndex: setUnconditionally 0 -> -1
2019-09-26 23:42:00,299 [pool-27-thread-1] INFO  server.RaftServerConfigKeys (ConfUtils.java:logGet(43)) - raft.server.log.write.buffer.size = 33554432 (custom)
2019-09-26 23:42:00,299 [pool-47-thread-1] INFO  server.RaftServerConfigKeys (ConfUtils.java:logGet(43)) - raft.server.log.preallocated.size = 16384 (custom)
2019-09-26 23:42:00,299 [pool-27-thread-1] INFO  server.RaftServerConfigKeys (ConfUtils.java:logGet(43)) - raft.server.log.force.sync.num = 128 (default)
2019-09-26 23:42:00,299 [pool-47-thread-1] INFO  server.RaftServerConfigKeys (ConfUtils.java:logGet(43)) - raft.server.log.write.buffer.size = 33554432 (custom)
2019-09-26 23:42:00,299 [pool-117-thread-1] INFO  server.RaftServerConfigKeys (ConfUtils.java:logGet(43)) - raft.server.snapshot.auto.trigger.enabled = true (custom)
2019-09-26 23:42:00,299 [pool-47-thread-1] INFO  server.RaftServerConfigKeys (ConfUtils.java:logGet(43)) - raft.server.log.force.sync.num = 128 (default)
2019-09-26 23:42:00,299 [pool-27-thread-1] INFO  server.RaftServerConfigKeys (ConfUtils.java:logGet(43)) - raft.server.log.statemachine.data.sync = true (default)
2019-09-26 23:42:00,300 [pool-47-thread-1] INFO  server.RaftServerConfigKeys (ConfUtils.java:logGet(43)) - raft.server.log.statemachine.data.sync = true (default)
2019-09-26 23:42:00,300 [pool-117-thread-1] INFO  server.RaftServerConfigKeys (ConfUtils.java:logGet(43)) - raft.server.snapshot.auto.trigger.threshold = 10000 (custom)
2019-09-26 23:42:00,300 [pool-47-thread-1] INFO  server.RaftServerConfigKeys (ConfUtils.java:logGet(43)) - raft.server.log.statemachine.data.sync.timeout = 10s (default)
2019-09-26 23:42:00,300 [pool-27-thread-1] INFO  server.RaftServerConfigKeys (ConfUtils.java:logGet(43)) - raft.server.log.statemachine.data.sync.timeout = 10s (default)
2019-09-26 23:42:00,303 [pool-47-thread-1] INFO  server.RaftServerConfigKeys (ConfUtils.java:logGet(43)) - raft.server.log.statemachine.data.sync.timeout.retry = -1 (default)
2019-09-26 23:42:00,303 [pool-117-thread-1] INFO  server.RaftServerConfigKeys (ConfUtils.java:logGet(43)) - raft.server.snapshot.retention.num.files = 5 (custom)
2019-09-26 23:42:00,303 [pool-47-thread-1] INFO  server.RaftServerConfigKeys (ConfUtils.java:logGet(43)) - raft.server.log.statemachine.data.caching.enabled = true (custom)
2019-09-26 23:42:00,303 [pool-117-thread-1] INFO  server.RaftServerConfigKeys (ConfUtils.java:logGet(43)) - raft.server.retrycache.expirytime = 600000ms (custom)
2019-09-26 23:42:00,303 [pool-27-thread-1] INFO  server.RaftServerConfigKeys (ConfUtils.java:logGet(43)) - raft.server.log.statemachine.data.sync.timeout.retry = -1 (default)
2019-09-26 23:42:00,303 [pool-47-thread-1] INFO  segmented.SegmentedRaftLogWorker (SegmentedRaftLogWorker.java:lambda$new$0(132)) - e5ad9ec2-43b6-4ed1-8189-34962d8a433d@group-CA38942D40E9-SegmentedRaftLogWorker: flushIndex: setUnconditionally 0 -> -1
2019-09-26 23:42:00,304 [pool-27-thread-1] INFO  server.RaftServerConfigKeys (ConfUtils.java:logGet(43)) - raft.server.log.statemachine.data.caching.enabled = true (custom)
2019-09-26 23:42:00,304 [pool-47-thread-1] INFO  server.RaftServerConfigKeys (ConfUtils.java:logGet(43)) - raft.server.snapshot.auto.trigger.enabled = true (custom)
2019-09-26 23:42:00,304 [pool-27-thread-1] INFO  segmented.SegmentedRaftLogWorker (SegmentedRaftLogWorker.java:lambda$new$0(132)) - 851bd362-786e-47e4-b76b-6e60954f2395@group-CA38942D40E9-SegmentedRaftLogWorker: flushIndex: setUnconditionally 0 -> -1
2019-09-26 23:42:00,304 [pool-47-thread-1] INFO  server.RaftServerConfigKeys (ConfUtils.java:logGet(43)) - raft.server.snapshot.auto.trigger.threshold = 10000 (custom)
2019-09-26 23:42:00,304 [pool-27-thread-1] INFO  server.RaftServerConfigKeys (ConfUtils.java:logGet(43)) - raft.server.snapshot.auto.trigger.enabled = true (custom)
2019-09-26 23:42:00,304 [pool-47-thread-1] INFO  server.RaftServerConfigKeys (ConfUtils.java:logGet(43)) - raft.server.snapshot.retention.num.files = 5 (custom)
2019-09-26 23:42:00,304 [pool-27-thread-1] INFO  server.RaftServerConfigKeys (ConfUtils.java:logGet(43)) - raft.server.snapshot.auto.trigger.threshold = 10000 (custom)
2019-09-26 23:42:00,305 [pool-27-thread-1] INFO  server.RaftServerConfigKeys (ConfUtils.java:logGet(43)) - raft.server.snapshot.retention.num.files = 5 (custom)
2019-09-26 23:42:00,305 [pool-47-thread-1] INFO  server.RaftServerConfigKeys (ConfUtils.java:logGet(43)) - raft.server.retrycache.expirytime = 600000ms (custom)
2019-09-26 23:42:00,305 [pool-27-thread-1] INFO  server.RaftServerConfigKeys (ConfUtils.java:logGet(43)) - raft.server.retrycache.expirytime = 600000ms (custom)
2019-09-26 23:42:00,310 [pool-117-thread-1] INFO  impl.RaftServerImpl (RaftServerImpl.java:start(185)) - c021c5a2-d8d2-494e-ae80-bc384f6a911c@group-CA38942D40E9: start as a follower, conf=-1: [c021c5a2-d8d2-494e-ae80-bc384f6a911c:192.168.151.109:37740, e5ad9ec2-43b6-4ed1-8189-34962d8a433d:192.168.151.109:33223, 851bd362-786e-47e4-b76b-6e60954f2395:192.168.151.109:39279], old=null
2019-09-26 23:42:00,310 [pool-117-thread-1] INFO  impl.RaftServerImpl (RaftServerImpl.java:setRole(174)) - c021c5a2-d8d2-494e-ae80-bc384f6a911c@group-CA38942D40E9: changes role from      null to FOLLOWER at term 0 for startAsFollower
2019-09-26 23:42:00,311 [pool-117-thread-1] INFO  impl.RoleInfo (RoleInfo.java:updateAndGet(143)) - c021c5a2-d8d2-494e-ae80-bc384f6a911c: start FollowerState
2019-09-26 23:42:00,311 [pool-117-thread-1] INFO  util.JmxRegister (JmxRegister.java:tryRegister(44)) - Successfully registered JMX Bean with object name Ratis:service=RaftServer,group=group-CA38942D40E9,id=c021c5a2-d8d2-494e-ae80-bc384f6a911c
2019-09-26 23:42:00,311 [pool-47-thread-1] INFO  impl.RaftServerImpl (RaftServerImpl.java:start(185)) - e5ad9ec2-43b6-4ed1-8189-34962d8a433d@group-CA38942D40E9: start as a follower, conf=-1: [c021c5a2-d8d2-494e-ae80-bc384f6a911c:192.168.151.109:37740, e5ad9ec2-43b6-4ed1-8189-34962d8a433d:192.168.151.109:33223, 851bd362-786e-47e4-b76b-6e60954f2395:192.168.151.109:39279], old=null
2019-09-26 23:42:00,311 [pool-27-thread-1] INFO  impl.RaftServerImpl (RaftServerImpl.java:start(185)) - 851bd362-786e-47e4-b76b-6e60954f2395@group-CA38942D40E9: start as a follower, conf=-1: [c021c5a2-d8d2-494e-ae80-bc384f6a911c:192.168.151.109:37740, e5ad9ec2-43b6-4ed1-8189-34962d8a433d:192.168.151.109:33223, 851bd362-786e-47e4-b76b-6e60954f2395:192.168.151.109:39279], old=null
2019-09-26 23:42:00,312 [pool-47-thread-1] INFO  impl.RaftServerImpl (RaftServerImpl.java:setRole(174)) - e5ad9ec2-43b6-4ed1-8189-34962d8a433d@group-CA38942D40E9: changes role from      null to FOLLOWER at term 0 for startAsFollower
2019-09-26 23:42:00,312 [pool-27-thread-1] INFO  impl.RaftServerImpl (RaftServerImpl.java:setRole(174)) - 851bd362-786e-47e4-b76b-6e60954f2395@group-CA38942D40E9: changes role from      null to FOLLOWER at term 0 for startAsFollower
2019-09-26 23:42:00,312 [pool-47-thread-1] INFO  impl.RoleInfo (RoleInfo.java:updateAndGet(143)) - e5ad9ec2-43b6-4ed1-8189-34962d8a433d: start FollowerState
2019-09-26 23:42:00,312 [pool-27-thread-1] INFO  impl.RoleInfo (RoleInfo.java:updateAndGet(143)) - 851bd362-786e-47e4-b76b-6e60954f2395: start FollowerState
2019-09-26 23:42:00,312 [pool-47-thread-1] INFO  util.JmxRegister (JmxRegister.java:tryRegister(44)) - Successfully registered JMX Bean with object name Ratis:service=RaftServer,group=group-CA38942D40E9,id=e5ad9ec2-43b6-4ed1-8189-34962d8a433d
2019-09-26 23:42:00,312 [pool-27-thread-1] INFO  util.JmxRegister (JmxRegister.java:tryRegister(44)) - Successfully registered JMX Bean with object name Ratis:service=RaftServer,group=group-CA38942D40E9,id=851bd362-786e-47e4-b76b-6e60954f2395
2019-09-26 23:42:00,350 [RatisPipelineUtilsThread] INFO  pipeline.PipelineStateManager (PipelineStateManager.java:addPipeline(56)) - Created pipeline Pipeline[ Id: 35e20704-6ddb-4a7f-b3af-ca38942d40e9, Nodes: e5ad9ec2-43b6-4ed1-8189-34962d8a433d{ip: 192.168.151.109, host: pr-hdds-2162-kpcbn-4093309294, networkLocation: /default-rack, certSerialId: null}c021c5a2-d8d2-494e-ae80-bc384f6a911c{ip: 192.168.151.109, host: pr-hdds-2162-kpcbn-4093309294, networkLocation: /default-rack, certSerialId: null}851bd362-786e-47e4-b76b-6e60954f2395{ip: 192.168.151.109, host: pr-hdds-2162-kpcbn-4093309294, networkLocation: /default-rack, certSerialId: null}, Type:RATIS, Factor:THREE, State:OPEN]
2019-09-26 23:42:00,378 [grpc-default-executor-2] INFO  impl.RaftServerProxy (RaftServerProxy.java:addNew(89)) - 65e91836-b75a-4544-83ee-502e3b7b211d: addNew group-0544F0709943:[fc06cb59-39ee-4f47-9dde-cbe0d3a3cd99:192.168.151.109:39124, 65e91836-b75a-4544-83ee-502e3b7b211d:192.168.151.109:38455, 1e248264-0a57-4cd2-bcd2-8134f948d94e:192.168.151.109:34639] returns group-0544F0709943:java.util.concurrent.CompletableFuture@3039b128[Not completed]
2019-09-26 23:42:00,379 [grpc-default-executor-0] INFO  impl.RaftServerProxy (RaftServerProxy.java:addNew(89)) - 1e248264-0a57-4cd2-bcd2-8134f948d94e: addNew group-0544F0709943:[fc06cb59-39ee-4f47-9dde-cbe0d3a3cd99:192.168.151.109:39124, 65e91836-b75a-4544-83ee-502e3b7b211d:192.168.151.109:38455, 1e248264-0a57-4cd2-bcd2-8134f948d94e:192.168.151.109:34639] returns group-0544F0709943:java.util.concurrent.CompletableFuture@34b4d76a[Not completed]
2019-09-26 23:42:00,385 [grpc-default-executor-0] INFO  impl.RaftServerProxy (RaftServerProxy.java:addNew(89)) - fc06cb59-39ee-4f47-9dde-cbe0d3a3cd99: addNew group-0544F0709943:[fc06cb59-39ee-4f47-9dde-cbe0d3a3cd99:192.168.151.109:39124, 65e91836-b75a-4544-83ee-502e3b7b211d:192.168.151.109:38455, 1e248264-0a57-4cd2-bcd2-8134f948d94e:192.168.151.109:34639] returns group-0544F0709943:java.util.concurrent.CompletableFuture@3bef08b9[Not completed]
2019-09-26 23:42:00,385 [pool-97-thread-1] INFO  impl.RaftServerImpl (RaftServerImpl.java:<init>(95)) - 65e91836-b75a-4544-83ee-502e3b7b211d: new RaftServerImpl for group-0544F0709943:[fc06cb59-39ee-4f47-9dde-cbe0d3a3cd99:192.168.151.109:39124, 65e91836-b75a-4544-83ee-502e3b7b211d:192.168.151.109:38455, 1e248264-0a57-4cd2-bcd2-8134f948d94e:192.168.151.109:34639] with ContainerStateMachine:uninitialized
2019-09-26 23:42:00,385 [pool-97-thread-1] INFO  server.RaftServerConfigKeys (ConfUtils.java:logGet(43)) - raft.server.rpc.timeout.min = 5s (custom)
2019-09-26 23:42:00,386 [pool-97-thread-1] INFO  server.RaftServerConfigKeys (ConfUtils.java:logGet(43)) - raft.server.rpc.timeout.max = 5200ms (custom)
2019-09-26 23:42:00,386 [pool-97-thread-1] INFO  server.RaftServerConfigKeys (ConfUtils.java:logGet(43)) - raft.server.rpcslowness.timeout = 120s (custom)
2019-09-26 23:42:00,386 [pool-97-thread-1] INFO  server.RaftServerConfigKeys (ConfUtils.java:logGet(43)) - raft.server.sleep.deviation.threshold = 300 (default)
2019-09-26 23:42:00,386 [pool-97-thread-1] INFO  server.RaftServerConfigKeys (ConfUtils.java:logGet(43)) - raft.server.log.appender.install.snapshot.enabled = false (custom)
2019-09-26 23:42:00,386 [pool-97-thread-1] INFO  impl.RaftServerImpl (ServerState.java:<init>(103)) - 65e91836-b75a-4544-83ee-502e3b7b211d@group-0544F0709943: ConfigurationManager, init=-1: [fc06cb59-39ee-4f47-9dde-cbe0d3a3cd99:192.168.151.109:39124, 65e91836-b75a-4544-83ee-502e3b7b211d:192.168.151.109:38455, 1e248264-0a57-4cd2-bcd2-8134f948d94e:192.168.151.109:34639], old=null, confs=<EMPTY_MAP>
2019-09-26 23:42:00,386 [pool-87-thread-1] INFO  impl.RaftServerImpl (RaftServerImpl.java:<init>(95)) - 1e248264-0a57-4cd2-bcd2-8134f948d94e: new RaftServerImpl for group-0544F0709943:[fc06cb59-39ee-4f47-9dde-cbe0d3a3cd99:192.168.151.109:39124, 65e91836-b75a-4544-83ee-502e3b7b211d:192.168.151.109:38455, 1e248264-0a57-4cd2-bcd2-8134f948d94e:192.168.151.109:34639] with ContainerStateMachine:uninitialized
2019-09-26 23:42:00,386 [pool-97-thread-1] INFO  server.RaftServerConfigKeys (ConfUtils.java:logGet(43)) - raft.server.storage.dir = [/workdir/hadoop-ozone/ozonefs/target/test-dir/MiniOzoneClusterImpl-732670c7-f75b-424f-848a-3ce441686c31/datanode-7/data/ratis] (custom)
2019-09-26 23:42:00,387 [pool-87-thread-1] INFO  server.RaftServerConfigKeys (ConfUtils.java:logGet(43)) - raft.server.rpc.timeout.min = 5s (custom)
2019-09-26 23:42:00,391 [pool-87-thread-1] INFO  server.RaftServerConfigKeys (ConfUtils.java:logGet(43)) - raft.server.rpc.timeout.max = 5200ms (custom)
2019-09-26 23:42:00,397 [pool-87-thread-1] INFO  server.RaftServerConfigKeys (ConfUtils.java:logGet(43)) - raft.server.rpcslowness.timeout = 120s (custom)
2019-09-26 23:42:00,397 [pool-87-thread-1] INFO  server.RaftServerConfigKeys (ConfUtils.java:logGet(43)) - raft.server.sleep.deviation.threshold = 300 (default)
2019-09-26 23:42:00,397 [pool-97-thread-1] INFO  storage.RaftStorageDirectory (RaftStorageDirectory.java:analyzeStorage(246)) - The storage directory /workdir/hadoop-ozone/ozonefs/target/test-dir/MiniOzoneClusterImpl-732670c7-f75b-424f-848a-3ce441686c31/datanode-7/data/ratis/20000439-4771-41aa-9d61-0544f0709943 does not exist. Creating ...
2019-09-26 23:42:00,397 [pool-67-thread-1] INFO  impl.RaftServerImpl (RaftServerImpl.java:<init>(95)) - fc06cb59-39ee-4f47-9dde-cbe0d3a3cd99: new RaftServerImpl for group-0544F0709943:[fc06cb59-39ee-4f47-9dde-cbe0d3a3cd99:192.168.151.109:39124, 65e91836-b75a-4544-83ee-502e3b7b211d:192.168.151.109:38455, 1e248264-0a57-4cd2-bcd2-8134f948d94e:192.168.151.109:34639] with ContainerStateMachine:uninitialized
2019-09-26 23:42:00,397 [pool-87-thread-1] INFO  server.RaftServerConfigKeys (ConfUtils.java:logGet(43)) - raft.server.log.appender.install.snapshot.enabled = false (custom)
2019-09-26 23:42:00,398 [pool-67-thread-1] INFO  server.RaftServerConfigKeys (ConfUtils.java:logGet(43)) - raft.server.rpc.timeout.min = 5s (custom)
2019-09-26 23:42:00,398 [pool-87-thread-1] INFO  impl.RaftServerImpl (ServerState.java:<init>(103)) - 1e248264-0a57-4cd2-bcd2-8134f948d94e@group-0544F0709943: ConfigurationManager, init=-1: [fc06cb59-39ee-4f47-9dde-cbe0d3a3cd99:192.168.151.109:39124, 65e91836-b75a-4544-83ee-502e3b7b211d:192.168.151.109:38455, 1e248264-0a57-4cd2-bcd2-8134f948d94e:192.168.151.109:34639], old=null, confs=<EMPTY_MAP>
2019-09-26 23:42:00,398 [pool-67-thread-1] INFO  server.RaftServerConfigKeys (ConfUtils.java:logGet(43)) - raft.server.rpc.timeout.max = 5200ms (custom)
2019-09-26 23:42:00,398 [pool-87-thread-1] INFO  server.RaftServerConfigKeys (ConfUtils.java:logGet(43)) - raft.server.storage.dir = [/workdir/hadoop-ozone/ozonefs/target/test-dir/MiniOzoneClusterImpl-732670c7-f75b-424f-848a-3ce441686c31/datanode-6/data/ratis] (custom)
2019-09-26 23:42:00,398 [pool-67-thread-1] INFO  server.RaftServerConfigKeys (ConfUtils.java:logGet(43)) - raft.server.rpcslowness.timeout = 120s (custom)
2019-09-26 23:42:00,398 [pool-67-thread-1] INFO  server.RaftServerConfigKeys (ConfUtils.java:logGet(43)) - raft.server.sleep.deviation.threshold = 300 (default)
2019-09-26 23:42:00,398 [pool-87-thread-1] INFO  storage.RaftStorageDirectory (RaftStorageDirectory.java:analyzeStorage(246)) - The storage directory /workdir/hadoop-ozone/ozonefs/target/test-dir/MiniOzoneClusterImpl-732670c7-f75b-424f-848a-3ce441686c31/datanode-6/data/ratis/20000439-4771-41aa-9d61-0544f0709943 does not exist. Creating ...
2019-09-26 23:42:00,398 [pool-67-thread-1] INFO  server.RaftServerConfigKeys (ConfUtils.java:logGet(43)) - raft.server.log.appender.install.snapshot.enabled = false (custom)
2019-09-26 23:42:00,399 [pool-67-thread-1] INFO  impl.RaftServerImpl (ServerState.java:<init>(103)) - fc06cb59-39ee-4f47-9dde-cbe0d3a3cd99@group-0544F0709943: ConfigurationManager, init=-1: [fc06cb59-39ee-4f47-9dde-cbe0d3a3cd99:192.168.151.109:39124, 65e91836-b75a-4544-83ee-502e3b7b211d:192.168.151.109:38455, 1e248264-0a57-4cd2-bcd2-8134f948d94e:192.168.151.109:34639], old=null, confs=<EMPTY_MAP>
2019-09-26 23:42:00,399 [pool-67-thread-1] INFO  server.RaftServerConfigKeys (ConfUtils.java:logGet(43)) - raft.server.storage.dir = [/workdir/hadoop-ozone/ozonefs/target/test-dir/MiniOzoneClusterImpl-732670c7-f75b-424f-848a-3ce441686c31/datanode-4/data/ratis] (custom)
2019-09-26 23:42:00,399 [pool-67-thread-1] INFO  storage.RaftStorageDirectory (RaftStorageDirectory.java:analyzeStorage(246)) - The storage directory /workdir/hadoop-ozone/ozonefs/target/test-dir/MiniOzoneClusterImpl-732670c7-f75b-424f-848a-3ce441686c31/datanode-4/data/ratis/20000439-4771-41aa-9d61-0544f0709943 does not exist. Creating ...
2019-09-26 23:42:00,411 [pool-97-thread-1] INFO  storage.RaftStorageDirectory (RaftStorageDirectory.java:tryLock(328)) - Lock on /workdir/hadoop-ozone/ozonefs/target/test-dir/MiniOzoneClusterImpl-732670c7-f75b-424f-848a-3ce441686c31/datanode-7/data/ratis/20000439-4771-41aa-9d61-0544f0709943/in_use.lock acquired by nodename 7326@pr-hdds-2162-kpcbn-4093309294
2019-09-26 23:42:00,411 [pool-67-thread-1] INFO  storage.RaftStorageDirectory (RaftStorageDirectory.java:tryLock(328)) - Lock on /workdir/hadoop-ozone/ozonefs/target/test-dir/MiniOzoneClusterImpl-732670c7-f75b-424f-848a-3ce441686c31/datanode-4/data/ratis/20000439-4771-41aa-9d61-0544f0709943/in_use.lock acquired by nodename 7326@pr-hdds-2162-kpcbn-4093309294
2019-09-26 23:42:00,411 [pool-87-thread-1] INFO  storage.RaftStorageDirectory (RaftStorageDirectory.java:tryLock(328)) - Lock on /workdir/hadoop-ozone/ozonefs/target/test-dir/MiniOzoneClusterImpl-732670c7-f75b-424f-848a-3ce441686c31/datanode-6/data/ratis/20000439-4771-41aa-9d61-0544f0709943/in_use.lock acquired by nodename 7326@pr-hdds-2162-kpcbn-4093309294
2019-09-26 23:42:00,427 [pool-97-thread-1] INFO  storage.RaftStorage (RaftStorage.java:format(72)) - Storage directory /workdir/hadoop-ozone/ozonefs/target/test-dir/MiniOzoneClusterImpl-732670c7-f75b-424f-848a-3ce441686c31/datanode-7/data/ratis/20000439-4771-41aa-9d61-0544f0709943 has been successfully formatted.
2019-09-26 23:42:00,428 [pool-67-thread-1] INFO  storage.RaftStorage (RaftStorage.java:format(72)) - Storage directory /workdir/hadoop-ozone/ozonefs/target/test-dir/MiniOzoneClusterImpl-732670c7-f75b-424f-848a-3ce441686c31/datanode-4/data/ratis/20000439-4771-41aa-9d61-0544f0709943 has been successfully formatted.
2019-09-26 23:42:00,428 [pool-87-thread-1] INFO  storage.RaftStorage (RaftStorage.java:format(72)) - Storage directory /workdir/hadoop-ozone/ozonefs/target/test-dir/MiniOzoneClusterImpl-732670c7-f75b-424f-848a-3ce441686c31/datanode-6/data/ratis/20000439-4771-41aa-9d61-0544f0709943 has been successfully formatted.
2019-09-26 23:42:00,428 [pool-67-thread-1] INFO  ratis.ContainerStateMachine (ContainerStateMachine.java:loadSnapshot(230)) - group-0544F0709943: The snapshot info is null. Setting the last applied indexto:(t:0, i:~)
2019-09-26 23:42:00,428 [pool-97-thread-1] INFO  ratis.ContainerStateMachine (ContainerStateMachine.java:loadSnapshot(230)) - group-0544F0709943: The snapshot info is null. Setting the last applied indexto:(t:0, i:~)
2019-09-26 23:42:00,428 [pool-67-thread-1] INFO  server.RaftServerConfigKeys (ConfUtils.java:logGet(43)) - raft.server.notification.no-leader.timeout = 120s (custom)
2019-09-26 23:42:00,428 [pool-87-thread-1] INFO  ratis.ContainerStateMachine (ContainerStateMachine.java:loadSnapshot(230)) - group-0544F0709943: The snapshot info is null. Setting the last applied indexto:(t:0, i:~)
2019-09-26 23:42:00,429 [pool-67-thread-1] INFO  server.RaftServerConfigKeys (ConfUtils.java:logGet(43)) - raft.server.log.use.memory = false (default)
2019-09-26 23:42:00,428 [pool-97-thread-1] INFO  server.RaftServerConfigKeys (ConfUtils.java:logGet(43)) - raft.server.notification.no-leader.timeout = 120s (custom)
2019-09-26 23:42:00,429 [pool-67-thread-1] INFO  server.RaftServerConfigKeys (ConfUtils.java:logGet(43)) - raft.server.log.purge.gap = 1000000 (custom)
2019-09-26 23:42:00,429 [pool-87-thread-1] INFO  server.RaftServerConfigKeys (ConfUtils.java:logGet(43)) - raft.server.notification.no-leader.timeout = 120s (custom)
2019-09-26 23:42:00,429 [pool-67-thread-1] INFO  server.RaftServerConfigKeys (ConfUtils.java:logGet(43)) - raft.server.log.appender.buffer.byte-limit = 33554432 (custom)
2019-09-26 23:42:00,429 [pool-97-thread-1] INFO  server.RaftServerConfigKeys (ConfUtils.java:logGet(43)) - raft.server.log.use.memory = false (default)
2019-09-26 23:42:00,430 [pool-67-thread-1] INFO  server.RaftServerConfigKeys (ConfUtils.java:logGet(43)) - raft.server.log.segment.size.max = 1048576 (custom)
2019-09-26 23:42:00,430 [pool-87-thread-1] INFO  server.RaftServerConfigKeys (ConfUtils.java:logGet(43)) - raft.server.log.use.memory = false (default)
2019-09-26 23:42:00,430 [pool-67-thread-1] INFO  server.RaftServerConfigKeys (ConfUtils.java:logGet(43)) - raft.server.log.segment.cache.num.max = 2 (custom)
2019-09-26 23:42:00,430 [pool-97-thread-1] INFO  server.RaftServerConfigKeys (ConfUtils.java:logGet(43)) - raft.server.log.purge.gap = 1000000 (custom)
2019-09-26 23:42:00,431 [pool-67-thread-1] INFO  segmented.SegmentedRaftLogWorker (SegmentedRaftLogWorker.java:<init>(172)) - new fc06cb59-39ee-4f47-9dde-cbe0d3a3cd99@group-0544F0709943-SegmentedRaftLogWorker for RaftStorage:Storage Directory /workdir/hadoop-ozone/ozonefs/target/test-dir/MiniOzoneClusterImpl-732670c7-f75b-424f-848a-3ce441686c31/datanode-4/data/ratis/20000439-4771-41aa-9d61-0544f0709943
2019-09-26 23:42:00,430 [pool-87-thread-1] INFO  server.RaftServerConfigKeys (ConfUtils.java:logGet(43)) - raft.server.log.purge.gap = 1000000 (custom)
2019-09-26 23:42:00,431 [pool-67-thread-1] INFO  server.RaftServerConfigKeys (ConfUtils.java:logGet(43)) - raft.server.log.queue.byte-limit = 2147483647 (custom)
2019-09-26 23:42:00,431 [pool-97-thread-1] INFO  server.RaftServerConfigKeys (ConfUtils.java:logGet(43)) - raft.server.log.appender.buffer.byte-limit = 33554432 (custom)
2019-09-26 23:42:00,431 [pool-67-thread-1] INFO  server.RaftServerConfigKeys (ConfUtils.java:logGet(43)) - raft.server.log.queue.element-limit = 1024 (custom)
2019-09-26 23:42:00,431 [pool-87-thread-1] INFO  server.RaftServerConfigKeys (ConfUtils.java:logGet(43)) - raft.server.log.appender.buffer.byte-limit = 33554432 (custom)
2019-09-26 23:42:00,432 [pool-67-thread-1] INFO  server.RaftServerConfigKeys (ConfUtils.java:logGet(43)) - raft.server.log.segment.size.max = 1048576 (custom)
2019-09-26 23:42:00,431 [pool-97-thread-1] INFO  server.RaftServerConfigKeys (ConfUtils.java:logGet(43)) - raft.server.log.segment.size.max = 1048576 (custom)
2019-09-26 23:42:00,432 [pool-67-thread-1] INFO  server.RaftServerConfigKeys (ConfUtils.java:logGet(43)) - raft.server.log.preallocated.size = 16384 (custom)
2019-09-26 23:42:00,432 [pool-87-thread-1] INFO  server.RaftServerConfigKeys (ConfUtils.java:logGet(43)) - raft.server.log.segment.size.max = 1048576 (custom)
2019-09-26 23:42:00,432 [pool-67-thread-1] INFO  server.RaftServerConfigKeys (ConfUtils.java:logGet(43)) - raft.server.log.write.buffer.size = 33554432 (custom)
2019-09-26 23:42:00,432 [pool-97-thread-1] INFO  server.RaftServerConfigKeys (ConfUtils.java:logGet(43)) - raft.server.log.segment.cache.num.max = 2 (custom)
2019-09-26 23:42:00,433 [pool-67-thread-1] INFO  server.RaftServerConfigKeys (ConfUtils.java:logGet(43)) - raft.server.log.force.sync.num = 128 (default)
2019-09-26 23:42:00,433 [pool-87-thread-1] INFO  server.RaftServerConfigKeys (ConfUtils.java:logGet(43)) - raft.server.log.segment.cache.num.max = 2 (custom)
2019-09-26 23:42:00,433 [pool-67-thread-1] INFO  server.RaftServerConfigKeys (ConfUtils.java:logGet(43)) - raft.server.log.statemachine.data.sync = true (default)
2019-09-26 23:42:00,433 [pool-97-thread-1] INFO  segmented.SegmentedRaftLogWorker (SegmentedRaftLogWorker.java:<init>(172)) - new 65e91836-b75a-4544-83ee-502e3b7b211d@group-0544F0709943-SegmentedRaftLogWorker for RaftStorage:Storage Directory /workdir/hadoop-ozone/ozonefs/target/test-dir/MiniOzoneClusterImpl-732670c7-f75b-424f-848a-3ce441686c31/datanode-7/data/ratis/20000439-4771-41aa-9d61-0544f0709943
2019-09-26 23:42:00,434 [pool-67-thread-1] INFO  server.RaftServerConfigKeys (ConfUtils.java:logGet(43)) - raft.server.log.statemachine.data.sync.timeout = 10s (default)
2019-09-26 23:42:00,433 [pool-87-thread-1] INFO  segmented.SegmentedRaftLogWorker (SegmentedRaftLogWorker.java:<init>(172)) - new 1e248264-0a57-4cd2-bcd2-8134f948d94e@group-0544F0709943-SegmentedRaftLogWorker for RaftStorage:Storage Directory /workdir/hadoop-ozone/ozonefs/target/test-dir/MiniOzoneClusterImpl-732670c7-f75b-424f-848a-3ce441686c31/datanode-6/data/ratis/20000439-4771-41aa-9d61-0544f0709943
2019-09-26 23:42:00,434 [pool-67-thread-1] INFO  server.RaftServerConfigKeys (ConfUtils.java:logGet(43)) - raft.server.log.statemachine.data.sync.timeout.retry = -1 (default)
2019-09-26 23:42:00,434 [pool-97-thread-1] INFO  server.RaftServerConfigKeys (ConfUtils.java:logGet(43)) - raft.server.log.queue.byte-limit = 2147483647 (custom)
2019-09-26 23:42:00,434 [pool-67-thread-1] INFO  server.RaftServerConfigKeys (ConfUtils.java:logGet(43)) - raft.server.log.statemachine.data.caching.enabled = true (custom)
2019-09-26 23:42:00,434 [pool-87-thread-1] INFO  server.RaftServerConfigKeys (ConfUtils.java:logGet(43)) - raft.server.log.queue.byte-limit = 2147483647 (custom)
2019-09-26 23:42:00,434 [pool-97-thread-1] INFO  server.RaftServerConfigKeys (ConfUtils.java:logGet(43)) - raft.server.log.queue.element-limit = 1024 (custom)
2019-09-26 23:42:00,435 [pool-87-thread-1] INFO  server.RaftServerConfigKeys (ConfUtils.java:logGet(43)) - raft.server.log.queue.element-limit = 1024 (custom)
2019-09-26 23:42:00,435 [pool-67-thread-1] INFO  segmented.SegmentedRaftLogWorker (SegmentedRaftLogWorker.java:lambda$new$0(132)) - fc06cb59-39ee-4f47-9dde-cbe0d3a3cd99@group-0544F0709943-SegmentedRaftLogWorker: flushIndex: setUnconditionally 0 -> -1
2019-09-26 23:42:00,435 [pool-87-thread-1] INFO  server.RaftServerConfigKeys (ConfUtils.java:logGet(43)) - raft.server.log.segment.size.max = 1048576 (custom)
2019-09-26 23:42:00,435 [pool-97-thread-1] INFO  server.RaftServerConfigKeys (ConfUtils.java:logGet(43)) - raft.server.log.segment.size.max = 1048576 (custom)
2019-09-26 23:42:00,436 [pool-67-thread-1] INFO  server.RaftServerConfigKeys (ConfUtils.java:logGet(43)) - raft.server.snapshot.auto.trigger.enabled = true (custom)
2019-09-26 23:42:00,436 [pool-87-thread-1] INFO  server.RaftServerConfigKeys (ConfUtils.java:logGet(43)) - raft.server.log.preallocated.size = 16384 (custom)
2019-09-26 23:42:00,436 [pool-67-thread-1] INFO  server.RaftServerConfigKeys (ConfUtils.java:logGet(43)) - raft.server.snapshot.auto.trigger.threshold = 10000 (custom)
2019-09-26 23:42:00,436 [pool-97-thread-1] INFO  server.RaftServerConfigKeys (ConfUtils.java:logGet(43)) - raft.server.log.preallocated.size = 16384 (custom)
2019-09-26 23:42:00,436 [pool-67-thread-1] INFO  server.RaftServerConfigKeys (ConfUtils.java:logGet(43)) - raft.server.snapshot.retention.num.files = 5 (custom)
2019-09-26 23:42:00,436 [pool-87-thread-1] INFO  server.RaftServerConfigKeys (ConfUtils.java:logGet(43)) - raft.server.log.write.buffer.size = 33554432 (custom)
2019-09-26 23:42:00,437 [pool-67-thread-1] INFO  server.RaftServerConfigKeys (ConfUtils.java:logGet(43)) - raft.server.retrycache.expirytime = 600000ms (custom)
2019-09-26 23:42:00,436 [pool-97-thread-1] INFO  server.RaftServerConfigKeys (ConfUtils.java:logGet(43)) - raft.server.log.write.buffer.size = 33554432 (custom)
2019-09-26 23:42:00,437 [pool-87-thread-1] INFO  server.RaftServerConfigKeys (ConfUtils.java:logGet(43)) - raft.server.log.force.sync.num = 128 (default)
2019-09-26 23:42:00,437 [pool-97-thread-1] INFO  server.RaftServerConfigKeys (ConfUtils.java:logGet(43)) - raft.server.log.force.sync.num = 128 (default)
2019-09-26 23:42:00,437 [pool-87-thread-1] INFO  server.RaftServerConfigKeys (ConfUtils.java:logGet(43)) - raft.server.log.statemachine.data.sync = true (default)
2019-09-26 23:42:00,438 [pool-97-thread-1] INFO  server.RaftServerConfigKeys (ConfUtils.java:logGet(43)) - raft.server.log.statemachine.data.sync = true (default)
2019-09-26 23:42:00,438 [pool-87-thread-1] INFO  server.RaftServerConfigKeys (ConfUtils.java:logGet(43)) - raft.server.log.statemachine.data.sync.timeout = 10s (default)
2019-09-26 23:42:00,438 [pool-97-thread-1] INFO  server.RaftServerConfigKeys (ConfUtils.java:logGet(43)) - raft.server.log.statemachine.data.sync.timeout = 10s (default)
2019-09-26 23:42:00,438 [pool-87-thread-1] INFO  server.RaftServerConfigKeys (ConfUtils.java:logGet(43)) - raft.server.log.statemachine.data.sync.timeout.retry = -1 (default)
2019-09-26 23:42:00,438 [pool-97-thread-1] INFO  server.RaftServerConfigKeys (ConfUtils.java:logGet(43)) - raft.server.log.statemachine.data.sync.timeout.retry = -1 (default)
2019-09-26 23:42:00,439 [pool-87-thread-1] INFO  server.RaftServerConfigKeys (ConfUtils.java:logGet(43)) - raft.server.log.statemachine.data.caching.enabled = true (custom)
2019-09-26 23:42:00,439 [pool-97-thread-1] INFO  server.RaftServerConfigKeys (ConfUtils.java:logGet(43)) - raft.server.log.statemachine.data.caching.enabled = true (custom)
2019-09-26 23:42:00,439 [pool-87-thread-1] INFO  segmented.SegmentedRaftLogWorker (SegmentedRaftLogWorker.java:lambda$new$0(132)) - 1e248264-0a57-4cd2-bcd2-8134f948d94e@group-0544F0709943-SegmentedRaftLogWorker: flushIndex: setUnconditionally 0 -> -1
2019-09-26 23:42:00,439 [pool-97-thread-1] INFO  segmented.SegmentedRaftLogWorker (SegmentedRaftLogWorker.java:lambda$new$0(132)) - 65e91836-b75a-4544-83ee-502e3b7b211d@group-0544F0709943-SegmentedRaftLogWorker: flushIndex: setUnconditionally 0 -> -1
2019-09-26 23:42:00,439 [pool-87-thread-1] INFO  server.RaftServerConfigKeys (ConfUtils.java:logGet(43)) - raft.server.snapshot.auto.trigger.enabled = true (custom)
2019-09-26 23:42:00,440 [pool-97-thread-1] INFO  server.RaftServerConfigKeys (ConfUtils.java:logGet(43)) - raft.server.snapshot.auto.trigger.enabled = true (custom)
2019-09-26 23:42:00,440 [pool-87-thread-1] INFO  server.RaftServerConfigKeys (ConfUtils.java:logGet(43)) - raft.server.snapshot.auto.trigger.threshold = 10000 (custom)
2019-09-26 23:42:00,440 [pool-97-thread-1] INFO  server.RaftServerConfigKeys (ConfUtils.java:logGet(43)) - raft.server.snapshot.auto.trigger.threshold = 10000 (custom)
2019-09-26 23:42:00,440 [pool-87-thread-1] INFO  server.RaftServerConfigKeys (ConfUtils.java:logGet(43)) - raft.server.snapshot.retention.num.files = 5 (custom)
2019-09-26 23:42:00,440 [pool-97-thread-1] INFO  server.RaftServerConfigKeys (ConfUtils.java:logGet(43)) - raft.server.snapshot.retention.num.files = 5 (custom)
2019-09-26 23:42:00,440 [pool-87-thread-1] INFO  server.RaftServerConfigKeys (ConfUtils.java:logGet(43)) - raft.server.retrycache.expirytime = 600000ms (custom)
2019-09-26 23:42:00,441 [pool-97-thread-1] INFO  server.RaftServerConfigKeys (ConfUtils.java:logGet(43)) - raft.server.retrycache.expirytime = 600000ms (custom)
2019-09-26 23:42:00,441 [pool-67-thread-1] INFO  impl.RaftServerImpl (RaftServerImpl.java:start(185)) - fc06cb59-39ee-4f47-9dde-cbe0d3a3cd99@group-0544F0709943: start as a follower, conf=-1: [fc06cb59-39ee-4f47-9dde-cbe0d3a3cd99:192.168.151.109:39124, 65e91836-b75a-4544-83ee-502e3b7b211d:192.168.151.109:38455, 1e248264-0a57-4cd2-bcd2-8134f948d94e:192.168.151.109:34639], old=null
2019-09-26 23:42:00,441 [pool-67-thread-1] INFO  impl.RaftServerImpl (RaftServerImpl.java:setRole(174)) - fc06cb59-39ee-4f47-9dde-cbe0d3a3cd99@group-0544F0709943: changes role from      null to FOLLOWER at term 0 for startAsFollower
2019-09-26 23:42:00,442 [pool-67-thread-1] INFO  impl.RoleInfo (RoleInfo.java:updateAndGet(143)) - fc06cb59-39ee-4f47-9dde-cbe0d3a3cd99: start FollowerState
2019-09-26 23:42:00,442 [pool-67-thread-1] INFO  util.JmxRegister (JmxRegister.java:tryRegister(44)) - Successfully registered JMX Bean with object name Ratis:service=RaftServer,group=group-0544F0709943,id=fc06cb59-39ee-4f47-9dde-cbe0d3a3cd99
2019-09-26 23:42:00,448 [pool-87-thread-1] INFO  impl.RaftServerImpl (RaftServerImpl.java:start(185)) - 1e248264-0a57-4cd2-bcd2-8134f948d94e@group-0544F0709943: start as a follower, conf=-1: [fc06cb59-39ee-4f47-9dde-cbe0d3a3cd99:192.168.151.109:39124, 65e91836-b75a-4544-83ee-502e3b7b211d:192.168.151.109:38455, 1e248264-0a57-4cd2-bcd2-8134f948d94e:192.168.151.109:34639], old=null
2019-09-26 23:42:00,448 [pool-87-thread-1] INFO  impl.RaftServerImpl (RaftServerImpl.java:setRole(174)) - 1e248264-0a57-4cd2-bcd2-8134f948d94e@group-0544F0709943: changes role from      null to FOLLOWER at term 0 for startAsFollower
2019-09-26 23:42:00,448 [pool-97-thread-1] INFO  impl.RaftServerImpl (RaftServerImpl.java:start(185)) - 65e91836-b75a-4544-83ee-502e3b7b211d@group-0544F0709943: start as a follower, conf=-1: [fc06cb59-39ee-4f47-9dde-cbe0d3a3cd99:192.168.151.109:39124, 65e91836-b75a-4544-83ee-502e3b7b211d:192.168.151.109:38455, 1e248264-0a57-4cd2-bcd2-8134f948d94e:192.168.151.109:34639], old=null
2019-09-26 23:42:00,448 [pool-87-thread-1] INFO  impl.RoleInfo (RoleInfo.java:updateAndGet(143)) - 1e248264-0a57-4cd2-bcd2-8134f948d94e: start FollowerState
2019-09-26 23:42:00,448 [pool-97-thread-1] INFO  impl.RaftServerImpl (RaftServerImpl.java:setRole(174)) - 65e91836-b75a-4544-83ee-502e3b7b211d@group-0544F0709943: changes role from      null to FOLLOWER at term 0 for startAsFollower
2019-09-26 23:42:00,449 [pool-97-thread-1] INFO  impl.RoleInfo (RoleInfo.java:updateAndGet(143)) - 65e91836-b75a-4544-83ee-502e3b7b211d: start FollowerState
2019-09-26 23:42:00,449 [pool-87-thread-1] INFO  util.JmxRegister (JmxRegister.java:tryRegister(44)) - Successfully registered JMX Bean with object name Ratis:service=RaftServer,group=group-0544F0709943,id=1e248264-0a57-4cd2-bcd2-8134f948d94e
2019-09-26 23:42:00,449 [pool-97-thread-1] INFO  util.JmxRegister (JmxRegister.java:tryRegister(44)) - Successfully registered JMX Bean with object name Ratis:service=RaftServer,group=group-0544F0709943,id=65e91836-b75a-4544-83ee-502e3b7b211d
2019-09-26 23:42:00,470 [RatisPipelineUtilsThread] INFO  pipeline.PipelineStateManager (PipelineStateManager.java:addPipeline(56)) - Created pipeline Pipeline[ Id: 20000439-4771-41aa-9d61-0544f0709943, Nodes: fc06cb59-39ee-4f47-9dde-cbe0d3a3cd99{ip: 192.168.151.109, host: pr-hdds-2162-kpcbn-4093309294, networkLocation: /default-rack, certSerialId: null}1e248264-0a57-4cd2-bcd2-8134f948d94e{ip: 192.168.151.109, host: pr-hdds-2162-kpcbn-4093309294, networkLocation: /default-rack, certSerialId: null}65e91836-b75a-4544-83ee-502e3b7b211d{ip: 192.168.151.109, host: pr-hdds-2162-kpcbn-4093309294, networkLocation: /default-rack, certSerialId: null}, Type:RATIS, Factor:THREE, State:OPEN]
2019-09-26 23:42:00,509 [grpc-default-executor-2] INFO  impl.RaftServerProxy (RaftServerProxy.java:addNew(89)) - 5b82487c-0b6e-45f1-9b19-ee8d86ea6de1: addNew group-B9390DB8DBF8:[5b82487c-0b6e-45f1-9b19-ee8d86ea6de1:192.168.151.109:43751, 60963438-63b2-41a0-8acf-c4371cc0aece:192.168.151.109:45167, 9671e2fb-19cf-4d94-83a6-d109edb687a3:192.168.151.109:46144] returns group-B9390DB8DBF8:java.util.concurrent.CompletableFuture@4889bdad[Not completed]
2019-09-26 23:42:00,510 [grpc-default-executor-0] INFO  impl.RaftServerProxy (RaftServerProxy.java:addNew(89)) - 60963438-63b2-41a0-8acf-c4371cc0aece: addNew group-B9390DB8DBF8:[5b82487c-0b6e-45f1-9b19-ee8d86ea6de1:192.168.151.109:43751, 60963438-63b2-41a0-8acf-c4371cc0aece:192.168.151.109:45167, 9671e2fb-19cf-4d94-83a6-d109edb687a3:192.168.151.109:46144] returns group-B9390DB8DBF8:java.util.concurrent.CompletableFuture@3c02f30e[Not completed]
2019-09-26 23:42:00,513 [grpc-default-executor-1] INFO  impl.RaftServerProxy (RaftServerProxy.java:addNew(89)) - 9671e2fb-19cf-4d94-83a6-d109edb687a3: addNew group-B9390DB8DBF8:[5b82487c-0b6e-45f1-9b19-ee8d86ea6de1:192.168.151.109:43751, 60963438-63b2-41a0-8acf-c4371cc0aece:192.168.151.109:45167, 9671e2fb-19cf-4d94-83a6-d109edb687a3:192.168.151.109:46144] returns group-B9390DB8DBF8:java.util.concurrent.CompletableFuture@1139388f[Not completed]
2019-09-26 23:42:00,515 [pool-37-thread-1] INFO  impl.RaftServerImpl (RaftServerImpl.java:<init>(95)) - 60963438-63b2-41a0-8acf-c4371cc0aece: new RaftServerImpl for group-B9390DB8DBF8:[5b82487c-0b6e-45f1-9b19-ee8d86ea6de1:192.168.151.109:43751, 60963438-63b2-41a0-8acf-c4371cc0aece:192.168.151.109:45167, 9671e2fb-19cf-4d94-83a6-d109edb687a3:192.168.151.109:46144] with ContainerStateMachine:uninitialized
2019-09-26 23:42:00,515 [pool-37-thread-1] INFO  server.RaftServerConfigKeys (ConfUtils.java:logGet(43)) - raft.server.rpc.timeout.min = 5s (custom)
2019-09-26 23:42:00,515 [pool-37-thread-1] INFO  server.RaftServerConfigKeys (ConfUtils.java:logGet(43)) - raft.server.rpc.timeout.max = 5200ms (custom)
2019-09-26 23:42:00,515 [pool-37-thread-1] INFO  server.RaftServerConfigKeys (ConfUtils.java:logGet(43)) - raft.server.rpcslowness.timeout = 120s (custom)
2019-09-26 23:42:00,515 [pool-37-thread-1] INFO  server.RaftServerConfigKeys (ConfUtils.java:logGet(43)) - raft.server.sleep.deviation.threshold = 300 (default)
2019-09-26 23:42:00,516 [pool-37-thread-1] INFO  server.RaftServerConfigKeys (ConfUtils.java:logGet(43)) - raft.server.log.appender.install.snapshot.enabled = false (custom)
2019-09-26 23:42:00,516 [pool-37-thread-1] INFO  impl.RaftServerImpl (ServerState.java:<init>(103)) - 60963438-63b2-41a0-8acf-c4371cc0aece@group-B9390DB8DBF8: ConfigurationManager, init=-1: [5b82487c-0b6e-45f1-9b19-ee8d86ea6de1:192.168.151.109:43751, 60963438-63b2-41a0-8acf-c4371cc0aece:192.168.151.109:45167, 9671e2fb-19cf-4d94-83a6-d109edb687a3:192.168.151.109:46144], old=null, confs=<EMPTY_MAP>
2019-09-26 23:42:00,516 [pool-37-thread-1] INFO  server.RaftServerConfigKeys (ConfUtils.java:logGet(43)) - raft.server.storage.dir = [/workdir/hadoop-ozone/ozonefs/target/test-dir/MiniOzoneClusterImpl-732670c7-f75b-424f-848a-3ce441686c31/datanode-1/data/ratis] (custom)
2019-09-26 23:42:00,516 [pool-57-thread-1] INFO  impl.RaftServerImpl (RaftServerImpl.java:<init>(95)) - 9671e2fb-19cf-4d94-83a6-d109edb687a3: new RaftServerImpl for group-B9390DB8DBF8:[5b82487c-0b6e-45f1-9b19-ee8d86ea6de1:192.168.151.109:43751, 60963438-63b2-41a0-8acf-c4371cc0aece:192.168.151.109:45167, 9671e2fb-19cf-4d94-83a6-d109edb687a3:192.168.151.109:46144] with ContainerStateMachine:uninitialized
2019-09-26 23:42:00,516 [pool-57-thread-1] INFO  server.RaftServerConfigKeys (ConfUtils.java:logGet(43)) - raft.server.rpc.timeout.min = 5s (custom)
2019-09-26 23:42:00,516 [pool-37-thread-1] INFO  storage.RaftStorageDirectory (RaftStorageDirectory.java:analyzeStorage(246)) - The storage directory /workdir/hadoop-ozone/ozonefs/target/test-dir/MiniOzoneClusterImpl-732670c7-f75b-424f-848a-3ce441686c31/datanode-1/data/ratis/7fe0383d-3ec4-4ac2-9032-b9390db8dbf8 does not exist. Creating ...
2019-09-26 23:42:00,517 [pool-57-thread-1] INFO  server.RaftServerConfigKeys (ConfUtils.java:logGet(43)) - raft.server.rpc.timeout.max = 5200ms (custom)
2019-09-26 23:42:00,517 [pool-57-thread-1] INFO  server.RaftServerConfigKeys (ConfUtils.java:logGet(43)) - raft.server.rpcslowness.timeout = 120s (custom)
2019-09-26 23:42:00,517 [pool-57-thread-1] INFO  server.RaftServerConfigKeys (ConfUtils.java:logGet(43)) - raft.server.sleep.deviation.threshold = 300 (default)
2019-09-26 23:42:00,517 [pool-57-thread-1] INFO  server.RaftServerConfigKeys (ConfUtils.java:logGet(43)) - raft.server.log.appender.install.snapshot.enabled = false (custom)
2019-09-26 23:42:00,518 [pool-57-thread-1] INFO  impl.RaftServerImpl (ServerState.java:<init>(103)) - 9671e2fb-19cf-4d94-83a6-d109edb687a3@group-B9390DB8DBF8: ConfigurationManager, init=-1: [5b82487c-0b6e-45f1-9b19-ee8d86ea6de1:192.168.151.109:43751, 60963438-63b2-41a0-8acf-c4371cc0aece:192.168.151.109:45167, 9671e2fb-19cf-4d94-83a6-d109edb687a3:192.168.151.109:46144], old=null, confs=<EMPTY_MAP>
2019-09-26 23:42:00,518 [pool-57-thread-1] INFO  server.RaftServerConfigKeys (ConfUtils.java:logGet(43)) - raft.server.storage.dir = [/workdir/hadoop-ozone/ozonefs/target/test-dir/MiniOzoneClusterImpl-732670c7-f75b-424f-848a-3ce441686c31/datanode-3/data/ratis] (custom)
2019-09-26 23:42:00,518 [pool-107-thread-1] INFO  impl.RaftServerImpl (RaftServerImpl.java:<init>(95)) - 5b82487c-0b6e-45f1-9b19-ee8d86ea6de1: new RaftServerImpl for group-B9390DB8DBF8:[5b82487c-0b6e-45f1-9b19-ee8d86ea6de1:192.168.151.109:43751, 60963438-63b2-41a0-8acf-c4371cc0aece:192.168.151.109:45167, 9671e2fb-19cf-4d94-83a6-d109edb687a3:192.168.151.109:46144] with ContainerStateMachine:uninitialized
2019-09-26 23:42:00,518 [pool-107-thread-1] INFO  server.RaftServerConfigKeys (ConfUtils.java:logGet(43)) - raft.server.rpc.timeout.min = 5s (custom)
2019-09-26 23:42:00,519 [pool-57-thread-1] INFO  storage.RaftStorageDirectory (RaftStorageDirectory.java:analyzeStorage(246)) - The storage directory /workdir/hadoop-ozone/ozonefs/target/test-dir/MiniOzoneClusterImpl-732670c7-f75b-424f-848a-3ce441686c31/datanode-3/data/ratis/7fe0383d-3ec4-4ac2-9032-b9390db8dbf8 does not exist. Creating ...
2019-09-26 23:42:00,519 [pool-107-thread-1] INFO  server.RaftServerConfigKeys (ConfUtils.java:logGet(43)) - raft.server.rpc.timeout.max = 5200ms (custom)
2019-09-26 23:42:00,519 [pool-107-thread-1] INFO  server.RaftServerConfigKeys (ConfUtils.java:logGet(43)) - raft.server.rpcslowness.timeout = 120s (custom)
2019-09-26 23:42:00,519 [pool-107-thread-1] INFO  server.RaftServerConfigKeys (ConfUtils.java:logGet(43)) - raft.server.sleep.deviation.threshold = 300 (default)
2019-09-26 23:42:00,520 [pool-107-thread-1] INFO  server.RaftServerConfigKeys (ConfUtils.java:logGet(43)) - raft.server.log.appender.install.snapshot.enabled = false (custom)
2019-09-26 23:42:00,520 [pool-107-thread-1] INFO  impl.RaftServerImpl (ServerState.java:<init>(103)) - 5b82487c-0b6e-45f1-9b19-ee8d86ea6de1@group-B9390DB8DBF8: ConfigurationManager, init=-1: [5b82487c-0b6e-45f1-9b19-ee8d86ea6de1:192.168.151.109:43751, 60963438-63b2-41a0-8acf-c4371cc0aece:192.168.151.109:45167, 9671e2fb-19cf-4d94-83a6-d109edb687a3:192.168.151.109:46144], old=null, confs=<EMPTY_MAP>
2019-09-26 23:42:00,520 [pool-107-thread-1] INFO  server.RaftServerConfigKeys (ConfUtils.java:logGet(43)) - raft.server.storage.dir = [/workdir/hadoop-ozone/ozonefs/target/test-dir/MiniOzoneClusterImpl-732670c7-f75b-424f-848a-3ce441686c31/datanode-8/data/ratis] (custom)
2019-09-26 23:42:00,521 [pool-107-thread-1] INFO  storage.RaftStorageDirectory (RaftStorageDirectory.java:analyzeStorage(246)) - The storage directory /workdir/hadoop-ozone/ozonefs/target/test-dir/MiniOzoneClusterImpl-732670c7-f75b-424f-848a-3ce441686c31/datanode-8/data/ratis/7fe0383d-3ec4-4ac2-9032-b9390db8dbf8 does not exist. Creating ...
2019-09-26 23:42:00,531 [pool-37-thread-1] INFO  storage.RaftStorageDirectory (RaftStorageDirectory.java:tryLock(328)) - Lock on /workdir/hadoop-ozone/ozonefs/target/test-dir/MiniOzoneClusterImpl-732670c7-f75b-424f-848a-3ce441686c31/datanode-1/data/ratis/7fe0383d-3ec4-4ac2-9032-b9390db8dbf8/in_use.lock acquired by nodename 7326@pr-hdds-2162-kpcbn-4093309294
2019-09-26 23:42:00,531 [pool-107-thread-1] INFO  storage.RaftStorageDirectory (RaftStorageDirectory.java:tryLock(328)) - Lock on /workdir/hadoop-ozone/ozonefs/target/test-dir/MiniOzoneClusterImpl-732670c7-f75b-424f-848a-3ce441686c31/datanode-8/data/ratis/7fe0383d-3ec4-4ac2-9032-b9390db8dbf8/in_use.lock acquired by nodename 7326@pr-hdds-2162-kpcbn-4093309294
2019-09-26 23:42:00,531 [pool-57-thread-1] INFO  storage.RaftStorageDirectory (RaftStorageDirectory.java:tryLock(328)) - Lock on /workdir/hadoop-ozone/ozonefs/target/test-dir/MiniOzoneClusterImpl-732670c7-f75b-424f-848a-3ce441686c31/datanode-3/data/ratis/7fe0383d-3ec4-4ac2-9032-b9390db8dbf8/in_use.lock acquired by nodename 7326@pr-hdds-2162-kpcbn-4093309294
2019-09-26 23:42:00,545 [pool-37-thread-1] INFO  storage.RaftStorage (RaftStorage.java:format(72)) - Storage directory /workdir/hadoop-ozone/ozonefs/target/test-dir/MiniOzoneClusterImpl-732670c7-f75b-424f-848a-3ce441686c31/datanode-1/data/ratis/7fe0383d-3ec4-4ac2-9032-b9390db8dbf8 has been successfully formatted.
2019-09-26 23:42:00,545 [pool-57-thread-1] INFO  storage.RaftStorage (RaftStorage.java:format(72)) - Storage directory /workdir/hadoop-ozone/ozonefs/target/test-dir/MiniOzoneClusterImpl-732670c7-f75b-424f-848a-3ce441686c31/datanode-3/data/ratis/7fe0383d-3ec4-4ac2-9032-b9390db8dbf8 has been successfully formatted.
2019-09-26 23:42:00,545 [pool-107-thread-1] INFO  storage.RaftStorage (RaftStorage.java:format(72)) - Storage directory /workdir/hadoop-ozone/ozonefs/target/test-dir/MiniOzoneClusterImpl-732670c7-f75b-424f-848a-3ce441686c31/datanode-8/data/ratis/7fe0383d-3ec4-4ac2-9032-b9390db8dbf8 has been successfully formatted.
2019-09-26 23:42:00,545 [pool-37-thread-1] INFO  ratis.ContainerStateMachine (ContainerStateMachine.java:loadSnapshot(230)) - group-B9390DB8DBF8: The snapshot info is null. Setting the last applied indexto:(t:0, i:~)
2019-09-26 23:42:00,545 [pool-57-thread-1] INFO  ratis.ContainerStateMachine (ContainerStateMachine.java:loadSnapshot(230)) - group-B9390DB8DBF8: The snapshot info is null. Setting the last applied indexto:(t:0, i:~)
2019-09-26 23:42:00,545 [pool-37-thread-1] INFO  server.RaftServerConfigKeys (ConfUtils.java:logGet(43)) - raft.server.notification.no-leader.timeout = 120s (custom)
2019-09-26 23:42:00,545 [pool-107-thread-1] INFO  ratis.ContainerStateMachine (ContainerStateMachine.java:loadSnapshot(230)) - group-B9390DB8DBF8: The snapshot info is null. Setting the last applied indexto:(t:0, i:~)
2019-09-26 23:42:00,546 [pool-37-thread-1] INFO  server.RaftServerConfigKeys (ConfUtils.java:logGet(43)) - raft.server.log.use.memory = false (default)
2019-09-26 23:42:00,545 [pool-57-thread-1] INFO  server.RaftServerConfigKeys (ConfUtils.java:logGet(43)) - raft.server.notification.no-leader.timeout = 120s (custom)
2019-09-26 23:42:00,546 [pool-37-thread-1] INFO  server.RaftServerConfigKeys (ConfUtils.java:logGet(43)) - raft.server.log.purge.gap = 1000000 (custom)
2019-09-26 23:42:00,546 [pool-107-thread-1] INFO  server.RaftServerConfigKeys (ConfUtils.java:logGet(43)) - raft.server.notification.no-leader.timeout = 120s (custom)
2019-09-26 23:42:00,546 [pool-37-thread-1] INFO  server.RaftServerConfigKeys (ConfUtils.java:logGet(43)) - raft.server.log.appender.buffer.byte-limit = 33554432 (custom)
2019-09-26 23:42:00,546 [pool-57-thread-1] INFO  server.RaftServerConfigKeys (ConfUtils.java:logGet(43)) - raft.server.log.use.memory = false (default)
2019-09-26 23:42:00,547 [pool-37-thread-1] INFO  server.RaftServerConfigKeys (ConfUtils.java:logGet(43)) - raft.server.log.segment.size.max = 1048576 (custom)
2019-09-26 23:42:00,546 [pool-107-thread-1] INFO  server.RaftServerConfigKeys (ConfUtils.java:logGet(43)) - raft.server.log.use.memory = false (default)
2019-09-26 23:42:00,547 [pool-37-thread-1] INFO  server.RaftServerConfigKeys (ConfUtils.java:logGet(43)) - raft.server.log.segment.cache.num.max = 2 (custom)
2019-09-26 23:42:00,547 [pool-57-thread-1] INFO  server.RaftServerConfigKeys (ConfUtils.java:logGet(43)) - raft.server.log.purge.gap = 1000000 (custom)
2019-09-26 23:42:00,547 [pool-37-thread-1] INFO  segmented.SegmentedRaftLogWorker (SegmentedRaftLogWorker.java:<init>(172)) - new 60963438-63b2-41a0-8acf-c4371cc0aece@group-B9390DB8DBF8-SegmentedRaftLogWorker for RaftStorage:Storage Directory /workdir/hadoop-ozone/ozonefs/target/test-dir/MiniOzoneClusterImpl-732670c7-f75b-424f-848a-3ce441686c31/datanode-1/data/ratis/7fe0383d-3ec4-4ac2-9032-b9390db8dbf8
2019-09-26 23:42:00,547 [pool-107-thread-1] INFO  server.RaftServerConfigKeys (ConfUtils.java:logGet(43)) - raft.server.log.purge.gap = 1000000 (custom)
2019-09-26 23:42:00,548 [pool-37-thread-1] INFO  server.RaftServerConfigKeys (ConfUtils.java:logGet(43)) - raft.server.log.queue.byte-limit = 2147483647 (custom)
2019-09-26 23:42:00,547 [pool-57-thread-1] INFO  server.RaftServerConfigKeys (ConfUtils.java:logGet(43)) - raft.server.log.appender.buffer.byte-limit = 33554432 (custom)
2019-09-26 23:42:00,548 [pool-37-thread-1] INFO  server.RaftServerConfigKeys (ConfUtils.java:logGet(43)) - raft.server.log.queue.element-limit = 1024 (custom)
2019-09-26 23:42:00,548 [pool-107-thread-1] INFO  server.RaftServerConfigKeys (ConfUtils.java:logGet(43)) - raft.server.log.appender.buffer.byte-limit = 33554432 (custom)
2019-09-26 23:42:00,548 [pool-37-thread-1] INFO  server.RaftServerConfigKeys (ConfUtils.java:logGet(43)) - raft.server.log.segment.size.max = 1048576 (custom)
2019-09-26 23:42:00,548 [pool-57-thread-1] INFO  server.RaftServerConfigKeys (ConfUtils.java:logGet(43)) - raft.server.log.segment.size.max = 1048576 (custom)
2019-09-26 23:42:00,549 [pool-37-thread-1] INFO  server.RaftServerConfigKeys (ConfUtils.java:logGet(43)) - raft.server.log.preallocated.size = 16384 (custom)
2019-09-26 23:42:00,549 [pool-107-thread-1] INFO  server.RaftServerConfigKeys (ConfUtils.java:logGet(43)) - raft.server.log.segment.size.max = 1048576 (custom)
2019-09-26 23:42:00,549 [pool-37-thread-1] INFO  server.RaftServerConfigKeys (ConfUtils.java:logGet(43)) - raft.server.log.write.buffer.size = 33554432 (custom)
2019-09-26 23:42:00,549 [pool-57-thread-1] INFO  server.RaftServerConfigKeys (ConfUtils.java:logGet(43)) - raft.server.log.segment.cache.num.max = 2 (custom)
2019-09-26 23:42:00,549 [pool-37-thread-1] INFO  server.RaftServerConfigKeys (ConfUtils.java:logGet(43)) - raft.server.log.force.sync.num = 128 (default)
2019-09-26 23:42:00,550 [pool-37-thread-1] INFO  server.RaftServerConfigKeys (ConfUtils.java:logGet(43)) - raft.server.log.statemachine.data.sync = true (default)
2019-09-26 23:42:00,549 [pool-107-thread-1] INFO  server.RaftServerConfigKeys (ConfUtils.java:logGet(43)) - raft.server.log.segment.cache.num.max = 2 (custom)
2019-09-26 23:42:00,550 [pool-37-thread-1] INFO  server.RaftServerConfigKeys (ConfUtils.java:logGet(43)) - raft.server.log.statemachine.data.sync.timeout = 10s (default)
2019-09-26 23:42:00,550 [pool-37-thread-1] INFO  server.RaftServerConfigKeys (ConfUtils.java:logGet(43)) - raft.server.log.statemachine.data.sync.timeout.retry = -1 (default)
2019-09-26 23:42:00,550 [pool-57-thread-1] INFO  segmented.SegmentedRaftLogWorker (SegmentedRaftLogWorker.java:<init>(172)) - new 9671e2fb-19cf-4d94-83a6-d109edb687a3@group-B9390DB8DBF8-SegmentedRaftLogWorker for RaftStorage:Storage Directory /workdir/hadoop-ozone/ozonefs/target/test-dir/MiniOzoneClusterImpl-732670c7-f75b-424f-848a-3ce441686c31/datanode-3/data/ratis/7fe0383d-3ec4-4ac2-9032-b9390db8dbf8
2019-09-26 23:42:00,550 [pool-37-thread-1] INFO  server.RaftServerConfigKeys (ConfUtils.java:logGet(43)) - raft.server.log.statemachine.data.caching.enabled = true (custom)
2019-09-26 23:42:00,550 [pool-107-thread-1] INFO  segmented.SegmentedRaftLogWorker (SegmentedRaftLogWorker.java:<init>(172)) - new 5b82487c-0b6e-45f1-9b19-ee8d86ea6de1@group-B9390DB8DBF8-SegmentedRaftLogWorker for RaftStorage:Storage Directory /workdir/hadoop-ozone/ozonefs/target/test-dir/MiniOzoneClusterImpl-732670c7-f75b-424f-848a-3ce441686c31/datanode-8/data/ratis/7fe0383d-3ec4-4ac2-9032-b9390db8dbf8
2019-09-26 23:42:00,551 [pool-57-thread-1] INFO  server.RaftServerConfigKeys (ConfUtils.java:logGet(43)) - raft.server.log.queue.byte-limit = 2147483647 (custom)
2019-09-26 23:42:00,551 [pool-107-thread-1] INFO  server.RaftServerConfigKeys (ConfUtils.java:logGet(43)) - raft.server.log.queue.byte-limit = 2147483647 (custom)
2019-09-26 23:42:00,551 [pool-37-thread-1] INFO  segmented.SegmentedRaftLogWorker (SegmentedRaftLogWorker.java:lambda$new$0(132)) - 60963438-63b2-41a0-8acf-c4371cc0aece@group-B9390DB8DBF8-SegmentedRaftLogWorker: flushIndex: setUnconditionally 0 -> -1
2019-09-26 23:42:00,551 [pool-107-thread-1] INFO  server.RaftServerConfigKeys (ConfUtils.java:logGet(43)) - raft.server.log.queue.element-limit = 1024 (custom)
2019-09-26 23:42:00,552 [pool-37-thread-1] INFO  server.RaftServerConfigKeys (ConfUtils.java:logGet(43)) - raft.server.snapshot.auto.trigger.enabled = true (custom)
2019-09-26 23:42:00,551 [pool-57-thread-1] INFO  server.RaftServerConfigKeys (ConfUtils.java:logGet(43)) - raft.server.log.queue.element-limit = 1024 (custom)
2019-09-26 23:42:00,552 [pool-37-thread-1] INFO  server.RaftServerConfigKeys (ConfUtils.java:logGet(43)) - raft.server.snapshot.auto.trigger.threshold = 10000 (custom)
2019-09-26 23:42:00,552 [pool-107-thread-1] INFO  server.RaftServerConfigKeys (ConfUtils.java:logGet(43)) - raft.server.log.segment.size.max = 1048576 (custom)
2019-09-26 23:42:00,552 [pool-37-thread-1] INFO  server.RaftServerConfigKeys (ConfUtils.java:logGet(43)) - raft.server.snapshot.retention.num.files = 5 (custom)
2019-09-26 23:42:00,552 [pool-57-thread-1] INFO  server.RaftServerConfigKeys (ConfUtils.java:logGet(43)) - raft.server.log.segment.size.max = 1048576 (custom)
2019-09-26 23:42:00,553 [pool-37-thread-1] INFO  server.RaftServerConfigKeys (ConfUtils.java:logGet(43)) - raft.server.retrycache.expirytime = 600000ms (custom)
2019-09-26 23:42:00,552 [pool-107-thread-1] INFO  server.RaftServerConfigKeys (ConfUtils.java:logGet(43)) - raft.server.log.preallocated.size = 16384 (custom)
2019-09-26 23:42:00,553 [pool-57-thread-1] INFO  server.RaftServerConfigKeys (ConfUtils.java:logGet(43)) - raft.server.log.preallocated.size = 16384 (custom)
2019-09-26 23:42:00,553 [pool-107-thread-1] INFO  server.RaftServerConfigKeys (ConfUtils.java:logGet(43)) - raft.server.log.write.buffer.size = 33554432 (custom)
2019-09-26 23:42:00,553 [pool-57-thread-1] INFO  server.RaftServerConfigKeys (ConfUtils.java:logGet(43)) - raft.server.log.write.buffer.size = 33554432 (custom)
2019-09-26 23:42:00,553 [pool-107-thread-1] INFO  server.RaftServerConfigKeys (ConfUtils.java:logGet(43)) - raft.server.log.force.sync.num = 128 (default)
2019-09-26 23:42:00,554 [pool-57-thread-1] INFO  server.RaftServerConfigKeys (ConfUtils.java:logGet(43)) - raft.server.log.force.sync.num = 128 (default)
2019-09-26 23:42:00,554 [pool-107-thread-1] INFO  server.RaftServerConfigKeys (ConfUtils.java:logGet(43)) - raft.server.log.statemachine.data.sync = true (default)
2019-09-26 23:42:00,554 [pool-57-thread-1] INFO  server.RaftServerConfigKeys (ConfUtils.java:logGet(43)) - raft.server.log.statemachine.data.sync = true (default)
2019-09-26 23:42:00,554 [pool-107-thread-1] INFO  server.RaftServerConfigKeys (ConfUtils.java:logGet(43)) - raft.server.log.statemachine.data.sync.timeout = 10s (default)
2019-09-26 23:42:00,554 [pool-57-thread-1] INFO  server.RaftServerConfigKeys (ConfUtils.java:logGet(43)) - raft.server.log.statemachine.data.sync.timeout = 10s (default)
2019-09-26 23:42:00,554 [pool-107-thread-1] INFO  server.RaftServerConfigKeys (ConfUtils.java:logGet(43)) - raft.server.log.statemachine.data.sync.timeout.retry = -1 (default)
2019-09-26 23:42:00,555 [pool-57-thread-1] INFO  server.RaftServerConfigKeys (ConfUtils.java:logGet(43)) - raft.server.log.statemachine.data.sync.timeout.retry = -1 (default)
2019-09-26 23:42:00,555 [pool-107-thread-1] INFO  server.RaftServerConfigKeys (ConfUtils.java:logGet(43)) - raft.server.log.statemachine.data.caching.enabled = true (custom)
2019-09-26 23:42:00,555 [pool-57-thread-1] INFO  server.RaftServerConfigKeys (ConfUtils.java:logGet(43)) - raft.server.log.statemachine.data.caching.enabled = true (custom)
2019-09-26 23:42:00,555 [pool-107-thread-1] INFO  segmented.SegmentedRaftLogWorker (SegmentedRaftLogWorker.java:lambda$new$0(132)) - 5b82487c-0b6e-45f1-9b19-ee8d86ea6de1@group-B9390DB8DBF8-SegmentedRaftLogWorker: flushIndex: setUnconditionally 0 -> -1
2019-09-26 23:42:00,555 [pool-57-thread-1] INFO  segmented.SegmentedRaftLogWorker (SegmentedRaftLogWorker.java:lambda$new$0(132)) - 9671e2fb-19cf-4d94-83a6-d109edb687a3@group-B9390DB8DBF8-SegmentedRaftLogWorker: flushIndex: setUnconditionally 0 -> -1
2019-09-26 23:42:00,556 [pool-37-thread-1] INFO  impl.RaftServerImpl (RaftServerImpl.java:start(185)) - 60963438-63b2-41a0-8acf-c4371cc0aece@group-B9390DB8DBF8: start as a follower, conf=-1: [5b82487c-0b6e-45f1-9b19-ee8d86ea6de1:192.168.151.109:43751, 60963438-63b2-41a0-8acf-c4371cc0aece:192.168.151.109:45167, 9671e2fb-19cf-4d94-83a6-d109edb687a3:192.168.151.109:46144], old=null
2019-09-26 23:42:00,556 [pool-107-thread-1] INFO  server.RaftServerConfigKeys (ConfUtils.java:logGet(43)) - raft.server.snapshot.auto.trigger.enabled = true (custom)
2019-09-26 23:42:00,556 [pool-57-thread-1] INFO  server.RaftServerConfigKeys (ConfUtils.java:logGet(43)) - raft.server.snapshot.auto.trigger.enabled = true (custom)
2019-09-26 23:42:00,556 [pool-37-thread-1] INFO  impl.RaftServerImpl (RaftServerImpl.java:setRole(174)) - 60963438-63b2-41a0-8acf-c4371cc0aece@group-B9390DB8DBF8: changes role from      null to FOLLOWER at term 0 for startAsFollower
2019-09-26 23:42:00,556 [pool-57-thread-1] INFO  server.RaftServerConfigKeys (ConfUtils.java:logGet(43)) - raft.server.snapshot.auto.trigger.threshold = 10000 (custom)
2019-09-26 23:42:00,556 [pool-107-thread-1] INFO  server.RaftServerConfigKeys (ConfUtils.java:logGet(43)) - raft.server.snapshot.auto.trigger.threshold = 10000 (custom)
2019-09-26 23:42:00,556 [pool-57-thread-1] INFO  server.RaftServerConfigKeys (ConfUtils.java:logGet(43)) - raft.server.snapshot.retention.num.files = 5 (custom)
2019-09-26 23:42:00,556 [pool-37-thread-1] INFO  impl.RoleInfo (RoleInfo.java:updateAndGet(143)) - 60963438-63b2-41a0-8acf-c4371cc0aece: start FollowerState
2019-09-26 23:42:00,557 [pool-57-thread-1] INFO  server.RaftServerConfigKeys (ConfUtils.java:logGet(43)) - raft.server.retrycache.expirytime = 600000ms (custom)
2019-09-26 23:42:00,557 [pool-107-thread-1] INFO  server.RaftServerConfigKeys (ConfUtils.java:logGet(43)) - raft.server.snapshot.retention.num.files = 5 (custom)
2019-09-26 23:42:00,557 [pool-37-thread-1] INFO  util.JmxRegister (JmxRegister.java:tryRegister(44)) - Successfully registered JMX Bean with object name Ratis:service=RaftServer,group=group-B9390DB8DBF8,id=60963438-63b2-41a0-8acf-c4371cc0aece
2019-09-26 23:42:00,557 [pool-107-thread-1] INFO  server.RaftServerConfigKeys (ConfUtils.java:logGet(43)) - raft.server.retrycache.expirytime = 600000ms (custom)
2019-09-26 23:42:00,564 [pool-57-thread-1] INFO  impl.RaftServerImpl (RaftServerImpl.java:start(185)) - 9671e2fb-19cf-4d94-83a6-d109edb687a3@group-B9390DB8DBF8: start as a follower, conf=-1: [5b82487c-0b6e-45f1-9b19-ee8d86ea6de1:192.168.151.109:43751, 60963438-63b2-41a0-8acf-c4371cc0aece:192.168.151.109:45167, 9671e2fb-19cf-4d94-83a6-d109edb687a3:192.168.151.109:46144], old=null
2019-09-26 23:42:00,564 [pool-57-thread-1] INFO  impl.RaftServerImpl (RaftServerImpl.java:setRole(174)) - 9671e2fb-19cf-4d94-83a6-d109edb687a3@group-B9390DB8DBF8: changes role from      null to FOLLOWER at term 0 for startAsFollower
2019-09-26 23:42:00,565 [pool-57-thread-1] INFO  impl.RoleInfo (RoleInfo.java:updateAndGet(143)) - 9671e2fb-19cf-4d94-83a6-d109edb687a3: start FollowerState
2019-09-26 23:42:00,565 [pool-107-thread-1] INFO  impl.RaftServerImpl (RaftServerImpl.java:start(185)) - 5b82487c-0b6e-45f1-9b19-ee8d86ea6de1@group-B9390DB8DBF8: start as a follower, conf=-1: [5b82487c-0b6e-45f1-9b19-ee8d86ea6de1:192.168.151.109:43751, 60963438-63b2-41a0-8acf-c4371cc0aece:192.168.151.109:45167, 9671e2fb-19cf-4d94-83a6-d109edb687a3:192.168.151.109:46144], old=null
2019-09-26 23:42:00,565 [pool-107-thread-1] INFO  impl.RaftServerImpl (RaftServerImpl.java:setRole(174)) - 5b82487c-0b6e-45f1-9b19-ee8d86ea6de1@group-B9390DB8DBF8: changes role from      null to FOLLOWER at term 0 for startAsFollower
2019-09-26 23:42:00,565 [pool-57-thread-1] INFO  util.JmxRegister (JmxRegister.java:tryRegister(44)) - Successfully registered JMX Bean with object name Ratis:service=RaftServer,group=group-B9390DB8DBF8,id=9671e2fb-19cf-4d94-83a6-d109edb687a3
2019-09-26 23:42:00,565 [pool-107-thread-1] INFO  impl.RoleInfo (RoleInfo.java:updateAndGet(143)) - 5b82487c-0b6e-45f1-9b19-ee8d86ea6de1: start FollowerState
2019-09-26 23:42:00,566 [pool-107-thread-1] INFO  util.JmxRegister (JmxRegister.java:tryRegister(44)) - Successfully registered JMX Bean with object name Ratis:service=RaftServer,group=group-B9390DB8DBF8,id=5b82487c-0b6e-45f1-9b19-ee8d86ea6de1
2019-09-26 23:42:00,580 [RatisPipelineUtilsThread] INFO  pipeline.PipelineStateManager (PipelineStateManager.java:addPipeline(56)) - Created pipeline Pipeline[ Id: 7fe0383d-3ec4-4ac2-9032-b9390db8dbf8, Nodes: 60963438-63b2-41a0-8acf-c4371cc0aece{ip: 192.168.151.109, host: pr-hdds-2162-kpcbn-4093309294, networkLocation: /default-rack, certSerialId: null}9671e2fb-19cf-4d94-83a6-d109edb687a3{ip: 192.168.151.109, host: pr-hdds-2162-kpcbn-4093309294, networkLocation: /default-rack, certSerialId: null}5b82487c-0b6e-45f1-9b19-ee8d86ea6de1{ip: 192.168.151.109, host: pr-hdds-2162-kpcbn-4093309294, networkLocation: /default-rack, certSerialId: null}, Type:RATIS, Factor:THREE, State:OPEN]
2019-09-26 23:42:01,075 [main] INFO  ipc.Client (Client.java:handleConnectionFailure(948)) - Retrying connect to server: localhost/127.0.0.1:0. Already tried 0 time(s); retry policy is RetryUpToMaximumCountWithFixedSleep(maxRetries=10, sleepTime=1000 MILLISECONDS)
2019-09-26 23:42:01,322 [Thread-283] INFO  container.ReplicationManager (ReplicationManager.java:start(162)) - Starting Replication Monitor Thread.
2019-09-26 23:42:01,326 [ReplicationMonitor] INFO  container.ReplicationManager (ReplicationManager.java:run(225)) - Replication Monitor Thread took 0 milliseconds for processing 0 containers.
2019-09-26 23:42:02,077 [main] INFO  ipc.Client (Client.java:handleConnectionFailure(948)) - Retrying connect to server: localhost/127.0.0.1:0. Already tried 1 time(s); retry policy is RetryUpToMaximumCountWithFixedSleep(maxRetries=10, sleepTime=1000 MILLISECONDS)
2019-09-26 23:42:03,078 [main] INFO  ipc.Client (Client.java:handleConnectionFailure(948)) - Retrying connect to server: localhost/127.0.0.1:0. Already tried 2 time(s); retry policy is RetryUpToMaximumCountWithFixedSleep(maxRetries=10, sleepTime=1000 MILLISECONDS)
2019-09-26 23:42:04,080 [main] INFO  ipc.Client (Client.java:handleConnectionFailure(948)) - Retrying connect to server: localhost/127.0.0.1:0. Already tried 3 time(s); retry policy is RetryUpToMaximumCountWithFixedSleep(maxRetries=10, sleepTime=1000 MILLISECONDS)
2019-09-26 23:42:04,252 [Thread-285] INFO  impl.FollowerState (FollowerState.java:run(106)) - e5ad9ec2-43b6-4ed1-8189-34962d8a433d:group-58C16E1D8D20 changes to CANDIDATE, lastRpcTime:5163, electionTimeout:5162ms
2019-09-26 23:42:04,256 [Thread-285] INFO  impl.RoleInfo (RoleInfo.java:shutdownFollowerState(121)) - e5ad9ec2-43b6-4ed1-8189-34962d8a433d: shutdown FollowerState
2019-09-26 23:42:04,256 [Thread-285] INFO  impl.RaftServerImpl (RaftServerImpl.java:setRole(174)) - e5ad9ec2-43b6-4ed1-8189-34962d8a433d@group-58C16E1D8D20: changes role from  FOLLOWER to CANDIDATE at term 0 for changeToCandidate
2019-09-26 23:42:04,261 [Thread-285] INFO  impl.RoleInfo (RoleInfo.java:updateAndGet(143)) - e5ad9ec2-43b6-4ed1-8189-34962d8a433d: start LeaderElection
2019-09-26 23:42:04,284 [e5ad9ec2-43b6-4ed1-8189-34962d8a433d@group-58C16E1D8D20:LeaderElection1] INFO  impl.LeaderElection (LeaderElection.java:askForVotes(182)) - e5ad9ec2-43b6-4ed1-8189-34962d8a433d@group-58C16E1D8D20:LeaderElection1: begin an election at term 1 for -1: [e5ad9ec2-43b6-4ed1-8189-34962d8a433d:192.168.151.109:33223], old=null
2019-09-26 23:42:04,287 [e5ad9ec2-43b6-4ed1-8189-34962d8a433d@group-58C16E1D8D20:LeaderElection1] INFO  impl.RoleInfo (RoleInfo.java:shutdownLeaderElection(134)) - e5ad9ec2-43b6-4ed1-8189-34962d8a433d: shutdown LeaderElection
2019-09-26 23:42:04,288 [e5ad9ec2-43b6-4ed1-8189-34962d8a433d@group-58C16E1D8D20:LeaderElection1] INFO  impl.RaftServerImpl (RaftServerImpl.java:setRole(174)) - e5ad9ec2-43b6-4ed1-8189-34962d8a433d@group-58C16E1D8D20: changes role from CANDIDATE to LEADER at term 1 for changeToLeader
2019-09-26 23:42:04,288 [e5ad9ec2-43b6-4ed1-8189-34962d8a433d@group-58C16E1D8D20:LeaderElection1] INFO  impl.RaftServerImpl (ServerState.java:setLeader(253)) - e5ad9ec2-43b6-4ed1-8189-34962d8a433d@group-58C16E1D8D20: change Leader from null to e5ad9ec2-43b6-4ed1-8189-34962d8a433d at term 1 for becomeLeader, leader elected after 5350ms
2019-09-26 23:42:04,297 [e5ad9ec2-43b6-4ed1-8189-34962d8a433d@group-58C16E1D8D20:LeaderElection1] INFO  server.RaftServerConfigKeys (ConfUtils.java:logGet(43)) - raft.server.staging.catchup.gap = 1000 (default)
2019-09-26 23:42:04,297 [e5ad9ec2-43b6-4ed1-8189-34962d8a433d@group-58C16E1D8D20:LeaderElection1] INFO  server.RaftServerConfigKeys (ConfUtils.java:logGet(43)) - raft.server.rpc.sleep.time = 25ms (default)
2019-09-26 23:42:04,301 [e5ad9ec2-43b6-4ed1-8189-34962d8a433d@group-58C16E1D8D20:LeaderElection1] INFO  server.RaftServerConfigKeys (ConfUtils.java:logGet(43)) - raft.server.write.element-limit = 4096 (default)
2019-09-26 23:42:04,305 [e5ad9ec2-43b6-4ed1-8189-34962d8a433d@group-58C16E1D8D20:LeaderElection1] INFO  server.RaftServerConfigKeys (ConfUtils.java:logGet(43)) - raft.server.watch.timeout = 10s (default)
2019-09-26 23:42:04,305 [e5ad9ec2-43b6-4ed1-8189-34962d8a433d@group-58C16E1D8D20:LeaderElection1] INFO  server.RaftServerConfigKeys (ConfUtils.java:logGet(43)) - raft.server.watch.timeout.denomination = 1s (default)
2019-09-26 23:42:04,307 [e5ad9ec2-43b6-4ed1-8189-34962d8a433d@group-58C16E1D8D20:LeaderElection1] INFO  server.RaftServerConfigKeys (ConfUtils.java:logGet(43)) - raft.server.watch.element-limit = 65536 (default)
2019-09-26 23:42:04,323 [e5ad9ec2-43b6-4ed1-8189-34962d8a433d@group-58C16E1D8D20:LeaderElection1] INFO  impl.RoleInfo (RoleInfo.java:updateAndGet(143)) - e5ad9ec2-43b6-4ed1-8189-34962d8a433d: start LeaderState
2019-09-26 23:42:04,359 [e5ad9ec2-43b6-4ed1-8189-34962d8a433d@group-58C16E1D8D20:LeaderElection1] INFO  segmented.SegmentedRaftLogWorker (SegmentedRaftLogWorker.java:startLogSegment(380)) - e5ad9ec2-43b6-4ed1-8189-34962d8a433d@group-58C16E1D8D20-SegmentedRaftLogWorker: Starting segment from index:0
2019-09-26 23:42:04,370 [e5ad9ec2-43b6-4ed1-8189-34962d8a433d@group-58C16E1D8D20:LeaderElection1] INFO  impl.RaftServerImpl (ServerState.java:setRaftConf(354)) - e5ad9ec2-43b6-4ed1-8189-34962d8a433d@group-58C16E1D8D20: set configuration 0: [e5ad9ec2-43b6-4ed1-8189-34962d8a433d:192.168.151.109:33223], old=null at 0
2019-09-26 23:42:04,529 [Thread-288] INFO  impl.FollowerState (FollowerState.java:run(106)) - c021c5a2-d8d2-494e-ae80-bc384f6a911c:group-9C392301FDF0 changes to CANDIDATE, lastRpcTime:5188, electionTimeout:5186ms
2019-09-26 23:42:04,547 [Thread-288] INFO  impl.RoleInfo (RoleInfo.java:shutdownFollowerState(121)) - c021c5a2-d8d2-494e-ae80-bc384f6a911c: shutdown FollowerState
2019-09-26 23:42:04,547 [Thread-288] INFO  impl.RaftServerImpl (RaftServerImpl.java:setRole(174)) - c021c5a2-d8d2-494e-ae80-bc384f6a911c@group-9C392301FDF0: changes role from  FOLLOWER to CANDIDATE at term 0 for changeToCandidate
2019-09-26 23:42:04,547 [Thread-288] INFO  impl.RoleInfo (RoleInfo.java:updateAndGet(143)) - c021c5a2-d8d2-494e-ae80-bc384f6a911c: start LeaderElection
2019-09-26 23:42:04,569 [c021c5a2-d8d2-494e-ae80-bc384f6a911c@group-9C392301FDF0:LeaderElection2] INFO  impl.LeaderElection (LeaderElection.java:askForVotes(182)) - c021c5a2-d8d2-494e-ae80-bc384f6a911c@group-9C392301FDF0:LeaderElection2: begin an election at term 1 for -1: [c021c5a2-d8d2-494e-ae80-bc384f6a911c:192.168.151.109:37740], old=null
2019-09-26 23:42:04,569 [c021c5a2-d8d2-494e-ae80-bc384f6a911c@group-9C392301FDF0:LeaderElection2] INFO  impl.RoleInfo (RoleInfo.java:shutdownLeaderElection(134)) - c021c5a2-d8d2-494e-ae80-bc384f6a911c: shutdown LeaderElection
2019-09-26 23:42:04,569 [c021c5a2-d8d2-494e-ae80-bc384f6a911c@group-9C392301FDF0:LeaderElection2] INFO  impl.RaftServerImpl (RaftServerImpl.java:setRole(174)) - c021c5a2-d8d2-494e-ae80-bc384f6a911c@group-9C392301FDF0: changes role from CANDIDATE to LEADER at term 1 for changeToLeader
2019-09-26 23:42:04,569 [c021c5a2-d8d2-494e-ae80-bc384f6a911c@group-9C392301FDF0:LeaderElection2] INFO  impl.RaftServerImpl (ServerState.java:setLeader(253)) - c021c5a2-d8d2-494e-ae80-bc384f6a911c@group-9C392301FDF0: change Leader from null to c021c5a2-d8d2-494e-ae80-bc384f6a911c at term 1 for becomeLeader, leader elected after 5248ms
2019-09-26 23:42:04,570 [c021c5a2-d8d2-494e-ae80-bc384f6a911c@group-9C392301FDF0:LeaderElection2] INFO  server.RaftServerConfigKeys (ConfUtils.java:logGet(43)) - raft.server.staging.catchup.gap = 1000 (default)
2019-09-26 23:42:04,570 [c021c5a2-d8d2-494e-ae80-bc384f6a911c@group-9C392301FDF0:LeaderElection2] INFO  server.RaftServerConfigKeys (ConfUtils.java:logGet(43)) - raft.server.rpc.sleep.time = 25ms (default)
2019-09-26 23:42:04,570 [c021c5a2-d8d2-494e-ae80-bc384f6a911c@group-9C392301FDF0:LeaderElection2] INFO  server.RaftServerConfigKeys (ConfUtils.java:logGet(43)) - raft.server.write.element-limit = 4096 (default)
2019-09-26 23:42:04,570 [c021c5a2-d8d2-494e-ae80-bc384f6a911c@group-9C392301FDF0:LeaderElection2] INFO  server.RaftServerConfigKeys (ConfUtils.java:logGet(43)) - raft.server.watch.timeout = 10s (default)
2019-09-26 23:42:04,570 [c021c5a2-d8d2-494e-ae80-bc384f6a911c@group-9C392301FDF0:LeaderElection2] INFO  server.RaftServerConfigKeys (ConfUtils.java:logGet(43)) - raft.server.watch.timeout.denomination = 1s (default)
2019-09-26 23:42:04,571 [c021c5a2-d8d2-494e-ae80-bc384f6a911c@group-9C392301FDF0:LeaderElection2] INFO  server.RaftServerConfigKeys (ConfUtils.java:logGet(43)) - raft.server.watch.element-limit = 65536 (default)
2019-09-26 23:42:04,574 [c021c5a2-d8d2-494e-ae80-bc384f6a911c@group-9C392301FDF0:LeaderElection2] INFO  impl.RoleInfo (RoleInfo.java:updateAndGet(143)) - c021c5a2-d8d2-494e-ae80-bc384f6a911c: start LeaderState
2019-09-26 23:42:04,574 [c021c5a2-d8d2-494e-ae80-bc384f6a911c@group-9C392301FDF0:LeaderElection2] INFO  segmented.SegmentedRaftLogWorker (SegmentedRaftLogWorker.java:startLogSegment(380)) - c021c5a2-d8d2-494e-ae80-bc384f6a911c@group-9C392301FDF0-SegmentedRaftLogWorker: Starting segment from index:0
2019-09-26 23:42:04,575 [c021c5a2-d8d2-494e-ae80-bc384f6a911c@group-9C392301FDF0:LeaderElection2] INFO  impl.RaftServerImpl (ServerState.java:setRaftConf(354)) - c021c5a2-d8d2-494e-ae80-bc384f6a911c@group-9C392301FDF0: set configuration 0: [c021c5a2-d8d2-494e-ae80-bc384f6a911c:192.168.151.109:37740], old=null at 0
2019-09-26 23:42:04,614 [Thread-294] INFO  impl.FollowerState (FollowerState.java:run(106)) - fc06cb59-39ee-4f47-9dde-cbe0d3a3cd99:group-A6C448C1BF71 changes to CANDIDATE, lastRpcTime:5002, electionTimeout:5002ms
2019-09-26 23:42:04,617 [Thread-294] INFO  impl.RoleInfo (RoleInfo.java:shutdownFollowerState(121)) - fc06cb59-39ee-4f47-9dde-cbe0d3a3cd99: shutdown FollowerState
2019-09-26 23:42:04,617 [Thread-294] INFO  impl.RaftServerImpl (RaftServerImpl.java:setRole(174)) - fc06cb59-39ee-4f47-9dde-cbe0d3a3cd99@group-A6C448C1BF71: changes role from  FOLLOWER to CANDIDATE at term 0 for changeToCandidate
2019-09-26 23:42:04,618 [Thread-294] INFO  impl.RoleInfo (RoleInfo.java:updateAndGet(143)) - fc06cb59-39ee-4f47-9dde-cbe0d3a3cd99: start LeaderElection
2019-09-26 23:42:04,625 [e5ad9ec2-43b6-4ed1-8189-34962d8a433d@group-58C16E1D8D20-SegmentedRaftLogWorker] INFO  segmented.SegmentedRaftLogWorker (SegmentedRaftLogWorker.java:execute(569)) - e5ad9ec2-43b6-4ed1-8189-34962d8a433d@group-58C16E1D8D20-SegmentedRaftLogWorker: created new log segment /workdir/hadoop-ozone/ozonefs/target/test-dir/MiniOzoneClusterImpl-732670c7-f75b-424f-848a-3ce441686c31/datanode-2/data/ratis/ef5cf0c5-cb5d-4de1-be7b-58c16e1d8d20/current/log_inprogress_0
2019-09-26 23:42:04,625 [c021c5a2-d8d2-494e-ae80-bc384f6a911c@group-9C392301FDF0-SegmentedRaftLogWorker] INFO  segmented.SegmentedRaftLogWorker (SegmentedRaftLogWorker.java:execute(569)) - c021c5a2-d8d2-494e-ae80-bc384f6a911c@group-9C392301FDF0-SegmentedRaftLogWorker: created new log segment /workdir/hadoop-ozone/ozonefs/target/test-dir/MiniOzoneClusterImpl-732670c7-f75b-424f-848a-3ce441686c31/datanode-9/data/ratis/b952ef0e-6882-40aa-bb88-9c392301fdf0/current/log_inprogress_0
2019-09-26 23:42:04,627 [fc06cb59-39ee-4f47-9dde-cbe0d3a3cd99@group-A6C448C1BF71:LeaderElection3] INFO  impl.LeaderElection (LeaderElection.java:askForVotes(182)) - fc06cb59-39ee-4f47-9dde-cbe0d3a3cd99@group-A6C448C1BF71:LeaderElection3: begin an election at term 1 for -1: [fc06cb59-39ee-4f47-9dde-cbe0d3a3cd99:192.168.151.109:39124], old=null
2019-09-26 23:42:04,627 [fc06cb59-39ee-4f47-9dde-cbe0d3a3cd99@group-A6C448C1BF71:LeaderElection3] INFO  impl.RoleInfo (RoleInfo.java:shutdownLeaderElection(134)) - fc06cb59-39ee-4f47-9dde-cbe0d3a3cd99: shutdown LeaderElection
2019-09-26 23:42:04,627 [fc06cb59-39ee-4f47-9dde-cbe0d3a3cd99@group-A6C448C1BF71:LeaderElection3] INFO  impl.RaftServerImpl (RaftServerImpl.java:setRole(174)) - fc06cb59-39ee-4f47-9dde-cbe0d3a3cd99@group-A6C448C1BF71: changes role from CANDIDATE to LEADER at term 1 for changeToLeader
2019-09-26 23:42:04,627 [fc06cb59-39ee-4f47-9dde-cbe0d3a3cd99@group-A6C448C1BF71:LeaderElection3] INFO  impl.RaftServerImpl (ServerState.java:setLeader(253)) - fc06cb59-39ee-4f47-9dde-cbe0d3a3cd99@group-A6C448C1BF71: change Leader from null to fc06cb59-39ee-4f47-9dde-cbe0d3a3cd99 at term 1 for becomeLeader, leader elected after 5027ms
2019-09-26 23:42:04,628 [fc06cb59-39ee-4f47-9dde-cbe0d3a3cd99@group-A6C448C1BF71:LeaderElection3] INFO  server.RaftServerConfigKeys (ConfUtils.java:logGet(43)) - raft.server.staging.catchup.gap = 1000 (default)
2019-09-26 23:42:04,628 [fc06cb59-39ee-4f47-9dde-cbe0d3a3cd99@group-A6C448C1BF71:LeaderElection3] INFO  server.RaftServerConfigKeys (ConfUtils.java:logGet(43)) - raft.server.rpc.sleep.time = 25ms (default)
2019-09-26 23:42:04,628 [fc06cb59-39ee-4f47-9dde-cbe0d3a3cd99@group-A6C448C1BF71:LeaderElection3] INFO  server.RaftServerConfigKeys (ConfUtils.java:logGet(43)) - raft.server.write.element-limit = 4096 (default)
2019-09-26 23:42:04,628 [fc06cb59-39ee-4f47-9dde-cbe0d3a3cd99@group-A6C448C1BF71:LeaderElection3] INFO  server.RaftServerConfigKeys (ConfUtils.java:logGet(43)) - raft.server.watch.timeout = 10s (default)
2019-09-26 23:42:04,628 [fc06cb59-39ee-4f47-9dde-cbe0d3a3cd99@group-A6C448C1BF71:LeaderElection3] INFO  server.RaftServerConfigKeys (ConfUtils.java:logGet(43)) - raft.server.watch.timeout.denomination = 1s (default)
2019-09-26 23:42:04,628 [fc06cb59-39ee-4f47-9dde-cbe0d3a3cd99@group-A6C448C1BF71:LeaderElection3] INFO  server.RaftServerConfigKeys (ConfUtils.java:logGet(43)) - raft.server.watch.element-limit = 65536 (default)
2019-09-26 23:42:04,631 [fc06cb59-39ee-4f47-9dde-cbe0d3a3cd99@group-A6C448C1BF71:LeaderElection3] INFO  impl.RoleInfo (RoleInfo.java:updateAndGet(143)) - fc06cb59-39ee-4f47-9dde-cbe0d3a3cd99: start LeaderState
2019-09-26 23:42:04,632 [fc06cb59-39ee-4f47-9dde-cbe0d3a3cd99@group-A6C448C1BF71:LeaderElection3] INFO  segmented.SegmentedRaftLogWorker (SegmentedRaftLogWorker.java:startLogSegment(380)) - fc06cb59-39ee-4f47-9dde-cbe0d3a3cd99@group-A6C448C1BF71-SegmentedRaftLogWorker: Starting segment from index:0
2019-09-26 23:42:04,632 [fc06cb59-39ee-4f47-9dde-cbe0d3a3cd99@group-A6C448C1BF71:LeaderElection3] INFO  impl.RaftServerImpl (ServerState.java:setRaftConf(354)) - fc06cb59-39ee-4f47-9dde-cbe0d3a3cd99@group-A6C448C1BF71: set configuration 0: [fc06cb59-39ee-4f47-9dde-cbe0d3a3cd99:192.168.151.109:39124], old=null at 0
2019-09-26 23:42:04,685 [fc06cb59-39ee-4f47-9dde-cbe0d3a3cd99@group-A6C448C1BF71-SegmentedRaftLogWorker] INFO  segmented.SegmentedRaftLogWorker (SegmentedRaftLogWorker.java:execute(569)) - fc06cb59-39ee-4f47-9dde-cbe0d3a3cd99@group-A6C448C1BF71-SegmentedRaftLogWorker: created new log segment /workdir/hadoop-ozone/ozonefs/target/test-dir/MiniOzoneClusterImpl-732670c7-f75b-424f-848a-3ce441686c31/datanode-4/data/ratis/ef3c4aba-e42e-46b1-94d0-a6c448c1bf71/current/log_inprogress_0
2019-09-26 23:42:04,693 [Thread-291] INFO  impl.FollowerState (FollowerState.java:run(106)) - 851bd362-786e-47e4-b76b-6e60954f2395:group-1778A877D573 changes to CANDIDATE, lastRpcTime:5174, electionTimeout:5174ms
2019-09-26 23:42:04,693 [Thread-291] INFO  impl.RoleInfo (RoleInfo.java:shutdownFollowerState(121)) - 851bd362-786e-47e4-b76b-6e60954f2395: shutdown FollowerState
2019-09-26 23:42:04,693 [Thread-291] INFO  impl.RaftServerImpl (RaftServerImpl.java:setRole(174)) - 851bd362-786e-47e4-b76b-6e60954f2395@group-1778A877D573: changes role from  FOLLOWER to CANDIDATE at term 0 for changeToCandidate
2019-09-26 23:42:04,693 [Thread-291] INFO  impl.RoleInfo (RoleInfo.java:updateAndGet(143)) - 851bd362-786e-47e4-b76b-6e60954f2395: start LeaderElection
2019-09-26 23:42:04,710 [851bd362-786e-47e4-b76b-6e60954f2395@group-1778A877D573:LeaderElection4] INFO  impl.LeaderElection (LeaderElection.java:askForVotes(182)) - 851bd362-786e-47e4-b76b-6e60954f2395@group-1778A877D573:LeaderElection4: begin an election at term 1 for -1: [851bd362-786e-47e4-b76b-6e60954f2395:192.168.151.109:39279], old=null
2019-09-26 23:42:04,712 [851bd362-786e-47e4-b76b-6e60954f2395@group-1778A877D573:LeaderElection4] INFO  impl.RoleInfo (RoleInfo.java:shutdownLeaderElection(134)) - 851bd362-786e-47e4-b76b-6e60954f2395: shutdown LeaderElection
2019-09-26 23:42:04,713 [851bd362-786e-47e4-b76b-6e60954f2395@group-1778A877D573:LeaderElection4] INFO  impl.RaftServerImpl (RaftServerImpl.java:setRole(174)) - 851bd362-786e-47e4-b76b-6e60954f2395@group-1778A877D573: changes role from CANDIDATE to LEADER at term 1 for changeToLeader
2019-09-26 23:42:04,713 [851bd362-786e-47e4-b76b-6e60954f2395@group-1778A877D573:LeaderElection4] INFO  impl.RaftServerImpl (ServerState.java:setLeader(253)) - 851bd362-786e-47e4-b76b-6e60954f2395@group-1778A877D573: change Leader from null to 851bd362-786e-47e4-b76b-6e60954f2395 at term 1 for becomeLeader, leader elected after 5246ms
2019-09-26 23:42:04,713 [851bd362-786e-47e4-b76b-6e60954f2395@group-1778A877D573:LeaderElection4] INFO  server.RaftServerConfigKeys (ConfUtils.java:logGet(43)) - raft.server.staging.catchup.gap = 1000 (default)
2019-09-26 23:42:04,713 [851bd362-786e-47e4-b76b-6e60954f2395@group-1778A877D573:LeaderElection4] INFO  server.RaftServerConfigKeys (ConfUtils.java:logGet(43)) - raft.server.rpc.sleep.time = 25ms (default)
2019-09-26 23:42:04,713 [851bd362-786e-47e4-b76b-6e60954f2395@group-1778A877D573:LeaderElection4] INFO  server.RaftServerConfigKeys (ConfUtils.java:logGet(43)) - raft.server.write.element-limit = 4096 (default)
2019-09-26 23:42:04,713 [851bd362-786e-47e4-b76b-6e60954f2395@group-1778A877D573:LeaderElection4] INFO  server.RaftServerConfigKeys (ConfUtils.java:logGet(43)) - raft.server.watch.timeout = 10s (default)
2019-09-26 23:42:04,713 [851bd362-786e-47e4-b76b-6e60954f2395@group-1778A877D573:LeaderElection4] INFO  server.RaftServerConfigKeys (ConfUtils.java:logGet(43)) - raft.server.watch.timeout.denomination = 1s (default)
2019-09-26 23:42:04,713 [851bd362-786e-47e4-b76b-6e60954f2395@group-1778A877D573:LeaderElection4] INFO  server.RaftServerConfigKeys (ConfUtils.java:logGet(43)) - raft.server.watch.element-limit = 65536 (default)
2019-09-26 23:42:04,716 [851bd362-786e-47e4-b76b-6e60954f2395@group-1778A877D573:LeaderElection4] INFO  impl.RoleInfo (RoleInfo.java:updateAndGet(143)) - 851bd362-786e-47e4-b76b-6e60954f2395: start LeaderState
2019-09-26 23:42:04,716 [851bd362-786e-47e4-b76b-6e60954f2395@group-1778A877D573:LeaderElection4] INFO  segmented.SegmentedRaftLogWorker (SegmentedRaftLogWorker.java:startLogSegment(380)) - 851bd362-786e-47e4-b76b-6e60954f2395@group-1778A877D573-SegmentedRaftLogWorker: Starting segment from index:0
2019-09-26 23:42:04,717 [851bd362-786e-47e4-b76b-6e60954f2395@group-1778A877D573:LeaderElection4] INFO  impl.RaftServerImpl (ServerState.java:setRaftConf(354)) - 851bd362-786e-47e4-b76b-6e60954f2395@group-1778A877D573: set configuration 0: [851bd362-786e-47e4-b76b-6e60954f2395:192.168.151.109:39279], old=null at 0
2019-09-26 23:42:04,772 [851bd362-786e-47e4-b76b-6e60954f2395@group-1778A877D573-SegmentedRaftLogWorker] INFO  segmented.SegmentedRaftLogWorker (SegmentedRaftLogWorker.java:execute(569)) - 851bd362-786e-47e4-b76b-6e60954f2395@group-1778A877D573-SegmentedRaftLogWorker: created new log segment /workdir/hadoop-ozone/ozonefs/target/test-dir/MiniOzoneClusterImpl-732670c7-f75b-424f-848a-3ce441686c31/datanode-0/data/ratis/e20bd7f9-6fc6-4d35-b3e0-1778a877d573/current/log_inprogress_0
2019-09-26 23:42:04,789 [Thread-297] INFO  impl.FollowerState (FollowerState.java:run(106)) - 1e248264-0a57-4cd2-bcd2-8134f948d94e:group-6AF14087493C changes to CANDIDATE, lastRpcTime:5076, electionTimeout:5076ms
2019-09-26 23:42:04,790 [Thread-297] INFO  impl.RoleInfo (RoleInfo.java:shutdownFollowerState(121)) - 1e248264-0a57-4cd2-bcd2-8134f948d94e: shutdown FollowerState
2019-09-26 23:42:04,790 [Thread-297] INFO  impl.RaftServerImpl (RaftServerImpl.java:setRole(174)) - 1e248264-0a57-4cd2-bcd2-8134f948d94e@group-6AF14087493C: changes role from  FOLLOWER to CANDIDATE at term 0 for changeToCandidate
2019-09-26 23:42:04,790 [Thread-297] INFO  impl.RoleInfo (RoleInfo.java:updateAndGet(143)) - 1e248264-0a57-4cd2-bcd2-8134f948d94e: start LeaderElection
2019-09-26 23:42:04,808 [Thread-300] INFO  impl.FollowerState (FollowerState.java:run(106)) - 65e91836-b75a-4544-83ee-502e3b7b211d:group-8E58A621EA84 changes to CANDIDATE, lastRpcTime:5004, electionTimeout:5004ms
2019-09-26 23:42:04,808 [Thread-300] INFO  impl.RoleInfo (RoleInfo.java:shutdownFollowerState(121)) - 65e91836-b75a-4544-83ee-502e3b7b211d: shutdown FollowerState
2019-09-26 23:42:04,808 [Thread-300] INFO  impl.RaftServerImpl (RaftServerImpl.java:setRole(174)) - 65e91836-b75a-4544-83ee-502e3b7b211d@group-8E58A621EA84: changes role from  FOLLOWER to CANDIDATE at term 0 for changeToCandidate
2019-09-26 23:42:04,808 [Thread-300] INFO  impl.RoleInfo (RoleInfo.java:updateAndGet(143)) - 65e91836-b75a-4544-83ee-502e3b7b211d: start LeaderElection
2019-09-26 23:42:04,809 [1e248264-0a57-4cd2-bcd2-8134f948d94e@group-6AF14087493C:LeaderElection5] INFO  impl.LeaderElection (LeaderElection.java:askForVotes(182)) - 1e248264-0a57-4cd2-bcd2-8134f948d94e@group-6AF14087493C:LeaderElection5: begin an election at term 1 for -1: [1e248264-0a57-4cd2-bcd2-8134f948d94e:192.168.151.109:34639], old=null
2019-09-26 23:42:04,813 [1e248264-0a57-4cd2-bcd2-8134f948d94e@group-6AF14087493C:LeaderElection5] INFO  impl.RoleInfo (RoleInfo.java:shutdownLeaderElection(134)) - 1e248264-0a57-4cd2-bcd2-8134f948d94e: shutdown LeaderElection
2019-09-26 23:42:04,814 [1e248264-0a57-4cd2-bcd2-8134f948d94e@group-6AF14087493C:LeaderElection5] INFO  impl.RaftServerImpl (RaftServerImpl.java:setRole(174)) - 1e248264-0a57-4cd2-bcd2-8134f948d94e@group-6AF14087493C: changes role from CANDIDATE to LEADER at term 1 for changeToLeader
2019-09-26 23:42:04,814 [1e248264-0a57-4cd2-bcd2-8134f948d94e@group-6AF14087493C:LeaderElection5] INFO  impl.RaftServerImpl (ServerState.java:setLeader(253)) - 1e248264-0a57-4cd2-bcd2-8134f948d94e@group-6AF14087493C: change Leader from null to 1e248264-0a57-4cd2-bcd2-8134f948d94e at term 1 for becomeLeader, leader elected after 5111ms
2019-09-26 23:42:04,814 [1e248264-0a57-4cd2-bcd2-8134f948d94e@group-6AF14087493C:LeaderElection5] INFO  server.RaftServerConfigKeys (ConfUtils.java:logGet(43)) - raft.server.staging.catchup.gap = 1000 (default)
2019-09-26 23:42:04,814 [1e248264-0a57-4cd2-bcd2-8134f948d94e@group-6AF14087493C:LeaderElection5] INFO  server.RaftServerConfigKeys (ConfUtils.java:logGet(43)) - raft.server.rpc.sleep.time = 25ms (default)
2019-09-26 23:42:04,814 [1e248264-0a57-4cd2-bcd2-8134f948d94e@group-6AF14087493C:LeaderElection5] INFO  server.RaftServerConfigKeys (ConfUtils.java:logGet(43)) - raft.server.write.element-limit = 4096 (default)
2019-09-26 23:42:04,815 [1e248264-0a57-4cd2-bcd2-8134f948d94e@group-6AF14087493C:LeaderElection5] INFO  server.RaftServerConfigKeys (ConfUtils.java:logGet(43)) - raft.server.watch.timeout = 10s (default)
2019-09-26 23:42:04,815 [1e248264-0a57-4cd2-bcd2-8134f948d94e@group-6AF14087493C:LeaderElection5] INFO  server.RaftServerConfigKeys (ConfUtils.java:logGet(43)) - raft.server.watch.timeout.denomination = 1s (default)
2019-09-26 23:42:04,817 [1e248264-0a57-4cd2-bcd2-8134f948d94e@group-6AF14087493C:LeaderElection5] INFO  server.RaftServerConfigKeys (ConfUtils.java:logGet(43)) - raft.server.watch.element-limit = 65536 (default)
2019-09-26 23:42:04,821 [1e248264-0a57-4cd2-bcd2-8134f948d94e@group-6AF14087493C:LeaderElection5] INFO  impl.RoleInfo (RoleInfo.java:updateAndGet(143)) - 1e248264-0a57-4cd2-bcd2-8134f948d94e: start LeaderState
2019-09-26 23:42:04,821 [1e248264-0a57-4cd2-bcd2-8134f948d94e@group-6AF14087493C:LeaderElection5] INFO  segmented.SegmentedRaftLogWorker (SegmentedRaftLogWorker.java:startLogSegment(380)) - 1e248264-0a57-4cd2-bcd2-8134f948d94e@group-6AF14087493C-SegmentedRaftLogWorker: Starting segment from index:0
2019-09-26 23:42:04,822 [1e248264-0a57-4cd2-bcd2-8134f948d94e@group-6AF14087493C:LeaderElection5] INFO  impl.RaftServerImpl (ServerState.java:setRaftConf(354)) - 1e248264-0a57-4cd2-bcd2-8134f948d94e@group-6AF14087493C: set configuration 0: [1e248264-0a57-4cd2-bcd2-8134f948d94e:192.168.151.109:34639], old=null at 0
2019-09-26 23:42:04,859 [65e91836-b75a-4544-83ee-502e3b7b211d@group-8E58A621EA84:LeaderElection6] INFO  impl.LeaderElection (LeaderElection.java:askForVotes(182)) - 65e91836-b75a-4544-83ee-502e3b7b211d@group-8E58A621EA84:LeaderElection6: begin an election at term 1 for -1: [65e91836-b75a-4544-83ee-502e3b7b211d:192.168.151.109:38455], old=null
2019-09-26 23:42:04,859 [65e91836-b75a-4544-83ee-502e3b7b211d@group-8E58A621EA84:LeaderElection6] INFO  impl.RoleInfo (RoleInfo.java:shutdownLeaderElection(134)) - 65e91836-b75a-4544-83ee-502e3b7b211d: shutdown LeaderElection
2019-09-26 23:42:04,860 [65e91836-b75a-4544-83ee-502e3b7b211d@group-8E58A621EA84:LeaderElection6] INFO  impl.RaftServerImpl (RaftServerImpl.java:setRole(174)) - 65e91836-b75a-4544-83ee-502e3b7b211d@group-8E58A621EA84: changes role from CANDIDATE to LEADER at term 1 for changeToLeader
2019-09-26 23:42:04,860 [65e91836-b75a-4544-83ee-502e3b7b211d@group-8E58A621EA84:LeaderElection6] INFO  impl.RaftServerImpl (ServerState.java:setLeader(253)) - 65e91836-b75a-4544-83ee-502e3b7b211d@group-8E58A621EA84: change Leader from null to 65e91836-b75a-4544-83ee-502e3b7b211d at term 1 for becomeLeader, leader elected after 5069ms
2019-09-26 23:42:04,860 [65e91836-b75a-4544-83ee-502e3b7b211d@group-8E58A621EA84:LeaderElection6] INFO  server.RaftServerConfigKeys (ConfUtils.java:logGet(43)) - raft.server.staging.catchup.gap = 1000 (default)
2019-09-26 23:42:04,860 [65e91836-b75a-4544-83ee-502e3b7b211d@group-8E58A621EA84:LeaderElection6] INFO  server.RaftServerConfigKeys (ConfUtils.java:logGet(43)) - raft.server.rpc.sleep.time = 25ms (default)
2019-09-26 23:42:04,868 [65e91836-b75a-4544-83ee-502e3b7b211d@group-8E58A621EA84:LeaderElection6] INFO  server.RaftServerConfigKeys (ConfUtils.java:logGet(43)) - raft.server.write.element-limit = 4096 (default)
2019-09-26 23:42:04,868 [65e91836-b75a-4544-83ee-502e3b7b211d@group-8E58A621EA84:LeaderElection6] INFO  server.RaftServerConfigKeys (ConfUtils.java:logGet(43)) - raft.server.watch.timeout = 10s (default)
2019-09-26 23:42:04,868 [65e91836-b75a-4544-83ee-502e3b7b211d@group-8E58A621EA84:LeaderElection6] INFO  server.RaftServerConfigKeys (ConfUtils.java:logGet(43)) - raft.server.watch.timeout.denomination = 1s (default)
2019-09-26 23:42:04,868 [65e91836-b75a-4544-83ee-502e3b7b211d@group-8E58A621EA84:LeaderElection6] INFO  server.RaftServerConfigKeys (ConfUtils.java:logGet(43)) - raft.server.watch.element-limit = 65536 (default)
2019-09-26 23:42:04,872 [65e91836-b75a-4544-83ee-502e3b7b211d@group-8E58A621EA84:LeaderElection6] INFO  impl.RoleInfo (RoleInfo.java:updateAndGet(143)) - 65e91836-b75a-4544-83ee-502e3b7b211d: start LeaderState
2019-09-26 23:42:04,872 [1e248264-0a57-4cd2-bcd2-8134f948d94e@group-6AF14087493C-SegmentedRaftLogWorker] INFO  segmented.SegmentedRaftLogWorker (SegmentedRaftLogWorker.java:execute(569)) - 1e248264-0a57-4cd2-bcd2-8134f948d94e@group-6AF14087493C-SegmentedRaftLogWorker: created new log segment /workdir/hadoop-ozone/ozonefs/target/test-dir/MiniOzoneClusterImpl-732670c7-f75b-424f-848a-3ce441686c31/datanode-6/data/ratis/90c91516-6c2f-4aae-8de3-6af14087493c/current/log_inprogress_0
2019-09-26 23:42:04,872 [65e91836-b75a-4544-83ee-502e3b7b211d@group-8E58A621EA84:LeaderElection6] INFO  segmented.SegmentedRaftLogWorker (SegmentedRaftLogWorker.java:startLogSegment(380)) - 65e91836-b75a-4544-83ee-502e3b7b211d@group-8E58A621EA84-SegmentedRaftLogWorker: Starting segment from index:0
2019-09-26 23:42:04,873 [65e91836-b75a-4544-83ee-502e3b7b211d@group-8E58A621EA84:LeaderElection6] INFO  impl.RaftServerImpl (ServerState.java:setRaftConf(354)) - 65e91836-b75a-4544-83ee-502e3b7b211d@group-8E58A621EA84: set configuration 0: [65e91836-b75a-4544-83ee-502e3b7b211d:192.168.151.109:38455], old=null at 0
2019-09-26 23:42:04,928 [65e91836-b75a-4544-83ee-502e3b7b211d@group-8E58A621EA84-SegmentedRaftLogWorker] INFO  segmented.SegmentedRaftLogWorker (SegmentedRaftLogWorker.java:execute(569)) - 65e91836-b75a-4544-83ee-502e3b7b211d@group-8E58A621EA84-SegmentedRaftLogWorker: created new log segment /workdir/hadoop-ozone/ozonefs/target/test-dir/MiniOzoneClusterImpl-732670c7-f75b-424f-848a-3ce441686c31/datanode-7/data/ratis/c5bd5ab4-750f-48f4-a210-8e58a621ea84/current/log_inprogress_0
2019-09-26 23:42:04,968 [Thread-303] INFO  impl.FollowerState (FollowerState.java:run(106)) - 60963438-63b2-41a0-8acf-c4371cc0aece:group-92D8621D4FD8 changes to CANDIDATE, lastRpcTime:5075, electionTimeout:5075ms
2019-09-26 23:42:04,969 [Thread-303] INFO  impl.RoleInfo (RoleInfo.java:shutdownFollowerState(121)) - 60963438-63b2-41a0-8acf-c4371cc0aece: shutdown FollowerState
2019-09-26 23:42:04,969 [Thread-303] INFO  impl.RaftServerImpl (RaftServerImpl.java:setRole(174)) - 60963438-63b2-41a0-8acf-c4371cc0aece@group-92D8621D4FD8: changes role from  FOLLOWER to CANDIDATE at term 0 for changeToCandidate
2019-09-26 23:42:04,969 [Thread-303] INFO  impl.RoleInfo (RoleInfo.java:updateAndGet(143)) - 60963438-63b2-41a0-8acf-c4371cc0aece: start LeaderElection
2019-09-26 23:42:04,989 [60963438-63b2-41a0-8acf-c4371cc0aece@group-92D8621D4FD8:LeaderElection7] INFO  impl.LeaderElection (LeaderElection.java:askForVotes(182)) - 60963438-63b2-41a0-8acf-c4371cc0aece@group-92D8621D4FD8:LeaderElection7: begin an election at term 1 for -1: [60963438-63b2-41a0-8acf-c4371cc0aece:192.168.151.109:45167], old=null
2019-09-26 23:42:04,989 [60963438-63b2-41a0-8acf-c4371cc0aece@group-92D8621D4FD8:LeaderElection7] INFO  impl.RoleInfo (RoleInfo.java:shutdownLeaderElection(134)) - 60963438-63b2-41a0-8acf-c4371cc0aece: shutdown LeaderElection
2019-09-26 23:42:04,989 [60963438-63b2-41a0-8acf-c4371cc0aece@group-92D8621D4FD8:LeaderElection7] INFO  impl.RaftServerImpl (RaftServerImpl.java:setRole(174)) - 60963438-63b2-41a0-8acf-c4371cc0aece@group-92D8621D4FD8: changes role from CANDIDATE to LEADER at term 1 for changeToLeader
2019-09-26 23:42:04,989 [60963438-63b2-41a0-8acf-c4371cc0aece@group-92D8621D4FD8:LeaderElection7] INFO  impl.RaftServerImpl (ServerState.java:setLeader(253)) - 60963438-63b2-41a0-8acf-c4371cc0aece@group-92D8621D4FD8: change Leader from null to 60963438-63b2-41a0-8acf-c4371cc0aece at term 1 for becomeLeader, leader elected after 5104ms
2019-09-26 23:42:04,989 [60963438-63b2-41a0-8acf-c4371cc0aece@group-92D8621D4FD8:LeaderElection7] INFO  server.RaftServerConfigKeys (ConfUtils.java:logGet(43)) - raft.server.staging.catchup.gap = 1000 (default)
2019-09-26 23:42:04,990 [60963438-63b2-41a0-8acf-c4371cc0aece@group-92D8621D4FD8:LeaderElection7] INFO  server.RaftServerConfigKeys (ConfUtils.java:logGet(43)) - raft.server.rpc.sleep.time = 25ms (default)
2019-09-26 23:42:04,990 [60963438-63b2-41a0-8acf-c4371cc0aece@group-92D8621D4FD8:LeaderElection7] INFO  server.RaftServerConfigKeys (ConfUtils.java:logGet(43)) - raft.server.write.element-limit = 4096 (default)
2019-09-26 23:42:04,990 [60963438-63b2-41a0-8acf-c4371cc0aece@group-92D8621D4FD8:LeaderElection7] INFO  server.RaftServerConfigKeys (ConfUtils.java:logGet(43)) - raft.server.watch.timeout = 10s (default)
2019-09-26 23:42:04,990 [60963438-63b2-41a0-8acf-c4371cc0aece@group-92D8621D4FD8:LeaderElection7] INFO  server.RaftServerConfigKeys (ConfUtils.java:logGet(43)) - raft.server.watch.timeout.denomination = 1s (default)
2019-09-26 23:42:04,990 [60963438-63b2-41a0-8acf-c4371cc0aece@group-92D8621D4FD8:LeaderElection7] INFO  server.RaftServerConfigKeys (ConfUtils.java:logGet(43)) - raft.server.watch.element-limit = 65536 (default)
2019-09-26 23:42:04,994 [60963438-63b2-41a0-8acf-c4371cc0aece@group-92D8621D4FD8:LeaderElection7] INFO  impl.RoleInfo (RoleInfo.java:updateAndGet(143)) - 60963438-63b2-41a0-8acf-c4371cc0aece: start LeaderState
2019-09-26 23:42:04,994 [60963438-63b2-41a0-8acf-c4371cc0aece@group-92D8621D4FD8:LeaderElection7] INFO  segmented.SegmentedRaftLogWorker (SegmentedRaftLogWorker.java:startLogSegment(380)) - 60963438-63b2-41a0-8acf-c4371cc0aece@group-92D8621D4FD8-SegmentedRaftLogWorker: Starting segment from index:0
2019-09-26 23:42:04,995 [60963438-63b2-41a0-8acf-c4371cc0aece@group-92D8621D4FD8:LeaderElection7] INFO  impl.RaftServerImpl (ServerState.java:setRaftConf(354)) - 60963438-63b2-41a0-8acf-c4371cc0aece@group-92D8621D4FD8: set configuration 0: [60963438-63b2-41a0-8acf-c4371cc0aece:192.168.151.109:45167], old=null at 0
2019-09-26 23:42:05,036 [Thread-306] INFO  impl.FollowerState (FollowerState.java:run(106)) - 9671e2fb-19cf-4d94-83a6-d109edb687a3:group-82BDA2BE778A changes to CANDIDATE, lastRpcTime:5049, electionTimeout:5047ms
2019-09-26 23:42:05,036 [Thread-306] INFO  impl.RoleInfo (RoleInfo.java:shutdownFollowerState(121)) - 9671e2fb-19cf-4d94-83a6-d109edb687a3: shutdown FollowerState
2019-09-26 23:42:05,036 [Thread-306] INFO  impl.RaftServerImpl (RaftServerImpl.java:setRole(174)) - 9671e2fb-19cf-4d94-83a6-d109edb687a3@group-82BDA2BE778A: changes role from  FOLLOWER to CANDIDATE at term 0 for changeToCandidate
2019-09-26 23:42:05,037 [Thread-306] INFO  impl.RoleInfo (RoleInfo.java:updateAndGet(143)) - 9671e2fb-19cf-4d94-83a6-d109edb687a3: start LeaderElection
2019-09-26 23:42:05,049 [60963438-63b2-41a0-8acf-c4371cc0aece@group-92D8621D4FD8-SegmentedRaftLogWorker] INFO  segmented.SegmentedRaftLogWorker (SegmentedRaftLogWorker.java:execute(569)) - 60963438-63b2-41a0-8acf-c4371cc0aece@group-92D8621D4FD8-SegmentedRaftLogWorker: created new log segment /workdir/hadoop-ozone/ozonefs/target/test-dir/MiniOzoneClusterImpl-732670c7-f75b-424f-848a-3ce441686c31/datanode-1/data/ratis/05ea9427-5b8d-47d3-9344-92d8621d4fd8/current/log_inprogress_0
2019-09-26 23:42:05,049 [9671e2fb-19cf-4d94-83a6-d109edb687a3@group-82BDA2BE778A:LeaderElection8] INFO  impl.LeaderElection (LeaderElection.java:askForVotes(182)) - 9671e2fb-19cf-4d94-83a6-d109edb687a3@group-82BDA2BE778A:LeaderElection8: begin an election at term 1 for -1: [9671e2fb-19cf-4d94-83a6-d109edb687a3:192.168.151.109:46144], old=null
2019-09-26 23:42:05,049 [9671e2fb-19cf-4d94-83a6-d109edb687a3@group-82BDA2BE778A:LeaderElection8] INFO  impl.RoleInfo (RoleInfo.java:shutdownLeaderElection(134)) - 9671e2fb-19cf-4d94-83a6-d109edb687a3: shutdown LeaderElection
2019-09-26 23:42:05,049 [9671e2fb-19cf-4d94-83a6-d109edb687a3@group-82BDA2BE778A:LeaderElection8] INFO  impl.RaftServerImpl (RaftServerImpl.java:setRole(174)) - 9671e2fb-19cf-4d94-83a6-d109edb687a3@group-82BDA2BE778A: changes role from CANDIDATE to LEADER at term 1 for changeToLeader
2019-09-26 23:42:05,049 [9671e2fb-19cf-4d94-83a6-d109edb687a3@group-82BDA2BE778A:LeaderElection8] INFO  impl.RaftServerImpl (ServerState.java:setLeader(253)) - 9671e2fb-19cf-4d94-83a6-d109edb687a3@group-82BDA2BE778A: change Leader from null to 9671e2fb-19cf-4d94-83a6-d109edb687a3 at term 1 for becomeLeader, leader elected after 5074ms
2019-09-26 23:42:05,050 [9671e2fb-19cf-4d94-83a6-d109edb687a3@group-82BDA2BE778A:LeaderElection8] INFO  server.RaftServerConfigKeys (ConfUtils.java:logGet(43)) - raft.server.staging.catchup.gap = 1000 (default)
2019-09-26 23:42:05,050 [9671e2fb-19cf-4d94-83a6-d109edb687a3@group-82BDA2BE778A:LeaderElection8] INFO  server.RaftServerConfigKeys (ConfUtils.java:logGet(43)) - raft.server.rpc.sleep.time = 25ms (default)
2019-09-26 23:42:05,050 [9671e2fb-19cf-4d94-83a6-d109edb687a3@group-82BDA2BE778A:LeaderElection8] INFO  server.RaftServerConfigKeys (ConfUtils.java:logGet(43)) - raft.server.write.element-limit = 4096 (default)
2019-09-26 23:42:05,050 [9671e2fb-19cf-4d94-83a6-d109edb687a3@group-82BDA2BE778A:LeaderElection8] INFO  server.RaftServerConfigKeys (ConfUtils.java:logGet(43)) - raft.server.watch.timeout = 10s (default)
2019-09-26 23:42:05,051 [9671e2fb-19cf-4d94-83a6-d109edb687a3@group-82BDA2BE778A:LeaderElection8] INFO  server.RaftServerConfigKeys (ConfUtils.java:logGet(43)) - raft.server.watch.timeout.denomination = 1s (default)
2019-09-26 23:42:05,051 [9671e2fb-19cf-4d94-83a6-d109edb687a3@group-82BDA2BE778A:LeaderElection8] INFO  server.RaftServerConfigKeys (ConfUtils.java:logGet(43)) - raft.server.watch.element-limit = 65536 (default)
2019-09-26 23:42:05,055 [9671e2fb-19cf-4d94-83a6-d109edb687a3@group-82BDA2BE778A:LeaderElection8] INFO  impl.RoleInfo (RoleInfo.java:updateAndGet(143)) - 9671e2fb-19cf-4d94-83a6-d109edb687a3: start LeaderState
2019-09-26 23:42:05,055 [9671e2fb-19cf-4d94-83a6-d109edb687a3@group-82BDA2BE778A:LeaderElection8] INFO  segmented.SegmentedRaftLogWorker (SegmentedRaftLogWorker.java:startLogSegment(380)) - 9671e2fb-19cf-4d94-83a6-d109edb687a3@group-82BDA2BE778A-SegmentedRaftLogWorker: Starting segment from index:0
2019-09-26 23:42:05,056 [9671e2fb-19cf-4d94-83a6-d109edb687a3@group-82BDA2BE778A:LeaderElection8] INFO  impl.RaftServerImpl (ServerState.java:setRaftConf(354)) - 9671e2fb-19cf-4d94-83a6-d109edb687a3@group-82BDA2BE778A: set configuration 0: [9671e2fb-19cf-4d94-83a6-d109edb687a3:192.168.151.109:46144], old=null at 0
2019-09-26 23:42:05,097 [main] INFO  ipc.Client (Client.java:handleConnectionFailure(948)) - Retrying connect to server: localhost/127.0.0.1:0. Already tried 4 time(s); retry policy is RetryUpToMaximumCountWithFixedSleep(maxRetries=10, sleepTime=1000 MILLISECONDS)
2019-09-26 23:42:05,109 [9671e2fb-19cf-4d94-83a6-d109edb687a3@group-82BDA2BE778A-SegmentedRaftLogWorker] INFO  segmented.SegmentedRaftLogWorker (SegmentedRaftLogWorker.java:execute(569)) - 9671e2fb-19cf-4d94-83a6-d109edb687a3@group-82BDA2BE778A-SegmentedRaftLogWorker: created new log segment /workdir/hadoop-ozone/ozonefs/target/test-dir/MiniOzoneClusterImpl-732670c7-f75b-424f-848a-3ce441686c31/datanode-3/data/ratis/c12ba5ec-2bb3-4781-9bc8-82bda2be778a/current/log_inprogress_0
2019-09-26 23:42:05,163 [Thread-310] INFO  impl.FollowerState (FollowerState.java:run(106)) - 5b82487c-0b6e-45f1-9b19-ee8d86ea6de1:group-6A8E168F9972 changes to CANDIDATE, lastRpcTime:5086, electionTimeout:5086ms
2019-09-26 23:42:05,164 [Thread-310] INFO  impl.RoleInfo (RoleInfo.java:shutdownFollowerState(121)) - 5b82487c-0b6e-45f1-9b19-ee8d86ea6de1: shutdown FollowerState
2019-09-26 23:42:05,164 [Thread-310] INFO  impl.RaftServerImpl (RaftServerImpl.java:setRole(174)) - 5b82487c-0b6e-45f1-9b19-ee8d86ea6de1@group-6A8E168F9972: changes role from  FOLLOWER to CANDIDATE at term 0 for changeToCandidate
2019-09-26 23:42:05,164 [Thread-310] INFO  impl.RoleInfo (RoleInfo.java:updateAndGet(143)) - 5b82487c-0b6e-45f1-9b19-ee8d86ea6de1: start LeaderElection
2019-09-26 23:42:05,184 [5b82487c-0b6e-45f1-9b19-ee8d86ea6de1@group-6A8E168F9972:LeaderElection9] INFO  impl.LeaderElection (LeaderElection.java:askForVotes(182)) - 5b82487c-0b6e-45f1-9b19-ee8d86ea6de1@group-6A8E168F9972:LeaderElection9: begin an election at term 1 for -1: [5b82487c-0b6e-45f1-9b19-ee8d86ea6de1:192.168.151.109:43751], old=null
2019-09-26 23:42:05,184 [5b82487c-0b6e-45f1-9b19-ee8d86ea6de1@group-6A8E168F9972:LeaderElection9] INFO  impl.RoleInfo (RoleInfo.java:shutdownLeaderElection(134)) - 5b82487c-0b6e-45f1-9b19-ee8d86ea6de1: shutdown LeaderElection
2019-09-26 23:42:05,184 [5b82487c-0b6e-45f1-9b19-ee8d86ea6de1@group-6A8E168F9972:LeaderElection9] INFO  impl.RaftServerImpl (RaftServerImpl.java:setRole(174)) - 5b82487c-0b6e-45f1-9b19-ee8d86ea6de1@group-6A8E168F9972: changes role from CANDIDATE to LEADER at term 1 for changeToLeader
2019-09-26 23:42:05,185 [5b82487c-0b6e-45f1-9b19-ee8d86ea6de1@group-6A8E168F9972:LeaderElection9] INFO  impl.RaftServerImpl (ServerState.java:setLeader(253)) - 5b82487c-0b6e-45f1-9b19-ee8d86ea6de1@group-6A8E168F9972: change Leader from null to 5b82487c-0b6e-45f1-9b19-ee8d86ea6de1 at term 1 for becomeLeader, leader elected after 5118ms
2019-09-26 23:42:05,185 [5b82487c-0b6e-45f1-9b19-ee8d86ea6de1@group-6A8E168F9972:LeaderElection9] INFO  server.RaftServerConfigKeys (ConfUtils.java:logGet(43)) - raft.server.staging.catchup.gap = 1000 (default)
2019-09-26 23:42:05,185 [5b82487c-0b6e-45f1-9b19-ee8d86ea6de1@group-6A8E168F9972:LeaderElection9] INFO  server.RaftServerConfigKeys (ConfUtils.java:logGet(43)) - raft.server.rpc.sleep.time = 25ms (default)
2019-09-26 23:42:05,185 [5b82487c-0b6e-45f1-9b19-ee8d86ea6de1@group-6A8E168F9972:LeaderElection9] INFO  server.RaftServerConfigKeys (ConfUtils.java:logGet(43)) - raft.server.write.element-limit = 4096 (default)
2019-09-26 23:42:05,186 [5b82487c-0b6e-45f1-9b19-ee8d86ea6de1@group-6A8E168F9972:LeaderElection9] INFO  server.RaftServerConfigKeys (ConfUtils.java:logGet(43)) - raft.server.watch.timeout = 10s (default)
2019-09-26 23:42:05,186 [5b82487c-0b6e-45f1-9b19-ee8d86ea6de1@group-6A8E168F9972:LeaderElection9] INFO  server.RaftServerConfigKeys (ConfUtils.java:logGet(43)) - raft.server.watch.timeout.denomination = 1s (default)
2019-09-26 23:42:05,186 [5b82487c-0b6e-45f1-9b19-ee8d86ea6de1@group-6A8E168F9972:LeaderElection9] INFO  server.RaftServerConfigKeys (ConfUtils.java:logGet(43)) - raft.server.watch.element-limit = 65536 (default)
2019-09-26 23:42:05,190 [5b82487c-0b6e-45f1-9b19-ee8d86ea6de1@group-6A8E168F9972:LeaderElection9] INFO  impl.RoleInfo (RoleInfo.java:updateAndGet(143)) - 5b82487c-0b6e-45f1-9b19-ee8d86ea6de1: start LeaderState
2019-09-26 23:42:05,190 [5b82487c-0b6e-45f1-9b19-ee8d86ea6de1@group-6A8E168F9972:LeaderElection9] INFO  segmented.SegmentedRaftLogWorker (SegmentedRaftLogWorker.java:startLogSegment(380)) - 5b82487c-0b6e-45f1-9b19-ee8d86ea6de1@group-6A8E168F9972-SegmentedRaftLogWorker: Starting segment from index:0
2019-09-26 23:42:05,191 [5b82487c-0b6e-45f1-9b19-ee8d86ea6de1@group-6A8E168F9972:LeaderElection9] INFO  impl.RaftServerImpl (ServerState.java:setRaftConf(354)) - 5b82487c-0b6e-45f1-9b19-ee8d86ea6de1@group-6A8E168F9972: set configuration 0: [5b82487c-0b6e-45f1-9b19-ee8d86ea6de1:192.168.151.109:43751], old=null at 0
2019-09-26 23:42:05,244 [5b82487c-0b6e-45f1-9b19-ee8d86ea6de1@group-6A8E168F9972-SegmentedRaftLogWorker] INFO  segmented.SegmentedRaftLogWorker (SegmentedRaftLogWorker.java:execute(569)) - 5b82487c-0b6e-45f1-9b19-ee8d86ea6de1@group-6A8E168F9972-SegmentedRaftLogWorker: created new log segment /workdir/hadoop-ozone/ozonefs/target/test-dir/MiniOzoneClusterImpl-732670c7-f75b-424f-848a-3ce441686c31/datanode-8/data/ratis/9549a26c-0280-4b08-917b-6a8e168f9972/current/log_inprogress_0
2019-09-26 23:42:05,359 [Thread-313] INFO  impl.FollowerState (FollowerState.java:run(106)) - b52e39db-c2d0-40de-8fee-40e15cba9af1:group-7427F1D5AE40 changes to CANDIDATE, lastRpcTime:5166, electionTimeout:5166ms
2019-09-26 23:42:05,359 [Thread-313] INFO  impl.RoleInfo (RoleInfo.java:shutdownFollowerState(121)) - b52e39db-c2d0-40de-8fee-40e15cba9af1: shutdown FollowerState
2019-09-26 23:42:05,359 [Thread-313] INFO  impl.RaftServerImpl (RaftServerImpl.java:setRole(174)) - b52e39db-c2d0-40de-8fee-40e15cba9af1@group-7427F1D5AE40: changes role from  FOLLOWER to CANDIDATE at term 0 for changeToCandidate
2019-09-26 23:42:05,360 [Thread-313] INFO  impl.RoleInfo (RoleInfo.java:updateAndGet(143)) - b52e39db-c2d0-40de-8fee-40e15cba9af1: start LeaderElection
2019-09-26 23:42:05,376 [b52e39db-c2d0-40de-8fee-40e15cba9af1@group-7427F1D5AE40:LeaderElection10] INFO  impl.LeaderElection (LeaderElection.java:askForVotes(182)) - b52e39db-c2d0-40de-8fee-40e15cba9af1@group-7427F1D5AE40:LeaderElection10: begin an election at term 1 for -1: [b52e39db-c2d0-40de-8fee-40e15cba9af1:192.168.151.109:42236], old=null
2019-09-26 23:42:05,377 [b52e39db-c2d0-40de-8fee-40e15cba9af1@group-7427F1D5AE40:LeaderElection10] INFO  impl.RoleInfo (RoleInfo.java:shutdownLeaderElection(134)) - b52e39db-c2d0-40de-8fee-40e15cba9af1: shutdown LeaderElection
2019-09-26 23:42:05,377 [b52e39db-c2d0-40de-8fee-40e15cba9af1@group-7427F1D5AE40:LeaderElection10] INFO  impl.RaftServerImpl (RaftServerImpl.java:setRole(174)) - b52e39db-c2d0-40de-8fee-40e15cba9af1@group-7427F1D5AE40: changes role from CANDIDATE to LEADER at term 1 for changeToLeader
2019-09-26 23:42:05,377 [b52e39db-c2d0-40de-8fee-40e15cba9af1@group-7427F1D5AE40:LeaderElection10] INFO  impl.RaftServerImpl (ServerState.java:setLeader(253)) - b52e39db-c2d0-40de-8fee-40e15cba9af1@group-7427F1D5AE40: change Leader from null to b52e39db-c2d0-40de-8fee-40e15cba9af1 at term 1 for becomeLeader, leader elected after 5194ms
2019-09-26 23:42:05,377 [b52e39db-c2d0-40de-8fee-40e15cba9af1@group-7427F1D5AE40:LeaderElection10] INFO  server.RaftServerConfigKeys (ConfUtils.java:logGet(43)) - raft.server.staging.catchup.gap = 1000 (default)
2019-09-26 23:42:05,378 [b52e39db-c2d0-40de-8fee-40e15cba9af1@group-7427F1D5AE40:LeaderElection10] INFO  server.RaftServerConfigKeys (ConfUtils.java:logGet(43)) - raft.server.rpc.sleep.time = 25ms (default)
2019-09-26 23:42:05,378 [b52e39db-c2d0-40de-8fee-40e15cba9af1@group-7427F1D5AE40:LeaderElection10] INFO  server.RaftServerConfigKeys (ConfUtils.java:logGet(43)) - raft.server.write.element-limit = 4096 (default)
2019-09-26 23:42:05,378 [b52e39db-c2d0-40de-8fee-40e15cba9af1@group-7427F1D5AE40:LeaderElection10] INFO  server.RaftServerConfigKeys (ConfUtils.java:logGet(43)) - raft.server.watch.timeout = 10s (default)
2019-09-26 23:42:05,378 [b52e39db-c2d0-40de-8fee-40e15cba9af1@group-7427F1D5AE40:LeaderElection10] INFO  server.RaftServerConfigKeys (ConfUtils.java:logGet(43)) - raft.server.watch.timeout.denomination = 1s (default)
2019-09-26 23:42:05,378 [b52e39db-c2d0-40de-8fee-40e15cba9af1@group-7427F1D5AE40:LeaderElection10] INFO  server.RaftServerConfigKeys (ConfUtils.java:logGet(43)) - raft.server.watch.element-limit = 65536 (default)
2019-09-26 23:42:05,382 [b52e39db-c2d0-40de-8fee-40e15cba9af1@group-7427F1D5AE40:LeaderElection10] INFO  impl.RoleInfo (RoleInfo.java:updateAndGet(143)) - b52e39db-c2d0-40de-8fee-40e15cba9af1: start LeaderState
2019-09-26 23:42:05,382 [b52e39db-c2d0-40de-8fee-40e15cba9af1@group-7427F1D5AE40:LeaderElection10] INFO  segmented.SegmentedRaftLogWorker (SegmentedRaftLogWorker.java:startLogSegment(380)) - b52e39db-c2d0-40de-8fee-40e15cba9af1@group-7427F1D5AE40-SegmentedRaftLogWorker: Starting segment from index:0
2019-09-26 23:42:05,383 [b52e39db-c2d0-40de-8fee-40e15cba9af1@group-7427F1D5AE40:LeaderElection10] INFO  impl.RaftServerImpl (ServerState.java:setRaftConf(354)) - b52e39db-c2d0-40de-8fee-40e15cba9af1@group-7427F1D5AE40: set configuration 0: [b52e39db-c2d0-40de-8fee-40e15cba9af1:192.168.151.109:42236], old=null at 0
2019-09-26 23:42:05,426 [Thread-321] INFO  impl.FollowerState (FollowerState.java:run(106)) - 851bd362-786e-47e4-b76b-6e60954f2395:group-CA38942D40E9 changes to CANDIDATE, lastRpcTime:5114, electionTimeout:5081ms
2019-09-26 23:42:05,426 [Thread-320] INFO  impl.FollowerState (FollowerState.java:run(106)) - e5ad9ec2-43b6-4ed1-8189-34962d8a433d:group-CA38942D40E9 changes to CANDIDATE, lastRpcTime:5114, electionTimeout:5075ms
2019-09-26 23:42:05,427 [Thread-321] INFO  impl.RoleInfo (RoleInfo.java:shutdownFollowerState(121)) - 851bd362-786e-47e4-b76b-6e60954f2395: shutdown FollowerState
2019-09-26 23:42:05,427 [Thread-320] INFO  impl.RoleInfo (RoleInfo.java:shutdownFollowerState(121)) - e5ad9ec2-43b6-4ed1-8189-34962d8a433d: shutdown FollowerState
2019-09-26 23:42:05,427 [Thread-321] INFO  impl.RaftServerImpl (RaftServerImpl.java:setRole(174)) - 851bd362-786e-47e4-b76b-6e60954f2395@group-CA38942D40E9: changes role from  FOLLOWER to CANDIDATE at term 0 for changeToCandidate
2019-09-26 23:42:05,427 [Thread-320] INFO  impl.RaftServerImpl (RaftServerImpl.java:setRole(174)) - e5ad9ec2-43b6-4ed1-8189-34962d8a433d@group-CA38942D40E9: changes role from  FOLLOWER to CANDIDATE at term 0 for changeToCandidate
2019-09-26 23:42:05,427 [Thread-321] INFO  impl.RoleInfo (RoleInfo.java:updateAndGet(143)) - 851bd362-786e-47e4-b76b-6e60954f2395: start LeaderElection
2019-09-26 23:42:05,427 [Thread-320] INFO  impl.RoleInfo (RoleInfo.java:updateAndGet(143)) - e5ad9ec2-43b6-4ed1-8189-34962d8a433d: start LeaderElection
2019-09-26 23:42:05,441 [b52e39db-c2d0-40de-8fee-40e15cba9af1@group-7427F1D5AE40-SegmentedRaftLogWorker] INFO  segmented.SegmentedRaftLogWorker (SegmentedRaftLogWorker.java:execute(569)) - b52e39db-c2d0-40de-8fee-40e15cba9af1@group-7427F1D5AE40-SegmentedRaftLogWorker: created new log segment /workdir/hadoop-ozone/ozonefs/target/test-dir/MiniOzoneClusterImpl-732670c7-f75b-424f-848a-3ce441686c31/datanode-5/data/ratis/5b70e23e-2223-4552-9efb-7427f1d5ae40/current/log_inprogress_0
2019-09-26 23:42:05,454 [e5ad9ec2-43b6-4ed1-8189-34962d8a433d@group-CA38942D40E9:LeaderElection12] INFO  impl.LeaderElection (LeaderElection.java:askForVotes(182)) - e5ad9ec2-43b6-4ed1-8189-34962d8a433d@group-CA38942D40E9:LeaderElection12: begin an election at term 1 for -1: [c021c5a2-d8d2-494e-ae80-bc384f6a911c:192.168.151.109:37740, e5ad9ec2-43b6-4ed1-8189-34962d8a433d:192.168.151.109:33223, 851bd362-786e-47e4-b76b-6e60954f2395:192.168.151.109:39279], old=null
2019-09-26 23:42:05,454 [851bd362-786e-47e4-b76b-6e60954f2395@group-CA38942D40E9:LeaderElection11] INFO  impl.LeaderElection (LeaderElection.java:askForVotes(182)) - 851bd362-786e-47e4-b76b-6e60954f2395@group-CA38942D40E9:LeaderElection11: begin an election at term 1 for -1: [c021c5a2-d8d2-494e-ae80-bc384f6a911c:192.168.151.109:37740, e5ad9ec2-43b6-4ed1-8189-34962d8a433d:192.168.151.109:33223, 851bd362-786e-47e4-b76b-6e60954f2395:192.168.151.109:39279], old=null
2019-09-26 23:42:05,509 [Thread-327] INFO  impl.FollowerState (FollowerState.java:run(106)) - fc06cb59-39ee-4f47-9dde-cbe0d3a3cd99:group-0544F0709943 changes to CANDIDATE, lastRpcTime:5067, electionTimeout:5067ms
2019-09-26 23:42:05,510 [Thread-318] INFO  impl.FollowerState (FollowerState.java:run(106)) - c021c5a2-d8d2-494e-ae80-bc384f6a911c:group-CA38942D40E9 changes to CANDIDATE, lastRpcTime:5198, electionTimeout:5198ms
2019-09-26 23:42:05,510 [Thread-327] INFO  impl.RoleInfo (RoleInfo.java:shutdownFollowerState(121)) - fc06cb59-39ee-4f47-9dde-cbe0d3a3cd99: shutdown FollowerState
2019-09-26 23:42:05,510 [Thread-318] INFO  impl.RoleInfo (RoleInfo.java:shutdownFollowerState(121)) - c021c5a2-d8d2-494e-ae80-bc384f6a911c: shutdown FollowerState
2019-09-26 23:42:05,510 [Thread-327] INFO  impl.RaftServerImpl (RaftServerImpl.java:setRole(174)) - fc06cb59-39ee-4f47-9dde-cbe0d3a3cd99@group-0544F0709943: changes role from  FOLLOWER to CANDIDATE at term 0 for changeToCandidate
2019-09-26 23:42:05,510 [Thread-318] INFO  impl.RaftServerImpl (RaftServerImpl.java:setRole(174)) - c021c5a2-d8d2-494e-ae80-bc384f6a911c@group-CA38942D40E9: changes role from  FOLLOWER to CANDIDATE at term 0 for changeToCandidate
2019-09-26 23:42:05,510 [Thread-327] INFO  impl.RoleInfo (RoleInfo.java:updateAndGet(143)) - fc06cb59-39ee-4f47-9dde-cbe0d3a3cd99: start LeaderElection
2019-09-26 23:42:05,510 [Thread-318] INFO  impl.RoleInfo (RoleInfo.java:updateAndGet(143)) - c021c5a2-d8d2-494e-ae80-bc384f6a911c: start LeaderElection
2019-09-26 23:42:05,536 [fc06cb59-39ee-4f47-9dde-cbe0d3a3cd99@group-0544F0709943:LeaderElection13] INFO  impl.LeaderElection (LeaderElection.java:askForVotes(182)) - fc06cb59-39ee-4f47-9dde-cbe0d3a3cd99@group-0544F0709943:LeaderElection13: begin an election at term 1 for -1: [fc06cb59-39ee-4f47-9dde-cbe0d3a3cd99:192.168.151.109:39124, 65e91836-b75a-4544-83ee-502e3b7b211d:192.168.151.109:38455, 1e248264-0a57-4cd2-bcd2-8134f948d94e:192.168.151.109:34639], old=null
2019-09-26 23:42:05,536 [c021c5a2-d8d2-494e-ae80-bc384f6a911c@group-CA38942D40E9:LeaderElection14] INFO  impl.LeaderElection (LeaderElection.java:askForVotes(182)) - c021c5a2-d8d2-494e-ae80-bc384f6a911c@group-CA38942D40E9:LeaderElection14: begin an election at term 1 for -1: [c021c5a2-d8d2-494e-ae80-bc384f6a911c:192.168.151.109:37740, e5ad9ec2-43b6-4ed1-8189-34962d8a433d:192.168.151.109:33223, 851bd362-786e-47e4-b76b-6e60954f2395:192.168.151.109:39279], old=null
2019-09-26 23:42:05,557 [851bd362-786e-47e4-b76b-6e60954f2395@group-CA38942D40E9:LeaderElection11] INFO  impl.LeaderElection (LeaderElection.java:logAndReturn(56)) - 851bd362-786e-47e4-b76b-6e60954f2395@group-CA38942D40E9:LeaderElection11: Election REJECTED; received 2 response(s) [851bd362-786e-47e4-b76b-6e60954f2395<-c021c5a2-d8d2-494e-ae80-bc384f6a911c#0:FAIL-t1, 851bd362-786e-47e4-b76b-6e60954f2395<-e5ad9ec2-43b6-4ed1-8189-34962d8a433d#0:FAIL-t1] and 0 exception(s); 851bd362-786e-47e4-b76b-6e60954f2395@group-CA38942D40E9:t1, leader=null, voted=851bd362-786e-47e4-b76b-6e60954f2395, raftlog=851bd362-786e-47e4-b76b-6e60954f2395@group-CA38942D40E9-SegmentedRaftLog:OPENED:c-1,f-1,i0, conf=-1: [c021c5a2-d8d2-494e-ae80-bc384f6a911c:192.168.151.109:37740, e5ad9ec2-43b6-4ed1-8189-34962d8a433d:192.168.151.109:33223, 851bd362-786e-47e4-b76b-6e60954f2395:192.168.151.109:39279], old=null
2019-09-26 23:42:05,557 [e5ad9ec2-43b6-4ed1-8189-34962d8a433d@group-CA38942D40E9:LeaderElection12] INFO  impl.LeaderElection (LeaderElection.java:logAndReturn(56)) - e5ad9ec2-43b6-4ed1-8189-34962d8a433d@group-CA38942D40E9:LeaderElection12: Election REJECTED; received 2 response(s) [e5ad9ec2-43b6-4ed1-8189-34962d8a433d<-c021c5a2-d8d2-494e-ae80-bc384f6a911c#0:FAIL-t1, e5ad9ec2-43b6-4ed1-8189-34962d8a433d<-851bd362-786e-47e4-b76b-6e60954f2395#0:FAIL-t1] and 0 exception(s); e5ad9ec2-43b6-4ed1-8189-34962d8a433d@group-CA38942D40E9:t1, leader=null, voted=e5ad9ec2-43b6-4ed1-8189-34962d8a433d, raftlog=e5ad9ec2-43b6-4ed1-8189-34962d8a433d@group-CA38942D40E9-SegmentedRaftLog:OPENED:c-1,f-1,i0, conf=-1: [c021c5a2-d8d2-494e-ae80-bc384f6a911c:192.168.151.109:37740, e5ad9ec2-43b6-4ed1-8189-34962d8a433d:192.168.151.109:33223, 851bd362-786e-47e4-b76b-6e60954f2395:192.168.151.109:39279], old=null
2019-09-26 23:42:05,567 [e5ad9ec2-43b6-4ed1-8189-34962d8a433d@group-CA38942D40E9:LeaderElection12] INFO  impl.RaftServerImpl (RaftServerImpl.java:setRole(174)) - e5ad9ec2-43b6-4ed1-8189-34962d8a433d@group-CA38942D40E9: changes role from CANDIDATE to FOLLOWER at term 1 for DISCOVERED_A_NEW_TERM
2019-09-26 23:42:05,567 [851bd362-786e-47e4-b76b-6e60954f2395@group-CA38942D40E9:LeaderElection11] INFO  impl.RaftServerImpl (RaftServerImpl.java:setRole(174)) - 851bd362-786e-47e4-b76b-6e60954f2395@group-CA38942D40E9: changes role from CANDIDATE to FOLLOWER at term 1 for DISCOVERED_A_NEW_TERM
2019-09-26 23:42:05,567 [e5ad9ec2-43b6-4ed1-8189-34962d8a433d@group-CA38942D40E9:LeaderElection12] INFO  impl.RoleInfo (RoleInfo.java:shutdownLeaderElection(134)) - e5ad9ec2-43b6-4ed1-8189-34962d8a433d: shutdown LeaderElection
2019-09-26 23:42:05,569 [851bd362-786e-47e4-b76b-6e60954f2395@group-CA38942D40E9:LeaderElection11] INFO  impl.RoleInfo (RoleInfo.java:shutdownLeaderElection(134)) - 851bd362-786e-47e4-b76b-6e60954f2395: shutdown LeaderElection
2019-09-26 23:42:05,569 [e5ad9ec2-43b6-4ed1-8189-34962d8a433d@group-CA38942D40E9:LeaderElection12] INFO  impl.RoleInfo (RoleInfo.java:updateAndGet(143)) - e5ad9ec2-43b6-4ed1-8189-34962d8a433d: start FollowerState
2019-09-26 23:42:05,569 [Thread-330] INFO  impl.FollowerState (FollowerState.java:run(106)) - 65e91836-b75a-4544-83ee-502e3b7b211d:group-0544F0709943 changes to CANDIDATE, lastRpcTime:5120, electionTimeout:5120ms
2019-09-26 23:42:05,569 [851bd362-786e-47e4-b76b-6e60954f2395@group-CA38942D40E9:LeaderElection11] INFO  impl.RoleInfo (RoleInfo.java:updateAndGet(143)) - 851bd362-786e-47e4-b76b-6e60954f2395: start FollowerState
2019-09-26 23:42:05,572 [Thread-330] INFO  impl.RoleInfo (RoleInfo.java:shutdownFollowerState(121)) - 65e91836-b75a-4544-83ee-502e3b7b211d: shutdown FollowerState
2019-09-26 23:42:05,574 [Thread-330] INFO  impl.RaftServerImpl (RaftServerImpl.java:setRole(174)) - 65e91836-b75a-4544-83ee-502e3b7b211d@group-0544F0709943: changes role from  FOLLOWER to CANDIDATE at term 0 for changeToCandidate
2019-09-26 23:42:05,575 [Thread-330] INFO  impl.RoleInfo (RoleInfo.java:updateAndGet(143)) - 65e91836-b75a-4544-83ee-502e3b7b211d: start LeaderElection
2019-09-26 23:42:05,583 [grpc-default-executor-3] INFO  impl.RaftServerImpl (RaftServerImpl.java:setRole(174)) - 1e248264-0a57-4cd2-bcd2-8134f948d94e@group-0544F0709943: changes role from  FOLLOWER to FOLLOWER at term 1 for recognizeCandidate:fc06cb59-39ee-4f47-9dde-cbe0d3a3cd99
2019-09-26 23:42:05,584 [grpc-default-executor-3] INFO  impl.RoleInfo (RoleInfo.java:shutdownFollowerState(121)) - 1e248264-0a57-4cd2-bcd2-8134f948d94e: shutdown FollowerState
2019-09-26 23:42:05,584 [grpc-default-executor-3] INFO  impl.RoleInfo (RoleInfo.java:updateAndGet(143)) - 1e248264-0a57-4cd2-bcd2-8134f948d94e: start FollowerState
2019-09-26 23:42:05,584 [Thread-329] INFO  impl.FollowerState (FollowerState.java:run(115)) - 1e248264-0a57-4cd2-bcd2-8134f948d94e: FollowerState was interrupted: java.lang.InterruptedException: sleep interrupted
2019-09-26 23:42:05,595 [c021c5a2-d8d2-494e-ae80-bc384f6a911c@group-CA38942D40E9:LeaderElection14] INFO  impl.LeaderElection (LeaderElection.java:logAndReturn(56)) - c021c5a2-d8d2-494e-ae80-bc384f6a911c@group-CA38942D40E9:LeaderElection14: Election REJECTED; received 2 response(s) [c021c5a2-d8d2-494e-ae80-bc384f6a911c<-e5ad9ec2-43b6-4ed1-8189-34962d8a433d#0:FAIL-t1, c021c5a2-d8d2-494e-ae80-bc384f6a911c<-851bd362-786e-47e4-b76b-6e60954f2395#0:FAIL-t1] and 0 exception(s); c021c5a2-d8d2-494e-ae80-bc384f6a911c@group-CA38942D40E9:t1, leader=null, voted=c021c5a2-d8d2-494e-ae80-bc384f6a911c, raftlog=c021c5a2-d8d2-494e-ae80-bc384f6a911c@group-CA38942D40E9-SegmentedRaftLog:OPENED:c-1,f-1,i0, conf=-1: [c021c5a2-d8d2-494e-ae80-bc384f6a911c:192.168.151.109:37740, e5ad9ec2-43b6-4ed1-8189-34962d8a433d:192.168.151.109:33223, 851bd362-786e-47e4-b76b-6e60954f2395:192.168.151.109:39279], old=null
2019-09-26 23:42:05,595 [c021c5a2-d8d2-494e-ae80-bc384f6a911c@group-CA38942D40E9:LeaderElection14] INFO  impl.RaftServerImpl (RaftServerImpl.java:setRole(174)) - c021c5a2-d8d2-494e-ae80-bc384f6a911c@group-CA38942D40E9: changes role from CANDIDATE to FOLLOWER at term 1 for DISCOVERED_A_NEW_TERM
2019-09-26 23:42:05,599 [65e91836-b75a-4544-83ee-502e3b7b211d@group-0544F0709943:LeaderElection15] INFO  impl.LeaderElection (LeaderElection.java:askForVotes(182)) - 65e91836-b75a-4544-83ee-502e3b7b211d@group-0544F0709943:LeaderElection15: begin an election at term 1 for -1: [fc06cb59-39ee-4f47-9dde-cbe0d3a3cd99:192.168.151.109:39124, 65e91836-b75a-4544-83ee-502e3b7b211d:192.168.151.109:38455, 1e248264-0a57-4cd2-bcd2-8134f948d94e:192.168.151.109:34639], old=null
2019-09-26 23:42:05,599 [c021c5a2-d8d2-494e-ae80-bc384f6a911c@group-CA38942D40E9:LeaderElection14] INFO  impl.RoleInfo (RoleInfo.java:shutdownLeaderElection(134)) - c021c5a2-d8d2-494e-ae80-bc384f6a911c: shutdown LeaderElection
2019-09-26 23:42:05,601 [c021c5a2-d8d2-494e-ae80-bc384f6a911c@group-CA38942D40E9:LeaderElection14] INFO  impl.RoleInfo (RoleInfo.java:updateAndGet(143)) - c021c5a2-d8d2-494e-ae80-bc384f6a911c: start FollowerState
2019-09-26 23:42:05,620 [fc06cb59-39ee-4f47-9dde-cbe0d3a3cd99@group-0544F0709943:LeaderElection13] INFO  impl.LeaderElection (LeaderElection.java:logAndReturn(56)) - fc06cb59-39ee-4f47-9dde-cbe0d3a3cd99@group-0544F0709943:LeaderElection13: Election PASSED; received 2 response(s) [fc06cb59-39ee-4f47-9dde-cbe0d3a3cd99<-65e91836-b75a-4544-83ee-502e3b7b211d#0:FAIL-t1, fc06cb59-39ee-4f47-9dde-cbe0d3a3cd99<-1e248264-0a57-4cd2-bcd2-8134f948d94e#0:OK-t1] and 0 exception(s); fc06cb59-39ee-4f47-9dde-cbe0d3a3cd99@group-0544F0709943:t1, leader=null, voted=fc06cb59-39ee-4f47-9dde-cbe0d3a3cd99, raftlog=fc06cb59-39ee-4f47-9dde-cbe0d3a3cd99@group-0544F0709943-SegmentedRaftLog:OPENED:c-1,f-1,i0, conf=-1: [fc06cb59-39ee-4f47-9dde-cbe0d3a3cd99:192.168.151.109:39124, 65e91836-b75a-4544-83ee-502e3b7b211d:192.168.151.109:38455, 1e248264-0a57-4cd2-bcd2-8134f948d94e:192.168.151.109:34639], old=null
2019-09-26 23:42:05,621 [fc06cb59-39ee-4f47-9dde-cbe0d3a3cd99@group-0544F0709943:LeaderElection13] INFO  impl.RoleInfo (RoleInfo.java:shutdownLeaderElection(134)) - fc06cb59-39ee-4f47-9dde-cbe0d3a3cd99: shutdown LeaderElection
2019-09-26 23:42:05,629 [Thread-334] INFO  impl.FollowerState (FollowerState.java:run(106)) - 60963438-63b2-41a0-8acf-c4371cc0aece:group-B9390DB8DBF8 changes to CANDIDATE, lastRpcTime:5073, electionTimeout:5065ms
2019-09-26 23:42:05,633 [fc06cb59-39ee-4f47-9dde-cbe0d3a3cd99@group-0544F0709943:LeaderElection13] INFO  impl.RaftServerImpl (RaftServerImpl.java:setRole(174)) - fc06cb59-39ee-4f47-9dde-cbe0d3a3cd99@group-0544F0709943: changes role from CANDIDATE to LEADER at term 1 for changeToLeader
2019-09-26 23:42:05,633 [Thread-334] INFO  impl.RoleInfo (RoleInfo.java:shutdownFollowerState(121)) - 60963438-63b2-41a0-8acf-c4371cc0aece: shutdown FollowerState
2019-09-26 23:42:05,633 [fc06cb59-39ee-4f47-9dde-cbe0d3a3cd99@group-0544F0709943:LeaderElection13] INFO  impl.RaftServerImpl (ServerState.java:setLeader(253)) - fc06cb59-39ee-4f47-9dde-cbe0d3a3cd99@group-0544F0709943: change Leader from null to fc06cb59-39ee-4f47-9dde-cbe0d3a3cd99 at term 1 for becomeLeader, leader elected after 5204ms
2019-09-26 23:42:05,636 [Thread-334] INFO  impl.RaftServerImpl (RaftServerImpl.java:setRole(174)) - 60963438-63b2-41a0-8acf-c4371cc0aece@group-B9390DB8DBF8: changes role from  FOLLOWER to CANDIDATE at term 0 for changeToCandidate
2019-09-26 23:42:05,636 [fc06cb59-39ee-4f47-9dde-cbe0d3a3cd99@group-0544F0709943:LeaderElection13] INFO  server.RaftServerConfigKeys (ConfUtils.java:logGet(43)) - raft.server.staging.catchup.gap = 1000 (default)
2019-09-26 23:42:05,637 [Thread-334] INFO  impl.RoleInfo (RoleInfo.java:updateAndGet(143)) - 60963438-63b2-41a0-8acf-c4371cc0aece: start LeaderElection
2019-09-26 23:42:05,637 [fc06cb59-39ee-4f47-9dde-cbe0d3a3cd99@group-0544F0709943:LeaderElection13] INFO  server.RaftServerConfigKeys (ConfUtils.java:logGet(43)) - raft.server.rpc.sleep.time = 25ms (default)
2019-09-26 23:42:05,640 [fc06cb59-39ee-4f47-9dde-cbe0d3a3cd99@group-0544F0709943:LeaderElection13] INFO  server.RaftServerConfigKeys (ConfUtils.java:logGet(43)) - raft.server.write.element-limit = 4096 (default)
2019-09-26 23:42:05,648 [fc06cb59-39ee-4f47-9dde-cbe0d3a3cd99@group-0544F0709943:LeaderElection13] INFO  server.RaftServerConfigKeys (ConfUtils.java:logGet(43)) - raft.server.watch.timeout = 10s (default)
2019-09-26 23:42:05,648 [fc06cb59-39ee-4f47-9dde-cbe0d3a3cd99@group-0544F0709943:LeaderElection13] INFO  server.RaftServerConfigKeys (ConfUtils.java:logGet(43)) - raft.server.watch.timeout.denomination = 1s (default)
2019-09-26 23:42:05,648 [fc06cb59-39ee-4f47-9dde-cbe0d3a3cd99@group-0544F0709943:LeaderElection13] INFO  server.RaftServerConfigKeys (ConfUtils.java:logGet(43)) - raft.server.watch.element-limit = 65536 (default)
2019-09-26 23:42:05,655 [fc06cb59-39ee-4f47-9dde-cbe0d3a3cd99@group-0544F0709943:LeaderElection13] INFO  server.RaftServerConfigKeys (ConfUtils.java:logGet(43)) - raft.server.log.appender.snapshot.chunk.size.max = 16MB (=16777216) (default)
2019-09-26 23:42:05,656 [fc06cb59-39ee-4f47-9dde-cbe0d3a3cd99@group-0544F0709943:LeaderElection13] INFO  server.RaftServerConfigKeys (ConfUtils.java:logGet(43)) - raft.server.log.appender.buffer.byte-limit = 33554432 (custom)
2019-09-26 23:42:05,656 [fc06cb59-39ee-4f47-9dde-cbe0d3a3cd99@group-0544F0709943:LeaderElection13] INFO  server.RaftServerConfigKeys (ConfUtils.java:logGet(43)) - raft.server.log.appender.buffer.element-limit = 1 (custom)
2019-09-26 23:42:05,661 [60963438-63b2-41a0-8acf-c4371cc0aece@group-B9390DB8DBF8:LeaderElection16] INFO  impl.LeaderElection (LeaderElection.java:askForVotes(182)) - 60963438-63b2-41a0-8acf-c4371cc0aece@group-B9390DB8DBF8:LeaderElection16: begin an election at term 1 for -1: [5b82487c-0b6e-45f1-9b19-ee8d86ea6de1:192.168.151.109:43751, 60963438-63b2-41a0-8acf-c4371cc0aece:192.168.151.109:45167, 9671e2fb-19cf-4d94-83a6-d109edb687a3:192.168.151.109:46144], old=null
2019-09-26 23:42:05,662 [fc06cb59-39ee-4f47-9dde-cbe0d3a3cd99@group-0544F0709943:LeaderElection13] INFO  grpc.GrpcConfigKeys$Server (ConfUtils.java:logGet(43)) - raft.grpc.server.leader.outstanding.appends.max = 128 (default)
2019-09-26 23:42:05,662 [fc06cb59-39ee-4f47-9dde-cbe0d3a3cd99@group-0544F0709943:LeaderElection13] INFO  server.RaftServerConfigKeys (ConfUtils.java:logGet(43)) - raft.server.rpc.request.timeout = 3000ms (default)
2019-09-26 23:42:05,662 [fc06cb59-39ee-4f47-9dde-cbe0d3a3cd99@group-0544F0709943:LeaderElection13] INFO  server.RaftServerConfigKeys (ConfUtils.java:logGet(43)) - raft.server.log.appender.install.snapshot.enabled = false (custom)
2019-09-26 23:42:05,667 [fc06cb59-39ee-4f47-9dde-cbe0d3a3cd99@group-0544F0709943:LeaderElection13] INFO  server.RaftServerConfigKeys (ConfUtils.java:logGet(43)) - raft.server.log.appender.snapshot.chunk.size.max = 16MB (=16777216) (default)
2019-09-26 23:42:05,667 [fc06cb59-39ee-4f47-9dde-cbe0d3a3cd99@group-0544F0709943:LeaderElection13] INFO  server.RaftServerConfigKeys (ConfUtils.java:logGet(43)) - raft.server.log.appender.buffer.byte-limit = 33554432 (custom)
2019-09-26 23:42:05,667 [fc06cb59-39ee-4f47-9dde-cbe0d3a3cd99@group-0544F0709943:LeaderElection13] INFO  server.RaftServerConfigKeys (ConfUtils.java:logGet(43)) - raft.server.log.appender.buffer.element-limit = 1 (custom)
2019-09-26 23:42:05,668 [fc06cb59-39ee-4f47-9dde-cbe0d3a3cd99@group-0544F0709943:LeaderElection13] INFO  grpc.GrpcConfigKeys$Server (ConfUtils.java:logGet(43)) - raft.grpc.server.leader.outstanding.appends.max = 128 (default)
2019-09-26 23:42:05,668 [fc06cb59-39ee-4f47-9dde-cbe0d3a3cd99@group-0544F0709943:LeaderElection13] INFO  server.RaftServerConfigKeys (ConfUtils.java:logGet(43)) - raft.server.rpc.request.timeout = 3000ms (default)
2019-09-26 23:42:05,668 [fc06cb59-39ee-4f47-9dde-cbe0d3a3cd99@group-0544F0709943:LeaderElection13] INFO  server.RaftServerConfigKeys (ConfUtils.java:logGet(43)) - raft.server.log.appender.install.snapshot.enabled = false (custom)
2019-09-26 23:42:05,677 [grpc-default-executor-0] INFO  impl.RaftServerImpl (RaftServerImpl.java:setRole(174)) - 9671e2fb-19cf-4d94-83a6-d109edb687a3@group-B9390DB8DBF8: changes role from  FOLLOWER to FOLLOWER at term 1 for recognizeCandidate:60963438-63b2-41a0-8acf-c4371cc0aece
2019-09-26 23:42:05,680 [grpc-default-executor-1] INFO  impl.RaftServerImpl (RaftServerImpl.java:setRole(174)) - 5b82487c-0b6e-45f1-9b19-ee8d86ea6de1@group-B9390DB8DBF8: changes role from  FOLLOWER to FOLLOWER at term 1 for recognizeCandidate:60963438-63b2-41a0-8acf-c4371cc0aece
2019-09-26 23:42:05,680 [grpc-default-executor-0] INFO  impl.RoleInfo (RoleInfo.java:shutdownFollowerState(121)) - 9671e2fb-19cf-4d94-83a6-d109edb687a3: shutdown FollowerState
2019-09-26 23:42:05,680 [grpc-default-executor-1] INFO  impl.RoleInfo (RoleInfo.java:shutdownFollowerState(121)) - 5b82487c-0b6e-45f1-9b19-ee8d86ea6de1: shutdown FollowerState
2019-09-26 23:42:05,681 [Thread-338] INFO  impl.FollowerState (FollowerState.java:run(115)) - 9671e2fb-19cf-4d94-83a6-d109edb687a3: FollowerState was interrupted: java.lang.InterruptedException: sleep interrupted
2019-09-26 23:42:05,680 [grpc-default-executor-0] INFO  impl.RoleInfo (RoleInfo.java:updateAndGet(143)) - 9671e2fb-19cf-4d94-83a6-d109edb687a3: start FollowerState
2019-09-26 23:42:05,681 [Thread-339] INFO  impl.FollowerState (FollowerState.java:run(115)) - 5b82487c-0b6e-45f1-9b19-ee8d86ea6de1: FollowerState was interrupted: java.lang.InterruptedException: sleep interrupted
2019-09-26 23:42:05,681 [grpc-default-executor-1] INFO  impl.RoleInfo (RoleInfo.java:updateAndGet(143)) - 5b82487c-0b6e-45f1-9b19-ee8d86ea6de1: start FollowerState
2019-09-26 23:42:05,690 [fc06cb59-39ee-4f47-9dde-cbe0d3a3cd99@group-0544F0709943:LeaderElection13] INFO  impl.RoleInfo (RoleInfo.java:updateAndGet(143)) - fc06cb59-39ee-4f47-9dde-cbe0d3a3cd99: start LeaderState
2019-09-26 23:42:05,691 [fc06cb59-39ee-4f47-9dde-cbe0d3a3cd99@group-0544F0709943:LeaderElection13] INFO  segmented.SegmentedRaftLogWorker (SegmentedRaftLogWorker.java:startLogSegment(380)) - fc06cb59-39ee-4f47-9dde-cbe0d3a3cd99@group-0544F0709943-SegmentedRaftLogWorker: Starting segment from index:0
2019-09-26 23:42:05,692 [fc06cb59-39ee-4f47-9dde-cbe0d3a3cd99@group-0544F0709943:LeaderElection13] INFO  impl.RaftServerImpl (ServerState.java:setRaftConf(354)) - fc06cb59-39ee-4f47-9dde-cbe0d3a3cd99@group-0544F0709943: set configuration 0: [fc06cb59-39ee-4f47-9dde-cbe0d3a3cd99:192.168.151.109:39124, 65e91836-b75a-4544-83ee-502e3b7b211d:192.168.151.109:38455, 1e248264-0a57-4cd2-bcd2-8134f948d94e:192.168.151.109:34639], old=null at 0
2019-09-26 23:42:05,692 [grpc-default-executor-3] INFO  impl.RaftServerImpl (RaftServerImpl.java:requestVote(758)) - fc06cb59-39ee-4f47-9dde-cbe0d3a3cd99@group-0544F0709943-   LEADER: Withhold vote from candidate 65e91836-b75a-4544-83ee-502e3b7b211d with term 1. State: leader=fc06cb59-39ee-4f47-9dde-cbe0d3a3cd99, term=1, lastRpcElapsed=null
2019-09-26 23:42:05,730 [65e91836-b75a-4544-83ee-502e3b7b211d@group-0544F0709943:LeaderElection15] INFO  impl.LeaderElection (LeaderElection.java:logAndReturn(56)) - 65e91836-b75a-4544-83ee-502e3b7b211d@group-0544F0709943:LeaderElection15: Election REJECTED; received 2 response(s) [65e91836-b75a-4544-83ee-502e3b7b211d<-fc06cb59-39ee-4f47-9dde-cbe0d3a3cd99#0:FAIL-t1, 65e91836-b75a-4544-83ee-502e3b7b211d<-1e248264-0a57-4cd2-bcd2-8134f948d94e#0:FAIL-t1] and 0 exception(s); 65e91836-b75a-4544-83ee-502e3b7b211d@group-0544F0709943:t1, leader=null, voted=65e91836-b75a-4544-83ee-502e3b7b211d, raftlog=65e91836-b75a-4544-83ee-502e3b7b211d@group-0544F0709943-SegmentedRaftLog:OPENED:c-1,f-1,i0, conf=-1: [fc06cb59-39ee-4f47-9dde-cbe0d3a3cd99:192.168.151.109:39124, 65e91836-b75a-4544-83ee-502e3b7b211d:192.168.151.109:38455, 1e248264-0a57-4cd2-bcd2-8134f948d94e:192.168.151.109:34639], old=null
2019-09-26 23:42:05,731 [65e91836-b75a-4544-83ee-502e3b7b211d@group-0544F0709943:LeaderElection15] INFO  impl.RaftServerImpl (RaftServerImpl.java:setRole(174)) - 65e91836-b75a-4544-83ee-502e3b7b211d@group-0544F0709943: changes role from CANDIDATE to FOLLOWER at term 1 for DISCOVERED_A_NEW_TERM
2019-09-26 23:42:05,731 [65e91836-b75a-4544-83ee-502e3b7b211d@group-0544F0709943:LeaderElection15] INFO  impl.RoleInfo (RoleInfo.java:shutdownLeaderElection(134)) - 65e91836-b75a-4544-83ee-502e3b7b211d: shutdown LeaderElection
2019-09-26 23:42:05,731 [65e91836-b75a-4544-83ee-502e3b7b211d@group-0544F0709943:LeaderElection15] INFO  impl.RoleInfo (RoleInfo.java:updateAndGet(143)) - 65e91836-b75a-4544-83ee-502e3b7b211d: start FollowerState
2019-09-26 23:42:05,740 [60963438-63b2-41a0-8acf-c4371cc0aece@group-B9390DB8DBF8:LeaderElection16] INFO  impl.LeaderElection (LeaderElection.java:logAndReturn(56)) - 60963438-63b2-41a0-8acf-c4371cc0aece@group-B9390DB8DBF8:LeaderElection16: Election PASSED; received 1 response(s) [60963438-63b2-41a0-8acf-c4371cc0aece<-5b82487c-0b6e-45f1-9b19-ee8d86ea6de1#0:OK-t1] and 0 exception(s); 60963438-63b2-41a0-8acf-c4371cc0aece@group-B9390DB8DBF8:t1, leader=null, voted=60963438-63b2-41a0-8acf-c4371cc0aece, raftlog=60963438-63b2-41a0-8acf-c4371cc0aece@group-B9390DB8DBF8-SegmentedRaftLog:OPENED:c-1,f-1,i0, conf=-1: [5b82487c-0b6e-45f1-9b19-ee8d86ea6de1:192.168.151.109:43751, 60963438-63b2-41a0-8acf-c4371cc0aece:192.168.151.109:45167, 9671e2fb-19cf-4d94-83a6-d109edb687a3:192.168.151.109:46144], old=null
2019-09-26 23:42:05,743 [fc06cb59-39ee-4f47-9dde-cbe0d3a3cd99@group-0544F0709943-SegmentedRaftLogWorker] INFO  segmented.SegmentedRaftLogWorker (SegmentedRaftLogWorker.java:execute(569)) - fc06cb59-39ee-4f47-9dde-cbe0d3a3cd99@group-0544F0709943-SegmentedRaftLogWorker: created new log segment /workdir/hadoop-ozone/ozonefs/target/test-dir/MiniOzoneClusterImpl-732670c7-f75b-424f-848a-3ce441686c31/datanode-4/data/ratis/20000439-4771-41aa-9d61-0544f0709943/current/log_inprogress_0
2019-09-26 23:42:05,743 [60963438-63b2-41a0-8acf-c4371cc0aece@group-B9390DB8DBF8:LeaderElection16] INFO  impl.RoleInfo (RoleInfo.java:shutdownLeaderElection(134)) - 60963438-63b2-41a0-8acf-c4371cc0aece: shutdown LeaderElection
2019-09-26 23:42:05,747 [60963438-63b2-41a0-8acf-c4371cc0aece@group-B9390DB8DBF8:LeaderElection16] INFO  impl.RaftServerImpl (RaftServerImpl.java:setRole(174)) - 60963438-63b2-41a0-8acf-c4371cc0aece@group-B9390DB8DBF8: changes role from CANDIDATE to LEADER at term 1 for changeToLeader
2019-09-26 23:42:05,747 [60963438-63b2-41a0-8acf-c4371cc0aece@group-B9390DB8DBF8:LeaderElection16] INFO  impl.RaftServerImpl (ServerState.java:setLeader(253)) - 60963438-63b2-41a0-8acf-c4371cc0aece@group-B9390DB8DBF8: change Leader from null to 60963438-63b2-41a0-8acf-c4371cc0aece at term 1 for becomeLeader, leader elected after 5201ms
2019-09-26 23:42:05,747 [60963438-63b2-41a0-8acf-c4371cc0aece@group-B9390DB8DBF8:LeaderElection16] INFO  server.RaftServerConfigKeys (ConfUtils.java:logGet(43)) - raft.server.staging.catchup.gap = 1000 (default)
2019-09-26 23:42:05,747 [60963438-63b2-41a0-8acf-c4371cc0aece@group-B9390DB8DBF8:LeaderElection16] INFO  server.RaftServerConfigKeys (ConfUtils.java:logGet(43)) - raft.server.rpc.sleep.time = 25ms (default)
2019-09-26 23:42:05,747 [60963438-63b2-41a0-8acf-c4371cc0aece@group-B9390DB8DBF8:LeaderElection16] INFO  server.RaftServerConfigKeys (ConfUtils.java:logGet(43)) - raft.server.write.element-limit = 4096 (default)
2019-09-26 23:42:05,748 [60963438-63b2-41a0-8acf-c4371cc0aece@group-B9390DB8DBF8:LeaderElection16] INFO  server.RaftServerConfigKeys (ConfUtils.java:logGet(43)) - raft.server.watch.timeout = 10s (default)
2019-09-26 23:42:05,748 [60963438-63b2-41a0-8acf-c4371cc0aece@group-B9390DB8DBF8:LeaderElection16] INFO  server.RaftServerConfigKeys (ConfUtils.java:logGet(43)) - raft.server.watch.timeout.denomination = 1s (default)
2019-09-26 23:42:05,748 [60963438-63b2-41a0-8acf-c4371cc0aece@group-B9390DB8DBF8:LeaderElection16] INFO  server.RaftServerConfigKeys (ConfUtils.java:logGet(43)) - raft.server.watch.element-limit = 65536 (default)
2019-09-26 23:42:05,752 [60963438-63b2-41a0-8acf-c4371cc0aece@group-B9390DB8DBF8:LeaderElection16] INFO  server.RaftServerConfigKeys (ConfUtils.java:logGet(43)) - raft.server.log.appender.snapshot.chunk.size.max = 16MB (=16777216) (default)
2019-09-26 23:42:05,752 [60963438-63b2-41a0-8acf-c4371cc0aece@group-B9390DB8DBF8:LeaderElection16] INFO  server.RaftServerConfigKeys (ConfUtils.java:logGet(43)) - raft.server.log.appender.buffer.byte-limit = 33554432 (custom)
2019-09-26 23:42:05,752 [60963438-63b2-41a0-8acf-c4371cc0aece@group-B9390DB8DBF8:LeaderElection16] INFO  server.RaftServerConfigKeys (ConfUtils.java:logGet(43)) - raft.server.log.appender.buffer.element-limit = 1 (custom)
2019-09-26 23:42:05,753 [60963438-63b2-41a0-8acf-c4371cc0aece@group-B9390DB8DBF8:LeaderElection16] INFO  grpc.GrpcConfigKeys$Server (ConfUtils.java:logGet(43)) - raft.grpc.server.leader.outstanding.appends.max = 128 (default)
2019-09-26 23:42:05,757 [60963438-63b2-41a0-8acf-c4371cc0aece@group-B9390DB8DBF8:LeaderElection16] INFO  server.RaftServerConfigKeys (ConfUtils.java:logGet(43)) - raft.server.rpc.request.timeout = 3000ms (default)
2019-09-26 23:42:05,757 [60963438-63b2-41a0-8acf-c4371cc0aece@group-B9390DB8DBF8:LeaderElection16] INFO  server.RaftServerConfigKeys (ConfUtils.java:logGet(43)) - raft.server.log.appender.install.snapshot.enabled = false (custom)
2019-09-26 23:42:05,758 [60963438-63b2-41a0-8acf-c4371cc0aece@group-B9390DB8DBF8:LeaderElection16] INFO  server.RaftServerConfigKeys (ConfUtils.java:logGet(43)) - raft.server.log.appender.snapshot.chunk.size.max = 16MB (=16777216) (default)
2019-09-26 23:42:05,763 [60963438-63b2-41a0-8acf-c4371cc0aece@group-B9390DB8DBF8:LeaderElection16] INFO  server.RaftServerConfigKeys (ConfUtils.java:logGet(43)) - raft.server.log.appender.buffer.byte-limit = 33554432 (custom)
2019-09-26 23:42:05,766 [60963438-63b2-41a0-8acf-c4371cc0aece@group-B9390DB8DBF8:LeaderElection16] INFO  server.RaftServerConfigKeys (ConfUtils.java:logGet(43)) - raft.server.log.appender.buffer.element-limit = 1 (custom)
2019-09-26 23:42:05,767 [60963438-63b2-41a0-8acf-c4371cc0aece@group-B9390DB8DBF8:LeaderElection16] INFO  grpc.GrpcConfigKeys$Server (ConfUtils.java:logGet(43)) - raft.grpc.server.leader.outstanding.appends.max = 128 (default)
2019-09-26 23:42:05,767 [60963438-63b2-41a0-8acf-c4371cc0aece@group-B9390DB8DBF8:LeaderElection16] INFO  server.RaftServerConfigKeys (ConfUtils.java:logGet(43)) - raft.server.rpc.request.timeout = 3000ms (default)
2019-09-26 23:42:05,767 [60963438-63b2-41a0-8acf-c4371cc0aece@group-B9390DB8DBF8:LeaderElection16] INFO  server.RaftServerConfigKeys (ConfUtils.java:logGet(43)) - raft.server.log.appender.install.snapshot.enabled = false (custom)
2019-09-26 23:42:05,767 [60963438-63b2-41a0-8acf-c4371cc0aece@group-B9390DB8DBF8:LeaderElection16] INFO  impl.RoleInfo (RoleInfo.java:updateAndGet(143)) - 60963438-63b2-41a0-8acf-c4371cc0aece: start LeaderState
2019-09-26 23:42:05,768 [60963438-63b2-41a0-8acf-c4371cc0aece@group-B9390DB8DBF8:LeaderElection16] INFO  segmented.SegmentedRaftLogWorker (SegmentedRaftLogWorker.java:startLogSegment(380)) - 60963438-63b2-41a0-8acf-c4371cc0aece@group-B9390DB8DBF8-SegmentedRaftLogWorker: Starting segment from index:0
2019-09-26 23:42:05,769 [60963438-63b2-41a0-8acf-c4371cc0aece@group-B9390DB8DBF8:LeaderElection16] INFO  impl.RaftServerImpl (ServerState.java:setRaftConf(354)) - 60963438-63b2-41a0-8acf-c4371cc0aece@group-B9390DB8DBF8: set configuration 0: [5b82487c-0b6e-45f1-9b19-ee8d86ea6de1:192.168.151.109:43751, 60963438-63b2-41a0-8acf-c4371cc0aece:192.168.151.109:45167, 9671e2fb-19cf-4d94-83a6-d109edb687a3:192.168.151.109:46144], old=null at 0
2019-09-26 23:42:05,824 [60963438-63b2-41a0-8acf-c4371cc0aece@group-B9390DB8DBF8-SegmentedRaftLogWorker] INFO  segmented.SegmentedRaftLogWorker (SegmentedRaftLogWorker.java:execute(569)) - 60963438-63b2-41a0-8acf-c4371cc0aece@group-B9390DB8DBF8-SegmentedRaftLogWorker: created new log segment /workdir/hadoop-ozone/ozonefs/target/test-dir/MiniOzoneClusterImpl-732670c7-f75b-424f-848a-3ce441686c31/datanode-1/data/ratis/7fe0383d-3ec4-4ac2-9032-b9390db8dbf8/current/log_inprogress_0
2019-09-26 23:42:05,827 [grpc-default-executor-3] INFO  impl.RaftServerImpl (ServerState.java:setLeader(253)) - 9671e2fb-19cf-4d94-83a6-d109edb687a3@group-B9390DB8DBF8: change Leader from null to 60963438-63b2-41a0-8acf-c4371cc0aece at term 1 for appendEntries, leader elected after 5281ms
2019-09-26 23:42:05,830 [grpc-default-executor-2] INFO  impl.RaftServerImpl (ServerState.java:setLeader(253)) - 5b82487c-0b6e-45f1-9b19-ee8d86ea6de1@group-B9390DB8DBF8: change Leader from null to 60963438-63b2-41a0-8acf-c4371cc0aece at term 1 for appendEntries, leader elected after 5284ms
2019-09-26 23:42:05,827 [grpc-default-executor-0] INFO  impl.RaftServerImpl (ServerState.java:setLeader(253)) - 65e91836-b75a-4544-83ee-502e3b7b211d@group-0544F0709943: change Leader from null to fc06cb59-39ee-4f47-9dde-cbe0d3a3cd99 at term 1 for appendEntries, leader elected after 5398ms
2019-09-26 23:42:05,827 [grpc-default-executor-1] INFO  impl.RaftServerImpl (ServerState.java:setLeader(253)) - 1e248264-0a57-4cd2-bcd2-8134f948d94e@group-0544F0709943: change Leader from null to fc06cb59-39ee-4f47-9dde-cbe0d3a3cd99 at term 1 for appendEntries, leader elected after 5398ms
2019-09-26 23:42:05,898 [grpc-default-executor-0] INFO  impl.RaftServerImpl (ServerState.java:setRaftConf(354)) - 65e91836-b75a-4544-83ee-502e3b7b211d@group-0544F0709943: set configuration 0: [fc06cb59-39ee-4f47-9dde-cbe0d3a3cd99:192.168.151.109:39124, 65e91836-b75a-4544-83ee-502e3b7b211d:192.168.151.109:38455, 1e248264-0a57-4cd2-bcd2-8134f948d94e:192.168.151.109:34639], old=null at 0
2019-09-26 23:42:05,898 [grpc-default-executor-2] INFO  impl.RaftServerImpl (ServerState.java:setRaftConf(354)) - 1e248264-0a57-4cd2-bcd2-8134f948d94e@group-0544F0709943: set configuration 0: [fc06cb59-39ee-4f47-9dde-cbe0d3a3cd99:192.168.151.109:39124, 65e91836-b75a-4544-83ee-502e3b7b211d:192.168.151.109:38455, 1e248264-0a57-4cd2-bcd2-8134f948d94e:192.168.151.109:34639], old=null at 0
2019-09-26 23:42:05,898 [grpc-default-executor-0] INFO  segmented.SegmentedRaftLogWorker (SegmentedRaftLogWorker.java:startLogSegment(380)) - 65e91836-b75a-4544-83ee-502e3b7b211d@group-0544F0709943-SegmentedRaftLogWorker: Starting segment from index:0
2019-09-26 23:42:05,898 [grpc-default-executor-3] INFO  impl.RaftServerImpl (ServerState.java:setRaftConf(354)) - 9671e2fb-19cf-4d94-83a6-d109edb687a3@group-B9390DB8DBF8: set configuration 0: [5b82487c-0b6e-45f1-9b19-ee8d86ea6de1:192.168.151.109:43751, 60963438-63b2-41a0-8acf-c4371cc0aece:192.168.151.109:45167, 9671e2fb-19cf-4d94-83a6-d109edb687a3:192.168.151.109:46144], old=null at 0
2019-09-26 23:42:05,898 [grpc-default-executor-1] INFO  impl.RaftServerImpl (ServerState.java:setRaftConf(354)) - 5b82487c-0b6e-45f1-9b19-ee8d86ea6de1@group-B9390DB8DBF8: set configuration 0: [5b82487c-0b6e-45f1-9b19-ee8d86ea6de1:192.168.151.109:43751, 60963438-63b2-41a0-8acf-c4371cc0aece:192.168.151.109:45167, 9671e2fb-19cf-4d94-83a6-d109edb687a3:192.168.151.109:46144], old=null at 0
2019-09-26 23:42:05,899 [grpc-default-executor-3] INFO  segmented.SegmentedRaftLogWorker (SegmentedRaftLogWorker.java:startLogSegment(380)) - 9671e2fb-19cf-4d94-83a6-d109edb687a3@group-B9390DB8DBF8-SegmentedRaftLogWorker: Starting segment from index:0
2019-09-26 23:42:05,898 [grpc-default-executor-2] INFO  segmented.SegmentedRaftLogWorker (SegmentedRaftLogWorker.java:startLogSegment(380)) - 1e248264-0a57-4cd2-bcd2-8134f948d94e@group-0544F0709943-SegmentedRaftLogWorker: Starting segment from index:0
2019-09-26 23:42:05,899 [grpc-default-executor-1] INFO  segmented.SegmentedRaftLogWorker (SegmentedRaftLogWorker.java:startLogSegment(380)) - 5b82487c-0b6e-45f1-9b19-ee8d86ea6de1@group-B9390DB8DBF8-SegmentedRaftLogWorker: Starting segment from index:0
2019-09-26 23:42:05,950 [9671e2fb-19cf-4d94-83a6-d109edb687a3@group-B9390DB8DBF8-SegmentedRaftLogWorker] INFO  segmented.SegmentedRaftLogWorker (SegmentedRaftLogWorker.java:execute(569)) - 9671e2fb-19cf-4d94-83a6-d109edb687a3@group-B9390DB8DBF8-SegmentedRaftLogWorker: created new log segment /workdir/hadoop-ozone/ozonefs/target/test-dir/MiniOzoneClusterImpl-732670c7-f75b-424f-848a-3ce441686c31/datanode-3/data/ratis/7fe0383d-3ec4-4ac2-9032-b9390db8dbf8/current/log_inprogress_0
2019-09-26 23:42:05,950 [65e91836-b75a-4544-83ee-502e3b7b211d@group-0544F0709943-SegmentedRaftLogWorker] INFO  segmented.SegmentedRaftLogWorker (SegmentedRaftLogWorker.java:execute(569)) - 65e91836-b75a-4544-83ee-502e3b7b211d@group-0544F0709943-SegmentedRaftLogWorker: created new log segment /workdir/hadoop-ozone/ozonefs/target/test-dir/MiniOzoneClusterImpl-732670c7-f75b-424f-848a-3ce441686c31/datanode-7/data/ratis/20000439-4771-41aa-9d61-0544f0709943/current/log_inprogress_0
2019-09-26 23:42:05,950 [1e248264-0a57-4cd2-bcd2-8134f948d94e@group-0544F0709943-SegmentedRaftLogWorker] INFO  segmented.SegmentedRaftLogWorker (SegmentedRaftLogWorker.java:execute(569)) - 1e248264-0a57-4cd2-bcd2-8134f948d94e@group-0544F0709943-SegmentedRaftLogWorker: created new log segment /workdir/hadoop-ozone/ozonefs/target/test-dir/MiniOzoneClusterImpl-732670c7-f75b-424f-848a-3ce441686c31/datanode-6/data/ratis/20000439-4771-41aa-9d61-0544f0709943/current/log_inprogress_0
2019-09-26 23:42:05,950 [5b82487c-0b6e-45f1-9b19-ee8d86ea6de1@group-B9390DB8DBF8-SegmentedRaftLogWorker] INFO  segmented.SegmentedRaftLogWorker (SegmentedRaftLogWorker.java:execute(569)) - 5b82487c-0b6e-45f1-9b19-ee8d86ea6de1@group-B9390DB8DBF8-SegmentedRaftLogWorker: created new log segment /workdir/hadoop-ozone/ozonefs/target/test-dir/MiniOzoneClusterImpl-732670c7-f75b-424f-848a-3ce441686c31/datanode-8/data/ratis/7fe0383d-3ec4-4ac2-9032-b9390db8dbf8/current/log_inprogress_0
2019-09-26 23:42:06,101 [main] INFO  ipc.Client (Client.java:handleConnectionFailure(948)) - Retrying connect to server: localhost/127.0.0.1:0. Already tried 5 time(s); retry policy is RetryUpToMaximumCountWithFixedSleep(maxRetries=10, sleepTime=1000 MILLISECONDS)
2019-09-26 23:42:07,103 [main] INFO  ipc.Client (Client.java:handleConnectionFailure(948)) - Retrying connect to server: localhost/127.0.0.1:0. Already tried 6 time(s); retry policy is RetryUpToMaximumCountWithFixedSleep(maxRetries=10, sleepTime=1000 MILLISECONDS)
2019-09-26 23:42:08,104 [main] INFO  ipc.Client (Client.java:handleConnectionFailure(948)) - Retrying connect to server: localhost/127.0.0.1:0. Already tried 7 time(s); retry policy is RetryUpToMaximumCountWithFixedSleep(maxRetries=10, sleepTime=1000 MILLISECONDS)
2019-09-26 23:42:09,106 [main] INFO  ipc.Client (Client.java:handleConnectionFailure(948)) - Retrying connect to server: localhost/127.0.0.1:0. Already tried 8 time(s); retry policy is RetryUpToMaximumCountWithFixedSleep(maxRetries=10, sleepTime=1000 MILLISECONDS)
2019-09-26 23:42:10,107 [main] INFO  ipc.Client (Client.java:handleConnectionFailure(948)) - Retrying connect to server: localhost/127.0.0.1:0. Already tried 9 time(s); retry policy is RetryUpToMaximumCountWithFixedSleep(maxRetries=10, sleepTime=1000 MILLISECONDS)
2019-09-26 23:42:10,596 [Thread-376] INFO  impl.FollowerState (FollowerState.java:run(106)) - 851bd362-786e-47e4-b76b-6e60954f2395:group-CA38942D40E9 changes to CANDIDATE, lastRpcTime:5026, electionTimeout:5021ms
2019-09-26 23:42:10,596 [Thread-376] INFO  impl.RoleInfo (RoleInfo.java:shutdownFollowerState(121)) - 851bd362-786e-47e4-b76b-6e60954f2395: shutdown FollowerState
2019-09-26 23:42:10,596 [Thread-376] INFO  impl.RaftServerImpl (RaftServerImpl.java:setRole(174)) - 851bd362-786e-47e4-b76b-6e60954f2395@group-CA38942D40E9: changes role from  FOLLOWER to CANDIDATE at term 1 for changeToCandidate
2019-09-26 23:42:10,596 [Thread-376] INFO  impl.RoleInfo (RoleInfo.java:updateAndGet(143)) - 851bd362-786e-47e4-b76b-6e60954f2395: start LeaderElection
2019-09-26 23:42:10,626 [851bd362-786e-47e4-b76b-6e60954f2395@group-CA38942D40E9:LeaderElection17] INFO  impl.LeaderElection (LeaderElection.java:askForVotes(182)) - 851bd362-786e-47e4-b76b-6e60954f2395@group-CA38942D40E9:LeaderElection17: begin an election at term 2 for -1: [c021c5a2-d8d2-494e-ae80-bc384f6a911c:192.168.151.109:37740, e5ad9ec2-43b6-4ed1-8189-34962d8a433d:192.168.151.109:33223, 851bd362-786e-47e4-b76b-6e60954f2395:192.168.151.109:39279], old=null
2019-09-26 23:42:10,635 [grpc-default-executor-3] INFO  impl.RaftServerImpl (RaftServerImpl.java:setRole(174)) - e5ad9ec2-43b6-4ed1-8189-34962d8a433d@group-CA38942D40E9: changes role from  FOLLOWER to FOLLOWER at term 2 for recognizeCandidate:851bd362-786e-47e4-b76b-6e60954f2395
2019-09-26 23:42:10,635 [grpc-default-executor-2] INFO  impl.RaftServerImpl (RaftServerImpl.java:setRole(174)) - c021c5a2-d8d2-494e-ae80-bc384f6a911c@group-CA38942D40E9: changes role from  FOLLOWER to FOLLOWER at term 2 for recognizeCandidate:851bd362-786e-47e4-b76b-6e60954f2395
2019-09-26 23:42:10,636 [grpc-default-executor-3] INFO  impl.RoleInfo (RoleInfo.java:shutdownFollowerState(121)) - e5ad9ec2-43b6-4ed1-8189-34962d8a433d: shutdown FollowerState
2019-09-26 23:42:10,636 [grpc-default-executor-2] INFO  impl.RoleInfo (RoleInfo.java:shutdownFollowerState(121)) - c021c5a2-d8d2-494e-ae80-bc384f6a911c: shutdown FollowerState
2019-09-26 23:42:10,636 [Thread-375] INFO  impl.FollowerState (FollowerState.java:run(115)) - e5ad9ec2-43b6-4ed1-8189-34962d8a433d: FollowerState was interrupted: java.lang.InterruptedException: sleep interrupted
2019-09-26 23:42:10,636 [grpc-default-executor-2] INFO  impl.RoleInfo (RoleInfo.java:updateAndGet(143)) - c021c5a2-d8d2-494e-ae80-bc384f6a911c: start FollowerState
2019-09-26 23:42:10,636 [grpc-default-executor-3] INFO  impl.RoleInfo (RoleInfo.java:updateAndGet(143)) - e5ad9ec2-43b6-4ed1-8189-34962d8a433d: start FollowerState
2019-09-26 23:42:10,636 [Thread-380] INFO  impl.FollowerState (FollowerState.java:run(115)) - c021c5a2-d8d2-494e-ae80-bc384f6a911c: FollowerState was interrupted: java.lang.InterruptedException: sleep interrupted
2019-09-26 23:42:10,654 [851bd362-786e-47e4-b76b-6e60954f2395@group-CA38942D40E9:LeaderElection17] INFO  impl.LeaderElection (LeaderElection.java:logAndReturn(56)) - 851bd362-786e-47e4-b76b-6e60954f2395@group-CA38942D40E9:LeaderElection17: Election PASSED; received 1 response(s) [851bd362-786e-47e4-b76b-6e60954f2395<-c021c5a2-d8d2-494e-ae80-bc384f6a911c#0:OK-t2] and 0 exception(s); 851bd362-786e-47e4-b76b-6e60954f2395@group-CA38942D40E9:t2, leader=null, voted=851bd362-786e-47e4-b76b-6e60954f2395, raftlog=851bd362-786e-47e4-b76b-6e60954f2395@group-CA38942D40E9-SegmentedRaftLog:OPENED:c-1,f-1,i0, conf=-1: [c021c5a2-d8d2-494e-ae80-bc384f6a911c:192.168.151.109:37740, e5ad9ec2-43b6-4ed1-8189-34962d8a433d:192.168.151.109:33223, 851bd362-786e-47e4-b76b-6e60954f2395:192.168.151.109:39279], old=null
2019-09-26 23:42:10,654 [851bd362-786e-47e4-b76b-6e60954f2395@group-CA38942D40E9:LeaderElection17] INFO  impl.RoleInfo (RoleInfo.java:shutdownLeaderElection(134)) - 851bd362-786e-47e4-b76b-6e60954f2395: shutdown LeaderElection
2019-09-26 23:42:10,657 [851bd362-786e-47e4-b76b-6e60954f2395@group-CA38942D40E9:LeaderElection17] INFO  impl.RaftServerImpl (RaftServerImpl.java:setRole(174)) - 851bd362-786e-47e4-b76b-6e60954f2395@group-CA38942D40E9: changes role from CANDIDATE to LEADER at term 2 for changeToLeader
2019-09-26 23:42:10,657 [851bd362-786e-47e4-b76b-6e60954f2395@group-CA38942D40E9:LeaderElection17] INFO  impl.RaftServerImpl (ServerState.java:setLeader(253)) - 851bd362-786e-47e4-b76b-6e60954f2395@group-CA38942D40E9: change Leader from null to 851bd362-786e-47e4-b76b-6e60954f2395 at term 2 for becomeLeader, leader elected after 10366ms
2019-09-26 23:42:10,657 [851bd362-786e-47e4-b76b-6e60954f2395@group-CA38942D40E9:LeaderElection17] INFO  server.RaftServerConfigKeys (ConfUtils.java:logGet(43)) - raft.server.staging.catchup.gap = 1000 (default)
2019-09-26 23:42:10,658 [851bd362-786e-47e4-b76b-6e60954f2395@group-CA38942D40E9:LeaderElection17] INFO  server.RaftServerConfigKeys (ConfUtils.java:logGet(43)) - raft.server.rpc.sleep.time = 25ms (default)
2019-09-26 23:42:10,658 [851bd362-786e-47e4-b76b-6e60954f2395@group-CA38942D40E9:LeaderElection17] INFO  server.RaftServerConfigKeys (ConfUtils.java:logGet(43)) - raft.server.write.element-limit = 4096 (default)
2019-09-26 23:42:10,658 [851bd362-786e-47e4-b76b-6e60954f2395@group-CA38942D40E9:LeaderElection17] INFO  server.RaftServerConfigKeys (ConfUtils.java:logGet(43)) - raft.server.watch.timeout = 10s (default)
2019-09-26 23:42:10,658 [851bd362-786e-47e4-b76b-6e60954f2395@group-CA38942D40E9:LeaderElection17] INFO  server.RaftServerConfigKeys (ConfUtils.java:logGet(43)) - raft.server.watch.timeout.denomination = 1s (default)
2019-09-26 23:42:10,658 [851bd362-786e-47e4-b76b-6e60954f2395@group-CA38942D40E9:LeaderElection17] INFO  server.RaftServerConfigKeys (ConfUtils.java:logGet(43)) - raft.server.watch.element-limit = 65536 (default)
2019-09-26 23:42:10,662 [851bd362-786e-47e4-b76b-6e60954f2395@group-CA38942D40E9:LeaderElection17] INFO  server.RaftServerConfigKeys (ConfUtils.java:logGet(43)) - raft.server.log.appender.snapshot.chunk.size.max = 16MB (=16777216) (default)
2019-09-26 23:42:10,662 [851bd362-786e-47e4-b76b-6e60954f2395@group-CA38942D40E9:LeaderElection17] INFO  server.RaftServerConfigKeys (ConfUtils.java:logGet(43)) - raft.server.log.appender.buffer.byte-limit = 33554432 (custom)
2019-09-26 23:42:10,662 [851bd362-786e-47e4-b76b-6e60954f2395@group-CA38942D40E9:LeaderElection17] INFO  server.RaftServerConfigKeys (ConfUtils.java:logGet(43)) - raft.server.log.appender.buffer.element-limit = 1 (custom)
2019-09-26 23:42:10,663 [851bd362-786e-47e4-b76b-6e60954f2395@group-CA38942D40E9:LeaderElection17] INFO  grpc.GrpcConfigKeys$Server (ConfUtils.java:logGet(43)) - raft.grpc.server.leader.outstanding.appends.max = 128 (default)
2019-09-26 23:42:10,663 [851bd362-786e-47e4-b76b-6e60954f2395@group-CA38942D40E9:LeaderElection17] INFO  server.RaftServerConfigKeys (ConfUtils.java:logGet(43)) - raft.server.rpc.request.timeout = 3000ms (default)
2019-09-26 23:42:10,663 [851bd362-786e-47e4-b76b-6e60954f2395@group-CA38942D40E9:LeaderElection17] INFO  server.RaftServerConfigKeys (ConfUtils.java:logGet(43)) - raft.server.log.appender.install.snapshot.enabled = false (custom)
2019-09-26 23:42:10,663 [851bd362-786e-47e4-b76b-6e60954f2395@group-CA38942D40E9:LeaderElection17] INFO  server.RaftServerConfigKeys (ConfUtils.java:logGet(43)) - raft.server.log.appender.snapshot.chunk.size.max = 16MB (=16777216) (default)
2019-09-26 23:42:10,663 [851bd362-786e-47e4-b76b-6e60954f2395@group-CA38942D40E9:LeaderElection17] INFO  server.RaftServerConfigKeys (ConfUtils.java:logGet(43)) - raft.server.log.appender.buffer.byte-limit = 33554432 (custom)
2019-09-26 23:42:10,664 [851bd362-786e-47e4-b76b-6e60954f2395@group-CA38942D40E9:LeaderElection17] INFO  server.RaftServerConfigKeys (ConfUtils.java:logGet(43)) - raft.server.log.appender.buffer.element-limit = 1 (custom)
2019-09-26 23:42:10,664 [851bd362-786e-47e4-b76b-6e60954f2395@group-CA38942D40E9:LeaderElection17] INFO  grpc.GrpcConfigKeys$Server (ConfUtils.java:logGet(43)) - raft.grpc.server.leader.outstanding.appends.max = 128 (default)
2019-09-26 23:42:10,664 [851bd362-786e-47e4-b76b-6e60954f2395@group-CA38942D40E9:LeaderElection17] INFO  server.RaftServerConfigKeys (ConfUtils.java:logGet(43)) - raft.server.rpc.request.timeout = 3000ms (default)
2019-09-26 23:42:10,664 [851bd362-786e-47e4-b76b-6e60954f2395@group-CA38942D40E9:LeaderElection17] INFO  server.RaftServerConfigKeys (ConfUtils.java:logGet(43)) - raft.server.log.appender.install.snapshot.enabled = false (custom)
2019-09-26 23:42:10,665 [851bd362-786e-47e4-b76b-6e60954f2395@group-CA38942D40E9:LeaderElection17] INFO  impl.RoleInfo (RoleInfo.java:updateAndGet(143)) - 851bd362-786e-47e4-b76b-6e60954f2395: start LeaderState
2019-09-26 23:42:10,665 [851bd362-786e-47e4-b76b-6e60954f2395@group-CA38942D40E9:LeaderElection17] INFO  segmented.SegmentedRaftLogWorker (SegmentedRaftLogWorker.java:startLogSegment(380)) - 851bd362-786e-47e4-b76b-6e60954f2395@group-CA38942D40E9-SegmentedRaftLogWorker: Starting segment from index:0
2019-09-26 23:42:10,666 [851bd362-786e-47e4-b76b-6e60954f2395@group-CA38942D40E9:LeaderElection17] INFO  impl.RaftServerImpl (ServerState.java:setRaftConf(354)) - 851bd362-786e-47e4-b76b-6e60954f2395@group-CA38942D40E9: set configuration 0: [c021c5a2-d8d2-494e-ae80-bc384f6a911c:192.168.151.109:37740, e5ad9ec2-43b6-4ed1-8189-34962d8a433d:192.168.151.109:33223, 851bd362-786e-47e4-b76b-6e60954f2395:192.168.151.109:39279], old=null at 0
2019-09-26 23:42:10,714 [grpc-default-executor-3] INFO  impl.RaftServerImpl (ServerState.java:setLeader(253)) - e5ad9ec2-43b6-4ed1-8189-34962d8a433d@group-CA38942D40E9: change Leader from null to 851bd362-786e-47e4-b76b-6e60954f2395 at term 2 for appendEntries, leader elected after 10423ms
2019-09-26 23:42:10,717 [grpc-default-executor-2] INFO  impl.RaftServerImpl (ServerState.java:setLeader(253)) - c021c5a2-d8d2-494e-ae80-bc384f6a911c@group-CA38942D40E9: change Leader from null to 851bd362-786e-47e4-b76b-6e60954f2395 at term 2 for appendEntries, leader elected after 10425ms
2019-09-26 23:42:10,721 [grpc-default-executor-2] INFO  impl.RaftServerImpl (ServerState.java:setRaftConf(354)) - e5ad9ec2-43b6-4ed1-8189-34962d8a433d@group-CA38942D40E9: set configuration 0: [c021c5a2-d8d2-494e-ae80-bc384f6a911c:192.168.151.109:37740, e5ad9ec2-43b6-4ed1-8189-34962d8a433d:192.168.151.109:33223, 851bd362-786e-47e4-b76b-6e60954f2395:192.168.151.109:39279], old=null at 0
2019-09-26 23:42:10,721 [grpc-default-executor-3] INFO  impl.RaftServerImpl (ServerState.java:setRaftConf(354)) - c021c5a2-d8d2-494e-ae80-bc384f6a911c@group-CA38942D40E9: set configuration 0: [c021c5a2-d8d2-494e-ae80-bc384f6a911c:192.168.151.109:37740, e5ad9ec2-43b6-4ed1-8189-34962d8a433d:192.168.151.109:33223, 851bd362-786e-47e4-b76b-6e60954f2395:192.168.151.109:39279], old=null at 0
2019-09-26 23:42:10,722 [grpc-default-executor-2] INFO  segmented.SegmentedRaftLogWorker (SegmentedRaftLogWorker.java:startLogSegment(380)) - e5ad9ec2-43b6-4ed1-8189-34962d8a433d@group-CA38942D40E9-SegmentedRaftLogWorker: Starting segment from index:0
2019-09-26 23:42:10,722 [grpc-default-executor-3] INFO  segmented.SegmentedRaftLogWorker (SegmentedRaftLogWorker.java:startLogSegment(380)) - c021c5a2-d8d2-494e-ae80-bc384f6a911c@group-CA38942D40E9-SegmentedRaftLogWorker: Starting segment from index:0
2019-09-26 23:42:10,722 [851bd362-786e-47e4-b76b-6e60954f2395@group-CA38942D40E9-SegmentedRaftLogWorker] INFO  segmented.SegmentedRaftLogWorker (SegmentedRaftLogWorker.java:execute(569)) - 851bd362-786e-47e4-b76b-6e60954f2395@group-CA38942D40E9-SegmentedRaftLogWorker: created new log segment /workdir/hadoop-ozone/ozonefs/target/test-dir/MiniOzoneClusterImpl-732670c7-f75b-424f-848a-3ce441686c31/datanode-0/data/ratis/35e20704-6ddb-4a7f-b3af-ca38942d40e9/current/log_inprogress_0
2019-09-26 23:42:10,782 [e5ad9ec2-43b6-4ed1-8189-34962d8a433d@group-CA38942D40E9-SegmentedRaftLogWorker] INFO  segmented.SegmentedRaftLogWorker (SegmentedRaftLogWorker.java:execute(569)) - e5ad9ec2-43b6-4ed1-8189-34962d8a433d@group-CA38942D40E9-SegmentedRaftLogWorker: created new log segment /workdir/hadoop-ozone/ozonefs/target/test-dir/MiniOzoneClusterImpl-732670c7-f75b-424f-848a-3ce441686c31/datanode-2/data/ratis/35e20704-6ddb-4a7f-b3af-ca38942d40e9/current/log_inprogress_0
2019-09-26 23:42:10,782 [c021c5a2-d8d2-494e-ae80-bc384f6a911c@group-CA38942D40E9-SegmentedRaftLogWorker] INFO  segmented.SegmentedRaftLogWorker (SegmentedRaftLogWorker.java:execute(569)) - c021c5a2-d8d2-494e-ae80-bc384f6a911c@group-CA38942D40E9-SegmentedRaftLogWorker: created new log segment /workdir/hadoop-ozone/ozonefs/target/test-dir/MiniOzoneClusterImpl-732670c7-f75b-424f-848a-3ce441686c31/datanode-9/data/ratis/35e20704-6ddb-4a7f-b3af-ca38942d40e9/current/log_inprogress_0
2019-09-26 23:42:11,114 [main] INFO  ipc.Client (Client.java:handleConnectionFailure(948)) - Retrying connect to server: localhost/127.0.0.1:0. Already tried 0 time(s); retry policy is RetryUpToMaximumCountWithFixedSleep(maxRetries=10, sleepTime=1000 MILLISECONDS)
2019-09-26 23:42:12,123 [main] INFO  ipc.Client (Client.java:handleConnectionFailure(948)) - Retrying connect to server: localhost/127.0.0.1:0. Already tried 1 time(s); retry policy is RetryUpToMaximumCountWithFixedSleep(maxRetries=10, sleepTime=1000 MILLISECONDS)
2019-09-26 23:42:13,125 [main] INFO  ipc.Client (Client.java:handleConnectionFailure(948)) - Retrying connect to server: localhost/127.0.0.1:0. Already tried 2 time(s); retry policy is RetryUpToMaximumCountWithFixedSleep(maxRetries=10, sleepTime=1000 MILLISECONDS)
2019-09-26 23:42:14,126 [main] INFO  ipc.Client (Client.java:handleConnectionFailure(948)) - Retrying connect to server: localhost/127.0.0.1:0. Already tried 3 time(s); retry policy is RetryUpToMaximumCountWithFixedSleep(maxRetries=10, sleepTime=1000 MILLISECONDS)
2019-09-26 23:42:15,128 [main] INFO  ipc.Client (Client.java:handleConnectionFailure(948)) - Retrying connect to server: localhost/127.0.0.1:0. Already tried 4 time(s); retry policy is RetryUpToMaximumCountWithFixedSleep(maxRetries=10, sleepTime=1000 MILLISECONDS)
2019-09-26 23:42:16,129 [main] INFO  ipc.Client (Client.java:handleConnectionFailure(948)) - Retrying connect to server: localhost/127.0.0.1:0. Already tried 5 time(s); retry policy is RetryUpToMaximumCountWithFixedSleep(maxRetries=10, sleepTime=1000 MILLISECONDS)
2019-09-26 23:42:17,130 [main] INFO  ipc.Client (Client.java:handleConnectionFailure(948)) - Retrying connect to server: localhost/127.0.0.1:0. Already tried 6 time(s); retry policy is RetryUpToMaximumCountWithFixedSleep(maxRetries=10, sleepTime=1000 MILLISECONDS)
2019-09-26 23:42:18,132 [main] INFO  ipc.Client (Client.java:handleConnectionFailure(948)) - Retrying connect to server: localhost/127.0.0.1:0. Already tried 7 time(s); retry policy is RetryUpToMaximumCountWithFixedSleep(maxRetries=10, sleepTime=1000 MILLISECONDS)
2019-09-26 23:42:19,133 [main] INFO  ipc.Client (Client.java:handleConnectionFailure(948)) - Retrying connect to server: localhost/127.0.0.1:0. Already tried 8 time(s); retry policy is RetryUpToMaximumCountWithFixedSleep(maxRetries=10, sleepTime=1000 MILLISECONDS)
2019-09-26 23:42:20,134 [main] INFO  ipc.Client (Client.java:handleConnectionFailure(948)) - Retrying connect to server: localhost/127.0.0.1:0. Already tried 9 time(s); retry policy is RetryUpToMaximumCountWithFixedSleep(maxRetries=10, sleepTime=1000 MILLISECONDS)
2019-09-26 23:42:20,136 [main] INFO  retry.RetryInvocationHandler (RetryInvocationHandler.java:log(411)) - com.google.protobuf.ServiceException: java.net.ConnectException: Your endpoint configuration is wrong; For more details see:  http://wiki.apache.org/hadoop/UnsetHostnameOrPort, while invoking $Proxy36.submitRequest over nodeId=null,nodeAddress=127.0.0.1:0 after 1 failover attempts. Trying to failover immediately.
2019-09-26 23:42:21,138 [main] INFO  ipc.Client (Client.java:handleConnectionFailure(948)) - Retrying connect to server: localhost/127.0.0.1:0. Already tried 0 time(s); retry policy is RetryUpToMaximumCountWithFixedSleep(maxRetries=10, sleepTime=1000 MILLISECONDS)
2019-09-26 23:42:22,140 [main] INFO  ipc.Client (Client.java:handleConnectionFailure(948)) - Retrying connect to server: localhost/127.0.0.1:0. Already tried 1 time(s); retry policy is RetryUpToMaximumCountWithFixedSleep(maxRetries=10, sleepTime=1000 MILLISECONDS)
2019-09-26 23:42:23,141 [main] INFO  ipc.Client (Client.java:handleConnectionFailure(948)) - Retrying connect to server: localhost/127.0.0.1:0. Already tried 2 time(s); retry policy is RetryUpToMaximumCountWithFixedSleep(maxRetries=10, sleepTime=1000 MILLISECONDS)
2019-09-26 23:42:24,143 [main] INFO  ipc.Client (Client.java:handleConnectionFailure(948)) - Retrying connect to server: localhost/127.0.0.1:0. Already tried 3 time(s); retry policy is RetryUpToMaximumCountWithFixedSleep(maxRetries=10, sleepTime=1000 MILLISECONDS)
2019-09-26 23:42:25,144 [main] INFO  ipc.Client (Client.java:handleConnectionFailure(948)) - Retrying connect to server: localhost/127.0.0.1:0. Already tried 4 time(s); retry policy is RetryUpToMaximumCountWithFixedSleep(maxRetries=10, sleepTime=1000 MILLISECONDS)
2019-09-26 23:42:26,146 [main] INFO  ipc.Client (Client.java:handleConnectionFailure(948)) - Retrying connect to server: localhost/127.0.0.1:0. Already tried 5 time(s); retry policy is RetryUpToMaximumCountWithFixedSleep(maxRetries=10, sleepTime=1000 MILLISECONDS)
2019-09-26 23:42:27,147 [main] INFO  ipc.Client (Client.java:handleConnectionFailure(948)) - Retrying connect to server: localhost/127.0.0.1:0. Already tried 6 time(s); retry policy is RetryUpToMaximumCountWithFixedSleep(maxRetries=10, sleepTime=1000 MILLISECONDS)
2019-09-26 23:42:28,148 [main] INFO  ipc.Client (Client.java:handleConnectionFailure(948)) - Retrying connect to server: localhost/127.0.0.1:0. Already tried 7 time(s); retry policy is RetryUpToMaximumCountWithFixedSleep(maxRetries=10, sleepTime=1000 MILLISECONDS)
2019-09-26 23:42:29,150 [main] INFO  ipc.Client (Client.java:handleConnectionFailure(948)) - Retrying connect to server: localhost/127.0.0.1:0. Already tried 8 time(s); retry policy is RetryUpToMaximumCountWithFixedSleep(maxRetries=10, sleepTime=1000 MILLISECONDS)
2019-09-26 23:42:30,151 [main] INFO  ipc.Client (Client.java:handleConnectionFailure(948)) - Retrying connect to server: localhost/127.0.0.1:0. Already tried 9 time(s); retry policy is RetryUpToMaximumCountWithFixedSleep(maxRetries=10, sleepTime=1000 MILLISECONDS)
2019-09-26 23:42:30,153 [main] INFO  retry.RetryInvocationHandler (RetryInvocationHandler.java:log(411)) - com.google.protobuf.ServiceException: java.net.ConnectException: Your endpoint configuration is wrong; For more details see:  http://wiki.apache.org/hadoop/UnsetHostnameOrPort, while invoking $Proxy36.submitRequest over nodeId=null,nodeAddress=127.0.0.1:0 after 2 failover attempts. Trying to failover immediately.
2019-09-26 23:42:31,154 [main] INFO  ipc.Client (Client.java:handleConnectionFailure(948)) - Retrying connect to server: localhost/127.0.0.1:0. Already tried 0 time(s); retry policy is RetryUpToMaximumCountWithFixedSleep(maxRetries=10, sleepTime=1000 MILLISECONDS)
2019-09-26 23:42:32,156 [main] INFO  ipc.Client (Client.java:handleConnectionFailure(948)) - Retrying connect to server: localhost/127.0.0.1:0. Already tried 1 time(s); retry policy is RetryUpToMaximumCountWithFixedSleep(maxRetries=10, sleepTime=1000 MILLISECONDS)
2019-09-26 23:42:33,157 [main] INFO  ipc.Client (Client.java:handleConnectionFailure(948)) - Retrying connect to server: localhost/127.0.0.1:0. Already tried 2 time(s); retry policy is RetryUpToMaximumCountWithFixedSleep(maxRetries=10, sleepTime=1000 MILLISECONDS)
2019-09-26 23:42:34,158 [main] INFO  ipc.Client (Client.java:handleConnectionFailure(948)) - Retrying connect to server: localhost/127.0.0.1:0. Already tried 3 time(s); retry policy is RetryUpToMaximumCountWithFixedSleep(maxRetries=10, sleepTime=1000 MILLISECONDS)
2019-09-26 23:42:35,159 [main] INFO  ipc.Client (Client.java:handleConnectionFailure(948)) - Retrying connect to server: localhost/127.0.0.1:0. Already tried 4 time(s); retry policy is RetryUpToMaximumCountWithFixedSleep(maxRetries=10, sleepTime=1000 MILLISECONDS)
2019-09-26 23:42:36,161 [main] INFO  ipc.Client (Client.java:handleConnectionFailure(948)) - Retrying connect to server: localhost/127.0.0.1:0. Already tried 5 time(s); retry policy is RetryUpToMaximumCountWithFixedSleep(maxRetries=10, sleepTime=1000 MILLISECONDS)
2019-09-26 23:42:37,162 [main] INFO  ipc.Client (Client.java:handleConnectionFailure(948)) - Retrying connect to server: localhost/127.0.0.1:0. Already tried 6 time(s); retry policy is RetryUpToMaximumCountWithFixedSleep(maxRetries=10, sleepTime=1000 MILLISECONDS)
2019-09-26 23:42:38,164 [main] INFO  ipc.Client (Client.java:handleConnectionFailure(948)) - Retrying connect to server: localhost/127.0.0.1:0. Already tried 7 time(s); retry policy is RetryUpToMaximumCountWithFixedSleep(maxRetries=10, sleepTime=1000 MILLISECONDS)
2019-09-26 23:42:39,165 [main] INFO  ipc.Client (Client.java:handleConnectionFailure(948)) - Retrying connect to server: localhost/127.0.0.1:0. Already tried 8 time(s); retry policy is RetryUpToMaximumCountWithFixedSleep(maxRetries=10, sleepTime=1000 MILLISECONDS)
2019-09-26 23:42:40,166 [main] INFO  ipc.Client (Client.java:handleConnectionFailure(948)) - Retrying connect to server: localhost/127.0.0.1:0. Already tried 9 time(s); retry policy is RetryUpToMaximumCountWithFixedSleep(maxRetries=10, sleepTime=1000 MILLISECONDS)
2019-09-26 23:42:40,168 [main] INFO  retry.RetryInvocationHandler (RetryInvocationHandler.java:log(411)) - com.google.protobuf.ServiceException: java.net.ConnectException: Your endpoint configuration is wrong; For more details see:  http://wiki.apache.org/hadoop/UnsetHostnameOrPort, while invoking $Proxy36.submitRequest over nodeId=null,nodeAddress=127.0.0.1:0 after 3 failover attempts. Trying to failover immediately.
2019-09-26 23:42:41,169 [main] INFO  ipc.Client (Client.java:handleConnectionFailure(948)) - Retrying connect to server: localhost/127.0.0.1:0. Already tried 0 time(s); retry policy is RetryUpToMaximumCountWithFixedSleep(maxRetries=10, sleepTime=1000 MILLISECONDS)
2019-09-26 23:42:42,171 [main] INFO  ipc.Client (Client.java:handleConnectionFailure(948)) - Retrying connect to server: localhost/127.0.0.1:0. Already tried 1 time(s); retry policy is RetryUpToMaximumCountWithFixedSleep(maxRetries=10, sleepTime=1000 MILLISECONDS)
2019-09-26 23:42:43,172 [main] INFO  ipc.Client (Client.java:handleConnectionFailure(948)) - Retrying connect to server: localhost/127.0.0.1:0. Already tried 2 time(s); retry policy is RetryUpToMaximumCountWithFixedSleep(maxRetries=10, sleepTime=1000 MILLISECONDS)
2019-09-26 23:42:44,174 [main] INFO  ipc.Client (Client.java:handleConnectionFailure(948)) - Retrying connect to server: localhost/127.0.0.1:0. Already tried 3 time(s); retry policy is RetryUpToMaximumCountWithFixedSleep(maxRetries=10, sleepTime=1000 MILLISECONDS)
2019-09-26 23:42:45,175 [main] INFO  ipc.Client (Client.java:handleConnectionFailure(948)) - Retrying connect to server: localhost/127.0.0.1:0. Already tried 4 time(s); retry policy is RetryUpToMaximumCountWithFixedSleep(maxRetries=10, sleepTime=1000 MILLISECONDS)
2019-09-26 23:42:46,176 [main] INFO  ipc.Client (Client.java:handleConnectionFailure(948)) - Retrying connect to server: localhost/127.0.0.1:0. Already tried 5 time(s); retry policy is RetryUpToMaximumCountWithFixedSleep(maxRetries=10, sleepTime=1000 MILLISECONDS)
2019-09-26 23:42:47,178 [main] INFO  ipc.Client (Client.java:handleConnectionFailure(948)) - Retrying connect to server: localhost/127.0.0.1:0. Already tried 6 time(s); retry policy is RetryUpToMaximumCountWithFixedSleep(maxRetries=10, sleepTime=1000 MILLISECONDS)
2019-09-26 23:42:48,179 [main] INFO  ipc.Client (Client.java:handleConnectionFailure(948)) - Retrying connect to server: localhost/127.0.0.1:0. Already tried 7 time(s); retry policy is RetryUpToMaximumCountWithFixedSleep(maxRetries=10, sleepTime=1000 MILLISECONDS)
2019-09-26 23:42:49,507 [main] INFO  ipc.Client (Client.java:handleConnectionFailure(948)) - Retrying connect to server: localhost/127.0.0.1:0. Already tried 8 time(s); retry policy is RetryUpToMaximumCountWithFixedSleep(maxRetries=10, sleepTime=1000 MILLISECONDS)
2019-09-26 23:42:50,512 [main] INFO  ipc.Client (Client.java:handleConnectionFailure(948)) - Retrying connect to server: localhost/127.0.0.1:0. Already tried 9 time(s); retry policy is RetryUpToMaximumCountWithFixedSleep(maxRetries=10, sleepTime=1000 MILLISECONDS)
2019-09-26 23:42:50,514 [main] INFO  retry.RetryInvocationHandler (RetryInvocationHandler.java:log(411)) - com.google.protobuf.ServiceException: java.net.ConnectException: Your endpoint configuration is wrong; For more details see:  http://wiki.apache.org/hadoop/UnsetHostnameOrPort, while invoking $Proxy36.submitRequest over nodeId=null,nodeAddress=127.0.0.1:0 after 4 failover attempts. Trying to failover immediately.
2019-09-26 23:42:51,515 [main] INFO  ipc.Client (Client.java:handleConnectionFailure(948)) - Retrying connect to server: localhost/127.0.0.1:0. Already tried 0 time(s); retry policy is RetryUpToMaximumCountWithFixedSleep(maxRetries=10, sleepTime=1000 MILLISECONDS)
2019-09-26 23:42:52,517 [main] INFO  ipc.Client (Client.java:handleConnectionFailure(948)) - Retrying connect to server: localhost/127.0.0.1:0. Already tried 1 time(s); retry policy is RetryUpToMaximumCountWithFixedSleep(maxRetries=10, sleepTime=1000 MILLISECONDS)
2019-09-26 23:42:53,518 [main] INFO  ipc.Client (Client.java:handleConnectionFailure(948)) - Retrying connect to server: localhost/127.0.0.1:0. Already tried 2 time(s); retry policy is RetryUpToMaximumCountWithFixedSleep(maxRetries=10, sleepTime=1000 MILLISECONDS)
2019-09-26 23:42:54,519 [main] INFO  ipc.Client (Client.java:handleConnectionFailure(948)) - Retrying connect to server: localhost/127.0.0.1:0. Already tried 3 time(s); retry policy is RetryUpToMaximumCountWithFixedSleep(maxRetries=10, sleepTime=1000 MILLISECONDS)
2019-09-26 23:42:55,521 [main] INFO  ipc.Client (Client.java:handleConnectionFailure(948)) - Retrying connect to server: localhost/127.0.0.1:0. Already tried 4 time(s); retry policy is RetryUpToMaximumCountWithFixedSleep(maxRetries=10, sleepTime=1000 MILLISECONDS)
2019-09-26 23:42:56,522 [main] INFO  ipc.Client (Client.java:handleConnectionFailure(948)) - Retrying connect to server: localhost/127.0.0.1:0. Already tried 5 time(s); retry policy is RetryUpToMaximumCountWithFixedSleep(maxRetries=10, sleepTime=1000 MILLISECONDS)
2019-09-26 23:42:57,523 [main] INFO  ipc.Client (Client.java:handleConnectionFailure(948)) - Retrying connect to server: localhost/127.0.0.1:0. Already tried 6 time(s); retry policy is RetryUpToMaximumCountWithFixedSleep(maxRetries=10, sleepTime=1000 MILLISECONDS)
2019-09-26 23:42:58,525 [main] INFO  ipc.Client (Client.java:handleConnectionFailure(948)) - Retrying connect to server: localhost/127.0.0.1:0. Already tried 7 time(s); retry policy is RetryUpToMaximumCountWithFixedSleep(maxRetries=10, sleepTime=1000 MILLISECONDS)
2019-09-26 23:42:59,526 [main] INFO  ipc.Client (Client.java:handleConnectionFailure(948)) - Retrying connect to server: localhost/127.0.0.1:0. Already tried 8 time(s); retry policy is RetryUpToMaximumCountWithFixedSleep(maxRetries=10, sleepTime=1000 MILLISECONDS)
2019-09-26 23:43:00,527 [main] INFO  ipc.Client (Client.java:handleConnectionFailure(948)) - Retrying connect to server: localhost/127.0.0.1:0. Already tried 9 time(s); retry policy is RetryUpToMaximumCountWithFixedSleep(maxRetries=10, sleepTime=1000 MILLISECONDS)
2019-09-26 23:43:00,529 [main] INFO  retry.RetryInvocationHandler (RetryInvocationHandler.java:log(411)) - com.google.protobuf.ServiceException: java.net.ConnectException: Your endpoint configuration is wrong; For more details see:  http://wiki.apache.org/hadoop/UnsetHostnameOrPort, while invoking $Proxy36.submitRequest over nodeId=null,nodeAddress=127.0.0.1:0 after 5 failover attempts. Trying to failover immediately.
2019-09-26 23:43:01,530 [main] INFO  ipc.Client (Client.java:handleConnectionFailure(948)) - Retrying connect to server: localhost/127.0.0.1:0. Already tried 0 time(s); retry policy is RetryUpToMaximumCountWithFixedSleep(maxRetries=10, sleepTime=1000 MILLISECONDS)
2019-09-26 23:43:02,532 [main] INFO  ipc.Client (Client.java:handleConnectionFailure(948)) - Retrying connect to server: localhost/127.0.0.1:0. Already tried 1 time(s); retry policy is RetryUpToMaximumCountWithFixedSleep(maxRetries=10, sleepTime=1000 MILLISECONDS)
2019-09-26 23:43:03,533 [main] INFO  ipc.Client (Client.java:handleConnectionFailure(948)) - Retrying connect to server: localhost/127.0.0.1:0. Already tried 2 time(s); retry policy is RetryUpToMaximumCountWithFixedSleep(maxRetries=10, sleepTime=1000 MILLISECONDS)
2019-09-26 23:43:04,534 [main] INFO  ipc.Client (Client.java:handleConnectionFailure(948)) - Retrying connect to server: localhost/127.0.0.1:0. Already tried 3 time(s); retry policy is RetryUpToMaximumCountWithFixedSleep(maxRetries=10, sleepTime=1000 MILLISECONDS)
2019-09-26 23:43:05,536 [main] INFO  ipc.Client (Client.java:handleConnectionFailure(948)) - Retrying connect to server: localhost/127.0.0.1:0. Already tried 4 time(s); retry policy is RetryUpToMaximumCountWithFixedSleep(maxRetries=10, sleepTime=1000 MILLISECONDS)
2019-09-26 23:43:06,537 [main] INFO  ipc.Client (Client.java:handleConnectionFailure(948)) - Retrying connect to server: localhost/127.0.0.1:0. Already tried 5 time(s); retry policy is RetryUpToMaximumCountWithFixedSleep(maxRetries=10, sleepTime=1000 MILLISECONDS)
2019-09-26 23:43:07,538 [main] INFO  ipc.Client (Client.java:handleConnectionFailure(948)) - Retrying connect to server: localhost/127.0.0.1:0. Already tried 6 time(s); retry policy is RetryUpToMaximumCountWithFixedSleep(maxRetries=10, sleepTime=1000 MILLISECONDS)
2019-09-26 23:43:08,540 [main] INFO  ipc.Client (Client.java:handleConnectionFailure(948)) - Retrying connect to server: localhost/127.0.0.1:0. Already tried 7 time(s); retry policy is RetryUpToMaximumCountWithFixedSleep(maxRetries=10, sleepTime=1000 MILLISECONDS)
2019-09-26 23:43:09,541 [main] INFO  ipc.Client (Client.java:handleConnectionFailure(948)) - Retrying connect to server: localhost/127.0.0.1:0. Already tried 8 time(s); retry policy is RetryUpToMaximumCountWithFixedSleep(maxRetries=10, sleepTime=1000 MILLISECONDS)
2019-09-26 23:43:10,542 [main] INFO  ipc.Client (Client.java:handleConnectionFailure(948)) - Retrying connect to server: localhost/127.0.0.1:0. Already tried 9 time(s); retry policy is RetryUpToMaximumCountWithFixedSleep(maxRetries=10, sleepTime=1000 MILLISECONDS)
2019-09-26 23:43:10,544 [main] INFO  retry.RetryInvocationHandler (RetryInvocationHandler.java:log(411)) - com.google.protobuf.ServiceException: java.net.ConnectException: Your endpoint configuration is wrong; For more details see:  http://wiki.apache.org/hadoop/UnsetHostnameOrPort, while invoking $Proxy36.submitRequest over nodeId=null,nodeAddress=127.0.0.1:0 after 6 failover attempts. Trying to failover immediately.
2019-09-26 23:43:11,545 [main] INFO  ipc.Client (Client.java:handleConnectionFailure(948)) - Retrying connect to server: localhost/127.0.0.1:0. Already tried 0 time(s); retry policy is RetryUpToMaximumCountWithFixedSleep(maxRetries=10, sleepTime=1000 MILLISECONDS)
2019-09-26 23:43:12,547 [main] INFO  ipc.Client (Client.java:handleConnectionFailure(948)) - Retrying connect to server: localhost/127.0.0.1:0. Already tried 1 time(s); retry policy is RetryUpToMaximumCountWithFixedSleep(maxRetries=10, sleepTime=1000 MILLISECONDS)
2019-09-26 23:43:13,548 [main] INFO  ipc.Client (Client.java:handleConnectionFailure(948)) - Retrying connect to server: localhost/127.0.0.1:0. Already tried 2 time(s); retry policy is RetryUpToMaximumCountWithFixedSleep(maxRetries=10, sleepTime=1000 MILLISECONDS)
2019-09-26 23:43:14,549 [main] INFO  ipc.Client (Client.java:handleConnectionFailure(948)) - Retrying connect to server: localhost/127.0.0.1:0. Already tried 3 time(s); retry policy is RetryUpToMaximumCountWithFixedSleep(maxRetries=10, sleepTime=1000 MILLISECONDS)
2019-09-26 23:43:15,551 [main] INFO  ipc.Client (Client.java:handleConnectionFailure(948)) - Retrying connect to server: localhost/127.0.0.1:0. Already tried 4 time(s); retry policy is RetryUpToMaximumCountWithFixedSleep(maxRetries=10, sleepTime=1000 MILLISECONDS)
2019-09-26 23:43:16,552 [main] INFO  ipc.Client (Client.java:handleConnectionFailure(948)) - Retrying connect to server: localhost/127.0.0.1:0. Already tried 5 time(s); retry policy is RetryUpToMaximumCountWithFixedSleep(maxRetries=10, sleepTime=1000 MILLISECONDS)
2019-09-26 23:43:17,554 [main] INFO  ipc.Client (Client.java:handleConnectionFailure(948)) - Retrying connect to server: localhost/127.0.0.1:0. Already tried 6 time(s); retry policy is RetryUpToMaximumCountWithFixedSleep(maxRetries=10, sleepTime=1000 MILLISECONDS)
2019-09-26 23:43:18,555 [main] INFO  ipc.Client (Client.java:handleConnectionFailure(948)) - Retrying connect to server: localhost/127.0.0.1:0. Already tried 7 time(s); retry policy is RetryUpToMaximumCountWithFixedSleep(maxRetries=10, sleepTime=1000 MILLISECONDS)
2019-09-26 23:43:19,556 [main] INFO  ipc.Client (Client.java:handleConnectionFailure(948)) - Retrying connect to server: localhost/127.0.0.1:0. Already tried 8 time(s); retry policy is RetryUpToMaximumCountWithFixedSleep(maxRetries=10, sleepTime=1000 MILLISECONDS)
2019-09-26 23:43:20,557 [main] INFO  ipc.Client (Client.java:handleConnectionFailure(948)) - Retrying connect to server: localhost/127.0.0.1:0. Already tried 9 time(s); retry policy is RetryUpToMaximumCountWithFixedSleep(maxRetries=10, sleepTime=1000 MILLISECONDS)
2019-09-26 23:43:20,559 [main] INFO  retry.RetryInvocationHandler (RetryInvocationHandler.java:log(411)) - com.google.protobuf.ServiceException: java.net.ConnectException: Your endpoint configuration is wrong; For more details see:  http://wiki.apache.org/hadoop/UnsetHostnameOrPort, while invoking $Proxy36.submitRequest over nodeId=null,nodeAddress=127.0.0.1:0 after 7 failover attempts. Trying to failover immediately.
2019-09-26 23:43:21,560 [main] INFO  ipc.Client (Client.java:handleConnectionFailure(948)) - Retrying connect to server: localhost/127.0.0.1:0. Already tried 0 time(s); retry policy is RetryUpToMaximumCountWithFixedSleep(maxRetries=10, sleepTime=1000 MILLISECONDS)
2019-09-26 23:43:22,562 [main] INFO  ipc.Client (Client.java:handleConnectionFailure(948)) - Retrying connect to server: localhost/127.0.0.1:0. Already tried 1 time(s); retry policy is RetryUpToMaximumCountWithFixedSleep(maxRetries=10, sleepTime=1000 MILLISECONDS)
2019-09-26 23:43:23,563 [main] INFO  ipc.Client (Client.java:handleConnectionFailure(948)) - Retrying connect to server: localhost/127.0.0.1:0. Already tried 2 time(s); retry policy is RetryUpToMaximumCountWithFixedSleep(maxRetries=10, sleepTime=1000 MILLISECONDS)
2019-09-26 23:43:24,564 [main] INFO  ipc.Client (Client.java:handleConnectionFailure(948)) - Retrying connect to server: localhost/127.0.0.1:0. Already tried 3 time(s); retry policy is RetryUpToMaximumCountWithFixedSleep(maxRetries=10, sleepTime=1000 MILLISECONDS)
2019-09-26 23:43:25,566 [main] INFO  ipc.Client (Client.java:handleConnectionFailure(948)) - Retrying connect to server: localhost/127.0.0.1:0. Already tried 4 time(s); retry policy is RetryUpToMaximumCountWithFixedSleep(maxRetries=10, sleepTime=1000 MILLISECONDS)
2019-09-26 23:43:26,567 [main] INFO  ipc.Client (Client.java:handleConnectionFailure(948)) - Retrying connect to server: localhost/127.0.0.1:0. Already tried 5 time(s); retry policy is RetryUpToMaximumCountWithFixedSleep(maxRetries=10, sleepTime=1000 MILLISECONDS)
2019-09-26 23:43:27,568 [main] INFO  ipc.Client (Client.java:handleConnectionFailure(948)) - Retrying connect to server: localhost/127.0.0.1:0. Already tried 6 time(s); retry policy is RetryUpToMaximumCountWithFixedSleep(maxRetries=10, sleepTime=1000 MILLISECONDS)
2019-09-26 23:43:28,569 [main] INFO  ipc.Client (Client.java:handleConnectionFailure(948)) - Retrying connect to server: localhost/127.0.0.1:0. Already tried 7 time(s); retry policy is RetryUpToMaximumCountWithFixedSleep(maxRetries=10, sleepTime=1000 MILLISECONDS)
2019-09-26 23:43:29,571 [main] INFO  ipc.Client (Client.java:handleConnectionFailure(948)) - Retrying connect to server: localhost/127.0.0.1:0. Already tried 8 time(s); retry policy is RetryUpToMaximumCountWithFixedSleep(maxRetries=10, sleepTime=1000 MILLISECONDS)
2019-09-26 23:43:30,572 [main] INFO  ipc.Client (Client.java:handleConnectionFailure(948)) - Retrying connect to server: localhost/127.0.0.1:0. Already tried 9 time(s); retry policy is RetryUpToMaximumCountWithFixedSleep(maxRetries=10, sleepTime=1000 MILLISECONDS)
2019-09-26 23:43:30,574 [main] INFO  retry.RetryInvocationHandler (RetryInvocationHandler.java:log(411)) - com.google.protobuf.ServiceException: java.net.ConnectException: Your endpoint configuration is wrong; For more details see:  http://wiki.apache.org/hadoop/UnsetHostnameOrPort, while invoking $Proxy36.submitRequest over nodeId=null,nodeAddress=127.0.0.1:0 after 8 failover attempts. Trying to failover immediately.
2019-09-26 23:43:31,575 [main] INFO  ipc.Client (Client.java:handleConnectionFailure(948)) - Retrying connect to server: localhost/127.0.0.1:0. Already tried 0 time(s); retry policy is RetryUpToMaximumCountWithFixedSleep(maxRetries=10, sleepTime=1000 MILLISECONDS)
2019-09-26 23:43:32,577 [main] INFO  ipc.Client (Client.java:handleConnectionFailure(948)) - Retrying connect to server: localhost/127.0.0.1:0. Already tried 1 time(s); retry policy is RetryUpToMaximumCountWithFixedSleep(maxRetries=10, sleepTime=1000 MILLISECONDS)
2019-09-26 23:43:33,578 [main] INFO  ipc.Client (Client.java:handleConnectionFailure(948)) - Retrying connect to server: localhost/127.0.0.1:0. Already tried 2 time(s); retry policy is RetryUpToMaximumCountWithFixedSleep(maxRetries=10, sleepTime=1000 MILLISECONDS)
2019-09-26 23:43:34,580 [main] INFO  ipc.Client (Client.java:handleConnectionFailure(948)) - Retrying connect to server: localhost/127.0.0.1:0. Already tried 3 time(s); retry policy is RetryUpToMaximumCountWithFixedSleep(maxRetries=10, sleepTime=1000 MILLISECONDS)
2019-09-26 23:43:35,581 [main] INFO  ipc.Client (Client.java:handleConnectionFailure(948)) - Retrying connect to server: localhost/127.0.0.1:0. Already tried 4 time(s); retry policy is RetryUpToMaximumCountWithFixedSleep(maxRetries=10, sleepTime=1000 MILLISECONDS)
2019-09-26 23:43:36,582 [main] INFO  ipc.Client (Client.java:handleConnectionFailure(948)) - Retrying connect to server: localhost/127.0.0.1:0. Already tried 5 time(s); retry policy is RetryUpToMaximumCountWithFixedSleep(maxRetries=10, sleepTime=1000 MILLISECONDS)
2019-09-26 23:43:37,584 [main] INFO  ipc.Client (Client.java:handleConnectionFailure(948)) - Retrying connect to server: localhost/127.0.0.1:0. Already tried 6 time(s); retry policy is RetryUpToMaximumCountWithFixedSleep(maxRetries=10, sleepTime=1000 MILLISECONDS)
2019-09-26 23:43:38,585 [main] INFO  ipc.Client (Client.java:handleConnectionFailure(948)) - Retrying connect to server: localhost/127.0.0.1:0. Already tried 7 time(s); retry policy is RetryUpToMaximumCountWithFixedSleep(maxRetries=10, sleepTime=1000 MILLISECONDS)
2019-09-26 23:43:39,586 [main] INFO  ipc.Client (Client.java:handleConnectionFailure(948)) - Retrying connect to server: localhost/127.0.0.1:0. Already tried 8 time(s); retry policy is RetryUpToMaximumCountWithFixedSleep(maxRetries=10, sleepTime=1000 MILLISECONDS)
2019-09-26 23:43:40,587 [main] INFO  ipc.Client (Client.java:handleConnectionFailure(948)) - Retrying connect to server: localhost/127.0.0.1:0. Already tried 9 time(s); retry policy is RetryUpToMaximumCountWithFixedSleep(maxRetries=10, sleepTime=1000 MILLISECONDS)
2019-09-26 23:43:40,590 [main] INFO  retry.RetryInvocationHandler (RetryInvocationHandler.java:log(411)) - com.google.protobuf.ServiceException: java.net.ConnectException: Your endpoint configuration is wrong; For more details see:  http://wiki.apache.org/hadoop/UnsetHostnameOrPort, while invoking $Proxy36.submitRequest over nodeId=null,nodeAddress=127.0.0.1:0 after 9 failover attempts. Trying to failover immediately.
2019-09-26 23:43:41,592 [main] INFO  ipc.Client (Client.java:handleConnectionFailure(948)) - Retrying connect to server: localhost/127.0.0.1:0. Already tried 0 time(s); retry policy is RetryUpToMaximumCountWithFixedSleep(maxRetries=10, sleepTime=1000 MILLISECONDS)
2019-09-26 23:43:42,593 [main] INFO  ipc.Client (Client.java:handleConnectionFailure(948)) - Retrying connect to server: localhost/127.0.0.1:0. Already tried 1 time(s); retry policy is RetryUpToMaximumCountWithFixedSleep(maxRetries=10, sleepTime=1000 MILLISECONDS)
2019-09-26 23:43:43,595 [main] INFO  ipc.Client (Client.java:handleConnectionFailure(948)) - Retrying connect to server: localhost/127.0.0.1:0. Already tried 2 time(s); retry policy is RetryUpToMaximumCountWithFixedSleep(maxRetries=10, sleepTime=1000 MILLISECONDS)
2019-09-26 23:43:44,596 [main] INFO  ipc.Client (Client.java:handleConnectionFailure(948)) - Retrying connect to server: localhost/127.0.0.1:0. Already tried 3 time(s); retry policy is RetryUpToMaximumCountWithFixedSleep(maxRetries=10, sleepTime=1000 MILLISECONDS)
2019-09-26 23:43:45,598 [main] INFO  ipc.Client (Client.java:handleConnectionFailure(948)) - Retrying connect to server: localhost/127.0.0.1:0. Already tried 4 time(s); retry policy is RetryUpToMaximumCountWithFixedSleep(maxRetries=10, sleepTime=1000 MILLISECONDS)
2019-09-26 23:43:46,599 [main] INFO  ipc.Client (Client.java:handleConnectionFailure(948)) - Retrying connect to server: localhost/127.0.0.1:0. Already tried 5 time(s); retry policy is RetryUpToMaximumCountWithFixedSleep(maxRetries=10, sleepTime=1000 MILLISECONDS)
2019-09-26 23:43:47,600 [main] INFO  ipc.Client (Client.java:handleConnectionFailure(948)) - Retrying connect to server: localhost/127.0.0.1:0. Already tried 6 time(s); retry policy is RetryUpToMaximumCountWithFixedSleep(maxRetries=10, sleepTime=1000 MILLISECONDS)
2019-09-26 23:43:48,602 [main] INFO  ipc.Client (Client.java:handleConnectionFailure(948)) - Retrying connect to server: localhost/127.0.0.1:0. Already tried 7 time(s); retry policy is RetryUpToMaximumCountWithFixedSleep(maxRetries=10, sleepTime=1000 MILLISECONDS)
2019-09-26 23:43:49,603 [main] INFO  ipc.Client (Client.java:handleConnectionFailure(948)) - Retrying connect to server: localhost/127.0.0.1:0. Already tried 8 time(s); retry policy is RetryUpToMaximumCountWithFixedSleep(maxRetries=10, sleepTime=1000 MILLISECONDS)
2019-09-26 23:43:50,604 [main] INFO  ipc.Client (Client.java:handleConnectionFailure(948)) - Retrying connect to server: localhost/127.0.0.1:0. Already tried 9 time(s); retry policy is RetryUpToMaximumCountWithFixedSleep(maxRetries=10, sleepTime=1000 MILLISECONDS)
2019-09-26 23:43:50,606 [main] ERROR ha.OMFailoverProxyProvider (OzoneManagerProtocolClientSideTranslatorPB.java:getRetryAction(268)) - Failed to connect to OM. Attempted 10 retries and 10 failovers
2019-09-26 23:43:50,610 [main] ERROR client.OzoneClientFactory (OzoneClientFactory.java:getClientProtocol(259)) - Couldn't create RpcClient protocol exception: 
java.net.ConnectException: Your endpoint configuration is wrong; For more details see:  http://wiki.apache.org/hadoop/UnsetHostnameOrPort
	at sun.reflect.NativeConstructorAccessorImpl.newInstance0(Native Method)
	at sun.reflect.NativeConstructorAccessorImpl.newInstance(NativeConstructorAccessorImpl.java:62)
	at sun.reflect.DelegatingConstructorAccessorImpl.newInstance(DelegatingConstructorAccessorImpl.java:45)
	at java.lang.reflect.Constructor.newInstance(Constructor.java:423)
	at org.apache.hadoop.net.NetUtils.wrapWithMessage(NetUtils.java:831)
	at org.apache.hadoop.net.NetUtils.wrapException(NetUtils.java:751)
	at org.apache.hadoop.ipc.Client.getRpcResponse(Client.java:1515)
	at org.apache.hadoop.ipc.Client.call(Client.java:1457)
	at org.apache.hadoop.ipc.Client.call(Client.java:1367)
	at org.apache.hadoop.ipc.ProtobufRpcEngine$Invoker.invoke(ProtobufRpcEngine.java:228)
	at org.apache.hadoop.ipc.ProtobufRpcEngine$Invoker.invoke(ProtobufRpcEngine.java:116)
	at com.sun.proxy.$Proxy36.submitRequest(Unknown Source)
	at sun.reflect.NativeMethodAccessorImpl.invoke0(Native Method)
	at sun.reflect.NativeMethodAccessorImpl.invoke(NativeMethodAccessorImpl.java:62)
	at sun.reflect.DelegatingMethodAccessorImpl.invoke(DelegatingMethodAccessorImpl.java:43)
	at java.lang.reflect.Method.invoke(Method.java:498)
	at org.apache.hadoop.io.retry.RetryInvocationHandler.invokeMethod(RetryInvocationHandler.java:422)
	at org.apache.hadoop.io.retry.RetryInvocationHandler$Call.invokeMethod(RetryInvocationHandler.java:165)
	at org.apache.hadoop.io.retry.RetryInvocationHandler$Call.invoke(RetryInvocationHandler.java:157)
	at org.apache.hadoop.io.retry.RetryInvocationHandler$Call.invokeOnce(RetryInvocationHandler.java:95)
	at org.apache.hadoop.io.retry.RetryInvocationHandler.invoke(RetryInvocationHandler.java:359)
	at com.sun.proxy.$Proxy36.submitRequest(Unknown Source)
	at org.apache.hadoop.ozone.om.protocolPB.OzoneManagerProtocolClientSideTranslatorPB.submitRequest(OzoneManagerProtocolClientSideTranslatorPB.java:338)
	at org.apache.hadoop.ozone.om.protocolPB.OzoneManagerProtocolClientSideTranslatorPB.getServiceInfo(OzoneManagerProtocolClientSideTranslatorPB.java:1223)
	at sun.reflect.NativeMethodAccessorImpl.invoke0(Native Method)
	at sun.reflect.NativeMethodAccessorImpl.invoke(NativeMethodAccessorImpl.java:62)
	at sun.reflect.DelegatingMethodAccessorImpl.invoke(DelegatingMethodAccessorImpl.java:43)
	at java.lang.reflect.Method.invoke(Method.java:498)
	at org.apache.hadoop.hdds.tracing.TraceAllMethod.invoke(TraceAllMethod.java:66)
	at com.sun.proxy.$Proxy37.getServiceInfo(Unknown Source)
	at org.apache.hadoop.ozone.client.rpc.RpcClient.<init>(RpcClient.java:154)
	at org.apache.hadoop.ozone.client.OzoneClientFactory.getClientProtocol(OzoneClientFactory.java:256)
	at org.apache.hadoop.ozone.client.OzoneClientFactory.getClientProtocol(OzoneClientFactory.java:239)
	at org.apache.hadoop.ozone.client.OzoneClientFactory.getClient(OzoneClientFactory.java:75)
	at org.apache.hadoop.ozone.MiniOzoneClusterImpl.getClient(MiniOzoneClusterImpl.java:212)
	at org.apache.hadoop.ozone.TestDataUtil.createVolumeAndBucket(TestDataUtil.java:51)
	at org.apache.hadoop.ozone.TestDataUtil.createVolumeAndBucket(TestDataUtil.java:93)
	at org.apache.hadoop.fs.ozone.TestOzoneFSInputStream.init(TestOzoneFSInputStream.java:72)
	at sun.reflect.NativeMethodAccessorImpl.invoke0(Native Method)
	at sun.reflect.NativeMethodAccessorImpl.invoke(NativeMethodAccessorImpl.java:62)
	at sun.reflect.DelegatingMethodAccessorImpl.invoke(DelegatingMethodAccessorImpl.java:43)
	at java.lang.reflect.Method.invoke(Method.java:498)
	at org.junit.runners.model.FrameworkMethod$1.runReflectiveCall(FrameworkMethod.java:47)
	at org.junit.internal.runners.model.ReflectiveCallable.run(ReflectiveCallable.java:12)
	at org.junit.runners.model.FrameworkMethod.invokeExplosively(FrameworkMethod.java:44)
	at org.junit.internal.runners.statements.RunBefores.evaluate(RunBefores.java:24)
	at org.junit.internal.runners.statements.RunAfters.evaluate(RunAfters.java:27)
	at org.junit.runners.ParentRunner.run(ParentRunner.java:309)
	at org.apache.maven.surefire.junit4.JUnit4Provider.execute(JUnit4Provider.java:365)
	at org.apache.maven.surefire.junit4.JUnit4Provider.executeWithRerun(JUnit4Provider.java:273)
	at org.apache.maven.surefire.junit4.JUnit4Provider.executeTestSet(JUnit4Provider.java:238)
	at org.apache.maven.surefire.junit4.JUnit4Provider.invoke(JUnit4Provider.java:159)
	at org.apache.maven.surefire.booter.ForkedBooter.invokeProviderInSameClassLoader(ForkedBooter.java:384)
	at org.apache.maven.surefire.booter.ForkedBooter.runSuitesInProcess(ForkedBooter.java:345)
	at org.apache.maven.surefire.booter.ForkedBooter.execute(ForkedBooter.java:126)
	at org.apache.maven.surefire.booter.ForkedBooter.main(ForkedBooter.java:418)
Caused by: java.net.ConnectException: Connection refused
	at sun.nio.ch.SocketChannelImpl.checkConnect(Native Method)
	at sun.nio.ch.SocketChannelImpl.finishConnect(SocketChannelImpl.java:717)
	at org.apache.hadoop.net.SocketIOWithTimeout.connect(SocketIOWithTimeout.java:206)
	at org.apache.hadoop.net.NetUtils.connect(NetUtils.java:531)
	at org.apache.hadoop.ipc.Client$Connection.setupConnection(Client.java:690)
	at org.apache.hadoop.ipc.Client$Connection.setupIOstreams(Client.java:794)
	at org.apache.hadoop.ipc.Client$Connection.access$3700(Client.java:411)
	at org.apache.hadoop.ipc.Client.getConnection(Client.java:1572)
	at org.apache.hadoop.ipc.Client.call(Client.java:1403)
	... 48 more
]]></system-out>
    <system-err><![CDATA[ERROR StatusLogger No Log4j 2 configuration file found. Using default configuration (logging only errors to the console), or user programmatically provided configurations. Set system property 'log4j2.debug' to show Log4j 2 internal initialization logging. See https://logging.apache.org/log4j/2.x/manual/configuration.html for instructions on how to configure Log4j 2
]]></system-err>
  </testcase>
  <testcase name="org.apache.hadoop.fs.ozone.TestOzoneFSInputStream" classname="org.apache.hadoop.fs.ozone.TestOzoneFSInputStream" time="122.076">
    <error type="java.lang.NullPointerException">java.lang.NullPointerException
	at org.apache.hadoop.fs.ozone.TestOzoneFSInputStream.shutdown(TestOzoneFSInputStream.java:96)
	at sun.reflect.NativeMethodAccessorImpl.invoke0(Native Method)
	at sun.reflect.NativeMethodAccessorImpl.invoke(NativeMethodAccessorImpl.java:62)
	at sun.reflect.DelegatingMethodAccessorImpl.invoke(DelegatingMethodAccessorImpl.java:43)
	at java.lang.reflect.Method.invoke(Method.java:498)
	at org.junit.runners.model.FrameworkMethod$1.runReflectiveCall(FrameworkMethod.java:47)
	at org.junit.internal.runners.model.ReflectiveCallable.run(ReflectiveCallable.java:12)
	at org.junit.runners.model.FrameworkMethod.invokeExplosively(FrameworkMethod.java:44)
	at org.junit.internal.runners.statements.RunAfters.evaluate(RunAfters.java:33)
	at org.junit.runners.ParentRunner.run(ParentRunner.java:309)
	at org.apache.maven.surefire.junit4.JUnit4Provider.execute(JUnit4Provider.java:365)
	at org.apache.maven.surefire.junit4.JUnit4Provider.executeWithRerun(JUnit4Provider.java:273)
	at org.apache.maven.surefire.junit4.JUnit4Provider.executeTestSet(JUnit4Provider.java:238)
	at org.apache.maven.surefire.junit4.JUnit4Provider.invoke(JUnit4Provider.java:159)
	at org.apache.maven.surefire.booter.ForkedBooter.invokeProviderInSameClassLoader(ForkedBooter.java:384)
	at org.apache.maven.surefire.booter.ForkedBooter.runSuitesInProcess(ForkedBooter.java:345)
	at org.apache.maven.surefire.booter.ForkedBooter.execute(ForkedBooter.java:126)
	at org.apache.maven.surefire.booter.ForkedBooter.main(ForkedBooter.java:418)
</error>
  </testcase>
</testsuite>