<?xml version="1.0" encoding="UTF-8"?>
<testsuite xmlns:xsi="http://www.w3.org/2001/XMLSchema-instance" xsi:noNamespaceSchemaLocation="https://maven.apache.org/surefire/maven-surefire-plugin/xsd/surefire-test-report.xsd" name="org.apache.hadoop.ozone.client.rpc.TestWatchForCommit" time="227.626" tests="5" errors="1" skipped="0" failures="1">
  <properties>
    <property name="awt.toolkit" value="sun.awt.X11.XToolkit"/>
    <property name="file.encoding.pkg" value="sun.io"/>
    <property name="java.specification.version" value="1.8"/>
    <property name="sun.cpu.isalist" value=""/>
    <property name="sun.jnu.encoding" value="UTF-8"/>
    <property name="java.class.path" value="/workdir/hadoop-ozone/integration-test/target/test-classes:/workdir/hadoop-ozone/integration-test/target/classes:/home/user/.m2/repository/org/apache/hadoop/hadoop-ozone-common/0.5.0-SNAPSHOT/hadoop-ozone-common-0.5.0-SNAPSHOT.jar:/home/user/.m2/repository/org/apache/commons/commons-compress/1.4.1/commons-compress-1.4.1.jar:/home/user/.m2/repository/org/tukaani/xz/1.0/xz-1.0.jar:/home/user/.m2/repository/org/apache/hadoop/hadoop-common/3.2.0/hadoop-common-3.2.0.jar:/home/user/.m2/repository/org/apache/hadoop/hadoop-hdfs/3.2.0/hadoop-hdfs-3.2.0.jar:/home/user/.m2/repository/org/apache/hadoop/hadoop-hdfs-client/3.2.0/hadoop-hdfs-client-3.2.0.jar:/home/user/.m2/repository/com/fasterxml/jackson/core/jackson-annotations/2.9.9/jackson-annotations-2.9.9.jar:/home/user/.m2/repository/org/apache/hadoop/hadoop-hdds-common/0.5.0-SNAPSHOT/hadoop-hdds-common-0.5.0-SNAPSHOT.jar:/home/user/.m2/repository/javax/annotation/javax.annotation-api/1.2/javax.annotation-api-1.2.jar:/home/user/.m2/repository/org/apache/ratis/ratis-server/0.5.0-201fc85-SNAPSHOT/ratis-server-0.5.0-201fc85-SNAPSHOT.jar:/home/user/.m2/repository/org/apache/ratis/ratis-thirdparty-misc/0.2.0/ratis-thirdparty-misc-0.2.0.jar:/home/user/.m2/repository/org/apache/ratis/ratis-proto/0.5.0-201fc85-SNAPSHOT/ratis-proto-0.5.0-201fc85-SNAPSHOT.jar:/home/user/.m2/repository/org/apache/ratis/ratis-common/0.5.0-201fc85-SNAPSHOT/ratis-common-0.5.0-201fc85-SNAPSHOT.jar:/home/user/.m2/repository/org/apache/ratis/ratis-client/0.5.0-201fc85-SNAPSHOT/ratis-client-0.5.0-201fc85-SNAPSHOT.jar:/home/user/.m2/repository/org/apache/ratis/ratis-metrics/0.5.0-201fc85-SNAPSHOT/ratis-metrics-0.5.0-201fc85-SNAPSHOT.jar:/home/user/.m2/repository/com/github/joshelser/dropwizard-metrics-hadoop-metrics2-reporter/0.1.2/dropwizard-metrics-hadoop-metrics2-reporter-0.1.2.jar:/home/user/.m2/repository/io/dropwizard/metrics/metrics-jvm/3.2.5/metrics-jvm-3.2.5.jar:/home/user/.m2/repository/io/dropwizard/metrics/metrics-ganglia/3.2.5/metrics-ganglia-3.2.5.jar:/home/user/.m2/repository/info/ganglia/gmetric4j/gmetric4j/1.0.7/gmetric4j-1.0.7.jar:/home/user/.m2/repository/org/apache/ratis/ratis-netty/0.5.0-201fc85-SNAPSHOT/ratis-netty-0.5.0-201fc85-SNAPSHOT.jar:/home/user/.m2/repository/org/apache/ratis/ratis-grpc/0.5.0-201fc85-SNAPSHOT/ratis-grpc-0.5.0-201fc85-SNAPSHOT.jar:/home/user/.m2/repository/org/rocksdb/rocksdbjni/6.0.1/rocksdbjni-6.0.1.jar:/home/user/.m2/repository/org/apache/logging/log4j/log4j-api/2.11.0/log4j-api-2.11.0.jar:/home/user/.m2/repository/org/apache/logging/log4j/log4j-core/2.11.0/log4j-core-2.11.0.jar:/home/user/.m2/repository/com/lmax/disruptor/3.4.2/disruptor-3.4.2.jar:/home/user/.m2/repository/org/apache/commons/commons-pool2/2.6.0/commons-pool2-2.6.0.jar:/home/user/.m2/repository/org/bouncycastle/bcpkix-jdk15on/1.60/bcpkix-jdk15on-1.60.jar:/home/user/.m2/repository/commons-validator/commons-validator/1.6/commons-validator-1.6.jar:/home/user/.m2/repository/commons-digester/commons-digester/1.8.1/commons-digester-1.8.1.jar:/home/user/.m2/repository/io/jaegertracing/jaeger-client/0.34.0/jaeger-client-0.34.0.jar:/home/user/.m2/repository/io/jaegertracing/jaeger-thrift/0.34.0/jaeger-thrift-0.34.0.jar:/home/user/.m2/repository/org/apache/thrift/libthrift/0.12.0/libthrift-0.12.0.jar:/home/user/.m2/repository/com/squareup/okhttp3/okhttp/3.9.0/okhttp-3.9.0.jar:/home/user/.m2/repository/com/squareup/okio/okio/1.13.0/okio-1.13.0.jar:/home/user/.m2/repository/io/jaegertracing/jaeger-core/0.34.0/jaeger-core-0.34.0.jar:/home/user/.m2/repository/io/jaegertracing/jaeger-tracerresolver/0.34.0/jaeger-tracerresolver-0.34.0.jar:/home/user/.m2/repository/io/opentracing/contrib/opentracing-tracerresolver/0.1.5/opentracing-tracerresolver-0.1.5.jar:/home/user/.m2/repository/io/opentracing/opentracing-util/0.31.0/opentracing-util-0.31.0.jar:/home/user/.m2/repository/io/opentracing/opentracing-api/0.31.0/opentracing-api-0.31.0.jar:/home/user/.m2/repository/io/opentracing/opentracing-noop/0.31.0/opentracing-noop-0.31.0.jar:/home/user/.m2/repository/org/apache/hadoop/hadoop-hdds-server-framework/0.5.0-SNAPSHOT/hadoop-hdds-server-framework-0.5.0-SNAPSHOT.jar:/home/user/.m2/repository/org/apache/hadoop/hadoop-hdds-container-service/0.5.0-SNAPSHOT/hadoop-hdds-container-service-0.5.0-SNAPSHOT.jar:/home/user/.m2/repository/org/apache/hadoop/hadoop-hdds-client/0.5.0-SNAPSHOT/hadoop-hdds-client-0.5.0-SNAPSHOT.jar:/home/user/.m2/repository/org/apache/hadoop/hadoop-hdds-tools/0.5.0-SNAPSHOT/hadoop-hdds-tools-0.5.0-SNAPSHOT.jar:/home/user/.m2/repository/org/apache/hadoop/hadoop-hdds-server-scm/0.5.0-SNAPSHOT/hadoop-hdds-server-scm-0.5.0-SNAPSHOT.jar:/home/user/.m2/repository/org/apache/hadoop/hadoop-hdds-docs/0.5.0-SNAPSHOT/hadoop-hdds-docs-0.5.0-SNAPSHOT.jar:/home/user/.m2/repository/io/dropwizard/metrics/metrics-core/3.2.4/metrics-core-3.2.4.jar:/home/user/.m2/repository/org/hamcrest/hamcrest-all/1.3/hamcrest-all-1.3.jar:/home/user/.m2/repository/org/bouncycastle/bcprov-jdk15on/1.60/bcprov-jdk15on-1.60.jar:/home/user/.m2/repository/info/picocli/picocli/3.9.6/picocli-3.9.6.jar:/home/user/.m2/repository/com/google/protobuf/protobuf-java/2.5.0/protobuf-java-2.5.0.jar:/home/user/.m2/repository/com/google/guava/guava/11.0.2/guava-11.0.2.jar:/home/user/.m2/repository/org/apache/hadoop/hadoop-ozone-ozone-manager/0.5.0-SNAPSHOT/hadoop-ozone-ozone-manager-0.5.0-SNAPSHOT.jar:/home/user/.m2/repository/org/apache/hadoop/hadoop-minikdc/3.2.0/hadoop-minikdc-3.2.0.jar:/home/user/.m2/repository/commons-io/commons-io/2.5/commons-io-2.5.jar:/home/user/.m2/repository/org/apache/kerby/kerb-simplekdc/1.0.1/kerb-simplekdc-1.0.1.jar:/home/user/.m2/repository/org/apache/kerby/kerb-client/1.0.1/kerb-client-1.0.1.jar:/home/user/.m2/repository/org/apache/kerby/kerby-config/1.0.1/kerby-config-1.0.1.jar:/home/user/.m2/repository/org/apache/kerby/kerb-core/1.0.1/kerb-core-1.0.1.jar:/home/user/.m2/repository/org/apache/kerby/kerby-pkix/1.0.1/kerby-pkix-1.0.1.jar:/home/user/.m2/repository/org/apache/kerby/kerby-asn1/1.0.1/kerby-asn1-1.0.1.jar:/home/user/.m2/repository/org/apache/kerby/kerby-util/1.0.1/kerby-util-1.0.1.jar:/home/user/.m2/repository/org/apache/kerby/kerb-common/1.0.1/kerb-common-1.0.1.jar:/home/user/.m2/repository/org/apache/kerby/kerb-crypto/1.0.1/kerb-crypto-1.0.1.jar:/home/user/.m2/repository/org/apache/kerby/kerb-util/1.0.1/kerb-util-1.0.1.jar:/home/user/.m2/repository/org/apache/kerby/token-provider/1.0.1/token-provider-1.0.1.jar:/home/user/.m2/repository/org/apache/kerby/kerb-admin/1.0.1/kerb-admin-1.0.1.jar:/home/user/.m2/repository/org/apache/kerby/kerb-server/1.0.1/kerb-server-1.0.1.jar:/home/user/.m2/repository/org/apache/kerby/kerb-identity/1.0.1/kerb-identity-1.0.1.jar:/home/user/.m2/repository/org/apache/kerby/kerby-xdr/1.0.1/kerby-xdr-1.0.1.jar:/home/user/.m2/repository/org/slf4j/slf4j-log4j12/1.7.25/slf4j-log4j12-1.7.25.jar:/home/user/.m2/repository/org/apache/hadoop/hadoop-ozone-s3gateway/0.5.0-SNAPSHOT/hadoop-ozone-s3gateway-0.5.0-SNAPSHOT.jar:/home/user/.m2/repository/org/jboss/weld/servlet/weld-servlet/2.4.7.Final/weld-servlet-2.4.7.Final.jar:/home/user/.m2/repository/org/glassfish/jersey/containers/jersey-container-servlet-core/2.27/jersey-container-servlet-core-2.27.jar:/home/user/.m2/repository/org/glassfish/hk2/external/javax.inject/2.5.0-b42/javax.inject-2.5.0-b42.jar:/home/user/.m2/repository/org/glassfish/jersey/core/jersey-common/2.27/jersey-common-2.27.jar:/home/user/.m2/repository/org/glassfish/hk2/osgi-resource-locator/1.0.1/osgi-resource-locator-1.0.1.jar:/home/user/.m2/repository/javax/ws/rs/javax.ws.rs-api/2.1/javax.ws.rs-api-2.1.jar:/home/user/.m2/repository/org/glassfish/jersey/ext/cdi/jersey-cdi1x/2.27/jersey-cdi1x-2.27.jar:/home/user/.m2/repository/org/glassfish/jersey/inject/jersey-hk2/2.27/jersey-hk2-2.27.jar:/home/user/.m2/repository/org/glassfish/hk2/hk2-locator/2.5.0-b42/hk2-locator-2.5.0-b42.jar:/home/user/.m2/repository/org/javassist/javassist/3.22.0-CR2/javassist-3.22.0-CR2.jar:/home/user/.m2/repository/org/glassfish/hk2/hk2-api/2.5.0/hk2-api-2.5.0.jar:/home/user/.m2/repository/org/glassfish/hk2/external/jakarta.inject/2.5.0/jakarta.inject-2.5.0.jar:/home/user/.m2/repository/org/glassfish/hk2/hk2-utils/2.5.0/hk2-utils-2.5.0.jar:/home/user/.m2/repository/jakarta/annotation/jakarta.annotation-api/1.3.4/jakarta.annotation-api-1.3.4.jar:/home/user/.m2/repository/org/glassfish/hk2/external/aopalliance-repackaged/2.5.0/aopalliance-repackaged-2.5.0.jar:/home/user/.m2/repository/com/fasterxml/jackson/dataformat/jackson-dataformat-xml/2.9.0/jackson-dataformat-xml-2.9.0.jar:/home/user/.m2/repository/com/fasterxml/jackson/core/jackson-core/2.9.9/jackson-core-2.9.9.jar:/home/user/.m2/repository/com/fasterxml/jackson/module/jackson-module-jaxb-annotations/2.9.9/jackson-module-jaxb-annotations-2.9.9.jar:/home/user/.m2/repository/javax/enterprise/cdi-api/1.2/cdi-api-1.2.jar:/home/user/.m2/repository/javax/el/javax.el-api/3.0.0/javax.el-api-3.0.0.jar:/home/user/.m2/repository/javax/interceptor/javax.interceptor-api/1.2/javax.interceptor-api-1.2.jar:/home/user/.m2/repository/javax/inject/javax.inject/1/javax.inject-1.jar:/home/user/.m2/repository/com/sun/xml/bind/jaxb-impl/2.3.0.1/jaxb-impl-2.3.0.1.jar:/home/user/.m2/repository/com/sun/xml/bind/jaxb-core/2.3.0.1/jaxb-core-2.3.0.1.jar:/home/user/.m2/repository/javax/xml/bind/jaxb-api/2.3.0/jaxb-api-2.3.0.jar:/home/user/.m2/repository/javax/activation/activation/1.1.1/activation-1.1.1.jar:/home/user/.m2/repository/org/apache/hadoop/hadoop-ozone-csi/0.5.0-SNAPSHOT/hadoop-ozone-csi-0.5.0-SNAPSHOT.jar:/home/user/.m2/repository/com/google/protobuf/protobuf-java-util/3.5.1/protobuf-java-util-3.5.1.jar:/home/user/.m2/repository/org/apache/hadoop/hadoop-hdds-config/0.5.0-SNAPSHOT/hadoop-hdds-config-0.5.0-SNAPSHOT.jar:/home/user/.m2/repository/io/grpc/grpc-netty/1.17.1/grpc-netty-1.17.1.jar:/home/user/.m2/repository/io/grpc/grpc-core/1.17.1/grpc-core-1.17.1.jar:/home/user/.m2/repository/io/grpc/grpc-context/1.17.1/grpc-context-1.17.1.jar:/home/user/.m2/repository/com/google/errorprone/error_prone_annotations/2.2.0/error_prone_annotations-2.2.0.jar:/home/user/.m2/repository/org/codehaus/mojo/animal-sniffer-annotations/1.17/animal-sniffer-annotations-1.17.jar:/home/user/.m2/repository/io/opencensus/opencensus-api/0.17.0/opencensus-api-0.17.0.jar:/home/user/.m2/repository/io/opencensus/opencensus-contrib-grpc-metrics/0.17.0/opencensus-contrib-grpc-metrics-0.17.0.jar:/home/user/.m2/repository/io/netty/netty-codec-http2/4.1.30.Final/netty-codec-http2-4.1.30.Final.jar:/home/user/.m2/repository/io/netty/netty-codec-http/4.1.30.Final/netty-codec-http-4.1.30.Final.jar:/home/user/.m2/repository/io/netty/netty-codec/4.1.30.Final/netty-codec-4.1.30.Final.jar:/home/user/.m2/repository/io/netty/netty-handler/4.1.30.Final/netty-handler-4.1.30.Final.jar:/home/user/.m2/repository/io/netty/netty-handler-proxy/4.1.30.Final/netty-handler-proxy-4.1.30.Final.jar:/home/user/.m2/repository/io/netty/netty-codec-socks/4.1.30.Final/netty-codec-socks-4.1.30.Final.jar:/home/user/.m2/repository/io/netty/netty-transport-native-epoll/4.1.30.Final/netty-transport-native-epoll-4.1.30.Final.jar:/home/user/.m2/repository/io/netty/netty-common/4.1.30.Final/netty-common-4.1.30.Final.jar:/home/user/.m2/repository/io/netty/netty-buffer/4.1.30.Final/netty-buffer-4.1.30.Final.jar:/home/user/.m2/repository/io/netty/netty-transport/4.1.30.Final/netty-transport-4.1.30.Final.jar:/home/user/.m2/repository/io/netty/netty-resolver/4.1.30.Final/netty-resolver-4.1.30.Final.jar:/home/user/.m2/repository/io/netty/netty-transport-native-unix-common/4.1.30.Final/netty-transport-native-unix-common-4.1.30.Final.jar:/home/user/.m2/repository/io/grpc/grpc-protobuf/1.17.1/grpc-protobuf-1.17.1.jar:/home/user/.m2/repository/com/google/api/grpc/proto-google-common-protos/1.0.0/proto-google-common-protos-1.0.0.jar:/home/user/.m2/repository/io/grpc/grpc-protobuf-lite/1.17.1/grpc-protobuf-lite-1.17.1.jar:/home/user/.m2/repository/io/grpc/grpc-stub/1.17.1/grpc-stub-1.17.1.jar:/home/user/.m2/repository/org/apache/hadoop/hadoop-ozone-recon/0.5.0-SNAPSHOT/hadoop-ozone-recon-0.5.0-SNAPSHOT.jar:/home/user/.m2/repository/org/apache/hadoop/hadoop-ozone-reconcodegen/0.5.0-SNAPSHOT/hadoop-ozone-reconcodegen-0.5.0-SNAPSHOT.jar:/home/user/.m2/repository/com/google/inject/extensions/guice-multibindings/4.0/guice-multibindings-4.0.jar:/home/user/.m2/repository/com/google/inject/guice/4.0/guice-4.0.jar:/home/user/.m2/repository/aopalliance/aopalliance/1.0/aopalliance-1.0.jar:/home/user/.m2/repository/com/google/inject/extensions/guice-servlet/4.0/guice-servlet-4.0.jar:/home/user/.m2/repository/org/glassfish/jersey/containers/jersey-container-servlet/2.27/jersey-container-servlet-2.27.jar:/home/user/.m2/repository/org/glassfish/hk2/guice-bridge/2.5.0/guice-bridge-2.5.0.jar:/home/user/.m2/repository/org/glassfish/jersey/core/jersey-server/2.27/jersey-server-2.27.jar:/home/user/.m2/repository/org/glassfish/jersey/core/jersey-client/2.27/jersey-client-2.27.jar:/home/user/.m2/repository/org/glassfish/jersey/media/jersey-media-jaxb/2.27/jersey-media-jaxb-2.27.jar:/home/user/.m2/repository/javax/validation/validation-api/1.1.0.Final/validation-api-1.1.0.Final.jar:/home/user/.m2/repository/org/glassfish/jersey/media/jersey-media-json-jackson/2.27/jersey-media-json-jackson-2.27.jar:/home/user/.m2/repository/org/glassfish/jersey/ext/jersey-entity-filtering/2.27/jersey-entity-filtering-2.27.jar:/home/user/.m2/repository/com/google/inject/extensions/guice-assistedinject/4.0/guice-assistedinject-4.0.jar:/home/user/.m2/repository/org/jooq/jooq/3.11.10/jooq-3.11.10.jar:/home/user/.m2/repository/org/jooq/jooq-meta/3.11.10/jooq-meta-3.11.10.jar:/home/user/.m2/repository/org/jooq/jooq-codegen/3.11.10/jooq-codegen-3.11.10.jar:/home/user/.m2/repository/com/jolbox/bonecp/0.8.0.RELEASE/bonecp-0.8.0.RELEASE.jar:/home/user/.m2/repository/org/xerial/sqlite-jdbc/3.25.2/sqlite-jdbc-3.25.2.jar:/home/user/.m2/repository/org/springframework/spring-jdbc/5.1.3.RELEASE/spring-jdbc-5.1.3.RELEASE.jar:/home/user/.m2/repository/org/springframework/spring-beans/5.1.3.RELEASE/spring-beans-5.1.3.RELEASE.jar:/home/user/.m2/repository/org/springframework/spring-core/5.1.3.RELEASE/spring-core-5.1.3.RELEASE.jar:/home/user/.m2/repository/org/springframework/spring-jcl/5.1.3.RELEASE/spring-jcl-5.1.3.RELEASE.jar:/home/user/.m2/repository/org/springframework/spring-tx/5.1.3.RELEASE/spring-tx-5.1.3.RELEASE.jar:/home/user/.m2/repository/org/apache/hadoop/hadoop-ozone-client/0.5.0-SNAPSHOT/hadoop-ozone-client-0.5.0-SNAPSHOT.jar:/home/user/.m2/repository/commons-lang/commons-lang/2.6/commons-lang-2.6.jar:/home/user/.m2/repository/org/apache/hadoop/hadoop-ozone-ozone-manager/0.5.0-SNAPSHOT/hadoop-ozone-ozone-manager-0.5.0-SNAPSHOT-tests.jar:/home/user/.m2/repository/junit/junit/4.11/junit-4.11.jar:/home/user/.m2/repository/org/hamcrest/hamcrest-core/1.3/hamcrest-core-1.3.jar:/home/user/.m2/repository/org/openjdk/jmh/jmh-core/1.19/jmh-core-1.19.jar:/home/user/.m2/repository/net/sf/jopt-simple/jopt-simple/4.6/jopt-simple-4.6.jar:/home/user/.m2/repository/org/apache/commons/commons-math3/3.1.1/commons-math3-3.1.1.jar:/home/user/.m2/repository/org/openjdk/jmh/jmh-generator-annprocess/1.19/jmh-generator-annprocess-1.19.jar:/home/user/.m2/repository/org/mockito/mockito-all/1.8.5/mockito-all-1.8.5.jar:/home/user/.m2/repository/org/apache/hadoop/hadoop-kms/3.2.0/hadoop-kms-3.2.0.jar:/home/user/.m2/repository/org/apache/hadoop/hadoop-auth/3.2.0/hadoop-auth-3.2.0.jar:/home/user/.m2/repository/com/nimbusds/nimbus-jose-jwt/4.41.1/nimbus-jose-jwt-4.41.1.jar:/home/user/.m2/repository/com/github/stephenc/jcip/jcip-annotations/1.0-1/jcip-annotations-1.0-1.jar:/home/user/.m2/repository/net/minidev/json-smart/2.3/json-smart-2.3.jar:/home/user/.m2/repository/net/minidev/accessors-smart/1.2/accessors-smart-1.2.jar:/home/user/.m2/repository/org/ow2/asm/asm/5.0.4/asm-5.0.4.jar:/home/user/.m2/repository/org/apache/curator/curator-framework/2.12.0/curator-framework-2.12.0.jar:/home/user/.m2/repository/com/sun/jersey/jersey-core/1.19/jersey-core-1.19.jar:/home/user/.m2/repository/javax/ws/rs/jsr311-api/1.1.1/jsr311-api-1.1.1.jar:/home/user/.m2/repository/com/sun/jersey/jersey-server/1.19/jersey-server-1.19.jar:/home/user/.m2/repository/javax/servlet/javax.servlet-api/3.1.0/javax.servlet-api-3.1.0.jar:/home/user/.m2/repository/org/eclipse/jetty/jetty-server/9.3.25.v20180904/jetty-server-9.3.25.v20180904.jar:/home/user/.m2/repository/org/eclipse/jetty/jetty-http/9.3.25.v20180904/jetty-http-9.3.25.v20180904.jar:/home/user/.m2/repository/org/eclipse/jetty/jetty-io/9.3.25.v20180904/jetty-io-9.3.25.v20180904.jar:/home/user/.m2/repository/org/eclipse/jetty/jetty-webapp/9.3.25.v20180904/jetty-webapp-9.3.25.v20180904.jar:/home/user/.m2/repository/org/eclipse/jetty/jetty-xml/9.3.25.v20180904/jetty-xml-9.3.25.v20180904.jar:/home/user/.m2/repository/log4j/log4j/1.2.17/log4j-1.2.17.jar:/home/user/.m2/repository/org/slf4j/slf4j-api/1.7.25/slf4j-api-1.7.25.jar:/home/user/.m2/repository/org/slf4j/jul-to-slf4j/1.7.25/jul-to-slf4j-1.7.25.jar:/home/user/.m2/repository/org/eclipse/jetty/jetty-util/9.3.25.v20180904/jetty-util-9.3.25.v20180904.jar:/home/user/.m2/repository/com/fasterxml/jackson/core/jackson-databind/2.9.9/jackson-databind-2.9.9.jar:/home/user/.m2/repository/org/apache/hadoop/hadoop-kms/3.2.0/hadoop-kms-3.2.0-tests.jar:/home/user/.m2/repository/org/apache/hadoop/hadoop-hdds-server-scm/0.5.0-SNAPSHOT/hadoop-hdds-server-scm-0.5.0-SNAPSHOT-tests.jar:/home/user/.m2/repository/org/apache/hadoop/hadoop-hdds-container-service/0.5.0-SNAPSHOT/hadoop-hdds-container-service-0.5.0-SNAPSHOT-tests.jar:/home/user/.m2/repository/org/yaml/snakeyaml/1.16/snakeyaml-1.16.jar:/home/user/.m2/repository/org/apache/hadoop/hadoop-common/3.2.0/hadoop-common-3.2.0-tests.jar:/home/user/.m2/repository/org/apache/hadoop/hadoop-annotations/3.2.0/hadoop-annotations-3.2.0.jar:/usr/lib/jvm/java-1.8-openjdk/jre/../lib/tools.jar:/home/user/.m2/repository/commons-cli/commons-cli/1.2/commons-cli-1.2.jar:/home/user/.m2/repository/org/apache/httpcomponents/httpclient/4.5.2/httpclient-4.5.2.jar:/home/user/.m2/repository/org/apache/httpcomponents/httpcore/4.4.4/httpcore-4.4.4.jar:/home/user/.m2/repository/commons-codec/commons-codec/1.11/commons-codec-1.11.jar:/home/user/.m2/repository/commons-net/commons-net/3.6/commons-net-3.6.jar:/home/user/.m2/repository/commons-collections/commons-collections/3.2.2/commons-collections-3.2.2.jar:/home/user/.m2/repository/org/eclipse/jetty/jetty-servlet/9.3.25.v20180904/jetty-servlet-9.3.25.v20180904.jar:/home/user/.m2/repository/org/eclipse/jetty/jetty-security/9.3.25.v20180904/jetty-security-9.3.25.v20180904.jar:/home/user/.m2/repository/javax/servlet/jsp/jsp-api/2.1/jsp-api-2.1.jar:/home/user/.m2/repository/com/sun/jersey/jersey-servlet/1.19/jersey-servlet-1.19.jar:/home/user/.m2/repository/com/sun/jersey/jersey-json/1.19/jersey-json-1.19.jar:/home/user/.m2/repository/org/codehaus/jettison/jettison/1.1/jettison-1.1.jar:/home/user/.m2/repository/org/codehaus/jackson/jackson-core-asl/1.9.13/jackson-core-asl-1.9.13.jar:/home/user/.m2/repository/org/codehaus/jackson/jackson-mapper-asl/1.9.13/jackson-mapper-asl-1.9.13.jar:/home/user/.m2/repository/org/codehaus/jackson/jackson-jaxrs/1.9.13/jackson-jaxrs-1.9.13.jar:/home/user/.m2/repository/org/codehaus/jackson/jackson-xc/1.9.13/jackson-xc-1.9.13.jar:/home/user/.m2/repository/commons-logging/commons-logging/1.1.3/commons-logging-1.1.3.jar:/home/user/.m2/repository/commons-beanutils/commons-beanutils/1.9.4/commons-beanutils-1.9.4.jar:/home/user/.m2/repository/org/apache/commons/commons-configuration2/2.1.1/commons-configuration2-2.1.1.jar:/home/user/.m2/repository/org/apache/commons/commons-lang3/3.7/commons-lang3-3.7.jar:/home/user/.m2/repository/org/apache/commons/commons-text/1.4/commons-text-1.4.jar:/home/user/.m2/repository/org/apache/avro/avro/1.7.7/avro-1.7.7.jar:/home/user/.m2/repository/com/thoughtworks/paranamer/paranamer/2.3/paranamer-2.3.jar:/home/user/.m2/repository/org/xerial/snappy/snappy-java/1.0.5/snappy-java-1.0.5.jar:/home/user/.m2/repository/com/google/re2j/re2j/1.1/re2j-1.1.jar:/home/user/.m2/repository/com/google/code/gson/gson/2.2.4/gson-2.2.4.jar:/home/user/.m2/repository/com/jcraft/jsch/0.1.54/jsch-0.1.54.jar:/home/user/.m2/repository/org/apache/curator/curator-client/2.12.0/curator-client-2.12.0.jar:/home/user/.m2/repository/org/apache/curator/curator-recipes/2.12.0/curator-recipes-2.12.0.jar:/home/user/.m2/repository/com/google/code/findbugs/jsr305/3.0.0/jsr305-3.0.0.jar:/home/user/.m2/repository/org/apache/htrace/htrace-core4/4.1.0-incubating/htrace-core4-4.1.0-incubating.jar:/home/user/.m2/repository/org/apache/zookeeper/zookeeper/3.4.13/zookeeper-3.4.13.jar:/home/user/.m2/repository/jline/jline/0.9.94/jline-0.9.94.jar:/home/user/.m2/repository/org/apache/yetus/audience-annotations/0.5.0/audience-annotations-0.5.0.jar:/home/user/.m2/repository/org/codehaus/woodstox/stax2-api/3.1.4/stax2-api-3.1.4.jar:/home/user/.m2/repository/com/fasterxml/woodstox/woodstox-core/5.0.3/woodstox-core-5.0.3.jar:/home/user/.m2/repository/dnsjava/dnsjava/2.1.7/dnsjava-2.1.7.jar:/home/user/.m2/repository/org/apache/hadoop/hadoop-hdfs/3.2.0/hadoop-hdfs-3.2.0-tests.jar:/home/user/.m2/repository/org/eclipse/jetty/jetty-util-ajax/9.3.25.v20180904/jetty-util-ajax-9.3.25.v20180904.jar:/home/user/.m2/repository/commons-daemon/commons-daemon/1.0.13/commons-daemon-1.0.13.jar:/home/user/.m2/repository/io/netty/netty/3.10.5.Final/netty-3.10.5.Final.jar:/home/user/.m2/repository/io/netty/netty-all/4.0.52.Final/netty-all-4.0.52.Final.jar:/home/user/.m2/repository/org/fusesource/leveldbjni/leveldbjni-all/1.8/leveldbjni-all-1.8.jar:"/>
    <property name="java.vm.vendor" value="IcedTea"/>
    <property name="sun.arch.data.model" value="64"/>
    <property name="test.build.dir" value="/workdir/hadoop-ozone/integration-test/target/test-dir"/>
    <property name="test.cache.data" value=""/>
    <property name="java.vendor.url" value="https://icedtea.classpath.org"/>
    <property name="user.timezone" value=""/>
    <property name="java.vm.specification.version" value="1.8"/>
    <property name="os.name" value="Linux"/>
    <property name="test.build.data" value="/workdir/hadoop-ozone/integration-test/target/test-dir"/>
    <property name="user.country" value="US"/>
    <property name="sun.java.launcher" value="SUN_STANDARD"/>
    <property name="sun.boot.library.path" value="/usr/lib/jvm/java-1.8-openjdk/jre/lib/amd64"/>
    <property name="sun.java.command" value="/workdir/hadoop-ozone/integration-test/target/surefire/surefirebooter395282773320318565.jar /workdir/hadoop-ozone/integration-test/target/surefire 2019-10-08T05-14-52_501-jvmRun1 surefire262739519851847255tmp surefire_20303690916698773534tmp"/>
    <property name="test" value="!TestMiniChaosOzoneCluster"/>
    <property name="surefire.test.class.path" value="/workdir/hadoop-ozone/integration-test/target/test-classes:/workdir/hadoop-ozone/integration-test/target/classes:/home/user/.m2/repository/org/apache/hadoop/hadoop-ozone-common/0.5.0-SNAPSHOT/hadoop-ozone-common-0.5.0-SNAPSHOT.jar:/home/user/.m2/repository/org/apache/commons/commons-compress/1.4.1/commons-compress-1.4.1.jar:/home/user/.m2/repository/org/tukaani/xz/1.0/xz-1.0.jar:/home/user/.m2/repository/org/apache/hadoop/hadoop-common/3.2.0/hadoop-common-3.2.0.jar:/home/user/.m2/repository/org/apache/hadoop/hadoop-hdfs/3.2.0/hadoop-hdfs-3.2.0.jar:/home/user/.m2/repository/org/apache/hadoop/hadoop-hdfs-client/3.2.0/hadoop-hdfs-client-3.2.0.jar:/home/user/.m2/repository/com/fasterxml/jackson/core/jackson-annotations/2.9.9/jackson-annotations-2.9.9.jar:/home/user/.m2/repository/org/apache/hadoop/hadoop-hdds-common/0.5.0-SNAPSHOT/hadoop-hdds-common-0.5.0-SNAPSHOT.jar:/home/user/.m2/repository/javax/annotation/javax.annotation-api/1.2/javax.annotation-api-1.2.jar:/home/user/.m2/repository/org/apache/ratis/ratis-server/0.5.0-201fc85-SNAPSHOT/ratis-server-0.5.0-201fc85-SNAPSHOT.jar:/home/user/.m2/repository/org/apache/ratis/ratis-thirdparty-misc/0.2.0/ratis-thirdparty-misc-0.2.0.jar:/home/user/.m2/repository/org/apache/ratis/ratis-proto/0.5.0-201fc85-SNAPSHOT/ratis-proto-0.5.0-201fc85-SNAPSHOT.jar:/home/user/.m2/repository/org/apache/ratis/ratis-common/0.5.0-201fc85-SNAPSHOT/ratis-common-0.5.0-201fc85-SNAPSHOT.jar:/home/user/.m2/repository/org/apache/ratis/ratis-client/0.5.0-201fc85-SNAPSHOT/ratis-client-0.5.0-201fc85-SNAPSHOT.jar:/home/user/.m2/repository/org/apache/ratis/ratis-metrics/0.5.0-201fc85-SNAPSHOT/ratis-metrics-0.5.0-201fc85-SNAPSHOT.jar:/home/user/.m2/repository/com/github/joshelser/dropwizard-metrics-hadoop-metrics2-reporter/0.1.2/dropwizard-metrics-hadoop-metrics2-reporter-0.1.2.jar:/home/user/.m2/repository/io/dropwizard/metrics/metrics-jvm/3.2.5/metrics-jvm-3.2.5.jar:/home/user/.m2/repository/io/dropwizard/metrics/metrics-ganglia/3.2.5/metrics-ganglia-3.2.5.jar:/home/user/.m2/repository/info/ganglia/gmetric4j/gmetric4j/1.0.7/gmetric4j-1.0.7.jar:/home/user/.m2/repository/org/apache/ratis/ratis-netty/0.5.0-201fc85-SNAPSHOT/ratis-netty-0.5.0-201fc85-SNAPSHOT.jar:/home/user/.m2/repository/org/apache/ratis/ratis-grpc/0.5.0-201fc85-SNAPSHOT/ratis-grpc-0.5.0-201fc85-SNAPSHOT.jar:/home/user/.m2/repository/org/rocksdb/rocksdbjni/6.0.1/rocksdbjni-6.0.1.jar:/home/user/.m2/repository/org/apache/logging/log4j/log4j-api/2.11.0/log4j-api-2.11.0.jar:/home/user/.m2/repository/org/apache/logging/log4j/log4j-core/2.11.0/log4j-core-2.11.0.jar:/home/user/.m2/repository/com/lmax/disruptor/3.4.2/disruptor-3.4.2.jar:/home/user/.m2/repository/org/apache/commons/commons-pool2/2.6.0/commons-pool2-2.6.0.jar:/home/user/.m2/repository/org/bouncycastle/bcpkix-jdk15on/1.60/bcpkix-jdk15on-1.60.jar:/home/user/.m2/repository/commons-validator/commons-validator/1.6/commons-validator-1.6.jar:/home/user/.m2/repository/commons-digester/commons-digester/1.8.1/commons-digester-1.8.1.jar:/home/user/.m2/repository/io/jaegertracing/jaeger-client/0.34.0/jaeger-client-0.34.0.jar:/home/user/.m2/repository/io/jaegertracing/jaeger-thrift/0.34.0/jaeger-thrift-0.34.0.jar:/home/user/.m2/repository/org/apache/thrift/libthrift/0.12.0/libthrift-0.12.0.jar:/home/user/.m2/repository/com/squareup/okhttp3/okhttp/3.9.0/okhttp-3.9.0.jar:/home/user/.m2/repository/com/squareup/okio/okio/1.13.0/okio-1.13.0.jar:/home/user/.m2/repository/io/jaegertracing/jaeger-core/0.34.0/jaeger-core-0.34.0.jar:/home/user/.m2/repository/io/jaegertracing/jaeger-tracerresolver/0.34.0/jaeger-tracerresolver-0.34.0.jar:/home/user/.m2/repository/io/opentracing/contrib/opentracing-tracerresolver/0.1.5/opentracing-tracerresolver-0.1.5.jar:/home/user/.m2/repository/io/opentracing/opentracing-util/0.31.0/opentracing-util-0.31.0.jar:/home/user/.m2/repository/io/opentracing/opentracing-api/0.31.0/opentracing-api-0.31.0.jar:/home/user/.m2/repository/io/opentracing/opentracing-noop/0.31.0/opentracing-noop-0.31.0.jar:/home/user/.m2/repository/org/apache/hadoop/hadoop-hdds-server-framework/0.5.0-SNAPSHOT/hadoop-hdds-server-framework-0.5.0-SNAPSHOT.jar:/home/user/.m2/repository/org/apache/hadoop/hadoop-hdds-container-service/0.5.0-SNAPSHOT/hadoop-hdds-container-service-0.5.0-SNAPSHOT.jar:/home/user/.m2/repository/org/apache/hadoop/hadoop-hdds-client/0.5.0-SNAPSHOT/hadoop-hdds-client-0.5.0-SNAPSHOT.jar:/home/user/.m2/repository/org/apache/hadoop/hadoop-hdds-tools/0.5.0-SNAPSHOT/hadoop-hdds-tools-0.5.0-SNAPSHOT.jar:/home/user/.m2/repository/org/apache/hadoop/hadoop-hdds-server-scm/0.5.0-SNAPSHOT/hadoop-hdds-server-scm-0.5.0-SNAPSHOT.jar:/home/user/.m2/repository/org/apache/hadoop/hadoop-hdds-docs/0.5.0-SNAPSHOT/hadoop-hdds-docs-0.5.0-SNAPSHOT.jar:/home/user/.m2/repository/io/dropwizard/metrics/metrics-core/3.2.4/metrics-core-3.2.4.jar:/home/user/.m2/repository/org/hamcrest/hamcrest-all/1.3/hamcrest-all-1.3.jar:/home/user/.m2/repository/org/bouncycastle/bcprov-jdk15on/1.60/bcprov-jdk15on-1.60.jar:/home/user/.m2/repository/info/picocli/picocli/3.9.6/picocli-3.9.6.jar:/home/user/.m2/repository/com/google/protobuf/protobuf-java/2.5.0/protobuf-java-2.5.0.jar:/home/user/.m2/repository/com/google/guava/guava/11.0.2/guava-11.0.2.jar:/home/user/.m2/repository/org/apache/hadoop/hadoop-ozone-ozone-manager/0.5.0-SNAPSHOT/hadoop-ozone-ozone-manager-0.5.0-SNAPSHOT.jar:/home/user/.m2/repository/org/apache/hadoop/hadoop-minikdc/3.2.0/hadoop-minikdc-3.2.0.jar:/home/user/.m2/repository/commons-io/commons-io/2.5/commons-io-2.5.jar:/home/user/.m2/repository/org/apache/kerby/kerb-simplekdc/1.0.1/kerb-simplekdc-1.0.1.jar:/home/user/.m2/repository/org/apache/kerby/kerb-client/1.0.1/kerb-client-1.0.1.jar:/home/user/.m2/repository/org/apache/kerby/kerby-config/1.0.1/kerby-config-1.0.1.jar:/home/user/.m2/repository/org/apache/kerby/kerb-core/1.0.1/kerb-core-1.0.1.jar:/home/user/.m2/repository/org/apache/kerby/kerby-pkix/1.0.1/kerby-pkix-1.0.1.jar:/home/user/.m2/repository/org/apache/kerby/kerby-asn1/1.0.1/kerby-asn1-1.0.1.jar:/home/user/.m2/repository/org/apache/kerby/kerby-util/1.0.1/kerby-util-1.0.1.jar:/home/user/.m2/repository/org/apache/kerby/kerb-common/1.0.1/kerb-common-1.0.1.jar:/home/user/.m2/repository/org/apache/kerby/kerb-crypto/1.0.1/kerb-crypto-1.0.1.jar:/home/user/.m2/repository/org/apache/kerby/kerb-util/1.0.1/kerb-util-1.0.1.jar:/home/user/.m2/repository/org/apache/kerby/token-provider/1.0.1/token-provider-1.0.1.jar:/home/user/.m2/repository/org/apache/kerby/kerb-admin/1.0.1/kerb-admin-1.0.1.jar:/home/user/.m2/repository/org/apache/kerby/kerb-server/1.0.1/kerb-server-1.0.1.jar:/home/user/.m2/repository/org/apache/kerby/kerb-identity/1.0.1/kerb-identity-1.0.1.jar:/home/user/.m2/repository/org/apache/kerby/kerby-xdr/1.0.1/kerby-xdr-1.0.1.jar:/home/user/.m2/repository/org/slf4j/slf4j-log4j12/1.7.25/slf4j-log4j12-1.7.25.jar:/home/user/.m2/repository/org/apache/hadoop/hadoop-ozone-s3gateway/0.5.0-SNAPSHOT/hadoop-ozone-s3gateway-0.5.0-SNAPSHOT.jar:/home/user/.m2/repository/org/jboss/weld/servlet/weld-servlet/2.4.7.Final/weld-servlet-2.4.7.Final.jar:/home/user/.m2/repository/org/glassfish/jersey/containers/jersey-container-servlet-core/2.27/jersey-container-servlet-core-2.27.jar:/home/user/.m2/repository/org/glassfish/hk2/external/javax.inject/2.5.0-b42/javax.inject-2.5.0-b42.jar:/home/user/.m2/repository/org/glassfish/jersey/core/jersey-common/2.27/jersey-common-2.27.jar:/home/user/.m2/repository/org/glassfish/hk2/osgi-resource-locator/1.0.1/osgi-resource-locator-1.0.1.jar:/home/user/.m2/repository/javax/ws/rs/javax.ws.rs-api/2.1/javax.ws.rs-api-2.1.jar:/home/user/.m2/repository/org/glassfish/jersey/ext/cdi/jersey-cdi1x/2.27/jersey-cdi1x-2.27.jar:/home/user/.m2/repository/org/glassfish/jersey/inject/jersey-hk2/2.27/jersey-hk2-2.27.jar:/home/user/.m2/repository/org/glassfish/hk2/hk2-locator/2.5.0-b42/hk2-locator-2.5.0-b42.jar:/home/user/.m2/repository/org/javassist/javassist/3.22.0-CR2/javassist-3.22.0-CR2.jar:/home/user/.m2/repository/org/glassfish/hk2/hk2-api/2.5.0/hk2-api-2.5.0.jar:/home/user/.m2/repository/org/glassfish/hk2/external/jakarta.inject/2.5.0/jakarta.inject-2.5.0.jar:/home/user/.m2/repository/org/glassfish/hk2/hk2-utils/2.5.0/hk2-utils-2.5.0.jar:/home/user/.m2/repository/jakarta/annotation/jakarta.annotation-api/1.3.4/jakarta.annotation-api-1.3.4.jar:/home/user/.m2/repository/org/glassfish/hk2/external/aopalliance-repackaged/2.5.0/aopalliance-repackaged-2.5.0.jar:/home/user/.m2/repository/com/fasterxml/jackson/dataformat/jackson-dataformat-xml/2.9.0/jackson-dataformat-xml-2.9.0.jar:/home/user/.m2/repository/com/fasterxml/jackson/core/jackson-core/2.9.9/jackson-core-2.9.9.jar:/home/user/.m2/repository/com/fasterxml/jackson/module/jackson-module-jaxb-annotations/2.9.9/jackson-module-jaxb-annotations-2.9.9.jar:/home/user/.m2/repository/javax/enterprise/cdi-api/1.2/cdi-api-1.2.jar:/home/user/.m2/repository/javax/el/javax.el-api/3.0.0/javax.el-api-3.0.0.jar:/home/user/.m2/repository/javax/interceptor/javax.interceptor-api/1.2/javax.interceptor-api-1.2.jar:/home/user/.m2/repository/javax/inject/javax.inject/1/javax.inject-1.jar:/home/user/.m2/repository/com/sun/xml/bind/jaxb-impl/2.3.0.1/jaxb-impl-2.3.0.1.jar:/home/user/.m2/repository/com/sun/xml/bind/jaxb-core/2.3.0.1/jaxb-core-2.3.0.1.jar:/home/user/.m2/repository/javax/xml/bind/jaxb-api/2.3.0/jaxb-api-2.3.0.jar:/home/user/.m2/repository/javax/activation/activation/1.1.1/activation-1.1.1.jar:/home/user/.m2/repository/org/apache/hadoop/hadoop-ozone-csi/0.5.0-SNAPSHOT/hadoop-ozone-csi-0.5.0-SNAPSHOT.jar:/home/user/.m2/repository/com/google/protobuf/protobuf-java-util/3.5.1/protobuf-java-util-3.5.1.jar:/home/user/.m2/repository/org/apache/hadoop/hadoop-hdds-config/0.5.0-SNAPSHOT/hadoop-hdds-config-0.5.0-SNAPSHOT.jar:/home/user/.m2/repository/io/grpc/grpc-netty/1.17.1/grpc-netty-1.17.1.jar:/home/user/.m2/repository/io/grpc/grpc-core/1.17.1/grpc-core-1.17.1.jar:/home/user/.m2/repository/io/grpc/grpc-context/1.17.1/grpc-context-1.17.1.jar:/home/user/.m2/repository/com/google/errorprone/error_prone_annotations/2.2.0/error_prone_annotations-2.2.0.jar:/home/user/.m2/repository/org/codehaus/mojo/animal-sniffer-annotations/1.17/animal-sniffer-annotations-1.17.jar:/home/user/.m2/repository/io/opencensus/opencensus-api/0.17.0/opencensus-api-0.17.0.jar:/home/user/.m2/repository/io/opencensus/opencensus-contrib-grpc-metrics/0.17.0/opencensus-contrib-grpc-metrics-0.17.0.jar:/home/user/.m2/repository/io/netty/netty-codec-http2/4.1.30.Final/netty-codec-http2-4.1.30.Final.jar:/home/user/.m2/repository/io/netty/netty-codec-http/4.1.30.Final/netty-codec-http-4.1.30.Final.jar:/home/user/.m2/repository/io/netty/netty-codec/4.1.30.Final/netty-codec-4.1.30.Final.jar:/home/user/.m2/repository/io/netty/netty-handler/4.1.30.Final/netty-handler-4.1.30.Final.jar:/home/user/.m2/repository/io/netty/netty-handler-proxy/4.1.30.Final/netty-handler-proxy-4.1.30.Final.jar:/home/user/.m2/repository/io/netty/netty-codec-socks/4.1.30.Final/netty-codec-socks-4.1.30.Final.jar:/home/user/.m2/repository/io/netty/netty-transport-native-epoll/4.1.30.Final/netty-transport-native-epoll-4.1.30.Final.jar:/home/user/.m2/repository/io/netty/netty-common/4.1.30.Final/netty-common-4.1.30.Final.jar:/home/user/.m2/repository/io/netty/netty-buffer/4.1.30.Final/netty-buffer-4.1.30.Final.jar:/home/user/.m2/repository/io/netty/netty-transport/4.1.30.Final/netty-transport-4.1.30.Final.jar:/home/user/.m2/repository/io/netty/netty-resolver/4.1.30.Final/netty-resolver-4.1.30.Final.jar:/home/user/.m2/repository/io/netty/netty-transport-native-unix-common/4.1.30.Final/netty-transport-native-unix-common-4.1.30.Final.jar:/home/user/.m2/repository/io/grpc/grpc-protobuf/1.17.1/grpc-protobuf-1.17.1.jar:/home/user/.m2/repository/com/google/api/grpc/proto-google-common-protos/1.0.0/proto-google-common-protos-1.0.0.jar:/home/user/.m2/repository/io/grpc/grpc-protobuf-lite/1.17.1/grpc-protobuf-lite-1.17.1.jar:/home/user/.m2/repository/io/grpc/grpc-stub/1.17.1/grpc-stub-1.17.1.jar:/home/user/.m2/repository/org/apache/hadoop/hadoop-ozone-recon/0.5.0-SNAPSHOT/hadoop-ozone-recon-0.5.0-SNAPSHOT.jar:/home/user/.m2/repository/org/apache/hadoop/hadoop-ozone-reconcodegen/0.5.0-SNAPSHOT/hadoop-ozone-reconcodegen-0.5.0-SNAPSHOT.jar:/home/user/.m2/repository/com/google/inject/extensions/guice-multibindings/4.0/guice-multibindings-4.0.jar:/home/user/.m2/repository/com/google/inject/guice/4.0/guice-4.0.jar:/home/user/.m2/repository/aopalliance/aopalliance/1.0/aopalliance-1.0.jar:/home/user/.m2/repository/com/google/inject/extensions/guice-servlet/4.0/guice-servlet-4.0.jar:/home/user/.m2/repository/org/glassfish/jersey/containers/jersey-container-servlet/2.27/jersey-container-servlet-2.27.jar:/home/user/.m2/repository/org/glassfish/hk2/guice-bridge/2.5.0/guice-bridge-2.5.0.jar:/home/user/.m2/repository/org/glassfish/jersey/core/jersey-server/2.27/jersey-server-2.27.jar:/home/user/.m2/repository/org/glassfish/jersey/core/jersey-client/2.27/jersey-client-2.27.jar:/home/user/.m2/repository/org/glassfish/jersey/media/jersey-media-jaxb/2.27/jersey-media-jaxb-2.27.jar:/home/user/.m2/repository/javax/validation/validation-api/1.1.0.Final/validation-api-1.1.0.Final.jar:/home/user/.m2/repository/org/glassfish/jersey/media/jersey-media-json-jackson/2.27/jersey-media-json-jackson-2.27.jar:/home/user/.m2/repository/org/glassfish/jersey/ext/jersey-entity-filtering/2.27/jersey-entity-filtering-2.27.jar:/home/user/.m2/repository/com/google/inject/extensions/guice-assistedinject/4.0/guice-assistedinject-4.0.jar:/home/user/.m2/repository/org/jooq/jooq/3.11.10/jooq-3.11.10.jar:/home/user/.m2/repository/org/jooq/jooq-meta/3.11.10/jooq-meta-3.11.10.jar:/home/user/.m2/repository/org/jooq/jooq-codegen/3.11.10/jooq-codegen-3.11.10.jar:/home/user/.m2/repository/com/jolbox/bonecp/0.8.0.RELEASE/bonecp-0.8.0.RELEASE.jar:/home/user/.m2/repository/org/xerial/sqlite-jdbc/3.25.2/sqlite-jdbc-3.25.2.jar:/home/user/.m2/repository/org/springframework/spring-jdbc/5.1.3.RELEASE/spring-jdbc-5.1.3.RELEASE.jar:/home/user/.m2/repository/org/springframework/spring-beans/5.1.3.RELEASE/spring-beans-5.1.3.RELEASE.jar:/home/user/.m2/repository/org/springframework/spring-core/5.1.3.RELEASE/spring-core-5.1.3.RELEASE.jar:/home/user/.m2/repository/org/springframework/spring-jcl/5.1.3.RELEASE/spring-jcl-5.1.3.RELEASE.jar:/home/user/.m2/repository/org/springframework/spring-tx/5.1.3.RELEASE/spring-tx-5.1.3.RELEASE.jar:/home/user/.m2/repository/org/apache/hadoop/hadoop-ozone-client/0.5.0-SNAPSHOT/hadoop-ozone-client-0.5.0-SNAPSHOT.jar:/home/user/.m2/repository/commons-lang/commons-lang/2.6/commons-lang-2.6.jar:/home/user/.m2/repository/org/apache/hadoop/hadoop-ozone-ozone-manager/0.5.0-SNAPSHOT/hadoop-ozone-ozone-manager-0.5.0-SNAPSHOT-tests.jar:/home/user/.m2/repository/junit/junit/4.11/junit-4.11.jar:/home/user/.m2/repository/org/hamcrest/hamcrest-core/1.3/hamcrest-core-1.3.jar:/home/user/.m2/repository/org/openjdk/jmh/jmh-core/1.19/jmh-core-1.19.jar:/home/user/.m2/repository/net/sf/jopt-simple/jopt-simple/4.6/jopt-simple-4.6.jar:/home/user/.m2/repository/org/apache/commons/commons-math3/3.1.1/commons-math3-3.1.1.jar:/home/user/.m2/repository/org/openjdk/jmh/jmh-generator-annprocess/1.19/jmh-generator-annprocess-1.19.jar:/home/user/.m2/repository/org/mockito/mockito-all/1.8.5/mockito-all-1.8.5.jar:/home/user/.m2/repository/org/apache/hadoop/hadoop-kms/3.2.0/hadoop-kms-3.2.0.jar:/home/user/.m2/repository/org/apache/hadoop/hadoop-auth/3.2.0/hadoop-auth-3.2.0.jar:/home/user/.m2/repository/com/nimbusds/nimbus-jose-jwt/4.41.1/nimbus-jose-jwt-4.41.1.jar:/home/user/.m2/repository/com/github/stephenc/jcip/jcip-annotations/1.0-1/jcip-annotations-1.0-1.jar:/home/user/.m2/repository/net/minidev/json-smart/2.3/json-smart-2.3.jar:/home/user/.m2/repository/net/minidev/accessors-smart/1.2/accessors-smart-1.2.jar:/home/user/.m2/repository/org/ow2/asm/asm/5.0.4/asm-5.0.4.jar:/home/user/.m2/repository/org/apache/curator/curator-framework/2.12.0/curator-framework-2.12.0.jar:/home/user/.m2/repository/com/sun/jersey/jersey-core/1.19/jersey-core-1.19.jar:/home/user/.m2/repository/javax/ws/rs/jsr311-api/1.1.1/jsr311-api-1.1.1.jar:/home/user/.m2/repository/com/sun/jersey/jersey-server/1.19/jersey-server-1.19.jar:/home/user/.m2/repository/javax/servlet/javax.servlet-api/3.1.0/javax.servlet-api-3.1.0.jar:/home/user/.m2/repository/org/eclipse/jetty/jetty-server/9.3.25.v20180904/jetty-server-9.3.25.v20180904.jar:/home/user/.m2/repository/org/eclipse/jetty/jetty-http/9.3.25.v20180904/jetty-http-9.3.25.v20180904.jar:/home/user/.m2/repository/org/eclipse/jetty/jetty-io/9.3.25.v20180904/jetty-io-9.3.25.v20180904.jar:/home/user/.m2/repository/org/eclipse/jetty/jetty-webapp/9.3.25.v20180904/jetty-webapp-9.3.25.v20180904.jar:/home/user/.m2/repository/org/eclipse/jetty/jetty-xml/9.3.25.v20180904/jetty-xml-9.3.25.v20180904.jar:/home/user/.m2/repository/log4j/log4j/1.2.17/log4j-1.2.17.jar:/home/user/.m2/repository/org/slf4j/slf4j-api/1.7.25/slf4j-api-1.7.25.jar:/home/user/.m2/repository/org/slf4j/jul-to-slf4j/1.7.25/jul-to-slf4j-1.7.25.jar:/home/user/.m2/repository/org/eclipse/jetty/jetty-util/9.3.25.v20180904/jetty-util-9.3.25.v20180904.jar:/home/user/.m2/repository/com/fasterxml/jackson/core/jackson-databind/2.9.9/jackson-databind-2.9.9.jar:/home/user/.m2/repository/org/apache/hadoop/hadoop-kms/3.2.0/hadoop-kms-3.2.0-tests.jar:/home/user/.m2/repository/org/apache/hadoop/hadoop-hdds-server-scm/0.5.0-SNAPSHOT/hadoop-hdds-server-scm-0.5.0-SNAPSHOT-tests.jar:/home/user/.m2/repository/org/apache/hadoop/hadoop-hdds-container-service/0.5.0-SNAPSHOT/hadoop-hdds-container-service-0.5.0-SNAPSHOT-tests.jar:/home/user/.m2/repository/org/yaml/snakeyaml/1.16/snakeyaml-1.16.jar:/home/user/.m2/repository/org/apache/hadoop/hadoop-common/3.2.0/hadoop-common-3.2.0-tests.jar:/home/user/.m2/repository/org/apache/hadoop/hadoop-annotations/3.2.0/hadoop-annotations-3.2.0.jar:/usr/lib/jvm/java-1.8-openjdk/jre/../lib/tools.jar:/home/user/.m2/repository/commons-cli/commons-cli/1.2/commons-cli-1.2.jar:/home/user/.m2/repository/org/apache/httpcomponents/httpclient/4.5.2/httpclient-4.5.2.jar:/home/user/.m2/repository/org/apache/httpcomponents/httpcore/4.4.4/httpcore-4.4.4.jar:/home/user/.m2/repository/commons-codec/commons-codec/1.11/commons-codec-1.11.jar:/home/user/.m2/repository/commons-net/commons-net/3.6/commons-net-3.6.jar:/home/user/.m2/repository/commons-collections/commons-collections/3.2.2/commons-collections-3.2.2.jar:/home/user/.m2/repository/org/eclipse/jetty/jetty-servlet/9.3.25.v20180904/jetty-servlet-9.3.25.v20180904.jar:/home/user/.m2/repository/org/eclipse/jetty/jetty-security/9.3.25.v20180904/jetty-security-9.3.25.v20180904.jar:/home/user/.m2/repository/javax/servlet/jsp/jsp-api/2.1/jsp-api-2.1.jar:/home/user/.m2/repository/com/sun/jersey/jersey-servlet/1.19/jersey-servlet-1.19.jar:/home/user/.m2/repository/com/sun/jersey/jersey-json/1.19/jersey-json-1.19.jar:/home/user/.m2/repository/org/codehaus/jettison/jettison/1.1/jettison-1.1.jar:/home/user/.m2/repository/org/codehaus/jackson/jackson-core-asl/1.9.13/jackson-core-asl-1.9.13.jar:/home/user/.m2/repository/org/codehaus/jackson/jackson-mapper-asl/1.9.13/jackson-mapper-asl-1.9.13.jar:/home/user/.m2/repository/org/codehaus/jackson/jackson-jaxrs/1.9.13/jackson-jaxrs-1.9.13.jar:/home/user/.m2/repository/org/codehaus/jackson/jackson-xc/1.9.13/jackson-xc-1.9.13.jar:/home/user/.m2/repository/commons-logging/commons-logging/1.1.3/commons-logging-1.1.3.jar:/home/user/.m2/repository/commons-beanutils/commons-beanutils/1.9.4/commons-beanutils-1.9.4.jar:/home/user/.m2/repository/org/apache/commons/commons-configuration2/2.1.1/commons-configuration2-2.1.1.jar:/home/user/.m2/repository/org/apache/commons/commons-lang3/3.7/commons-lang3-3.7.jar:/home/user/.m2/repository/org/apache/commons/commons-text/1.4/commons-text-1.4.jar:/home/user/.m2/repository/org/apache/avro/avro/1.7.7/avro-1.7.7.jar:/home/user/.m2/repository/com/thoughtworks/paranamer/paranamer/2.3/paranamer-2.3.jar:/home/user/.m2/repository/org/xerial/snappy/snappy-java/1.0.5/snappy-java-1.0.5.jar:/home/user/.m2/repository/com/google/re2j/re2j/1.1/re2j-1.1.jar:/home/user/.m2/repository/com/google/code/gson/gson/2.2.4/gson-2.2.4.jar:/home/user/.m2/repository/com/jcraft/jsch/0.1.54/jsch-0.1.54.jar:/home/user/.m2/repository/org/apache/curator/curator-client/2.12.0/curator-client-2.12.0.jar:/home/user/.m2/repository/org/apache/curator/curator-recipes/2.12.0/curator-recipes-2.12.0.jar:/home/user/.m2/repository/com/google/code/findbugs/jsr305/3.0.0/jsr305-3.0.0.jar:/home/user/.m2/repository/org/apache/htrace/htrace-core4/4.1.0-incubating/htrace-core4-4.1.0-incubating.jar:/home/user/.m2/repository/org/apache/zookeeper/zookeeper/3.4.13/zookeeper-3.4.13.jar:/home/user/.m2/repository/jline/jline/0.9.94/jline-0.9.94.jar:/home/user/.m2/repository/org/apache/yetus/audience-annotations/0.5.0/audience-annotations-0.5.0.jar:/home/user/.m2/repository/org/codehaus/woodstox/stax2-api/3.1.4/stax2-api-3.1.4.jar:/home/user/.m2/repository/com/fasterxml/woodstox/woodstox-core/5.0.3/woodstox-core-5.0.3.jar:/home/user/.m2/repository/dnsjava/dnsjava/2.1.7/dnsjava-2.1.7.jar:/home/user/.m2/repository/org/apache/hadoop/hadoop-hdfs/3.2.0/hadoop-hdfs-3.2.0-tests.jar:/home/user/.m2/repository/org/eclipse/jetty/jetty-util-ajax/9.3.25.v20180904/jetty-util-ajax-9.3.25.v20180904.jar:/home/user/.m2/repository/commons-daemon/commons-daemon/1.0.13/commons-daemon-1.0.13.jar:/home/user/.m2/repository/io/netty/netty/3.10.5.Final/netty-3.10.5.Final.jar:/home/user/.m2/repository/io/netty/netty-all/4.0.52.Final/netty-all-4.0.52.Final.jar:/home/user/.m2/repository/org/fusesource/leveldbjni/leveldbjni-all/1.8/leveldbjni-all-1.8.jar:"/>
    <property name="sun.cpu.endian" value="little"/>
    <property name="user.home" value="/home/user"/>
    <property name="user.language" value="en"/>
    <property name="java.specification.vendor" value="Oracle Corporation"/>
    <property name="java.home" value="/usr/lib/jvm/java-1.8-openjdk/jre"/>
    <property name="java.security.krb5.conf" value="/workdir/hadoop-ozone/integration-test/target/test-classes/krb5.conf"/>
    <property name="basedir" value="/workdir/hadoop-ozone/integration-test"/>
    <property name="file.separator" value="/"/>
    <property name="line.separator" value="&#10;"/>
    <property name="java.vm.specification.vendor" value="Oracle Corporation"/>
    <property name="java.specification.name" value="Java Platform API Specification"/>
    <property name="java.awt.graphicsenv" value="sun.awt.X11GraphicsEnvironment"/>
    <property name="surefire.real.class.path" value="/workdir/hadoop-ozone/integration-test/target/surefire/surefirebooter395282773320318565.jar"/>
    <property name="hadoop.log.dir" value="/workdir/hadoop-ozone/integration-test/target/log"/>
    <property name="sun.boot.class.path" value="/usr/lib/jvm/java-1.8-openjdk/jre/lib/resources.jar:/usr/lib/jvm/java-1.8-openjdk/jre/lib/rt.jar:/usr/lib/jvm/java-1.8-openjdk/jre/lib/sunrsasign.jar:/usr/lib/jvm/java-1.8-openjdk/jre/lib/jsse.jar:/usr/lib/jvm/java-1.8-openjdk/jre/lib/jce.jar:/usr/lib/jvm/java-1.8-openjdk/jre/lib/charsets.jar:/usr/lib/jvm/java-1.8-openjdk/jre/lib/jfr.jar:/usr/lib/jvm/java-1.8-openjdk/jre/classes"/>
    <property name="sun.management.compiler" value="HotSpot 64-Bit Tiered Compilers"/>
    <property name="java.runtime.version" value="1.8.0_212-b04"/>
    <property name="java.net.preferIPv4Stack" value="true"/>
    <property name="user.name" value="jenkins1000"/>
    <property name="path.separator" value=":"/>
    <property name="java.security.egd" value="file:///dev/urandom"/>
    <property name="os.version" value="3.10.0-957.12.2.el7.x86_64"/>
    <property name="java.endorsed.dirs" value="/usr/lib/jvm/java-1.8-openjdk/jre/lib/endorsed"/>
    <property name="java.runtime.name" value="OpenJDK Runtime Environment"/>
    <property name="file.encoding" value="UTF-8"/>
    <property name="java.vm.name" value="OpenJDK 64-Bit Server VM"/>
    <property name="test.build.webapps" value=""/>
    <property name="localRepository" value="/home/user/.m2/repository"/>
    <property name="java.vendor.url.bug" value="https://icedtea.classpath.org/bugzilla"/>
    <property name="java.io.tmpdir" value="/tmp"/>
    <property name="require.test.libhadoop" value=""/>
    <property name="java.version" value="1.8.0_212"/>
    <property name="user.dir" value="/workdir/hadoop-ozone/integration-test"/>
    <property name="os.arch" value="amd64"/>
    <property name="java.vm.specification.name" value="Java Virtual Machine Specification"/>
    <property name="test.build.classes" value="/workdir/hadoop-ozone/integration-test/target/test-classes"/>
    <property name="java.awt.printerjob" value="sun.print.PSPrinterJob"/>
    <property name="sun.os.patch.level" value="unknown"/>
    <property name="hadoop.tmp.dir" value="/workdir/hadoop-ozone/integration-test/target/tmp"/>
    <property name="java.library.path" value="/usr/lib/jvm/java-1.8-openjdk/jre/lib/amd64/server:/usr/lib/jvm/java-1.8-openjdk/jre/lib/amd64:/usr/lib/jvm/java-1.8-openjdk/jre/../lib/amd64:/workdir/hadoop-ozone/integration-test/target/native/target/usr/local/lib:/workdir/hadoop-ozone/integration-test/../../hadoop-common-project/hadoop-common/target/native/target/usr/local/lib:/usr/java/packages/lib/amd64:/usr/lib64:/lib64:/lib:/usr/lib"/>
    <property name="java.vm.info" value="mixed mode"/>
    <property name="java.vendor" value="IcedTea"/>
    <property name="java.vm.version" value="25.212-b04"/>
    <property name="java.ext.dirs" value="/usr/lib/jvm/java-1.8-openjdk/jre/lib/ext:/usr/java/packages/lib/ext"/>
    <property name="sun.io.unicode.encoding" value="UnicodeLittle"/>
    <property name="java.class.version" value="52.0"/>
  </properties>
  <testcase name="testWatchForCommitWithKeyWrite" classname="org.apache.hadoop.ozone.client.rpc.TestWatchForCommit" time="58.749"/>
  <testcase name="testWatchForCommitWithSmallerTimeoutValue" classname="org.apache.hadoop.ozone.client.rpc.TestWatchForCommit" time="42.768"/>
  <testcase name="testWatchForCommitForRetryfailure" classname="org.apache.hadoop.ozone.client.rpc.TestWatchForCommit" time="66.293">
    <failure type="java.lang.AssertionError">java.lang.AssertionError
	at org.junit.Assert.fail(Assert.java:86)
	at org.junit.Assert.assertTrue(Assert.java:41)
	at org.junit.Assert.assertTrue(Assert.java:52)
	at org.apache.hadoop.ozone.client.rpc.TestWatchForCommit.testWatchForCommitForRetryfailure(TestWatchForCommit.java:348)
	at sun.reflect.NativeMethodAccessorImpl.invoke0(Native Method)
	at sun.reflect.NativeMethodAccessorImpl.invoke(NativeMethodAccessorImpl.java:62)
	at sun.reflect.DelegatingMethodAccessorImpl.invoke(DelegatingMethodAccessorImpl.java:43)
	at java.lang.reflect.Method.invoke(Method.java:498)
	at org.junit.runners.model.FrameworkMethod$1.runReflectiveCall(FrameworkMethod.java:47)
	at org.junit.internal.runners.model.ReflectiveCallable.run(ReflectiveCallable.java:12)
	at org.junit.runners.model.FrameworkMethod.invokeExplosively(FrameworkMethod.java:44)
	at org.junit.internal.runners.statements.InvokeMethod.evaluate(InvokeMethod.java:17)
	at org.junit.runners.ParentRunner.runLeaf(ParentRunner.java:271)
	at org.junit.runners.BlockJUnit4ClassRunner.runChild(BlockJUnit4ClassRunner.java:70)
	at org.junit.runners.BlockJUnit4ClassRunner.runChild(BlockJUnit4ClassRunner.java:50)
	at org.junit.runners.ParentRunner$3.run(ParentRunner.java:238)
	at org.junit.runners.ParentRunner$1.schedule(ParentRunner.java:63)
	at org.junit.runners.ParentRunner.runChildren(ParentRunner.java:236)
	at org.junit.runners.ParentRunner.access$000(ParentRunner.java:53)
	at org.junit.runners.ParentRunner$2.evaluate(ParentRunner.java:229)
	at org.junit.runners.ParentRunner.run(ParentRunner.java:309)
	at org.apache.maven.surefire.junit4.JUnit4Provider.execute(JUnit4Provider.java:365)
	at org.apache.maven.surefire.junit4.JUnit4Provider.executeWithRerun(JUnit4Provider.java:273)
	at org.apache.maven.surefire.junit4.JUnit4Provider.executeTestSet(JUnit4Provider.java:238)
	at org.apache.maven.surefire.junit4.JUnit4Provider.invoke(JUnit4Provider.java:159)
	at org.apache.maven.surefire.booter.ForkedBooter.invokeProviderInSameClassLoader(ForkedBooter.java:384)
	at org.apache.maven.surefire.booter.ForkedBooter.runSuitesInProcess(ForkedBooter.java:345)
	at org.apache.maven.surefire.booter.ForkedBooter.execute(ForkedBooter.java:126)
	at org.apache.maven.surefire.booter.ForkedBooter.main(ForkedBooter.java:418)
</failure>
    <system-out><![CDATA[2019-10-08 05:31:57,779 [main] WARN  server.ServerUtils (ServerUtils.java:getScmDbDir(145)) - ozone.scm.db.dirs is not configured. We recommend adding this setting. Falling back to ozone.metadata.dirs instead.
2019-10-08 05:31:57,795 [main] WARN  server.ServerUtils (ServerUtils.java:getScmDbDir(145)) - ozone.scm.db.dirs is not configured. We recommend adding this setting. Falling back to ozone.metadata.dirs instead.
2019-10-08 05:31:57,795 [main] WARN  server.ServerUtils (ServerUtils.java:getScmDbDir(145)) - ozone.scm.db.dirs is not configured. We recommend adding this setting. Falling back to ozone.metadata.dirs instead.
2019-10-08 05:31:57,796 [main] INFO  db.DBStoreBuilder (DBStoreBuilder.java:addTable(117)) - using custom profile for table: deletedBlocks
2019-10-08 05:31:57,796 [main] INFO  db.DBStoreBuilder (DBStoreBuilder.java:processTables(168)) - Using default column profile:DBProfile.DISK for Table:deletedBlocks
2019-10-08 05:31:57,796 [main] INFO  db.DBStoreBuilder (DBStoreBuilder.java:addTable(117)) - using custom profile for table: validCerts
2019-10-08 05:31:57,797 [main] INFO  db.DBStoreBuilder (DBStoreBuilder.java:processTables(168)) - Using default column profile:DBProfile.DISK for Table:validCerts
2019-10-08 05:31:57,797 [main] INFO  db.DBStoreBuilder (DBStoreBuilder.java:addTable(117)) - using custom profile for table: revokedCerts
2019-10-08 05:31:57,797 [main] INFO  db.DBStoreBuilder (DBStoreBuilder.java:processTables(168)) - Using default column profile:DBProfile.DISK for Table:revokedCerts
2019-10-08 05:31:57,797 [main] INFO  db.DBStoreBuilder (DBStoreBuilder.java:addTable(117)) - using custom profile for table: default
2019-10-08 05:31:57,798 [main] INFO  db.DBStoreBuilder (DBStoreBuilder.java:processTables(174)) - Using default column profile:DBProfile.DISK for Table:default
2019-10-08 05:31:57,798 [main] INFO  db.DBStoreBuilder (DBStoreBuilder.java:getDbProfile(205)) - Using default options. DBProfile.DISK
2019-10-08 05:31:57,946 [main] INFO  net.NodeSchemaLoader (NodeSchemaLoader.java:loadSchemaFromFile(125)) - Loading file from sun.misc.CompoundEnumeration@252744a1
2019-10-08 05:31:57,946 [main] INFO  net.NodeSchemaLoader (NodeSchemaLoader.java:loadSchema(171)) - Loading network topology layer schema file
2019-10-08 05:31:57,951 [main] WARN  server.ServerUtils (ServerUtils.java:sanitizeUserArgs(70)) - ozone.scm.stale.node.interval value = 300000 is larger than max = 100000 based on the key value of ozone.scm.heartbeat.thread.interval, reset to the max value 100000.
2019-10-08 05:31:57,951 [main] WARN  server.ServerUtils (ServerUtils.java:sanitizeUserArgs(70)) - ozone.scm.stale.node.interval value = 300000 is larger than max = 100000 based on the key value of ozone.scm.heartbeat.thread.interval, reset to the max value 100000.
2019-10-08 05:31:57,951 [main] INFO  node.SCMNodeManager (SCMNodeManager.java:<init>(116)) - Entering startup safe mode.
2019-10-08 05:31:57,952 [main] INFO  algorithms.ContainerPlacementPolicyFactory (ContainerPlacementPolicyFactory.java:getPolicy(57)) - Create container placement policy of type org.apache.hadoop.hdds.scm.container.placement.algorithms.SCMContainerPlacementRandom
2019-10-08 05:31:57,952 [main] WARN  server.ServerUtils (ServerUtils.java:getScmDbDir(145)) - ozone.scm.db.dirs is not configured. We recommend adding this setting. Falling back to ozone.metadata.dirs instead.
2019-10-08 05:31:57,970 [main] INFO  pipeline.SCMPipelineManager (SCMPipelineManager.java:initializePipelineState(132)) - No pipeline exists in current db
2019-10-08 05:31:57,971 [main] WARN  server.ServerUtils (ServerUtils.java:getScmDbDir(145)) - ozone.scm.db.dirs is not configured. We recommend adding this setting. Falling back to ozone.metadata.dirs instead.
2019-10-08 05:31:57,992 [main] WARN  events.EventQueue (EventQueue.java:fireEvent(183)) - No event handler registered for event TypedEvent{payloadType=SafeModeStatus, name='SafeModeStatus'}
2019-10-08 05:31:57,993 [main] INFO  ipc.CallQueueManager (CallQueueManager.java:<init>(84)) - Using callQueue: class java.util.concurrent.LinkedBlockingQueue, queueCapacity: 2000, scheduler: class org.apache.hadoop.ipc.DefaultRpcScheduler, ipcBackoff: false.
2019-10-08 05:31:57,994 [Socket Reader #1 for port 40118] INFO  ipc.Server (Server.java:run(1074)) - Starting Socket Reader #1 for port 40118
2019-10-08 05:31:57,997 [main] INFO  ipc.CallQueueManager (CallQueueManager.java:<init>(84)) - Using callQueue: class java.util.concurrent.LinkedBlockingQueue, queueCapacity: 2000, scheduler: class org.apache.hadoop.ipc.DefaultRpcScheduler, ipcBackoff: false.
2019-10-08 05:31:57,997 [Socket Reader #1 for port 46467] INFO  ipc.Server (Server.java:run(1074)) - Starting Socket Reader #1 for port 46467
2019-10-08 05:31:57,999 [main] INFO  ipc.CallQueueManager (CallQueueManager.java:<init>(84)) - Using callQueue: class java.util.concurrent.LinkedBlockingQueue, queueCapacity: 2000, scheduler: class org.apache.hadoop.ipc.DefaultRpcScheduler, ipcBackoff: false.
2019-10-08 05:31:58,000 [Socket Reader #1 for port 45273] INFO  ipc.Server (Server.java:run(1074)) - Starting Socket Reader #1 for port 45273
2019-10-08 05:31:58,004 [main] INFO  hdfs.DFSUtil (DFSUtil.java:httpServerTemplateForNNAndJN(1641)) - Starting Web-server for scm at: http://0.0.0.0:0
2019-10-08 05:31:58,006 [main] INFO  server.AuthenticationFilter (AuthenticationFilter.java:constructSecretProvider(240)) - Unable to initialize FileSignerSecretProvider, falling back to use random secrets.
2019-10-08 05:31:58,007 [main] WARN  http.HttpRequestLog (HttpRequestLog.java:getRequestLog(97)) - Jetty request log can only be enabled using Log4j
2019-10-08 05:31:58,009 [main] INFO  http.HttpServer2 (HttpServer2.java:addGlobalFilter(975)) - Added global filter 'safety' (class=org.apache.hadoop.http.HttpServer2$QuotingInputFilter)
2019-10-08 05:31:58,009 [main] INFO  http.HttpServer2 (HttpServer2.java:addFilter(948)) - Added filter static_user_filter (class=org.apache.hadoop.http.lib.StaticUserWebFilter$StaticUserFilter) to context scm
2019-10-08 05:31:58,009 [main] INFO  http.HttpServer2 (HttpServer2.java:addFilter(958)) - Added filter static_user_filter (class=org.apache.hadoop.http.lib.StaticUserWebFilter$StaticUserFilter) to context logs
2019-10-08 05:31:58,010 [main] INFO  http.HttpServer2 (HttpServer2.java:addFilter(958)) - Added filter static_user_filter (class=org.apache.hadoop.http.lib.StaticUserWebFilter$StaticUserFilter) to context static
2019-10-08 05:31:58,012 [main] INFO  server.StorageContainerManager (StorageContainerManager.java:start(770)) - StorageContainerLocationProtocol RPC server is listening at /0.0.0.0:45273
2019-10-08 05:31:58,013 [main] WARN  impl.MetricsConfig (MetricsConfig.java:loadFirst(134)) - Cannot locate configuration: tried hadoop-metrics2-storagecontainermanager.properties,hadoop-metrics2.properties
2019-10-08 05:31:58,014 [main] INFO  impl.MetricsSystemImpl (MetricsSystemImpl.java:startTimer(374)) - Scheduled Metric snapshot period at 10 second(s).
2019-10-08 05:31:58,014 [main] INFO  impl.MetricsSystemImpl (MetricsSystemImpl.java:start(191)) - StorageContainerManager metrics system started
2019-10-08 05:31:58,062 [main] INFO  lib.Interns (Interns.java:removeEldestEntry(50)) - Metrics intern cache overflow at 2011 for MetricsSystem={MetricsSystem=MetricsInfoImpl{name=MetricsSystem, description=MetricsSystem}, MetricsSystem record=MetricsInfoImpl{name=MetricsSystem, description=MetricsSystem record}}
2019-10-08 05:31:58,076 [main] WARN  impl.MetricsSystemImpl (MetricsSystemImpl.java:register(276)) - Sink prometheus already exists!
2019-10-08 05:31:58,118 [main] INFO  server.SCMClientProtocolServer (SCMClientProtocolServer.java:start(159)) - RPC server for Client  is listening at /0.0.0.0:45273
2019-10-08 05:31:58,118 [IPC Server Responder] INFO  ipc.Server (Server.java:run(1314)) - IPC Server Responder: starting
2019-10-08 05:31:58,119 [IPC Server listener on 45273] INFO  ipc.Server (Server.java:run(1153)) - IPC Server listener on 45273: starting
2019-10-08 05:31:58,123 [main] INFO  server.StorageContainerManager (StorageContainerManager.java:start(780)) - ScmBlockLocationProtocol RPC server is listening at /0.0.0.0:46467
2019-10-08 05:31:58,123 [main] INFO  server.SCMBlockProtocolServer (SCMBlockProtocolServer.java:start(146)) - RPC server for Block Protocol is listening at /0.0.0.0:46467
2019-10-08 05:31:58,124 [IPC Server Responder] INFO  ipc.Server (Server.java:run(1314)) - IPC Server Responder: starting
2019-10-08 05:31:58,124 [IPC Server listener on 46467] INFO  ipc.Server (Server.java:run(1153)) - IPC Server listener on 46467: starting
2019-10-08 05:31:58,128 [main] INFO  server.StorageContainerManager (StorageContainerManager.java:start(784)) - ScmDatanodeProtocl RPC server is listening at /0.0.0.0:40118
2019-10-08 05:31:58,128 [main] INFO  server.SCMDatanodeProtocolServer (SCMDatanodeProtocolServer.java:start(169)) - RPC server for DataNodes is listening at /0.0.0.0:40118
2019-10-08 05:31:58,128 [IPC Server Responder] INFO  ipc.Server (Server.java:run(1314)) - IPC Server Responder: starting
2019-10-08 05:31:58,128 [IPC Server listener on 40118] INFO  ipc.Server (Server.java:run(1153)) - IPC Server listener on 40118: starting
2019-10-08 05:31:58,133 [main] INFO  http.HttpServer2 (HttpServer2.java:bindListener(1191)) - Jetty bound to port 44475
2019-10-08 05:31:58,133 [main] INFO  server.Server (Server.java:doStart(351)) - jetty-9.3.25.v20180904, build timestamp: 2018-09-04T21:11:46Z, git hash: 3ce520221d0240229c862b122d2b06c12a625732
2019-10-08 05:31:58,135 [main] INFO  handler.ContextHandler (ContextHandler.java:doStart(781)) - Started o.e.j.s.ServletContextHandler@662e682a{/logs,file:///workdir/hadoop-ozone/integration-test/target/log,AVAILABLE}
2019-10-08 05:31:58,136 [main] INFO  handler.ContextHandler (ContextHandler.java:doStart(781)) - Started o.e.j.s.ServletContextHandler@649f25f3{/static,file:///workdir/hadoop-ozone/integration-test/target/test-classes/webapps/static,AVAILABLE}
2019-10-08 05:31:58,140 [main] INFO  handler.ContextHandler (ContextHandler.java:doStart(781)) - Started o.e.j.w.WebAppContext@1d98daa0{/,file:///workdir/hadoop-ozone/integration-test/target/test-classes/webapps/scm/,AVAILABLE}{/scm}
2019-10-08 05:31:58,140 [main] INFO  server.AbstractConnector (AbstractConnector.java:doStart(278)) - Started ServerConnector@70a898b0{HTTP/1.1,[http/1.1]}{0.0.0.0:44475}
2019-10-08 05:31:58,141 [main] INFO  server.Server (Server.java:doStart(419)) - Started @102366ms
2019-10-08 05:31:58,141 [main] WARN  impl.MetricsSystemImpl (MetricsSystemImpl.java:register(276)) - Sink prometheus already exists!
2019-10-08 05:31:58,142 [main] INFO  server.BaseHttpServer (BaseHttpServer.java:updateConnectorAddress(215)) - HTTP server of SCM is listening at http://0.0.0.0:44475
2019-10-08 05:31:58,143 [main] WARN  server.ServerUtils (ServerUtils.java:getDBPath(222)) - ozone.om.db.dirs is not configured. We recommend adding this setting. Falling back to ozone.metadata.dirs instead.
2019-10-08 05:31:58,143 [org.apache.hadoop.util.JvmPauseMonitor$Monitor@54336976] INFO  util.JvmPauseMonitor (JvmPauseMonitor.java:run(188)) - Starting JVM pause monitor
2019-10-08 05:31:58,157 [main] INFO  ha.OMHANodeDetails (OMHANodeDetails.java:loadOMHAConfig(190)) - Configuration either no ozone.om.address set. Falling back to the default OM address /127.0.0.1:0
2019-10-08 05:31:58,157 [main] INFO  ha.OMHANodeDetails (OMHANodeDetails.java:getOMNodeDetails(220)) - OM Service ID is not set. Setting it to the default ID: omServiceIdDefault
2019-10-08 05:31:58,158 [main] WARN  server.ServerUtils (ServerUtils.java:getDBPath(222)) - ozone.om.db.dirs is not configured. We recommend adding this setting. Falling back to ozone.metadata.dirs instead.
2019-10-08 05:31:58,158 [main] WARN  server.ServerUtils (ServerUtils.java:getDBPath(222)) - ozone.om.db.dirs is not configured. We recommend adding this setting. Falling back to ozone.metadata.dirs instead.
2019-10-08 05:31:58,167 [main] WARN  server.ServerUtils (ServerUtils.java:getDBPath(222)) - ozone.om.db.dirs is not configured. We recommend adding this setting. Falling back to ozone.metadata.dirs instead.
2019-10-08 05:31:58,167 [main] INFO  db.DBStoreBuilder (DBStoreBuilder.java:addTable(117)) - using custom profile for table: userTable
2019-10-08 05:31:58,168 [main] INFO  db.DBStoreBuilder (DBStoreBuilder.java:processTables(168)) - Using default column profile:DBProfile.DISK for Table:userTable
2019-10-08 05:31:58,168 [main] INFO  db.DBStoreBuilder (DBStoreBuilder.java:addTable(117)) - using custom profile for table: volumeTable
2019-10-08 05:31:58,168 [main] INFO  db.DBStoreBuilder (DBStoreBuilder.java:processTables(168)) - Using default column profile:DBProfile.DISK for Table:volumeTable
2019-10-08 05:31:58,168 [main] INFO  db.DBStoreBuilder (DBStoreBuilder.java:addTable(117)) - using custom profile for table: bucketTable
2019-10-08 05:31:58,168 [main] INFO  db.DBStoreBuilder (DBStoreBuilder.java:processTables(168)) - Using default column profile:DBProfile.DISK for Table:bucketTable
2019-10-08 05:31:58,169 [main] INFO  db.DBStoreBuilder (DBStoreBuilder.java:addTable(117)) - using custom profile for table: keyTable
2019-10-08 05:31:58,169 [main] INFO  db.DBStoreBuilder (DBStoreBuilder.java:processTables(168)) - Using default column profile:DBProfile.DISK for Table:keyTable
2019-10-08 05:31:58,169 [main] INFO  db.DBStoreBuilder (DBStoreBuilder.java:addTable(117)) - using custom profile for table: deletedTable
2019-10-08 05:31:58,169 [main] INFO  db.DBStoreBuilder (DBStoreBuilder.java:processTables(168)) - Using default column profile:DBProfile.DISK for Table:deletedTable
2019-10-08 05:31:58,169 [main] INFO  db.DBStoreBuilder (DBStoreBuilder.java:addTable(117)) - using custom profile for table: openKeyTable
2019-10-08 05:31:58,169 [main] INFO  db.DBStoreBuilder (DBStoreBuilder.java:processTables(168)) - Using default column profile:DBProfile.DISK for Table:openKeyTable
2019-10-08 05:31:58,170 [main] INFO  db.DBStoreBuilder (DBStoreBuilder.java:addTable(117)) - using custom profile for table: s3Table
2019-10-08 05:31:58,170 [main] INFO  db.DBStoreBuilder (DBStoreBuilder.java:processTables(168)) - Using default column profile:DBProfile.DISK for Table:s3Table
2019-10-08 05:31:58,170 [main] INFO  db.DBStoreBuilder (DBStoreBuilder.java:addTable(117)) - using custom profile for table: multipartInfoTable
2019-10-08 05:31:58,170 [main] INFO  db.DBStoreBuilder (DBStoreBuilder.java:processTables(168)) - Using default column profile:DBProfile.DISK for Table:multipartInfoTable
2019-10-08 05:31:58,170 [main] INFO  db.DBStoreBuilder (DBStoreBuilder.java:addTable(117)) - using custom profile for table: dTokenTable
2019-10-08 05:31:58,170 [main] INFO  db.DBStoreBuilder (DBStoreBuilder.java:processTables(168)) - Using default column profile:DBProfile.DISK for Table:dTokenTable
2019-10-08 05:31:58,171 [main] INFO  db.DBStoreBuilder (DBStoreBuilder.java:addTable(117)) - using custom profile for table: s3SecretTable
2019-10-08 05:31:58,171 [main] INFO  db.DBStoreBuilder (DBStoreBuilder.java:processTables(168)) - Using default column profile:DBProfile.DISK for Table:s3SecretTable
2019-10-08 05:31:58,171 [main] INFO  db.DBStoreBuilder (DBStoreBuilder.java:addTable(117)) - using custom profile for table: prefixTable
2019-10-08 05:31:58,171 [main] INFO  db.DBStoreBuilder (DBStoreBuilder.java:processTables(168)) - Using default column profile:DBProfile.DISK for Table:prefixTable
2019-10-08 05:31:58,171 [main] INFO  db.DBStoreBuilder (DBStoreBuilder.java:addTable(117)) - using custom profile for table: default
2019-10-08 05:31:58,171 [main] INFO  db.DBStoreBuilder (DBStoreBuilder.java:processTables(174)) - Using default column profile:DBProfile.DISK for Table:default
2019-10-08 05:31:58,172 [main] INFO  db.DBStoreBuilder (DBStoreBuilder.java:getDbProfile(205)) - Using default options. DBProfile.DISK
2019-10-08 05:31:58,587 [main] INFO  ipc.CallQueueManager (CallQueueManager.java:<init>(84)) - Using callQueue: class java.util.concurrent.LinkedBlockingQueue, queueCapacity: 2000, scheduler: class org.apache.hadoop.ipc.DefaultRpcScheduler, ipcBackoff: false.
2019-10-08 05:31:58,588 [Socket Reader #1 for port 44638] INFO  ipc.Server (Server.java:run(1074)) - Starting Socket Reader #1 for port 44638
2019-10-08 05:31:58,601 [main] INFO  om.OzoneManager (OzoneManager.java:start(1069)) - OzoneManager RPC server is listening at localhost/127.0.0.1:44638
2019-10-08 05:31:58,601 [main] INFO  impl.MetricsSystemImpl (MetricsSystemImpl.java:init(158)) - OzoneManager metrics system started (again)
2019-10-08 05:31:58,602 [IPC Server Responder] INFO  ipc.Server (Server.java:run(1314)) - IPC Server Responder: starting
2019-10-08 05:31:58,602 [IPC Server listener on 44638] INFO  ipc.Server (Server.java:run(1153)) - IPC Server listener on 44638: starting
2019-10-08 05:31:58,612 [main] INFO  hdfs.DFSUtil (DFSUtil.java:httpServerTemplateForNNAndJN(1641)) - Starting Web-server for ozoneManager at: http://0.0.0.0:0
2019-10-08 05:31:58,613 [main] INFO  server.AuthenticationFilter (AuthenticationFilter.java:constructSecretProvider(240)) - Unable to initialize FileSignerSecretProvider, falling back to use random secrets.
2019-10-08 05:31:58,613 [main] WARN  http.HttpRequestLog (HttpRequestLog.java:getRequestLog(97)) - Jetty request log can only be enabled using Log4j
2019-10-08 05:31:58,615 [main] INFO  http.HttpServer2 (HttpServer2.java:addGlobalFilter(975)) - Added global filter 'safety' (class=org.apache.hadoop.http.HttpServer2$QuotingInputFilter)
2019-10-08 05:31:58,615 [main] INFO  http.HttpServer2 (HttpServer2.java:addFilter(948)) - Added filter static_user_filter (class=org.apache.hadoop.http.lib.StaticUserWebFilter$StaticUserFilter) to context ozoneManager
2019-10-08 05:31:58,615 [main] INFO  http.HttpServer2 (HttpServer2.java:addFilter(958)) - Added filter static_user_filter (class=org.apache.hadoop.http.lib.StaticUserWebFilter$StaticUserFilter) to context static
2019-10-08 05:31:58,616 [main] INFO  http.HttpServer2 (HttpServer2.java:addFilter(958)) - Added filter static_user_filter (class=org.apache.hadoop.http.lib.StaticUserWebFilter$StaticUserFilter) to context logs
2019-10-08 05:31:58,616 [main] INFO  http.HttpServer2 (HttpServer2.java:bindListener(1191)) - Jetty bound to port 45432
2019-10-08 05:31:58,616 [main] INFO  server.Server (Server.java:doStart(351)) - jetty-9.3.25.v20180904, build timestamp: 2018-09-04T21:11:46Z, git hash: 3ce520221d0240229c862b122d2b06c12a625732
2019-10-08 05:31:58,618 [main] INFO  handler.ContextHandler (ContextHandler.java:doStart(781)) - Started o.e.j.s.ServletContextHandler@6ea246af{/logs,file:///workdir/hadoop-ozone/integration-test/target/log,AVAILABLE}
2019-10-08 05:31:58,619 [main] INFO  handler.ContextHandler (ContextHandler.java:doStart(781)) - Started o.e.j.s.ServletContextHandler@1b90fee4{/static,file:///workdir/hadoop-ozone/integration-test/target/test-classes/webapps/static,AVAILABLE}
2019-10-08 05:31:58,622 [main] INFO  handler.ContextHandler (ContextHandler.java:doStart(781)) - Started o.e.j.w.WebAppContext@72bd2871{/,file:///workdir/hadoop-ozone/integration-test/target/test-classes/webapps/ozoneManager/,AVAILABLE}{/ozoneManager}
2019-10-08 05:31:58,623 [main] INFO  server.AbstractConnector (AbstractConnector.java:doStart(278)) - Started ServerConnector@77429040{HTTP/1.1,[http/1.1]}{0.0.0.0:45432}
2019-10-08 05:31:58,624 [main] INFO  server.Server (Server.java:doStart(419)) - Started @102849ms
2019-10-08 05:31:58,624 [main] WARN  impl.MetricsSystemImpl (MetricsSystemImpl.java:register(276)) - Sink prometheus already exists!
2019-10-08 05:31:58,624 [main] INFO  server.BaseHttpServer (BaseHttpServer.java:updateConnectorAddress(215)) - HTTP server of OZONEMANAGER is listening at http://0.0.0.0:45432
2019-10-08 05:31:58,639 [main] INFO  impl.MetricsSystemImpl (MetricsSystemImpl.java:init(158)) - HddsDatanode metrics system started (again)
2019-10-08 05:31:58,642 [main] INFO  ozone.HddsDatanodeService (HddsDatanodeService.java:start(184)) - HddsDatanodeService host:trunk-nightly-20191008-swvtb-1756096174 ip:192.168.5.191
2019-10-08 05:31:58,648 [main] INFO  volume.HddsVolume (HddsVolume.java:<init>(176)) - Creating Volume: /workdir/hadoop-ozone/integration-test/target/test-dir/MiniOzoneClusterImpl-869efc9b-3216-425f-b64d-d5131aedb6a0/datanode-0/data/containers/hdds of  storage type : DISK and capacity : 1482555576320
2019-10-08 05:31:58,648 [main] INFO  volume.VolumeSet (VolumeSet.java:initializeVolumeSet(170)) - Added Volume : /workdir/hadoop-ozone/integration-test/target/test-dir/MiniOzoneClusterImpl-869efc9b-3216-425f-b64d-d5131aedb6a0/datanode-0/data/containers/hdds to VolumeSet
2019-10-08 05:31:58,648 [main] INFO  volume.ThrottledAsyncChecker (ThrottledAsyncChecker.java:schedule(139)) - Scheduling a check for org.apache.hadoop.ozone.container.common.volume.HddsVolume@4de79b7d
2019-10-08 05:31:58,649 [main] INFO  volume.HddsVolumeChecker (HddsVolumeChecker.java:checkAllVolumes(202)) - Scheduled health check for volume org.apache.hadoop.ozone.container.common.volume.HddsVolume@4de79b7d
2019-10-08 05:31:58,662 [main] INFO  impl.RaftServerProxy (ConfUtils.java:logGet(43)) - raft.rpc.type = GRPC (default)
2019-10-08 05:31:58,662 [main] INFO  grpc.GrpcFactory (GrpcFactory.java:checkPooledByteBufAllocatorUseCacheForAllThreads(45)) - PERFORMANCE WARNING: useCacheForAllThreads is true that may cause Netty to create a lot garbage objects and, as a result, trigger GC.
	It is recommended to disable useCacheForAllThreads by setting -Dorg.apache.ratis.thirdparty.io.netty.allocator.useCacheForAllThreads=false in command line.
2019-10-08 05:31:58,662 [main] INFO  grpc.GrpcConfigKeys$Server (ConfUtils.java:logGet(43)) - raft.grpc.server.port = 0 (default)
2019-10-08 05:31:58,663 [main] INFO  server.GrpcService (ConfUtils.java:logGet(43)) - raft.grpc.message.size.max = 33570816 (custom)
2019-10-08 05:31:58,663 [main] INFO  server.RaftServerConfigKeys (ConfUtils.java:logGet(43)) - raft.server.log.appender.buffer.byte-limit = 33554432 (custom)
2019-10-08 05:31:58,663 [main] INFO  server.GrpcService (ConfUtils.java:logGet(43)) - raft.grpc.flow.control.window = 1MB (=1048576) (default)
2019-10-08 05:31:58,663 [main] INFO  server.RaftServerConfigKeys (ConfUtils.java:logGet(43)) - raft.server.rpc.request.timeout = 3000ms (default)
2019-10-08 05:31:58,664 [main] INFO  server.RaftServerConfigKeys (ConfUtils.java:logGet(43)) - raft.server.storage.dir = [/workdir/hadoop-ozone/integration-test/target/test-dir/MiniOzoneClusterImpl-869efc9b-3216-425f-b64d-d5131aedb6a0/datanode-0/data/ratis] (custom)
2019-10-08 05:31:58,665 [main] INFO  hdfs.DFSUtil (DFSUtil.java:httpServerTemplateForNNAndJN(1641)) - Starting Web-server for hddsDatanode at: http://0.0.0.0:0
2019-10-08 05:31:58,669 [main] INFO  server.AuthenticationFilter (AuthenticationFilter.java:constructSecretProvider(240)) - Unable to initialize FileSignerSecretProvider, falling back to use random secrets.
2019-10-08 05:31:58,670 [main] WARN  http.HttpRequestLog (HttpRequestLog.java:getRequestLog(97)) - Jetty request log can only be enabled using Log4j
2019-10-08 05:31:58,671 [main] INFO  http.HttpServer2 (HttpServer2.java:addGlobalFilter(975)) - Added global filter 'safety' (class=org.apache.hadoop.http.HttpServer2$QuotingInputFilter)
2019-10-08 05:31:58,671 [main] INFO  http.HttpServer2 (HttpServer2.java:addFilter(948)) - Added filter static_user_filter (class=org.apache.hadoop.http.lib.StaticUserWebFilter$StaticUserFilter) to context hddsDatanode
2019-10-08 05:31:58,672 [main] INFO  http.HttpServer2 (HttpServer2.java:addFilter(958)) - Added filter static_user_filter (class=org.apache.hadoop.http.lib.StaticUserWebFilter$StaticUserFilter) to context logs
2019-10-08 05:31:58,672 [main] INFO  http.HttpServer2 (HttpServer2.java:addFilter(958)) - Added filter static_user_filter (class=org.apache.hadoop.http.lib.StaticUserWebFilter$StaticUserFilter) to context static
2019-10-08 05:31:58,672 [main] INFO  http.HttpServer2 (HttpServer2.java:bindListener(1191)) - Jetty bound to port 46019
2019-10-08 05:31:58,672 [main] INFO  server.Server (Server.java:doStart(351)) - jetty-9.3.25.v20180904, build timestamp: 2018-09-04T21:11:46Z, git hash: 3ce520221d0240229c862b122d2b06c12a625732
2019-10-08 05:31:58,674 [main] INFO  handler.ContextHandler (ContextHandler.java:doStart(781)) - Started o.e.j.s.ServletContextHandler@f557c37{/logs,file:///workdir/hadoop-ozone/integration-test/target/log,AVAILABLE}
2019-10-08 05:31:58,675 [main] INFO  handler.ContextHandler (ContextHandler.java:doStart(781)) - Started o.e.j.s.ServletContextHandler@5856dbe4{/static,jar:file:/home/user/.m2/repository/org/apache/hadoop/hadoop-hdds-container-service/0.5.0-SNAPSHOT/hadoop-hdds-container-service-0.5.0-SNAPSHOT.jar!/webapps/static,AVAILABLE}
2019-10-08 05:31:58,705 [main] INFO  handler.ContextHandler (ContextHandler.java:doStart(781)) - Started o.e.j.w.WebAppContext@68ddd415{/,file:///tmp/jetty-0.0.0.0-46019-hddsDatanode-_-any-1541674969553467214.dir/webapp/,AVAILABLE}{/hddsDatanode}
2019-10-08 05:31:58,705 [main] INFO  server.AbstractConnector (AbstractConnector.java:doStart(278)) - Started ServerConnector@306c7bf6{HTTP/1.1,[http/1.1]}{0.0.0.0:46019}
2019-10-08 05:31:58,708 [main] INFO  server.Server (Server.java:doStart(419)) - Started @102932ms
2019-10-08 05:31:58,708 [main] WARN  impl.MetricsSystemImpl (MetricsSystemImpl.java:register(276)) - Sink prometheus already exists!
2019-10-08 05:31:58,709 [main] INFO  server.BaseHttpServer (BaseHttpServer.java:updateConnectorAddress(215)) - HTTP server of HDDSDATANODE is listening at http://0.0.0.0:46019
2019-10-08 05:31:58,709 [main] INFO  impl.MetricsSystemImpl (MetricsSystemImpl.java:init(158)) - HddsDatanode metrics system started (again)
2019-10-08 05:31:58,712 [org.apache.hadoop.util.JvmPauseMonitor$Monitor@2802c1db] INFO  util.JvmPauseMonitor (JvmPauseMonitor.java:run(188)) - Starting JVM pause monitor
2019-10-08 05:31:58,712 [main] INFO  ozone.HddsDatanodeService (HddsDatanodeService.java:start(184)) - HddsDatanodeService host:trunk-nightly-20191008-swvtb-1756096174 ip:192.168.5.191
2019-10-08 05:31:58,714 [Datanode State Machine Thread - 0] INFO  datanode.InitDatanodeState (InitDatanodeState.java:persistContainerDatanodeDetails(140)) - DatanodeDetails is persisted to /workdir/hadoop-ozone/integration-test/target/test-dir/MiniOzoneClusterImpl-869efc9b-3216-425f-b64d-d5131aedb6a0/datanode-0/meta/datanode.id
2019-10-08 05:31:58,718 [main] INFO  volume.HddsVolume (HddsVolume.java:<init>(176)) - Creating Volume: /workdir/hadoop-ozone/integration-test/target/test-dir/MiniOzoneClusterImpl-869efc9b-3216-425f-b64d-d5131aedb6a0/datanode-1/data/containers/hdds of  storage type : DISK and capacity : 1482555576320
2019-10-08 05:31:58,718 [main] INFO  volume.VolumeSet (VolumeSet.java:initializeVolumeSet(170)) - Added Volume : /workdir/hadoop-ozone/integration-test/target/test-dir/MiniOzoneClusterImpl-869efc9b-3216-425f-b64d-d5131aedb6a0/datanode-1/data/containers/hdds to VolumeSet
2019-10-08 05:31:58,718 [main] INFO  volume.ThrottledAsyncChecker (ThrottledAsyncChecker.java:schedule(139)) - Scheduling a check for org.apache.hadoop.ozone.container.common.volume.HddsVolume@574059d5
2019-10-08 05:31:58,719 [main] INFO  volume.HddsVolumeChecker (HddsVolumeChecker.java:checkAllVolumes(202)) - Scheduled health check for volume org.apache.hadoop.ozone.container.common.volume.HddsVolume@574059d5
2019-10-08 05:31:58,733 [main] INFO  impl.RaftServerProxy (ConfUtils.java:logGet(43)) - raft.rpc.type = GRPC (default)
2019-10-08 05:31:58,733 [main] INFO  grpc.GrpcFactory (GrpcFactory.java:checkPooledByteBufAllocatorUseCacheForAllThreads(45)) - PERFORMANCE WARNING: useCacheForAllThreads is true that may cause Netty to create a lot garbage objects and, as a result, trigger GC.
	It is recommended to disable useCacheForAllThreads by setting -Dorg.apache.ratis.thirdparty.io.netty.allocator.useCacheForAllThreads=false in command line.
2019-10-08 05:31:58,733 [main] INFO  grpc.GrpcConfigKeys$Server (ConfUtils.java:logGet(43)) - raft.grpc.server.port = 0 (default)
2019-10-08 05:31:58,733 [main] INFO  server.GrpcService (ConfUtils.java:logGet(43)) - raft.grpc.message.size.max = 33570816 (custom)
2019-10-08 05:31:58,734 [main] INFO  server.RaftServerConfigKeys (ConfUtils.java:logGet(43)) - raft.server.log.appender.buffer.byte-limit = 33554432 (custom)
2019-10-08 05:31:58,734 [main] INFO  server.GrpcService (ConfUtils.java:logGet(43)) - raft.grpc.flow.control.window = 1MB (=1048576) (default)
2019-10-08 05:31:58,734 [main] INFO  server.RaftServerConfigKeys (ConfUtils.java:logGet(43)) - raft.server.rpc.request.timeout = 3000ms (default)
2019-10-08 05:31:58,734 [main] INFO  server.RaftServerConfigKeys (ConfUtils.java:logGet(43)) - raft.server.storage.dir = [/workdir/hadoop-ozone/integration-test/target/test-dir/MiniOzoneClusterImpl-869efc9b-3216-425f-b64d-d5131aedb6a0/datanode-1/data/ratis] (custom)
2019-10-08 05:31:58,737 [main] INFO  hdfs.DFSUtil (DFSUtil.java:httpServerTemplateForNNAndJN(1641)) - Starting Web-server for hddsDatanode at: http://0.0.0.0:0
2019-10-08 05:31:58,738 [main] INFO  server.AuthenticationFilter (AuthenticationFilter.java:constructSecretProvider(240)) - Unable to initialize FileSignerSecretProvider, falling back to use random secrets.
2019-10-08 05:31:58,738 [main] WARN  http.HttpRequestLog (HttpRequestLog.java:getRequestLog(97)) - Jetty request log can only be enabled using Log4j
2019-10-08 05:31:58,740 [main] INFO  http.HttpServer2 (HttpServer2.java:addGlobalFilter(975)) - Added global filter 'safety' (class=org.apache.hadoop.http.HttpServer2$QuotingInputFilter)
2019-10-08 05:31:58,740 [main] INFO  http.HttpServer2 (HttpServer2.java:addFilter(948)) - Added filter static_user_filter (class=org.apache.hadoop.http.lib.StaticUserWebFilter$StaticUserFilter) to context hddsDatanode
2019-10-08 05:31:58,740 [main] INFO  http.HttpServer2 (HttpServer2.java:addFilter(958)) - Added filter static_user_filter (class=org.apache.hadoop.http.lib.StaticUserWebFilter$StaticUserFilter) to context logs
2019-10-08 05:31:58,740 [main] INFO  http.HttpServer2 (HttpServer2.java:addFilter(958)) - Added filter static_user_filter (class=org.apache.hadoop.http.lib.StaticUserWebFilter$StaticUserFilter) to context static
2019-10-08 05:31:58,741 [main] INFO  http.HttpServer2 (HttpServer2.java:bindListener(1191)) - Jetty bound to port 39311
2019-10-08 05:31:58,741 [main] INFO  server.Server (Server.java:doStart(351)) - jetty-9.3.25.v20180904, build timestamp: 2018-09-04T21:11:46Z, git hash: 3ce520221d0240229c862b122d2b06c12a625732
2019-10-08 05:31:58,743 [main] INFO  handler.ContextHandler (ContextHandler.java:doStart(781)) - Started o.e.j.s.ServletContextHandler@6adc5b9c{/logs,file:///workdir/hadoop-ozone/integration-test/target/log,AVAILABLE}
2019-10-08 05:31:58,743 [main] INFO  handler.ContextHandler (ContextHandler.java:doStart(781)) - Started o.e.j.s.ServletContextHandler@40709f9{/static,jar:file:/home/user/.m2/repository/org/apache/hadoop/hadoop-hdds-container-service/0.5.0-SNAPSHOT/hadoop-hdds-container-service-0.5.0-SNAPSHOT.jar!/webapps/static,AVAILABLE}
2019-10-08 05:31:58,771 [main] INFO  handler.ContextHandler (ContextHandler.java:doStart(781)) - Started o.e.j.w.WebAppContext@3c952a33{/,file:///tmp/jetty-0.0.0.0-39311-hddsDatanode-_-any-7662129682354803647.dir/webapp/,AVAILABLE}{/hddsDatanode}
2019-10-08 05:31:58,772 [main] INFO  server.AbstractConnector (AbstractConnector.java:doStart(278)) - Started ServerConnector@70029d2d{HTTP/1.1,[http/1.1]}{0.0.0.0:39311}
2019-10-08 05:31:58,773 [main] INFO  server.Server (Server.java:doStart(419)) - Started @102998ms
2019-10-08 05:31:58,773 [main] WARN  impl.MetricsSystemImpl (MetricsSystemImpl.java:register(276)) - Sink prometheus already exists!
2019-10-08 05:31:58,774 [main] INFO  server.BaseHttpServer (BaseHttpServer.java:updateConnectorAddress(215)) - HTTP server of HDDSDATANODE is listening at http://0.0.0.0:39311
2019-10-08 05:31:58,774 [main] INFO  impl.MetricsSystemImpl (MetricsSystemImpl.java:init(158)) - HddsDatanode metrics system started (again)
2019-10-08 05:31:58,777 [org.apache.hadoop.util.JvmPauseMonitor$Monitor@42913626] INFO  util.JvmPauseMonitor (JvmPauseMonitor.java:run(188)) - Starting JVM pause monitor
2019-10-08 05:31:58,778 [main] INFO  ozone.HddsDatanodeService (HddsDatanodeService.java:start(184)) - HddsDatanodeService host:trunk-nightly-20191008-swvtb-1756096174 ip:192.168.5.191
2019-10-08 05:31:58,780 [Datanode State Machine Thread - 0] INFO  datanode.InitDatanodeState (InitDatanodeState.java:persistContainerDatanodeDetails(140)) - DatanodeDetails is persisted to /workdir/hadoop-ozone/integration-test/target/test-dir/MiniOzoneClusterImpl-869efc9b-3216-425f-b64d-d5131aedb6a0/datanode-1/meta/datanode.id
2019-10-08 05:31:58,786 [main] INFO  volume.HddsVolume (HddsVolume.java:<init>(176)) - Creating Volume: /workdir/hadoop-ozone/integration-test/target/test-dir/MiniOzoneClusterImpl-869efc9b-3216-425f-b64d-d5131aedb6a0/datanode-2/data/containers/hdds of  storage type : DISK and capacity : 1482555576320
2019-10-08 05:31:58,786 [main] INFO  volume.VolumeSet (VolumeSet.java:initializeVolumeSet(170)) - Added Volume : /workdir/hadoop-ozone/integration-test/target/test-dir/MiniOzoneClusterImpl-869efc9b-3216-425f-b64d-d5131aedb6a0/datanode-2/data/containers/hdds to VolumeSet
2019-10-08 05:31:58,787 [main] INFO  volume.ThrottledAsyncChecker (ThrottledAsyncChecker.java:schedule(139)) - Scheduling a check for org.apache.hadoop.ozone.container.common.volume.HddsVolume@c02670f
2019-10-08 05:31:58,788 [main] INFO  volume.HddsVolumeChecker (HddsVolumeChecker.java:checkAllVolumes(202)) - Scheduled health check for volume org.apache.hadoop.ozone.container.common.volume.HddsVolume@c02670f
2019-10-08 05:31:58,807 [main] INFO  impl.RaftServerProxy (ConfUtils.java:logGet(43)) - raft.rpc.type = GRPC (default)
2019-10-08 05:31:58,807 [main] INFO  grpc.GrpcFactory (GrpcFactory.java:checkPooledByteBufAllocatorUseCacheForAllThreads(45)) - PERFORMANCE WARNING: useCacheForAllThreads is true that may cause Netty to create a lot garbage objects and, as a result, trigger GC.
	It is recommended to disable useCacheForAllThreads by setting -Dorg.apache.ratis.thirdparty.io.netty.allocator.useCacheForAllThreads=false in command line.
2019-10-08 05:31:58,808 [main] INFO  grpc.GrpcConfigKeys$Server (ConfUtils.java:logGet(43)) - raft.grpc.server.port = 0 (default)
2019-10-08 05:31:58,808 [main] INFO  server.GrpcService (ConfUtils.java:logGet(43)) - raft.grpc.message.size.max = 33570816 (custom)
2019-10-08 05:31:58,808 [main] INFO  server.RaftServerConfigKeys (ConfUtils.java:logGet(43)) - raft.server.log.appender.buffer.byte-limit = 33554432 (custom)
2019-10-08 05:31:58,808 [main] INFO  server.GrpcService (ConfUtils.java:logGet(43)) - raft.grpc.flow.control.window = 1MB (=1048576) (default)
2019-10-08 05:31:58,809 [main] INFO  server.RaftServerConfigKeys (ConfUtils.java:logGet(43)) - raft.server.rpc.request.timeout = 3000ms (default)
2019-10-08 05:31:58,809 [main] INFO  server.RaftServerConfigKeys (ConfUtils.java:logGet(43)) - raft.server.storage.dir = [/workdir/hadoop-ozone/integration-test/target/test-dir/MiniOzoneClusterImpl-869efc9b-3216-425f-b64d-d5131aedb6a0/datanode-2/data/ratis] (custom)
2019-10-08 05:31:58,811 [main] INFO  hdfs.DFSUtil (DFSUtil.java:httpServerTemplateForNNAndJN(1641)) - Starting Web-server for hddsDatanode at: http://0.0.0.0:0
2019-10-08 05:31:58,812 [main] INFO  server.AuthenticationFilter (AuthenticationFilter.java:constructSecretProvider(240)) - Unable to initialize FileSignerSecretProvider, falling back to use random secrets.
2019-10-08 05:31:58,813 [main] WARN  http.HttpRequestLog (HttpRequestLog.java:getRequestLog(97)) - Jetty request log can only be enabled using Log4j
2019-10-08 05:31:58,815 [main] INFO  http.HttpServer2 (HttpServer2.java:addGlobalFilter(975)) - Added global filter 'safety' (class=org.apache.hadoop.http.HttpServer2$QuotingInputFilter)
2019-10-08 05:31:58,816 [main] INFO  http.HttpServer2 (HttpServer2.java:addFilter(948)) - Added filter static_user_filter (class=org.apache.hadoop.http.lib.StaticUserWebFilter$StaticUserFilter) to context hddsDatanode
2019-10-08 05:31:58,816 [main] INFO  http.HttpServer2 (HttpServer2.java:addFilter(958)) - Added filter static_user_filter (class=org.apache.hadoop.http.lib.StaticUserWebFilter$StaticUserFilter) to context logs
2019-10-08 05:31:58,816 [main] INFO  http.HttpServer2 (HttpServer2.java:addFilter(958)) - Added filter static_user_filter (class=org.apache.hadoop.http.lib.StaticUserWebFilter$StaticUserFilter) to context static
2019-10-08 05:31:58,817 [main] INFO  http.HttpServer2 (HttpServer2.java:bindListener(1191)) - Jetty bound to port 42333
2019-10-08 05:31:58,818 [main] INFO  server.Server (Server.java:doStart(351)) - jetty-9.3.25.v20180904, build timestamp: 2018-09-04T21:11:46Z, git hash: 3ce520221d0240229c862b122d2b06c12a625732
2019-10-08 05:31:58,820 [main] INFO  handler.ContextHandler (ContextHandler.java:doStart(781)) - Started o.e.j.s.ServletContextHandler@134f8ef6{/logs,file:///workdir/hadoop-ozone/integration-test/target/log,AVAILABLE}
2019-10-08 05:31:58,821 [main] INFO  handler.ContextHandler (ContextHandler.java:doStart(781)) - Started o.e.j.s.ServletContextHandler@6a32191e{/static,jar:file:/home/user/.m2/repository/org/apache/hadoop/hadoop-hdds-container-service/0.5.0-SNAPSHOT/hadoop-hdds-container-service-0.5.0-SNAPSHOT.jar!/webapps/static,AVAILABLE}
2019-10-08 05:31:58,867 [main] INFO  handler.ContextHandler (ContextHandler.java:doStart(781)) - Started o.e.j.w.WebAppContext@606a1bc4{/,file:///tmp/jetty-0.0.0.0-42333-hddsDatanode-_-any-3448815898725021475.dir/webapp/,AVAILABLE}{/hddsDatanode}
2019-10-08 05:31:58,867 [main] INFO  server.AbstractConnector (AbstractConnector.java:doStart(278)) - Started ServerConnector@6a15b73{HTTP/1.1,[http/1.1]}{0.0.0.0:42333}
2019-10-08 05:31:58,869 [main] INFO  server.Server (Server.java:doStart(419)) - Started @103093ms
2019-10-08 05:31:58,869 [main] WARN  impl.MetricsSystemImpl (MetricsSystemImpl.java:register(276)) - Sink prometheus already exists!
2019-10-08 05:31:58,869 [main] INFO  server.BaseHttpServer (BaseHttpServer.java:updateConnectorAddress(215)) - HTTP server of HDDSDATANODE is listening at http://0.0.0.0:42333
2019-10-08 05:31:58,870 [main] INFO  impl.MetricsSystemImpl (MetricsSystemImpl.java:init(158)) - HddsDatanode metrics system started (again)
2019-10-08 05:31:58,873 [org.apache.hadoop.util.JvmPauseMonitor$Monitor@371e2c5a] INFO  util.JvmPauseMonitor (JvmPauseMonitor.java:run(188)) - Starting JVM pause monitor
2019-10-08 05:31:58,874 [main] INFO  ozone.HddsDatanodeService (HddsDatanodeService.java:start(184)) - HddsDatanodeService host:trunk-nightly-20191008-swvtb-1756096174 ip:192.168.5.191
2019-10-08 05:31:58,875 [Datanode State Machine Thread - 0] INFO  datanode.InitDatanodeState (InitDatanodeState.java:persistContainerDatanodeDetails(140)) - DatanodeDetails is persisted to /workdir/hadoop-ozone/integration-test/target/test-dir/MiniOzoneClusterImpl-869efc9b-3216-425f-b64d-d5131aedb6a0/datanode-2/meta/datanode.id
2019-10-08 05:31:58,880 [main] INFO  volume.HddsVolume (HddsVolume.java:<init>(176)) - Creating Volume: /workdir/hadoop-ozone/integration-test/target/test-dir/MiniOzoneClusterImpl-869efc9b-3216-425f-b64d-d5131aedb6a0/datanode-3/data/containers/hdds of  storage type : DISK and capacity : 1482555576320
2019-10-08 05:31:58,880 [main] INFO  volume.VolumeSet (VolumeSet.java:initializeVolumeSet(170)) - Added Volume : /workdir/hadoop-ozone/integration-test/target/test-dir/MiniOzoneClusterImpl-869efc9b-3216-425f-b64d-d5131aedb6a0/datanode-3/data/containers/hdds to VolumeSet
2019-10-08 05:31:58,880 [main] INFO  volume.ThrottledAsyncChecker (ThrottledAsyncChecker.java:schedule(139)) - Scheduling a check for org.apache.hadoop.ozone.container.common.volume.HddsVolume@31973858
2019-10-08 05:31:58,881 [main] INFO  volume.HddsVolumeChecker (HddsVolumeChecker.java:checkAllVolumes(202)) - Scheduled health check for volume org.apache.hadoop.ozone.container.common.volume.HddsVolume@31973858
2019-10-08 05:31:58,896 [main] INFO  impl.RaftServerProxy (ConfUtils.java:logGet(43)) - raft.rpc.type = GRPC (default)
2019-10-08 05:31:58,897 [main] INFO  grpc.GrpcFactory (GrpcFactory.java:checkPooledByteBufAllocatorUseCacheForAllThreads(45)) - PERFORMANCE WARNING: useCacheForAllThreads is true that may cause Netty to create a lot garbage objects and, as a result, trigger GC.
	It is recommended to disable useCacheForAllThreads by setting -Dorg.apache.ratis.thirdparty.io.netty.allocator.useCacheForAllThreads=false in command line.
2019-10-08 05:31:58,897 [main] INFO  grpc.GrpcConfigKeys$Server (ConfUtils.java:logGet(43)) - raft.grpc.server.port = 0 (default)
2019-10-08 05:31:58,897 [main] INFO  server.GrpcService (ConfUtils.java:logGet(43)) - raft.grpc.message.size.max = 33570816 (custom)
2019-10-08 05:31:58,897 [main] INFO  server.RaftServerConfigKeys (ConfUtils.java:logGet(43)) - raft.server.log.appender.buffer.byte-limit = 33554432 (custom)
2019-10-08 05:31:58,898 [main] INFO  server.GrpcService (ConfUtils.java:logGet(43)) - raft.grpc.flow.control.window = 1MB (=1048576) (default)
2019-10-08 05:31:58,898 [main] INFO  server.RaftServerConfigKeys (ConfUtils.java:logGet(43)) - raft.server.rpc.request.timeout = 3000ms (default)
2019-10-08 05:31:58,898 [main] INFO  server.RaftServerConfigKeys (ConfUtils.java:logGet(43)) - raft.server.storage.dir = [/workdir/hadoop-ozone/integration-test/target/test-dir/MiniOzoneClusterImpl-869efc9b-3216-425f-b64d-d5131aedb6a0/datanode-3/data/ratis] (custom)
2019-10-08 05:31:58,900 [main] INFO  hdfs.DFSUtil (DFSUtil.java:httpServerTemplateForNNAndJN(1641)) - Starting Web-server for hddsDatanode at: http://0.0.0.0:0
2019-10-08 05:31:58,901 [main] INFO  server.AuthenticationFilter (AuthenticationFilter.java:constructSecretProvider(240)) - Unable to initialize FileSignerSecretProvider, falling back to use random secrets.
2019-10-08 05:31:58,901 [main] WARN  http.HttpRequestLog (HttpRequestLog.java:getRequestLog(97)) - Jetty request log can only be enabled using Log4j
2019-10-08 05:31:58,903 [main] INFO  http.HttpServer2 (HttpServer2.java:addGlobalFilter(975)) - Added global filter 'safety' (class=org.apache.hadoop.http.HttpServer2$QuotingInputFilter)
2019-10-08 05:31:58,904 [main] INFO  http.HttpServer2 (HttpServer2.java:addFilter(948)) - Added filter static_user_filter (class=org.apache.hadoop.http.lib.StaticUserWebFilter$StaticUserFilter) to context hddsDatanode
2019-10-08 05:31:58,904 [main] INFO  http.HttpServer2 (HttpServer2.java:addFilter(958)) - Added filter static_user_filter (class=org.apache.hadoop.http.lib.StaticUserWebFilter$StaticUserFilter) to context static
2019-10-08 05:31:58,904 [main] INFO  http.HttpServer2 (HttpServer2.java:addFilter(958)) - Added filter static_user_filter (class=org.apache.hadoop.http.lib.StaticUserWebFilter$StaticUserFilter) to context logs
2019-10-08 05:31:58,905 [main] INFO  http.HttpServer2 (HttpServer2.java:bindListener(1191)) - Jetty bound to port 36865
2019-10-08 05:31:58,905 [main] INFO  server.Server (Server.java:doStart(351)) - jetty-9.3.25.v20180904, build timestamp: 2018-09-04T21:11:46Z, git hash: 3ce520221d0240229c862b122d2b06c12a625732
2019-10-08 05:31:58,906 [main] INFO  handler.ContextHandler (ContextHandler.java:doStart(781)) - Started o.e.j.s.ServletContextHandler@603cabc4{/logs,file:///workdir/hadoop-ozone/integration-test/target/log,AVAILABLE}
2019-10-08 05:31:58,907 [main] INFO  handler.ContextHandler (ContextHandler.java:doStart(781)) - Started o.e.j.s.ServletContextHandler@6f347d7{/static,jar:file:/home/user/.m2/repository/org/apache/hadoop/hadoop-hdds-container-service/0.5.0-SNAPSHOT/hadoop-hdds-container-service-0.5.0-SNAPSHOT.jar!/webapps/static,AVAILABLE}
2019-10-08 05:31:58,938 [main] INFO  handler.ContextHandler (ContextHandler.java:doStart(781)) - Started o.e.j.w.WebAppContext@6eb089e6{/,file:///tmp/jetty-0.0.0.0-36865-hddsDatanode-_-any-3713578801104365395.dir/webapp/,AVAILABLE}{/hddsDatanode}
2019-10-08 05:31:58,939 [main] INFO  server.AbstractConnector (AbstractConnector.java:doStart(278)) - Started ServerConnector@715a70e9{HTTP/1.1,[http/1.1]}{0.0.0.0:36865}
2019-10-08 05:31:58,940 [main] INFO  server.Server (Server.java:doStart(419)) - Started @103165ms
2019-10-08 05:31:58,940 [main] WARN  impl.MetricsSystemImpl (MetricsSystemImpl.java:register(276)) - Sink prometheus already exists!
2019-10-08 05:31:58,941 [main] INFO  server.BaseHttpServer (BaseHttpServer.java:updateConnectorAddress(215)) - HTTP server of HDDSDATANODE is listening at http://0.0.0.0:36865
2019-10-08 05:31:58,941 [main] INFO  impl.MetricsSystemImpl (MetricsSystemImpl.java:init(158)) - HddsDatanode metrics system started (again)
2019-10-08 05:31:58,945 [org.apache.hadoop.util.JvmPauseMonitor$Monitor@790d4802] INFO  util.JvmPauseMonitor (JvmPauseMonitor.java:run(188)) - Starting JVM pause monitor
2019-10-08 05:31:58,945 [main] INFO  ozone.HddsDatanodeService (HddsDatanodeService.java:start(184)) - HddsDatanodeService host:trunk-nightly-20191008-swvtb-1756096174 ip:192.168.5.191
2019-10-08 05:31:58,946 [Datanode State Machine Thread - 0] INFO  datanode.InitDatanodeState (InitDatanodeState.java:persistContainerDatanodeDetails(140)) - DatanodeDetails is persisted to /workdir/hadoop-ozone/integration-test/target/test-dir/MiniOzoneClusterImpl-869efc9b-3216-425f-b64d-d5131aedb6a0/datanode-3/meta/datanode.id
2019-10-08 05:31:58,958 [main] INFO  volume.HddsVolume (HddsVolume.java:<init>(176)) - Creating Volume: /workdir/hadoop-ozone/integration-test/target/test-dir/MiniOzoneClusterImpl-869efc9b-3216-425f-b64d-d5131aedb6a0/datanode-4/data/containers/hdds of  storage type : DISK and capacity : 1482555576320
2019-10-08 05:31:58,959 [main] INFO  volume.VolumeSet (VolumeSet.java:initializeVolumeSet(170)) - Added Volume : /workdir/hadoop-ozone/integration-test/target/test-dir/MiniOzoneClusterImpl-869efc9b-3216-425f-b64d-d5131aedb6a0/datanode-4/data/containers/hdds to VolumeSet
2019-10-08 05:31:58,959 [main] INFO  volume.ThrottledAsyncChecker (ThrottledAsyncChecker.java:schedule(139)) - Scheduling a check for org.apache.hadoop.ozone.container.common.volume.HddsVolume@162c1dfb
2019-10-08 05:31:58,959 [main] INFO  volume.HddsVolumeChecker (HddsVolumeChecker.java:checkAllVolumes(202)) - Scheduled health check for volume org.apache.hadoop.ozone.container.common.volume.HddsVolume@162c1dfb
2019-10-08 05:31:58,971 [main] INFO  impl.RaftServerProxy (ConfUtils.java:logGet(43)) - raft.rpc.type = GRPC (default)
2019-10-08 05:31:58,972 [main] INFO  grpc.GrpcFactory (GrpcFactory.java:checkPooledByteBufAllocatorUseCacheForAllThreads(45)) - PERFORMANCE WARNING: useCacheForAllThreads is true that may cause Netty to create a lot garbage objects and, as a result, trigger GC.
	It is recommended to disable useCacheForAllThreads by setting -Dorg.apache.ratis.thirdparty.io.netty.allocator.useCacheForAllThreads=false in command line.
2019-10-08 05:31:58,972 [main] INFO  grpc.GrpcConfigKeys$Server (ConfUtils.java:logGet(43)) - raft.grpc.server.port = 0 (default)
2019-10-08 05:31:58,972 [main] INFO  server.GrpcService (ConfUtils.java:logGet(43)) - raft.grpc.message.size.max = 33570816 (custom)
2019-10-08 05:31:58,972 [main] INFO  server.RaftServerConfigKeys (ConfUtils.java:logGet(43)) - raft.server.log.appender.buffer.byte-limit = 33554432 (custom)
2019-10-08 05:31:58,972 [main] INFO  server.GrpcService (ConfUtils.java:logGet(43)) - raft.grpc.flow.control.window = 1MB (=1048576) (default)
2019-10-08 05:31:58,973 [main] INFO  server.RaftServerConfigKeys (ConfUtils.java:logGet(43)) - raft.server.rpc.request.timeout = 3000ms (default)
2019-10-08 05:31:58,973 [main] INFO  server.RaftServerConfigKeys (ConfUtils.java:logGet(43)) - raft.server.storage.dir = [/workdir/hadoop-ozone/integration-test/target/test-dir/MiniOzoneClusterImpl-869efc9b-3216-425f-b64d-d5131aedb6a0/datanode-4/data/ratis] (custom)
2019-10-08 05:31:58,974 [main] INFO  hdfs.DFSUtil (DFSUtil.java:httpServerTemplateForNNAndJN(1641)) - Starting Web-server for hddsDatanode at: http://0.0.0.0:0
2019-10-08 05:31:58,975 [main] INFO  server.AuthenticationFilter (AuthenticationFilter.java:constructSecretProvider(240)) - Unable to initialize FileSignerSecretProvider, falling back to use random secrets.
2019-10-08 05:31:58,975 [main] WARN  http.HttpRequestLog (HttpRequestLog.java:getRequestLog(97)) - Jetty request log can only be enabled using Log4j
2019-10-08 05:31:58,977 [main] INFO  http.HttpServer2 (HttpServer2.java:addGlobalFilter(975)) - Added global filter 'safety' (class=org.apache.hadoop.http.HttpServer2$QuotingInputFilter)
2019-10-08 05:31:58,977 [main] INFO  http.HttpServer2 (HttpServer2.java:addFilter(948)) - Added filter static_user_filter (class=org.apache.hadoop.http.lib.StaticUserWebFilter$StaticUserFilter) to context hddsDatanode
2019-10-08 05:31:58,977 [main] INFO  http.HttpServer2 (HttpServer2.java:addFilter(958)) - Added filter static_user_filter (class=org.apache.hadoop.http.lib.StaticUserWebFilter$StaticUserFilter) to context logs
2019-10-08 05:31:58,977 [main] INFO  http.HttpServer2 (HttpServer2.java:addFilter(958)) - Added filter static_user_filter (class=org.apache.hadoop.http.lib.StaticUserWebFilter$StaticUserFilter) to context static
2019-10-08 05:31:58,978 [main] INFO  http.HttpServer2 (HttpServer2.java:bindListener(1191)) - Jetty bound to port 46818
2019-10-08 05:31:58,978 [main] INFO  server.Server (Server.java:doStart(351)) - jetty-9.3.25.v20180904, build timestamp: 2018-09-04T21:11:46Z, git hash: 3ce520221d0240229c862b122d2b06c12a625732
2019-10-08 05:31:58,980 [main] INFO  handler.ContextHandler (ContextHandler.java:doStart(781)) - Started o.e.j.s.ServletContextHandler@6042d663{/logs,file:///workdir/hadoop-ozone/integration-test/target/log,AVAILABLE}
2019-10-08 05:31:58,980 [main] INFO  handler.ContextHandler (ContextHandler.java:doStart(781)) - Started o.e.j.s.ServletContextHandler@3e33b52e{/static,jar:file:/home/user/.m2/repository/org/apache/hadoop/hadoop-hdds-container-service/0.5.0-SNAPSHOT/hadoop-hdds-container-service-0.5.0-SNAPSHOT.jar!/webapps/static,AVAILABLE}
2019-10-08 05:31:59,008 [main] INFO  handler.ContextHandler (ContextHandler.java:doStart(781)) - Started o.e.j.w.WebAppContext@4538856f{/,file:///tmp/jetty-0.0.0.0-46818-hddsDatanode-_-any-6355448050446149229.dir/webapp/,AVAILABLE}{/hddsDatanode}
2019-10-08 05:31:59,008 [main] INFO  server.AbstractConnector (AbstractConnector.java:doStart(278)) - Started ServerConnector@4c3de38e{HTTP/1.1,[http/1.1]}{0.0.0.0:46818}
2019-10-08 05:31:59,009 [main] INFO  server.Server (Server.java:doStart(419)) - Started @103234ms
2019-10-08 05:31:59,010 [main] WARN  impl.MetricsSystemImpl (MetricsSystemImpl.java:register(276)) - Sink prometheus already exists!
2019-10-08 05:31:59,010 [main] INFO  server.BaseHttpServer (BaseHttpServer.java:updateConnectorAddress(215)) - HTTP server of HDDSDATANODE is listening at http://0.0.0.0:46818
2019-10-08 05:31:59,010 [main] INFO  impl.MetricsSystemImpl (MetricsSystemImpl.java:init(158)) - HddsDatanode metrics system started (again)
2019-10-08 05:31:59,014 [org.apache.hadoop.util.JvmPauseMonitor$Monitor@178182c] INFO  util.JvmPauseMonitor (JvmPauseMonitor.java:run(188)) - Starting JVM pause monitor
2019-10-08 05:31:59,014 [main] INFO  ozone.HddsDatanodeService (HddsDatanodeService.java:start(184)) - HddsDatanodeService host:trunk-nightly-20191008-swvtb-1756096174 ip:192.168.5.191
2019-10-08 05:31:59,015 [Datanode State Machine Thread - 0] INFO  datanode.InitDatanodeState (InitDatanodeState.java:persistContainerDatanodeDetails(140)) - DatanodeDetails is persisted to /workdir/hadoop-ozone/integration-test/target/test-dir/MiniOzoneClusterImpl-869efc9b-3216-425f-b64d-d5131aedb6a0/datanode-4/meta/datanode.id
2019-10-08 05:31:59,020 [main] INFO  volume.HddsVolume (HddsVolume.java:<init>(176)) - Creating Volume: /workdir/hadoop-ozone/integration-test/target/test-dir/MiniOzoneClusterImpl-869efc9b-3216-425f-b64d-d5131aedb6a0/datanode-5/data/containers/hdds of  storage type : DISK and capacity : 1482555576320
2019-10-08 05:31:59,020 [main] INFO  volume.VolumeSet (VolumeSet.java:initializeVolumeSet(170)) - Added Volume : /workdir/hadoop-ozone/integration-test/target/test-dir/MiniOzoneClusterImpl-869efc9b-3216-425f-b64d-d5131aedb6a0/datanode-5/data/containers/hdds to VolumeSet
2019-10-08 05:31:59,020 [main] INFO  volume.ThrottledAsyncChecker (ThrottledAsyncChecker.java:schedule(139)) - Scheduling a check for org.apache.hadoop.ozone.container.common.volume.HddsVolume@2921199d
2019-10-08 05:31:59,021 [main] INFO  volume.HddsVolumeChecker (HddsVolumeChecker.java:checkAllVolumes(202)) - Scheduled health check for volume org.apache.hadoop.ozone.container.common.volume.HddsVolume@2921199d
2019-10-08 05:31:59,032 [main] INFO  impl.RaftServerProxy (ConfUtils.java:logGet(43)) - raft.rpc.type = GRPC (default)
2019-10-08 05:31:59,032 [main] INFO  grpc.GrpcFactory (GrpcFactory.java:checkPooledByteBufAllocatorUseCacheForAllThreads(45)) - PERFORMANCE WARNING: useCacheForAllThreads is true that may cause Netty to create a lot garbage objects and, as a result, trigger GC.
	It is recommended to disable useCacheForAllThreads by setting -Dorg.apache.ratis.thirdparty.io.netty.allocator.useCacheForAllThreads=false in command line.
2019-10-08 05:31:59,033 [main] INFO  grpc.GrpcConfigKeys$Server (ConfUtils.java:logGet(43)) - raft.grpc.server.port = 0 (default)
2019-10-08 05:31:59,033 [main] INFO  server.GrpcService (ConfUtils.java:logGet(43)) - raft.grpc.message.size.max = 33570816 (custom)
2019-10-08 05:31:59,033 [main] INFO  server.RaftServerConfigKeys (ConfUtils.java:logGet(43)) - raft.server.log.appender.buffer.byte-limit = 33554432 (custom)
2019-10-08 05:31:59,033 [main] INFO  server.GrpcService (ConfUtils.java:logGet(43)) - raft.grpc.flow.control.window = 1MB (=1048576) (default)
2019-10-08 05:31:59,033 [main] INFO  server.RaftServerConfigKeys (ConfUtils.java:logGet(43)) - raft.server.rpc.request.timeout = 3000ms (default)
2019-10-08 05:31:59,034 [main] INFO  server.RaftServerConfigKeys (ConfUtils.java:logGet(43)) - raft.server.storage.dir = [/workdir/hadoop-ozone/integration-test/target/test-dir/MiniOzoneClusterImpl-869efc9b-3216-425f-b64d-d5131aedb6a0/datanode-5/data/ratis] (custom)
2019-10-08 05:31:59,035 [main] INFO  hdfs.DFSUtil (DFSUtil.java:httpServerTemplateForNNAndJN(1641)) - Starting Web-server for hddsDatanode at: http://0.0.0.0:0
2019-10-08 05:31:59,036 [main] INFO  server.AuthenticationFilter (AuthenticationFilter.java:constructSecretProvider(240)) - Unable to initialize FileSignerSecretProvider, falling back to use random secrets.
2019-10-08 05:31:59,036 [main] WARN  http.HttpRequestLog (HttpRequestLog.java:getRequestLog(97)) - Jetty request log can only be enabled using Log4j
2019-10-08 05:31:59,037 [main] INFO  http.HttpServer2 (HttpServer2.java:addGlobalFilter(975)) - Added global filter 'safety' (class=org.apache.hadoop.http.HttpServer2$QuotingInputFilter)
2019-10-08 05:31:59,038 [main] INFO  http.HttpServer2 (HttpServer2.java:addFilter(948)) - Added filter static_user_filter (class=org.apache.hadoop.http.lib.StaticUserWebFilter$StaticUserFilter) to context hddsDatanode
2019-10-08 05:31:59,038 [main] INFO  http.HttpServer2 (HttpServer2.java:addFilter(958)) - Added filter static_user_filter (class=org.apache.hadoop.http.lib.StaticUserWebFilter$StaticUserFilter) to context logs
2019-10-08 05:31:59,038 [main] INFO  http.HttpServer2 (HttpServer2.java:addFilter(958)) - Added filter static_user_filter (class=org.apache.hadoop.http.lib.StaticUserWebFilter$StaticUserFilter) to context static
2019-10-08 05:31:59,039 [main] INFO  http.HttpServer2 (HttpServer2.java:bindListener(1191)) - Jetty bound to port 34508
2019-10-08 05:31:59,039 [main] INFO  server.Server (Server.java:doStart(351)) - jetty-9.3.25.v20180904, build timestamp: 2018-09-04T21:11:46Z, git hash: 3ce520221d0240229c862b122d2b06c12a625732
2019-10-08 05:31:59,040 [main] INFO  handler.ContextHandler (ContextHandler.java:doStart(781)) - Started o.e.j.s.ServletContextHandler@1e1232cf{/logs,file:///workdir/hadoop-ozone/integration-test/target/log,AVAILABLE}
2019-10-08 05:31:59,041 [main] INFO  handler.ContextHandler (ContextHandler.java:doStart(781)) - Started o.e.j.s.ServletContextHandler@4451f60c{/static,jar:file:/home/user/.m2/repository/org/apache/hadoop/hadoop-hdds-container-service/0.5.0-SNAPSHOT/hadoop-hdds-container-service-0.5.0-SNAPSHOT.jar!/webapps/static,AVAILABLE}
2019-10-08 05:31:59,069 [main] INFO  handler.ContextHandler (ContextHandler.java:doStart(781)) - Started o.e.j.w.WebAppContext@2ba1209b{/,file:///tmp/jetty-0.0.0.0-34508-hddsDatanode-_-any-1375716777669666958.dir/webapp/,AVAILABLE}{/hddsDatanode}
2019-10-08 05:31:59,069 [main] INFO  server.AbstractConnector (AbstractConnector.java:doStart(278)) - Started ServerConnector@7c241a9f{HTTP/1.1,[http/1.1]}{0.0.0.0:34508}
2019-10-08 05:31:59,070 [main] INFO  server.Server (Server.java:doStart(419)) - Started @103295ms
2019-10-08 05:31:59,071 [main] WARN  impl.MetricsSystemImpl (MetricsSystemImpl.java:register(276)) - Sink prometheus already exists!
2019-10-08 05:31:59,071 [main] INFO  server.BaseHttpServer (BaseHttpServer.java:updateConnectorAddress(215)) - HTTP server of HDDSDATANODE is listening at http://0.0.0.0:34508
2019-10-08 05:31:59,071 [main] INFO  impl.MetricsSystemImpl (MetricsSystemImpl.java:init(158)) - HddsDatanode metrics system started (again)
2019-10-08 05:31:59,075 [org.apache.hadoop.util.JvmPauseMonitor$Monitor@1561cce5] INFO  util.JvmPauseMonitor (JvmPauseMonitor.java:run(188)) - Starting JVM pause monitor
2019-10-08 05:31:59,076 [main] INFO  ozone.HddsDatanodeService (HddsDatanodeService.java:start(184)) - HddsDatanodeService host:trunk-nightly-20191008-swvtb-1756096174 ip:192.168.5.191
2019-10-08 05:31:59,077 [Datanode State Machine Thread - 0] INFO  datanode.InitDatanodeState (InitDatanodeState.java:persistContainerDatanodeDetails(140)) - DatanodeDetails is persisted to /workdir/hadoop-ozone/integration-test/target/test-dir/MiniOzoneClusterImpl-869efc9b-3216-425f-b64d-d5131aedb6a0/datanode-5/meta/datanode.id
2019-10-08 05:31:59,082 [main] INFO  volume.HddsVolume (HddsVolume.java:<init>(176)) - Creating Volume: /workdir/hadoop-ozone/integration-test/target/test-dir/MiniOzoneClusterImpl-869efc9b-3216-425f-b64d-d5131aedb6a0/datanode-6/data/containers/hdds of  storage type : DISK and capacity : 1482555576320
2019-10-08 05:31:59,082 [main] INFO  volume.VolumeSet (VolumeSet.java:initializeVolumeSet(170)) - Added Volume : /workdir/hadoop-ozone/integration-test/target/test-dir/MiniOzoneClusterImpl-869efc9b-3216-425f-b64d-d5131aedb6a0/datanode-6/data/containers/hdds to VolumeSet
2019-10-08 05:31:59,082 [main] INFO  volume.ThrottledAsyncChecker (ThrottledAsyncChecker.java:schedule(139)) - Scheduling a check for org.apache.hadoop.ozone.container.common.volume.HddsVolume@28279a49
2019-10-08 05:31:59,083 [main] INFO  volume.HddsVolumeChecker (HddsVolumeChecker.java:checkAllVolumes(202)) - Scheduled health check for volume org.apache.hadoop.ozone.container.common.volume.HddsVolume@28279a49
2019-10-08 05:31:59,095 [main] INFO  impl.RaftServerProxy (ConfUtils.java:logGet(43)) - raft.rpc.type = GRPC (default)
2019-10-08 05:31:59,095 [main] INFO  grpc.GrpcFactory (GrpcFactory.java:checkPooledByteBufAllocatorUseCacheForAllThreads(45)) - PERFORMANCE WARNING: useCacheForAllThreads is true that may cause Netty to create a lot garbage objects and, as a result, trigger GC.
	It is recommended to disable useCacheForAllThreads by setting -Dorg.apache.ratis.thirdparty.io.netty.allocator.useCacheForAllThreads=false in command line.
2019-10-08 05:31:59,095 [main] INFO  grpc.GrpcConfigKeys$Server (ConfUtils.java:logGet(43)) - raft.grpc.server.port = 0 (default)
2019-10-08 05:31:59,096 [main] INFO  server.GrpcService (ConfUtils.java:logGet(43)) - raft.grpc.message.size.max = 33570816 (custom)
2019-10-08 05:31:59,096 [main] INFO  server.RaftServerConfigKeys (ConfUtils.java:logGet(43)) - raft.server.log.appender.buffer.byte-limit = 33554432 (custom)
2019-10-08 05:31:59,096 [main] INFO  server.GrpcService (ConfUtils.java:logGet(43)) - raft.grpc.flow.control.window = 1MB (=1048576) (default)
2019-10-08 05:31:59,096 [main] INFO  server.RaftServerConfigKeys (ConfUtils.java:logGet(43)) - raft.server.rpc.request.timeout = 3000ms (default)
2019-10-08 05:31:59,096 [main] INFO  server.RaftServerConfigKeys (ConfUtils.java:logGet(43)) - raft.server.storage.dir = [/workdir/hadoop-ozone/integration-test/target/test-dir/MiniOzoneClusterImpl-869efc9b-3216-425f-b64d-d5131aedb6a0/datanode-6/data/ratis] (custom)
2019-10-08 05:31:59,097 [main] INFO  hdfs.DFSUtil (DFSUtil.java:httpServerTemplateForNNAndJN(1641)) - Starting Web-server for hddsDatanode at: http://0.0.0.0:0
2019-10-08 05:31:59,099 [main] INFO  server.AuthenticationFilter (AuthenticationFilter.java:constructSecretProvider(240)) - Unable to initialize FileSignerSecretProvider, falling back to use random secrets.
2019-10-08 05:31:59,099 [main] WARN  http.HttpRequestLog (HttpRequestLog.java:getRequestLog(97)) - Jetty request log can only be enabled using Log4j
2019-10-08 05:31:59,100 [main] INFO  http.HttpServer2 (HttpServer2.java:addGlobalFilter(975)) - Added global filter 'safety' (class=org.apache.hadoop.http.HttpServer2$QuotingInputFilter)
2019-10-08 05:31:59,100 [main] INFO  http.HttpServer2 (HttpServer2.java:addFilter(948)) - Added filter static_user_filter (class=org.apache.hadoop.http.lib.StaticUserWebFilter$StaticUserFilter) to context hddsDatanode
2019-10-08 05:31:59,101 [main] INFO  http.HttpServer2 (HttpServer2.java:addFilter(958)) - Added filter static_user_filter (class=org.apache.hadoop.http.lib.StaticUserWebFilter$StaticUserFilter) to context static
2019-10-08 05:31:59,101 [main] INFO  http.HttpServer2 (HttpServer2.java:addFilter(958)) - Added filter static_user_filter (class=org.apache.hadoop.http.lib.StaticUserWebFilter$StaticUserFilter) to context logs
2019-10-08 05:31:59,101 [main] INFO  http.HttpServer2 (HttpServer2.java:bindListener(1191)) - Jetty bound to port 37234
2019-10-08 05:31:59,101 [main] INFO  server.Server (Server.java:doStart(351)) - jetty-9.3.25.v20180904, build timestamp: 2018-09-04T21:11:46Z, git hash: 3ce520221d0240229c862b122d2b06c12a625732
2019-10-08 05:31:59,103 [main] INFO  handler.ContextHandler (ContextHandler.java:doStart(781)) - Started o.e.j.s.ServletContextHandler@159424e2{/logs,file:///workdir/hadoop-ozone/integration-test/target/log,AVAILABLE}
2019-10-08 05:31:59,103 [main] INFO  handler.ContextHandler (ContextHandler.java:doStart(781)) - Started o.e.j.s.ServletContextHandler@1e54a6b1{/static,jar:file:/home/user/.m2/repository/org/apache/hadoop/hadoop-hdds-container-service/0.5.0-SNAPSHOT/hadoop-hdds-container-service-0.5.0-SNAPSHOT.jar!/webapps/static,AVAILABLE}
2019-10-08 05:31:59,131 [main] INFO  handler.ContextHandler (ContextHandler.java:doStart(781)) - Started o.e.j.w.WebAppContext@5a0e0886{/,file:///tmp/jetty-0.0.0.0-37234-hddsDatanode-_-any-3872935248516883453.dir/webapp/,AVAILABLE}{/hddsDatanode}
2019-10-08 05:31:59,131 [main] INFO  server.AbstractConnector (AbstractConnector.java:doStart(278)) - Started ServerConnector@3ad8717d{HTTP/1.1,[http/1.1]}{0.0.0.0:37234}
2019-10-08 05:31:59,132 [main] INFO  server.Server (Server.java:doStart(419)) - Started @103357ms
2019-10-08 05:31:59,133 [main] WARN  impl.MetricsSystemImpl (MetricsSystemImpl.java:register(276)) - Sink prometheus already exists!
2019-10-08 05:31:59,133 [main] INFO  server.BaseHttpServer (BaseHttpServer.java:updateConnectorAddress(215)) - HTTP server of HDDSDATANODE is listening at http://0.0.0.0:37234
2019-10-08 05:31:59,134 [main] INFO  ozone.MiniOzoneClusterImpl (MiniOzoneClusterImpl.java:lambda$waitForClusterToBeReady$0(147)) - Waiting for cluster to be ready. Got 0 of 7 DN Heartbeats.
2019-10-08 05:31:59,134 [org.apache.hadoop.util.JvmPauseMonitor$Monitor@4b8a539f] INFO  util.JvmPauseMonitor (JvmPauseMonitor.java:run(188)) - Starting JVM pause monitor
2019-10-08 05:31:59,136 [Datanode State Machine Thread - 0] INFO  datanode.InitDatanodeState (InitDatanodeState.java:persistContainerDatanodeDetails(140)) - DatanodeDetails is persisted to /workdir/hadoop-ozone/integration-test/target/test-dir/MiniOzoneClusterImpl-869efc9b-3216-425f-b64d-d5131aedb6a0/datanode-6/meta/datanode.id
2019-10-08 05:32:00,134 [main] INFO  ozone.MiniOzoneClusterImpl (MiniOzoneClusterImpl.java:lambda$waitForClusterToBeReady$0(147)) - Waiting for cluster to be ready. Got 0 of 7 DN Heartbeats.
2019-10-08 05:32:00,737 [Datanode State Machine Thread - 0] INFO  ozoneimpl.OzoneContainer (OzoneContainer.java:start(213)) - Attempting to start container services.
2019-10-08 05:32:00,737 [Datanode State Machine Thread - 0] INFO  ozoneimpl.OzoneContainer (OzoneContainer.java:startContainerScrub(177)) - Background container scanner has been disabled.
2019-10-08 05:32:00,738 [Datanode State Machine Thread - 0] INFO  ratis.XceiverServerRatis (XceiverServerRatis.java:start(418)) - Starting XceiverServerRatis 71ff35e1-9876-4cd7-a897-fd9670beabcb at port 0
2019-10-08 05:32:00,745 [Datanode State Machine Thread - 0] INFO  impl.RaftServerProxy (RaftServerProxy.java:lambda$start$3(299)) - 71ff35e1-9876-4cd7-a897-fd9670beabcb: start RPC server
2019-10-08 05:32:00,747 [Datanode State Machine Thread - 0] INFO  server.GrpcService (GrpcService.java:startImpl(158)) - 71ff35e1-9876-4cd7-a897-fd9670beabcb: GrpcService started, listening on 0.0.0.0/0.0.0.0:45429
2019-10-08 05:32:00,747 [Datanode State Machine Thread - 0] INFO  ratis.XceiverServerRatis (XceiverServerRatis.java:start(428)) - XceiverServerRatis 71ff35e1-9876-4cd7-a897-fd9670beabcb is started using port 45429
2019-10-08 05:32:00,749 [Datanode State Machine Thread - 0] INFO  server.XceiverServerGrpc (XceiverServerGrpc.java:start(149)) - XceiverServerGrpc 71ff35e1-9876-4cd7-a897-fd9670beabcb is started using port 35021
2019-10-08 05:32:00,793 [Datanode State Machine Thread - 0] INFO  ozoneimpl.OzoneContainer (OzoneContainer.java:start(213)) - Attempting to start container services.
2019-10-08 05:32:00,793 [Datanode State Machine Thread - 0] INFO  ozoneimpl.OzoneContainer (OzoneContainer.java:startContainerScrub(177)) - Background container scanner has been disabled.
2019-10-08 05:32:00,793 [Datanode State Machine Thread - 0] INFO  ratis.XceiverServerRatis (XceiverServerRatis.java:start(418)) - Starting XceiverServerRatis fe02ea69-9380-4bcd-bf4a-8927edb33a1c at port 0
2019-10-08 05:32:00,800 [Datanode State Machine Thread - 0] INFO  impl.RaftServerProxy (RaftServerProxy.java:lambda$start$3(299)) - fe02ea69-9380-4bcd-bf4a-8927edb33a1c: start RPC server
2019-10-08 05:32:00,801 [Datanode State Machine Thread - 0] INFO  server.GrpcService (GrpcService.java:startImpl(158)) - fe02ea69-9380-4bcd-bf4a-8927edb33a1c: GrpcService started, listening on 0.0.0.0/0.0.0.0:36534
2019-10-08 05:32:00,801 [Datanode State Machine Thread - 0] INFO  ratis.XceiverServerRatis (XceiverServerRatis.java:start(428)) - XceiverServerRatis fe02ea69-9380-4bcd-bf4a-8927edb33a1c is started using port 36534
2019-10-08 05:32:00,801 [Datanode State Machine Thread - 0] INFO  server.XceiverServerGrpc (XceiverServerGrpc.java:start(149)) - XceiverServerGrpc fe02ea69-9380-4bcd-bf4a-8927edb33a1c is started using port 42168
2019-10-08 05:32:00,889 [Datanode State Machine Thread - 0] INFO  ozoneimpl.OzoneContainer (OzoneContainer.java:start(213)) - Attempting to start container services.
2019-10-08 05:32:00,891 [Datanode State Machine Thread - 0] INFO  ozoneimpl.OzoneContainer (OzoneContainer.java:startContainerScrub(177)) - Background container scanner has been disabled.
2019-10-08 05:32:00,891 [Datanode State Machine Thread - 0] INFO  ratis.XceiverServerRatis (XceiverServerRatis.java:start(418)) - Starting XceiverServerRatis e4440853-ceb5-4c08-9120-56806a317b5f at port 0
2019-10-08 05:32:00,900 [Datanode State Machine Thread - 0] INFO  impl.RaftServerProxy (RaftServerProxy.java:lambda$start$3(299)) - e4440853-ceb5-4c08-9120-56806a317b5f: start RPC server
2019-10-08 05:32:00,903 [Datanode State Machine Thread - 0] INFO  server.GrpcService (GrpcService.java:startImpl(158)) - e4440853-ceb5-4c08-9120-56806a317b5f: GrpcService started, listening on 0.0.0.0/0.0.0.0:41472
2019-10-08 05:32:00,903 [Datanode State Machine Thread - 0] INFO  ratis.XceiverServerRatis (XceiverServerRatis.java:start(428)) - XceiverServerRatis e4440853-ceb5-4c08-9120-56806a317b5f is started using port 41472
2019-10-08 05:32:00,904 [Datanode State Machine Thread - 0] INFO  server.XceiverServerGrpc (XceiverServerGrpc.java:start(149)) - XceiverServerGrpc e4440853-ceb5-4c08-9120-56806a317b5f is started using port 46857
2019-10-08 05:32:00,959 [Datanode State Machine Thread - 0] INFO  ozoneimpl.OzoneContainer (OzoneContainer.java:start(213)) - Attempting to start container services.
2019-10-08 05:32:00,959 [Datanode State Machine Thread - 0] INFO  ozoneimpl.OzoneContainer (OzoneContainer.java:startContainerScrub(177)) - Background container scanner has been disabled.
2019-10-08 05:32:00,959 [Datanode State Machine Thread - 0] INFO  ratis.XceiverServerRatis (XceiverServerRatis.java:start(418)) - Starting XceiverServerRatis 63513ac5-a3a7-408e-82f2-57f7c68ec9a1 at port 0
2019-10-08 05:32:00,965 [Datanode State Machine Thread - 0] INFO  impl.RaftServerProxy (RaftServerProxy.java:lambda$start$3(299)) - 63513ac5-a3a7-408e-82f2-57f7c68ec9a1: start RPC server
2019-10-08 05:32:00,966 [Datanode State Machine Thread - 0] INFO  server.GrpcService (GrpcService.java:startImpl(158)) - 63513ac5-a3a7-408e-82f2-57f7c68ec9a1: GrpcService started, listening on 0.0.0.0/0.0.0.0:37528
2019-10-08 05:32:00,966 [Datanode State Machine Thread - 0] INFO  ratis.XceiverServerRatis (XceiverServerRatis.java:start(428)) - XceiverServerRatis 63513ac5-a3a7-408e-82f2-57f7c68ec9a1 is started using port 37528
2019-10-08 05:32:00,967 [Datanode State Machine Thread - 0] INFO  server.XceiverServerGrpc (XceiverServerGrpc.java:start(149)) - XceiverServerGrpc 63513ac5-a3a7-408e-82f2-57f7c68ec9a1 is started using port 33938
2019-10-08 05:32:01,027 [Datanode State Machine Thread - 0] INFO  ozoneimpl.OzoneContainer (OzoneContainer.java:start(213)) - Attempting to start container services.
2019-10-08 05:32:01,028 [Datanode State Machine Thread - 0] INFO  ozoneimpl.OzoneContainer (OzoneContainer.java:startContainerScrub(177)) - Background container scanner has been disabled.
2019-10-08 05:32:01,028 [Datanode State Machine Thread - 0] INFO  ratis.XceiverServerRatis (XceiverServerRatis.java:start(418)) - Starting XceiverServerRatis 4c52ff3c-1013-4ea6-85f7-24e3e150ebaf at port 0
2019-10-08 05:32:01,034 [Datanode State Machine Thread - 0] INFO  impl.RaftServerProxy (RaftServerProxy.java:lambda$start$3(299)) - 4c52ff3c-1013-4ea6-85f7-24e3e150ebaf: start RPC server
2019-10-08 05:32:01,037 [Datanode State Machine Thread - 0] INFO  server.GrpcService (GrpcService.java:startImpl(158)) - 4c52ff3c-1013-4ea6-85f7-24e3e150ebaf: GrpcService started, listening on 0.0.0.0/0.0.0.0:35999
2019-10-08 05:32:01,037 [Datanode State Machine Thread - 0] INFO  ratis.XceiverServerRatis (XceiverServerRatis.java:start(428)) - XceiverServerRatis 4c52ff3c-1013-4ea6-85f7-24e3e150ebaf is started using port 35999
2019-10-08 05:32:01,037 [Datanode State Machine Thread - 0] INFO  server.XceiverServerGrpc (XceiverServerGrpc.java:start(149)) - XceiverServerGrpc 4c52ff3c-1013-4ea6-85f7-24e3e150ebaf is started using port 38005
2019-10-08 05:32:01,089 [Datanode State Machine Thread - 0] INFO  ozoneimpl.OzoneContainer (OzoneContainer.java:start(213)) - Attempting to start container services.
2019-10-08 05:32:01,089 [Datanode State Machine Thread - 0] INFO  ozoneimpl.OzoneContainer (OzoneContainer.java:startContainerScrub(177)) - Background container scanner has been disabled.
2019-10-08 05:32:01,089 [Datanode State Machine Thread - 0] INFO  ratis.XceiverServerRatis (XceiverServerRatis.java:start(418)) - Starting XceiverServerRatis 187628be-de84-4b8f-b5a0-1bccaeb2b30b at port 0
2019-10-08 05:32:01,096 [Datanode State Machine Thread - 0] INFO  impl.RaftServerProxy (RaftServerProxy.java:lambda$start$3(299)) - 187628be-de84-4b8f-b5a0-1bccaeb2b30b: start RPC server
2019-10-08 05:32:01,097 [Datanode State Machine Thread - 0] INFO  server.GrpcService (GrpcService.java:startImpl(158)) - 187628be-de84-4b8f-b5a0-1bccaeb2b30b: GrpcService started, listening on 0.0.0.0/0.0.0.0:40570
2019-10-08 05:32:01,097 [Datanode State Machine Thread - 0] INFO  ratis.XceiverServerRatis (XceiverServerRatis.java:start(428)) - XceiverServerRatis 187628be-de84-4b8f-b5a0-1bccaeb2b30b is started using port 40570
2019-10-08 05:32:01,097 [Datanode State Machine Thread - 0] INFO  server.XceiverServerGrpc (XceiverServerGrpc.java:start(149)) - XceiverServerGrpc 187628be-de84-4b8f-b5a0-1bccaeb2b30b is started using port 46831
2019-10-08 05:32:01,135 [main] INFO  ozone.MiniOzoneClusterImpl (MiniOzoneClusterImpl.java:lambda$waitForClusterToBeReady$0(147)) - Waiting for cluster to be ready. Got 0 of 7 DN Heartbeats.
2019-10-08 05:32:01,148 [Datanode State Machine Thread - 0] INFO  ozoneimpl.OzoneContainer (OzoneContainer.java:start(213)) - Attempting to start container services.
2019-10-08 05:32:01,148 [Datanode State Machine Thread - 0] INFO  ozoneimpl.OzoneContainer (OzoneContainer.java:startContainerScrub(177)) - Background container scanner has been disabled.
2019-10-08 05:32:01,148 [Datanode State Machine Thread - 0] INFO  ratis.XceiverServerRatis (XceiverServerRatis.java:start(418)) - Starting XceiverServerRatis f0a4ec45-e394-4c32-83d2-af13e80a85db at port 0
2019-10-08 05:32:01,154 [Datanode State Machine Thread - 0] INFO  impl.RaftServerProxy (RaftServerProxy.java:lambda$start$3(299)) - f0a4ec45-e394-4c32-83d2-af13e80a85db: start RPC server
2019-10-08 05:32:01,157 [Datanode State Machine Thread - 0] INFO  server.GrpcService (GrpcService.java:startImpl(158)) - f0a4ec45-e394-4c32-83d2-af13e80a85db: GrpcService started, listening on 0.0.0.0/0.0.0.0:33534
2019-10-08 05:32:01,157 [Datanode State Machine Thread - 0] INFO  ratis.XceiverServerRatis (XceiverServerRatis.java:start(428)) - XceiverServerRatis f0a4ec45-e394-4c32-83d2-af13e80a85db is started using port 33534
2019-10-08 05:32:01,158 [Datanode State Machine Thread - 0] INFO  server.XceiverServerGrpc (XceiverServerGrpc.java:start(149)) - XceiverServerGrpc f0a4ec45-e394-4c32-83d2-af13e80a85db is started using port 33768
2019-10-08 05:32:02,135 [main] INFO  ozone.MiniOzoneClusterImpl (MiniOzoneClusterImpl.java:lambda$waitForClusterToBeReady$0(147)) - Waiting for cluster to be ready. Got 0 of 7 DN Heartbeats.
2019-10-08 05:32:02,717 [IPC Server handler 2 on 40118] INFO  net.NetworkTopology (NetworkTopologyImpl.java:add(111)) - Added a new node: /default-rack/71ff35e1-9876-4cd7-a897-fd9670beabcb
2019-10-08 05:32:02,720 [IPC Server handler 2 on 40118] INFO  node.SCMNodeManager (SCMNodeManager.java:register(268)) - Registered Data node : 71ff35e1-9876-4cd7-a897-fd9670beabcb{ip: 192.168.5.191, host: trunk-nightly-20191008-swvtb-1756096174, networkLocation: /default-rack, certSerialId: null}
2019-10-08 05:32:02,720 [EventQueue-NodeRegistrationContainerReportForDataNodeSafeModeRule] INFO  safemode.SCMSafeModeManager (DataNodeSafeModeRule.java:process(71)) - SCM in safe mode. 1 DataNodes registered, 1 required.
2019-10-08 05:32:02,723 [EventQueue-NodeRegistrationContainerReportForDataNodeSafeModeRule] INFO  safemode.SCMSafeModeManager (SCMSafeModeManager.java:validateSafeModeExitRules(177)) - ScmSafeModeManager, all rules are successfully validated
2019-10-08 05:32:02,723 [EventQueue-NodeRegistrationContainerReportForDataNodeSafeModeRule] INFO  safemode.SCMSafeModeManager (SCMSafeModeManager.java:exitSafeMode(193)) - SCM exiting safe mode.
2019-10-08 05:32:02,736 [grpc-default-executor-1] INFO  impl.RaftServerProxy (RaftServerProxy.java:addNew(89)) - 71ff35e1-9876-4cd7-a897-fd9670beabcb: addNew group-33DEDF3C2C57:[71ff35e1-9876-4cd7-a897-fd9670beabcb:192.168.5.191:45429] returns group-33DEDF3C2C57:java.util.concurrent.CompletableFuture@650e35f8[Not completed]
2019-10-08 05:32:02,738 [pool-207-thread-1] INFO  impl.RaftServerImpl (RaftServerImpl.java:<init>(95)) - 71ff35e1-9876-4cd7-a897-fd9670beabcb: new RaftServerImpl for group-33DEDF3C2C57:[71ff35e1-9876-4cd7-a897-fd9670beabcb:192.168.5.191:45429] with ContainerStateMachine:uninitialized
2019-10-08 05:32:02,738 [pool-207-thread-1] INFO  server.RaftServerConfigKeys (ConfUtils.java:logGet(43)) - raft.server.rpc.timeout.min = 5s (custom)
2019-10-08 05:32:02,738 [pool-207-thread-1] INFO  server.RaftServerConfigKeys (ConfUtils.java:logGet(43)) - raft.server.rpc.timeout.max = 5200ms (custom)
2019-10-08 05:32:02,738 [pool-207-thread-1] INFO  server.RaftServerConfigKeys (ConfUtils.java:logGet(43)) - raft.server.rpcslowness.timeout = 120s (custom)
2019-10-08 05:32:02,738 [pool-207-thread-1] INFO  server.RaftServerConfigKeys (ConfUtils.java:logGet(43)) - raft.server.sleep.deviation.threshold = 300 (default)
2019-10-08 05:32:02,738 [pool-207-thread-1] INFO  server.RaftServerConfigKeys (ConfUtils.java:logGet(43)) - raft.server.log.appender.install.snapshot.enabled = false (custom)
2019-10-08 05:32:02,738 [pool-207-thread-1] INFO  impl.RaftServerImpl (ServerState.java:<init>(103)) - 71ff35e1-9876-4cd7-a897-fd9670beabcb@group-33DEDF3C2C57: ConfigurationManager, init=-1: [71ff35e1-9876-4cd7-a897-fd9670beabcb:192.168.5.191:45429], old=null, confs=<EMPTY_MAP>
2019-10-08 05:32:02,739 [pool-207-thread-1] INFO  server.RaftServerConfigKeys (ConfUtils.java:logGet(43)) - raft.server.storage.dir = [/workdir/hadoop-ozone/integration-test/target/test-dir/MiniOzoneClusterImpl-869efc9b-3216-425f-b64d-d5131aedb6a0/datanode-0/data/ratis] (custom)
2019-10-08 05:32:02,739 [pool-207-thread-1] INFO  server.RaftServerConfigKeys (ConfUtils.java:logGet(43)) - raft.server.log.corruption.policy = EXCEPTION (default)
2019-10-08 05:32:02,739 [pool-207-thread-1] INFO  storage.RaftStorageDirectory (RaftStorageDirectory.java:analyzeStorage(246)) - The storage directory /workdir/hadoop-ozone/integration-test/target/test-dir/MiniOzoneClusterImpl-869efc9b-3216-425f-b64d-d5131aedb6a0/datanode-0/data/ratis/fe450112-0c68-4f5f-8163-33dedf3c2c57 does not exist. Creating ...
2019-10-08 05:32:02,752 [pool-207-thread-1] INFO  storage.RaftStorageDirectory (RaftStorageDirectory.java:tryLock(328)) - Lock on /workdir/hadoop-ozone/integration-test/target/test-dir/MiniOzoneClusterImpl-869efc9b-3216-425f-b64d-d5131aedb6a0/datanode-0/data/ratis/fe450112-0c68-4f5f-8163-33dedf3c2c57/in_use.lock acquired by nodename 23931@trunk-nightly-20191008-swvtb-1756096174
2019-10-08 05:32:02,765 [pool-207-thread-1] INFO  storage.RaftStorage (RaftStorage.java:format(84)) - Storage directory /workdir/hadoop-ozone/integration-test/target/test-dir/MiniOzoneClusterImpl-869efc9b-3216-425f-b64d-d5131aedb6a0/datanode-0/data/ratis/fe450112-0c68-4f5f-8163-33dedf3c2c57 has been successfully formatted.
2019-10-08 05:32:02,766 [pool-207-thread-1] INFO  ratis.ContainerStateMachine (ContainerStateMachine.java:loadSnapshot(231)) - group-33DEDF3C2C57: The snapshot info is null. Setting the last applied indexto:(t:0, i:~)
2019-10-08 05:32:02,766 [pool-207-thread-1] INFO  server.RaftServerConfigKeys (ConfUtils.java:logGet(43)) - raft.server.notification.no-leader.timeout = 120s (custom)
2019-10-08 05:32:02,766 [pool-207-thread-1] INFO  server.RaftServerConfigKeys (ConfUtils.java:logGet(43)) - raft.server.log.use.memory = false (default)
2019-10-08 05:32:02,767 [pool-207-thread-1] INFO  server.RaftServerConfigKeys (ConfUtils.java:logGet(43)) - raft.server.log.purge.gap = 1000000 (custom)
2019-10-08 05:32:02,767 [pool-207-thread-1] INFO  server.RaftServerConfigKeys (ConfUtils.java:logGet(43)) - raft.server.log.appender.buffer.byte-limit = 33554432 (custom)
2019-10-08 05:32:02,767 [pool-207-thread-1] INFO  server.RaftServerConfigKeys (ConfUtils.java:logGet(43)) - raft.server.log.segment.size.max = 1048576 (custom)
2019-10-08 05:32:02,769 [pool-207-thread-1] INFO  server.RaftServerConfigKeys (ConfUtils.java:logGet(43)) - raft.server.log.segment.cache.num.max = 2 (custom)
2019-10-08 05:32:02,769 [pool-207-thread-1] INFO  segmented.SegmentedRaftLogWorker (SegmentedRaftLogWorker.java:<init>(173)) - new 71ff35e1-9876-4cd7-a897-fd9670beabcb@group-33DEDF3C2C57-SegmentedRaftLogWorker for RaftStorage:Storage Directory /workdir/hadoop-ozone/integration-test/target/test-dir/MiniOzoneClusterImpl-869efc9b-3216-425f-b64d-d5131aedb6a0/datanode-0/data/ratis/fe450112-0c68-4f5f-8163-33dedf3c2c57
2019-10-08 05:32:02,770 [pool-207-thread-1] INFO  server.RaftServerConfigKeys (ConfUtils.java:logGet(43)) - raft.server.log.queue.byte-limit = 2147483647 (custom)
2019-10-08 05:32:02,770 [pool-207-thread-1] INFO  server.RaftServerConfigKeys (ConfUtils.java:logGet(43)) - raft.server.log.queue.element-limit = 1024 (custom)
2019-10-08 05:32:02,770 [pool-207-thread-1] INFO  server.RaftServerConfigKeys (ConfUtils.java:logGet(43)) - raft.server.log.segment.size.max = 1048576 (custom)
2019-10-08 05:32:02,770 [pool-207-thread-1] INFO  server.RaftServerConfigKeys (ConfUtils.java:logGet(43)) - raft.server.log.preallocated.size = 16384 (custom)
2019-10-08 05:32:02,770 [pool-207-thread-1] INFO  server.RaftServerConfigKeys (ConfUtils.java:logGet(43)) - raft.server.log.write.buffer.size = 33554432 (custom)
2019-10-08 05:32:02,770 [pool-207-thread-1] INFO  server.RaftServerConfigKeys (ConfUtils.java:logGet(43)) - raft.server.log.force.sync.num = 128 (default)
2019-10-08 05:32:02,770 [pool-207-thread-1] INFO  server.RaftServerConfigKeys (ConfUtils.java:logGet(43)) - raft.server.log.statemachine.data.sync = true (default)
2019-10-08 05:32:02,770 [pool-207-thread-1] INFO  server.RaftServerConfigKeys (ConfUtils.java:logGet(43)) - raft.server.log.statemachine.data.sync.timeout = 10s (default)
2019-10-08 05:32:02,771 [pool-207-thread-1] INFO  server.RaftServerConfigKeys (ConfUtils.java:logGet(43)) - raft.server.log.statemachine.data.sync.timeout.retry = -1 (default)
2019-10-08 05:32:02,771 [pool-207-thread-1] INFO  server.RaftServerConfigKeys (ConfUtils.java:logGet(43)) - raft.server.log.statemachine.data.caching.enabled = true (custom)
2019-10-08 05:32:02,771 [pool-207-thread-1] INFO  segmented.SegmentedRaftLogWorker (SegmentedRaftLogWorker.java:lambda$new$0(128)) - 71ff35e1-9876-4cd7-a897-fd9670beabcb@group-33DEDF3C2C57-SegmentedRaftLogWorker: flushIndex: setUnconditionally 0 -> -1
2019-10-08 05:32:02,772 [pool-207-thread-1] INFO  server.RaftServerConfigKeys (ConfUtils.java:logGet(43)) - raft.server.snapshot.auto.trigger.enabled = true (custom)
2019-10-08 05:32:02,772 [pool-207-thread-1] INFO  server.RaftServerConfigKeys (ConfUtils.java:logGet(43)) - raft.server.snapshot.auto.trigger.threshold = 10000 (custom)
2019-10-08 05:32:02,772 [pool-207-thread-1] INFO  server.RaftServerConfigKeys (ConfUtils.java:logGet(43)) - raft.server.snapshot.retention.file.num = 5 (custom)
2019-10-08 05:32:02,772 [pool-207-thread-1] INFO  server.RaftServerConfigKeys (ConfUtils.java:logGet(43)) - raft.server.retrycache.expirytime = 600000ms (custom)
2019-10-08 05:32:02,774 [pool-207-thread-1] INFO  impl.RaftServerImpl (RaftServerImpl.java:start(181)) - 71ff35e1-9876-4cd7-a897-fd9670beabcb@group-33DEDF3C2C57: start as a follower, conf=-1: [71ff35e1-9876-4cd7-a897-fd9670beabcb:192.168.5.191:45429], old=null
2019-10-08 05:32:02,774 [pool-207-thread-1] INFO  impl.RaftServerImpl (RaftServerImpl.java:setRole(170)) - 71ff35e1-9876-4cd7-a897-fd9670beabcb@group-33DEDF3C2C57: changes role from      null to FOLLOWER at term 0 for startAsFollower
2019-10-08 05:32:02,774 [pool-207-thread-1] INFO  impl.RoleInfo (RoleInfo.java:updateAndGet(143)) - 71ff35e1-9876-4cd7-a897-fd9670beabcb: start FollowerState
2019-10-08 05:32:02,775 [pool-207-thread-1] INFO  util.JmxRegister (JmxRegister.java:tryRegister(44)) - Successfully registered JMX Bean with object name Ratis:service=RaftServer,group=group-33DEDF3C2C57,id=71ff35e1-9876-4cd7-a897-fd9670beabcb
2019-10-08 05:32:02,789 [IPC Server handler 4 on 40118] INFO  net.NetworkTopology (NetworkTopologyImpl.java:add(111)) - Added a new node: /default-rack/fe02ea69-9380-4bcd-bf4a-8927edb33a1c
2019-10-08 05:32:02,789 [IPC Server handler 4 on 40118] INFO  node.SCMNodeManager (SCMNodeManager.java:register(268)) - Registered Data node : fe02ea69-9380-4bcd-bf4a-8927edb33a1c{ip: 192.168.5.191, host: trunk-nightly-20191008-swvtb-1756096174, networkLocation: /default-rack, certSerialId: null}
2019-10-08 05:32:02,791 [RatisPipelineUtilsThread] INFO  pipeline.PipelineStateManager (PipelineStateManager.java:addPipeline(56)) - Created pipeline Pipeline[ Id: fe450112-0c68-4f5f-8163-33dedf3c2c57, Nodes: 71ff35e1-9876-4cd7-a897-fd9670beabcb{ip: 192.168.5.191, host: trunk-nightly-20191008-swvtb-1756096174, networkLocation: /default-rack, certSerialId: null}, Type:RATIS, Factor:ONE, State:OPEN]
2019-10-08 05:32:02,827 [grpc-default-executor-1] INFO  impl.RaftServerProxy (RaftServerProxy.java:addNew(89)) - fe02ea69-9380-4bcd-bf4a-8927edb33a1c: addNew group-3F7D487ADCA9:[fe02ea69-9380-4bcd-bf4a-8927edb33a1c:192.168.5.191:36534] returns group-3F7D487ADCA9:java.util.concurrent.CompletableFuture@6fc48275[Not completed]
2019-10-08 05:32:02,828 [pool-217-thread-1] INFO  impl.RaftServerImpl (RaftServerImpl.java:<init>(95)) - fe02ea69-9380-4bcd-bf4a-8927edb33a1c: new RaftServerImpl for group-3F7D487ADCA9:[fe02ea69-9380-4bcd-bf4a-8927edb33a1c:192.168.5.191:36534] with ContainerStateMachine:uninitialized
2019-10-08 05:32:02,829 [pool-217-thread-1] INFO  server.RaftServerConfigKeys (ConfUtils.java:logGet(43)) - raft.server.rpc.timeout.min = 5s (custom)
2019-10-08 05:32:02,829 [pool-217-thread-1] INFO  server.RaftServerConfigKeys (ConfUtils.java:logGet(43)) - raft.server.rpc.timeout.max = 5200ms (custom)
2019-10-08 05:32:02,829 [pool-217-thread-1] INFO  server.RaftServerConfigKeys (ConfUtils.java:logGet(43)) - raft.server.rpcslowness.timeout = 120s (custom)
2019-10-08 05:32:02,829 [pool-217-thread-1] INFO  server.RaftServerConfigKeys (ConfUtils.java:logGet(43)) - raft.server.sleep.deviation.threshold = 300 (default)
2019-10-08 05:32:02,829 [pool-217-thread-1] INFO  server.RaftServerConfigKeys (ConfUtils.java:logGet(43)) - raft.server.log.appender.install.snapshot.enabled = false (custom)
2019-10-08 05:32:02,830 [pool-217-thread-1] INFO  impl.RaftServerImpl (ServerState.java:<init>(103)) - fe02ea69-9380-4bcd-bf4a-8927edb33a1c@group-3F7D487ADCA9: ConfigurationManager, init=-1: [fe02ea69-9380-4bcd-bf4a-8927edb33a1c:192.168.5.191:36534], old=null, confs=<EMPTY_MAP>
2019-10-08 05:32:02,830 [pool-217-thread-1] INFO  server.RaftServerConfigKeys (ConfUtils.java:logGet(43)) - raft.server.storage.dir = [/workdir/hadoop-ozone/integration-test/target/test-dir/MiniOzoneClusterImpl-869efc9b-3216-425f-b64d-d5131aedb6a0/datanode-1/data/ratis] (custom)
2019-10-08 05:32:02,830 [pool-217-thread-1] INFO  server.RaftServerConfigKeys (ConfUtils.java:logGet(43)) - raft.server.log.corruption.policy = EXCEPTION (default)
2019-10-08 05:32:02,831 [pool-217-thread-1] INFO  storage.RaftStorageDirectory (RaftStorageDirectory.java:analyzeStorage(246)) - The storage directory /workdir/hadoop-ozone/integration-test/target/test-dir/MiniOzoneClusterImpl-869efc9b-3216-425f-b64d-d5131aedb6a0/datanode-1/data/ratis/7709cfc8-804e-414b-ab83-3f7d487adca9 does not exist. Creating ...
2019-10-08 05:32:02,844 [pool-217-thread-1] INFO  storage.RaftStorageDirectory (RaftStorageDirectory.java:tryLock(328)) - Lock on /workdir/hadoop-ozone/integration-test/target/test-dir/MiniOzoneClusterImpl-869efc9b-3216-425f-b64d-d5131aedb6a0/datanode-1/data/ratis/7709cfc8-804e-414b-ab83-3f7d487adca9/in_use.lock acquired by nodename 23931@trunk-nightly-20191008-swvtb-1756096174
2019-10-08 05:32:02,856 [pool-217-thread-1] INFO  storage.RaftStorage (RaftStorage.java:format(84)) - Storage directory /workdir/hadoop-ozone/integration-test/target/test-dir/MiniOzoneClusterImpl-869efc9b-3216-425f-b64d-d5131aedb6a0/datanode-1/data/ratis/7709cfc8-804e-414b-ab83-3f7d487adca9 has been successfully formatted.
2019-10-08 05:32:02,857 [pool-217-thread-1] INFO  ratis.ContainerStateMachine (ContainerStateMachine.java:loadSnapshot(231)) - group-3F7D487ADCA9: The snapshot info is null. Setting the last applied indexto:(t:0, i:~)
2019-10-08 05:32:02,857 [pool-217-thread-1] INFO  server.RaftServerConfigKeys (ConfUtils.java:logGet(43)) - raft.server.notification.no-leader.timeout = 120s (custom)
2019-10-08 05:32:02,857 [pool-217-thread-1] INFO  server.RaftServerConfigKeys (ConfUtils.java:logGet(43)) - raft.server.log.use.memory = false (default)
2019-10-08 05:32:02,857 [pool-217-thread-1] INFO  server.RaftServerConfigKeys (ConfUtils.java:logGet(43)) - raft.server.log.purge.gap = 1000000 (custom)
2019-10-08 05:32:02,857 [pool-217-thread-1] INFO  server.RaftServerConfigKeys (ConfUtils.java:logGet(43)) - raft.server.log.appender.buffer.byte-limit = 33554432 (custom)
2019-10-08 05:32:02,858 [pool-217-thread-1] INFO  server.RaftServerConfigKeys (ConfUtils.java:logGet(43)) - raft.server.log.segment.size.max = 1048576 (custom)
2019-10-08 05:32:02,860 [pool-217-thread-1] INFO  server.RaftServerConfigKeys (ConfUtils.java:logGet(43)) - raft.server.log.segment.cache.num.max = 2 (custom)
2019-10-08 05:32:02,860 [pool-217-thread-1] INFO  segmented.SegmentedRaftLogWorker (SegmentedRaftLogWorker.java:<init>(173)) - new fe02ea69-9380-4bcd-bf4a-8927edb33a1c@group-3F7D487ADCA9-SegmentedRaftLogWorker for RaftStorage:Storage Directory /workdir/hadoop-ozone/integration-test/target/test-dir/MiniOzoneClusterImpl-869efc9b-3216-425f-b64d-d5131aedb6a0/datanode-1/data/ratis/7709cfc8-804e-414b-ab83-3f7d487adca9
2019-10-08 05:32:02,860 [pool-217-thread-1] INFO  server.RaftServerConfigKeys (ConfUtils.java:logGet(43)) - raft.server.log.queue.byte-limit = 2147483647 (custom)
2019-10-08 05:32:02,860 [pool-217-thread-1] INFO  server.RaftServerConfigKeys (ConfUtils.java:logGet(43)) - raft.server.log.queue.element-limit = 1024 (custom)
2019-10-08 05:32:02,860 [pool-217-thread-1] INFO  server.RaftServerConfigKeys (ConfUtils.java:logGet(43)) - raft.server.log.segment.size.max = 1048576 (custom)
2019-10-08 05:32:02,861 [pool-217-thread-1] INFO  server.RaftServerConfigKeys (ConfUtils.java:logGet(43)) - raft.server.log.preallocated.size = 16384 (custom)
2019-10-08 05:32:02,861 [pool-217-thread-1] INFO  server.RaftServerConfigKeys (ConfUtils.java:logGet(43)) - raft.server.log.write.buffer.size = 33554432 (custom)
2019-10-08 05:32:02,861 [pool-217-thread-1] INFO  server.RaftServerConfigKeys (ConfUtils.java:logGet(43)) - raft.server.log.force.sync.num = 128 (default)
2019-10-08 05:32:02,861 [pool-217-thread-1] INFO  server.RaftServerConfigKeys (ConfUtils.java:logGet(43)) - raft.server.log.statemachine.data.sync = true (default)
2019-10-08 05:32:02,861 [pool-217-thread-1] INFO  server.RaftServerConfigKeys (ConfUtils.java:logGet(43)) - raft.server.log.statemachine.data.sync.timeout = 10s (default)
2019-10-08 05:32:02,861 [pool-217-thread-1] INFO  server.RaftServerConfigKeys (ConfUtils.java:logGet(43)) - raft.server.log.statemachine.data.sync.timeout.retry = -1 (default)
2019-10-08 05:32:02,862 [pool-217-thread-1] INFO  server.RaftServerConfigKeys (ConfUtils.java:logGet(43)) - raft.server.log.statemachine.data.caching.enabled = true (custom)
2019-10-08 05:32:02,862 [pool-217-thread-1] INFO  segmented.SegmentedRaftLogWorker (SegmentedRaftLogWorker.java:lambda$new$0(128)) - fe02ea69-9380-4bcd-bf4a-8927edb33a1c@group-3F7D487ADCA9-SegmentedRaftLogWorker: flushIndex: setUnconditionally 0 -> -1
2019-10-08 05:32:02,862 [pool-217-thread-1] INFO  server.RaftServerConfigKeys (ConfUtils.java:logGet(43)) - raft.server.snapshot.auto.trigger.enabled = true (custom)
2019-10-08 05:32:02,862 [pool-217-thread-1] INFO  server.RaftServerConfigKeys (ConfUtils.java:logGet(43)) - raft.server.snapshot.auto.trigger.threshold = 10000 (custom)
2019-10-08 05:32:02,863 [pool-217-thread-1] INFO  server.RaftServerConfigKeys (ConfUtils.java:logGet(43)) - raft.server.snapshot.retention.file.num = 5 (custom)
2019-10-08 05:32:02,863 [pool-217-thread-1] INFO  server.RaftServerConfigKeys (ConfUtils.java:logGet(43)) - raft.server.retrycache.expirytime = 600000ms (custom)
2019-10-08 05:32:02,865 [pool-217-thread-1] INFO  impl.RaftServerImpl (RaftServerImpl.java:start(181)) - fe02ea69-9380-4bcd-bf4a-8927edb33a1c@group-3F7D487ADCA9: start as a follower, conf=-1: [fe02ea69-9380-4bcd-bf4a-8927edb33a1c:192.168.5.191:36534], old=null
2019-10-08 05:32:02,865 [pool-217-thread-1] INFO  impl.RaftServerImpl (RaftServerImpl.java:setRole(170)) - fe02ea69-9380-4bcd-bf4a-8927edb33a1c@group-3F7D487ADCA9: changes role from      null to FOLLOWER at term 0 for startAsFollower
2019-10-08 05:32:02,865 [pool-217-thread-1] INFO  impl.RoleInfo (RoleInfo.java:updateAndGet(143)) - fe02ea69-9380-4bcd-bf4a-8927edb33a1c: start FollowerState
2019-10-08 05:32:02,865 [pool-217-thread-1] INFO  util.JmxRegister (JmxRegister.java:tryRegister(44)) - Successfully registered JMX Bean with object name Ratis:service=RaftServer,group=group-3F7D487ADCA9,id=fe02ea69-9380-4bcd-bf4a-8927edb33a1c
2019-10-08 05:32:02,874 [RatisPipelineUtilsThread] INFO  pipeline.PipelineStateManager (PipelineStateManager.java:addPipeline(56)) - Created pipeline Pipeline[ Id: 7709cfc8-804e-414b-ab83-3f7d487adca9, Nodes: fe02ea69-9380-4bcd-bf4a-8927edb33a1c{ip: 192.168.5.191, host: trunk-nightly-20191008-swvtb-1756096174, networkLocation: /default-rack, certSerialId: null}, Type:RATIS, Factor:ONE, State:OPEN]
2019-10-08 05:32:02,874 [IPC Server handler 5 on 40118] INFO  net.NetworkTopology (NetworkTopologyImpl.java:add(111)) - Added a new node: /default-rack/e4440853-ceb5-4c08-9120-56806a317b5f
2019-10-08 05:32:02,878 [IPC Server handler 5 on 40118] INFO  node.SCMNodeManager (SCMNodeManager.java:register(268)) - Registered Data node : e4440853-ceb5-4c08-9120-56806a317b5f{ip: 192.168.5.191, host: trunk-nightly-20191008-swvtb-1756096174, networkLocation: /default-rack, certSerialId: null}
2019-10-08 05:32:02,893 [grpc-default-executor-1] INFO  impl.RaftServerProxy (RaftServerProxy.java:addNew(89)) - fe02ea69-9380-4bcd-bf4a-8927edb33a1c: addNew group-E43142290435:[71ff35e1-9876-4cd7-a897-fd9670beabcb:192.168.5.191:45429, fe02ea69-9380-4bcd-bf4a-8927edb33a1c:192.168.5.191:36534, e4440853-ceb5-4c08-9120-56806a317b5f:192.168.5.191:41472] returns group-E43142290435:java.util.concurrent.CompletableFuture@30a2cefa[Not completed]
2019-10-08 05:32:02,896 [grpc-default-executor-4] INFO  impl.RaftServerProxy (RaftServerProxy.java:addNew(89)) - e4440853-ceb5-4c08-9120-56806a317b5f: addNew group-E43142290435:[71ff35e1-9876-4cd7-a897-fd9670beabcb:192.168.5.191:45429, fe02ea69-9380-4bcd-bf4a-8927edb33a1c:192.168.5.191:36534, e4440853-ceb5-4c08-9120-56806a317b5f:192.168.5.191:41472] returns group-E43142290435:java.util.concurrent.CompletableFuture@62eb0249[Not completed]
2019-10-08 05:32:02,896 [grpc-default-executor-5] INFO  impl.RaftServerProxy (RaftServerProxy.java:addNew(89)) - 71ff35e1-9876-4cd7-a897-fd9670beabcb: addNew group-E43142290435:[71ff35e1-9876-4cd7-a897-fd9670beabcb:192.168.5.191:45429, fe02ea69-9380-4bcd-bf4a-8927edb33a1c:192.168.5.191:36534, e4440853-ceb5-4c08-9120-56806a317b5f:192.168.5.191:41472] returns group-E43142290435:java.util.concurrent.CompletableFuture@1c4fb9f3[Not completed]
2019-10-08 05:32:02,897 [pool-217-thread-1] INFO  impl.RaftServerImpl (RaftServerImpl.java:<init>(95)) - fe02ea69-9380-4bcd-bf4a-8927edb33a1c: new RaftServerImpl for group-E43142290435:[71ff35e1-9876-4cd7-a897-fd9670beabcb:192.168.5.191:45429, fe02ea69-9380-4bcd-bf4a-8927edb33a1c:192.168.5.191:36534, e4440853-ceb5-4c08-9120-56806a317b5f:192.168.5.191:41472] with ContainerStateMachine:uninitialized
2019-10-08 05:32:02,897 [pool-217-thread-1] INFO  server.RaftServerConfigKeys (ConfUtils.java:logGet(43)) - raft.server.rpc.timeout.min = 5s (custom)
2019-10-08 05:32:02,897 [pool-217-thread-1] INFO  server.RaftServerConfigKeys (ConfUtils.java:logGet(43)) - raft.server.rpc.timeout.max = 5200ms (custom)
2019-10-08 05:32:02,897 [pool-217-thread-1] INFO  server.RaftServerConfigKeys (ConfUtils.java:logGet(43)) - raft.server.rpcslowness.timeout = 120s (custom)
2019-10-08 05:32:02,897 [pool-217-thread-1] INFO  server.RaftServerConfigKeys (ConfUtils.java:logGet(43)) - raft.server.sleep.deviation.threshold = 300 (default)
2019-10-08 05:32:02,898 [pool-217-thread-1] INFO  server.RaftServerConfigKeys (ConfUtils.java:logGet(43)) - raft.server.log.appender.install.snapshot.enabled = false (custom)
2019-10-08 05:32:02,898 [pool-217-thread-1] INFO  impl.RaftServerImpl (ServerState.java:<init>(103)) - fe02ea69-9380-4bcd-bf4a-8927edb33a1c@group-E43142290435: ConfigurationManager, init=-1: [71ff35e1-9876-4cd7-a897-fd9670beabcb:192.168.5.191:45429, fe02ea69-9380-4bcd-bf4a-8927edb33a1c:192.168.5.191:36534, e4440853-ceb5-4c08-9120-56806a317b5f:192.168.5.191:41472], old=null, confs=<EMPTY_MAP>
2019-10-08 05:32:02,898 [pool-207-thread-1] INFO  impl.RaftServerImpl (RaftServerImpl.java:<init>(95)) - 71ff35e1-9876-4cd7-a897-fd9670beabcb: new RaftServerImpl for group-E43142290435:[71ff35e1-9876-4cd7-a897-fd9670beabcb:192.168.5.191:45429, fe02ea69-9380-4bcd-bf4a-8927edb33a1c:192.168.5.191:36534, e4440853-ceb5-4c08-9120-56806a317b5f:192.168.5.191:41472] with ContainerStateMachine:uninitialized
2019-10-08 05:32:02,898 [pool-217-thread-1] INFO  server.RaftServerConfigKeys (ConfUtils.java:logGet(43)) - raft.server.storage.dir = [/workdir/hadoop-ozone/integration-test/target/test-dir/MiniOzoneClusterImpl-869efc9b-3216-425f-b64d-d5131aedb6a0/datanode-1/data/ratis] (custom)
2019-10-08 05:32:02,898 [pool-207-thread-1] INFO  server.RaftServerConfigKeys (ConfUtils.java:logGet(43)) - raft.server.rpc.timeout.min = 5s (custom)
2019-10-08 05:32:02,898 [pool-227-thread-1] INFO  impl.RaftServerImpl (RaftServerImpl.java:<init>(95)) - e4440853-ceb5-4c08-9120-56806a317b5f: new RaftServerImpl for group-E43142290435:[71ff35e1-9876-4cd7-a897-fd9670beabcb:192.168.5.191:45429, fe02ea69-9380-4bcd-bf4a-8927edb33a1c:192.168.5.191:36534, e4440853-ceb5-4c08-9120-56806a317b5f:192.168.5.191:41472] with ContainerStateMachine:uninitialized
2019-10-08 05:32:02,898 [pool-217-thread-1] INFO  server.RaftServerConfigKeys (ConfUtils.java:logGet(43)) - raft.server.log.corruption.policy = EXCEPTION (default)
2019-10-08 05:32:02,898 [pool-207-thread-1] INFO  server.RaftServerConfigKeys (ConfUtils.java:logGet(43)) - raft.server.rpc.timeout.max = 5200ms (custom)
2019-10-08 05:32:02,899 [pool-217-thread-1] INFO  storage.RaftStorageDirectory (RaftStorageDirectory.java:analyzeStorage(246)) - The storage directory /workdir/hadoop-ozone/integration-test/target/test-dir/MiniOzoneClusterImpl-869efc9b-3216-425f-b64d-d5131aedb6a0/datanode-1/data/ratis/d213ebb5-2399-4c67-9ced-e43142290435 does not exist. Creating ...
2019-10-08 05:32:02,899 [pool-207-thread-1] INFO  server.RaftServerConfigKeys (ConfUtils.java:logGet(43)) - raft.server.rpcslowness.timeout = 120s (custom)
2019-10-08 05:32:02,899 [pool-227-thread-1] INFO  server.RaftServerConfigKeys (ConfUtils.java:logGet(43)) - raft.server.rpc.timeout.min = 5s (custom)
2019-10-08 05:32:02,899 [pool-207-thread-1] INFO  server.RaftServerConfigKeys (ConfUtils.java:logGet(43)) - raft.server.sleep.deviation.threshold = 300 (default)
2019-10-08 05:32:02,899 [pool-227-thread-1] INFO  server.RaftServerConfigKeys (ConfUtils.java:logGet(43)) - raft.server.rpc.timeout.max = 5200ms (custom)
2019-10-08 05:32:02,899 [pool-207-thread-1] INFO  server.RaftServerConfigKeys (ConfUtils.java:logGet(43)) - raft.server.log.appender.install.snapshot.enabled = false (custom)
2019-10-08 05:32:02,900 [pool-227-thread-1] INFO  server.RaftServerConfigKeys (ConfUtils.java:logGet(43)) - raft.server.rpcslowness.timeout = 120s (custom)
2019-10-08 05:32:02,900 [pool-207-thread-1] INFO  impl.RaftServerImpl (ServerState.java:<init>(103)) - 71ff35e1-9876-4cd7-a897-fd9670beabcb@group-E43142290435: ConfigurationManager, init=-1: [71ff35e1-9876-4cd7-a897-fd9670beabcb:192.168.5.191:45429, fe02ea69-9380-4bcd-bf4a-8927edb33a1c:192.168.5.191:36534, e4440853-ceb5-4c08-9120-56806a317b5f:192.168.5.191:41472], old=null, confs=<EMPTY_MAP>
2019-10-08 05:32:02,900 [pool-227-thread-1] INFO  server.RaftServerConfigKeys (ConfUtils.java:logGet(43)) - raft.server.sleep.deviation.threshold = 300 (default)
2019-10-08 05:32:02,900 [pool-207-thread-1] INFO  server.RaftServerConfigKeys (ConfUtils.java:logGet(43)) - raft.server.storage.dir = [/workdir/hadoop-ozone/integration-test/target/test-dir/MiniOzoneClusterImpl-869efc9b-3216-425f-b64d-d5131aedb6a0/datanode-0/data/ratis] (custom)
2019-10-08 05:32:02,900 [pool-227-thread-1] INFO  server.RaftServerConfigKeys (ConfUtils.java:logGet(43)) - raft.server.log.appender.install.snapshot.enabled = false (custom)
2019-10-08 05:32:02,900 [pool-227-thread-1] INFO  impl.RaftServerImpl (ServerState.java:<init>(103)) - e4440853-ceb5-4c08-9120-56806a317b5f@group-E43142290435: ConfigurationManager, init=-1: [71ff35e1-9876-4cd7-a897-fd9670beabcb:192.168.5.191:45429, fe02ea69-9380-4bcd-bf4a-8927edb33a1c:192.168.5.191:36534, e4440853-ceb5-4c08-9120-56806a317b5f:192.168.5.191:41472], old=null, confs=<EMPTY_MAP>
2019-10-08 05:32:02,900 [pool-207-thread-1] INFO  server.RaftServerConfigKeys (ConfUtils.java:logGet(43)) - raft.server.log.corruption.policy = EXCEPTION (default)
2019-10-08 05:32:02,901 [pool-227-thread-1] INFO  server.RaftServerConfigKeys (ConfUtils.java:logGet(43)) - raft.server.storage.dir = [/workdir/hadoop-ozone/integration-test/target/test-dir/MiniOzoneClusterImpl-869efc9b-3216-425f-b64d-d5131aedb6a0/datanode-2/data/ratis] (custom)
2019-10-08 05:32:02,901 [pool-207-thread-1] INFO  storage.RaftStorageDirectory (RaftStorageDirectory.java:analyzeStorage(246)) - The storage directory /workdir/hadoop-ozone/integration-test/target/test-dir/MiniOzoneClusterImpl-869efc9b-3216-425f-b64d-d5131aedb6a0/datanode-0/data/ratis/d213ebb5-2399-4c67-9ced-e43142290435 does not exist. Creating ...
2019-10-08 05:32:02,901 [pool-227-thread-1] INFO  server.RaftServerConfigKeys (ConfUtils.java:logGet(43)) - raft.server.log.corruption.policy = EXCEPTION (default)
2019-10-08 05:32:02,901 [pool-227-thread-1] INFO  storage.RaftStorageDirectory (RaftStorageDirectory.java:analyzeStorage(246)) - The storage directory /workdir/hadoop-ozone/integration-test/target/test-dir/MiniOzoneClusterImpl-869efc9b-3216-425f-b64d-d5131aedb6a0/datanode-2/data/ratis/d213ebb5-2399-4c67-9ced-e43142290435 does not exist. Creating ...
2019-10-08 05:32:02,912 [pool-207-thread-1] INFO  storage.RaftStorageDirectory (RaftStorageDirectory.java:tryLock(328)) - Lock on /workdir/hadoop-ozone/integration-test/target/test-dir/MiniOzoneClusterImpl-869efc9b-3216-425f-b64d-d5131aedb6a0/datanode-0/data/ratis/d213ebb5-2399-4c67-9ced-e43142290435/in_use.lock acquired by nodename 23931@trunk-nightly-20191008-swvtb-1756096174
2019-10-08 05:32:02,912 [pool-227-thread-1] INFO  storage.RaftStorageDirectory (RaftStorageDirectory.java:tryLock(328)) - Lock on /workdir/hadoop-ozone/integration-test/target/test-dir/MiniOzoneClusterImpl-869efc9b-3216-425f-b64d-d5131aedb6a0/datanode-2/data/ratis/d213ebb5-2399-4c67-9ced-e43142290435/in_use.lock acquired by nodename 23931@trunk-nightly-20191008-swvtb-1756096174
2019-10-08 05:32:02,912 [pool-217-thread-1] INFO  storage.RaftStorageDirectory (RaftStorageDirectory.java:tryLock(328)) - Lock on /workdir/hadoop-ozone/integration-test/target/test-dir/MiniOzoneClusterImpl-869efc9b-3216-425f-b64d-d5131aedb6a0/datanode-1/data/ratis/d213ebb5-2399-4c67-9ced-e43142290435/in_use.lock acquired by nodename 23931@trunk-nightly-20191008-swvtb-1756096174
2019-10-08 05:32:02,926 [pool-227-thread-1] INFO  storage.RaftStorage (RaftStorage.java:format(84)) - Storage directory /workdir/hadoop-ozone/integration-test/target/test-dir/MiniOzoneClusterImpl-869efc9b-3216-425f-b64d-d5131aedb6a0/datanode-2/data/ratis/d213ebb5-2399-4c67-9ced-e43142290435 has been successfully formatted.
2019-10-08 05:32:02,927 [pool-207-thread-1] INFO  storage.RaftStorage (RaftStorage.java:format(84)) - Storage directory /workdir/hadoop-ozone/integration-test/target/test-dir/MiniOzoneClusterImpl-869efc9b-3216-425f-b64d-d5131aedb6a0/datanode-0/data/ratis/d213ebb5-2399-4c67-9ced-e43142290435 has been successfully formatted.
2019-10-08 05:32:02,927 [pool-227-thread-1] INFO  ratis.ContainerStateMachine (ContainerStateMachine.java:loadSnapshot(231)) - group-E43142290435: The snapshot info is null. Setting the last applied indexto:(t:0, i:~)
2019-10-08 05:32:02,927 [pool-217-thread-1] INFO  storage.RaftStorage (RaftStorage.java:format(84)) - Storage directory /workdir/hadoop-ozone/integration-test/target/test-dir/MiniOzoneClusterImpl-869efc9b-3216-425f-b64d-d5131aedb6a0/datanode-1/data/ratis/d213ebb5-2399-4c67-9ced-e43142290435 has been successfully formatted.
2019-10-08 05:32:02,927 [pool-207-thread-1] INFO  ratis.ContainerStateMachine (ContainerStateMachine.java:loadSnapshot(231)) - group-E43142290435: The snapshot info is null. Setting the last applied indexto:(t:0, i:~)
2019-10-08 05:32:02,927 [pool-227-thread-1] INFO  server.RaftServerConfigKeys (ConfUtils.java:logGet(43)) - raft.server.notification.no-leader.timeout = 120s (custom)
2019-10-08 05:32:02,927 [pool-207-thread-1] INFO  server.RaftServerConfigKeys (ConfUtils.java:logGet(43)) - raft.server.notification.no-leader.timeout = 120s (custom)
2019-10-08 05:32:02,927 [pool-217-thread-1] INFO  ratis.ContainerStateMachine (ContainerStateMachine.java:loadSnapshot(231)) - group-E43142290435: The snapshot info is null. Setting the last applied indexto:(t:0, i:~)
2019-10-08 05:32:02,927 [pool-207-thread-1] INFO  server.RaftServerConfigKeys (ConfUtils.java:logGet(43)) - raft.server.log.use.memory = false (default)
2019-10-08 05:32:02,927 [pool-227-thread-1] INFO  server.RaftServerConfigKeys (ConfUtils.java:logGet(43)) - raft.server.log.use.memory = false (default)
2019-10-08 05:32:02,928 [pool-207-thread-1] INFO  server.RaftServerConfigKeys (ConfUtils.java:logGet(43)) - raft.server.log.purge.gap = 1000000 (custom)
2019-10-08 05:32:02,928 [pool-217-thread-1] INFO  server.RaftServerConfigKeys (ConfUtils.java:logGet(43)) - raft.server.notification.no-leader.timeout = 120s (custom)
2019-10-08 05:32:02,928 [pool-207-thread-1] INFO  server.RaftServerConfigKeys (ConfUtils.java:logGet(43)) - raft.server.log.appender.buffer.byte-limit = 33554432 (custom)
2019-10-08 05:32:02,928 [pool-227-thread-1] INFO  server.RaftServerConfigKeys (ConfUtils.java:logGet(43)) - raft.server.log.purge.gap = 1000000 (custom)
2019-10-08 05:32:02,928 [pool-207-thread-1] INFO  server.RaftServerConfigKeys (ConfUtils.java:logGet(43)) - raft.server.log.segment.size.max = 1048576 (custom)
2019-10-08 05:32:02,928 [pool-217-thread-1] INFO  server.RaftServerConfigKeys (ConfUtils.java:logGet(43)) - raft.server.log.use.memory = false (default)
2019-10-08 05:32:02,929 [pool-207-thread-1] INFO  server.RaftServerConfigKeys (ConfUtils.java:logGet(43)) - raft.server.log.segment.cache.num.max = 2 (custom)
2019-10-08 05:32:02,929 [pool-227-thread-1] INFO  server.RaftServerConfigKeys (ConfUtils.java:logGet(43)) - raft.server.log.appender.buffer.byte-limit = 33554432 (custom)
2019-10-08 05:32:02,929 [pool-207-thread-1] INFO  segmented.SegmentedRaftLogWorker (SegmentedRaftLogWorker.java:<init>(173)) - new 71ff35e1-9876-4cd7-a897-fd9670beabcb@group-E43142290435-SegmentedRaftLogWorker for RaftStorage:Storage Directory /workdir/hadoop-ozone/integration-test/target/test-dir/MiniOzoneClusterImpl-869efc9b-3216-425f-b64d-d5131aedb6a0/datanode-0/data/ratis/d213ebb5-2399-4c67-9ced-e43142290435
2019-10-08 05:32:02,929 [pool-217-thread-1] INFO  server.RaftServerConfigKeys (ConfUtils.java:logGet(43)) - raft.server.log.purge.gap = 1000000 (custom)
2019-10-08 05:32:02,929 [pool-207-thread-1] INFO  server.RaftServerConfigKeys (ConfUtils.java:logGet(43)) - raft.server.log.queue.byte-limit = 2147483647 (custom)
2019-10-08 05:32:02,929 [pool-227-thread-1] INFO  server.RaftServerConfigKeys (ConfUtils.java:logGet(43)) - raft.server.log.segment.size.max = 1048576 (custom)
2019-10-08 05:32:02,930 [pool-207-thread-1] INFO  server.RaftServerConfigKeys (ConfUtils.java:logGet(43)) - raft.server.log.queue.element-limit = 1024 (custom)
2019-10-08 05:32:02,929 [pool-217-thread-1] INFO  server.RaftServerConfigKeys (ConfUtils.java:logGet(43)) - raft.server.log.appender.buffer.byte-limit = 33554432 (custom)
2019-10-08 05:32:02,930 [pool-217-thread-1] INFO  server.RaftServerConfigKeys (ConfUtils.java:logGet(43)) - raft.server.log.segment.size.max = 1048576 (custom)
2019-10-08 05:32:02,930 [pool-207-thread-1] INFO  server.RaftServerConfigKeys (ConfUtils.java:logGet(43)) - raft.server.log.segment.size.max = 1048576 (custom)
2019-10-08 05:32:02,930 [pool-217-thread-1] INFO  server.RaftServerConfigKeys (ConfUtils.java:logGet(43)) - raft.server.log.segment.cache.num.max = 2 (custom)
2019-10-08 05:32:02,930 [pool-207-thread-1] INFO  server.RaftServerConfigKeys (ConfUtils.java:logGet(43)) - raft.server.log.preallocated.size = 16384 (custom)
2019-10-08 05:32:02,931 [pool-217-thread-1] INFO  segmented.SegmentedRaftLogWorker (SegmentedRaftLogWorker.java:<init>(173)) - new fe02ea69-9380-4bcd-bf4a-8927edb33a1c@group-E43142290435-SegmentedRaftLogWorker for RaftStorage:Storage Directory /workdir/hadoop-ozone/integration-test/target/test-dir/MiniOzoneClusterImpl-869efc9b-3216-425f-b64d-d5131aedb6a0/datanode-1/data/ratis/d213ebb5-2399-4c67-9ced-e43142290435
2019-10-08 05:32:02,931 [pool-207-thread-1] INFO  server.RaftServerConfigKeys (ConfUtils.java:logGet(43)) - raft.server.log.write.buffer.size = 33554432 (custom)
2019-10-08 05:32:02,931 [pool-217-thread-1] INFO  server.RaftServerConfigKeys (ConfUtils.java:logGet(43)) - raft.server.log.queue.byte-limit = 2147483647 (custom)
2019-10-08 05:32:02,931 [pool-207-thread-1] INFO  server.RaftServerConfigKeys (ConfUtils.java:logGet(43)) - raft.server.log.force.sync.num = 128 (default)
2019-10-08 05:32:02,931 [pool-227-thread-1] INFO  server.RaftServerConfigKeys (ConfUtils.java:logGet(43)) - raft.server.log.segment.cache.num.max = 2 (custom)
2019-10-08 05:32:02,931 [pool-207-thread-1] INFO  server.RaftServerConfigKeys (ConfUtils.java:logGet(43)) - raft.server.log.statemachine.data.sync = true (default)
2019-10-08 05:32:02,931 [pool-217-thread-1] INFO  server.RaftServerConfigKeys (ConfUtils.java:logGet(43)) - raft.server.log.queue.element-limit = 1024 (custom)
2019-10-08 05:32:02,932 [pool-207-thread-1] INFO  server.RaftServerConfigKeys (ConfUtils.java:logGet(43)) - raft.server.log.statemachine.data.sync.timeout = 10s (default)
2019-10-08 05:32:02,932 [pool-227-thread-1] INFO  segmented.SegmentedRaftLogWorker (SegmentedRaftLogWorker.java:<init>(173)) - new e4440853-ceb5-4c08-9120-56806a317b5f@group-E43142290435-SegmentedRaftLogWorker for RaftStorage:Storage Directory /workdir/hadoop-ozone/integration-test/target/test-dir/MiniOzoneClusterImpl-869efc9b-3216-425f-b64d-d5131aedb6a0/datanode-2/data/ratis/d213ebb5-2399-4c67-9ced-e43142290435
2019-10-08 05:32:02,932 [pool-207-thread-1] INFO  server.RaftServerConfigKeys (ConfUtils.java:logGet(43)) - raft.server.log.statemachine.data.sync.timeout.retry = -1 (default)
2019-10-08 05:32:02,932 [pool-217-thread-1] INFO  server.RaftServerConfigKeys (ConfUtils.java:logGet(43)) - raft.server.log.segment.size.max = 1048576 (custom)
2019-10-08 05:32:02,933 [pool-207-thread-1] INFO  server.RaftServerConfigKeys (ConfUtils.java:logGet(43)) - raft.server.log.statemachine.data.caching.enabled = true (custom)
2019-10-08 05:32:02,932 [pool-227-thread-1] INFO  server.RaftServerConfigKeys (ConfUtils.java:logGet(43)) - raft.server.log.queue.byte-limit = 2147483647 (custom)
2019-10-08 05:32:02,933 [pool-217-thread-1] INFO  server.RaftServerConfigKeys (ConfUtils.java:logGet(43)) - raft.server.log.preallocated.size = 16384 (custom)
2019-10-08 05:32:02,933 [pool-227-thread-1] INFO  server.RaftServerConfigKeys (ConfUtils.java:logGet(43)) - raft.server.log.queue.element-limit = 1024 (custom)
2019-10-08 05:32:02,933 [pool-217-thread-1] INFO  server.RaftServerConfigKeys (ConfUtils.java:logGet(43)) - raft.server.log.write.buffer.size = 33554432 (custom)
2019-10-08 05:32:02,933 [pool-227-thread-1] INFO  server.RaftServerConfigKeys (ConfUtils.java:logGet(43)) - raft.server.log.segment.size.max = 1048576 (custom)
2019-10-08 05:32:02,933 [pool-217-thread-1] INFO  server.RaftServerConfigKeys (ConfUtils.java:logGet(43)) - raft.server.log.force.sync.num = 128 (default)
2019-10-08 05:32:02,934 [pool-227-thread-1] INFO  server.RaftServerConfigKeys (ConfUtils.java:logGet(43)) - raft.server.log.preallocated.size = 16384 (custom)
2019-10-08 05:32:02,934 [pool-207-thread-1] INFO  segmented.SegmentedRaftLogWorker (SegmentedRaftLogWorker.java:lambda$new$0(128)) - 71ff35e1-9876-4cd7-a897-fd9670beabcb@group-E43142290435-SegmentedRaftLogWorker: flushIndex: setUnconditionally 0 -> -1
2019-10-08 05:32:02,934 [pool-217-thread-1] INFO  server.RaftServerConfigKeys (ConfUtils.java:logGet(43)) - raft.server.log.statemachine.data.sync = true (default)
2019-10-08 05:32:02,934 [pool-227-thread-1] INFO  server.RaftServerConfigKeys (ConfUtils.java:logGet(43)) - raft.server.log.write.buffer.size = 33554432 (custom)
2019-10-08 05:32:02,934 [pool-217-thread-1] INFO  server.RaftServerConfigKeys (ConfUtils.java:logGet(43)) - raft.server.log.statemachine.data.sync.timeout = 10s (default)
2019-10-08 05:32:02,934 [pool-207-thread-1] INFO  server.RaftServerConfigKeys (ConfUtils.java:logGet(43)) - raft.server.snapshot.auto.trigger.enabled = true (custom)
2019-10-08 05:32:02,935 [pool-217-thread-1] INFO  server.RaftServerConfigKeys (ConfUtils.java:logGet(43)) - raft.server.log.statemachine.data.sync.timeout.retry = -1 (default)
2019-10-08 05:32:02,934 [pool-227-thread-1] INFO  server.RaftServerConfigKeys (ConfUtils.java:logGet(43)) - raft.server.log.force.sync.num = 128 (default)
2019-10-08 05:32:02,935 [pool-217-thread-1] INFO  server.RaftServerConfigKeys (ConfUtils.java:logGet(43)) - raft.server.log.statemachine.data.caching.enabled = true (custom)
2019-10-08 05:32:02,935 [pool-207-thread-1] INFO  server.RaftServerConfigKeys (ConfUtils.java:logGet(43)) - raft.server.snapshot.auto.trigger.threshold = 10000 (custom)
2019-10-08 05:32:02,935 [pool-227-thread-1] INFO  server.RaftServerConfigKeys (ConfUtils.java:logGet(43)) - raft.server.log.statemachine.data.sync = true (default)
2019-10-08 05:32:02,936 [pool-217-thread-1] INFO  segmented.SegmentedRaftLogWorker (SegmentedRaftLogWorker.java:lambda$new$0(128)) - fe02ea69-9380-4bcd-bf4a-8927edb33a1c@group-E43142290435-SegmentedRaftLogWorker: flushIndex: setUnconditionally 0 -> -1
2019-10-08 05:32:02,935 [pool-207-thread-1] INFO  server.RaftServerConfigKeys (ConfUtils.java:logGet(43)) - raft.server.snapshot.retention.file.num = 5 (custom)
2019-10-08 05:32:02,936 [pool-227-thread-1] INFO  server.RaftServerConfigKeys (ConfUtils.java:logGet(43)) - raft.server.log.statemachine.data.sync.timeout = 10s (default)
2019-10-08 05:32:02,936 [pool-207-thread-1] INFO  server.RaftServerConfigKeys (ConfUtils.java:logGet(43)) - raft.server.retrycache.expirytime = 600000ms (custom)
2019-10-08 05:32:02,936 [pool-217-thread-1] INFO  server.RaftServerConfigKeys (ConfUtils.java:logGet(43)) - raft.server.snapshot.auto.trigger.enabled = true (custom)
2019-10-08 05:32:02,936 [pool-227-thread-1] INFO  server.RaftServerConfigKeys (ConfUtils.java:logGet(43)) - raft.server.log.statemachine.data.sync.timeout.retry = -1 (default)
2019-10-08 05:32:02,936 [pool-217-thread-1] INFO  server.RaftServerConfigKeys (ConfUtils.java:logGet(43)) - raft.server.snapshot.auto.trigger.threshold = 10000 (custom)
2019-10-08 05:32:02,937 [pool-217-thread-1] INFO  server.RaftServerConfigKeys (ConfUtils.java:logGet(43)) - raft.server.snapshot.retention.file.num = 5 (custom)
2019-10-08 05:32:02,937 [pool-227-thread-1] INFO  server.RaftServerConfigKeys (ConfUtils.java:logGet(43)) - raft.server.log.statemachine.data.caching.enabled = true (custom)
2019-10-08 05:32:02,937 [pool-217-thread-1] INFO  server.RaftServerConfigKeys (ConfUtils.java:logGet(43)) - raft.server.retrycache.expirytime = 600000ms (custom)
2019-10-08 05:32:02,937 [pool-227-thread-1] INFO  segmented.SegmentedRaftLogWorker (SegmentedRaftLogWorker.java:lambda$new$0(128)) - e4440853-ceb5-4c08-9120-56806a317b5f@group-E43142290435-SegmentedRaftLogWorker: flushIndex: setUnconditionally 0 -> -1
2019-10-08 05:32:02,937 [pool-227-thread-1] INFO  server.RaftServerConfigKeys (ConfUtils.java:logGet(43)) - raft.server.snapshot.auto.trigger.enabled = true (custom)
2019-10-08 05:32:02,937 [pool-227-thread-1] INFO  server.RaftServerConfigKeys (ConfUtils.java:logGet(43)) - raft.server.snapshot.auto.trigger.threshold = 10000 (custom)
2019-10-08 05:32:02,938 [pool-227-thread-1] INFO  server.RaftServerConfigKeys (ConfUtils.java:logGet(43)) - raft.server.snapshot.retention.file.num = 5 (custom)
2019-10-08 05:32:02,938 [pool-227-thread-1] INFO  server.RaftServerConfigKeys (ConfUtils.java:logGet(43)) - raft.server.retrycache.expirytime = 600000ms (custom)
2019-10-08 05:32:02,940 [pool-207-thread-1] INFO  impl.RaftServerImpl (RaftServerImpl.java:start(181)) - 71ff35e1-9876-4cd7-a897-fd9670beabcb@group-E43142290435: start as a follower, conf=-1: [71ff35e1-9876-4cd7-a897-fd9670beabcb:192.168.5.191:45429, fe02ea69-9380-4bcd-bf4a-8927edb33a1c:192.168.5.191:36534, e4440853-ceb5-4c08-9120-56806a317b5f:192.168.5.191:41472], old=null
2019-10-08 05:32:02,941 [pool-207-thread-1] INFO  impl.RaftServerImpl (RaftServerImpl.java:setRole(170)) - 71ff35e1-9876-4cd7-a897-fd9670beabcb@group-E43142290435: changes role from      null to FOLLOWER at term 0 for startAsFollower
2019-10-08 05:32:02,941 [pool-207-thread-1] INFO  impl.RoleInfo (RoleInfo.java:updateAndGet(143)) - 71ff35e1-9876-4cd7-a897-fd9670beabcb: start FollowerState
2019-10-08 05:32:02,941 [pool-217-thread-1] INFO  impl.RaftServerImpl (RaftServerImpl.java:start(181)) - fe02ea69-9380-4bcd-bf4a-8927edb33a1c@group-E43142290435: start as a follower, conf=-1: [71ff35e1-9876-4cd7-a897-fd9670beabcb:192.168.5.191:45429, fe02ea69-9380-4bcd-bf4a-8927edb33a1c:192.168.5.191:36534, e4440853-ceb5-4c08-9120-56806a317b5f:192.168.5.191:41472], old=null
2019-10-08 05:32:02,941 [pool-217-thread-1] INFO  impl.RaftServerImpl (RaftServerImpl.java:setRole(170)) - fe02ea69-9380-4bcd-bf4a-8927edb33a1c@group-E43142290435: changes role from      null to FOLLOWER at term 0 for startAsFollower
2019-10-08 05:32:02,941 [pool-227-thread-1] INFO  impl.RaftServerImpl (RaftServerImpl.java:start(181)) - e4440853-ceb5-4c08-9120-56806a317b5f@group-E43142290435: start as a follower, conf=-1: [71ff35e1-9876-4cd7-a897-fd9670beabcb:192.168.5.191:45429, fe02ea69-9380-4bcd-bf4a-8927edb33a1c:192.168.5.191:36534, e4440853-ceb5-4c08-9120-56806a317b5f:192.168.5.191:41472], old=null
2019-10-08 05:32:02,941 [pool-207-thread-1] INFO  util.JmxRegister (JmxRegister.java:tryRegister(44)) - Successfully registered JMX Bean with object name Ratis:service=RaftServer,group=group-E43142290435,id=71ff35e1-9876-4cd7-a897-fd9670beabcb
2019-10-08 05:32:02,941 [pool-227-thread-1] INFO  impl.RaftServerImpl (RaftServerImpl.java:setRole(170)) - e4440853-ceb5-4c08-9120-56806a317b5f@group-E43142290435: changes role from      null to FOLLOWER at term 0 for startAsFollower
2019-10-08 05:32:02,941 [pool-217-thread-1] INFO  impl.RoleInfo (RoleInfo.java:updateAndGet(143)) - fe02ea69-9380-4bcd-bf4a-8927edb33a1c: start FollowerState
2019-10-08 05:32:02,942 [pool-227-thread-1] INFO  impl.RoleInfo (RoleInfo.java:updateAndGet(143)) - e4440853-ceb5-4c08-9120-56806a317b5f: start FollowerState
2019-10-08 05:32:02,942 [pool-217-thread-1] INFO  util.JmxRegister (JmxRegister.java:tryRegister(44)) - Successfully registered JMX Bean with object name Ratis:service=RaftServer,group=group-E43142290435,id=fe02ea69-9380-4bcd-bf4a-8927edb33a1c
2019-10-08 05:32:02,942 [pool-227-thread-1] INFO  util.JmxRegister (JmxRegister.java:tryRegister(44)) - Successfully registered JMX Bean with object name Ratis:service=RaftServer,group=group-E43142290435,id=e4440853-ceb5-4c08-9120-56806a317b5f
2019-10-08 05:32:02,946 [IPC Server handler 0 on 40118] INFO  net.NetworkTopology (NetworkTopologyImpl.java:add(111)) - Added a new node: /default-rack/63513ac5-a3a7-408e-82f2-57f7c68ec9a1
2019-10-08 05:32:02,946 [IPC Server handler 0 on 40118] INFO  node.SCMNodeManager (SCMNodeManager.java:register(268)) - Registered Data node : 63513ac5-a3a7-408e-82f2-57f7c68ec9a1{ip: 192.168.5.191, host: trunk-nightly-20191008-swvtb-1756096174, networkLocation: /default-rack, certSerialId: null}
2019-10-08 05:32:02,958 [RatisPipelineUtilsThread] INFO  pipeline.PipelineStateManager (PipelineStateManager.java:addPipeline(56)) - Created pipeline Pipeline[ Id: d213ebb5-2399-4c67-9ced-e43142290435, Nodes: fe02ea69-9380-4bcd-bf4a-8927edb33a1c{ip: 192.168.5.191, host: trunk-nightly-20191008-swvtb-1756096174, networkLocation: /default-rack, certSerialId: null}e4440853-ceb5-4c08-9120-56806a317b5f{ip: 192.168.5.191, host: trunk-nightly-20191008-swvtb-1756096174, networkLocation: /default-rack, certSerialId: null}71ff35e1-9876-4cd7-a897-fd9670beabcb{ip: 192.168.5.191, host: trunk-nightly-20191008-swvtb-1756096174, networkLocation: /default-rack, certSerialId: null}, Type:RATIS, Factor:THREE, State:OPEN]
2019-10-08 05:32:02,976 [grpc-default-executor-5] INFO  impl.RaftServerProxy (RaftServerProxy.java:addNew(89)) - e4440853-ceb5-4c08-9120-56806a317b5f: addNew group-633478453DD6:[e4440853-ceb5-4c08-9120-56806a317b5f:192.168.5.191:41472] returns group-633478453DD6:java.util.concurrent.CompletableFuture@2ce5067f[Not completed]
2019-10-08 05:32:02,977 [pool-227-thread-1] INFO  impl.RaftServerImpl (RaftServerImpl.java:<init>(95)) - e4440853-ceb5-4c08-9120-56806a317b5f: new RaftServerImpl for group-633478453DD6:[e4440853-ceb5-4c08-9120-56806a317b5f:192.168.5.191:41472] with ContainerStateMachine:uninitialized
2019-10-08 05:32:02,977 [pool-227-thread-1] INFO  server.RaftServerConfigKeys (ConfUtils.java:logGet(43)) - raft.server.rpc.timeout.min = 5s (custom)
2019-10-08 05:32:02,978 [pool-227-thread-1] INFO  server.RaftServerConfigKeys (ConfUtils.java:logGet(43)) - raft.server.rpc.timeout.max = 5200ms (custom)
2019-10-08 05:32:02,978 [pool-227-thread-1] INFO  server.RaftServerConfigKeys (ConfUtils.java:logGet(43)) - raft.server.rpcslowness.timeout = 120s (custom)
2019-10-08 05:32:02,978 [pool-227-thread-1] INFO  server.RaftServerConfigKeys (ConfUtils.java:logGet(43)) - raft.server.sleep.deviation.threshold = 300 (default)
2019-10-08 05:32:02,978 [pool-227-thread-1] INFO  server.RaftServerConfigKeys (ConfUtils.java:logGet(43)) - raft.server.log.appender.install.snapshot.enabled = false (custom)
2019-10-08 05:32:02,978 [pool-227-thread-1] INFO  impl.RaftServerImpl (ServerState.java:<init>(103)) - e4440853-ceb5-4c08-9120-56806a317b5f@group-633478453DD6: ConfigurationManager, init=-1: [e4440853-ceb5-4c08-9120-56806a317b5f:192.168.5.191:41472], old=null, confs=<EMPTY_MAP>
2019-10-08 05:32:02,978 [pool-227-thread-1] INFO  server.RaftServerConfigKeys (ConfUtils.java:logGet(43)) - raft.server.storage.dir = [/workdir/hadoop-ozone/integration-test/target/test-dir/MiniOzoneClusterImpl-869efc9b-3216-425f-b64d-d5131aedb6a0/datanode-2/data/ratis] (custom)
2019-10-08 05:32:02,979 [pool-227-thread-1] INFO  server.RaftServerConfigKeys (ConfUtils.java:logGet(43)) - raft.server.log.corruption.policy = EXCEPTION (default)
2019-10-08 05:32:02,979 [pool-227-thread-1] INFO  storage.RaftStorageDirectory (RaftStorageDirectory.java:analyzeStorage(246)) - The storage directory /workdir/hadoop-ozone/integration-test/target/test-dir/MiniOzoneClusterImpl-869efc9b-3216-425f-b64d-d5131aedb6a0/datanode-2/data/ratis/c882a089-5cb7-4305-802a-633478453dd6 does not exist. Creating ...
2019-10-08 05:32:02,992 [pool-227-thread-1] INFO  storage.RaftStorageDirectory (RaftStorageDirectory.java:tryLock(328)) - Lock on /workdir/hadoop-ozone/integration-test/target/test-dir/MiniOzoneClusterImpl-869efc9b-3216-425f-b64d-d5131aedb6a0/datanode-2/data/ratis/c882a089-5cb7-4305-802a-633478453dd6/in_use.lock acquired by nodename 23931@trunk-nightly-20191008-swvtb-1756096174
2019-10-08 05:32:03,004 [pool-227-thread-1] INFO  storage.RaftStorage (RaftStorage.java:format(84)) - Storage directory /workdir/hadoop-ozone/integration-test/target/test-dir/MiniOzoneClusterImpl-869efc9b-3216-425f-b64d-d5131aedb6a0/datanode-2/data/ratis/c882a089-5cb7-4305-802a-633478453dd6 has been successfully formatted.
2019-10-08 05:32:03,004 [pool-227-thread-1] INFO  ratis.ContainerStateMachine (ContainerStateMachine.java:loadSnapshot(231)) - group-633478453DD6: The snapshot info is null. Setting the last applied indexto:(t:0, i:~)
2019-10-08 05:32:03,005 [pool-227-thread-1] INFO  server.RaftServerConfigKeys (ConfUtils.java:logGet(43)) - raft.server.notification.no-leader.timeout = 120s (custom)
2019-10-08 05:32:03,005 [pool-227-thread-1] INFO  server.RaftServerConfigKeys (ConfUtils.java:logGet(43)) - raft.server.log.use.memory = false (default)
2019-10-08 05:32:03,005 [pool-227-thread-1] INFO  server.RaftServerConfigKeys (ConfUtils.java:logGet(43)) - raft.server.log.purge.gap = 1000000 (custom)
2019-10-08 05:32:03,005 [pool-227-thread-1] INFO  server.RaftServerConfigKeys (ConfUtils.java:logGet(43)) - raft.server.log.appender.buffer.byte-limit = 33554432 (custom)
2019-10-08 05:32:03,005 [pool-227-thread-1] INFO  server.RaftServerConfigKeys (ConfUtils.java:logGet(43)) - raft.server.log.segment.size.max = 1048576 (custom)
2019-10-08 05:32:03,005 [pool-227-thread-1] INFO  server.RaftServerConfigKeys (ConfUtils.java:logGet(43)) - raft.server.log.segment.cache.num.max = 2 (custom)
2019-10-08 05:32:03,005 [pool-227-thread-1] INFO  segmented.SegmentedRaftLogWorker (SegmentedRaftLogWorker.java:<init>(173)) - new e4440853-ceb5-4c08-9120-56806a317b5f@group-633478453DD6-SegmentedRaftLogWorker for RaftStorage:Storage Directory /workdir/hadoop-ozone/integration-test/target/test-dir/MiniOzoneClusterImpl-869efc9b-3216-425f-b64d-d5131aedb6a0/datanode-2/data/ratis/c882a089-5cb7-4305-802a-633478453dd6
2019-10-08 05:32:03,005 [pool-227-thread-1] INFO  server.RaftServerConfigKeys (ConfUtils.java:logGet(43)) - raft.server.log.queue.byte-limit = 2147483647 (custom)
2019-10-08 05:32:03,005 [pool-227-thread-1] INFO  server.RaftServerConfigKeys (ConfUtils.java:logGet(43)) - raft.server.log.queue.element-limit = 1024 (custom)
2019-10-08 05:32:03,006 [pool-227-thread-1] INFO  server.RaftServerConfigKeys (ConfUtils.java:logGet(43)) - raft.server.log.segment.size.max = 1048576 (custom)
2019-10-08 05:32:03,006 [pool-227-thread-1] INFO  server.RaftServerConfigKeys (ConfUtils.java:logGet(43)) - raft.server.log.preallocated.size = 16384 (custom)
2019-10-08 05:32:03,006 [pool-227-thread-1] INFO  server.RaftServerConfigKeys (ConfUtils.java:logGet(43)) - raft.server.log.write.buffer.size = 33554432 (custom)
2019-10-08 05:32:03,006 [pool-227-thread-1] INFO  server.RaftServerConfigKeys (ConfUtils.java:logGet(43)) - raft.server.log.force.sync.num = 128 (default)
2019-10-08 05:32:03,006 [pool-227-thread-1] INFO  server.RaftServerConfigKeys (ConfUtils.java:logGet(43)) - raft.server.log.statemachine.data.sync = true (default)
2019-10-08 05:32:03,006 [pool-227-thread-1] INFO  server.RaftServerConfigKeys (ConfUtils.java:logGet(43)) - raft.server.log.statemachine.data.sync.timeout = 10s (default)
2019-10-08 05:32:03,006 [pool-227-thread-1] INFO  server.RaftServerConfigKeys (ConfUtils.java:logGet(43)) - raft.server.log.statemachine.data.sync.timeout.retry = -1 (default)
2019-10-08 05:32:03,006 [pool-227-thread-1] INFO  server.RaftServerConfigKeys (ConfUtils.java:logGet(43)) - raft.server.log.statemachine.data.caching.enabled = true (custom)
2019-10-08 05:32:03,007 [pool-227-thread-1] INFO  segmented.SegmentedRaftLogWorker (SegmentedRaftLogWorker.java:lambda$new$0(128)) - e4440853-ceb5-4c08-9120-56806a317b5f@group-633478453DD6-SegmentedRaftLogWorker: flushIndex: setUnconditionally 0 -> -1
2019-10-08 05:32:03,007 [pool-227-thread-1] INFO  server.RaftServerConfigKeys (ConfUtils.java:logGet(43)) - raft.server.snapshot.auto.trigger.enabled = true (custom)
2019-10-08 05:32:03,007 [pool-227-thread-1] INFO  server.RaftServerConfigKeys (ConfUtils.java:logGet(43)) - raft.server.snapshot.auto.trigger.threshold = 10000 (custom)
2019-10-08 05:32:03,007 [pool-227-thread-1] INFO  server.RaftServerConfigKeys (ConfUtils.java:logGet(43)) - raft.server.snapshot.retention.file.num = 5 (custom)
2019-10-08 05:32:03,007 [pool-227-thread-1] INFO  server.RaftServerConfigKeys (ConfUtils.java:logGet(43)) - raft.server.retrycache.expirytime = 600000ms (custom)
2019-10-08 05:32:03,009 [pool-227-thread-1] INFO  impl.RaftServerImpl (RaftServerImpl.java:start(181)) - e4440853-ceb5-4c08-9120-56806a317b5f@group-633478453DD6: start as a follower, conf=-1: [e4440853-ceb5-4c08-9120-56806a317b5f:192.168.5.191:41472], old=null
2019-10-08 05:32:03,009 [pool-227-thread-1] INFO  impl.RaftServerImpl (RaftServerImpl.java:setRole(170)) - e4440853-ceb5-4c08-9120-56806a317b5f@group-633478453DD6: changes role from      null to FOLLOWER at term 0 for startAsFollower
2019-10-08 05:32:03,009 [pool-227-thread-1] INFO  impl.RoleInfo (RoleInfo.java:updateAndGet(143)) - e4440853-ceb5-4c08-9120-56806a317b5f: start FollowerState
2019-10-08 05:32:03,009 [pool-227-thread-1] INFO  util.JmxRegister (JmxRegister.java:tryRegister(44)) - Successfully registered JMX Bean with object name Ratis:service=RaftServer,group=group-633478453DD6,id=e4440853-ceb5-4c08-9120-56806a317b5f
2019-10-08 05:32:03,016 [IPC Server handler 10 on 40118] INFO  net.NetworkTopology (NetworkTopologyImpl.java:add(111)) - Added a new node: /default-rack/4c52ff3c-1013-4ea6-85f7-24e3e150ebaf
2019-10-08 05:32:03,016 [IPC Server handler 10 on 40118] INFO  node.SCMNodeManager (SCMNodeManager.java:register(268)) - Registered Data node : 4c52ff3c-1013-4ea6-85f7-24e3e150ebaf{ip: 192.168.5.191, host: trunk-nightly-20191008-swvtb-1756096174, networkLocation: /default-rack, certSerialId: null}
2019-10-08 05:32:03,016 [RatisPipelineUtilsThread] INFO  pipeline.PipelineStateManager (PipelineStateManager.java:addPipeline(56)) - Created pipeline Pipeline[ Id: c882a089-5cb7-4305-802a-633478453dd6, Nodes: e4440853-ceb5-4c08-9120-56806a317b5f{ip: 192.168.5.191, host: trunk-nightly-20191008-swvtb-1756096174, networkLocation: /default-rack, certSerialId: null}, Type:RATIS, Factor:ONE, State:OPEN]
2019-10-08 05:32:03,026 [grpc-default-executor-5] INFO  impl.RaftServerProxy (RaftServerProxy.java:addNew(89)) - 4c52ff3c-1013-4ea6-85f7-24e3e150ebaf: addNew group-C8DF785619B5:[4c52ff3c-1013-4ea6-85f7-24e3e150ebaf:192.168.5.191:35999] returns group-C8DF785619B5:java.util.concurrent.CompletableFuture@31401411[Not completed]
2019-10-08 05:32:03,028 [pool-247-thread-1] INFO  impl.RaftServerImpl (RaftServerImpl.java:<init>(95)) - 4c52ff3c-1013-4ea6-85f7-24e3e150ebaf: new RaftServerImpl for group-C8DF785619B5:[4c52ff3c-1013-4ea6-85f7-24e3e150ebaf:192.168.5.191:35999] with ContainerStateMachine:uninitialized
2019-10-08 05:32:03,028 [pool-247-thread-1] INFO  server.RaftServerConfigKeys (ConfUtils.java:logGet(43)) - raft.server.rpc.timeout.min = 5s (custom)
2019-10-08 05:32:03,028 [pool-247-thread-1] INFO  server.RaftServerConfigKeys (ConfUtils.java:logGet(43)) - raft.server.rpc.timeout.max = 5200ms (custom)
2019-10-08 05:32:03,028 [pool-247-thread-1] INFO  server.RaftServerConfigKeys (ConfUtils.java:logGet(43)) - raft.server.rpcslowness.timeout = 120s (custom)
2019-10-08 05:32:03,028 [pool-247-thread-1] INFO  server.RaftServerConfigKeys (ConfUtils.java:logGet(43)) - raft.server.sleep.deviation.threshold = 300 (default)
2019-10-08 05:32:03,028 [pool-247-thread-1] INFO  server.RaftServerConfigKeys (ConfUtils.java:logGet(43)) - raft.server.log.appender.install.snapshot.enabled = false (custom)
2019-10-08 05:32:03,029 [pool-247-thread-1] INFO  impl.RaftServerImpl (ServerState.java:<init>(103)) - 4c52ff3c-1013-4ea6-85f7-24e3e150ebaf@group-C8DF785619B5: ConfigurationManager, init=-1: [4c52ff3c-1013-4ea6-85f7-24e3e150ebaf:192.168.5.191:35999], old=null, confs=<EMPTY_MAP>
2019-10-08 05:32:03,029 [pool-247-thread-1] INFO  server.RaftServerConfigKeys (ConfUtils.java:logGet(43)) - raft.server.storage.dir = [/workdir/hadoop-ozone/integration-test/target/test-dir/MiniOzoneClusterImpl-869efc9b-3216-425f-b64d-d5131aedb6a0/datanode-4/data/ratis] (custom)
2019-10-08 05:32:03,029 [pool-247-thread-1] INFO  server.RaftServerConfigKeys (ConfUtils.java:logGet(43)) - raft.server.log.corruption.policy = EXCEPTION (default)
2019-10-08 05:32:03,029 [pool-247-thread-1] INFO  storage.RaftStorageDirectory (RaftStorageDirectory.java:analyzeStorage(246)) - The storage directory /workdir/hadoop-ozone/integration-test/target/test-dir/MiniOzoneClusterImpl-869efc9b-3216-425f-b64d-d5131aedb6a0/datanode-4/data/ratis/0d0be1a0-0adc-494d-a296-c8df785619b5 does not exist. Creating ...
2019-10-08 05:32:03,038 [pool-247-thread-1] INFO  storage.RaftStorageDirectory (RaftStorageDirectory.java:tryLock(328)) - Lock on /workdir/hadoop-ozone/integration-test/target/test-dir/MiniOzoneClusterImpl-869efc9b-3216-425f-b64d-d5131aedb6a0/datanode-4/data/ratis/0d0be1a0-0adc-494d-a296-c8df785619b5/in_use.lock acquired by nodename 23931@trunk-nightly-20191008-swvtb-1756096174
2019-10-08 05:32:03,051 [pool-247-thread-1] INFO  storage.RaftStorage (RaftStorage.java:format(84)) - Storage directory /workdir/hadoop-ozone/integration-test/target/test-dir/MiniOzoneClusterImpl-869efc9b-3216-425f-b64d-d5131aedb6a0/datanode-4/data/ratis/0d0be1a0-0adc-494d-a296-c8df785619b5 has been successfully formatted.
2019-10-08 05:32:03,051 [pool-247-thread-1] INFO  ratis.ContainerStateMachine (ContainerStateMachine.java:loadSnapshot(231)) - group-C8DF785619B5: The snapshot info is null. Setting the last applied indexto:(t:0, i:~)
2019-10-08 05:32:03,051 [pool-247-thread-1] INFO  server.RaftServerConfigKeys (ConfUtils.java:logGet(43)) - raft.server.notification.no-leader.timeout = 120s (custom)
2019-10-08 05:32:03,051 [pool-247-thread-1] INFO  server.RaftServerConfigKeys (ConfUtils.java:logGet(43)) - raft.server.log.use.memory = false (default)
2019-10-08 05:32:03,052 [pool-247-thread-1] INFO  server.RaftServerConfigKeys (ConfUtils.java:logGet(43)) - raft.server.log.purge.gap = 1000000 (custom)
2019-10-08 05:32:03,052 [pool-247-thread-1] INFO  server.RaftServerConfigKeys (ConfUtils.java:logGet(43)) - raft.server.log.appender.buffer.byte-limit = 33554432 (custom)
2019-10-08 05:32:03,052 [pool-247-thread-1] INFO  server.RaftServerConfigKeys (ConfUtils.java:logGet(43)) - raft.server.log.segment.size.max = 1048576 (custom)
2019-10-08 05:32:03,054 [pool-247-thread-1] INFO  server.RaftServerConfigKeys (ConfUtils.java:logGet(43)) - raft.server.log.segment.cache.num.max = 2 (custom)
2019-10-08 05:32:03,055 [pool-247-thread-1] INFO  segmented.SegmentedRaftLogWorker (SegmentedRaftLogWorker.java:<init>(173)) - new 4c52ff3c-1013-4ea6-85f7-24e3e150ebaf@group-C8DF785619B5-SegmentedRaftLogWorker for RaftStorage:Storage Directory /workdir/hadoop-ozone/integration-test/target/test-dir/MiniOzoneClusterImpl-869efc9b-3216-425f-b64d-d5131aedb6a0/datanode-4/data/ratis/0d0be1a0-0adc-494d-a296-c8df785619b5
2019-10-08 05:32:03,055 [pool-247-thread-1] INFO  server.RaftServerConfigKeys (ConfUtils.java:logGet(43)) - raft.server.log.queue.byte-limit = 2147483647 (custom)
2019-10-08 05:32:03,055 [pool-247-thread-1] INFO  server.RaftServerConfigKeys (ConfUtils.java:logGet(43)) - raft.server.log.queue.element-limit = 1024 (custom)
2019-10-08 05:32:03,055 [pool-247-thread-1] INFO  server.RaftServerConfigKeys (ConfUtils.java:logGet(43)) - raft.server.log.segment.size.max = 1048576 (custom)
2019-10-08 05:32:03,055 [pool-247-thread-1] INFO  server.RaftServerConfigKeys (ConfUtils.java:logGet(43)) - raft.server.log.preallocated.size = 16384 (custom)
2019-10-08 05:32:03,055 [pool-247-thread-1] INFO  server.RaftServerConfigKeys (ConfUtils.java:logGet(43)) - raft.server.log.write.buffer.size = 33554432 (custom)
2019-10-08 05:32:03,056 [pool-247-thread-1] INFO  server.RaftServerConfigKeys (ConfUtils.java:logGet(43)) - raft.server.log.force.sync.num = 128 (default)
2019-10-08 05:32:03,056 [pool-247-thread-1] INFO  server.RaftServerConfigKeys (ConfUtils.java:logGet(43)) - raft.server.log.statemachine.data.sync = true (default)
2019-10-08 05:32:03,056 [pool-247-thread-1] INFO  server.RaftServerConfigKeys (ConfUtils.java:logGet(43)) - raft.server.log.statemachine.data.sync.timeout = 10s (default)
2019-10-08 05:32:03,056 [pool-247-thread-1] INFO  server.RaftServerConfigKeys (ConfUtils.java:logGet(43)) - raft.server.log.statemachine.data.sync.timeout.retry = -1 (default)
2019-10-08 05:32:03,057 [pool-247-thread-1] INFO  server.RaftServerConfigKeys (ConfUtils.java:logGet(43)) - raft.server.log.statemachine.data.caching.enabled = true (custom)
2019-10-08 05:32:03,057 [pool-247-thread-1] INFO  segmented.SegmentedRaftLogWorker (SegmentedRaftLogWorker.java:lambda$new$0(128)) - 4c52ff3c-1013-4ea6-85f7-24e3e150ebaf@group-C8DF785619B5-SegmentedRaftLogWorker: flushIndex: setUnconditionally 0 -> -1
2019-10-08 05:32:03,058 [pool-247-thread-1] INFO  server.RaftServerConfigKeys (ConfUtils.java:logGet(43)) - raft.server.snapshot.auto.trigger.enabled = true (custom)
2019-10-08 05:32:03,058 [pool-247-thread-1] INFO  server.RaftServerConfigKeys (ConfUtils.java:logGet(43)) - raft.server.snapshot.auto.trigger.threshold = 10000 (custom)
2019-10-08 05:32:03,058 [pool-247-thread-1] INFO  server.RaftServerConfigKeys (ConfUtils.java:logGet(43)) - raft.server.snapshot.retention.file.num = 5 (custom)
2019-10-08 05:32:03,059 [pool-247-thread-1] INFO  server.RaftServerConfigKeys (ConfUtils.java:logGet(43)) - raft.server.retrycache.expirytime = 600000ms (custom)
2019-10-08 05:32:03,061 [pool-247-thread-1] INFO  impl.RaftServerImpl (RaftServerImpl.java:start(181)) - 4c52ff3c-1013-4ea6-85f7-24e3e150ebaf@group-C8DF785619B5: start as a follower, conf=-1: [4c52ff3c-1013-4ea6-85f7-24e3e150ebaf:192.168.5.191:35999], old=null
2019-10-08 05:32:03,061 [pool-247-thread-1] INFO  impl.RaftServerImpl (RaftServerImpl.java:setRole(170)) - 4c52ff3c-1013-4ea6-85f7-24e3e150ebaf@group-C8DF785619B5: changes role from      null to FOLLOWER at term 0 for startAsFollower
2019-10-08 05:32:03,061 [pool-247-thread-1] INFO  impl.RoleInfo (RoleInfo.java:updateAndGet(143)) - 4c52ff3c-1013-4ea6-85f7-24e3e150ebaf: start FollowerState
2019-10-08 05:32:03,062 [pool-247-thread-1] INFO  util.JmxRegister (JmxRegister.java:tryRegister(44)) - Successfully registered JMX Bean with object name Ratis:service=RaftServer,group=group-C8DF785619B5,id=4c52ff3c-1013-4ea6-85f7-24e3e150ebaf
2019-10-08 05:32:03,071 [RatisPipelineUtilsThread] INFO  pipeline.PipelineStateManager (PipelineStateManager.java:addPipeline(56)) - Created pipeline Pipeline[ Id: 0d0be1a0-0adc-494d-a296-c8df785619b5, Nodes: 4c52ff3c-1013-4ea6-85f7-24e3e150ebaf{ip: 192.168.5.191, host: trunk-nightly-20191008-swvtb-1756096174, networkLocation: /default-rack, certSerialId: null}, Type:RATIS, Factor:ONE, State:OPEN]
2019-10-08 05:32:03,077 [IPC Server handler 19 on 40118] INFO  net.NetworkTopology (NetworkTopologyImpl.java:add(111)) - Added a new node: /default-rack/187628be-de84-4b8f-b5a0-1bccaeb2b30b
2019-10-08 05:32:03,078 [IPC Server handler 19 on 40118] INFO  node.SCMNodeManager (SCMNodeManager.java:register(268)) - Registered Data node : 187628be-de84-4b8f-b5a0-1bccaeb2b30b{ip: 192.168.5.191, host: trunk-nightly-20191008-swvtb-1756096174, networkLocation: /default-rack, certSerialId: null}
2019-10-08 05:32:03,084 [grpc-default-executor-5] INFO  impl.RaftServerProxy (RaftServerProxy.java:addNew(89)) - 63513ac5-a3a7-408e-82f2-57f7c68ec9a1: addNew group-4A79525D84D5:[63513ac5-a3a7-408e-82f2-57f7c68ec9a1:192.168.5.191:37528] returns group-4A79525D84D5:java.util.concurrent.CompletableFuture@5913008a[Not completed]
2019-10-08 05:32:03,085 [pool-237-thread-1] INFO  impl.RaftServerImpl (RaftServerImpl.java:<init>(95)) - 63513ac5-a3a7-408e-82f2-57f7c68ec9a1: new RaftServerImpl for group-4A79525D84D5:[63513ac5-a3a7-408e-82f2-57f7c68ec9a1:192.168.5.191:37528] with ContainerStateMachine:uninitialized
2019-10-08 05:32:03,085 [pool-237-thread-1] INFO  server.RaftServerConfigKeys (ConfUtils.java:logGet(43)) - raft.server.rpc.timeout.min = 5s (custom)
2019-10-08 05:32:03,086 [pool-237-thread-1] INFO  server.RaftServerConfigKeys (ConfUtils.java:logGet(43)) - raft.server.rpc.timeout.max = 5200ms (custom)
2019-10-08 05:32:03,086 [pool-237-thread-1] INFO  server.RaftServerConfigKeys (ConfUtils.java:logGet(43)) - raft.server.rpcslowness.timeout = 120s (custom)
2019-10-08 05:32:03,086 [pool-237-thread-1] INFO  server.RaftServerConfigKeys (ConfUtils.java:logGet(43)) - raft.server.sleep.deviation.threshold = 300 (default)
2019-10-08 05:32:03,086 [pool-237-thread-1] INFO  server.RaftServerConfigKeys (ConfUtils.java:logGet(43)) - raft.server.log.appender.install.snapshot.enabled = false (custom)
2019-10-08 05:32:03,086 [pool-237-thread-1] INFO  impl.RaftServerImpl (ServerState.java:<init>(103)) - 63513ac5-a3a7-408e-82f2-57f7c68ec9a1@group-4A79525D84D5: ConfigurationManager, init=-1: [63513ac5-a3a7-408e-82f2-57f7c68ec9a1:192.168.5.191:37528], old=null, confs=<EMPTY_MAP>
2019-10-08 05:32:03,086 [pool-237-thread-1] INFO  server.RaftServerConfigKeys (ConfUtils.java:logGet(43)) - raft.server.storage.dir = [/workdir/hadoop-ozone/integration-test/target/test-dir/MiniOzoneClusterImpl-869efc9b-3216-425f-b64d-d5131aedb6a0/datanode-3/data/ratis] (custom)
2019-10-08 05:32:03,087 [pool-237-thread-1] INFO  server.RaftServerConfigKeys (ConfUtils.java:logGet(43)) - raft.server.log.corruption.policy = EXCEPTION (default)
2019-10-08 05:32:03,087 [pool-237-thread-1] INFO  storage.RaftStorageDirectory (RaftStorageDirectory.java:analyzeStorage(246)) - The storage directory /workdir/hadoop-ozone/integration-test/target/test-dir/MiniOzoneClusterImpl-869efc9b-3216-425f-b64d-d5131aedb6a0/datanode-3/data/ratis/8c29ed52-8b1b-4f9b-bc06-4a79525d84d5 does not exist. Creating ...
2019-10-08 05:32:03,111 [pool-237-thread-1] INFO  storage.RaftStorageDirectory (RaftStorageDirectory.java:tryLock(328)) - Lock on /workdir/hadoop-ozone/integration-test/target/test-dir/MiniOzoneClusterImpl-869efc9b-3216-425f-b64d-d5131aedb6a0/datanode-3/data/ratis/8c29ed52-8b1b-4f9b-bc06-4a79525d84d5/in_use.lock acquired by nodename 23931@trunk-nightly-20191008-swvtb-1756096174
2019-10-08 05:32:03,124 [pool-237-thread-1] INFO  storage.RaftStorage (RaftStorage.java:format(84)) - Storage directory /workdir/hadoop-ozone/integration-test/target/test-dir/MiniOzoneClusterImpl-869efc9b-3216-425f-b64d-d5131aedb6a0/datanode-3/data/ratis/8c29ed52-8b1b-4f9b-bc06-4a79525d84d5 has been successfully formatted.
2019-10-08 05:32:03,124 [pool-237-thread-1] INFO  ratis.ContainerStateMachine (ContainerStateMachine.java:loadSnapshot(231)) - group-4A79525D84D5: The snapshot info is null. Setting the last applied indexto:(t:0, i:~)
2019-10-08 05:32:03,125 [pool-237-thread-1] INFO  server.RaftServerConfigKeys (ConfUtils.java:logGet(43)) - raft.server.notification.no-leader.timeout = 120s (custom)
2019-10-08 05:32:03,125 [pool-237-thread-1] INFO  server.RaftServerConfigKeys (ConfUtils.java:logGet(43)) - raft.server.log.use.memory = false (default)
2019-10-08 05:32:03,125 [pool-237-thread-1] INFO  server.RaftServerConfigKeys (ConfUtils.java:logGet(43)) - raft.server.log.purge.gap = 1000000 (custom)
2019-10-08 05:32:03,125 [pool-237-thread-1] INFO  server.RaftServerConfigKeys (ConfUtils.java:logGet(43)) - raft.server.log.appender.buffer.byte-limit = 33554432 (custom)
2019-10-08 05:32:03,125 [pool-237-thread-1] INFO  server.RaftServerConfigKeys (ConfUtils.java:logGet(43)) - raft.server.log.segment.size.max = 1048576 (custom)
2019-10-08 05:32:03,127 [pool-237-thread-1] INFO  server.RaftServerConfigKeys (ConfUtils.java:logGet(43)) - raft.server.log.segment.cache.num.max = 2 (custom)
2019-10-08 05:32:03,127 [pool-237-thread-1] INFO  segmented.SegmentedRaftLogWorker (SegmentedRaftLogWorker.java:<init>(173)) - new 63513ac5-a3a7-408e-82f2-57f7c68ec9a1@group-4A79525D84D5-SegmentedRaftLogWorker for RaftStorage:Storage Directory /workdir/hadoop-ozone/integration-test/target/test-dir/MiniOzoneClusterImpl-869efc9b-3216-425f-b64d-d5131aedb6a0/datanode-3/data/ratis/8c29ed52-8b1b-4f9b-bc06-4a79525d84d5
2019-10-08 05:32:03,127 [pool-237-thread-1] INFO  server.RaftServerConfigKeys (ConfUtils.java:logGet(43)) - raft.server.log.queue.byte-limit = 2147483647 (custom)
2019-10-08 05:32:03,127 [pool-237-thread-1] INFO  server.RaftServerConfigKeys (ConfUtils.java:logGet(43)) - raft.server.log.queue.element-limit = 1024 (custom)
2019-10-08 05:32:03,127 [pool-237-thread-1] INFO  server.RaftServerConfigKeys (ConfUtils.java:logGet(43)) - raft.server.log.segment.size.max = 1048576 (custom)
2019-10-08 05:32:03,128 [pool-237-thread-1] INFO  server.RaftServerConfigKeys (ConfUtils.java:logGet(43)) - raft.server.log.preallocated.size = 16384 (custom)
2019-10-08 05:32:03,128 [pool-237-thread-1] INFO  server.RaftServerConfigKeys (ConfUtils.java:logGet(43)) - raft.server.log.write.buffer.size = 33554432 (custom)
2019-10-08 05:32:03,128 [pool-237-thread-1] INFO  server.RaftServerConfigKeys (ConfUtils.java:logGet(43)) - raft.server.log.force.sync.num = 128 (default)
2019-10-08 05:32:03,128 [pool-237-thread-1] INFO  server.RaftServerConfigKeys (ConfUtils.java:logGet(43)) - raft.server.log.statemachine.data.sync = true (default)
2019-10-08 05:32:03,128 [pool-237-thread-1] INFO  server.RaftServerConfigKeys (ConfUtils.java:logGet(43)) - raft.server.log.statemachine.data.sync.timeout = 10s (default)
2019-10-08 05:32:03,128 [pool-237-thread-1] INFO  server.RaftServerConfigKeys (ConfUtils.java:logGet(43)) - raft.server.log.statemachine.data.sync.timeout.retry = -1 (default)
2019-10-08 05:32:03,129 [pool-237-thread-1] INFO  server.RaftServerConfigKeys (ConfUtils.java:logGet(43)) - raft.server.log.statemachine.data.caching.enabled = true (custom)
2019-10-08 05:32:03,129 [pool-237-thread-1] INFO  segmented.SegmentedRaftLogWorker (SegmentedRaftLogWorker.java:lambda$new$0(128)) - 63513ac5-a3a7-408e-82f2-57f7c68ec9a1@group-4A79525D84D5-SegmentedRaftLogWorker: flushIndex: setUnconditionally 0 -> -1
2019-10-08 05:32:03,129 [pool-237-thread-1] INFO  server.RaftServerConfigKeys (ConfUtils.java:logGet(43)) - raft.server.snapshot.auto.trigger.enabled = true (custom)
2019-10-08 05:32:03,129 [pool-237-thread-1] INFO  server.RaftServerConfigKeys (ConfUtils.java:logGet(43)) - raft.server.snapshot.auto.trigger.threshold = 10000 (custom)
2019-10-08 05:32:03,130 [pool-237-thread-1] INFO  server.RaftServerConfigKeys (ConfUtils.java:logGet(43)) - raft.server.snapshot.retention.file.num = 5 (custom)
2019-10-08 05:32:03,130 [pool-237-thread-1] INFO  server.RaftServerConfigKeys (ConfUtils.java:logGet(43)) - raft.server.retrycache.expirytime = 600000ms (custom)
2019-10-08 05:32:03,131 [pool-237-thread-1] INFO  impl.RaftServerImpl (RaftServerImpl.java:start(181)) - 63513ac5-a3a7-408e-82f2-57f7c68ec9a1@group-4A79525D84D5: start as a follower, conf=-1: [63513ac5-a3a7-408e-82f2-57f7c68ec9a1:192.168.5.191:37528], old=null
2019-10-08 05:32:03,132 [pool-237-thread-1] INFO  impl.RaftServerImpl (RaftServerImpl.java:setRole(170)) - 63513ac5-a3a7-408e-82f2-57f7c68ec9a1@group-4A79525D84D5: changes role from      null to FOLLOWER at term 0 for startAsFollower
2019-10-08 05:32:03,132 [pool-237-thread-1] INFO  impl.RoleInfo (RoleInfo.java:updateAndGet(143)) - 63513ac5-a3a7-408e-82f2-57f7c68ec9a1: start FollowerState
2019-10-08 05:32:03,132 [pool-237-thread-1] INFO  util.JmxRegister (JmxRegister.java:tryRegister(44)) - Successfully registered JMX Bean with object name Ratis:service=RaftServer,group=group-4A79525D84D5,id=63513ac5-a3a7-408e-82f2-57f7c68ec9a1
2019-10-08 05:32:03,138 [main] INFO  ozone.MiniOzoneClusterImpl (MiniOzoneClusterImpl.java:lambda$waitForClusterToBeReady$0(147)) - Cluster is ready. Got 7 of 7 DN Heartbeats.
2019-10-08 05:32:03,138 [IPC Server handler 9 on 40118] INFO  net.NetworkTopology (NetworkTopologyImpl.java:add(111)) - Added a new node: /default-rack/f0a4ec45-e394-4c32-83d2-af13e80a85db
2019-10-08 05:32:03,139 [IPC Server handler 9 on 40118] INFO  node.SCMNodeManager (SCMNodeManager.java:register(268)) - Registered Data node : f0a4ec45-e394-4c32-83d2-af13e80a85db{ip: 192.168.5.191, host: trunk-nightly-20191008-swvtb-1756096174, networkLocation: /default-rack, certSerialId: null}
2019-10-08 05:32:03,139 [RatisPipelineUtilsThread] INFO  pipeline.PipelineStateManager (PipelineStateManager.java:addPipeline(56)) - Created pipeline Pipeline[ Id: 8c29ed52-8b1b-4f9b-bc06-4a79525d84d5, Nodes: 63513ac5-a3a7-408e-82f2-57f7c68ec9a1{ip: 192.168.5.191, host: trunk-nightly-20191008-swvtb-1756096174, networkLocation: /default-rack, certSerialId: null}, Type:RATIS, Factor:ONE, State:OPEN]
2019-10-08 05:32:03,165 [grpc-default-executor-5] INFO  impl.RaftServerProxy (RaftServerProxy.java:addNew(89)) - 187628be-de84-4b8f-b5a0-1bccaeb2b30b: addNew group-4032029E009F:[187628be-de84-4b8f-b5a0-1bccaeb2b30b:192.168.5.191:40570] returns group-4032029E009F:java.util.concurrent.CompletableFuture@3a770ec5[Not completed]
2019-10-08 05:32:03,169 [pool-257-thread-1] INFO  impl.RaftServerImpl (RaftServerImpl.java:<init>(95)) - 187628be-de84-4b8f-b5a0-1bccaeb2b30b: new RaftServerImpl for group-4032029E009F:[187628be-de84-4b8f-b5a0-1bccaeb2b30b:192.168.5.191:40570] with ContainerStateMachine:uninitialized
2019-10-08 05:32:03,169 [pool-257-thread-1] INFO  server.RaftServerConfigKeys (ConfUtils.java:logGet(43)) - raft.server.rpc.timeout.min = 5s (custom)
2019-10-08 05:32:03,169 [pool-257-thread-1] INFO  server.RaftServerConfigKeys (ConfUtils.java:logGet(43)) - raft.server.rpc.timeout.max = 5200ms (custom)
2019-10-08 05:32:03,169 [pool-257-thread-1] INFO  server.RaftServerConfigKeys (ConfUtils.java:logGet(43)) - raft.server.rpcslowness.timeout = 120s (custom)
2019-10-08 05:32:03,172 [pool-257-thread-1] INFO  server.RaftServerConfigKeys (ConfUtils.java:logGet(43)) - raft.server.sleep.deviation.threshold = 300 (default)
2019-10-08 05:32:03,175 [pool-257-thread-1] INFO  server.RaftServerConfigKeys (ConfUtils.java:logGet(43)) - raft.server.log.appender.install.snapshot.enabled = false (custom)
2019-10-08 05:32:03,185 [pool-257-thread-1] INFO  impl.RaftServerImpl (ServerState.java:<init>(103)) - 187628be-de84-4b8f-b5a0-1bccaeb2b30b@group-4032029E009F: ConfigurationManager, init=-1: [187628be-de84-4b8f-b5a0-1bccaeb2b30b:192.168.5.191:40570], old=null, confs=<EMPTY_MAP>
2019-10-08 05:32:03,185 [pool-257-thread-1] INFO  server.RaftServerConfigKeys (ConfUtils.java:logGet(43)) - raft.server.storage.dir = [/workdir/hadoop-ozone/integration-test/target/test-dir/MiniOzoneClusterImpl-869efc9b-3216-425f-b64d-d5131aedb6a0/datanode-5/data/ratis] (custom)
2019-10-08 05:32:03,185 [pool-257-thread-1] INFO  server.RaftServerConfigKeys (ConfUtils.java:logGet(43)) - raft.server.log.corruption.policy = EXCEPTION (default)
2019-10-08 05:32:03,185 [pool-257-thread-1] INFO  storage.RaftStorageDirectory (RaftStorageDirectory.java:analyzeStorage(246)) - The storage directory /workdir/hadoop-ozone/integration-test/target/test-dir/MiniOzoneClusterImpl-869efc9b-3216-425f-b64d-d5131aedb6a0/datanode-5/data/ratis/5528359f-ca8c-411d-a23c-4032029e009f does not exist. Creating ...
2019-10-08 05:32:03,199 [pool-257-thread-1] INFO  storage.RaftStorageDirectory (RaftStorageDirectory.java:tryLock(328)) - Lock on /workdir/hadoop-ozone/integration-test/target/test-dir/MiniOzoneClusterImpl-869efc9b-3216-425f-b64d-d5131aedb6a0/datanode-5/data/ratis/5528359f-ca8c-411d-a23c-4032029e009f/in_use.lock acquired by nodename 23931@trunk-nightly-20191008-swvtb-1756096174
2019-10-08 05:32:03,203 [main] INFO  rpc.RpcClient (RpcClient.java:createVolume(277)) - Creating Volume: watchforcommithandlingtest, with jenkins1000 as owner.
2019-10-08 05:32:03,206 [IPC Server handler 1 on 44638] INFO  volume.OMVolumeCreateRequest (OMVolumeCreateRequest.java:validateAndUpdateCache(193)) - created volume:watchforcommithandlingtest for user:jenkins1000
2019-10-08 05:32:03,243 [pool-257-thread-1] INFO  storage.RaftStorage (RaftStorage.java:format(84)) - Storage directory /workdir/hadoop-ozone/integration-test/target/test-dir/MiniOzoneClusterImpl-869efc9b-3216-425f-b64d-d5131aedb6a0/datanode-5/data/ratis/5528359f-ca8c-411d-a23c-4032029e009f has been successfully formatted.
2019-10-08 05:32:03,244 [pool-257-thread-1] INFO  ratis.ContainerStateMachine (ContainerStateMachine.java:loadSnapshot(231)) - group-4032029E009F: The snapshot info is null. Setting the last applied indexto:(t:0, i:~)
2019-10-08 05:32:03,244 [pool-257-thread-1] INFO  server.RaftServerConfigKeys (ConfUtils.java:logGet(43)) - raft.server.notification.no-leader.timeout = 120s (custom)
2019-10-08 05:32:03,244 [pool-257-thread-1] INFO  server.RaftServerConfigKeys (ConfUtils.java:logGet(43)) - raft.server.log.use.memory = false (default)
2019-10-08 05:32:03,244 [main] INFO  rpc.RpcClient (RpcClient.java:createBucket(416)) - Creating Bucket: watchforcommithandlingtest/watchforcommithandlingtest, with Versioning false and Storage Type set to DISK and Encryption set to false 
2019-10-08 05:32:03,244 [pool-257-thread-1] INFO  server.RaftServerConfigKeys (ConfUtils.java:logGet(43)) - raft.server.log.purge.gap = 1000000 (custom)
2019-10-08 05:32:03,245 [pool-257-thread-1] INFO  server.RaftServerConfigKeys (ConfUtils.java:logGet(43)) - raft.server.log.appender.buffer.byte-limit = 33554432 (custom)
2019-10-08 05:32:03,245 [pool-257-thread-1] INFO  server.RaftServerConfigKeys (ConfUtils.java:logGet(43)) - raft.server.log.segment.size.max = 1048576 (custom)
2019-10-08 05:32:03,249 [pool-257-thread-1] INFO  server.RaftServerConfigKeys (ConfUtils.java:logGet(43)) - raft.server.log.segment.cache.num.max = 2 (custom)
2019-10-08 05:32:03,249 [pool-257-thread-1] INFO  segmented.SegmentedRaftLogWorker (SegmentedRaftLogWorker.java:<init>(173)) - new 187628be-de84-4b8f-b5a0-1bccaeb2b30b@group-4032029E009F-SegmentedRaftLogWorker for RaftStorage:Storage Directory /workdir/hadoop-ozone/integration-test/target/test-dir/MiniOzoneClusterImpl-869efc9b-3216-425f-b64d-d5131aedb6a0/datanode-5/data/ratis/5528359f-ca8c-411d-a23c-4032029e009f
2019-10-08 05:32:03,249 [pool-257-thread-1] INFO  server.RaftServerConfigKeys (ConfUtils.java:logGet(43)) - raft.server.log.queue.byte-limit = 2147483647 (custom)
2019-10-08 05:32:03,249 [main] INFO  ozone.MiniOzoneClusterImpl (MiniOzoneClusterImpl.java:getStorageContainerLocationClient(234)) - Creating StorageContainerLocationProtocol RPC client with address /0.0.0.0:45273
2019-10-08 05:32:03,250 [pool-257-thread-1] INFO  server.RaftServerConfigKeys (ConfUtils.java:logGet(43)) - raft.server.log.queue.element-limit = 1024 (custom)
2019-10-08 05:32:03,250 [pool-257-thread-1] INFO  server.RaftServerConfigKeys (ConfUtils.java:logGet(43)) - raft.server.log.segment.size.max = 1048576 (custom)
2019-10-08 05:32:03,250 [pool-257-thread-1] INFO  server.RaftServerConfigKeys (ConfUtils.java:logGet(43)) - raft.server.log.preallocated.size = 16384 (custom)
2019-10-08 05:32:03,250 [pool-257-thread-1] INFO  server.RaftServerConfigKeys (ConfUtils.java:logGet(43)) - raft.server.log.write.buffer.size = 33554432 (custom)
2019-10-08 05:32:03,250 [pool-257-thread-1] INFO  server.RaftServerConfigKeys (ConfUtils.java:logGet(43)) - raft.server.log.force.sync.num = 128 (default)
2019-10-08 05:32:03,251 [pool-257-thread-1] INFO  server.RaftServerConfigKeys (ConfUtils.java:logGet(43)) - raft.server.log.statemachine.data.sync = true (default)
2019-10-08 05:32:03,251 [pool-257-thread-1] INFO  server.RaftServerConfigKeys (ConfUtils.java:logGet(43)) - raft.server.log.statemachine.data.sync.timeout = 10s (default)
2019-10-08 05:32:03,251 [pool-257-thread-1] INFO  server.RaftServerConfigKeys (ConfUtils.java:logGet(43)) - raft.server.log.statemachine.data.sync.timeout.retry = -1 (default)
2019-10-08 05:32:03,252 [pool-257-thread-1] INFO  server.RaftServerConfigKeys (ConfUtils.java:logGet(43)) - raft.server.log.statemachine.data.caching.enabled = true (custom)
2019-10-08 05:32:03,252 [pool-257-thread-1] INFO  segmented.SegmentedRaftLogWorker (SegmentedRaftLogWorker.java:lambda$new$0(128)) - 187628be-de84-4b8f-b5a0-1bccaeb2b30b@group-4032029E009F-SegmentedRaftLogWorker: flushIndex: setUnconditionally 0 -> -1
2019-10-08 05:32:03,252 [pool-257-thread-1] INFO  server.RaftServerConfigKeys (ConfUtils.java:logGet(43)) - raft.server.snapshot.auto.trigger.enabled = true (custom)
2019-10-08 05:32:03,252 [pool-257-thread-1] INFO  server.RaftServerConfigKeys (ConfUtils.java:logGet(43)) - raft.server.snapshot.auto.trigger.threshold = 10000 (custom)
2019-10-08 05:32:03,253 [pool-257-thread-1] INFO  server.RaftServerConfigKeys (ConfUtils.java:logGet(43)) - raft.server.snapshot.retention.file.num = 5 (custom)
2019-10-08 05:32:03,253 [pool-257-thread-1] INFO  server.RaftServerConfigKeys (ConfUtils.java:logGet(43)) - raft.server.retrycache.expirytime = 600000ms (custom)
2019-10-08 05:32:03,254 [pool-257-thread-1] INFO  impl.RaftServerImpl (RaftServerImpl.java:start(181)) - 187628be-de84-4b8f-b5a0-1bccaeb2b30b@group-4032029E009F: start as a follower, conf=-1: [187628be-de84-4b8f-b5a0-1bccaeb2b30b:192.168.5.191:40570], old=null
2019-10-08 05:32:03,255 [pool-257-thread-1] INFO  impl.RaftServerImpl (RaftServerImpl.java:setRole(170)) - 187628be-de84-4b8f-b5a0-1bccaeb2b30b@group-4032029E009F: changes role from      null to FOLLOWER at term 0 for startAsFollower
2019-10-08 05:32:03,255 [pool-257-thread-1] INFO  impl.RoleInfo (RoleInfo.java:updateAndGet(143)) - 187628be-de84-4b8f-b5a0-1bccaeb2b30b: start FollowerState
2019-10-08 05:32:03,255 [pool-257-thread-1] INFO  util.JmxRegister (JmxRegister.java:tryRegister(44)) - Successfully registered JMX Bean with object name Ratis:service=RaftServer,group=group-4032029E009F,id=187628be-de84-4b8f-b5a0-1bccaeb2b30b
2019-10-08 05:32:03,265 [RatisPipelineUtilsThread] INFO  pipeline.PipelineStateManager (PipelineStateManager.java:addPipeline(56)) - Created pipeline Pipeline[ Id: 5528359f-ca8c-411d-a23c-4032029e009f, Nodes: 187628be-de84-4b8f-b5a0-1bccaeb2b30b{ip: 192.168.5.191, host: trunk-nightly-20191008-swvtb-1756096174, networkLocation: /default-rack, certSerialId: null}, Type:RATIS, Factor:ONE, State:OPEN]
2019-10-08 05:32:03,273 [grpc-default-executor-5] INFO  impl.RaftServerProxy (RaftServerProxy.java:addNew(89)) - f0a4ec45-e394-4c32-83d2-af13e80a85db: addNew group-09E86985A9F6:[f0a4ec45-e394-4c32-83d2-af13e80a85db:192.168.5.191:33534] returns group-09E86985A9F6:java.util.concurrent.CompletableFuture@46fd409b[Not completed]
2019-10-08 05:32:03,275 [pool-267-thread-1] INFO  impl.RaftServerImpl (RaftServerImpl.java:<init>(95)) - f0a4ec45-e394-4c32-83d2-af13e80a85db: new RaftServerImpl for group-09E86985A9F6:[f0a4ec45-e394-4c32-83d2-af13e80a85db:192.168.5.191:33534] with ContainerStateMachine:uninitialized
2019-10-08 05:32:03,275 [pool-267-thread-1] INFO  server.RaftServerConfigKeys (ConfUtils.java:logGet(43)) - raft.server.rpc.timeout.min = 5s (custom)
2019-10-08 05:32:03,275 [pool-267-thread-1] INFO  server.RaftServerConfigKeys (ConfUtils.java:logGet(43)) - raft.server.rpc.timeout.max = 5200ms (custom)
2019-10-08 05:32:03,276 [pool-267-thread-1] INFO  server.RaftServerConfigKeys (ConfUtils.java:logGet(43)) - raft.server.rpcslowness.timeout = 120s (custom)
2019-10-08 05:32:03,276 [pool-267-thread-1] INFO  server.RaftServerConfigKeys (ConfUtils.java:logGet(43)) - raft.server.sleep.deviation.threshold = 300 (default)
2019-10-08 05:32:03,276 [pool-267-thread-1] INFO  server.RaftServerConfigKeys (ConfUtils.java:logGet(43)) - raft.server.log.appender.install.snapshot.enabled = false (custom)
2019-10-08 05:32:03,276 [pool-267-thread-1] INFO  impl.RaftServerImpl (ServerState.java:<init>(103)) - f0a4ec45-e394-4c32-83d2-af13e80a85db@group-09E86985A9F6: ConfigurationManager, init=-1: [f0a4ec45-e394-4c32-83d2-af13e80a85db:192.168.5.191:33534], old=null, confs=<EMPTY_MAP>
2019-10-08 05:32:03,277 [pool-267-thread-1] INFO  server.RaftServerConfigKeys (ConfUtils.java:logGet(43)) - raft.server.storage.dir = [/workdir/hadoop-ozone/integration-test/target/test-dir/MiniOzoneClusterImpl-869efc9b-3216-425f-b64d-d5131aedb6a0/datanode-6/data/ratis] (custom)
2019-10-08 05:32:03,277 [pool-267-thread-1] INFO  server.RaftServerConfigKeys (ConfUtils.java:logGet(43)) - raft.server.log.corruption.policy = EXCEPTION (default)
2019-10-08 05:32:03,277 [pool-267-thread-1] INFO  storage.RaftStorageDirectory (RaftStorageDirectory.java:analyzeStorage(246)) - The storage directory /workdir/hadoop-ozone/integration-test/target/test-dir/MiniOzoneClusterImpl-869efc9b-3216-425f-b64d-d5131aedb6a0/datanode-6/data/ratis/fd3613ac-878d-4349-940d-09e86985a9f6 does not exist. Creating ...
2019-10-08 05:32:03,290 [pool-267-thread-1] INFO  storage.RaftStorageDirectory (RaftStorageDirectory.java:tryLock(328)) - Lock on /workdir/hadoop-ozone/integration-test/target/test-dir/MiniOzoneClusterImpl-869efc9b-3216-425f-b64d-d5131aedb6a0/datanode-6/data/ratis/fd3613ac-878d-4349-940d-09e86985a9f6/in_use.lock acquired by nodename 23931@trunk-nightly-20191008-swvtb-1756096174
2019-10-08 05:32:03,308 [pool-267-thread-1] INFO  storage.RaftStorage (RaftStorage.java:format(84)) - Storage directory /workdir/hadoop-ozone/integration-test/target/test-dir/MiniOzoneClusterImpl-869efc9b-3216-425f-b64d-d5131aedb6a0/datanode-6/data/ratis/fd3613ac-878d-4349-940d-09e86985a9f6 has been successfully formatted.
2019-10-08 05:32:03,309 [pool-267-thread-1] INFO  ratis.ContainerStateMachine (ContainerStateMachine.java:loadSnapshot(231)) - group-09E86985A9F6: The snapshot info is null. Setting the last applied indexto:(t:0, i:~)
2019-10-08 05:32:03,309 [pool-267-thread-1] INFO  server.RaftServerConfigKeys (ConfUtils.java:logGet(43)) - raft.server.notification.no-leader.timeout = 120s (custom)
2019-10-08 05:32:03,309 [pool-267-thread-1] INFO  server.RaftServerConfigKeys (ConfUtils.java:logGet(43)) - raft.server.log.use.memory = false (default)
2019-10-08 05:32:03,309 [pool-267-thread-1] INFO  server.RaftServerConfigKeys (ConfUtils.java:logGet(43)) - raft.server.log.purge.gap = 1000000 (custom)
2019-10-08 05:32:03,310 [pool-267-thread-1] INFO  server.RaftServerConfigKeys (ConfUtils.java:logGet(43)) - raft.server.log.appender.buffer.byte-limit = 33554432 (custom)
2019-10-08 05:32:03,310 [pool-267-thread-1] INFO  server.RaftServerConfigKeys (ConfUtils.java:logGet(43)) - raft.server.log.segment.size.max = 1048576 (custom)
2019-10-08 05:32:03,312 [pool-267-thread-1] INFO  server.RaftServerConfigKeys (ConfUtils.java:logGet(43)) - raft.server.log.segment.cache.num.max = 2 (custom)
2019-10-08 05:32:03,312 [pool-267-thread-1] INFO  segmented.SegmentedRaftLogWorker (SegmentedRaftLogWorker.java:<init>(173)) - new f0a4ec45-e394-4c32-83d2-af13e80a85db@group-09E86985A9F6-SegmentedRaftLogWorker for RaftStorage:Storage Directory /workdir/hadoop-ozone/integration-test/target/test-dir/MiniOzoneClusterImpl-869efc9b-3216-425f-b64d-d5131aedb6a0/datanode-6/data/ratis/fd3613ac-878d-4349-940d-09e86985a9f6
2019-10-08 05:32:03,313 [pool-267-thread-1] INFO  server.RaftServerConfigKeys (ConfUtils.java:logGet(43)) - raft.server.log.queue.byte-limit = 2147483647 (custom)
2019-10-08 05:32:03,313 [pool-267-thread-1] INFO  server.RaftServerConfigKeys (ConfUtils.java:logGet(43)) - raft.server.log.queue.element-limit = 1024 (custom)
2019-10-08 05:32:03,313 [pool-267-thread-1] INFO  server.RaftServerConfigKeys (ConfUtils.java:logGet(43)) - raft.server.log.segment.size.max = 1048576 (custom)
2019-10-08 05:32:03,313 [pool-267-thread-1] INFO  server.RaftServerConfigKeys (ConfUtils.java:logGet(43)) - raft.server.log.preallocated.size = 16384 (custom)
2019-10-08 05:32:03,313 [pool-267-thread-1] INFO  server.RaftServerConfigKeys (ConfUtils.java:logGet(43)) - raft.server.log.write.buffer.size = 33554432 (custom)
2019-10-08 05:32:03,314 [pool-267-thread-1] INFO  server.RaftServerConfigKeys (ConfUtils.java:logGet(43)) - raft.server.log.force.sync.num = 128 (default)
2019-10-08 05:32:03,314 [pool-267-thread-1] INFO  server.RaftServerConfigKeys (ConfUtils.java:logGet(43)) - raft.server.log.statemachine.data.sync = true (default)
2019-10-08 05:32:03,314 [pool-267-thread-1] INFO  server.RaftServerConfigKeys (ConfUtils.java:logGet(43)) - raft.server.log.statemachine.data.sync.timeout = 10s (default)
2019-10-08 05:32:03,314 [pool-267-thread-1] INFO  server.RaftServerConfigKeys (ConfUtils.java:logGet(43)) - raft.server.log.statemachine.data.sync.timeout.retry = -1 (default)
2019-10-08 05:32:03,315 [pool-267-thread-1] INFO  server.RaftServerConfigKeys (ConfUtils.java:logGet(43)) - raft.server.log.statemachine.data.caching.enabled = true (custom)
2019-10-08 05:32:03,315 [pool-267-thread-1] INFO  segmented.SegmentedRaftLogWorker (SegmentedRaftLogWorker.java:lambda$new$0(128)) - f0a4ec45-e394-4c32-83d2-af13e80a85db@group-09E86985A9F6-SegmentedRaftLogWorker: flushIndex: setUnconditionally 0 -> -1
2019-10-08 05:32:03,316 [pool-267-thread-1] INFO  server.RaftServerConfigKeys (ConfUtils.java:logGet(43)) - raft.server.snapshot.auto.trigger.enabled = true (custom)
2019-10-08 05:32:03,316 [pool-267-thread-1] INFO  server.RaftServerConfigKeys (ConfUtils.java:logGet(43)) - raft.server.snapshot.auto.trigger.threshold = 10000 (custom)
2019-10-08 05:32:03,316 [pool-267-thread-1] INFO  server.RaftServerConfigKeys (ConfUtils.java:logGet(43)) - raft.server.snapshot.retention.file.num = 5 (custom)
2019-10-08 05:32:03,316 [pool-267-thread-1] INFO  server.RaftServerConfigKeys (ConfUtils.java:logGet(43)) - raft.server.retrycache.expirytime = 600000ms (custom)
2019-10-08 05:32:03,318 [pool-267-thread-1] INFO  impl.RaftServerImpl (RaftServerImpl.java:start(181)) - f0a4ec45-e394-4c32-83d2-af13e80a85db@group-09E86985A9F6: start as a follower, conf=-1: [f0a4ec45-e394-4c32-83d2-af13e80a85db:192.168.5.191:33534], old=null
2019-10-08 05:32:03,319 [pool-267-thread-1] INFO  impl.RaftServerImpl (RaftServerImpl.java:setRole(170)) - f0a4ec45-e394-4c32-83d2-af13e80a85db@group-09E86985A9F6: changes role from      null to FOLLOWER at term 0 for startAsFollower
2019-10-08 05:32:03,319 [pool-267-thread-1] INFO  impl.RoleInfo (RoleInfo.java:updateAndGet(143)) - f0a4ec45-e394-4c32-83d2-af13e80a85db: start FollowerState
2019-10-08 05:32:03,319 [pool-267-thread-1] INFO  util.JmxRegister (JmxRegister.java:tryRegister(44)) - Successfully registered JMX Bean with object name Ratis:service=RaftServer,group=group-09E86985A9F6,id=f0a4ec45-e394-4c32-83d2-af13e80a85db
2019-10-08 05:32:03,326 [RatisPipelineUtilsThread] INFO  pipeline.PipelineStateManager (PipelineStateManager.java:addPipeline(56)) - Created pipeline Pipeline[ Id: fd3613ac-878d-4349-940d-09e86985a9f6, Nodes: f0a4ec45-e394-4c32-83d2-af13e80a85db{ip: 192.168.5.191, host: trunk-nightly-20191008-swvtb-1756096174, networkLocation: /default-rack, certSerialId: null}, Type:RATIS, Factor:ONE, State:OPEN]
2019-10-08 05:32:03,346 [grpc-default-executor-4] INFO  impl.RaftServerProxy (RaftServerProxy.java:addNew(89)) - 4c52ff3c-1013-4ea6-85f7-24e3e150ebaf: addNew group-EA86057EF4FF:[4c52ff3c-1013-4ea6-85f7-24e3e150ebaf:192.168.5.191:35999, 63513ac5-a3a7-408e-82f2-57f7c68ec9a1:192.168.5.191:37528, 187628be-de84-4b8f-b5a0-1bccaeb2b30b:192.168.5.191:40570] returns group-EA86057EF4FF:java.util.concurrent.CompletableFuture@50ec6768[Not completed]
2019-10-08 05:32:03,346 [grpc-default-executor-5] INFO  impl.RaftServerProxy (RaftServerProxy.java:addNew(89)) - 187628be-de84-4b8f-b5a0-1bccaeb2b30b: addNew group-EA86057EF4FF:[4c52ff3c-1013-4ea6-85f7-24e3e150ebaf:192.168.5.191:35999, 63513ac5-a3a7-408e-82f2-57f7c68ec9a1:192.168.5.191:37528, 187628be-de84-4b8f-b5a0-1bccaeb2b30b:192.168.5.191:40570] returns group-EA86057EF4FF:java.util.concurrent.CompletableFuture@355ce2bf[Not completed]
2019-10-08 05:32:03,346 [grpc-default-executor-1] INFO  impl.RaftServerProxy (RaftServerProxy.java:addNew(89)) - 63513ac5-a3a7-408e-82f2-57f7c68ec9a1: addNew group-EA86057EF4FF:[4c52ff3c-1013-4ea6-85f7-24e3e150ebaf:192.168.5.191:35999, 63513ac5-a3a7-408e-82f2-57f7c68ec9a1:192.168.5.191:37528, 187628be-de84-4b8f-b5a0-1bccaeb2b30b:192.168.5.191:40570] returns group-EA86057EF4FF:java.util.concurrent.CompletableFuture@4fbfb3e1[Not completed]
2019-10-08 05:32:03,347 [pool-247-thread-1] INFO  impl.RaftServerImpl (RaftServerImpl.java:<init>(95)) - 4c52ff3c-1013-4ea6-85f7-24e3e150ebaf: new RaftServerImpl for group-EA86057EF4FF:[4c52ff3c-1013-4ea6-85f7-24e3e150ebaf:192.168.5.191:35999, 63513ac5-a3a7-408e-82f2-57f7c68ec9a1:192.168.5.191:37528, 187628be-de84-4b8f-b5a0-1bccaeb2b30b:192.168.5.191:40570] with ContainerStateMachine:uninitialized
2019-10-08 05:32:03,347 [pool-247-thread-1] INFO  server.RaftServerConfigKeys (ConfUtils.java:logGet(43)) - raft.server.rpc.timeout.min = 5s (custom)
2019-10-08 05:32:03,347 [pool-247-thread-1] INFO  server.RaftServerConfigKeys (ConfUtils.java:logGet(43)) - raft.server.rpc.timeout.max = 5200ms (custom)
2019-10-08 05:32:03,348 [pool-247-thread-1] INFO  server.RaftServerConfigKeys (ConfUtils.java:logGet(43)) - raft.server.rpcslowness.timeout = 120s (custom)
2019-10-08 05:32:03,348 [pool-257-thread-1] INFO  impl.RaftServerImpl (RaftServerImpl.java:<init>(95)) - 187628be-de84-4b8f-b5a0-1bccaeb2b30b: new RaftServerImpl for group-EA86057EF4FF:[4c52ff3c-1013-4ea6-85f7-24e3e150ebaf:192.168.5.191:35999, 63513ac5-a3a7-408e-82f2-57f7c68ec9a1:192.168.5.191:37528, 187628be-de84-4b8f-b5a0-1bccaeb2b30b:192.168.5.191:40570] with ContainerStateMachine:uninitialized
2019-10-08 05:32:03,348 [pool-247-thread-1] INFO  server.RaftServerConfigKeys (ConfUtils.java:logGet(43)) - raft.server.sleep.deviation.threshold = 300 (default)
2019-10-08 05:32:03,348 [pool-257-thread-1] INFO  server.RaftServerConfigKeys (ConfUtils.java:logGet(43)) - raft.server.rpc.timeout.min = 5s (custom)
2019-10-08 05:32:03,348 [pool-237-thread-1] INFO  impl.RaftServerImpl (RaftServerImpl.java:<init>(95)) - 63513ac5-a3a7-408e-82f2-57f7c68ec9a1: new RaftServerImpl for group-EA86057EF4FF:[4c52ff3c-1013-4ea6-85f7-24e3e150ebaf:192.168.5.191:35999, 63513ac5-a3a7-408e-82f2-57f7c68ec9a1:192.168.5.191:37528, 187628be-de84-4b8f-b5a0-1bccaeb2b30b:192.168.5.191:40570] with ContainerStateMachine:uninitialized
2019-10-08 05:32:03,348 [pool-247-thread-1] INFO  server.RaftServerConfigKeys (ConfUtils.java:logGet(43)) - raft.server.log.appender.install.snapshot.enabled = false (custom)
2019-10-08 05:32:03,348 [pool-237-thread-1] INFO  server.RaftServerConfigKeys (ConfUtils.java:logGet(43)) - raft.server.rpc.timeout.min = 5s (custom)
2019-10-08 05:32:03,348 [pool-257-thread-1] INFO  server.RaftServerConfigKeys (ConfUtils.java:logGet(43)) - raft.server.rpc.timeout.max = 5200ms (custom)
2019-10-08 05:32:03,349 [pool-237-thread-1] INFO  server.RaftServerConfigKeys (ConfUtils.java:logGet(43)) - raft.server.rpc.timeout.max = 5200ms (custom)
2019-10-08 05:32:03,349 [pool-247-thread-1] INFO  impl.RaftServerImpl (ServerState.java:<init>(103)) - 4c52ff3c-1013-4ea6-85f7-24e3e150ebaf@group-EA86057EF4FF: ConfigurationManager, init=-1: [4c52ff3c-1013-4ea6-85f7-24e3e150ebaf:192.168.5.191:35999, 63513ac5-a3a7-408e-82f2-57f7c68ec9a1:192.168.5.191:37528, 187628be-de84-4b8f-b5a0-1bccaeb2b30b:192.168.5.191:40570], old=null, confs=<EMPTY_MAP>
2019-10-08 05:32:03,349 [pool-237-thread-1] INFO  server.RaftServerConfigKeys (ConfUtils.java:logGet(43)) - raft.server.rpcslowness.timeout = 120s (custom)
2019-10-08 05:32:03,349 [pool-257-thread-1] INFO  server.RaftServerConfigKeys (ConfUtils.java:logGet(43)) - raft.server.rpcslowness.timeout = 120s (custom)
2019-10-08 05:32:03,349 [pool-237-thread-1] INFO  server.RaftServerConfigKeys (ConfUtils.java:logGet(43)) - raft.server.sleep.deviation.threshold = 300 (default)
2019-10-08 05:32:03,349 [pool-247-thread-1] INFO  server.RaftServerConfigKeys (ConfUtils.java:logGet(43)) - raft.server.storage.dir = [/workdir/hadoop-ozone/integration-test/target/test-dir/MiniOzoneClusterImpl-869efc9b-3216-425f-b64d-d5131aedb6a0/datanode-4/data/ratis] (custom)
2019-10-08 05:32:03,349 [pool-237-thread-1] INFO  server.RaftServerConfigKeys (ConfUtils.java:logGet(43)) - raft.server.log.appender.install.snapshot.enabled = false (custom)
2019-10-08 05:32:03,349 [pool-257-thread-1] INFO  server.RaftServerConfigKeys (ConfUtils.java:logGet(43)) - raft.server.sleep.deviation.threshold = 300 (default)
2019-10-08 05:32:03,350 [pool-247-thread-1] INFO  server.RaftServerConfigKeys (ConfUtils.java:logGet(43)) - raft.server.log.corruption.policy = EXCEPTION (default)
2019-10-08 05:32:03,350 [pool-237-thread-1] INFO  impl.RaftServerImpl (ServerState.java:<init>(103)) - 63513ac5-a3a7-408e-82f2-57f7c68ec9a1@group-EA86057EF4FF: ConfigurationManager, init=-1: [4c52ff3c-1013-4ea6-85f7-24e3e150ebaf:192.168.5.191:35999, 63513ac5-a3a7-408e-82f2-57f7c68ec9a1:192.168.5.191:37528, 187628be-de84-4b8f-b5a0-1bccaeb2b30b:192.168.5.191:40570], old=null, confs=<EMPTY_MAP>
2019-10-08 05:32:03,350 [pool-257-thread-1] INFO  server.RaftServerConfigKeys (ConfUtils.java:logGet(43)) - raft.server.log.appender.install.snapshot.enabled = false (custom)
2019-10-08 05:32:03,350 [pool-237-thread-1] INFO  server.RaftServerConfigKeys (ConfUtils.java:logGet(43)) - raft.server.storage.dir = [/workdir/hadoop-ozone/integration-test/target/test-dir/MiniOzoneClusterImpl-869efc9b-3216-425f-b64d-d5131aedb6a0/datanode-3/data/ratis] (custom)
2019-10-08 05:32:03,350 [pool-247-thread-1] INFO  storage.RaftStorageDirectory (RaftStorageDirectory.java:analyzeStorage(246)) - The storage directory /workdir/hadoop-ozone/integration-test/target/test-dir/MiniOzoneClusterImpl-869efc9b-3216-425f-b64d-d5131aedb6a0/datanode-4/data/ratis/8dfa3319-0489-4219-9d0d-ea86057ef4ff does not exist. Creating ...
2019-10-08 05:32:03,350 [pool-257-thread-1] INFO  impl.RaftServerImpl (ServerState.java:<init>(103)) - 187628be-de84-4b8f-b5a0-1bccaeb2b30b@group-EA86057EF4FF: ConfigurationManager, init=-1: [4c52ff3c-1013-4ea6-85f7-24e3e150ebaf:192.168.5.191:35999, 63513ac5-a3a7-408e-82f2-57f7c68ec9a1:192.168.5.191:37528, 187628be-de84-4b8f-b5a0-1bccaeb2b30b:192.168.5.191:40570], old=null, confs=<EMPTY_MAP>
2019-10-08 05:32:03,350 [pool-237-thread-1] INFO  server.RaftServerConfigKeys (ConfUtils.java:logGet(43)) - raft.server.log.corruption.policy = EXCEPTION (default)
2019-10-08 05:32:03,351 [pool-257-thread-1] INFO  server.RaftServerConfigKeys (ConfUtils.java:logGet(43)) - raft.server.storage.dir = [/workdir/hadoop-ozone/integration-test/target/test-dir/MiniOzoneClusterImpl-869efc9b-3216-425f-b64d-d5131aedb6a0/datanode-5/data/ratis] (custom)
2019-10-08 05:32:03,351 [pool-237-thread-1] INFO  storage.RaftStorageDirectory (RaftStorageDirectory.java:analyzeStorage(246)) - The storage directory /workdir/hadoop-ozone/integration-test/target/test-dir/MiniOzoneClusterImpl-869efc9b-3216-425f-b64d-d5131aedb6a0/datanode-3/data/ratis/8dfa3319-0489-4219-9d0d-ea86057ef4ff does not exist. Creating ...
2019-10-08 05:32:03,351 [pool-257-thread-1] INFO  server.RaftServerConfigKeys (ConfUtils.java:logGet(43)) - raft.server.log.corruption.policy = EXCEPTION (default)
2019-10-08 05:32:03,351 [pool-257-thread-1] INFO  storage.RaftStorageDirectory (RaftStorageDirectory.java:analyzeStorage(246)) - The storage directory /workdir/hadoop-ozone/integration-test/target/test-dir/MiniOzoneClusterImpl-869efc9b-3216-425f-b64d-d5131aedb6a0/datanode-5/data/ratis/8dfa3319-0489-4219-9d0d-ea86057ef4ff does not exist. Creating ...
2019-10-08 05:32:03,364 [pool-247-thread-1] INFO  storage.RaftStorageDirectory (RaftStorageDirectory.java:tryLock(328)) - Lock on /workdir/hadoop-ozone/integration-test/target/test-dir/MiniOzoneClusterImpl-869efc9b-3216-425f-b64d-d5131aedb6a0/datanode-4/data/ratis/8dfa3319-0489-4219-9d0d-ea86057ef4ff/in_use.lock acquired by nodename 23931@trunk-nightly-20191008-swvtb-1756096174
2019-10-08 05:32:03,364 [pool-257-thread-1] INFO  storage.RaftStorageDirectory (RaftStorageDirectory.java:tryLock(328)) - Lock on /workdir/hadoop-ozone/integration-test/target/test-dir/MiniOzoneClusterImpl-869efc9b-3216-425f-b64d-d5131aedb6a0/datanode-5/data/ratis/8dfa3319-0489-4219-9d0d-ea86057ef4ff/in_use.lock acquired by nodename 23931@trunk-nightly-20191008-swvtb-1756096174
2019-10-08 05:32:03,364 [pool-237-thread-1] INFO  storage.RaftStorageDirectory (RaftStorageDirectory.java:tryLock(328)) - Lock on /workdir/hadoop-ozone/integration-test/target/test-dir/MiniOzoneClusterImpl-869efc9b-3216-425f-b64d-d5131aedb6a0/datanode-3/data/ratis/8dfa3319-0489-4219-9d0d-ea86057ef4ff/in_use.lock acquired by nodename 23931@trunk-nightly-20191008-swvtb-1756096174
2019-10-08 05:32:03,377 [pool-247-thread-1] INFO  storage.RaftStorage (RaftStorage.java:format(84)) - Storage directory /workdir/hadoop-ozone/integration-test/target/test-dir/MiniOzoneClusterImpl-869efc9b-3216-425f-b64d-d5131aedb6a0/datanode-4/data/ratis/8dfa3319-0489-4219-9d0d-ea86057ef4ff has been successfully formatted.
2019-10-08 05:32:03,377 [pool-237-thread-1] INFO  storage.RaftStorage (RaftStorage.java:format(84)) - Storage directory /workdir/hadoop-ozone/integration-test/target/test-dir/MiniOzoneClusterImpl-869efc9b-3216-425f-b64d-d5131aedb6a0/datanode-3/data/ratis/8dfa3319-0489-4219-9d0d-ea86057ef4ff has been successfully formatted.
2019-10-08 05:32:03,377 [pool-257-thread-1] INFO  storage.RaftStorage (RaftStorage.java:format(84)) - Storage directory /workdir/hadoop-ozone/integration-test/target/test-dir/MiniOzoneClusterImpl-869efc9b-3216-425f-b64d-d5131aedb6a0/datanode-5/data/ratis/8dfa3319-0489-4219-9d0d-ea86057ef4ff has been successfully formatted.
2019-10-08 05:32:03,377 [pool-247-thread-1] INFO  ratis.ContainerStateMachine (ContainerStateMachine.java:loadSnapshot(231)) - group-EA86057EF4FF: The snapshot info is null. Setting the last applied indexto:(t:0, i:~)
2019-10-08 05:32:03,378 [pool-257-thread-1] INFO  ratis.ContainerStateMachine (ContainerStateMachine.java:loadSnapshot(231)) - group-EA86057EF4FF: The snapshot info is null. Setting the last applied indexto:(t:0, i:~)
2019-10-08 05:32:03,378 [pool-247-thread-1] INFO  server.RaftServerConfigKeys (ConfUtils.java:logGet(43)) - raft.server.notification.no-leader.timeout = 120s (custom)
2019-10-08 05:32:03,378 [pool-237-thread-1] INFO  ratis.ContainerStateMachine (ContainerStateMachine.java:loadSnapshot(231)) - group-EA86057EF4FF: The snapshot info is null. Setting the last applied indexto:(t:0, i:~)
2019-10-08 05:32:03,378 [pool-247-thread-1] INFO  server.RaftServerConfigKeys (ConfUtils.java:logGet(43)) - raft.server.log.use.memory = false (default)
2019-10-08 05:32:03,378 [pool-257-thread-1] INFO  server.RaftServerConfigKeys (ConfUtils.java:logGet(43)) - raft.server.notification.no-leader.timeout = 120s (custom)
2019-10-08 05:32:03,378 [pool-247-thread-1] INFO  server.RaftServerConfigKeys (ConfUtils.java:logGet(43)) - raft.server.log.purge.gap = 1000000 (custom)
2019-10-08 05:32:03,378 [pool-237-thread-1] INFO  server.RaftServerConfigKeys (ConfUtils.java:logGet(43)) - raft.server.notification.no-leader.timeout = 120s (custom)
2019-10-08 05:32:03,379 [pool-247-thread-1] INFO  server.RaftServerConfigKeys (ConfUtils.java:logGet(43)) - raft.server.log.appender.buffer.byte-limit = 33554432 (custom)
2019-10-08 05:32:03,378 [pool-257-thread-1] INFO  server.RaftServerConfigKeys (ConfUtils.java:logGet(43)) - raft.server.log.use.memory = false (default)
2019-10-08 05:32:03,379 [pool-247-thread-1] INFO  server.RaftServerConfigKeys (ConfUtils.java:logGet(43)) - raft.server.log.segment.size.max = 1048576 (custom)
2019-10-08 05:32:03,379 [pool-237-thread-1] INFO  server.RaftServerConfigKeys (ConfUtils.java:logGet(43)) - raft.server.log.use.memory = false (default)
2019-10-08 05:32:03,379 [pool-247-thread-1] INFO  server.RaftServerConfigKeys (ConfUtils.java:logGet(43)) - raft.server.log.segment.cache.num.max = 2 (custom)
2019-10-08 05:32:03,379 [pool-257-thread-1] INFO  server.RaftServerConfigKeys (ConfUtils.java:logGet(43)) - raft.server.log.purge.gap = 1000000 (custom)
2019-10-08 05:32:03,379 [pool-247-thread-1] INFO  segmented.SegmentedRaftLogWorker (SegmentedRaftLogWorker.java:<init>(173)) - new 4c52ff3c-1013-4ea6-85f7-24e3e150ebaf@group-EA86057EF4FF-SegmentedRaftLogWorker for RaftStorage:Storage Directory /workdir/hadoop-ozone/integration-test/target/test-dir/MiniOzoneClusterImpl-869efc9b-3216-425f-b64d-d5131aedb6a0/datanode-4/data/ratis/8dfa3319-0489-4219-9d0d-ea86057ef4ff
2019-10-08 05:32:03,379 [pool-237-thread-1] INFO  server.RaftServerConfigKeys (ConfUtils.java:logGet(43)) - raft.server.log.purge.gap = 1000000 (custom)
2019-10-08 05:32:03,380 [pool-247-thread-1] INFO  server.RaftServerConfigKeys (ConfUtils.java:logGet(43)) - raft.server.log.queue.byte-limit = 2147483647 (custom)
2019-10-08 05:32:03,379 [pool-257-thread-1] INFO  server.RaftServerConfigKeys (ConfUtils.java:logGet(43)) - raft.server.log.appender.buffer.byte-limit = 33554432 (custom)
2019-10-08 05:32:03,380 [pool-247-thread-1] INFO  server.RaftServerConfigKeys (ConfUtils.java:logGet(43)) - raft.server.log.queue.element-limit = 1024 (custom)
2019-10-08 05:32:03,380 [pool-237-thread-1] INFO  server.RaftServerConfigKeys (ConfUtils.java:logGet(43)) - raft.server.log.appender.buffer.byte-limit = 33554432 (custom)
2019-10-08 05:32:03,380 [pool-247-thread-1] INFO  server.RaftServerConfigKeys (ConfUtils.java:logGet(43)) - raft.server.log.segment.size.max = 1048576 (custom)
2019-10-08 05:32:03,380 [pool-257-thread-1] INFO  server.RaftServerConfigKeys (ConfUtils.java:logGet(43)) - raft.server.log.segment.size.max = 1048576 (custom)
2019-10-08 05:32:03,380 [pool-247-thread-1] INFO  server.RaftServerConfigKeys (ConfUtils.java:logGet(43)) - raft.server.log.preallocated.size = 16384 (custom)
2019-10-08 05:32:03,380 [pool-237-thread-1] INFO  server.RaftServerConfigKeys (ConfUtils.java:logGet(43)) - raft.server.log.segment.size.max = 1048576 (custom)
2019-10-08 05:32:03,381 [pool-247-thread-1] INFO  server.RaftServerConfigKeys (ConfUtils.java:logGet(43)) - raft.server.log.write.buffer.size = 33554432 (custom)
2019-10-08 05:32:03,380 [pool-257-thread-1] INFO  server.RaftServerConfigKeys (ConfUtils.java:logGet(43)) - raft.server.log.segment.cache.num.max = 2 (custom)
2019-10-08 05:32:03,381 [pool-247-thread-1] INFO  server.RaftServerConfigKeys (ConfUtils.java:logGet(43)) - raft.server.log.force.sync.num = 128 (default)
2019-10-08 05:32:03,381 [pool-237-thread-1] INFO  server.RaftServerConfigKeys (ConfUtils.java:logGet(43)) - raft.server.log.segment.cache.num.max = 2 (custom)
2019-10-08 05:32:03,381 [pool-247-thread-1] INFO  server.RaftServerConfigKeys (ConfUtils.java:logGet(43)) - raft.server.log.statemachine.data.sync = true (default)
2019-10-08 05:32:03,381 [pool-257-thread-1] INFO  segmented.SegmentedRaftLogWorker (SegmentedRaftLogWorker.java:<init>(173)) - new 187628be-de84-4b8f-b5a0-1bccaeb2b30b@group-EA86057EF4FF-SegmentedRaftLogWorker for RaftStorage:Storage Directory /workdir/hadoop-ozone/integration-test/target/test-dir/MiniOzoneClusterImpl-869efc9b-3216-425f-b64d-d5131aedb6a0/datanode-5/data/ratis/8dfa3319-0489-4219-9d0d-ea86057ef4ff
2019-10-08 05:32:03,381 [pool-247-thread-1] INFO  server.RaftServerConfigKeys (ConfUtils.java:logGet(43)) - raft.server.log.statemachine.data.sync.timeout = 10s (default)
2019-10-08 05:32:03,381 [pool-237-thread-1] INFO  segmented.SegmentedRaftLogWorker (SegmentedRaftLogWorker.java:<init>(173)) - new 63513ac5-a3a7-408e-82f2-57f7c68ec9a1@group-EA86057EF4FF-SegmentedRaftLogWorker for RaftStorage:Storage Directory /workdir/hadoop-ozone/integration-test/target/test-dir/MiniOzoneClusterImpl-869efc9b-3216-425f-b64d-d5131aedb6a0/datanode-3/data/ratis/8dfa3319-0489-4219-9d0d-ea86057ef4ff
2019-10-08 05:32:03,382 [pool-247-thread-1] INFO  server.RaftServerConfigKeys (ConfUtils.java:logGet(43)) - raft.server.log.statemachine.data.sync.timeout.retry = -1 (default)
2019-10-08 05:32:03,381 [pool-257-thread-1] INFO  server.RaftServerConfigKeys (ConfUtils.java:logGet(43)) - raft.server.log.queue.byte-limit = 2147483647 (custom)
2019-10-08 05:32:03,382 [pool-247-thread-1] INFO  server.RaftServerConfigKeys (ConfUtils.java:logGet(43)) - raft.server.log.statemachine.data.caching.enabled = true (custom)
2019-10-08 05:32:03,382 [pool-237-thread-1] INFO  server.RaftServerConfigKeys (ConfUtils.java:logGet(43)) - raft.server.log.queue.byte-limit = 2147483647 (custom)
2019-10-08 05:32:03,382 [pool-257-thread-1] INFO  server.RaftServerConfigKeys (ConfUtils.java:logGet(43)) - raft.server.log.queue.element-limit = 1024 (custom)
2019-10-08 05:32:03,382 [pool-247-thread-1] INFO  segmented.SegmentedRaftLogWorker (SegmentedRaftLogWorker.java:lambda$new$0(128)) - 4c52ff3c-1013-4ea6-85f7-24e3e150ebaf@group-EA86057EF4FF-SegmentedRaftLogWorker: flushIndex: setUnconditionally 0 -> -1
2019-10-08 05:32:03,382 [pool-237-thread-1] INFO  server.RaftServerConfigKeys (ConfUtils.java:logGet(43)) - raft.server.log.queue.element-limit = 1024 (custom)
2019-10-08 05:32:03,382 [pool-257-thread-1] INFO  server.RaftServerConfigKeys (ConfUtils.java:logGet(43)) - raft.server.log.segment.size.max = 1048576 (custom)
2019-10-08 05:32:03,383 [pool-237-thread-1] INFO  server.RaftServerConfigKeys (ConfUtils.java:logGet(43)) - raft.server.log.segment.size.max = 1048576 (custom)
2019-10-08 05:32:03,383 [pool-247-thread-1] INFO  server.RaftServerConfigKeys (ConfUtils.java:logGet(43)) - raft.server.snapshot.auto.trigger.enabled = true (custom)
2019-10-08 05:32:03,383 [pool-237-thread-1] INFO  server.RaftServerConfigKeys (ConfUtils.java:logGet(43)) - raft.server.log.preallocated.size = 16384 (custom)
2019-10-08 05:32:03,383 [pool-257-thread-1] INFO  server.RaftServerConfigKeys (ConfUtils.java:logGet(43)) - raft.server.log.preallocated.size = 16384 (custom)
2019-10-08 05:32:03,383 [pool-237-thread-1] INFO  server.RaftServerConfigKeys (ConfUtils.java:logGet(43)) - raft.server.log.write.buffer.size = 33554432 (custom)
2019-10-08 05:32:03,383 [pool-247-thread-1] INFO  server.RaftServerConfigKeys (ConfUtils.java:logGet(43)) - raft.server.snapshot.auto.trigger.threshold = 10000 (custom)
2019-10-08 05:32:03,384 [pool-237-thread-1] INFO  server.RaftServerConfigKeys (ConfUtils.java:logGet(43)) - raft.server.log.force.sync.num = 128 (default)
2019-10-08 05:32:03,383 [pool-257-thread-1] INFO  server.RaftServerConfigKeys (ConfUtils.java:logGet(43)) - raft.server.log.write.buffer.size = 33554432 (custom)
2019-10-08 05:32:03,384 [pool-237-thread-1] INFO  server.RaftServerConfigKeys (ConfUtils.java:logGet(43)) - raft.server.log.statemachine.data.sync = true (default)
2019-10-08 05:32:03,384 [pool-247-thread-1] INFO  server.RaftServerConfigKeys (ConfUtils.java:logGet(43)) - raft.server.snapshot.retention.file.num = 5 (custom)
2019-10-08 05:32:03,384 [pool-237-thread-1] INFO  server.RaftServerConfigKeys (ConfUtils.java:logGet(43)) - raft.server.log.statemachine.data.sync.timeout = 10s (default)
2019-10-08 05:32:03,384 [pool-257-thread-1] INFO  server.RaftServerConfigKeys (ConfUtils.java:logGet(43)) - raft.server.log.force.sync.num = 128 (default)
2019-10-08 05:32:03,384 [pool-237-thread-1] INFO  server.RaftServerConfigKeys (ConfUtils.java:logGet(43)) - raft.server.log.statemachine.data.sync.timeout.retry = -1 (default)
2019-10-08 05:32:03,384 [pool-247-thread-1] INFO  server.RaftServerConfigKeys (ConfUtils.java:logGet(43)) - raft.server.retrycache.expirytime = 600000ms (custom)
2019-10-08 05:32:03,385 [pool-237-thread-1] INFO  server.RaftServerConfigKeys (ConfUtils.java:logGet(43)) - raft.server.log.statemachine.data.caching.enabled = true (custom)
2019-10-08 05:32:03,384 [pool-257-thread-1] INFO  server.RaftServerConfigKeys (ConfUtils.java:logGet(43)) - raft.server.log.statemachine.data.sync = true (default)
2019-10-08 05:32:03,385 [pool-257-thread-1] INFO  server.RaftServerConfigKeys (ConfUtils.java:logGet(43)) - raft.server.log.statemachine.data.sync.timeout = 10s (default)
2019-10-08 05:32:03,385 [pool-237-thread-1] INFO  segmented.SegmentedRaftLogWorker (SegmentedRaftLogWorker.java:lambda$new$0(128)) - 63513ac5-a3a7-408e-82f2-57f7c68ec9a1@group-EA86057EF4FF-SegmentedRaftLogWorker: flushIndex: setUnconditionally 0 -> -1
2019-10-08 05:32:03,385 [pool-257-thread-1] INFO  server.RaftServerConfigKeys (ConfUtils.java:logGet(43)) - raft.server.log.statemachine.data.sync.timeout.retry = -1 (default)
2019-10-08 05:32:03,386 [pool-257-thread-1] INFO  server.RaftServerConfigKeys (ConfUtils.java:logGet(43)) - raft.server.log.statemachine.data.caching.enabled = true (custom)
2019-10-08 05:32:03,386 [pool-237-thread-1] INFO  server.RaftServerConfigKeys (ConfUtils.java:logGet(43)) - raft.server.snapshot.auto.trigger.enabled = true (custom)
2019-10-08 05:32:03,386 [pool-257-thread-1] INFO  segmented.SegmentedRaftLogWorker (SegmentedRaftLogWorker.java:lambda$new$0(128)) - 187628be-de84-4b8f-b5a0-1bccaeb2b30b@group-EA86057EF4FF-SegmentedRaftLogWorker: flushIndex: setUnconditionally 0 -> -1
2019-10-08 05:32:03,386 [pool-237-thread-1] INFO  server.RaftServerConfigKeys (ConfUtils.java:logGet(43)) - raft.server.snapshot.auto.trigger.threshold = 10000 (custom)
2019-10-08 05:32:03,386 [pool-257-thread-1] INFO  server.RaftServerConfigKeys (ConfUtils.java:logGet(43)) - raft.server.snapshot.auto.trigger.enabled = true (custom)
2019-10-08 05:32:03,386 [pool-237-thread-1] INFO  server.RaftServerConfigKeys (ConfUtils.java:logGet(43)) - raft.server.snapshot.retention.file.num = 5 (custom)
2019-10-08 05:32:03,386 [pool-247-thread-1] INFO  impl.RaftServerImpl (RaftServerImpl.java:start(181)) - 4c52ff3c-1013-4ea6-85f7-24e3e150ebaf@group-EA86057EF4FF: start as a follower, conf=-1: [4c52ff3c-1013-4ea6-85f7-24e3e150ebaf:192.168.5.191:35999, 63513ac5-a3a7-408e-82f2-57f7c68ec9a1:192.168.5.191:37528, 187628be-de84-4b8f-b5a0-1bccaeb2b30b:192.168.5.191:40570], old=null
2019-10-08 05:32:03,386 [pool-257-thread-1] INFO  server.RaftServerConfigKeys (ConfUtils.java:logGet(43)) - raft.server.snapshot.auto.trigger.threshold = 10000 (custom)
2019-10-08 05:32:03,387 [pool-247-thread-1] INFO  impl.RaftServerImpl (RaftServerImpl.java:setRole(170)) - 4c52ff3c-1013-4ea6-85f7-24e3e150ebaf@group-EA86057EF4FF: changes role from      null to FOLLOWER at term 0 for startAsFollower
2019-10-08 05:32:03,386 [pool-237-thread-1] INFO  server.RaftServerConfigKeys (ConfUtils.java:logGet(43)) - raft.server.retrycache.expirytime = 600000ms (custom)
2019-10-08 05:32:03,387 [pool-247-thread-1] INFO  impl.RoleInfo (RoleInfo.java:updateAndGet(143)) - 4c52ff3c-1013-4ea6-85f7-24e3e150ebaf: start FollowerState
2019-10-08 05:32:03,387 [pool-257-thread-1] INFO  server.RaftServerConfigKeys (ConfUtils.java:logGet(43)) - raft.server.snapshot.retention.file.num = 5 (custom)
2019-10-08 05:32:03,387 [pool-257-thread-1] INFO  server.RaftServerConfigKeys (ConfUtils.java:logGet(43)) - raft.server.retrycache.expirytime = 600000ms (custom)
2019-10-08 05:32:03,387 [pool-247-thread-1] INFO  util.JmxRegister (JmxRegister.java:tryRegister(44)) - Successfully registered JMX Bean with object name Ratis:service=RaftServer,group=group-EA86057EF4FF,id=4c52ff3c-1013-4ea6-85f7-24e3e150ebaf
2019-10-08 05:32:03,391 [pool-237-thread-1] INFO  impl.RaftServerImpl (RaftServerImpl.java:start(181)) - 63513ac5-a3a7-408e-82f2-57f7c68ec9a1@group-EA86057EF4FF: start as a follower, conf=-1: [4c52ff3c-1013-4ea6-85f7-24e3e150ebaf:192.168.5.191:35999, 63513ac5-a3a7-408e-82f2-57f7c68ec9a1:192.168.5.191:37528, 187628be-de84-4b8f-b5a0-1bccaeb2b30b:192.168.5.191:40570], old=null
2019-10-08 05:32:03,391 [pool-257-thread-1] INFO  impl.RaftServerImpl (RaftServerImpl.java:start(181)) - 187628be-de84-4b8f-b5a0-1bccaeb2b30b@group-EA86057EF4FF: start as a follower, conf=-1: [4c52ff3c-1013-4ea6-85f7-24e3e150ebaf:192.168.5.191:35999, 63513ac5-a3a7-408e-82f2-57f7c68ec9a1:192.168.5.191:37528, 187628be-de84-4b8f-b5a0-1bccaeb2b30b:192.168.5.191:40570], old=null
2019-10-08 05:32:03,391 [pool-237-thread-1] INFO  impl.RaftServerImpl (RaftServerImpl.java:setRole(170)) - 63513ac5-a3a7-408e-82f2-57f7c68ec9a1@group-EA86057EF4FF: changes role from      null to FOLLOWER at term 0 for startAsFollower
2019-10-08 05:32:03,391 [pool-257-thread-1] INFO  impl.RaftServerImpl (RaftServerImpl.java:setRole(170)) - 187628be-de84-4b8f-b5a0-1bccaeb2b30b@group-EA86057EF4FF: changes role from      null to FOLLOWER at term 0 for startAsFollower
2019-10-08 05:32:03,391 [pool-237-thread-1] INFO  impl.RoleInfo (RoleInfo.java:updateAndGet(143)) - 63513ac5-a3a7-408e-82f2-57f7c68ec9a1: start FollowerState
2019-10-08 05:32:03,391 [pool-257-thread-1] INFO  impl.RoleInfo (RoleInfo.java:updateAndGet(143)) - 187628be-de84-4b8f-b5a0-1bccaeb2b30b: start FollowerState
2019-10-08 05:32:03,392 [pool-237-thread-1] INFO  util.JmxRegister (JmxRegister.java:tryRegister(44)) - Successfully registered JMX Bean with object name Ratis:service=RaftServer,group=group-EA86057EF4FF,id=63513ac5-a3a7-408e-82f2-57f7c68ec9a1
2019-10-08 05:32:03,392 [pool-257-thread-1] INFO  util.JmxRegister (JmxRegister.java:tryRegister(44)) - Successfully registered JMX Bean with object name Ratis:service=RaftServer,group=group-EA86057EF4FF,id=187628be-de84-4b8f-b5a0-1bccaeb2b30b
2019-10-08 05:32:03,405 [RatisPipelineUtilsThread] INFO  pipeline.PipelineStateManager (PipelineStateManager.java:addPipeline(56)) - Created pipeline Pipeline[ Id: 8dfa3319-0489-4219-9d0d-ea86057ef4ff, Nodes: 4c52ff3c-1013-4ea6-85f7-24e3e150ebaf{ip: 192.168.5.191, host: trunk-nightly-20191008-swvtb-1756096174, networkLocation: /default-rack, certSerialId: null}187628be-de84-4b8f-b5a0-1bccaeb2b30b{ip: 192.168.5.191, host: trunk-nightly-20191008-swvtb-1756096174, networkLocation: /default-rack, certSerialId: null}63513ac5-a3a7-408e-82f2-57f7c68ec9a1{ip: 192.168.5.191, host: trunk-nightly-20191008-swvtb-1756096174, networkLocation: /default-rack, certSerialId: null}, Type:RATIS, Factor:THREE, State:OPEN]
2019-10-08 05:32:05,726 [Thread-1443] INFO  container.ReplicationManager (ReplicationManager.java:start(162)) - Starting Replication Monitor Thread.
2019-10-08 05:32:05,730 [ReplicationMonitor] INFO  container.ReplicationManager (ReplicationManager.java:run(225)) - Replication Monitor Thread took 1 milliseconds for processing 1 containers.
2019-10-08 05:32:07,872 [Thread-1448] INFO  impl.FollowerState (FollowerState.java:run(108)) - fe02ea69-9380-4bcd-bf4a-8927edb33a1c@group-3F7D487ADCA9-FollowerState: change to CANDIDATE, lastRpcTime:5007ms, electionTimeout:5007ms
2019-10-08 05:32:07,873 [Thread-1448] INFO  impl.RoleInfo (RoleInfo.java:shutdownFollowerState(121)) - fe02ea69-9380-4bcd-bf4a-8927edb33a1c: shutdown FollowerState
2019-10-08 05:32:07,873 [Thread-1448] INFO  impl.RaftServerImpl (RaftServerImpl.java:setRole(170)) - fe02ea69-9380-4bcd-bf4a-8927edb33a1c@group-3F7D487ADCA9: changes role from  FOLLOWER to CANDIDATE at term 0 for changeToCandidate
2019-10-08 05:32:07,873 [Thread-1448] INFO  impl.RoleInfo (RoleInfo.java:updateAndGet(143)) - fe02ea69-9380-4bcd-bf4a-8927edb33a1c: start LeaderElection
2019-10-08 05:32:07,893 [fe02ea69-9380-4bcd-bf4a-8927edb33a1c@group-3F7D487ADCA9-LeaderElection56] INFO  impl.LeaderElection (LeaderElection.java:askForVotes(178)) - fe02ea69-9380-4bcd-bf4a-8927edb33a1c@group-3F7D487ADCA9-LeaderElection56: begin an election at term 1 for -1: [fe02ea69-9380-4bcd-bf4a-8927edb33a1c:192.168.5.191:36534], old=null
2019-10-08 05:32:07,893 [fe02ea69-9380-4bcd-bf4a-8927edb33a1c@group-3F7D487ADCA9-LeaderElection56] INFO  impl.RoleInfo (RoleInfo.java:shutdownLeaderElection(134)) - fe02ea69-9380-4bcd-bf4a-8927edb33a1c: shutdown LeaderElection
2019-10-08 05:32:07,893 [fe02ea69-9380-4bcd-bf4a-8927edb33a1c@group-3F7D487ADCA9-LeaderElection56] INFO  impl.RaftServerImpl (RaftServerImpl.java:setRole(170)) - fe02ea69-9380-4bcd-bf4a-8927edb33a1c@group-3F7D487ADCA9: changes role from CANDIDATE to LEADER at term 1 for changeToLeader
2019-10-08 05:32:07,894 [fe02ea69-9380-4bcd-bf4a-8927edb33a1c@group-3F7D487ADCA9-LeaderElection56] INFO  impl.RaftServerImpl (ServerState.java:setLeader(255)) - fe02ea69-9380-4bcd-bf4a-8927edb33a1c@group-3F7D487ADCA9: change Leader from null to fe02ea69-9380-4bcd-bf4a-8927edb33a1c at term 1 for becomeLeader, leader elected after 5036ms
2019-10-08 05:32:07,894 [fe02ea69-9380-4bcd-bf4a-8927edb33a1c@group-3F7D487ADCA9-LeaderElection56] INFO  server.RaftServerConfigKeys (ConfUtils.java:logGet(43)) - raft.server.staging.catchup.gap = 1000 (default)
2019-10-08 05:32:07,894 [fe02ea69-9380-4bcd-bf4a-8927edb33a1c@group-3F7D487ADCA9-LeaderElection56] INFO  server.RaftServerConfigKeys (ConfUtils.java:logGet(43)) - raft.server.rpc.sleep.time = 25ms (default)
2019-10-08 05:32:07,895 [fe02ea69-9380-4bcd-bf4a-8927edb33a1c@group-3F7D487ADCA9-LeaderElection56] INFO  server.RaftServerConfigKeys (ConfUtils.java:logGet(43)) - raft.server.write.element-limit = 4096 (default)
2019-10-08 05:32:07,895 [fe02ea69-9380-4bcd-bf4a-8927edb33a1c@group-3F7D487ADCA9-LeaderElection56] INFO  server.RaftServerConfigKeys (ConfUtils.java:logGet(43)) - raft.server.watch.timeout = 10s (default)
2019-10-08 05:32:07,895 [fe02ea69-9380-4bcd-bf4a-8927edb33a1c@group-3F7D487ADCA9-LeaderElection56] INFO  server.RaftServerConfigKeys (ConfUtils.java:logGet(43)) - raft.server.watch.timeout.denomination = 1s (default)
2019-10-08 05:32:07,895 [fe02ea69-9380-4bcd-bf4a-8927edb33a1c@group-3F7D487ADCA9-LeaderElection56] INFO  server.RaftServerConfigKeys (ConfUtils.java:logGet(43)) - raft.server.watch.element-limit = 65536 (default)
2019-10-08 05:32:07,898 [fe02ea69-9380-4bcd-bf4a-8927edb33a1c@group-3F7D487ADCA9-LeaderElection56] INFO  impl.RoleInfo (RoleInfo.java:updateAndGet(143)) - fe02ea69-9380-4bcd-bf4a-8927edb33a1c: start LeaderState
2019-10-08 05:32:07,899 [fe02ea69-9380-4bcd-bf4a-8927edb33a1c@group-3F7D487ADCA9-LeaderElection56] INFO  segmented.SegmentedRaftLogWorker (SegmentedRaftLogWorker.java:startLogSegment(385)) - fe02ea69-9380-4bcd-bf4a-8927edb33a1c@group-3F7D487ADCA9-SegmentedRaftLogWorker: Starting segment from index:0
2019-10-08 05:32:07,900 [fe02ea69-9380-4bcd-bf4a-8927edb33a1c@group-3F7D487ADCA9-LeaderElection56] INFO  impl.RaftServerImpl (ServerState.java:setRaftConf(356)) - fe02ea69-9380-4bcd-bf4a-8927edb33a1c@group-3F7D487ADCA9: set configuration 0: [fe02ea69-9380-4bcd-bf4a-8927edb33a1c:192.168.5.191:36534], old=null at 0
2019-10-08 05:32:07,915 [Thread-1445] INFO  impl.FollowerState (FollowerState.java:run(108)) - 71ff35e1-9876-4cd7-a897-fd9670beabcb@group-33DEDF3C2C57-FollowerState: change to CANDIDATE, lastRpcTime:5140ms, electionTimeout:5140ms
2019-10-08 05:32:07,915 [Thread-1445] INFO  impl.RoleInfo (RoleInfo.java:shutdownFollowerState(121)) - 71ff35e1-9876-4cd7-a897-fd9670beabcb: shutdown FollowerState
2019-10-08 05:32:07,915 [Thread-1445] INFO  impl.RaftServerImpl (RaftServerImpl.java:setRole(170)) - 71ff35e1-9876-4cd7-a897-fd9670beabcb@group-33DEDF3C2C57: changes role from  FOLLOWER to CANDIDATE at term 0 for changeToCandidate
2019-10-08 05:32:07,915 [Thread-1445] INFO  impl.RoleInfo (RoleInfo.java:updateAndGet(143)) - 71ff35e1-9876-4cd7-a897-fd9670beabcb: start LeaderElection
2019-10-08 05:32:07,949 [fe02ea69-9380-4bcd-bf4a-8927edb33a1c@group-3F7D487ADCA9-SegmentedRaftLogWorker] INFO  segmented.SegmentedRaftLogWorker (SegmentedRaftLogWorker.java:execute(574)) - fe02ea69-9380-4bcd-bf4a-8927edb33a1c@group-3F7D487ADCA9-SegmentedRaftLogWorker: created new log segment /workdir/hadoop-ozone/integration-test/target/test-dir/MiniOzoneClusterImpl-869efc9b-3216-425f-b64d-d5131aedb6a0/datanode-1/data/ratis/7709cfc8-804e-414b-ab83-3f7d487adca9/current/log_inprogress_0
2019-10-08 05:32:07,949 [71ff35e1-9876-4cd7-a897-fd9670beabcb@group-33DEDF3C2C57-LeaderElection57] INFO  impl.LeaderElection (LeaderElection.java:askForVotes(178)) - 71ff35e1-9876-4cd7-a897-fd9670beabcb@group-33DEDF3C2C57-LeaderElection57: begin an election at term 1 for -1: [71ff35e1-9876-4cd7-a897-fd9670beabcb:192.168.5.191:45429], old=null
2019-10-08 05:32:07,950 [71ff35e1-9876-4cd7-a897-fd9670beabcb@group-33DEDF3C2C57-LeaderElection57] INFO  impl.RoleInfo (RoleInfo.java:shutdownLeaderElection(134)) - 71ff35e1-9876-4cd7-a897-fd9670beabcb: shutdown LeaderElection
2019-10-08 05:32:07,950 [71ff35e1-9876-4cd7-a897-fd9670beabcb@group-33DEDF3C2C57-LeaderElection57] INFO  impl.RaftServerImpl (RaftServerImpl.java:setRole(170)) - 71ff35e1-9876-4cd7-a897-fd9670beabcb@group-33DEDF3C2C57: changes role from CANDIDATE to LEADER at term 1 for changeToLeader
2019-10-08 05:32:07,950 [71ff35e1-9876-4cd7-a897-fd9670beabcb@group-33DEDF3C2C57-LeaderElection57] INFO  impl.RaftServerImpl (ServerState.java:setLeader(255)) - 71ff35e1-9876-4cd7-a897-fd9670beabcb@group-33DEDF3C2C57: change Leader from null to 71ff35e1-9876-4cd7-a897-fd9670beabcb at term 1 for becomeLeader, leader elected after 5183ms
2019-10-08 05:32:07,950 [71ff35e1-9876-4cd7-a897-fd9670beabcb@group-33DEDF3C2C57-LeaderElection57] INFO  server.RaftServerConfigKeys (ConfUtils.java:logGet(43)) - raft.server.staging.catchup.gap = 1000 (default)
2019-10-08 05:32:07,950 [71ff35e1-9876-4cd7-a897-fd9670beabcb@group-33DEDF3C2C57-LeaderElection57] INFO  server.RaftServerConfigKeys (ConfUtils.java:logGet(43)) - raft.server.rpc.sleep.time = 25ms (default)
2019-10-08 05:32:07,950 [71ff35e1-9876-4cd7-a897-fd9670beabcb@group-33DEDF3C2C57-LeaderElection57] INFO  server.RaftServerConfigKeys (ConfUtils.java:logGet(43)) - raft.server.write.element-limit = 4096 (default)
2019-10-08 05:32:07,951 [71ff35e1-9876-4cd7-a897-fd9670beabcb@group-33DEDF3C2C57-LeaderElection57] INFO  server.RaftServerConfigKeys (ConfUtils.java:logGet(43)) - raft.server.watch.timeout = 10s (default)
2019-10-08 05:32:07,951 [71ff35e1-9876-4cd7-a897-fd9670beabcb@group-33DEDF3C2C57-LeaderElection57] INFO  server.RaftServerConfigKeys (ConfUtils.java:logGet(43)) - raft.server.watch.timeout.denomination = 1s (default)
2019-10-08 05:32:07,951 [71ff35e1-9876-4cd7-a897-fd9670beabcb@group-33DEDF3C2C57-LeaderElection57] INFO  server.RaftServerConfigKeys (ConfUtils.java:logGet(43)) - raft.server.watch.element-limit = 65536 (default)
2019-10-08 05:32:07,953 [71ff35e1-9876-4cd7-a897-fd9670beabcb@group-33DEDF3C2C57-LeaderElection57] INFO  impl.RoleInfo (RoleInfo.java:updateAndGet(143)) - 71ff35e1-9876-4cd7-a897-fd9670beabcb: start LeaderState
2019-10-08 05:32:07,953 [71ff35e1-9876-4cd7-a897-fd9670beabcb@group-33DEDF3C2C57-LeaderElection57] INFO  segmented.SegmentedRaftLogWorker (SegmentedRaftLogWorker.java:startLogSegment(385)) - 71ff35e1-9876-4cd7-a897-fd9670beabcb@group-33DEDF3C2C57-SegmentedRaftLogWorker: Starting segment from index:0
2019-10-08 05:32:07,954 [71ff35e1-9876-4cd7-a897-fd9670beabcb@group-33DEDF3C2C57-LeaderElection57] INFO  impl.RaftServerImpl (ServerState.java:setRaftConf(356)) - 71ff35e1-9876-4cd7-a897-fd9670beabcb@group-33DEDF3C2C57: set configuration 0: [71ff35e1-9876-4cd7-a897-fd9670beabcb:192.168.5.191:45429], old=null at 0
2019-10-08 05:32:07,957 [Thread-1453] INFO  impl.FollowerState (FollowerState.java:run(108)) - 71ff35e1-9876-4cd7-a897-fd9670beabcb@group-E43142290435-FollowerState: change to CANDIDATE, lastRpcTime:5016ms, electionTimeout:5016ms
2019-10-08 05:32:07,957 [Thread-1453] INFO  impl.RoleInfo (RoleInfo.java:shutdownFollowerState(121)) - 71ff35e1-9876-4cd7-a897-fd9670beabcb: shutdown FollowerState
2019-10-08 05:32:07,958 [Thread-1453] INFO  impl.RaftServerImpl (RaftServerImpl.java:setRole(170)) - 71ff35e1-9876-4cd7-a897-fd9670beabcb@group-E43142290435: changes role from  FOLLOWER to CANDIDATE at term 0 for changeToCandidate
2019-10-08 05:32:07,958 [Thread-1453] INFO  impl.RoleInfo (RoleInfo.java:updateAndGet(143)) - 71ff35e1-9876-4cd7-a897-fd9670beabcb: start LeaderElection
2019-10-08 05:32:07,989 [Thread-1455] INFO  impl.FollowerState (FollowerState.java:run(108)) - e4440853-ceb5-4c08-9120-56806a317b5f@group-E43142290435-FollowerState: change to CANDIDATE, lastRpcTime:5046ms, electionTimeout:5026ms
2019-10-08 05:32:07,989 [Thread-1454] INFO  impl.FollowerState (FollowerState.java:run(108)) - fe02ea69-9380-4bcd-bf4a-8927edb33a1c@group-E43142290435-FollowerState: change to CANDIDATE, lastRpcTime:5047ms, electionTimeout:5019ms
2019-10-08 05:32:07,989 [Thread-1455] INFO  impl.RoleInfo (RoleInfo.java:shutdownFollowerState(121)) - e4440853-ceb5-4c08-9120-56806a317b5f: shutdown FollowerState
2019-10-08 05:32:07,989 [Thread-1454] INFO  impl.RoleInfo (RoleInfo.java:shutdownFollowerState(121)) - fe02ea69-9380-4bcd-bf4a-8927edb33a1c: shutdown FollowerState
2019-10-08 05:32:07,989 [Thread-1455] INFO  impl.RaftServerImpl (RaftServerImpl.java:setRole(170)) - e4440853-ceb5-4c08-9120-56806a317b5f@group-E43142290435: changes role from  FOLLOWER to CANDIDATE at term 0 for changeToCandidate
2019-10-08 05:32:07,989 [Thread-1454] INFO  impl.RaftServerImpl (RaftServerImpl.java:setRole(170)) - fe02ea69-9380-4bcd-bf4a-8927edb33a1c@group-E43142290435: changes role from  FOLLOWER to CANDIDATE at term 0 for changeToCandidate
2019-10-08 05:32:07,989 [Thread-1455] INFO  impl.RoleInfo (RoleInfo.java:updateAndGet(143)) - e4440853-ceb5-4c08-9120-56806a317b5f: start LeaderElection
2019-10-08 05:32:07,989 [Thread-1454] INFO  impl.RoleInfo (RoleInfo.java:updateAndGet(143)) - fe02ea69-9380-4bcd-bf4a-8927edb33a1c: start LeaderElection
2019-10-08 05:32:08,001 [71ff35e1-9876-4cd7-a897-fd9670beabcb@group-33DEDF3C2C57-SegmentedRaftLogWorker] INFO  segmented.SegmentedRaftLogWorker (SegmentedRaftLogWorker.java:execute(574)) - 71ff35e1-9876-4cd7-a897-fd9670beabcb@group-33DEDF3C2C57-SegmentedRaftLogWorker: created new log segment /workdir/hadoop-ozone/integration-test/target/test-dir/MiniOzoneClusterImpl-869efc9b-3216-425f-b64d-d5131aedb6a0/datanode-0/data/ratis/fe450112-0c68-4f5f-8163-33dedf3c2c57/current/log_inprogress_0
2019-10-08 05:32:08,002 [71ff35e1-9876-4cd7-a897-fd9670beabcb@group-E43142290435-LeaderElection58] INFO  impl.LeaderElection (LeaderElection.java:askForVotes(178)) - 71ff35e1-9876-4cd7-a897-fd9670beabcb@group-E43142290435-LeaderElection58: begin an election at term 1 for -1: [71ff35e1-9876-4cd7-a897-fd9670beabcb:192.168.5.191:45429, fe02ea69-9380-4bcd-bf4a-8927edb33a1c:192.168.5.191:36534, e4440853-ceb5-4c08-9120-56806a317b5f:192.168.5.191:41472], old=null
2019-10-08 05:32:08,002 [e4440853-ceb5-4c08-9120-56806a317b5f@group-E43142290435-LeaderElection59] INFO  impl.LeaderElection (LeaderElection.java:askForVotes(178)) - e4440853-ceb5-4c08-9120-56806a317b5f@group-E43142290435-LeaderElection59: begin an election at term 1 for -1: [71ff35e1-9876-4cd7-a897-fd9670beabcb:192.168.5.191:45429, fe02ea69-9380-4bcd-bf4a-8927edb33a1c:192.168.5.191:36534, e4440853-ceb5-4c08-9120-56806a317b5f:192.168.5.191:41472], old=null
2019-10-08 05:32:08,002 [fe02ea69-9380-4bcd-bf4a-8927edb33a1c@group-E43142290435-LeaderElection60] INFO  impl.LeaderElection (LeaderElection.java:askForVotes(178)) - fe02ea69-9380-4bcd-bf4a-8927edb33a1c@group-E43142290435-LeaderElection60: begin an election at term 1 for -1: [71ff35e1-9876-4cd7-a897-fd9670beabcb:192.168.5.191:45429, fe02ea69-9380-4bcd-bf4a-8927edb33a1c:192.168.5.191:36534, e4440853-ceb5-4c08-9120-56806a317b5f:192.168.5.191:41472], old=null
2019-10-08 05:32:08,033 [Thread-1460] INFO  impl.FollowerState (FollowerState.java:run(108)) - e4440853-ceb5-4c08-9120-56806a317b5f@group-633478453DD6-FollowerState: change to CANDIDATE, lastRpcTime:5024ms, electionTimeout:5015ms
2019-10-08 05:32:08,034 [Thread-1460] INFO  impl.RoleInfo (RoleInfo.java:shutdownFollowerState(121)) - e4440853-ceb5-4c08-9120-56806a317b5f: shutdown FollowerState
2019-10-08 05:32:08,039 [Thread-1460] INFO  impl.RaftServerImpl (RaftServerImpl.java:setRole(170)) - e4440853-ceb5-4c08-9120-56806a317b5f@group-633478453DD6: changes role from  FOLLOWER to CANDIDATE at term 0 for changeToCandidate
2019-10-08 05:32:08,039 [Thread-1460] INFO  impl.RoleInfo (RoleInfo.java:updateAndGet(143)) - e4440853-ceb5-4c08-9120-56806a317b5f: start LeaderElection
2019-10-08 05:32:08,045 [71ff35e1-9876-4cd7-a897-fd9670beabcb@group-E43142290435-LeaderElection58] INFO  impl.LeaderElection (LeaderElection.java:logAndReturn(56)) - 71ff35e1-9876-4cd7-a897-fd9670beabcb@group-E43142290435-LeaderElection58: Election REJECTED; received 2 response(s) [71ff35e1-9876-4cd7-a897-fd9670beabcb<-fe02ea69-9380-4bcd-bf4a-8927edb33a1c#0:FAIL-t1, 71ff35e1-9876-4cd7-a897-fd9670beabcb<-e4440853-ceb5-4c08-9120-56806a317b5f#0:FAIL-t1] and 0 exception(s); 71ff35e1-9876-4cd7-a897-fd9670beabcb@group-E43142290435:t1, leader=null, voted=71ff35e1-9876-4cd7-a897-fd9670beabcb, raftlog=71ff35e1-9876-4cd7-a897-fd9670beabcb@group-E43142290435-SegmentedRaftLog:OPENED:c-1,f-1,i0, conf=-1: [71ff35e1-9876-4cd7-a897-fd9670beabcb:192.168.5.191:45429, fe02ea69-9380-4bcd-bf4a-8927edb33a1c:192.168.5.191:36534, e4440853-ceb5-4c08-9120-56806a317b5f:192.168.5.191:41472], old=null
2019-10-08 05:32:08,045 [71ff35e1-9876-4cd7-a897-fd9670beabcb@group-E43142290435-LeaderElection58] INFO  impl.RaftServerImpl (RaftServerImpl.java:setRole(170)) - 71ff35e1-9876-4cd7-a897-fd9670beabcb@group-E43142290435: changes role from CANDIDATE to FOLLOWER at term 1 for DISCOVERED_A_NEW_TERM
2019-10-08 05:32:08,045 [71ff35e1-9876-4cd7-a897-fd9670beabcb@group-E43142290435-LeaderElection58] INFO  impl.RoleInfo (RoleInfo.java:shutdownLeaderElection(134)) - 71ff35e1-9876-4cd7-a897-fd9670beabcb: shutdown LeaderElection
2019-10-08 05:32:08,045 [e4440853-ceb5-4c08-9120-56806a317b5f@group-E43142290435-LeaderElection59] INFO  impl.LeaderElection (LeaderElection.java:logAndReturn(56)) - e4440853-ceb5-4c08-9120-56806a317b5f@group-E43142290435-LeaderElection59: Election REJECTED; received 2 response(s) [e4440853-ceb5-4c08-9120-56806a317b5f<-71ff35e1-9876-4cd7-a897-fd9670beabcb#0:FAIL-t1, e4440853-ceb5-4c08-9120-56806a317b5f<-fe02ea69-9380-4bcd-bf4a-8927edb33a1c#0:FAIL-t1] and 0 exception(s); e4440853-ceb5-4c08-9120-56806a317b5f@group-E43142290435:t1, leader=null, voted=e4440853-ceb5-4c08-9120-56806a317b5f, raftlog=e4440853-ceb5-4c08-9120-56806a317b5f@group-E43142290435-SegmentedRaftLog:OPENED:c-1,f-1,i0, conf=-1: [71ff35e1-9876-4cd7-a897-fd9670beabcb:192.168.5.191:45429, fe02ea69-9380-4bcd-bf4a-8927edb33a1c:192.168.5.191:36534, e4440853-ceb5-4c08-9120-56806a317b5f:192.168.5.191:41472], old=null
2019-10-08 05:32:08,045 [71ff35e1-9876-4cd7-a897-fd9670beabcb@group-E43142290435-LeaderElection58] INFO  impl.RoleInfo (RoleInfo.java:updateAndGet(143)) - 71ff35e1-9876-4cd7-a897-fd9670beabcb: start FollowerState
2019-10-08 05:32:08,045 [e4440853-ceb5-4c08-9120-56806a317b5f@group-E43142290435-LeaderElection59] INFO  impl.RaftServerImpl (RaftServerImpl.java:setRole(170)) - e4440853-ceb5-4c08-9120-56806a317b5f@group-E43142290435: changes role from CANDIDATE to FOLLOWER at term 1 for DISCOVERED_A_NEW_TERM
2019-10-08 05:32:08,045 [fe02ea69-9380-4bcd-bf4a-8927edb33a1c@group-E43142290435-LeaderElection60] INFO  impl.LeaderElection (LeaderElection.java:logAndReturn(56)) - fe02ea69-9380-4bcd-bf4a-8927edb33a1c@group-E43142290435-LeaderElection60: Election REJECTED; received 2 response(s) [fe02ea69-9380-4bcd-bf4a-8927edb33a1c<-71ff35e1-9876-4cd7-a897-fd9670beabcb#0:FAIL-t1, fe02ea69-9380-4bcd-bf4a-8927edb33a1c<-e4440853-ceb5-4c08-9120-56806a317b5f#0:FAIL-t1] and 0 exception(s); fe02ea69-9380-4bcd-bf4a-8927edb33a1c@group-E43142290435:t1, leader=null, voted=fe02ea69-9380-4bcd-bf4a-8927edb33a1c, raftlog=fe02ea69-9380-4bcd-bf4a-8927edb33a1c@group-E43142290435-SegmentedRaftLog:OPENED:c-1,f-1,i0, conf=-1: [71ff35e1-9876-4cd7-a897-fd9670beabcb:192.168.5.191:45429, fe02ea69-9380-4bcd-bf4a-8927edb33a1c:192.168.5.191:36534, e4440853-ceb5-4c08-9120-56806a317b5f:192.168.5.191:41472], old=null
2019-10-08 05:32:08,045 [e4440853-ceb5-4c08-9120-56806a317b5f@group-E43142290435-LeaderElection59] INFO  impl.RoleInfo (RoleInfo.java:shutdownLeaderElection(134)) - e4440853-ceb5-4c08-9120-56806a317b5f: shutdown LeaderElection
2019-10-08 05:32:08,046 [fe02ea69-9380-4bcd-bf4a-8927edb33a1c@group-E43142290435-LeaderElection60] INFO  impl.RaftServerImpl (RaftServerImpl.java:setRole(170)) - fe02ea69-9380-4bcd-bf4a-8927edb33a1c@group-E43142290435: changes role from CANDIDATE to FOLLOWER at term 1 for DISCOVERED_A_NEW_TERM
2019-10-08 05:32:08,046 [e4440853-ceb5-4c08-9120-56806a317b5f@group-E43142290435-LeaderElection59] INFO  impl.RoleInfo (RoleInfo.java:updateAndGet(143)) - e4440853-ceb5-4c08-9120-56806a317b5f: start FollowerState
2019-10-08 05:32:08,046 [fe02ea69-9380-4bcd-bf4a-8927edb33a1c@group-E43142290435-LeaderElection60] INFO  impl.RoleInfo (RoleInfo.java:shutdownLeaderElection(134)) - fe02ea69-9380-4bcd-bf4a-8927edb33a1c: shutdown LeaderElection
2019-10-08 05:32:08,046 [fe02ea69-9380-4bcd-bf4a-8927edb33a1c@group-E43142290435-LeaderElection60] INFO  impl.RoleInfo (RoleInfo.java:updateAndGet(143)) - fe02ea69-9380-4bcd-bf4a-8927edb33a1c: start FollowerState
2019-10-08 05:32:08,047 [e4440853-ceb5-4c08-9120-56806a317b5f@group-633478453DD6-LeaderElection61] INFO  impl.LeaderElection (LeaderElection.java:askForVotes(178)) - e4440853-ceb5-4c08-9120-56806a317b5f@group-633478453DD6-LeaderElection61: begin an election at term 1 for -1: [e4440853-ceb5-4c08-9120-56806a317b5f:192.168.5.191:41472], old=null
2019-10-08 05:32:08,048 [e4440853-ceb5-4c08-9120-56806a317b5f@group-633478453DD6-LeaderElection61] INFO  impl.RoleInfo (RoleInfo.java:shutdownLeaderElection(134)) - e4440853-ceb5-4c08-9120-56806a317b5f: shutdown LeaderElection
2019-10-08 05:32:08,048 [e4440853-ceb5-4c08-9120-56806a317b5f@group-633478453DD6-LeaderElection61] INFO  impl.RaftServerImpl (RaftServerImpl.java:setRole(170)) - e4440853-ceb5-4c08-9120-56806a317b5f@group-633478453DD6: changes role from CANDIDATE to LEADER at term 1 for changeToLeader
2019-10-08 05:32:08,048 [e4440853-ceb5-4c08-9120-56806a317b5f@group-633478453DD6-LeaderElection61] INFO  impl.RaftServerImpl (ServerState.java:setLeader(255)) - e4440853-ceb5-4c08-9120-56806a317b5f@group-633478453DD6: change Leader from null to e4440853-ceb5-4c08-9120-56806a317b5f at term 1 for becomeLeader, leader elected after 5043ms
2019-10-08 05:32:08,048 [e4440853-ceb5-4c08-9120-56806a317b5f@group-633478453DD6-LeaderElection61] INFO  server.RaftServerConfigKeys (ConfUtils.java:logGet(43)) - raft.server.staging.catchup.gap = 1000 (default)
2019-10-08 05:32:08,048 [e4440853-ceb5-4c08-9120-56806a317b5f@group-633478453DD6-LeaderElection61] INFO  server.RaftServerConfigKeys (ConfUtils.java:logGet(43)) - raft.server.rpc.sleep.time = 25ms (default)
2019-10-08 05:32:08,048 [e4440853-ceb5-4c08-9120-56806a317b5f@group-633478453DD6-LeaderElection61] INFO  server.RaftServerConfigKeys (ConfUtils.java:logGet(43)) - raft.server.write.element-limit = 4096 (default)
2019-10-08 05:32:08,049 [e4440853-ceb5-4c08-9120-56806a317b5f@group-633478453DD6-LeaderElection61] INFO  server.RaftServerConfigKeys (ConfUtils.java:logGet(43)) - raft.server.watch.timeout = 10s (default)
2019-10-08 05:32:08,049 [e4440853-ceb5-4c08-9120-56806a317b5f@group-633478453DD6-LeaderElection61] INFO  server.RaftServerConfigKeys (ConfUtils.java:logGet(43)) - raft.server.watch.timeout.denomination = 1s (default)
2019-10-08 05:32:08,049 [e4440853-ceb5-4c08-9120-56806a317b5f@group-633478453DD6-LeaderElection61] INFO  server.RaftServerConfigKeys (ConfUtils.java:logGet(43)) - raft.server.watch.element-limit = 65536 (default)
2019-10-08 05:32:08,052 [e4440853-ceb5-4c08-9120-56806a317b5f@group-633478453DD6-LeaderElection61] INFO  impl.RoleInfo (RoleInfo.java:updateAndGet(143)) - e4440853-ceb5-4c08-9120-56806a317b5f: start LeaderState
2019-10-08 05:32:08,052 [e4440853-ceb5-4c08-9120-56806a317b5f@group-633478453DD6-LeaderElection61] INFO  segmented.SegmentedRaftLogWorker (SegmentedRaftLogWorker.java:startLogSegment(385)) - e4440853-ceb5-4c08-9120-56806a317b5f@group-633478453DD6-SegmentedRaftLogWorker: Starting segment from index:0
2019-10-08 05:32:08,053 [e4440853-ceb5-4c08-9120-56806a317b5f@group-633478453DD6-LeaderElection61] INFO  impl.RaftServerImpl (ServerState.java:setRaftConf(356)) - e4440853-ceb5-4c08-9120-56806a317b5f@group-633478453DD6: set configuration 0: [e4440853-ceb5-4c08-9120-56806a317b5f:192.168.5.191:41472], old=null at 0
2019-10-08 05:32:08,090 [e4440853-ceb5-4c08-9120-56806a317b5f@group-633478453DD6-SegmentedRaftLogWorker] INFO  segmented.SegmentedRaftLogWorker (SegmentedRaftLogWorker.java:execute(574)) - e4440853-ceb5-4c08-9120-56806a317b5f@group-633478453DD6-SegmentedRaftLogWorker: created new log segment /workdir/hadoop-ozone/integration-test/target/test-dir/MiniOzoneClusterImpl-869efc9b-3216-425f-b64d-d5131aedb6a0/datanode-2/data/ratis/c882a089-5cb7-4305-802a-633478453dd6/current/log_inprogress_0
2019-10-08 05:32:08,214 [Thread-1463] INFO  impl.FollowerState (FollowerState.java:run(108)) - 4c52ff3c-1013-4ea6-85f7-24e3e150ebaf@group-C8DF785619B5-FollowerState: change to CANDIDATE, lastRpcTime:5152ms, electionTimeout:5152ms
2019-10-08 05:32:08,214 [Thread-1463] INFO  impl.RoleInfo (RoleInfo.java:shutdownFollowerState(121)) - 4c52ff3c-1013-4ea6-85f7-24e3e150ebaf: shutdown FollowerState
2019-10-08 05:32:08,214 [Thread-1463] INFO  impl.RaftServerImpl (RaftServerImpl.java:setRole(170)) - 4c52ff3c-1013-4ea6-85f7-24e3e150ebaf@group-C8DF785619B5: changes role from  FOLLOWER to CANDIDATE at term 0 for changeToCandidate
2019-10-08 05:32:08,214 [Thread-1463] INFO  impl.RoleInfo (RoleInfo.java:updateAndGet(143)) - 4c52ff3c-1013-4ea6-85f7-24e3e150ebaf: start LeaderElection
2019-10-08 05:32:08,226 [4c52ff3c-1013-4ea6-85f7-24e3e150ebaf@group-C8DF785619B5-LeaderElection62] INFO  impl.LeaderElection (LeaderElection.java:askForVotes(178)) - 4c52ff3c-1013-4ea6-85f7-24e3e150ebaf@group-C8DF785619B5-LeaderElection62: begin an election at term 1 for -1: [4c52ff3c-1013-4ea6-85f7-24e3e150ebaf:192.168.5.191:35999], old=null
2019-10-08 05:32:08,226 [4c52ff3c-1013-4ea6-85f7-24e3e150ebaf@group-C8DF785619B5-LeaderElection62] INFO  impl.RoleInfo (RoleInfo.java:shutdownLeaderElection(134)) - 4c52ff3c-1013-4ea6-85f7-24e3e150ebaf: shutdown LeaderElection
2019-10-08 05:32:08,226 [4c52ff3c-1013-4ea6-85f7-24e3e150ebaf@group-C8DF785619B5-LeaderElection62] INFO  impl.RaftServerImpl (RaftServerImpl.java:setRole(170)) - 4c52ff3c-1013-4ea6-85f7-24e3e150ebaf@group-C8DF785619B5: changes role from CANDIDATE to LEADER at term 1 for changeToLeader
2019-10-08 05:32:08,226 [4c52ff3c-1013-4ea6-85f7-24e3e150ebaf@group-C8DF785619B5-LeaderElection62] INFO  impl.RaftServerImpl (ServerState.java:setLeader(255)) - 4c52ff3c-1013-4ea6-85f7-24e3e150ebaf@group-C8DF785619B5: change Leader from null to 4c52ff3c-1013-4ea6-85f7-24e3e150ebaf at term 1 for becomeLeader, leader elected after 5174ms
2019-10-08 05:32:08,226 [4c52ff3c-1013-4ea6-85f7-24e3e150ebaf@group-C8DF785619B5-LeaderElection62] INFO  server.RaftServerConfigKeys (ConfUtils.java:logGet(43)) - raft.server.staging.catchup.gap = 1000 (default)
2019-10-08 05:32:08,226 [4c52ff3c-1013-4ea6-85f7-24e3e150ebaf@group-C8DF785619B5-LeaderElection62] INFO  server.RaftServerConfigKeys (ConfUtils.java:logGet(43)) - raft.server.rpc.sleep.time = 25ms (default)
2019-10-08 05:32:08,227 [4c52ff3c-1013-4ea6-85f7-24e3e150ebaf@group-C8DF785619B5-LeaderElection62] INFO  server.RaftServerConfigKeys (ConfUtils.java:logGet(43)) - raft.server.write.element-limit = 4096 (default)
2019-10-08 05:32:08,227 [4c52ff3c-1013-4ea6-85f7-24e3e150ebaf@group-C8DF785619B5-LeaderElection62] INFO  server.RaftServerConfigKeys (ConfUtils.java:logGet(43)) - raft.server.watch.timeout = 10s (default)
2019-10-08 05:32:08,227 [4c52ff3c-1013-4ea6-85f7-24e3e150ebaf@group-C8DF785619B5-LeaderElection62] INFO  server.RaftServerConfigKeys (ConfUtils.java:logGet(43)) - raft.server.watch.timeout.denomination = 1s (default)
2019-10-08 05:32:08,227 [4c52ff3c-1013-4ea6-85f7-24e3e150ebaf@group-C8DF785619B5-LeaderElection62] INFO  server.RaftServerConfigKeys (ConfUtils.java:logGet(43)) - raft.server.watch.element-limit = 65536 (default)
2019-10-08 05:32:08,229 [4c52ff3c-1013-4ea6-85f7-24e3e150ebaf@group-C8DF785619B5-LeaderElection62] INFO  impl.RoleInfo (RoleInfo.java:updateAndGet(143)) - 4c52ff3c-1013-4ea6-85f7-24e3e150ebaf: start LeaderState
2019-10-08 05:32:08,230 [4c52ff3c-1013-4ea6-85f7-24e3e150ebaf@group-C8DF785619B5-LeaderElection62] INFO  segmented.SegmentedRaftLogWorker (SegmentedRaftLogWorker.java:startLogSegment(385)) - 4c52ff3c-1013-4ea6-85f7-24e3e150ebaf@group-C8DF785619B5-SegmentedRaftLogWorker: Starting segment from index:0
2019-10-08 05:32:08,230 [4c52ff3c-1013-4ea6-85f7-24e3e150ebaf@group-C8DF785619B5-LeaderElection62] INFO  impl.RaftServerImpl (ServerState.java:setRaftConf(356)) - 4c52ff3c-1013-4ea6-85f7-24e3e150ebaf@group-C8DF785619B5: set configuration 0: [4c52ff3c-1013-4ea6-85f7-24e3e150ebaf:192.168.5.191:35999], old=null at 0
2019-10-08 05:32:08,275 [4c52ff3c-1013-4ea6-85f7-24e3e150ebaf@group-C8DF785619B5-SegmentedRaftLogWorker] INFO  segmented.SegmentedRaftLogWorker (SegmentedRaftLogWorker.java:execute(574)) - 4c52ff3c-1013-4ea6-85f7-24e3e150ebaf@group-C8DF785619B5-SegmentedRaftLogWorker: created new log segment /workdir/hadoop-ozone/integration-test/target/test-dir/MiniOzoneClusterImpl-869efc9b-3216-425f-b64d-d5131aedb6a0/datanode-4/data/ratis/0d0be1a0-0adc-494d-a296-c8df785619b5/current/log_inprogress_0
2019-10-08 05:32:08,332 [Thread-1466] INFO  impl.FollowerState (FollowerState.java:run(108)) - 63513ac5-a3a7-408e-82f2-57f7c68ec9a1@group-4A79525D84D5-FollowerState: change to CANDIDATE, lastRpcTime:5200ms, electionTimeout:5200ms
2019-10-08 05:32:08,332 [Thread-1466] INFO  impl.RoleInfo (RoleInfo.java:shutdownFollowerState(121)) - 63513ac5-a3a7-408e-82f2-57f7c68ec9a1: shutdown FollowerState
2019-10-08 05:32:08,333 [Thread-1466] INFO  impl.RaftServerImpl (RaftServerImpl.java:setRole(170)) - 63513ac5-a3a7-408e-82f2-57f7c68ec9a1@group-4A79525D84D5: changes role from  FOLLOWER to CANDIDATE at term 0 for changeToCandidate
2019-10-08 05:32:08,333 [Thread-1466] INFO  impl.RoleInfo (RoleInfo.java:updateAndGet(143)) - 63513ac5-a3a7-408e-82f2-57f7c68ec9a1: start LeaderElection
2019-10-08 05:32:08,351 [63513ac5-a3a7-408e-82f2-57f7c68ec9a1@group-4A79525D84D5-LeaderElection63] INFO  impl.LeaderElection (LeaderElection.java:askForVotes(178)) - 63513ac5-a3a7-408e-82f2-57f7c68ec9a1@group-4A79525D84D5-LeaderElection63: begin an election at term 1 for -1: [63513ac5-a3a7-408e-82f2-57f7c68ec9a1:192.168.5.191:37528], old=null
2019-10-08 05:32:08,351 [63513ac5-a3a7-408e-82f2-57f7c68ec9a1@group-4A79525D84D5-LeaderElection63] INFO  impl.RoleInfo (RoleInfo.java:shutdownLeaderElection(134)) - 63513ac5-a3a7-408e-82f2-57f7c68ec9a1: shutdown LeaderElection
2019-10-08 05:32:08,352 [63513ac5-a3a7-408e-82f2-57f7c68ec9a1@group-4A79525D84D5-LeaderElection63] INFO  impl.RaftServerImpl (RaftServerImpl.java:setRole(170)) - 63513ac5-a3a7-408e-82f2-57f7c68ec9a1@group-4A79525D84D5: changes role from CANDIDATE to LEADER at term 1 for changeToLeader
2019-10-08 05:32:08,352 [63513ac5-a3a7-408e-82f2-57f7c68ec9a1@group-4A79525D84D5-LeaderElection63] INFO  impl.RaftServerImpl (ServerState.java:setLeader(255)) - 63513ac5-a3a7-408e-82f2-57f7c68ec9a1@group-4A79525D84D5: change Leader from null to 63513ac5-a3a7-408e-82f2-57f7c68ec9a1 at term 1 for becomeLeader, leader elected after 5227ms
2019-10-08 05:32:08,352 [63513ac5-a3a7-408e-82f2-57f7c68ec9a1@group-4A79525D84D5-LeaderElection63] INFO  server.RaftServerConfigKeys (ConfUtils.java:logGet(43)) - raft.server.staging.catchup.gap = 1000 (default)
2019-10-08 05:32:08,352 [63513ac5-a3a7-408e-82f2-57f7c68ec9a1@group-4A79525D84D5-LeaderElection63] INFO  server.RaftServerConfigKeys (ConfUtils.java:logGet(43)) - raft.server.rpc.sleep.time = 25ms (default)
2019-10-08 05:32:08,352 [63513ac5-a3a7-408e-82f2-57f7c68ec9a1@group-4A79525D84D5-LeaderElection63] INFO  server.RaftServerConfigKeys (ConfUtils.java:logGet(43)) - raft.server.write.element-limit = 4096 (default)
2019-10-08 05:32:08,352 [63513ac5-a3a7-408e-82f2-57f7c68ec9a1@group-4A79525D84D5-LeaderElection63] INFO  server.RaftServerConfigKeys (ConfUtils.java:logGet(43)) - raft.server.watch.timeout = 10s (default)
2019-10-08 05:32:08,352 [63513ac5-a3a7-408e-82f2-57f7c68ec9a1@group-4A79525D84D5-LeaderElection63] INFO  server.RaftServerConfigKeys (ConfUtils.java:logGet(43)) - raft.server.watch.timeout.denomination = 1s (default)
2019-10-08 05:32:08,353 [63513ac5-a3a7-408e-82f2-57f7c68ec9a1@group-4A79525D84D5-LeaderElection63] INFO  server.RaftServerConfigKeys (ConfUtils.java:logGet(43)) - raft.server.watch.element-limit = 65536 (default)
2019-10-08 05:32:08,354 [63513ac5-a3a7-408e-82f2-57f7c68ec9a1@group-4A79525D84D5-LeaderElection63] INFO  impl.RoleInfo (RoleInfo.java:updateAndGet(143)) - 63513ac5-a3a7-408e-82f2-57f7c68ec9a1: start LeaderState
2019-10-08 05:32:08,355 [63513ac5-a3a7-408e-82f2-57f7c68ec9a1@group-4A79525D84D5-LeaderElection63] INFO  segmented.SegmentedRaftLogWorker (SegmentedRaftLogWorker.java:startLogSegment(385)) - 63513ac5-a3a7-408e-82f2-57f7c68ec9a1@group-4A79525D84D5-SegmentedRaftLogWorker: Starting segment from index:0
2019-10-08 05:32:08,355 [63513ac5-a3a7-408e-82f2-57f7c68ec9a1@group-4A79525D84D5-LeaderElection63] INFO  impl.RaftServerImpl (ServerState.java:setRaftConf(356)) - 63513ac5-a3a7-408e-82f2-57f7c68ec9a1@group-4A79525D84D5: set configuration 0: [63513ac5-a3a7-408e-82f2-57f7c68ec9a1:192.168.5.191:37528], old=null at 0
2019-10-08 05:32:08,401 [63513ac5-a3a7-408e-82f2-57f7c68ec9a1@group-4A79525D84D5-SegmentedRaftLogWorker] INFO  segmented.SegmentedRaftLogWorker (SegmentedRaftLogWorker.java:execute(574)) - 63513ac5-a3a7-408e-82f2-57f7c68ec9a1@group-4A79525D84D5-SegmentedRaftLogWorker: created new log segment /workdir/hadoop-ozone/integration-test/target/test-dir/MiniOzoneClusterImpl-869efc9b-3216-425f-b64d-d5131aedb6a0/datanode-3/data/ratis/8c29ed52-8b1b-4f9b-bc06-4a79525d84d5/current/log_inprogress_0
2019-10-08 05:32:08,413 [Thread-1471] INFO  impl.FollowerState (FollowerState.java:run(108)) - 187628be-de84-4b8f-b5a0-1bccaeb2b30b@group-4032029E009F-FollowerState: change to CANDIDATE, lastRpcTime:5158ms, electionTimeout:5158ms
2019-10-08 05:32:08,413 [Thread-1471] INFO  impl.RoleInfo (RoleInfo.java:shutdownFollowerState(121)) - 187628be-de84-4b8f-b5a0-1bccaeb2b30b: shutdown FollowerState
2019-10-08 05:32:08,414 [Thread-1471] INFO  impl.RaftServerImpl (RaftServerImpl.java:setRole(170)) - 187628be-de84-4b8f-b5a0-1bccaeb2b30b@group-4032029E009F: changes role from  FOLLOWER to CANDIDATE at term 0 for changeToCandidate
2019-10-08 05:32:08,414 [Thread-1471] INFO  impl.RoleInfo (RoleInfo.java:updateAndGet(143)) - 187628be-de84-4b8f-b5a0-1bccaeb2b30b: start LeaderElection
2019-10-08 05:32:08,432 [187628be-de84-4b8f-b5a0-1bccaeb2b30b@group-4032029E009F-LeaderElection64] INFO  impl.LeaderElection (LeaderElection.java:askForVotes(178)) - 187628be-de84-4b8f-b5a0-1bccaeb2b30b@group-4032029E009F-LeaderElection64: begin an election at term 1 for -1: [187628be-de84-4b8f-b5a0-1bccaeb2b30b:192.168.5.191:40570], old=null
2019-10-08 05:32:08,433 [187628be-de84-4b8f-b5a0-1bccaeb2b30b@group-4032029E009F-LeaderElection64] INFO  impl.RoleInfo (RoleInfo.java:shutdownLeaderElection(134)) - 187628be-de84-4b8f-b5a0-1bccaeb2b30b: shutdown LeaderElection
2019-10-08 05:32:08,433 [187628be-de84-4b8f-b5a0-1bccaeb2b30b@group-4032029E009F-LeaderElection64] INFO  impl.RaftServerImpl (RaftServerImpl.java:setRole(170)) - 187628be-de84-4b8f-b5a0-1bccaeb2b30b@group-4032029E009F: changes role from CANDIDATE to LEADER at term 1 for changeToLeader
2019-10-08 05:32:08,433 [187628be-de84-4b8f-b5a0-1bccaeb2b30b@group-4032029E009F-LeaderElection64] INFO  impl.RaftServerImpl (ServerState.java:setLeader(255)) - 187628be-de84-4b8f-b5a0-1bccaeb2b30b@group-4032029E009F: change Leader from null to 187628be-de84-4b8f-b5a0-1bccaeb2b30b at term 1 for becomeLeader, leader elected after 5188ms
2019-10-08 05:32:08,433 [187628be-de84-4b8f-b5a0-1bccaeb2b30b@group-4032029E009F-LeaderElection64] INFO  server.RaftServerConfigKeys (ConfUtils.java:logGet(43)) - raft.server.staging.catchup.gap = 1000 (default)
2019-10-08 05:32:08,433 [187628be-de84-4b8f-b5a0-1bccaeb2b30b@group-4032029E009F-LeaderElection64] INFO  server.RaftServerConfigKeys (ConfUtils.java:logGet(43)) - raft.server.rpc.sleep.time = 25ms (default)
2019-10-08 05:32:08,433 [187628be-de84-4b8f-b5a0-1bccaeb2b30b@group-4032029E009F-LeaderElection64] INFO  server.RaftServerConfigKeys (ConfUtils.java:logGet(43)) - raft.server.write.element-limit = 4096 (default)
2019-10-08 05:32:08,434 [187628be-de84-4b8f-b5a0-1bccaeb2b30b@group-4032029E009F-LeaderElection64] INFO  server.RaftServerConfigKeys (ConfUtils.java:logGet(43)) - raft.server.watch.timeout = 10s (default)
2019-10-08 05:32:08,434 [187628be-de84-4b8f-b5a0-1bccaeb2b30b@group-4032029E009F-LeaderElection64] INFO  server.RaftServerConfigKeys (ConfUtils.java:logGet(43)) - raft.server.watch.timeout.denomination = 1s (default)
2019-10-08 05:32:08,434 [187628be-de84-4b8f-b5a0-1bccaeb2b30b@group-4032029E009F-LeaderElection64] INFO  server.RaftServerConfigKeys (ConfUtils.java:logGet(43)) - raft.server.watch.element-limit = 65536 (default)
2019-10-08 05:32:08,436 [187628be-de84-4b8f-b5a0-1bccaeb2b30b@group-4032029E009F-LeaderElection64] INFO  impl.RoleInfo (RoleInfo.java:updateAndGet(143)) - 187628be-de84-4b8f-b5a0-1bccaeb2b30b: start LeaderState
2019-10-08 05:32:08,436 [187628be-de84-4b8f-b5a0-1bccaeb2b30b@group-4032029E009F-LeaderElection64] INFO  segmented.SegmentedRaftLogWorker (SegmentedRaftLogWorker.java:startLogSegment(385)) - 187628be-de84-4b8f-b5a0-1bccaeb2b30b@group-4032029E009F-SegmentedRaftLogWorker: Starting segment from index:0
2019-10-08 05:32:08,437 [187628be-de84-4b8f-b5a0-1bccaeb2b30b@group-4032029E009F-LeaderElection64] INFO  impl.RaftServerImpl (ServerState.java:setRaftConf(356)) - 187628be-de84-4b8f-b5a0-1bccaeb2b30b@group-4032029E009F: set configuration 0: [187628be-de84-4b8f-b5a0-1bccaeb2b30b:192.168.5.191:40570], old=null at 0
2019-10-08 05:32:08,477 [Thread-1478] INFO  impl.FollowerState (FollowerState.java:run(108)) - 4c52ff3c-1013-4ea6-85f7-24e3e150ebaf@group-EA86057EF4FF-FollowerState: change to CANDIDATE, lastRpcTime:5090ms, electionTimeout:5090ms
2019-10-08 05:32:08,478 [Thread-1478] INFO  impl.RoleInfo (RoleInfo.java:shutdownFollowerState(121)) - 4c52ff3c-1013-4ea6-85f7-24e3e150ebaf: shutdown FollowerState
2019-10-08 05:32:08,478 [Thread-1478] INFO  impl.RaftServerImpl (RaftServerImpl.java:setRole(170)) - 4c52ff3c-1013-4ea6-85f7-24e3e150ebaf@group-EA86057EF4FF: changes role from  FOLLOWER to CANDIDATE at term 0 for changeToCandidate
2019-10-08 05:32:08,478 [Thread-1478] INFO  impl.RoleInfo (RoleInfo.java:updateAndGet(143)) - 4c52ff3c-1013-4ea6-85f7-24e3e150ebaf: start LeaderElection
2019-10-08 05:32:08,484 [187628be-de84-4b8f-b5a0-1bccaeb2b30b@group-4032029E009F-SegmentedRaftLogWorker] INFO  segmented.SegmentedRaftLogWorker (SegmentedRaftLogWorker.java:execute(574)) - 187628be-de84-4b8f-b5a0-1bccaeb2b30b@group-4032029E009F-SegmentedRaftLogWorker: created new log segment /workdir/hadoop-ozone/integration-test/target/test-dir/MiniOzoneClusterImpl-869efc9b-3216-425f-b64d-d5131aedb6a0/datanode-5/data/ratis/5528359f-ca8c-411d-a23c-4032029e009f/current/log_inprogress_0
2019-10-08 05:32:08,498 [4c52ff3c-1013-4ea6-85f7-24e3e150ebaf@group-EA86057EF4FF-LeaderElection65] INFO  impl.LeaderElection (LeaderElection.java:askForVotes(178)) - 4c52ff3c-1013-4ea6-85f7-24e3e150ebaf@group-EA86057EF4FF-LeaderElection65: begin an election at term 1 for -1: [4c52ff3c-1013-4ea6-85f7-24e3e150ebaf:192.168.5.191:35999, 63513ac5-a3a7-408e-82f2-57f7c68ec9a1:192.168.5.191:37528, 187628be-de84-4b8f-b5a0-1bccaeb2b30b:192.168.5.191:40570], old=null
2019-10-08 05:32:08,509 [grpc-default-executor-1] INFO  impl.RaftServerImpl (RaftServerImpl.java:setRole(170)) - 63513ac5-a3a7-408e-82f2-57f7c68ec9a1@group-EA86057EF4FF: changes role from  FOLLOWER to FOLLOWER at term 1 for recognizeCandidate:4c52ff3c-1013-4ea6-85f7-24e3e150ebaf
2019-10-08 05:32:08,509 [grpc-default-executor-8] INFO  impl.RaftServerImpl (RaftServerImpl.java:setRole(170)) - 187628be-de84-4b8f-b5a0-1bccaeb2b30b@group-EA86057EF4FF: changes role from  FOLLOWER to FOLLOWER at term 1 for recognizeCandidate:4c52ff3c-1013-4ea6-85f7-24e3e150ebaf
2019-10-08 05:32:08,509 [grpc-default-executor-1] INFO  impl.RoleInfo (RoleInfo.java:shutdownFollowerState(121)) - 63513ac5-a3a7-408e-82f2-57f7c68ec9a1: shutdown FollowerState
2019-10-08 05:32:08,510 [grpc-default-executor-8] INFO  impl.RoleInfo (RoleInfo.java:shutdownFollowerState(121)) - 187628be-de84-4b8f-b5a0-1bccaeb2b30b: shutdown FollowerState
2019-10-08 05:32:08,510 [Thread-1481] INFO  impl.FollowerState (FollowerState.java:run(117)) - 63513ac5-a3a7-408e-82f2-57f7c68ec9a1@group-EA86057EF4FF-FollowerState was interrupted: java.lang.InterruptedException: sleep interrupted
2019-10-08 05:32:08,510 [grpc-default-executor-1] INFO  impl.RoleInfo (RoleInfo.java:updateAndGet(143)) - 63513ac5-a3a7-408e-82f2-57f7c68ec9a1: start FollowerState
2019-10-08 05:32:08,510 [Thread-1474] INFO  impl.FollowerState (FollowerState.java:run(108)) - f0a4ec45-e394-4c32-83d2-af13e80a85db@group-09E86985A9F6-FollowerState: change to CANDIDATE, lastRpcTime:5191ms, electionTimeout:5191ms
2019-10-08 05:32:08,510 [Thread-1482] INFO  impl.FollowerState (FollowerState.java:run(117)) - 187628be-de84-4b8f-b5a0-1bccaeb2b30b@group-EA86057EF4FF-FollowerState was interrupted: java.lang.InterruptedException: sleep interrupted
2019-10-08 05:32:08,511 [Thread-1474] INFO  impl.RoleInfo (RoleInfo.java:shutdownFollowerState(121)) - f0a4ec45-e394-4c32-83d2-af13e80a85db: shutdown FollowerState
2019-10-08 05:32:08,510 [grpc-default-executor-8] INFO  impl.RoleInfo (RoleInfo.java:updateAndGet(143)) - 187628be-de84-4b8f-b5a0-1bccaeb2b30b: start FollowerState
2019-10-08 05:32:08,511 [Thread-1474] INFO  impl.RaftServerImpl (RaftServerImpl.java:setRole(170)) - f0a4ec45-e394-4c32-83d2-af13e80a85db@group-09E86985A9F6: changes role from  FOLLOWER to CANDIDATE at term 0 for changeToCandidate
2019-10-08 05:32:08,511 [Thread-1474] INFO  impl.RoleInfo (RoleInfo.java:updateAndGet(143)) - f0a4ec45-e394-4c32-83d2-af13e80a85db: start LeaderElection
2019-10-08 05:32:08,524 [f0a4ec45-e394-4c32-83d2-af13e80a85db@group-09E86985A9F6-LeaderElection66] INFO  impl.LeaderElection (LeaderElection.java:askForVotes(178)) - f0a4ec45-e394-4c32-83d2-af13e80a85db@group-09E86985A9F6-LeaderElection66: begin an election at term 1 for -1: [f0a4ec45-e394-4c32-83d2-af13e80a85db:192.168.5.191:33534], old=null
2019-10-08 05:32:08,525 [f0a4ec45-e394-4c32-83d2-af13e80a85db@group-09E86985A9F6-LeaderElection66] INFO  impl.RoleInfo (RoleInfo.java:shutdownLeaderElection(134)) - f0a4ec45-e394-4c32-83d2-af13e80a85db: shutdown LeaderElection
2019-10-08 05:32:08,525 [f0a4ec45-e394-4c32-83d2-af13e80a85db@group-09E86985A9F6-LeaderElection66] INFO  impl.RaftServerImpl (RaftServerImpl.java:setRole(170)) - f0a4ec45-e394-4c32-83d2-af13e80a85db@group-09E86985A9F6: changes role from CANDIDATE to LEADER at term 1 for changeToLeader
2019-10-08 05:32:08,525 [f0a4ec45-e394-4c32-83d2-af13e80a85db@group-09E86985A9F6-LeaderElection66] INFO  impl.RaftServerImpl (ServerState.java:setLeader(255)) - f0a4ec45-e394-4c32-83d2-af13e80a85db@group-09E86985A9F6: change Leader from null to f0a4ec45-e394-4c32-83d2-af13e80a85db at term 1 for becomeLeader, leader elected after 5215ms
2019-10-08 05:32:08,525 [f0a4ec45-e394-4c32-83d2-af13e80a85db@group-09E86985A9F6-LeaderElection66] INFO  server.RaftServerConfigKeys (ConfUtils.java:logGet(43)) - raft.server.staging.catchup.gap = 1000 (default)
2019-10-08 05:32:08,528 [f0a4ec45-e394-4c32-83d2-af13e80a85db@group-09E86985A9F6-LeaderElection66] INFO  server.RaftServerConfigKeys (ConfUtils.java:logGet(43)) - raft.server.rpc.sleep.time = 25ms (default)
2019-10-08 05:32:08,528 [f0a4ec45-e394-4c32-83d2-af13e80a85db@group-09E86985A9F6-LeaderElection66] INFO  server.RaftServerConfigKeys (ConfUtils.java:logGet(43)) - raft.server.write.element-limit = 4096 (default)
2019-10-08 05:32:08,528 [4c52ff3c-1013-4ea6-85f7-24e3e150ebaf@group-EA86057EF4FF-LeaderElection65] INFO  impl.LeaderElection (LeaderElection.java:logAndReturn(56)) - 4c52ff3c-1013-4ea6-85f7-24e3e150ebaf@group-EA86057EF4FF-LeaderElection65: Election PASSED; received 1 response(s) [4c52ff3c-1013-4ea6-85f7-24e3e150ebaf<-63513ac5-a3a7-408e-82f2-57f7c68ec9a1#0:OK-t1] and 0 exception(s); 4c52ff3c-1013-4ea6-85f7-24e3e150ebaf@group-EA86057EF4FF:t1, leader=null, voted=4c52ff3c-1013-4ea6-85f7-24e3e150ebaf, raftlog=4c52ff3c-1013-4ea6-85f7-24e3e150ebaf@group-EA86057EF4FF-SegmentedRaftLog:OPENED:c-1,f-1,i0, conf=-1: [4c52ff3c-1013-4ea6-85f7-24e3e150ebaf:192.168.5.191:35999, 63513ac5-a3a7-408e-82f2-57f7c68ec9a1:192.168.5.191:37528, 187628be-de84-4b8f-b5a0-1bccaeb2b30b:192.168.5.191:40570], old=null
2019-10-08 05:32:08,528 [f0a4ec45-e394-4c32-83d2-af13e80a85db@group-09E86985A9F6-LeaderElection66] INFO  server.RaftServerConfigKeys (ConfUtils.java:logGet(43)) - raft.server.watch.timeout = 10s (default)
2019-10-08 05:32:08,528 [4c52ff3c-1013-4ea6-85f7-24e3e150ebaf@group-EA86057EF4FF-LeaderElection65] INFO  impl.RoleInfo (RoleInfo.java:shutdownLeaderElection(134)) - 4c52ff3c-1013-4ea6-85f7-24e3e150ebaf: shutdown LeaderElection
2019-10-08 05:32:08,528 [f0a4ec45-e394-4c32-83d2-af13e80a85db@group-09E86985A9F6-LeaderElection66] INFO  server.RaftServerConfigKeys (ConfUtils.java:logGet(43)) - raft.server.watch.timeout.denomination = 1s (default)
2019-10-08 05:32:08,528 [4c52ff3c-1013-4ea6-85f7-24e3e150ebaf@group-EA86057EF4FF-LeaderElection65] INFO  impl.RaftServerImpl (RaftServerImpl.java:setRole(170)) - 4c52ff3c-1013-4ea6-85f7-24e3e150ebaf@group-EA86057EF4FF: changes role from CANDIDATE to LEADER at term 1 for changeToLeader
2019-10-08 05:32:08,529 [f0a4ec45-e394-4c32-83d2-af13e80a85db@group-09E86985A9F6-LeaderElection66] INFO  server.RaftServerConfigKeys (ConfUtils.java:logGet(43)) - raft.server.watch.element-limit = 65536 (default)
2019-10-08 05:32:08,529 [4c52ff3c-1013-4ea6-85f7-24e3e150ebaf@group-EA86057EF4FF-LeaderElection65] INFO  impl.RaftServerImpl (ServerState.java:setLeader(255)) - 4c52ff3c-1013-4ea6-85f7-24e3e150ebaf@group-EA86057EF4FF: change Leader from null to 4c52ff3c-1013-4ea6-85f7-24e3e150ebaf at term 1 for becomeLeader, leader elected after 5150ms
2019-10-08 05:32:08,529 [4c52ff3c-1013-4ea6-85f7-24e3e150ebaf@group-EA86057EF4FF-LeaderElection65] INFO  server.RaftServerConfigKeys (ConfUtils.java:logGet(43)) - raft.server.staging.catchup.gap = 1000 (default)
2019-10-08 05:32:08,529 [4c52ff3c-1013-4ea6-85f7-24e3e150ebaf@group-EA86057EF4FF-LeaderElection65] INFO  server.RaftServerConfigKeys (ConfUtils.java:logGet(43)) - raft.server.rpc.sleep.time = 25ms (default)
2019-10-08 05:32:08,529 [4c52ff3c-1013-4ea6-85f7-24e3e150ebaf@group-EA86057EF4FF-LeaderElection65] INFO  server.RaftServerConfigKeys (ConfUtils.java:logGet(43)) - raft.server.write.element-limit = 4096 (default)
2019-10-08 05:32:08,529 [4c52ff3c-1013-4ea6-85f7-24e3e150ebaf@group-EA86057EF4FF-LeaderElection65] INFO  server.RaftServerConfigKeys (ConfUtils.java:logGet(43)) - raft.server.watch.timeout = 10s (default)
2019-10-08 05:32:08,529 [4c52ff3c-1013-4ea6-85f7-24e3e150ebaf@group-EA86057EF4FF-LeaderElection65] INFO  server.RaftServerConfigKeys (ConfUtils.java:logGet(43)) - raft.server.watch.timeout.denomination = 1s (default)
2019-10-08 05:32:08,530 [4c52ff3c-1013-4ea6-85f7-24e3e150ebaf@group-EA86057EF4FF-LeaderElection65] INFO  server.RaftServerConfigKeys (ConfUtils.java:logGet(43)) - raft.server.watch.element-limit = 65536 (default)
2019-10-08 05:32:08,531 [f0a4ec45-e394-4c32-83d2-af13e80a85db@group-09E86985A9F6-LeaderElection66] INFO  impl.RoleInfo (RoleInfo.java:updateAndGet(143)) - f0a4ec45-e394-4c32-83d2-af13e80a85db: start LeaderState
2019-10-08 05:32:08,531 [f0a4ec45-e394-4c32-83d2-af13e80a85db@group-09E86985A9F6-LeaderElection66] INFO  segmented.SegmentedRaftLogWorker (SegmentedRaftLogWorker.java:startLogSegment(385)) - f0a4ec45-e394-4c32-83d2-af13e80a85db@group-09E86985A9F6-SegmentedRaftLogWorker: Starting segment from index:0
2019-10-08 05:32:08,532 [4c52ff3c-1013-4ea6-85f7-24e3e150ebaf@group-EA86057EF4FF-LeaderElection65] INFO  server.RaftServerConfigKeys (ConfUtils.java:logGet(43)) - raft.server.log.appender.snapshot.chunk.size.max = 16MB (=16777216) (default)
2019-10-08 05:32:08,532 [f0a4ec45-e394-4c32-83d2-af13e80a85db@group-09E86985A9F6-LeaderElection66] INFO  impl.RaftServerImpl (ServerState.java:setRaftConf(356)) - f0a4ec45-e394-4c32-83d2-af13e80a85db@group-09E86985A9F6: set configuration 0: [f0a4ec45-e394-4c32-83d2-af13e80a85db:192.168.5.191:33534], old=null at 0
2019-10-08 05:32:08,532 [4c52ff3c-1013-4ea6-85f7-24e3e150ebaf@group-EA86057EF4FF-LeaderElection65] INFO  server.RaftServerConfigKeys (ConfUtils.java:logGet(43)) - raft.server.log.appender.buffer.byte-limit = 33554432 (custom)
2019-10-08 05:32:08,532 [4c52ff3c-1013-4ea6-85f7-24e3e150ebaf@group-EA86057EF4FF-LeaderElection65] INFO  server.RaftServerConfigKeys (ConfUtils.java:logGet(43)) - raft.server.log.appender.buffer.element-limit = 1 (custom)
2019-10-08 05:32:08,532 [4c52ff3c-1013-4ea6-85f7-24e3e150ebaf@group-EA86057EF4FF-LeaderElection65] INFO  grpc.GrpcConfigKeys$Server (ConfUtils.java:logGet(43)) - raft.grpc.server.leader.outstanding.appends.max = 128 (default)
2019-10-08 05:32:08,533 [4c52ff3c-1013-4ea6-85f7-24e3e150ebaf@group-EA86057EF4FF-LeaderElection65] INFO  server.RaftServerConfigKeys (ConfUtils.java:logGet(43)) - raft.server.rpc.request.timeout = 3000ms (default)
2019-10-08 05:32:08,533 [4c52ff3c-1013-4ea6-85f7-24e3e150ebaf@group-EA86057EF4FF-LeaderElection65] INFO  server.RaftServerConfigKeys (ConfUtils.java:logGet(43)) - raft.server.log.appender.install.snapshot.enabled = false (custom)
2019-10-08 05:32:08,533 [4c52ff3c-1013-4ea6-85f7-24e3e150ebaf@group-EA86057EF4FF-LeaderElection65] INFO  server.RaftServerConfigKeys (ConfUtils.java:logGet(43)) - raft.server.log.appender.snapshot.chunk.size.max = 16MB (=16777216) (default)
2019-10-08 05:32:08,533 [4c52ff3c-1013-4ea6-85f7-24e3e150ebaf@group-EA86057EF4FF-LeaderElection65] INFO  server.RaftServerConfigKeys (ConfUtils.java:logGet(43)) - raft.server.log.appender.buffer.byte-limit = 33554432 (custom)
2019-10-08 05:32:08,533 [4c52ff3c-1013-4ea6-85f7-24e3e150ebaf@group-EA86057EF4FF-LeaderElection65] INFO  server.RaftServerConfigKeys (ConfUtils.java:logGet(43)) - raft.server.log.appender.buffer.element-limit = 1 (custom)
2019-10-08 05:32:08,533 [4c52ff3c-1013-4ea6-85f7-24e3e150ebaf@group-EA86057EF4FF-LeaderElection65] INFO  grpc.GrpcConfigKeys$Server (ConfUtils.java:logGet(43)) - raft.grpc.server.leader.outstanding.appends.max = 128 (default)
2019-10-08 05:32:08,534 [4c52ff3c-1013-4ea6-85f7-24e3e150ebaf@group-EA86057EF4FF-LeaderElection65] INFO  server.RaftServerConfigKeys (ConfUtils.java:logGet(43)) - raft.server.rpc.request.timeout = 3000ms (default)
2019-10-08 05:32:08,534 [4c52ff3c-1013-4ea6-85f7-24e3e150ebaf@group-EA86057EF4FF-LeaderElection65] INFO  server.RaftServerConfigKeys (ConfUtils.java:logGet(43)) - raft.server.log.appender.install.snapshot.enabled = false (custom)
2019-10-08 05:32:08,534 [4c52ff3c-1013-4ea6-85f7-24e3e150ebaf@group-EA86057EF4FF-LeaderElection65] INFO  impl.RoleInfo (RoleInfo.java:updateAndGet(143)) - 4c52ff3c-1013-4ea6-85f7-24e3e150ebaf: start LeaderState
2019-10-08 05:32:08,534 [4c52ff3c-1013-4ea6-85f7-24e3e150ebaf@group-EA86057EF4FF-LeaderElection65] INFO  segmented.SegmentedRaftLogWorker (SegmentedRaftLogWorker.java:startLogSegment(385)) - 4c52ff3c-1013-4ea6-85f7-24e3e150ebaf@group-EA86057EF4FF-SegmentedRaftLogWorker: Starting segment from index:0
2019-10-08 05:32:08,535 [4c52ff3c-1013-4ea6-85f7-24e3e150ebaf@group-EA86057EF4FF-LeaderElection65] INFO  impl.RaftServerImpl (ServerState.java:setRaftConf(356)) - 4c52ff3c-1013-4ea6-85f7-24e3e150ebaf@group-EA86057EF4FF: set configuration 0: [4c52ff3c-1013-4ea6-85f7-24e3e150ebaf:192.168.5.191:35999, 63513ac5-a3a7-408e-82f2-57f7c68ec9a1:192.168.5.191:37528, 187628be-de84-4b8f-b5a0-1bccaeb2b30b:192.168.5.191:40570], old=null at 0
2019-10-08 05:32:08,536 [grpc-default-executor-1] INFO  impl.RaftServerImpl (ServerState.java:setLeader(255)) - 63513ac5-a3a7-408e-82f2-57f7c68ec9a1@group-EA86057EF4FF: change Leader from null to 4c52ff3c-1013-4ea6-85f7-24e3e150ebaf at term 1 for appendEntries, leader elected after 5158ms
2019-10-08 05:32:08,572 [grpc-default-executor-8] INFO  impl.RaftServerImpl (ServerState.java:setLeader(255)) - 187628be-de84-4b8f-b5a0-1bccaeb2b30b@group-EA86057EF4FF: change Leader from null to 4c52ff3c-1013-4ea6-85f7-24e3e150ebaf at term 1 for appendEntries, leader elected after 5159ms
2019-10-08 05:32:08,577 [grpc-default-executor-8] INFO  impl.RaftServerImpl (ServerState.java:setRaftConf(356)) - 63513ac5-a3a7-408e-82f2-57f7c68ec9a1@group-EA86057EF4FF: set configuration 0: [4c52ff3c-1013-4ea6-85f7-24e3e150ebaf:192.168.5.191:35999, 63513ac5-a3a7-408e-82f2-57f7c68ec9a1:192.168.5.191:37528, 187628be-de84-4b8f-b5a0-1bccaeb2b30b:192.168.5.191:40570], old=null at 0
2019-10-08 05:32:08,578 [grpc-default-executor-8] INFO  segmented.SegmentedRaftLogWorker (SegmentedRaftLogWorker.java:startLogSegment(385)) - 63513ac5-a3a7-408e-82f2-57f7c68ec9a1@group-EA86057EF4FF-SegmentedRaftLogWorker: Starting segment from index:0
2019-10-08 05:32:08,579 [grpc-default-executor-1] INFO  impl.RaftServerImpl (ServerState.java:setRaftConf(356)) - 187628be-de84-4b8f-b5a0-1bccaeb2b30b@group-EA86057EF4FF: set configuration 0: [4c52ff3c-1013-4ea6-85f7-24e3e150ebaf:192.168.5.191:35999, 63513ac5-a3a7-408e-82f2-57f7c68ec9a1:192.168.5.191:37528, 187628be-de84-4b8f-b5a0-1bccaeb2b30b:192.168.5.191:40570], old=null at 0
2019-10-08 05:32:08,580 [grpc-default-executor-1] INFO  segmented.SegmentedRaftLogWorker (SegmentedRaftLogWorker.java:startLogSegment(385)) - 187628be-de84-4b8f-b5a0-1bccaeb2b30b@group-EA86057EF4FF-SegmentedRaftLogWorker: Starting segment from index:0
2019-10-08 05:32:08,616 [f0a4ec45-e394-4c32-83d2-af13e80a85db@group-09E86985A9F6-SegmentedRaftLogWorker] INFO  segmented.SegmentedRaftLogWorker (SegmentedRaftLogWorker.java:execute(574)) - f0a4ec45-e394-4c32-83d2-af13e80a85db@group-09E86985A9F6-SegmentedRaftLogWorker: created new log segment /workdir/hadoop-ozone/integration-test/target/test-dir/MiniOzoneClusterImpl-869efc9b-3216-425f-b64d-d5131aedb6a0/datanode-6/data/ratis/fd3613ac-878d-4349-940d-09e86985a9f6/current/log_inprogress_0
2019-10-08 05:32:08,616 [4c52ff3c-1013-4ea6-85f7-24e3e150ebaf@group-EA86057EF4FF-SegmentedRaftLogWorker] INFO  segmented.SegmentedRaftLogWorker (SegmentedRaftLogWorker.java:execute(574)) - 4c52ff3c-1013-4ea6-85f7-24e3e150ebaf@group-EA86057EF4FF-SegmentedRaftLogWorker: created new log segment /workdir/hadoop-ozone/integration-test/target/test-dir/MiniOzoneClusterImpl-869efc9b-3216-425f-b64d-d5131aedb6a0/datanode-4/data/ratis/8dfa3319-0489-4219-9d0d-ea86057ef4ff/current/log_inprogress_0
2019-10-08 05:32:08,631 [63513ac5-a3a7-408e-82f2-57f7c68ec9a1@group-EA86057EF4FF-SegmentedRaftLogWorker] INFO  segmented.SegmentedRaftLogWorker (SegmentedRaftLogWorker.java:execute(574)) - 63513ac5-a3a7-408e-82f2-57f7c68ec9a1@group-EA86057EF4FF-SegmentedRaftLogWorker: created new log segment /workdir/hadoop-ozone/integration-test/target/test-dir/MiniOzoneClusterImpl-869efc9b-3216-425f-b64d-d5131aedb6a0/datanode-3/data/ratis/8dfa3319-0489-4219-9d0d-ea86057ef4ff/current/log_inprogress_0
2019-10-08 05:32:08,631 [187628be-de84-4b8f-b5a0-1bccaeb2b30b@group-EA86057EF4FF-SegmentedRaftLogWorker] INFO  segmented.SegmentedRaftLogWorker (SegmentedRaftLogWorker.java:execute(574)) - 187628be-de84-4b8f-b5a0-1bccaeb2b30b@group-EA86057EF4FF-SegmentedRaftLogWorker: created new log segment /workdir/hadoop-ozone/integration-test/target/test-dir/MiniOzoneClusterImpl-869efc9b-3216-425f-b64d-d5131aedb6a0/datanode-5/data/ratis/8dfa3319-0489-4219-9d0d-ea86057ef4ff/current/log_inprogress_0
2019-10-08 05:32:13,114 [Thread-1511] INFO  impl.FollowerState (FollowerState.java:run(108)) - 71ff35e1-9876-4cd7-a897-fd9670beabcb@group-E43142290435-FollowerState: change to CANDIDATE, lastRpcTime:5068ms, electionTimeout:5068ms
2019-10-08 05:32:13,115 [Thread-1511] INFO  impl.RoleInfo (RoleInfo.java:shutdownFollowerState(121)) - 71ff35e1-9876-4cd7-a897-fd9670beabcb: shutdown FollowerState
2019-10-08 05:32:13,115 [Thread-1511] INFO  impl.RaftServerImpl (RaftServerImpl.java:setRole(170)) - 71ff35e1-9876-4cd7-a897-fd9670beabcb@group-E43142290435: changes role from  FOLLOWER to CANDIDATE at term 1 for changeToCandidate
2019-10-08 05:32:13,115 [Thread-1511] INFO  impl.RoleInfo (RoleInfo.java:updateAndGet(143)) - 71ff35e1-9876-4cd7-a897-fd9670beabcb: start LeaderElection
2019-10-08 05:32:13,129 [71ff35e1-9876-4cd7-a897-fd9670beabcb@group-E43142290435-LeaderElection67] INFO  impl.LeaderElection (LeaderElection.java:askForVotes(178)) - 71ff35e1-9876-4cd7-a897-fd9670beabcb@group-E43142290435-LeaderElection67: begin an election at term 2 for -1: [71ff35e1-9876-4cd7-a897-fd9670beabcb:192.168.5.191:45429, fe02ea69-9380-4bcd-bf4a-8927edb33a1c:192.168.5.191:36534, e4440853-ceb5-4c08-9120-56806a317b5f:192.168.5.191:41472], old=null
2019-10-08 05:32:13,138 [grpc-default-executor-1] INFO  impl.RaftServerImpl (RaftServerImpl.java:setRole(170)) - e4440853-ceb5-4c08-9120-56806a317b5f@group-E43142290435: changes role from  FOLLOWER to FOLLOWER at term 2 for recognizeCandidate:71ff35e1-9876-4cd7-a897-fd9670beabcb
2019-10-08 05:32:13,142 [grpc-default-executor-1] INFO  impl.RoleInfo (RoleInfo.java:shutdownFollowerState(121)) - e4440853-ceb5-4c08-9120-56806a317b5f: shutdown FollowerState
2019-10-08 05:32:13,142 [grpc-default-executor-8] INFO  impl.RaftServerImpl (RaftServerImpl.java:setRole(170)) - fe02ea69-9380-4bcd-bf4a-8927edb33a1c@group-E43142290435: changes role from  FOLLOWER to FOLLOWER at term 2 for recognizeCandidate:71ff35e1-9876-4cd7-a897-fd9670beabcb
2019-10-08 05:32:13,142 [Thread-1512] INFO  impl.FollowerState (FollowerState.java:run(117)) - e4440853-ceb5-4c08-9120-56806a317b5f@group-E43142290435-FollowerState was interrupted: java.lang.InterruptedException: sleep interrupted
2019-10-08 05:32:13,142 [grpc-default-executor-1] INFO  impl.RoleInfo (RoleInfo.java:updateAndGet(143)) - e4440853-ceb5-4c08-9120-56806a317b5f: start FollowerState
2019-10-08 05:32:13,142 [grpc-default-executor-8] INFO  impl.RoleInfo (RoleInfo.java:shutdownFollowerState(121)) - fe02ea69-9380-4bcd-bf4a-8927edb33a1c: shutdown FollowerState
2019-10-08 05:32:13,143 [grpc-default-executor-8] INFO  impl.RoleInfo (RoleInfo.java:updateAndGet(143)) - fe02ea69-9380-4bcd-bf4a-8927edb33a1c: start FollowerState
2019-10-08 05:32:13,143 [Thread-1513] INFO  impl.FollowerState (FollowerState.java:run(117)) - fe02ea69-9380-4bcd-bf4a-8927edb33a1c@group-E43142290435-FollowerState was interrupted: java.lang.InterruptedException: sleep interrupted
2019-10-08 05:32:13,158 [71ff35e1-9876-4cd7-a897-fd9670beabcb@group-E43142290435-LeaderElection67] INFO  impl.LeaderElection (LeaderElection.java:logAndReturn(56)) - 71ff35e1-9876-4cd7-a897-fd9670beabcb@group-E43142290435-LeaderElection67: Election PASSED; received 1 response(s) [71ff35e1-9876-4cd7-a897-fd9670beabcb<-fe02ea69-9380-4bcd-bf4a-8927edb33a1c#0:OK-t2] and 0 exception(s); 71ff35e1-9876-4cd7-a897-fd9670beabcb@group-E43142290435:t2, leader=null, voted=71ff35e1-9876-4cd7-a897-fd9670beabcb, raftlog=71ff35e1-9876-4cd7-a897-fd9670beabcb@group-E43142290435-SegmentedRaftLog:OPENED:c-1,f-1,i0, conf=-1: [71ff35e1-9876-4cd7-a897-fd9670beabcb:192.168.5.191:45429, fe02ea69-9380-4bcd-bf4a-8927edb33a1c:192.168.5.191:36534, e4440853-ceb5-4c08-9120-56806a317b5f:192.168.5.191:41472], old=null
2019-10-08 05:32:13,158 [71ff35e1-9876-4cd7-a897-fd9670beabcb@group-E43142290435-LeaderElection67] INFO  impl.RoleInfo (RoleInfo.java:shutdownLeaderElection(134)) - 71ff35e1-9876-4cd7-a897-fd9670beabcb: shutdown LeaderElection
2019-10-08 05:32:13,158 [71ff35e1-9876-4cd7-a897-fd9670beabcb@group-E43142290435-LeaderElection67] INFO  impl.RaftServerImpl (RaftServerImpl.java:setRole(170)) - 71ff35e1-9876-4cd7-a897-fd9670beabcb@group-E43142290435: changes role from CANDIDATE to LEADER at term 2 for changeToLeader
2019-10-08 05:32:13,159 [71ff35e1-9876-4cd7-a897-fd9670beabcb@group-E43142290435-LeaderElection67] INFO  impl.RaftServerImpl (ServerState.java:setLeader(255)) - 71ff35e1-9876-4cd7-a897-fd9670beabcb@group-E43142290435: change Leader from null to 71ff35e1-9876-4cd7-a897-fd9670beabcb at term 2 for becomeLeader, leader elected after 10231ms
2019-10-08 05:32:13,159 [71ff35e1-9876-4cd7-a897-fd9670beabcb@group-E43142290435-LeaderElection67] INFO  server.RaftServerConfigKeys (ConfUtils.java:logGet(43)) - raft.server.staging.catchup.gap = 1000 (default)
2019-10-08 05:32:13,160 [71ff35e1-9876-4cd7-a897-fd9670beabcb@group-E43142290435-LeaderElection67] INFO  server.RaftServerConfigKeys (ConfUtils.java:logGet(43)) - raft.server.rpc.sleep.time = 25ms (default)
2019-10-08 05:32:13,160 [71ff35e1-9876-4cd7-a897-fd9670beabcb@group-E43142290435-LeaderElection67] INFO  server.RaftServerConfigKeys (ConfUtils.java:logGet(43)) - raft.server.write.element-limit = 4096 (default)
2019-10-08 05:32:13,160 [71ff35e1-9876-4cd7-a897-fd9670beabcb@group-E43142290435-LeaderElection67] INFO  server.RaftServerConfigKeys (ConfUtils.java:logGet(43)) - raft.server.watch.timeout = 10s (default)
2019-10-08 05:32:13,160 [71ff35e1-9876-4cd7-a897-fd9670beabcb@group-E43142290435-LeaderElection67] INFO  server.RaftServerConfigKeys (ConfUtils.java:logGet(43)) - raft.server.watch.timeout.denomination = 1s (default)
2019-10-08 05:32:13,161 [71ff35e1-9876-4cd7-a897-fd9670beabcb@group-E43142290435-LeaderElection67] INFO  server.RaftServerConfigKeys (ConfUtils.java:logGet(43)) - raft.server.watch.element-limit = 65536 (default)
2019-10-08 05:32:13,164 [71ff35e1-9876-4cd7-a897-fd9670beabcb@group-E43142290435-LeaderElection67] INFO  server.RaftServerConfigKeys (ConfUtils.java:logGet(43)) - raft.server.log.appender.snapshot.chunk.size.max = 16MB (=16777216) (default)
2019-10-08 05:32:13,164 [71ff35e1-9876-4cd7-a897-fd9670beabcb@group-E43142290435-LeaderElection67] INFO  server.RaftServerConfigKeys (ConfUtils.java:logGet(43)) - raft.server.log.appender.buffer.byte-limit = 33554432 (custom)
2019-10-08 05:32:13,164 [71ff35e1-9876-4cd7-a897-fd9670beabcb@group-E43142290435-LeaderElection67] INFO  server.RaftServerConfigKeys (ConfUtils.java:logGet(43)) - raft.server.log.appender.buffer.element-limit = 1 (custom)
2019-10-08 05:32:13,164 [71ff35e1-9876-4cd7-a897-fd9670beabcb@group-E43142290435-LeaderElection67] INFO  grpc.GrpcConfigKeys$Server (ConfUtils.java:logGet(43)) - raft.grpc.server.leader.outstanding.appends.max = 128 (default)
2019-10-08 05:32:13,165 [71ff35e1-9876-4cd7-a897-fd9670beabcb@group-E43142290435-LeaderElection67] INFO  server.RaftServerConfigKeys (ConfUtils.java:logGet(43)) - raft.server.rpc.request.timeout = 3000ms (default)
2019-10-08 05:32:13,165 [71ff35e1-9876-4cd7-a897-fd9670beabcb@group-E43142290435-LeaderElection67] INFO  server.RaftServerConfigKeys (ConfUtils.java:logGet(43)) - raft.server.log.appender.install.snapshot.enabled = false (custom)
2019-10-08 05:32:13,165 [71ff35e1-9876-4cd7-a897-fd9670beabcb@group-E43142290435-LeaderElection67] INFO  server.RaftServerConfigKeys (ConfUtils.java:logGet(43)) - raft.server.log.appender.snapshot.chunk.size.max = 16MB (=16777216) (default)
2019-10-08 05:32:13,165 [71ff35e1-9876-4cd7-a897-fd9670beabcb@group-E43142290435-LeaderElection67] INFO  server.RaftServerConfigKeys (ConfUtils.java:logGet(43)) - raft.server.log.appender.buffer.byte-limit = 33554432 (custom)
2019-10-08 05:32:13,165 [71ff35e1-9876-4cd7-a897-fd9670beabcb@group-E43142290435-LeaderElection67] INFO  server.RaftServerConfigKeys (ConfUtils.java:logGet(43)) - raft.server.log.appender.buffer.element-limit = 1 (custom)
2019-10-08 05:32:13,166 [71ff35e1-9876-4cd7-a897-fd9670beabcb@group-E43142290435-LeaderElection67] INFO  grpc.GrpcConfigKeys$Server (ConfUtils.java:logGet(43)) - raft.grpc.server.leader.outstanding.appends.max = 128 (default)
2019-10-08 05:32:13,166 [71ff35e1-9876-4cd7-a897-fd9670beabcb@group-E43142290435-LeaderElection67] INFO  server.RaftServerConfigKeys (ConfUtils.java:logGet(43)) - raft.server.rpc.request.timeout = 3000ms (default)
2019-10-08 05:32:13,166 [71ff35e1-9876-4cd7-a897-fd9670beabcb@group-E43142290435-LeaderElection67] INFO  server.RaftServerConfigKeys (ConfUtils.java:logGet(43)) - raft.server.log.appender.install.snapshot.enabled = false (custom)
2019-10-08 05:32:13,166 [71ff35e1-9876-4cd7-a897-fd9670beabcb@group-E43142290435-LeaderElection67] INFO  impl.RoleInfo (RoleInfo.java:updateAndGet(143)) - 71ff35e1-9876-4cd7-a897-fd9670beabcb: start LeaderState
2019-10-08 05:32:13,167 [71ff35e1-9876-4cd7-a897-fd9670beabcb@group-E43142290435-LeaderElection67] INFO  segmented.SegmentedRaftLogWorker (SegmentedRaftLogWorker.java:startLogSegment(385)) - 71ff35e1-9876-4cd7-a897-fd9670beabcb@group-E43142290435-SegmentedRaftLogWorker: Starting segment from index:0
2019-10-08 05:32:13,167 [71ff35e1-9876-4cd7-a897-fd9670beabcb@group-E43142290435-LeaderElection67] INFO  impl.RaftServerImpl (ServerState.java:setRaftConf(356)) - 71ff35e1-9876-4cd7-a897-fd9670beabcb@group-E43142290435: set configuration 0: [71ff35e1-9876-4cd7-a897-fd9670beabcb:192.168.5.191:45429, fe02ea69-9380-4bcd-bf4a-8927edb33a1c:192.168.5.191:36534, e4440853-ceb5-4c08-9120-56806a317b5f:192.168.5.191:41472], old=null at 0
2019-10-08 05:32:13,169 [grpc-default-executor-8] INFO  impl.RaftServerImpl (ServerState.java:setLeader(255)) - fe02ea69-9380-4bcd-bf4a-8927edb33a1c@group-E43142290435: change Leader from null to 71ff35e1-9876-4cd7-a897-fd9670beabcb at term 2 for appendEntries, leader elected after 10241ms
2019-10-08 05:32:13,170 [grpc-default-executor-1] INFO  impl.RaftServerImpl (ServerState.java:setLeader(255)) - e4440853-ceb5-4c08-9120-56806a317b5f@group-E43142290435: change Leader from null to 71ff35e1-9876-4cd7-a897-fd9670beabcb at term 2 for appendEntries, leader elected after 10242ms
2019-10-08 05:32:13,173 [grpc-default-executor-1] INFO  impl.RaftServerImpl (ServerState.java:setRaftConf(356)) - fe02ea69-9380-4bcd-bf4a-8927edb33a1c@group-E43142290435: set configuration 0: [71ff35e1-9876-4cd7-a897-fd9670beabcb:192.168.5.191:45429, fe02ea69-9380-4bcd-bf4a-8927edb33a1c:192.168.5.191:36534, e4440853-ceb5-4c08-9120-56806a317b5f:192.168.5.191:41472], old=null at 0
2019-10-08 05:32:13,173 [grpc-default-executor-1] INFO  segmented.SegmentedRaftLogWorker (SegmentedRaftLogWorker.java:startLogSegment(385)) - fe02ea69-9380-4bcd-bf4a-8927edb33a1c@group-E43142290435-SegmentedRaftLogWorker: Starting segment from index:0
2019-10-08 05:32:13,173 [grpc-default-executor-8] INFO  impl.RaftServerImpl (ServerState.java:setRaftConf(356)) - e4440853-ceb5-4c08-9120-56806a317b5f@group-E43142290435: set configuration 0: [71ff35e1-9876-4cd7-a897-fd9670beabcb:192.168.5.191:45429, fe02ea69-9380-4bcd-bf4a-8927edb33a1c:192.168.5.191:36534, e4440853-ceb5-4c08-9120-56806a317b5f:192.168.5.191:41472], old=null at 0
2019-10-08 05:32:13,174 [grpc-default-executor-8] INFO  segmented.SegmentedRaftLogWorker (SegmentedRaftLogWorker.java:startLogSegment(385)) - e4440853-ceb5-4c08-9120-56806a317b5f@group-E43142290435-SegmentedRaftLogWorker: Starting segment from index:0
2019-10-08 05:32:13,216 [e4440853-ceb5-4c08-9120-56806a317b5f@group-E43142290435-SegmentedRaftLogWorker] INFO  segmented.SegmentedRaftLogWorker (SegmentedRaftLogWorker.java:execute(574)) - e4440853-ceb5-4c08-9120-56806a317b5f@group-E43142290435-SegmentedRaftLogWorker: created new log segment /workdir/hadoop-ozone/integration-test/target/test-dir/MiniOzoneClusterImpl-869efc9b-3216-425f-b64d-d5131aedb6a0/datanode-2/data/ratis/d213ebb5-2399-4c67-9ced-e43142290435/current/log_inprogress_0
2019-10-08 05:32:13,216 [71ff35e1-9876-4cd7-a897-fd9670beabcb@group-E43142290435-SegmentedRaftLogWorker] INFO  segmented.SegmentedRaftLogWorker (SegmentedRaftLogWorker.java:execute(574)) - 71ff35e1-9876-4cd7-a897-fd9670beabcb@group-E43142290435-SegmentedRaftLogWorker: created new log segment /workdir/hadoop-ozone/integration-test/target/test-dir/MiniOzoneClusterImpl-869efc9b-3216-425f-b64d-d5131aedb6a0/datanode-0/data/ratis/d213ebb5-2399-4c67-9ced-e43142290435/current/log_inprogress_0
2019-10-08 05:32:13,216 [fe02ea69-9380-4bcd-bf4a-8927edb33a1c@group-E43142290435-SegmentedRaftLogWorker] INFO  segmented.SegmentedRaftLogWorker (SegmentedRaftLogWorker.java:execute(574)) - fe02ea69-9380-4bcd-bf4a-8927edb33a1c@group-E43142290435-SegmentedRaftLogWorker: created new log segment /workdir/hadoop-ozone/integration-test/target/test-dir/MiniOzoneClusterImpl-869efc9b-3216-425f-b64d-d5131aedb6a0/datanode-1/data/ratis/d213ebb5-2399-4c67-9ced-e43142290435/current/log_inprogress_0
2019-10-08 05:32:13,901 [Datanode State Machine Thread - 0] INFO  statemachine.DatanodeStateMachine (DatanodeStateMachine.java:lambda$startDaemon$0(350)) - Ozone container server started.
2019-10-08 05:32:18,884 [main] INFO  ozoneimpl.OzoneContainer (OzoneContainer.java:stop(227)) - Attempting to stop container services.
2019-10-08 05:32:18,885 [main] INFO  impl.RaftServerProxy (RaftServerProxy.java:lambda$close$4(314)) - fe02ea69-9380-4bcd-bf4a-8927edb33a1c: close
2019-10-08 05:32:18,886 [main] INFO  impl.RaftServerImpl (RaftServerImpl.java:lambda$shutdown$3(247)) - fe02ea69-9380-4bcd-bf4a-8927edb33a1c@group-E43142290435: shutdown
2019-10-08 05:32:18,887 [main] INFO  util.JmxRegister (JmxRegister.java:unregister(73)) - Successfully un-registered JMX Bean with object name Ratis:service=RaftServer,group=group-E43142290435,id=fe02ea69-9380-4bcd-bf4a-8927edb33a1c
2019-10-08 05:32:18,887 [main] INFO  impl.RoleInfo (RoleInfo.java:shutdownFollowerState(121)) - fe02ea69-9380-4bcd-bf4a-8927edb33a1c: shutdown FollowerState
2019-10-08 05:32:18,887 [main] INFO  impl.StateMachineUpdater (StateMachineUpdater.java:stopAndJoin(136)) - fe02ea69-9380-4bcd-bf4a-8927edb33a1c@group-E43142290435-StateMachineUpdater: set stopIndex = 2
2019-10-08 05:32:18,887 [fe02ea69-9380-4bcd-bf4a-8927edb33a1c@group-E43142290435-StateMachineUpdater] INFO  ratis.ContainerStateMachine (ContainerStateMachine.java:takeSnapshot(294)) - group-E43142290435: Taking a snapshot at:(t:2, i:1) file /workdir/hadoop-ozone/integration-test/target/test-dir/MiniOzoneClusterImpl-869efc9b-3216-425f-b64d-d5131aedb6a0/datanode-1/data/ratis/d213ebb5-2399-4c67-9ced-e43142290435/sm/snapshot.2_1
2019-10-08 05:32:18,887 [Thread-1553] INFO  impl.FollowerState (FollowerState.java:run(117)) - fe02ea69-9380-4bcd-bf4a-8927edb33a1c@group-E43142290435-FollowerState was interrupted: java.lang.InterruptedException: sleep interrupted
2019-10-08 05:32:18,900 [fe02ea69-9380-4bcd-bf4a-8927edb33a1c@group-E43142290435-StateMachineUpdater] INFO  ratis.ContainerStateMachine (ContainerStateMachine.java:takeSnapshot(305)) - group-E43142290435: Finished taking a snapshot at:(t:2, i:1) file:/workdir/hadoop-ozone/integration-test/target/test-dir/MiniOzoneClusterImpl-869efc9b-3216-425f-b64d-d5131aedb6a0/datanode-1/data/ratis/d213ebb5-2399-4c67-9ced-e43142290435/sm/snapshot.2_1 time:13
2019-10-08 05:32:18,901 [fe02ea69-9380-4bcd-bf4a-8927edb33a1c@group-E43142290435-StateMachineUpdater] INFO  impl.StateMachineUpdater (StateMachineUpdater.java:takeSnapshot(269)) - fe02ea69-9380-4bcd-bf4a-8927edb33a1c@group-E43142290435-StateMachineUpdater: Took a snapshot at index 1
2019-10-08 05:32:18,901 [fe02ea69-9380-4bcd-bf4a-8927edb33a1c@group-E43142290435-StateMachineUpdater] INFO  impl.StateMachineUpdater (StateMachineUpdater.java:lambda$new$0(84)) - fe02ea69-9380-4bcd-bf4a-8927edb33a1c@group-E43142290435-StateMachineUpdater: snapshotIndex: updateIncreasingly -1 -> 1
2019-10-08 05:32:18,901 [fe02ea69-9380-4bcd-bf4a-8927edb33a1c@group-E43142290435-StateMachineUpdater] INFO  ratis.ContainerStateMachine (ContainerStateMachine.java:takeSnapshot(294)) - group-E43142290435: Taking a snapshot at:(t:2, i:1) file /workdir/hadoop-ozone/integration-test/target/test-dir/MiniOzoneClusterImpl-869efc9b-3216-425f-b64d-d5131aedb6a0/datanode-1/data/ratis/d213ebb5-2399-4c67-9ced-e43142290435/sm/snapshot.2_1
2019-10-08 05:32:18,925 [fe02ea69-9380-4bcd-bf4a-8927edb33a1c@group-E43142290435-StateMachineUpdater] INFO  ratis.ContainerStateMachine (ContainerStateMachine.java:takeSnapshot(305)) - group-E43142290435: Finished taking a snapshot at:(t:2, i:1) file:/workdir/hadoop-ozone/integration-test/target/test-dir/MiniOzoneClusterImpl-869efc9b-3216-425f-b64d-d5131aedb6a0/datanode-1/data/ratis/d213ebb5-2399-4c67-9ced-e43142290435/sm/snapshot.2_1 time:24
2019-10-08 05:32:18,925 [fe02ea69-9380-4bcd-bf4a-8927edb33a1c@group-E43142290435-StateMachineUpdater] INFO  impl.StateMachineUpdater (StateMachineUpdater.java:takeSnapshot(269)) - fe02ea69-9380-4bcd-bf4a-8927edb33a1c@group-E43142290435-StateMachineUpdater: Took a snapshot at index 1
2019-10-08 05:32:18,926 [fe02ea69-9380-4bcd-bf4a-8927edb33a1c@group-E43142290435-StateMachineUpdater] INFO  impl.StateMachineUpdater (StateMachineUpdater.java:lambda$new$0(84)) - fe02ea69-9380-4bcd-bf4a-8927edb33a1c@group-E43142290435-StateMachineUpdater: snapshotIndex: updateIncreasingly 1 -> 1
2019-10-08 05:32:18,926 [main] INFO  impl.RaftServerImpl (ServerState.java:close(387)) - fe02ea69-9380-4bcd-bf4a-8927edb33a1c@group-E43142290435: closes. applyIndex: 2
2019-10-08 05:32:18,926 [fe02ea69-9380-4bcd-bf4a-8927edb33a1c@group-E43142290435-SegmentedRaftLogWorker] INFO  segmented.SegmentedRaftLogWorker (SegmentedRaftLogWorker.java:run(316)) - fe02ea69-9380-4bcd-bf4a-8927edb33a1c@group-E43142290435-SegmentedRaftLogWorker was interrupted, exiting. There are 0 tasks remaining in the queue.
2019-10-08 05:32:18,930 [main] INFO  segmented.SegmentedRaftLogWorker (SegmentedRaftLogWorker.java:close(224)) - fe02ea69-9380-4bcd-bf4a-8927edb33a1c@group-E43142290435-SegmentedRaftLogWorker close()
2019-10-08 05:32:18,934 [main] INFO  impl.RaftServerImpl (RaftServerImpl.java:lambda$shutdown$3(247)) - fe02ea69-9380-4bcd-bf4a-8927edb33a1c@group-3F7D487ADCA9: shutdown
2019-10-08 05:32:18,934 [main] INFO  util.JmxRegister (JmxRegister.java:unregister(73)) - Successfully un-registered JMX Bean with object name Ratis:service=RaftServer,group=group-3F7D487ADCA9,id=fe02ea69-9380-4bcd-bf4a-8927edb33a1c
2019-10-08 05:32:18,934 [main] INFO  impl.RoleInfo (RoleInfo.java:shutdownLeaderState(104)) - fe02ea69-9380-4bcd-bf4a-8927edb33a1c: shutdown LeaderState
2019-10-08 05:32:18,935 [main] INFO  impl.PendingRequests (PendingRequests.java:sendNotLeaderResponses(202)) - fe02ea69-9380-4bcd-bf4a-8927edb33a1c@group-3F7D487ADCA9-PendingRequests: sendNotLeaderResponses
2019-10-08 05:32:18,935 [main] INFO  impl.StateMachineUpdater (StateMachineUpdater.java:stopAndJoin(136)) - fe02ea69-9380-4bcd-bf4a-8927edb33a1c@group-3F7D487ADCA9-StateMachineUpdater: set stopIndex = 0
2019-10-08 05:32:18,936 [main] INFO  impl.RaftServerImpl (ServerState.java:close(387)) - fe02ea69-9380-4bcd-bf4a-8927edb33a1c@group-3F7D487ADCA9: closes. applyIndex: 0
2019-10-08 05:32:18,936 [fe02ea69-9380-4bcd-bf4a-8927edb33a1c@group-3F7D487ADCA9-SegmentedRaftLogWorker] INFO  segmented.SegmentedRaftLogWorker (SegmentedRaftLogWorker.java:run(316)) - fe02ea69-9380-4bcd-bf4a-8927edb33a1c@group-3F7D487ADCA9-SegmentedRaftLogWorker was interrupted, exiting. There are 0 tasks remaining in the queue.
2019-10-08 05:32:18,938 [main] INFO  segmented.SegmentedRaftLogWorker (SegmentedRaftLogWorker.java:close(224)) - fe02ea69-9380-4bcd-bf4a-8927edb33a1c@group-3F7D487ADCA9-SegmentedRaftLogWorker close()
2019-10-08 05:32:18,941 [main] INFO  server.GrpcService (GrpcService.java:closeImpl(164)) - fe02ea69-9380-4bcd-bf4a-8927edb33a1c: shutdown server with port 36534 now
2019-10-08 05:32:18,944 [grpc-default-executor-8] WARN  server.GrpcServerProtocolService (LogUtils.java:warn(134)) - fe02ea69-9380-4bcd-bf4a-8927edb33a1c: installSnapshot onError, lastRequest: 71ff35e1-9876-4cd7-a897-fd9670beabcb->fe02ea69-9380-4bcd-bf4a-8927edb33a1c#5-t2, previous=(t:2, i:2), leaderCommit=2, initializing? false, entries: <empty>: org.apache.ratis.thirdparty.io.grpc.StatusRuntimeException: CANCELLED: cancelled before receiving half close
2019-10-08 05:32:18,944 [grpc-default-executor-1] WARN  server.GrpcLogAppender (LogUtils.java:warn(134)) - 71ff35e1-9876-4cd7-a897-fd9670beabcb@group-E43142290435->fe02ea69-9380-4bcd-bf4a-8927edb33a1c-AppendLogResponseHandler: Failed appendEntries: org.apache.ratis.thirdparty.io.grpc.StatusRuntimeException: CANCELLED: HTTP/2 error code: CANCEL
Received Rst Stream
2019-10-08 05:32:18,945 [main] INFO  server.GrpcService (GrpcService.java:closeImpl(172)) - fe02ea69-9380-4bcd-bf4a-8927edb33a1c: shutdown server with port 36534 successfully
2019-10-08 05:32:18,945 [grpc-default-executor-1] INFO  impl.FollowerInfo (FollowerInfo.java:lambda$new$0(51)) - 71ff35e1-9876-4cd7-a897-fd9670beabcb@group-E43142290435->fe02ea69-9380-4bcd-bf4a-8927edb33a1c: nextIndex: updateUnconditionally 3 -> 2
2019-10-08 05:32:18,951 [refreshUsed-/workdir/hadoop-ozone/integration-test/target/test-dir/MiniOzoneClusterImpl-869efc9b-3216-425f-b64d-d5131aedb6a0/datanode-1/data/containers] WARN  fs.CachingGetSpaceUsed (CachingGetSpaceUsed.java:run(183)) - Thread Interrupted waiting to refresh disk information: sleep interrupted
2019-10-08 05:32:18,962 [main] INFO  utils.BackgroundService (BackgroundService.java:shutdown(148)) - Shutting down service BlockDeletingService
2019-10-08 05:32:18,967 [main] INFO  statemachine.DatanodeStateMachine (DatanodeStateMachine.java:stopDaemon(395)) - Ozone container server stopped.
2019-10-08 05:32:18,969 [main] INFO  handler.ContextHandler (ContextHandler.java:doStop(910)) - Stopped o.e.j.w.WebAppContext@3c952a33{/,null,UNAVAILABLE}{/hddsDatanode}
2019-10-08 05:32:18,970 [main] INFO  server.AbstractConnector (AbstractConnector.java:doStop(318)) - Stopped ServerConnector@70029d2d{HTTP/1.1,[http/1.1]}{0.0.0.0:0}
2019-10-08 05:32:18,970 [main] INFO  handler.ContextHandler (ContextHandler.java:doStop(910)) - Stopped o.e.j.s.ServletContextHandler@40709f9{/static,jar:file:/home/user/.m2/repository/org/apache/hadoop/hadoop-hdds-container-service/0.5.0-SNAPSHOT/hadoop-hdds-container-service-0.5.0-SNAPSHOT.jar!/webapps/static,UNAVAILABLE}
2019-10-08 05:32:18,971 [main] INFO  handler.ContextHandler (ContextHandler.java:doStop(910)) - Stopped o.e.j.s.ServletContextHandler@6adc5b9c{/logs,file:///workdir/hadoop-ozone/integration-test/target/log,UNAVAILABLE}
2019-10-08 05:32:19,902 [Datanode State Machine Thread - 0] INFO  statemachine.DatanodeStateMachine (DatanodeStateMachine.java:lambda$startDaemon$0(350)) - Ozone container server started.
2019-10-08 05:32:21,319 [grpc-default-executor-6] WARN  server.GrpcLogAppender (LogUtils.java:warn(134)) - 71ff35e1-9876-4cd7-a897-fd9670beabcb@group-E43142290435->fe02ea69-9380-4bcd-bf4a-8927edb33a1c-AppendLogResponseHandler: Failed appendEntries: org.apache.ratis.thirdparty.io.grpc.StatusRuntimeException: UNAVAILABLE: io exception
2019-10-08 05:32:21,320 [grpc-default-executor-6] INFO  impl.FollowerInfo (FollowerInfo.java:lambda$new$0(51)) - 71ff35e1-9876-4cd7-a897-fd9670beabcb@group-E43142290435->fe02ea69-9380-4bcd-bf4a-8927edb33a1c: nextIndex: updateUnconditionally 2 -> 1
2019-10-08 05:32:23,825 [grpc-default-executor-1] WARN  server.GrpcLogAppender (LogUtils.java:warn(134)) - 71ff35e1-9876-4cd7-a897-fd9670beabcb@group-E43142290435->fe02ea69-9380-4bcd-bf4a-8927edb33a1c-AppendLogResponseHandler: Failed appendEntries: org.apache.ratis.thirdparty.io.grpc.StatusRuntimeException: UNAVAILABLE: io exception
2019-10-08 05:32:23,826 [grpc-default-executor-1] INFO  impl.FollowerInfo (FollowerInfo.java:lambda$new$0(51)) - 71ff35e1-9876-4cd7-a897-fd9670beabcb@group-E43142290435->fe02ea69-9380-4bcd-bf4a-8927edb33a1c: nextIndex: updateUnconditionally 1 -> 0
2019-10-08 05:32:23,972 [main] INFO  ozoneimpl.OzoneContainer (OzoneContainer.java:stop(227)) - Attempting to stop container services.
2019-10-08 05:32:23,973 [main] INFO  impl.RaftServerProxy (RaftServerProxy.java:lambda$close$4(314)) - e4440853-ceb5-4c08-9120-56806a317b5f: close
2019-10-08 05:32:23,974 [main] INFO  impl.RaftServerImpl (RaftServerImpl.java:lambda$shutdown$3(247)) - e4440853-ceb5-4c08-9120-56806a317b5f@group-633478453DD6: shutdown
2019-10-08 05:32:23,974 [ForkJoinPool.commonPool-worker-0] INFO  impl.RaftServerImpl (RaftServerImpl.java:lambda$shutdown$3(247)) - e4440853-ceb5-4c08-9120-56806a317b5f@group-E43142290435: shutdown
2019-10-08 05:32:23,974 [main] INFO  util.JmxRegister (JmxRegister.java:unregister(73)) - Successfully un-registered JMX Bean with object name Ratis:service=RaftServer,group=group-633478453DD6,id=e4440853-ceb5-4c08-9120-56806a317b5f
2019-10-08 05:32:23,974 [ForkJoinPool.commonPool-worker-0] INFO  util.JmxRegister (JmxRegister.java:unregister(73)) - Successfully un-registered JMX Bean with object name Ratis:service=RaftServer,group=group-E43142290435,id=e4440853-ceb5-4c08-9120-56806a317b5f
2019-10-08 05:32:23,975 [main] INFO  impl.RoleInfo (RoleInfo.java:shutdownLeaderState(104)) - e4440853-ceb5-4c08-9120-56806a317b5f: shutdown LeaderState
2019-10-08 05:32:23,975 [ForkJoinPool.commonPool-worker-0] INFO  impl.RoleInfo (RoleInfo.java:shutdownFollowerState(121)) - e4440853-ceb5-4c08-9120-56806a317b5f: shutdown FollowerState
2019-10-08 05:32:23,975 [main] INFO  impl.PendingRequests (PendingRequests.java:sendNotLeaderResponses(202)) - e4440853-ceb5-4c08-9120-56806a317b5f@group-633478453DD6-PendingRequests: sendNotLeaderResponses
2019-10-08 05:32:23,975 [Thread-1552] INFO  impl.FollowerState (FollowerState.java:run(117)) - e4440853-ceb5-4c08-9120-56806a317b5f@group-E43142290435-FollowerState was interrupted: java.lang.InterruptedException: sleep interrupted
2019-10-08 05:32:23,975 [ForkJoinPool.commonPool-worker-0] INFO  impl.StateMachineUpdater (StateMachineUpdater.java:stopAndJoin(136)) - e4440853-ceb5-4c08-9120-56806a317b5f@group-E43142290435-StateMachineUpdater: set stopIndex = 2
2019-10-08 05:32:23,976 [e4440853-ceb5-4c08-9120-56806a317b5f@group-E43142290435-StateMachineUpdater] INFO  ratis.ContainerStateMachine (ContainerStateMachine.java:takeSnapshot(294)) - group-E43142290435: Taking a snapshot at:(t:2, i:1) file /workdir/hadoop-ozone/integration-test/target/test-dir/MiniOzoneClusterImpl-869efc9b-3216-425f-b64d-d5131aedb6a0/datanode-2/data/ratis/d213ebb5-2399-4c67-9ced-e43142290435/sm/snapshot.2_1
2019-10-08 05:32:23,976 [main] INFO  impl.StateMachineUpdater (StateMachineUpdater.java:stopAndJoin(136)) - e4440853-ceb5-4c08-9120-56806a317b5f@group-633478453DD6-StateMachineUpdater: set stopIndex = 0
2019-10-08 05:32:23,976 [main] INFO  impl.RaftServerImpl (ServerState.java:close(387)) - e4440853-ceb5-4c08-9120-56806a317b5f@group-633478453DD6: closes. applyIndex: 0
2019-10-08 05:32:23,977 [e4440853-ceb5-4c08-9120-56806a317b5f@group-633478453DD6-SegmentedRaftLogWorker] INFO  segmented.SegmentedRaftLogWorker (SegmentedRaftLogWorker.java:run(316)) - e4440853-ceb5-4c08-9120-56806a317b5f@group-633478453DD6-SegmentedRaftLogWorker was interrupted, exiting. There are 0 tasks remaining in the queue.
2019-10-08 05:32:23,988 [main] INFO  segmented.SegmentedRaftLogWorker (SegmentedRaftLogWorker.java:close(224)) - e4440853-ceb5-4c08-9120-56806a317b5f@group-633478453DD6-SegmentedRaftLogWorker close()
2019-10-08 05:32:23,992 [e4440853-ceb5-4c08-9120-56806a317b5f@group-E43142290435-StateMachineUpdater] INFO  ratis.ContainerStateMachine (ContainerStateMachine.java:takeSnapshot(305)) - group-E43142290435: Finished taking a snapshot at:(t:2, i:1) file:/workdir/hadoop-ozone/integration-test/target/test-dir/MiniOzoneClusterImpl-869efc9b-3216-425f-b64d-d5131aedb6a0/datanode-2/data/ratis/d213ebb5-2399-4c67-9ced-e43142290435/sm/snapshot.2_1 time:17
2019-10-08 05:32:23,993 [e4440853-ceb5-4c08-9120-56806a317b5f@group-E43142290435-StateMachineUpdater] INFO  impl.StateMachineUpdater (StateMachineUpdater.java:takeSnapshot(269)) - e4440853-ceb5-4c08-9120-56806a317b5f@group-E43142290435-StateMachineUpdater: Took a snapshot at index 1
2019-10-08 05:32:23,993 [e4440853-ceb5-4c08-9120-56806a317b5f@group-E43142290435-StateMachineUpdater] INFO  impl.StateMachineUpdater (StateMachineUpdater.java:lambda$new$0(84)) - e4440853-ceb5-4c08-9120-56806a317b5f@group-E43142290435-StateMachineUpdater: snapshotIndex: updateIncreasingly -1 -> 1
2019-10-08 05:32:23,993 [e4440853-ceb5-4c08-9120-56806a317b5f@group-E43142290435-StateMachineUpdater] INFO  ratis.ContainerStateMachine (ContainerStateMachine.java:takeSnapshot(294)) - group-E43142290435: Taking a snapshot at:(t:2, i:1) file /workdir/hadoop-ozone/integration-test/target/test-dir/MiniOzoneClusterImpl-869efc9b-3216-425f-b64d-d5131aedb6a0/datanode-2/data/ratis/d213ebb5-2399-4c67-9ced-e43142290435/sm/snapshot.2_1
2019-10-08 05:32:23,997 [e4440853-ceb5-4c08-9120-56806a317b5f@group-E43142290435-StateMachineUpdater] INFO  ratis.ContainerStateMachine (ContainerStateMachine.java:takeSnapshot(305)) - group-E43142290435: Finished taking a snapshot at:(t:2, i:1) file:/workdir/hadoop-ozone/integration-test/target/test-dir/MiniOzoneClusterImpl-869efc9b-3216-425f-b64d-d5131aedb6a0/datanode-2/data/ratis/d213ebb5-2399-4c67-9ced-e43142290435/sm/snapshot.2_1 time:3
2019-10-08 05:32:23,997 [e4440853-ceb5-4c08-9120-56806a317b5f@group-E43142290435-StateMachineUpdater] INFO  impl.StateMachineUpdater (StateMachineUpdater.java:takeSnapshot(269)) - e4440853-ceb5-4c08-9120-56806a317b5f@group-E43142290435-StateMachineUpdater: Took a snapshot at index 1
2019-10-08 05:32:23,997 [e4440853-ceb5-4c08-9120-56806a317b5f@group-E43142290435-StateMachineUpdater] INFO  impl.StateMachineUpdater (StateMachineUpdater.java:lambda$new$0(84)) - e4440853-ceb5-4c08-9120-56806a317b5f@group-E43142290435-StateMachineUpdater: snapshotIndex: updateIncreasingly 1 -> 1
2019-10-08 05:32:23,997 [ForkJoinPool.commonPool-worker-0] INFO  impl.RaftServerImpl (ServerState.java:close(387)) - e4440853-ceb5-4c08-9120-56806a317b5f@group-E43142290435: closes. applyIndex: 2
2019-10-08 05:32:23,998 [e4440853-ceb5-4c08-9120-56806a317b5f@group-E43142290435-SegmentedRaftLogWorker] INFO  segmented.SegmentedRaftLogWorker (SegmentedRaftLogWorker.java:run(316)) - e4440853-ceb5-4c08-9120-56806a317b5f@group-E43142290435-SegmentedRaftLogWorker was interrupted, exiting. There are 0 tasks remaining in the queue.
2019-10-08 05:32:23,999 [ForkJoinPool.commonPool-worker-0] INFO  segmented.SegmentedRaftLogWorker (SegmentedRaftLogWorker.java:close(224)) - e4440853-ceb5-4c08-9120-56806a317b5f@group-E43142290435-SegmentedRaftLogWorker close()
2019-10-08 05:32:24,002 [main] INFO  server.GrpcService (GrpcService.java:closeImpl(164)) - e4440853-ceb5-4c08-9120-56806a317b5f: shutdown server with port 41472 now
2019-10-08 05:32:24,005 [main] INFO  server.GrpcService (GrpcService.java:closeImpl(172)) - e4440853-ceb5-4c08-9120-56806a317b5f: shutdown server with port 41472 successfully
2019-10-08 05:32:24,005 [grpc-default-executor-1] WARN  server.GrpcLogAppender (LogUtils.java:warn(134)) - 71ff35e1-9876-4cd7-a897-fd9670beabcb@group-E43142290435->e4440853-ceb5-4c08-9120-56806a317b5f-AppendLogResponseHandler: Failed appendEntries: org.apache.ratis.thirdparty.io.grpc.StatusRuntimeException: CANCELLED: HTTP/2 error code: CANCEL
Received Rst Stream
2019-10-08 05:32:24,005 [grpc-default-executor-6] WARN  server.GrpcServerProtocolService (LogUtils.java:warn(134)) - e4440853-ceb5-4c08-9120-56806a317b5f: installSnapshot onError, lastRequest: 71ff35e1-9876-4cd7-a897-fd9670beabcb->e4440853-ceb5-4c08-9120-56806a317b5f#7-t2, previous=(t:2, i:2), leaderCommit=2, initializing? false, entries: <empty>: org.apache.ratis.thirdparty.io.grpc.StatusRuntimeException: CANCELLED: cancelled before receiving half close
2019-10-08 05:32:24,006 [grpc-default-executor-1] INFO  impl.FollowerInfo (FollowerInfo.java:lambda$new$0(51)) - 71ff35e1-9876-4cd7-a897-fd9670beabcb@group-E43142290435->e4440853-ceb5-4c08-9120-56806a317b5f: nextIndex: updateUnconditionally 3 -> 2
2019-10-08 05:32:24,007 [refreshUsed-/workdir/hadoop-ozone/integration-test/target/test-dir/MiniOzoneClusterImpl-869efc9b-3216-425f-b64d-d5131aedb6a0/datanode-2/data/containers] WARN  fs.CachingGetSpaceUsed (CachingGetSpaceUsed.java:run(183)) - Thread Interrupted waiting to refresh disk information: sleep interrupted
2019-10-08 05:32:24,024 [main] INFO  utils.BackgroundService (BackgroundService.java:shutdown(148)) - Shutting down service BlockDeletingService
2019-10-08 05:32:24,029 [main] INFO  statemachine.DatanodeStateMachine (DatanodeStateMachine.java:stopDaemon(395)) - Ozone container server stopped.
2019-10-08 05:32:24,030 [main] INFO  handler.ContextHandler (ContextHandler.java:doStop(910)) - Stopped o.e.j.w.WebAppContext@606a1bc4{/,null,UNAVAILABLE}{/hddsDatanode}
2019-10-08 05:32:24,031 [main] INFO  server.AbstractConnector (AbstractConnector.java:doStop(318)) - Stopped ServerConnector@6a15b73{HTTP/1.1,[http/1.1]}{0.0.0.0:0}
2019-10-08 05:32:24,031 [main] INFO  handler.ContextHandler (ContextHandler.java:doStop(910)) - Stopped o.e.j.s.ServletContextHandler@6a32191e{/static,jar:file:/home/user/.m2/repository/org/apache/hadoop/hadoop-hdds-container-service/0.5.0-SNAPSHOT/hadoop-hdds-container-service-0.5.0-SNAPSHOT.jar!/webapps/static,UNAVAILABLE}
2019-10-08 05:32:24,031 [main] INFO  handler.ContextHandler (ContextHandler.java:doStop(910)) - Stopped o.e.j.s.ServletContextHandler@134f8ef6{/logs,file:///workdir/hadoop-ozone/integration-test/target/log,UNAVAILABLE}
2019-10-08 05:32:26,324 [grpc-default-executor-6] WARN  server.GrpcLogAppender (LogUtils.java:warn(134)) - 71ff35e1-9876-4cd7-a897-fd9670beabcb@group-E43142290435->fe02ea69-9380-4bcd-bf4a-8927edb33a1c-AppendLogResponseHandler: Failed appendEntries: org.apache.ratis.thirdparty.io.grpc.StatusRuntimeException: UNAVAILABLE: io exception
2019-10-08 05:32:26,324 [grpc-default-executor-6] INFO  impl.FollowerInfo (FollowerInfo.java:lambda$new$0(51)) - 71ff35e1-9876-4cd7-a897-fd9670beabcb@group-E43142290435->fe02ea69-9380-4bcd-bf4a-8927edb33a1c: nextIndex: updateUnconditionally 0 -> 0
2019-10-08 05:32:26,331 [grpc-default-executor-8] WARN  server.GrpcLogAppender (LogUtils.java:warn(134)) - 71ff35e1-9876-4cd7-a897-fd9670beabcb@group-E43142290435->e4440853-ceb5-4c08-9120-56806a317b5f-AppendLogResponseHandler: Failed appendEntries: org.apache.ratis.thirdparty.io.grpc.StatusRuntimeException: UNAVAILABLE: io exception
2019-10-08 05:32:26,332 [grpc-default-executor-8] INFO  impl.FollowerInfo (FollowerInfo.java:lambda$new$0(51)) - 71ff35e1-9876-4cd7-a897-fd9670beabcb@group-E43142290435->e4440853-ceb5-4c08-9120-56806a317b5f: nextIndex: updateUnconditionally 2 -> 1
2019-10-08 05:32:28,828 [grpc-default-executor-1] WARN  server.GrpcLogAppender (LogUtils.java:warn(134)) - 71ff35e1-9876-4cd7-a897-fd9670beabcb@group-E43142290435->fe02ea69-9380-4bcd-bf4a-8927edb33a1c-AppendLogResponseHandler: Failed appendEntries: org.apache.ratis.thirdparty.io.grpc.StatusRuntimeException: UNAVAILABLE: io exception
2019-10-08 05:32:28,829 [grpc-default-executor-1] INFO  impl.FollowerInfo (FollowerInfo.java:lambda$new$0(51)) - 71ff35e1-9876-4cd7-a897-fd9670beabcb@group-E43142290435->fe02ea69-9380-4bcd-bf4a-8927edb33a1c: nextIndex: updateUnconditionally 0 -> 0
2019-10-08 05:32:28,832 [grpc-default-executor-6] WARN  server.GrpcLogAppender (LogUtils.java:warn(134)) - 71ff35e1-9876-4cd7-a897-fd9670beabcb@group-E43142290435->e4440853-ceb5-4c08-9120-56806a317b5f-AppendLogResponseHandler: Failed appendEntries: org.apache.ratis.thirdparty.io.grpc.StatusRuntimeException: UNAVAILABLE: io exception
2019-10-08 05:32:28,832 [grpc-default-executor-6] INFO  impl.FollowerInfo (FollowerInfo.java:lambda$new$0(51)) - 71ff35e1-9876-4cd7-a897-fd9670beabcb@group-E43142290435->e4440853-ceb5-4c08-9120-56806a317b5f: nextIndex: updateUnconditionally 1 -> 0
2019-10-08 05:32:31,327 [grpc-default-executor-8] WARN  server.GrpcLogAppender (LogUtils.java:warn(134)) - 71ff35e1-9876-4cd7-a897-fd9670beabcb@group-E43142290435->fe02ea69-9380-4bcd-bf4a-8927edb33a1c-AppendLogResponseHandler: Failed appendEntries: org.apache.ratis.thirdparty.io.grpc.StatusRuntimeException: UNAVAILABLE: io exception
2019-10-08 05:32:31,328 [grpc-default-executor-8] INFO  impl.FollowerInfo (FollowerInfo.java:lambda$new$0(51)) - 71ff35e1-9876-4cd7-a897-fd9670beabcb@group-E43142290435->fe02ea69-9380-4bcd-bf4a-8927edb33a1c: nextIndex: updateUnconditionally 0 -> 0
2019-10-08 05:32:31,333 [grpc-default-executor-1] WARN  server.GrpcLogAppender (LogUtils.java:warn(134)) - 71ff35e1-9876-4cd7-a897-fd9670beabcb@group-E43142290435->e4440853-ceb5-4c08-9120-56806a317b5f-AppendLogResponseHandler: Failed appendEntries: org.apache.ratis.thirdparty.io.grpc.StatusRuntimeException: UNAVAILABLE: io exception
2019-10-08 05:32:31,333 [grpc-default-executor-1] INFO  impl.FollowerInfo (FollowerInfo.java:lambda$new$0(51)) - 71ff35e1-9876-4cd7-a897-fd9670beabcb@group-E43142290435->e4440853-ceb5-4c08-9120-56806a317b5f: nextIndex: updateUnconditionally 0 -> 0
2019-10-08 05:32:33,828 [grpc-default-executor-6] WARN  server.GrpcLogAppender (LogUtils.java:warn(134)) - 71ff35e1-9876-4cd7-a897-fd9670beabcb@group-E43142290435->fe02ea69-9380-4bcd-bf4a-8927edb33a1c-AppendLogResponseHandler: Failed appendEntries: org.apache.ratis.thirdparty.io.grpc.StatusRuntimeException: UNAVAILABLE: io exception
2019-10-08 05:32:33,830 [grpc-default-executor-6] INFO  impl.FollowerInfo (FollowerInfo.java:lambda$new$0(51)) - 71ff35e1-9876-4cd7-a897-fd9670beabcb@group-E43142290435->fe02ea69-9380-4bcd-bf4a-8927edb33a1c: nextIndex: updateUnconditionally 0 -> 0
2019-10-08 05:32:33,833 [grpc-default-executor-6] WARN  server.GrpcLogAppender (LogUtils.java:warn(134)) - 71ff35e1-9876-4cd7-a897-fd9670beabcb@group-E43142290435->e4440853-ceb5-4c08-9120-56806a317b5f-AppendLogResponseHandler: Failed appendEntries: org.apache.ratis.thirdparty.io.grpc.StatusRuntimeException: UNAVAILABLE: io exception
2019-10-08 05:32:33,834 [grpc-default-executor-6] INFO  impl.FollowerInfo (FollowerInfo.java:lambda$new$0(51)) - 71ff35e1-9876-4cd7-a897-fd9670beabcb@group-E43142290435->e4440853-ceb5-4c08-9120-56806a317b5f: nextIndex: updateUnconditionally 0 -> 0
2019-10-08 05:32:34,860 [Thread-1605] INFO  client.GrpcClientProtocolService (GrpcClientProtocolService.java:lambda$processClientRequest$0(278)) - Failed RaftClientRequest:client-A128CBF95CC4->71ff35e1-9876-4cd7-a897-fd9670beabcb@group-E43142290435, cid=67, seq=0, Watch-ALL_COMMITTED(11), Message:<EMPTY>, reply=RaftClientReply:client-A128CBF95CC4->71ff35e1-9876-4cd7-a897-fd9670beabcb@group-E43142290435, cid=67, FAILED org.apache.ratis.protocol.NotReplicatedException: Request with call Id 67 and log index 11 is not yet replicated to ALL_COMMITTED, logIndex=11, commits[71ff35e1-9876-4cd7-a897-fd9670beabcb:c2, fe02ea69-9380-4bcd-bf4a-8927edb33a1c:c2, e4440853-ceb5-4c08-9120-56806a317b5f:c2]
2019-10-08 05:32:36,331 [grpc-default-executor-6] WARN  server.GrpcLogAppender (LogUtils.java:warn(134)) - 71ff35e1-9876-4cd7-a897-fd9670beabcb@group-E43142290435->fe02ea69-9380-4bcd-bf4a-8927edb33a1c-AppendLogResponseHandler: Failed appendEntries: org.apache.ratis.thirdparty.io.grpc.StatusRuntimeException: UNAVAILABLE: io exception
2019-10-08 05:32:36,332 [grpc-default-executor-6] INFO  impl.FollowerInfo (FollowerInfo.java:lambda$new$0(51)) - 71ff35e1-9876-4cd7-a897-fd9670beabcb@group-E43142290435->fe02ea69-9380-4bcd-bf4a-8927edb33a1c: nextIndex: updateUnconditionally 0 -> 0
2019-10-08 05:32:36,334 [grpc-default-executor-1] WARN  server.GrpcLogAppender (LogUtils.java:warn(134)) - 71ff35e1-9876-4cd7-a897-fd9670beabcb@group-E43142290435->e4440853-ceb5-4c08-9120-56806a317b5f-AppendLogResponseHandler: Failed appendEntries: org.apache.ratis.thirdparty.io.grpc.StatusRuntimeException: UNAVAILABLE: io exception
2019-10-08 05:32:36,335 [grpc-default-executor-1] INFO  impl.FollowerInfo (FollowerInfo.java:lambda$new$0(51)) - 71ff35e1-9876-4cd7-a897-fd9670beabcb@group-E43142290435->e4440853-ceb5-4c08-9120-56806a317b5f: nextIndex: updateUnconditionally 0 -> 0
2019-10-08 05:32:38,835 [grpc-default-executor-1] WARN  server.GrpcLogAppender (LogUtils.java:warn(134)) - 71ff35e1-9876-4cd7-a897-fd9670beabcb@group-E43142290435->fe02ea69-9380-4bcd-bf4a-8927edb33a1c-AppendLogResponseHandler: Failed appendEntries: org.apache.ratis.thirdparty.io.grpc.StatusRuntimeException: UNAVAILABLE: io exception
2019-10-08 05:32:38,836 [grpc-default-executor-7] WARN  server.GrpcLogAppender (LogUtils.java:warn(134)) - 71ff35e1-9876-4cd7-a897-fd9670beabcb@group-E43142290435->e4440853-ceb5-4c08-9120-56806a317b5f-AppendLogResponseHandler: Failed appendEntries: org.apache.ratis.thirdparty.io.grpc.StatusRuntimeException: UNAVAILABLE: io exception
2019-10-08 05:32:38,836 [grpc-default-executor-7] INFO  impl.FollowerInfo (FollowerInfo.java:lambda$new$0(51)) - 71ff35e1-9876-4cd7-a897-fd9670beabcb@group-E43142290435->e4440853-ceb5-4c08-9120-56806a317b5f: nextIndex: updateUnconditionally 0 -> 0
2019-10-08 05:32:38,836 [grpc-default-executor-1] INFO  impl.FollowerInfo (FollowerInfo.java:lambda$new$0(51)) - 71ff35e1-9876-4cd7-a897-fd9670beabcb@group-E43142290435->fe02ea69-9380-4bcd-bf4a-8927edb33a1c: nextIndex: updateUnconditionally 0 -> 0
2019-10-08 05:32:41,337 [grpc-default-executor-6] WARN  server.GrpcLogAppender (LogUtils.java:warn(134)) - 71ff35e1-9876-4cd7-a897-fd9670beabcb@group-E43142290435->fe02ea69-9380-4bcd-bf4a-8927edb33a1c-AppendLogResponseHandler: Failed appendEntries: org.apache.ratis.thirdparty.io.grpc.StatusRuntimeException: UNAVAILABLE: io exception
2019-10-08 05:32:41,337 [grpc-default-executor-8] WARN  server.GrpcLogAppender (LogUtils.java:warn(134)) - 71ff35e1-9876-4cd7-a897-fd9670beabcb@group-E43142290435->e4440853-ceb5-4c08-9120-56806a317b5f-AppendLogResponseHandler: Failed appendEntries: org.apache.ratis.thirdparty.io.grpc.StatusRuntimeException: UNAVAILABLE: io exception
2019-10-08 05:32:41,338 [grpc-default-executor-6] INFO  impl.FollowerInfo (FollowerInfo.java:lambda$new$0(51)) - 71ff35e1-9876-4cd7-a897-fd9670beabcb@group-E43142290435->fe02ea69-9380-4bcd-bf4a-8927edb33a1c: nextIndex: updateUnconditionally 0 -> 0
2019-10-08 05:32:41,338 [grpc-default-executor-8] INFO  impl.FollowerInfo (FollowerInfo.java:lambda$new$0(51)) - 71ff35e1-9876-4cd7-a897-fd9670beabcb@group-E43142290435->e4440853-ceb5-4c08-9120-56806a317b5f: nextIndex: updateUnconditionally 0 -> 0
2019-10-08 05:32:43,841 [grpc-default-executor-8] WARN  server.GrpcLogAppender (LogUtils.java:warn(134)) - 71ff35e1-9876-4cd7-a897-fd9670beabcb@group-E43142290435->e4440853-ceb5-4c08-9120-56806a317b5f-AppendLogResponseHandler: Failed appendEntries: org.apache.ratis.thirdparty.io.grpc.StatusRuntimeException: UNAVAILABLE: io exception
2019-10-08 05:32:43,841 [grpc-default-executor-4] WARN  server.GrpcLogAppender (LogUtils.java:warn(134)) - 71ff35e1-9876-4cd7-a897-fd9670beabcb@group-E43142290435->fe02ea69-9380-4bcd-bf4a-8927edb33a1c-AppendLogResponseHandler: Failed appendEntries: org.apache.ratis.thirdparty.io.grpc.StatusRuntimeException: UNAVAILABLE: io exception
2019-10-08 05:32:43,842 [grpc-default-executor-8] INFO  impl.FollowerInfo (FollowerInfo.java:lambda$new$0(51)) - 71ff35e1-9876-4cd7-a897-fd9670beabcb@group-E43142290435->e4440853-ceb5-4c08-9120-56806a317b5f: nextIndex: updateUnconditionally 0 -> 0
2019-10-08 05:32:43,842 [grpc-default-executor-4] INFO  impl.FollowerInfo (FollowerInfo.java:lambda$new$0(51)) - 71ff35e1-9876-4cd7-a897-fd9670beabcb@group-E43142290435->fe02ea69-9380-4bcd-bf4a-8927edb33a1c: nextIndex: updateUnconditionally 0 -> 0
2019-10-08 05:32:44,034 [main] WARN  scm.XceiverClientRatis (XceiverClientRatis.java:watchForCommit(269)) - 3 way commit failed on pipeline Pipeline[ Id: d213ebb5-2399-4c67-9ced-e43142290435, Nodes: fe02ea69-9380-4bcd-bf4a-8927edb33a1c{ip: 192.168.5.191, host: trunk-nightly-20191008-swvtb-1756096174, networkLocation: /default-rack, certSerialId: null}e4440853-ceb5-4c08-9120-56806a317b5f{ip: 192.168.5.191, host: trunk-nightly-20191008-swvtb-1756096174, networkLocation: /default-rack, certSerialId: null}71ff35e1-9876-4cd7-a897-fd9670beabcb{ip: 192.168.5.191, host: trunk-nightly-20191008-swvtb-1756096174, networkLocation: /default-rack, certSerialId: null}, Type:RATIS, Factor:THREE, State:OPEN]
java.util.concurrent.TimeoutException
	at java.util.concurrent.CompletableFuture.timedGet(CompletableFuture.java:1771)
	at java.util.concurrent.CompletableFuture.get(CompletableFuture.java:1915)
	at org.apache.hadoop.hdds.scm.XceiverClientRatis.watchForCommit(XceiverClientRatis.java:266)
	at org.apache.hadoop.ozone.client.rpc.TestWatchForCommit.testWatchForCommitForRetryfailure(TestWatchForCommit.java:345)
	at sun.reflect.NativeMethodAccessorImpl.invoke0(Native Method)
	at sun.reflect.NativeMethodAccessorImpl.invoke(NativeMethodAccessorImpl.java:62)
	at sun.reflect.DelegatingMethodAccessorImpl.invoke(DelegatingMethodAccessorImpl.java:43)
	at java.lang.reflect.Method.invoke(Method.java:498)
	at org.junit.runners.model.FrameworkMethod$1.runReflectiveCall(FrameworkMethod.java:47)
	at org.junit.internal.runners.model.ReflectiveCallable.run(ReflectiveCallable.java:12)
	at org.junit.runners.model.FrameworkMethod.invokeExplosively(FrameworkMethod.java:44)
	at org.junit.internal.runners.statements.InvokeMethod.evaluate(InvokeMethod.java:17)
	at org.junit.runners.ParentRunner.runLeaf(ParentRunner.java:271)
	at org.junit.runners.BlockJUnit4ClassRunner.runChild(BlockJUnit4ClassRunner.java:70)
	at org.junit.runners.BlockJUnit4ClassRunner.runChild(BlockJUnit4ClassRunner.java:50)
	at org.junit.runners.ParentRunner$3.run(ParentRunner.java:238)
	at org.junit.runners.ParentRunner$1.schedule(ParentRunner.java:63)
	at org.junit.runners.ParentRunner.runChildren(ParentRunner.java:236)
	at org.junit.runners.ParentRunner.access$000(ParentRunner.java:53)
	at org.junit.runners.ParentRunner$2.evaluate(ParentRunner.java:229)
	at org.junit.runners.ParentRunner.run(ParentRunner.java:309)
	at org.apache.maven.surefire.junit4.JUnit4Provider.execute(JUnit4Provider.java:365)
	at org.apache.maven.surefire.junit4.JUnit4Provider.executeWithRerun(JUnit4Provider.java:273)
	at org.apache.maven.surefire.junit4.JUnit4Provider.executeTestSet(JUnit4Provider.java:238)
	at org.apache.maven.surefire.junit4.JUnit4Provider.invoke(JUnit4Provider.java:159)
	at org.apache.maven.surefire.booter.ForkedBooter.invokeProviderInSameClassLoader(ForkedBooter.java:384)
	at org.apache.maven.surefire.booter.ForkedBooter.runSuitesInProcess(ForkedBooter.java:345)
	at org.apache.maven.surefire.booter.ForkedBooter.execute(ForkedBooter.java:126)
	at org.apache.maven.surefire.booter.ForkedBooter.main(ForkedBooter.java:418)
2019-10-08 05:32:45,857 [Thread-1621] INFO  client.GrpcClientProtocolService (GrpcClientProtocolService.java:lambda$processClientRequest$0(278)) - Failed RaftClientRequest:client-A128CBF95CC4->71ff35e1-9876-4cd7-a897-fd9670beabcb@group-E43142290435, cid=67, seq=0, Watch-ALL_COMMITTED(11), Message:<EMPTY>, reply=RaftClientReply:client-A128CBF95CC4->71ff35e1-9876-4cd7-a897-fd9670beabcb@group-E43142290435, cid=67, FAILED org.apache.ratis.protocol.NotReplicatedException: Request with call Id 67 and log index 11 is not yet replicated to ALL_COMMITTED, logIndex=11, commits[71ff35e1-9876-4cd7-a897-fd9670beabcb:c2, fe02ea69-9380-4bcd-bf4a-8927edb33a1c:c2, e4440853-ceb5-4c08-9120-56806a317b5f:c2]
2019-10-08 05:32:46,339 [grpc-default-executor-6] WARN  server.GrpcLogAppender (LogUtils.java:warn(134)) - 71ff35e1-9876-4cd7-a897-fd9670beabcb@group-E43142290435->fe02ea69-9380-4bcd-bf4a-8927edb33a1c-AppendLogResponseHandler: Failed appendEntries: org.apache.ratis.thirdparty.io.grpc.StatusRuntimeException: UNAVAILABLE: io exception
2019-10-08 05:32:46,339 [grpc-default-executor-5] WARN  server.GrpcLogAppender (LogUtils.java:warn(134)) - 71ff35e1-9876-4cd7-a897-fd9670beabcb@group-E43142290435->e4440853-ceb5-4c08-9120-56806a317b5f-AppendLogResponseHandler: Failed appendEntries: org.apache.ratis.thirdparty.io.grpc.StatusRuntimeException: UNAVAILABLE: io exception
2019-10-08 05:32:46,340 [grpc-default-executor-6] INFO  impl.FollowerInfo (FollowerInfo.java:lambda$new$0(51)) - 71ff35e1-9876-4cd7-a897-fd9670beabcb@group-E43142290435->fe02ea69-9380-4bcd-bf4a-8927edb33a1c: nextIndex: updateUnconditionally 0 -> 0
2019-10-08 05:32:46,340 [grpc-default-executor-5] INFO  impl.FollowerInfo (FollowerInfo.java:lambda$new$0(51)) - 71ff35e1-9876-4cd7-a897-fd9670beabcb@group-E43142290435->e4440853-ceb5-4c08-9120-56806a317b5f: nextIndex: updateUnconditionally 0 -> 0
2019-10-08 05:32:48,844 [grpc-default-executor-1] WARN  server.GrpcLogAppender (LogUtils.java:warn(134)) - 71ff35e1-9876-4cd7-a897-fd9670beabcb@group-E43142290435->e4440853-ceb5-4c08-9120-56806a317b5f-AppendLogResponseHandler: Failed appendEntries: org.apache.ratis.thirdparty.io.grpc.StatusRuntimeException: UNAVAILABLE: io exception
2019-10-08 05:32:48,844 [grpc-default-executor-5] WARN  server.GrpcLogAppender (LogUtils.java:warn(134)) - 71ff35e1-9876-4cd7-a897-fd9670beabcb@group-E43142290435->fe02ea69-9380-4bcd-bf4a-8927edb33a1c-AppendLogResponseHandler: Failed appendEntries: org.apache.ratis.thirdparty.io.grpc.StatusRuntimeException: UNAVAILABLE: io exception
2019-10-08 05:32:48,846 [grpc-default-executor-1] INFO  impl.FollowerInfo (FollowerInfo.java:lambda$new$0(51)) - 71ff35e1-9876-4cd7-a897-fd9670beabcb@group-E43142290435->e4440853-ceb5-4c08-9120-56806a317b5f: nextIndex: updateUnconditionally 0 -> 0
2019-10-08 05:32:48,846 [grpc-default-executor-5] INFO  impl.FollowerInfo (FollowerInfo.java:lambda$new$0(51)) - 71ff35e1-9876-4cd7-a897-fd9670beabcb@group-E43142290435->fe02ea69-9380-4bcd-bf4a-8927edb33a1c: nextIndex: updateUnconditionally 0 -> 0
2019-10-08 05:32:51,345 [grpc-default-executor-8] WARN  server.GrpcLogAppender (LogUtils.java:warn(134)) - 71ff35e1-9876-4cd7-a897-fd9670beabcb@group-E43142290435->e4440853-ceb5-4c08-9120-56806a317b5f-AppendLogResponseHandler: Failed appendEntries: org.apache.ratis.thirdparty.io.grpc.StatusRuntimeException: UNAVAILABLE: io exception
2019-10-08 05:32:51,345 [grpc-default-executor-5] WARN  server.GrpcLogAppender (LogUtils.java:warn(134)) - 71ff35e1-9876-4cd7-a897-fd9670beabcb@group-E43142290435->fe02ea69-9380-4bcd-bf4a-8927edb33a1c-AppendLogResponseHandler: Failed appendEntries: org.apache.ratis.thirdparty.io.grpc.StatusRuntimeException: UNAVAILABLE: io exception
2019-10-08 05:32:51,345 [grpc-default-executor-8] INFO  impl.FollowerInfo (FollowerInfo.java:lambda$new$0(51)) - 71ff35e1-9876-4cd7-a897-fd9670beabcb@group-E43142290435->e4440853-ceb5-4c08-9120-56806a317b5f: nextIndex: updateUnconditionally 0 -> 0
2019-10-08 05:32:51,346 [grpc-default-executor-5] INFO  impl.FollowerInfo (FollowerInfo.java:lambda$new$0(51)) - 71ff35e1-9876-4cd7-a897-fd9670beabcb@group-E43142290435->fe02ea69-9380-4bcd-bf4a-8927edb33a1c: nextIndex: updateUnconditionally 0 -> 0
2019-10-08 05:32:53,849 [grpc-default-executor-8] WARN  server.GrpcLogAppender (LogUtils.java:warn(134)) - 71ff35e1-9876-4cd7-a897-fd9670beabcb@group-E43142290435->fe02ea69-9380-4bcd-bf4a-8927edb33a1c-AppendLogResponseHandler: Failed appendEntries: org.apache.ratis.thirdparty.io.grpc.StatusRuntimeException: UNAVAILABLE: io exception
2019-10-08 05:32:53,849 [grpc-default-executor-6] WARN  server.GrpcLogAppender (LogUtils.java:warn(134)) - 71ff35e1-9876-4cd7-a897-fd9670beabcb@group-E43142290435->e4440853-ceb5-4c08-9120-56806a317b5f-AppendLogResponseHandler: Failed appendEntries: org.apache.ratis.thirdparty.io.grpc.StatusRuntimeException: UNAVAILABLE: io exception
2019-10-08 05:32:53,850 [grpc-default-executor-8] INFO  impl.FollowerInfo (FollowerInfo.java:lambda$new$0(51)) - 71ff35e1-9876-4cd7-a897-fd9670beabcb@group-E43142290435->fe02ea69-9380-4bcd-bf4a-8927edb33a1c: nextIndex: updateUnconditionally 0 -> 0
2019-10-08 05:32:53,850 [grpc-default-executor-6] INFO  impl.FollowerInfo (FollowerInfo.java:lambda$new$0(51)) - 71ff35e1-9876-4cd7-a897-fd9670beabcb@group-E43142290435->e4440853-ceb5-4c08-9120-56806a317b5f: nextIndex: updateUnconditionally 0 -> 0
2019-10-08 05:32:55,858 [Thread-1639] INFO  client.GrpcClientProtocolService (GrpcClientProtocolService.java:lambda$processClientRequest$0(278)) - Failed RaftClientRequest:client-A128CBF95CC4->71ff35e1-9876-4cd7-a897-fd9670beabcb@group-E43142290435, cid=68, seq=0, Watch-MAJORITY_COMMITTED(11), Message:<EMPTY>, reply=RaftClientReply:client-A128CBF95CC4->71ff35e1-9876-4cd7-a897-fd9670beabcb@group-E43142290435, cid=68, FAILED org.apache.ratis.protocol.NotReplicatedException: Request with call Id 68 and log index 11 is not yet replicated to MAJORITY_COMMITTED, logIndex=11, commits[71ff35e1-9876-4cd7-a897-fd9670beabcb:c2, fe02ea69-9380-4bcd-bf4a-8927edb33a1c:c2, e4440853-ceb5-4c08-9120-56806a317b5f:c2]
2019-10-08 05:32:55,858 [Thread-1638] INFO  client.GrpcClientProtocolService (GrpcClientProtocolService.java:lambda$processClientRequest$0(278)) - Failed RaftClientRequest:client-A128CBF95CC4->71ff35e1-9876-4cd7-a897-fd9670beabcb@group-E43142290435, cid=67, seq=0, Watch-ALL_COMMITTED(11), Message:<EMPTY>, reply=RaftClientReply:client-A128CBF95CC4->71ff35e1-9876-4cd7-a897-fd9670beabcb@group-E43142290435, cid=67, FAILED org.apache.ratis.protocol.NotReplicatedException: Request with call Id 67 and log index 11 is not yet replicated to ALL_COMMITTED, logIndex=11, commits[71ff35e1-9876-4cd7-a897-fd9670beabcb:c2, fe02ea69-9380-4bcd-bf4a-8927edb33a1c:c2, e4440853-ceb5-4c08-9120-56806a317b5f:c2]
2019-10-08 05:32:56,352 [grpc-default-executor-6] WARN  server.GrpcLogAppender (LogUtils.java:warn(134)) - 71ff35e1-9876-4cd7-a897-fd9670beabcb@group-E43142290435->fe02ea69-9380-4bcd-bf4a-8927edb33a1c-AppendLogResponseHandler: Failed appendEntries: org.apache.ratis.thirdparty.io.grpc.StatusRuntimeException: UNAVAILABLE: io exception
2019-10-08 05:32:56,352 [grpc-default-executor-5] WARN  server.GrpcLogAppender (LogUtils.java:warn(134)) - 71ff35e1-9876-4cd7-a897-fd9670beabcb@group-E43142290435->e4440853-ceb5-4c08-9120-56806a317b5f-AppendLogResponseHandler: Failed appendEntries: org.apache.ratis.thirdparty.io.grpc.StatusRuntimeException: UNAVAILABLE: io exception
2019-10-08 05:32:56,353 [grpc-default-executor-6] INFO  impl.FollowerInfo (FollowerInfo.java:lambda$new$0(51)) - 71ff35e1-9876-4cd7-a897-fd9670beabcb@group-E43142290435->fe02ea69-9380-4bcd-bf4a-8927edb33a1c: nextIndex: updateUnconditionally 0 -> 0
2019-10-08 05:32:56,353 [grpc-default-executor-5] INFO  impl.FollowerInfo (FollowerInfo.java:lambda$new$0(51)) - 71ff35e1-9876-4cd7-a897-fd9670beabcb@group-E43142290435->e4440853-ceb5-4c08-9120-56806a317b5f: nextIndex: updateUnconditionally 0 -> 0
2019-10-08 05:32:58,851 [grpc-default-executor-4] WARN  server.GrpcLogAppender (LogUtils.java:warn(134)) - 71ff35e1-9876-4cd7-a897-fd9670beabcb@group-E43142290435->e4440853-ceb5-4c08-9120-56806a317b5f-AppendLogResponseHandler: Failed appendEntries: org.apache.ratis.thirdparty.io.grpc.StatusRuntimeException: UNAVAILABLE: io exception
2019-10-08 05:32:58,852 [grpc-default-executor-4] INFO  impl.FollowerInfo (FollowerInfo.java:lambda$new$0(51)) - 71ff35e1-9876-4cd7-a897-fd9670beabcb@group-E43142290435->e4440853-ceb5-4c08-9120-56806a317b5f: nextIndex: updateUnconditionally 0 -> 0
2019-10-08 05:32:58,852 [grpc-default-executor-6] WARN  server.GrpcLogAppender (LogUtils.java:warn(134)) - 71ff35e1-9876-4cd7-a897-fd9670beabcb@group-E43142290435->fe02ea69-9380-4bcd-bf4a-8927edb33a1c-AppendLogResponseHandler: Failed appendEntries: org.apache.ratis.thirdparty.io.grpc.StatusRuntimeException: UNAVAILABLE: io exception
2019-10-08 05:32:58,853 [grpc-default-executor-6] INFO  impl.FollowerInfo (FollowerInfo.java:lambda$new$0(51)) - 71ff35e1-9876-4cd7-a897-fd9670beabcb@group-E43142290435->fe02ea69-9380-4bcd-bf4a-8927edb33a1c: nextIndex: updateUnconditionally 0 -> 0
2019-10-08 05:33:01,352 [grpc-default-executor-4] WARN  server.GrpcLogAppender (LogUtils.java:warn(134)) - 71ff35e1-9876-4cd7-a897-fd9670beabcb@group-E43142290435->e4440853-ceb5-4c08-9120-56806a317b5f-AppendLogResponseHandler: Failed appendEntries: org.apache.ratis.thirdparty.io.grpc.StatusRuntimeException: UNAVAILABLE: io exception
2019-10-08 05:33:01,353 [grpc-default-executor-4] INFO  impl.FollowerInfo (FollowerInfo.java:lambda$new$0(51)) - 71ff35e1-9876-4cd7-a897-fd9670beabcb@group-E43142290435->e4440853-ceb5-4c08-9120-56806a317b5f: nextIndex: updateUnconditionally 0 -> 0
2019-10-08 05:33:01,353 [grpc-default-executor-5] WARN  server.GrpcLogAppender (LogUtils.java:warn(134)) - 71ff35e1-9876-4cd7-a897-fd9670beabcb@group-E43142290435->fe02ea69-9380-4bcd-bf4a-8927edb33a1c-AppendLogResponseHandler: Failed appendEntries: org.apache.ratis.thirdparty.io.grpc.StatusRuntimeException: UNAVAILABLE: io exception
2019-10-08 05:33:01,353 [grpc-default-executor-5] INFO  impl.FollowerInfo (FollowerInfo.java:lambda$new$0(51)) - 71ff35e1-9876-4cd7-a897-fd9670beabcb@group-E43142290435->fe02ea69-9380-4bcd-bf4a-8927edb33a1c: nextIndex: updateUnconditionally 0 -> 0
2019-10-08 05:33:03,854 [grpc-default-executor-1] WARN  server.GrpcLogAppender (LogUtils.java:warn(134)) - 71ff35e1-9876-4cd7-a897-fd9670beabcb@group-E43142290435->e4440853-ceb5-4c08-9120-56806a317b5f-AppendLogResponseHandler: Failed appendEntries: org.apache.ratis.thirdparty.io.grpc.StatusRuntimeException: UNAVAILABLE: io exception
2019-10-08 05:33:03,854 [grpc-default-executor-7] WARN  server.GrpcLogAppender (LogUtils.java:warn(134)) - 71ff35e1-9876-4cd7-a897-fd9670beabcb@group-E43142290435->fe02ea69-9380-4bcd-bf4a-8927edb33a1c-AppendLogResponseHandler: Failed appendEntries: org.apache.ratis.thirdparty.io.grpc.StatusRuntimeException: UNAVAILABLE: io exception
2019-10-08 05:33:03,855 [grpc-default-executor-1] INFO  impl.FollowerInfo (FollowerInfo.java:lambda$new$0(51)) - 71ff35e1-9876-4cd7-a897-fd9670beabcb@group-E43142290435->e4440853-ceb5-4c08-9120-56806a317b5f: nextIndex: updateUnconditionally 0 -> 0
2019-10-08 05:33:03,855 [grpc-default-executor-7] INFO  impl.FollowerInfo (FollowerInfo.java:lambda$new$0(51)) - 71ff35e1-9876-4cd7-a897-fd9670beabcb@group-E43142290435->fe02ea69-9380-4bcd-bf4a-8927edb33a1c: nextIndex: updateUnconditionally 0 -> 0
]]></system-out>
    <system-err><![CDATA[Oct 08, 2019 5:32:18 AM org.apache.ratis.thirdparty.io.grpc.internal.SerializingExecutor run
SEVERE: Exception while executing runnable org.apache.ratis.thirdparty.io.grpc.internal.ServerImpl$JumpToApplicationThreadServerStreamListener$1Closed@5eaf70de
org.apache.ratis.thirdparty.io.grpc.StatusRuntimeException: CANCELLED: call already cancelled
	at org.apache.ratis.thirdparty.io.grpc.Status.asRuntimeException(Status.java:517)
	at org.apache.ratis.thirdparty.io.grpc.stub.ServerCalls$ServerCallStreamObserverImpl.onCompleted(ServerCalls.java:356)
	at org.apache.ratis.grpc.server.GrpcServerProtocolService$ServerRequestStreamObserver.onError(GrpcServerProtocolService.java:121)
	at org.apache.ratis.thirdparty.io.grpc.stub.ServerCalls$StreamingServerCallHandler$StreamingServerCallListener.onCancel(ServerCalls.java:269)
	at org.apache.ratis.thirdparty.io.grpc.internal.ServerCallImpl$ServerStreamListenerImpl.closed(ServerCallImpl.java:293)
	at org.apache.ratis.thirdparty.io.grpc.internal.ServerImpl$JumpToApplicationThreadServerStreamListener$1Closed.runInContext(ServerImpl.java:741)
	at org.apache.ratis.thirdparty.io.grpc.internal.ContextRunnable.run(ContextRunnable.java:37)
	at org.apache.ratis.thirdparty.io.grpc.internal.SerializingExecutor.run(SerializingExecutor.java:123)
	at java.util.concurrent.ThreadPoolExecutor.runWorker(ThreadPoolExecutor.java:1149)
	at java.util.concurrent.ThreadPoolExecutor$Worker.run(ThreadPoolExecutor.java:624)
	at java.lang.Thread.run(Thread.java:748)

Oct 08, 2019 5:32:24 AM org.apache.ratis.thirdparty.io.grpc.internal.SerializingExecutor run
SEVERE: Exception while executing runnable org.apache.ratis.thirdparty.io.grpc.internal.ServerImpl$JumpToApplicationThreadServerStreamListener$1Closed@3ff89efc
org.apache.ratis.thirdparty.io.grpc.StatusRuntimeException: CANCELLED: call already cancelled
	at org.apache.ratis.thirdparty.io.grpc.Status.asRuntimeException(Status.java:517)
	at org.apache.ratis.thirdparty.io.grpc.stub.ServerCalls$ServerCallStreamObserverImpl.onCompleted(ServerCalls.java:356)
	at org.apache.ratis.grpc.server.GrpcServerProtocolService$ServerRequestStreamObserver.onError(GrpcServerProtocolService.java:121)
	at org.apache.ratis.thirdparty.io.grpc.stub.ServerCalls$StreamingServerCallHandler$StreamingServerCallListener.onCancel(ServerCalls.java:269)
	at org.apache.ratis.thirdparty.io.grpc.internal.ServerCallImpl$ServerStreamListenerImpl.closed(ServerCallImpl.java:293)
	at org.apache.ratis.thirdparty.io.grpc.internal.ServerImpl$JumpToApplicationThreadServerStreamListener$1Closed.runInContext(ServerImpl.java:741)
	at org.apache.ratis.thirdparty.io.grpc.internal.ContextRunnable.run(ContextRunnable.java:37)
	at org.apache.ratis.thirdparty.io.grpc.internal.SerializingExecutor.run(SerializingExecutor.java:123)
	at java.util.concurrent.ThreadPoolExecutor.runWorker(ThreadPoolExecutor.java:1149)
	at java.util.concurrent.ThreadPoolExecutor$Worker.run(ThreadPoolExecutor.java:624)
	at java.lang.Thread.run(Thread.java:748)

]]></system-err>
  </testcase>
  <testcase name="testWatchForCommitForGroupMismatchException" classname="org.apache.hadoop.ozone.client.rpc.TestWatchForCommit" time="32.519"/>
  <testcase name="test2WayCommitForTimeoutException" classname="org.apache.hadoop.ozone.client.rpc.TestWatchForCommit" time="27.207">
    <error message="org.apache.ratis.protocol.RaftRetryFailureException: Failed RaftClientRequest:client-56E6E675D1C1-&gt;0b4587bd-9f4b-4d13-9ec4-affd273f2fd1@group-02D5F1FD265B, cid=104, seq=2*, RW, cmdType: CloseContainer&#10;traceID: &quot;4b3f9bac8d521bdf:4b3f9bac8d521bdf:0:0&quot;&#10;containerID: 1&#10;datanodeUuid: &quot;ff36f637-8ae1-4c92-8b77-4e45f4128437&quot;&#10;closeContainer {&#10;}&#10;, data.size=0 for 20 attempts with RetryLimited(maxAttempts=20, sleepTime=1000ms)" type="java.util.concurrent.ExecutionException">java.util.concurrent.ExecutionException: 
org.apache.ratis.protocol.RaftRetryFailureException: Failed RaftClientRequest:client-56E6E675D1C1->0b4587bd-9f4b-4d13-9ec4-affd273f2fd1@group-02D5F1FD265B, cid=104, seq=2*, RW, cmdType: CloseContainer
traceID: "4b3f9bac8d521bdf:4b3f9bac8d521bdf:0:0"
containerID: 1
datanodeUuid: "ff36f637-8ae1-4c92-8b77-4e45f4128437"
closeContainer {
}
, data.size=0 for 20 attempts with RetryLimited(maxAttempts=20, sleepTime=1000ms)
	at java.util.concurrent.CompletableFuture.reportGet(CompletableFuture.java:357)
	at java.util.concurrent.CompletableFuture.get(CompletableFuture.java:1895)
	at org.apache.hadoop.ozone.client.rpc.TestWatchForCommit.test2WayCommitForTimeoutException(TestWatchForCommit.java:390)
	at sun.reflect.NativeMethodAccessorImpl.invoke0(Native Method)
	at sun.reflect.NativeMethodAccessorImpl.invoke(NativeMethodAccessorImpl.java:62)
	at sun.reflect.DelegatingMethodAccessorImpl.invoke(DelegatingMethodAccessorImpl.java:43)
	at java.lang.reflect.Method.invoke(Method.java:498)
	at org.junit.runners.model.FrameworkMethod$1.runReflectiveCall(FrameworkMethod.java:47)
	at org.junit.internal.runners.model.ReflectiveCallable.run(ReflectiveCallable.java:12)
	at org.junit.runners.model.FrameworkMethod.invokeExplosively(FrameworkMethod.java:44)
	at org.junit.internal.runners.statements.InvokeMethod.evaluate(InvokeMethod.java:17)
	at org.junit.runners.ParentRunner.runLeaf(ParentRunner.java:271)
	at org.junit.runners.BlockJUnit4ClassRunner.runChild(BlockJUnit4ClassRunner.java:70)
	at org.junit.runners.BlockJUnit4ClassRunner.runChild(BlockJUnit4ClassRunner.java:50)
	at org.junit.runners.ParentRunner$3.run(ParentRunner.java:238)
	at org.junit.runners.ParentRunner$1.schedule(ParentRunner.java:63)
	at org.junit.runners.ParentRunner.runChildren(ParentRunner.java:236)
	at org.junit.runners.ParentRunner.access$000(ParentRunner.java:53)
	at org.junit.runners.ParentRunner$2.evaluate(ParentRunner.java:229)
	at org.junit.runners.ParentRunner.run(ParentRunner.java:309)
	at org.apache.maven.surefire.junit4.JUnit4Provider.execute(JUnit4Provider.java:365)
	at org.apache.maven.surefire.junit4.JUnit4Provider.executeWithRerun(JUnit4Provider.java:273)
	at org.apache.maven.surefire.junit4.JUnit4Provider.executeTestSet(JUnit4Provider.java:238)
	at org.apache.maven.surefire.junit4.JUnit4Provider.invoke(JUnit4Provider.java:159)
	at org.apache.maven.surefire.booter.ForkedBooter.invokeProviderInSameClassLoader(ForkedBooter.java:384)
	at org.apache.maven.surefire.booter.ForkedBooter.runSuitesInProcess(ForkedBooter.java:345)
	at org.apache.maven.surefire.booter.ForkedBooter.execute(ForkedBooter.java:126)
	at org.apache.maven.surefire.booter.ForkedBooter.main(ForkedBooter.java:418)
Caused by: org.apache.ratis.protocol.RaftRetryFailureException: Failed RaftClientRequest:client-56E6E675D1C1->0b4587bd-9f4b-4d13-9ec4-affd273f2fd1@group-02D5F1FD265B, cid=104, seq=2*, RW, cmdType: CloseContainer
traceID: "4b3f9bac8d521bdf:4b3f9bac8d521bdf:0:0"
containerID: 1
datanodeUuid: "ff36f637-8ae1-4c92-8b77-4e45f4128437"
closeContainer {
}
, data.size=0 for 20 attempts with RetryLimited(maxAttempts=20, sleepTime=1000ms)
	at org.apache.ratis.client.impl.RaftClientImpl.noMoreRetries(RaftClientImpl.java:271)
	at org.apache.ratis.client.impl.OrderedAsync.handleAsyncRetryFailure(OrderedAsync.java:138)
	at org.apache.ratis.client.impl.OrderedAsync.lambda$sendRequest$10(OrderedAsync.java:230)
	at java.util.concurrent.CompletableFuture.uniExceptionally(CompletableFuture.java:870)
	at java.util.concurrent.CompletableFuture$UniExceptionally.tryFire(CompletableFuture.java:852)
	at java.util.concurrent.CompletableFuture.postComplete(CompletableFuture.java:474)
	at java.util.concurrent.CompletableFuture.completeExceptionally(CompletableFuture.java:1977)
	at org.apache.ratis.grpc.client.GrpcClientProtocolClient$AsyncStreamObservers.completeReplyExceptionally(GrpcClientProtocolClient.java:345)
	at org.apache.ratis.grpc.client.GrpcClientProtocolClient$AsyncStreamObservers.access$000(GrpcClientProtocolClient.java:261)
	at org.apache.ratis.grpc.client.GrpcClientProtocolClient$AsyncStreamObservers$1.onNext(GrpcClientProtocolClient.java:273)
	at org.apache.ratis.grpc.client.GrpcClientProtocolClient$AsyncStreamObservers$1.onNext(GrpcClientProtocolClient.java:264)
	at org.apache.ratis.thirdparty.io.grpc.stub.ClientCalls$StreamObserverToCallListenerAdapter.onMessage(ClientCalls.java:421)
	at org.apache.ratis.thirdparty.io.grpc.ForwardingClientCallListener.onMessage(ForwardingClientCallListener.java:33)
	at org.apache.ratis.thirdparty.io.grpc.ForwardingClientCallListener.onMessage(ForwardingClientCallListener.java:33)
	at org.apache.ratis.thirdparty.io.grpc.internal.ClientCallImpl$ClientStreamListenerImpl$1MessagesAvailable.runInContext(ClientCallImpl.java:519)
	at org.apache.ratis.thirdparty.io.grpc.internal.ContextRunnable.run(ContextRunnable.java:37)
	at org.apache.ratis.thirdparty.io.grpc.internal.SerializingExecutor.run(SerializingExecutor.java:123)
	at java.util.concurrent.ThreadPoolExecutor.runWorker(ThreadPoolExecutor.java:1149)
	at java.util.concurrent.ThreadPoolExecutor$Worker.run(ThreadPoolExecutor.java:624)
	at java.lang.Thread.run(Thread.java:748)
Caused by: org.apache.ratis.protocol.NotLeaderException: Server 0b4587bd-9f4b-4d13-9ec4-affd273f2fd1@group-02D5F1FD265B is not the leader 82715cd2-5aaa-49a4-8076-9c50a0ba8668:192.168.5.191:44968
	at org.apache.ratis.client.impl.ClientProtoUtils.toRaftClientReply(ClientProtoUtils.java:243)
	at org.apache.ratis.grpc.client.GrpcClientProtocolClient$AsyncStreamObservers$1.onNext(GrpcClientProtocolClient.java:269)
	... 10 more
</error>
    <system-out><![CDATA[2019-10-08 05:33:36,589 [main] WARN  server.ServerUtils (ServerUtils.java:getScmDbDir(145)) - ozone.scm.db.dirs is not configured. We recommend adding this setting. Falling back to ozone.metadata.dirs instead.
2019-10-08 05:33:36,604 [main] WARN  server.ServerUtils (ServerUtils.java:getScmDbDir(145)) - ozone.scm.db.dirs is not configured. We recommend adding this setting. Falling back to ozone.metadata.dirs instead.
2019-10-08 05:33:36,604 [main] WARN  server.ServerUtils (ServerUtils.java:getScmDbDir(145)) - ozone.scm.db.dirs is not configured. We recommend adding this setting. Falling back to ozone.metadata.dirs instead.
2019-10-08 05:33:36,605 [main] INFO  db.DBStoreBuilder (DBStoreBuilder.java:addTable(117)) - using custom profile for table: deletedBlocks
2019-10-08 05:33:36,605 [main] INFO  db.DBStoreBuilder (DBStoreBuilder.java:processTables(168)) - Using default column profile:DBProfile.DISK for Table:deletedBlocks
2019-10-08 05:33:36,605 [main] INFO  db.DBStoreBuilder (DBStoreBuilder.java:addTable(117)) - using custom profile for table: validCerts
2019-10-08 05:33:36,605 [main] INFO  db.DBStoreBuilder (DBStoreBuilder.java:processTables(168)) - Using default column profile:DBProfile.DISK for Table:validCerts
2019-10-08 05:33:36,606 [main] INFO  db.DBStoreBuilder (DBStoreBuilder.java:addTable(117)) - using custom profile for table: revokedCerts
2019-10-08 05:33:36,606 [main] INFO  db.DBStoreBuilder (DBStoreBuilder.java:processTables(168)) - Using default column profile:DBProfile.DISK for Table:revokedCerts
2019-10-08 05:33:36,606 [main] INFO  db.DBStoreBuilder (DBStoreBuilder.java:addTable(117)) - using custom profile for table: default
2019-10-08 05:33:36,606 [main] INFO  db.DBStoreBuilder (DBStoreBuilder.java:processTables(174)) - Using default column profile:DBProfile.DISK for Table:default
2019-10-08 05:33:36,606 [main] INFO  db.DBStoreBuilder (DBStoreBuilder.java:getDbProfile(205)) - Using default options. DBProfile.DISK
2019-10-08 05:33:36,730 [main] INFO  net.NodeSchemaLoader (NodeSchemaLoader.java:loadSchemaFromFile(125)) - Loading file from sun.misc.CompoundEnumeration@6c075e9d
2019-10-08 05:33:36,730 [main] INFO  net.NodeSchemaLoader (NodeSchemaLoader.java:loadSchema(171)) - Loading network topology layer schema file
2019-10-08 05:33:36,734 [main] WARN  server.ServerUtils (ServerUtils.java:sanitizeUserArgs(70)) - ozone.scm.stale.node.interval value = 300000 is larger than max = 100000 based on the key value of ozone.scm.heartbeat.thread.interval, reset to the max value 100000.
2019-10-08 05:33:36,734 [main] WARN  server.ServerUtils (ServerUtils.java:sanitizeUserArgs(70)) - ozone.scm.stale.node.interval value = 300000 is larger than max = 100000 based on the key value of ozone.scm.heartbeat.thread.interval, reset to the max value 100000.
2019-10-08 05:33:36,734 [main] INFO  node.SCMNodeManager (SCMNodeManager.java:<init>(116)) - Entering startup safe mode.
2019-10-08 05:33:36,735 [main] INFO  algorithms.ContainerPlacementPolicyFactory (ContainerPlacementPolicyFactory.java:getPolicy(57)) - Create container placement policy of type org.apache.hadoop.hdds.scm.container.placement.algorithms.SCMContainerPlacementRandom
2019-10-08 05:33:36,735 [main] WARN  server.ServerUtils (ServerUtils.java:getScmDbDir(145)) - ozone.scm.db.dirs is not configured. We recommend adding this setting. Falling back to ozone.metadata.dirs instead.
2019-10-08 05:33:36,753 [main] INFO  pipeline.SCMPipelineManager (SCMPipelineManager.java:initializePipelineState(132)) - No pipeline exists in current db
2019-10-08 05:33:36,754 [main] WARN  server.ServerUtils (ServerUtils.java:getScmDbDir(145)) - ozone.scm.db.dirs is not configured. We recommend adding this setting. Falling back to ozone.metadata.dirs instead.
2019-10-08 05:33:36,775 [main] WARN  events.EventQueue (EventQueue.java:fireEvent(183)) - No event handler registered for event TypedEvent{payloadType=SafeModeStatus, name='SafeModeStatus'}
2019-10-08 05:33:36,775 [main] INFO  ipc.CallQueueManager (CallQueueManager.java:<init>(84)) - Using callQueue: class java.util.concurrent.LinkedBlockingQueue, queueCapacity: 2000, scheduler: class org.apache.hadoop.ipc.DefaultRpcScheduler, ipcBackoff: false.
2019-10-08 05:33:36,776 [Socket Reader #1 for port 32985] INFO  ipc.Server (Server.java:run(1074)) - Starting Socket Reader #1 for port 32985
2019-10-08 05:33:36,780 [main] INFO  ipc.CallQueueManager (CallQueueManager.java:<init>(84)) - Using callQueue: class java.util.concurrent.LinkedBlockingQueue, queueCapacity: 2000, scheduler: class org.apache.hadoop.ipc.DefaultRpcScheduler, ipcBackoff: false.
2019-10-08 05:33:36,781 [Socket Reader #1 for port 43732] INFO  ipc.Server (Server.java:run(1074)) - Starting Socket Reader #1 for port 43732
2019-10-08 05:33:36,784 [main] INFO  ipc.CallQueueManager (CallQueueManager.java:<init>(84)) - Using callQueue: class java.util.concurrent.LinkedBlockingQueue, queueCapacity: 2000, scheduler: class org.apache.hadoop.ipc.DefaultRpcScheduler, ipcBackoff: false.
2019-10-08 05:33:36,785 [Socket Reader #1 for port 42506] INFO  ipc.Server (Server.java:run(1074)) - Starting Socket Reader #1 for port 42506
2019-10-08 05:33:36,790 [main] INFO  hdfs.DFSUtil (DFSUtil.java:httpServerTemplateForNNAndJN(1641)) - Starting Web-server for scm at: http://0.0.0.0:0
2019-10-08 05:33:36,791 [main] INFO  server.AuthenticationFilter (AuthenticationFilter.java:constructSecretProvider(240)) - Unable to initialize FileSignerSecretProvider, falling back to use random secrets.
2019-10-08 05:33:36,792 [main] WARN  http.HttpRequestLog (HttpRequestLog.java:getRequestLog(97)) - Jetty request log can only be enabled using Log4j
2019-10-08 05:33:36,793 [main] INFO  http.HttpServer2 (HttpServer2.java:addGlobalFilter(975)) - Added global filter 'safety' (class=org.apache.hadoop.http.HttpServer2$QuotingInputFilter)
2019-10-08 05:33:36,794 [main] INFO  http.HttpServer2 (HttpServer2.java:addFilter(948)) - Added filter static_user_filter (class=org.apache.hadoop.http.lib.StaticUserWebFilter$StaticUserFilter) to context scm
2019-10-08 05:33:36,794 [main] INFO  http.HttpServer2 (HttpServer2.java:addFilter(958)) - Added filter static_user_filter (class=org.apache.hadoop.http.lib.StaticUserWebFilter$StaticUserFilter) to context logs
2019-10-08 05:33:36,794 [main] INFO  http.HttpServer2 (HttpServer2.java:addFilter(958)) - Added filter static_user_filter (class=org.apache.hadoop.http.lib.StaticUserWebFilter$StaticUserFilter) to context static
2019-10-08 05:33:36,796 [main] INFO  server.StorageContainerManager (StorageContainerManager.java:start(770)) - StorageContainerLocationProtocol RPC server is listening at /0.0.0.0:42506
2019-10-08 05:33:36,797 [main] WARN  impl.MetricsConfig (MetricsConfig.java:loadFirst(134)) - Cannot locate configuration: tried hadoop-metrics2-storagecontainermanager.properties,hadoop-metrics2.properties
2019-10-08 05:33:36,798 [main] INFO  impl.MetricsSystemImpl (MetricsSystemImpl.java:startTimer(374)) - Scheduled Metric snapshot period at 10 second(s).
2019-10-08 05:33:36,798 [main] INFO  impl.MetricsSystemImpl (MetricsSystemImpl.java:start(191)) - StorageContainerManager metrics system started
2019-10-08 05:33:37,128 [main] WARN  impl.MetricsSystemImpl (MetricsSystemImpl.java:register(276)) - Sink prometheus already exists!
2019-10-08 05:33:37,424 [main] INFO  server.SCMClientProtocolServer (SCMClientProtocolServer.java:start(159)) - RPC server for Client  is listening at /0.0.0.0:42506
2019-10-08 05:33:37,425 [IPC Server Responder] INFO  ipc.Server (Server.java:run(1314)) - IPC Server Responder: starting
2019-10-08 05:33:37,425 [IPC Server listener on 42506] INFO  ipc.Server (Server.java:run(1153)) - IPC Server listener on 42506: starting
2019-10-08 05:33:37,435 [main] INFO  server.StorageContainerManager (StorageContainerManager.java:start(780)) - ScmBlockLocationProtocol RPC server is listening at /0.0.0.0:43732
2019-10-08 05:33:37,435 [main] INFO  server.SCMBlockProtocolServer (SCMBlockProtocolServer.java:start(146)) - RPC server for Block Protocol is listening at /0.0.0.0:43732
2019-10-08 05:33:37,435 [IPC Server Responder] INFO  ipc.Server (Server.java:run(1314)) - IPC Server Responder: starting
2019-10-08 05:33:37,435 [IPC Server listener on 43732] INFO  ipc.Server (Server.java:run(1153)) - IPC Server listener on 43732: starting
2019-10-08 05:33:37,451 [main] INFO  server.StorageContainerManager (StorageContainerManager.java:start(784)) - ScmDatanodeProtocl RPC server is listening at /0.0.0.0:32985
2019-10-08 05:33:37,451 [main] INFO  server.SCMDatanodeProtocolServer (SCMDatanodeProtocolServer.java:start(169)) - RPC server for DataNodes is listening at /0.0.0.0:32985
2019-10-08 05:33:37,451 [IPC Server Responder] INFO  ipc.Server (Server.java:run(1314)) - IPC Server Responder: starting
2019-10-08 05:33:37,452 [IPC Server listener on 32985] INFO  ipc.Server (Server.java:run(1153)) - IPC Server listener on 32985: starting
2019-10-08 05:33:37,458 [main] INFO  http.HttpServer2 (HttpServer2.java:bindListener(1191)) - Jetty bound to port 42357
2019-10-08 05:33:37,458 [main] INFO  server.Server (Server.java:doStart(351)) - jetty-9.3.25.v20180904, build timestamp: 2018-09-04T21:11:46Z, git hash: 3ce520221d0240229c862b122d2b06c12a625732
2019-10-08 05:33:37,460 [main] INFO  handler.ContextHandler (ContextHandler.java:doStart(781)) - Started o.e.j.s.ServletContextHandler@40d848f9{/logs,file:///workdir/hadoop-ozone/integration-test/target/log,AVAILABLE}
2019-10-08 05:33:37,460 [main] INFO  handler.ContextHandler (ContextHandler.java:doStart(781)) - Started o.e.j.s.ServletContextHandler@7d3691e1{/static,file:///workdir/hadoop-ozone/integration-test/target/test-classes/webapps/static,AVAILABLE}
2019-10-08 05:33:37,465 [main] INFO  handler.ContextHandler (ContextHandler.java:doStart(781)) - Started o.e.j.w.WebAppContext@a2b54e3{/,file:///workdir/hadoop-ozone/integration-test/target/test-classes/webapps/scm/,AVAILABLE}{/scm}
2019-10-08 05:33:37,465 [main] INFO  server.AbstractConnector (AbstractConnector.java:doStart(278)) - Started ServerConnector@5c4cc644{HTTP/1.1,[http/1.1]}{0.0.0.0:42357}
2019-10-08 05:33:37,467 [main] INFO  server.Server (Server.java:doStart(419)) - Started @201692ms
2019-10-08 05:33:37,467 [main] WARN  impl.MetricsSystemImpl (MetricsSystemImpl.java:register(276)) - Sink prometheus already exists!
2019-10-08 05:33:37,470 [main] INFO  server.BaseHttpServer (BaseHttpServer.java:updateConnectorAddress(215)) - HTTP server of SCM is listening at http://0.0.0.0:42357
2019-10-08 05:33:37,470 [main] WARN  server.ServerUtils (ServerUtils.java:getDBPath(222)) - ozone.om.db.dirs is not configured. We recommend adding this setting. Falling back to ozone.metadata.dirs instead.
2019-10-08 05:33:37,471 [org.apache.hadoop.util.JvmPauseMonitor$Monitor@32ea16b7] INFO  util.JvmPauseMonitor (JvmPauseMonitor.java:run(188)) - Starting JVM pause monitor
2019-10-08 05:33:37,489 [main] INFO  ha.OMHANodeDetails (OMHANodeDetails.java:loadOMHAConfig(190)) - Configuration either no ozone.om.address set. Falling back to the default OM address /127.0.0.1:0
2019-10-08 05:33:37,489 [main] INFO  ha.OMHANodeDetails (OMHANodeDetails.java:getOMNodeDetails(220)) - OM Service ID is not set. Setting it to the default ID: omServiceIdDefault
2019-10-08 05:33:37,490 [main] WARN  server.ServerUtils (ServerUtils.java:getDBPath(222)) - ozone.om.db.dirs is not configured. We recommend adding this setting. Falling back to ozone.metadata.dirs instead.
2019-10-08 05:33:37,490 [main] WARN  server.ServerUtils (ServerUtils.java:getDBPath(222)) - ozone.om.db.dirs is not configured. We recommend adding this setting. Falling back to ozone.metadata.dirs instead.
2019-10-08 05:33:37,505 [main] WARN  server.ServerUtils (ServerUtils.java:getDBPath(222)) - ozone.om.db.dirs is not configured. We recommend adding this setting. Falling back to ozone.metadata.dirs instead.
2019-10-08 05:33:37,506 [main] INFO  db.DBStoreBuilder (DBStoreBuilder.java:addTable(117)) - using custom profile for table: userTable
2019-10-08 05:33:37,506 [main] INFO  db.DBStoreBuilder (DBStoreBuilder.java:processTables(168)) - Using default column profile:DBProfile.DISK for Table:userTable
2019-10-08 05:33:37,506 [main] INFO  db.DBStoreBuilder (DBStoreBuilder.java:addTable(117)) - using custom profile for table: volumeTable
2019-10-08 05:33:37,506 [main] INFO  db.DBStoreBuilder (DBStoreBuilder.java:processTables(168)) - Using default column profile:DBProfile.DISK for Table:volumeTable
2019-10-08 05:33:37,507 [main] INFO  db.DBStoreBuilder (DBStoreBuilder.java:addTable(117)) - using custom profile for table: bucketTable
2019-10-08 05:33:37,507 [main] INFO  db.DBStoreBuilder (DBStoreBuilder.java:processTables(168)) - Using default column profile:DBProfile.DISK for Table:bucketTable
2019-10-08 05:33:37,507 [main] INFO  db.DBStoreBuilder (DBStoreBuilder.java:addTable(117)) - using custom profile for table: keyTable
2019-10-08 05:33:37,508 [main] INFO  db.DBStoreBuilder (DBStoreBuilder.java:processTables(168)) - Using default column profile:DBProfile.DISK for Table:keyTable
2019-10-08 05:33:37,508 [main] INFO  db.DBStoreBuilder (DBStoreBuilder.java:addTable(117)) - using custom profile for table: deletedTable
2019-10-08 05:33:37,508 [main] INFO  db.DBStoreBuilder (DBStoreBuilder.java:processTables(168)) - Using default column profile:DBProfile.DISK for Table:deletedTable
2019-10-08 05:33:37,509 [main] INFO  db.DBStoreBuilder (DBStoreBuilder.java:addTable(117)) - using custom profile for table: openKeyTable
2019-10-08 05:33:37,509 [main] INFO  db.DBStoreBuilder (DBStoreBuilder.java:processTables(168)) - Using default column profile:DBProfile.DISK for Table:openKeyTable
2019-10-08 05:33:37,509 [main] INFO  db.DBStoreBuilder (DBStoreBuilder.java:addTable(117)) - using custom profile for table: s3Table
2019-10-08 05:33:37,509 [main] INFO  db.DBStoreBuilder (DBStoreBuilder.java:processTables(168)) - Using default column profile:DBProfile.DISK for Table:s3Table
2019-10-08 05:33:37,510 [main] INFO  db.DBStoreBuilder (DBStoreBuilder.java:addTable(117)) - using custom profile for table: multipartInfoTable
2019-10-08 05:33:37,510 [main] INFO  db.DBStoreBuilder (DBStoreBuilder.java:processTables(168)) - Using default column profile:DBProfile.DISK for Table:multipartInfoTable
2019-10-08 05:33:37,510 [main] INFO  db.DBStoreBuilder (DBStoreBuilder.java:addTable(117)) - using custom profile for table: dTokenTable
2019-10-08 05:33:37,510 [main] INFO  db.DBStoreBuilder (DBStoreBuilder.java:processTables(168)) - Using default column profile:DBProfile.DISK for Table:dTokenTable
2019-10-08 05:33:37,511 [main] INFO  db.DBStoreBuilder (DBStoreBuilder.java:addTable(117)) - using custom profile for table: s3SecretTable
2019-10-08 05:33:37,511 [main] INFO  db.DBStoreBuilder (DBStoreBuilder.java:processTables(168)) - Using default column profile:DBProfile.DISK for Table:s3SecretTable
2019-10-08 05:33:37,511 [main] INFO  db.DBStoreBuilder (DBStoreBuilder.java:addTable(117)) - using custom profile for table: prefixTable
2019-10-08 05:33:37,511 [main] INFO  db.DBStoreBuilder (DBStoreBuilder.java:processTables(168)) - Using default column profile:DBProfile.DISK for Table:prefixTable
2019-10-08 05:33:37,512 [main] INFO  db.DBStoreBuilder (DBStoreBuilder.java:addTable(117)) - using custom profile for table: default
2019-10-08 05:33:37,512 [main] INFO  db.DBStoreBuilder (DBStoreBuilder.java:processTables(174)) - Using default column profile:DBProfile.DISK for Table:default
2019-10-08 05:33:37,512 [main] INFO  db.DBStoreBuilder (DBStoreBuilder.java:getDbProfile(205)) - Using default options. DBProfile.DISK
2019-10-08 05:33:37,963 [main] INFO  ipc.CallQueueManager (CallQueueManager.java:<init>(84)) - Using callQueue: class java.util.concurrent.LinkedBlockingQueue, queueCapacity: 2000, scheduler: class org.apache.hadoop.ipc.DefaultRpcScheduler, ipcBackoff: false.
2019-10-08 05:33:37,964 [Socket Reader #1 for port 33054] INFO  ipc.Server (Server.java:run(1074)) - Starting Socket Reader #1 for port 33054
2019-10-08 05:33:37,984 [main] INFO  om.OzoneManager (OzoneManager.java:start(1069)) - OzoneManager RPC server is listening at localhost/127.0.0.1:33054
2019-10-08 05:33:37,984 [main] INFO  impl.MetricsSystemImpl (MetricsSystemImpl.java:init(158)) - OzoneManager metrics system started (again)
2019-10-08 05:33:37,986 [IPC Server Responder] INFO  ipc.Server (Server.java:run(1314)) - IPC Server Responder: starting
2019-10-08 05:33:37,986 [IPC Server listener on 33054] INFO  ipc.Server (Server.java:run(1153)) - IPC Server listener on 33054: starting
2019-10-08 05:33:37,999 [main] INFO  hdfs.DFSUtil (DFSUtil.java:httpServerTemplateForNNAndJN(1641)) - Starting Web-server for ozoneManager at: http://0.0.0.0:0
2019-10-08 05:33:38,001 [main] INFO  server.AuthenticationFilter (AuthenticationFilter.java:constructSecretProvider(240)) - Unable to initialize FileSignerSecretProvider, falling back to use random secrets.
2019-10-08 05:33:38,001 [main] WARN  http.HttpRequestLog (HttpRequestLog.java:getRequestLog(97)) - Jetty request log can only be enabled using Log4j
2019-10-08 05:33:38,003 [main] INFO  http.HttpServer2 (HttpServer2.java:addGlobalFilter(975)) - Added global filter 'safety' (class=org.apache.hadoop.http.HttpServer2$QuotingInputFilter)
2019-10-08 05:33:38,003 [main] INFO  http.HttpServer2 (HttpServer2.java:addFilter(948)) - Added filter static_user_filter (class=org.apache.hadoop.http.lib.StaticUserWebFilter$StaticUserFilter) to context ozoneManager
2019-10-08 05:33:38,003 [main] INFO  http.HttpServer2 (HttpServer2.java:addFilter(958)) - Added filter static_user_filter (class=org.apache.hadoop.http.lib.StaticUserWebFilter$StaticUserFilter) to context static
2019-10-08 05:33:38,003 [main] INFO  http.HttpServer2 (HttpServer2.java:addFilter(958)) - Added filter static_user_filter (class=org.apache.hadoop.http.lib.StaticUserWebFilter$StaticUserFilter) to context logs
2019-10-08 05:33:38,004 [main] INFO  http.HttpServer2 (HttpServer2.java:bindListener(1191)) - Jetty bound to port 40971
2019-10-08 05:33:38,004 [main] INFO  server.Server (Server.java:doStart(351)) - jetty-9.3.25.v20180904, build timestamp: 2018-09-04T21:11:46Z, git hash: 3ce520221d0240229c862b122d2b06c12a625732
2019-10-08 05:33:38,006 [main] INFO  handler.ContextHandler (ContextHandler.java:doStart(781)) - Started o.e.j.s.ServletContextHandler@5b1c32e4{/logs,file:///workdir/hadoop-ozone/integration-test/target/log,AVAILABLE}
2019-10-08 05:33:38,006 [main] INFO  handler.ContextHandler (ContextHandler.java:doStart(781)) - Started o.e.j.s.ServletContextHandler@48bc2fce{/static,file:///workdir/hadoop-ozone/integration-test/target/test-classes/webapps/static,AVAILABLE}
2019-10-08 05:33:38,010 [main] INFO  handler.ContextHandler (ContextHandler.java:doStart(781)) - Started o.e.j.w.WebAppContext@634f58d2{/,file:///workdir/hadoop-ozone/integration-test/target/test-classes/webapps/ozoneManager/,AVAILABLE}{/ozoneManager}
2019-10-08 05:33:38,011 [main] INFO  server.AbstractConnector (AbstractConnector.java:doStart(278)) - Started ServerConnector@585513a8{HTTP/1.1,[http/1.1]}{0.0.0.0:40971}
2019-10-08 05:33:38,013 [main] INFO  server.Server (Server.java:doStart(419)) - Started @202238ms
2019-10-08 05:33:38,013 [main] WARN  impl.MetricsSystemImpl (MetricsSystemImpl.java:register(276)) - Sink prometheus already exists!
2019-10-08 05:33:38,014 [main] INFO  server.BaseHttpServer (BaseHttpServer.java:updateConnectorAddress(215)) - HTTP server of OZONEMANAGER is listening at http://0.0.0.0:40971
2019-10-08 05:33:38,027 [main] INFO  impl.MetricsSystemImpl (MetricsSystemImpl.java:init(158)) - HddsDatanode metrics system started (again)
2019-10-08 05:33:38,047 [main] INFO  ozone.HddsDatanodeService (HddsDatanodeService.java:start(184)) - HddsDatanodeService host:trunk-nightly-20191008-swvtb-1756096174 ip:192.168.5.191
2019-10-08 05:33:38,057 [main] INFO  volume.HddsVolume (HddsVolume.java:<init>(176)) - Creating Volume: /workdir/hadoop-ozone/integration-test/target/test-dir/MiniOzoneClusterImpl-8a4d0be6-78bc-4c65-8bee-12b8c2006f27/datanode-0/data/containers/hdds of  storage type : DISK and capacity : 1482555576320
2019-10-08 05:33:38,057 [main] INFO  volume.VolumeSet (VolumeSet.java:initializeVolumeSet(170)) - Added Volume : /workdir/hadoop-ozone/integration-test/target/test-dir/MiniOzoneClusterImpl-8a4d0be6-78bc-4c65-8bee-12b8c2006f27/datanode-0/data/containers/hdds to VolumeSet
2019-10-08 05:33:38,058 [main] INFO  volume.ThrottledAsyncChecker (ThrottledAsyncChecker.java:schedule(139)) - Scheduling a check for org.apache.hadoop.ozone.container.common.volume.HddsVolume@2322e56f
2019-10-08 05:33:38,060 [main] INFO  volume.HddsVolumeChecker (HddsVolumeChecker.java:checkAllVolumes(202)) - Scheduled health check for volume org.apache.hadoop.ozone.container.common.volume.HddsVolume@2322e56f
2019-10-08 05:33:38,078 [main] INFO  impl.RaftServerProxy (ConfUtils.java:logGet(43)) - raft.rpc.type = GRPC (default)
2019-10-08 05:33:38,079 [main] INFO  grpc.GrpcFactory (GrpcFactory.java:checkPooledByteBufAllocatorUseCacheForAllThreads(45)) - PERFORMANCE WARNING: useCacheForAllThreads is true that may cause Netty to create a lot garbage objects and, as a result, trigger GC.
	It is recommended to disable useCacheForAllThreads by setting -Dorg.apache.ratis.thirdparty.io.netty.allocator.useCacheForAllThreads=false in command line.
2019-10-08 05:33:38,079 [main] INFO  grpc.GrpcConfigKeys$Server (ConfUtils.java:logGet(43)) - raft.grpc.server.port = 0 (default)
2019-10-08 05:33:38,079 [main] INFO  server.GrpcService (ConfUtils.java:logGet(43)) - raft.grpc.message.size.max = 33570816 (custom)
2019-10-08 05:33:38,079 [main] INFO  server.RaftServerConfigKeys (ConfUtils.java:logGet(43)) - raft.server.log.appender.buffer.byte-limit = 33554432 (custom)
2019-10-08 05:33:38,080 [main] INFO  server.GrpcService (ConfUtils.java:logGet(43)) - raft.grpc.flow.control.window = 1MB (=1048576) (default)
2019-10-08 05:33:38,080 [main] INFO  server.RaftServerConfigKeys (ConfUtils.java:logGet(43)) - raft.server.rpc.request.timeout = 3000ms (default)
2019-10-08 05:33:38,080 [main] INFO  server.RaftServerConfigKeys (ConfUtils.java:logGet(43)) - raft.server.storage.dir = [/workdir/hadoop-ozone/integration-test/target/test-dir/MiniOzoneClusterImpl-8a4d0be6-78bc-4c65-8bee-12b8c2006f27/datanode-0/data/ratis] (custom)
2019-10-08 05:33:38,082 [main] INFO  hdfs.DFSUtil (DFSUtil.java:httpServerTemplateForNNAndJN(1641)) - Starting Web-server for hddsDatanode at: http://0.0.0.0:0
2019-10-08 05:33:38,084 [main] INFO  server.AuthenticationFilter (AuthenticationFilter.java:constructSecretProvider(240)) - Unable to initialize FileSignerSecretProvider, falling back to use random secrets.
2019-10-08 05:33:38,084 [main] WARN  http.HttpRequestLog (HttpRequestLog.java:getRequestLog(97)) - Jetty request log can only be enabled using Log4j
2019-10-08 05:33:38,086 [main] INFO  http.HttpServer2 (HttpServer2.java:addGlobalFilter(975)) - Added global filter 'safety' (class=org.apache.hadoop.http.HttpServer2$QuotingInputFilter)
2019-10-08 05:33:38,086 [main] INFO  http.HttpServer2 (HttpServer2.java:addFilter(948)) - Added filter static_user_filter (class=org.apache.hadoop.http.lib.StaticUserWebFilter$StaticUserFilter) to context hddsDatanode
2019-10-08 05:33:38,086 [main] INFO  http.HttpServer2 (HttpServer2.java:addFilter(958)) - Added filter static_user_filter (class=org.apache.hadoop.http.lib.StaticUserWebFilter$StaticUserFilter) to context static
2019-10-08 05:33:38,086 [main] INFO  http.HttpServer2 (HttpServer2.java:addFilter(958)) - Added filter static_user_filter (class=org.apache.hadoop.http.lib.StaticUserWebFilter$StaticUserFilter) to context logs
2019-10-08 05:33:38,087 [main] INFO  http.HttpServer2 (HttpServer2.java:bindListener(1191)) - Jetty bound to port 33923
2019-10-08 05:33:38,087 [main] INFO  server.Server (Server.java:doStart(351)) - jetty-9.3.25.v20180904, build timestamp: 2018-09-04T21:11:46Z, git hash: 3ce520221d0240229c862b122d2b06c12a625732
2019-10-08 05:33:38,089 [main] INFO  handler.ContextHandler (ContextHandler.java:doStart(781)) - Started o.e.j.s.ServletContextHandler@752b69e3{/logs,file:///workdir/hadoop-ozone/integration-test/target/log,AVAILABLE}
2019-10-08 05:33:38,090 [main] INFO  handler.ContextHandler (ContextHandler.java:doStart(781)) - Started o.e.j.s.ServletContextHandler@1fb2eec{/static,jar:file:/home/user/.m2/repository/org/apache/hadoop/hadoop-hdds-container-service/0.5.0-SNAPSHOT/hadoop-hdds-container-service-0.5.0-SNAPSHOT.jar!/webapps/static,AVAILABLE}
2019-10-08 05:33:38,125 [main] INFO  handler.ContextHandler (ContextHandler.java:doStart(781)) - Started o.e.j.w.WebAppContext@515ab3f2{/,file:///tmp/jetty-0.0.0.0-33923-hddsDatanode-_-any-121274603848973328.dir/webapp/,AVAILABLE}{/hddsDatanode}
2019-10-08 05:33:38,126 [main] INFO  server.AbstractConnector (AbstractConnector.java:doStart(278)) - Started ServerConnector@6d0e45a5{HTTP/1.1,[http/1.1]}{0.0.0.0:33923}
2019-10-08 05:33:38,128 [main] INFO  server.Server (Server.java:doStart(419)) - Started @202353ms
2019-10-08 05:33:38,129 [main] WARN  impl.MetricsSystemImpl (MetricsSystemImpl.java:register(276)) - Sink prometheus already exists!
2019-10-08 05:33:38,129 [main] INFO  server.BaseHttpServer (BaseHttpServer.java:updateConnectorAddress(215)) - HTTP server of HDDSDATANODE is listening at http://0.0.0.0:33923
2019-10-08 05:33:38,130 [main] INFO  impl.MetricsSystemImpl (MetricsSystemImpl.java:init(158)) - HddsDatanode metrics system started (again)
2019-10-08 05:33:38,148 [org.apache.hadoop.util.JvmPauseMonitor$Monitor@6d936ef7] INFO  util.JvmPauseMonitor (JvmPauseMonitor.java:run(188)) - Starting JVM pause monitor
2019-10-08 05:33:38,150 [Datanode State Machine Thread - 0] INFO  datanode.InitDatanodeState (InitDatanodeState.java:persistContainerDatanodeDetails(140)) - DatanodeDetails is persisted to /workdir/hadoop-ozone/integration-test/target/test-dir/MiniOzoneClusterImpl-8a4d0be6-78bc-4c65-8bee-12b8c2006f27/datanode-0/meta/datanode.id
2019-10-08 05:33:38,150 [main] INFO  ozone.HddsDatanodeService (HddsDatanodeService.java:start(184)) - HddsDatanodeService host:trunk-nightly-20191008-swvtb-1756096174 ip:192.168.5.191
2019-10-08 05:33:38,162 [main] INFO  volume.HddsVolume (HddsVolume.java:<init>(176)) - Creating Volume: /workdir/hadoop-ozone/integration-test/target/test-dir/MiniOzoneClusterImpl-8a4d0be6-78bc-4c65-8bee-12b8c2006f27/datanode-1/data/containers/hdds of  storage type : DISK and capacity : 1482555576320
2019-10-08 05:33:38,162 [main] INFO  volume.VolumeSet (VolumeSet.java:initializeVolumeSet(170)) - Added Volume : /workdir/hadoop-ozone/integration-test/target/test-dir/MiniOzoneClusterImpl-8a4d0be6-78bc-4c65-8bee-12b8c2006f27/datanode-1/data/containers/hdds to VolumeSet
2019-10-08 05:33:38,162 [main] INFO  volume.ThrottledAsyncChecker (ThrottledAsyncChecker.java:schedule(139)) - Scheduling a check for org.apache.hadoop.ozone.container.common.volume.HddsVolume@1a1c21b4
2019-10-08 05:33:38,163 [main] INFO  volume.HddsVolumeChecker (HddsVolumeChecker.java:checkAllVolumes(202)) - Scheduled health check for volume org.apache.hadoop.ozone.container.common.volume.HddsVolume@1a1c21b4
2019-10-08 05:33:38,183 [main] INFO  impl.RaftServerProxy (ConfUtils.java:logGet(43)) - raft.rpc.type = GRPC (default)
2019-10-08 05:33:38,183 [main] INFO  grpc.GrpcFactory (GrpcFactory.java:checkPooledByteBufAllocatorUseCacheForAllThreads(45)) - PERFORMANCE WARNING: useCacheForAllThreads is true that may cause Netty to create a lot garbage objects and, as a result, trigger GC.
	It is recommended to disable useCacheForAllThreads by setting -Dorg.apache.ratis.thirdparty.io.netty.allocator.useCacheForAllThreads=false in command line.
2019-10-08 05:33:38,183 [main] INFO  grpc.GrpcConfigKeys$Server (ConfUtils.java:logGet(43)) - raft.grpc.server.port = 0 (default)
2019-10-08 05:33:38,183 [main] INFO  server.GrpcService (ConfUtils.java:logGet(43)) - raft.grpc.message.size.max = 33570816 (custom)
2019-10-08 05:33:38,183 [main] INFO  server.RaftServerConfigKeys (ConfUtils.java:logGet(43)) - raft.server.log.appender.buffer.byte-limit = 33554432 (custom)
2019-10-08 05:33:38,184 [main] INFO  server.GrpcService (ConfUtils.java:logGet(43)) - raft.grpc.flow.control.window = 1MB (=1048576) (default)
2019-10-08 05:33:38,184 [main] INFO  server.RaftServerConfigKeys (ConfUtils.java:logGet(43)) - raft.server.rpc.request.timeout = 3000ms (default)
2019-10-08 05:33:38,184 [main] INFO  server.RaftServerConfigKeys (ConfUtils.java:logGet(43)) - raft.server.storage.dir = [/workdir/hadoop-ozone/integration-test/target/test-dir/MiniOzoneClusterImpl-8a4d0be6-78bc-4c65-8bee-12b8c2006f27/datanode-1/data/ratis] (custom)
2019-10-08 05:33:38,185 [main] INFO  hdfs.DFSUtil (DFSUtil.java:httpServerTemplateForNNAndJN(1641)) - Starting Web-server for hddsDatanode at: http://0.0.0.0:0
2019-10-08 05:33:38,186 [main] INFO  server.AuthenticationFilter (AuthenticationFilter.java:constructSecretProvider(240)) - Unable to initialize FileSignerSecretProvider, falling back to use random secrets.
2019-10-08 05:33:38,187 [main] WARN  http.HttpRequestLog (HttpRequestLog.java:getRequestLog(97)) - Jetty request log can only be enabled using Log4j
2019-10-08 05:33:38,188 [main] INFO  http.HttpServer2 (HttpServer2.java:addGlobalFilter(975)) - Added global filter 'safety' (class=org.apache.hadoop.http.HttpServer2$QuotingInputFilter)
2019-10-08 05:33:38,189 [main] INFO  http.HttpServer2 (HttpServer2.java:addFilter(948)) - Added filter static_user_filter (class=org.apache.hadoop.http.lib.StaticUserWebFilter$StaticUserFilter) to context hddsDatanode
2019-10-08 05:33:38,189 [main] INFO  http.HttpServer2 (HttpServer2.java:addFilter(958)) - Added filter static_user_filter (class=org.apache.hadoop.http.lib.StaticUserWebFilter$StaticUserFilter) to context static
2019-10-08 05:33:38,189 [main] INFO  http.HttpServer2 (HttpServer2.java:addFilter(958)) - Added filter static_user_filter (class=org.apache.hadoop.http.lib.StaticUserWebFilter$StaticUserFilter) to context logs
2019-10-08 05:33:38,189 [main] INFO  http.HttpServer2 (HttpServer2.java:bindListener(1191)) - Jetty bound to port 35556
2019-10-08 05:33:38,190 [main] INFO  server.Server (Server.java:doStart(351)) - jetty-9.3.25.v20180904, build timestamp: 2018-09-04T21:11:46Z, git hash: 3ce520221d0240229c862b122d2b06c12a625732
2019-10-08 05:33:38,191 [main] INFO  handler.ContextHandler (ContextHandler.java:doStart(781)) - Started o.e.j.s.ServletContextHandler@367d34c0{/logs,file:///workdir/hadoop-ozone/integration-test/target/log,AVAILABLE}
2019-10-08 05:33:38,191 [main] INFO  handler.ContextHandler (ContextHandler.java:doStart(781)) - Started o.e.j.s.ServletContextHandler@6380e9e9{/static,jar:file:/home/user/.m2/repository/org/apache/hadoop/hadoop-hdds-container-service/0.5.0-SNAPSHOT/hadoop-hdds-container-service-0.5.0-SNAPSHOT.jar!/webapps/static,AVAILABLE}
2019-10-08 05:33:38,220 [main] INFO  handler.ContextHandler (ContextHandler.java:doStart(781)) - Started o.e.j.w.WebAppContext@2313db84{/,file:///tmp/jetty-0.0.0.0-35556-hddsDatanode-_-any-6763894755182187750.dir/webapp/,AVAILABLE}{/hddsDatanode}
2019-10-08 05:33:38,220 [main] INFO  server.AbstractConnector (AbstractConnector.java:doStart(278)) - Started ServerConnector@216372b7{HTTP/1.1,[http/1.1]}{0.0.0.0:35556}
2019-10-08 05:33:38,223 [main] INFO  server.Server (Server.java:doStart(419)) - Started @202448ms
2019-10-08 05:33:38,224 [main] WARN  impl.MetricsSystemImpl (MetricsSystemImpl.java:register(276)) - Sink prometheus already exists!
2019-10-08 05:33:38,224 [main] INFO  server.BaseHttpServer (BaseHttpServer.java:updateConnectorAddress(215)) - HTTP server of HDDSDATANODE is listening at http://0.0.0.0:35556
2019-10-08 05:33:38,225 [main] INFO  impl.MetricsSystemImpl (MetricsSystemImpl.java:init(158)) - HddsDatanode metrics system started (again)
2019-10-08 05:33:38,241 [org.apache.hadoop.util.JvmPauseMonitor$Monitor@36aafbf7] INFO  util.JvmPauseMonitor (JvmPauseMonitor.java:run(188)) - Starting JVM pause monitor
2019-10-08 05:33:38,242 [Datanode State Machine Thread - 0] INFO  datanode.InitDatanodeState (InitDatanodeState.java:persistContainerDatanodeDetails(140)) - DatanodeDetails is persisted to /workdir/hadoop-ozone/integration-test/target/test-dir/MiniOzoneClusterImpl-8a4d0be6-78bc-4c65-8bee-12b8c2006f27/datanode-1/meta/datanode.id
2019-10-08 05:33:38,243 [main] INFO  ozone.HddsDatanodeService (HddsDatanodeService.java:start(184)) - HddsDatanodeService host:trunk-nightly-20191008-swvtb-1756096174 ip:192.168.5.191
2019-10-08 05:33:38,250 [main] INFO  volume.HddsVolume (HddsVolume.java:<init>(176)) - Creating Volume: /workdir/hadoop-ozone/integration-test/target/test-dir/MiniOzoneClusterImpl-8a4d0be6-78bc-4c65-8bee-12b8c2006f27/datanode-2/data/containers/hdds of  storage type : DISK and capacity : 1482555576320
2019-10-08 05:33:38,251 [main] INFO  volume.VolumeSet (VolumeSet.java:initializeVolumeSet(170)) - Added Volume : /workdir/hadoop-ozone/integration-test/target/test-dir/MiniOzoneClusterImpl-8a4d0be6-78bc-4c65-8bee-12b8c2006f27/datanode-2/data/containers/hdds to VolumeSet
2019-10-08 05:33:38,251 [main] INFO  volume.ThrottledAsyncChecker (ThrottledAsyncChecker.java:schedule(139)) - Scheduling a check for org.apache.hadoop.ozone.container.common.volume.HddsVolume@41aebbb4
2019-10-08 05:33:38,251 [main] INFO  volume.HddsVolumeChecker (HddsVolumeChecker.java:checkAllVolumes(202)) - Scheduled health check for volume org.apache.hadoop.ozone.container.common.volume.HddsVolume@41aebbb4
2019-10-08 05:33:38,264 [main] INFO  impl.RaftServerProxy (ConfUtils.java:logGet(43)) - raft.rpc.type = GRPC (default)
2019-10-08 05:33:38,265 [main] INFO  grpc.GrpcFactory (GrpcFactory.java:checkPooledByteBufAllocatorUseCacheForAllThreads(45)) - PERFORMANCE WARNING: useCacheForAllThreads is true that may cause Netty to create a lot garbage objects and, as a result, trigger GC.
	It is recommended to disable useCacheForAllThreads by setting -Dorg.apache.ratis.thirdparty.io.netty.allocator.useCacheForAllThreads=false in command line.
2019-10-08 05:33:38,265 [main] INFO  grpc.GrpcConfigKeys$Server (ConfUtils.java:logGet(43)) - raft.grpc.server.port = 0 (default)
2019-10-08 05:33:38,265 [main] INFO  server.GrpcService (ConfUtils.java:logGet(43)) - raft.grpc.message.size.max = 33570816 (custom)
2019-10-08 05:33:38,265 [main] INFO  server.RaftServerConfigKeys (ConfUtils.java:logGet(43)) - raft.server.log.appender.buffer.byte-limit = 33554432 (custom)
2019-10-08 05:33:38,265 [main] INFO  server.GrpcService (ConfUtils.java:logGet(43)) - raft.grpc.flow.control.window = 1MB (=1048576) (default)
2019-10-08 05:33:38,265 [main] INFO  server.RaftServerConfigKeys (ConfUtils.java:logGet(43)) - raft.server.rpc.request.timeout = 3000ms (default)
2019-10-08 05:33:38,266 [main] INFO  server.RaftServerConfigKeys (ConfUtils.java:logGet(43)) - raft.server.storage.dir = [/workdir/hadoop-ozone/integration-test/target/test-dir/MiniOzoneClusterImpl-8a4d0be6-78bc-4c65-8bee-12b8c2006f27/datanode-2/data/ratis] (custom)
2019-10-08 05:33:38,267 [main] INFO  hdfs.DFSUtil (DFSUtil.java:httpServerTemplateForNNAndJN(1641)) - Starting Web-server for hddsDatanode at: http://0.0.0.0:0
2019-10-08 05:33:38,268 [main] INFO  server.AuthenticationFilter (AuthenticationFilter.java:constructSecretProvider(240)) - Unable to initialize FileSignerSecretProvider, falling back to use random secrets.
2019-10-08 05:33:38,269 [main] WARN  http.HttpRequestLog (HttpRequestLog.java:getRequestLog(97)) - Jetty request log can only be enabled using Log4j
2019-10-08 05:33:38,270 [main] INFO  http.HttpServer2 (HttpServer2.java:addGlobalFilter(975)) - Added global filter 'safety' (class=org.apache.hadoop.http.HttpServer2$QuotingInputFilter)
2019-10-08 05:33:38,271 [main] INFO  http.HttpServer2 (HttpServer2.java:addFilter(948)) - Added filter static_user_filter (class=org.apache.hadoop.http.lib.StaticUserWebFilter$StaticUserFilter) to context hddsDatanode
2019-10-08 05:33:38,271 [main] INFO  http.HttpServer2 (HttpServer2.java:addFilter(958)) - Added filter static_user_filter (class=org.apache.hadoop.http.lib.StaticUserWebFilter$StaticUserFilter) to context logs
2019-10-08 05:33:38,271 [main] INFO  http.HttpServer2 (HttpServer2.java:addFilter(958)) - Added filter static_user_filter (class=org.apache.hadoop.http.lib.StaticUserWebFilter$StaticUserFilter) to context static
2019-10-08 05:33:38,272 [main] INFO  http.HttpServer2 (HttpServer2.java:bindListener(1191)) - Jetty bound to port 36967
2019-10-08 05:33:38,272 [main] INFO  server.Server (Server.java:doStart(351)) - jetty-9.3.25.v20180904, build timestamp: 2018-09-04T21:11:46Z, git hash: 3ce520221d0240229c862b122d2b06c12a625732
2019-10-08 05:33:38,273 [main] INFO  handler.ContextHandler (ContextHandler.java:doStart(781)) - Started o.e.j.s.ServletContextHandler@2bd8f7db{/logs,file:///workdir/hadoop-ozone/integration-test/target/log,AVAILABLE}
2019-10-08 05:33:38,274 [main] INFO  handler.ContextHandler (ContextHandler.java:doStart(781)) - Started o.e.j.s.ServletContextHandler@30abf79c{/static,jar:file:/home/user/.m2/repository/org/apache/hadoop/hadoop-hdds-container-service/0.5.0-SNAPSHOT/hadoop-hdds-container-service-0.5.0-SNAPSHOT.jar!/webapps/static,AVAILABLE}
2019-10-08 05:33:38,301 [main] INFO  handler.ContextHandler (ContextHandler.java:doStart(781)) - Started o.e.j.w.WebAppContext@53314f76{/,file:///tmp/jetty-0.0.0.0-36967-hddsDatanode-_-any-6739666758506348566.dir/webapp/,AVAILABLE}{/hddsDatanode}
2019-10-08 05:33:38,302 [main] INFO  server.AbstractConnector (AbstractConnector.java:doStart(278)) - Started ServerConnector@62a6674f{HTTP/1.1,[http/1.1]}{0.0.0.0:36967}
2019-10-08 05:33:38,304 [main] INFO  server.Server (Server.java:doStart(419)) - Started @202529ms
2019-10-08 05:33:38,304 [main] WARN  impl.MetricsSystemImpl (MetricsSystemImpl.java:register(276)) - Sink prometheus already exists!
2019-10-08 05:33:38,305 [main] INFO  server.BaseHttpServer (BaseHttpServer.java:updateConnectorAddress(215)) - HTTP server of HDDSDATANODE is listening at http://0.0.0.0:36967
2019-10-08 05:33:38,305 [main] INFO  impl.MetricsSystemImpl (MetricsSystemImpl.java:init(158)) - HddsDatanode metrics system started (again)
2019-10-08 05:33:38,323 [org.apache.hadoop.util.JvmPauseMonitor$Monitor@1025475] INFO  util.JvmPauseMonitor (JvmPauseMonitor.java:run(188)) - Starting JVM pause monitor
2019-10-08 05:33:38,325 [main] INFO  ozone.HddsDatanodeService (HddsDatanodeService.java:start(184)) - HddsDatanodeService host:trunk-nightly-20191008-swvtb-1756096174 ip:192.168.5.191
2019-10-08 05:33:38,325 [Datanode State Machine Thread - 0] INFO  datanode.InitDatanodeState (InitDatanodeState.java:persistContainerDatanodeDetails(140)) - DatanodeDetails is persisted to /workdir/hadoop-ozone/integration-test/target/test-dir/MiniOzoneClusterImpl-8a4d0be6-78bc-4c65-8bee-12b8c2006f27/datanode-2/meta/datanode.id
2019-10-08 05:33:38,332 [main] INFO  volume.HddsVolume (HddsVolume.java:<init>(176)) - Creating Volume: /workdir/hadoop-ozone/integration-test/target/test-dir/MiniOzoneClusterImpl-8a4d0be6-78bc-4c65-8bee-12b8c2006f27/datanode-3/data/containers/hdds of  storage type : DISK and capacity : 1482555576320
2019-10-08 05:33:38,332 [main] INFO  volume.VolumeSet (VolumeSet.java:initializeVolumeSet(170)) - Added Volume : /workdir/hadoop-ozone/integration-test/target/test-dir/MiniOzoneClusterImpl-8a4d0be6-78bc-4c65-8bee-12b8c2006f27/datanode-3/data/containers/hdds to VolumeSet
2019-10-08 05:33:38,332 [main] INFO  volume.ThrottledAsyncChecker (ThrottledAsyncChecker.java:schedule(139)) - Scheduling a check for org.apache.hadoop.ozone.container.common.volume.HddsVolume@740b9a50
2019-10-08 05:33:38,333 [main] INFO  volume.HddsVolumeChecker (HddsVolumeChecker.java:checkAllVolumes(202)) - Scheduled health check for volume org.apache.hadoop.ozone.container.common.volume.HddsVolume@740b9a50
2019-10-08 05:33:38,346 [main] INFO  impl.RaftServerProxy (ConfUtils.java:logGet(43)) - raft.rpc.type = GRPC (default)
2019-10-08 05:33:38,346 [main] INFO  grpc.GrpcFactory (GrpcFactory.java:checkPooledByteBufAllocatorUseCacheForAllThreads(45)) - PERFORMANCE WARNING: useCacheForAllThreads is true that may cause Netty to create a lot garbage objects and, as a result, trigger GC.
	It is recommended to disable useCacheForAllThreads by setting -Dorg.apache.ratis.thirdparty.io.netty.allocator.useCacheForAllThreads=false in command line.
2019-10-08 05:33:38,346 [main] INFO  grpc.GrpcConfigKeys$Server (ConfUtils.java:logGet(43)) - raft.grpc.server.port = 0 (default)
2019-10-08 05:33:38,347 [main] INFO  server.GrpcService (ConfUtils.java:logGet(43)) - raft.grpc.message.size.max = 33570816 (custom)
2019-10-08 05:33:38,347 [main] INFO  server.RaftServerConfigKeys (ConfUtils.java:logGet(43)) - raft.server.log.appender.buffer.byte-limit = 33554432 (custom)
2019-10-08 05:33:38,347 [main] INFO  server.GrpcService (ConfUtils.java:logGet(43)) - raft.grpc.flow.control.window = 1MB (=1048576) (default)
2019-10-08 05:33:38,347 [main] INFO  server.RaftServerConfigKeys (ConfUtils.java:logGet(43)) - raft.server.rpc.request.timeout = 3000ms (default)
2019-10-08 05:33:38,348 [main] INFO  server.RaftServerConfigKeys (ConfUtils.java:logGet(43)) - raft.server.storage.dir = [/workdir/hadoop-ozone/integration-test/target/test-dir/MiniOzoneClusterImpl-8a4d0be6-78bc-4c65-8bee-12b8c2006f27/datanode-3/data/ratis] (custom)
2019-10-08 05:33:38,349 [main] INFO  hdfs.DFSUtil (DFSUtil.java:httpServerTemplateForNNAndJN(1641)) - Starting Web-server for hddsDatanode at: http://0.0.0.0:0
2019-10-08 05:33:38,350 [main] INFO  server.AuthenticationFilter (AuthenticationFilter.java:constructSecretProvider(240)) - Unable to initialize FileSignerSecretProvider, falling back to use random secrets.
2019-10-08 05:33:38,350 [main] WARN  http.HttpRequestLog (HttpRequestLog.java:getRequestLog(97)) - Jetty request log can only be enabled using Log4j
2019-10-08 05:33:38,352 [main] INFO  http.HttpServer2 (HttpServer2.java:addGlobalFilter(975)) - Added global filter 'safety' (class=org.apache.hadoop.http.HttpServer2$QuotingInputFilter)
2019-10-08 05:33:38,352 [main] INFO  http.HttpServer2 (HttpServer2.java:addFilter(948)) - Added filter static_user_filter (class=org.apache.hadoop.http.lib.StaticUserWebFilter$StaticUserFilter) to context hddsDatanode
2019-10-08 05:33:38,352 [main] INFO  http.HttpServer2 (HttpServer2.java:addFilter(958)) - Added filter static_user_filter (class=org.apache.hadoop.http.lib.StaticUserWebFilter$StaticUserFilter) to context static
2019-10-08 05:33:38,353 [main] INFO  http.HttpServer2 (HttpServer2.java:addFilter(958)) - Added filter static_user_filter (class=org.apache.hadoop.http.lib.StaticUserWebFilter$StaticUserFilter) to context logs
2019-10-08 05:33:38,353 [main] INFO  http.HttpServer2 (HttpServer2.java:bindListener(1191)) - Jetty bound to port 45367
2019-10-08 05:33:38,353 [main] INFO  server.Server (Server.java:doStart(351)) - jetty-9.3.25.v20180904, build timestamp: 2018-09-04T21:11:46Z, git hash: 3ce520221d0240229c862b122d2b06c12a625732
2019-10-08 05:33:38,355 [main] INFO  handler.ContextHandler (ContextHandler.java:doStart(781)) - Started o.e.j.s.ServletContextHandler@79df80a4{/logs,file:///workdir/hadoop-ozone/integration-test/target/log,AVAILABLE}
2019-10-08 05:33:38,355 [main] INFO  handler.ContextHandler (ContextHandler.java:doStart(781)) - Started o.e.j.s.ServletContextHandler@4eeab3e{/static,jar:file:/home/user/.m2/repository/org/apache/hadoop/hadoop-hdds-container-service/0.5.0-SNAPSHOT/hadoop-hdds-container-service-0.5.0-SNAPSHOT.jar!/webapps/static,AVAILABLE}
2019-10-08 05:33:38,384 [main] INFO  handler.ContextHandler (ContextHandler.java:doStart(781)) - Started o.e.j.w.WebAppContext@544e3679{/,file:///tmp/jetty-0.0.0.0-45367-hddsDatanode-_-any-73419678335592822.dir/webapp/,AVAILABLE}{/hddsDatanode}
2019-10-08 05:33:38,384 [main] INFO  server.AbstractConnector (AbstractConnector.java:doStart(278)) - Started ServerConnector@6889f56f{HTTP/1.1,[http/1.1]}{0.0.0.0:45367}
2019-10-08 05:33:38,386 [main] INFO  server.Server (Server.java:doStart(419)) - Started @202611ms
2019-10-08 05:33:38,386 [main] WARN  impl.MetricsSystemImpl (MetricsSystemImpl.java:register(276)) - Sink prometheus already exists!
2019-10-08 05:33:38,387 [main] INFO  server.BaseHttpServer (BaseHttpServer.java:updateConnectorAddress(215)) - HTTP server of HDDSDATANODE is listening at http://0.0.0.0:45367
2019-10-08 05:33:38,387 [main] INFO  impl.MetricsSystemImpl (MetricsSystemImpl.java:init(158)) - HddsDatanode metrics system started (again)
2019-10-08 05:33:38,408 [org.apache.hadoop.util.JvmPauseMonitor$Monitor@39c78824] INFO  util.JvmPauseMonitor (JvmPauseMonitor.java:run(188)) - Starting JVM pause monitor
2019-10-08 05:33:38,409 [Datanode State Machine Thread - 0] INFO  datanode.InitDatanodeState (InitDatanodeState.java:persistContainerDatanodeDetails(140)) - DatanodeDetails is persisted to /workdir/hadoop-ozone/integration-test/target/test-dir/MiniOzoneClusterImpl-8a4d0be6-78bc-4c65-8bee-12b8c2006f27/datanode-3/meta/datanode.id
2019-10-08 05:33:38,410 [main] INFO  ozone.HddsDatanodeService (HddsDatanodeService.java:start(184)) - HddsDatanodeService host:trunk-nightly-20191008-swvtb-1756096174 ip:192.168.5.191
2019-10-08 05:33:38,417 [main] INFO  volume.HddsVolume (HddsVolume.java:<init>(176)) - Creating Volume: /workdir/hadoop-ozone/integration-test/target/test-dir/MiniOzoneClusterImpl-8a4d0be6-78bc-4c65-8bee-12b8c2006f27/datanode-4/data/containers/hdds of  storage type : DISK and capacity : 1482555576320
2019-10-08 05:33:38,417 [main] INFO  volume.VolumeSet (VolumeSet.java:initializeVolumeSet(170)) - Added Volume : /workdir/hadoop-ozone/integration-test/target/test-dir/MiniOzoneClusterImpl-8a4d0be6-78bc-4c65-8bee-12b8c2006f27/datanode-4/data/containers/hdds to VolumeSet
2019-10-08 05:33:38,417 [main] INFO  volume.ThrottledAsyncChecker (ThrottledAsyncChecker.java:schedule(139)) - Scheduling a check for org.apache.hadoop.ozone.container.common.volume.HddsVolume@7739aac4
2019-10-08 05:33:38,417 [main] INFO  volume.HddsVolumeChecker (HddsVolumeChecker.java:checkAllVolumes(202)) - Scheduled health check for volume org.apache.hadoop.ozone.container.common.volume.HddsVolume@7739aac4
2019-10-08 05:33:38,432 [main] INFO  impl.RaftServerProxy (ConfUtils.java:logGet(43)) - raft.rpc.type = GRPC (default)
2019-10-08 05:33:38,432 [main] INFO  grpc.GrpcFactory (GrpcFactory.java:checkPooledByteBufAllocatorUseCacheForAllThreads(45)) - PERFORMANCE WARNING: useCacheForAllThreads is true that may cause Netty to create a lot garbage objects and, as a result, trigger GC.
	It is recommended to disable useCacheForAllThreads by setting -Dorg.apache.ratis.thirdparty.io.netty.allocator.useCacheForAllThreads=false in command line.
2019-10-08 05:33:38,433 [main] INFO  grpc.GrpcConfigKeys$Server (ConfUtils.java:logGet(43)) - raft.grpc.server.port = 0 (default)
2019-10-08 05:33:38,433 [main] INFO  server.GrpcService (ConfUtils.java:logGet(43)) - raft.grpc.message.size.max = 33570816 (custom)
2019-10-08 05:33:38,433 [main] INFO  server.RaftServerConfigKeys (ConfUtils.java:logGet(43)) - raft.server.log.appender.buffer.byte-limit = 33554432 (custom)
2019-10-08 05:33:38,433 [main] INFO  server.GrpcService (ConfUtils.java:logGet(43)) - raft.grpc.flow.control.window = 1MB (=1048576) (default)
2019-10-08 05:33:38,433 [main] INFO  server.RaftServerConfigKeys (ConfUtils.java:logGet(43)) - raft.server.rpc.request.timeout = 3000ms (default)
2019-10-08 05:33:38,434 [main] INFO  server.RaftServerConfigKeys (ConfUtils.java:logGet(43)) - raft.server.storage.dir = [/workdir/hadoop-ozone/integration-test/target/test-dir/MiniOzoneClusterImpl-8a4d0be6-78bc-4c65-8bee-12b8c2006f27/datanode-4/data/ratis] (custom)
2019-10-08 05:33:38,435 [main] INFO  hdfs.DFSUtil (DFSUtil.java:httpServerTemplateForNNAndJN(1641)) - Starting Web-server for hddsDatanode at: http://0.0.0.0:0
2019-10-08 05:33:38,436 [main] INFO  server.AuthenticationFilter (AuthenticationFilter.java:constructSecretProvider(240)) - Unable to initialize FileSignerSecretProvider, falling back to use random secrets.
2019-10-08 05:33:38,437 [main] WARN  http.HttpRequestLog (HttpRequestLog.java:getRequestLog(97)) - Jetty request log can only be enabled using Log4j
2019-10-08 05:33:38,438 [main] INFO  http.HttpServer2 (HttpServer2.java:addGlobalFilter(975)) - Added global filter 'safety' (class=org.apache.hadoop.http.HttpServer2$QuotingInputFilter)
2019-10-08 05:33:38,438 [main] INFO  http.HttpServer2 (HttpServer2.java:addFilter(948)) - Added filter static_user_filter (class=org.apache.hadoop.http.lib.StaticUserWebFilter$StaticUserFilter) to context hddsDatanode
2019-10-08 05:33:38,438 [main] INFO  http.HttpServer2 (HttpServer2.java:addFilter(958)) - Added filter static_user_filter (class=org.apache.hadoop.http.lib.StaticUserWebFilter$StaticUserFilter) to context static
2019-10-08 05:33:38,439 [main] INFO  http.HttpServer2 (HttpServer2.java:addFilter(958)) - Added filter static_user_filter (class=org.apache.hadoop.http.lib.StaticUserWebFilter$StaticUserFilter) to context logs
2019-10-08 05:33:38,439 [main] INFO  http.HttpServer2 (HttpServer2.java:bindListener(1191)) - Jetty bound to port 45721
2019-10-08 05:33:38,440 [main] INFO  server.Server (Server.java:doStart(351)) - jetty-9.3.25.v20180904, build timestamp: 2018-09-04T21:11:46Z, git hash: 3ce520221d0240229c862b122d2b06c12a625732
2019-10-08 05:33:38,441 [main] INFO  handler.ContextHandler (ContextHandler.java:doStart(781)) - Started o.e.j.s.ServletContextHandler@46a8c2b4{/logs,file:///workdir/hadoop-ozone/integration-test/target/log,AVAILABLE}
2019-10-08 05:33:38,442 [main] INFO  handler.ContextHandler (ContextHandler.java:doStart(781)) - Started o.e.j.s.ServletContextHandler@76563ae7{/static,jar:file:/home/user/.m2/repository/org/apache/hadoop/hadoop-hdds-container-service/0.5.0-SNAPSHOT/hadoop-hdds-container-service-0.5.0-SNAPSHOT.jar!/webapps/static,AVAILABLE}
2019-10-08 05:33:38,469 [main] INFO  handler.ContextHandler (ContextHandler.java:doStart(781)) - Started o.e.j.w.WebAppContext@62f9c790{/,file:///tmp/jetty-0.0.0.0-45721-hddsDatanode-_-any-6173858239249176281.dir/webapp/,AVAILABLE}{/hddsDatanode}
2019-10-08 05:33:38,470 [main] INFO  server.AbstractConnector (AbstractConnector.java:doStart(278)) - Started ServerConnector@21e5f0b6{HTTP/1.1,[http/1.1]}{0.0.0.0:45721}
2019-10-08 05:33:38,473 [main] INFO  server.Server (Server.java:doStart(419)) - Started @202697ms
2019-10-08 05:33:38,473 [main] WARN  impl.MetricsSystemImpl (MetricsSystemImpl.java:register(276)) - Sink prometheus already exists!
2019-10-08 05:33:38,473 [main] INFO  server.BaseHttpServer (BaseHttpServer.java:updateConnectorAddress(215)) - HTTP server of HDDSDATANODE is listening at http://0.0.0.0:45721
2019-10-08 05:33:38,474 [main] INFO  impl.MetricsSystemImpl (MetricsSystemImpl.java:init(158)) - HddsDatanode metrics system started (again)
2019-10-08 05:33:38,493 [org.apache.hadoop.util.JvmPauseMonitor$Monitor@8a076e2] INFO  util.JvmPauseMonitor (JvmPauseMonitor.java:run(188)) - Starting JVM pause monitor
2019-10-08 05:33:38,495 [main] INFO  ozone.HddsDatanodeService (HddsDatanodeService.java:start(184)) - HddsDatanodeService host:trunk-nightly-20191008-swvtb-1756096174 ip:192.168.5.191
2019-10-08 05:33:38,495 [Datanode State Machine Thread - 0] INFO  datanode.InitDatanodeState (InitDatanodeState.java:persistContainerDatanodeDetails(140)) - DatanodeDetails is persisted to /workdir/hadoop-ozone/integration-test/target/test-dir/MiniOzoneClusterImpl-8a4d0be6-78bc-4c65-8bee-12b8c2006f27/datanode-4/meta/datanode.id
2019-10-08 05:33:38,502 [main] INFO  volume.HddsVolume (HddsVolume.java:<init>(176)) - Creating Volume: /workdir/hadoop-ozone/integration-test/target/test-dir/MiniOzoneClusterImpl-8a4d0be6-78bc-4c65-8bee-12b8c2006f27/datanode-5/data/containers/hdds of  storage type : DISK and capacity : 1482555576320
2019-10-08 05:33:38,503 [main] INFO  volume.VolumeSet (VolumeSet.java:initializeVolumeSet(170)) - Added Volume : /workdir/hadoop-ozone/integration-test/target/test-dir/MiniOzoneClusterImpl-8a4d0be6-78bc-4c65-8bee-12b8c2006f27/datanode-5/data/containers/hdds to VolumeSet
2019-10-08 05:33:38,503 [main] INFO  volume.ThrottledAsyncChecker (ThrottledAsyncChecker.java:schedule(139)) - Scheduling a check for org.apache.hadoop.ozone.container.common.volume.HddsVolume@5f8f1712
2019-10-08 05:33:38,503 [main] INFO  volume.HddsVolumeChecker (HddsVolumeChecker.java:checkAllVolumes(202)) - Scheduled health check for volume org.apache.hadoop.ozone.container.common.volume.HddsVolume@5f8f1712
2019-10-08 05:33:38,516 [main] INFO  impl.RaftServerProxy (ConfUtils.java:logGet(43)) - raft.rpc.type = GRPC (default)
2019-10-08 05:33:38,517 [main] INFO  grpc.GrpcFactory (GrpcFactory.java:checkPooledByteBufAllocatorUseCacheForAllThreads(45)) - PERFORMANCE WARNING: useCacheForAllThreads is true that may cause Netty to create a lot garbage objects and, as a result, trigger GC.
	It is recommended to disable useCacheForAllThreads by setting -Dorg.apache.ratis.thirdparty.io.netty.allocator.useCacheForAllThreads=false in command line.
2019-10-08 05:33:38,517 [main] INFO  grpc.GrpcConfigKeys$Server (ConfUtils.java:logGet(43)) - raft.grpc.server.port = 0 (default)
2019-10-08 05:33:38,517 [main] INFO  server.GrpcService (ConfUtils.java:logGet(43)) - raft.grpc.message.size.max = 33570816 (custom)
2019-10-08 05:33:38,517 [main] INFO  server.RaftServerConfigKeys (ConfUtils.java:logGet(43)) - raft.server.log.appender.buffer.byte-limit = 33554432 (custom)
2019-10-08 05:33:38,517 [main] INFO  server.GrpcService (ConfUtils.java:logGet(43)) - raft.grpc.flow.control.window = 1MB (=1048576) (default)
2019-10-08 05:33:38,518 [main] INFO  server.RaftServerConfigKeys (ConfUtils.java:logGet(43)) - raft.server.rpc.request.timeout = 3000ms (default)
2019-10-08 05:33:38,518 [main] INFO  server.RaftServerConfigKeys (ConfUtils.java:logGet(43)) - raft.server.storage.dir = [/workdir/hadoop-ozone/integration-test/target/test-dir/MiniOzoneClusterImpl-8a4d0be6-78bc-4c65-8bee-12b8c2006f27/datanode-5/data/ratis] (custom)
2019-10-08 05:33:38,519 [main] INFO  hdfs.DFSUtil (DFSUtil.java:httpServerTemplateForNNAndJN(1641)) - Starting Web-server for hddsDatanode at: http://0.0.0.0:0
2019-10-08 05:33:38,520 [main] INFO  server.AuthenticationFilter (AuthenticationFilter.java:constructSecretProvider(240)) - Unable to initialize FileSignerSecretProvider, falling back to use random secrets.
2019-10-08 05:33:38,521 [main] WARN  http.HttpRequestLog (HttpRequestLog.java:getRequestLog(97)) - Jetty request log can only be enabled using Log4j
2019-10-08 05:33:38,522 [main] INFO  http.HttpServer2 (HttpServer2.java:addGlobalFilter(975)) - Added global filter 'safety' (class=org.apache.hadoop.http.HttpServer2$QuotingInputFilter)
2019-10-08 05:33:38,522 [main] INFO  http.HttpServer2 (HttpServer2.java:addFilter(948)) - Added filter static_user_filter (class=org.apache.hadoop.http.lib.StaticUserWebFilter$StaticUserFilter) to context hddsDatanode
2019-10-08 05:33:38,522 [main] INFO  http.HttpServer2 (HttpServer2.java:addFilter(958)) - Added filter static_user_filter (class=org.apache.hadoop.http.lib.StaticUserWebFilter$StaticUserFilter) to context static
2019-10-08 05:33:38,522 [main] INFO  http.HttpServer2 (HttpServer2.java:addFilter(958)) - Added filter static_user_filter (class=org.apache.hadoop.http.lib.StaticUserWebFilter$StaticUserFilter) to context logs
2019-10-08 05:33:38,523 [main] INFO  http.HttpServer2 (HttpServer2.java:bindListener(1191)) - Jetty bound to port 46725
2019-10-08 05:33:38,523 [main] INFO  server.Server (Server.java:doStart(351)) - jetty-9.3.25.v20180904, build timestamp: 2018-09-04T21:11:46Z, git hash: 3ce520221d0240229c862b122d2b06c12a625732
2019-10-08 05:33:38,525 [main] INFO  handler.ContextHandler (ContextHandler.java:doStart(781)) - Started o.e.j.s.ServletContextHandler@34edd065{/logs,file:///workdir/hadoop-ozone/integration-test/target/log,AVAILABLE}
2019-10-08 05:33:38,525 [main] INFO  handler.ContextHandler (ContextHandler.java:doStart(781)) - Started o.e.j.s.ServletContextHandler@29d070c7{/static,jar:file:/home/user/.m2/repository/org/apache/hadoop/hadoop-hdds-container-service/0.5.0-SNAPSHOT/hadoop-hdds-container-service-0.5.0-SNAPSHOT.jar!/webapps/static,AVAILABLE}
2019-10-08 05:33:38,553 [main] INFO  handler.ContextHandler (ContextHandler.java:doStart(781)) - Started o.e.j.w.WebAppContext@120aa40b{/,file:///tmp/jetty-0.0.0.0-46725-hddsDatanode-_-any-7138873051598221248.dir/webapp/,AVAILABLE}{/hddsDatanode}
2019-10-08 05:33:38,553 [main] INFO  server.AbstractConnector (AbstractConnector.java:doStart(278)) - Started ServerConnector@32ab408e{HTTP/1.1,[http/1.1]}{0.0.0.0:46725}
2019-10-08 05:33:38,555 [main] INFO  server.Server (Server.java:doStart(419)) - Started @202780ms
2019-10-08 05:33:38,555 [main] WARN  impl.MetricsSystemImpl (MetricsSystemImpl.java:register(276)) - Sink prometheus already exists!
2019-10-08 05:33:38,556 [main] INFO  server.BaseHttpServer (BaseHttpServer.java:updateConnectorAddress(215)) - HTTP server of HDDSDATANODE is listening at http://0.0.0.0:46725
2019-10-08 05:33:38,556 [main] INFO  impl.MetricsSystemImpl (MetricsSystemImpl.java:init(158)) - HddsDatanode metrics system started (again)
2019-10-08 05:33:38,577 [org.apache.hadoop.util.JvmPauseMonitor$Monitor@33950239] INFO  util.JvmPauseMonitor (JvmPauseMonitor.java:run(188)) - Starting JVM pause monitor
2019-10-08 05:33:38,578 [Datanode State Machine Thread - 0] INFO  datanode.InitDatanodeState (InitDatanodeState.java:persistContainerDatanodeDetails(140)) - DatanodeDetails is persisted to /workdir/hadoop-ozone/integration-test/target/test-dir/MiniOzoneClusterImpl-8a4d0be6-78bc-4c65-8bee-12b8c2006f27/datanode-5/meta/datanode.id
2019-10-08 05:33:38,579 [main] INFO  ozone.HddsDatanodeService (HddsDatanodeService.java:start(184)) - HddsDatanodeService host:trunk-nightly-20191008-swvtb-1756096174 ip:192.168.5.191
2019-10-08 05:33:38,586 [main] INFO  volume.HddsVolume (HddsVolume.java:<init>(176)) - Creating Volume: /workdir/hadoop-ozone/integration-test/target/test-dir/MiniOzoneClusterImpl-8a4d0be6-78bc-4c65-8bee-12b8c2006f27/datanode-6/data/containers/hdds of  storage type : DISK and capacity : 1482555576320
2019-10-08 05:33:38,587 [main] INFO  volume.VolumeSet (VolumeSet.java:initializeVolumeSet(170)) - Added Volume : /workdir/hadoop-ozone/integration-test/target/test-dir/MiniOzoneClusterImpl-8a4d0be6-78bc-4c65-8bee-12b8c2006f27/datanode-6/data/containers/hdds to VolumeSet
2019-10-08 05:33:38,587 [main] INFO  volume.ThrottledAsyncChecker (ThrottledAsyncChecker.java:schedule(139)) - Scheduling a check for org.apache.hadoop.ozone.container.common.volume.HddsVolume@7b8ea1db
2019-10-08 05:33:38,587 [main] INFO  volume.HddsVolumeChecker (HddsVolumeChecker.java:checkAllVolumes(202)) - Scheduled health check for volume org.apache.hadoop.ozone.container.common.volume.HddsVolume@7b8ea1db
2019-10-08 05:33:38,601 [main] INFO  impl.RaftServerProxy (ConfUtils.java:logGet(43)) - raft.rpc.type = GRPC (default)
2019-10-08 05:33:38,601 [main] INFO  grpc.GrpcFactory (GrpcFactory.java:checkPooledByteBufAllocatorUseCacheForAllThreads(45)) - PERFORMANCE WARNING: useCacheForAllThreads is true that may cause Netty to create a lot garbage objects and, as a result, trigger GC.
	It is recommended to disable useCacheForAllThreads by setting -Dorg.apache.ratis.thirdparty.io.netty.allocator.useCacheForAllThreads=false in command line.
2019-10-08 05:33:38,601 [main] INFO  grpc.GrpcConfigKeys$Server (ConfUtils.java:logGet(43)) - raft.grpc.server.port = 0 (default)
2019-10-08 05:33:38,601 [main] INFO  server.GrpcService (ConfUtils.java:logGet(43)) - raft.grpc.message.size.max = 33570816 (custom)
2019-10-08 05:33:38,601 [main] INFO  server.RaftServerConfigKeys (ConfUtils.java:logGet(43)) - raft.server.log.appender.buffer.byte-limit = 33554432 (custom)
2019-10-08 05:33:38,602 [main] INFO  server.GrpcService (ConfUtils.java:logGet(43)) - raft.grpc.flow.control.window = 1MB (=1048576) (default)
2019-10-08 05:33:38,602 [main] INFO  server.RaftServerConfigKeys (ConfUtils.java:logGet(43)) - raft.server.rpc.request.timeout = 3000ms (default)
2019-10-08 05:33:38,602 [main] INFO  server.RaftServerConfigKeys (ConfUtils.java:logGet(43)) - raft.server.storage.dir = [/workdir/hadoop-ozone/integration-test/target/test-dir/MiniOzoneClusterImpl-8a4d0be6-78bc-4c65-8bee-12b8c2006f27/datanode-6/data/ratis] (custom)
2019-10-08 05:33:38,603 [main] INFO  hdfs.DFSUtil (DFSUtil.java:httpServerTemplateForNNAndJN(1641)) - Starting Web-server for hddsDatanode at: http://0.0.0.0:0
2019-10-08 05:33:38,604 [main] INFO  server.AuthenticationFilter (AuthenticationFilter.java:constructSecretProvider(240)) - Unable to initialize FileSignerSecretProvider, falling back to use random secrets.
2019-10-08 05:33:38,605 [main] WARN  http.HttpRequestLog (HttpRequestLog.java:getRequestLog(97)) - Jetty request log can only be enabled using Log4j
2019-10-08 05:33:38,606 [main] INFO  http.HttpServer2 (HttpServer2.java:addGlobalFilter(975)) - Added global filter 'safety' (class=org.apache.hadoop.http.HttpServer2$QuotingInputFilter)
2019-10-08 05:33:38,606 [main] INFO  http.HttpServer2 (HttpServer2.java:addFilter(948)) - Added filter static_user_filter (class=org.apache.hadoop.http.lib.StaticUserWebFilter$StaticUserFilter) to context hddsDatanode
2019-10-08 05:33:38,606 [main] INFO  http.HttpServer2 (HttpServer2.java:addFilter(958)) - Added filter static_user_filter (class=org.apache.hadoop.http.lib.StaticUserWebFilter$StaticUserFilter) to context logs
2019-10-08 05:33:38,606 [main] INFO  http.HttpServer2 (HttpServer2.java:addFilter(958)) - Added filter static_user_filter (class=org.apache.hadoop.http.lib.StaticUserWebFilter$StaticUserFilter) to context static
2019-10-08 05:33:38,607 [main] INFO  http.HttpServer2 (HttpServer2.java:bindListener(1191)) - Jetty bound to port 38281
2019-10-08 05:33:38,607 [main] INFO  server.Server (Server.java:doStart(351)) - jetty-9.3.25.v20180904, build timestamp: 2018-09-04T21:11:46Z, git hash: 3ce520221d0240229c862b122d2b06c12a625732
2019-10-08 05:33:38,609 [main] INFO  handler.ContextHandler (ContextHandler.java:doStart(781)) - Started o.e.j.s.ServletContextHandler@48e41b5d{/logs,file:///workdir/hadoop-ozone/integration-test/target/log,AVAILABLE}
2019-10-08 05:33:38,609 [main] INFO  handler.ContextHandler (ContextHandler.java:doStart(781)) - Started o.e.j.s.ServletContextHandler@5333f08f{/static,jar:file:/home/user/.m2/repository/org/apache/hadoop/hadoop-hdds-container-service/0.5.0-SNAPSHOT/hadoop-hdds-container-service-0.5.0-SNAPSHOT.jar!/webapps/static,AVAILABLE}
2019-10-08 05:33:38,637 [main] INFO  handler.ContextHandler (ContextHandler.java:doStart(781)) - Started o.e.j.w.WebAppContext@5fdd97c1{/,file:///tmp/jetty-0.0.0.0-38281-hddsDatanode-_-any-608581587144422066.dir/webapp/,AVAILABLE}{/hddsDatanode}
2019-10-08 05:33:38,637 [main] INFO  server.AbstractConnector (AbstractConnector.java:doStart(278)) - Started ServerConnector@3b5a19ed{HTTP/1.1,[http/1.1]}{0.0.0.0:38281}
2019-10-08 05:33:38,639 [main] INFO  server.Server (Server.java:doStart(419)) - Started @202864ms
2019-10-08 05:33:38,639 [main] WARN  impl.MetricsSystemImpl (MetricsSystemImpl.java:register(276)) - Sink prometheus already exists!
2019-10-08 05:33:38,640 [main] INFO  server.BaseHttpServer (BaseHttpServer.java:updateConnectorAddress(215)) - HTTP server of HDDSDATANODE is listening at http://0.0.0.0:38281
2019-10-08 05:33:38,640 [main] INFO  ozone.MiniOzoneClusterImpl (MiniOzoneClusterImpl.java:lambda$waitForClusterToBeReady$0(147)) - Waiting for cluster to be ready. Got 0 of 7 DN Heartbeats.
2019-10-08 05:33:38,641 [org.apache.hadoop.util.JvmPauseMonitor$Monitor@bba59aa] INFO  util.JvmPauseMonitor (JvmPauseMonitor.java:run(188)) - Starting JVM pause monitor
2019-10-08 05:33:38,642 [Datanode State Machine Thread - 0] INFO  datanode.InitDatanodeState (InitDatanodeState.java:persistContainerDatanodeDetails(140)) - DatanodeDetails is persisted to /workdir/hadoop-ozone/integration-test/target/test-dir/MiniOzoneClusterImpl-8a4d0be6-78bc-4c65-8bee-12b8c2006f27/datanode-6/meta/datanode.id
2019-10-08 05:33:38,871 [grpc-default-executor-7] WARN  server.GrpcLogAppender (LogUtils.java:warn(134)) - 71ff35e1-9876-4cd7-a897-fd9670beabcb@group-E43142290435->fe02ea69-9380-4bcd-bf4a-8927edb33a1c-AppendLogResponseHandler: Failed appendEntries: org.apache.ratis.thirdparty.io.grpc.StatusRuntimeException: UNAVAILABLE: io exception
2019-10-08 05:33:38,871 [grpc-default-executor-7] INFO  impl.FollowerInfo (FollowerInfo.java:lambda$new$0(51)) - 71ff35e1-9876-4cd7-a897-fd9670beabcb@group-E43142290435->fe02ea69-9380-4bcd-bf4a-8927edb33a1c: nextIndex: updateUnconditionally 0 -> 0
2019-10-08 05:33:38,873 [grpc-default-executor-4] WARN  server.GrpcLogAppender (LogUtils.java:warn(134)) - 71ff35e1-9876-4cd7-a897-fd9670beabcb@group-E43142290435->e4440853-ceb5-4c08-9120-56806a317b5f-AppendLogResponseHandler: Failed appendEntries: org.apache.ratis.thirdparty.io.grpc.StatusRuntimeException: UNAVAILABLE: io exception
2019-10-08 05:33:38,874 [grpc-default-executor-4] INFO  impl.FollowerInfo (FollowerInfo.java:lambda$new$0(51)) - 71ff35e1-9876-4cd7-a897-fd9670beabcb@group-E43142290435->e4440853-ceb5-4c08-9120-56806a317b5f: nextIndex: updateUnconditionally 0 -> 0
2019-10-08 05:33:39,640 [main] INFO  ozone.MiniOzoneClusterImpl (MiniOzoneClusterImpl.java:lambda$waitForClusterToBeReady$0(147)) - Waiting for cluster to be ready. Got 0 of 7 DN Heartbeats.
2019-10-08 05:33:39,857 [Thread-2315] INFO  client.GrpcClientProtocolService (GrpcClientProtocolService.java:lambda$processClientRequest$0(278)) - Failed RaftClientRequest:client-A128CBF95CC4->71ff35e1-9876-4cd7-a897-fd9670beabcb@group-E43142290435, cid=68, seq=0, Watch-MAJORITY_COMMITTED(11), Message:<EMPTY>, reply=RaftClientReply:client-A128CBF95CC4->71ff35e1-9876-4cd7-a897-fd9670beabcb@group-E43142290435, cid=68, FAILED org.apache.ratis.protocol.NotReplicatedException: Request with call Id 68 and log index 11 is not yet replicated to MAJORITY_COMMITTED, logIndex=11, commits[71ff35e1-9876-4cd7-a897-fd9670beabcb:c2, fe02ea69-9380-4bcd-bf4a-8927edb33a1c:c2, e4440853-ceb5-4c08-9120-56806a317b5f:c2]
2019-10-08 05:33:39,857 [Thread-2316] INFO  client.GrpcClientProtocolService (GrpcClientProtocolService.java:lambda$processClientRequest$0(278)) - Failed RaftClientRequest:client-A128CBF95CC4->71ff35e1-9876-4cd7-a897-fd9670beabcb@group-E43142290435, cid=67, seq=0, Watch-ALL_COMMITTED(11), Message:<EMPTY>, reply=RaftClientReply:client-A128CBF95CC4->71ff35e1-9876-4cd7-a897-fd9670beabcb@group-E43142290435, cid=67, FAILED org.apache.ratis.protocol.NotReplicatedException: Request with call Id 67 and log index 11 is not yet replicated to ALL_COMMITTED, logIndex=11, commits[71ff35e1-9876-4cd7-a897-fd9670beabcb:c2, fe02ea69-9380-4bcd-bf4a-8927edb33a1c:c2, e4440853-ceb5-4c08-9120-56806a317b5f:c2]
2019-10-08 05:33:40,252 [Datanode State Machine Thread - 0] INFO  ozoneimpl.OzoneContainer (OzoneContainer.java:start(213)) - Attempting to start container services.
2019-10-08 05:33:40,254 [Datanode State Machine Thread - 0] INFO  ozoneimpl.OzoneContainer (OzoneContainer.java:startContainerScrub(177)) - Background container scanner has been disabled.
2019-10-08 05:33:40,254 [Datanode State Machine Thread - 0] INFO  ratis.XceiverServerRatis (XceiverServerRatis.java:start(418)) - Starting XceiverServerRatis ff36f637-8ae1-4c92-8b77-4e45f4128437 at port 0
2019-10-08 05:33:40,262 [Datanode State Machine Thread - 0] INFO  impl.RaftServerProxy (RaftServerProxy.java:lambda$start$3(299)) - ff36f637-8ae1-4c92-8b77-4e45f4128437: start RPC server
2019-10-08 05:33:40,264 [Datanode State Machine Thread - 0] INFO  server.GrpcService (GrpcService.java:startImpl(158)) - ff36f637-8ae1-4c92-8b77-4e45f4128437: GrpcService started, listening on 0.0.0.0/0.0.0.0:40836
2019-10-08 05:33:40,264 [Datanode State Machine Thread - 0] INFO  ratis.XceiverServerRatis (XceiverServerRatis.java:start(428)) - XceiverServerRatis ff36f637-8ae1-4c92-8b77-4e45f4128437 is started using port 40836
2019-10-08 05:33:40,264 [Datanode State Machine Thread - 0] INFO  server.XceiverServerGrpc (XceiverServerGrpc.java:start(149)) - XceiverServerGrpc ff36f637-8ae1-4c92-8b77-4e45f4128437 is started using port 46748
2019-10-08 05:33:40,268 [Datanode State Machine Thread - 0] INFO  ozoneimpl.OzoneContainer (OzoneContainer.java:start(213)) - Attempting to start container services.
2019-10-08 05:33:40,269 [Datanode State Machine Thread - 0] INFO  ozoneimpl.OzoneContainer (OzoneContainer.java:startContainerScrub(177)) - Background container scanner has been disabled.
2019-10-08 05:33:40,269 [Datanode State Machine Thread - 0] INFO  ratis.XceiverServerRatis (XceiverServerRatis.java:start(418)) - Starting XceiverServerRatis 82715cd2-5aaa-49a4-8076-9c50a0ba8668 at port 0
2019-10-08 05:33:40,277 [Datanode State Machine Thread - 0] INFO  impl.RaftServerProxy (RaftServerProxy.java:lambda$start$3(299)) - 82715cd2-5aaa-49a4-8076-9c50a0ba8668: start RPC server
2019-10-08 05:33:40,278 [Datanode State Machine Thread - 0] INFO  server.GrpcService (GrpcService.java:startImpl(158)) - 82715cd2-5aaa-49a4-8076-9c50a0ba8668: GrpcService started, listening on 0.0.0.0/0.0.0.0:44968
2019-10-08 05:33:40,278 [Datanode State Machine Thread - 0] INFO  ratis.XceiverServerRatis (XceiverServerRatis.java:start(428)) - XceiverServerRatis 82715cd2-5aaa-49a4-8076-9c50a0ba8668 is started using port 44968
2019-10-08 05:33:40,278 [Datanode State Machine Thread - 0] INFO  server.XceiverServerGrpc (XceiverServerGrpc.java:start(149)) - XceiverServerGrpc 82715cd2-5aaa-49a4-8076-9c50a0ba8668 is started using port 32969
2019-10-08 05:33:40,338 [Datanode State Machine Thread - 0] INFO  ozoneimpl.OzoneContainer (OzoneContainer.java:start(213)) - Attempting to start container services.
2019-10-08 05:33:40,338 [Datanode State Machine Thread - 0] INFO  ozoneimpl.OzoneContainer (OzoneContainer.java:startContainerScrub(177)) - Background container scanner has been disabled.
2019-10-08 05:33:40,338 [Datanode State Machine Thread - 0] INFO  ratis.XceiverServerRatis (XceiverServerRatis.java:start(418)) - Starting XceiverServerRatis 0b4587bd-9f4b-4d13-9ec4-affd273f2fd1 at port 0
2019-10-08 05:33:40,346 [Datanode State Machine Thread - 0] INFO  impl.RaftServerProxy (RaftServerProxy.java:lambda$start$3(299)) - 0b4587bd-9f4b-4d13-9ec4-affd273f2fd1: start RPC server
2019-10-08 05:33:40,346 [Datanode State Machine Thread - 0] INFO  server.GrpcService (GrpcService.java:startImpl(158)) - 0b4587bd-9f4b-4d13-9ec4-affd273f2fd1: GrpcService started, listening on 0.0.0.0/0.0.0.0:42266
2019-10-08 05:33:40,346 [Datanode State Machine Thread - 0] INFO  ratis.XceiverServerRatis (XceiverServerRatis.java:start(428)) - XceiverServerRatis 0b4587bd-9f4b-4d13-9ec4-affd273f2fd1 is started using port 42266
2019-10-08 05:33:40,347 [Datanode State Machine Thread - 0] INFO  server.XceiverServerGrpc (XceiverServerGrpc.java:start(149)) - XceiverServerGrpc 0b4587bd-9f4b-4d13-9ec4-affd273f2fd1 is started using port 39283
2019-10-08 05:33:40,421 [Datanode State Machine Thread - 0] INFO  ozoneimpl.OzoneContainer (OzoneContainer.java:start(213)) - Attempting to start container services.
2019-10-08 05:33:40,421 [Datanode State Machine Thread - 0] INFO  ozoneimpl.OzoneContainer (OzoneContainer.java:startContainerScrub(177)) - Background container scanner has been disabled.
2019-10-08 05:33:40,421 [Datanode State Machine Thread - 0] INFO  ratis.XceiverServerRatis (XceiverServerRatis.java:start(418)) - Starting XceiverServerRatis 30a29906-681b-4e4a-a42a-f88679188b7b at port 0
2019-10-08 05:33:40,428 [Datanode State Machine Thread - 0] INFO  impl.RaftServerProxy (RaftServerProxy.java:lambda$start$3(299)) - 30a29906-681b-4e4a-a42a-f88679188b7b: start RPC server
2019-10-08 05:33:40,429 [Datanode State Machine Thread - 0] INFO  server.GrpcService (GrpcService.java:startImpl(158)) - 30a29906-681b-4e4a-a42a-f88679188b7b: GrpcService started, listening on 0.0.0.0/0.0.0.0:40141
2019-10-08 05:33:40,429 [Datanode State Machine Thread - 0] INFO  ratis.XceiverServerRatis (XceiverServerRatis.java:start(428)) - XceiverServerRatis 30a29906-681b-4e4a-a42a-f88679188b7b is started using port 40141
2019-10-08 05:33:40,429 [Datanode State Machine Thread - 0] INFO  server.XceiverServerGrpc (XceiverServerGrpc.java:start(149)) - XceiverServerGrpc 30a29906-681b-4e4a-a42a-f88679188b7b is started using port 37381
2019-10-08 05:33:40,530 [Datanode State Machine Thread - 0] INFO  ozoneimpl.OzoneContainer (OzoneContainer.java:start(213)) - Attempting to start container services.
2019-10-08 05:33:40,531 [Datanode State Machine Thread - 0] INFO  ozoneimpl.OzoneContainer (OzoneContainer.java:startContainerScrub(177)) - Background container scanner has been disabled.
2019-10-08 05:33:40,531 [Datanode State Machine Thread - 0] INFO  ratis.XceiverServerRatis (XceiverServerRatis.java:start(418)) - Starting XceiverServerRatis f072f66c-acb6-420a-bd63-1def1c73c314 at port 0
2019-10-08 05:33:40,538 [Datanode State Machine Thread - 0] INFO  impl.RaftServerProxy (RaftServerProxy.java:lambda$start$3(299)) - f072f66c-acb6-420a-bd63-1def1c73c314: start RPC server
2019-10-08 05:33:40,539 [Datanode State Machine Thread - 0] INFO  server.GrpcService (GrpcService.java:startImpl(158)) - f072f66c-acb6-420a-bd63-1def1c73c314: GrpcService started, listening on 0.0.0.0/0.0.0.0:37696
2019-10-08 05:33:40,539 [Datanode State Machine Thread - 0] INFO  ratis.XceiverServerRatis (XceiverServerRatis.java:start(428)) - XceiverServerRatis f072f66c-acb6-420a-bd63-1def1c73c314 is started using port 37696
2019-10-08 05:33:40,540 [Datanode State Machine Thread - 0] INFO  server.XceiverServerGrpc (XceiverServerGrpc.java:start(149)) - XceiverServerGrpc f072f66c-acb6-420a-bd63-1def1c73c314 is started using port 45826
2019-10-08 05:33:40,593 [Datanode State Machine Thread - 0] INFO  ozoneimpl.OzoneContainer (OzoneContainer.java:start(213)) - Attempting to start container services.
2019-10-08 05:33:40,593 [Datanode State Machine Thread - 0] INFO  ozoneimpl.OzoneContainer (OzoneContainer.java:startContainerScrub(177)) - Background container scanner has been disabled.
2019-10-08 05:33:40,593 [Datanode State Machine Thread - 0] INFO  ratis.XceiverServerRatis (XceiverServerRatis.java:start(418)) - Starting XceiverServerRatis 89bf3bfe-02a4-4689-8a3a-45b19efc6698 at port 0
2019-10-08 05:33:40,601 [Datanode State Machine Thread - 0] INFO  impl.RaftServerProxy (RaftServerProxy.java:lambda$start$3(299)) - 89bf3bfe-02a4-4689-8a3a-45b19efc6698: start RPC server
2019-10-08 05:33:40,602 [Datanode State Machine Thread - 0] INFO  server.GrpcService (GrpcService.java:startImpl(158)) - 89bf3bfe-02a4-4689-8a3a-45b19efc6698: GrpcService started, listening on 0.0.0.0/0.0.0.0:41637
2019-10-08 05:33:40,602 [Datanode State Machine Thread - 0] INFO  ratis.XceiverServerRatis (XceiverServerRatis.java:start(428)) - XceiverServerRatis 89bf3bfe-02a4-4689-8a3a-45b19efc6698 is started using port 41637
2019-10-08 05:33:40,602 [Datanode State Machine Thread - 0] INFO  server.XceiverServerGrpc (XceiverServerGrpc.java:start(149)) - XceiverServerGrpc 89bf3bfe-02a4-4689-8a3a-45b19efc6698 is started using port 39813
2019-10-08 05:33:40,641 [main] INFO  ozone.MiniOzoneClusterImpl (MiniOzoneClusterImpl.java:lambda$waitForClusterToBeReady$0(147)) - Waiting for cluster to be ready. Got 0 of 7 DN Heartbeats.
2019-10-08 05:33:40,655 [Datanode State Machine Thread - 0] INFO  ozoneimpl.OzoneContainer (OzoneContainer.java:start(213)) - Attempting to start container services.
2019-10-08 05:33:40,655 [Datanode State Machine Thread - 0] INFO  ozoneimpl.OzoneContainer (OzoneContainer.java:startContainerScrub(177)) - Background container scanner has been disabled.
2019-10-08 05:33:40,655 [Datanode State Machine Thread - 0] INFO  ratis.XceiverServerRatis (XceiverServerRatis.java:start(418)) - Starting XceiverServerRatis 192170e7-4cac-4b63-8b06-4df9c0029108 at port 0
2019-10-08 05:33:40,662 [Datanode State Machine Thread - 0] INFO  impl.RaftServerProxy (RaftServerProxy.java:lambda$start$3(299)) - 192170e7-4cac-4b63-8b06-4df9c0029108: start RPC server
2019-10-08 05:33:40,663 [Datanode State Machine Thread - 0] INFO  server.GrpcService (GrpcService.java:startImpl(158)) - 192170e7-4cac-4b63-8b06-4df9c0029108: GrpcService started, listening on 0.0.0.0/0.0.0.0:41193
2019-10-08 05:33:40,663 [Datanode State Machine Thread - 0] INFO  ratis.XceiverServerRatis (XceiverServerRatis.java:start(428)) - XceiverServerRatis 192170e7-4cac-4b63-8b06-4df9c0029108 is started using port 41193
2019-10-08 05:33:40,663 [Datanode State Machine Thread - 0] INFO  server.XceiverServerGrpc (XceiverServerGrpc.java:start(149)) - XceiverServerGrpc 192170e7-4cac-4b63-8b06-4df9c0029108 is started using port 41600
2019-10-08 05:33:41,373 [grpc-default-executor-7] WARN  server.GrpcLogAppender (LogUtils.java:warn(134)) - 71ff35e1-9876-4cd7-a897-fd9670beabcb@group-E43142290435->fe02ea69-9380-4bcd-bf4a-8927edb33a1c-AppendLogResponseHandler: Failed appendEntries: org.apache.ratis.thirdparty.io.grpc.StatusRuntimeException: UNAVAILABLE: io exception
2019-10-08 05:33:41,374 [grpc-default-executor-1] WARN  server.GrpcLogAppender (LogUtils.java:warn(134)) - 71ff35e1-9876-4cd7-a897-fd9670beabcb@group-E43142290435->e4440853-ceb5-4c08-9120-56806a317b5f-AppendLogResponseHandler: Failed appendEntries: org.apache.ratis.thirdparty.io.grpc.StatusRuntimeException: UNAVAILABLE: io exception
2019-10-08 05:33:41,374 [grpc-default-executor-7] INFO  impl.FollowerInfo (FollowerInfo.java:lambda$new$0(51)) - 71ff35e1-9876-4cd7-a897-fd9670beabcb@group-E43142290435->fe02ea69-9380-4bcd-bf4a-8927edb33a1c: nextIndex: updateUnconditionally 0 -> 0
2019-10-08 05:33:41,374 [grpc-default-executor-1] INFO  impl.FollowerInfo (FollowerInfo.java:lambda$new$0(51)) - 71ff35e1-9876-4cd7-a897-fd9670beabcb@group-E43142290435->e4440853-ceb5-4c08-9120-56806a317b5f: nextIndex: updateUnconditionally 0 -> 0
2019-10-08 05:33:41,642 [main] INFO  ozone.MiniOzoneClusterImpl (MiniOzoneClusterImpl.java:lambda$waitForClusterToBeReady$0(147)) - Waiting for cluster to be ready. Got 0 of 7 DN Heartbeats.
2019-10-08 05:33:42,155 [IPC Server handler 3 on 32985] INFO  net.NetworkTopology (NetworkTopologyImpl.java:add(111)) - Added a new node: /default-rack/ff36f637-8ae1-4c92-8b77-4e45f4128437
2019-10-08 05:33:42,160 [IPC Server handler 3 on 32985] INFO  node.SCMNodeManager (SCMNodeManager.java:register(268)) - Registered Data node : ff36f637-8ae1-4c92-8b77-4e45f4128437{ip: 192.168.5.191, host: trunk-nightly-20191008-swvtb-1756096174, networkLocation: /default-rack, certSerialId: null}
2019-10-08 05:33:42,161 [EventQueue-NodeRegistrationContainerReportForDataNodeSafeModeRule] INFO  safemode.SCMSafeModeManager (DataNodeSafeModeRule.java:process(71)) - SCM in safe mode. 1 DataNodes registered, 1 required.
2019-10-08 05:33:42,166 [EventQueue-NodeRegistrationContainerReportForDataNodeSafeModeRule] INFO  safemode.SCMSafeModeManager (SCMSafeModeManager.java:validateSafeModeExitRules(177)) - ScmSafeModeManager, all rules are successfully validated
2019-10-08 05:33:42,166 [EventQueue-NodeRegistrationContainerReportForDataNodeSafeModeRule] INFO  safemode.SCMSafeModeManager (SCMSafeModeManager.java:exitSafeMode(193)) - SCM exiting safe mode.
2019-10-08 05:33:42,176 [grpc-default-executor-1] INFO  impl.RaftServerProxy (RaftServerProxy.java:addNew(89)) - ff36f637-8ae1-4c92-8b77-4e45f4128437: addNew group-6A31793B8BB0:[ff36f637-8ae1-4c92-8b77-4e45f4128437:192.168.5.191:40836] returns group-6A31793B8BB0:java.util.concurrent.CompletableFuture@2191d5f5[Not completed]
2019-10-08 05:33:42,180 [pool-383-thread-1] INFO  impl.RaftServerImpl (RaftServerImpl.java:<init>(95)) - ff36f637-8ae1-4c92-8b77-4e45f4128437: new RaftServerImpl for group-6A31793B8BB0:[ff36f637-8ae1-4c92-8b77-4e45f4128437:192.168.5.191:40836] with ContainerStateMachine:uninitialized
2019-10-08 05:33:42,180 [pool-383-thread-1] INFO  server.RaftServerConfigKeys (ConfUtils.java:logGet(43)) - raft.server.rpc.timeout.min = 5s (custom)
2019-10-08 05:33:42,181 [pool-383-thread-1] INFO  server.RaftServerConfigKeys (ConfUtils.java:logGet(43)) - raft.server.rpc.timeout.max = 5200ms (custom)
2019-10-08 05:33:42,181 [pool-383-thread-1] INFO  server.RaftServerConfigKeys (ConfUtils.java:logGet(43)) - raft.server.rpcslowness.timeout = 120s (custom)
2019-10-08 05:33:42,181 [pool-383-thread-1] INFO  server.RaftServerConfigKeys (ConfUtils.java:logGet(43)) - raft.server.sleep.deviation.threshold = 300 (default)
2019-10-08 05:33:42,181 [pool-383-thread-1] INFO  server.RaftServerConfigKeys (ConfUtils.java:logGet(43)) - raft.server.log.appender.install.snapshot.enabled = false (custom)
2019-10-08 05:33:42,181 [pool-383-thread-1] INFO  impl.RaftServerImpl (ServerState.java:<init>(103)) - ff36f637-8ae1-4c92-8b77-4e45f4128437@group-6A31793B8BB0: ConfigurationManager, init=-1: [ff36f637-8ae1-4c92-8b77-4e45f4128437:192.168.5.191:40836], old=null, confs=<EMPTY_MAP>
2019-10-08 05:33:42,181 [pool-383-thread-1] INFO  server.RaftServerConfigKeys (ConfUtils.java:logGet(43)) - raft.server.storage.dir = [/workdir/hadoop-ozone/integration-test/target/test-dir/MiniOzoneClusterImpl-8a4d0be6-78bc-4c65-8bee-12b8c2006f27/datanode-0/data/ratis] (custom)
2019-10-08 05:33:42,182 [pool-383-thread-1] INFO  server.RaftServerConfigKeys (ConfUtils.java:logGet(43)) - raft.server.log.corruption.policy = EXCEPTION (default)
2019-10-08 05:33:42,182 [pool-383-thread-1] INFO  storage.RaftStorageDirectory (RaftStorageDirectory.java:analyzeStorage(246)) - The storage directory /workdir/hadoop-ozone/integration-test/target/test-dir/MiniOzoneClusterImpl-8a4d0be6-78bc-4c65-8bee-12b8c2006f27/datanode-0/data/ratis/3221d36d-2c16-4bd7-85d8-6a31793b8bb0 does not exist. Creating ...
2019-10-08 05:33:42,195 [pool-383-thread-1] INFO  storage.RaftStorageDirectory (RaftStorageDirectory.java:tryLock(328)) - Lock on /workdir/hadoop-ozone/integration-test/target/test-dir/MiniOzoneClusterImpl-8a4d0be6-78bc-4c65-8bee-12b8c2006f27/datanode-0/data/ratis/3221d36d-2c16-4bd7-85d8-6a31793b8bb0/in_use.lock acquired by nodename 23931@trunk-nightly-20191008-swvtb-1756096174
2019-10-08 05:33:42,208 [pool-383-thread-1] INFO  storage.RaftStorage (RaftStorage.java:format(84)) - Storage directory /workdir/hadoop-ozone/integration-test/target/test-dir/MiniOzoneClusterImpl-8a4d0be6-78bc-4c65-8bee-12b8c2006f27/datanode-0/data/ratis/3221d36d-2c16-4bd7-85d8-6a31793b8bb0 has been successfully formatted.
2019-10-08 05:33:42,208 [pool-383-thread-1] INFO  ratis.ContainerStateMachine (ContainerStateMachine.java:loadSnapshot(231)) - group-6A31793B8BB0: The snapshot info is null. Setting the last applied indexto:(t:0, i:~)
2019-10-08 05:33:42,208 [pool-383-thread-1] INFO  server.RaftServerConfigKeys (ConfUtils.java:logGet(43)) - raft.server.notification.no-leader.timeout = 120s (custom)
2019-10-08 05:33:42,208 [pool-383-thread-1] INFO  server.RaftServerConfigKeys (ConfUtils.java:logGet(43)) - raft.server.log.use.memory = false (default)
2019-10-08 05:33:42,208 [pool-383-thread-1] INFO  server.RaftServerConfigKeys (ConfUtils.java:logGet(43)) - raft.server.log.purge.gap = 1000000 (custom)
2019-10-08 05:33:42,209 [pool-383-thread-1] INFO  server.RaftServerConfigKeys (ConfUtils.java:logGet(43)) - raft.server.log.appender.buffer.byte-limit = 33554432 (custom)
2019-10-08 05:33:42,209 [pool-383-thread-1] INFO  server.RaftServerConfigKeys (ConfUtils.java:logGet(43)) - raft.server.log.segment.size.max = 1048576 (custom)
2019-10-08 05:33:42,210 [pool-383-thread-1] INFO  server.RaftServerConfigKeys (ConfUtils.java:logGet(43)) - raft.server.log.segment.cache.num.max = 2 (custom)
2019-10-08 05:33:42,211 [pool-383-thread-1] INFO  segmented.SegmentedRaftLogWorker (SegmentedRaftLogWorker.java:<init>(173)) - new ff36f637-8ae1-4c92-8b77-4e45f4128437@group-6A31793B8BB0-SegmentedRaftLogWorker for RaftStorage:Storage Directory /workdir/hadoop-ozone/integration-test/target/test-dir/MiniOzoneClusterImpl-8a4d0be6-78bc-4c65-8bee-12b8c2006f27/datanode-0/data/ratis/3221d36d-2c16-4bd7-85d8-6a31793b8bb0
2019-10-08 05:33:42,211 [pool-383-thread-1] INFO  server.RaftServerConfigKeys (ConfUtils.java:logGet(43)) - raft.server.log.queue.byte-limit = 2147483647 (custom)
2019-10-08 05:33:42,211 [pool-383-thread-1] INFO  server.RaftServerConfigKeys (ConfUtils.java:logGet(43)) - raft.server.log.queue.element-limit = 1024 (custom)
2019-10-08 05:33:42,211 [pool-383-thread-1] INFO  server.RaftServerConfigKeys (ConfUtils.java:logGet(43)) - raft.server.log.segment.size.max = 1048576 (custom)
2019-10-08 05:33:42,211 [pool-383-thread-1] INFO  server.RaftServerConfigKeys (ConfUtils.java:logGet(43)) - raft.server.log.preallocated.size = 16384 (custom)
2019-10-08 05:33:42,211 [pool-383-thread-1] INFO  server.RaftServerConfigKeys (ConfUtils.java:logGet(43)) - raft.server.log.write.buffer.size = 33554432 (custom)
2019-10-08 05:33:42,211 [pool-383-thread-1] INFO  server.RaftServerConfigKeys (ConfUtils.java:logGet(43)) - raft.server.log.force.sync.num = 128 (default)
2019-10-08 05:33:42,211 [pool-383-thread-1] INFO  server.RaftServerConfigKeys (ConfUtils.java:logGet(43)) - raft.server.log.statemachine.data.sync = true (default)
2019-10-08 05:33:42,212 [pool-383-thread-1] INFO  server.RaftServerConfigKeys (ConfUtils.java:logGet(43)) - raft.server.log.statemachine.data.sync.timeout = 10s (default)
2019-10-08 05:33:42,212 [pool-383-thread-1] INFO  server.RaftServerConfigKeys (ConfUtils.java:logGet(43)) - raft.server.log.statemachine.data.sync.timeout.retry = -1 (default)
2019-10-08 05:33:42,212 [pool-383-thread-1] INFO  server.RaftServerConfigKeys (ConfUtils.java:logGet(43)) - raft.server.log.statemachine.data.caching.enabled = true (custom)
2019-10-08 05:33:42,212 [pool-383-thread-1] INFO  segmented.SegmentedRaftLogWorker (SegmentedRaftLogWorker.java:lambda$new$0(128)) - ff36f637-8ae1-4c92-8b77-4e45f4128437@group-6A31793B8BB0-SegmentedRaftLogWorker: flushIndex: setUnconditionally 0 -> -1
2019-10-08 05:33:42,213 [pool-383-thread-1] INFO  server.RaftServerConfigKeys (ConfUtils.java:logGet(43)) - raft.server.snapshot.auto.trigger.enabled = true (custom)
2019-10-08 05:33:42,213 [pool-383-thread-1] INFO  server.RaftServerConfigKeys (ConfUtils.java:logGet(43)) - raft.server.snapshot.auto.trigger.threshold = 10000 (custom)
2019-10-08 05:33:42,213 [pool-383-thread-1] INFO  server.RaftServerConfigKeys (ConfUtils.java:logGet(43)) - raft.server.snapshot.retention.file.num = 5 (custom)
2019-10-08 05:33:42,213 [pool-383-thread-1] INFO  server.RaftServerConfigKeys (ConfUtils.java:logGet(43)) - raft.server.retrycache.expirytime = 600000ms (custom)
2019-10-08 05:33:42,215 [pool-383-thread-1] INFO  impl.RaftServerImpl (RaftServerImpl.java:start(181)) - ff36f637-8ae1-4c92-8b77-4e45f4128437@group-6A31793B8BB0: start as a follower, conf=-1: [ff36f637-8ae1-4c92-8b77-4e45f4128437:192.168.5.191:40836], old=null
2019-10-08 05:33:42,215 [pool-383-thread-1] INFO  impl.RaftServerImpl (RaftServerImpl.java:setRole(170)) - ff36f637-8ae1-4c92-8b77-4e45f4128437@group-6A31793B8BB0: changes role from      null to FOLLOWER at term 0 for startAsFollower
2019-10-08 05:33:42,215 [pool-383-thread-1] INFO  impl.RoleInfo (RoleInfo.java:updateAndGet(143)) - ff36f637-8ae1-4c92-8b77-4e45f4128437: start FollowerState
2019-10-08 05:33:42,215 [pool-383-thread-1] INFO  util.JmxRegister (JmxRegister.java:tryRegister(44)) - Successfully registered JMX Bean with object name Ratis:service=RaftServer,group=group-6A31793B8BB0,id=ff36f637-8ae1-4c92-8b77-4e45f4128437
2019-10-08 05:33:42,225 [RatisPipelineUtilsThread] INFO  pipeline.PipelineStateManager (PipelineStateManager.java:addPipeline(56)) - Created pipeline Pipeline[ Id: 3221d36d-2c16-4bd7-85d8-6a31793b8bb0, Nodes: ff36f637-8ae1-4c92-8b77-4e45f4128437{ip: 192.168.5.191, host: trunk-nightly-20191008-swvtb-1756096174, networkLocation: /default-rack, certSerialId: null}, Type:RATIS, Factor:ONE, State:OPEN]
2019-10-08 05:33:42,244 [IPC Server handler 4 on 32985] INFO  net.NetworkTopology (NetworkTopologyImpl.java:add(111)) - Added a new node: /default-rack/82715cd2-5aaa-49a4-8076-9c50a0ba8668
2019-10-08 05:33:42,244 [IPC Server handler 4 on 32985] INFO  node.SCMNodeManager (SCMNodeManager.java:register(268)) - Registered Data node : 82715cd2-5aaa-49a4-8076-9c50a0ba8668{ip: 192.168.5.191, host: trunk-nightly-20191008-swvtb-1756096174, networkLocation: /default-rack, certSerialId: null}
2019-10-08 05:33:42,254 [grpc-default-executor-1] INFO  impl.RaftServerProxy (RaftServerProxy.java:addNew(89)) - 82715cd2-5aaa-49a4-8076-9c50a0ba8668: addNew group-054AB2D4D308:[82715cd2-5aaa-49a4-8076-9c50a0ba8668:192.168.5.191:44968] returns group-054AB2D4D308:java.util.concurrent.CompletableFuture@6f3832b5[Not completed]
2019-10-08 05:33:42,256 [pool-393-thread-1] INFO  impl.RaftServerImpl (RaftServerImpl.java:<init>(95)) - 82715cd2-5aaa-49a4-8076-9c50a0ba8668: new RaftServerImpl for group-054AB2D4D308:[82715cd2-5aaa-49a4-8076-9c50a0ba8668:192.168.5.191:44968] with ContainerStateMachine:uninitialized
2019-10-08 05:33:42,256 [pool-393-thread-1] INFO  server.RaftServerConfigKeys (ConfUtils.java:logGet(43)) - raft.server.rpc.timeout.min = 5s (custom)
2019-10-08 05:33:42,256 [pool-393-thread-1] INFO  server.RaftServerConfigKeys (ConfUtils.java:logGet(43)) - raft.server.rpc.timeout.max = 5200ms (custom)
2019-10-08 05:33:42,256 [pool-393-thread-1] INFO  server.RaftServerConfigKeys (ConfUtils.java:logGet(43)) - raft.server.rpcslowness.timeout = 120s (custom)
2019-10-08 05:33:42,256 [pool-393-thread-1] INFO  server.RaftServerConfigKeys (ConfUtils.java:logGet(43)) - raft.server.sleep.deviation.threshold = 300 (default)
2019-10-08 05:33:42,257 [pool-393-thread-1] INFO  server.RaftServerConfigKeys (ConfUtils.java:logGet(43)) - raft.server.log.appender.install.snapshot.enabled = false (custom)
2019-10-08 05:33:42,257 [pool-393-thread-1] INFO  impl.RaftServerImpl (ServerState.java:<init>(103)) - 82715cd2-5aaa-49a4-8076-9c50a0ba8668@group-054AB2D4D308: ConfigurationManager, init=-1: [82715cd2-5aaa-49a4-8076-9c50a0ba8668:192.168.5.191:44968], old=null, confs=<EMPTY_MAP>
2019-10-08 05:33:42,257 [pool-393-thread-1] INFO  server.RaftServerConfigKeys (ConfUtils.java:logGet(43)) - raft.server.storage.dir = [/workdir/hadoop-ozone/integration-test/target/test-dir/MiniOzoneClusterImpl-8a4d0be6-78bc-4c65-8bee-12b8c2006f27/datanode-1/data/ratis] (custom)
2019-10-08 05:33:42,257 [pool-393-thread-1] INFO  server.RaftServerConfigKeys (ConfUtils.java:logGet(43)) - raft.server.log.corruption.policy = EXCEPTION (default)
2019-10-08 05:33:42,258 [pool-393-thread-1] INFO  storage.RaftStorageDirectory (RaftStorageDirectory.java:analyzeStorage(246)) - The storage directory /workdir/hadoop-ozone/integration-test/target/test-dir/MiniOzoneClusterImpl-8a4d0be6-78bc-4c65-8bee-12b8c2006f27/datanode-1/data/ratis/ef0397ff-2d3e-492e-ac8d-054ab2d4d308 does not exist. Creating ...
2019-10-08 05:33:42,271 [pool-393-thread-1] INFO  storage.RaftStorageDirectory (RaftStorageDirectory.java:tryLock(328)) - Lock on /workdir/hadoop-ozone/integration-test/target/test-dir/MiniOzoneClusterImpl-8a4d0be6-78bc-4c65-8bee-12b8c2006f27/datanode-1/data/ratis/ef0397ff-2d3e-492e-ac8d-054ab2d4d308/in_use.lock acquired by nodename 23931@trunk-nightly-20191008-swvtb-1756096174
2019-10-08 05:33:42,283 [pool-393-thread-1] INFO  storage.RaftStorage (RaftStorage.java:format(84)) - Storage directory /workdir/hadoop-ozone/integration-test/target/test-dir/MiniOzoneClusterImpl-8a4d0be6-78bc-4c65-8bee-12b8c2006f27/datanode-1/data/ratis/ef0397ff-2d3e-492e-ac8d-054ab2d4d308 has been successfully formatted.
2019-10-08 05:33:42,284 [pool-393-thread-1] INFO  ratis.ContainerStateMachine (ContainerStateMachine.java:loadSnapshot(231)) - group-054AB2D4D308: The snapshot info is null. Setting the last applied indexto:(t:0, i:~)
2019-10-08 05:33:42,284 [pool-393-thread-1] INFO  server.RaftServerConfigKeys (ConfUtils.java:logGet(43)) - raft.server.notification.no-leader.timeout = 120s (custom)
2019-10-08 05:33:42,284 [pool-393-thread-1] INFO  server.RaftServerConfigKeys (ConfUtils.java:logGet(43)) - raft.server.log.use.memory = false (default)
2019-10-08 05:33:42,284 [pool-393-thread-1] INFO  server.RaftServerConfigKeys (ConfUtils.java:logGet(43)) - raft.server.log.purge.gap = 1000000 (custom)
2019-10-08 05:33:42,284 [pool-393-thread-1] INFO  server.RaftServerConfigKeys (ConfUtils.java:logGet(43)) - raft.server.log.appender.buffer.byte-limit = 33554432 (custom)
2019-10-08 05:33:42,284 [pool-393-thread-1] INFO  server.RaftServerConfigKeys (ConfUtils.java:logGet(43)) - raft.server.log.segment.size.max = 1048576 (custom)
2019-10-08 05:33:42,286 [pool-393-thread-1] INFO  server.RaftServerConfigKeys (ConfUtils.java:logGet(43)) - raft.server.log.segment.cache.num.max = 2 (custom)
2019-10-08 05:33:42,286 [pool-393-thread-1] INFO  segmented.SegmentedRaftLogWorker (SegmentedRaftLogWorker.java:<init>(173)) - new 82715cd2-5aaa-49a4-8076-9c50a0ba8668@group-054AB2D4D308-SegmentedRaftLogWorker for RaftStorage:Storage Directory /workdir/hadoop-ozone/integration-test/target/test-dir/MiniOzoneClusterImpl-8a4d0be6-78bc-4c65-8bee-12b8c2006f27/datanode-1/data/ratis/ef0397ff-2d3e-492e-ac8d-054ab2d4d308
2019-10-08 05:33:42,287 [pool-393-thread-1] INFO  server.RaftServerConfigKeys (ConfUtils.java:logGet(43)) - raft.server.log.queue.byte-limit = 2147483647 (custom)
2019-10-08 05:33:42,287 [pool-393-thread-1] INFO  server.RaftServerConfigKeys (ConfUtils.java:logGet(43)) - raft.server.log.queue.element-limit = 1024 (custom)
2019-10-08 05:33:42,287 [pool-393-thread-1] INFO  server.RaftServerConfigKeys (ConfUtils.java:logGet(43)) - raft.server.log.segment.size.max = 1048576 (custom)
2019-10-08 05:33:42,287 [pool-393-thread-1] INFO  server.RaftServerConfigKeys (ConfUtils.java:logGet(43)) - raft.server.log.preallocated.size = 16384 (custom)
2019-10-08 05:33:42,287 [pool-393-thread-1] INFO  server.RaftServerConfigKeys (ConfUtils.java:logGet(43)) - raft.server.log.write.buffer.size = 33554432 (custom)
2019-10-08 05:33:42,287 [pool-393-thread-1] INFO  server.RaftServerConfigKeys (ConfUtils.java:logGet(43)) - raft.server.log.force.sync.num = 128 (default)
2019-10-08 05:33:42,287 [pool-393-thread-1] INFO  server.RaftServerConfigKeys (ConfUtils.java:logGet(43)) - raft.server.log.statemachine.data.sync = true (default)
2019-10-08 05:33:42,288 [pool-393-thread-1] INFO  server.RaftServerConfigKeys (ConfUtils.java:logGet(43)) - raft.server.log.statemachine.data.sync.timeout = 10s (default)
2019-10-08 05:33:42,288 [pool-393-thread-1] INFO  server.RaftServerConfigKeys (ConfUtils.java:logGet(43)) - raft.server.log.statemachine.data.sync.timeout.retry = -1 (default)
2019-10-08 05:33:42,288 [pool-393-thread-1] INFO  server.RaftServerConfigKeys (ConfUtils.java:logGet(43)) - raft.server.log.statemachine.data.caching.enabled = true (custom)
2019-10-08 05:33:42,288 [pool-393-thread-1] INFO  segmented.SegmentedRaftLogWorker (SegmentedRaftLogWorker.java:lambda$new$0(128)) - 82715cd2-5aaa-49a4-8076-9c50a0ba8668@group-054AB2D4D308-SegmentedRaftLogWorker: flushIndex: setUnconditionally 0 -> -1
2019-10-08 05:33:42,289 [pool-393-thread-1] INFO  server.RaftServerConfigKeys (ConfUtils.java:logGet(43)) - raft.server.snapshot.auto.trigger.enabled = true (custom)
2019-10-08 05:33:42,289 [pool-393-thread-1] INFO  server.RaftServerConfigKeys (ConfUtils.java:logGet(43)) - raft.server.snapshot.auto.trigger.threshold = 10000 (custom)
2019-10-08 05:33:42,289 [pool-393-thread-1] INFO  server.RaftServerConfigKeys (ConfUtils.java:logGet(43)) - raft.server.snapshot.retention.file.num = 5 (custom)
2019-10-08 05:33:42,289 [pool-393-thread-1] INFO  server.RaftServerConfigKeys (ConfUtils.java:logGet(43)) - raft.server.retrycache.expirytime = 600000ms (custom)
2019-10-08 05:33:42,291 [pool-393-thread-1] INFO  impl.RaftServerImpl (RaftServerImpl.java:start(181)) - 82715cd2-5aaa-49a4-8076-9c50a0ba8668@group-054AB2D4D308: start as a follower, conf=-1: [82715cd2-5aaa-49a4-8076-9c50a0ba8668:192.168.5.191:44968], old=null
2019-10-08 05:33:42,291 [pool-393-thread-1] INFO  impl.RaftServerImpl (RaftServerImpl.java:setRole(170)) - 82715cd2-5aaa-49a4-8076-9c50a0ba8668@group-054AB2D4D308: changes role from      null to FOLLOWER at term 0 for startAsFollower
2019-10-08 05:33:42,291 [pool-393-thread-1] INFO  impl.RoleInfo (RoleInfo.java:updateAndGet(143)) - 82715cd2-5aaa-49a4-8076-9c50a0ba8668: start FollowerState
2019-10-08 05:33:42,292 [pool-393-thread-1] INFO  util.JmxRegister (JmxRegister.java:tryRegister(44)) - Successfully registered JMX Bean with object name Ratis:service=RaftServer,group=group-054AB2D4D308,id=82715cd2-5aaa-49a4-8076-9c50a0ba8668
2019-10-08 05:33:42,302 [RatisPipelineUtilsThread] INFO  pipeline.PipelineStateManager (PipelineStateManager.java:addPipeline(56)) - Created pipeline Pipeline[ Id: ef0397ff-2d3e-492e-ac8d-054ab2d4d308, Nodes: 82715cd2-5aaa-49a4-8076-9c50a0ba8668{ip: 192.168.5.191, host: trunk-nightly-20191008-swvtb-1756096174, networkLocation: /default-rack, certSerialId: null}, Type:RATIS, Factor:ONE, State:OPEN]
2019-10-08 05:33:42,339 [IPC Server handler 5 on 32985] INFO  net.NetworkTopology (NetworkTopologyImpl.java:add(111)) - Added a new node: /default-rack/0b4587bd-9f4b-4d13-9ec4-affd273f2fd1
2019-10-08 05:33:42,340 [IPC Server handler 5 on 32985] INFO  node.SCMNodeManager (SCMNodeManager.java:register(268)) - Registered Data node : 0b4587bd-9f4b-4d13-9ec4-affd273f2fd1{ip: 192.168.5.191, host: trunk-nightly-20191008-swvtb-1756096174, networkLocation: /default-rack, certSerialId: null}
2019-10-08 05:33:42,348 [grpc-default-executor-1] INFO  impl.RaftServerProxy (RaftServerProxy.java:addNew(89)) - 0b4587bd-9f4b-4d13-9ec4-affd273f2fd1: addNew group-50FEECB64FD6:[0b4587bd-9f4b-4d13-9ec4-affd273f2fd1:192.168.5.191:42266] returns group-50FEECB64FD6:java.util.concurrent.CompletableFuture@753f3e34[Not completed]
2019-10-08 05:33:42,349 [pool-403-thread-1] INFO  impl.RaftServerImpl (RaftServerImpl.java:<init>(95)) - 0b4587bd-9f4b-4d13-9ec4-affd273f2fd1: new RaftServerImpl for group-50FEECB64FD6:[0b4587bd-9f4b-4d13-9ec4-affd273f2fd1:192.168.5.191:42266] with ContainerStateMachine:uninitialized
2019-10-08 05:33:42,349 [pool-403-thread-1] INFO  server.RaftServerConfigKeys (ConfUtils.java:logGet(43)) - raft.server.rpc.timeout.min = 5s (custom)
2019-10-08 05:33:42,349 [pool-403-thread-1] INFO  server.RaftServerConfigKeys (ConfUtils.java:logGet(43)) - raft.server.rpc.timeout.max = 5200ms (custom)
2019-10-08 05:33:42,350 [pool-403-thread-1] INFO  server.RaftServerConfigKeys (ConfUtils.java:logGet(43)) - raft.server.rpcslowness.timeout = 120s (custom)
2019-10-08 05:33:42,350 [pool-403-thread-1] INFO  server.RaftServerConfigKeys (ConfUtils.java:logGet(43)) - raft.server.sleep.deviation.threshold = 300 (default)
2019-10-08 05:33:42,350 [pool-403-thread-1] INFO  server.RaftServerConfigKeys (ConfUtils.java:logGet(43)) - raft.server.log.appender.install.snapshot.enabled = false (custom)
2019-10-08 05:33:42,350 [pool-403-thread-1] INFO  impl.RaftServerImpl (ServerState.java:<init>(103)) - 0b4587bd-9f4b-4d13-9ec4-affd273f2fd1@group-50FEECB64FD6: ConfigurationManager, init=-1: [0b4587bd-9f4b-4d13-9ec4-affd273f2fd1:192.168.5.191:42266], old=null, confs=<EMPTY_MAP>
2019-10-08 05:33:42,350 [pool-403-thread-1] INFO  server.RaftServerConfigKeys (ConfUtils.java:logGet(43)) - raft.server.storage.dir = [/workdir/hadoop-ozone/integration-test/target/test-dir/MiniOzoneClusterImpl-8a4d0be6-78bc-4c65-8bee-12b8c2006f27/datanode-2/data/ratis] (custom)
2019-10-08 05:33:42,350 [pool-403-thread-1] INFO  server.RaftServerConfigKeys (ConfUtils.java:logGet(43)) - raft.server.log.corruption.policy = EXCEPTION (default)
2019-10-08 05:33:42,350 [pool-403-thread-1] INFO  storage.RaftStorageDirectory (RaftStorageDirectory.java:analyzeStorage(246)) - The storage directory /workdir/hadoop-ozone/integration-test/target/test-dir/MiniOzoneClusterImpl-8a4d0be6-78bc-4c65-8bee-12b8c2006f27/datanode-2/data/ratis/e5e9224c-77c7-4510-97f2-50feecb64fd6 does not exist. Creating ...
2019-10-08 05:33:42,364 [pool-403-thread-1] INFO  storage.RaftStorageDirectory (RaftStorageDirectory.java:tryLock(328)) - Lock on /workdir/hadoop-ozone/integration-test/target/test-dir/MiniOzoneClusterImpl-8a4d0be6-78bc-4c65-8bee-12b8c2006f27/datanode-2/data/ratis/e5e9224c-77c7-4510-97f2-50feecb64fd6/in_use.lock acquired by nodename 23931@trunk-nightly-20191008-swvtb-1756096174
2019-10-08 05:33:42,377 [pool-403-thread-1] INFO  storage.RaftStorage (RaftStorage.java:format(84)) - Storage directory /workdir/hadoop-ozone/integration-test/target/test-dir/MiniOzoneClusterImpl-8a4d0be6-78bc-4c65-8bee-12b8c2006f27/datanode-2/data/ratis/e5e9224c-77c7-4510-97f2-50feecb64fd6 has been successfully formatted.
2019-10-08 05:33:42,377 [pool-403-thread-1] INFO  ratis.ContainerStateMachine (ContainerStateMachine.java:loadSnapshot(231)) - group-50FEECB64FD6: The snapshot info is null. Setting the last applied indexto:(t:0, i:~)
2019-10-08 05:33:42,377 [pool-403-thread-1] INFO  server.RaftServerConfigKeys (ConfUtils.java:logGet(43)) - raft.server.notification.no-leader.timeout = 120s (custom)
2019-10-08 05:33:42,377 [pool-403-thread-1] INFO  server.RaftServerConfigKeys (ConfUtils.java:logGet(43)) - raft.server.log.use.memory = false (default)
2019-10-08 05:33:42,377 [pool-403-thread-1] INFO  server.RaftServerConfigKeys (ConfUtils.java:logGet(43)) - raft.server.log.purge.gap = 1000000 (custom)
2019-10-08 05:33:42,377 [pool-403-thread-1] INFO  server.RaftServerConfigKeys (ConfUtils.java:logGet(43)) - raft.server.log.appender.buffer.byte-limit = 33554432 (custom)
2019-10-08 05:33:42,378 [pool-403-thread-1] INFO  server.RaftServerConfigKeys (ConfUtils.java:logGet(43)) - raft.server.log.segment.size.max = 1048576 (custom)
2019-10-08 05:33:42,379 [pool-403-thread-1] INFO  server.RaftServerConfigKeys (ConfUtils.java:logGet(43)) - raft.server.log.segment.cache.num.max = 2 (custom)
2019-10-08 05:33:42,379 [pool-403-thread-1] INFO  segmented.SegmentedRaftLogWorker (SegmentedRaftLogWorker.java:<init>(173)) - new 0b4587bd-9f4b-4d13-9ec4-affd273f2fd1@group-50FEECB64FD6-SegmentedRaftLogWorker for RaftStorage:Storage Directory /workdir/hadoop-ozone/integration-test/target/test-dir/MiniOzoneClusterImpl-8a4d0be6-78bc-4c65-8bee-12b8c2006f27/datanode-2/data/ratis/e5e9224c-77c7-4510-97f2-50feecb64fd6
2019-10-08 05:33:42,379 [pool-403-thread-1] INFO  server.RaftServerConfigKeys (ConfUtils.java:logGet(43)) - raft.server.log.queue.byte-limit = 2147483647 (custom)
2019-10-08 05:33:42,379 [pool-403-thread-1] INFO  server.RaftServerConfigKeys (ConfUtils.java:logGet(43)) - raft.server.log.queue.element-limit = 1024 (custom)
2019-10-08 05:33:42,379 [pool-403-thread-1] INFO  server.RaftServerConfigKeys (ConfUtils.java:logGet(43)) - raft.server.log.segment.size.max = 1048576 (custom)
2019-10-08 05:33:42,379 [pool-403-thread-1] INFO  server.RaftServerConfigKeys (ConfUtils.java:logGet(43)) - raft.server.log.preallocated.size = 16384 (custom)
2019-10-08 05:33:42,379 [pool-403-thread-1] INFO  server.RaftServerConfigKeys (ConfUtils.java:logGet(43)) - raft.server.log.write.buffer.size = 33554432 (custom)
2019-10-08 05:33:42,379 [pool-403-thread-1] INFO  server.RaftServerConfigKeys (ConfUtils.java:logGet(43)) - raft.server.log.force.sync.num = 128 (default)
2019-10-08 05:33:42,379 [pool-403-thread-1] INFO  server.RaftServerConfigKeys (ConfUtils.java:logGet(43)) - raft.server.log.statemachine.data.sync = true (default)
2019-10-08 05:33:42,380 [pool-403-thread-1] INFO  server.RaftServerConfigKeys (ConfUtils.java:logGet(43)) - raft.server.log.statemachine.data.sync.timeout = 10s (default)
2019-10-08 05:33:42,380 [pool-403-thread-1] INFO  server.RaftServerConfigKeys (ConfUtils.java:logGet(43)) - raft.server.log.statemachine.data.sync.timeout.retry = -1 (default)
2019-10-08 05:33:42,380 [pool-403-thread-1] INFO  server.RaftServerConfigKeys (ConfUtils.java:logGet(43)) - raft.server.log.statemachine.data.caching.enabled = true (custom)
2019-10-08 05:33:42,380 [pool-403-thread-1] INFO  segmented.SegmentedRaftLogWorker (SegmentedRaftLogWorker.java:lambda$new$0(128)) - 0b4587bd-9f4b-4d13-9ec4-affd273f2fd1@group-50FEECB64FD6-SegmentedRaftLogWorker: flushIndex: setUnconditionally 0 -> -1
2019-10-08 05:33:42,380 [pool-403-thread-1] INFO  server.RaftServerConfigKeys (ConfUtils.java:logGet(43)) - raft.server.snapshot.auto.trigger.enabled = true (custom)
2019-10-08 05:33:42,380 [pool-403-thread-1] INFO  server.RaftServerConfigKeys (ConfUtils.java:logGet(43)) - raft.server.snapshot.auto.trigger.threshold = 10000 (custom)
2019-10-08 05:33:42,381 [pool-403-thread-1] INFO  server.RaftServerConfigKeys (ConfUtils.java:logGet(43)) - raft.server.snapshot.retention.file.num = 5 (custom)
2019-10-08 05:33:42,381 [pool-403-thread-1] INFO  server.RaftServerConfigKeys (ConfUtils.java:logGet(43)) - raft.server.retrycache.expirytime = 600000ms (custom)
2019-10-08 05:33:42,382 [pool-403-thread-1] INFO  impl.RaftServerImpl (RaftServerImpl.java:start(181)) - 0b4587bd-9f4b-4d13-9ec4-affd273f2fd1@group-50FEECB64FD6: start as a follower, conf=-1: [0b4587bd-9f4b-4d13-9ec4-affd273f2fd1:192.168.5.191:42266], old=null
2019-10-08 05:33:42,382 [pool-403-thread-1] INFO  impl.RaftServerImpl (RaftServerImpl.java:setRole(170)) - 0b4587bd-9f4b-4d13-9ec4-affd273f2fd1@group-50FEECB64FD6: changes role from      null to FOLLOWER at term 0 for startAsFollower
2019-10-08 05:33:42,382 [pool-403-thread-1] INFO  impl.RoleInfo (RoleInfo.java:updateAndGet(143)) - 0b4587bd-9f4b-4d13-9ec4-affd273f2fd1: start FollowerState
2019-10-08 05:33:42,382 [pool-403-thread-1] INFO  util.JmxRegister (JmxRegister.java:tryRegister(44)) - Successfully registered JMX Bean with object name Ratis:service=RaftServer,group=group-50FEECB64FD6,id=0b4587bd-9f4b-4d13-9ec4-affd273f2fd1
2019-10-08 05:33:42,390 [RatisPipelineUtilsThread] INFO  pipeline.PipelineStateManager (PipelineStateManager.java:addPipeline(56)) - Created pipeline Pipeline[ Id: e5e9224c-77c7-4510-97f2-50feecb64fd6, Nodes: 0b4587bd-9f4b-4d13-9ec4-affd273f2fd1{ip: 192.168.5.191, host: trunk-nightly-20191008-swvtb-1756096174, networkLocation: /default-rack, certSerialId: null}, Type:RATIS, Factor:ONE, State:OPEN]
2019-10-08 05:33:42,408 [grpc-default-executor-5] INFO  impl.RaftServerProxy (RaftServerProxy.java:addNew(89)) - 0b4587bd-9f4b-4d13-9ec4-affd273f2fd1: addNew group-02D5F1FD265B:[ff36f637-8ae1-4c92-8b77-4e45f4128437:192.168.5.191:40836, 0b4587bd-9f4b-4d13-9ec4-affd273f2fd1:192.168.5.191:42266, 82715cd2-5aaa-49a4-8076-9c50a0ba8668:192.168.5.191:44968] returns group-02D5F1FD265B:java.util.concurrent.CompletableFuture@1930fc1e[Not completed]
2019-10-08 05:33:42,408 [grpc-default-executor-7] INFO  impl.RaftServerProxy (RaftServerProxy.java:addNew(89)) - 82715cd2-5aaa-49a4-8076-9c50a0ba8668: addNew group-02D5F1FD265B:[ff36f637-8ae1-4c92-8b77-4e45f4128437:192.168.5.191:40836, 0b4587bd-9f4b-4d13-9ec4-affd273f2fd1:192.168.5.191:42266, 82715cd2-5aaa-49a4-8076-9c50a0ba8668:192.168.5.191:44968] returns group-02D5F1FD265B:java.util.concurrent.CompletableFuture@4067fd0e[Not completed]
2019-10-08 05:33:42,408 [grpc-default-executor-4] INFO  impl.RaftServerProxy (RaftServerProxy.java:addNew(89)) - ff36f637-8ae1-4c92-8b77-4e45f4128437: addNew group-02D5F1FD265B:[ff36f637-8ae1-4c92-8b77-4e45f4128437:192.168.5.191:40836, 0b4587bd-9f4b-4d13-9ec4-affd273f2fd1:192.168.5.191:42266, 82715cd2-5aaa-49a4-8076-9c50a0ba8668:192.168.5.191:44968] returns group-02D5F1FD265B:java.util.concurrent.CompletableFuture@5aba1dcf[Not completed]
2019-10-08 05:33:42,409 [pool-403-thread-1] INFO  impl.RaftServerImpl (RaftServerImpl.java:<init>(95)) - 0b4587bd-9f4b-4d13-9ec4-affd273f2fd1: new RaftServerImpl for group-02D5F1FD265B:[ff36f637-8ae1-4c92-8b77-4e45f4128437:192.168.5.191:40836, 0b4587bd-9f4b-4d13-9ec4-affd273f2fd1:192.168.5.191:42266, 82715cd2-5aaa-49a4-8076-9c50a0ba8668:192.168.5.191:44968] with ContainerStateMachine:uninitialized
2019-10-08 05:33:42,409 [pool-403-thread-1] INFO  server.RaftServerConfigKeys (ConfUtils.java:logGet(43)) - raft.server.rpc.timeout.min = 5s (custom)
2019-10-08 05:33:42,409 [pool-403-thread-1] INFO  server.RaftServerConfigKeys (ConfUtils.java:logGet(43)) - raft.server.rpc.timeout.max = 5200ms (custom)
2019-10-08 05:33:42,409 [IPC Server handler 6 on 32985] INFO  net.NetworkTopology (NetworkTopologyImpl.java:add(111)) - Added a new node: /default-rack/30a29906-681b-4e4a-a42a-f88679188b7b
2019-10-08 05:33:42,409 [pool-403-thread-1] INFO  server.RaftServerConfigKeys (ConfUtils.java:logGet(43)) - raft.server.rpcslowness.timeout = 120s (custom)
2019-10-08 05:33:42,409 [IPC Server handler 6 on 32985] INFO  node.SCMNodeManager (SCMNodeManager.java:register(268)) - Registered Data node : 30a29906-681b-4e4a-a42a-f88679188b7b{ip: 192.168.5.191, host: trunk-nightly-20191008-swvtb-1756096174, networkLocation: /default-rack, certSerialId: null}
2019-10-08 05:33:42,409 [pool-403-thread-1] INFO  server.RaftServerConfigKeys (ConfUtils.java:logGet(43)) - raft.server.sleep.deviation.threshold = 300 (default)
2019-10-08 05:33:42,410 [pool-393-thread-1] INFO  impl.RaftServerImpl (RaftServerImpl.java:<init>(95)) - 82715cd2-5aaa-49a4-8076-9c50a0ba8668: new RaftServerImpl for group-02D5F1FD265B:[ff36f637-8ae1-4c92-8b77-4e45f4128437:192.168.5.191:40836, 0b4587bd-9f4b-4d13-9ec4-affd273f2fd1:192.168.5.191:42266, 82715cd2-5aaa-49a4-8076-9c50a0ba8668:192.168.5.191:44968] with ContainerStateMachine:uninitialized
2019-10-08 05:33:42,410 [pool-403-thread-1] INFO  server.RaftServerConfigKeys (ConfUtils.java:logGet(43)) - raft.server.log.appender.install.snapshot.enabled = false (custom)
2019-10-08 05:33:42,410 [pool-393-thread-1] INFO  server.RaftServerConfigKeys (ConfUtils.java:logGet(43)) - raft.server.rpc.timeout.min = 5s (custom)
2019-10-08 05:33:42,410 [pool-403-thread-1] INFO  impl.RaftServerImpl (ServerState.java:<init>(103)) - 0b4587bd-9f4b-4d13-9ec4-affd273f2fd1@group-02D5F1FD265B: ConfigurationManager, init=-1: [ff36f637-8ae1-4c92-8b77-4e45f4128437:192.168.5.191:40836, 0b4587bd-9f4b-4d13-9ec4-affd273f2fd1:192.168.5.191:42266, 82715cd2-5aaa-49a4-8076-9c50a0ba8668:192.168.5.191:44968], old=null, confs=<EMPTY_MAP>
2019-10-08 05:33:42,410 [pool-393-thread-1] INFO  server.RaftServerConfigKeys (ConfUtils.java:logGet(43)) - raft.server.rpc.timeout.max = 5200ms (custom)
2019-10-08 05:33:42,410 [pool-403-thread-1] INFO  server.RaftServerConfigKeys (ConfUtils.java:logGet(43)) - raft.server.storage.dir = [/workdir/hadoop-ozone/integration-test/target/test-dir/MiniOzoneClusterImpl-8a4d0be6-78bc-4c65-8bee-12b8c2006f27/datanode-2/data/ratis] (custom)
2019-10-08 05:33:42,411 [pool-393-thread-1] INFO  server.RaftServerConfigKeys (ConfUtils.java:logGet(43)) - raft.server.rpcslowness.timeout = 120s (custom)
2019-10-08 05:33:42,411 [pool-403-thread-1] INFO  server.RaftServerConfigKeys (ConfUtils.java:logGet(43)) - raft.server.log.corruption.policy = EXCEPTION (default)
2019-10-08 05:33:42,411 [pool-383-thread-1] INFO  impl.RaftServerImpl (RaftServerImpl.java:<init>(95)) - ff36f637-8ae1-4c92-8b77-4e45f4128437: new RaftServerImpl for group-02D5F1FD265B:[ff36f637-8ae1-4c92-8b77-4e45f4128437:192.168.5.191:40836, 0b4587bd-9f4b-4d13-9ec4-affd273f2fd1:192.168.5.191:42266, 82715cd2-5aaa-49a4-8076-9c50a0ba8668:192.168.5.191:44968] with ContainerStateMachine:uninitialized
2019-10-08 05:33:42,411 [pool-393-thread-1] INFO  server.RaftServerConfigKeys (ConfUtils.java:logGet(43)) - raft.server.sleep.deviation.threshold = 300 (default)
2019-10-08 05:33:42,411 [pool-383-thread-1] INFO  server.RaftServerConfigKeys (ConfUtils.java:logGet(43)) - raft.server.rpc.timeout.min = 5s (custom)
2019-10-08 05:33:42,411 [pool-403-thread-1] INFO  storage.RaftStorageDirectory (RaftStorageDirectory.java:analyzeStorage(246)) - The storage directory /workdir/hadoop-ozone/integration-test/target/test-dir/MiniOzoneClusterImpl-8a4d0be6-78bc-4c65-8bee-12b8c2006f27/datanode-2/data/ratis/a7b04686-8634-4694-bbef-02d5f1fd265b does not exist. Creating ...
2019-10-08 05:33:42,411 [pool-383-thread-1] INFO  server.RaftServerConfigKeys (ConfUtils.java:logGet(43)) - raft.server.rpc.timeout.max = 5200ms (custom)
2019-10-08 05:33:42,411 [pool-393-thread-1] INFO  server.RaftServerConfigKeys (ConfUtils.java:logGet(43)) - raft.server.log.appender.install.snapshot.enabled = false (custom)
2019-10-08 05:33:42,412 [pool-383-thread-1] INFO  server.RaftServerConfigKeys (ConfUtils.java:logGet(43)) - raft.server.rpcslowness.timeout = 120s (custom)
2019-10-08 05:33:42,412 [pool-393-thread-1] INFO  impl.RaftServerImpl (ServerState.java:<init>(103)) - 82715cd2-5aaa-49a4-8076-9c50a0ba8668@group-02D5F1FD265B: ConfigurationManager, init=-1: [ff36f637-8ae1-4c92-8b77-4e45f4128437:192.168.5.191:40836, 0b4587bd-9f4b-4d13-9ec4-affd273f2fd1:192.168.5.191:42266, 82715cd2-5aaa-49a4-8076-9c50a0ba8668:192.168.5.191:44968], old=null, confs=<EMPTY_MAP>
2019-10-08 05:33:42,412 [pool-383-thread-1] INFO  server.RaftServerConfigKeys (ConfUtils.java:logGet(43)) - raft.server.sleep.deviation.threshold = 300 (default)
2019-10-08 05:33:42,412 [pool-393-thread-1] INFO  server.RaftServerConfigKeys (ConfUtils.java:logGet(43)) - raft.server.storage.dir = [/workdir/hadoop-ozone/integration-test/target/test-dir/MiniOzoneClusterImpl-8a4d0be6-78bc-4c65-8bee-12b8c2006f27/datanode-1/data/ratis] (custom)
2019-10-08 05:33:42,412 [pool-383-thread-1] INFO  server.RaftServerConfigKeys (ConfUtils.java:logGet(43)) - raft.server.log.appender.install.snapshot.enabled = false (custom)
2019-10-08 05:33:42,412 [pool-393-thread-1] INFO  server.RaftServerConfigKeys (ConfUtils.java:logGet(43)) - raft.server.log.corruption.policy = EXCEPTION (default)
2019-10-08 05:33:42,412 [pool-383-thread-1] INFO  impl.RaftServerImpl (ServerState.java:<init>(103)) - ff36f637-8ae1-4c92-8b77-4e45f4128437@group-02D5F1FD265B: ConfigurationManager, init=-1: [ff36f637-8ae1-4c92-8b77-4e45f4128437:192.168.5.191:40836, 0b4587bd-9f4b-4d13-9ec4-affd273f2fd1:192.168.5.191:42266, 82715cd2-5aaa-49a4-8076-9c50a0ba8668:192.168.5.191:44968], old=null, confs=<EMPTY_MAP>
2019-10-08 05:33:42,413 [pool-393-thread-1] INFO  storage.RaftStorageDirectory (RaftStorageDirectory.java:analyzeStorage(246)) - The storage directory /workdir/hadoop-ozone/integration-test/target/test-dir/MiniOzoneClusterImpl-8a4d0be6-78bc-4c65-8bee-12b8c2006f27/datanode-1/data/ratis/a7b04686-8634-4694-bbef-02d5f1fd265b does not exist. Creating ...
2019-10-08 05:33:42,413 [pool-383-thread-1] INFO  server.RaftServerConfigKeys (ConfUtils.java:logGet(43)) - raft.server.storage.dir = [/workdir/hadoop-ozone/integration-test/target/test-dir/MiniOzoneClusterImpl-8a4d0be6-78bc-4c65-8bee-12b8c2006f27/datanode-0/data/ratis] (custom)
2019-10-08 05:33:42,413 [pool-383-thread-1] INFO  server.RaftServerConfigKeys (ConfUtils.java:logGet(43)) - raft.server.log.corruption.policy = EXCEPTION (default)
2019-10-08 05:33:42,413 [pool-383-thread-1] INFO  storage.RaftStorageDirectory (RaftStorageDirectory.java:analyzeStorage(246)) - The storage directory /workdir/hadoop-ozone/integration-test/target/test-dir/MiniOzoneClusterImpl-8a4d0be6-78bc-4c65-8bee-12b8c2006f27/datanode-0/data/ratis/a7b04686-8634-4694-bbef-02d5f1fd265b does not exist. Creating ...
2019-10-08 05:33:42,437 [pool-383-thread-1] INFO  storage.RaftStorageDirectory (RaftStorageDirectory.java:tryLock(328)) - Lock on /workdir/hadoop-ozone/integration-test/target/test-dir/MiniOzoneClusterImpl-8a4d0be6-78bc-4c65-8bee-12b8c2006f27/datanode-0/data/ratis/a7b04686-8634-4694-bbef-02d5f1fd265b/in_use.lock acquired by nodename 23931@trunk-nightly-20191008-swvtb-1756096174
2019-10-08 05:33:42,437 [pool-403-thread-1] INFO  storage.RaftStorageDirectory (RaftStorageDirectory.java:tryLock(328)) - Lock on /workdir/hadoop-ozone/integration-test/target/test-dir/MiniOzoneClusterImpl-8a4d0be6-78bc-4c65-8bee-12b8c2006f27/datanode-2/data/ratis/a7b04686-8634-4694-bbef-02d5f1fd265b/in_use.lock acquired by nodename 23931@trunk-nightly-20191008-swvtb-1756096174
2019-10-08 05:33:42,437 [pool-393-thread-1] INFO  storage.RaftStorageDirectory (RaftStorageDirectory.java:tryLock(328)) - Lock on /workdir/hadoop-ozone/integration-test/target/test-dir/MiniOzoneClusterImpl-8a4d0be6-78bc-4c65-8bee-12b8c2006f27/datanode-1/data/ratis/a7b04686-8634-4694-bbef-02d5f1fd265b/in_use.lock acquired by nodename 23931@trunk-nightly-20191008-swvtb-1756096174
2019-10-08 05:33:42,450 [pool-403-thread-1] INFO  storage.RaftStorage (RaftStorage.java:format(84)) - Storage directory /workdir/hadoop-ozone/integration-test/target/test-dir/MiniOzoneClusterImpl-8a4d0be6-78bc-4c65-8bee-12b8c2006f27/datanode-2/data/ratis/a7b04686-8634-4694-bbef-02d5f1fd265b has been successfully formatted.
2019-10-08 05:33:42,450 [pool-383-thread-1] INFO  storage.RaftStorage (RaftStorage.java:format(84)) - Storage directory /workdir/hadoop-ozone/integration-test/target/test-dir/MiniOzoneClusterImpl-8a4d0be6-78bc-4c65-8bee-12b8c2006f27/datanode-0/data/ratis/a7b04686-8634-4694-bbef-02d5f1fd265b has been successfully formatted.
2019-10-08 05:33:42,450 [pool-393-thread-1] INFO  storage.RaftStorage (RaftStorage.java:format(84)) - Storage directory /workdir/hadoop-ozone/integration-test/target/test-dir/MiniOzoneClusterImpl-8a4d0be6-78bc-4c65-8bee-12b8c2006f27/datanode-1/data/ratis/a7b04686-8634-4694-bbef-02d5f1fd265b has been successfully formatted.
2019-10-08 05:33:42,450 [pool-383-thread-1] INFO  ratis.ContainerStateMachine (ContainerStateMachine.java:loadSnapshot(231)) - group-02D5F1FD265B: The snapshot info is null. Setting the last applied indexto:(t:0, i:~)
2019-10-08 05:33:42,450 [pool-393-thread-1] INFO  ratis.ContainerStateMachine (ContainerStateMachine.java:loadSnapshot(231)) - group-02D5F1FD265B: The snapshot info is null. Setting the last applied indexto:(t:0, i:~)
2019-10-08 05:33:42,450 [pool-403-thread-1] INFO  ratis.ContainerStateMachine (ContainerStateMachine.java:loadSnapshot(231)) - group-02D5F1FD265B: The snapshot info is null. Setting the last applied indexto:(t:0, i:~)
2019-10-08 05:33:42,450 [pool-393-thread-1] INFO  server.RaftServerConfigKeys (ConfUtils.java:logGet(43)) - raft.server.notification.no-leader.timeout = 120s (custom)
2019-10-08 05:33:42,450 [pool-383-thread-1] INFO  server.RaftServerConfigKeys (ConfUtils.java:logGet(43)) - raft.server.notification.no-leader.timeout = 120s (custom)
2019-10-08 05:33:42,451 [pool-393-thread-1] INFO  server.RaftServerConfigKeys (ConfUtils.java:logGet(43)) - raft.server.log.use.memory = false (default)
2019-10-08 05:33:42,451 [pool-403-thread-1] INFO  server.RaftServerConfigKeys (ConfUtils.java:logGet(43)) - raft.server.notification.no-leader.timeout = 120s (custom)
2019-10-08 05:33:42,451 [pool-393-thread-1] INFO  server.RaftServerConfigKeys (ConfUtils.java:logGet(43)) - raft.server.log.purge.gap = 1000000 (custom)
2019-10-08 05:33:42,451 [pool-383-thread-1] INFO  server.RaftServerConfigKeys (ConfUtils.java:logGet(43)) - raft.server.log.use.memory = false (default)
2019-10-08 05:33:42,451 [pool-393-thread-1] INFO  server.RaftServerConfigKeys (ConfUtils.java:logGet(43)) - raft.server.log.appender.buffer.byte-limit = 33554432 (custom)
2019-10-08 05:33:42,451 [pool-403-thread-1] INFO  server.RaftServerConfigKeys (ConfUtils.java:logGet(43)) - raft.server.log.use.memory = false (default)
2019-10-08 05:33:42,451 [pool-393-thread-1] INFO  server.RaftServerConfigKeys (ConfUtils.java:logGet(43)) - raft.server.log.segment.size.max = 1048576 (custom)
2019-10-08 05:33:42,451 [pool-383-thread-1] INFO  server.RaftServerConfigKeys (ConfUtils.java:logGet(43)) - raft.server.log.purge.gap = 1000000 (custom)
2019-10-08 05:33:42,451 [pool-393-thread-1] INFO  server.RaftServerConfigKeys (ConfUtils.java:logGet(43)) - raft.server.log.segment.cache.num.max = 2 (custom)
2019-10-08 05:33:42,451 [pool-403-thread-1] INFO  server.RaftServerConfigKeys (ConfUtils.java:logGet(43)) - raft.server.log.purge.gap = 1000000 (custom)
2019-10-08 05:33:42,452 [pool-393-thread-1] INFO  segmented.SegmentedRaftLogWorker (SegmentedRaftLogWorker.java:<init>(173)) - new 82715cd2-5aaa-49a4-8076-9c50a0ba8668@group-02D5F1FD265B-SegmentedRaftLogWorker for RaftStorage:Storage Directory /workdir/hadoop-ozone/integration-test/target/test-dir/MiniOzoneClusterImpl-8a4d0be6-78bc-4c65-8bee-12b8c2006f27/datanode-1/data/ratis/a7b04686-8634-4694-bbef-02d5f1fd265b
2019-10-08 05:33:42,451 [pool-383-thread-1] INFO  server.RaftServerConfigKeys (ConfUtils.java:logGet(43)) - raft.server.log.appender.buffer.byte-limit = 33554432 (custom)
2019-10-08 05:33:42,452 [pool-393-thread-1] INFO  server.RaftServerConfigKeys (ConfUtils.java:logGet(43)) - raft.server.log.queue.byte-limit = 2147483647 (custom)
2019-10-08 05:33:42,452 [pool-403-thread-1] INFO  server.RaftServerConfigKeys (ConfUtils.java:logGet(43)) - raft.server.log.appender.buffer.byte-limit = 33554432 (custom)
2019-10-08 05:33:42,452 [pool-393-thread-1] INFO  server.RaftServerConfigKeys (ConfUtils.java:logGet(43)) - raft.server.log.queue.element-limit = 1024 (custom)
2019-10-08 05:33:42,452 [pool-383-thread-1] INFO  server.RaftServerConfigKeys (ConfUtils.java:logGet(43)) - raft.server.log.segment.size.max = 1048576 (custom)
2019-10-08 05:33:42,452 [pool-393-thread-1] INFO  server.RaftServerConfigKeys (ConfUtils.java:logGet(43)) - raft.server.log.segment.size.max = 1048576 (custom)
2019-10-08 05:33:42,452 [pool-403-thread-1] INFO  server.RaftServerConfigKeys (ConfUtils.java:logGet(43)) - raft.server.log.segment.size.max = 1048576 (custom)
2019-10-08 05:33:42,452 [pool-393-thread-1] INFO  server.RaftServerConfigKeys (ConfUtils.java:logGet(43)) - raft.server.log.preallocated.size = 16384 (custom)
2019-10-08 05:33:42,452 [pool-383-thread-1] INFO  server.RaftServerConfigKeys (ConfUtils.java:logGet(43)) - raft.server.log.segment.cache.num.max = 2 (custom)
2019-10-08 05:33:42,453 [pool-393-thread-1] INFO  server.RaftServerConfigKeys (ConfUtils.java:logGet(43)) - raft.server.log.write.buffer.size = 33554432 (custom)
2019-10-08 05:33:42,452 [pool-403-thread-1] INFO  server.RaftServerConfigKeys (ConfUtils.java:logGet(43)) - raft.server.log.segment.cache.num.max = 2 (custom)
2019-10-08 05:33:42,453 [pool-393-thread-1] INFO  server.RaftServerConfigKeys (ConfUtils.java:logGet(43)) - raft.server.log.force.sync.num = 128 (default)
2019-10-08 05:33:42,453 [pool-383-thread-1] INFO  segmented.SegmentedRaftLogWorker (SegmentedRaftLogWorker.java:<init>(173)) - new ff36f637-8ae1-4c92-8b77-4e45f4128437@group-02D5F1FD265B-SegmentedRaftLogWorker for RaftStorage:Storage Directory /workdir/hadoop-ozone/integration-test/target/test-dir/MiniOzoneClusterImpl-8a4d0be6-78bc-4c65-8bee-12b8c2006f27/datanode-0/data/ratis/a7b04686-8634-4694-bbef-02d5f1fd265b
2019-10-08 05:33:42,453 [pool-393-thread-1] INFO  server.RaftServerConfigKeys (ConfUtils.java:logGet(43)) - raft.server.log.statemachine.data.sync = true (default)
2019-10-08 05:33:42,453 [pool-403-thread-1] INFO  segmented.SegmentedRaftLogWorker (SegmentedRaftLogWorker.java:<init>(173)) - new 0b4587bd-9f4b-4d13-9ec4-affd273f2fd1@group-02D5F1FD265B-SegmentedRaftLogWorker for RaftStorage:Storage Directory /workdir/hadoop-ozone/integration-test/target/test-dir/MiniOzoneClusterImpl-8a4d0be6-78bc-4c65-8bee-12b8c2006f27/datanode-2/data/ratis/a7b04686-8634-4694-bbef-02d5f1fd265b
2019-10-08 05:33:42,453 [pool-393-thread-1] INFO  server.RaftServerConfigKeys (ConfUtils.java:logGet(43)) - raft.server.log.statemachine.data.sync.timeout = 10s (default)
2019-10-08 05:33:42,453 [pool-383-thread-1] INFO  server.RaftServerConfigKeys (ConfUtils.java:logGet(43)) - raft.server.log.queue.byte-limit = 2147483647 (custom)
2019-10-08 05:33:42,453 [pool-393-thread-1] INFO  server.RaftServerConfigKeys (ConfUtils.java:logGet(43)) - raft.server.log.statemachine.data.sync.timeout.retry = -1 (default)
2019-10-08 05:33:42,453 [pool-403-thread-1] INFO  server.RaftServerConfigKeys (ConfUtils.java:logGet(43)) - raft.server.log.queue.byte-limit = 2147483647 (custom)
2019-10-08 05:33:42,454 [pool-393-thread-1] INFO  server.RaftServerConfigKeys (ConfUtils.java:logGet(43)) - raft.server.log.statemachine.data.caching.enabled = true (custom)
2019-10-08 05:33:42,453 [pool-383-thread-1] INFO  server.RaftServerConfigKeys (ConfUtils.java:logGet(43)) - raft.server.log.queue.element-limit = 1024 (custom)
2019-10-08 05:33:42,454 [pool-403-thread-1] INFO  server.RaftServerConfigKeys (ConfUtils.java:logGet(43)) - raft.server.log.queue.element-limit = 1024 (custom)
2019-10-08 05:33:42,454 [pool-393-thread-1] INFO  segmented.SegmentedRaftLogWorker (SegmentedRaftLogWorker.java:lambda$new$0(128)) - 82715cd2-5aaa-49a4-8076-9c50a0ba8668@group-02D5F1FD265B-SegmentedRaftLogWorker: flushIndex: setUnconditionally 0 -> -1
2019-10-08 05:33:42,454 [pool-383-thread-1] INFO  server.RaftServerConfigKeys (ConfUtils.java:logGet(43)) - raft.server.log.segment.size.max = 1048576 (custom)
2019-10-08 05:33:42,454 [pool-403-thread-1] INFO  server.RaftServerConfigKeys (ConfUtils.java:logGet(43)) - raft.server.log.segment.size.max = 1048576 (custom)
2019-10-08 05:33:42,454 [pool-393-thread-1] INFO  server.RaftServerConfigKeys (ConfUtils.java:logGet(43)) - raft.server.snapshot.auto.trigger.enabled = true (custom)
2019-10-08 05:33:42,454 [pool-383-thread-1] INFO  server.RaftServerConfigKeys (ConfUtils.java:logGet(43)) - raft.server.log.preallocated.size = 16384 (custom)
2019-10-08 05:33:42,454 [pool-393-thread-1] INFO  server.RaftServerConfigKeys (ConfUtils.java:logGet(43)) - raft.server.snapshot.auto.trigger.threshold = 10000 (custom)
2019-10-08 05:33:42,454 [pool-403-thread-1] INFO  server.RaftServerConfigKeys (ConfUtils.java:logGet(43)) - raft.server.log.preallocated.size = 16384 (custom)
2019-10-08 05:33:42,455 [pool-393-thread-1] INFO  server.RaftServerConfigKeys (ConfUtils.java:logGet(43)) - raft.server.snapshot.retention.file.num = 5 (custom)
2019-10-08 05:33:42,454 [pool-383-thread-1] INFO  server.RaftServerConfigKeys (ConfUtils.java:logGet(43)) - raft.server.log.write.buffer.size = 33554432 (custom)
2019-10-08 05:33:42,455 [pool-393-thread-1] INFO  server.RaftServerConfigKeys (ConfUtils.java:logGet(43)) - raft.server.retrycache.expirytime = 600000ms (custom)
2019-10-08 05:33:42,455 [pool-403-thread-1] INFO  server.RaftServerConfigKeys (ConfUtils.java:logGet(43)) - raft.server.log.write.buffer.size = 33554432 (custom)
2019-10-08 05:33:42,455 [pool-383-thread-1] INFO  server.RaftServerConfigKeys (ConfUtils.java:logGet(43)) - raft.server.log.force.sync.num = 128 (default)
2019-10-08 05:33:42,455 [pool-403-thread-1] INFO  server.RaftServerConfigKeys (ConfUtils.java:logGet(43)) - raft.server.log.force.sync.num = 128 (default)
2019-10-08 05:33:42,455 [pool-383-thread-1] INFO  server.RaftServerConfigKeys (ConfUtils.java:logGet(43)) - raft.server.log.statemachine.data.sync = true (default)
2019-10-08 05:33:42,455 [pool-403-thread-1] INFO  server.RaftServerConfigKeys (ConfUtils.java:logGet(43)) - raft.server.log.statemachine.data.sync = true (default)
2019-10-08 05:33:42,455 [pool-383-thread-1] INFO  server.RaftServerConfigKeys (ConfUtils.java:logGet(43)) - raft.server.log.statemachine.data.sync.timeout = 10s (default)
2019-10-08 05:33:42,456 [pool-403-thread-1] INFO  server.RaftServerConfigKeys (ConfUtils.java:logGet(43)) - raft.server.log.statemachine.data.sync.timeout = 10s (default)
2019-10-08 05:33:42,456 [pool-383-thread-1] INFO  server.RaftServerConfigKeys (ConfUtils.java:logGet(43)) - raft.server.log.statemachine.data.sync.timeout.retry = -1 (default)
2019-10-08 05:33:42,456 [pool-403-thread-1] INFO  server.RaftServerConfigKeys (ConfUtils.java:logGet(43)) - raft.server.log.statemachine.data.sync.timeout.retry = -1 (default)
2019-10-08 05:33:42,456 [pool-383-thread-1] INFO  server.RaftServerConfigKeys (ConfUtils.java:logGet(43)) - raft.server.log.statemachine.data.caching.enabled = true (custom)
2019-10-08 05:33:42,456 [pool-403-thread-1] INFO  server.RaftServerConfigKeys (ConfUtils.java:logGet(43)) - raft.server.log.statemachine.data.caching.enabled = true (custom)
2019-10-08 05:33:42,456 [pool-383-thread-1] INFO  segmented.SegmentedRaftLogWorker (SegmentedRaftLogWorker.java:lambda$new$0(128)) - ff36f637-8ae1-4c92-8b77-4e45f4128437@group-02D5F1FD265B-SegmentedRaftLogWorker: flushIndex: setUnconditionally 0 -> -1
2019-10-08 05:33:42,456 [pool-403-thread-1] INFO  segmented.SegmentedRaftLogWorker (SegmentedRaftLogWorker.java:lambda$new$0(128)) - 0b4587bd-9f4b-4d13-9ec4-affd273f2fd1@group-02D5F1FD265B-SegmentedRaftLogWorker: flushIndex: setUnconditionally 0 -> -1
2019-10-08 05:33:42,457 [pool-393-thread-1] INFO  impl.RaftServerImpl (RaftServerImpl.java:start(181)) - 82715cd2-5aaa-49a4-8076-9c50a0ba8668@group-02D5F1FD265B: start as a follower, conf=-1: [ff36f637-8ae1-4c92-8b77-4e45f4128437:192.168.5.191:40836, 0b4587bd-9f4b-4d13-9ec4-affd273f2fd1:192.168.5.191:42266, 82715cd2-5aaa-49a4-8076-9c50a0ba8668:192.168.5.191:44968], old=null
2019-10-08 05:33:42,457 [pool-403-thread-1] INFO  server.RaftServerConfigKeys (ConfUtils.java:logGet(43)) - raft.server.snapshot.auto.trigger.enabled = true (custom)
2019-10-08 05:33:42,457 [pool-383-thread-1] INFO  server.RaftServerConfigKeys (ConfUtils.java:logGet(43)) - raft.server.snapshot.auto.trigger.enabled = true (custom)
2019-10-08 05:33:42,457 [pool-403-thread-1] INFO  server.RaftServerConfigKeys (ConfUtils.java:logGet(43)) - raft.server.snapshot.auto.trigger.threshold = 10000 (custom)
2019-10-08 05:33:42,457 [pool-393-thread-1] INFO  impl.RaftServerImpl (RaftServerImpl.java:setRole(170)) - 82715cd2-5aaa-49a4-8076-9c50a0ba8668@group-02D5F1FD265B: changes role from      null to FOLLOWER at term 0 for startAsFollower
2019-10-08 05:33:42,457 [pool-403-thread-1] INFO  server.RaftServerConfigKeys (ConfUtils.java:logGet(43)) - raft.server.snapshot.retention.file.num = 5 (custom)
2019-10-08 05:33:42,457 [pool-383-thread-1] INFO  server.RaftServerConfigKeys (ConfUtils.java:logGet(43)) - raft.server.snapshot.auto.trigger.threshold = 10000 (custom)
2019-10-08 05:33:42,457 [pool-403-thread-1] INFO  server.RaftServerConfigKeys (ConfUtils.java:logGet(43)) - raft.server.retrycache.expirytime = 600000ms (custom)
2019-10-08 05:33:42,457 [pool-393-thread-1] INFO  impl.RoleInfo (RoleInfo.java:updateAndGet(143)) - 82715cd2-5aaa-49a4-8076-9c50a0ba8668: start FollowerState
2019-10-08 05:33:42,457 [pool-383-thread-1] INFO  server.RaftServerConfigKeys (ConfUtils.java:logGet(43)) - raft.server.snapshot.retention.file.num = 5 (custom)
2019-10-08 05:33:42,458 [pool-383-thread-1] INFO  server.RaftServerConfigKeys (ConfUtils.java:logGet(43)) - raft.server.retrycache.expirytime = 600000ms (custom)
2019-10-08 05:33:42,458 [pool-393-thread-1] INFO  util.JmxRegister (JmxRegister.java:tryRegister(44)) - Successfully registered JMX Bean with object name Ratis:service=RaftServer,group=group-02D5F1FD265B,id=82715cd2-5aaa-49a4-8076-9c50a0ba8668
2019-10-08 05:33:42,460 [pool-403-thread-1] INFO  impl.RaftServerImpl (RaftServerImpl.java:start(181)) - 0b4587bd-9f4b-4d13-9ec4-affd273f2fd1@group-02D5F1FD265B: start as a follower, conf=-1: [ff36f637-8ae1-4c92-8b77-4e45f4128437:192.168.5.191:40836, 0b4587bd-9f4b-4d13-9ec4-affd273f2fd1:192.168.5.191:42266, 82715cd2-5aaa-49a4-8076-9c50a0ba8668:192.168.5.191:44968], old=null
2019-10-08 05:33:42,461 [pool-403-thread-1] INFO  impl.RaftServerImpl (RaftServerImpl.java:setRole(170)) - 0b4587bd-9f4b-4d13-9ec4-affd273f2fd1@group-02D5F1FD265B: changes role from      null to FOLLOWER at term 0 for startAsFollower
2019-10-08 05:33:42,461 [pool-403-thread-1] INFO  impl.RoleInfo (RoleInfo.java:updateAndGet(143)) - 0b4587bd-9f4b-4d13-9ec4-affd273f2fd1: start FollowerState
2019-10-08 05:33:42,461 [pool-383-thread-1] INFO  impl.RaftServerImpl (RaftServerImpl.java:start(181)) - ff36f637-8ae1-4c92-8b77-4e45f4128437@group-02D5F1FD265B: start as a follower, conf=-1: [ff36f637-8ae1-4c92-8b77-4e45f4128437:192.168.5.191:40836, 0b4587bd-9f4b-4d13-9ec4-affd273f2fd1:192.168.5.191:42266, 82715cd2-5aaa-49a4-8076-9c50a0ba8668:192.168.5.191:44968], old=null
2019-10-08 05:33:42,461 [pool-403-thread-1] INFO  util.JmxRegister (JmxRegister.java:tryRegister(44)) - Successfully registered JMX Bean with object name Ratis:service=RaftServer,group=group-02D5F1FD265B,id=0b4587bd-9f4b-4d13-9ec4-affd273f2fd1
2019-10-08 05:33:42,461 [pool-383-thread-1] INFO  impl.RaftServerImpl (RaftServerImpl.java:setRole(170)) - ff36f637-8ae1-4c92-8b77-4e45f4128437@group-02D5F1FD265B: changes role from      null to FOLLOWER at term 0 for startAsFollower
2019-10-08 05:33:42,461 [pool-383-thread-1] INFO  impl.RoleInfo (RoleInfo.java:updateAndGet(143)) - ff36f637-8ae1-4c92-8b77-4e45f4128437: start FollowerState
2019-10-08 05:33:42,462 [pool-383-thread-1] INFO  util.JmxRegister (JmxRegister.java:tryRegister(44)) - Successfully registered JMX Bean with object name Ratis:service=RaftServer,group=group-02D5F1FD265B,id=ff36f637-8ae1-4c92-8b77-4e45f4128437
2019-10-08 05:33:42,484 [RatisPipelineUtilsThread] INFO  pipeline.PipelineStateManager (PipelineStateManager.java:addPipeline(56)) - Created pipeline Pipeline[ Id: a7b04686-8634-4694-bbef-02d5f1fd265b, Nodes: ff36f637-8ae1-4c92-8b77-4e45f4128437{ip: 192.168.5.191, host: trunk-nightly-20191008-swvtb-1756096174, networkLocation: /default-rack, certSerialId: null}0b4587bd-9f4b-4d13-9ec4-affd273f2fd1{ip: 192.168.5.191, host: trunk-nightly-20191008-swvtb-1756096174, networkLocation: /default-rack, certSerialId: null}82715cd2-5aaa-49a4-8076-9c50a0ba8668{ip: 192.168.5.191, host: trunk-nightly-20191008-swvtb-1756096174, networkLocation: /default-rack, certSerialId: null}, Type:RATIS, Factor:THREE, State:OPEN]
2019-10-08 05:33:42,494 [IPC Server handler 0 on 32985] INFO  net.NetworkTopology (NetworkTopologyImpl.java:add(111)) - Added a new node: /default-rack/f072f66c-acb6-420a-bd63-1def1c73c314
2019-10-08 05:33:42,494 [IPC Server handler 0 on 32985] INFO  node.SCMNodeManager (SCMNodeManager.java:register(268)) - Registered Data node : f072f66c-acb6-420a-bd63-1def1c73c314{ip: 192.168.5.191, host: trunk-nightly-20191008-swvtb-1756096174, networkLocation: /default-rack, certSerialId: null}
2019-10-08 05:33:42,508 [grpc-default-executor-4] INFO  impl.RaftServerProxy (RaftServerProxy.java:addNew(89)) - f072f66c-acb6-420a-bd63-1def1c73c314: addNew group-19A504E11CBC:[f072f66c-acb6-420a-bd63-1def1c73c314:192.168.5.191:37696] returns group-19A504E11CBC:java.util.concurrent.CompletableFuture@6e370470[Not completed]
2019-10-08 05:33:42,510 [pool-423-thread-1] INFO  impl.RaftServerImpl (RaftServerImpl.java:<init>(95)) - f072f66c-acb6-420a-bd63-1def1c73c314: new RaftServerImpl for group-19A504E11CBC:[f072f66c-acb6-420a-bd63-1def1c73c314:192.168.5.191:37696] with ContainerStateMachine:uninitialized
2019-10-08 05:33:42,510 [pool-423-thread-1] INFO  server.RaftServerConfigKeys (ConfUtils.java:logGet(43)) - raft.server.rpc.timeout.min = 5s (custom)
2019-10-08 05:33:42,510 [pool-423-thread-1] INFO  server.RaftServerConfigKeys (ConfUtils.java:logGet(43)) - raft.server.rpc.timeout.max = 5200ms (custom)
2019-10-08 05:33:42,510 [pool-423-thread-1] INFO  server.RaftServerConfigKeys (ConfUtils.java:logGet(43)) - raft.server.rpcslowness.timeout = 120s (custom)
2019-10-08 05:33:42,510 [pool-423-thread-1] INFO  server.RaftServerConfigKeys (ConfUtils.java:logGet(43)) - raft.server.sleep.deviation.threshold = 300 (default)
2019-10-08 05:33:42,511 [pool-423-thread-1] INFO  server.RaftServerConfigKeys (ConfUtils.java:logGet(43)) - raft.server.log.appender.install.snapshot.enabled = false (custom)
2019-10-08 05:33:42,511 [pool-423-thread-1] INFO  impl.RaftServerImpl (ServerState.java:<init>(103)) - f072f66c-acb6-420a-bd63-1def1c73c314@group-19A504E11CBC: ConfigurationManager, init=-1: [f072f66c-acb6-420a-bd63-1def1c73c314:192.168.5.191:37696], old=null, confs=<EMPTY_MAP>
2019-10-08 05:33:42,511 [pool-423-thread-1] INFO  server.RaftServerConfigKeys (ConfUtils.java:logGet(43)) - raft.server.storage.dir = [/workdir/hadoop-ozone/integration-test/target/test-dir/MiniOzoneClusterImpl-8a4d0be6-78bc-4c65-8bee-12b8c2006f27/datanode-4/data/ratis] (custom)
2019-10-08 05:33:42,511 [pool-423-thread-1] INFO  server.RaftServerConfigKeys (ConfUtils.java:logGet(43)) - raft.server.log.corruption.policy = EXCEPTION (default)
2019-10-08 05:33:42,511 [pool-423-thread-1] INFO  storage.RaftStorageDirectory (RaftStorageDirectory.java:analyzeStorage(246)) - The storage directory /workdir/hadoop-ozone/integration-test/target/test-dir/MiniOzoneClusterImpl-8a4d0be6-78bc-4c65-8bee-12b8c2006f27/datanode-4/data/ratis/d29322f4-96a7-41ae-bffd-19a504e11cbc does not exist. Creating ...
2019-10-08 05:33:42,524 [pool-423-thread-1] INFO  storage.RaftStorageDirectory (RaftStorageDirectory.java:tryLock(328)) - Lock on /workdir/hadoop-ozone/integration-test/target/test-dir/MiniOzoneClusterImpl-8a4d0be6-78bc-4c65-8bee-12b8c2006f27/datanode-4/data/ratis/d29322f4-96a7-41ae-bffd-19a504e11cbc/in_use.lock acquired by nodename 23931@trunk-nightly-20191008-swvtb-1756096174
2019-10-08 05:33:42,537 [pool-423-thread-1] INFO  storage.RaftStorage (RaftStorage.java:format(84)) - Storage directory /workdir/hadoop-ozone/integration-test/target/test-dir/MiniOzoneClusterImpl-8a4d0be6-78bc-4c65-8bee-12b8c2006f27/datanode-4/data/ratis/d29322f4-96a7-41ae-bffd-19a504e11cbc has been successfully formatted.
2019-10-08 05:33:42,537 [pool-423-thread-1] INFO  ratis.ContainerStateMachine (ContainerStateMachine.java:loadSnapshot(231)) - group-19A504E11CBC: The snapshot info is null. Setting the last applied indexto:(t:0, i:~)
2019-10-08 05:33:42,538 [pool-423-thread-1] INFO  server.RaftServerConfigKeys (ConfUtils.java:logGet(43)) - raft.server.notification.no-leader.timeout = 120s (custom)
2019-10-08 05:33:42,538 [pool-423-thread-1] INFO  server.RaftServerConfigKeys (ConfUtils.java:logGet(43)) - raft.server.log.use.memory = false (default)
2019-10-08 05:33:42,538 [pool-423-thread-1] INFO  server.RaftServerConfigKeys (ConfUtils.java:logGet(43)) - raft.server.log.purge.gap = 1000000 (custom)
2019-10-08 05:33:42,538 [pool-423-thread-1] INFO  server.RaftServerConfigKeys (ConfUtils.java:logGet(43)) - raft.server.log.appender.buffer.byte-limit = 33554432 (custom)
2019-10-08 05:33:42,538 [pool-423-thread-1] INFO  server.RaftServerConfigKeys (ConfUtils.java:logGet(43)) - raft.server.log.segment.size.max = 1048576 (custom)
2019-10-08 05:33:42,540 [pool-423-thread-1] INFO  server.RaftServerConfigKeys (ConfUtils.java:logGet(43)) - raft.server.log.segment.cache.num.max = 2 (custom)
2019-10-08 05:33:42,540 [pool-423-thread-1] INFO  segmented.SegmentedRaftLogWorker (SegmentedRaftLogWorker.java:<init>(173)) - new f072f66c-acb6-420a-bd63-1def1c73c314@group-19A504E11CBC-SegmentedRaftLogWorker for RaftStorage:Storage Directory /workdir/hadoop-ozone/integration-test/target/test-dir/MiniOzoneClusterImpl-8a4d0be6-78bc-4c65-8bee-12b8c2006f27/datanode-4/data/ratis/d29322f4-96a7-41ae-bffd-19a504e11cbc
2019-10-08 05:33:42,540 [pool-423-thread-1] INFO  server.RaftServerConfigKeys (ConfUtils.java:logGet(43)) - raft.server.log.queue.byte-limit = 2147483647 (custom)
2019-10-08 05:33:42,540 [pool-423-thread-1] INFO  server.RaftServerConfigKeys (ConfUtils.java:logGet(43)) - raft.server.log.queue.element-limit = 1024 (custom)
2019-10-08 05:33:42,541 [pool-423-thread-1] INFO  server.RaftServerConfigKeys (ConfUtils.java:logGet(43)) - raft.server.log.segment.size.max = 1048576 (custom)
2019-10-08 05:33:42,541 [pool-423-thread-1] INFO  server.RaftServerConfigKeys (ConfUtils.java:logGet(43)) - raft.server.log.preallocated.size = 16384 (custom)
2019-10-08 05:33:42,541 [pool-423-thread-1] INFO  server.RaftServerConfigKeys (ConfUtils.java:logGet(43)) - raft.server.log.write.buffer.size = 33554432 (custom)
2019-10-08 05:33:42,541 [pool-423-thread-1] INFO  server.RaftServerConfigKeys (ConfUtils.java:logGet(43)) - raft.server.log.force.sync.num = 128 (default)
2019-10-08 05:33:42,541 [pool-423-thread-1] INFO  server.RaftServerConfigKeys (ConfUtils.java:logGet(43)) - raft.server.log.statemachine.data.sync = true (default)
2019-10-08 05:33:42,541 [pool-423-thread-1] INFO  server.RaftServerConfigKeys (ConfUtils.java:logGet(43)) - raft.server.log.statemachine.data.sync.timeout = 10s (default)
2019-10-08 05:33:42,541 [pool-423-thread-1] INFO  server.RaftServerConfigKeys (ConfUtils.java:logGet(43)) - raft.server.log.statemachine.data.sync.timeout.retry = -1 (default)
2019-10-08 05:33:42,542 [pool-423-thread-1] INFO  server.RaftServerConfigKeys (ConfUtils.java:logGet(43)) - raft.server.log.statemachine.data.caching.enabled = true (custom)
2019-10-08 05:33:42,542 [pool-423-thread-1] INFO  segmented.SegmentedRaftLogWorker (SegmentedRaftLogWorker.java:lambda$new$0(128)) - f072f66c-acb6-420a-bd63-1def1c73c314@group-19A504E11CBC-SegmentedRaftLogWorker: flushIndex: setUnconditionally 0 -> -1
2019-10-08 05:33:42,542 [pool-423-thread-1] INFO  server.RaftServerConfigKeys (ConfUtils.java:logGet(43)) - raft.server.snapshot.auto.trigger.enabled = true (custom)
2019-10-08 05:33:42,543 [pool-423-thread-1] INFO  server.RaftServerConfigKeys (ConfUtils.java:logGet(43)) - raft.server.snapshot.auto.trigger.threshold = 10000 (custom)
2019-10-08 05:33:42,543 [pool-423-thread-1] INFO  server.RaftServerConfigKeys (ConfUtils.java:logGet(43)) - raft.server.snapshot.retention.file.num = 5 (custom)
2019-10-08 05:33:42,543 [pool-423-thread-1] INFO  server.RaftServerConfigKeys (ConfUtils.java:logGet(43)) - raft.server.retrycache.expirytime = 600000ms (custom)
2019-10-08 05:33:42,545 [pool-423-thread-1] INFO  impl.RaftServerImpl (RaftServerImpl.java:start(181)) - f072f66c-acb6-420a-bd63-1def1c73c314@group-19A504E11CBC: start as a follower, conf=-1: [f072f66c-acb6-420a-bd63-1def1c73c314:192.168.5.191:37696], old=null
2019-10-08 05:33:42,545 [pool-423-thread-1] INFO  impl.RaftServerImpl (RaftServerImpl.java:setRole(170)) - f072f66c-acb6-420a-bd63-1def1c73c314@group-19A504E11CBC: changes role from      null to FOLLOWER at term 0 for startAsFollower
2019-10-08 05:33:42,545 [pool-423-thread-1] INFO  impl.RoleInfo (RoleInfo.java:updateAndGet(143)) - f072f66c-acb6-420a-bd63-1def1c73c314: start FollowerState
2019-10-08 05:33:42,545 [pool-423-thread-1] INFO  util.JmxRegister (JmxRegister.java:tryRegister(44)) - Successfully registered JMX Bean with object name Ratis:service=RaftServer,group=group-19A504E11CBC,id=f072f66c-acb6-420a-bd63-1def1c73c314
2019-10-08 05:33:42,554 [RatisPipelineUtilsThread] INFO  pipeline.PipelineStateManager (PipelineStateManager.java:addPipeline(56)) - Created pipeline Pipeline[ Id: d29322f4-96a7-41ae-bffd-19a504e11cbc, Nodes: f072f66c-acb6-420a-bd63-1def1c73c314{ip: 192.168.5.191, host: trunk-nightly-20191008-swvtb-1756096174, networkLocation: /default-rack, certSerialId: null}, Type:RATIS, Factor:ONE, State:OPEN]
2019-10-08 05:33:42,563 [grpc-default-executor-4] INFO  impl.RaftServerProxy (RaftServerProxy.java:addNew(89)) - 30a29906-681b-4e4a-a42a-f88679188b7b: addNew group-96665A71D5DA:[30a29906-681b-4e4a-a42a-f88679188b7b:192.168.5.191:40141] returns group-96665A71D5DA:java.util.concurrent.CompletableFuture@1fcbdc48[Not completed]
2019-10-08 05:33:42,565 [pool-413-thread-1] INFO  impl.RaftServerImpl (RaftServerImpl.java:<init>(95)) - 30a29906-681b-4e4a-a42a-f88679188b7b: new RaftServerImpl for group-96665A71D5DA:[30a29906-681b-4e4a-a42a-f88679188b7b:192.168.5.191:40141] with ContainerStateMachine:uninitialized
2019-10-08 05:33:42,565 [pool-413-thread-1] INFO  server.RaftServerConfigKeys (ConfUtils.java:logGet(43)) - raft.server.rpc.timeout.min = 5s (custom)
2019-10-08 05:33:42,566 [pool-413-thread-1] INFO  server.RaftServerConfigKeys (ConfUtils.java:logGet(43)) - raft.server.rpc.timeout.max = 5200ms (custom)
2019-10-08 05:33:42,566 [pool-413-thread-1] INFO  server.RaftServerConfigKeys (ConfUtils.java:logGet(43)) - raft.server.rpcslowness.timeout = 120s (custom)
2019-10-08 05:33:42,566 [pool-413-thread-1] INFO  server.RaftServerConfigKeys (ConfUtils.java:logGet(43)) - raft.server.sleep.deviation.threshold = 300 (default)
2019-10-08 05:33:42,566 [pool-413-thread-1] INFO  server.RaftServerConfigKeys (ConfUtils.java:logGet(43)) - raft.server.log.appender.install.snapshot.enabled = false (custom)
2019-10-08 05:33:42,566 [pool-413-thread-1] INFO  impl.RaftServerImpl (ServerState.java:<init>(103)) - 30a29906-681b-4e4a-a42a-f88679188b7b@group-96665A71D5DA: ConfigurationManager, init=-1: [30a29906-681b-4e4a-a42a-f88679188b7b:192.168.5.191:40141], old=null, confs=<EMPTY_MAP>
2019-10-08 05:33:42,566 [pool-413-thread-1] INFO  server.RaftServerConfigKeys (ConfUtils.java:logGet(43)) - raft.server.storage.dir = [/workdir/hadoop-ozone/integration-test/target/test-dir/MiniOzoneClusterImpl-8a4d0be6-78bc-4c65-8bee-12b8c2006f27/datanode-3/data/ratis] (custom)
2019-10-08 05:33:42,566 [pool-413-thread-1] INFO  server.RaftServerConfigKeys (ConfUtils.java:logGet(43)) - raft.server.log.corruption.policy = EXCEPTION (default)
2019-10-08 05:33:42,567 [pool-413-thread-1] INFO  storage.RaftStorageDirectory (RaftStorageDirectory.java:analyzeStorage(246)) - The storage directory /workdir/hadoop-ozone/integration-test/target/test-dir/MiniOzoneClusterImpl-8a4d0be6-78bc-4c65-8bee-12b8c2006f27/datanode-3/data/ratis/9b4bfb3c-9af9-4b38-83d9-96665a71d5da does not exist. Creating ...
2019-10-08 05:33:42,579 [pool-413-thread-1] INFO  storage.RaftStorageDirectory (RaftStorageDirectory.java:tryLock(328)) - Lock on /workdir/hadoop-ozone/integration-test/target/test-dir/MiniOzoneClusterImpl-8a4d0be6-78bc-4c65-8bee-12b8c2006f27/datanode-3/data/ratis/9b4bfb3c-9af9-4b38-83d9-96665a71d5da/in_use.lock acquired by nodename 23931@trunk-nightly-20191008-swvtb-1756096174
2019-10-08 05:33:42,580 [IPC Server handler 1 on 32985] INFO  net.NetworkTopology (NetworkTopologyImpl.java:add(111)) - Added a new node: /default-rack/89bf3bfe-02a4-4689-8a3a-45b19efc6698
2019-10-08 05:33:42,580 [IPC Server handler 1 on 32985] INFO  node.SCMNodeManager (SCMNodeManager.java:register(268)) - Registered Data node : 89bf3bfe-02a4-4689-8a3a-45b19efc6698{ip: 192.168.5.191, host: trunk-nightly-20191008-swvtb-1756096174, networkLocation: /default-rack, certSerialId: null}
2019-10-08 05:33:42,591 [pool-413-thread-1] INFO  storage.RaftStorage (RaftStorage.java:format(84)) - Storage directory /workdir/hadoop-ozone/integration-test/target/test-dir/MiniOzoneClusterImpl-8a4d0be6-78bc-4c65-8bee-12b8c2006f27/datanode-3/data/ratis/9b4bfb3c-9af9-4b38-83d9-96665a71d5da has been successfully formatted.
2019-10-08 05:33:42,591 [pool-413-thread-1] INFO  ratis.ContainerStateMachine (ContainerStateMachine.java:loadSnapshot(231)) - group-96665A71D5DA: The snapshot info is null. Setting the last applied indexto:(t:0, i:~)
2019-10-08 05:33:42,591 [pool-413-thread-1] INFO  server.RaftServerConfigKeys (ConfUtils.java:logGet(43)) - raft.server.notification.no-leader.timeout = 120s (custom)
2019-10-08 05:33:42,592 [pool-413-thread-1] INFO  server.RaftServerConfigKeys (ConfUtils.java:logGet(43)) - raft.server.log.use.memory = false (default)
2019-10-08 05:33:42,592 [pool-413-thread-1] INFO  server.RaftServerConfigKeys (ConfUtils.java:logGet(43)) - raft.server.log.purge.gap = 1000000 (custom)
2019-10-08 05:33:42,592 [pool-413-thread-1] INFO  server.RaftServerConfigKeys (ConfUtils.java:logGet(43)) - raft.server.log.appender.buffer.byte-limit = 33554432 (custom)
2019-10-08 05:33:42,592 [pool-413-thread-1] INFO  server.RaftServerConfigKeys (ConfUtils.java:logGet(43)) - raft.server.log.segment.size.max = 1048576 (custom)
2019-10-08 05:33:42,593 [pool-413-thread-1] INFO  server.RaftServerConfigKeys (ConfUtils.java:logGet(43)) - raft.server.log.segment.cache.num.max = 2 (custom)
2019-10-08 05:33:42,593 [pool-413-thread-1] INFO  segmented.SegmentedRaftLogWorker (SegmentedRaftLogWorker.java:<init>(173)) - new 30a29906-681b-4e4a-a42a-f88679188b7b@group-96665A71D5DA-SegmentedRaftLogWorker for RaftStorage:Storage Directory /workdir/hadoop-ozone/integration-test/target/test-dir/MiniOzoneClusterImpl-8a4d0be6-78bc-4c65-8bee-12b8c2006f27/datanode-3/data/ratis/9b4bfb3c-9af9-4b38-83d9-96665a71d5da
2019-10-08 05:33:42,593 [pool-413-thread-1] INFO  server.RaftServerConfigKeys (ConfUtils.java:logGet(43)) - raft.server.log.queue.byte-limit = 2147483647 (custom)
2019-10-08 05:33:42,593 [pool-413-thread-1] INFO  server.RaftServerConfigKeys (ConfUtils.java:logGet(43)) - raft.server.log.queue.element-limit = 1024 (custom)
2019-10-08 05:33:42,593 [pool-413-thread-1] INFO  server.RaftServerConfigKeys (ConfUtils.java:logGet(43)) - raft.server.log.segment.size.max = 1048576 (custom)
2019-10-08 05:33:42,594 [pool-413-thread-1] INFO  server.RaftServerConfigKeys (ConfUtils.java:logGet(43)) - raft.server.log.preallocated.size = 16384 (custom)
2019-10-08 05:33:42,594 [pool-413-thread-1] INFO  server.RaftServerConfigKeys (ConfUtils.java:logGet(43)) - raft.server.log.write.buffer.size = 33554432 (custom)
2019-10-08 05:33:42,594 [pool-413-thread-1] INFO  server.RaftServerConfigKeys (ConfUtils.java:logGet(43)) - raft.server.log.force.sync.num = 128 (default)
2019-10-08 05:33:42,594 [pool-413-thread-1] INFO  server.RaftServerConfigKeys (ConfUtils.java:logGet(43)) - raft.server.log.statemachine.data.sync = true (default)
2019-10-08 05:33:42,594 [pool-413-thread-1] INFO  server.RaftServerConfigKeys (ConfUtils.java:logGet(43)) - raft.server.log.statemachine.data.sync.timeout = 10s (default)
2019-10-08 05:33:42,594 [pool-413-thread-1] INFO  server.RaftServerConfigKeys (ConfUtils.java:logGet(43)) - raft.server.log.statemachine.data.sync.timeout.retry = -1 (default)
2019-10-08 05:33:42,594 [pool-413-thread-1] INFO  server.RaftServerConfigKeys (ConfUtils.java:logGet(43)) - raft.server.log.statemachine.data.caching.enabled = true (custom)
2019-10-08 05:33:42,595 [pool-413-thread-1] INFO  segmented.SegmentedRaftLogWorker (SegmentedRaftLogWorker.java:lambda$new$0(128)) - 30a29906-681b-4e4a-a42a-f88679188b7b@group-96665A71D5DA-SegmentedRaftLogWorker: flushIndex: setUnconditionally 0 -> -1
2019-10-08 05:33:42,595 [pool-413-thread-1] INFO  server.RaftServerConfigKeys (ConfUtils.java:logGet(43)) - raft.server.snapshot.auto.trigger.enabled = true (custom)
2019-10-08 05:33:42,595 [pool-413-thread-1] INFO  server.RaftServerConfigKeys (ConfUtils.java:logGet(43)) - raft.server.snapshot.auto.trigger.threshold = 10000 (custom)
2019-10-08 05:33:42,595 [pool-413-thread-1] INFO  server.RaftServerConfigKeys (ConfUtils.java:logGet(43)) - raft.server.snapshot.retention.file.num = 5 (custom)
2019-10-08 05:33:42,595 [pool-413-thread-1] INFO  server.RaftServerConfigKeys (ConfUtils.java:logGet(43)) - raft.server.retrycache.expirytime = 600000ms (custom)
2019-10-08 05:33:42,596 [pool-413-thread-1] INFO  impl.RaftServerImpl (RaftServerImpl.java:start(181)) - 30a29906-681b-4e4a-a42a-f88679188b7b@group-96665A71D5DA: start as a follower, conf=-1: [30a29906-681b-4e4a-a42a-f88679188b7b:192.168.5.191:40141], old=null
2019-10-08 05:33:42,596 [pool-413-thread-1] INFO  impl.RaftServerImpl (RaftServerImpl.java:setRole(170)) - 30a29906-681b-4e4a-a42a-f88679188b7b@group-96665A71D5DA: changes role from      null to FOLLOWER at term 0 for startAsFollower
2019-10-08 05:33:42,597 [pool-413-thread-1] INFO  impl.RoleInfo (RoleInfo.java:updateAndGet(143)) - 30a29906-681b-4e4a-a42a-f88679188b7b: start FollowerState
2019-10-08 05:33:42,597 [pool-413-thread-1] INFO  util.JmxRegister (JmxRegister.java:tryRegister(44)) - Successfully registered JMX Bean with object name Ratis:service=RaftServer,group=group-96665A71D5DA,id=30a29906-681b-4e4a-a42a-f88679188b7b
2019-10-08 05:33:42,605 [RatisPipelineUtilsThread] INFO  pipeline.PipelineStateManager (PipelineStateManager.java:addPipeline(56)) - Created pipeline Pipeline[ Id: 9b4bfb3c-9af9-4b38-83d9-96665a71d5da, Nodes: 30a29906-681b-4e4a-a42a-f88679188b7b{ip: 192.168.5.191, host: trunk-nightly-20191008-swvtb-1756096174, networkLocation: /default-rack, certSerialId: null}, Type:RATIS, Factor:ONE, State:OPEN]
2019-10-08 05:33:42,616 [grpc-default-executor-4] INFO  impl.RaftServerProxy (RaftServerProxy.java:addNew(89)) - 89bf3bfe-02a4-4689-8a3a-45b19efc6698: addNew group-35834B64C470:[89bf3bfe-02a4-4689-8a3a-45b19efc6698:192.168.5.191:41637] returns group-35834B64C470:java.util.concurrent.CompletableFuture@142af354[Not completed]
2019-10-08 05:33:42,617 [pool-433-thread-1] INFO  impl.RaftServerImpl (RaftServerImpl.java:<init>(95)) - 89bf3bfe-02a4-4689-8a3a-45b19efc6698: new RaftServerImpl for group-35834B64C470:[89bf3bfe-02a4-4689-8a3a-45b19efc6698:192.168.5.191:41637] with ContainerStateMachine:uninitialized
2019-10-08 05:33:42,618 [pool-433-thread-1] INFO  server.RaftServerConfigKeys (ConfUtils.java:logGet(43)) - raft.server.rpc.timeout.min = 5s (custom)
2019-10-08 05:33:42,618 [pool-433-thread-1] INFO  server.RaftServerConfigKeys (ConfUtils.java:logGet(43)) - raft.server.rpc.timeout.max = 5200ms (custom)
2019-10-08 05:33:42,618 [pool-433-thread-1] INFO  server.RaftServerConfigKeys (ConfUtils.java:logGet(43)) - raft.server.rpcslowness.timeout = 120s (custom)
2019-10-08 05:33:42,618 [pool-433-thread-1] INFO  server.RaftServerConfigKeys (ConfUtils.java:logGet(43)) - raft.server.sleep.deviation.threshold = 300 (default)
2019-10-08 05:33:42,618 [pool-433-thread-1] INFO  server.RaftServerConfigKeys (ConfUtils.java:logGet(43)) - raft.server.log.appender.install.snapshot.enabled = false (custom)
2019-10-08 05:33:42,618 [pool-433-thread-1] INFO  impl.RaftServerImpl (ServerState.java:<init>(103)) - 89bf3bfe-02a4-4689-8a3a-45b19efc6698@group-35834B64C470: ConfigurationManager, init=-1: [89bf3bfe-02a4-4689-8a3a-45b19efc6698:192.168.5.191:41637], old=null, confs=<EMPTY_MAP>
2019-10-08 05:33:42,618 [pool-433-thread-1] INFO  server.RaftServerConfigKeys (ConfUtils.java:logGet(43)) - raft.server.storage.dir = [/workdir/hadoop-ozone/integration-test/target/test-dir/MiniOzoneClusterImpl-8a4d0be6-78bc-4c65-8bee-12b8c2006f27/datanode-5/data/ratis] (custom)
2019-10-08 05:33:42,619 [pool-433-thread-1] INFO  server.RaftServerConfigKeys (ConfUtils.java:logGet(43)) - raft.server.log.corruption.policy = EXCEPTION (default)
2019-10-08 05:33:42,619 [pool-433-thread-1] INFO  storage.RaftStorageDirectory (RaftStorageDirectory.java:analyzeStorage(246)) - The storage directory /workdir/hadoop-ozone/integration-test/target/test-dir/MiniOzoneClusterImpl-8a4d0be6-78bc-4c65-8bee-12b8c2006f27/datanode-5/data/ratis/01156ccd-bbb7-4352-bd2b-35834b64c470 does not exist. Creating ...
2019-10-08 05:33:42,632 [pool-433-thread-1] INFO  storage.RaftStorageDirectory (RaftStorageDirectory.java:tryLock(328)) - Lock on /workdir/hadoop-ozone/integration-test/target/test-dir/MiniOzoneClusterImpl-8a4d0be6-78bc-4c65-8bee-12b8c2006f27/datanode-5/data/ratis/01156ccd-bbb7-4352-bd2b-35834b64c470/in_use.lock acquired by nodename 23931@trunk-nightly-20191008-swvtb-1756096174
2019-10-08 05:33:42,642 [IPC Server handler 2 on 32985] INFO  net.NetworkTopology (NetworkTopologyImpl.java:add(111)) - Added a new node: /default-rack/192170e7-4cac-4b63-8b06-4df9c0029108
2019-10-08 05:33:42,642 [IPC Server handler 2 on 32985] INFO  node.SCMNodeManager (SCMNodeManager.java:register(268)) - Registered Data node : 192170e7-4cac-4b63-8b06-4df9c0029108{ip: 192.168.5.191, host: trunk-nightly-20191008-swvtb-1756096174, networkLocation: /default-rack, certSerialId: null}
2019-10-08 05:33:42,643 [main] INFO  ozone.MiniOzoneClusterImpl (MiniOzoneClusterImpl.java:lambda$waitForClusterToBeReady$0(147)) - Cluster is ready. Got 7 of 7 DN Heartbeats.
2019-10-08 05:33:42,644 [pool-433-thread-1] INFO  storage.RaftStorage (RaftStorage.java:format(84)) - Storage directory /workdir/hadoop-ozone/integration-test/target/test-dir/MiniOzoneClusterImpl-8a4d0be6-78bc-4c65-8bee-12b8c2006f27/datanode-5/data/ratis/01156ccd-bbb7-4352-bd2b-35834b64c470 has been successfully formatted.
2019-10-08 05:33:42,644 [pool-433-thread-1] INFO  ratis.ContainerStateMachine (ContainerStateMachine.java:loadSnapshot(231)) - group-35834B64C470: The snapshot info is null. Setting the last applied indexto:(t:0, i:~)
2019-10-08 05:33:42,644 [pool-433-thread-1] INFO  server.RaftServerConfigKeys (ConfUtils.java:logGet(43)) - raft.server.notification.no-leader.timeout = 120s (custom)
2019-10-08 05:33:42,645 [pool-433-thread-1] INFO  server.RaftServerConfigKeys (ConfUtils.java:logGet(43)) - raft.server.log.use.memory = false (default)
2019-10-08 05:33:42,645 [pool-433-thread-1] INFO  server.RaftServerConfigKeys (ConfUtils.java:logGet(43)) - raft.server.log.purge.gap = 1000000 (custom)
2019-10-08 05:33:42,645 [pool-433-thread-1] INFO  server.RaftServerConfigKeys (ConfUtils.java:logGet(43)) - raft.server.log.appender.buffer.byte-limit = 33554432 (custom)
2019-10-08 05:33:42,645 [pool-433-thread-1] INFO  server.RaftServerConfigKeys (ConfUtils.java:logGet(43)) - raft.server.log.segment.size.max = 1048576 (custom)
2019-10-08 05:33:42,652 [pool-433-thread-1] INFO  server.RaftServerConfigKeys (ConfUtils.java:logGet(43)) - raft.server.log.segment.cache.num.max = 2 (custom)
2019-10-08 05:33:42,659 [pool-433-thread-1] INFO  segmented.SegmentedRaftLogWorker (SegmentedRaftLogWorker.java:<init>(173)) - new 89bf3bfe-02a4-4689-8a3a-45b19efc6698@group-35834B64C470-SegmentedRaftLogWorker for RaftStorage:Storage Directory /workdir/hadoop-ozone/integration-test/target/test-dir/MiniOzoneClusterImpl-8a4d0be6-78bc-4c65-8bee-12b8c2006f27/datanode-5/data/ratis/01156ccd-bbb7-4352-bd2b-35834b64c470
2019-10-08 05:33:42,660 [pool-433-thread-1] INFO  server.RaftServerConfigKeys (ConfUtils.java:logGet(43)) - raft.server.log.queue.byte-limit = 2147483647 (custom)
2019-10-08 05:33:42,660 [pool-433-thread-1] INFO  server.RaftServerConfigKeys (ConfUtils.java:logGet(43)) - raft.server.log.queue.element-limit = 1024 (custom)
2019-10-08 05:33:42,660 [pool-433-thread-1] INFO  server.RaftServerConfigKeys (ConfUtils.java:logGet(43)) - raft.server.log.segment.size.max = 1048576 (custom)
2019-10-08 05:33:42,660 [pool-433-thread-1] INFO  server.RaftServerConfigKeys (ConfUtils.java:logGet(43)) - raft.server.log.preallocated.size = 16384 (custom)
2019-10-08 05:33:42,660 [pool-433-thread-1] INFO  server.RaftServerConfigKeys (ConfUtils.java:logGet(43)) - raft.server.log.write.buffer.size = 33554432 (custom)
2019-10-08 05:33:42,661 [pool-433-thread-1] INFO  server.RaftServerConfigKeys (ConfUtils.java:logGet(43)) - raft.server.log.force.sync.num = 128 (default)
2019-10-08 05:33:42,661 [pool-433-thread-1] INFO  server.RaftServerConfigKeys (ConfUtils.java:logGet(43)) - raft.server.log.statemachine.data.sync = true (default)
2019-10-08 05:33:42,661 [pool-433-thread-1] INFO  server.RaftServerConfigKeys (ConfUtils.java:logGet(43)) - raft.server.log.statemachine.data.sync.timeout = 10s (default)
2019-10-08 05:33:42,661 [pool-433-thread-1] INFO  server.RaftServerConfigKeys (ConfUtils.java:logGet(43)) - raft.server.log.statemachine.data.sync.timeout.retry = -1 (default)
2019-10-08 05:33:42,662 [pool-433-thread-1] INFO  server.RaftServerConfigKeys (ConfUtils.java:logGet(43)) - raft.server.log.statemachine.data.caching.enabled = true (custom)
2019-10-08 05:33:42,667 [pool-433-thread-1] INFO  segmented.SegmentedRaftLogWorker (SegmentedRaftLogWorker.java:lambda$new$0(128)) - 89bf3bfe-02a4-4689-8a3a-45b19efc6698@group-35834B64C470-SegmentedRaftLogWorker: flushIndex: setUnconditionally 0 -> -1
2019-10-08 05:33:42,667 [pool-433-thread-1] INFO  server.RaftServerConfigKeys (ConfUtils.java:logGet(43)) - raft.server.snapshot.auto.trigger.enabled = true (custom)
2019-10-08 05:33:42,667 [pool-433-thread-1] INFO  server.RaftServerConfigKeys (ConfUtils.java:logGet(43)) - raft.server.snapshot.auto.trigger.threshold = 10000 (custom)
2019-10-08 05:33:42,667 [pool-433-thread-1] INFO  server.RaftServerConfigKeys (ConfUtils.java:logGet(43)) - raft.server.snapshot.retention.file.num = 5 (custom)
2019-10-08 05:33:42,668 [pool-433-thread-1] INFO  server.RaftServerConfigKeys (ConfUtils.java:logGet(43)) - raft.server.retrycache.expirytime = 600000ms (custom)
2019-10-08 05:33:42,677 [pool-433-thread-1] INFO  impl.RaftServerImpl (RaftServerImpl.java:start(181)) - 89bf3bfe-02a4-4689-8a3a-45b19efc6698@group-35834B64C470: start as a follower, conf=-1: [89bf3bfe-02a4-4689-8a3a-45b19efc6698:192.168.5.191:41637], old=null
2019-10-08 05:33:42,677 [pool-433-thread-1] INFO  impl.RaftServerImpl (RaftServerImpl.java:setRole(170)) - 89bf3bfe-02a4-4689-8a3a-45b19efc6698@group-35834B64C470: changes role from      null to FOLLOWER at term 0 for startAsFollower
2019-10-08 05:33:42,677 [pool-433-thread-1] INFO  impl.RoleInfo (RoleInfo.java:updateAndGet(143)) - 89bf3bfe-02a4-4689-8a3a-45b19efc6698: start FollowerState
2019-10-08 05:33:42,677 [pool-433-thread-1] INFO  util.JmxRegister (JmxRegister.java:tryRegister(44)) - Successfully registered JMX Bean with object name Ratis:service=RaftServer,group=group-35834B64C470,id=89bf3bfe-02a4-4689-8a3a-45b19efc6698
2019-10-08 05:33:42,704 [RatisPipelineUtilsThread] INFO  pipeline.PipelineStateManager (PipelineStateManager.java:addPipeline(56)) - Created pipeline Pipeline[ Id: 01156ccd-bbb7-4352-bd2b-35834b64c470, Nodes: 89bf3bfe-02a4-4689-8a3a-45b19efc6698{ip: 192.168.5.191, host: trunk-nightly-20191008-swvtb-1756096174, networkLocation: /default-rack, certSerialId: null}, Type:RATIS, Factor:ONE, State:OPEN]
2019-10-08 05:33:42,708 [main] INFO  rpc.RpcClient (RpcClient.java:createVolume(277)) - Creating Volume: watchforcommithandlingtest, with jenkins1000 as owner.
2019-10-08 05:33:42,711 [IPC Server handler 2 on 33054] INFO  volume.OMVolumeCreateRequest (OMVolumeCreateRequest.java:validateAndUpdateCache(193)) - created volume:watchforcommithandlingtest for user:jenkins1000
2019-10-08 05:33:42,715 [grpc-default-executor-4] INFO  impl.RaftServerProxy (RaftServerProxy.java:addNew(89)) - 192170e7-4cac-4b63-8b06-4df9c0029108: addNew group-3D99378029B7:[192170e7-4cac-4b63-8b06-4df9c0029108:192.168.5.191:41193] returns group-3D99378029B7:java.util.concurrent.CompletableFuture@5b8fc7de[Not completed]
2019-10-08 05:33:42,722 [pool-443-thread-1] INFO  impl.RaftServerImpl (RaftServerImpl.java:<init>(95)) - 192170e7-4cac-4b63-8b06-4df9c0029108: new RaftServerImpl for group-3D99378029B7:[192170e7-4cac-4b63-8b06-4df9c0029108:192.168.5.191:41193] with ContainerStateMachine:uninitialized
2019-10-08 05:33:42,722 [pool-443-thread-1] INFO  server.RaftServerConfigKeys (ConfUtils.java:logGet(43)) - raft.server.rpc.timeout.min = 5s (custom)
2019-10-08 05:33:42,722 [pool-443-thread-1] INFO  server.RaftServerConfigKeys (ConfUtils.java:logGet(43)) - raft.server.rpc.timeout.max = 5200ms (custom)
2019-10-08 05:33:42,722 [pool-443-thread-1] INFO  server.RaftServerConfigKeys (ConfUtils.java:logGet(43)) - raft.server.rpcslowness.timeout = 120s (custom)
2019-10-08 05:33:42,723 [pool-443-thread-1] INFO  server.RaftServerConfigKeys (ConfUtils.java:logGet(43)) - raft.server.sleep.deviation.threshold = 300 (default)
2019-10-08 05:33:42,723 [pool-443-thread-1] INFO  server.RaftServerConfigKeys (ConfUtils.java:logGet(43)) - raft.server.log.appender.install.snapshot.enabled = false (custom)
2019-10-08 05:33:42,723 [pool-443-thread-1] INFO  impl.RaftServerImpl (ServerState.java:<init>(103)) - 192170e7-4cac-4b63-8b06-4df9c0029108@group-3D99378029B7: ConfigurationManager, init=-1: [192170e7-4cac-4b63-8b06-4df9c0029108:192.168.5.191:41193], old=null, confs=<EMPTY_MAP>
2019-10-08 05:33:42,723 [pool-443-thread-1] INFO  server.RaftServerConfigKeys (ConfUtils.java:logGet(43)) - raft.server.storage.dir = [/workdir/hadoop-ozone/integration-test/target/test-dir/MiniOzoneClusterImpl-8a4d0be6-78bc-4c65-8bee-12b8c2006f27/datanode-6/data/ratis] (custom)
2019-10-08 05:33:42,739 [pool-443-thread-1] INFO  server.RaftServerConfigKeys (ConfUtils.java:logGet(43)) - raft.server.log.corruption.policy = EXCEPTION (default)
2019-10-08 05:33:42,740 [pool-443-thread-1] INFO  storage.RaftStorageDirectory (RaftStorageDirectory.java:analyzeStorage(246)) - The storage directory /workdir/hadoop-ozone/integration-test/target/test-dir/MiniOzoneClusterImpl-8a4d0be6-78bc-4c65-8bee-12b8c2006f27/datanode-6/data/ratis/c8c0cb58-1eb2-4823-80c3-3d99378029b7 does not exist. Creating ...
2019-10-08 05:33:42,740 [main] INFO  rpc.RpcClient (RpcClient.java:createBucket(416)) - Creating Bucket: watchforcommithandlingtest/watchforcommithandlingtest, with Versioning false and Storage Type set to DISK and Encryption set to false 
2019-10-08 05:33:42,746 [main] INFO  ozone.MiniOzoneClusterImpl (MiniOzoneClusterImpl.java:getStorageContainerLocationClient(234)) - Creating StorageContainerLocationProtocol RPC client with address /0.0.0.0:42506
2019-10-08 05:33:42,753 [pool-443-thread-1] INFO  storage.RaftStorageDirectory (RaftStorageDirectory.java:tryLock(328)) - Lock on /workdir/hadoop-ozone/integration-test/target/test-dir/MiniOzoneClusterImpl-8a4d0be6-78bc-4c65-8bee-12b8c2006f27/datanode-6/data/ratis/c8c0cb58-1eb2-4823-80c3-3d99378029b7/in_use.lock acquired by nodename 23931@trunk-nightly-20191008-swvtb-1756096174
2019-10-08 05:33:42,773 [pool-443-thread-1] INFO  storage.RaftStorage (RaftStorage.java:format(84)) - Storage directory /workdir/hadoop-ozone/integration-test/target/test-dir/MiniOzoneClusterImpl-8a4d0be6-78bc-4c65-8bee-12b8c2006f27/datanode-6/data/ratis/c8c0cb58-1eb2-4823-80c3-3d99378029b7 has been successfully formatted.
2019-10-08 05:33:42,773 [pool-443-thread-1] INFO  ratis.ContainerStateMachine (ContainerStateMachine.java:loadSnapshot(231)) - group-3D99378029B7: The snapshot info is null. Setting the last applied indexto:(t:0, i:~)
2019-10-08 05:33:42,773 [pool-443-thread-1] INFO  server.RaftServerConfigKeys (ConfUtils.java:logGet(43)) - raft.server.notification.no-leader.timeout = 120s (custom)
2019-10-08 05:33:42,774 [pool-443-thread-1] INFO  server.RaftServerConfigKeys (ConfUtils.java:logGet(43)) - raft.server.log.use.memory = false (default)
2019-10-08 05:33:42,774 [pool-443-thread-1] INFO  server.RaftServerConfigKeys (ConfUtils.java:logGet(43)) - raft.server.log.purge.gap = 1000000 (custom)
2019-10-08 05:33:42,774 [pool-443-thread-1] INFO  server.RaftServerConfigKeys (ConfUtils.java:logGet(43)) - raft.server.log.appender.buffer.byte-limit = 33554432 (custom)
2019-10-08 05:33:42,774 [pool-443-thread-1] INFO  server.RaftServerConfigKeys (ConfUtils.java:logGet(43)) - raft.server.log.segment.size.max = 1048576 (custom)
2019-10-08 05:33:42,776 [pool-443-thread-1] INFO  server.RaftServerConfigKeys (ConfUtils.java:logGet(43)) - raft.server.log.segment.cache.num.max = 2 (custom)
2019-10-08 05:33:42,776 [pool-443-thread-1] INFO  segmented.SegmentedRaftLogWorker (SegmentedRaftLogWorker.java:<init>(173)) - new 192170e7-4cac-4b63-8b06-4df9c0029108@group-3D99378029B7-SegmentedRaftLogWorker for RaftStorage:Storage Directory /workdir/hadoop-ozone/integration-test/target/test-dir/MiniOzoneClusterImpl-8a4d0be6-78bc-4c65-8bee-12b8c2006f27/datanode-6/data/ratis/c8c0cb58-1eb2-4823-80c3-3d99378029b7
2019-10-08 05:33:42,776 [pool-443-thread-1] INFO  server.RaftServerConfigKeys (ConfUtils.java:logGet(43)) - raft.server.log.queue.byte-limit = 2147483647 (custom)
2019-10-08 05:33:42,776 [pool-443-thread-1] INFO  server.RaftServerConfigKeys (ConfUtils.java:logGet(43)) - raft.server.log.queue.element-limit = 1024 (custom)
2019-10-08 05:33:42,776 [pool-443-thread-1] INFO  server.RaftServerConfigKeys (ConfUtils.java:logGet(43)) - raft.server.log.segment.size.max = 1048576 (custom)
2019-10-08 05:33:42,776 [pool-443-thread-1] INFO  server.RaftServerConfigKeys (ConfUtils.java:logGet(43)) - raft.server.log.preallocated.size = 16384 (custom)
2019-10-08 05:33:42,776 [pool-443-thread-1] INFO  server.RaftServerConfigKeys (ConfUtils.java:logGet(43)) - raft.server.log.write.buffer.size = 33554432 (custom)
2019-10-08 05:33:42,777 [pool-443-thread-1] INFO  server.RaftServerConfigKeys (ConfUtils.java:logGet(43)) - raft.server.log.force.sync.num = 128 (default)
2019-10-08 05:33:42,777 [pool-443-thread-1] INFO  server.RaftServerConfigKeys (ConfUtils.java:logGet(43)) - raft.server.log.statemachine.data.sync = true (default)
2019-10-08 05:33:42,777 [pool-443-thread-1] INFO  server.RaftServerConfigKeys (ConfUtils.java:logGet(43)) - raft.server.log.statemachine.data.sync.timeout = 10s (default)
2019-10-08 05:33:42,777 [pool-443-thread-1] INFO  server.RaftServerConfigKeys (ConfUtils.java:logGet(43)) - raft.server.log.statemachine.data.sync.timeout.retry = -1 (default)
2019-10-08 05:33:42,777 [pool-443-thread-1] INFO  server.RaftServerConfigKeys (ConfUtils.java:logGet(43)) - raft.server.log.statemachine.data.caching.enabled = true (custom)
2019-10-08 05:33:42,778 [pool-443-thread-1] INFO  segmented.SegmentedRaftLogWorker (SegmentedRaftLogWorker.java:lambda$new$0(128)) - 192170e7-4cac-4b63-8b06-4df9c0029108@group-3D99378029B7-SegmentedRaftLogWorker: flushIndex: setUnconditionally 0 -> -1
2019-10-08 05:33:42,778 [pool-443-thread-1] INFO  server.RaftServerConfigKeys (ConfUtils.java:logGet(43)) - raft.server.snapshot.auto.trigger.enabled = true (custom)
2019-10-08 05:33:42,778 [pool-443-thread-1] INFO  server.RaftServerConfigKeys (ConfUtils.java:logGet(43)) - raft.server.snapshot.auto.trigger.threshold = 10000 (custom)
2019-10-08 05:33:42,778 [pool-443-thread-1] INFO  server.RaftServerConfigKeys (ConfUtils.java:logGet(43)) - raft.server.snapshot.retention.file.num = 5 (custom)
2019-10-08 05:33:42,778 [pool-443-thread-1] INFO  server.RaftServerConfigKeys (ConfUtils.java:logGet(43)) - raft.server.retrycache.expirytime = 600000ms (custom)
2019-10-08 05:33:42,780 [pool-443-thread-1] INFO  impl.RaftServerImpl (RaftServerImpl.java:start(181)) - 192170e7-4cac-4b63-8b06-4df9c0029108@group-3D99378029B7: start as a follower, conf=-1: [192170e7-4cac-4b63-8b06-4df9c0029108:192.168.5.191:41193], old=null
2019-10-08 05:33:42,780 [pool-443-thread-1] INFO  impl.RaftServerImpl (RaftServerImpl.java:setRole(170)) - 192170e7-4cac-4b63-8b06-4df9c0029108@group-3D99378029B7: changes role from      null to FOLLOWER at term 0 for startAsFollower
2019-10-08 05:33:42,780 [pool-443-thread-1] INFO  impl.RoleInfo (RoleInfo.java:updateAndGet(143)) - 192170e7-4cac-4b63-8b06-4df9c0029108: start FollowerState
2019-10-08 05:33:42,780 [pool-443-thread-1] INFO  util.JmxRegister (JmxRegister.java:tryRegister(44)) - Successfully registered JMX Bean with object name Ratis:service=RaftServer,group=group-3D99378029B7,id=192170e7-4cac-4b63-8b06-4df9c0029108
2019-10-08 05:33:42,789 [RatisPipelineUtilsThread] INFO  pipeline.PipelineStateManager (PipelineStateManager.java:addPipeline(56)) - Created pipeline Pipeline[ Id: c8c0cb58-1eb2-4823-80c3-3d99378029b7, Nodes: 192170e7-4cac-4b63-8b06-4df9c0029108{ip: 192.168.5.191, host: trunk-nightly-20191008-swvtb-1756096174, networkLocation: /default-rack, certSerialId: null}, Type:RATIS, Factor:ONE, State:OPEN]
2019-10-08 05:33:42,819 [grpc-default-executor-4] INFO  impl.RaftServerProxy (RaftServerProxy.java:addNew(89)) - f072f66c-acb6-420a-bd63-1def1c73c314: addNew group-ED74B8DB72D4:[89bf3bfe-02a4-4689-8a3a-45b19efc6698:192.168.5.191:41637, 30a29906-681b-4e4a-a42a-f88679188b7b:192.168.5.191:40141, f072f66c-acb6-420a-bd63-1def1c73c314:192.168.5.191:37696] returns group-ED74B8DB72D4:java.util.concurrent.CompletableFuture@5f5922ce[Not completed]
2019-10-08 05:33:42,819 [grpc-default-executor-7] INFO  impl.RaftServerProxy (RaftServerProxy.java:addNew(89)) - 89bf3bfe-02a4-4689-8a3a-45b19efc6698: addNew group-ED74B8DB72D4:[89bf3bfe-02a4-4689-8a3a-45b19efc6698:192.168.5.191:41637, 30a29906-681b-4e4a-a42a-f88679188b7b:192.168.5.191:40141, f072f66c-acb6-420a-bd63-1def1c73c314:192.168.5.191:37696] returns group-ED74B8DB72D4:java.util.concurrent.CompletableFuture@402bc0bf[Not completed]
2019-10-08 05:33:42,819 [grpc-default-executor-5] INFO  impl.RaftServerProxy (RaftServerProxy.java:addNew(89)) - 30a29906-681b-4e4a-a42a-f88679188b7b: addNew group-ED74B8DB72D4:[89bf3bfe-02a4-4689-8a3a-45b19efc6698:192.168.5.191:41637, 30a29906-681b-4e4a-a42a-f88679188b7b:192.168.5.191:40141, f072f66c-acb6-420a-bd63-1def1c73c314:192.168.5.191:37696] returns group-ED74B8DB72D4:java.util.concurrent.CompletableFuture@5f92cdee[Not completed]
2019-10-08 05:33:42,821 [pool-423-thread-1] INFO  impl.RaftServerImpl (RaftServerImpl.java:<init>(95)) - f072f66c-acb6-420a-bd63-1def1c73c314: new RaftServerImpl for group-ED74B8DB72D4:[89bf3bfe-02a4-4689-8a3a-45b19efc6698:192.168.5.191:41637, 30a29906-681b-4e4a-a42a-f88679188b7b:192.168.5.191:40141, f072f66c-acb6-420a-bd63-1def1c73c314:192.168.5.191:37696] with ContainerStateMachine:uninitialized
2019-10-08 05:33:42,821 [pool-423-thread-1] INFO  server.RaftServerConfigKeys (ConfUtils.java:logGet(43)) - raft.server.rpc.timeout.min = 5s (custom)
2019-10-08 05:33:42,821 [pool-423-thread-1] INFO  server.RaftServerConfigKeys (ConfUtils.java:logGet(43)) - raft.server.rpc.timeout.max = 5200ms (custom)
2019-10-08 05:33:42,821 [pool-423-thread-1] INFO  server.RaftServerConfigKeys (ConfUtils.java:logGet(43)) - raft.server.rpcslowness.timeout = 120s (custom)
2019-10-08 05:33:42,821 [pool-423-thread-1] INFO  server.RaftServerConfigKeys (ConfUtils.java:logGet(43)) - raft.server.sleep.deviation.threshold = 300 (default)
2019-10-08 05:33:42,821 [pool-423-thread-1] INFO  server.RaftServerConfigKeys (ConfUtils.java:logGet(43)) - raft.server.log.appender.install.snapshot.enabled = false (custom)
2019-10-08 05:33:42,821 [pool-423-thread-1] INFO  impl.RaftServerImpl (ServerState.java:<init>(103)) - f072f66c-acb6-420a-bd63-1def1c73c314@group-ED74B8DB72D4: ConfigurationManager, init=-1: [89bf3bfe-02a4-4689-8a3a-45b19efc6698:192.168.5.191:41637, 30a29906-681b-4e4a-a42a-f88679188b7b:192.168.5.191:40141, f072f66c-acb6-420a-bd63-1def1c73c314:192.168.5.191:37696], old=null, confs=<EMPTY_MAP>
2019-10-08 05:33:42,822 [pool-433-thread-1] INFO  impl.RaftServerImpl (RaftServerImpl.java:<init>(95)) - 89bf3bfe-02a4-4689-8a3a-45b19efc6698: new RaftServerImpl for group-ED74B8DB72D4:[89bf3bfe-02a4-4689-8a3a-45b19efc6698:192.168.5.191:41637, 30a29906-681b-4e4a-a42a-f88679188b7b:192.168.5.191:40141, f072f66c-acb6-420a-bd63-1def1c73c314:192.168.5.191:37696] with ContainerStateMachine:uninitialized
2019-10-08 05:33:42,822 [pool-423-thread-1] INFO  server.RaftServerConfigKeys (ConfUtils.java:logGet(43)) - raft.server.storage.dir = [/workdir/hadoop-ozone/integration-test/target/test-dir/MiniOzoneClusterImpl-8a4d0be6-78bc-4c65-8bee-12b8c2006f27/datanode-4/data/ratis] (custom)
2019-10-08 05:33:42,822 [pool-433-thread-1] INFO  server.RaftServerConfigKeys (ConfUtils.java:logGet(43)) - raft.server.rpc.timeout.min = 5s (custom)
2019-10-08 05:33:42,822 [pool-423-thread-1] INFO  server.RaftServerConfigKeys (ConfUtils.java:logGet(43)) - raft.server.log.corruption.policy = EXCEPTION (default)
2019-10-08 05:33:42,822 [pool-433-thread-1] INFO  server.RaftServerConfigKeys (ConfUtils.java:logGet(43)) - raft.server.rpc.timeout.max = 5200ms (custom)
2019-10-08 05:33:42,822 [pool-423-thread-1] INFO  storage.RaftStorageDirectory (RaftStorageDirectory.java:analyzeStorage(246)) - The storage directory /workdir/hadoop-ozone/integration-test/target/test-dir/MiniOzoneClusterImpl-8a4d0be6-78bc-4c65-8bee-12b8c2006f27/datanode-4/data/ratis/bda12f2d-4b78-4835-996b-ed74b8db72d4 does not exist. Creating ...
2019-10-08 05:33:42,822 [pool-433-thread-1] INFO  server.RaftServerConfigKeys (ConfUtils.java:logGet(43)) - raft.server.rpcslowness.timeout = 120s (custom)
2019-10-08 05:33:42,822 [pool-413-thread-1] INFO  impl.RaftServerImpl (RaftServerImpl.java:<init>(95)) - 30a29906-681b-4e4a-a42a-f88679188b7b: new RaftServerImpl for group-ED74B8DB72D4:[89bf3bfe-02a4-4689-8a3a-45b19efc6698:192.168.5.191:41637, 30a29906-681b-4e4a-a42a-f88679188b7b:192.168.5.191:40141, f072f66c-acb6-420a-bd63-1def1c73c314:192.168.5.191:37696] with ContainerStateMachine:uninitialized
2019-10-08 05:33:42,822 [pool-433-thread-1] INFO  server.RaftServerConfigKeys (ConfUtils.java:logGet(43)) - raft.server.sleep.deviation.threshold = 300 (default)
2019-10-08 05:33:42,823 [pool-413-thread-1] INFO  server.RaftServerConfigKeys (ConfUtils.java:logGet(43)) - raft.server.rpc.timeout.min = 5s (custom)
2019-10-08 05:33:42,823 [pool-433-thread-1] INFO  server.RaftServerConfigKeys (ConfUtils.java:logGet(43)) - raft.server.log.appender.install.snapshot.enabled = false (custom)
2019-10-08 05:33:42,823 [pool-413-thread-1] INFO  server.RaftServerConfigKeys (ConfUtils.java:logGet(43)) - raft.server.rpc.timeout.max = 5200ms (custom)
2019-10-08 05:33:42,823 [pool-433-thread-1] INFO  impl.RaftServerImpl (ServerState.java:<init>(103)) - 89bf3bfe-02a4-4689-8a3a-45b19efc6698@group-ED74B8DB72D4: ConfigurationManager, init=-1: [89bf3bfe-02a4-4689-8a3a-45b19efc6698:192.168.5.191:41637, 30a29906-681b-4e4a-a42a-f88679188b7b:192.168.5.191:40141, f072f66c-acb6-420a-bd63-1def1c73c314:192.168.5.191:37696], old=null, confs=<EMPTY_MAP>
2019-10-08 05:33:42,823 [pool-413-thread-1] INFO  server.RaftServerConfigKeys (ConfUtils.java:logGet(43)) - raft.server.rpcslowness.timeout = 120s (custom)
2019-10-08 05:33:42,823 [pool-433-thread-1] INFO  server.RaftServerConfigKeys (ConfUtils.java:logGet(43)) - raft.server.storage.dir = [/workdir/hadoop-ozone/integration-test/target/test-dir/MiniOzoneClusterImpl-8a4d0be6-78bc-4c65-8bee-12b8c2006f27/datanode-5/data/ratis] (custom)
2019-10-08 05:33:42,823 [pool-413-thread-1] INFO  server.RaftServerConfigKeys (ConfUtils.java:logGet(43)) - raft.server.sleep.deviation.threshold = 300 (default)
2019-10-08 05:33:42,824 [pool-413-thread-1] INFO  server.RaftServerConfigKeys (ConfUtils.java:logGet(43)) - raft.server.log.appender.install.snapshot.enabled = false (custom)
2019-10-08 05:33:42,824 [pool-433-thread-1] INFO  server.RaftServerConfigKeys (ConfUtils.java:logGet(43)) - raft.server.log.corruption.policy = EXCEPTION (default)
2019-10-08 05:33:42,824 [pool-413-thread-1] INFO  impl.RaftServerImpl (ServerState.java:<init>(103)) - 30a29906-681b-4e4a-a42a-f88679188b7b@group-ED74B8DB72D4: ConfigurationManager, init=-1: [89bf3bfe-02a4-4689-8a3a-45b19efc6698:192.168.5.191:41637, 30a29906-681b-4e4a-a42a-f88679188b7b:192.168.5.191:40141, f072f66c-acb6-420a-bd63-1def1c73c314:192.168.5.191:37696], old=null, confs=<EMPTY_MAP>
2019-10-08 05:33:42,824 [pool-433-thread-1] INFO  storage.RaftStorageDirectory (RaftStorageDirectory.java:analyzeStorage(246)) - The storage directory /workdir/hadoop-ozone/integration-test/target/test-dir/MiniOzoneClusterImpl-8a4d0be6-78bc-4c65-8bee-12b8c2006f27/datanode-5/data/ratis/bda12f2d-4b78-4835-996b-ed74b8db72d4 does not exist. Creating ...
2019-10-08 05:33:42,824 [pool-413-thread-1] INFO  server.RaftServerConfigKeys (ConfUtils.java:logGet(43)) - raft.server.storage.dir = [/workdir/hadoop-ozone/integration-test/target/test-dir/MiniOzoneClusterImpl-8a4d0be6-78bc-4c65-8bee-12b8c2006f27/datanode-3/data/ratis] (custom)
2019-10-08 05:33:42,824 [pool-413-thread-1] INFO  server.RaftServerConfigKeys (ConfUtils.java:logGet(43)) - raft.server.log.corruption.policy = EXCEPTION (default)
2019-10-08 05:33:42,825 [pool-413-thread-1] INFO  storage.RaftStorageDirectory (RaftStorageDirectory.java:analyzeStorage(246)) - The storage directory /workdir/hadoop-ozone/integration-test/target/test-dir/MiniOzoneClusterImpl-8a4d0be6-78bc-4c65-8bee-12b8c2006f27/datanode-3/data/ratis/bda12f2d-4b78-4835-996b-ed74b8db72d4 does not exist. Creating ...
2019-10-08 05:33:42,835 [pool-413-thread-1] INFO  storage.RaftStorageDirectory (RaftStorageDirectory.java:tryLock(328)) - Lock on /workdir/hadoop-ozone/integration-test/target/test-dir/MiniOzoneClusterImpl-8a4d0be6-78bc-4c65-8bee-12b8c2006f27/datanode-3/data/ratis/bda12f2d-4b78-4835-996b-ed74b8db72d4/in_use.lock acquired by nodename 23931@trunk-nightly-20191008-swvtb-1756096174
2019-10-08 05:33:42,836 [pool-433-thread-1] INFO  storage.RaftStorageDirectory (RaftStorageDirectory.java:tryLock(328)) - Lock on /workdir/hadoop-ozone/integration-test/target/test-dir/MiniOzoneClusterImpl-8a4d0be6-78bc-4c65-8bee-12b8c2006f27/datanode-5/data/ratis/bda12f2d-4b78-4835-996b-ed74b8db72d4/in_use.lock acquired by nodename 23931@trunk-nightly-20191008-swvtb-1756096174
2019-10-08 05:33:42,835 [pool-423-thread-1] INFO  storage.RaftStorageDirectory (RaftStorageDirectory.java:tryLock(328)) - Lock on /workdir/hadoop-ozone/integration-test/target/test-dir/MiniOzoneClusterImpl-8a4d0be6-78bc-4c65-8bee-12b8c2006f27/datanode-4/data/ratis/bda12f2d-4b78-4835-996b-ed74b8db72d4/in_use.lock acquired by nodename 23931@trunk-nightly-20191008-swvtb-1756096174
2019-10-08 05:33:42,850 [pool-423-thread-1] INFO  storage.RaftStorage (RaftStorage.java:format(84)) - Storage directory /workdir/hadoop-ozone/integration-test/target/test-dir/MiniOzoneClusterImpl-8a4d0be6-78bc-4c65-8bee-12b8c2006f27/datanode-4/data/ratis/bda12f2d-4b78-4835-996b-ed74b8db72d4 has been successfully formatted.
2019-10-08 05:33:42,850 [pool-413-thread-1] INFO  storage.RaftStorage (RaftStorage.java:format(84)) - Storage directory /workdir/hadoop-ozone/integration-test/target/test-dir/MiniOzoneClusterImpl-8a4d0be6-78bc-4c65-8bee-12b8c2006f27/datanode-3/data/ratis/bda12f2d-4b78-4835-996b-ed74b8db72d4 has been successfully formatted.
2019-10-08 05:33:42,850 [pool-433-thread-1] INFO  storage.RaftStorage (RaftStorage.java:format(84)) - Storage directory /workdir/hadoop-ozone/integration-test/target/test-dir/MiniOzoneClusterImpl-8a4d0be6-78bc-4c65-8bee-12b8c2006f27/datanode-5/data/ratis/bda12f2d-4b78-4835-996b-ed74b8db72d4 has been successfully formatted.
2019-10-08 05:33:42,850 [pool-413-thread-1] INFO  ratis.ContainerStateMachine (ContainerStateMachine.java:loadSnapshot(231)) - group-ED74B8DB72D4: The snapshot info is null. Setting the last applied indexto:(t:0, i:~)
2019-10-08 05:33:42,850 [pool-423-thread-1] INFO  ratis.ContainerStateMachine (ContainerStateMachine.java:loadSnapshot(231)) - group-ED74B8DB72D4: The snapshot info is null. Setting the last applied indexto:(t:0, i:~)
2019-10-08 05:33:42,850 [pool-413-thread-1] INFO  server.RaftServerConfigKeys (ConfUtils.java:logGet(43)) - raft.server.notification.no-leader.timeout = 120s (custom)
2019-10-08 05:33:42,850 [pool-433-thread-1] INFO  ratis.ContainerStateMachine (ContainerStateMachine.java:loadSnapshot(231)) - group-ED74B8DB72D4: The snapshot info is null. Setting the last applied indexto:(t:0, i:~)
2019-10-08 05:33:42,850 [pool-413-thread-1] INFO  server.RaftServerConfigKeys (ConfUtils.java:logGet(43)) - raft.server.log.use.memory = false (default)
2019-10-08 05:33:42,850 [pool-423-thread-1] INFO  server.RaftServerConfigKeys (ConfUtils.java:logGet(43)) - raft.server.notification.no-leader.timeout = 120s (custom)
2019-10-08 05:33:42,851 [pool-413-thread-1] INFO  server.RaftServerConfigKeys (ConfUtils.java:logGet(43)) - raft.server.log.purge.gap = 1000000 (custom)
2019-10-08 05:33:42,850 [pool-433-thread-1] INFO  server.RaftServerConfigKeys (ConfUtils.java:logGet(43)) - raft.server.notification.no-leader.timeout = 120s (custom)
2019-10-08 05:33:42,851 [pool-413-thread-1] INFO  server.RaftServerConfigKeys (ConfUtils.java:logGet(43)) - raft.server.log.appender.buffer.byte-limit = 33554432 (custom)
2019-10-08 05:33:42,851 [pool-423-thread-1] INFO  server.RaftServerConfigKeys (ConfUtils.java:logGet(43)) - raft.server.log.use.memory = false (default)
2019-10-08 05:33:42,851 [pool-413-thread-1] INFO  server.RaftServerConfigKeys (ConfUtils.java:logGet(43)) - raft.server.log.segment.size.max = 1048576 (custom)
2019-10-08 05:33:42,851 [pool-433-thread-1] INFO  server.RaftServerConfigKeys (ConfUtils.java:logGet(43)) - raft.server.log.use.memory = false (default)
2019-10-08 05:33:42,851 [pool-413-thread-1] INFO  server.RaftServerConfigKeys (ConfUtils.java:logGet(43)) - raft.server.log.segment.cache.num.max = 2 (custom)
2019-10-08 05:33:42,851 [pool-423-thread-1] INFO  server.RaftServerConfigKeys (ConfUtils.java:logGet(43)) - raft.server.log.purge.gap = 1000000 (custom)
2019-10-08 05:33:42,852 [pool-413-thread-1] INFO  segmented.SegmentedRaftLogWorker (SegmentedRaftLogWorker.java:<init>(173)) - new 30a29906-681b-4e4a-a42a-f88679188b7b@group-ED74B8DB72D4-SegmentedRaftLogWorker for RaftStorage:Storage Directory /workdir/hadoop-ozone/integration-test/target/test-dir/MiniOzoneClusterImpl-8a4d0be6-78bc-4c65-8bee-12b8c2006f27/datanode-3/data/ratis/bda12f2d-4b78-4835-996b-ed74b8db72d4
2019-10-08 05:33:42,851 [pool-433-thread-1] INFO  server.RaftServerConfigKeys (ConfUtils.java:logGet(43)) - raft.server.log.purge.gap = 1000000 (custom)
2019-10-08 05:33:42,852 [pool-413-thread-1] INFO  server.RaftServerConfigKeys (ConfUtils.java:logGet(43)) - raft.server.log.queue.byte-limit = 2147483647 (custom)
2019-10-08 05:33:42,852 [pool-423-thread-1] INFO  server.RaftServerConfigKeys (ConfUtils.java:logGet(43)) - raft.server.log.appender.buffer.byte-limit = 33554432 (custom)
2019-10-08 05:33:42,852 [pool-413-thread-1] INFO  server.RaftServerConfigKeys (ConfUtils.java:logGet(43)) - raft.server.log.queue.element-limit = 1024 (custom)
2019-10-08 05:33:42,852 [pool-433-thread-1] INFO  server.RaftServerConfigKeys (ConfUtils.java:logGet(43)) - raft.server.log.appender.buffer.byte-limit = 33554432 (custom)
2019-10-08 05:33:42,852 [pool-413-thread-1] INFO  server.RaftServerConfigKeys (ConfUtils.java:logGet(43)) - raft.server.log.segment.size.max = 1048576 (custom)
2019-10-08 05:33:42,852 [pool-413-thread-1] INFO  server.RaftServerConfigKeys (ConfUtils.java:logGet(43)) - raft.server.log.preallocated.size = 16384 (custom)
2019-10-08 05:33:42,852 [pool-423-thread-1] INFO  server.RaftServerConfigKeys (ConfUtils.java:logGet(43)) - raft.server.log.segment.size.max = 1048576 (custom)
2019-10-08 05:33:42,853 [pool-413-thread-1] INFO  server.RaftServerConfigKeys (ConfUtils.java:logGet(43)) - raft.server.log.write.buffer.size = 33554432 (custom)
2019-10-08 05:33:42,852 [pool-433-thread-1] INFO  server.RaftServerConfigKeys (ConfUtils.java:logGet(43)) - raft.server.log.segment.size.max = 1048576 (custom)
2019-10-08 05:33:42,853 [pool-413-thread-1] INFO  server.RaftServerConfigKeys (ConfUtils.java:logGet(43)) - raft.server.log.force.sync.num = 128 (default)
2019-10-08 05:33:42,853 [pool-423-thread-1] INFO  server.RaftServerConfigKeys (ConfUtils.java:logGet(43)) - raft.server.log.segment.cache.num.max = 2 (custom)
2019-10-08 05:33:42,853 [pool-413-thread-1] INFO  server.RaftServerConfigKeys (ConfUtils.java:logGet(43)) - raft.server.log.statemachine.data.sync = true (default)
2019-10-08 05:33:42,853 [pool-433-thread-1] INFO  server.RaftServerConfigKeys (ConfUtils.java:logGet(43)) - raft.server.log.segment.cache.num.max = 2 (custom)
2019-10-08 05:33:42,853 [pool-413-thread-1] INFO  server.RaftServerConfigKeys (ConfUtils.java:logGet(43)) - raft.server.log.statemachine.data.sync.timeout = 10s (default)
2019-10-08 05:33:42,853 [pool-423-thread-1] INFO  segmented.SegmentedRaftLogWorker (SegmentedRaftLogWorker.java:<init>(173)) - new f072f66c-acb6-420a-bd63-1def1c73c314@group-ED74B8DB72D4-SegmentedRaftLogWorker for RaftStorage:Storage Directory /workdir/hadoop-ozone/integration-test/target/test-dir/MiniOzoneClusterImpl-8a4d0be6-78bc-4c65-8bee-12b8c2006f27/datanode-4/data/ratis/bda12f2d-4b78-4835-996b-ed74b8db72d4
2019-10-08 05:33:42,854 [pool-413-thread-1] INFO  server.RaftServerConfigKeys (ConfUtils.java:logGet(43)) - raft.server.log.statemachine.data.sync.timeout.retry = -1 (default)
2019-10-08 05:33:42,853 [pool-433-thread-1] INFO  segmented.SegmentedRaftLogWorker (SegmentedRaftLogWorker.java:<init>(173)) - new 89bf3bfe-02a4-4689-8a3a-45b19efc6698@group-ED74B8DB72D4-SegmentedRaftLogWorker for RaftStorage:Storage Directory /workdir/hadoop-ozone/integration-test/target/test-dir/MiniOzoneClusterImpl-8a4d0be6-78bc-4c65-8bee-12b8c2006f27/datanode-5/data/ratis/bda12f2d-4b78-4835-996b-ed74b8db72d4
2019-10-08 05:33:42,854 [pool-413-thread-1] INFO  server.RaftServerConfigKeys (ConfUtils.java:logGet(43)) - raft.server.log.statemachine.data.caching.enabled = true (custom)
2019-10-08 05:33:42,854 [pool-423-thread-1] INFO  server.RaftServerConfigKeys (ConfUtils.java:logGet(43)) - raft.server.log.queue.byte-limit = 2147483647 (custom)
2019-10-08 05:33:42,854 [pool-433-thread-1] INFO  server.RaftServerConfigKeys (ConfUtils.java:logGet(43)) - raft.server.log.queue.byte-limit = 2147483647 (custom)
2019-10-08 05:33:42,854 [pool-413-thread-1] INFO  segmented.SegmentedRaftLogWorker (SegmentedRaftLogWorker.java:lambda$new$0(128)) - 30a29906-681b-4e4a-a42a-f88679188b7b@group-ED74B8DB72D4-SegmentedRaftLogWorker: flushIndex: setUnconditionally 0 -> -1
2019-10-08 05:33:42,854 [pool-423-thread-1] INFO  server.RaftServerConfigKeys (ConfUtils.java:logGet(43)) - raft.server.log.queue.element-limit = 1024 (custom)
2019-10-08 05:33:42,854 [pool-433-thread-1] INFO  server.RaftServerConfigKeys (ConfUtils.java:logGet(43)) - raft.server.log.queue.element-limit = 1024 (custom)
2019-10-08 05:33:42,855 [pool-413-thread-1] INFO  server.RaftServerConfigKeys (ConfUtils.java:logGet(43)) - raft.server.snapshot.auto.trigger.enabled = true (custom)
2019-10-08 05:33:42,855 [pool-423-thread-1] INFO  server.RaftServerConfigKeys (ConfUtils.java:logGet(43)) - raft.server.log.segment.size.max = 1048576 (custom)
2019-10-08 05:33:42,855 [pool-413-thread-1] INFO  server.RaftServerConfigKeys (ConfUtils.java:logGet(43)) - raft.server.snapshot.auto.trigger.threshold = 10000 (custom)
2019-10-08 05:33:42,855 [pool-433-thread-1] INFO  server.RaftServerConfigKeys (ConfUtils.java:logGet(43)) - raft.server.log.segment.size.max = 1048576 (custom)
2019-10-08 05:33:42,855 [pool-413-thread-1] INFO  server.RaftServerConfigKeys (ConfUtils.java:logGet(43)) - raft.server.snapshot.retention.file.num = 5 (custom)
2019-10-08 05:33:42,855 [pool-423-thread-1] INFO  server.RaftServerConfigKeys (ConfUtils.java:logGet(43)) - raft.server.log.preallocated.size = 16384 (custom)
2019-10-08 05:33:42,855 [pool-413-thread-1] INFO  server.RaftServerConfigKeys (ConfUtils.java:logGet(43)) - raft.server.retrycache.expirytime = 600000ms (custom)
2019-10-08 05:33:42,855 [pool-433-thread-1] INFO  server.RaftServerConfigKeys (ConfUtils.java:logGet(43)) - raft.server.log.preallocated.size = 16384 (custom)
2019-10-08 05:33:42,855 [pool-423-thread-1] INFO  server.RaftServerConfigKeys (ConfUtils.java:logGet(43)) - raft.server.log.write.buffer.size = 33554432 (custom)
2019-10-08 05:33:42,856 [pool-433-thread-1] INFO  server.RaftServerConfigKeys (ConfUtils.java:logGet(43)) - raft.server.log.write.buffer.size = 33554432 (custom)
2019-10-08 05:33:42,856 [pool-423-thread-1] INFO  server.RaftServerConfigKeys (ConfUtils.java:logGet(43)) - raft.server.log.force.sync.num = 128 (default)
2019-10-08 05:33:42,856 [pool-433-thread-1] INFO  server.RaftServerConfigKeys (ConfUtils.java:logGet(43)) - raft.server.log.force.sync.num = 128 (default)
2019-10-08 05:33:42,856 [pool-423-thread-1] INFO  server.RaftServerConfigKeys (ConfUtils.java:logGet(43)) - raft.server.log.statemachine.data.sync = true (default)
2019-10-08 05:33:42,856 [pool-433-thread-1] INFO  server.RaftServerConfigKeys (ConfUtils.java:logGet(43)) - raft.server.log.statemachine.data.sync = true (default)
2019-10-08 05:33:42,856 [pool-423-thread-1] INFO  server.RaftServerConfigKeys (ConfUtils.java:logGet(43)) - raft.server.log.statemachine.data.sync.timeout = 10s (default)
2019-10-08 05:33:42,856 [pool-433-thread-1] INFO  server.RaftServerConfigKeys (ConfUtils.java:logGet(43)) - raft.server.log.statemachine.data.sync.timeout = 10s (default)
2019-10-08 05:33:42,857 [pool-423-thread-1] INFO  server.RaftServerConfigKeys (ConfUtils.java:logGet(43)) - raft.server.log.statemachine.data.sync.timeout.retry = -1 (default)
2019-10-08 05:33:42,857 [pool-433-thread-1] INFO  server.RaftServerConfigKeys (ConfUtils.java:logGet(43)) - raft.server.log.statemachine.data.sync.timeout.retry = -1 (default)
2019-10-08 05:33:42,857 [pool-423-thread-1] INFO  server.RaftServerConfigKeys (ConfUtils.java:logGet(43)) - raft.server.log.statemachine.data.caching.enabled = true (custom)
2019-10-08 05:33:42,857 [pool-433-thread-1] INFO  server.RaftServerConfigKeys (ConfUtils.java:logGet(43)) - raft.server.log.statemachine.data.caching.enabled = true (custom)
2019-10-08 05:33:42,857 [pool-423-thread-1] INFO  segmented.SegmentedRaftLogWorker (SegmentedRaftLogWorker.java:lambda$new$0(128)) - f072f66c-acb6-420a-bd63-1def1c73c314@group-ED74B8DB72D4-SegmentedRaftLogWorker: flushIndex: setUnconditionally 0 -> -1
2019-10-08 05:33:42,857 [pool-413-thread-1] INFO  impl.RaftServerImpl (RaftServerImpl.java:start(181)) - 30a29906-681b-4e4a-a42a-f88679188b7b@group-ED74B8DB72D4: start as a follower, conf=-1: [89bf3bfe-02a4-4689-8a3a-45b19efc6698:192.168.5.191:41637, 30a29906-681b-4e4a-a42a-f88679188b7b:192.168.5.191:40141, f072f66c-acb6-420a-bd63-1def1c73c314:192.168.5.191:37696], old=null
2019-10-08 05:33:42,857 [pool-433-thread-1] INFO  segmented.SegmentedRaftLogWorker (SegmentedRaftLogWorker.java:lambda$new$0(128)) - 89bf3bfe-02a4-4689-8a3a-45b19efc6698@group-ED74B8DB72D4-SegmentedRaftLogWorker: flushIndex: setUnconditionally 0 -> -1
2019-10-08 05:33:42,858 [pool-413-thread-1] INFO  impl.RaftServerImpl (RaftServerImpl.java:setRole(170)) - 30a29906-681b-4e4a-a42a-f88679188b7b@group-ED74B8DB72D4: changes role from      null to FOLLOWER at term 0 for startAsFollower
2019-10-08 05:33:42,858 [pool-423-thread-1] INFO  server.RaftServerConfigKeys (ConfUtils.java:logGet(43)) - raft.server.snapshot.auto.trigger.enabled = true (custom)
2019-10-08 05:33:42,858 [pool-413-thread-1] INFO  impl.RoleInfo (RoleInfo.java:updateAndGet(143)) - 30a29906-681b-4e4a-a42a-f88679188b7b: start FollowerState
2019-10-08 05:33:42,858 [pool-433-thread-1] INFO  server.RaftServerConfigKeys (ConfUtils.java:logGet(43)) - raft.server.snapshot.auto.trigger.enabled = true (custom)
2019-10-08 05:33:42,858 [pool-423-thread-1] INFO  server.RaftServerConfigKeys (ConfUtils.java:logGet(43)) - raft.server.snapshot.auto.trigger.threshold = 10000 (custom)
2019-10-08 05:33:42,858 [pool-433-thread-1] INFO  server.RaftServerConfigKeys (ConfUtils.java:logGet(43)) - raft.server.snapshot.auto.trigger.threshold = 10000 (custom)
2019-10-08 05:33:42,858 [pool-413-thread-1] INFO  util.JmxRegister (JmxRegister.java:tryRegister(44)) - Successfully registered JMX Bean with object name Ratis:service=RaftServer,group=group-ED74B8DB72D4,id=30a29906-681b-4e4a-a42a-f88679188b7b
2019-10-08 05:33:42,858 [pool-423-thread-1] INFO  server.RaftServerConfigKeys (ConfUtils.java:logGet(43)) - raft.server.snapshot.retention.file.num = 5 (custom)
2019-10-08 05:33:42,858 [pool-433-thread-1] INFO  server.RaftServerConfigKeys (ConfUtils.java:logGet(43)) - raft.server.snapshot.retention.file.num = 5 (custom)
2019-10-08 05:33:42,859 [pool-423-thread-1] INFO  server.RaftServerConfigKeys (ConfUtils.java:logGet(43)) - raft.server.retrycache.expirytime = 600000ms (custom)
2019-10-08 05:33:42,859 [pool-433-thread-1] INFO  server.RaftServerConfigKeys (ConfUtils.java:logGet(43)) - raft.server.retrycache.expirytime = 600000ms (custom)
2019-10-08 05:33:42,862 [pool-423-thread-1] INFO  impl.RaftServerImpl (RaftServerImpl.java:start(181)) - f072f66c-acb6-420a-bd63-1def1c73c314@group-ED74B8DB72D4: start as a follower, conf=-1: [89bf3bfe-02a4-4689-8a3a-45b19efc6698:192.168.5.191:41637, 30a29906-681b-4e4a-a42a-f88679188b7b:192.168.5.191:40141, f072f66c-acb6-420a-bd63-1def1c73c314:192.168.5.191:37696], old=null
2019-10-08 05:33:42,862 [pool-423-thread-1] INFO  impl.RaftServerImpl (RaftServerImpl.java:setRole(170)) - f072f66c-acb6-420a-bd63-1def1c73c314@group-ED74B8DB72D4: changes role from      null to FOLLOWER at term 0 for startAsFollower
2019-10-08 05:33:42,862 [pool-423-thread-1] INFO  impl.RoleInfo (RoleInfo.java:updateAndGet(143)) - f072f66c-acb6-420a-bd63-1def1c73c314: start FollowerState
2019-10-08 05:33:42,862 [pool-433-thread-1] INFO  impl.RaftServerImpl (RaftServerImpl.java:start(181)) - 89bf3bfe-02a4-4689-8a3a-45b19efc6698@group-ED74B8DB72D4: start as a follower, conf=-1: [89bf3bfe-02a4-4689-8a3a-45b19efc6698:192.168.5.191:41637, 30a29906-681b-4e4a-a42a-f88679188b7b:192.168.5.191:40141, f072f66c-acb6-420a-bd63-1def1c73c314:192.168.5.191:37696], old=null
2019-10-08 05:33:42,862 [pool-423-thread-1] INFO  util.JmxRegister (JmxRegister.java:tryRegister(44)) - Successfully registered JMX Bean with object name Ratis:service=RaftServer,group=group-ED74B8DB72D4,id=f072f66c-acb6-420a-bd63-1def1c73c314
2019-10-08 05:33:42,862 [pool-433-thread-1] INFO  impl.RaftServerImpl (RaftServerImpl.java:setRole(170)) - 89bf3bfe-02a4-4689-8a3a-45b19efc6698@group-ED74B8DB72D4: changes role from      null to FOLLOWER at term 0 for startAsFollower
2019-10-08 05:33:42,863 [pool-433-thread-1] INFO  impl.RoleInfo (RoleInfo.java:updateAndGet(143)) - 89bf3bfe-02a4-4689-8a3a-45b19efc6698: start FollowerState
2019-10-08 05:33:42,867 [pool-433-thread-1] INFO  util.JmxRegister (JmxRegister.java:tryRegister(44)) - Successfully registered JMX Bean with object name Ratis:service=RaftServer,group=group-ED74B8DB72D4,id=89bf3bfe-02a4-4689-8a3a-45b19efc6698
2019-10-08 05:33:42,876 [RatisPipelineUtilsThread] INFO  pipeline.PipelineStateManager (PipelineStateManager.java:addPipeline(56)) - Created pipeline Pipeline[ Id: bda12f2d-4b78-4835-996b-ed74b8db72d4, Nodes: 89bf3bfe-02a4-4689-8a3a-45b19efc6698{ip: 192.168.5.191, host: trunk-nightly-20191008-swvtb-1756096174, networkLocation: /default-rack, certSerialId: null}f072f66c-acb6-420a-bd63-1def1c73c314{ip: 192.168.5.191, host: trunk-nightly-20191008-swvtb-1756096174, networkLocation: /default-rack, certSerialId: null}30a29906-681b-4e4a-a42a-f88679188b7b{ip: 192.168.5.191, host: trunk-nightly-20191008-swvtb-1756096174, networkLocation: /default-rack, certSerialId: null}, Type:RATIS, Factor:THREE, State:OPEN]
2019-10-08 05:33:43,873 [grpc-default-executor-1] WARN  server.GrpcLogAppender (LogUtils.java:warn(134)) - 71ff35e1-9876-4cd7-a897-fd9670beabcb@group-E43142290435->fe02ea69-9380-4bcd-bf4a-8927edb33a1c-AppendLogResponseHandler: Failed appendEntries: org.apache.ratis.thirdparty.io.grpc.StatusRuntimeException: UNAVAILABLE: io exception
2019-10-08 05:33:43,874 [grpc-default-executor-1] INFO  impl.FollowerInfo (FollowerInfo.java:lambda$new$0(51)) - 71ff35e1-9876-4cd7-a897-fd9670beabcb@group-E43142290435->fe02ea69-9380-4bcd-bf4a-8927edb33a1c: nextIndex: updateUnconditionally 0 -> 0
2019-10-08 05:33:43,874 [grpc-default-executor-7] WARN  server.GrpcLogAppender (LogUtils.java:warn(134)) - 71ff35e1-9876-4cd7-a897-fd9670beabcb@group-E43142290435->e4440853-ceb5-4c08-9120-56806a317b5f-AppendLogResponseHandler: Failed appendEntries: org.apache.ratis.thirdparty.io.grpc.StatusRuntimeException: UNAVAILABLE: io exception
2019-10-08 05:33:43,875 [grpc-default-executor-7] INFO  impl.FollowerInfo (FollowerInfo.java:lambda$new$0(51)) - 71ff35e1-9876-4cd7-a897-fd9670beabcb@group-E43142290435->e4440853-ceb5-4c08-9120-56806a317b5f: nextIndex: updateUnconditionally 0 -> 0
2019-10-08 05:33:45,168 [Thread-2343] INFO  container.ReplicationManager (ReplicationManager.java:start(162)) - Starting Replication Monitor Thread.
2019-10-08 05:33:45,174 [ReplicationMonitor] INFO  container.ReplicationManager (ReplicationManager.java:run(225)) - Replication Monitor Thread took 0 milliseconds for processing 1 containers.
2019-10-08 05:33:46,374 [grpc-default-executor-5] WARN  server.GrpcLogAppender (LogUtils.java:warn(134)) - 71ff35e1-9876-4cd7-a897-fd9670beabcb@group-E43142290435->fe02ea69-9380-4bcd-bf4a-8927edb33a1c-AppendLogResponseHandler: Failed appendEntries: org.apache.ratis.thirdparty.io.grpc.StatusRuntimeException: UNAVAILABLE: io exception
2019-10-08 05:33:46,374 [grpc-default-executor-5] INFO  impl.FollowerInfo (FollowerInfo.java:lambda$new$0(51)) - 71ff35e1-9876-4cd7-a897-fd9670beabcb@group-E43142290435->fe02ea69-9380-4bcd-bf4a-8927edb33a1c: nextIndex: updateUnconditionally 0 -> 0
2019-10-08 05:33:46,375 [grpc-default-executor-4] WARN  server.GrpcLogAppender (LogUtils.java:warn(134)) - 71ff35e1-9876-4cd7-a897-fd9670beabcb@group-E43142290435->e4440853-ceb5-4c08-9120-56806a317b5f-AppendLogResponseHandler: Failed appendEntries: org.apache.ratis.thirdparty.io.grpc.StatusRuntimeException: UNAVAILABLE: io exception
2019-10-08 05:33:46,375 [grpc-default-executor-4] INFO  impl.FollowerInfo (FollowerInfo.java:lambda$new$0(51)) - 71ff35e1-9876-4cd7-a897-fd9670beabcb@group-E43142290435->e4440853-ceb5-4c08-9120-56806a317b5f: nextIndex: updateUnconditionally 0 -> 0
2019-10-08 05:33:47,326 [Thread-2345] INFO  impl.FollowerState (FollowerState.java:run(108)) - ff36f637-8ae1-4c92-8b77-4e45f4128437@group-6A31793B8BB0-FollowerState: change to CANDIDATE, lastRpcTime:5110ms, electionTimeout:5110ms
2019-10-08 05:33:47,326 [Thread-2345] INFO  impl.RoleInfo (RoleInfo.java:shutdownFollowerState(121)) - ff36f637-8ae1-4c92-8b77-4e45f4128437: shutdown FollowerState
2019-10-08 05:33:47,326 [Thread-2345] INFO  impl.RaftServerImpl (RaftServerImpl.java:setRole(170)) - ff36f637-8ae1-4c92-8b77-4e45f4128437@group-6A31793B8BB0: changes role from  FOLLOWER to CANDIDATE at term 0 for changeToCandidate
2019-10-08 05:33:47,327 [Thread-2345] INFO  impl.RoleInfo (RoleInfo.java:updateAndGet(143)) - ff36f637-8ae1-4c92-8b77-4e45f4128437: start LeaderElection
2019-10-08 05:33:47,350 [ff36f637-8ae1-4c92-8b77-4e45f4128437@group-6A31793B8BB0-LeaderElection83] INFO  impl.LeaderElection (LeaderElection.java:askForVotes(178)) - ff36f637-8ae1-4c92-8b77-4e45f4128437@group-6A31793B8BB0-LeaderElection83: begin an election at term 1 for -1: [ff36f637-8ae1-4c92-8b77-4e45f4128437:192.168.5.191:40836], old=null
2019-10-08 05:33:47,350 [ff36f637-8ae1-4c92-8b77-4e45f4128437@group-6A31793B8BB0-LeaderElection83] INFO  impl.RoleInfo (RoleInfo.java:shutdownLeaderElection(134)) - ff36f637-8ae1-4c92-8b77-4e45f4128437: shutdown LeaderElection
2019-10-08 05:33:47,350 [ff36f637-8ae1-4c92-8b77-4e45f4128437@group-6A31793B8BB0-LeaderElection83] INFO  impl.RaftServerImpl (RaftServerImpl.java:setRole(170)) - ff36f637-8ae1-4c92-8b77-4e45f4128437@group-6A31793B8BB0: changes role from CANDIDATE to LEADER at term 1 for changeToLeader
2019-10-08 05:33:47,350 [ff36f637-8ae1-4c92-8b77-4e45f4128437@group-6A31793B8BB0-LeaderElection83] INFO  impl.RaftServerImpl (ServerState.java:setLeader(255)) - ff36f637-8ae1-4c92-8b77-4e45f4128437@group-6A31793B8BB0: change Leader from null to ff36f637-8ae1-4c92-8b77-4e45f4128437 at term 1 for becomeLeader, leader elected after 5142ms
2019-10-08 05:33:47,351 [ff36f637-8ae1-4c92-8b77-4e45f4128437@group-6A31793B8BB0-LeaderElection83] INFO  server.RaftServerConfigKeys (ConfUtils.java:logGet(43)) - raft.server.staging.catchup.gap = 1000 (default)
2019-10-08 05:33:47,351 [ff36f637-8ae1-4c92-8b77-4e45f4128437@group-6A31793B8BB0-LeaderElection83] INFO  server.RaftServerConfigKeys (ConfUtils.java:logGet(43)) - raft.server.rpc.sleep.time = 25ms (default)
2019-10-08 05:33:47,351 [ff36f637-8ae1-4c92-8b77-4e45f4128437@group-6A31793B8BB0-LeaderElection83] INFO  server.RaftServerConfigKeys (ConfUtils.java:logGet(43)) - raft.server.write.element-limit = 4096 (default)
2019-10-08 05:33:47,351 [ff36f637-8ae1-4c92-8b77-4e45f4128437@group-6A31793B8BB0-LeaderElection83] INFO  server.RaftServerConfigKeys (ConfUtils.java:logGet(43)) - raft.server.watch.timeout = 10s (default)
2019-10-08 05:33:47,351 [ff36f637-8ae1-4c92-8b77-4e45f4128437@group-6A31793B8BB0-LeaderElection83] INFO  server.RaftServerConfigKeys (ConfUtils.java:logGet(43)) - raft.server.watch.timeout.denomination = 1s (default)
2019-10-08 05:33:47,352 [ff36f637-8ae1-4c92-8b77-4e45f4128437@group-6A31793B8BB0-LeaderElection83] INFO  server.RaftServerConfigKeys (ConfUtils.java:logGet(43)) - raft.server.watch.element-limit = 65536 (default)
2019-10-08 05:33:47,355 [ff36f637-8ae1-4c92-8b77-4e45f4128437@group-6A31793B8BB0-LeaderElection83] INFO  impl.RoleInfo (RoleInfo.java:updateAndGet(143)) - ff36f637-8ae1-4c92-8b77-4e45f4128437: start LeaderState
2019-10-08 05:33:47,355 [ff36f637-8ae1-4c92-8b77-4e45f4128437@group-6A31793B8BB0-LeaderElection83] INFO  segmented.SegmentedRaftLogWorker (SegmentedRaftLogWorker.java:startLogSegment(385)) - ff36f637-8ae1-4c92-8b77-4e45f4128437@group-6A31793B8BB0-SegmentedRaftLogWorker: Starting segment from index:0
2019-10-08 05:33:47,356 [ff36f637-8ae1-4c92-8b77-4e45f4128437@group-6A31793B8BB0-LeaderElection83] INFO  impl.RaftServerImpl (ServerState.java:setRaftConf(356)) - ff36f637-8ae1-4c92-8b77-4e45f4128437@group-6A31793B8BB0: set configuration 0: [ff36f637-8ae1-4c92-8b77-4e45f4128437:192.168.5.191:40836], old=null at 0
2019-10-08 05:33:47,404 [Thread-2348] INFO  impl.FollowerState (FollowerState.java:run(108)) - 82715cd2-5aaa-49a4-8076-9c50a0ba8668@group-054AB2D4D308-FollowerState: change to CANDIDATE, lastRpcTime:5112ms, electionTimeout:5112ms
2019-10-08 05:33:47,404 [Thread-2348] INFO  impl.RoleInfo (RoleInfo.java:shutdownFollowerState(121)) - 82715cd2-5aaa-49a4-8076-9c50a0ba8668: shutdown FollowerState
2019-10-08 05:33:47,405 [Thread-2348] INFO  impl.RaftServerImpl (RaftServerImpl.java:setRole(170)) - 82715cd2-5aaa-49a4-8076-9c50a0ba8668@group-054AB2D4D308: changes role from  FOLLOWER to CANDIDATE at term 0 for changeToCandidate
2019-10-08 05:33:47,405 [Thread-2348] INFO  impl.RoleInfo (RoleInfo.java:updateAndGet(143)) - 82715cd2-5aaa-49a4-8076-9c50a0ba8668: start LeaderElection
2019-10-08 05:33:47,414 [ff36f637-8ae1-4c92-8b77-4e45f4128437@group-6A31793B8BB0-SegmentedRaftLogWorker] INFO  segmented.SegmentedRaftLogWorker (SegmentedRaftLogWorker.java:execute(574)) - ff36f637-8ae1-4c92-8b77-4e45f4128437@group-6A31793B8BB0-SegmentedRaftLogWorker: created new log segment /workdir/hadoop-ozone/integration-test/target/test-dir/MiniOzoneClusterImpl-8a4d0be6-78bc-4c65-8bee-12b8c2006f27/datanode-0/data/ratis/3221d36d-2c16-4bd7-85d8-6a31793b8bb0/current/log_inprogress_0
2019-10-08 05:33:47,427 [82715cd2-5aaa-49a4-8076-9c50a0ba8668@group-054AB2D4D308-LeaderElection84] INFO  impl.LeaderElection (LeaderElection.java:askForVotes(178)) - 82715cd2-5aaa-49a4-8076-9c50a0ba8668@group-054AB2D4D308-LeaderElection84: begin an election at term 1 for -1: [82715cd2-5aaa-49a4-8076-9c50a0ba8668:192.168.5.191:44968], old=null
2019-10-08 05:33:47,428 [82715cd2-5aaa-49a4-8076-9c50a0ba8668@group-054AB2D4D308-LeaderElection84] INFO  impl.RoleInfo (RoleInfo.java:shutdownLeaderElection(134)) - 82715cd2-5aaa-49a4-8076-9c50a0ba8668: shutdown LeaderElection
2019-10-08 05:33:47,428 [82715cd2-5aaa-49a4-8076-9c50a0ba8668@group-054AB2D4D308-LeaderElection84] INFO  impl.RaftServerImpl (RaftServerImpl.java:setRole(170)) - 82715cd2-5aaa-49a4-8076-9c50a0ba8668@group-054AB2D4D308: changes role from CANDIDATE to LEADER at term 1 for changeToLeader
2019-10-08 05:33:47,428 [82715cd2-5aaa-49a4-8076-9c50a0ba8668@group-054AB2D4D308-LeaderElection84] INFO  impl.RaftServerImpl (ServerState.java:setLeader(255)) - 82715cd2-5aaa-49a4-8076-9c50a0ba8668@group-054AB2D4D308: change Leader from null to 82715cd2-5aaa-49a4-8076-9c50a0ba8668 at term 1 for becomeLeader, leader elected after 5144ms
2019-10-08 05:33:47,428 [82715cd2-5aaa-49a4-8076-9c50a0ba8668@group-054AB2D4D308-LeaderElection84] INFO  server.RaftServerConfigKeys (ConfUtils.java:logGet(43)) - raft.server.staging.catchup.gap = 1000 (default)
2019-10-08 05:33:47,428 [82715cd2-5aaa-49a4-8076-9c50a0ba8668@group-054AB2D4D308-LeaderElection84] INFO  server.RaftServerConfigKeys (ConfUtils.java:logGet(43)) - raft.server.rpc.sleep.time = 25ms (default)
2019-10-08 05:33:47,429 [82715cd2-5aaa-49a4-8076-9c50a0ba8668@group-054AB2D4D308-LeaderElection84] INFO  server.RaftServerConfigKeys (ConfUtils.java:logGet(43)) - raft.server.write.element-limit = 4096 (default)
2019-10-08 05:33:47,429 [82715cd2-5aaa-49a4-8076-9c50a0ba8668@group-054AB2D4D308-LeaderElection84] INFO  server.RaftServerConfigKeys (ConfUtils.java:logGet(43)) - raft.server.watch.timeout = 10s (default)
2019-10-08 05:33:47,429 [82715cd2-5aaa-49a4-8076-9c50a0ba8668@group-054AB2D4D308-LeaderElection84] INFO  server.RaftServerConfigKeys (ConfUtils.java:logGet(43)) - raft.server.watch.timeout.denomination = 1s (default)
2019-10-08 05:33:47,429 [82715cd2-5aaa-49a4-8076-9c50a0ba8668@group-054AB2D4D308-LeaderElection84] INFO  server.RaftServerConfigKeys (ConfUtils.java:logGet(43)) - raft.server.watch.element-limit = 65536 (default)
2019-10-08 05:33:47,431 [82715cd2-5aaa-49a4-8076-9c50a0ba8668@group-054AB2D4D308-LeaderElection84] INFO  impl.RoleInfo (RoleInfo.java:updateAndGet(143)) - 82715cd2-5aaa-49a4-8076-9c50a0ba8668: start LeaderState
2019-10-08 05:33:47,432 [82715cd2-5aaa-49a4-8076-9c50a0ba8668@group-054AB2D4D308-LeaderElection84] INFO  segmented.SegmentedRaftLogWorker (SegmentedRaftLogWorker.java:startLogSegment(385)) - 82715cd2-5aaa-49a4-8076-9c50a0ba8668@group-054AB2D4D308-SegmentedRaftLogWorker: Starting segment from index:0
2019-10-08 05:33:47,432 [82715cd2-5aaa-49a4-8076-9c50a0ba8668@group-054AB2D4D308-LeaderElection84] INFO  impl.RaftServerImpl (ServerState.java:setRaftConf(356)) - 82715cd2-5aaa-49a4-8076-9c50a0ba8668@group-054AB2D4D308: set configuration 0: [82715cd2-5aaa-49a4-8076-9c50a0ba8668:192.168.5.191:44968], old=null at 0
2019-10-08 05:33:47,462 [Thread-2359] INFO  impl.FollowerState (FollowerState.java:run(108)) - ff36f637-8ae1-4c92-8b77-4e45f4128437@group-02D5F1FD265B-FollowerState: change to CANDIDATE, lastRpcTime:5000ms, electionTimeout:5000ms
2019-10-08 05:33:47,462 [Thread-2359] INFO  impl.RoleInfo (RoleInfo.java:shutdownFollowerState(121)) - ff36f637-8ae1-4c92-8b77-4e45f4128437: shutdown FollowerState
2019-10-08 05:33:47,463 [Thread-2359] INFO  impl.RaftServerImpl (RaftServerImpl.java:setRole(170)) - ff36f637-8ae1-4c92-8b77-4e45f4128437@group-02D5F1FD265B: changes role from  FOLLOWER to CANDIDATE at term 0 for changeToCandidate
2019-10-08 05:33:47,463 [Thread-2359] INFO  impl.RoleInfo (RoleInfo.java:updateAndGet(143)) - ff36f637-8ae1-4c92-8b77-4e45f4128437: start LeaderElection
2019-10-08 05:33:47,484 [82715cd2-5aaa-49a4-8076-9c50a0ba8668@group-054AB2D4D308-SegmentedRaftLogWorker] INFO  segmented.SegmentedRaftLogWorker (SegmentedRaftLogWorker.java:execute(574)) - 82715cd2-5aaa-49a4-8076-9c50a0ba8668@group-054AB2D4D308-SegmentedRaftLogWorker: created new log segment /workdir/hadoop-ozone/integration-test/target/test-dir/MiniOzoneClusterImpl-8a4d0be6-78bc-4c65-8bee-12b8c2006f27/datanode-1/data/ratis/ef0397ff-2d3e-492e-ac8d-054ab2d4d308/current/log_inprogress_0
2019-10-08 05:33:47,484 [ff36f637-8ae1-4c92-8b77-4e45f4128437@group-02D5F1FD265B-LeaderElection85] INFO  impl.LeaderElection (LeaderElection.java:askForVotes(178)) - ff36f637-8ae1-4c92-8b77-4e45f4128437@group-02D5F1FD265B-LeaderElection85: begin an election at term 1 for -1: [ff36f637-8ae1-4c92-8b77-4e45f4128437:192.168.5.191:40836, 0b4587bd-9f4b-4d13-9ec4-affd273f2fd1:192.168.5.191:42266, 82715cd2-5aaa-49a4-8076-9c50a0ba8668:192.168.5.191:44968], old=null
2019-10-08 05:33:47,493 [grpc-default-executor-4] INFO  impl.RaftServerImpl (RaftServerImpl.java:setRole(170)) - 0b4587bd-9f4b-4d13-9ec4-affd273f2fd1@group-02D5F1FD265B: changes role from  FOLLOWER to FOLLOWER at term 1 for recognizeCandidate:ff36f637-8ae1-4c92-8b77-4e45f4128437
2019-10-08 05:33:47,497 [grpc-default-executor-1] INFO  impl.RaftServerImpl (RaftServerImpl.java:setRole(170)) - 82715cd2-5aaa-49a4-8076-9c50a0ba8668@group-02D5F1FD265B: changes role from  FOLLOWER to FOLLOWER at term 1 for recognizeCandidate:ff36f637-8ae1-4c92-8b77-4e45f4128437
2019-10-08 05:33:47,497 [grpc-default-executor-4] INFO  impl.RoleInfo (RoleInfo.java:shutdownFollowerState(121)) - 0b4587bd-9f4b-4d13-9ec4-affd273f2fd1: shutdown FollowerState
2019-10-08 05:33:47,497 [grpc-default-executor-1] INFO  impl.RoleInfo (RoleInfo.java:shutdownFollowerState(121)) - 82715cd2-5aaa-49a4-8076-9c50a0ba8668: shutdown FollowerState
2019-10-08 05:33:47,498 [Thread-2357] INFO  impl.FollowerState (FollowerState.java:run(117)) - 0b4587bd-9f4b-4d13-9ec4-affd273f2fd1@group-02D5F1FD265B-FollowerState was interrupted: java.lang.InterruptedException: sleep interrupted
2019-10-08 05:33:47,498 [grpc-default-executor-4] INFO  impl.RoleInfo (RoleInfo.java:updateAndGet(143)) - 0b4587bd-9f4b-4d13-9ec4-affd273f2fd1: start FollowerState
2019-10-08 05:33:47,498 [Thread-2354] INFO  impl.FollowerState (FollowerState.java:run(117)) - 82715cd2-5aaa-49a4-8076-9c50a0ba8668@group-02D5F1FD265B-FollowerState was interrupted: java.lang.InterruptedException: sleep interrupted
2019-10-08 05:33:47,498 [grpc-default-executor-1] INFO  impl.RoleInfo (RoleInfo.java:updateAndGet(143)) - 82715cd2-5aaa-49a4-8076-9c50a0ba8668: start FollowerState
2019-10-08 05:33:47,533 [ff36f637-8ae1-4c92-8b77-4e45f4128437@group-02D5F1FD265B-LeaderElection85] INFO  impl.LeaderElection (LeaderElection.java:logAndReturn(56)) - ff36f637-8ae1-4c92-8b77-4e45f4128437@group-02D5F1FD265B-LeaderElection85: Election PASSED; received 1 response(s) [ff36f637-8ae1-4c92-8b77-4e45f4128437<-82715cd2-5aaa-49a4-8076-9c50a0ba8668#0:OK-t1] and 0 exception(s); ff36f637-8ae1-4c92-8b77-4e45f4128437@group-02D5F1FD265B:t1, leader=null, voted=ff36f637-8ae1-4c92-8b77-4e45f4128437, raftlog=ff36f637-8ae1-4c92-8b77-4e45f4128437@group-02D5F1FD265B-SegmentedRaftLog:OPENED:c-1,f-1,i0, conf=-1: [ff36f637-8ae1-4c92-8b77-4e45f4128437:192.168.5.191:40836, 0b4587bd-9f4b-4d13-9ec4-affd273f2fd1:192.168.5.191:42266, 82715cd2-5aaa-49a4-8076-9c50a0ba8668:192.168.5.191:44968], old=null
2019-10-08 05:33:47,533 [ff36f637-8ae1-4c92-8b77-4e45f4128437@group-02D5F1FD265B-LeaderElection85] INFO  impl.RoleInfo (RoleInfo.java:shutdownLeaderElection(134)) - ff36f637-8ae1-4c92-8b77-4e45f4128437: shutdown LeaderElection
2019-10-08 05:33:47,534 [ff36f637-8ae1-4c92-8b77-4e45f4128437@group-02D5F1FD265B-LeaderElection85] INFO  impl.RaftServerImpl (RaftServerImpl.java:setRole(170)) - ff36f637-8ae1-4c92-8b77-4e45f4128437@group-02D5F1FD265B: changes role from CANDIDATE to LEADER at term 1 for changeToLeader
2019-10-08 05:33:47,534 [ff36f637-8ae1-4c92-8b77-4e45f4128437@group-02D5F1FD265B-LeaderElection85] INFO  impl.RaftServerImpl (ServerState.java:setLeader(255)) - ff36f637-8ae1-4c92-8b77-4e45f4128437@group-02D5F1FD265B: change Leader from null to ff36f637-8ae1-4c92-8b77-4e45f4128437 at term 1 for becomeLeader, leader elected after 5083ms
2019-10-08 05:33:47,534 [ff36f637-8ae1-4c92-8b77-4e45f4128437@group-02D5F1FD265B-LeaderElection85] INFO  server.RaftServerConfigKeys (ConfUtils.java:logGet(43)) - raft.server.staging.catchup.gap = 1000 (default)
2019-10-08 05:33:47,534 [ff36f637-8ae1-4c92-8b77-4e45f4128437@group-02D5F1FD265B-LeaderElection85] INFO  server.RaftServerConfigKeys (ConfUtils.java:logGet(43)) - raft.server.rpc.sleep.time = 25ms (default)
2019-10-08 05:33:47,534 [ff36f637-8ae1-4c92-8b77-4e45f4128437@group-02D5F1FD265B-LeaderElection85] INFO  server.RaftServerConfigKeys (ConfUtils.java:logGet(43)) - raft.server.write.element-limit = 4096 (default)
2019-10-08 05:33:47,534 [ff36f637-8ae1-4c92-8b77-4e45f4128437@group-02D5F1FD265B-LeaderElection85] INFO  server.RaftServerConfigKeys (ConfUtils.java:logGet(43)) - raft.server.watch.timeout = 10s (default)
2019-10-08 05:33:47,535 [ff36f637-8ae1-4c92-8b77-4e45f4128437@group-02D5F1FD265B-LeaderElection85] INFO  server.RaftServerConfigKeys (ConfUtils.java:logGet(43)) - raft.server.watch.timeout.denomination = 1s (default)
2019-10-08 05:33:47,535 [ff36f637-8ae1-4c92-8b77-4e45f4128437@group-02D5F1FD265B-LeaderElection85] INFO  server.RaftServerConfigKeys (ConfUtils.java:logGet(43)) - raft.server.watch.element-limit = 65536 (default)
2019-10-08 05:33:47,537 [ff36f637-8ae1-4c92-8b77-4e45f4128437@group-02D5F1FD265B-LeaderElection85] INFO  server.RaftServerConfigKeys (ConfUtils.java:logGet(43)) - raft.server.log.appender.snapshot.chunk.size.max = 16MB (=16777216) (default)
2019-10-08 05:33:47,538 [ff36f637-8ae1-4c92-8b77-4e45f4128437@group-02D5F1FD265B-LeaderElection85] INFO  server.RaftServerConfigKeys (ConfUtils.java:logGet(43)) - raft.server.log.appender.buffer.byte-limit = 33554432 (custom)
2019-10-08 05:33:47,538 [ff36f637-8ae1-4c92-8b77-4e45f4128437@group-02D5F1FD265B-LeaderElection85] INFO  server.RaftServerConfigKeys (ConfUtils.java:logGet(43)) - raft.server.log.appender.buffer.element-limit = 1 (custom)
2019-10-08 05:33:47,538 [ff36f637-8ae1-4c92-8b77-4e45f4128437@group-02D5F1FD265B-LeaderElection85] INFO  grpc.GrpcConfigKeys$Server (ConfUtils.java:logGet(43)) - raft.grpc.server.leader.outstanding.appends.max = 128 (default)
2019-10-08 05:33:47,538 [ff36f637-8ae1-4c92-8b77-4e45f4128437@group-02D5F1FD265B-LeaderElection85] INFO  server.RaftServerConfigKeys (ConfUtils.java:logGet(43)) - raft.server.rpc.request.timeout = 3000ms (default)
2019-10-08 05:33:47,539 [ff36f637-8ae1-4c92-8b77-4e45f4128437@group-02D5F1FD265B-LeaderElection85] INFO  server.RaftServerConfigKeys (ConfUtils.java:logGet(43)) - raft.server.log.appender.install.snapshot.enabled = false (custom)
2019-10-08 05:33:47,539 [ff36f637-8ae1-4c92-8b77-4e45f4128437@group-02D5F1FD265B-LeaderElection85] INFO  server.RaftServerConfigKeys (ConfUtils.java:logGet(43)) - raft.server.log.appender.snapshot.chunk.size.max = 16MB (=16777216) (default)
2019-10-08 05:33:47,539 [ff36f637-8ae1-4c92-8b77-4e45f4128437@group-02D5F1FD265B-LeaderElection85] INFO  server.RaftServerConfigKeys (ConfUtils.java:logGet(43)) - raft.server.log.appender.buffer.byte-limit = 33554432 (custom)
2019-10-08 05:33:47,539 [ff36f637-8ae1-4c92-8b77-4e45f4128437@group-02D5F1FD265B-LeaderElection85] INFO  server.RaftServerConfigKeys (ConfUtils.java:logGet(43)) - raft.server.log.appender.buffer.element-limit = 1 (custom)
2019-10-08 05:33:47,539 [ff36f637-8ae1-4c92-8b77-4e45f4128437@group-02D5F1FD265B-LeaderElection85] INFO  grpc.GrpcConfigKeys$Server (ConfUtils.java:logGet(43)) - raft.grpc.server.leader.outstanding.appends.max = 128 (default)
2019-10-08 05:33:47,539 [ff36f637-8ae1-4c92-8b77-4e45f4128437@group-02D5F1FD265B-LeaderElection85] INFO  server.RaftServerConfigKeys (ConfUtils.java:logGet(43)) - raft.server.rpc.request.timeout = 3000ms (default)
2019-10-08 05:33:47,539 [ff36f637-8ae1-4c92-8b77-4e45f4128437@group-02D5F1FD265B-LeaderElection85] INFO  server.RaftServerConfigKeys (ConfUtils.java:logGet(43)) - raft.server.log.appender.install.snapshot.enabled = false (custom)
2019-10-08 05:33:47,540 [ff36f637-8ae1-4c92-8b77-4e45f4128437@group-02D5F1FD265B-LeaderElection85] INFO  impl.RoleInfo (RoleInfo.java:updateAndGet(143)) - ff36f637-8ae1-4c92-8b77-4e45f4128437: start LeaderState
2019-10-08 05:33:47,540 [ff36f637-8ae1-4c92-8b77-4e45f4128437@group-02D5F1FD265B-LeaderElection85] INFO  segmented.SegmentedRaftLogWorker (SegmentedRaftLogWorker.java:startLogSegment(385)) - ff36f637-8ae1-4c92-8b77-4e45f4128437@group-02D5F1FD265B-SegmentedRaftLogWorker: Starting segment from index:0
2019-10-08 05:33:47,540 [ff36f637-8ae1-4c92-8b77-4e45f4128437@group-02D5F1FD265B-LeaderElection85] INFO  impl.RaftServerImpl (ServerState.java:setRaftConf(356)) - ff36f637-8ae1-4c92-8b77-4e45f4128437@group-02D5F1FD265B: set configuration 0: [ff36f637-8ae1-4c92-8b77-4e45f4128437:192.168.5.191:40836, 0b4587bd-9f4b-4d13-9ec4-affd273f2fd1:192.168.5.191:42266, 82715cd2-5aaa-49a4-8076-9c50a0ba8668:192.168.5.191:44968], old=null at 0
2019-10-08 05:33:47,573 [Thread-2351] INFO  impl.FollowerState (FollowerState.java:run(108)) - 0b4587bd-9f4b-4d13-9ec4-affd273f2fd1@group-50FEECB64FD6-FollowerState: change to CANDIDATE, lastRpcTime:5190ms, electionTimeout:5190ms
2019-10-08 05:33:47,573 [Thread-2351] INFO  impl.RoleInfo (RoleInfo.java:shutdownFollowerState(121)) - 0b4587bd-9f4b-4d13-9ec4-affd273f2fd1: shutdown FollowerState
2019-10-08 05:33:47,573 [Thread-2351] INFO  impl.RaftServerImpl (RaftServerImpl.java:setRole(170)) - 0b4587bd-9f4b-4d13-9ec4-affd273f2fd1@group-50FEECB64FD6: changes role from  FOLLOWER to CANDIDATE at term 0 for changeToCandidate
2019-10-08 05:33:47,574 [Thread-2351] INFO  impl.RoleInfo (RoleInfo.java:updateAndGet(143)) - 0b4587bd-9f4b-4d13-9ec4-affd273f2fd1: start LeaderElection
2019-10-08 05:33:47,577 [grpc-default-executor-1] INFO  impl.RaftServerImpl (ServerState.java:setLeader(255)) - 0b4587bd-9f4b-4d13-9ec4-affd273f2fd1@group-02D5F1FD265B: change Leader from null to ff36f637-8ae1-4c92-8b77-4e45f4128437 at term 1 for appendEntries, leader elected after 5126ms
2019-10-08 05:33:47,586 [ff36f637-8ae1-4c92-8b77-4e45f4128437@group-02D5F1FD265B-SegmentedRaftLogWorker] INFO  segmented.SegmentedRaftLogWorker (SegmentedRaftLogWorker.java:execute(574)) - ff36f637-8ae1-4c92-8b77-4e45f4128437@group-02D5F1FD265B-SegmentedRaftLogWorker: created new log segment /workdir/hadoop-ozone/integration-test/target/test-dir/MiniOzoneClusterImpl-8a4d0be6-78bc-4c65-8bee-12b8c2006f27/datanode-0/data/ratis/a7b04686-8634-4694-bbef-02d5f1fd265b/current/log_inprogress_0
2019-10-08 05:33:47,586 [grpc-default-executor-4] INFO  impl.RaftServerImpl (ServerState.java:setLeader(255)) - 82715cd2-5aaa-49a4-8076-9c50a0ba8668@group-02D5F1FD265B: change Leader from null to ff36f637-8ae1-4c92-8b77-4e45f4128437 at term 1 for appendEntries, leader elected after 5135ms
2019-10-08 05:33:47,599 [grpc-default-executor-1] INFO  impl.RaftServerImpl (ServerState.java:setRaftConf(356)) - 0b4587bd-9f4b-4d13-9ec4-affd273f2fd1@group-02D5F1FD265B: set configuration 0: [ff36f637-8ae1-4c92-8b77-4e45f4128437:192.168.5.191:40836, 0b4587bd-9f4b-4d13-9ec4-affd273f2fd1:192.168.5.191:42266, 82715cd2-5aaa-49a4-8076-9c50a0ba8668:192.168.5.191:44968], old=null at 0
2019-10-08 05:33:47,599 [grpc-default-executor-4] INFO  impl.RaftServerImpl (ServerState.java:setRaftConf(356)) - 82715cd2-5aaa-49a4-8076-9c50a0ba8668@group-02D5F1FD265B: set configuration 0: [ff36f637-8ae1-4c92-8b77-4e45f4128437:192.168.5.191:40836, 0b4587bd-9f4b-4d13-9ec4-affd273f2fd1:192.168.5.191:42266, 82715cd2-5aaa-49a4-8076-9c50a0ba8668:192.168.5.191:44968], old=null at 0
2019-10-08 05:33:47,600 [grpc-default-executor-1] INFO  segmented.SegmentedRaftLogWorker (SegmentedRaftLogWorker.java:startLogSegment(385)) - 0b4587bd-9f4b-4d13-9ec4-affd273f2fd1@group-02D5F1FD265B-SegmentedRaftLogWorker: Starting segment from index:0
2019-10-08 05:33:47,600 [grpc-default-executor-4] INFO  segmented.SegmentedRaftLogWorker (SegmentedRaftLogWorker.java:startLogSegment(385)) - 82715cd2-5aaa-49a4-8076-9c50a0ba8668@group-02D5F1FD265B-SegmentedRaftLogWorker: Starting segment from index:0
2019-10-08 05:33:47,611 [0b4587bd-9f4b-4d13-9ec4-affd273f2fd1@group-50FEECB64FD6-LeaderElection86] INFO  impl.LeaderElection (LeaderElection.java:askForVotes(178)) - 0b4587bd-9f4b-4d13-9ec4-affd273f2fd1@group-50FEECB64FD6-LeaderElection86: begin an election at term 1 for -1: [0b4587bd-9f4b-4d13-9ec4-affd273f2fd1:192.168.5.191:42266], old=null
2019-10-08 05:33:47,611 [0b4587bd-9f4b-4d13-9ec4-affd273f2fd1@group-50FEECB64FD6-LeaderElection86] INFO  impl.RoleInfo (RoleInfo.java:shutdownLeaderElection(134)) - 0b4587bd-9f4b-4d13-9ec4-affd273f2fd1: shutdown LeaderElection
2019-10-08 05:33:47,611 [0b4587bd-9f4b-4d13-9ec4-affd273f2fd1@group-50FEECB64FD6-LeaderElection86] INFO  impl.RaftServerImpl (RaftServerImpl.java:setRole(170)) - 0b4587bd-9f4b-4d13-9ec4-affd273f2fd1@group-50FEECB64FD6: changes role from CANDIDATE to LEADER at term 1 for changeToLeader
2019-10-08 05:33:47,611 [0b4587bd-9f4b-4d13-9ec4-affd273f2fd1@group-50FEECB64FD6-LeaderElection86] INFO  impl.RaftServerImpl (ServerState.java:setLeader(255)) - 0b4587bd-9f4b-4d13-9ec4-affd273f2fd1@group-50FEECB64FD6: change Leader from null to 0b4587bd-9f4b-4d13-9ec4-affd273f2fd1 at term 1 for becomeLeader, leader elected after 5233ms
2019-10-08 05:33:47,611 [0b4587bd-9f4b-4d13-9ec4-affd273f2fd1@group-50FEECB64FD6-LeaderElection86] INFO  server.RaftServerConfigKeys (ConfUtils.java:logGet(43)) - raft.server.staging.catchup.gap = 1000 (default)
2019-10-08 05:33:47,611 [0b4587bd-9f4b-4d13-9ec4-affd273f2fd1@group-50FEECB64FD6-LeaderElection86] INFO  server.RaftServerConfigKeys (ConfUtils.java:logGet(43)) - raft.server.rpc.sleep.time = 25ms (default)
2019-10-08 05:33:47,612 [0b4587bd-9f4b-4d13-9ec4-affd273f2fd1@group-50FEECB64FD6-LeaderElection86] INFO  server.RaftServerConfigKeys (ConfUtils.java:logGet(43)) - raft.server.write.element-limit = 4096 (default)
2019-10-08 05:33:47,612 [0b4587bd-9f4b-4d13-9ec4-affd273f2fd1@group-50FEECB64FD6-LeaderElection86] INFO  server.RaftServerConfigKeys (ConfUtils.java:logGet(43)) - raft.server.watch.timeout = 10s (default)
2019-10-08 05:33:47,612 [0b4587bd-9f4b-4d13-9ec4-affd273f2fd1@group-50FEECB64FD6-LeaderElection86] INFO  server.RaftServerConfigKeys (ConfUtils.java:logGet(43)) - raft.server.watch.timeout.denomination = 1s (default)
2019-10-08 05:33:47,612 [0b4587bd-9f4b-4d13-9ec4-affd273f2fd1@group-50FEECB64FD6-LeaderElection86] INFO  server.RaftServerConfigKeys (ConfUtils.java:logGet(43)) - raft.server.watch.element-limit = 65536 (default)
2019-10-08 05:33:47,614 [0b4587bd-9f4b-4d13-9ec4-affd273f2fd1@group-50FEECB64FD6-LeaderElection86] INFO  impl.RoleInfo (RoleInfo.java:updateAndGet(143)) - 0b4587bd-9f4b-4d13-9ec4-affd273f2fd1: start LeaderState
2019-10-08 05:33:47,614 [0b4587bd-9f4b-4d13-9ec4-affd273f2fd1@group-50FEECB64FD6-LeaderElection86] INFO  segmented.SegmentedRaftLogWorker (SegmentedRaftLogWorker.java:startLogSegment(385)) - 0b4587bd-9f4b-4d13-9ec4-affd273f2fd1@group-50FEECB64FD6-SegmentedRaftLogWorker: Starting segment from index:0
2019-10-08 05:33:47,615 [0b4587bd-9f4b-4d13-9ec4-affd273f2fd1@group-50FEECB64FD6-LeaderElection86] INFO  impl.RaftServerImpl (ServerState.java:setRaftConf(356)) - 0b4587bd-9f4b-4d13-9ec4-affd273f2fd1@group-50FEECB64FD6: set configuration 0: [0b4587bd-9f4b-4d13-9ec4-affd273f2fd1:192.168.5.191:42266], old=null at 0
2019-10-08 05:33:47,639 [82715cd2-5aaa-49a4-8076-9c50a0ba8668@group-02D5F1FD265B-SegmentedRaftLogWorker] INFO  segmented.SegmentedRaftLogWorker (SegmentedRaftLogWorker.java:execute(574)) - 82715cd2-5aaa-49a4-8076-9c50a0ba8668@group-02D5F1FD265B-SegmentedRaftLogWorker: created new log segment /workdir/hadoop-ozone/integration-test/target/test-dir/MiniOzoneClusterImpl-8a4d0be6-78bc-4c65-8bee-12b8c2006f27/datanode-1/data/ratis/a7b04686-8634-4694-bbef-02d5f1fd265b/current/log_inprogress_0
2019-10-08 05:33:47,639 [0b4587bd-9f4b-4d13-9ec4-affd273f2fd1@group-02D5F1FD265B-SegmentedRaftLogWorker] INFO  segmented.SegmentedRaftLogWorker (SegmentedRaftLogWorker.java:execute(574)) - 0b4587bd-9f4b-4d13-9ec4-affd273f2fd1@group-02D5F1FD265B-SegmentedRaftLogWorker: created new log segment /workdir/hadoop-ozone/integration-test/target/test-dir/MiniOzoneClusterImpl-8a4d0be6-78bc-4c65-8bee-12b8c2006f27/datanode-2/data/ratis/a7b04686-8634-4694-bbef-02d5f1fd265b/current/log_inprogress_0
2019-10-08 05:33:47,657 [0b4587bd-9f4b-4d13-9ec4-affd273f2fd1@group-50FEECB64FD6-SegmentedRaftLogWorker] INFO  segmented.SegmentedRaftLogWorker (SegmentedRaftLogWorker.java:execute(574)) - 0b4587bd-9f4b-4d13-9ec4-affd273f2fd1@group-50FEECB64FD6-SegmentedRaftLogWorker: created new log segment /workdir/hadoop-ozone/integration-test/target/test-dir/MiniOzoneClusterImpl-8a4d0be6-78bc-4c65-8bee-12b8c2006f27/datanode-2/data/ratis/e5e9224c-77c7-4510-97f2-50feecb64fd6/current/log_inprogress_0
2019-10-08 05:33:47,668 [Thread-2363] INFO  impl.FollowerState (FollowerState.java:run(108)) - f072f66c-acb6-420a-bd63-1def1c73c314@group-19A504E11CBC-FollowerState: change to CANDIDATE, lastRpcTime:5123ms, electionTimeout:5123ms
2019-10-08 05:33:47,669 [Thread-2363] INFO  impl.RoleInfo (RoleInfo.java:shutdownFollowerState(121)) - f072f66c-acb6-420a-bd63-1def1c73c314: shutdown FollowerState
2019-10-08 05:33:47,669 [Thread-2363] INFO  impl.RaftServerImpl (RaftServerImpl.java:setRole(170)) - f072f66c-acb6-420a-bd63-1def1c73c314@group-19A504E11CBC: changes role from  FOLLOWER to CANDIDATE at term 0 for changeToCandidate
2019-10-08 05:33:47,669 [Thread-2363] INFO  impl.RoleInfo (RoleInfo.java:updateAndGet(143)) - f072f66c-acb6-420a-bd63-1def1c73c314: start LeaderElection
2019-10-08 05:33:47,689 [f072f66c-acb6-420a-bd63-1def1c73c314@group-19A504E11CBC-LeaderElection87] INFO  impl.LeaderElection (LeaderElection.java:askForVotes(178)) - f072f66c-acb6-420a-bd63-1def1c73c314@group-19A504E11CBC-LeaderElection87: begin an election at term 1 for -1: [f072f66c-acb6-420a-bd63-1def1c73c314:192.168.5.191:37696], old=null
2019-10-08 05:33:47,689 [f072f66c-acb6-420a-bd63-1def1c73c314@group-19A504E11CBC-LeaderElection87] INFO  impl.RoleInfo (RoleInfo.java:shutdownLeaderElection(134)) - f072f66c-acb6-420a-bd63-1def1c73c314: shutdown LeaderElection
2019-10-08 05:33:47,689 [f072f66c-acb6-420a-bd63-1def1c73c314@group-19A504E11CBC-LeaderElection87] INFO  impl.RaftServerImpl (RaftServerImpl.java:setRole(170)) - f072f66c-acb6-420a-bd63-1def1c73c314@group-19A504E11CBC: changes role from CANDIDATE to LEADER at term 1 for changeToLeader
2019-10-08 05:33:47,690 [f072f66c-acb6-420a-bd63-1def1c73c314@group-19A504E11CBC-LeaderElection87] INFO  impl.RaftServerImpl (ServerState.java:setLeader(255)) - f072f66c-acb6-420a-bd63-1def1c73c314@group-19A504E11CBC: change Leader from null to f072f66c-acb6-420a-bd63-1def1c73c314 at term 1 for becomeLeader, leader elected after 5152ms
2019-10-08 05:33:47,690 [f072f66c-acb6-420a-bd63-1def1c73c314@group-19A504E11CBC-LeaderElection87] INFO  server.RaftServerConfigKeys (ConfUtils.java:logGet(43)) - raft.server.staging.catchup.gap = 1000 (default)
2019-10-08 05:33:47,690 [f072f66c-acb6-420a-bd63-1def1c73c314@group-19A504E11CBC-LeaderElection87] INFO  server.RaftServerConfigKeys (ConfUtils.java:logGet(43)) - raft.server.rpc.sleep.time = 25ms (default)
2019-10-08 05:33:47,690 [f072f66c-acb6-420a-bd63-1def1c73c314@group-19A504E11CBC-LeaderElection87] INFO  server.RaftServerConfigKeys (ConfUtils.java:logGet(43)) - raft.server.write.element-limit = 4096 (default)
2019-10-08 05:33:47,690 [f072f66c-acb6-420a-bd63-1def1c73c314@group-19A504E11CBC-LeaderElection87] INFO  server.RaftServerConfigKeys (ConfUtils.java:logGet(43)) - raft.server.watch.timeout = 10s (default)
2019-10-08 05:33:47,691 [f072f66c-acb6-420a-bd63-1def1c73c314@group-19A504E11CBC-LeaderElection87] INFO  server.RaftServerConfigKeys (ConfUtils.java:logGet(43)) - raft.server.watch.timeout.denomination = 1s (default)
2019-10-08 05:33:47,691 [f072f66c-acb6-420a-bd63-1def1c73c314@group-19A504E11CBC-LeaderElection87] INFO  server.RaftServerConfigKeys (ConfUtils.java:logGet(43)) - raft.server.watch.element-limit = 65536 (default)
2019-10-08 05:33:47,693 [f072f66c-acb6-420a-bd63-1def1c73c314@group-19A504E11CBC-LeaderElection87] INFO  impl.RoleInfo (RoleInfo.java:updateAndGet(143)) - f072f66c-acb6-420a-bd63-1def1c73c314: start LeaderState
2019-10-08 05:33:47,693 [f072f66c-acb6-420a-bd63-1def1c73c314@group-19A504E11CBC-LeaderElection87] INFO  segmented.SegmentedRaftLogWorker (SegmentedRaftLogWorker.java:startLogSegment(385)) - f072f66c-acb6-420a-bd63-1def1c73c314@group-19A504E11CBC-SegmentedRaftLogWorker: Starting segment from index:0
2019-10-08 05:33:47,694 [f072f66c-acb6-420a-bd63-1def1c73c314@group-19A504E11CBC-LeaderElection87] INFO  impl.RaftServerImpl (ServerState.java:setRaftConf(356)) - f072f66c-acb6-420a-bd63-1def1c73c314@group-19A504E11CBC: set configuration 0: [f072f66c-acb6-420a-bd63-1def1c73c314:192.168.5.191:37696], old=null at 0
2019-10-08 05:33:47,706 [Thread-2371] INFO  impl.FollowerState (FollowerState.java:run(108)) - 89bf3bfe-02a4-4689-8a3a-45b19efc6698@group-35834B64C470-FollowerState: change to CANDIDATE, lastRpcTime:5029ms, electionTimeout:5021ms
2019-10-08 05:33:47,707 [Thread-2371] INFO  impl.RoleInfo (RoleInfo.java:shutdownFollowerState(121)) - 89bf3bfe-02a4-4689-8a3a-45b19efc6698: shutdown FollowerState
2019-10-08 05:33:47,707 [Thread-2371] INFO  impl.RaftServerImpl (RaftServerImpl.java:setRole(170)) - 89bf3bfe-02a4-4689-8a3a-45b19efc6698@group-35834B64C470: changes role from  FOLLOWER to CANDIDATE at term 0 for changeToCandidate
2019-10-08 05:33:47,707 [Thread-2371] INFO  impl.RoleInfo (RoleInfo.java:updateAndGet(143)) - 89bf3bfe-02a4-4689-8a3a-45b19efc6698: start LeaderElection
2019-10-08 05:33:47,748 [f072f66c-acb6-420a-bd63-1def1c73c314@group-19A504E11CBC-SegmentedRaftLogWorker] INFO  segmented.SegmentedRaftLogWorker (SegmentedRaftLogWorker.java:execute(574)) - f072f66c-acb6-420a-bd63-1def1c73c314@group-19A504E11CBC-SegmentedRaftLogWorker: created new log segment /workdir/hadoop-ozone/integration-test/target/test-dir/MiniOzoneClusterImpl-8a4d0be6-78bc-4c65-8bee-12b8c2006f27/datanode-4/data/ratis/d29322f4-96a7-41ae-bffd-19a504e11cbc/current/log_inprogress_0
2019-10-08 05:33:47,748 [89bf3bfe-02a4-4689-8a3a-45b19efc6698@group-35834B64C470-LeaderElection88] INFO  impl.LeaderElection (LeaderElection.java:askForVotes(178)) - 89bf3bfe-02a4-4689-8a3a-45b19efc6698@group-35834B64C470-LeaderElection88: begin an election at term 1 for -1: [89bf3bfe-02a4-4689-8a3a-45b19efc6698:192.168.5.191:41637], old=null
2019-10-08 05:33:47,748 [89bf3bfe-02a4-4689-8a3a-45b19efc6698@group-35834B64C470-LeaderElection88] INFO  impl.RoleInfo (RoleInfo.java:shutdownLeaderElection(134)) - 89bf3bfe-02a4-4689-8a3a-45b19efc6698: shutdown LeaderElection
2019-10-08 05:33:47,748 [89bf3bfe-02a4-4689-8a3a-45b19efc6698@group-35834B64C470-LeaderElection88] INFO  impl.RaftServerImpl (RaftServerImpl.java:setRole(170)) - 89bf3bfe-02a4-4689-8a3a-45b19efc6698@group-35834B64C470: changes role from CANDIDATE to LEADER at term 1 for changeToLeader
2019-10-08 05:33:47,748 [89bf3bfe-02a4-4689-8a3a-45b19efc6698@group-35834B64C470-LeaderElection88] INFO  impl.RaftServerImpl (ServerState.java:setLeader(255)) - 89bf3bfe-02a4-4689-8a3a-45b19efc6698@group-35834B64C470: change Leader from null to 89bf3bfe-02a4-4689-8a3a-45b19efc6698 at term 1 for becomeLeader, leader elected after 5103ms
2019-10-08 05:33:47,748 [89bf3bfe-02a4-4689-8a3a-45b19efc6698@group-35834B64C470-LeaderElection88] INFO  server.RaftServerConfigKeys (ConfUtils.java:logGet(43)) - raft.server.staging.catchup.gap = 1000 (default)
2019-10-08 05:33:47,748 [89bf3bfe-02a4-4689-8a3a-45b19efc6698@group-35834B64C470-LeaderElection88] INFO  server.RaftServerConfigKeys (ConfUtils.java:logGet(43)) - raft.server.rpc.sleep.time = 25ms (default)
2019-10-08 05:33:47,749 [89bf3bfe-02a4-4689-8a3a-45b19efc6698@group-35834B64C470-LeaderElection88] INFO  server.RaftServerConfigKeys (ConfUtils.java:logGet(43)) - raft.server.write.element-limit = 4096 (default)
2019-10-08 05:33:47,749 [89bf3bfe-02a4-4689-8a3a-45b19efc6698@group-35834B64C470-LeaderElection88] INFO  server.RaftServerConfigKeys (ConfUtils.java:logGet(43)) - raft.server.watch.timeout = 10s (default)
2019-10-08 05:33:47,749 [89bf3bfe-02a4-4689-8a3a-45b19efc6698@group-35834B64C470-LeaderElection88] INFO  server.RaftServerConfigKeys (ConfUtils.java:logGet(43)) - raft.server.watch.timeout.denomination = 1s (default)
2019-10-08 05:33:47,749 [89bf3bfe-02a4-4689-8a3a-45b19efc6698@group-35834B64C470-LeaderElection88] INFO  server.RaftServerConfigKeys (ConfUtils.java:logGet(43)) - raft.server.watch.element-limit = 65536 (default)
2019-10-08 05:33:47,751 [89bf3bfe-02a4-4689-8a3a-45b19efc6698@group-35834B64C470-LeaderElection88] INFO  impl.RoleInfo (RoleInfo.java:updateAndGet(143)) - 89bf3bfe-02a4-4689-8a3a-45b19efc6698: start LeaderState
2019-10-08 05:33:47,752 [89bf3bfe-02a4-4689-8a3a-45b19efc6698@group-35834B64C470-LeaderElection88] INFO  segmented.SegmentedRaftLogWorker (SegmentedRaftLogWorker.java:startLogSegment(385)) - 89bf3bfe-02a4-4689-8a3a-45b19efc6698@group-35834B64C470-SegmentedRaftLogWorker: Starting segment from index:0
2019-10-08 05:33:47,752 [89bf3bfe-02a4-4689-8a3a-45b19efc6698@group-35834B64C470-LeaderElection88] INFO  impl.RaftServerImpl (ServerState.java:setRaftConf(356)) - 89bf3bfe-02a4-4689-8a3a-45b19efc6698@group-35834B64C470: set configuration 0: [89bf3bfe-02a4-4689-8a3a-45b19efc6698:192.168.5.191:41637], old=null at 0
2019-10-08 05:33:47,796 [Thread-2366] INFO  impl.FollowerState (FollowerState.java:run(108)) - 30a29906-681b-4e4a-a42a-f88679188b7b@group-96665A71D5DA-FollowerState: change to CANDIDATE, lastRpcTime:5199ms, electionTimeout:5199ms
2019-10-08 05:33:47,796 [Thread-2366] INFO  impl.RoleInfo (RoleInfo.java:shutdownFollowerState(121)) - 30a29906-681b-4e4a-a42a-f88679188b7b: shutdown FollowerState
2019-10-08 05:33:47,796 [Thread-2366] INFO  impl.RaftServerImpl (RaftServerImpl.java:setRole(170)) - 30a29906-681b-4e4a-a42a-f88679188b7b@group-96665A71D5DA: changes role from  FOLLOWER to CANDIDATE at term 0 for changeToCandidate
2019-10-08 05:33:47,797 [Thread-2366] INFO  impl.RoleInfo (RoleInfo.java:updateAndGet(143)) - 30a29906-681b-4e4a-a42a-f88679188b7b: start LeaderElection
2019-10-08 05:33:47,809 [89bf3bfe-02a4-4689-8a3a-45b19efc6698@group-35834B64C470-SegmentedRaftLogWorker] INFO  segmented.SegmentedRaftLogWorker (SegmentedRaftLogWorker.java:execute(574)) - 89bf3bfe-02a4-4689-8a3a-45b19efc6698@group-35834B64C470-SegmentedRaftLogWorker: created new log segment /workdir/hadoop-ozone/integration-test/target/test-dir/MiniOzoneClusterImpl-8a4d0be6-78bc-4c65-8bee-12b8c2006f27/datanode-5/data/ratis/01156ccd-bbb7-4352-bd2b-35834b64c470/current/log_inprogress_0
2019-10-08 05:33:47,811 [30a29906-681b-4e4a-a42a-f88679188b7b@group-96665A71D5DA-LeaderElection89] INFO  impl.LeaderElection (LeaderElection.java:askForVotes(178)) - 30a29906-681b-4e4a-a42a-f88679188b7b@group-96665A71D5DA-LeaderElection89: begin an election at term 1 for -1: [30a29906-681b-4e4a-a42a-f88679188b7b:192.168.5.191:40141], old=null
2019-10-08 05:33:47,812 [30a29906-681b-4e4a-a42a-f88679188b7b@group-96665A71D5DA-LeaderElection89] INFO  impl.RoleInfo (RoleInfo.java:shutdownLeaderElection(134)) - 30a29906-681b-4e4a-a42a-f88679188b7b: shutdown LeaderElection
2019-10-08 05:33:47,812 [30a29906-681b-4e4a-a42a-f88679188b7b@group-96665A71D5DA-LeaderElection89] INFO  impl.RaftServerImpl (RaftServerImpl.java:setRole(170)) - 30a29906-681b-4e4a-a42a-f88679188b7b@group-96665A71D5DA: changes role from CANDIDATE to LEADER at term 1 for changeToLeader
2019-10-08 05:33:47,812 [30a29906-681b-4e4a-a42a-f88679188b7b@group-96665A71D5DA-LeaderElection89] INFO  impl.RaftServerImpl (ServerState.java:setLeader(255)) - 30a29906-681b-4e4a-a42a-f88679188b7b@group-96665A71D5DA: change Leader from null to 30a29906-681b-4e4a-a42a-f88679188b7b at term 1 for becomeLeader, leader elected after 5220ms
2019-10-08 05:33:47,812 [30a29906-681b-4e4a-a42a-f88679188b7b@group-96665A71D5DA-LeaderElection89] INFO  server.RaftServerConfigKeys (ConfUtils.java:logGet(43)) - raft.server.staging.catchup.gap = 1000 (default)
2019-10-08 05:33:47,812 [30a29906-681b-4e4a-a42a-f88679188b7b@group-96665A71D5DA-LeaderElection89] INFO  server.RaftServerConfigKeys (ConfUtils.java:logGet(43)) - raft.server.rpc.sleep.time = 25ms (default)
2019-10-08 05:33:47,813 [30a29906-681b-4e4a-a42a-f88679188b7b@group-96665A71D5DA-LeaderElection89] INFO  server.RaftServerConfigKeys (ConfUtils.java:logGet(43)) - raft.server.write.element-limit = 4096 (default)
2019-10-08 05:33:47,813 [30a29906-681b-4e4a-a42a-f88679188b7b@group-96665A71D5DA-LeaderElection89] INFO  server.RaftServerConfigKeys (ConfUtils.java:logGet(43)) - raft.server.watch.timeout = 10s (default)
2019-10-08 05:33:47,813 [30a29906-681b-4e4a-a42a-f88679188b7b@group-96665A71D5DA-LeaderElection89] INFO  server.RaftServerConfigKeys (ConfUtils.java:logGet(43)) - raft.server.watch.timeout.denomination = 1s (default)
2019-10-08 05:33:47,813 [30a29906-681b-4e4a-a42a-f88679188b7b@group-96665A71D5DA-LeaderElection89] INFO  server.RaftServerConfigKeys (ConfUtils.java:logGet(43)) - raft.server.watch.element-limit = 65536 (default)
2019-10-08 05:33:47,815 [30a29906-681b-4e4a-a42a-f88679188b7b@group-96665A71D5DA-LeaderElection89] INFO  impl.RoleInfo (RoleInfo.java:updateAndGet(143)) - 30a29906-681b-4e4a-a42a-f88679188b7b: start LeaderState
2019-10-08 05:33:47,815 [30a29906-681b-4e4a-a42a-f88679188b7b@group-96665A71D5DA-LeaderElection89] INFO  segmented.SegmentedRaftLogWorker (SegmentedRaftLogWorker.java:startLogSegment(385)) - 30a29906-681b-4e4a-a42a-f88679188b7b@group-96665A71D5DA-SegmentedRaftLogWorker: Starting segment from index:0
2019-10-08 05:33:47,816 [30a29906-681b-4e4a-a42a-f88679188b7b@group-96665A71D5DA-LeaderElection89] INFO  impl.RaftServerImpl (ServerState.java:setRaftConf(356)) - 30a29906-681b-4e4a-a42a-f88679188b7b@group-96665A71D5DA: set configuration 0: [30a29906-681b-4e4a-a42a-f88679188b7b:192.168.5.191:40141], old=null at 0
2019-10-08 05:33:47,871 [30a29906-681b-4e4a-a42a-f88679188b7b@group-96665A71D5DA-SegmentedRaftLogWorker] INFO  segmented.SegmentedRaftLogWorker (SegmentedRaftLogWorker.java:execute(574)) - 30a29906-681b-4e4a-a42a-f88679188b7b@group-96665A71D5DA-SegmentedRaftLogWorker: created new log segment /workdir/hadoop-ozone/integration-test/target/test-dir/MiniOzoneClusterImpl-8a4d0be6-78bc-4c65-8bee-12b8c2006f27/datanode-3/data/ratis/9b4bfb3c-9af9-4b38-83d9-96665a71d5da/current/log_inprogress_0
2019-10-08 05:33:47,942 [Thread-2381] INFO  impl.FollowerState (FollowerState.java:run(108)) - f072f66c-acb6-420a-bd63-1def1c73c314@group-ED74B8DB72D4-FollowerState: change to CANDIDATE, lastRpcTime:5079ms, electionTimeout:5079ms
2019-10-08 05:33:47,942 [Thread-2381] INFO  impl.RoleInfo (RoleInfo.java:shutdownFollowerState(121)) - f072f66c-acb6-420a-bd63-1def1c73c314: shutdown FollowerState
2019-10-08 05:33:47,942 [Thread-2381] INFO  impl.RaftServerImpl (RaftServerImpl.java:setRole(170)) - f072f66c-acb6-420a-bd63-1def1c73c314@group-ED74B8DB72D4: changes role from  FOLLOWER to CANDIDATE at term 0 for changeToCandidate
2019-10-08 05:33:47,942 [Thread-2381] INFO  impl.RoleInfo (RoleInfo.java:updateAndGet(143)) - f072f66c-acb6-420a-bd63-1def1c73c314: start LeaderElection
2019-10-08 05:33:47,955 [Thread-2374] INFO  impl.FollowerState (FollowerState.java:run(108)) - 192170e7-4cac-4b63-8b06-4df9c0029108@group-3D99378029B7-FollowerState: change to CANDIDATE, lastRpcTime:5174ms, electionTimeout:5174ms
2019-10-08 05:33:47,955 [Thread-2374] INFO  impl.RoleInfo (RoleInfo.java:shutdownFollowerState(121)) - 192170e7-4cac-4b63-8b06-4df9c0029108: shutdown FollowerState
2019-10-08 05:33:47,955 [Thread-2374] INFO  impl.RaftServerImpl (RaftServerImpl.java:setRole(170)) - 192170e7-4cac-4b63-8b06-4df9c0029108@group-3D99378029B7: changes role from  FOLLOWER to CANDIDATE at term 0 for changeToCandidate
2019-10-08 05:33:47,955 [Thread-2374] INFO  impl.RoleInfo (RoleInfo.java:updateAndGet(143)) - 192170e7-4cac-4b63-8b06-4df9c0029108: start LeaderElection
2019-10-08 05:33:47,965 [Thread-2382] INFO  impl.FollowerState (FollowerState.java:run(108)) - 89bf3bfe-02a4-4689-8a3a-45b19efc6698@group-ED74B8DB72D4-FollowerState: change to CANDIDATE, lastRpcTime:5101ms, electionTimeout:5097ms
2019-10-08 05:33:47,965 [Thread-2382] INFO  impl.RoleInfo (RoleInfo.java:shutdownFollowerState(121)) - 89bf3bfe-02a4-4689-8a3a-45b19efc6698: shutdown FollowerState
2019-10-08 05:33:47,965 [Thread-2382] INFO  impl.RaftServerImpl (RaftServerImpl.java:setRole(170)) - 89bf3bfe-02a4-4689-8a3a-45b19efc6698@group-ED74B8DB72D4: changes role from  FOLLOWER to CANDIDATE at term 0 for changeToCandidate
2019-10-08 05:33:47,965 [Thread-2382] INFO  impl.RoleInfo (RoleInfo.java:updateAndGet(143)) - 89bf3bfe-02a4-4689-8a3a-45b19efc6698: start LeaderElection
2019-10-08 05:33:47,973 [Thread-2377] INFO  impl.FollowerState (FollowerState.java:run(108)) - 30a29906-681b-4e4a-a42a-f88679188b7b@group-ED74B8DB72D4-FollowerState: change to CANDIDATE, lastRpcTime:5115ms, electionTimeout:5115ms
2019-10-08 05:33:47,973 [f072f66c-acb6-420a-bd63-1def1c73c314@group-ED74B8DB72D4-LeaderElection90] INFO  impl.LeaderElection (LeaderElection.java:askForVotes(178)) - f072f66c-acb6-420a-bd63-1def1c73c314@group-ED74B8DB72D4-LeaderElection90: begin an election at term 1 for -1: [89bf3bfe-02a4-4689-8a3a-45b19efc6698:192.168.5.191:41637, 30a29906-681b-4e4a-a42a-f88679188b7b:192.168.5.191:40141, f072f66c-acb6-420a-bd63-1def1c73c314:192.168.5.191:37696], old=null
2019-10-08 05:33:47,974 [Thread-2377] INFO  impl.RoleInfo (RoleInfo.java:shutdownFollowerState(121)) - 30a29906-681b-4e4a-a42a-f88679188b7b: shutdown FollowerState
2019-10-08 05:33:47,974 [192170e7-4cac-4b63-8b06-4df9c0029108@group-3D99378029B7-LeaderElection91] INFO  impl.LeaderElection (LeaderElection.java:askForVotes(178)) - 192170e7-4cac-4b63-8b06-4df9c0029108@group-3D99378029B7-LeaderElection91: begin an election at term 1 for -1: [192170e7-4cac-4b63-8b06-4df9c0029108:192.168.5.191:41193], old=null
2019-10-08 05:33:47,974 [Thread-2377] INFO  impl.RaftServerImpl (RaftServerImpl.java:setRole(170)) - 30a29906-681b-4e4a-a42a-f88679188b7b@group-ED74B8DB72D4: changes role from  FOLLOWER to CANDIDATE at term 0 for changeToCandidate
2019-10-08 05:33:47,974 [192170e7-4cac-4b63-8b06-4df9c0029108@group-3D99378029B7-LeaderElection91] INFO  impl.RoleInfo (RoleInfo.java:shutdownLeaderElection(134)) - 192170e7-4cac-4b63-8b06-4df9c0029108: shutdown LeaderElection
2019-10-08 05:33:47,974 [Thread-2377] INFO  impl.RoleInfo (RoleInfo.java:updateAndGet(143)) - 30a29906-681b-4e4a-a42a-f88679188b7b: start LeaderElection
2019-10-08 05:33:47,974 [192170e7-4cac-4b63-8b06-4df9c0029108@group-3D99378029B7-LeaderElection91] INFO  impl.RaftServerImpl (RaftServerImpl.java:setRole(170)) - 192170e7-4cac-4b63-8b06-4df9c0029108@group-3D99378029B7: changes role from CANDIDATE to LEADER at term 1 for changeToLeader
2019-10-08 05:33:47,975 [192170e7-4cac-4b63-8b06-4df9c0029108@group-3D99378029B7-LeaderElection91] INFO  impl.RaftServerImpl (ServerState.java:setLeader(255)) - 192170e7-4cac-4b63-8b06-4df9c0029108@group-3D99378029B7: change Leader from null to 192170e7-4cac-4b63-8b06-4df9c0029108 at term 1 for becomeLeader, leader elected after 5201ms
2019-10-08 05:33:47,983 [192170e7-4cac-4b63-8b06-4df9c0029108@group-3D99378029B7-LeaderElection91] INFO  server.RaftServerConfigKeys (ConfUtils.java:logGet(43)) - raft.server.staging.catchup.gap = 1000 (default)
2019-10-08 05:33:47,983 [192170e7-4cac-4b63-8b06-4df9c0029108@group-3D99378029B7-LeaderElection91] INFO  server.RaftServerConfigKeys (ConfUtils.java:logGet(43)) - raft.server.rpc.sleep.time = 25ms (default)
2019-10-08 05:33:47,988 [89bf3bfe-02a4-4689-8a3a-45b19efc6698@group-ED74B8DB72D4-LeaderElection92] INFO  impl.LeaderElection (LeaderElection.java:askForVotes(178)) - 89bf3bfe-02a4-4689-8a3a-45b19efc6698@group-ED74B8DB72D4-LeaderElection92: begin an election at term 1 for -1: [89bf3bfe-02a4-4689-8a3a-45b19efc6698:192.168.5.191:41637, 30a29906-681b-4e4a-a42a-f88679188b7b:192.168.5.191:40141, f072f66c-acb6-420a-bd63-1def1c73c314:192.168.5.191:37696], old=null
2019-10-08 05:33:47,988 [30a29906-681b-4e4a-a42a-f88679188b7b@group-ED74B8DB72D4-LeaderElection93] INFO  impl.LeaderElection (LeaderElection.java:askForVotes(178)) - 30a29906-681b-4e4a-a42a-f88679188b7b@group-ED74B8DB72D4-LeaderElection93: begin an election at term 1 for -1: [89bf3bfe-02a4-4689-8a3a-45b19efc6698:192.168.5.191:41637, 30a29906-681b-4e4a-a42a-f88679188b7b:192.168.5.191:40141, f072f66c-acb6-420a-bd63-1def1c73c314:192.168.5.191:37696], old=null
2019-10-08 05:33:47,988 [192170e7-4cac-4b63-8b06-4df9c0029108@group-3D99378029B7-LeaderElection91] INFO  server.RaftServerConfigKeys (ConfUtils.java:logGet(43)) - raft.server.write.element-limit = 4096 (default)
2019-10-08 05:33:47,988 [192170e7-4cac-4b63-8b06-4df9c0029108@group-3D99378029B7-LeaderElection91] INFO  server.RaftServerConfigKeys (ConfUtils.java:logGet(43)) - raft.server.watch.timeout = 10s (default)
2019-10-08 05:33:47,988 [192170e7-4cac-4b63-8b06-4df9c0029108@group-3D99378029B7-LeaderElection91] INFO  server.RaftServerConfigKeys (ConfUtils.java:logGet(43)) - raft.server.watch.timeout.denomination = 1s (default)
2019-10-08 05:33:47,989 [192170e7-4cac-4b63-8b06-4df9c0029108@group-3D99378029B7-LeaderElection91] INFO  server.RaftServerConfigKeys (ConfUtils.java:logGet(43)) - raft.server.watch.element-limit = 65536 (default)
2019-10-08 05:33:47,995 [192170e7-4cac-4b63-8b06-4df9c0029108@group-3D99378029B7-LeaderElection91] INFO  impl.RoleInfo (RoleInfo.java:updateAndGet(143)) - 192170e7-4cac-4b63-8b06-4df9c0029108: start LeaderState
2019-10-08 05:33:47,996 [192170e7-4cac-4b63-8b06-4df9c0029108@group-3D99378029B7-LeaderElection91] INFO  segmented.SegmentedRaftLogWorker (SegmentedRaftLogWorker.java:startLogSegment(385)) - 192170e7-4cac-4b63-8b06-4df9c0029108@group-3D99378029B7-SegmentedRaftLogWorker: Starting segment from index:0
2019-10-08 05:33:48,002 [192170e7-4cac-4b63-8b06-4df9c0029108@group-3D99378029B7-LeaderElection91] INFO  impl.RaftServerImpl (ServerState.java:setRaftConf(356)) - 192170e7-4cac-4b63-8b06-4df9c0029108@group-3D99378029B7: set configuration 0: [192170e7-4cac-4b63-8b06-4df9c0029108:192.168.5.191:41193], old=null at 0
2019-10-08 05:33:48,029 [f072f66c-acb6-420a-bd63-1def1c73c314@group-ED74B8DB72D4-LeaderElection90] INFO  impl.LeaderElection (LeaderElection.java:logAndReturn(56)) - f072f66c-acb6-420a-bd63-1def1c73c314@group-ED74B8DB72D4-LeaderElection90: Election REJECTED; received 2 response(s) [f072f66c-acb6-420a-bd63-1def1c73c314<-89bf3bfe-02a4-4689-8a3a-45b19efc6698#0:FAIL-t1, f072f66c-acb6-420a-bd63-1def1c73c314<-30a29906-681b-4e4a-a42a-f88679188b7b#0:FAIL-t1] and 0 exception(s); f072f66c-acb6-420a-bd63-1def1c73c314@group-ED74B8DB72D4:t1, leader=null, voted=f072f66c-acb6-420a-bd63-1def1c73c314, raftlog=f072f66c-acb6-420a-bd63-1def1c73c314@group-ED74B8DB72D4-SegmentedRaftLog:OPENED:c-1,f-1,i0, conf=-1: [89bf3bfe-02a4-4689-8a3a-45b19efc6698:192.168.5.191:41637, 30a29906-681b-4e4a-a42a-f88679188b7b:192.168.5.191:40141, f072f66c-acb6-420a-bd63-1def1c73c314:192.168.5.191:37696], old=null
2019-10-08 05:33:48,030 [f072f66c-acb6-420a-bd63-1def1c73c314@group-ED74B8DB72D4-LeaderElection90] INFO  impl.RaftServerImpl (RaftServerImpl.java:setRole(170)) - f072f66c-acb6-420a-bd63-1def1c73c314@group-ED74B8DB72D4: changes role from CANDIDATE to FOLLOWER at term 1 for DISCOVERED_A_NEW_TERM
2019-10-08 05:33:48,030 [f072f66c-acb6-420a-bd63-1def1c73c314@group-ED74B8DB72D4-LeaderElection90] INFO  impl.RoleInfo (RoleInfo.java:shutdownLeaderElection(134)) - f072f66c-acb6-420a-bd63-1def1c73c314: shutdown LeaderElection
2019-10-08 05:33:48,033 [f072f66c-acb6-420a-bd63-1def1c73c314@group-ED74B8DB72D4-LeaderElection90] INFO  impl.RoleInfo (RoleInfo.java:updateAndGet(143)) - f072f66c-acb6-420a-bd63-1def1c73c314: start FollowerState
2019-10-08 05:33:48,041 [89bf3bfe-02a4-4689-8a3a-45b19efc6698@group-ED74B8DB72D4-LeaderElection92] INFO  impl.LeaderElection (LeaderElection.java:logAndReturn(56)) - 89bf3bfe-02a4-4689-8a3a-45b19efc6698@group-ED74B8DB72D4-LeaderElection92: Election REJECTED; received 2 response(s) [89bf3bfe-02a4-4689-8a3a-45b19efc6698<-30a29906-681b-4e4a-a42a-f88679188b7b#0:FAIL-t1, 89bf3bfe-02a4-4689-8a3a-45b19efc6698<-f072f66c-acb6-420a-bd63-1def1c73c314#0:FAIL-t1] and 0 exception(s); 89bf3bfe-02a4-4689-8a3a-45b19efc6698@group-ED74B8DB72D4:t1, leader=null, voted=89bf3bfe-02a4-4689-8a3a-45b19efc6698, raftlog=89bf3bfe-02a4-4689-8a3a-45b19efc6698@group-ED74B8DB72D4-SegmentedRaftLog:OPENED:c-1,f-1,i0, conf=-1: [89bf3bfe-02a4-4689-8a3a-45b19efc6698:192.168.5.191:41637, 30a29906-681b-4e4a-a42a-f88679188b7b:192.168.5.191:40141, f072f66c-acb6-420a-bd63-1def1c73c314:192.168.5.191:37696], old=null
2019-10-08 05:33:48,044 [192170e7-4cac-4b63-8b06-4df9c0029108@group-3D99378029B7-SegmentedRaftLogWorker] INFO  segmented.SegmentedRaftLogWorker (SegmentedRaftLogWorker.java:execute(574)) - 192170e7-4cac-4b63-8b06-4df9c0029108@group-3D99378029B7-SegmentedRaftLogWorker: created new log segment /workdir/hadoop-ozone/integration-test/target/test-dir/MiniOzoneClusterImpl-8a4d0be6-78bc-4c65-8bee-12b8c2006f27/datanode-6/data/ratis/c8c0cb58-1eb2-4823-80c3-3d99378029b7/current/log_inprogress_0
2019-10-08 05:33:48,044 [89bf3bfe-02a4-4689-8a3a-45b19efc6698@group-ED74B8DB72D4-LeaderElection92] INFO  impl.RaftServerImpl (RaftServerImpl.java:setRole(170)) - 89bf3bfe-02a4-4689-8a3a-45b19efc6698@group-ED74B8DB72D4: changes role from CANDIDATE to FOLLOWER at term 1 for DISCOVERED_A_NEW_TERM
2019-10-08 05:33:48,045 [30a29906-681b-4e4a-a42a-f88679188b7b@group-ED74B8DB72D4-LeaderElection93] INFO  impl.LeaderElection (LeaderElection.java:logAndReturn(56)) - 30a29906-681b-4e4a-a42a-f88679188b7b@group-ED74B8DB72D4-LeaderElection93: Election REJECTED; received 2 response(s) [30a29906-681b-4e4a-a42a-f88679188b7b<-89bf3bfe-02a4-4689-8a3a-45b19efc6698#0:FAIL-t1, 30a29906-681b-4e4a-a42a-f88679188b7b<-f072f66c-acb6-420a-bd63-1def1c73c314#0:FAIL-t1] and 0 exception(s); 30a29906-681b-4e4a-a42a-f88679188b7b@group-ED74B8DB72D4:t1, leader=null, voted=30a29906-681b-4e4a-a42a-f88679188b7b, raftlog=30a29906-681b-4e4a-a42a-f88679188b7b@group-ED74B8DB72D4-SegmentedRaftLog:OPENED:c-1,f-1,i0, conf=-1: [89bf3bfe-02a4-4689-8a3a-45b19efc6698:192.168.5.191:41637, 30a29906-681b-4e4a-a42a-f88679188b7b:192.168.5.191:40141, f072f66c-acb6-420a-bd63-1def1c73c314:192.168.5.191:37696], old=null
2019-10-08 05:33:48,045 [89bf3bfe-02a4-4689-8a3a-45b19efc6698@group-ED74B8DB72D4-LeaderElection92] INFO  impl.RoleInfo (RoleInfo.java:shutdownLeaderElection(134)) - 89bf3bfe-02a4-4689-8a3a-45b19efc6698: shutdown LeaderElection
2019-10-08 05:33:48,045 [30a29906-681b-4e4a-a42a-f88679188b7b@group-ED74B8DB72D4-LeaderElection93] INFO  impl.RaftServerImpl (RaftServerImpl.java:setRole(170)) - 30a29906-681b-4e4a-a42a-f88679188b7b@group-ED74B8DB72D4: changes role from CANDIDATE to FOLLOWER at term 1 for DISCOVERED_A_NEW_TERM
2019-10-08 05:33:48,050 [30a29906-681b-4e4a-a42a-f88679188b7b@group-ED74B8DB72D4-LeaderElection93] INFO  impl.RoleInfo (RoleInfo.java:shutdownLeaderElection(134)) - 30a29906-681b-4e4a-a42a-f88679188b7b: shutdown LeaderElection
2019-10-08 05:33:48,045 [89bf3bfe-02a4-4689-8a3a-45b19efc6698@group-ED74B8DB72D4-LeaderElection92] INFO  impl.RoleInfo (RoleInfo.java:updateAndGet(143)) - 89bf3bfe-02a4-4689-8a3a-45b19efc6698: start FollowerState
2019-10-08 05:33:48,050 [30a29906-681b-4e4a-a42a-f88679188b7b@group-ED74B8DB72D4-LeaderElection93] INFO  impl.RoleInfo (RoleInfo.java:updateAndGet(143)) - 30a29906-681b-4e4a-a42a-f88679188b7b: start FollowerState
2019-10-08 05:33:48,857 [Thread-2458] INFO  client.GrpcClientProtocolService (GrpcClientProtocolService.java:lambda$processClientRequest$0(278)) - Failed RaftClientRequest:client-A128CBF95CC4->71ff35e1-9876-4cd7-a897-fd9670beabcb@group-E43142290435, cid=68, seq=0, Watch-MAJORITY_COMMITTED(11), Message:<EMPTY>, reply=RaftClientReply:client-A128CBF95CC4->71ff35e1-9876-4cd7-a897-fd9670beabcb@group-E43142290435, cid=68, FAILED org.apache.ratis.protocol.NotReplicatedException: Request with call Id 68 and log index 11 is not yet replicated to MAJORITY_COMMITTED, logIndex=11, commits[71ff35e1-9876-4cd7-a897-fd9670beabcb:c2, fe02ea69-9380-4bcd-bf4a-8927edb33a1c:c2, e4440853-ceb5-4c08-9120-56806a317b5f:c2]
2019-10-08 05:33:48,874 [grpc-default-executor-1] WARN  server.GrpcLogAppender (LogUtils.java:warn(134)) - 71ff35e1-9876-4cd7-a897-fd9670beabcb@group-E43142290435->fe02ea69-9380-4bcd-bf4a-8927edb33a1c-AppendLogResponseHandler: Failed appendEntries: org.apache.ratis.thirdparty.io.grpc.StatusRuntimeException: UNAVAILABLE: io exception
2019-10-08 05:33:48,875 [grpc-default-executor-5] WARN  server.GrpcLogAppender (LogUtils.java:warn(134)) - 71ff35e1-9876-4cd7-a897-fd9670beabcb@group-E43142290435->e4440853-ceb5-4c08-9120-56806a317b5f-AppendLogResponseHandler: Failed appendEntries: org.apache.ratis.thirdparty.io.grpc.StatusRuntimeException: UNAVAILABLE: io exception
2019-10-08 05:33:48,875 [grpc-default-executor-1] INFO  impl.FollowerInfo (FollowerInfo.java:lambda$new$0(51)) - 71ff35e1-9876-4cd7-a897-fd9670beabcb@group-E43142290435->fe02ea69-9380-4bcd-bf4a-8927edb33a1c: nextIndex: updateUnconditionally 0 -> 0
2019-10-08 05:33:48,875 [grpc-default-executor-5] INFO  impl.FollowerInfo (FollowerInfo.java:lambda$new$0(51)) - 71ff35e1-9876-4cd7-a897-fd9670beabcb@group-E43142290435->e4440853-ceb5-4c08-9120-56806a317b5f: nextIndex: updateUnconditionally 0 -> 0
2019-10-08 05:33:49,857 [Thread-2459] INFO  client.GrpcClientProtocolService (GrpcClientProtocolService.java:lambda$processClientRequest$0(278)) - Failed RaftClientRequest:client-A128CBF95CC4->71ff35e1-9876-4cd7-a897-fd9670beabcb@group-E43142290435, cid=67, seq=0, Watch-ALL_COMMITTED(11), Message:<EMPTY>, reply=RaftClientReply:client-A128CBF95CC4->71ff35e1-9876-4cd7-a897-fd9670beabcb@group-E43142290435, cid=67, FAILED org.apache.ratis.protocol.NotReplicatedException: Request with call Id 67 and log index 11 is not yet replicated to ALL_COMMITTED, logIndex=11, commits[71ff35e1-9876-4cd7-a897-fd9670beabcb:c2, fe02ea69-9380-4bcd-bf4a-8927edb33a1c:c2, e4440853-ceb5-4c08-9120-56806a317b5f:c2]
2019-10-08 05:33:51,378 [grpc-default-executor-1] WARN  server.GrpcLogAppender (LogUtils.java:warn(134)) - 71ff35e1-9876-4cd7-a897-fd9670beabcb@group-E43142290435->e4440853-ceb5-4c08-9120-56806a317b5f-AppendLogResponseHandler: Failed appendEntries: org.apache.ratis.thirdparty.io.grpc.StatusRuntimeException: UNAVAILABLE: io exception
2019-10-08 05:33:51,378 [grpc-default-executor-6] WARN  server.GrpcLogAppender (LogUtils.java:warn(134)) - 71ff35e1-9876-4cd7-a897-fd9670beabcb@group-E43142290435->fe02ea69-9380-4bcd-bf4a-8927edb33a1c-AppendLogResponseHandler: Failed appendEntries: org.apache.ratis.thirdparty.io.grpc.StatusRuntimeException: UNAVAILABLE: io exception
2019-10-08 05:33:51,379 [grpc-default-executor-1] INFO  impl.FollowerInfo (FollowerInfo.java:lambda$new$0(51)) - 71ff35e1-9876-4cd7-a897-fd9670beabcb@group-E43142290435->e4440853-ceb5-4c08-9120-56806a317b5f: nextIndex: updateUnconditionally 0 -> 0
2019-10-08 05:33:51,380 [grpc-default-executor-6] INFO  impl.FollowerInfo (FollowerInfo.java:lambda$new$0(51)) - 71ff35e1-9876-4cd7-a897-fd9670beabcb@group-E43142290435->fe02ea69-9380-4bcd-bf4a-8927edb33a1c: nextIndex: updateUnconditionally 0 -> 0
2019-10-08 05:33:53,161 [Thread-2443] INFO  impl.FollowerState (FollowerState.java:run(108)) - 30a29906-681b-4e4a-a42a-f88679188b7b@group-ED74B8DB72D4-FollowerState: change to CANDIDATE, lastRpcTime:5110ms, electionTimeout:5110ms
2019-10-08 05:33:53,161 [Thread-2443] INFO  impl.RoleInfo (RoleInfo.java:shutdownFollowerState(121)) - 30a29906-681b-4e4a-a42a-f88679188b7b: shutdown FollowerState
2019-10-08 05:33:53,161 [Thread-2443] INFO  impl.RaftServerImpl (RaftServerImpl.java:setRole(170)) - 30a29906-681b-4e4a-a42a-f88679188b7b@group-ED74B8DB72D4: changes role from  FOLLOWER to CANDIDATE at term 1 for changeToCandidate
2019-10-08 05:33:53,162 [Thread-2443] INFO  impl.RoleInfo (RoleInfo.java:updateAndGet(143)) - 30a29906-681b-4e4a-a42a-f88679188b7b: start LeaderElection
2019-10-08 05:33:53,175 [30a29906-681b-4e4a-a42a-f88679188b7b@group-ED74B8DB72D4-LeaderElection94] INFO  impl.LeaderElection (LeaderElection.java:askForVotes(178)) - 30a29906-681b-4e4a-a42a-f88679188b7b@group-ED74B8DB72D4-LeaderElection94: begin an election at term 2 for -1: [89bf3bfe-02a4-4689-8a3a-45b19efc6698:192.168.5.191:41637, 30a29906-681b-4e4a-a42a-f88679188b7b:192.168.5.191:40141, f072f66c-acb6-420a-bd63-1def1c73c314:192.168.5.191:37696], old=null
2019-10-08 05:33:53,179 [grpc-default-executor-1] INFO  impl.RaftServerImpl (RaftServerImpl.java:setRole(170)) - f072f66c-acb6-420a-bd63-1def1c73c314@group-ED74B8DB72D4: changes role from  FOLLOWER to FOLLOWER at term 2 for recognizeCandidate:30a29906-681b-4e4a-a42a-f88679188b7b
2019-10-08 05:33:53,179 [grpc-default-executor-6] INFO  impl.RaftServerImpl (RaftServerImpl.java:setRole(170)) - 89bf3bfe-02a4-4689-8a3a-45b19efc6698@group-ED74B8DB72D4: changes role from  FOLLOWER to FOLLOWER at term 2 for recognizeCandidate:30a29906-681b-4e4a-a42a-f88679188b7b
2019-10-08 05:33:53,179 [grpc-default-executor-1] INFO  impl.RoleInfo (RoleInfo.java:shutdownFollowerState(121)) - f072f66c-acb6-420a-bd63-1def1c73c314: shutdown FollowerState
2019-10-08 05:33:53,179 [grpc-default-executor-6] INFO  impl.RoleInfo (RoleInfo.java:shutdownFollowerState(121)) - 89bf3bfe-02a4-4689-8a3a-45b19efc6698: shutdown FollowerState
2019-10-08 05:33:53,179 [grpc-default-executor-1] INFO  impl.RoleInfo (RoleInfo.java:updateAndGet(143)) - f072f66c-acb6-420a-bd63-1def1c73c314: start FollowerState
2019-10-08 05:33:53,180 [Thread-2440] INFO  impl.FollowerState (FollowerState.java:run(117)) - f072f66c-acb6-420a-bd63-1def1c73c314@group-ED74B8DB72D4-FollowerState was interrupted: java.lang.InterruptedException: sleep interrupted
2019-10-08 05:33:53,180 [grpc-default-executor-6] INFO  impl.RoleInfo (RoleInfo.java:updateAndGet(143)) - 89bf3bfe-02a4-4689-8a3a-45b19efc6698: start FollowerState
2019-10-08 05:33:53,180 [Thread-2442] INFO  impl.FollowerState (FollowerState.java:run(117)) - 89bf3bfe-02a4-4689-8a3a-45b19efc6698@group-ED74B8DB72D4-FollowerState was interrupted: java.lang.InterruptedException: sleep interrupted
2019-10-08 05:33:53,195 [30a29906-681b-4e4a-a42a-f88679188b7b@group-ED74B8DB72D4-LeaderElection94] INFO  impl.LeaderElection (LeaderElection.java:logAndReturn(56)) - 30a29906-681b-4e4a-a42a-f88679188b7b@group-ED74B8DB72D4-LeaderElection94: Election PASSED; received 1 response(s) [30a29906-681b-4e4a-a42a-f88679188b7b<-f072f66c-acb6-420a-bd63-1def1c73c314#0:OK-t2] and 0 exception(s); 30a29906-681b-4e4a-a42a-f88679188b7b@group-ED74B8DB72D4:t2, leader=null, voted=30a29906-681b-4e4a-a42a-f88679188b7b, raftlog=30a29906-681b-4e4a-a42a-f88679188b7b@group-ED74B8DB72D4-SegmentedRaftLog:OPENED:c-1,f-1,i0, conf=-1: [89bf3bfe-02a4-4689-8a3a-45b19efc6698:192.168.5.191:41637, 30a29906-681b-4e4a-a42a-f88679188b7b:192.168.5.191:40141, f072f66c-acb6-420a-bd63-1def1c73c314:192.168.5.191:37696], old=null
2019-10-08 05:33:53,195 [30a29906-681b-4e4a-a42a-f88679188b7b@group-ED74B8DB72D4-LeaderElection94] INFO  impl.RoleInfo (RoleInfo.java:shutdownLeaderElection(134)) - 30a29906-681b-4e4a-a42a-f88679188b7b: shutdown LeaderElection
2019-10-08 05:33:53,195 [30a29906-681b-4e4a-a42a-f88679188b7b@group-ED74B8DB72D4-LeaderElection94] INFO  impl.RaftServerImpl (RaftServerImpl.java:setRole(170)) - 30a29906-681b-4e4a-a42a-f88679188b7b@group-ED74B8DB72D4: changes role from CANDIDATE to LEADER at term 2 for changeToLeader
2019-10-08 05:33:53,195 [30a29906-681b-4e4a-a42a-f88679188b7b@group-ED74B8DB72D4-LeaderElection94] INFO  impl.RaftServerImpl (ServerState.java:setLeader(255)) - 30a29906-681b-4e4a-a42a-f88679188b7b@group-ED74B8DB72D4: change Leader from null to 30a29906-681b-4e4a-a42a-f88679188b7b at term 2 for becomeLeader, leader elected after 10345ms
2019-10-08 05:33:53,196 [30a29906-681b-4e4a-a42a-f88679188b7b@group-ED74B8DB72D4-LeaderElection94] INFO  server.RaftServerConfigKeys (ConfUtils.java:logGet(43)) - raft.server.staging.catchup.gap = 1000 (default)
2019-10-08 05:33:53,196 [30a29906-681b-4e4a-a42a-f88679188b7b@group-ED74B8DB72D4-LeaderElection94] INFO  server.RaftServerConfigKeys (ConfUtils.java:logGet(43)) - raft.server.rpc.sleep.time = 25ms (default)
2019-10-08 05:33:53,196 [30a29906-681b-4e4a-a42a-f88679188b7b@group-ED74B8DB72D4-LeaderElection94] INFO  server.RaftServerConfigKeys (ConfUtils.java:logGet(43)) - raft.server.write.element-limit = 4096 (default)
2019-10-08 05:33:53,196 [30a29906-681b-4e4a-a42a-f88679188b7b@group-ED74B8DB72D4-LeaderElection94] INFO  server.RaftServerConfigKeys (ConfUtils.java:logGet(43)) - raft.server.watch.timeout = 10s (default)
2019-10-08 05:33:53,197 [30a29906-681b-4e4a-a42a-f88679188b7b@group-ED74B8DB72D4-LeaderElection94] INFO  server.RaftServerConfigKeys (ConfUtils.java:logGet(43)) - raft.server.watch.timeout.denomination = 1s (default)
2019-10-08 05:33:53,197 [30a29906-681b-4e4a-a42a-f88679188b7b@group-ED74B8DB72D4-LeaderElection94] INFO  server.RaftServerConfigKeys (ConfUtils.java:logGet(43)) - raft.server.watch.element-limit = 65536 (default)
2019-10-08 05:33:53,198 [Datanode State Machine Thread - 0] INFO  statemachine.DatanodeStateMachine (DatanodeStateMachine.java:lambda$startDaemon$0(350)) - Ozone container server started.
2019-10-08 05:33:53,199 [main] INFO  ozoneimpl.OzoneContainer (OzoneContainer.java:stop(227)) - Attempting to stop container services.
2019-10-08 05:33:53,200 [30a29906-681b-4e4a-a42a-f88679188b7b@group-ED74B8DB72D4-LeaderElection94] INFO  server.RaftServerConfigKeys (ConfUtils.java:logGet(43)) - raft.server.log.appender.snapshot.chunk.size.max = 16MB (=16777216) (default)
2019-10-08 05:33:53,200 [main] INFO  impl.RaftServerProxy (RaftServerProxy.java:lambda$close$4(314)) - ff36f637-8ae1-4c92-8b77-4e45f4128437: close
2019-10-08 05:33:53,200 [30a29906-681b-4e4a-a42a-f88679188b7b@group-ED74B8DB72D4-LeaderElection94] INFO  server.RaftServerConfigKeys (ConfUtils.java:logGet(43)) - raft.server.log.appender.buffer.byte-limit = 33554432 (custom)
2019-10-08 05:33:53,201 [30a29906-681b-4e4a-a42a-f88679188b7b@group-ED74B8DB72D4-LeaderElection94] INFO  server.RaftServerConfigKeys (ConfUtils.java:logGet(43)) - raft.server.log.appender.buffer.element-limit = 1 (custom)
2019-10-08 05:33:53,201 [main] INFO  impl.RaftServerImpl (RaftServerImpl.java:lambda$shutdown$3(247)) - ff36f637-8ae1-4c92-8b77-4e45f4128437@group-02D5F1FD265B: shutdown
2019-10-08 05:33:53,201 [30a29906-681b-4e4a-a42a-f88679188b7b@group-ED74B8DB72D4-LeaderElection94] INFO  grpc.GrpcConfigKeys$Server (ConfUtils.java:logGet(43)) - raft.grpc.server.leader.outstanding.appends.max = 128 (default)
2019-10-08 05:33:53,201 [main] INFO  util.JmxRegister (JmxRegister.java:unregister(73)) - Successfully un-registered JMX Bean with object name Ratis:service=RaftServer,group=group-02D5F1FD265B,id=ff36f637-8ae1-4c92-8b77-4e45f4128437
2019-10-08 05:33:53,201 [30a29906-681b-4e4a-a42a-f88679188b7b@group-ED74B8DB72D4-LeaderElection94] INFO  server.RaftServerConfigKeys (ConfUtils.java:logGet(43)) - raft.server.rpc.request.timeout = 3000ms (default)
2019-10-08 05:33:53,202 [main] INFO  impl.RoleInfo (RoleInfo.java:shutdownLeaderState(104)) - ff36f637-8ae1-4c92-8b77-4e45f4128437: shutdown LeaderState
2019-10-08 05:33:53,202 [30a29906-681b-4e4a-a42a-f88679188b7b@group-ED74B8DB72D4-LeaderElection94] INFO  server.RaftServerConfigKeys (ConfUtils.java:logGet(43)) - raft.server.log.appender.install.snapshot.enabled = false (custom)
2019-10-08 05:33:53,213 [main] INFO  impl.PendingRequests (PendingRequests.java:sendNotLeaderResponses(202)) - ff36f637-8ae1-4c92-8b77-4e45f4128437@group-02D5F1FD265B-PendingRequests: sendNotLeaderResponses
2019-10-08 05:33:53,213 [org.apache.ratis.server.impl.LogAppender$AppenderDaemon$$Lambda$513/30581826@7af4fed] WARN  server.GrpcLogAppender (GrpcLogAppender.java:mayWait(143)) - ff36f637-8ae1-4c92-8b77-4e45f4128437@group-02D5F1FD265B->82715cd2-5aaa-49a4-8076-9c50a0ba8668-GrpcLogAppender: Wait interrupted by java.lang.InterruptedException
2019-10-08 05:33:53,228 [main] INFO  impl.StateMachineUpdater (StateMachineUpdater.java:stopAndJoin(136)) - ff36f637-8ae1-4c92-8b77-4e45f4128437@group-02D5F1FD265B-StateMachineUpdater: set stopIndex = 2
2019-10-08 05:33:53,214 [30a29906-681b-4e4a-a42a-f88679188b7b@group-ED74B8DB72D4-LeaderElection94] INFO  server.RaftServerConfigKeys (ConfUtils.java:logGet(43)) - raft.server.log.appender.snapshot.chunk.size.max = 16MB (=16777216) (default)
2019-10-08 05:33:53,214 [org.apache.ratis.server.impl.LogAppender$AppenderDaemon$$Lambda$513/30581826@19d3f7e6] WARN  server.GrpcLogAppender (GrpcLogAppender.java:mayWait(143)) - ff36f637-8ae1-4c92-8b77-4e45f4128437@group-02D5F1FD265B->0b4587bd-9f4b-4d13-9ec4-affd273f2fd1-GrpcLogAppender: Wait interrupted by java.lang.InterruptedException
2019-10-08 05:33:53,229 [ff36f637-8ae1-4c92-8b77-4e45f4128437@group-02D5F1FD265B-StateMachineUpdater] INFO  ratis.ContainerStateMachine (ContainerStateMachine.java:takeSnapshot(294)) - group-02D5F1FD265B: Taking a snapshot at:(t:1, i:2) file /workdir/hadoop-ozone/integration-test/target/test-dir/MiniOzoneClusterImpl-8a4d0be6-78bc-4c65-8bee-12b8c2006f27/datanode-0/data/ratis/a7b04686-8634-4694-bbef-02d5f1fd265b/sm/snapshot.1_2
2019-10-08 05:33:53,229 [30a29906-681b-4e4a-a42a-f88679188b7b@group-ED74B8DB72D4-LeaderElection94] INFO  server.RaftServerConfigKeys (ConfUtils.java:logGet(43)) - raft.server.log.appender.buffer.byte-limit = 33554432 (custom)
2019-10-08 05:33:53,229 [grpc-default-executor-6] INFO  server.GrpcServerProtocolService (GrpcServerProtocolService.java:onCompleted(113)) - 82715cd2-5aaa-49a4-8076-9c50a0ba8668: Completed APPEND_ENTRIES, lastRequest: ff36f637-8ae1-4c92-8b77-4e45f4128437->82715cd2-5aaa-49a4-8076-9c50a0ba8668#5-t1, previous=(t:1, i:2), leaderCommit=2, initializing? false, entries: <empty>
2019-10-08 05:33:53,229 [30a29906-681b-4e4a-a42a-f88679188b7b@group-ED74B8DB72D4-LeaderElection94] INFO  server.RaftServerConfigKeys (ConfUtils.java:logGet(43)) - raft.server.log.appender.buffer.element-limit = 1 (custom)
2019-10-08 05:33:53,229 [grpc-default-executor-1] INFO  server.GrpcServerProtocolService (GrpcServerProtocolService.java:onCompleted(113)) - 0b4587bd-9f4b-4d13-9ec4-affd273f2fd1: Completed APPEND_ENTRIES, lastRequest: ff36f637-8ae1-4c92-8b77-4e45f4128437->0b4587bd-9f4b-4d13-9ec4-affd273f2fd1#5-t1, previous=(t:1, i:2), leaderCommit=2, initializing? false, entries: <empty>
2019-10-08 05:33:53,230 [30a29906-681b-4e4a-a42a-f88679188b7b@group-ED74B8DB72D4-LeaderElection94] INFO  grpc.GrpcConfigKeys$Server (ConfUtils.java:logGet(43)) - raft.grpc.server.leader.outstanding.appends.max = 128 (default)
2019-10-08 05:33:53,230 [grpc-default-executor-6] INFO  server.GrpcLogAppender (GrpcLogAppender.java:onCompleted(293)) - ff36f637-8ae1-4c92-8b77-4e45f4128437@group-02D5F1FD265B->82715cd2-5aaa-49a4-8076-9c50a0ba8668-AppendLogResponseHandler: follower responses appendEntries COMPLETED
2019-10-08 05:33:53,230 [grpc-default-executor-4] INFO  server.GrpcLogAppender (GrpcLogAppender.java:onCompleted(293)) - ff36f637-8ae1-4c92-8b77-4e45f4128437@group-02D5F1FD265B->0b4587bd-9f4b-4d13-9ec4-affd273f2fd1-AppendLogResponseHandler: follower responses appendEntries COMPLETED
2019-10-08 05:33:53,230 [30a29906-681b-4e4a-a42a-f88679188b7b@group-ED74B8DB72D4-LeaderElection94] INFO  server.RaftServerConfigKeys (ConfUtils.java:logGet(43)) - raft.server.rpc.request.timeout = 3000ms (default)
2019-10-08 05:33:53,231 [grpc-default-executor-6] INFO  impl.FollowerInfo (FollowerInfo.java:lambda$new$0(51)) - ff36f637-8ae1-4c92-8b77-4e45f4128437@group-02D5F1FD265B->82715cd2-5aaa-49a4-8076-9c50a0ba8668: nextIndex: updateUnconditionally 3 -> 2
2019-10-08 05:33:53,231 [30a29906-681b-4e4a-a42a-f88679188b7b@group-ED74B8DB72D4-LeaderElection94] INFO  server.RaftServerConfigKeys (ConfUtils.java:logGet(43)) - raft.server.log.appender.install.snapshot.enabled = false (custom)
2019-10-08 05:33:53,231 [grpc-default-executor-4] INFO  impl.FollowerInfo (FollowerInfo.java:lambda$new$0(51)) - ff36f637-8ae1-4c92-8b77-4e45f4128437@group-02D5F1FD265B->0b4587bd-9f4b-4d13-9ec4-affd273f2fd1: nextIndex: updateUnconditionally 3 -> 2
2019-10-08 05:33:53,231 [30a29906-681b-4e4a-a42a-f88679188b7b@group-ED74B8DB72D4-LeaderElection94] INFO  impl.RoleInfo (RoleInfo.java:updateAndGet(143)) - 30a29906-681b-4e4a-a42a-f88679188b7b: start LeaderState
2019-10-08 05:33:53,231 [30a29906-681b-4e4a-a42a-f88679188b7b@group-ED74B8DB72D4-LeaderElection94] INFO  segmented.SegmentedRaftLogWorker (SegmentedRaftLogWorker.java:startLogSegment(385)) - 30a29906-681b-4e4a-a42a-f88679188b7b@group-ED74B8DB72D4-SegmentedRaftLogWorker: Starting segment from index:0
2019-10-08 05:33:53,232 [30a29906-681b-4e4a-a42a-f88679188b7b@group-ED74B8DB72D4-LeaderElection94] INFO  impl.RaftServerImpl (ServerState.java:setRaftConf(356)) - 30a29906-681b-4e4a-a42a-f88679188b7b@group-ED74B8DB72D4: set configuration 0: [89bf3bfe-02a4-4689-8a3a-45b19efc6698:192.168.5.191:41637, 30a29906-681b-4e4a-a42a-f88679188b7b:192.168.5.191:40141, f072f66c-acb6-420a-bd63-1def1c73c314:192.168.5.191:37696], old=null at 0
2019-10-08 05:33:53,233 [grpc-default-executor-4] INFO  impl.RaftServerImpl (ServerState.java:setLeader(255)) - 89bf3bfe-02a4-4689-8a3a-45b19efc6698@group-ED74B8DB72D4: change Leader from null to 30a29906-681b-4e4a-a42a-f88679188b7b at term 2 for appendEntries, leader elected after 10382ms
2019-10-08 05:33:53,234 [grpc-default-executor-6] INFO  impl.RaftServerImpl (ServerState.java:setLeader(255)) - f072f66c-acb6-420a-bd63-1def1c73c314@group-ED74B8DB72D4: change Leader from null to 30a29906-681b-4e4a-a42a-f88679188b7b at term 2 for appendEntries, leader elected after 10383ms
2019-10-08 05:33:53,236 [grpc-default-executor-6] INFO  impl.RaftServerImpl (ServerState.java:setRaftConf(356)) - 89bf3bfe-02a4-4689-8a3a-45b19efc6698@group-ED74B8DB72D4: set configuration 0: [89bf3bfe-02a4-4689-8a3a-45b19efc6698:192.168.5.191:41637, 30a29906-681b-4e4a-a42a-f88679188b7b:192.168.5.191:40141, f072f66c-acb6-420a-bd63-1def1c73c314:192.168.5.191:37696], old=null at 0
2019-10-08 05:33:53,236 [grpc-default-executor-4] INFO  impl.RaftServerImpl (ServerState.java:setRaftConf(356)) - f072f66c-acb6-420a-bd63-1def1c73c314@group-ED74B8DB72D4: set configuration 0: [89bf3bfe-02a4-4689-8a3a-45b19efc6698:192.168.5.191:41637, 30a29906-681b-4e4a-a42a-f88679188b7b:192.168.5.191:40141, f072f66c-acb6-420a-bd63-1def1c73c314:192.168.5.191:37696], old=null at 0
2019-10-08 05:33:53,236 [grpc-default-executor-6] INFO  segmented.SegmentedRaftLogWorker (SegmentedRaftLogWorker.java:startLogSegment(385)) - 89bf3bfe-02a4-4689-8a3a-45b19efc6698@group-ED74B8DB72D4-SegmentedRaftLogWorker: Starting segment from index:0
2019-10-08 05:33:53,236 [grpc-default-executor-4] INFO  segmented.SegmentedRaftLogWorker (SegmentedRaftLogWorker.java:startLogSegment(385)) - f072f66c-acb6-420a-bd63-1def1c73c314@group-ED74B8DB72D4-SegmentedRaftLogWorker: Starting segment from index:0
2019-10-08 05:33:53,242 [ff36f637-8ae1-4c92-8b77-4e45f4128437@group-02D5F1FD265B-StateMachineUpdater] INFO  ratis.ContainerStateMachine (ContainerStateMachine.java:takeSnapshot(305)) - group-02D5F1FD265B: Finished taking a snapshot at:(t:1, i:2) file:/workdir/hadoop-ozone/integration-test/target/test-dir/MiniOzoneClusterImpl-8a4d0be6-78bc-4c65-8bee-12b8c2006f27/datanode-0/data/ratis/a7b04686-8634-4694-bbef-02d5f1fd265b/sm/snapshot.1_2 time:13
2019-10-08 05:33:53,242 [ff36f637-8ae1-4c92-8b77-4e45f4128437@group-02D5F1FD265B-StateMachineUpdater] INFO  impl.StateMachineUpdater (StateMachineUpdater.java:takeSnapshot(269)) - ff36f637-8ae1-4c92-8b77-4e45f4128437@group-02D5F1FD265B-StateMachineUpdater: Took a snapshot at index 2
2019-10-08 05:33:53,242 [ff36f637-8ae1-4c92-8b77-4e45f4128437@group-02D5F1FD265B-StateMachineUpdater] INFO  impl.StateMachineUpdater (StateMachineUpdater.java:lambda$new$0(84)) - ff36f637-8ae1-4c92-8b77-4e45f4128437@group-02D5F1FD265B-StateMachineUpdater: snapshotIndex: updateIncreasingly -1 -> 2
2019-10-08 05:33:53,243 [main] INFO  impl.RaftServerImpl (ServerState.java:close(387)) - ff36f637-8ae1-4c92-8b77-4e45f4128437@group-02D5F1FD265B: closes. applyIndex: 2
2019-10-08 05:33:53,243 [ff36f637-8ae1-4c92-8b77-4e45f4128437@group-02D5F1FD265B-SegmentedRaftLogWorker] INFO  segmented.SegmentedRaftLogWorker (SegmentedRaftLogWorker.java:run(316)) - ff36f637-8ae1-4c92-8b77-4e45f4128437@group-02D5F1FD265B-SegmentedRaftLogWorker was interrupted, exiting. There are 0 tasks remaining in the queue.
2019-10-08 05:33:53,277 [main] INFO  segmented.SegmentedRaftLogWorker (SegmentedRaftLogWorker.java:close(224)) - ff36f637-8ae1-4c92-8b77-4e45f4128437@group-02D5F1FD265B-SegmentedRaftLogWorker close()
2019-10-08 05:33:53,286 [main] INFO  impl.RaftServerImpl (RaftServerImpl.java:lambda$shutdown$3(247)) - ff36f637-8ae1-4c92-8b77-4e45f4128437@group-6A31793B8BB0: shutdown
2019-10-08 05:33:53,286 [main] INFO  util.JmxRegister (JmxRegister.java:unregister(73)) - Successfully un-registered JMX Bean with object name Ratis:service=RaftServer,group=group-6A31793B8BB0,id=ff36f637-8ae1-4c92-8b77-4e45f4128437
2019-10-08 05:33:53,286 [main] INFO  impl.RoleInfo (RoleInfo.java:shutdownLeaderState(104)) - ff36f637-8ae1-4c92-8b77-4e45f4128437: shutdown LeaderState
2019-10-08 05:33:53,287 [main] INFO  impl.PendingRequests (PendingRequests.java:sendNotLeaderResponses(202)) - ff36f637-8ae1-4c92-8b77-4e45f4128437@group-6A31793B8BB0-PendingRequests: sendNotLeaderResponses
2019-10-08 05:33:53,287 [main] INFO  impl.StateMachineUpdater (StateMachineUpdater.java:stopAndJoin(136)) - ff36f637-8ae1-4c92-8b77-4e45f4128437@group-6A31793B8BB0-StateMachineUpdater: set stopIndex = 0
2019-10-08 05:33:53,287 [main] INFO  impl.RaftServerImpl (ServerState.java:close(387)) - ff36f637-8ae1-4c92-8b77-4e45f4128437@group-6A31793B8BB0: closes. applyIndex: 0
2019-10-08 05:33:53,288 [ff36f637-8ae1-4c92-8b77-4e45f4128437@group-6A31793B8BB0-SegmentedRaftLogWorker] INFO  segmented.SegmentedRaftLogWorker (SegmentedRaftLogWorker.java:run(316)) - ff36f637-8ae1-4c92-8b77-4e45f4128437@group-6A31793B8BB0-SegmentedRaftLogWorker was interrupted, exiting. There are 0 tasks remaining in the queue.
2019-10-08 05:33:53,292 [main] INFO  segmented.SegmentedRaftLogWorker (SegmentedRaftLogWorker.java:close(224)) - ff36f637-8ae1-4c92-8b77-4e45f4128437@group-6A31793B8BB0-SegmentedRaftLogWorker close()
2019-10-08 05:33:53,300 [main] INFO  server.GrpcService (GrpcService.java:closeImpl(164)) - ff36f637-8ae1-4c92-8b77-4e45f4128437: shutdown server with port 40836 now
2019-10-08 05:33:53,306 [89bf3bfe-02a4-4689-8a3a-45b19efc6698@group-ED74B8DB72D4-SegmentedRaftLogWorker] INFO  segmented.SegmentedRaftLogWorker (SegmentedRaftLogWorker.java:execute(574)) - 89bf3bfe-02a4-4689-8a3a-45b19efc6698@group-ED74B8DB72D4-SegmentedRaftLogWorker: created new log segment /workdir/hadoop-ozone/integration-test/target/test-dir/MiniOzoneClusterImpl-8a4d0be6-78bc-4c65-8bee-12b8c2006f27/datanode-5/data/ratis/bda12f2d-4b78-4835-996b-ed74b8db72d4/current/log_inprogress_0
2019-10-08 05:33:53,306 [30a29906-681b-4e4a-a42a-f88679188b7b@group-ED74B8DB72D4-SegmentedRaftLogWorker] INFO  segmented.SegmentedRaftLogWorker (SegmentedRaftLogWorker.java:execute(574)) - 30a29906-681b-4e4a-a42a-f88679188b7b@group-ED74B8DB72D4-SegmentedRaftLogWorker: created new log segment /workdir/hadoop-ozone/integration-test/target/test-dir/MiniOzoneClusterImpl-8a4d0be6-78bc-4c65-8bee-12b8c2006f27/datanode-3/data/ratis/bda12f2d-4b78-4835-996b-ed74b8db72d4/current/log_inprogress_0
2019-10-08 05:33:53,306 [main] INFO  server.GrpcService (GrpcService.java:closeImpl(172)) - ff36f637-8ae1-4c92-8b77-4e45f4128437: shutdown server with port 40836 successfully
2019-10-08 05:33:53,306 [f072f66c-acb6-420a-bd63-1def1c73c314@group-ED74B8DB72D4-SegmentedRaftLogWorker] INFO  segmented.SegmentedRaftLogWorker (SegmentedRaftLogWorker.java:execute(574)) - f072f66c-acb6-420a-bd63-1def1c73c314@group-ED74B8DB72D4-SegmentedRaftLogWorker: created new log segment /workdir/hadoop-ozone/integration-test/target/test-dir/MiniOzoneClusterImpl-8a4d0be6-78bc-4c65-8bee-12b8c2006f27/datanode-4/data/ratis/bda12f2d-4b78-4835-996b-ed74b8db72d4/current/log_inprogress_0
2019-10-08 05:33:53,313 [refreshUsed-/workdir/hadoop-ozone/integration-test/target/test-dir/MiniOzoneClusterImpl-8a4d0be6-78bc-4c65-8bee-12b8c2006f27/datanode-0/data/containers] WARN  fs.CachingGetSpaceUsed (CachingGetSpaceUsed.java:run(183)) - Thread Interrupted waiting to refresh disk information: sleep interrupted
2019-10-08 05:33:53,330 [main] INFO  utils.BackgroundService (BackgroundService.java:shutdown(148)) - Shutting down service BlockDeletingService
2019-10-08 05:33:53,339 [main] INFO  statemachine.DatanodeStateMachine (DatanodeStateMachine.java:stopDaemon(395)) - Ozone container server stopped.
2019-10-08 05:33:53,352 [main] INFO  handler.ContextHandler (ContextHandler.java:doStop(910)) - Stopped o.e.j.w.WebAppContext@515ab3f2{/,null,UNAVAILABLE}{/hddsDatanode}
2019-10-08 05:33:53,352 [main] INFO  server.AbstractConnector (AbstractConnector.java:doStop(318)) - Stopped ServerConnector@6d0e45a5{HTTP/1.1,[http/1.1]}{0.0.0.0:0}
2019-10-08 05:33:53,353 [main] INFO  handler.ContextHandler (ContextHandler.java:doStop(910)) - Stopped o.e.j.s.ServletContextHandler@1fb2eec{/static,jar:file:/home/user/.m2/repository/org/apache/hadoop/hadoop-hdds-container-service/0.5.0-SNAPSHOT/hadoop-hdds-container-service-0.5.0-SNAPSHOT.jar!/webapps/static,UNAVAILABLE}
2019-10-08 05:33:53,353 [main] INFO  handler.ContextHandler (ContextHandler.java:doStop(910)) - Stopped o.e.j.s.ServletContextHandler@752b69e3{/logs,file:///workdir/hadoop-ozone/integration-test/target/log,UNAVAILABLE}
2019-10-08 05:33:53,788 [EventQueue-StaleNodeForStaleNodeHandler] INFO  node.StaleNodeHandler (StaleNodeHandler.java:onMessage(58)) - Datanode fe02ea69-9380-4bcd-bf4a-8927edb33a1c{ip: 192.168.5.191, host: trunk-nightly-20191008-swvtb-1756096174, networkLocation: /default-rack, certSerialId: null} moved to stale state. Finalizing its pipelines [PipelineID=d213ebb5-2399-4c67-9ced-e43142290435, PipelineID=7709cfc8-804e-414b-ab83-3f7d487adca9]
2019-10-08 05:33:53,789 [EventQueue-StaleNodeForStaleNodeHandler] INFO  pipeline.SCMPipelineManager (SCMPipelineManager.java:finalizeAndDestroyPipeline(315)) - destroying pipeline:Pipeline[ Id: d213ebb5-2399-4c67-9ced-e43142290435, Nodes: fe02ea69-9380-4bcd-bf4a-8927edb33a1c{ip: 192.168.5.191, host: trunk-nightly-20191008-swvtb-1756096174, networkLocation: /default-rack, certSerialId: null}e4440853-ceb5-4c08-9120-56806a317b5f{ip: 192.168.5.191, host: trunk-nightly-20191008-swvtb-1756096174, networkLocation: /default-rack, certSerialId: null}71ff35e1-9876-4cd7-a897-fd9670beabcb{ip: 192.168.5.191, host: trunk-nightly-20191008-swvtb-1756096174, networkLocation: /default-rack, certSerialId: null}, Type:RATIS, Factor:THREE, State:OPEN]
2019-10-08 05:33:53,789 [EventQueue-StaleNodeForStaleNodeHandler] INFO  pipeline.PipelineStateManager (PipelineStateManager.java:finalizePipeline(123)) - Pipeline Pipeline[ Id: d213ebb5-2399-4c67-9ced-e43142290435, Nodes: fe02ea69-9380-4bcd-bf4a-8927edb33a1c{ip: 192.168.5.191, host: trunk-nightly-20191008-swvtb-1756096174, networkLocation: /default-rack, certSerialId: null}e4440853-ceb5-4c08-9120-56806a317b5f{ip: 192.168.5.191, host: trunk-nightly-20191008-swvtb-1756096174, networkLocation: /default-rack, certSerialId: null}71ff35e1-9876-4cd7-a897-fd9670beabcb{ip: 192.168.5.191, host: trunk-nightly-20191008-swvtb-1756096174, networkLocation: /default-rack, certSerialId: null}, Type:RATIS, Factor:THREE, State:CLOSED] moved to CLOSED state
2019-10-08 05:33:53,790 [EventQueue-CloseContainerForCloseContainerEventHandler] INFO  container.CloseContainerEventHandler (CloseContainerEventHandler.java:onMessage(61)) - Close container Event triggered for container : #1
2019-10-08 05:33:53,790 [EventQueue-StaleNodeForStaleNodeHandler] INFO  pipeline.SCMPipelineManager (SCMPipelineManager.java:finalizeAndDestroyPipeline(315)) - destroying pipeline:Pipeline[ Id: 7709cfc8-804e-414b-ab83-3f7d487adca9, Nodes: fe02ea69-9380-4bcd-bf4a-8927edb33a1c{ip: 192.168.5.191, host: trunk-nightly-20191008-swvtb-1756096174, networkLocation: /default-rack, certSerialId: null}, Type:RATIS, Factor:ONE, State:OPEN]
2019-10-08 05:33:53,790 [EventQueue-StaleNodeForStaleNodeHandler] INFO  pipeline.PipelineStateManager (PipelineStateManager.java:finalizePipeline(123)) - Pipeline Pipeline[ Id: 7709cfc8-804e-414b-ab83-3f7d487adca9, Nodes: fe02ea69-9380-4bcd-bf4a-8927edb33a1c{ip: 192.168.5.191, host: trunk-nightly-20191008-swvtb-1756096174, networkLocation: /default-rack, certSerialId: null}, Type:RATIS, Factor:ONE, State:CLOSED] moved to CLOSED state
2019-10-08 05:33:53,877 [grpc-default-executor-7] WARN  server.GrpcLogAppender (LogUtils.java:warn(134)) - 71ff35e1-9876-4cd7-a897-fd9670beabcb@group-E43142290435->fe02ea69-9380-4bcd-bf4a-8927edb33a1c-AppendLogResponseHandler: Failed appendEntries: org.apache.ratis.thirdparty.io.grpc.StatusRuntimeException: UNAVAILABLE: io exception
2019-10-08 05:33:53,877 [grpc-default-executor-4] WARN  server.GrpcLogAppender (LogUtils.java:warn(134)) - 71ff35e1-9876-4cd7-a897-fd9670beabcb@group-E43142290435->e4440853-ceb5-4c08-9120-56806a317b5f-AppendLogResponseHandler: Failed appendEntries: org.apache.ratis.thirdparty.io.grpc.StatusRuntimeException: UNAVAILABLE: io exception
2019-10-08 05:33:53,877 [grpc-default-executor-7] INFO  impl.FollowerInfo (FollowerInfo.java:lambda$new$0(51)) - 71ff35e1-9876-4cd7-a897-fd9670beabcb@group-E43142290435->fe02ea69-9380-4bcd-bf4a-8927edb33a1c: nextIndex: updateUnconditionally 0 -> 0
2019-10-08 05:33:53,877 [grpc-default-executor-4] INFO  impl.FollowerInfo (FollowerInfo.java:lambda$new$0(51)) - 71ff35e1-9876-4cd7-a897-fd9670beabcb@group-E43142290435->e4440853-ceb5-4c08-9120-56806a317b5f: nextIndex: updateUnconditionally 0 -> 0
2019-10-08 05:33:56,007 [grpc-default-executor-1] WARN  server.GrpcLogAppender (LogUtils.java:warn(134)) - 71ff35e1-9876-4cd7-a897-fd9670beabcb@group-E43142290435->fe02ea69-9380-4bcd-bf4a-8927edb33a1c-AppendLogResponseHandler: Failed appendEntries: org.apache.ratis.thirdparty.io.grpc.StatusRuntimeException: UNAVAILABLE: io exception
2019-10-08 05:33:56,008 [grpc-default-executor-5] WARN  server.GrpcLogAppender (LogUtils.java:warn(134)) - 71ff35e1-9876-4cd7-a897-fd9670beabcb@group-E43142290435->e4440853-ceb5-4c08-9120-56806a317b5f-AppendLogResponseHandler: Failed appendEntries: org.apache.ratis.thirdparty.io.grpc.StatusRuntimeException: UNAVAILABLE: io exception
2019-10-08 05:33:56,008 [grpc-default-executor-1] INFO  impl.FollowerInfo (FollowerInfo.java:lambda$new$0(51)) - 71ff35e1-9876-4cd7-a897-fd9670beabcb@group-E43142290435->fe02ea69-9380-4bcd-bf4a-8927edb33a1c: nextIndex: updateUnconditionally 1 -> 0
2019-10-08 05:33:56,008 [grpc-default-executor-5] INFO  impl.FollowerInfo (FollowerInfo.java:lambda$new$0(51)) - 71ff35e1-9876-4cd7-a897-fd9670beabcb@group-E43142290435->e4440853-ceb5-4c08-9120-56806a317b5f: nextIndex: updateUnconditionally 1 -> 0
2019-10-08 05:33:58,537 [grpc-default-executor-7] WARN  server.GrpcLogAppender (LogUtils.java:warn(134)) - 71ff35e1-9876-4cd7-a897-fd9670beabcb@group-E43142290435->fe02ea69-9380-4bcd-bf4a-8927edb33a1c-AppendLogResponseHandler: Failed appendEntries: org.apache.ratis.thirdparty.io.grpc.StatusRuntimeException: UNAVAILABLE: io exception
2019-10-08 05:33:58,537 [grpc-default-executor-6] WARN  server.GrpcLogAppender (LogUtils.java:warn(134)) - 71ff35e1-9876-4cd7-a897-fd9670beabcb@group-E43142290435->e4440853-ceb5-4c08-9120-56806a317b5f-AppendLogResponseHandler: Failed appendEntries: org.apache.ratis.thirdparty.io.grpc.StatusRuntimeException: UNAVAILABLE: io exception
2019-10-08 05:33:58,537 [grpc-default-executor-7] INFO  impl.FollowerInfo (FollowerInfo.java:lambda$new$0(51)) - 71ff35e1-9876-4cd7-a897-fd9670beabcb@group-E43142290435->fe02ea69-9380-4bcd-bf4a-8927edb33a1c: nextIndex: updateUnconditionally 0 -> 0
2019-10-08 05:33:58,542 [grpc-default-executor-6] INFO  impl.FollowerInfo (FollowerInfo.java:lambda$new$0(51)) - 71ff35e1-9876-4cd7-a897-fd9670beabcb@group-E43142290435->e4440853-ceb5-4c08-9120-56806a317b5f: nextIndex: updateUnconditionally 0 -> 0
2019-10-08 05:33:58,858 [Thread-2511] INFO  client.GrpcClientProtocolService (GrpcClientProtocolService.java:lambda$processClientRequest$0(278)) - Failed RaftClientRequest:client-A128CBF95CC4->71ff35e1-9876-4cd7-a897-fd9670beabcb@group-E43142290435, cid=68, seq=0, Watch-MAJORITY_COMMITTED(11), Message:<EMPTY>, reply=RaftClientReply:client-A128CBF95CC4->71ff35e1-9876-4cd7-a897-fd9670beabcb@group-E43142290435, cid=68, FAILED org.apache.ratis.protocol.NotReplicatedException: Request with call Id 68 and log index 11 is not yet replicated to MAJORITY_COMMITTED, logIndex=11, commits[71ff35e1-9876-4cd7-a897-fd9670beabcb:c2, fe02ea69-9380-4bcd-bf4a-8927edb33a1c:c2, e4440853-ceb5-4c08-9120-56806a317b5f:c2]
2019-10-08 05:33:58,999 [EventQueue-StaleNodeForStaleNodeHandler] INFO  node.StaleNodeHandler (StaleNodeHandler.java:onMessage(58)) - Datanode e4440853-ceb5-4c08-9120-56806a317b5f{ip: 192.168.5.191, host: trunk-nightly-20191008-swvtb-1756096174, networkLocation: /default-rack, certSerialId: null} moved to stale state. Finalizing its pipelines [PipelineID=c882a089-5cb7-4305-802a-633478453dd6, PipelineID=d213ebb5-2399-4c67-9ced-e43142290435]
2019-10-08 05:33:58,999 [EventQueue-StaleNodeForStaleNodeHandler] INFO  pipeline.SCMPipelineManager (SCMPipelineManager.java:finalizeAndDestroyPipeline(315)) - destroying pipeline:Pipeline[ Id: c882a089-5cb7-4305-802a-633478453dd6, Nodes: e4440853-ceb5-4c08-9120-56806a317b5f{ip: 192.168.5.191, host: trunk-nightly-20191008-swvtb-1756096174, networkLocation: /default-rack, certSerialId: null}, Type:RATIS, Factor:ONE, State:OPEN]
2019-10-08 05:33:58,999 [EventQueue-StaleNodeForStaleNodeHandler] INFO  pipeline.PipelineStateManager (PipelineStateManager.java:finalizePipeline(123)) - Pipeline Pipeline[ Id: c882a089-5cb7-4305-802a-633478453dd6, Nodes: e4440853-ceb5-4c08-9120-56806a317b5f{ip: 192.168.5.191, host: trunk-nightly-20191008-swvtb-1756096174, networkLocation: /default-rack, certSerialId: null}, Type:RATIS, Factor:ONE, State:CLOSED] moved to CLOSED state
2019-10-08 05:33:59,000 [EventQueue-StaleNodeForStaleNodeHandler] INFO  pipeline.SCMPipelineManager (SCMPipelineManager.java:finalizeAndDestroyPipeline(315)) - destroying pipeline:Pipeline[ Id: d213ebb5-2399-4c67-9ced-e43142290435, Nodes: fe02ea69-9380-4bcd-bf4a-8927edb33a1c{ip: 192.168.5.191, host: trunk-nightly-20191008-swvtb-1756096174, networkLocation: /default-rack, certSerialId: null}e4440853-ceb5-4c08-9120-56806a317b5f{ip: 192.168.5.191, host: trunk-nightly-20191008-swvtb-1756096174, networkLocation: /default-rack, certSerialId: null}71ff35e1-9876-4cd7-a897-fd9670beabcb{ip: 192.168.5.191, host: trunk-nightly-20191008-swvtb-1756096174, networkLocation: /default-rack, certSerialId: null}, Type:RATIS, Factor:THREE, State:CLOSED]
2019-10-08 05:34:01,037 [grpc-default-executor-1] WARN  server.GrpcLogAppender (LogUtils.java:warn(134)) - 71ff35e1-9876-4cd7-a897-fd9670beabcb@group-E43142290435->fe02ea69-9380-4bcd-bf4a-8927edb33a1c-AppendLogResponseHandler: Failed appendEntries: org.apache.ratis.thirdparty.io.grpc.StatusRuntimeException: UNAVAILABLE: io exception
2019-10-08 05:34:01,037 [grpc-default-executor-6] WARN  server.GrpcLogAppender (LogUtils.java:warn(134)) - 71ff35e1-9876-4cd7-a897-fd9670beabcb@group-E43142290435->e4440853-ceb5-4c08-9120-56806a317b5f-AppendLogResponseHandler: Failed appendEntries: org.apache.ratis.thirdparty.io.grpc.StatusRuntimeException: UNAVAILABLE: io exception
2019-10-08 05:34:01,038 [grpc-default-executor-1] INFO  impl.FollowerInfo (FollowerInfo.java:lambda$new$0(51)) - 71ff35e1-9876-4cd7-a897-fd9670beabcb@group-E43142290435->fe02ea69-9380-4bcd-bf4a-8927edb33a1c: nextIndex: updateUnconditionally 0 -> 0
2019-10-08 05:34:01,038 [grpc-default-executor-6] INFO  impl.FollowerInfo (FollowerInfo.java:lambda$new$0(51)) - 71ff35e1-9876-4cd7-a897-fd9670beabcb@group-E43142290435->e4440853-ceb5-4c08-9120-56806a317b5f: nextIndex: updateUnconditionally 0 -> 0
2019-10-08 05:34:02,658 [Thread-2411] INFO  impl.FollowerState (FollowerState.java:run(108)) - 82715cd2-5aaa-49a4-8076-9c50a0ba8668@group-02D5F1FD265B-FollowerState: change to CANDIDATE, lastRpcTime:9554ms, electionTimeout:5037ms
2019-10-08 05:34:02,658 [Thread-2411] INFO  impl.RoleInfo (RoleInfo.java:shutdownFollowerState(121)) - 82715cd2-5aaa-49a4-8076-9c50a0ba8668: shutdown FollowerState
2019-10-08 05:34:02,659 [Thread-2411] INFO  impl.RaftServerImpl (RaftServerImpl.java:setRole(170)) - 82715cd2-5aaa-49a4-8076-9c50a0ba8668@group-02D5F1FD265B: changes role from  FOLLOWER to CANDIDATE at term 1 for changeToCandidate
2019-10-08 05:34:02,659 [Thread-2411] INFO  impl.RoleInfo (RoleInfo.java:updateAndGet(143)) - 82715cd2-5aaa-49a4-8076-9c50a0ba8668: start LeaderElection
2019-10-08 05:34:02,660 [82715cd2-5aaa-49a4-8076-9c50a0ba8668@group-02D5F1FD265B-LeaderElection95] INFO  impl.RaftServerImpl (ServerState.java:setLeader(255)) - 82715cd2-5aaa-49a4-8076-9c50a0ba8668@group-02D5F1FD265B: change Leader from ff36f637-8ae1-4c92-8b77-4e45f4128437 to null at term 1 for initElection
2019-10-08 05:34:02,674 [82715cd2-5aaa-49a4-8076-9c50a0ba8668@group-02D5F1FD265B-LeaderElection95] INFO  impl.LeaderElection (LeaderElection.java:askForVotes(178)) - 82715cd2-5aaa-49a4-8076-9c50a0ba8668@group-02D5F1FD265B-LeaderElection95: begin an election at term 2 for 0: [ff36f637-8ae1-4c92-8b77-4e45f4128437:192.168.5.191:40836, 0b4587bd-9f4b-4d13-9ec4-affd273f2fd1:192.168.5.191:42266, 82715cd2-5aaa-49a4-8076-9c50a0ba8668:192.168.5.191:44968], old=null
2019-10-08 05:34:02,681 [82715cd2-5aaa-49a4-8076-9c50a0ba8668@group-02D5F1FD265B-LeaderElection95] INFO  impl.LeaderElection (LogUtils.java:infoOrTrace(149)) - 82715cd2-5aaa-49a4-8076-9c50a0ba8668@group-02D5F1FD265B-LeaderElection95 got exception when requesting votes: {}
java.util.concurrent.ExecutionException: org.apache.ratis.thirdparty.io.grpc.StatusRuntimeException: UNAVAILABLE: io exception
	at java.util.concurrent.FutureTask.report(FutureTask.java:122)
	at java.util.concurrent.FutureTask.get(FutureTask.java:192)
	at org.apache.ratis.server.impl.LeaderElection.waitForResults(LeaderElection.java:259)
	at org.apache.ratis.server.impl.LeaderElection.askForVotes(LeaderElection.java:197)
	at org.apache.ratis.server.impl.LeaderElection.run(LeaderElection.java:133)
	at java.lang.Thread.run(Thread.java:748)
Caused by: org.apache.ratis.thirdparty.io.grpc.StatusRuntimeException: UNAVAILABLE: io exception
	at org.apache.ratis.thirdparty.io.grpc.stub.ClientCalls.toStatusRuntimeException(ClientCalls.java:233)
	at org.apache.ratis.thirdparty.io.grpc.stub.ClientCalls.getUnchecked(ClientCalls.java:214)
	at org.apache.ratis.thirdparty.io.grpc.stub.ClientCalls.blockingUnaryCall(ClientCalls.java:139)
	at org.apache.ratis.proto.grpc.RaftServerProtocolServiceGrpc$RaftServerProtocolServiceBlockingStub.requestVote(RaftServerProtocolServiceGrpc.java:265)
	at org.apache.ratis.grpc.server.GrpcServerProtocolClient.requestVote(GrpcServerProtocolClient.java:99)
	at org.apache.ratis.grpc.server.GrpcService.requestVote(GrpcService.java:204)
	at org.apache.ratis.server.impl.LeaderElection.lambda$submitRequests$1(LeaderElection.java:234)
	at java.util.concurrent.FutureTask.run(FutureTask.java:266)
	at java.util.concurrent.Executors$RunnableAdapter.call(Executors.java:511)
	at java.util.concurrent.FutureTask.run(FutureTask.java:266)
	at java.util.concurrent.ThreadPoolExecutor.runWorker(ThreadPoolExecutor.java:1149)
	at java.util.concurrent.ThreadPoolExecutor$Worker.run(ThreadPoolExecutor.java:624)
	... 1 more
Caused by: org.apache.ratis.thirdparty.io.netty.channel.AbstractChannel$AnnotatedConnectException: Connection refused: /192.168.5.191:40836
	at sun.nio.ch.SocketChannelImpl.checkConnect(Native Method)
	at sun.nio.ch.SocketChannelImpl.finishConnect(SocketChannelImpl.java:717)
	at org.apache.ratis.thirdparty.io.netty.channel.socket.nio.NioSocketChannel.doFinishConnect(NioSocketChannel.java:327)
	at org.apache.ratis.thirdparty.io.netty.channel.nio.AbstractNioChannel$AbstractNioUnsafe.finishConnect(AbstractNioChannel.java:340)
	at org.apache.ratis.thirdparty.io.netty.channel.nio.NioEventLoop.processSelectedKey(NioEventLoop.java:632)
	at org.apache.ratis.thirdparty.io.netty.channel.nio.NioEventLoop.processSelectedKeysOptimized(NioEventLoop.java:579)
	at org.apache.ratis.thirdparty.io.netty.channel.nio.NioEventLoop.processSelectedKeys(NioEventLoop.java:496)
	at org.apache.ratis.thirdparty.io.netty.channel.nio.NioEventLoop.run(NioEventLoop.java:458)
	at org.apache.ratis.thirdparty.io.netty.util.concurrent.SingleThreadEventExecutor$5.run(SingleThreadEventExecutor.java:897)
	at org.apache.ratis.thirdparty.io.netty.util.concurrent.FastThreadLocalRunnable.run(FastThreadLocalRunnable.java:30)
	... 1 more
Caused by: java.net.ConnectException: Connection refused
	... 11 more
2019-10-08 05:34:02,684 [grpc-default-executor-5] INFO  impl.RaftServerImpl (ServerState.java:setLeader(255)) - 0b4587bd-9f4b-4d13-9ec4-affd273f2fd1@group-02D5F1FD265B: change Leader from ff36f637-8ae1-4c92-8b77-4e45f4128437 to null at term 2 for updateCurrentTerm
2019-10-08 05:34:02,684 [grpc-default-executor-5] INFO  impl.RaftServerImpl (RaftServerImpl.java:setRole(170)) - 0b4587bd-9f4b-4d13-9ec4-affd273f2fd1@group-02D5F1FD265B: changes role from  FOLLOWER to FOLLOWER at term 2 for recognizeCandidate:82715cd2-5aaa-49a4-8076-9c50a0ba8668
2019-10-08 05:34:02,684 [grpc-default-executor-5] INFO  impl.RoleInfo (RoleInfo.java:shutdownFollowerState(121)) - 0b4587bd-9f4b-4d13-9ec4-affd273f2fd1: shutdown FollowerState
2019-10-08 05:34:02,685 [grpc-default-executor-5] INFO  impl.RoleInfo (RoleInfo.java:updateAndGet(143)) - 0b4587bd-9f4b-4d13-9ec4-affd273f2fd1: start FollowerState
2019-10-08 05:34:02,694 [Thread-2410] INFO  impl.FollowerState (FollowerState.java:run(117)) - 0b4587bd-9f4b-4d13-9ec4-affd273f2fd1@group-02D5F1FD265B-FollowerState was interrupted: java.lang.InterruptedException: sleep interrupted
2019-10-08 05:34:02,715 [82715cd2-5aaa-49a4-8076-9c50a0ba8668@group-02D5F1FD265B-LeaderElection95] INFO  impl.LeaderElection (LeaderElection.java:logAndReturn(56)) - 82715cd2-5aaa-49a4-8076-9c50a0ba8668@group-02D5F1FD265B-LeaderElection95: Election PASSED; received 1 response(s) [82715cd2-5aaa-49a4-8076-9c50a0ba8668<-0b4587bd-9f4b-4d13-9ec4-affd273f2fd1#0:OK-t2] and 1 exception(s); 82715cd2-5aaa-49a4-8076-9c50a0ba8668@group-02D5F1FD265B:t2, leader=null, voted=82715cd2-5aaa-49a4-8076-9c50a0ba8668, raftlog=82715cd2-5aaa-49a4-8076-9c50a0ba8668@group-02D5F1FD265B-SegmentedRaftLog:OPENED:c2,f2,i2, conf=0: [ff36f637-8ae1-4c92-8b77-4e45f4128437:192.168.5.191:40836, 0b4587bd-9f4b-4d13-9ec4-affd273f2fd1:192.168.5.191:42266, 82715cd2-5aaa-49a4-8076-9c50a0ba8668:192.168.5.191:44968], old=null
2019-10-08 05:34:02,715 [82715cd2-5aaa-49a4-8076-9c50a0ba8668@group-02D5F1FD265B-LeaderElection95] INFO  impl.LeaderElection (LogUtils.java:infoOrTrace(149)) -   Exception 0: {}
java.util.concurrent.ExecutionException: org.apache.ratis.thirdparty.io.grpc.StatusRuntimeException: UNAVAILABLE: io exception
	at java.util.concurrent.FutureTask.report(FutureTask.java:122)
	at java.util.concurrent.FutureTask.get(FutureTask.java:192)
	at org.apache.ratis.server.impl.LeaderElection.waitForResults(LeaderElection.java:259)
	at org.apache.ratis.server.impl.LeaderElection.askForVotes(LeaderElection.java:197)
	at org.apache.ratis.server.impl.LeaderElection.run(LeaderElection.java:133)
	at java.lang.Thread.run(Thread.java:748)
Caused by: org.apache.ratis.thirdparty.io.grpc.StatusRuntimeException: UNAVAILABLE: io exception
	at org.apache.ratis.thirdparty.io.grpc.stub.ClientCalls.toStatusRuntimeException(ClientCalls.java:233)
	at org.apache.ratis.thirdparty.io.grpc.stub.ClientCalls.getUnchecked(ClientCalls.java:214)
	at org.apache.ratis.thirdparty.io.grpc.stub.ClientCalls.blockingUnaryCall(ClientCalls.java:139)
	at org.apache.ratis.proto.grpc.RaftServerProtocolServiceGrpc$RaftServerProtocolServiceBlockingStub.requestVote(RaftServerProtocolServiceGrpc.java:265)
	at org.apache.ratis.grpc.server.GrpcServerProtocolClient.requestVote(GrpcServerProtocolClient.java:99)
	at org.apache.ratis.grpc.server.GrpcService.requestVote(GrpcService.java:204)
	at org.apache.ratis.server.impl.LeaderElection.lambda$submitRequests$1(LeaderElection.java:234)
	at java.util.concurrent.FutureTask.run(FutureTask.java:266)
	at java.util.concurrent.Executors$RunnableAdapter.call(Executors.java:511)
	at java.util.concurrent.FutureTask.run(FutureTask.java:266)
	at java.util.concurrent.ThreadPoolExecutor.runWorker(ThreadPoolExecutor.java:1149)
	at java.util.concurrent.ThreadPoolExecutor$Worker.run(ThreadPoolExecutor.java:624)
	... 1 more
Caused by: org.apache.ratis.thirdparty.io.netty.channel.AbstractChannel$AnnotatedConnectException: Connection refused: /192.168.5.191:40836
	at sun.nio.ch.SocketChannelImpl.checkConnect(Native Method)
	at sun.nio.ch.SocketChannelImpl.finishConnect(SocketChannelImpl.java:717)
	at org.apache.ratis.thirdparty.io.netty.channel.socket.nio.NioSocketChannel.doFinishConnect(NioSocketChannel.java:327)
	at org.apache.ratis.thirdparty.io.netty.channel.nio.AbstractNioChannel$AbstractNioUnsafe.finishConnect(AbstractNioChannel.java:340)
	at org.apache.ratis.thirdparty.io.netty.channel.nio.NioEventLoop.processSelectedKey(NioEventLoop.java:632)
	at org.apache.ratis.thirdparty.io.netty.channel.nio.NioEventLoop.processSelectedKeysOptimized(NioEventLoop.java:579)
	at org.apache.ratis.thirdparty.io.netty.channel.nio.NioEventLoop.processSelectedKeys(NioEventLoop.java:496)
	at org.apache.ratis.thirdparty.io.netty.channel.nio.NioEventLoop.run(NioEventLoop.java:458)
	at org.apache.ratis.thirdparty.io.netty.util.concurrent.SingleThreadEventExecutor$5.run(SingleThreadEventExecutor.java:897)
	at org.apache.ratis.thirdparty.io.netty.util.concurrent.FastThreadLocalRunnable.run(FastThreadLocalRunnable.java:30)
	... 1 more
Caused by: java.net.ConnectException: Connection refused
	... 11 more
2019-10-08 05:34:02,716 [82715cd2-5aaa-49a4-8076-9c50a0ba8668@group-02D5F1FD265B-LeaderElection95] INFO  impl.RoleInfo (RoleInfo.java:shutdownLeaderElection(134)) - 82715cd2-5aaa-49a4-8076-9c50a0ba8668: shutdown LeaderElection
2019-10-08 05:34:02,716 [82715cd2-5aaa-49a4-8076-9c50a0ba8668@group-02D5F1FD265B-LeaderElection95] INFO  impl.RaftServerImpl (RaftServerImpl.java:setRole(170)) - 82715cd2-5aaa-49a4-8076-9c50a0ba8668@group-02D5F1FD265B: changes role from CANDIDATE to LEADER at term 2 for changeToLeader
2019-10-08 05:34:02,716 [82715cd2-5aaa-49a4-8076-9c50a0ba8668@group-02D5F1FD265B-LeaderElection95] INFO  impl.RaftServerImpl (ServerState.java:setLeader(255)) - 82715cd2-5aaa-49a4-8076-9c50a0ba8668@group-02D5F1FD265B: change Leader from null to 82715cd2-5aaa-49a4-8076-9c50a0ba8668 at term 2 for becomeLeader, leader elected after 56ms
2019-10-08 05:34:02,717 [82715cd2-5aaa-49a4-8076-9c50a0ba8668@group-02D5F1FD265B-LeaderElection95] INFO  server.RaftServerConfigKeys (ConfUtils.java:logGet(43)) - raft.server.staging.catchup.gap = 1000 (default)
2019-10-08 05:34:02,717 [82715cd2-5aaa-49a4-8076-9c50a0ba8668@group-02D5F1FD265B-LeaderElection95] INFO  server.RaftServerConfigKeys (ConfUtils.java:logGet(43)) - raft.server.rpc.sleep.time = 25ms (default)
2019-10-08 05:34:02,717 [82715cd2-5aaa-49a4-8076-9c50a0ba8668@group-02D5F1FD265B-LeaderElection95] INFO  server.RaftServerConfigKeys (ConfUtils.java:logGet(43)) - raft.server.write.element-limit = 4096 (default)
2019-10-08 05:34:02,717 [82715cd2-5aaa-49a4-8076-9c50a0ba8668@group-02D5F1FD265B-LeaderElection95] INFO  server.RaftServerConfigKeys (ConfUtils.java:logGet(43)) - raft.server.watch.timeout = 10s (default)
2019-10-08 05:34:02,718 [82715cd2-5aaa-49a4-8076-9c50a0ba8668@group-02D5F1FD265B-LeaderElection95] INFO  server.RaftServerConfigKeys (ConfUtils.java:logGet(43)) - raft.server.watch.timeout.denomination = 1s (default)
2019-10-08 05:34:02,718 [82715cd2-5aaa-49a4-8076-9c50a0ba8668@group-02D5F1FD265B-LeaderElection95] INFO  server.RaftServerConfigKeys (ConfUtils.java:logGet(43)) - raft.server.watch.element-limit = 65536 (default)
2019-10-08 05:34:02,722 [82715cd2-5aaa-49a4-8076-9c50a0ba8668@group-02D5F1FD265B-LeaderElection95] INFO  server.RaftServerConfigKeys (ConfUtils.java:logGet(43)) - raft.server.log.appender.snapshot.chunk.size.max = 16MB (=16777216) (default)
2019-10-08 05:34:02,722 [82715cd2-5aaa-49a4-8076-9c50a0ba8668@group-02D5F1FD265B-LeaderElection95] INFO  server.RaftServerConfigKeys (ConfUtils.java:logGet(43)) - raft.server.log.appender.buffer.byte-limit = 33554432 (custom)
2019-10-08 05:34:02,722 [82715cd2-5aaa-49a4-8076-9c50a0ba8668@group-02D5F1FD265B-LeaderElection95] INFO  server.RaftServerConfigKeys (ConfUtils.java:logGet(43)) - raft.server.log.appender.buffer.element-limit = 1 (custom)
2019-10-08 05:34:02,723 [82715cd2-5aaa-49a4-8076-9c50a0ba8668@group-02D5F1FD265B-LeaderElection95] INFO  grpc.GrpcConfigKeys$Server (ConfUtils.java:logGet(43)) - raft.grpc.server.leader.outstanding.appends.max = 128 (default)
2019-10-08 05:34:02,723 [82715cd2-5aaa-49a4-8076-9c50a0ba8668@group-02D5F1FD265B-LeaderElection95] INFO  server.RaftServerConfigKeys (ConfUtils.java:logGet(43)) - raft.server.rpc.request.timeout = 3000ms (default)
2019-10-08 05:34:02,723 [82715cd2-5aaa-49a4-8076-9c50a0ba8668@group-02D5F1FD265B-LeaderElection95] INFO  server.RaftServerConfigKeys (ConfUtils.java:logGet(43)) - raft.server.log.appender.install.snapshot.enabled = false (custom)
2019-10-08 05:34:02,723 [82715cd2-5aaa-49a4-8076-9c50a0ba8668@group-02D5F1FD265B-LeaderElection95] INFO  server.RaftServerConfigKeys (ConfUtils.java:logGet(43)) - raft.server.log.appender.snapshot.chunk.size.max = 16MB (=16777216) (default)
2019-10-08 05:34:02,724 [82715cd2-5aaa-49a4-8076-9c50a0ba8668@group-02D5F1FD265B-LeaderElection95] INFO  server.RaftServerConfigKeys (ConfUtils.java:logGet(43)) - raft.server.log.appender.buffer.byte-limit = 33554432 (custom)
2019-10-08 05:34:02,724 [82715cd2-5aaa-49a4-8076-9c50a0ba8668@group-02D5F1FD265B-LeaderElection95] INFO  server.RaftServerConfigKeys (ConfUtils.java:logGet(43)) - raft.server.log.appender.buffer.element-limit = 1 (custom)
2019-10-08 05:34:02,724 [82715cd2-5aaa-49a4-8076-9c50a0ba8668@group-02D5F1FD265B-LeaderElection95] INFO  grpc.GrpcConfigKeys$Server (ConfUtils.java:logGet(43)) - raft.grpc.server.leader.outstanding.appends.max = 128 (default)
2019-10-08 05:34:02,724 [82715cd2-5aaa-49a4-8076-9c50a0ba8668@group-02D5F1FD265B-LeaderElection95] INFO  server.RaftServerConfigKeys (ConfUtils.java:logGet(43)) - raft.server.rpc.request.timeout = 3000ms (default)
2019-10-08 05:34:02,724 [82715cd2-5aaa-49a4-8076-9c50a0ba8668@group-02D5F1FD265B-LeaderElection95] INFO  server.RaftServerConfigKeys (ConfUtils.java:logGet(43)) - raft.server.log.appender.install.snapshot.enabled = false (custom)
2019-10-08 05:34:02,725 [82715cd2-5aaa-49a4-8076-9c50a0ba8668@group-02D5F1FD265B-LeaderElection95] INFO  impl.RoleInfo (RoleInfo.java:updateAndGet(143)) - 82715cd2-5aaa-49a4-8076-9c50a0ba8668: start LeaderState
2019-10-08 05:34:02,725 [82715cd2-5aaa-49a4-8076-9c50a0ba8668@group-02D5F1FD265B-LeaderElection95] INFO  segmented.SegmentedRaftLogWorker (SegmentedRaftLogWorker.java:rollLogSegment(390)) - 82715cd2-5aaa-49a4-8076-9c50a0ba8668@group-02D5F1FD265B-SegmentedRaftLogWorker: Rolling segment log-0_2 to index:2
2019-10-08 05:34:02,727 [82715cd2-5aaa-49a4-8076-9c50a0ba8668@group-02D5F1FD265B-LeaderElection95] INFO  impl.RaftServerImpl (ServerState.java:setRaftConf(356)) - 82715cd2-5aaa-49a4-8076-9c50a0ba8668@group-02D5F1FD265B: set configuration 3: [ff36f637-8ae1-4c92-8b77-4e45f4128437:192.168.5.191:40836, 0b4587bd-9f4b-4d13-9ec4-affd273f2fd1:192.168.5.191:42266, 82715cd2-5aaa-49a4-8076-9c50a0ba8668:192.168.5.191:44968], old=null at 3
2019-10-08 05:34:02,727 [grpc-default-executor-4] WARN  server.GrpcLogAppender (LogUtils.java:warn(134)) - 82715cd2-5aaa-49a4-8076-9c50a0ba8668@group-02D5F1FD265B->ff36f637-8ae1-4c92-8b77-4e45f4128437-AppendLogResponseHandler: Failed appendEntries: org.apache.ratis.thirdparty.io.grpc.StatusRuntimeException: UNAVAILABLE: io exception
2019-10-08 05:34:02,728 [82715cd2-5aaa-49a4-8076-9c50a0ba8668@group-02D5F1FD265B-SegmentedRaftLogWorker] INFO  segmented.SegmentedRaftLogWorker (SegmentedRaftLogWorker.java:execute(531)) - 82715cd2-5aaa-49a4-8076-9c50a0ba8668@group-02D5F1FD265B-SegmentedRaftLogWorker: Rolled log segment from /workdir/hadoop-ozone/integration-test/target/test-dir/MiniOzoneClusterImpl-8a4d0be6-78bc-4c65-8bee-12b8c2006f27/datanode-1/data/ratis/a7b04686-8634-4694-bbef-02d5f1fd265b/current/log_inprogress_0 to /workdir/hadoop-ozone/integration-test/target/test-dir/MiniOzoneClusterImpl-8a4d0be6-78bc-4c65-8bee-12b8c2006f27/datanode-1/data/ratis/a7b04686-8634-4694-bbef-02d5f1fd265b/current/log_0-2
2019-10-08 05:34:02,731 [grpc-default-executor-4] INFO  impl.FollowerInfo (FollowerInfo.java:lambda$new$0(51)) - 82715cd2-5aaa-49a4-8076-9c50a0ba8668@group-02D5F1FD265B->ff36f637-8ae1-4c92-8b77-4e45f4128437: nextIndex: updateUnconditionally 3 -> 1
2019-10-08 05:34:02,732 [grpc-default-executor-4] INFO  impl.RaftServerImpl (ServerState.java:setLeader(255)) - 0b4587bd-9f4b-4d13-9ec4-affd273f2fd1@group-02D5F1FD265B: change Leader from null to 82715cd2-5aaa-49a4-8076-9c50a0ba8668 at term 2 for appendEntries, leader elected after 47ms
2019-10-08 05:34:02,735 [grpc-default-executor-4] INFO  impl.RaftServerImpl (ServerState.java:setRaftConf(356)) - 0b4587bd-9f4b-4d13-9ec4-affd273f2fd1@group-02D5F1FD265B: set configuration 3: [ff36f637-8ae1-4c92-8b77-4e45f4128437:192.168.5.191:40836, 0b4587bd-9f4b-4d13-9ec4-affd273f2fd1:192.168.5.191:42266, 82715cd2-5aaa-49a4-8076-9c50a0ba8668:192.168.5.191:44968], old=null at 3
2019-10-08 05:34:02,735 [grpc-default-executor-4] INFO  segmented.SegmentedRaftLogWorker (SegmentedRaftLogWorker.java:rollLogSegment(390)) - 0b4587bd-9f4b-4d13-9ec4-affd273f2fd1@group-02D5F1FD265B-SegmentedRaftLogWorker: Rolling segment log-0_2 to index:2
2019-10-08 05:34:02,736 [0b4587bd-9f4b-4d13-9ec4-affd273f2fd1@group-02D5F1FD265B-SegmentedRaftLogWorker] INFO  segmented.SegmentedRaftLogWorker (SegmentedRaftLogWorker.java:execute(531)) - 0b4587bd-9f4b-4d13-9ec4-affd273f2fd1@group-02D5F1FD265B-SegmentedRaftLogWorker: Rolled log segment from /workdir/hadoop-ozone/integration-test/target/test-dir/MiniOzoneClusterImpl-8a4d0be6-78bc-4c65-8bee-12b8c2006f27/datanode-2/data/ratis/a7b04686-8634-4694-bbef-02d5f1fd265b/current/log_inprogress_0 to /workdir/hadoop-ozone/integration-test/target/test-dir/MiniOzoneClusterImpl-8a4d0be6-78bc-4c65-8bee-12b8c2006f27/datanode-2/data/ratis/a7b04686-8634-4694-bbef-02d5f1fd265b/current/log_0-2
2019-10-08 05:34:02,780 [82715cd2-5aaa-49a4-8076-9c50a0ba8668@group-02D5F1FD265B-SegmentedRaftLogWorker] INFO  segmented.SegmentedRaftLogWorker (SegmentedRaftLogWorker.java:execute(574)) - 82715cd2-5aaa-49a4-8076-9c50a0ba8668@group-02D5F1FD265B-SegmentedRaftLogWorker: created new log segment /workdir/hadoop-ozone/integration-test/target/test-dir/MiniOzoneClusterImpl-8a4d0be6-78bc-4c65-8bee-12b8c2006f27/datanode-1/data/ratis/a7b04686-8634-4694-bbef-02d5f1fd265b/current/log_inprogress_3
2019-10-08 05:34:02,780 [0b4587bd-9f4b-4d13-9ec4-affd273f2fd1@group-02D5F1FD265B-SegmentedRaftLogWorker] INFO  segmented.SegmentedRaftLogWorker (SegmentedRaftLogWorker.java:execute(574)) - 0b4587bd-9f4b-4d13-9ec4-affd273f2fd1@group-02D5F1FD265B-SegmentedRaftLogWorker: created new log segment /workdir/hadoop-ozone/integration-test/target/test-dir/MiniOzoneClusterImpl-8a4d0be6-78bc-4c65-8bee-12b8c2006f27/datanode-2/data/ratis/a7b04686-8634-4694-bbef-02d5f1fd265b/current/log_inprogress_3
2019-10-08 05:34:02,801 [grpc-default-executor-5] WARN  server.GrpcLogAppender (LogUtils.java:warn(134)) - 82715cd2-5aaa-49a4-8076-9c50a0ba8668@group-02D5F1FD265B->ff36f637-8ae1-4c92-8b77-4e45f4128437-AppendLogResponseHandler: Failed appendEntries: org.apache.ratis.thirdparty.io.grpc.StatusRuntimeException: UNAVAILABLE: io exception
2019-10-08 05:34:02,801 [grpc-default-executor-5] INFO  impl.FollowerInfo (FollowerInfo.java:lambda$new$0(51)) - 82715cd2-5aaa-49a4-8076-9c50a0ba8668@group-02D5F1FD265B->ff36f637-8ae1-4c92-8b77-4e45f4128437: nextIndex: updateUnconditionally 2 -> 1
2019-10-08 05:34:02,820 [grpc-default-executor-1] WARN  server.GrpcLogAppender (LogUtils.java:warn(134)) - 82715cd2-5aaa-49a4-8076-9c50a0ba8668@group-02D5F1FD265B->ff36f637-8ae1-4c92-8b77-4e45f4128437-AppendLogResponseHandler: Failed appendEntries: org.apache.ratis.thirdparty.io.grpc.StatusRuntimeException: UNAVAILABLE: io exception
2019-10-08 05:34:02,820 [grpc-default-executor-1] INFO  impl.FollowerInfo (FollowerInfo.java:lambda$new$0(51)) - 82715cd2-5aaa-49a4-8076-9c50a0ba8668@group-02D5F1FD265B->ff36f637-8ae1-4c92-8b77-4e45f4128437: nextIndex: updateUnconditionally 2 -> 1
2019-10-08 05:34:03,538 [grpc-default-executor-6] WARN  server.GrpcLogAppender (LogUtils.java:warn(134)) - 71ff35e1-9876-4cd7-a897-fd9670beabcb@group-E43142290435->e4440853-ceb5-4c08-9120-56806a317b5f-AppendLogResponseHandler: Failed appendEntries: org.apache.ratis.thirdparty.io.grpc.StatusRuntimeException: UNAVAILABLE: io exception
2019-10-08 05:34:03,538 [grpc-default-executor-4] WARN  server.GrpcLogAppender (LogUtils.java:warn(134)) - 71ff35e1-9876-4cd7-a897-fd9670beabcb@group-E43142290435->fe02ea69-9380-4bcd-bf4a-8927edb33a1c-AppendLogResponseHandler: Failed appendEntries: org.apache.ratis.thirdparty.io.grpc.StatusRuntimeException: UNAVAILABLE: io exception
2019-10-08 05:34:03,538 [grpc-default-executor-6] INFO  impl.FollowerInfo (FollowerInfo.java:lambda$new$0(51)) - 71ff35e1-9876-4cd7-a897-fd9670beabcb@group-E43142290435->e4440853-ceb5-4c08-9120-56806a317b5f: nextIndex: updateUnconditionally 0 -> 0
2019-10-08 05:34:03,539 [grpc-default-executor-4] INFO  impl.FollowerInfo (FollowerInfo.java:lambda$new$0(51)) - 71ff35e1-9876-4cd7-a897-fd9670beabcb@group-E43142290435->fe02ea69-9380-4bcd-bf4a-8927edb33a1c: nextIndex: updateUnconditionally 0 -> 0
]]></system-out>
  </testcase>
</testsuite>