<?xml version="1.0" encoding="UTF-8"?>
<testsuite xmlns:xsi="http://www.w3.org/2001/XMLSchema-instance" xsi:noNamespaceSchemaLocation="https://maven.apache.org/surefire/maven-surefire-plugin/xsd/surefire-test-report.xsd" name="org.apache.hadoop.ozone.freon.TestFreonWithPipelineDestroy" time="48.17" tests="1" errors="1" skipped="0" failures="0">
  <properties>
    <property name="awt.toolkit" value="sun.awt.X11.XToolkit"/>
    <property name="file.encoding.pkg" value="sun.io"/>
    <property name="java.specification.version" value="1.8"/>
    <property name="sun.cpu.isalist" value=""/>
    <property name="sun.jnu.encoding" value="ANSI_X3.4-1968"/>
    <property name="java.class.path" value="/workdir/hadoop-ozone/tools/target/test-classes:/workdir/hadoop-ozone/tools/target/classes:/home/user/.m2/repository/org/apache/hadoop/hadoop-ozone-ozone-manager/0.5.0-SNAPSHOT/hadoop-ozone-ozone-manager-0.5.0-SNAPSHOT.jar:/home/user/.m2/repository/org/apache/hadoop/hadoop-hdds-docs/0.5.0-SNAPSHOT/hadoop-hdds-docs-0.5.0-SNAPSHOT.jar:/home/user/.m2/repository/org/bouncycastle/bcprov-jdk15on/1.60/bcprov-jdk15on-1.60.jar:/home/user/.m2/repository/org/apache/hadoop/hadoop-ozone-common/0.5.0-SNAPSHOT/hadoop-ozone-common-0.5.0-SNAPSHOT.jar:/home/user/.m2/repository/org/apache/commons/commons-compress/1.4.1/commons-compress-1.4.1.jar:/home/user/.m2/repository/org/tukaani/xz/1.0/xz-1.0.jar:/home/user/.m2/repository/org/apache/hadoop/hadoop-hdfs-client/3.2.0/hadoop-hdfs-client-3.2.0.jar:/home/user/.m2/repository/com/fasterxml/jackson/core/jackson-annotations/2.9.9/jackson-annotations-2.9.9.jar:/home/user/.m2/repository/org/apache/hadoop/hadoop-hdds-common/0.5.0-SNAPSHOT/hadoop-hdds-common-0.5.0-SNAPSHOT.jar:/home/user/.m2/repository/org/apache/hadoop/hadoop-hdds-config/0.5.0-SNAPSHOT/hadoop-hdds-config-0.5.0-SNAPSHOT.jar:/home/user/.m2/repository/javax/annotation/javax.annotation-api/1.2/javax.annotation-api-1.2.jar:/home/user/.m2/repository/org/apache/ratis/ratis-server/0.5.0-ced7dbf-SNAPSHOT/ratis-server-0.5.0-ced7dbf-SNAPSHOT.jar:/home/user/.m2/repository/org/apache/ratis/ratis-thirdparty-misc/0.2.0/ratis-thirdparty-misc-0.2.0.jar:/home/user/.m2/repository/org/apache/ratis/ratis-proto/0.5.0-ced7dbf-SNAPSHOT/ratis-proto-0.5.0-ced7dbf-SNAPSHOT.jar:/home/user/.m2/repository/org/apache/ratis/ratis-common/0.5.0-ced7dbf-SNAPSHOT/ratis-common-0.5.0-ced7dbf-SNAPSHOT.jar:/home/user/.m2/repository/org/apache/ratis/ratis-client/0.5.0-ced7dbf-SNAPSHOT/ratis-client-0.5.0-ced7dbf-SNAPSHOT.jar:/home/user/.m2/repository/org/apache/ratis/ratis-metrics/0.5.0-ced7dbf-SNAPSHOT/ratis-metrics-0.5.0-ced7dbf-SNAPSHOT.jar:/home/user/.m2/repository/org/apache/ratis/ratis-netty/0.5.0-ced7dbf-SNAPSHOT/ratis-netty-0.5.0-ced7dbf-SNAPSHOT.jar:/home/user/.m2/repository/org/apache/ratis/ratis-grpc/0.5.0-ced7dbf-SNAPSHOT/ratis-grpc-0.5.0-ced7dbf-SNAPSHOT.jar:/home/user/.m2/repository/org/rocksdb/rocksdbjni/6.0.1/rocksdbjni-6.0.1.jar:/home/user/.m2/repository/org/apache/logging/log4j/log4j-api/2.11.0/log4j-api-2.11.0.jar:/home/user/.m2/repository/org/apache/logging/log4j/log4j-core/2.11.0/log4j-core-2.11.0.jar:/home/user/.m2/repository/com/lmax/disruptor/3.4.2/disruptor-3.4.2.jar:/home/user/.m2/repository/org/apache/commons/commons-pool2/2.6.0/commons-pool2-2.6.0.jar:/home/user/.m2/repository/org/bouncycastle/bcpkix-jdk15on/1.60/bcpkix-jdk15on-1.60.jar:/home/user/.m2/repository/commons-validator/commons-validator/1.6/commons-validator-1.6.jar:/home/user/.m2/repository/commons-digester/commons-digester/1.8.1/commons-digester-1.8.1.jar:/home/user/.m2/repository/io/jaegertracing/jaeger-client/0.34.0/jaeger-client-0.34.0.jar:/home/user/.m2/repository/io/jaegertracing/jaeger-thrift/0.34.0/jaeger-thrift-0.34.0.jar:/home/user/.m2/repository/org/apache/thrift/libthrift/0.12.0/libthrift-0.12.0.jar:/home/user/.m2/repository/com/squareup/okhttp3/okhttp/3.9.0/okhttp-3.9.0.jar:/home/user/.m2/repository/com/squareup/okio/okio/1.13.0/okio-1.13.0.jar:/home/user/.m2/repository/io/jaegertracing/jaeger-core/0.34.0/jaeger-core-0.34.0.jar:/home/user/.m2/repository/io/jaegertracing/jaeger-tracerresolver/0.34.0/jaeger-tracerresolver-0.34.0.jar:/home/user/.m2/repository/io/opentracing/contrib/opentracing-tracerresolver/0.1.5/opentracing-tracerresolver-0.1.5.jar:/home/user/.m2/repository/io/opentracing/opentracing-util/0.31.0/opentracing-util-0.31.0.jar:/home/user/.m2/repository/io/opentracing/opentracing-api/0.31.0/opentracing-api-0.31.0.jar:/home/user/.m2/repository/io/opentracing/opentracing-noop/0.31.0/opentracing-noop-0.31.0.jar:/home/user/.m2/repository/org/yaml/snakeyaml/1.16/snakeyaml-1.16.jar:/home/user/.m2/repository/org/apache/hadoop/hadoop-hdds-container-service/0.5.0-SNAPSHOT/hadoop-hdds-container-service-0.5.0-SNAPSHOT.jar:/home/user/.m2/repository/org/apache/hadoop/hadoop-hdds-client/0.5.0-SNAPSHOT/hadoop-hdds-client-0.5.0-SNAPSHOT.jar:/home/user/.m2/repository/org/apache/hadoop/hadoop-hdds-tools/0.5.0-SNAPSHOT/hadoop-hdds-tools-0.5.0-SNAPSHOT.jar:/home/user/.m2/repository/org/xerial/sqlite-jdbc/3.25.2/sqlite-jdbc-3.25.2.jar:/home/user/.m2/repository/org/apache/hadoop/hadoop-hdds-server-scm/0.5.0-SNAPSHOT/hadoop-hdds-server-scm-0.5.0-SNAPSHOT.jar:/home/user/.m2/repository/org/hamcrest/hamcrest-all/1.3/hamcrest-all-1.3.jar:/home/user/.m2/repository/info/picocli/picocli/3.9.6/picocli-3.9.6.jar:/home/user/.m2/repository/com/google/protobuf/protobuf-java/2.5.0/protobuf-java-2.5.0.jar:/home/user/.m2/repository/com/google/guava/guava/11.0.2/guava-11.0.2.jar:/home/user/.m2/repository/org/apache/hadoop/hadoop-ozone-client/0.5.0-SNAPSHOT/hadoop-ozone-client-0.5.0-SNAPSHOT.jar:/workdir/hadoop-ozone/ozonefs/target/classes:/home/user/.m2/repository/org/apache/httpcomponents/httpclient/4.5.2/httpclient-4.5.2.jar:/home/user/.m2/repository/org/apache/httpcomponents/httpcore/4.4.4/httpcore-4.4.4.jar:/home/user/.m2/repository/org/apache/hadoop/hadoop-hdds-server-framework/0.5.0-SNAPSHOT/hadoop-hdds-server-framework-0.5.0-SNAPSHOT.jar:/home/user/.m2/repository/org/apache/hadoop/hadoop-common/3.2.0/hadoop-common-3.2.0.jar:/home/user/.m2/repository/org/apache/hadoop/hadoop-annotations/3.2.0/hadoop-annotations-3.2.0.jar:/usr/lib/jvm/java-1.8.0-openjdk-1.8.0.222.b10-1.el7_7.x86_64/jre/../lib/tools.jar:/home/user/.m2/repository/commons-cli/commons-cli/1.2/commons-cli-1.2.jar:/home/user/.m2/repository/org/apache/commons/commons-math3/3.1.1/commons-math3-3.1.1.jar:/home/user/.m2/repository/commons-codec/commons-codec/1.11/commons-codec-1.11.jar:/home/user/.m2/repository/commons-io/commons-io/2.5/commons-io-2.5.jar:/home/user/.m2/repository/commons-net/commons-net/3.6/commons-net-3.6.jar:/home/user/.m2/repository/commons-collections/commons-collections/3.2.2/commons-collections-3.2.2.jar:/home/user/.m2/repository/javax/servlet/javax.servlet-api/3.1.0/javax.servlet-api-3.1.0.jar:/home/user/.m2/repository/org/eclipse/jetty/jetty-server/9.3.25.v20180904/jetty-server-9.3.25.v20180904.jar:/home/user/.m2/repository/org/eclipse/jetty/jetty-http/9.3.25.v20180904/jetty-http-9.3.25.v20180904.jar:/home/user/.m2/repository/org/eclipse/jetty/jetty-io/9.3.25.v20180904/jetty-io-9.3.25.v20180904.jar:/home/user/.m2/repository/org/eclipse/jetty/jetty-util/9.3.25.v20180904/jetty-util-9.3.25.v20180904.jar:/home/user/.m2/repository/org/eclipse/jetty/jetty-servlet/9.3.25.v20180904/jetty-servlet-9.3.25.v20180904.jar:/home/user/.m2/repository/org/eclipse/jetty/jetty-security/9.3.25.v20180904/jetty-security-9.3.25.v20180904.jar:/home/user/.m2/repository/org/eclipse/jetty/jetty-webapp/9.3.25.v20180904/jetty-webapp-9.3.25.v20180904.jar:/home/user/.m2/repository/org/eclipse/jetty/jetty-xml/9.3.25.v20180904/jetty-xml-9.3.25.v20180904.jar:/home/user/.m2/repository/javax/servlet/jsp/jsp-api/2.1/jsp-api-2.1.jar:/home/user/.m2/repository/com/sun/jersey/jersey-core/1.19/jersey-core-1.19.jar:/home/user/.m2/repository/javax/ws/rs/jsr311-api/1.1.1/jsr311-api-1.1.1.jar:/home/user/.m2/repository/com/sun/jersey/jersey-servlet/1.19/jersey-servlet-1.19.jar:/home/user/.m2/repository/com/sun/jersey/jersey-json/1.19/jersey-json-1.19.jar:/home/user/.m2/repository/org/codehaus/jettison/jettison/1.1/jettison-1.1.jar:/home/user/.m2/repository/com/sun/xml/bind/jaxb-impl/2.3.0.1/jaxb-impl-2.3.0.1.jar:/home/user/.m2/repository/org/codehaus/jackson/jackson-core-asl/1.9.13/jackson-core-asl-1.9.13.jar:/home/user/.m2/repository/org/codehaus/jackson/jackson-mapper-asl/1.9.13/jackson-mapper-asl-1.9.13.jar:/home/user/.m2/repository/org/codehaus/jackson/jackson-jaxrs/1.9.13/jackson-jaxrs-1.9.13.jar:/home/user/.m2/repository/org/codehaus/jackson/jackson-xc/1.9.13/jackson-xc-1.9.13.jar:/home/user/.m2/repository/com/sun/jersey/jersey-server/1.19/jersey-server-1.19.jar:/home/user/.m2/repository/commons-logging/commons-logging/1.1.3/commons-logging-1.1.3.jar:/home/user/.m2/repository/log4j/log4j/1.2.17/log4j-1.2.17.jar:/home/user/.m2/repository/commons-beanutils/commons-beanutils/1.9.4/commons-beanutils-1.9.4.jar:/home/user/.m2/repository/org/apache/commons/commons-configuration2/2.1.1/commons-configuration2-2.1.1.jar:/home/user/.m2/repository/org/apache/commons/commons-lang3/3.7/commons-lang3-3.7.jar:/home/user/.m2/repository/org/apache/commons/commons-text/1.4/commons-text-1.4.jar:/home/user/.m2/repository/org/slf4j/slf4j-api/1.7.25/slf4j-api-1.7.25.jar:/home/user/.m2/repository/org/slf4j/slf4j-log4j12/1.7.25/slf4j-log4j12-1.7.25.jar:/home/user/.m2/repository/org/apache/avro/avro/1.7.7/avro-1.7.7.jar:/home/user/.m2/repository/com/thoughtworks/paranamer/paranamer/2.3/paranamer-2.3.jar:/home/user/.m2/repository/org/xerial/snappy/snappy-java/1.0.5/snappy-java-1.0.5.jar:/home/user/.m2/repository/com/google/re2j/re2j/1.1/re2j-1.1.jar:/home/user/.m2/repository/com/google/code/gson/gson/2.2.4/gson-2.2.4.jar:/home/user/.m2/repository/org/apache/hadoop/hadoop-auth/3.2.0/hadoop-auth-3.2.0.jar:/home/user/.m2/repository/com/nimbusds/nimbus-jose-jwt/4.41.1/nimbus-jose-jwt-4.41.1.jar:/home/user/.m2/repository/com/github/stephenc/jcip/jcip-annotations/1.0-1/jcip-annotations-1.0-1.jar:/home/user/.m2/repository/net/minidev/json-smart/2.3/json-smart-2.3.jar:/home/user/.m2/repository/net/minidev/accessors-smart/1.2/accessors-smart-1.2.jar:/home/user/.m2/repository/org/apache/curator/curator-framework/2.12.0/curator-framework-2.12.0.jar:/home/user/.m2/repository/com/jcraft/jsch/0.1.54/jsch-0.1.54.jar:/home/user/.m2/repository/org/apache/curator/curator-client/2.12.0/curator-client-2.12.0.jar:/home/user/.m2/repository/org/apache/curator/curator-recipes/2.12.0/curator-recipes-2.12.0.jar:/home/user/.m2/repository/com/google/code/findbugs/jsr305/3.0.0/jsr305-3.0.0.jar:/home/user/.m2/repository/org/apache/htrace/htrace-core4/4.1.0-incubating/htrace-core4-4.1.0-incubating.jar:/home/user/.m2/repository/org/apache/zookeeper/zookeeper/3.4.13/zookeeper-3.4.13.jar:/home/user/.m2/repository/jline/jline/0.9.94/jline-0.9.94.jar:/home/user/.m2/repository/org/apache/yetus/audience-annotations/0.5.0/audience-annotations-0.5.0.jar:/home/user/.m2/repository/org/apache/kerby/kerb-simplekdc/1.0.1/kerb-simplekdc-1.0.1.jar:/home/user/.m2/repository/org/apache/kerby/kerb-client/1.0.1/kerb-client-1.0.1.jar:/home/user/.m2/repository/org/apache/kerby/kerby-config/1.0.1/kerby-config-1.0.1.jar:/home/user/.m2/repository/org/apache/kerby/kerb-core/1.0.1/kerb-core-1.0.1.jar:/home/user/.m2/repository/org/apache/kerby/kerby-pkix/1.0.1/kerby-pkix-1.0.1.jar:/home/user/.m2/repository/org/apache/kerby/kerby-asn1/1.0.1/kerby-asn1-1.0.1.jar:/home/user/.m2/repository/org/apache/kerby/kerby-util/1.0.1/kerby-util-1.0.1.jar:/home/user/.m2/repository/org/apache/kerby/kerb-common/1.0.1/kerb-common-1.0.1.jar:/home/user/.m2/repository/org/apache/kerby/kerb-crypto/1.0.1/kerb-crypto-1.0.1.jar:/home/user/.m2/repository/org/apache/kerby/kerb-util/1.0.1/kerb-util-1.0.1.jar:/home/user/.m2/repository/org/apache/kerby/token-provider/1.0.1/token-provider-1.0.1.jar:/home/user/.m2/repository/org/apache/kerby/kerb-admin/1.0.1/kerb-admin-1.0.1.jar:/home/user/.m2/repository/org/apache/kerby/kerb-server/1.0.1/kerb-server-1.0.1.jar:/home/user/.m2/repository/org/apache/kerby/kerb-identity/1.0.1/kerb-identity-1.0.1.jar:/home/user/.m2/repository/org/apache/kerby/kerby-xdr/1.0.1/kerby-xdr-1.0.1.jar:/home/user/.m2/repository/com/fasterxml/jackson/core/jackson-databind/2.9.9/jackson-databind-2.9.9.jar:/home/user/.m2/repository/com/fasterxml/jackson/core/jackson-core/2.9.9/jackson-core-2.9.9.jar:/home/user/.m2/repository/org/codehaus/woodstox/stax2-api/3.1.4/stax2-api-3.1.4.jar:/home/user/.m2/repository/com/fasterxml/woodstox/woodstox-core/5.0.3/woodstox-core-5.0.3.jar:/home/user/.m2/repository/dnsjava/dnsjava/2.1.7/dnsjava-2.1.7.jar:/home/user/.m2/repository/org/apache/hadoop/hadoop-hdfs/3.2.0/hadoop-hdfs-3.2.0.jar:/home/user/.m2/repository/org/eclipse/jetty/jetty-util-ajax/9.3.25.v20180904/jetty-util-ajax-9.3.25.v20180904.jar:/home/user/.m2/repository/commons-daemon/commons-daemon/1.0.13/commons-daemon-1.0.13.jar:/home/user/.m2/repository/io/netty/netty/3.10.5.Final/netty-3.10.5.Final.jar:/home/user/.m2/repository/io/netty/netty-all/4.0.52.Final/netty-all-4.0.52.Final.jar:/home/user/.m2/repository/org/fusesource/leveldbjni/leveldbjni-all/1.8/leveldbjni-all-1.8.jar:/home/user/.m2/repository/com/sun/xml/bind/jaxb-core/2.3.0.1/jaxb-core-2.3.0.1.jar:/home/user/.m2/repository/javax/xml/bind/jaxb-api/2.3.0/jaxb-api-2.3.0.jar:/home/user/.m2/repository/javax/activation/activation/1.1.1/activation-1.1.1.jar:/home/user/.m2/repository/org/openjdk/jmh/jmh-core/1.19/jmh-core-1.19.jar:/home/user/.m2/repository/net/sf/jopt-simple/jopt-simple/4.6/jopt-simple-4.6.jar:/home/user/.m2/repository/org/openjdk/jmh/jmh-generator-annprocess/1.19/jmh-generator-annprocess-1.19.jar:/home/user/.m2/repository/io/dropwizard/metrics/metrics-core/3.2.4/metrics-core-3.2.4.jar:/home/user/.m2/repository/com/amazonaws/aws-java-sdk-s3/1.11.615/aws-java-sdk-s3-1.11.615.jar:/home/user/.m2/repository/com/amazonaws/aws-java-sdk-kms/1.11.615/aws-java-sdk-kms-1.11.615.jar:/home/user/.m2/repository/com/amazonaws/aws-java-sdk-core/1.11.615/aws-java-sdk-core-1.11.615.jar:/home/user/.m2/repository/software/amazon/ion/ion-java/1.0.2/ion-java-1.0.2.jar:/home/user/.m2/repository/com/fasterxml/jackson/dataformat/jackson-dataformat-cbor/2.9.9/jackson-dataformat-cbor-2.9.9.jar:/home/user/.m2/repository/joda-time/joda-time/2.9.9/joda-time-2.9.9.jar:/home/user/.m2/repository/com/amazonaws/jmespath-java/1.11.615/jmespath-java-1.11.615.jar:/home/user/.m2/repository/com/github/spotbugs/spotbugs/3.1.12/spotbugs-3.1.12.jar:/home/user/.m2/repository/org/ow2/asm/asm/5.0.4/asm-5.0.4.jar:/home/user/.m2/repository/org/ow2/asm/asm-analysis/7.0/asm-analysis-7.0.jar:/home/user/.m2/repository/org/ow2/asm/asm-commons/7.0/asm-commons-7.0.jar:/home/user/.m2/repository/org/ow2/asm/asm-tree/7.0/asm-tree-7.0.jar:/home/user/.m2/repository/org/ow2/asm/asm-util/7.0/asm-util-7.0.jar:/home/user/.m2/repository/org/apache/bcel/bcel/6.3/bcel-6.3.jar:/home/user/.m2/repository/net/jcip/jcip-annotations/1.0/jcip-annotations-1.0.jar:/home/user/.m2/repository/org/dom4j/dom4j/2.1.1/dom4j-2.1.1.jar:/home/user/.m2/repository/jaxen/jaxen/1.1.6/jaxen-1.1.6.jar:/home/user/.m2/repository/commons-lang/commons-lang/2.6/commons-lang-2.6.jar:/home/user/.m2/repository/com/github/spotbugs/spotbugs-annotations/3.1.12/spotbugs-annotations-3.1.12.jar:/home/user/.m2/repository/junit/junit/4.11/junit-4.11.jar:/home/user/.m2/repository/org/hamcrest/hamcrest-core/1.3/hamcrest-core-1.3.jar:/home/user/.m2/repository/org/apache/hadoop/hadoop-common/3.2.0/hadoop-common-3.2.0-tests.jar:/workdir/hadoop-ozone/integration-test/target/test-classes:/home/user/.m2/repository/org/apache/hadoop/hadoop-ozone-s3gateway/0.5.0-SNAPSHOT/hadoop-ozone-s3gateway-0.5.0-SNAPSHOT.jar:/home/user/.m2/repository/org/jboss/weld/servlet/weld-servlet/2.4.7.Final/weld-servlet-2.4.7.Final.jar:/home/user/.m2/repository/org/glassfish/jersey/containers/jersey-container-servlet-core/2.27/jersey-container-servlet-core-2.27.jar:/home/user/.m2/repository/org/glassfish/hk2/external/javax.inject/2.5.0-b42/javax.inject-2.5.0-b42.jar:/home/user/.m2/repository/org/glassfish/jersey/core/jersey-common/2.27/jersey-common-2.27.jar:/home/user/.m2/repository/org/glassfish/hk2/osgi-resource-locator/1.0.1/osgi-resource-locator-1.0.1.jar:/home/user/.m2/repository/javax/ws/rs/javax.ws.rs-api/2.1/javax.ws.rs-api-2.1.jar:/home/user/.m2/repository/org/glassfish/jersey/ext/cdi/jersey-cdi1x/2.27/jersey-cdi1x-2.27.jar:/home/user/.m2/repository/org/glassfish/jersey/inject/jersey-hk2/2.27/jersey-hk2-2.27.jar:/home/user/.m2/repository/org/glassfish/hk2/hk2-locator/2.5.0-b42/hk2-locator-2.5.0-b42.jar:/home/user/.m2/repository/org/javassist/javassist/3.22.0-CR2/javassist-3.22.0-CR2.jar:/home/user/.m2/repository/org/glassfish/hk2/hk2-api/2.5.0/hk2-api-2.5.0.jar:/home/user/.m2/repository/org/glassfish/hk2/external/jakarta.inject/2.5.0/jakarta.inject-2.5.0.jar:/home/user/.m2/repository/org/glassfish/hk2/hk2-utils/2.5.0/hk2-utils-2.5.0.jar:/home/user/.m2/repository/jakarta/annotation/jakarta.annotation-api/1.3.4/jakarta.annotation-api-1.3.4.jar:/home/user/.m2/repository/org/glassfish/hk2/external/aopalliance-repackaged/2.5.0/aopalliance-repackaged-2.5.0.jar:/home/user/.m2/repository/com/fasterxml/jackson/dataformat/jackson-dataformat-xml/2.9.0/jackson-dataformat-xml-2.9.0.jar:/home/user/.m2/repository/com/fasterxml/jackson/module/jackson-module-jaxb-annotations/2.9.9/jackson-module-jaxb-annotations-2.9.9.jar:/home/user/.m2/repository/javax/enterprise/cdi-api/1.2/cdi-api-1.2.jar:/home/user/.m2/repository/javax/el/javax.el-api/3.0.0/javax.el-api-3.0.0.jar:/home/user/.m2/repository/javax/interceptor/javax.interceptor-api/1.2/javax.interceptor-api-1.2.jar:/home/user/.m2/repository/javax/inject/javax.inject/1/javax.inject-1.jar:/home/user/.m2/repository/org/apache/hadoop/hadoop-ozone-csi/0.5.0-SNAPSHOT/hadoop-ozone-csi-0.5.0-SNAPSHOT.jar:/home/user/.m2/repository/com/google/protobuf/protobuf-java-util/3.5.1/protobuf-java-util-3.5.1.jar:/home/user/.m2/repository/io/grpc/grpc-netty/1.17.1/grpc-netty-1.17.1.jar:/home/user/.m2/repository/io/grpc/grpc-core/1.17.1/grpc-core-1.17.1.jar:/home/user/.m2/repository/io/grpc/grpc-context/1.17.1/grpc-context-1.17.1.jar:/home/user/.m2/repository/com/google/errorprone/error_prone_annotations/2.2.0/error_prone_annotations-2.2.0.jar:/home/user/.m2/repository/org/codehaus/mojo/animal-sniffer-annotations/1.17/animal-sniffer-annotations-1.17.jar:/home/user/.m2/repository/io/opencensus/opencensus-api/0.17.0/opencensus-api-0.17.0.jar:/home/user/.m2/repository/io/opencensus/opencensus-contrib-grpc-metrics/0.17.0/opencensus-contrib-grpc-metrics-0.17.0.jar:/home/user/.m2/repository/io/netty/netty-codec-http2/4.1.30.Final/netty-codec-http2-4.1.30.Final.jar:/home/user/.m2/repository/io/netty/netty-codec-http/4.1.30.Final/netty-codec-http-4.1.30.Final.jar:/home/user/.m2/repository/io/netty/netty-codec/4.1.30.Final/netty-codec-4.1.30.Final.jar:/home/user/.m2/repository/io/netty/netty-handler/4.1.30.Final/netty-handler-4.1.30.Final.jar:/home/user/.m2/repository/io/netty/netty-handler-proxy/4.1.30.Final/netty-handler-proxy-4.1.30.Final.jar:/home/user/.m2/repository/io/netty/netty-codec-socks/4.1.30.Final/netty-codec-socks-4.1.30.Final.jar:/home/user/.m2/repository/io/netty/netty-transport-native-epoll/4.1.30.Final/netty-transport-native-epoll-4.1.30.Final.jar:/home/user/.m2/repository/io/netty/netty-common/4.1.30.Final/netty-common-4.1.30.Final.jar:/home/user/.m2/repository/io/netty/netty-buffer/4.1.30.Final/netty-buffer-4.1.30.Final.jar:/home/user/.m2/repository/io/netty/netty-transport/4.1.30.Final/netty-transport-4.1.30.Final.jar:/home/user/.m2/repository/io/netty/netty-resolver/4.1.30.Final/netty-resolver-4.1.30.Final.jar:/home/user/.m2/repository/io/netty/netty-transport-native-unix-common/4.1.30.Final/netty-transport-native-unix-common-4.1.30.Final.jar:/home/user/.m2/repository/io/grpc/grpc-protobuf/1.17.1/grpc-protobuf-1.17.1.jar:/home/user/.m2/repository/com/google/api/grpc/proto-google-common-protos/1.0.0/proto-google-common-protos-1.0.0.jar:/home/user/.m2/repository/io/grpc/grpc-protobuf-lite/1.17.1/grpc-protobuf-lite-1.17.1.jar:/home/user/.m2/repository/io/grpc/grpc-stub/1.17.1/grpc-stub-1.17.1.jar:/home/user/.m2/repository/org/apache/hadoop/hadoop-ozone-recon/0.5.0-SNAPSHOT/hadoop-ozone-recon-0.5.0-SNAPSHOT.jar:/home/user/.m2/repository/org/apache/hadoop/hadoop-ozone-reconcodegen/0.5.0-SNAPSHOT/hadoop-ozone-reconcodegen-0.5.0-SNAPSHOT.jar:/home/user/.m2/repository/com/google/inject/extensions/guice-multibindings/4.0/guice-multibindings-4.0.jar:/home/user/.m2/repository/com/google/inject/guice/4.0/guice-4.0.jar:/home/user/.m2/repository/aopalliance/aopalliance/1.0/aopalliance-1.0.jar:/home/user/.m2/repository/com/google/inject/extensions/guice-servlet/4.0/guice-servlet-4.0.jar:/home/user/.m2/repository/org/glassfish/jersey/containers/jersey-container-servlet/2.27/jersey-container-servlet-2.27.jar:/home/user/.m2/repository/org/glassfish/hk2/guice-bridge/2.5.0/guice-bridge-2.5.0.jar:/home/user/.m2/repository/org/glassfish/jersey/core/jersey-server/2.27/jersey-server-2.27.jar:/home/user/.m2/repository/org/glassfish/jersey/core/jersey-client/2.27/jersey-client-2.27.jar:/home/user/.m2/repository/org/glassfish/jersey/media/jersey-media-jaxb/2.27/jersey-media-jaxb-2.27.jar:/home/user/.m2/repository/javax/validation/validation-api/1.1.0.Final/validation-api-1.1.0.Final.jar:/home/user/.m2/repository/org/glassfish/jersey/media/jersey-media-json-jackson/2.27/jersey-media-json-jackson-2.27.jar:/home/user/.m2/repository/org/glassfish/jersey/ext/jersey-entity-filtering/2.27/jersey-entity-filtering-2.27.jar:/home/user/.m2/repository/com/google/inject/extensions/guice-assistedinject/4.0/guice-assistedinject-4.0.jar:/home/user/.m2/repository/org/jooq/jooq/3.11.10/jooq-3.11.10.jar:/home/user/.m2/repository/org/jooq/jooq-meta/3.11.10/jooq-meta-3.11.10.jar:/home/user/.m2/repository/org/jooq/jooq-codegen/3.11.10/jooq-codegen-3.11.10.jar:/home/user/.m2/repository/com/jolbox/bonecp/0.8.0.RELEASE/bonecp-0.8.0.RELEASE.jar:/home/user/.m2/repository/org/springframework/spring-jdbc/5.1.3.RELEASE/spring-jdbc-5.1.3.RELEASE.jar:/home/user/.m2/repository/org/springframework/spring-beans/5.1.3.RELEASE/spring-beans-5.1.3.RELEASE.jar:/home/user/.m2/repository/org/springframework/spring-core/5.1.3.RELEASE/spring-core-5.1.3.RELEASE.jar:/home/user/.m2/repository/org/springframework/spring-jcl/5.1.3.RELEASE/spring-jcl-5.1.3.RELEASE.jar:/home/user/.m2/repository/org/springframework/spring-tx/5.1.3.RELEASE/spring-tx-5.1.3.RELEASE.jar:/home/user/.m2/repository/org/mockito/mockito-core/2.15.0/mockito-core-2.15.0.jar:/home/user/.m2/repository/net/bytebuddy/byte-buddy/1.7.9/byte-buddy-1.7.9.jar:/home/user/.m2/repository/net/bytebuddy/byte-buddy-agent/1.7.9/byte-buddy-agent-1.7.9.jar:/home/user/.m2/repository/org/objenesis/objenesis/1.0/objenesis-1.0.jar:"/>
    <property name="java.vm.vendor" value="Oracle Corporation"/>
    <property name="sun.arch.data.model" value="64"/>
    <property name="test.build.dir" value="/workdir/hadoop-ozone/tools/target/test-dir"/>
    <property name="test.cache.data" value=""/>
    <property name="java.vendor.url" value="http://java.oracle.com/"/>
    <property name="user.timezone" value=""/>
    <property name="java.vm.specification.version" value="1.8"/>
    <property name="os.name" value="Linux"/>
    <property name="test.build.data" value="/workdir/hadoop-ozone/tools/target/test-dir"/>
    <property name="user.country" value="US"/>
    <property name="sun.java.launcher" value="SUN_STANDARD"/>
    <property name="sun.boot.library.path" value="/usr/lib/jvm/java-1.8.0-openjdk-1.8.0.222.b10-1.el7_7.x86_64/jre/lib/amd64"/>
    <property name="sun.java.command" value="/workdir/hadoop-ozone/tools/target/surefire/surefirebooter8889079267349624597.jar /workdir/hadoop-ozone/tools/target/surefire 2019-10-18T18-55-06_994-jvmRun1 surefire8326722083965983800tmp surefire_1042250864020348472887tmp"/>
    <property name="surefire.test.class.path" value="/workdir/hadoop-ozone/tools/target/test-classes:/workdir/hadoop-ozone/tools/target/classes:/home/user/.m2/repository/org/apache/hadoop/hadoop-ozone-ozone-manager/0.5.0-SNAPSHOT/hadoop-ozone-ozone-manager-0.5.0-SNAPSHOT.jar:/home/user/.m2/repository/org/apache/hadoop/hadoop-hdds-docs/0.5.0-SNAPSHOT/hadoop-hdds-docs-0.5.0-SNAPSHOT.jar:/home/user/.m2/repository/org/bouncycastle/bcprov-jdk15on/1.60/bcprov-jdk15on-1.60.jar:/home/user/.m2/repository/org/apache/hadoop/hadoop-ozone-common/0.5.0-SNAPSHOT/hadoop-ozone-common-0.5.0-SNAPSHOT.jar:/home/user/.m2/repository/org/apache/commons/commons-compress/1.4.1/commons-compress-1.4.1.jar:/home/user/.m2/repository/org/tukaani/xz/1.0/xz-1.0.jar:/home/user/.m2/repository/org/apache/hadoop/hadoop-hdfs-client/3.2.0/hadoop-hdfs-client-3.2.0.jar:/home/user/.m2/repository/com/fasterxml/jackson/core/jackson-annotations/2.9.9/jackson-annotations-2.9.9.jar:/home/user/.m2/repository/org/apache/hadoop/hadoop-hdds-common/0.5.0-SNAPSHOT/hadoop-hdds-common-0.5.0-SNAPSHOT.jar:/home/user/.m2/repository/org/apache/hadoop/hadoop-hdds-config/0.5.0-SNAPSHOT/hadoop-hdds-config-0.5.0-SNAPSHOT.jar:/home/user/.m2/repository/javax/annotation/javax.annotation-api/1.2/javax.annotation-api-1.2.jar:/home/user/.m2/repository/org/apache/ratis/ratis-server/0.5.0-ced7dbf-SNAPSHOT/ratis-server-0.5.0-ced7dbf-SNAPSHOT.jar:/home/user/.m2/repository/org/apache/ratis/ratis-thirdparty-misc/0.2.0/ratis-thirdparty-misc-0.2.0.jar:/home/user/.m2/repository/org/apache/ratis/ratis-proto/0.5.0-ced7dbf-SNAPSHOT/ratis-proto-0.5.0-ced7dbf-SNAPSHOT.jar:/home/user/.m2/repository/org/apache/ratis/ratis-common/0.5.0-ced7dbf-SNAPSHOT/ratis-common-0.5.0-ced7dbf-SNAPSHOT.jar:/home/user/.m2/repository/org/apache/ratis/ratis-client/0.5.0-ced7dbf-SNAPSHOT/ratis-client-0.5.0-ced7dbf-SNAPSHOT.jar:/home/user/.m2/repository/org/apache/ratis/ratis-metrics/0.5.0-ced7dbf-SNAPSHOT/ratis-metrics-0.5.0-ced7dbf-SNAPSHOT.jar:/home/user/.m2/repository/org/apache/ratis/ratis-netty/0.5.0-ced7dbf-SNAPSHOT/ratis-netty-0.5.0-ced7dbf-SNAPSHOT.jar:/home/user/.m2/repository/org/apache/ratis/ratis-grpc/0.5.0-ced7dbf-SNAPSHOT/ratis-grpc-0.5.0-ced7dbf-SNAPSHOT.jar:/home/user/.m2/repository/org/rocksdb/rocksdbjni/6.0.1/rocksdbjni-6.0.1.jar:/home/user/.m2/repository/org/apache/logging/log4j/log4j-api/2.11.0/log4j-api-2.11.0.jar:/home/user/.m2/repository/org/apache/logging/log4j/log4j-core/2.11.0/log4j-core-2.11.0.jar:/home/user/.m2/repository/com/lmax/disruptor/3.4.2/disruptor-3.4.2.jar:/home/user/.m2/repository/org/apache/commons/commons-pool2/2.6.0/commons-pool2-2.6.0.jar:/home/user/.m2/repository/org/bouncycastle/bcpkix-jdk15on/1.60/bcpkix-jdk15on-1.60.jar:/home/user/.m2/repository/commons-validator/commons-validator/1.6/commons-validator-1.6.jar:/home/user/.m2/repository/commons-digester/commons-digester/1.8.1/commons-digester-1.8.1.jar:/home/user/.m2/repository/io/jaegertracing/jaeger-client/0.34.0/jaeger-client-0.34.0.jar:/home/user/.m2/repository/io/jaegertracing/jaeger-thrift/0.34.0/jaeger-thrift-0.34.0.jar:/home/user/.m2/repository/org/apache/thrift/libthrift/0.12.0/libthrift-0.12.0.jar:/home/user/.m2/repository/com/squareup/okhttp3/okhttp/3.9.0/okhttp-3.9.0.jar:/home/user/.m2/repository/com/squareup/okio/okio/1.13.0/okio-1.13.0.jar:/home/user/.m2/repository/io/jaegertracing/jaeger-core/0.34.0/jaeger-core-0.34.0.jar:/home/user/.m2/repository/io/jaegertracing/jaeger-tracerresolver/0.34.0/jaeger-tracerresolver-0.34.0.jar:/home/user/.m2/repository/io/opentracing/contrib/opentracing-tracerresolver/0.1.5/opentracing-tracerresolver-0.1.5.jar:/home/user/.m2/repository/io/opentracing/opentracing-util/0.31.0/opentracing-util-0.31.0.jar:/home/user/.m2/repository/io/opentracing/opentracing-api/0.31.0/opentracing-api-0.31.0.jar:/home/user/.m2/repository/io/opentracing/opentracing-noop/0.31.0/opentracing-noop-0.31.0.jar:/home/user/.m2/repository/org/yaml/snakeyaml/1.16/snakeyaml-1.16.jar:/home/user/.m2/repository/org/apache/hadoop/hadoop-hdds-container-service/0.5.0-SNAPSHOT/hadoop-hdds-container-service-0.5.0-SNAPSHOT.jar:/home/user/.m2/repository/org/apache/hadoop/hadoop-hdds-client/0.5.0-SNAPSHOT/hadoop-hdds-client-0.5.0-SNAPSHOT.jar:/home/user/.m2/repository/org/apache/hadoop/hadoop-hdds-tools/0.5.0-SNAPSHOT/hadoop-hdds-tools-0.5.0-SNAPSHOT.jar:/home/user/.m2/repository/org/xerial/sqlite-jdbc/3.25.2/sqlite-jdbc-3.25.2.jar:/home/user/.m2/repository/org/apache/hadoop/hadoop-hdds-server-scm/0.5.0-SNAPSHOT/hadoop-hdds-server-scm-0.5.0-SNAPSHOT.jar:/home/user/.m2/repository/org/hamcrest/hamcrest-all/1.3/hamcrest-all-1.3.jar:/home/user/.m2/repository/info/picocli/picocli/3.9.6/picocli-3.9.6.jar:/home/user/.m2/repository/com/google/protobuf/protobuf-java/2.5.0/protobuf-java-2.5.0.jar:/home/user/.m2/repository/com/google/guava/guava/11.0.2/guava-11.0.2.jar:/home/user/.m2/repository/org/apache/hadoop/hadoop-ozone-client/0.5.0-SNAPSHOT/hadoop-ozone-client-0.5.0-SNAPSHOT.jar:/workdir/hadoop-ozone/ozonefs/target/classes:/home/user/.m2/repository/org/apache/httpcomponents/httpclient/4.5.2/httpclient-4.5.2.jar:/home/user/.m2/repository/org/apache/httpcomponents/httpcore/4.4.4/httpcore-4.4.4.jar:/home/user/.m2/repository/org/apache/hadoop/hadoop-hdds-server-framework/0.5.0-SNAPSHOT/hadoop-hdds-server-framework-0.5.0-SNAPSHOT.jar:/home/user/.m2/repository/org/apache/hadoop/hadoop-common/3.2.0/hadoop-common-3.2.0.jar:/home/user/.m2/repository/org/apache/hadoop/hadoop-annotations/3.2.0/hadoop-annotations-3.2.0.jar:/usr/lib/jvm/java-1.8.0-openjdk-1.8.0.222.b10-1.el7_7.x86_64/jre/../lib/tools.jar:/home/user/.m2/repository/commons-cli/commons-cli/1.2/commons-cli-1.2.jar:/home/user/.m2/repository/org/apache/commons/commons-math3/3.1.1/commons-math3-3.1.1.jar:/home/user/.m2/repository/commons-codec/commons-codec/1.11/commons-codec-1.11.jar:/home/user/.m2/repository/commons-io/commons-io/2.5/commons-io-2.5.jar:/home/user/.m2/repository/commons-net/commons-net/3.6/commons-net-3.6.jar:/home/user/.m2/repository/commons-collections/commons-collections/3.2.2/commons-collections-3.2.2.jar:/home/user/.m2/repository/javax/servlet/javax.servlet-api/3.1.0/javax.servlet-api-3.1.0.jar:/home/user/.m2/repository/org/eclipse/jetty/jetty-server/9.3.25.v20180904/jetty-server-9.3.25.v20180904.jar:/home/user/.m2/repository/org/eclipse/jetty/jetty-http/9.3.25.v20180904/jetty-http-9.3.25.v20180904.jar:/home/user/.m2/repository/org/eclipse/jetty/jetty-io/9.3.25.v20180904/jetty-io-9.3.25.v20180904.jar:/home/user/.m2/repository/org/eclipse/jetty/jetty-util/9.3.25.v20180904/jetty-util-9.3.25.v20180904.jar:/home/user/.m2/repository/org/eclipse/jetty/jetty-servlet/9.3.25.v20180904/jetty-servlet-9.3.25.v20180904.jar:/home/user/.m2/repository/org/eclipse/jetty/jetty-security/9.3.25.v20180904/jetty-security-9.3.25.v20180904.jar:/home/user/.m2/repository/org/eclipse/jetty/jetty-webapp/9.3.25.v20180904/jetty-webapp-9.3.25.v20180904.jar:/home/user/.m2/repository/org/eclipse/jetty/jetty-xml/9.3.25.v20180904/jetty-xml-9.3.25.v20180904.jar:/home/user/.m2/repository/javax/servlet/jsp/jsp-api/2.1/jsp-api-2.1.jar:/home/user/.m2/repository/com/sun/jersey/jersey-core/1.19/jersey-core-1.19.jar:/home/user/.m2/repository/javax/ws/rs/jsr311-api/1.1.1/jsr311-api-1.1.1.jar:/home/user/.m2/repository/com/sun/jersey/jersey-servlet/1.19/jersey-servlet-1.19.jar:/home/user/.m2/repository/com/sun/jersey/jersey-json/1.19/jersey-json-1.19.jar:/home/user/.m2/repository/org/codehaus/jettison/jettison/1.1/jettison-1.1.jar:/home/user/.m2/repository/com/sun/xml/bind/jaxb-impl/2.3.0.1/jaxb-impl-2.3.0.1.jar:/home/user/.m2/repository/org/codehaus/jackson/jackson-core-asl/1.9.13/jackson-core-asl-1.9.13.jar:/home/user/.m2/repository/org/codehaus/jackson/jackson-mapper-asl/1.9.13/jackson-mapper-asl-1.9.13.jar:/home/user/.m2/repository/org/codehaus/jackson/jackson-jaxrs/1.9.13/jackson-jaxrs-1.9.13.jar:/home/user/.m2/repository/org/codehaus/jackson/jackson-xc/1.9.13/jackson-xc-1.9.13.jar:/home/user/.m2/repository/com/sun/jersey/jersey-server/1.19/jersey-server-1.19.jar:/home/user/.m2/repository/commons-logging/commons-logging/1.1.3/commons-logging-1.1.3.jar:/home/user/.m2/repository/log4j/log4j/1.2.17/log4j-1.2.17.jar:/home/user/.m2/repository/commons-beanutils/commons-beanutils/1.9.4/commons-beanutils-1.9.4.jar:/home/user/.m2/repository/org/apache/commons/commons-configuration2/2.1.1/commons-configuration2-2.1.1.jar:/home/user/.m2/repository/org/apache/commons/commons-lang3/3.7/commons-lang3-3.7.jar:/home/user/.m2/repository/org/apache/commons/commons-text/1.4/commons-text-1.4.jar:/home/user/.m2/repository/org/slf4j/slf4j-api/1.7.25/slf4j-api-1.7.25.jar:/home/user/.m2/repository/org/slf4j/slf4j-log4j12/1.7.25/slf4j-log4j12-1.7.25.jar:/home/user/.m2/repository/org/apache/avro/avro/1.7.7/avro-1.7.7.jar:/home/user/.m2/repository/com/thoughtworks/paranamer/paranamer/2.3/paranamer-2.3.jar:/home/user/.m2/repository/org/xerial/snappy/snappy-java/1.0.5/snappy-java-1.0.5.jar:/home/user/.m2/repository/com/google/re2j/re2j/1.1/re2j-1.1.jar:/home/user/.m2/repository/com/google/code/gson/gson/2.2.4/gson-2.2.4.jar:/home/user/.m2/repository/org/apache/hadoop/hadoop-auth/3.2.0/hadoop-auth-3.2.0.jar:/home/user/.m2/repository/com/nimbusds/nimbus-jose-jwt/4.41.1/nimbus-jose-jwt-4.41.1.jar:/home/user/.m2/repository/com/github/stephenc/jcip/jcip-annotations/1.0-1/jcip-annotations-1.0-1.jar:/home/user/.m2/repository/net/minidev/json-smart/2.3/json-smart-2.3.jar:/home/user/.m2/repository/net/minidev/accessors-smart/1.2/accessors-smart-1.2.jar:/home/user/.m2/repository/org/apache/curator/curator-framework/2.12.0/curator-framework-2.12.0.jar:/home/user/.m2/repository/com/jcraft/jsch/0.1.54/jsch-0.1.54.jar:/home/user/.m2/repository/org/apache/curator/curator-client/2.12.0/curator-client-2.12.0.jar:/home/user/.m2/repository/org/apache/curator/curator-recipes/2.12.0/curator-recipes-2.12.0.jar:/home/user/.m2/repository/com/google/code/findbugs/jsr305/3.0.0/jsr305-3.0.0.jar:/home/user/.m2/repository/org/apache/htrace/htrace-core4/4.1.0-incubating/htrace-core4-4.1.0-incubating.jar:/home/user/.m2/repository/org/apache/zookeeper/zookeeper/3.4.13/zookeeper-3.4.13.jar:/home/user/.m2/repository/jline/jline/0.9.94/jline-0.9.94.jar:/home/user/.m2/repository/org/apache/yetus/audience-annotations/0.5.0/audience-annotations-0.5.0.jar:/home/user/.m2/repository/org/apache/kerby/kerb-simplekdc/1.0.1/kerb-simplekdc-1.0.1.jar:/home/user/.m2/repository/org/apache/kerby/kerb-client/1.0.1/kerb-client-1.0.1.jar:/home/user/.m2/repository/org/apache/kerby/kerby-config/1.0.1/kerby-config-1.0.1.jar:/home/user/.m2/repository/org/apache/kerby/kerb-core/1.0.1/kerb-core-1.0.1.jar:/home/user/.m2/repository/org/apache/kerby/kerby-pkix/1.0.1/kerby-pkix-1.0.1.jar:/home/user/.m2/repository/org/apache/kerby/kerby-asn1/1.0.1/kerby-asn1-1.0.1.jar:/home/user/.m2/repository/org/apache/kerby/kerby-util/1.0.1/kerby-util-1.0.1.jar:/home/user/.m2/repository/org/apache/kerby/kerb-common/1.0.1/kerb-common-1.0.1.jar:/home/user/.m2/repository/org/apache/kerby/kerb-crypto/1.0.1/kerb-crypto-1.0.1.jar:/home/user/.m2/repository/org/apache/kerby/kerb-util/1.0.1/kerb-util-1.0.1.jar:/home/user/.m2/repository/org/apache/kerby/token-provider/1.0.1/token-provider-1.0.1.jar:/home/user/.m2/repository/org/apache/kerby/kerb-admin/1.0.1/kerb-admin-1.0.1.jar:/home/user/.m2/repository/org/apache/kerby/kerb-server/1.0.1/kerb-server-1.0.1.jar:/home/user/.m2/repository/org/apache/kerby/kerb-identity/1.0.1/kerb-identity-1.0.1.jar:/home/user/.m2/repository/org/apache/kerby/kerby-xdr/1.0.1/kerby-xdr-1.0.1.jar:/home/user/.m2/repository/com/fasterxml/jackson/core/jackson-databind/2.9.9/jackson-databind-2.9.9.jar:/home/user/.m2/repository/com/fasterxml/jackson/core/jackson-core/2.9.9/jackson-core-2.9.9.jar:/home/user/.m2/repository/org/codehaus/woodstox/stax2-api/3.1.4/stax2-api-3.1.4.jar:/home/user/.m2/repository/com/fasterxml/woodstox/woodstox-core/5.0.3/woodstox-core-5.0.3.jar:/home/user/.m2/repository/dnsjava/dnsjava/2.1.7/dnsjava-2.1.7.jar:/home/user/.m2/repository/org/apache/hadoop/hadoop-hdfs/3.2.0/hadoop-hdfs-3.2.0.jar:/home/user/.m2/repository/org/eclipse/jetty/jetty-util-ajax/9.3.25.v20180904/jetty-util-ajax-9.3.25.v20180904.jar:/home/user/.m2/repository/commons-daemon/commons-daemon/1.0.13/commons-daemon-1.0.13.jar:/home/user/.m2/repository/io/netty/netty/3.10.5.Final/netty-3.10.5.Final.jar:/home/user/.m2/repository/io/netty/netty-all/4.0.52.Final/netty-all-4.0.52.Final.jar:/home/user/.m2/repository/org/fusesource/leveldbjni/leveldbjni-all/1.8/leveldbjni-all-1.8.jar:/home/user/.m2/repository/com/sun/xml/bind/jaxb-core/2.3.0.1/jaxb-core-2.3.0.1.jar:/home/user/.m2/repository/javax/xml/bind/jaxb-api/2.3.0/jaxb-api-2.3.0.jar:/home/user/.m2/repository/javax/activation/activation/1.1.1/activation-1.1.1.jar:/home/user/.m2/repository/org/openjdk/jmh/jmh-core/1.19/jmh-core-1.19.jar:/home/user/.m2/repository/net/sf/jopt-simple/jopt-simple/4.6/jopt-simple-4.6.jar:/home/user/.m2/repository/org/openjdk/jmh/jmh-generator-annprocess/1.19/jmh-generator-annprocess-1.19.jar:/home/user/.m2/repository/io/dropwizard/metrics/metrics-core/3.2.4/metrics-core-3.2.4.jar:/home/user/.m2/repository/com/amazonaws/aws-java-sdk-s3/1.11.615/aws-java-sdk-s3-1.11.615.jar:/home/user/.m2/repository/com/amazonaws/aws-java-sdk-kms/1.11.615/aws-java-sdk-kms-1.11.615.jar:/home/user/.m2/repository/com/amazonaws/aws-java-sdk-core/1.11.615/aws-java-sdk-core-1.11.615.jar:/home/user/.m2/repository/software/amazon/ion/ion-java/1.0.2/ion-java-1.0.2.jar:/home/user/.m2/repository/com/fasterxml/jackson/dataformat/jackson-dataformat-cbor/2.9.9/jackson-dataformat-cbor-2.9.9.jar:/home/user/.m2/repository/joda-time/joda-time/2.9.9/joda-time-2.9.9.jar:/home/user/.m2/repository/com/amazonaws/jmespath-java/1.11.615/jmespath-java-1.11.615.jar:/home/user/.m2/repository/com/github/spotbugs/spotbugs/3.1.12/spotbugs-3.1.12.jar:/home/user/.m2/repository/org/ow2/asm/asm/5.0.4/asm-5.0.4.jar:/home/user/.m2/repository/org/ow2/asm/asm-analysis/7.0/asm-analysis-7.0.jar:/home/user/.m2/repository/org/ow2/asm/asm-commons/7.0/asm-commons-7.0.jar:/home/user/.m2/repository/org/ow2/asm/asm-tree/7.0/asm-tree-7.0.jar:/home/user/.m2/repository/org/ow2/asm/asm-util/7.0/asm-util-7.0.jar:/home/user/.m2/repository/org/apache/bcel/bcel/6.3/bcel-6.3.jar:/home/user/.m2/repository/net/jcip/jcip-annotations/1.0/jcip-annotations-1.0.jar:/home/user/.m2/repository/org/dom4j/dom4j/2.1.1/dom4j-2.1.1.jar:/home/user/.m2/repository/jaxen/jaxen/1.1.6/jaxen-1.1.6.jar:/home/user/.m2/repository/commons-lang/commons-lang/2.6/commons-lang-2.6.jar:/home/user/.m2/repository/com/github/spotbugs/spotbugs-annotations/3.1.12/spotbugs-annotations-3.1.12.jar:/home/user/.m2/repository/junit/junit/4.11/junit-4.11.jar:/home/user/.m2/repository/org/hamcrest/hamcrest-core/1.3/hamcrest-core-1.3.jar:/home/user/.m2/repository/org/apache/hadoop/hadoop-common/3.2.0/hadoop-common-3.2.0-tests.jar:/workdir/hadoop-ozone/integration-test/target/test-classes:/home/user/.m2/repository/org/apache/hadoop/hadoop-ozone-s3gateway/0.5.0-SNAPSHOT/hadoop-ozone-s3gateway-0.5.0-SNAPSHOT.jar:/home/user/.m2/repository/org/jboss/weld/servlet/weld-servlet/2.4.7.Final/weld-servlet-2.4.7.Final.jar:/home/user/.m2/repository/org/glassfish/jersey/containers/jersey-container-servlet-core/2.27/jersey-container-servlet-core-2.27.jar:/home/user/.m2/repository/org/glassfish/hk2/external/javax.inject/2.5.0-b42/javax.inject-2.5.0-b42.jar:/home/user/.m2/repository/org/glassfish/jersey/core/jersey-common/2.27/jersey-common-2.27.jar:/home/user/.m2/repository/org/glassfish/hk2/osgi-resource-locator/1.0.1/osgi-resource-locator-1.0.1.jar:/home/user/.m2/repository/javax/ws/rs/javax.ws.rs-api/2.1/javax.ws.rs-api-2.1.jar:/home/user/.m2/repository/org/glassfish/jersey/ext/cdi/jersey-cdi1x/2.27/jersey-cdi1x-2.27.jar:/home/user/.m2/repository/org/glassfish/jersey/inject/jersey-hk2/2.27/jersey-hk2-2.27.jar:/home/user/.m2/repository/org/glassfish/hk2/hk2-locator/2.5.0-b42/hk2-locator-2.5.0-b42.jar:/home/user/.m2/repository/org/javassist/javassist/3.22.0-CR2/javassist-3.22.0-CR2.jar:/home/user/.m2/repository/org/glassfish/hk2/hk2-api/2.5.0/hk2-api-2.5.0.jar:/home/user/.m2/repository/org/glassfish/hk2/external/jakarta.inject/2.5.0/jakarta.inject-2.5.0.jar:/home/user/.m2/repository/org/glassfish/hk2/hk2-utils/2.5.0/hk2-utils-2.5.0.jar:/home/user/.m2/repository/jakarta/annotation/jakarta.annotation-api/1.3.4/jakarta.annotation-api-1.3.4.jar:/home/user/.m2/repository/org/glassfish/hk2/external/aopalliance-repackaged/2.5.0/aopalliance-repackaged-2.5.0.jar:/home/user/.m2/repository/com/fasterxml/jackson/dataformat/jackson-dataformat-xml/2.9.0/jackson-dataformat-xml-2.9.0.jar:/home/user/.m2/repository/com/fasterxml/jackson/module/jackson-module-jaxb-annotations/2.9.9/jackson-module-jaxb-annotations-2.9.9.jar:/home/user/.m2/repository/javax/enterprise/cdi-api/1.2/cdi-api-1.2.jar:/home/user/.m2/repository/javax/el/javax.el-api/3.0.0/javax.el-api-3.0.0.jar:/home/user/.m2/repository/javax/interceptor/javax.interceptor-api/1.2/javax.interceptor-api-1.2.jar:/home/user/.m2/repository/javax/inject/javax.inject/1/javax.inject-1.jar:/home/user/.m2/repository/org/apache/hadoop/hadoop-ozone-csi/0.5.0-SNAPSHOT/hadoop-ozone-csi-0.5.0-SNAPSHOT.jar:/home/user/.m2/repository/com/google/protobuf/protobuf-java-util/3.5.1/protobuf-java-util-3.5.1.jar:/home/user/.m2/repository/io/grpc/grpc-netty/1.17.1/grpc-netty-1.17.1.jar:/home/user/.m2/repository/io/grpc/grpc-core/1.17.1/grpc-core-1.17.1.jar:/home/user/.m2/repository/io/grpc/grpc-context/1.17.1/grpc-context-1.17.1.jar:/home/user/.m2/repository/com/google/errorprone/error_prone_annotations/2.2.0/error_prone_annotations-2.2.0.jar:/home/user/.m2/repository/org/codehaus/mojo/animal-sniffer-annotations/1.17/animal-sniffer-annotations-1.17.jar:/home/user/.m2/repository/io/opencensus/opencensus-api/0.17.0/opencensus-api-0.17.0.jar:/home/user/.m2/repository/io/opencensus/opencensus-contrib-grpc-metrics/0.17.0/opencensus-contrib-grpc-metrics-0.17.0.jar:/home/user/.m2/repository/io/netty/netty-codec-http2/4.1.30.Final/netty-codec-http2-4.1.30.Final.jar:/home/user/.m2/repository/io/netty/netty-codec-http/4.1.30.Final/netty-codec-http-4.1.30.Final.jar:/home/user/.m2/repository/io/netty/netty-codec/4.1.30.Final/netty-codec-4.1.30.Final.jar:/home/user/.m2/repository/io/netty/netty-handler/4.1.30.Final/netty-handler-4.1.30.Final.jar:/home/user/.m2/repository/io/netty/netty-handler-proxy/4.1.30.Final/netty-handler-proxy-4.1.30.Final.jar:/home/user/.m2/repository/io/netty/netty-codec-socks/4.1.30.Final/netty-codec-socks-4.1.30.Final.jar:/home/user/.m2/repository/io/netty/netty-transport-native-epoll/4.1.30.Final/netty-transport-native-epoll-4.1.30.Final.jar:/home/user/.m2/repository/io/netty/netty-common/4.1.30.Final/netty-common-4.1.30.Final.jar:/home/user/.m2/repository/io/netty/netty-buffer/4.1.30.Final/netty-buffer-4.1.30.Final.jar:/home/user/.m2/repository/io/netty/netty-transport/4.1.30.Final/netty-transport-4.1.30.Final.jar:/home/user/.m2/repository/io/netty/netty-resolver/4.1.30.Final/netty-resolver-4.1.30.Final.jar:/home/user/.m2/repository/io/netty/netty-transport-native-unix-common/4.1.30.Final/netty-transport-native-unix-common-4.1.30.Final.jar:/home/user/.m2/repository/io/grpc/grpc-protobuf/1.17.1/grpc-protobuf-1.17.1.jar:/home/user/.m2/repository/com/google/api/grpc/proto-google-common-protos/1.0.0/proto-google-common-protos-1.0.0.jar:/home/user/.m2/repository/io/grpc/grpc-protobuf-lite/1.17.1/grpc-protobuf-lite-1.17.1.jar:/home/user/.m2/repository/io/grpc/grpc-stub/1.17.1/grpc-stub-1.17.1.jar:/home/user/.m2/repository/org/apache/hadoop/hadoop-ozone-recon/0.5.0-SNAPSHOT/hadoop-ozone-recon-0.5.0-SNAPSHOT.jar:/home/user/.m2/repository/org/apache/hadoop/hadoop-ozone-reconcodegen/0.5.0-SNAPSHOT/hadoop-ozone-reconcodegen-0.5.0-SNAPSHOT.jar:/home/user/.m2/repository/com/google/inject/extensions/guice-multibindings/4.0/guice-multibindings-4.0.jar:/home/user/.m2/repository/com/google/inject/guice/4.0/guice-4.0.jar:/home/user/.m2/repository/aopalliance/aopalliance/1.0/aopalliance-1.0.jar:/home/user/.m2/repository/com/google/inject/extensions/guice-servlet/4.0/guice-servlet-4.0.jar:/home/user/.m2/repository/org/glassfish/jersey/containers/jersey-container-servlet/2.27/jersey-container-servlet-2.27.jar:/home/user/.m2/repository/org/glassfish/hk2/guice-bridge/2.5.0/guice-bridge-2.5.0.jar:/home/user/.m2/repository/org/glassfish/jersey/core/jersey-server/2.27/jersey-server-2.27.jar:/home/user/.m2/repository/org/glassfish/jersey/core/jersey-client/2.27/jersey-client-2.27.jar:/home/user/.m2/repository/org/glassfish/jersey/media/jersey-media-jaxb/2.27/jersey-media-jaxb-2.27.jar:/home/user/.m2/repository/javax/validation/validation-api/1.1.0.Final/validation-api-1.1.0.Final.jar:/home/user/.m2/repository/org/glassfish/jersey/media/jersey-media-json-jackson/2.27/jersey-media-json-jackson-2.27.jar:/home/user/.m2/repository/org/glassfish/jersey/ext/jersey-entity-filtering/2.27/jersey-entity-filtering-2.27.jar:/home/user/.m2/repository/com/google/inject/extensions/guice-assistedinject/4.0/guice-assistedinject-4.0.jar:/home/user/.m2/repository/org/jooq/jooq/3.11.10/jooq-3.11.10.jar:/home/user/.m2/repository/org/jooq/jooq-meta/3.11.10/jooq-meta-3.11.10.jar:/home/user/.m2/repository/org/jooq/jooq-codegen/3.11.10/jooq-codegen-3.11.10.jar:/home/user/.m2/repository/com/jolbox/bonecp/0.8.0.RELEASE/bonecp-0.8.0.RELEASE.jar:/home/user/.m2/repository/org/springframework/spring-jdbc/5.1.3.RELEASE/spring-jdbc-5.1.3.RELEASE.jar:/home/user/.m2/repository/org/springframework/spring-beans/5.1.3.RELEASE/spring-beans-5.1.3.RELEASE.jar:/home/user/.m2/repository/org/springframework/spring-core/5.1.3.RELEASE/spring-core-5.1.3.RELEASE.jar:/home/user/.m2/repository/org/springframework/spring-jcl/5.1.3.RELEASE/spring-jcl-5.1.3.RELEASE.jar:/home/user/.m2/repository/org/springframework/spring-tx/5.1.3.RELEASE/spring-tx-5.1.3.RELEASE.jar:/home/user/.m2/repository/org/mockito/mockito-core/2.15.0/mockito-core-2.15.0.jar:/home/user/.m2/repository/net/bytebuddy/byte-buddy/1.7.9/byte-buddy-1.7.9.jar:/home/user/.m2/repository/net/bytebuddy/byte-buddy-agent/1.7.9/byte-buddy-agent-1.7.9.jar:/home/user/.m2/repository/org/objenesis/objenesis/1.0/objenesis-1.0.jar:"/>
    <property name="sun.cpu.endian" value="little"/>
    <property name="user.home" value="/home/user"/>
    <property name="user.language" value="en"/>
    <property name="java.specification.vendor" value="Oracle Corporation"/>
    <property name="java.home" value="/usr/lib/jvm/java-1.8.0-openjdk-1.8.0.222.b10-1.el7_7.x86_64/jre"/>
    <property name="surefire.excludesFile" value="/tools/ozone-bad-unit-tests"/>
    <property name="java.security.krb5.conf" value="/workdir/hadoop-ozone/tools/target/test-classes/krb5.conf"/>
    <property name="basedir" value="/workdir/hadoop-ozone/tools"/>
    <property name="file.separator" value="/"/>
    <property name="line.separator" value="&#10;"/>
    <property name="java.vm.specification.vendor" value="Oracle Corporation"/>
    <property name="java.specification.name" value="Java Platform API Specification"/>
    <property name="java.awt.graphicsenv" value="sun.awt.X11GraphicsEnvironment"/>
    <property name="surefire.real.class.path" value="/workdir/hadoop-ozone/tools/target/surefire/surefirebooter8889079267349624597.jar"/>
    <property name="hadoop.log.dir" value="/workdir/hadoop-ozone/tools/target/log"/>
    <property name="sun.boot.class.path" value="/usr/lib/jvm/java-1.8.0-openjdk-1.8.0.222.b10-1.el7_7.x86_64/jre/lib/resources.jar:/usr/lib/jvm/java-1.8.0-openjdk-1.8.0.222.b10-1.el7_7.x86_64/jre/lib/rt.jar:/usr/lib/jvm/java-1.8.0-openjdk-1.8.0.222.b10-1.el7_7.x86_64/jre/lib/sunrsasign.jar:/usr/lib/jvm/java-1.8.0-openjdk-1.8.0.222.b10-1.el7_7.x86_64/jre/lib/jsse.jar:/usr/lib/jvm/java-1.8.0-openjdk-1.8.0.222.b10-1.el7_7.x86_64/jre/lib/jce.jar:/usr/lib/jvm/java-1.8.0-openjdk-1.8.0.222.b10-1.el7_7.x86_64/jre/lib/charsets.jar:/usr/lib/jvm/java-1.8.0-openjdk-1.8.0.222.b10-1.el7_7.x86_64/jre/lib/jfr.jar:/usr/lib/jvm/java-1.8.0-openjdk-1.8.0.222.b10-1.el7_7.x86_64/jre/classes"/>
    <property name="sun.management.compiler" value="HotSpot 64-Bit Tiered Compilers"/>
    <property name="java.runtime.version" value="1.8.0_222-b10"/>
    <property name="java.net.preferIPv4Stack" value="true"/>
    <property name="user.name" value="jenkins1000"/>
    <property name="path.separator" value=":"/>
    <property name="java.security.egd" value="file:///dev/urandom"/>
    <property name="os.version" value="3.10.0-957.12.2.el7.x86_64"/>
    <property name="java.endorsed.dirs" value="/usr/lib/jvm/java-1.8.0-openjdk-1.8.0.222.b10-1.el7_7.x86_64/jre/lib/endorsed"/>
    <property name="java.runtime.name" value="OpenJDK Runtime Environment"/>
    <property name="file.encoding" value="ANSI_X3.4-1968"/>
    <property name="java.vm.name" value="OpenJDK 64-Bit Server VM"/>
    <property name="test.build.webapps" value=""/>
    <property name="localRepository" value="/home/user/.m2/repository"/>
    <property name="java.vendor.url.bug" value="http://bugreport.sun.com/bugreport/"/>
    <property name="java.io.tmpdir" value="/tmp"/>
    <property name="require.test.libhadoop" value=""/>
    <property name="java.version" value="1.8.0_222"/>
    <property name="user.dir" value="/workdir/hadoop-ozone/tools"/>
    <property name="os.arch" value="amd64"/>
    <property name="java.vm.specification.name" value="Java Virtual Machine Specification"/>
    <property name="test.build.classes" value="/workdir/hadoop-ozone/tools/target/test-classes"/>
    <property name="java.awt.printerjob" value="sun.print.PSPrinterJob"/>
    <property name="sun.os.patch.level" value="unknown"/>
    <property name="hadoop.tmp.dir" value="/workdir/hadoop-ozone/tools/target/tmp"/>
    <property name="java.library.path" value="/usr/lib:/workdir/hadoop-ozone/tools/target/native/target/usr/local/lib:/workdir/hadoop-ozone/tools/../../hadoop-common-project/hadoop-common/target/native/target/usr/local/lib:/usr/java/packages/lib/amd64:/usr/lib64:/lib64:/lib:/usr/lib"/>
    <property name="java.vm.info" value="mixed mode"/>
    <property name="java.vendor" value="Oracle Corporation"/>
    <property name="java.vm.version" value="25.222-b10"/>
    <property name="java.ext.dirs" value="/usr/lib/jvm/java-1.8.0-openjdk-1.8.0.222.b10-1.el7_7.x86_64/jre/lib/ext:/usr/java/packages/lib/ext"/>
    <property name="sun.io.unicode.encoding" value="UnicodeLittle"/>
    <property name="java.class.version" value="52.0"/>
  </properties>
  <testcase name="testRestart" classname="org.apache.hadoop.ozone.freon.TestFreonWithPipelineDestroy" time="19.391">
    <error message="Allocated 0 blocks. Requested 5 blocks" type="INTERNAL_ERROR org.apache.hadoop.ozone.om.exceptions.OMException">INTERNAL_ERROR org.apache.hadoop.ozone.om.exceptions.OMException: Allocated 0 blocks. Requested 5 blocks
	at org.apache.hadoop.ozone.om.protocolPB.OzoneManagerProtocolClientSideTranslatorPB.handleError(OzoneManagerProtocolClientSideTranslatorPB.java:732)
	at org.apache.hadoop.ozone.om.protocolPB.OzoneManagerProtocolClientSideTranslatorPB.openKey(OzoneManagerProtocolClientSideTranslatorPB.java:723)
	at sun.reflect.NativeMethodAccessorImpl.invoke0(Native Method)
	at sun.reflect.NativeMethodAccessorImpl.invoke(NativeMethodAccessorImpl.java:62)
	at sun.reflect.DelegatingMethodAccessorImpl.invoke(DelegatingMethodAccessorImpl.java:43)
	at java.lang.reflect.Method.invoke(Method.java:498)
	at org.apache.hadoop.hdds.tracing.TraceAllMethod.invoke(TraceAllMethod.java:66)
	at com.sun.proxy.$Proxy37.openKey(Unknown Source)
	at org.apache.hadoop.ozone.client.rpc.RpcClient.createKey(RpcClient.java:614)
	at org.apache.hadoop.ozone.client.OzoneBucket.createKey(OzoneBucket.java:325)
	at org.apache.hadoop.ozone.freon.RandomKeyGenerator.createKey(RandomKeyGenerator.java:695)
	at org.apache.hadoop.ozone.freon.RandomKeyGenerator.access$1100(RandomKeyGenerator.java:88)
	at org.apache.hadoop.ozone.freon.RandomKeyGenerator$ObjectCreator.run(RandomKeyGenerator.java:615)
	at java.util.concurrent.Executors$RunnableAdapter.call(Executors.java:511)
	at java.util.concurrent.FutureTask.run(FutureTask.java:266)
	at java.util.concurrent.ThreadPoolExecutor.runWorker(ThreadPoolExecutor.java:1149)
	at java.util.concurrent.ThreadPoolExecutor$Worker.run(ThreadPoolExecutor.java:624)
	at java.lang.Thread.run(Thread.java:748)
</error>
    <system-out><![CDATA[2019-10-18 20:55:05,719 [main] WARN  server.ServerUtils (ServerUtils.java:getScmDbDir(145)) - ozone.scm.db.dirs is not configured. We recommend adding this setting. Falling back to ozone.metadata.dirs instead.
2019-10-18 20:55:05,843 [main] WARN  server.ServerUtils (ServerUtils.java:getScmDbDir(145)) - ozone.scm.db.dirs is not configured. We recommend adding this setting. Falling back to ozone.metadata.dirs instead.
2019-10-18 20:55:05,846 [main] WARN  server.ServerUtils (ServerUtils.java:getScmDbDir(145)) - ozone.scm.db.dirs is not configured. We recommend adding this setting. Falling back to ozone.metadata.dirs instead.
2019-10-18 20:55:05,870 [main] INFO  util.log (Log.java:initialized(192)) - Logging initialized @917ms
2019-10-18 20:55:05,966 [main] INFO  db.DBStoreBuilder (DBStoreBuilder.java:addTable(117)) - using custom profile for table: deletedBlocks
2019-10-18 20:55:05,966 [main] INFO  db.DBStoreBuilder (DBStoreBuilder.java:processTables(168)) - Using default column profile:DBProfile.DISK for Table:deletedBlocks
2019-10-18 20:55:05,967 [main] INFO  db.DBStoreBuilder (DBStoreBuilder.java:addTable(117)) - using custom profile for table: validCerts
2019-10-18 20:55:05,968 [main] INFO  db.DBStoreBuilder (DBStoreBuilder.java:processTables(168)) - Using default column profile:DBProfile.DISK for Table:validCerts
2019-10-18 20:55:05,968 [main] INFO  db.DBStoreBuilder (DBStoreBuilder.java:addTable(117)) - using custom profile for table: revokedCerts
2019-10-18 20:55:05,969 [main] INFO  db.DBStoreBuilder (DBStoreBuilder.java:processTables(168)) - Using default column profile:DBProfile.DISK for Table:revokedCerts
2019-10-18 20:55:05,986 [main] INFO  db.DBStoreBuilder (DBStoreBuilder.java:addTable(117)) - using custom profile for table: default
2019-10-18 20:55:05,986 [main] INFO  db.DBStoreBuilder (DBStoreBuilder.java:processTables(174)) - Using default column profile:DBProfile.DISK for Table:default
2019-10-18 20:55:05,988 [main] INFO  db.DBStoreBuilder (DBStoreBuilder.java:getDbProfile(205)) - Using default options. DBProfile.DISK
2019-10-18 20:55:06,249 [main] INFO  net.NodeSchemaLoader (NodeSchemaLoader.java:loadSchemaFromFile(125)) - Loading file from sun.misc.CompoundEnumeration@30c15d8b
2019-10-18 20:55:06,252 [main] INFO  net.NodeSchemaLoader (NodeSchemaLoader.java:loadSchema(171)) - Loading network topology layer schema file
2019-10-18 20:55:06,322 [main] INFO  node.SCMNodeManager (SCMNodeManager.java:<init>(116)) - Entering startup safe mode.
2019-10-18 20:55:06,396 [main] INFO  algorithms.ContainerPlacementPolicyFactory (ContainerPlacementPolicyFactory.java:getPolicy(57)) - Create container placement policy of type org.apache.hadoop.hdds.scm.container.placement.algorithms.SCMContainerPlacementRandom
2019-10-18 20:55:06,410 [main] WARN  server.ServerUtils (ServerUtils.java:getScmDbDir(145)) - ozone.scm.db.dirs is not configured. We recommend adding this setting. Falling back to ozone.metadata.dirs instead.
2019-10-18 20:55:06,517 [main] INFO  pipeline.SCMPipelineManager (SCMPipelineManager.java:initializePipelineState(132)) - No pipeline exists in current db
2019-10-18 20:55:06,520 [main] WARN  server.ServerUtils (ServerUtils.java:getScmDbDir(145)) - ozone.scm.db.dirs is not configured. We recommend adding this setting. Falling back to ozone.metadata.dirs instead.
2019-10-18 20:55:06,657 [main] WARN  events.EventQueue (EventQueue.java:fireEvent(183)) - No event handler registered for event TypedEvent{payloadType=SafeModeStatus, name='SafeModeStatus'}
2019-10-18 20:55:07,002 [main] INFO  ipc.CallQueueManager (CallQueueManager.java:<init>(84)) - Using callQueue: class java.util.concurrent.LinkedBlockingQueue, queueCapacity: 2000, scheduler: class org.apache.hadoop.ipc.DefaultRpcScheduler, ipcBackoff: false.
2019-10-18 20:55:07,128 [Socket Reader #1 for port 43615] INFO  ipc.Server (Server.java:run(1074)) - Starting Socket Reader #1 for port 43615
2019-10-18 20:55:07,170 [main] INFO  ipc.CallQueueManager (CallQueueManager.java:<init>(84)) - Using callQueue: class java.util.concurrent.LinkedBlockingQueue, queueCapacity: 2000, scheduler: class org.apache.hadoop.ipc.DefaultRpcScheduler, ipcBackoff: false.
2019-10-18 20:55:07,171 [Socket Reader #1 for port 37062] INFO  ipc.Server (Server.java:run(1074)) - Starting Socket Reader #1 for port 37062
2019-10-18 20:55:07,181 [main] INFO  ipc.CallQueueManager (CallQueueManager.java:<init>(84)) - Using callQueue: class java.util.concurrent.LinkedBlockingQueue, queueCapacity: 2000, scheduler: class org.apache.hadoop.ipc.DefaultRpcScheduler, ipcBackoff: false.
2019-10-18 20:55:07,182 [Socket Reader #1 for port 44887] INFO  ipc.Server (Server.java:run(1074)) - Starting Socket Reader #1 for port 44887
2019-10-18 20:55:07,211 [main] INFO  hdfs.DFSUtil (DFSUtil.java:httpServerTemplateForNNAndJN(1641)) - Starting Web-server for scm at: http://0.0.0.0:0
2019-10-18 20:55:07,358 [main] INFO  server.AuthenticationFilter (AuthenticationFilter.java:constructSecretProvider(240)) - Unable to initialize FileSignerSecretProvider, falling back to use random secrets.
2019-10-18 20:55:07,374 [main] WARN  http.HttpRequestLog (HttpRequestLog.java:getRequestLog(97)) - Jetty request log can only be enabled using Log4j
2019-10-18 20:55:07,383 [main] INFO  http.HttpServer2 (HttpServer2.java:addGlobalFilter(975)) - Added global filter 'safety' (class=org.apache.hadoop.http.HttpServer2$QuotingInputFilter)
2019-10-18 20:55:07,385 [main] INFO  http.HttpServer2 (HttpServer2.java:addFilter(948)) - Added filter static_user_filter (class=org.apache.hadoop.http.lib.StaticUserWebFilter$StaticUserFilter) to context scm
2019-10-18 20:55:07,386 [main] INFO  http.HttpServer2 (HttpServer2.java:addFilter(958)) - Added filter static_user_filter (class=org.apache.hadoop.http.lib.StaticUserWebFilter$StaticUserFilter) to context logs
2019-10-18 20:55:07,386 [main] INFO  http.HttpServer2 (HttpServer2.java:addFilter(958)) - Added filter static_user_filter (class=org.apache.hadoop.http.lib.StaticUserWebFilter$StaticUserFilter) to context static
2019-10-18 20:55:07,415 [main] INFO  server.StorageContainerManager (StorageContainerManager.java:start(772)) - StorageContainerLocationProtocol RPC server is listening at /0.0.0.0:44887
2019-10-18 20:55:07,468 [main] WARN  impl.MetricsConfig (MetricsConfig.java:loadFirst(134)) - Cannot locate configuration: tried hadoop-metrics2-storagecontainermanager.properties,hadoop-metrics2.properties
2019-10-18 20:55:07,483 [main] INFO  impl.MetricsSystemImpl (MetricsSystemImpl.java:startTimer(374)) - Scheduled Metric snapshot period at 10 second(s).
2019-10-18 20:55:07,484 [main] INFO  impl.MetricsSystemImpl (MetricsSystemImpl.java:start(191)) - StorageContainerManager metrics system started
2019-10-18 20:55:07,704 [main] INFO  server.SCMClientProtocolServer (SCMClientProtocolServer.java:start(159)) - RPC server for Client  is listening at /0.0.0.0:44887
2019-10-18 20:55:07,705 [IPC Server Responder] INFO  ipc.Server (Server.java:run(1314)) - IPC Server Responder: starting
2019-10-18 20:55:07,705 [IPC Server listener on 44887] INFO  ipc.Server (Server.java:run(1153)) - IPC Server listener on 44887: starting
2019-10-18 20:55:07,708 [main] INFO  server.StorageContainerManager (StorageContainerManager.java:start(782)) - ScmBlockLocationProtocol RPC server is listening at /0.0.0.0:37062
2019-10-18 20:55:07,709 [main] INFO  server.SCMBlockProtocolServer (SCMBlockProtocolServer.java:start(146)) - RPC server for Block Protocol is listening at /0.0.0.0:37062
2019-10-18 20:55:07,710 [IPC Server Responder] INFO  ipc.Server (Server.java:run(1314)) - IPC Server Responder: starting
2019-10-18 20:55:07,710 [IPC Server listener on 37062] INFO  ipc.Server (Server.java:run(1153)) - IPC Server listener on 37062: starting
2019-10-18 20:55:07,712 [main] INFO  server.StorageContainerManager (StorageContainerManager.java:start(786)) - ScmDatanodeProtocl RPC server is listening at /0.0.0.0:43615
2019-10-18 20:55:07,713 [main] INFO  server.SCMDatanodeProtocolServer (SCMDatanodeProtocolServer.java:start(169)) - RPC server for DataNodes is listening at /0.0.0.0:43615
2019-10-18 20:55:07,714 [IPC Server Responder] INFO  ipc.Server (Server.java:run(1314)) - IPC Server Responder: starting
2019-10-18 20:55:07,714 [IPC Server listener on 43615] INFO  ipc.Server (Server.java:run(1153)) - IPC Server listener on 43615: starting
2019-10-18 20:55:07,718 [main] INFO  http.HttpServer2 (HttpServer2.java:bindListener(1191)) - Jetty bound to port 35076
2019-10-18 20:55:07,719 [main] INFO  server.Server (Server.java:doStart(351)) - jetty-9.3.25.v20180904, build timestamp: 2018-09-04T21:11:46Z, git hash: 3ce520221d0240229c862b122d2b06c12a625732
2019-10-18 20:55:07,754 [main] INFO  handler.ContextHandler (ContextHandler.java:doStart(781)) - Started o.e.j.s.ServletContextHandler@1dd6d4b7{/logs,file:///workdir/hadoop-ozone/tools/target/log,AVAILABLE}
2019-10-18 20:55:07,755 [main] INFO  handler.ContextHandler (ContextHandler.java:doStart(781)) - Started o.e.j.s.ServletContextHandler@53142455{/static,jar:file:/home/user/.m2/repository/org/apache/hadoop/hadoop-hdds-server-scm/0.5.0-SNAPSHOT/hadoop-hdds-server-scm-0.5.0-SNAPSHOT.jar!/webapps/static,AVAILABLE}
2019-10-18 20:55:07,829 [main] INFO  handler.ContextHandler (ContextHandler.java:doStart(781)) - Started o.e.j.w.WebAppContext@60094a13{/,file:///tmp/jetty-0.0.0.0-35076-scm-_-any-8686987712332407661.dir/webapp/,AVAILABLE}{/scm}
2019-10-18 20:55:07,834 [main] INFO  server.AbstractConnector (AbstractConnector.java:doStart(278)) - Started ServerConnector@1a2e2935{HTTP/1.1,[http/1.1]}{0.0.0.0:35076}
2019-10-18 20:55:07,834 [main] INFO  server.Server (Server.java:doStart(419)) - Started @2882ms
2019-10-18 20:55:07,837 [main] INFO  impl.MetricsSinkAdapter (MetricsSinkAdapter.java:start(204)) - Sink prometheus started
2019-10-18 20:55:07,837 [main] INFO  impl.MetricsSystemImpl (MetricsSystemImpl.java:registerSink(301)) - Registered sink prometheus
2019-10-18 20:55:07,839 [main] INFO  server.BaseHttpServer (BaseHttpServer.java:updateConnectorAddress(215)) - HTTP server of SCM is listening at http://0.0.0.0:35076
2019-10-18 20:55:07,847 [org.apache.hadoop.util.JvmPauseMonitor$Monitor@bc57b40] INFO  util.JvmPauseMonitor (JvmPauseMonitor.java:run(188)) - Starting JVM pause monitor
2019-10-18 20:55:07,851 [main] WARN  server.ServerUtils (ServerUtils.java:getDBPath(222)) - ozone.om.db.dirs is not configured. We recommend adding this setting. Falling back to ozone.metadata.dirs instead.
2019-10-18 20:55:07,960 [main] INFO  ha.OMHANodeDetails (OMHANodeDetails.java:loadOMHAConfig(190)) - Configuration either no ozone.om.address set. Falling back to the default OM address /127.0.0.1:0
2019-10-18 20:55:07,960 [main] INFO  ha.OMHANodeDetails (OMHANodeDetails.java:getOMNodeDetails(220)) - OM Service ID is not set. Setting it to the default ID: omServiceIdDefault
2019-10-18 20:55:07,962 [main] WARN  server.ServerUtils (ServerUtils.java:getDBPath(222)) - ozone.om.db.dirs is not configured. We recommend adding this setting. Falling back to ozone.metadata.dirs instead.
2019-10-18 20:55:07,963 [main] WARN  server.ServerUtils (ServerUtils.java:getDBPath(222)) - ozone.om.db.dirs is not configured. We recommend adding this setting. Falling back to ozone.metadata.dirs instead.
2019-10-18 20:55:08,591 [main] WARN  server.ServerUtils (ServerUtils.java:getDBPath(222)) - ozone.om.db.dirs is not configured. We recommend adding this setting. Falling back to ozone.metadata.dirs instead.
2019-10-18 20:55:08,600 [main] INFO  db.DBStoreBuilder (DBStoreBuilder.java:addTable(117)) - using custom profile for table: userTable
2019-10-18 20:55:08,600 [main] INFO  db.DBStoreBuilder (DBStoreBuilder.java:processTables(168)) - Using default column profile:DBProfile.DISK for Table:userTable
2019-10-18 20:55:08,600 [main] INFO  db.DBStoreBuilder (DBStoreBuilder.java:addTable(117)) - using custom profile for table: volumeTable
2019-10-18 20:55:08,600 [main] INFO  db.DBStoreBuilder (DBStoreBuilder.java:processTables(168)) - Using default column profile:DBProfile.DISK for Table:volumeTable
2019-10-18 20:55:08,601 [main] INFO  db.DBStoreBuilder (DBStoreBuilder.java:addTable(117)) - using custom profile for table: bucketTable
2019-10-18 20:55:08,601 [main] INFO  db.DBStoreBuilder (DBStoreBuilder.java:processTables(168)) - Using default column profile:DBProfile.DISK for Table:bucketTable
2019-10-18 20:55:08,601 [main] INFO  db.DBStoreBuilder (DBStoreBuilder.java:addTable(117)) - using custom profile for table: keyTable
2019-10-18 20:55:08,601 [main] INFO  db.DBStoreBuilder (DBStoreBuilder.java:processTables(168)) - Using default column profile:DBProfile.DISK for Table:keyTable
2019-10-18 20:55:08,601 [main] INFO  db.DBStoreBuilder (DBStoreBuilder.java:addTable(117)) - using custom profile for table: deletedTable
2019-10-18 20:55:08,602 [main] INFO  db.DBStoreBuilder (DBStoreBuilder.java:processTables(168)) - Using default column profile:DBProfile.DISK for Table:deletedTable
2019-10-18 20:55:08,602 [main] INFO  db.DBStoreBuilder (DBStoreBuilder.java:addTable(117)) - using custom profile for table: openKeyTable
2019-10-18 20:55:08,602 [main] INFO  db.DBStoreBuilder (DBStoreBuilder.java:processTables(168)) - Using default column profile:DBProfile.DISK for Table:openKeyTable
2019-10-18 20:55:08,602 [main] INFO  db.DBStoreBuilder (DBStoreBuilder.java:addTable(117)) - using custom profile for table: s3Table
2019-10-18 20:55:08,603 [main] INFO  db.DBStoreBuilder (DBStoreBuilder.java:processTables(168)) - Using default column profile:DBProfile.DISK for Table:s3Table
2019-10-18 20:55:08,603 [main] INFO  db.DBStoreBuilder (DBStoreBuilder.java:addTable(117)) - using custom profile for table: multipartInfoTable
2019-10-18 20:55:08,603 [main] INFO  db.DBStoreBuilder (DBStoreBuilder.java:processTables(168)) - Using default column profile:DBProfile.DISK for Table:multipartInfoTable
2019-10-18 20:55:08,603 [main] INFO  db.DBStoreBuilder (DBStoreBuilder.java:addTable(117)) - using custom profile for table: dTokenTable
2019-10-18 20:55:08,603 [main] INFO  db.DBStoreBuilder (DBStoreBuilder.java:processTables(168)) - Using default column profile:DBProfile.DISK for Table:dTokenTable
2019-10-18 20:55:08,604 [main] INFO  db.DBStoreBuilder (DBStoreBuilder.java:addTable(117)) - using custom profile for table: s3SecretTable
2019-10-18 20:55:08,604 [main] INFO  db.DBStoreBuilder (DBStoreBuilder.java:processTables(168)) - Using default column profile:DBProfile.DISK for Table:s3SecretTable
2019-10-18 20:55:08,604 [main] INFO  db.DBStoreBuilder (DBStoreBuilder.java:addTable(117)) - using custom profile for table: prefixTable
2019-10-18 20:55:08,604 [main] INFO  db.DBStoreBuilder (DBStoreBuilder.java:processTables(168)) - Using default column profile:DBProfile.DISK for Table:prefixTable
2019-10-18 20:55:08,605 [main] INFO  db.DBStoreBuilder (DBStoreBuilder.java:addTable(117)) - using custom profile for table: default
2019-10-18 20:55:08,605 [main] INFO  db.DBStoreBuilder (DBStoreBuilder.java:processTables(174)) - Using default column profile:DBProfile.DISK for Table:default
2019-10-18 20:55:08,605 [main] INFO  db.DBStoreBuilder (DBStoreBuilder.java:getDbProfile(205)) - Using default options. DBProfile.DISK
2019-10-18 20:55:09,032 [main] INFO  ipc.CallQueueManager (CallQueueManager.java:<init>(84)) - Using callQueue: class java.util.concurrent.LinkedBlockingQueue, queueCapacity: 2000, scheduler: class org.apache.hadoop.ipc.DefaultRpcScheduler, ipcBackoff: false.
2019-10-18 20:55:09,033 [Socket Reader #1 for port 37408] INFO  ipc.Server (Server.java:run(1074)) - Starting Socket Reader #1 for port 37408
2019-10-18 20:55:09,059 [main] INFO  om.OzoneManager (OzoneManager.java:start(1074)) - OzoneManager RPC server is listening at localhost/127.0.0.1:37408
2019-10-18 20:55:09,059 [main] INFO  impl.MetricsSystemImpl (MetricsSystemImpl.java:init(158)) - OzoneManager metrics system started (again)
2019-10-18 20:55:09,067 [IPC Server Responder] INFO  ipc.Server (Server.java:run(1314)) - IPC Server Responder: starting
2019-10-18 20:55:09,068 [IPC Server listener on 37408] INFO  ipc.Server (Server.java:run(1153)) - IPC Server listener on 37408: starting
2019-10-18 20:55:09,075 [main] INFO  hdfs.DFSUtil (DFSUtil.java:httpServerTemplateForNNAndJN(1641)) - Starting Web-server for ozoneManager at: http://0.0.0.0:0
2019-10-18 20:55:09,076 [main] INFO  server.AuthenticationFilter (AuthenticationFilter.java:constructSecretProvider(240)) - Unable to initialize FileSignerSecretProvider, falling back to use random secrets.
2019-10-18 20:55:09,077 [main] WARN  http.HttpRequestLog (HttpRequestLog.java:getRequestLog(97)) - Jetty request log can only be enabled using Log4j
2019-10-18 20:55:09,079 [main] INFO  http.HttpServer2 (HttpServer2.java:addGlobalFilter(975)) - Added global filter 'safety' (class=org.apache.hadoop.http.HttpServer2$QuotingInputFilter)
2019-10-18 20:55:09,080 [main] INFO  http.HttpServer2 (HttpServer2.java:addFilter(948)) - Added filter static_user_filter (class=org.apache.hadoop.http.lib.StaticUserWebFilter$StaticUserFilter) to context ozoneManager
2019-10-18 20:55:09,080 [main] INFO  http.HttpServer2 (HttpServer2.java:addFilter(958)) - Added filter static_user_filter (class=org.apache.hadoop.http.lib.StaticUserWebFilter$StaticUserFilter) to context logs
2019-10-18 20:55:09,080 [main] INFO  http.HttpServer2 (HttpServer2.java:addFilter(958)) - Added filter static_user_filter (class=org.apache.hadoop.http.lib.StaticUserWebFilter$StaticUserFilter) to context static
2019-10-18 20:55:09,083 [main] INFO  http.HttpServer2 (HttpServer2.java:bindListener(1191)) - Jetty bound to port 41012
2019-10-18 20:55:09,083 [main] INFO  server.Server (Server.java:doStart(351)) - jetty-9.3.25.v20180904, build timestamp: 2018-09-04T21:11:46Z, git hash: 3ce520221d0240229c862b122d2b06c12a625732
2019-10-18 20:55:09,085 [main] INFO  handler.ContextHandler (ContextHandler.java:doStart(781)) - Started o.e.j.s.ServletContextHandler@5bfc257{/logs,file:///workdir/hadoop-ozone/tools/target/log,AVAILABLE}
2019-10-18 20:55:09,086 [main] INFO  handler.ContextHandler (ContextHandler.java:doStart(781)) - Started o.e.j.s.ServletContextHandler@7cedfa63{/static,jar:file:/home/user/.m2/repository/org/apache/hadoop/hadoop-ozone-ozone-manager/0.5.0-SNAPSHOT/hadoop-ozone-ozone-manager-0.5.0-SNAPSHOT.jar!/webapps/static,AVAILABLE}
2019-10-18 20:55:09,136 [main] INFO  handler.ContextHandler (ContextHandler.java:doStart(781)) - Started o.e.j.w.WebAppContext@66596a88{/,file:///tmp/jetty-0.0.0.0-41012-ozoneManager-_-any-8083358423204992335.dir/webapp/,AVAILABLE}{/ozoneManager}
2019-10-18 20:55:09,137 [main] INFO  server.AbstractConnector (AbstractConnector.java:doStart(278)) - Started ServerConnector@5aae8eb5{HTTP/1.1,[http/1.1]}{0.0.0.0:41012}
2019-10-18 20:55:09,137 [main] INFO  server.Server (Server.java:doStart(419)) - Started @4184ms
2019-10-18 20:55:09,138 [main] WARN  impl.MetricsSystemImpl (MetricsSystemImpl.java:register(276)) - Sink prometheus already exists!
2019-10-18 20:55:09,139 [main] INFO  server.BaseHttpServer (BaseHttpServer.java:updateConnectorAddress(215)) - HTTP server of OZONEMANAGER is listening at http://0.0.0.0:41012
2019-10-18 20:55:09,432 [main] INFO  impl.MetricsSystemImpl (MetricsSystemImpl.java:init(158)) - HddsDatanode metrics system started (again)
2019-10-18 20:55:09,480 [main] INFO  ozone.HddsDatanodeService (HddsDatanodeService.java:start(184)) - HddsDatanodeService host:pr-hdds-1868-rxw48-2170960119 ip:192.168.69.98
2019-10-18 20:55:09,514 [main] INFO  volume.HddsVolume (HddsVolume.java:<init>(176)) - Creating Volume: /workdir/hadoop-ozone/tools/target/test-dir/MiniOzoneClusterImpl-7ffb0c6d-bf6f-42b9-8db5-48ab626f9bc5/datanode-0/data/containers/hdds of  storage type : DISK and capacity : 1482555576320
2019-10-18 20:55:09,516 [main] INFO  volume.VolumeSet (VolumeSet.java:initializeVolumeSet(170)) - Added Volume : /workdir/hadoop-ozone/tools/target/test-dir/MiniOzoneClusterImpl-7ffb0c6d-bf6f-42b9-8db5-48ab626f9bc5/datanode-0/data/containers/hdds to VolumeSet
2019-10-18 20:55:09,519 [main] INFO  volume.ThrottledAsyncChecker (ThrottledAsyncChecker.java:schedule(141)) - Scheduling a check for /workdir/hadoop-ozone/tools/target/test-dir/MiniOzoneClusterImpl-7ffb0c6d-bf6f-42b9-8db5-48ab626f9bc5/datanode-0/data/containers/hdds
2019-10-18 20:55:09,536 [main] INFO  volume.HddsVolumeChecker (HddsVolumeChecker.java:checkAllVolumes(204)) - Scheduled health check for volume /workdir/hadoop-ozone/tools/target/test-dir/MiniOzoneClusterImpl-7ffb0c6d-bf6f-42b9-8db5-48ab626f9bc5/datanode-0/data/containers/hdds
2019-10-18 20:55:09,643 [main] INFO  impl.RaftServerProxy (ConfUtils.java:logGet(43)) - raft.rpc.type = GRPC (default)
2019-10-18 20:55:09,704 [main] INFO  grpc.GrpcFactory (GrpcFactory.java:checkPooledByteBufAllocatorUseCacheForAllThreads(45)) - PERFORMANCE WARNING: useCacheForAllThreads is true that may cause Netty to create a lot garbage objects and, as a result, trigger GC.
	It is recommended to disable useCacheForAllThreads by setting -Dorg.apache.ratis.thirdparty.io.netty.allocator.useCacheForAllThreads=false in command line.
2019-10-18 20:55:09,709 [main] INFO  grpc.GrpcConfigKeys$Server (ConfUtils.java:logGet(43)) - raft.grpc.server.port = 0 (default)
2019-10-18 20:55:09,710 [main] INFO  server.GrpcService (ConfUtils.java:logGet(43)) - raft.grpc.message.size.max = 33570816 (custom)
2019-10-18 20:55:09,711 [main] INFO  server.RaftServerConfigKeys (ConfUtils.java:logGet(43)) - raft.server.log.appender.buffer.byte-limit = 33554432 (custom)
2019-10-18 20:55:09,712 [main] INFO  server.GrpcService (ConfUtils.java:logGet(43)) - raft.grpc.flow.control.window = 1MB (=1048576) (default)
2019-10-18 20:55:09,713 [main] INFO  server.RaftServerConfigKeys (ConfUtils.java:logGet(43)) - raft.server.rpc.request.timeout = 3000ms (default)
2019-10-18 20:55:09,857 [main] INFO  server.RaftServerConfigKeys (ConfUtils.java:logGet(43)) - raft.server.storage.dir = [/workdir/hadoop-ozone/tools/target/test-dir/MiniOzoneClusterImpl-7ffb0c6d-bf6f-42b9-8db5-48ab626f9bc5/datanode-0/data/ratis] (custom)
2019-10-18 20:55:09,906 [main] INFO  hdfs.DFSUtil (DFSUtil.java:httpServerTemplateForNNAndJN(1641)) - Starting Web-server for hddsDatanode at: http://0.0.0.0:0
2019-10-18 20:55:09,909 [main] INFO  server.AuthenticationFilter (AuthenticationFilter.java:constructSecretProvider(240)) - Unable to initialize FileSignerSecretProvider, falling back to use random secrets.
2019-10-18 20:55:09,910 [main] WARN  http.HttpRequestLog (HttpRequestLog.java:getRequestLog(97)) - Jetty request log can only be enabled using Log4j
2019-10-18 20:55:09,913 [main] INFO  http.HttpServer2 (HttpServer2.java:addGlobalFilter(975)) - Added global filter 'safety' (class=org.apache.hadoop.http.HttpServer2$QuotingInputFilter)
2019-10-18 20:55:09,914 [main] INFO  http.HttpServer2 (HttpServer2.java:addFilter(948)) - Added filter static_user_filter (class=org.apache.hadoop.http.lib.StaticUserWebFilter$StaticUserFilter) to context hddsDatanode
2019-10-18 20:55:09,914 [main] INFO  http.HttpServer2 (HttpServer2.java:addFilter(958)) - Added filter static_user_filter (class=org.apache.hadoop.http.lib.StaticUserWebFilter$StaticUserFilter) to context static
2019-10-18 20:55:09,915 [main] INFO  http.HttpServer2 (HttpServer2.java:addFilter(958)) - Added filter static_user_filter (class=org.apache.hadoop.http.lib.StaticUserWebFilter$StaticUserFilter) to context logs
2019-10-18 20:55:09,916 [main] INFO  http.HttpServer2 (HttpServer2.java:bindListener(1191)) - Jetty bound to port 39459
2019-10-18 20:55:09,916 [main] INFO  server.Server (Server.java:doStart(351)) - jetty-9.3.25.v20180904, build timestamp: 2018-09-04T21:11:46Z, git hash: 3ce520221d0240229c862b122d2b06c12a625732
2019-10-18 20:55:09,920 [main] INFO  handler.ContextHandler (ContextHandler.java:doStart(781)) - Started o.e.j.s.ServletContextHandler@2436ea2f{/logs,file:///workdir/hadoop-ozone/tools/target/log,AVAILABLE}
2019-10-18 20:55:09,920 [main] INFO  handler.ContextHandler (ContextHandler.java:doStart(781)) - Started o.e.j.s.ServletContextHandler@20cece0b{/static,jar:file:/home/user/.m2/repository/org/apache/hadoop/hadoop-hdds-container-service/0.5.0-SNAPSHOT/hadoop-hdds-container-service-0.5.0-SNAPSHOT.jar!/webapps/static,AVAILABLE}
2019-10-18 20:55:09,959 [main] INFO  handler.ContextHandler (ContextHandler.java:doStart(781)) - Started o.e.j.w.WebAppContext@35d5ac51{/,file:///tmp/jetty-0.0.0.0-39459-hddsDatanode-_-any-1989456741428999532.dir/webapp/,AVAILABLE}{/hddsDatanode}
2019-10-18 20:55:09,960 [main] INFO  server.AbstractConnector (AbstractConnector.java:doStart(278)) - Started ServerConnector@b606cb6{HTTP/1.1,[http/1.1]}{0.0.0.0:39459}
2019-10-18 20:55:09,961 [main] INFO  server.Server (Server.java:doStart(419)) - Started @5008ms
2019-10-18 20:55:09,961 [main] WARN  impl.MetricsSystemImpl (MetricsSystemImpl.java:register(276)) - Sink prometheus already exists!
2019-10-18 20:55:09,962 [main] INFO  server.BaseHttpServer (BaseHttpServer.java:updateConnectorAddress(215)) - HTTP server of HDDSDATANODE is listening at http://0.0.0.0:39459
2019-10-18 20:55:09,963 [main] INFO  impl.MetricsSystemImpl (MetricsSystemImpl.java:init(158)) - HddsDatanode metrics system started (again)
2019-10-18 20:55:09,966 [main] INFO  ozone.HddsDatanodeService (HddsDatanodeService.java:start(184)) - HddsDatanodeService host:pr-hdds-1868-rxw48-2170960119 ip:192.168.69.98
2019-10-18 20:55:09,969 [org.apache.hadoop.util.JvmPauseMonitor$Monitor@19cab5ba] INFO  util.JvmPauseMonitor (JvmPauseMonitor.java:run(188)) - Starting JVM pause monitor
2019-10-18 20:55:09,974 [main] INFO  volume.HddsVolume (HddsVolume.java:<init>(176)) - Creating Volume: /workdir/hadoop-ozone/tools/target/test-dir/MiniOzoneClusterImpl-7ffb0c6d-bf6f-42b9-8db5-48ab626f9bc5/datanode-1/data/containers/hdds of  storage type : DISK and capacity : 1482555576320
2019-10-18 20:55:09,975 [main] INFO  volume.VolumeSet (VolumeSet.java:initializeVolumeSet(170)) - Added Volume : /workdir/hadoop-ozone/tools/target/test-dir/MiniOzoneClusterImpl-7ffb0c6d-bf6f-42b9-8db5-48ab626f9bc5/datanode-1/data/containers/hdds to VolumeSet
2019-10-18 20:55:09,975 [main] INFO  volume.ThrottledAsyncChecker (ThrottledAsyncChecker.java:schedule(141)) - Scheduling a check for /workdir/hadoop-ozone/tools/target/test-dir/MiniOzoneClusterImpl-7ffb0c6d-bf6f-42b9-8db5-48ab626f9bc5/datanode-1/data/containers/hdds
2019-10-18 20:55:09,976 [main] INFO  volume.HddsVolumeChecker (HddsVolumeChecker.java:checkAllVolumes(204)) - Scheduled health check for volume /workdir/hadoop-ozone/tools/target/test-dir/MiniOzoneClusterImpl-7ffb0c6d-bf6f-42b9-8db5-48ab626f9bc5/datanode-1/data/containers/hdds
2019-10-18 20:55:09,990 [main] INFO  impl.RaftServerProxy (ConfUtils.java:logGet(43)) - raft.rpc.type = GRPC (default)
2019-10-18 20:55:09,990 [main] INFO  grpc.GrpcFactory (GrpcFactory.java:checkPooledByteBufAllocatorUseCacheForAllThreads(45)) - PERFORMANCE WARNING: useCacheForAllThreads is true that may cause Netty to create a lot garbage objects and, as a result, trigger GC.
	It is recommended to disable useCacheForAllThreads by setting -Dorg.apache.ratis.thirdparty.io.netty.allocator.useCacheForAllThreads=false in command line.
2019-10-18 20:55:09,990 [main] INFO  grpc.GrpcConfigKeys$Server (ConfUtils.java:logGet(43)) - raft.grpc.server.port = 0 (default)
2019-10-18 20:55:09,990 [main] INFO  server.GrpcService (ConfUtils.java:logGet(43)) - raft.grpc.message.size.max = 33570816 (custom)
2019-10-18 20:55:09,991 [main] INFO  server.RaftServerConfigKeys (ConfUtils.java:logGet(43)) - raft.server.log.appender.buffer.byte-limit = 33554432 (custom)
2019-10-18 20:55:09,991 [main] INFO  server.GrpcService (ConfUtils.java:logGet(43)) - raft.grpc.flow.control.window = 1MB (=1048576) (default)
2019-10-18 20:55:09,991 [main] INFO  server.RaftServerConfigKeys (ConfUtils.java:logGet(43)) - raft.server.rpc.request.timeout = 3000ms (default)
2019-10-18 20:55:09,992 [main] INFO  server.RaftServerConfigKeys (ConfUtils.java:logGet(43)) - raft.server.storage.dir = [/workdir/hadoop-ozone/tools/target/test-dir/MiniOzoneClusterImpl-7ffb0c6d-bf6f-42b9-8db5-48ab626f9bc5/datanode-1/data/ratis] (custom)
2019-10-18 20:55:09,994 [main] INFO  hdfs.DFSUtil (DFSUtil.java:httpServerTemplateForNNAndJN(1641)) - Starting Web-server for hddsDatanode at: http://0.0.0.0:0
2019-10-18 20:55:09,995 [main] INFO  server.AuthenticationFilter (AuthenticationFilter.java:constructSecretProvider(240)) - Unable to initialize FileSignerSecretProvider, falling back to use random secrets.
2019-10-18 20:55:09,996 [main] WARN  http.HttpRequestLog (HttpRequestLog.java:getRequestLog(97)) - Jetty request log can only be enabled using Log4j
2019-10-18 20:55:09,997 [main] INFO  http.HttpServer2 (HttpServer2.java:addGlobalFilter(975)) - Added global filter 'safety' (class=org.apache.hadoop.http.HttpServer2$QuotingInputFilter)
2019-10-18 20:55:09,998 [main] INFO  http.HttpServer2 (HttpServer2.java:addFilter(948)) - Added filter static_user_filter (class=org.apache.hadoop.http.lib.StaticUserWebFilter$StaticUserFilter) to context hddsDatanode
2019-10-18 20:55:09,998 [main] INFO  http.HttpServer2 (HttpServer2.java:addFilter(958)) - Added filter static_user_filter (class=org.apache.hadoop.http.lib.StaticUserWebFilter$StaticUserFilter) to context logs
2019-10-18 20:55:09,998 [main] INFO  http.HttpServer2 (HttpServer2.java:addFilter(958)) - Added filter static_user_filter (class=org.apache.hadoop.http.lib.StaticUserWebFilter$StaticUserFilter) to context static
2019-10-18 20:55:09,999 [main] INFO  http.HttpServer2 (HttpServer2.java:bindListener(1191)) - Jetty bound to port 43339
2019-10-18 20:55:09,999 [main] INFO  server.Server (Server.java:doStart(351)) - jetty-9.3.25.v20180904, build timestamp: 2018-09-04T21:11:46Z, git hash: 3ce520221d0240229c862b122d2b06c12a625732
2019-10-18 20:55:10,003 [main] INFO  handler.ContextHandler (ContextHandler.java:doStart(781)) - Started o.e.j.s.ServletContextHandler@587a1cfb{/logs,file:///workdir/hadoop-ozone/tools/target/log,AVAILABLE}
2019-10-18 20:55:10,004 [main] INFO  handler.ContextHandler (ContextHandler.java:doStart(781)) - Started o.e.j.s.ServletContextHandler@5e1d03d7{/static,jar:file:/home/user/.m2/repository/org/apache/hadoop/hadoop-hdds-container-service/0.5.0-SNAPSHOT/hadoop-hdds-container-service-0.5.0-SNAPSHOT.jar!/webapps/static,AVAILABLE}
2019-10-18 20:55:10,032 [main] INFO  handler.ContextHandler (ContextHandler.java:doStart(781)) - Started o.e.j.w.WebAppContext@66273da0{/,file:///tmp/jetty-0.0.0.0-43339-hddsDatanode-_-any-7154679727582823254.dir/webapp/,AVAILABLE}{/hddsDatanode}
2019-10-18 20:55:10,032 [main] INFO  server.AbstractConnector (AbstractConnector.java:doStart(278)) - Started ServerConnector@2127e66e{HTTP/1.1,[http/1.1]}{0.0.0.0:43339}
2019-10-18 20:55:10,033 [main] INFO  server.Server (Server.java:doStart(419)) - Started @5080ms
2019-10-18 20:55:10,034 [main] WARN  impl.MetricsSystemImpl (MetricsSystemImpl.java:register(276)) - Sink prometheus already exists!
2019-10-18 20:55:10,035 [main] INFO  server.BaseHttpServer (BaseHttpServer.java:updateConnectorAddress(215)) - HTTP server of HDDSDATANODE is listening at http://0.0.0.0:43339
2019-10-18 20:55:10,035 [main] INFO  impl.MetricsSystemImpl (MetricsSystemImpl.java:init(158)) - HddsDatanode metrics system started (again)
2019-10-18 20:55:10,037 [main] INFO  ozone.HddsDatanodeService (HddsDatanodeService.java:start(184)) - HddsDatanodeService host:pr-hdds-1868-rxw48-2170960119 ip:192.168.69.98
2019-10-18 20:55:10,038 [org.apache.hadoop.util.JvmPauseMonitor$Monitor@ce9f006] INFO  util.JvmPauseMonitor (JvmPauseMonitor.java:run(188)) - Starting JVM pause monitor
2019-10-18 20:55:10,047 [main] INFO  volume.HddsVolume (HddsVolume.java:<init>(176)) - Creating Volume: /workdir/hadoop-ozone/tools/target/test-dir/MiniOzoneClusterImpl-7ffb0c6d-bf6f-42b9-8db5-48ab626f9bc5/datanode-2/data/containers/hdds of  storage type : DISK and capacity : 1482555576320
2019-10-18 20:55:10,047 [main] INFO  volume.VolumeSet (VolumeSet.java:initializeVolumeSet(170)) - Added Volume : /workdir/hadoop-ozone/tools/target/test-dir/MiniOzoneClusterImpl-7ffb0c6d-bf6f-42b9-8db5-48ab626f9bc5/datanode-2/data/containers/hdds to VolumeSet
2019-10-18 20:55:10,048 [main] INFO  volume.ThrottledAsyncChecker (ThrottledAsyncChecker.java:schedule(141)) - Scheduling a check for /workdir/hadoop-ozone/tools/target/test-dir/MiniOzoneClusterImpl-7ffb0c6d-bf6f-42b9-8db5-48ab626f9bc5/datanode-2/data/containers/hdds
2019-10-18 20:55:10,048 [main] INFO  volume.HddsVolumeChecker (HddsVolumeChecker.java:checkAllVolumes(204)) - Scheduled health check for volume /workdir/hadoop-ozone/tools/target/test-dir/MiniOzoneClusterImpl-7ffb0c6d-bf6f-42b9-8db5-48ab626f9bc5/datanode-2/data/containers/hdds
2019-10-18 20:55:10,062 [main] INFO  impl.RaftServerProxy (ConfUtils.java:logGet(43)) - raft.rpc.type = GRPC (default)
2019-10-18 20:55:10,062 [main] INFO  grpc.GrpcFactory (GrpcFactory.java:checkPooledByteBufAllocatorUseCacheForAllThreads(45)) - PERFORMANCE WARNING: useCacheForAllThreads is true that may cause Netty to create a lot garbage objects and, as a result, trigger GC.
	It is recommended to disable useCacheForAllThreads by setting -Dorg.apache.ratis.thirdparty.io.netty.allocator.useCacheForAllThreads=false in command line.
2019-10-18 20:55:10,063 [main] INFO  grpc.GrpcConfigKeys$Server (ConfUtils.java:logGet(43)) - raft.grpc.server.port = 0 (default)
2019-10-18 20:55:10,063 [main] INFO  server.GrpcService (ConfUtils.java:logGet(43)) - raft.grpc.message.size.max = 33570816 (custom)
2019-10-18 20:55:10,063 [main] INFO  server.RaftServerConfigKeys (ConfUtils.java:logGet(43)) - raft.server.log.appender.buffer.byte-limit = 33554432 (custom)
2019-10-18 20:55:10,063 [main] INFO  server.GrpcService (ConfUtils.java:logGet(43)) - raft.grpc.flow.control.window = 1MB (=1048576) (default)
2019-10-18 20:55:10,064 [main] INFO  server.RaftServerConfigKeys (ConfUtils.java:logGet(43)) - raft.server.rpc.request.timeout = 3000ms (default)
2019-10-18 20:55:10,064 [main] INFO  server.RaftServerConfigKeys (ConfUtils.java:logGet(43)) - raft.server.storage.dir = [/workdir/hadoop-ozone/tools/target/test-dir/MiniOzoneClusterImpl-7ffb0c6d-bf6f-42b9-8db5-48ab626f9bc5/datanode-2/data/ratis] (custom)
2019-10-18 20:55:10,066 [main] INFO  hdfs.DFSUtil (DFSUtil.java:httpServerTemplateForNNAndJN(1641)) - Starting Web-server for hddsDatanode at: http://0.0.0.0:0
2019-10-18 20:55:10,068 [main] INFO  server.AuthenticationFilter (AuthenticationFilter.java:constructSecretProvider(240)) - Unable to initialize FileSignerSecretProvider, falling back to use random secrets.
2019-10-18 20:55:10,068 [main] WARN  http.HttpRequestLog (HttpRequestLog.java:getRequestLog(97)) - Jetty request log can only be enabled using Log4j
2019-10-18 20:55:10,070 [main] INFO  http.HttpServer2 (HttpServer2.java:addGlobalFilter(975)) - Added global filter 'safety' (class=org.apache.hadoop.http.HttpServer2$QuotingInputFilter)
2019-10-18 20:55:10,070 [main] INFO  http.HttpServer2 (HttpServer2.java:addFilter(948)) - Added filter static_user_filter (class=org.apache.hadoop.http.lib.StaticUserWebFilter$StaticUserFilter) to context hddsDatanode
2019-10-18 20:55:10,070 [main] INFO  http.HttpServer2 (HttpServer2.java:addFilter(958)) - Added filter static_user_filter (class=org.apache.hadoop.http.lib.StaticUserWebFilter$StaticUserFilter) to context logs
2019-10-18 20:55:10,070 [main] INFO  http.HttpServer2 (HttpServer2.java:addFilter(958)) - Added filter static_user_filter (class=org.apache.hadoop.http.lib.StaticUserWebFilter$StaticUserFilter) to context static
2019-10-18 20:55:10,071 [main] INFO  http.HttpServer2 (HttpServer2.java:bindListener(1191)) - Jetty bound to port 39826
2019-10-18 20:55:10,071 [main] INFO  server.Server (Server.java:doStart(351)) - jetty-9.3.25.v20180904, build timestamp: 2018-09-04T21:11:46Z, git hash: 3ce520221d0240229c862b122d2b06c12a625732
2019-10-18 20:55:10,074 [main] INFO  handler.ContextHandler (ContextHandler.java:doStart(781)) - Started o.e.j.s.ServletContextHandler@26c47874{/logs,file:///workdir/hadoop-ozone/tools/target/log,AVAILABLE}
2019-10-18 20:55:10,075 [main] INFO  handler.ContextHandler (ContextHandler.java:doStart(781)) - Started o.e.j.s.ServletContextHandler@2849434b{/static,jar:file:/home/user/.m2/repository/org/apache/hadoop/hadoop-hdds-container-service/0.5.0-SNAPSHOT/hadoop-hdds-container-service-0.5.0-SNAPSHOT.jar!/webapps/static,AVAILABLE}
2019-10-18 20:55:10,079 [Datanode State Machine Thread - 0] INFO  datanode.InitDatanodeState (InitDatanodeState.java:persistContainerDatanodeDetails(140)) - DatanodeDetails is persisted to /workdir/hadoop-ozone/tools/target/test-dir/MiniOzoneClusterImpl-7ffb0c6d-bf6f-42b9-8db5-48ab626f9bc5/datanode-0/meta/datanode.id
2019-10-18 20:55:10,083 [Datanode State Machine Thread - 0] INFO  datanode.InitDatanodeState (InitDatanodeState.java:persistContainerDatanodeDetails(140)) - DatanodeDetails is persisted to /workdir/hadoop-ozone/tools/target/test-dir/MiniOzoneClusterImpl-7ffb0c6d-bf6f-42b9-8db5-48ab626f9bc5/datanode-1/meta/datanode.id
2019-10-18 20:55:10,107 [main] INFO  handler.ContextHandler (ContextHandler.java:doStart(781)) - Started o.e.j.w.WebAppContext@117525fe{/,file:///tmp/jetty-0.0.0.0-39826-hddsDatanode-_-any-4708585916195241954.dir/webapp/,AVAILABLE}{/hddsDatanode}
2019-10-18 20:55:10,108 [main] INFO  server.AbstractConnector (AbstractConnector.java:doStart(278)) - Started ServerConnector@5f7989fa{HTTP/1.1,[http/1.1]}{0.0.0.0:39826}
2019-10-18 20:55:10,108 [main] INFO  server.Server (Server.java:doStart(419)) - Started @5156ms
2019-10-18 20:55:10,109 [main] WARN  impl.MetricsSystemImpl (MetricsSystemImpl.java:register(276)) - Sink prometheus already exists!
2019-10-18 20:55:10,110 [main] INFO  server.BaseHttpServer (BaseHttpServer.java:updateConnectorAddress(215)) - HTTP server of HDDSDATANODE is listening at http://0.0.0.0:39826
2019-10-18 20:55:10,112 [main] INFO  ozone.MiniOzoneClusterImpl (MiniOzoneClusterImpl.java:lambda$waitForClusterToBeReady$2(172)) - Waiting for cluster to be ready. Got 0 of 3 DN Heartbeats.
2019-10-18 20:55:10,113 [org.apache.hadoop.util.JvmPauseMonitor$Monitor@48fb9297] INFO  util.JvmPauseMonitor (JvmPauseMonitor.java:run(188)) - Starting JVM pause monitor
2019-10-18 20:55:10,116 [Datanode State Machine Thread - 0] INFO  datanode.InitDatanodeState (InitDatanodeState.java:persistContainerDatanodeDetails(140)) - DatanodeDetails is persisted to /workdir/hadoop-ozone/tools/target/test-dir/MiniOzoneClusterImpl-7ffb0c6d-bf6f-42b9-8db5-48ab626f9bc5/datanode-2/meta/datanode.id
2019-10-18 20:55:11,112 [main] INFO  ozone.MiniOzoneClusterImpl (MiniOzoneClusterImpl.java:lambda$waitForClusterToBeReady$2(172)) - Waiting for cluster to be ready. Got 0 of 3 DN Heartbeats.
2019-10-18 20:55:12,070 [Datanode State Machine Thread - 0] INFO  ozoneimpl.OzoneContainer (OzoneContainer.java:start(213)) - Attempting to start container services.
2019-10-18 20:55:12,070 [Datanode State Machine Thread - 0] INFO  ozoneimpl.OzoneContainer (OzoneContainer.java:start(213)) - Attempting to start container services.
2019-10-18 20:55:12,075 [Datanode State Machine Thread - 0] INFO  ozoneimpl.OzoneContainer (OzoneContainer.java:startContainerScrub(177)) - Background container scanner has been disabled.
2019-10-18 20:55:12,075 [Datanode State Machine Thread - 0] INFO  ozoneimpl.OzoneContainer (OzoneContainer.java:startContainerScrub(177)) - Background container scanner has been disabled.
2019-10-18 20:55:12,075 [Datanode State Machine Thread - 0] INFO  ratis.XceiverServerRatis (XceiverServerRatis.java:start(424)) - Starting XceiverServerRatis a8e8c8af-b52c-4c0a-be8a-5ae927a6c960 at port 0
2019-10-18 20:55:12,076 [Datanode State Machine Thread - 0] INFO  ratis.XceiverServerRatis (XceiverServerRatis.java:start(424)) - Starting XceiverServerRatis b305240d-f12b-4d5b-b01c-ced15363fe88 at port 0
2019-10-18 20:55:12,115 [main] INFO  ozone.MiniOzoneClusterImpl (MiniOzoneClusterImpl.java:lambda$waitForClusterToBeReady$2(172)) - Waiting for cluster to be ready. Got 0 of 3 DN Heartbeats.
2019-10-18 20:55:12,118 [Datanode State Machine Thread - 0] INFO  impl.RaftServerProxy (RaftServerProxy.java:lambda$start$3(299)) - a8e8c8af-b52c-4c0a-be8a-5ae927a6c960: start RPC server
2019-10-18 20:55:12,118 [Datanode State Machine Thread - 0] INFO  impl.RaftServerProxy (RaftServerProxy.java:lambda$start$3(299)) - b305240d-f12b-4d5b-b01c-ced15363fe88: start RPC server
2019-10-18 20:55:12,132 [Datanode State Machine Thread - 0] INFO  ozoneimpl.OzoneContainer (OzoneContainer.java:start(213)) - Attempting to start container services.
2019-10-18 20:55:12,137 [Datanode State Machine Thread - 0] INFO  ozoneimpl.OzoneContainer (OzoneContainer.java:startContainerScrub(177)) - Background container scanner has been disabled.
2019-10-18 20:55:12,137 [Datanode State Machine Thread - 0] INFO  ratis.XceiverServerRatis (XceiverServerRatis.java:start(424)) - Starting XceiverServerRatis 03857d94-0829-4b29-a02a-96a6826905c2 at port 0
2019-10-18 20:55:12,150 [Datanode State Machine Thread - 0] INFO  impl.RaftServerProxy (RaftServerProxy.java:lambda$start$3(299)) - 03857d94-0829-4b29-a02a-96a6826905c2: start RPC server
2019-10-18 20:55:12,271 [Datanode State Machine Thread - 0] INFO  server.GrpcService (GrpcService.java:startImpl(158)) - 03857d94-0829-4b29-a02a-96a6826905c2: GrpcService started, listening on 0.0.0.0/0.0.0.0:37908
2019-10-18 20:55:12,271 [Datanode State Machine Thread - 0] INFO  server.GrpcService (GrpcService.java:startImpl(158)) - b305240d-f12b-4d5b-b01c-ced15363fe88: GrpcService started, listening on 0.0.0.0/0.0.0.0:46566
2019-10-18 20:55:12,271 [Datanode State Machine Thread - 0] INFO  server.GrpcService (GrpcService.java:startImpl(158)) - a8e8c8af-b52c-4c0a-be8a-5ae927a6c960: GrpcService started, listening on 0.0.0.0/0.0.0.0:37745
2019-10-18 20:55:12,272 [Datanode State Machine Thread - 0] INFO  ratis.XceiverServerRatis (XceiverServerRatis.java:start(434)) - XceiverServerRatis b305240d-f12b-4d5b-b01c-ced15363fe88 is started using port 46566
2019-10-18 20:55:12,272 [Datanode State Machine Thread - 0] INFO  ratis.XceiverServerRatis (XceiverServerRatis.java:start(434)) - XceiverServerRatis 03857d94-0829-4b29-a02a-96a6826905c2 is started using port 37908
2019-10-18 20:55:12,272 [Datanode State Machine Thread - 0] INFO  ratis.XceiverServerRatis (XceiverServerRatis.java:start(434)) - XceiverServerRatis a8e8c8af-b52c-4c0a-be8a-5ae927a6c960 is started using port 37745
2019-10-18 20:55:12,277 [Datanode State Machine Thread - 0] INFO  server.XceiverServerGrpc (XceiverServerGrpc.java:start(149)) - XceiverServerGrpc 03857d94-0829-4b29-a02a-96a6826905c2 is started using port 37612
2019-10-18 20:55:12,277 [Datanode State Machine Thread - 0] INFO  server.XceiverServerGrpc (XceiverServerGrpc.java:start(149)) - XceiverServerGrpc b305240d-f12b-4d5b-b01c-ced15363fe88 is started using port 35794
2019-10-18 20:55:12,277 [Datanode State Machine Thread - 0] INFO  server.XceiverServerGrpc (XceiverServerGrpc.java:start(149)) - XceiverServerGrpc a8e8c8af-b52c-4c0a-be8a-5ae927a6c960 is started using port 38848
2019-10-18 20:55:13,115 [main] INFO  ozone.MiniOzoneClusterImpl (MiniOzoneClusterImpl.java:lambda$waitForClusterToBeReady$2(172)) - Waiting for cluster to be ready. Got 0 of 3 DN Heartbeats.
2019-10-18 20:55:14,012 [IPC Server handler 0 on 43615] INFO  net.NetworkTopology (NetworkTopologyImpl.java:add(111)) - Added a new node: /default-rack/a8e8c8af-b52c-4c0a-be8a-5ae927a6c960
2019-10-18 20:55:14,012 [IPC Server handler 0 on 43615] INFO  node.SCMNodeManager (SCMNodeManager.java:register(268)) - Registered Data node : a8e8c8af-b52c-4c0a-be8a-5ae927a6c960{ip: 192.168.69.98, host: pr-hdds-1868-rxw48-2170960119, networkLocation: /default-rack, certSerialId: null}
2019-10-18 20:55:14,016 [EventQueue-NodeRegistrationContainerReportForDataNodeSafeModeRule] INFO  safemode.SCMSafeModeManager (DataNodeSafeModeRule.java:process(71)) - SCM in safe mode. 1 DataNodes registered, 1 required.
2019-10-18 20:55:14,016 [EventQueue-NodeRegistrationContainerReportForDataNodeSafeModeRule] INFO  safemode.SCMSafeModeManager (SCMSafeModeManager.java:validateSafeModeExitRules(177)) - ScmSafeModeManager, all rules are successfully validated
2019-10-18 20:55:14,017 [EventQueue-NodeRegistrationContainerReportForDataNodeSafeModeRule] INFO  safemode.SCMSafeModeManager (SCMSafeModeManager.java:exitSafeMode(193)) - SCM exiting safe mode.
2019-10-18 20:55:14,042 [IPC Server handler 2 on 43615] INFO  net.NetworkTopology (NetworkTopologyImpl.java:add(111)) - Added a new node: /default-rack/b305240d-f12b-4d5b-b01c-ced15363fe88
2019-10-18 20:55:14,043 [IPC Server handler 2 on 43615] INFO  node.SCMNodeManager (SCMNodeManager.java:register(268)) - Registered Data node : b305240d-f12b-4d5b-b01c-ced15363fe88{ip: 192.168.69.98, host: pr-hdds-1868-rxw48-2170960119, networkLocation: /default-rack, certSerialId: null}
2019-10-18 20:55:14,117 [IPC Server handler 1 on 43615] INFO  net.NetworkTopology (NetworkTopologyImpl.java:add(111)) - Added a new node: /default-rack/03857d94-0829-4b29-a02a-96a6826905c2
2019-10-18 20:55:14,118 [IPC Server handler 1 on 43615] INFO  node.SCMNodeManager (SCMNodeManager.java:register(268)) - Registered Data node : 03857d94-0829-4b29-a02a-96a6826905c2{ip: 192.168.69.98, host: pr-hdds-1868-rxw48-2170960119, networkLocation: /default-rack, certSerialId: null}
2019-10-18 20:55:14,460 [grpc-default-executor-0] INFO  impl.RaftServerProxy (RaftServerProxy.java:addNew(89)) - a8e8c8af-b52c-4c0a-be8a-5ae927a6c960: addNew group-51A76BBF82EF:[a8e8c8af-b52c-4c0a-be8a-5ae927a6c960:192.168.69.98:37745] returns group-51A76BBF82EF:java.util.concurrent.CompletableFuture@65ba4516[Not completed]
2019-10-18 20:55:14,482 [pool-27-thread-1] INFO  impl.RaftServerImpl (RaftServerImpl.java:<init>(98)) - a8e8c8af-b52c-4c0a-be8a-5ae927a6c960: new RaftServerImpl for group-51A76BBF82EF:[a8e8c8af-b52c-4c0a-be8a-5ae927a6c960:192.168.69.98:37745] with ContainerStateMachine:uninitialized
2019-10-18 20:55:14,484 [pool-27-thread-1] INFO  server.RaftServerConfigKeys (ConfUtils.java:logGet(43)) - raft.server.rpc.timeout.min = 5s (custom)
2019-10-18 20:55:14,485 [pool-27-thread-1] INFO  server.RaftServerConfigKeys (ConfUtils.java:logGet(43)) - raft.server.rpc.timeout.max = 5200ms (custom)
2019-10-18 20:55:14,485 [pool-27-thread-1] INFO  server.RaftServerConfigKeys (ConfUtils.java:logGet(43)) - raft.server.rpcslowness.timeout = 120s (custom)
2019-10-18 20:55:14,485 [pool-27-thread-1] INFO  server.RaftServerConfigKeys (ConfUtils.java:logGet(43)) - raft.server.sleep.deviation.threshold = 300 (default)
2019-10-18 20:55:14,486 [pool-27-thread-1] INFO  server.RaftServerConfigKeys (ConfUtils.java:logGet(43)) - raft.server.log.appender.install.snapshot.enabled = false (custom)
2019-10-18 20:55:14,493 [pool-27-thread-1] INFO  impl.RaftServerImpl (ServerState.java:<init>(103)) - a8e8c8af-b52c-4c0a-be8a-5ae927a6c960@group-51A76BBF82EF: ConfigurationManager, init=-1: [a8e8c8af-b52c-4c0a-be8a-5ae927a6c960:192.168.69.98:37745], old=null, confs=<EMPTY_MAP>
2019-10-18 20:55:14,494 [pool-27-thread-1] INFO  server.RaftServerConfigKeys (ConfUtils.java:logGet(43)) - raft.server.storage.dir = [/workdir/hadoop-ozone/tools/target/test-dir/MiniOzoneClusterImpl-7ffb0c6d-bf6f-42b9-8db5-48ab626f9bc5/datanode-0/data/ratis] (custom)
2019-10-18 20:55:14,499 [pool-27-thread-1] INFO  server.RaftServerConfigKeys (ConfUtils.java:logGet(43)) - raft.server.log.corruption.policy = EXCEPTION (default)
2019-10-18 20:55:14,501 [pool-27-thread-1] INFO  storage.RaftStorageDirectory (RaftStorageDirectory.java:analyzeStorage(246)) - The storage directory /workdir/hadoop-ozone/tools/target/test-dir/MiniOzoneClusterImpl-7ffb0c6d-bf6f-42b9-8db5-48ab626f9bc5/datanode-0/data/ratis/a8dc59f4-7af6-448a-9e0f-51a76bbf82ef does not exist. Creating ...
2019-10-18 20:55:14,526 [pool-27-thread-1] INFO  storage.RaftStorageDirectory (RaftStorageDirectory.java:tryLock(328)) - Lock on /workdir/hadoop-ozone/tools/target/test-dir/MiniOzoneClusterImpl-7ffb0c6d-bf6f-42b9-8db5-48ab626f9bc5/datanode-0/data/ratis/a8dc59f4-7af6-448a-9e0f-51a76bbf82ef/in_use.lock acquired by nodename 10793@pr-hdds-1868-rxw48-2170960119
2019-10-18 20:55:14,541 [pool-27-thread-1] INFO  storage.RaftStorage (RaftStorage.java:format(84)) - Storage directory /workdir/hadoop-ozone/tools/target/test-dir/MiniOzoneClusterImpl-7ffb0c6d-bf6f-42b9-8db5-48ab626f9bc5/datanode-0/data/ratis/a8dc59f4-7af6-448a-9e0f-51a76bbf82ef has been successfully formatted.
2019-10-18 20:55:14,543 [pool-27-thread-1] INFO  ratis.ContainerStateMachine (ContainerStateMachine.java:loadSnapshot(233)) - group-51A76BBF82EF: The snapshot info is null. Setting the last applied indexto:(t:0, i:~)
2019-10-18 20:55:14,543 [pool-27-thread-1] INFO  server.RaftServerConfigKeys (ConfUtils.java:logGet(43)) - raft.server.notification.no-leader.timeout = 120s (custom)
2019-10-18 20:55:14,545 [pool-27-thread-1] INFO  server.RaftServerConfigKeys (ConfUtils.java:logGet(43)) - raft.server.log.use.memory = false (default)
2019-10-18 20:55:14,550 [pool-27-thread-1] INFO  server.RaftServerConfigKeys (ConfUtils.java:logGet(43)) - raft.server.log.purge.gap = 1000000 (custom)
2019-10-18 20:55:14,550 [pool-27-thread-1] INFO  server.RaftServerConfigKeys (ConfUtils.java:logGet(43)) - raft.server.log.appender.buffer.byte-limit = 33554432 (custom)
2019-10-18 20:55:14,552 [pool-27-thread-1] INFO  server.RaftServerConfigKeys (ConfUtils.java:logGet(43)) - raft.server.log.segment.size.max = 1048576 (custom)
2019-10-18 20:55:14,560 [pool-27-thread-1] INFO  metrics.MetricRegistries (MetricRegistriesLoader.java:load(64)) - Loaded MetricRegistries class org.apache.ratis.metrics.impl.MetricRegistriesImpl
2019-10-18 20:55:14,565 [pool-27-thread-1] WARN  impl.MetricRegistriesImpl (MetricRegistriesImpl.java:lambda$create$1(61)) - First MetricRegistry has been created without registering reporters. You may need to call MetricRegistries.global().addReportRegistration(...) before.
2019-10-18 20:55:14,571 [pool-27-thread-1] INFO  server.RaftServerConfigKeys (ConfUtils.java:logGet(43)) - raft.server.log.segment.cache.num.max = 2 (custom)
2019-10-18 20:55:14,579 [pool-27-thread-1] INFO  segmented.SegmentedRaftLogWorker (SegmentedRaftLogWorker.java:<init>(173)) - new a8e8c8af-b52c-4c0a-be8a-5ae927a6c960@group-51A76BBF82EF-SegmentedRaftLogWorker for RaftStorage:Storage Directory /workdir/hadoop-ozone/tools/target/test-dir/MiniOzoneClusterImpl-7ffb0c6d-bf6f-42b9-8db5-48ab626f9bc5/datanode-0/data/ratis/a8dc59f4-7af6-448a-9e0f-51a76bbf82ef
2019-10-18 20:55:14,580 [pool-27-thread-1] INFO  server.RaftServerConfigKeys (ConfUtils.java:logGet(43)) - raft.server.log.queue.byte-limit = 2147483647 (custom)
2019-10-18 20:55:14,581 [pool-27-thread-1] INFO  server.RaftServerConfigKeys (ConfUtils.java:logGet(43)) - raft.server.log.queue.element-limit = 1024 (custom)
2019-10-18 20:55:14,582 [pool-27-thread-1] INFO  server.RaftServerConfigKeys (ConfUtils.java:logGet(43)) - raft.server.log.segment.size.max = 1048576 (custom)
2019-10-18 20:55:14,583 [pool-27-thread-1] INFO  server.RaftServerConfigKeys (ConfUtils.java:logGet(43)) - raft.server.log.preallocated.size = 16384 (custom)
2019-10-18 20:55:14,583 [pool-27-thread-1] INFO  server.RaftServerConfigKeys (ConfUtils.java:logGet(43)) - raft.server.log.write.buffer.size = 33554432 (custom)
2019-10-18 20:55:14,584 [pool-27-thread-1] INFO  server.RaftServerConfigKeys (ConfUtils.java:logGet(43)) - raft.server.log.force.sync.num = 128 (default)
2019-10-18 20:55:14,585 [pool-27-thread-1] INFO  server.RaftServerConfigKeys (ConfUtils.java:logGet(43)) - raft.server.log.statemachine.data.sync = true (default)
2019-10-18 20:55:14,586 [pool-27-thread-1] INFO  server.RaftServerConfigKeys (ConfUtils.java:logGet(43)) - raft.server.log.statemachine.data.sync.timeout = 10s (default)
2019-10-18 20:55:14,586 [pool-27-thread-1] INFO  server.RaftServerConfigKeys (ConfUtils.java:logGet(43)) - raft.server.log.statemachine.data.sync.timeout.retry = -1 (default)
2019-10-18 20:55:14,602 [pool-27-thread-1] INFO  server.RaftServerConfigKeys (ConfUtils.java:logGet(43)) - raft.server.log.statemachine.data.caching.enabled = true (custom)
2019-10-18 20:55:14,607 [pool-27-thread-1] INFO  segmented.SegmentedRaftLogWorker (SegmentedRaftLogWorker.java:lambda$new$0(128)) - a8e8c8af-b52c-4c0a-be8a-5ae927a6c960@group-51A76BBF82EF-SegmentedRaftLogWorker: flushIndex: setUnconditionally 0 -> -1
2019-10-18 20:55:14,612 [pool-27-thread-1] INFO  server.RaftServerConfigKeys (ConfUtils.java:logGet(43)) - raft.server.snapshot.auto.trigger.enabled = true (custom)
2019-10-18 20:55:14,613 [pool-27-thread-1] INFO  server.RaftServerConfigKeys (ConfUtils.java:logGet(43)) - raft.server.snapshot.auto.trigger.threshold = 10000 (custom)
2019-10-18 20:55:14,614 [pool-27-thread-1] INFO  server.RaftServerConfigKeys (ConfUtils.java:logGet(43)) - raft.server.snapshot.retention.file.num = 5 (custom)
2019-10-18 20:55:14,614 [pool-27-thread-1] INFO  server.RaftServerConfigKeys (ConfUtils.java:logGet(43)) - raft.server.retrycache.expirytime = 600000ms (custom)
2019-10-18 20:55:14,635 [pool-27-thread-1] WARN  impl.MetricRegistriesImpl (MetricRegistriesImpl.java:lambda$create$1(61)) - First MetricRegistry has been created without registering reporters. You may need to call MetricRegistries.global().addReportRegistration(...) before.
2019-10-18 20:55:14,638 [pool-27-thread-1] WARN  impl.MetricRegistriesImpl (MetricRegistriesImpl.java:lambda$create$1(61)) - First MetricRegistry has been created without registering reporters. You may need to call MetricRegistries.global().addReportRegistration(...) before.
2019-10-18 20:55:14,639 [pool-27-thread-1] INFO  impl.RaftServerImpl (RaftServerImpl.java:start(184)) - a8e8c8af-b52c-4c0a-be8a-5ae927a6c960@group-51A76BBF82EF: start as a follower, conf=-1: [a8e8c8af-b52c-4c0a-be8a-5ae927a6c960:192.168.69.98:37745], old=null
2019-10-18 20:55:14,640 [pool-27-thread-1] INFO  impl.RaftServerImpl (RaftServerImpl.java:setRole(173)) - a8e8c8af-b52c-4c0a-be8a-5ae927a6c960@group-51A76BBF82EF: changes role from      null to FOLLOWER at term 0 for startAsFollower
2019-10-18 20:55:14,642 [pool-27-thread-1] INFO  impl.RoleInfo (RoleInfo.java:updateAndGet(143)) - a8e8c8af-b52c-4c0a-be8a-5ae927a6c960: start FollowerState
2019-10-18 20:55:14,644 [pool-27-thread-1] INFO  util.JmxRegister (JmxRegister.java:tryRegister(44)) - Successfully registered JMX Bean with object name Ratis:service=RaftServer,group=group-51A76BBF82EF,id=a8e8c8af-b52c-4c0a-be8a-5ae927a6c960
2019-10-18 20:55:14,645 [pool-27-thread-1] WARN  impl.MetricRegistriesImpl (MetricRegistriesImpl.java:lambda$create$1(61)) - First MetricRegistry has been created without registering reporters. You may need to call MetricRegistries.global().addReportRegistration(...) before.
2019-10-18 20:55:14,715 [RatisPipelineUtilsThread] INFO  pipeline.PipelineStateManager (PipelineStateManager.java:addPipeline(55)) - Created pipeline Pipeline[ Id: a8dc59f4-7af6-448a-9e0f-51a76bbf82ef, Nodes: a8e8c8af-b52c-4c0a-be8a-5ae927a6c960{ip: 192.168.69.98, host: pr-hdds-1868-rxw48-2170960119, networkLocation: /default-rack, certSerialId: null}, Type:RATIS, Factor:ONE, State:ALLOCATED]
2019-10-18 20:55:14,733 [grpc-default-executor-0] INFO  impl.RaftServerProxy (RaftServerProxy.java:addNew(89)) - 03857d94-0829-4b29-a02a-96a6826905c2: addNew group-AEA569BC0221:[03857d94-0829-4b29-a02a-96a6826905c2:192.168.69.98:37908] returns group-AEA569BC0221:java.util.concurrent.CompletableFuture@4bbf8bb7[Not completed]
2019-10-18 20:55:14,757 [pool-47-thread-1] INFO  impl.RaftServerImpl (RaftServerImpl.java:<init>(98)) - 03857d94-0829-4b29-a02a-96a6826905c2: new RaftServerImpl for group-AEA569BC0221:[03857d94-0829-4b29-a02a-96a6826905c2:192.168.69.98:37908] with ContainerStateMachine:uninitialized
2019-10-18 20:55:14,759 [pool-47-thread-1] INFO  server.RaftServerConfigKeys (ConfUtils.java:logGet(43)) - raft.server.rpc.timeout.min = 5s (custom)
2019-10-18 20:55:14,759 [pool-47-thread-1] INFO  server.RaftServerConfigKeys (ConfUtils.java:logGet(43)) - raft.server.rpc.timeout.max = 5200ms (custom)
2019-10-18 20:55:14,759 [pool-47-thread-1] INFO  server.RaftServerConfigKeys (ConfUtils.java:logGet(43)) - raft.server.rpcslowness.timeout = 120s (custom)
2019-10-18 20:55:14,759 [pool-47-thread-1] INFO  server.RaftServerConfigKeys (ConfUtils.java:logGet(43)) - raft.server.sleep.deviation.threshold = 300 (default)
2019-10-18 20:55:14,759 [pool-47-thread-1] INFO  server.RaftServerConfigKeys (ConfUtils.java:logGet(43)) - raft.server.log.appender.install.snapshot.enabled = false (custom)
2019-10-18 20:55:14,759 [pool-47-thread-1] INFO  impl.RaftServerImpl (ServerState.java:<init>(103)) - 03857d94-0829-4b29-a02a-96a6826905c2@group-AEA569BC0221: ConfigurationManager, init=-1: [03857d94-0829-4b29-a02a-96a6826905c2:192.168.69.98:37908], old=null, confs=<EMPTY_MAP>
2019-10-18 20:55:14,760 [pool-47-thread-1] INFO  server.RaftServerConfigKeys (ConfUtils.java:logGet(43)) - raft.server.storage.dir = [/workdir/hadoop-ozone/tools/target/test-dir/MiniOzoneClusterImpl-7ffb0c6d-bf6f-42b9-8db5-48ab626f9bc5/datanode-2/data/ratis] (custom)
2019-10-18 20:55:14,760 [pool-47-thread-1] INFO  server.RaftServerConfigKeys (ConfUtils.java:logGet(43)) - raft.server.log.corruption.policy = EXCEPTION (default)
2019-10-18 20:55:14,760 [pool-47-thread-1] INFO  storage.RaftStorageDirectory (RaftStorageDirectory.java:analyzeStorage(246)) - The storage directory /workdir/hadoop-ozone/tools/target/test-dir/MiniOzoneClusterImpl-7ffb0c6d-bf6f-42b9-8db5-48ab626f9bc5/datanode-2/data/ratis/a3add25f-5624-4d73-837a-aea569bc0221 does not exist. Creating ...
2019-10-18 20:55:14,773 [pool-47-thread-1] INFO  storage.RaftStorageDirectory (RaftStorageDirectory.java:tryLock(328)) - Lock on /workdir/hadoop-ozone/tools/target/test-dir/MiniOzoneClusterImpl-7ffb0c6d-bf6f-42b9-8db5-48ab626f9bc5/datanode-2/data/ratis/a3add25f-5624-4d73-837a-aea569bc0221/in_use.lock acquired by nodename 10793@pr-hdds-1868-rxw48-2170960119
2019-10-18 20:55:14,787 [pool-47-thread-1] INFO  storage.RaftStorage (RaftStorage.java:format(84)) - Storage directory /workdir/hadoop-ozone/tools/target/test-dir/MiniOzoneClusterImpl-7ffb0c6d-bf6f-42b9-8db5-48ab626f9bc5/datanode-2/data/ratis/a3add25f-5624-4d73-837a-aea569bc0221 has been successfully formatted.
2019-10-18 20:55:14,788 [pool-47-thread-1] INFO  ratis.ContainerStateMachine (ContainerStateMachine.java:loadSnapshot(233)) - group-AEA569BC0221: The snapshot info is null. Setting the last applied indexto:(t:0, i:~)
2019-10-18 20:55:14,788 [pool-47-thread-1] INFO  server.RaftServerConfigKeys (ConfUtils.java:logGet(43)) - raft.server.notification.no-leader.timeout = 120s (custom)
2019-10-18 20:55:14,788 [pool-47-thread-1] INFO  server.RaftServerConfigKeys (ConfUtils.java:logGet(43)) - raft.server.log.use.memory = false (default)
2019-10-18 20:55:14,789 [pool-47-thread-1] INFO  server.RaftServerConfigKeys (ConfUtils.java:logGet(43)) - raft.server.log.purge.gap = 1000000 (custom)
2019-10-18 20:55:14,789 [pool-47-thread-1] INFO  server.RaftServerConfigKeys (ConfUtils.java:logGet(43)) - raft.server.log.appender.buffer.byte-limit = 33554432 (custom)
2019-10-18 20:55:14,789 [pool-47-thread-1] INFO  server.RaftServerConfigKeys (ConfUtils.java:logGet(43)) - raft.server.log.segment.size.max = 1048576 (custom)
2019-10-18 20:55:14,789 [pool-47-thread-1] WARN  impl.MetricRegistriesImpl (MetricRegistriesImpl.java:lambda$create$1(61)) - First MetricRegistry has been created without registering reporters. You may need to call MetricRegistries.global().addReportRegistration(...) before.
2019-10-18 20:55:14,790 [pool-47-thread-1] INFO  server.RaftServerConfigKeys (ConfUtils.java:logGet(43)) - raft.server.log.segment.cache.num.max = 2 (custom)
2019-10-18 20:55:14,790 [pool-47-thread-1] INFO  segmented.SegmentedRaftLogWorker (SegmentedRaftLogWorker.java:<init>(173)) - new 03857d94-0829-4b29-a02a-96a6826905c2@group-AEA569BC0221-SegmentedRaftLogWorker for RaftStorage:Storage Directory /workdir/hadoop-ozone/tools/target/test-dir/MiniOzoneClusterImpl-7ffb0c6d-bf6f-42b9-8db5-48ab626f9bc5/datanode-2/data/ratis/a3add25f-5624-4d73-837a-aea569bc0221
2019-10-18 20:55:14,790 [pool-47-thread-1] INFO  server.RaftServerConfigKeys (ConfUtils.java:logGet(43)) - raft.server.log.queue.byte-limit = 2147483647 (custom)
2019-10-18 20:55:14,790 [pool-47-thread-1] INFO  server.RaftServerConfigKeys (ConfUtils.java:logGet(43)) - raft.server.log.queue.element-limit = 1024 (custom)
2019-10-18 20:55:14,791 [pool-47-thread-1] INFO  server.RaftServerConfigKeys (ConfUtils.java:logGet(43)) - raft.server.log.segment.size.max = 1048576 (custom)
2019-10-18 20:55:14,791 [pool-47-thread-1] INFO  server.RaftServerConfigKeys (ConfUtils.java:logGet(43)) - raft.server.log.preallocated.size = 16384 (custom)
2019-10-18 20:55:14,791 [pool-47-thread-1] INFO  server.RaftServerConfigKeys (ConfUtils.java:logGet(43)) - raft.server.log.write.buffer.size = 33554432 (custom)
2019-10-18 20:55:14,791 [pool-47-thread-1] INFO  server.RaftServerConfigKeys (ConfUtils.java:logGet(43)) - raft.server.log.force.sync.num = 128 (default)
2019-10-18 20:55:14,791 [pool-47-thread-1] INFO  server.RaftServerConfigKeys (ConfUtils.java:logGet(43)) - raft.server.log.statemachine.data.sync = true (default)
2019-10-18 20:55:14,791 [pool-47-thread-1] INFO  server.RaftServerConfigKeys (ConfUtils.java:logGet(43)) - raft.server.log.statemachine.data.sync.timeout = 10s (default)
2019-10-18 20:55:14,791 [pool-47-thread-1] INFO  server.RaftServerConfigKeys (ConfUtils.java:logGet(43)) - raft.server.log.statemachine.data.sync.timeout.retry = -1 (default)
2019-10-18 20:55:14,792 [pool-47-thread-1] INFO  server.RaftServerConfigKeys (ConfUtils.java:logGet(43)) - raft.server.log.statemachine.data.caching.enabled = true (custom)
2019-10-18 20:55:14,792 [pool-47-thread-1] INFO  segmented.SegmentedRaftLogWorker (SegmentedRaftLogWorker.java:lambda$new$0(128)) - 03857d94-0829-4b29-a02a-96a6826905c2@group-AEA569BC0221-SegmentedRaftLogWorker: flushIndex: setUnconditionally 0 -> -1
2019-10-18 20:55:14,792 [pool-47-thread-1] INFO  server.RaftServerConfigKeys (ConfUtils.java:logGet(43)) - raft.server.snapshot.auto.trigger.enabled = true (custom)
2019-10-18 20:55:14,792 [pool-47-thread-1] INFO  server.RaftServerConfigKeys (ConfUtils.java:logGet(43)) - raft.server.snapshot.auto.trigger.threshold = 10000 (custom)
2019-10-18 20:55:14,792 [pool-47-thread-1] INFO  server.RaftServerConfigKeys (ConfUtils.java:logGet(43)) - raft.server.snapshot.retention.file.num = 5 (custom)
2019-10-18 20:55:14,793 [pool-47-thread-1] INFO  server.RaftServerConfigKeys (ConfUtils.java:logGet(43)) - raft.server.retrycache.expirytime = 600000ms (custom)
2019-10-18 20:55:14,793 [pool-47-thread-1] WARN  impl.MetricRegistriesImpl (MetricRegistriesImpl.java:lambda$create$1(61)) - First MetricRegistry has been created without registering reporters. You may need to call MetricRegistries.global().addReportRegistration(...) before.
2019-10-18 20:55:14,793 [pool-47-thread-1] WARN  impl.MetricRegistriesImpl (MetricRegistriesImpl.java:lambda$create$1(61)) - First MetricRegistry has been created without registering reporters. You may need to call MetricRegistries.global().addReportRegistration(...) before.
2019-10-18 20:55:14,793 [pool-47-thread-1] INFO  impl.RaftServerImpl (RaftServerImpl.java:start(184)) - 03857d94-0829-4b29-a02a-96a6826905c2@group-AEA569BC0221: start as a follower, conf=-1: [03857d94-0829-4b29-a02a-96a6826905c2:192.168.69.98:37908], old=null
2019-10-18 20:55:14,793 [pool-47-thread-1] INFO  impl.RaftServerImpl (RaftServerImpl.java:setRole(173)) - 03857d94-0829-4b29-a02a-96a6826905c2@group-AEA569BC0221: changes role from      null to FOLLOWER at term 0 for startAsFollower
2019-10-18 20:55:14,793 [pool-47-thread-1] INFO  impl.RoleInfo (RoleInfo.java:updateAndGet(143)) - 03857d94-0829-4b29-a02a-96a6826905c2: start FollowerState
2019-10-18 20:55:14,794 [pool-47-thread-1] INFO  util.JmxRegister (JmxRegister.java:tryRegister(44)) - Successfully registered JMX Bean with object name Ratis:service=RaftServer,group=group-AEA569BC0221,id=03857d94-0829-4b29-a02a-96a6826905c2
2019-10-18 20:55:14,795 [pool-47-thread-1] WARN  impl.MetricRegistriesImpl (MetricRegistriesImpl.java:lambda$create$1(61)) - First MetricRegistry has been created without registering reporters. You may need to call MetricRegistries.global().addReportRegistration(...) before.
2019-10-18 20:55:14,804 [RatisPipelineUtilsThread] INFO  pipeline.PipelineStateManager (PipelineStateManager.java:addPipeline(55)) - Created pipeline Pipeline[ Id: a3add25f-5624-4d73-837a-aea569bc0221, Nodes: 03857d94-0829-4b29-a02a-96a6826905c2{ip: 192.168.69.98, host: pr-hdds-1868-rxw48-2170960119, networkLocation: /default-rack, certSerialId: null}, Type:RATIS, Factor:ONE, State:ALLOCATED]
2019-10-18 20:55:14,821 [grpc-default-executor-0] INFO  impl.RaftServerProxy (RaftServerProxy.java:addNew(89)) - b305240d-f12b-4d5b-b01c-ced15363fe88: addNew group-7773DF1B7970:[b305240d-f12b-4d5b-b01c-ced15363fe88:192.168.69.98:46566] returns group-7773DF1B7970:java.util.concurrent.CompletableFuture@75bd48d3[Not completed]
2019-10-18 20:55:14,833 [pool-37-thread-1] INFO  impl.RaftServerImpl (RaftServerImpl.java:<init>(98)) - b305240d-f12b-4d5b-b01c-ced15363fe88: new RaftServerImpl for group-7773DF1B7970:[b305240d-f12b-4d5b-b01c-ced15363fe88:192.168.69.98:46566] with ContainerStateMachine:uninitialized
2019-10-18 20:55:14,833 [pool-37-thread-1] INFO  server.RaftServerConfigKeys (ConfUtils.java:logGet(43)) - raft.server.rpc.timeout.min = 5s (custom)
2019-10-18 20:55:14,833 [pool-37-thread-1] INFO  server.RaftServerConfigKeys (ConfUtils.java:logGet(43)) - raft.server.rpc.timeout.max = 5200ms (custom)
2019-10-18 20:55:14,834 [pool-37-thread-1] INFO  server.RaftServerConfigKeys (ConfUtils.java:logGet(43)) - raft.server.rpcslowness.timeout = 120s (custom)
2019-10-18 20:55:14,834 [pool-37-thread-1] INFO  server.RaftServerConfigKeys (ConfUtils.java:logGet(43)) - raft.server.sleep.deviation.threshold = 300 (default)
2019-10-18 20:55:14,834 [pool-37-thread-1] INFO  server.RaftServerConfigKeys (ConfUtils.java:logGet(43)) - raft.server.log.appender.install.snapshot.enabled = false (custom)
2019-10-18 20:55:14,834 [pool-37-thread-1] INFO  impl.RaftServerImpl (ServerState.java:<init>(103)) - b305240d-f12b-4d5b-b01c-ced15363fe88@group-7773DF1B7970: ConfigurationManager, init=-1: [b305240d-f12b-4d5b-b01c-ced15363fe88:192.168.69.98:46566], old=null, confs=<EMPTY_MAP>
2019-10-18 20:55:14,834 [pool-37-thread-1] INFO  server.RaftServerConfigKeys (ConfUtils.java:logGet(43)) - raft.server.storage.dir = [/workdir/hadoop-ozone/tools/target/test-dir/MiniOzoneClusterImpl-7ffb0c6d-bf6f-42b9-8db5-48ab626f9bc5/datanode-1/data/ratis] (custom)
2019-10-18 20:55:14,834 [pool-37-thread-1] INFO  server.RaftServerConfigKeys (ConfUtils.java:logGet(43)) - raft.server.log.corruption.policy = EXCEPTION (default)
2019-10-18 20:55:14,835 [pool-37-thread-1] INFO  storage.RaftStorageDirectory (RaftStorageDirectory.java:analyzeStorage(246)) - The storage directory /workdir/hadoop-ozone/tools/target/test-dir/MiniOzoneClusterImpl-7ffb0c6d-bf6f-42b9-8db5-48ab626f9bc5/datanode-1/data/ratis/9b2a04bc-cb29-4715-af5b-7773df1b7970 does not exist. Creating ...
2019-10-18 20:55:14,859 [pool-37-thread-1] INFO  storage.RaftStorageDirectory (RaftStorageDirectory.java:tryLock(328)) - Lock on /workdir/hadoop-ozone/tools/target/test-dir/MiniOzoneClusterImpl-7ffb0c6d-bf6f-42b9-8db5-48ab626f9bc5/datanode-1/data/ratis/9b2a04bc-cb29-4715-af5b-7773df1b7970/in_use.lock acquired by nodename 10793@pr-hdds-1868-rxw48-2170960119
2019-10-18 20:55:14,873 [pool-37-thread-1] INFO  storage.RaftStorage (RaftStorage.java:format(84)) - Storage directory /workdir/hadoop-ozone/tools/target/test-dir/MiniOzoneClusterImpl-7ffb0c6d-bf6f-42b9-8db5-48ab626f9bc5/datanode-1/data/ratis/9b2a04bc-cb29-4715-af5b-7773df1b7970 has been successfully formatted.
2019-10-18 20:55:14,874 [pool-37-thread-1] INFO  ratis.ContainerStateMachine (ContainerStateMachine.java:loadSnapshot(233)) - group-7773DF1B7970: The snapshot info is null. Setting the last applied indexto:(t:0, i:~)
2019-10-18 20:55:14,874 [pool-37-thread-1] INFO  server.RaftServerConfigKeys (ConfUtils.java:logGet(43)) - raft.server.notification.no-leader.timeout = 120s (custom)
2019-10-18 20:55:14,874 [pool-37-thread-1] INFO  server.RaftServerConfigKeys (ConfUtils.java:logGet(43)) - raft.server.log.use.memory = false (default)
2019-10-18 20:55:14,874 [pool-37-thread-1] INFO  server.RaftServerConfigKeys (ConfUtils.java:logGet(43)) - raft.server.log.purge.gap = 1000000 (custom)
2019-10-18 20:55:14,874 [pool-37-thread-1] INFO  server.RaftServerConfigKeys (ConfUtils.java:logGet(43)) - raft.server.log.appender.buffer.byte-limit = 33554432 (custom)
2019-10-18 20:55:14,874 [pool-37-thread-1] INFO  server.RaftServerConfigKeys (ConfUtils.java:logGet(43)) - raft.server.log.segment.size.max = 1048576 (custom)
2019-10-18 20:55:14,874 [pool-37-thread-1] WARN  impl.MetricRegistriesImpl (MetricRegistriesImpl.java:lambda$create$1(61)) - First MetricRegistry has been created without registering reporters. You may need to call MetricRegistries.global().addReportRegistration(...) before.
2019-10-18 20:55:14,875 [pool-37-thread-1] INFO  server.RaftServerConfigKeys (ConfUtils.java:logGet(43)) - raft.server.log.segment.cache.num.max = 2 (custom)
2019-10-18 20:55:14,875 [pool-37-thread-1] INFO  segmented.SegmentedRaftLogWorker (SegmentedRaftLogWorker.java:<init>(173)) - new b305240d-f12b-4d5b-b01c-ced15363fe88@group-7773DF1B7970-SegmentedRaftLogWorker for RaftStorage:Storage Directory /workdir/hadoop-ozone/tools/target/test-dir/MiniOzoneClusterImpl-7ffb0c6d-bf6f-42b9-8db5-48ab626f9bc5/datanode-1/data/ratis/9b2a04bc-cb29-4715-af5b-7773df1b7970
2019-10-18 20:55:14,875 [pool-37-thread-1] INFO  server.RaftServerConfigKeys (ConfUtils.java:logGet(43)) - raft.server.log.queue.byte-limit = 2147483647 (custom)
2019-10-18 20:55:14,875 [pool-37-thread-1] INFO  server.RaftServerConfigKeys (ConfUtils.java:logGet(43)) - raft.server.log.queue.element-limit = 1024 (custom)
2019-10-18 20:55:14,875 [pool-37-thread-1] INFO  server.RaftServerConfigKeys (ConfUtils.java:logGet(43)) - raft.server.log.segment.size.max = 1048576 (custom)
2019-10-18 20:55:14,875 [pool-37-thread-1] INFO  server.RaftServerConfigKeys (ConfUtils.java:logGet(43)) - raft.server.log.preallocated.size = 16384 (custom)
2019-10-18 20:55:14,875 [pool-37-thread-1] INFO  server.RaftServerConfigKeys (ConfUtils.java:logGet(43)) - raft.server.log.write.buffer.size = 33554432 (custom)
2019-10-18 20:55:14,875 [pool-37-thread-1] INFO  server.RaftServerConfigKeys (ConfUtils.java:logGet(43)) - raft.server.log.force.sync.num = 128 (default)
2019-10-18 20:55:14,875 [pool-37-thread-1] INFO  server.RaftServerConfigKeys (ConfUtils.java:logGet(43)) - raft.server.log.statemachine.data.sync = true (default)
2019-10-18 20:55:14,876 [pool-37-thread-1] INFO  server.RaftServerConfigKeys (ConfUtils.java:logGet(43)) - raft.server.log.statemachine.data.sync.timeout = 10s (default)
2019-10-18 20:55:14,876 [pool-37-thread-1] INFO  server.RaftServerConfigKeys (ConfUtils.java:logGet(43)) - raft.server.log.statemachine.data.sync.timeout.retry = -1 (default)
2019-10-18 20:55:14,876 [pool-37-thread-1] INFO  server.RaftServerConfigKeys (ConfUtils.java:logGet(43)) - raft.server.log.statemachine.data.caching.enabled = true (custom)
2019-10-18 20:55:14,876 [pool-37-thread-1] INFO  segmented.SegmentedRaftLogWorker (SegmentedRaftLogWorker.java:lambda$new$0(128)) - b305240d-f12b-4d5b-b01c-ced15363fe88@group-7773DF1B7970-SegmentedRaftLogWorker: flushIndex: setUnconditionally 0 -> -1
2019-10-18 20:55:14,877 [pool-37-thread-1] INFO  server.RaftServerConfigKeys (ConfUtils.java:logGet(43)) - raft.server.snapshot.auto.trigger.enabled = true (custom)
2019-10-18 20:55:14,877 [pool-37-thread-1] INFO  server.RaftServerConfigKeys (ConfUtils.java:logGet(43)) - raft.server.snapshot.auto.trigger.threshold = 10000 (custom)
2019-10-18 20:55:14,877 [pool-37-thread-1] INFO  server.RaftServerConfigKeys (ConfUtils.java:logGet(43)) - raft.server.snapshot.retention.file.num = 5 (custom)
2019-10-18 20:55:14,877 [pool-37-thread-1] INFO  server.RaftServerConfigKeys (ConfUtils.java:logGet(43)) - raft.server.retrycache.expirytime = 600000ms (custom)
2019-10-18 20:55:14,877 [pool-37-thread-1] WARN  impl.MetricRegistriesImpl (MetricRegistriesImpl.java:lambda$create$1(61)) - First MetricRegistry has been created without registering reporters. You may need to call MetricRegistries.global().addReportRegistration(...) before.
2019-10-18 20:55:14,877 [pool-37-thread-1] WARN  impl.MetricRegistriesImpl (MetricRegistriesImpl.java:lambda$create$1(61)) - First MetricRegistry has been created without registering reporters. You may need to call MetricRegistries.global().addReportRegistration(...) before.
2019-10-18 20:55:14,878 [pool-37-thread-1] INFO  impl.RaftServerImpl (RaftServerImpl.java:start(184)) - b305240d-f12b-4d5b-b01c-ced15363fe88@group-7773DF1B7970: start as a follower, conf=-1: [b305240d-f12b-4d5b-b01c-ced15363fe88:192.168.69.98:46566], old=null
2019-10-18 20:55:14,878 [pool-37-thread-1] INFO  impl.RaftServerImpl (RaftServerImpl.java:setRole(173)) - b305240d-f12b-4d5b-b01c-ced15363fe88@group-7773DF1B7970: changes role from      null to FOLLOWER at term 0 for startAsFollower
2019-10-18 20:55:14,878 [pool-37-thread-1] INFO  impl.RoleInfo (RoleInfo.java:updateAndGet(143)) - b305240d-f12b-4d5b-b01c-ced15363fe88: start FollowerState
2019-10-18 20:55:14,878 [pool-37-thread-1] INFO  util.JmxRegister (JmxRegister.java:tryRegister(44)) - Successfully registered JMX Bean with object name Ratis:service=RaftServer,group=group-7773DF1B7970,id=b305240d-f12b-4d5b-b01c-ced15363fe88
2019-10-18 20:55:14,878 [pool-37-thread-1] WARN  impl.MetricRegistriesImpl (MetricRegistriesImpl.java:lambda$create$1(61)) - First MetricRegistry has been created without registering reporters. You may need to call MetricRegistries.global().addReportRegistration(...) before.
2019-10-18 20:55:14,891 [RatisPipelineUtilsThread] INFO  pipeline.PipelineStateManager (PipelineStateManager.java:addPipeline(55)) - Created pipeline Pipeline[ Id: 9b2a04bc-cb29-4715-af5b-7773df1b7970, Nodes: b305240d-f12b-4d5b-b01c-ced15363fe88{ip: 192.168.69.98, host: pr-hdds-1868-rxw48-2170960119, networkLocation: /default-rack, certSerialId: null}, Type:RATIS, Factor:ONE, State:ALLOCATED]
2019-10-18 20:55:14,914 [grpc-default-executor-1] INFO  impl.RaftServerProxy (RaftServerProxy.java:addNew(89)) - 03857d94-0829-4b29-a02a-96a6826905c2: addNew group-662D355E62BC:[a8e8c8af-b52c-4c0a-be8a-5ae927a6c960:192.168.69.98:37745, b305240d-f12b-4d5b-b01c-ced15363fe88:192.168.69.98:46566, 03857d94-0829-4b29-a02a-96a6826905c2:192.168.69.98:37908] returns group-662D355E62BC:java.util.concurrent.CompletableFuture@269116c1[Not completed]
2019-10-18 20:55:14,915 [grpc-default-executor-2] INFO  impl.RaftServerProxy (RaftServerProxy.java:addNew(89)) - b305240d-f12b-4d5b-b01c-ced15363fe88: addNew group-662D355E62BC:[a8e8c8af-b52c-4c0a-be8a-5ae927a6c960:192.168.69.98:37745, b305240d-f12b-4d5b-b01c-ced15363fe88:192.168.69.98:46566, 03857d94-0829-4b29-a02a-96a6826905c2:192.168.69.98:37908] returns group-662D355E62BC:java.util.concurrent.CompletableFuture@14930c67[Not completed]
2019-10-18 20:55:14,918 [pool-47-thread-1] INFO  impl.RaftServerImpl (RaftServerImpl.java:<init>(98)) - 03857d94-0829-4b29-a02a-96a6826905c2: new RaftServerImpl for group-662D355E62BC:[a8e8c8af-b52c-4c0a-be8a-5ae927a6c960:192.168.69.98:37745, b305240d-f12b-4d5b-b01c-ced15363fe88:192.168.69.98:46566, 03857d94-0829-4b29-a02a-96a6826905c2:192.168.69.98:37908] with ContainerStateMachine:uninitialized
2019-10-18 20:55:14,918 [pool-47-thread-1] INFO  server.RaftServerConfigKeys (ConfUtils.java:logGet(43)) - raft.server.rpc.timeout.min = 5s (custom)
2019-10-18 20:55:14,918 [pool-47-thread-1] INFO  server.RaftServerConfigKeys (ConfUtils.java:logGet(43)) - raft.server.rpc.timeout.max = 5200ms (custom)
2019-10-18 20:55:14,919 [pool-47-thread-1] INFO  server.RaftServerConfigKeys (ConfUtils.java:logGet(43)) - raft.server.rpcslowness.timeout = 120s (custom)
2019-10-18 20:55:14,919 [grpc-default-executor-2] INFO  impl.RaftServerProxy (RaftServerProxy.java:addNew(89)) - a8e8c8af-b52c-4c0a-be8a-5ae927a6c960: addNew group-662D355E62BC:[a8e8c8af-b52c-4c0a-be8a-5ae927a6c960:192.168.69.98:37745, b305240d-f12b-4d5b-b01c-ced15363fe88:192.168.69.98:46566, 03857d94-0829-4b29-a02a-96a6826905c2:192.168.69.98:37908] returns group-662D355E62BC:java.util.concurrent.CompletableFuture@51918091[Not completed]
2019-10-18 20:55:14,919 [pool-37-thread-1] INFO  impl.RaftServerImpl (RaftServerImpl.java:<init>(98)) - b305240d-f12b-4d5b-b01c-ced15363fe88: new RaftServerImpl for group-662D355E62BC:[a8e8c8af-b52c-4c0a-be8a-5ae927a6c960:192.168.69.98:37745, b305240d-f12b-4d5b-b01c-ced15363fe88:192.168.69.98:46566, 03857d94-0829-4b29-a02a-96a6826905c2:192.168.69.98:37908] with ContainerStateMachine:uninitialized
2019-10-18 20:55:14,919 [pool-47-thread-1] INFO  server.RaftServerConfigKeys (ConfUtils.java:logGet(43)) - raft.server.sleep.deviation.threshold = 300 (default)
2019-10-18 20:55:14,919 [pool-37-thread-1] INFO  server.RaftServerConfigKeys (ConfUtils.java:logGet(43)) - raft.server.rpc.timeout.min = 5s (custom)
2019-10-18 20:55:14,919 [pool-47-thread-1] INFO  server.RaftServerConfigKeys (ConfUtils.java:logGet(43)) - raft.server.log.appender.install.snapshot.enabled = false (custom)
2019-10-18 20:55:14,919 [pool-37-thread-1] INFO  server.RaftServerConfigKeys (ConfUtils.java:logGet(43)) - raft.server.rpc.timeout.max = 5200ms (custom)
2019-10-18 20:55:14,919 [pool-47-thread-1] INFO  impl.RaftServerImpl (ServerState.java:<init>(103)) - 03857d94-0829-4b29-a02a-96a6826905c2@group-662D355E62BC: ConfigurationManager, init=-1: [a8e8c8af-b52c-4c0a-be8a-5ae927a6c960:192.168.69.98:37745, b305240d-f12b-4d5b-b01c-ced15363fe88:192.168.69.98:46566, 03857d94-0829-4b29-a02a-96a6826905c2:192.168.69.98:37908], old=null, confs=<EMPTY_MAP>
2019-10-18 20:55:14,919 [pool-37-thread-1] INFO  server.RaftServerConfigKeys (ConfUtils.java:logGet(43)) - raft.server.rpcslowness.timeout = 120s (custom)
2019-10-18 20:55:14,920 [pool-47-thread-1] INFO  server.RaftServerConfigKeys (ConfUtils.java:logGet(43)) - raft.server.storage.dir = [/workdir/hadoop-ozone/tools/target/test-dir/MiniOzoneClusterImpl-7ffb0c6d-bf6f-42b9-8db5-48ab626f9bc5/datanode-2/data/ratis] (custom)
2019-10-18 20:55:14,920 [pool-37-thread-1] INFO  server.RaftServerConfigKeys (ConfUtils.java:logGet(43)) - raft.server.sleep.deviation.threshold = 300 (default)
2019-10-18 20:55:14,920 [pool-37-thread-1] INFO  server.RaftServerConfigKeys (ConfUtils.java:logGet(43)) - raft.server.log.appender.install.snapshot.enabled = false (custom)
2019-10-18 20:55:14,920 [pool-27-thread-1] INFO  impl.RaftServerImpl (RaftServerImpl.java:<init>(98)) - a8e8c8af-b52c-4c0a-be8a-5ae927a6c960: new RaftServerImpl for group-662D355E62BC:[a8e8c8af-b52c-4c0a-be8a-5ae927a6c960:192.168.69.98:37745, b305240d-f12b-4d5b-b01c-ced15363fe88:192.168.69.98:46566, 03857d94-0829-4b29-a02a-96a6826905c2:192.168.69.98:37908] with ContainerStateMachine:uninitialized
2019-10-18 20:55:14,920 [pool-37-thread-1] INFO  impl.RaftServerImpl (ServerState.java:<init>(103)) - b305240d-f12b-4d5b-b01c-ced15363fe88@group-662D355E62BC: ConfigurationManager, init=-1: [a8e8c8af-b52c-4c0a-be8a-5ae927a6c960:192.168.69.98:37745, b305240d-f12b-4d5b-b01c-ced15363fe88:192.168.69.98:46566, 03857d94-0829-4b29-a02a-96a6826905c2:192.168.69.98:37908], old=null, confs=<EMPTY_MAP>
2019-10-18 20:55:14,920 [pool-47-thread-1] INFO  server.RaftServerConfigKeys (ConfUtils.java:logGet(43)) - raft.server.log.corruption.policy = EXCEPTION (default)
2019-10-18 20:55:14,920 [pool-37-thread-1] INFO  server.RaftServerConfigKeys (ConfUtils.java:logGet(43)) - raft.server.storage.dir = [/workdir/hadoop-ozone/tools/target/test-dir/MiniOzoneClusterImpl-7ffb0c6d-bf6f-42b9-8db5-48ab626f9bc5/datanode-1/data/ratis] (custom)
2019-10-18 20:55:14,920 [pool-27-thread-1] INFO  server.RaftServerConfigKeys (ConfUtils.java:logGet(43)) - raft.server.rpc.timeout.min = 5s (custom)
2019-10-18 20:55:14,921 [pool-47-thread-1] INFO  storage.RaftStorageDirectory (RaftStorageDirectory.java:analyzeStorage(246)) - The storage directory /workdir/hadoop-ozone/tools/target/test-dir/MiniOzoneClusterImpl-7ffb0c6d-bf6f-42b9-8db5-48ab626f9bc5/datanode-2/data/ratis/92a2deea-3fc5-4dce-8870-662d355e62bc does not exist. Creating ...
2019-10-18 20:55:14,921 [pool-37-thread-1] INFO  server.RaftServerConfigKeys (ConfUtils.java:logGet(43)) - raft.server.log.corruption.policy = EXCEPTION (default)
2019-10-18 20:55:14,921 [pool-27-thread-1] INFO  server.RaftServerConfigKeys (ConfUtils.java:logGet(43)) - raft.server.rpc.timeout.max = 5200ms (custom)
2019-10-18 20:55:14,921 [pool-37-thread-1] INFO  storage.RaftStorageDirectory (RaftStorageDirectory.java:analyzeStorage(246)) - The storage directory /workdir/hadoop-ozone/tools/target/test-dir/MiniOzoneClusterImpl-7ffb0c6d-bf6f-42b9-8db5-48ab626f9bc5/datanode-1/data/ratis/92a2deea-3fc5-4dce-8870-662d355e62bc does not exist. Creating ...
2019-10-18 20:55:14,921 [pool-27-thread-1] INFO  server.RaftServerConfigKeys (ConfUtils.java:logGet(43)) - raft.server.rpcslowness.timeout = 120s (custom)
2019-10-18 20:55:14,921 [pool-27-thread-1] INFO  server.RaftServerConfigKeys (ConfUtils.java:logGet(43)) - raft.server.sleep.deviation.threshold = 300 (default)
2019-10-18 20:55:14,921 [pool-27-thread-1] INFO  server.RaftServerConfigKeys (ConfUtils.java:logGet(43)) - raft.server.log.appender.install.snapshot.enabled = false (custom)
2019-10-18 20:55:14,922 [pool-27-thread-1] INFO  impl.RaftServerImpl (ServerState.java:<init>(103)) - a8e8c8af-b52c-4c0a-be8a-5ae927a6c960@group-662D355E62BC: ConfigurationManager, init=-1: [a8e8c8af-b52c-4c0a-be8a-5ae927a6c960:192.168.69.98:37745, b305240d-f12b-4d5b-b01c-ced15363fe88:192.168.69.98:46566, 03857d94-0829-4b29-a02a-96a6826905c2:192.168.69.98:37908], old=null, confs=<EMPTY_MAP>
2019-10-18 20:55:14,922 [pool-27-thread-1] INFO  server.RaftServerConfigKeys (ConfUtils.java:logGet(43)) - raft.server.storage.dir = [/workdir/hadoop-ozone/tools/target/test-dir/MiniOzoneClusterImpl-7ffb0c6d-bf6f-42b9-8db5-48ab626f9bc5/datanode-0/data/ratis] (custom)
2019-10-18 20:55:14,922 [pool-27-thread-1] INFO  server.RaftServerConfigKeys (ConfUtils.java:logGet(43)) - raft.server.log.corruption.policy = EXCEPTION (default)
2019-10-18 20:55:14,922 [pool-27-thread-1] INFO  storage.RaftStorageDirectory (RaftStorageDirectory.java:analyzeStorage(246)) - The storage directory /workdir/hadoop-ozone/tools/target/test-dir/MiniOzoneClusterImpl-7ffb0c6d-bf6f-42b9-8db5-48ab626f9bc5/datanode-0/data/ratis/92a2deea-3fc5-4dce-8870-662d355e62bc does not exist. Creating ...
2019-10-18 20:55:14,934 [pool-47-thread-1] INFO  storage.RaftStorageDirectory (RaftStorageDirectory.java:tryLock(328)) - Lock on /workdir/hadoop-ozone/tools/target/test-dir/MiniOzoneClusterImpl-7ffb0c6d-bf6f-42b9-8db5-48ab626f9bc5/datanode-2/data/ratis/92a2deea-3fc5-4dce-8870-662d355e62bc/in_use.lock acquired by nodename 10793@pr-hdds-1868-rxw48-2170960119
2019-10-18 20:55:14,934 [pool-37-thread-1] INFO  storage.RaftStorageDirectory (RaftStorageDirectory.java:tryLock(328)) - Lock on /workdir/hadoop-ozone/tools/target/test-dir/MiniOzoneClusterImpl-7ffb0c6d-bf6f-42b9-8db5-48ab626f9bc5/datanode-1/data/ratis/92a2deea-3fc5-4dce-8870-662d355e62bc/in_use.lock acquired by nodename 10793@pr-hdds-1868-rxw48-2170960119
2019-10-18 20:55:14,934 [pool-27-thread-1] INFO  storage.RaftStorageDirectory (RaftStorageDirectory.java:tryLock(328)) - Lock on /workdir/hadoop-ozone/tools/target/test-dir/MiniOzoneClusterImpl-7ffb0c6d-bf6f-42b9-8db5-48ab626f9bc5/datanode-0/data/ratis/92a2deea-3fc5-4dce-8870-662d355e62bc/in_use.lock acquired by nodename 10793@pr-hdds-1868-rxw48-2170960119
2019-10-18 20:55:14,948 [pool-37-thread-1] INFO  storage.RaftStorage (RaftStorage.java:format(84)) - Storage directory /workdir/hadoop-ozone/tools/target/test-dir/MiniOzoneClusterImpl-7ffb0c6d-bf6f-42b9-8db5-48ab626f9bc5/datanode-1/data/ratis/92a2deea-3fc5-4dce-8870-662d355e62bc has been successfully formatted.
2019-10-18 20:55:14,948 [pool-27-thread-1] INFO  storage.RaftStorage (RaftStorage.java:format(84)) - Storage directory /workdir/hadoop-ozone/tools/target/test-dir/MiniOzoneClusterImpl-7ffb0c6d-bf6f-42b9-8db5-48ab626f9bc5/datanode-0/data/ratis/92a2deea-3fc5-4dce-8870-662d355e62bc has been successfully formatted.
2019-10-18 20:55:14,948 [pool-47-thread-1] INFO  storage.RaftStorage (RaftStorage.java:format(84)) - Storage directory /workdir/hadoop-ozone/tools/target/test-dir/MiniOzoneClusterImpl-7ffb0c6d-bf6f-42b9-8db5-48ab626f9bc5/datanode-2/data/ratis/92a2deea-3fc5-4dce-8870-662d355e62bc has been successfully formatted.
2019-10-18 20:55:14,949 [pool-27-thread-1] INFO  ratis.ContainerStateMachine (ContainerStateMachine.java:loadSnapshot(233)) - group-662D355E62BC: The snapshot info is null. Setting the last applied indexto:(t:0, i:~)
2019-10-18 20:55:14,948 [pool-37-thread-1] INFO  ratis.ContainerStateMachine (ContainerStateMachine.java:loadSnapshot(233)) - group-662D355E62BC: The snapshot info is null. Setting the last applied indexto:(t:0, i:~)
2019-10-18 20:55:14,949 [pool-47-thread-1] INFO  ratis.ContainerStateMachine (ContainerStateMachine.java:loadSnapshot(233)) - group-662D355E62BC: The snapshot info is null. Setting the last applied indexto:(t:0, i:~)
2019-10-18 20:55:14,949 [pool-37-thread-1] INFO  server.RaftServerConfigKeys (ConfUtils.java:logGet(43)) - raft.server.notification.no-leader.timeout = 120s (custom)
2019-10-18 20:55:14,949 [pool-27-thread-1] INFO  server.RaftServerConfigKeys (ConfUtils.java:logGet(43)) - raft.server.notification.no-leader.timeout = 120s (custom)
2019-10-18 20:55:14,949 [pool-37-thread-1] INFO  server.RaftServerConfigKeys (ConfUtils.java:logGet(43)) - raft.server.log.use.memory = false (default)
2019-10-18 20:55:14,949 [pool-47-thread-1] INFO  server.RaftServerConfigKeys (ConfUtils.java:logGet(43)) - raft.server.notification.no-leader.timeout = 120s (custom)
2019-10-18 20:55:14,949 [pool-37-thread-1] INFO  server.RaftServerConfigKeys (ConfUtils.java:logGet(43)) - raft.server.log.purge.gap = 1000000 (custom)
2019-10-18 20:55:14,949 [pool-27-thread-1] INFO  server.RaftServerConfigKeys (ConfUtils.java:logGet(43)) - raft.server.log.use.memory = false (default)
2019-10-18 20:55:14,949 [pool-37-thread-1] INFO  server.RaftServerConfigKeys (ConfUtils.java:logGet(43)) - raft.server.log.appender.buffer.byte-limit = 33554432 (custom)
2019-10-18 20:55:14,949 [pool-47-thread-1] INFO  server.RaftServerConfigKeys (ConfUtils.java:logGet(43)) - raft.server.log.use.memory = false (default)
2019-10-18 20:55:14,950 [pool-37-thread-1] INFO  server.RaftServerConfigKeys (ConfUtils.java:logGet(43)) - raft.server.log.segment.size.max = 1048576 (custom)
2019-10-18 20:55:14,950 [pool-27-thread-1] INFO  server.RaftServerConfigKeys (ConfUtils.java:logGet(43)) - raft.server.log.purge.gap = 1000000 (custom)
2019-10-18 20:55:14,950 [pool-37-thread-1] INFO  server.RaftServerConfigKeys (ConfUtils.java:logGet(43)) - raft.server.log.segment.cache.num.max = 2 (custom)
2019-10-18 20:55:14,950 [pool-47-thread-1] INFO  server.RaftServerConfigKeys (ConfUtils.java:logGet(43)) - raft.server.log.purge.gap = 1000000 (custom)
2019-10-18 20:55:14,950 [pool-37-thread-1] INFO  segmented.SegmentedRaftLogWorker (SegmentedRaftLogWorker.java:<init>(173)) - new b305240d-f12b-4d5b-b01c-ced15363fe88@group-662D355E62BC-SegmentedRaftLogWorker for RaftStorage:Storage Directory /workdir/hadoop-ozone/tools/target/test-dir/MiniOzoneClusterImpl-7ffb0c6d-bf6f-42b9-8db5-48ab626f9bc5/datanode-1/data/ratis/92a2deea-3fc5-4dce-8870-662d355e62bc
2019-10-18 20:55:14,950 [pool-27-thread-1] INFO  server.RaftServerConfigKeys (ConfUtils.java:logGet(43)) - raft.server.log.appender.buffer.byte-limit = 33554432 (custom)
2019-10-18 20:55:14,950 [pool-37-thread-1] INFO  server.RaftServerConfigKeys (ConfUtils.java:logGet(43)) - raft.server.log.queue.byte-limit = 2147483647 (custom)
2019-10-18 20:55:14,950 [pool-47-thread-1] INFO  server.RaftServerConfigKeys (ConfUtils.java:logGet(43)) - raft.server.log.appender.buffer.byte-limit = 33554432 (custom)
2019-10-18 20:55:14,950 [pool-37-thread-1] INFO  server.RaftServerConfigKeys (ConfUtils.java:logGet(43)) - raft.server.log.queue.element-limit = 1024 (custom)
2019-10-18 20:55:14,950 [pool-27-thread-1] INFO  server.RaftServerConfigKeys (ConfUtils.java:logGet(43)) - raft.server.log.segment.size.max = 1048576 (custom)
2019-10-18 20:55:14,951 [pool-37-thread-1] INFO  server.RaftServerConfigKeys (ConfUtils.java:logGet(43)) - raft.server.log.segment.size.max = 1048576 (custom)
2019-10-18 20:55:14,950 [pool-47-thread-1] INFO  server.RaftServerConfigKeys (ConfUtils.java:logGet(43)) - raft.server.log.segment.size.max = 1048576 (custom)
2019-10-18 20:55:14,951 [pool-37-thread-1] INFO  server.RaftServerConfigKeys (ConfUtils.java:logGet(43)) - raft.server.log.preallocated.size = 16384 (custom)
2019-10-18 20:55:14,951 [pool-27-thread-1] INFO  server.RaftServerConfigKeys (ConfUtils.java:logGet(43)) - raft.server.log.segment.cache.num.max = 2 (custom)
2019-10-18 20:55:14,951 [pool-27-thread-1] INFO  segmented.SegmentedRaftLogWorker (SegmentedRaftLogWorker.java:<init>(173)) - new a8e8c8af-b52c-4c0a-be8a-5ae927a6c960@group-662D355E62BC-SegmentedRaftLogWorker for RaftStorage:Storage Directory /workdir/hadoop-ozone/tools/target/test-dir/MiniOzoneClusterImpl-7ffb0c6d-bf6f-42b9-8db5-48ab626f9bc5/datanode-0/data/ratis/92a2deea-3fc5-4dce-8870-662d355e62bc
2019-10-18 20:55:14,951 [pool-37-thread-1] INFO  server.RaftServerConfigKeys (ConfUtils.java:logGet(43)) - raft.server.log.write.buffer.size = 33554432 (custom)
2019-10-18 20:55:14,951 [pool-47-thread-1] INFO  server.RaftServerConfigKeys (ConfUtils.java:logGet(43)) - raft.server.log.segment.cache.num.max = 2 (custom)
2019-10-18 20:55:14,951 [pool-27-thread-1] INFO  server.RaftServerConfigKeys (ConfUtils.java:logGet(43)) - raft.server.log.queue.byte-limit = 2147483647 (custom)
2019-10-18 20:55:14,951 [pool-47-thread-1] INFO  segmented.SegmentedRaftLogWorker (SegmentedRaftLogWorker.java:<init>(173)) - new 03857d94-0829-4b29-a02a-96a6826905c2@group-662D355E62BC-SegmentedRaftLogWorker for RaftStorage:Storage Directory /workdir/hadoop-ozone/tools/target/test-dir/MiniOzoneClusterImpl-7ffb0c6d-bf6f-42b9-8db5-48ab626f9bc5/datanode-2/data/ratis/92a2deea-3fc5-4dce-8870-662d355e62bc
2019-10-18 20:55:14,951 [pool-37-thread-1] INFO  server.RaftServerConfigKeys (ConfUtils.java:logGet(43)) - raft.server.log.force.sync.num = 128 (default)
2019-10-18 20:55:14,952 [pool-47-thread-1] INFO  server.RaftServerConfigKeys (ConfUtils.java:logGet(43)) - raft.server.log.queue.byte-limit = 2147483647 (custom)
2019-10-18 20:55:14,952 [pool-47-thread-1] INFO  server.RaftServerConfigKeys (ConfUtils.java:logGet(43)) - raft.server.log.queue.element-limit = 1024 (custom)
2019-10-18 20:55:14,952 [pool-27-thread-1] INFO  server.RaftServerConfigKeys (ConfUtils.java:logGet(43)) - raft.server.log.queue.element-limit = 1024 (custom)
2019-10-18 20:55:14,952 [pool-47-thread-1] INFO  server.RaftServerConfigKeys (ConfUtils.java:logGet(43)) - raft.server.log.segment.size.max = 1048576 (custom)
2019-10-18 20:55:14,952 [pool-37-thread-1] INFO  server.RaftServerConfigKeys (ConfUtils.java:logGet(43)) - raft.server.log.statemachine.data.sync = true (default)
2019-10-18 20:55:14,952 [pool-47-thread-1] INFO  server.RaftServerConfigKeys (ConfUtils.java:logGet(43)) - raft.server.log.preallocated.size = 16384 (custom)
2019-10-18 20:55:14,952 [pool-27-thread-1] INFO  server.RaftServerConfigKeys (ConfUtils.java:logGet(43)) - raft.server.log.segment.size.max = 1048576 (custom)
2019-10-18 20:55:14,952 [pool-47-thread-1] INFO  server.RaftServerConfigKeys (ConfUtils.java:logGet(43)) - raft.server.log.write.buffer.size = 33554432 (custom)
2019-10-18 20:55:14,952 [pool-37-thread-1] INFO  server.RaftServerConfigKeys (ConfUtils.java:logGet(43)) - raft.server.log.statemachine.data.sync.timeout = 10s (default)
2019-10-18 20:55:14,953 [pool-47-thread-1] INFO  server.RaftServerConfigKeys (ConfUtils.java:logGet(43)) - raft.server.log.force.sync.num = 128 (default)
2019-10-18 20:55:14,953 [pool-27-thread-1] INFO  server.RaftServerConfigKeys (ConfUtils.java:logGet(43)) - raft.server.log.preallocated.size = 16384 (custom)
2019-10-18 20:55:14,953 [pool-47-thread-1] INFO  server.RaftServerConfigKeys (ConfUtils.java:logGet(43)) - raft.server.log.statemachine.data.sync = true (default)
2019-10-18 20:55:14,953 [pool-37-thread-1] INFO  server.RaftServerConfigKeys (ConfUtils.java:logGet(43)) - raft.server.log.statemachine.data.sync.timeout.retry = -1 (default)
2019-10-18 20:55:14,953 [pool-47-thread-1] INFO  server.RaftServerConfigKeys (ConfUtils.java:logGet(43)) - raft.server.log.statemachine.data.sync.timeout = 10s (default)
2019-10-18 20:55:14,953 [pool-27-thread-1] INFO  server.RaftServerConfigKeys (ConfUtils.java:logGet(43)) - raft.server.log.write.buffer.size = 33554432 (custom)
2019-10-18 20:55:14,953 [pool-37-thread-1] INFO  server.RaftServerConfigKeys (ConfUtils.java:logGet(43)) - raft.server.log.statemachine.data.caching.enabled = true (custom)
2019-10-18 20:55:14,953 [pool-47-thread-1] INFO  server.RaftServerConfigKeys (ConfUtils.java:logGet(43)) - raft.server.log.statemachine.data.sync.timeout.retry = -1 (default)
2019-10-18 20:55:14,953 [pool-27-thread-1] INFO  server.RaftServerConfigKeys (ConfUtils.java:logGet(43)) - raft.server.log.force.sync.num = 128 (default)
2019-10-18 20:55:14,954 [pool-27-thread-1] INFO  server.RaftServerConfigKeys (ConfUtils.java:logGet(43)) - raft.server.log.statemachine.data.sync = true (default)
2019-10-18 20:55:14,954 [pool-37-thread-1] INFO  segmented.SegmentedRaftLogWorker (SegmentedRaftLogWorker.java:lambda$new$0(128)) - b305240d-f12b-4d5b-b01c-ced15363fe88@group-662D355E62BC-SegmentedRaftLogWorker: flushIndex: setUnconditionally 0 -> -1
2019-10-18 20:55:14,954 [pool-47-thread-1] INFO  server.RaftServerConfigKeys (ConfUtils.java:logGet(43)) - raft.server.log.statemachine.data.caching.enabled = true (custom)
2019-10-18 20:55:14,954 [pool-27-thread-1] INFO  server.RaftServerConfigKeys (ConfUtils.java:logGet(43)) - raft.server.log.statemachine.data.sync.timeout = 10s (default)
2019-10-18 20:55:14,954 [pool-37-thread-1] INFO  server.RaftServerConfigKeys (ConfUtils.java:logGet(43)) - raft.server.snapshot.auto.trigger.enabled = true (custom)
2019-10-18 20:55:14,954 [pool-27-thread-1] INFO  server.RaftServerConfigKeys (ConfUtils.java:logGet(43)) - raft.server.log.statemachine.data.sync.timeout.retry = -1 (default)
2019-10-18 20:55:14,954 [pool-37-thread-1] INFO  server.RaftServerConfigKeys (ConfUtils.java:logGet(43)) - raft.server.snapshot.auto.trigger.threshold = 10000 (custom)
2019-10-18 20:55:14,954 [pool-27-thread-1] INFO  server.RaftServerConfigKeys (ConfUtils.java:logGet(43)) - raft.server.log.statemachine.data.caching.enabled = true (custom)
2019-10-18 20:55:14,954 [pool-47-thread-1] INFO  segmented.SegmentedRaftLogWorker (SegmentedRaftLogWorker.java:lambda$new$0(128)) - 03857d94-0829-4b29-a02a-96a6826905c2@group-662D355E62BC-SegmentedRaftLogWorker: flushIndex: setUnconditionally 0 -> -1
2019-10-18 20:55:14,955 [pool-37-thread-1] INFO  server.RaftServerConfigKeys (ConfUtils.java:logGet(43)) - raft.server.snapshot.retention.file.num = 5 (custom)
2019-10-18 20:55:14,955 [pool-27-thread-1] INFO  segmented.SegmentedRaftLogWorker (SegmentedRaftLogWorker.java:lambda$new$0(128)) - a8e8c8af-b52c-4c0a-be8a-5ae927a6c960@group-662D355E62BC-SegmentedRaftLogWorker: flushIndex: setUnconditionally 0 -> -1
2019-10-18 20:55:14,955 [pool-47-thread-1] INFO  server.RaftServerConfigKeys (ConfUtils.java:logGet(43)) - raft.server.snapshot.auto.trigger.enabled = true (custom)
2019-10-18 20:55:14,955 [pool-37-thread-1] INFO  server.RaftServerConfigKeys (ConfUtils.java:logGet(43)) - raft.server.retrycache.expirytime = 600000ms (custom)
2019-10-18 20:55:14,955 [pool-27-thread-1] INFO  server.RaftServerConfigKeys (ConfUtils.java:logGet(43)) - raft.server.snapshot.auto.trigger.enabled = true (custom)
2019-10-18 20:55:14,955 [pool-37-thread-1] WARN  impl.MetricRegistriesImpl (MetricRegistriesImpl.java:lambda$create$1(61)) - First MetricRegistry has been created without registering reporters. You may need to call MetricRegistries.global().addReportRegistration(...) before.
2019-10-18 20:55:14,955 [pool-47-thread-1] INFO  server.RaftServerConfigKeys (ConfUtils.java:logGet(43)) - raft.server.snapshot.auto.trigger.threshold = 10000 (custom)
2019-10-18 20:55:14,955 [pool-37-thread-1] WARN  impl.MetricRegistriesImpl (MetricRegistriesImpl.java:lambda$create$1(61)) - First MetricRegistry has been created without registering reporters. You may need to call MetricRegistries.global().addReportRegistration(...) before.
2019-10-18 20:55:14,955 [pool-27-thread-1] INFO  server.RaftServerConfigKeys (ConfUtils.java:logGet(43)) - raft.server.snapshot.auto.trigger.threshold = 10000 (custom)
2019-10-18 20:55:14,955 [pool-47-thread-1] INFO  server.RaftServerConfigKeys (ConfUtils.java:logGet(43)) - raft.server.snapshot.retention.file.num = 5 (custom)
2019-10-18 20:55:14,956 [pool-37-thread-1] INFO  impl.RaftServerImpl (RaftServerImpl.java:start(184)) - b305240d-f12b-4d5b-b01c-ced15363fe88@group-662D355E62BC: start as a follower, conf=-1: [a8e8c8af-b52c-4c0a-be8a-5ae927a6c960:192.168.69.98:37745, b305240d-f12b-4d5b-b01c-ced15363fe88:192.168.69.98:46566, 03857d94-0829-4b29-a02a-96a6826905c2:192.168.69.98:37908], old=null
2019-10-18 20:55:14,956 [pool-27-thread-1] INFO  server.RaftServerConfigKeys (ConfUtils.java:logGet(43)) - raft.server.snapshot.retention.file.num = 5 (custom)
2019-10-18 20:55:14,956 [pool-37-thread-1] INFO  impl.RaftServerImpl (RaftServerImpl.java:setRole(173)) - b305240d-f12b-4d5b-b01c-ced15363fe88@group-662D355E62BC: changes role from      null to FOLLOWER at term 0 for startAsFollower
2019-10-18 20:55:14,956 [pool-47-thread-1] INFO  server.RaftServerConfigKeys (ConfUtils.java:logGet(43)) - raft.server.retrycache.expirytime = 600000ms (custom)
2019-10-18 20:55:14,956 [pool-27-thread-1] INFO  server.RaftServerConfigKeys (ConfUtils.java:logGet(43)) - raft.server.retrycache.expirytime = 600000ms (custom)
2019-10-18 20:55:14,956 [pool-47-thread-1] WARN  impl.MetricRegistriesImpl (MetricRegistriesImpl.java:lambda$create$1(61)) - First MetricRegistry has been created without registering reporters. You may need to call MetricRegistries.global().addReportRegistration(...) before.
2019-10-18 20:55:14,956 [pool-37-thread-1] INFO  impl.RoleInfo (RoleInfo.java:updateAndGet(143)) - b305240d-f12b-4d5b-b01c-ced15363fe88: start FollowerState
2019-10-18 20:55:14,956 [pool-47-thread-1] WARN  impl.MetricRegistriesImpl (MetricRegistriesImpl.java:lambda$create$1(61)) - First MetricRegistry has been created without registering reporters. You may need to call MetricRegistries.global().addReportRegistration(...) before.
2019-10-18 20:55:14,956 [pool-27-thread-1] WARN  impl.MetricRegistriesImpl (MetricRegistriesImpl.java:lambda$create$1(61)) - First MetricRegistry has been created without registering reporters. You may need to call MetricRegistries.global().addReportRegistration(...) before.
2019-10-18 20:55:14,957 [pool-27-thread-1] WARN  impl.MetricRegistriesImpl (MetricRegistriesImpl.java:lambda$create$1(61)) - First MetricRegistry has been created without registering reporters. You may need to call MetricRegistries.global().addReportRegistration(...) before.
2019-10-18 20:55:14,957 [pool-47-thread-1] INFO  impl.RaftServerImpl (RaftServerImpl.java:start(184)) - 03857d94-0829-4b29-a02a-96a6826905c2@group-662D355E62BC: start as a follower, conf=-1: [a8e8c8af-b52c-4c0a-be8a-5ae927a6c960:192.168.69.98:37745, b305240d-f12b-4d5b-b01c-ced15363fe88:192.168.69.98:46566, 03857d94-0829-4b29-a02a-96a6826905c2:192.168.69.98:37908], old=null
2019-10-18 20:55:14,957 [pool-27-thread-1] INFO  impl.RaftServerImpl (RaftServerImpl.java:start(184)) - a8e8c8af-b52c-4c0a-be8a-5ae927a6c960@group-662D355E62BC: start as a follower, conf=-1: [a8e8c8af-b52c-4c0a-be8a-5ae927a6c960:192.168.69.98:37745, b305240d-f12b-4d5b-b01c-ced15363fe88:192.168.69.98:46566, 03857d94-0829-4b29-a02a-96a6826905c2:192.168.69.98:37908], old=null
2019-10-18 20:55:14,957 [pool-37-thread-1] INFO  util.JmxRegister (JmxRegister.java:tryRegister(44)) - Successfully registered JMX Bean with object name Ratis:service=RaftServer,group=group-662D355E62BC,id=b305240d-f12b-4d5b-b01c-ced15363fe88
2019-10-18 20:55:14,957 [pool-27-thread-1] INFO  impl.RaftServerImpl (RaftServerImpl.java:setRole(173)) - a8e8c8af-b52c-4c0a-be8a-5ae927a6c960@group-662D355E62BC: changes role from      null to FOLLOWER at term 0 for startAsFollower
2019-10-18 20:55:14,957 [pool-47-thread-1] INFO  impl.RaftServerImpl (RaftServerImpl.java:setRole(173)) - 03857d94-0829-4b29-a02a-96a6826905c2@group-662D355E62BC: changes role from      null to FOLLOWER at term 0 for startAsFollower
2019-10-18 20:55:14,957 [pool-27-thread-1] INFO  impl.RoleInfo (RoleInfo.java:updateAndGet(143)) - a8e8c8af-b52c-4c0a-be8a-5ae927a6c960: start FollowerState
2019-10-18 20:55:14,957 [pool-37-thread-1] WARN  impl.MetricRegistriesImpl (MetricRegistriesImpl.java:lambda$create$1(61)) - First MetricRegistry has been created without registering reporters. You may need to call MetricRegistries.global().addReportRegistration(...) before.
2019-10-18 20:55:14,957 [pool-47-thread-1] INFO  impl.RoleInfo (RoleInfo.java:updateAndGet(143)) - 03857d94-0829-4b29-a02a-96a6826905c2: start FollowerState
2019-10-18 20:55:14,957 [pool-27-thread-1] INFO  util.JmxRegister (JmxRegister.java:tryRegister(44)) - Successfully registered JMX Bean with object name Ratis:service=RaftServer,group=group-662D355E62BC,id=a8e8c8af-b52c-4c0a-be8a-5ae927a6c960
2019-10-18 20:55:14,958 [pool-27-thread-1] WARN  impl.MetricRegistriesImpl (MetricRegistriesImpl.java:lambda$create$1(61)) - First MetricRegistry has been created without registering reporters. You may need to call MetricRegistries.global().addReportRegistration(...) before.
2019-10-18 20:55:14,958 [pool-47-thread-1] INFO  util.JmxRegister (JmxRegister.java:tryRegister(44)) - Successfully registered JMX Bean with object name Ratis:service=RaftServer,group=group-662D355E62BC,id=03857d94-0829-4b29-a02a-96a6826905c2
2019-10-18 20:55:14,958 [pool-47-thread-1] WARN  impl.MetricRegistriesImpl (MetricRegistriesImpl.java:lambda$create$1(61)) - First MetricRegistry has been created without registering reporters. You may need to call MetricRegistries.global().addReportRegistration(...) before.
2019-10-18 20:55:14,975 [RatisPipelineUtilsThread] INFO  pipeline.PipelineStateManager (PipelineStateManager.java:addPipeline(55)) - Created pipeline Pipeline[ Id: 92a2deea-3fc5-4dce-8870-662d355e62bc, Nodes: a8e8c8af-b52c-4c0a-be8a-5ae927a6c960{ip: 192.168.69.98, host: pr-hdds-1868-rxw48-2170960119, networkLocation: /default-rack, certSerialId: null}03857d94-0829-4b29-a02a-96a6826905c2{ip: 192.168.69.98, host: pr-hdds-1868-rxw48-2170960119, networkLocation: /default-rack, certSerialId: null}b305240d-f12b-4d5b-b01c-ced15363fe88{ip: 192.168.69.98, host: pr-hdds-1868-rxw48-2170960119, networkLocation: /default-rack, certSerialId: null}, Type:RATIS, Factor:THREE, State:ALLOCATED]
2019-10-18 20:55:14,978 [main] INFO  ozone.MiniOzoneClusterImpl (MiniOzoneClusterImpl.java:lambda$waitForClusterToBeReady$2(164)) - Waiting for 4 number of pipelines out of 4, to report a leader.
2019-10-18 20:55:15,978 [main] INFO  ozone.MiniOzoneClusterImpl (MiniOzoneClusterImpl.java:lambda$waitForClusterToBeReady$2(164)) - Waiting for 4 number of pipelines out of 4, to report a leader.
2019-10-18 20:55:16,981 [main] INFO  ozone.MiniOzoneClusterImpl (MiniOzoneClusterImpl.java:lambda$waitForClusterToBeReady$2(164)) - Waiting for 4 number of pipelines out of 4, to report a leader.
2019-10-18 20:55:17,033 [Thread-178] INFO  container.ReplicationManager (ReplicationManager.java:start(162)) - Starting Replication Monitor Thread.
2019-10-18 20:55:17,038 [Thread-178] INFO  pipeline.SCMPipelineManager (SCMPipelineManager.java:finalizeAndDestroyPipeline(315)) - destroying pipeline:Pipeline[ Id: a3add25f-5624-4d73-837a-aea569bc0221, Nodes: 03857d94-0829-4b29-a02a-96a6826905c2{ip: 192.168.69.98, host: pr-hdds-1868-rxw48-2170960119, networkLocation: /default-rack, certSerialId: null}, Type:RATIS, Factor:ONE, State:ALLOCATED]
2019-10-18 20:55:17,038 [ReplicationMonitor] INFO  container.ReplicationManager (ReplicationManager.java:run(225)) - Replication Monitor Thread took 1 milliseconds for processing 0 containers.
2019-10-18 20:55:17,039 [Thread-178] INFO  pipeline.PipelineStateManager (PipelineStateManager.java:finalizePipeline(121)) - Pipeline Pipeline[ Id: a3add25f-5624-4d73-837a-aea569bc0221, Nodes: 03857d94-0829-4b29-a02a-96a6826905c2{ip: 192.168.69.98, host: pr-hdds-1868-rxw48-2170960119, networkLocation: /default-rack, certSerialId: null}, Type:RATIS, Factor:ONE, State:CLOSED] moved to CLOSED state
2019-10-18 20:55:17,074 [grpc-default-executor-2] INFO  impl.RaftServerProxy (RaftServerProxy.java:remove(95)) - 03857d94-0829-4b29-a02a-96a6826905c2: remove  FOLLOWER 03857d94-0829-4b29-a02a-96a6826905c2@group-AEA569BC0221:t0, leader=null, voted=null, raftlog=03857d94-0829-4b29-a02a-96a6826905c2@group-AEA569BC0221-SegmentedRaftLog:OPENED:c-1,f-1,i0, conf=-1: [03857d94-0829-4b29-a02a-96a6826905c2:192.168.69.98:37908], old=null RUNNING
2019-10-18 20:55:17,077 [grpc-default-executor-2] INFO  impl.RaftServerImpl (RaftServerImpl.java:lambda$shutdown$3(250)) - 03857d94-0829-4b29-a02a-96a6826905c2@group-AEA569BC0221: shutdown
2019-10-18 20:55:17,078 [grpc-default-executor-2] INFO  util.JmxRegister (JmxRegister.java:unregister(73)) - Successfully un-registered JMX Bean with object name Ratis:service=RaftServer,group=group-AEA569BC0221,id=03857d94-0829-4b29-a02a-96a6826905c2
2019-10-18 20:55:17,078 [grpc-default-executor-2] INFO  impl.RoleInfo (RoleInfo.java:shutdownFollowerState(121)) - 03857d94-0829-4b29-a02a-96a6826905c2: shutdown FollowerState
2019-10-18 20:55:17,079 [grpc-default-executor-2] INFO  impl.StateMachineUpdater (StateMachineUpdater.java:stopAndJoin(136)) - 03857d94-0829-4b29-a02a-96a6826905c2@group-AEA569BC0221-StateMachineUpdater: set stopIndex = -1
2019-10-18 20:55:17,079 [Thread-183] INFO  impl.FollowerState (FollowerState.java:run(120)) - 03857d94-0829-4b29-a02a-96a6826905c2@group-AEA569BC0221-FollowerState was interrupted: java.lang.InterruptedException: sleep interrupted
2019-10-18 20:55:17,081 [grpc-default-executor-2] INFO  impl.RaftServerImpl (ServerState.java:close(387)) - 03857d94-0829-4b29-a02a-96a6826905c2@group-AEA569BC0221: closes. applyIndex: -1
2019-10-18 20:55:17,086 [03857d94-0829-4b29-a02a-96a6826905c2@group-AEA569BC0221-SegmentedRaftLogWorker] INFO  segmented.SegmentedRaftLogWorker (SegmentedRaftLogWorker.java:run(316)) - 03857d94-0829-4b29-a02a-96a6826905c2@group-AEA569BC0221-SegmentedRaftLogWorker was interrupted, exiting. There are 0 tasks remaining in the queue.
2019-10-18 20:55:17,088 [grpc-default-executor-2] INFO  segmented.SegmentedRaftLogWorker (SegmentedRaftLogWorker.java:close(224)) - 03857d94-0829-4b29-a02a-96a6826905c2@group-AEA569BC0221-SegmentedRaftLogWorker close()
2019-10-18 20:55:17,106 [Thread-178] INFO  pipeline.PipelineStateManager (PipelineStateManager.java:removePipeline(106)) - Pipeline Pipeline[ Id: a3add25f-5624-4d73-837a-aea569bc0221, Nodes: 03857d94-0829-4b29-a02a-96a6826905c2{ip: 192.168.69.98, host: pr-hdds-1868-rxw48-2170960119, networkLocation: /default-rack, certSerialId: null}, Type:RATIS, Factor:ONE, State:CLOSED] removed from db
2019-10-18 20:55:17,107 [Thread-178] INFO  pipeline.SCMPipelineManager (SCMPipelineManager.java:finalizeAndDestroyPipeline(315)) - destroying pipeline:Pipeline[ Id: 9b2a04bc-cb29-4715-af5b-7773df1b7970, Nodes: b305240d-f12b-4d5b-b01c-ced15363fe88{ip: 192.168.69.98, host: pr-hdds-1868-rxw48-2170960119, networkLocation: /default-rack, certSerialId: null}, Type:RATIS, Factor:ONE, State:ALLOCATED]
2019-10-18 20:55:17,107 [Thread-178] INFO  pipeline.PipelineStateManager (PipelineStateManager.java:finalizePipeline(121)) - Pipeline Pipeline[ Id: 9b2a04bc-cb29-4715-af5b-7773df1b7970, Nodes: b305240d-f12b-4d5b-b01c-ced15363fe88{ip: 192.168.69.98, host: pr-hdds-1868-rxw48-2170960119, networkLocation: /default-rack, certSerialId: null}, Type:RATIS, Factor:ONE, State:CLOSED] moved to CLOSED state
2019-10-18 20:55:17,121 [grpc-default-executor-1] INFO  impl.RaftServerProxy (RaftServerProxy.java:remove(95)) - b305240d-f12b-4d5b-b01c-ced15363fe88: remove  FOLLOWER b305240d-f12b-4d5b-b01c-ced15363fe88@group-7773DF1B7970:t0, leader=null, voted=null, raftlog=b305240d-f12b-4d5b-b01c-ced15363fe88@group-7773DF1B7970-SegmentedRaftLog:OPENED:c-1,f-1,i0, conf=-1: [b305240d-f12b-4d5b-b01c-ced15363fe88:192.168.69.98:46566], old=null RUNNING
2019-10-18 20:55:17,122 [grpc-default-executor-1] INFO  impl.RaftServerImpl (RaftServerImpl.java:lambda$shutdown$3(250)) - b305240d-f12b-4d5b-b01c-ced15363fe88@group-7773DF1B7970: shutdown
2019-10-18 20:55:17,122 [grpc-default-executor-1] INFO  util.JmxRegister (JmxRegister.java:unregister(73)) - Successfully un-registered JMX Bean with object name Ratis:service=RaftServer,group=group-7773DF1B7970,id=b305240d-f12b-4d5b-b01c-ced15363fe88
2019-10-18 20:55:17,122 [grpc-default-executor-1] INFO  impl.RoleInfo (RoleInfo.java:shutdownFollowerState(121)) - b305240d-f12b-4d5b-b01c-ced15363fe88: shutdown FollowerState
2019-10-18 20:55:17,122 [grpc-default-executor-2] INFO  impl.RaftServerProxy (RaftServerProxy.java:addNew(89)) - 03857d94-0829-4b29-a02a-96a6826905c2: addNew group-C59AA75E3192:[03857d94-0829-4b29-a02a-96a6826905c2:192.168.69.98:37908] returns group-C59AA75E3192:java.util.concurrent.CompletableFuture@2dc393fb[Not completed]
2019-10-18 20:55:17,122 [grpc-default-executor-1] INFO  impl.StateMachineUpdater (StateMachineUpdater.java:stopAndJoin(136)) - b305240d-f12b-4d5b-b01c-ced15363fe88@group-7773DF1B7970-StateMachineUpdater: set stopIndex = -1
2019-10-18 20:55:17,122 [Thread-186] INFO  impl.FollowerState (FollowerState.java:run(120)) - b305240d-f12b-4d5b-b01c-ced15363fe88@group-7773DF1B7970-FollowerState was interrupted: java.lang.InterruptedException: sleep interrupted
2019-10-18 20:55:17,126 [grpc-default-executor-1] INFO  impl.RaftServerImpl (ServerState.java:close(387)) - b305240d-f12b-4d5b-b01c-ced15363fe88@group-7773DF1B7970: closes. applyIndex: -1
2019-10-18 20:55:17,127 [b305240d-f12b-4d5b-b01c-ced15363fe88@group-7773DF1B7970-SegmentedRaftLogWorker] INFO  segmented.SegmentedRaftLogWorker (SegmentedRaftLogWorker.java:run(316)) - b305240d-f12b-4d5b-b01c-ced15363fe88@group-7773DF1B7970-SegmentedRaftLogWorker was interrupted, exiting. There are 0 tasks remaining in the queue.
2019-10-18 20:55:17,127 [grpc-default-executor-1] INFO  segmented.SegmentedRaftLogWorker (SegmentedRaftLogWorker.java:close(224)) - b305240d-f12b-4d5b-b01c-ced15363fe88@group-7773DF1B7970-SegmentedRaftLogWorker close()
2019-10-18 20:55:17,130 [pool-47-thread-1] INFO  impl.RaftServerImpl (RaftServerImpl.java:<init>(98)) - 03857d94-0829-4b29-a02a-96a6826905c2: new RaftServerImpl for group-C59AA75E3192:[03857d94-0829-4b29-a02a-96a6826905c2:192.168.69.98:37908] with ContainerStateMachine:uninitialized
2019-10-18 20:55:17,130 [pool-47-thread-1] INFO  server.RaftServerConfigKeys (ConfUtils.java:logGet(43)) - raft.server.rpc.timeout.min = 5s (custom)
2019-10-18 20:55:17,131 [pool-47-thread-1] INFO  server.RaftServerConfigKeys (ConfUtils.java:logGet(43)) - raft.server.rpc.timeout.max = 5200ms (custom)
2019-10-18 20:55:17,131 [pool-47-thread-1] INFO  server.RaftServerConfigKeys (ConfUtils.java:logGet(43)) - raft.server.rpcslowness.timeout = 120s (custom)
2019-10-18 20:55:17,131 [pool-47-thread-1] INFO  server.RaftServerConfigKeys (ConfUtils.java:logGet(43)) - raft.server.sleep.deviation.threshold = 300 (default)
2019-10-18 20:55:17,131 [pool-47-thread-1] INFO  server.RaftServerConfigKeys (ConfUtils.java:logGet(43)) - raft.server.log.appender.install.snapshot.enabled = false (custom)
2019-10-18 20:55:17,131 [pool-47-thread-1] INFO  impl.RaftServerImpl (ServerState.java:<init>(103)) - 03857d94-0829-4b29-a02a-96a6826905c2@group-C59AA75E3192: ConfigurationManager, init=-1: [03857d94-0829-4b29-a02a-96a6826905c2:192.168.69.98:37908], old=null, confs=<EMPTY_MAP>
2019-10-18 20:55:17,132 [pool-47-thread-1] INFO  server.RaftServerConfigKeys (ConfUtils.java:logGet(43)) - raft.server.storage.dir = [/workdir/hadoop-ozone/tools/target/test-dir/MiniOzoneClusterImpl-7ffb0c6d-bf6f-42b9-8db5-48ab626f9bc5/datanode-2/data/ratis] (custom)
2019-10-18 20:55:17,133 [pool-47-thread-1] INFO  server.RaftServerConfigKeys (ConfUtils.java:logGet(43)) - raft.server.log.corruption.policy = EXCEPTION (default)
2019-10-18 20:55:17,133 [pool-47-thread-1] INFO  storage.RaftStorageDirectory (RaftStorageDirectory.java:analyzeStorage(246)) - The storage directory /workdir/hadoop-ozone/tools/target/test-dir/MiniOzoneClusterImpl-7ffb0c6d-bf6f-42b9-8db5-48ab626f9bc5/datanode-2/data/ratis/c568f8b6-564b-46ed-8645-c59aa75e3192 does not exist. Creating ...
2019-10-18 20:55:17,148 [pool-47-thread-1] INFO  storage.RaftStorageDirectory (RaftStorageDirectory.java:tryLock(328)) - Lock on /workdir/hadoop-ozone/tools/target/test-dir/MiniOzoneClusterImpl-7ffb0c6d-bf6f-42b9-8db5-48ab626f9bc5/datanode-2/data/ratis/c568f8b6-564b-46ed-8645-c59aa75e3192/in_use.lock acquired by nodename 10793@pr-hdds-1868-rxw48-2170960119
2019-10-18 20:55:17,173 [pool-47-thread-1] INFO  storage.RaftStorage (RaftStorage.java:format(84)) - Storage directory /workdir/hadoop-ozone/tools/target/test-dir/MiniOzoneClusterImpl-7ffb0c6d-bf6f-42b9-8db5-48ab626f9bc5/datanode-2/data/ratis/c568f8b6-564b-46ed-8645-c59aa75e3192 has been successfully formatted.
2019-10-18 20:55:17,173 [pool-47-thread-1] INFO  ratis.ContainerStateMachine (ContainerStateMachine.java:loadSnapshot(233)) - group-C59AA75E3192: The snapshot info is null. Setting the last applied indexto:(t:0, i:~)
2019-10-18 20:55:17,173 [pool-47-thread-1] INFO  server.RaftServerConfigKeys (ConfUtils.java:logGet(43)) - raft.server.notification.no-leader.timeout = 120s (custom)
2019-10-18 20:55:17,173 [pool-47-thread-1] INFO  server.RaftServerConfigKeys (ConfUtils.java:logGet(43)) - raft.server.log.use.memory = false (default)
2019-10-18 20:55:17,174 [pool-47-thread-1] INFO  server.RaftServerConfigKeys (ConfUtils.java:logGet(43)) - raft.server.log.purge.gap = 1000000 (custom)
2019-10-18 20:55:17,174 [pool-47-thread-1] INFO  server.RaftServerConfigKeys (ConfUtils.java:logGet(43)) - raft.server.log.appender.buffer.byte-limit = 33554432 (custom)
2019-10-18 20:55:17,174 [pool-47-thread-1] INFO  server.RaftServerConfigKeys (ConfUtils.java:logGet(43)) - raft.server.log.segment.size.max = 1048576 (custom)
2019-10-18 20:55:17,174 [pool-47-thread-1] INFO  server.RaftServerConfigKeys (ConfUtils.java:logGet(43)) - raft.server.log.segment.cache.num.max = 2 (custom)
2019-10-18 20:55:17,174 [pool-47-thread-1] INFO  segmented.SegmentedRaftLogWorker (SegmentedRaftLogWorker.java:<init>(173)) - new 03857d94-0829-4b29-a02a-96a6826905c2@group-C59AA75E3192-SegmentedRaftLogWorker for RaftStorage:Storage Directory /workdir/hadoop-ozone/tools/target/test-dir/MiniOzoneClusterImpl-7ffb0c6d-bf6f-42b9-8db5-48ab626f9bc5/datanode-2/data/ratis/c568f8b6-564b-46ed-8645-c59aa75e3192
2019-10-18 20:55:17,175 [pool-47-thread-1] INFO  server.RaftServerConfigKeys (ConfUtils.java:logGet(43)) - raft.server.log.queue.byte-limit = 2147483647 (custom)
2019-10-18 20:55:17,175 [pool-47-thread-1] INFO  server.RaftServerConfigKeys (ConfUtils.java:logGet(43)) - raft.server.log.queue.element-limit = 1024 (custom)
2019-10-18 20:55:17,175 [pool-47-thread-1] INFO  server.RaftServerConfigKeys (ConfUtils.java:logGet(43)) - raft.server.log.segment.size.max = 1048576 (custom)
2019-10-18 20:55:17,175 [pool-47-thread-1] INFO  server.RaftServerConfigKeys (ConfUtils.java:logGet(43)) - raft.server.log.preallocated.size = 16384 (custom)
2019-10-18 20:55:17,175 [pool-47-thread-1] INFO  server.RaftServerConfigKeys (ConfUtils.java:logGet(43)) - raft.server.log.write.buffer.size = 33554432 (custom)
2019-10-18 20:55:17,175 [pool-47-thread-1] INFO  server.RaftServerConfigKeys (ConfUtils.java:logGet(43)) - raft.server.log.force.sync.num = 128 (default)
2019-10-18 20:55:17,175 [pool-47-thread-1] INFO  server.RaftServerConfigKeys (ConfUtils.java:logGet(43)) - raft.server.log.statemachine.data.sync = true (default)
2019-10-18 20:55:17,176 [pool-47-thread-1] INFO  server.RaftServerConfigKeys (ConfUtils.java:logGet(43)) - raft.server.log.statemachine.data.sync.timeout = 10s (default)
2019-10-18 20:55:17,176 [pool-47-thread-1] INFO  server.RaftServerConfigKeys (ConfUtils.java:logGet(43)) - raft.server.log.statemachine.data.sync.timeout.retry = -1 (default)
2019-10-18 20:55:17,176 [pool-47-thread-1] INFO  server.RaftServerConfigKeys (ConfUtils.java:logGet(43)) - raft.server.log.statemachine.data.caching.enabled = true (custom)
2019-10-18 20:55:17,177 [pool-47-thread-1] INFO  segmented.SegmentedRaftLogWorker (SegmentedRaftLogWorker.java:lambda$new$0(128)) - 03857d94-0829-4b29-a02a-96a6826905c2@group-C59AA75E3192-SegmentedRaftLogWorker: flushIndex: setUnconditionally 0 -> -1
2019-10-18 20:55:17,177 [pool-47-thread-1] INFO  server.RaftServerConfigKeys (ConfUtils.java:logGet(43)) - raft.server.snapshot.auto.trigger.enabled = true (custom)
2019-10-18 20:55:17,177 [pool-47-thread-1] INFO  server.RaftServerConfigKeys (ConfUtils.java:logGet(43)) - raft.server.snapshot.auto.trigger.threshold = 10000 (custom)
2019-10-18 20:55:17,177 [pool-47-thread-1] INFO  server.RaftServerConfigKeys (ConfUtils.java:logGet(43)) - raft.server.snapshot.retention.file.num = 5 (custom)
2019-10-18 20:55:17,178 [pool-47-thread-1] INFO  server.RaftServerConfigKeys (ConfUtils.java:logGet(43)) - raft.server.retrycache.expirytime = 600000ms (custom)
2019-10-18 20:55:17,178 [pool-47-thread-1] WARN  impl.MetricRegistriesImpl (MetricRegistriesImpl.java:lambda$create$1(61)) - First MetricRegistry has been created without registering reporters. You may need to call MetricRegistries.global().addReportRegistration(...) before.
2019-10-18 20:55:17,178 [pool-47-thread-1] WARN  impl.MetricRegistriesImpl (MetricRegistriesImpl.java:lambda$create$1(61)) - First MetricRegistry has been created without registering reporters. You may need to call MetricRegistries.global().addReportRegistration(...) before.
2019-10-18 20:55:17,178 [pool-47-thread-1] INFO  impl.RaftServerImpl (RaftServerImpl.java:start(184)) - 03857d94-0829-4b29-a02a-96a6826905c2@group-C59AA75E3192: start as a follower, conf=-1: [03857d94-0829-4b29-a02a-96a6826905c2:192.168.69.98:37908], old=null
2019-10-18 20:55:17,179 [pool-47-thread-1] INFO  impl.RaftServerImpl (RaftServerImpl.java:setRole(173)) - 03857d94-0829-4b29-a02a-96a6826905c2@group-C59AA75E3192: changes role from      null to FOLLOWER at term 0 for startAsFollower
2019-10-18 20:55:17,179 [pool-47-thread-1] INFO  impl.RoleInfo (RoleInfo.java:updateAndGet(143)) - 03857d94-0829-4b29-a02a-96a6826905c2: start FollowerState
2019-10-18 20:55:17,179 [pool-47-thread-1] INFO  util.JmxRegister (JmxRegister.java:tryRegister(44)) - Successfully registered JMX Bean with object name Ratis:service=RaftServer,group=group-C59AA75E3192,id=03857d94-0829-4b29-a02a-96a6826905c2
2019-10-18 20:55:17,179 [pool-47-thread-1] WARN  impl.MetricRegistriesImpl (MetricRegistriesImpl.java:lambda$create$1(61)) - First MetricRegistry has been created without registering reporters. You may need to call MetricRegistries.global().addReportRegistration(...) before.
2019-10-18 20:55:17,187 [RatisPipelineUtilsThread] INFO  pipeline.PipelineStateManager (PipelineStateManager.java:addPipeline(55)) - Created pipeline Pipeline[ Id: c568f8b6-564b-46ed-8645-c59aa75e3192, Nodes: 03857d94-0829-4b29-a02a-96a6826905c2{ip: 192.168.69.98, host: pr-hdds-1868-rxw48-2170960119, networkLocation: /default-rack, certSerialId: null}, Type:RATIS, Factor:ONE, State:ALLOCATED]
2019-10-18 20:55:17,200 [grpc-default-executor-1] INFO  impl.RaftServerProxy (RaftServerProxy.java:addNew(89)) - b305240d-f12b-4d5b-b01c-ced15363fe88: addNew group-FD335178CF0A:[b305240d-f12b-4d5b-b01c-ced15363fe88:192.168.69.98:46566] returns group-FD335178CF0A:java.util.concurrent.CompletableFuture@52ba1b65[Not completed]
2019-10-18 20:55:17,202 [pool-37-thread-1] INFO  impl.RaftServerImpl (RaftServerImpl.java:<init>(98)) - b305240d-f12b-4d5b-b01c-ced15363fe88: new RaftServerImpl for group-FD335178CF0A:[b305240d-f12b-4d5b-b01c-ced15363fe88:192.168.69.98:46566] with ContainerStateMachine:uninitialized
2019-10-18 20:55:17,202 [pool-37-thread-1] INFO  server.RaftServerConfigKeys (ConfUtils.java:logGet(43)) - raft.server.rpc.timeout.min = 5s (custom)
2019-10-18 20:55:17,202 [pool-37-thread-1] INFO  server.RaftServerConfigKeys (ConfUtils.java:logGet(43)) - raft.server.rpc.timeout.max = 5200ms (custom)
2019-10-18 20:55:17,202 [pool-37-thread-1] INFO  server.RaftServerConfigKeys (ConfUtils.java:logGet(43)) - raft.server.rpcslowness.timeout = 120s (custom)
2019-10-18 20:55:17,203 [pool-37-thread-1] INFO  server.RaftServerConfigKeys (ConfUtils.java:logGet(43)) - raft.server.sleep.deviation.threshold = 300 (default)
2019-10-18 20:55:17,203 [pool-37-thread-1] INFO  server.RaftServerConfigKeys (ConfUtils.java:logGet(43)) - raft.server.log.appender.install.snapshot.enabled = false (custom)
2019-10-18 20:55:17,203 [pool-37-thread-1] INFO  impl.RaftServerImpl (ServerState.java:<init>(103)) - b305240d-f12b-4d5b-b01c-ced15363fe88@group-FD335178CF0A: ConfigurationManager, init=-1: [b305240d-f12b-4d5b-b01c-ced15363fe88:192.168.69.98:46566], old=null, confs=<EMPTY_MAP>
2019-10-18 20:55:17,203 [pool-37-thread-1] INFO  server.RaftServerConfigKeys (ConfUtils.java:logGet(43)) - raft.server.storage.dir = [/workdir/hadoop-ozone/tools/target/test-dir/MiniOzoneClusterImpl-7ffb0c6d-bf6f-42b9-8db5-48ab626f9bc5/datanode-1/data/ratis] (custom)
2019-10-18 20:55:17,204 [pool-37-thread-1] INFO  server.RaftServerConfigKeys (ConfUtils.java:logGet(43)) - raft.server.log.corruption.policy = EXCEPTION (default)
2019-10-18 20:55:17,204 [pool-37-thread-1] INFO  storage.RaftStorageDirectory (RaftStorageDirectory.java:analyzeStorage(246)) - The storage directory /workdir/hadoop-ozone/tools/target/test-dir/MiniOzoneClusterImpl-7ffb0c6d-bf6f-42b9-8db5-48ab626f9bc5/datanode-1/data/ratis/f57e6e53-475a-4114-80e9-fd335178cf0a does not exist. Creating ...
2019-10-18 20:55:17,217 [pool-37-thread-1] INFO  storage.RaftStorageDirectory (RaftStorageDirectory.java:tryLock(328)) - Lock on /workdir/hadoop-ozone/tools/target/test-dir/MiniOzoneClusterImpl-7ffb0c6d-bf6f-42b9-8db5-48ab626f9bc5/datanode-1/data/ratis/f57e6e53-475a-4114-80e9-fd335178cf0a/in_use.lock acquired by nodename 10793@pr-hdds-1868-rxw48-2170960119
2019-10-18 20:55:17,230 [pool-37-thread-1] INFO  storage.RaftStorage (RaftStorage.java:format(84)) - Storage directory /workdir/hadoop-ozone/tools/target/test-dir/MiniOzoneClusterImpl-7ffb0c6d-bf6f-42b9-8db5-48ab626f9bc5/datanode-1/data/ratis/f57e6e53-475a-4114-80e9-fd335178cf0a has been successfully formatted.
2019-10-18 20:55:17,231 [pool-37-thread-1] INFO  ratis.ContainerStateMachine (ContainerStateMachine.java:loadSnapshot(233)) - group-FD335178CF0A: The snapshot info is null. Setting the last applied indexto:(t:0, i:~)
2019-10-18 20:55:17,231 [pool-37-thread-1] INFO  server.RaftServerConfigKeys (ConfUtils.java:logGet(43)) - raft.server.notification.no-leader.timeout = 120s (custom)
2019-10-18 20:55:17,231 [pool-37-thread-1] INFO  server.RaftServerConfigKeys (ConfUtils.java:logGet(43)) - raft.server.log.use.memory = false (default)
2019-10-18 20:55:17,231 [pool-37-thread-1] INFO  server.RaftServerConfigKeys (ConfUtils.java:logGet(43)) - raft.server.log.purge.gap = 1000000 (custom)
2019-10-18 20:55:17,231 [pool-37-thread-1] INFO  server.RaftServerConfigKeys (ConfUtils.java:logGet(43)) - raft.server.log.appender.buffer.byte-limit = 33554432 (custom)
2019-10-18 20:55:17,232 [pool-37-thread-1] INFO  server.RaftServerConfigKeys (ConfUtils.java:logGet(43)) - raft.server.log.segment.size.max = 1048576 (custom)
2019-10-18 20:55:17,232 [pool-37-thread-1] INFO  server.RaftServerConfigKeys (ConfUtils.java:logGet(43)) - raft.server.log.segment.cache.num.max = 2 (custom)
2019-10-18 20:55:17,232 [pool-37-thread-1] INFO  segmented.SegmentedRaftLogWorker (SegmentedRaftLogWorker.java:<init>(173)) - new b305240d-f12b-4d5b-b01c-ced15363fe88@group-FD335178CF0A-SegmentedRaftLogWorker for RaftStorage:Storage Directory /workdir/hadoop-ozone/tools/target/test-dir/MiniOzoneClusterImpl-7ffb0c6d-bf6f-42b9-8db5-48ab626f9bc5/datanode-1/data/ratis/f57e6e53-475a-4114-80e9-fd335178cf0a
2019-10-18 20:55:17,232 [pool-37-thread-1] INFO  server.RaftServerConfigKeys (ConfUtils.java:logGet(43)) - raft.server.log.queue.byte-limit = 2147483647 (custom)
2019-10-18 20:55:17,232 [pool-37-thread-1] INFO  server.RaftServerConfigKeys (ConfUtils.java:logGet(43)) - raft.server.log.queue.element-limit = 1024 (custom)
2019-10-18 20:55:17,232 [pool-37-thread-1] INFO  server.RaftServerConfigKeys (ConfUtils.java:logGet(43)) - raft.server.log.segment.size.max = 1048576 (custom)
2019-10-18 20:55:17,233 [pool-37-thread-1] INFO  server.RaftServerConfigKeys (ConfUtils.java:logGet(43)) - raft.server.log.preallocated.size = 16384 (custom)
2019-10-18 20:55:17,233 [pool-37-thread-1] INFO  server.RaftServerConfigKeys (ConfUtils.java:logGet(43)) - raft.server.log.write.buffer.size = 33554432 (custom)
2019-10-18 20:55:17,233 [pool-37-thread-1] INFO  server.RaftServerConfigKeys (ConfUtils.java:logGet(43)) - raft.server.log.force.sync.num = 128 (default)
2019-10-18 20:55:17,233 [pool-37-thread-1] INFO  server.RaftServerConfigKeys (ConfUtils.java:logGet(43)) - raft.server.log.statemachine.data.sync = true (default)
2019-10-18 20:55:17,233 [pool-37-thread-1] INFO  server.RaftServerConfigKeys (ConfUtils.java:logGet(43)) - raft.server.log.statemachine.data.sync.timeout = 10s (default)
2019-10-18 20:55:17,233 [pool-37-thread-1] INFO  server.RaftServerConfigKeys (ConfUtils.java:logGet(43)) - raft.server.log.statemachine.data.sync.timeout.retry = -1 (default)
2019-10-18 20:55:17,234 [pool-37-thread-1] INFO  server.RaftServerConfigKeys (ConfUtils.java:logGet(43)) - raft.server.log.statemachine.data.caching.enabled = true (custom)
2019-10-18 20:55:17,234 [pool-37-thread-1] INFO  segmented.SegmentedRaftLogWorker (SegmentedRaftLogWorker.java:lambda$new$0(128)) - b305240d-f12b-4d5b-b01c-ced15363fe88@group-FD335178CF0A-SegmentedRaftLogWorker: flushIndex: setUnconditionally 0 -> -1
2019-10-18 20:55:17,235 [pool-37-thread-1] INFO  server.RaftServerConfigKeys (ConfUtils.java:logGet(43)) - raft.server.snapshot.auto.trigger.enabled = true (custom)
2019-10-18 20:55:17,235 [pool-37-thread-1] INFO  server.RaftServerConfigKeys (ConfUtils.java:logGet(43)) - raft.server.snapshot.auto.trigger.threshold = 10000 (custom)
2019-10-18 20:55:17,235 [pool-37-thread-1] INFO  server.RaftServerConfigKeys (ConfUtils.java:logGet(43)) - raft.server.snapshot.retention.file.num = 5 (custom)
2019-10-18 20:55:17,235 [pool-37-thread-1] INFO  server.RaftServerConfigKeys (ConfUtils.java:logGet(43)) - raft.server.retrycache.expirytime = 600000ms (custom)
2019-10-18 20:55:17,236 [pool-37-thread-1] WARN  impl.MetricRegistriesImpl (MetricRegistriesImpl.java:lambda$create$1(61)) - First MetricRegistry has been created without registering reporters. You may need to call MetricRegistries.global().addReportRegistration(...) before.
2019-10-18 20:55:17,236 [pool-37-thread-1] WARN  impl.MetricRegistriesImpl (MetricRegistriesImpl.java:lambda$create$1(61)) - First MetricRegistry has been created without registering reporters. You may need to call MetricRegistries.global().addReportRegistration(...) before.
2019-10-18 20:55:17,236 [pool-37-thread-1] INFO  impl.RaftServerImpl (RaftServerImpl.java:start(184)) - b305240d-f12b-4d5b-b01c-ced15363fe88@group-FD335178CF0A: start as a follower, conf=-1: [b305240d-f12b-4d5b-b01c-ced15363fe88:192.168.69.98:46566], old=null
2019-10-18 20:55:17,236 [pool-37-thread-1] INFO  impl.RaftServerImpl (RaftServerImpl.java:setRole(173)) - b305240d-f12b-4d5b-b01c-ced15363fe88@group-FD335178CF0A: changes role from      null to FOLLOWER at term 0 for startAsFollower
2019-10-18 20:55:17,236 [pool-37-thread-1] INFO  impl.RoleInfo (RoleInfo.java:updateAndGet(143)) - b305240d-f12b-4d5b-b01c-ced15363fe88: start FollowerState
2019-10-18 20:55:17,237 [pool-37-thread-1] INFO  util.JmxRegister (JmxRegister.java:tryRegister(44)) - Successfully registered JMX Bean with object name Ratis:service=RaftServer,group=group-FD335178CF0A,id=b305240d-f12b-4d5b-b01c-ced15363fe88
2019-10-18 20:55:17,237 [pool-37-thread-1] WARN  impl.MetricRegistriesImpl (MetricRegistriesImpl.java:lambda$create$1(61)) - First MetricRegistry has been created without registering reporters. You may need to call MetricRegistries.global().addReportRegistration(...) before.
2019-10-18 20:55:17,245 [RatisPipelineUtilsThread] INFO  pipeline.PipelineStateManager (PipelineStateManager.java:addPipeline(55)) - Created pipeline Pipeline[ Id: f57e6e53-475a-4114-80e9-fd335178cf0a, Nodes: b305240d-f12b-4d5b-b01c-ced15363fe88{ip: 192.168.69.98, host: pr-hdds-1868-rxw48-2170960119, networkLocation: /default-rack, certSerialId: null}, Type:RATIS, Factor:ONE, State:ALLOCATED]
2019-10-18 20:55:17,246 [Thread-178] INFO  pipeline.PipelineStateManager (PipelineStateManager.java:removePipeline(106)) - Pipeline Pipeline[ Id: 9b2a04bc-cb29-4715-af5b-7773df1b7970, Nodes: b305240d-f12b-4d5b-b01c-ced15363fe88{ip: 192.168.69.98, host: pr-hdds-1868-rxw48-2170960119, networkLocation: /default-rack, certSerialId: null}, Type:RATIS, Factor:ONE, State:CLOSED] removed from db
2019-10-18 20:55:17,247 [Thread-178] INFO  pipeline.SCMPipelineManager (SCMPipelineManager.java:finalizeAndDestroyPipeline(315)) - destroying pipeline:Pipeline[ Id: a8dc59f4-7af6-448a-9e0f-51a76bbf82ef, Nodes: a8e8c8af-b52c-4c0a-be8a-5ae927a6c960{ip: 192.168.69.98, host: pr-hdds-1868-rxw48-2170960119, networkLocation: /default-rack, certSerialId: null}, Type:RATIS, Factor:ONE, State:ALLOCATED]
2019-10-18 20:55:17,248 [Thread-178] INFO  pipeline.PipelineStateManager (PipelineStateManager.java:finalizePipeline(121)) - Pipeline Pipeline[ Id: a8dc59f4-7af6-448a-9e0f-51a76bbf82ef, Nodes: a8e8c8af-b52c-4c0a-be8a-5ae927a6c960{ip: 192.168.69.98, host: pr-hdds-1868-rxw48-2170960119, networkLocation: /default-rack, certSerialId: null}, Type:RATIS, Factor:ONE, State:CLOSED] moved to CLOSED state
2019-10-18 20:55:17,260 [grpc-default-executor-1] INFO  impl.RaftServerProxy (RaftServerProxy.java:remove(95)) - a8e8c8af-b52c-4c0a-be8a-5ae927a6c960: remove  FOLLOWER a8e8c8af-b52c-4c0a-be8a-5ae927a6c960@group-51A76BBF82EF:t0, leader=null, voted=null, raftlog=a8e8c8af-b52c-4c0a-be8a-5ae927a6c960@group-51A76BBF82EF-SegmentedRaftLog:OPENED:c-1,f-1,i0, conf=-1: [a8e8c8af-b52c-4c0a-be8a-5ae927a6c960:192.168.69.98:37745], old=null RUNNING
2019-10-18 20:55:17,261 [grpc-default-executor-1] INFO  impl.RaftServerImpl (RaftServerImpl.java:lambda$shutdown$3(250)) - a8e8c8af-b52c-4c0a-be8a-5ae927a6c960@group-51A76BBF82EF: shutdown
2019-10-18 20:55:17,261 [grpc-default-executor-1] INFO  util.JmxRegister (JmxRegister.java:unregister(73)) - Successfully un-registered JMX Bean with object name Ratis:service=RaftServer,group=group-51A76BBF82EF,id=a8e8c8af-b52c-4c0a-be8a-5ae927a6c960
2019-10-18 20:55:17,261 [grpc-default-executor-1] INFO  impl.RoleInfo (RoleInfo.java:shutdownFollowerState(121)) - a8e8c8af-b52c-4c0a-be8a-5ae927a6c960: shutdown FollowerState
2019-10-18 20:55:17,261 [grpc-default-executor-1] INFO  impl.StateMachineUpdater (StateMachineUpdater.java:stopAndJoin(136)) - a8e8c8af-b52c-4c0a-be8a-5ae927a6c960@group-51A76BBF82EF-StateMachineUpdater: set stopIndex = -1
2019-10-18 20:55:17,261 [Thread-180] INFO  impl.FollowerState (FollowerState.java:run(120)) - a8e8c8af-b52c-4c0a-be8a-5ae927a6c960@group-51A76BBF82EF-FollowerState was interrupted: java.lang.InterruptedException: sleep interrupted
2019-10-18 20:55:17,262 [grpc-default-executor-1] INFO  impl.RaftServerImpl (ServerState.java:close(387)) - a8e8c8af-b52c-4c0a-be8a-5ae927a6c960@group-51A76BBF82EF: closes. applyIndex: -1
2019-10-18 20:55:17,264 [a8e8c8af-b52c-4c0a-be8a-5ae927a6c960@group-51A76BBF82EF-SegmentedRaftLogWorker] INFO  segmented.SegmentedRaftLogWorker (SegmentedRaftLogWorker.java:run(316)) - a8e8c8af-b52c-4c0a-be8a-5ae927a6c960@group-51A76BBF82EF-SegmentedRaftLogWorker was interrupted, exiting. There are 0 tasks remaining in the queue.
2019-10-18 20:55:17,264 [grpc-default-executor-1] INFO  segmented.SegmentedRaftLogWorker (SegmentedRaftLogWorker.java:close(224)) - a8e8c8af-b52c-4c0a-be8a-5ae927a6c960@group-51A76BBF82EF-SegmentedRaftLogWorker close()
2019-10-18 20:55:17,273 [Thread-178] INFO  pipeline.PipelineStateManager (PipelineStateManager.java:removePipeline(106)) - Pipeline Pipeline[ Id: a8dc59f4-7af6-448a-9e0f-51a76bbf82ef, Nodes: a8e8c8af-b52c-4c0a-be8a-5ae927a6c960{ip: 192.168.69.98, host: pr-hdds-1868-rxw48-2170960119, networkLocation: /default-rack, certSerialId: null}, Type:RATIS, Factor:ONE, State:CLOSED] removed from db
2019-10-18 20:55:17,273 [Thread-178] INFO  pipeline.SCMPipelineManager (SCMPipelineManager.java:finalizeAndDestroyPipeline(315)) - destroying pipeline:Pipeline[ Id: 92a2deea-3fc5-4dce-8870-662d355e62bc, Nodes: a8e8c8af-b52c-4c0a-be8a-5ae927a6c960{ip: 192.168.69.98, host: pr-hdds-1868-rxw48-2170960119, networkLocation: /default-rack, certSerialId: null}03857d94-0829-4b29-a02a-96a6826905c2{ip: 192.168.69.98, host: pr-hdds-1868-rxw48-2170960119, networkLocation: /default-rack, certSerialId: null}b305240d-f12b-4d5b-b01c-ced15363fe88{ip: 192.168.69.98, host: pr-hdds-1868-rxw48-2170960119, networkLocation: /default-rack, certSerialId: null}, Type:RATIS, Factor:THREE, State:ALLOCATED]
2019-10-18 20:55:17,284 [grpc-default-executor-1] INFO  impl.RaftServerProxy (RaftServerProxy.java:addNew(89)) - a8e8c8af-b52c-4c0a-be8a-5ae927a6c960: addNew group-0E1990C46ECB:[a8e8c8af-b52c-4c0a-be8a-5ae927a6c960:192.168.69.98:37745] returns group-0E1990C46ECB:java.util.concurrent.CompletableFuture@4560e7[Not completed]
2019-10-18 20:55:17,286 [pool-27-thread-1] INFO  impl.RaftServerImpl (RaftServerImpl.java:<init>(98)) - a8e8c8af-b52c-4c0a-be8a-5ae927a6c960: new RaftServerImpl for group-0E1990C46ECB:[a8e8c8af-b52c-4c0a-be8a-5ae927a6c960:192.168.69.98:37745] with ContainerStateMachine:uninitialized
2019-10-18 20:55:17,287 [pool-27-thread-1] INFO  server.RaftServerConfigKeys (ConfUtils.java:logGet(43)) - raft.server.rpc.timeout.min = 5s (custom)
2019-10-18 20:55:17,287 [pool-27-thread-1] INFO  server.RaftServerConfigKeys (ConfUtils.java:logGet(43)) - raft.server.rpc.timeout.max = 5200ms (custom)
2019-10-18 20:55:17,287 [pool-27-thread-1] INFO  server.RaftServerConfigKeys (ConfUtils.java:logGet(43)) - raft.server.rpcslowness.timeout = 120s (custom)
2019-10-18 20:55:17,287 [pool-27-thread-1] INFO  server.RaftServerConfigKeys (ConfUtils.java:logGet(43)) - raft.server.sleep.deviation.threshold = 300 (default)
2019-10-18 20:55:17,287 [pool-27-thread-1] INFO  server.RaftServerConfigKeys (ConfUtils.java:logGet(43)) - raft.server.log.appender.install.snapshot.enabled = false (custom)
2019-10-18 20:55:17,287 [pool-27-thread-1] INFO  impl.RaftServerImpl (ServerState.java:<init>(103)) - a8e8c8af-b52c-4c0a-be8a-5ae927a6c960@group-0E1990C46ECB: ConfigurationManager, init=-1: [a8e8c8af-b52c-4c0a-be8a-5ae927a6c960:192.168.69.98:37745], old=null, confs=<EMPTY_MAP>
2019-10-18 20:55:17,288 [pool-27-thread-1] INFO  server.RaftServerConfigKeys (ConfUtils.java:logGet(43)) - raft.server.storage.dir = [/workdir/hadoop-ozone/tools/target/test-dir/MiniOzoneClusterImpl-7ffb0c6d-bf6f-42b9-8db5-48ab626f9bc5/datanode-0/data/ratis] (custom)
2019-10-18 20:55:17,288 [pool-27-thread-1] INFO  server.RaftServerConfigKeys (ConfUtils.java:logGet(43)) - raft.server.log.corruption.policy = EXCEPTION (default)
2019-10-18 20:55:17,288 [pool-27-thread-1] INFO  storage.RaftStorageDirectory (RaftStorageDirectory.java:analyzeStorage(246)) - The storage directory /workdir/hadoop-ozone/tools/target/test-dir/MiniOzoneClusterImpl-7ffb0c6d-bf6f-42b9-8db5-48ab626f9bc5/datanode-0/data/ratis/19e73e1e-31f0-454d-85ad-0e1990c46ecb does not exist. Creating ...
2019-10-18 20:55:17,301 [pool-27-thread-1] INFO  storage.RaftStorageDirectory (RaftStorageDirectory.java:tryLock(328)) - Lock on /workdir/hadoop-ozone/tools/target/test-dir/MiniOzoneClusterImpl-7ffb0c6d-bf6f-42b9-8db5-48ab626f9bc5/datanode-0/data/ratis/19e73e1e-31f0-454d-85ad-0e1990c46ecb/in_use.lock acquired by nodename 10793@pr-hdds-1868-rxw48-2170960119
2019-10-18 20:55:17,314 [pool-27-thread-1] INFO  storage.RaftStorage (RaftStorage.java:format(84)) - Storage directory /workdir/hadoop-ozone/tools/target/test-dir/MiniOzoneClusterImpl-7ffb0c6d-bf6f-42b9-8db5-48ab626f9bc5/datanode-0/data/ratis/19e73e1e-31f0-454d-85ad-0e1990c46ecb has been successfully formatted.
2019-10-18 20:55:17,315 [pool-27-thread-1] INFO  ratis.ContainerStateMachine (ContainerStateMachine.java:loadSnapshot(233)) - group-0E1990C46ECB: The snapshot info is null. Setting the last applied indexto:(t:0, i:~)
2019-10-18 20:55:17,315 [pool-27-thread-1] INFO  server.RaftServerConfigKeys (ConfUtils.java:logGet(43)) - raft.server.notification.no-leader.timeout = 120s (custom)
2019-10-18 20:55:17,315 [pool-27-thread-1] INFO  server.RaftServerConfigKeys (ConfUtils.java:logGet(43)) - raft.server.log.use.memory = false (default)
2019-10-18 20:55:17,315 [pool-27-thread-1] INFO  server.RaftServerConfigKeys (ConfUtils.java:logGet(43)) - raft.server.log.purge.gap = 1000000 (custom)
2019-10-18 20:55:17,315 [pool-27-thread-1] INFO  server.RaftServerConfigKeys (ConfUtils.java:logGet(43)) - raft.server.log.appender.buffer.byte-limit = 33554432 (custom)
2019-10-18 20:55:17,315 [pool-27-thread-1] INFO  server.RaftServerConfigKeys (ConfUtils.java:logGet(43)) - raft.server.log.segment.size.max = 1048576 (custom)
2019-10-18 20:55:17,316 [pool-27-thread-1] INFO  server.RaftServerConfigKeys (ConfUtils.java:logGet(43)) - raft.server.log.segment.cache.num.max = 2 (custom)
2019-10-18 20:55:17,316 [pool-27-thread-1] INFO  segmented.SegmentedRaftLogWorker (SegmentedRaftLogWorker.java:<init>(173)) - new a8e8c8af-b52c-4c0a-be8a-5ae927a6c960@group-0E1990C46ECB-SegmentedRaftLogWorker for RaftStorage:Storage Directory /workdir/hadoop-ozone/tools/target/test-dir/MiniOzoneClusterImpl-7ffb0c6d-bf6f-42b9-8db5-48ab626f9bc5/datanode-0/data/ratis/19e73e1e-31f0-454d-85ad-0e1990c46ecb
2019-10-18 20:55:17,316 [pool-27-thread-1] INFO  server.RaftServerConfigKeys (ConfUtils.java:logGet(43)) - raft.server.log.queue.byte-limit = 2147483647 (custom)
2019-10-18 20:55:17,316 [pool-27-thread-1] INFO  server.RaftServerConfigKeys (ConfUtils.java:logGet(43)) - raft.server.log.queue.element-limit = 1024 (custom)
2019-10-18 20:55:17,316 [pool-27-thread-1] INFO  server.RaftServerConfigKeys (ConfUtils.java:logGet(43)) - raft.server.log.segment.size.max = 1048576 (custom)
2019-10-18 20:55:17,316 [pool-27-thread-1] INFO  server.RaftServerConfigKeys (ConfUtils.java:logGet(43)) - raft.server.log.preallocated.size = 16384 (custom)
2019-10-18 20:55:17,316 [pool-27-thread-1] INFO  server.RaftServerConfigKeys (ConfUtils.java:logGet(43)) - raft.server.log.write.buffer.size = 33554432 (custom)
2019-10-18 20:55:17,316 [pool-27-thread-1] INFO  server.RaftServerConfigKeys (ConfUtils.java:logGet(43)) - raft.server.log.force.sync.num = 128 (default)
2019-10-18 20:55:17,317 [pool-27-thread-1] INFO  server.RaftServerConfigKeys (ConfUtils.java:logGet(43)) - raft.server.log.statemachine.data.sync = true (default)
2019-10-18 20:55:17,317 [pool-27-thread-1] INFO  server.RaftServerConfigKeys (ConfUtils.java:logGet(43)) - raft.server.log.statemachine.data.sync.timeout = 10s (default)
2019-10-18 20:55:17,317 [pool-27-thread-1] INFO  server.RaftServerConfigKeys (ConfUtils.java:logGet(43)) - raft.server.log.statemachine.data.sync.timeout.retry = -1 (default)
2019-10-18 20:55:17,317 [pool-27-thread-1] INFO  server.RaftServerConfigKeys (ConfUtils.java:logGet(43)) - raft.server.log.statemachine.data.caching.enabled = true (custom)
2019-10-18 20:55:17,318 [pool-27-thread-1] INFO  segmented.SegmentedRaftLogWorker (SegmentedRaftLogWorker.java:lambda$new$0(128)) - a8e8c8af-b52c-4c0a-be8a-5ae927a6c960@group-0E1990C46ECB-SegmentedRaftLogWorker: flushIndex: setUnconditionally 0 -> -1
2019-10-18 20:55:17,318 [pool-27-thread-1] INFO  server.RaftServerConfigKeys (ConfUtils.java:logGet(43)) - raft.server.snapshot.auto.trigger.enabled = true (custom)
2019-10-18 20:55:17,318 [pool-27-thread-1] INFO  server.RaftServerConfigKeys (ConfUtils.java:logGet(43)) - raft.server.snapshot.auto.trigger.threshold = 10000 (custom)
2019-10-18 20:55:17,318 [pool-27-thread-1] INFO  server.RaftServerConfigKeys (ConfUtils.java:logGet(43)) - raft.server.snapshot.retention.file.num = 5 (custom)
2019-10-18 20:55:17,319 [pool-27-thread-1] INFO  server.RaftServerConfigKeys (ConfUtils.java:logGet(43)) - raft.server.retrycache.expirytime = 600000ms (custom)
2019-10-18 20:55:17,319 [pool-27-thread-1] WARN  impl.MetricRegistriesImpl (MetricRegistriesImpl.java:lambda$create$1(61)) - First MetricRegistry has been created without registering reporters. You may need to call MetricRegistries.global().addReportRegistration(...) before.
2019-10-18 20:55:17,319 [pool-27-thread-1] WARN  impl.MetricRegistriesImpl (MetricRegistriesImpl.java:lambda$create$1(61)) - First MetricRegistry has been created without registering reporters. You may need to call MetricRegistries.global().addReportRegistration(...) before.
2019-10-18 20:55:17,319 [pool-27-thread-1] INFO  impl.RaftServerImpl (RaftServerImpl.java:start(184)) - a8e8c8af-b52c-4c0a-be8a-5ae927a6c960@group-0E1990C46ECB: start as a follower, conf=-1: [a8e8c8af-b52c-4c0a-be8a-5ae927a6c960:192.168.69.98:37745], old=null
2019-10-18 20:55:17,319 [pool-27-thread-1] INFO  impl.RaftServerImpl (RaftServerImpl.java:setRole(173)) - a8e8c8af-b52c-4c0a-be8a-5ae927a6c960@group-0E1990C46ECB: changes role from      null to FOLLOWER at term 0 for startAsFollower
2019-10-18 20:55:17,319 [pool-27-thread-1] INFO  impl.RoleInfo (RoleInfo.java:updateAndGet(143)) - a8e8c8af-b52c-4c0a-be8a-5ae927a6c960: start FollowerState
2019-10-18 20:55:17,320 [pool-27-thread-1] INFO  util.JmxRegister (JmxRegister.java:tryRegister(44)) - Successfully registered JMX Bean with object name Ratis:service=RaftServer,group=group-0E1990C46ECB,id=a8e8c8af-b52c-4c0a-be8a-5ae927a6c960
2019-10-18 20:55:17,320 [pool-27-thread-1] WARN  impl.MetricRegistriesImpl (MetricRegistriesImpl.java:lambda$create$1(61)) - First MetricRegistry has been created without registering reporters. You may need to call MetricRegistries.global().addReportRegistration(...) before.
2019-10-18 20:55:17,328 [RatisPipelineUtilsThread] INFO  pipeline.PipelineStateManager (PipelineStateManager.java:addPipeline(55)) - Created pipeline Pipeline[ Id: 19e73e1e-31f0-454d-85ad-0e1990c46ecb, Nodes: a8e8c8af-b52c-4c0a-be8a-5ae927a6c960{ip: 192.168.69.98, host: pr-hdds-1868-rxw48-2170960119, networkLocation: /default-rack, certSerialId: null}, Type:RATIS, Factor:ONE, State:ALLOCATED]
2019-10-18 20:55:17,329 [Thread-178] INFO  pipeline.PipelineStateManager (PipelineStateManager.java:finalizePipeline(121)) - Pipeline Pipeline[ Id: 92a2deea-3fc5-4dce-8870-662d355e62bc, Nodes: a8e8c8af-b52c-4c0a-be8a-5ae927a6c960{ip: 192.168.69.98, host: pr-hdds-1868-rxw48-2170960119, networkLocation: /default-rack, certSerialId: null}03857d94-0829-4b29-a02a-96a6826905c2{ip: 192.168.69.98, host: pr-hdds-1868-rxw48-2170960119, networkLocation: /default-rack, certSerialId: null}b305240d-f12b-4d5b-b01c-ced15363fe88{ip: 192.168.69.98, host: pr-hdds-1868-rxw48-2170960119, networkLocation: /default-rack, certSerialId: null}, Type:RATIS, Factor:THREE, State:CLOSED] moved to CLOSED state
2019-10-18 20:55:17,340 [grpc-default-executor-1] INFO  impl.RaftServerProxy (RaftServerProxy.java:remove(95)) - a8e8c8af-b52c-4c0a-be8a-5ae927a6c960: remove  FOLLOWER a8e8c8af-b52c-4c0a-be8a-5ae927a6c960@group-662D355E62BC:t0, leader=null, voted=null, raftlog=a8e8c8af-b52c-4c0a-be8a-5ae927a6c960@group-662D355E62BC-SegmentedRaftLog:OPENED:c-1,f-1,i0, conf=-1: [a8e8c8af-b52c-4c0a-be8a-5ae927a6c960:192.168.69.98:37745, b305240d-f12b-4d5b-b01c-ced15363fe88:192.168.69.98:46566, 03857d94-0829-4b29-a02a-96a6826905c2:192.168.69.98:37908], old=null RUNNING
2019-10-18 20:55:17,341 [grpc-default-executor-1] INFO  impl.RaftServerImpl (RaftServerImpl.java:lambda$shutdown$3(250)) - a8e8c8af-b52c-4c0a-be8a-5ae927a6c960@group-662D355E62BC: shutdown
2019-10-18 20:55:17,341 [grpc-default-executor-1] INFO  util.JmxRegister (JmxRegister.java:unregister(73)) - Successfully un-registered JMX Bean with object name Ratis:service=RaftServer,group=group-662D355E62BC,id=a8e8c8af-b52c-4c0a-be8a-5ae927a6c960
2019-10-18 20:55:17,341 [grpc-default-executor-1] INFO  impl.RoleInfo (RoleInfo.java:shutdownFollowerState(121)) - a8e8c8af-b52c-4c0a-be8a-5ae927a6c960: shutdown FollowerState
2019-10-18 20:55:17,341 [grpc-default-executor-1] INFO  impl.StateMachineUpdater (StateMachineUpdater.java:stopAndJoin(136)) - a8e8c8af-b52c-4c0a-be8a-5ae927a6c960@group-662D355E62BC-StateMachineUpdater: set stopIndex = -1
2019-10-18 20:55:17,341 [Thread-192] INFO  impl.FollowerState (FollowerState.java:run(120)) - a8e8c8af-b52c-4c0a-be8a-5ae927a6c960@group-662D355E62BC-FollowerState was interrupted: java.lang.InterruptedException: sleep interrupted
2019-10-18 20:55:17,342 [grpc-default-executor-1] INFO  impl.RaftServerImpl (ServerState.java:close(387)) - a8e8c8af-b52c-4c0a-be8a-5ae927a6c960@group-662D355E62BC: closes. applyIndex: -1
2019-10-18 20:55:17,343 [a8e8c8af-b52c-4c0a-be8a-5ae927a6c960@group-662D355E62BC-SegmentedRaftLogWorker] INFO  segmented.SegmentedRaftLogWorker (SegmentedRaftLogWorker.java:run(316)) - a8e8c8af-b52c-4c0a-be8a-5ae927a6c960@group-662D355E62BC-SegmentedRaftLogWorker was interrupted, exiting. There are 0 tasks remaining in the queue.
2019-10-18 20:55:17,344 [grpc-default-executor-1] INFO  segmented.SegmentedRaftLogWorker (SegmentedRaftLogWorker.java:close(224)) - a8e8c8af-b52c-4c0a-be8a-5ae927a6c960@group-662D355E62BC-SegmentedRaftLogWorker close()
2019-10-18 20:55:17,363 [grpc-default-executor-1] INFO  impl.RaftServerProxy (RaftServerProxy.java:remove(95)) - 03857d94-0829-4b29-a02a-96a6826905c2: remove  FOLLOWER 03857d94-0829-4b29-a02a-96a6826905c2@group-662D355E62BC:t0, leader=null, voted=null, raftlog=03857d94-0829-4b29-a02a-96a6826905c2@group-662D355E62BC-SegmentedRaftLog:OPENED:c-1,f-1,i0, conf=-1: [a8e8c8af-b52c-4c0a-be8a-5ae927a6c960:192.168.69.98:37745, b305240d-f12b-4d5b-b01c-ced15363fe88:192.168.69.98:46566, 03857d94-0829-4b29-a02a-96a6826905c2:192.168.69.98:37908], old=null RUNNING
2019-10-18 20:55:17,363 [grpc-default-executor-1] INFO  impl.RaftServerImpl (RaftServerImpl.java:lambda$shutdown$3(250)) - 03857d94-0829-4b29-a02a-96a6826905c2@group-662D355E62BC: shutdown
2019-10-18 20:55:17,363 [grpc-default-executor-1] INFO  util.JmxRegister (JmxRegister.java:unregister(73)) - Successfully un-registered JMX Bean with object name Ratis:service=RaftServer,group=group-662D355E62BC,id=03857d94-0829-4b29-a02a-96a6826905c2
2019-10-18 20:55:17,364 [grpc-default-executor-1] INFO  impl.RoleInfo (RoleInfo.java:shutdownFollowerState(121)) - 03857d94-0829-4b29-a02a-96a6826905c2: shutdown FollowerState
2019-10-18 20:55:17,364 [grpc-default-executor-1] INFO  impl.StateMachineUpdater (StateMachineUpdater.java:stopAndJoin(136)) - 03857d94-0829-4b29-a02a-96a6826905c2@group-662D355E62BC-StateMachineUpdater: set stopIndex = -1
2019-10-18 20:55:17,364 [Thread-193] INFO  impl.FollowerState (FollowerState.java:run(120)) - 03857d94-0829-4b29-a02a-96a6826905c2@group-662D355E62BC-FollowerState was interrupted: java.lang.InterruptedException: sleep interrupted
2019-10-18 20:55:17,365 [grpc-default-executor-1] INFO  impl.RaftServerImpl (ServerState.java:close(387)) - 03857d94-0829-4b29-a02a-96a6826905c2@group-662D355E62BC: closes. applyIndex: -1
2019-10-18 20:55:17,366 [03857d94-0829-4b29-a02a-96a6826905c2@group-662D355E62BC-SegmentedRaftLogWorker] INFO  segmented.SegmentedRaftLogWorker (SegmentedRaftLogWorker.java:run(316)) - 03857d94-0829-4b29-a02a-96a6826905c2@group-662D355E62BC-SegmentedRaftLogWorker was interrupted, exiting. There are 0 tasks remaining in the queue.
2019-10-18 20:55:17,366 [grpc-default-executor-1] INFO  segmented.SegmentedRaftLogWorker (SegmentedRaftLogWorker.java:close(224)) - 03857d94-0829-4b29-a02a-96a6826905c2@group-662D355E62BC-SegmentedRaftLogWorker close()
2019-10-18 20:55:17,388 [grpc-default-executor-1] INFO  impl.RaftServerProxy (RaftServerProxy.java:remove(95)) - b305240d-f12b-4d5b-b01c-ced15363fe88: remove  FOLLOWER b305240d-f12b-4d5b-b01c-ced15363fe88@group-662D355E62BC:t0, leader=null, voted=null, raftlog=b305240d-f12b-4d5b-b01c-ced15363fe88@group-662D355E62BC-SegmentedRaftLog:OPENED:c-1,f-1,i0, conf=-1: [a8e8c8af-b52c-4c0a-be8a-5ae927a6c960:192.168.69.98:37745, b305240d-f12b-4d5b-b01c-ced15363fe88:192.168.69.98:46566, 03857d94-0829-4b29-a02a-96a6826905c2:192.168.69.98:37908], old=null RUNNING
2019-10-18 20:55:17,388 [grpc-default-executor-1] INFO  impl.RaftServerImpl (RaftServerImpl.java:lambda$shutdown$3(250)) - b305240d-f12b-4d5b-b01c-ced15363fe88@group-662D355E62BC: shutdown
2019-10-18 20:55:17,388 [grpc-default-executor-1] INFO  util.JmxRegister (JmxRegister.java:unregister(73)) - Successfully un-registered JMX Bean with object name Ratis:service=RaftServer,group=group-662D355E62BC,id=b305240d-f12b-4d5b-b01c-ced15363fe88
2019-10-18 20:55:17,388 [grpc-default-executor-1] INFO  impl.RoleInfo (RoleInfo.java:shutdownFollowerState(121)) - b305240d-f12b-4d5b-b01c-ced15363fe88: shutdown FollowerState
2019-10-18 20:55:17,388 [grpc-default-executor-1] INFO  impl.StateMachineUpdater (StateMachineUpdater.java:stopAndJoin(136)) - b305240d-f12b-4d5b-b01c-ced15363fe88@group-662D355E62BC-StateMachineUpdater: set stopIndex = -1
2019-10-18 20:55:17,388 [Thread-191] INFO  impl.FollowerState (FollowerState.java:run(120)) - b305240d-f12b-4d5b-b01c-ced15363fe88@group-662D355E62BC-FollowerState was interrupted: java.lang.InterruptedException: sleep interrupted
2019-10-18 20:55:17,389 [grpc-default-executor-1] INFO  impl.RaftServerImpl (ServerState.java:close(387)) - b305240d-f12b-4d5b-b01c-ced15363fe88@group-662D355E62BC: closes. applyIndex: -1
2019-10-18 20:55:17,390 [b305240d-f12b-4d5b-b01c-ced15363fe88@group-662D355E62BC-SegmentedRaftLogWorker] INFO  segmented.SegmentedRaftLogWorker (SegmentedRaftLogWorker.java:run(316)) - b305240d-f12b-4d5b-b01c-ced15363fe88@group-662D355E62BC-SegmentedRaftLogWorker was interrupted, exiting. There are 0 tasks remaining in the queue.
2019-10-18 20:55:17,390 [grpc-default-executor-1] INFO  segmented.SegmentedRaftLogWorker (SegmentedRaftLogWorker.java:close(224)) - b305240d-f12b-4d5b-b01c-ced15363fe88@group-662D355E62BC-SegmentedRaftLogWorker close()
2019-10-18 20:55:17,401 [Thread-178] INFO  pipeline.PipelineStateManager (PipelineStateManager.java:removePipeline(106)) - Pipeline Pipeline[ Id: 92a2deea-3fc5-4dce-8870-662d355e62bc, Nodes: a8e8c8af-b52c-4c0a-be8a-5ae927a6c960{ip: 192.168.69.98, host: pr-hdds-1868-rxw48-2170960119, networkLocation: /default-rack, certSerialId: null}03857d94-0829-4b29-a02a-96a6826905c2{ip: 192.168.69.98, host: pr-hdds-1868-rxw48-2170960119, networkLocation: /default-rack, certSerialId: null}b305240d-f12b-4d5b-b01c-ced15363fe88{ip: 192.168.69.98, host: pr-hdds-1868-rxw48-2170960119, networkLocation: /default-rack, certSerialId: null}, Type:RATIS, Factor:THREE, State:CLOSED] removed from db
2019-10-18 20:55:17,422 [grpc-default-executor-1] INFO  impl.RaftServerProxy (RaftServerProxy.java:addNew(89)) - a8e8c8af-b52c-4c0a-be8a-5ae927a6c960: addNew group-D0D30A56F006:[a8e8c8af-b52c-4c0a-be8a-5ae927a6c960:192.168.69.98:37745, b305240d-f12b-4d5b-b01c-ced15363fe88:192.168.69.98:46566, 03857d94-0829-4b29-a02a-96a6826905c2:192.168.69.98:37908] returns group-D0D30A56F006:java.util.concurrent.CompletableFuture@57452558[Not completed]
2019-10-18 20:55:17,422 [grpc-default-executor-0] INFO  impl.RaftServerProxy (RaftServerProxy.java:addNew(89)) - b305240d-f12b-4d5b-b01c-ced15363fe88: addNew group-D0D30A56F006:[a8e8c8af-b52c-4c0a-be8a-5ae927a6c960:192.168.69.98:37745, b305240d-f12b-4d5b-b01c-ced15363fe88:192.168.69.98:46566, 03857d94-0829-4b29-a02a-96a6826905c2:192.168.69.98:37908] returns group-D0D30A56F006:java.util.concurrent.CompletableFuture@f00de5[Not completed]
2019-10-18 20:55:17,422 [grpc-default-executor-2] INFO  impl.RaftServerProxy (RaftServerProxy.java:addNew(89)) - 03857d94-0829-4b29-a02a-96a6826905c2: addNew group-D0D30A56F006:[a8e8c8af-b52c-4c0a-be8a-5ae927a6c960:192.168.69.98:37745, b305240d-f12b-4d5b-b01c-ced15363fe88:192.168.69.98:46566, 03857d94-0829-4b29-a02a-96a6826905c2:192.168.69.98:37908] returns group-D0D30A56F006:java.util.concurrent.CompletableFuture@58fa15c6[Not completed]
2019-10-18 20:55:17,425 [pool-47-thread-1] INFO  impl.RaftServerImpl (RaftServerImpl.java:<init>(98)) - 03857d94-0829-4b29-a02a-96a6826905c2: new RaftServerImpl for group-D0D30A56F006:[a8e8c8af-b52c-4c0a-be8a-5ae927a6c960:192.168.69.98:37745, b305240d-f12b-4d5b-b01c-ced15363fe88:192.168.69.98:46566, 03857d94-0829-4b29-a02a-96a6826905c2:192.168.69.98:37908] with ContainerStateMachine:uninitialized
2019-10-18 20:55:17,425 [pool-47-thread-1] INFO  server.RaftServerConfigKeys (ConfUtils.java:logGet(43)) - raft.server.rpc.timeout.min = 5s (custom)
2019-10-18 20:55:17,426 [pool-47-thread-1] INFO  server.RaftServerConfigKeys (ConfUtils.java:logGet(43)) - raft.server.rpc.timeout.max = 5200ms (custom)
2019-10-18 20:55:17,426 [pool-47-thread-1] INFO  server.RaftServerConfigKeys (ConfUtils.java:logGet(43)) - raft.server.rpcslowness.timeout = 120s (custom)
2019-10-18 20:55:17,426 [pool-47-thread-1] INFO  server.RaftServerConfigKeys (ConfUtils.java:logGet(43)) - raft.server.sleep.deviation.threshold = 300 (default)
2019-10-18 20:55:17,426 [pool-47-thread-1] INFO  server.RaftServerConfigKeys (ConfUtils.java:logGet(43)) - raft.server.log.appender.install.snapshot.enabled = false (custom)
2019-10-18 20:55:17,426 [pool-47-thread-1] INFO  impl.RaftServerImpl (ServerState.java:<init>(103)) - 03857d94-0829-4b29-a02a-96a6826905c2@group-D0D30A56F006: ConfigurationManager, init=-1: [a8e8c8af-b52c-4c0a-be8a-5ae927a6c960:192.168.69.98:37745, b305240d-f12b-4d5b-b01c-ced15363fe88:192.168.69.98:46566, 03857d94-0829-4b29-a02a-96a6826905c2:192.168.69.98:37908], old=null, confs=<EMPTY_MAP>
2019-10-18 20:55:17,426 [pool-47-thread-1] INFO  server.RaftServerConfigKeys (ConfUtils.java:logGet(43)) - raft.server.storage.dir = [/workdir/hadoop-ozone/tools/target/test-dir/MiniOzoneClusterImpl-7ffb0c6d-bf6f-42b9-8db5-48ab626f9bc5/datanode-2/data/ratis] (custom)
2019-10-18 20:55:17,427 [pool-47-thread-1] INFO  server.RaftServerConfigKeys (ConfUtils.java:logGet(43)) - raft.server.log.corruption.policy = EXCEPTION (default)
2019-10-18 20:55:17,427 [pool-47-thread-1] INFO  storage.RaftStorageDirectory (RaftStorageDirectory.java:analyzeStorage(246)) - The storage directory /workdir/hadoop-ozone/tools/target/test-dir/MiniOzoneClusterImpl-7ffb0c6d-bf6f-42b9-8db5-48ab626f9bc5/datanode-2/data/ratis/5da8e90e-25af-4037-9ddc-d0d30a56f006 does not exist. Creating ...
2019-10-18 20:55:17,427 [pool-37-thread-1] INFO  impl.RaftServerImpl (RaftServerImpl.java:<init>(98)) - b305240d-f12b-4d5b-b01c-ced15363fe88: new RaftServerImpl for group-D0D30A56F006:[a8e8c8af-b52c-4c0a-be8a-5ae927a6c960:192.168.69.98:37745, b305240d-f12b-4d5b-b01c-ced15363fe88:192.168.69.98:46566, 03857d94-0829-4b29-a02a-96a6826905c2:192.168.69.98:37908] with ContainerStateMachine:uninitialized
2019-10-18 20:55:17,427 [pool-37-thread-1] INFO  server.RaftServerConfigKeys (ConfUtils.java:logGet(43)) - raft.server.rpc.timeout.min = 5s (custom)
2019-10-18 20:55:17,427 [pool-37-thread-1] INFO  server.RaftServerConfigKeys (ConfUtils.java:logGet(43)) - raft.server.rpc.timeout.max = 5200ms (custom)
2019-10-18 20:55:17,427 [pool-37-thread-1] INFO  server.RaftServerConfigKeys (ConfUtils.java:logGet(43)) - raft.server.rpcslowness.timeout = 120s (custom)
2019-10-18 20:55:17,428 [pool-27-thread-1] INFO  impl.RaftServerImpl (RaftServerImpl.java:<init>(98)) - a8e8c8af-b52c-4c0a-be8a-5ae927a6c960: new RaftServerImpl for group-D0D30A56F006:[a8e8c8af-b52c-4c0a-be8a-5ae927a6c960:192.168.69.98:37745, b305240d-f12b-4d5b-b01c-ced15363fe88:192.168.69.98:46566, 03857d94-0829-4b29-a02a-96a6826905c2:192.168.69.98:37908] with ContainerStateMachine:uninitialized
2019-10-18 20:55:17,428 [pool-37-thread-1] INFO  server.RaftServerConfigKeys (ConfUtils.java:logGet(43)) - raft.server.sleep.deviation.threshold = 300 (default)
2019-10-18 20:55:17,428 [pool-27-thread-1] INFO  server.RaftServerConfigKeys (ConfUtils.java:logGet(43)) - raft.server.rpc.timeout.min = 5s (custom)
2019-10-18 20:55:17,428 [pool-37-thread-1] INFO  server.RaftServerConfigKeys (ConfUtils.java:logGet(43)) - raft.server.log.appender.install.snapshot.enabled = false (custom)
2019-10-18 20:55:17,428 [pool-27-thread-1] INFO  server.RaftServerConfigKeys (ConfUtils.java:logGet(43)) - raft.server.rpc.timeout.max = 5200ms (custom)
2019-10-18 20:55:17,428 [pool-37-thread-1] INFO  impl.RaftServerImpl (ServerState.java:<init>(103)) - b305240d-f12b-4d5b-b01c-ced15363fe88@group-D0D30A56F006: ConfigurationManager, init=-1: [a8e8c8af-b52c-4c0a-be8a-5ae927a6c960:192.168.69.98:37745, b305240d-f12b-4d5b-b01c-ced15363fe88:192.168.69.98:46566, 03857d94-0829-4b29-a02a-96a6826905c2:192.168.69.98:37908], old=null, confs=<EMPTY_MAP>
2019-10-18 20:55:17,428 [pool-27-thread-1] INFO  server.RaftServerConfigKeys (ConfUtils.java:logGet(43)) - raft.server.rpcslowness.timeout = 120s (custom)
2019-10-18 20:55:17,428 [pool-27-thread-1] INFO  server.RaftServerConfigKeys (ConfUtils.java:logGet(43)) - raft.server.sleep.deviation.threshold = 300 (default)
2019-10-18 20:55:17,428 [pool-37-thread-1] INFO  server.RaftServerConfigKeys (ConfUtils.java:logGet(43)) - raft.server.storage.dir = [/workdir/hadoop-ozone/tools/target/test-dir/MiniOzoneClusterImpl-7ffb0c6d-bf6f-42b9-8db5-48ab626f9bc5/datanode-1/data/ratis] (custom)
2019-10-18 20:55:17,428 [pool-27-thread-1] INFO  server.RaftServerConfigKeys (ConfUtils.java:logGet(43)) - raft.server.log.appender.install.snapshot.enabled = false (custom)
2019-10-18 20:55:17,429 [pool-27-thread-1] INFO  impl.RaftServerImpl (ServerState.java:<init>(103)) - a8e8c8af-b52c-4c0a-be8a-5ae927a6c960@group-D0D30A56F006: ConfigurationManager, init=-1: [a8e8c8af-b52c-4c0a-be8a-5ae927a6c960:192.168.69.98:37745, b305240d-f12b-4d5b-b01c-ced15363fe88:192.168.69.98:46566, 03857d94-0829-4b29-a02a-96a6826905c2:192.168.69.98:37908], old=null, confs=<EMPTY_MAP>
2019-10-18 20:55:17,429 [pool-37-thread-1] INFO  server.RaftServerConfigKeys (ConfUtils.java:logGet(43)) - raft.server.log.corruption.policy = EXCEPTION (default)
2019-10-18 20:55:17,429 [pool-27-thread-1] INFO  server.RaftServerConfigKeys (ConfUtils.java:logGet(43)) - raft.server.storage.dir = [/workdir/hadoop-ozone/tools/target/test-dir/MiniOzoneClusterImpl-7ffb0c6d-bf6f-42b9-8db5-48ab626f9bc5/datanode-0/data/ratis] (custom)
2019-10-18 20:55:17,429 [pool-37-thread-1] INFO  storage.RaftStorageDirectory (RaftStorageDirectory.java:analyzeStorage(246)) - The storage directory /workdir/hadoop-ozone/tools/target/test-dir/MiniOzoneClusterImpl-7ffb0c6d-bf6f-42b9-8db5-48ab626f9bc5/datanode-1/data/ratis/5da8e90e-25af-4037-9ddc-d0d30a56f006 does not exist. Creating ...
2019-10-18 20:55:17,429 [pool-27-thread-1] INFO  server.RaftServerConfigKeys (ConfUtils.java:logGet(43)) - raft.server.log.corruption.policy = EXCEPTION (default)
2019-10-18 20:55:17,429 [pool-27-thread-1] INFO  storage.RaftStorageDirectory (RaftStorageDirectory.java:analyzeStorage(246)) - The storage directory /workdir/hadoop-ozone/tools/target/test-dir/MiniOzoneClusterImpl-7ffb0c6d-bf6f-42b9-8db5-48ab626f9bc5/datanode-0/data/ratis/5da8e90e-25af-4037-9ddc-d0d30a56f006 does not exist. Creating ...
2019-10-18 20:55:17,441 [pool-47-thread-1] INFO  storage.RaftStorageDirectory (RaftStorageDirectory.java:tryLock(328)) - Lock on /workdir/hadoop-ozone/tools/target/test-dir/MiniOzoneClusterImpl-7ffb0c6d-bf6f-42b9-8db5-48ab626f9bc5/datanode-2/data/ratis/5da8e90e-25af-4037-9ddc-d0d30a56f006/in_use.lock acquired by nodename 10793@pr-hdds-1868-rxw48-2170960119
2019-10-18 20:55:17,441 [pool-37-thread-1] INFO  storage.RaftStorageDirectory (RaftStorageDirectory.java:tryLock(328)) - Lock on /workdir/hadoop-ozone/tools/target/test-dir/MiniOzoneClusterImpl-7ffb0c6d-bf6f-42b9-8db5-48ab626f9bc5/datanode-1/data/ratis/5da8e90e-25af-4037-9ddc-d0d30a56f006/in_use.lock acquired by nodename 10793@pr-hdds-1868-rxw48-2170960119
2019-10-18 20:55:17,441 [pool-27-thread-1] INFO  storage.RaftStorageDirectory (RaftStorageDirectory.java:tryLock(328)) - Lock on /workdir/hadoop-ozone/tools/target/test-dir/MiniOzoneClusterImpl-7ffb0c6d-bf6f-42b9-8db5-48ab626f9bc5/datanode-0/data/ratis/5da8e90e-25af-4037-9ddc-d0d30a56f006/in_use.lock acquired by nodename 10793@pr-hdds-1868-rxw48-2170960119
2019-10-18 20:55:17,454 [pool-47-thread-1] INFO  storage.RaftStorage (RaftStorage.java:format(84)) - Storage directory /workdir/hadoop-ozone/tools/target/test-dir/MiniOzoneClusterImpl-7ffb0c6d-bf6f-42b9-8db5-48ab626f9bc5/datanode-2/data/ratis/5da8e90e-25af-4037-9ddc-d0d30a56f006 has been successfully formatted.
2019-10-18 20:55:17,454 [pool-37-thread-1] INFO  storage.RaftStorage (RaftStorage.java:format(84)) - Storage directory /workdir/hadoop-ozone/tools/target/test-dir/MiniOzoneClusterImpl-7ffb0c6d-bf6f-42b9-8db5-48ab626f9bc5/datanode-1/data/ratis/5da8e90e-25af-4037-9ddc-d0d30a56f006 has been successfully formatted.
2019-10-18 20:55:17,454 [pool-27-thread-1] INFO  storage.RaftStorage (RaftStorage.java:format(84)) - Storage directory /workdir/hadoop-ozone/tools/target/test-dir/MiniOzoneClusterImpl-7ffb0c6d-bf6f-42b9-8db5-48ab626f9bc5/datanode-0/data/ratis/5da8e90e-25af-4037-9ddc-d0d30a56f006 has been successfully formatted.
2019-10-18 20:55:17,455 [pool-47-thread-1] INFO  ratis.ContainerStateMachine (ContainerStateMachine.java:loadSnapshot(233)) - group-D0D30A56F006: The snapshot info is null. Setting the last applied indexto:(t:0, i:~)
2019-10-18 20:55:17,455 [pool-37-thread-1] INFO  ratis.ContainerStateMachine (ContainerStateMachine.java:loadSnapshot(233)) - group-D0D30A56F006: The snapshot info is null. Setting the last applied indexto:(t:0, i:~)
2019-10-18 20:55:17,455 [pool-27-thread-1] INFO  ratis.ContainerStateMachine (ContainerStateMachine.java:loadSnapshot(233)) - group-D0D30A56F006: The snapshot info is null. Setting the last applied indexto:(t:0, i:~)
2019-10-18 20:55:17,455 [pool-47-thread-1] INFO  server.RaftServerConfigKeys (ConfUtils.java:logGet(43)) - raft.server.notification.no-leader.timeout = 120s (custom)
2019-10-18 20:55:17,455 [pool-27-thread-1] INFO  server.RaftServerConfigKeys (ConfUtils.java:logGet(43)) - raft.server.notification.no-leader.timeout = 120s (custom)
2019-10-18 20:55:17,455 [pool-37-thread-1] INFO  server.RaftServerConfigKeys (ConfUtils.java:logGet(43)) - raft.server.notification.no-leader.timeout = 120s (custom)
2019-10-18 20:55:17,455 [pool-27-thread-1] INFO  server.RaftServerConfigKeys (ConfUtils.java:logGet(43)) - raft.server.log.use.memory = false (default)
2019-10-18 20:55:17,455 [pool-47-thread-1] INFO  server.RaftServerConfigKeys (ConfUtils.java:logGet(43)) - raft.server.log.use.memory = false (default)
2019-10-18 20:55:17,456 [pool-27-thread-1] INFO  server.RaftServerConfigKeys (ConfUtils.java:logGet(43)) - raft.server.log.purge.gap = 1000000 (custom)
2019-10-18 20:55:17,455 [pool-37-thread-1] INFO  server.RaftServerConfigKeys (ConfUtils.java:logGet(43)) - raft.server.log.use.memory = false (default)
2019-10-18 20:55:17,456 [pool-27-thread-1] INFO  server.RaftServerConfigKeys (ConfUtils.java:logGet(43)) - raft.server.log.appender.buffer.byte-limit = 33554432 (custom)
2019-10-18 20:55:17,456 [pool-47-thread-1] INFO  server.RaftServerConfigKeys (ConfUtils.java:logGet(43)) - raft.server.log.purge.gap = 1000000 (custom)
2019-10-18 20:55:17,456 [pool-27-thread-1] INFO  server.RaftServerConfigKeys (ConfUtils.java:logGet(43)) - raft.server.log.segment.size.max = 1048576 (custom)
2019-10-18 20:55:17,456 [pool-37-thread-1] INFO  server.RaftServerConfigKeys (ConfUtils.java:logGet(43)) - raft.server.log.purge.gap = 1000000 (custom)
2019-10-18 20:55:17,456 [pool-27-thread-1] INFO  server.RaftServerConfigKeys (ConfUtils.java:logGet(43)) - raft.server.log.segment.cache.num.max = 2 (custom)
2019-10-18 20:55:17,456 [pool-47-thread-1] INFO  server.RaftServerConfigKeys (ConfUtils.java:logGet(43)) - raft.server.log.appender.buffer.byte-limit = 33554432 (custom)
2019-10-18 20:55:17,456 [pool-27-thread-1] INFO  segmented.SegmentedRaftLogWorker (SegmentedRaftLogWorker.java:<init>(173)) - new a8e8c8af-b52c-4c0a-be8a-5ae927a6c960@group-D0D30A56F006-SegmentedRaftLogWorker for RaftStorage:Storage Directory /workdir/hadoop-ozone/tools/target/test-dir/MiniOzoneClusterImpl-7ffb0c6d-bf6f-42b9-8db5-48ab626f9bc5/datanode-0/data/ratis/5da8e90e-25af-4037-9ddc-d0d30a56f006
2019-10-18 20:55:17,456 [pool-37-thread-1] INFO  server.RaftServerConfigKeys (ConfUtils.java:logGet(43)) - raft.server.log.appender.buffer.byte-limit = 33554432 (custom)
2019-10-18 20:55:17,456 [pool-27-thread-1] INFO  server.RaftServerConfigKeys (ConfUtils.java:logGet(43)) - raft.server.log.queue.byte-limit = 2147483647 (custom)
2019-10-18 20:55:17,456 [pool-47-thread-1] INFO  server.RaftServerConfigKeys (ConfUtils.java:logGet(43)) - raft.server.log.segment.size.max = 1048576 (custom)
2019-10-18 20:55:17,457 [pool-27-thread-1] INFO  server.RaftServerConfigKeys (ConfUtils.java:logGet(43)) - raft.server.log.queue.element-limit = 1024 (custom)
2019-10-18 20:55:17,457 [pool-37-thread-1] INFO  server.RaftServerConfigKeys (ConfUtils.java:logGet(43)) - raft.server.log.segment.size.max = 1048576 (custom)
2019-10-18 20:55:17,457 [pool-27-thread-1] INFO  server.RaftServerConfigKeys (ConfUtils.java:logGet(43)) - raft.server.log.segment.size.max = 1048576 (custom)
2019-10-18 20:55:17,457 [pool-47-thread-1] INFO  server.RaftServerConfigKeys (ConfUtils.java:logGet(43)) - raft.server.log.segment.cache.num.max = 2 (custom)
2019-10-18 20:55:17,457 [pool-27-thread-1] INFO  server.RaftServerConfigKeys (ConfUtils.java:logGet(43)) - raft.server.log.preallocated.size = 16384 (custom)
2019-10-18 20:55:17,457 [pool-47-thread-1] INFO  segmented.SegmentedRaftLogWorker (SegmentedRaftLogWorker.java:<init>(173)) - new 03857d94-0829-4b29-a02a-96a6826905c2@group-D0D30A56F006-SegmentedRaftLogWorker for RaftStorage:Storage Directory /workdir/hadoop-ozone/tools/target/test-dir/MiniOzoneClusterImpl-7ffb0c6d-bf6f-42b9-8db5-48ab626f9bc5/datanode-2/data/ratis/5da8e90e-25af-4037-9ddc-d0d30a56f006
2019-10-18 20:55:17,457 [pool-37-thread-1] INFO  server.RaftServerConfigKeys (ConfUtils.java:logGet(43)) - raft.server.log.segment.cache.num.max = 2 (custom)
2019-10-18 20:55:17,458 [pool-47-thread-1] INFO  server.RaftServerConfigKeys (ConfUtils.java:logGet(43)) - raft.server.log.queue.byte-limit = 2147483647 (custom)
2019-10-18 20:55:17,457 [pool-27-thread-1] INFO  server.RaftServerConfigKeys (ConfUtils.java:logGet(43)) - raft.server.log.write.buffer.size = 33554432 (custom)
2019-10-18 20:55:17,458 [pool-47-thread-1] INFO  server.RaftServerConfigKeys (ConfUtils.java:logGet(43)) - raft.server.log.queue.element-limit = 1024 (custom)
2019-10-18 20:55:17,458 [pool-37-thread-1] INFO  segmented.SegmentedRaftLogWorker (SegmentedRaftLogWorker.java:<init>(173)) - new b305240d-f12b-4d5b-b01c-ced15363fe88@group-D0D30A56F006-SegmentedRaftLogWorker for RaftStorage:Storage Directory /workdir/hadoop-ozone/tools/target/test-dir/MiniOzoneClusterImpl-7ffb0c6d-bf6f-42b9-8db5-48ab626f9bc5/datanode-1/data/ratis/5da8e90e-25af-4037-9ddc-d0d30a56f006
2019-10-18 20:55:17,458 [pool-47-thread-1] INFO  server.RaftServerConfigKeys (ConfUtils.java:logGet(43)) - raft.server.log.segment.size.max = 1048576 (custom)
2019-10-18 20:55:17,458 [pool-27-thread-1] INFO  server.RaftServerConfigKeys (ConfUtils.java:logGet(43)) - raft.server.log.force.sync.num = 128 (default)
2019-10-18 20:55:17,458 [pool-47-thread-1] INFO  server.RaftServerConfigKeys (ConfUtils.java:logGet(43)) - raft.server.log.preallocated.size = 16384 (custom)
2019-10-18 20:55:17,458 [pool-37-thread-1] INFO  server.RaftServerConfigKeys (ConfUtils.java:logGet(43)) - raft.server.log.queue.byte-limit = 2147483647 (custom)
2019-10-18 20:55:17,458 [pool-47-thread-1] INFO  server.RaftServerConfigKeys (ConfUtils.java:logGet(43)) - raft.server.log.write.buffer.size = 33554432 (custom)
2019-10-18 20:55:17,458 [pool-27-thread-1] INFO  server.RaftServerConfigKeys (ConfUtils.java:logGet(43)) - raft.server.log.statemachine.data.sync = true (default)
2019-10-18 20:55:17,459 [pool-47-thread-1] INFO  server.RaftServerConfigKeys (ConfUtils.java:logGet(43)) - raft.server.log.force.sync.num = 128 (default)
2019-10-18 20:55:17,459 [pool-37-thread-1] INFO  server.RaftServerConfigKeys (ConfUtils.java:logGet(43)) - raft.server.log.queue.element-limit = 1024 (custom)
2019-10-18 20:55:17,459 [pool-47-thread-1] INFO  server.RaftServerConfigKeys (ConfUtils.java:logGet(43)) - raft.server.log.statemachine.data.sync = true (default)
2019-10-18 20:55:17,459 [pool-27-thread-1] INFO  server.RaftServerConfigKeys (ConfUtils.java:logGet(43)) - raft.server.log.statemachine.data.sync.timeout = 10s (default)
2019-10-18 20:55:17,459 [pool-47-thread-1] INFO  server.RaftServerConfigKeys (ConfUtils.java:logGet(43)) - raft.server.log.statemachine.data.sync.timeout = 10s (default)
2019-10-18 20:55:17,459 [pool-37-thread-1] INFO  server.RaftServerConfigKeys (ConfUtils.java:logGet(43)) - raft.server.log.segment.size.max = 1048576 (custom)
2019-10-18 20:55:17,459 [pool-47-thread-1] INFO  server.RaftServerConfigKeys (ConfUtils.java:logGet(43)) - raft.server.log.statemachine.data.sync.timeout.retry = -1 (default)
2019-10-18 20:55:17,459 [pool-27-thread-1] INFO  server.RaftServerConfigKeys (ConfUtils.java:logGet(43)) - raft.server.log.statemachine.data.sync.timeout.retry = -1 (default)
2019-10-18 20:55:17,460 [pool-37-thread-1] INFO  server.RaftServerConfigKeys (ConfUtils.java:logGet(43)) - raft.server.log.preallocated.size = 16384 (custom)
2019-10-18 20:55:17,460 [pool-47-thread-1] INFO  server.RaftServerConfigKeys (ConfUtils.java:logGet(43)) - raft.server.log.statemachine.data.caching.enabled = true (custom)
2019-10-18 20:55:17,460 [pool-37-thread-1] INFO  server.RaftServerConfigKeys (ConfUtils.java:logGet(43)) - raft.server.log.write.buffer.size = 33554432 (custom)
2019-10-18 20:55:17,460 [pool-27-thread-1] INFO  server.RaftServerConfigKeys (ConfUtils.java:logGet(43)) - raft.server.log.statemachine.data.caching.enabled = true (custom)
2019-10-18 20:55:17,460 [pool-37-thread-1] INFO  server.RaftServerConfigKeys (ConfUtils.java:logGet(43)) - raft.server.log.force.sync.num = 128 (default)
2019-10-18 20:55:17,460 [pool-47-thread-1] INFO  segmented.SegmentedRaftLogWorker (SegmentedRaftLogWorker.java:lambda$new$0(128)) - 03857d94-0829-4b29-a02a-96a6826905c2@group-D0D30A56F006-SegmentedRaftLogWorker: flushIndex: setUnconditionally 0 -> -1
2019-10-18 20:55:17,460 [pool-37-thread-1] INFO  server.RaftServerConfigKeys (ConfUtils.java:logGet(43)) - raft.server.log.statemachine.data.sync = true (default)
2019-10-18 20:55:17,461 [pool-27-thread-1] INFO  segmented.SegmentedRaftLogWorker (SegmentedRaftLogWorker.java:lambda$new$0(128)) - a8e8c8af-b52c-4c0a-be8a-5ae927a6c960@group-D0D30A56F006-SegmentedRaftLogWorker: flushIndex: setUnconditionally 0 -> -1
2019-10-18 20:55:17,461 [pool-47-thread-1] INFO  server.RaftServerConfigKeys (ConfUtils.java:logGet(43)) - raft.server.snapshot.auto.trigger.enabled = true (custom)
2019-10-18 20:55:17,461 [pool-47-thread-1] INFO  server.RaftServerConfigKeys (ConfUtils.java:logGet(43)) - raft.server.snapshot.auto.trigger.threshold = 10000 (custom)
2019-10-18 20:55:17,461 [pool-37-thread-1] INFO  server.RaftServerConfigKeys (ConfUtils.java:logGet(43)) - raft.server.log.statemachine.data.sync.timeout = 10s (default)
2019-10-18 20:55:17,461 [pool-47-thread-1] INFO  server.RaftServerConfigKeys (ConfUtils.java:logGet(43)) - raft.server.snapshot.retention.file.num = 5 (custom)
2019-10-18 20:55:17,461 [pool-27-thread-1] INFO  server.RaftServerConfigKeys (ConfUtils.java:logGet(43)) - raft.server.snapshot.auto.trigger.enabled = true (custom)
2019-10-18 20:55:17,461 [pool-37-thread-1] INFO  server.RaftServerConfigKeys (ConfUtils.java:logGet(43)) - raft.server.log.statemachine.data.sync.timeout.retry = -1 (default)
2019-10-18 20:55:17,461 [pool-47-thread-1] INFO  server.RaftServerConfigKeys (ConfUtils.java:logGet(43)) - raft.server.retrycache.expirytime = 600000ms (custom)
2019-10-18 20:55:17,461 [pool-27-thread-1] INFO  server.RaftServerConfigKeys (ConfUtils.java:logGet(43)) - raft.server.snapshot.auto.trigger.threshold = 10000 (custom)
2019-10-18 20:55:17,462 [pool-37-thread-1] INFO  server.RaftServerConfigKeys (ConfUtils.java:logGet(43)) - raft.server.log.statemachine.data.caching.enabled = true (custom)
2019-10-18 20:55:17,462 [pool-47-thread-1] WARN  impl.MetricRegistriesImpl (MetricRegistriesImpl.java:lambda$create$1(61)) - First MetricRegistry has been created without registering reporters. You may need to call MetricRegistries.global().addReportRegistration(...) before.
2019-10-18 20:55:17,462 [pool-27-thread-1] INFO  server.RaftServerConfigKeys (ConfUtils.java:logGet(43)) - raft.server.snapshot.retention.file.num = 5 (custom)
2019-10-18 20:55:17,462 [pool-47-thread-1] WARN  impl.MetricRegistriesImpl (MetricRegistriesImpl.java:lambda$create$1(61)) - First MetricRegistry has been created without registering reporters. You may need to call MetricRegistries.global().addReportRegistration(...) before.
2019-10-18 20:55:17,462 [pool-27-thread-1] INFO  server.RaftServerConfigKeys (ConfUtils.java:logGet(43)) - raft.server.retrycache.expirytime = 600000ms (custom)
2019-10-18 20:55:17,462 [pool-37-thread-1] INFO  segmented.SegmentedRaftLogWorker (SegmentedRaftLogWorker.java:lambda$new$0(128)) - b305240d-f12b-4d5b-b01c-ced15363fe88@group-D0D30A56F006-SegmentedRaftLogWorker: flushIndex: setUnconditionally 0 -> -1
2019-10-18 20:55:17,462 [pool-27-thread-1] WARN  impl.MetricRegistriesImpl (MetricRegistriesImpl.java:lambda$create$1(61)) - First MetricRegistry has been created without registering reporters. You may need to call MetricRegistries.global().addReportRegistration(...) before.
2019-10-18 20:55:17,462 [pool-47-thread-1] INFO  impl.RaftServerImpl (RaftServerImpl.java:start(184)) - 03857d94-0829-4b29-a02a-96a6826905c2@group-D0D30A56F006: start as a follower, conf=-1: [a8e8c8af-b52c-4c0a-be8a-5ae927a6c960:192.168.69.98:37745, b305240d-f12b-4d5b-b01c-ced15363fe88:192.168.69.98:46566, 03857d94-0829-4b29-a02a-96a6826905c2:192.168.69.98:37908], old=null
2019-10-18 20:55:17,463 [pool-27-thread-1] WARN  impl.MetricRegistriesImpl (MetricRegistriesImpl.java:lambda$create$1(61)) - First MetricRegistry has been created without registering reporters. You may need to call MetricRegistries.global().addReportRegistration(...) before.
2019-10-18 20:55:17,463 [pool-47-thread-1] INFO  impl.RaftServerImpl (RaftServerImpl.java:setRole(173)) - 03857d94-0829-4b29-a02a-96a6826905c2@group-D0D30A56F006: changes role from      null to FOLLOWER at term 0 for startAsFollower
2019-10-18 20:55:17,463 [pool-37-thread-1] INFO  server.RaftServerConfigKeys (ConfUtils.java:logGet(43)) - raft.server.snapshot.auto.trigger.enabled = true (custom)
2019-10-18 20:55:17,463 [pool-47-thread-1] INFO  impl.RoleInfo (RoleInfo.java:updateAndGet(143)) - 03857d94-0829-4b29-a02a-96a6826905c2: start FollowerState
2019-10-18 20:55:17,463 [pool-27-thread-1] INFO  impl.RaftServerImpl (RaftServerImpl.java:start(184)) - a8e8c8af-b52c-4c0a-be8a-5ae927a6c960@group-D0D30A56F006: start as a follower, conf=-1: [a8e8c8af-b52c-4c0a-be8a-5ae927a6c960:192.168.69.98:37745, b305240d-f12b-4d5b-b01c-ced15363fe88:192.168.69.98:46566, 03857d94-0829-4b29-a02a-96a6826905c2:192.168.69.98:37908], old=null
2019-10-18 20:55:17,463 [pool-37-thread-1] INFO  server.RaftServerConfigKeys (ConfUtils.java:logGet(43)) - raft.server.snapshot.auto.trigger.threshold = 10000 (custom)
2019-10-18 20:55:17,463 [pool-27-thread-1] INFO  impl.RaftServerImpl (RaftServerImpl.java:setRole(173)) - a8e8c8af-b52c-4c0a-be8a-5ae927a6c960@group-D0D30A56F006: changes role from      null to FOLLOWER at term 0 for startAsFollower
2019-10-18 20:55:17,463 [pool-37-thread-1] INFO  server.RaftServerConfigKeys (ConfUtils.java:logGet(43)) - raft.server.snapshot.retention.file.num = 5 (custom)
2019-10-18 20:55:17,463 [pool-27-thread-1] INFO  impl.RoleInfo (RoleInfo.java:updateAndGet(143)) - a8e8c8af-b52c-4c0a-be8a-5ae927a6c960: start FollowerState
2019-10-18 20:55:17,463 [pool-47-thread-1] INFO  util.JmxRegister (JmxRegister.java:tryRegister(44)) - Successfully registered JMX Bean with object name Ratis:service=RaftServer,group=group-D0D30A56F006,id=03857d94-0829-4b29-a02a-96a6826905c2
2019-10-18 20:55:17,464 [pool-37-thread-1] INFO  server.RaftServerConfigKeys (ConfUtils.java:logGet(43)) - raft.server.retrycache.expirytime = 600000ms (custom)
2019-10-18 20:55:17,464 [pool-47-thread-1] WARN  impl.MetricRegistriesImpl (MetricRegistriesImpl.java:lambda$create$1(61)) - First MetricRegistry has been created without registering reporters. You may need to call MetricRegistries.global().addReportRegistration(...) before.
2019-10-18 20:55:17,464 [pool-37-thread-1] WARN  impl.MetricRegistriesImpl (MetricRegistriesImpl.java:lambda$create$1(61)) - First MetricRegistry has been created without registering reporters. You may need to call MetricRegistries.global().addReportRegistration(...) before.
2019-10-18 20:55:17,464 [pool-27-thread-1] INFO  util.JmxRegister (JmxRegister.java:tryRegister(44)) - Successfully registered JMX Bean with object name Ratis:service=RaftServer,group=group-D0D30A56F006,id=a8e8c8af-b52c-4c0a-be8a-5ae927a6c960
2019-10-18 20:55:17,464 [pool-37-thread-1] WARN  impl.MetricRegistriesImpl (MetricRegistriesImpl.java:lambda$create$1(61)) - First MetricRegistry has been created without registering reporters. You may need to call MetricRegistries.global().addReportRegistration(...) before.
2019-10-18 20:55:17,464 [pool-27-thread-1] WARN  impl.MetricRegistriesImpl (MetricRegistriesImpl.java:lambda$create$1(61)) - First MetricRegistry has been created without registering reporters. You may need to call MetricRegistries.global().addReportRegistration(...) before.
2019-10-18 20:55:17,464 [pool-37-thread-1] INFO  impl.RaftServerImpl (RaftServerImpl.java:start(184)) - b305240d-f12b-4d5b-b01c-ced15363fe88@group-D0D30A56F006: start as a follower, conf=-1: [a8e8c8af-b52c-4c0a-be8a-5ae927a6c960:192.168.69.98:37745, b305240d-f12b-4d5b-b01c-ced15363fe88:192.168.69.98:46566, 03857d94-0829-4b29-a02a-96a6826905c2:192.168.69.98:37908], old=null
2019-10-18 20:55:17,464 [pool-37-thread-1] INFO  impl.RaftServerImpl (RaftServerImpl.java:setRole(173)) - b305240d-f12b-4d5b-b01c-ced15363fe88@group-D0D30A56F006: changes role from      null to FOLLOWER at term 0 for startAsFollower
2019-10-18 20:55:17,465 [pool-37-thread-1] INFO  impl.RoleInfo (RoleInfo.java:updateAndGet(143)) - b305240d-f12b-4d5b-b01c-ced15363fe88: start FollowerState
2019-10-18 20:55:17,465 [pool-37-thread-1] INFO  util.JmxRegister (JmxRegister.java:tryRegister(44)) - Successfully registered JMX Bean with object name Ratis:service=RaftServer,group=group-D0D30A56F006,id=b305240d-f12b-4d5b-b01c-ced15363fe88
2019-10-18 20:55:17,465 [pool-37-thread-1] WARN  impl.MetricRegistriesImpl (MetricRegistriesImpl.java:lambda$create$1(61)) - First MetricRegistry has been created without registering reporters. You may need to call MetricRegistries.global().addReportRegistration(...) before.
2019-10-18 20:55:17,471 [RatisPipelineUtilsThread] INFO  pipeline.PipelineStateManager (PipelineStateManager.java:addPipeline(55)) - Created pipeline Pipeline[ Id: 5da8e90e-25af-4037-9ddc-d0d30a56f006, Nodes: a8e8c8af-b52c-4c0a-be8a-5ae927a6c960{ip: 192.168.69.98, host: pr-hdds-1868-rxw48-2170960119, networkLocation: /default-rack, certSerialId: null}03857d94-0829-4b29-a02a-96a6826905c2{ip: 192.168.69.98, host: pr-hdds-1868-rxw48-2170960119, networkLocation: /default-rack, certSerialId: null}b305240d-f12b-4d5b-b01c-ced15363fe88{ip: 192.168.69.98, host: pr-hdds-1868-rxw48-2170960119, networkLocation: /default-rack, certSerialId: null}, Type:RATIS, Factor:THREE, State:ALLOCATED]
2019-10-18 20:55:17,984 [main] INFO  ozone.MiniOzoneClusterImpl (MiniOzoneClusterImpl.java:lambda$waitForClusterToBeReady$2(164)) - Waiting for 4 number of pipelines out of 4, to report a leader.
2019-10-18 20:55:18,984 [main] INFO  ozone.MiniOzoneClusterImpl (MiniOzoneClusterImpl.java:lambda$waitForClusterToBeReady$2(164)) - Waiting for 4 number of pipelines out of 4, to report a leader.
2019-10-18 20:55:19,985 [main] INFO  ozone.MiniOzoneClusterImpl (MiniOzoneClusterImpl.java:lambda$waitForClusterToBeReady$2(164)) - Waiting for 4 number of pipelines out of 4, to report a leader.
2019-10-18 20:55:20,986 [main] INFO  ozone.MiniOzoneClusterImpl (MiniOzoneClusterImpl.java:lambda$waitForClusterToBeReady$2(164)) - Waiting for 4 number of pipelines out of 4, to report a leader.
2019-10-18 20:55:21,986 [main] INFO  ozone.MiniOzoneClusterImpl (MiniOzoneClusterImpl.java:lambda$waitForClusterToBeReady$2(164)) - Waiting for 4 number of pipelines out of 4, to report a leader.
2019-10-18 20:55:22,305 [Thread-204] INFO  impl.FollowerState (FollowerState.java:run(111)) - b305240d-f12b-4d5b-b01c-ced15363fe88@group-FD335178CF0A-FollowerState: change to CANDIDATE, lastRpcTime:5068ms, electionTimeout:5068ms
2019-10-18 20:55:22,309 [Thread-204] INFO  impl.RoleInfo (RoleInfo.java:shutdownFollowerState(121)) - b305240d-f12b-4d5b-b01c-ced15363fe88: shutdown FollowerState
2019-10-18 20:55:22,309 [Thread-204] INFO  impl.RaftServerImpl (RaftServerImpl.java:setRole(173)) - b305240d-f12b-4d5b-b01c-ced15363fe88@group-FD335178CF0A: changes role from  FOLLOWER to CANDIDATE at term 0 for changeToCandidate
2019-10-18 20:55:22,314 [Thread-204] INFO  impl.RoleInfo (RoleInfo.java:updateAndGet(143)) - b305240d-f12b-4d5b-b01c-ced15363fe88: start LeaderElection
2019-10-18 20:55:22,330 [b305240d-f12b-4d5b-b01c-ced15363fe88@group-FD335178CF0A-LeaderElection1] INFO  impl.LeaderElection (LeaderElection.java:askForVotes(178)) - b305240d-f12b-4d5b-b01c-ced15363fe88@group-FD335178CF0A-LeaderElection1: begin an election at term 1 for -1: [b305240d-f12b-4d5b-b01c-ced15363fe88:192.168.69.98:46566], old=null
2019-10-18 20:55:22,331 [b305240d-f12b-4d5b-b01c-ced15363fe88@group-FD335178CF0A-LeaderElection1] INFO  impl.RoleInfo (RoleInfo.java:shutdownLeaderElection(134)) - b305240d-f12b-4d5b-b01c-ced15363fe88: shutdown LeaderElection
2019-10-18 20:55:22,332 [b305240d-f12b-4d5b-b01c-ced15363fe88@group-FD335178CF0A-LeaderElection1] INFO  impl.RaftServerImpl (RaftServerImpl.java:setRole(173)) - b305240d-f12b-4d5b-b01c-ced15363fe88@group-FD335178CF0A: changes role from CANDIDATE to LEADER at term 1 for changeToLeader
2019-10-18 20:55:22,332 [b305240d-f12b-4d5b-b01c-ced15363fe88@group-FD335178CF0A-LeaderElection1] INFO  ratis.XceiverServerRatis (XceiverServerRatis.java:handleLeaderChangedNotification(699)) - Leader change notification received for group: group-FD335178CF0A with new leaderId: b305240d-f12b-4d5b-b01c-ced15363fe88
2019-10-18 20:55:22,337 [b305240d-f12b-4d5b-b01c-ced15363fe88@group-FD335178CF0A-LeaderElection1] INFO  impl.RaftServerImpl (ServerState.java:setLeader(255)) - b305240d-f12b-4d5b-b01c-ced15363fe88@group-FD335178CF0A: change Leader from null to b305240d-f12b-4d5b-b01c-ced15363fe88 at term 1 for becomeLeader, leader elected after 5101ms
2019-10-18 20:55:22,342 [b305240d-f12b-4d5b-b01c-ced15363fe88@group-FD335178CF0A-LeaderElection1] INFO  server.RaftServerConfigKeys (ConfUtils.java:logGet(43)) - raft.server.staging.catchup.gap = 1000 (default)
2019-10-18 20:55:22,343 [b305240d-f12b-4d5b-b01c-ced15363fe88@group-FD335178CF0A-LeaderElection1] INFO  server.RaftServerConfigKeys (ConfUtils.java:logGet(43)) - raft.server.rpc.sleep.time = 25ms (default)
2019-10-18 20:55:22,347 [b305240d-f12b-4d5b-b01c-ced15363fe88@group-FD335178CF0A-LeaderElection1] INFO  server.RaftServerConfigKeys (ConfUtils.java:logGet(43)) - raft.server.write.element-limit = 4096 (default)
2019-10-18 20:55:22,347 [Thread-201] INFO  impl.FollowerState (FollowerState.java:run(111)) - 03857d94-0829-4b29-a02a-96a6826905c2@group-C59AA75E3192-FollowerState: change to CANDIDATE, lastRpcTime:5168ms, electionTimeout:5168ms
2019-10-18 20:55:22,348 [Thread-201] INFO  impl.RoleInfo (RoleInfo.java:shutdownFollowerState(121)) - 03857d94-0829-4b29-a02a-96a6826905c2: shutdown FollowerState
2019-10-18 20:55:22,348 [Thread-201] INFO  impl.RaftServerImpl (RaftServerImpl.java:setRole(173)) - 03857d94-0829-4b29-a02a-96a6826905c2@group-C59AA75E3192: changes role from  FOLLOWER to CANDIDATE at term 0 for changeToCandidate
2019-10-18 20:55:22,348 [Thread-201] INFO  impl.RoleInfo (RoleInfo.java:updateAndGet(143)) - 03857d94-0829-4b29-a02a-96a6826905c2: start LeaderElection
2019-10-18 20:55:22,353 [b305240d-f12b-4d5b-b01c-ced15363fe88@group-FD335178CF0A-LeaderElection1] INFO  server.RaftServerConfigKeys (ConfUtils.java:logGet(43)) - raft.server.watch.timeout = 10s (default)
2019-10-18 20:55:22,353 [b305240d-f12b-4d5b-b01c-ced15363fe88@group-FD335178CF0A-LeaderElection1] INFO  server.RaftServerConfigKeys (ConfUtils.java:logGet(43)) - raft.server.watch.timeout.denomination = 1s (default)
2019-10-18 20:55:22,354 [b305240d-f12b-4d5b-b01c-ced15363fe88@group-FD335178CF0A-LeaderElection1] INFO  server.RaftServerConfigKeys (ConfUtils.java:logGet(43)) - raft.server.watch.element-limit = 65536 (default)
2019-10-18 20:55:22,356 [EventQueue-PipelineReportForPipelineReportHandler] INFO  pipeline.PipelineReportHandler (PipelineReportHandler.java:processPipelineReport(119)) - Pipeline PipelineID=5da8e90e-25af-4037-9ddc-d0d30a56f006 reported by b305240d-f12b-4d5b-b01c-ced15363fe88{ip: 192.168.69.98, host: pr-hdds-1868-rxw48-2170960119, networkLocation: /default-rack, certSerialId: null} with leaderId 
2019-10-18 20:55:22,356 [EventQueue-PipelineReportForPipelineReportHandler] INFO  pipeline.PipelineReportHandler (PipelineReportHandler.java:processPipelineReport(119)) - Pipeline PipelineID=f57e6e53-475a-4114-80e9-fd335178cf0a reported by b305240d-f12b-4d5b-b01c-ced15363fe88{ip: 192.168.69.98, host: pr-hdds-1868-rxw48-2170960119, networkLocation: /default-rack, certSerialId: null} with leaderId b305240d-f12b-4d5b-b01c-ced15363fe88
2019-10-18 20:55:22,361 [EventQueue-PipelineReportForPipelineReportHandler] INFO  pipeline.PipelineStateManager (PipelineStateManager.java:openPipeline(134)) - Pipeline Pipeline[ Id: f57e6e53-475a-4114-80e9-fd335178cf0a, Nodes: b305240d-f12b-4d5b-b01c-ced15363fe88{ip: 192.168.69.98, host: pr-hdds-1868-rxw48-2170960119, networkLocation: /default-rack, certSerialId: null}, Type:RATIS, Factor:ONE, State:OPEN] moved to OPEN state
2019-10-18 20:55:22,361 [b305240d-f12b-4d5b-b01c-ced15363fe88@group-FD335178CF0A-LeaderElection1] INFO  impl.RoleInfo (RoleInfo.java:updateAndGet(143)) - b305240d-f12b-4d5b-b01c-ced15363fe88: start LeaderState
2019-10-18 20:55:22,363 [03857d94-0829-4b29-a02a-96a6826905c2@group-C59AA75E3192-LeaderElection2] INFO  impl.LeaderElection (LeaderElection.java:askForVotes(178)) - 03857d94-0829-4b29-a02a-96a6826905c2@group-C59AA75E3192-LeaderElection2: begin an election at term 1 for -1: [03857d94-0829-4b29-a02a-96a6826905c2:192.168.69.98:37908], old=null
2019-10-18 20:55:22,364 [03857d94-0829-4b29-a02a-96a6826905c2@group-C59AA75E3192-LeaderElection2] INFO  impl.RoleInfo (RoleInfo.java:shutdownLeaderElection(134)) - 03857d94-0829-4b29-a02a-96a6826905c2: shutdown LeaderElection
2019-10-18 20:55:22,365 [03857d94-0829-4b29-a02a-96a6826905c2@group-C59AA75E3192-LeaderElection2] INFO  impl.RaftServerImpl (RaftServerImpl.java:setRole(173)) - 03857d94-0829-4b29-a02a-96a6826905c2@group-C59AA75E3192: changes role from CANDIDATE to LEADER at term 1 for changeToLeader
2019-10-18 20:55:22,365 [03857d94-0829-4b29-a02a-96a6826905c2@group-C59AA75E3192-LeaderElection2] INFO  ratis.XceiverServerRatis (XceiverServerRatis.java:handleLeaderChangedNotification(699)) - Leader change notification received for group: group-C59AA75E3192 with new leaderId: 03857d94-0829-4b29-a02a-96a6826905c2
2019-10-18 20:55:22,366 [03857d94-0829-4b29-a02a-96a6826905c2@group-C59AA75E3192-LeaderElection2] INFO  impl.RaftServerImpl (ServerState.java:setLeader(255)) - 03857d94-0829-4b29-a02a-96a6826905c2@group-C59AA75E3192: change Leader from null to 03857d94-0829-4b29-a02a-96a6826905c2 at term 1 for becomeLeader, leader elected after 5191ms
2019-10-18 20:55:22,366 [03857d94-0829-4b29-a02a-96a6826905c2@group-C59AA75E3192-LeaderElection2] INFO  server.RaftServerConfigKeys (ConfUtils.java:logGet(43)) - raft.server.staging.catchup.gap = 1000 (default)
2019-10-18 20:55:22,366 [03857d94-0829-4b29-a02a-96a6826905c2@group-C59AA75E3192-LeaderElection2] INFO  server.RaftServerConfigKeys (ConfUtils.java:logGet(43)) - raft.server.rpc.sleep.time = 25ms (default)
2019-10-18 20:55:22,366 [03857d94-0829-4b29-a02a-96a6826905c2@group-C59AA75E3192-LeaderElection2] INFO  server.RaftServerConfigKeys (ConfUtils.java:logGet(43)) - raft.server.write.element-limit = 4096 (default)
2019-10-18 20:55:22,366 [03857d94-0829-4b29-a02a-96a6826905c2@group-C59AA75E3192-LeaderElection2] INFO  server.RaftServerConfigKeys (ConfUtils.java:logGet(43)) - raft.server.watch.timeout = 10s (default)
2019-10-18 20:55:22,367 [03857d94-0829-4b29-a02a-96a6826905c2@group-C59AA75E3192-LeaderElection2] INFO  server.RaftServerConfigKeys (ConfUtils.java:logGet(43)) - raft.server.watch.timeout.denomination = 1s (default)
2019-10-18 20:55:22,367 [03857d94-0829-4b29-a02a-96a6826905c2@group-C59AA75E3192-LeaderElection2] INFO  server.RaftServerConfigKeys (ConfUtils.java:logGet(43)) - raft.server.watch.element-limit = 65536 (default)
2019-10-18 20:55:22,368 [03857d94-0829-4b29-a02a-96a6826905c2@group-C59AA75E3192-LeaderElection2] INFO  impl.RoleInfo (RoleInfo.java:updateAndGet(143)) - 03857d94-0829-4b29-a02a-96a6826905c2: start LeaderState
2019-10-18 20:55:22,368 [EventQueue-PipelineReportForPipelineReportHandler] INFO  pipeline.PipelineReportHandler (PipelineReportHandler.java:processPipelineReport(119)) - Pipeline PipelineID=5da8e90e-25af-4037-9ddc-d0d30a56f006 reported by 03857d94-0829-4b29-a02a-96a6826905c2{ip: 192.168.69.98, host: pr-hdds-1868-rxw48-2170960119, networkLocation: /default-rack, certSerialId: null} with leaderId 
2019-10-18 20:55:22,368 [EventQueue-PipelineReportForPipelineReportHandler] INFO  pipeline.PipelineReportHandler (PipelineReportHandler.java:processPipelineReport(119)) - Pipeline PipelineID=c568f8b6-564b-46ed-8645-c59aa75e3192 reported by 03857d94-0829-4b29-a02a-96a6826905c2{ip: 192.168.69.98, host: pr-hdds-1868-rxw48-2170960119, networkLocation: /default-rack, certSerialId: null} with leaderId 03857d94-0829-4b29-a02a-96a6826905c2
2019-10-18 20:55:22,369 [EventQueue-PipelineReportForPipelineReportHandler] INFO  pipeline.PipelineStateManager (PipelineStateManager.java:openPipeline(134)) - Pipeline Pipeline[ Id: c568f8b6-564b-46ed-8645-c59aa75e3192, Nodes: 03857d94-0829-4b29-a02a-96a6826905c2{ip: 192.168.69.98, host: pr-hdds-1868-rxw48-2170960119, networkLocation: /default-rack, certSerialId: null}, Type:RATIS, Factor:ONE, State:OPEN] moved to OPEN state
2019-10-18 20:55:22,380 [b305240d-f12b-4d5b-b01c-ced15363fe88@group-FD335178CF0A-LeaderElection1] INFO  segmented.SegmentedRaftLogWorker (SegmentedRaftLogWorker.java:startLogSegment(385)) - b305240d-f12b-4d5b-b01c-ced15363fe88@group-FD335178CF0A-SegmentedRaftLogWorker: Starting segment from index:0
2019-10-18 20:55:22,380 [03857d94-0829-4b29-a02a-96a6826905c2@group-C59AA75E3192-LeaderElection2] INFO  segmented.SegmentedRaftLogWorker (SegmentedRaftLogWorker.java:startLogSegment(385)) - 03857d94-0829-4b29-a02a-96a6826905c2@group-C59AA75E3192-SegmentedRaftLogWorker: Starting segment from index:0
2019-10-18 20:55:22,389 [b305240d-f12b-4d5b-b01c-ced15363fe88@group-FD335178CF0A-LeaderElection1] INFO  impl.RaftServerImpl (ServerState.java:setRaftConf(356)) - b305240d-f12b-4d5b-b01c-ced15363fe88@group-FD335178CF0A: set configuration 0: [b305240d-f12b-4d5b-b01c-ced15363fe88:192.168.69.98:46566], old=null at 0
2019-10-18 20:55:22,390 [03857d94-0829-4b29-a02a-96a6826905c2@group-C59AA75E3192-LeaderElection2] INFO  impl.RaftServerImpl (ServerState.java:setRaftConf(356)) - 03857d94-0829-4b29-a02a-96a6826905c2@group-C59AA75E3192: set configuration 0: [03857d94-0829-4b29-a02a-96a6826905c2:192.168.69.98:37908], old=null at 0
2019-10-18 20:55:22,396 [Thread-208] INFO  impl.FollowerState (FollowerState.java:run(111)) - a8e8c8af-b52c-4c0a-be8a-5ae927a6c960@group-0E1990C46ECB-FollowerState: change to CANDIDATE, lastRpcTime:5076ms, electionTimeout:5076ms
2019-10-18 20:55:22,396 [Thread-208] INFO  impl.RoleInfo (RoleInfo.java:shutdownFollowerState(121)) - a8e8c8af-b52c-4c0a-be8a-5ae927a6c960: shutdown FollowerState
2019-10-18 20:55:22,396 [Thread-208] INFO  impl.RaftServerImpl (RaftServerImpl.java:setRole(173)) - a8e8c8af-b52c-4c0a-be8a-5ae927a6c960@group-0E1990C46ECB: changes role from  FOLLOWER to CANDIDATE at term 0 for changeToCandidate
2019-10-18 20:55:22,396 [Thread-208] INFO  impl.RoleInfo (RoleInfo.java:updateAndGet(143)) - a8e8c8af-b52c-4c0a-be8a-5ae927a6c960: start LeaderElection
2019-10-18 20:55:22,411 [a8e8c8af-b52c-4c0a-be8a-5ae927a6c960@group-0E1990C46ECB-LeaderElection3] INFO  impl.LeaderElection (LeaderElection.java:askForVotes(178)) - a8e8c8af-b52c-4c0a-be8a-5ae927a6c960@group-0E1990C46ECB-LeaderElection3: begin an election at term 1 for -1: [a8e8c8af-b52c-4c0a-be8a-5ae927a6c960:192.168.69.98:37745], old=null
2019-10-18 20:55:22,411 [a8e8c8af-b52c-4c0a-be8a-5ae927a6c960@group-0E1990C46ECB-LeaderElection3] INFO  impl.RoleInfo (RoleInfo.java:shutdownLeaderElection(134)) - a8e8c8af-b52c-4c0a-be8a-5ae927a6c960: shutdown LeaderElection
2019-10-18 20:55:22,411 [a8e8c8af-b52c-4c0a-be8a-5ae927a6c960@group-0E1990C46ECB-LeaderElection3] INFO  impl.RaftServerImpl (RaftServerImpl.java:setRole(173)) - a8e8c8af-b52c-4c0a-be8a-5ae927a6c960@group-0E1990C46ECB: changes role from CANDIDATE to LEADER at term 1 for changeToLeader
2019-10-18 20:55:22,412 [a8e8c8af-b52c-4c0a-be8a-5ae927a6c960@group-0E1990C46ECB-LeaderElection3] INFO  ratis.XceiverServerRatis (XceiverServerRatis.java:handleLeaderChangedNotification(699)) - Leader change notification received for group: group-0E1990C46ECB with new leaderId: a8e8c8af-b52c-4c0a-be8a-5ae927a6c960
2019-10-18 20:55:22,412 [a8e8c8af-b52c-4c0a-be8a-5ae927a6c960@group-0E1990C46ECB-LeaderElection3] INFO  impl.RaftServerImpl (ServerState.java:setLeader(255)) - a8e8c8af-b52c-4c0a-be8a-5ae927a6c960@group-0E1990C46ECB: change Leader from null to a8e8c8af-b52c-4c0a-be8a-5ae927a6c960 at term 1 for becomeLeader, leader elected after 5096ms
2019-10-18 20:55:22,412 [a8e8c8af-b52c-4c0a-be8a-5ae927a6c960@group-0E1990C46ECB-LeaderElection3] INFO  server.RaftServerConfigKeys (ConfUtils.java:logGet(43)) - raft.server.staging.catchup.gap = 1000 (default)
2019-10-18 20:55:22,413 [a8e8c8af-b52c-4c0a-be8a-5ae927a6c960@group-0E1990C46ECB-LeaderElection3] INFO  server.RaftServerConfigKeys (ConfUtils.java:logGet(43)) - raft.server.rpc.sleep.time = 25ms (default)
2019-10-18 20:55:22,413 [a8e8c8af-b52c-4c0a-be8a-5ae927a6c960@group-0E1990C46ECB-LeaderElection3] INFO  server.RaftServerConfigKeys (ConfUtils.java:logGet(43)) - raft.server.write.element-limit = 4096 (default)
2019-10-18 20:55:22,413 [a8e8c8af-b52c-4c0a-be8a-5ae927a6c960@group-0E1990C46ECB-LeaderElection3] INFO  server.RaftServerConfigKeys (ConfUtils.java:logGet(43)) - raft.server.watch.timeout = 10s (default)
2019-10-18 20:55:22,413 [a8e8c8af-b52c-4c0a-be8a-5ae927a6c960@group-0E1990C46ECB-LeaderElection3] INFO  server.RaftServerConfigKeys (ConfUtils.java:logGet(43)) - raft.server.watch.timeout.denomination = 1s (default)
2019-10-18 20:55:22,414 [a8e8c8af-b52c-4c0a-be8a-5ae927a6c960@group-0E1990C46ECB-LeaderElection3] INFO  server.RaftServerConfigKeys (ConfUtils.java:logGet(43)) - raft.server.watch.element-limit = 65536 (default)
2019-10-18 20:55:22,414 [a8e8c8af-b52c-4c0a-be8a-5ae927a6c960@group-0E1990C46ECB-LeaderElection3] INFO  impl.RoleInfo (RoleInfo.java:updateAndGet(143)) - a8e8c8af-b52c-4c0a-be8a-5ae927a6c960: start LeaderState
2019-10-18 20:55:22,414 [a8e8c8af-b52c-4c0a-be8a-5ae927a6c960@group-0E1990C46ECB-LeaderElection3] INFO  segmented.SegmentedRaftLogWorker (SegmentedRaftLogWorker.java:startLogSegment(385)) - a8e8c8af-b52c-4c0a-be8a-5ae927a6c960@group-0E1990C46ECB-SegmentedRaftLogWorker: Starting segment from index:0
2019-10-18 20:55:22,415 [EventQueue-PipelineReportForPipelineReportHandler] INFO  pipeline.PipelineReportHandler (PipelineReportHandler.java:processPipelineReport(119)) - Pipeline PipelineID=5da8e90e-25af-4037-9ddc-d0d30a56f006 reported by a8e8c8af-b52c-4c0a-be8a-5ae927a6c960{ip: 192.168.69.98, host: pr-hdds-1868-rxw48-2170960119, networkLocation: /default-rack, certSerialId: null} with leaderId 
2019-10-18 20:55:22,415 [a8e8c8af-b52c-4c0a-be8a-5ae927a6c960@group-0E1990C46ECB-LeaderElection3] INFO  impl.RaftServerImpl (ServerState.java:setRaftConf(356)) - a8e8c8af-b52c-4c0a-be8a-5ae927a6c960@group-0E1990C46ECB: set configuration 0: [a8e8c8af-b52c-4c0a-be8a-5ae927a6c960:192.168.69.98:37745], old=null at 0
2019-10-18 20:55:22,416 [EventQueue-PipelineReportForPipelineReportHandler] INFO  pipeline.PipelineStateManager (PipelineStateManager.java:openPipeline(134)) - Pipeline Pipeline[ Id: 5da8e90e-25af-4037-9ddc-d0d30a56f006, Nodes: a8e8c8af-b52c-4c0a-be8a-5ae927a6c960{ip: 192.168.69.98, host: pr-hdds-1868-rxw48-2170960119, networkLocation: /default-rack, certSerialId: null}03857d94-0829-4b29-a02a-96a6826905c2{ip: 192.168.69.98, host: pr-hdds-1868-rxw48-2170960119, networkLocation: /default-rack, certSerialId: null}b305240d-f12b-4d5b-b01c-ced15363fe88{ip: 192.168.69.98, host: pr-hdds-1868-rxw48-2170960119, networkLocation: /default-rack, certSerialId: null}, Type:RATIS, Factor:THREE, State:OPEN] moved to OPEN state
2019-10-18 20:55:22,416 [EventQueue-PipelineReportForPipelineReportHandler] INFO  pipeline.PipelineReportHandler (PipelineReportHandler.java:processPipelineReport(119)) - Pipeline PipelineID=19e73e1e-31f0-454d-85ad-0e1990c46ecb reported by a8e8c8af-b52c-4c0a-be8a-5ae927a6c960{ip: 192.168.69.98, host: pr-hdds-1868-rxw48-2170960119, networkLocation: /default-rack, certSerialId: null} with leaderId a8e8c8af-b52c-4c0a-be8a-5ae927a6c960
2019-10-18 20:55:22,416 [EventQueue-PipelineReportForPipelineReportHandler] INFO  pipeline.PipelineStateManager (PipelineStateManager.java:openPipeline(134)) - Pipeline Pipeline[ Id: 19e73e1e-31f0-454d-85ad-0e1990c46ecb, Nodes: a8e8c8af-b52c-4c0a-be8a-5ae927a6c960{ip: 192.168.69.98, host: pr-hdds-1868-rxw48-2170960119, networkLocation: /default-rack, certSerialId: null}, Type:RATIS, Factor:ONE, State:OPEN] moved to OPEN state
2019-10-18 20:55:22,539 [b305240d-f12b-4d5b-b01c-ced15363fe88@group-FD335178CF0A-SegmentedRaftLogWorker] INFO  segmented.SegmentedRaftLogWorker (SegmentedRaftLogWorker.java:execute(576)) - b305240d-f12b-4d5b-b01c-ced15363fe88@group-FD335178CF0A-SegmentedRaftLogWorker: created new log segment /workdir/hadoop-ozone/tools/target/test-dir/MiniOzoneClusterImpl-7ffb0c6d-bf6f-42b9-8db5-48ab626f9bc5/datanode-1/data/ratis/f57e6e53-475a-4114-80e9-fd335178cf0a/current/log_inprogress_0
2019-10-18 20:55:22,539 [a8e8c8af-b52c-4c0a-be8a-5ae927a6c960@group-0E1990C46ECB-SegmentedRaftLogWorker] INFO  segmented.SegmentedRaftLogWorker (SegmentedRaftLogWorker.java:execute(576)) - a8e8c8af-b52c-4c0a-be8a-5ae927a6c960@group-0E1990C46ECB-SegmentedRaftLogWorker: created new log segment /workdir/hadoop-ozone/tools/target/test-dir/MiniOzoneClusterImpl-7ffb0c6d-bf6f-42b9-8db5-48ab626f9bc5/datanode-0/data/ratis/19e73e1e-31f0-454d-85ad-0e1990c46ecb/current/log_inprogress_0
2019-10-18 20:55:22,539 [03857d94-0829-4b29-a02a-96a6826905c2@group-C59AA75E3192-SegmentedRaftLogWorker] INFO  segmented.SegmentedRaftLogWorker (SegmentedRaftLogWorker.java:execute(576)) - 03857d94-0829-4b29-a02a-96a6826905c2@group-C59AA75E3192-SegmentedRaftLogWorker: created new log segment /workdir/hadoop-ozone/tools/target/test-dir/MiniOzoneClusterImpl-7ffb0c6d-bf6f-42b9-8db5-48ab626f9bc5/datanode-2/data/ratis/c568f8b6-564b-46ed-8645-c59aa75e3192/current/log_inprogress_0
2019-10-18 20:55:22,585 [Thread-216] INFO  impl.FollowerState (FollowerState.java:run(111)) - a8e8c8af-b52c-4c0a-be8a-5ae927a6c960@group-D0D30A56F006-FollowerState: change to CANDIDATE, lastRpcTime:5121ms, electionTimeout:5121ms
2019-10-18 20:55:22,585 [Thread-216] INFO  impl.RoleInfo (RoleInfo.java:shutdownFollowerState(121)) - a8e8c8af-b52c-4c0a-be8a-5ae927a6c960: shutdown FollowerState
2019-10-18 20:55:22,585 [Thread-216] INFO  impl.RaftServerImpl (RaftServerImpl.java:setRole(173)) - a8e8c8af-b52c-4c0a-be8a-5ae927a6c960@group-D0D30A56F006: changes role from  FOLLOWER to CANDIDATE at term 0 for changeToCandidate
2019-10-18 20:55:22,586 [Thread-216] INFO  impl.RoleInfo (RoleInfo.java:updateAndGet(143)) - a8e8c8af-b52c-4c0a-be8a-5ae927a6c960: start LeaderElection
2019-10-18 20:55:22,605 [a8e8c8af-b52c-4c0a-be8a-5ae927a6c960@group-D0D30A56F006-LeaderElection4] INFO  impl.LeaderElection (LeaderElection.java:askForVotes(178)) - a8e8c8af-b52c-4c0a-be8a-5ae927a6c960@group-D0D30A56F006-LeaderElection4: begin an election at term 1 for -1: [a8e8c8af-b52c-4c0a-be8a-5ae927a6c960:192.168.69.98:37745, b305240d-f12b-4d5b-b01c-ced15363fe88:192.168.69.98:46566, 03857d94-0829-4b29-a02a-96a6826905c2:192.168.69.98:37908], old=null
2019-10-18 20:55:22,617 [Thread-220] INFO  impl.FollowerState (FollowerState.java:run(111)) - b305240d-f12b-4d5b-b01c-ced15363fe88@group-D0D30A56F006-FollowerState: change to CANDIDATE, lastRpcTime:5152ms, electionTimeout:5152ms
2019-10-18 20:55:22,617 [Thread-220] INFO  impl.RoleInfo (RoleInfo.java:shutdownFollowerState(121)) - b305240d-f12b-4d5b-b01c-ced15363fe88: shutdown FollowerState
2019-10-18 20:55:22,618 [Thread-220] INFO  impl.RaftServerImpl (RaftServerImpl.java:setRole(173)) - b305240d-f12b-4d5b-b01c-ced15363fe88@group-D0D30A56F006: changes role from  FOLLOWER to CANDIDATE at term 0 for changeToCandidate
2019-10-18 20:55:22,618 [Thread-220] INFO  impl.RoleInfo (RoleInfo.java:updateAndGet(143)) - b305240d-f12b-4d5b-b01c-ced15363fe88: start LeaderElection
2019-10-18 20:55:22,632 [grpc-default-executor-2] INFO  impl.RaftServerImpl (RaftServerImpl.java:setRole(173)) - 03857d94-0829-4b29-a02a-96a6826905c2@group-D0D30A56F006: changes role from  FOLLOWER to FOLLOWER at term 1 for recognizeCandidate:a8e8c8af-b52c-4c0a-be8a-5ae927a6c960
2019-10-18 20:55:22,633 [grpc-default-executor-2] INFO  impl.RoleInfo (RoleInfo.java:shutdownFollowerState(121)) - 03857d94-0829-4b29-a02a-96a6826905c2: shutdown FollowerState
2019-10-18 20:55:22,633 [Thread-215] INFO  impl.FollowerState (FollowerState.java:run(120)) - 03857d94-0829-4b29-a02a-96a6826905c2@group-D0D30A56F006-FollowerState was interrupted: java.lang.InterruptedException: sleep interrupted
2019-10-18 20:55:22,633 [grpc-default-executor-2] INFO  impl.RoleInfo (RoleInfo.java:updateAndGet(143)) - 03857d94-0829-4b29-a02a-96a6826905c2: start FollowerState
2019-10-18 20:55:22,643 [b305240d-f12b-4d5b-b01c-ced15363fe88@group-D0D30A56F006-LeaderElection5] INFO  impl.LeaderElection (LeaderElection.java:askForVotes(178)) - b305240d-f12b-4d5b-b01c-ced15363fe88@group-D0D30A56F006-LeaderElection5: begin an election at term 1 for -1: [a8e8c8af-b52c-4c0a-be8a-5ae927a6c960:192.168.69.98:37745, b305240d-f12b-4d5b-b01c-ced15363fe88:192.168.69.98:46566, 03857d94-0829-4b29-a02a-96a6826905c2:192.168.69.98:37908], old=null
2019-10-18 20:55:22,653 [a8e8c8af-b52c-4c0a-be8a-5ae927a6c960@group-D0D30A56F006-LeaderElection4] INFO  impl.LeaderElection (LeaderElection.java:logAndReturn(56)) - a8e8c8af-b52c-4c0a-be8a-5ae927a6c960@group-D0D30A56F006-LeaderElection4: Election PASSED; received 1 response(s) [a8e8c8af-b52c-4c0a-be8a-5ae927a6c960<-03857d94-0829-4b29-a02a-96a6826905c2#0:OK-t1] and 0 exception(s); a8e8c8af-b52c-4c0a-be8a-5ae927a6c960@group-D0D30A56F006:t1, leader=null, voted=a8e8c8af-b52c-4c0a-be8a-5ae927a6c960, raftlog=a8e8c8af-b52c-4c0a-be8a-5ae927a6c960@group-D0D30A56F006-SegmentedRaftLog:OPENED:c-1,f-1,i0, conf=-1: [a8e8c8af-b52c-4c0a-be8a-5ae927a6c960:192.168.69.98:37745, b305240d-f12b-4d5b-b01c-ced15363fe88:192.168.69.98:46566, 03857d94-0829-4b29-a02a-96a6826905c2:192.168.69.98:37908], old=null
2019-10-18 20:55:22,654 [a8e8c8af-b52c-4c0a-be8a-5ae927a6c960@group-D0D30A56F006-LeaderElection4] INFO  impl.RoleInfo (RoleInfo.java:shutdownLeaderElection(134)) - a8e8c8af-b52c-4c0a-be8a-5ae927a6c960: shutdown LeaderElection
2019-10-18 20:55:22,654 [a8e8c8af-b52c-4c0a-be8a-5ae927a6c960@group-D0D30A56F006-LeaderElection4] INFO  impl.RaftServerImpl (RaftServerImpl.java:setRole(173)) - a8e8c8af-b52c-4c0a-be8a-5ae927a6c960@group-D0D30A56F006: changes role from CANDIDATE to LEADER at term 1 for changeToLeader
2019-10-18 20:55:22,656 [a8e8c8af-b52c-4c0a-be8a-5ae927a6c960@group-D0D30A56F006-LeaderElection4] INFO  ratis.XceiverServerRatis (XceiverServerRatis.java:handleLeaderChangedNotification(699)) - Leader change notification received for group: group-D0D30A56F006 with new leaderId: a8e8c8af-b52c-4c0a-be8a-5ae927a6c960
2019-10-18 20:55:22,657 [a8e8c8af-b52c-4c0a-be8a-5ae927a6c960@group-D0D30A56F006-LeaderElection4] INFO  impl.RaftServerImpl (ServerState.java:setLeader(255)) - a8e8c8af-b52c-4c0a-be8a-5ae927a6c960@group-D0D30A56F006: change Leader from null to a8e8c8af-b52c-4c0a-be8a-5ae927a6c960 at term 1 for becomeLeader, leader elected after 5201ms
2019-10-18 20:55:22,657 [a8e8c8af-b52c-4c0a-be8a-5ae927a6c960@group-D0D30A56F006-LeaderElection4] INFO  server.RaftServerConfigKeys (ConfUtils.java:logGet(43)) - raft.server.staging.catchup.gap = 1000 (default)
2019-10-18 20:55:22,657 [a8e8c8af-b52c-4c0a-be8a-5ae927a6c960@group-D0D30A56F006-LeaderElection4] INFO  server.RaftServerConfigKeys (ConfUtils.java:logGet(43)) - raft.server.rpc.sleep.time = 25ms (default)
2019-10-18 20:55:22,657 [a8e8c8af-b52c-4c0a-be8a-5ae927a6c960@group-D0D30A56F006-LeaderElection4] INFO  server.RaftServerConfigKeys (ConfUtils.java:logGet(43)) - raft.server.write.element-limit = 4096 (default)
2019-10-18 20:55:22,657 [a8e8c8af-b52c-4c0a-be8a-5ae927a6c960@group-D0D30A56F006-LeaderElection4] INFO  server.RaftServerConfigKeys (ConfUtils.java:logGet(43)) - raft.server.watch.timeout = 10s (default)
2019-10-18 20:55:22,658 [a8e8c8af-b52c-4c0a-be8a-5ae927a6c960@group-D0D30A56F006-LeaderElection4] INFO  server.RaftServerConfigKeys (ConfUtils.java:logGet(43)) - raft.server.watch.timeout.denomination = 1s (default)
2019-10-18 20:55:22,659 [a8e8c8af-b52c-4c0a-be8a-5ae927a6c960@group-D0D30A56F006-LeaderElection4] INFO  server.RaftServerConfigKeys (ConfUtils.java:logGet(43)) - raft.server.watch.element-limit = 65536 (default)
2019-10-18 20:55:22,663 [a8e8c8af-b52c-4c0a-be8a-5ae927a6c960@group-D0D30A56F006-LeaderElection4] INFO  server.RaftServerConfigKeys (ConfUtils.java:logGet(43)) - raft.server.log.appender.snapshot.chunk.size.max = 16MB (=16777216) (default)
2019-10-18 20:55:22,663 [a8e8c8af-b52c-4c0a-be8a-5ae927a6c960@group-D0D30A56F006-LeaderElection4] INFO  server.RaftServerConfigKeys (ConfUtils.java:logGet(43)) - raft.server.log.appender.buffer.byte-limit = 33554432 (custom)
2019-10-18 20:55:22,664 [a8e8c8af-b52c-4c0a-be8a-5ae927a6c960@group-D0D30A56F006-LeaderElection4] INFO  server.RaftServerConfigKeys (ConfUtils.java:logGet(43)) - raft.server.log.appender.buffer.element-limit = 1 (custom)
2019-10-18 20:55:22,668 [a8e8c8af-b52c-4c0a-be8a-5ae927a6c960@group-D0D30A56F006-LeaderElection4] INFO  grpc.GrpcConfigKeys$Server (ConfUtils.java:logGet(43)) - raft.grpc.server.leader.outstanding.appends.max = 128 (default)
2019-10-18 20:55:22,669 [a8e8c8af-b52c-4c0a-be8a-5ae927a6c960@group-D0D30A56F006-LeaderElection4] INFO  server.RaftServerConfigKeys (ConfUtils.java:logGet(43)) - raft.server.rpc.request.timeout = 3000ms (default)
2019-10-18 20:55:22,669 [a8e8c8af-b52c-4c0a-be8a-5ae927a6c960@group-D0D30A56F006-LeaderElection4] INFO  server.RaftServerConfigKeys (ConfUtils.java:logGet(43)) - raft.server.log.appender.install.snapshot.enabled = false (custom)
2019-10-18 20:55:22,671 [a8e8c8af-b52c-4c0a-be8a-5ae927a6c960@group-D0D30A56F006-LeaderElection4] WARN  impl.MetricRegistriesImpl (MetricRegistriesImpl.java:lambda$create$1(61)) - First MetricRegistry has been created without registering reporters. You may need to call MetricRegistries.global().addReportRegistration(...) before.
2019-10-18 20:55:22,672 [a8e8c8af-b52c-4c0a-be8a-5ae927a6c960@group-D0D30A56F006-LeaderElection4] INFO  server.RaftServerConfigKeys (ConfUtils.java:logGet(43)) - raft.server.log.appender.snapshot.chunk.size.max = 16MB (=16777216) (default)
2019-10-18 20:55:22,672 [a8e8c8af-b52c-4c0a-be8a-5ae927a6c960@group-D0D30A56F006-LeaderElection4] INFO  server.RaftServerConfigKeys (ConfUtils.java:logGet(43)) - raft.server.log.appender.buffer.byte-limit = 33554432 (custom)
2019-10-18 20:55:22,672 [a8e8c8af-b52c-4c0a-be8a-5ae927a6c960@group-D0D30A56F006-LeaderElection4] INFO  server.RaftServerConfigKeys (ConfUtils.java:logGet(43)) - raft.server.log.appender.buffer.element-limit = 1 (custom)
2019-10-18 20:55:22,672 [a8e8c8af-b52c-4c0a-be8a-5ae927a6c960@group-D0D30A56F006-LeaderElection4] INFO  grpc.GrpcConfigKeys$Server (ConfUtils.java:logGet(43)) - raft.grpc.server.leader.outstanding.appends.max = 128 (default)
2019-10-18 20:55:22,672 [a8e8c8af-b52c-4c0a-be8a-5ae927a6c960@group-D0D30A56F006-LeaderElection4] INFO  server.RaftServerConfigKeys (ConfUtils.java:logGet(43)) - raft.server.rpc.request.timeout = 3000ms (default)
2019-10-18 20:55:22,673 [a8e8c8af-b52c-4c0a-be8a-5ae927a6c960@group-D0D30A56F006-LeaderElection4] INFO  server.RaftServerConfigKeys (ConfUtils.java:logGet(43)) - raft.server.log.appender.install.snapshot.enabled = false (custom)
2019-10-18 20:55:22,676 [a8e8c8af-b52c-4c0a-be8a-5ae927a6c960@group-D0D30A56F006-LeaderElection4] INFO  impl.RoleInfo (RoleInfo.java:updateAndGet(143)) - a8e8c8af-b52c-4c0a-be8a-5ae927a6c960: start LeaderState
2019-10-18 20:55:22,676 [a8e8c8af-b52c-4c0a-be8a-5ae927a6c960@group-D0D30A56F006-LeaderElection4] INFO  segmented.SegmentedRaftLogWorker (SegmentedRaftLogWorker.java:startLogSegment(385)) - a8e8c8af-b52c-4c0a-be8a-5ae927a6c960@group-D0D30A56F006-SegmentedRaftLogWorker: Starting segment from index:0
2019-10-18 20:55:22,677 [a8e8c8af-b52c-4c0a-be8a-5ae927a6c960@group-D0D30A56F006-LeaderElection4] INFO  impl.RaftServerImpl (ServerState.java:setRaftConf(356)) - a8e8c8af-b52c-4c0a-be8a-5ae927a6c960@group-D0D30A56F006: set configuration 0: [a8e8c8af-b52c-4c0a-be8a-5ae927a6c960:192.168.69.98:37745, b305240d-f12b-4d5b-b01c-ced15363fe88:192.168.69.98:46566, 03857d94-0829-4b29-a02a-96a6826905c2:192.168.69.98:37908], old=null at 0
2019-10-18 20:55:22,715 [grpc-default-executor-1] INFO  impl.RaftServerImpl (RaftServerImpl.java:requestVote(776)) - a8e8c8af-b52c-4c0a-be8a-5ae927a6c960@group-D0D30A56F006-   LEADER: Withhold vote from candidate b305240d-f12b-4d5b-b01c-ced15363fe88 with term 1. State: leader=a8e8c8af-b52c-4c0a-be8a-5ae927a6c960, term=1, lastRpcElapsed=null
2019-10-18 20:55:22,720 [b305240d-f12b-4d5b-b01c-ced15363fe88@group-D0D30A56F006-LeaderElection5] INFO  impl.LeaderElection (LeaderElection.java:logAndReturn(56)) - b305240d-f12b-4d5b-b01c-ced15363fe88@group-D0D30A56F006-LeaderElection5: Election REJECTED; received 2 response(s) [b305240d-f12b-4d5b-b01c-ced15363fe88<-a8e8c8af-b52c-4c0a-be8a-5ae927a6c960#0:FAIL-t1, b305240d-f12b-4d5b-b01c-ced15363fe88<-03857d94-0829-4b29-a02a-96a6826905c2#0:FAIL-t1] and 0 exception(s); b305240d-f12b-4d5b-b01c-ced15363fe88@group-D0D30A56F006:t1, leader=null, voted=b305240d-f12b-4d5b-b01c-ced15363fe88, raftlog=b305240d-f12b-4d5b-b01c-ced15363fe88@group-D0D30A56F006-SegmentedRaftLog:OPENED:c-1,f-1,i0, conf=-1: [a8e8c8af-b52c-4c0a-be8a-5ae927a6c960:192.168.69.98:37745, b305240d-f12b-4d5b-b01c-ced15363fe88:192.168.69.98:46566, 03857d94-0829-4b29-a02a-96a6826905c2:192.168.69.98:37908], old=null
2019-10-18 20:55:22,722 [b305240d-f12b-4d5b-b01c-ced15363fe88@group-D0D30A56F006-LeaderElection5] INFO  impl.RaftServerImpl (RaftServerImpl.java:setRole(173)) - b305240d-f12b-4d5b-b01c-ced15363fe88@group-D0D30A56F006: changes role from CANDIDATE to FOLLOWER at term 1 for DISCOVERED_A_NEW_TERM
2019-10-18 20:55:22,723 [b305240d-f12b-4d5b-b01c-ced15363fe88@group-D0D30A56F006-LeaderElection5] INFO  impl.RoleInfo (RoleInfo.java:shutdownLeaderElection(134)) - b305240d-f12b-4d5b-b01c-ced15363fe88: shutdown LeaderElection
2019-10-18 20:55:22,723 [b305240d-f12b-4d5b-b01c-ced15363fe88@group-D0D30A56F006-LeaderElection5] INFO  impl.RoleInfo (RoleInfo.java:updateAndGet(143)) - b305240d-f12b-4d5b-b01c-ced15363fe88: start FollowerState
2019-10-18 20:55:22,727 [a8e8c8af-b52c-4c0a-be8a-5ae927a6c960@group-D0D30A56F006-SegmentedRaftLogWorker] INFO  segmented.SegmentedRaftLogWorker (SegmentedRaftLogWorker.java:execute(576)) - a8e8c8af-b52c-4c0a-be8a-5ae927a6c960@group-D0D30A56F006-SegmentedRaftLogWorker: created new log segment /workdir/hadoop-ozone/tools/target/test-dir/MiniOzoneClusterImpl-7ffb0c6d-bf6f-42b9-8db5-48ab626f9bc5/datanode-0/data/ratis/5da8e90e-25af-4037-9ddc-d0d30a56f006/current/log_inprogress_0
2019-10-18 20:55:22,743 [grpc-default-executor-1] INFO  ratis.XceiverServerRatis (XceiverServerRatis.java:handleLeaderChangedNotification(699)) - Leader change notification received for group: group-D0D30A56F006 with new leaderId: a8e8c8af-b52c-4c0a-be8a-5ae927a6c960
2019-10-18 20:55:22,743 [grpc-default-executor-2] INFO  ratis.XceiverServerRatis (XceiverServerRatis.java:handleLeaderChangedNotification(699)) - Leader change notification received for group: group-D0D30A56F006 with new leaderId: a8e8c8af-b52c-4c0a-be8a-5ae927a6c960
2019-10-18 20:55:22,744 [grpc-default-executor-1] INFO  impl.RaftServerImpl (ServerState.java:setLeader(255)) - b305240d-f12b-4d5b-b01c-ced15363fe88@group-D0D30A56F006: change Leader from null to a8e8c8af-b52c-4c0a-be8a-5ae927a6c960 at term 1 for appendEntries, leader elected after 5288ms
2019-10-18 20:55:22,744 [grpc-default-executor-2] INFO  impl.RaftServerImpl (ServerState.java:setLeader(255)) - 03857d94-0829-4b29-a02a-96a6826905c2@group-D0D30A56F006: change Leader from null to a8e8c8af-b52c-4c0a-be8a-5ae927a6c960 at term 1 for appendEntries, leader elected after 5288ms
2019-10-18 20:55:22,772 [grpc-default-executor-1] INFO  impl.RaftServerImpl (ServerState.java:setRaftConf(356)) - b305240d-f12b-4d5b-b01c-ced15363fe88@group-D0D30A56F006: set configuration 0: [a8e8c8af-b52c-4c0a-be8a-5ae927a6c960:192.168.69.98:37745, b305240d-f12b-4d5b-b01c-ced15363fe88:192.168.69.98:46566, 03857d94-0829-4b29-a02a-96a6826905c2:192.168.69.98:37908], old=null at 0
2019-10-18 20:55:22,772 [grpc-default-executor-2] INFO  impl.RaftServerImpl (ServerState.java:setRaftConf(356)) - 03857d94-0829-4b29-a02a-96a6826905c2@group-D0D30A56F006: set configuration 0: [a8e8c8af-b52c-4c0a-be8a-5ae927a6c960:192.168.69.98:37745, b305240d-f12b-4d5b-b01c-ced15363fe88:192.168.69.98:46566, 03857d94-0829-4b29-a02a-96a6826905c2:192.168.69.98:37908], old=null at 0
2019-10-18 20:55:22,772 [grpc-default-executor-1] INFO  segmented.SegmentedRaftLogWorker (SegmentedRaftLogWorker.java:startLogSegment(385)) - b305240d-f12b-4d5b-b01c-ced15363fe88@group-D0D30A56F006-SegmentedRaftLogWorker: Starting segment from index:0
2019-10-18 20:55:22,772 [grpc-default-executor-2] INFO  segmented.SegmentedRaftLogWorker (SegmentedRaftLogWorker.java:startLogSegment(385)) - 03857d94-0829-4b29-a02a-96a6826905c2@group-D0D30A56F006-SegmentedRaftLogWorker: Starting segment from index:0
2019-10-18 20:55:22,817 [b305240d-f12b-4d5b-b01c-ced15363fe88@group-D0D30A56F006-SegmentedRaftLogWorker] INFO  segmented.SegmentedRaftLogWorker (SegmentedRaftLogWorker.java:execute(576)) - b305240d-f12b-4d5b-b01c-ced15363fe88@group-D0D30A56F006-SegmentedRaftLogWorker: created new log segment /workdir/hadoop-ozone/tools/target/test-dir/MiniOzoneClusterImpl-7ffb0c6d-bf6f-42b9-8db5-48ab626f9bc5/datanode-1/data/ratis/5da8e90e-25af-4037-9ddc-d0d30a56f006/current/log_inprogress_0
2019-10-18 20:55:22,817 [03857d94-0829-4b29-a02a-96a6826905c2@group-D0D30A56F006-SegmentedRaftLogWorker] INFO  segmented.SegmentedRaftLogWorker (SegmentedRaftLogWorker.java:execute(576)) - 03857d94-0829-4b29-a02a-96a6826905c2@group-D0D30A56F006-SegmentedRaftLogWorker: created new log segment /workdir/hadoop-ozone/tools/target/test-dir/MiniOzoneClusterImpl-7ffb0c6d-bf6f-42b9-8db5-48ab626f9bc5/datanode-2/data/ratis/5da8e90e-25af-4037-9ddc-d0d30a56f006/current/log_inprogress_0
2019-10-18 20:55:22,987 [main] INFO  ozone.MiniOzoneClusterImpl (MiniOzoneClusterImpl.java:lambda$waitForClusterToBeReady$2(172)) - Cluster is ready. Got 3 of 3 DN Heartbeats.
2019-10-18 20:55:23,883 [main] INFO  freon.RandomKeyGenerator (RandomKeyGenerator.java:call(283)) - Number of Threads: 10
2019-10-18 20:55:23,885 [main] INFO  freon.RandomKeyGenerator (RandomKeyGenerator.java:call(288)) - Number of Volumes: 1.
2019-10-18 20:55:23,885 [main] INFO  freon.RandomKeyGenerator (RandomKeyGenerator.java:call(289)) - Number of Buckets per Volume: 1.
2019-10-18 20:55:23,885 [main] INFO  freon.RandomKeyGenerator (RandomKeyGenerator.java:call(290)) - Number of Keys per Bucket: 1.
2019-10-18 20:55:23,885 [main] INFO  freon.RandomKeyGenerator (RandomKeyGenerator.java:call(291)) - Key size: 20971520 bytes
2019-10-18 20:55:23,885 [main] INFO  freon.RandomKeyGenerator (RandomKeyGenerator.java:call(292)) - Buffer size: 4096 bytes
2019-10-18 20:55:23,886 [main] INFO  freon.RandomKeyGenerator (RandomKeyGenerator.java:call(293)) - validateWrites : true
2019-10-18 20:55:23,890 [main] INFO  freon.RandomKeyGenerator (RandomKeyGenerator.java:call(307)) - Data validation is enabled.
2019-10-18 20:55:23,892 [main] INFO  freon.RandomKeyGenerator (RandomKeyGenerator.java:call(313)) - Starting progress bar Thread.

 0.00% |?                                                                                                    |  0/1 Time: 0:00:002019-10-18 20:55:23,917 [pool-53-thread-1] INFO  rpc.RpcClient (RpcClient.java:createVolume(272)) - Creating Volume: vol-0-43765, with jenkins1000 as owner.
2019-10-18 20:55:24,011 [IPC Server handler 1 on 37408] INFO  volume.OMVolumeCreateRequest (OMVolumeCreateRequest.java:validateAndUpdateCache(193)) - created volume:vol-0-43765 for user:jenkins1000
2019-10-18 20:55:24,043 [pool-53-thread-2] INFO  rpc.RpcClient (RpcClient.java:createBucket(411)) - Creating Bucket: vol-0-43765/bucket-0-76908, with Versioning false and Storage Type set to DISK and Encryption set to false 
2019-10-18 20:55:24,198 [pool-53-thread-3] INFO  impl.MetricsSystemImpl (MetricsSystemImpl.java:init(158)) - XceiverClientMetrics metrics system started (again)
 0.00% |?                                                                                                    |  0/1 Time: 0:00:01 100.00% |?????????????????????????????????????????????????????????????????????????????????????????????????????|  1/1 Time: 0:00:02
2019-10-18 20:55:31,119 [main] INFO  pipeline.SCMPipelineManager (SCMPipelineManager.java:finalizeAndDestroyPipeline(315)) - destroying pipeline:Pipeline[ Id: 5da8e90e-25af-4037-9ddc-d0d30a56f006, Nodes: a8e8c8af-b52c-4c0a-be8a-5ae927a6c960{ip: 192.168.69.98, host: pr-hdds-1868-rxw48-2170960119, networkLocation: /default-rack, certSerialId: null}03857d94-0829-4b29-a02a-96a6826905c2{ip: 192.168.69.98, host: pr-hdds-1868-rxw48-2170960119, networkLocation: /default-rack, certSerialId: null}b305240d-f12b-4d5b-b01c-ced15363fe88{ip: 192.168.69.98, host: pr-hdds-1868-rxw48-2170960119, networkLocation: /default-rack, certSerialId: null}, Type:RATIS, Factor:THREE, State:OPEN]
2019-10-18 20:55:31,120 [main] INFO  pipeline.PipelineStateManager (PipelineStateManager.java:finalizePipeline(121)) - Pipeline Pipeline[ Id: 5da8e90e-25af-4037-9ddc-d0d30a56f006, Nodes: a8e8c8af-b52c-4c0a-be8a-5ae927a6c960{ip: 192.168.69.98, host: pr-hdds-1868-rxw48-2170960119, networkLocation: /default-rack, certSerialId: null}03857d94-0829-4b29-a02a-96a6826905c2{ip: 192.168.69.98, host: pr-hdds-1868-rxw48-2170960119, networkLocation: /default-rack, certSerialId: null}b305240d-f12b-4d5b-b01c-ced15363fe88{ip: 192.168.69.98, host: pr-hdds-1868-rxw48-2170960119, networkLocation: /default-rack, certSerialId: null}, Type:RATIS, Factor:THREE, State:CLOSED] moved to CLOSED state
2019-10-18 20:55:31,121 [EventQueue-CloseContainerForCloseContainerEventHandler] INFO  container.CloseContainerEventHandler (CloseContainerEventHandler.java:onMessage(61)) - Close container Event triggered for container : #1
2019-10-18 20:55:31,128 [EventQueue-CloseContainerForCloseContainerEventHandler] INFO  container.CloseContainerEventHandler (CloseContainerEventHandler.java:onMessage(61)) - Close container Event triggered for container : #2
2019-10-18 20:55:31,129 [EventQueue-CloseContainerForCloseContainerEventHandler] INFO  container.CloseContainerEventHandler (CloseContainerEventHandler.java:onMessage(61)) - Close container Event triggered for container : #3
2019-10-18 20:55:31,132 [grpc-default-executor-2] INFO  impl.RaftServerProxy (RaftServerProxy.java:remove(95)) - a8e8c8af-b52c-4c0a-be8a-5ae927a6c960: remove    LEADER a8e8c8af-b52c-4c0a-be8a-5ae927a6c960@group-D0D30A56F006:t1, leader=a8e8c8af-b52c-4c0a-be8a-5ae927a6c960, voted=a8e8c8af-b52c-4c0a-be8a-5ae927a6c960, raftlog=a8e8c8af-b52c-4c0a-be8a-5ae927a6c960@group-D0D30A56F006-SegmentedRaftLog:OPENED:c78,f78,i78, conf=0: [a8e8c8af-b52c-4c0a-be8a-5ae927a6c960:192.168.69.98:37745, b305240d-f12b-4d5b-b01c-ced15363fe88:192.168.69.98:46566, 03857d94-0829-4b29-a02a-96a6826905c2:192.168.69.98:37908], old=null RUNNING
2019-10-18 20:55:31,133 [grpc-default-executor-2] INFO  impl.RaftServerImpl (RaftServerImpl.java:lambda$shutdown$3(250)) - a8e8c8af-b52c-4c0a-be8a-5ae927a6c960@group-D0D30A56F006: shutdown
2019-10-18 20:55:31,134 [grpc-default-executor-2] INFO  util.JmxRegister (JmxRegister.java:unregister(73)) - Successfully un-registered JMX Bean with object name Ratis:service=RaftServer,group=group-D0D30A56F006,id=a8e8c8af-b52c-4c0a-be8a-5ae927a6c960
2019-10-18 20:55:31,134 [grpc-default-executor-2] INFO  impl.RoleInfo (RoleInfo.java:shutdownLeaderState(104)) - a8e8c8af-b52c-4c0a-be8a-5ae927a6c960: shutdown LeaderState
2019-10-18 20:55:31,136 [org.apache.ratis.server.impl.LogAppender$AppenderDaemon$$Lambda$477/1060539776@d317ff] WARN  server.GrpcLogAppender (GrpcLogAppender.java:mayWait(149)) - a8e8c8af-b52c-4c0a-be8a-5ae927a6c960@group-D0D30A56F006->03857d94-0829-4b29-a02a-96a6826905c2-GrpcLogAppender: Wait interrupted by java.lang.InterruptedException
2019-10-18 20:55:31,136 [org.apache.ratis.server.impl.LogAppender$AppenderDaemon$$Lambda$477/1060539776@780dbf49] WARN  server.GrpcLogAppender (GrpcLogAppender.java:mayWait(149)) - a8e8c8af-b52c-4c0a-be8a-5ae927a6c960@group-D0D30A56F006->b305240d-f12b-4d5b-b01c-ced15363fe88-GrpcLogAppender: Wait interrupted by java.lang.InterruptedException
2019-10-18 20:55:31,138 [grpc-default-executor-2] INFO  impl.PendingRequests (PendingRequests.java:sendNotLeaderResponses(206)) - a8e8c8af-b52c-4c0a-be8a-5ae927a6c960@group-D0D30A56F006-PendingRequests: sendNotLeaderResponses
2019-10-18 20:55:31,143 [grpc-default-executor-3] INFO  server.GrpcServerProtocolService (GrpcServerProtocolService.java:onCompleted(113)) - 03857d94-0829-4b29-a02a-96a6826905c2: Completed APPEND_ENTRIES, lastRequest: a8e8c8af-b52c-4c0a-be8a-5ae927a6c960->03857d94-0829-4b29-a02a-96a6826905c2#81-t1, previous=(t:1, i:78), leaderCommit=78, initializing? false, entries: <empty>
2019-10-18 20:55:31,143 [grpc-default-executor-0] INFO  server.GrpcServerProtocolService (GrpcServerProtocolService.java:onCompleted(113)) - b305240d-f12b-4d5b-b01c-ced15363fe88: Completed APPEND_ENTRIES, lastRequest: a8e8c8af-b52c-4c0a-be8a-5ae927a6c960->b305240d-f12b-4d5b-b01c-ced15363fe88#81-t1, previous=(t:1, i:78), leaderCommit=78, initializing? false, entries: <empty>
2019-10-18 20:55:31,144 [grpc-default-executor-2] INFO  impl.StateMachineUpdater (StateMachineUpdater.java:stopAndJoin(136)) - a8e8c8af-b52c-4c0a-be8a-5ae927a6c960@group-D0D30A56F006-StateMachineUpdater: set stopIndex = 78
2019-10-18 20:55:31,145 [a8e8c8af-b52c-4c0a-be8a-5ae927a6c960@group-D0D30A56F006-StateMachineUpdater] INFO  ratis.ContainerStateMachine (ContainerStateMachine.java:takeSnapshot(296)) - group-D0D30A56F006: Taking a snapshot at:(t:1, i:76) file /workdir/hadoop-ozone/tools/target/test-dir/MiniOzoneClusterImpl-7ffb0c6d-bf6f-42b9-8db5-48ab626f9bc5/datanode-0/data/ratis/5da8e90e-25af-4037-9ddc-d0d30a56f006/sm/snapshot.1_76
2019-10-18 20:55:31,147 [grpc-default-executor-0] INFO  server.GrpcLogAppender (GrpcLogAppender.java:onCompleted(308)) - a8e8c8af-b52c-4c0a-be8a-5ae927a6c960@group-D0D30A56F006->03857d94-0829-4b29-a02a-96a6826905c2-AppendLogResponseHandler: follower responses appendEntries COMPLETED
2019-10-18 20:55:31,148 [grpc-default-executor-1] INFO  server.GrpcLogAppender (GrpcLogAppender.java:onCompleted(308)) - a8e8c8af-b52c-4c0a-be8a-5ae927a6c960@group-D0D30A56F006->b305240d-f12b-4d5b-b01c-ced15363fe88-AppendLogResponseHandler: follower responses appendEntries COMPLETED
2019-10-18 20:55:31,153 [grpc-default-executor-0] INFO  impl.FollowerInfo (FollowerInfo.java:lambda$new$0(51)) - a8e8c8af-b52c-4c0a-be8a-5ae927a6c960@group-D0D30A56F006->03857d94-0829-4b29-a02a-96a6826905c2: nextIndex: updateUnconditionally 79 -> 78
2019-10-18 20:55:31,153 [grpc-default-executor-1] INFO  impl.FollowerInfo (FollowerInfo.java:lambda$new$0(51)) - a8e8c8af-b52c-4c0a-be8a-5ae927a6c960@group-D0D30A56F006->b305240d-f12b-4d5b-b01c-ced15363fe88: nextIndex: updateUnconditionally 79 -> 78
2019-10-18 20:55:31,268 [a8e8c8af-b52c-4c0a-be8a-5ae927a6c960@group-D0D30A56F006-StateMachineUpdater] INFO  ratis.ContainerStateMachine (ContainerStateMachine.java:takeSnapshot(307)) - group-D0D30A56F006: Finished taking a snapshot at:(t:1, i:76) file:/workdir/hadoop-ozone/tools/target/test-dir/MiniOzoneClusterImpl-7ffb0c6d-bf6f-42b9-8db5-48ab626f9bc5/datanode-0/data/ratis/5da8e90e-25af-4037-9ddc-d0d30a56f006/sm/snapshot.1_76 time:124
2019-10-18 20:55:31,270 [a8e8c8af-b52c-4c0a-be8a-5ae927a6c960@group-D0D30A56F006-StateMachineUpdater] INFO  impl.StateMachineUpdater (StateMachineUpdater.java:takeSnapshot(269)) - a8e8c8af-b52c-4c0a-be8a-5ae927a6c960@group-D0D30A56F006-StateMachineUpdater: Took a snapshot at index 76
2019-10-18 20:55:31,272 [a8e8c8af-b52c-4c0a-be8a-5ae927a6c960@group-D0D30A56F006-StateMachineUpdater] INFO  impl.StateMachineUpdater (StateMachineUpdater.java:lambda$new$0(84)) - a8e8c8af-b52c-4c0a-be8a-5ae927a6c960@group-D0D30A56F006-StateMachineUpdater: snapshotIndex: updateIncreasingly -1 -> 76
2019-10-18 20:55:31,275 [a8e8c8af-b52c-4c0a-be8a-5ae927a6c960@group-D0D30A56F006-StateMachineUpdater] INFO  ratis.ContainerStateMachine (ContainerStateMachine.java:takeSnapshot(296)) - group-D0D30A56F006: Taking a snapshot at:(t:1, i:76) file /workdir/hadoop-ozone/tools/target/test-dir/MiniOzoneClusterImpl-7ffb0c6d-bf6f-42b9-8db5-48ab626f9bc5/datanode-0/data/ratis/5da8e90e-25af-4037-9ddc-d0d30a56f006/sm/snapshot.1_76
2019-10-18 20:55:31,287 [a8e8c8af-b52c-4c0a-be8a-5ae927a6c960@group-D0D30A56F006-StateMachineUpdater] INFO  ratis.ContainerStateMachine (ContainerStateMachine.java:takeSnapshot(307)) - group-D0D30A56F006: Finished taking a snapshot at:(t:1, i:76) file:/workdir/hadoop-ozone/tools/target/test-dir/MiniOzoneClusterImpl-7ffb0c6d-bf6f-42b9-8db5-48ab626f9bc5/datanode-0/data/ratis/5da8e90e-25af-4037-9ddc-d0d30a56f006/sm/snapshot.1_76 time:12
2019-10-18 20:55:31,288 [a8e8c8af-b52c-4c0a-be8a-5ae927a6c960@group-D0D30A56F006-StateMachineUpdater] INFO  impl.StateMachineUpdater (StateMachineUpdater.java:takeSnapshot(269)) - a8e8c8af-b52c-4c0a-be8a-5ae927a6c960@group-D0D30A56F006-StateMachineUpdater: Took a snapshot at index 76
2019-10-18 20:55:31,288 [a8e8c8af-b52c-4c0a-be8a-5ae927a6c960@group-D0D30A56F006-StateMachineUpdater] INFO  impl.StateMachineUpdater (StateMachineUpdater.java:lambda$new$0(84)) - a8e8c8af-b52c-4c0a-be8a-5ae927a6c960@group-D0D30A56F006-StateMachineUpdater: snapshotIndex: updateIncreasingly 76 -> 76
2019-10-18 20:55:31,288 [grpc-default-executor-2] INFO  impl.RaftServerImpl (ServerState.java:close(387)) - a8e8c8af-b52c-4c0a-be8a-5ae927a6c960@group-D0D30A56F006: closes. applyIndex: 78
2019-10-18 20:55:31,289 [a8e8c8af-b52c-4c0a-be8a-5ae927a6c960@group-D0D30A56F006-SegmentedRaftLogWorker] INFO  segmented.SegmentedRaftLogWorker (SegmentedRaftLogWorker.java:run(316)) - a8e8c8af-b52c-4c0a-be8a-5ae927a6c960@group-D0D30A56F006-SegmentedRaftLogWorker was interrupted, exiting. There are 0 tasks remaining in the queue.
2019-10-18 20:55:31,291 [grpc-default-executor-2] INFO  segmented.SegmentedRaftLogWorker (SegmentedRaftLogWorker.java:close(224)) - a8e8c8af-b52c-4c0a-be8a-5ae927a6c960@group-D0D30A56F006-SegmentedRaftLogWorker close()
2019-10-18 20:55:31,332 [grpc-default-executor-2] INFO  interfaces.Container (KeyValueContainer.java:flushAndSyncDB(386)) - Container 1 is synced with bcsId 60.
2019-10-18 20:55:31,332 [grpc-default-executor-2] INFO  interfaces.Container (KeyValueContainer.java:flushAndSyncDB(386)) - Container 1 is synced with bcsId 60.
2019-10-18 20:55:31,351 [EventQueue-IncrementalContainerReportForIncrementalContainerReportHandler] INFO  container.IncrementalContainerReportHandler (AbstractContainerReportHandler.java:updateContainerState(171)) - Moving container #1 to QUASI_CLOSED state, datanode a8e8c8af-b52c-4c0a-be8a-5ae927a6c960{ip: 192.168.69.98, host: pr-hdds-1868-rxw48-2170960119, networkLocation: /default-rack, certSerialId: null} reported QUASI_CLOSED replica.
2019-10-18 20:55:31,376 [grpc-default-executor-2] INFO  interfaces.Container (KeyValueContainer.java:flushAndSyncDB(386)) - Container 2 is synced with bcsId 76.
2019-10-18 20:55:31,376 [grpc-default-executor-2] INFO  interfaces.Container (KeyValueContainer.java:flushAndSyncDB(386)) - Container 2 is synced with bcsId 76.
2019-10-18 20:55:31,797 [EventQueue-IncrementalContainerReportForIncrementalContainerReportHandler] INFO  container.IncrementalContainerReportHandler (AbstractContainerReportHandler.java:updateContainerState(171)) - Moving container #2 to QUASI_CLOSED state, datanode a8e8c8af-b52c-4c0a-be8a-5ae927a6c960{ip: 192.168.69.98, host: pr-hdds-1868-rxw48-2170960119, networkLocation: /default-rack, certSerialId: null} reported QUASI_CLOSED replica.
2019-10-18 20:55:31,820 [grpc-default-executor-2] INFO  interfaces.Container (KeyValueContainer.java:flushAndSyncDB(386)) - Container 3 is synced with bcsId 42.
2019-10-18 20:55:31,820 [grpc-default-executor-2] INFO  interfaces.Container (KeyValueContainer.java:flushAndSyncDB(386)) - Container 3 is synced with bcsId 42.
2019-10-18 20:55:31,836 [EventQueue-IncrementalContainerReportForIncrementalContainerReportHandler] INFO  container.IncrementalContainerReportHandler (AbstractContainerReportHandler.java:updateContainerState(171)) - Moving container #3 to QUASI_CLOSED state, datanode a8e8c8af-b52c-4c0a-be8a-5ae927a6c960{ip: 192.168.69.98, host: pr-hdds-1868-rxw48-2170960119, networkLocation: /default-rack, certSerialId: null} reported QUASI_CLOSED replica.
2019-10-18 20:55:31,846 [grpc-default-executor-2] INFO  impl.RaftServerProxy (RaftServerProxy.java:remove(95)) - 03857d94-0829-4b29-a02a-96a6826905c2: remove  FOLLOWER 03857d94-0829-4b29-a02a-96a6826905c2@group-D0D30A56F006:t1, leader=a8e8c8af-b52c-4c0a-be8a-5ae927a6c960, voted=a8e8c8af-b52c-4c0a-be8a-5ae927a6c960, raftlog=03857d94-0829-4b29-a02a-96a6826905c2@group-D0D30A56F006-SegmentedRaftLog:OPENED:c78,f78,i78, conf=0: [a8e8c8af-b52c-4c0a-be8a-5ae927a6c960:192.168.69.98:37745, b305240d-f12b-4d5b-b01c-ced15363fe88:192.168.69.98:46566, 03857d94-0829-4b29-a02a-96a6826905c2:192.168.69.98:37908], old=null RUNNING
2019-10-18 20:55:31,846 [grpc-default-executor-2] INFO  impl.RaftServerImpl (RaftServerImpl.java:lambda$shutdown$3(250)) - 03857d94-0829-4b29-a02a-96a6826905c2@group-D0D30A56F006: shutdown
2019-10-18 20:55:31,846 [grpc-default-executor-2] INFO  util.JmxRegister (JmxRegister.java:unregister(73)) - Successfully un-registered JMX Bean with object name Ratis:service=RaftServer,group=group-D0D30A56F006,id=03857d94-0829-4b29-a02a-96a6826905c2
2019-10-18 20:55:31,847 [grpc-default-executor-2] INFO  impl.RoleInfo (RoleInfo.java:shutdownFollowerState(121)) - 03857d94-0829-4b29-a02a-96a6826905c2: shutdown FollowerState
2019-10-18 20:55:31,847 [grpc-default-executor-2] INFO  impl.StateMachineUpdater (StateMachineUpdater.java:stopAndJoin(136)) - 03857d94-0829-4b29-a02a-96a6826905c2@group-D0D30A56F006-StateMachineUpdater: set stopIndex = 78
2019-10-18 20:55:31,847 [Thread-232] INFO  impl.FollowerState (FollowerState.java:run(120)) - 03857d94-0829-4b29-a02a-96a6826905c2@group-D0D30A56F006-FollowerState was interrupted: java.lang.InterruptedException: sleep interrupted
2019-10-18 20:55:31,852 [03857d94-0829-4b29-a02a-96a6826905c2@group-D0D30A56F006-StateMachineUpdater] INFO  ratis.ContainerStateMachine (ContainerStateMachine.java:takeSnapshot(296)) - group-D0D30A56F006: Taking a snapshot at:(t:1, i:76) file /workdir/hadoop-ozone/tools/target/test-dir/MiniOzoneClusterImpl-7ffb0c6d-bf6f-42b9-8db5-48ab626f9bc5/datanode-2/data/ratis/5da8e90e-25af-4037-9ddc-d0d30a56f006/sm/snapshot.1_76
2019-10-18 20:55:31,867 [03857d94-0829-4b29-a02a-96a6826905c2@group-D0D30A56F006-StateMachineUpdater] INFO  ratis.ContainerStateMachine (ContainerStateMachine.java:takeSnapshot(307)) - group-D0D30A56F006: Finished taking a snapshot at:(t:1, i:76) file:/workdir/hadoop-ozone/tools/target/test-dir/MiniOzoneClusterImpl-7ffb0c6d-bf6f-42b9-8db5-48ab626f9bc5/datanode-2/data/ratis/5da8e90e-25af-4037-9ddc-d0d30a56f006/sm/snapshot.1_76 time:19
2019-10-18 20:55:31,867 [03857d94-0829-4b29-a02a-96a6826905c2@group-D0D30A56F006-StateMachineUpdater] INFO  impl.StateMachineUpdater (StateMachineUpdater.java:takeSnapshot(269)) - 03857d94-0829-4b29-a02a-96a6826905c2@group-D0D30A56F006-StateMachineUpdater: Took a snapshot at index 76
2019-10-18 20:55:31,867 [03857d94-0829-4b29-a02a-96a6826905c2@group-D0D30A56F006-StateMachineUpdater] INFO  impl.StateMachineUpdater (StateMachineUpdater.java:lambda$new$0(84)) - 03857d94-0829-4b29-a02a-96a6826905c2@group-D0D30A56F006-StateMachineUpdater: snapshotIndex: updateIncreasingly -1 -> 76
2019-10-18 20:55:31,868 [03857d94-0829-4b29-a02a-96a6826905c2@group-D0D30A56F006-StateMachineUpdater] INFO  ratis.ContainerStateMachine (ContainerStateMachine.java:takeSnapshot(296)) - group-D0D30A56F006: Taking a snapshot at:(t:1, i:76) file /workdir/hadoop-ozone/tools/target/test-dir/MiniOzoneClusterImpl-7ffb0c6d-bf6f-42b9-8db5-48ab626f9bc5/datanode-2/data/ratis/5da8e90e-25af-4037-9ddc-d0d30a56f006/sm/snapshot.1_76
2019-10-18 20:55:31,880 [03857d94-0829-4b29-a02a-96a6826905c2@group-D0D30A56F006-StateMachineUpdater] INFO  ratis.ContainerStateMachine (ContainerStateMachine.java:takeSnapshot(307)) - group-D0D30A56F006: Finished taking a snapshot at:(t:1, i:76) file:/workdir/hadoop-ozone/tools/target/test-dir/MiniOzoneClusterImpl-7ffb0c6d-bf6f-42b9-8db5-48ab626f9bc5/datanode-2/data/ratis/5da8e90e-25af-4037-9ddc-d0d30a56f006/sm/snapshot.1_76 time:13
2019-10-18 20:55:31,881 [03857d94-0829-4b29-a02a-96a6826905c2@group-D0D30A56F006-StateMachineUpdater] INFO  impl.StateMachineUpdater (StateMachineUpdater.java:takeSnapshot(269)) - 03857d94-0829-4b29-a02a-96a6826905c2@group-D0D30A56F006-StateMachineUpdater: Took a snapshot at index 76
2019-10-18 20:55:31,881 [03857d94-0829-4b29-a02a-96a6826905c2@group-D0D30A56F006-StateMachineUpdater] INFO  impl.StateMachineUpdater (StateMachineUpdater.java:lambda$new$0(84)) - 03857d94-0829-4b29-a02a-96a6826905c2@group-D0D30A56F006-StateMachineUpdater: snapshotIndex: updateIncreasingly 76 -> 76
2019-10-18 20:55:31,882 [grpc-default-executor-2] INFO  impl.RaftServerImpl (ServerState.java:close(387)) - 03857d94-0829-4b29-a02a-96a6826905c2@group-D0D30A56F006: closes. applyIndex: 78
2019-10-18 20:55:31,883 [03857d94-0829-4b29-a02a-96a6826905c2@group-D0D30A56F006-SegmentedRaftLogWorker] INFO  segmented.SegmentedRaftLogWorker (SegmentedRaftLogWorker.java:run(316)) - 03857d94-0829-4b29-a02a-96a6826905c2@group-D0D30A56F006-SegmentedRaftLogWorker was interrupted, exiting. There are 0 tasks remaining in the queue.
2019-10-18 20:55:31,886 [grpc-default-executor-2] INFO  segmented.SegmentedRaftLogWorker (SegmentedRaftLogWorker.java:close(224)) - 03857d94-0829-4b29-a02a-96a6826905c2@group-D0D30A56F006-SegmentedRaftLogWorker close()
2019-10-18 20:55:31,907 [grpc-default-executor-2] INFO  interfaces.Container (KeyValueContainer.java:flushAndSyncDB(386)) - Container 1 is synced with bcsId 60.
2019-10-18 20:55:31,907 [grpc-default-executor-2] INFO  interfaces.Container (KeyValueContainer.java:flushAndSyncDB(386)) - Container 1 is synced with bcsId 60.
2019-10-18 20:55:31,948 [grpc-default-executor-2] INFO  interfaces.Container (KeyValueContainer.java:flushAndSyncDB(386)) - Container 2 is synced with bcsId 76.
2019-10-18 20:55:31,948 [grpc-default-executor-2] INFO  interfaces.Container (KeyValueContainer.java:flushAndSyncDB(386)) - Container 2 is synced with bcsId 76.
2019-10-18 20:55:31,979 [grpc-default-executor-2] INFO  interfaces.Container (KeyValueContainer.java:flushAndSyncDB(386)) - Container 3 is synced with bcsId 42.
2019-10-18 20:55:31,979 [grpc-default-executor-2] INFO  interfaces.Container (KeyValueContainer.java:flushAndSyncDB(386)) - Container 3 is synced with bcsId 42.
2019-10-18 20:55:32,010 [grpc-default-executor-2] INFO  impl.RaftServerProxy (RaftServerProxy.java:remove(95)) - b305240d-f12b-4d5b-b01c-ced15363fe88: remove  FOLLOWER b305240d-f12b-4d5b-b01c-ced15363fe88@group-D0D30A56F006:t1, leader=a8e8c8af-b52c-4c0a-be8a-5ae927a6c960, voted=b305240d-f12b-4d5b-b01c-ced15363fe88, raftlog=b305240d-f12b-4d5b-b01c-ced15363fe88@group-D0D30A56F006-SegmentedRaftLog:OPENED:c78,f78,i78, conf=0: [a8e8c8af-b52c-4c0a-be8a-5ae927a6c960:192.168.69.98:37745, b305240d-f12b-4d5b-b01c-ced15363fe88:192.168.69.98:46566, 03857d94-0829-4b29-a02a-96a6826905c2:192.168.69.98:37908], old=null RUNNING
2019-10-18 20:55:32,010 [grpc-default-executor-2] INFO  impl.RaftServerImpl (RaftServerImpl.java:lambda$shutdown$3(250)) - b305240d-f12b-4d5b-b01c-ced15363fe88@group-D0D30A56F006: shutdown
2019-10-18 20:55:32,010 [grpc-default-executor-2] INFO  util.JmxRegister (JmxRegister.java:unregister(73)) - Successfully un-registered JMX Bean with object name Ratis:service=RaftServer,group=group-D0D30A56F006,id=b305240d-f12b-4d5b-b01c-ced15363fe88
2019-10-18 20:55:32,010 [grpc-default-executor-2] INFO  impl.RoleInfo (RoleInfo.java:shutdownFollowerState(121)) - b305240d-f12b-4d5b-b01c-ced15363fe88: shutdown FollowerState
2019-10-18 20:55:32,011 [grpc-default-executor-2] INFO  impl.StateMachineUpdater (StateMachineUpdater.java:stopAndJoin(136)) - b305240d-f12b-4d5b-b01c-ced15363fe88@group-D0D30A56F006-StateMachineUpdater: set stopIndex = 78
2019-10-18 20:55:32,011 [Thread-238] INFO  impl.FollowerState (FollowerState.java:run(120)) - b305240d-f12b-4d5b-b01c-ced15363fe88@group-D0D30A56F006-FollowerState was interrupted: java.lang.InterruptedException: sleep interrupted
2019-10-18 20:55:32,012 [b305240d-f12b-4d5b-b01c-ced15363fe88@group-D0D30A56F006-StateMachineUpdater] INFO  ratis.ContainerStateMachine (ContainerStateMachine.java:takeSnapshot(296)) - group-D0D30A56F006: Taking a snapshot at:(t:1, i:76) file /workdir/hadoop-ozone/tools/target/test-dir/MiniOzoneClusterImpl-7ffb0c6d-bf6f-42b9-8db5-48ab626f9bc5/datanode-1/data/ratis/5da8e90e-25af-4037-9ddc-d0d30a56f006/sm/snapshot.1_76
2019-10-18 20:55:32,027 [b305240d-f12b-4d5b-b01c-ced15363fe88@group-D0D30A56F006-StateMachineUpdater] INFO  ratis.ContainerStateMachine (ContainerStateMachine.java:takeSnapshot(307)) - group-D0D30A56F006: Finished taking a snapshot at:(t:1, i:76) file:/workdir/hadoop-ozone/tools/target/test-dir/MiniOzoneClusterImpl-7ffb0c6d-bf6f-42b9-8db5-48ab626f9bc5/datanode-1/data/ratis/5da8e90e-25af-4037-9ddc-d0d30a56f006/sm/snapshot.1_76 time:16
2019-10-18 20:55:32,027 [b305240d-f12b-4d5b-b01c-ced15363fe88@group-D0D30A56F006-StateMachineUpdater] INFO  impl.StateMachineUpdater (StateMachineUpdater.java:takeSnapshot(269)) - b305240d-f12b-4d5b-b01c-ced15363fe88@group-D0D30A56F006-StateMachineUpdater: Took a snapshot at index 76
2019-10-18 20:55:32,027 [b305240d-f12b-4d5b-b01c-ced15363fe88@group-D0D30A56F006-StateMachineUpdater] INFO  impl.StateMachineUpdater (StateMachineUpdater.java:lambda$new$0(84)) - b305240d-f12b-4d5b-b01c-ced15363fe88@group-D0D30A56F006-StateMachineUpdater: snapshotIndex: updateIncreasingly -1 -> 76
2019-10-18 20:55:32,027 [b305240d-f12b-4d5b-b01c-ced15363fe88@group-D0D30A56F006-StateMachineUpdater] INFO  ratis.ContainerStateMachine (ContainerStateMachine.java:takeSnapshot(296)) - group-D0D30A56F006: Taking a snapshot at:(t:1, i:76) file /workdir/hadoop-ozone/tools/target/test-dir/MiniOzoneClusterImpl-7ffb0c6d-bf6f-42b9-8db5-48ab626f9bc5/datanode-1/data/ratis/5da8e90e-25af-4037-9ddc-d0d30a56f006/sm/snapshot.1_76
2019-10-18 20:55:32,040 [b305240d-f12b-4d5b-b01c-ced15363fe88@group-D0D30A56F006-StateMachineUpdater] INFO  ratis.ContainerStateMachine (ContainerStateMachine.java:takeSnapshot(307)) - group-D0D30A56F006: Finished taking a snapshot at:(t:1, i:76) file:/workdir/hadoop-ozone/tools/target/test-dir/MiniOzoneClusterImpl-7ffb0c6d-bf6f-42b9-8db5-48ab626f9bc5/datanode-1/data/ratis/5da8e90e-25af-4037-9ddc-d0d30a56f006/sm/snapshot.1_76 time:12
2019-10-18 20:55:32,040 [b305240d-f12b-4d5b-b01c-ced15363fe88@group-D0D30A56F006-StateMachineUpdater] INFO  impl.StateMachineUpdater (StateMachineUpdater.java:takeSnapshot(269)) - b305240d-f12b-4d5b-b01c-ced15363fe88@group-D0D30A56F006-StateMachineUpdater: Took a snapshot at index 76
2019-10-18 20:55:32,040 [b305240d-f12b-4d5b-b01c-ced15363fe88@group-D0D30A56F006-StateMachineUpdater] INFO  impl.StateMachineUpdater (StateMachineUpdater.java:lambda$new$0(84)) - b305240d-f12b-4d5b-b01c-ced15363fe88@group-D0D30A56F006-StateMachineUpdater: snapshotIndex: updateIncreasingly 76 -> 76
2019-10-18 20:55:32,041 [grpc-default-executor-2] INFO  impl.RaftServerImpl (ServerState.java:close(387)) - b305240d-f12b-4d5b-b01c-ced15363fe88@group-D0D30A56F006: closes. applyIndex: 78
2019-10-18 20:55:32,042 [b305240d-f12b-4d5b-b01c-ced15363fe88@group-D0D30A56F006-SegmentedRaftLogWorker] INFO  segmented.SegmentedRaftLogWorker (SegmentedRaftLogWorker.java:run(316)) - b305240d-f12b-4d5b-b01c-ced15363fe88@group-D0D30A56F006-SegmentedRaftLogWorker was interrupted, exiting. There are 0 tasks remaining in the queue.
2019-10-18 20:55:32,043 [grpc-default-executor-2] INFO  segmented.SegmentedRaftLogWorker (SegmentedRaftLogWorker.java:close(224)) - b305240d-f12b-4d5b-b01c-ced15363fe88@group-D0D30A56F006-SegmentedRaftLogWorker close()
2019-10-18 20:55:32,064 [grpc-default-executor-2] INFO  interfaces.Container (KeyValueContainer.java:flushAndSyncDB(386)) - Container 1 is synced with bcsId 60.
2019-10-18 20:55:32,064 [grpc-default-executor-2] INFO  interfaces.Container (KeyValueContainer.java:flushAndSyncDB(386)) - Container 1 is synced with bcsId 60.
2019-10-18 20:55:32,122 [grpc-default-executor-2] INFO  interfaces.Container (KeyValueContainer.java:flushAndSyncDB(386)) - Container 2 is synced with bcsId 76.
2019-10-18 20:55:32,122 [grpc-default-executor-2] INFO  interfaces.Container (KeyValueContainer.java:flushAndSyncDB(386)) - Container 2 is synced with bcsId 76.
2019-10-18 20:55:32,162 [grpc-default-executor-2] INFO  interfaces.Container (KeyValueContainer.java:flushAndSyncDB(386)) - Container 3 is synced with bcsId 42.
2019-10-18 20:55:32,163 [grpc-default-executor-2] INFO  interfaces.Container (KeyValueContainer.java:flushAndSyncDB(386)) - Container 3 is synced with bcsId 42.
2019-10-18 20:55:32,190 [main] INFO  pipeline.PipelineStateManager (PipelineStateManager.java:removePipeline(106)) - Pipeline Pipeline[ Id: 5da8e90e-25af-4037-9ddc-d0d30a56f006, Nodes: a8e8c8af-b52c-4c0a-be8a-5ae927a6c960{ip: 192.168.69.98, host: pr-hdds-1868-rxw48-2170960119, networkLocation: /default-rack, certSerialId: null}03857d94-0829-4b29-a02a-96a6826905c2{ip: 192.168.69.98, host: pr-hdds-1868-rxw48-2170960119, networkLocation: /default-rack, certSerialId: null}b305240d-f12b-4d5b-b01c-ced15363fe88{ip: 192.168.69.98, host: pr-hdds-1868-rxw48-2170960119, networkLocation: /default-rack, certSerialId: null}, Type:RATIS, Factor:THREE, State:CLOSED] removed from db
2019-10-18 20:55:32,206 [grpc-default-executor-1] INFO  impl.RaftServerProxy (RaftServerProxy.java:addNew(89)) - 03857d94-0829-4b29-a02a-96a6826905c2: addNew group-5810ABB22441:[a8e8c8af-b52c-4c0a-be8a-5ae927a6c960:192.168.69.98:37745, b305240d-f12b-4d5b-b01c-ced15363fe88:192.168.69.98:46566, 03857d94-0829-4b29-a02a-96a6826905c2:192.168.69.98:37908] returns group-5810ABB22441:java.util.concurrent.CompletableFuture@167c308e[Not completed]
2019-10-18 20:55:32,206 [grpc-default-executor-0] INFO  impl.RaftServerProxy (RaftServerProxy.java:addNew(89)) - a8e8c8af-b52c-4c0a-be8a-5ae927a6c960: addNew group-5810ABB22441:[a8e8c8af-b52c-4c0a-be8a-5ae927a6c960:192.168.69.98:37745, b305240d-f12b-4d5b-b01c-ced15363fe88:192.168.69.98:46566, 03857d94-0829-4b29-a02a-96a6826905c2:192.168.69.98:37908] returns group-5810ABB22441:java.util.concurrent.CompletableFuture@64883e41[Not completed]
2019-10-18 20:55:32,212 [grpc-default-executor-2] INFO  impl.RaftServerProxy (RaftServerProxy.java:addNew(89)) - b305240d-f12b-4d5b-b01c-ced15363fe88: addNew group-5810ABB22441:[a8e8c8af-b52c-4c0a-be8a-5ae927a6c960:192.168.69.98:37745, b305240d-f12b-4d5b-b01c-ced15363fe88:192.168.69.98:46566, 03857d94-0829-4b29-a02a-96a6826905c2:192.168.69.98:37908] returns group-5810ABB22441:java.util.concurrent.CompletableFuture@26d01e74[Not completed]
2019-10-18 20:55:32,217 [pool-27-thread-1] INFO  impl.RaftServerImpl (RaftServerImpl.java:<init>(98)) - a8e8c8af-b52c-4c0a-be8a-5ae927a6c960: new RaftServerImpl for group-5810ABB22441:[a8e8c8af-b52c-4c0a-be8a-5ae927a6c960:192.168.69.98:37745, b305240d-f12b-4d5b-b01c-ced15363fe88:192.168.69.98:46566, 03857d94-0829-4b29-a02a-96a6826905c2:192.168.69.98:37908] with ContainerStateMachine:uninitialized
2019-10-18 20:55:32,217 [pool-27-thread-1] INFO  server.RaftServerConfigKeys (ConfUtils.java:logGet(43)) - raft.server.rpc.timeout.min = 5s (custom)
2019-10-18 20:55:32,218 [pool-27-thread-1] INFO  server.RaftServerConfigKeys (ConfUtils.java:logGet(43)) - raft.server.rpc.timeout.max = 5200ms (custom)
2019-10-18 20:55:32,218 [pool-27-thread-1] INFO  server.RaftServerConfigKeys (ConfUtils.java:logGet(43)) - raft.server.rpcslowness.timeout = 120s (custom)
2019-10-18 20:55:32,218 [pool-27-thread-1] INFO  server.RaftServerConfigKeys (ConfUtils.java:logGet(43)) - raft.server.sleep.deviation.threshold = 300 (default)
2019-10-18 20:55:32,218 [pool-27-thread-1] INFO  server.RaftServerConfigKeys (ConfUtils.java:logGet(43)) - raft.server.log.appender.install.snapshot.enabled = false (custom)
2019-10-18 20:55:32,219 [pool-27-thread-1] INFO  impl.RaftServerImpl (ServerState.java:<init>(103)) - a8e8c8af-b52c-4c0a-be8a-5ae927a6c960@group-5810ABB22441: ConfigurationManager, init=-1: [a8e8c8af-b52c-4c0a-be8a-5ae927a6c960:192.168.69.98:37745, b305240d-f12b-4d5b-b01c-ced15363fe88:192.168.69.98:46566, 03857d94-0829-4b29-a02a-96a6826905c2:192.168.69.98:37908], old=null, confs=<EMPTY_MAP>
2019-10-18 20:55:32,219 [pool-27-thread-1] INFO  server.RaftServerConfigKeys (ConfUtils.java:logGet(43)) - raft.server.storage.dir = [/workdir/hadoop-ozone/tools/target/test-dir/MiniOzoneClusterImpl-7ffb0c6d-bf6f-42b9-8db5-48ab626f9bc5/datanode-0/data/ratis] (custom)
2019-10-18 20:55:32,219 [pool-37-thread-1] INFO  impl.RaftServerImpl (RaftServerImpl.java:<init>(98)) - b305240d-f12b-4d5b-b01c-ced15363fe88: new RaftServerImpl for group-5810ABB22441:[a8e8c8af-b52c-4c0a-be8a-5ae927a6c960:192.168.69.98:37745, b305240d-f12b-4d5b-b01c-ced15363fe88:192.168.69.98:46566, 03857d94-0829-4b29-a02a-96a6826905c2:192.168.69.98:37908] with ContainerStateMachine:uninitialized
2019-10-18 20:55:32,220 [pool-27-thread-1] INFO  server.RaftServerConfigKeys (ConfUtils.java:logGet(43)) - raft.server.log.corruption.policy = EXCEPTION (default)
2019-10-18 20:55:32,220 [pool-37-thread-1] INFO  server.RaftServerConfigKeys (ConfUtils.java:logGet(43)) - raft.server.rpc.timeout.min = 5s (custom)
2019-10-18 20:55:32,220 [pool-27-thread-1] INFO  storage.RaftStorageDirectory (RaftStorageDirectory.java:analyzeStorage(246)) - The storage directory /workdir/hadoop-ozone/tools/target/test-dir/MiniOzoneClusterImpl-7ffb0c6d-bf6f-42b9-8db5-48ab626f9bc5/datanode-0/data/ratis/7817ca0e-ea25-435a-b134-5810abb22441 does not exist. Creating ...
2019-10-18 20:55:32,220 [pool-37-thread-1] INFO  server.RaftServerConfigKeys (ConfUtils.java:logGet(43)) - raft.server.rpc.timeout.max = 5200ms (custom)
2019-10-18 20:55:32,220 [pool-37-thread-1] INFO  server.RaftServerConfigKeys (ConfUtils.java:logGet(43)) - raft.server.rpcslowness.timeout = 120s (custom)
2019-10-18 20:55:32,221 [pool-37-thread-1] INFO  server.RaftServerConfigKeys (ConfUtils.java:logGet(43)) - raft.server.sleep.deviation.threshold = 300 (default)
2019-10-18 20:55:32,221 [pool-37-thread-1] INFO  server.RaftServerConfigKeys (ConfUtils.java:logGet(43)) - raft.server.log.appender.install.snapshot.enabled = false (custom)
2019-10-18 20:55:32,221 [pool-37-thread-1] INFO  impl.RaftServerImpl (ServerState.java:<init>(103)) - b305240d-f12b-4d5b-b01c-ced15363fe88@group-5810ABB22441: ConfigurationManager, init=-1: [a8e8c8af-b52c-4c0a-be8a-5ae927a6c960:192.168.69.98:37745, b305240d-f12b-4d5b-b01c-ced15363fe88:192.168.69.98:46566, 03857d94-0829-4b29-a02a-96a6826905c2:192.168.69.98:37908], old=null, confs=<EMPTY_MAP>
2019-10-18 20:55:32,222 [pool-37-thread-1] INFO  server.RaftServerConfigKeys (ConfUtils.java:logGet(43)) - raft.server.storage.dir = [/workdir/hadoop-ozone/tools/target/test-dir/MiniOzoneClusterImpl-7ffb0c6d-bf6f-42b9-8db5-48ab626f9bc5/datanode-1/data/ratis] (custom)
2019-10-18 20:55:32,222 [pool-47-thread-1] INFO  impl.RaftServerImpl (RaftServerImpl.java:<init>(98)) - 03857d94-0829-4b29-a02a-96a6826905c2: new RaftServerImpl for group-5810ABB22441:[a8e8c8af-b52c-4c0a-be8a-5ae927a6c960:192.168.69.98:37745, b305240d-f12b-4d5b-b01c-ced15363fe88:192.168.69.98:46566, 03857d94-0829-4b29-a02a-96a6826905c2:192.168.69.98:37908] with ContainerStateMachine:uninitialized
2019-10-18 20:55:32,222 [pool-47-thread-1] INFO  server.RaftServerConfigKeys (ConfUtils.java:logGet(43)) - raft.server.rpc.timeout.min = 5s (custom)
2019-10-18 20:55:32,222 [pool-37-thread-1] INFO  server.RaftServerConfigKeys (ConfUtils.java:logGet(43)) - raft.server.log.corruption.policy = EXCEPTION (default)
2019-10-18 20:55:32,222 [pool-47-thread-1] INFO  server.RaftServerConfigKeys (ConfUtils.java:logGet(43)) - raft.server.rpc.timeout.max = 5200ms (custom)
2019-10-18 20:55:32,223 [pool-37-thread-1] INFO  storage.RaftStorageDirectory (RaftStorageDirectory.java:analyzeStorage(246)) - The storage directory /workdir/hadoop-ozone/tools/target/test-dir/MiniOzoneClusterImpl-7ffb0c6d-bf6f-42b9-8db5-48ab626f9bc5/datanode-1/data/ratis/7817ca0e-ea25-435a-b134-5810abb22441 does not exist. Creating ...
2019-10-18 20:55:32,223 [pool-47-thread-1] INFO  server.RaftServerConfigKeys (ConfUtils.java:logGet(43)) - raft.server.rpcslowness.timeout = 120s (custom)
2019-10-18 20:55:32,223 [pool-47-thread-1] INFO  server.RaftServerConfigKeys (ConfUtils.java:logGet(43)) - raft.server.sleep.deviation.threshold = 300 (default)
2019-10-18 20:55:32,223 [pool-47-thread-1] INFO  server.RaftServerConfigKeys (ConfUtils.java:logGet(43)) - raft.server.log.appender.install.snapshot.enabled = false (custom)
2019-10-18 20:55:32,223 [pool-47-thread-1] INFO  impl.RaftServerImpl (ServerState.java:<init>(103)) - 03857d94-0829-4b29-a02a-96a6826905c2@group-5810ABB22441: ConfigurationManager, init=-1: [a8e8c8af-b52c-4c0a-be8a-5ae927a6c960:192.168.69.98:37745, b305240d-f12b-4d5b-b01c-ced15363fe88:192.168.69.98:46566, 03857d94-0829-4b29-a02a-96a6826905c2:192.168.69.98:37908], old=null, confs=<EMPTY_MAP>
2019-10-18 20:55:32,224 [pool-47-thread-1] INFO  server.RaftServerConfigKeys (ConfUtils.java:logGet(43)) - raft.server.storage.dir = [/workdir/hadoop-ozone/tools/target/test-dir/MiniOzoneClusterImpl-7ffb0c6d-bf6f-42b9-8db5-48ab626f9bc5/datanode-2/data/ratis] (custom)
2019-10-18 20:55:32,224 [pool-47-thread-1] INFO  server.RaftServerConfigKeys (ConfUtils.java:logGet(43)) - raft.server.log.corruption.policy = EXCEPTION (default)
2019-10-18 20:55:32,224 [pool-47-thread-1] INFO  storage.RaftStorageDirectory (RaftStorageDirectory.java:analyzeStorage(246)) - The storage directory /workdir/hadoop-ozone/tools/target/test-dir/MiniOzoneClusterImpl-7ffb0c6d-bf6f-42b9-8db5-48ab626f9bc5/datanode-2/data/ratis/7817ca0e-ea25-435a-b134-5810abb22441 does not exist. Creating ...
2019-10-18 20:55:32,234 [pool-27-thread-1] INFO  storage.RaftStorageDirectory (RaftStorageDirectory.java:tryLock(328)) - Lock on /workdir/hadoop-ozone/tools/target/test-dir/MiniOzoneClusterImpl-7ffb0c6d-bf6f-42b9-8db5-48ab626f9bc5/datanode-0/data/ratis/7817ca0e-ea25-435a-b134-5810abb22441/in_use.lock acquired by nodename 10793@pr-hdds-1868-rxw48-2170960119
2019-10-18 20:55:32,234 [pool-47-thread-1] INFO  storage.RaftStorageDirectory (RaftStorageDirectory.java:tryLock(328)) - Lock on /workdir/hadoop-ozone/tools/target/test-dir/MiniOzoneClusterImpl-7ffb0c6d-bf6f-42b9-8db5-48ab626f9bc5/datanode-2/data/ratis/7817ca0e-ea25-435a-b134-5810abb22441/in_use.lock acquired by nodename 10793@pr-hdds-1868-rxw48-2170960119
2019-10-18 20:55:32,234 [pool-37-thread-1] INFO  storage.RaftStorageDirectory (RaftStorageDirectory.java:tryLock(328)) - Lock on /workdir/hadoop-ozone/tools/target/test-dir/MiniOzoneClusterImpl-7ffb0c6d-bf6f-42b9-8db5-48ab626f9bc5/datanode-1/data/ratis/7817ca0e-ea25-435a-b134-5810abb22441/in_use.lock acquired by nodename 10793@pr-hdds-1868-rxw48-2170960119
2019-10-18 20:55:32,249 [pool-27-thread-1] INFO  storage.RaftStorage (RaftStorage.java:format(84)) - Storage directory /workdir/hadoop-ozone/tools/target/test-dir/MiniOzoneClusterImpl-7ffb0c6d-bf6f-42b9-8db5-48ab626f9bc5/datanode-0/data/ratis/7817ca0e-ea25-435a-b134-5810abb22441 has been successfully formatted.
2019-10-18 20:55:32,249 [pool-47-thread-1] INFO  storage.RaftStorage (RaftStorage.java:format(84)) - Storage directory /workdir/hadoop-ozone/tools/target/test-dir/MiniOzoneClusterImpl-7ffb0c6d-bf6f-42b9-8db5-48ab626f9bc5/datanode-2/data/ratis/7817ca0e-ea25-435a-b134-5810abb22441 has been successfully formatted.
2019-10-18 20:55:32,249 [pool-37-thread-1] INFO  storage.RaftStorage (RaftStorage.java:format(84)) - Storage directory /workdir/hadoop-ozone/tools/target/test-dir/MiniOzoneClusterImpl-7ffb0c6d-bf6f-42b9-8db5-48ab626f9bc5/datanode-1/data/ratis/7817ca0e-ea25-435a-b134-5810abb22441 has been successfully formatted.
2019-10-18 20:55:32,250 [pool-27-thread-1] INFO  ratis.ContainerStateMachine (ContainerStateMachine.java:loadSnapshot(233)) - group-5810ABB22441: The snapshot info is null. Setting the last applied indexto:(t:0, i:~)
2019-10-18 20:55:32,250 [pool-47-thread-1] INFO  ratis.ContainerStateMachine (ContainerStateMachine.java:loadSnapshot(233)) - group-5810ABB22441: The snapshot info is null. Setting the last applied indexto:(t:0, i:~)
2019-10-18 20:55:32,250 [pool-27-thread-1] INFO  server.RaftServerConfigKeys (ConfUtils.java:logGet(43)) - raft.server.notification.no-leader.timeout = 120s (custom)
2019-10-18 20:55:32,250 [pool-37-thread-1] INFO  ratis.ContainerStateMachine (ContainerStateMachine.java:loadSnapshot(233)) - group-5810ABB22441: The snapshot info is null. Setting the last applied indexto:(t:0, i:~)
2019-10-18 20:55:32,251 [pool-27-thread-1] INFO  server.RaftServerConfigKeys (ConfUtils.java:logGet(43)) - raft.server.log.use.memory = false (default)
2019-10-18 20:55:32,251 [pool-47-thread-1] INFO  server.RaftServerConfigKeys (ConfUtils.java:logGet(43)) - raft.server.notification.no-leader.timeout = 120s (custom)
2019-10-18 20:55:32,251 [pool-27-thread-1] INFO  server.RaftServerConfigKeys (ConfUtils.java:logGet(43)) - raft.server.log.purge.gap = 1000000 (custom)
2019-10-18 20:55:32,251 [pool-37-thread-1] INFO  server.RaftServerConfigKeys (ConfUtils.java:logGet(43)) - raft.server.notification.no-leader.timeout = 120s (custom)
2019-10-18 20:55:32,251 [pool-27-thread-1] INFO  server.RaftServerConfigKeys (ConfUtils.java:logGet(43)) - raft.server.log.appender.buffer.byte-limit = 33554432 (custom)
2019-10-18 20:55:32,251 [pool-47-thread-1] INFO  server.RaftServerConfigKeys (ConfUtils.java:logGet(43)) - raft.server.log.use.memory = false (default)
2019-10-18 20:55:32,252 [pool-27-thread-1] INFO  server.RaftServerConfigKeys (ConfUtils.java:logGet(43)) - raft.server.log.segment.size.max = 1048576 (custom)
2019-10-18 20:55:32,252 [pool-37-thread-1] INFO  server.RaftServerConfigKeys (ConfUtils.java:logGet(43)) - raft.server.log.use.memory = false (default)
2019-10-18 20:55:32,252 [pool-27-thread-1] INFO  server.RaftServerConfigKeys (ConfUtils.java:logGet(43)) - raft.server.log.segment.cache.num.max = 2 (custom)
2019-10-18 20:55:32,252 [pool-47-thread-1] INFO  server.RaftServerConfigKeys (ConfUtils.java:logGet(43)) - raft.server.log.purge.gap = 1000000 (custom)
2019-10-18 20:55:32,253 [pool-27-thread-1] INFO  segmented.SegmentedRaftLogWorker (SegmentedRaftLogWorker.java:<init>(173)) - new a8e8c8af-b52c-4c0a-be8a-5ae927a6c960@group-5810ABB22441-SegmentedRaftLogWorker for RaftStorage:Storage Directory /workdir/hadoop-ozone/tools/target/test-dir/MiniOzoneClusterImpl-7ffb0c6d-bf6f-42b9-8db5-48ab626f9bc5/datanode-0/data/ratis/7817ca0e-ea25-435a-b134-5810abb22441
2019-10-18 20:55:32,252 [pool-37-thread-1] INFO  server.RaftServerConfigKeys (ConfUtils.java:logGet(43)) - raft.server.log.purge.gap = 1000000 (custom)
2019-10-18 20:55:32,253 [pool-27-thread-1] INFO  server.RaftServerConfigKeys (ConfUtils.java:logGet(43)) - raft.server.log.queue.byte-limit = 2147483647 (custom)
2019-10-18 20:55:32,253 [pool-47-thread-1] INFO  server.RaftServerConfigKeys (ConfUtils.java:logGet(43)) - raft.server.log.appender.buffer.byte-limit = 33554432 (custom)
2019-10-18 20:55:32,253 [pool-27-thread-1] INFO  server.RaftServerConfigKeys (ConfUtils.java:logGet(43)) - raft.server.log.queue.element-limit = 1024 (custom)
2019-10-18 20:55:32,253 [pool-37-thread-1] INFO  server.RaftServerConfigKeys (ConfUtils.java:logGet(43)) - raft.server.log.appender.buffer.byte-limit = 33554432 (custom)
2019-10-18 20:55:32,254 [pool-27-thread-1] INFO  server.RaftServerConfigKeys (ConfUtils.java:logGet(43)) - raft.server.log.segment.size.max = 1048576 (custom)
2019-10-18 20:55:32,254 [pool-47-thread-1] INFO  server.RaftServerConfigKeys (ConfUtils.java:logGet(43)) - raft.server.log.segment.size.max = 1048576 (custom)
2019-10-18 20:55:32,254 [pool-27-thread-1] INFO  server.RaftServerConfigKeys (ConfUtils.java:logGet(43)) - raft.server.log.preallocated.size = 16384 (custom)
2019-10-18 20:55:32,254 [pool-37-thread-1] INFO  server.RaftServerConfigKeys (ConfUtils.java:logGet(43)) - raft.server.log.segment.size.max = 1048576 (custom)
2019-10-18 20:55:32,254 [pool-27-thread-1] INFO  server.RaftServerConfigKeys (ConfUtils.java:logGet(43)) - raft.server.log.write.buffer.size = 33554432 (custom)
2019-10-18 20:55:32,254 [pool-47-thread-1] INFO  server.RaftServerConfigKeys (ConfUtils.java:logGet(43)) - raft.server.log.segment.cache.num.max = 2 (custom)
2019-10-18 20:55:32,255 [pool-27-thread-1] INFO  server.RaftServerConfigKeys (ConfUtils.java:logGet(43)) - raft.server.log.force.sync.num = 128 (default)
2019-10-18 20:55:32,255 [pool-37-thread-1] INFO  server.RaftServerConfigKeys (ConfUtils.java:logGet(43)) - raft.server.log.segment.cache.num.max = 2 (custom)
2019-10-18 20:55:32,255 [pool-27-thread-1] INFO  server.RaftServerConfigKeys (ConfUtils.java:logGet(43)) - raft.server.log.statemachine.data.sync = true (default)
2019-10-18 20:55:32,255 [pool-47-thread-1] INFO  segmented.SegmentedRaftLogWorker (SegmentedRaftLogWorker.java:<init>(173)) - new 03857d94-0829-4b29-a02a-96a6826905c2@group-5810ABB22441-SegmentedRaftLogWorker for RaftStorage:Storage Directory /workdir/hadoop-ozone/tools/target/test-dir/MiniOzoneClusterImpl-7ffb0c6d-bf6f-42b9-8db5-48ab626f9bc5/datanode-2/data/ratis/7817ca0e-ea25-435a-b134-5810abb22441
2019-10-18 20:55:32,256 [pool-27-thread-1] INFO  server.RaftServerConfigKeys (ConfUtils.java:logGet(43)) - raft.server.log.statemachine.data.sync.timeout = 10s (default)
2019-10-18 20:55:32,255 [pool-37-thread-1] INFO  segmented.SegmentedRaftLogWorker (SegmentedRaftLogWorker.java:<init>(173)) - new b305240d-f12b-4d5b-b01c-ced15363fe88@group-5810ABB22441-SegmentedRaftLogWorker for RaftStorage:Storage Directory /workdir/hadoop-ozone/tools/target/test-dir/MiniOzoneClusterImpl-7ffb0c6d-bf6f-42b9-8db5-48ab626f9bc5/datanode-1/data/ratis/7817ca0e-ea25-435a-b134-5810abb22441
2019-10-18 20:55:32,256 [pool-27-thread-1] INFO  server.RaftServerConfigKeys (ConfUtils.java:logGet(43)) - raft.server.log.statemachine.data.sync.timeout.retry = -1 (default)
2019-10-18 20:55:32,256 [pool-47-thread-1] INFO  server.RaftServerConfigKeys (ConfUtils.java:logGet(43)) - raft.server.log.queue.byte-limit = 2147483647 (custom)
2019-10-18 20:55:32,256 [pool-37-thread-1] INFO  server.RaftServerConfigKeys (ConfUtils.java:logGet(43)) - raft.server.log.queue.byte-limit = 2147483647 (custom)
2019-10-18 20:55:32,257 [pool-27-thread-1] INFO  server.RaftServerConfigKeys (ConfUtils.java:logGet(43)) - raft.server.log.statemachine.data.caching.enabled = true (custom)
2019-10-18 20:55:32,256 [pool-47-thread-1] INFO  server.RaftServerConfigKeys (ConfUtils.java:logGet(43)) - raft.server.log.queue.element-limit = 1024 (custom)
2019-10-18 20:55:32,257 [pool-37-thread-1] INFO  server.RaftServerConfigKeys (ConfUtils.java:logGet(43)) - raft.server.log.queue.element-limit = 1024 (custom)
2019-10-18 20:55:32,257 [pool-47-thread-1] INFO  server.RaftServerConfigKeys (ConfUtils.java:logGet(43)) - raft.server.log.segment.size.max = 1048576 (custom)
2019-10-18 20:55:32,257 [pool-37-thread-1] INFO  server.RaftServerConfigKeys (ConfUtils.java:logGet(43)) - raft.server.log.segment.size.max = 1048576 (custom)
2019-10-18 20:55:32,258 [pool-27-thread-1] INFO  segmented.SegmentedRaftLogWorker (SegmentedRaftLogWorker.java:lambda$new$0(128)) - a8e8c8af-b52c-4c0a-be8a-5ae927a6c960@group-5810ABB22441-SegmentedRaftLogWorker: flushIndex: setUnconditionally 0 -> -1
2019-10-18 20:55:32,257 [pool-47-thread-1] INFO  server.RaftServerConfigKeys (ConfUtils.java:logGet(43)) - raft.server.log.preallocated.size = 16384 (custom)
2019-10-18 20:55:32,258 [pool-37-thread-1] INFO  server.RaftServerConfigKeys (ConfUtils.java:logGet(43)) - raft.server.log.preallocated.size = 16384 (custom)
2019-10-18 20:55:32,258 [pool-27-thread-1] INFO  server.RaftServerConfigKeys (ConfUtils.java:logGet(43)) - raft.server.snapshot.auto.trigger.enabled = true (custom)
2019-10-18 20:55:32,258 [pool-37-thread-1] INFO  server.RaftServerConfigKeys (ConfUtils.java:logGet(43)) - raft.server.log.write.buffer.size = 33554432 (custom)
2019-10-18 20:55:32,258 [pool-47-thread-1] INFO  server.RaftServerConfigKeys (ConfUtils.java:logGet(43)) - raft.server.log.write.buffer.size = 33554432 (custom)
2019-10-18 20:55:32,259 [pool-37-thread-1] INFO  server.RaftServerConfigKeys (ConfUtils.java:logGet(43)) - raft.server.log.force.sync.num = 128 (default)
2019-10-18 20:55:32,259 [pool-27-thread-1] INFO  server.RaftServerConfigKeys (ConfUtils.java:logGet(43)) - raft.server.snapshot.auto.trigger.threshold = 10000 (custom)
2019-10-18 20:55:32,259 [pool-37-thread-1] INFO  server.RaftServerConfigKeys (ConfUtils.java:logGet(43)) - raft.server.log.statemachine.data.sync = true (default)
2019-10-18 20:55:32,259 [pool-47-thread-1] INFO  server.RaftServerConfigKeys (ConfUtils.java:logGet(43)) - raft.server.log.force.sync.num = 128 (default)
2019-10-18 20:55:32,259 [pool-37-thread-1] INFO  server.RaftServerConfigKeys (ConfUtils.java:logGet(43)) - raft.server.log.statemachine.data.sync.timeout = 10s (default)
2019-10-18 20:55:32,259 [pool-27-thread-1] INFO  server.RaftServerConfigKeys (ConfUtils.java:logGet(43)) - raft.server.snapshot.retention.file.num = 5 (custom)
2019-10-18 20:55:32,260 [pool-37-thread-1] INFO  server.RaftServerConfigKeys (ConfUtils.java:logGet(43)) - raft.server.log.statemachine.data.sync.timeout.retry = -1 (default)
2019-10-18 20:55:32,260 [pool-27-thread-1] INFO  server.RaftServerConfigKeys (ConfUtils.java:logGet(43)) - raft.server.retrycache.expirytime = 600000ms (custom)
2019-10-18 20:55:32,260 [pool-47-thread-1] INFO  server.RaftServerConfigKeys (ConfUtils.java:logGet(43)) - raft.server.log.statemachine.data.sync = true (default)
2019-10-18 20:55:32,260 [pool-37-thread-1] INFO  server.RaftServerConfigKeys (ConfUtils.java:logGet(43)) - raft.server.log.statemachine.data.caching.enabled = true (custom)
2019-10-18 20:55:32,261 [pool-47-thread-1] INFO  server.RaftServerConfigKeys (ConfUtils.java:logGet(43)) - raft.server.log.statemachine.data.sync.timeout = 10s (default)
2019-10-18 20:55:32,261 [pool-27-thread-1] WARN  impl.MetricRegistriesImpl (MetricRegistriesImpl.java:lambda$create$1(61)) - First MetricRegistry has been created without registering reporters. You may need to call MetricRegistries.global().addReportRegistration(...) before.
2019-10-18 20:55:32,261 [pool-47-thread-1] INFO  server.RaftServerConfigKeys (ConfUtils.java:logGet(43)) - raft.server.log.statemachine.data.sync.timeout.retry = -1 (default)
2019-10-18 20:55:32,261 [pool-37-thread-1] INFO  segmented.SegmentedRaftLogWorker (SegmentedRaftLogWorker.java:lambda$new$0(128)) - b305240d-f12b-4d5b-b01c-ced15363fe88@group-5810ABB22441-SegmentedRaftLogWorker: flushIndex: setUnconditionally 0 -> -1
2019-10-18 20:55:32,261 [pool-27-thread-1] WARN  impl.MetricRegistriesImpl (MetricRegistriesImpl.java:lambda$create$1(61)) - First MetricRegistry has been created without registering reporters. You may need to call MetricRegistries.global().addReportRegistration(...) before.
2019-10-18 20:55:32,262 [pool-47-thread-1] INFO  server.RaftServerConfigKeys (ConfUtils.java:logGet(43)) - raft.server.log.statemachine.data.caching.enabled = true (custom)
2019-10-18 20:55:32,262 [pool-37-thread-1] INFO  server.RaftServerConfigKeys (ConfUtils.java:logGet(43)) - raft.server.snapshot.auto.trigger.enabled = true (custom)
2019-10-18 20:55:32,262 [pool-37-thread-1] INFO  server.RaftServerConfigKeys (ConfUtils.java:logGet(43)) - raft.server.snapshot.auto.trigger.threshold = 10000 (custom)
2019-10-18 20:55:32,262 [pool-47-thread-1] INFO  segmented.SegmentedRaftLogWorker (SegmentedRaftLogWorker.java:lambda$new$0(128)) - 03857d94-0829-4b29-a02a-96a6826905c2@group-5810ABB22441-SegmentedRaftLogWorker: flushIndex: setUnconditionally 0 -> -1
2019-10-18 20:55:32,262 [pool-27-thread-1] INFO  impl.RaftServerImpl (RaftServerImpl.java:start(184)) - a8e8c8af-b52c-4c0a-be8a-5ae927a6c960@group-5810ABB22441: start as a follower, conf=-1: [a8e8c8af-b52c-4c0a-be8a-5ae927a6c960:192.168.69.98:37745, b305240d-f12b-4d5b-b01c-ced15363fe88:192.168.69.98:46566, 03857d94-0829-4b29-a02a-96a6826905c2:192.168.69.98:37908], old=null
2019-10-18 20:55:32,262 [pool-37-thread-1] INFO  server.RaftServerConfigKeys (ConfUtils.java:logGet(43)) - raft.server.snapshot.retention.file.num = 5 (custom)
2019-10-18 20:55:32,263 [pool-47-thread-1] INFO  server.RaftServerConfigKeys (ConfUtils.java:logGet(43)) - raft.server.snapshot.auto.trigger.enabled = true (custom)
2019-10-18 20:55:32,263 [pool-27-thread-1] INFO  impl.RaftServerImpl (RaftServerImpl.java:setRole(173)) - a8e8c8af-b52c-4c0a-be8a-5ae927a6c960@group-5810ABB22441: changes role from      null to FOLLOWER at term 0 for startAsFollower
2019-10-18 20:55:32,263 [pool-47-thread-1] INFO  server.RaftServerConfigKeys (ConfUtils.java:logGet(43)) - raft.server.snapshot.auto.trigger.threshold = 10000 (custom)
2019-10-18 20:55:32,264 [pool-27-thread-1] INFO  impl.RoleInfo (RoleInfo.java:updateAndGet(143)) - a8e8c8af-b52c-4c0a-be8a-5ae927a6c960: start FollowerState
2019-10-18 20:55:32,263 [pool-37-thread-1] INFO  server.RaftServerConfigKeys (ConfUtils.java:logGet(43)) - raft.server.retrycache.expirytime = 600000ms (custom)
2019-10-18 20:55:32,264 [pool-47-thread-1] INFO  server.RaftServerConfigKeys (ConfUtils.java:logGet(43)) - raft.server.snapshot.retention.file.num = 5 (custom)
2019-10-18 20:55:32,265 [pool-37-thread-1] WARN  impl.MetricRegistriesImpl (MetricRegistriesImpl.java:lambda$create$1(61)) - First MetricRegistry has been created without registering reporters. You may need to call MetricRegistries.global().addReportRegistration(...) before.
2019-10-18 20:55:32,265 [pool-47-thread-1] INFO  server.RaftServerConfigKeys (ConfUtils.java:logGet(43)) - raft.server.retrycache.expirytime = 600000ms (custom)
2019-10-18 20:55:32,265 [pool-37-thread-1] WARN  impl.MetricRegistriesImpl (MetricRegistriesImpl.java:lambda$create$1(61)) - First MetricRegistry has been created without registering reporters. You may need to call MetricRegistries.global().addReportRegistration(...) before.
2019-10-18 20:55:32,265 [pool-47-thread-1] WARN  impl.MetricRegistriesImpl (MetricRegistriesImpl.java:lambda$create$1(61)) - First MetricRegistry has been created without registering reporters. You may need to call MetricRegistries.global().addReportRegistration(...) before.
2019-10-18 20:55:32,265 [pool-27-thread-1] INFO  util.JmxRegister (JmxRegister.java:tryRegister(44)) - Successfully registered JMX Bean with object name Ratis:service=RaftServer,group=group-5810ABB22441,id=a8e8c8af-b52c-4c0a-be8a-5ae927a6c960
2019-10-18 20:55:32,266 [pool-47-thread-1] WARN  impl.MetricRegistriesImpl (MetricRegistriesImpl.java:lambda$create$1(61)) - First MetricRegistry has been created without registering reporters. You may need to call MetricRegistries.global().addReportRegistration(...) before.
2019-10-18 20:55:32,266 [pool-37-thread-1] INFO  impl.RaftServerImpl (RaftServerImpl.java:start(184)) - b305240d-f12b-4d5b-b01c-ced15363fe88@group-5810ABB22441: start as a follower, conf=-1: [a8e8c8af-b52c-4c0a-be8a-5ae927a6c960:192.168.69.98:37745, b305240d-f12b-4d5b-b01c-ced15363fe88:192.168.69.98:46566, 03857d94-0829-4b29-a02a-96a6826905c2:192.168.69.98:37908], old=null
2019-10-18 20:55:32,266 [pool-27-thread-1] WARN  impl.MetricRegistriesImpl (MetricRegistriesImpl.java:lambda$create$1(61)) - First MetricRegistry has been created without registering reporters. You may need to call MetricRegistries.global().addReportRegistration(...) before.
2019-10-18 20:55:32,266 [pool-47-thread-1] INFO  impl.RaftServerImpl (RaftServerImpl.java:start(184)) - 03857d94-0829-4b29-a02a-96a6826905c2@group-5810ABB22441: start as a follower, conf=-1: [a8e8c8af-b52c-4c0a-be8a-5ae927a6c960:192.168.69.98:37745, b305240d-f12b-4d5b-b01c-ced15363fe88:192.168.69.98:46566, 03857d94-0829-4b29-a02a-96a6826905c2:192.168.69.98:37908], old=null
2019-10-18 20:55:32,266 [pool-37-thread-1] INFO  impl.RaftServerImpl (RaftServerImpl.java:setRole(173)) - b305240d-f12b-4d5b-b01c-ced15363fe88@group-5810ABB22441: changes role from      null to FOLLOWER at term 0 for startAsFollower
2019-10-18 20:55:32,266 [pool-47-thread-1] INFO  impl.RaftServerImpl (RaftServerImpl.java:setRole(173)) - 03857d94-0829-4b29-a02a-96a6826905c2@group-5810ABB22441: changes role from      null to FOLLOWER at term 0 for startAsFollower
2019-10-18 20:55:32,267 [pool-37-thread-1] INFO  impl.RoleInfo (RoleInfo.java:updateAndGet(143)) - b305240d-f12b-4d5b-b01c-ced15363fe88: start FollowerState
2019-10-18 20:55:32,267 [pool-47-thread-1] INFO  impl.RoleInfo (RoleInfo.java:updateAndGet(143)) - 03857d94-0829-4b29-a02a-96a6826905c2: start FollowerState
2019-10-18 20:55:32,267 [pool-37-thread-1] INFO  util.JmxRegister (JmxRegister.java:tryRegister(44)) - Successfully registered JMX Bean with object name Ratis:service=RaftServer,group=group-5810ABB22441,id=b305240d-f12b-4d5b-b01c-ced15363fe88
2019-10-18 20:55:32,268 [pool-47-thread-1] INFO  util.JmxRegister (JmxRegister.java:tryRegister(44)) - Successfully registered JMX Bean with object name Ratis:service=RaftServer,group=group-5810ABB22441,id=03857d94-0829-4b29-a02a-96a6826905c2
2019-10-18 20:55:32,268 [pool-37-thread-1] WARN  impl.MetricRegistriesImpl (MetricRegistriesImpl.java:lambda$create$1(61)) - First MetricRegistry has been created without registering reporters. You may need to call MetricRegistries.global().addReportRegistration(...) before.
2019-10-18 20:55:32,268 [pool-47-thread-1] WARN  impl.MetricRegistriesImpl (MetricRegistriesImpl.java:lambda$create$1(61)) - First MetricRegistry has been created without registering reporters. You may need to call MetricRegistries.global().addReportRegistration(...) before.
2019-10-18 20:55:32,276 [RatisPipelineUtilsThread] INFO  pipeline.PipelineStateManager (PipelineStateManager.java:addPipeline(55)) - Created pipeline Pipeline[ Id: 7817ca0e-ea25-435a-b134-5810abb22441, Nodes: a8e8c8af-b52c-4c0a-be8a-5ae927a6c960{ip: 192.168.69.98, host: pr-hdds-1868-rxw48-2170960119, networkLocation: /default-rack, certSerialId: null}03857d94-0829-4b29-a02a-96a6826905c2{ip: 192.168.69.98, host: pr-hdds-1868-rxw48-2170960119, networkLocation: /default-rack, certSerialId: null}b305240d-f12b-4d5b-b01c-ced15363fe88{ip: 192.168.69.98, host: pr-hdds-1868-rxw48-2170960119, networkLocation: /default-rack, certSerialId: null}, Type:RATIS, Factor:THREE, State:ALLOCATED]
2019-10-18 20:55:32,331 [main] INFO  freon.RandomKeyGenerator (RandomKeyGenerator.java:call(283)) - Number of Threads: 10
2019-10-18 20:55:32,331 [main] INFO  freon.RandomKeyGenerator (RandomKeyGenerator.java:call(288)) - Number of Volumes: 1.
2019-10-18 20:55:32,331 [main] INFO  freon.RandomKeyGenerator (RandomKeyGenerator.java:call(289)) - Number of Buckets per Volume: 1.
2019-10-18 20:55:32,331 [main] INFO  freon.RandomKeyGenerator (RandomKeyGenerator.java:call(290)) - Number of Keys per Bucket: 1.
2019-10-18 20:55:32,331 [main] INFO  freon.RandomKeyGenerator (RandomKeyGenerator.java:call(291)) - Key size: 20971520 bytes
2019-10-18 20:55:32,332 [main] INFO  freon.RandomKeyGenerator (RandomKeyGenerator.java:call(292)) - Buffer size: 4096 bytes
2019-10-18 20:55:32,332 [main] INFO  freon.RandomKeyGenerator (RandomKeyGenerator.java:call(293)) - validateWrites : true
2019-10-18 20:55:32,333 [main] INFO  freon.RandomKeyGenerator (RandomKeyGenerator.java:call(307)) - Data validation is enabled.
2019-10-18 20:55:32,333 [main] INFO  freon.RandomKeyGenerator (RandomKeyGenerator.java:call(313)) - Starting progress bar Thread.

2019-10-18 20:55:32,334 [pool-59-thread-1] INFO  rpc.RpcClient (RpcClient.java:createVolume(272)) - Creating Volume: vol-0-59878, with jenkins1000 as owner.
 0.00% |?                                                                                                    |  0/1 Time: 0:00:002019-10-18 20:55:32,340 [IPC Server handler 3 on 37408] INFO  volume.OMVolumeCreateRequest (OMVolumeCreateRequest.java:validateAndUpdateCache(193)) - created volume:vol-0-59878 for user:jenkins1000
2019-10-18 20:55:32,353 [pool-59-thread-2] INFO  rpc.RpcClient (RpcClient.java:createBucket(411)) - Creating Bucket: vol-0-59878/bucket-0-87800, with Versioning false and Storage Type set to DISK and Encryption set to false 
2019-10-18 20:55:32,368 [IPC Server handler 9 on 37062] WARN  block.BlockManagerImpl (BlockManagerImpl.java:allocateBlock(200)) - Pipeline creation failed for type:RATIS factor:THREE. Retrying get pipelines call once.
org.apache.hadoop.hdds.scm.pipeline.InsufficientDatanodesException: Cannot create pipeline of factor 3 using 0 nodes.
	at org.apache.hadoop.hdds.scm.pipeline.RatisPipelineProvider.create(RatisPipelineProvider.java:153)
	at org.apache.hadoop.hdds.scm.pipeline.PipelineFactory.create(PipelineFactory.java:58)
	at org.apache.hadoop.hdds.scm.pipeline.SCMPipelineManager.createPipeline(SCMPipelineManager.java:155)
	at org.apache.hadoop.hdds.scm.block.BlockManagerImpl.allocateBlock(BlockManagerImpl.java:198)
	at org.apache.hadoop.hdds.scm.server.SCMBlockProtocolServer.allocateBlock(SCMBlockProtocolServer.java:182)
	at org.apache.hadoop.hdds.scm.protocol.ScmBlockLocationProtocolServerSideTranslatorPB.allocateScmBlock(ScmBlockLocationProtocolServerSideTranslatorPB.java:159)
	at org.apache.hadoop.hdds.scm.protocol.ScmBlockLocationProtocolServerSideTranslatorPB.processMessage(ScmBlockLocationProtocolServerSideTranslatorPB.java:117)
	at org.apache.hadoop.hdds.server.OzoneProtocolMessageDispatcher.processRequest(OzoneProtocolMessageDispatcher.java:72)
	at org.apache.hadoop.hdds.scm.protocol.ScmBlockLocationProtocolServerSideTranslatorPB.send(ScmBlockLocationProtocolServerSideTranslatorPB.java:98)
	at org.apache.hadoop.hdds.protocol.proto.ScmBlockLocationProtocolProtos$ScmBlockLocationProtocolService$2.callBlockingMethod(ScmBlockLocationProtocolProtos.java:13157)
	at org.apache.hadoop.ipc.ProtobufRpcEngine$Server$ProtoBufRpcInvoker.call(ProtobufRpcEngine.java:524)
	at org.apache.hadoop.ipc.RPC$Server.call(RPC.java:1025)
	at org.apache.hadoop.ipc.Server$RpcCall.run(Server.java:876)
	at org.apache.hadoop.ipc.Server$RpcCall.run(Server.java:822)
	at java.security.AccessController.doPrivileged(Native Method)
	at javax.security.auth.Subject.doAs(Subject.java:422)
	at org.apache.hadoop.security.UserGroupInformation.doAs(UserGroupInformation.java:1730)
	at org.apache.hadoop.ipc.Server$Handler.run(Server.java:2682)
2019-10-18 20:55:32,371 [IPC Server handler 9 on 37062] INFO  block.BlockManagerImpl (BlockManagerImpl.java:allocateBlock(212)) - Could not find available pipeline of type:RATIS and factor:THREE even after retrying
2019-10-18 20:55:32,371 [IPC Server handler 9 on 37062] ERROR block.BlockManagerImpl (BlockManagerImpl.java:allocateBlock(236)) - Unable to allocate a block for the size: 4194304, type: RATIS, factor: THREE
2019-10-18 20:55:32,374 [IPC Server handler 9 on 37062] WARN  block.BlockManagerImpl (BlockManagerImpl.java:allocateBlock(200)) - Pipeline creation failed for type:RATIS factor:THREE. Retrying get pipelines call once.
org.apache.hadoop.hdds.scm.pipeline.InsufficientDatanodesException: Cannot create pipeline of factor 3 using 0 nodes.
	at org.apache.hadoop.hdds.scm.pipeline.RatisPipelineProvider.create(RatisPipelineProvider.java:153)
	at org.apache.hadoop.hdds.scm.pipeline.PipelineFactory.create(PipelineFactory.java:58)
	at org.apache.hadoop.hdds.scm.pipeline.SCMPipelineManager.createPipeline(SCMPipelineManager.java:155)
	at org.apache.hadoop.hdds.scm.block.BlockManagerImpl.allocateBlock(BlockManagerImpl.java:198)
	at org.apache.hadoop.hdds.scm.server.SCMBlockProtocolServer.allocateBlock(SCMBlockProtocolServer.java:182)
	at org.apache.hadoop.hdds.scm.protocol.ScmBlockLocationProtocolServerSideTranslatorPB.allocateScmBlock(ScmBlockLocationProtocolServerSideTranslatorPB.java:159)
	at org.apache.hadoop.hdds.scm.protocol.ScmBlockLocationProtocolServerSideTranslatorPB.processMessage(ScmBlockLocationProtocolServerSideTranslatorPB.java:117)
	at org.apache.hadoop.hdds.server.OzoneProtocolMessageDispatcher.processRequest(OzoneProtocolMessageDispatcher.java:72)
	at org.apache.hadoop.hdds.scm.protocol.ScmBlockLocationProtocolServerSideTranslatorPB.send(ScmBlockLocationProtocolServerSideTranslatorPB.java:98)
	at org.apache.hadoop.hdds.protocol.proto.ScmBlockLocationProtocolProtos$ScmBlockLocationProtocolService$2.callBlockingMethod(ScmBlockLocationProtocolProtos.java:13157)
	at org.apache.hadoop.ipc.ProtobufRpcEngine$Server$ProtoBufRpcInvoker.call(ProtobufRpcEngine.java:524)
	at org.apache.hadoop.ipc.RPC$Server.call(RPC.java:1025)
	at org.apache.hadoop.ipc.Server$RpcCall.run(Server.java:876)
	at org.apache.hadoop.ipc.Server$RpcCall.run(Server.java:822)
	at java.security.AccessController.doPrivileged(Native Method)
	at javax.security.auth.Subject.doAs(Subject.java:422)
	at org.apache.hadoop.security.UserGroupInformation.doAs(UserGroupInformation.java:1730)
	at org.apache.hadoop.ipc.Server$Handler.run(Server.java:2682)
2019-10-18 20:55:32,375 [IPC Server handler 9 on 37062] INFO  block.BlockManagerImpl (BlockManagerImpl.java:allocateBlock(212)) - Could not find available pipeline of type:RATIS and factor:THREE even after retrying
2019-10-18 20:55:32,375 [IPC Server handler 9 on 37062] ERROR block.BlockManagerImpl (BlockManagerImpl.java:allocateBlock(236)) - Unable to allocate a block for the size: 4194304, type: RATIS, factor: THREE
2019-10-18 20:55:32,376 [IPC Server handler 9 on 37062] WARN  block.BlockManagerImpl (BlockManagerImpl.java:allocateBlock(200)) - Pipeline creation failed for type:RATIS factor:THREE. Retrying get pipelines call once.
org.apache.hadoop.hdds.scm.pipeline.InsufficientDatanodesException: Cannot create pipeline of factor 3 using 0 nodes.
	at org.apache.hadoop.hdds.scm.pipeline.RatisPipelineProvider.create(RatisPipelineProvider.java:153)
	at org.apache.hadoop.hdds.scm.pipeline.PipelineFactory.create(PipelineFactory.java:58)
	at org.apache.hadoop.hdds.scm.pipeline.SCMPipelineManager.createPipeline(SCMPipelineManager.java:155)
	at org.apache.hadoop.hdds.scm.block.BlockManagerImpl.allocateBlock(BlockManagerImpl.java:198)
	at org.apache.hadoop.hdds.scm.server.SCMBlockProtocolServer.allocateBlock(SCMBlockProtocolServer.java:182)
	at org.apache.hadoop.hdds.scm.protocol.ScmBlockLocationProtocolServerSideTranslatorPB.allocateScmBlock(ScmBlockLocationProtocolServerSideTranslatorPB.java:159)
	at org.apache.hadoop.hdds.scm.protocol.ScmBlockLocationProtocolServerSideTranslatorPB.processMessage(ScmBlockLocationProtocolServerSideTranslatorPB.java:117)
	at org.apache.hadoop.hdds.server.OzoneProtocolMessageDispatcher.processRequest(OzoneProtocolMessageDispatcher.java:72)
	at org.apache.hadoop.hdds.scm.protocol.ScmBlockLocationProtocolServerSideTranslatorPB.send(ScmBlockLocationProtocolServerSideTranslatorPB.java:98)
	at org.apache.hadoop.hdds.protocol.proto.ScmBlockLocationProtocolProtos$ScmBlockLocationProtocolService$2.callBlockingMethod(ScmBlockLocationProtocolProtos.java:13157)
	at org.apache.hadoop.ipc.ProtobufRpcEngine$Server$ProtoBufRpcInvoker.call(ProtobufRpcEngine.java:524)
	at org.apache.hadoop.ipc.RPC$Server.call(RPC.java:1025)
	at org.apache.hadoop.ipc.Server$RpcCall.run(Server.java:876)
	at org.apache.hadoop.ipc.Server$RpcCall.run(Server.java:822)
	at java.security.AccessController.doPrivileged(Native Method)
	at javax.security.auth.Subject.doAs(Subject.java:422)
	at org.apache.hadoop.security.UserGroupInformation.doAs(UserGroupInformation.java:1730)
	at org.apache.hadoop.ipc.Server$Handler.run(Server.java:2682)
2019-10-18 20:55:32,376 [IPC Server handler 9 on 37062] INFO  block.BlockManagerImpl (BlockManagerImpl.java:allocateBlock(212)) - Could not find available pipeline of type:RATIS and factor:THREE even after retrying
2019-10-18 20:55:32,376 [IPC Server handler 9 on 37062] ERROR block.BlockManagerImpl (BlockManagerImpl.java:allocateBlock(236)) - Unable to allocate a block for the size: 4194304, type: RATIS, factor: THREE
2019-10-18 20:55:32,377 [IPC Server handler 9 on 37062] WARN  block.BlockManagerImpl (BlockManagerImpl.java:allocateBlock(200)) - Pipeline creation failed for type:RATIS factor:THREE. Retrying get pipelines call once.
org.apache.hadoop.hdds.scm.pipeline.InsufficientDatanodesException: Cannot create pipeline of factor 3 using 0 nodes.
	at org.apache.hadoop.hdds.scm.pipeline.RatisPipelineProvider.create(RatisPipelineProvider.java:153)
	at org.apache.hadoop.hdds.scm.pipeline.PipelineFactory.create(PipelineFactory.java:58)
	at org.apache.hadoop.hdds.scm.pipeline.SCMPipelineManager.createPipeline(SCMPipelineManager.java:155)
	at org.apache.hadoop.hdds.scm.block.BlockManagerImpl.allocateBlock(BlockManagerImpl.java:198)
	at org.apache.hadoop.hdds.scm.server.SCMBlockProtocolServer.allocateBlock(SCMBlockProtocolServer.java:182)
	at org.apache.hadoop.hdds.scm.protocol.ScmBlockLocationProtocolServerSideTranslatorPB.allocateScmBlock(ScmBlockLocationProtocolServerSideTranslatorPB.java:159)
	at org.apache.hadoop.hdds.scm.protocol.ScmBlockLocationProtocolServerSideTranslatorPB.processMessage(ScmBlockLocationProtocolServerSideTranslatorPB.java:117)
	at org.apache.hadoop.hdds.server.OzoneProtocolMessageDispatcher.processRequest(OzoneProtocolMessageDispatcher.java:72)
	at org.apache.hadoop.hdds.scm.protocol.ScmBlockLocationProtocolServerSideTranslatorPB.send(ScmBlockLocationProtocolServerSideTranslatorPB.java:98)
	at org.apache.hadoop.hdds.protocol.proto.ScmBlockLocationProtocolProtos$ScmBlockLocationProtocolService$2.callBlockingMethod(ScmBlockLocationProtocolProtos.java:13157)
	at org.apache.hadoop.ipc.ProtobufRpcEngine$Server$ProtoBufRpcInvoker.call(ProtobufRpcEngine.java:524)
	at org.apache.hadoop.ipc.RPC$Server.call(RPC.java:1025)
	at org.apache.hadoop.ipc.Server$RpcCall.run(Server.java:876)
	at org.apache.hadoop.ipc.Server$RpcCall.run(Server.java:822)
	at java.security.AccessController.doPrivileged(Native Method)
	at javax.security.auth.Subject.doAs(Subject.java:422)
	at org.apache.hadoop.security.UserGroupInformation.doAs(UserGroupInformation.java:1730)
	at org.apache.hadoop.ipc.Server$Handler.run(Server.java:2682)
2019-10-18 20:55:32,378 [IPC Server handler 9 on 37062] INFO  block.BlockManagerImpl (BlockManagerImpl.java:allocateBlock(212)) - Could not find available pipeline of type:RATIS and factor:THREE even after retrying
2019-10-18 20:55:32,378 [IPC Server handler 9 on 37062] ERROR block.BlockManagerImpl (BlockManagerImpl.java:allocateBlock(236)) - Unable to allocate a block for the size: 4194304, type: RATIS, factor: THREE
2019-10-18 20:55:32,378 [IPC Server handler 9 on 37062] WARN  block.BlockManagerImpl (BlockManagerImpl.java:allocateBlock(200)) - Pipeline creation failed for type:RATIS factor:THREE. Retrying get pipelines call once.
org.apache.hadoop.hdds.scm.pipeline.InsufficientDatanodesException: Cannot create pipeline of factor 3 using 0 nodes.
	at org.apache.hadoop.hdds.scm.pipeline.RatisPipelineProvider.create(RatisPipelineProvider.java:153)
	at org.apache.hadoop.hdds.scm.pipeline.PipelineFactory.create(PipelineFactory.java:58)
	at org.apache.hadoop.hdds.scm.pipeline.SCMPipelineManager.createPipeline(SCMPipelineManager.java:155)
	at org.apache.hadoop.hdds.scm.block.BlockManagerImpl.allocateBlock(BlockManagerImpl.java:198)
	at org.apache.hadoop.hdds.scm.server.SCMBlockProtocolServer.allocateBlock(SCMBlockProtocolServer.java:182)
	at org.apache.hadoop.hdds.scm.protocol.ScmBlockLocationProtocolServerSideTranslatorPB.allocateScmBlock(ScmBlockLocationProtocolServerSideTranslatorPB.java:159)
	at org.apache.hadoop.hdds.scm.protocol.ScmBlockLocationProtocolServerSideTranslatorPB.processMessage(ScmBlockLocationProtocolServerSideTranslatorPB.java:117)
	at org.apache.hadoop.hdds.server.OzoneProtocolMessageDispatcher.processRequest(OzoneProtocolMessageDispatcher.java:72)
	at org.apache.hadoop.hdds.scm.protocol.ScmBlockLocationProtocolServerSideTranslatorPB.send(ScmBlockLocationProtocolServerSideTranslatorPB.java:98)
	at org.apache.hadoop.hdds.protocol.proto.ScmBlockLocationProtocolProtos$ScmBlockLocationProtocolService$2.callBlockingMethod(ScmBlockLocationProtocolProtos.java:13157)
	at org.apache.hadoop.ipc.ProtobufRpcEngine$Server$ProtoBufRpcInvoker.call(ProtobufRpcEngine.java:524)
	at org.apache.hadoop.ipc.RPC$Server.call(RPC.java:1025)
	at org.apache.hadoop.ipc.Server$RpcCall.run(Server.java:876)
	at org.apache.hadoop.ipc.Server$RpcCall.run(Server.java:822)
	at java.security.AccessController.doPrivileged(Native Method)
	at javax.security.auth.Subject.doAs(Subject.java:422)
	at org.apache.hadoop.security.UserGroupInformation.doAs(UserGroupInformation.java:1730)
	at org.apache.hadoop.ipc.Server$Handler.run(Server.java:2682)
2019-10-18 20:55:32,379 [IPC Server handler 9 on 37062] INFO  block.BlockManagerImpl (BlockManagerImpl.java:allocateBlock(212)) - Could not find available pipeline of type:RATIS and factor:THREE even after retrying
2019-10-18 20:55:32,379 [IPC Server handler 9 on 37062] ERROR block.BlockManagerImpl (BlockManagerImpl.java:allocateBlock(236)) - Unable to allocate a block for the size: 4194304, type: RATIS, factor: THREE
2019-10-18 20:55:32,383 [pool-59-thread-3] ERROR freon.RandomKeyGenerator (RandomKeyGenerator.java:createKey(733)) - Exception while adding key: key-0-64120 in bucket: bucket-0-87800 of volume: vol-0-59878.
INTERNAL_ERROR org.apache.hadoop.ozone.om.exceptions.OMException: Allocated 0 blocks. Requested 5 blocks
	at org.apache.hadoop.ozone.om.protocolPB.OzoneManagerProtocolClientSideTranslatorPB.handleError(OzoneManagerProtocolClientSideTranslatorPB.java:732)
	at org.apache.hadoop.ozone.om.protocolPB.OzoneManagerProtocolClientSideTranslatorPB.openKey(OzoneManagerProtocolClientSideTranslatorPB.java:723)
	at sun.reflect.NativeMethodAccessorImpl.invoke0(Native Method)
	at sun.reflect.NativeMethodAccessorImpl.invoke(NativeMethodAccessorImpl.java:62)
	at sun.reflect.DelegatingMethodAccessorImpl.invoke(DelegatingMethodAccessorImpl.java:43)
	at java.lang.reflect.Method.invoke(Method.java:498)
	at org.apache.hadoop.hdds.tracing.TraceAllMethod.invoke(TraceAllMethod.java:66)
	at com.sun.proxy.$Proxy37.openKey(Unknown Source)
	at org.apache.hadoop.ozone.client.rpc.RpcClient.createKey(RpcClient.java:614)
	at org.apache.hadoop.ozone.client.OzoneBucket.createKey(OzoneBucket.java:325)
	at org.apache.hadoop.ozone.freon.RandomKeyGenerator.createKey(RandomKeyGenerator.java:695)
	at org.apache.hadoop.ozone.freon.RandomKeyGenerator.access$1100(RandomKeyGenerator.java:88)
	at org.apache.hadoop.ozone.freon.RandomKeyGenerator$ObjectCreator.run(RandomKeyGenerator.java:615)
	at java.util.concurrent.Executors$RunnableAdapter.call(Executors.java:511)
	at java.util.concurrent.FutureTask.run(FutureTask.java:266)
	at java.util.concurrent.ThreadPoolExecutor.runWorker(ThreadPoolExecutor.java:1149)
	at java.util.concurrent.ThreadPoolExecutor$Worker.run(ThreadPoolExecutor.java:624)
	at java.lang.Thread.run(Thread.java:748)
 0.00% |?                                                                                                    |  0/1 Time: 0:00:01 0.00% |?                                                                                                    |  0/1 Time: 0:00:02 0.00% |?                                                                                                    |  0/1 Time: 0:00:03 0.00% |?                                                                                                    |  0/1 Time: 0:00:042019-10-18 20:55:37,265 [Thread-489] INFO  impl.FollowerState (FollowerState.java:run(111)) - a8e8c8af-b52c-4c0a-be8a-5ae927a6c960@group-5810ABB22441-FollowerState: change to CANDIDATE, lastRpcTime:5002ms, electionTimeout:5000ms
2019-10-18 20:55:37,266 [Thread-489] INFO  impl.RoleInfo (RoleInfo.java:shutdownFollowerState(121)) - a8e8c8af-b52c-4c0a-be8a-5ae927a6c960: shutdown FollowerState
2019-10-18 20:55:37,266 [Thread-489] INFO  impl.RaftServerImpl (RaftServerImpl.java:setRole(173)) - a8e8c8af-b52c-4c0a-be8a-5ae927a6c960@group-5810ABB22441: changes role from  FOLLOWER to CANDIDATE at term 0 for changeToCandidate
2019-10-18 20:55:37,266 [Thread-489] INFO  impl.RoleInfo (RoleInfo.java:updateAndGet(143)) - a8e8c8af-b52c-4c0a-be8a-5ae927a6c960: start LeaderElection
2019-10-18 20:55:37,285 [a8e8c8af-b52c-4c0a-be8a-5ae927a6c960@group-5810ABB22441-LeaderElection6] INFO  impl.LeaderElection (LeaderElection.java:askForVotes(178)) - a8e8c8af-b52c-4c0a-be8a-5ae927a6c960@group-5810ABB22441-LeaderElection6: begin an election at term 1 for -1: [a8e8c8af-b52c-4c0a-be8a-5ae927a6c960:192.168.69.98:37745, b305240d-f12b-4d5b-b01c-ced15363fe88:192.168.69.98:46566, 03857d94-0829-4b29-a02a-96a6826905c2:192.168.69.98:37908], old=null
2019-10-18 20:55:37,298 [grpc-default-executor-2] INFO  impl.RaftServerImpl (RaftServerImpl.java:setRole(173)) - b305240d-f12b-4d5b-b01c-ced15363fe88@group-5810ABB22441: changes role from  FOLLOWER to FOLLOWER at term 1 for recognizeCandidate:a8e8c8af-b52c-4c0a-be8a-5ae927a6c960
2019-10-18 20:55:37,299 [grpc-default-executor-2] INFO  impl.RoleInfo (RoleInfo.java:shutdownFollowerState(121)) - b305240d-f12b-4d5b-b01c-ced15363fe88: shutdown FollowerState
2019-10-18 20:55:37,298 [grpc-default-executor-0] INFO  impl.RaftServerImpl (RaftServerImpl.java:setRole(173)) - 03857d94-0829-4b29-a02a-96a6826905c2@group-5810ABB22441: changes role from  FOLLOWER to FOLLOWER at term 1 for recognizeCandidate:a8e8c8af-b52c-4c0a-be8a-5ae927a6c960
2019-10-18 20:55:37,299 [Thread-491] INFO  impl.FollowerState (FollowerState.java:run(120)) - b305240d-f12b-4d5b-b01c-ced15363fe88@group-5810ABB22441-FollowerState was interrupted: java.lang.InterruptedException: sleep interrupted
2019-10-18 20:55:37,299 [grpc-default-executor-0] INFO  impl.RoleInfo (RoleInfo.java:shutdownFollowerState(121)) - 03857d94-0829-4b29-a02a-96a6826905c2: shutdown FollowerState
2019-10-18 20:55:37,299 [grpc-default-executor-2] INFO  impl.RoleInfo (RoleInfo.java:updateAndGet(143)) - b305240d-f12b-4d5b-b01c-ced15363fe88: start FollowerState
2019-10-18 20:55:37,300 [grpc-default-executor-0] INFO  impl.RoleInfo (RoleInfo.java:updateAndGet(143)) - 03857d94-0829-4b29-a02a-96a6826905c2: start FollowerState
2019-10-18 20:55:37,300 [Thread-493] INFO  impl.FollowerState (FollowerState.java:run(120)) - 03857d94-0829-4b29-a02a-96a6826905c2@group-5810ABB22441-FollowerState was interrupted: java.lang.InterruptedException: sleep interrupted
2019-10-18 20:55:37,318 [a8e8c8af-b52c-4c0a-be8a-5ae927a6c960@group-5810ABB22441-LeaderElection6] INFO  impl.LeaderElection (LeaderElection.java:logAndReturn(56)) - a8e8c8af-b52c-4c0a-be8a-5ae927a6c960@group-5810ABB22441-LeaderElection6: Election PASSED; received 1 response(s) [a8e8c8af-b52c-4c0a-be8a-5ae927a6c960<-b305240d-f12b-4d5b-b01c-ced15363fe88#0:OK-t1] and 0 exception(s); a8e8c8af-b52c-4c0a-be8a-5ae927a6c960@group-5810ABB22441:t1, leader=null, voted=a8e8c8af-b52c-4c0a-be8a-5ae927a6c960, raftlog=a8e8c8af-b52c-4c0a-be8a-5ae927a6c960@group-5810ABB22441-SegmentedRaftLog:OPENED:c-1,f-1,i0, conf=-1: [a8e8c8af-b52c-4c0a-be8a-5ae927a6c960:192.168.69.98:37745, b305240d-f12b-4d5b-b01c-ced15363fe88:192.168.69.98:46566, 03857d94-0829-4b29-a02a-96a6826905c2:192.168.69.98:37908], old=null
2019-10-18 20:55:37,318 [a8e8c8af-b52c-4c0a-be8a-5ae927a6c960@group-5810ABB22441-LeaderElection6] INFO  impl.RoleInfo (RoleInfo.java:shutdownLeaderElection(134)) - a8e8c8af-b52c-4c0a-be8a-5ae927a6c960: shutdown LeaderElection
2019-10-18 20:55:37,319 [a8e8c8af-b52c-4c0a-be8a-5ae927a6c960@group-5810ABB22441-LeaderElection6] INFO  impl.RaftServerImpl (RaftServerImpl.java:setRole(173)) - a8e8c8af-b52c-4c0a-be8a-5ae927a6c960@group-5810ABB22441: changes role from CANDIDATE to LEADER at term 1 for changeToLeader
2019-10-18 20:55:37,320 [a8e8c8af-b52c-4c0a-be8a-5ae927a6c960@group-5810ABB22441-LeaderElection6] INFO  ratis.XceiverServerRatis (XceiverServerRatis.java:handleLeaderChangedNotification(699)) - Leader change notification received for group: group-5810ABB22441 with new leaderId: a8e8c8af-b52c-4c0a-be8a-5ae927a6c960
2019-10-18 20:55:37,320 [a8e8c8af-b52c-4c0a-be8a-5ae927a6c960@group-5810ABB22441-LeaderElection6] INFO  impl.RaftServerImpl (ServerState.java:setLeader(255)) - a8e8c8af-b52c-4c0a-be8a-5ae927a6c960@group-5810ABB22441: change Leader from null to a8e8c8af-b52c-4c0a-be8a-5ae927a6c960 at term 1 for becomeLeader, leader elected after 5069ms
2019-10-18 20:55:37,321 [a8e8c8af-b52c-4c0a-be8a-5ae927a6c960@group-5810ABB22441-LeaderElection6] INFO  server.RaftServerConfigKeys (ConfUtils.java:logGet(43)) - raft.server.staging.catchup.gap = 1000 (default)
2019-10-18 20:55:37,321 [a8e8c8af-b52c-4c0a-be8a-5ae927a6c960@group-5810ABB22441-LeaderElection6] INFO  server.RaftServerConfigKeys (ConfUtils.java:logGet(43)) - raft.server.rpc.sleep.time = 25ms (default)
2019-10-18 20:55:37,321 [a8e8c8af-b52c-4c0a-be8a-5ae927a6c960@group-5810ABB22441-LeaderElection6] INFO  server.RaftServerConfigKeys (ConfUtils.java:logGet(43)) - raft.server.write.element-limit = 4096 (default)
2019-10-18 20:55:37,322 [a8e8c8af-b52c-4c0a-be8a-5ae927a6c960@group-5810ABB22441-LeaderElection6] INFO  server.RaftServerConfigKeys (ConfUtils.java:logGet(43)) - raft.server.watch.timeout = 10s (default)
2019-10-18 20:55:37,322 [a8e8c8af-b52c-4c0a-be8a-5ae927a6c960@group-5810ABB22441-LeaderElection6] INFO  server.RaftServerConfigKeys (ConfUtils.java:logGet(43)) - raft.server.watch.timeout.denomination = 1s (default)
2019-10-18 20:55:37,322 [a8e8c8af-b52c-4c0a-be8a-5ae927a6c960@group-5810ABB22441-LeaderElection6] INFO  server.RaftServerConfigKeys (ConfUtils.java:logGet(43)) - raft.server.watch.element-limit = 65536 (default)
2019-10-18 20:55:37,322 [a8e8c8af-b52c-4c0a-be8a-5ae927a6c960@group-5810ABB22441-LeaderElection6] INFO  server.RaftServerConfigKeys (ConfUtils.java:logGet(43)) - raft.server.log.appender.snapshot.chunk.size.max = 16MB (=16777216) (default)
2019-10-18 20:55:37,323 [a8e8c8af-b52c-4c0a-be8a-5ae927a6c960@group-5810ABB22441-LeaderElection6] INFO  server.RaftServerConfigKeys (ConfUtils.java:logGet(43)) - raft.server.log.appender.buffer.byte-limit = 33554432 (custom)
2019-10-18 20:55:37,323 [a8e8c8af-b52c-4c0a-be8a-5ae927a6c960@group-5810ABB22441-LeaderElection6] INFO  server.RaftServerConfigKeys (ConfUtils.java:logGet(43)) - raft.server.log.appender.buffer.element-limit = 1 (custom)
2019-10-18 20:55:37,323 [EventQueue-PipelineReportForPipelineReportHandler] INFO  pipeline.PipelineReportHandler (PipelineReportHandler.java:processPipelineReport(119)) - Pipeline PipelineID=7817ca0e-ea25-435a-b134-5810abb22441 reported by a8e8c8af-b52c-4c0a-be8a-5ae927a6c960{ip: 192.168.69.98, host: pr-hdds-1868-rxw48-2170960119, networkLocation: /default-rack, certSerialId: null} with leaderId a8e8c8af-b52c-4c0a-be8a-5ae927a6c960
2019-10-18 20:55:37,324 [a8e8c8af-b52c-4c0a-be8a-5ae927a6c960@group-5810ABB22441-LeaderElection6] INFO  grpc.GrpcConfigKeys$Server (ConfUtils.java:logGet(43)) - raft.grpc.server.leader.outstanding.appends.max = 128 (default)
2019-10-18 20:55:37,325 [a8e8c8af-b52c-4c0a-be8a-5ae927a6c960@group-5810ABB22441-LeaderElection6] INFO  server.RaftServerConfigKeys (ConfUtils.java:logGet(43)) - raft.server.rpc.request.timeout = 3000ms (default)
2019-10-18 20:55:37,325 [a8e8c8af-b52c-4c0a-be8a-5ae927a6c960@group-5810ABB22441-LeaderElection6] INFO  server.RaftServerConfigKeys (ConfUtils.java:logGet(43)) - raft.server.log.appender.install.snapshot.enabled = false (custom)
2019-10-18 20:55:37,326 [a8e8c8af-b52c-4c0a-be8a-5ae927a6c960@group-5810ABB22441-LeaderElection6] WARN  impl.MetricRegistriesImpl (MetricRegistriesImpl.java:lambda$create$1(61)) - First MetricRegistry has been created without registering reporters. You may need to call MetricRegistries.global().addReportRegistration(...) before.
2019-10-18 20:55:37,326 [a8e8c8af-b52c-4c0a-be8a-5ae927a6c960@group-5810ABB22441-LeaderElection6] INFO  server.RaftServerConfigKeys (ConfUtils.java:logGet(43)) - raft.server.log.appender.snapshot.chunk.size.max = 16MB (=16777216) (default)
2019-10-18 20:55:37,326 [a8e8c8af-b52c-4c0a-be8a-5ae927a6c960@group-5810ABB22441-LeaderElection6] INFO  server.RaftServerConfigKeys (ConfUtils.java:logGet(43)) - raft.server.log.appender.buffer.byte-limit = 33554432 (custom)
2019-10-18 20:55:37,326 [a8e8c8af-b52c-4c0a-be8a-5ae927a6c960@group-5810ABB22441-LeaderElection6] INFO  server.RaftServerConfigKeys (ConfUtils.java:logGet(43)) - raft.server.log.appender.buffer.element-limit = 1 (custom)
2019-10-18 20:55:37,327 [a8e8c8af-b52c-4c0a-be8a-5ae927a6c960@group-5810ABB22441-LeaderElection6] INFO  grpc.GrpcConfigKeys$Server (ConfUtils.java:logGet(43)) - raft.grpc.server.leader.outstanding.appends.max = 128 (default)
2019-10-18 20:55:37,327 [a8e8c8af-b52c-4c0a-be8a-5ae927a6c960@group-5810ABB22441-LeaderElection6] INFO  server.RaftServerConfigKeys (ConfUtils.java:logGet(43)) - raft.server.rpc.request.timeout = 3000ms (default)
2019-10-18 20:55:37,327 [a8e8c8af-b52c-4c0a-be8a-5ae927a6c960@group-5810ABB22441-LeaderElection6] INFO  server.RaftServerConfigKeys (ConfUtils.java:logGet(43)) - raft.server.log.appender.install.snapshot.enabled = false (custom)
2019-10-18 20:55:37,327 [a8e8c8af-b52c-4c0a-be8a-5ae927a6c960@group-5810ABB22441-LeaderElection6] INFO  impl.RoleInfo (RoleInfo.java:updateAndGet(143)) - a8e8c8af-b52c-4c0a-be8a-5ae927a6c960: start LeaderState
2019-10-18 20:55:37,328 [a8e8c8af-b52c-4c0a-be8a-5ae927a6c960@group-5810ABB22441-LeaderElection6] INFO  segmented.SegmentedRaftLogWorker (SegmentedRaftLogWorker.java:startLogSegment(385)) - a8e8c8af-b52c-4c0a-be8a-5ae927a6c960@group-5810ABB22441-SegmentedRaftLogWorker: Starting segment from index:0
2019-10-18 20:55:37,329 [a8e8c8af-b52c-4c0a-be8a-5ae927a6c960@group-5810ABB22441-LeaderElection6] INFO  impl.RaftServerImpl (ServerState.java:setRaftConf(356)) - a8e8c8af-b52c-4c0a-be8a-5ae927a6c960@group-5810ABB22441: set configuration 0: [a8e8c8af-b52c-4c0a-be8a-5ae927a6c960:192.168.69.98:37745, b305240d-f12b-4d5b-b01c-ced15363fe88:192.168.69.98:46566, 03857d94-0829-4b29-a02a-96a6826905c2:192.168.69.98:37908], old=null at 0
 0.00% |?                                                                                                    |  0/1 Time: 0:00:052019-10-18 20:55:37,371 [grpc-default-executor-0] INFO  ratis.XceiverServerRatis (XceiverServerRatis.java:handleLeaderChangedNotification(699)) - Leader change notification received for group: group-5810ABB22441 with new leaderId: a8e8c8af-b52c-4c0a-be8a-5ae927a6c960
2019-10-18 20:55:37,372 [grpc-default-executor-2] INFO  ratis.XceiverServerRatis (XceiverServerRatis.java:handleLeaderChangedNotification(699)) - Leader change notification received for group: group-5810ABB22441 with new leaderId: a8e8c8af-b52c-4c0a-be8a-5ae927a6c960
2019-10-18 20:55:37,372 [grpc-default-executor-0] INFO  impl.RaftServerImpl (ServerState.java:setLeader(255)) - b305240d-f12b-4d5b-b01c-ced15363fe88@group-5810ABB22441: change Leader from null to a8e8c8af-b52c-4c0a-be8a-5ae927a6c960 at term 1 for appendEntries, leader elected after 5120ms
2019-10-18 20:55:37,373 [grpc-default-executor-2] INFO  impl.RaftServerImpl (ServerState.java:setLeader(255)) - 03857d94-0829-4b29-a02a-96a6826905c2@group-5810ABB22441: change Leader from null to a8e8c8af-b52c-4c0a-be8a-5ae927a6c960 at term 1 for appendEntries, leader elected after 5121ms
2019-10-18 20:55:37,374 [EventQueue-PipelineReportForPipelineReportHandler] INFO  pipeline.PipelineReportHandler (PipelineReportHandler.java:processPipelineReport(119)) - Pipeline PipelineID=7817ca0e-ea25-435a-b134-5810abb22441 reported by b305240d-f12b-4d5b-b01c-ced15363fe88{ip: 192.168.69.98, host: pr-hdds-1868-rxw48-2170960119, networkLocation: /default-rack, certSerialId: null} with leaderId a8e8c8af-b52c-4c0a-be8a-5ae927a6c960
2019-10-18 20:55:37,375 [EventQueue-PipelineReportForPipelineReportHandler] INFO  pipeline.PipelineReportHandler (PipelineReportHandler.java:processPipelineReport(119)) - Pipeline PipelineID=7817ca0e-ea25-435a-b134-5810abb22441 reported by 03857d94-0829-4b29-a02a-96a6826905c2{ip: 192.168.69.98, host: pr-hdds-1868-rxw48-2170960119, networkLocation: /default-rack, certSerialId: null} with leaderId a8e8c8af-b52c-4c0a-be8a-5ae927a6c960
2019-10-18 20:55:37,375 [EventQueue-PipelineReportForPipelineReportHandler] INFO  pipeline.PipelineStateManager (PipelineStateManager.java:openPipeline(134)) - Pipeline Pipeline[ Id: 7817ca0e-ea25-435a-b134-5810abb22441, Nodes: a8e8c8af-b52c-4c0a-be8a-5ae927a6c960{ip: 192.168.69.98, host: pr-hdds-1868-rxw48-2170960119, networkLocation: /default-rack, certSerialId: null}03857d94-0829-4b29-a02a-96a6826905c2{ip: 192.168.69.98, host: pr-hdds-1868-rxw48-2170960119, networkLocation: /default-rack, certSerialId: null}b305240d-f12b-4d5b-b01c-ced15363fe88{ip: 192.168.69.98, host: pr-hdds-1868-rxw48-2170960119, networkLocation: /default-rack, certSerialId: null}, Type:RATIS, Factor:THREE, State:OPEN] moved to OPEN state
2019-10-18 20:55:37,376 [grpc-default-executor-0] INFO  impl.RaftServerImpl (ServerState.java:setRaftConf(356)) - 03857d94-0829-4b29-a02a-96a6826905c2@group-5810ABB22441: set configuration 0: [a8e8c8af-b52c-4c0a-be8a-5ae927a6c960:192.168.69.98:37745, b305240d-f12b-4d5b-b01c-ced15363fe88:192.168.69.98:46566, 03857d94-0829-4b29-a02a-96a6826905c2:192.168.69.98:37908], old=null at 0
2019-10-18 20:55:37,376 [grpc-default-executor-2] INFO  impl.RaftServerImpl (ServerState.java:setRaftConf(356)) - b305240d-f12b-4d5b-b01c-ced15363fe88@group-5810ABB22441: set configuration 0: [a8e8c8af-b52c-4c0a-be8a-5ae927a6c960:192.168.69.98:37745, b305240d-f12b-4d5b-b01c-ced15363fe88:192.168.69.98:46566, 03857d94-0829-4b29-a02a-96a6826905c2:192.168.69.98:37908], old=null at 0
2019-10-18 20:55:37,377 [grpc-default-executor-0] INFO  segmented.SegmentedRaftLogWorker (SegmentedRaftLogWorker.java:startLogSegment(385)) - 03857d94-0829-4b29-a02a-96a6826905c2@group-5810ABB22441-SegmentedRaftLogWorker: Starting segment from index:0
2019-10-18 20:55:37,378 [grpc-default-executor-2] INFO  segmented.SegmentedRaftLogWorker (SegmentedRaftLogWorker.java:startLogSegment(385)) - b305240d-f12b-4d5b-b01c-ced15363fe88@group-5810ABB22441-SegmentedRaftLogWorker: Starting segment from index:0
2019-10-18 20:55:37,391 [a8e8c8af-b52c-4c0a-be8a-5ae927a6c960@group-5810ABB22441-SegmentedRaftLogWorker] INFO  segmented.SegmentedRaftLogWorker (SegmentedRaftLogWorker.java:execute(576)) - a8e8c8af-b52c-4c0a-be8a-5ae927a6c960@group-5810ABB22441-SegmentedRaftLogWorker: created new log segment /workdir/hadoop-ozone/tools/target/test-dir/MiniOzoneClusterImpl-7ffb0c6d-bf6f-42b9-8db5-48ab626f9bc5/datanode-0/data/ratis/7817ca0e-ea25-435a-b134-5810abb22441/current/log_inprogress_0
2019-10-18 20:55:37,417 [b305240d-f12b-4d5b-b01c-ced15363fe88@group-5810ABB22441-SegmentedRaftLogWorker] INFO  segmented.SegmentedRaftLogWorker (SegmentedRaftLogWorker.java:execute(576)) - b305240d-f12b-4d5b-b01c-ced15363fe88@group-5810ABB22441-SegmentedRaftLogWorker: created new log segment /workdir/hadoop-ozone/tools/target/test-dir/MiniOzoneClusterImpl-7ffb0c6d-bf6f-42b9-8db5-48ab626f9bc5/datanode-1/data/ratis/7817ca0e-ea25-435a-b134-5810abb22441/current/log_inprogress_0
2019-10-18 20:55:37,421 [03857d94-0829-4b29-a02a-96a6826905c2@group-5810ABB22441-SegmentedRaftLogWorker] INFO  segmented.SegmentedRaftLogWorker (SegmentedRaftLogWorker.java:execute(576)) - 03857d94-0829-4b29-a02a-96a6826905c2@group-5810ABB22441-SegmentedRaftLogWorker: created new log segment /workdir/hadoop-ozone/tools/target/test-dir/MiniOzoneClusterImpl-7ffb0c6d-bf6f-42b9-8db5-48ab626f9bc5/datanode-2/data/ratis/7817ca0e-ea25-435a-b134-5810abb22441/current/log_inprogress_0
 100.00% |?????????????????????????????????????????????????????????????????????????????????????????????????????|  1/1 Time: 0:00:06
]]></system-out>
    <system-err><![CDATA[ERROR StatusLogger No Log4j 2 configuration file found. Using default configuration (logging only errors to the console), or user programmatically provided configurations. Set system property 'log4j2.debug' to show Log4j 2 internal initialization logging. See https://logging.apache.org/log4j/2.x/manual/configuration.html for instructions on how to configure Log4j 2
]]></system-err>
  </testcase>
</testsuite>